{"repo":{"user":"Starry-OS","repo":"of"},"data":[{"user":"Starry-OS","repo":"of","pkg":"of","count":10,"raw_reports":[{"file":"[semver checks]","count":4,"kinds":{"Semver Violation":["pkg=of, checker=SemverChecks\ntoolchain=nightly-2024-12-25-x86_64-unknown-linux-gnu, target=aarch64-unknown-none\npkg_dir=/home/runner/check/batch_2/Starry-OS/of\ncmd=cargo +nightly-2024-12-25-x86_64-unknown-linux-gnu semver-checks --target aarch64-unknown-none\n\n\nstdout:\n\nstderr:\n    Building of v0.1.0 (current)\nerror: running cargo-doc on crate 'of' failed with output:\n-----\nerror: output of --print=file-names missing when learning about target-specific information from rustc\ncommand was: `/home/runner/.rustup/toolchains/nightly-2024-12-25-x86_64-unknown-linux-gnu/bin/rustc - --crate-name ___ --print=file-names --cap-lints=allow --target aarch64-unknown-none --crate-type bin --crate-type rlib --crate-type dylib --crate-type cdylib --crate-type staticlib --crate-type proc-macro --print=sysroot --print=split-debuginfo --print=crate-name --print=cfg`\n\n--- stdout\n___\nlib___.rlib\nlib___.a\n/home/runner/.rustup/toolchains/nightly-2024-12-25-x86_64-unknown-linux-gnu\noff\n___\ndebug_assertions\nfmt_debug=\"full\"\noverflow_checks\npanic=\"abort\"\nproc_macro\nrelocation_model=\"static\"\ntarget_abi=\"\"\ntarget_arch=\"aarch64\"\ntarget_endian=\"little\"\ntarget_env=\"\"\ntarget_feature=\"neon\"\ntarget_has_atomic\ntarget_has_atomic=\"128\"\ntarget_has_atomic=\"16\"\ntarget_has_atomic=\"32\"\ntarget_has_atomic=\"64\"\ntarget_has_atomic=\"8\"\ntarget_has_atomic=\"ptr\"\ntarget_has_atomic_equal_alignment=\"128\"\ntarget_has_atomic_equal_alignment=\"16\"\ntarget_has_atomic_equal_alignment=\"32\"\ntarget_has_atomic_equal_alignment=\"64\"\ntarget_has_atomic_equal_alignment=\"8\"\ntarget_has_atomic_equal_alignment=\"ptr\"\ntarget_has_atomic_load_store\ntarget_has_atomic_load_store=\"128\"\ntarget_has_atomic_load_store=\"16\"\ntarget_has_atomic_load_store=\"32\"\ntarget_has_atomic_load_store=\"64\"\ntarget_has_atomic_load_store=\"8\"\ntarget_has_atomic_load_store=\"ptr\"\ntarget_os=\"none\"\ntarget_pointer_width=\"64\"\ntarget_vendor=\"unknown\"\nub_checks\n\n\n-----\n\nerror: failed to build rustdoc for crate of v0.1.0\nnote: this is usually due to a compilation error in the crate,\n      and is unlikely to be a bug in cargo-semver-checks\nnote: the following command can be used to reproduce the compilation error:\n      cargo new --lib example &&\n          cd example &&\n          echo '[workspace]' >> Cargo.toml &&\n          cargo add --path /home/runner/check/batch_2/Starry-OS/of &&\n          cargo check\n\nerror: aborting due to failure to build rustdoc for crate of v0.1.0\n","pkg=of, checker=SemverChecks\ntoolchain=nightly-2024-12-25-x86_64-unknown-linux-gnu, target=x86_64-unknown-linux-gnu\npkg_dir=/home/runner/check/batch_2/Starry-OS/of\ncmd=cargo +nightly-2024-12-25-x86_64-unknown-linux-gnu semver-checks --target x86_64-unknown-linux-gnu\n\n\nstdout:\n\n--- failure feature_missing: package feature removed or renamed ---\n\nDescription:\nA feature has been removed from this package's Cargo.toml. This will break downstream crates which enable that feature.\n        ref: https://doc.rust-lang.org/cargo/reference/semver.html#cargo-feature-remove\n       impl: https://github.com/obi1kenobi/cargo-semver-checks/tree/v0.38.0/src/lints/feature_missing.ron\n\nFailed in:\n  feature std in the package's Cargo.toml\n\n--- failure function_missing: pub fn removed or renamed ---\n\nDescription:\nA publicly-visible function cannot be imported by its prior path. A `pub use` may have been removed, or the function itself may have been renamed or removed entirely.\n        ref: https://doc.rust-lang.org/cargo/reference/semver.html#item-remove\n       impl: https://github.com/obi1kenobi/cargo-semver-checks/tree/v0.38.0/src/lints/function_missing.ron\n\nFailed in:\n  function of::map_registers, previously in file /home/runner/.cargo/registry/src/index.crates.io-1949cf8c6b5b557f/of-0.1.0/src/of.rs:826\n\n--- failure module_missing: pub module removed or renamed ---\n\nDescription:\nA publicly-visible module cannot be imported by its prior path. A `pub use` may have been removed, or the module may have been renamed, removed, or made non-public.\n        ref: https://doc.rust-lang.org/cargo/reference/semver.html#item-remove\n       impl: https://github.com/obi1kenobi/cargo-semver-checks/tree/v0.38.0/src/lints/module_missing.ron\n\nFailed in:\n  mod of::registers, previously in file /home/runner/.cargo/registry/src/index.crates.io-1949cf8c6b5b557f/of-0.1.0/src/of.rs:777\n\n--- failure pub_static_missing: pub static is missing ---\n\nDescription:\nA public static is missing, renamed, or made private.\n        ref: https://doc.rust-lang.org/cargo/reference/semver.html#item-remove\n       impl: https://github.com/obi1kenobi/cargo-semver-checks/tree/v0.38.0/src/lints/pub_static_missing.ron\n\nFailed in:\n  R11 in file /home/runner/.cargo/registry/src/index.crates.io-1949cf8c6b5b557f/of-0.1.0/src/of.rs:802\n  RCX in file /home/runner/.cargo/registry/src/index.crates.io-1949cf8c6b5b557f/of-0.1.0/src/of.rs:782\n  R10 in file /home/runner/.cargo/registry/src/index.crates.io-1949cf8c6b5b557f/of-0.1.0/src/of.rs:800\n  R9 in file /home/runner/.cargo/registry/src/index.crates.io-1949cf8c6b5b557f/of-0.1.0/src/of.rs:798\n  RAX in file /home/runner/.cargo/registry/src/index.crates.io-1949cf8c6b5b557f/of-0.1.0/src/of.rs:780\n  RSI in file /home/runner/.cargo/registry/src/index.crates.io-1949cf8c6b5b557f/of-0.1.0/src/of.rs:792\n  R15 in file /home/runner/.cargo/registry/src/index.crates.io-1949cf8c6b5b557f/of-0.1.0/src/of.rs:810\n  RDI in file /home/runner/.cargo/registry/src/index.crates.io-1949cf8c6b5b557f/of-0.1.0/src/of.rs:794\n  R14 in file /home/runner/.cargo/registry/src/index.crates.io-1949cf8c6b5b557f/of-0.1.0/src/of.rs:808\n  RFLAGS in file /home/runner/.cargo/registry/src/index.crates.io-1949cf8c6b5b557f/of-0.1.0/src/of.rs:817\n  RIP in file /home/runner/.cargo/registry/src/index.crates.io-1949cf8c6b5b557f/of-0.1.0/src/of.rs:815\n  RDX in file /home/runner/.cargo/registry/src/index.crates.io-1949cf8c6b5b557f/of-0.1.0/src/of.rs:784\n  RBX in file /home/runner/.cargo/registry/src/index.crates.io-1949cf8c6b5b557f/of-0.1.0/src/of.rs:786\n  R8 in file /home/runner/.cargo/registry/src/index.crates.io-1949cf8c6b5b557f/of-0.1.0/src/of.rs:796\n  R12 in file /home/runner/.cargo/registry/src/index.crates.io-1949cf8c6b5b557f/of-0.1.0/src/of.rs:804\n  RSP in file /home/runner/.cargo/registry/src/index.crates.io-1949cf8c6b5b557f/of-0.1.0/src/of.rs:788\n  R13 in file /home/runner/.cargo/registry/src/index.crates.io-1949cf8c6b5b557f/of-0.1.0/src/of.rs:806\n  RBP in file /home/runner/.cargo/registry/src/index.crates.io-1949cf8c6b5b557f/of-0.1.0/src/of.rs:790\n\n--- failure struct_missing: pub struct removed or renamed ---\n\nDescription:\nA publicly-visible struct cannot be imported by its prior path. A `pub use` may have been removed, or the struct itself may have been renamed or removed entirely.\n        ref: https://doc.rust-lang.org/cargo/reference/semver.html#item-remove\n       impl: https://github.com/obi1kenobi/cargo-semver-checks/tree/v0.38.0/src/lints/struct_missing.ron\n\nFailed in:\n  struct of::RegU64, previously in file /home/runner/.cargo/registry/src/index.crates.io-1949cf8c6b5b557f/of-0.1.0/src/of.rs:108\n\nstderr:\n    Building of v0.1.0 (current)\n       Built [   0.365s] (current)\n     Parsing of v0.1.0 (current)\n      Parsed [   0.002s] (current)\n    Building of v0.1.0 (baseline)\n       Built [   1.922s] (baseline)\n     Parsing of v0.1.0 (baseline)\n      Parsed [   0.003s] (baseline)\n    Checking of v0.1.0 -> v0.1.0 (no change)\n     Checked [   0.008s] 107 checks: 102 pass, 5 fail, 0 warn, 0 skip\n\n     Summary semver requires new major version: 5 major and 0 minor checks failed\n    Finished [   3.148s] of\n","pkg=of, checker=SemverChecks\ntoolchain=nightly-2024-12-25-x86_64-unknown-linux-gnu, target=x86_64-unknown-none\npkg_dir=/home/runner/check/batch_2/Starry-OS/of\ncmd=cargo +nightly-2024-12-25-x86_64-unknown-linux-gnu semver-checks --target x86_64-unknown-none\n\n\nstdout:\n\nstderr:\n    Building of v0.1.0 (current)\nerror: running cargo-doc on crate 'of' failed with output:\n-----\nerror: output of --print=file-names missing when learning about target-specific information from rustc\ncommand was: `/home/runner/.rustup/toolchains/nightly-2024-12-25-x86_64-unknown-linux-gnu/bin/rustc - --crate-name ___ --print=file-names --cap-lints=allow --target x86_64-unknown-none --crate-type bin --crate-type rlib --crate-type dylib --crate-type cdylib --crate-type staticlib --crate-type proc-macro --print=sysroot --print=split-debuginfo --print=crate-name --print=cfg`\n\n--- stdout\n___\nlib___.rlib\nlib___.a\n/home/runner/.rustup/toolchains/nightly-2024-12-25-x86_64-unknown-linux-gnu\noff\n___\ndebug_assertions\nfmt_debug=\"full\"\noverflow_checks\npanic=\"abort\"\nproc_macro\nrelocation_model=\"pic\"\ntarget_abi=\"\"\ntarget_arch=\"x86_64\"\ntarget_endian=\"little\"\ntarget_env=\"\"\ntarget_feature=\"fxsr\"\ntarget_feature=\"x87\"\ntarget_has_atomic\ntarget_has_atomic=\"16\"\ntarget_has_atomic=\"32\"\ntarget_has_atomic=\"64\"\ntarget_has_atomic=\"8\"\ntarget_has_atomic=\"ptr\"\ntarget_has_atomic_equal_alignment=\"16\"\ntarget_has_atomic_equal_alignment=\"32\"\ntarget_has_atomic_equal_alignment=\"64\"\ntarget_has_atomic_equal_alignment=\"8\"\ntarget_has_atomic_equal_alignment=\"ptr\"\ntarget_has_atomic_load_store\ntarget_has_atomic_load_store=\"16\"\ntarget_has_atomic_load_store=\"32\"\ntarget_has_atomic_load_store=\"64\"\ntarget_has_atomic_load_store=\"8\"\ntarget_has_atomic_load_store=\"ptr\"\ntarget_os=\"none\"\ntarget_pointer_width=\"64\"\ntarget_vendor=\"unknown\"\nub_checks\n\n\n-----\n\nerror: failed to build rustdoc for crate of v0.1.0\nnote: this is usually due to a compilation error in the crate,\n      and is unlikely to be a bug in cargo-semver-checks\nnote: the following command can be used to reproduce the compilation error:\n      cargo new --lib example &&\n          cd example &&\n          echo '[workspace]' >> Cargo.toml &&\n          cargo add --path /home/runner/check/batch_2/Starry-OS/of &&\n          cargo check\n\nerror: aborting due to failure to build rustdoc for crate of v0.1.0\n","pkg=of, checker=SemverChecks\ntoolchain=nightly-2024-12-25-x86_64-unknown-linux-gnu, target=riscv64gc-unknown-none-elf\npkg_dir=/home/runner/check/batch_2/Starry-OS/of\ncmd=cargo +nightly-2024-12-25-x86_64-unknown-linux-gnu semver-checks --target riscv64gc-unknown-none-elf\n\n\nstdout:\n\nstderr:\n    Building of v0.1.0 (current)\nerror: running cargo-doc on crate 'of' failed with output:\n-----\nerror: output of --print=file-names missing when learning about target-specific information from rustc\ncommand was: `/home/runner/.rustup/toolchains/nightly-2024-12-25-x86_64-unknown-linux-gnu/bin/rustc - --crate-name ___ --print=file-names --cap-lints=allow --target riscv64gc-unknown-none-elf --crate-type bin --crate-type rlib --crate-type dylib --crate-type cdylib --crate-type staticlib --crate-type proc-macro --print=sysroot --print=split-debuginfo --print=crate-name --print=cfg`\n\n--- stdout\n___\nlib___.rlib\nlib___.a\n/home/runner/.rustup/toolchains/nightly-2024-12-25-x86_64-unknown-linux-gnu\noff\n___\ndebug_assertions\nfmt_debug=\"full\"\noverflow_checks\npanic=\"abort\"\nproc_macro\nrelocation_model=\"static\"\ntarget_abi=\"\"\ntarget_arch=\"riscv64\"\ntarget_endian=\"little\"\ntarget_env=\"\"\ntarget_feature=\"a\"\ntarget_feature=\"c\"\ntarget_feature=\"d\"\ntarget_feature=\"f\"\ntarget_feature=\"m\"\ntarget_has_atomic\ntarget_has_atomic=\"16\"\ntarget_has_atomic=\"32\"\ntarget_has_atomic=\"64\"\ntarget_has_atomic=\"8\"\ntarget_has_atomic=\"ptr\"\ntarget_has_atomic_equal_alignment=\"16\"\ntarget_has_atomic_equal_alignment=\"32\"\ntarget_has_atomic_equal_alignment=\"64\"\ntarget_has_atomic_equal_alignment=\"8\"\ntarget_has_atomic_equal_alignment=\"ptr\"\ntarget_has_atomic_load_store\ntarget_has_atomic_load_store=\"16\"\ntarget_has_atomic_load_store=\"32\"\ntarget_has_atomic_load_store=\"64\"\ntarget_has_atomic_load_store=\"8\"\ntarget_has_atomic_load_store=\"ptr\"\ntarget_os=\"none\"\ntarget_pointer_width=\"64\"\ntarget_vendor=\"unknown\"\nub_checks\n\n\n-----\n\nerror: failed to build rustdoc for crate of v0.1.0\nnote: this is usually due to a compilation error in the crate,\n      and is unlikely to be a bug in cargo-semver-checks\nnote: the following command can be used to reproduce the compilation error:\n      cargo new --lib example &&\n          cd example &&\n          echo '[workspace]' >> Cargo.toml &&\n          cargo add --path /home/runner/check/batch_2/Starry-OS/of &&\n          cargo check\n\nerror: aborting due to failure to build rustdoc for crate of v0.1.0\n"]}},{"file":"(virtual) rap","count":3,"kinds":{"Cargo":["// pkg_name=of, checker=Rap\n// toolchain=nightly-2024-12-25-x86_64-unknown-linux-gnu, target=riscv64gc-unknown-none-elf\n// pkg_dir=/home/runner/check/batch_2/Starry-OS/of\n// cmd=cargo +nightly-2024-10-12 rap -F -M -- --target riscv64gc-unknown-none-elf\n// timestamp=2024-12-27 8:06:44.381544886 +08:00:00\n    Checking spin v0.9.8\n    Checking fdt v0.1.5\nerror[E0463]: can't find crate for `core`\n  |\n  = note: the `riscv64gc-unknown-none-elf` target may not be installed\n  = help: consider downloading the target with `rustup target add riscv64gc-unknown-none-elf`\n  = help: consider building the standard library from source with `cargo build -Zbuild-std`\n\nFor more information about this error, try `rustc --explain E0463`.\nerror: could not compile `spin` (lib) due to 1 previous error\nwarning: build failed, waiting for other jobs to finish...\nerror: could not compile `fdt` (lib) due to 1 previous error\n00:06:44|RAP|ERROR|: Finished with non-zero exit code.\n","// pkg_name=of, checker=Rap\n// toolchain=nightly-2024-12-25-x86_64-unknown-linux-gnu, target=aarch64-unknown-none\n// pkg_dir=/home/runner/check/batch_2/Starry-OS/of\n// cmd=cargo +nightly-2024-10-12 rap -F -M -- --target aarch64-unknown-none\n// timestamp=2024-12-27 8:06:44.778168479 +08:00:00\n    Checking spin v0.9.8\n    Checking fdt v0.1.5\nerror[E0463]: can't find crate for `core`\n  |\n  = note: the `aarch64-unknown-none` target may not be installed\n  = help: consider downloading the target with `rustup target add aarch64-unknown-none`\n  = help: consider building the standard library from source with `cargo build -Zbuild-std`\n\nFor more information about this error, try `rustc --explain E0463`.\nerror: could not compile `spin` (lib) due to 1 previous error\nwarning: build failed, waiting for other jobs to finish...\nerror: could not compile `fdt` (lib) due to 1 previous error\n00:06:45|RAP|ERROR|: Finished with non-zero exit code.\n","// pkg_name=of, checker=Rap\n// toolchain=nightly-2024-12-25-x86_64-unknown-linux-gnu, target=x86_64-unknown-none\n// pkg_dir=/home/runner/check/batch_2/Starry-OS/of\n// cmd=cargo +nightly-2024-10-12 rap -F -M -- --target x86_64-unknown-none\n// timestamp=2024-12-27 8:06:43.978625845 +08:00:00\n    Checking spin v0.9.8\n    Checking fdt v0.1.5\nerror[E0463]: can't find crate for `core`\n  |\n  = note: the `x86_64-unknown-none` target may not be installed\n  = help: consider downloading the target with `rustup target add x86_64-unknown-none`\n  = help: consider building the standard library from source with `cargo build -Zbuild-std`\n\nFor more information about this error, try `rustc --explain E0463`.\nerror: could not compile `spin` (lib) due to 1 previous error\nwarning: build failed, waiting for other jobs to finish...\nerror: could not compile `fdt` (lib) due to 1 previous error\n00:06:44|RAP|ERROR|: Finished with non-zero exit code.\n"]}},{"file":"(virtual) semver-checks","count":3,"kinds":{"Cargo":["// pkg_name=of, checker=SemverChecks\n// toolchain=nightly-2024-12-25-x86_64-unknown-linux-gnu, target=aarch64-unknown-none\n// pkg_dir=/home/runner/check/batch_2/Starry-OS/of\n// cmd=cargo +nightly-2024-12-25-x86_64-unknown-linux-gnu semver-checks --target aarch64-unknown-none\n// timestamp=2024-12-27 8:06:40.932926238 +08:00:00\n    Building of v0.1.0 (current)\nerror: running cargo-doc on crate 'of' failed with output:\n-----\nerror: output of --print=file-names missing when learning about target-specific information from rustc\ncommand was: `/home/runner/.rustup/toolchains/nightly-2024-12-25-x86_64-unknown-linux-gnu/bin/rustc - --crate-name ___ --print=file-names --cap-lints=allow --target aarch64-unknown-none --crate-type bin --crate-type rlib --crate-type dylib --crate-type cdylib --crate-type staticlib --crate-type proc-macro --print=sysroot --print=split-debuginfo --print=crate-name --print=cfg`\n\n--- stdout\n___\nlib___.rlib\nlib___.a\n/home/runner/.rustup/toolchains/nightly-2024-12-25-x86_64-unknown-linux-gnu\noff\n___\ndebug_assertions\nfmt_debug=\"full\"\noverflow_checks\npanic=\"abort\"\nproc_macro\nrelocation_model=\"static\"\ntarget_abi=\"\"\ntarget_arch=\"aarch64\"\ntarget_endian=\"little\"\ntarget_env=\"\"\ntarget_feature=\"neon\"\ntarget_has_atomic\ntarget_has_atomic=\"128\"\ntarget_has_atomic=\"16\"\ntarget_has_atomic=\"32\"\ntarget_has_atomic=\"64\"\ntarget_has_atomic=\"8\"\ntarget_has_atomic=\"ptr\"\ntarget_has_atomic_equal_alignment=\"128\"\ntarget_has_atomic_equal_alignment=\"16\"\ntarget_has_atomic_equal_alignment=\"32\"\ntarget_has_atomic_equal_alignment=\"64\"\ntarget_has_atomic_equal_alignment=\"8\"\ntarget_has_atomic_equal_alignment=\"ptr\"\ntarget_has_atomic_load_store\ntarget_has_atomic_load_store=\"128\"\ntarget_has_atomic_load_store=\"16\"\ntarget_has_atomic_load_store=\"32\"\ntarget_has_atomic_load_store=\"64\"\ntarget_has_atomic_load_store=\"8\"\ntarget_has_atomic_load_store=\"ptr\"\ntarget_os=\"none\"\ntarget_pointer_width=\"64\"\ntarget_vendor=\"unknown\"\nub_checks\n\n\n-----\n\nerror: failed to build rustdoc for crate of v0.1.0\nnote: this is usually due to a compilation error in the crate,\n      and is unlikely to be a bug in cargo-semver-checks\nnote: the following command can be used to reproduce the compilation error:\n      cargo new --lib example &&\n          cd example &&\n          echo '[workspace]' >> Cargo.toml &&\n          cargo add --path /home/runner/check/batch_2/Starry-OS/of &&\n          cargo check\n\nerror: aborting due to failure to build rustdoc for crate of v0.1.0\n","// pkg_name=of, checker=SemverChecks\n// toolchain=nightly-2024-12-25-x86_64-unknown-linux-gnu, target=riscv64gc-unknown-none-elf\n// pkg_dir=/home/runner/check/batch_2/Starry-OS/of\n// cmd=cargo +nightly-2024-12-25-x86_64-unknown-linux-gnu semver-checks --target riscv64gc-unknown-none-elf\n// timestamp=2024-12-27 8:06:40.66789902 +08:00:00\n    Building of v0.1.0 (current)\nerror: running cargo-doc on crate 'of' failed with output:\n-----\nerror: output of --print=file-names missing when learning about target-specific information from rustc\ncommand was: `/home/runner/.rustup/toolchains/nightly-2024-12-25-x86_64-unknown-linux-gnu/bin/rustc - --crate-name ___ --print=file-names --cap-lints=allow --target riscv64gc-unknown-none-elf --crate-type bin --crate-type rlib --crate-type dylib --crate-type cdylib --crate-type staticlib --crate-type proc-macro --print=sysroot --print=split-debuginfo --print=crate-name --print=cfg`\n\n--- stdout\n___\nlib___.rlib\nlib___.a\n/home/runner/.rustup/toolchains/nightly-2024-12-25-x86_64-unknown-linux-gnu\noff\n___\ndebug_assertions\nfmt_debug=\"full\"\noverflow_checks\npanic=\"abort\"\nproc_macro\nrelocation_model=\"static\"\ntarget_abi=\"\"\ntarget_arch=\"riscv64\"\ntarget_endian=\"little\"\ntarget_env=\"\"\ntarget_feature=\"a\"\ntarget_feature=\"c\"\ntarget_feature=\"d\"\ntarget_feature=\"f\"\ntarget_feature=\"m\"\ntarget_has_atomic\ntarget_has_atomic=\"16\"\ntarget_has_atomic=\"32\"\ntarget_has_atomic=\"64\"\ntarget_has_atomic=\"8\"\ntarget_has_atomic=\"ptr\"\ntarget_has_atomic_equal_alignment=\"16\"\ntarget_has_atomic_equal_alignment=\"32\"\ntarget_has_atomic_equal_alignment=\"64\"\ntarget_has_atomic_equal_alignment=\"8\"\ntarget_has_atomic_equal_alignment=\"ptr\"\ntarget_has_atomic_load_store\ntarget_has_atomic_load_store=\"16\"\ntarget_has_atomic_load_store=\"32\"\ntarget_has_atomic_load_store=\"64\"\ntarget_has_atomic_load_store=\"8\"\ntarget_has_atomic_load_store=\"ptr\"\ntarget_os=\"none\"\ntarget_pointer_width=\"64\"\ntarget_vendor=\"unknown\"\nub_checks\n\n\n-----\n\nerror: failed to build rustdoc for crate of v0.1.0\nnote: this is usually due to a compilation error in the crate,\n      and is unlikely to be a bug in cargo-semver-checks\nnote: the following command can be used to reproduce the compilation error:\n      cargo new --lib example &&\n          cd example &&\n          echo '[workspace]' >> Cargo.toml &&\n          cargo add --path /home/runner/check/batch_2/Starry-OS/of &&\n          cargo check\n\nerror: aborting due to failure to build rustdoc for crate of v0.1.0\n","// pkg_name=of, checker=SemverChecks\n// toolchain=nightly-2024-12-25-x86_64-unknown-linux-gnu, target=x86_64-unknown-none\n// pkg_dir=/home/runner/check/batch_2/Starry-OS/of\n// cmd=cargo +nightly-2024-12-25-x86_64-unknown-linux-gnu semver-checks --target x86_64-unknown-none\n// timestamp=2024-12-27 8:06:40.397042665 +08:00:00\n    Building of v0.1.0 (current)\nerror: running cargo-doc on crate 'of' failed with output:\n-----\nerror: output of --print=file-names missing when learning about target-specific information from rustc\ncommand was: `/home/runner/.rustup/toolchains/nightly-2024-12-25-x86_64-unknown-linux-gnu/bin/rustc - --crate-name ___ --print=file-names --cap-lints=allow --target x86_64-unknown-none --crate-type bin --crate-type rlib --crate-type dylib --crate-type cdylib --crate-type staticlib --crate-type proc-macro --print=sysroot --print=split-debuginfo --print=crate-name --print=cfg`\n\n--- stdout\n___\nlib___.rlib\nlib___.a\n/home/runner/.rustup/toolchains/nightly-2024-12-25-x86_64-unknown-linux-gnu\noff\n___\ndebug_assertions\nfmt_debug=\"full\"\noverflow_checks\npanic=\"abort\"\nproc_macro\nrelocation_model=\"pic\"\ntarget_abi=\"\"\ntarget_arch=\"x86_64\"\ntarget_endian=\"little\"\ntarget_env=\"\"\ntarget_feature=\"fxsr\"\ntarget_feature=\"x87\"\ntarget_has_atomic\ntarget_has_atomic=\"16\"\ntarget_has_atomic=\"32\"\ntarget_has_atomic=\"64\"\ntarget_has_atomic=\"8\"\ntarget_has_atomic=\"ptr\"\ntarget_has_atomic_equal_alignment=\"16\"\ntarget_has_atomic_equal_alignment=\"32\"\ntarget_has_atomic_equal_alignment=\"64\"\ntarget_has_atomic_equal_alignment=\"8\"\ntarget_has_atomic_equal_alignment=\"ptr\"\ntarget_has_atomic_load_store\ntarget_has_atomic_load_store=\"16\"\ntarget_has_atomic_load_store=\"32\"\ntarget_has_atomic_load_store=\"64\"\ntarget_has_atomic_load_store=\"8\"\ntarget_has_atomic_load_store=\"ptr\"\ntarget_os=\"none\"\ntarget_pointer_width=\"64\"\ntarget_vendor=\"unknown\"\nub_checks\n\n\n-----\n\nerror: failed to build rustdoc for crate of v0.1.0\nnote: this is usually due to a compilation error in the crate,\n      and is unlikely to be a bug in cargo-semver-checks\nnote: the following command can be used to reproduce the compilation error:\n      cargo new --lib example &&\n          cd example &&\n          echo '[workspace]' >> Cargo.toml &&\n          cargo add --path /home/runner/check/batch_2/Starry-OS/of &&\n          cargo check\n\nerror: aborting due to failure to build rustdoc for crate of v0.1.0\n"]}}]}],"kinds_order":["Cargo","Clippy(Error)","Clippy(Warn)","Semver Violation","Audit","Mirai","Rap","Rudra","Lockbud(Probably)","Lockbud(Possibly)","Outdated","Geiger","Unformatted"]}