{
  "repo": {
    "user": "Starry-OS",
    "repo": "of"
  },
  "data": [
    {
      "user": "Starry-OS",
      "repo": "of",
      "pkg": "of",
      "count": 2,
      "raw_reports": [
        {
          "file": "(virtual) semver-checks",
          "features": "",
          "count": 1,
          "kinds": {
            "Cargo": [
              "// pkg_name=of, checker=SemverChecks\n// toolchain=nightly-2025-01-26-x86_64-unknown-linux-gnu, target=riscv64gc-unknown-none-elf\n// features=\n// pkg_dir=/home/runner/check/batch_6/Starry-OS/of\n// cmd=cargo +nightly-2025-01-26-x86_64-unknown-linux-gnu semver-checks --target riscv64gc-unknown-none-elf \n// timestamp=2025-03-07 17:12:05.611185042 +08:00:00\n    Building of v0.1.0 (current)\n       Built [   0.315s] (current)\n     Parsing of v0.1.0 (current)\n      Parsed [   0.001s] (current)\n    Building of v0.1.0 (baseline)\nerror: running cargo-doc on crate 'of' failed with output:\n-----\n   Compiling num-traits v0.2.19\n   Compiling libc v0.2.170\n   Compiling yaxpeax-x86 v0.1.5\n    Checking yaxpeax-arch v0.0.4\n Documenting of v0.1.0\nerror[E0463]: can't find crate for `std`\n  |\n  = note: the `riscv64gc-unknown-none-elf` target may not support the standard library\n  = note: `std` is required by `of` because it does not declare `#![no_std]`\n  = help: consider building the standard library from source with `cargo build -Zbuild-std`\n\nerror: cannot find macro `panic` in this scope\n   --> /home/runner/.cargo/registry/src/index.crates.io-1949cf8c6b5b557f/of-0.1.0/src/of.rs:743:13\n    |\n743 |             panic!(\"unhandled instruction: {}\", instr);\n    |             ^^^^^\n    |\nhelp: consider importing this macro\n    |\n9   + use core::panic;\n    |\n\nerror: cannot find macro `panic` in this scope\n   --> /home/runner/.cargo/registry/src/index.crates.io-1949cf8c6b5b557f/of-0.1.0/src/of.rs:242:13\n    |\n242 |             panic!(\"crimes\");\n    |             ^^^^^\n    |\nhelp: consider importing this macro\n    |\n9   + use core::panic;\n    |\n\nerror: cannot find macro `unreachable` in this scope\n   --> /home/runner/.cargo/registry/src/index.crates.io-1949cf8c6b5b557f/of-0.1.0/src/of.rs:239:24\n    |\n239 |                 _ => { unreachable!(\"sins\"); }\n    |                        ^^^^^^^^^^^\n    |\nhelp: consider importing this macro\n    |\n9   + use core::unreachable;\n    |\n\nerror: cannot find macro `panic` in this scope\n   --> /home/runner/.cargo/registry/src/index.crates.io-1949cf8c6b5b557f/of-0.1.0/src/of.rs:212:13\n    |\n212 |             panic!(\"crimes\");\n    |             ^^^^^\n    |\nhelp: consider importing this macro\n    |\n9   + use core::panic;\n    |\n\nerror: cannot find macro `unreachable` in this scope\n   --> /home/runner/.cargo/registry/src/index.crates.io-1949cf8c6b5b557f/of-0.1.0/src/of.rs:209:24\n    |\n209 |                 _ => { unreachable!(\"sins\"); }\n    |                        ^^^^^^^^^^^\n    |\nhelp: consider importing this macro\n    |\n9   + use core::unreachable;\n    |\n\nerror: cannot find attribute `derive` in this scope\n   --> /home/runner/.cargo/registry/src/index.crates.io-1949cf8c6b5b557f/of-0.1.0/src/of.rs:107:3\n    |\n107 | #[derive(Copy, Clone)]\n    |   ^^^^^^\n    |\nhelp: consider importing this attribute macro\n    |\n9   + use core::prelude::rust_2024::derive;\n    |\n\nerror[E0405]: cannot find trait `FnOnce` in this scope\n   --> /home/runner/.cargo/registry/src/index.crates.io-1949cf8c6b5b557f/of-0.1.0/src/of.rs:182:20\n    |\n182 |     fn do_binop<F: FnOnce(&ucontext, u64, u64) -> (u64, u64)>(&mut self, instr: &Instruction, addr: u64, f: F);\n    |                    ^^^^^^ not found in this scope\n    |\nhelp: consider importing this trait\n    |\n9   + use core::ops::FnOnce;\n    |\n\nerror[E0405]: cannot find trait `FnOnce` in this scope\n   --> /home/runner/.cargo/registry/src/index.crates.io-1949cf8c6b5b557f/of-0.1.0/src/of.rs:246:20\n    |\n246 |     fn do_binop<F: FnOnce(&ucontext, u64, u64) -> (u64, u64)>(&mut self, instr: &Instruction, addr: u64, f: F) {\n    |                    ^^^^^^ not found in this scope\n    |\nhelp: consider importing this trait\n    |\n9   + use core::ops::FnOnce;\n    |\n\nSome errors have detailed explanations: E0405, E0463.\nFor more information about an error, try `rustc --explain E0405`.\nerror: could not document `of`\n\n-----\n\nerror: failed to build rustdoc for crate of v0.1.0\nnote: this is usually due to a compilation error in the crate,\n      and is unlikely to be a bug in cargo-semver-checks\nnote: the following command can be used to reproduce the compilation error:\n      cargo new --lib example &&\n          cd example &&\n          echo '[workspace]' >> Cargo.toml &&\n          cargo add of@=0.1.0 --features default,std &&\n          cargo check\n\nerror: aborting due to failure to build rustdoc for crate of v0.1.0\n"
            ]
          }
        },
        {
          "file": "[semver checks]",
          "features": "",
          "count": 1,
          "kinds": {
            "Semver Violation": [
              "pkg=of, checker=SemverChecks\ntoolchain=nightly-2025-01-26-x86_64-unknown-linux-gnu, target=riscv64gc-unknown-none-elf\nfeatures=\npkg_dir=/home/runner/check/batch_6/Starry-OS/of\ncmd=cargo +nightly-2025-01-26-x86_64-unknown-linux-gnu semver-checks --target riscv64gc-unknown-none-elf \ntimestamp=2025-03-07 17:12:07.446300459 +08:00:00\n\n\nstdout:\n\nstderr:\n    Building of v0.1.0 (current)\n       Built [   0.315s] (current)\n     Parsing of v0.1.0 (current)\n      Parsed [   0.001s] (current)\n    Building of v0.1.0 (baseline)\nerror: running cargo-doc on crate 'of' failed with output:\n-----\n   Compiling num-traits v0.2.19\n   Compiling libc v0.2.170\n   Compiling yaxpeax-x86 v0.1.5\n    Checking yaxpeax-arch v0.0.4\n Documenting of v0.1.0\nerror[E0463]: can't find crate for `std`\n  |\n  = note: the `riscv64gc-unknown-none-elf` target may not support the standard library\n  = note: `std` is required by `of` because it does not declare `#![no_std]`\n  = help: consider building the standard library from source with `cargo build -Zbuild-std`\n\nerror: cannot find macro `panic` in this scope\n   --> /home/runner/.cargo/registry/src/index.crates.io-1949cf8c6b5b557f/of-0.1.0/src/of.rs:743:13\n    |\n743 |             panic!(\"unhandled instruction: {}\", instr);\n    |             ^^^^^\n    |\nhelp: consider importing this macro\n    |\n9   + use core::panic;\n    |\n\nerror: cannot find macro `panic` in this scope\n   --> /home/runner/.cargo/registry/src/index.crates.io-1949cf8c6b5b557f/of-0.1.0/src/of.rs:242:13\n    |\n242 |             panic!(\"crimes\");\n    |             ^^^^^\n    |\nhelp: consider importing this macro\n    |\n9   + use core::panic;\n    |\n\nerror: cannot find macro `unreachable` in this scope\n   --> /home/runner/.cargo/registry/src/index.crates.io-1949cf8c6b5b557f/of-0.1.0/src/of.rs:239:24\n    |\n239 |                 _ => { unreachable!(\"sins\"); }\n    |                        ^^^^^^^^^^^\n    |\nhelp: consider importing this macro\n    |\n9   + use core::unreachable;\n    |\n\nerror: cannot find macro `panic` in this scope\n   --> /home/runner/.cargo/registry/src/index.crates.io-1949cf8c6b5b557f/of-0.1.0/src/of.rs:212:13\n    |\n212 |             panic!(\"crimes\");\n    |             ^^^^^\n    |\nhelp: consider importing this macro\n    |\n9   + use core::panic;\n    |\n\nerror: cannot find macro `unreachable` in this scope\n   --> /home/runner/.cargo/registry/src/index.crates.io-1949cf8c6b5b557f/of-0.1.0/src/of.rs:209:24\n    |\n209 |                 _ => { unreachable!(\"sins\"); }\n    |                        ^^^^^^^^^^^\n    |\nhelp: consider importing this macro\n    |\n9   + use core::unreachable;\n    |\n\nerror: cannot find attribute `derive` in this scope\n   --> /home/runner/.cargo/registry/src/index.crates.io-1949cf8c6b5b557f/of-0.1.0/src/of.rs:107:3\n    |\n107 | #[derive(Copy, Clone)]\n    |   ^^^^^^\n    |\nhelp: consider importing this attribute macro\n    |\n9   + use core::prelude::rust_2024::derive;\n    |\n\nerror[E0405]: cannot find trait `FnOnce` in this scope\n   --> /home/runner/.cargo/registry/src/index.crates.io-1949cf8c6b5b557f/of-0.1.0/src/of.rs:182:20\n    |\n182 |     fn do_binop<F: FnOnce(&ucontext, u64, u64) -> (u64, u64)>(&mut self, instr: &Instruction, addr: u64, f: F);\n    |                    ^^^^^^ not found in this scope\n    |\nhelp: consider importing this trait\n    |\n9   + use core::ops::FnOnce;\n    |\n\nerror[E0405]: cannot find trait `FnOnce` in this scope\n   --> /home/runner/.cargo/registry/src/index.crates.io-1949cf8c6b5b557f/of-0.1.0/src/of.rs:246:20\n    |\n246 |     fn do_binop<F: FnOnce(&ucontext, u64, u64) -> (u64, u64)>(&mut self, instr: &Instruction, addr: u64, f: F) {\n    |                    ^^^^^^ not found in this scope\n    |\nhelp: consider importing this trait\n    |\n9   + use core::ops::FnOnce;\n    |\n\nSome errors have detailed explanations: E0405, E0463.\nFor more information about an error, try `rustc --explain E0405`.\nerror: could not document `of`\n\n-----\n\nerror: failed to build rustdoc for crate of v0.1.0\nnote: this is usually due to a compilation error in the crate,\n      and is unlikely to be a bug in cargo-semver-checks\nnote: the following command can be used to reproduce the compilation error:\n      cargo new --lib example &&\n          cd example &&\n          echo '[workspace]' >> Cargo.toml &&\n          cargo add of@=0.1.0 --features default,std &&\n          cargo check\n\nerror: aborting due to failure to build rustdoc for crate of v0.1.0\n"
            ]
          }
        }
      ]
    }
  ],
  "kinds_order": [
    "Cargo",
    "Clippy(Error)",
    "Clippy(Warn)",
    "Semver Violation",
    "Audit",
    "Mirai",
    "Rapx",
    "Rudra",
    "Lockbud(Probably)",
    "Lockbud(Possibly)",
    "Outdated",
    "Geiger",
    "Unformatted"
  ]
}