{"repo":{"user":"arceos-hypervisor","repo":"axvm"},"data":[{"user":"arceos-hypervisor","repo":"axvm","pkg":"axvm","count":33,"raw_reports":[{"file":"(virtual) outdated","count":5,"kinds":{"Cargo":["// pkg_name=axvm, checker=Outdated\n// toolchain=nightly-2024-05-02, target=aarch64-unknown-none\n// pkg_dir=/home/runner/check/batch_4/arceos-hypervisor/axvm\n// cmd=cargo +nightly-2024-12-26-x86_64-unknown-linux-gnu outdated -R --exit-code=2\n// timestamp=2024-12-28 9:07:58.006379297 +08:00:00\n    Updating git repository `https://github.com/arceos-hypervisor/axaddrspace.git`\n    Updating git repository `https://github.com/arceos-hypervisor/axdevice.git`\n    Updating git repository `https://github.com/arceos-hypervisor/axvcpu.git`\n    Updating git repository `https://github.com/arceos-hypervisor/axvmconfig.git`\n    Updating git repository `https://github.com/arceos-hypervisor/arm_vcpu.git`\n    Updating git repository `https://github.com/arceos-hypervisor/riscv_vcpu.git`\n    Updating git repository `https://github.com/arceos-hypervisor/x86_vcpu.git`\nerror: failed to select a version for `x86_64`.\n    ... required by package `page_table_entry v0.4.2`\n    ... which satisfies dependency `page_table_entry = \"^0.4.2\"` of package `axaddrspace v0.1.0 (https://github.com/arceos-hypervisor/axaddrspace.git#d135a90b)`\n    ... which satisfies git dependency `axaddrspace` of package `axvm v0.1.0 (/tmp/cargo-outdateduUHlf8)`\nversions that meet the requirements `=0.15.1` are: 0.15.1\n\nall possible versions conflict with previously selected packages.\n\n  previously selected package `x86_64 v0.15.2`\n    ... which satisfies dependency `x86_64 = \"^0.15.2\"` of package `page_table_entry v0.5.0`\n    ... which satisfies dependency `page_table_entry = \"^0.5.0\"` of package `axvm v0.1.0 (/tmp/cargo-outdateduUHlf8)`\n\nfailed to select a version for `x86_64` which could resolve this conflict\n","// pkg_name=axvm, checker=Outdated\n// toolchain=nightly-2024-05-02, target=aarch64-unknown-none-softfloat\n// pkg_dir=/home/runner/check/batch_4/arceos-hypervisor/axvm\n// cmd=cargo +nightly-2024-12-26-x86_64-unknown-linux-gnu outdated -R --exit-code=2\n// timestamp=2024-12-28 9:08:00.080125763 +08:00:00\n    Updating git repository `https://github.com/arceos-hypervisor/axaddrspace.git`\n    Updating git repository `https://github.com/arceos-hypervisor/axdevice.git`\n    Updating git repository `https://github.com/arceos-hypervisor/axvcpu.git`\n    Updating git repository `https://github.com/arceos-hypervisor/axvmconfig.git`\n    Updating git repository `https://github.com/arceos-hypervisor/arm_vcpu.git`\n    Updating git repository `https://github.com/arceos-hypervisor/riscv_vcpu.git`\n    Updating git repository `https://github.com/arceos-hypervisor/x86_vcpu.git`\nerror: failed to select a version for `x86_64`.\n    ... required by package `page_table_entry v0.4.2`\n    ... which satisfies dependency `page_table_entry = \"^0.4.2\"` of package `axaddrspace v0.1.0 (https://github.com/arceos-hypervisor/axaddrspace.git#d135a90b)`\n    ... which satisfies git dependency `axaddrspace` of package `axvm v0.1.0 (/tmp/cargo-outdatedmEe6Zj)`\nversions that meet the requirements `=0.15.1` are: 0.15.1\n\nall possible versions conflict with previously selected packages.\n\n  previously selected package `x86_64 v0.15.2`\n    ... which satisfies dependency `x86_64 = \"^0.15.2\"` of package `page_table_entry v0.5.0`\n    ... which satisfies dependency `page_table_entry = \"^0.5.0\"` of package `axvm v0.1.0 (/tmp/cargo-outdatedmEe6Zj)`\n\nfailed to select a version for `x86_64` which could resolve this conflict\n","// pkg_name=axvm, checker=Outdated\n// toolchain=nightly-2024-05-02, target=riscv64gc-unknown-none-elf\n// pkg_dir=/home/runner/check/batch_4/arceos-hypervisor/axvm\n// cmd=cargo +nightly-2024-12-26-x86_64-unknown-linux-gnu outdated -R --exit-code=2\n// timestamp=2024-12-28 9:08:02.029544483 +08:00:00\n    Updating git repository `https://github.com/arceos-hypervisor/axaddrspace.git`\n    Updating git repository `https://github.com/arceos-hypervisor/axdevice.git`\n    Updating git repository `https://github.com/arceos-hypervisor/axvcpu.git`\n    Updating git repository `https://github.com/arceos-hypervisor/axvmconfig.git`\n    Updating git repository `https://github.com/arceos-hypervisor/arm_vcpu.git`\n    Updating git repository `https://github.com/arceos-hypervisor/riscv_vcpu.git`\n    Updating git repository `https://github.com/arceos-hypervisor/x86_vcpu.git`\nerror: failed to select a version for `x86_64`.\n    ... required by package `page_table_entry v0.4.2`\n    ... which satisfies dependency `page_table_entry = \"^0.4.2\"` of package `axaddrspace v0.1.0 (https://github.com/arceos-hypervisor/axaddrspace.git#d135a90b)`\n    ... which satisfies git dependency `axaddrspace` of package `axvm v0.1.0 (/tmp/cargo-outdateddNcffO)`\nversions that meet the requirements `=0.15.1` are: 0.15.1\n\nall possible versions conflict with previously selected packages.\n\n  previously selected package `x86_64 v0.15.2`\n    ... which satisfies dependency `x86_64 = \"^0.15.2\"` of package `page_table_entry v0.5.0`\n    ... which satisfies dependency `page_table_entry = \"^0.5.0\"` of package `axvm v0.1.0 (/tmp/cargo-outdateddNcffO)`\n\nfailed to select a version for `x86_64` which could resolve this conflict\n","// pkg_name=axvm, checker=Outdated\n// toolchain=nightly-2024-05-02, target=x86_64-unknown-none\n// pkg_dir=/home/runner/check/batch_4/arceos-hypervisor/axvm\n// cmd=cargo +nightly-2024-12-26-x86_64-unknown-linux-gnu outdated -R --exit-code=2\n// timestamp=2024-12-28 9:08:04.172929829 +08:00:00\n    Updating git repository `https://github.com/arceos-hypervisor/axaddrspace.git`\n    Updating git repository `https://github.com/arceos-hypervisor/axdevice.git`\n    Updating git repository `https://github.com/arceos-hypervisor/axvcpu.git`\n    Updating git repository `https://github.com/arceos-hypervisor/axvmconfig.git`\n    Updating git repository `https://github.com/arceos-hypervisor/arm_vcpu.git`\n    Updating git repository `https://github.com/arceos-hypervisor/riscv_vcpu.git`\n    Updating git repository `https://github.com/arceos-hypervisor/x86_vcpu.git`\nerror: failed to select a version for `x86_64`.\n    ... required by package `page_table_entry v0.4.2`\n    ... which satisfies dependency `page_table_entry = \"^0.4.2\"` of package `axaddrspace v0.1.0 (https://github.com/arceos-hypervisor/axaddrspace.git#d135a90b)`\n    ... which satisfies git dependency `axaddrspace` of package `axvm v0.1.0 (/tmp/cargo-outdated26SEtn)`\nversions that meet the requirements `=0.15.1` are: 0.15.1\n\nall possible versions conflict with previously selected packages.\n\n  previously selected package `x86_64 v0.15.2`\n    ... which satisfies dependency `x86_64 = \"^0.15.2\"` of package `page_table_entry v0.5.0`\n    ... which satisfies dependency `page_table_entry = \"^0.5.0\"` of package `axvm v0.1.0 (/tmp/cargo-outdated26SEtn)`\n\nfailed to select a version for `x86_64` which could resolve this conflict\n","// pkg_name=axvm, checker=Outdated\n// toolchain=nightly-2024-05-02, target=x86_64-unknown-linux-gnu\n// pkg_dir=/home/runner/check/batch_4/arceos-hypervisor/axvm\n// cmd=cargo +nightly-2024-12-26-x86_64-unknown-linux-gnu outdated -R --exit-code=2\n// timestamp=2024-12-28 9:08:06.078074671 +08:00:00\n    Updating git repository `https://github.com/arceos-hypervisor/axaddrspace.git`\n    Updating git repository `https://github.com/arceos-hypervisor/axdevice.git`\n    Updating git repository `https://github.com/arceos-hypervisor/axvcpu.git`\n    Updating git repository `https://github.com/arceos-hypervisor/axvmconfig.git`\n    Updating git repository `https://github.com/arceos-hypervisor/arm_vcpu.git`\n    Updating git repository `https://github.com/arceos-hypervisor/riscv_vcpu.git`\n    Updating git repository `https://github.com/arceos-hypervisor/x86_vcpu.git`\nerror: failed to select a version for `x86_64`.\n    ... required by package `page_table_entry v0.4.2`\n    ... which satisfies dependency `page_table_entry = \"^0.4.2\"` of package `axaddrspace v0.1.0 (https://github.com/arceos-hypervisor/axaddrspace.git#d135a90b)`\n    ... which satisfies git dependency `axaddrspace` of package `axvm v0.1.0 (/tmp/cargo-outdateddeVbXL)`\nversions that meet the requirements `=0.15.1` are: 0.15.1\n\nall possible versions conflict with previously selected packages.\n\n  previously selected package `x86_64 v0.15.2`\n    ... which satisfies dependency `x86_64 = \"^0.15.2\"` of package `page_table_entry v0.5.0`\n    ... which satisfies dependency `page_table_entry = \"^0.5.0\"` of package `axvm v0.1.0 (/tmp/cargo-outdateddeVbXL)`\n\nfailed to select a version for `x86_64` which could resolve this conflict\n"]}},{"file":"(virtual) rap","count":5,"kinds":{"Cargo":["// pkg_name=axvm, checker=Rap\n// toolchain=nightly-2024-05-02, target=aarch64-unknown-none-softfloat\n// pkg_dir=/home/runner/check/batch_4/arceos-hypervisor/axvm\n// cmd=cargo +nightly-2024-10-12 rap -F -M -- --target aarch64-unknown-none-softfloat\n// timestamp=2024-12-28 4:30:39.185309335 +08:00:00\n   Compiling proc-macro2 v1.0.92\n   Compiling unicode-ident v1.0.14\n    Checking cfg-if v1.0.0\n   Compiling libc v0.2.169\n   Compiling crunchy v0.2.2\n   Compiling tiny-keccak v2.0.2\n   Compiling serde v1.0.216\n    Checking tock-registers v0.8.1\n    Checking log v0.4.22\n   Compiling axerrno v0.1.0\n   Compiling once_cell v1.20.2\n   Compiling quote v1.0.38\n    Checking memory_addr v0.3.1\n   Compiling getrandom v0.2.15\n   Compiling syn v2.0.92\n   Compiling version_check v0.9.5\n   Compiling const-random-macro v0.1.16\n    Checking aarch64-cpu v9.4.0\n    Checking bitflags v2.6.0\n   Compiling ahash v0.8.11\n    Checking const-random v0.1.18\n    Checking zerocopy v0.7.35\n    Checking memory_set v0.3.1\n    Checking hashbrown v0.15.2\n    Checking bit_field v0.10.2\n    Checking allocator-api2 v0.2.21\n    Checking equivalent v1.0.1\n    Checking numeric-enum-macro v0.2.0\n   Compiling autocfg v1.4.0\n    Checking lazyinit v0.2.1\n    Checking hashbrown v0.14.5\n    Checking page_table_entry v0.4.2\n   Compiling lock_api v0.4.12\n    Checking page_table_multiarch v0.4.2\n    Checking indexmap v2.7.0\n   Compiling percpu v0.1.6\n    Checking axaddrspace v0.1.0 (https://github.com/arceos-hypervisor/axaddrspace.git#d135a90b)\n    Checking winnow v0.6.20\n    Checking scopeguard v1.2.0\n    Checking aarch64_sysreg v0.1.1\n    Checking spin v0.9.8\n   Compiling serde_derive v1.0.216\n   Compiling percpu_macros v0.1.6\n   Compiling serde_repr v0.1.19\n    Checking axvcpu v0.1.0 (https://github.com/arceos-hypervisor/axvcpu.git#4790ff63)\n    Checking arm_vcpu v0.1.0 (https://github.com/arceos-hypervisor/arm_vcpu.git#3ef74800)\nerror[E0787]: the `asm!` macro is not allowed in naked functions\n   --> /home/runner/.cargo/git/checkouts/arm_vcpu-02074547e62ab1ed/3ef7480/src/exception.rs:298:5\n    |\n298 | /     core::arch::asm!(\n299 | |         \"bl {vcpu_running}\", // Check if vcpu is running.\n300 | |         // If vcpu_running returns true, jump to `return_run_guest`,\n301 | |         // after that the control flow is handed back to Aarch64VCpu.run(),\n...   |\n312 | |         options(noreturn),\n313 | |     )\n    | |_____^ consider using the `naked_asm!` macro instead\n\nerror[E0787]: the `asm!` macro is not allowed in naked functions\n   --> /home/runner/.cargo/git/checkouts/arm_vcpu-02074547e62ab1ed/3ef7480/src/exception.rs:354:5\n    |\n354 | /     core::arch::asm!(\n355 | |         // Curretly `sp` points to the base address of `Aarch64VCpu.ctx`, which stores guest's `TrapFrame`.\n356 | |         \"add x9, sp, 34 * 8\", // Skip the exception frame.\n357 | |         // Currently `x9` points to `&Aarch64VCpu.host_stack_top`, see `run_guest()` in vcpu.rs.\n...   |\n362 | |         options(noreturn),\n363 | |     )\n    | |_____^ consider using the `naked_asm!` macro instead\n\nFor more information about this error, try `rustc --explain E0787`.\nerror: could not compile `arm_vcpu` (lib) due to 2 previous errors\nwarning: build failed, waiting for other jobs to finish...\n20:30:47|RAP|ERROR|: Finished with non-zero exit code.\n","// pkg_name=axvm, checker=Rap\n// toolchain=nightly-2024-05-02, target=riscv64gc-unknown-none-elf\n// pkg_dir=/home/runner/check/batch_4/arceos-hypervisor/axvm\n// cmd=cargo +nightly-2024-10-12 rap -F -M -- --target riscv64gc-unknown-none-elf\n// timestamp=2024-12-28 4:30:47.218294451 +08:00:00\n   Compiling proc-macro2 v1.0.92\n   Compiling unicode-ident v1.0.14\n   Compiling crunchy v0.2.2\n    Checking cfg-if v1.0.0\n   Compiling libc v0.2.169\n   Compiling tiny-keccak v2.0.2\n   Compiling serde v1.0.216\n    Checking log v0.4.22\n   Compiling axerrno v0.1.0\n   Compiling once_cell v1.20.2\n   Compiling autocfg v1.4.0\n   Compiling quote v1.0.38\n   Compiling syn v2.0.92\n   Compiling getrandom v0.2.15\n   Compiling riscv v0.11.1\n   Compiling memchr v2.7.4\n    Checking memory_addr v0.3.1\n   Compiling version_check v0.9.5\n   Compiling const-random-macro v0.1.16\n   Compiling ahash v0.8.11\n   Compiling aho-corasick v1.1.3\n    Checking critical-section v1.2.0\n    Checking bitflags v2.6.0\n   Compiling semver-parser v0.7.0\n   Compiling regex-syntax v0.8.5\n    Checking embedded-hal v1.0.0\n   Compiling semver v0.9.0\n    Checking page_table_entry v0.4.2\n    Checking const-random v0.1.18\n    Checking zerocopy v0.7.35\n   Compiling regex-automata v0.4.9\n    Checking bit_field v0.10.2\n    Checking page_table_multiarch v0.4.2\n   Compiling rustc_version v0.2.3\n    Checking memory_set v0.3.1\n    Checking numeric-enum-macro v0.2.0\n    Checking hashbrown v0.15.2\n    Checking equivalent v1.0.1\n    Checking allocator-api2 v0.2.21\n   Compiling regex v1.11.1\n   Compiling lazy_static v1.5.0\n    Checking lazyinit v0.2.1\n    Checking axaddrspace v0.1.0 (https://github.com/arceos-hypervisor/axaddrspace.git#d135a90b)\n   Compiling serde_derive v1.0.216\n   Compiling riscv-target v0.1.2\n    Checking indexmap v2.7.0\n    Checking hashbrown v0.14.5\n   Compiling bare-metal v0.2.5\n    Checking winnow v0.6.20\n   Compiling percpu v0.1.6\n   Compiling percpu_macros v0.1.6\n   Compiling memoffset v0.9.1\n   Compiling lock_api v0.4.12\n    Checking sbi-spec v0.0.7\n   Compiling riscv v0.6.0 (https://github.com/rcore-os/riscv#11d43cf7)\n    Checking sbi-rt v0.0.3\n   Compiling serde_repr v0.1.19\n   Compiling rustsbi-macros v0.0.2\n    Checking bitflags v1.3.2\n    Checking scopeguard v1.2.0\n    Checking axvcpu v0.1.0 (https://github.com/arceos-hypervisor/axvcpu.git#4790ff63)\n   Compiling crate_interface v0.1.3\n    Checking rustsbi v0.4.0\n    Checking tock-registers v0.8.1\n    Checking riscv-decode v0.2.1 (https://github.com/KuangjuX/riscv-decode.git#0e346d0a)\n    Checking spin v0.9.8\n    Checking riscv_vcpu v0.1.0 (https://github.com/arceos-hypervisor/riscv_vcpu.git#47e0be99)\nerror[E0787]: the `asm!` macro is not allowed in naked functions\n   --> /home/runner/.cargo/git/checkouts/riscv_vcpu-0ecce50bd3948e2b/47e0be9/src/detect.rs:150:5\n    |\n150 | /     asm!(\n151 | |         \".p2align 2\",\n152 | |         \"addi   sp, sp, -8*21\",\n153 | |         \"sd     ra, 0*8(sp)\",\n...   |\n208 | |         options(noreturn),\n209 | |     )\n    | |_____^ consider using the `naked_asm!` macro instead\n\nFor more information about this error, try `rustc --explain E0787`.\nerror: could not compile `riscv_vcpu` (lib) due to 1 previous error\nwarning: build failed, waiting for other jobs to finish...\n20:30:58|RAP|ERROR|: Finished with non-zero exit code.\n","// pkg_name=axvm, checker=Rap\n// toolchain=nightly-2024-05-02, target=x86_64-unknown-none\n// pkg_dir=/home/runner/check/batch_4/arceos-hypervisor/axvm\n// cmd=cargo +nightly-2024-10-12 rap -F -M -- --target x86_64-unknown-none\n// timestamp=2024-12-28 4:30:58.380218672 +08:00:00\n   Compiling proc-macro2 v1.0.92\n   Compiling unicode-ident v1.0.14\n   Compiling crunchy v0.2.2\n   Compiling rustversion v1.0.19\n   Compiling libc v0.2.169\n    Checking cfg-if v1.0.0\n    Checking bit_field v0.10.2\n   Compiling tiny-keccak v2.0.2\n    Checking bitflags v2.6.0\n   Compiling serde v1.0.216\n   Compiling quote v1.0.38\n   Compiling syn v2.0.92\n    Checking volatile v0.4.6\n    Checking bitflags v1.3.2\n   Compiling x86 v0.52.0\n   Compiling getrandom v0.2.15\n    Checking raw-cpuid v10.7.0\n   Compiling once_cell v1.20.2\n    Checking log v0.4.22\n   Compiling version_check v0.9.5\n    Checking memory_addr v0.3.1\n   Compiling axerrno v0.1.0\n   Compiling ahash v0.8.11\n   Compiling const-random-macro v0.1.16\n    Checking x86_64 v0.15.1\n    Checking const-random v0.1.18\n    Checking zerocopy v0.7.35\n    Checking memory_set v0.3.1\n    Checking allocator-api2 v0.2.21\n    Checking page_table_entry v0.4.2\n    Checking equivalent v1.0.1\n    Checking numeric-enum-macro v0.2.0\n    Checking page_table_multiarch v0.4.2\n    Checking lazyinit v0.2.1\n    Checking hashbrown v0.15.2\n    Checking hashbrown v0.14.5\n    Checking axaddrspace v0.1.0 (https://github.com/arceos-hypervisor/axaddrspace.git#d135a90b)\n   Compiling autocfg v1.4.0\n    Checking indexmap v2.7.0\n    Checking winnow v0.6.20\n   Compiling percpu v0.1.6\n   Compiling lock_api v0.4.12\n    Checking scopeguard v1.2.0\n    Checking x86_64 v0.14.13\nerror[E0053]: method `steps_between` has an incompatible type for trait\n   --> /home/runner/.cargo/registry/src/index.crates.io-6f17d22bba15001f/x86_64-0.14.13/src/addr.rs:387:51\n    |\n387 |     fn steps_between(start: &Self, end: &Self) -> (usize, Option<usize>) {\n    |                                                   ^^^^^^^^^^^^^^^^^^^^^^ expected `Option<usize>`, found `(usize, Option<usize>)`\n    |\n    = note: expected signature `fn(&addr::VirtAddr, &addr::VirtAddr) -> Option<usize>`\n               found signature `fn(&addr::VirtAddr, &addr::VirtAddr) -> (usize, Option<usize>)`\nhelp: change the output type to match the trait\n    |\n387 |     fn steps_between(start: &Self, end: &Self) -> Option<usize> {\n    |                                                   ~~~~~~~~~~~~~\n\nerror[E0053]: method `steps_between` has an incompatible type for trait\n   --> /home/runner/.cargo/registry/src/index.crates.io-6f17d22bba15001f/x86_64-0.14.13/src/structures/paging/page.rs:284:51\n    |\n284 |     fn steps_between(start: &Self, end: &Self) -> (usize, Option<usize>) {\n    |                                                   ^^^^^^^^^^^^^^^^^^^^^^ expected `Option<usize>`, found `(usize, Option<usize>)`\n    |\n    = note: expected signature `fn(&Page<_>, &Page<_>) -> Option<usize>`\n               found signature `fn(&Page<_>, &Page<_>) -> (usize, Option<usize>)`\nhelp: change the output type to match the trait\n    |\n284 |     fn steps_between(start: &Self, end: &Self) -> Option<usize> {\n    |                                                   ~~~~~~~~~~~~~\n\n    Checking raw-cpuid v11.2.0\n    Checking spin v0.9.8\nFor more information about this error, try `rustc --explain E0053`.\nerror: could not compile `x86_64` (lib) due to 2 previous errors\nwarning: build failed, waiting for other jobs to finish...\n20:31:05|RAP|ERROR|: Finished with non-zero exit code.\n","// pkg_name=axvm, checker=Rap\n// toolchain=nightly-2024-05-02, target=aarch64-unknown-none\n// pkg_dir=/home/runner/check/batch_4/arceos-hypervisor/axvm\n// cmd=cargo +nightly-2024-10-12 rap -F -M -- --target aarch64-unknown-none\n// timestamp=2024-12-28 4:30:31.246052645 +08:00:00\n   Compiling proc-macro2 v1.0.92\n   Compiling unicode-ident v1.0.14\n    Checking cfg-if v1.0.0\n   Compiling crunchy v0.2.2\n   Compiling libc v0.2.169\n   Compiling tiny-keccak v2.0.2\n   Compiling serde v1.0.216\n    Checking log v0.4.22\n    Checking tock-registers v0.8.1\n   Compiling once_cell v1.20.2\n    Checking memory_addr v0.3.1\n   Compiling version_check v0.9.5\n   Compiling quote v1.0.38\n   Compiling syn v2.0.92\n   Compiling getrandom v0.2.15\n   Compiling axerrno v0.1.0\n   Compiling ahash v0.8.11\n   Compiling const-random-macro v0.1.16\n    Checking aarch64-cpu v9.4.0\n    Checking bitflags v2.6.0\n    Checking const-random v0.1.18\n    Checking zerocopy v0.7.35\n    Checking memory_set v0.3.1\n    Checking hashbrown v0.15.2\n    Checking lazyinit v0.2.1\n    Checking numeric-enum-macro v0.2.0\n    Checking equivalent v1.0.1\n   Compiling autocfg v1.4.0\n    Checking allocator-api2 v0.2.21\n    Checking bit_field v0.10.2\n    Checking hashbrown v0.14.5\n   Compiling lock_api v0.4.12\n    Checking indexmap v2.7.0\n    Checking page_table_entry v0.4.2\n   Compiling percpu v0.1.6\n    Checking page_table_multiarch v0.4.2\n    Checking winnow v0.6.20\n    Checking axaddrspace v0.1.0 (https://github.com/arceos-hypervisor/axaddrspace.git#d135a90b)\n    Checking scopeguard v1.2.0\n    Checking aarch64_sysreg v0.1.1\n    Checking spin v0.9.8\n   Compiling serde_derive v1.0.216\n   Compiling percpu_macros v0.1.6\n   Compiling serde_repr v0.1.19\n    Checking axvcpu v0.1.0 (https://github.com/arceos-hypervisor/axvcpu.git#4790ff63)\n    Checking arm_vcpu v0.1.0 (https://github.com/arceos-hypervisor/arm_vcpu.git#3ef74800)\nerror[E0787]: the `asm!` macro is not allowed in naked functions\n   --> /home/runner/.cargo/git/checkouts/arm_vcpu-02074547e62ab1ed/3ef7480/src/exception.rs:298:5\n    |\n298 | /     core::arch::asm!(\n299 | |         \"bl {vcpu_running}\", // Check if vcpu is running.\n300 | |         // If vcpu_running returns true, jump to `return_run_guest`,\n301 | |         // after that the control flow is handed back to Aarch64VCpu.run(),\n...   |\n312 | |         options(noreturn),\n313 | |     )\n    | |_____^ consider using the `naked_asm!` macro instead\n\nerror[E0787]: the `asm!` macro is not allowed in naked functions\n   --> /home/runner/.cargo/git/checkouts/arm_vcpu-02074547e62ab1ed/3ef7480/src/exception.rs:354:5\n    |\n354 | /     core::arch::asm!(\n355 | |         // Curretly `sp` points to the base address of `Aarch64VCpu.ctx`, which stores guest's `TrapFrame`.\n356 | |         \"add x9, sp, 34 * 8\", // Skip the exception frame.\n357 | |         // Currently `x9` points to `&Aarch64VCpu.host_stack_top`, see `run_guest()` in vcpu.rs.\n...   |\n362 | |         options(noreturn),\n363 | |     )\n    | |_____^ consider using the `naked_asm!` macro instead\n\nFor more information about this error, try `rustc --explain E0787`.\nerror: could not compile `arm_vcpu` (lib) due to 2 previous errors\nwarning: build failed, waiting for other jobs to finish...\n20:30:39|RAP|ERROR|: Finished with non-zero exit code.\n","// pkg_name=axvm, checker=Rap\n// toolchain=nightly-2024-05-02, target=x86_64-unknown-linux-gnu\n// pkg_dir=/home/runner/check/batch_4/arceos-hypervisor/axvm\n// cmd=cargo +nightly-2024-10-12 rap -F -M -- --target x86_64-unknown-linux-gnu\n// timestamp=2024-12-28 4:31:05.466283113 +08:00:00\n   Compiling proc-macro2 v1.0.92\n   Compiling unicode-ident v1.0.14\n   Compiling rustversion v1.0.19\n   Compiling libc v0.2.169\n    Checking bit_field v0.10.2\n   Compiling crunchy v0.2.2\n    Checking cfg-if v1.0.0\n   Compiling tiny-keccak v2.0.2\n    Checking bitflags v2.6.0\n    Checking bitflags v1.3.2\n   Compiling serde v1.0.216\n   Compiling quote v1.0.38\n   Compiling syn v2.0.92\n    Checking volatile v0.4.6\n   Compiling x86 v0.52.0\n   Compiling getrandom v0.2.15\n    Checking raw-cpuid v10.7.0\n    Checking memory_addr v0.3.1\n    Checking log v0.4.22\n   Compiling version_check v0.9.5\n   Compiling axerrno v0.1.0\n   Compiling once_cell v1.20.2\n   Compiling ahash v0.8.11\n   Compiling const-random-macro v0.1.16\n    Checking x86_64 v0.15.1\n   Compiling autocfg v1.4.0\n   Compiling lock_api v0.4.12\n    Checking const-random v0.1.18\n    Checking page_table_entry v0.4.2\n    Checking zerocopy v0.7.35\n    Checking page_table_multiarch v0.4.2\n    Checking memory_set v0.3.1\n    Checking numeric-enum-macro v0.2.0\n    Checking allocator-api2 v0.2.21\n    Checking lazyinit v0.2.1\n    Checking equivalent v1.0.1\n    Checking hashbrown v0.15.2\n    Checking scopeguard v1.2.0\n    Checking hashbrown v0.14.5\n    Checking axaddrspace v0.1.0 (https://github.com/arceos-hypervisor/axaddrspace.git#d135a90b)\n    Checking indexmap v2.7.0\n   Compiling percpu v0.1.6\n    Checking winnow v0.6.20\n    Checking spin v0.9.8\n    Checking x86_64 v0.14.13\n    Checking raw-cpuid v11.2.0\nerror[E0053]: method `steps_between` has an incompatible type for trait\n   --> /home/runner/.cargo/registry/src/index.crates.io-6f17d22bba15001f/x86_64-0.14.13/src/addr.rs:387:51\n    |\n387 |     fn steps_between(start: &Self, end: &Self) -> (usize, Option<usize>) {\n    |                                                   ^^^^^^^^^^^^^^^^^^^^^^ expected `Option<usize>`, found `(usize, Option<usize>)`\n    |\n    = note: expected signature `fn(&addr::VirtAddr, &addr::VirtAddr) -> Option<usize>`\n               found signature `fn(&addr::VirtAddr, &addr::VirtAddr) -> (usize, Option<usize>)`\nhelp: change the output type to match the trait\n    |\n387 |     fn steps_between(start: &Self, end: &Self) -> Option<usize> {\n    |                                                   ~~~~~~~~~~~~~\n\nerror[E0053]: method `steps_between` has an incompatible type for trait\n   --> /home/runner/.cargo/registry/src/index.crates.io-6f17d22bba15001f/x86_64-0.14.13/src/structures/paging/page.rs:284:51\n    |\n284 |     fn steps_between(start: &Self, end: &Self) -> (usize, Option<usize>) {\n    |                                                   ^^^^^^^^^^^^^^^^^^^^^^ expected `Option<usize>`, found `(usize, Option<usize>)`\n    |\n    = note: expected signature `fn(&Page<_>, &Page<_>) -> Option<usize>`\n               found signature `fn(&Page<_>, &Page<_>) -> (usize, Option<usize>)`\nhelp: change the output type to match the trait\n    |\n284 |     fn steps_between(start: &Self, end: &Self) -> Option<usize> {\n    |                                                   ~~~~~~~~~~~~~\n\nFor more information about this error, try `rustc --explain E0053`.\nerror: could not compile `x86_64` (lib) due to 2 previous errors\nwarning: build failed, waiting for other jobs to finish...\n20:31:12|RAP|ERROR|: Finished with non-zero exit code.\n"]}},{"file":"(virtual) semver-checks","count":5,"kinds":{"Cargo":["// pkg_name=axvm, checker=SemverChecks\n// toolchain=nightly-2024-05-02, target=riscv64gc-unknown-none-elf\n// pkg_dir=/home/runner/check/batch_4/arceos-hypervisor/axvm\n// cmd=cargo +nightly-2024-12-26-x86_64-unknown-linux-gnu semver-checks --target riscv64gc-unknown-none-elf\n// timestamp=2024-12-28 9:07:51.24892028 +08:00:00\n    Building axvm v0.1.0 (current)\nerror: running cargo-doc on crate 'axvm' failed with output:\n-----\nerror: output of --print=file-names missing when learning about target-specific information from rustc\ncommand was: `/home/runner/.rustup/toolchains/nightly-2024-12-26-x86_64-unknown-linux-gnu/bin/rustc - --crate-name ___ --print=file-names --cap-lints=allow --target riscv64gc-unknown-none-elf --crate-type bin --crate-type rlib --crate-type dylib --crate-type cdylib --crate-type staticlib --crate-type proc-macro --print=sysroot --print=split-debuginfo --print=crate-name --print=cfg`\n\n--- stdout\n___\nlib___.rlib\nlib___.a\n/home/runner/.rustup/toolchains/nightly-2024-12-26-x86_64-unknown-linux-gnu\noff\n___\ndebug_assertions\nfmt_debug=\"full\"\noverflow_checks\npanic=\"abort\"\nproc_macro\nrelocation_model=\"static\"\ntarget_abi=\"\"\ntarget_arch=\"riscv64\"\ntarget_endian=\"little\"\ntarget_env=\"\"\ntarget_feature=\"a\"\ntarget_feature=\"c\"\ntarget_feature=\"d\"\ntarget_feature=\"f\"\ntarget_feature=\"m\"\ntarget_has_atomic\ntarget_has_atomic=\"16\"\ntarget_has_atomic=\"32\"\ntarget_has_atomic=\"64\"\ntarget_has_atomic=\"8\"\ntarget_has_atomic=\"ptr\"\ntarget_has_atomic_equal_alignment=\"16\"\ntarget_has_atomic_equal_alignment=\"32\"\ntarget_has_atomic_equal_alignment=\"64\"\ntarget_has_atomic_equal_alignment=\"8\"\ntarget_has_atomic_equal_alignment=\"ptr\"\ntarget_has_atomic_load_store\ntarget_has_atomic_load_store=\"16\"\ntarget_has_atomic_load_store=\"32\"\ntarget_has_atomic_load_store=\"64\"\ntarget_has_atomic_load_store=\"8\"\ntarget_has_atomic_load_store=\"ptr\"\ntarget_os=\"none\"\ntarget_pointer_width=\"64\"\ntarget_vendor=\"unknown\"\nub_checks\n\n\n-----\n\nerror: failed to build rustdoc for crate axvm v0.1.0\nnote: this is usually due to a compilation error in the crate,\n      and is unlikely to be a bug in cargo-semver-checks\nnote: the following command can be used to reproduce the compilation error:\n      cargo new --lib example &&\n          cd example &&\n          echo '[workspace]' >> Cargo.toml &&\n          cargo add --path /home/runner/check/batch_4/arceos-hypervisor/axvm --features default,vmx &&\n          cargo check\n\nerror: aborting due to failure to build rustdoc for crate axvm v0.1.0\n","// pkg_name=axvm, checker=SemverChecks\n// toolchain=nightly-2024-05-02, target=x86_64-unknown-none\n// pkg_dir=/home/runner/check/batch_4/arceos-hypervisor/axvm\n// cmd=cargo +nightly-2024-12-26-x86_64-unknown-linux-gnu semver-checks --target x86_64-unknown-none\n// timestamp=2024-12-28 9:07:51.868695811 +08:00:00\n    Building axvm v0.1.0 (current)\nerror: running cargo-doc on crate 'axvm' failed with output:\n-----\nerror: output of --print=file-names missing when learning about target-specific information from rustc\ncommand was: `/home/runner/.rustup/toolchains/nightly-2024-12-26-x86_64-unknown-linux-gnu/bin/rustc - --crate-name ___ --print=file-names --cap-lints=allow --target x86_64-unknown-none --crate-type bin --crate-type rlib --crate-type dylib --crate-type cdylib --crate-type staticlib --crate-type proc-macro --print=sysroot --print=split-debuginfo --print=crate-name --print=cfg`\n\n--- stdout\n___\nlib___.rlib\nlib___.a\n/home/runner/.rustup/toolchains/nightly-2024-12-26-x86_64-unknown-linux-gnu\noff\n___\ndebug_assertions\nfmt_debug=\"full\"\noverflow_checks\npanic=\"abort\"\nproc_macro\nrelocation_model=\"pic\"\ntarget_abi=\"\"\ntarget_arch=\"x86_64\"\ntarget_endian=\"little\"\ntarget_env=\"\"\ntarget_feature=\"fxsr\"\ntarget_feature=\"x87\"\ntarget_has_atomic\ntarget_has_atomic=\"16\"\ntarget_has_atomic=\"32\"\ntarget_has_atomic=\"64\"\ntarget_has_atomic=\"8\"\ntarget_has_atomic=\"ptr\"\ntarget_has_atomic_equal_alignment=\"16\"\ntarget_has_atomic_equal_alignment=\"32\"\ntarget_has_atomic_equal_alignment=\"64\"\ntarget_has_atomic_equal_alignment=\"8\"\ntarget_has_atomic_equal_alignment=\"ptr\"\ntarget_has_atomic_load_store\ntarget_has_atomic_load_store=\"16\"\ntarget_has_atomic_load_store=\"32\"\ntarget_has_atomic_load_store=\"64\"\ntarget_has_atomic_load_store=\"8\"\ntarget_has_atomic_load_store=\"ptr\"\ntarget_os=\"none\"\ntarget_pointer_width=\"64\"\ntarget_vendor=\"unknown\"\nub_checks\n\n\n-----\n\nerror: failed to build rustdoc for crate axvm v0.1.0\nnote: this is usually due to a compilation error in the crate,\n      and is unlikely to be a bug in cargo-semver-checks\nnote: the following command can be used to reproduce the compilation error:\n      cargo new --lib example &&\n          cd example &&\n          echo '[workspace]' >> Cargo.toml &&\n          cargo add --path /home/runner/check/batch_4/arceos-hypervisor/axvm --features default,vmx &&\n          cargo check\n\nerror: aborting due to failure to build rustdoc for crate axvm v0.1.0\n","// pkg_name=axvm, checker=SemverChecks\n// toolchain=nightly-2024-05-02, target=aarch64-unknown-none\n// pkg_dir=/home/runner/check/batch_4/arceos-hypervisor/axvm\n// cmd=cargo +nightly-2024-12-26-x86_64-unknown-linux-gnu semver-checks --target aarch64-unknown-none\n// timestamp=2024-12-28 9:07:48.887278571 +08:00:00\n    Building axvm v0.1.0 (current)\nerror: running cargo-doc on crate 'axvm' failed with output:\n-----\nerror: output of --print=file-names missing when learning about target-specific information from rustc\ncommand was: `/home/runner/.rustup/toolchains/nightly-2024-12-26-x86_64-unknown-linux-gnu/bin/rustc - --crate-name ___ --print=file-names --cap-lints=allow --target aarch64-unknown-none --crate-type bin --crate-type rlib --crate-type dylib --crate-type cdylib --crate-type staticlib --crate-type proc-macro --print=sysroot --print=split-debuginfo --print=crate-name --print=cfg`\n\n--- stdout\n___\nlib___.rlib\nlib___.a\n/home/runner/.rustup/toolchains/nightly-2024-12-26-x86_64-unknown-linux-gnu\noff\n___\ndebug_assertions\nfmt_debug=\"full\"\noverflow_checks\npanic=\"abort\"\nproc_macro\nrelocation_model=\"static\"\ntarget_abi=\"\"\ntarget_arch=\"aarch64\"\ntarget_endian=\"little\"\ntarget_env=\"\"\ntarget_feature=\"neon\"\ntarget_has_atomic\ntarget_has_atomic=\"128\"\ntarget_has_atomic=\"16\"\ntarget_has_atomic=\"32\"\ntarget_has_atomic=\"64\"\ntarget_has_atomic=\"8\"\ntarget_has_atomic=\"ptr\"\ntarget_has_atomic_equal_alignment=\"128\"\ntarget_has_atomic_equal_alignment=\"16\"\ntarget_has_atomic_equal_alignment=\"32\"\ntarget_has_atomic_equal_alignment=\"64\"\ntarget_has_atomic_equal_alignment=\"8\"\ntarget_has_atomic_equal_alignment=\"ptr\"\ntarget_has_atomic_load_store\ntarget_has_atomic_load_store=\"128\"\ntarget_has_atomic_load_store=\"16\"\ntarget_has_atomic_load_store=\"32\"\ntarget_has_atomic_load_store=\"64\"\ntarget_has_atomic_load_store=\"8\"\ntarget_has_atomic_load_store=\"ptr\"\ntarget_os=\"none\"\ntarget_pointer_width=\"64\"\ntarget_vendor=\"unknown\"\nub_checks\n\n\n-----\n\nerror: failed to build rustdoc for crate axvm v0.1.0\nnote: this is usually due to a compilation error in the crate,\n      and is unlikely to be a bug in cargo-semver-checks\nnote: the following command can be used to reproduce the compilation error:\n      cargo new --lib example &&\n          cd example &&\n          echo '[workspace]' >> Cargo.toml &&\n          cargo add --path /home/runner/check/batch_4/arceos-hypervisor/axvm --features default,vmx &&\n          cargo check\n\nerror: aborting due to failure to build rustdoc for crate axvm v0.1.0\n","// pkg_name=axvm, checker=SemverChecks\n// toolchain=nightly-2024-05-02, target=aarch64-unknown-none-softfloat\n// pkg_dir=/home/runner/check/batch_4/arceos-hypervisor/axvm\n// cmd=cargo +nightly-2024-12-26-x86_64-unknown-linux-gnu semver-checks --target aarch64-unknown-none-softfloat\n// timestamp=2024-12-28 9:07:50.589837645 +08:00:00\n    Building axvm v0.1.0 (current)\nerror: running cargo-doc on crate 'axvm' failed with output:\n-----\nerror: output of --print=file-names missing when learning about target-specific information from rustc\ncommand was: `/home/runner/.rustup/toolchains/nightly-2024-12-26-x86_64-unknown-linux-gnu/bin/rustc - --crate-name ___ --print=file-names --cap-lints=allow --target aarch64-unknown-none-softfloat --crate-type bin --crate-type rlib --crate-type dylib --crate-type cdylib --crate-type staticlib --crate-type proc-macro --print=sysroot --print=split-debuginfo --print=crate-name --print=cfg`\n\n--- stdout\n___\nlib___.rlib\nlib___.a\n/home/runner/.rustup/toolchains/nightly-2024-12-26-x86_64-unknown-linux-gnu\noff\n___\ndebug_assertions\nfmt_debug=\"full\"\noverflow_checks\npanic=\"abort\"\nproc_macro\nrelocation_model=\"static\"\ntarget_abi=\"softfloat\"\ntarget_arch=\"aarch64\"\ntarget_endian=\"little\"\ntarget_env=\"\"\ntarget_has_atomic\ntarget_has_atomic=\"128\"\ntarget_has_atomic=\"16\"\ntarget_has_atomic=\"32\"\ntarget_has_atomic=\"64\"\ntarget_has_atomic=\"8\"\ntarget_has_atomic=\"ptr\"\ntarget_has_atomic_equal_alignment=\"128\"\ntarget_has_atomic_equal_alignment=\"16\"\ntarget_has_atomic_equal_alignment=\"32\"\ntarget_has_atomic_equal_alignment=\"64\"\ntarget_has_atomic_equal_alignment=\"8\"\ntarget_has_atomic_equal_alignment=\"ptr\"\ntarget_has_atomic_load_store\ntarget_has_atomic_load_store=\"128\"\ntarget_has_atomic_load_store=\"16\"\ntarget_has_atomic_load_store=\"32\"\ntarget_has_atomic_load_store=\"64\"\ntarget_has_atomic_load_store=\"8\"\ntarget_has_atomic_load_store=\"ptr\"\ntarget_os=\"none\"\ntarget_pointer_width=\"64\"\ntarget_vendor=\"unknown\"\nub_checks\n\n\n-----\n\nerror: failed to build rustdoc for crate axvm v0.1.0\nnote: this is usually due to a compilation error in the crate,\n      and is unlikely to be a bug in cargo-semver-checks\nnote: the following command can be used to reproduce the compilation error:\n      cargo new --lib example &&\n          cd example &&\n          echo '[workspace]' >> Cargo.toml &&\n          cargo add --path /home/runner/check/batch_4/arceos-hypervisor/axvm --features default,vmx &&\n          cargo check\n\nerror: aborting due to failure to build rustdoc for crate axvm v0.1.0\n","// pkg_name=axvm, checker=SemverChecks\n// toolchain=nightly-2024-05-02, target=x86_64-unknown-linux-gnu\n// pkg_dir=/home/runner/check/batch_4/arceos-hypervisor/axvm\n// cmd=cargo +nightly-2024-12-26-x86_64-unknown-linux-gnu semver-checks --target x86_64-unknown-linux-gnu\n// timestamp=2024-12-28 9:07:52.836887656 +08:00:00\n    Building axvm v0.1.0 (current)\nerror: running cargo-doc on crate 'axvm' failed with output:\n-----\n   Compiling proc-macro2 v1.0.92\n   Compiling unicode-ident v1.0.14\n    Checking bit_field v0.10.2\n   Compiling crunchy v0.2.2\n   Compiling libc v0.2.169\n   Compiling rustversion v1.0.19\n    Checking cfg-if v1.0.0\n    Checking bitflags v2.6.0\n   Compiling tiny-keccak v2.0.2\n    Checking bitflags v1.3.2\n   Compiling x86 v0.52.0\n    Checking volatile v0.4.6\n   Compiling serde v1.0.217\n   Compiling quote v1.0.38\n   Compiling syn v2.0.92\n   Compiling getrandom v0.2.15\n    Checking raw-cpuid v10.7.0\n   Compiling version_check v0.9.5\n    Checking log v0.4.22\n   Compiling axerrno v0.1.0\n    Checking memory_addr v0.3.1\n   Compiling once_cell v1.20.2\n   Compiling ahash v0.8.11\n   Compiling const-random-macro v0.1.16\n    Checking x86_64 v0.15.1\n   Compiling autocfg v1.4.0\nerror[E0053]: method `steps_between` has an incompatible type for trait\n   --> /home/runner/.cargo/registry/src/index.crates.io-1949cf8c6b5b557f/x86_64-0.15.1/src/addr.rs:362:51\n    |\n362 |     fn steps_between(start: &Self, end: &Self) -> Option<usize> {\n    |                                                   ^^^^^^^^^^^^^ expected `(usize, Option<usize>)`, found `Option<usize>`\n    |\n    = note: expected signature `fn(&addr::VirtAddr, &addr::VirtAddr) -> (usize, Option<usize>)`\n               found signature `fn(&addr::VirtAddr, &addr::VirtAddr) -> Option<usize>`\nhelp: change the output type to match the trait\n    |\n362 |     fn steps_between(start: &Self, end: &Self) -> (usize, Option<usize>) {\n    |                                                   ~~~~~~~~~~~~~~~~~~~~~~\n\nerror[E0053]: method `steps_between` has an incompatible type for trait\n   --> /home/runner/.cargo/registry/src/index.crates.io-1949cf8c6b5b557f/x86_64-0.15.1/src/structures/paging/page.rs:294:51\n    |\n294 |     fn steps_between(start: &Self, end: &Self) -> Option<usize> {\n    |                                                   ^^^^^^^^^^^^^ expected `(usize, Option<usize>)`, found `Option<usize>`\n    |\n    = note: expected signature `fn(&Page<_>, &Page<_>) -> (usize, Option<usize>)`\n               found signature `fn(&Page<_>, &Page<_>) -> Option<usize>`\nhelp: change the output type to match the trait\n    |\n294 |     fn steps_between(start: &Self, end: &Self) -> (usize, Option<usize>) {\n    |                                                   ~~~~~~~~~~~~~~~~~~~~~~\n\nerror[E0053]: method `steps_between` has an incompatible type for trait\n   --> /home/runner/.cargo/registry/src/index.crates.io-1949cf8c6b5b557f/x86_64-0.15.1/src/structures/paging/page_table.rs:349:51\n    |\n349 |     fn steps_between(start: &Self, end: &Self) -> Option<usize> {\n    |                                                   ^^^^^^^^^^^^^ expected `(usize, Option<usize>)`, found `Option<usize>`\n    |\n    = note: expected signature `fn(&PageTableIndex, &PageTableIndex) -> (usize, Option<usize>)`\n               found signature `fn(&PageTableIndex, &PageTableIndex) -> Option<usize>`\nhelp: change the output type to match the trait\n    |\n349 |     fn steps_between(start: &Self, end: &Self) -> (usize, Option<usize>) {\n    |                                                   ~~~~~~~~~~~~~~~~~~~~~~\n\n   Compiling lock_api v0.4.12\n    Checking const-random v0.1.18\nFor more information about this error, try `rustc --explain E0053`.\nerror: could not compile `x86_64` (lib) due to 3 previous errors\nwarning: build failed, waiting for other jobs to finish...\n\n-----\n\nerror: failed to build rustdoc for crate axvm v0.1.0\nnote: this is usually due to a compilation error in the crate,\n      and is unlikely to be a bug in cargo-semver-checks\nnote: the following command can be used to reproduce the compilation error:\n      cargo new --lib example &&\n          cd example &&\n          echo '[workspace]' >> Cargo.toml &&\n          cargo add --path /home/runner/check/batch_4/arceos-hypervisor/axvm --features default,vmx &&\n          cargo check\n\nerror: aborting due to failure to build rustdoc for crate axvm v0.1.0\n"]}},{"file":"[lockbud] Not supported to display yet.","count":5,"kinds":{"Lockbud(Possibly)":["[2024-12-27T20:29:50Z WARN  lockbud::callbacks] [\n      {\n        \"AtomicityViolation\": {\n          \"bug_kind\": \"AtomicityViolation\",\n          \"possibility\": \"Possibly\",\n          \"diagnosis\": {\n            \"fn_name\": \"lazy::LazyUsize::unsync_init\",\n            \"atomic_reader\": \"/home/runner/.cargo/registry/src/index.crates.io-6f17d22bba15001f/getrandom-0.2.15/src/lazy.rs:36:23: 36:43 (#0)\",\n            \"atomic_writer\": \"/home/runner/.cargo/registry/src/index.crates.io-6f17d22bba15001f/getrandom-0.2.15/src/lazy.rs:39:13: 39:39 (#0)\",\n            \"dep_kind\": \"Both\"\n          },\n          \"explanation\": \"atomic::store is data/control dependent on atomic::load\"\n        }\n      }\n    ]\n[2024-12-27T20:29:50Z WARN  lockbud::callbacks] crate getrandom contains bugs: { probably: 0, possibly: 0 }, conflictlock: { probably: 0, possibly: 0 }, condvar_deadlock: { probably: 0, possibly: 0 }, atomicity_violation: { possibly: 1 }, invalid_free: { possibly: 0 }, use_after_free: { possibly: 0 }\n[2024-12-27T20:30:02Z WARN  lockbud::callbacks] [\n      {\n        \"AtomicityViolation\": {\n          \"bug_kind\": \"AtomicityViolation\",\n          \"possibility\": \"Possibly\",\n          \"diagnosis\": {\n            \"fn_name\": \"set_logger_racy\",\n            \"atomic_reader\": \"/home/runner/.cargo/registry/src/index.crates.io-6f17d22bba15001f/log-0.4.22/src/lib.rs:1447:11: 1447:40 (#0)\",\n            \"atomic_writer\": \"/home/runner/.cargo/registry/src/index.crates.io-6f17d22bba15001f/log-0.4.22/src/lib.rs:1450:13: 1450:56 (#0)\",\n            \"dep_kind\": \"Control\"\n          },\n          \"explanation\": \"atomic::store is data/control dependent on atomic::load\"\n        }\n      }\n    ]\n[2024-12-27T20:30:02Z WARN  lockbud::callbacks] crate log contains bugs: { probably: 0, possibly: 0 }, conflictlock: { probably: 0, possibly: 0 }, condvar_deadlock: { probably: 0, possibly: 0 }, atomicity_violation: { possibly: 1 }, invalid_free: { possibly: 0 }, use_after_free: { possibly: 0 }\n[2024-12-27T20:30:07Z WARN  lockbud::callbacks] [\n      {\n        \"AtomicityViolation\": {\n          \"bug_kind\": \"AtomicityViolation\",\n          \"possibility\": \"Possibly\",\n          \"diagnosis\": {\n            \"fn_name\": \"regex_automata::util::pool::inner::Pool::<T, F>::get\",\n            \"atomic_reader\": \"/home/runner/.cargo/registry/src/index.crates.io-6f17d22bba15001f/regex-automata-0.4.9/src/util/pool.rs:525:25: 525:59 (#0)\",\n            \"atomic_writer\": \"/home/runner/.cargo/registry/src/index.crates.io-6f17d22bba15001f/regex-automata-0.4.9/src/util/pool.rs:530:17: 530:69 (#0)\",\n            \"dep_kind\": \"Control\"\n          },\n          \"explanation\": \"atomic::store is data/control dependent on atomic::load\"\n        }\n      }\n    ]\n[2024-12-27T20:30:07Z WARN  lockbud::callbacks] crate riscv_target contains bugs: { probably: 0, possibly: 0 }, conflictlock: { probably: 0, possibly: 0 }, condvar_deadlock: { probably: 0, possibly: 0 }, atomicity_violation: { possibly: 1 }, invalid_free: { possibly: 0 }, use_after_free: { possibly: 0 }","[2024-12-27T20:29:49Z WARN  lockbud::callbacks] [\n      {\n        \"AtomicityViolation\": {\n          \"bug_kind\": \"AtomicityViolation\",\n          \"possibility\": \"Possibly\",\n          \"diagnosis\": {\n            \"fn_name\": \"set_logger_racy\",\n            \"atomic_reader\": \"/home/runner/.cargo/registry/src/index.crates.io-6f17d22bba15001f/log-0.4.22/src/lib.rs:1447:11: 1447:40 (#0)\",\n            \"atomic_writer\": \"/home/runner/.cargo/registry/src/index.crates.io-6f17d22bba15001f/log-0.4.22/src/lib.rs:1450:13: 1450:56 (#0)\",\n            \"dep_kind\": \"Control\"\n          },\n          \"explanation\": \"atomic::store is data/control dependent on atomic::load\"\n        }\n      }\n    ]\n[2024-12-27T20:29:49Z WARN  lockbud::callbacks] crate log contains bugs: { probably: 0, possibly: 0 }, conflictlock: { probably: 0, possibly: 0 }, condvar_deadlock: { probably: 0, possibly: 0 }, atomicity_violation: { possibly: 1 }, invalid_free: { possibly: 0 }, use_after_free: { possibly: 0 }\n[2024-12-27T20:29:50Z WARN  lockbud::callbacks] [\n      {\n        \"AtomicityViolation\": {\n          \"bug_kind\": \"AtomicityViolation\",\n          \"possibility\": \"Possibly\",\n          \"diagnosis\": {\n            \"fn_name\": \"lazy::LazyUsize::unsync_init\",\n            \"atomic_reader\": \"/home/runner/.cargo/registry/src/index.crates.io-6f17d22bba15001f/getrandom-0.2.15/src/lazy.rs:36:23: 36:43 (#0)\",\n            \"atomic_writer\": \"/home/runner/.cargo/registry/src/index.crates.io-6f17d22bba15001f/getrandom-0.2.15/src/lazy.rs:39:13: 39:39 (#0)\",\n            \"dep_kind\": \"Both\"\n          },\n          \"explanation\": \"atomic::store is data/control dependent on atomic::load\"\n        }\n      }\n    ]\n[2024-12-27T20:29:50Z WARN  lockbud::callbacks] crate getrandom contains bugs: { probably: 0, possibly: 0 }, conflictlock: { probably: 0, possibly: 0 }, condvar_deadlock: { probably: 0, possibly: 0 }, atomicity_violation: { possibly: 1 }, invalid_free: { possibly: 0 }, use_after_free: { possibly: 0 }","[2024-12-27T20:29:50Z WARN  lockbud::callbacks] [\n      {\n        \"AtomicityViolation\": {\n          \"bug_kind\": \"AtomicityViolation\",\n          \"possibility\": \"Possibly\",\n          \"diagnosis\": {\n            \"fn_name\": \"lazy::LazyUsize::unsync_init\",\n            \"atomic_reader\": \"/home/runner/.cargo/registry/src/index.crates.io-6f17d22bba15001f/getrandom-0.2.15/src/lazy.rs:36:23: 36:43 (#0)\",\n            \"atomic_writer\": \"/home/runner/.cargo/registry/src/index.crates.io-6f17d22bba15001f/getrandom-0.2.15/src/lazy.rs:39:13: 39:39 (#0)\",\n            \"dep_kind\": \"Both\"\n          },\n          \"explanation\": \"atomic::store is data/control dependent on atomic::load\"\n        }\n      }\n    ]\n[2024-12-27T20:29:50Z WARN  lockbud::callbacks] crate getrandom contains bugs: { probably: 0, possibly: 0 }, conflictlock: { probably: 0, possibly: 0 }, condvar_deadlock: { probably: 0, possibly: 0 }, atomicity_violation: { possibly: 1 }, invalid_free: { possibly: 0 }, use_after_free: { possibly: 0 }\n[2024-12-27T20:30:12Z WARN  lockbud::callbacks] [\n      {\n        \"AtomicityViolation\": {\n          \"bug_kind\": \"AtomicityViolation\",\n          \"possibility\": \"Possibly\",\n          \"diagnosis\": {\n            \"fn_name\": \"set_logger_racy\",\n            \"atomic_reader\": \"/home/runner/.cargo/registry/src/index.crates.io-6f17d22bba15001f/log-0.4.22/src/lib.rs:1447:11: 1447:40 (#0)\",\n            \"atomic_writer\": \"/home/runner/.cargo/registry/src/index.crates.io-6f17d22bba15001f/log-0.4.22/src/lib.rs:1450:13: 1450:56 (#0)\",\n            \"dep_kind\": \"Control\"\n          },\n          \"explanation\": \"atomic::store is data/control dependent on atomic::load\"\n        }\n      }\n    ]\n[2024-12-27T20:30:12Z WARN  lockbud::callbacks] crate log contains bugs: { probably: 0, possibly: 0 }, conflictlock: { probably: 0, possibly: 0 }, condvar_deadlock: { probably: 0, possibly: 0 }, atomicity_violation: { possibly: 1 }, invalid_free: { possibly: 0 }, use_after_free: { possibly: 0 }","[2024-12-27T20:29:50Z WARN  lockbud::callbacks] [\n      {\n        \"AtomicityViolation\": {\n          \"bug_kind\": \"AtomicityViolation\",\n          \"possibility\": \"Possibly\",\n          \"diagnosis\": {\n            \"fn_name\": \"lazy::LazyUsize::unsync_init\",\n            \"atomic_reader\": \"/home/runner/.cargo/registry/src/index.crates.io-6f17d22bba15001f/getrandom-0.2.15/src/lazy.rs:36:23: 36:43 (#0)\",\n            \"atomic_writer\": \"/home/runner/.cargo/registry/src/index.crates.io-6f17d22bba15001f/getrandom-0.2.15/src/lazy.rs:39:13: 39:39 (#0)\",\n            \"dep_kind\": \"Both\"\n          },\n          \"explanation\": \"atomic::store is data/control dependent on atomic::load\"\n        }\n      }\n    ]\n[2024-12-27T20:29:50Z WARN  lockbud::callbacks] crate getrandom contains bugs: { probably: 0, possibly: 0 }, conflictlock: { probably: 0, possibly: 0 }, condvar_deadlock: { probably: 0, possibly: 0 }, atomicity_violation: { possibly: 1 }, invalid_free: { possibly: 0 }, use_after_free: { possibly: 0 }\n[2024-12-27T20:30:19Z WARN  lockbud::callbacks] [\n      {\n        \"AtomicityViolation\": {\n          \"bug_kind\": \"AtomicityViolation\",\n          \"possibility\": \"Possibly\",\n          \"diagnosis\": {\n            \"fn_name\": \"set_logger_racy\",\n            \"atomic_reader\": \"/home/runner/.cargo/registry/src/index.crates.io-6f17d22bba15001f/log-0.4.22/src/lib.rs:1447:11: 1447:40 (#0)\",\n            \"atomic_writer\": \"/home/runner/.cargo/registry/src/index.crates.io-6f17d22bba15001f/log-0.4.22/src/lib.rs:1450:13: 1450:56 (#0)\",\n            \"dep_kind\": \"Control\"\n          },\n          \"explanation\": \"atomic::store is data/control dependent on atomic::load\"\n        }\n      }\n    ]\n[2024-12-27T20:30:19Z WARN  lockbud::callbacks] crate log contains bugs: { probably: 0, possibly: 0 }, conflictlock: { probably: 0, possibly: 0 }, condvar_deadlock: { probably: 0, possibly: 0 }, atomicity_violation: { possibly: 1 }, invalid_free: { possibly: 0 }, use_after_free: { possibly: 0 }","[2024-12-27T20:29:50Z WARN  lockbud::callbacks] [\n      {\n        \"AtomicityViolation\": {\n          \"bug_kind\": \"AtomicityViolation\",\n          \"possibility\": \"Possibly\",\n          \"diagnosis\": {\n            \"fn_name\": \"lazy::LazyUsize::unsync_init\",\n            \"atomic_reader\": \"/home/runner/.cargo/registry/src/index.crates.io-6f17d22bba15001f/getrandom-0.2.15/src/lazy.rs:36:23: 36:43 (#0)\",\n            \"atomic_writer\": \"/home/runner/.cargo/registry/src/index.crates.io-6f17d22bba15001f/getrandom-0.2.15/src/lazy.rs:39:13: 39:39 (#0)\",\n            \"dep_kind\": \"Both\"\n          },\n          \"explanation\": \"atomic::store is data/control dependent on atomic::load\"\n        }\n      }\n    ]\n[2024-12-27T20:29:50Z WARN  lockbud::callbacks] crate getrandom contains bugs: { probably: 0, possibly: 0 }, conflictlock: { probably: 0, possibly: 0 }, condvar_deadlock: { probably: 0, possibly: 0 }, atomicity_violation: { possibly: 1 }, invalid_free: { possibly: 0 }, use_after_free: { possibly: 0 }\n[2024-12-27T20:30:24Z WARN  lockbud::callbacks] [\n      {\n        \"AtomicityViolation\": {\n          \"bug_kind\": \"AtomicityViolation\",\n          \"possibility\": \"Possibly\",\n          \"diagnosis\": {\n            \"fn_name\": \"set_logger_racy\",\n            \"atomic_reader\": \"/home/runner/.cargo/registry/src/index.crates.io-6f17d22bba15001f/log-0.4.22/src/lib.rs:1447:11: 1447:40 (#0)\",\n            \"atomic_writer\": \"/home/runner/.cargo/registry/src/index.crates.io-6f17d22bba15001f/log-0.4.22/src/lib.rs:1450:13: 1450:56 (#0)\",\n            \"dep_kind\": \"Control\"\n          },\n          \"explanation\": \"atomic::store is data/control dependent on atomic::load\"\n        }\n      }\n    ]\n[2024-12-27T20:30:24Z WARN  lockbud::callbacks] crate log contains bugs: { probably: 0, possibly: 0 }, conflictlock: { probably: 0, possibly: 0 }, condvar_deadlock: { probably: 0, possibly: 0 }, atomicity_violation: { possibly: 1 }, invalid_free: { possibly: 0 }, use_after_free: { possibly: 0 }"]}},{"file":"[semver checks]","count":5,"kinds":{"Semver Violation":["pkg=axvm, checker=SemverChecks\ntoolchain=nightly-2024-05-02, target=riscv64gc-unknown-none-elf\npkg_dir=/home/runner/check/batch_4/arceos-hypervisor/axvm\ncmd=cargo +nightly-2024-12-26-x86_64-unknown-linux-gnu semver-checks --target riscv64gc-unknown-none-elf\n\n\nstdout:\n\nstderr:\n    Building axvm v0.1.0 (current)\nerror: running cargo-doc on crate 'axvm' failed with output:\n-----\nerror: output of --print=file-names missing when learning about target-specific information from rustc\ncommand was: `/home/runner/.rustup/toolchains/nightly-2024-12-26-x86_64-unknown-linux-gnu/bin/rustc - --crate-name ___ --print=file-names --cap-lints=allow --target riscv64gc-unknown-none-elf --crate-type bin --crate-type rlib --crate-type dylib --crate-type cdylib --crate-type staticlib --crate-type proc-macro --print=sysroot --print=split-debuginfo --print=crate-name --print=cfg`\n\n--- stdout\n___\nlib___.rlib\nlib___.a\n/home/runner/.rustup/toolchains/nightly-2024-12-26-x86_64-unknown-linux-gnu\noff\n___\ndebug_assertions\nfmt_debug=\"full\"\noverflow_checks\npanic=\"abort\"\nproc_macro\nrelocation_model=\"static\"\ntarget_abi=\"\"\ntarget_arch=\"riscv64\"\ntarget_endian=\"little\"\ntarget_env=\"\"\ntarget_feature=\"a\"\ntarget_feature=\"c\"\ntarget_feature=\"d\"\ntarget_feature=\"f\"\ntarget_feature=\"m\"\ntarget_has_atomic\ntarget_has_atomic=\"16\"\ntarget_has_atomic=\"32\"\ntarget_has_atomic=\"64\"\ntarget_has_atomic=\"8\"\ntarget_has_atomic=\"ptr\"\ntarget_has_atomic_equal_alignment=\"16\"\ntarget_has_atomic_equal_alignment=\"32\"\ntarget_has_atomic_equal_alignment=\"64\"\ntarget_has_atomic_equal_alignment=\"8\"\ntarget_has_atomic_equal_alignment=\"ptr\"\ntarget_has_atomic_load_store\ntarget_has_atomic_load_store=\"16\"\ntarget_has_atomic_load_store=\"32\"\ntarget_has_atomic_load_store=\"64\"\ntarget_has_atomic_load_store=\"8\"\ntarget_has_atomic_load_store=\"ptr\"\ntarget_os=\"none\"\ntarget_pointer_width=\"64\"\ntarget_vendor=\"unknown\"\nub_checks\n\n\n-----\n\nerror: failed to build rustdoc for crate axvm v0.1.0\nnote: this is usually due to a compilation error in the crate,\n      and is unlikely to be a bug in cargo-semver-checks\nnote: the following command can be used to reproduce the compilation error:\n      cargo new --lib example &&\n          cd example &&\n          echo '[workspace]' >> Cargo.toml &&\n          cargo add --path /home/runner/check/batch_4/arceos-hypervisor/axvm --features default,vmx &&\n          cargo check\n\nerror: aborting due to failure to build rustdoc for crate axvm v0.1.0\n","pkg=axvm, checker=SemverChecks\ntoolchain=nightly-2024-05-02, target=x86_64-unknown-linux-gnu\npkg_dir=/home/runner/check/batch_4/arceos-hypervisor/axvm\ncmd=cargo +nightly-2024-12-26-x86_64-unknown-linux-gnu semver-checks --target x86_64-unknown-linux-gnu\n\n\nstdout:\n\nstderr:\n    Building axvm v0.1.0 (current)\nerror: running cargo-doc on crate 'axvm' failed with output:\n-----\n   Compiling proc-macro2 v1.0.92\n   Compiling unicode-ident v1.0.14\n    Checking bit_field v0.10.2\n   Compiling crunchy v0.2.2\n   Compiling libc v0.2.169\n   Compiling rustversion v1.0.19\n    Checking cfg-if v1.0.0\n    Checking bitflags v2.6.0\n   Compiling tiny-keccak v2.0.2\n    Checking bitflags v1.3.2\n   Compiling x86 v0.52.0\n    Checking volatile v0.4.6\n   Compiling serde v1.0.217\n   Compiling quote v1.0.38\n   Compiling syn v2.0.92\n   Compiling getrandom v0.2.15\n    Checking raw-cpuid v10.7.0\n   Compiling version_check v0.9.5\n    Checking log v0.4.22\n   Compiling axerrno v0.1.0\n    Checking memory_addr v0.3.1\n   Compiling once_cell v1.20.2\n   Compiling ahash v0.8.11\n   Compiling const-random-macro v0.1.16\n    Checking x86_64 v0.15.1\n   Compiling autocfg v1.4.0\nerror[E0053]: method `steps_between` has an incompatible type for trait\n   --> /home/runner/.cargo/registry/src/index.crates.io-1949cf8c6b5b557f/x86_64-0.15.1/src/addr.rs:362:51\n    |\n362 |     fn steps_between(start: &Self, end: &Self) -> Option<usize> {\n    |                                                   ^^^^^^^^^^^^^ expected `(usize, Option<usize>)`, found `Option<usize>`\n    |\n    = note: expected signature `fn(&addr::VirtAddr, &addr::VirtAddr) -> (usize, Option<usize>)`\n               found signature `fn(&addr::VirtAddr, &addr::VirtAddr) -> Option<usize>`\nhelp: change the output type to match the trait\n    |\n362 |     fn steps_between(start: &Self, end: &Self) -> (usize, Option<usize>) {\n    |                                                   ~~~~~~~~~~~~~~~~~~~~~~\n\nerror[E0053]: method `steps_between` has an incompatible type for trait\n   --> /home/runner/.cargo/registry/src/index.crates.io-1949cf8c6b5b557f/x86_64-0.15.1/src/structures/paging/page.rs:294:51\n    |\n294 |     fn steps_between(start: &Self, end: &Self) -> Option<usize> {\n    |                                                   ^^^^^^^^^^^^^ expected `(usize, Option<usize>)`, found `Option<usize>`\n    |\n    = note: expected signature `fn(&Page<_>, &Page<_>) -> (usize, Option<usize>)`\n               found signature `fn(&Page<_>, &Page<_>) -> Option<usize>`\nhelp: change the output type to match the trait\n    |\n294 |     fn steps_between(start: &Self, end: &Self) -> (usize, Option<usize>) {\n    |                                                   ~~~~~~~~~~~~~~~~~~~~~~\n\nerror[E0053]: method `steps_between` has an incompatible type for trait\n   --> /home/runner/.cargo/registry/src/index.crates.io-1949cf8c6b5b557f/x86_64-0.15.1/src/structures/paging/page_table.rs:349:51\n    |\n349 |     fn steps_between(start: &Self, end: &Self) -> Option<usize> {\n    |                                                   ^^^^^^^^^^^^^ expected `(usize, Option<usize>)`, found `Option<usize>`\n    |\n    = note: expected signature `fn(&PageTableIndex, &PageTableIndex) -> (usize, Option<usize>)`\n               found signature `fn(&PageTableIndex, &PageTableIndex) -> Option<usize>`\nhelp: change the output type to match the trait\n    |\n349 |     fn steps_between(start: &Self, end: &Self) -> (usize, Option<usize>) {\n    |                                                   ~~~~~~~~~~~~~~~~~~~~~~\n\n   Compiling lock_api v0.4.12\n    Checking const-random v0.1.18\nFor more information about this error, try `rustc --explain E0053`.\nerror: could not compile `x86_64` (lib) due to 3 previous errors\nwarning: build failed, waiting for other jobs to finish...\n\n-----\n\nerror: failed to build rustdoc for crate axvm v0.1.0\nnote: this is usually due to a compilation error in the crate,\n      and is unlikely to be a bug in cargo-semver-checks\nnote: the following command can be used to reproduce the compilation error:\n      cargo new --lib example &&\n          cd example &&\n          echo '[workspace]' >> Cargo.toml &&\n          cargo add --path /home/runner/check/batch_4/arceos-hypervisor/axvm --features default,vmx &&\n          cargo check\n\nerror: aborting due to failure to build rustdoc for crate axvm v0.1.0\n","pkg=axvm, checker=SemverChecks\ntoolchain=nightly-2024-05-02, target=aarch64-unknown-none\npkg_dir=/home/runner/check/batch_4/arceos-hypervisor/axvm\ncmd=cargo +nightly-2024-12-26-x86_64-unknown-linux-gnu semver-checks --target aarch64-unknown-none\n\n\nstdout:\n\nstderr:\n    Building axvm v0.1.0 (current)\nerror: running cargo-doc on crate 'axvm' failed with output:\n-----\nerror: output of --print=file-names missing when learning about target-specific information from rustc\ncommand was: `/home/runner/.rustup/toolchains/nightly-2024-12-26-x86_64-unknown-linux-gnu/bin/rustc - --crate-name ___ --print=file-names --cap-lints=allow --target aarch64-unknown-none --crate-type bin --crate-type rlib --crate-type dylib --crate-type cdylib --crate-type staticlib --crate-type proc-macro --print=sysroot --print=split-debuginfo --print=crate-name --print=cfg`\n\n--- stdout\n___\nlib___.rlib\nlib___.a\n/home/runner/.rustup/toolchains/nightly-2024-12-26-x86_64-unknown-linux-gnu\noff\n___\ndebug_assertions\nfmt_debug=\"full\"\noverflow_checks\npanic=\"abort\"\nproc_macro\nrelocation_model=\"static\"\ntarget_abi=\"\"\ntarget_arch=\"aarch64\"\ntarget_endian=\"little\"\ntarget_env=\"\"\ntarget_feature=\"neon\"\ntarget_has_atomic\ntarget_has_atomic=\"128\"\ntarget_has_atomic=\"16\"\ntarget_has_atomic=\"32\"\ntarget_has_atomic=\"64\"\ntarget_has_atomic=\"8\"\ntarget_has_atomic=\"ptr\"\ntarget_has_atomic_equal_alignment=\"128\"\ntarget_has_atomic_equal_alignment=\"16\"\ntarget_has_atomic_equal_alignment=\"32\"\ntarget_has_atomic_equal_alignment=\"64\"\ntarget_has_atomic_equal_alignment=\"8\"\ntarget_has_atomic_equal_alignment=\"ptr\"\ntarget_has_atomic_load_store\ntarget_has_atomic_load_store=\"128\"\ntarget_has_atomic_load_store=\"16\"\ntarget_has_atomic_load_store=\"32\"\ntarget_has_atomic_load_store=\"64\"\ntarget_has_atomic_load_store=\"8\"\ntarget_has_atomic_load_store=\"ptr\"\ntarget_os=\"none\"\ntarget_pointer_width=\"64\"\ntarget_vendor=\"unknown\"\nub_checks\n\n\n-----\n\nerror: failed to build rustdoc for crate axvm v0.1.0\nnote: this is usually due to a compilation error in the crate,\n      and is unlikely to be a bug in cargo-semver-checks\nnote: the following command can be used to reproduce the compilation error:\n      cargo new --lib example &&\n          cd example &&\n          echo '[workspace]' >> Cargo.toml &&\n          cargo add --path /home/runner/check/batch_4/arceos-hypervisor/axvm --features default,vmx &&\n          cargo check\n\nerror: aborting due to failure to build rustdoc for crate axvm v0.1.0\n","pkg=axvm, checker=SemverChecks\ntoolchain=nightly-2024-05-02, target=x86_64-unknown-none\npkg_dir=/home/runner/check/batch_4/arceos-hypervisor/axvm\ncmd=cargo +nightly-2024-12-26-x86_64-unknown-linux-gnu semver-checks --target x86_64-unknown-none\n\n\nstdout:\n\nstderr:\n    Building axvm v0.1.0 (current)\nerror: running cargo-doc on crate 'axvm' failed with output:\n-----\nerror: output of --print=file-names missing when learning about target-specific information from rustc\ncommand was: `/home/runner/.rustup/toolchains/nightly-2024-12-26-x86_64-unknown-linux-gnu/bin/rustc - --crate-name ___ --print=file-names --cap-lints=allow --target x86_64-unknown-none --crate-type bin --crate-type rlib --crate-type dylib --crate-type cdylib --crate-type staticlib --crate-type proc-macro --print=sysroot --print=split-debuginfo --print=crate-name --print=cfg`\n\n--- stdout\n___\nlib___.rlib\nlib___.a\n/home/runner/.rustup/toolchains/nightly-2024-12-26-x86_64-unknown-linux-gnu\noff\n___\ndebug_assertions\nfmt_debug=\"full\"\noverflow_checks\npanic=\"abort\"\nproc_macro\nrelocation_model=\"pic\"\ntarget_abi=\"\"\ntarget_arch=\"x86_64\"\ntarget_endian=\"little\"\ntarget_env=\"\"\ntarget_feature=\"fxsr\"\ntarget_feature=\"x87\"\ntarget_has_atomic\ntarget_has_atomic=\"16\"\ntarget_has_atomic=\"32\"\ntarget_has_atomic=\"64\"\ntarget_has_atomic=\"8\"\ntarget_has_atomic=\"ptr\"\ntarget_has_atomic_equal_alignment=\"16\"\ntarget_has_atomic_equal_alignment=\"32\"\ntarget_has_atomic_equal_alignment=\"64\"\ntarget_has_atomic_equal_alignment=\"8\"\ntarget_has_atomic_equal_alignment=\"ptr\"\ntarget_has_atomic_load_store\ntarget_has_atomic_load_store=\"16\"\ntarget_has_atomic_load_store=\"32\"\ntarget_has_atomic_load_store=\"64\"\ntarget_has_atomic_load_store=\"8\"\ntarget_has_atomic_load_store=\"ptr\"\ntarget_os=\"none\"\ntarget_pointer_width=\"64\"\ntarget_vendor=\"unknown\"\nub_checks\n\n\n-----\n\nerror: failed to build rustdoc for crate axvm v0.1.0\nnote: this is usually due to a compilation error in the crate,\n      and is unlikely to be a bug in cargo-semver-checks\nnote: the following command can be used to reproduce the compilation error:\n      cargo new --lib example &&\n          cd example &&\n          echo '[workspace]' >> Cargo.toml &&\n          cargo add --path /home/runner/check/batch_4/arceos-hypervisor/axvm --features default,vmx &&\n          cargo check\n\nerror: aborting due to failure to build rustdoc for crate axvm v0.1.0\n","pkg=axvm, checker=SemverChecks\ntoolchain=nightly-2024-05-02, target=aarch64-unknown-none-softfloat\npkg_dir=/home/runner/check/batch_4/arceos-hypervisor/axvm\ncmd=cargo +nightly-2024-12-26-x86_64-unknown-linux-gnu semver-checks --target aarch64-unknown-none-softfloat\n\n\nstdout:\n\nstderr:\n    Building axvm v0.1.0 (current)\nerror: running cargo-doc on crate 'axvm' failed with output:\n-----\nerror: output of --print=file-names missing when learning about target-specific information from rustc\ncommand was: `/home/runner/.rustup/toolchains/nightly-2024-12-26-x86_64-unknown-linux-gnu/bin/rustc - --crate-name ___ --print=file-names --cap-lints=allow --target aarch64-unknown-none-softfloat --crate-type bin --crate-type rlib --crate-type dylib --crate-type cdylib --crate-type staticlib --crate-type proc-macro --print=sysroot --print=split-debuginfo --print=crate-name --print=cfg`\n\n--- stdout\n___\nlib___.rlib\nlib___.a\n/home/runner/.rustup/toolchains/nightly-2024-12-26-x86_64-unknown-linux-gnu\noff\n___\ndebug_assertions\nfmt_debug=\"full\"\noverflow_checks\npanic=\"abort\"\nproc_macro\nrelocation_model=\"static\"\ntarget_abi=\"softfloat\"\ntarget_arch=\"aarch64\"\ntarget_endian=\"little\"\ntarget_env=\"\"\ntarget_has_atomic\ntarget_has_atomic=\"128\"\ntarget_has_atomic=\"16\"\ntarget_has_atomic=\"32\"\ntarget_has_atomic=\"64\"\ntarget_has_atomic=\"8\"\ntarget_has_atomic=\"ptr\"\ntarget_has_atomic_equal_alignment=\"128\"\ntarget_has_atomic_equal_alignment=\"16\"\ntarget_has_atomic_equal_alignment=\"32\"\ntarget_has_atomic_equal_alignment=\"64\"\ntarget_has_atomic_equal_alignment=\"8\"\ntarget_has_atomic_equal_alignment=\"ptr\"\ntarget_has_atomic_load_store\ntarget_has_atomic_load_store=\"128\"\ntarget_has_atomic_load_store=\"16\"\ntarget_has_atomic_load_store=\"32\"\ntarget_has_atomic_load_store=\"64\"\ntarget_has_atomic_load_store=\"8\"\ntarget_has_atomic_load_store=\"ptr\"\ntarget_os=\"none\"\ntarget_pointer_width=\"64\"\ntarget_vendor=\"unknown\"\nub_checks\n\n\n-----\n\nerror: failed to build rustdoc for crate axvm v0.1.0\nnote: this is usually due to a compilation error in the crate,\n      and is unlikely to be a bug in cargo-semver-checks\nnote: the following command can be used to reproduce the compilation error:\n      cargo new --lib example &&\n          cd example &&\n          echo '[workspace]' >> Cargo.toml &&\n          cargo add --path /home/runner/check/batch_4/arceos-hypervisor/axvm --features default,vmx &&\n          cargo check\n\nerror: aborting due to failure to build rustdoc for crate axvm v0.1.0\n"]}},{"file":"/home/runner/.cargo/registry/src/index.crates.io-6f17d22bba15001f/x86_64-0.14.13/src/addr.rs","count":2,"kinds":{"Clippy(Error)":["error[E0053]: method `steps_between` has an incompatible type for trait\n   --> /home/runner/.cargo/registry/src/index.crates.io-6f17d22bba15001f/x86_64-0.14.13/src/addr.rs:387:51\n    |\n387 |     fn steps_between(start: &Self, end: &Self) -> (usize, Option<usize>) {\n    |                                                   ^^^^^^^^^^^^^^^^^^^^^^\n    |                                                   |\n    |                                                   expected `Option<usize>`, found `(usize, Option<usize>)`\n    |                                                   help: change the output type to match the trait: `Option<usize>`\n    |\n    = note: expected signature `fn(&addr::VirtAddr, &addr::VirtAddr) -> Option<usize>`\n               found signature `fn(&addr::VirtAddr, &addr::VirtAddr) -> (usize, Option<usize>)`\n\n","error[E0053]: method `steps_between` has an incompatible type for trait\n   --> /home/runner/.cargo/registry/src/index.crates.io-6f17d22bba15001f/x86_64-0.14.13/src/addr.rs:387:51\n    |\n387 |     fn steps_between(start: &Self, end: &Self) -> (usize, Option<usize>) {\n    |                                                   ^^^^^^^^^^^^^^^^^^^^^^\n    |                                                   |\n    |                                                   expected `Option<usize>`, found `(usize, Option<usize>)`\n    |                                                   help: change the output type to match the trait: `Option<usize>`\n    |\n    = note: expected signature `fn(&addr::VirtAddr, &addr::VirtAddr) -> Option<usize>`\n               found signature `fn(&addr::VirtAddr, &addr::VirtAddr) -> (usize, Option<usize>)`\n\n"]}},{"file":"/home/runner/.cargo/registry/src/index.crates.io-6f17d22bba15001f/x86_64-0.14.13/src/structures/paging/page.rs","count":2,"kinds":{"Clippy(Error)":["error[E0053]: method `steps_between` has an incompatible type for trait\n   --> /home/runner/.cargo/registry/src/index.crates.io-6f17d22bba15001f/x86_64-0.14.13/src/structures/paging/page.rs:284:51\n    |\n284 |     fn steps_between(start: &Self, end: &Self) -> (usize, Option<usize>) {\n    |                                                   ^^^^^^^^^^^^^^^^^^^^^^\n    |                                                   |\n    |                                                   expected `Option<usize>`, found `(usize, Option<usize>)`\n    |                                                   help: change the output type to match the trait: `Option<usize>`\n    |\n    = note: expected signature `fn(&Page<_>, &Page<_>) -> Option<usize>`\n               found signature `fn(&Page<_>, &Page<_>) -> (usize, Option<usize>)`\n\n","error[E0053]: method `steps_between` has an incompatible type for trait\n   --> /home/runner/.cargo/registry/src/index.crates.io-6f17d22bba15001f/x86_64-0.14.13/src/structures/paging/page.rs:284:51\n    |\n284 |     fn steps_between(start: &Self, end: &Self) -> (usize, Option<usize>) {\n    |                                                   ^^^^^^^^^^^^^^^^^^^^^^\n    |                                                   |\n    |                                                   expected `Option<usize>`, found `(usize, Option<usize>)`\n    |                                                   help: change the output type to match the trait: `Option<usize>`\n    |\n    = note: expected signature `fn(&Page<_>, &Page<_>) -> Option<usize>`\n               found signature `fn(&Page<_>, &Page<_>) -> (usize, Option<usize>)`\n\n"]}},{"file":"(virtual) clippy","count":2,"kinds":{"Cargo":["// pkg_name=axvm, checker=Clippy\n// toolchain=nightly-2024-05-02, target=x86_64-unknown-none\n// pkg_dir=/home/runner/check/batch_4/arceos-hypervisor/axvm\n// cmd=cargo clippy --target x86_64-unknown-none --no-deps --message-format=json\n// timestamp=2024-12-28 4:29:31.297025166 +08:00:00\n    Checking cfg-if v1.0.0\n    Checking bit_field v0.10.2\n   Compiling rustversion v1.0.19\n    Checking bitflags v2.6.0\n    Checking bitflags v1.3.2\n   Compiling x86 v0.52.0\n    Checking volatile v0.4.6\n   Compiling serde v1.0.216\n    Checking raw-cpuid v10.7.0\n    Checking memory_addr v0.3.1\n    Checking log v0.4.22\n   Compiling axerrno v0.1.0\n    Checking const-random v0.1.18\n   Compiling ahash v0.8.11\n    Checking once_cell v1.20.2\n    Checking zerocopy v0.7.35\n    Checking memory_set v0.3.1\n    Checking lazyinit v0.2.1\n    Checking numeric-enum-macro v0.2.0\n    Checking allocator-api2 v0.2.21\n    Checking x86_64 v0.15.1\n    Checking equivalent v1.0.1\n    Checking hashbrown v0.15.2\n    Checking indexmap v2.7.0\n    Checking hashbrown v0.14.5\n    Checking winnow v0.6.20\n    Checking page_table_entry v0.4.2\n    Checking page_table_multiarch v0.4.2\n    Checking toml_datetime v0.6.6 (https://github.com/arceos-hypervisor/toml.git?branch=no_std#fdb24a16)\n    Checking serde_spanned v0.6.6 (https://github.com/arceos-hypervisor/toml.git?branch=no_std#fdb24a16)\n   Compiling percpu v0.1.6\n   Compiling lock_api v0.4.12\n    Checking axaddrspace v0.1.0 (https://github.com/arceos-hypervisor/axaddrspace.git#d135a90b)\n    Checking scopeguard v1.2.0\n    Checking x86_64 v0.14.13\n    Checking axvcpu v0.1.0 (https://github.com/arceos-hypervisor/axvcpu.git#4790ff63)\n    Checking axdevice_base v0.1.0 (https://github.com/arceos-hypervisor/axdevice_crates.git#a8a5b667)\n    Checking raw-cpuid v11.2.0\n    Checking spin v0.9.8\nerror: could not compile `x86_64` (lib) due to 3 previous errors\nwarning: build failed, waiting for other jobs to finish...\n","// pkg_name=axvm, checker=Clippy\n// toolchain=nightly-2024-05-02, target=x86_64-unknown-linux-gnu\n// pkg_dir=/home/runner/check/batch_4/arceos-hypervisor/axvm\n// cmd=cargo clippy --target x86_64-unknown-linux-gnu --no-deps --message-format=json\n// timestamp=2024-12-28 4:29:35.501948901 +08:00:00\n    Checking bit_field v0.10.2\n    Checking cfg-if v1.0.0\n    Checking bitflags v2.6.0\n    Checking volatile v0.4.6\n    Checking bitflags v1.3.2\n   Compiling x86 v0.52.0\n   Compiling serde v1.0.216\n    Checking raw-cpuid v10.7.0\n    Checking memory_addr v0.3.1\n    Checking log v0.4.22\n    Checking x86_64 v0.15.1\n   Compiling axerrno v0.1.0\n    Checking const-random v0.1.18\n   Compiling ahash v0.8.11\n    Checking zerocopy v0.7.35\n    Checking once_cell v1.20.2\n   Compiling lock_api v0.4.12\n    Checking memory_set v0.3.1\n    Checking allocator-api2 v0.2.21\n    Checking numeric-enum-macro v0.2.0\n    Checking hashbrown v0.15.2\n    Checking page_table_entry v0.4.2\n    Checking scopeguard v1.2.0\n    Checking lazyinit v0.2.1\n    Checking equivalent v1.0.1\n    Checking hashbrown v0.14.5\n    Checking indexmap v2.7.0\n    Checking page_table_multiarch v0.4.2\n    Checking winnow v0.6.20\n    Checking axaddrspace v0.1.0 (https://github.com/arceos-hypervisor/axaddrspace.git#d135a90b)\n   Compiling percpu v0.1.6\n    Checking spin v0.9.8\n    Checking x86_64 v0.14.13\n    Checking axvcpu v0.1.0 (https://github.com/arceos-hypervisor/axvcpu.git#4790ff63)\n    Checking toml_datetime v0.6.6 (https://github.com/arceos-hypervisor/toml.git?branch=no_std#fdb24a16)\n    Checking serde_spanned v0.6.6 (https://github.com/arceos-hypervisor/toml.git?branch=no_std#fdb24a16)\n    Checking axdevice_base v0.1.0 (https://github.com/arceos-hypervisor/axdevice_crates.git#a8a5b667)\n    Checking raw-cpuid v11.2.0\nerror: could not compile `x86_64` (lib) due to 3 previous errors\nwarning: build failed, waiting for other jobs to finish...\n"]}},{"file":"(virtual) lockbud","count":2,"kinds":{"Cargo":["// pkg_name=axvm, checker=Lockbud\n// toolchain=nightly-2024-05-02, target=x86_64-unknown-linux-gnu\n// pkg_dir=/home/runner/check/batch_4/arceos-hypervisor/axvm\n// cmd=cargo +nightly-2024-10-05 lockbud -k all -- --target x86_64-unknown-linux-gnu\n// timestamp=2024-12-28 4:30:18.75289084 +08:00:00\n   Compiling cfg-if v1.0.0\n   Compiling bit_field v0.10.2\n   Compiling bitflags v2.6.0\n   Compiling bitflags v1.3.2\n   Compiling volatile v0.4.6\n   Compiling x86 v0.52.0\n   Compiling serde v1.0.216\n   Compiling raw-cpuid v10.7.0\n[2024-12-27T20:29:50Z WARN  lockbud::callbacks] [\n      {\n        \"AtomicityViolation\": {\n          \"bug_kind\": \"AtomicityViolation\",\n          \"possibility\": \"Possibly\",\n          \"diagnosis\": {\n            \"fn_name\": \"lazy::LazyUsize::unsync_init\",\n            \"atomic_reader\": \"/home/runner/.cargo/registry/src/index.crates.io-6f17d22bba15001f/getrandom-0.2.15/src/lazy.rs:36:23: 36:43 (#0)\",\n            \"atomic_writer\": \"/home/runner/.cargo/registry/src/index.crates.io-6f17d22bba15001f/getrandom-0.2.15/src/lazy.rs:39:13: 39:39 (#0)\",\n            \"dep_kind\": \"Both\"\n          },\n          \"explanation\": \"atomic::store is data/control dependent on atomic::load\"\n        }\n      }\n    ]\n[2024-12-27T20:29:50Z WARN  lockbud::callbacks] crate getrandom contains bugs: { probably: 0, possibly: 0 }, conflictlock: { probably: 0, possibly: 0 }, condvar_deadlock: { probably: 0, possibly: 0 }, atomicity_violation: { possibly: 1 }, invalid_free: { possibly: 0 }, use_after_free: { possibly: 0 }\n   Compiling log v0.4.22\n   Compiling memory_addr v0.3.1\n   Compiling x86_64 v0.15.1\n[2024-12-27T20:30:19Z WARN  lockbud::callbacks] [\n      {\n        \"AtomicityViolation\": {\n          \"bug_kind\": \"AtomicityViolation\",\n          \"possibility\": \"Possibly\",\n          \"diagnosis\": {\n            \"fn_name\": \"set_logger_racy\",\n            \"atomic_reader\": \"/home/runner/.cargo/registry/src/index.crates.io-6f17d22bba15001f/log-0.4.22/src/lib.rs:1447:11: 1447:40 (#0)\",\n            \"atomic_writer\": \"/home/runner/.cargo/registry/src/index.crates.io-6f17d22bba15001f/log-0.4.22/src/lib.rs:1450:13: 1450:56 (#0)\",\n            \"dep_kind\": \"Control\"\n          },\n          \"explanation\": \"atomic::store is data/control dependent on atomic::load\"\n        }\n      }\n    ]\n[2024-12-27T20:30:19Z WARN  lockbud::callbacks] crate log contains bugs: { probably: 0, possibly: 0 }, conflictlock: { probably: 0, possibly: 0 }, condvar_deadlock: { probably: 0, possibly: 0 }, atomicity_violation: { possibly: 1 }, invalid_free: { possibly: 0 }, use_after_free: { possibly: 0 }\n   Compiling axerrno v0.1.0\n   Compiling const-random v0.1.18\n   Compiling ahash v0.8.11\n   Compiling zerocopy v0.7.35\n   Compiling once_cell v1.20.2\n   Compiling lock_api v0.4.12\n   Compiling memory_set v0.3.1\n   Compiling numeric-enum-macro v0.2.0\n   Compiling page_table_entry v0.4.2\n   Compiling hashbrown v0.15.2\n   Compiling scopeguard v1.2.0\n   Compiling allocator-api2 v0.2.21\n   Compiling equivalent v1.0.1\n   Compiling lazyinit v0.2.1\n   Compiling indexmap v2.7.0\n   Compiling hashbrown v0.14.5\n   Compiling page_table_multiarch v0.4.2\n   Compiling axaddrspace v0.1.0 (https://github.com/arceos-hypervisor/axaddrspace.git#d135a90b)\n   Compiling winnow v0.6.20\n   Compiling serde_spanned v0.6.6 (https://github.com/arceos-hypervisor/toml.git?branch=no_std#fdb24a16)\n   Compiling toml_datetime v0.6.6 (https://github.com/arceos-hypervisor/toml.git?branch=no_std#fdb24a16)\n   Compiling percpu v0.1.6\n   Compiling spin v0.9.8\n   Compiling axdevice_base v0.1.0 (https://github.com/arceos-hypervisor/axdevice_crates.git#a8a5b667)\n   Compiling raw-cpuid v11.2.0\n   Compiling axvcpu v0.1.0 (https://github.com/arceos-hypervisor/axvcpu.git#4790ff63)\n   Compiling x86_64 v0.14.13\nerror[E0053]: method `steps_between` has an incompatible type for trait\n   --> /home/runner/.cargo/registry/src/index.crates.io-6f17d22bba15001f/x86_64-0.14.13/src/addr.rs:387:51\n    |\n387 |     fn steps_between(start: &Self, end: &Self) -> (usize, Option<usize>) {\n    |                                                   ^^^^^^^^^^^^^^^^^^^^^^ expected `core::option::Option<usize>`, found `(usize, Option<usize>)`\n    |\n    = note: expected signature `fn(&addr::VirtAddr, &addr::VirtAddr) -> core::option::Option<usize>`\n               found signature `fn(&addr::VirtAddr, &addr::VirtAddr) -> (usize, core::option::Option<usize>)`\nhelp: change the output type to match the trait\n    |\n387 |     fn steps_between(start: &Self, end: &Self) -> core::option::Option<usize> {\n    |                                                   ~~~~~~~~~~~~~~~~~~~~~~~~~~~\n\nerror[E0053]: method `steps_between` has an incompatible type for trait\n   --> /home/runner/.cargo/registry/src/index.crates.io-6f17d22bba15001f/x86_64-0.14.13/src/structures/paging/page.rs:284:51\n    |\n284 |     fn steps_between(start: &Self, end: &Self) -> (usize, Option<usize>) {\n    |                                                   ^^^^^^^^^^^^^^^^^^^^^^ expected `core::option::Option<usize>`, found `(usize, Option<usize>)`\n    |\n    = note: expected signature `fn(&structures::paging::page::Page<_>, &structures::paging::page::Page<_>) -> core::option::Option<usize>`\n               found signature `fn(&structures::paging::page::Page<_>, &structures::paging::page::Page<_>) -> (usize, core::option::Option<usize>)`\nhelp: change the output type to match the trait\n    |\n284 |     fn steps_between(start: &Self, end: &Self) -> core::option::Option<usize> {\n    |                                                   ~~~~~~~~~~~~~~~~~~~~~~~~~~~\n\nFor more information about this error, try `rustc --explain E0053`.\nerror: could not compile `x86_64` (lib) due to 2 previous errors\nwarning: build failed, waiting for other jobs to finish...\n","// pkg_name=axvm, checker=Lockbud\n// toolchain=nightly-2024-05-02, target=x86_64-unknown-none\n// pkg_dir=/home/runner/check/batch_4/arceos-hypervisor/axvm\n// cmd=cargo +nightly-2024-10-05 lockbud -k all -- --target x86_64-unknown-none\n// timestamp=2024-12-28 4:30:11.754984449 +08:00:00\n   Compiling cfg-if v1.0.0\n   Compiling bit_field v0.10.2\n   Compiling rustversion v1.0.19\n   Compiling bitflags v2.6.0\n   Compiling volatile v0.4.6\n   Compiling x86 v0.52.0\n   Compiling bitflags v1.3.2\n   Compiling raw-cpuid v10.7.0\n   Compiling serde v1.0.216\n[2024-12-27T20:29:50Z WARN  lockbud::callbacks] [\n      {\n        \"AtomicityViolation\": {\n          \"bug_kind\": \"AtomicityViolation\",\n          \"possibility\": \"Possibly\",\n          \"diagnosis\": {\n            \"fn_name\": \"lazy::LazyUsize::unsync_init\",\n            \"atomic_reader\": \"/home/runner/.cargo/registry/src/index.crates.io-6f17d22bba15001f/getrandom-0.2.15/src/lazy.rs:36:23: 36:43 (#0)\",\n            \"atomic_writer\": \"/home/runner/.cargo/registry/src/index.crates.io-6f17d22bba15001f/getrandom-0.2.15/src/lazy.rs:39:13: 39:39 (#0)\",\n            \"dep_kind\": \"Both\"\n          },\n          \"explanation\": \"atomic::store is data/control dependent on atomic::load\"\n        }\n      }\n    ]\n[2024-12-27T20:29:50Z WARN  lockbud::callbacks] crate getrandom contains bugs: { probably: 0, possibly: 0 }, conflictlock: { probably: 0, possibly: 0 }, condvar_deadlock: { probably: 0, possibly: 0 }, atomicity_violation: { possibly: 1 }, invalid_free: { possibly: 0 }, use_after_free: { possibly: 0 }\n   Compiling memory_addr v0.3.1\n   Compiling log v0.4.22\n   Compiling axerrno v0.1.0\n[2024-12-27T20:30:12Z WARN  lockbud::callbacks] [\n      {\n        \"AtomicityViolation\": {\n          \"bug_kind\": \"AtomicityViolation\",\n          \"possibility\": \"Possibly\",\n          \"diagnosis\": {\n            \"fn_name\": \"set_logger_racy\",\n            \"atomic_reader\": \"/home/runner/.cargo/registry/src/index.crates.io-6f17d22bba15001f/log-0.4.22/src/lib.rs:1447:11: 1447:40 (#0)\",\n            \"atomic_writer\": \"/home/runner/.cargo/registry/src/index.crates.io-6f17d22bba15001f/log-0.4.22/src/lib.rs:1450:13: 1450:56 (#0)\",\n            \"dep_kind\": \"Control\"\n          },\n          \"explanation\": \"atomic::store is data/control dependent on atomic::load\"\n        }\n      }\n    ]\n[2024-12-27T20:30:12Z WARN  lockbud::callbacks] crate log contains bugs: { probably: 0, possibly: 0 }, conflictlock: { probably: 0, possibly: 0 }, condvar_deadlock: { probably: 0, possibly: 0 }, atomicity_violation: { possibly: 1 }, invalid_free: { possibly: 0 }, use_after_free: { possibly: 0 }\n   Compiling const-random v0.1.18\n   Compiling ahash v0.8.11\n   Compiling zerocopy v0.7.35\n   Compiling once_cell v1.20.2\n   Compiling x86_64 v0.15.1\n   Compiling memory_set v0.3.1\n   Compiling hashbrown v0.15.2\n   Compiling lazyinit v0.2.1\n   Compiling allocator-api2 v0.2.21\n   Compiling equivalent v1.0.1\n   Compiling numeric-enum-macro v0.2.0\n   Compiling indexmap v2.7.0\n   Compiling page_table_entry v0.4.2\n   Compiling hashbrown v0.14.5\n   Compiling winnow v0.6.20\n   Compiling page_table_multiarch v0.4.2\n   Compiling axaddrspace v0.1.0 (https://github.com/arceos-hypervisor/axaddrspace.git#d135a90b)\n   Compiling serde_spanned v0.6.6 (https://github.com/arceos-hypervisor/toml.git?branch=no_std#fdb24a16)\n   Compiling toml_datetime v0.6.6 (https://github.com/arceos-hypervisor/toml.git?branch=no_std#fdb24a16)\n   Compiling percpu v0.1.6\n   Compiling lock_api v0.4.12\n   Compiling scopeguard v1.2.0\n   Compiling axvcpu v0.1.0 (https://github.com/arceos-hypervisor/axvcpu.git#4790ff63)\n   Compiling axdevice_base v0.1.0 (https://github.com/arceos-hypervisor/axdevice_crates.git#a8a5b667)\n   Compiling x86_64 v0.14.13\n   Compiling raw-cpuid v11.2.0\n   Compiling spin v0.9.8\nerror[E0053]: method `steps_between` has an incompatible type for trait\n   --> /home/runner/.cargo/registry/src/index.crates.io-6f17d22bba15001f/x86_64-0.14.13/src/addr.rs:387:51\n    |\n387 |     fn steps_between(start: &Self, end: &Self) -> (usize, Option<usize>) {\n    |                                                   ^^^^^^^^^^^^^^^^^^^^^^ expected `core::option::Option<usize>`, found `(usize, Option<usize>)`\n    |\n    = note: expected signature `fn(&addr::VirtAddr, &addr::VirtAddr) -> core::option::Option<usize>`\n               found signature `fn(&addr::VirtAddr, &addr::VirtAddr) -> (usize, core::option::Option<usize>)`\nhelp: change the output type to match the trait\n    |\n387 |     fn steps_between(start: &Self, end: &Self) -> core::option::Option<usize> {\n    |                                                   ~~~~~~~~~~~~~~~~~~~~~~~~~~~\n\nerror[E0053]: method `steps_between` has an incompatible type for trait\n   --> /home/runner/.cargo/registry/src/index.crates.io-6f17d22bba15001f/x86_64-0.14.13/src/structures/paging/page.rs:284:51\n    |\n284 |     fn steps_between(start: &Self, end: &Self) -> (usize, Option<usize>) {\n    |                                                   ^^^^^^^^^^^^^^^^^^^^^^ expected `core::option::Option<usize>`, found `(usize, Option<usize>)`\n    |\n    = note: expected signature `fn(&structures::paging::page::Page<_>, &structures::paging::page::Page<_>) -> core::option::Option<usize>`\n               found signature `fn(&structures::paging::page::Page<_>, &structures::paging::page::Page<_>) -> (usize, core::option::Option<usize>)`\nhelp: change the output type to match the trait\n    |\n284 |     fn steps_between(start: &Self, end: &Self) -> core::option::Option<usize> {\n    |                                                   ~~~~~~~~~~~~~~~~~~~~~~~~~~~\n\n   Compiling toml_edit v0.22.15 (https://github.com/arceos-hypervisor/toml.git?branch=no_std#fdb24a16)\nFor more information about this error, try `rustc --explain E0053`.\nerror: could not compile `x86_64` (lib) due to 2 previous errors\nwarning: build failed, waiting for other jobs to finish...\n"]}}]}],"kinds_order":["Cargo","Clippy(Error)","Clippy(Warn)","Semver Violation","Audit","Mirai","Rap","Rudra","Lockbud(Probably)","Lockbud(Possibly)","Outdated","Geiger","Unformatted"]}