{
  "repo": {
    "user": "arceos-hypervisor",
    "repo": "axvm"
  },
  "data": [
    {
      "user": "arceos-hypervisor",
      "repo": "axvm",
      "pkg": "axvm",
      "count": 27,
      "raw_reports": [
        {
          "file": "/home/runner/.cargo/registry/src/index.crates.io-1949cf8c6b5b557f/axaddrspace-0.1.3/src/address_space/backend/alloc.rs",
          "features": "",
          "count": 9,
          "kinds": {
            "Clippy(Error)": [
              "error[E0599]: `&mut PageTable64<ExtendedPageTableMetadata, EPTEntry, H>` is not an iterator\n  --> /home/runner/.cargo/registry/src/index.crates.io-1949cf8c6b5b557f/axaddrspace-0.1.3/src/address_space/backend/alloc.rs:35:42\n   |\n35 |                     .and_then(|frame| pt.map(addr, frame, PageSize::Size4K, flags).ok())\n   |                                          ^^^ `&mut PageTable64<ExtendedPageTableMetadata, EPTEntry, H>` is not an iterator\n   |\n  ::: /home/runner/.cargo/registry/src/index.crates.io-1949cf8c6b5b557f/page_table_multiarch-0.5.8/src/bits64.rs:32:1\n   |\n32 | pub struct PageTable64<M: PagingMetaData, PTE: GenericPTE, H: PagingHandler> {\n   | ---------------------------------------------------------------------------- doesn't satisfy `_: Iterator`\n   |\n   = note: the following trait bounds were not satisfied:\n           `PageTable64<ExtendedPageTableMetadata, EPTEntry, H>: Iterator`\n           which is required by `&mut PageTable64<ExtendedPageTableMetadata, EPTEntry, H>: Iterator`\n           `&mut PageTable64<ExtendedPageTableMetadata, EPTEntry, H>: Iterator`\n           which is required by `&mut &mut PageTable64<ExtendedPageTableMetadata, EPTEntry, H>: Iterator`\n\n",
              "error[E0599]: no method named `map_region` found for mutable reference `&mut PageTable64<ExtendedPageTableMetadata, EPTEntry, H>` in the current scope\n  --> /home/runner/.cargo/registry/src/index.crates.io-1949cf8c6b5b557f/axaddrspace-0.1.3/src/address_space/backend/alloc.rs:44:16\n   |\n44 |             pt.map_region(\n   |             ---^^^^^^^^^^ method not found in `&mut PageTable64<ExtendedPageTableMetadata, EPTEntry, H>`\n\n",
              "error[E0599]: no method named `unmap` found for mutable reference `&mut PageTable64<ExtendedPageTableMetadata, EPTEntry, H>` in the current scope\n  --> /home/runner/.cargo/registry/src/index.crates.io-1949cf8c6b5b557f/axaddrspace-0.1.3/src/address_space/backend/alloc.rs:65:51\n   |\n65 |             if let Ok((frame, page_size, _)) = pt.unmap(addr) {\n   |                                                   ^^^^^ method not found in `&mut PageTable64<ExtendedPageTableMetadata, EPTEntry, H>`\n\n",
              "error[E0282]: type annotations needed\n  --> /home/runner/.cargo/registry/src/index.crates.io-1949cf8c6b5b557f/axaddrspace-0.1.3/src/address_space/backend/alloc.rs:68:20\n   |\n68 |                 if page_size.is_huge() {\n   |                    ^^^^^^^^^ cannot infer type\n\n",
              "error[E0599]: no method named `remap` found for mutable reference `&mut PageTable64<ExtendedPageTableMetadata, EPTEntry, H>` in the current scope\n  --> /home/runner/.cargo/registry/src/index.crates.io-1949cf8c6b5b557f/axaddrspace-0.1.3/src/address_space/backend/alloc.rs:93:38\n   |\n93 |                 .and_then(|frame| pt.remap(vaddr, frame, orig_flags).ok())\n   |                                      ^^^^^ method not found in `&mut PageTable64<ExtendedPageTableMetadata, EPTEntry, H>`\n\n"
            ],
            "Mirai": [
              "error[E0599]: `&mut PageTable64<ExtendedPageTableMetadata, EPTEntry, H>` is not an iterator\n  --> /home/runner/.cargo/registry/src/index.crates.io-1949cf8c6b5b557f/axaddrspace-0.1.3/src/address_space/backend/alloc.rs:35:42\n   |\n35 |                     .and_then(|frame| pt.map(addr, frame, PageSize::Size4K, flags).ok())\n   |                                          ^^^ `&mut PageTable64<ExtendedPageTableMetadata, EPTEntry, H>` is not an iterator\n   |\n  ::: /home/runner/.cargo/registry/src/index.crates.io-1949cf8c6b5b557f/page_table_multiarch-0.5.8/src/bits64.rs:32:1\n   |\n32 | pub struct PageTable64<M: PagingMetaData, PTE: GenericPTE, H: PagingHandler> {\n   | ---------------------------------------------------------------------------- doesn't satisfy `_: Iterator`\n   |\n   = note: the following trait bounds were not satisfied:\n           `PageTable64<ExtendedPageTableMetadata, EPTEntry, H>: Iterator`\n           which is required by `&mut PageTable64<ExtendedPageTableMetadata, EPTEntry, H>: Iterator`\n           `&mut PageTable64<ExtendedPageTableMetadata, EPTEntry, H>: Iterator`\n           which is required by `&mut &mut PageTable64<ExtendedPageTableMetadata, EPTEntry, H>: Iterator`\n\n",
              "error[E0599]: no method named `map_region` found for mutable reference `&mut PageTable64<ExtendedPageTableMetadata, EPTEntry, H>` in the current scope\n  --> /home/runner/.cargo/registry/src/index.crates.io-1949cf8c6b5b557f/axaddrspace-0.1.3/src/address_space/backend/alloc.rs:44:16\n   |\n44 |             pt.map_region(\n   |             ---^^^^^^^^^^ method not found in `&mut PageTable64<ExtendedPageTableMetadata, EPTEntry, H>`\n\n",
              "error[E0599]: no method named `unmap` found for mutable reference `&mut PageTable64<ExtendedPageTableMetadata, EPTEntry, H>` in the current scope\n  --> /home/runner/.cargo/registry/src/index.crates.io-1949cf8c6b5b557f/axaddrspace-0.1.3/src/address_space/backend/alloc.rs:65:51\n   |\n65 |             if let Ok((frame, page_size, _)) = pt.unmap(addr) {\n   |                                                   ^^^^^ method not found in `&mut PageTable64<ExtendedPageTableMetadata, EPTEntry, H>`\n\n",
              "error[E0599]: no method named `remap` found for mutable reference `&mut PageTable64<ExtendedPageTableMetadata, EPTEntry, H>` in the current scope\n  --> /home/runner/.cargo/registry/src/index.crates.io-1949cf8c6b5b557f/axaddrspace-0.1.3/src/address_space/backend/alloc.rs:93:38\n   |\n93 |                 .and_then(|frame| pt.remap(vaddr, frame, orig_flags).ok())\n   |                                      ^^^^^ method not found in `&mut PageTable64<ExtendedPageTableMetadata, EPTEntry, H>`\n\n"
            ]
          }
        },
        {
          "file": "/home/runner/.cargo/registry/src/index.crates.io-1949cf8c6b5b557f/axaddrspace-0.1.3/src/address_space/backend/linear.rs",
          "features": "",
          "count": 5,
          "kinds": {
            "Clippy(Error)": [
              "error[E0599]: no method named `map_region` found for mutable reference `&mut PageTable64<ExtendedPageTableMetadata, EPTEntry, H>` in the current scope\n  --> /home/runner/.cargo/registry/src/index.crates.io-1949cf8c6b5b557f/axaddrspace-0.1.3/src/address_space/backend/linear.rs:30:12\n   |\n30 |         pt.map_region(\n   |         ---^^^^^^^^^^ method not found in `&mut PageTable64<ExtendedPageTableMetadata, EPTEntry, H>`\n\n",
              "error[E0282]: type annotations needed\n  --> /home/runner/.cargo/registry/src/index.crates.io-1949cf8c6b5b557f/axaddrspace-0.1.3/src/address_space/backend/linear.rs:32:14\n   |\n32 |             |va| PhysAddr::from(va.as_usize() - pa_va_offset),\n   |              ^^                 -- type must be known at this point\n   |\nhelp: consider giving this closure parameter an explicit type\n   |\n32 |             |va: /* Type */| PhysAddr::from(va.as_usize() - pa_va_offset),\n   |                ++++++++++++\n\n",
              "error[E0599]: no method named `unmap_region` found for mutable reference `&mut PageTable64<ExtendedPageTableMetadata, EPTEntry, H>` in the current scope\n  --> /home/runner/.cargo/registry/src/index.crates.io-1949cf8c6b5b557f/axaddrspace-0.1.3/src/address_space/backend/linear.rs:49:12\n   |\n49 |         pt.unmap_region(start, size, true).is_ok()\n   |            ^^^^^^^^^^^^ method not found in `&mut PageTable64<ExtendedPageTableMetadata, EPTEntry, H>`\n\n"
            ],
            "Mirai": [
              "error[E0599]: no method named `map_region` found for mutable reference `&mut PageTable64<ExtendedPageTableMetadata, EPTEntry, H>` in the current scope\n  --> /home/runner/.cargo/registry/src/index.crates.io-1949cf8c6b5b557f/axaddrspace-0.1.3/src/address_space/backend/linear.rs:30:12\n   |\n30 |         pt.map_region(\n   |         ---^^^^^^^^^^ method not found in `&mut PageTable64<ExtendedPageTableMetadata, EPTEntry, H>`\n\n",
              "error[E0599]: no method named `unmap_region` found for mutable reference `&mut PageTable64<ExtendedPageTableMetadata, EPTEntry, H>` in the current scope\n  --> /home/runner/.cargo/registry/src/index.crates.io-1949cf8c6b5b557f/axaddrspace-0.1.3/src/address_space/backend/linear.rs:49:12\n   |\n49 |         pt.unmap_region(start, size, true).is_ok()\n   |            ^^^^^^^^^^^^ method not found in `&mut PageTable64<ExtendedPageTableMetadata, EPTEntry, H>`\n\n"
            ]
          }
        },
        {
          "file": "/home/runner/.cargo/registry/src/index.crates.io-1949cf8c6b5b557f/axaddrspace-0.1.3/src/address_space/backend/mod.rs",
          "features": "",
          "count": 3,
          "kinds": {
            "Mirai": [
              "error[E0599]: no method named `protect_region` found for mutable reference `&mut PageTable64<ExtendedPageTableMetadata, EPTEntry, H>` in the current scope\n  --> /home/runner/.cargo/registry/src/index.crates.io-1949cf8c6b5b557f/axaddrspace-0.1.3/src/address_space/backend/mod.rs:88:14\n   |\n87 | /         page_table\n88 | |             .protect_region(start, size, new_flags, true)\n   | |             -^^^^^^^^^^^^^^ method not found in `&mut PageTable64<ExtendedPageTableMetadata, EPTEntry, H>`\n   | |_____________|\n   |\n\n"
            ],
            "Clippy(Error)": [
              "error[E0599]: no method named `protect_region` found for mutable reference `&mut PageTable64<ExtendedPageTableMetadata, EPTEntry, H>` in the current scope\n  --> /home/runner/.cargo/registry/src/index.crates.io-1949cf8c6b5b557f/axaddrspace-0.1.3/src/address_space/backend/mod.rs:88:14\n   |\n87 | /         page_table\n88 | |             .protect_region(start, size, new_flags, true)\n   | |             -^^^^^^^^^^^^^^ method not found in `&mut PageTable64<ExtendedPageTableMetadata, EPTEntry, H>`\n   | |_____________|\n   |\n\n",
              "error[E0282]: type annotations needed\n  --> /home/runner/.cargo/registry/src/index.crates.io-1949cf8c6b5b557f/axaddrspace-0.1.3/src/address_space/backend/mod.rs:91:19\n   |\n91 |             .map(|tlb| tlb.ignore())\n   |                   ^^^  --- type must be known at this point\n   |\nhelp: consider giving this closure parameter an explicit type\n   |\n91 |             .map(|tlb: /* Type */| tlb.ignore())\n   |                      ++++++++++++\n\n"
            ]
          }
        },
        {
          "file": "(virtual) clippy",
          "features": "",
          "count": 1,
          "kinds": {
            "Cargo": [
              "// pkg_name=axvm, checker=Clippy\n// toolchain=nightly-2025-12-06-x86_64-unknown-linux-gnu, target=x86_64-unknown-linux-gnu\n// features=\n// pkg_dir=/mnt/check/batch_1/arceos-hypervisor/axvm\n// cmd=cargo clippy --target x86_64-unknown-linux-gnu  --no-deps\n// timestamp=2026-02-07 5:11:14.571948689 +08:00:00\n   Compiling rustversion v1.0.22\n    Checking bit_field v0.10.3\n   Compiling const_fn v0.4.11\n    Checking bitflags v1.3.2\n    Checking log v0.4.29\n    Checking bitflags v2.10.0\n   Compiling x86 v0.52.0\n   Compiling axerrno v0.2.2\n   Compiling serde_core v1.0.228\n    Checking raw-cpuid v10.7.0\n    Checking strum v0.27.2\n    Checking volatile v0.4.6\n    Checking memory_addr v0.4.1\n    Checking axerrno v0.1.2\n    Checking arrayvec v0.7.6\n    Checking cfg-if v1.0.4\n    Checking memory_set v0.4.1\n    Checking x86_64 v0.15.4\n    Checking numeric-enum-macro v0.2.0\n    Checking winnow v0.7.14\n    Checking lazyinit v0.2.2\n   Compiling serde v1.0.228\n    Checking toml_writer v1.0.6+spec-1.1.0\n    Checking page_table_entry v0.5.8\n    Checking page_table_multiarch v0.5.8\n    Checking scopeguard v1.2.0\n    Checking lock_api v0.4.14\n    Checking axaddrspace v0.1.3\n    Checking toml_parser v1.0.6+spec-1.1.0\n    Checking toml_datetime v0.7.5+spec-1.1.0\n    Checking serde_spanned v1.0.4\nerror: could not compile `axaddrspace` (lib) due to 10 previous errors\nwarning: build failed, waiting for other jobs to finish...\n"
            ]
          }
        },
        {
          "file": "(virtual) geiger",
          "features": "",
          "count": 1,
          "kinds": {
            "Cargo": [
              "// pkg_name=axvm, checker=Geiger\n// toolchain=nightly-2025-12-06-x86_64-unknown-linux-gnu, target=x86_64-unknown-linux-gnu\n// features=\n// pkg_dir=/mnt/check/batch_1/arceos-hypervisor/axvm\n// cmd=cargo +nightly-2025-12-06-x86_64-unknown-linux-gnu geiger --output-format Ascii\n// timestamp=2026-02-07 5:12:39.537865574 +08:00:00\nFailed to match (ignoring source) package: registry+https://github.com/rust-lang/crates.io-index#memchr@2.8.0 \nFailed to match (ignoring source) package: registry+https://github.com/rust-lang/crates.io-index#memchr@2.8.0 \nFailed to match (ignoring source) package: registry+https://github.com/rust-lang/crates.io-index#memchr@2.8.0 \nFailed to match (ignoring source) package: registry+https://github.com/rust-lang/crates.io-index#memchr@2.8.0 \nFailed to match (ignoring source) package: registry+https://github.com/rust-lang/crates.io-index#memchr@2.8.0 \nFailed to match (ignoring source) package: registry+https://github.com/rust-lang/crates.io-index#memchr@2.8.0 \nFailed to match (ignoring source) package: registry+https://github.com/rust-lang/crates.io-index#memchr@2.8.0 \nFailed to match (ignoring source) package: registry+https://github.com/rust-lang/crates.io-index#memchr@2.8.0 \nFailed to match (ignoring source) package: registry+https://github.com/rust-lang/crates.io-index#memchr@2.8.0 \nFailed to match (ignoring source) package: registry+https://github.com/rust-lang/crates.io-index#memchr@2.8.0 \nFailed to match (ignoring source) package: registry+https://github.com/rust-lang/crates.io-index#memchr@2.8.0 \nFailed to match (ignoring source) package: registry+https://github.com/rust-lang/crates.io-index#memchr@2.8.0 \nFailed to match (ignoring source) package: registry+https://github.com/rust-lang/crates.io-index#memchr@2.8.0 \nFailed to match (ignoring source) package: registry+https://github.com/rust-lang/crates.io-index#memchr@2.8.0 \nFailed to match (ignoring source) package: registry+https://github.com/rust-lang/crates.io-index#memchr@2.8.0 \n     Removed 0 files\n   Compiling proc-macro2 v1.0.106\n   Compiling unicode-ident v1.0.22\n   Compiling quote v1.0.44\n   Compiling winnow v0.7.14\n{\"$message_type\":\"artifact\",\"artifact\":\"/mnt/check/batch_1/arceos-hypervisor/axvm/target/debug/build/quote-dd492d978b206574/build_script_build-dd492d978b206574.d\",\"emit\":\"dep-info\"}\n{\"$message_type\":\"artifact\",\"artifact\":\"/mnt/check/batch_1/arceos-hypervisor/axvm/target/debug/build/proc-macro2-cdf796aa2c14344f/build_script_build-cdf796aa2c14344f.d\",\"emit\":\"dep-info\"}\n{\"$message_type\":\"artifact\",\"artifact\":\"/mnt/check/batch_1/arceos-hypervisor/axvm/target/debug/deps/unicode_ident-12c495887fb81e30.d\",\"emit\":\"dep-info\"}\n{\"$message_type\":\"artifact\",\"artifact\":\"/mnt/check/batch_1/arceos-hypervisor/axvm/target/debug/deps/libunicode_ident-12c495887fb81e30.rmeta\",\"emit\":\"metadata\"}\n{\"$message_type\":\"artifact\",\"artifact\":\"/mnt/check/batch_1/arceos-hypervisor/axvm/target/debug/deps/libunicode_ident-12c495887fb81e30.rlib\",\"emit\":\"link\"}\n   Compiling equivalent v1.0.2\n{\"$message_type\":\"artifact\",\"artifact\":\"/mnt/check/batch_1/arceos-hypervisor/axvm/target/debug/deps/equivalent-5a88bd14f385988f.d\",\"emit\":\"dep-info\"}\n{\"$message_type\":\"artifact\",\"artifact\":\"/mnt/check/batch_1/arceos-hypervisor/axvm/target/debug/deps/libequivalent-5a88bd14f385988f.rmeta\",\"emit\":\"metadata\"}\n{\"$message_type\":\"artifact\",\"artifact\":\"/mnt/check/batch_1/arceos-hypervisor/axvm/target/debug/deps/libequivalent-5a88bd14f385988f.rlib\",\"emit\":\"link\"}\n   Compiling hashbrown v0.16.1\n{\"$message_type\":\"artifact\",\"artifact\":\"/mnt/check/batch_1/arceos-hypervisor/axvm/target/debug/build/quote-dd492d978b206574/build_script_build-dd492d978b206574\",\"emit\":\"link\"}\n    Checking bit_field v0.10.3\n{\"$message_type\":\"artifact\",\"artifact\":\"/mnt/check/batch_1/arceos-hypervisor/axvm/target/debug/deps/hashbrown-3f1d75084e71ae90.d\",\"emit\":\"dep-info\"}\n{\"$message_type\":\"artifact\",\"artifact\":\"/mnt/check/batch_1/arceos-hypervisor/axvm/target/debug/deps/winnow-a67ea301ff20c158.d\",\"emit\":\"dep-info\"}\n{\"$message_type\":\"artifact\",\"artifact\":\"/mnt/check/batch_1/arceos-hypervisor/axvm/target/debug/build/proc-macro2-cdf796aa2c14344f/build_script_build-cdf796aa2c14344f\",\"emit\":\"link\"}\n{\"$message_type\":\"artifact\",\"artifact\":\"/mnt/check/batch_1/arceos-hypervisor/axvm/target/debug/deps/bit_field-5f0cf7a55cf79a0f.d\",\"emit\":\"dep-info\"}\n{\"$message_type\":\"artifact\",\"artifact\":\"/mnt/check/batch_1/arceos-hypervisor/axvm/target/debug/deps/libbit_field-5f0cf7a55cf79a0f.rmeta\",\"emit\":\"metadata\"}\n   Compiling rustversion v1.0.22\n{\"$message_type\":\"artifact\",\"artifact\":\"/mnt/check/batch_1/arceos-hypervisor/axvm/target/debug/build/rustversion-40be1d7cd574670a/build_script_build-40be1d7cd574670a.d\",\"emit\":\"dep-info\"}\n{\"$message_type\":\"artifact\",\"artifact\":\"/mnt/check/batch_1/arceos-hypervisor/axvm/target/debug/deps/proc_macro2-3fd771b2015bdd3c.d\",\"emit\":\"dep-info\"}\n{\"$message_type\":\"artifact\",\"artifact\":\"/mnt/check/batch_1/arceos-hypervisor/axvm/target/debug/build/rustversion-40be1d7cd574670a/build_script_build-40be1d7cd574670a\",\"emit\":\"link\"}\n   Compiling toml_datetime v0.7.5+spec-1.1.0\n{\"$message_type\":\"artifact\",\"artifact\":\"/mnt/check/batch_1/arceos-hypervisor/axvm/target/debug/deps/toml_datetime-da7f30d591090122.d\",\"emit\":\"dep-info\"}\n{\"$message_type\":\"artifact\",\"artifact\":\"/mnt/check/batch_1/arceos-hypervisor/axvm/target/debug/deps/libtoml_datetime-da7f30d591090122.rmeta\",\"emit\":\"metadata\"}\n{\"$message_type\":\"artifact\",\"artifact\":\"/mnt/check/batch_1/arceos-hypervisor/axvm/target/debug/deps/libproc_macro2-3fd771b2015bdd3c.rmeta\",\"emit\":\"metadata\"}\n{\"$message_type\":\"artifact\",\"artifact\":\"/mnt/check/batch_1/arceos-hypervisor/axvm/target/debug/deps/libhashbrown-3f1d75084e71ae90.rmeta\",\"emit\":\"metadata\"}\n{\"$message_type\":\"artifact\",\"artifact\":\"/mnt/check/batch_1/arceos-hypervisor/axvm/target/debug/deps/libtoml_datetime-da7f30d591090122.rlib\",\"emit\":\"link\"}\n   Compiling const_fn v0.4.11\n{\"$message_type\":\"artifact\",\"artifact\":\"/mnt/check/batch_1/arceos-hypervisor/axvm/target/debug/deps/libhashbrown-3f1d75084e71ae90.rlib\",\"emit\":\"link\"}\n   Compiling indexmap v2.13.0\n{\"$message_type\":\"artifact\",\"artifact\":\"/mnt/check/batch_1/arceos-hypervisor/axvm/target/debug/build/const_fn-bfbc17d36b1abd2b/build_script_build-bfbc17d36b1abd2b.d\",\"emit\":\"dep-info\"}\n{\"$message_type\":\"artifact\",\"artifact\":\"/mnt/check/batch_1/arceos-hypervisor/axvm/target/debug/deps/indexmap-5f0bfe0f2357a9f6.d\",\"emit\":\"dep-info\"}\n{\"$message_type\":\"artifact\",\"artifact\":\"/mnt/check/batch_1/arceos-hypervisor/axvm/target/debug/deps/libproc_macro2-3fd771b2015bdd3c.rlib\",\"emit\":\"link\"}\n{\"$message_type\":\"artifact\",\"artifact\":\"/mnt/check/batch_1/arceos-hypervisor/axvm/target/debug/build/const_fn-bfbc17d36b1abd2b/build_script_build-bfbc17d36b1abd2b\",\"emit\":\"link\"}\n   Compiling heck v0.5.0\n{\"$message_type\":\"artifact\",\"artifact\":\"/mnt/check/batch_1/arceos-hypervisor/axvm/target/debug/deps/quote-ad624ba7b4b6b9f6.d\",\"emit\":\"dep-info\"}\n{\"$message_type\":\"artifact\",\"artifact\":\"/mnt/check/batch_1/arceos-hypervisor/axvm/target/debug/deps/heck-20e948fc986d72b6.d\",\"emit\":\"dep-info\"}\n{\"$message_type\":\"artifact\",\"artifact\":\"/mnt/check/batch_1/arceos-hypervisor/axvm/target/debug/deps/libheck-20e948fc986d72b6.rmeta\",\"emit\":\"metadata\"}\n{\"$message_type\":\"artifact\",\"artifact\":\"/mnt/check/batch_1/arceos-hypervisor/axvm/target/debug/deps/libquote-ad624ba7b4b6b9f6.rmeta\",\"emit\":\"metadata\"}\n{\"$message_type\":\"artifact\",\"artifact\":\"/mnt/check/batch_1/arceos-hypervisor/axvm/target/debug/deps/libheck-20e948fc986d72b6.rlib\",\"emit\":\"link\"}\n{\"$message_type\":\"artifact\",\"artifact\":\"/mnt/check/batch_1/arceos-hypervisor/axvm/target/debug/deps/libquote-ad624ba7b4b6b9f6.rlib\",\"emit\":\"link\"}\n   Compiling syn v2.0.114\n    Checking log v0.4.29\n{\"$message_type\":\"artifact\",\"artifact\":\"/mnt/check/batch_1/arceos-hypervisor/axvm/target/debug/deps/log-afca5d2b4f7ff5c1.d\",\"emit\":\"dep-info\"}\n{\"$message_type\":\"artifact\",\"artifact\":\"/mnt/check/batch_1/arceos-hypervisor/axvm/target/debug/deps/liblog-afca5d2b4f7ff5c1.rmeta\",\"emit\":\"metadata\"}\n   Compiling axerrno v0.2.2\n{\"$message_type\":\"artifact\",\"artifact\":\"/mnt/check/batch_1/arceos-hypervisor/axvm/target/debug/build/axerrno-fb4107a154223bac/build_script_build-fb4107a154223bac.d\",\"emit\":\"dep-info\"}\n{\"$message_type\":\"artifact\",\"artifact\":\"/mnt/check/batch_1/arceos-hypervisor/axvm/target/debug/deps/syn-9b1a11ee96a11aa0.d\",\"emit\":\"dep-info\"}\n{\"$message_type\":\"artifact\",\"artifact\":\"/mnt/check/batch_1/arceos-hypervisor/axvm/target/debug/build/axerrno-fb4107a154223bac/build_script_build-fb4107a154223bac\",\"emit\":\"link\"}\n{\"$message_type\":\"artifact\",\"artifact\":\"/mnt/check/batch_1/arceos-hypervisor/axvm/target/debug/deps/libindexmap-5f0bfe0f2357a9f6.rmeta\",\"emit\":\"metadata\"}\n   Compiling serde_core v1.0.228\n{\"$message_type\":\"artifact\",\"artifact\":\"/mnt/check/batch_1/arceos-hypervisor/axvm/target/debug/deps/libindexmap-5f0bfe0f2357a9f6.rlib\",\"emit\":\"link\"}\n    Checking bitflags v2.10.0\n{\"$message_type\":\"artifact\",\"artifact\":\"/mnt/check/batch_1/arceos-hypervisor/axvm/target/debug/build/serde_core-3200d1e1e694550b/build_script_build-3200d1e1e694550b.d\",\"emit\":\"dep-info\"}\n{\"$message_type\":\"artifact\",\"artifact\":\"/mnt/check/batch_1/arceos-hypervisor/axvm/target/debug/deps/bitflags-58a9b0610e43665f.d\",\"emit\":\"dep-info\"}\n{\"$message_type\":\"artifact\",\"artifact\":\"/mnt/check/batch_1/arceos-hypervisor/axvm/target/debug/deps/libbitflags-58a9b0610e43665f.rmeta\",\"emit\":\"metadata\"}\n    Checking bitflags v1.3.2\n{\"$message_type\":\"artifact\",\"artifact\":\"/mnt/check/batch_1/arceos-hypervisor/axvm/target/debug/deps/bitflags-e452f082b53802d5.d\",\"emit\":\"dep-info\"}\n{\"$message_type\":\"artifact\",\"artifact\":\"/mnt/check/batch_1/arceos-hypervisor/axvm/target/debug/deps/libbitflags-e452f082b53802d5.rmeta\",\"emit\":\"metadata\"}\n   Compiling x86 v0.52.0\n{\"$message_type\":\"artifact\",\"artifact\":\"/mnt/check/batch_1/arceos-hypervisor/axvm/target/debug/build/x86-cff6e8417eca5035/build_script_build-cff6e8417eca5035.d\",\"emit\":\"dep-info\"}\n{\"$message_type\":\"artifact\",\"artifact\":\"/mnt/check/batch_1/arceos-hypervisor/axvm/target/debug/build/serde_core-3200d1e1e694550b/build_script_build-3200d1e1e694550b\",\"emit\":\"link\"}\n    Checking raw-cpuid v10.7.0\n{\"$message_type\":\"artifact\",\"artifact\":\"/mnt/check/batch_1/arceos-hypervisor/axvm/target/debug/build/x86-cff6e8417eca5035/build_script_build-cff6e8417eca5035\",\"emit\":\"link\"}\n{\"$message_type\":\"artifact\",\"artifact\":\"/mnt/check/batch_1/arceos-hypervisor/axvm/target/debug/deps/rustversion-88a5d32f40b12196.d\",\"emit\":\"dep-info\"}\n{\"$message_type\":\"artifact\",\"artifact\":\"/mnt/check/batch_1/arceos-hypervisor/axvm/target/debug/deps/raw_cpuid-5f4ca47649f2be1c.d\",\"emit\":\"dep-info\"}\n{\"$message_type\":\"artifact\",\"artifact\":\"/mnt/check/batch_1/arceos-hypervisor/axvm/target/debug/deps/libwinnow-a67ea301ff20c158.rmeta\",\"emit\":\"metadata\"}\n{\"$message_type\":\"artifact\",\"artifact\":\"/mnt/check/batch_1/arceos-hypervisor/axvm/target/debug/deps/libwinnow-a67ea301ff20c158.rlib\",\"emit\":\"link\"}\n   Compiling toml_parser v1.0.6+spec-1.1.0\n{\"$message_type\":\"artifact\",\"artifact\":\"/mnt/check/batch_1/arceos-hypervisor/axvm/target/debug/deps/toml_parser-e1e1451d36acfedd.d\",\"emit\":\"dep-info\"}\n{\"$message_type\":\"artifact\",\"artifact\":\"/mnt/check/batch_1/arceos-hypervisor/axvm/target/debug/deps/librustversion-88a5d32f40b12196.so\",\"emit\":\"link\"}\n{\"$message_type\":\"artifact\",\"artifact\":\"/mnt/check/batch_1/arceos-hypervisor/axvm/target/debug/deps/const_fn-0f31606f44a40f46.d\",\"emit\":\"dep-info\"}\n{\"$message_type\":\"artifact\",\"artifact\":\"/mnt/check/batch_1/arceos-hypervisor/axvm/target/debug/deps/libtoml_parser-e1e1451d36acfedd.rmeta\",\"emit\":\"metadata\"}\n{\"$message_type\":\"artifact\",\"artifact\":\"/mnt/check/batch_1/arceos-hypervisor/axvm/target/debug/deps/libconst_fn-0f31606f44a40f46.so\",\"emit\":\"link\"}\n    Checking volatile v0.4.6\n{\"$message_type\":\"artifact\",\"artifact\":\"/mnt/check/batch_1/arceos-hypervisor/axvm/target/debug/deps/volatile-9c3a5d9b8a46e4be.d\",\"emit\":\"dep-info\"}\n{\"$message_type\":\"artifact\",\"artifact\":\"/mnt/check/batch_1/arceos-hypervisor/axvm/target/debug/deps/libvolatile-9c3a5d9b8a46e4be.rmeta\",\"emit\":\"metadata\"}\n{\"$message_type\":\"artifact\",\"artifact\":\"/mnt/check/batch_1/arceos-hypervisor/axvm/target/debug/deps/libraw_cpuid-5f4ca47649f2be1c.rmeta\",\"emit\":\"metadata\"}\n    Checking memory_addr v0.4.1\n{\"$message_type\":\"artifact\",\"artifact\":\"/mnt/check/batch_1/arceos-hypervisor/axvm/target/debug/deps/memory_addr-1af6af25dabff246.d\",\"emit\":\"dep-info\"}\n{\"$message_type\":\"artifact\",\"artifact\":\"/mnt/check/batch_1/arceos-hypervisor/axvm/target/debug/deps/libmemory_addr-1af6af25dabff246.rmeta\",\"emit\":\"metadata\"}\n    Checking x86_64 v0.15.4\n{\"$message_type\":\"artifact\",\"artifact\":\"/mnt/check/batch_1/arceos-hypervisor/axvm/target/debug/deps/libtoml_parser-e1e1451d36acfedd.rlib\",\"emit\":\"link\"}\n   Compiling toml_edit v0.23.10+spec-1.0.0\n{\"$message_type\":\"artifact\",\"artifact\":\"/mnt/check/batch_1/arceos-hypervisor/axvm/target/debug/deps/x86-6a4f6e4a070c5559.d\",\"emit\":\"dep-info\"}\n{\"$message_type\":\"artifact\",\"artifact\":\"/mnt/check/batch_1/arceos-hypervisor/axvm/target/debug/deps/toml_edit-7e054d70a3f878e3.d\",\"emit\":\"dep-info\"}\n{\"$message_type\":\"artifact\",\"artifact\":\"/mnt/check/batch_1/arceos-hypervisor/axvm/target/debug/deps/x86_64-9589fe1065812979.d\",\"emit\":\"dep-info\"}\n{\"$message_type\":\"artifact\",\"artifact\":\"/mnt/check/batch_1/arceos-hypervisor/axvm/target/debug/deps/libtoml_edit-7e054d70a3f878e3.rmeta\",\"emit\":\"metadata\"}\n{\"$message_type\":\"artifact\",\"artifact\":\"/mnt/check/batch_1/arceos-hypervisor/axvm/target/debug/deps/libx86-6a4f6e4a070c5559.rmeta\",\"emit\":\"metadata\"}\n{\"$message_type\":\"artifact\",\"artifact\":\"/mnt/check/batch_1/arceos-hypervisor/axvm/target/debug/deps/libsyn-9b1a11ee96a11aa0.rmeta\",\"emit\":\"metadata\"}\n{\"$message_type\":\"artifact\",\"artifact\":\"/mnt/check/batch_1/arceos-hypervisor/axvm/target/debug/deps/serde_core-93109cb05e0fa145.d\",\"emit\":\"dep-info\"}\n{\"$message_type\":\"artifact\",\"artifact\":\"/mnt/check/batch_1/arceos-hypervisor/axvm/target/debug/deps/libx86_64-9589fe1065812979.rmeta\",\"emit\":\"metadata\"}\n    Checking page_table_entry v0.5.8\n{\"$message_type\":\"artifact\",\"artifact\":\"/mnt/check/batch_1/arceos-hypervisor/axvm/target/debug/deps/libtoml_edit-7e054d70a3f878e3.rlib\",\"emit\":\"link\"}\n   Compiling proc-macro-crate v3.4.0\n{\"$message_type\":\"artifact\",\"artifact\":\"/mnt/check/batch_1/arceos-hypervisor/axvm/target/debug/deps/page_table_entry-071da31a9b6b791e.d\",\"emit\":\"dep-info\"}\n{\"$message_type\":\"artifact\",\"artifact\":\"/mnt/check/batch_1/arceos-hypervisor/axvm/target/debug/deps/proc_macro_crate-ebf9a68726bdc2b5.d\",\"emit\":\"dep-info\"}\n{\"$message_type\":\"artifact\",\"artifact\":\"/mnt/check/batch_1/arceos-hypervisor/axvm/target/debug/deps/libpage_table_entry-071da31a9b6b791e.rmeta\",\"emit\":\"metadata\"}\n    Checking arrayvec v0.7.6\n{\"$message_type\":\"artifact\",\"artifact\":\"/mnt/check/batch_1/arceos-hypervisor/axvm/target/debug/deps/arrayvec-62de5feb621ca38e.d\",\"emit\":\"dep-info\"}\n{\"$message_type\":\"artifact\",\"artifact\":\"/mnt/check/batch_1/arceos-hypervisor/axvm/target/debug/deps/libarrayvec-62de5feb621ca38e.rmeta\",\"emit\":\"metadata\"}\n    Checking cfg-if v1.0.4\n{\"$message_type\":\"artifact\",\"artifact\":\"/mnt/check/batch_1/arceos-hypervisor/axvm/target/debug/deps/libproc_macro_crate-ebf9a68726bdc2b5.rmeta\",\"emit\":\"metadata\"}\n{\"$message_type\":\"artifact\",\"artifact\":\"/mnt/check/batch_1/arceos-hypervisor/axvm/target/debug/deps/cfg_if-4a7d0854554f50b2.d\",\"emit\":\"dep-info\"}\n{\"$message_type\":\"artifact\",\"artifact\":\"/mnt/check/batch_1/arceos-hypervisor/axvm/target/debug/deps/libcfg_if-4a7d0854554f50b2.rmeta\",\"emit\":\"metadata\"}\n    Checking page_table_multiarch v0.5.8\n{\"$message_type\":\"artifact\",\"artifact\":\"/mnt/check/batch_1/arceos-hypervisor/axvm/target/debug/deps/page_table_multiarch-e4413d8cf4ce4018.d\",\"emit\":\"dep-info\"}\n{\"$message_type\":\"artifact\",\"artifact\":\"/mnt/check/batch_1/arceos-hypervisor/axvm/target/debug/deps/libpage_table_multiarch-e4413d8cf4ce4018.rmeta\",\"emit\":\"metadata\"}\n    Checking memory_set v0.4.1\n{\"$message_type\":\"artifact\",\"artifact\":\"/mnt/check/batch_1/arceos-hypervisor/axvm/target/debug/deps/memory_set-2312ddc148782c32.d\",\"emit\":\"dep-info\"}\n{\"$message_type\":\"artifact\",\"artifact\":\"/mnt/check/batch_1/arceos-hypervisor/axvm/target/debug/deps/libmemory_set-2312ddc148782c32.rmeta\",\"emit\":\"metadata\"}\n   Compiling serde v1.0.228\n{\"$message_type\":\"artifact\",\"artifact\":\"/mnt/check/batch_1/arceos-hypervisor/axvm/target/debug/build/serde-296bd07140e1ca03/build_script_build-296bd07140e1ca03.d\",\"emit\":\"dep-info\"}\n{\"$message_type\":\"artifact\",\"artifact\":\"/mnt/check/batch_1/arceos-hypervisor/axvm/target/debug/deps/libproc_macro_crate-ebf9a68726bdc2b5.rlib\",\"emit\":\"link\"}\n    Checking lazyinit v0.2.2\n{\"$message_type\":\"artifact\",\"artifact\":\"/mnt/check/batch_1/arceos-hypervisor/axvm/target/debug/deps/lazyinit-8fc74ff675ee7995.d\",\"emit\":\"dep-info\"}\n{\"$message_type\":\"artifact\",\"artifact\":\"/mnt/check/batch_1/arceos-hypervisor/axvm/target/debug/deps/liblazyinit-8fc74ff675ee7995.rmeta\",\"emit\":\"metadata\"}\n{\"$message_type\":\"artifact\",\"artifact\":\"/mnt/check/batch_1/arceos-hypervisor/axvm/target/debug/build/serde-296bd07140e1ca03/build_script_build-296bd07140e1ca03\",\"emit\":\"link\"}\n    Checking numeric-enum-macro v0.2.0\n{\"$message_type\":\"artifact\",\"artifact\":\"/mnt/check/batch_1/arceos-hypervisor/axvm/target/debug/deps/numeric_enum_macro-796a58d6f2689351.d\",\"emit\":\"dep-info\"}\n{\"$message_type\":\"artifact\",\"artifact\":\"/mnt/check/batch_1/arceos-hypervisor/axvm/target/debug/deps/libnumeric_enum_macro-796a58d6f2689351.rmeta\",\"emit\":\"metadata\"}\n    Checking scopeguard v1.2.0\n{\"$message_type\":\"artifact\",\"artifact\":\"/mnt/check/batch_1/arceos-hypervisor/axvm/target/debug/deps/scopeguard-f9f4a2b4ed0dfe04.d\",\"emit\":\"dep-info\"}\n{\"$message_type\":\"artifact\",\"artifact\":\"/mnt/check/batch_1/arceos-hypervisor/axvm/target/debug/deps/libscopeguard-f9f4a2b4ed0dfe04.rmeta\",\"emit\":\"metadata\"}\n    Checking toml_writer v1.0.6+spec-1.1.0\n{\"$message_type\":\"artifact\",\"artifact\":\"/mnt/check/batch_1/arceos-hypervisor/axvm/target/debug/deps/winnow-340eef0b951a48aa.d\",\"emit\":\"dep-info\"}\n{\"$message_type\":\"artifact\",\"artifact\":\"/mnt/check/batch_1/arceos-hypervisor/axvm/target/debug/deps/toml_writer-d2f8876f2fca7065.d\",\"emit\":\"dep-info\"}\n{\"$message_type\":\"artifact\",\"artifact\":\"/mnt/check/batch_1/arceos-hypervisor/axvm/target/debug/deps/libtoml_writer-d2f8876f2fca7065.rmeta\",\"emit\":\"metadata\"}\n    Checking lock_api v0.4.14\n{\"$message_type\":\"artifact\",\"artifact\":\"/mnt/check/batch_1/arceos-hypervisor/axvm/target/debug/deps/lock_api-a993c9ef0ba526cc.d\",\"emit\":\"dep-info\"}\n{\"$message_type\":\"artifact\",\"artifact\":\"/mnt/check/batch_1/arceos-hypervisor/axvm/target/debug/deps/liblock_api-a993c9ef0ba526cc.rmeta\",\"emit\":\"metadata\"}\n    Checking spin v0.9.8\n{\"$message_type\":\"artifact\",\"artifact\":\"/mnt/check/batch_1/arceos-hypervisor/axvm/target/debug/deps/spin-624e50fe69e1e6f3.d\",\"emit\":\"dep-info\"}\n{\"$message_type\":\"artifact\",\"artifact\":\"/mnt/check/batch_1/arceos-hypervisor/axvm/target/debug/deps/libspin-624e50fe69e1e6f3.rmeta\",\"emit\":\"metadata\"}\n{\"$message_type\":\"artifact\",\"artifact\":\"/mnt/check/batch_1/arceos-hypervisor/axvm/target/debug/deps/cfg_if-9d10986c5e71c5c4.d\",\"emit\":\"dep-info\"}\n{\"$message_type\":\"artifact\",\"artifact\":\"/mnt/check/batch_1/arceos-hypervisor/axvm/target/debug/deps/libcfg_if-9d10986c5e71c5c4.rmeta\",\"emit\":\"metadata\"}\n{\"$message_type\":\"artifact\",\"artifact\":\"/mnt/check/batch_1/arceos-hypervisor/axvm/target/debug/deps/libcfg_if-9d10986c5e71c5c4.rlib\",\"emit\":\"link\"}\n   Compiling paste v1.0.15\n{\"$message_type\":\"artifact\",\"artifact\":\"/mnt/check/batch_1/arceos-hypervisor/axvm/target/debug/build/paste-9245072c691d01c9/build_script_build-9245072c691d01c9.d\",\"emit\":\"dep-info\"}\n{\"$message_type\":\"artifact\",\"artifact\":\"/mnt/check/batch_1/arceos-hypervisor/axvm/target/debug/build/paste-9245072c691d01c9/build_script_build-9245072c691d01c9\",\"emit\":\"link\"}\n   Compiling percpu v0.2.2\n{\"$message_type\":\"artifact\",\"artifact\":\"/mnt/check/batch_1/arceos-hypervisor/axvm/target/debug/build/percpu-c95044acf165ad46/build_script_build-c95044acf165ad46.d\",\"emit\":\"dep-info\"}\n{\"$message_type\":\"artifact\",\"artifact\":\"/mnt/check/batch_1/arceos-hypervisor/axvm/target/debug/build/percpu-c95044acf165ad46/build_script_build-c95044acf165ad46\",\"emit\":\"link\"}\n{\"$message_type\":\"artifact\",\"artifact\":\"/mnt/check/batch_1/arceos-hypervisor/axvm/target/debug/deps/paste-324a265740fab356.d\",\"emit\":\"dep-info\"}\n{\"$message_type\":\"artifact\",\"artifact\":\"/mnt/check/batch_1/arceos-hypervisor/axvm/target/debug/deps/libsyn-9b1a11ee96a11aa0.rlib\",\"emit\":\"link\"}\n   Compiling strum_macros v0.27.2\n{\"$message_type\":\"artifact\",\"artifact\":\"/mnt/check/batch_1/arceos-hypervisor/axvm/target/debug/deps/strum_macros-cbfb020a4d09a730.d\",\"emit\":\"dep-info\"}\n{\"$message_type\":\"artifact\",\"artifact\":\"/mnt/check/batch_1/arceos-hypervisor/axvm/target/debug/deps/libserde_core-93109cb05e0fa145.rmeta\",\"emit\":\"metadata\"}\n{\"$message_type\":\"artifact\",\"artifact\":\"/mnt/check/batch_1/arceos-hypervisor/axvm/target/debug/deps/toml_datetime-c6ceca623675f7e9.d\",\"emit\":\"dep-info\"}\n{\"$message_type\":\"artifact\",\"artifact\":\"/mnt/check/batch_1/arceos-hypervisor/axvm/target/debug/deps/libpaste-324a265740fab356.so\",\"emit\":\"link\"}\n    Checking serde_spanned v1.0.4\n{\"$message_type\":\"artifact\",\"artifact\":\"/mnt/check/batch_1/arceos-hypervisor/axvm/target/debug/deps/serde_spanned-ee9ffba90518d4f9.d\",\"emit\":\"dep-info\"}\n{\"$message_type\":\"artifact\",\"artifact\":\"/mnt/check/batch_1/arceos-hypervisor/axvm/target/debug/deps/libserde_spanned-ee9ffba90518d4f9.rmeta\",\"emit\":\"metadata\"}\n   Compiling enumerable_derive v1.2.0\n{\"$message_type\":\"artifact\",\"artifact\":\"/mnt/check/batch_1/arceos-hypervisor/axvm/target/debug/deps/libtoml_datetime-c6ceca623675f7e9.rmeta\",\"emit\":\"metadata\"}\n   Compiling serde_derive v1.0.228\n{\"$message_type\":\"artifact\",\"artifact\":\"/mnt/check/batch_1/arceos-hypervisor/axvm/target/debug/deps/enumerable_derive-fd4f91d7ceddee4d.d\",\"emit\":\"dep-info\"}\n{\"$message_type\":\"artifact\",\"artifact\":\"/mnt/check/batch_1/arceos-hypervisor/axvm/target/debug/deps/libwinnow-340eef0b951a48aa.rmeta\",\"emit\":\"metadata\"}\n{\"$message_type\":\"artifact\",\"artifact\":\"/mnt/check/batch_1/arceos-hypervisor/axvm/target/debug/deps/toml_parser-1d78fb53d999acd1.d\",\"emit\":\"dep-info\"}\n{\"$message_type\":\"artifact\",\"artifact\":\"/mnt/check/batch_1/arceos-hypervisor/axvm/target/debug/deps/serde_derive-5f7bb5b0388c175d.d\",\"emit\":\"dep-info\"}\n{\"$message_type\":\"artifact\",\"artifact\":\"/mnt/check/batch_1/arceos-hypervisor/axvm/target/debug/deps/libtoml_parser-1d78fb53d999acd1.rmeta\",\"emit\":\"metadata\"}\n    Checking toml v0.9.11+spec-1.1.0\n{\"$message_type\":\"artifact\",\"artifact\":\"/mnt/check/batch_1/arceos-hypervisor/axvm/target/debug/deps/toml-555b1a25537fedbb.d\",\"emit\":\"dep-info\"}\n{\"$message_type\":\"artifact\",\"artifact\":\"/mnt/check/batch_1/arceos-hypervisor/axvm/target/debug/deps/libenumerable_derive-fd4f91d7ceddee4d.so\",\"emit\":\"link\"}\n    Checking enumerable v1.2.0\n{\"$message_type\":\"artifact\",\"artifact\":\"/mnt/check/batch_1/arceos-hypervisor/axvm/target/debug/deps/enumerable-bc5510e53db9d821.d\",\"emit\":\"dep-info\"}\n{\"$message_type\":\"artifact\",\"artifact\":\"/mnt/check/batch_1/arceos-hypervisor/axvm/target/debug/deps/libenumerable-bc5510e53db9d821.rmeta\",\"emit\":\"metadata\"}\n{\"$message_type\":\"artifact\",\"artifact\":\"/mnt/check/batch_1/arceos-hypervisor/axvm/target/debug/deps/libtoml-555b1a25537fedbb.rmeta\",\"emit\":\"metadata\"}\n   Compiling serde_repr v0.1.20\n   Compiling axvisor_api_proc v0.1.0\n{\"$message_type\":\"artifact\",\"artifact\":\"/mnt/check/batch_1/arceos-hypervisor/axvm/target/debug/deps/serde_repr-b1cee2c917430e75.d\",\"emit\":\"dep-info\"}\n{\"$message_type\":\"artifact\",\"artifact\":\"/mnt/check/batch_1/arceos-hypervisor/axvm/target/debug/deps/axvisor_api_proc-97b6e06f6417b1bc.d\",\"emit\":\"dep-info\"}\n{\"$message_type\":\"artifact\",\"artifact\":\"/mnt/check/batch_1/arceos-hypervisor/axvm/target/debug/deps/libserde_repr-b1cee2c917430e75.so\",\"emit\":\"link\"}\n   Compiling crate_interface v0.1.4\n{\"$message_type\":\"artifact\",\"artifact\":\"/mnt/check/batch_1/arceos-hypervisor/axvm/target/debug/deps/crate_interface-fd36d1f4a3de6dac.d\",\"emit\":\"dep-info\"}\n{\"$message_type\":\"artifact\",\"artifact\":\"/mnt/check/batch_1/arceos-hypervisor/axvm/target/debug/deps/libaxvisor_api_proc-97b6e06f6417b1bc.so\",\"emit\":\"link\"}\n   Compiling percpu_macros v0.2.2\n{\"$message_type\":\"artifact\",\"artifact\":\"/mnt/check/batch_1/arceos-hypervisor/axvm/target/debug/deps/percpu_macros-7b0d6fdf811d209b.d\",\"emit\":\"dep-info\"}\n{\"$message_type\":\"artifact\",\"artifact\":\"/mnt/check/batch_1/arceos-hypervisor/axvm/target/debug/deps/libstrum_macros-cbfb020a4d09a730.so\",\"emit\":\"link\"}\n    Checking strum v0.27.2\n{\"$message_type\":\"artifact\",\"artifact\":\"/mnt/check/batch_1/arceos-hypervisor/axvm/target/debug/deps/libcrate_interface-fd36d1f4a3de6dac.so\",\"emit\":\"link\"}\n    Checking bit v0.1.1\n{\"$message_type\":\"artifact\",\"artifact\":\"/mnt/check/batch_1/arceos-hypervisor/axvm/target/debug/deps/strum-04b353306c30431b.d\",\"emit\":\"dep-info\"}\n{\"$message_type\":\"artifact\",\"artifact\":\"/mnt/check/batch_1/arceos-hypervisor/axvm/target/debug/deps/libstrum-04b353306c30431b.rmeta\",\"emit\":\"metadata\"}\n{\"$message_type\":\"artifact\",\"artifact\":\"/mnt/check/batch_1/arceos-hypervisor/axvm/target/debug/deps/bit-b1ed57f362979867.d\",\"emit\":\"dep-info\"}\n{\"$message_type\":\"artifact\",\"artifact\":\"/mnt/check/batch_1/arceos-hypervisor/axvm/target/debug/deps/libbit-b1ed57f362979867.rmeta\",\"emit\":\"metadata\"}\n{\"$message_type\":\"artifact\",\"artifact\":\"/mnt/check/batch_1/arceos-hypervisor/axvm/target/debug/deps/axerrno-26c35269b57510c4.d\",\"emit\":\"dep-info\"}\n    Checking tock-registers v0.10.1\n{\"$message_type\":\"artifact\",\"artifact\":\"/mnt/check/batch_1/arceos-hypervisor/axvm/target/debug/deps/tock_registers-818c315981369712.d\",\"emit\":\"dep-info\"}\n{\"$message_type\":\"artifact\",\"artifact\":\"/mnt/check/batch_1/arceos-hypervisor/axvm/target/debug/deps/libaxerrno-26c35269b57510c4.rmeta\",\"emit\":\"metadata\"}\n    Checking axerrno v0.1.2\n{\"$message_type\":\"artifact\",\"artifact\":\"/mnt/check/batch_1/arceos-hypervisor/axvm/target/debug/deps/axerrno-f71102762c63cc5f.d\",\"emit\":\"dep-info\"}\n{\"$message_type\":\"artifact\",\"artifact\":\"/mnt/check/batch_1/arceos-hypervisor/axvm/target/debug/deps/libaxerrno-f71102762c63cc5f.rmeta\",\"emit\":\"metadata\"}\n    Checking axaddrspace v0.1.3\n{\"$message_type\":\"artifact\",\"artifact\":\"/mnt/check/batch_1/arceos-hypervisor/axvm/target/debug/deps/libtock_registers-818c315981369712.rmeta\",\"emit\":\"metadata\"}\n    Checking raw-cpuid v11.6.0\n{\"$message_type\":\"artifact\",\"artifact\":\"/mnt/check/batch_1/arceos-hypervisor/axvm/target/debug/deps/axaddrspace-99879409989b5369.d\",\"emit\":\"dep-info\"}\n{\"$message_type\":\"diagnostic\",\"message\":\"`&mut PageTable64<ExtendedPageTableMetadata, EPTEntry, H>` is not an iterator\",\"code\":{\"code\":\"E0599\",\"explanation\":\"This error occurs when a method is used on a type which doesn't implement it:\\n\\nErroneous code example:\\n\\n```compile_fail,E0599\\nstruct Mouth;\\n\\nlet x = Mouth;\\nx.chocolate(); // error: no method named `chocolate` found for type `Mouth`\\n               //        in the current scope\\n```\\n\\nIn this case, you need to implement the `chocolate` method to fix the error:\\n\\n```\\nstruct Mouth;\\n\\nimpl Mouth {\\n    fn chocolate(&self) { // We implement the `chocolate` method here.\\n        println!(\\\"Hmmm! I love chocolate!\\\");\\n    }\\n}\\n\\nlet x = Mouth;\\nx.chocolate(); // ok!\\n```\\n\"},\"level\":\"error\",\"spans\":[{\"file_name\":\"/home/runner/.cargo/registry/src/index.crates.io-1949cf8c6b5b557f/axaddrspace-0.1.3/src/address_space/backend/alloc.rs\",\"byte_start\":1056,\"byte_end\":1059,\"line_start\":35,\"line_end\":35,\"column_start\":42,\"column_end\":45,\"is_primary\":true,\"text\":[{\"text\":\"                    .and_then(|frame| pt.map(addr, frame, PageSize::Size4K, flags).ok())\",\"highlight_start\":42,\"highlight_end\":45}],\"label\":\"`&mut PageTable64<ExtendedPageTableMetadata, EPTEntry, H>` is not an iterator\",\"suggested_replacement\":null,\"suggestion_applicability\":null,\"expansion\":null},{\"file_name\":\"/home/runner/.cargo/registry/src/index.crates.io-1949cf8c6b5b557f/page_table_multiarch-0.5.8/src/bits64.rs\",\"byte_start\":810,\"byte_end\":886,\"line_start\":32,\"line_end\":32,\"column_start\":1,\"column_end\":77,\"is_primary\":false,\"text\":[{\"text\":\"pub struct PageTable64<M: PagingMetaData, PTE: GenericPTE, H: PagingHandler> {\",\"highlight_start\":1,\"highlight_end\":77}],\"label\":\"doesn't satisfy `_: Iterator`\",\"suggested_replacement\":null,\"suggestion_applicability\":null,\"expansion\":null}],\"children\":[{\"message\":\"the following trait bounds were not satisfied:\\n`PageTable64<ExtendedPageTableMetadata, EPTEntry, H>: Iterator`\\nwhich is required by `&mut PageTable64<ExtendedPageTableMetadata, EPTEntry, H>: Iterator`\\n`&mut PageTable64<ExtendedPageTableMetadata, EPTEntry, H>: Iterator`\\nwhich is required by `&mut &mut PageTable64<ExtendedPageTableMetadata, EPTEntry, H>: Iterator`\",\"code\":null,\"level\":\"note\",\"spans\":[],\"children\":[],\"rendered\":null}],\"rendered\":\"\\u001b[1m\\u001b[91merror[E0599]\\u001b[0m\\u001b[1m: `&mut PageTable64<ExtendedPageTableMetadata, EPTEntry, H>` is not an iterator\\u001b[0m\\n  \\u001b[1m\\u001b[94m--> \\u001b[0m/home/runner/.cargo/registry/src/index.crates.io-1949cf8c6b5b557f/axaddrspace-0.1.3/src/address_space/backend/alloc.rs:35:42\\n   \\u001b[1m\\u001b[94m|\\u001b[0m\\n\\u001b[1m\\u001b[94m35\\u001b[0m \\u001b[1m\\u001b[94m|\\u001b[0m                     .and_then(|frame| pt.map(addr, frame, PageSize::Size4K, flags).ok())\\n   \\u001b[1m\\u001b[94m|\\u001b[0m                                          \\u001b[1m\\u001b[91m^^^\\u001b[0m \\u001b[1m\\u001b[91m`&mut PageTable64<ExtendedPageTableMetadata, EPTEntry, H>` is not an iterator\\u001b[0m\\n   \\u001b[1m\\u001b[94m|\\u001b[0m\\n  \\u001b[1m\\u001b[94m::: \\u001b[0m/home/runner/.cargo/registry/src/index.crates.io-1949cf8c6b5b557f/page_table_multiarch-0.5.8/src/bits64.rs:32:1\\n   \\u001b[1m\\u001b[94m|\\u001b[0m\\n\\u001b[1m\\u001b[94m32\\u001b[0m \\u001b[1m\\u001b[94m|\\u001b[0m pub struct PageTable64<M: PagingMetaData, PTE: GenericPTE, H: PagingHandler> {\\n   \\u001b[1m\\u001b[94m|\\u001b[0m \\u001b[1m\\u001b[94m----------------------------------------------------------------------------\\u001b[0m \\u001b[1m\\u001b[94mdoesn't satisfy `_: Iterator`\\u001b[0m\\n   \\u001b[1m\\u001b[94m|\\u001b[0m\\n   \\u001b[1m\\u001b[94m= \\u001b[0m\\u001b[1mnote\\u001b[0m: the following trait bounds were not satisfied:\\n           `PageTable64<ExtendedPageTableMetadata, EPTEntry, H>: Iterator`\\n           which is required by `&mut PageTable64<ExtendedPageTableMetadata, EPTEntry, H>: Iterator`\\n           `&mut PageTable64<ExtendedPageTableMetadata, EPTEntry, H>: Iterator`\\n           which is required by `&mut &mut PageTable64<ExtendedPageTableMetadata, EPTEntry, H>: Iterator`\\n\\n\"}\n{\"$message_type\":\"artifact\",\"artifact\":\"/mnt/check/batch_1/arceos-hypervisor/axvm/target/debug/deps/libpercpu_macros-7b0d6fdf811d209b.so\",\"emit\":\"link\"}\n{\"$message_type\":\"diagnostic\",\"message\":\"no method named `map_region` found for mutable reference `&mut PageTable64<ExtendedPageTableMetadata, EPTEntry, H>` in the current scope\",\"code\":{\"code\":\"E0599\",\"explanation\":\"This error occurs when a method is used on a type which doesn't implement it:\\n\\nErroneous code example:\\n\\n```compile_fail,E0599\\nstruct Mouth;\\n\\nlet x = Mouth;\\nx.chocolate(); // error: no method named `chocolate` found for type `Mouth`\\n               //        in the current scope\\n```\\n\\nIn this case, you need to implement the `chocolate` method to fix the error:\\n\\n```\\nstruct Mouth;\\n\\nimpl Mouth {\\n    fn chocolate(&self) { // We implement the `chocolate` method here.\\n        println!(\\\"Hmmm! I love chocolate!\\\");\\n    }\\n}\\n\\nlet x = Mouth;\\nx.chocolate(); // ok!\\n```\\n\"},\"level\":\"error\",\"spans\":[{\"file_name\":\"/home/runner/.cargo/registry/src/index.crates.io-1949cf8c6b5b557f/axaddrspace-0.1.3/src/address_space/backend/alloc.rs\",\"byte_start\":1324,\"byte_end\":1327,\"line_start\":44,\"line_end\":44,\"column_start\":13,\"column_end\":16,\"is_primary\":false,\"text\":[{\"text\":\"            pt.map_region(\",\"highlight_start\":13,\"highlight_end\":16}],\"label\":\"\",\"suggested_replacement\":null,\"suggestion_applicability\":null,\"expansion\":null},{\"file_name\":\"/home/runner/.cargo/registry/src/index.crates.io-1949cf8c6b5b557f/axaddrspace-0.1.3/src/address_space/backend/alloc.rs\",\"byte_start\":1327,\"byte_end\":1337,\"line_start\":44,\"line_end\":44,\"column_start\":16,\"column_end\":26,\"is_primary\":true,\"text\":[{\"text\":\"            pt.map_region(\",\"highlight_start\":16,\"highlight_end\":26}],\"label\":\"method not found in `&mut PageTable64<ExtendedPageTableMetadata, EPTEntry, H>`\",\"suggested_replacement\":null,\"suggestion_applicability\":null,\"expansion\":null}],\"children\":[],\"rendered\":\"\\u001b[1m\\u001b[91merror[E0599]\\u001b[0m\\u001b[1m: no method named `map_region` found for mutable reference `&mut PageTable64<ExtendedPageTableMetadata, EPTEntry, H>` in the current scope\\u001b[0m\\n  \\u001b[1m\\u001b[94m--> \\u001b[0m/home/runner/.cargo/registry/src/index.crates.io-1949cf8c6b5b557f/axaddrspace-0.1.3/src/address_space/backend/alloc.rs:44:16\\n   \\u001b[1m\\u001b[94m|\\u001b[0m\\n\\u001b[1m\\u001b[94m44\\u001b[0m \\u001b[1m\\u001b[94m|\\u001b[0m             pt.map_region(\\n   \\u001b[1m\\u001b[94m|\\u001b[0m             \\u001b[1m\\u001b[94m---\\u001b[0m\\u001b[1m\\u001b[91m^^^^^^^^^^\\u001b[0m \\u001b[1m\\u001b[91mmethod not found in `&mut PageTable64<ExtendedPageTableMetadata, EPTEntry, H>`\\u001b[0m\\n\\n\"}\n{\"$message_type\":\"diagnostic\",\"message\":\"no method named `unmap` found for mutable reference `&mut PageTable64<ExtendedPageTableMetadata, EPTEntry, H>` in the current scope\",\"code\":{\"code\":\"E0599\",\"explanation\":\"This error occurs when a method is used on a type which doesn't implement it:\\n\\nErroneous code example:\\n\\n```compile_fail,E0599\\nstruct Mouth;\\n\\nlet x = Mouth;\\nx.chocolate(); // error: no method named `chocolate` found for type `Mouth`\\n               //        in the current scope\\n```\\n\\nIn this case, you need to implement the `chocolate` method to fix the error:\\n\\n```\\nstruct Mouth;\\n\\nimpl Mouth {\\n    fn chocolate(&self) { // We implement the `chocolate` method here.\\n        println!(\\\"Hmmm! I love chocolate!\\\");\\n    }\\n}\\n\\nlet x = Mouth;\\nx.chocolate(); // ok!\\n```\\n\"},\"level\":\"error\",\"spans\":[{\"file_name\":\"/home/runner/.cargo/registry/src/index.crates.io-1949cf8c6b5b557f/axaddrspace-0.1.3/src/address_space/backend/alloc.rs\",\"byte_start\":1917,\"byte_end\":1922,\"line_start\":65,\"line_end\":65,\"column_start\":51,\"column_end\":56,\"is_primary\":true,\"text\":[{\"text\":\"            if let Ok((frame, page_size, _)) = pt.unmap(addr) {\",\"highlight_start\":51,\"highlight_end\":56}],\"label\":\"method not found in `&mut PageTable64<ExtendedPageTableMetadata, EPTEntry, H>`\",\"suggested_replacement\":null,\"suggestion_applicability\":null,\"expansion\":null}],\"children\":[],\"rendered\":\"\\u001b[1m\\u001b[91merror[E0599]\\u001b[0m\\u001b[1m: no method named `unmap` found for mutable reference `&mut PageTable64<ExtendedPageTableMetadata, EPTEntry, H>` in the current scope\\u001b[0m\\n  \\u001b[1m\\u001b[94m--> \\u001b[0m/home/runner/.cargo/registry/src/index.crates.io-1949cf8c6b5b557f/axaddrspace-0.1.3/src/address_space/backend/alloc.rs:65:51\\n   \\u001b[1m\\u001b[94m|\\u001b[0m\\n\\u001b[1m\\u001b[94m65\\u001b[0m \\u001b[1m\\u001b[94m|\\u001b[0m             if let Ok((frame, page_size, _)) = pt.unmap(addr) {\\n   \\u001b[1m\\u001b[94m|\\u001b[0m                                                   \\u001b[1m\\u001b[91m^^^^^\\u001b[0m \\u001b[1m\\u001b[91mmethod not found in `&mut PageTable64<ExtendedPageTableMetadata, EPTEntry, H>`\\u001b[0m\\n\\n\"}\n{\"$message_type\":\"diagnostic\",\"message\":\"type annotations needed\",\"code\":{\"code\":\"E0282\",\"explanation\":\"The compiler could not infer a type and asked for a type annotation.\\n\\nErroneous code example:\\n\\n```compile_fail,E0282\\nlet x = Vec::new();\\n```\\n\\nThis error indicates that type inference did not result in one unique possible\\ntype, and extra information is required. In most cases this can be provided\\nby adding a type annotation. Sometimes you need to specify a generic type\\nparameter manually.\\n\\nIn the example above, type `Vec` has a type parameter `T`. When calling\\n`Vec::new`, barring any other later usage of the variable `x` that allows the\\ncompiler to infer what type `T` is, the compiler needs to be told what it is.\\n\\nThe type can be specified on the variable:\\n\\n```\\nlet x: Vec<i32> = Vec::new();\\n```\\n\\nThe type can also be specified in the path of the expression:\\n\\n```\\nlet x = Vec::<i32>::new();\\n```\\n\\nIn cases with more complex types, it is not necessary to annotate the full\\ntype. Once the ambiguity is resolved, the compiler can infer the rest:\\n\\n```\\nlet x: Vec<_> = \\\"hello\\\".chars().rev().collect();\\n```\\n\\nAnother way to provide the compiler with enough information, is to specify the\\ngeneric type parameter:\\n\\n```\\nlet x = \\\"hello\\\".chars().rev().collect::<Vec<char>>();\\n```\\n\\nAgain, you need not specify the full type if the compiler can infer it:\\n\\n```\\nlet x = \\\"hello\\\".chars().rev().collect::<Vec<_>>();\\n```\\n\\nApart from a method or function with a generic type parameter, this error can\\noccur when a type parameter of a struct or trait cannot be inferred. In that\\ncase it is not always possible to use a type annotation, because all candidates\\nhave the same return type. For instance:\\n\\n```compile_fail,E0282\\nstruct Foo<T> {\\n    num: T,\\n}\\n\\nimpl<T> Foo<T> {\\n    fn bar() -> i32 {\\n        0\\n    }\\n\\n    fn baz() {\\n        let number = Foo::bar();\\n    }\\n}\\n```\\n\\nThis will fail because the compiler does not know which instance of `Foo` to\\ncall `bar` on. Change `Foo::bar()` to `Foo::<T>::bar()` to resolve the error.\\n\"},\"level\":\"error\",\"spans\":[{\"file_name\":\"/home/runner/.cargo/registry/src/index.crates.io-1949cf8c6b5b557f/axaddrspace-0.1.3/src/address_space/backend/alloc.rs\",\"byte_start\":2059,\"byte_end\":2068,\"line_start\":68,\"line_end\":68,\"column_start\":20,\"column_end\":29,\"is_primary\":true,\"text\":[{\"text\":\"                if page_size.is_huge() {\",\"highlight_start\":20,\"highlight_end\":29}],\"label\":\"cannot infer type\",\"suggested_replacement\":null,\"suggestion_applicability\":null,\"expansion\":null}],\"children\":[],\"rendered\":\"\\u001b[1m\\u001b[91merror[E0282]\\u001b[0m\\u001b[1m: type annotations needed\\u001b[0m\\n  \\u001b[1m\\u001b[94m--> \\u001b[0m/home/runner/.cargo/registry/src/index.crates.io-1949cf8c6b5b557f/axaddrspace-0.1.3/src/address_space/backend/alloc.rs:68:20\\n   \\u001b[1m\\u001b[94m|\\u001b[0m\\n\\u001b[1m\\u001b[94m68\\u001b[0m \\u001b[1m\\u001b[94m|\\u001b[0m                 if page_size.is_huge() {\\n   \\u001b[1m\\u001b[94m|\\u001b[0m                    \\u001b[1m\\u001b[91m^^^^^^^^^\\u001b[0m \\u001b[1m\\u001b[91mcannot infer type\\u001b[0m\\n\\n\"}\n{\"$message_type\":\"diagnostic\",\"message\":\"no method named `remap` found for mutable reference `&mut PageTable64<ExtendedPageTableMetadata, EPTEntry, H>` in the current scope\",\"code\":{\"code\":\"E0599\",\"explanation\":\"This error occurs when a method is used on a type which doesn't implement it:\\n\\nErroneous code example:\\n\\n```compile_fail,E0599\\nstruct Mouth;\\n\\nlet x = Mouth;\\nx.chocolate(); // error: no method named `chocolate` found for type `Mouth`\\n               //        in the current scope\\n```\\n\\nIn this case, you need to implement the `chocolate` method to fix the error:\\n\\n```\\nstruct Mouth;\\n\\nimpl Mouth {\\n    fn chocolate(&self) { // We implement the `chocolate` method here.\\n        println!(\\\"Hmmm! I love chocolate!\\\");\\n    }\\n}\\n\\nlet x = Mouth;\\nx.chocolate(); // ok!\\n```\\n\"},\"level\":\"error\",\"spans\":[{\"file_name\":\"/home/runner/.cargo/registry/src/index.crates.io-1949cf8c6b5b557f/axaddrspace-0.1.3/src/address_space/backend/alloc.rs\",\"byte_start\":2893,\"byte_end\":2898,\"line_start\":93,\"line_end\":93,\"column_start\":38,\"column_end\":43,\"is_primary\":true,\"text\":[{\"text\":\"                .and_then(|frame| pt.remap(vaddr, frame, orig_flags).ok())\",\"highlight_start\":38,\"highlight_end\":43}],\"label\":\"method not found in `&mut PageTable64<ExtendedPageTableMetadata, EPTEntry, H>`\",\"suggested_replacement\":null,\"suggestion_applicability\":null,\"expansion\":null}],\"children\":[],\"rendered\":\"\\u001b[1m\\u001b[91merror[E0599]\\u001b[0m\\u001b[1m: no method named `remap` found for mutable reference `&mut PageTable64<ExtendedPageTableMetadata, EPTEntry, H>` in the current scope\\u001b[0m\\n  \\u001b[1m\\u001b[94m--> \\u001b[0m/home/runner/.cargo/registry/src/index.crates.io-1949cf8c6b5b557f/axaddrspace-0.1.3/src/address_space/backend/alloc.rs:93:38\\n   \\u001b[1m\\u001b[94m|\\u001b[0m\\n\\u001b[1m\\u001b[94m93\\u001b[0m \\u001b[1m\\u001b[94m|\\u001b[0m                 .and_then(|frame| pt.remap(vaddr, frame, orig_flags).ok())\\n   \\u001b[1m\\u001b[94m|\\u001b[0m                                      \\u001b[1m\\u001b[91m^^^^^\\u001b[0m \\u001b[1m\\u001b[91mmethod not found in `&mut PageTable64<ExtendedPageTableMetadata, EPTEntry, H>`\\u001b[0m\\n\\n\"}\n{\"$message_type\":\"diagnostic\",\"message\":\"no method named `map_region` found for mutable reference `&mut PageTable64<ExtendedPageTableMetadata, EPTEntry, H>` in the current scope\",\"code\":{\"code\":\"E0599\",\"explanation\":\"This error occurs when a method is used on a type which doesn't implement it:\\n\\nErroneous code example:\\n\\n```compile_fail,E0599\\nstruct Mouth;\\n\\nlet x = Mouth;\\nx.chocolate(); // error: no method named `chocolate` found for type `Mouth`\\n               //        in the current scope\\n```\\n\\nIn this case, you need to implement the `chocolate` method to fix the error:\\n\\n```\\nstruct Mouth;\\n\\nimpl Mouth {\\n    fn chocolate(&self) { // We implement the `chocolate` method here.\\n        println!(\\\"Hmmm! I love chocolate!\\\");\\n    }\\n}\\n\\nlet x = Mouth;\\nx.chocolate(); // ok!\\n```\\n\"},\"level\":\"error\",\"spans\":[{\"file_name\":\"/home/runner/.cargo/registry/src/index.crates.io-1949cf8c6b5b557f/axaddrspace-0.1.3/src/address_space/backend/linear.rs\",\"byte_start\":842,\"byte_end\":845,\"line_start\":30,\"line_end\":30,\"column_start\":9,\"column_end\":12,\"is_primary\":false,\"text\":[{\"text\":\"        pt.map_region(\",\"highlight_start\":9,\"highlight_end\":12}],\"label\":\"\",\"suggested_replacement\":null,\"suggestion_applicability\":null,\"expansion\":null},{\"file_name\":\"/home/runner/.cargo/registry/src/index.crates.io-1949cf8c6b5b557f/axaddrspace-0.1.3/src/address_space/backend/linear.rs\",\"byte_start\":845,\"byte_end\":855,\"line_start\":30,\"line_end\":30,\"column_start\":12,\"column_end\":22,\"is_primary\":true,\"text\":[{\"text\":\"        pt.map_region(\",\"highlight_start\":12,\"highlight_end\":22}],\"label\":\"method not found in `&mut PageTable64<ExtendedPageTableMetadata, EPTEntry, H>`\",\"suggested_replacement\":null,\"suggestion_applicability\":null,\"expansion\":null}],\"children\":[],\"rendered\":\"\\u001b[1m\\u001b[91merror[E0599]\\u001b[0m\\u001b[1m: no method named `map_region` found for mutable reference `&mut PageTable64<ExtendedPageTableMetadata, EPTEntry, H>` in the current scope\\u001b[0m\\n  \\u001b[1m\\u001b[94m--> \\u001b[0m/home/runner/.cargo/registry/src/index.crates.io-1949cf8c6b5b557f/axaddrspace-0.1.3/src/address_space/backend/linear.rs:30:12\\n   \\u001b[1m\\u001b[94m|\\u001b[0m\\n\\u001b[1m\\u001b[94m30\\u001b[0m \\u001b[1m\\u001b[94m|\\u001b[0m         pt.map_region(\\n   \\u001b[1m\\u001b[94m|\\u001b[0m         \\u001b[1m\\u001b[94m---\\u001b[0m\\u001b[1m\\u001b[91m^^^^^^^^^^\\u001b[0m \\u001b[1m\\u001b[91mmethod not found in `&mut PageTable64<ExtendedPageTableMetadata, EPTEntry, H>`\\u001b[0m\\n\\n\"}\n{\"$message_type\":\"diagnostic\",\"message\":\"type annotations needed\",\"code\":{\"code\":\"E0282\",\"explanation\":\"The compiler could not infer a type and asked for a type annotation.\\n\\nErroneous code example:\\n\\n```compile_fail,E0282\\nlet x = Vec::new();\\n```\\n\\nThis error indicates that type inference did not result in one unique possible\\ntype, and extra information is required. In most cases this can be provided\\nby adding a type annotation. Sometimes you need to specify a generic type\\nparameter manually.\\n\\nIn the example above, type `Vec` has a type parameter `T`. When calling\\n`Vec::new`, barring any other later usage of the variable `x` that allows the\\ncompiler to infer what type `T` is, the compiler needs to be told what it is.\\n\\nThe type can be specified on the variable:\\n\\n```\\nlet x: Vec<i32> = Vec::new();\\n```\\n\\nThe type can also be specified in the path of the expression:\\n\\n```\\nlet x = Vec::<i32>::new();\\n```\\n\\nIn cases with more complex types, it is not necessary to annotate the full\\ntype. Once the ambiguity is resolved, the compiler can infer the rest:\\n\\n```\\nlet x: Vec<_> = \\\"hello\\\".chars().rev().collect();\\n```\\n\\nAnother way to provide the compiler with enough information, is to specify the\\ngeneric type parameter:\\n\\n```\\nlet x = \\\"hello\\\".chars().rev().collect::<Vec<char>>();\\n```\\n\\nAgain, you need not specify the full type if the compiler can infer it:\\n\\n```\\nlet x = \\\"hello\\\".chars().rev().collect::<Vec<_>>();\\n```\\n\\nApart from a method or function with a generic type parameter, this error can\\noccur when a type parameter of a struct or trait cannot be inferred. In that\\ncase it is not always possible to use a type annotation, because all candidates\\nhave the same return type. For instance:\\n\\n```compile_fail,E0282\\nstruct Foo<T> {\\n    num: T,\\n}\\n\\nimpl<T> Foo<T> {\\n    fn bar() -> i32 {\\n        0\\n    }\\n\\n    fn baz() {\\n        let number = Foo::bar();\\n    }\\n}\\n```\\n\\nThis will fail because the compiler does not know which instance of `Foo` to\\ncall `bar` on. Change `Foo::bar()` to `Foo::<T>::bar()` to resolve the error.\\n\"},\"level\":\"error\",\"spans\":[{\"file_name\":\"/home/runner/.cargo/registry/src/index.crates.io-1949cf8c6b5b557f/axaddrspace-0.1.3/src/address_space/backend/linear.rs\",\"byte_start\":908,\"byte_end\":910,\"line_start\":32,\"line_end\":32,\"column_start\":33,\"column_end\":35,\"is_primary\":false,\"text\":[{\"text\":\"            |va| PhysAddr::from(va.as_usize() - pa_va_offset),\",\"highlight_start\":33,\"highlight_end\":35}],\"label\":\"type must be known at this point\",\"suggested_replacement\":null,\"suggestion_applicability\":null,\"expansion\":null},{\"file_name\":\"/home/runner/.cargo/registry/src/index.crates.io-1949cf8c6b5b557f/axaddrspace-0.1.3/src/address_space/backend/linear.rs\",\"byte_start\":889,\"byte_end\":891,\"line_start\":32,\"line_end\":32,\"column_start\":14,\"column_end\":16,\"is_primary\":true,\"text\":[{\"text\":\"            |va| PhysAddr::from(va.as_usize() - pa_va_offset),\",\"highlight_start\":14,\"highlight_end\":16}],\"label\":null,\"suggested_replacement\":null,\"suggestion_applicability\":null,\"expansion\":null}],\"children\":[{\"message\":\"consider giving this closure parameter an explicit type\",\"code\":null,\"level\":\"help\",\"spans\":[{\"file_name\":\"/home/runner/.cargo/registry/src/index.crates.io-1949cf8c6b5b557f/axaddrspace-0.1.3/src/address_space/backend/linear.rs\",\"byte_start\":891,\"byte_end\":891,\"line_start\":32,\"line_end\":32,\"column_start\":16,\"column_end\":16,\"is_primary\":true,\"text\":[{\"text\":\"            |va| PhysAddr::from(va.as_usize() - pa_va_offset),\",\"highlight_start\":16,\"highlight_end\":16}],\"label\":null,\"suggested_replacement\":\": /* Type */\",\"suggestion_applicability\":\"HasPlaceholders\",\"expansion\":null}],\"children\":[],\"rendered\":null}],\"rendered\":\"\\u001b[1m\\u001b[91merror[E0282]\\u001b[0m\\u001b[1m: type annotations needed\\u001b[0m\\n  \\u001b[1m\\u001b[94m--> \\u001b[0m/home/runner/.cargo/registry/src/index.crates.io-1949cf8c6b5b557f/axaddrspace-0.1.3/src/address_space/backend/linear.rs:32:14\\n   \\u001b[1m\\u001b[94m|\\u001b[0m\\n\\u001b[1m\\u001b[94m32\\u001b[0m \\u001b[1m\\u001b[94m|\\u001b[0m             |va| PhysAddr::from(va.as_usize() - pa_va_offset),\\n   \\u001b[1m\\u001b[94m|\\u001b[0m              \\u001b[1m\\u001b[91m^^\\u001b[0m                 \\u001b[1m\\u001b[94m--\\u001b[0m \\u001b[1m\\u001b[94mtype must be known at this point\\u001b[0m\\n   \\u001b[1m\\u001b[94m|\\u001b[0m\\n\\u001b[1m\\u001b[96mhelp\\u001b[0m: consider giving this closure parameter an explicit type\\n   \\u001b[1m\\u001b[94m|\\u001b[0m\\n\\u001b[1m\\u001b[94m32\\u001b[0m \\u001b[1m\\u001b[94m| \\u001b[0m            |va\\u001b[92m: /* Type */\\u001b[0m| PhysAddr::from(va.as_usize() - pa_va_offset),\\n   \\u001b[1m\\u001b[94m|\\u001b[0m                \\u001b[92m++++++++++++\\u001b[0m\\n\\n\"}\n{\"$message_type\":\"diagnostic\",\"message\":\"no method named `unmap_region` found for mutable reference `&mut PageTable64<ExtendedPageTableMetadata, EPTEntry, H>` in the current scope\",\"code\":{\"code\":\"E0599\",\"explanation\":\"This error occurs when a method is used on a type which doesn't implement it:\\n\\nErroneous code example:\\n\\n```compile_fail,E0599\\nstruct Mouth;\\n\\nlet x = Mouth;\\nx.chocolate(); // error: no method named `chocolate` found for type `Mouth`\\n               //        in the current scope\\n```\\n\\nIn this case, you need to implement the `chocolate` method to fix the error:\\n\\n```\\nstruct Mouth;\\n\\nimpl Mouth {\\n    fn chocolate(&self) { // We implement the `chocolate` method here.\\n        println!(\\\"Hmmm! I love chocolate!\\\");\\n    }\\n}\\n\\nlet x = Mouth;\\nx.chocolate(); // ok!\\n```\\n\"},\"level\":\"error\",\"spans\":[{\"file_name\":\"/home/runner/.cargo/registry/src/index.crates.io-1949cf8c6b5b557f/axaddrspace-0.1.3/src/address_space/backend/linear.rs\",\"byte_start\":1301,\"byte_end\":1313,\"line_start\":49,\"line_end\":49,\"column_start\":12,\"column_end\":24,\"is_primary\":true,\"text\":[{\"text\":\"        pt.unmap_region(start, size, true).is_ok()\",\"highlight_start\":12,\"highlight_end\":24}],\"label\":\"method not found in `&mut PageTable64<ExtendedPageTableMetadata, EPTEntry, H>`\",\"suggested_replacement\":null,\"suggestion_applicability\":null,\"expansion\":null}],\"children\":[],\"rendered\":\"\\u001b[1m\\u001b[91merror[E0599]\\u001b[0m\\u001b[1m: no method named `unmap_region` found for mutable reference `&mut PageTable64<ExtendedPageTableMetadata, EPTEntry, H>` in the current scope\\u001b[0m\\n  \\u001b[1m\\u001b[94m--> \\u001b[0m/home/runner/.cargo/registry/src/index.crates.io-1949cf8c6b5b557f/axaddrspace-0.1.3/src/address_space/backend/linear.rs:49:12\\n   \\u001b[1m\\u001b[94m|\\u001b[0m\\n\\u001b[1m\\u001b[94m49\\u001b[0m \\u001b[1m\\u001b[94m|\\u001b[0m         pt.unmap_region(start, size, true).is_ok()\\n   \\u001b[1m\\u001b[94m|\\u001b[0m            \\u001b[1m\\u001b[91m^^^^^^^^^^^^\\u001b[0m \\u001b[1m\\u001b[91mmethod not found in `&mut PageTable64<ExtendedPageTableMetadata, EPTEntry, H>`\\u001b[0m\\n\\n\"}\n{\"$message_type\":\"diagnostic\",\"message\":\"no method named `protect_region` found for mutable reference `&mut PageTable64<ExtendedPageTableMetadata, EPTEntry, H>` in the current scope\",\"code\":{\"code\":\"E0599\",\"explanation\":\"This error occurs when a method is used on a type which doesn't implement it:\\n\\nErroneous code example:\\n\\n```compile_fail,E0599\\nstruct Mouth;\\n\\nlet x = Mouth;\\nx.chocolate(); // error: no method named `chocolate` found for type `Mouth`\\n               //        in the current scope\\n```\\n\\nIn this case, you need to implement the `chocolate` method to fix the error:\\n\\n```\\nstruct Mouth;\\n\\nimpl Mouth {\\n    fn chocolate(&self) { // We implement the `chocolate` method here.\\n        println!(\\\"Hmmm! I love chocolate!\\\");\\n    }\\n}\\n\\nlet x = Mouth;\\nx.chocolate(); // ok!\\n```\\n\"},\"level\":\"error\",\"spans\":[{\"file_name\":\"/home/runner/.cargo/registry/src/index.crates.io-1949cf8c6b5b557f/axaddrspace-0.1.3/src/address_space/backend/mod.rs\",\"byte_start\":2909,\"byte_end\":2933,\"line_start\":87,\"line_end\":88,\"column_start\":9,\"column_end\":14,\"is_primary\":false,\"text\":[{\"text\":\"        page_table\",\"highlight_start\":9,\"highlight_end\":19},{\"text\":\"            .protect_region(start, size, new_flags, true)\",\"highlight_start\":1,\"highlight_end\":14}],\"label\":\"\",\"suggested_replacement\":null,\"suggestion_applicability\":null,\"expansion\":null},{\"file_name\":\"/home/runner/.cargo/registry/src/index.crates.io-1949cf8c6b5b557f/axaddrspace-0.1.3/src/address_space/backend/mod.rs\",\"byte_start\":2933,\"byte_end\":2947,\"line_start\":88,\"line_end\":88,\"column_start\":14,\"column_end\":28,\"is_primary\":true,\"text\":[{\"text\":\"            .protect_region(start, size, new_flags, true)\",\"highlight_start\":14,\"highlight_end\":28}],\"label\":\"method not found in `&mut PageTable64<ExtendedPageTableMetadata, EPTEntry, H>`\",\"suggested_replacement\":null,\"suggestion_applicability\":null,\"expansion\":null}],\"children\":[],\"rendered\":\"\\u001b[1m\\u001b[91merror[E0599]\\u001b[0m\\u001b[1m: no method named `protect_region` found for mutable reference `&mut PageTable64<ExtendedPageTableMetadata, EPTEntry, H>` in the current scope\\u001b[0m\\n  \\u001b[1m\\u001b[94m--> \\u001b[0m/home/runner/.cargo/registry/src/index.crates.io-1949cf8c6b5b557f/axaddrspace-0.1.3/src/address_space/backend/mod.rs:88:14\\n   \\u001b[1m\\u001b[94m|\\u001b[0m\\n\\u001b[1m\\u001b[94m87\\u001b[0m \\u001b[1m\\u001b[94m|\\u001b[0m \\u001b[1m\\u001b[94m/\\u001b[0m         page_table\\n\\u001b[1m\\u001b[94m88\\u001b[0m \\u001b[1m\\u001b[94m|\\u001b[0m \\u001b[1m\\u001b[94m|\\u001b[0m             .protect_region(start, size, new_flags, true)\\n   \\u001b[1m\\u001b[94m|\\u001b[0m \\u001b[1m\\u001b[94m|\\u001b[0m             \\u001b[1m\\u001b[94m-\\u001b[0m\\u001b[1m\\u001b[91m^^^^^^^^^^^^^^\\u001b[0m \\u001b[1m\\u001b[91mmethod not found in `&mut PageTable64<ExtendedPageTableMetadata, EPTEntry, H>`\\u001b[0m\\n   \\u001b[1m\\u001b[94m|\\u001b[0m \\u001b[1m\\u001b[94m|_____________|\\u001b[0m\\n   \\u001b[1m\\u001b[94m|\\u001b[0m\\n\\n\"}\n{\"$message_type\":\"diagnostic\",\"message\":\"type annotations needed\",\"code\":{\"code\":\"E0282\",\"explanation\":\"The compiler could not infer a type and asked for a type annotation.\\n\\nErroneous code example:\\n\\n```compile_fail,E0282\\nlet x = Vec::new();\\n```\\n\\nThis error indicates that type inference did not result in one unique possible\\ntype, and extra information is required. In most cases this can be provided\\nby adding a type annotation. Sometimes you need to specify a generic type\\nparameter manually.\\n\\nIn the example above, type `Vec` has a type parameter `T`. When calling\\n`Vec::new`, barring any other later usage of the variable `x` that allows the\\ncompiler to infer what type `T` is, the compiler needs to be told what it is.\\n\\nThe type can be specified on the variable:\\n\\n```\\nlet x: Vec<i32> = Vec::new();\\n```\\n\\nThe type can also be specified in the path of the expression:\\n\\n```\\nlet x = Vec::<i32>::new();\\n```\\n\\nIn cases with more complex types, it is not necessary to annotate the full\\ntype. Once the ambiguity is resolved, the compiler can infer the rest:\\n\\n```\\nlet x: Vec<_> = \\\"hello\\\".chars().rev().collect();\\n```\\n\\nAnother way to provide the compiler with enough information, is to specify the\\ngeneric type parameter:\\n\\n```\\nlet x = \\\"hello\\\".chars().rev().collect::<Vec<char>>();\\n```\\n\\nAgain, you need not specify the full type if the compiler can infer it:\\n\\n```\\nlet x = \\\"hello\\\".chars().rev().collect::<Vec<_>>();\\n```\\n\\nApart from a method or function with a generic type parameter, this error can\\noccur when a type parameter of a struct or trait cannot be inferred. In that\\ncase it is not always possible to use a type annotation, because all candidates\\nhave the same return type. For instance:\\n\\n```compile_fail,E0282\\nstruct Foo<T> {\\n    num: T,\\n}\\n\\nimpl<T> Foo<T> {\\n    fn bar() -> i32 {\\n        0\\n    }\\n\\n    fn baz() {\\n        let number = Foo::bar();\\n    }\\n}\\n```\\n\\nThis will fail because the compiler does not know which instance of `Foo` to\\ncall `bar` on. Change `Foo::bar()` to `Foo::<T>::bar()` to resolve the error.\\n\"},\"level\":\"error\",\"spans\":[{\"file_name\":\"/home/runner/.cargo/registry/src/index.crates.io-1949cf8c6b5b557f/axaddrspace-0.1.3/src/address_space/backend/mod.rs\",\"byte_start\":3170,\"byte_end\":3173,\"line_start\":91,\"line_end\":91,\"column_start\":24,\"column_end\":27,\"is_primary\":false,\"text\":[{\"text\":\"            .map(|tlb| tlb.ignore())\",\"highlight_start\":24,\"highlight_end\":27}],\"label\":\"type must be known at this point\",\"suggested_replacement\":null,\"suggestion_applicability\":null,\"expansion\":null},{\"file_name\":\"/home/runner/.cargo/registry/src/index.crates.io-1949cf8c6b5b557f/axaddrspace-0.1.3/src/address_space/backend/mod.rs\",\"byte_start\":3165,\"byte_end\":3168,\"line_start\":91,\"line_end\":91,\"column_start\":19,\"column_end\":22,\"is_primary\":true,\"text\":[{\"text\":\"            .map(|tlb| tlb.ignore())\",\"highlight_start\":19,\"highlight_end\":22}],\"label\":null,\"suggested_replacement\":null,\"suggestion_applicability\":null,\"expansion\":null}],\"children\":[{\"message\":\"consider giving this closure parameter an explicit type\",\"code\":null,\"level\":\"help\",\"spans\":[{\"file_name\":\"/home/runner/.cargo/registry/src/index.crates.io-1949cf8c6b5b557f/axaddrspace-0.1.3/src/address_space/backend/mod.rs\",\"byte_start\":3168,\"byte_end\":3168,\"line_start\":91,\"line_end\":91,\"column_start\":22,\"column_end\":22,\"is_primary\":true,\"text\":[{\"text\":\"            .map(|tlb| tlb.ignore())\",\"highlight_start\":22,\"highlight_end\":22}],\"label\":null,\"suggested_replacement\":\": /* Type */\",\"suggestion_applicability\":\"HasPlaceholders\",\"expansion\":null}],\"children\":[],\"rendered\":null}],\"rendered\":\"\\u001b[1m\\u001b[91merror[E0282]\\u001b[0m\\u001b[1m: type annotations needed\\u001b[0m\\n  \\u001b[1m\\u001b[94m--> \\u001b[0m/home/runner/.cargo/registry/src/index.crates.io-1949cf8c6b5b557f/axaddrspace-0.1.3/src/address_space/backend/mod.rs:91:19\\n   \\u001b[1m\\u001b[94m|\\u001b[0m\\n\\u001b[1m\\u001b[94m91\\u001b[0m \\u001b[1m\\u001b[94m|\\u001b[0m             .map(|tlb| tlb.ignore())\\n   \\u001b[1m\\u001b[94m|\\u001b[0m                   \\u001b[1m\\u001b[91m^^^\\u001b[0m  \\u001b[1m\\u001b[94m---\\u001b[0m \\u001b[1m\\u001b[94mtype must be known at this point\\u001b[0m\\n   \\u001b[1m\\u001b[94m|\\u001b[0m\\n\\u001b[1m\\u001b[96mhelp\\u001b[0m: consider giving this closure parameter an explicit type\\n   \\u001b[1m\\u001b[94m|\\u001b[0m\\n\\u001b[1m\\u001b[94m91\\u001b[0m \\u001b[1m\\u001b[94m| \\u001b[0m            .map(|tlb\\u001b[92m: /* Type */\\u001b[0m| tlb.ignore())\\n   \\u001b[1m\\u001b[94m|\\u001b[0m                      \\u001b[92m++++++++++++\\u001b[0m\\n\\n\"}\n{\"$message_type\":\"artifact\",\"artifact\":\"/mnt/check/batch_1/arceos-hypervisor/axvm/target/debug/deps/percpu-2fb22f22adc76e5b.d\",\"emit\":\"dep-info\"}\n{\"$message_type\":\"artifact\",\"artifact\":\"/mnt/check/batch_1/arceos-hypervisor/axvm/target/debug/deps/libpercpu-2fb22f22adc76e5b.rmeta\",\"emit\":\"metadata\"}\n    Checking bitmaps v3.2.1\n{\"$message_type\":\"diagnostic\",\"message\":\"aborting due to 10 previous errors\",\"code\":null,\"level\":\"error\",\"spans\":[],\"children\":[],\"rendered\":\"\\u001b[1m\\u001b[91merror\\u001b[0m\\u001b[1m: aborting due to 10 previous errors\\u001b[0m\\n\\n\"}\n{\"$message_type\":\"diagnostic\",\"message\":\"Some errors have detailed explanations: E0282, E0599.\",\"code\":null,\"level\":\"failure-note\",\"spans\":[],\"children\":[],\"rendered\":\"\\u001b[1mSome errors have detailed explanations: E0282, E0599.\\u001b[0m\\n\"}\n{\"$message_type\":\"diagnostic\",\"message\":\"For more information about an error, try `rustc --explain E0282`.\",\"code\":null,\"level\":\"failure-note\",\"spans\":[],\"children\":[],\"rendered\":\"\\u001b[1mFor more information about an error, try `rustc --explain E0282`.\\u001b[0m\\n\"}\nerror: could not compile `axaddrspace` (lib)\n\nCaused by:\n  process didn't exit successfully: `/home/runner/.rustup/toolchains/nightly-2025-12-06-x86_64-unknown-linux-gnu/bin/rustc --crate-name axaddrspace --edition=2024 /home/runner/.cargo/registry/src/index.crates.io-1949cf8c6b5b557f/axaddrspace-0.1.3/src/lib.rs --error-format=json --json=diagnostic-rendered-ansi,artifacts,future-incompat --crate-type lib --emit=dep-info,metadata -C embed-bitcode=no -C debuginfo=2 --cfg 'feature=\"arm-el2\"' --cfg 'feature=\"default\"' --check-cfg 'cfg(docsrs,test)' --check-cfg 'cfg(feature, values(\"4-level-ept\", \"arm-el2\", \"default\"))' -C metadata=dab85e4c9f8220a3 -C extra-filename=-99879409989b5369 --out-dir /mnt/check/batch_1/arceos-hypervisor/axvm/target/debug/deps -L dependency=/mnt/check/batch_1/arceos-hypervisor/axvm/target/debug/deps --extern axerrno=/mnt/check/batch_1/arceos-hypervisor/axvm/target/debug/deps/libaxerrno-f71102762c63cc5f.rmeta --extern bit_field=/mnt/check/batch_1/arceos-hypervisor/axvm/target/debug/deps/libbit_field-5f0cf7a55cf79a0f.rmeta --extern bitflags=/mnt/check/batch_1/arceos-hypervisor/axvm/target/debug/deps/libbitflags-58a9b0610e43665f.rmeta --extern cfg_if=/mnt/check/batch_1/arceos-hypervisor/axvm/target/debug/deps/libcfg_if-4a7d0854554f50b2.rmeta --extern lazyinit=/mnt/check/batch_1/arceos-hypervisor/axvm/target/debug/deps/liblazyinit-8fc74ff675ee7995.rmeta --extern log=/mnt/check/batch_1/arceos-hypervisor/axvm/target/debug/deps/liblog-afca5d2b4f7ff5c1.rmeta --extern memory_addr=/mnt/check/batch_1/arceos-hypervisor/axvm/target/debug/deps/libmemory_addr-1af6af25dabff246.rmeta --extern memory_set=/mnt/check/batch_1/arceos-hypervisor/axvm/target/debug/deps/libmemory_set-2312ddc148782c32.rmeta --extern numeric_enum_macro=/mnt/check/batch_1/arceos-hypervisor/axvm/target/debug/deps/libnumeric_enum_macro-796a58d6f2689351.rmeta --extern page_table_entry=/mnt/check/batch_1/arceos-hypervisor/axvm/target/debug/deps/libpage_table_entry-071da31a9b6b791e.rmeta --extern page_table_multiarch=/mnt/check/batch_1/arceos-hypervisor/axvm/target/debug/deps/libpage_table_multiarch-e4413d8cf4ce4018.rmeta --extern x86=/mnt/check/batch_1/arceos-hypervisor/axvm/target/debug/deps/libx86-6a4f6e4a070c5559.rmeta --cap-lints allow` (exit status: 1)\nwarning: build failed, waiting for other jobs to finish...\n{\"$message_type\":\"artifact\",\"artifact\":\"/mnt/check/batch_1/arceos-hypervisor/axvm/target/debug/deps/bitmaps-bf724343a6531fe8.d\",\"emit\":\"dep-info\"}\n{\"$message_type\":\"artifact\",\"artifact\":\"/mnt/check/batch_1/arceos-hypervisor/axvm/target/debug/deps/raw_cpuid-7d1fb5e2ba18801a.d\",\"emit\":\"dep-info\"}\n{\"$message_type\":\"artifact\",\"artifact\":\"/mnt/check/batch_1/arceos-hypervisor/axvm/target/debug/deps/libbitmaps-bf724343a6531fe8.rmeta\",\"emit\":\"metadata\"}\n{\"$message_type\":\"artifact\",\"artifact\":\"/mnt/check/batch_1/arceos-hypervisor/axvm/target/debug/deps/libserde_derive-5f7bb5b0388c175d.so\",\"emit\":\"link\"}\n{\"$message_type\":\"artifact\",\"artifact\":\"/mnt/check/batch_1/arceos-hypervisor/axvm/target/debug/deps/libraw_cpuid-7d1fb5e2ba18801a.rmeta\",\"emit\":\"metadata\"}\nerror: Cargo(\"1 job failed\")\n"
            ]
          }
        },
        {
          "file": "(virtual) lockbud",
          "features": "",
          "count": 1,
          "kinds": {
            "Cargo": [
              "// pkg_name=axvm, checker=Lockbud\n// toolchain=nightly-2025-12-06-x86_64-unknown-linux-gnu, target=x86_64-unknown-linux-gnu\n// features=\n// pkg_dir=/mnt/check/batch_1/arceos-hypervisor/axvm\n// cmd=cargo +nightly-2025-02-01 lockbud -k all -- --target x86_64-unknown-linux-gnu \n// timestamp=2026-02-07 5:12:13.038575676 +08:00:00\n   Compiling proc-macro2 v1.0.106\n   Compiling unicode-ident v1.0.22\n   Compiling quote v1.0.44\n   Compiling equivalent v1.0.2\n   Compiling hashbrown v0.16.1\n   Compiling winnow v0.7.14\n   Compiling toml_datetime v0.7.5+spec-1.1.0\n   Compiling heck v0.5.0\n   Compiling indexmap v2.13.0\n   Compiling const_fn v0.4.11\n   Compiling rustversion v1.0.22\n   Compiling syn v2.0.114\n   Compiling bit_field v0.10.3\n   Compiling x86 v0.52.0\n   Compiling serde_core v1.0.228\n   Compiling bitflags v1.3.2\n   Compiling bitflags v2.10.0\n   Compiling log v0.4.29\n   Compiling axerrno v0.2.2\n[2026-02-06T21:12:15Z WARN  lockbud::callbacks] [\n      {\n        \"AtomicityViolation\": {\n          \"bug_kind\": \"AtomicityViolation\",\n          \"possibility\": \"Possibly\",\n          \"diagnosis\": {\n            \"fn_name\": \"set_logger_racy\",\n            \"atomic_reader\": \"/home/runner/.cargo/registry/src/index.crates.io-1949cf8c6b5b557f/log-0.4.29/src/lib.rs:1530:11: 1530:40 (#0)\",\n            \"atomic_writer\": \"/home/runner/.cargo/registry/src/index.crates.io-1949cf8c6b5b557f/log-0.4.29/src/lib.rs:1533:13: 1533:56 (#0)\",\n            \"dep_kind\": \"Control\"\n          },\n          \"explanation\": \"atomic::store is data/control dependent on atomic::load\"\n        }\n      }\n    ]\n[2026-02-06T21:12:15Z WARN  lockbud::callbacks] crate log contains bugs: { probably: 0, possibly: 0 }, conflictlock: { probably: 0, possibly: 0 }, condvar_deadlock: { probably: 0, possibly: 0 }, atomicity_violation: { possibly: 1 }, invalid_free: { possibly: 0 }, use_after_free: { possibly: 0 }\n   Compiling raw-cpuid v10.7.0\n   Compiling toml_parser v1.0.6+spec-1.1.0\n   Compiling toml_edit v0.23.10+spec-1.0.0\n   Compiling proc-macro-crate v3.4.0\n   Compiling memory_addr v0.4.1\n   Compiling volatile v0.4.6\n   Compiling x86_64 v0.15.4\n   Compiling page_table_entry v0.5.8\n   Compiling cfg-if v1.0.4\n   Compiling arrayvec v0.7.6\n   Compiling memory_set v0.4.1\n   Compiling lazyinit v0.2.2\n   Compiling page_table_multiarch v0.5.8\n   Compiling numeric-enum-macro v0.2.0\n   Compiling serde v1.0.228\n   Compiling scopeguard v1.2.0\n   Compiling toml_writer v1.0.6+spec-1.1.0\n   Compiling lock_api v0.4.14\n   Compiling spin v0.9.8\n   Compiling serde_spanned v1.0.4\n   Compiling percpu v0.2.2\n   Compiling paste v1.0.15\n   Compiling strum_macros v0.27.2\n   Compiling enumerable_derive v1.2.0\n   Compiling serde_derive v1.0.228\n   Compiling enumerable v1.2.0\n   Compiling toml v0.9.11+spec-1.1.0\n   Compiling serde_repr v0.1.20\n   Compiling crate_interface v0.1.4\n   Compiling axvisor_api_proc v0.1.0\n   Compiling strum v0.27.2\n   Compiling percpu_macros v0.2.2\n   Compiling axerrno v0.1.2\n   Compiling axaddrspace v0.1.3\nerror[E0599]: `&mut PageTable64<ExtendedPageTableMetadata, EPTEntry, H>` is not an iterator\n  --> /home/runner/.cargo/registry/src/index.crates.io-1949cf8c6b5b557f/axaddrspace-0.1.3/src/address_space/backend/alloc.rs:35:42\n   |\n35 |                     .and_then(|frame| pt.map(addr, frame, PageSize::Size4K, flags).ok())\n   |                                          ^^^ `&mut PageTable64<ExtendedPageTableMetadata, EPTEntry, H>` is not an iterator\n   |\n  ::: /home/runner/.cargo/registry/src/index.crates.io-1949cf8c6b5b557f/page_table_multiarch-0.5.8/src/bits64.rs:32:1\n   |\n32 | pub struct PageTable64<M: PagingMetaData, PTE: GenericPTE, H: PagingHandler> {\n   | ---------------------------------------------------------------------------- doesn't satisfy `_: Iterator`\n   |\n   = note: the full type name has been written to '/mnt/check/batch_1/arceos-hypervisor/axvm/target/x86_64-unknown-linux-gnu/debug/deps/axaddrspace-b6ff4e0ccd206b20.long-type-6544658481375725178.txt'\n   = note: consider using `--verbose` to print the full type name to the console\n   = note: the full name for the type has been written to '/mnt/check/batch_1/arceos-hypervisor/axvm/target/x86_64-unknown-linux-gnu/debug/deps/axaddrspace-b6ff4e0ccd206b20.long-type-6544658481375725178.txt'\n   = note: consider using `--verbose` to print the full type name to the console\n   = note: the following trait bounds were not satisfied:\n           `page_table_multiarch::PageTable64<npt::arch::x86_64::ExtendedPageTableMetadata, npt::arch::x86_64::EPTEntry, H>: core::iter::Iterator`\n           which is required by `&mut page_table_multiarch::PageTable64<npt::arch::x86_64::ExtendedPageTableMetadata, npt::arch::x86_64::EPTEntry, H>: core::iter::Iterator`\n           `&mut page_table_multiarch::PageTable64<npt::arch::x86_64::ExtendedPageTableMetadata, npt::arch::x86_64::EPTEntry, H>: core::iter::Iterator`\n           which is required by `&mut &mut page_table_multiarch::PageTable64<npt::arch::x86_64::ExtendedPageTableMetadata, npt::arch::x86_64::EPTEntry, H>: core::iter::Iterator`\n\nerror[E0599]: no method named `map_region` found for mutable reference `&mut PageTable64<ExtendedPageTableMetadata, EPTEntry, H>` in the current scope\n  --> /home/runner/.cargo/registry/src/index.crates.io-1949cf8c6b5b557f/axaddrspace-0.1.3/src/address_space/backend/alloc.rs:44:16\n   |\n44 |             pt.map_region(\n   |             ---^^^^^^^^^^ method not found in `&mut PageTable64<ExtendedPageTableMetadata, EPTEntry, H>`\n   |\n   = note: the full type name has been written to '/mnt/check/batch_1/arceos-hypervisor/axvm/target/x86_64-unknown-linux-gnu/debug/deps/axaddrspace-b6ff4e0ccd206b20.long-type-6544658481375725178.txt'\n   = note: consider using `--verbose` to print the full type name to the console\n\nerror[E0599]: no method named `unmap` found for mutable reference `&mut PageTable64<ExtendedPageTableMetadata, EPTEntry, H>` in the current scope\n  --> /home/runner/.cargo/registry/src/index.crates.io-1949cf8c6b5b557f/axaddrspace-0.1.3/src/address_space/backend/alloc.rs:65:51\n   |\n65 |             if let Ok((frame, page_size, _)) = pt.unmap(addr) {\n   |                                                   ^^^^^ method not found in `&mut PageTable64<ExtendedPageTableMetadata, EPTEntry, H>`\n   |\n   = note: the full type name has been written to '/mnt/check/batch_1/arceos-hypervisor/axvm/target/x86_64-unknown-linux-gnu/debug/deps/axaddrspace-b6ff4e0ccd206b20.long-type-7840648328915352502.txt'\n   = note: consider using `--verbose` to print the full type name to the console\n\nerror[E0599]: no method named `remap` found for mutable reference `&mut PageTable64<ExtendedPageTableMetadata, EPTEntry, H>` in the current scope\n  --> /home/runner/.cargo/registry/src/index.crates.io-1949cf8c6b5b557f/axaddrspace-0.1.3/src/address_space/backend/alloc.rs:93:38\n   |\n93 |                 .and_then(|frame| pt.remap(vaddr, frame, orig_flags).ok())\n   |                                      ^^^^^ method not found in `&mut PageTable64<ExtendedPageTableMetadata, EPTEntry, H>`\n   |\n   = note: the full type name has been written to '/mnt/check/batch_1/arceos-hypervisor/axvm/target/x86_64-unknown-linux-gnu/debug/deps/axaddrspace-b6ff4e0ccd206b20.long-type-11193073878506419667.txt'\n   = note: consider using `--verbose` to print the full type name to the console\n\nerror[E0599]: no method named `map_region` found for mutable reference `&mut PageTable64<ExtendedPageTableMetadata, EPTEntry, H>` in the current scope\n  --> /home/runner/.cargo/registry/src/index.crates.io-1949cf8c6b5b557f/axaddrspace-0.1.3/src/address_space/backend/linear.rs:30:12\n   |\n30 |         pt.map_region(\n   |         ---^^^^^^^^^^ method not found in `&mut PageTable64<ExtendedPageTableMetadata, EPTEntry, H>`\n   |\n   = note: the full type name has been written to '/mnt/check/batch_1/arceos-hypervisor/axvm/target/x86_64-unknown-linux-gnu/debug/deps/axaddrspace-b6ff4e0ccd206b20.long-type-16336419308538426895.txt'\n   = note: consider using `--verbose` to print the full type name to the console\n\nerror[E0599]: no method named `unmap_region` found for mutable reference `&mut PageTable64<ExtendedPageTableMetadata, EPTEntry, H>` in the current scope\n  --> /home/runner/.cargo/registry/src/index.crates.io-1949cf8c6b5b557f/axaddrspace-0.1.3/src/address_space/backend/linear.rs:49:12\n   |\n49 |         pt.unmap_region(start, size, true).is_ok()\n   |            ^^^^^^^^^^^^ method not found in `&mut PageTable64<ExtendedPageTableMetadata, EPTEntry, H>`\n   |\n   = note: the full type name has been written to '/mnt/check/batch_1/arceos-hypervisor/axvm/target/x86_64-unknown-linux-gnu/debug/deps/axaddrspace-b6ff4e0ccd206b20.long-type-2258782285208922961.txt'\n   = note: consider using `--verbose` to print the full type name to the console\n\nerror[E0599]: no method named `protect_region` found for mutable reference `&mut PageTable64<ExtendedPageTableMetadata, EPTEntry, H>` in the current scope\n  --> /home/runner/.cargo/registry/src/index.crates.io-1949cf8c6b5b557f/axaddrspace-0.1.3/src/address_space/backend/mod.rs:88:14\n   |\n87 | /         page_table\n88 | |             .protect_region(start, size, new_flags, true)\n   | |             -^^^^^^^^^^^^^^ method not found in `&mut PageTable64<ExtendedPageTableMetadata, EPTEntry, H>`\n   | |_____________|\n   |\n   |\n   = note: the full type name has been written to '/mnt/check/batch_1/arceos-hypervisor/axvm/target/x86_64-unknown-linux-gnu/debug/deps/axaddrspace-b6ff4e0ccd206b20.long-type-2262232393809840621.txt'\n   = note: consider using `--verbose` to print the full type name to the console\n\nFor more information about this error, try `rustc --explain E0599`.\nerror: could not compile `axaddrspace` (lib) due to 7 previous errors\nwarning: build failed, waiting for other jobs to finish...\n"
            ]
          }
        },
        {
          "file": "(virtual) mirai",
          "features": "",
          "count": 1,
          "kinds": {
            "Cargo": [
              "// pkg_name=axvm, checker=Mirai\n// toolchain=nightly-2025-12-06-x86_64-unknown-linux-gnu, target=x86_64-unknown-linux-gnu\n// features=\n// pkg_dir=/mnt/check/batch_1/arceos-hypervisor/axvm\n// cmd=cargo +nightly-2025-01-10 mirai --target x86_64-unknown-linux-gnu \n// timestamp=2026-02-07 5:12:02.72984867 +08:00:00\n   Compiling proc-macro2 v1.0.106\n   Compiling unicode-ident v1.0.22\n   Compiling quote v1.0.44\n   Compiling winnow v0.7.14\n   Compiling equivalent v1.0.2\n   Compiling hashbrown v0.16.1\n   Compiling rustversion v1.0.22\n   Compiling const_fn v0.4.11\n   Compiling indexmap v2.13.0\n   Compiling syn v2.0.114\n    Checking bit_field v0.10.3\n   Compiling toml_datetime v0.7.5+spec-1.1.0\n   Compiling heck v0.5.0\n   Compiling serde_core v1.0.228\n   Compiling x86 v0.52.0\n   Compiling axerrno v0.2.2\n   Compiling toml_parser v1.0.6+spec-1.1.0\n    Checking bitflags v1.3.2\n    Checking bitflags v2.10.0\n    Checking log v0.4.29\n    Checking raw-cpuid v10.7.0\n   Compiling toml_edit v0.23.10+spec-1.0.0\n    Checking volatile v0.4.6\n    Checking memory_addr v0.4.1\n    Checking x86_64 v0.15.4\n   Compiling proc-macro-crate v3.4.0\n    Checking page_table_entry v0.5.8\n    Checking arrayvec v0.7.6\n    Checking cfg-if v1.0.4\n    Checking page_table_multiarch v0.5.8\n    Checking memory_set v0.4.1\n    Checking lazyinit v0.2.2\n   Compiling serde v1.0.228\n    Checking numeric-enum-macro v0.2.0\n    Checking toml_writer v1.0.6+spec-1.1.0\n    Checking scopeguard v1.2.0\n    Checking lock_api v0.4.14\n    Checking spin v0.9.8\n   Compiling paste v1.0.15\n   Compiling percpu v0.2.2\n   Compiling strum_macros v0.27.2\n   Compiling serde_derive v1.0.228\n    Checking serde_spanned v1.0.4\n   Compiling enumerable_derive v1.2.0\n    Checking toml v0.9.11+spec-1.1.0\n   Compiling serde_repr v0.1.20\n    Checking enumerable v1.2.0\n   Compiling crate_interface v0.1.4\n   Compiling axvisor_api_proc v0.1.0\n   Compiling percpu_macros v0.2.2\n    Checking tock-registers v0.10.1\n    Checking bit v0.1.1\n    Checking raw-cpuid v11.6.0\n    Checking bitmaps v3.2.1\n    Checking strum v0.27.2\n    Checking axerrno v0.1.2\n    Checking axaddrspace v0.1.3\n    Checking range-alloc-arceos v0.1.4-pre.1\nerror: could not compile `axaddrspace` (lib) due to 7 previous errors\nwarning: build failed, waiting for other jobs to finish...\n"
            ]
          }
        },
        {
          "file": "(virtual) semver-checks",
          "features": "",
          "count": 1,
          "kinds": {
            "Cargo": [
              "// pkg_name=axvm, checker=SemverChecks\n// toolchain=nightly-2025-12-06-x86_64-unknown-linux-gnu, target=x86_64-unknown-linux-gnu\n// features=\n// pkg_dir=/mnt/check/batch_1/arceos-hypervisor/axvm\n// cmd=cargo +nightly-2025-12-06-x86_64-unknown-linux-gnu semver-checks --target x86_64-unknown-linux-gnu \n// timestamp=2026-02-07 5:11:30.754754003 +08:00:00\n    Building axvm v0.2.0 (current)\nerror: running cargo-doc on crate 'axvm' failed with output:\n-----\n   Compiling proc-macro2 v1.0.106\n   Compiling quote v1.0.44\n   Compiling unicode-ident v1.0.22\n   Compiling winnow v0.7.14\n   Compiling equivalent v1.0.2\n   Compiling hashbrown v0.16.1\n   Compiling toml_datetime v0.7.5+spec-1.1.0\n   Compiling heck v0.5.0\n   Compiling rustversion v1.0.22\n   Compiling syn v2.0.114\n   Compiling indexmap v2.13.0\n   Compiling const_fn v0.4.11\n    Checking bit_field v0.10.3\n    Checking bitflags v2.10.0\n   Compiling serde_core v1.0.228\n    Checking log v0.4.29\n   Compiling x86 v0.52.0\n   Compiling toml_parser v1.0.6+spec-1.1.0\n   Compiling axerrno v0.2.2\n    Checking bitflags v1.3.2\n    Checking raw-cpuid v10.7.0\n   Compiling toml_edit v0.23.10+spec-1.0.0\n    Checking volatile v0.4.6\n    Checking memory_addr v0.4.1\n    Checking x86_64 v0.15.4\n   Compiling proc-macro-crate v3.4.0\n    Checking page_table_entry v0.5.8\n    Checking arrayvec v0.7.6\n    Checking cfg-if v1.0.4\n    Checking page_table_multiarch v0.5.8\n    Checking memory_set v0.4.1\n    Checking lazyinit v0.2.2\n    Checking numeric-enum-macro v0.2.0\n   Compiling serde v1.0.228\n    Checking scopeguard v1.2.0\n    Checking toml_writer v1.0.6+spec-1.1.0\n    Checking lock_api v0.4.14\n    Checking spin v0.9.8\n   Compiling percpu v0.2.2\n   Compiling paste v1.0.15\n    Checking serde_spanned v1.0.4\n   Compiling strum_macros v0.27.2\n   Compiling enumerable_derive v1.2.0\n   Compiling serde_derive v1.0.228\n    Checking toml v0.9.11+spec-1.1.0\n   Compiling serde_repr v0.1.20\n    Checking enumerable v1.2.0\n   Compiling crate_interface v0.1.4\n   Compiling axvisor_api_proc v0.1.0\n   Compiling percpu_macros v0.2.2\n    Checking tock-registers v0.10.1\n    Checking bit v0.1.1\n    Checking raw-cpuid v11.6.0\n    Checking range-alloc-arceos v0.1.4-pre.1\n    Checking bitmaps v3.2.1\n    Checking strum v0.27.2\n    Checking cpumask v0.1.0\n    Checking axerrno v0.1.2\n    Checking axaddrspace v0.1.3\nerror[E0599]: `&mut PageTable64<ExtendedPageTableMetadata, EPTEntry, H>` is not an iterator\n  --> /home/runner/.cargo/registry/src/index.crates.io-1949cf8c6b5b557f/axaddrspace-0.1.3/src/address_space/backend/alloc.rs:35:42\n   |\n35 |                     .and_then(|frame| pt.map(addr, frame, PageSize::Size4K, flags).ok())\n   |                                          ^^^ `&mut PageTable64<ExtendedPageTableMetadata, EPTEntry, H>` is not an iterator\n   |\n  ::: /home/runner/.cargo/registry/src/index.crates.io-1949cf8c6b5b557f/page_table_multiarch-0.5.8/src/bits64.rs:32:1\n   |\n32 | pub struct PageTable64<M: PagingMetaData, PTE: GenericPTE, H: PagingHandler> {\n   | ---------------------------------------------------------------------------- doesn't satisfy `_: Iterator`\n   |\n   = note: the following trait bounds were not satisfied:\n           `PageTable64<ExtendedPageTableMetadata, EPTEntry, H>: Iterator`\n           which is required by `&mut PageTable64<ExtendedPageTableMetadata, EPTEntry, H>: Iterator`\n           `&mut PageTable64<ExtendedPageTableMetadata, EPTEntry, H>: Iterator`\n           which is required by `&mut &mut PageTable64<ExtendedPageTableMetadata, EPTEntry, H>: Iterator`\n\nerror[E0599]: no method named `map_region` found for mutable reference `&mut PageTable64<ExtendedPageTableMetadata, EPTEntry, H>` in the current scope\n  --> /home/runner/.cargo/registry/src/index.crates.io-1949cf8c6b5b557f/axaddrspace-0.1.3/src/address_space/backend/alloc.rs:44:16\n   |\n44 |             pt.map_region(\n   |             ---^^^^^^^^^^ method not found in `&mut PageTable64<ExtendedPageTableMetadata, EPTEntry, H>`\n\nerror[E0599]: no method named `unmap` found for mutable reference `&mut PageTable64<ExtendedPageTableMetadata, EPTEntry, H>` in the current scope\n  --> /home/runner/.cargo/registry/src/index.crates.io-1949cf8c6b5b557f/axaddrspace-0.1.3/src/address_space/backend/alloc.rs:65:51\n   |\n65 |             if let Ok((frame, page_size, _)) = pt.unmap(addr) {\n   |                                                   ^^^^^ method not found in `&mut PageTable64<ExtendedPageTableMetadata, EPTEntry, H>`\n\nerror[E0282]: type annotations needed\n  --> /home/runner/.cargo/registry/src/index.crates.io-1949cf8c6b5b557f/axaddrspace-0.1.3/src/address_space/backend/alloc.rs:68:20\n   |\n68 |                 if page_size.is_huge() {\n   |                    ^^^^^^^^^ cannot infer type\n\nerror[E0599]: no method named `remap` found for mutable reference `&mut PageTable64<ExtendedPageTableMetadata, EPTEntry, H>` in the current scope\n  --> /home/runner/.cargo/registry/src/index.crates.io-1949cf8c6b5b557f/axaddrspace-0.1.3/src/address_space/backend/alloc.rs:93:38\n   |\n93 |                 .and_then(|frame| pt.remap(vaddr, frame, orig_flags).ok())\n   |                                      ^^^^^ method not found in `&mut PageTable64<ExtendedPageTableMetadata, EPTEntry, H>`\n\nerror[E0599]: no method named `map_region` found for mutable reference `&mut PageTable64<ExtendedPageTableMetadata, EPTEntry, H>` in the current scope\n  --> /home/runner/.cargo/registry/src/index.crates.io-1949cf8c6b5b557f/axaddrspace-0.1.3/src/address_space/backend/linear.rs:30:12\n   |\n30 |         pt.map_region(\n   |         ---^^^^^^^^^^ method not found in `&mut PageTable64<ExtendedPageTableMetadata, EPTEntry, H>`\n\nerror[E0282]: type annotations needed\n  --> /home/runner/.cargo/registry/src/index.crates.io-1949cf8c6b5b557f/axaddrspace-0.1.3/src/address_space/backend/linear.rs:32:14\n   |\n32 |             |va| PhysAddr::from(va.as_usize() - pa_va_offset),\n   |              ^^                 -- type must be known at this point\n   |\nhelp: consider giving this closure parameter an explicit type\n   |\n32 |             |va: /* Type */| PhysAddr::from(va.as_usize() - pa_va_offset),\n   |                ++++++++++++\n\nerror[E0599]: no method named `unmap_region` found for mutable reference `&mut PageTable64<ExtendedPageTableMetadata, EPTEntry, H>` in the current scope\n  --> /home/runner/.cargo/registry/src/index.crates.io-1949cf8c6b5b557f/axaddrspace-0.1.3/src/address_space/backend/linear.rs:49:12\n   |\n49 |         pt.unmap_region(start, size, true).is_ok()\n   |            ^^^^^^^^^^^^ method not found in `&mut PageTable64<ExtendedPageTableMetadata, EPTEntry, H>`\n\nerror[E0599]: no method named `protect_region` found for mutable reference `&mut PageTable64<ExtendedPageTableMetadata, EPTEntry, H>` in the current scope\n  --> /home/runner/.cargo/registry/src/index.crates.io-1949cf8c6b5b557f/axaddrspace-0.1.3/src/address_space/backend/mod.rs:88:14\n   |\n87 | /         page_table\n88 | |             .protect_region(start, size, new_flags, true)\n   | |             -^^^^^^^^^^^^^^ method not found in `&mut PageTable64<ExtendedPageTableMetadata, EPTEntry, H>`\n   | |_____________|\n   |\n\nerror[E0282]: type annotations needed\n  --> /home/runner/.cargo/registry/src/index.crates.io-1949cf8c6b5b557f/axaddrspace-0.1.3/src/address_space/backend/mod.rs:91:19\n   |\n91 |             .map(|tlb| tlb.ignore())\n   |                   ^^^  --- type must be known at this point\n   |\nhelp: consider giving this closure parameter an explicit type\n   |\n91 |             .map(|tlb: /* Type */| tlb.ignore())\n   |                      ++++++++++++\n\nSome errors have detailed explanations: E0282, E0599.\nFor more information about an error, try `rustc --explain E0282`.\nerror: could not compile `axaddrspace` (lib) due to 10 previous errors\nwarning: build failed, waiting for other jobs to finish...\n\n-----\n\nerror: failed to build rustdoc for crate axvm v0.2.0\nnote: this is usually due to a compilation error in the crate,\n      and is unlikely to be a bug in cargo-semver-checks\nnote: the following command can be used to reproduce the error:\n      cargo new --lib example &&\n          cd example &&\n          echo '[workspace]' >> Cargo.toml &&\n          cargo add --path /mnt/check/batch_1/arceos-hypervisor/axvm --features 4-level-ept,default,vmx &&\n          cargo check --target x86_64-unknown-linux-gnu &&\n          cargo doc --target x86_64-unknown-linux-gnu\n\nerror: aborting due to failure to build rustdoc for crate axvm v0.2.0\n"
            ]
          }
        },
        {
          "file": "(virtual) udeps",
          "features": "",
          "count": 1,
          "kinds": {
            "Cargo": [
              "// pkg_name=axvm, checker=Udeps\n// toolchain=nightly-2025-12-06-x86_64-unknown-linux-gnu, target=x86_64-unknown-linux-gnu\n// features=\n// pkg_dir=/mnt/check/batch_1/arceos-hypervisor/axvm\n// cmd=cargo +nightly-2025-12-06-x86_64-unknown-linux-gnu udeps --target x86_64-unknown-linux-gnu \n// timestamp=2026-02-07 5:12:56.577537033 +08:00:00\n    Checking bit_field v0.10.3\n   Compiling rustversion v1.0.22\n   Compiling const_fn v0.4.11\n    Checking bitflags v2.10.0\n    Checking log v0.4.29\n    Checking bitflags v1.3.2\n   Compiling x86 v0.52.0\n   Compiling serde_core v1.0.228\n    Checking raw-cpuid v10.7.0\n   Compiling axerrno v0.2.2\n    Checking strum v0.27.2\n    Checking volatile v0.4.6\n    Checking memory_addr v0.4.1\n    Checking axerrno v0.1.2\n    Checking arrayvec v0.7.6\n    Checking cfg-if v1.0.4\n    Checking memory_set v0.4.1\n    Checking x86_64 v0.15.4\n    Checking numeric-enum-macro v0.2.0\n    Checking lazyinit v0.2.2\n    Checking winnow v0.7.14\n   Compiling serde v1.0.228\n    Checking scopeguard v1.2.0\n    Checking toml_writer v1.0.6+spec-1.1.0\n    Checking page_table_entry v0.5.8\n    Checking page_table_multiarch v0.5.8\n    Checking lock_api v0.4.14\n    Checking axaddrspace v0.1.3\nerror[E0599]: `&mut PageTable64<ExtendedPageTableMetadata, EPTEntry, H>` is not an iterator\n  --> /home/runner/.cargo/registry/src/index.crates.io-1949cf8c6b5b557f/axaddrspace-0.1.3/src/address_space/backend/alloc.rs:35:42\n   |\n35 |                     .and_then(|frame| pt.map(addr, frame, PageSize::Size4K, flags).ok())\n   |                                          ^^^ `&mut PageTable64<ExtendedPageTableMetadata, EPTEntry, H>` is not an iterator\n   |\n  ::: /home/runner/.cargo/registry/src/index.crates.io-1949cf8c6b5b557f/page_table_multiarch-0.5.8/src/bits64.rs:32:1\n   |\n32 | pub struct PageTable64<M: PagingMetaData, PTE: GenericPTE, H: PagingHandler> {\n   | ---------------------------------------------------------------------------- doesn't satisfy `_: Iterator`\n   |\n   = note: the following trait bounds were not satisfied:\n           `PageTable64<ExtendedPageTableMetadata, EPTEntry, H>: Iterator`\n           which is required by `&mut PageTable64<ExtendedPageTableMetadata, EPTEntry, H>: Iterator`\n           `&mut PageTable64<ExtendedPageTableMetadata, EPTEntry, H>: Iterator`\n           which is required by `&mut &mut PageTable64<ExtendedPageTableMetadata, EPTEntry, H>: Iterator`\n\n    Checking enumerable v1.2.0\nerror[E0599]: no method named `map_region` found for mutable reference `&mut PageTable64<ExtendedPageTableMetadata, EPTEntry, H>` in the current scope\n  --> /home/runner/.cargo/registry/src/index.crates.io-1949cf8c6b5b557f/axaddrspace-0.1.3/src/address_space/backend/alloc.rs:44:16\n   |\n44 |             pt.map_region(\n   |             ---^^^^^^^^^^ method not found in `&mut PageTable64<ExtendedPageTableMetadata, EPTEntry, H>`\n\nerror[E0599]: no method named `unmap` found for mutable reference `&mut PageTable64<ExtendedPageTableMetadata, EPTEntry, H>` in the current scope\n  --> /home/runner/.cargo/registry/src/index.crates.io-1949cf8c6b5b557f/axaddrspace-0.1.3/src/address_space/backend/alloc.rs:65:51\n   |\n65 |             if let Ok((frame, page_size, _)) = pt.unmap(addr) {\n   |                                                   ^^^^^ method not found in `&mut PageTable64<ExtendedPageTableMetadata, EPTEntry, H>`\n\nerror[E0282]: type annotations needed\n  --> /home/runner/.cargo/registry/src/index.crates.io-1949cf8c6b5b557f/axaddrspace-0.1.3/src/address_space/backend/alloc.rs:68:20\n   |\n68 |                 if page_size.is_huge() {\n   |                    ^^^^^^^^^ cannot infer type\n\nerror[E0599]: no method named `remap` found for mutable reference `&mut PageTable64<ExtendedPageTableMetadata, EPTEntry, H>` in the current scope\n  --> /home/runner/.cargo/registry/src/index.crates.io-1949cf8c6b5b557f/axaddrspace-0.1.3/src/address_space/backend/alloc.rs:93:38\n   |\n93 |                 .and_then(|frame| pt.remap(vaddr, frame, orig_flags).ok())\n   |                                      ^^^^^ method not found in `&mut PageTable64<ExtendedPageTableMetadata, EPTEntry, H>`\n\nerror[E0599]: no method named `map_region` found for mutable reference `&mut PageTable64<ExtendedPageTableMetadata, EPTEntry, H>` in the current scope\n  --> /home/runner/.cargo/registry/src/index.crates.io-1949cf8c6b5b557f/axaddrspace-0.1.3/src/address_space/backend/linear.rs:30:12\n   |\n30 |         pt.map_region(\n   |         ---^^^^^^^^^^ method not found in `&mut PageTable64<ExtendedPageTableMetadata, EPTEntry, H>`\n\nerror[E0282]: type annotations needed\n  --> /home/runner/.cargo/registry/src/index.crates.io-1949cf8c6b5b557f/axaddrspace-0.1.3/src/address_space/backend/linear.rs:32:14\n   |\n32 |             |va| PhysAddr::from(va.as_usize() - pa_va_offset),\n   |              ^^                 -- type must be known at this point\n   |\nhelp: consider giving this closure parameter an explicit type\n   |\n32 |             |va: /* Type */| PhysAddr::from(va.as_usize() - pa_va_offset),\n   |                ++++++++++++\n\nerror[E0599]: no method named `unmap_region` found for mutable reference `&mut PageTable64<ExtendedPageTableMetadata, EPTEntry, H>` in the current scope\n  --> /home/runner/.cargo/registry/src/index.crates.io-1949cf8c6b5b557f/axaddrspace-0.1.3/src/address_space/backend/linear.rs:49:12\n   |\n49 |         pt.unmap_region(start, size, true).is_ok()\n   |            ^^^^^^^^^^^^ method not found in `&mut PageTable64<ExtendedPageTableMetadata, EPTEntry, H>`\n\nerror[E0599]: no method named `protect_region` found for mutable reference `&mut PageTable64<ExtendedPageTableMetadata, EPTEntry, H>` in the current scope\n  --> /home/runner/.cargo/registry/src/index.crates.io-1949cf8c6b5b557f/axaddrspace-0.1.3/src/address_space/backend/mod.rs:88:14\n   |\n87 | /         page_table\n88 | |             .protect_region(start, size, new_flags, true)\n   | |             -^^^^^^^^^^^^^^ method not found in `&mut PageTable64<ExtendedPageTableMetadata, EPTEntry, H>`\n   | |_____________|\n   |\n\nerror[E0282]: type annotations needed\n  --> /home/runner/.cargo/registry/src/index.crates.io-1949cf8c6b5b557f/axaddrspace-0.1.3/src/address_space/backend/mod.rs:91:19\n   |\n91 |             .map(|tlb| tlb.ignore())\n   |                   ^^^  --- type must be known at this point\n   |\nhelp: consider giving this closure parameter an explicit type\n   |\n91 |             .map(|tlb: /* Type */| tlb.ignore())\n   |                      ++++++++++++\n\n    Checking toml_datetime v0.7.5+spec-1.1.0\nSome errors have detailed explanations: E0282, E0599.\nFor more information about an error, try `rustc --explain E0282`.\n    Checking toml_parser v1.0.6+spec-1.1.0\nerror: could not compile `axaddrspace` (lib) due to 10 previous errors\nwarning: build failed, waiting for other jobs to finish...\n"
            ]
          }
        },
        {
          "file": "Cargo.lock",
          "features": "",
          "count": 1,
          "kinds": {
            "Audit": [
              "Crate:     paste\nVersion:   1.0.15\nWarning:   unmaintained\nTitle:     paste - no longer maintained\nDate:      2024-10-07\nID:        RUSTSEC-2024-0436\nURL:       https://rustsec.org/advisories/RUSTSEC-2024-0436\nDependency tree:\npaste 1.0.15\n x86_vlapic 0.1.0\n    x86_vcpu 0.1.0\n        axvm 0.2.0\n x86_vcpu 0.1.0\n riscv 0.14.0\n     riscv_vcpu 0.1.2\n        axvm 0.2.0\n     riscv-h 0.1.0\n        riscv_vcpu 0.1.2\n     page_table_multiarch 0.5.8\n         axvm 0.2.0\n         axaddrspace 0.1.3\n             x86_vlapic 0.1.0\n             x86_vcpu 0.1.0\n             riscv_vcpu 0.1.2\n             axvm 0.2.0\n             axvisor_api 0.1.0\n                x86_vlapic 0.1.0\n                x86_vcpu 0.1.0\n                riscv_vcpu 0.1.2\n                axvcpu 0.1.1\n                   x86_vcpu 0.1.0\n                   riscv_vcpu 0.1.2\n                   axvm 0.2.0\n                   arm_vcpu 0.1.1\n                       axvm 0.2.0\n                arm_vgic 0.1.0\n                   axvm 0.2.0\n                   axdevice 0.2.0\n                       axvm 0.2.0\n                arm_vcpu 0.1.1\n             axvcpu 0.1.1\n             axdevice_base 0.1.0\n                x86_vlapic 0.1.0\n                x86_vcpu 0.1.0\n                axvm 0.2.0\n                axdevice 0.2.0\n                arm_vgic 0.1.0\n                arm_vcpu 0.1.1\n             axdevice 0.2.0\n             arm_vgic 0.1.0\n             arm_vcpu 0.1.1\n\n\n{\n  \"database\": {\n    \"advisory-count\": 915,\n    \"last-commit\": \"5c34c4b1d79d5a5e997682658ebde602d9d22d51\",\n    \"last-updated\": \"2026-02-06T19:14:09+01:00\"\n  },\n  \"lockfile\": {\n    \"dependency-count\": 89\n  },\n  \"settings\": {\n    \"target_arch\": [],\n    \"target_os\": [],\n    \"severity\": null,\n    \"ignore\": [],\n    \"informational_warnings\": [\n      \"unmaintained\",\n      \"unsound\",\n      \"notice\"\n    ]\n  },\n  \"vulnerabilities\": {\n    \"found\": false,\n    \"count\": 0,\n    \"list\": []\n  },\n  \"warnings\": {\n    \"unmaintained\": [\n      {\n        \"kind\": \"unmaintained\",\n        \"package\": {\n          \"name\": \"paste\",\n          \"version\": \"1.0.15\",\n          \"source\": \"registry+https://github.com/rust-lang/crates.io-index\",\n          \"checksum\": \"57c0d7b74b563b49d38dae00a0c37d4d6de9b432382b2892f0574ddcae73fd0a\",\n          \"replace\": null\n        },\n        \"advisory\": {\n          \"id\": \"RUSTSEC-2024-0436\",\n          \"package\": \"paste\",\n          \"title\": \"paste - no longer maintained\",\n          \"description\": \"The creator of the crate `paste` has stated in the [`README.md`](https://github.com/dtolnay/paste/blob/master/README.md) \\nthat this project is not longer maintained as well as archived the repository\\n\\n## Possible Alternative(s)\\n\\n- [`pastey`]: a fork of paste and is aimed to be a drop-in replacement with additional features for paste crate\\n- [`with_builtin_macros`]: crate providing a [superset of `paste`'s functionality including general `macro_rules!` eager expansions](https://docs.rs/with_builtin_macros/0.1.0/with_builtin_macros/macro.with_eager_expansions.html)  and `concat!`/`concat_idents!` macros\\n\\n[`pastey`]: https://crates.io/crates/pastey\\n[`with_builtin_macros`]: https://crates.io/crates/with_builtin_macros\",\n          \"date\": \"2024-10-07\",\n          \"aliases\": [],\n          \"related\": [],\n          \"collection\": \"crates\",\n          \"categories\": [],\n          \"keywords\": [],\n          \"cvss\": null,\n          \"informational\": \"unmaintained\",\n          \"references\": [],\n          \"source\": null,\n          \"url\": \"https://github.com/dtolnay/paste\",\n          \"withdrawn\": null,\n          \"license\": \"CC0-1.0\"\n        },\n        \"affected\": null,\n        \"versions\": {\n          \"patched\": [],\n          \"unaffected\": []\n        }\n      }\n    ]\n  }\n}"
            ]
          }
        },
        {
          "file": "[Udeps] Unused dependencies",
          "features": "",
          "count": 1,
          "kinds": {
            "Unused Deps": [
              "pkg=axvm, checker=Udeps\ntoolchain=nightly-2025-12-06-x86_64-unknown-linux-gnu, target=x86_64-unknown-linux-gnu\nfeatures=\npkg_dir=/mnt/check/batch_1/arceos-hypervisor/axvm\ncmd=cargo +nightly-2025-12-06-x86_64-unknown-linux-gnu udeps --target x86_64-unknown-linux-gnu \ntimestamp=2026-02-07 5:12:59.288615449 +08:00:00\n\n\nstdout:\n\nstderr:\n    Checking bit_field v0.10.3\n   Compiling rustversion v1.0.22\n   Compiling const_fn v0.4.11\n    Checking bitflags v2.10.0\n    Checking log v0.4.29\n    Checking bitflags v1.3.2\n   Compiling x86 v0.52.0\n   Compiling serde_core v1.0.228\n    Checking raw-cpuid v10.7.0\n   Compiling axerrno v0.2.2\n    Checking strum v0.27.2\n    Checking volatile v0.4.6\n    Checking memory_addr v0.4.1\n    Checking axerrno v0.1.2\n    Checking arrayvec v0.7.6\n    Checking cfg-if v1.0.4\n    Checking memory_set v0.4.1\n    Checking x86_64 v0.15.4\n    Checking numeric-enum-macro v0.2.0\n    Checking lazyinit v0.2.2\n    Checking winnow v0.7.14\n   Compiling serde v1.0.228\n    Checking scopeguard v1.2.0\n    Checking toml_writer v1.0.6+spec-1.1.0\n    Checking page_table_entry v0.5.8\n    Checking page_table_multiarch v0.5.8\n    Checking lock_api v0.4.14\n    Checking axaddrspace v0.1.3\nerror[E0599]: `&mut PageTable64<ExtendedPageTableMetadata, EPTEntry, H>` is not an iterator\n  --> /home/runner/.cargo/registry/src/index.crates.io-1949cf8c6b5b557f/axaddrspace-0.1.3/src/address_space/backend/alloc.rs:35:42\n   |\n35 |                     .and_then(|frame| pt.map(addr, frame, PageSize::Size4K, flags).ok())\n   |                                          ^^^ `&mut PageTable64<ExtendedPageTableMetadata, EPTEntry, H>` is not an iterator\n   |\n  ::: /home/runner/.cargo/registry/src/index.crates.io-1949cf8c6b5b557f/page_table_multiarch-0.5.8/src/bits64.rs:32:1\n   |\n32 | pub struct PageTable64<M: PagingMetaData, PTE: GenericPTE, H: PagingHandler> {\n   | ---------------------------------------------------------------------------- doesn't satisfy `_: Iterator`\n   |\n   = note: the following trait bounds were not satisfied:\n           `PageTable64<ExtendedPageTableMetadata, EPTEntry, H>: Iterator`\n           which is required by `&mut PageTable64<ExtendedPageTableMetadata, EPTEntry, H>: Iterator`\n           `&mut PageTable64<ExtendedPageTableMetadata, EPTEntry, H>: Iterator`\n           which is required by `&mut &mut PageTable64<ExtendedPageTableMetadata, EPTEntry, H>: Iterator`\n\n    Checking enumerable v1.2.0\nerror[E0599]: no method named `map_region` found for mutable reference `&mut PageTable64<ExtendedPageTableMetadata, EPTEntry, H>` in the current scope\n  --> /home/runner/.cargo/registry/src/index.crates.io-1949cf8c6b5b557f/axaddrspace-0.1.3/src/address_space/backend/alloc.rs:44:16\n   |\n44 |             pt.map_region(\n   |             ---^^^^^^^^^^ method not found in `&mut PageTable64<ExtendedPageTableMetadata, EPTEntry, H>`\n\nerror[E0599]: no method named `unmap` found for mutable reference `&mut PageTable64<ExtendedPageTableMetadata, EPTEntry, H>` in the current scope\n  --> /home/runner/.cargo/registry/src/index.crates.io-1949cf8c6b5b557f/axaddrspace-0.1.3/src/address_space/backend/alloc.rs:65:51\n   |\n65 |             if let Ok((frame, page_size, _)) = pt.unmap(addr) {\n   |                                                   ^^^^^ method not found in `&mut PageTable64<ExtendedPageTableMetadata, EPTEntry, H>`\n\nerror[E0282]: type annotations needed\n  --> /home/runner/.cargo/registry/src/index.crates.io-1949cf8c6b5b557f/axaddrspace-0.1.3/src/address_space/backend/alloc.rs:68:20\n   |\n68 |                 if page_size.is_huge() {\n   |                    ^^^^^^^^^ cannot infer type\n\nerror[E0599]: no method named `remap` found for mutable reference `&mut PageTable64<ExtendedPageTableMetadata, EPTEntry, H>` in the current scope\n  --> /home/runner/.cargo/registry/src/index.crates.io-1949cf8c6b5b557f/axaddrspace-0.1.3/src/address_space/backend/alloc.rs:93:38\n   |\n93 |                 .and_then(|frame| pt.remap(vaddr, frame, orig_flags).ok())\n   |                                      ^^^^^ method not found in `&mut PageTable64<ExtendedPageTableMetadata, EPTEntry, H>`\n\nerror[E0599]: no method named `map_region` found for mutable reference `&mut PageTable64<ExtendedPageTableMetadata, EPTEntry, H>` in the current scope\n  --> /home/runner/.cargo/registry/src/index.crates.io-1949cf8c6b5b557f/axaddrspace-0.1.3/src/address_space/backend/linear.rs:30:12\n   |\n30 |         pt.map_region(\n   |         ---^^^^^^^^^^ method not found in `&mut PageTable64<ExtendedPageTableMetadata, EPTEntry, H>`\n\nerror[E0282]: type annotations needed\n  --> /home/runner/.cargo/registry/src/index.crates.io-1949cf8c6b5b557f/axaddrspace-0.1.3/src/address_space/backend/linear.rs:32:14\n   |\n32 |             |va| PhysAddr::from(va.as_usize() - pa_va_offset),\n   |              ^^                 -- type must be known at this point\n   |\nhelp: consider giving this closure parameter an explicit type\n   |\n32 |             |va: /* Type */| PhysAddr::from(va.as_usize() - pa_va_offset),\n   |                ++++++++++++\n\nerror[E0599]: no method named `unmap_region` found for mutable reference `&mut PageTable64<ExtendedPageTableMetadata, EPTEntry, H>` in the current scope\n  --> /home/runner/.cargo/registry/src/index.crates.io-1949cf8c6b5b557f/axaddrspace-0.1.3/src/address_space/backend/linear.rs:49:12\n   |\n49 |         pt.unmap_region(start, size, true).is_ok()\n   |            ^^^^^^^^^^^^ method not found in `&mut PageTable64<ExtendedPageTableMetadata, EPTEntry, H>`\n\nerror[E0599]: no method named `protect_region` found for mutable reference `&mut PageTable64<ExtendedPageTableMetadata, EPTEntry, H>` in the current scope\n  --> /home/runner/.cargo/registry/src/index.crates.io-1949cf8c6b5b557f/axaddrspace-0.1.3/src/address_space/backend/mod.rs:88:14\n   |\n87 | /         page_table\n88 | |             .protect_region(start, size, new_flags, true)\n   | |             -^^^^^^^^^^^^^^ method not found in `&mut PageTable64<ExtendedPageTableMetadata, EPTEntry, H>`\n   | |_____________|\n   |\n\nerror[E0282]: type annotations needed\n  --> /home/runner/.cargo/registry/src/index.crates.io-1949cf8c6b5b557f/axaddrspace-0.1.3/src/address_space/backend/mod.rs:91:19\n   |\n91 |             .map(|tlb| tlb.ignore())\n   |                   ^^^  --- type must be known at this point\n   |\nhelp: consider giving this closure parameter an explicit type\n   |\n91 |             .map(|tlb: /* Type */| tlb.ignore())\n   |                      ++++++++++++\n\n    Checking toml_datetime v0.7.5+spec-1.1.0\nSome errors have detailed explanations: E0282, E0599.\nFor more information about an error, try `rustc --explain E0282`.\n    Checking toml_parser v1.0.6+spec-1.1.0\nerror: could not compile `axaddrspace` (lib) due to 10 previous errors\nwarning: build failed, waiting for other jobs to finish...\n"
            ]
          }
        },
        {
          "file": "[outdated direct dependencies]",
          "features": "",
          "count": 1,
          "kinds": {
            "Outdated": [
              "pkg=axvm, checker=Outdated\ntoolchain=nightly-2025-12-06-x86_64-unknown-linux-gnu, target=x86_64-unknown-linux-gnu\nfeatures=\npkg_dir=/mnt/check/batch_1/arceos-hypervisor/axvm\ncmd=cargo +nightly-2025-12-06-x86_64-unknown-linux-gnu outdated -R --exit-code=2\ntimestamp=2026-02-07 5:12:38.325359773 +08:00:00\n\nName                  Project  Compat  Latest  Kind    Platform\n----                  -------  ------  ------  ----    --------\narm_vcpu              0.1.1    ---     0.2.0   Normal  cfg(target_arch = \"aarch64\")\narm_vgic              0.1.0    ---     0.2.0   Normal  cfg(target_arch = \"aarch64\")\naxaddrspace           0.1.3    ---     0.2.0   Normal  ---\naxdevice_base         0.1.0    ---     0.2.0   Normal  ---\naxerrno               0.1.2    ---     0.2.2   Normal  ---\naxvcpu                0.1.1    ---     0.2.0   Normal  ---\naxvmconfig            0.1.0    ---     0.2.0   Normal  ---\npage_table_entry      0.5.8    ---     0.6.0   Normal  ---\npage_table_multiarch  0.5.8    ---     0.6.0   Normal  ---\nriscv_vcpu            0.1.2    ---     0.2.0   Normal  cfg(target_arch = \"riscv64\")\nspin                  0.9.8    ---     0.10.0  Normal  ---\nx86_vcpu              0.1.0    ---     0.2.0   Normal  cfg(target_arch = \"x86_64\")\n"
            ]
          }
        },
        {
          "file": "[semver checks violation]",
          "features": "",
          "count": 1,
          "kinds": {
            "Semver Violation": [
              "pkg=axvm, checker=SemverChecks\ntoolchain=nightly-2025-12-06-x86_64-unknown-linux-gnu, target=x86_64-unknown-linux-gnu\nfeatures=\npkg_dir=/mnt/check/batch_1/arceos-hypervisor/axvm\ncmd=cargo +nightly-2025-12-06-x86_64-unknown-linux-gnu semver-checks --target x86_64-unknown-linux-gnu \ntimestamp=2026-02-07 5:11:40.792367444 +08:00:00\n\n\nstdout:\n\nstderr:\n    Building axvm v0.2.0 (current)\nerror: running cargo-doc on crate 'axvm' failed with output:\n-----\n   Compiling proc-macro2 v1.0.106\n   Compiling quote v1.0.44\n   Compiling unicode-ident v1.0.22\n   Compiling winnow v0.7.14\n   Compiling equivalent v1.0.2\n   Compiling hashbrown v0.16.1\n   Compiling toml_datetime v0.7.5+spec-1.1.0\n   Compiling heck v0.5.0\n   Compiling rustversion v1.0.22\n   Compiling syn v2.0.114\n   Compiling indexmap v2.13.0\n   Compiling const_fn v0.4.11\n    Checking bit_field v0.10.3\n    Checking bitflags v2.10.0\n   Compiling serde_core v1.0.228\n    Checking log v0.4.29\n   Compiling x86 v0.52.0\n   Compiling toml_parser v1.0.6+spec-1.1.0\n   Compiling axerrno v0.2.2\n    Checking bitflags v1.3.2\n    Checking raw-cpuid v10.7.0\n   Compiling toml_edit v0.23.10+spec-1.0.0\n    Checking volatile v0.4.6\n    Checking memory_addr v0.4.1\n    Checking x86_64 v0.15.4\n   Compiling proc-macro-crate v3.4.0\n    Checking page_table_entry v0.5.8\n    Checking arrayvec v0.7.6\n    Checking cfg-if v1.0.4\n    Checking page_table_multiarch v0.5.8\n    Checking memory_set v0.4.1\n    Checking lazyinit v0.2.2\n    Checking numeric-enum-macro v0.2.0\n   Compiling serde v1.0.228\n    Checking scopeguard v1.2.0\n    Checking toml_writer v1.0.6+spec-1.1.0\n    Checking lock_api v0.4.14\n    Checking spin v0.9.8\n   Compiling percpu v0.2.2\n   Compiling paste v1.0.15\n    Checking serde_spanned v1.0.4\n   Compiling strum_macros v0.27.2\n   Compiling enumerable_derive v1.2.0\n   Compiling serde_derive v1.0.228\n    Checking toml v0.9.11+spec-1.1.0\n   Compiling serde_repr v0.1.20\n    Checking enumerable v1.2.0\n   Compiling crate_interface v0.1.4\n   Compiling axvisor_api_proc v0.1.0\n   Compiling percpu_macros v0.2.2\n    Checking tock-registers v0.10.1\n    Checking bit v0.1.1\n    Checking raw-cpuid v11.6.0\n    Checking range-alloc-arceos v0.1.4-pre.1\n    Checking bitmaps v3.2.1\n    Checking strum v0.27.2\n    Checking cpumask v0.1.0\n    Checking axerrno v0.1.2\n    Checking axaddrspace v0.1.3\nerror[E0599]: `&mut PageTable64<ExtendedPageTableMetadata, EPTEntry, H>` is not an iterator\n  --> /home/runner/.cargo/registry/src/index.crates.io-1949cf8c6b5b557f/axaddrspace-0.1.3/src/address_space/backend/alloc.rs:35:42\n   |\n35 |                     .and_then(|frame| pt.map(addr, frame, PageSize::Size4K, flags).ok())\n   |                                          ^^^ `&mut PageTable64<ExtendedPageTableMetadata, EPTEntry, H>` is not an iterator\n   |\n  ::: /home/runner/.cargo/registry/src/index.crates.io-1949cf8c6b5b557f/page_table_multiarch-0.5.8/src/bits64.rs:32:1\n   |\n32 | pub struct PageTable64<M: PagingMetaData, PTE: GenericPTE, H: PagingHandler> {\n   | ---------------------------------------------------------------------------- doesn't satisfy `_: Iterator`\n   |\n   = note: the following trait bounds were not satisfied:\n           `PageTable64<ExtendedPageTableMetadata, EPTEntry, H>: Iterator`\n           which is required by `&mut PageTable64<ExtendedPageTableMetadata, EPTEntry, H>: Iterator`\n           `&mut PageTable64<ExtendedPageTableMetadata, EPTEntry, H>: Iterator`\n           which is required by `&mut &mut PageTable64<ExtendedPageTableMetadata, EPTEntry, H>: Iterator`\n\nerror[E0599]: no method named `map_region` found for mutable reference `&mut PageTable64<ExtendedPageTableMetadata, EPTEntry, H>` in the current scope\n  --> /home/runner/.cargo/registry/src/index.crates.io-1949cf8c6b5b557f/axaddrspace-0.1.3/src/address_space/backend/alloc.rs:44:16\n   |\n44 |             pt.map_region(\n   |             ---^^^^^^^^^^ method not found in `&mut PageTable64<ExtendedPageTableMetadata, EPTEntry, H>`\n\nerror[E0599]: no method named `unmap` found for mutable reference `&mut PageTable64<ExtendedPageTableMetadata, EPTEntry, H>` in the current scope\n  --> /home/runner/.cargo/registry/src/index.crates.io-1949cf8c6b5b557f/axaddrspace-0.1.3/src/address_space/backend/alloc.rs:65:51\n   |\n65 |             if let Ok((frame, page_size, _)) = pt.unmap(addr) {\n   |                                                   ^^^^^ method not found in `&mut PageTable64<ExtendedPageTableMetadata, EPTEntry, H>`\n\nerror[E0282]: type annotations needed\n  --> /home/runner/.cargo/registry/src/index.crates.io-1949cf8c6b5b557f/axaddrspace-0.1.3/src/address_space/backend/alloc.rs:68:20\n   |\n68 |                 if page_size.is_huge() {\n   |                    ^^^^^^^^^ cannot infer type\n\nerror[E0599]: no method named `remap` found for mutable reference `&mut PageTable64<ExtendedPageTableMetadata, EPTEntry, H>` in the current scope\n  --> /home/runner/.cargo/registry/src/index.crates.io-1949cf8c6b5b557f/axaddrspace-0.1.3/src/address_space/backend/alloc.rs:93:38\n   |\n93 |                 .and_then(|frame| pt.remap(vaddr, frame, orig_flags).ok())\n   |                                      ^^^^^ method not found in `&mut PageTable64<ExtendedPageTableMetadata, EPTEntry, H>`\n\nerror[E0599]: no method named `map_region` found for mutable reference `&mut PageTable64<ExtendedPageTableMetadata, EPTEntry, H>` in the current scope\n  --> /home/runner/.cargo/registry/src/index.crates.io-1949cf8c6b5b557f/axaddrspace-0.1.3/src/address_space/backend/linear.rs:30:12\n   |\n30 |         pt.map_region(\n   |         ---^^^^^^^^^^ method not found in `&mut PageTable64<ExtendedPageTableMetadata, EPTEntry, H>`\n\nerror[E0282]: type annotations needed\n  --> /home/runner/.cargo/registry/src/index.crates.io-1949cf8c6b5b557f/axaddrspace-0.1.3/src/address_space/backend/linear.rs:32:14\n   |\n32 |             |va| PhysAddr::from(va.as_usize() - pa_va_offset),\n   |              ^^                 -- type must be known at this point\n   |\nhelp: consider giving this closure parameter an explicit type\n   |\n32 |             |va: /* Type */| PhysAddr::from(va.as_usize() - pa_va_offset),\n   |                ++++++++++++\n\nerror[E0599]: no method named `unmap_region` found for mutable reference `&mut PageTable64<ExtendedPageTableMetadata, EPTEntry, H>` in the current scope\n  --> /home/runner/.cargo/registry/src/index.crates.io-1949cf8c6b5b557f/axaddrspace-0.1.3/src/address_space/backend/linear.rs:49:12\n   |\n49 |         pt.unmap_region(start, size, true).is_ok()\n   |            ^^^^^^^^^^^^ method not found in `&mut PageTable64<ExtendedPageTableMetadata, EPTEntry, H>`\n\nerror[E0599]: no method named `protect_region` found for mutable reference `&mut PageTable64<ExtendedPageTableMetadata, EPTEntry, H>` in the current scope\n  --> /home/runner/.cargo/registry/src/index.crates.io-1949cf8c6b5b557f/axaddrspace-0.1.3/src/address_space/backend/mod.rs:88:14\n   |\n87 | /         page_table\n88 | |             .protect_region(start, size, new_flags, true)\n   | |             -^^^^^^^^^^^^^^ method not found in `&mut PageTable64<ExtendedPageTableMetadata, EPTEntry, H>`\n   | |_____________|\n   |\n\nerror[E0282]: type annotations needed\n  --> /home/runner/.cargo/registry/src/index.crates.io-1949cf8c6b5b557f/axaddrspace-0.1.3/src/address_space/backend/mod.rs:91:19\n   |\n91 |             .map(|tlb| tlb.ignore())\n   |                   ^^^  --- type must be known at this point\n   |\nhelp: consider giving this closure parameter an explicit type\n   |\n91 |             .map(|tlb: /* Type */| tlb.ignore())\n   |                      ++++++++++++\n\nSome errors have detailed explanations: E0282, E0599.\nFor more information about an error, try `rustc --explain E0282`.\nerror: could not compile `axaddrspace` (lib) due to 10 previous errors\nwarning: build failed, waiting for other jobs to finish...\n\n-----\n\nerror: failed to build rustdoc for crate axvm v0.2.0\nnote: this is usually due to a compilation error in the crate,\n      and is unlikely to be a bug in cargo-semver-checks\nnote: the following command can be used to reproduce the error:\n      cargo new --lib example &&\n          cd example &&\n          echo '[workspace]' >> Cargo.toml &&\n          cargo add --path /mnt/check/batch_1/arceos-hypervisor/axvm --features 4-level-ept,default,vmx &&\n          cargo check --target x86_64-unknown-linux-gnu &&\n          cargo doc --target x86_64-unknown-linux-gnu\n\nerror: aborting due to failure to build rustdoc for crate axvm v0.2.0\n"
            ]
          }
        }
      ]
    }
  ],
  "kinds_order": [
    "Cargo",
    "Clippy(Error)",
    "Clippy(Warn)",
    "Semver Violation",
    "Audit",
    "Mirai",
    "Rapx",
    "Rudra",
    "Lockbud(Probably)",
    "Lockbud(Possibly)",
    "Atomvchecker",
    "Outdated",
    "Geiger",
    "Unused Deps",
    "Unformatted"
  ]
}