{"repo":{"user":"arceos-hypervisor","repo":"axvm"},"data":[{"user":"arceos-hypervisor","repo":"axvm","pkg":"axvm","count":8,"raw_reports":[{"file":"/home/runner/.cargo/registry/src/index.crates.io-6f17d22bba15001f/x86_64-0.14.13/src/addr.rs","count":1,"kinds":{"Clippy(Error)":["error[E0053]: method `steps_between` has an incompatible type for trait\n   --> /home/runner/.cargo/registry/src/index.crates.io-6f17d22bba15001f/x86_64-0.14.13/src/addr.rs:387:51\n    |\n387 |     fn steps_between(start: &Self, end: &Self) -> (usize, Option<usize>) {\n    |                                                   ^^^^^^^^^^^^^^^^^^^^^^\n    |                                                   |\n    |                                                   expected `Option<usize>`, found `(usize, Option<usize>)`\n    |                                                   help: change the output type to match the trait: `Option<usize>`\n    |\n    = note: expected signature `fn(&addr::VirtAddr, &addr::VirtAddr) -> Option<usize>`\n               found signature `fn(&addr::VirtAddr, &addr::VirtAddr) -> (usize, Option<usize>)`\n\n"]}},{"file":"/home/runner/.cargo/registry/src/index.crates.io-6f17d22bba15001f/x86_64-0.14.13/src/structures/paging/page.rs","count":1,"kinds":{"Clippy(Error)":["error[E0053]: method `steps_between` has an incompatible type for trait\n   --> /home/runner/.cargo/registry/src/index.crates.io-6f17d22bba15001f/x86_64-0.14.13/src/structures/paging/page.rs:284:51\n    |\n284 |     fn steps_between(start: &Self, end: &Self) -> (usize, Option<usize>) {\n    |                                                   ^^^^^^^^^^^^^^^^^^^^^^\n    |                                                   |\n    |                                                   expected `Option<usize>`, found `(usize, Option<usize>)`\n    |                                                   help: change the output type to match the trait: `Option<usize>`\n    |\n    = note: expected signature `fn(&Page<_>, &Page<_>) -> Option<usize>`\n               found signature `fn(&Page<_>, &Page<_>) -> (usize, Option<usize>)`\n\n"]}},{"file":"(virtual) clippy","count":1,"kinds":{"Cargo":["// pkg_name=axvm, checker=Clippy\n// toolchain=nightly-2024-05-02, target=x86_64-unknown-none\n// pkg_dir=/home/runner/check/batch_4/arceos-hypervisor/axvm\n// cmd=cargo clippy --target x86_64-unknown-none --no-deps --message-format=json\n   Compiling rustversion v1.0.18\n    Checking cfg-if v1.0.0\n    Checking bit_field v0.10.2\n    Checking bitflags v2.6.0\n   Compiling x86 v0.52.0\n    Checking volatile v0.4.6\n    Checking bitflags v1.3.2\n    Checking raw-cpuid v10.7.0\n   Compiling serde v1.0.216\n    Checking memory_addr v0.3.1\n    Checking log v0.4.22\n   Compiling axerrno v0.1.0\n    Checking const-random v0.1.18\n   Compiling ahash v0.8.11\n    Checking zerocopy v0.7.35\n    Checking once_cell v1.20.2\n    Checking memory_set v0.3.1\n    Checking hashbrown v0.15.2\n    Checking x86_64 v0.15.1\n    Checking equivalent v1.0.1\n    Checking allocator-api2 v0.2.21\n    Checking lazyinit v0.2.1\n    Checking numeric-enum-macro v0.2.0\n    Checking hashbrown v0.14.5\n    Checking indexmap v2.7.0\n    Checking winnow v0.6.20\n    Checking page_table_entry v0.4.2\n    Checking page_table_multiarch v0.4.2\n    Checking toml_datetime v0.6.6 (https://github.com/arceos-hypervisor/toml.git?branch=no_std#fdb24a16)\n    Checking axaddrspace v0.1.0 (https://github.com/arceos-hypervisor/axaddrspace.git#d135a90b)\n    Checking serde_spanned v0.6.6 (https://github.com/arceos-hypervisor/toml.git?branch=no_std#fdb24a16)\n   Compiling percpu v0.1.6\n   Compiling lock_api v0.4.12\n    Checking scopeguard v1.2.0\n    Checking x86_64 v0.14.13\n    Checking axvcpu v0.1.0 (https://github.com/arceos-hypervisor/axvcpu.git#4790ff63)\n    Checking axdevice_base v0.1.0 (https://github.com/arceos-hypervisor/axdevice_crates.git#a8a5b667)\n    Checking raw-cpuid v11.2.0\n    Checking spin v0.9.8\n    Checking toml_edit v0.22.15 (https://github.com/arceos-hypervisor/toml.git?branch=no_std#fdb24a16)\nerror: could not compile `x86_64` (lib) due to 3 previous errors\nwarning: build failed, waiting for other jobs to finish...\n"]}},{"file":"(virtual) lockbud","count":1,"kinds":{"Cargo":["// pkg_name=axvm, checker=Lockbud\n// toolchain=nightly-2024-05-02, target=x86_64-unknown-none\n// pkg_dir=/home/runner/check/batch_4/arceos-hypervisor/axvm\n// cmd=cargo +nightly-2024-10-05 lockbud -k all -- --target x86_64-unknown-none\n   Compiling cfg-if v1.0.0\n   Compiling bit_field v0.10.2\n   Compiling bitflags v2.6.0\n   Compiling volatile v0.4.6\n   Compiling bitflags v1.3.2\n[2024-12-24T20:25:40Z WARN  lockbud::callbacks] [\n      {\n        \"AtomicityViolation\": {\n          \"bug_kind\": \"AtomicityViolation\",\n          \"possibility\": \"Possibly\",\n          \"diagnosis\": {\n            \"fn_name\": \"lazy::LazyUsize::unsync_init\",\n            \"atomic_reader\": \"/home/runner/.cargo/registry/src/index.crates.io-6f17d22bba15001f/getrandom-0.2.15/src/lazy.rs:36:23: 36:43 (#0)\",\n            \"atomic_writer\": \"/home/runner/.cargo/registry/src/index.crates.io-6f17d22bba15001f/getrandom-0.2.15/src/lazy.rs:39:13: 39:39 (#0)\",\n            \"dep_kind\": \"Both\"\n          },\n          \"explanation\": \"atomic::store is data/control dependent on atomic::load\"\n        }\n      }\n    ]\n[2024-12-24T20:25:40Z WARN  lockbud::callbacks] crate getrandom contains bugs: { probably: 0, possibly: 0 }, conflictlock: { probably: 0, possibly: 0 }, condvar_deadlock: { probably: 0, possibly: 0 }, atomicity_violation: { possibly: 1 }, invalid_free: { possibly: 0 }, use_after_free: { possibly: 0 }\n   Compiling serde v1.0.216\n   Compiling raw-cpuid v10.7.0\n   Compiling x86 v0.52.0\n   Compiling log v0.4.22\n   Compiling memory_addr v0.3.1\n   Compiling axerrno v0.1.0\n   Compiling x86_64 v0.15.1\n[2024-12-24T20:25:58Z WARN  lockbud::callbacks] [\n      {\n        \"AtomicityViolation\": {\n          \"bug_kind\": \"AtomicityViolation\",\n          \"possibility\": \"Possibly\",\n          \"diagnosis\": {\n            \"fn_name\": \"set_logger_racy\",\n            \"atomic_reader\": \"/home/runner/.cargo/registry/src/index.crates.io-6f17d22bba15001f/log-0.4.22/src/lib.rs:1447:11: 1447:40 (#0)\",\n            \"atomic_writer\": \"/home/runner/.cargo/registry/src/index.crates.io-6f17d22bba15001f/log-0.4.22/src/lib.rs:1450:13: 1450:56 (#0)\",\n            \"dep_kind\": \"Control\"\n          },\n          \"explanation\": \"atomic::store is data/control dependent on atomic::load\"\n        }\n      }\n    ]\n[2024-12-24T20:25:58Z WARN  lockbud::callbacks] crate log contains bugs: { probably: 0, possibly: 0 }, conflictlock: { probably: 0, possibly: 0 }, condvar_deadlock: { probably: 0, possibly: 0 }, atomicity_violation: { possibly: 1 }, invalid_free: { possibly: 0 }, use_after_free: { possibly: 0 }\n   Compiling const-random v0.1.18\n   Compiling ahash v0.8.11\n   Compiling zerocopy v0.7.35\n   Compiling once_cell v1.20.2\n   Compiling memory_set v0.3.1\n   Compiling equivalent v1.0.1\n   Compiling page_table_entry v0.4.2\n   Compiling hashbrown v0.15.2\n   Compiling allocator-api2 v0.2.21\n   Compiling lazyinit v0.2.1\n   Compiling numeric-enum-macro v0.2.0\n   Compiling indexmap v2.7.0\n   Compiling hashbrown v0.14.5\n   Compiling page_table_multiarch v0.4.2\n   Compiling winnow v0.6.20\n   Compiling percpu v0.1.6\n   Compiling axaddrspace v0.1.0 (https://github.com/arceos-hypervisor/axaddrspace.git#d135a90b)\n   Compiling lock_api v0.4.12\n   Compiling toml_datetime v0.6.6 (https://github.com/arceos-hypervisor/toml.git?branch=no_std#fdb24a16)\n   Compiling serde_spanned v0.6.6 (https://github.com/arceos-hypervisor/toml.git?branch=no_std#fdb24a16)\n   Compiling scopeguard v1.2.0\n   Compiling axdevice_base v0.1.0 (https://github.com/arceos-hypervisor/axdevice_crates.git#a8a5b667)\n   Compiling axvcpu v0.1.0 (https://github.com/arceos-hypervisor/axvcpu.git#4790ff63)\n   Compiling x86_64 v0.14.13\n   Compiling raw-cpuid v11.2.0\n   Compiling spin v0.9.8\nerror[E0053]: method `steps_between` has an incompatible type for trait\n   --> /home/runner/.cargo/registry/src/index.crates.io-6f17d22bba15001f/x86_64-0.14.13/src/addr.rs:387:51\n    |\n387 |     fn steps_between(start: &Self, end: &Self) -> (usize, Option<usize>) {\n    |                                                   ^^^^^^^^^^^^^^^^^^^^^^ expected `core::option::Option<usize>`, found `(usize, Option<usize>)`\n    |\n    = note: expected signature `fn(&addr::VirtAddr, &addr::VirtAddr) -> core::option::Option<usize>`\n               found signature `fn(&addr::VirtAddr, &addr::VirtAddr) -> (usize, core::option::Option<usize>)`\nhelp: change the output type to match the trait\n    |\n387 |     fn steps_between(start: &Self, end: &Self) -> core::option::Option<usize> {\n    |                                                   ~~~~~~~~~~~~~~~~~~~~~~~~~~~\n\nerror[E0053]: method `steps_between` has an incompatible type for trait\n   --> /home/runner/.cargo/registry/src/index.crates.io-6f17d22bba15001f/x86_64-0.14.13/src/structures/paging/page.rs:284:51\n    |\n284 |     fn steps_between(start: &Self, end: &Self) -> (usize, Option<usize>) {\n    |                                                   ^^^^^^^^^^^^^^^^^^^^^^ expected `core::option::Option<usize>`, found `(usize, Option<usize>)`\n    |\n    = note: expected signature `fn(&structures::paging::page::Page<_>, &structures::paging::page::Page<_>) -> core::option::Option<usize>`\n               found signature `fn(&structures::paging::page::Page<_>, &structures::paging::page::Page<_>) -> (usize, core::option::Option<usize>)`\nhelp: change the output type to match the trait\n    |\n284 |     fn steps_between(start: &Self, end: &Self) -> core::option::Option<usize> {\n    |                                                   ~~~~~~~~~~~~~~~~~~~~~~~~~~~\n\n   Compiling toml_edit v0.22.15 (https://github.com/arceos-hypervisor/toml.git?branch=no_std#fdb24a16)\nFor more information about this error, try `rustc --explain E0053`.\nerror: could not compile `x86_64` (lib) due to 2 previous errors\nwarning: build failed, waiting for other jobs to finish...\n"]}},{"file":"(virtual) outdated","count":1,"kinds":{"Cargo":["// pkg_name=axvm, checker=Outdated\n// toolchain=nightly-2024-05-02, target=x86_64-unknown-none\n// pkg_dir=/home/runner/check/batch_4/arceos-hypervisor/axvm\n// cmd=cargo +nightly-2024-12-24-x86_64-unknown-linux-gnu outdated -R --exit-code=2\n    Updating git repository `https://github.com/arceos-hypervisor/axaddrspace.git`\n    Updating git repository `https://github.com/arceos-hypervisor/axdevice.git`\n    Updating git repository `https://github.com/arceos-hypervisor/axvcpu.git`\n    Updating git repository `https://github.com/arceos-hypervisor/axvmconfig.git`\n    Updating git repository `https://github.com/arceos-hypervisor/arm_vcpu.git`\n    Updating git repository `https://github.com/arceos-hypervisor/riscv_vcpu.git`\n    Updating git repository `https://github.com/arceos-hypervisor/x86_vcpu.git`\nerror: failed to select a version for `x86_64`.\n    ... required by package `page_table_entry v0.4.2`\n    ... which satisfies dependency `page_table_entry = \"^0.4.2\"` of package `axaddrspace v0.1.0 (https://github.com/arceos-hypervisor/axaddrspace.git#d135a90b)`\n    ... which satisfies git dependency `axaddrspace` of package `axvm v0.1.0 (/tmp/cargo-outdatedWOTVvD)`\nversions that meet the requirements `=0.15.1` are: 0.15.1\n\nall possible versions conflict with previously selected packages.\n\n  previously selected package `x86_64 v0.15.2`\n    ... which satisfies dependency `x86_64 = \"^0.15.2\"` of package `page_table_entry v0.5.0`\n    ... which satisfies dependency `page_table_entry = \"^0.5.0\"` of package `axvm v0.1.0 (/tmp/cargo-outdatedWOTVvD)`\n\nfailed to select a version for `x86_64` which could resolve this conflict\n"]}},{"file":"(virtual) semver-checks","count":1,"kinds":{"Cargo":["// pkg_name=axvm, checker=SemverChecks\n// toolchain=nightly-2024-05-02, target=x86_64-unknown-none\n// pkg_dir=/home/runner/check/batch_4/arceos-hypervisor/axvm\n// cmd=cargo +nightly-2024-12-24-x86_64-unknown-linux-gnu semver-checks --target x86_64-unknown-none\n    Building axvm v0.1.0 (current)\nerror: running cargo-doc on crate 'axvm' failed with output:\n-----\nerror: output of --print=file-names missing when learning about target-specific information from rustc\ncommand was: `/home/runner/.rustup/toolchains/nightly-2024-12-24-x86_64-unknown-linux-gnu/bin/rustc - --crate-name ___ --print=file-names --cap-lints=allow --target x86_64-unknown-none --crate-type bin --crate-type rlib --crate-type dylib --crate-type cdylib --crate-type staticlib --crate-type proc-macro --print=sysroot --print=split-debuginfo --print=crate-name --print=cfg`\n\n--- stdout\n___\nlib___.rlib\nlib___.a\n/home/runner/.rustup/toolchains/nightly-2024-12-24-x86_64-unknown-linux-gnu\noff\n___\ndebug_assertions\nfmt_debug=\"full\"\noverflow_checks\npanic=\"abort\"\nproc_macro\nrelocation_model=\"pic\"\ntarget_abi=\"\"\ntarget_arch=\"x86_64\"\ntarget_endian=\"little\"\ntarget_env=\"\"\ntarget_feature=\"fxsr\"\ntarget_feature=\"x87\"\ntarget_has_atomic\ntarget_has_atomic=\"16\"\ntarget_has_atomic=\"32\"\ntarget_has_atomic=\"64\"\ntarget_has_atomic=\"8\"\ntarget_has_atomic=\"ptr\"\ntarget_has_atomic_equal_alignment=\"16\"\ntarget_has_atomic_equal_alignment=\"32\"\ntarget_has_atomic_equal_alignment=\"64\"\ntarget_has_atomic_equal_alignment=\"8\"\ntarget_has_atomic_equal_alignment=\"ptr\"\ntarget_has_atomic_load_store\ntarget_has_atomic_load_store=\"16\"\ntarget_has_atomic_load_store=\"32\"\ntarget_has_atomic_load_store=\"64\"\ntarget_has_atomic_load_store=\"8\"\ntarget_has_atomic_load_store=\"ptr\"\ntarget_os=\"none\"\ntarget_pointer_width=\"64\"\ntarget_vendor=\"unknown\"\nub_checks\n\n\n-----\n\nerror: failed to build rustdoc for crate axvm v0.1.0\nnote: this is usually due to a compilation error in the crate,\n      and is unlikely to be a bug in cargo-semver-checks\nnote: the following command can be used to reproduce the compilation error:\n      cargo new --lib example &&\n          cd example &&\n          echo '[workspace]' >> Cargo.toml &&\n          cargo add --path /home/runner/check/batch_4/arceos-hypervisor/axvm --features default,vmx &&\n          cargo check\n\nerror: aborting due to failure to build rustdoc for crate axvm v0.1.0\n"]}},{"file":"[lockbud] Not supported to display yet.","count":1,"kinds":{"Lockbud(Possibly)":["[2024-12-24T20:25:40Z WARN  lockbud::callbacks] [\n      {\n        \"AtomicityViolation\": {\n          \"bug_kind\": \"AtomicityViolation\",\n          \"possibility\": \"Possibly\",\n          \"diagnosis\": {\n            \"fn_name\": \"lazy::LazyUsize::unsync_init\",\n            \"atomic_reader\": \"/home/runner/.cargo/registry/src/index.crates.io-6f17d22bba15001f/getrandom-0.2.15/src/lazy.rs:36:23: 36:43 (#0)\",\n            \"atomic_writer\": \"/home/runner/.cargo/registry/src/index.crates.io-6f17d22bba15001f/getrandom-0.2.15/src/lazy.rs:39:13: 39:39 (#0)\",\n            \"dep_kind\": \"Both\"\n          },\n          \"explanation\": \"atomic::store is data/control dependent on atomic::load\"\n        }\n      }\n    ]\n[2024-12-24T20:25:40Z WARN  lockbud::callbacks] crate getrandom contains bugs: { probably: 0, possibly: 0 }, conflictlock: { probably: 0, possibly: 0 }, condvar_deadlock: { probably: 0, possibly: 0 }, atomicity_violation: { possibly: 1 }, invalid_free: { possibly: 0 }, use_after_free: { possibly: 0 }\n[2024-12-24T20:25:58Z WARN  lockbud::callbacks] [\n      {\n        \"AtomicityViolation\": {\n          \"bug_kind\": \"AtomicityViolation\",\n          \"possibility\": \"Possibly\",\n          \"diagnosis\": {\n            \"fn_name\": \"set_logger_racy\",\n            \"atomic_reader\": \"/home/runner/.cargo/registry/src/index.crates.io-6f17d22bba15001f/log-0.4.22/src/lib.rs:1447:11: 1447:40 (#0)\",\n            \"atomic_writer\": \"/home/runner/.cargo/registry/src/index.crates.io-6f17d22bba15001f/log-0.4.22/src/lib.rs:1450:13: 1450:56 (#0)\",\n            \"dep_kind\": \"Control\"\n          },\n          \"explanation\": \"atomic::store is data/control dependent on atomic::load\"\n        }\n      }\n    ]\n[2024-12-24T20:25:58Z WARN  lockbud::callbacks] crate log contains bugs: { probably: 0, possibly: 0 }, conflictlock: { probably: 0, possibly: 0 }, condvar_deadlock: { probably: 0, possibly: 0 }, atomicity_violation: { possibly: 1 }, invalid_free: { possibly: 0 }, use_after_free: { possibly: 0 }"]}},{"file":"[semver checks]","count":1,"kinds":{"Semver Violation":["pkg=axvm, checker=SemverChecks\ntoolchain=nightly-2024-05-02, target=x86_64-unknown-none\npkg_dir=/home/runner/check/batch_4/arceos-hypervisor/axvm\ncmd=cargo +nightly-2024-12-24-x86_64-unknown-linux-gnu semver-checks --target x86_64-unknown-none\n\n\nstdout:\n\nstderr:\n    Building axvm v0.1.0 (current)\nerror: running cargo-doc on crate 'axvm' failed with output:\n-----\nerror: output of --print=file-names missing when learning about target-specific information from rustc\ncommand was: `/home/runner/.rustup/toolchains/nightly-2024-12-24-x86_64-unknown-linux-gnu/bin/rustc - --crate-name ___ --print=file-names --cap-lints=allow --target x86_64-unknown-none --crate-type bin --crate-type rlib --crate-type dylib --crate-type cdylib --crate-type staticlib --crate-type proc-macro --print=sysroot --print=split-debuginfo --print=crate-name --print=cfg`\n\n--- stdout\n___\nlib___.rlib\nlib___.a\n/home/runner/.rustup/toolchains/nightly-2024-12-24-x86_64-unknown-linux-gnu\noff\n___\ndebug_assertions\nfmt_debug=\"full\"\noverflow_checks\npanic=\"abort\"\nproc_macro\nrelocation_model=\"pic\"\ntarget_abi=\"\"\ntarget_arch=\"x86_64\"\ntarget_endian=\"little\"\ntarget_env=\"\"\ntarget_feature=\"fxsr\"\ntarget_feature=\"x87\"\ntarget_has_atomic\ntarget_has_atomic=\"16\"\ntarget_has_atomic=\"32\"\ntarget_has_atomic=\"64\"\ntarget_has_atomic=\"8\"\ntarget_has_atomic=\"ptr\"\ntarget_has_atomic_equal_alignment=\"16\"\ntarget_has_atomic_equal_alignment=\"32\"\ntarget_has_atomic_equal_alignment=\"64\"\ntarget_has_atomic_equal_alignment=\"8\"\ntarget_has_atomic_equal_alignment=\"ptr\"\ntarget_has_atomic_load_store\ntarget_has_atomic_load_store=\"16\"\ntarget_has_atomic_load_store=\"32\"\ntarget_has_atomic_load_store=\"64\"\ntarget_has_atomic_load_store=\"8\"\ntarget_has_atomic_load_store=\"ptr\"\ntarget_os=\"none\"\ntarget_pointer_width=\"64\"\ntarget_vendor=\"unknown\"\nub_checks\n\n\n-----\n\nerror: failed to build rustdoc for crate axvm v0.1.0\nnote: this is usually due to a compilation error in the crate,\n      and is unlikely to be a bug in cargo-semver-checks\nnote: the following command can be used to reproduce the compilation error:\n      cargo new --lib example &&\n          cd example &&\n          echo '[workspace]' >> Cargo.toml &&\n          cargo add --path /home/runner/check/batch_4/arceos-hypervisor/axvm --features default,vmx &&\n          cargo check\n\nerror: aborting due to failure to build rustdoc for crate axvm v0.1.0\n"]}}]}],"kinds_order":["Cargo","Clippy(Error)","Clippy(Warn)","Semver Violation","Audit","Mirai","Rap","Rudra","Lockbud(Probably)","Lockbud(Possibly)","Outdated","Geiger","Unformatted"]}