{"repo":{"user":"arceos-org","repo":"axio"},"data":[{"user":"arceos-org","repo":"axio","pkg":"axio","count":2,"raw_reports":[{"file":"(virtual) semver-checks","count":1,"kinds":{"Cargo":["// pkg_name=axio, checker=SemverChecks\n// toolchain=nightly-2025-01-07-x86_64-unknown-linux-gnu, target=aarch64-unknown-none\n// pkg_dir=/home/runner/check/batch_5/arceos-org/axio\n// cmd=cargo +nightly-2025-01-07-x86_64-unknown-linux-gnu semver-checks --target aarch64-unknown-none\n// timestamp=2025-01-09 20:44:39.735868837 +08:00:00\n    Building axio v0.1.0 (current)\nerror: running cargo-doc on crate 'axio' failed with output:\n-----\n   Compiling axerrno v0.1.0\n    Checking log v0.4.22\n Documenting axio v0.1.0 (/home/runner/check/batch_5/arceos-org/axio)\nerror[E0463]: can't find crate for `std`\n  |\n  = note: the `aarch64-unknown-none` target may not support the standard library\n  = note: `std` is required by `axio` because it does not declare `#![no_std]`\n  = help: consider building the standard library from source with `cargo build -Zbuild-std`\n\nerror: cannot find attribute `derive` in this scope\n   --> /home/runner/check/batch_5/arceos-org/axio/src/lib.rs:164:3\n    |\n164 | #[derive(Copy, PartialEq, Eq, Clone, Debug)]\n    |   ^^^^^^\n    |\nhelp: consider importing this attribute macro\n    |\n9   + use core::prelude::rust_2024::derive;\n    |\n\nerror: cannot find attribute `derive` in this scope\n   --> /home/runner/check/batch_5/arceos-org/axio/src/lib.rs:254:3\n    |\n254 | #[derive(Debug, Default, Clone, Copy)]\n    |   ^^^^^^\n    |\nhelp: consider importing this attribute macro\n    |\n9   + use core::prelude::rust_2024::derive;\n    |\n\nerror[E0405]: cannot find trait `Sized` in this scope\n  --> /home/runner/check/batch_5/arceos-org/axio/src/lib.rs:97:32\n   |\n97 |         struct Adapter<'a, T: ?Sized + 'a> {\n   |                                ^^^^^ not found in this scope\n   |\nhelp: consider importing this trait\n   |\n9  + use core::marker::Sized;\n   |\n\nerror[E0405]: cannot find trait `Sized` in this scope\n   --> /home/runner/check/batch_5/arceos-org/axio/src/lib.rs:102:26\n    |\n102 |         impl<T: Write + ?Sized> fmt::Write for Adapter<'_, T> {\n    |                          ^^^^^ not found in this scope\n    |\nhelp: consider importing this trait\n    |\n9   + use core::marker::Sized;\n    |\n\nerror[E0405]: cannot find trait `FnOnce` in this scope\n   --> /home/runner/check/batch_5/arceos-org/axio/src/lib.rs:241:8\n    |\n241 |     F: FnOnce(&mut Vec<u8>) -> Result<usize>,\n    |        ^^^^^^ not found in this scope\n    |\nhelp: consider importing this trait\n    |\n9   + use core::ops::FnOnce;\n    |\n\nSome errors have detailed explanations: E0405, E0463.\nFor more information about an error, try `rustc --explain E0405`.\nerror: could not document `axio`\n\n-----\n\nerror: failed to build rustdoc for crate axio v0.1.0\nnote: this is usually due to a compilation error in the crate,\n      and is unlikely to be a bug in cargo-semver-checks\nnote: the following command can be used to reproduce the compilation error:\n      cargo new --lib example &&\n          cd example &&\n          echo '[workspace]' >> Cargo.toml &&\n          cargo add --path /home/runner/check/batch_5/arceos-org/axio --features alloc,default &&\n          cargo check\n\nerror: aborting due to failure to build rustdoc for crate axio v0.1.0\n"]}},{"file":"[semver checks]","count":1,"kinds":{"Semver Violation":["pkg=axio, checker=SemverChecks\ntoolchain=nightly-2025-01-07-x86_64-unknown-linux-gnu, target=aarch64-unknown-none\npkg_dir=/home/runner/check/batch_5/arceos-org/axio\ncmd=cargo +nightly-2025-01-07-x86_64-unknown-linux-gnu semver-checks --target aarch64-unknown-none\ntimestamp=2025-01-09 20:44:40.116688716 +08:00:00\n\n\nstdout:\n\nstderr:\n    Building axio v0.1.0 (current)\nerror: running cargo-doc on crate 'axio' failed with output:\n-----\n   Compiling axerrno v0.1.0\n    Checking log v0.4.22\n Documenting axio v0.1.0 (/home/runner/check/batch_5/arceos-org/axio)\nerror[E0463]: can't find crate for `std`\n  |\n  = note: the `aarch64-unknown-none` target may not support the standard library\n  = note: `std` is required by `axio` because it does not declare `#![no_std]`\n  = help: consider building the standard library from source with `cargo build -Zbuild-std`\n\nerror: cannot find attribute `derive` in this scope\n   --> /home/runner/check/batch_5/arceos-org/axio/src/lib.rs:164:3\n    |\n164 | #[derive(Copy, PartialEq, Eq, Clone, Debug)]\n    |   ^^^^^^\n    |\nhelp: consider importing this attribute macro\n    |\n9   + use core::prelude::rust_2024::derive;\n    |\n\nerror: cannot find attribute `derive` in this scope\n   --> /home/runner/check/batch_5/arceos-org/axio/src/lib.rs:254:3\n    |\n254 | #[derive(Debug, Default, Clone, Copy)]\n    |   ^^^^^^\n    |\nhelp: consider importing this attribute macro\n    |\n9   + use core::prelude::rust_2024::derive;\n    |\n\nerror[E0405]: cannot find trait `Sized` in this scope\n  --> /home/runner/check/batch_5/arceos-org/axio/src/lib.rs:97:32\n   |\n97 |         struct Adapter<'a, T: ?Sized + 'a> {\n   |                                ^^^^^ not found in this scope\n   |\nhelp: consider importing this trait\n   |\n9  + use core::marker::Sized;\n   |\n\nerror[E0405]: cannot find trait `Sized` in this scope\n   --> /home/runner/check/batch_5/arceos-org/axio/src/lib.rs:102:26\n    |\n102 |         impl<T: Write + ?Sized> fmt::Write for Adapter<'_, T> {\n    |                          ^^^^^ not found in this scope\n    |\nhelp: consider importing this trait\n    |\n9   + use core::marker::Sized;\n    |\n\nerror[E0405]: cannot find trait `FnOnce` in this scope\n   --> /home/runner/check/batch_5/arceos-org/axio/src/lib.rs:241:8\n    |\n241 |     F: FnOnce(&mut Vec<u8>) -> Result<usize>,\n    |        ^^^^^^ not found in this scope\n    |\nhelp: consider importing this trait\n    |\n9   + use core::ops::FnOnce;\n    |\n\nSome errors have detailed explanations: E0405, E0463.\nFor more information about an error, try `rustc --explain E0405`.\nerror: could not document `axio`\n\n-----\n\nerror: failed to build rustdoc for crate axio v0.1.0\nnote: this is usually due to a compilation error in the crate,\n      and is unlikely to be a bug in cargo-semver-checks\nnote: the following command can be used to reproduce the compilation error:\n      cargo new --lib example &&\n          cd example &&\n          echo '[workspace]' >> Cargo.toml &&\n          cargo add --path /home/runner/check/batch_5/arceos-org/axio --features alloc,default &&\n          cargo check\n\nerror: aborting due to failure to build rustdoc for crate axio v0.1.0\n"]}}]}],"kinds_order":["Cargo","Clippy(Error)","Clippy(Warn)","Semver Violation","Audit","Mirai","Rapx","Rudra","Lockbud(Probably)","Lockbud(Possibly)","Outdated","Geiger","Unformatted"]}