{
  "repo": {
    "user": "arceos-org",
    "repo": "axio"
  },
  "data": [
    {
      "user": "arceos-org",
      "repo": "axio",
      "pkg": "axio",
      "count": 6,
      "raw_reports": [
        {
          "file": "(virtual) semver-checks",
          "features": "",
          "count": 3,
          "kinds": {
            "Cargo": [
              "// pkg_name=axio, checker=SemverChecks\n// toolchain=nightly-2025-01-26-x86_64-unknown-linux-gnu, target=riscv64gc-unknown-none-elf\n// features=\n// pkg_dir=/home/runner/check/batch_3/arceos-org/axio\n// cmd=cargo +nightly-2025-01-26-x86_64-unknown-linux-gnu semver-checks --target riscv64gc-unknown-none-elf \n// timestamp=2025-03-11 4:27:36.307534946 +08:00:00\n    Building axio v0.1.1 (current)\nerror: running cargo-doc on crate 'axio' failed with output:\n-----\n   Compiling axerrno v0.1.0\n    Checking log v0.4.26\n Documenting axio v0.1.1 (/home/runner/check/batch_3/arceos-org/axio)\nerror[E0463]: can't find crate for `std`\n  |\n  = note: the `riscv64gc-unknown-none-elf` target may not support the standard library\n  = note: `std` is required by `axio` because it does not declare `#![no_std]`\n  = help: consider building the standard library from source with `cargo build -Zbuild-std`\n\nerror: cannot find attribute `derive` in this scope\n   --> /home/runner/check/batch_3/arceos-org/axio/src/lib.rs:283:3\n    |\n283 | #[derive(Copy, PartialEq, Eq, Clone, Debug)]\n    |   ^^^^^^\n    |\nhelp: consider importing this attribute macro\n    |\n10  + use core::prelude::rust_2024::derive;\n    |\n\nerror: cannot find attribute `derive` in this scope\n   --> /home/runner/check/batch_3/arceos-org/axio/src/lib.rs:373:3\n    |\n373 | #[derive(Debug, Default, Clone, Copy)]\n    |   ^^^^^^\n    |\nhelp: consider importing this attribute macro\n    |\n10  + use core::prelude::rust_2024::derive;\n    |\n\nerror[E0405]: cannot find trait `Sized` in this scope\n  --> /home/runner/check/batch_3/arceos-org/axio/src/lib.rs:32:39\n   |\n32 | pub fn default_read_to_end<R: Read + ?Sized>(\n   |                                       ^^^^^ not found in this scope\n   |\nhelp: consider importing this trait\n   |\n10 + use core::marker::Sized;\n   |\n\nerror[E0412]: cannot find type `Option` in this scope\n  --> /home/runner/check/batch_3/arceos-org/axio/src/lib.rs:35:16\n   |\n35 |     size_hint: Option<usize>,\n   |                ^^^^^^ not found in this scope\n   |\nhelp: consider importing this enum\n   |\n10 + use core::option::Option;\n   |\n\nerror[E0405]: cannot find trait `Sized` in this scope\n  --> /home/runner/check/batch_3/arceos-org/axio/src/lib.rs:54:36\n   |\n54 |     fn small_probe_read<R: Read + ?Sized>(r: &mut R, buf: &mut Vec<u8>) -> Result<usize> {\n   |                                    ^^^^^ not found in this scope\n   |\nhelp: consider importing this trait\n   |\n10 + use core::marker::Sized;\n   |\n\nerror[E0405]: cannot find trait `Sized` in this scope\n   --> /home/runner/check/batch_3/arceos-org/axio/src/lib.rs:216:32\n    |\n216 |         struct Adapter<'a, T: ?Sized + 'a> {\n    |                                ^^^^^ not found in this scope\n    |\nhelp: consider importing this trait\n    |\n10  + use core::marker::Sized;\n    |\n\nerror[E0405]: cannot find trait `Sized` in this scope\n   --> /home/runner/check/batch_3/arceos-org/axio/src/lib.rs:221:26\n    |\n221 |         impl<T: Write + ?Sized> fmt::Write for Adapter<'_, T> {\n    |                          ^^^^^ not found in this scope\n    |\nhelp: consider importing this trait\n    |\n10  + use core::marker::Sized;\n    |\n\nerror[E0405]: cannot find trait `FnOnce` in this scope\n   --> /home/runner/check/batch_3/arceos-org/axio/src/lib.rs:360:8\n    |\n360 |     F: FnOnce(&mut Vec<u8>) -> Result<usize>,\n    |        ^^^^^^ not found in this scope\n    |\nhelp: consider importing this trait\n    |\n10  + use core::ops::FnOnce;\n    |\n\nSome errors have detailed explanations: E0405, E0412, E0463.\nFor more information about an error, try `rustc --explain E0405`.\nerror: could not document `axio`\n\n-----\n\nerror: failed to build rustdoc for crate axio v0.1.1\nnote: this is usually due to a compilation error in the crate,\n      and is unlikely to be a bug in cargo-semver-checks\nnote: the following command can be used to reproduce the compilation error:\n      cargo new --lib example &&\n          cd example &&\n          echo '[workspace]' >> Cargo.toml &&\n          cargo add --path /home/runner/check/batch_3/arceos-org/axio --features alloc,default &&\n          cargo check\n\nerror: aborting due to failure to build rustdoc for crate axio v0.1.1\n",
              "// pkg_name=axio, checker=SemverChecks\n// toolchain=nightly-2025-01-26-x86_64-unknown-linux-gnu, target=aarch64-unknown-none\n// features=\n// pkg_dir=/home/runner/check/batch_3/arceos-org/axio\n// cmd=cargo +nightly-2025-01-26-x86_64-unknown-linux-gnu semver-checks --target aarch64-unknown-none \n// timestamp=2025-03-11 4:27:36.690943072 +08:00:00\n    Building axio v0.1.1 (current)\nerror: running cargo-doc on crate 'axio' failed with output:\n-----\n   Compiling axerrno v0.1.0\n    Checking log v0.4.26\n Documenting axio v0.1.1 (/home/runner/check/batch_3/arceos-org/axio)\nerror[E0463]: can't find crate for `std`\n  |\n  = note: the `aarch64-unknown-none` target may not support the standard library\n  = note: `std` is required by `axio` because it does not declare `#![no_std]`\n  = help: consider building the standard library from source with `cargo build -Zbuild-std`\n\nerror: cannot find attribute `derive` in this scope\n   --> /home/runner/check/batch_3/arceos-org/axio/src/lib.rs:283:3\n    |\n283 | #[derive(Copy, PartialEq, Eq, Clone, Debug)]\n    |   ^^^^^^\n    |\nhelp: consider importing this attribute macro\n    |\n10  + use core::prelude::rust_2024::derive;\n    |\n\nerror: cannot find attribute `derive` in this scope\n   --> /home/runner/check/batch_3/arceos-org/axio/src/lib.rs:373:3\n    |\n373 | #[derive(Debug, Default, Clone, Copy)]\n    |   ^^^^^^\n    |\nhelp: consider importing this attribute macro\n    |\n10  + use core::prelude::rust_2024::derive;\n    |\n\nerror[E0405]: cannot find trait `Sized` in this scope\n  --> /home/runner/check/batch_3/arceos-org/axio/src/lib.rs:32:39\n   |\n32 | pub fn default_read_to_end<R: Read + ?Sized>(\n   |                                       ^^^^^ not found in this scope\n   |\nhelp: consider importing this trait\n   |\n10 + use core::marker::Sized;\n   |\n\nerror[E0412]: cannot find type `Option` in this scope\n  --> /home/runner/check/batch_3/arceos-org/axio/src/lib.rs:35:16\n   |\n35 |     size_hint: Option<usize>,\n   |                ^^^^^^ not found in this scope\n   |\nhelp: consider importing this enum\n   |\n10 + use core::option::Option;\n   |\n\nerror[E0405]: cannot find trait `Sized` in this scope\n  --> /home/runner/check/batch_3/arceos-org/axio/src/lib.rs:54:36\n   |\n54 |     fn small_probe_read<R: Read + ?Sized>(r: &mut R, buf: &mut Vec<u8>) -> Result<usize> {\n   |                                    ^^^^^ not found in this scope\n   |\nhelp: consider importing this trait\n   |\n10 + use core::marker::Sized;\n   |\n\nerror[E0405]: cannot find trait `Sized` in this scope\n   --> /home/runner/check/batch_3/arceos-org/axio/src/lib.rs:216:32\n    |\n216 |         struct Adapter<'a, T: ?Sized + 'a> {\n    |                                ^^^^^ not found in this scope\n    |\nhelp: consider importing this trait\n    |\n10  + use core::marker::Sized;\n    |\n\nerror[E0405]: cannot find trait `Sized` in this scope\n   --> /home/runner/check/batch_3/arceos-org/axio/src/lib.rs:221:26\n    |\n221 |         impl<T: Write + ?Sized> fmt::Write for Adapter<'_, T> {\n    |                          ^^^^^ not found in this scope\n    |\nhelp: consider importing this trait\n    |\n10  + use core::marker::Sized;\n    |\n\nerror[E0405]: cannot find trait `FnOnce` in this scope\n   --> /home/runner/check/batch_3/arceos-org/axio/src/lib.rs:360:8\n    |\n360 |     F: FnOnce(&mut Vec<u8>) -> Result<usize>,\n    |        ^^^^^^ not found in this scope\n    |\nhelp: consider importing this trait\n    |\n10  + use core::ops::FnOnce;\n    |\n\nSome errors have detailed explanations: E0405, E0412, E0463.\nFor more information about an error, try `rustc --explain E0405`.\nerror: could not document `axio`\n\n-----\n\nerror: failed to build rustdoc for crate axio v0.1.1\nnote: this is usually due to a compilation error in the crate,\n      and is unlikely to be a bug in cargo-semver-checks\nnote: the following command can be used to reproduce the compilation error:\n      cargo new --lib example &&\n          cd example &&\n          echo '[workspace]' >> Cargo.toml &&\n          cargo add --path /home/runner/check/batch_3/arceos-org/axio --features alloc,default &&\n          cargo check\n\nerror: aborting due to failure to build rustdoc for crate axio v0.1.1\n",
              "// pkg_name=axio, checker=SemverChecks\n// toolchain=nightly-2025-01-26-x86_64-unknown-linux-gnu, target=x86_64-unknown-none\n// features=\n// pkg_dir=/home/runner/check/batch_3/arceos-org/axio\n// cmd=cargo +nightly-2025-01-26-x86_64-unknown-linux-gnu semver-checks --target x86_64-unknown-none \n// timestamp=2025-03-11 4:27:35.91929552 +08:00:00\n    Building axio v0.1.1 (current)\nerror: running cargo-doc on crate 'axio' failed with output:\n-----\n   Compiling axerrno v0.1.0\n    Checking log v0.4.26\n Documenting axio v0.1.1 (/home/runner/check/batch_3/arceos-org/axio)\nerror[E0463]: can't find crate for `std`\n  |\n  = note: the `x86_64-unknown-none` target may not support the standard library\n  = note: `std` is required by `axio` because it does not declare `#![no_std]`\n  = help: consider building the standard library from source with `cargo build -Zbuild-std`\n\nerror: cannot find attribute `derive` in this scope\n   --> /home/runner/check/batch_3/arceos-org/axio/src/lib.rs:283:3\n    |\n283 | #[derive(Copy, PartialEq, Eq, Clone, Debug)]\n    |   ^^^^^^\n    |\nhelp: consider importing this attribute macro\n    |\n10  + use core::prelude::rust_2024::derive;\n    |\n\nerror: cannot find attribute `derive` in this scope\n   --> /home/runner/check/batch_3/arceos-org/axio/src/lib.rs:373:3\n    |\n373 | #[derive(Debug, Default, Clone, Copy)]\n    |   ^^^^^^\n    |\nhelp: consider importing this attribute macro\n    |\n10  + use core::prelude::rust_2024::derive;\n    |\n\nerror[E0405]: cannot find trait `Sized` in this scope\n  --> /home/runner/check/batch_3/arceos-org/axio/src/lib.rs:32:39\n   |\n32 | pub fn default_read_to_end<R: Read + ?Sized>(\n   |                                       ^^^^^ not found in this scope\n   |\nhelp: consider importing this trait\n   |\n10 + use core::marker::Sized;\n   |\n\nerror[E0412]: cannot find type `Option` in this scope\n  --> /home/runner/check/batch_3/arceos-org/axio/src/lib.rs:35:16\n   |\n35 |     size_hint: Option<usize>,\n   |                ^^^^^^ not found in this scope\n   |\nhelp: consider importing this enum\n   |\n10 + use core::option::Option;\n   |\n\nerror[E0405]: cannot find trait `Sized` in this scope\n  --> /home/runner/check/batch_3/arceos-org/axio/src/lib.rs:54:36\n   |\n54 |     fn small_probe_read<R: Read + ?Sized>(r: &mut R, buf: &mut Vec<u8>) -> Result<usize> {\n   |                                    ^^^^^ not found in this scope\n   |\nhelp: consider importing this trait\n   |\n10 + use core::marker::Sized;\n   |\n\nerror[E0405]: cannot find trait `Sized` in this scope\n   --> /home/runner/check/batch_3/arceos-org/axio/src/lib.rs:216:32\n    |\n216 |         struct Adapter<'a, T: ?Sized + 'a> {\n    |                                ^^^^^ not found in this scope\n    |\nhelp: consider importing this trait\n    |\n10  + use core::marker::Sized;\n    |\n\nerror[E0405]: cannot find trait `Sized` in this scope\n   --> /home/runner/check/batch_3/arceos-org/axio/src/lib.rs:221:26\n    |\n221 |         impl<T: Write + ?Sized> fmt::Write for Adapter<'_, T> {\n    |                          ^^^^^ not found in this scope\n    |\nhelp: consider importing this trait\n    |\n10  + use core::marker::Sized;\n    |\n\nerror[E0405]: cannot find trait `FnOnce` in this scope\n   --> /home/runner/check/batch_3/arceos-org/axio/src/lib.rs:360:8\n    |\n360 |     F: FnOnce(&mut Vec<u8>) -> Result<usize>,\n    |        ^^^^^^ not found in this scope\n    |\nhelp: consider importing this trait\n    |\n10  + use core::ops::FnOnce;\n    |\n\nSome errors have detailed explanations: E0405, E0412, E0463.\nFor more information about an error, try `rustc --explain E0405`.\nerror: could not document `axio`\n\n-----\n\nerror: failed to build rustdoc for crate axio v0.1.1\nnote: this is usually due to a compilation error in the crate,\n      and is unlikely to be a bug in cargo-semver-checks\nnote: the following command can be used to reproduce the compilation error:\n      cargo new --lib example &&\n          cd example &&\n          echo '[workspace]' >> Cargo.toml &&\n          cargo add --path /home/runner/check/batch_3/arceos-org/axio --features alloc,default &&\n          cargo check\n\nerror: aborting due to failure to build rustdoc for crate axio v0.1.1\n"
            ]
          }
        },
        {
          "file": "[semver checks]",
          "features": "",
          "count": 3,
          "kinds": {
            "Semver Violation": [
              "pkg=axio, checker=SemverChecks\ntoolchain=nightly-2025-01-26-x86_64-unknown-linux-gnu, target=riscv64gc-unknown-none-elf\nfeatures=\npkg_dir=/home/runner/check/batch_3/arceos-org/axio\ncmd=cargo +nightly-2025-01-26-x86_64-unknown-linux-gnu semver-checks --target riscv64gc-unknown-none-elf \ntimestamp=2025-03-11 4:27:36.689278602 +08:00:00\n\n\nstdout:\n\nstderr:\n    Building axio v0.1.1 (current)\nerror: running cargo-doc on crate 'axio' failed with output:\n-----\n   Compiling axerrno v0.1.0\n    Checking log v0.4.26\n Documenting axio v0.1.1 (/home/runner/check/batch_3/arceos-org/axio)\nerror[E0463]: can't find crate for `std`\n  |\n  = note: the `riscv64gc-unknown-none-elf` target may not support the standard library\n  = note: `std` is required by `axio` because it does not declare `#![no_std]`\n  = help: consider building the standard library from source with `cargo build -Zbuild-std`\n\nerror: cannot find attribute `derive` in this scope\n   --> /home/runner/check/batch_3/arceos-org/axio/src/lib.rs:283:3\n    |\n283 | #[derive(Copy, PartialEq, Eq, Clone, Debug)]\n    |   ^^^^^^\n    |\nhelp: consider importing this attribute macro\n    |\n10  + use core::prelude::rust_2024::derive;\n    |\n\nerror: cannot find attribute `derive` in this scope\n   --> /home/runner/check/batch_3/arceos-org/axio/src/lib.rs:373:3\n    |\n373 | #[derive(Debug, Default, Clone, Copy)]\n    |   ^^^^^^\n    |\nhelp: consider importing this attribute macro\n    |\n10  + use core::prelude::rust_2024::derive;\n    |\n\nerror[E0405]: cannot find trait `Sized` in this scope\n  --> /home/runner/check/batch_3/arceos-org/axio/src/lib.rs:32:39\n   |\n32 | pub fn default_read_to_end<R: Read + ?Sized>(\n   |                                       ^^^^^ not found in this scope\n   |\nhelp: consider importing this trait\n   |\n10 + use core::marker::Sized;\n   |\n\nerror[E0412]: cannot find type `Option` in this scope\n  --> /home/runner/check/batch_3/arceos-org/axio/src/lib.rs:35:16\n   |\n35 |     size_hint: Option<usize>,\n   |                ^^^^^^ not found in this scope\n   |\nhelp: consider importing this enum\n   |\n10 + use core::option::Option;\n   |\n\nerror[E0405]: cannot find trait `Sized` in this scope\n  --> /home/runner/check/batch_3/arceos-org/axio/src/lib.rs:54:36\n   |\n54 |     fn small_probe_read<R: Read + ?Sized>(r: &mut R, buf: &mut Vec<u8>) -> Result<usize> {\n   |                                    ^^^^^ not found in this scope\n   |\nhelp: consider importing this trait\n   |\n10 + use core::marker::Sized;\n   |\n\nerror[E0405]: cannot find trait `Sized` in this scope\n   --> /home/runner/check/batch_3/arceos-org/axio/src/lib.rs:216:32\n    |\n216 |         struct Adapter<'a, T: ?Sized + 'a> {\n    |                                ^^^^^ not found in this scope\n    |\nhelp: consider importing this trait\n    |\n10  + use core::marker::Sized;\n    |\n\nerror[E0405]: cannot find trait `Sized` in this scope\n   --> /home/runner/check/batch_3/arceos-org/axio/src/lib.rs:221:26\n    |\n221 |         impl<T: Write + ?Sized> fmt::Write for Adapter<'_, T> {\n    |                          ^^^^^ not found in this scope\n    |\nhelp: consider importing this trait\n    |\n10  + use core::marker::Sized;\n    |\n\nerror[E0405]: cannot find trait `FnOnce` in this scope\n   --> /home/runner/check/batch_3/arceos-org/axio/src/lib.rs:360:8\n    |\n360 |     F: FnOnce(&mut Vec<u8>) -> Result<usize>,\n    |        ^^^^^^ not found in this scope\n    |\nhelp: consider importing this trait\n    |\n10  + use core::ops::FnOnce;\n    |\n\nSome errors have detailed explanations: E0405, E0412, E0463.\nFor more information about an error, try `rustc --explain E0405`.\nerror: could not document `axio`\n\n-----\n\nerror: failed to build rustdoc for crate axio v0.1.1\nnote: this is usually due to a compilation error in the crate,\n      and is unlikely to be a bug in cargo-semver-checks\nnote: the following command can be used to reproduce the compilation error:\n      cargo new --lib example &&\n          cd example &&\n          echo '[workspace]' >> Cargo.toml &&\n          cargo add --path /home/runner/check/batch_3/arceos-org/axio --features alloc,default &&\n          cargo check\n\nerror: aborting due to failure to build rustdoc for crate axio v0.1.1\n",
              "pkg=axio, checker=SemverChecks\ntoolchain=nightly-2025-01-26-x86_64-unknown-linux-gnu, target=x86_64-unknown-none\nfeatures=\npkg_dir=/home/runner/check/batch_3/arceos-org/axio\ncmd=cargo +nightly-2025-01-26-x86_64-unknown-linux-gnu semver-checks --target x86_64-unknown-none \ntimestamp=2025-03-11 4:27:36.305628851 +08:00:00\n\n\nstdout:\n\nstderr:\n    Building axio v0.1.1 (current)\nerror: running cargo-doc on crate 'axio' failed with output:\n-----\n   Compiling axerrno v0.1.0\n    Checking log v0.4.26\n Documenting axio v0.1.1 (/home/runner/check/batch_3/arceos-org/axio)\nerror[E0463]: can't find crate for `std`\n  |\n  = note: the `x86_64-unknown-none` target may not support the standard library\n  = note: `std` is required by `axio` because it does not declare `#![no_std]`\n  = help: consider building the standard library from source with `cargo build -Zbuild-std`\n\nerror: cannot find attribute `derive` in this scope\n   --> /home/runner/check/batch_3/arceos-org/axio/src/lib.rs:283:3\n    |\n283 | #[derive(Copy, PartialEq, Eq, Clone, Debug)]\n    |   ^^^^^^\n    |\nhelp: consider importing this attribute macro\n    |\n10  + use core::prelude::rust_2024::derive;\n    |\n\nerror: cannot find attribute `derive` in this scope\n   --> /home/runner/check/batch_3/arceos-org/axio/src/lib.rs:373:3\n    |\n373 | #[derive(Debug, Default, Clone, Copy)]\n    |   ^^^^^^\n    |\nhelp: consider importing this attribute macro\n    |\n10  + use core::prelude::rust_2024::derive;\n    |\n\nerror[E0405]: cannot find trait `Sized` in this scope\n  --> /home/runner/check/batch_3/arceos-org/axio/src/lib.rs:32:39\n   |\n32 | pub fn default_read_to_end<R: Read + ?Sized>(\n   |                                       ^^^^^ not found in this scope\n   |\nhelp: consider importing this trait\n   |\n10 + use core::marker::Sized;\n   |\n\nerror[E0412]: cannot find type `Option` in this scope\n  --> /home/runner/check/batch_3/arceos-org/axio/src/lib.rs:35:16\n   |\n35 |     size_hint: Option<usize>,\n   |                ^^^^^^ not found in this scope\n   |\nhelp: consider importing this enum\n   |\n10 + use core::option::Option;\n   |\n\nerror[E0405]: cannot find trait `Sized` in this scope\n  --> /home/runner/check/batch_3/arceos-org/axio/src/lib.rs:54:36\n   |\n54 |     fn small_probe_read<R: Read + ?Sized>(r: &mut R, buf: &mut Vec<u8>) -> Result<usize> {\n   |                                    ^^^^^ not found in this scope\n   |\nhelp: consider importing this trait\n   |\n10 + use core::marker::Sized;\n   |\n\nerror[E0405]: cannot find trait `Sized` in this scope\n   --> /home/runner/check/batch_3/arceos-org/axio/src/lib.rs:216:32\n    |\n216 |         struct Adapter<'a, T: ?Sized + 'a> {\n    |                                ^^^^^ not found in this scope\n    |\nhelp: consider importing this trait\n    |\n10  + use core::marker::Sized;\n    |\n\nerror[E0405]: cannot find trait `Sized` in this scope\n   --> /home/runner/check/batch_3/arceos-org/axio/src/lib.rs:221:26\n    |\n221 |         impl<T: Write + ?Sized> fmt::Write for Adapter<'_, T> {\n    |                          ^^^^^ not found in this scope\n    |\nhelp: consider importing this trait\n    |\n10  + use core::marker::Sized;\n    |\n\nerror[E0405]: cannot find trait `FnOnce` in this scope\n   --> /home/runner/check/batch_3/arceos-org/axio/src/lib.rs:360:8\n    |\n360 |     F: FnOnce(&mut Vec<u8>) -> Result<usize>,\n    |        ^^^^^^ not found in this scope\n    |\nhelp: consider importing this trait\n    |\n10  + use core::ops::FnOnce;\n    |\n\nSome errors have detailed explanations: E0405, E0412, E0463.\nFor more information about an error, try `rustc --explain E0405`.\nerror: could not document `axio`\n\n-----\n\nerror: failed to build rustdoc for crate axio v0.1.1\nnote: this is usually due to a compilation error in the crate,\n      and is unlikely to be a bug in cargo-semver-checks\nnote: the following command can be used to reproduce the compilation error:\n      cargo new --lib example &&\n          cd example &&\n          echo '[workspace]' >> Cargo.toml &&\n          cargo add --path /home/runner/check/batch_3/arceos-org/axio --features alloc,default &&\n          cargo check\n\nerror: aborting due to failure to build rustdoc for crate axio v0.1.1\n",
              "pkg=axio, checker=SemverChecks\ntoolchain=nightly-2025-01-26-x86_64-unknown-linux-gnu, target=aarch64-unknown-none\nfeatures=\npkg_dir=/home/runner/check/batch_3/arceos-org/axio\ncmd=cargo +nightly-2025-01-26-x86_64-unknown-linux-gnu semver-checks --target aarch64-unknown-none \ntimestamp=2025-03-11 4:27:37.075575921 +08:00:00\n\n\nstdout:\n\nstderr:\n    Building axio v0.1.1 (current)\nerror: running cargo-doc on crate 'axio' failed with output:\n-----\n   Compiling axerrno v0.1.0\n    Checking log v0.4.26\n Documenting axio v0.1.1 (/home/runner/check/batch_3/arceos-org/axio)\nerror[E0463]: can't find crate for `std`\n  |\n  = note: the `aarch64-unknown-none` target may not support the standard library\n  = note: `std` is required by `axio` because it does not declare `#![no_std]`\n  = help: consider building the standard library from source with `cargo build -Zbuild-std`\n\nerror: cannot find attribute `derive` in this scope\n   --> /home/runner/check/batch_3/arceos-org/axio/src/lib.rs:283:3\n    |\n283 | #[derive(Copy, PartialEq, Eq, Clone, Debug)]\n    |   ^^^^^^\n    |\nhelp: consider importing this attribute macro\n    |\n10  + use core::prelude::rust_2024::derive;\n    |\n\nerror: cannot find attribute `derive` in this scope\n   --> /home/runner/check/batch_3/arceos-org/axio/src/lib.rs:373:3\n    |\n373 | #[derive(Debug, Default, Clone, Copy)]\n    |   ^^^^^^\n    |\nhelp: consider importing this attribute macro\n    |\n10  + use core::prelude::rust_2024::derive;\n    |\n\nerror[E0405]: cannot find trait `Sized` in this scope\n  --> /home/runner/check/batch_3/arceos-org/axio/src/lib.rs:32:39\n   |\n32 | pub fn default_read_to_end<R: Read + ?Sized>(\n   |                                       ^^^^^ not found in this scope\n   |\nhelp: consider importing this trait\n   |\n10 + use core::marker::Sized;\n   |\n\nerror[E0412]: cannot find type `Option` in this scope\n  --> /home/runner/check/batch_3/arceos-org/axio/src/lib.rs:35:16\n   |\n35 |     size_hint: Option<usize>,\n   |                ^^^^^^ not found in this scope\n   |\nhelp: consider importing this enum\n   |\n10 + use core::option::Option;\n   |\n\nerror[E0405]: cannot find trait `Sized` in this scope\n  --> /home/runner/check/batch_3/arceos-org/axio/src/lib.rs:54:36\n   |\n54 |     fn small_probe_read<R: Read + ?Sized>(r: &mut R, buf: &mut Vec<u8>) -> Result<usize> {\n   |                                    ^^^^^ not found in this scope\n   |\nhelp: consider importing this trait\n   |\n10 + use core::marker::Sized;\n   |\n\nerror[E0405]: cannot find trait `Sized` in this scope\n   --> /home/runner/check/batch_3/arceos-org/axio/src/lib.rs:216:32\n    |\n216 |         struct Adapter<'a, T: ?Sized + 'a> {\n    |                                ^^^^^ not found in this scope\n    |\nhelp: consider importing this trait\n    |\n10  + use core::marker::Sized;\n    |\n\nerror[E0405]: cannot find trait `Sized` in this scope\n   --> /home/runner/check/batch_3/arceos-org/axio/src/lib.rs:221:26\n    |\n221 |         impl<T: Write + ?Sized> fmt::Write for Adapter<'_, T> {\n    |                          ^^^^^ not found in this scope\n    |\nhelp: consider importing this trait\n    |\n10  + use core::marker::Sized;\n    |\n\nerror[E0405]: cannot find trait `FnOnce` in this scope\n   --> /home/runner/check/batch_3/arceos-org/axio/src/lib.rs:360:8\n    |\n360 |     F: FnOnce(&mut Vec<u8>) -> Result<usize>,\n    |        ^^^^^^ not found in this scope\n    |\nhelp: consider importing this trait\n    |\n10  + use core::ops::FnOnce;\n    |\n\nSome errors have detailed explanations: E0405, E0412, E0463.\nFor more information about an error, try `rustc --explain E0405`.\nerror: could not document `axio`\n\n-----\n\nerror: failed to build rustdoc for crate axio v0.1.1\nnote: this is usually due to a compilation error in the crate,\n      and is unlikely to be a bug in cargo-semver-checks\nnote: the following command can be used to reproduce the compilation error:\n      cargo new --lib example &&\n          cd example &&\n          echo '[workspace]' >> Cargo.toml &&\n          cargo add --path /home/runner/check/batch_3/arceos-org/axio --features alloc,default &&\n          cargo check\n\nerror: aborting due to failure to build rustdoc for crate axio v0.1.1\n"
            ]
          }
        }
      ]
    }
  ],
  "kinds_order": [
    "Cargo",
    "Clippy(Error)",
    "Clippy(Warn)",
    "Semver Violation",
    "Audit",
    "Mirai",
    "Rapx",
    "Rudra",
    "Lockbud(Probably)",
    "Lockbud(Possibly)",
    "Outdated",
    "Geiger",
    "Unformatted"
  ]
}