{
  "repo": {
    "user": "arceos-org",
    "repo": "axio"
  },
  "data": [
    {
      "user": "arceos-org",
      "repo": "axio",
      "pkg": "axio",
      "count": 17,
      "raw_reports": [
        {
          "file": "[Lockbud] deadlock detection",
          "features": "",
          "count": 4,
          "kinds": {
            "Lockbud(Possibly)": [
              "[2025-12-15T21:25:04Z WARN  lockbud::callbacks] [\n      {\n        \"AtomicityViolation\": {\n          \"bug_kind\": \"AtomicityViolation\",\n          \"possibility\": \"Possibly\",\n          \"diagnosis\": {\n            \"fn_name\": \"set_logger_racy\",\n            \"atomic_reader\": \"/home/runner/.cargo/registry/src/index.crates.io-1949cf8c6b5b557f/log-0.4.29/src/lib.rs:1530:11: 1530:40 (#0)\",\n            \"atomic_writer\": \"/home/runner/.cargo/registry/src/index.crates.io-1949cf8c6b5b557f/log-0.4.29/src/lib.rs:1533:13: 1533:56 (#0)\",\n            \"dep_kind\": \"Control\"\n          },\n          \"explanation\": \"atomic::store is data/control dependent on atomic::load\"\n        }\n      }\n    ]\n[2025-12-15T21:25:04Z WARN  lockbud::callbacks] crate log contains bugs: { probably: 0, possibly: 0 }, conflictlock: { probably: 0, possibly: 0 }, condvar_deadlock: { probably: 0, possibly: 0 }, atomicity_violation: { possibly: 1 }, invalid_free: { possibly: 0 }, use_after_free: { possibly: 0 }",
              "[2025-12-15T21:25:08Z WARN  lockbud::callbacks] [\n      {\n        \"AtomicityViolation\": {\n          \"bug_kind\": \"AtomicityViolation\",\n          \"possibility\": \"Possibly\",\n          \"diagnosis\": {\n            \"fn_name\": \"set_logger_racy\",\n            \"atomic_reader\": \"/home/runner/.cargo/registry/src/index.crates.io-1949cf8c6b5b557f/log-0.4.29/src/lib.rs:1530:11: 1530:40 (#0)\",\n            \"atomic_writer\": \"/home/runner/.cargo/registry/src/index.crates.io-1949cf8c6b5b557f/log-0.4.29/src/lib.rs:1533:13: 1533:56 (#0)\",\n            \"dep_kind\": \"Control\"\n          },\n          \"explanation\": \"atomic::store is data/control dependent on atomic::load\"\n        }\n      }\n    ]\n[2025-12-15T21:25:08Z WARN  lockbud::callbacks] crate log contains bugs: { probably: 0, possibly: 0 }, conflictlock: { probably: 0, possibly: 0 }, condvar_deadlock: { probably: 0, possibly: 0 }, atomicity_violation: { possibly: 1 }, invalid_free: { possibly: 0 }, use_after_free: { possibly: 0 }",
              "[2025-12-15T21:25:08Z WARN  lockbud::callbacks] [\n      {\n        \"AtomicityViolation\": {\n          \"bug_kind\": \"AtomicityViolation\",\n          \"possibility\": \"Possibly\",\n          \"diagnosis\": {\n            \"fn_name\": \"set_logger_racy\",\n            \"atomic_reader\": \"/home/runner/.cargo/registry/src/index.crates.io-1949cf8c6b5b557f/log-0.4.29/src/lib.rs:1530:11: 1530:40 (#0)\",\n            \"atomic_writer\": \"/home/runner/.cargo/registry/src/index.crates.io-1949cf8c6b5b557f/log-0.4.29/src/lib.rs:1533:13: 1533:56 (#0)\",\n            \"dep_kind\": \"Control\"\n          },\n          \"explanation\": \"atomic::store is data/control dependent on atomic::load\"\n        }\n      }\n    ]\n[2025-12-15T21:25:08Z WARN  lockbud::callbacks] crate log contains bugs: { probably: 0, possibly: 0 }, conflictlock: { probably: 0, possibly: 0 }, condvar_deadlock: { probably: 0, possibly: 0 }, atomicity_violation: { possibly: 1 }, invalid_free: { possibly: 0 }, use_after_free: { possibly: 0 }",
              "[2025-12-15T21:25:08Z WARN  lockbud::callbacks] [\n      {\n        \"AtomicityViolation\": {\n          \"bug_kind\": \"AtomicityViolation\",\n          \"possibility\": \"Possibly\",\n          \"diagnosis\": {\n            \"fn_name\": \"set_logger_racy\",\n            \"atomic_reader\": \"/home/runner/.cargo/registry/src/index.crates.io-1949cf8c6b5b557f/log-0.4.29/src/lib.rs:1530:11: 1530:40 (#0)\",\n            \"atomic_writer\": \"/home/runner/.cargo/registry/src/index.crates.io-1949cf8c6b5b557f/log-0.4.29/src/lib.rs:1533:13: 1533:56 (#0)\",\n            \"dep_kind\": \"Control\"\n          },\n          \"explanation\": \"atomic::store is data/control dependent on atomic::load\"\n        }\n      }\n    ]\n[2025-12-15T21:25:08Z WARN  lockbud::callbacks] crate log contains bugs: { probably: 0, possibly: 0 }, conflictlock: { probably: 0, possibly: 0 }, condvar_deadlock: { probably: 0, possibly: 0 }, atomicity_violation: { possibly: 1 }, invalid_free: { possibly: 0 }, use_after_free: { possibly: 0 }"
            ]
          }
        },
        {
          "file": "[outdated direct dependencies]",
          "features": "",
          "count": 4,
          "kinds": {
            "Outdated": [
              "pkg=axio, checker=Outdated\ntoolchain=nightly-2025-06-26-x86_64-unknown-linux-gnu, target=aarch64-unknown-none\nfeatures=\npkg_dir=/mnt/check/batch_2/arceos-org/axio\ncmd=cargo +nightly-2025-06-26-x86_64-unknown-linux-gnu outdated -R --exit-code=2\ntimestamp=2025-12-16 5:25:27.922637112 +08:00:00\n\nName     Project  Compat  Latest  Kind    Platform\n----     -------  ------  ------  ----    --------\naxerrno  0.1.2    ---     0.2.2   Normal  ---\n",
              "pkg=axio, checker=Outdated\ntoolchain=nightly-2025-06-26-x86_64-unknown-linux-gnu, target=riscv64gc-unknown-none-elf\nfeatures=\npkg_dir=/mnt/check/batch_2/arceos-org/axio\ncmd=cargo +nightly-2025-06-26-x86_64-unknown-linux-gnu outdated -R --exit-code=2\ntimestamp=2025-12-16 5:25:27.660773308 +08:00:00\n\nName     Project  Compat  Latest  Kind    Platform\n----     -------  ------  ------  ----    --------\naxerrno  0.1.2    ---     0.2.2   Normal  ---\n",
              "pkg=axio, checker=Outdated\ntoolchain=nightly-2025-06-26-x86_64-unknown-linux-gnu, target=x86_64-unknown-linux-gnu\nfeatures=\npkg_dir=/mnt/check/batch_2/arceos-org/axio\ncmd=cargo +nightly-2025-06-26-x86_64-unknown-linux-gnu outdated -R --exit-code=2\ntimestamp=2025-12-16 5:25:27.128499398 +08:00:00\n\nName     Project  Compat  Latest  Kind    Platform\n----     -------  ------  ------  ----    --------\naxerrno  0.1.2    ---     0.2.2   Normal  ---\n",
              "pkg=axio, checker=Outdated\ntoolchain=nightly-2025-06-26-x86_64-unknown-linux-gnu, target=x86_64-unknown-none\nfeatures=\npkg_dir=/mnt/check/batch_2/arceos-org/axio\ncmd=cargo +nightly-2025-06-26-x86_64-unknown-linux-gnu outdated -R --exit-code=2\ntimestamp=2025-12-16 5:25:27.394125097 +08:00:00\n\nName     Project  Compat  Latest  Kind    Platform\n----     -------  ------  ------  ----    --------\naxerrno  0.1.2    ---     0.2.2   Normal  ---\n"
            ]
          }
        },
        {
          "file": "(virtual) semver-checks",
          "features": "",
          "count": 3,
          "kinds": {
            "Cargo": [
              "// pkg_name=axio, checker=SemverChecks\n// toolchain=nightly-2025-06-26-x86_64-unknown-linux-gnu, target=aarch64-unknown-none\n// features=\n// pkg_dir=/mnt/check/batch_2/arceos-org/axio\n// cmd=cargo +nightly-2025-06-26-x86_64-unknown-linux-gnu semver-checks --target aarch64-unknown-none \n// timestamp=2025-12-16 5:24:57.168503751 +08:00:00\n    Building axio v0.2.0 (current)\nerror: running cargo-doc on crate 'axio' failed with output:\n-----\n   Compiling proc-macro2 v1.0.103\n   Compiling quote v1.0.42\n   Compiling unicode-ident v1.0.22\n   Compiling heck v0.5.0\n   Compiling axerrno v0.2.2\n    Checking log v0.4.29\n   Compiling syn v2.0.111\n   Compiling strum_macros v0.27.2\n    Checking strum v0.27.2\n    Checking axerrno v0.1.2\n Documenting axio v0.2.0 (/mnt/check/batch_2/arceos-org/axio)\nerror[E0463]: can't find crate for `std`\n  |\n  = note: the `aarch64-unknown-none` target may not support the standard library\n  = note: `std` is required by `axio` because it does not declare `#![no_std]`\n  = help: consider building the standard library from source with `cargo build -Zbuild-std`\n\nerror: cannot find macro `assert` in this scope\n  --> /mnt/check/batch_2/arceos-org/axio/src/lib.rs:98:9\n   |\n98 |         assert!(n <= cursor.capacity());\n   |         ^^^^^^\n   |\nhelp: consider importing this macro\n   |\n10 + use core::assert;\n   |\n\nerror: cannot find attribute `derive` in this scope\n   --> /mnt/check/batch_2/arceos-org/axio/src/lib.rs:257:3\n    |\n257 | #[derive(Copy, PartialEq, Eq, Clone, Debug)]\n    |   ^^^^^^\n    |\nhelp: consider importing this attribute macro\n    |\n10  + use core::prelude::rust_2024::derive;\n    |\n\nerror: cannot find attribute `derive` in this scope\n   --> /mnt/check/batch_2/arceos-org/axio/src/lib.rs:347:3\n    |\n347 | #[derive(Debug, Default, Clone, Copy)]\n    |   ^^^^^^\n    |\nhelp: consider importing this attribute macro\n    |\n10  + use core::prelude::rust_2024::derive;\n    |\n\nerror[E0405]: cannot find trait `Sized` in this scope\n  --> /mnt/check/batch_2/arceos-org/axio/src/lib.rs:32:39\n   |\n32 | pub fn default_read_to_end<R: Read + ?Sized>(\n   |                                       ^^^^^ not found in this scope\n   |\nhelp: consider importing this trait\n   |\n10 + use core::marker::Sized;\n   |\n\nerror[E0412]: cannot find type `Option` in this scope\n  --> /mnt/check/batch_2/arceos-org/axio/src/lib.rs:35:16\n   |\n35 |     size_hint: Option<usize>,\n   |                ^^^^^^ not found in this scope\n   |\nhelp: consider importing this enum\n   |\n10 + use core::option::Option;\n   |\n\nerror[E0405]: cannot find trait `Sized` in this scope\n  --> /mnt/check/batch_2/arceos-org/axio/src/lib.rs:54:36\n   |\n54 |     fn small_probe_read<R: Read + ?Sized>(r: &mut R, buf: &mut Vec<u8>) -> Result<usize> {\n   |                                    ^^^^^ not found in this scope\n   |\nhelp: consider importing this trait\n   |\n10 + use core::marker::Sized;\n   |\n\nerror[E0405]: cannot find trait `Sized` in this scope\n   --> /mnt/check/batch_2/arceos-org/axio/src/lib.rs:190:32\n    |\n190 |         struct Adapter<'a, T: ?Sized + 'a> {\n    |                                ^^^^^ not found in this scope\n    |\nhelp: consider importing this trait\n    |\n10  + use core::marker::Sized;\n    |\n\nerror[E0405]: cannot find trait `Sized` in this scope\n   --> /mnt/check/batch_2/arceos-org/axio/src/lib.rs:195:26\n    |\n195 |         impl<T: Write + ?Sized> fmt::Write for Adapter<'_, T> {\n    |                          ^^^^^ not found in this scope\n    |\nhelp: consider importing this trait\n    |\n10  + use core::marker::Sized;\n    |\n\nerror[E0405]: cannot find trait `FnOnce` in this scope\n   --> /mnt/check/batch_2/arceos-org/axio/src/lib.rs:334:8\n    |\n334 |     F: FnOnce(&mut Vec<u8>) -> Result<usize>,\n    |        ^^^^^^ not found in this scope\n    |\nhelp: consider importing this trait\n    |\n10  + use core::ops::FnOnce;\n    |\n\nerror: relaxing a default bound only does something for `?Sized`; all other traits are not bound by default\n  --> /mnt/check/batch_2/arceos-org/axio/src/lib.rs:32:38\n   |\n32 | pub fn default_read_to_end<R: Read + ?Sized>(\n   |                                      ^^^^^^\n\nerror: relaxing a default bound only does something for `?Sized`; all other traits are not bound by default\n  --> /mnt/check/batch_2/arceos-org/axio/src/lib.rs:54:35\n   |\n54 |     fn small_probe_read<R: Read + ?Sized>(r: &mut R, buf: &mut Vec<u8>) -> Result<usize> {\n   |                                   ^^^^^^\n\nerror: relaxing a default bound only does something for `?Sized`; all other traits are not bound by default\n   --> /mnt/check/batch_2/arceos-org/axio/src/lib.rs:190:31\n    |\n190 |         struct Adapter<'a, T: ?Sized + 'a> {\n    |                               ^^^^^^\n\nerror: relaxing a default bound only does something for `?Sized`; all other traits are not bound by default\n   --> /mnt/check/batch_2/arceos-org/axio/src/lib.rs:195:25\n    |\n195 |         impl<T: Write + ?Sized> fmt::Write for Adapter<'_, T> {\n    |                         ^^^^^^\n\nSome errors have detailed explanations: E0405, E0412, E0463.\nFor more information about an error, try `rustc --explain E0405`.\nerror: could not document `axio`\n\n-----\n\nerror: failed to build rustdoc for crate axio v0.2.0\nnote: this is usually due to a compilation error in the crate,\n      and is unlikely to be a bug in cargo-semver-checks\nnote: the following command can be used to reproduce the compilation error:\n      cargo new --lib example &&\n          cd example &&\n          echo '[workspace]' >> Cargo.toml &&\n          cargo add --path /mnt/check/batch_2/arceos-org/axio --features alloc,default &&\n          cargo check\n\nerror: aborting due to failure to build rustdoc for crate axio v0.2.0\n",
              "// pkg_name=axio, checker=SemverChecks\n// toolchain=nightly-2025-06-26-x86_64-unknown-linux-gnu, target=riscv64gc-unknown-none-elf\n// features=\n// pkg_dir=/mnt/check/batch_2/arceos-org/axio\n// cmd=cargo +nightly-2025-06-26-x86_64-unknown-linux-gnu semver-checks --target riscv64gc-unknown-none-elf \n// timestamp=2025-12-16 5:24:53.654105877 +08:00:00\n    Building axio v0.2.0 (current)\nerror: running cargo-doc on crate 'axio' failed with output:\n-----\n   Compiling proc-macro2 v1.0.103\n   Compiling quote v1.0.42\n   Compiling unicode-ident v1.0.22\n   Compiling heck v0.5.0\n   Compiling axerrno v0.2.2\n    Checking log v0.4.29\n   Compiling syn v2.0.111\n   Compiling strum_macros v0.27.2\n    Checking strum v0.27.2\n    Checking axerrno v0.1.2\n Documenting axio v0.2.0 (/mnt/check/batch_2/arceos-org/axio)\nerror[E0463]: can't find crate for `std`\n  |\n  = note: the `riscv64gc-unknown-none-elf` target may not support the standard library\n  = note: `std` is required by `axio` because it does not declare `#![no_std]`\n  = help: consider building the standard library from source with `cargo build -Zbuild-std`\n\nerror: cannot find macro `assert` in this scope\n  --> /mnt/check/batch_2/arceos-org/axio/src/lib.rs:98:9\n   |\n98 |         assert!(n <= cursor.capacity());\n   |         ^^^^^^\n   |\nhelp: consider importing this macro\n   |\n10 + use core::assert;\n   |\n\nerror: cannot find attribute `derive` in this scope\n   --> /mnt/check/batch_2/arceos-org/axio/src/lib.rs:257:3\n    |\n257 | #[derive(Copy, PartialEq, Eq, Clone, Debug)]\n    |   ^^^^^^\n    |\nhelp: consider importing this attribute macro\n    |\n10  + use core::prelude::rust_2024::derive;\n    |\n\nerror: cannot find attribute `derive` in this scope\n   --> /mnt/check/batch_2/arceos-org/axio/src/lib.rs:347:3\n    |\n347 | #[derive(Debug, Default, Clone, Copy)]\n    |   ^^^^^^\n    |\nhelp: consider importing this attribute macro\n    |\n10  + use core::prelude::rust_2024::derive;\n    |\n\nerror[E0405]: cannot find trait `Sized` in this scope\n  --> /mnt/check/batch_2/arceos-org/axio/src/lib.rs:32:39\n   |\n32 | pub fn default_read_to_end<R: Read + ?Sized>(\n   |                                       ^^^^^ not found in this scope\n   |\nhelp: consider importing this trait\n   |\n10 + use core::marker::Sized;\n   |\n\nerror[E0412]: cannot find type `Option` in this scope\n  --> /mnt/check/batch_2/arceos-org/axio/src/lib.rs:35:16\n   |\n35 |     size_hint: Option<usize>,\n   |                ^^^^^^ not found in this scope\n   |\nhelp: consider importing this enum\n   |\n10 + use core::option::Option;\n   |\n\nerror[E0405]: cannot find trait `Sized` in this scope\n  --> /mnt/check/batch_2/arceos-org/axio/src/lib.rs:54:36\n   |\n54 |     fn small_probe_read<R: Read + ?Sized>(r: &mut R, buf: &mut Vec<u8>) -> Result<usize> {\n   |                                    ^^^^^ not found in this scope\n   |\nhelp: consider importing this trait\n   |\n10 + use core::marker::Sized;\n   |\n\nerror[E0405]: cannot find trait `Sized` in this scope\n   --> /mnt/check/batch_2/arceos-org/axio/src/lib.rs:190:32\n    |\n190 |         struct Adapter<'a, T: ?Sized + 'a> {\n    |                                ^^^^^ not found in this scope\n    |\nhelp: consider importing this trait\n    |\n10  + use core::marker::Sized;\n    |\n\nerror[E0405]: cannot find trait `Sized` in this scope\n   --> /mnt/check/batch_2/arceos-org/axio/src/lib.rs:195:26\n    |\n195 |         impl<T: Write + ?Sized> fmt::Write for Adapter<'_, T> {\n    |                          ^^^^^ not found in this scope\n    |\nhelp: consider importing this trait\n    |\n10  + use core::marker::Sized;\n    |\n\nerror[E0405]: cannot find trait `FnOnce` in this scope\n   --> /mnt/check/batch_2/arceos-org/axio/src/lib.rs:334:8\n    |\n334 |     F: FnOnce(&mut Vec<u8>) -> Result<usize>,\n    |        ^^^^^^ not found in this scope\n    |\nhelp: consider importing this trait\n    |\n10  + use core::ops::FnOnce;\n    |\n\nerror: relaxing a default bound only does something for `?Sized`; all other traits are not bound by default\n  --> /mnt/check/batch_2/arceos-org/axio/src/lib.rs:32:38\n   |\n32 | pub fn default_read_to_end<R: Read + ?Sized>(\n   |                                      ^^^^^^\n\nerror: relaxing a default bound only does something for `?Sized`; all other traits are not bound by default\n  --> /mnt/check/batch_2/arceos-org/axio/src/lib.rs:54:35\n   |\n54 |     fn small_probe_read<R: Read + ?Sized>(r: &mut R, buf: &mut Vec<u8>) -> Result<usize> {\n   |                                   ^^^^^^\n\nerror: relaxing a default bound only does something for `?Sized`; all other traits are not bound by default\n   --> /mnt/check/batch_2/arceos-org/axio/src/lib.rs:190:31\n    |\n190 |         struct Adapter<'a, T: ?Sized + 'a> {\n    |                               ^^^^^^\n\nerror: relaxing a default bound only does something for `?Sized`; all other traits are not bound by default\n   --> /mnt/check/batch_2/arceos-org/axio/src/lib.rs:195:25\n    |\n195 |         impl<T: Write + ?Sized> fmt::Write for Adapter<'_, T> {\n    |                         ^^^^^^\n\nSome errors have detailed explanations: E0405, E0412, E0463.\nFor more information about an error, try `rustc --explain E0405`.\nerror: could not document `axio`\n\n-----\n\nerror: failed to build rustdoc for crate axio v0.2.0\nnote: this is usually due to a compilation error in the crate,\n      and is unlikely to be a bug in cargo-semver-checks\nnote: the following command can be used to reproduce the compilation error:\n      cargo new --lib example &&\n          cd example &&\n          echo '[workspace]' >> Cargo.toml &&\n          cargo add --path /mnt/check/batch_2/arceos-org/axio --features alloc,default &&\n          cargo check\n\nerror: aborting due to failure to build rustdoc for crate axio v0.2.0\n",
              "// pkg_name=axio, checker=SemverChecks\n// toolchain=nightly-2025-06-26-x86_64-unknown-linux-gnu, target=x86_64-unknown-none\n// features=\n// pkg_dir=/mnt/check/batch_2/arceos-org/axio\n// cmd=cargo +nightly-2025-06-26-x86_64-unknown-linux-gnu semver-checks --target x86_64-unknown-none \n// timestamp=2025-12-16 5:24:50.117325562 +08:00:00\n    Building axio v0.2.0 (current)\nerror: running cargo-doc on crate 'axio' failed with output:\n-----\n   Compiling proc-macro2 v1.0.103\n   Compiling unicode-ident v1.0.22\n   Compiling quote v1.0.42\n   Compiling heck v0.5.0\n   Compiling axerrno v0.2.2\n    Checking log v0.4.29\n   Compiling syn v2.0.111\n   Compiling strum_macros v0.27.2\n    Checking strum v0.27.2\n    Checking axerrno v0.1.2\n Documenting axio v0.2.0 (/mnt/check/batch_2/arceos-org/axio)\nerror[E0463]: can't find crate for `std`\n  |\n  = note: the `x86_64-unknown-none` target may not support the standard library\n  = note: `std` is required by `axio` because it does not declare `#![no_std]`\n  = help: consider building the standard library from source with `cargo build -Zbuild-std`\n\nerror: cannot find macro `assert` in this scope\n  --> /mnt/check/batch_2/arceos-org/axio/src/lib.rs:98:9\n   |\n98 |         assert!(n <= cursor.capacity());\n   |         ^^^^^^\n   |\nhelp: consider importing this macro\n   |\n10 + use core::assert;\n   |\n\nerror: cannot find attribute `derive` in this scope\n   --> /mnt/check/batch_2/arceos-org/axio/src/lib.rs:257:3\n    |\n257 | #[derive(Copy, PartialEq, Eq, Clone, Debug)]\n    |   ^^^^^^\n    |\nhelp: consider importing this attribute macro\n    |\n10  + use core::prelude::rust_2024::derive;\n    |\n\nerror: cannot find attribute `derive` in this scope\n   --> /mnt/check/batch_2/arceos-org/axio/src/lib.rs:347:3\n    |\n347 | #[derive(Debug, Default, Clone, Copy)]\n    |   ^^^^^^\n    |\nhelp: consider importing this attribute macro\n    |\n10  + use core::prelude::rust_2024::derive;\n    |\n\nerror[E0405]: cannot find trait `Sized` in this scope\n  --> /mnt/check/batch_2/arceos-org/axio/src/lib.rs:32:39\n   |\n32 | pub fn default_read_to_end<R: Read + ?Sized>(\n   |                                       ^^^^^ not found in this scope\n   |\nhelp: consider importing this trait\n   |\n10 + use core::marker::Sized;\n   |\n\nerror[E0412]: cannot find type `Option` in this scope\n  --> /mnt/check/batch_2/arceos-org/axio/src/lib.rs:35:16\n   |\n35 |     size_hint: Option<usize>,\n   |                ^^^^^^ not found in this scope\n   |\nhelp: consider importing this enum\n   |\n10 + use core::option::Option;\n   |\n\nerror[E0405]: cannot find trait `Sized` in this scope\n  --> /mnt/check/batch_2/arceos-org/axio/src/lib.rs:54:36\n   |\n54 |     fn small_probe_read<R: Read + ?Sized>(r: &mut R, buf: &mut Vec<u8>) -> Result<usize> {\n   |                                    ^^^^^ not found in this scope\n   |\nhelp: consider importing this trait\n   |\n10 + use core::marker::Sized;\n   |\n\nerror[E0405]: cannot find trait `Sized` in this scope\n   --> /mnt/check/batch_2/arceos-org/axio/src/lib.rs:190:32\n    |\n190 |         struct Adapter<'a, T: ?Sized + 'a> {\n    |                                ^^^^^ not found in this scope\n    |\nhelp: consider importing this trait\n    |\n10  + use core::marker::Sized;\n    |\n\nerror[E0405]: cannot find trait `Sized` in this scope\n   --> /mnt/check/batch_2/arceos-org/axio/src/lib.rs:195:26\n    |\n195 |         impl<T: Write + ?Sized> fmt::Write for Adapter<'_, T> {\n    |                          ^^^^^ not found in this scope\n    |\nhelp: consider importing this trait\n    |\n10  + use core::marker::Sized;\n    |\n\nerror[E0405]: cannot find trait `FnOnce` in this scope\n   --> /mnt/check/batch_2/arceos-org/axio/src/lib.rs:334:8\n    |\n334 |     F: FnOnce(&mut Vec<u8>) -> Result<usize>,\n    |        ^^^^^^ not found in this scope\n    |\nhelp: consider importing this trait\n    |\n10  + use core::ops::FnOnce;\n    |\n\nerror: relaxing a default bound only does something for `?Sized`; all other traits are not bound by default\n  --> /mnt/check/batch_2/arceos-org/axio/src/lib.rs:32:38\n   |\n32 | pub fn default_read_to_end<R: Read + ?Sized>(\n   |                                      ^^^^^^\n\nerror: relaxing a default bound only does something for `?Sized`; all other traits are not bound by default\n  --> /mnt/check/batch_2/arceos-org/axio/src/lib.rs:54:35\n   |\n54 |     fn small_probe_read<R: Read + ?Sized>(r: &mut R, buf: &mut Vec<u8>) -> Result<usize> {\n   |                                   ^^^^^^\n\nerror: relaxing a default bound only does something for `?Sized`; all other traits are not bound by default\n   --> /mnt/check/batch_2/arceos-org/axio/src/lib.rs:190:31\n    |\n190 |         struct Adapter<'a, T: ?Sized + 'a> {\n    |                               ^^^^^^\n\nerror: relaxing a default bound only does something for `?Sized`; all other traits are not bound by default\n   --> /mnt/check/batch_2/arceos-org/axio/src/lib.rs:195:25\n    |\n195 |         impl<T: Write + ?Sized> fmt::Write for Adapter<'_, T> {\n    |                         ^^^^^^\n\nSome errors have detailed explanations: E0405, E0412, E0463.\nFor more information about an error, try `rustc --explain E0405`.\nerror: could not document `axio`\n\n-----\n\nerror: failed to build rustdoc for crate axio v0.2.0\nnote: this is usually due to a compilation error in the crate,\n      and is unlikely to be a bug in cargo-semver-checks\nnote: the following command can be used to reproduce the compilation error:\n      cargo new --lib example &&\n          cd example &&\n          echo '[workspace]' >> Cargo.toml &&\n          cargo add --path /mnt/check/batch_2/arceos-org/axio --features alloc,default &&\n          cargo check\n\nerror: aborting due to failure to build rustdoc for crate axio v0.2.0\n"
            ]
          }
        },
        {
          "file": "[semver checks violation]",
          "features": "",
          "count": 3,
          "kinds": {
            "Semver Violation": [
              "pkg=axio, checker=SemverChecks\ntoolchain=nightly-2025-06-26-x86_64-unknown-linux-gnu, target=aarch64-unknown-none\nfeatures=\npkg_dir=/mnt/check/batch_2/arceos-org/axio\ncmd=cargo +nightly-2025-06-26-x86_64-unknown-linux-gnu semver-checks --target aarch64-unknown-none \ntimestamp=2025-12-16 5:25:00.707815692 +08:00:00\n\n\nstdout:\n\nstderr:\n    Building axio v0.2.0 (current)\nerror: running cargo-doc on crate 'axio' failed with output:\n-----\n   Compiling proc-macro2 v1.0.103\n   Compiling quote v1.0.42\n   Compiling unicode-ident v1.0.22\n   Compiling heck v0.5.0\n   Compiling axerrno v0.2.2\n    Checking log v0.4.29\n   Compiling syn v2.0.111\n   Compiling strum_macros v0.27.2\n    Checking strum v0.27.2\n    Checking axerrno v0.1.2\n Documenting axio v0.2.0 (/mnt/check/batch_2/arceos-org/axio)\nerror[E0463]: can't find crate for `std`\n  |\n  = note: the `aarch64-unknown-none` target may not support the standard library\n  = note: `std` is required by `axio` because it does not declare `#![no_std]`\n  = help: consider building the standard library from source with `cargo build -Zbuild-std`\n\nerror: cannot find macro `assert` in this scope\n  --> /mnt/check/batch_2/arceos-org/axio/src/lib.rs:98:9\n   |\n98 |         assert!(n <= cursor.capacity());\n   |         ^^^^^^\n   |\nhelp: consider importing this macro\n   |\n10 + use core::assert;\n   |\n\nerror: cannot find attribute `derive` in this scope\n   --> /mnt/check/batch_2/arceos-org/axio/src/lib.rs:257:3\n    |\n257 | #[derive(Copy, PartialEq, Eq, Clone, Debug)]\n    |   ^^^^^^\n    |\nhelp: consider importing this attribute macro\n    |\n10  + use core::prelude::rust_2024::derive;\n    |\n\nerror: cannot find attribute `derive` in this scope\n   --> /mnt/check/batch_2/arceos-org/axio/src/lib.rs:347:3\n    |\n347 | #[derive(Debug, Default, Clone, Copy)]\n    |   ^^^^^^\n    |\nhelp: consider importing this attribute macro\n    |\n10  + use core::prelude::rust_2024::derive;\n    |\n\nerror[E0405]: cannot find trait `Sized` in this scope\n  --> /mnt/check/batch_2/arceos-org/axio/src/lib.rs:32:39\n   |\n32 | pub fn default_read_to_end<R: Read + ?Sized>(\n   |                                       ^^^^^ not found in this scope\n   |\nhelp: consider importing this trait\n   |\n10 + use core::marker::Sized;\n   |\n\nerror[E0412]: cannot find type `Option` in this scope\n  --> /mnt/check/batch_2/arceos-org/axio/src/lib.rs:35:16\n   |\n35 |     size_hint: Option<usize>,\n   |                ^^^^^^ not found in this scope\n   |\nhelp: consider importing this enum\n   |\n10 + use core::option::Option;\n   |\n\nerror[E0405]: cannot find trait `Sized` in this scope\n  --> /mnt/check/batch_2/arceos-org/axio/src/lib.rs:54:36\n   |\n54 |     fn small_probe_read<R: Read + ?Sized>(r: &mut R, buf: &mut Vec<u8>) -> Result<usize> {\n   |                                    ^^^^^ not found in this scope\n   |\nhelp: consider importing this trait\n   |\n10 + use core::marker::Sized;\n   |\n\nerror[E0405]: cannot find trait `Sized` in this scope\n   --> /mnt/check/batch_2/arceos-org/axio/src/lib.rs:190:32\n    |\n190 |         struct Adapter<'a, T: ?Sized + 'a> {\n    |                                ^^^^^ not found in this scope\n    |\nhelp: consider importing this trait\n    |\n10  + use core::marker::Sized;\n    |\n\nerror[E0405]: cannot find trait `Sized` in this scope\n   --> /mnt/check/batch_2/arceos-org/axio/src/lib.rs:195:26\n    |\n195 |         impl<T: Write + ?Sized> fmt::Write for Adapter<'_, T> {\n    |                          ^^^^^ not found in this scope\n    |\nhelp: consider importing this trait\n    |\n10  + use core::marker::Sized;\n    |\n\nerror[E0405]: cannot find trait `FnOnce` in this scope\n   --> /mnt/check/batch_2/arceos-org/axio/src/lib.rs:334:8\n    |\n334 |     F: FnOnce(&mut Vec<u8>) -> Result<usize>,\n    |        ^^^^^^ not found in this scope\n    |\nhelp: consider importing this trait\n    |\n10  + use core::ops::FnOnce;\n    |\n\nerror: relaxing a default bound only does something for `?Sized`; all other traits are not bound by default\n  --> /mnt/check/batch_2/arceos-org/axio/src/lib.rs:32:38\n   |\n32 | pub fn default_read_to_end<R: Read + ?Sized>(\n   |                                      ^^^^^^\n\nerror: relaxing a default bound only does something for `?Sized`; all other traits are not bound by default\n  --> /mnt/check/batch_2/arceos-org/axio/src/lib.rs:54:35\n   |\n54 |     fn small_probe_read<R: Read + ?Sized>(r: &mut R, buf: &mut Vec<u8>) -> Result<usize> {\n   |                                   ^^^^^^\n\nerror: relaxing a default bound only does something for `?Sized`; all other traits are not bound by default\n   --> /mnt/check/batch_2/arceos-org/axio/src/lib.rs:190:31\n    |\n190 |         struct Adapter<'a, T: ?Sized + 'a> {\n    |                               ^^^^^^\n\nerror: relaxing a default bound only does something for `?Sized`; all other traits are not bound by default\n   --> /mnt/check/batch_2/arceos-org/axio/src/lib.rs:195:25\n    |\n195 |         impl<T: Write + ?Sized> fmt::Write for Adapter<'_, T> {\n    |                         ^^^^^^\n\nSome errors have detailed explanations: E0405, E0412, E0463.\nFor more information about an error, try `rustc --explain E0405`.\nerror: could not document `axio`\n\n-----\n\nerror: failed to build rustdoc for crate axio v0.2.0\nnote: this is usually due to a compilation error in the crate,\n      and is unlikely to be a bug in cargo-semver-checks\nnote: the following command can be used to reproduce the compilation error:\n      cargo new --lib example &&\n          cd example &&\n          echo '[workspace]' >> Cargo.toml &&\n          cargo add --path /mnt/check/batch_2/arceos-org/axio --features alloc,default &&\n          cargo check\n\nerror: aborting due to failure to build rustdoc for crate axio v0.2.0\n",
              "pkg=axio, checker=SemverChecks\ntoolchain=nightly-2025-06-26-x86_64-unknown-linux-gnu, target=x86_64-unknown-none\nfeatures=\npkg_dir=/mnt/check/batch_2/arceos-org/axio\ncmd=cargo +nightly-2025-06-26-x86_64-unknown-linux-gnu semver-checks --target x86_64-unknown-none \ntimestamp=2025-12-16 5:24:53.652399999 +08:00:00\n\n\nstdout:\n\nstderr:\n    Building axio v0.2.0 (current)\nerror: running cargo-doc on crate 'axio' failed with output:\n-----\n   Compiling proc-macro2 v1.0.103\n   Compiling unicode-ident v1.0.22\n   Compiling quote v1.0.42\n   Compiling heck v0.5.0\n   Compiling axerrno v0.2.2\n    Checking log v0.4.29\n   Compiling syn v2.0.111\n   Compiling strum_macros v0.27.2\n    Checking strum v0.27.2\n    Checking axerrno v0.1.2\n Documenting axio v0.2.0 (/mnt/check/batch_2/arceos-org/axio)\nerror[E0463]: can't find crate for `std`\n  |\n  = note: the `x86_64-unknown-none` target may not support the standard library\n  = note: `std` is required by `axio` because it does not declare `#![no_std]`\n  = help: consider building the standard library from source with `cargo build -Zbuild-std`\n\nerror: cannot find macro `assert` in this scope\n  --> /mnt/check/batch_2/arceos-org/axio/src/lib.rs:98:9\n   |\n98 |         assert!(n <= cursor.capacity());\n   |         ^^^^^^\n   |\nhelp: consider importing this macro\n   |\n10 + use core::assert;\n   |\n\nerror: cannot find attribute `derive` in this scope\n   --> /mnt/check/batch_2/arceos-org/axio/src/lib.rs:257:3\n    |\n257 | #[derive(Copy, PartialEq, Eq, Clone, Debug)]\n    |   ^^^^^^\n    |\nhelp: consider importing this attribute macro\n    |\n10  + use core::prelude::rust_2024::derive;\n    |\n\nerror: cannot find attribute `derive` in this scope\n   --> /mnt/check/batch_2/arceos-org/axio/src/lib.rs:347:3\n    |\n347 | #[derive(Debug, Default, Clone, Copy)]\n    |   ^^^^^^\n    |\nhelp: consider importing this attribute macro\n    |\n10  + use core::prelude::rust_2024::derive;\n    |\n\nerror[E0405]: cannot find trait `Sized` in this scope\n  --> /mnt/check/batch_2/arceos-org/axio/src/lib.rs:32:39\n   |\n32 | pub fn default_read_to_end<R: Read + ?Sized>(\n   |                                       ^^^^^ not found in this scope\n   |\nhelp: consider importing this trait\n   |\n10 + use core::marker::Sized;\n   |\n\nerror[E0412]: cannot find type `Option` in this scope\n  --> /mnt/check/batch_2/arceos-org/axio/src/lib.rs:35:16\n   |\n35 |     size_hint: Option<usize>,\n   |                ^^^^^^ not found in this scope\n   |\nhelp: consider importing this enum\n   |\n10 + use core::option::Option;\n   |\n\nerror[E0405]: cannot find trait `Sized` in this scope\n  --> /mnt/check/batch_2/arceos-org/axio/src/lib.rs:54:36\n   |\n54 |     fn small_probe_read<R: Read + ?Sized>(r: &mut R, buf: &mut Vec<u8>) -> Result<usize> {\n   |                                    ^^^^^ not found in this scope\n   |\nhelp: consider importing this trait\n   |\n10 + use core::marker::Sized;\n   |\n\nerror[E0405]: cannot find trait `Sized` in this scope\n   --> /mnt/check/batch_2/arceos-org/axio/src/lib.rs:190:32\n    |\n190 |         struct Adapter<'a, T: ?Sized + 'a> {\n    |                                ^^^^^ not found in this scope\n    |\nhelp: consider importing this trait\n    |\n10  + use core::marker::Sized;\n    |\n\nerror[E0405]: cannot find trait `Sized` in this scope\n   --> /mnt/check/batch_2/arceos-org/axio/src/lib.rs:195:26\n    |\n195 |         impl<T: Write + ?Sized> fmt::Write for Adapter<'_, T> {\n    |                          ^^^^^ not found in this scope\n    |\nhelp: consider importing this trait\n    |\n10  + use core::marker::Sized;\n    |\n\nerror[E0405]: cannot find trait `FnOnce` in this scope\n   --> /mnt/check/batch_2/arceos-org/axio/src/lib.rs:334:8\n    |\n334 |     F: FnOnce(&mut Vec<u8>) -> Result<usize>,\n    |        ^^^^^^ not found in this scope\n    |\nhelp: consider importing this trait\n    |\n10  + use core::ops::FnOnce;\n    |\n\nerror: relaxing a default bound only does something for `?Sized`; all other traits are not bound by default\n  --> /mnt/check/batch_2/arceos-org/axio/src/lib.rs:32:38\n   |\n32 | pub fn default_read_to_end<R: Read + ?Sized>(\n   |                                      ^^^^^^\n\nerror: relaxing a default bound only does something for `?Sized`; all other traits are not bound by default\n  --> /mnt/check/batch_2/arceos-org/axio/src/lib.rs:54:35\n   |\n54 |     fn small_probe_read<R: Read + ?Sized>(r: &mut R, buf: &mut Vec<u8>) -> Result<usize> {\n   |                                   ^^^^^^\n\nerror: relaxing a default bound only does something for `?Sized`; all other traits are not bound by default\n   --> /mnt/check/batch_2/arceos-org/axio/src/lib.rs:190:31\n    |\n190 |         struct Adapter<'a, T: ?Sized + 'a> {\n    |                               ^^^^^^\n\nerror: relaxing a default bound only does something for `?Sized`; all other traits are not bound by default\n   --> /mnt/check/batch_2/arceos-org/axio/src/lib.rs:195:25\n    |\n195 |         impl<T: Write + ?Sized> fmt::Write for Adapter<'_, T> {\n    |                         ^^^^^^\n\nSome errors have detailed explanations: E0405, E0412, E0463.\nFor more information about an error, try `rustc --explain E0405`.\nerror: could not document `axio`\n\n-----\n\nerror: failed to build rustdoc for crate axio v0.2.0\nnote: this is usually due to a compilation error in the crate,\n      and is unlikely to be a bug in cargo-semver-checks\nnote: the following command can be used to reproduce the compilation error:\n      cargo new --lib example &&\n          cd example &&\n          echo '[workspace]' >> Cargo.toml &&\n          cargo add --path /mnt/check/batch_2/arceos-org/axio --features alloc,default &&\n          cargo check\n\nerror: aborting due to failure to build rustdoc for crate axio v0.2.0\n",
              "pkg=axio, checker=SemverChecks\ntoolchain=nightly-2025-06-26-x86_64-unknown-linux-gnu, target=riscv64gc-unknown-none-elf\nfeatures=\npkg_dir=/mnt/check/batch_2/arceos-org/axio\ncmd=cargo +nightly-2025-06-26-x86_64-unknown-linux-gnu semver-checks --target riscv64gc-unknown-none-elf \ntimestamp=2025-12-16 5:24:57.16678756 +08:00:00\n\n\nstdout:\n\nstderr:\n    Building axio v0.2.0 (current)\nerror: running cargo-doc on crate 'axio' failed with output:\n-----\n   Compiling proc-macro2 v1.0.103\n   Compiling quote v1.0.42\n   Compiling unicode-ident v1.0.22\n   Compiling heck v0.5.0\n   Compiling axerrno v0.2.2\n    Checking log v0.4.29\n   Compiling syn v2.0.111\n   Compiling strum_macros v0.27.2\n    Checking strum v0.27.2\n    Checking axerrno v0.1.2\n Documenting axio v0.2.0 (/mnt/check/batch_2/arceos-org/axio)\nerror[E0463]: can't find crate for `std`\n  |\n  = note: the `riscv64gc-unknown-none-elf` target may not support the standard library\n  = note: `std` is required by `axio` because it does not declare `#![no_std]`\n  = help: consider building the standard library from source with `cargo build -Zbuild-std`\n\nerror: cannot find macro `assert` in this scope\n  --> /mnt/check/batch_2/arceos-org/axio/src/lib.rs:98:9\n   |\n98 |         assert!(n <= cursor.capacity());\n   |         ^^^^^^\n   |\nhelp: consider importing this macro\n   |\n10 + use core::assert;\n   |\n\nerror: cannot find attribute `derive` in this scope\n   --> /mnt/check/batch_2/arceos-org/axio/src/lib.rs:257:3\n    |\n257 | #[derive(Copy, PartialEq, Eq, Clone, Debug)]\n    |   ^^^^^^\n    |\nhelp: consider importing this attribute macro\n    |\n10  + use core::prelude::rust_2024::derive;\n    |\n\nerror: cannot find attribute `derive` in this scope\n   --> /mnt/check/batch_2/arceos-org/axio/src/lib.rs:347:3\n    |\n347 | #[derive(Debug, Default, Clone, Copy)]\n    |   ^^^^^^\n    |\nhelp: consider importing this attribute macro\n    |\n10  + use core::prelude::rust_2024::derive;\n    |\n\nerror[E0405]: cannot find trait `Sized` in this scope\n  --> /mnt/check/batch_2/arceos-org/axio/src/lib.rs:32:39\n   |\n32 | pub fn default_read_to_end<R: Read + ?Sized>(\n   |                                       ^^^^^ not found in this scope\n   |\nhelp: consider importing this trait\n   |\n10 + use core::marker::Sized;\n   |\n\nerror[E0412]: cannot find type `Option` in this scope\n  --> /mnt/check/batch_2/arceos-org/axio/src/lib.rs:35:16\n   |\n35 |     size_hint: Option<usize>,\n   |                ^^^^^^ not found in this scope\n   |\nhelp: consider importing this enum\n   |\n10 + use core::option::Option;\n   |\n\nerror[E0405]: cannot find trait `Sized` in this scope\n  --> /mnt/check/batch_2/arceos-org/axio/src/lib.rs:54:36\n   |\n54 |     fn small_probe_read<R: Read + ?Sized>(r: &mut R, buf: &mut Vec<u8>) -> Result<usize> {\n   |                                    ^^^^^ not found in this scope\n   |\nhelp: consider importing this trait\n   |\n10 + use core::marker::Sized;\n   |\n\nerror[E0405]: cannot find trait `Sized` in this scope\n   --> /mnt/check/batch_2/arceos-org/axio/src/lib.rs:190:32\n    |\n190 |         struct Adapter<'a, T: ?Sized + 'a> {\n    |                                ^^^^^ not found in this scope\n    |\nhelp: consider importing this trait\n    |\n10  + use core::marker::Sized;\n    |\n\nerror[E0405]: cannot find trait `Sized` in this scope\n   --> /mnt/check/batch_2/arceos-org/axio/src/lib.rs:195:26\n    |\n195 |         impl<T: Write + ?Sized> fmt::Write for Adapter<'_, T> {\n    |                          ^^^^^ not found in this scope\n    |\nhelp: consider importing this trait\n    |\n10  + use core::marker::Sized;\n    |\n\nerror[E0405]: cannot find trait `FnOnce` in this scope\n   --> /mnt/check/batch_2/arceos-org/axio/src/lib.rs:334:8\n    |\n334 |     F: FnOnce(&mut Vec<u8>) -> Result<usize>,\n    |        ^^^^^^ not found in this scope\n    |\nhelp: consider importing this trait\n    |\n10  + use core::ops::FnOnce;\n    |\n\nerror: relaxing a default bound only does something for `?Sized`; all other traits are not bound by default\n  --> /mnt/check/batch_2/arceos-org/axio/src/lib.rs:32:38\n   |\n32 | pub fn default_read_to_end<R: Read + ?Sized>(\n   |                                      ^^^^^^\n\nerror: relaxing a default bound only does something for `?Sized`; all other traits are not bound by default\n  --> /mnt/check/batch_2/arceos-org/axio/src/lib.rs:54:35\n   |\n54 |     fn small_probe_read<R: Read + ?Sized>(r: &mut R, buf: &mut Vec<u8>) -> Result<usize> {\n   |                                   ^^^^^^\n\nerror: relaxing a default bound only does something for `?Sized`; all other traits are not bound by default\n   --> /mnt/check/batch_2/arceos-org/axio/src/lib.rs:190:31\n    |\n190 |         struct Adapter<'a, T: ?Sized + 'a> {\n    |                               ^^^^^^\n\nerror: relaxing a default bound only does something for `?Sized`; all other traits are not bound by default\n   --> /mnt/check/batch_2/arceos-org/axio/src/lib.rs:195:25\n    |\n195 |         impl<T: Write + ?Sized> fmt::Write for Adapter<'_, T> {\n    |                         ^^^^^^\n\nSome errors have detailed explanations: E0405, E0412, E0463.\nFor more information about an error, try `rustc --explain E0405`.\nerror: could not document `axio`\n\n-----\n\nerror: failed to build rustdoc for crate axio v0.2.0\nnote: this is usually due to a compilation error in the crate,\n      and is unlikely to be a bug in cargo-semver-checks\nnote: the following command can be used to reproduce the compilation error:\n      cargo new --lib example &&\n          cd example &&\n          echo '[workspace]' >> Cargo.toml &&\n          cargo add --path /mnt/check/batch_2/arceos-org/axio --features alloc,default &&\n          cargo check\n\nerror: aborting due to failure to build rustdoc for crate axio v0.2.0\n"
            ]
          }
        },
        {
          "file": "/home/runner/.cargo/registry/src/index.crates.io-1949cf8c6b5b557f/log-0.4.29/src/lib.rs",
          "features": "",
          "count": 1,
          "kinds": {
            "Lockbud(Possibly)": [
              "{\n  \"bug_kind\": \"AtomicityViolation\",\n  \"possibility\": \"Possibly\",\n  \"diagnosis\": {\n    \"fn_name\": \"set_logger_racy\",\n    \"atomic_reader\": \"/home/runner/.cargo/registry/src/index.crates.io-1949cf8c6b5b557f/log-0.4.29/src/lib.rs:1530:11: 1530:40 (#0)\",\n    \"atomic_writer\": \"/home/runner/.cargo/registry/src/index.crates.io-1949cf8c6b5b557f/log-0.4.29/src/lib.rs:1533:13: 1533:56 (#0)\",\n    \"dep_kind\": \"Control\"\n  },\n  \"explanation\": \"atomic::store is data/control dependent on atomic::load\"\n}"
            ]
          }
        },
        {
          "file": "(virtual) geiger",
          "features": "",
          "count": 1,
          "kinds": {
            "Cargo": [
              "// pkg_name=axio, checker=Geiger\n// toolchain=nightly-2025-06-26-x86_64-unknown-linux-gnu, target=x86_64-unknown-linux-gnu\n// features=\n// pkg_dir=/mnt/check/batch_2/arceos-org/axio\n// cmd=cargo +nightly-2025-06-26-x86_64-unknown-linux-gnu geiger --output-format Ascii\n// timestamp=2025-12-16 5:25:27.986693821 +08:00:00\n     Removed 0 files\n   Compiling proc-macro2 v1.0.103\n   Compiling unicode-ident v1.0.22\n   Compiling quote v1.0.42\n   Compiling heck v0.5.0\n{\"$message_type\":\"artifact\",\"artifact\":\"/mnt/check/batch_2/arceos-org/axio/target/debug/build/quote-f14c48d1c4fb57ce/build_script_build-f14c48d1c4fb57ce.d\",\"emit\":\"dep-info\"}\n{\"$message_type\":\"artifact\",\"artifact\":\"/mnt/check/batch_2/arceos-org/axio/target/debug/deps/heck-20e948fc986d72b6.d\",\"emit\":\"dep-info\"}\n{\"$message_type\":\"artifact\",\"artifact\":\"/mnt/check/batch_2/arceos-org/axio/target/debug/build/proc-macro2-dee2de6a12b324eb/build_script_build-dee2de6a12b324eb.d\",\"emit\":\"dep-info\"}\n{\"$message_type\":\"artifact\",\"artifact\":\"/mnt/check/batch_2/arceos-org/axio/target/debug/deps/unicode_ident-12c495887fb81e30.d\",\"emit\":\"dep-info\"}\n{\"$message_type\":\"artifact\",\"artifact\":\"/mnt/check/batch_2/arceos-org/axio/target/debug/deps/libunicode_ident-12c495887fb81e30.rmeta\",\"emit\":\"metadata\"}\n{\"$message_type\":\"artifact\",\"artifact\":\"/mnt/check/batch_2/arceos-org/axio/target/debug/deps/libunicode_ident-12c495887fb81e30.rlib\",\"emit\":\"link\"}\n   Compiling axerrno v0.2.2\n{\"$message_type\":\"artifact\",\"artifact\":\"/mnt/check/batch_2/arceos-org/axio/target/debug/deps/libheck-20e948fc986d72b6.rmeta\",\"emit\":\"metadata\"}\n{\"$message_type\":\"artifact\",\"artifact\":\"/mnt/check/batch_2/arceos-org/axio/target/debug/build/axerrno-fb4107a154223bac/build_script_build-fb4107a154223bac.d\",\"emit\":\"dep-info\"}\n{\"$message_type\":\"artifact\",\"artifact\":\"/mnt/check/batch_2/arceos-org/axio/target/debug/build/quote-f14c48d1c4fb57ce/build_script_build-f14c48d1c4fb57ce\",\"emit\":\"link\"}\n{\"$message_type\":\"artifact\",\"artifact\":\"/mnt/check/batch_2/arceos-org/axio/target/debug/deps/libheck-20e948fc986d72b6.rlib\",\"emit\":\"link\"}\n    Checking log v0.4.29\n{\"$message_type\":\"artifact\",\"artifact\":\"/mnt/check/batch_2/arceos-org/axio/target/debug/build/proc-macro2-dee2de6a12b324eb/build_script_build-dee2de6a12b324eb\",\"emit\":\"link\"}\n{\"$message_type\":\"artifact\",\"artifact\":\"/mnt/check/batch_2/arceos-org/axio/target/debug/deps/log-afca5d2b4f7ff5c1.d\",\"emit\":\"dep-info\"}\n{\"$message_type\":\"artifact\",\"artifact\":\"/mnt/check/batch_2/arceos-org/axio/target/debug/build/axerrno-fb4107a154223bac/build_script_build-fb4107a154223bac\",\"emit\":\"link\"}\n{\"$message_type\":\"artifact\",\"artifact\":\"/mnt/check/batch_2/arceos-org/axio/target/debug/deps/liblog-afca5d2b4f7ff5c1.rmeta\",\"emit\":\"metadata\"}\n{\"$message_type\":\"artifact\",\"artifact\":\"/mnt/check/batch_2/arceos-org/axio/target/debug/deps/proc_macro2-a94944a833fcbdd2.d\",\"emit\":\"dep-info\"}\n{\"$message_type\":\"artifact\",\"artifact\":\"/mnt/check/batch_2/arceos-org/axio/target/debug/deps/libproc_macro2-a94944a833fcbdd2.rmeta\",\"emit\":\"metadata\"}\n{\"$message_type\":\"artifact\",\"artifact\":\"/mnt/check/batch_2/arceos-org/axio/target/debug/deps/libproc_macro2-a94944a833fcbdd2.rlib\",\"emit\":\"link\"}\n{\"$message_type\":\"artifact\",\"artifact\":\"/mnt/check/batch_2/arceos-org/axio/target/debug/deps/quote-467945bb970ae3be.d\",\"emit\":\"dep-info\"}\n{\"$message_type\":\"artifact\",\"artifact\":\"/mnt/check/batch_2/arceos-org/axio/target/debug/deps/libquote-467945bb970ae3be.rmeta\",\"emit\":\"metadata\"}\n{\"$message_type\":\"artifact\",\"artifact\":\"/mnt/check/batch_2/arceos-org/axio/target/debug/deps/libquote-467945bb970ae3be.rlib\",\"emit\":\"link\"}\n   Compiling syn v2.0.111\n{\"$message_type\":\"artifact\",\"artifact\":\"/mnt/check/batch_2/arceos-org/axio/target/debug/deps/syn-d7446c0846da3965.d\",\"emit\":\"dep-info\"}\n{\"$message_type\":\"artifact\",\"artifact\":\"/mnt/check/batch_2/arceos-org/axio/target/debug/deps/libsyn-d7446c0846da3965.rmeta\",\"emit\":\"metadata\"}\n{\"$message_type\":\"artifact\",\"artifact\":\"/mnt/check/batch_2/arceos-org/axio/target/debug/deps/libsyn-d7446c0846da3965.rlib\",\"emit\":\"link\"}\n   Compiling strum_macros v0.27.2\n{\"$message_type\":\"artifact\",\"artifact\":\"/mnt/check/batch_2/arceos-org/axio/target/debug/deps/strum_macros-60f4c8014408fd5f.d\",\"emit\":\"dep-info\"}\n{\"$message_type\":\"artifact\",\"artifact\":\"/mnt/check/batch_2/arceos-org/axio/target/debug/deps/libstrum_macros-60f4c8014408fd5f.so\",\"emit\":\"link\"}\n    Checking strum v0.27.2\n{\"$message_type\":\"artifact\",\"artifact\":\"/mnt/check/batch_2/arceos-org/axio/target/debug/deps/strum-703377f335cb2a09.d\",\"emit\":\"dep-info\"}\n{\"$message_type\":\"artifact\",\"artifact\":\"/mnt/check/batch_2/arceos-org/axio/target/debug/deps/libstrum-703377f335cb2a09.rmeta\",\"emit\":\"metadata\"}\n{\"$message_type\":\"artifact\",\"artifact\":\"/mnt/check/batch_2/arceos-org/axio/target/debug/deps/axerrno-6a6875d75eff340f.d\",\"emit\":\"dep-info\"}\n{\"$message_type\":\"artifact\",\"artifact\":\"/mnt/check/batch_2/arceos-org/axio/target/debug/deps/libaxerrno-6a6875d75eff340f.rmeta\",\"emit\":\"metadata\"}\n    Checking axerrno v0.1.2\n{\"$message_type\":\"artifact\",\"artifact\":\"/mnt/check/batch_2/arceos-org/axio/target/debug/deps/axerrno-db5540d32ac96acb.d\",\"emit\":\"dep-info\"}\n{\"$message_type\":\"artifact\",\"artifact\":\"/mnt/check/batch_2/arceos-org/axio/target/debug/deps/libaxerrno-db5540d32ac96acb.rmeta\",\"emit\":\"metadata\"}\n    Checking axio v0.2.0 (/mnt/check/batch_2/arceos-org/axio)\n{\"$message_type\":\"artifact\",\"artifact\":\"/mnt/check/batch_2/arceos-org/axio/target/debug/deps/axio-f89d47f0061deb6d.d\",\"emit\":\"dep-info\"}\n{\"$message_type\":\"artifact\",\"artifact\":\"/mnt/check/batch_2/arceos-org/axio/target/debug/deps/libaxio-f89d47f0061deb6d.rmeta\",\"emit\":\"metadata\"}\n    Finished `dev` profile [unoptimized + debuginfo] target(s) in 2.88s\n    Scanning done\nWARNING: Dependency file was never scanned: /home/runner/.cargo/registry/src/index.crates.io-1949cf8c6b5b557f/axerrno-0.2.2/README.md\nWARNING: Dependency file was never scanned: /home/runner/.cargo/registry/src/index.crates.io-1949cf8c6b5b557f/axerrno-0.1.2/README.md\nerror: Found 2 warnings\n"
            ]
          }
        },
        {
          "file": "[Geiger] Unsafe code statistics",
          "features": "",
          "count": 1,
          "kinds": {
            "Geiger": [
              "pkg=axio, checker=Geiger\ntoolchain=nightly-2025-06-26-x86_64-unknown-linux-gnu, target=x86_64-unknown-linux-gnu\nfeatures=\npkg_dir=/mnt/check/batch_2/arceos-org/axio\ncmd=cargo +nightly-2025-06-26-x86_64-unknown-linux-gnu geiger --output-format Ascii\ntimestamp=2025-12-16 5:25:32.241684335 +08:00:00\n\n\nMetric output format: x/y\n    x = unsafe code used by the build\n    y = total unsafe code found in the crate\n\nSymbols:\n    :) = No `unsafe` usage found, declares #![forbid(unsafe_code)]\n    ?  = No `unsafe` usage found, missing #![forbid(unsafe_code)]\n    !  = `unsafe` usage found\n\nFunctions  Expressions  Impls  Traits  Methods  Dependency\n\n1/1        28/28        0/0    0/0     0/0      !  axio 0.2.0\n0/0        0/0          0/0    0/0     0/0      ?  `-- axerrno 0.1.2\n0/0        6/6          0/0    0/0     0/0      !      |-- axerrno 0.2.2\n2/2        18/18        1/1    0/0     0/0      !      |   |-- log 0.4.29\n0/0        0/0          0/0    0/0     0/0      ?      |   `-- strum 0.27.2\n0/0        0/0          0/0    0/0     0/0      ?      |       `-- strum_macros 0.27.2\n0/0        0/0          0/0    0/0     0/0      :)     |           |-- heck 0.5.0\n0/0        14/14        0/0    0/0     3/3      !      |           |-- proc-macro2 1.0.103\n0/0        4/4          0/0    0/0     0/0      !      |           |   `-- unicode-ident 1.0.22\n0/0        0/0          0/0    0/0     0/0      ?      |           |-- quote 1.0.42\n0/0        14/14        0/0    0/0     3/3      !      |           |   `-- proc-macro2 1.0.103\n0/0        88/88        3/3    0/0     2/2      !      |           `-- syn 2.0.111\n0/0        14/14        0/0    0/0     3/3      !      |               |-- proc-macro2 1.0.103\n0/0        0/0          0/0    0/0     0/0      ?      |               |-- quote 1.0.42\n0/0        4/4          0/0    0/0     0/0      !      |               `-- unicode-ident 1.0.22\n2/2        18/18        1/1    0/0     0/0      !      `-- log 0.4.29\n\n3/3        158/158      4/4    0/0     5/5\n\n"
            ]
          }
        }
      ]
    }
  ],
  "kinds_order": [
    "Cargo",
    "Clippy(Error)",
    "Clippy(Warn)",
    "Semver Violation",
    "Audit",
    "Mirai",
    "Rapx",
    "Rudra",
    "Lockbud(Probably)",
    "Lockbud(Possibly)",
    "Atomvchecker",
    "Outdated",
    "Geiger",
    "Unused Deps",
    "Unformatted"
  ]
}