{
  "repo": {
    "user": "arceos-org",
    "repo": "axio"
  },
  "data": [
    {
      "user": "arceos-org",
      "repo": "axio",
      "pkg": "axio",
      "count": 4,
      "raw_reports": [
        {
          "file": "/home/runner/.cargo/registry/src/index.crates.io-1949cf8c6b5b557f/log-0.4.27/src/lib.rs",
          "features": "",
          "count": 1,
          "kinds": {
            "Lockbud(Possibly)": [
              "{\n  \"bug_kind\": \"AtomicityViolation\",\n  \"possibility\": \"Possibly\",\n  \"diagnosis\": {\n    \"fn_name\": \"set_logger_racy\",\n    \"atomic_reader\": \"/home/runner/.cargo/registry/src/index.crates.io-1949cf8c6b5b557f/log-0.4.27/src/lib.rs:1455:11: 1455:40 (#0)\",\n    \"atomic_writer\": \"/home/runner/.cargo/registry/src/index.crates.io-1949cf8c6b5b557f/log-0.4.27/src/lib.rs:1458:13: 1458:56 (#0)\",\n    \"dep_kind\": \"Control\"\n  },\n  \"explanation\": \"atomic::store is data/control dependent on atomic::load\"\n}"
            ]
          }
        },
        {
          "file": "(virtual) semver-checks",
          "features": "",
          "count": 1,
          "kinds": {
            "Cargo": [
              "// pkg_name=axio, checker=SemverChecks\n// toolchain=nightly-2025-06-26-x86_64-unknown-linux-gnu, target=riscv64gc-unknown-none-elf\n// features=\n// pkg_dir=/home/runner/check/batch_3/arceos-org/axio\n// cmd=cargo +nightly-2025-06-26-x86_64-unknown-linux-gnu semver-checks --target riscv64gc-unknown-none-elf \n// timestamp=2025-06-28 15:24:24.764242112 +08:00:00\n    Building axio v0.1.1 (current)\nerror: running cargo-doc on crate 'axio' failed with output:\n-----\n   Compiling axerrno v0.1.0\n    Checking log v0.4.27\n Documenting axio v0.1.1 (/home/runner/check/batch_3/arceos-org/axio)\nerror[E0463]: can't find crate for `std`\n  |\n  = note: the `riscv64gc-unknown-none-elf` target may not support the standard library\n  = note: `std` is required by `axio` because it does not declare `#![no_std]`\n  = help: consider building the standard library from source with `cargo build -Zbuild-std`\n\nerror: cannot find attribute `derive` in this scope\n   --> /home/runner/check/batch_3/arceos-org/axio/src/lib.rs:283:3\n    |\n283 | #[derive(Copy, PartialEq, Eq, Clone, Debug)]\n    |   ^^^^^^\n    |\nhelp: consider importing this attribute macro\n    |\n10  + use core::prelude::rust_2024::derive;\n    |\n\nerror: cannot find attribute `derive` in this scope\n   --> /home/runner/check/batch_3/arceos-org/axio/src/lib.rs:373:3\n    |\n373 | #[derive(Debug, Default, Clone, Copy)]\n    |   ^^^^^^\n    |\nhelp: consider importing this attribute macro\n    |\n10  + use core::prelude::rust_2024::derive;\n    |\n\nerror[E0405]: cannot find trait `Sized` in this scope\n  --> /home/runner/check/batch_3/arceos-org/axio/src/lib.rs:32:39\n   |\n32 | pub fn default_read_to_end<R: Read + ?Sized>(\n   |                                       ^^^^^ not found in this scope\n   |\nhelp: consider importing this trait\n   |\n10 + use core::marker::Sized;\n   |\n\nerror[E0412]: cannot find type `Option` in this scope\n  --> /home/runner/check/batch_3/arceos-org/axio/src/lib.rs:35:16\n   |\n35 |     size_hint: Option<usize>,\n   |                ^^^^^^ not found in this scope\n   |\nhelp: consider importing this enum\n   |\n10 + use core::option::Option;\n   |\n\nerror[E0405]: cannot find trait `Sized` in this scope\n  --> /home/runner/check/batch_3/arceos-org/axio/src/lib.rs:54:36\n   |\n54 |     fn small_probe_read<R: Read + ?Sized>(r: &mut R, buf: &mut Vec<u8>) -> Result<usize> {\n   |                                    ^^^^^ not found in this scope\n   |\nhelp: consider importing this trait\n   |\n10 + use core::marker::Sized;\n   |\n\nerror[E0405]: cannot find trait `Sized` in this scope\n   --> /home/runner/check/batch_3/arceos-org/axio/src/lib.rs:216:32\n    |\n216 |         struct Adapter<'a, T: ?Sized + 'a> {\n    |                                ^^^^^ not found in this scope\n    |\nhelp: consider importing this trait\n    |\n10  + use core::marker::Sized;\n    |\n\nerror[E0405]: cannot find trait `Sized` in this scope\n   --> /home/runner/check/batch_3/arceos-org/axio/src/lib.rs:221:26\n    |\n221 |         impl<T: Write + ?Sized> fmt::Write for Adapter<'_, T> {\n    |                          ^^^^^ not found in this scope\n    |\nhelp: consider importing this trait\n    |\n10  + use core::marker::Sized;\n    |\n\nerror[E0405]: cannot find trait `FnOnce` in this scope\n   --> /home/runner/check/batch_3/arceos-org/axio/src/lib.rs:360:8\n    |\n360 |     F: FnOnce(&mut Vec<u8>) -> Result<usize>,\n    |        ^^^^^^ not found in this scope\n    |\nhelp: consider importing this trait\n    |\n10  + use core::ops::FnOnce;\n    |\n\nerror: relaxing a default bound only does something for `?Sized`; all other traits are not bound by default\n  --> /home/runner/check/batch_3/arceos-org/axio/src/lib.rs:32:38\n   |\n32 | pub fn default_read_to_end<R: Read + ?Sized>(\n   |                                      ^^^^^^\n\nerror: relaxing a default bound only does something for `?Sized`; all other traits are not bound by default\n  --> /home/runner/check/batch_3/arceos-org/axio/src/lib.rs:54:35\n   |\n54 |     fn small_probe_read<R: Read + ?Sized>(r: &mut R, buf: &mut Vec<u8>) -> Result<usize> {\n   |                                   ^^^^^^\n\nerror: relaxing a default bound only does something for `?Sized`; all other traits are not bound by default\n   --> /home/runner/check/batch_3/arceos-org/axio/src/lib.rs:216:31\n    |\n216 |         struct Adapter<'a, T: ?Sized + 'a> {\n    |                               ^^^^^^\n\nerror: relaxing a default bound only does something for `?Sized`; all other traits are not bound by default\n   --> /home/runner/check/batch_3/arceos-org/axio/src/lib.rs:221:25\n    |\n221 |         impl<T: Write + ?Sized> fmt::Write for Adapter<'_, T> {\n    |                         ^^^^^^\n\nSome errors have detailed explanations: E0405, E0412, E0463.\nFor more information about an error, try `rustc --explain E0405`.\nerror: could not document `axio`\n\n-----\n\nerror: failed to build rustdoc for crate axio v0.1.1\nnote: this is usually due to a compilation error in the crate,\n      and is unlikely to be a bug in cargo-semver-checks\nnote: the following command can be used to reproduce the compilation error:\n      cargo new --lib example &&\n          cd example &&\n          echo '[workspace]' >> Cargo.toml &&\n          cargo add --path /home/runner/check/batch_3/arceos-org/axio --features alloc,default &&\n          cargo check\n\nerror: aborting due to failure to build rustdoc for crate axio v0.1.1\n"
            ]
          }
        },
        {
          "file": "[Lockbud] deadlock detection",
          "features": "",
          "count": 1,
          "kinds": {
            "Lockbud(Possibly)": [
              "[2025-06-28T07:24:26Z WARN  lockbud::callbacks] [\n      {\n        \"AtomicityViolation\": {\n          \"bug_kind\": \"AtomicityViolation\",\n          \"possibility\": \"Possibly\",\n          \"diagnosis\": {\n            \"fn_name\": \"set_logger_racy\",\n            \"atomic_reader\": \"/home/runner/.cargo/registry/src/index.crates.io-1949cf8c6b5b557f/log-0.4.27/src/lib.rs:1455:11: 1455:40 (#0)\",\n            \"atomic_writer\": \"/home/runner/.cargo/registry/src/index.crates.io-1949cf8c6b5b557f/log-0.4.27/src/lib.rs:1458:13: 1458:56 (#0)\",\n            \"dep_kind\": \"Control\"\n          },\n          \"explanation\": \"atomic::store is data/control dependent on atomic::load\"\n        }\n      }\n    ]\n[2025-06-28T07:24:26Z WARN  lockbud::callbacks] crate log contains bugs: { probably: 0, possibly: 0 }, conflictlock: { probably: 0, possibly: 0 }, condvar_deadlock: { probably: 0, possibly: 0 }, atomicity_violation: { possibly: 1 }, invalid_free: { possibly: 0 }, use_after_free: { possibly: 0 }"
            ]
          }
        },
        {
          "file": "[semver checks violation]",
          "features": "",
          "count": 1,
          "kinds": {
            "Semver Violation": [
              "pkg=axio, checker=SemverChecks\ntoolchain=nightly-2025-06-26-x86_64-unknown-linux-gnu, target=riscv64gc-unknown-none-elf\nfeatures=\npkg_dir=/home/runner/check/batch_3/arceos-org/axio\ncmd=cargo +nightly-2025-06-26-x86_64-unknown-linux-gnu semver-checks --target riscv64gc-unknown-none-elf \ntimestamp=2025-06-28 15:24:25.329843327 +08:00:00\n\n\nstdout:\n\nstderr:\n    Building axio v0.1.1 (current)\nerror: running cargo-doc on crate 'axio' failed with output:\n-----\n   Compiling axerrno v0.1.0\n    Checking log v0.4.27\n Documenting axio v0.1.1 (/home/runner/check/batch_3/arceos-org/axio)\nerror[E0463]: can't find crate for `std`\n  |\n  = note: the `riscv64gc-unknown-none-elf` target may not support the standard library\n  = note: `std` is required by `axio` because it does not declare `#![no_std]`\n  = help: consider building the standard library from source with `cargo build -Zbuild-std`\n\nerror: cannot find attribute `derive` in this scope\n   --> /home/runner/check/batch_3/arceos-org/axio/src/lib.rs:283:3\n    |\n283 | #[derive(Copy, PartialEq, Eq, Clone, Debug)]\n    |   ^^^^^^\n    |\nhelp: consider importing this attribute macro\n    |\n10  + use core::prelude::rust_2024::derive;\n    |\n\nerror: cannot find attribute `derive` in this scope\n   --> /home/runner/check/batch_3/arceos-org/axio/src/lib.rs:373:3\n    |\n373 | #[derive(Debug, Default, Clone, Copy)]\n    |   ^^^^^^\n    |\nhelp: consider importing this attribute macro\n    |\n10  + use core::prelude::rust_2024::derive;\n    |\n\nerror[E0405]: cannot find trait `Sized` in this scope\n  --> /home/runner/check/batch_3/arceos-org/axio/src/lib.rs:32:39\n   |\n32 | pub fn default_read_to_end<R: Read + ?Sized>(\n   |                                       ^^^^^ not found in this scope\n   |\nhelp: consider importing this trait\n   |\n10 + use core::marker::Sized;\n   |\n\nerror[E0412]: cannot find type `Option` in this scope\n  --> /home/runner/check/batch_3/arceos-org/axio/src/lib.rs:35:16\n   |\n35 |     size_hint: Option<usize>,\n   |                ^^^^^^ not found in this scope\n   |\nhelp: consider importing this enum\n   |\n10 + use core::option::Option;\n   |\n\nerror[E0405]: cannot find trait `Sized` in this scope\n  --> /home/runner/check/batch_3/arceos-org/axio/src/lib.rs:54:36\n   |\n54 |     fn small_probe_read<R: Read + ?Sized>(r: &mut R, buf: &mut Vec<u8>) -> Result<usize> {\n   |                                    ^^^^^ not found in this scope\n   |\nhelp: consider importing this trait\n   |\n10 + use core::marker::Sized;\n   |\n\nerror[E0405]: cannot find trait `Sized` in this scope\n   --> /home/runner/check/batch_3/arceos-org/axio/src/lib.rs:216:32\n    |\n216 |         struct Adapter<'a, T: ?Sized + 'a> {\n    |                                ^^^^^ not found in this scope\n    |\nhelp: consider importing this trait\n    |\n10  + use core::marker::Sized;\n    |\n\nerror[E0405]: cannot find trait `Sized` in this scope\n   --> /home/runner/check/batch_3/arceos-org/axio/src/lib.rs:221:26\n    |\n221 |         impl<T: Write + ?Sized> fmt::Write for Adapter<'_, T> {\n    |                          ^^^^^ not found in this scope\n    |\nhelp: consider importing this trait\n    |\n10  + use core::marker::Sized;\n    |\n\nerror[E0405]: cannot find trait `FnOnce` in this scope\n   --> /home/runner/check/batch_3/arceos-org/axio/src/lib.rs:360:8\n    |\n360 |     F: FnOnce(&mut Vec<u8>) -> Result<usize>,\n    |        ^^^^^^ not found in this scope\n    |\nhelp: consider importing this trait\n    |\n10  + use core::ops::FnOnce;\n    |\n\nerror: relaxing a default bound only does something for `?Sized`; all other traits are not bound by default\n  --> /home/runner/check/batch_3/arceos-org/axio/src/lib.rs:32:38\n   |\n32 | pub fn default_read_to_end<R: Read + ?Sized>(\n   |                                      ^^^^^^\n\nerror: relaxing a default bound only does something for `?Sized`; all other traits are not bound by default\n  --> /home/runner/check/batch_3/arceos-org/axio/src/lib.rs:54:35\n   |\n54 |     fn small_probe_read<R: Read + ?Sized>(r: &mut R, buf: &mut Vec<u8>) -> Result<usize> {\n   |                                   ^^^^^^\n\nerror: relaxing a default bound only does something for `?Sized`; all other traits are not bound by default\n   --> /home/runner/check/batch_3/arceos-org/axio/src/lib.rs:216:31\n    |\n216 |         struct Adapter<'a, T: ?Sized + 'a> {\n    |                               ^^^^^^\n\nerror: relaxing a default bound only does something for `?Sized`; all other traits are not bound by default\n   --> /home/runner/check/batch_3/arceos-org/axio/src/lib.rs:221:25\n    |\n221 |         impl<T: Write + ?Sized> fmt::Write for Adapter<'_, T> {\n    |                         ^^^^^^\n\nSome errors have detailed explanations: E0405, E0412, E0463.\nFor more information about an error, try `rustc --explain E0405`.\nerror: could not document `axio`\n\n-----\n\nerror: failed to build rustdoc for crate axio v0.1.1\nnote: this is usually due to a compilation error in the crate,\n      and is unlikely to be a bug in cargo-semver-checks\nnote: the following command can be used to reproduce the compilation error:\n      cargo new --lib example &&\n          cd example &&\n          echo '[workspace]' >> Cargo.toml &&\n          cargo add --path /home/runner/check/batch_3/arceos-org/axio --features alloc,default &&\n          cargo check\n\nerror: aborting due to failure to build rustdoc for crate axio v0.1.1\n"
            ]
          }
        }
      ]
    }
  ],
  "kinds_order": [
    "Cargo",
    "Clippy(Error)",
    "Clippy(Warn)",
    "Semver Violation",
    "Audit",
    "Mirai",
    "Rapx",
    "Rudra",
    "Lockbud(Probably)",
    "Lockbud(Possibly)",
    "Atomvchecker",
    "Outdated",
    "Geiger",
    "Unused Deps",
    "Unformatted"
  ]
}