{"repo":{"user":"arceos-org","repo":"axdriver_crates"},"data":[{"user":"arceos-org","repo":"axdriver_crates","pkg":"axdriver_net","count":24,"raw_reports":[{"file":"axdriver_net/src/lib.rs","count":8,"kinds":{"Clippy(Warn)":["warning: the feature `const_mut_refs` has been stable since 1.83.0 and no longer requires an attribute to enable\n --> axdriver_net/src/lib.rs:4:12\n  |\n4 | #![feature(const_mut_refs)]\n  |            ^^^^^^^^^^^^^^\n  |\n  = note: `#[warn(stable_features)]` on by default\n\n","warning: the feature `const_slice_from_raw_parts_mut` has been stable since 1.83.0 and no longer requires an attribute to enable\n --> axdriver_net/src/lib.rs:5:12\n  |\n5 | #![feature(const_slice_from_raw_parts_mut)]\n  |            ^^^^^^^^^^^^^^^^^^^^^^^^^^^^^^\n\n","warning: the feature `const_mut_refs` has been stable since 1.83.0 and no longer requires an attribute to enable\n --> axdriver_net/src/lib.rs:4:12\n  |\n4 | #![feature(const_mut_refs)]\n  |            ^^^^^^^^^^^^^^\n  |\n  = note: `#[warn(stable_features)]` on by default\n\n","warning: the feature `const_slice_from_raw_parts_mut` has been stable since 1.83.0 and no longer requires an attribute to enable\n --> axdriver_net/src/lib.rs:5:12\n  |\n5 | #![feature(const_slice_from_raw_parts_mut)]\n  |            ^^^^^^^^^^^^^^^^^^^^^^^^^^^^^^\n\n","warning: the feature `const_mut_refs` has been stable since 1.83.0 and no longer requires an attribute to enable\n --> axdriver_net/src/lib.rs:4:12\n  |\n4 | #![feature(const_mut_refs)]\n  |            ^^^^^^^^^^^^^^\n  |\n  = note: `#[warn(stable_features)]` on by default\n\n","warning: the feature `const_slice_from_raw_parts_mut` has been stable since 1.83.0 and no longer requires an attribute to enable\n --> axdriver_net/src/lib.rs:5:12\n  |\n5 | #![feature(const_slice_from_raw_parts_mut)]\n  |            ^^^^^^^^^^^^^^^^^^^^^^^^^^^^^^\n\n","warning: the feature `const_mut_refs` has been stable since 1.83.0 and no longer requires an attribute to enable\n --> axdriver_net/src/lib.rs:4:12\n  |\n4 | #![feature(const_mut_refs)]\n  |            ^^^^^^^^^^^^^^\n  |\n  = note: `#[warn(stable_features)]` on by default\n\n","warning: the feature `const_slice_from_raw_parts_mut` has been stable since 1.83.0 and no longer requires an attribute to enable\n --> axdriver_net/src/lib.rs:5:12\n  |\n5 | #![feature(const_slice_from_raw_parts_mut)]\n  |            ^^^^^^^^^^^^^^^^^^^^^^^^^^^^^^\n\n"]}},{"file":"(virtual) semver-checks","count":4,"kinds":{"Cargo":["// pkg_name=axdriver_net, checker=SemverChecks\n// toolchain=nightly-2024-12-25-x86_64-unknown-linux-gnu, target=x86_64-unknown-linux-gnu\n// pkg_dir=/home/runner/check/batch_5/arceos-org/axdriver_crates/axdriver_net\n// cmd=cargo +nightly-2024-12-25-x86_64-unknown-linux-gnu semver-checks --target x86_64-unknown-linux-gnu\n// timestamp=2024-12-27 3:09:08.733771538 +08:00:00\n    Building axdriver_net v0.1.1 (current)\n       Built [   2.606s] (current)\n     Parsing axdriver_net v0.1.1 (current)\n      Parsed [   0.002s] (current)\nerror: axdriver_net not found in registry (crates.io). For workarounds check https://github.com/obi1kenobi/cargo-semver-checks#does-the-crate-im-checking-have-to-be-published-on-cratesio\n","// pkg_name=axdriver_net, checker=SemverChecks\n// toolchain=nightly-2024-12-25-x86_64-unknown-linux-gnu, target=riscv64gc-unknown-none-elf\n// pkg_dir=/home/runner/check/batch_5/arceos-org/axdriver_crates/axdriver_net\n// cmd=cargo +nightly-2024-12-25-x86_64-unknown-linux-gnu semver-checks --target riscv64gc-unknown-none-elf\n// timestamp=2024-12-27 3:09:12.146502456 +08:00:00\n    Building axdriver_net v0.1.1 (current)\nerror: running cargo-doc on crate 'axdriver_net' failed with output:\n-----\nerror: output of --print=file-names missing when learning about target-specific information from rustc\ncommand was: `/home/runner/.rustup/toolchains/nightly-2024-12-25-x86_64-unknown-linux-gnu/bin/rustc - --crate-name ___ --print=file-names --cap-lints=allow --target riscv64gc-unknown-none-elf --crate-type bin --crate-type rlib --crate-type dylib --crate-type cdylib --crate-type staticlib --crate-type proc-macro --print=sysroot --print=split-debuginfo --print=crate-name --print=cfg`\n\n--- stdout\n___\nlib___.rlib\nlib___.a\n/home/runner/.rustup/toolchains/nightly-2024-12-25-x86_64-unknown-linux-gnu\noff\n___\ndebug_assertions\nfmt_debug=\"full\"\noverflow_checks\npanic=\"abort\"\nproc_macro\nrelocation_model=\"static\"\ntarget_abi=\"\"\ntarget_arch=\"riscv64\"\ntarget_endian=\"little\"\ntarget_env=\"\"\ntarget_feature=\"a\"\ntarget_feature=\"c\"\ntarget_feature=\"d\"\ntarget_feature=\"f\"\ntarget_feature=\"m\"\ntarget_has_atomic\ntarget_has_atomic=\"16\"\ntarget_has_atomic=\"32\"\ntarget_has_atomic=\"64\"\ntarget_has_atomic=\"8\"\ntarget_has_atomic=\"ptr\"\ntarget_has_atomic_equal_alignment=\"16\"\ntarget_has_atomic_equal_alignment=\"32\"\ntarget_has_atomic_equal_alignment=\"64\"\ntarget_has_atomic_equal_alignment=\"8\"\ntarget_has_atomic_equal_alignment=\"ptr\"\ntarget_has_atomic_load_store\ntarget_has_atomic_load_store=\"16\"\ntarget_has_atomic_load_store=\"32\"\ntarget_has_atomic_load_store=\"64\"\ntarget_has_atomic_load_store=\"8\"\ntarget_has_atomic_load_store=\"ptr\"\ntarget_os=\"none\"\ntarget_pointer_width=\"64\"\ntarget_vendor=\"unknown\"\nub_checks\n\n\n-----\n\nerror: failed to build rustdoc for crate axdriver_net v0.1.1\nnote: this is usually due to a compilation error in the crate,\n      and is unlikely to be a bug in cargo-semver-checks\nnote: the following command can be used to reproduce the compilation error:\n      cargo new --lib example &&\n          cd example &&\n          echo '[workspace]' >> Cargo.toml &&\n          cargo add --path /home/runner/check/batch_5/arceos-org/axdriver_crates/axdriver_net --features default,ixgbe &&\n          cargo check\n\nerror: aborting due to failure to build rustdoc for crate axdriver_net v0.1.1\n","// pkg_name=axdriver_net, checker=SemverChecks\n// toolchain=nightly-2024-12-25-x86_64-unknown-linux-gnu, target=x86_64-unknown-none\n// pkg_dir=/home/runner/check/batch_5/arceos-org/axdriver_crates/axdriver_net\n// cmd=cargo +nightly-2024-12-25-x86_64-unknown-linux-gnu semver-checks --target x86_64-unknown-none\n// timestamp=2024-12-27 3:09:11.74057175 +08:00:00\n    Building axdriver_net v0.1.1 (current)\nerror: running cargo-doc on crate 'axdriver_net' failed with output:\n-----\nerror: output of --print=file-names missing when learning about target-specific information from rustc\ncommand was: `/home/runner/.rustup/toolchains/nightly-2024-12-25-x86_64-unknown-linux-gnu/bin/rustc - --crate-name ___ --print=file-names --cap-lints=allow --target x86_64-unknown-none --crate-type bin --crate-type rlib --crate-type dylib --crate-type cdylib --crate-type staticlib --crate-type proc-macro --print=sysroot --print=split-debuginfo --print=crate-name --print=cfg`\n\n--- stdout\n___\nlib___.rlib\nlib___.a\n/home/runner/.rustup/toolchains/nightly-2024-12-25-x86_64-unknown-linux-gnu\noff\n___\ndebug_assertions\nfmt_debug=\"full\"\noverflow_checks\npanic=\"abort\"\nproc_macro\nrelocation_model=\"pic\"\ntarget_abi=\"\"\ntarget_arch=\"x86_64\"\ntarget_endian=\"little\"\ntarget_env=\"\"\ntarget_feature=\"fxsr\"\ntarget_feature=\"x87\"\ntarget_has_atomic\ntarget_has_atomic=\"16\"\ntarget_has_atomic=\"32\"\ntarget_has_atomic=\"64\"\ntarget_has_atomic=\"8\"\ntarget_has_atomic=\"ptr\"\ntarget_has_atomic_equal_alignment=\"16\"\ntarget_has_atomic_equal_alignment=\"32\"\ntarget_has_atomic_equal_alignment=\"64\"\ntarget_has_atomic_equal_alignment=\"8\"\ntarget_has_atomic_equal_alignment=\"ptr\"\ntarget_has_atomic_load_store\ntarget_has_atomic_load_store=\"16\"\ntarget_has_atomic_load_store=\"32\"\ntarget_has_atomic_load_store=\"64\"\ntarget_has_atomic_load_store=\"8\"\ntarget_has_atomic_load_store=\"ptr\"\ntarget_os=\"none\"\ntarget_pointer_width=\"64\"\ntarget_vendor=\"unknown\"\nub_checks\n\n\n-----\n\nerror: failed to build rustdoc for crate axdriver_net v0.1.1\nnote: this is usually due to a compilation error in the crate,\n      and is unlikely to be a bug in cargo-semver-checks\nnote: the following command can be used to reproduce the compilation error:\n      cargo new --lib example &&\n          cd example &&\n          echo '[workspace]' >> Cargo.toml &&\n          cargo add --path /home/runner/check/batch_5/arceos-org/axdriver_crates/axdriver_net --features default,ixgbe &&\n          cargo check\n\nerror: aborting due to failure to build rustdoc for crate axdriver_net v0.1.1\n","// pkg_name=axdriver_net, checker=SemverChecks\n// toolchain=nightly-2024-12-25-x86_64-unknown-linux-gnu, target=aarch64-unknown-none\n// pkg_dir=/home/runner/check/batch_5/arceos-org/axdriver_crates/axdriver_net\n// cmd=cargo +nightly-2024-12-25-x86_64-unknown-linux-gnu semver-checks --target aarch64-unknown-none\n// timestamp=2024-12-27 3:09:12.506200967 +08:00:00\n    Building axdriver_net v0.1.1 (current)\nerror: running cargo-doc on crate 'axdriver_net' failed with output:\n-----\nerror: output of --print=file-names missing when learning about target-specific information from rustc\ncommand was: `/home/runner/.rustup/toolchains/nightly-2024-12-25-x86_64-unknown-linux-gnu/bin/rustc - --crate-name ___ --print=file-names --cap-lints=allow --target aarch64-unknown-none --crate-type bin --crate-type rlib --crate-type dylib --crate-type cdylib --crate-type staticlib --crate-type proc-macro --print=sysroot --print=split-debuginfo --print=crate-name --print=cfg`\n\n--- stdout\n___\nlib___.rlib\nlib___.a\n/home/runner/.rustup/toolchains/nightly-2024-12-25-x86_64-unknown-linux-gnu\noff\n___\ndebug_assertions\nfmt_debug=\"full\"\noverflow_checks\npanic=\"abort\"\nproc_macro\nrelocation_model=\"static\"\ntarget_abi=\"\"\ntarget_arch=\"aarch64\"\ntarget_endian=\"little\"\ntarget_env=\"\"\ntarget_feature=\"neon\"\ntarget_has_atomic\ntarget_has_atomic=\"128\"\ntarget_has_atomic=\"16\"\ntarget_has_atomic=\"32\"\ntarget_has_atomic=\"64\"\ntarget_has_atomic=\"8\"\ntarget_has_atomic=\"ptr\"\ntarget_has_atomic_equal_alignment=\"128\"\ntarget_has_atomic_equal_alignment=\"16\"\ntarget_has_atomic_equal_alignment=\"32\"\ntarget_has_atomic_equal_alignment=\"64\"\ntarget_has_atomic_equal_alignment=\"8\"\ntarget_has_atomic_equal_alignment=\"ptr\"\ntarget_has_atomic_load_store\ntarget_has_atomic_load_store=\"128\"\ntarget_has_atomic_load_store=\"16\"\ntarget_has_atomic_load_store=\"32\"\ntarget_has_atomic_load_store=\"64\"\ntarget_has_atomic_load_store=\"8\"\ntarget_has_atomic_load_store=\"ptr\"\ntarget_os=\"none\"\ntarget_pointer_width=\"64\"\ntarget_vendor=\"unknown\"\nub_checks\n\n\n-----\n\nerror: failed to build rustdoc for crate axdriver_net v0.1.1\nnote: this is usually due to a compilation error in the crate,\n      and is unlikely to be a bug in cargo-semver-checks\nnote: the following command can be used to reproduce the compilation error:\n      cargo new --lib example &&\n          cd example &&\n          echo '[workspace]' >> Cargo.toml &&\n          cargo add --path /home/runner/check/batch_5/arceos-org/axdriver_crates/axdriver_net --features default,ixgbe &&\n          cargo check\n\nerror: aborting due to failure to build rustdoc for crate axdriver_net v0.1.1\n"]}},{"file":"[lockbud] Not supported to display yet.","count":4,"kinds":{"Lockbud(Possibly)":["[2024-12-26T19:09:24Z WARN  lockbud::callbacks] [\n      {\n        \"AtomicityViolation\": {\n          \"bug_kind\": \"AtomicityViolation\",\n          \"possibility\": \"Possibly\",\n          \"diagnosis\": {\n            \"fn_name\": \"set_logger_racy\",\n            \"atomic_reader\": \"/home/runner/.cargo/registry/src/index.crates.io-6f17d22bba15001f/log-0.4.22/src/lib.rs:1447:11: 1447:40 (#0)\",\n            \"atomic_writer\": \"/home/runner/.cargo/registry/src/index.crates.io-6f17d22bba15001f/log-0.4.22/src/lib.rs:1450:13: 1450:56 (#0)\",\n            \"dep_kind\": \"Control\"\n          },\n          \"explanation\": \"atomic::store is data/control dependent on atomic::load\"\n        }\n      }\n    ]\n[2024-12-26T19:09:24Z WARN  lockbud::callbacks] crate log contains bugs: { probably: 0, possibly: 0 }, conflictlock: { probably: 0, possibly: 0 }, condvar_deadlock: { probably: 0, possibly: 0 }, atomicity_violation: { possibly: 1 }, invalid_free: { possibly: 0 }, use_after_free: { possibly: 0 }","[2024-12-26T19:09:24Z WARN  lockbud::callbacks] [\n      {\n        \"AtomicityViolation\": {\n          \"bug_kind\": \"AtomicityViolation\",\n          \"possibility\": \"Possibly\",\n          \"diagnosis\": {\n            \"fn_name\": \"set_logger_racy\",\n            \"atomic_reader\": \"/home/runner/.cargo/registry/src/index.crates.io-6f17d22bba15001f/log-0.4.22/src/lib.rs:1447:11: 1447:40 (#0)\",\n            \"atomic_writer\": \"/home/runner/.cargo/registry/src/index.crates.io-6f17d22bba15001f/log-0.4.22/src/lib.rs:1450:13: 1450:56 (#0)\",\n            \"dep_kind\": \"Control\"\n          },\n          \"explanation\": \"atomic::store is data/control dependent on atomic::load\"\n        }\n      }\n    ]\n[2024-12-26T19:09:24Z WARN  lockbud::callbacks] crate log contains bugs: { probably: 0, possibly: 0 }, conflictlock: { probably: 0, possibly: 0 }, condvar_deadlock: { probably: 0, possibly: 0 }, atomicity_violation: { possibly: 1 }, invalid_free: { possibly: 0 }, use_after_free: { possibly: 0 }","[2024-12-26T19:09:24Z WARN  lockbud::callbacks] [\n      {\n        \"AtomicityViolation\": {\n          \"bug_kind\": \"AtomicityViolation\",\n          \"possibility\": \"Possibly\",\n          \"diagnosis\": {\n            \"fn_name\": \"set_logger_racy\",\n            \"atomic_reader\": \"/home/runner/.cargo/registry/src/index.crates.io-6f17d22bba15001f/log-0.4.22/src/lib.rs:1447:11: 1447:40 (#0)\",\n            \"atomic_writer\": \"/home/runner/.cargo/registry/src/index.crates.io-6f17d22bba15001f/log-0.4.22/src/lib.rs:1450:13: 1450:56 (#0)\",\n            \"dep_kind\": \"Control\"\n          },\n          \"explanation\": \"atomic::store is data/control dependent on atomic::load\"\n        }\n      }\n    ]\n[2024-12-26T19:09:24Z WARN  lockbud::callbacks] crate log contains bugs: { probably: 0, possibly: 0 }, conflictlock: { probably: 0, possibly: 0 }, condvar_deadlock: { probably: 0, possibly: 0 }, atomicity_violation: { possibly: 1 }, invalid_free: { possibly: 0 }, use_after_free: { possibly: 0 }","[2024-12-26T19:09:25Z WARN  lockbud::callbacks] [\n      {\n        \"AtomicityViolation\": {\n          \"bug_kind\": \"AtomicityViolation\",\n          \"possibility\": \"Possibly\",\n          \"diagnosis\": {\n            \"fn_name\": \"set_logger_racy\",\n            \"atomic_reader\": \"/home/runner/.cargo/registry/src/index.crates.io-6f17d22bba15001f/log-0.4.22/src/lib.rs:1447:11: 1447:40 (#0)\",\n            \"atomic_writer\": \"/home/runner/.cargo/registry/src/index.crates.io-6f17d22bba15001f/log-0.4.22/src/lib.rs:1450:13: 1450:56 (#0)\",\n            \"dep_kind\": \"Control\"\n          },\n          \"explanation\": \"atomic::store is data/control dependent on atomic::load\"\n        }\n      }\n    ]\n[2024-12-26T19:09:25Z WARN  lockbud::callbacks] crate log contains bugs: { probably: 0, possibly: 0 }, conflictlock: { probably: 0, possibly: 0 }, condvar_deadlock: { probably: 0, possibly: 0 }, atomicity_violation: { possibly: 1 }, invalid_free: { possibly: 0 }, use_after_free: { possibly: 0 }"]}},{"file":"[semver checks]","count":4,"kinds":{"Semver Violation":["pkg=axdriver_net, checker=SemverChecks\ntoolchain=nightly-2024-12-25-x86_64-unknown-linux-gnu, target=riscv64gc-unknown-none-elf\npkg_dir=/home/runner/check/batch_5/arceos-org/axdriver_crates/axdriver_net\ncmd=cargo +nightly-2024-12-25-x86_64-unknown-linux-gnu semver-checks --target riscv64gc-unknown-none-elf\n\n\nstdout:\n\nstderr:\n    Building axdriver_net v0.1.1 (current)\nerror: running cargo-doc on crate 'axdriver_net' failed with output:\n-----\nerror: output of --print=file-names missing when learning about target-specific information from rustc\ncommand was: `/home/runner/.rustup/toolchains/nightly-2024-12-25-x86_64-unknown-linux-gnu/bin/rustc - --crate-name ___ --print=file-names --cap-lints=allow --target riscv64gc-unknown-none-elf --crate-type bin --crate-type rlib --crate-type dylib --crate-type cdylib --crate-type staticlib --crate-type proc-macro --print=sysroot --print=split-debuginfo --print=crate-name --print=cfg`\n\n--- stdout\n___\nlib___.rlib\nlib___.a\n/home/runner/.rustup/toolchains/nightly-2024-12-25-x86_64-unknown-linux-gnu\noff\n___\ndebug_assertions\nfmt_debug=\"full\"\noverflow_checks\npanic=\"abort\"\nproc_macro\nrelocation_model=\"static\"\ntarget_abi=\"\"\ntarget_arch=\"riscv64\"\ntarget_endian=\"little\"\ntarget_env=\"\"\ntarget_feature=\"a\"\ntarget_feature=\"c\"\ntarget_feature=\"d\"\ntarget_feature=\"f\"\ntarget_feature=\"m\"\ntarget_has_atomic\ntarget_has_atomic=\"16\"\ntarget_has_atomic=\"32\"\ntarget_has_atomic=\"64\"\ntarget_has_atomic=\"8\"\ntarget_has_atomic=\"ptr\"\ntarget_has_atomic_equal_alignment=\"16\"\ntarget_has_atomic_equal_alignment=\"32\"\ntarget_has_atomic_equal_alignment=\"64\"\ntarget_has_atomic_equal_alignment=\"8\"\ntarget_has_atomic_equal_alignment=\"ptr\"\ntarget_has_atomic_load_store\ntarget_has_atomic_load_store=\"16\"\ntarget_has_atomic_load_store=\"32\"\ntarget_has_atomic_load_store=\"64\"\ntarget_has_atomic_load_store=\"8\"\ntarget_has_atomic_load_store=\"ptr\"\ntarget_os=\"none\"\ntarget_pointer_width=\"64\"\ntarget_vendor=\"unknown\"\nub_checks\n\n\n-----\n\nerror: failed to build rustdoc for crate axdriver_net v0.1.1\nnote: this is usually due to a compilation error in the crate,\n      and is unlikely to be a bug in cargo-semver-checks\nnote: the following command can be used to reproduce the compilation error:\n      cargo new --lib example &&\n          cd example &&\n          echo '[workspace]' >> Cargo.toml &&\n          cargo add --path /home/runner/check/batch_5/arceos-org/axdriver_crates/axdriver_net --features default,ixgbe &&\n          cargo check\n\nerror: aborting due to failure to build rustdoc for crate axdriver_net v0.1.1\n","pkg=axdriver_net, checker=SemverChecks\ntoolchain=nightly-2024-12-25-x86_64-unknown-linux-gnu, target=x86_64-unknown-linux-gnu\npkg_dir=/home/runner/check/batch_5/arceos-org/axdriver_crates/axdriver_net\ncmd=cargo +nightly-2024-12-25-x86_64-unknown-linux-gnu semver-checks --target x86_64-unknown-linux-gnu\n\n\nstdout:\n\nstderr:\n    Building axdriver_net v0.1.1 (current)\n       Built [   2.606s] (current)\n     Parsing axdriver_net v0.1.1 (current)\n      Parsed [   0.002s] (current)\nerror: axdriver_net not found in registry (crates.io). For workarounds check https://github.com/obi1kenobi/cargo-semver-checks#does-the-crate-im-checking-have-to-be-published-on-cratesio\n","pkg=axdriver_net, checker=SemverChecks\ntoolchain=nightly-2024-12-25-x86_64-unknown-linux-gnu, target=x86_64-unknown-none\npkg_dir=/home/runner/check/batch_5/arceos-org/axdriver_crates/axdriver_net\ncmd=cargo +nightly-2024-12-25-x86_64-unknown-linux-gnu semver-checks --target x86_64-unknown-none\n\n\nstdout:\n\nstderr:\n    Building axdriver_net v0.1.1 (current)\nerror: running cargo-doc on crate 'axdriver_net' failed with output:\n-----\nerror: output of --print=file-names missing when learning about target-specific information from rustc\ncommand was: `/home/runner/.rustup/toolchains/nightly-2024-12-25-x86_64-unknown-linux-gnu/bin/rustc - --crate-name ___ --print=file-names --cap-lints=allow --target x86_64-unknown-none --crate-type bin --crate-type rlib --crate-type dylib --crate-type cdylib --crate-type staticlib --crate-type proc-macro --print=sysroot --print=split-debuginfo --print=crate-name --print=cfg`\n\n--- stdout\n___\nlib___.rlib\nlib___.a\n/home/runner/.rustup/toolchains/nightly-2024-12-25-x86_64-unknown-linux-gnu\noff\n___\ndebug_assertions\nfmt_debug=\"full\"\noverflow_checks\npanic=\"abort\"\nproc_macro\nrelocation_model=\"pic\"\ntarget_abi=\"\"\ntarget_arch=\"x86_64\"\ntarget_endian=\"little\"\ntarget_env=\"\"\ntarget_feature=\"fxsr\"\ntarget_feature=\"x87\"\ntarget_has_atomic\ntarget_has_atomic=\"16\"\ntarget_has_atomic=\"32\"\ntarget_has_atomic=\"64\"\ntarget_has_atomic=\"8\"\ntarget_has_atomic=\"ptr\"\ntarget_has_atomic_equal_alignment=\"16\"\ntarget_has_atomic_equal_alignment=\"32\"\ntarget_has_atomic_equal_alignment=\"64\"\ntarget_has_atomic_equal_alignment=\"8\"\ntarget_has_atomic_equal_alignment=\"ptr\"\ntarget_has_atomic_load_store\ntarget_has_atomic_load_store=\"16\"\ntarget_has_atomic_load_store=\"32\"\ntarget_has_atomic_load_store=\"64\"\ntarget_has_atomic_load_store=\"8\"\ntarget_has_atomic_load_store=\"ptr\"\ntarget_os=\"none\"\ntarget_pointer_width=\"64\"\ntarget_vendor=\"unknown\"\nub_checks\n\n\n-----\n\nerror: failed to build rustdoc for crate axdriver_net v0.1.1\nnote: this is usually due to a compilation error in the crate,\n      and is unlikely to be a bug in cargo-semver-checks\nnote: the following command can be used to reproduce the compilation error:\n      cargo new --lib example &&\n          cd example &&\n          echo '[workspace]' >> Cargo.toml &&\n          cargo add --path /home/runner/check/batch_5/arceos-org/axdriver_crates/axdriver_net --features default,ixgbe &&\n          cargo check\n\nerror: aborting due to failure to build rustdoc for crate axdriver_net v0.1.1\n","pkg=axdriver_net, checker=SemverChecks\ntoolchain=nightly-2024-12-25-x86_64-unknown-linux-gnu, target=aarch64-unknown-none\npkg_dir=/home/runner/check/batch_5/arceos-org/axdriver_crates/axdriver_net\ncmd=cargo +nightly-2024-12-25-x86_64-unknown-linux-gnu semver-checks --target aarch64-unknown-none\n\n\nstdout:\n\nstderr:\n    Building axdriver_net v0.1.1 (current)\nerror: running cargo-doc on crate 'axdriver_net' failed with output:\n-----\nerror: output of --print=file-names missing when learning about target-specific information from rustc\ncommand was: `/home/runner/.rustup/toolchains/nightly-2024-12-25-x86_64-unknown-linux-gnu/bin/rustc - --crate-name ___ --print=file-names --cap-lints=allow --target aarch64-unknown-none --crate-type bin --crate-type rlib --crate-type dylib --crate-type cdylib --crate-type staticlib --crate-type proc-macro --print=sysroot --print=split-debuginfo --print=crate-name --print=cfg`\n\n--- stdout\n___\nlib___.rlib\nlib___.a\n/home/runner/.rustup/toolchains/nightly-2024-12-25-x86_64-unknown-linux-gnu\noff\n___\ndebug_assertions\nfmt_debug=\"full\"\noverflow_checks\npanic=\"abort\"\nproc_macro\nrelocation_model=\"static\"\ntarget_abi=\"\"\ntarget_arch=\"aarch64\"\ntarget_endian=\"little\"\ntarget_env=\"\"\ntarget_feature=\"neon\"\ntarget_has_atomic\ntarget_has_atomic=\"128\"\ntarget_has_atomic=\"16\"\ntarget_has_atomic=\"32\"\ntarget_has_atomic=\"64\"\ntarget_has_atomic=\"8\"\ntarget_has_atomic=\"ptr\"\ntarget_has_atomic_equal_alignment=\"128\"\ntarget_has_atomic_equal_alignment=\"16\"\ntarget_has_atomic_equal_alignment=\"32\"\ntarget_has_atomic_equal_alignment=\"64\"\ntarget_has_atomic_equal_alignment=\"8\"\ntarget_has_atomic_equal_alignment=\"ptr\"\ntarget_has_atomic_load_store\ntarget_has_atomic_load_store=\"128\"\ntarget_has_atomic_load_store=\"16\"\ntarget_has_atomic_load_store=\"32\"\ntarget_has_atomic_load_store=\"64\"\ntarget_has_atomic_load_store=\"8\"\ntarget_has_atomic_load_store=\"ptr\"\ntarget_os=\"none\"\ntarget_pointer_width=\"64\"\ntarget_vendor=\"unknown\"\nub_checks\n\n\n-----\n\nerror: failed to build rustdoc for crate axdriver_net v0.1.1\nnote: this is usually due to a compilation error in the crate,\n      and is unlikely to be a bug in cargo-semver-checks\nnote: the following command can be used to reproduce the compilation error:\n      cargo new --lib example &&\n          cd example &&\n          echo '[workspace]' >> Cargo.toml &&\n          cargo add --path /home/runner/check/batch_5/arceos-org/axdriver_crates/axdriver_net --features default,ixgbe &&\n          cargo check\n\nerror: aborting due to failure to build rustdoc for crate axdriver_net v0.1.1\n"]}},{"file":"(virtual) rap","count":3,"kinds":{"Cargo":["// pkg_name=axdriver_net, checker=Rap\n// toolchain=nightly-2024-12-25-x86_64-unknown-linux-gnu, target=aarch64-unknown-none\n// pkg_dir=/home/runner/check/batch_5/arceos-org/axdriver_crates/axdriver_net\n// cmd=cargo +nightly-2024-10-12 rap -F -M -- --target aarch64-unknown-none\n// timestamp=2024-12-27 3:09:47.051383415 +08:00:00\n   Compiling autocfg v1.4.0\n    Checking scopeguard v1.2.0\n    Checking axdriver_base v0.1.1 (/home/runner/check/batch_5/arceos-org/axdriver_crates/axdriver_base)\n    Checking log v0.4.22\nerror[E0463]: can't find crate for `core`\n  |\n  = note: the `aarch64-unknown-none` target may not be installed\n  = help: consider downloading the target with `rustup target add aarch64-unknown-none`\n  = help: consider building the standard library from source with `cargo build -Zbuild-std`\n\nFor more information about this error, try `rustc --explain E0463`.\nerror: could not compile `axdriver_base` (lib) due to 1 previous error\nwarning: build failed, waiting for other jobs to finish...\nerror: could not compile `scopeguard` (lib) due to 1 previous error\nerror: could not compile `log` (lib) due to 1 previous error\n19:09:47|RAP|ERROR|: Finished with non-zero exit code.\n","// pkg_name=axdriver_net, checker=Rap\n// toolchain=nightly-2024-12-25-x86_64-unknown-linux-gnu, target=riscv64gc-unknown-none-elf\n// pkg_dir=/home/runner/check/batch_5/arceos-org/axdriver_crates/axdriver_net\n// cmd=cargo +nightly-2024-10-12 rap -F -M -- --target riscv64gc-unknown-none-elf\n// timestamp=2024-12-27 3:09:46.413828665 +08:00:00\n   Compiling autocfg v1.4.0\n    Checking scopeguard v1.2.0\n    Checking log v0.4.22\n    Checking axdriver_base v0.1.1 (/home/runner/check/batch_5/arceos-org/axdriver_crates/axdriver_base)\nerror[E0463]: can't find crate for `core`\n  |\n  = note: the `riscv64gc-unknown-none-elf` target may not be installed\n  = help: consider downloading the target with `rustup target add riscv64gc-unknown-none-elf`\n  = help: consider building the standard library from source with `cargo build -Zbuild-std`\n\nFor more information about this error, try `rustc --explain E0463`.\nerror: could not compile `axdriver_base` (lib) due to 1 previous error\nwarning: build failed, waiting for other jobs to finish...\nerror: could not compile `scopeguard` (lib) due to 1 previous error\nerror: could not compile `log` (lib) due to 1 previous error\n19:09:47|RAP|ERROR|: Finished with non-zero exit code.\n","// pkg_name=axdriver_net, checker=Rap\n// toolchain=nightly-2024-12-25-x86_64-unknown-linux-gnu, target=x86_64-unknown-none\n// pkg_dir=/home/runner/check/batch_5/arceos-org/axdriver_crates/axdriver_net\n// cmd=cargo +nightly-2024-10-12 rap -F -M -- --target x86_64-unknown-none\n// timestamp=2024-12-27 3:09:45.771046046 +08:00:00\n   Compiling autocfg v1.4.0\n    Checking scopeguard v1.2.0\n    Checking log v0.4.22\n    Checking axdriver_base v0.1.1 (/home/runner/check/batch_5/arceos-org/axdriver_crates/axdriver_base)\nerror[E0463]: can't find crate for `core`\n  |\n  = note: the `x86_64-unknown-none` target may not be installed\n  = help: consider downloading the target with `rustup target add x86_64-unknown-none`\n  = help: consider building the standard library from source with `cargo build -Zbuild-std`\n\nFor more information about this error, try `rustc --explain E0463`.\nerror: could not compile `axdriver_base` (lib) due to 1 previous error\nwarning: build failed, waiting for other jobs to finish...\nerror: could not compile `log` (lib) due to 1 previous error\nerror: could not compile `scopeguard` (lib) due to 1 previous error\n19:09:46|RAP|ERROR|: Finished with non-zero exit code.\n"]}},{"file":"[rap] Not supported to display yet.","count":1,"kinds":{"Rap":["pkg=axdriver_net, checker=Rap\ntoolchain=nightly-2024-12-25-x86_64-unknown-linux-gnu, target=x86_64-unknown-linux-gnu\npkg_dir=/home/runner/check/batch_5/arceos-org/axdriver_crates/axdriver_net\ncmd=cargo +nightly-2024-10-12 rap -F -M -- --target x86_64-unknown-linux-gnu\n\n19:09:45|RAP|WARN|: RCanary: Leak Function: Unsat DefId(0:42 ~ axdriver_net[6357]::net_buf::{impl#2}::into_buf_ptr) axdriver_net/src/net_buf.rs:105:5: 113:6 (#0)\n19:09:45|RAP|WARN|: RCanary: LeakItem Candidates: _10 = net_buf::alloc::boxed::Box::<net_buf::NetBuf>::into_raw(move _11) -> [return: bb3, unwind: bb11], axdriver_net/src/net_buf.rs:109:26: 109:45 (#0)\n"]}}]},{"user":"arceos-org","repo":"axdriver_crates","pkg":"axdriver_virtio","count":20,"raw_reports":[{"file":"(virtual) semver-checks","count":4,"kinds":{"Cargo":["// pkg_name=axdriver_virtio, checker=SemverChecks\n// toolchain=nightly-2024-12-25-x86_64-unknown-linux-gnu, target=x86_64-unknown-linux-gnu\n// pkg_dir=/home/runner/check/batch_5/arceos-org/axdriver_crates/axdriver_virtio\n// cmd=cargo +nightly-2024-12-25-x86_64-unknown-linux-gnu semver-checks --target x86_64-unknown-linux-gnu\n// timestamp=2024-12-27 3:09:18.138478239 +08:00:00\n    Building axdriver_virtio v0.1.1 (current)\n       Built [   4.244s] (current)\n     Parsing axdriver_virtio v0.1.1 (current)\n      Parsed [   0.002s] (current)\nerror: axdriver_virtio not found in registry (crates.io). For workarounds check https://github.com/obi1kenobi/cargo-semver-checks#does-the-crate-im-checking-have-to-be-published-on-cratesio\n","// pkg_name=axdriver_virtio, checker=SemverChecks\n// toolchain=nightly-2024-12-25-x86_64-unknown-linux-gnu, target=riscv64gc-unknown-none-elf\n// pkg_dir=/home/runner/check/batch_5/arceos-org/axdriver_crates/axdriver_virtio\n// cmd=cargo +nightly-2024-12-25-x86_64-unknown-linux-gnu semver-checks --target riscv64gc-unknown-none-elf\n// timestamp=2024-12-27 3:09:23.05349206 +08:00:00\n    Building axdriver_virtio v0.1.1 (current)\nerror: running cargo-doc on crate 'axdriver_virtio' failed with output:\n-----\nerror: output of --print=file-names missing when learning about target-specific information from rustc\ncommand was: `/home/runner/.rustup/toolchains/nightly-2024-12-25-x86_64-unknown-linux-gnu/bin/rustc - --crate-name ___ --print=file-names --cap-lints=allow --target riscv64gc-unknown-none-elf --crate-type bin --crate-type rlib --crate-type dylib --crate-type cdylib --crate-type staticlib --crate-type proc-macro --print=sysroot --print=split-debuginfo --print=crate-name --print=cfg`\n\n--- stdout\n___\nlib___.rlib\nlib___.a\n/home/runner/.rustup/toolchains/nightly-2024-12-25-x86_64-unknown-linux-gnu\noff\n___\ndebug_assertions\nfmt_debug=\"full\"\noverflow_checks\npanic=\"abort\"\nproc_macro\nrelocation_model=\"static\"\ntarget_abi=\"\"\ntarget_arch=\"riscv64\"\ntarget_endian=\"little\"\ntarget_env=\"\"\ntarget_feature=\"a\"\ntarget_feature=\"c\"\ntarget_feature=\"d\"\ntarget_feature=\"f\"\ntarget_feature=\"m\"\ntarget_has_atomic\ntarget_has_atomic=\"16\"\ntarget_has_atomic=\"32\"\ntarget_has_atomic=\"64\"\ntarget_has_atomic=\"8\"\ntarget_has_atomic=\"ptr\"\ntarget_has_atomic_equal_alignment=\"16\"\ntarget_has_atomic_equal_alignment=\"32\"\ntarget_has_atomic_equal_alignment=\"64\"\ntarget_has_atomic_equal_alignment=\"8\"\ntarget_has_atomic_equal_alignment=\"ptr\"\ntarget_has_atomic_load_store\ntarget_has_atomic_load_store=\"16\"\ntarget_has_atomic_load_store=\"32\"\ntarget_has_atomic_load_store=\"64\"\ntarget_has_atomic_load_store=\"8\"\ntarget_has_atomic_load_store=\"ptr\"\ntarget_os=\"none\"\ntarget_pointer_width=\"64\"\ntarget_vendor=\"unknown\"\nub_checks\n\n\n-----\n\nerror: failed to build rustdoc for crate axdriver_virtio v0.1.1\nnote: this is usually due to a compilation error in the crate,\n      and is unlikely to be a bug in cargo-semver-checks\nnote: the following command can be used to reproduce the compilation error:\n      cargo new --lib example &&\n          cd example &&\n          echo '[workspace]' >> Cargo.toml &&\n          cargo add --path /home/runner/check/batch_5/arceos-org/axdriver_crates/axdriver_virtio --features axdriver_block,axdriver_display,axdriver_net,block,gpu,net &&\n          cargo check\n\nerror: aborting due to failure to build rustdoc for crate axdriver_virtio v0.1.1\n","// pkg_name=axdriver_virtio, checker=SemverChecks\n// toolchain=nightly-2024-12-25-x86_64-unknown-linux-gnu, target=x86_64-unknown-none\n// pkg_dir=/home/runner/check/batch_5/arceos-org/axdriver_crates/axdriver_virtio\n// cmd=cargo +nightly-2024-12-25-x86_64-unknown-linux-gnu semver-checks --target x86_64-unknown-none\n// timestamp=2024-12-27 3:09:22.756438115 +08:00:00\n    Building axdriver_virtio v0.1.1 (current)\nerror: running cargo-doc on crate 'axdriver_virtio' failed with output:\n-----\nerror: output of --print=file-names missing when learning about target-specific information from rustc\ncommand was: `/home/runner/.rustup/toolchains/nightly-2024-12-25-x86_64-unknown-linux-gnu/bin/rustc - --crate-name ___ --print=file-names --cap-lints=allow --target x86_64-unknown-none --crate-type bin --crate-type rlib --crate-type dylib --crate-type cdylib --crate-type staticlib --crate-type proc-macro --print=sysroot --print=split-debuginfo --print=crate-name --print=cfg`\n\n--- stdout\n___\nlib___.rlib\nlib___.a\n/home/runner/.rustup/toolchains/nightly-2024-12-25-x86_64-unknown-linux-gnu\noff\n___\ndebug_assertions\nfmt_debug=\"full\"\noverflow_checks\npanic=\"abort\"\nproc_macro\nrelocation_model=\"pic\"\ntarget_abi=\"\"\ntarget_arch=\"x86_64\"\ntarget_endian=\"little\"\ntarget_env=\"\"\ntarget_feature=\"fxsr\"\ntarget_feature=\"x87\"\ntarget_has_atomic\ntarget_has_atomic=\"16\"\ntarget_has_atomic=\"32\"\ntarget_has_atomic=\"64\"\ntarget_has_atomic=\"8\"\ntarget_has_atomic=\"ptr\"\ntarget_has_atomic_equal_alignment=\"16\"\ntarget_has_atomic_equal_alignment=\"32\"\ntarget_has_atomic_equal_alignment=\"64\"\ntarget_has_atomic_equal_alignment=\"8\"\ntarget_has_atomic_equal_alignment=\"ptr\"\ntarget_has_atomic_load_store\ntarget_has_atomic_load_store=\"16\"\ntarget_has_atomic_load_store=\"32\"\ntarget_has_atomic_load_store=\"64\"\ntarget_has_atomic_load_store=\"8\"\ntarget_has_atomic_load_store=\"ptr\"\ntarget_os=\"none\"\ntarget_pointer_width=\"64\"\ntarget_vendor=\"unknown\"\nub_checks\n\n\n-----\n\nerror: failed to build rustdoc for crate axdriver_virtio v0.1.1\nnote: this is usually due to a compilation error in the crate,\n      and is unlikely to be a bug in cargo-semver-checks\nnote: the following command can be used to reproduce the compilation error:\n      cargo new --lib example &&\n          cd example &&\n          echo '[workspace]' >> Cargo.toml &&\n          cargo add --path /home/runner/check/batch_5/arceos-org/axdriver_crates/axdriver_virtio --features axdriver_block,axdriver_display,axdriver_net,block,gpu,net &&\n          cargo check\n\nerror: aborting due to failure to build rustdoc for crate axdriver_virtio v0.1.1\n","// pkg_name=axdriver_virtio, checker=SemverChecks\n// toolchain=nightly-2024-12-25-x86_64-unknown-linux-gnu, target=aarch64-unknown-none\n// pkg_dir=/home/runner/check/batch_5/arceos-org/axdriver_crates/axdriver_virtio\n// cmd=cargo +nightly-2024-12-25-x86_64-unknown-linux-gnu semver-checks --target aarch64-unknown-none\n// timestamp=2024-12-27 3:09:23.351761557 +08:00:00\n    Building axdriver_virtio v0.1.1 (current)\nerror: running cargo-doc on crate 'axdriver_virtio' failed with output:\n-----\nerror: output of --print=file-names missing when learning about target-specific information from rustc\ncommand was: `/home/runner/.rustup/toolchains/nightly-2024-12-25-x86_64-unknown-linux-gnu/bin/rustc - --crate-name ___ --print=file-names --cap-lints=allow --target aarch64-unknown-none --crate-type bin --crate-type rlib --crate-type dylib --crate-type cdylib --crate-type staticlib --crate-type proc-macro --print=sysroot --print=split-debuginfo --print=crate-name --print=cfg`\n\n--- stdout\n___\nlib___.rlib\nlib___.a\n/home/runner/.rustup/toolchains/nightly-2024-12-25-x86_64-unknown-linux-gnu\noff\n___\ndebug_assertions\nfmt_debug=\"full\"\noverflow_checks\npanic=\"abort\"\nproc_macro\nrelocation_model=\"static\"\ntarget_abi=\"\"\ntarget_arch=\"aarch64\"\ntarget_endian=\"little\"\ntarget_env=\"\"\ntarget_feature=\"neon\"\ntarget_has_atomic\ntarget_has_atomic=\"128\"\ntarget_has_atomic=\"16\"\ntarget_has_atomic=\"32\"\ntarget_has_atomic=\"64\"\ntarget_has_atomic=\"8\"\ntarget_has_atomic=\"ptr\"\ntarget_has_atomic_equal_alignment=\"128\"\ntarget_has_atomic_equal_alignment=\"16\"\ntarget_has_atomic_equal_alignment=\"32\"\ntarget_has_atomic_equal_alignment=\"64\"\ntarget_has_atomic_equal_alignment=\"8\"\ntarget_has_atomic_equal_alignment=\"ptr\"\ntarget_has_atomic_load_store\ntarget_has_atomic_load_store=\"128\"\ntarget_has_atomic_load_store=\"16\"\ntarget_has_atomic_load_store=\"32\"\ntarget_has_atomic_load_store=\"64\"\ntarget_has_atomic_load_store=\"8\"\ntarget_has_atomic_load_store=\"ptr\"\ntarget_os=\"none\"\ntarget_pointer_width=\"64\"\ntarget_vendor=\"unknown\"\nub_checks\n\n\n-----\n\nerror: failed to build rustdoc for crate axdriver_virtio v0.1.1\nnote: this is usually due to a compilation error in the crate,\n      and is unlikely to be a bug in cargo-semver-checks\nnote: the following command can be used to reproduce the compilation error:\n      cargo new --lib example &&\n          cd example &&\n          echo '[workspace]' >> Cargo.toml &&\n          cargo add --path /home/runner/check/batch_5/arceos-org/axdriver_crates/axdriver_virtio --features axdriver_block,axdriver_display,axdriver_net,block,gpu,net &&\n          cargo check\n\nerror: aborting due to failure to build rustdoc for crate axdriver_virtio v0.1.1\n"]}},{"file":"[lockbud] Not supported to display yet.","count":4,"kinds":{"Lockbud(Possibly)":["[2024-12-26T19:09:24Z WARN  lockbud::callbacks] [\n      {\n        \"AtomicityViolation\": {\n          \"bug_kind\": \"AtomicityViolation\",\n          \"possibility\": \"Possibly\",\n          \"diagnosis\": {\n            \"fn_name\": \"set_logger_racy\",\n            \"atomic_reader\": \"/home/runner/.cargo/registry/src/index.crates.io-6f17d22bba15001f/log-0.4.22/src/lib.rs:1447:11: 1447:40 (#0)\",\n            \"atomic_writer\": \"/home/runner/.cargo/registry/src/index.crates.io-6f17d22bba15001f/log-0.4.22/src/lib.rs:1450:13: 1450:56 (#0)\",\n            \"dep_kind\": \"Control\"\n          },\n          \"explanation\": \"atomic::store is data/control dependent on atomic::load\"\n        }\n      }\n    ]\n[2024-12-26T19:09:24Z WARN  lockbud::callbacks] crate log contains bugs: { probably: 0, possibly: 0 }, conflictlock: { probably: 0, possibly: 0 }, condvar_deadlock: { probably: 0, possibly: 0 }, atomicity_violation: { possibly: 1 }, invalid_free: { possibly: 0 }, use_after_free: { possibly: 0 }","[2024-12-26T19:09:24Z WARN  lockbud::callbacks] [\n      {\n        \"AtomicityViolation\": {\n          \"bug_kind\": \"AtomicityViolation\",\n          \"possibility\": \"Possibly\",\n          \"diagnosis\": {\n            \"fn_name\": \"set_logger_racy\",\n            \"atomic_reader\": \"/home/runner/.cargo/registry/src/index.crates.io-6f17d22bba15001f/log-0.4.22/src/lib.rs:1447:11: 1447:40 (#0)\",\n            \"atomic_writer\": \"/home/runner/.cargo/registry/src/index.crates.io-6f17d22bba15001f/log-0.4.22/src/lib.rs:1450:13: 1450:56 (#0)\",\n            \"dep_kind\": \"Control\"\n          },\n          \"explanation\": \"atomic::store is data/control dependent on atomic::load\"\n        }\n      }\n    ]\n[2024-12-26T19:09:24Z WARN  lockbud::callbacks] crate log contains bugs: { probably: 0, possibly: 0 }, conflictlock: { probably: 0, possibly: 0 }, condvar_deadlock: { probably: 0, possibly: 0 }, atomicity_violation: { possibly: 1 }, invalid_free: { possibly: 0 }, use_after_free: { possibly: 0 }","[2024-12-26T19:09:25Z WARN  lockbud::callbacks] [\n      {\n        \"AtomicityViolation\": {\n          \"bug_kind\": \"AtomicityViolation\",\n          \"possibility\": \"Possibly\",\n          \"diagnosis\": {\n            \"fn_name\": \"set_logger_racy\",\n            \"atomic_reader\": \"/home/runner/.cargo/registry/src/index.crates.io-6f17d22bba15001f/log-0.4.22/src/lib.rs:1447:11: 1447:40 (#0)\",\n            \"atomic_writer\": \"/home/runner/.cargo/registry/src/index.crates.io-6f17d22bba15001f/log-0.4.22/src/lib.rs:1450:13: 1450:56 (#0)\",\n            \"dep_kind\": \"Control\"\n          },\n          \"explanation\": \"atomic::store is data/control dependent on atomic::load\"\n        }\n      }\n    ]\n[2024-12-26T19:09:25Z WARN  lockbud::callbacks] crate log contains bugs: { probably: 0, possibly: 0 }, conflictlock: { probably: 0, possibly: 0 }, condvar_deadlock: { probably: 0, possibly: 0 }, atomicity_violation: { possibly: 1 }, invalid_free: { possibly: 0 }, use_after_free: { possibly: 0 }","[2024-12-26T19:09:24Z WARN  lockbud::callbacks] [\n      {\n        \"AtomicityViolation\": {\n          \"bug_kind\": \"AtomicityViolation\",\n          \"possibility\": \"Possibly\",\n          \"diagnosis\": {\n            \"fn_name\": \"set_logger_racy\",\n            \"atomic_reader\": \"/home/runner/.cargo/registry/src/index.crates.io-6f17d22bba15001f/log-0.4.22/src/lib.rs:1447:11: 1447:40 (#0)\",\n            \"atomic_writer\": \"/home/runner/.cargo/registry/src/index.crates.io-6f17d22bba15001f/log-0.4.22/src/lib.rs:1450:13: 1450:56 (#0)\",\n            \"dep_kind\": \"Control\"\n          },\n          \"explanation\": \"atomic::store is data/control dependent on atomic::load\"\n        }\n      }\n    ]\n[2024-12-26T19:09:24Z WARN  lockbud::callbacks] crate log contains bugs: { probably: 0, possibly: 0 }, conflictlock: { probably: 0, possibly: 0 }, condvar_deadlock: { probably: 0, possibly: 0 }, atomicity_violation: { possibly: 1 }, invalid_free: { possibly: 0 }, use_after_free: { possibly: 0 }"]}},{"file":"[outdated direct dependencies]","count":4,"kinds":{"Outdated":["pkg=axdriver_virtio, checker=Outdated\ntoolchain=nightly-2024-12-25-x86_64-unknown-linux-gnu, target=aarch64-unknown-none\npkg_dir=/home/runner/check/batch_5/arceos-org/axdriver_crates/axdriver_virtio\ncmd=cargo +nightly-2024-12-25-x86_64-unknown-linux-gnu outdated -R --exit-code=2\n\nName            Project  Compat  Latest  Kind    Platform\n----            -------  ------  ------  ----    --------\nvirtio-drivers  0.7.5    ---     0.8.0   Normal  ---\n","pkg=axdriver_virtio, checker=Outdated\ntoolchain=nightly-2024-12-25-x86_64-unknown-linux-gnu, target=riscv64gc-unknown-none-elf\npkg_dir=/home/runner/check/batch_5/arceos-org/axdriver_crates/axdriver_virtio\ncmd=cargo +nightly-2024-12-25-x86_64-unknown-linux-gnu outdated -R --exit-code=2\n\nName            Project  Compat  Latest  Kind    Platform\n----            -------  ------  ------  ----    --------\nvirtio-drivers  0.7.5    ---     0.8.0   Normal  ---\n","pkg=axdriver_virtio, checker=Outdated\ntoolchain=nightly-2024-12-25-x86_64-unknown-linux-gnu, target=x86_64-unknown-none\npkg_dir=/home/runner/check/batch_5/arceos-org/axdriver_crates/axdriver_virtio\ncmd=cargo +nightly-2024-12-25-x86_64-unknown-linux-gnu outdated -R --exit-code=2\n\nName            Project  Compat  Latest  Kind    Platform\n----            -------  ------  ------  ----    --------\nvirtio-drivers  0.7.5    ---     0.8.0   Normal  ---\n","pkg=axdriver_virtio, checker=Outdated\ntoolchain=nightly-2024-12-25-x86_64-unknown-linux-gnu, target=x86_64-unknown-linux-gnu\npkg_dir=/home/runner/check/batch_5/arceos-org/axdriver_crates/axdriver_virtio\ncmd=cargo +nightly-2024-12-25-x86_64-unknown-linux-gnu outdated -R --exit-code=2\n\nName            Project  Compat  Latest  Kind    Platform\n----            -------  ------  ------  ----    --------\nvirtio-drivers  0.7.5    ---     0.8.0   Normal  ---\n"]}},{"file":"[semver checks]","count":4,"kinds":{"Semver Violation":["pkg=axdriver_virtio, checker=SemverChecks\ntoolchain=nightly-2024-12-25-x86_64-unknown-linux-gnu, target=riscv64gc-unknown-none-elf\npkg_dir=/home/runner/check/batch_5/arceos-org/axdriver_crates/axdriver_virtio\ncmd=cargo +nightly-2024-12-25-x86_64-unknown-linux-gnu semver-checks --target riscv64gc-unknown-none-elf\n\n\nstdout:\n\nstderr:\n    Building axdriver_virtio v0.1.1 (current)\nerror: running cargo-doc on crate 'axdriver_virtio' failed with output:\n-----\nerror: output of --print=file-names missing when learning about target-specific information from rustc\ncommand was: `/home/runner/.rustup/toolchains/nightly-2024-12-25-x86_64-unknown-linux-gnu/bin/rustc - --crate-name ___ --print=file-names --cap-lints=allow --target riscv64gc-unknown-none-elf --crate-type bin --crate-type rlib --crate-type dylib --crate-type cdylib --crate-type staticlib --crate-type proc-macro --print=sysroot --print=split-debuginfo --print=crate-name --print=cfg`\n\n--- stdout\n___\nlib___.rlib\nlib___.a\n/home/runner/.rustup/toolchains/nightly-2024-12-25-x86_64-unknown-linux-gnu\noff\n___\ndebug_assertions\nfmt_debug=\"full\"\noverflow_checks\npanic=\"abort\"\nproc_macro\nrelocation_model=\"static\"\ntarget_abi=\"\"\ntarget_arch=\"riscv64\"\ntarget_endian=\"little\"\ntarget_env=\"\"\ntarget_feature=\"a\"\ntarget_feature=\"c\"\ntarget_feature=\"d\"\ntarget_feature=\"f\"\ntarget_feature=\"m\"\ntarget_has_atomic\ntarget_has_atomic=\"16\"\ntarget_has_atomic=\"32\"\ntarget_has_atomic=\"64\"\ntarget_has_atomic=\"8\"\ntarget_has_atomic=\"ptr\"\ntarget_has_atomic_equal_alignment=\"16\"\ntarget_has_atomic_equal_alignment=\"32\"\ntarget_has_atomic_equal_alignment=\"64\"\ntarget_has_atomic_equal_alignment=\"8\"\ntarget_has_atomic_equal_alignment=\"ptr\"\ntarget_has_atomic_load_store\ntarget_has_atomic_load_store=\"16\"\ntarget_has_atomic_load_store=\"32\"\ntarget_has_atomic_load_store=\"64\"\ntarget_has_atomic_load_store=\"8\"\ntarget_has_atomic_load_store=\"ptr\"\ntarget_os=\"none\"\ntarget_pointer_width=\"64\"\ntarget_vendor=\"unknown\"\nub_checks\n\n\n-----\n\nerror: failed to build rustdoc for crate axdriver_virtio v0.1.1\nnote: this is usually due to a compilation error in the crate,\n      and is unlikely to be a bug in cargo-semver-checks\nnote: the following command can be used to reproduce the compilation error:\n      cargo new --lib example &&\n          cd example &&\n          echo '[workspace]' >> Cargo.toml &&\n          cargo add --path /home/runner/check/batch_5/arceos-org/axdriver_crates/axdriver_virtio --features axdriver_block,axdriver_display,axdriver_net,block,gpu,net &&\n          cargo check\n\nerror: aborting due to failure to build rustdoc for crate axdriver_virtio v0.1.1\n","pkg=axdriver_virtio, checker=SemverChecks\ntoolchain=nightly-2024-12-25-x86_64-unknown-linux-gnu, target=x86_64-unknown-linux-gnu\npkg_dir=/home/runner/check/batch_5/arceos-org/axdriver_crates/axdriver_virtio\ncmd=cargo +nightly-2024-12-25-x86_64-unknown-linux-gnu semver-checks --target x86_64-unknown-linux-gnu\n\n\nstdout:\n\nstderr:\n    Building axdriver_virtio v0.1.1 (current)\n       Built [   4.244s] (current)\n     Parsing axdriver_virtio v0.1.1 (current)\n      Parsed [   0.002s] (current)\nerror: axdriver_virtio not found in registry (crates.io). For workarounds check https://github.com/obi1kenobi/cargo-semver-checks#does-the-crate-im-checking-have-to-be-published-on-cratesio\n","pkg=axdriver_virtio, checker=SemverChecks\ntoolchain=nightly-2024-12-25-x86_64-unknown-linux-gnu, target=x86_64-unknown-none\npkg_dir=/home/runner/check/batch_5/arceos-org/axdriver_crates/axdriver_virtio\ncmd=cargo +nightly-2024-12-25-x86_64-unknown-linux-gnu semver-checks --target x86_64-unknown-none\n\n\nstdout:\n\nstderr:\n    Building axdriver_virtio v0.1.1 (current)\nerror: running cargo-doc on crate 'axdriver_virtio' failed with output:\n-----\nerror: output of --print=file-names missing when learning about target-specific information from rustc\ncommand was: `/home/runner/.rustup/toolchains/nightly-2024-12-25-x86_64-unknown-linux-gnu/bin/rustc - --crate-name ___ --print=file-names --cap-lints=allow --target x86_64-unknown-none --crate-type bin --crate-type rlib --crate-type dylib --crate-type cdylib --crate-type staticlib --crate-type proc-macro --print=sysroot --print=split-debuginfo --print=crate-name --print=cfg`\n\n--- stdout\n___\nlib___.rlib\nlib___.a\n/home/runner/.rustup/toolchains/nightly-2024-12-25-x86_64-unknown-linux-gnu\noff\n___\ndebug_assertions\nfmt_debug=\"full\"\noverflow_checks\npanic=\"abort\"\nproc_macro\nrelocation_model=\"pic\"\ntarget_abi=\"\"\ntarget_arch=\"x86_64\"\ntarget_endian=\"little\"\ntarget_env=\"\"\ntarget_feature=\"fxsr\"\ntarget_feature=\"x87\"\ntarget_has_atomic\ntarget_has_atomic=\"16\"\ntarget_has_atomic=\"32\"\ntarget_has_atomic=\"64\"\ntarget_has_atomic=\"8\"\ntarget_has_atomic=\"ptr\"\ntarget_has_atomic_equal_alignment=\"16\"\ntarget_has_atomic_equal_alignment=\"32\"\ntarget_has_atomic_equal_alignment=\"64\"\ntarget_has_atomic_equal_alignment=\"8\"\ntarget_has_atomic_equal_alignment=\"ptr\"\ntarget_has_atomic_load_store\ntarget_has_atomic_load_store=\"16\"\ntarget_has_atomic_load_store=\"32\"\ntarget_has_atomic_load_store=\"64\"\ntarget_has_atomic_load_store=\"8\"\ntarget_has_atomic_load_store=\"ptr\"\ntarget_os=\"none\"\ntarget_pointer_width=\"64\"\ntarget_vendor=\"unknown\"\nub_checks\n\n\n-----\n\nerror: failed to build rustdoc for crate axdriver_virtio v0.1.1\nnote: this is usually due to a compilation error in the crate,\n      and is unlikely to be a bug in cargo-semver-checks\nnote: the following command can be used to reproduce the compilation error:\n      cargo new --lib example &&\n          cd example &&\n          echo '[workspace]' >> Cargo.toml &&\n          cargo add --path /home/runner/check/batch_5/arceos-org/axdriver_crates/axdriver_virtio --features axdriver_block,axdriver_display,axdriver_net,block,gpu,net &&\n          cargo check\n\nerror: aborting due to failure to build rustdoc for crate axdriver_virtio v0.1.1\n","pkg=axdriver_virtio, checker=SemverChecks\ntoolchain=nightly-2024-12-25-x86_64-unknown-linux-gnu, target=aarch64-unknown-none\npkg_dir=/home/runner/check/batch_5/arceos-org/axdriver_crates/axdriver_virtio\ncmd=cargo +nightly-2024-12-25-x86_64-unknown-linux-gnu semver-checks --target aarch64-unknown-none\n\n\nstdout:\n\nstderr:\n    Building axdriver_virtio v0.1.1 (current)\nerror: running cargo-doc on crate 'axdriver_virtio' failed with output:\n-----\nerror: output of --print=file-names missing when learning about target-specific information from rustc\ncommand was: `/home/runner/.rustup/toolchains/nightly-2024-12-25-x86_64-unknown-linux-gnu/bin/rustc - --crate-name ___ --print=file-names --cap-lints=allow --target aarch64-unknown-none --crate-type bin --crate-type rlib --crate-type dylib --crate-type cdylib --crate-type staticlib --crate-type proc-macro --print=sysroot --print=split-debuginfo --print=crate-name --print=cfg`\n\n--- stdout\n___\nlib___.rlib\nlib___.a\n/home/runner/.rustup/toolchains/nightly-2024-12-25-x86_64-unknown-linux-gnu\noff\n___\ndebug_assertions\nfmt_debug=\"full\"\noverflow_checks\npanic=\"abort\"\nproc_macro\nrelocation_model=\"static\"\ntarget_abi=\"\"\ntarget_arch=\"aarch64\"\ntarget_endian=\"little\"\ntarget_env=\"\"\ntarget_feature=\"neon\"\ntarget_has_atomic\ntarget_has_atomic=\"128\"\ntarget_has_atomic=\"16\"\ntarget_has_atomic=\"32\"\ntarget_has_atomic=\"64\"\ntarget_has_atomic=\"8\"\ntarget_has_atomic=\"ptr\"\ntarget_has_atomic_equal_alignment=\"128\"\ntarget_has_atomic_equal_alignment=\"16\"\ntarget_has_atomic_equal_alignment=\"32\"\ntarget_has_atomic_equal_alignment=\"64\"\ntarget_has_atomic_equal_alignment=\"8\"\ntarget_has_atomic_equal_alignment=\"ptr\"\ntarget_has_atomic_load_store\ntarget_has_atomic_load_store=\"128\"\ntarget_has_atomic_load_store=\"16\"\ntarget_has_atomic_load_store=\"32\"\ntarget_has_atomic_load_store=\"64\"\ntarget_has_atomic_load_store=\"8\"\ntarget_has_atomic_load_store=\"ptr\"\ntarget_os=\"none\"\ntarget_pointer_width=\"64\"\ntarget_vendor=\"unknown\"\nub_checks\n\n\n-----\n\nerror: failed to build rustdoc for crate axdriver_virtio v0.1.1\nnote: this is usually due to a compilation error in the crate,\n      and is unlikely to be a bug in cargo-semver-checks\nnote: the following command can be used to reproduce the compilation error:\n      cargo new --lib example &&\n          cd example &&\n          echo '[workspace]' >> Cargo.toml &&\n          cargo add --path /home/runner/check/batch_5/arceos-org/axdriver_crates/axdriver_virtio --features axdriver_block,axdriver_display,axdriver_net,block,gpu,net &&\n          cargo check\n\nerror: aborting due to failure to build rustdoc for crate axdriver_virtio v0.1.1\n"]}},{"file":"(virtual) rap","count":3,"kinds":{"Cargo":["// pkg_name=axdriver_virtio, checker=Rap\n// toolchain=nightly-2024-12-25-x86_64-unknown-linux-gnu, target=aarch64-unknown-none\n// pkg_dir=/home/runner/check/batch_5/arceos-org/axdriver_crates/axdriver_virtio\n// cmd=cargo +nightly-2024-10-12 rap -F -M -- --target aarch64-unknown-none\n// timestamp=2024-12-27 3:09:59.770630783 +08:00:00\n   Compiling proc-macro2 v1.0.92\n   Compiling unicode-ident v1.0.14\n    Checking byteorder v1.5.0\n    Checking bitflags v2.6.0\nerror[E0463]: can't find crate for `core`\n  |\n  = note: the `aarch64-unknown-none` target may not be installed\n  = help: consider downloading the target with `rustup target add aarch64-unknown-none`\n  = help: consider building the standard library from source with `cargo build -Zbuild-std`\n\nFor more information about this error, try `rustc --explain E0463`.\nerror: could not compile `byteorder` (lib) due to 1 previous error\nwarning: build failed, waiting for other jobs to finish...\nerror: could not compile `bitflags` (lib) due to 1 previous error\n19:10:00|RAP|ERROR|: Finished with non-zero exit code.\n","// pkg_name=axdriver_virtio, checker=Rap\n// toolchain=nightly-2024-12-25-x86_64-unknown-linux-gnu, target=riscv64gc-unknown-none-elf\n// pkg_dir=/home/runner/check/batch_5/arceos-org/axdriver_crates/axdriver_virtio\n// cmd=cargo +nightly-2024-10-12 rap -F -M -- --target riscv64gc-unknown-none-elf\n// timestamp=2024-12-27 3:09:59.194107888 +08:00:00\n   Compiling proc-macro2 v1.0.92\n   Compiling unicode-ident v1.0.14\n    Checking byteorder v1.5.0\n    Checking log v0.4.22\nerror[E0463]: can't find crate for `core`\n  |\n  = note: the `riscv64gc-unknown-none-elf` target may not be installed\n  = help: consider downloading the target with `rustup target add riscv64gc-unknown-none-elf`\n  = help: consider building the standard library from source with `cargo build -Zbuild-std`\n\nFor more information about this error, try `rustc --explain E0463`.\nerror: could not compile `log` (lib) due to 1 previous error\nwarning: build failed, waiting for other jobs to finish...\nerror: could not compile `byteorder` (lib) due to 1 previous error\n19:09:59|RAP|ERROR|: Finished with non-zero exit code.\n","// pkg_name=axdriver_virtio, checker=Rap\n// toolchain=nightly-2024-12-25-x86_64-unknown-linux-gnu, target=x86_64-unknown-none\n// pkg_dir=/home/runner/check/batch_5/arceos-org/axdriver_crates/axdriver_virtio\n// cmd=cargo +nightly-2024-10-12 rap -F -M -- --target x86_64-unknown-none\n// timestamp=2024-12-27 3:09:58.610151114 +08:00:00\n   Compiling proc-macro2 v1.0.92\n   Compiling unicode-ident v1.0.14\n    Checking byteorder v1.5.0\n    Checking bitflags v2.6.0\nerror[E0463]: can't find crate for `core`\n  |\n  = note: the `x86_64-unknown-none` target may not be installed\n  = help: consider downloading the target with `rustup target add x86_64-unknown-none`\n  = help: consider building the standard library from source with `cargo build -Zbuild-std`\n\nFor more information about this error, try `rustc --explain E0463`.\nerror: could not compile `bitflags` (lib) due to 1 previous error\nwarning: build failed, waiting for other jobs to finish...\nerror: could not compile `byteorder` (lib) due to 1 previous error\n19:09:59|RAP|ERROR|: Finished with non-zero exit code.\n"]}},{"file":"(virtual) geiger","count":1,"kinds":{"Cargo":["// pkg_name=axdriver_virtio, checker=Geiger\n// toolchain=nightly-2024-12-25-x86_64-unknown-linux-gnu, target=x86_64-unknown-linux-gnu\n// pkg_dir=/home/runner/check/batch_5/arceos-org/axdriver_crates/axdriver_virtio\n// cmd=cargo +nightly-2024-12-25-x86_64-unknown-linux-gnu geiger --output-format Ascii\n// timestamp=2024-12-27 3:10:09.429769284 +08:00:00\nFailed to match (ignoring source) package: path+file:///home/runner/check/batch_5/arceos-org/axdriver_crates/axdriver_block#0.1.1 \nFailed to match (ignoring source) package: path+file:///home/runner/check/batch_5/arceos-org/axdriver_crates/axdriver_block#0.1.1 \nFailed to match (ignoring source) package: path+file:///home/runner/check/batch_5/arceos-org/axdriver_crates/axdriver_block#0.1.1 \nFailed to match (ignoring source) package: path+file:///home/runner/check/batch_5/arceos-org/axdriver_crates/axdriver_block#0.1.1 \nFailed to match (ignoring source) package: path+file:///home/runner/check/batch_5/arceos-org/axdriver_crates/axdriver_block#0.1.1 \nFailed to match (ignoring source) package: path+file:///home/runner/check/batch_5/arceos-org/axdriver_crates/axdriver_display#0.1.1 \nFailed to match (ignoring source) package: path+file:///home/runner/check/batch_5/arceos-org/axdriver_crates/axdriver_display#0.1.1 \nFailed to match (ignoring source) package: path+file:///home/runner/check/batch_5/arceos-org/axdriver_crates/axdriver_display#0.1.1 \nFailed to match (ignoring source) package: path+file:///home/runner/check/batch_5/arceos-org/axdriver_crates/axdriver_display#0.1.1 \nFailed to match (ignoring source) package: path+file:///home/runner/check/batch_5/arceos-org/axdriver_crates/axdriver_display#0.1.1 \nFailed to match (ignoring source) package: path+file:///home/runner/check/batch_5/arceos-org/axdriver_crates/axdriver_net#0.1.1 \nFailed to match (ignoring source) package: path+file:///home/runner/check/batch_5/arceos-org/axdriver_crates/axdriver_net#0.1.1 \nFailed to match (ignoring source) package: path+file:///home/runner/check/batch_5/arceos-org/axdriver_crates/axdriver_net#0.1.1 \nFailed to match (ignoring source) package: path+file:///home/runner/check/batch_5/arceos-org/axdriver_crates/axdriver_net#0.1.1 \nFailed to match (ignoring source) package: path+file:///home/runner/check/batch_5/arceos-org/axdriver_crates/axdriver_net#0.1.1 \nerror: Cargo(\"failed to parse lock file at: /home/runner/check/batch_5/arceos-org/axdriver_crates/Cargo.lock\")\n"]}}]},{"user":"arceos-org","repo":"axdriver_crates","pkg":"axdriver_pci","count":19,"raw_reports":[{"file":"(virtual) semver-checks","count":4,"kinds":{"Cargo":["// pkg_name=axdriver_pci, checker=SemverChecks\n// toolchain=nightly-2024-12-25-x86_64-unknown-linux-gnu, target=x86_64-unknown-linux-gnu\n// pkg_dir=/home/runner/check/batch_5/arceos-org/axdriver_crates/axdriver_pci\n// cmd=cargo +nightly-2024-12-25-x86_64-unknown-linux-gnu semver-checks --target x86_64-unknown-linux-gnu\n// timestamp=2024-12-27 3:09:12.817100102 +08:00:00\n    Building axdriver_pci v0.1.1 (current)\n       Built [   4.119s] (current)\n     Parsing axdriver_pci v0.1.1 (current)\n      Parsed [   0.001s] (current)\nerror: axdriver_pci not found in registry (crates.io). For workarounds check https://github.com/obi1kenobi/cargo-semver-checks#does-the-crate-im-checking-have-to-be-published-on-cratesio\n","// pkg_name=axdriver_pci, checker=SemverChecks\n// toolchain=nightly-2024-12-25-x86_64-unknown-linux-gnu, target=riscv64gc-unknown-none-elf\n// pkg_dir=/home/runner/check/batch_5/arceos-org/axdriver_crates/axdriver_pci\n// cmd=cargo +nightly-2024-12-25-x86_64-unknown-linux-gnu semver-checks --target riscv64gc-unknown-none-elf\n// timestamp=2024-12-27 3:09:17.578950273 +08:00:00\n    Building axdriver_pci v0.1.1 (current)\nerror: running cargo-doc on crate 'axdriver_pci' failed with output:\n-----\nerror: output of --print=file-names missing when learning about target-specific information from rustc\ncommand was: `/home/runner/.rustup/toolchains/nightly-2024-12-25-x86_64-unknown-linux-gnu/bin/rustc - --crate-name ___ --print=file-names --cap-lints=allow --target riscv64gc-unknown-none-elf --crate-type bin --crate-type rlib --crate-type dylib --crate-type cdylib --crate-type staticlib --crate-type proc-macro --print=sysroot --print=split-debuginfo --print=crate-name --print=cfg`\n\n--- stdout\n___\nlib___.rlib\nlib___.a\n/home/runner/.rustup/toolchains/nightly-2024-12-25-x86_64-unknown-linux-gnu\noff\n___\ndebug_assertions\nfmt_debug=\"full\"\noverflow_checks\npanic=\"abort\"\nproc_macro\nrelocation_model=\"static\"\ntarget_abi=\"\"\ntarget_arch=\"riscv64\"\ntarget_endian=\"little\"\ntarget_env=\"\"\ntarget_feature=\"a\"\ntarget_feature=\"c\"\ntarget_feature=\"d\"\ntarget_feature=\"f\"\ntarget_feature=\"m\"\ntarget_has_atomic\ntarget_has_atomic=\"16\"\ntarget_has_atomic=\"32\"\ntarget_has_atomic=\"64\"\ntarget_has_atomic=\"8\"\ntarget_has_atomic=\"ptr\"\ntarget_has_atomic_equal_alignment=\"16\"\ntarget_has_atomic_equal_alignment=\"32\"\ntarget_has_atomic_equal_alignment=\"64\"\ntarget_has_atomic_equal_alignment=\"8\"\ntarget_has_atomic_equal_alignment=\"ptr\"\ntarget_has_atomic_load_store\ntarget_has_atomic_load_store=\"16\"\ntarget_has_atomic_load_store=\"32\"\ntarget_has_atomic_load_store=\"64\"\ntarget_has_atomic_load_store=\"8\"\ntarget_has_atomic_load_store=\"ptr\"\ntarget_os=\"none\"\ntarget_pointer_width=\"64\"\ntarget_vendor=\"unknown\"\nub_checks\n\n\n-----\n\nerror: failed to build rustdoc for crate axdriver_pci v0.1.1\nnote: this is usually due to a compilation error in the crate,\n      and is unlikely to be a bug in cargo-semver-checks\nnote: the following command can be used to reproduce the compilation error:\n      cargo new --lib example &&\n          cd example &&\n          echo '[workspace]' >> Cargo.toml &&\n          cargo add --path /home/runner/check/batch_5/arceos-org/axdriver_crates/axdriver_pci &&\n          cargo check\n\nerror: aborting due to failure to build rustdoc for crate axdriver_pci v0.1.1\n","// pkg_name=axdriver_pci, checker=SemverChecks\n// toolchain=nightly-2024-12-25-x86_64-unknown-linux-gnu, target=x86_64-unknown-none\n// pkg_dir=/home/runner/check/batch_5/arceos-org/axdriver_crates/axdriver_pci\n// cmd=cargo +nightly-2024-12-25-x86_64-unknown-linux-gnu semver-checks --target x86_64-unknown-none\n// timestamp=2024-12-27 3:09:17.293972041 +08:00:00\n    Building axdriver_pci v0.1.1 (current)\nerror: running cargo-doc on crate 'axdriver_pci' failed with output:\n-----\nerror: output of --print=file-names missing when learning about target-specific information from rustc\ncommand was: `/home/runner/.rustup/toolchains/nightly-2024-12-25-x86_64-unknown-linux-gnu/bin/rustc - --crate-name ___ --print=file-names --cap-lints=allow --target x86_64-unknown-none --crate-type bin --crate-type rlib --crate-type dylib --crate-type cdylib --crate-type staticlib --crate-type proc-macro --print=sysroot --print=split-debuginfo --print=crate-name --print=cfg`\n\n--- stdout\n___\nlib___.rlib\nlib___.a\n/home/runner/.rustup/toolchains/nightly-2024-12-25-x86_64-unknown-linux-gnu\noff\n___\ndebug_assertions\nfmt_debug=\"full\"\noverflow_checks\npanic=\"abort\"\nproc_macro\nrelocation_model=\"pic\"\ntarget_abi=\"\"\ntarget_arch=\"x86_64\"\ntarget_endian=\"little\"\ntarget_env=\"\"\ntarget_feature=\"fxsr\"\ntarget_feature=\"x87\"\ntarget_has_atomic\ntarget_has_atomic=\"16\"\ntarget_has_atomic=\"32\"\ntarget_has_atomic=\"64\"\ntarget_has_atomic=\"8\"\ntarget_has_atomic=\"ptr\"\ntarget_has_atomic_equal_alignment=\"16\"\ntarget_has_atomic_equal_alignment=\"32\"\ntarget_has_atomic_equal_alignment=\"64\"\ntarget_has_atomic_equal_alignment=\"8\"\ntarget_has_atomic_equal_alignment=\"ptr\"\ntarget_has_atomic_load_store\ntarget_has_atomic_load_store=\"16\"\ntarget_has_atomic_load_store=\"32\"\ntarget_has_atomic_load_store=\"64\"\ntarget_has_atomic_load_store=\"8\"\ntarget_has_atomic_load_store=\"ptr\"\ntarget_os=\"none\"\ntarget_pointer_width=\"64\"\ntarget_vendor=\"unknown\"\nub_checks\n\n\n-----\n\nerror: failed to build rustdoc for crate axdriver_pci v0.1.1\nnote: this is usually due to a compilation error in the crate,\n      and is unlikely to be a bug in cargo-semver-checks\nnote: the following command can be used to reproduce the compilation error:\n      cargo new --lib example &&\n          cd example &&\n          echo '[workspace]' >> Cargo.toml &&\n          cargo add --path /home/runner/check/batch_5/arceos-org/axdriver_crates/axdriver_pci &&\n          cargo check\n\nerror: aborting due to failure to build rustdoc for crate axdriver_pci v0.1.1\n","// pkg_name=axdriver_pci, checker=SemverChecks\n// toolchain=nightly-2024-12-25-x86_64-unknown-linux-gnu, target=aarch64-unknown-none\n// pkg_dir=/home/runner/check/batch_5/arceos-org/axdriver_crates/axdriver_pci\n// cmd=cargo +nightly-2024-12-25-x86_64-unknown-linux-gnu semver-checks --target aarch64-unknown-none\n// timestamp=2024-12-27 3:09:17.857761628 +08:00:00\n    Building axdriver_pci v0.1.1 (current)\nerror: running cargo-doc on crate 'axdriver_pci' failed with output:\n-----\nerror: output of --print=file-names missing when learning about target-specific information from rustc\ncommand was: `/home/runner/.rustup/toolchains/nightly-2024-12-25-x86_64-unknown-linux-gnu/bin/rustc - --crate-name ___ --print=file-names --cap-lints=allow --target aarch64-unknown-none --crate-type bin --crate-type rlib --crate-type dylib --crate-type cdylib --crate-type staticlib --crate-type proc-macro --print=sysroot --print=split-debuginfo --print=crate-name --print=cfg`\n\n--- stdout\n___\nlib___.rlib\nlib___.a\n/home/runner/.rustup/toolchains/nightly-2024-12-25-x86_64-unknown-linux-gnu\noff\n___\ndebug_assertions\nfmt_debug=\"full\"\noverflow_checks\npanic=\"abort\"\nproc_macro\nrelocation_model=\"static\"\ntarget_abi=\"\"\ntarget_arch=\"aarch64\"\ntarget_endian=\"little\"\ntarget_env=\"\"\ntarget_feature=\"neon\"\ntarget_has_atomic\ntarget_has_atomic=\"128\"\ntarget_has_atomic=\"16\"\ntarget_has_atomic=\"32\"\ntarget_has_atomic=\"64\"\ntarget_has_atomic=\"8\"\ntarget_has_atomic=\"ptr\"\ntarget_has_atomic_equal_alignment=\"128\"\ntarget_has_atomic_equal_alignment=\"16\"\ntarget_has_atomic_equal_alignment=\"32\"\ntarget_has_atomic_equal_alignment=\"64\"\ntarget_has_atomic_equal_alignment=\"8\"\ntarget_has_atomic_equal_alignment=\"ptr\"\ntarget_has_atomic_load_store\ntarget_has_atomic_load_store=\"128\"\ntarget_has_atomic_load_store=\"16\"\ntarget_has_atomic_load_store=\"32\"\ntarget_has_atomic_load_store=\"64\"\ntarget_has_atomic_load_store=\"8\"\ntarget_has_atomic_load_store=\"ptr\"\ntarget_os=\"none\"\ntarget_pointer_width=\"64\"\ntarget_vendor=\"unknown\"\nub_checks\n\n\n-----\n\nerror: failed to build rustdoc for crate axdriver_pci v0.1.1\nnote: this is usually due to a compilation error in the crate,\n      and is unlikely to be a bug in cargo-semver-checks\nnote: the following command can be used to reproduce the compilation error:\n      cargo new --lib example &&\n          cd example &&\n          echo '[workspace]' >> Cargo.toml &&\n          cargo add --path /home/runner/check/batch_5/arceos-org/axdriver_crates/axdriver_pci &&\n          cargo check\n\nerror: aborting due to failure to build rustdoc for crate axdriver_pci v0.1.1\n"]}},{"file":"[lockbud] Not supported to display yet.","count":4,"kinds":{"Lockbud(Possibly)":["[2024-12-26T19:09:24Z WARN  lockbud::callbacks] [\n      {\n        \"AtomicityViolation\": {\n          \"bug_kind\": \"AtomicityViolation\",\n          \"possibility\": \"Possibly\",\n          \"diagnosis\": {\n            \"fn_name\": \"set_logger_racy\",\n            \"atomic_reader\": \"/home/runner/.cargo/registry/src/index.crates.io-6f17d22bba15001f/log-0.4.22/src/lib.rs:1447:11: 1447:40 (#0)\",\n            \"atomic_writer\": \"/home/runner/.cargo/registry/src/index.crates.io-6f17d22bba15001f/log-0.4.22/src/lib.rs:1450:13: 1450:56 (#0)\",\n            \"dep_kind\": \"Control\"\n          },\n          \"explanation\": \"atomic::store is data/control dependent on atomic::load\"\n        }\n      }\n    ]\n[2024-12-26T19:09:24Z WARN  lockbud::callbacks] crate log contains bugs: { probably: 0, possibly: 0 }, conflictlock: { probably: 0, possibly: 0 }, condvar_deadlock: { probably: 0, possibly: 0 }, atomicity_violation: { possibly: 1 }, invalid_free: { possibly: 0 }, use_after_free: { possibly: 0 }","[2024-12-26T19:09:24Z WARN  lockbud::callbacks] [\n      {\n        \"AtomicityViolation\": {\n          \"bug_kind\": \"AtomicityViolation\",\n          \"possibility\": \"Possibly\",\n          \"diagnosis\": {\n            \"fn_name\": \"set_logger_racy\",\n            \"atomic_reader\": \"/home/runner/.cargo/registry/src/index.crates.io-6f17d22bba15001f/log-0.4.22/src/lib.rs:1447:11: 1447:40 (#0)\",\n            \"atomic_writer\": \"/home/runner/.cargo/registry/src/index.crates.io-6f17d22bba15001f/log-0.4.22/src/lib.rs:1450:13: 1450:56 (#0)\",\n            \"dep_kind\": \"Control\"\n          },\n          \"explanation\": \"atomic::store is data/control dependent on atomic::load\"\n        }\n      }\n    ]\n[2024-12-26T19:09:24Z WARN  lockbud::callbacks] crate log contains bugs: { probably: 0, possibly: 0 }, conflictlock: { probably: 0, possibly: 0 }, condvar_deadlock: { probably: 0, possibly: 0 }, atomicity_violation: { possibly: 1 }, invalid_free: { possibly: 0 }, use_after_free: { possibly: 0 }","[2024-12-26T19:09:24Z WARN  lockbud::callbacks] [\n      {\n        \"AtomicityViolation\": {\n          \"bug_kind\": \"AtomicityViolation\",\n          \"possibility\": \"Possibly\",\n          \"diagnosis\": {\n            \"fn_name\": \"set_logger_racy\",\n            \"atomic_reader\": \"/home/runner/.cargo/registry/src/index.crates.io-6f17d22bba15001f/log-0.4.22/src/lib.rs:1447:11: 1447:40 (#0)\",\n            \"atomic_writer\": \"/home/runner/.cargo/registry/src/index.crates.io-6f17d22bba15001f/log-0.4.22/src/lib.rs:1450:13: 1450:56 (#0)\",\n            \"dep_kind\": \"Control\"\n          },\n          \"explanation\": \"atomic::store is data/control dependent on atomic::load\"\n        }\n      }\n    ]\n[2024-12-26T19:09:24Z WARN  lockbud::callbacks] crate log contains bugs: { probably: 0, possibly: 0 }, conflictlock: { probably: 0, possibly: 0 }, condvar_deadlock: { probably: 0, possibly: 0 }, atomicity_violation: { possibly: 1 }, invalid_free: { possibly: 0 }, use_after_free: { possibly: 0 }","[2024-12-26T19:09:25Z WARN  lockbud::callbacks] [\n      {\n        \"AtomicityViolation\": {\n          \"bug_kind\": \"AtomicityViolation\",\n          \"possibility\": \"Possibly\",\n          \"diagnosis\": {\n            \"fn_name\": \"set_logger_racy\",\n            \"atomic_reader\": \"/home/runner/.cargo/registry/src/index.crates.io-6f17d22bba15001f/log-0.4.22/src/lib.rs:1447:11: 1447:40 (#0)\",\n            \"atomic_writer\": \"/home/runner/.cargo/registry/src/index.crates.io-6f17d22bba15001f/log-0.4.22/src/lib.rs:1450:13: 1450:56 (#0)\",\n            \"dep_kind\": \"Control\"\n          },\n          \"explanation\": \"atomic::store is data/control dependent on atomic::load\"\n        }\n      }\n    ]\n[2024-12-26T19:09:25Z WARN  lockbud::callbacks] crate log contains bugs: { probably: 0, possibly: 0 }, conflictlock: { probably: 0, possibly: 0 }, condvar_deadlock: { probably: 0, possibly: 0 }, atomicity_violation: { possibly: 1 }, invalid_free: { possibly: 0 }, use_after_free: { possibly: 0 }"]}},{"file":"[outdated direct dependencies]","count":4,"kinds":{"Outdated":["pkg=axdriver_pci, checker=Outdated\ntoolchain=nightly-2024-12-25-x86_64-unknown-linux-gnu, target=aarch64-unknown-none\npkg_dir=/home/runner/check/batch_5/arceos-org/axdriver_crates/axdriver_pci\ncmd=cargo +nightly-2024-12-25-x86_64-unknown-linux-gnu outdated -R --exit-code=2\n\nName            Project  Compat  Latest  Kind    Platform\n----            -------  ------  ------  ----    --------\nvirtio-drivers  0.7.5    ---     0.8.0   Normal  ---\n","pkg=axdriver_pci, checker=Outdated\ntoolchain=nightly-2024-12-25-x86_64-unknown-linux-gnu, target=riscv64gc-unknown-none-elf\npkg_dir=/home/runner/check/batch_5/arceos-org/axdriver_crates/axdriver_pci\ncmd=cargo +nightly-2024-12-25-x86_64-unknown-linux-gnu outdated -R --exit-code=2\n\nName            Project  Compat  Latest  Kind    Platform\n----            -------  ------  ------  ----    --------\nvirtio-drivers  0.7.5    ---     0.8.0   Normal  ---\n","pkg=axdriver_pci, checker=Outdated\ntoolchain=nightly-2024-12-25-x86_64-unknown-linux-gnu, target=x86_64-unknown-none\npkg_dir=/home/runner/check/batch_5/arceos-org/axdriver_crates/axdriver_pci\ncmd=cargo +nightly-2024-12-25-x86_64-unknown-linux-gnu outdated -R --exit-code=2\n\nName            Project  Compat  Latest  Kind    Platform\n----            -------  ------  ------  ----    --------\nvirtio-drivers  0.7.5    ---     0.8.0   Normal  ---\n","pkg=axdriver_pci, checker=Outdated\ntoolchain=nightly-2024-12-25-x86_64-unknown-linux-gnu, target=x86_64-unknown-linux-gnu\npkg_dir=/home/runner/check/batch_5/arceos-org/axdriver_crates/axdriver_pci\ncmd=cargo +nightly-2024-12-25-x86_64-unknown-linux-gnu outdated -R --exit-code=2\n\nName            Project  Compat  Latest  Kind    Platform\n----            -------  ------  ------  ----    --------\nvirtio-drivers  0.7.5    ---     0.8.0   Normal  ---\n"]}},{"file":"[semver checks]","count":4,"kinds":{"Semver Violation":["pkg=axdriver_pci, checker=SemverChecks\ntoolchain=nightly-2024-12-25-x86_64-unknown-linux-gnu, target=riscv64gc-unknown-none-elf\npkg_dir=/home/runner/check/batch_5/arceos-org/axdriver_crates/axdriver_pci\ncmd=cargo +nightly-2024-12-25-x86_64-unknown-linux-gnu semver-checks --target riscv64gc-unknown-none-elf\n\n\nstdout:\n\nstderr:\n    Building axdriver_pci v0.1.1 (current)\nerror: running cargo-doc on crate 'axdriver_pci' failed with output:\n-----\nerror: output of --print=file-names missing when learning about target-specific information from rustc\ncommand was: `/home/runner/.rustup/toolchains/nightly-2024-12-25-x86_64-unknown-linux-gnu/bin/rustc - --crate-name ___ --print=file-names --cap-lints=allow --target riscv64gc-unknown-none-elf --crate-type bin --crate-type rlib --crate-type dylib --crate-type cdylib --crate-type staticlib --crate-type proc-macro --print=sysroot --print=split-debuginfo --print=crate-name --print=cfg`\n\n--- stdout\n___\nlib___.rlib\nlib___.a\n/home/runner/.rustup/toolchains/nightly-2024-12-25-x86_64-unknown-linux-gnu\noff\n___\ndebug_assertions\nfmt_debug=\"full\"\noverflow_checks\npanic=\"abort\"\nproc_macro\nrelocation_model=\"static\"\ntarget_abi=\"\"\ntarget_arch=\"riscv64\"\ntarget_endian=\"little\"\ntarget_env=\"\"\ntarget_feature=\"a\"\ntarget_feature=\"c\"\ntarget_feature=\"d\"\ntarget_feature=\"f\"\ntarget_feature=\"m\"\ntarget_has_atomic\ntarget_has_atomic=\"16\"\ntarget_has_atomic=\"32\"\ntarget_has_atomic=\"64\"\ntarget_has_atomic=\"8\"\ntarget_has_atomic=\"ptr\"\ntarget_has_atomic_equal_alignment=\"16\"\ntarget_has_atomic_equal_alignment=\"32\"\ntarget_has_atomic_equal_alignment=\"64\"\ntarget_has_atomic_equal_alignment=\"8\"\ntarget_has_atomic_equal_alignment=\"ptr\"\ntarget_has_atomic_load_store\ntarget_has_atomic_load_store=\"16\"\ntarget_has_atomic_load_store=\"32\"\ntarget_has_atomic_load_store=\"64\"\ntarget_has_atomic_load_store=\"8\"\ntarget_has_atomic_load_store=\"ptr\"\ntarget_os=\"none\"\ntarget_pointer_width=\"64\"\ntarget_vendor=\"unknown\"\nub_checks\n\n\n-----\n\nerror: failed to build rustdoc for crate axdriver_pci v0.1.1\nnote: this is usually due to a compilation error in the crate,\n      and is unlikely to be a bug in cargo-semver-checks\nnote: the following command can be used to reproduce the compilation error:\n      cargo new --lib example &&\n          cd example &&\n          echo '[workspace]' >> Cargo.toml &&\n          cargo add --path /home/runner/check/batch_5/arceos-org/axdriver_crates/axdriver_pci &&\n          cargo check\n\nerror: aborting due to failure to build rustdoc for crate axdriver_pci v0.1.1\n","pkg=axdriver_pci, checker=SemverChecks\ntoolchain=nightly-2024-12-25-x86_64-unknown-linux-gnu, target=x86_64-unknown-linux-gnu\npkg_dir=/home/runner/check/batch_5/arceos-org/axdriver_crates/axdriver_pci\ncmd=cargo +nightly-2024-12-25-x86_64-unknown-linux-gnu semver-checks --target x86_64-unknown-linux-gnu\n\n\nstdout:\n\nstderr:\n    Building axdriver_pci v0.1.1 (current)\n       Built [   4.119s] (current)\n     Parsing axdriver_pci v0.1.1 (current)\n      Parsed [   0.001s] (current)\nerror: axdriver_pci not found in registry (crates.io). For workarounds check https://github.com/obi1kenobi/cargo-semver-checks#does-the-crate-im-checking-have-to-be-published-on-cratesio\n","pkg=axdriver_pci, checker=SemverChecks\ntoolchain=nightly-2024-12-25-x86_64-unknown-linux-gnu, target=x86_64-unknown-none\npkg_dir=/home/runner/check/batch_5/arceos-org/axdriver_crates/axdriver_pci\ncmd=cargo +nightly-2024-12-25-x86_64-unknown-linux-gnu semver-checks --target x86_64-unknown-none\n\n\nstdout:\n\nstderr:\n    Building axdriver_pci v0.1.1 (current)\nerror: running cargo-doc on crate 'axdriver_pci' failed with output:\n-----\nerror: output of --print=file-names missing when learning about target-specific information from rustc\ncommand was: `/home/runner/.rustup/toolchains/nightly-2024-12-25-x86_64-unknown-linux-gnu/bin/rustc - --crate-name ___ --print=file-names --cap-lints=allow --target x86_64-unknown-none --crate-type bin --crate-type rlib --crate-type dylib --crate-type cdylib --crate-type staticlib --crate-type proc-macro --print=sysroot --print=split-debuginfo --print=crate-name --print=cfg`\n\n--- stdout\n___\nlib___.rlib\nlib___.a\n/home/runner/.rustup/toolchains/nightly-2024-12-25-x86_64-unknown-linux-gnu\noff\n___\ndebug_assertions\nfmt_debug=\"full\"\noverflow_checks\npanic=\"abort\"\nproc_macro\nrelocation_model=\"pic\"\ntarget_abi=\"\"\ntarget_arch=\"x86_64\"\ntarget_endian=\"little\"\ntarget_env=\"\"\ntarget_feature=\"fxsr\"\ntarget_feature=\"x87\"\ntarget_has_atomic\ntarget_has_atomic=\"16\"\ntarget_has_atomic=\"32\"\ntarget_has_atomic=\"64\"\ntarget_has_atomic=\"8\"\ntarget_has_atomic=\"ptr\"\ntarget_has_atomic_equal_alignment=\"16\"\ntarget_has_atomic_equal_alignment=\"32\"\ntarget_has_atomic_equal_alignment=\"64\"\ntarget_has_atomic_equal_alignment=\"8\"\ntarget_has_atomic_equal_alignment=\"ptr\"\ntarget_has_atomic_load_store\ntarget_has_atomic_load_store=\"16\"\ntarget_has_atomic_load_store=\"32\"\ntarget_has_atomic_load_store=\"64\"\ntarget_has_atomic_load_store=\"8\"\ntarget_has_atomic_load_store=\"ptr\"\ntarget_os=\"none\"\ntarget_pointer_width=\"64\"\ntarget_vendor=\"unknown\"\nub_checks\n\n\n-----\n\nerror: failed to build rustdoc for crate axdriver_pci v0.1.1\nnote: this is usually due to a compilation error in the crate,\n      and is unlikely to be a bug in cargo-semver-checks\nnote: the following command can be used to reproduce the compilation error:\n      cargo new --lib example &&\n          cd example &&\n          echo '[workspace]' >> Cargo.toml &&\n          cargo add --path /home/runner/check/batch_5/arceos-org/axdriver_crates/axdriver_pci &&\n          cargo check\n\nerror: aborting due to failure to build rustdoc for crate axdriver_pci v0.1.1\n","pkg=axdriver_pci, checker=SemverChecks\ntoolchain=nightly-2024-12-25-x86_64-unknown-linux-gnu, target=aarch64-unknown-none\npkg_dir=/home/runner/check/batch_5/arceos-org/axdriver_crates/axdriver_pci\ncmd=cargo +nightly-2024-12-25-x86_64-unknown-linux-gnu semver-checks --target aarch64-unknown-none\n\n\nstdout:\n\nstderr:\n    Building axdriver_pci v0.1.1 (current)\nerror: running cargo-doc on crate 'axdriver_pci' failed with output:\n-----\nerror: output of --print=file-names missing when learning about target-specific information from rustc\ncommand was: `/home/runner/.rustup/toolchains/nightly-2024-12-25-x86_64-unknown-linux-gnu/bin/rustc - --crate-name ___ --print=file-names --cap-lints=allow --target aarch64-unknown-none --crate-type bin --crate-type rlib --crate-type dylib --crate-type cdylib --crate-type staticlib --crate-type proc-macro --print=sysroot --print=split-debuginfo --print=crate-name --print=cfg`\n\n--- stdout\n___\nlib___.rlib\nlib___.a\n/home/runner/.rustup/toolchains/nightly-2024-12-25-x86_64-unknown-linux-gnu\noff\n___\ndebug_assertions\nfmt_debug=\"full\"\noverflow_checks\npanic=\"abort\"\nproc_macro\nrelocation_model=\"static\"\ntarget_abi=\"\"\ntarget_arch=\"aarch64\"\ntarget_endian=\"little\"\ntarget_env=\"\"\ntarget_feature=\"neon\"\ntarget_has_atomic\ntarget_has_atomic=\"128\"\ntarget_has_atomic=\"16\"\ntarget_has_atomic=\"32\"\ntarget_has_atomic=\"64\"\ntarget_has_atomic=\"8\"\ntarget_has_atomic=\"ptr\"\ntarget_has_atomic_equal_alignment=\"128\"\ntarget_has_atomic_equal_alignment=\"16\"\ntarget_has_atomic_equal_alignment=\"32\"\ntarget_has_atomic_equal_alignment=\"64\"\ntarget_has_atomic_equal_alignment=\"8\"\ntarget_has_atomic_equal_alignment=\"ptr\"\ntarget_has_atomic_load_store\ntarget_has_atomic_load_store=\"128\"\ntarget_has_atomic_load_store=\"16\"\ntarget_has_atomic_load_store=\"32\"\ntarget_has_atomic_load_store=\"64\"\ntarget_has_atomic_load_store=\"8\"\ntarget_has_atomic_load_store=\"ptr\"\ntarget_os=\"none\"\ntarget_pointer_width=\"64\"\ntarget_vendor=\"unknown\"\nub_checks\n\n\n-----\n\nerror: failed to build rustdoc for crate axdriver_pci v0.1.1\nnote: this is usually due to a compilation error in the crate,\n      and is unlikely to be a bug in cargo-semver-checks\nnote: the following command can be used to reproduce the compilation error:\n      cargo new --lib example &&\n          cd example &&\n          echo '[workspace]' >> Cargo.toml &&\n          cargo add --path /home/runner/check/batch_5/arceos-org/axdriver_crates/axdriver_pci &&\n          cargo check\n\nerror: aborting due to failure to build rustdoc for crate axdriver_pci v0.1.1\n"]}},{"file":"(virtual) rap","count":3,"kinds":{"Cargo":["// pkg_name=axdriver_pci, checker=Rap\n// toolchain=nightly-2024-12-25-x86_64-unknown-linux-gnu, target=aarch64-unknown-none\n// pkg_dir=/home/runner/check/batch_5/arceos-org/axdriver_crates/axdriver_pci\n// cmd=cargo +nightly-2024-10-12 rap -F -M -- --target aarch64-unknown-none\n// timestamp=2024-12-27 3:09:53.404394437 +08:00:00\n   Compiling proc-macro2 v1.0.92\n   Compiling unicode-ident v1.0.14\n    Checking byteorder v1.5.0\n    Checking bitflags v2.6.0\nerror[E0463]: can't find crate for `core`\n  |\n  = note: the `aarch64-unknown-none` target may not be installed\n  = help: consider downloading the target with `rustup target add aarch64-unknown-none`\n  = help: consider building the standard library from source with `cargo build -Zbuild-std`\n\nFor more information about this error, try `rustc --explain E0463`.\nerror: could not compile `byteorder` (lib) due to 1 previous error\nwarning: build failed, waiting for other jobs to finish...\nerror: could not compile `bitflags` (lib) due to 1 previous error\n19:09:53|RAP|ERROR|: Finished with non-zero exit code.\n","// pkg_name=axdriver_pci, checker=Rap\n// toolchain=nightly-2024-12-25-x86_64-unknown-linux-gnu, target=riscv64gc-unknown-none-elf\n// pkg_dir=/home/runner/check/batch_5/arceos-org/axdriver_crates/axdriver_pci\n// cmd=cargo +nightly-2024-10-12 rap -F -M -- --target riscv64gc-unknown-none-elf\n// timestamp=2024-12-27 3:09:52.827957005 +08:00:00\n   Compiling proc-macro2 v1.0.92\n   Compiling unicode-ident v1.0.14\n    Checking byteorder v1.5.0\n    Checking bitflags v2.6.0\nerror[E0463]: can't find crate for `core`\n  |\n  = note: the `riscv64gc-unknown-none-elf` target may not be installed\n  = help: consider downloading the target with `rustup target add riscv64gc-unknown-none-elf`\n  = help: consider building the standard library from source with `cargo build -Zbuild-std`\n\nFor more information about this error, try `rustc --explain E0463`.\nerror: could not compile `bitflags` (lib) due to 1 previous error\nwarning: build failed, waiting for other jobs to finish...\nerror: could not compile `byteorder` (lib) due to 1 previous error\n19:09:53|RAP|ERROR|: Finished with non-zero exit code.\n","// pkg_name=axdriver_pci, checker=Rap\n// toolchain=nightly-2024-12-25-x86_64-unknown-linux-gnu, target=x86_64-unknown-none\n// pkg_dir=/home/runner/check/batch_5/arceos-org/axdriver_crates/axdriver_pci\n// cmd=cargo +nightly-2024-10-12 rap -F -M -- --target x86_64-unknown-none\n// timestamp=2024-12-27 3:09:47.700162066 +08:00:00\n   Compiling proc-macro2 v1.0.92\n   Compiling unicode-ident v1.0.14\n    Checking byteorder v1.5.0\n    Checking log v0.4.22\nerror[E0463]: can't find crate for `core`\n  |\n  = note: the `x86_64-unknown-none` target may not be installed\n  = help: consider downloading the target with `rustup target add x86_64-unknown-none`\n  = help: consider building the standard library from source with `cargo build -Zbuild-std`\n\nFor more information about this error, try `rustc --explain E0463`.\nerror: could not compile `byteorder` (lib) due to 1 previous error\nwarning: build failed, waiting for other jobs to finish...\nerror: could not compile `log` (lib) due to 1 previous error\n19:09:48|RAP|ERROR|: Finished with non-zero exit code.\n"]}}]},{"user":"arceos-org","repo":"axdriver_crates","pkg":"axdriver_block","count":15,"raw_reports":[{"file":"(virtual) semver-checks","count":4,"kinds":{"Cargo":["// pkg_name=axdriver_block, checker=SemverChecks\n// toolchain=nightly-2024-12-25-x86_64-unknown-linux-gnu, target=x86_64-unknown-linux-gnu\n// pkg_dir=/home/runner/check/batch_5/arceos-org/axdriver_crates/axdriver_block\n// cmd=cargo +nightly-2024-12-25-x86_64-unknown-linux-gnu semver-checks --target x86_64-unknown-linux-gnu\n// timestamp=2024-12-27 3:09:04.537708888 +08:00:00\n    Building axdriver_block v0.1.1 (current)\n       Built [   1.704s] (current)\n     Parsing axdriver_block v0.1.1 (current)\n      Parsed [   0.002s] (current)\nerror: axdriver_block not found in registry (crates.io). For workarounds check https://github.com/obi1kenobi/cargo-semver-checks#does-the-crate-im-checking-have-to-be-published-on-cratesio\n","// pkg_name=axdriver_block, checker=SemverChecks\n// toolchain=nightly-2024-12-25-x86_64-unknown-linux-gnu, target=x86_64-unknown-none\n// pkg_dir=/home/runner/check/batch_5/arceos-org/axdriver_crates/axdriver_block\n// cmd=cargo +nightly-2024-12-25-x86_64-unknown-linux-gnu semver-checks --target x86_64-unknown-none\n// timestamp=2024-12-27 3:09:06.562882251 +08:00:00\n    Building axdriver_block v0.1.1 (current)\nerror: running cargo-doc on crate 'axdriver_block' failed with output:\n-----\nerror: output of --print=file-names missing when learning about target-specific information from rustc\ncommand was: `/home/runner/.rustup/toolchains/nightly-2024-12-25-x86_64-unknown-linux-gnu/bin/rustc - --crate-name ___ --print=file-names --cap-lints=allow --target x86_64-unknown-none --crate-type bin --crate-type rlib --crate-type dylib --crate-type cdylib --crate-type staticlib --crate-type proc-macro --print=sysroot --print=split-debuginfo --print=crate-name --print=cfg`\n\n--- stdout\n___\nlib___.rlib\nlib___.a\n/home/runner/.rustup/toolchains/nightly-2024-12-25-x86_64-unknown-linux-gnu\noff\n___\ndebug_assertions\nfmt_debug=\"full\"\noverflow_checks\npanic=\"abort\"\nproc_macro\nrelocation_model=\"pic\"\ntarget_abi=\"\"\ntarget_arch=\"x86_64\"\ntarget_endian=\"little\"\ntarget_env=\"\"\ntarget_feature=\"fxsr\"\ntarget_feature=\"x87\"\ntarget_has_atomic\ntarget_has_atomic=\"16\"\ntarget_has_atomic=\"32\"\ntarget_has_atomic=\"64\"\ntarget_has_atomic=\"8\"\ntarget_has_atomic=\"ptr\"\ntarget_has_atomic_equal_alignment=\"16\"\ntarget_has_atomic_equal_alignment=\"32\"\ntarget_has_atomic_equal_alignment=\"64\"\ntarget_has_atomic_equal_alignment=\"8\"\ntarget_has_atomic_equal_alignment=\"ptr\"\ntarget_has_atomic_load_store\ntarget_has_atomic_load_store=\"16\"\ntarget_has_atomic_load_store=\"32\"\ntarget_has_atomic_load_store=\"64\"\ntarget_has_atomic_load_store=\"8\"\ntarget_has_atomic_load_store=\"ptr\"\ntarget_os=\"none\"\ntarget_pointer_width=\"64\"\ntarget_vendor=\"unknown\"\nub_checks\n\n\n-----\n\nerror: failed to build rustdoc for crate axdriver_block v0.1.1\nnote: this is usually due to a compilation error in the crate,\n      and is unlikely to be a bug in cargo-semver-checks\nnote: the following command can be used to reproduce the compilation error:\n      cargo new --lib example &&\n          cd example &&\n          echo '[workspace]' >> Cargo.toml &&\n          cargo add --path /home/runner/check/batch_5/arceos-org/axdriver_crates/axdriver_block --features bcm2835-sdhci,default,ramdisk &&\n          cargo check\n\nerror: aborting due to failure to build rustdoc for crate axdriver_block v0.1.1\n","// pkg_name=axdriver_block, checker=SemverChecks\n// toolchain=nightly-2024-12-25-x86_64-unknown-linux-gnu, target=aarch64-unknown-none\n// pkg_dir=/home/runner/check/batch_5/arceos-org/axdriver_crates/axdriver_block\n// cmd=cargo +nightly-2024-12-25-x86_64-unknown-linux-gnu semver-checks --target aarch64-unknown-none\n// timestamp=2024-12-27 3:09:07.065129579 +08:00:00\n    Building axdriver_block v0.1.1 (current)\nerror: running cargo-doc on crate 'axdriver_block' failed with output:\n-----\nerror: output of --print=file-names missing when learning about target-specific information from rustc\ncommand was: `/home/runner/.rustup/toolchains/nightly-2024-12-25-x86_64-unknown-linux-gnu/bin/rustc - --crate-name ___ --print=file-names --cap-lints=allow --target aarch64-unknown-none --crate-type bin --crate-type rlib --crate-type dylib --crate-type cdylib --crate-type staticlib --crate-type proc-macro --print=sysroot --print=split-debuginfo --print=crate-name --print=cfg`\n\n--- stdout\n___\nlib___.rlib\nlib___.a\n/home/runner/.rustup/toolchains/nightly-2024-12-25-x86_64-unknown-linux-gnu\noff\n___\ndebug_assertions\nfmt_debug=\"full\"\noverflow_checks\npanic=\"abort\"\nproc_macro\nrelocation_model=\"static\"\ntarget_abi=\"\"\ntarget_arch=\"aarch64\"\ntarget_endian=\"little\"\ntarget_env=\"\"\ntarget_feature=\"neon\"\ntarget_has_atomic\ntarget_has_atomic=\"128\"\ntarget_has_atomic=\"16\"\ntarget_has_atomic=\"32\"\ntarget_has_atomic=\"64\"\ntarget_has_atomic=\"8\"\ntarget_has_atomic=\"ptr\"\ntarget_has_atomic_equal_alignment=\"128\"\ntarget_has_atomic_equal_alignment=\"16\"\ntarget_has_atomic_equal_alignment=\"32\"\ntarget_has_atomic_equal_alignment=\"64\"\ntarget_has_atomic_equal_alignment=\"8\"\ntarget_has_atomic_equal_alignment=\"ptr\"\ntarget_has_atomic_load_store\ntarget_has_atomic_load_store=\"128\"\ntarget_has_atomic_load_store=\"16\"\ntarget_has_atomic_load_store=\"32\"\ntarget_has_atomic_load_store=\"64\"\ntarget_has_atomic_load_store=\"8\"\ntarget_has_atomic_load_store=\"ptr\"\ntarget_os=\"none\"\ntarget_pointer_width=\"64\"\ntarget_vendor=\"unknown\"\nub_checks\n\n\n-----\n\nerror: failed to build rustdoc for crate axdriver_block v0.1.1\nnote: this is usually due to a compilation error in the crate,\n      and is unlikely to be a bug in cargo-semver-checks\nnote: the following command can be used to reproduce the compilation error:\n      cargo new --lib example &&\n          cd example &&\n          echo '[workspace]' >> Cargo.toml &&\n          cargo add --path /home/runner/check/batch_5/arceos-org/axdriver_crates/axdriver_block --features bcm2835-sdhci,default,ramdisk &&\n          cargo check\n\nerror: aborting due to failure to build rustdoc for crate axdriver_block v0.1.1\n","// pkg_name=axdriver_block, checker=SemverChecks\n// toolchain=nightly-2024-12-25-x86_64-unknown-linux-gnu, target=riscv64gc-unknown-none-elf\n// pkg_dir=/home/runner/check/batch_5/arceos-org/axdriver_crates/axdriver_block\n// cmd=cargo +nightly-2024-12-25-x86_64-unknown-linux-gnu semver-checks --target riscv64gc-unknown-none-elf\n// timestamp=2024-12-27 3:09:06.814666188 +08:00:00\n    Building axdriver_block v0.1.1 (current)\nerror: running cargo-doc on crate 'axdriver_block' failed with output:\n-----\nerror: output of --print=file-names missing when learning about target-specific information from rustc\ncommand was: `/home/runner/.rustup/toolchains/nightly-2024-12-25-x86_64-unknown-linux-gnu/bin/rustc - --crate-name ___ --print=file-names --cap-lints=allow --target riscv64gc-unknown-none-elf --crate-type bin --crate-type rlib --crate-type dylib --crate-type cdylib --crate-type staticlib --crate-type proc-macro --print=sysroot --print=split-debuginfo --print=crate-name --print=cfg`\n\n--- stdout\n___\nlib___.rlib\nlib___.a\n/home/runner/.rustup/toolchains/nightly-2024-12-25-x86_64-unknown-linux-gnu\noff\n___\ndebug_assertions\nfmt_debug=\"full\"\noverflow_checks\npanic=\"abort\"\nproc_macro\nrelocation_model=\"static\"\ntarget_abi=\"\"\ntarget_arch=\"riscv64\"\ntarget_endian=\"little\"\ntarget_env=\"\"\ntarget_feature=\"a\"\ntarget_feature=\"c\"\ntarget_feature=\"d\"\ntarget_feature=\"f\"\ntarget_feature=\"m\"\ntarget_has_atomic\ntarget_has_atomic=\"16\"\ntarget_has_atomic=\"32\"\ntarget_has_atomic=\"64\"\ntarget_has_atomic=\"8\"\ntarget_has_atomic=\"ptr\"\ntarget_has_atomic_equal_alignment=\"16\"\ntarget_has_atomic_equal_alignment=\"32\"\ntarget_has_atomic_equal_alignment=\"64\"\ntarget_has_atomic_equal_alignment=\"8\"\ntarget_has_atomic_equal_alignment=\"ptr\"\ntarget_has_atomic_load_store\ntarget_has_atomic_load_store=\"16\"\ntarget_has_atomic_load_store=\"32\"\ntarget_has_atomic_load_store=\"64\"\ntarget_has_atomic_load_store=\"8\"\ntarget_has_atomic_load_store=\"ptr\"\ntarget_os=\"none\"\ntarget_pointer_width=\"64\"\ntarget_vendor=\"unknown\"\nub_checks\n\n\n-----\n\nerror: failed to build rustdoc for crate axdriver_block v0.1.1\nnote: this is usually due to a compilation error in the crate,\n      and is unlikely to be a bug in cargo-semver-checks\nnote: the following command can be used to reproduce the compilation error:\n      cargo new --lib example &&\n          cd example &&\n          echo '[workspace]' >> Cargo.toml &&\n          cargo add --path /home/runner/check/batch_5/arceos-org/axdriver_crates/axdriver_block --features bcm2835-sdhci,default,ramdisk &&\n          cargo check\n\nerror: aborting due to failure to build rustdoc for crate axdriver_block v0.1.1\n"]}},{"file":"[lockbud] Not supported to display yet.","count":4,"kinds":{"Lockbud(Possibly)":["[2024-12-26T19:09:24Z WARN  lockbud::callbacks] [\n      {\n        \"AtomicityViolation\": {\n          \"bug_kind\": \"AtomicityViolation\",\n          \"possibility\": \"Possibly\",\n          \"diagnosis\": {\n            \"fn_name\": \"set_logger_racy\",\n            \"atomic_reader\": \"/home/runner/.cargo/registry/src/index.crates.io-6f17d22bba15001f/log-0.4.22/src/lib.rs:1447:11: 1447:40 (#0)\",\n            \"atomic_writer\": \"/home/runner/.cargo/registry/src/index.crates.io-6f17d22bba15001f/log-0.4.22/src/lib.rs:1450:13: 1450:56 (#0)\",\n            \"dep_kind\": \"Control\"\n          },\n          \"explanation\": \"atomic::store is data/control dependent on atomic::load\"\n        }\n      }\n    ]\n[2024-12-26T19:09:24Z WARN  lockbud::callbacks] crate log contains bugs: { probably: 0, possibly: 0 }, conflictlock: { probably: 0, possibly: 0 }, condvar_deadlock: { probably: 0, possibly: 0 }, atomicity_violation: { possibly: 1 }, invalid_free: { possibly: 0 }, use_after_free: { possibly: 0 }","[2024-12-26T19:09:25Z WARN  lockbud::callbacks] [\n      {\n        \"AtomicityViolation\": {\n          \"bug_kind\": \"AtomicityViolation\",\n          \"possibility\": \"Possibly\",\n          \"diagnosis\": {\n            \"fn_name\": \"set_logger_racy\",\n            \"atomic_reader\": \"/home/runner/.cargo/registry/src/index.crates.io-6f17d22bba15001f/log-0.4.22/src/lib.rs:1447:11: 1447:40 (#0)\",\n            \"atomic_writer\": \"/home/runner/.cargo/registry/src/index.crates.io-6f17d22bba15001f/log-0.4.22/src/lib.rs:1450:13: 1450:56 (#0)\",\n            \"dep_kind\": \"Control\"\n          },\n          \"explanation\": \"atomic::store is data/control dependent on atomic::load\"\n        }\n      }\n    ]\n[2024-12-26T19:09:25Z WARN  lockbud::callbacks] crate log contains bugs: { probably: 0, possibly: 0 }, conflictlock: { probably: 0, possibly: 0 }, condvar_deadlock: { probably: 0, possibly: 0 }, atomicity_violation: { possibly: 1 }, invalid_free: { possibly: 0 }, use_after_free: { possibly: 0 }","[2024-12-26T19:09:24Z WARN  lockbud::callbacks] [\n      {\n        \"AtomicityViolation\": {\n          \"bug_kind\": \"AtomicityViolation\",\n          \"possibility\": \"Possibly\",\n          \"diagnosis\": {\n            \"fn_name\": \"set_logger_racy\",\n            \"atomic_reader\": \"/home/runner/.cargo/registry/src/index.crates.io-6f17d22bba15001f/log-0.4.22/src/lib.rs:1447:11: 1447:40 (#0)\",\n            \"atomic_writer\": \"/home/runner/.cargo/registry/src/index.crates.io-6f17d22bba15001f/log-0.4.22/src/lib.rs:1450:13: 1450:56 (#0)\",\n            \"dep_kind\": \"Control\"\n          },\n          \"explanation\": \"atomic::store is data/control dependent on atomic::load\"\n        }\n      }\n    ]\n[2024-12-26T19:09:24Z WARN  lockbud::callbacks] crate log contains bugs: { probably: 0, possibly: 0 }, conflictlock: { probably: 0, possibly: 0 }, condvar_deadlock: { probably: 0, possibly: 0 }, atomicity_violation: { possibly: 1 }, invalid_free: { possibly: 0 }, use_after_free: { possibly: 0 }","[2024-12-26T19:09:24Z WARN  lockbud::callbacks] [\n      {\n        \"AtomicityViolation\": {\n          \"bug_kind\": \"AtomicityViolation\",\n          \"possibility\": \"Possibly\",\n          \"diagnosis\": {\n            \"fn_name\": \"set_logger_racy\",\n            \"atomic_reader\": \"/home/runner/.cargo/registry/src/index.crates.io-6f17d22bba15001f/log-0.4.22/src/lib.rs:1447:11: 1447:40 (#0)\",\n            \"atomic_writer\": \"/home/runner/.cargo/registry/src/index.crates.io-6f17d22bba15001f/log-0.4.22/src/lib.rs:1450:13: 1450:56 (#0)\",\n            \"dep_kind\": \"Control\"\n          },\n          \"explanation\": \"atomic::store is data/control dependent on atomic::load\"\n        }\n      }\n    ]\n[2024-12-26T19:09:24Z WARN  lockbud::callbacks] crate log contains bugs: { probably: 0, possibly: 0 }, conflictlock: { probably: 0, possibly: 0 }, condvar_deadlock: { probably: 0, possibly: 0 }, atomicity_violation: { possibly: 1 }, invalid_free: { possibly: 0 }, use_after_free: { possibly: 0 }"]}},{"file":"[semver checks]","count":4,"kinds":{"Semver Violation":["pkg=axdriver_block, checker=SemverChecks\ntoolchain=nightly-2024-12-25-x86_64-unknown-linux-gnu, target=riscv64gc-unknown-none-elf\npkg_dir=/home/runner/check/batch_5/arceos-org/axdriver_crates/axdriver_block\ncmd=cargo +nightly-2024-12-25-x86_64-unknown-linux-gnu semver-checks --target riscv64gc-unknown-none-elf\n\n\nstdout:\n\nstderr:\n    Building axdriver_block v0.1.1 (current)\nerror: running cargo-doc on crate 'axdriver_block' failed with output:\n-----\nerror: output of --print=file-names missing when learning about target-specific information from rustc\ncommand was: `/home/runner/.rustup/toolchains/nightly-2024-12-25-x86_64-unknown-linux-gnu/bin/rustc - --crate-name ___ --print=file-names --cap-lints=allow --target riscv64gc-unknown-none-elf --crate-type bin --crate-type rlib --crate-type dylib --crate-type cdylib --crate-type staticlib --crate-type proc-macro --print=sysroot --print=split-debuginfo --print=crate-name --print=cfg`\n\n--- stdout\n___\nlib___.rlib\nlib___.a\n/home/runner/.rustup/toolchains/nightly-2024-12-25-x86_64-unknown-linux-gnu\noff\n___\ndebug_assertions\nfmt_debug=\"full\"\noverflow_checks\npanic=\"abort\"\nproc_macro\nrelocation_model=\"static\"\ntarget_abi=\"\"\ntarget_arch=\"riscv64\"\ntarget_endian=\"little\"\ntarget_env=\"\"\ntarget_feature=\"a\"\ntarget_feature=\"c\"\ntarget_feature=\"d\"\ntarget_feature=\"f\"\ntarget_feature=\"m\"\ntarget_has_atomic\ntarget_has_atomic=\"16\"\ntarget_has_atomic=\"32\"\ntarget_has_atomic=\"64\"\ntarget_has_atomic=\"8\"\ntarget_has_atomic=\"ptr\"\ntarget_has_atomic_equal_alignment=\"16\"\ntarget_has_atomic_equal_alignment=\"32\"\ntarget_has_atomic_equal_alignment=\"64\"\ntarget_has_atomic_equal_alignment=\"8\"\ntarget_has_atomic_equal_alignment=\"ptr\"\ntarget_has_atomic_load_store\ntarget_has_atomic_load_store=\"16\"\ntarget_has_atomic_load_store=\"32\"\ntarget_has_atomic_load_store=\"64\"\ntarget_has_atomic_load_store=\"8\"\ntarget_has_atomic_load_store=\"ptr\"\ntarget_os=\"none\"\ntarget_pointer_width=\"64\"\ntarget_vendor=\"unknown\"\nub_checks\n\n\n-----\n\nerror: failed to build rustdoc for crate axdriver_block v0.1.1\nnote: this is usually due to a compilation error in the crate,\n      and is unlikely to be a bug in cargo-semver-checks\nnote: the following command can be used to reproduce the compilation error:\n      cargo new --lib example &&\n          cd example &&\n          echo '[workspace]' >> Cargo.toml &&\n          cargo add --path /home/runner/check/batch_5/arceos-org/axdriver_crates/axdriver_block --features bcm2835-sdhci,default,ramdisk &&\n          cargo check\n\nerror: aborting due to failure to build rustdoc for crate axdriver_block v0.1.1\n","pkg=axdriver_block, checker=SemverChecks\ntoolchain=nightly-2024-12-25-x86_64-unknown-linux-gnu, target=x86_64-unknown-linux-gnu\npkg_dir=/home/runner/check/batch_5/arceos-org/axdriver_crates/axdriver_block\ncmd=cargo +nightly-2024-12-25-x86_64-unknown-linux-gnu semver-checks --target x86_64-unknown-linux-gnu\n\n\nstdout:\n\nstderr:\n    Building axdriver_block v0.1.1 (current)\n       Built [   1.704s] (current)\n     Parsing axdriver_block v0.1.1 (current)\n      Parsed [   0.002s] (current)\nerror: axdriver_block not found in registry (crates.io). For workarounds check https://github.com/obi1kenobi/cargo-semver-checks#does-the-crate-im-checking-have-to-be-published-on-cratesio\n","pkg=axdriver_block, checker=SemverChecks\ntoolchain=nightly-2024-12-25-x86_64-unknown-linux-gnu, target=x86_64-unknown-none\npkg_dir=/home/runner/check/batch_5/arceos-org/axdriver_crates/axdriver_block\ncmd=cargo +nightly-2024-12-25-x86_64-unknown-linux-gnu semver-checks --target x86_64-unknown-none\n\n\nstdout:\n\nstderr:\n    Building axdriver_block v0.1.1 (current)\nerror: running cargo-doc on crate 'axdriver_block' failed with output:\n-----\nerror: output of --print=file-names missing when learning about target-specific information from rustc\ncommand was: `/home/runner/.rustup/toolchains/nightly-2024-12-25-x86_64-unknown-linux-gnu/bin/rustc - --crate-name ___ --print=file-names --cap-lints=allow --target x86_64-unknown-none --crate-type bin --crate-type rlib --crate-type dylib --crate-type cdylib --crate-type staticlib --crate-type proc-macro --print=sysroot --print=split-debuginfo --print=crate-name --print=cfg`\n\n--- stdout\n___\nlib___.rlib\nlib___.a\n/home/runner/.rustup/toolchains/nightly-2024-12-25-x86_64-unknown-linux-gnu\noff\n___\ndebug_assertions\nfmt_debug=\"full\"\noverflow_checks\npanic=\"abort\"\nproc_macro\nrelocation_model=\"pic\"\ntarget_abi=\"\"\ntarget_arch=\"x86_64\"\ntarget_endian=\"little\"\ntarget_env=\"\"\ntarget_feature=\"fxsr\"\ntarget_feature=\"x87\"\ntarget_has_atomic\ntarget_has_atomic=\"16\"\ntarget_has_atomic=\"32\"\ntarget_has_atomic=\"64\"\ntarget_has_atomic=\"8\"\ntarget_has_atomic=\"ptr\"\ntarget_has_atomic_equal_alignment=\"16\"\ntarget_has_atomic_equal_alignment=\"32\"\ntarget_has_atomic_equal_alignment=\"64\"\ntarget_has_atomic_equal_alignment=\"8\"\ntarget_has_atomic_equal_alignment=\"ptr\"\ntarget_has_atomic_load_store\ntarget_has_atomic_load_store=\"16\"\ntarget_has_atomic_load_store=\"32\"\ntarget_has_atomic_load_store=\"64\"\ntarget_has_atomic_load_store=\"8\"\ntarget_has_atomic_load_store=\"ptr\"\ntarget_os=\"none\"\ntarget_pointer_width=\"64\"\ntarget_vendor=\"unknown\"\nub_checks\n\n\n-----\n\nerror: failed to build rustdoc for crate axdriver_block v0.1.1\nnote: this is usually due to a compilation error in the crate,\n      and is unlikely to be a bug in cargo-semver-checks\nnote: the following command can be used to reproduce the compilation error:\n      cargo new --lib example &&\n          cd example &&\n          echo '[workspace]' >> Cargo.toml &&\n          cargo add --path /home/runner/check/batch_5/arceos-org/axdriver_crates/axdriver_block --features bcm2835-sdhci,default,ramdisk &&\n          cargo check\n\nerror: aborting due to failure to build rustdoc for crate axdriver_block v0.1.1\n","pkg=axdriver_block, checker=SemverChecks\ntoolchain=nightly-2024-12-25-x86_64-unknown-linux-gnu, target=aarch64-unknown-none\npkg_dir=/home/runner/check/batch_5/arceos-org/axdriver_crates/axdriver_block\ncmd=cargo +nightly-2024-12-25-x86_64-unknown-linux-gnu semver-checks --target aarch64-unknown-none\n\n\nstdout:\n\nstderr:\n    Building axdriver_block v0.1.1 (current)\nerror: running cargo-doc on crate 'axdriver_block' failed with output:\n-----\nerror: output of --print=file-names missing when learning about target-specific information from rustc\ncommand was: `/home/runner/.rustup/toolchains/nightly-2024-12-25-x86_64-unknown-linux-gnu/bin/rustc - --crate-name ___ --print=file-names --cap-lints=allow --target aarch64-unknown-none --crate-type bin --crate-type rlib --crate-type dylib --crate-type cdylib --crate-type staticlib --crate-type proc-macro --print=sysroot --print=split-debuginfo --print=crate-name --print=cfg`\n\n--- stdout\n___\nlib___.rlib\nlib___.a\n/home/runner/.rustup/toolchains/nightly-2024-12-25-x86_64-unknown-linux-gnu\noff\n___\ndebug_assertions\nfmt_debug=\"full\"\noverflow_checks\npanic=\"abort\"\nproc_macro\nrelocation_model=\"static\"\ntarget_abi=\"\"\ntarget_arch=\"aarch64\"\ntarget_endian=\"little\"\ntarget_env=\"\"\ntarget_feature=\"neon\"\ntarget_has_atomic\ntarget_has_atomic=\"128\"\ntarget_has_atomic=\"16\"\ntarget_has_atomic=\"32\"\ntarget_has_atomic=\"64\"\ntarget_has_atomic=\"8\"\ntarget_has_atomic=\"ptr\"\ntarget_has_atomic_equal_alignment=\"128\"\ntarget_has_atomic_equal_alignment=\"16\"\ntarget_has_atomic_equal_alignment=\"32\"\ntarget_has_atomic_equal_alignment=\"64\"\ntarget_has_atomic_equal_alignment=\"8\"\ntarget_has_atomic_equal_alignment=\"ptr\"\ntarget_has_atomic_load_store\ntarget_has_atomic_load_store=\"128\"\ntarget_has_atomic_load_store=\"16\"\ntarget_has_atomic_load_store=\"32\"\ntarget_has_atomic_load_store=\"64\"\ntarget_has_atomic_load_store=\"8\"\ntarget_has_atomic_load_store=\"ptr\"\ntarget_os=\"none\"\ntarget_pointer_width=\"64\"\ntarget_vendor=\"unknown\"\nub_checks\n\n\n-----\n\nerror: failed to build rustdoc for crate axdriver_block v0.1.1\nnote: this is usually due to a compilation error in the crate,\n      and is unlikely to be a bug in cargo-semver-checks\nnote: the following command can be used to reproduce the compilation error:\n      cargo new --lib example &&\n          cd example &&\n          echo '[workspace]' >> Cargo.toml &&\n          cargo add --path /home/runner/check/batch_5/arceos-org/axdriver_crates/axdriver_block --features bcm2835-sdhci,default,ramdisk &&\n          cargo check\n\nerror: aborting due to failure to build rustdoc for crate axdriver_block v0.1.1\n"]}},{"file":"(virtual) rap","count":3,"kinds":{"Cargo":["// pkg_name=axdriver_block, checker=Rap\n// toolchain=nightly-2024-12-25-x86_64-unknown-linux-gnu, target=aarch64-unknown-none\n// pkg_dir=/home/runner/check/batch_5/arceos-org/axdriver_crates/axdriver_block\n// cmd=cargo +nightly-2024-10-12 rap -F -M -- --target aarch64-unknown-none\n// timestamp=2024-12-27 3:09:40.899423034 +08:00:00\n    Checking axdriver_base v0.1.1 (/home/runner/check/batch_5/arceos-org/axdriver_crates/axdriver_base)\n    Checking log v0.4.22\nerror[E0463]: can't find crate for `core`\n  |\n  = note: the `aarch64-unknown-none` target may not be installed\n  = help: consider downloading the target with `rustup target add aarch64-unknown-none`\n  = help: consider building the standard library from source with `cargo build -Zbuild-std`\n\nFor more information about this error, try `rustc --explain E0463`.\nerror: could not compile `axdriver_base` (lib) due to 1 previous error\nwarning: build failed, waiting for other jobs to finish...\nerror: could not compile `log` (lib) due to 1 previous error\n19:09:41|RAP|ERROR|: Finished with non-zero exit code.\n","// pkg_name=axdriver_block, checker=Rap\n// toolchain=nightly-2024-12-25-x86_64-unknown-linux-gnu, target=x86_64-unknown-none\n// pkg_dir=/home/runner/check/batch_5/arceos-org/axdriver_crates/axdriver_block\n// cmd=cargo +nightly-2024-10-12 rap -F -M -- --target x86_64-unknown-none\n// timestamp=2024-12-27 3:09:41.329469289 +08:00:00\n    Checking log v0.4.22\n    Checking axdriver_base v0.1.1 (/home/runner/check/batch_5/arceos-org/axdriver_crates/axdriver_base)\nerror[E0463]: can't find crate for `core`\n  |\n  = note: the `x86_64-unknown-none` target may not be installed\n  = help: consider downloading the target with `rustup target add x86_64-unknown-none`\n  = help: consider building the standard library from source with `cargo build -Zbuild-std`\n\nFor more information about this error, try `rustc --explain E0463`.\nerror: could not compile `axdriver_base` (lib) due to 1 previous error\nwarning: build failed, waiting for other jobs to finish...\nerror: could not compile `log` (lib) due to 1 previous error\n19:09:41|RAP|ERROR|: Finished with non-zero exit code.\n","// pkg_name=axdriver_block, checker=Rap\n// toolchain=nightly-2024-12-25-x86_64-unknown-linux-gnu, target=riscv64gc-unknown-none-elf\n// pkg_dir=/home/runner/check/batch_5/arceos-org/axdriver_crates/axdriver_block\n// cmd=cargo +nightly-2024-10-12 rap -F -M -- --target riscv64gc-unknown-none-elf\n// timestamp=2024-12-27 3:09:41.749816103 +08:00:00\n    Checking axdriver_base v0.1.1 (/home/runner/check/batch_5/arceos-org/axdriver_crates/axdriver_base)\n    Checking log v0.4.22\nerror[E0463]: can't find crate for `core`\n  |\n  = note: the `riscv64gc-unknown-none-elf` target may not be installed\n  = help: consider downloading the target with `rustup target add riscv64gc-unknown-none-elf`\n  = help: consider building the standard library from source with `cargo build -Zbuild-std`\n\nFor more information about this error, try `rustc --explain E0463`.\nerror: could not compile `axdriver_base` (lib) due to 1 previous error\nwarning: build failed, waiting for other jobs to finish...\nerror: could not compile `log` (lib) due to 1 previous error\n19:09:42|RAP|ERROR|: Finished with non-zero exit code.\n"]}}]},{"user":"arceos-org","repo":"axdriver_crates","pkg":"axdriver_base","count":11,"raw_reports":[{"file":"(virtual) semver-checks","count":4,"kinds":{"Cargo":["// pkg_name=axdriver_base, checker=SemverChecks\n// toolchain=nightly-2024-12-25-x86_64-unknown-linux-gnu, target=x86_64-unknown-linux-gnu\n// pkg_dir=/home/runner/check/batch_5/arceos-org/axdriver_crates/axdriver_base\n// cmd=cargo +nightly-2024-12-25-x86_64-unknown-linux-gnu semver-checks --target x86_64-unknown-linux-gnu\n// timestamp=2024-12-27 3:09:03.340376569 +08:00:00\n    Building axdriver_base v0.1.1 (current)\n       Built [   0.239s] (current)\n     Parsing axdriver_base v0.1.1 (current)\n      Parsed [   0.001s] (current)\nerror: axdriver_base not found in registry (crates.io). For workarounds check https://github.com/obi1kenobi/cargo-semver-checks#does-the-crate-im-checking-have-to-be-published-on-cratesio\n","// pkg_name=axdriver_base, checker=SemverChecks\n// toolchain=nightly-2024-12-25-x86_64-unknown-linux-gnu, target=x86_64-unknown-none\n// pkg_dir=/home/runner/check/batch_5/arceos-org/axdriver_crates/axdriver_base\n// cmd=cargo +nightly-2024-12-25-x86_64-unknown-linux-gnu semver-checks --target x86_64-unknown-none\n// timestamp=2024-12-27 3:09:03.862592676 +08:00:00\n    Building axdriver_base v0.1.1 (current)\nerror: running cargo-doc on crate 'axdriver_base' failed with output:\n-----\nerror: output of --print=file-names missing when learning about target-specific information from rustc\ncommand was: `/home/runner/.rustup/toolchains/nightly-2024-12-25-x86_64-unknown-linux-gnu/bin/rustc - --crate-name ___ --print=file-names --cap-lints=allow --target x86_64-unknown-none --crate-type bin --crate-type rlib --crate-type dylib --crate-type cdylib --crate-type staticlib --crate-type proc-macro --print=sysroot --print=split-debuginfo --print=crate-name --print=cfg`\n\n--- stdout\n___\nlib___.rlib\nlib___.a\n/home/runner/.rustup/toolchains/nightly-2024-12-25-x86_64-unknown-linux-gnu\noff\n___\ndebug_assertions\nfmt_debug=\"full\"\noverflow_checks\npanic=\"abort\"\nproc_macro\nrelocation_model=\"pic\"\ntarget_abi=\"\"\ntarget_arch=\"x86_64\"\ntarget_endian=\"little\"\ntarget_env=\"\"\ntarget_feature=\"fxsr\"\ntarget_feature=\"x87\"\ntarget_has_atomic\ntarget_has_atomic=\"16\"\ntarget_has_atomic=\"32\"\ntarget_has_atomic=\"64\"\ntarget_has_atomic=\"8\"\ntarget_has_atomic=\"ptr\"\ntarget_has_atomic_equal_alignment=\"16\"\ntarget_has_atomic_equal_alignment=\"32\"\ntarget_has_atomic_equal_alignment=\"64\"\ntarget_has_atomic_equal_alignment=\"8\"\ntarget_has_atomic_equal_alignment=\"ptr\"\ntarget_has_atomic_load_store\ntarget_has_atomic_load_store=\"16\"\ntarget_has_atomic_load_store=\"32\"\ntarget_has_atomic_load_store=\"64\"\ntarget_has_atomic_load_store=\"8\"\ntarget_has_atomic_load_store=\"ptr\"\ntarget_os=\"none\"\ntarget_pointer_width=\"64\"\ntarget_vendor=\"unknown\"\nub_checks\n\n\n-----\n\nerror: failed to build rustdoc for crate axdriver_base v0.1.1\nnote: this is usually due to a compilation error in the crate,\n      and is unlikely to be a bug in cargo-semver-checks\nnote: the following command can be used to reproduce the compilation error:\n      cargo new --lib example &&\n          cd example &&\n          echo '[workspace]' >> Cargo.toml &&\n          cargo add --path /home/runner/check/batch_5/arceos-org/axdriver_crates/axdriver_base &&\n          cargo check\n\nerror: aborting due to failure to build rustdoc for crate axdriver_base v0.1.1\n","// pkg_name=axdriver_base, checker=SemverChecks\n// toolchain=nightly-2024-12-25-x86_64-unknown-linux-gnu, target=aarch64-unknown-none\n// pkg_dir=/home/runner/check/batch_5/arceos-org/axdriver_crates/axdriver_base\n// cmd=cargo +nightly-2024-12-25-x86_64-unknown-linux-gnu semver-checks --target aarch64-unknown-none\n// timestamp=2024-12-27 3:09:04.312226789 +08:00:00\n    Building axdriver_base v0.1.1 (current)\nerror: running cargo-doc on crate 'axdriver_base' failed with output:\n-----\nerror: output of --print=file-names missing when learning about target-specific information from rustc\ncommand was: `/home/runner/.rustup/toolchains/nightly-2024-12-25-x86_64-unknown-linux-gnu/bin/rustc - --crate-name ___ --print=file-names --cap-lints=allow --target aarch64-unknown-none --crate-type bin --crate-type rlib --crate-type dylib --crate-type cdylib --crate-type staticlib --crate-type proc-macro --print=sysroot --print=split-debuginfo --print=crate-name --print=cfg`\n\n--- stdout\n___\nlib___.rlib\nlib___.a\n/home/runner/.rustup/toolchains/nightly-2024-12-25-x86_64-unknown-linux-gnu\noff\n___\ndebug_assertions\nfmt_debug=\"full\"\noverflow_checks\npanic=\"abort\"\nproc_macro\nrelocation_model=\"static\"\ntarget_abi=\"\"\ntarget_arch=\"aarch64\"\ntarget_endian=\"little\"\ntarget_env=\"\"\ntarget_feature=\"neon\"\ntarget_has_atomic\ntarget_has_atomic=\"128\"\ntarget_has_atomic=\"16\"\ntarget_has_atomic=\"32\"\ntarget_has_atomic=\"64\"\ntarget_has_atomic=\"8\"\ntarget_has_atomic=\"ptr\"\ntarget_has_atomic_equal_alignment=\"128\"\ntarget_has_atomic_equal_alignment=\"16\"\ntarget_has_atomic_equal_alignment=\"32\"\ntarget_has_atomic_equal_alignment=\"64\"\ntarget_has_atomic_equal_alignment=\"8\"\ntarget_has_atomic_equal_alignment=\"ptr\"\ntarget_has_atomic_load_store\ntarget_has_atomic_load_store=\"128\"\ntarget_has_atomic_load_store=\"16\"\ntarget_has_atomic_load_store=\"32\"\ntarget_has_atomic_load_store=\"64\"\ntarget_has_atomic_load_store=\"8\"\ntarget_has_atomic_load_store=\"ptr\"\ntarget_os=\"none\"\ntarget_pointer_width=\"64\"\ntarget_vendor=\"unknown\"\nub_checks\n\n\n-----\n\nerror: failed to build rustdoc for crate axdriver_base v0.1.1\nnote: this is usually due to a compilation error in the crate,\n      and is unlikely to be a bug in cargo-semver-checks\nnote: the following command can be used to reproduce the compilation error:\n      cargo new --lib example &&\n          cd example &&\n          echo '[workspace]' >> Cargo.toml &&\n          cargo add --path /home/runner/check/batch_5/arceos-org/axdriver_crates/axdriver_base &&\n          cargo check\n\nerror: aborting due to failure to build rustdoc for crate axdriver_base v0.1.1\n","// pkg_name=axdriver_base, checker=SemverChecks\n// toolchain=nightly-2024-12-25-x86_64-unknown-linux-gnu, target=riscv64gc-unknown-none-elf\n// pkg_dir=/home/runner/check/batch_5/arceos-org/axdriver_crates/axdriver_base\n// cmd=cargo +nightly-2024-12-25-x86_64-unknown-linux-gnu semver-checks --target riscv64gc-unknown-none-elf\n// timestamp=2024-12-27 3:09:04.089020092 +08:00:00\n    Building axdriver_base v0.1.1 (current)\nerror: running cargo-doc on crate 'axdriver_base' failed with output:\n-----\nerror: output of --print=file-names missing when learning about target-specific information from rustc\ncommand was: `/home/runner/.rustup/toolchains/nightly-2024-12-25-x86_64-unknown-linux-gnu/bin/rustc - --crate-name ___ --print=file-names --cap-lints=allow --target riscv64gc-unknown-none-elf --crate-type bin --crate-type rlib --crate-type dylib --crate-type cdylib --crate-type staticlib --crate-type proc-macro --print=sysroot --print=split-debuginfo --print=crate-name --print=cfg`\n\n--- stdout\n___\nlib___.rlib\nlib___.a\n/home/runner/.rustup/toolchains/nightly-2024-12-25-x86_64-unknown-linux-gnu\noff\n___\ndebug_assertions\nfmt_debug=\"full\"\noverflow_checks\npanic=\"abort\"\nproc_macro\nrelocation_model=\"static\"\ntarget_abi=\"\"\ntarget_arch=\"riscv64\"\ntarget_endian=\"little\"\ntarget_env=\"\"\ntarget_feature=\"a\"\ntarget_feature=\"c\"\ntarget_feature=\"d\"\ntarget_feature=\"f\"\ntarget_feature=\"m\"\ntarget_has_atomic\ntarget_has_atomic=\"16\"\ntarget_has_atomic=\"32\"\ntarget_has_atomic=\"64\"\ntarget_has_atomic=\"8\"\ntarget_has_atomic=\"ptr\"\ntarget_has_atomic_equal_alignment=\"16\"\ntarget_has_atomic_equal_alignment=\"32\"\ntarget_has_atomic_equal_alignment=\"64\"\ntarget_has_atomic_equal_alignment=\"8\"\ntarget_has_atomic_equal_alignment=\"ptr\"\ntarget_has_atomic_load_store\ntarget_has_atomic_load_store=\"16\"\ntarget_has_atomic_load_store=\"32\"\ntarget_has_atomic_load_store=\"64\"\ntarget_has_atomic_load_store=\"8\"\ntarget_has_atomic_load_store=\"ptr\"\ntarget_os=\"none\"\ntarget_pointer_width=\"64\"\ntarget_vendor=\"unknown\"\nub_checks\n\n\n-----\n\nerror: failed to build rustdoc for crate axdriver_base v0.1.1\nnote: this is usually due to a compilation error in the crate,\n      and is unlikely to be a bug in cargo-semver-checks\nnote: the following command can be used to reproduce the compilation error:\n      cargo new --lib example &&\n          cd example &&\n          echo '[workspace]' >> Cargo.toml &&\n          cargo add --path /home/runner/check/batch_5/arceos-org/axdriver_crates/axdriver_base &&\n          cargo check\n\nerror: aborting due to failure to build rustdoc for crate axdriver_base v0.1.1\n"]}},{"file":"[semver checks]","count":4,"kinds":{"Semver Violation":["pkg=axdriver_base, checker=SemverChecks\ntoolchain=nightly-2024-12-25-x86_64-unknown-linux-gnu, target=riscv64gc-unknown-none-elf\npkg_dir=/home/runner/check/batch_5/arceos-org/axdriver_crates/axdriver_base\ncmd=cargo +nightly-2024-12-25-x86_64-unknown-linux-gnu semver-checks --target riscv64gc-unknown-none-elf\n\n\nstdout:\n\nstderr:\n    Building axdriver_base v0.1.1 (current)\nerror: running cargo-doc on crate 'axdriver_base' failed with output:\n-----\nerror: output of --print=file-names missing when learning about target-specific information from rustc\ncommand was: `/home/runner/.rustup/toolchains/nightly-2024-12-25-x86_64-unknown-linux-gnu/bin/rustc - --crate-name ___ --print=file-names --cap-lints=allow --target riscv64gc-unknown-none-elf --crate-type bin --crate-type rlib --crate-type dylib --crate-type cdylib --crate-type staticlib --crate-type proc-macro --print=sysroot --print=split-debuginfo --print=crate-name --print=cfg`\n\n--- stdout\n___\nlib___.rlib\nlib___.a\n/home/runner/.rustup/toolchains/nightly-2024-12-25-x86_64-unknown-linux-gnu\noff\n___\ndebug_assertions\nfmt_debug=\"full\"\noverflow_checks\npanic=\"abort\"\nproc_macro\nrelocation_model=\"static\"\ntarget_abi=\"\"\ntarget_arch=\"riscv64\"\ntarget_endian=\"little\"\ntarget_env=\"\"\ntarget_feature=\"a\"\ntarget_feature=\"c\"\ntarget_feature=\"d\"\ntarget_feature=\"f\"\ntarget_feature=\"m\"\ntarget_has_atomic\ntarget_has_atomic=\"16\"\ntarget_has_atomic=\"32\"\ntarget_has_atomic=\"64\"\ntarget_has_atomic=\"8\"\ntarget_has_atomic=\"ptr\"\ntarget_has_atomic_equal_alignment=\"16\"\ntarget_has_atomic_equal_alignment=\"32\"\ntarget_has_atomic_equal_alignment=\"64\"\ntarget_has_atomic_equal_alignment=\"8\"\ntarget_has_atomic_equal_alignment=\"ptr\"\ntarget_has_atomic_load_store\ntarget_has_atomic_load_store=\"16\"\ntarget_has_atomic_load_store=\"32\"\ntarget_has_atomic_load_store=\"64\"\ntarget_has_atomic_load_store=\"8\"\ntarget_has_atomic_load_store=\"ptr\"\ntarget_os=\"none\"\ntarget_pointer_width=\"64\"\ntarget_vendor=\"unknown\"\nub_checks\n\n\n-----\n\nerror: failed to build rustdoc for crate axdriver_base v0.1.1\nnote: this is usually due to a compilation error in the crate,\n      and is unlikely to be a bug in cargo-semver-checks\nnote: the following command can be used to reproduce the compilation error:\n      cargo new --lib example &&\n          cd example &&\n          echo '[workspace]' >> Cargo.toml &&\n          cargo add --path /home/runner/check/batch_5/arceos-org/axdriver_crates/axdriver_base &&\n          cargo check\n\nerror: aborting due to failure to build rustdoc for crate axdriver_base v0.1.1\n","pkg=axdriver_base, checker=SemverChecks\ntoolchain=nightly-2024-12-25-x86_64-unknown-linux-gnu, target=x86_64-unknown-linux-gnu\npkg_dir=/home/runner/check/batch_5/arceos-org/axdriver_crates/axdriver_base\ncmd=cargo +nightly-2024-12-25-x86_64-unknown-linux-gnu semver-checks --target x86_64-unknown-linux-gnu\n\n\nstdout:\n\nstderr:\n    Building axdriver_base v0.1.1 (current)\n       Built [   0.239s] (current)\n     Parsing axdriver_base v0.1.1 (current)\n      Parsed [   0.001s] (current)\nerror: axdriver_base not found in registry (crates.io). For workarounds check https://github.com/obi1kenobi/cargo-semver-checks#does-the-crate-im-checking-have-to-be-published-on-cratesio\n","pkg=axdriver_base, checker=SemverChecks\ntoolchain=nightly-2024-12-25-x86_64-unknown-linux-gnu, target=x86_64-unknown-none\npkg_dir=/home/runner/check/batch_5/arceos-org/axdriver_crates/axdriver_base\ncmd=cargo +nightly-2024-12-25-x86_64-unknown-linux-gnu semver-checks --target x86_64-unknown-none\n\n\nstdout:\n\nstderr:\n    Building axdriver_base v0.1.1 (current)\nerror: running cargo-doc on crate 'axdriver_base' failed with output:\n-----\nerror: output of --print=file-names missing when learning about target-specific information from rustc\ncommand was: `/home/runner/.rustup/toolchains/nightly-2024-12-25-x86_64-unknown-linux-gnu/bin/rustc - --crate-name ___ --print=file-names --cap-lints=allow --target x86_64-unknown-none --crate-type bin --crate-type rlib --crate-type dylib --crate-type cdylib --crate-type staticlib --crate-type proc-macro --print=sysroot --print=split-debuginfo --print=crate-name --print=cfg`\n\n--- stdout\n___\nlib___.rlib\nlib___.a\n/home/runner/.rustup/toolchains/nightly-2024-12-25-x86_64-unknown-linux-gnu\noff\n___\ndebug_assertions\nfmt_debug=\"full\"\noverflow_checks\npanic=\"abort\"\nproc_macro\nrelocation_model=\"pic\"\ntarget_abi=\"\"\ntarget_arch=\"x86_64\"\ntarget_endian=\"little\"\ntarget_env=\"\"\ntarget_feature=\"fxsr\"\ntarget_feature=\"x87\"\ntarget_has_atomic\ntarget_has_atomic=\"16\"\ntarget_has_atomic=\"32\"\ntarget_has_atomic=\"64\"\ntarget_has_atomic=\"8\"\ntarget_has_atomic=\"ptr\"\ntarget_has_atomic_equal_alignment=\"16\"\ntarget_has_atomic_equal_alignment=\"32\"\ntarget_has_atomic_equal_alignment=\"64\"\ntarget_has_atomic_equal_alignment=\"8\"\ntarget_has_atomic_equal_alignment=\"ptr\"\ntarget_has_atomic_load_store\ntarget_has_atomic_load_store=\"16\"\ntarget_has_atomic_load_store=\"32\"\ntarget_has_atomic_load_store=\"64\"\ntarget_has_atomic_load_store=\"8\"\ntarget_has_atomic_load_store=\"ptr\"\ntarget_os=\"none\"\ntarget_pointer_width=\"64\"\ntarget_vendor=\"unknown\"\nub_checks\n\n\n-----\n\nerror: failed to build rustdoc for crate axdriver_base v0.1.1\nnote: this is usually due to a compilation error in the crate,\n      and is unlikely to be a bug in cargo-semver-checks\nnote: the following command can be used to reproduce the compilation error:\n      cargo new --lib example &&\n          cd example &&\n          echo '[workspace]' >> Cargo.toml &&\n          cargo add --path /home/runner/check/batch_5/arceos-org/axdriver_crates/axdriver_base &&\n          cargo check\n\nerror: aborting due to failure to build rustdoc for crate axdriver_base v0.1.1\n","pkg=axdriver_base, checker=SemverChecks\ntoolchain=nightly-2024-12-25-x86_64-unknown-linux-gnu, target=aarch64-unknown-none\npkg_dir=/home/runner/check/batch_5/arceos-org/axdriver_crates/axdriver_base\ncmd=cargo +nightly-2024-12-25-x86_64-unknown-linux-gnu semver-checks --target aarch64-unknown-none\n\n\nstdout:\n\nstderr:\n    Building axdriver_base v0.1.1 (current)\nerror: running cargo-doc on crate 'axdriver_base' failed with output:\n-----\nerror: output of --print=file-names missing when learning about target-specific information from rustc\ncommand was: `/home/runner/.rustup/toolchains/nightly-2024-12-25-x86_64-unknown-linux-gnu/bin/rustc - --crate-name ___ --print=file-names --cap-lints=allow --target aarch64-unknown-none --crate-type bin --crate-type rlib --crate-type dylib --crate-type cdylib --crate-type staticlib --crate-type proc-macro --print=sysroot --print=split-debuginfo --print=crate-name --print=cfg`\n\n--- stdout\n___\nlib___.rlib\nlib___.a\n/home/runner/.rustup/toolchains/nightly-2024-12-25-x86_64-unknown-linux-gnu\noff\n___\ndebug_assertions\nfmt_debug=\"full\"\noverflow_checks\npanic=\"abort\"\nproc_macro\nrelocation_model=\"static\"\ntarget_abi=\"\"\ntarget_arch=\"aarch64\"\ntarget_endian=\"little\"\ntarget_env=\"\"\ntarget_feature=\"neon\"\ntarget_has_atomic\ntarget_has_atomic=\"128\"\ntarget_has_atomic=\"16\"\ntarget_has_atomic=\"32\"\ntarget_has_atomic=\"64\"\ntarget_has_atomic=\"8\"\ntarget_has_atomic=\"ptr\"\ntarget_has_atomic_equal_alignment=\"128\"\ntarget_has_atomic_equal_alignment=\"16\"\ntarget_has_atomic_equal_alignment=\"32\"\ntarget_has_atomic_equal_alignment=\"64\"\ntarget_has_atomic_equal_alignment=\"8\"\ntarget_has_atomic_equal_alignment=\"ptr\"\ntarget_has_atomic_load_store\ntarget_has_atomic_load_store=\"128\"\ntarget_has_atomic_load_store=\"16\"\ntarget_has_atomic_load_store=\"32\"\ntarget_has_atomic_load_store=\"64\"\ntarget_has_atomic_load_store=\"8\"\ntarget_has_atomic_load_store=\"ptr\"\ntarget_os=\"none\"\ntarget_pointer_width=\"64\"\ntarget_vendor=\"unknown\"\nub_checks\n\n\n-----\n\nerror: failed to build rustdoc for crate axdriver_base v0.1.1\nnote: this is usually due to a compilation error in the crate,\n      and is unlikely to be a bug in cargo-semver-checks\nnote: the following command can be used to reproduce the compilation error:\n      cargo new --lib example &&\n          cd example &&\n          echo '[workspace]' >> Cargo.toml &&\n          cargo add --path /home/runner/check/batch_5/arceos-org/axdriver_crates/axdriver_base &&\n          cargo check\n\nerror: aborting due to failure to build rustdoc for crate axdriver_base v0.1.1\n"]}},{"file":"(virtual) rap","count":3,"kinds":{"Cargo":["// pkg_name=axdriver_base, checker=Rap\n// toolchain=nightly-2024-12-25-x86_64-unknown-linux-gnu, target=aarch64-unknown-none\n// pkg_dir=/home/runner/check/batch_5/arceos-org/axdriver_crates/axdriver_base\n// cmd=cargo +nightly-2024-10-12 rap -F -M -- --target aarch64-unknown-none\n// timestamp=2024-12-27 3:09:39.285883295 +08:00:00\n    Checking axdriver_base v0.1.1 (/home/runner/check/batch_5/arceos-org/axdriver_crates/axdriver_base)\nerror[E0463]: can't find crate for `core`\n  |\n  = note: the `aarch64-unknown-none` target may not be installed\n  = help: consider downloading the target with `rustup target add aarch64-unknown-none`\n  = help: consider building the standard library from source with `cargo build -Zbuild-std`\n\nFor more information about this error, try `rustc --explain E0463`.\nerror: could not compile `axdriver_base` (lib) due to 1 previous error\n19:09:39|RAP|ERROR|: Finished with non-zero exit code.\n","// pkg_name=axdriver_base, checker=Rap\n// toolchain=nightly-2024-12-25-x86_64-unknown-linux-gnu, target=x86_64-unknown-none\n// pkg_dir=/home/runner/check/batch_5/arceos-org/axdriver_crates/axdriver_base\n// cmd=cargo +nightly-2024-10-12 rap -F -M -- --target x86_64-unknown-none\n// timestamp=2024-12-27 3:09:39.672773211 +08:00:00\n    Checking axdriver_base v0.1.1 (/home/runner/check/batch_5/arceos-org/axdriver_crates/axdriver_base)\nerror[E0463]: can't find crate for `core`\n  |\n  = note: the `x86_64-unknown-none` target may not be installed\n  = help: consider downloading the target with `rustup target add x86_64-unknown-none`\n  = help: consider building the standard library from source with `cargo build -Zbuild-std`\n\nFor more information about this error, try `rustc --explain E0463`.\nerror: could not compile `axdriver_base` (lib) due to 1 previous error\n19:09:40|RAP|ERROR|: Finished with non-zero exit code.\n","// pkg_name=axdriver_base, checker=Rap\n// toolchain=nightly-2024-12-25-x86_64-unknown-linux-gnu, target=riscv64gc-unknown-none-elf\n// pkg_dir=/home/runner/check/batch_5/arceos-org/axdriver_crates/axdriver_base\n// cmd=cargo +nightly-2024-10-12 rap -F -M -- --target riscv64gc-unknown-none-elf\n// timestamp=2024-12-27 3:09:40.058208184 +08:00:00\n    Checking axdriver_base v0.1.1 (/home/runner/check/batch_5/arceos-org/axdriver_crates/axdriver_base)\nerror[E0463]: can't find crate for `core`\n  |\n  = note: the `riscv64gc-unknown-none-elf` target may not be installed\n  = help: consider downloading the target with `rustup target add riscv64gc-unknown-none-elf`\n  = help: consider building the standard library from source with `cargo build -Zbuild-std`\n\nFor more information about this error, try `rustc --explain E0463`.\nerror: could not compile `axdriver_base` (lib) due to 1 previous error\n19:09:40|RAP|ERROR|: Finished with non-zero exit code.\n"]}}]},{"user":"arceos-org","repo":"axdriver_crates","pkg":"axdriver_display","count":11,"raw_reports":[{"file":"(virtual) semver-checks","count":4,"kinds":{"Cargo":["// pkg_name=axdriver_display, checker=SemverChecks\n// toolchain=nightly-2024-12-25-x86_64-unknown-linux-gnu, target=aarch64-unknown-none\n// pkg_dir=/home/runner/check/batch_5/arceos-org/axdriver_crates/axdriver_display\n// cmd=cargo +nightly-2024-12-25-x86_64-unknown-linux-gnu semver-checks --target aarch64-unknown-none\n// timestamp=2024-12-27 3:09:07.315357402 +08:00:00\n    Building axdriver_display v0.1.1 (current)\nerror: running cargo-doc on crate 'axdriver_display' failed with output:\n-----\nerror: output of --print=file-names missing when learning about target-specific information from rustc\ncommand was: `/home/runner/.rustup/toolchains/nightly-2024-12-25-x86_64-unknown-linux-gnu/bin/rustc - --crate-name ___ --print=file-names --cap-lints=allow --target aarch64-unknown-none --crate-type bin --crate-type rlib --crate-type dylib --crate-type cdylib --crate-type staticlib --crate-type proc-macro --print=sysroot --print=split-debuginfo --print=crate-name --print=cfg`\n\n--- stdout\n___\nlib___.rlib\nlib___.a\n/home/runner/.rustup/toolchains/nightly-2024-12-25-x86_64-unknown-linux-gnu\noff\n___\ndebug_assertions\nfmt_debug=\"full\"\noverflow_checks\npanic=\"abort\"\nproc_macro\nrelocation_model=\"static\"\ntarget_abi=\"\"\ntarget_arch=\"aarch64\"\ntarget_endian=\"little\"\ntarget_env=\"\"\ntarget_feature=\"neon\"\ntarget_has_atomic\ntarget_has_atomic=\"128\"\ntarget_has_atomic=\"16\"\ntarget_has_atomic=\"32\"\ntarget_has_atomic=\"64\"\ntarget_has_atomic=\"8\"\ntarget_has_atomic=\"ptr\"\ntarget_has_atomic_equal_alignment=\"128\"\ntarget_has_atomic_equal_alignment=\"16\"\ntarget_has_atomic_equal_alignment=\"32\"\ntarget_has_atomic_equal_alignment=\"64\"\ntarget_has_atomic_equal_alignment=\"8\"\ntarget_has_atomic_equal_alignment=\"ptr\"\ntarget_has_atomic_load_store\ntarget_has_atomic_load_store=\"128\"\ntarget_has_atomic_load_store=\"16\"\ntarget_has_atomic_load_store=\"32\"\ntarget_has_atomic_load_store=\"64\"\ntarget_has_atomic_load_store=\"8\"\ntarget_has_atomic_load_store=\"ptr\"\ntarget_os=\"none\"\ntarget_pointer_width=\"64\"\ntarget_vendor=\"unknown\"\nub_checks\n\n\n-----\n\nerror: failed to build rustdoc for crate axdriver_display v0.1.1\nnote: this is usually due to a compilation error in the crate,\n      and is unlikely to be a bug in cargo-semver-checks\nnote: the following command can be used to reproduce the compilation error:\n      cargo new --lib example &&\n          cd example &&\n          echo '[workspace]' >> Cargo.toml &&\n          cargo add --path /home/runner/check/batch_5/arceos-org/axdriver_crates/axdriver_display &&\n          cargo check\n\nerror: aborting due to failure to build rustdoc for crate axdriver_display v0.1.1\n","// pkg_name=axdriver_display, checker=SemverChecks\n// toolchain=nightly-2024-12-25-x86_64-unknown-linux-gnu, target=riscv64gc-unknown-none-elf\n// pkg_dir=/home/runner/check/batch_5/arceos-org/axdriver_crates/axdriver_display\n// cmd=cargo +nightly-2024-12-25-x86_64-unknown-linux-gnu semver-checks --target riscv64gc-unknown-none-elf\n// timestamp=2024-12-27 3:09:07.880300778 +08:00:00\n    Building axdriver_display v0.1.1 (current)\nerror: running cargo-doc on crate 'axdriver_display' failed with output:\n-----\nerror: output of --print=file-names missing when learning about target-specific information from rustc\ncommand was: `/home/runner/.rustup/toolchains/nightly-2024-12-25-x86_64-unknown-linux-gnu/bin/rustc - --crate-name ___ --print=file-names --cap-lints=allow --target riscv64gc-unknown-none-elf --crate-type bin --crate-type rlib --crate-type dylib --crate-type cdylib --crate-type staticlib --crate-type proc-macro --print=sysroot --print=split-debuginfo --print=crate-name --print=cfg`\n\n--- stdout\n___\nlib___.rlib\nlib___.a\n/home/runner/.rustup/toolchains/nightly-2024-12-25-x86_64-unknown-linux-gnu\noff\n___\ndebug_assertions\nfmt_debug=\"full\"\noverflow_checks\npanic=\"abort\"\nproc_macro\nrelocation_model=\"static\"\ntarget_abi=\"\"\ntarget_arch=\"riscv64\"\ntarget_endian=\"little\"\ntarget_env=\"\"\ntarget_feature=\"a\"\ntarget_feature=\"c\"\ntarget_feature=\"d\"\ntarget_feature=\"f\"\ntarget_feature=\"m\"\ntarget_has_atomic\ntarget_has_atomic=\"16\"\ntarget_has_atomic=\"32\"\ntarget_has_atomic=\"64\"\ntarget_has_atomic=\"8\"\ntarget_has_atomic=\"ptr\"\ntarget_has_atomic_equal_alignment=\"16\"\ntarget_has_atomic_equal_alignment=\"32\"\ntarget_has_atomic_equal_alignment=\"64\"\ntarget_has_atomic_equal_alignment=\"8\"\ntarget_has_atomic_equal_alignment=\"ptr\"\ntarget_has_atomic_load_store\ntarget_has_atomic_load_store=\"16\"\ntarget_has_atomic_load_store=\"32\"\ntarget_has_atomic_load_store=\"64\"\ntarget_has_atomic_load_store=\"8\"\ntarget_has_atomic_load_store=\"ptr\"\ntarget_os=\"none\"\ntarget_pointer_width=\"64\"\ntarget_vendor=\"unknown\"\nub_checks\n\n\n-----\n\nerror: failed to build rustdoc for crate axdriver_display v0.1.1\nnote: this is usually due to a compilation error in the crate,\n      and is unlikely to be a bug in cargo-semver-checks\nnote: the following command can be used to reproduce the compilation error:\n      cargo new --lib example &&\n          cd example &&\n          echo '[workspace]' >> Cargo.toml &&\n          cargo add --path /home/runner/check/batch_5/arceos-org/axdriver_crates/axdriver_display &&\n          cargo check\n\nerror: aborting due to failure to build rustdoc for crate axdriver_display v0.1.1\n","// pkg_name=axdriver_display, checker=SemverChecks\n// toolchain=nightly-2024-12-25-x86_64-unknown-linux-gnu, target=x86_64-unknown-none\n// pkg_dir=/home/runner/check/batch_5/arceos-org/axdriver_crates/axdriver_display\n// cmd=cargo +nightly-2024-12-25-x86_64-unknown-linux-gnu semver-checks --target x86_64-unknown-none\n// timestamp=2024-12-27 3:09:07.596718925 +08:00:00\n    Building axdriver_display v0.1.1 (current)\nerror: running cargo-doc on crate 'axdriver_display' failed with output:\n-----\nerror: output of --print=file-names missing when learning about target-specific information from rustc\ncommand was: `/home/runner/.rustup/toolchains/nightly-2024-12-25-x86_64-unknown-linux-gnu/bin/rustc - --crate-name ___ --print=file-names --cap-lints=allow --target x86_64-unknown-none --crate-type bin --crate-type rlib --crate-type dylib --crate-type cdylib --crate-type staticlib --crate-type proc-macro --print=sysroot --print=split-debuginfo --print=crate-name --print=cfg`\n\n--- stdout\n___\nlib___.rlib\nlib___.a\n/home/runner/.rustup/toolchains/nightly-2024-12-25-x86_64-unknown-linux-gnu\noff\n___\ndebug_assertions\nfmt_debug=\"full\"\noverflow_checks\npanic=\"abort\"\nproc_macro\nrelocation_model=\"pic\"\ntarget_abi=\"\"\ntarget_arch=\"x86_64\"\ntarget_endian=\"little\"\ntarget_env=\"\"\ntarget_feature=\"fxsr\"\ntarget_feature=\"x87\"\ntarget_has_atomic\ntarget_has_atomic=\"16\"\ntarget_has_atomic=\"32\"\ntarget_has_atomic=\"64\"\ntarget_has_atomic=\"8\"\ntarget_has_atomic=\"ptr\"\ntarget_has_atomic_equal_alignment=\"16\"\ntarget_has_atomic_equal_alignment=\"32\"\ntarget_has_atomic_equal_alignment=\"64\"\ntarget_has_atomic_equal_alignment=\"8\"\ntarget_has_atomic_equal_alignment=\"ptr\"\ntarget_has_atomic_load_store\ntarget_has_atomic_load_store=\"16\"\ntarget_has_atomic_load_store=\"32\"\ntarget_has_atomic_load_store=\"64\"\ntarget_has_atomic_load_store=\"8\"\ntarget_has_atomic_load_store=\"ptr\"\ntarget_os=\"none\"\ntarget_pointer_width=\"64\"\ntarget_vendor=\"unknown\"\nub_checks\n\n\n-----\n\nerror: failed to build rustdoc for crate axdriver_display v0.1.1\nnote: this is usually due to a compilation error in the crate,\n      and is unlikely to be a bug in cargo-semver-checks\nnote: the following command can be used to reproduce the compilation error:\n      cargo new --lib example &&\n          cd example &&\n          echo '[workspace]' >> Cargo.toml &&\n          cargo add --path /home/runner/check/batch_5/arceos-org/axdriver_crates/axdriver_display &&\n          cargo check\n\nerror: aborting due to failure to build rustdoc for crate axdriver_display v0.1.1\n","// pkg_name=axdriver_display, checker=SemverChecks\n// toolchain=nightly-2024-12-25-x86_64-unknown-linux-gnu, target=x86_64-unknown-linux-gnu\n// pkg_dir=/home/runner/check/batch_5/arceos-org/axdriver_crates/axdriver_display\n// cmd=cargo +nightly-2024-12-25-x86_64-unknown-linux-gnu semver-checks --target x86_64-unknown-linux-gnu\n// timestamp=2024-12-27 3:09:08.165067817 +08:00:00\n    Building axdriver_display v0.1.1 (current)\n       Built [   0.264s] (current)\n     Parsing axdriver_display v0.1.1 (current)\n      Parsed [   0.001s] (current)\nerror: axdriver_display not found in registry (crates.io). For workarounds check https://github.com/obi1kenobi/cargo-semver-checks#does-the-crate-im-checking-have-to-be-published-on-cratesio\n"]}},{"file":"[semver checks]","count":4,"kinds":{"Semver Violation":["pkg=axdriver_display, checker=SemverChecks\ntoolchain=nightly-2024-12-25-x86_64-unknown-linux-gnu, target=riscv64gc-unknown-none-elf\npkg_dir=/home/runner/check/batch_5/arceos-org/axdriver_crates/axdriver_display\ncmd=cargo +nightly-2024-12-25-x86_64-unknown-linux-gnu semver-checks --target riscv64gc-unknown-none-elf\n\n\nstdout:\n\nstderr:\n    Building axdriver_display v0.1.1 (current)\nerror: running cargo-doc on crate 'axdriver_display' failed with output:\n-----\nerror: output of --print=file-names missing when learning about target-specific information from rustc\ncommand was: `/home/runner/.rustup/toolchains/nightly-2024-12-25-x86_64-unknown-linux-gnu/bin/rustc - --crate-name ___ --print=file-names --cap-lints=allow --target riscv64gc-unknown-none-elf --crate-type bin --crate-type rlib --crate-type dylib --crate-type cdylib --crate-type staticlib --crate-type proc-macro --print=sysroot --print=split-debuginfo --print=crate-name --print=cfg`\n\n--- stdout\n___\nlib___.rlib\nlib___.a\n/home/runner/.rustup/toolchains/nightly-2024-12-25-x86_64-unknown-linux-gnu\noff\n___\ndebug_assertions\nfmt_debug=\"full\"\noverflow_checks\npanic=\"abort\"\nproc_macro\nrelocation_model=\"static\"\ntarget_abi=\"\"\ntarget_arch=\"riscv64\"\ntarget_endian=\"little\"\ntarget_env=\"\"\ntarget_feature=\"a\"\ntarget_feature=\"c\"\ntarget_feature=\"d\"\ntarget_feature=\"f\"\ntarget_feature=\"m\"\ntarget_has_atomic\ntarget_has_atomic=\"16\"\ntarget_has_atomic=\"32\"\ntarget_has_atomic=\"64\"\ntarget_has_atomic=\"8\"\ntarget_has_atomic=\"ptr\"\ntarget_has_atomic_equal_alignment=\"16\"\ntarget_has_atomic_equal_alignment=\"32\"\ntarget_has_atomic_equal_alignment=\"64\"\ntarget_has_atomic_equal_alignment=\"8\"\ntarget_has_atomic_equal_alignment=\"ptr\"\ntarget_has_atomic_load_store\ntarget_has_atomic_load_store=\"16\"\ntarget_has_atomic_load_store=\"32\"\ntarget_has_atomic_load_store=\"64\"\ntarget_has_atomic_load_store=\"8\"\ntarget_has_atomic_load_store=\"ptr\"\ntarget_os=\"none\"\ntarget_pointer_width=\"64\"\ntarget_vendor=\"unknown\"\nub_checks\n\n\n-----\n\nerror: failed to build rustdoc for crate axdriver_display v0.1.1\nnote: this is usually due to a compilation error in the crate,\n      and is unlikely to be a bug in cargo-semver-checks\nnote: the following command can be used to reproduce the compilation error:\n      cargo new --lib example &&\n          cd example &&\n          echo '[workspace]' >> Cargo.toml &&\n          cargo add --path /home/runner/check/batch_5/arceos-org/axdriver_crates/axdriver_display &&\n          cargo check\n\nerror: aborting due to failure to build rustdoc for crate axdriver_display v0.1.1\n","pkg=axdriver_display, checker=SemverChecks\ntoolchain=nightly-2024-12-25-x86_64-unknown-linux-gnu, target=aarch64-unknown-none\npkg_dir=/home/runner/check/batch_5/arceos-org/axdriver_crates/axdriver_display\ncmd=cargo +nightly-2024-12-25-x86_64-unknown-linux-gnu semver-checks --target aarch64-unknown-none\n\n\nstdout:\n\nstderr:\n    Building axdriver_display v0.1.1 (current)\nerror: running cargo-doc on crate 'axdriver_display' failed with output:\n-----\nerror: output of --print=file-names missing when learning about target-specific information from rustc\ncommand was: `/home/runner/.rustup/toolchains/nightly-2024-12-25-x86_64-unknown-linux-gnu/bin/rustc - --crate-name ___ --print=file-names --cap-lints=allow --target aarch64-unknown-none --crate-type bin --crate-type rlib --crate-type dylib --crate-type cdylib --crate-type staticlib --crate-type proc-macro --print=sysroot --print=split-debuginfo --print=crate-name --print=cfg`\n\n--- stdout\n___\nlib___.rlib\nlib___.a\n/home/runner/.rustup/toolchains/nightly-2024-12-25-x86_64-unknown-linux-gnu\noff\n___\ndebug_assertions\nfmt_debug=\"full\"\noverflow_checks\npanic=\"abort\"\nproc_macro\nrelocation_model=\"static\"\ntarget_abi=\"\"\ntarget_arch=\"aarch64\"\ntarget_endian=\"little\"\ntarget_env=\"\"\ntarget_feature=\"neon\"\ntarget_has_atomic\ntarget_has_atomic=\"128\"\ntarget_has_atomic=\"16\"\ntarget_has_atomic=\"32\"\ntarget_has_atomic=\"64\"\ntarget_has_atomic=\"8\"\ntarget_has_atomic=\"ptr\"\ntarget_has_atomic_equal_alignment=\"128\"\ntarget_has_atomic_equal_alignment=\"16\"\ntarget_has_atomic_equal_alignment=\"32\"\ntarget_has_atomic_equal_alignment=\"64\"\ntarget_has_atomic_equal_alignment=\"8\"\ntarget_has_atomic_equal_alignment=\"ptr\"\ntarget_has_atomic_load_store\ntarget_has_atomic_load_store=\"128\"\ntarget_has_atomic_load_store=\"16\"\ntarget_has_atomic_load_store=\"32\"\ntarget_has_atomic_load_store=\"64\"\ntarget_has_atomic_load_store=\"8\"\ntarget_has_atomic_load_store=\"ptr\"\ntarget_os=\"none\"\ntarget_pointer_width=\"64\"\ntarget_vendor=\"unknown\"\nub_checks\n\n\n-----\n\nerror: failed to build rustdoc for crate axdriver_display v0.1.1\nnote: this is usually due to a compilation error in the crate,\n      and is unlikely to be a bug in cargo-semver-checks\nnote: the following command can be used to reproduce the compilation error:\n      cargo new --lib example &&\n          cd example &&\n          echo '[workspace]' >> Cargo.toml &&\n          cargo add --path /home/runner/check/batch_5/arceos-org/axdriver_crates/axdriver_display &&\n          cargo check\n\nerror: aborting due to failure to build rustdoc for crate axdriver_display v0.1.1\n","pkg=axdriver_display, checker=SemverChecks\ntoolchain=nightly-2024-12-25-x86_64-unknown-linux-gnu, target=x86_64-unknown-none\npkg_dir=/home/runner/check/batch_5/arceos-org/axdriver_crates/axdriver_display\ncmd=cargo +nightly-2024-12-25-x86_64-unknown-linux-gnu semver-checks --target x86_64-unknown-none\n\n\nstdout:\n\nstderr:\n    Building axdriver_display v0.1.1 (current)\nerror: running cargo-doc on crate 'axdriver_display' failed with output:\n-----\nerror: output of --print=file-names missing when learning about target-specific information from rustc\ncommand was: `/home/runner/.rustup/toolchains/nightly-2024-12-25-x86_64-unknown-linux-gnu/bin/rustc - --crate-name ___ --print=file-names --cap-lints=allow --target x86_64-unknown-none --crate-type bin --crate-type rlib --crate-type dylib --crate-type cdylib --crate-type staticlib --crate-type proc-macro --print=sysroot --print=split-debuginfo --print=crate-name --print=cfg`\n\n--- stdout\n___\nlib___.rlib\nlib___.a\n/home/runner/.rustup/toolchains/nightly-2024-12-25-x86_64-unknown-linux-gnu\noff\n___\ndebug_assertions\nfmt_debug=\"full\"\noverflow_checks\npanic=\"abort\"\nproc_macro\nrelocation_model=\"pic\"\ntarget_abi=\"\"\ntarget_arch=\"x86_64\"\ntarget_endian=\"little\"\ntarget_env=\"\"\ntarget_feature=\"fxsr\"\ntarget_feature=\"x87\"\ntarget_has_atomic\ntarget_has_atomic=\"16\"\ntarget_has_atomic=\"32\"\ntarget_has_atomic=\"64\"\ntarget_has_atomic=\"8\"\ntarget_has_atomic=\"ptr\"\ntarget_has_atomic_equal_alignment=\"16\"\ntarget_has_atomic_equal_alignment=\"32\"\ntarget_has_atomic_equal_alignment=\"64\"\ntarget_has_atomic_equal_alignment=\"8\"\ntarget_has_atomic_equal_alignment=\"ptr\"\ntarget_has_atomic_load_store\ntarget_has_atomic_load_store=\"16\"\ntarget_has_atomic_load_store=\"32\"\ntarget_has_atomic_load_store=\"64\"\ntarget_has_atomic_load_store=\"8\"\ntarget_has_atomic_load_store=\"ptr\"\ntarget_os=\"none\"\ntarget_pointer_width=\"64\"\ntarget_vendor=\"unknown\"\nub_checks\n\n\n-----\n\nerror: failed to build rustdoc for crate axdriver_display v0.1.1\nnote: this is usually due to a compilation error in the crate,\n      and is unlikely to be a bug in cargo-semver-checks\nnote: the following command can be used to reproduce the compilation error:\n      cargo new --lib example &&\n          cd example &&\n          echo '[workspace]' >> Cargo.toml &&\n          cargo add --path /home/runner/check/batch_5/arceos-org/axdriver_crates/axdriver_display &&\n          cargo check\n\nerror: aborting due to failure to build rustdoc for crate axdriver_display v0.1.1\n","pkg=axdriver_display, checker=SemverChecks\ntoolchain=nightly-2024-12-25-x86_64-unknown-linux-gnu, target=x86_64-unknown-linux-gnu\npkg_dir=/home/runner/check/batch_5/arceos-org/axdriver_crates/axdriver_display\ncmd=cargo +nightly-2024-12-25-x86_64-unknown-linux-gnu semver-checks --target x86_64-unknown-linux-gnu\n\n\nstdout:\n\nstderr:\n    Building axdriver_display v0.1.1 (current)\n       Built [   0.264s] (current)\n     Parsing axdriver_display v0.1.1 (current)\n      Parsed [   0.001s] (current)\nerror: axdriver_display not found in registry (crates.io). For workarounds check https://github.com/obi1kenobi/cargo-semver-checks#does-the-crate-im-checking-have-to-be-published-on-cratesio\n"]}},{"file":"(virtual) rap","count":3,"kinds":{"Cargo":["// pkg_name=axdriver_display, checker=Rap\n// toolchain=nightly-2024-12-25-x86_64-unknown-linux-gnu, target=aarch64-unknown-none\n// pkg_dir=/home/runner/check/batch_5/arceos-org/axdriver_crates/axdriver_display\n// cmd=cargo +nightly-2024-10-12 rap -F -M -- --target aarch64-unknown-none\n// timestamp=2024-12-27 3:09:43.969749696 +08:00:00\n    Checking axdriver_base v0.1.1 (/home/runner/check/batch_5/arceos-org/axdriver_crates/axdriver_base)\nerror[E0463]: can't find crate for `core`\n  |\n  = note: the `aarch64-unknown-none` target may not be installed\n  = help: consider downloading the target with `rustup target add aarch64-unknown-none`\n  = help: consider building the standard library from source with `cargo build -Zbuild-std`\n\nFor more information about this error, try `rustc --explain E0463`.\nerror: could not compile `axdriver_base` (lib) due to 1 previous error\n19:09:44|RAP|ERROR|: Finished with non-zero exit code.\n","// pkg_name=axdriver_display, checker=Rap\n// toolchain=nightly-2024-12-25-x86_64-unknown-linux-gnu, target=riscv64gc-unknown-none-elf\n// pkg_dir=/home/runner/check/batch_5/arceos-org/axdriver_crates/axdriver_display\n// cmd=cargo +nightly-2024-10-12 rap -F -M -- --target riscv64gc-unknown-none-elf\n// timestamp=2024-12-27 3:09:43.587661423 +08:00:00\n    Checking axdriver_base v0.1.1 (/home/runner/check/batch_5/arceos-org/axdriver_crates/axdriver_base)\nerror[E0463]: can't find crate for `core`\n  |\n  = note: the `riscv64gc-unknown-none-elf` target may not be installed\n  = help: consider downloading the target with `rustup target add riscv64gc-unknown-none-elf`\n  = help: consider building the standard library from source with `cargo build -Zbuild-std`\n\nFor more information about this error, try `rustc --explain E0463`.\nerror: could not compile `axdriver_base` (lib) due to 1 previous error\n19:09:43|RAP|ERROR|: Finished with non-zero exit code.\n","// pkg_name=axdriver_display, checker=Rap\n// toolchain=nightly-2024-12-25-x86_64-unknown-linux-gnu, target=x86_64-unknown-none\n// pkg_dir=/home/runner/check/batch_5/arceos-org/axdriver_crates/axdriver_display\n// cmd=cargo +nightly-2024-10-12 rap -F -M -- --target x86_64-unknown-none\n// timestamp=2024-12-27 3:09:43.206116462 +08:00:00\n    Checking axdriver_base v0.1.1 (/home/runner/check/batch_5/arceos-org/axdriver_crates/axdriver_base)\nerror[E0463]: can't find crate for `core`\n  |\n  = note: the `x86_64-unknown-none` target may not be installed\n  = help: consider downloading the target with `rustup target add x86_64-unknown-none`\n  = help: consider building the standard library from source with `cargo build -Zbuild-std`\n\nFor more information about this error, try `rustc --explain E0463`.\nerror: could not compile `axdriver_base` (lib) due to 1 previous error\n19:09:43|RAP|ERROR|: Finished with non-zero exit code.\n"]}}]}],"kinds_order":["Cargo","Clippy(Error)","Clippy(Warn)","Semver Violation","Audit","Mirai","Rap","Rudra","Lockbud(Probably)","Lockbud(Possibly)","Outdated","Geiger","Unformatted"]}