{
  "repo": {
    "user": "drivercraft",
    "repo": "CrabUSB"
  },
  "data": [
    {
      "user": "drivercraft",
      "repo": "CrabUSB",
      "pkg": "test_libusb",
      "count": 117,
      "raw_reports": [
        {
          "file": "/home/runner/.cargo/registry/src/index.crates.io-1949cf8c6b5b557f/log-0.4.27/src/lib.rs",
          "features": "",
          "count": 94,
          "kinds": {
            "Clippy(Error)": [
              "error[E0463]: can't find crate for `std`\n  |\n  = note: the `aarch64-unknown-none-softfloat` target may not support the standard library\n  = note: `std` is required by `log` because it does not declare `#![no_std]`\n  = help: consider building the standard library from source with `cargo build -Zbuild-std`\n\n",
              "error[E0463]: can't find crate for `std`\n   --> /home/runner/.cargo/registry/src/index.crates.io-1949cf8c6b5b557f/log-0.4.27/src/lib.rs:395:5\n    |\n395 | use std::cfg;\n    |     ^^^ can't find crate\n    |\n    = note: the `aarch64-unknown-none-softfloat` target may not support the standard library\n    = help: consider building the standard library from source with `cargo build -Zbuild-std`\n\n",
              "error[E0463]: can't find crate for `std`\n   --> /home/runner/.cargo/registry/src/index.crates.io-1949cf8c6b5b557f/log-0.4.27/src/lib.rs:397:5\n    |\n397 | use std::error;\n    |     ^^^ can't find crate\n    |\n    = note: the `aarch64-unknown-none-softfloat` target may not support the standard library\n    = help: consider building the standard library from source with `cargo build -Zbuild-std`\n\n",
              "error[E0463]: can't find crate for `std`\n   --> /home/runner/.cargo/registry/src/index.crates.io-1949cf8c6b5b557f/log-0.4.27/src/lib.rs:398:5\n    |\n398 | use std::str::FromStr;\n    |     ^^^ can't find crate\n    |\n    = note: the `aarch64-unknown-none-softfloat` target may not support the standard library\n    = help: consider building the standard library from source with `cargo build -Zbuild-std`\n\n",
              "error[E0463]: can't find crate for `std`\n   --> /home/runner/.cargo/registry/src/index.crates.io-1949cf8c6b5b557f/log-0.4.27/src/lib.rs:399:5\n    |\n399 | use std::{cmp, fmt, mem};\n    |     ^^^ can't find crate\n    |\n    = note: the `aarch64-unknown-none-softfloat` target may not support the standard library\n    = help: consider building the standard library from source with `cargo build -Zbuild-std`\n\n",
              "error[E0463]: can't find crate for `std`\n   --> /home/runner/.cargo/registry/src/index.crates.io-1949cf8c6b5b557f/log-0.4.27/src/lib.rs:409:5\n    |\n409 | use std::sync::atomic::{AtomicUsize, Ordering};\n    |     ^^^ can't find crate\n    |\n    = note: the `aarch64-unknown-none-softfloat` target may not support the standard library\n    = help: consider building the standard library from source with `cargo build -Zbuild-std`\n\n",
              "error: cannot find attribute `derive` in this scope\n   --> /home/runner/.cargo/registry/src/index.crates.io-1949cf8c6b5b557f/log-0.4.27/src/lib.rs:485:3\n    |\n485 | #[derive(Clone, Copy, PartialEq, Eq, PartialOrd, Ord, Debug, Hash)]\n    |   ^^^^^^\n    |\nhelp: consider importing this attribute macro\n    |\n395 + use core::prelude::rust_2024::derive;\n    |\n\n",
              "error: cannot find attribute `derive` in this scope\n   --> /home/runner/.cargo/registry/src/index.crates.io-1949cf8c6b5b557f/log-0.4.27/src/lib.rs:605:3\n    |\n605 | #[derive(Clone, Copy, PartialEq, Eq, PartialOrd, Ord, Debug, Hash)]\n    |   ^^^^^^\n    |\nhelp: consider importing this attribute macro\n    |\n395 + use core::prelude::rust_2024::derive;\n    |\n\n",
              "error: cannot find attribute `derive` in this scope\n   --> /home/runner/.cargo/registry/src/index.crates.io-1949cf8c6b5b557f/log-0.4.27/src/lib.rs:705:3\n    |\n705 | #[derive(Copy, Clone, Eq, PartialEq, Ord, PartialOrd, Hash, Debug)]\n    |   ^^^^^^\n    |\nhelp: consider importing this attribute macro\n    |\n395 + use core::prelude::rust_2024::derive;\n    |\n\n",
              "error: cannot find attribute `derive` in this scope\n   --> /home/runner/.cargo/registry/src/index.crates.io-1949cf8c6b5b557f/log-0.4.27/src/lib.rs:766:3\n    |\n766 | #[derive(Clone, Debug)]\n    |   ^^^^^^\n    |\nhelp: consider importing this attribute macro\n    |\n395 + use core::prelude::rust_2024::derive;\n    |\n\n",
              "error: cannot find attribute `derive` in this scope\n   --> /home/runner/.cargo/registry/src/index.crates.io-1949cf8c6b5b557f/log-0.4.27/src/lib.rs:927:3\n    |\n927 | #[derive(Debug)]\n    |   ^^^^^^\n    |\nhelp: consider importing this attribute macro\n    |\n395 + use core::prelude::rust_2024::derive;\n    |\n\n",
              "error: cannot find macro `format_args` in this scope\n   --> /home/runner/.cargo/registry/src/index.crates.io-1949cf8c6b5b557f/log-0.4.27/src/lib.rs:949:23\n    |\n949 |                 args: format_args!(\"\"),\n    |                       ^^^^^^^^^^^\n    |\nhelp: consider importing this macro\n    |\n395 + use core::format_args;\n    |\n\n",
              "error: cannot find attribute `derive` in this scope\n    --> /home/runner/.cargo/registry/src/index.crates.io-1949cf8c6b5b557f/log-0.4.27/src/lib.rs:1082:3\n     |\n1082 | #[derive(Clone, Eq, PartialEq, Ord, PartialOrd, Hash, Debug)]\n     |   ^^^^^^\n     |\nhelp: consider importing this attribute macro\n     |\n 395 + use core::prelude::rust_2024::derive;\n     |\n\n",
              "error: cannot find attribute `derive` in this scope\n    --> /home/runner/.cargo/registry/src/index.crates.io-1949cf8c6b5b557f/log-0.4.27/src/lib.rs:1124:3\n     |\n1124 | #[derive(Eq, PartialEq, Ord, PartialOrd, Hash, Debug)]\n     |   ^^^^^^\n     |\nhelp: consider importing this attribute macro\n     |\n 395 + use core::prelude::rust_2024::derive;\n     |\n\n",
              "error: cannot find macro `unreachable` in this scope\n    --> /home/runner/.cargo/registry/src/index.crates.io-1949cf8c6b5b557f/log-0.4.27/src/lib.rs:1463:13\n     |\n1463 |             unreachable!(\"set_logger_racy must not be used with other initialization functions\")\n     |             ^^^^^^^^^^^\n     |\nhelp: consider importing this macro\n     |\n 395 + use core::unreachable;\n     |\n\n",
              "error: cannot find attribute `derive` in this scope\n    --> /home/runner/.cargo/registry/src/index.crates.io-1949cf8c6b5b557f/log-0.4.27/src/lib.rs:1473:3\n     |\n1473 | #[derive(Debug)]\n     |   ^^^^^^\n     |\nhelp: consider importing this attribute macro\n     |\n 395 + use core::prelude::rust_2024::derive;\n     |\n\n",
              "error: cannot find attribute `derive` in this scope\n    --> /home/runner/.cargo/registry/src/index.crates.io-1949cf8c6b5b557f/log-0.4.27/src/lib.rs:1490:3\n     |\n1490 | #[derive(Debug, PartialEq, Eq)]\n     |   ^^^^^^\n     |\nhelp: consider importing this attribute macro\n     |\n 395 + use core::prelude::rust_2024::derive;\n     |\n\n",
              "error[E0463]: can't find crate for `std`\n    --> /home/runner/.cargo/registry/src/index.crates.io-1949cf8c6b5b557f/log-0.4.27/src/lib.rs:1236:17\n     |\n1236 | impl<T> Log for std::boxed::Box<T>\n     |                 ^^^ can't find crate\n     |\n     = note: the `aarch64-unknown-none-softfloat` target may not support the standard library\n     = help: consider building the standard library from source with `cargo build -Zbuild-std`\n\n",
              "error[E0463]: can't find crate for `std`\n    --> /home/runner/.cargo/registry/src/index.crates.io-1949cf8c6b5b557f/log-0.4.27/src/lib.rs:1253:17\n     |\n1253 | impl<T> Log for std::sync::Arc<T>\n     |                 ^^^ can't find crate\n     |\n     = note: the `aarch64-unknown-none-softfloat` target may not support the standard library\n     = help: consider building the standard library from source with `cargo build -Zbuild-std`\n\n",
              "error[E0463]: can't find crate for `std`\n    --> /home/runner/.cargo/registry/src/index.crates.io-1949cf8c6b5b557f/log-0.4.27/src/lib.rs:1427:17\n     |\n1427 |                 std::hint::spin_loop();\n     |                 ^^^ can't find crate\n     |\n     = note: the `aarch64-unknown-none-softfloat` target may not support the standard library\n     = help: consider building the standard library from source with `cargo build -Zbuild-std`\n\n",
              "error[E0405]: cannot find trait `PartialEq` in this scope\n   --> /home/runner/.cargo/registry/src/index.crates.io-1949cf8c6b5b557f/log-0.4.27/src/lib.rs:512:6\n    |\n512 | impl PartialEq<LevelFilter> for Level {\n    |      ^^^^^^^^^ not found in this scope\n    |\nhelp: consider importing this trait\n    |\n395 + use core::cmp::PartialEq;\n    |\n\n",
              "error[E0405]: cannot find trait `PartialOrd` in this scope\n   --> /home/runner/.cargo/registry/src/index.crates.io-1949cf8c6b5b557f/log-0.4.27/src/lib.rs:519:6\n    |\n519 | impl PartialOrd<LevelFilter> for Level {\n    |      ^^^^^^^^^^ not found in this scope\n    |\nhelp: consider importing this trait\n    |\n395 + use core::cmp::PartialOrd;\n    |\n\n",
              "error[E0412]: cannot find type `Option` in this scope\n   --> /home/runner/.cargo/registry/src/index.crates.io-1949cf8c6b5b557f/log-0.4.27/src/lib.rs:521:51\n    |\n521 |     fn partial_cmp(&self, other: &LevelFilter) -> Option<cmp::Ordering> {\n    |                                                   ^^^^^^ not found in this scope\n    |\nhelp: consider importing this enum\n    |\n395 + use core::option::Option;\n    |\n\n",
              "error[E0425]: cannot find function, tuple struct or tuple variant `Some` in this scope\n   --> /home/runner/.cargo/registry/src/index.crates.io-1949cf8c6b5b557f/log-0.4.27/src/lib.rs:522:9\n    |\n522 |         Some((*self as usize).cmp(&(*other as usize)))\n    |         ^^^^ not found in this scope\n    |\nhelp: consider importing this tuple variant\n    |\n395 + use core::option::Option::Some;\n    |\n\n",
              "error[E0412]: cannot find type `Result` in this scope\n   --> /home/runner/.cargo/registry/src/index.crates.io-1949cf8c6b5b557f/log-0.4.27/src/lib.rs:528:33\n    |\n528 |     fn from_str(level: &str) -> Result<Level, Self::Err> {\n    |                                 ^^^^^^ not found in this scope\n    |\nhelp: consider importing one of these items\n    |\n395 + use core::fmt::Result;\n    |\n395 + use core::result::Result;\n    |\n\n",
              "error[E0412]: cannot find type `Option` in this scope\n   --> /home/runner/.cargo/registry/src/index.crates.io-1949cf8c6b5b557f/log-0.4.27/src/lib.rs:547:32\n    |\n547 |     fn from_usize(u: usize) -> Option<Level> {\n    |                                ^^^^^^ not found in this scope\n    |\nhelp: consider importing this enum\n    |\n395 + use core::option::Option;\n    |\n\n",
              "error[E0425]: cannot find function, tuple struct or tuple variant `Some` in this scope\n   --> /home/runner/.cargo/registry/src/index.crates.io-1949cf8c6b5b557f/log-0.4.27/src/lib.rs:549:18\n    |\n549 |             1 => Some(Level::Error),\n    |                  ^^^^ not found in this scope\n    |\nhelp: consider importing this tuple variant\n    |\n395 + use core::option::Option::Some;\n    |\n\n",
              "error[E0425]: cannot find function, tuple struct or tuple variant `Some` in this scope\n   --> /home/runner/.cargo/registry/src/index.crates.io-1949cf8c6b5b557f/log-0.4.27/src/lib.rs:550:18\n    |\n550 |             2 => Some(Level::Warn),\n    |                  ^^^^ not found in this scope\n    |\nhelp: consider importing this tuple variant\n    |\n395 + use core::option::Option::Some;\n    |\n\n",
              "error[E0425]: cannot find function, tuple struct or tuple variant `Some` in this scope\n   --> /home/runner/.cargo/registry/src/index.crates.io-1949cf8c6b5b557f/log-0.4.27/src/lib.rs:551:18\n    |\n551 |             3 => Some(Level::Info),\n    |                  ^^^^ not found in this scope\n    |\nhelp: consider importing this tuple variant\n    |\n395 + use core::option::Option::Some;\n    |\n\n",
              "error[E0425]: cannot find function, tuple struct or tuple variant `Some` in this scope\n   --> /home/runner/.cargo/registry/src/index.crates.io-1949cf8c6b5b557f/log-0.4.27/src/lib.rs:552:18\n    |\n552 |             4 => Some(Level::Debug),\n    |                  ^^^^ not found in this scope\n    |\nhelp: consider importing this tuple variant\n    |\n395 + use core::option::Option::Some;\n    |\n\n",
              "error[E0425]: cannot find function, tuple struct or tuple variant `Some` in this scope\n   --> /home/runner/.cargo/registry/src/index.crates.io-1949cf8c6b5b557f/log-0.4.27/src/lib.rs:553:18\n    |\n553 |             5 => Some(Level::Trace),\n    |                  ^^^^ not found in this scope\n    |\nhelp: consider importing this tuple variant\n    |\n395 + use core::option::Option::Some;\n    |\n\n",
              "error[E0425]: cannot find value `None` in this scope\n   --> /home/runner/.cargo/registry/src/index.crates.io-1949cf8c6b5b557f/log-0.4.27/src/lib.rs:554:18\n    |\n554 |             _ => None,\n    |                  ^^^^ not found in this scope\n    |\nhelp: consider importing this unit variant\n    |\n395 + use core::option::Option::None;\n    |\n\n",
              "error[E0405]: cannot find trait `Iterator` in this scope\n   --> /home/runner/.cargo/registry/src/index.crates.io-1949cf8c6b5b557f/log-0.4.27/src/lib.rs:591:27\n    |\n591 |     pub fn iter() -> impl Iterator<Item = Self> {\n    |                           ^^^^^^^^ not found in this scope\n    |\nhelp: consider importing this trait\n    |\n395 + use core::iter::Iterator;\n    |\n\n",
              "error[E0405]: cannot find trait `PartialEq` in this scope\n   --> /home/runner/.cargo/registry/src/index.crates.io-1949cf8c6b5b557f/log-0.4.27/src/lib.rs:621:6\n    |\n621 | impl PartialEq<Level> for LevelFilter {\n    |      ^^^^^^^^^ not found in this scope\n    |\nhelp: consider importing this trait\n    |\n395 + use core::cmp::PartialEq;\n    |\n\n",
              "error[E0405]: cannot find trait `PartialOrd` in this scope\n   --> /home/runner/.cargo/registry/src/index.crates.io-1949cf8c6b5b557f/log-0.4.27/src/lib.rs:628:6\n    |\n628 | impl PartialOrd<Level> for LevelFilter {\n    |      ^^^^^^^^^^ not found in this scope\n    |\nhelp: consider importing this trait\n    |\n395 + use core::cmp::PartialOrd;\n    |\n\n",
              "error[E0412]: cannot find type `Option` in this scope\n   --> /home/runner/.cargo/registry/src/index.crates.io-1949cf8c6b5b557f/log-0.4.27/src/lib.rs:630:45\n    |\n630 |     fn partial_cmp(&self, other: &Level) -> Option<cmp::Ordering> {\n    |                                             ^^^^^^ not found in this scope\n    |\nhelp: consider importing this enum\n    |\n395 + use core::option::Option;\n    |\n\n",
              "error[E0425]: cannot find function, tuple struct or tuple variant `Some` in this scope\n   --> /home/runner/.cargo/registry/src/index.crates.io-1949cf8c6b5b557f/log-0.4.27/src/lib.rs:631:9\n    |\n631 |         Some((*self as usize).cmp(&(*other as usize)))\n    |         ^^^^ not found in this scope\n    |\nhelp: consider importing this tuple variant\n    |\n395 + use core::option::Option::Some;\n    |\n\n",
              "error[E0412]: cannot find type `Result` in this scope\n   --> /home/runner/.cargo/registry/src/index.crates.io-1949cf8c6b5b557f/log-0.4.27/src/lib.rs:637:33\n    |\n637 |     fn from_str(level: &str) -> Result<LevelFilter, Self::Err> {\n    |                                 ^^^^^^ not found in this scope\n    |\nhelp: consider importing one of these items\n    |\n395 + use core::fmt::Result;\n    |\n395 + use core::result::Result;\n    |\n\n",
              "error[E0412]: cannot find type `Option` in this scope\n   --> /home/runner/.cargo/registry/src/index.crates.io-1949cf8c6b5b557f/log-0.4.27/src/lib.rs:653:32\n    |\n653 |     fn from_usize(u: usize) -> Option<LevelFilter> {\n    |                                ^^^^^^ not found in this scope\n    |\nhelp: consider importing this enum\n    |\n395 + use core::option::Option;\n    |\n\n",
              "error[E0425]: cannot find function, tuple struct or tuple variant `Some` in this scope\n   --> /home/runner/.cargo/registry/src/index.crates.io-1949cf8c6b5b557f/log-0.4.27/src/lib.rs:655:18\n    |\n655 |             0 => Some(LevelFilter::Off),\n    |                  ^^^^ not found in this scope\n    |\nhelp: consider importing this tuple variant\n    |\n395 + use core::option::Option::Some;\n    |\n\n",
              "error[E0425]: cannot find function, tuple struct or tuple variant `Some` in this scope\n   --> /home/runner/.cargo/registry/src/index.crates.io-1949cf8c6b5b557f/log-0.4.27/src/lib.rs:656:18\n    |\n656 |             1 => Some(LevelFilter::Error),\n    |                  ^^^^ not found in this scope\n    |\nhelp: consider importing this tuple variant\n    |\n395 + use core::option::Option::Some;\n    |\n\n",
              "error[E0425]: cannot find function, tuple struct or tuple variant `Some` in this scope\n   --> /home/runner/.cargo/registry/src/index.crates.io-1949cf8c6b5b557f/log-0.4.27/src/lib.rs:657:18\n    |\n657 |             2 => Some(LevelFilter::Warn),\n    |                  ^^^^ not found in this scope\n    |\nhelp: consider importing this tuple variant\n    |\n395 + use core::option::Option::Some;\n    |\n\n",
              "error[E0425]: cannot find function, tuple struct or tuple variant `Some` in this scope\n   --> /home/runner/.cargo/registry/src/index.crates.io-1949cf8c6b5b557f/log-0.4.27/src/lib.rs:658:18\n    |\n658 |             3 => Some(LevelFilter::Info),\n    |                  ^^^^ not found in this scope\n    |\nhelp: consider importing this tuple variant\n    |\n395 + use core::option::Option::Some;\n    |\n\n",
              "error[E0425]: cannot find function, tuple struct or tuple variant `Some` in this scope\n   --> /home/runner/.cargo/registry/src/index.crates.io-1949cf8c6b5b557f/log-0.4.27/src/lib.rs:659:18\n    |\n659 |             4 => Some(LevelFilter::Debug),\n    |                  ^^^^ not found in this scope\n    |\nhelp: consider importing this tuple variant\n    |\n395 + use core::option::Option::Some;\n    |\n\n",
              "error[E0425]: cannot find function, tuple struct or tuple variant `Some` in this scope\n   --> /home/runner/.cargo/registry/src/index.crates.io-1949cf8c6b5b557f/log-0.4.27/src/lib.rs:660:18\n    |\n660 |             5 => Some(LevelFilter::Trace),\n    |                  ^^^^ not found in this scope\n    |\nhelp: consider importing this tuple variant\n    |\n395 + use core::option::Option::Some;\n    |\n\n",
              "error[E0425]: cannot find value `None` in this scope\n   --> /home/runner/.cargo/registry/src/index.crates.io-1949cf8c6b5b557f/log-0.4.27/src/lib.rs:661:18\n    |\n661 |             _ => None,\n    |                  ^^^^ not found in this scope\n    |\nhelp: consider importing this unit variant\n    |\n395 + use core::option::Option::None;\n    |\n\n",
              "error[E0412]: cannot find type `Option` in this scope\n   --> /home/runner/.cargo/registry/src/index.crates.io-1949cf8c6b5b557f/log-0.4.27/src/lib.rs:675:31\n    |\n675 |     pub fn to_level(&self) -> Option<Level> {\n    |                               ^^^^^^ not found in this scope\n    |\nhelp: consider importing this enum\n    |\n395 + use core::option::Option;\n    |\n\n",
              "error[E0405]: cannot find trait `Iterator` in this scope\n   --> /home/runner/.cargo/registry/src/index.crates.io-1949cf8c6b5b557f/log-0.4.27/src/lib.rs:700:27\n    |\n700 |     pub fn iter() -> impl Iterator<Item = Self> {\n    |                           ^^^^^^^^ not found in this scope\n    |\nhelp: consider importing this trait\n    |\n395 + use core::iter::Iterator;\n    |\n\n",
              "error[E0412]: cannot find type `Option` in this scope\n   --> /home/runner/.cargo/registry/src/index.crates.io-1949cf8c6b5b557f/log-0.4.27/src/lib.rs:770:18\n    |\n770 |     module_path: Option<MaybeStaticStr<'a>>,\n    |                  ^^^^^^ not found in this scope\n    |\nhelp: consider importing this enum\n    |\n395 + use core::option::Option;\n    |\n\n",
              "error[E0412]: cannot find type `Option` in this scope\n   --> /home/runner/.cargo/registry/src/index.crates.io-1949cf8c6b5b557f/log-0.4.27/src/lib.rs:771:11\n    |\n771 |     file: Option<MaybeStaticStr<'a>>,\n    |           ^^^^^^ not found in this scope\n    |\nhelp: consider importing this enum\n    |\n395 + use core::option::Option;\n    |\n\n",
              "error[E0412]: cannot find type `Option` in this scope\n   --> /home/runner/.cargo/registry/src/index.crates.io-1949cf8c6b5b557f/log-0.4.27/src/lib.rs:772:11\n    |\n772 |     line: Option<u32>,\n    |           ^^^^^^ not found in this scope\n    |\nhelp: consider importing this enum\n    |\n395 + use core::option::Option;\n    |\n\n",
              "error[E0412]: cannot find type `Option` in this scope\n   --> /home/runner/.cargo/registry/src/index.crates.io-1949cf8c6b5b557f/log-0.4.27/src/lib.rs:827:34\n    |\n827 |     pub fn module_path(&self) -> Option<&'a str> {\n    |                                  ^^^^^^ not found in this scope\n    |\nhelp: consider importing this enum\n    |\n395 + use core::option::Option;\n    |\n\n",
              "error[E0412]: cannot find type `Option` in this scope\n   --> /home/runner/.cargo/registry/src/index.crates.io-1949cf8c6b5b557f/log-0.4.27/src/lib.rs:833:41\n    |\n833 |     pub fn module_path_static(&self) -> Option<&'static str> {\n    |                                         ^^^^^^ not found in this scope\n    |\nhelp: consider importing this enum\n    |\n395 + use core::option::Option;\n    |\n\n",
              "error[E0531]: cannot find tuple struct or tuple variant `Some` in this scope\n   --> /home/runner/.cargo/registry/src/index.crates.io-1949cf8c6b5b557f/log-0.4.27/src/lib.rs:835:13\n    |\n835 |             Some(MaybeStaticStr::Static(s)) => Some(s),\n    |             ^^^^ not found in this scope\n    |\nhelp: consider importing this tuple variant\n    |\n395 + use core::option::Option::Some;\n    |\n\n",
              "error[E0425]: cannot find function, tuple struct or tuple variant `Some` in this scope\n   --> /home/runner/.cargo/registry/src/index.crates.io-1949cf8c6b5b557f/log-0.4.27/src/lib.rs:835:48\n    |\n835 |             Some(MaybeStaticStr::Static(s)) => Some(s),\n    |                                                ^^^^ not found in this scope\n    |\nhelp: consider importing this tuple variant\n    |\n395 + use core::option::Option::Some;\n    |\n\n",
              "error[E0425]: cannot find value `None` in this scope\n   --> /home/runner/.cargo/registry/src/index.crates.io-1949cf8c6b5b557f/log-0.4.27/src/lib.rs:836:18\n    |\n836 |             _ => None,\n    |                  ^^^^ not found in this scope\n    |\nhelp: consider importing this unit variant\n    |\n395 + use core::option::Option::None;\n    |\n\n",
              "error[E0412]: cannot find type `Option` in this scope\n   --> /home/runner/.cargo/registry/src/index.crates.io-1949cf8c6b5b557f/log-0.4.27/src/lib.rs:842:27\n    |\n842 |     pub fn file(&self) -> Option<&'a str> {\n    |                           ^^^^^^ not found in this scope\n    |\nhelp: consider importing this enum\n    |\n395 + use core::option::Option;\n    |\n\n",
              "error[E0412]: cannot find type `Option` in this scope\n   --> /home/runner/.cargo/registry/src/index.crates.io-1949cf8c6b5b557f/log-0.4.27/src/lib.rs:848:34\n    |\n848 |     pub fn file_static(&self) -> Option<&'static str> {\n    |                                  ^^^^^^ not found in this scope\n    |\nhelp: consider importing this enum\n    |\n395 + use core::option::Option;\n    |\n\n",
              "error[E0531]: cannot find tuple struct or tuple variant `Some` in this scope\n   --> /home/runner/.cargo/registry/src/index.crates.io-1949cf8c6b5b557f/log-0.4.27/src/lib.rs:850:13\n    |\n850 |             Some(MaybeStaticStr::Static(s)) => Some(s),\n    |             ^^^^ not found in this scope\n    |\nhelp: consider importing this tuple variant\n    |\n395 + use core::option::Option::Some;\n    |\n\n",
              "error[E0425]: cannot find function, tuple struct or tuple variant `Some` in this scope\n   --> /home/runner/.cargo/registry/src/index.crates.io-1949cf8c6b5b557f/log-0.4.27/src/lib.rs:850:48\n    |\n850 |             Some(MaybeStaticStr::Static(s)) => Some(s),\n    |                                                ^^^^ not found in this scope\n    |\nhelp: consider importing this tuple variant\n    |\n395 + use core::option::Option::Some;\n    |\n\n",
              "error[E0425]: cannot find value `None` in this scope\n   --> /home/runner/.cargo/registry/src/index.crates.io-1949cf8c6b5b557f/log-0.4.27/src/lib.rs:851:18\n    |\n851 |             _ => None,\n    |                  ^^^^ not found in this scope\n    |\nhelp: consider importing this unit variant\n    |\n395 + use core::option::Option::None;\n    |\n\n",
              "error[E0412]: cannot find type `Option` in this scope\n   --> /home/runner/.cargo/registry/src/index.crates.io-1949cf8c6b5b557f/log-0.4.27/src/lib.rs:857:27\n    |\n857 |     pub fn line(&self) -> Option<u32> {\n    |                           ^^^^^^ not found in this scope\n    |\nhelp: consider importing this enum\n    |\n395 + use core::option::Option;\n    |\n\n",
              "error[E0425]: cannot find value `None` in this scope\n   --> /home/runner/.cargo/registry/src/index.crates.io-1949cf8c6b5b557f/log-0.4.27/src/lib.rs:951:30\n    |\n951 |                 module_path: None,\n    |                              ^^^^ not found in this scope\n    |\nhelp: consider importing this unit variant\n    |\n395 + use core::option::Option::None;\n    |\n\n",
              "error[E0425]: cannot find value `None` in this scope\n   --> /home/runner/.cargo/registry/src/index.crates.io-1949cf8c6b5b557f/log-0.4.27/src/lib.rs:952:23\n    |\n952 |                 file: None,\n    |                       ^^^^ not found in this scope\n    |\nhelp: consider importing this unit variant\n    |\n395 + use core::option::Option::None;\n    |\n\n",
              "error[E0425]: cannot find value `None` in this scope\n   --> /home/runner/.cargo/registry/src/index.crates.io-1949cf8c6b5b557f/log-0.4.27/src/lib.rs:953:23\n    |\n953 |                 line: None,\n    |                       ^^^^ not found in this scope\n    |\nhelp: consider importing this unit variant\n    |\n395 + use core::option::Option::None;\n    |\n\n",
              "error[E0412]: cannot find type `Option` in this scope\n   --> /home/runner/.cargo/registry/src/index.crates.io-1949cf8c6b5b557f/log-0.4.27/src/lib.rs:990:41\n    |\n990 |     pub fn module_path(&mut self, path: Option<&'a str>) -> &mut RecordBuilder<'a> {\n    |                                         ^^^^^^ not found in this scope\n    |\nhelp: consider importing this enum\n    |\n395 + use core::option::Option;\n    |\n\n",
              "error[E0412]: cannot find type `Option` in this scope\n   --> /home/runner/.cargo/registry/src/index.crates.io-1949cf8c6b5b557f/log-0.4.27/src/lib.rs:997:48\n    |\n997 |     pub fn module_path_static(&mut self, path: Option<&'static str>) -> &mut RecordBuilder<'a> {\n    |                                                ^^^^^^ not found in this scope\n    |\nhelp: consider importing this enum\n    |\n395 + use core::option::Option;\n    |\n\n",
              "error[E0412]: cannot find type `Option` in this scope\n    --> /home/runner/.cargo/registry/src/index.crates.io-1949cf8c6b5b557f/log-0.4.27/src/lib.rs:1004:34\n     |\n1004 |     pub fn file(&mut self, file: Option<&'a str>) -> &mut RecordBuilder<'a> {\n     |                                  ^^^^^^ not found in this scope\n     |\nhelp: consider importing this enum\n     |\n 395 + use core::option::Option;\n     |\n\n",
              "error[E0412]: cannot find type `Option` in this scope\n    --> /home/runner/.cargo/registry/src/index.crates.io-1949cf8c6b5b557f/log-0.4.27/src/lib.rs:1011:41\n     |\n1011 |     pub fn file_static(&mut self, file: Option<&'static str>) -> &mut RecordBuilder<'a> {\n     |                                         ^^^^^^ not found in this scope\n     |\nhelp: consider importing this enum\n     |\n 395 + use core::option::Option;\n     |\n\n",
              "error[E0412]: cannot find type `Option` in this scope\n    --> /home/runner/.cargo/registry/src/index.crates.io-1949cf8c6b5b557f/log-0.4.27/src/lib.rs:1018:34\n     |\n1018 |     pub fn line(&mut self, line: Option<u32>) -> &mut RecordBuilder<'a> {\n     |                                  ^^^^^^ not found in this scope\n     |\nhelp: consider importing this enum\n     |\n 395 + use core::option::Option;\n     |\n\n",
              "error[E0405]: cannot find trait `Default` in this scope\n    --> /home/runner/.cargo/registry/src/index.crates.io-1949cf8c6b5b557f/log-0.4.27/src/lib.rs:1038:6\n     |\n1038 | impl Default for RecordBuilder<'_> {\n     |      ^^^^^^^ not found in this scope\n     |\nhelp: consider importing this trait\n     |\n 395 + use core::default::Default;\n     |\n\n",
              "error[E0405]: cannot find trait `Default` in this scope\n    --> /home/runner/.cargo/registry/src/index.crates.io-1949cf8c6b5b557f/log-0.4.27/src/lib.rs:1167:6\n     |\n1167 | impl Default for MetadataBuilder<'_> {\n     |      ^^^^^^^ not found in this scope\n     |\nhelp: consider importing this trait\n     |\n 395 + use core::default::Default;\n     |\n\n",
              "error[E0405]: cannot find trait `Sync` in this scope\n    --> /home/runner/.cargo/registry/src/index.crates.io-1949cf8c6b5b557f/log-0.4.27/src/lib.rs:1174:16\n     |\n1174 | pub trait Log: Sync + Send {\n     |                ^^^^ not found in this scope\n     |\nhelp: consider importing this trait\n     |\n 395 + use core::marker::Sync;\n     |\n\n",
              "error[E0405]: cannot find trait `Send` in this scope\n    --> /home/runner/.cargo/registry/src/index.crates.io-1949cf8c6b5b557f/log-0.4.27/src/lib.rs:1174:23\n     |\n1174 | pub trait Log: Sync + Send {\n     |                       ^^^^ not found in this scope\n     |\nhelp: consider importing this trait\n     |\n 395 + use core::marker::Send;\n     |\n\n",
              "error[E0405]: cannot find trait `Sized` in this scope\n    --> /home/runner/.cargo/registry/src/index.crates.io-1949cf8c6b5b557f/log-0.4.27/src/lib.rs:1221:9\n     |\n1221 |     T: ?Sized + Log,\n     |         ^^^^^ not found in this scope\n     |\nhelp: consider importing this trait\n     |\n 395 + use core::marker::Sized;\n     |\n\n",
              "error[E0405]: cannot find trait `Sized` in this scope\n    --> /home/runner/.cargo/registry/src/index.crates.io-1949cf8c6b5b557f/log-0.4.27/src/lib.rs:1238:9\n     |\n1238 |     T: ?Sized + Log,\n     |         ^^^^^ not found in this scope\n     |\nhelp: consider importing this trait\n     |\n 395 + use core::marker::Sized;\n     |\n\n",
              "error[E0405]: cannot find trait `Sized` in this scope\n    --> /home/runner/.cargo/registry/src/index.crates.io-1949cf8c6b5b557f/log-0.4.27/src/lib.rs:1255:9\n     |\n1255 |     T: ?Sized + Log,\n     |         ^^^^^ not found in this scope\n     |\nhelp: consider importing this trait\n     |\n 395 + use core::marker::Sized;\n     |\n\n",
              "error[E0412]: cannot find type `Box` in this scope\n    --> /home/runner/.cargo/registry/src/index.crates.io-1949cf8c6b5b557f/log-0.4.27/src/lib.rs:1345:33\n     |\n1345 | pub fn set_boxed_logger(logger: Box<dyn Log>) -> Result<(), SetLoggerError> {\n     |                                 ^^^ not found in this scope\n\n",
              "error[E0412]: cannot find type `Result` in this scope\n    --> /home/runner/.cargo/registry/src/index.crates.io-1949cf8c6b5b557f/log-0.4.27/src/lib.rs:1345:50\n     |\n1345 | pub fn set_boxed_logger(logger: Box<dyn Log>) -> Result<(), SetLoggerError> {\n     |                                                  ^^^^^^ not found in this scope\n     |\nhelp: consider importing one of these items\n     |\n 395 + use core::fmt::Result;\n     |\n 395 + use core::result::Result;\n     |\n\n",
              "error[E0412]: cannot find type `Result` in this scope\n    --> /home/runner/.cargo/registry/src/index.crates.io-1949cf8c6b5b557f/log-0.4.27/src/lib.rs:1403:48\n     |\n1403 | pub fn set_logger(logger: &'static dyn Log) -> Result<(), SetLoggerError> {\n     |                                                ^^^^^^ not found in this scope\n     |\nhelp: consider importing one of these items\n     |\n 395 + use core::fmt::Result;\n     |\n 395 + use core::result::Result;\n     |\n\n",
              "error[E0405]: cannot find trait `FnOnce` in this scope\n    --> /home/runner/.cargo/registry/src/index.crates.io-1949cf8c6b5b557f/log-0.4.27/src/lib.rs:1410:8\n     |\n1410 |     F: FnOnce() -> &'static dyn Log,\n     |        ^^^^^^ not found in this scope\n     |\nhelp: consider importing this trait\n     |\n 395 + use core::ops::FnOnce;\n     |\n\n",
              "error[E0412]: cannot find type `Result` in this scope\n    --> /home/runner/.cargo/registry/src/index.crates.io-1949cf8c6b5b557f/log-0.4.27/src/lib.rs:1408:43\n     |\n1408 | fn set_logger_inner<F>(make_logger: F) -> Result<(), SetLoggerError>\n     |                                           ^^^^^^ not found in this scope\n     |\nhelp: consider importing one of these items\n     |\n 395 + use core::fmt::Result;\n     |\n 395 + use core::result::Result;\n     |\n\n",
              "error[E0531]: cannot find tuple struct or tuple variant `Ok` in this scope\n    --> /home/runner/.cargo/registry/src/index.crates.io-1949cf8c6b5b557f/log-0.4.27/src/lib.rs:1418:9\n     |\n1418 |         Ok(UNINITIALIZED) => {\n     |         ^^ not found in this scope\n     |\nhelp: consider importing this tuple variant\n     |\n 395 + use core::result::Result::Ok;\n     |\n\n",
              "error[E0425]: cannot find function, tuple struct or tuple variant `Ok` in this scope\n    --> /home/runner/.cargo/registry/src/index.crates.io-1949cf8c6b5b557f/log-0.4.27/src/lib.rs:1423:13\n     |\n1423 |             Ok(())\n     |             ^^ not found in this scope\n     |\nhelp: consider importing this tuple variant\n     |\n 395 + use core::result::Result::Ok;\n     |\n\n",
              "error[E0531]: cannot find tuple struct or tuple variant `Err` in this scope\n    --> /home/runner/.cargo/registry/src/index.crates.io-1949cf8c6b5b557f/log-0.4.27/src/lib.rs:1425:9\n     |\n1425 |         Err(INITIALIZING) => {\n     |         ^^^ not found in this scope\n     |\nhelp: consider importing this tuple variant\n     |\n 395 + use core::result::Result::Err;\n     |\n\n",
              "error[E0425]: cannot find function, tuple struct or tuple variant `Err` in this scope\n    --> /home/runner/.cargo/registry/src/index.crates.io-1949cf8c6b5b557f/log-0.4.27/src/lib.rs:1429:13\n     |\n1429 |             Err(SetLoggerError(()))\n     |             ^^^ not found in this scope\n     |\nhelp: consider importing this tuple variant\n     |\n 395 + use core::result::Result::Err;\n     |\n\n",
              "error[E0425]: cannot find function, tuple struct or tuple variant `Err` in this scope\n    --> /home/runner/.cargo/registry/src/index.crates.io-1949cf8c6b5b557f/log-0.4.27/src/lib.rs:1431:14\n     |\n1431 |         _ => Err(SetLoggerError(())),\n     |              ^^^ not found in this scope\n     |\nhelp: consider importing this tuple variant\n     |\n 395 + use core::result::Result::Err;\n     |\n\n",
              "error[E0412]: cannot find type `Result` in this scope\n    --> /home/runner/.cargo/registry/src/index.crates.io-1949cf8c6b5b557f/log-0.4.27/src/lib.rs:1454:60\n     |\n1454 | pub unsafe fn set_logger_racy(logger: &'static dyn Log) -> Result<(), SetLoggerError> {\n     |                                                            ^^^^^^ not found in this scope\n     |\nhelp: consider importing one of these items\n     |\n 395 + use core::fmt::Result;\n     |\n 395 + use core::result::Result;\n     |\n\n",
              "error[E0425]: cannot find function, tuple struct or tuple variant `Ok` in this scope\n    --> /home/runner/.cargo/registry/src/index.crates.io-1949cf8c6b5b557f/log-0.4.27/src/lib.rs:1459:13\n     |\n1459 |             Ok(())\n     |             ^^ not found in this scope\n     |\nhelp: consider importing this tuple variant\n     |\n 395 + use core::result::Result::Ok;\n     |\n\n",
              "error[E0425]: cannot find function, tuple struct or tuple variant `Err` in this scope\n    --> /home/runner/.cargo/registry/src/index.crates.io-1949cf8c6b5b557f/log-0.4.27/src/lib.rs:1465:14\n     |\n1465 |         _ => Err(SetLoggerError(())),\n     |              ^^^ not found in this scope\n     |\nhelp: consider importing this tuple variant\n     |\n 395 + use core::result::Result::Err;\n     |\n\n",
              "error: bound modifier `?` can only be applied to `Sized`\n    --> /home/runner/.cargo/registry/src/index.crates.io-1949cf8c6b5b557f/log-0.4.27/src/lib.rs:1221:8\n     |\n1221 |     T: ?Sized + Log,\n     |        ^^^^^^\n\n",
              "error: bound modifier `?` can only be applied to `Sized`\n    --> /home/runner/.cargo/registry/src/index.crates.io-1949cf8c6b5b557f/log-0.4.27/src/lib.rs:1238:8\n     |\n1238 |     T: ?Sized + Log,\n     |        ^^^^^^\n\n",
              "error: bound modifier `?` can only be applied to `Sized`\n    --> /home/runner/.cargo/registry/src/index.crates.io-1949cf8c6b5b557f/log-0.4.27/src/lib.rs:1255:8\n     |\n1255 |     T: ?Sized + Log,\n     |        ^^^^^^\n\n",
              "error[E0433]: failed to resolve: use of undeclared type `Box`\n    --> /home/runner/.cargo/registry/src/index.crates.io-1949cf8c6b5b557f/log-0.4.27/src/lib.rs:1346:25\n     |\n1346 |     set_logger_inner(|| Box::leak(logger))\n     |                         ^^^ use of undeclared type `Box`\n\n"
            ]
          }
        },
        {
          "file": "/home/runner/.cargo/registry/src/index.crates.io-1949cf8c6b5b557f/log-0.4.27/src/__private_api.rs",
          "features": "",
          "count": 14,
          "kinds": {
            "Clippy(Error)": [
              "error[E0463]: can't find crate for `std`\n --> /home/runner/.cargo/registry/src/index.crates.io-1949cf8c6b5b557f/log-0.4.27/src/__private_api.rs:5:5\n  |\n5 | use std::fmt::Arguments;\n  |     ^^^ can't find crate\n  |\n  = note: the `aarch64-unknown-none-softfloat` target may not support the standard library\n  = help: consider building the standard library from source with `cargo build -Zbuild-std`\n\n",
              "error[E0463]: can't find crate for `std`\n --> /home/runner/.cargo/registry/src/index.crates.io-1949cf8c6b5b557f/log-0.4.27/src/__private_api.rs:6:5\n  |\n6 | use std::panic::Location;\n  |     ^^^ can't find crate\n  |\n  = note: the `aarch64-unknown-none-softfloat` target may not support the standard library\n  = help: consider building the standard library from source with `cargo build -Zbuild-std`\n\n",
              "error[E0463]: can't find crate for `std`\n --> /home/runner/.cargo/registry/src/index.crates.io-1949cf8c6b5b557f/log-0.4.27/src/__private_api.rs:7:9\n  |\n7 | pub use std::{format_args, module_path, stringify};\n  |         ^^^ can't find crate\n  |\n  = note: the `aarch64-unknown-none-softfloat` target may not support the standard library\n  = help: consider building the standard library from source with `cargo build -Zbuild-std`\n\n",
              "error: cannot find attribute `derive` in this scope\n  --> /home/runner/.cargo/registry/src/index.crates.io-1949cf8c6b5b557f/log-0.4.27/src/__private_api.rs:38:3\n   |\n38 | #[derive(Debug)]\n   |   ^^^^^^\n   |\nhelp: consider importing this attribute macro\n   |\n 3 + use core::prelude::rust_2024::derive;\n   |\n\n",
              "error: cannot find macro `panic` in this scope\n  --> /home/runner/.cargo/registry/src/index.crates.io-1949cf8c6b5b557f/log-0.4.27/src/__private_api.rs:65:9\n   |\n65 |         panic!(\"key-value support is experimental and must be enabled using the `kv` feature\")\n   |         ^^^^^\n   |\nhelp: consider importing this macro\n   |\n 3 + use core::panic;\n   |\n\n",
              "error[E0412]: cannot find type `Option` in this scope\n  --> /home/runner/.cargo/registry/src/index.crates.io-1949cf8c6b5b557f/log-0.4.27/src/__private_api.rs:15:30\n   |\n15 |         fn into_kvs(self) -> Option<&'a [(&'a str, super::Value<'a>)]>;\n   |                              ^^^^^^ not found in this scope\n   |\nhelp: consider importing this enum\n   |\n13 +     use core::option::Option;\n   |\n\n",
              "error[E0412]: cannot find type `Option` in this scope\n  --> /home/runner/.cargo/registry/src/index.crates.io-1949cf8c6b5b557f/log-0.4.27/src/__private_api.rs:23:26\n   |\n23 |     fn into_kvs(self) -> Option<&'a [(&'a str, Value<'a>)]> {\n   |                          ^^^^^^ not found in this scope\n   |\nhelp: consider importing this enum\n   |\n 3 + use core::option::Option;\n   |\n\n",
              "error[E0425]: cannot find function, tuple struct or tuple variant `Some` in this scope\n  --> /home/runner/.cargo/registry/src/index.crates.io-1949cf8c6b5b557f/log-0.4.27/src/__private_api.rs:24:9\n   |\n24 |         Some(self)\n   |         ^^^^\n   |\nhelp: try calling `Some` as a method\n   |\n24 -         Some(self)\n24 +         self.Some()\n   |\nhelp: consider importing this tuple variant\n   |\n 3 + use core::option::Option::Some;\n   |\n\n",
              "error[E0412]: cannot find type `Option` in this scope\n  --> /home/runner/.cargo/registry/src/index.crates.io-1949cf8c6b5b557f/log-0.4.27/src/__private_api.rs:30:26\n   |\n30 |     fn into_kvs(self) -> Option<&'a [(&'a str, Value<'a>)]> {\n   |                          ^^^^^^ not found in this scope\n   |\nhelp: consider importing this enum\n   |\n 3 + use core::option::Option;\n   |\n\n",
              "error[E0425]: cannot find value `None` in this scope\n  --> /home/runner/.cargo/registry/src/index.crates.io-1949cf8c6b5b557f/log-0.4.27/src/__private_api.rs:31:9\n   |\n31 |         None\n   |         ^^^^ not found in this scope\n   |\nhelp: consider importing this unit variant\n   |\n 3 + use core::option::Option::None;\n   |\n\n",
              "error[E0412]: cannot find type `Option` in this scope\n  --> /home/runner/.cargo/registry/src/index.crates.io-1949cf8c6b5b557f/log-0.4.27/src/__private_api.rs:61:10\n   |\n61 |     kvs: Option<&[(&str, Value)]>,\n   |          ^^^^^^ not found in this scope\n   |\nhelp: consider importing this enum\n   |\n 3 + use core::option::Option;\n   |\n\n",
              "error[E0425]: cannot find function, tuple struct or tuple variant `Some` in this scope\n  --> /home/runner/.cargo/registry/src/index.crates.io-1949cf8c6b5b557f/log-0.4.27/src/__private_api.rs:74:29\n   |\n74 |         .module_path_static(Some(module_path))\n   |                             ^^^^ not found in this scope\n   |\nhelp: consider importing this tuple variant\n   |\n 3 + use core::option::Option::Some;\n   |\n\n",
              "error[E0425]: cannot find function, tuple struct or tuple variant `Some` in this scope\n  --> /home/runner/.cargo/registry/src/index.crates.io-1949cf8c6b5b557f/log-0.4.27/src/__private_api.rs:75:22\n   |\n75 |         .file_static(Some(loc.file()))\n   |                      ^^^^ not found in this scope\n   |\nhelp: consider importing this tuple variant\n   |\n 3 + use core::option::Option::Some;\n   |\n\n",
              "error[E0425]: cannot find function, tuple struct or tuple variant `Some` in this scope\n  --> /home/runner/.cargo/registry/src/index.crates.io-1949cf8c6b5b557f/log-0.4.27/src/__private_api.rs:76:15\n   |\n76 |         .line(Some(loc.line()));\n   |               ^^^^ not found in this scope\n   |\nhelp: consider importing this tuple variant\n   |\n 3 + use core::option::Option::Some;\n   |\n\n"
            ]
          }
        },
        {
          "file": "/home/runner/.cargo/registry/src/index.crates.io-1949cf8c6b5b557f/cc-1.2.31/src/command_helpers.rs",
          "features": "",
          "count": 1,
          "kinds": {
            "Lockbud(Possibly)": [
              "{\n  \"bug_kind\": \"AtomicityViolation\",\n  \"possibility\": \"Possibly\",\n  \"diagnosis\": {\n    \"fn_name\": \"command_helpers::CargoOutput::print_debug\",\n    \"atomic_reader\": \"/home/runner/.cargo/registry/src/index.crates.io-1949cf8c6b5b557f/cc-1.2.31/src/command_helpers.rs:69:30: 69:74 (#0)\",\n    \"atomic_writer\": \"/home/runner/.cargo/registry/src/index.crates.io-1949cf8c6b5b557f/cc-1.2.31/src/command_helpers.rs:70:13: 70:64 (#0)\",\n    \"dep_kind\": \"Control\"\n  },\n  \"explanation\": \"atomic::store is data/control dependent on atomic::load\"\n}"
            ]
          }
        },
        {
          "file": "/home/runner/.cargo/registry/src/index.crates.io-1949cf8c6b5b557f/cc-1.2.31/src/lib.rs",
          "features": "",
          "count": 1,
          "kinds": {
            "Lockbud(Possibly)": [
              "{\n  \"bug_kind\": \"AtomicityViolation\",\n  \"possibility\": \"Possibly\",\n  \"diagnosis\": {\n    \"fn_name\": \"is_disabled\",\n    \"atomic_reader\": \"/home/runner/.cargo/registry/src/index.crates.io-1949cf8c6b5b557f/cc-1.2.31/src/lib.rs:4335:15: 4335:34 (#0)\",\n    \"atomic_writer\": \"/home/runner/.cargo/registry/src/index.crates.io-1949cf8c6b5b557f/cc-1.2.31/src/lib.rs:4356:13: 4356:48 (#0)\",\n    \"dep_kind\": \"Control\"\n  },\n  \"explanation\": \"atomic::store is data/control dependent on atomic::load\"\n}"
            ]
          }
        },
        {
          "file": "/home/runner/.cargo/registry/src/index.crates.io-1949cf8c6b5b557f/memchr-2.7.5/src/lib.rs",
          "features": "",
          "count": 1,
          "kinds": {
            "Clippy(Error)": [
              "error[E0463]: can't find crate for `std`\n   --> /home/runner/.cargo/registry/src/index.crates.io-1949cf8c6b5b557f/memchr-2.7.5/src/lib.rs:198:1\n    |\n198 | extern crate std;\n    | ^^^^^^^^^^^^^^^^^ can't find crate\n    |\n    = note: the `aarch64-unknown-none-softfloat` target may not support the standard library\n    = help: consider building the standard library from source with `cargo build -Zbuild-std`\n\n"
            ]
          }
        },
        {
          "file": "/home/runner/check/batch_4/drivercraft/CrabUSB/Cargo.lock",
          "features": "",
          "count": 1,
          "kinds": {
            "Audit": [
              "Crate:     paste\nVersion:   1.0.15\nWarning:   unmaintained\nTitle:     paste - no longer maintained\nDate:      2024-10-07\nID:        RUSTSEC-2024-0436\nURL:       https://rustsec.org/advisories/RUSTSEC-2024-0436\nDependency tree:\npaste 1.0.15\n├── xhci 0.9.2\n│   └── crab-usb 0.2.0\n│       └── test_libusb 0.1.0\n└── rdrive 0.15.3\n    └── sparreal-kernel 0.10.1\n        ├── sparreal-rt 0.10.0\n        │   └── bare-test 0.5.0\n        │       └── crab-usb 0.2.0\n        └── bare-test 0.5.0\n\n\n{\n  \"database\": {\n    \"advisory-count\": 792,\n    \"last-commit\": \"388a3128c3cda69c6f466de2015aadfae9f9bc75\",\n    \"last-updated\": \"2025-08-06T11:33:04+02:00\"\n  },\n  \"lockfile\": {\n    \"dependency-count\": 321\n  },\n  \"settings\": {\n    \"target_arch\": [],\n    \"target_os\": [],\n    \"severity\": null,\n    \"ignore\": [],\n    \"informational_warnings\": [\n      \"unmaintained\",\n      \"unsound\",\n      \"notice\"\n    ]\n  },\n  \"vulnerabilities\": {\n    \"found\": false,\n    \"count\": 0,\n    \"list\": []\n  },\n  \"warnings\": {\n    \"unmaintained\": [\n      {\n        \"kind\": \"unmaintained\",\n        \"package\": {\n          \"name\": \"paste\",\n          \"version\": \"1.0.15\",\n          \"source\": \"registry+https://github.com/rust-lang/crates.io-index\",\n          \"checksum\": \"57c0d7b74b563b49d38dae00a0c37d4d6de9b432382b2892f0574ddcae73fd0a\",\n          \"replace\": null\n        },\n        \"advisory\": {\n          \"id\": \"RUSTSEC-2024-0436\",\n          \"package\": \"paste\",\n          \"title\": \"paste - no longer maintained\",\n          \"description\": \"The creator of the crate `paste` has stated in the [`README.md`](https://github.com/dtolnay/paste/blob/master/README.md) \\nthat this project is not longer maintained as well as archived the repository\\n\\n## Possible Alternative(s)\\n\\n- [pastey](https://crates.io/crates/pastey), a fork of paste and is aimed to be a drop-in replacement with additional features for paste crate\",\n          \"date\": \"2024-10-07\",\n          \"aliases\": [],\n          \"related\": [],\n          \"collection\": \"crates\",\n          \"categories\": [],\n          \"keywords\": [],\n          \"cvss\": null,\n          \"informational\": \"unmaintained\",\n          \"references\": [],\n          \"source\": null,\n          \"url\": \"https://github.com/dtolnay/paste\",\n          \"withdrawn\": null,\n          \"license\": \"CC0-1.0\"\n        },\n        \"affected\": null,\n        \"versions\": {\n          \"patched\": [],\n          \"unaffected\": []\n        }\n      }\n    ]\n  }\n}"
            ]
          }
        },
        {
          "file": "(virtual) clippy",
          "features": "",
          "count": 1,
          "kinds": {
            "Cargo": [
              "// pkg_name=test_libusb, checker=Clippy\n// toolchain=nightly, target=aarch64-unknown-none-softfloat\n// features=\n// pkg_dir=/home/runner/check/batch_4/drivercraft/CrabUSB/test_crates/test_libusb\n// cmd=cargo clippy --target aarch64-unknown-none-softfloat  --no-deps\n// timestamp=2025-08-07 4:33:24.760487264 +08:00:00\n    Checking memchr v2.7.5\n   Compiling libusb1-sys v0.7.0\n    Checking log v0.4.27\n   Compiling libc v0.2.174\nerror: could not compile `log` (lib) due to 108 previous errors\nwarning: build failed, waiting for other jobs to finish...\nerror: could not compile `memchr` (lib) due to 1 previous error; 13 warnings emitted\n"
            ]
          }
        },
        {
          "file": "(virtual) lockbud",
          "features": "",
          "count": 1,
          "kinds": {
            "Cargo": [
              "// pkg_name=test_libusb, checker=Lockbud\n// toolchain=nightly, target=aarch64-unknown-none-softfloat\n// features=\n// pkg_dir=/home/runner/check/batch_4/drivercraft/CrabUSB/test_crates/test_libusb\n// cmd=cargo +nightly-2025-02-01 lockbud -k all -- --target aarch64-unknown-none-softfloat \n// timestamp=2025-08-07 4:33:52.653289669 +08:00:00\n   Compiling shlex v1.3.0\n   Compiling memchr v2.7.5\n   Compiling pkg-config v0.3.32\n   Compiling libc v0.2.174\nerror[E0463]: can't find crate for `std`\n   --> /home/runner/.cargo/registry/src/index.crates.io-1949cf8c6b5b557f/memchr-2.7.5/src/lib.rs:198:1\n    |\n198 | extern crate std;\n    | ^^^^^^^^^^^^^^^^^ can't find crate\n    |\n    = note: the `aarch64-unknown-none-softfloat` target may not support the standard library\n    = help: consider building the standard library from source with `cargo build -Zbuild-std`\n\n   Compiling cc v1.2.31\n   Compiling regex-syntax v0.8.5\nFor more information about this error, try `rustc --explain E0463`.\nerror: could not compile `memchr` (lib) due to 1 previous error\nwarning: build failed, waiting for other jobs to finish...\nerror[E0463]: can't find crate for `std`\n   --> /home/runner/.cargo/registry/src/index.crates.io-1949cf8c6b5b557f/regex-syntax-0.8.5/src/lib.rs:174:1\n    |\n174 | extern crate std;\n    | ^^^^^^^^^^^^^^^^^ can't find crate\n    |\n    = note: the `aarch64-unknown-none-softfloat` target may not support the standard library\n    = help: consider building the standard library from source with `cargo build -Zbuild-std`\n\nerror: could not compile `regex-syntax` (lib) due to 1 previous error\n[2025-08-06T20:33:53Z WARN  lockbud::callbacks] [\n      {\n        \"AtomicityViolation\": {\n          \"bug_kind\": \"AtomicityViolation\",\n          \"possibility\": \"Possibly\",\n          \"diagnosis\": {\n            \"fn_name\": \"command_helpers::CargoOutput::print_debug\",\n            \"atomic_reader\": \"/home/runner/.cargo/registry/src/index.crates.io-1949cf8c6b5b557f/cc-1.2.31/src/command_helpers.rs:69:30: 69:74 (#0)\",\n            \"atomic_writer\": \"/home/runner/.cargo/registry/src/index.crates.io-1949cf8c6b5b557f/cc-1.2.31/src/command_helpers.rs:70:13: 70:64 (#0)\",\n            \"dep_kind\": \"Control\"\n          },\n          \"explanation\": \"atomic::store is data/control dependent on atomic::load\"\n        }\n      },\n      {\n        \"AtomicityViolation\": {\n          \"bug_kind\": \"AtomicityViolation\",\n          \"possibility\": \"Possibly\",\n          \"diagnosis\": {\n            \"fn_name\": \"is_disabled\",\n            \"atomic_reader\": \"/home/runner/.cargo/registry/src/index.crates.io-1949cf8c6b5b557f/cc-1.2.31/src/lib.rs:4335:15: 4335:34 (#0)\",\n            \"atomic_writer\": \"/home/runner/.cargo/registry/src/index.crates.io-1949cf8c6b5b557f/cc-1.2.31/src/lib.rs:4356:13: 4356:48 (#0)\",\n            \"dep_kind\": \"Control\"\n          },\n          \"explanation\": \"atomic::store is data/control dependent on atomic::load\"\n        }\n      }\n    ]\n[2025-08-06T20:33:53Z WARN  lockbud::callbacks] crate cc contains bugs: { probably: 0, possibly: 0 }, conflictlock: { probably: 0, possibly: 0 }, condvar_deadlock: { probably: 0, possibly: 0 }, atomicity_violation: { possibly: 2 }, invalid_free: { possibly: 0 }, use_after_free: { possibly: 0 }\n"
            ]
          }
        },
        {
          "file": "(virtual) udeps",
          "features": "",
          "count": 1,
          "kinds": {
            "Cargo": [
              "// pkg_name=test_libusb, checker=Udeps\n// toolchain=nightly, target=aarch64-unknown-none-softfloat\n// features=\n// pkg_dir=/home/runner/check/batch_4/drivercraft/CrabUSB/test_crates/test_libusb\n// cmd=cargo +nightly-2025-06-26-x86_64-unknown-linux-gnu udeps --target aarch64-unknown-none-softfloat \n// timestamp=2025-08-07 4:34:15.883794735 +08:00:00\n   Compiling proc-macro2 v1.0.95\n   Compiling crossbeam-utils v0.8.21\n   Compiling shlex v1.3.0\n   Compiling lock_api v0.4.13\n    Checking scopeguard v1.2.0\nerror[E0463]: can't find crate for `core`\n  |\n  = note: the `aarch64-unknown-none-softfloat` target may not be installed\n  = help: consider downloading the target with `rustup target add aarch64-unknown-none-softfloat`\n  = help: consider building the standard library from source with `cargo build -Zbuild-std`\n\nFor more information about this error, try `rustc --explain E0463`.\nerror: could not compile `scopeguard` (lib) due to 1 previous error\nwarning: build failed, waiting for other jobs to finish...\n"
            ]
          }
        },
        {
          "file": "[Lockbud] deadlock detection",
          "features": "",
          "count": 1,
          "kinds": {
            "Lockbud(Possibly)": [
              "[2025-08-06T20:33:53Z WARN  lockbud::callbacks] [\n      {\n        \"AtomicityViolation\": {\n          \"bug_kind\": \"AtomicityViolation\",\n          \"possibility\": \"Possibly\",\n          \"diagnosis\": {\n            \"fn_name\": \"command_helpers::CargoOutput::print_debug\",\n            \"atomic_reader\": \"/home/runner/.cargo/registry/src/index.crates.io-1949cf8c6b5b557f/cc-1.2.31/src/command_helpers.rs:69:30: 69:74 (#0)\",\n            \"atomic_writer\": \"/home/runner/.cargo/registry/src/index.crates.io-1949cf8c6b5b557f/cc-1.2.31/src/command_helpers.rs:70:13: 70:64 (#0)\",\n            \"dep_kind\": \"Control\"\n          },\n          \"explanation\": \"atomic::store is data/control dependent on atomic::load\"\n        }\n      },\n      {\n        \"AtomicityViolation\": {\n          \"bug_kind\": \"AtomicityViolation\",\n          \"possibility\": \"Possibly\",\n          \"diagnosis\": {\n            \"fn_name\": \"is_disabled\",\n            \"atomic_reader\": \"/home/runner/.cargo/registry/src/index.crates.io-1949cf8c6b5b557f/cc-1.2.31/src/lib.rs:4335:15: 4335:34 (#0)\",\n            \"atomic_writer\": \"/home/runner/.cargo/registry/src/index.crates.io-1949cf8c6b5b557f/cc-1.2.31/src/lib.rs:4356:13: 4356:48 (#0)\",\n            \"dep_kind\": \"Control\"\n          },\n          \"explanation\": \"atomic::store is data/control dependent on atomic::load\"\n        }\n      }\n    ]\n[2025-08-06T20:33:53Z WARN  lockbud::callbacks] crate cc contains bugs: { probably: 0, possibly: 0 }, conflictlock: { probably: 0, possibly: 0 }, condvar_deadlock: { probably: 0, possibly: 0 }, atomicity_violation: { possibly: 2 }, invalid_free: { possibly: 0 }, use_after_free: { possibly: 0 }"
            ]
          }
        },
        {
          "file": "[Udeps] Unused dependencies",
          "features": "",
          "count": 1,
          "kinds": {
            "Unused Deps": [
              "pkg=test_libusb, checker=Udeps\ntoolchain=nightly, target=aarch64-unknown-none-softfloat\nfeatures=\npkg_dir=/home/runner/check/batch_4/drivercraft/CrabUSB/test_crates/test_libusb\ncmd=cargo +nightly-2025-06-26-x86_64-unknown-linux-gnu udeps --target aarch64-unknown-none-softfloat \ntimestamp=2025-08-07 4:34:16.505811897 +08:00:00\n\n\nstdout:\n\nstderr:\n   Compiling proc-macro2 v1.0.95\n   Compiling crossbeam-utils v0.8.21\n   Compiling shlex v1.3.0\n   Compiling lock_api v0.4.13\n    Checking scopeguard v1.2.0\nerror[E0463]: can't find crate for `core`\n  |\n  = note: the `aarch64-unknown-none-softfloat` target may not be installed\n  = help: consider downloading the target with `rustup target add aarch64-unknown-none-softfloat`\n  = help: consider building the standard library from source with `cargo build -Zbuild-std`\n\nFor more information about this error, try `rustc --explain E0463`.\nerror: could not compile `scopeguard` (lib) due to 1 previous error\nwarning: build failed, waiting for other jobs to finish...\n"
            ]
          }
        }
      ]
    },
    {
      "user": "drivercraft",
      "repo": "CrabUSB",
      "pkg": "crab-usb",
      "count": 8,
      "raw_reports": [
        {
          "file": "/home/runner/.cargo/registry/src/index.crates.io-1949cf8c6b5b557f/log-0.4.27/src/lib.rs",
          "features": "",
          "count": 1,
          "kinds": {
            "Lockbud(Possibly)": [
              "{\n  \"bug_kind\": \"AtomicityViolation\",\n  \"possibility\": \"Possibly\",\n  \"diagnosis\": {\n    \"fn_name\": \"set_logger_racy\",\n    \"atomic_reader\": \"/home/runner/.cargo/registry/src/index.crates.io-1949cf8c6b5b557f/log-0.4.27/src/lib.rs:1455:11: 1455:40 (#0)\",\n    \"atomic_writer\": \"/home/runner/.cargo/registry/src/index.crates.io-1949cf8c6b5b557f/log-0.4.27/src/lib.rs:1458:13: 1458:56 (#0)\",\n    \"dep_kind\": \"Control\"\n  },\n  \"explanation\": \"atomic::store is data/control dependent on atomic::load\"\n}"
            ]
          }
        },
        {
          "file": "/home/runner/check/batch_4/drivercraft/CrabUSB/Cargo.lock",
          "features": "",
          "count": 1,
          "kinds": {
            "Audit": [
              "Crate:     paste\nVersion:   1.0.15\nWarning:   unmaintained\nTitle:     paste - no longer maintained\nDate:      2024-10-07\nID:        RUSTSEC-2024-0436\nURL:       https://rustsec.org/advisories/RUSTSEC-2024-0436\nDependency tree:\npaste 1.0.15\n├── xhci 0.9.2\n│   └── crab-usb 0.2.0\n│       └── test_libusb 0.1.0\n└── rdrive 0.15.3\n    └── sparreal-kernel 0.10.1\n        ├── sparreal-rt 0.10.0\n        │   └── bare-test 0.5.0\n        │       └── crab-usb 0.2.0\n        └── bare-test 0.5.0\n\n\n{\n  \"database\": {\n    \"advisory-count\": 792,\n    \"last-commit\": \"388a3128c3cda69c6f466de2015aadfae9f9bc75\",\n    \"last-updated\": \"2025-08-06T11:33:04+02:00\"\n  },\n  \"lockfile\": {\n    \"dependency-count\": 321\n  },\n  \"settings\": {\n    \"target_arch\": [],\n    \"target_os\": [],\n    \"severity\": null,\n    \"ignore\": [],\n    \"informational_warnings\": [\n      \"unmaintained\",\n      \"unsound\",\n      \"notice\"\n    ]\n  },\n  \"vulnerabilities\": {\n    \"found\": false,\n    \"count\": 0,\n    \"list\": []\n  },\n  \"warnings\": {\n    \"unmaintained\": [\n      {\n        \"kind\": \"unmaintained\",\n        \"package\": {\n          \"name\": \"paste\",\n          \"version\": \"1.0.15\",\n          \"source\": \"registry+https://github.com/rust-lang/crates.io-index\",\n          \"checksum\": \"57c0d7b74b563b49d38dae00a0c37d4d6de9b432382b2892f0574ddcae73fd0a\",\n          \"replace\": null\n        },\n        \"advisory\": {\n          \"id\": \"RUSTSEC-2024-0436\",\n          \"package\": \"paste\",\n          \"title\": \"paste - no longer maintained\",\n          \"description\": \"The creator of the crate `paste` has stated in the [`README.md`](https://github.com/dtolnay/paste/blob/master/README.md) \\nthat this project is not longer maintained as well as archived the repository\\n\\n## Possible Alternative(s)\\n\\n- [pastey](https://crates.io/crates/pastey), a fork of paste and is aimed to be a drop-in replacement with additional features for paste crate\",\n          \"date\": \"2024-10-07\",\n          \"aliases\": [],\n          \"related\": [],\n          \"collection\": \"crates\",\n          \"categories\": [],\n          \"keywords\": [],\n          \"cvss\": null,\n          \"informational\": \"unmaintained\",\n          \"references\": [],\n          \"source\": null,\n          \"url\": \"https://github.com/dtolnay/paste\",\n          \"withdrawn\": null,\n          \"license\": \"CC0-1.0\"\n        },\n        \"affected\": null,\n        \"versions\": {\n          \"patched\": [],\n          \"unaffected\": []\n        }\n      }\n    ]\n  }\n}"
            ]
          }
        },
        {
          "file": "(virtual) semver-checks",
          "features": "",
          "count": 1,
          "kinds": {
            "Cargo": [
              "// pkg_name=crab-usb, checker=SemverChecks\n// toolchain=nightly, target=aarch64-unknown-none-softfloat\n// features=\n// pkg_dir=/home/runner/check/batch_4/drivercraft/CrabUSB/usb-host\n// cmd=cargo +nightly-2025-06-26-x86_64-unknown-linux-gnu semver-checks --target aarch64-unknown-none-softfloat \n// timestamp=2025-08-07 4:33:28.310043125 +08:00:00\n    Building crab-usb v0.2.0 (current)\nerror: running cargo-doc on crate 'crab-usb' failed with output:\n-----\n   Compiling proc-macro2 v1.0.95\n   Compiling unicode-ident v1.0.18\n   Compiling autocfg v1.5.0\n   Compiling crossbeam-utils v0.8.21\n   Compiling shlex v1.3.0\n   Compiling cc v1.2.31\nerror[E0463]: can't find crate for `core`\n  |\n  = note: the `aarch64-unknown-none-softfloat` target may not be installed\n  = help: consider downloading the target with `rustup target add aarch64-unknown-none-softfloat`\n  = help: consider building the standard library from source with `cargo build -Zbuild-std`\n\nFor more information about this error, try `rustc --explain E0463`.\nerror: could not compile `crossbeam-utils` (lib) due to 1 previous error\nwarning: build failed, waiting for other jobs to finish...\n\n-----\n\nerror: failed to build rustdoc for crate crab-usb v0.2.0\nnote: this is usually due to a compilation error in the crate,\n      and is unlikely to be a bug in cargo-semver-checks\nnote: the following command can be used to reproduce the compilation error:\n      cargo new --lib example &&\n          cd example &&\n          echo '[workspace]' >> Cargo.toml &&\n          cargo add --path /home/runner/check/batch_4/drivercraft/CrabUSB/usb-host --features libusb,libusb1-sys &&\n          cargo check\n\nerror: aborting due to failure to build rustdoc for crate crab-usb v0.2.0\n"
            ]
          }
        },
        {
          "file": "(virtual) udeps",
          "features": "",
          "count": 1,
          "kinds": {
            "Cargo": [
              "// pkg_name=crab-usb, checker=Udeps\n// toolchain=nightly, target=aarch64-unknown-none-softfloat\n// features=\n// pkg_dir=/home/runner/check/batch_4/drivercraft/CrabUSB/usb-host\n// cmd=cargo +nightly-2025-06-26-x86_64-unknown-linux-gnu udeps --target aarch64-unknown-none-softfloat \n// timestamp=2025-08-07 4:34:14.77185706 +08:00:00\n   Compiling proc-macro2 v1.0.95\n   Compiling unicode-ident v1.0.18\n   Compiling autocfg v1.5.0\n   Compiling crossbeam-utils v0.8.21\n    Checking futures-sink v0.3.31\nerror[E0463]: can't find crate for `core`\n  |\n  = note: the `aarch64-unknown-none-softfloat` target may not be installed\n  = help: consider downloading the target with `rustup target add aarch64-unknown-none-softfloat`\n  = help: consider building the standard library from source with `cargo build -Zbuild-std`\n\nFor more information about this error, try `rustc --explain E0463`.\nerror: could not compile `futures-sink` (lib) due to 1 previous error\nwarning: build failed, waiting for other jobs to finish...\n"
            ]
          }
        },
        {
          "file": "[Lockbud] deadlock detection",
          "features": "",
          "count": 1,
          "kinds": {
            "Lockbud(Possibly)": [
              "[2025-08-06T20:33:44Z WARN  lockbud::callbacks] [\n      {\n        \"AtomicityViolation\": {\n          \"bug_kind\": \"AtomicityViolation\",\n          \"possibility\": \"Possibly\",\n          \"diagnosis\": {\n            \"fn_name\": \"set_logger_racy\",\n            \"atomic_reader\": \"/home/runner/.cargo/registry/src/index.crates.io-1949cf8c6b5b557f/log-0.4.27/src/lib.rs:1455:11: 1455:40 (#0)\",\n            \"atomic_writer\": \"/home/runner/.cargo/registry/src/index.crates.io-1949cf8c6b5b557f/log-0.4.27/src/lib.rs:1458:13: 1458:56 (#0)\",\n            \"dep_kind\": \"Control\"\n          },\n          \"explanation\": \"atomic::store is data/control dependent on atomic::load\"\n        }\n      }\n    ]\n[2025-08-06T20:33:44Z WARN  lockbud::callbacks] crate log contains bugs: { probably: 0, possibly: 0 }, conflictlock: { probably: 0, possibly: 0 }, condvar_deadlock: { probably: 0, possibly: 0 }, atomicity_violation: { possibly: 1 }, invalid_free: { possibly: 0 }, use_after_free: { possibly: 0 }"
            ]
          }
        },
        {
          "file": "[Udeps] Unused dependencies",
          "features": "",
          "count": 1,
          "kinds": {
            "Unused Deps": [
              "pkg=crab-usb, checker=Udeps\ntoolchain=nightly, target=aarch64-unknown-none-softfloat\nfeatures=\npkg_dir=/home/runner/check/batch_4/drivercraft/CrabUSB/usb-host\ncmd=cargo +nightly-2025-06-26-x86_64-unknown-linux-gnu udeps --target aarch64-unknown-none-softfloat \ntimestamp=2025-08-07 4:34:15.453171704 +08:00:00\n\n\nstdout:\n\nstderr:\n   Compiling proc-macro2 v1.0.95\n   Compiling unicode-ident v1.0.18\n   Compiling autocfg v1.5.0\n   Compiling crossbeam-utils v0.8.21\n    Checking futures-sink v0.3.31\nerror[E0463]: can't find crate for `core`\n  |\n  = note: the `aarch64-unknown-none-softfloat` target may not be installed\n  = help: consider downloading the target with `rustup target add aarch64-unknown-none-softfloat`\n  = help: consider building the standard library from source with `cargo build -Zbuild-std`\n\nFor more information about this error, try `rustc --explain E0463`.\nerror: could not compile `futures-sink` (lib) due to 1 previous error\nwarning: build failed, waiting for other jobs to finish...\n"
            ]
          }
        },
        {
          "file": "[outdated direct dependencies]",
          "features": "",
          "count": 1,
          "kinds": {
            "Outdated": [
              "pkg=crab-usb, checker=Outdated\ntoolchain=nightly, target=aarch64-unknown-none-softfloat\nfeatures=\npkg_dir=/home/runner/check/batch_4/drivercraft/CrabUSB/usb-host\ncmd=cargo +nightly-2025-06-26-x86_64-unknown-linux-gnu outdated -R --exit-code=2\ntimestamp=2025-08-07 4:34:02.108355867 +08:00:00\n\nName  Project  Compat  Latest  Kind         Platform\n----  -------  ------  ------  ----         --------\npcie  0.2.7    ---     0.3.0   Development  ---\n"
            ]
          }
        },
        {
          "file": "[semver checks violation]",
          "features": "",
          "count": 1,
          "kinds": {
            "Semver Violation": [
              "pkg=crab-usb, checker=SemverChecks\ntoolchain=nightly, target=aarch64-unknown-none-softfloat\nfeatures=\npkg_dir=/home/runner/check/batch_4/drivercraft/CrabUSB/usb-host\ncmd=cargo +nightly-2025-06-26-x86_64-unknown-linux-gnu semver-checks --target aarch64-unknown-none-softfloat \ntimestamp=2025-08-07 4:33:30.026192433 +08:00:00\n\n\nstdout:\n\nstderr:\n    Building crab-usb v0.2.0 (current)\nerror: running cargo-doc on crate 'crab-usb' failed with output:\n-----\n   Compiling proc-macro2 v1.0.95\n   Compiling unicode-ident v1.0.18\n   Compiling autocfg v1.5.0\n   Compiling crossbeam-utils v0.8.21\n   Compiling shlex v1.3.0\n   Compiling cc v1.2.31\nerror[E0463]: can't find crate for `core`\n  |\n  = note: the `aarch64-unknown-none-softfloat` target may not be installed\n  = help: consider downloading the target with `rustup target add aarch64-unknown-none-softfloat`\n  = help: consider building the standard library from source with `cargo build -Zbuild-std`\n\nFor more information about this error, try `rustc --explain E0463`.\nerror: could not compile `crossbeam-utils` (lib) due to 1 previous error\nwarning: build failed, waiting for other jobs to finish...\n\n-----\n\nerror: failed to build rustdoc for crate crab-usb v0.2.0\nnote: this is usually due to a compilation error in the crate,\n      and is unlikely to be a bug in cargo-semver-checks\nnote: the following command can be used to reproduce the compilation error:\n      cargo new --lib example &&\n          cd example &&\n          echo '[workspace]' >> Cargo.toml &&\n          cargo add --path /home/runner/check/batch_4/drivercraft/CrabUSB/usb-host --features libusb,libusb1-sys &&\n          cargo check\n\nerror: aborting due to failure to build rustdoc for crate crab-usb v0.2.0\n"
            ]
          }
        }
      ]
    },
    {
      "user": "drivercraft",
      "repo": "CrabUSB",
      "pkg": "usb-if",
      "count": 6,
      "raw_reports": [
        {
          "file": "/home/runner/.cargo/registry/src/index.crates.io-1949cf8c6b5b557f/log-0.4.27/src/lib.rs",
          "features": "",
          "count": 1,
          "kinds": {
            "Lockbud(Possibly)": [
              "{\n  \"bug_kind\": \"AtomicityViolation\",\n  \"possibility\": \"Possibly\",\n  \"diagnosis\": {\n    \"fn_name\": \"set_logger_racy\",\n    \"atomic_reader\": \"/home/runner/.cargo/registry/src/index.crates.io-1949cf8c6b5b557f/log-0.4.27/src/lib.rs:1455:11: 1455:40 (#0)\",\n    \"atomic_writer\": \"/home/runner/.cargo/registry/src/index.crates.io-1949cf8c6b5b557f/log-0.4.27/src/lib.rs:1458:13: 1458:56 (#0)\",\n    \"dep_kind\": \"Control\"\n  },\n  \"explanation\": \"atomic::store is data/control dependent on atomic::load\"\n}"
            ]
          }
        },
        {
          "file": "(virtual) semver-checks",
          "features": "",
          "count": 1,
          "kinds": {
            "Cargo": [
              "// pkg_name=usb-if, checker=SemverChecks\n// toolchain=nightly, target=aarch64-unknown-none-softfloat\n// features=\n// pkg_dir=/home/runner/check/batch_4/drivercraft/CrabUSB/usb-if\n// cmd=cargo +nightly-2025-06-26-x86_64-unknown-linux-gnu semver-checks --target aarch64-unknown-none-softfloat \n// timestamp=2025-08-07 4:33:32.196937762 +08:00:00\n    Building usb-if v0.2.0 (current)\nerror: running cargo-doc on crate 'usb-if' failed with output:\n-----\n   Compiling proc-macro2 v1.0.95\n   Compiling unicode-ident v1.0.18\n   Compiling autocfg v1.5.0\n    Checking futures-sink v0.3.31\nerror[E0463]: can't find crate for `core`\n  |\n  = note: the `aarch64-unknown-none-softfloat` target may not be installed\n  = help: consider downloading the target with `rustup target add aarch64-unknown-none-softfloat`\n  = help: consider building the standard library from source with `cargo build -Zbuild-std`\n\nFor more information about this error, try `rustc --explain E0463`.\nerror: could not compile `futures-sink` (lib) due to 1 previous error\nwarning: build failed, waiting for other jobs to finish...\n\n-----\n\nerror: failed to build rustdoc for crate usb-if v0.2.0\nnote: this is usually due to a compilation error in the crate,\n      and is unlikely to be a bug in cargo-semver-checks\nnote: the following command can be used to reproduce the compilation error:\n      cargo new --lib example &&\n          cd example &&\n          echo '[workspace]' >> Cargo.toml &&\n          cargo add --path /home/runner/check/batch_4/drivercraft/CrabUSB/usb-if &&\n          cargo check\n\nerror: aborting due to failure to build rustdoc for crate usb-if v0.2.0\n"
            ]
          }
        },
        {
          "file": "(virtual) udeps",
          "features": "",
          "count": 1,
          "kinds": {
            "Cargo": [
              "// pkg_name=usb-if, checker=Udeps\n// toolchain=nightly, target=aarch64-unknown-none-softfloat\n// features=\n// pkg_dir=/home/runner/check/batch_4/drivercraft/CrabUSB/usb-if\n// cmd=cargo +nightly-2025-06-26-x86_64-unknown-linux-gnu udeps --target aarch64-unknown-none-softfloat \n// timestamp=2025-08-07 4:34:17.600603284 +08:00:00\n   Compiling syn v2.0.104\n    Checking futures-sink v0.3.31\n   Compiling rustversion v1.0.21\n    Checking futures-core v0.3.31\nerror[E0463]: can't find crate for `core`\n  |\n  = note: the `aarch64-unknown-none-softfloat` target may not be installed\n  = help: consider downloading the target with `rustup target add aarch64-unknown-none-softfloat`\n  = help: consider building the standard library from source with `cargo build -Zbuild-std`\n\nFor more information about this error, try `rustc --explain E0463`.\nerror: could not compile `futures-sink` (lib) due to 1 previous error\nwarning: build failed, waiting for other jobs to finish...\nerror: could not compile `futures-core` (lib) due to 1 previous error\n"
            ]
          }
        },
        {
          "file": "[Lockbud] deadlock detection",
          "features": "",
          "count": 1,
          "kinds": {
            "Lockbud(Possibly)": [
              "[2025-08-06T20:33:44Z WARN  lockbud::callbacks] [\n      {\n        \"AtomicityViolation\": {\n          \"bug_kind\": \"AtomicityViolation\",\n          \"possibility\": \"Possibly\",\n          \"diagnosis\": {\n            \"fn_name\": \"set_logger_racy\",\n            \"atomic_reader\": \"/home/runner/.cargo/registry/src/index.crates.io-1949cf8c6b5b557f/log-0.4.27/src/lib.rs:1455:11: 1455:40 (#0)\",\n            \"atomic_writer\": \"/home/runner/.cargo/registry/src/index.crates.io-1949cf8c6b5b557f/log-0.4.27/src/lib.rs:1458:13: 1458:56 (#0)\",\n            \"dep_kind\": \"Control\"\n          },\n          \"explanation\": \"atomic::store is data/control dependent on atomic::load\"\n        }\n      }\n    ]\n[2025-08-06T20:33:44Z WARN  lockbud::callbacks] crate log contains bugs: { probably: 0, possibly: 0 }, conflictlock: { probably: 0, possibly: 0 }, condvar_deadlock: { probably: 0, possibly: 0 }, atomicity_violation: { possibly: 1 }, invalid_free: { possibly: 0 }, use_after_free: { possibly: 0 }"
            ]
          }
        },
        {
          "file": "[Udeps] Unused dependencies",
          "features": "",
          "count": 1,
          "kinds": {
            "Unused Deps": [
              "pkg=usb-if, checker=Udeps\ntoolchain=nightly, target=aarch64-unknown-none-softfloat\nfeatures=\npkg_dir=/home/runner/check/batch_4/drivercraft/CrabUSB/usb-if\ncmd=cargo +nightly-2025-06-26-x86_64-unknown-linux-gnu udeps --target aarch64-unknown-none-softfloat \ntimestamp=2025-08-07 4:34:19.305451563 +08:00:00\n\n\nstdout:\n\nstderr:\n   Compiling syn v2.0.104\n    Checking futures-sink v0.3.31\n   Compiling rustversion v1.0.21\n    Checking futures-core v0.3.31\nerror[E0463]: can't find crate for `core`\n  |\n  = note: the `aarch64-unknown-none-softfloat` target may not be installed\n  = help: consider downloading the target with `rustup target add aarch64-unknown-none-softfloat`\n  = help: consider building the standard library from source with `cargo build -Zbuild-std`\n\nFor more information about this error, try `rustc --explain E0463`.\nerror: could not compile `futures-sink` (lib) due to 1 previous error\nwarning: build failed, waiting for other jobs to finish...\nerror: could not compile `futures-core` (lib) due to 1 previous error\n"
            ]
          }
        },
        {
          "file": "[semver checks violation]",
          "features": "",
          "count": 1,
          "kinds": {
            "Semver Violation": [
              "pkg=usb-if, checker=SemverChecks\ntoolchain=nightly, target=aarch64-unknown-none-softfloat\nfeatures=\npkg_dir=/home/runner/check/batch_4/drivercraft/CrabUSB/usb-if\ncmd=cargo +nightly-2025-06-26-x86_64-unknown-linux-gnu semver-checks --target aarch64-unknown-none-softfloat \ntimestamp=2025-08-07 4:33:33.010498707 +08:00:00\n\n\nstdout:\n\nstderr:\n    Building usb-if v0.2.0 (current)\nerror: running cargo-doc on crate 'usb-if' failed with output:\n-----\n   Compiling proc-macro2 v1.0.95\n   Compiling unicode-ident v1.0.18\n   Compiling autocfg v1.5.0\n    Checking futures-sink v0.3.31\nerror[E0463]: can't find crate for `core`\n  |\n  = note: the `aarch64-unknown-none-softfloat` target may not be installed\n  = help: consider downloading the target with `rustup target add aarch64-unknown-none-softfloat`\n  = help: consider building the standard library from source with `cargo build -Zbuild-std`\n\nFor more information about this error, try `rustc --explain E0463`.\nerror: could not compile `futures-sink` (lib) due to 1 previous error\nwarning: build failed, waiting for other jobs to finish...\n\n-----\n\nerror: failed to build rustdoc for crate usb-if v0.2.0\nnote: this is usually due to a compilation error in the crate,\n      and is unlikely to be a bug in cargo-semver-checks\nnote: the following command can be used to reproduce the compilation error:\n      cargo new --lib example &&\n          cd example &&\n          echo '[workspace]' >> Cargo.toml &&\n          cargo add --path /home/runner/check/batch_4/drivercraft/CrabUSB/usb-if &&\n          cargo check\n\nerror: aborting due to failure to build rustdoc for crate usb-if v0.2.0\n"
            ]
          }
        }
      ]
    }
  ],
  "kinds_order": [
    "Cargo",
    "Clippy(Error)",
    "Clippy(Warn)",
    "Semver Violation",
    "Audit",
    "Mirai",
    "Rapx",
    "Rudra",
    "Lockbud(Probably)",
    "Lockbud(Possibly)",
    "Atomvchecker",
    "Outdated",
    "Geiger",
    "Unused Deps",
    "Unformatted"
  ]
}