{
  "repo": {
    "user": "arceos-org",
    "repo": "lazyinit"
  },
  "data": [
    {
      "user": "arceos-org",
      "repo": "lazyinit",
      "pkg": "lazyinit",
      "count": 1,
      "raw_reports": [
        {
          "file": "(virtual) atomvchecker",
          "features": "",
          "count": 1,
          "kinds": {
            "Cargo": [
              "// pkg_name=lazyinit, checker=Atomvchecker\n// toolchain=nightly-2025-06-26-x86_64-unknown-linux-gnu, target=riscv64gc-unknown-none-elf\n// features=\n// pkg_dir=/home/runner/check/batch_4/arceos-org/lazyinit\n// cmd=cargo +nightly-2023-03-09 atomvchecker -k atomicity_violation -- --target riscv64gc-unknown-none-elf \n// timestamp=2025-06-28 14:15:08.835647405 +08:00:00\n   Compiling lazyinit v0.2.2 (/home/runner/check/batch_4/arceos-org/lazyinit)\nerror[E0463]: can't find crate for `core`\n  |\n  = note: the `riscv64gc-unknown-none-elf` target may not be installed\n  = help: consider downloading the target with `rustup target add riscv64gc-unknown-none-elf`\n  = help: consider building the standard library from source with `cargo build -Zbuild-std`\n\nerror[E0463]: can't find crate for `compiler_builtins`\n\nerror[E0463]: can't find crate for `core`\n --> src/lib.rs:4:5\n  |\n4 | use core::cell::UnsafeCell;\n  |     ^^^^ can't find crate\n  |\n  = note: the `riscv64gc-unknown-none-elf` target may not be installed\n  = help: consider downloading the target with `rustup target add riscv64gc-unknown-none-elf`\n  = help: consider building the standard library from source with `cargo build -Zbuild-std`\n\nerror[E0463]: can't find crate for `core`\n --> src/lib.rs:5:5\n  |\n5 | use core::fmt;\n  |     ^^^^ can't find crate\n  |\n  = note: the `riscv64gc-unknown-none-elf` target may not be installed\n  = help: consider downloading the target with `rustup target add riscv64gc-unknown-none-elf`\n  = help: consider building the standard library from source with `cargo build -Zbuild-std`\n\nerror[E0463]: can't find crate for `core`\n --> src/lib.rs:6:5\n  |\n6 | use core::hint::spin_loop;\n  |     ^^^^ can't find crate\n  |\n  = note: the `riscv64gc-unknown-none-elf` target may not be installed\n  = help: consider downloading the target with `rustup target add riscv64gc-unknown-none-elf`\n  = help: consider building the standard library from source with `cargo build -Zbuild-std`\n\nerror[E0463]: can't find crate for `core`\n --> src/lib.rs:7:5\n  |\n7 | use core::mem::MaybeUninit;\n  |     ^^^^ can't find crate\n  |\n  = note: the `riscv64gc-unknown-none-elf` target may not be installed\n  = help: consider downloading the target with `rustup target add riscv64gc-unknown-none-elf`\n  = help: consider building the standard library from source with `cargo build -Zbuild-std`\n\nerror[E0463]: can't find crate for `core`\n --> src/lib.rs:8:5\n  |\n8 | use core::ops::{Deref, DerefMut};\n  |     ^^^^ can't find crate\n  |\n  = note: the `riscv64gc-unknown-none-elf` target may not be installed\n  = help: consider downloading the target with `rustup target add riscv64gc-unknown-none-elf`\n  = help: consider building the standard library from source with `cargo build -Zbuild-std`\n\nerror[E0463]: can't find crate for `core`\n --> src/lib.rs:9:5\n  |\n9 | use core::sync::atomic::{AtomicU8, Ordering};\n  |     ^^^^ can't find crate\n  |\n  = note: the `riscv64gc-unknown-none-elf` target may not be installed\n  = help: consider downloading the target with `rustup target add riscv64gc-unknown-none-elf`\n  = help: consider building the standard library from source with `cargo build -Zbuild-std`\n\nerror: cannot find macro `include_str` in this scope\n --> src/lib.rs:2:10\n  |\n2 | #![doc = include_str!(\"../README.md\")]\n  |          ^^^^^^^^^^^\n\nerror: cannot find macro `unreachable` in this scope\n  --> src/lib.rs:85:22\n   |\n85 |                 _ => unreachable!(),\n   |                      ^^^^^^^^^^^\n\nerror: cannot find macro `panic` in this scope\n   --> src/lib.rs:151:9\n    |\n151 |         panic!(\n    |         ^^^^^\n\nerror: cannot find macro `write` in this scope\n   --> src/lib.rs:161:24\n    |\n161 |             Some(s) => write!(f, \"LazyInit {{ data: \")\n    |                        ^^^^^\n\nerror: cannot find macro `write` in this scope\n   --> src/lib.rs:163:32\n    |\n163 |                 .and_then(|()| write!(f, \"}}\")),\n    |                                ^^^^^\n\nerror: cannot find macro `write` in this scope\n   --> src/lib.rs:164:21\n    |\n164 |             None => write!(f, \"LazyInit {{ <uninitialized> }}\"),\n    |                     ^^^^^\n\nerror: cannot find macro `debug_assert` in this scope\n   --> src/lib.rs:125:9\n    |\n125 |         debug_assert!(self.is_inited());\n    |         ^^^^^^^^^^^^\n\nerror: cannot find macro `debug_assert` in this scope\n   --> src/lib.rs:136:9\n    |\n136 |         debug_assert!(self.is_inited());\n    |         ^^^^^^^^^^^^\n\nerror[E0463]: can't find crate for `core`\n   --> src/lib.rs:201:22\n    |\n201 |             unsafe { core::ptr::drop_in_place((*self.data.get()).as_mut_ptr()) };\n    |                      ^^^^ can't find crate\n    |\n    = note: the `riscv64gc-unknown-none-elf` target may not be installed\n    = help: consider downloading the target with `rustup target add riscv64gc-unknown-none-elf`\n    = help: consider building the standard library from source with `cargo build -Zbuild-std`\n\nerror[E0405]: cannot find trait `Sync` in this scope\n  --> src/lib.rs:27:29\n   |\n27 | unsafe impl<T: Send + Sync> Sync for LazyInit<T> {}\n   |                             ^^^^ not found in this scope\n\nerror[E0405]: cannot find trait `Send` in this scope\n  --> src/lib.rs:27:16\n   |\n27 | unsafe impl<T: Send + Sync> Sync for LazyInit<T> {}\n   |                ^^^^ not found in this scope\n\nerror[E0405]: cannot find trait `Sync` in this scope\n  --> src/lib.rs:27:23\n   |\n27 | unsafe impl<T: Send + Sync> Sync for LazyInit<T> {}\n   |                       ^^^^ not found in this scope\n\nerror[E0405]: cannot find trait `Send` in this scope\n  --> src/lib.rs:28:22\n   |\n28 | unsafe impl<T: Send> Send for LazyInit<T> {}\n   |                      ^^^^ not found in this scope\n\nerror[E0405]: cannot find trait `Send` in this scope\n  --> src/lib.rs:28:16\n   |\n28 | unsafe impl<T: Send> Send for LazyInit<T> {}\n   |                ^^^^ not found in this scope\n\nerror[E0405]: cannot find trait `FnOnce` in this scope\n  --> src/lib.rs:54:12\n   |\n54 |         F: FnOnce() -> T,\n   |            ^^^^^^ not found in this scope\n\nerror[E0412]: cannot find type `Option` in this scope\n  --> src/lib.rs:52:41\n   |\n52 |     pub fn call_once<F>(&self, f: F) -> Option<&T>\n   |                                         ^^^^^^ not found in this scope\n\nerror[E0425]: cannot find value `None` in this scope\n  --> src/lib.rs:58:20\n   |\n58 |             return None;\n   |                    ^^^^ not found in this scope\n\nerror[E0531]: cannot find tuple struct or tuple variant `Ok` in this scope\n  --> src/lib.rs:67:17\n   |\n67 |                 Ok(_) => {\n   |                 ^^ not found in this scope\n\nerror[E0531]: cannot find tuple struct or tuple variant `Err` in this scope\n  --> src/lib.rs:73:17\n   |\n73 |                 Err(INITIALIZING) => {\n   |                 ^^^ not found in this scope\n\nerror[E0425]: cannot find value `None` in this scope\n  --> src/lib.rs:77:28\n   |\n77 |                     return None;\n   |                            ^^^^ not found in this scope\n\nerror[E0531]: cannot find tuple struct or tuple variant `Err` in this scope\n  --> src/lib.rs:79:17\n   |\n79 |                 Err(INITED) => {\n   |                 ^^^ not found in this scope\n\nerror[E0425]: cannot find value `None` in this scope\n  --> src/lib.rs:80:28\n   |\n80 |                     return None;\n   |                            ^^^^ not found in this scope\n\nerror[E0531]: cannot find tuple struct or tuple variant `Err` in this scope\n  --> src/lib.rs:82:17\n   |\n82 |                 Err(UNINIT) => {\n   |                 ^^^ not found in this scope\n\nerror[E0412]: cannot find type `Option` in this scope\n  --> src/lib.rs:99:26\n   |\n99 |     pub fn get(&self) -> Option<&T> {\n   |                          ^^^^^^ not found in this scope\n\nerror[E0425]: cannot find value `None` in this scope\n   --> src/lib.rs:103:13\n    |\n103 |             None\n    |             ^^^^ not found in this scope\n\nerror[E0412]: cannot find type `Option` in this scope\n   --> src/lib.rs:110:34\n    |\n110 |     pub fn get_mut(&mut self) -> Option<&mut T> {\n    |                                  ^^^^^^ not found in this scope\n\nerror[E0425]: cannot find value `None` in this scope\n   --> src/lib.rs:114:13\n    |\n114 |             None\n    |             ^^^^ not found in this scope\n\nerror[E0531]: cannot find tuple struct or tuple variant `Some` in this scope\n   --> src/lib.rs:161:13\n    |\n161 |             Some(s) => write!(f, \"LazyInit {{ data: \")\n    |             ^^^^ not found in this scope\n\nerror[E0405]: cannot find trait `Default` in this scope\n   --> src/lib.rs:169:9\n    |\n169 | impl<T> Default for LazyInit<T> {\n    |         ^^^^^^^ not found in this scope\n\nerror[E0405]: cannot find trait `Drop` in this scope\n   --> src/lib.rs:198:9\n    |\n198 | impl<T> Drop for LazyInit<T> {\n    |         ^^^^ not found in this scope\n\nerror[E0425]: cannot find function, tuple struct or tuple variant `Some` in this scope\n  --> src/lib.rs:71:28\n   |\n71 |                     return Some(unsafe { self.force_get() });\n   |                            ^^^^ not found in this scope\n\nerror[E0425]: cannot find function, tuple struct or tuple variant `Some` in this scope\n   --> src/lib.rs:101:13\n    |\n101 |             Some(unsafe { self.force_get() })\n    |             ^^^^ not found in this scope\n\nerror[E0425]: cannot find function, tuple struct or tuple variant `Some` in this scope\n   --> src/lib.rs:112:13\n    |\n112 |             Some(unsafe { self.force_get_mut() })\n    |             ^^^^ not found in this scope\n\nSome errors have detailed explanations: E0405, E0412, E0425, E0463, E0531.\nFor more information about an error, try `rustc --explain E0405`.\nerror: could not compile `lazyinit` (lib) due to 41 previous errors\n"
            ]
          }
        }
      ]
    }
  ],
  "kinds_order": [
    "Cargo",
    "Clippy(Error)",
    "Clippy(Warn)",
    "Semver Violation",
    "Audit",
    "Mirai",
    "Rapx",
    "Rudra",
    "Lockbud(Probably)",
    "Lockbud(Possibly)",
    "Atomvchecker",
    "Outdated",
    "Geiger",
    "Unused Deps",
    "Unformatted"
  ]
}