{
  "repo": {
    "user": "arceos-hypervisor",
    "repo": "riscv_vcpu"
  },
  "data": [
    {
      "user": "arceos-hypervisor",
      "repo": "riscv_vcpu",
      "pkg": "riscv_vcpu",
      "count": 15,
      "raw_reports": [
        {
          "file": "/home/runner/.cargo/registry/src/index.crates.io-1949cf8c6b5b557f/axaddrspace-0.1.3/src/address_space/backend/alloc.rs",
          "features": "",
          "count": 4,
          "kinds": {
            "Clippy(Error)": [
              "error[E0599]: `&mut PageTable64<Sv39MetaData<addr::GuestPhysAddr>, Rv64PTE, H>` is not an iterator\n  --> /home/runner/.cargo/registry/src/index.crates.io-1949cf8c6b5b557f/axaddrspace-0.1.3/src/address_space/backend/alloc.rs:35:42\n   |\n35 |                     .and_then(|frame| pt.map(addr, frame, PageSize::Size4K, flags).ok())\n   |                                          ^^^ `&mut PageTable64<Sv39MetaData<addr::GuestPhysAddr>, Rv64PTE, H>` is not an iterator\n   |\n  ::: /home/runner/.cargo/registry/src/index.crates.io-1949cf8c6b5b557f/page_table_multiarch-0.5.8/src/bits64.rs:32:1\n   |\n32 | pub struct PageTable64<M: PagingMetaData, PTE: GenericPTE, H: PagingHandler> {\n   | ---------------------------------------------------------------------------- doesn't satisfy `_: Iterator`\n   |\n   = note: the following trait bounds were not satisfied:\n           `PageTable64<Sv39MetaData<addr::GuestPhysAddr>, Rv64PTE, H>: Iterator`\n           which is required by `&mut PageTable64<Sv39MetaData<addr::GuestPhysAddr>, Rv64PTE, H>: Iterator`\n           `&mut PageTable64<Sv39MetaData<addr::GuestPhysAddr>, Rv64PTE, H>: Iterator`\n           which is required by `&mut &mut PageTable64<Sv39MetaData<addr::GuestPhysAddr>, Rv64PTE, H>: Iterator`\n\n",
              "error[E0599]: no method named `map_region` found for mutable reference `&mut PageTable64<Sv39MetaData<addr::GuestPhysAddr>, Rv64PTE, H>` in the current scope\n  --> /home/runner/.cargo/registry/src/index.crates.io-1949cf8c6b5b557f/axaddrspace-0.1.3/src/address_space/backend/alloc.rs:44:16\n   |\n44 |             pt.map_region(\n   |             ---^^^^^^^^^^ method not found in `&mut PageTable64<Sv39MetaData<GuestPhysAddr>, Rv64PTE, H>`\n\n",
              "error[E0599]: no method named `unmap` found for mutable reference `&mut PageTable64<Sv39MetaData<addr::GuestPhysAddr>, Rv64PTE, H>` in the current scope\n  --> /home/runner/.cargo/registry/src/index.crates.io-1949cf8c6b5b557f/axaddrspace-0.1.3/src/address_space/backend/alloc.rs:65:51\n   |\n65 |             if let Ok((frame, page_size, _)) = pt.unmap(addr) {\n   |                                                   ^^^^^ method not found in `&mut PageTable64<Sv39MetaData<GuestPhysAddr>, Rv64PTE, H>`\n\n",
              "error[E0599]: no method named `remap` found for mutable reference `&mut PageTable64<Sv39MetaData<addr::GuestPhysAddr>, Rv64PTE, H>` in the current scope\n  --> /home/runner/.cargo/registry/src/index.crates.io-1949cf8c6b5b557f/axaddrspace-0.1.3/src/address_space/backend/alloc.rs:93:38\n   |\n93 |                 .and_then(|frame| pt.remap(vaddr, frame, orig_flags).ok())\n   |                                      ^^^^^ method not found in `&mut PageTable64<Sv39MetaData<GuestPhysAddr>, Rv64PTE, H>`\n\n"
            ]
          }
        },
        {
          "file": "/home/runner/.cargo/registry/src/index.crates.io-1949cf8c6b5b557f/axaddrspace-0.1.3/src/address_space/backend/linear.rs",
          "features": "",
          "count": 2,
          "kinds": {
            "Clippy(Error)": [
              "error[E0599]: no method named `map_region` found for mutable reference `&mut PageTable64<Sv39MetaData<addr::GuestPhysAddr>, Rv64PTE, H>` in the current scope\n  --> /home/runner/.cargo/registry/src/index.crates.io-1949cf8c6b5b557f/axaddrspace-0.1.3/src/address_space/backend/linear.rs:30:12\n   |\n30 |         pt.map_region(\n   |         ---^^^^^^^^^^ method not found in `&mut PageTable64<Sv39MetaData<GuestPhysAddr>, Rv64PTE, H>`\n\n",
              "error[E0599]: no method named `unmap_region` found for mutable reference `&mut PageTable64<Sv39MetaData<addr::GuestPhysAddr>, Rv64PTE, H>` in the current scope\n  --> /home/runner/.cargo/registry/src/index.crates.io-1949cf8c6b5b557f/axaddrspace-0.1.3/src/address_space/backend/linear.rs:49:12\n   |\n49 |         pt.unmap_region(start, size, true).is_ok()\n   |            ^^^^^^^^^^^^ method not found in `&mut PageTable64<Sv39MetaData<GuestPhysAddr>, Rv64PTE, H>`\n\n"
            ]
          }
        },
        {
          "file": "/home/runner/.cargo/registry/src/index.crates.io-1949cf8c6b5b557f/axaddrspace-0.1.3/src/address_space/backend/mod.rs",
          "features": "",
          "count": 1,
          "kinds": {
            "Clippy(Error)": [
              "error[E0599]: no method named `protect_region` found for mutable reference `&mut PageTable64<Sv39MetaData<addr::GuestPhysAddr>, Rv64PTE, H>` in the current scope\n  --> /home/runner/.cargo/registry/src/index.crates.io-1949cf8c6b5b557f/axaddrspace-0.1.3/src/address_space/backend/mod.rs:88:14\n   |\n87 | /         page_table\n88 | |             .protect_region(start, size, new_flags, true)\n   | |             -^^^^^^^^^^^^^^ method not found in `&mut PageTable64<Sv39MetaData<GuestPhysAddr>, Rv64PTE, H>`\n   | |_____________|\n   |\n\n"
            ]
          }
        },
        {
          "file": "(virtual) clippy",
          "features": "",
          "count": 1,
          "kinds": {
            "Cargo": [
              "// pkg_name=riscv_vcpu, checker=Clippy\n// toolchain=nightly-2025-05-20, target=riscv64gc-unknown-none-elf\n// features=\n// pkg_dir=/mnt/check/batch_2/arceos-hypervisor/riscv_vcpu\n// cmd=cargo clippy --target riscv64gc-unknown-none-elf  --no-deps\n// timestamp=2026-02-07 4:51:54.956616893 +08:00:00\n   Compiling proc-macro2 v1.0.106\n   Compiling quote v1.0.44\n   Compiling unicode-ident v1.0.22\n   Compiling paste v1.0.15\n   Compiling riscv v0.14.0\n    Checking log v0.4.29\n   Compiling heck v0.5.0\n   Compiling equivalent v1.0.2\n   Compiling hashbrown v0.16.1\n    Checking bitflags v2.10.0\n   Compiling axerrno v0.2.2\n    Checking memory_addr v0.4.1\n   Compiling winnow v0.7.14\n   Compiling syn v2.0.114\n    Checking critical-section v1.2.0\n    Checking riscv-pac v0.2.0\n    Checking embedded-hal v1.0.0\n   Compiling indexmap v2.13.0\n   Compiling toml_datetime v0.7.5+spec-1.1.0\n    Checking page_table_entry v0.5.8\n    Checking cfg-if v1.0.4\n    Checking bit_field v0.10.3\n    Checking arrayvec v0.7.6\n    Checking memory_set v0.4.1\n   Compiling autocfg v1.5.0\n    Checking numeric-enum-macro v0.2.0\n   Compiling percpu v0.2.2\n    Checking lazyinit v0.2.2\n    Checking sbi-spec v0.0.7\n    Checking sbi-rt v0.0.3\n    Checking bare-metal v1.0.0\n    Checking riscv-decode v0.2.3\n   Compiling memoffset v0.9.1\n    Checking tock-registers v0.9.0\n   Compiling toml_parser v1.0.6+spec-1.1.0\n   Compiling toml_edit v0.23.10+spec-1.0.0\n   Compiling proc-macro-crate v3.4.0\n   Compiling riscv-macros v0.2.0\n   Compiling strum_macros v0.27.2\n   Compiling axvisor_api_proc v0.1.0\n   Compiling crate_interface v0.1.4\n   Compiling percpu_macros v0.2.2\n   Compiling rustsbi-macros v0.0.2\n    Checking rustsbi v0.4.0\n    Checking page_table_multiarch v0.5.8\n    Checking riscv-h v0.1.0\n    Checking strum v0.27.2\n    Checking axerrno v0.1.2\n    Checking axaddrspace v0.1.3\nerror: could not compile `axaddrspace` (lib) due to 7 previous errors\n"
            ]
          }
        },
        {
          "file": "(virtual) lockbud",
          "features": "",
          "count": 1,
          "kinds": {
            "Cargo": [
              "// pkg_name=riscv_vcpu, checker=Lockbud\n// toolchain=nightly-2025-05-20, target=riscv64gc-unknown-none-elf\n// features=\n// pkg_dir=/mnt/check/batch_2/arceos-hypervisor/riscv_vcpu\n// cmd=cargo +nightly-2025-02-01 lockbud -k all -- --target riscv64gc-unknown-none-elf \n// timestamp=2026-02-07 4:52:08.588059503 +08:00:00\n   Compiling proc-macro2 v1.0.106\n   Compiling unicode-ident v1.0.22\n   Compiling quote v1.0.44\n   Compiling paste v1.0.15\n   Compiling riscv v0.14.0\n   Compiling log v0.4.29\n   Compiling heck v0.5.0\n[2026-02-06T20:52:08Z WARN  lockbud::callbacks] [\n      {\n        \"AtomicityViolation\": {\n          \"bug_kind\": \"AtomicityViolation\",\n          \"possibility\": \"Possibly\",\n          \"diagnosis\": {\n            \"fn_name\": \"set_logger_racy\",\n            \"atomic_reader\": \"/home/runner/.cargo/registry/src/index.crates.io-1949cf8c6b5b557f/log-0.4.29/src/lib.rs:1530:11: 1530:40 (#0)\",\n            \"atomic_writer\": \"/home/runner/.cargo/registry/src/index.crates.io-1949cf8c6b5b557f/log-0.4.29/src/lib.rs:1533:13: 1533:56 (#0)\",\n            \"dep_kind\": \"Control\"\n          },\n          \"explanation\": \"atomic::store is data/control dependent on atomic::load\"\n        }\n      }\n    ]\n[2026-02-06T20:52:08Z WARN  lockbud::callbacks] crate log contains bugs: { probably: 0, possibly: 0 }, conflictlock: { probably: 0, possibly: 0 }, condvar_deadlock: { probably: 0, possibly: 0 }, atomicity_violation: { possibly: 1 }, invalid_free: { possibly: 0 }, use_after_free: { possibly: 0 }\n   Compiling riscv-pac v0.2.0\n   Compiling critical-section v1.2.0\n   Compiling embedded-hal v1.0.0\n   Compiling axerrno v0.2.2\n   Compiling bitflags v2.10.0\n   Compiling equivalent v1.0.2\n   Compiling hashbrown v0.16.1\n   Compiling winnow v0.7.14\n   Compiling memory_addr v0.4.1\n   Compiling syn v2.0.114\n   Compiling toml_datetime v0.7.5+spec-1.1.0\n   Compiling indexmap v2.13.0\n   Compiling page_table_entry v0.5.8\n   Compiling bit_field v0.10.3\n   Compiling cfg-if v1.0.4\n   Compiling arrayvec v0.7.6\n   Compiling memory_set v0.4.1\n   Compiling autocfg v1.5.0\n   Compiling percpu v0.2.2\n   Compiling numeric-enum-macro v0.2.0\n   Compiling lazyinit v0.2.2\n   Compiling sbi-spec v0.0.7\n   Compiling sbi-rt v0.0.3\n   Compiling bare-metal v1.0.0\n   Compiling riscv-decode v0.2.3\n   Compiling memoffset v0.9.1\n   Compiling toml_parser v1.0.6+spec-1.1.0\n   Compiling tock-registers v0.9.0\n   Compiling toml_edit v0.23.10+spec-1.0.0\n   Compiling proc-macro-crate v3.4.0\n   Compiling strum_macros v0.27.2\n   Compiling riscv-macros v0.2.0\n   Compiling axvisor_api_proc v0.1.0\n   Compiling crate_interface v0.1.4\n   Compiling percpu_macros v0.2.2\n   Compiling rustsbi-macros v0.0.2\n   Compiling rustsbi v0.4.0\n   Compiling page_table_multiarch v0.5.8\n   Compiling riscv-h v0.1.0\n   Compiling strum v0.27.2\n   Compiling axerrno v0.1.2\n   Compiling axaddrspace v0.1.3\nerror[E0599]: `&mut PageTable64<Sv39MetaData<GuestPhysAddr>, Rv64PTE, H>` is not an iterator\n  --> /home/runner/.cargo/registry/src/index.crates.io-1949cf8c6b5b557f/axaddrspace-0.1.3/src/address_space/backend/alloc.rs:35:42\n   |\n35 |                     .and_then(|frame| pt.map(addr, frame, PageSize::Size4K, flags).ok())\n   |                                          ^^^ `&mut PageTable64<Sv39MetaData<GuestPhysAddr>, Rv64PTE, H>` is not an iterator\n   |\n  ::: /home/runner/.cargo/registry/src/index.crates.io-1949cf8c6b5b557f/page_table_multiarch-0.5.8/src/bits64.rs:32:1\n   |\n32 | pub struct PageTable64<M: PagingMetaData, PTE: GenericPTE, H: PagingHandler> {\n   | ---------------------------------------------------------------------------- doesn't satisfy `_: Iterator`\n   |\n   = note: the full type name has been written to '/mnt/check/batch_2/arceos-hypervisor/riscv_vcpu/target/riscv64gc-unknown-none-elf/debug/deps/axaddrspace-549503a77deee869.long-type-8325247978194459723.txt'\n   = note: consider using `--verbose` to print the full type name to the console\n   = note: the full name for the type has been written to '/mnt/check/batch_2/arceos-hypervisor/riscv_vcpu/target/riscv64gc-unknown-none-elf/debug/deps/axaddrspace-549503a77deee869.long-type-8325247978194459723.txt'\n   = note: consider using `--verbose` to print the full type name to the console\n   = note: the following trait bounds were not satisfied:\n           `page_table_multiarch::PageTable64<page_table_multiarch::riscv::Sv39MetaData<addr::GuestPhysAddr>, page_table_entry::riscv::Rv64PTE, H>: core::iter::Iterator`\n           which is required by `&mut page_table_multiarch::PageTable64<page_table_multiarch::riscv::Sv39MetaData<addr::GuestPhysAddr>, page_table_entry::riscv::Rv64PTE, H>: core::iter::Iterator`\n           `&mut page_table_multiarch::PageTable64<page_table_multiarch::riscv::Sv39MetaData<addr::GuestPhysAddr>, page_table_entry::riscv::Rv64PTE, H>: core::iter::Iterator`\n           which is required by `&mut &mut page_table_multiarch::PageTable64<page_table_multiarch::riscv::Sv39MetaData<addr::GuestPhysAddr>, page_table_entry::riscv::Rv64PTE, H>: core::iter::Iterator`\n\nerror[E0599]: no method named `map_region` found for mutable reference `&mut PageTable64<Sv39MetaData<GuestPhysAddr>, Rv64PTE, H>` in the current scope\n  --> /home/runner/.cargo/registry/src/index.crates.io-1949cf8c6b5b557f/axaddrspace-0.1.3/src/address_space/backend/alloc.rs:44:16\n   |\n44 |             pt.map_region(\n   |             ---^^^^^^^^^^ method not found in `&mut PageTable64<Sv39MetaData<GuestPhysAddr>, Rv64PTE, H>`\n   |\n   = note: the full type name has been written to '/mnt/check/batch_2/arceos-hypervisor/riscv_vcpu/target/riscv64gc-unknown-none-elf/debug/deps/axaddrspace-549503a77deee869.long-type-8325247978194459723.txt'\n   = note: consider using `--verbose` to print the full type name to the console\n\nerror[E0599]: no method named `unmap` found for mutable reference `&mut PageTable64<Sv39MetaData<GuestPhysAddr>, Rv64PTE, H>` in the current scope\n  --> /home/runner/.cargo/registry/src/index.crates.io-1949cf8c6b5b557f/axaddrspace-0.1.3/src/address_space/backend/alloc.rs:65:51\n   |\n65 |             if let Ok((frame, page_size, _)) = pt.unmap(addr) {\n   |                                                   ^^^^^ method not found in `&mut PageTable64<Sv39MetaData<GuestPhysAddr>, Rv64PTE, H>`\n   |\n   = note: the full type name has been written to '/mnt/check/batch_2/arceos-hypervisor/riscv_vcpu/target/riscv64gc-unknown-none-elf/debug/deps/axaddrspace-549503a77deee869.long-type-15082746913097674742.txt'\n   = note: consider using `--verbose` to print the full type name to the console\n\nerror[E0599]: no method named `remap` found for mutable reference `&mut PageTable64<Sv39MetaData<GuestPhysAddr>, Rv64PTE, H>` in the current scope\n  --> /home/runner/.cargo/registry/src/index.crates.io-1949cf8c6b5b557f/axaddrspace-0.1.3/src/address_space/backend/alloc.rs:93:38\n   |\n93 |                 .and_then(|frame| pt.remap(vaddr, frame, orig_flags).ok())\n   |                                      ^^^^^ method not found in `&mut PageTable64<Sv39MetaData<GuestPhysAddr>, Rv64PTE, H>`\n   |\n   = note: the full type name has been written to '/mnt/check/batch_2/arceos-hypervisor/riscv_vcpu/target/riscv64gc-unknown-none-elf/debug/deps/axaddrspace-549503a77deee869.long-type-16402841228926633903.txt'\n   = note: consider using `--verbose` to print the full type name to the console\n\nerror[E0599]: no method named `map_region` found for mutable reference `&mut PageTable64<Sv39MetaData<GuestPhysAddr>, Rv64PTE, H>` in the current scope\n  --> /home/runner/.cargo/registry/src/index.crates.io-1949cf8c6b5b557f/axaddrspace-0.1.3/src/address_space/backend/linear.rs:30:12\n   |\n30 |         pt.map_region(\n   |         ---^^^^^^^^^^ method not found in `&mut PageTable64<Sv39MetaData<GuestPhysAddr>, Rv64PTE, H>`\n   |\n   = note: the full type name has been written to '/mnt/check/batch_2/arceos-hypervisor/riscv_vcpu/target/riscv64gc-unknown-none-elf/debug/deps/axaddrspace-549503a77deee869.long-type-2776507235358517161.txt'\n   = note: consider using `--verbose` to print the full type name to the console\n\nerror[E0599]: no method named `unmap_region` found for mutable reference `&mut PageTable64<Sv39MetaData<GuestPhysAddr>, Rv64PTE, H>` in the current scope\n  --> /home/runner/.cargo/registry/src/index.crates.io-1949cf8c6b5b557f/axaddrspace-0.1.3/src/address_space/backend/linear.rs:49:12\n   |\n49 |         pt.unmap_region(start, size, true).is_ok()\n   |            ^^^^^^^^^^^^ method not found in `&mut PageTable64<Sv39MetaData<GuestPhysAddr>, Rv64PTE, H>`\n   |\n   = note: the full type name has been written to '/mnt/check/batch_2/arceos-hypervisor/riscv_vcpu/target/riscv64gc-unknown-none-elf/debug/deps/axaddrspace-549503a77deee869.long-type-14804091224161827028.txt'\n   = note: consider using `--verbose` to print the full type name to the console\n\nerror[E0599]: no method named `protect_region` found for mutable reference `&mut PageTable64<Sv39MetaData<GuestPhysAddr>, Rv64PTE, H>` in the current scope\n  --> /home/runner/.cargo/registry/src/index.crates.io-1949cf8c6b5b557f/axaddrspace-0.1.3/src/address_space/backend/mod.rs:88:14\n   |\n87 | /         page_table\n88 | |             .protect_region(start, size, new_flags, true)\n   | |             -^^^^^^^^^^^^^^ method not found in `&mut PageTable64<Sv39MetaData<GuestPhysAddr>, Rv64PTE, H>`\n   | |_____________|\n   |\n   |\n   = note: the full type name has been written to '/mnt/check/batch_2/arceos-hypervisor/riscv_vcpu/target/riscv64gc-unknown-none-elf/debug/deps/axaddrspace-549503a77deee869.long-type-10877026117940455420.txt'\n   = note: consider using `--verbose` to print the full type name to the console\n\nFor more information about this error, try `rustc --explain E0599`.\nerror: could not compile `axaddrspace` (lib) due to 7 previous errors\n"
            ]
          }
        },
        {
          "file": "(virtual) semver-checks",
          "features": "",
          "count": 1,
          "kinds": {
            "Cargo": [
              "// pkg_name=riscv_vcpu, checker=SemverChecks\n// toolchain=nightly-2025-05-20, target=riscv64gc-unknown-none-elf\n// features=\n// pkg_dir=/mnt/check/batch_2/arceos-hypervisor/riscv_vcpu\n// cmd=cargo +nightly-2025-12-06-x86_64-unknown-linux-gnu semver-checks --target riscv64gc-unknown-none-elf \n// timestamp=2026-02-07 4:52:01.36675892 +08:00:00\n    Building riscv_vcpu v0.2.0 (current)\nerror: running cargo-doc on crate 'riscv_vcpu' failed with output:\n-----\n   Compiling proc-macro2 v1.0.106\n   Compiling unicode-ident v1.0.22\n   Compiling quote v1.0.44\n   Compiling paste v1.0.15\n   Compiling heck v0.5.0\n   Compiling riscv v0.14.0\n    Checking log v0.4.29\n   Compiling axerrno v0.2.2\n   Compiling hashbrown v0.16.1\n    Checking critical-section v1.2.0\n    Checking memory_addr v0.4.1\n    Checking bitflags v2.10.0\n    Checking riscv-pac v0.2.0\n    Checking embedded-hal v1.0.0\n   Compiling winnow v0.7.14\n   Compiling syn v2.0.114\n   Compiling equivalent v1.0.2\n   Compiling indexmap v2.13.0\n   Compiling toml_datetime v0.7.5+spec-1.1.0\n    Checking page_table_entry v0.5.8\n    Checking bit_field v0.10.3\n    Checking cfg-if v1.0.4\n    Checking arrayvec v0.7.6\n    Checking memory_set v0.4.1\n   Compiling percpu v0.2.2\n    Checking numeric-enum-macro v0.2.0\n    Checking lazyinit v0.2.2\n   Compiling autocfg v1.5.0\n    Checking sbi-spec v0.0.7\n    Checking sbi-rt v0.0.3\n    Checking bare-metal v1.0.0\n    Checking riscv-decode v0.2.3\n    Checking tock-registers v0.9.0\n   Compiling memoffset v0.9.1\n   Compiling toml_parser v1.0.6+spec-1.1.0\n   Compiling toml_edit v0.23.10+spec-1.0.0\n   Compiling proc-macro-crate v3.4.0\n   Compiling strum_macros v0.27.2\n   Compiling riscv-macros v0.2.0\n   Compiling axvisor_api_proc v0.1.0\n   Compiling percpu_macros v0.2.2\n   Compiling crate_interface v0.1.4\n   Compiling rustsbi-macros v0.0.2\n    Checking rustsbi v0.4.0\n    Checking page_table_multiarch v0.5.8\n    Checking riscv-h v0.1.0\n    Checking strum v0.27.2\n    Checking axerrno v0.1.2\n    Checking axaddrspace v0.1.3\nerror[E0599]: `&mut PageTable64<Sv39MetaData<addr::GuestPhysAddr>, Rv64PTE, H>` is not an iterator\n  --> /home/runner/.cargo/registry/src/index.crates.io-1949cf8c6b5b557f/axaddrspace-0.1.3/src/address_space/backend/alloc.rs:35:42\n   |\n35 |                     .and_then(|frame| pt.map(addr, frame, PageSize::Size4K, flags).ok())\n   |                                          ^^^ `&mut PageTable64<Sv39MetaData<addr::GuestPhysAddr>, Rv64PTE, H>` is not an iterator\n   |\n  ::: /home/runner/.cargo/registry/src/index.crates.io-1949cf8c6b5b557f/page_table_multiarch-0.5.8/src/bits64.rs:32:1\n   |\n32 | pub struct PageTable64<M: PagingMetaData, PTE: GenericPTE, H: PagingHandler> {\n   | ---------------------------------------------------------------------------- doesn't satisfy `_: Iterator`\n   |\n   = note: the following trait bounds were not satisfied:\n           `PageTable64<Sv39MetaData<addr::GuestPhysAddr>, Rv64PTE, H>: Iterator`\n           which is required by `&mut PageTable64<Sv39MetaData<addr::GuestPhysAddr>, Rv64PTE, H>: Iterator`\n           `&mut PageTable64<Sv39MetaData<addr::GuestPhysAddr>, Rv64PTE, H>: Iterator`\n           which is required by `&mut &mut PageTable64<Sv39MetaData<addr::GuestPhysAddr>, Rv64PTE, H>: Iterator`\n\nerror[E0599]: no method named `map_region` found for mutable reference `&mut PageTable64<Sv39MetaData<addr::GuestPhysAddr>, Rv64PTE, H>` in the current scope\n  --> /home/runner/.cargo/registry/src/index.crates.io-1949cf8c6b5b557f/axaddrspace-0.1.3/src/address_space/backend/alloc.rs:44:16\n   |\n44 |             pt.map_region(\n   |             ---^^^^^^^^^^ method not found in `&mut PageTable64<Sv39MetaData<addr::GuestPhysAddr>, Rv64PTE, H>`\n\nerror[E0599]: no method named `unmap` found for mutable reference `&mut PageTable64<Sv39MetaData<addr::GuestPhysAddr>, Rv64PTE, H>` in the current scope\n  --> /home/runner/.cargo/registry/src/index.crates.io-1949cf8c6b5b557f/axaddrspace-0.1.3/src/address_space/backend/alloc.rs:65:51\n   |\n65 |             if let Ok((frame, page_size, _)) = pt.unmap(addr) {\n   |                                                   ^^^^^ method not found in `&mut PageTable64<Sv39MetaData<addr::GuestPhysAddr>, Rv64PTE, H>`\n\nerror[E0282]: type annotations needed\n  --> /home/runner/.cargo/registry/src/index.crates.io-1949cf8c6b5b557f/axaddrspace-0.1.3/src/address_space/backend/alloc.rs:68:20\n   |\n68 |                 if page_size.is_huge() {\n   |                    ^^^^^^^^^ cannot infer type\n\nerror[E0599]: no method named `remap` found for mutable reference `&mut PageTable64<Sv39MetaData<addr::GuestPhysAddr>, Rv64PTE, H>` in the current scope\n  --> /home/runner/.cargo/registry/src/index.crates.io-1949cf8c6b5b557f/axaddrspace-0.1.3/src/address_space/backend/alloc.rs:93:38\n   |\n93 |                 .and_then(|frame| pt.remap(vaddr, frame, orig_flags).ok())\n   |                                      ^^^^^ method not found in `&mut PageTable64<Sv39MetaData<addr::GuestPhysAddr>, Rv64PTE, H>`\n\nerror[E0599]: no method named `map_region` found for mutable reference `&mut PageTable64<Sv39MetaData<addr::GuestPhysAddr>, Rv64PTE, H>` in the current scope\n  --> /home/runner/.cargo/registry/src/index.crates.io-1949cf8c6b5b557f/axaddrspace-0.1.3/src/address_space/backend/linear.rs:30:12\n   |\n30 |         pt.map_region(\n   |         ---^^^^^^^^^^ method not found in `&mut PageTable64<Sv39MetaData<addr::GuestPhysAddr>, Rv64PTE, H>`\n\nerror[E0282]: type annotations needed\n  --> /home/runner/.cargo/registry/src/index.crates.io-1949cf8c6b5b557f/axaddrspace-0.1.3/src/address_space/backend/linear.rs:32:14\n   |\n32 |             |va| PhysAddr::from(va.as_usize() - pa_va_offset),\n   |              ^^                 -- type must be known at this point\n   |\nhelp: consider giving this closure parameter an explicit type\n   |\n32 |             |va: /* Type */| PhysAddr::from(va.as_usize() - pa_va_offset),\n   |                ++++++++++++\n\nerror[E0599]: no method named `unmap_region` found for mutable reference `&mut PageTable64<Sv39MetaData<addr::GuestPhysAddr>, Rv64PTE, H>` in the current scope\n  --> /home/runner/.cargo/registry/src/index.crates.io-1949cf8c6b5b557f/axaddrspace-0.1.3/src/address_space/backend/linear.rs:49:12\n   |\n49 |         pt.unmap_region(start, size, true).is_ok()\n   |            ^^^^^^^^^^^^ method not found in `&mut PageTable64<Sv39MetaData<addr::GuestPhysAddr>, Rv64PTE, H>`\n\nerror[E0599]: no method named `protect_region` found for mutable reference `&mut PageTable64<Sv39MetaData<addr::GuestPhysAddr>, Rv64PTE, H>` in the current scope\n  --> /home/runner/.cargo/registry/src/index.crates.io-1949cf8c6b5b557f/axaddrspace-0.1.3/src/address_space/backend/mod.rs:88:14\n   |\n87 | /         page_table\n88 | |             .protect_region(start, size, new_flags, true)\n   | |             -^^^^^^^^^^^^^^ method not found in `&mut PageTable64<Sv39MetaData<addr::GuestPhysAddr>, Rv64PTE, H>`\n   | |_____________|\n   |\n\nerror[E0282]: type annotations needed\n  --> /home/runner/.cargo/registry/src/index.crates.io-1949cf8c6b5b557f/axaddrspace-0.1.3/src/address_space/backend/mod.rs:91:19\n   |\n91 |             .map(|tlb| tlb.ignore())\n   |                   ^^^  --- type must be known at this point\n   |\nhelp: consider giving this closure parameter an explicit type\n   |\n91 |             .map(|tlb: /* Type */| tlb.ignore())\n   |                      ++++++++++++\n\nSome errors have detailed explanations: E0282, E0599.\nFor more information about an error, try `rustc --explain E0282`.\nerror: could not compile `axaddrspace` (lib) due to 10 previous errors\n\n-----\n\nerror: failed to build rustdoc for crate riscv_vcpu v0.2.0\nnote: this is usually due to a compilation error in the crate,\n      and is unlikely to be a bug in cargo-semver-checks\nnote: the following command can be used to reproduce the error:\n      cargo new --lib example &&\n          cd example &&\n          echo '[workspace]' >> Cargo.toml &&\n          cargo add --path /mnt/check/batch_2/arceos-hypervisor/riscv_vcpu &&\n          cargo check --target riscv64gc-unknown-none-elf &&\n          cargo doc --target riscv64gc-unknown-none-elf\n\nerror: aborting due to failure to build rustdoc for crate riscv_vcpu v0.2.0\n"
            ]
          }
        },
        {
          "file": "(virtual) udeps",
          "features": "",
          "count": 1,
          "kinds": {
            "Cargo": [
              "// pkg_name=riscv_vcpu, checker=Udeps\n// toolchain=nightly-2025-05-20, target=riscv64gc-unknown-none-elf\n// features=\n// pkg_dir=/mnt/check/batch_2/arceos-hypervisor/riscv_vcpu\n// cmd=cargo +nightly-2025-12-06-x86_64-unknown-linux-gnu udeps --target riscv64gc-unknown-none-elf \n// timestamp=2026-02-07 4:52:17.267039826 +08:00:00\n   Compiling proc-macro2 v1.0.106\n   Compiling quote v1.0.44\n   Compiling unicode-ident v1.0.22\n   Compiling paste v1.0.15\n    Checking log v0.4.29\n   Compiling heck v0.5.0\n   Compiling riscv v0.14.0\n   Compiling axerrno v0.2.2\n    Checking memory_addr v0.4.1\n   Compiling hashbrown v0.16.1\n    Checking bitflags v2.10.0\n    Checking embedded-hal v1.0.0\n    Checking riscv-pac v0.2.0\n    Checking critical-section v1.2.0\n   Compiling winnow v0.7.14\n   Compiling syn v2.0.114\n   Compiling equivalent v1.0.2\n   Compiling indexmap v2.13.0\n   Compiling toml_datetime v0.7.5+spec-1.1.0\n    Checking page_table_entry v0.5.8\n    Checking arrayvec v0.7.6\n    Checking bit_field v0.10.3\n    Checking cfg-if v1.0.4\n    Checking memory_set v0.4.1\n   Compiling autocfg v1.5.0\n    Checking lazyinit v0.2.2\n    Checking numeric-enum-macro v0.2.0\n   Compiling percpu v0.2.2\n    Checking sbi-spec v0.0.7\n    Checking sbi-rt v0.0.3\n    Checking bare-metal v1.0.0\n    Checking riscv-decode v0.2.3\n   Compiling memoffset v0.9.1\n    Checking tock-registers v0.9.0\n   Compiling toml_parser v1.0.6+spec-1.1.0\n   Compiling toml_edit v0.23.10+spec-1.0.0\n   Compiling proc-macro-crate v3.4.0\n   Compiling strum_macros v0.27.2\n   Compiling riscv-macros v0.2.0\n   Compiling crate_interface v0.1.4\n   Compiling percpu_macros v0.2.2\n   Compiling axvisor_api_proc v0.1.0\n   Compiling rustsbi-macros v0.0.2\n    Checking page_table_multiarch v0.5.8\n    Checking riscv-h v0.1.0\n    Checking rustsbi v0.4.0\n    Checking strum v0.27.2\n    Checking axerrno v0.1.2\n    Checking axaddrspace v0.1.3\nerror[E0599]: `&mut PageTable64<Sv39MetaData<addr::GuestPhysAddr>, Rv64PTE, H>` is not an iterator\n  --> /home/runner/.cargo/registry/src/index.crates.io-1949cf8c6b5b557f/axaddrspace-0.1.3/src/address_space/backend/alloc.rs:35:42\n   |\n35 |                     .and_then(|frame| pt.map(addr, frame, PageSize::Size4K, flags).ok())\n   |                                          ^^^ `&mut PageTable64<Sv39MetaData<addr::GuestPhysAddr>, Rv64PTE, H>` is not an iterator\n   |\n  ::: /home/runner/.cargo/registry/src/index.crates.io-1949cf8c6b5b557f/page_table_multiarch-0.5.8/src/bits64.rs:32:1\n   |\n32 | pub struct PageTable64<M: PagingMetaData, PTE: GenericPTE, H: PagingHandler> {\n   | ---------------------------------------------------------------------------- doesn't satisfy `_: Iterator`\n   |\n   = note: the following trait bounds were not satisfied:\n           `PageTable64<Sv39MetaData<addr::GuestPhysAddr>, Rv64PTE, H>: Iterator`\n           which is required by `&mut PageTable64<Sv39MetaData<addr::GuestPhysAddr>, Rv64PTE, H>: Iterator`\n           `&mut PageTable64<Sv39MetaData<addr::GuestPhysAddr>, Rv64PTE, H>: Iterator`\n           which is required by `&mut &mut PageTable64<Sv39MetaData<addr::GuestPhysAddr>, Rv64PTE, H>: Iterator`\n\nerror[E0599]: no method named `map_region` found for mutable reference `&mut PageTable64<Sv39MetaData<addr::GuestPhysAddr>, Rv64PTE, H>` in the current scope\n  --> /home/runner/.cargo/registry/src/index.crates.io-1949cf8c6b5b557f/axaddrspace-0.1.3/src/address_space/backend/alloc.rs:44:16\n   |\n44 |             pt.map_region(\n   |             ---^^^^^^^^^^ method not found in `&mut PageTable64<Sv39MetaData<addr::GuestPhysAddr>, Rv64PTE, H>`\n\nerror[E0599]: no method named `unmap` found for mutable reference `&mut PageTable64<Sv39MetaData<addr::GuestPhysAddr>, Rv64PTE, H>` in the current scope\n  --> /home/runner/.cargo/registry/src/index.crates.io-1949cf8c6b5b557f/axaddrspace-0.1.3/src/address_space/backend/alloc.rs:65:51\n   |\n65 |             if let Ok((frame, page_size, _)) = pt.unmap(addr) {\n   |                                                   ^^^^^ method not found in `&mut PageTable64<Sv39MetaData<addr::GuestPhysAddr>, Rv64PTE, H>`\n\nerror[E0282]: type annotations needed\n  --> /home/runner/.cargo/registry/src/index.crates.io-1949cf8c6b5b557f/axaddrspace-0.1.3/src/address_space/backend/alloc.rs:68:20\n   |\n68 |                 if page_size.is_huge() {\n   |                    ^^^^^^^^^ cannot infer type\n\nerror[E0599]: no method named `remap` found for mutable reference `&mut PageTable64<Sv39MetaData<addr::GuestPhysAddr>, Rv64PTE, H>` in the current scope\n  --> /home/runner/.cargo/registry/src/index.crates.io-1949cf8c6b5b557f/axaddrspace-0.1.3/src/address_space/backend/alloc.rs:93:38\n   |\n93 |                 .and_then(|frame| pt.remap(vaddr, frame, orig_flags).ok())\n   |                                      ^^^^^ method not found in `&mut PageTable64<Sv39MetaData<addr::GuestPhysAddr>, Rv64PTE, H>`\n\nerror[E0599]: no method named `map_region` found for mutable reference `&mut PageTable64<Sv39MetaData<addr::GuestPhysAddr>, Rv64PTE, H>` in the current scope\n  --> /home/runner/.cargo/registry/src/index.crates.io-1949cf8c6b5b557f/axaddrspace-0.1.3/src/address_space/backend/linear.rs:30:12\n   |\n30 |         pt.map_region(\n   |         ---^^^^^^^^^^ method not found in `&mut PageTable64<Sv39MetaData<addr::GuestPhysAddr>, Rv64PTE, H>`\n\nerror[E0282]: type annotations needed\n  --> /home/runner/.cargo/registry/src/index.crates.io-1949cf8c6b5b557f/axaddrspace-0.1.3/src/address_space/backend/linear.rs:32:14\n   |\n32 |             |va| PhysAddr::from(va.as_usize() - pa_va_offset),\n   |              ^^                 -- type must be known at this point\n   |\nhelp: consider giving this closure parameter an explicit type\n   |\n32 |             |va: /* Type */| PhysAddr::from(va.as_usize() - pa_va_offset),\n   |                ++++++++++++\n\nerror[E0599]: no method named `unmap_region` found for mutable reference `&mut PageTable64<Sv39MetaData<addr::GuestPhysAddr>, Rv64PTE, H>` in the current scope\n  --> /home/runner/.cargo/registry/src/index.crates.io-1949cf8c6b5b557f/axaddrspace-0.1.3/src/address_space/backend/linear.rs:49:12\n   |\n49 |         pt.unmap_region(start, size, true).is_ok()\n   |            ^^^^^^^^^^^^ method not found in `&mut PageTable64<Sv39MetaData<addr::GuestPhysAddr>, Rv64PTE, H>`\n\nerror[E0599]: no method named `protect_region` found for mutable reference `&mut PageTable64<Sv39MetaData<addr::GuestPhysAddr>, Rv64PTE, H>` in the current scope\n  --> /home/runner/.cargo/registry/src/index.crates.io-1949cf8c6b5b557f/axaddrspace-0.1.3/src/address_space/backend/mod.rs:88:14\n   |\n87 | /         page_table\n88 | |             .protect_region(start, size, new_flags, true)\n   | |             -^^^^^^^^^^^^^^ method not found in `&mut PageTable64<Sv39MetaData<addr::GuestPhysAddr>, Rv64PTE, H>`\n   | |_____________|\n   |\n\nerror[E0282]: type annotations needed\n  --> /home/runner/.cargo/registry/src/index.crates.io-1949cf8c6b5b557f/axaddrspace-0.1.3/src/address_space/backend/mod.rs:91:19\n   |\n91 |             .map(|tlb| tlb.ignore())\n   |                   ^^^  --- type must be known at this point\n   |\nhelp: consider giving this closure parameter an explicit type\n   |\n91 |             .map(|tlb: /* Type */| tlb.ignore())\n   |                      ++++++++++++\n\nSome errors have detailed explanations: E0282, E0599.\nFor more information about an error, try `rustc --explain E0282`.\nerror: could not compile `axaddrspace` (lib) due to 10 previous errors\n"
            ]
          }
        },
        {
          "file": "Cargo.lock",
          "features": "",
          "count": 1,
          "kinds": {
            "Audit": [
              "Crate:     paste\nVersion:   1.0.15\nWarning:   unmaintained\nTitle:     paste - no longer maintained\nDate:      2024-10-07\nID:        RUSTSEC-2024-0436\nURL:       https://rustsec.org/advisories/RUSTSEC-2024-0436\nDependency tree:\npaste 1.0.15\n└── riscv 0.14.0\n    ├── riscv_vcpu 0.2.0\n    ├── riscv-h 0.1.0\n    │   └── riscv_vcpu 0.2.0\n    └── page_table_multiarch 0.5.8\n        └── axaddrspace 0.1.3\n            ├── riscv_vcpu 0.2.0\n            ├── axvisor_api 0.1.0\n            │   ├── riscv_vcpu 0.2.0\n            │   └── axvcpu 0.1.1\n            │       └── riscv_vcpu 0.2.0\n            └── axvcpu 0.1.1\n\n\n{\n  \"database\": {\n    \"advisory-count\": 915,\n    \"last-commit\": \"5c34c4b1d79d5a5e997682658ebde602d9d22d51\",\n    \"last-updated\": \"2026-02-06T19:14:09+01:00\"\n  },\n  \"lockfile\": {\n    \"dependency-count\": 66\n  },\n  \"settings\": {\n    \"target_arch\": [],\n    \"target_os\": [],\n    \"severity\": null,\n    \"ignore\": [],\n    \"informational_warnings\": [\n      \"unmaintained\",\n      \"unsound\",\n      \"notice\"\n    ]\n  },\n  \"vulnerabilities\": {\n    \"found\": false,\n    \"count\": 0,\n    \"list\": []\n  },\n  \"warnings\": {\n    \"unmaintained\": [\n      {\n        \"kind\": \"unmaintained\",\n        \"package\": {\n          \"name\": \"paste\",\n          \"version\": \"1.0.15\",\n          \"source\": \"registry+https://github.com/rust-lang/crates.io-index\",\n          \"checksum\": \"57c0d7b74b563b49d38dae00a0c37d4d6de9b432382b2892f0574ddcae73fd0a\",\n          \"replace\": null\n        },\n        \"advisory\": {\n          \"id\": \"RUSTSEC-2024-0436\",\n          \"package\": \"paste\",\n          \"title\": \"paste - no longer maintained\",\n          \"description\": \"The creator of the crate `paste` has stated in the [`README.md`](https://github.com/dtolnay/paste/blob/master/README.md) \\nthat this project is not longer maintained as well as archived the repository\\n\\n## Possible Alternative(s)\\n\\n- [`pastey`]: a fork of paste and is aimed to be a drop-in replacement with additional features for paste crate\\n- [`with_builtin_macros`]: crate providing a [superset of `paste`'s functionality including general `macro_rules!` eager expansions](https://docs.rs/with_builtin_macros/0.1.0/with_builtin_macros/macro.with_eager_expansions.html)  and `concat!`/`concat_idents!` macros\\n\\n[`pastey`]: https://crates.io/crates/pastey\\n[`with_builtin_macros`]: https://crates.io/crates/with_builtin_macros\",\n          \"date\": \"2024-10-07\",\n          \"aliases\": [],\n          \"related\": [],\n          \"collection\": \"crates\",\n          \"categories\": [],\n          \"keywords\": [],\n          \"cvss\": null,\n          \"informational\": \"unmaintained\",\n          \"references\": [],\n          \"source\": null,\n          \"url\": \"https://github.com/dtolnay/paste\",\n          \"withdrawn\": null,\n          \"license\": \"CC0-1.0\"\n        },\n        \"affected\": null,\n        \"versions\": {\n          \"patched\": [],\n          \"unaffected\": []\n        }\n      }\n    ]\n  }\n}"
            ]
          }
        },
        {
          "file": "[Udeps] Unused dependencies",
          "features": "",
          "count": 1,
          "kinds": {
            "Unused Deps": [
              "pkg=riscv_vcpu, checker=Udeps\ntoolchain=nightly-2025-05-20, target=riscv64gc-unknown-none-elf\nfeatures=\npkg_dir=/mnt/check/batch_2/arceos-hypervisor/riscv_vcpu\ncmd=cargo +nightly-2025-12-06-x86_64-unknown-linux-gnu udeps --target riscv64gc-unknown-none-elf \ntimestamp=2026-02-07 4:52:23.538436255 +08:00:00\n\n\nstdout:\n\nstderr:\n   Compiling proc-macro2 v1.0.106\n   Compiling quote v1.0.44\n   Compiling unicode-ident v1.0.22\n   Compiling paste v1.0.15\n    Checking log v0.4.29\n   Compiling heck v0.5.0\n   Compiling riscv v0.14.0\n   Compiling axerrno v0.2.2\n    Checking memory_addr v0.4.1\n   Compiling hashbrown v0.16.1\n    Checking bitflags v2.10.0\n    Checking embedded-hal v1.0.0\n    Checking riscv-pac v0.2.0\n    Checking critical-section v1.2.0\n   Compiling winnow v0.7.14\n   Compiling syn v2.0.114\n   Compiling equivalent v1.0.2\n   Compiling indexmap v2.13.0\n   Compiling toml_datetime v0.7.5+spec-1.1.0\n    Checking page_table_entry v0.5.8\n    Checking arrayvec v0.7.6\n    Checking bit_field v0.10.3\n    Checking cfg-if v1.0.4\n    Checking memory_set v0.4.1\n   Compiling autocfg v1.5.0\n    Checking lazyinit v0.2.2\n    Checking numeric-enum-macro v0.2.0\n   Compiling percpu v0.2.2\n    Checking sbi-spec v0.0.7\n    Checking sbi-rt v0.0.3\n    Checking bare-metal v1.0.0\n    Checking riscv-decode v0.2.3\n   Compiling memoffset v0.9.1\n    Checking tock-registers v0.9.0\n   Compiling toml_parser v1.0.6+spec-1.1.0\n   Compiling toml_edit v0.23.10+spec-1.0.0\n   Compiling proc-macro-crate v3.4.0\n   Compiling strum_macros v0.27.2\n   Compiling riscv-macros v0.2.0\n   Compiling crate_interface v0.1.4\n   Compiling percpu_macros v0.2.2\n   Compiling axvisor_api_proc v0.1.0\n   Compiling rustsbi-macros v0.0.2\n    Checking page_table_multiarch v0.5.8\n    Checking riscv-h v0.1.0\n    Checking rustsbi v0.4.0\n    Checking strum v0.27.2\n    Checking axerrno v0.1.2\n    Checking axaddrspace v0.1.3\nerror[E0599]: `&mut PageTable64<Sv39MetaData<addr::GuestPhysAddr>, Rv64PTE, H>` is not an iterator\n  --> /home/runner/.cargo/registry/src/index.crates.io-1949cf8c6b5b557f/axaddrspace-0.1.3/src/address_space/backend/alloc.rs:35:42\n   |\n35 |                     .and_then(|frame| pt.map(addr, frame, PageSize::Size4K, flags).ok())\n   |                                          ^^^ `&mut PageTable64<Sv39MetaData<addr::GuestPhysAddr>, Rv64PTE, H>` is not an iterator\n   |\n  ::: /home/runner/.cargo/registry/src/index.crates.io-1949cf8c6b5b557f/page_table_multiarch-0.5.8/src/bits64.rs:32:1\n   |\n32 | pub struct PageTable64<M: PagingMetaData, PTE: GenericPTE, H: PagingHandler> {\n   | ---------------------------------------------------------------------------- doesn't satisfy `_: Iterator`\n   |\n   = note: the following trait bounds were not satisfied:\n           `PageTable64<Sv39MetaData<addr::GuestPhysAddr>, Rv64PTE, H>: Iterator`\n           which is required by `&mut PageTable64<Sv39MetaData<addr::GuestPhysAddr>, Rv64PTE, H>: Iterator`\n           `&mut PageTable64<Sv39MetaData<addr::GuestPhysAddr>, Rv64PTE, H>: Iterator`\n           which is required by `&mut &mut PageTable64<Sv39MetaData<addr::GuestPhysAddr>, Rv64PTE, H>: Iterator`\n\nerror[E0599]: no method named `map_region` found for mutable reference `&mut PageTable64<Sv39MetaData<addr::GuestPhysAddr>, Rv64PTE, H>` in the current scope\n  --> /home/runner/.cargo/registry/src/index.crates.io-1949cf8c6b5b557f/axaddrspace-0.1.3/src/address_space/backend/alloc.rs:44:16\n   |\n44 |             pt.map_region(\n   |             ---^^^^^^^^^^ method not found in `&mut PageTable64<Sv39MetaData<addr::GuestPhysAddr>, Rv64PTE, H>`\n\nerror[E0599]: no method named `unmap` found for mutable reference `&mut PageTable64<Sv39MetaData<addr::GuestPhysAddr>, Rv64PTE, H>` in the current scope\n  --> /home/runner/.cargo/registry/src/index.crates.io-1949cf8c6b5b557f/axaddrspace-0.1.3/src/address_space/backend/alloc.rs:65:51\n   |\n65 |             if let Ok((frame, page_size, _)) = pt.unmap(addr) {\n   |                                                   ^^^^^ method not found in `&mut PageTable64<Sv39MetaData<addr::GuestPhysAddr>, Rv64PTE, H>`\n\nerror[E0282]: type annotations needed\n  --> /home/runner/.cargo/registry/src/index.crates.io-1949cf8c6b5b557f/axaddrspace-0.1.3/src/address_space/backend/alloc.rs:68:20\n   |\n68 |                 if page_size.is_huge() {\n   |                    ^^^^^^^^^ cannot infer type\n\nerror[E0599]: no method named `remap` found for mutable reference `&mut PageTable64<Sv39MetaData<addr::GuestPhysAddr>, Rv64PTE, H>` in the current scope\n  --> /home/runner/.cargo/registry/src/index.crates.io-1949cf8c6b5b557f/axaddrspace-0.1.3/src/address_space/backend/alloc.rs:93:38\n   |\n93 |                 .and_then(|frame| pt.remap(vaddr, frame, orig_flags).ok())\n   |                                      ^^^^^ method not found in `&mut PageTable64<Sv39MetaData<addr::GuestPhysAddr>, Rv64PTE, H>`\n\nerror[E0599]: no method named `map_region` found for mutable reference `&mut PageTable64<Sv39MetaData<addr::GuestPhysAddr>, Rv64PTE, H>` in the current scope\n  --> /home/runner/.cargo/registry/src/index.crates.io-1949cf8c6b5b557f/axaddrspace-0.1.3/src/address_space/backend/linear.rs:30:12\n   |\n30 |         pt.map_region(\n   |         ---^^^^^^^^^^ method not found in `&mut PageTable64<Sv39MetaData<addr::GuestPhysAddr>, Rv64PTE, H>`\n\nerror[E0282]: type annotations needed\n  --> /home/runner/.cargo/registry/src/index.crates.io-1949cf8c6b5b557f/axaddrspace-0.1.3/src/address_space/backend/linear.rs:32:14\n   |\n32 |             |va| PhysAddr::from(va.as_usize() - pa_va_offset),\n   |              ^^                 -- type must be known at this point\n   |\nhelp: consider giving this closure parameter an explicit type\n   |\n32 |             |va: /* Type */| PhysAddr::from(va.as_usize() - pa_va_offset),\n   |                ++++++++++++\n\nerror[E0599]: no method named `unmap_region` found for mutable reference `&mut PageTable64<Sv39MetaData<addr::GuestPhysAddr>, Rv64PTE, H>` in the current scope\n  --> /home/runner/.cargo/registry/src/index.crates.io-1949cf8c6b5b557f/axaddrspace-0.1.3/src/address_space/backend/linear.rs:49:12\n   |\n49 |         pt.unmap_region(start, size, true).is_ok()\n   |            ^^^^^^^^^^^^ method not found in `&mut PageTable64<Sv39MetaData<addr::GuestPhysAddr>, Rv64PTE, H>`\n\nerror[E0599]: no method named `protect_region` found for mutable reference `&mut PageTable64<Sv39MetaData<addr::GuestPhysAddr>, Rv64PTE, H>` in the current scope\n  --> /home/runner/.cargo/registry/src/index.crates.io-1949cf8c6b5b557f/axaddrspace-0.1.3/src/address_space/backend/mod.rs:88:14\n   |\n87 | /         page_table\n88 | |             .protect_region(start, size, new_flags, true)\n   | |             -^^^^^^^^^^^^^^ method not found in `&mut PageTable64<Sv39MetaData<addr::GuestPhysAddr>, Rv64PTE, H>`\n   | |_____________|\n   |\n\nerror[E0282]: type annotations needed\n  --> /home/runner/.cargo/registry/src/index.crates.io-1949cf8c6b5b557f/axaddrspace-0.1.3/src/address_space/backend/mod.rs:91:19\n   |\n91 |             .map(|tlb| tlb.ignore())\n   |                   ^^^  --- type must be known at this point\n   |\nhelp: consider giving this closure parameter an explicit type\n   |\n91 |             .map(|tlb: /* Type */| tlb.ignore())\n   |                      ++++++++++++\n\nSome errors have detailed explanations: E0282, E0599.\nFor more information about an error, try `rustc --explain E0282`.\nerror: could not compile `axaddrspace` (lib) due to 10 previous errors\n"
            ]
          }
        },
        {
          "file": "[outdated direct dependencies]",
          "features": "",
          "count": 1,
          "kinds": {
            "Outdated": [
              "pkg=riscv_vcpu, checker=Outdated\ntoolchain=nightly-2025-05-20, target=riscv64gc-unknown-none-elf\nfeatures=\npkg_dir=/mnt/check/batch_2/arceos-hypervisor/riscv_vcpu\ncmd=cargo +nightly-2025-12-06-x86_64-unknown-linux-gnu outdated -R --exit-code=2\ntimestamp=2026-02-07 4:52:17.265966896 +08:00:00\n\nName              Project  Compat  Latest  Kind    Platform\n----              -------  ------  ------  ----    --------\naxaddrspace       0.1.3    ---     0.2.0   Normal  ---\naxerrno           0.1.2    ---     0.2.2   Normal  ---\naxvcpu            0.1.1    ---     0.2.0   Normal  ---\naxvisor_api       0.1.0    ---     0.2.0   Normal  ---\ncrate_interface   0.1.4    ---     0.3.0   Normal  ---\npage_table_entry  0.5.8    ---     0.6.0   Normal  ---\nriscv             0.14.0   ---     0.16.0  Normal  ---\nriscv-h           0.1.0    ---     0.2.0   Normal  ---\nsbi-spec          0.0.7    ---     0.0.8   Normal  ---\ntock-registers    0.9.0    ---     0.10.1  Normal  ---\n"
            ]
          }
        },
        {
          "file": "[semver checks violation]",
          "features": "",
          "count": 1,
          "kinds": {
            "Semver Violation": [
              "pkg=riscv_vcpu, checker=SemverChecks\ntoolchain=nightly-2025-05-20, target=riscv64gc-unknown-none-elf\nfeatures=\npkg_dir=/mnt/check/batch_2/arceos-hypervisor/riscv_vcpu\ncmd=cargo +nightly-2025-12-06-x86_64-unknown-linux-gnu semver-checks --target riscv64gc-unknown-none-elf \ntimestamp=2026-02-07 4:52:08.099654809 +08:00:00\n\n\nstdout:\n\nstderr:\n    Building riscv_vcpu v0.2.0 (current)\nerror: running cargo-doc on crate 'riscv_vcpu' failed with output:\n-----\n   Compiling proc-macro2 v1.0.106\n   Compiling unicode-ident v1.0.22\n   Compiling quote v1.0.44\n   Compiling paste v1.0.15\n   Compiling heck v0.5.0\n   Compiling riscv v0.14.0\n    Checking log v0.4.29\n   Compiling axerrno v0.2.2\n   Compiling hashbrown v0.16.1\n    Checking critical-section v1.2.0\n    Checking memory_addr v0.4.1\n    Checking bitflags v2.10.0\n    Checking riscv-pac v0.2.0\n    Checking embedded-hal v1.0.0\n   Compiling winnow v0.7.14\n   Compiling syn v2.0.114\n   Compiling equivalent v1.0.2\n   Compiling indexmap v2.13.0\n   Compiling toml_datetime v0.7.5+spec-1.1.0\n    Checking page_table_entry v0.5.8\n    Checking bit_field v0.10.3\n    Checking cfg-if v1.0.4\n    Checking arrayvec v0.7.6\n    Checking memory_set v0.4.1\n   Compiling percpu v0.2.2\n    Checking numeric-enum-macro v0.2.0\n    Checking lazyinit v0.2.2\n   Compiling autocfg v1.5.0\n    Checking sbi-spec v0.0.7\n    Checking sbi-rt v0.0.3\n    Checking bare-metal v1.0.0\n    Checking riscv-decode v0.2.3\n    Checking tock-registers v0.9.0\n   Compiling memoffset v0.9.1\n   Compiling toml_parser v1.0.6+spec-1.1.0\n   Compiling toml_edit v0.23.10+spec-1.0.0\n   Compiling proc-macro-crate v3.4.0\n   Compiling strum_macros v0.27.2\n   Compiling riscv-macros v0.2.0\n   Compiling axvisor_api_proc v0.1.0\n   Compiling percpu_macros v0.2.2\n   Compiling crate_interface v0.1.4\n   Compiling rustsbi-macros v0.0.2\n    Checking rustsbi v0.4.0\n    Checking page_table_multiarch v0.5.8\n    Checking riscv-h v0.1.0\n    Checking strum v0.27.2\n    Checking axerrno v0.1.2\n    Checking axaddrspace v0.1.3\nerror[E0599]: `&mut PageTable64<Sv39MetaData<addr::GuestPhysAddr>, Rv64PTE, H>` is not an iterator\n  --> /home/runner/.cargo/registry/src/index.crates.io-1949cf8c6b5b557f/axaddrspace-0.1.3/src/address_space/backend/alloc.rs:35:42\n   |\n35 |                     .and_then(|frame| pt.map(addr, frame, PageSize::Size4K, flags).ok())\n   |                                          ^^^ `&mut PageTable64<Sv39MetaData<addr::GuestPhysAddr>, Rv64PTE, H>` is not an iterator\n   |\n  ::: /home/runner/.cargo/registry/src/index.crates.io-1949cf8c6b5b557f/page_table_multiarch-0.5.8/src/bits64.rs:32:1\n   |\n32 | pub struct PageTable64<M: PagingMetaData, PTE: GenericPTE, H: PagingHandler> {\n   | ---------------------------------------------------------------------------- doesn't satisfy `_: Iterator`\n   |\n   = note: the following trait bounds were not satisfied:\n           `PageTable64<Sv39MetaData<addr::GuestPhysAddr>, Rv64PTE, H>: Iterator`\n           which is required by `&mut PageTable64<Sv39MetaData<addr::GuestPhysAddr>, Rv64PTE, H>: Iterator`\n           `&mut PageTable64<Sv39MetaData<addr::GuestPhysAddr>, Rv64PTE, H>: Iterator`\n           which is required by `&mut &mut PageTable64<Sv39MetaData<addr::GuestPhysAddr>, Rv64PTE, H>: Iterator`\n\nerror[E0599]: no method named `map_region` found for mutable reference `&mut PageTable64<Sv39MetaData<addr::GuestPhysAddr>, Rv64PTE, H>` in the current scope\n  --> /home/runner/.cargo/registry/src/index.crates.io-1949cf8c6b5b557f/axaddrspace-0.1.3/src/address_space/backend/alloc.rs:44:16\n   |\n44 |             pt.map_region(\n   |             ---^^^^^^^^^^ method not found in `&mut PageTable64<Sv39MetaData<addr::GuestPhysAddr>, Rv64PTE, H>`\n\nerror[E0599]: no method named `unmap` found for mutable reference `&mut PageTable64<Sv39MetaData<addr::GuestPhysAddr>, Rv64PTE, H>` in the current scope\n  --> /home/runner/.cargo/registry/src/index.crates.io-1949cf8c6b5b557f/axaddrspace-0.1.3/src/address_space/backend/alloc.rs:65:51\n   |\n65 |             if let Ok((frame, page_size, _)) = pt.unmap(addr) {\n   |                                                   ^^^^^ method not found in `&mut PageTable64<Sv39MetaData<addr::GuestPhysAddr>, Rv64PTE, H>`\n\nerror[E0282]: type annotations needed\n  --> /home/runner/.cargo/registry/src/index.crates.io-1949cf8c6b5b557f/axaddrspace-0.1.3/src/address_space/backend/alloc.rs:68:20\n   |\n68 |                 if page_size.is_huge() {\n   |                    ^^^^^^^^^ cannot infer type\n\nerror[E0599]: no method named `remap` found for mutable reference `&mut PageTable64<Sv39MetaData<addr::GuestPhysAddr>, Rv64PTE, H>` in the current scope\n  --> /home/runner/.cargo/registry/src/index.crates.io-1949cf8c6b5b557f/axaddrspace-0.1.3/src/address_space/backend/alloc.rs:93:38\n   |\n93 |                 .and_then(|frame| pt.remap(vaddr, frame, orig_flags).ok())\n   |                                      ^^^^^ method not found in `&mut PageTable64<Sv39MetaData<addr::GuestPhysAddr>, Rv64PTE, H>`\n\nerror[E0599]: no method named `map_region` found for mutable reference `&mut PageTable64<Sv39MetaData<addr::GuestPhysAddr>, Rv64PTE, H>` in the current scope\n  --> /home/runner/.cargo/registry/src/index.crates.io-1949cf8c6b5b557f/axaddrspace-0.1.3/src/address_space/backend/linear.rs:30:12\n   |\n30 |         pt.map_region(\n   |         ---^^^^^^^^^^ method not found in `&mut PageTable64<Sv39MetaData<addr::GuestPhysAddr>, Rv64PTE, H>`\n\nerror[E0282]: type annotations needed\n  --> /home/runner/.cargo/registry/src/index.crates.io-1949cf8c6b5b557f/axaddrspace-0.1.3/src/address_space/backend/linear.rs:32:14\n   |\n32 |             |va| PhysAddr::from(va.as_usize() - pa_va_offset),\n   |              ^^                 -- type must be known at this point\n   |\nhelp: consider giving this closure parameter an explicit type\n   |\n32 |             |va: /* Type */| PhysAddr::from(va.as_usize() - pa_va_offset),\n   |                ++++++++++++\n\nerror[E0599]: no method named `unmap_region` found for mutable reference `&mut PageTable64<Sv39MetaData<addr::GuestPhysAddr>, Rv64PTE, H>` in the current scope\n  --> /home/runner/.cargo/registry/src/index.crates.io-1949cf8c6b5b557f/axaddrspace-0.1.3/src/address_space/backend/linear.rs:49:12\n   |\n49 |         pt.unmap_region(start, size, true).is_ok()\n   |            ^^^^^^^^^^^^ method not found in `&mut PageTable64<Sv39MetaData<addr::GuestPhysAddr>, Rv64PTE, H>`\n\nerror[E0599]: no method named `protect_region` found for mutable reference `&mut PageTable64<Sv39MetaData<addr::GuestPhysAddr>, Rv64PTE, H>` in the current scope\n  --> /home/runner/.cargo/registry/src/index.crates.io-1949cf8c6b5b557f/axaddrspace-0.1.3/src/address_space/backend/mod.rs:88:14\n   |\n87 | /         page_table\n88 | |             .protect_region(start, size, new_flags, true)\n   | |             -^^^^^^^^^^^^^^ method not found in `&mut PageTable64<Sv39MetaData<addr::GuestPhysAddr>, Rv64PTE, H>`\n   | |_____________|\n   |\n\nerror[E0282]: type annotations needed\n  --> /home/runner/.cargo/registry/src/index.crates.io-1949cf8c6b5b557f/axaddrspace-0.1.3/src/address_space/backend/mod.rs:91:19\n   |\n91 |             .map(|tlb| tlb.ignore())\n   |                   ^^^  --- type must be known at this point\n   |\nhelp: consider giving this closure parameter an explicit type\n   |\n91 |             .map(|tlb: /* Type */| tlb.ignore())\n   |                      ++++++++++++\n\nSome errors have detailed explanations: E0282, E0599.\nFor more information about an error, try `rustc --explain E0282`.\nerror: could not compile `axaddrspace` (lib) due to 10 previous errors\n\n-----\n\nerror: failed to build rustdoc for crate riscv_vcpu v0.2.0\nnote: this is usually due to a compilation error in the crate,\n      and is unlikely to be a bug in cargo-semver-checks\nnote: the following command can be used to reproduce the error:\n      cargo new --lib example &&\n          cd example &&\n          echo '[workspace]' >> Cargo.toml &&\n          cargo add --path /mnt/check/batch_2/arceos-hypervisor/riscv_vcpu &&\n          cargo check --target riscv64gc-unknown-none-elf &&\n          cargo doc --target riscv64gc-unknown-none-elf\n\nerror: aborting due to failure to build rustdoc for crate riscv_vcpu v0.2.0\n"
            ]
          }
        }
      ]
    }
  ],
  "kinds_order": [
    "Cargo",
    "Clippy(Error)",
    "Clippy(Warn)",
    "Semver Violation",
    "Audit",
    "Mirai",
    "Rapx",
    "Rudra",
    "Lockbud(Probably)",
    "Lockbud(Possibly)",
    "Atomvchecker",
    "Outdated",
    "Geiger",
    "Unused Deps",
    "Unformatted"
  ]
}