{
  "env": {
    "tools": {
      "rust_toolchains": {
        "host": {
          "version": "1.86.0-nightly (f7cc13af8 2025-01-25)",
          "commit_hash": "f7cc13af822fe68c64fec0b05aa9dd1412451f7c",
          "commit_date": "2025-01-25",
          "host": "x86_64-unknown-linux-gnu",
          "release": "1.86.0-nightly",
          "llvm_version": "19.1.7"
        },
        "installed": [
          {
            "channel": "nightly-2025-01-26-x86_64-unknown-linux-gnu",
            "profile": null,
            "targets": [
              "x86_64-unknown-linux-gnu"
            ],
            "components": [
              "cargo-x86_64-unknown-linux-gnu",
              "clippy-x86_64-unknown-linux-gnu",
              "rust-std-x86_64-unknown-linux-gnu",
              "rustc-x86_64-unknown-linux-gnu",
              "rustfmt-x86_64-unknown-linux-gnu"
            ],
            "toml_path": "/home/runner/check",
            "need_install_clippy": false,
            "peculiar_targets": null
          }
        ]
      },
      "os_checker": {
        "start": 1739996749397,
        "finish": 1739996750256,
        "duration_ms": 859,
        "git_time": "2025-02-16 16:17:11 +0800",
        "git_sha": "379b4c5f3884500f536ea00ffc0672d2af054861"
      }
    },
    "kinds": {
      "order": [
        "Cargo",
        "Clippy(Error)",
        "Clippy(Warn)",
        "Semver Violation",
        "Audit",
        "Mirai",
        "Rapx",
        "Rudra",
        "Lockbud(Probably)",
        "Lockbud(Possibly)",
        "Outdated",
        "Geiger",
        "Unformatted"
      ],
      "mapping": {
        "cargo": [
          "Cargo"
        ],
        "clippy": [
          "Clippy(Error)",
          "Clippy(Warn)"
        ],
        "semver-checks": [
          "Semver Violation"
        ],
        "audit": [
          "Audit"
        ],
        "mirai": [
          "Mirai"
        ],
        "rapx": [
          "Rapx"
        ],
        "rudra": [
          "Rudra"
        ],
        "lockbud": [
          "Lockbud(Probably)",
          "Lockbud(Possibly)"
        ],
        "outdated": [
          "Outdated"
        ],
        "geiger": [
          "Geiger"
        ],
        "fmt": [
          "Unformatted"
        ]
      }
    },
    "repos": [
      {
        "user": "shilei-massclouds",
        "repo": "axlog2"
      },
      {
        "user": "shilei-massclouds",
        "repo": "axmount"
      }
    ],
    "packages": [
      {
        "name": "axlog2",
        "repo": {
          "repo_idx": 0,
          "user": "shilei-massclouds",
          "repo": "axlog2"
        }
      },
      {
        "name": "rt_axlog2",
        "repo": {
          "repo_idx": 0,
          "user": "shilei-massclouds",
          "repo": "axlog2"
        }
      },
      {
        "name": "",
        "repo": {
          "repo_idx": 1,
          "user": "shilei-massclouds",
          "repo": "axmount"
        }
      }
    ]
  },
  "cmd": [
    {
      "package_idx": 0,
      "tool": "fmt",
      "cmd": "cargo +nightly-2025-01-26-x86_64-unknown-linux-gnu fmt",
      "count": 0,
      "duration_ms": 99,
      "arch": "riscv64gc",
      "target_triple": "riscv64gc-unknown-none-elf",
      "rust_toolchain": "nightly-2024-01-18",
      "features": [],
      "flags": []
    },
    {
      "package_idx": 0,
      "tool": "fmt",
      "cmd": "cargo +nightly-2025-01-26-x86_64-unknown-linux-gnu fmt",
      "count": 0,
      "duration_ms": 99,
      "arch": "x86_64",
      "target_triple": "x86_64-unknown-none",
      "rust_toolchain": "nightly-2024-01-18",
      "features": [],
      "flags": []
    },
    {
      "package_idx": 0,
      "tool": "fmt",
      "cmd": "cargo +nightly-2025-01-26-x86_64-unknown-linux-gnu fmt",
      "count": 0,
      "duration_ms": 100,
      "arch": "aarch64",
      "target_triple": "aarch64-unknown-none-softfloat",
      "rust_toolchain": "nightly-2024-01-18",
      "features": [],
      "flags": []
    },
    {
      "package_idx": 0,
      "tool": "clippy",
      "cmd": "cargo clippy --target aarch64-unknown-none-softfloat  --no-deps",
      "count": 0,
      "duration_ms": 119,
      "arch": "aarch64",
      "target_triple": "aarch64-unknown-none-softfloat",
      "rust_toolchain": "nightly-2024-01-18",
      "features": [],
      "flags": []
    },
    {
      "package_idx": 0,
      "tool": "clippy",
      "cmd": "cargo clippy --target riscv64gc-unknown-none-elf  --no-deps",
      "count": 0,
      "duration_ms": 119,
      "arch": "riscv64gc",
      "target_triple": "riscv64gc-unknown-none-elf",
      "rust_toolchain": "nightly-2024-01-18",
      "features": [],
      "flags": []
    },
    {
      "package_idx": 0,
      "tool": "clippy",
      "cmd": "cargo clippy --target x86_64-unknown-none  --no-deps",
      "count": 0,
      "duration_ms": 120,
      "arch": "x86_64",
      "target_triple": "x86_64-unknown-none",
      "rust_toolchain": "nightly-2024-01-18",
      "features": [],
      "flags": []
    },
    {
      "package_idx": 0,
      "tool": "semver-checks",
      "cmd": "cargo +nightly-2025-01-26-x86_64-unknown-linux-gnu semver-checks --target aarch64-unknown-none-softfloat ",
      "count": 1,
      "duration_ms": 3152,
      "arch": "aarch64",
      "target_triple": "aarch64-unknown-none-softfloat",
      "rust_toolchain": "nightly-2024-01-18",
      "features": [],
      "flags": []
    },
    {
      "package_idx": 0,
      "tool": "semver-checks",
      "cmd": "cargo +nightly-2025-01-26-x86_64-unknown-linux-gnu semver-checks --target riscv64gc-unknown-none-elf ",
      "count": 1,
      "duration_ms": 2218,
      "arch": "riscv64gc",
      "target_triple": "riscv64gc-unknown-none-elf",
      "rust_toolchain": "nightly-2024-01-18",
      "features": [],
      "flags": []
    },
    {
      "package_idx": 0,
      "tool": "semver-checks",
      "cmd": "cargo +nightly-2025-01-26-x86_64-unknown-linux-gnu semver-checks --target x86_64-unknown-none ",
      "count": 1,
      "duration_ms": 1147,
      "arch": "x86_64",
      "target_triple": "x86_64-unknown-none",
      "rust_toolchain": "nightly-2024-01-18",
      "features": [],
      "flags": []
    },
    {
      "package_idx": 0,
      "tool": "lockbud",
      "cmd": "cargo +nightly-2024-12-01 lockbud -k all -- --target aarch64-unknown-none-softfloat ",
      "count": 0,
      "duration_ms": 4227,
      "arch": "aarch64",
      "target_triple": "aarch64-unknown-none-softfloat",
      "rust_toolchain": "nightly-2024-01-18",
      "features": [],
      "flags": []
    },
    {
      "package_idx": 0,
      "tool": "lockbud",
      "cmd": "cargo +nightly-2024-12-01 lockbud -k all -- --target x86_64-unknown-none ",
      "count": 0,
      "duration_ms": 1685,
      "arch": "x86_64",
      "target_triple": "x86_64-unknown-none",
      "rust_toolchain": "nightly-2024-01-18",
      "features": [],
      "flags": []
    },
    {
      "package_idx": 0,
      "tool": "lockbud",
      "cmd": "cargo +nightly-2024-12-01 lockbud -k all -- --target riscv64gc-unknown-none-elf ",
      "count": 0,
      "duration_ms": 552,
      "arch": "riscv64gc",
      "target_triple": "riscv64gc-unknown-none-elf",
      "rust_toolchain": "nightly-2024-01-18",
      "features": [],
      "flags": []
    },
    {
      "package_idx": 0,
      "tool": "rapx",
      "cmd": "cargo +nightly-2024-10-12 rapx -F -M -- --target riscv64gc-unknown-none-elf ",
      "count": 0,
      "duration_ms": 4635,
      "arch": "riscv64gc",
      "target_triple": "riscv64gc-unknown-none-elf",
      "rust_toolchain": "nightly-2024-01-18",
      "features": [],
      "flags": []
    },
    {
      "package_idx": 0,
      "tool": "rapx",
      "cmd": "cargo +nightly-2024-10-12 rapx -F -M -- --target aarch64-unknown-none-softfloat ",
      "count": 0,
      "duration_ms": 4357,
      "arch": "aarch64",
      "target_triple": "aarch64-unknown-none-softfloat",
      "rust_toolchain": "nightly-2024-01-18",
      "features": [],
      "flags": []
    },
    {
      "package_idx": 0,
      "tool": "rapx",
      "cmd": "cargo +nightly-2024-10-12 rapx -F -M -- --target x86_64-unknown-none ",
      "count": 0,
      "duration_ms": 4205,
      "arch": "x86_64",
      "target_triple": "x86_64-unknown-none",
      "rust_toolchain": "nightly-2024-01-18",
      "features": [],
      "flags": []
    },
    {
      "package_idx": 0,
      "tool": "outdated",
      "cmd": "cargo +nightly-2025-01-26-x86_64-unknown-linux-gnu outdated -R --exit-code=2",
      "count": 0,
      "duration_ms": 6853,
      "arch": "aarch64",
      "target_triple": "aarch64-unknown-none-softfloat",
      "rust_toolchain": "nightly-2024-01-18",
      "features": [],
      "flags": []
    },
    {
      "package_idx": 0,
      "tool": "outdated",
      "cmd": "cargo +nightly-2025-01-26-x86_64-unknown-linux-gnu outdated -R --exit-code=2",
      "count": 0,
      "duration_ms": 6762,
      "arch": "riscv64gc",
      "target_triple": "riscv64gc-unknown-none-elf",
      "rust_toolchain": "nightly-2024-01-18",
      "features": [],
      "flags": []
    },
    {
      "package_idx": 0,
      "tool": "outdated",
      "cmd": "cargo +nightly-2025-01-26-x86_64-unknown-linux-gnu outdated -R --exit-code=2",
      "count": 0,
      "duration_ms": 6874,
      "arch": "x86_64",
      "target_triple": "x86_64-unknown-none",
      "rust_toolchain": "nightly-2024-01-18",
      "features": [],
      "flags": []
    },
    {
      "package_idx": 0,
      "tool": "cargo",
      "cmd": "VRITUAL=semver-checks cargo",
      "count": 1,
      "duration_ms": 3152,
      "arch": "aarch64",
      "target_triple": "aarch64-unknown-none-softfloat",
      "rust_toolchain": "nightly-2024-01-18",
      "features": [],
      "flags": []
    },
    {
      "package_idx": 0,
      "tool": "cargo",
      "cmd": "VRITUAL=lockbud cargo",
      "count": 1,
      "duration_ms": 552,
      "arch": "riscv64gc",
      "target_triple": "riscv64gc-unknown-none-elf",
      "rust_toolchain": "nightly-2024-01-18",
      "features": [],
      "flags": []
    },
    {
      "package_idx": 0,
      "tool": "cargo",
      "cmd": "VRITUAL=lockbud cargo",
      "count": 1,
      "duration_ms": 4227,
      "arch": "aarch64",
      "target_triple": "aarch64-unknown-none-softfloat",
      "rust_toolchain": "nightly-2024-01-18",
      "features": [],
      "flags": []
    },
    {
      "package_idx": 0,
      "tool": "cargo",
      "cmd": "VRITUAL=lockbud cargo",
      "count": 1,
      "duration_ms": 1685,
      "arch": "x86_64",
      "target_triple": "x86_64-unknown-none",
      "rust_toolchain": "nightly-2024-01-18",
      "features": [],
      "flags": []
    },
    {
      "package_idx": 0,
      "tool": "cargo",
      "cmd": "VRITUAL=semver-checks cargo",
      "count": 1,
      "duration_ms": 1147,
      "arch": "x86_64",
      "target_triple": "x86_64-unknown-none",
      "rust_toolchain": "nightly-2024-01-18",
      "features": [],
      "flags": []
    },
    {
      "package_idx": 0,
      "tool": "cargo",
      "cmd": "VRITUAL=rapx cargo",
      "count": 1,
      "duration_ms": 4357,
      "arch": "aarch64",
      "target_triple": "aarch64-unknown-none-softfloat",
      "rust_toolchain": "nightly-2024-01-18",
      "features": [],
      "flags": []
    },
    {
      "package_idx": 0,
      "tool": "cargo",
      "cmd": "VRITUAL=rapx cargo",
      "count": 1,
      "duration_ms": 4635,
      "arch": "riscv64gc",
      "target_triple": "riscv64gc-unknown-none-elf",
      "rust_toolchain": "nightly-2024-01-18",
      "features": [],
      "flags": []
    },
    {
      "package_idx": 0,
      "tool": "cargo",
      "cmd": "VRITUAL=semver-checks cargo",
      "count": 1,
      "duration_ms": 2218,
      "arch": "riscv64gc",
      "target_triple": "riscv64gc-unknown-none-elf",
      "rust_toolchain": "nightly-2024-01-18",
      "features": [],
      "flags": []
    },
    {
      "package_idx": 0,
      "tool": "cargo",
      "cmd": "VRITUAL=rapx cargo",
      "count": 1,
      "duration_ms": 4205,
      "arch": "x86_64",
      "target_triple": "x86_64-unknown-none",
      "rust_toolchain": "nightly-2024-01-18",
      "features": [],
      "flags": []
    },
    {
      "package_idx": 1,
      "tool": "fmt",
      "cmd": "cargo +nightly-2025-01-26-x86_64-unknown-linux-gnu fmt",
      "count": 0,
      "duration_ms": 96,
      "arch": "riscv64gc",
      "target_triple": "riscv64gc-unknown-none-elf",
      "rust_toolchain": "nightly-2024-01-18",
      "features": [],
      "flags": []
    },
    {
      "package_idx": 1,
      "tool": "fmt",
      "cmd": "cargo +nightly-2025-01-26-x86_64-unknown-linux-gnu fmt",
      "count": 0,
      "duration_ms": 98,
      "arch": "x86_64",
      "target_triple": "x86_64-unknown-none",
      "rust_toolchain": "nightly-2024-01-18",
      "features": [],
      "flags": []
    },
    {
      "package_idx": 1,
      "tool": "fmt",
      "cmd": "cargo +nightly-2025-01-26-x86_64-unknown-linux-gnu fmt",
      "count": 0,
      "duration_ms": 96,
      "arch": "aarch64",
      "target_triple": "aarch64-unknown-none-softfloat",
      "rust_toolchain": "nightly-2024-01-18",
      "features": [],
      "flags": []
    },
    {
      "package_idx": 1,
      "tool": "clippy",
      "cmd": "cargo clippy --target aarch64-unknown-none-softfloat  --no-deps",
      "count": 0,
      "duration_ms": 119,
      "arch": "aarch64",
      "target_triple": "aarch64-unknown-none-softfloat",
      "rust_toolchain": "nightly-2024-01-18",
      "features": [],
      "flags": []
    },
    {
      "package_idx": 1,
      "tool": "clippy",
      "cmd": "cargo clippy --target riscv64gc-unknown-none-elf  --no-deps",
      "count": 0,
      "duration_ms": 119,
      "arch": "riscv64gc",
      "target_triple": "riscv64gc-unknown-none-elf",
      "rust_toolchain": "nightly-2024-01-18",
      "features": [],
      "flags": []
    },
    {
      "package_idx": 1,
      "tool": "clippy",
      "cmd": "cargo clippy --target x86_64-unknown-none  --no-deps",
      "count": 0,
      "duration_ms": 119,
      "arch": "x86_64",
      "target_triple": "x86_64-unknown-none",
      "rust_toolchain": "nightly-2024-01-18",
      "features": [],
      "flags": []
    },
    {
      "package_idx": 1,
      "tool": "lockbud",
      "cmd": "cargo +nightly-2024-12-01 lockbud -k all -- --target aarch64-unknown-none-softfloat ",
      "count": 0,
      "duration_ms": 1987,
      "arch": "aarch64",
      "target_triple": "aarch64-unknown-none-softfloat",
      "rust_toolchain": "nightly-2024-01-18",
      "features": [],
      "flags": []
    },
    {
      "package_idx": 1,
      "tool": "lockbud",
      "cmd": "cargo +nightly-2024-12-01 lockbud -k all -- --target riscv64gc-unknown-none-elf ",
      "count": 0,
      "duration_ms": 608,
      "arch": "riscv64gc",
      "target_triple": "riscv64gc-unknown-none-elf",
      "rust_toolchain": "nightly-2024-01-18",
      "features": [],
      "flags": []
    },
    {
      "package_idx": 1,
      "tool": "lockbud",
      "cmd": "cargo +nightly-2024-12-01 lockbud -k all -- --target x86_64-unknown-none ",
      "count": 0,
      "duration_ms": 1053,
      "arch": "x86_64",
      "target_triple": "x86_64-unknown-none",
      "rust_toolchain": "nightly-2024-01-18",
      "features": [],
      "flags": []
    },
    {
      "package_idx": 1,
      "tool": "rapx",
      "cmd": "cargo +nightly-2024-10-12 rapx -F -M -- --target riscv64gc-unknown-none-elf ",
      "count": 0,
      "duration_ms": 6351,
      "arch": "riscv64gc",
      "target_triple": "riscv64gc-unknown-none-elf",
      "rust_toolchain": "nightly-2024-01-18",
      "features": [],
      "flags": []
    },
    {
      "package_idx": 1,
      "tool": "rapx",
      "cmd": "cargo +nightly-2024-10-12 rapx -F -M -- --target x86_64-unknown-none ",
      "count": 0,
      "duration_ms": 4579,
      "arch": "x86_64",
      "target_triple": "x86_64-unknown-none",
      "rust_toolchain": "nightly-2024-01-18",
      "features": [],
      "flags": []
    },
    {
      "package_idx": 1,
      "tool": "rapx",
      "cmd": "cargo +nightly-2024-10-12 rapx -F -M -- --target aarch64-unknown-none-softfloat ",
      "count": 0,
      "duration_ms": 6561,
      "arch": "aarch64",
      "target_triple": "aarch64-unknown-none-softfloat",
      "rust_toolchain": "nightly-2024-01-18",
      "features": [],
      "flags": []
    },
    {
      "package_idx": 1,
      "tool": "outdated",
      "cmd": "cargo +nightly-2025-01-26-x86_64-unknown-linux-gnu outdated -R --exit-code=2",
      "count": 0,
      "duration_ms": 6722,
      "arch": "x86_64",
      "target_triple": "x86_64-unknown-none",
      "rust_toolchain": "nightly-2024-01-18",
      "features": [],
      "flags": []
    },
    {
      "package_idx": 1,
      "tool": "outdated",
      "cmd": "cargo +nightly-2025-01-26-x86_64-unknown-linux-gnu outdated -R --exit-code=2",
      "count": 0,
      "duration_ms": 6799,
      "arch": "riscv64gc",
      "target_triple": "riscv64gc-unknown-none-elf",
      "rust_toolchain": "nightly-2024-01-18",
      "features": [],
      "flags": []
    },
    {
      "package_idx": 1,
      "tool": "outdated",
      "cmd": "cargo +nightly-2025-01-26-x86_64-unknown-linux-gnu outdated -R --exit-code=2",
      "count": 0,
      "duration_ms": 6784,
      "arch": "aarch64",
      "target_triple": "aarch64-unknown-none-softfloat",
      "rust_toolchain": "nightly-2024-01-18",
      "features": [],
      "flags": []
    },
    {
      "package_idx": 1,
      "tool": "cargo",
      "cmd": "VRITUAL=rapx cargo",
      "count": 1,
      "duration_ms": 6351,
      "arch": "riscv64gc",
      "target_triple": "riscv64gc-unknown-none-elf",
      "rust_toolchain": "nightly-2024-01-18",
      "features": [],
      "flags": []
    },
    {
      "package_idx": 1,
      "tool": "cargo",
      "cmd": "VRITUAL=rapx cargo",
      "count": 1,
      "duration_ms": 4579,
      "arch": "x86_64",
      "target_triple": "x86_64-unknown-none",
      "rust_toolchain": "nightly-2024-01-18",
      "features": [],
      "flags": []
    },
    {
      "package_idx": 1,
      "tool": "cargo",
      "cmd": "VRITUAL=lockbud cargo",
      "count": 1,
      "duration_ms": 1987,
      "arch": "aarch64",
      "target_triple": "aarch64-unknown-none-softfloat",
      "rust_toolchain": "nightly-2024-01-18",
      "features": [],
      "flags": []
    },
    {
      "package_idx": 1,
      "tool": "cargo",
      "cmd": "VRITUAL=rapx cargo",
      "count": 1,
      "duration_ms": 6561,
      "arch": "aarch64",
      "target_triple": "aarch64-unknown-none-softfloat",
      "rust_toolchain": "nightly-2024-01-18",
      "features": [],
      "flags": []
    },
    {
      "package_idx": 1,
      "tool": "cargo",
      "cmd": "VRITUAL=lockbud cargo",
      "count": 1,
      "duration_ms": 1053,
      "arch": "x86_64",
      "target_triple": "x86_64-unknown-none",
      "rust_toolchain": "nightly-2024-01-18",
      "features": [],
      "flags": []
    },
    {
      "package_idx": 1,
      "tool": "cargo",
      "cmd": "VRITUAL=lockbud cargo",
      "count": 1,
      "duration_ms": 608,
      "arch": "riscv64gc",
      "target_triple": "riscv64gc-unknown-none-elf",
      "rust_toolchain": "nightly-2024-01-18",
      "features": [],
      "flags": []
    },
    {
      "package_idx": 2,
      "tool": "cargo",
      "cmd": "VRITUAL=LayoutParseError cargo",
      "count": 1,
      "duration_ms": 0,
      "arch": "x86_64",
      "target_triple": "x86_64-unknown-linux-gnu",
      "rust_toolchain": "nightly-2025-01-25",
      "features": [],
      "flags": []
    }
  ],
  "data": [
    {
      "cmd_idx": 6,
      "file": "[semver checks]",
      "kind": "Semver Violation",
      "raw": "pkg=axlog2, checker=SemverChecks\ntoolchain=nightly-2024-01-18, target=aarch64-unknown-none-softfloat\nfeatures=\npkg_dir=/home/runner/check/batch_53/shilei-massclouds/axlog2/axlog2\ncmd=cargo +nightly-2025-01-26-x86_64-unknown-linux-gnu semver-checks --target aarch64-unknown-none-softfloat \ntimestamp=2025-02-16 23:50:55.731774827 +08:00:00\n\n\nstdout:\n\nstderr:\n    Building axlog2 v0.1.0 (current)\nerror: running cargo-doc on crate 'axlog2' failed with output:\n-----\n   Compiling equivalent v1.0.2\n   Compiling hashbrown v0.15.2\n   Compiling serde v1.0.217\n   Compiling toml_datetime v0.6.8\n   Compiling winnow v0.5.40\n   Compiling autocfg v1.4.0\n   Compiling indexmap v2.7.1\n   Compiling num-traits v0.2.19\n    Checking cfg-if v1.0.0\n    Checking kernel_guard_base v0.1.0 (ssh://git@github.com/shilei-massclouds/kernel_guard_base#4e672f3e)\n    Checking log v0.4.25\nerror: multiple max_level_* features set\n   --> /home/runner/.cargo/registry/src/index.crates.io-1949cf8c6b5b557f/log-0.4.25/src/lib.rs:368:1\n    |\n368 | compile_error!(\"multiple max_level_* features set\");\n    | ^^^^^^^^^^^^^^^^^^^^^^^^^^^^^^^^^^^^^^^^^^^^^^^^^^^\n\nerror: could not compile `log` (lib) due to 1 previous error\nwarning: build failed, waiting for other jobs to finish...\n\n-----\n\nerror: failed to build rustdoc for crate axlog2 v0.1.0\nnote: this is usually due to a compilation error in the crate,\n      and is unlikely to be a bug in cargo-semver-checks\nnote: the following command can be used to reproduce the compilation error:\n      cargo new --lib example &&\n          cd example &&\n          echo '[workspace]' >> Cargo.toml &&\n          cargo add --path /home/runner/check/batch_53/shilei-massclouds/axlog2/axlog2 --features default,log-level-debug,log-level-error,log-level-info,log-level-off,log-level-trace,log-level-warn,std &&\n          cargo check\n\nerror: aborting due to failure to build rustdoc for crate axlog2 v0.1.0\n"
    },
    {
      "cmd_idx": 7,
      "file": "[semver checks]",
      "kind": "Semver Violation",
      "raw": "pkg=axlog2, checker=SemverChecks\ntoolchain=nightly-2024-01-18, target=riscv64gc-unknown-none-elf\nfeatures=\npkg_dir=/home/runner/check/batch_53/shilei-massclouds/axlog2/axlog2\ncmd=cargo +nightly-2025-01-26-x86_64-unknown-linux-gnu semver-checks --target riscv64gc-unknown-none-elf \ntimestamp=2025-02-16 23:50:57.951826282 +08:00:00\n\n\nstdout:\n\nstderr:\n    Building axlog2 v0.1.0 (current)\nerror: running cargo-doc on crate 'axlog2' failed with output:\n-----\n   Compiling toml_edit v0.19.15\n    Checking nb v1.1.0\n    Checking void v1.0.2\n    Checking static_assertions v1.1.0\n   Compiling riscv v0.10.1\n    Checking cfg-if v1.0.0\n    Checking nb v0.1.3\n    Checking sbi-spec v0.0.4\n    Checking embedded-hal v0.2.7\n   Compiling num-traits v0.2.19\n    Checking critical-section v1.2.0\n    Checking bit_field v0.10.2\n    Checking sbi-rt v0.0.2\n    Checking kernel_guard_base v0.1.0 (ssh://git@github.com/shilei-massclouds/kernel_guard_base#4e672f3e)\n    Checking log v0.4.25\nerror: multiple max_level_* features set\n   --> /home/runner/.cargo/registry/src/index.crates.io-1949cf8c6b5b557f/log-0.4.25/src/lib.rs:368:1\n    |\n368 | compile_error!(\"multiple max_level_* features set\");\n    | ^^^^^^^^^^^^^^^^^^^^^^^^^^^^^^^^^^^^^^^^^^^^^^^^^^^\n\nerror: could not compile `log` (lib) due to 1 previous error\nwarning: build failed, waiting for other jobs to finish...\n\n-----\n\nerror: failed to build rustdoc for crate axlog2 v0.1.0\nnote: this is usually due to a compilation error in the crate,\n      and is unlikely to be a bug in cargo-semver-checks\nnote: the following command can be used to reproduce the compilation error:\n      cargo new --lib example &&\n          cd example &&\n          echo '[workspace]' >> Cargo.toml &&\n          cargo add --path /home/runner/check/batch_53/shilei-massclouds/axlog2/axlog2 --features default,log-level-debug,log-level-error,log-level-info,log-level-off,log-level-trace,log-level-warn,std &&\n          cargo check\n\nerror: aborting due to failure to build rustdoc for crate axlog2 v0.1.0\n"
    },
    {
      "cmd_idx": 8,
      "file": "[semver checks]",
      "kind": "Semver Violation",
      "raw": "pkg=axlog2, checker=SemverChecks\ntoolchain=nightly-2024-01-18, target=x86_64-unknown-none\nfeatures=\npkg_dir=/home/runner/check/batch_53/shilei-massclouds/axlog2/axlog2\ncmd=cargo +nightly-2025-01-26-x86_64-unknown-linux-gnu semver-checks --target x86_64-unknown-none \ntimestamp=2025-02-16 23:50:59.101075154 +08:00:00\n\n\nstdout:\n\nstderr:\n    Building axlog2 v0.1.0 (current)\nerror: running cargo-doc on crate 'axlog2' failed with output:\n-----\n   Compiling rustversion v1.0.19\n   Compiling axconfig v0.1.0 (ssh://git@github.com/shilei-massclouds/axconfig#51b81e4a)\n    Checking cfg-if v1.0.0\n   Compiling num-traits v0.2.19\n    Checking kernel_guard_base v0.1.0 (ssh://git@github.com/shilei-massclouds/kernel_guard_base#4e672f3e)\n    Checking bitflags v2.8.0\n    Checking volatile v0.4.6\n    Checking bit_field v0.10.2\n    Checking spinbase v0.1.0 (ssh://git@github.com/shilei-massclouds/spinbase.git#a3496db8)\n    Checking log v0.4.25\nerror: multiple max_level_* features set\n   --> /home/runner/.cargo/registry/src/index.crates.io-1949cf8c6b5b557f/log-0.4.25/src/lib.rs:368:1\n    |\n368 | compile_error!(\"multiple max_level_* features set\");\n    | ^^^^^^^^^^^^^^^^^^^^^^^^^^^^^^^^^^^^^^^^^^^^^^^^^^^\n\n   Compiling early_console v0.1.0 (ssh://git@github.com/shilei-massclouds/early_console.git#8bc0d219)\nerror: could not compile `log` (lib) due to 1 previous error\nwarning: build failed, waiting for other jobs to finish...\n\n-----\n\nerror: failed to build rustdoc for crate axlog2 v0.1.0\nnote: this is usually due to a compilation error in the crate,\n      and is unlikely to be a bug in cargo-semver-checks\nnote: the following command can be used to reproduce the compilation error:\n      cargo new --lib example &&\n          cd example &&\n          echo '[workspace]' >> Cargo.toml &&\n          cargo add --path /home/runner/check/batch_53/shilei-massclouds/axlog2/axlog2 --features default,log-level-debug,log-level-error,log-level-info,log-level-off,log-level-trace,log-level-warn,std &&\n          cargo check\n\nerror: aborting due to failure to build rustdoc for crate axlog2 v0.1.0\n"
    },
    {
      "cmd_idx": 18,
      "file": "(virtual) semver-checks",
      "kind": "Cargo",
      "raw": "// pkg_name=axlog2, checker=SemverChecks\n// toolchain=nightly-2024-01-18, target=aarch64-unknown-none-softfloat\n// features=\n// pkg_dir=/home/runner/check/batch_53/shilei-massclouds/axlog2/axlog2\n// cmd=cargo +nightly-2025-01-26-x86_64-unknown-linux-gnu semver-checks --target aarch64-unknown-none-softfloat \n// timestamp=2025-02-16 23:50:52.578930222 +08:00:00\n    Building axlog2 v0.1.0 (current)\nerror: running cargo-doc on crate 'axlog2' failed with output:\n-----\n   Compiling equivalent v1.0.2\n   Compiling hashbrown v0.15.2\n   Compiling serde v1.0.217\n   Compiling toml_datetime v0.6.8\n   Compiling winnow v0.5.40\n   Compiling autocfg v1.4.0\n   Compiling indexmap v2.7.1\n   Compiling num-traits v0.2.19\n    Checking cfg-if v1.0.0\n    Checking kernel_guard_base v0.1.0 (ssh://git@github.com/shilei-massclouds/kernel_guard_base#4e672f3e)\n    Checking log v0.4.25\nerror: multiple max_level_* features set\n   --> /home/runner/.cargo/registry/src/index.crates.io-1949cf8c6b5b557f/log-0.4.25/src/lib.rs:368:1\n    |\n368 | compile_error!(\"multiple max_level_* features set\");\n    | ^^^^^^^^^^^^^^^^^^^^^^^^^^^^^^^^^^^^^^^^^^^^^^^^^^^\n\nerror: could not compile `log` (lib) due to 1 previous error\nwarning: build failed, waiting for other jobs to finish...\n\n-----\n\nerror: failed to build rustdoc for crate axlog2 v0.1.0\nnote: this is usually due to a compilation error in the crate,\n      and is unlikely to be a bug in cargo-semver-checks\nnote: the following command can be used to reproduce the compilation error:\n      cargo new --lib example &&\n          cd example &&\n          echo '[workspace]' >> Cargo.toml &&\n          cargo add --path /home/runner/check/batch_53/shilei-massclouds/axlog2/axlog2 --features default,log-level-debug,log-level-error,log-level-info,log-level-off,log-level-trace,log-level-warn,std &&\n          cargo check\n\nerror: aborting due to failure to build rustdoc for crate axlog2 v0.1.0\n"
    },
    {
      "cmd_idx": 19,
      "file": "(virtual) lockbud",
      "kind": "Cargo",
      "raw": "// pkg_name=axlog2, checker=Lockbud\n// toolchain=nightly-2024-01-18, target=riscv64gc-unknown-none-elf\n// features=\n// pkg_dir=/home/runner/check/batch_53/shilei-massclouds/axlog2/axlog2\n// cmd=cargo +nightly-2024-12-01 lockbud -k all -- --target riscv64gc-unknown-none-elf \n// timestamp=2025-02-16 23:51:03.332936279 +08:00:00\n   Compiling nb v1.1.0\n   Compiling cfg-if v1.0.0\n   Compiling riscv v0.10.1\n   Compiling void v1.0.2\n   Compiling static_assertions v1.1.0\n   Compiling nb v0.1.3\n   Compiling axconfig v0.1.0 (ssh://git@github.com/shilei-massclouds/axconfig#51b81e4a)\n   Compiling bit_field v0.10.2\n   Compiling sbi-spec v0.0.4\n   Compiling embedded-hal v0.2.7\n   Compiling critical-section v1.2.0\n   Compiling sbi-rt v0.0.2\n   Compiling early_console v0.1.0 (ssh://git@github.com/shilei-massclouds/early_console.git#8bc0d219)\n   Compiling kernel_guard_base v0.1.0 (ssh://git@github.com/shilei-massclouds/kernel_guard_base#4e672f3e)\n   Compiling bitflags v2.8.0\n   Compiling log v0.4.25\n   Compiling spinbase v0.1.0 (ssh://git@github.com/shilei-massclouds/spinbase.git#a3496db8)\n[2025-02-16T15:51:03Z WARN  lockbud::callbacks] [\n      {\n        \"AtomicityViolation\": {\n          \"bug_kind\": \"AtomicityViolation\",\n          \"possibility\": \"Possibly\",\n          \"diagnosis\": {\n            \"fn_name\": \"set_logger_racy\",\n            \"atomic_reader\": \"/home/runner/.cargo/registry/src/index.crates.io-6f17d22bba15001f/log-0.4.25/src/lib.rs:1453:11: 1453:40 (#0)\",\n            \"atomic_writer\": \"/home/runner/.cargo/registry/src/index.crates.io-6f17d22bba15001f/log-0.4.25/src/lib.rs:1456:13: 1456:56 (#0)\",\n            \"dep_kind\": \"Control\"\n          },\n          \"explanation\": \"atomic::store is data/control dependent on atomic::load\"\n        }\n      }\n    ]\n[2025-02-16T15:51:03Z WARN  lockbud::callbacks] crate log contains bugs: { probably: 0, possibly: 0 }, conflictlock: { probably: 0, possibly: 0 }, condvar_deadlock: { probably: 0, possibly: 0 }, atomicity_violation: { possibly: 1 }, invalid_free: { possibly: 0 }, use_after_free: { possibly: 0 }\nerror[E0432]: unresolved imports `platform::getchar`, `platform::putchar`\n  --> /home/runner/.cargo/git/checkouts/early_console-7e3c35ca140a48a7/8bc0d21/early_console/src/lib.rs:12:20\n   |\n12 | pub use platform::{getchar, putchar};\n   |                    ^^^^^^^  ^^^^^^^ no `putchar` in `platform`\n   |                    |\n   |                    no `getchar` in `platform`\n\nerror[E0433]: failed to resolve: unresolved import\n  --> /home/runner/.cargo/git/checkouts/early_console-7e3c35ca140a48a7/8bc0d21/early_console/src/platform/dummy/mod.rs:31:69\n   |\n31 |     pub(crate) fn platform_regions() -> impl Iterator<Item = crate::mem::MemRegion> {\n   |                                                                     ^^^\n   |                                                                     |\n   |                                                                     unresolved import\n   |                                                                     help: a similar path exists: `core::mem`\n\nerror[E0425]: cannot find function `putchar` in module `platform`\n  --> /home/runner/.cargo/git/checkouts/early_console-7e3c35ca140a48a7/8bc0d21/early_console/src/lib.rs:23:19\n   |\n23 |         platform::putchar(*c);\n   |                   ^^^^^^^ not found in `platform`\n   |\nhelp: consider importing this function\n   |\n12 + use crate::platform::console::putchar;\n   |\nhelp: if you import `putchar`, refer to it directly\n   |\n23 -         platform::putchar(*c);\n23 +         putchar(*c);\n   |\n\nerror[E0425]: cannot find function `getchar` in module `platform`\n  --> /home/runner/.cargo/git/checkouts/early_console-7e3c35ca140a48a7/8bc0d21/early_console/src/lib.rs:31:36\n   |\n31 |         if let Some(c) = platform::getchar() {\n   |                                    ^^^^^^^ not found in `platform`\n   |\nhelp: consider importing this function\n   |\n12 + use crate::platform::console::getchar;\n   |\nhelp: if you import `getchar`, refer to it directly\n   |\n31 -         if let Some(c) = platform::getchar() {\n31 +         if let Some(c) = getchar() {\n   |\n\nSome errors have detailed explanations: E0425, E0432, E0433.\nFor more information about an error, try `rustc --explain E0425`.\nerror: could not compile `early_console` (lib) due to 4 previous errors\n"
    },
    {
      "cmd_idx": 20,
      "file": "(virtual) lockbud",
      "kind": "Cargo",
      "raw": "// pkg_name=axlog2, checker=Lockbud\n// toolchain=nightly-2024-01-18, target=aarch64-unknown-none-softfloat\n// features=\n// pkg_dir=/home/runner/check/batch_53/shilei-massclouds/axlog2/axlog2\n// cmd=cargo +nightly-2024-12-01 lockbud -k all -- --target aarch64-unknown-none-softfloat \n// timestamp=2025-02-16 23:50:59.103049116 +08:00:00\n   Compiling equivalent v1.0.2\n   Compiling hashbrown v0.15.2\n   Compiling serde v1.0.217\n   Compiling toml_datetime v0.6.8\n   Compiling winnow v0.5.40\n   Compiling cfg-if v1.0.0\n   Compiling kernel_guard_base v0.1.0 (ssh://git@github.com/shilei-massclouds/kernel_guard_base#4e672f3e)\n   Compiling bitflags v2.8.0\n   Compiling log v0.4.25\n[2025-02-16T15:50:59Z WARN  lockbud::callbacks] [\n      {\n        \"AtomicityViolation\": {\n          \"bug_kind\": \"AtomicityViolation\",\n          \"possibility\": \"Possibly\",\n          \"diagnosis\": {\n            \"fn_name\": \"set_logger_racy\",\n            \"atomic_reader\": \"/home/runner/.cargo/registry/src/index.crates.io-6f17d22bba15001f/log-0.4.25/src/lib.rs:1453:11: 1453:40 (#0)\",\n            \"atomic_writer\": \"/home/runner/.cargo/registry/src/index.crates.io-6f17d22bba15001f/log-0.4.25/src/lib.rs:1456:13: 1456:56 (#0)\",\n            \"dep_kind\": \"Control\"\n          },\n          \"explanation\": \"atomic::store is data/control dependent on atomic::load\"\n        }\n      }\n    ]\n[2025-02-16T15:50:59Z WARN  lockbud::callbacks] crate log contains bugs: { probably: 0, possibly: 0 }, conflictlock: { probably: 0, possibly: 0 }, condvar_deadlock: { probably: 0, possibly: 0 }, atomicity_violation: { possibly: 1 }, invalid_free: { possibly: 0 }, use_after_free: { possibly: 0 }\n   Compiling indexmap v2.7.1\n   Compiling spinbase v0.1.0 (ssh://git@github.com/shilei-massclouds/spinbase.git#a3496db8)\n   Compiling toml_edit v0.19.15\n   Compiling axconfig v0.1.0 (ssh://git@github.com/shilei-massclouds/axconfig#51b81e4a)\n   Compiling early_console v0.1.0 (ssh://git@github.com/shilei-massclouds/early_console.git#8bc0d219)\nerror[E0583]: file not found for module `aarch64_common`\n --> /home/runner/.cargo/git/checkouts/early_console-7e3c35ca140a48a7/8bc0d21/early_console/src/platform/mod.rs:5:9\n  |\n5 |         mod aarch64_common;\n  |         ^^^^^^^^^^^^^^^^^^^\n  |\n  = help: to create the module `aarch64_common`, create file \"/home/runner/.cargo/git/checkouts/early_console-7e3c35ca140a48a7/8bc0d21/early_console/src/platform/aarch64_common.rs\" or \"/home/runner/.cargo/git/checkouts/early_console-7e3c35ca140a48a7/8bc0d21/early_console/src/platform/aarch64_common/mod.rs\"\n  = note: if there is a `mod aarch64_common` elsewhere in the crate already, import it with `use crate::...` instead\n\nerror[E0432]: unresolved imports `platform::getchar`, `platform::putchar`\n  --> /home/runner/.cargo/git/checkouts/early_console-7e3c35ca140a48a7/8bc0d21/early_console/src/lib.rs:12:20\n   |\n12 | pub use platform::{getchar, putchar};\n   |                    ^^^^^^^  ^^^^^^^ no `putchar` in `platform`\n   |                    |\n   |                    no `getchar` in `platform`\n\nerror[E0433]: failed to resolve: unresolved import\n  --> /home/runner/.cargo/git/checkouts/early_console-7e3c35ca140a48a7/8bc0d21/early_console/src/platform/dummy/mod.rs:31:69\n   |\n31 |     pub(crate) fn platform_regions() -> impl Iterator<Item = crate::mem::MemRegion> {\n   |                                                                     ^^^\n   |                                                                     |\n   |                                                                     unresolved import\n   |                                                                     help: a similar path exists: `core::mem`\n\nerror[E0425]: cannot find function `putchar` in module `platform`\n  --> /home/runner/.cargo/git/checkouts/early_console-7e3c35ca140a48a7/8bc0d21/early_console/src/lib.rs:23:19\n   |\n23 |         platform::putchar(*c);\n   |                   ^^^^^^^ not found in `platform`\n   |\nhelp: consider importing this function\n   |\n12 + use crate::platform::console::putchar;\n   |\nhelp: if you import `putchar`, refer to it directly\n   |\n23 -         platform::putchar(*c);\n23 +         putchar(*c);\n   |\n\nerror[E0425]: cannot find function `getchar` in module `platform`\n  --> /home/runner/.cargo/git/checkouts/early_console-7e3c35ca140a48a7/8bc0d21/early_console/src/lib.rs:31:36\n   |\n31 |         if let Some(c) = platform::getchar() {\n   |                                    ^^^^^^^ not found in `platform`\n   |\nhelp: consider importing this function\n   |\n12 + use crate::platform::console::getchar;\n   |\nhelp: if you import `getchar`, refer to it directly\n   |\n31 -         if let Some(c) = platform::getchar() {\n31 +         if let Some(c) = getchar() {\n   |\n\nSome errors have detailed explanations: E0425, E0432, E0433, E0583.\nFor more information about an error, try `rustc --explain E0425`.\nerror: could not compile `early_console` (lib) due to 5 previous errors\n"
    },
    {
      "cmd_idx": 21,
      "file": "(virtual) lockbud",
      "kind": "Cargo",
      "raw": "// pkg_name=axlog2, checker=Lockbud\n// toolchain=nightly-2024-01-18, target=x86_64-unknown-none\n// features=\n// pkg_dir=/home/runner/check/batch_53/shilei-massclouds/axlog2/axlog2\n// cmd=cargo +nightly-2024-12-01 lockbud -k all -- --target x86_64-unknown-none \n// timestamp=2025-02-16 23:51:03.887635896 +08:00:00\n   Compiling rustversion v1.0.19\n   Compiling cfg-if v1.0.0\n   Compiling volatile v0.4.6\n   Compiling axconfig v0.1.0 (ssh://git@github.com/shilei-massclouds/axconfig#51b81e4a)\n   Compiling bit_field v0.10.2\n   Compiling kernel_guard_base v0.1.0 (ssh://git@github.com/shilei-massclouds/kernel_guard_base#4e672f3e)\n   Compiling bitflags v2.8.0\n   Compiling spinbase v0.1.0 (ssh://git@github.com/shilei-massclouds/spinbase.git#a3496db8)\n   Compiling early_console v0.1.0 (ssh://git@github.com/shilei-massclouds/early_console.git#8bc0d219)\n   Compiling log v0.4.25\n[2025-02-16T15:51:04Z WARN  lockbud::callbacks] [\n      {\n        \"AtomicityViolation\": {\n          \"bug_kind\": \"AtomicityViolation\",\n          \"possibility\": \"Possibly\",\n          \"diagnosis\": {\n            \"fn_name\": \"set_logger_racy\",\n            \"atomic_reader\": \"/home/runner/.cargo/registry/src/index.crates.io-6f17d22bba15001f/log-0.4.25/src/lib.rs:1453:11: 1453:40 (#0)\",\n            \"atomic_writer\": \"/home/runner/.cargo/registry/src/index.crates.io-6f17d22bba15001f/log-0.4.25/src/lib.rs:1456:13: 1456:56 (#0)\",\n            \"dep_kind\": \"Control\"\n          },\n          \"explanation\": \"atomic::store is data/control dependent on atomic::load\"\n        }\n      }\n    ]\n[2025-02-16T15:51:04Z WARN  lockbud::callbacks] crate log contains bugs: { probably: 0, possibly: 0 }, conflictlock: { probably: 0, possibly: 0 }, condvar_deadlock: { probably: 0, possibly: 0 }, atomicity_violation: { possibly: 1 }, invalid_free: { possibly: 0 }, use_after_free: { possibly: 0 }\n   Compiling x86_64 v0.14.13\nerror[E0432]: unresolved imports `platform::getchar`, `platform::putchar`\n  --> /home/runner/.cargo/git/checkouts/early_console-7e3c35ca140a48a7/8bc0d21/early_console/src/lib.rs:12:20\n   |\n12 | pub use platform::{getchar, putchar};\n   |                    ^^^^^^^  ^^^^^^^ no `putchar` in `platform`\n   |                    |\n   |                    no `getchar` in `platform`\n\nerror[E0433]: failed to resolve: unresolved import\n  --> /home/runner/.cargo/git/checkouts/early_console-7e3c35ca140a48a7/8bc0d21/early_console/src/platform/dummy/mod.rs:31:69\n   |\n31 |     pub(crate) fn platform_regions() -> impl Iterator<Item = crate::mem::MemRegion> {\n   |                                                                     ^^^\n   |                                                                     |\n   |                                                                     unresolved import\n   |                                                                     help: a similar path exists: `core::mem`\n\nerror[E0425]: cannot find function `console_init` in module `platform`\n  --> /home/runner/.cargo/git/checkouts/early_console-7e3c35ca140a48a7/8bc0d21/early_console/src/lib.rs:17:15\n   |\n17 |     platform::console_init();\n   |               ^^^^^^^^^^^^ not found in `platform`\n\nerror[E0425]: cannot find function `putchar` in module `platform`\n  --> /home/runner/.cargo/git/checkouts/early_console-7e3c35ca140a48a7/8bc0d21/early_console/src/lib.rs:23:19\n   |\n23 |         platform::putchar(*c);\n   |                   ^^^^^^^ not found in `platform`\n   |\nhelp: consider importing this function\n   |\n12 + use crate::platform::console::putchar;\n   |\nhelp: if you import `putchar`, refer to it directly\n   |\n23 -         platform::putchar(*c);\n23 +         putchar(*c);\n   |\n\nerror[E0425]: cannot find function `getchar` in module `platform`\n  --> /home/runner/.cargo/git/checkouts/early_console-7e3c35ca140a48a7/8bc0d21/early_console/src/lib.rs:31:36\n   |\n31 |         if let Some(c) = platform::getchar() {\n   |                                    ^^^^^^^ not found in `platform`\n   |\nhelp: consider importing this function\n   |\n12 + use crate::platform::console::getchar;\n   |\nhelp: if you import `getchar`, refer to it directly\n   |\n31 -         if let Some(c) = platform::getchar() {\n31 +         if let Some(c) = getchar() {\n   |\n\nSome errors have detailed explanations: E0425, E0432, E0433.\nFor more information about an error, try `rustc --explain E0425`.\nerror: could not compile `early_console` (lib) due to 5 previous errors\nwarning: build failed, waiting for other jobs to finish...\n"
    },
    {
      "cmd_idx": 22,
      "file": "(virtual) semver-checks",
      "kind": "Cargo",
      "raw": "// pkg_name=axlog2, checker=SemverChecks\n// toolchain=nightly-2024-01-18, target=x86_64-unknown-none\n// features=\n// pkg_dir=/home/runner/check/batch_53/shilei-massclouds/axlog2/axlog2\n// cmd=cargo +nightly-2025-01-26-x86_64-unknown-linux-gnu semver-checks --target x86_64-unknown-none \n// timestamp=2025-02-16 23:50:57.953853963 +08:00:00\n    Building axlog2 v0.1.0 (current)\nerror: running cargo-doc on crate 'axlog2' failed with output:\n-----\n   Compiling rustversion v1.0.19\n   Compiling axconfig v0.1.0 (ssh://git@github.com/shilei-massclouds/axconfig#51b81e4a)\n    Checking cfg-if v1.0.0\n   Compiling num-traits v0.2.19\n    Checking kernel_guard_base v0.1.0 (ssh://git@github.com/shilei-massclouds/kernel_guard_base#4e672f3e)\n    Checking bitflags v2.8.0\n    Checking volatile v0.4.6\n    Checking bit_field v0.10.2\n    Checking spinbase v0.1.0 (ssh://git@github.com/shilei-massclouds/spinbase.git#a3496db8)\n    Checking log v0.4.25\nerror: multiple max_level_* features set\n   --> /home/runner/.cargo/registry/src/index.crates.io-1949cf8c6b5b557f/log-0.4.25/src/lib.rs:368:1\n    |\n368 | compile_error!(\"multiple max_level_* features set\");\n    | ^^^^^^^^^^^^^^^^^^^^^^^^^^^^^^^^^^^^^^^^^^^^^^^^^^^\n\n   Compiling early_console v0.1.0 (ssh://git@github.com/shilei-massclouds/early_console.git#8bc0d219)\nerror: could not compile `log` (lib) due to 1 previous error\nwarning: build failed, waiting for other jobs to finish...\n\n-----\n\nerror: failed to build rustdoc for crate axlog2 v0.1.0\nnote: this is usually due to a compilation error in the crate,\n      and is unlikely to be a bug in cargo-semver-checks\nnote: the following command can be used to reproduce the compilation error:\n      cargo new --lib example &&\n          cd example &&\n          echo '[workspace]' >> Cargo.toml &&\n          cargo add --path /home/runner/check/batch_53/shilei-massclouds/axlog2/axlog2 --features default,log-level-debug,log-level-error,log-level-info,log-level-off,log-level-trace,log-level-warn,std &&\n          cargo check\n\nerror: aborting due to failure to build rustdoc for crate axlog2 v0.1.0\n"
    },
    {
      "cmd_idx": 23,
      "file": "(virtual) rapx",
      "kind": "Cargo",
      "raw": "// pkg_name=axlog2, checker=Rapx\n// toolchain=nightly-2024-01-18, target=aarch64-unknown-none-softfloat\n// features=\n// pkg_dir=/home/runner/check/batch_53/shilei-massclouds/axlog2/axlog2\n// cmd=cargo +nightly-2024-10-12 rapx -F -M -- --target aarch64-unknown-none-softfloat \n// timestamp=2025-02-16 23:51:09.377402684 +08:00:00\n   Compiling hashbrown v0.15.2\n   Compiling serde v1.0.217\n   Compiling equivalent v1.0.2\n   Compiling toml_datetime v0.6.8\n   Compiling winnow v0.5.40\n    Checking cfg-if v1.0.0\n    Checking kernel_guard_base v0.1.0 (ssh://git@github.com/shilei-massclouds/kernel_guard_base#4e672f3e)\n    Checking bitflags v2.8.0\n   Compiling indexmap v2.7.1\n    Checking log v0.4.25\n    Checking spinbase v0.1.0 (ssh://git@github.com/shilei-massclouds/spinbase.git#a3496db8)\n   Compiling toml_edit v0.19.15\n   Compiling axconfig v0.1.0 (ssh://git@github.com/shilei-massclouds/axconfig#51b81e4a)\n   Compiling early_console v0.1.0 (ssh://git@github.com/shilei-massclouds/early_console.git#8bc0d219)\nerror[E0583]: file not found for module `aarch64_common`\n --> /home/runner/.cargo/git/checkouts/early_console-7e3c35ca140a48a7/8bc0d21/early_console/src/platform/mod.rs:5:9\n  |\n5 |         mod aarch64_common;\n  |         ^^^^^^^^^^^^^^^^^^^\n  |\n  = help: to create the module `aarch64_common`, create file \"/home/runner/.cargo/git/checkouts/early_console-7e3c35ca140a48a7/8bc0d21/early_console/src/platform/aarch64_common.rs\" or \"/home/runner/.cargo/git/checkouts/early_console-7e3c35ca140a48a7/8bc0d21/early_console/src/platform/aarch64_common/mod.rs\"\n  = note: if there is a `mod aarch64_common` elsewhere in the crate already, import it with `use crate::...` instead\n\nerror[E0432]: unresolved imports `platform::getchar`, `platform::putchar`\n  --> /home/runner/.cargo/git/checkouts/early_console-7e3c35ca140a48a7/8bc0d21/early_console/src/lib.rs:12:20\n   |\n12 | pub use platform::{getchar, putchar};\n   |                    ^^^^^^^  ^^^^^^^ no `putchar` in `platform`\n   |                    |\n   |                    no `getchar` in `platform`\n\nerror[E0433]: failed to resolve: unresolved import\n  --> /home/runner/.cargo/git/checkouts/early_console-7e3c35ca140a48a7/8bc0d21/early_console/src/platform/dummy/mod.rs:31:69\n   |\n31 |     pub(crate) fn platform_regions() -> impl Iterator<Item = crate::mem::MemRegion> {\n   |                                                                     ^^^\n   |                                                                     |\n   |                                                                     unresolved import\n   |                                                                     help: a similar path exists: `core::mem`\n\nerror[E0425]: cannot find function `putchar` in module `platform`\n  --> /home/runner/.cargo/git/checkouts/early_console-7e3c35ca140a48a7/8bc0d21/early_console/src/lib.rs:23:19\n   |\n23 |         platform::putchar(*c);\n   |                   ^^^^^^^ not found in `platform`\n   |\nhelp: consider importing this function\n   |\n12 + use crate::platform::console::putchar;\n   |\nhelp: if you import `putchar`, refer to it directly\n   |\n23 -         platform::putchar(*c);\n23 +         putchar(*c);\n   |\n\nerror[E0425]: cannot find function `getchar` in module `platform`\n  --> /home/runner/.cargo/git/checkouts/early_console-7e3c35ca140a48a7/8bc0d21/early_console/src/lib.rs:31:36\n   |\n31 |         if let Some(c) = platform::getchar() {\n   |                                    ^^^^^^^ not found in `platform`\n   |\nhelp: consider importing this function\n   |\n12 + use crate::platform::console::getchar;\n   |\nhelp: if you import `getchar`, refer to it directly\n   |\n31 -         if let Some(c) = platform::getchar() {\n31 +         if let Some(c) = getchar() {\n   |\n\nSome errors have detailed explanations: E0425, E0432, E0433, E0583.\nFor more information about an error, try `rustc --explain E0425`.\nerror: could not compile `early_console` (lib) due to 5 previous errors\n15:51:13|RAP|ERROR|: Finished with non-zero exit code.\n"
    },
    {
      "cmd_idx": 24,
      "file": "(virtual) rapx",
      "kind": "Cargo",
      "raw": "// pkg_name=axlog2, checker=Rapx\n// toolchain=nightly-2024-01-18, target=riscv64gc-unknown-none-elf\n// features=\n// pkg_dir=/home/runner/check/batch_53/shilei-massclouds/axlog2/axlog2\n// cmd=cargo +nightly-2024-10-12 rapx -F -M -- --target riscv64gc-unknown-none-elf \n// timestamp=2025-02-16 23:51:13.73670251 +08:00:00\n   Compiling equivalent v1.0.2\n   Compiling serde v1.0.217\n   Compiling hashbrown v0.15.2\n   Compiling toml_datetime v0.6.8\n   Compiling winnow v0.5.40\n    Checking nb v1.1.0\n    Checking nb v0.1.3\n    Checking static_assertions v1.1.0\n    Checking void v1.0.2\n   Compiling indexmap v2.7.1\n   Compiling riscv v0.10.1\n    Checking cfg-if v1.0.0\n    Checking embedded-hal v0.2.7\n    Checking sbi-spec v0.0.4\n    Checking bit_field v0.10.2\n    Checking critical-section v1.2.0\n    Checking sbi-rt v0.0.2\n    Checking kernel_guard_base v0.1.0 (ssh://git@github.com/shilei-massclouds/kernel_guard_base#4e672f3e)\n    Checking log v0.4.25\n    Checking bitflags v2.8.0\n    Checking spinbase v0.1.0 (ssh://git@github.com/shilei-massclouds/spinbase.git#a3496db8)\n   Compiling toml_edit v0.19.15\n   Compiling axconfig v0.1.0 (ssh://git@github.com/shilei-massclouds/axconfig#51b81e4a)\n   Compiling early_console v0.1.0 (ssh://git@github.com/shilei-massclouds/early_console.git#8bc0d219)\nerror[E0432]: unresolved imports `platform::getchar`, `platform::putchar`\n  --> /home/runner/.cargo/git/checkouts/early_console-7e3c35ca140a48a7/8bc0d21/early_console/src/lib.rs:12:20\n   |\n12 | pub use platform::{getchar, putchar};\n   |                    ^^^^^^^  ^^^^^^^ no `putchar` in `platform`\n   |                    |\n   |                    no `getchar` in `platform`\n\nerror[E0433]: failed to resolve: unresolved import\n  --> /home/runner/.cargo/git/checkouts/early_console-7e3c35ca140a48a7/8bc0d21/early_console/src/platform/dummy/mod.rs:31:69\n   |\n31 |     pub(crate) fn platform_regions() -> impl Iterator<Item = crate::mem::MemRegion> {\n   |                                                                     ^^^\n   |                                                                     |\n   |                                                                     unresolved import\n   |                                                                     help: a similar path exists: `core::mem`\n\nerror[E0425]: cannot find function `putchar` in module `platform`\n  --> /home/runner/.cargo/git/checkouts/early_console-7e3c35ca140a48a7/8bc0d21/early_console/src/lib.rs:23:19\n   |\n23 |         platform::putchar(*c);\n   |                   ^^^^^^^ not found in `platform`\n   |\nhelp: consider importing this function\n   |\n12 + use crate::platform::console::putchar;\n   |\nhelp: if you import `putchar`, refer to it directly\n   |\n23 -         platform::putchar(*c);\n23 +         putchar(*c);\n   |\n\nerror[E0425]: cannot find function `getchar` in module `platform`\n  --> /home/runner/.cargo/git/checkouts/early_console-7e3c35ca140a48a7/8bc0d21/early_console/src/lib.rs:31:36\n   |\n31 |         if let Some(c) = platform::getchar() {\n   |                                    ^^^^^^^ not found in `platform`\n   |\nhelp: consider importing this function\n   |\n12 + use crate::platform::console::getchar;\n   |\nhelp: if you import `getchar`, refer to it directly\n   |\n31 -         if let Some(c) = platform::getchar() {\n31 +         if let Some(c) = getchar() {\n   |\n\nSome errors have detailed explanations: E0425, E0432, E0433.\nFor more information about an error, try `rustc --explain E0425`.\nerror: could not compile `early_console` (lib) due to 4 previous errors\n15:51:18|RAP|ERROR|: Finished with non-zero exit code.\n"
    },
    {
      "cmd_idx": 25,
      "file": "(virtual) semver-checks",
      "kind": "Cargo",
      "raw": "// pkg_name=axlog2, checker=SemverChecks\n// toolchain=nightly-2024-01-18, target=riscv64gc-unknown-none-elf\n// features=\n// pkg_dir=/home/runner/check/batch_53/shilei-massclouds/axlog2/axlog2\n// cmd=cargo +nightly-2025-01-26-x86_64-unknown-linux-gnu semver-checks --target riscv64gc-unknown-none-elf \n// timestamp=2025-02-16 23:50:55.733647105 +08:00:00\n    Building axlog2 v0.1.0 (current)\nerror: running cargo-doc on crate 'axlog2' failed with output:\n-----\n   Compiling toml_edit v0.19.15\n    Checking nb v1.1.0\n    Checking void v1.0.2\n    Checking static_assertions v1.1.0\n   Compiling riscv v0.10.1\n    Checking cfg-if v1.0.0\n    Checking nb v0.1.3\n    Checking sbi-spec v0.0.4\n    Checking embedded-hal v0.2.7\n   Compiling num-traits v0.2.19\n    Checking critical-section v1.2.0\n    Checking bit_field v0.10.2\n    Checking sbi-rt v0.0.2\n    Checking kernel_guard_base v0.1.0 (ssh://git@github.com/shilei-massclouds/kernel_guard_base#4e672f3e)\n    Checking log v0.4.25\nerror: multiple max_level_* features set\n   --> /home/runner/.cargo/registry/src/index.crates.io-1949cf8c6b5b557f/log-0.4.25/src/lib.rs:368:1\n    |\n368 | compile_error!(\"multiple max_level_* features set\");\n    | ^^^^^^^^^^^^^^^^^^^^^^^^^^^^^^^^^^^^^^^^^^^^^^^^^^^\n\nerror: could not compile `log` (lib) due to 1 previous error\nwarning: build failed, waiting for other jobs to finish...\n\n-----\n\nerror: failed to build rustdoc for crate axlog2 v0.1.0\nnote: this is usually due to a compilation error in the crate,\n      and is unlikely to be a bug in cargo-semver-checks\nnote: the following command can be used to reproduce the compilation error:\n      cargo new --lib example &&\n          cd example &&\n          echo '[workspace]' >> Cargo.toml &&\n          cargo add --path /home/runner/check/batch_53/shilei-massclouds/axlog2/axlog2 --features default,log-level-debug,log-level-error,log-level-info,log-level-off,log-level-trace,log-level-warn,std &&\n          cargo check\n\nerror: aborting due to failure to build rustdoc for crate axlog2 v0.1.0\n"
    },
    {
      "cmd_idx": 26,
      "file": "(virtual) rapx",
      "kind": "Cargo",
      "raw": "// pkg_name=axlog2, checker=Rapx\n// toolchain=nightly-2024-01-18, target=x86_64-unknown-none\n// features=\n// pkg_dir=/home/runner/check/batch_53/shilei-massclouds/axlog2/axlog2\n// cmd=cargo +nightly-2024-10-12 rapx -F -M -- --target x86_64-unknown-none \n// timestamp=2025-02-16 23:51:18.869041776 +08:00:00\n   Compiling hashbrown v0.15.2\n   Compiling serde v1.0.217\n   Compiling equivalent v1.0.2\n   Compiling winnow v0.5.40\n   Compiling toml_datetime v0.6.8\n   Compiling rustversion v1.0.19\n   Compiling indexmap v2.7.1\n    Checking cfg-if v1.0.0\n    Checking kernel_guard_base v0.1.0 (ssh://git@github.com/shilei-massclouds/kernel_guard_base#4e672f3e)\n    Checking bitflags v2.8.0\n    Checking bit_field v0.10.2\n    Checking volatile v0.4.6\n    Checking spinbase v0.1.0 (ssh://git@github.com/shilei-massclouds/spinbase.git#a3496db8)\n    Checking x86_64 v0.14.13\n   Compiling toml_edit v0.19.15\n    Checking log v0.4.25\nerror[E0053]: method `steps_between` has an incompatible type for trait\n   --> /home/runner/.cargo/registry/src/index.crates.io-6f17d22bba15001f/x86_64-0.14.13/src/addr.rs:387:51\n    |\n387 |     fn steps_between(start: &Self, end: &Self) -> (usize, Option<usize>) {\n    |                                                   ^^^^^^^^^^^^^^^^^^^^^^ expected `Option<usize>`, found `(usize, Option<usize>)`\n    |\n    = note: expected signature `fn(&addr::VirtAddr, &addr::VirtAddr) -> Option<usize>`\n               found signature `fn(&addr::VirtAddr, &addr::VirtAddr) -> (usize, Option<usize>)`\nhelp: change the output type to match the trait\n    |\n387 |     fn steps_between(start: &Self, end: &Self) -> Option<usize> {\n    |                                                   ~~~~~~~~~~~~~\n\nerror[E0053]: method `steps_between` has an incompatible type for trait\n   --> /home/runner/.cargo/registry/src/index.crates.io-6f17d22bba15001f/x86_64-0.14.13/src/structures/paging/page.rs:284:51\n    |\n284 |     fn steps_between(start: &Self, end: &Self) -> (usize, Option<usize>) {\n    |                                                   ^^^^^^^^^^^^^^^^^^^^^^ expected `Option<usize>`, found `(usize, Option<usize>)`\n    |\n    = note: expected signature `fn(&Page<_>, &Page<_>) -> Option<usize>`\n               found signature `fn(&Page<_>, &Page<_>) -> (usize, Option<usize>)`\nhelp: change the output type to match the trait\n    |\n284 |     fn steps_between(start: &Self, end: &Self) -> Option<usize> {\n    |                                                   ~~~~~~~~~~~~~\n\nFor more information about this error, try `rustc --explain E0053`.\nerror: could not compile `x86_64` (lib) due to 2 previous errors\nwarning: build failed, waiting for other jobs to finish...\n15:51:23|RAP|ERROR|: Finished with non-zero exit code.\n"
    },
    {
      "cmd_idx": 42,
      "file": "(virtual) rapx",
      "kind": "Cargo",
      "raw": "// pkg_name=rt_axlog2, checker=Rapx\n// toolchain=nightly-2024-01-18, target=riscv64gc-unknown-none-elf\n// features=\n// pkg_dir=/home/runner/check/batch_53/shilei-massclouds/axlog2/rt_axlog2\n// cmd=cargo +nightly-2024-10-12 rapx -F -M -- --target riscv64gc-unknown-none-elf \n// timestamp=2025-02-16 23:51:29.640014612 +08:00:00\n   Compiling equivalent v1.0.2\n   Compiling hashbrown v0.15.2\n   Compiling serde v1.0.217\n   Compiling winnow v0.5.40\n   Compiling toml_datetime v0.6.8\n    Checking nb v1.1.0\n   Compiling proc-macro2 v1.0.93\n   Compiling indexmap v2.7.1\n    Checking cfg-if v1.0.0\n    Checking nb v0.1.3\n    Checking static_assertions v1.1.0\n   Compiling unicode-ident v1.0.16\n   Compiling riscv v0.10.1\n    Checking void v1.0.2\n    Checking embedded-hal v0.2.7\n    Checking sbi-spec v0.0.4\n   Compiling toml_edit v0.19.15\n    Checking log v0.4.25\n    Checking bit_field v0.10.2\n    Checking critical-section v1.2.0\n   Compiling quote v1.0.38\n    Checking sbi-rt v0.0.2\n   Compiling syn v2.0.98\n    Checking kernel_guard_base v0.1.0 (ssh://git@github.com/shilei-massclouds/kernel_guard_base#4e672f3e)\n   Compiling axerrno v0.1.0 (ssh://git@github.com/shilei-massclouds/axerrno#892169aa)\n   Compiling percpu2 v0.1.0 (ssh://git@github.com/shilei-massclouds/percpu2#2fa7f00e)\n    Checking bitflags v2.8.0\n    Checking spinbase v0.1.0 (ssh://git@github.com/shilei-massclouds/spinbase.git#a3496db8)\n    Checking memory_addr v0.1.0 (ssh://git@github.com/shilei-massclouds/memory_addr#8d24a00e)\n    Checking lazy_init v0.1.0 (ssh://git@github.com/shilei-massclouds/lazy_init#3cee00cf)\n    Checking ratio v0.1.0 (ssh://git@github.com/shilei-massclouds/ratio#bc2f2303)\n   Compiling axconfig v0.1.0 (ssh://git@github.com/shilei-massclouds/axconfig#51b81e4a)\n   Compiling early_console v0.1.0 (ssh://git@github.com/shilei-massclouds/early_console.git#8bc0d219)\n   Compiling axhal v0.1.0 (ssh://git@github.com/shilei-massclouds/axhal#db90ff50)\n   Compiling arch_boot v0.1.0 (ssh://git@github.com/shilei-massclouds/arch_boot.git#8663e839)\nerror[E0432]: unresolved imports `platform::getchar`, `platform::putchar`\n  --> /home/runner/.cargo/git/checkouts/early_console-7e3c35ca140a48a7/8bc0d21/early_console/src/lib.rs:12:20\n   |\n12 | pub use platform::{getchar, putchar};\n   |                    ^^^^^^^  ^^^^^^^ no `putchar` in `platform`\n   |                    |\n   |                    no `getchar` in `platform`\n\nerror[E0433]: failed to resolve: unresolved import\n  --> /home/runner/.cargo/git/checkouts/early_console-7e3c35ca140a48a7/8bc0d21/early_console/src/platform/dummy/mod.rs:31:69\n   |\n31 |     pub(crate) fn platform_regions() -> impl Iterator<Item = crate::mem::MemRegion> {\n   |                                                                     ^^^\n   |                                                                     |\n   |                                                                     unresolved import\n   |                                                                     help: a similar path exists: `core::mem`\n\nerror[E0425]: cannot find function `putchar` in module `platform`\n  --> /home/runner/.cargo/git/checkouts/early_console-7e3c35ca140a48a7/8bc0d21/early_console/src/lib.rs:23:19\n   |\n23 |         platform::putchar(*c);\n   |                   ^^^^^^^ not found in `platform`\n   |\nhelp: consider importing this function\n   |\n12 + use crate::platform::console::putchar;\n   |\nhelp: if you import `putchar`, refer to it directly\n   |\n23 -         platform::putchar(*c);\n23 +         putchar(*c);\n   |\n\nerror[E0425]: cannot find function `getchar` in module `platform`\n  --> /home/runner/.cargo/git/checkouts/early_console-7e3c35ca140a48a7/8bc0d21/early_console/src/lib.rs:31:36\n   |\n31 |         if let Some(c) = platform::getchar() {\n   |                                    ^^^^^^^ not found in `platform`\n   |\nhelp: consider importing this function\n   |\n12 + use crate::platform::console::getchar;\n   |\nhelp: if you import `getchar`, refer to it directly\n   |\n31 -         if let Some(c) = platform::getchar() {\n31 +         if let Some(c) = getchar() {\n   |\n\nSome errors have detailed explanations: E0425, E0432, E0433.\nFor more information about an error, try `rustc --explain E0425`.\nerror: could not compile `early_console` (lib) due to 4 previous errors\nwarning: build failed, waiting for other jobs to finish...\n15:51:35|RAP|ERROR|: Finished with non-zero exit code.\n"
    },
    {
      "cmd_idx": 43,
      "file": "(virtual) rapx",
      "kind": "Cargo",
      "raw": "// pkg_name=rt_axlog2, checker=Rapx\n// toolchain=nightly-2024-01-18, target=x86_64-unknown-none\n// features=\n// pkg_dir=/home/runner/check/batch_53/shilei-massclouds/axlog2/rt_axlog2\n// cmd=cargo +nightly-2024-10-12 rapx -F -M -- --target x86_64-unknown-none \n// timestamp=2025-02-16 23:51:35.993948089 +08:00:00\n   Compiling hashbrown v0.15.2\n   Compiling serde v1.0.217\n   Compiling equivalent v1.0.2\n   Compiling toml_datetime v0.6.8\n   Compiling winnow v0.5.40\n    Checking bit_field v0.10.2\n   Compiling rustversion v1.0.19\n   Compiling indexmap v2.7.1\n    Checking cfg-if v1.0.0\n   Compiling proc-macro2 v1.0.93\n    Checking bitflags v2.8.0\n   Compiling unicode-ident v1.0.16\n    Checking volatile v0.4.6\n    Checking bitflags v1.3.2\n    Checking raw-cpuid v10.7.0\n   Compiling toml_edit v0.19.15\n    Checking x86_64 v0.14.13\nerror[E0053]: method `steps_between` has an incompatible type for trait\n   --> /home/runner/.cargo/registry/src/index.crates.io-6f17d22bba15001f/x86_64-0.14.13/src/addr.rs:387:51\n    |\n387 |     fn steps_between(start: &Self, end: &Self) -> (usize, Option<usize>) {\n    |                                                   ^^^^^^^^^^^^^^^^^^^^^^ expected `Option<usize>`, found `(usize, Option<usize>)`\n    |\n    = note: expected signature `fn(&addr::VirtAddr, &addr::VirtAddr) -> Option<usize>`\n               found signature `fn(&addr::VirtAddr, &addr::VirtAddr) -> (usize, Option<usize>)`\nhelp: change the output type to match the trait\n    |\n387 |     fn steps_between(start: &Self, end: &Self) -> Option<usize> {\n    |                                                   ~~~~~~~~~~~~~\n\nerror[E0053]: method `steps_between` has an incompatible type for trait\n   --> /home/runner/.cargo/registry/src/index.crates.io-6f17d22bba15001f/x86_64-0.14.13/src/structures/paging/page.rs:284:51\n    |\n284 |     fn steps_between(start: &Self, end: &Self) -> (usize, Option<usize>) {\n    |                                                   ^^^^^^^^^^^^^^^^^^^^^^ expected `Option<usize>`, found `(usize, Option<usize>)`\n    |\n    = note: expected signature `fn(&Page<_>, &Page<_>) -> Option<usize>`\n               found signature `fn(&Page<_>, &Page<_>) -> (usize, Option<usize>)`\nhelp: change the output type to match the trait\n    |\n284 |     fn steps_between(start: &Self, end: &Self) -> Option<usize> {\n    |                                                   ~~~~~~~~~~~~~\n\nFor more information about this error, try `rustc --explain E0053`.\nerror: could not compile `x86_64` (lib) due to 2 previous errors\nwarning: build failed, waiting for other jobs to finish...\n15:51:40|RAP|ERROR|: Finished with non-zero exit code.\n"
    },
    {
      "cmd_idx": 44,
      "file": "(virtual) lockbud",
      "kind": "Cargo",
      "raw": "// pkg_name=rt_axlog2, checker=Lockbud\n// toolchain=nightly-2024-01-18, target=aarch64-unknown-none-softfloat\n// features=\n// pkg_dir=/home/runner/check/batch_53/shilei-massclouds/axlog2/rt_axlog2\n// cmd=cargo +nightly-2024-12-01 lockbud -k all -- --target aarch64-unknown-none-softfloat \n// timestamp=2025-02-16 23:51:05.575102239 +08:00:00\n   Compiling proc-macro2 v1.0.93\n   Compiling unicode-ident v1.0.16\n[2025-02-16T15:50:59Z WARN  lockbud::callbacks] [\n      {\n        \"AtomicityViolation\": {\n          \"bug_kind\": \"AtomicityViolation\",\n          \"possibility\": \"Possibly\",\n          \"diagnosis\": {\n            \"fn_name\": \"set_logger_racy\",\n            \"atomic_reader\": \"/home/runner/.cargo/registry/src/index.crates.io-6f17d22bba15001f/log-0.4.25/src/lib.rs:1453:11: 1453:40 (#0)\",\n            \"atomic_writer\": \"/home/runner/.cargo/registry/src/index.crates.io-6f17d22bba15001f/log-0.4.25/src/lib.rs:1456:13: 1456:56 (#0)\",\n            \"dep_kind\": \"Control\"\n          },\n          \"explanation\": \"atomic::store is data/control dependent on atomic::load\"\n        }\n      }\n    ]\n[2025-02-16T15:50:59Z WARN  lockbud::callbacks] crate log contains bugs: { probably: 0, possibly: 0 }, conflictlock: { probably: 0, possibly: 0 }, condvar_deadlock: { probably: 0, possibly: 0 }, atomicity_violation: { possibly: 1 }, invalid_free: { possibly: 0 }, use_after_free: { possibly: 0 }\n   Compiling axerrno v0.1.0 (ssh://git@github.com/shilei-massclouds/axerrno#892169aa)\n   Compiling tock-registers v0.8.1\n   Compiling percpu2 v0.1.0 (ssh://git@github.com/shilei-massclouds/percpu2#2fa7f00e)\n   Compiling aarch64-cpu v9.4.0\n   Compiling early_console v0.1.0 (ssh://git@github.com/shilei-massclouds/early_console.git#8bc0d219)\nerror[E0583]: file not found for module `aarch64_common`\n --> /home/runner/.cargo/git/checkouts/early_console-7e3c35ca140a48a7/8bc0d21/early_console/src/platform/mod.rs:5:9\n  |\n5 |         mod aarch64_common;\n  |         ^^^^^^^^^^^^^^^^^^^\n  |\n  = help: to create the module `aarch64_common`, create file \"/home/runner/.cargo/git/checkouts/early_console-7e3c35ca140a48a7/8bc0d21/early_console/src/platform/aarch64_common.rs\" or \"/home/runner/.cargo/git/checkouts/early_console-7e3c35ca140a48a7/8bc0d21/early_console/src/platform/aarch64_common/mod.rs\"\n  = note: if there is a `mod aarch64_common` elsewhere in the crate already, import it with `use crate::...` instead\n\nerror[E0432]: unresolved imports `platform::getchar`, `platform::putchar`\n  --> /home/runner/.cargo/git/checkouts/early_console-7e3c35ca140a48a7/8bc0d21/early_console/src/lib.rs:12:20\n   |\n12 | pub use platform::{getchar, putchar};\n   |                    ^^^^^^^  ^^^^^^^ no `putchar` in `platform`\n   |                    |\n   |                    no `getchar` in `platform`\n\nerror[E0433]: failed to resolve: unresolved import\n  --> /home/runner/.cargo/git/checkouts/early_console-7e3c35ca140a48a7/8bc0d21/early_console/src/platform/dummy/mod.rs:31:69\n   |\n31 |     pub(crate) fn platform_regions() -> impl Iterator<Item = crate::mem::MemRegion> {\n   |                                                                     ^^^\n   |                                                                     |\n   |                                                                     unresolved import\n   |                                                                     help: a similar path exists: `core::mem`\n\nerror[E0425]: cannot find function `putchar` in module `platform`\n  --> /home/runner/.cargo/git/checkouts/early_console-7e3c35ca140a48a7/8bc0d21/early_console/src/lib.rs:23:19\n   |\n23 |         platform::putchar(*c);\n   |                   ^^^^^^^ not found in `platform`\n   |\nhelp: consider importing this function\n   |\n12 + use crate::platform::console::putchar;\n   |\nhelp: if you import `putchar`, refer to it directly\n   |\n23 -         platform::putchar(*c);\n23 +         putchar(*c);\n   |\n\nerror[E0425]: cannot find function `getchar` in module `platform`\n  --> /home/runner/.cargo/git/checkouts/early_console-7e3c35ca140a48a7/8bc0d21/early_console/src/lib.rs:31:36\n   |\n31 |         if let Some(c) = platform::getchar() {\n   |                                    ^^^^^^^ not found in `platform`\n   |\nhelp: consider importing this function\n   |\n12 + use crate::platform::console::getchar;\n   |\nhelp: if you import `getchar`, refer to it directly\n   |\n31 -         if let Some(c) = platform::getchar() {\n31 +         if let Some(c) = getchar() {\n   |\n\nSome errors have detailed explanations: E0425, E0432, E0433, E0583.\nFor more information about an error, try `rustc --explain E0425`.\nerror: could not compile `early_console` (lib) due to 5 previous errors\nwarning: build failed, waiting for other jobs to finish...\n"
    },
    {
      "cmd_idx": 45,
      "file": "(virtual) rapx",
      "kind": "Cargo",
      "raw": "// pkg_name=rt_axlog2, checker=Rapx\n// toolchain=nightly-2024-01-18, target=aarch64-unknown-none-softfloat\n// features=\n// pkg_dir=/home/runner/check/batch_53/shilei-massclouds/axlog2/rt_axlog2\n// cmd=cargo +nightly-2024-10-12 rapx -F -M -- --target aarch64-unknown-none-softfloat \n// timestamp=2025-02-16 23:51:23.07633996 +08:00:00\n   Compiling hashbrown v0.15.2\n   Compiling serde v1.0.217\n   Compiling equivalent v1.0.2\n   Compiling toml_datetime v0.6.8\n   Compiling winnow v0.5.40\n    Checking cfg-if v1.0.0\n   Compiling proc-macro2 v1.0.93\n   Compiling indexmap v2.7.1\n   Compiling unicode-ident v1.0.16\n    Checking log v0.4.25\n   Compiling quote v1.0.38\n   Compiling toml_edit v0.19.15\n    Checking bitflags v2.8.0\n   Compiling syn v2.0.98\n    Checking kernel_guard_base v0.1.0 (ssh://git@github.com/shilei-massclouds/kernel_guard_base#4e672f3e)\n   Compiling percpu2 v0.1.0 (ssh://git@github.com/shilei-massclouds/percpu2#2fa7f00e)\n    Checking tock-registers v0.8.1\n   Compiling axerrno v0.1.0 (ssh://git@github.com/shilei-massclouds/axerrno#892169aa)\n    Checking aarch64-cpu v9.4.0\n    Checking spinbase v0.1.0 (ssh://git@github.com/shilei-massclouds/spinbase.git#a3496db8)\n    Checking ratio v0.1.0 (ssh://git@github.com/shilei-massclouds/ratio#bc2f2303)\n    Checking static_assertions v1.1.0\n    Checking memory_addr v0.1.0 (ssh://git@github.com/shilei-massclouds/memory_addr#8d24a00e)\n    Checking lazy_init v0.1.0 (ssh://git@github.com/shilei-massclouds/lazy_init#3cee00cf)\n   Compiling axconfig v0.1.0 (ssh://git@github.com/shilei-massclouds/axconfig#51b81e4a)\n   Compiling early_console v0.1.0 (ssh://git@github.com/shilei-massclouds/early_console.git#8bc0d219)\n   Compiling axhal v0.1.0 (ssh://git@github.com/shilei-massclouds/axhal#db90ff50)\n   Compiling arch_boot v0.1.0 (ssh://git@github.com/shilei-massclouds/arch_boot.git#8663e839)\n   Compiling percpu_macros2 v0.1.0 (ssh://git@github.com/shilei-massclouds/percpu2#2fa7f00e)\nerror[E0583]: file not found for module `aarch64_common`\n --> /home/runner/.cargo/git/checkouts/early_console-7e3c35ca140a48a7/8bc0d21/early_console/src/platform/mod.rs:5:9\n  |\n5 |         mod aarch64_common;\n  |         ^^^^^^^^^^^^^^^^^^^\n  |\n  = help: to create the module `aarch64_common`, create file \"/home/runner/.cargo/git/checkouts/early_console-7e3c35ca140a48a7/8bc0d21/early_console/src/platform/aarch64_common.rs\" or \"/home/runner/.cargo/git/checkouts/early_console-7e3c35ca140a48a7/8bc0d21/early_console/src/platform/aarch64_common/mod.rs\"\n  = note: if there is a `mod aarch64_common` elsewhere in the crate already, import it with `use crate::...` instead\n\nerror[E0432]: unresolved imports `platform::getchar`, `platform::putchar`\n  --> /home/runner/.cargo/git/checkouts/early_console-7e3c35ca140a48a7/8bc0d21/early_console/src/lib.rs:12:20\n   |\n12 | pub use platform::{getchar, putchar};\n   |                    ^^^^^^^  ^^^^^^^ no `putchar` in `platform`\n   |                    |\n   |                    no `getchar` in `platform`\n\nerror[E0433]: failed to resolve: unresolved import\n  --> /home/runner/.cargo/git/checkouts/early_console-7e3c35ca140a48a7/8bc0d21/early_console/src/platform/dummy/mod.rs:31:69\n   |\n31 |     pub(crate) fn platform_regions() -> impl Iterator<Item = crate::mem::MemRegion> {\n   |                                                                     ^^^\n   |                                                                     |\n   |                                                                     unresolved import\n   |                                                                     help: a similar path exists: `core::mem`\n\nerror[E0425]: cannot find function `putchar` in module `platform`\n  --> /home/runner/.cargo/git/checkouts/early_console-7e3c35ca140a48a7/8bc0d21/early_console/src/lib.rs:23:19\n   |\n23 |         platform::putchar(*c);\n   |                   ^^^^^^^ not found in `platform`\n   |\nhelp: consider importing this function\n   |\n12 + use crate::platform::console::putchar;\n   |\nhelp: if you import `putchar`, refer to it directly\n   |\n23 -         platform::putchar(*c);\n23 +         putchar(*c);\n   |\n\nerror[E0425]: cannot find function `getchar` in module `platform`\n  --> /home/runner/.cargo/git/checkouts/early_console-7e3c35ca140a48a7/8bc0d21/early_console/src/lib.rs:31:36\n   |\n31 |         if let Some(c) = platform::getchar() {\n   |                                    ^^^^^^^ not found in `platform`\n   |\nhelp: consider importing this function\n   |\n12 + use crate::platform::console::getchar;\n   |\nhelp: if you import `getchar`, refer to it directly\n   |\n31 -         if let Some(c) = platform::getchar() {\n31 +         if let Some(c) = getchar() {\n   |\n\nSome errors have detailed explanations: E0425, E0432, E0433, E0583.\nFor more information about an error, try `rustc --explain E0425`.\nerror: could not compile `early_console` (lib) due to 5 previous errors\nwarning: build failed, waiting for other jobs to finish...\n15:51:29|RAP|ERROR|: Finished with non-zero exit code.\n"
    },
    {
      "cmd_idx": 46,
      "file": "(virtual) lockbud",
      "kind": "Cargo",
      "raw": "// pkg_name=rt_axlog2, checker=Lockbud\n// toolchain=nightly-2024-01-18, target=x86_64-unknown-none\n// features=\n// pkg_dir=/home/runner/check/batch_53/shilei-massclouds/axlog2/rt_axlog2\n// cmd=cargo +nightly-2024-12-01 lockbud -k all -- --target x86_64-unknown-none \n// timestamp=2025-02-16 23:51:08.174581566 +08:00:00\n   Compiling bitflags v1.3.2\n   Compiling x86 v0.52.0\n[2025-02-16T15:51:04Z WARN  lockbud::callbacks] [\n      {\n        \"AtomicityViolation\": {\n          \"bug_kind\": \"AtomicityViolation\",\n          \"possibility\": \"Possibly\",\n          \"diagnosis\": {\n            \"fn_name\": \"set_logger_racy\",\n            \"atomic_reader\": \"/home/runner/.cargo/registry/src/index.crates.io-6f17d22bba15001f/log-0.4.25/src/lib.rs:1453:11: 1453:40 (#0)\",\n            \"atomic_writer\": \"/home/runner/.cargo/registry/src/index.crates.io-6f17d22bba15001f/log-0.4.25/src/lib.rs:1456:13: 1456:56 (#0)\",\n            \"dep_kind\": \"Control\"\n          },\n          \"explanation\": \"atomic::store is data/control dependent on atomic::load\"\n        }\n      }\n    ]\n[2025-02-16T15:51:04Z WARN  lockbud::callbacks] crate log contains bugs: { probably: 0, possibly: 0 }, conflictlock: { probably: 0, possibly: 0 }, condvar_deadlock: { probably: 0, possibly: 0 }, atomicity_violation: { possibly: 1 }, invalid_free: { possibly: 0 }, use_after_free: { possibly: 0 }\n   Compiling paste v1.0.15\n   Compiling quote v1.0.38\n   Compiling raw-cpuid v10.7.0\n   Compiling bit v0.1.1\n   Compiling percpu2 v0.1.0 (ssh://git@github.com/shilei-massclouds/percpu2#2fa7f00e)\n   Compiling axerrno v0.1.0 (ssh://git@github.com/shilei-massclouds/axerrno#892169aa)\n   Compiling early_console v0.1.0 (ssh://git@github.com/shilei-massclouds/early_console.git#8bc0d219)\nerror[E0432]: unresolved imports `platform::getchar`, `platform::putchar`\n  --> /home/runner/.cargo/git/checkouts/early_console-7e3c35ca140a48a7/8bc0d21/early_console/src/lib.rs:12:20\n   |\n12 | pub use platform::{getchar, putchar};\n   |                    ^^^^^^^  ^^^^^^^ no `putchar` in `platform`\n   |                    |\n   |                    no `getchar` in `platform`\n\nerror[E0433]: failed to resolve: unresolved import\n  --> /home/runner/.cargo/git/checkouts/early_console-7e3c35ca140a48a7/8bc0d21/early_console/src/platform/dummy/mod.rs:31:69\n   |\n31 |     pub(crate) fn platform_regions() -> impl Iterator<Item = crate::mem::MemRegion> {\n   |                                                                     ^^^\n   |                                                                     |\n   |                                                                     unresolved import\n   |                                                                     help: a similar path exists: `core::mem`\n\nerror[E0425]: cannot find function `console_init` in module `platform`\n  --> /home/runner/.cargo/git/checkouts/early_console-7e3c35ca140a48a7/8bc0d21/early_console/src/lib.rs:17:15\n   |\n17 |     platform::console_init();\n   |               ^^^^^^^^^^^^ not found in `platform`\n\nerror[E0425]: cannot find function `putchar` in module `platform`\n  --> /home/runner/.cargo/git/checkouts/early_console-7e3c35ca140a48a7/8bc0d21/early_console/src/lib.rs:23:19\n   |\n23 |         platform::putchar(*c);\n   |                   ^^^^^^^ not found in `platform`\n   |\nhelp: consider importing this function\n   |\n12 + use crate::platform::console::putchar;\n   |\nhelp: if you import `putchar`, refer to it directly\n   |\n23 -         platform::putchar(*c);\n23 +         putchar(*c);\n   |\n\nerror[E0425]: cannot find function `getchar` in module `platform`\n  --> /home/runner/.cargo/git/checkouts/early_console-7e3c35ca140a48a7/8bc0d21/early_console/src/lib.rs:31:36\n   |\n31 |         if let Some(c) = platform::getchar() {\n   |                                    ^^^^^^^ not found in `platform`\n   |\nhelp: consider importing this function\n   |\n12 + use crate::platform::console::getchar;\n   |\nhelp: if you import `getchar`, refer to it directly\n   |\n31 -         if let Some(c) = platform::getchar() {\n31 +         if let Some(c) = getchar() {\n   |\n\nSome errors have detailed explanations: E0425, E0432, E0433.\nFor more information about an error, try `rustc --explain E0425`.\nerror: could not compile `early_console` (lib) due to 5 previous errors\nwarning: build failed, waiting for other jobs to finish...\n"
    },
    {
      "cmd_idx": 47,
      "file": "(virtual) lockbud",
      "kind": "Cargo",
      "raw": "// pkg_name=rt_axlog2, checker=Lockbud\n// toolchain=nightly-2024-01-18, target=riscv64gc-unknown-none-elf\n// features=\n// pkg_dir=/home/runner/check/batch_53/shilei-massclouds/axlog2/rt_axlog2\n// cmd=cargo +nightly-2024-12-01 lockbud -k all -- --target riscv64gc-unknown-none-elf \n// timestamp=2025-02-16 23:51:07.564670539 +08:00:00\n   Compiling proc-macro2 v1.0.93\n[2025-02-16T15:51:03Z WARN  lockbud::callbacks] [\n      {\n        \"AtomicityViolation\": {\n          \"bug_kind\": \"AtomicityViolation\",\n          \"possibility\": \"Possibly\",\n          \"diagnosis\": {\n            \"fn_name\": \"set_logger_racy\",\n            \"atomic_reader\": \"/home/runner/.cargo/registry/src/index.crates.io-6f17d22bba15001f/log-0.4.25/src/lib.rs:1453:11: 1453:40 (#0)\",\n            \"atomic_writer\": \"/home/runner/.cargo/registry/src/index.crates.io-6f17d22bba15001f/log-0.4.25/src/lib.rs:1456:13: 1456:56 (#0)\",\n            \"dep_kind\": \"Control\"\n          },\n          \"explanation\": \"atomic::store is data/control dependent on atomic::load\"\n        }\n      }\n    ]\n[2025-02-16T15:51:03Z WARN  lockbud::callbacks] crate log contains bugs: { probably: 0, possibly: 0 }, conflictlock: { probably: 0, possibly: 0 }, condvar_deadlock: { probably: 0, possibly: 0 }, atomicity_violation: { possibly: 1 }, invalid_free: { possibly: 0 }, use_after_free: { possibly: 0 }\n   Compiling percpu2 v0.1.0 (ssh://git@github.com/shilei-massclouds/percpu2#2fa7f00e)\n   Compiling early_console v0.1.0 (ssh://git@github.com/shilei-massclouds/early_console.git#8bc0d219)\n   Compiling axerrno v0.1.0 (ssh://git@github.com/shilei-massclouds/axerrno#892169aa)\n   Compiling arch_boot v0.1.0 (ssh://git@github.com/shilei-massclouds/arch_boot.git#8663e839)\n   Compiling axhal v0.1.0 (ssh://git@github.com/shilei-massclouds/axhal#db90ff50)\nerror[E0432]: unresolved imports `platform::getchar`, `platform::putchar`\n  --> /home/runner/.cargo/git/checkouts/early_console-7e3c35ca140a48a7/8bc0d21/early_console/src/lib.rs:12:20\n   |\n12 | pub use platform::{getchar, putchar};\n   |                    ^^^^^^^  ^^^^^^^ no `putchar` in `platform`\n   |                    |\n   |                    no `getchar` in `platform`\n\nerror[E0433]: failed to resolve: unresolved import\n  --> /home/runner/.cargo/git/checkouts/early_console-7e3c35ca140a48a7/8bc0d21/early_console/src/platform/dummy/mod.rs:31:69\n   |\n31 |     pub(crate) fn platform_regions() -> impl Iterator<Item = crate::mem::MemRegion> {\n   |                                                                     ^^^\n   |                                                                     |\n   |                                                                     unresolved import\n   |                                                                     help: a similar path exists: `core::mem`\n\nerror[E0425]: cannot find function `putchar` in module `platform`\n  --> /home/runner/.cargo/git/checkouts/early_console-7e3c35ca140a48a7/8bc0d21/early_console/src/lib.rs:23:19\n   |\n23 |         platform::putchar(*c);\n   |                   ^^^^^^^ not found in `platform`\n   |\nhelp: consider importing this function\n   |\n12 + use crate::platform::console::putchar;\n   |\nhelp: if you import `putchar`, refer to it directly\n   |\n23 -         platform::putchar(*c);\n23 +         putchar(*c);\n   |\n\nerror[E0425]: cannot find function `getchar` in module `platform`\n  --> /home/runner/.cargo/git/checkouts/early_console-7e3c35ca140a48a7/8bc0d21/early_console/src/lib.rs:31:36\n   |\n31 |         if let Some(c) = platform::getchar() {\n   |                                    ^^^^^^^ not found in `platform`\n   |\nhelp: consider importing this function\n   |\n12 + use crate::platform::console::getchar;\n   |\nhelp: if you import `getchar`, refer to it directly\n   |\n31 -         if let Some(c) = platform::getchar() {\n31 +         if let Some(c) = getchar() {\n   |\n\nSome errors have detailed explanations: E0425, E0432, E0433.\nFor more information about an error, try `rustc --explain E0425`.\nerror: could not compile `early_console` (lib) due to 4 previous errors\nwarning: build failed, waiting for other jobs to finish...\n"
    },
    {
      "cmd_idx": 48,
      "file": "batch_54/shilei-massclouds/axmount",
      "kind": "Cargo",
      "raw": "\n   0:  `batch_54/shilei-massclouds/axmount`  Rust \n   1:  cargo metadata `cargo metadata` exited with an error: error: current package believes it's in a workspace when it's not:\n      current:   /home/runner/check/batch_54/shilei-massclouds/axmount/test_axmount/Cargo.toml\n      workspace: /home/runner/check/batch_54/shilei-massclouds/axmount/Cargo.toml\n\n      this may be fixable by adding `test_axmount` to the `workspace.members` array of the manifest located at: /home/runner/check/batch_54/shilei-massclouds/axmount/Cargo.toml\n      Alternatively, to keep it out of the workspace, add the package to the `workspace.exclude` array, or add an empty `[workspace]` table to the package's manifest.\n   1: \n\nLocation:\n   src/layout/mod.rs:60\n\n   SPANTRACE \n\n   0: os_checker::run_checker::try_new with user=\"shilei-massclouds\" repo=\"axmount\"\n      at src/run_checker/mod.rs:219\n\nBacktrace omitted. Run with RUST_BACKTRACE=1 environment variable to display it.\nRun with RUST_BACKTRACE=full to include source snippets."
    }
  ]
}