{
  "env": {
    "tools": {
      "rust_toolchains": {
        "host": {
          "version": "1.86.0-nightly (f7cc13af8 2025-01-25)",
          "commit_hash": "f7cc13af822fe68c64fec0b05aa9dd1412451f7c",
          "commit_date": "2025-01-25",
          "host": "x86_64-unknown-linux-gnu",
          "release": "1.86.0-nightly",
          "llvm_version": "19.1.7"
        },
        "installed": [
          {
            "channel": "nightly-2025-01-26-x86_64-unknown-linux-gnu",
            "profile": null,
            "targets": [
              "x86_64-unknown-linux-gnu"
            ],
            "components": [
              "cargo-x86_64-unknown-linux-gnu",
              "clippy-x86_64-unknown-linux-gnu",
              "rust-std-x86_64-unknown-linux-gnu",
              "rustc-x86_64-unknown-linux-gnu",
              "rustfmt-x86_64-unknown-linux-gnu"
            ],
            "toml_path": "/home/runner/check",
            "need_install_clippy": false,
            "peculiar_targets": null
          }
        ]
      },
      "os_checker": {
        "start": 1739996752752,
        "finish": 1739996753604,
        "duration_ms": 852,
        "git_time": "2025-02-16 16:17:11 +0800",
        "git_sha": "379b4c5f3884500f536ea00ffc0672d2af054861"
      }
    },
    "kinds": {
      "order": [
        "Cargo",
        "Clippy(Error)",
        "Clippy(Warn)",
        "Semver Violation",
        "Audit",
        "Mirai",
        "Rapx",
        "Rudra",
        "Lockbud(Probably)",
        "Lockbud(Possibly)",
        "Outdated",
        "Geiger",
        "Unformatted"
      ],
      "mapping": {
        "cargo": [
          "Cargo"
        ],
        "clippy": [
          "Clippy(Error)",
          "Clippy(Warn)"
        ],
        "semver-checks": [
          "Semver Violation"
        ],
        "audit": [
          "Audit"
        ],
        "mirai": [
          "Mirai"
        ],
        "rapx": [
          "Rapx"
        ],
        "rudra": [
          "Rudra"
        ],
        "lockbud": [
          "Lockbud(Probably)",
          "Lockbud(Possibly)"
        ],
        "outdated": [
          "Outdated"
        ],
        "geiger": [
          "Geiger"
        ],
        "fmt": [
          "Unformatted"
        ]
      }
    },
    "repos": [
      {
        "user": "shilei-massclouds",
        "repo": "page_table"
      },
      {
        "user": "shilei-massclouds",
        "repo": "percpu2"
      }
    ],
    "packages": [
      {
        "name": "",
        "repo": {
          "repo_idx": 0,
          "user": "shilei-massclouds",
          "repo": "page_table"
        }
      },
      {
        "name": "percpu2",
        "repo": {
          "repo_idx": 1,
          "user": "shilei-massclouds",
          "repo": "percpu2"
        }
      },
      {
        "name": "percpu_macros2",
        "repo": {
          "repo_idx": 1,
          "user": "shilei-massclouds",
          "repo": "percpu2"
        }
      }
    ]
  },
  "cmd": [
    {
      "package_idx": 0,
      "tool": "cargo",
      "cmd": "VRITUAL=LayoutParseError cargo",
      "count": 1,
      "duration_ms": 0,
      "arch": "x86_64",
      "target_triple": "x86_64-unknown-linux-gnu",
      "rust_toolchain": "nightly-2025-01-25",
      "features": [],
      "flags": []
    },
    {
      "package_idx": 1,
      "tool": "fmt",
      "cmd": "cargo +nightly-2025-01-26-x86_64-unknown-linux-gnu fmt",
      "count": 0,
      "duration_ms": 105,
      "arch": "x86_64",
      "target_triple": "x86_64-unknown-linux-gnu",
      "rust_toolchain": "nightly-2025-01-25",
      "features": [],
      "flags": []
    },
    {
      "package_idx": 1,
      "tool": "clippy",
      "cmd": "cargo clippy --target x86_64-unknown-linux-gnu  --no-deps",
      "count": 0,
      "duration_ms": 3805,
      "arch": "x86_64",
      "target_triple": "x86_64-unknown-linux-gnu",
      "rust_toolchain": "nightly-2025-01-25",
      "features": [],
      "flags": []
    },
    {
      "package_idx": 1,
      "tool": "semver-checks",
      "cmd": "cargo +nightly-2025-01-26-x86_64-unknown-linux-gnu semver-checks --target x86_64-unknown-linux-gnu ",
      "count": 1,
      "duration_ms": 4082,
      "arch": "x86_64",
      "target_triple": "x86_64-unknown-linux-gnu",
      "rust_toolchain": "nightly-2025-01-25",
      "features": [],
      "flags": []
    },
    {
      "package_idx": 1,
      "tool": "mirai",
      "cmd": "cargo +nightly-2025-01-04 mirai --target x86_64-unknown-linux-gnu ",
      "count": 51,
      "duration_ms": 6125,
      "arch": "x86_64",
      "target_triple": "x86_64-unknown-linux-gnu",
      "rust_toolchain": "nightly-2025-01-25",
      "features": [],
      "flags": []
    },
    {
      "package_idx": 1,
      "tool": "lockbud",
      "cmd": "cargo +nightly-2024-12-01 lockbud -k all -- --target x86_64-unknown-linux-gnu ",
      "count": 0,
      "duration_ms": 4715,
      "arch": "x86_64",
      "target_triple": "x86_64-unknown-linux-gnu",
      "rust_toolchain": "nightly-2025-01-25",
      "features": [],
      "flags": []
    },
    {
      "package_idx": 1,
      "tool": "rapx",
      "cmd": "cargo +nightly-2024-10-12 rapx -F -M -- --target x86_64-unknown-linux-gnu ",
      "count": 0,
      "duration_ms": 4434,
      "arch": "x86_64",
      "target_triple": "x86_64-unknown-linux-gnu",
      "rust_toolchain": "nightly-2025-01-25",
      "features": [],
      "flags": []
    },
    {
      "package_idx": 1,
      "tool": "rudra",
      "cmd": "cargo +nightly-2021-10-21 rudra --target x86_64-unknown-linux-gnu ",
      "count": 0,
      "duration_ms": 255,
      "arch": "x86_64",
      "target_triple": "x86_64-unknown-linux-gnu",
      "rust_toolchain": "nightly-2025-01-25",
      "features": [],
      "flags": []
    },
    {
      "package_idx": 1,
      "tool": "outdated",
      "cmd": "cargo +nightly-2025-01-26-x86_64-unknown-linux-gnu outdated -R --exit-code=2",
      "count": 0,
      "duration_ms": 49,
      "arch": "x86_64",
      "target_triple": "x86_64-unknown-linux-gnu",
      "rust_toolchain": "nightly-2025-01-25",
      "features": [],
      "flags": []
    },
    {
      "package_idx": 1,
      "tool": "geiger",
      "cmd": "cargo +nightly-2025-01-26-x86_64-unknown-linux-gnu geiger --output-format Ascii",
      "count": 0,
      "duration_ms": 84,
      "arch": "x86_64",
      "target_triple": "x86_64-unknown-linux-gnu",
      "rust_toolchain": "nightly-2025-01-25",
      "features": [],
      "flags": []
    },
    {
      "package_idx": 1,
      "tool": "cargo",
      "cmd": "VRITUAL=semver-checks cargo",
      "count": 1,
      "duration_ms": 4082,
      "arch": "x86_64",
      "target_triple": "x86_64-unknown-linux-gnu",
      "rust_toolchain": "nightly-2025-01-25",
      "features": [],
      "flags": []
    },
    {
      "package_idx": 1,
      "tool": "cargo",
      "cmd": "VRITUAL=mirai cargo",
      "count": 1,
      "duration_ms": 6125,
      "arch": "x86_64",
      "target_triple": "x86_64-unknown-linux-gnu",
      "rust_toolchain": "nightly-2025-01-25",
      "features": [],
      "flags": []
    },
    {
      "package_idx": 1,
      "tool": "cargo",
      "cmd": "VRITUAL=outdated cargo",
      "count": 1,
      "duration_ms": 49,
      "arch": "x86_64",
      "target_triple": "x86_64-unknown-linux-gnu",
      "rust_toolchain": "nightly-2025-01-25",
      "features": [],
      "flags": []
    },
    {
      "package_idx": 2,
      "tool": "fmt",
      "cmd": "cargo +nightly-2025-01-26-x86_64-unknown-linux-gnu fmt",
      "count": 0,
      "duration_ms": 106,
      "arch": "x86_64",
      "target_triple": "x86_64-unknown-linux-gnu",
      "rust_toolchain": "nightly-2025-01-25",
      "features": [],
      "flags": []
    },
    {
      "package_idx": 2,
      "tool": "clippy",
      "cmd": "cargo clippy --target x86_64-unknown-linux-gnu  --no-deps",
      "count": 0,
      "duration_ms": 1931,
      "arch": "x86_64",
      "target_triple": "x86_64-unknown-linux-gnu",
      "rust_toolchain": "nightly-2025-01-25",
      "features": [],
      "flags": []
    },
    {
      "package_idx": 2,
      "tool": "mirai",
      "cmd": "cargo +nightly-2025-01-04 mirai --target x86_64-unknown-linux-gnu ",
      "count": 0,
      "duration_ms": 50,
      "arch": "x86_64",
      "target_triple": "x86_64-unknown-linux-gnu",
      "rust_toolchain": "nightly-2025-01-25",
      "features": [],
      "flags": []
    },
    {
      "package_idx": 2,
      "tool": "lockbud",
      "cmd": "cargo +nightly-2024-12-01 lockbud -k all -- --target x86_64-unknown-linux-gnu ",
      "count": 0,
      "duration_ms": 4107,
      "arch": "x86_64",
      "target_triple": "x86_64-unknown-linux-gnu",
      "rust_toolchain": "nightly-2025-01-25",
      "features": [],
      "flags": []
    },
    {
      "package_idx": 2,
      "tool": "rapx",
      "cmd": "cargo +nightly-2024-10-12 rapx -F -M -- --target x86_64-unknown-linux-gnu ",
      "count": 0,
      "duration_ms": 2292,
      "arch": "x86_64",
      "target_triple": "x86_64-unknown-linux-gnu",
      "rust_toolchain": "nightly-2025-01-25",
      "features": [],
      "flags": []
    },
    {
      "package_idx": 2,
      "tool": "rudra",
      "cmd": "cargo +nightly-2021-10-21 rudra --target x86_64-unknown-linux-gnu ",
      "count": 0,
      "duration_ms": 252,
      "arch": "x86_64",
      "target_triple": "x86_64-unknown-linux-gnu",
      "rust_toolchain": "nightly-2025-01-25",
      "features": [],
      "flags": []
    },
    {
      "package_idx": 2,
      "tool": "outdated",
      "cmd": "cargo +nightly-2025-01-26-x86_64-unknown-linux-gnu outdated -R --exit-code=2",
      "count": 0,
      "duration_ms": 220,
      "arch": "x86_64",
      "target_triple": "x86_64-unknown-linux-gnu",
      "rust_toolchain": "nightly-2025-01-25",
      "features": [],
      "flags": []
    },
    {
      "package_idx": 2,
      "tool": "geiger",
      "cmd": "cargo +nightly-2025-01-26-x86_64-unknown-linux-gnu geiger --output-format Ascii",
      "count": 0,
      "duration_ms": 76,
      "arch": "x86_64",
      "target_triple": "x86_64-unknown-linux-gnu",
      "rust_toolchain": "nightly-2025-01-25",
      "features": [],
      "flags": []
    }
  ],
  "data": [
    {
      "cmd_idx": 0,
      "file": "batch_65/shilei-massclouds/page_table",
      "kind": "Cargo",
      "raw": "\n   0: 无法解析 `batch_65/shilei-massclouds/page_table` 内的 Rust 项目布局\n   1: 无法读取 cargo metadata 的结果：`cargo metadata` exited with an error: error: current package believes it's in a workspace when it's not:\n      current:   /home/runner/check/batch_65/shilei-massclouds/page_table/page_table_entry/Cargo.toml\n      workspace: /home/runner/check/batch_65/shilei-massclouds/page_table/Cargo.toml\n\n      this may be fixable by adding `page_table_entry` to the `workspace.members` array of the manifest located at: /home/runner/check/batch_65/shilei-massclouds/page_table/Cargo.toml\n      Alternatively, to keep it out of the workspace, add the package to the `workspace.exclude` array, or add an empty `[workspace]` table to the package's manifest.\n   1: \n\nLocation:\n   src/layout/mod.rs:60\n\n  ━━━━━━━━━━━━━━━━━━━━━━━━━━━━━━━━━━ SPANTRACE ━━━━━━━━━━━━━━━━━━━━━━━━━━━━━━━━━━━\n\n   0: os_checker::run_checker::try_new with user=\"shilei-massclouds\" repo=\"page_table\"\n      at src/run_checker/mod.rs:219\n\nBacktrace omitted. Run with RUST_BACKTRACE=1 environment variable to display it.\nRun with RUST_BACKTRACE=full to include source snippets."
    },
    {
      "cmd_idx": 3,
      "file": "[semver checks]",
      "kind": "Semver Violation",
      "raw": "pkg=percpu2, checker=SemverChecks\ntoolchain=nightly-2025-01-26-x86_64-unknown-linux-gnu, target=x86_64-unknown-linux-gnu\nfeatures=\npkg_dir=/home/runner/check/batch_66/shilei-massclouds/percpu2/percpu2\ncmd=cargo +nightly-2025-01-26-x86_64-unknown-linux-gnu semver-checks --target x86_64-unknown-linux-gnu \ntimestamp=2025-02-16 20:25:28.725347198 +08:00:00\n\n\nstdout:\n\nstderr:\n    Building percpu2 v0.1.0 (current)\n       Built [   3.787s] (current)\n     Parsing percpu2 v0.1.0 (current)\nerror: unsupported rustdoc format v39 for file: /home/runner/check/batch_66/shilei-massclouds/percpu2/percpu2/target/semver-checks/local-percpu2-0_1_0-4279a37797ace5de/target/x86_64-unknown-linux-gnu/doc/percpu2.json\n"
    },
    {
      "cmd_idx": 4,
      "file": "src/imp.rs",
      "kind": "Mirai",
      "raw": "warning: [MIRAI] Inline assembly code cannot be analyzed by MIRAI.\n  --> src/imp.rs:17:5\n   |\n17 |     percpu_symbol_offset!(_percpu_load_end) - percpu_symbol_offset!(_percpu_load_start)\n   |     ^^^^^^^^^^^^^^^^^^^^^^^^^^^^^^^^^^^^^^^\n   |\n   = note: this warning originates in the macro `percpu_symbol_offset` (in Nightly builds, run with -Z macro-backtrace for more info)\n\n"
    },
    {
      "cmd_idx": 4,
      "file": "src/imp.rs",
      "kind": "Mirai",
      "raw": "warning: [MIRAI] Inline assembly code cannot be analyzed by MIRAI.\n   --> src/imp.rs:95:21\n    |\n95  | /                     core::arch::asm!(\n96  | |                         \"syscall\",\n97  | |                         in(\"eax\") SYS_ARCH_PRCTL,\n98  | |                         in(\"edi\") ARCH_SET_GS,\n99  | |                         in(\"rsi\") tp,\n100 | |                     );\n    | |_____________________^\n\n"
    },
    {
      "cmd_idx": 4,
      "file": "src/imp.rs",
      "kind": "Mirai",
      "raw": "warning: [MIRAI] Inline assembly code cannot be analyzed by MIRAI.\n   --> src/imp.rs:119:1\n    |\n119 | #[percpu_macros2::def_percpu]\n    | ^^^^^^^^^^^^^^^^^^^^^^^^^^^^^\n    |\n    = note: this warning originates in the attribute macro `percpu_macros2::def_percpu` (in Nightly builds, run with -Z macro-backtrace for more info)\n\n"
    },
    {
      "cmd_idx": 4,
      "file": "tests/test_percpu.rs",
      "kind": "Mirai",
      "raw": "error[E0432]: unresolved import `percpu`\n --> tests/test_percpu.rs:3:5\n  |\n3 | use percpu::*;\n  |     ^^^^^^ use of undeclared crate or module `percpu`\n  |\nhelp: there is a crate or module with a similar name\n  |\n3 | use percpu2::*;\n  |     ~~~~~~~\n\n"
    },
    {
      "cmd_idx": 4,
      "file": "tests/test_percpu.rs",
      "kind": "Mirai",
      "raw": "error: cannot find attribute `def_percpu` in this scope\n --> tests/test_percpu.rs:7:3\n  |\n7 | #[def_percpu]\n  |   ^^^^^^^^^^\n  |\nhelp: consider importing one of these attribute macros\n  |\n3 + use percpu2::def_percpu;\n  |\n3 + use percpu_macros2::def_percpu;\n  |\n\n"
    },
    {
      "cmd_idx": 4,
      "file": "tests/test_percpu.rs",
      "kind": "Mirai",
      "raw": "error: cannot find attribute `def_percpu` in this scope\n  --> tests/test_percpu.rs:10:3\n   |\n10 | #[def_percpu]\n   |   ^^^^^^^^^^\n   |\nhelp: consider importing one of these attribute macros\n   |\n3  + use percpu2::def_percpu;\n   |\n3  + use percpu_macros2::def_percpu;\n   |\n\n"
    },
    {
      "cmd_idx": 4,
      "file": "tests/test_percpu.rs",
      "kind": "Mirai",
      "raw": "error: cannot find attribute `def_percpu` in this scope\n  --> tests/test_percpu.rs:13:3\n   |\n13 | #[def_percpu]\n   |   ^^^^^^^^^^\n   |\nhelp: consider importing one of these attribute macros\n   |\n3  + use percpu2::def_percpu;\n   |\n3  + use percpu_macros2::def_percpu;\n   |\n\n"
    },
    {
      "cmd_idx": 4,
      "file": "tests/test_percpu.rs",
      "kind": "Mirai",
      "raw": "error: cannot find attribute `def_percpu` in this scope\n  --> tests/test_percpu.rs:16:3\n   |\n16 | #[def_percpu]\n   |   ^^^^^^^^^^\n   |\nhelp: consider importing one of these attribute macros\n   |\n3  + use percpu2::def_percpu;\n   |\n3  + use percpu_macros2::def_percpu;\n   |\n\n"
    },
    {
      "cmd_idx": 4,
      "file": "tests/test_percpu.rs",
      "kind": "Mirai",
      "raw": "error: cannot find attribute `def_percpu` in this scope\n  --> tests/test_percpu.rs:19:3\n   |\n19 | #[def_percpu]\n   |   ^^^^^^^^^^\n   |\nhelp: consider importing one of these attribute macros\n   |\n3  + use percpu2::def_percpu;\n   |\n3  + use percpu_macros2::def_percpu;\n   |\n\n"
    },
    {
      "cmd_idx": 4,
      "file": "tests/test_percpu.rs",
      "kind": "Mirai",
      "raw": "error: cannot find attribute `def_percpu` in this scope\n  --> tests/test_percpu.rs:22:3\n   |\n22 | #[def_percpu]\n   |   ^^^^^^^^^^\n   |\nhelp: consider importing one of these attribute macros\n   |\n3  + use percpu2::def_percpu;\n   |\n3  + use percpu_macros2::def_percpu;\n   |\n\n"
    },
    {
      "cmd_idx": 4,
      "file": "tests/test_percpu.rs",
      "kind": "Mirai",
      "raw": "error: cannot find attribute `def_percpu` in this scope\n  --> tests/test_percpu.rs:30:3\n   |\n30 | #[def_percpu]\n   |   ^^^^^^^^^^\n   |\nhelp: consider importing one of these attribute macros\n   |\n3  + use percpu2::def_percpu;\n   |\n3  + use percpu_macros2::def_percpu;\n   |\n\n"
    },
    {
      "cmd_idx": 4,
      "file": "tests/test_percpu.rs",
      "kind": "Mirai",
      "raw": "error[E0599]: no method named `offset` found for type `bool` in the current scope\n  --> tests/test_percpu.rs:52:41\n   |\n52 |     println!(\"bool offset: {:#x}\", BOOL.offset());\n   |                                         ^^^^^^ method not found in `bool`\n\n"
    },
    {
      "cmd_idx": 4,
      "file": "tests/test_percpu.rs",
      "kind": "Mirai",
      "raw": "error[E0599]: no method named `offset` found for type `u8` in the current scope\n  --> tests/test_percpu.rs:53:37\n   |\n53 |     println!(\"u8 offset: {:#x}\", U8.offset());\n   |                                     ^^^^^^ method not found in `u8`\n\n"
    },
    {
      "cmd_idx": 4,
      "file": "tests/test_percpu.rs",
      "kind": "Mirai",
      "raw": "error[E0599]: no method named `offset` found for type `u16` in the current scope\n  --> tests/test_percpu.rs:54:39\n   |\n54 |     println!(\"u16 offset: {:#x}\", U16.offset());\n   |                                       ^^^^^^ method not found in `u16`\n\n"
    },
    {
      "cmd_idx": 4,
      "file": "tests/test_percpu.rs",
      "kind": "Mirai",
      "raw": "error[E0599]: no method named `offset` found for type `u32` in the current scope\n  --> tests/test_percpu.rs:55:39\n   |\n55 |     println!(\"u32 offset: {:#x}\", U32.offset());\n   |                                       ^^^^^^ method not found in `u32`\n\n"
    },
    {
      "cmd_idx": 4,
      "file": "tests/test_percpu.rs",
      "kind": "Mirai",
      "raw": "error[E0599]: no method named `offset` found for type `u64` in the current scope\n  --> tests/test_percpu.rs:56:39\n   |\n56 |     println!(\"u64 offset: {:#x}\", U64.offset());\n   |                                       ^^^^^^ method not found in `u64`\n\n"
    },
    {
      "cmd_idx": 4,
      "file": "tests/test_percpu.rs",
      "kind": "Mirai",
      "raw": "error[E0599]: no method named `offset` found for type `usize` in the current scope\n  --> tests/test_percpu.rs:57:43\n   |\n57 |     println!(\"usize offset: {:#x}\", USIZE.offset());\n   |                                           ^^^^^^ method not found in `usize`\n\n"
    },
    {
      "cmd_idx": 4,
      "file": "tests/test_percpu.rs",
      "kind": "Mirai",
      "raw": "error[E0599]: no method named `offset` found for struct `Struct` in the current scope\n  --> tests/test_percpu.rs:58:45\n   |\n25 | struct Struct {\n   | ------------- method `offset` not found for this struct\n...\n58 |     println!(\"struct offset: {:#x}\", STRUCT.offset());\n   |                                             ^^^^^^ method not found in `Struct`\n\n"
    },
    {
      "cmd_idx": 4,
      "file": "tests/test_percpu.rs",
      "kind": "Mirai",
      "raw": "error[E0599]: no method named `offset` found for type `bool` in the current scope\n  --> tests/test_percpu.rs:62:32\n   |\n62 |         assert_eq!(base + BOOL.offset(), BOOL.current_ptr() as usize);\n   |                                ^^^^^^ method not found in `bool`\n\n"
    },
    {
      "cmd_idx": 4,
      "file": "tests/test_percpu.rs",
      "kind": "Mirai",
      "raw": "error[E0599]: no method named `current_ptr` found for type `bool` in the current scope\n  --> tests/test_percpu.rs:62:47\n   |\n62 |         assert_eq!(base + BOOL.offset(), BOOL.current_ptr() as usize);\n   |                                               ^^^^^^^^^^^ method not found in `bool`\n\n"
    },
    {
      "cmd_idx": 4,
      "file": "tests/test_percpu.rs",
      "kind": "Mirai",
      "raw": "error[E0599]: no method named `offset` found for type `u8` in the current scope\n  --> tests/test_percpu.rs:63:30\n   |\n63 |         assert_eq!(base + U8.offset(), U8.current_ptr() as usize);\n   |                              ^^^^^^ method not found in `u8`\n\n"
    },
    {
      "cmd_idx": 4,
      "file": "tests/test_percpu.rs",
      "kind": "Mirai",
      "raw": "error[E0599]: no method named `current_ptr` found for type `u8` in the current scope\n  --> tests/test_percpu.rs:63:43\n   |\n63 |         assert_eq!(base + U8.offset(), U8.current_ptr() as usize);\n   |                                           ^^^^^^^^^^^ method not found in `u8`\n\n"
    },
    {
      "cmd_idx": 4,
      "file": "tests/test_percpu.rs",
      "kind": "Mirai",
      "raw": "error[E0599]: no method named `offset` found for type `u16` in the current scope\n  --> tests/test_percpu.rs:64:31\n   |\n64 |         assert_eq!(base + U16.offset(), U16.current_ptr() as usize);\n   |                               ^^^^^^ method not found in `u16`\n\n"
    },
    {
      "cmd_idx": 4,
      "file": "tests/test_percpu.rs",
      "kind": "Mirai",
      "raw": "error[E0599]: no method named `current_ptr` found for type `u16` in the current scope\n  --> tests/test_percpu.rs:64:45\n   |\n64 |         assert_eq!(base + U16.offset(), U16.current_ptr() as usize);\n   |                                             ^^^^^^^^^^^ method not found in `u16`\n\n"
    },
    {
      "cmd_idx": 4,
      "file": "tests/test_percpu.rs",
      "kind": "Mirai",
      "raw": "error[E0599]: no method named `offset` found for type `u32` in the current scope\n  --> tests/test_percpu.rs:65:31\n   |\n65 |         assert_eq!(base + U32.offset(), U32.current_ptr() as usize);\n   |                               ^^^^^^ method not found in `u32`\n\n"
    },
    {
      "cmd_idx": 4,
      "file": "tests/test_percpu.rs",
      "kind": "Mirai",
      "raw": "error[E0599]: no method named `current_ptr` found for type `u32` in the current scope\n  --> tests/test_percpu.rs:65:45\n   |\n65 |         assert_eq!(base + U32.offset(), U32.current_ptr() as usize);\n   |                                             ^^^^^^^^^^^ method not found in `u32`\n\n"
    },
    {
      "cmd_idx": 4,
      "file": "tests/test_percpu.rs",
      "kind": "Mirai",
      "raw": "error[E0599]: no method named `offset` found for type `u64` in the current scope\n  --> tests/test_percpu.rs:66:31\n   |\n66 |         assert_eq!(base + U64.offset(), U64.current_ptr() as usize);\n   |                               ^^^^^^ method not found in `u64`\n\n"
    },
    {
      "cmd_idx": 4,
      "file": "tests/test_percpu.rs",
      "kind": "Mirai",
      "raw": "error[E0599]: no method named `current_ptr` found for type `u64` in the current scope\n  --> tests/test_percpu.rs:66:45\n   |\n66 |         assert_eq!(base + U64.offset(), U64.current_ptr() as usize);\n   |                                             ^^^^^^^^^^^ method not found in `u64`\n\n"
    },
    {
      "cmd_idx": 4,
      "file": "tests/test_percpu.rs",
      "kind": "Mirai",
      "raw": "error[E0599]: no method named `offset` found for type `usize` in the current scope\n  --> tests/test_percpu.rs:67:33\n   |\n67 |         assert_eq!(base + USIZE.offset(), USIZE.current_ptr() as usize);\n   |                                 ^^^^^^ method not found in `usize`\n\n"
    },
    {
      "cmd_idx": 4,
      "file": "tests/test_percpu.rs",
      "kind": "Mirai",
      "raw": "error[E0599]: no method named `current_ptr` found for type `usize` in the current scope\n  --> tests/test_percpu.rs:67:49\n   |\n67 |         assert_eq!(base + USIZE.offset(), USIZE.current_ptr() as usize);\n   |                                                 ^^^^^^^^^^^ method not found in `usize`\n\n"
    },
    {
      "cmd_idx": 4,
      "file": "tests/test_percpu.rs",
      "kind": "Mirai",
      "raw": "error[E0599]: no method named `offset` found for struct `Struct` in the current scope\n  --> tests/test_percpu.rs:68:34\n   |\n25 | struct Struct {\n   | ------------- method `offset` not found for this struct\n...\n68 |         assert_eq!(base + STRUCT.offset(), STRUCT.current_ptr() as usize);\n   |                                  ^^^^^^ method not found in `Struct`\n\n"
    },
    {
      "cmd_idx": 4,
      "file": "tests/test_percpu.rs",
      "kind": "Mirai",
      "raw": "error[E0599]: no method named `current_ptr` found for struct `Struct` in the current scope\n  --> tests/test_percpu.rs:68:51\n   |\n25 | struct Struct {\n   | ------------- method `current_ptr` not found for this struct\n...\n68 |         assert_eq!(base + STRUCT.offset(), STRUCT.current_ptr() as usize);\n   |                                                   ^^^^^^^^^^^ method not found in `Struct`\n\n"
    },
    {
      "cmd_idx": 4,
      "file": "tests/test_percpu.rs",
      "kind": "Mirai",
      "raw": "error[E0599]: no method named `write_current` found for type `bool` in the current scope\n  --> tests/test_percpu.rs:71:10\n   |\n71 |     BOOL.write_current(true);\n   |          ^^^^^^^^^^^^^ method not found in `bool`\n\n"
    },
    {
      "cmd_idx": 4,
      "file": "tests/test_percpu.rs",
      "kind": "Mirai",
      "raw": "error[E0599]: no method named `write_current` found for type `u8` in the current scope\n  --> tests/test_percpu.rs:72:8\n   |\n72 |     U8.write_current(123);\n   |        ^^^^^^^^^^^^^ method not found in `u8`\n\n"
    },
    {
      "cmd_idx": 4,
      "file": "tests/test_percpu.rs",
      "kind": "Mirai",
      "raw": "error[E0599]: no method named `write_current` found for type `u16` in the current scope\n  --> tests/test_percpu.rs:73:9\n   |\n73 |     U16.write_current(0xabcd);\n   |         ^^^^^^^^^^^^^ method not found in `u16`\n\n"
    },
    {
      "cmd_idx": 4,
      "file": "tests/test_percpu.rs",
      "kind": "Mirai",
      "raw": "error[E0599]: no method named `write_current` found for type `u32` in the current scope\n  --> tests/test_percpu.rs:74:9\n   |\n74 |     U32.write_current(0xdead_beef);\n   |         ^^^^^^^^^^^^^ method not found in `u32`\n\n"
    },
    {
      "cmd_idx": 4,
      "file": "tests/test_percpu.rs",
      "kind": "Mirai",
      "raw": "error[E0599]: no method named `write_current` found for type `u64` in the current scope\n  --> tests/test_percpu.rs:75:9\n   |\n75 |     U64.write_current(0xa2ce_a2ce_a2ce_a2ce);\n   |         ^^^^^^^^^^^^^ method not found in `u64`\n\n"
    },
    {
      "cmd_idx": 4,
      "file": "tests/test_percpu.rs",
      "kind": "Mirai",
      "raw": "error[E0599]: no method named `write_current` found for type `usize` in the current scope\n  --> tests/test_percpu.rs:76:11\n   |\n76 |     USIZE.write_current(0xffff_0000);\n   |           ^^^^^^^^^^^^^ method not found in `usize`\n\n"
    },
    {
      "cmd_idx": 4,
      "file": "tests/test_percpu.rs",
      "kind": "Mirai",
      "raw": "error[E0599]: no method named `with_current` found for struct `Struct` in the current scope\n  --> tests/test_percpu.rs:78:12\n   |\n25 | struct Struct {\n   | ------------- method `with_current` not found for this struct\n...\n78 |     STRUCT.with_current(|s| {\n   |     -------^^^^^^^^^^^^ method not found in `Struct`\n\n"
    },
    {
      "cmd_idx": 4,
      "file": "tests/test_percpu.rs",
      "kind": "Mirai",
      "raw": "error[E0599]: no method named `read_current` found for type `bool` in the current scope\n  --> tests/test_percpu.rs:83:37\n   |\n83 |     println!(\"bool value: {}\", BOOL.read_current());\n   |                                     ^^^^^^^^^^^^ method not found in `bool`\n\n"
    },
    {
      "cmd_idx": 4,
      "file": "tests/test_percpu.rs",
      "kind": "Mirai",
      "raw": "error[E0599]: no method named `read_current` found for type `u8` in the current scope\n  --> tests/test_percpu.rs:84:33\n   |\n84 |     println!(\"u8 value: {}\", U8.read_current());\n   |                                 ^^^^^^^^^^^^ method not found in `u8`\n\n"
    },
    {
      "cmd_idx": 4,
      "file": "tests/test_percpu.rs",
      "kind": "Mirai",
      "raw": "error[E0599]: no method named `read_current` found for type `u16` in the current scope\n  --> tests/test_percpu.rs:85:38\n   |\n85 |     println!(\"u16 value: {:#x}\", U16.read_current());\n   |                                      ^^^^^^^^^^^^ method not found in `u16`\n\n"
    },
    {
      "cmd_idx": 4,
      "file": "tests/test_percpu.rs",
      "kind": "Mirai",
      "raw": "error[E0599]: no method named `read_current` found for type `u32` in the current scope\n  --> tests/test_percpu.rs:86:38\n   |\n86 |     println!(\"u32 value: {:#x}\", U32.read_current());\n   |                                      ^^^^^^^^^^^^ method not found in `u32`\n\n"
    },
    {
      "cmd_idx": 4,
      "file": "tests/test_percpu.rs",
      "kind": "Mirai",
      "raw": "error[E0599]: no method named `read_current` found for type `u64` in the current scope\n  --> tests/test_percpu.rs:87:38\n   |\n87 |     println!(\"u64 value: {:#x}\", U64.read_current());\n   |                                      ^^^^^^^^^^^^ method not found in `u64`\n\n"
    },
    {
      "cmd_idx": 4,
      "file": "tests/test_percpu.rs",
      "kind": "Mirai",
      "raw": "error[E0599]: no method named `read_current` found for type `usize` in the current scope\n  --> tests/test_percpu.rs:88:42\n   |\n88 |     println!(\"usize value: {:#x}\", USIZE.read_current());\n   |                                          ^^^^^^^^^^^^ method not found in `usize`\n\n"
    },
    {
      "cmd_idx": 4,
      "file": "tests/test_percpu.rs",
      "kind": "Mirai",
      "raw": "error[E0599]: no method named `read_current` found for type `u8` in the current scope\n  --> tests/test_percpu.rs:90:19\n   |\n90 |     assert_eq!(U8.read_current(), 123);\n   |                   ^^^^^^^^^^^^ method not found in `u8`\n\n"
    },
    {
      "cmd_idx": 4,
      "file": "tests/test_percpu.rs",
      "kind": "Mirai",
      "raw": "error[E0599]: no method named `read_current` found for type `u16` in the current scope\n  --> tests/test_percpu.rs:91:20\n   |\n91 |     assert_eq!(U16.read_current(), 0xabcd);\n   |                    ^^^^^^^^^^^^ method not found in `u16`\n\n"
    },
    {
      "cmd_idx": 4,
      "file": "tests/test_percpu.rs",
      "kind": "Mirai",
      "raw": "error[E0599]: no method named `read_current` found for type `u32` in the current scope\n  --> tests/test_percpu.rs:92:20\n   |\n92 |     assert_eq!(U32.read_current(), 0xdead_beef);\n   |                    ^^^^^^^^^^^^ method not found in `u32`\n\n"
    },
    {
      "cmd_idx": 4,
      "file": "tests/test_percpu.rs",
      "kind": "Mirai",
      "raw": "error[E0599]: no method named `read_current` found for type `u64` in the current scope\n  --> tests/test_percpu.rs:93:20\n   |\n93 |     assert_eq!(U64.read_current(), 0xa2ce_a2ce_a2ce_a2ce);\n   |                    ^^^^^^^^^^^^ method not found in `u64`\n\n"
    },
    {
      "cmd_idx": 4,
      "file": "tests/test_percpu.rs",
      "kind": "Mirai",
      "raw": "error[E0599]: no method named `read_current` found for type `usize` in the current scope\n  --> tests/test_percpu.rs:94:22\n   |\n94 |     assert_eq!(USIZE.read_current(), 0xffff_0000);\n   |                      ^^^^^^^^^^^^ method not found in `usize`\n\n"
    },
    {
      "cmd_idx": 4,
      "file": "tests/test_percpu.rs",
      "kind": "Mirai",
      "raw": "error[E0599]: no method named `with_current` found for struct `Struct` in the current scope\n  --> tests/test_percpu.rs:96:12\n   |\n25 | struct Struct {\n   | ------------- method `with_current` not found for this struct\n...\n96 |     STRUCT.with_current(|s| {\n   |     -------^^^^^^^^^^^^ method not found in `Struct`\n\n"
    },
    {
      "cmd_idx": 10,
      "file": "(virtual) semver-checks",
      "kind": "Cargo",
      "raw": "// pkg_name=percpu2, checker=SemverChecks\n// toolchain=nightly-2025-01-26-x86_64-unknown-linux-gnu, target=x86_64-unknown-linux-gnu\n// features=\n// pkg_dir=/home/runner/check/batch_66/shilei-massclouds/percpu2/percpu2\n// cmd=cargo +nightly-2025-01-26-x86_64-unknown-linux-gnu semver-checks --target x86_64-unknown-linux-gnu \n// timestamp=2025-02-16 20:25:24.643311611 +08:00:00\n    Building percpu2 v0.1.0 (current)\n       Built [   3.787s] (current)\n     Parsing percpu2 v0.1.0 (current)\nerror: unsupported rustdoc format v39 for file: /home/runner/check/batch_66/shilei-massclouds/percpu2/percpu2/target/semver-checks/local-percpu2-0_1_0-4279a37797ace5de/target/x86_64-unknown-linux-gnu/doc/percpu2.json\n"
    },
    {
      "cmd_idx": 11,
      "file": "(virtual) mirai",
      "kind": "Cargo",
      "raw": "// pkg_name=percpu2, checker=Mirai\n// toolchain=nightly-2025-01-26-x86_64-unknown-linux-gnu, target=x86_64-unknown-linux-gnu\n// features=\n// pkg_dir=/home/runner/check/batch_66/shilei-massclouds/percpu2/percpu2\n// cmd=cargo +nightly-2025-01-04 mirai --target x86_64-unknown-linux-gnu \n// timestamp=2025-02-16 20:25:28.870503394 +08:00:00\n   Compiling proc-macro2 v1.0.93\n   Compiling autocfg v1.4.0\n   Compiling unicode-ident v1.0.16\n    Checking scopeguard v1.2.0\n    Checking bitflags v1.3.2\n   Compiling x86 v0.52.0\n    Checking raw-cpuid v10.7.0\n    Checking bit_field v0.10.2\n   Compiling percpu2 v0.1.0 (/home/runner/check/batch_66/shilei-massclouds/percpu2/percpu2)\n    Checking cfg-if v1.0.0\n   Compiling lock_api v0.4.12\n   Compiling quote v1.0.38\n    Checking spin v0.9.8\n   Compiling syn v2.0.98\n   Compiling percpu_macros2 v0.1.0 (/home/runner/check/batch_66/shilei-massclouds/percpu2/percpu_macros2)\n    Finished `dev` profile [unoptimized + debuginfo] target(s) in 4.26s\n   Compiling scopeguard v1.2.0\n   Compiling bitflags v1.3.2\n   Compiling bit_field v0.10.2\n   Compiling cfg-if v1.0.0\n   Compiling raw-cpuid v10.7.0\n   Compiling lock_api v0.4.12\n   Compiling spin v0.9.8\n   Compiling x86 v0.52.0\n   Compiling percpu2 v0.1.0 (/home/runner/check/batch_66/shilei-massclouds/percpu2/percpu2)\nerror: could not compile `percpu2` (test \"test_percpu\") due to 48 previous errors\n"
    },
    {
      "cmd_idx": 12,
      "file": "(virtual) outdated",
      "kind": "Cargo",
      "raw": "// pkg_name=percpu2, checker=Outdated\n// toolchain=nightly-2025-01-26-x86_64-unknown-linux-gnu, target=x86_64-unknown-linux-gnu\n// features=\n// pkg_dir=/home/runner/check/batch_66/shilei-massclouds/percpu2/percpu2\n// cmd=cargo +nightly-2025-01-26-x86_64-unknown-linux-gnu outdated -R --exit-code=2\n// timestamp=2025-02-16 20:25:51.289573846 +08:00:00\nerror: feature `sp-naive` includes `percpu_macros2/sp-naive`, but `percpu_macros2` is not a dependency\n  --> Cargo.toml:27:12\n   |\n27 | sp-naive = [\"percpu_macros2/sp-naive\"]\n   |            ^^^^^^^^^^^^^^^^^^^^^^^^^^^\n   |\nerror: failed to parse manifest at `/tmp/cargo-outdatedOx7EZG/Cargo.toml`\n"
    }
  ]
}