{
  "env": {
    "tools": {
      "rust_toolchains": {
        "host": {
          "version": "1.86.0-nightly (f7cc13af8 2025-01-25)",
          "commit_hash": "f7cc13af822fe68c64fec0b05aa9dd1412451f7c",
          "commit_date": "2025-01-25",
          "host": "x86_64-unknown-linux-gnu",
          "release": "1.86.0-nightly",
          "llvm_version": "19.1.7"
        },
        "installed": [
          {
            "channel": "nightly-2025-01-26-x86_64-unknown-linux-gnu",
            "profile": null,
            "targets": [
              "x86_64-unknown-linux-gnu"
            ],
            "components": [
              "cargo-x86_64-unknown-linux-gnu",
              "clippy-x86_64-unknown-linux-gnu",
              "rust-std-x86_64-unknown-linux-gnu",
              "rustc-x86_64-unknown-linux-gnu",
              "rustfmt-x86_64-unknown-linux-gnu"
            ],
            "toml_path": "/home/runner/check",
            "need_install_clippy": false,
            "peculiar_targets": null
          }
        ]
      },
      "os_checker": {
        "start": 1738053081206,
        "finish": 1738053082705,
        "duration_ms": 1499,
        "git_time": "2025-01-28 16:23:12 +0800",
        "git_sha": "e1280bb6f3e344feb0a31b176f71846f04c7b085"
      }
    },
    "kinds": {
      "order": [
        "Cargo",
        "Clippy(Error)",
        "Clippy(Warn)",
        "Semver Violation",
        "Audit",
        "Mirai",
        "Rapx",
        "Rudra",
        "Lockbud(Probably)",
        "Lockbud(Possibly)",
        "Outdated",
        "Geiger",
        "Unformatted"
      ],
      "mapping": {
        "cargo": [
          "Cargo"
        ],
        "clippy": [
          "Clippy(Error)",
          "Clippy(Warn)"
        ],
        "semver-checks": [
          "Semver Violation"
        ],
        "audit": [
          "Audit"
        ],
        "mirai": [
          "Mirai"
        ],
        "rapx": [
          "Rapx"
        ],
        "rudra": [
          "Rudra"
        ],
        "lockbud": [
          "Lockbud(Probably)",
          "Lockbud(Possibly)"
        ],
        "outdated": [
          "Outdated"
        ],
        "geiger": [
          "Geiger"
        ],
        "fmt": [
          "Unformatted"
        ]
      }
    },
    "repos": [
      {
        "user": "kern-crates",
        "repo": "virtio-input-decoder"
      },
      {
        "user": "kern-crates",
        "repo": "zCore"
      }
    ],
    "packages": [
      {
        "name": "virtio-input-decoder",
        "repo": {
          "repo_idx": 0,
          "user": "kern-crates",
          "repo": "virtio-input-decoder"
        }
      },
      {
        "name": "rboot",
        "repo": {
          "repo_idx": 1,
          "user": "kern-crates",
          "repo": "zCore"
        }
      },
      {
        "name": "uart",
        "repo": {
          "repo_idx": 1,
          "user": "kern-crates",
          "repo": "zCore"
        }
      },
      {
        "name": "zcore",
        "repo": {
          "repo_idx": 1,
          "user": "kern-crates",
          "repo": "zCore"
        }
      },
      {
        "name": "zircon-user",
        "repo": {
          "repo_idx": 1,
          "user": "kern-crates",
          "repo": "zCore"
        }
      }
    ]
  },
  "cmd": [
    {
      "package_idx": 0,
      "tool": "fmt",
      "cmd": "cargo +nightly-2025-01-26-x86_64-unknown-linux-gnu fmt",
      "count": 0,
      "duration_ms": 95,
      "arch": "x86_64",
      "target_triple": "x86_64-unknown-linux-gnu",
      "rust_toolchain": "nightly-2025-01-25",
      "features": [],
      "flags": []
    },
    {
      "package_idx": 0,
      "tool": "clippy",
      "cmd": "cargo clippy --target x86_64-unknown-linux-gnu  --no-deps",
      "count": 4,
      "duration_ms": 178,
      "arch": "x86_64",
      "target_triple": "x86_64-unknown-linux-gnu",
      "rust_toolchain": "nightly-2025-01-25",
      "features": [],
      "flags": []
    },
    {
      "package_idx": 0,
      "tool": "semver-checks",
      "cmd": "cargo +nightly-2025-01-26-x86_64-unknown-linux-gnu semver-checks --target x86_64-unknown-linux-gnu ",
      "count": 1,
      "duration_ms": 413,
      "arch": "x86_64",
      "target_triple": "x86_64-unknown-linux-gnu",
      "rust_toolchain": "nightly-2025-01-25",
      "features": [],
      "flags": []
    },
    {
      "package_idx": 0,
      "tool": "mirai",
      "cmd": "cargo +nightly-2025-01-04 mirai --target x86_64-unknown-linux-gnu ",
      "count": 0,
      "duration_ms": 244,
      "arch": "x86_64",
      "target_triple": "x86_64-unknown-linux-gnu",
      "rust_toolchain": "nightly-2025-01-25",
      "features": [],
      "flags": []
    },
    {
      "package_idx": 0,
      "tool": "lockbud",
      "cmd": "cargo +nightly-2024-12-01 lockbud -k all -- --target x86_64-unknown-linux-gnu ",
      "count": 0,
      "duration_ms": 112,
      "arch": "x86_64",
      "target_triple": "x86_64-unknown-linux-gnu",
      "rust_toolchain": "nightly-2025-01-25",
      "features": [],
      "flags": []
    },
    {
      "package_idx": 0,
      "tool": "rapx",
      "cmd": "cargo +nightly-2024-10-12 rapx -F -M -- --target x86_64-unknown-linux-gnu ",
      "count": 0,
      "duration_ms": 542,
      "arch": "x86_64",
      "target_triple": "x86_64-unknown-linux-gnu",
      "rust_toolchain": "nightly-2025-01-25",
      "features": [],
      "flags": []
    },
    {
      "package_idx": 0,
      "tool": "rudra",
      "cmd": "cargo +nightly-2021-10-21 rudra --target x86_64-unknown-linux-gnu ",
      "count": 0,
      "duration_ms": 239,
      "arch": "x86_64",
      "target_triple": "x86_64-unknown-linux-gnu",
      "rust_toolchain": "nightly-2025-01-25",
      "features": [],
      "flags": []
    },
    {
      "package_idx": 0,
      "tool": "outdated",
      "cmd": "cargo +nightly-2025-01-26-x86_64-unknown-linux-gnu outdated -R --exit-code=2",
      "count": 0,
      "duration_ms": 42,
      "arch": "x86_64",
      "target_triple": "x86_64-unknown-linux-gnu",
      "rust_toolchain": "nightly-2025-01-25",
      "features": [],
      "flags": []
    },
    {
      "package_idx": 0,
      "tool": "geiger",
      "cmd": "cargo +nightly-2025-01-26-x86_64-unknown-linux-gnu geiger --output-format Ascii",
      "count": 0,
      "duration_ms": 66,
      "arch": "x86_64",
      "target_triple": "x86_64-unknown-linux-gnu",
      "rust_toolchain": "nightly-2025-01-25",
      "features": [],
      "flags": []
    },
    {
      "package_idx": 0,
      "tool": "cargo",
      "cmd": "VRITUAL=semver-checks cargo",
      "count": 1,
      "duration_ms": 413,
      "arch": "x86_64",
      "target_triple": "x86_64-unknown-linux-gnu",
      "rust_toolchain": "nightly-2025-01-25",
      "features": [],
      "flags": []
    },
    {
      "package_idx": 1,
      "tool": "fmt",
      "cmd": "cargo +nightly-2025-01-26-x86_64-unknown-linux-gnu fmt",
      "count": 0,
      "duration_ms": 98,
      "arch": "x86_64",
      "target_triple": "x86_64-unknown-uefi",
      "rust_toolchain": "nightly-2022-10-27",
      "features": [],
      "flags": []
    },
    {
      "package_idx": 1,
      "tool": "fmt",
      "cmd": "cargo +nightly-2025-01-26-x86_64-unknown-linux-gnu fmt",
      "count": 0,
      "duration_ms": 98,
      "arch": "x86_64",
      "target_triple": "x86_64-unknown-linux-musl",
      "rust_toolchain": "nightly-2022-10-27",
      "features": [],
      "flags": []
    },
    {
      "package_idx": 1,
      "tool": "clippy",
      "cmd": "cargo clippy --target x86_64-unknown-uefi  --no-deps",
      "count": 0,
      "duration_ms": 185,
      "arch": "x86_64",
      "target_triple": "x86_64-unknown-uefi",
      "rust_toolchain": "nightly-2022-10-27",
      "features": [],
      "flags": []
    },
    {
      "package_idx": 1,
      "tool": "clippy",
      "cmd": "cargo clippy --target x86_64-unknown-linux-musl  --no-deps",
      "count": 0,
      "duration_ms": 184,
      "arch": "x86_64",
      "target_triple": "x86_64-unknown-linux-musl",
      "rust_toolchain": "nightly-2022-10-27",
      "features": [],
      "flags": []
    },
    {
      "package_idx": 1,
      "tool": "semver-checks",
      "cmd": "cargo +nightly-2025-01-26-x86_64-unknown-linux-gnu semver-checks --target x86_64-unknown-uefi ",
      "count": 1,
      "duration_ms": 939,
      "arch": "x86_64",
      "target_triple": "x86_64-unknown-uefi",
      "rust_toolchain": "nightly-2022-10-27",
      "features": [],
      "flags": []
    },
    {
      "package_idx": 1,
      "tool": "semver-checks",
      "cmd": "cargo +nightly-2025-01-26-x86_64-unknown-linux-gnu semver-checks --target x86_64-unknown-linux-musl ",
      "count": 1,
      "duration_ms": 488,
      "arch": "x86_64",
      "target_triple": "x86_64-unknown-linux-musl",
      "rust_toolchain": "nightly-2022-10-27",
      "features": [],
      "flags": []
    },
    {
      "package_idx": 1,
      "tool": "lockbud",
      "cmd": "cargo +nightly-2024-12-01 lockbud -k all -- --target x86_64-unknown-uefi ",
      "count": 0,
      "duration_ms": 205,
      "arch": "x86_64",
      "target_triple": "x86_64-unknown-uefi",
      "rust_toolchain": "nightly-2022-10-27",
      "features": [],
      "flags": []
    },
    {
      "package_idx": 1,
      "tool": "lockbud",
      "cmd": "cargo +nightly-2024-12-01 lockbud -k all -- --target x86_64-unknown-linux-musl ",
      "count": 0,
      "duration_ms": 70,
      "arch": "x86_64",
      "target_triple": "x86_64-unknown-linux-musl",
      "rust_toolchain": "nightly-2022-10-27",
      "features": [],
      "flags": []
    },
    {
      "package_idx": 1,
      "tool": "rapx",
      "cmd": "cargo +nightly-2024-10-12 rapx -F -M -- --target x86_64-unknown-uefi ",
      "count": 0,
      "duration_ms": 268,
      "arch": "x86_64",
      "target_triple": "x86_64-unknown-uefi",
      "rust_toolchain": "nightly-2022-10-27",
      "features": [],
      "flags": []
    },
    {
      "package_idx": 1,
      "tool": "rapx",
      "cmd": "cargo +nightly-2024-10-12 rapx -F -M -- --target x86_64-unknown-linux-musl ",
      "count": 0,
      "duration_ms": 268,
      "arch": "x86_64",
      "target_triple": "x86_64-unknown-linux-musl",
      "rust_toolchain": "nightly-2022-10-27",
      "features": [],
      "flags": []
    },
    {
      "package_idx": 1,
      "tool": "outdated",
      "cmd": "cargo +nightly-2025-01-26-x86_64-unknown-linux-gnu outdated -R --exit-code=2",
      "count": 1,
      "duration_ms": 667,
      "arch": "x86_64",
      "target_triple": "x86_64-unknown-uefi",
      "rust_toolchain": "nightly-2022-10-27",
      "features": [],
      "flags": []
    },
    {
      "package_idx": 1,
      "tool": "outdated",
      "cmd": "cargo +nightly-2025-01-26-x86_64-unknown-linux-gnu outdated -R --exit-code=2",
      "count": 1,
      "duration_ms": 338,
      "arch": "x86_64",
      "target_triple": "x86_64-unknown-linux-musl",
      "rust_toolchain": "nightly-2022-10-27",
      "features": [],
      "flags": []
    },
    {
      "package_idx": 1,
      "tool": "cargo",
      "cmd": "VRITUAL=semver-checks cargo",
      "count": 1,
      "duration_ms": 939,
      "arch": "x86_64",
      "target_triple": "x86_64-unknown-uefi",
      "rust_toolchain": "nightly-2022-10-27",
      "features": [],
      "flags": []
    },
    {
      "package_idx": 1,
      "tool": "cargo",
      "cmd": "VRITUAL=semver-checks cargo",
      "count": 1,
      "duration_ms": 488,
      "arch": "x86_64",
      "target_triple": "x86_64-unknown-linux-musl",
      "rust_toolchain": "nightly-2022-10-27",
      "features": [],
      "flags": []
    },
    {
      "package_idx": 1,
      "tool": "cargo",
      "cmd": "VRITUAL=lockbud cargo",
      "count": 1,
      "duration_ms": 205,
      "arch": "x86_64",
      "target_triple": "x86_64-unknown-uefi",
      "rust_toolchain": "nightly-2022-10-27",
      "features": [],
      "flags": []
    },
    {
      "package_idx": 1,
      "tool": "cargo",
      "cmd": "VRITUAL=lockbud cargo",
      "count": 1,
      "duration_ms": 70,
      "arch": "x86_64",
      "target_triple": "x86_64-unknown-linux-musl",
      "rust_toolchain": "nightly-2022-10-27",
      "features": [],
      "flags": []
    },
    {
      "package_idx": 1,
      "tool": "cargo",
      "cmd": "VRITUAL=rapx cargo",
      "count": 1,
      "duration_ms": 268,
      "arch": "x86_64",
      "target_triple": "x86_64-unknown-uefi",
      "rust_toolchain": "nightly-2022-10-27",
      "features": [],
      "flags": []
    },
    {
      "package_idx": 1,
      "tool": "cargo",
      "cmd": "VRITUAL=rapx cargo",
      "count": 1,
      "duration_ms": 268,
      "arch": "x86_64",
      "target_triple": "x86_64-unknown-linux-musl",
      "rust_toolchain": "nightly-2022-10-27",
      "features": [],
      "flags": []
    },
    {
      "package_idx": 2,
      "tool": "fmt",
      "cmd": "cargo +nightly-2025-01-26-x86_64-unknown-linux-gnu fmt",
      "count": 0,
      "duration_ms": 92,
      "arch": "x86_64",
      "target_triple": "x86_64-unknown-linux-musl",
      "rust_toolchain": "nightly-2022-10-27",
      "features": [],
      "flags": []
    },
    {
      "package_idx": 2,
      "tool": "fmt",
      "cmd": "cargo +nightly-2025-01-26-x86_64-unknown-linux-gnu fmt",
      "count": 0,
      "duration_ms": 92,
      "arch": "x86_64",
      "target_triple": "x86_64-unknown-uefi",
      "rust_toolchain": "nightly-2022-10-27",
      "features": [],
      "flags": []
    },
    {
      "package_idx": 2,
      "tool": "clippy",
      "cmd": "cargo clippy --target x86_64-unknown-linux-musl  --no-deps",
      "count": 0,
      "duration_ms": 182,
      "arch": "x86_64",
      "target_triple": "x86_64-unknown-linux-musl",
      "rust_toolchain": "nightly-2022-10-27",
      "features": [],
      "flags": []
    },
    {
      "package_idx": 2,
      "tool": "clippy",
      "cmd": "cargo clippy --target x86_64-unknown-uefi  --no-deps",
      "count": 0,
      "duration_ms": 184,
      "arch": "x86_64",
      "target_triple": "x86_64-unknown-uefi",
      "rust_toolchain": "nightly-2022-10-27",
      "features": [],
      "flags": []
    },
    {
      "package_idx": 2,
      "tool": "lockbud",
      "cmd": "cargo +nightly-2024-12-01 lockbud -k all -- --target x86_64-unknown-linux-musl ",
      "count": 0,
      "duration_ms": 1470,
      "arch": "x86_64",
      "target_triple": "x86_64-unknown-linux-musl",
      "rust_toolchain": "nightly-2022-10-27",
      "features": [],
      "flags": []
    },
    {
      "package_idx": 2,
      "tool": "lockbud",
      "cmd": "cargo +nightly-2024-12-01 lockbud -k all -- --target x86_64-unknown-uefi ",
      "count": 0,
      "duration_ms": 78,
      "arch": "x86_64",
      "target_triple": "x86_64-unknown-uefi",
      "rust_toolchain": "nightly-2022-10-27",
      "features": [],
      "flags": []
    },
    {
      "package_idx": 2,
      "tool": "rapx",
      "cmd": "cargo +nightly-2024-10-12 rapx -F -M -- --target x86_64-unknown-linux-musl ",
      "count": 0,
      "duration_ms": 1526,
      "arch": "x86_64",
      "target_triple": "x86_64-unknown-linux-musl",
      "rust_toolchain": "nightly-2022-10-27",
      "features": [],
      "flags": []
    },
    {
      "package_idx": 2,
      "tool": "rapx",
      "cmd": "cargo +nightly-2024-10-12 rapx -F -M -- --target x86_64-unknown-uefi ",
      "count": 0,
      "duration_ms": 649,
      "arch": "x86_64",
      "target_triple": "x86_64-unknown-uefi",
      "rust_toolchain": "nightly-2022-10-27",
      "features": [],
      "flags": []
    },
    {
      "package_idx": 2,
      "tool": "outdated",
      "cmd": "cargo +nightly-2025-01-26-x86_64-unknown-linux-gnu outdated -R --exit-code=2",
      "count": 0,
      "duration_ms": 175,
      "arch": "x86_64",
      "target_triple": "x86_64-unknown-linux-musl",
      "rust_toolchain": "nightly-2022-10-27",
      "features": [],
      "flags": []
    },
    {
      "package_idx": 2,
      "tool": "outdated",
      "cmd": "cargo +nightly-2025-01-26-x86_64-unknown-linux-gnu outdated -R --exit-code=2",
      "count": 0,
      "duration_ms": 182,
      "arch": "x86_64",
      "target_triple": "x86_64-unknown-uefi",
      "rust_toolchain": "nightly-2022-10-27",
      "features": [],
      "flags": []
    },
    {
      "package_idx": 2,
      "tool": "cargo",
      "cmd": "VRITUAL=lockbud cargo",
      "count": 1,
      "duration_ms": 1470,
      "arch": "x86_64",
      "target_triple": "x86_64-unknown-linux-musl",
      "rust_toolchain": "nightly-2022-10-27",
      "features": [],
      "flags": []
    },
    {
      "package_idx": 2,
      "tool": "cargo",
      "cmd": "VRITUAL=lockbud cargo",
      "count": 1,
      "duration_ms": 78,
      "arch": "x86_64",
      "target_triple": "x86_64-unknown-uefi",
      "rust_toolchain": "nightly-2022-10-27",
      "features": [],
      "flags": []
    },
    {
      "package_idx": 2,
      "tool": "cargo",
      "cmd": "VRITUAL=rapx cargo",
      "count": 1,
      "duration_ms": 1526,
      "arch": "x86_64",
      "target_triple": "x86_64-unknown-linux-musl",
      "rust_toolchain": "nightly-2022-10-27",
      "features": [],
      "flags": []
    },
    {
      "package_idx": 2,
      "tool": "cargo",
      "cmd": "VRITUAL=rapx cargo",
      "count": 1,
      "duration_ms": 649,
      "arch": "x86_64",
      "target_triple": "x86_64-unknown-uefi",
      "rust_toolchain": "nightly-2022-10-27",
      "features": [],
      "flags": []
    },
    {
      "package_idx": 3,
      "tool": "fmt",
      "cmd": "cargo +nightly-2025-01-26-x86_64-unknown-linux-gnu fmt",
      "count": 0,
      "duration_ms": 103,
      "arch": "x86_64",
      "target_triple": "x86_64-unknown-linux-musl",
      "rust_toolchain": "nightly-2022-10-27",
      "features": [],
      "flags": []
    },
    {
      "package_idx": 3,
      "tool": "fmt",
      "cmd": "cargo +nightly-2025-01-26-x86_64-unknown-linux-gnu fmt",
      "count": 0,
      "duration_ms": 103,
      "arch": "x86_64",
      "target_triple": "x86_64-unknown-uefi",
      "rust_toolchain": "nightly-2022-10-27",
      "features": [],
      "flags": []
    },
    {
      "package_idx": 3,
      "tool": "clippy",
      "cmd": "cargo clippy --target x86_64-unknown-linux-musl  --no-deps",
      "count": 15,
      "duration_ms": 10782,
      "arch": "x86_64",
      "target_triple": "x86_64-unknown-linux-musl",
      "rust_toolchain": "nightly-2022-10-27",
      "features": [],
      "flags": []
    },
    {
      "package_idx": 3,
      "tool": "clippy",
      "cmd": "cargo clippy --target x86_64-unknown-uefi  --no-deps",
      "count": 125,
      "duration_ms": 3719,
      "arch": "x86_64",
      "target_triple": "x86_64-unknown-uefi",
      "rust_toolchain": "nightly-2022-10-27",
      "features": [],
      "flags": []
    },
    {
      "package_idx": 3,
      "tool": "audit",
      "cmd": "cargo audit",
      "count": 1,
      "duration_ms": 410,
      "arch": "x86_64",
      "target_triple": "x86_64-unknown-uefi",
      "rust_toolchain": "nightly-2022-10-27",
      "features": [],
      "flags": []
    },
    {
      "package_idx": 3,
      "tool": "audit",
      "cmd": "cargo audit",
      "count": 1,
      "duration_ms": 340,
      "arch": "x86_64",
      "target_triple": "x86_64-unknown-linux-musl",
      "rust_toolchain": "nightly-2022-10-27",
      "features": [],
      "flags": []
    },
    {
      "package_idx": 3,
      "tool": "lockbud",
      "cmd": "cargo +nightly-2024-12-01 lockbud -k all -- --target x86_64-unknown-uefi ",
      "count": 0,
      "duration_ms": 607,
      "arch": "x86_64",
      "target_triple": "x86_64-unknown-uefi",
      "rust_toolchain": "nightly-2022-10-27",
      "features": [],
      "flags": []
    },
    {
      "package_idx": 3,
      "tool": "lockbud",
      "cmd": "cargo +nightly-2024-12-01 lockbud -k all -- --target x86_64-unknown-linux-musl ",
      "count": 0,
      "duration_ms": 4853,
      "arch": "x86_64",
      "target_triple": "x86_64-unknown-linux-musl",
      "rust_toolchain": "nightly-2022-10-27",
      "features": [],
      "flags": []
    },
    {
      "package_idx": 3,
      "tool": "rapx",
      "cmd": "cargo +nightly-2024-10-12 rapx -F -M -- --target x86_64-unknown-linux-musl ",
      "count": 0,
      "duration_ms": 6076,
      "arch": "x86_64",
      "target_triple": "x86_64-unknown-linux-musl",
      "rust_toolchain": "nightly-2022-10-27",
      "features": [],
      "flags": []
    },
    {
      "package_idx": 3,
      "tool": "rapx",
      "cmd": "cargo +nightly-2024-10-12 rapx -F -M -- --target x86_64-unknown-uefi ",
      "count": 0,
      "duration_ms": 710,
      "arch": "x86_64",
      "target_triple": "x86_64-unknown-uefi",
      "rust_toolchain": "nightly-2022-10-27",
      "features": [],
      "flags": []
    },
    {
      "package_idx": 3,
      "tool": "outdated",
      "cmd": "cargo +nightly-2025-01-26-x86_64-unknown-linux-gnu outdated -R --exit-code=2",
      "count": 1,
      "duration_ms": 4396,
      "arch": "x86_64",
      "target_triple": "x86_64-unknown-linux-musl",
      "rust_toolchain": "nightly-2022-10-27",
      "features": [],
      "flags": []
    },
    {
      "package_idx": 3,
      "tool": "outdated",
      "cmd": "cargo +nightly-2025-01-26-x86_64-unknown-linux-gnu outdated -R --exit-code=2",
      "count": 1,
      "duration_ms": 1578,
      "arch": "x86_64",
      "target_triple": "x86_64-unknown-uefi",
      "rust_toolchain": "nightly-2022-10-27",
      "features": [],
      "flags": []
    },
    {
      "package_idx": 3,
      "tool": "cargo",
      "cmd": "VRITUAL=clippy cargo",
      "count": 1,
      "duration_ms": 10782,
      "arch": "x86_64",
      "target_triple": "x86_64-unknown-linux-musl",
      "rust_toolchain": "nightly-2022-10-27",
      "features": [],
      "flags": []
    },
    {
      "package_idx": 3,
      "tool": "cargo",
      "cmd": "VRITUAL=clippy cargo",
      "count": 1,
      "duration_ms": 3719,
      "arch": "x86_64",
      "target_triple": "x86_64-unknown-uefi",
      "rust_toolchain": "nightly-2022-10-27",
      "features": [],
      "flags": []
    },
    {
      "package_idx": 3,
      "tool": "cargo",
      "cmd": "VRITUAL=lockbud cargo",
      "count": 1,
      "duration_ms": 607,
      "arch": "x86_64",
      "target_triple": "x86_64-unknown-uefi",
      "rust_toolchain": "nightly-2022-10-27",
      "features": [],
      "flags": []
    },
    {
      "package_idx": 3,
      "tool": "cargo",
      "cmd": "VRITUAL=lockbud cargo",
      "count": 1,
      "duration_ms": 4853,
      "arch": "x86_64",
      "target_triple": "x86_64-unknown-linux-musl",
      "rust_toolchain": "nightly-2022-10-27",
      "features": [],
      "flags": []
    },
    {
      "package_idx": 3,
      "tool": "cargo",
      "cmd": "VRITUAL=rapx cargo",
      "count": 1,
      "duration_ms": 6076,
      "arch": "x86_64",
      "target_triple": "x86_64-unknown-linux-musl",
      "rust_toolchain": "nightly-2022-10-27",
      "features": [],
      "flags": []
    },
    {
      "package_idx": 3,
      "tool": "cargo",
      "cmd": "VRITUAL=rapx cargo",
      "count": 1,
      "duration_ms": 710,
      "arch": "x86_64",
      "target_triple": "x86_64-unknown-uefi",
      "rust_toolchain": "nightly-2022-10-27",
      "features": [],
      "flags": []
    },
    {
      "package_idx": 4,
      "tool": "fmt",
      "cmd": "cargo +nightly-2025-01-26-x86_64-unknown-linux-gnu fmt",
      "count": 0,
      "duration_ms": 93,
      "arch": "x86_64",
      "target_triple": "x86_64-unknown-uefi",
      "rust_toolchain": "nightly-2022-01-20",
      "features": [],
      "flags": []
    },
    {
      "package_idx": 4,
      "tool": "fmt",
      "cmd": "cargo +nightly-2025-01-26-x86_64-unknown-linux-gnu fmt",
      "count": 0,
      "duration_ms": 93,
      "arch": "x86_64",
      "target_triple": "x86_64-unknown-linux-musl",
      "rust_toolchain": "nightly-2022-01-20",
      "features": [],
      "flags": []
    },
    {
      "package_idx": 4,
      "tool": "clippy",
      "cmd": "cargo clippy --target x86_64-unknown-linux-musl  --no-deps",
      "count": 0,
      "duration_ms": 279,
      "arch": "x86_64",
      "target_triple": "x86_64-unknown-linux-musl",
      "rust_toolchain": "nightly-2022-01-20",
      "features": [],
      "flags": []
    },
    {
      "package_idx": 4,
      "tool": "clippy",
      "cmd": "cargo clippy --target x86_64-unknown-uefi  --no-deps",
      "count": 3,
      "duration_ms": 177,
      "arch": "x86_64",
      "target_triple": "x86_64-unknown-uefi",
      "rust_toolchain": "nightly-2022-01-20",
      "features": [],
      "flags": []
    },
    {
      "package_idx": 4,
      "tool": "lockbud",
      "cmd": "cargo +nightly-2024-12-01 lockbud -k all -- --target x86_64-unknown-linux-musl ",
      "count": 0,
      "duration_ms": 254,
      "arch": "x86_64",
      "target_triple": "x86_64-unknown-linux-musl",
      "rust_toolchain": "nightly-2022-01-20",
      "features": [],
      "flags": []
    },
    {
      "package_idx": 4,
      "tool": "lockbud",
      "cmd": "cargo +nightly-2024-12-01 lockbud -k all -- --target x86_64-unknown-uefi ",
      "count": 0,
      "duration_ms": 61,
      "arch": "x86_64",
      "target_triple": "x86_64-unknown-uefi",
      "rust_toolchain": "nightly-2022-01-20",
      "features": [],
      "flags": []
    },
    {
      "package_idx": 4,
      "tool": "rapx",
      "cmd": "cargo +nightly-2024-10-12 rapx -F -M -- --target x86_64-unknown-linux-musl ",
      "count": 0,
      "duration_ms": 356,
      "arch": "x86_64",
      "target_triple": "x86_64-unknown-linux-musl",
      "rust_toolchain": "nightly-2022-01-20",
      "features": [],
      "flags": []
    },
    {
      "package_idx": 4,
      "tool": "rapx",
      "cmd": "cargo +nightly-2024-10-12 rapx -F -M -- --target x86_64-unknown-uefi ",
      "count": 0,
      "duration_ms": 339,
      "arch": "x86_64",
      "target_triple": "x86_64-unknown-uefi",
      "rust_toolchain": "nightly-2022-01-20",
      "features": [],
      "flags": []
    },
    {
      "package_idx": 4,
      "tool": "outdated",
      "cmd": "cargo +nightly-2025-01-26-x86_64-unknown-linux-gnu outdated -R --exit-code=2",
      "count": 0,
      "duration_ms": 40,
      "arch": "x86_64",
      "target_triple": "x86_64-unknown-linux-musl",
      "rust_toolchain": "nightly-2022-01-20",
      "features": [],
      "flags": []
    },
    {
      "package_idx": 4,
      "tool": "outdated",
      "cmd": "cargo +nightly-2025-01-26-x86_64-unknown-linux-gnu outdated -R --exit-code=2",
      "count": 0,
      "duration_ms": 38,
      "arch": "x86_64",
      "target_triple": "x86_64-unknown-uefi",
      "rust_toolchain": "nightly-2022-01-20",
      "features": [],
      "flags": []
    },
    {
      "package_idx": 4,
      "tool": "cargo",
      "cmd": "VRITUAL=clippy cargo",
      "count": 1,
      "duration_ms": 177,
      "arch": "x86_64",
      "target_triple": "x86_64-unknown-uefi",
      "rust_toolchain": "nightly-2022-01-20",
      "features": [],
      "flags": []
    },
    {
      "package_idx": 4,
      "tool": "cargo",
      "cmd": "VRITUAL=lockbud cargo",
      "count": 1,
      "duration_ms": 61,
      "arch": "x86_64",
      "target_triple": "x86_64-unknown-uefi",
      "rust_toolchain": "nightly-2022-01-20",
      "features": [],
      "flags": []
    },
    {
      "package_idx": 4,
      "tool": "cargo",
      "cmd": "VRITUAL=rapx cargo",
      "count": 1,
      "duration_ms": 339,
      "arch": "x86_64",
      "target_triple": "x86_64-unknown-uefi",
      "rust_toolchain": "nightly-2022-01-20",
      "features": [],
      "flags": []
    },
    {
      "package_idx": 4,
      "tool": "cargo",
      "cmd": "VRITUAL=outdated cargo",
      "count": 1,
      "duration_ms": 40,
      "arch": "x86_64",
      "target_triple": "x86_64-unknown-linux-musl",
      "rust_toolchain": "nightly-2022-01-20",
      "features": [],
      "flags": []
    },
    {
      "package_idx": 4,
      "tool": "cargo",
      "cmd": "VRITUAL=outdated cargo",
      "count": 1,
      "duration_ms": 38,
      "arch": "x86_64",
      "target_triple": "x86_64-unknown-uefi",
      "rust_toolchain": "nightly-2022-01-20",
      "features": [],
      "flags": []
    }
  ],
  "data": [
    {
      "cmd_idx": 1,
      "file": "src/decoder.rs",
      "kind": "Clippy(Warn)",
      "raw": "warning: this returns a `Result<_, ()>`\n  --> src/decoder.rs:13:5\n   |\n13 |     pub fn decode(etype: usize, code: usize, value: isize) -> Result<DecodeType, ()> {\n   |     ^^^^^^^^^^^^^^^^^^^^^^^^^^^^^^^^^^^^^^^^^^^^^^^^^^^^^^^^^^^^^^^^^^^^^^^^^^^^^^^^\n   |\n   = help: use a custom `Error` type instead\n   = help: for further information visit https://rust-lang.github.io/rust-clippy/master/index.html#result_unit_err\n   = note: `#[warn(clippy::result_unit_err)]` on by default\n\n"
    },
    {
      "cmd_idx": 1,
      "file": "src/decoder.rs",
      "kind": "Clippy(Warn)",
      "raw": "warning: this returns a `Result<_, ()>`\n  --> src/decoder.rs:34:5\n   |\n34 |     pub fn convert_key(key: Key) -> Result<char, ()> {\n   |     ^^^^^^^^^^^^^^^^^^^^^^^^^^^^^^^^^^^^^^^^^^^^^^^^\n   |\n   = help: use a custom `Error` type instead\n   = help: for further information visit https://rust-lang.github.io/rust-clippy/master/index.html#result_unit_err\n\n"
    },
    {
      "cmd_idx": 1,
      "file": "src/key.rs",
      "kind": "Clippy(Warn)",
      "raw": "warning: this returns a `Result<_, ()>`\n   --> src/key.rs:203:5\n    |\n203 |     pub fn from_code(code: usize) -> Result<Key, ()> {\n    |     ^^^^^^^^^^^^^^^^^^^^^^^^^^^^^^^^^^^^^^^^^^^^^^^^\n    |\n    = help: use a custom `Error` type instead\n    = help: for further information visit https://rust-lang.github.io/rust-clippy/master/index.html#result_unit_err\n\n"
    },
    {
      "cmd_idx": 1,
      "file": "src/key.rs",
      "kind": "Clippy(Warn)",
      "raw": "warning: this returns a `Result<_, ()>`\n   --> src/key.rs:271:5\n    |\n271 |     pub fn to_char(&self) -> Result<char, ()> {\n    |     ^^^^^^^^^^^^^^^^^^^^^^^^^^^^^^^^^^^^^^^^^\n    |\n    = help: use a custom `Error` type instead\n    = help: for further information visit https://rust-lang.github.io/rust-clippy/master/index.html#result_unit_err\n\n"
    },
    {
      "cmd_idx": 2,
      "file": "[semver checks]",
      "kind": "Semver Violation",
      "raw": "pkg=virtio-input-decoder, checker=SemverChecks\ntoolchain=nightly-2025-01-26-x86_64-unknown-linux-gnu, target=x86_64-unknown-linux-gnu\nfeatures=\npkg_dir=/home/runner/check/batch_32/kern-crates/virtio-input-decoder\ncmd=cargo +nightly-2025-01-26-x86_64-unknown-linux-gnu semver-checks --target x86_64-unknown-linux-gnu \ntimestamp=2025-01-27 0:31:21.770864585 +08:00:00\n\n\nstdout:\n\nstderr:\n    Building virtio-input-decoder v0.1.3 (current)\n       Built [   0.222s] (current)\n     Parsing virtio-input-decoder v0.1.3 (current)\nerror: unsupported rustdoc format v39 for file: /home/runner/check/batch_32/kern-crates/virtio-input-decoder/target/semver-checks/local-virtio_input_decoder-0_1_3-01666ec060466c14/target/x86_64-unknown-linux-gnu/doc/virtio_input_decoder.json\n"
    },
    {
      "cmd_idx": 9,
      "file": "(virtual) semver-checks",
      "kind": "Cargo",
      "raw": "// pkg_name=virtio-input-decoder, checker=SemverChecks\n// toolchain=nightly-2025-01-26-x86_64-unknown-linux-gnu, target=x86_64-unknown-linux-gnu\n// features=\n// pkg_dir=/home/runner/check/batch_32/kern-crates/virtio-input-decoder\n// cmd=cargo +nightly-2025-01-26-x86_64-unknown-linux-gnu semver-checks --target x86_64-unknown-linux-gnu \n// timestamp=2025-01-27 0:31:21.357321354 +08:00:00\n    Building virtio-input-decoder v0.1.3 (current)\n       Built [   0.222s] (current)\n     Parsing virtio-input-decoder v0.1.3 (current)\nerror: unsupported rustdoc format v39 for file: /home/runner/check/batch_32/kern-crates/virtio-input-decoder/target/semver-checks/local-virtio_input_decoder-0_1_3-01666ec060466c14/target/x86_64-unknown-linux-gnu/doc/virtio_input_decoder.json\n"
    },
    {
      "cmd_idx": 14,
      "file": "[semver checks]",
      "kind": "Semver Violation",
      "raw": "pkg=rboot, checker=SemverChecks\ntoolchain=nightly-2022-10-27, target=x86_64-unknown-uefi\nfeatures=\npkg_dir=/home/runner/check/batch_32/kern-crates/zCore/rboot\ncmd=cargo +nightly-2025-01-26-x86_64-unknown-linux-gnu semver-checks --target x86_64-unknown-uefi \ntimestamp=2025-01-27 0:32:47.121312523 +08:00:00\n\n\nstdout:\n\nstderr:\nwarning: `/home/runner/check/batch_32/kern-crates/zCore/rboot/.cargo/config` is deprecated in favor of `config.toml`\nnote: if you need to support cargo 1.38 or earlier, you can symlink `config` to `config.toml`\n    Building rboot v0.1.6 (current)\nerror: running cargo-doc on crate 'rboot' failed with output:\n-----\nwarning: `/home/runner/check/batch_32/kern-crates/zCore/rboot/.cargo/config` is deprecated in favor of `config.toml`\nnote: if you need to support cargo 1.38 or earlier, you can symlink `config` to `config.toml`\nerror: \"/home/runner/.rustup/toolchains/nightly-2025-01-26-x86_64-unknown-linux-gnu/lib/rustlib/src/rust/library/Cargo.lock\" does not exist, unable to build with the standard library, try:\n        rustup component add rust-src --toolchain nightly-2025-01-26-x86_64-unknown-linux-gnu\n\n-----\n\nerror: failed to build rustdoc for crate rboot v0.1.6\nnote: this is usually due to a compilation error in the crate,\n      and is unlikely to be a bug in cargo-semver-checks\nnote: the following command can be used to reproduce the compilation error:\n      cargo new --lib example &&\n          cd example &&\n          echo '[workspace]' >> Cargo.toml &&\n          cargo add --path /home/runner/check/batch_32/kern-crates/zCore/rboot --features default,rboot,uefi-services &&\n          cargo check\n\nerror: aborting due to failure to build rustdoc for crate rboot v0.1.6\n"
    },
    {
      "cmd_idx": 15,
      "file": "[semver checks]",
      "kind": "Semver Violation",
      "raw": "pkg=rboot, checker=SemverChecks\ntoolchain=nightly-2022-10-27, target=x86_64-unknown-linux-musl\nfeatures=\npkg_dir=/home/runner/check/batch_32/kern-crates/zCore/rboot\ncmd=cargo +nightly-2025-01-26-x86_64-unknown-linux-gnu semver-checks --target x86_64-unknown-linux-musl \ntimestamp=2025-01-27 0:32:48.03100026 +08:00:00\n\n\nstdout:\n\nstderr:\nwarning: `/home/runner/check/batch_32/kern-crates/zCore/rboot/.cargo/config` is deprecated in favor of `config.toml`\nnote: if you need to support cargo 1.38 or earlier, you can symlink `config` to `config.toml`\n    Building rboot v0.1.6 (current)\nerror: running cargo-doc on crate 'rboot' failed with output:\n-----\nwarning: `/home/runner/check/batch_32/kern-crates/zCore/rboot/.cargo/config` is deprecated in favor of `config.toml`\nnote: if you need to support cargo 1.38 or earlier, you can symlink `config` to `config.toml`\nerror: \"/home/runner/.rustup/toolchains/nightly-2025-01-26-x86_64-unknown-linux-gnu/lib/rustlib/src/rust/library/Cargo.lock\" does not exist, unable to build with the standard library, try:\n        rustup component add rust-src --toolchain nightly-2025-01-26-x86_64-unknown-linux-gnu\n\n-----\n\nerror: failed to build rustdoc for crate rboot v0.1.6\nnote: this is usually due to a compilation error in the crate,\n      and is unlikely to be a bug in cargo-semver-checks\nnote: the following command can be used to reproduce the compilation error:\n      cargo new --lib example &&\n          cd example &&\n          echo '[workspace]' >> Cargo.toml &&\n          cargo add --path /home/runner/check/batch_32/kern-crates/zCore/rboot --features default,rboot,uefi-services &&\n          cargo check\n\nerror: aborting due to failure to build rustdoc for crate rboot v0.1.6\n"
    },
    {
      "cmd_idx": 20,
      "file": "[outdated direct dependencies]",
      "kind": "Outdated",
      "raw": "pkg=rboot, checker=Outdated\ntoolchain=nightly-2022-10-27, target=x86_64-unknown-uefi\nfeatures=\npkg_dir=/home/runner/check/batch_32/kern-crates/zCore/rboot\ncmd=cargo +nightly-2025-01-26-x86_64-unknown-linux-gnu outdated -R --exit-code=2\ntimestamp=2025-01-27 0:33:07.679353434 +08:00:00\n\nName           Project  Compat  Latest  Kind    Platform\n----           -------  ------  ------  ----    --------\nuefi           0.14.0   ---     0.33.0  Normal  ---\nuefi-services  0.11.0   ---     0.25.0  Normal  ---\nx86_64         0.14.13  ---     0.15.2  Normal  ---\nxmas-elf       0.8.0    ---     0.9.1   Normal  ---\n"
    },
    {
      "cmd_idx": 21,
      "file": "[outdated direct dependencies]",
      "kind": "Outdated",
      "raw": "pkg=rboot, checker=Outdated\ntoolchain=nightly-2022-10-27, target=x86_64-unknown-linux-musl\nfeatures=\npkg_dir=/home/runner/check/batch_32/kern-crates/zCore/rboot\ncmd=cargo +nightly-2025-01-26-x86_64-unknown-linux-gnu outdated -R --exit-code=2\ntimestamp=2025-01-27 0:33:08.018922981 +08:00:00\n\nName           Project  Compat  Latest  Kind    Platform\n----           -------  ------  ------  ----    --------\nuefi           0.14.0   ---     0.33.0  Normal  ---\nuefi-services  0.11.0   ---     0.25.0  Normal  ---\nx86_64         0.14.13  ---     0.15.2  Normal  ---\nxmas-elf       0.8.0    ---     0.9.1   Normal  ---\n"
    },
    {
      "cmd_idx": 22,
      "file": "(virtual) semver-checks",
      "kind": "Cargo",
      "raw": "// pkg_name=rboot, checker=SemverChecks\n// toolchain=nightly-2022-10-27, target=x86_64-unknown-uefi\n// features=\n// pkg_dir=/home/runner/check/batch_32/kern-crates/zCore/rboot\n// cmd=cargo +nightly-2025-01-26-x86_64-unknown-linux-gnu semver-checks --target x86_64-unknown-uefi \n// timestamp=2025-01-27 0:32:46.182192475 +08:00:00\nwarning: `/home/runner/check/batch_32/kern-crates/zCore/rboot/.cargo/config` is deprecated in favor of `config.toml`\nnote: if you need to support cargo 1.38 or earlier, you can symlink `config` to `config.toml`\n    Building rboot v0.1.6 (current)\nerror: running cargo-doc on crate 'rboot' failed with output:\n-----\nwarning: `/home/runner/check/batch_32/kern-crates/zCore/rboot/.cargo/config` is deprecated in favor of `config.toml`\nnote: if you need to support cargo 1.38 or earlier, you can symlink `config` to `config.toml`\nerror: \"/home/runner/.rustup/toolchains/nightly-2025-01-26-x86_64-unknown-linux-gnu/lib/rustlib/src/rust/library/Cargo.lock\" does not exist, unable to build with the standard library, try:\n        rustup component add rust-src --toolchain nightly-2025-01-26-x86_64-unknown-linux-gnu\n\n-----\n\nerror: failed to build rustdoc for crate rboot v0.1.6\nnote: this is usually due to a compilation error in the crate,\n      and is unlikely to be a bug in cargo-semver-checks\nnote: the following command can be used to reproduce the compilation error:\n      cargo new --lib example &&\n          cd example &&\n          echo '[workspace]' >> Cargo.toml &&\n          cargo add --path /home/runner/check/batch_32/kern-crates/zCore/rboot --features default,rboot,uefi-services &&\n          cargo check\n\nerror: aborting due to failure to build rustdoc for crate rboot v0.1.6\n"
    },
    {
      "cmd_idx": 23,
      "file": "(virtual) semver-checks",
      "kind": "Cargo",
      "raw": "// pkg_name=rboot, checker=SemverChecks\n// toolchain=nightly-2022-10-27, target=x86_64-unknown-linux-musl\n// features=\n// pkg_dir=/home/runner/check/batch_32/kern-crates/zCore/rboot\n// cmd=cargo +nightly-2025-01-26-x86_64-unknown-linux-gnu semver-checks --target x86_64-unknown-linux-musl \n// timestamp=2025-01-27 0:32:47.542642353 +08:00:00\nwarning: `/home/runner/check/batch_32/kern-crates/zCore/rboot/.cargo/config` is deprecated in favor of `config.toml`\nnote: if you need to support cargo 1.38 or earlier, you can symlink `config` to `config.toml`\n    Building rboot v0.1.6 (current)\nerror: running cargo-doc on crate 'rboot' failed with output:\n-----\nwarning: `/home/runner/check/batch_32/kern-crates/zCore/rboot/.cargo/config` is deprecated in favor of `config.toml`\nnote: if you need to support cargo 1.38 or earlier, you can symlink `config` to `config.toml`\nerror: \"/home/runner/.rustup/toolchains/nightly-2025-01-26-x86_64-unknown-linux-gnu/lib/rustlib/src/rust/library/Cargo.lock\" does not exist, unable to build with the standard library, try:\n        rustup component add rust-src --toolchain nightly-2025-01-26-x86_64-unknown-linux-gnu\n\n-----\n\nerror: failed to build rustdoc for crate rboot v0.1.6\nnote: this is usually due to a compilation error in the crate,\n      and is unlikely to be a bug in cargo-semver-checks\nnote: the following command can be used to reproduce the compilation error:\n      cargo new --lib example &&\n          cd example &&\n          echo '[workspace]' >> Cargo.toml &&\n          cargo add --path /home/runner/check/batch_32/kern-crates/zCore/rboot --features default,rboot,uefi-services &&\n          cargo check\n\nerror: aborting due to failure to build rustdoc for crate rboot v0.1.6\n"
    },
    {
      "cmd_idx": 24,
      "file": "(virtual) lockbud",
      "kind": "Cargo",
      "raw": "// pkg_name=rboot, checker=Lockbud\n// toolchain=nightly-2022-10-27, target=x86_64-unknown-uefi\n// features=\n// pkg_dir=/home/runner/check/batch_32/kern-crates/zCore/rboot\n// cmd=cargo +nightly-2024-12-01 lockbud -k all -- --target x86_64-unknown-uefi \n// timestamp=2025-01-27 0:32:48.785841403 +08:00:00\nwarning: `/home/runner/check/batch_32/kern-crates/zCore/rboot/.cargo/config` is deprecated in favor of `config.toml`\nnote: if you need to support cargo 1.38 or earlier, you can symlink `config` to `config.toml`\nwarning: `/home/runner/check/batch_32/kern-crates/zCore/rboot/.cargo/config` is deprecated in favor of `config.toml`\nnote: if you need to support cargo 1.38 or earlier, you can symlink `config` to `config.toml`\n    Updating crates.io index\n Downloading crates ...\n  Downloaded ucs2 v0.3.3\n  Downloaded uefi-macros v0.5.0\n  Downloaded uefi v0.14.0\n  Downloaded uefi-services v0.11.0\nerror: \"/home/runner/.rustup/toolchains/nightly-2024-12-01-x86_64-unknown-linux-gnu/lib/rustlib/src/rust/library/Cargo.lock\" does not exist, unable to build with the standard library, try:\n        rustup component add rust-src --toolchain nightly-2024-12-01-x86_64-unknown-linux-gnu\n"
    },
    {
      "cmd_idx": 25,
      "file": "(virtual) lockbud",
      "kind": "Cargo",
      "raw": "// pkg_name=rboot, checker=Lockbud\n// toolchain=nightly-2022-10-27, target=x86_64-unknown-linux-musl\n// features=\n// pkg_dir=/home/runner/check/batch_32/kern-crates/zCore/rboot\n// cmd=cargo +nightly-2024-12-01 lockbud -k all -- --target x86_64-unknown-linux-musl \n// timestamp=2025-01-27 0:32:48.992979639 +08:00:00\nwarning: `/home/runner/check/batch_32/kern-crates/zCore/rboot/.cargo/config` is deprecated in favor of `config.toml`\nnote: if you need to support cargo 1.38 or earlier, you can symlink `config` to `config.toml`\nwarning: `/home/runner/check/batch_32/kern-crates/zCore/rboot/.cargo/config` is deprecated in favor of `config.toml`\nnote: if you need to support cargo 1.38 or earlier, you can symlink `config` to `config.toml`\nerror: \"/home/runner/.rustup/toolchains/nightly-2024-12-01-x86_64-unknown-linux-gnu/lib/rustlib/src/rust/library/Cargo.lock\" does not exist, unable to build with the standard library, try:\n        rustup component add rust-src --toolchain nightly-2024-12-01-x86_64-unknown-linux-gnu\n"
    },
    {
      "cmd_idx": 26,
      "file": "(virtual) rapx",
      "kind": "Cargo",
      "raw": "// pkg_name=rboot, checker=Rapx\n// toolchain=nightly-2022-10-27, target=x86_64-unknown-uefi\n// features=\n// pkg_dir=/home/runner/check/batch_32/kern-crates/zCore/rboot\n// cmd=cargo +nightly-2024-10-12 rapx -F -M -- --target x86_64-unknown-uefi \n// timestamp=2025-01-27 0:32:56.790522484 +08:00:00\nwarning: `/home/runner/check/batch_32/kern-crates/zCore/rboot/.cargo/config` is deprecated in favor of `config.toml`\nnote: if you need to support cargo 1.38 or earlier, you can symlink `config` to `config.toml`\nwarning: `/home/runner/check/batch_32/kern-crates/zCore/rboot/.cargo/config` is deprecated in favor of `config.toml`\nnote: if you need to support cargo 1.38 or earlier, you can symlink `config` to `config.toml`\nerror: \"/home/runner/.rustup/toolchains/nightly-2024-10-12-x86_64-unknown-linux-gnu/lib/rustlib/src/rust/library/Cargo.lock\" does not exist, unable to build with the standard library, try:\n        rustup component add rust-src --toolchain nightly-2024-10-12-x86_64-unknown-linux-gnu\n16:32:57|RAP|ERROR|: Finished with non-zero exit code.\n"
    },
    {
      "cmd_idx": 27,
      "file": "(virtual) rapx",
      "kind": "Cargo",
      "raw": "// pkg_name=rboot, checker=Rapx\n// toolchain=nightly-2022-10-27, target=x86_64-unknown-linux-musl\n// features=\n// pkg_dir=/home/runner/check/batch_32/kern-crates/zCore/rboot\n// cmd=cargo +nightly-2024-10-12 rapx -F -M -- --target x86_64-unknown-linux-musl \n// timestamp=2025-01-27 0:32:57.062673232 +08:00:00\nwarning: `/home/runner/check/batch_32/kern-crates/zCore/rboot/.cargo/config` is deprecated in favor of `config.toml`\nnote: if you need to support cargo 1.38 or earlier, you can symlink `config` to `config.toml`\nwarning: `/home/runner/check/batch_32/kern-crates/zCore/rboot/.cargo/config` is deprecated in favor of `config.toml`\nnote: if you need to support cargo 1.38 or earlier, you can symlink `config` to `config.toml`\nerror: \"/home/runner/.rustup/toolchains/nightly-2024-10-12-x86_64-unknown-linux-gnu/lib/rustlib/src/rust/library/Cargo.lock\" does not exist, unable to build with the standard library, try:\n        rustup component add rust-src --toolchain nightly-2024-10-12-x86_64-unknown-linux-gnu\n16:32:57|RAP|ERROR|: Finished with non-zero exit code.\n"
    },
    {
      "cmd_idx": 38,
      "file": "(virtual) lockbud",
      "kind": "Cargo",
      "raw": "// pkg_name=uart, checker=Lockbud\n// toolchain=nightly-2022-10-27, target=x86_64-unknown-linux-musl\n// features=\n// pkg_dir=/home/runner/check/batch_32/kern-crates/zCore/zcore-tests/testcases/src/uart\n// cmd=cargo +nightly-2024-12-01 lockbud -k all -- --target x86_64-unknown-linux-musl \n// timestamp=2025-01-27 0:32:49.064947732 +08:00:00\n   Compiling libc v0.2.169\n   Compiling cfg_aliases v0.2.1\n   Compiling bitflags v2.8.0\n   Compiling cfg-if v1.0.0\n   Compiling nix v0.29.0\n   Compiling uart v0.1.0 (/home/runner/check/batch_32/kern-crates/zCore/zcore-tests/testcases/src/uart)\nerror[E0432]: unresolved imports `nix::fcntl::open`, `nix::fcntl::OFlag`, `nix::sys::stat`\n   --> src/main.rs:2:13\n    |\n2   |     fcntl::{open, OFlag},\n    |             ^^^^  ^^^^^ no `OFlag` in `fcntl`\n    |             |\n    |             no `open` in `fcntl`\n3   |     sys::stat::Mode,\n    |          ^^^^ could not find `stat` in `sys`\n    |\nnote: found an item that was configured out\n   --> /home/runner/.cargo/registry/src/index.crates.io-6f17d22bba15001f/nix-0.29.0/src/fcntl.rs:220:8\n    |\n220 | pub fn open<P: ?Sized + NixPath>(\n    |        ^^^^\nnote: the item is gated behind the `fs` feature\n   --> /home/runner/.cargo/registry/src/index.crates.io-6f17d22bba15001f/nix-0.29.0/src/fcntl.rs:212:4\n    |\n212 | #![feature = \"fs\"]\n    |    ^^^^^^^\nnote: found an item that was configured out\n   --> /home/runner/.cargo/registry/src/index.crates.io-6f17d22bba15001f/nix-0.29.0/src/sys/mod.rs:128:13\n    |\n128 |     pub mod stat;\n    |             ^^^^\nnote: the item is gated behind the `fs` feature\n   --> /home/runner/.cargo/registry/src/index.crates.io-6f17d22bba15001f/nix-0.29.0/src/sys/mod.rs:126:8\n    |\n126 |     #![feature = \"fs\"]\n    |        ^^^^^^^\n\nFor more information about this error, try `rustc --explain E0432`.\nerror: could not compile `uart` (bin \"uart\") due to 1 previous error\n"
    },
    {
      "cmd_idx": 39,
      "file": "(virtual) lockbud",
      "kind": "Cargo",
      "raw": "// pkg_name=uart, checker=Lockbud\n// toolchain=nightly-2022-10-27, target=x86_64-unknown-uefi\n// features=\n// pkg_dir=/home/runner/check/batch_32/kern-crates/zCore/zcore-tests/testcases/src/uart\n// cmd=cargo +nightly-2024-12-01 lockbud -k all -- --target x86_64-unknown-uefi \n// timestamp=2025-01-27 0:32:50.538978852 +08:00:00\n   Compiling libc v0.2.169\n   Compiling cfg-if v1.0.0\n   Compiling nix v0.29.0\n   Compiling bitflags v2.8.0\nerror[E0463]: can't find crate for `core`\n  |\n  = note: the `x86_64-unknown-uefi` target may not be installed\n  = help: consider downloading the target with `rustup target add x86_64-unknown-uefi`\n  = help: consider building the standard library from source with `cargo build -Zbuild-std`\n\nFor more information about this error, try `rustc --explain E0463`.\nerror: could not compile `bitflags` (lib) due to 1 previous error\nwarning: build failed, waiting for other jobs to finish...\nerror: could not compile `cfg-if` (lib) due to 1 previous error\nerror: could not compile `libc` (lib) due to 1 previous error\n"
    },
    {
      "cmd_idx": 40,
      "file": "(virtual) rapx",
      "kind": "Cargo",
      "raw": "// pkg_name=uart, checker=Rapx\n// toolchain=nightly-2022-10-27, target=x86_64-unknown-linux-musl\n// features=\n// pkg_dir=/home/runner/check/batch_32/kern-crates/zCore/zcore-tests/testcases/src/uart\n// cmd=cargo +nightly-2024-10-12 rapx -F -M -- --target x86_64-unknown-linux-musl \n// timestamp=2025-01-27 0:32:57.33293449 +08:00:00\n   Compiling cfg_aliases v0.2.1\n   Compiling libc v0.2.169\n    Checking cfg-if v1.0.0\n    Checking bitflags v2.8.0\n   Compiling nix v0.29.0\n    Checking uart v0.1.0 (/home/runner/check/batch_32/kern-crates/zCore/zcore-tests/testcases/src/uart)\nerror[E0432]: unresolved imports `nix::fcntl::open`, `nix::fcntl::OFlag`, `nix::sys::stat`\n   --> src/main.rs:2:13\n    |\n2   |     fcntl::{open, OFlag},\n    |             ^^^^  ^^^^^ no `OFlag` in `fcntl`\n    |             |\n    |             no `open` in `fcntl`\n3   |     sys::stat::Mode,\n    |          ^^^^ could not find `stat` in `sys`\n    |\nnote: found an item that was configured out\n   --> /home/runner/.cargo/registry/src/index.crates.io-6f17d22bba15001f/nix-0.29.0/src/fcntl.rs:220:8\n    |\n220 | pub fn open<P: ?Sized + NixPath>(\n    |        ^^^^\nnote: the item is gated behind the `fs` feature\n   --> /home/runner/.cargo/registry/src/index.crates.io-6f17d22bba15001f/nix-0.29.0/src/fcntl.rs:212:4\n    |\n212 | #![feature = \"fs\"]\n    |    ^^^^^^^\nnote: found an item that was configured out\n   --> /home/runner/.cargo/registry/src/index.crates.io-6f17d22bba15001f/nix-0.29.0/src/sys/mod.rs:128:13\n    |\n128 |     pub mod stat;\n    |             ^^^^\nnote: the item is gated behind the `fs` feature\n   --> /home/runner/.cargo/registry/src/index.crates.io-6f17d22bba15001f/nix-0.29.0/src/sys/mod.rs:126:8\n    |\n126 |     #![feature = \"fs\"]\n    |        ^^^^^^^\n\nFor more information about this error, try `rustc --explain E0432`.\nerror: could not compile `uart` (bin \"uart\") due to 1 previous error\n16:32:58|RAP|ERROR|: Finished with non-zero exit code.\n"
    },
    {
      "cmd_idx": 41,
      "file": "(virtual) rapx",
      "kind": "Cargo",
      "raw": "// pkg_name=uart, checker=Rapx\n// toolchain=nightly-2022-10-27, target=x86_64-unknown-uefi\n// features=\n// pkg_dir=/home/runner/check/batch_32/kern-crates/zCore/zcore-tests/testcases/src/uart\n// cmd=cargo +nightly-2024-10-12 rapx -F -M -- --target x86_64-unknown-uefi \n// timestamp=2025-01-27 0:32:58.861767294 +08:00:00\n   Compiling cfg_aliases v0.2.1\n   Compiling libc v0.2.169\n    Checking cfg-if v1.0.0\n    Checking bitflags v2.8.0\nerror[E0463]: can't find crate for `core`\n  |\n  = note: the `x86_64-unknown-uefi` target may not be installed\n  = help: consider downloading the target with `rustup target add x86_64-unknown-uefi`\n  = help: consider building the standard library from source with `cargo build -Zbuild-std`\n\nFor more information about this error, try `rustc --explain E0463`.\n   Compiling nix v0.29.0\nerror: could not compile `bitflags` (lib) due to 1 previous error\nwarning: build failed, waiting for other jobs to finish...\nerror: could not compile `cfg-if` (lib) due to 1 previous error\n16:32:59|RAP|ERROR|: Finished with non-zero exit code.\n"
    },
    {
      "cmd_idx": 44,
      "file": "/home/runner/.cargo/git/checkouts/zcore-kernel-hal-f36b832dc29d2d9b/eae409f/src/bare/arch/x86_64/drivers.rs",
      "kind": "Clippy(Error)",
      "raw": "error[E0433]: failed to resolve: use of undeclared crate or module `x2apic`\n  --> /home/runner/.cargo/git/checkouts/zcore-kernel-hal-f36b832dc29d2d9b/eae409f/src/bare/arch/x86_64/drivers.rs:36:9\n   |\n36 |     use x2apic::lapic::{TimerDivide, TimerMode};\n   |         ^^^^^^ use of undeclared crate or module `x2apic`\n\n"
    },
    {
      "cmd_idx": 44,
      "file": "/home/runner/.cargo/git/checkouts/zcore-kernel-hal-f36b832dc29d2d9b/eae409f/src/bare/arch/x86_64/config.rs",
      "kind": "Clippy(Error)",
      "raw": "error[E0433]: failed to resolve: use of undeclared crate or module `uefi`\n --> /home/runner/.cargo/git/checkouts/zcore-kernel-hal-f36b832dc29d2d9b/eae409f/src/bare/arch/x86_64/config.rs:3:5\n  |\n3 | use uefi::proto::console::gop::ModeInfo;\n  |     ^^^^ use of undeclared crate or module `uefi`\n\n"
    },
    {
      "cmd_idx": 44,
      "file": "/home/runner/.cargo/git/checkouts/zcore-kernel-hal-f36b832dc29d2d9b/eae409f/src/bare/arch/x86_64/config.rs",
      "kind": "Clippy(Error)",
      "raw": "error[E0433]: failed to resolve: use of undeclared crate or module `uefi`\n --> /home/runner/.cargo/git/checkouts/zcore-kernel-hal-f36b832dc29d2d9b/eae409f/src/bare/arch/x86_64/config.rs:4:5\n  |\n4 | use uefi::table::boot::MemoryDescriptor;\n  |     ^^^^ use of undeclared crate or module `uefi`\n\n"
    },
    {
      "cmd_idx": 44,
      "file": "/home/runner/.cargo/git/checkouts/zcore-kernel-hal-f36b832dc29d2d9b/eae409f/src/bare/arch/x86_64/mem.rs",
      "kind": "Clippy(Error)",
      "raw": "error[E0433]: failed to resolve: use of undeclared crate or module `uefi`\n --> /home/runner/.cargo/git/checkouts/zcore-kernel-hal-f36b832dc29d2d9b/eae409f/src/bare/arch/x86_64/mem.rs:5:5\n  |\n5 | use uefi::table::boot::MemoryType;\n  |     ^^^^ use of undeclared crate or module `uefi`\n\n"
    },
    {
      "cmd_idx": 44,
      "file": "/home/runner/.cargo/git/checkouts/zcore-kernel-hal-f36b832dc29d2d9b/eae409f/src/bare/arch/x86_64/trap.rs",
      "kind": "Clippy(Error)",
      "raw": "error[E0432]: unresolved import `trapframe::TrapFrame`\n --> /home/runner/.cargo/git/checkouts/zcore-kernel-hal-f36b832dc29d2d9b/eae409f/src/bare/arch/x86_64/trap.rs:2:5\n  |\n2 | use trapframe::TrapFrame;\n  |     ^^^^^^^^^^^^^^^^^^^^ no `TrapFrame` in the root\n\n"
    },
    {
      "cmd_idx": 44,
      "file": "/home/runner/.cargo/git/checkouts/zcore-kernel-hal-f36b832dc29d2d9b/eae409f/src/bare/timer.rs",
      "kind": "Clippy(Error)",
      "raw": "error[E0432]: unresolved import `naive_timer`\n --> /home/runner/.cargo/git/checkouts/zcore-kernel-hal-f36b832dc29d2d9b/eae409f/src/bare/timer.rs:7:5\n  |\n7 | use naive_timer::Timer;\n  |     ^^^^^^^^^^^ use of undeclared crate or module `naive_timer`\n\n"
    },
    {
      "cmd_idx": 44,
      "file": "/home/runner/.cargo/git/checkouts/zcore-kernel-hal-f36b832dc29d2d9b/eae409f/src/bare/arch/x86_64/cpu.rs",
      "kind": "Clippy(Error)",
      "raw": "error[E0432]: unresolved import `raw_cpuid`\n --> /home/runner/.cargo/git/checkouts/zcore-kernel-hal-f36b832dc29d2d9b/eae409f/src/bare/arch/x86_64/cpu.rs:3:5\n  |\n3 | use raw_cpuid::CpuId;\n  |     ^^^^^^^^^ use of undeclared crate or module `raw_cpuid`\n\n"
    },
    {
      "cmd_idx": 44,
      "file": "/home/runner/.cargo/git/checkouts/zcore-kernel-hal-f36b832dc29d2d9b/eae409f/src/bare/arch/x86_64/trap.rs",
      "kind": "Clippy(Error)",
      "raw": "error[E0433]: failed to resolve: use of undeclared crate or module `executor`\n  --> /home/runner/.cargo/git/checkouts/zcore-kernel-hal-f36b832dc29d2d9b/eae409f/src/bare/arch/x86_64/trap.rs:41:17\n   |\n41 |                 executor::handle_timeout();\n   |                 ^^^^^^^^ use of undeclared crate or module `executor`\n\n"
    },
    {
      "cmd_idx": 44,
      "file": "/home/runner/.cargo/git/checkouts/zcore-kernel-hal-f36b832dc29d2d9b/eae409f/src/bare/arch/x86_64/mod.rs",
      "kind": "Clippy(Error)",
      "raw": "error[E0433]: failed to resolve: use of undeclared crate or module `x86_smpboot`\n  --> /home/runner/.cargo/git/checkouts/zcore-kernel-hal-f36b832dc29d2d9b/eae409f/src/bare/arch/x86_64/mod.rs:51:9\n   |\n51 |         x86_smpboot::start_application_processors(\n   |         ^^^^^^^^^^^ use of undeclared crate or module `x86_smpboot`\n\n"
    },
    {
      "cmd_idx": 44,
      "file": "/home/runner/.cargo/git/checkouts/zcore-kernel-hal-f36b832dc29d2d9b/eae409f/src/bare/thread.rs",
      "kind": "Clippy(Error)",
      "raw": "error[E0433]: failed to resolve: use of undeclared crate or module `executor`\n  --> /home/runner/.cargo/git/checkouts/zcore-kernel-hal-f36b832dc29d2d9b/eae409f/src/bare/thread.rs:17:13\n   |\n17 |             executor::spawn(future);\n   |             ^^^^^^^^ use of undeclared crate or module `executor`\n\n"
    },
    {
      "cmd_idx": 44,
      "file": "/home/runner/.cargo/git/checkouts/zcore-kernel-hal-f36b832dc29d2d9b/eae409f/src/bare/boot.rs",
      "kind": "Clippy(Error)",
      "raw": "error[E0425]: cannot find function `init` in crate `trapframe`\n  --> /home/runner/.cargo/git/checkouts/zcore-kernel-hal-f36b832dc29d2d9b/eae409f/src/bare/boot.rs:24:33\n   |\n24 |             unsafe { trapframe::init() };\n   |                                 ^^^^ not found in `trapframe`\n   |\nhelp: consider importing one of these items\n   |\n3  | use crate::imp::arch::timer::init;\n   |\n3  | use crate::net::init;\n   |\n3  | use zcore_drivers::bus::pci::init;\n   |\n3  | use zcore_drivers::net::e1000::init;\n   |\nhelp: if you import `init`, refer to it directly\n   |\n24 -             unsafe { trapframe::init() };\n24 +             unsafe { init() };\n   |\n\n"
    },
    {
      "cmd_idx": 44,
      "file": "/home/runner/.cargo/git/checkouts/zcore-kernel-hal-f36b832dc29d2d9b/eae409f/src/bare/boot.rs",
      "kind": "Clippy(Error)",
      "raw": "error[E0425]: cannot find function `init` in crate `trapframe`\n  --> /home/runner/.cargo/git/checkouts/zcore-kernel-hal-f36b832dc29d2d9b/eae409f/src/bare/boot.rs:31:33\n   |\n31 |             unsafe { trapframe::init() };\n   |                                 ^^^^ not found in `trapframe`\n   |\nhelp: consider importing one of these items\n   |\n3  | use crate::imp::arch::timer::init;\n   |\n3  | use crate::net::init;\n   |\n3  | use zcore_drivers::bus::pci::init;\n   |\n3  | use zcore_drivers::net::e1000::init;\n   |\nhelp: if you import `init`, refer to it directly\n   |\n31 -             unsafe { trapframe::init() };\n31 +             unsafe { init() };\n   |\n\n"
    },
    {
      "cmd_idx": 44,
      "file": "/home/runner/.cargo/git/checkouts/zcore-kernel-hal-f36b832dc29d2d9b/eae409f/src/common/context.rs",
      "kind": "Clippy(Error)",
      "raw": "error[E0599]: no method named `run` found for struct `trapframe::UserContext` in the current scope\n   --> /home/runner/.cargo/git/checkouts/zcore-kernel-hal-f36b832dc29d2d9b/eae409f/src/common/context.rs:232:24\n    |\n232 |                 self.0.run()\n    |                        ^^^ method not found in `trapframe::UserContext`\n\n"
    },
    {
      "cmd_idx": 44,
      "file": "/home/runner/.cargo/git/checkouts/zcore-kernel-hal-f36b832dc29d2d9b/eae409f/src/bare/timer.rs",
      "kind": "Clippy(Error)",
      "raw": "error[E0599]: no method named `lock` found for struct `NAIVE_TIMER` in the current scope\n  --> /home/runner/.cargo/git/checkouts/zcore-kernel-hal-f36b832dc29d2d9b/eae409f/src/bare/timer.rs:28:25\n   |\n12 | / lazy_static::lazy_static! {\n13 | |     static ref NAIVE_TIMER:Mutex<Timer> = Mutex::new(Timer::default());\n14 | | }\n   | |_- method `lock` not found for this struct\n...\n28 |               NAIVE_TIMER.lock().add(deadline, callback);\n   |                           ^^^^ method not found in `NAIVE_TIMER`\n   |\n   = help: items from traits can only be used if the trait is implemented and in scope\n   = note: the following trait defines an item `lock`, perhaps you need to implement it:\n           candidate #1: `lock_api::mutex::RawMutex`\n\n"
    },
    {
      "cmd_idx": 44,
      "file": "/home/runner/.cargo/git/checkouts/zcore-kernel-hal-f36b832dc29d2d9b/eae409f/src/bare/timer.rs",
      "kind": "Clippy(Error)",
      "raw": "error[E0599]: no method named `lock` found for struct `NAIVE_TIMER` in the current scope\n  --> /home/runner/.cargo/git/checkouts/zcore-kernel-hal-f36b832dc29d2d9b/eae409f/src/bare/timer.rs:32:25\n   |\n12 | / lazy_static::lazy_static! {\n13 | |     static ref NAIVE_TIMER:Mutex<Timer> = Mutex::new(Timer::default());\n14 | | }\n   | |_- method `lock` not found for this struct\n...\n32 |               NAIVE_TIMER.lock().expire(timer_now());\n   |                           ^^^^ method not found in `NAIVE_TIMER`\n   |\n   = help: items from traits can only be used if the trait is implemented and in scope\n   = note: the following trait defines an item `lock`, perhaps you need to implement it:\n           candidate #1: `lock_api::mutex::RawMutex`\n\n"
    },
    {
      "cmd_idx": 45,
      "file": "/home/runner/.cargo/registry/src/github.com-1ecc6299db9ec823/bit_field-0.10.2/src/lib.rs",
      "kind": "Clippy(Error)",
      "raw": "error[E0463]: can't find crate for `core`\n  |\n  = note: the `x86_64-unknown-uefi` target may not be installed\n  = help: consider downloading the target with `rustup target add x86_64-unknown-uefi`\n  = help: consider building the standard library from source with `cargo build -Zbuild-std`\n\n"
    },
    {
      "cmd_idx": 45,
      "file": "/home/runner/.cargo/registry/src/github.com-1ecc6299db9ec823/bit_field-0.10.2/src/lib.rs",
      "kind": "Clippy(Error)",
      "raw": "error[E0463]: can't find crate for `compiler_builtins`\n\n"
    },
    {
      "cmd_idx": 45,
      "file": "/home/runner/.cargo/registry/src/github.com-1ecc6299db9ec823/bit_field-0.10.2/src/lib.rs",
      "kind": "Clippy(Error)",
      "raw": "error: cannot find macro `assert` in this scope\n   --> /home/runner/.cargo/registry/src/github.com-1ecc6299db9ec823/bit_field-0.10.2/src/lib.rs:217:17\n    |\n217 |                 assert!(bit < Self::BIT_LENGTH);\n    |                 ^^^^^^\n...\n277 | bitfield_numeric_impl! { u8 u16 u32 u64 u128 usize i8 i16 i32 i64 i128 isize }\n    | ------------------------------------------------------------------------------ in this macro invocation\n    |\n    = note: this error originates in the macro `bitfield_numeric_impl` (in Nightly builds, run with -Z macro-backtrace for more info)\n\n"
    },
    {
      "cmd_idx": 45,
      "file": "/home/runner/.cargo/registry/src/github.com-1ecc6299db9ec823/bit_field-0.10.2/src/lib.rs",
      "kind": "Clippy(Error)",
      "raw": "error: cannot find macro `assert` in this scope\n   --> /home/runner/.cargo/registry/src/github.com-1ecc6299db9ec823/bit_field-0.10.2/src/lib.rs:227:17\n    |\n227 |                 assert!(range.start < Self::BIT_LENGTH);\n    |                 ^^^^^^\n...\n277 | bitfield_numeric_impl! { u8 u16 u32 u64 u128 usize i8 i16 i32 i64 i128 isize }\n    | ------------------------------------------------------------------------------ in this macro invocation\n    |\n    = note: this error originates in the macro `bitfield_numeric_impl` (in Nightly builds, run with -Z macro-backtrace for more info)\n\n"
    },
    {
      "cmd_idx": 45,
      "file": "/home/runner/.cargo/registry/src/github.com-1ecc6299db9ec823/bit_field-0.10.2/src/lib.rs",
      "kind": "Clippy(Error)",
      "raw": "error: cannot find macro `assert` in this scope\n   --> /home/runner/.cargo/registry/src/github.com-1ecc6299db9ec823/bit_field-0.10.2/src/lib.rs:228:17\n    |\n228 |                 assert!(range.end <= Self::BIT_LENGTH);\n    |                 ^^^^^^\n...\n277 | bitfield_numeric_impl! { u8 u16 u32 u64 u128 usize i8 i16 i32 i64 i128 isize }\n    | ------------------------------------------------------------------------------ in this macro invocation\n    |\n    = note: this error originates in the macro `bitfield_numeric_impl` (in Nightly builds, run with -Z macro-backtrace for more info)\n\n"
    },
    {
      "cmd_idx": 45,
      "file": "/home/runner/.cargo/registry/src/github.com-1ecc6299db9ec823/bit_field-0.10.2/src/lib.rs",
      "kind": "Clippy(Error)",
      "raw": "error: cannot find macro `assert` in this scope\n   --> /home/runner/.cargo/registry/src/github.com-1ecc6299db9ec823/bit_field-0.10.2/src/lib.rs:229:17\n    |\n229 |                 assert!(range.start < range.end);\n    |                 ^^^^^^\n...\n277 | bitfield_numeric_impl! { u8 u16 u32 u64 u128 usize i8 i16 i32 i64 i128 isize }\n    | ------------------------------------------------------------------------------ in this macro invocation\n    |\n    = note: this error originates in the macro `bitfield_numeric_impl` (in Nightly builds, run with -Z macro-backtrace for more info)\n\n"
    },
    {
      "cmd_idx": 45,
      "file": "/home/runner/.cargo/registry/src/github.com-1ecc6299db9ec823/bit_field-0.10.2/src/lib.rs",
      "kind": "Clippy(Error)",
      "raw": "error: cannot find macro `assert` in this scope\n   --> /home/runner/.cargo/registry/src/github.com-1ecc6299db9ec823/bit_field-0.10.2/src/lib.rs:241:17\n    |\n241 |                 assert!(bit < Self::BIT_LENGTH);\n    |                 ^^^^^^\n...\n277 | bitfield_numeric_impl! { u8 u16 u32 u64 u128 usize i8 i16 i32 i64 i128 isize }\n    | ------------------------------------------------------------------------------ in this macro invocation\n    |\n    = note: this error originates in the macro `bitfield_numeric_impl` (in Nightly builds, run with -Z macro-backtrace for more info)\n\n"
    },
    {
      "cmd_idx": 45,
      "file": "/home/runner/.cargo/registry/src/github.com-1ecc6299db9ec823/bit_field-0.10.2/src/lib.rs",
      "kind": "Clippy(Error)",
      "raw": "error: cannot find macro `assert` in this scope\n   --> /home/runner/.cargo/registry/src/github.com-1ecc6299db9ec823/bit_field-0.10.2/src/lib.rs:257:17\n    |\n257 |                 assert!(range.start < Self::BIT_LENGTH);\n    |                 ^^^^^^\n...\n277 | bitfield_numeric_impl! { u8 u16 u32 u64 u128 usize i8 i16 i32 i64 i128 isize }\n    | ------------------------------------------------------------------------------ in this macro invocation\n    |\n    = note: this error originates in the macro `bitfield_numeric_impl` (in Nightly builds, run with -Z macro-backtrace for more info)\n\n"
    },
    {
      "cmd_idx": 45,
      "file": "/home/runner/.cargo/registry/src/github.com-1ecc6299db9ec823/bit_field-0.10.2/src/lib.rs",
      "kind": "Clippy(Error)",
      "raw": "error: cannot find macro `assert` in this scope\n   --> /home/runner/.cargo/registry/src/github.com-1ecc6299db9ec823/bit_field-0.10.2/src/lib.rs:258:17\n    |\n258 |                 assert!(range.end <= Self::BIT_LENGTH);\n    |                 ^^^^^^\n...\n277 | bitfield_numeric_impl! { u8 u16 u32 u64 u128 usize i8 i16 i32 i64 i128 isize }\n    | ------------------------------------------------------------------------------ in this macro invocation\n    |\n    = note: this error originates in the macro `bitfield_numeric_impl` (in Nightly builds, run with -Z macro-backtrace for more info)\n\n"
    },
    {
      "cmd_idx": 45,
      "file": "/home/runner/.cargo/registry/src/github.com-1ecc6299db9ec823/bit_field-0.10.2/src/lib.rs",
      "kind": "Clippy(Error)",
      "raw": "error: cannot find macro `assert` in this scope\n   --> /home/runner/.cargo/registry/src/github.com-1ecc6299db9ec823/bit_field-0.10.2/src/lib.rs:259:17\n    |\n259 |                 assert!(range.start < range.end);\n    |                 ^^^^^^\n...\n277 | bitfield_numeric_impl! { u8 u16 u32 u64 u128 usize i8 i16 i32 i64 i128 isize }\n    | ------------------------------------------------------------------------------ in this macro invocation\n    |\n    = note: this error originates in the macro `bitfield_numeric_impl` (in Nightly builds, run with -Z macro-backtrace for more info)\n\n"
    },
    {
      "cmd_idx": 45,
      "file": "/home/runner/.cargo/registry/src/github.com-1ecc6299db9ec823/bit_field-0.10.2/src/lib.rs",
      "kind": "Clippy(Error)",
      "raw": "error: cannot find macro `assert` in this scope\n   --> /home/runner/.cargo/registry/src/github.com-1ecc6299db9ec823/bit_field-0.10.2/src/lib.rs:260:17\n    |\n260 |                 assert!(value << (Self::BIT_LENGTH - (range.end - range.start)) >>\n    |                 ^^^^^^\n...\n277 | bitfield_numeric_impl! { u8 u16 u32 u64 u128 usize i8 i16 i32 i64 i128 isize }\n    | ------------------------------------------------------------------------------ in this macro invocation\n    |\n    = note: this error originates in the macro `bitfield_numeric_impl` (in Nightly builds, run with -Z macro-backtrace for more info)\n\n"
    },
    {
      "cmd_idx": 45,
      "file": "/home/runner/.cargo/registry/src/github.com-1ecc6299db9ec823/bit_field-0.10.2/src/lib.rs",
      "kind": "Clippy(Error)",
      "raw": "error: cannot find macro `assert` in this scope\n   --> /home/runner/.cargo/registry/src/github.com-1ecc6299db9ec823/bit_field-0.10.2/src/lib.rs:298:9\n    |\n298 |         assert!(range.len() <= T::BIT_LENGTH);\n    |         ^^^^^^\n\n"
    },
    {
      "cmd_idx": 45,
      "file": "/home/runner/.cargo/registry/src/github.com-1ecc6299db9ec823/bit_field-0.10.2/src/lib.rs",
      "kind": "Clippy(Error)",
      "raw": "error: cannot find macro `assert` in this scope\n   --> /home/runner/.cargo/registry/src/github.com-1ecc6299db9ec823/bit_field-0.10.2/src/lib.rs:306:9\n    |\n306 |         assert!(slice_end - slice_start <= 1);\n    |         ^^^^^^\n\n"
    },
    {
      "cmd_idx": 45,
      "file": "/home/runner/.cargo/registry/src/github.com-1ecc6299db9ec823/bit_field-0.10.2/src/lib.rs",
      "kind": "Clippy(Error)",
      "raw": "error: cannot find macro `assert` in this scope\n   --> /home/runner/.cargo/registry/src/github.com-1ecc6299db9ec823/bit_field-0.10.2/src/lib.rs:335:9\n    |\n335 |         assert!(range.len() <= T::BIT_LENGTH);\n    |         ^^^^^^\n\n"
    },
    {
      "cmd_idx": 45,
      "file": "/home/runner/.cargo/registry/src/github.com-1ecc6299db9ec823/bit_field-0.10.2/src/lib.rs",
      "kind": "Clippy(Error)",
      "raw": "error: cannot find macro `assert` in this scope\n   --> /home/runner/.cargo/registry/src/github.com-1ecc6299db9ec823/bit_field-0.10.2/src/lib.rs:342:9\n    |\n342 |         assert!(slice_end - slice_start <= 1);\n    |         ^^^^^^\n\n"
    },
    {
      "cmd_idx": 45,
      "file": "/home/runner/.cargo/registry/src/github.com-1ecc6299db9ec823/bitflags-1.3.2/src/lib.rs",
      "kind": "Clippy(Error)",
      "raw": "error[E0463]: can't find crate for `core`\n  |\n  = note: the `x86_64-unknown-uefi` target may not be installed\n  = help: consider downloading the target with `rustup target add x86_64-unknown-uefi`\n  = help: consider building the standard library from source with `cargo build -Zbuild-std`\n\n"
    },
    {
      "cmd_idx": 45,
      "file": "/home/runner/.cargo/registry/src/github.com-1ecc6299db9ec823/bitflags-1.3.2/src/lib.rs",
      "kind": "Clippy(Error)",
      "raw": "error[E0463]: can't find crate for `compiler_builtins`\n\n"
    },
    {
      "cmd_idx": 45,
      "file": "/home/runner/.cargo/registry/src/github.com-1ecc6299db9ec823/bitflags-1.3.2/src/lib.rs",
      "kind": "Clippy(Error)",
      "raw": "error[E0463]: can't find crate for `core`\n   --> /home/runner/.cargo/registry/src/github.com-1ecc6299db9ec823/bitflags-1.3.2/src/lib.rs:282:1\n    |\n282 | pub extern crate core as _core;\n    | ^^^^^^^^^^^^^^^^^^^^^^^^^^^^^^^ can't find crate\n    |\n    = note: the `x86_64-unknown-uefi` target may not be installed\n    = help: consider downloading the target with `rustup target add x86_64-unknown-uefi`\n    = help: consider building the standard library from source with `cargo build -Zbuild-std`\n\n"
    },
    {
      "cmd_idx": 45,
      "file": "/home/runner/.cargo/registry/src/github.com-1ecc6299db9ec823/log-0.4.21/src/lib.rs",
      "kind": "Clippy(Error)",
      "raw": "error[E0463]: can't find crate for `core`\n  |\n  = note: the `x86_64-unknown-uefi` target may not be installed\n  = help: consider downloading the target with `rustup target add x86_64-unknown-uefi`\n  = help: consider building the standard library from source with `cargo build -Zbuild-std`\n\n"
    },
    {
      "cmd_idx": 45,
      "file": "/home/runner/.cargo/registry/src/github.com-1ecc6299db9ec823/log-0.4.21/src/lib.rs",
      "kind": "Clippy(Error)",
      "raw": "error[E0463]: can't find crate for `compiler_builtins`\n\n"
    },
    {
      "cmd_idx": 45,
      "file": "/home/runner/.cargo/registry/src/github.com-1ecc6299db9ec823/log-0.4.21/src/lib.rs",
      "kind": "Clippy(Error)",
      "raw": "error[E0463]: can't find crate for `core`\n   --> /home/runner/.cargo/registry/src/github.com-1ecc6299db9ec823/log-0.4.21/src/lib.rs:346:1\n    |\n346 | extern crate core as std;\n    | ^^^^^^^^^^^^^^^^^^^^^^^^^ can't find crate\n    |\n    = note: the `x86_64-unknown-uefi` target may not be installed\n    = help: consider downloading the target with `rustup target add x86_64-unknown-uefi`\n    = help: consider building the standard library from source with `cargo build -Zbuild-std`\n\n"
    },
    {
      "cmd_idx": 45,
      "file": "/home/runner/.cargo/registry/src/github.com-1ecc6299db9ec823/log-0.4.21/src/lib.rs",
      "kind": "Clippy(Error)",
      "raw": "error: cannot determine resolution for the macro `cfg`\n    --> /home/runner/.cargo/registry/src/github.com-1ecc6299db9ec823/log-0.4.21/src/lib.rs:1500:10\n     |\n1500 |     _ if cfg!(feature = \"max_level_debug\") => LevelFilter::Debug,\n     |          ^^^\n     |\n     = note: import resolution is stuck, try simplifying macro imports\n\n"
    },
    {
      "cmd_idx": 45,
      "file": "/home/runner/.cargo/registry/src/github.com-1ecc6299db9ec823/log-0.4.21/src/lib.rs",
      "kind": "Clippy(Error)",
      "raw": "error: cannot determine resolution for the macro `cfg`\n    --> /home/runner/.cargo/registry/src/github.com-1ecc6299db9ec823/log-0.4.21/src/lib.rs:1499:10\n     |\n1499 |     _ if cfg!(feature = \"max_level_info\") => LevelFilter::Info,\n     |          ^^^\n     |\n     = note: import resolution is stuck, try simplifying macro imports\n\n"
    },
    {
      "cmd_idx": 45,
      "file": "/home/runner/.cargo/registry/src/github.com-1ecc6299db9ec823/log-0.4.21/src/lib.rs",
      "kind": "Clippy(Error)",
      "raw": "error: cannot determine resolution for the macro `cfg`\n    --> /home/runner/.cargo/registry/src/github.com-1ecc6299db9ec823/log-0.4.21/src/lib.rs:1498:10\n     |\n1498 |     _ if cfg!(feature = \"max_level_warn\") => LevelFilter::Warn,\n     |          ^^^\n     |\n     = note: import resolution is stuck, try simplifying macro imports\n\n"
    },
    {
      "cmd_idx": 45,
      "file": "/home/runner/.cargo/registry/src/github.com-1ecc6299db9ec823/log-0.4.21/src/lib.rs",
      "kind": "Clippy(Error)",
      "raw": "error: cannot determine resolution for the macro `cfg`\n    --> /home/runner/.cargo/registry/src/github.com-1ecc6299db9ec823/log-0.4.21/src/lib.rs:1497:10\n     |\n1497 |     _ if cfg!(feature = \"max_level_error\") => LevelFilter::Error,\n     |          ^^^\n     |\n     = note: import resolution is stuck, try simplifying macro imports\n\n"
    },
    {
      "cmd_idx": 45,
      "file": "/home/runner/.cargo/registry/src/github.com-1ecc6299db9ec823/log-0.4.21/src/lib.rs",
      "kind": "Clippy(Error)",
      "raw": "error: cannot determine resolution for the macro `cfg`\n    --> /home/runner/.cargo/registry/src/github.com-1ecc6299db9ec823/log-0.4.21/src/lib.rs:1496:10\n     |\n1496 |     _ if cfg!(feature = \"max_level_off\") => LevelFilter::Off,\n     |          ^^^\n     |\n     = note: import resolution is stuck, try simplifying macro imports\n\n"
    },
    {
      "cmd_idx": 45,
      "file": "/home/runner/.cargo/registry/src/github.com-1ecc6299db9ec823/log-0.4.21/src/lib.rs",
      "kind": "Clippy(Error)",
      "raw": "error: cannot determine resolution for the macro `cfg`\n    --> /home/runner/.cargo/registry/src/github.com-1ecc6299db9ec823/log-0.4.21/src/lib.rs:1495:14\n     |\n1495 |     false if cfg!(feature = \"release_max_level_trace\") => LevelFilter::Trace,\n     |              ^^^\n     |\n     = note: import resolution is stuck, try simplifying macro imports\n\n"
    },
    {
      "cmd_idx": 45,
      "file": "/home/runner/.cargo/registry/src/github.com-1ecc6299db9ec823/log-0.4.21/src/lib.rs",
      "kind": "Clippy(Error)",
      "raw": "error: cannot determine resolution for the macro `cfg`\n    --> /home/runner/.cargo/registry/src/github.com-1ecc6299db9ec823/log-0.4.21/src/lib.rs:1494:14\n     |\n1494 |     false if cfg!(feature = \"release_max_level_debug\") => LevelFilter::Debug,\n     |              ^^^\n     |\n     = note: import resolution is stuck, try simplifying macro imports\n\n"
    },
    {
      "cmd_idx": 45,
      "file": "/home/runner/.cargo/registry/src/github.com-1ecc6299db9ec823/log-0.4.21/src/lib.rs",
      "kind": "Clippy(Error)",
      "raw": "error: cannot determine resolution for the macro `cfg`\n    --> /home/runner/.cargo/registry/src/github.com-1ecc6299db9ec823/log-0.4.21/src/lib.rs:1493:14\n     |\n1493 |     false if cfg!(feature = \"release_max_level_info\") => LevelFilter::Info,\n     |              ^^^\n     |\n     = note: import resolution is stuck, try simplifying macro imports\n\n"
    },
    {
      "cmd_idx": 45,
      "file": "/home/runner/.cargo/registry/src/github.com-1ecc6299db9ec823/log-0.4.21/src/lib.rs",
      "kind": "Clippy(Error)",
      "raw": "error: cannot determine resolution for the macro `cfg`\n    --> /home/runner/.cargo/registry/src/github.com-1ecc6299db9ec823/log-0.4.21/src/lib.rs:1492:14\n     |\n1492 |     false if cfg!(feature = \"release_max_level_warn\") => LevelFilter::Warn,\n     |              ^^^\n     |\n     = note: import resolution is stuck, try simplifying macro imports\n\n"
    },
    {
      "cmd_idx": 45,
      "file": "/home/runner/.cargo/registry/src/github.com-1ecc6299db9ec823/log-0.4.21/src/lib.rs",
      "kind": "Clippy(Error)",
      "raw": "error: cannot determine resolution for the macro `cfg`\n    --> /home/runner/.cargo/registry/src/github.com-1ecc6299db9ec823/log-0.4.21/src/lib.rs:1491:14\n     |\n1491 |     false if cfg!(feature = \"release_max_level_error\") => LevelFilter::Error,\n     |              ^^^\n     |\n     = note: import resolution is stuck, try simplifying macro imports\n\n"
    },
    {
      "cmd_idx": 45,
      "file": "/home/runner/.cargo/registry/src/github.com-1ecc6299db9ec823/log-0.4.21/src/lib.rs",
      "kind": "Clippy(Error)",
      "raw": "error: cannot determine resolution for the macro `cfg`\n    --> /home/runner/.cargo/registry/src/github.com-1ecc6299db9ec823/log-0.4.21/src/lib.rs:1490:14\n     |\n1490 |     false if cfg!(feature = \"release_max_level_off\") => LevelFilter::Off,\n     |              ^^^\n     |\n     = note: import resolution is stuck, try simplifying macro imports\n\n"
    },
    {
      "cmd_idx": 45,
      "file": "/home/runner/.cargo/registry/src/github.com-1ecc6299db9ec823/log-0.4.21/src/lib.rs",
      "kind": "Clippy(Error)",
      "raw": "error: cannot determine resolution for the macro `cfg`\n    --> /home/runner/.cargo/registry/src/github.com-1ecc6299db9ec823/log-0.4.21/src/lib.rs:1489:49\n     |\n1489 | pub const STATIC_MAX_LEVEL: LevelFilter = match cfg!(debug_assertions) {\n     |                                                 ^^^\n     |\n     = note: import resolution is stuck, try simplifying macro imports\n\n"
    },
    {
      "cmd_idx": 45,
      "file": "/home/runner/.cargo/registry/src/github.com-1ecc6299db9ec823/log-0.4.21/src/__private_api.rs",
      "kind": "Clippy(Error)",
      "raw": "error: cannot find macro `panic` in this scope\n  --> /home/runner/.cargo/registry/src/github.com-1ecc6299db9ec823/log-0.4.21/src/__private_api.rs:45:9\n   |\n45 |         panic!(\"key-value support is experimental and must be enabled using the `kv` feature\")\n   |         ^^^^^\n\n"
    },
    {
      "cmd_idx": 45,
      "file": "/home/runner/.cargo/registry/src/github.com-1ecc6299db9ec823/log-0.4.21/src/lib.rs",
      "kind": "Clippy(Error)",
      "raw": "error: cannot find attribute `derive` in this scope\n    --> /home/runner/.cargo/registry/src/github.com-1ecc6299db9ec823/log-0.4.21/src/lib.rs:1443:3\n     |\n1443 | #[derive(Debug, PartialEq, Eq)]\n     |   ^^^^^^\n\n"
    },
    {
      "cmd_idx": 45,
      "file": "/home/runner/.cargo/registry/src/github.com-1ecc6299db9ec823/log-0.4.21/src/lib.rs",
      "kind": "Clippy(Error)",
      "raw": "error: cannot find attribute `derive` in this scope\n    --> /home/runner/.cargo/registry/src/github.com-1ecc6299db9ec823/log-0.4.21/src/lib.rs:1426:3\n     |\n1426 | #[derive(Debug)]\n     |   ^^^^^^\n\n"
    },
    {
      "cmd_idx": 45,
      "file": "/home/runner/.cargo/registry/src/github.com-1ecc6299db9ec823/log-0.4.21/src/lib.rs",
      "kind": "Clippy(Error)",
      "raw": "error: cannot find macro `unreachable` in this scope\n    --> /home/runner/.cargo/registry/src/github.com-1ecc6299db9ec823/log-0.4.21/src/lib.rs:1416:13\n     |\n1416 |             unreachable!(\"set_logger_racy must not be used with other initialization functions\")\n     |             ^^^^^^^^^^^\n\n"
    },
    {
      "cmd_idx": 45,
      "file": "/home/runner/.cargo/registry/src/github.com-1ecc6299db9ec823/log-0.4.21/src/lib.rs",
      "kind": "Clippy(Error)",
      "raw": "error: cannot find attribute `derive` in this scope\n    --> /home/runner/.cargo/registry/src/github.com-1ecc6299db9ec823/log-0.4.21/src/lib.rs:1077:3\n     |\n1077 | #[derive(Eq, PartialEq, Ord, PartialOrd, Hash, Debug)]\n     |   ^^^^^^\n\n"
    },
    {
      "cmd_idx": 45,
      "file": "/home/runner/.cargo/registry/src/github.com-1ecc6299db9ec823/log-0.4.21/src/lib.rs",
      "kind": "Clippy(Error)",
      "raw": "error: cannot find attribute `derive` in this scope\n    --> /home/runner/.cargo/registry/src/github.com-1ecc6299db9ec823/log-0.4.21/src/lib.rs:1035:3\n     |\n1035 | #[derive(Clone, Eq, PartialEq, Ord, PartialOrd, Hash, Debug)]\n     |   ^^^^^^\n\n"
    },
    {
      "cmd_idx": 45,
      "file": "/home/runner/.cargo/registry/src/github.com-1ecc6299db9ec823/log-0.4.21/src/lib.rs",
      "kind": "Clippy(Error)",
      "raw": "error: cannot find macro `format_args` in this scope\n   --> /home/runner/.cargo/registry/src/github.com-1ecc6299db9ec823/log-0.4.21/src/lib.rs:902:23\n    |\n902 |                 args: format_args!(\"\"),\n    |                       ^^^^^^^^^^^\n\n"
    },
    {
      "cmd_idx": 45,
      "file": "/home/runner/.cargo/registry/src/github.com-1ecc6299db9ec823/log-0.4.21/src/lib.rs",
      "kind": "Clippy(Error)",
      "raw": "error: cannot find attribute `derive` in this scope\n   --> /home/runner/.cargo/registry/src/github.com-1ecc6299db9ec823/log-0.4.21/src/lib.rs:880:3\n    |\n880 | #[derive(Debug)]\n    |   ^^^^^^\n\n"
    },
    {
      "cmd_idx": 45,
      "file": "/home/runner/.cargo/registry/src/github.com-1ecc6299db9ec823/log-0.4.21/src/lib.rs",
      "kind": "Clippy(Error)",
      "raw": "error: cannot find attribute `derive` in this scope\n   --> /home/runner/.cargo/registry/src/github.com-1ecc6299db9ec823/log-0.4.21/src/lib.rs:719:3\n    |\n719 | #[derive(Clone, Debug)]\n    |   ^^^^^^\n\n"
    },
    {
      "cmd_idx": 45,
      "file": "/home/runner/.cargo/registry/src/github.com-1ecc6299db9ec823/log-0.4.21/src/lib.rs",
      "kind": "Clippy(Error)",
      "raw": "error: cannot find attribute `derive` in this scope\n   --> /home/runner/.cargo/registry/src/github.com-1ecc6299db9ec823/log-0.4.21/src/lib.rs:658:3\n    |\n658 | #[derive(Copy, Clone, Eq, PartialEq, Ord, PartialOrd, Hash, Debug)]\n    |   ^^^^^^\n\n"
    },
    {
      "cmd_idx": 45,
      "file": "/home/runner/.cargo/registry/src/github.com-1ecc6299db9ec823/log-0.4.21/src/lib.rs",
      "kind": "Clippy(Error)",
      "raw": "error: cannot find attribute `derive` in this scope\n   --> /home/runner/.cargo/registry/src/github.com-1ecc6299db9ec823/log-0.4.21/src/lib.rs:558:3\n    |\n558 | #[derive(Clone, Copy, PartialEq, Eq, PartialOrd, Ord, Debug, Hash)]\n    |   ^^^^^^\n\n"
    },
    {
      "cmd_idx": 45,
      "file": "/home/runner/.cargo/registry/src/github.com-1ecc6299db9ec823/log-0.4.21/src/lib.rs",
      "kind": "Clippy(Error)",
      "raw": "error: cannot find attribute `derive` in this scope\n   --> /home/runner/.cargo/registry/src/github.com-1ecc6299db9ec823/log-0.4.21/src/lib.rs:438:3\n    |\n438 | #[derive(Clone, Copy, PartialEq, Eq, PartialOrd, Ord, Debug, Hash)]\n    |   ^^^^^^\n\n"
    },
    {
      "cmd_idx": 45,
      "file": "/home/runner/.cargo/registry/src/github.com-1ecc6299db9ec823/log-0.4.21/src/lib.rs",
      "kind": "Clippy(Error)",
      "raw": "error[E0405]: cannot find trait `PartialEq` in this scope\n   --> /home/runner/.cargo/registry/src/github.com-1ecc6299db9ec823/log-0.4.21/src/lib.rs:465:6\n    |\n465 | impl PartialEq<LevelFilter> for Level {\n    |      ^^^^^^^^^ not found in this scope\n\n"
    },
    {
      "cmd_idx": 45,
      "file": "/home/runner/.cargo/registry/src/github.com-1ecc6299db9ec823/log-0.4.21/src/lib.rs",
      "kind": "Clippy(Error)",
      "raw": "error[E0405]: cannot find trait `PartialOrd` in this scope\n   --> /home/runner/.cargo/registry/src/github.com-1ecc6299db9ec823/log-0.4.21/src/lib.rs:472:6\n    |\n472 | impl PartialOrd<LevelFilter> for Level {\n    |      ^^^^^^^^^^ not found in this scope\n\n"
    },
    {
      "cmd_idx": 45,
      "file": "/home/runner/.cargo/registry/src/github.com-1ecc6299db9ec823/log-0.4.21/src/lib.rs",
      "kind": "Clippy(Error)",
      "raw": "error[E0412]: cannot find type `Option` in this scope\n   --> /home/runner/.cargo/registry/src/github.com-1ecc6299db9ec823/log-0.4.21/src/lib.rs:474:51\n    |\n474 |     fn partial_cmp(&self, other: &LevelFilter) -> Option<cmp::Ordering> {\n    |                                                   ^^^^^^ not found in this scope\n\n"
    },
    {
      "cmd_idx": 45,
      "file": "/home/runner/.cargo/registry/src/github.com-1ecc6299db9ec823/log-0.4.21/src/lib.rs",
      "kind": "Clippy(Error)",
      "raw": "error[E0412]: cannot find type `Result` in this scope\n   --> /home/runner/.cargo/registry/src/github.com-1ecc6299db9ec823/log-0.4.21/src/lib.rs:481:33\n    |\n481 |     fn from_str(level: &str) -> Result<Level, Self::Err> {\n    |                                 ^^^^^^ not found in this scope\n\n"
    },
    {
      "cmd_idx": 45,
      "file": "/home/runner/.cargo/registry/src/github.com-1ecc6299db9ec823/log-0.4.21/src/lib.rs",
      "kind": "Clippy(Error)",
      "raw": "error[E0412]: cannot find type `Option` in this scope\n   --> /home/runner/.cargo/registry/src/github.com-1ecc6299db9ec823/log-0.4.21/src/lib.rs:500:32\n    |\n500 |     fn from_usize(u: usize) -> Option<Level> {\n    |                                ^^^^^^ not found in this scope\n\n"
    },
    {
      "cmd_idx": 45,
      "file": "/home/runner/.cargo/registry/src/github.com-1ecc6299db9ec823/log-0.4.21/src/lib.rs",
      "kind": "Clippy(Error)",
      "raw": "error[E0425]: cannot find value `None` in this scope\n   --> /home/runner/.cargo/registry/src/github.com-1ecc6299db9ec823/log-0.4.21/src/lib.rs:507:18\n    |\n507 |             _ => None,\n    |                  ^^^^ not found in this scope\n\n"
    },
    {
      "cmd_idx": 45,
      "file": "/home/runner/.cargo/registry/src/github.com-1ecc6299db9ec823/log-0.4.21/src/lib.rs",
      "kind": "Clippy(Error)",
      "raw": "error[E0405]: cannot find trait `Iterator` in this scope\n   --> /home/runner/.cargo/registry/src/github.com-1ecc6299db9ec823/log-0.4.21/src/lib.rs:544:27\n    |\n544 |     pub fn iter() -> impl Iterator<Item = Self> {\n    |                           ^^^^^^^^ not found in this scope\n\n"
    },
    {
      "cmd_idx": 45,
      "file": "/home/runner/.cargo/registry/src/github.com-1ecc6299db9ec823/log-0.4.21/src/lib.rs",
      "kind": "Clippy(Error)",
      "raw": "error[E0405]: cannot find trait `PartialEq` in this scope\n   --> /home/runner/.cargo/registry/src/github.com-1ecc6299db9ec823/log-0.4.21/src/lib.rs:574:6\n    |\n574 | impl PartialEq<Level> for LevelFilter {\n    |      ^^^^^^^^^ not found in this scope\n\n"
    },
    {
      "cmd_idx": 45,
      "file": "/home/runner/.cargo/registry/src/github.com-1ecc6299db9ec823/log-0.4.21/src/lib.rs",
      "kind": "Clippy(Error)",
      "raw": "error[E0405]: cannot find trait `PartialOrd` in this scope\n   --> /home/runner/.cargo/registry/src/github.com-1ecc6299db9ec823/log-0.4.21/src/lib.rs:581:6\n    |\n581 | impl PartialOrd<Level> for LevelFilter {\n    |      ^^^^^^^^^^ not found in this scope\n\n"
    },
    {
      "cmd_idx": 45,
      "file": "/home/runner/.cargo/registry/src/github.com-1ecc6299db9ec823/log-0.4.21/src/lib.rs",
      "kind": "Clippy(Error)",
      "raw": "error[E0412]: cannot find type `Option` in this scope\n   --> /home/runner/.cargo/registry/src/github.com-1ecc6299db9ec823/log-0.4.21/src/lib.rs:583:45\n    |\n583 |     fn partial_cmp(&self, other: &Level) -> Option<cmp::Ordering> {\n    |                                             ^^^^^^ not found in this scope\n\n"
    },
    {
      "cmd_idx": 45,
      "file": "/home/runner/.cargo/registry/src/github.com-1ecc6299db9ec823/log-0.4.21/src/lib.rs",
      "kind": "Clippy(Error)",
      "raw": "error[E0412]: cannot find type `Result` in this scope\n   --> /home/runner/.cargo/registry/src/github.com-1ecc6299db9ec823/log-0.4.21/src/lib.rs:590:33\n    |\n590 |     fn from_str(level: &str) -> Result<LevelFilter, Self::Err> {\n    |                                 ^^^^^^ not found in this scope\n\n"
    },
    {
      "cmd_idx": 45,
      "file": "/home/runner/.cargo/registry/src/github.com-1ecc6299db9ec823/log-0.4.21/src/lib.rs",
      "kind": "Clippy(Error)",
      "raw": "error[E0412]: cannot find type `Option` in this scope\n   --> /home/runner/.cargo/registry/src/github.com-1ecc6299db9ec823/log-0.4.21/src/lib.rs:606:32\n    |\n606 |     fn from_usize(u: usize) -> Option<LevelFilter> {\n    |                                ^^^^^^ not found in this scope\n\n"
    },
    {
      "cmd_idx": 45,
      "file": "/home/runner/.cargo/registry/src/github.com-1ecc6299db9ec823/log-0.4.21/src/lib.rs",
      "kind": "Clippy(Error)",
      "raw": "error[E0425]: cannot find value `None` in this scope\n   --> /home/runner/.cargo/registry/src/github.com-1ecc6299db9ec823/log-0.4.21/src/lib.rs:614:18\n    |\n614 |             _ => None,\n    |                  ^^^^ not found in this scope\n\n"
    },
    {
      "cmd_idx": 45,
      "file": "/home/runner/.cargo/registry/src/github.com-1ecc6299db9ec823/log-0.4.21/src/lib.rs",
      "kind": "Clippy(Error)",
      "raw": "error[E0412]: cannot find type `Option` in this scope\n   --> /home/runner/.cargo/registry/src/github.com-1ecc6299db9ec823/log-0.4.21/src/lib.rs:628:31\n    |\n628 |     pub fn to_level(&self) -> Option<Level> {\n    |                               ^^^^^^ not found in this scope\n\n"
    },
    {
      "cmd_idx": 45,
      "file": "/home/runner/.cargo/registry/src/github.com-1ecc6299db9ec823/log-0.4.21/src/lib.rs",
      "kind": "Clippy(Error)",
      "raw": "error[E0405]: cannot find trait `Iterator` in this scope\n   --> /home/runner/.cargo/registry/src/github.com-1ecc6299db9ec823/log-0.4.21/src/lib.rs:653:27\n    |\n653 |     pub fn iter() -> impl Iterator<Item = Self> {\n    |                           ^^^^^^^^ not found in this scope\n\n"
    },
    {
      "cmd_idx": 45,
      "file": "/home/runner/.cargo/registry/src/github.com-1ecc6299db9ec823/log-0.4.21/src/lib.rs",
      "kind": "Clippy(Error)",
      "raw": "error[E0412]: cannot find type `Option` in this scope\n   --> /home/runner/.cargo/registry/src/github.com-1ecc6299db9ec823/log-0.4.21/src/lib.rs:723:18\n    |\n723 |     module_path: Option<MaybeStaticStr<'a>>,\n    |                  ^^^^^^ not found in this scope\n\n"
    },
    {
      "cmd_idx": 45,
      "file": "/home/runner/.cargo/registry/src/github.com-1ecc6299db9ec823/log-0.4.21/src/lib.rs",
      "kind": "Clippy(Error)",
      "raw": "error[E0412]: cannot find type `Option` in this scope\n   --> /home/runner/.cargo/registry/src/github.com-1ecc6299db9ec823/log-0.4.21/src/lib.rs:724:11\n    |\n724 |     file: Option<MaybeStaticStr<'a>>,\n    |           ^^^^^^ not found in this scope\n\n"
    },
    {
      "cmd_idx": 45,
      "file": "/home/runner/.cargo/registry/src/github.com-1ecc6299db9ec823/log-0.4.21/src/lib.rs",
      "kind": "Clippy(Error)",
      "raw": "error[E0412]: cannot find type `Option` in this scope\n   --> /home/runner/.cargo/registry/src/github.com-1ecc6299db9ec823/log-0.4.21/src/lib.rs:725:11\n    |\n725 |     line: Option<u32>,\n    |           ^^^^^^ not found in this scope\n\n"
    },
    {
      "cmd_idx": 45,
      "file": "/home/runner/.cargo/registry/src/github.com-1ecc6299db9ec823/log-0.4.21/src/lib.rs",
      "kind": "Clippy(Error)",
      "raw": "error[E0412]: cannot find type `Option` in this scope\n   --> /home/runner/.cargo/registry/src/github.com-1ecc6299db9ec823/log-0.4.21/src/lib.rs:780:34\n    |\n780 |     pub fn module_path(&self) -> Option<&'a str> {\n    |                                  ^^^^^^ not found in this scope\n\n"
    },
    {
      "cmd_idx": 45,
      "file": "/home/runner/.cargo/registry/src/github.com-1ecc6299db9ec823/log-0.4.21/src/lib.rs",
      "kind": "Clippy(Error)",
      "raw": "error[E0412]: cannot find type `Option` in this scope\n   --> /home/runner/.cargo/registry/src/github.com-1ecc6299db9ec823/log-0.4.21/src/lib.rs:786:41\n    |\n786 |     pub fn module_path_static(&self) -> Option<&'static str> {\n    |                                         ^^^^^^ not found in this scope\n\n"
    },
    {
      "cmd_idx": 45,
      "file": "/home/runner/.cargo/registry/src/github.com-1ecc6299db9ec823/log-0.4.21/src/lib.rs",
      "kind": "Clippy(Error)",
      "raw": "error[E0531]: cannot find tuple struct or tuple variant `Some` in this scope\n   --> /home/runner/.cargo/registry/src/github.com-1ecc6299db9ec823/log-0.4.21/src/lib.rs:788:13\n    |\n788 |             Some(MaybeStaticStr::Static(s)) => Some(s),\n    |             ^^^^ not found in this scope\n\n"
    },
    {
      "cmd_idx": 45,
      "file": "/home/runner/.cargo/registry/src/github.com-1ecc6299db9ec823/log-0.4.21/src/lib.rs",
      "kind": "Clippy(Error)",
      "raw": "error[E0425]: cannot find value `None` in this scope\n   --> /home/runner/.cargo/registry/src/github.com-1ecc6299db9ec823/log-0.4.21/src/lib.rs:789:18\n    |\n789 |             _ => None,\n    |                  ^^^^ not found in this scope\n\n"
    },
    {
      "cmd_idx": 45,
      "file": "/home/runner/.cargo/registry/src/github.com-1ecc6299db9ec823/log-0.4.21/src/lib.rs",
      "kind": "Clippy(Error)",
      "raw": "error[E0412]: cannot find type `Option` in this scope\n   --> /home/runner/.cargo/registry/src/github.com-1ecc6299db9ec823/log-0.4.21/src/lib.rs:795:27\n    |\n795 |     pub fn file(&self) -> Option<&'a str> {\n    |                           ^^^^^^ not found in this scope\n\n"
    },
    {
      "cmd_idx": 45,
      "file": "/home/runner/.cargo/registry/src/github.com-1ecc6299db9ec823/log-0.4.21/src/lib.rs",
      "kind": "Clippy(Error)",
      "raw": "error[E0412]: cannot find type `Option` in this scope\n   --> /home/runner/.cargo/registry/src/github.com-1ecc6299db9ec823/log-0.4.21/src/lib.rs:801:34\n    |\n801 |     pub fn file_static(&self) -> Option<&'static str> {\n    |                                  ^^^^^^ not found in this scope\n\n"
    },
    {
      "cmd_idx": 45,
      "file": "/home/runner/.cargo/registry/src/github.com-1ecc6299db9ec823/log-0.4.21/src/lib.rs",
      "kind": "Clippy(Error)",
      "raw": "error[E0531]: cannot find tuple struct or tuple variant `Some` in this scope\n   --> /home/runner/.cargo/registry/src/github.com-1ecc6299db9ec823/log-0.4.21/src/lib.rs:803:13\n    |\n803 |             Some(MaybeStaticStr::Static(s)) => Some(s),\n    |             ^^^^ not found in this scope\n\n"
    },
    {
      "cmd_idx": 45,
      "file": "/home/runner/.cargo/registry/src/github.com-1ecc6299db9ec823/log-0.4.21/src/lib.rs",
      "kind": "Clippy(Error)",
      "raw": "error[E0425]: cannot find value `None` in this scope\n   --> /home/runner/.cargo/registry/src/github.com-1ecc6299db9ec823/log-0.4.21/src/lib.rs:804:18\n    |\n804 |             _ => None,\n    |                  ^^^^ not found in this scope\n\n"
    },
    {
      "cmd_idx": 45,
      "file": "/home/runner/.cargo/registry/src/github.com-1ecc6299db9ec823/log-0.4.21/src/lib.rs",
      "kind": "Clippy(Error)",
      "raw": "error[E0412]: cannot find type `Option` in this scope\n   --> /home/runner/.cargo/registry/src/github.com-1ecc6299db9ec823/log-0.4.21/src/lib.rs:810:27\n    |\n810 |     pub fn line(&self) -> Option<u32> {\n    |                           ^^^^^^ not found in this scope\n\n"
    },
    {
      "cmd_idx": 45,
      "file": "/home/runner/.cargo/registry/src/github.com-1ecc6299db9ec823/log-0.4.21/src/lib.rs",
      "kind": "Clippy(Error)",
      "raw": "error[E0425]: cannot find value `None` in this scope\n   --> /home/runner/.cargo/registry/src/github.com-1ecc6299db9ec823/log-0.4.21/src/lib.rs:904:30\n    |\n904 |                 module_path: None,\n    |                              ^^^^ not found in this scope\n\n"
    },
    {
      "cmd_idx": 45,
      "file": "/home/runner/.cargo/registry/src/github.com-1ecc6299db9ec823/log-0.4.21/src/lib.rs",
      "kind": "Clippy(Error)",
      "raw": "error[E0425]: cannot find value `None` in this scope\n   --> /home/runner/.cargo/registry/src/github.com-1ecc6299db9ec823/log-0.4.21/src/lib.rs:905:23\n    |\n905 |                 file: None,\n    |                       ^^^^ not found in this scope\n\n"
    },
    {
      "cmd_idx": 45,
      "file": "/home/runner/.cargo/registry/src/github.com-1ecc6299db9ec823/log-0.4.21/src/lib.rs",
      "kind": "Clippy(Error)",
      "raw": "error[E0425]: cannot find value `None` in this scope\n   --> /home/runner/.cargo/registry/src/github.com-1ecc6299db9ec823/log-0.4.21/src/lib.rs:906:23\n    |\n906 |                 line: None,\n    |                       ^^^^ not found in this scope\n\n"
    },
    {
      "cmd_idx": 45,
      "file": "/home/runner/.cargo/registry/src/github.com-1ecc6299db9ec823/log-0.4.21/src/lib.rs",
      "kind": "Clippy(Error)",
      "raw": "error[E0412]: cannot find type `Option` in this scope\n   --> /home/runner/.cargo/registry/src/github.com-1ecc6299db9ec823/log-0.4.21/src/lib.rs:943:41\n    |\n943 |     pub fn module_path(&mut self, path: Option<&'a str>) -> &mut RecordBuilder<'a> {\n    |                                         ^^^^^^ not found in this scope\n\n"
    },
    {
      "cmd_idx": 45,
      "file": "/home/runner/.cargo/registry/src/github.com-1ecc6299db9ec823/log-0.4.21/src/lib.rs",
      "kind": "Clippy(Error)",
      "raw": "error[E0412]: cannot find type `Option` in this scope\n   --> /home/runner/.cargo/registry/src/github.com-1ecc6299db9ec823/log-0.4.21/src/lib.rs:950:48\n    |\n950 |     pub fn module_path_static(&mut self, path: Option<&'static str>) -> &mut RecordBuilder<'a> {\n    |                                                ^^^^^^ not found in this scope\n\n"
    },
    {
      "cmd_idx": 45,
      "file": "/home/runner/.cargo/registry/src/github.com-1ecc6299db9ec823/log-0.4.21/src/lib.rs",
      "kind": "Clippy(Error)",
      "raw": "error[E0412]: cannot find type `Option` in this scope\n   --> /home/runner/.cargo/registry/src/github.com-1ecc6299db9ec823/log-0.4.21/src/lib.rs:957:34\n    |\n957 |     pub fn file(&mut self, file: Option<&'a str>) -> &mut RecordBuilder<'a> {\n    |                                  ^^^^^^ not found in this scope\n\n"
    },
    {
      "cmd_idx": 45,
      "file": "/home/runner/.cargo/registry/src/github.com-1ecc6299db9ec823/log-0.4.21/src/lib.rs",
      "kind": "Clippy(Error)",
      "raw": "error[E0412]: cannot find type `Option` in this scope\n   --> /home/runner/.cargo/registry/src/github.com-1ecc6299db9ec823/log-0.4.21/src/lib.rs:964:41\n    |\n964 |     pub fn file_static(&mut self, file: Option<&'static str>) -> &mut RecordBuilder<'a> {\n    |                                         ^^^^^^ not found in this scope\n\n"
    },
    {
      "cmd_idx": 45,
      "file": "/home/runner/.cargo/registry/src/github.com-1ecc6299db9ec823/log-0.4.21/src/lib.rs",
      "kind": "Clippy(Error)",
      "raw": "error[E0412]: cannot find type `Option` in this scope\n   --> /home/runner/.cargo/registry/src/github.com-1ecc6299db9ec823/log-0.4.21/src/lib.rs:971:34\n    |\n971 |     pub fn line(&mut self, line: Option<u32>) -> &mut RecordBuilder<'a> {\n    |                                  ^^^^^^ not found in this scope\n\n"
    },
    {
      "cmd_idx": 45,
      "file": "/home/runner/.cargo/registry/src/github.com-1ecc6299db9ec823/log-0.4.21/src/lib.rs",
      "kind": "Clippy(Error)",
      "raw": "error[E0405]: cannot find trait `Default` in this scope\n   --> /home/runner/.cargo/registry/src/github.com-1ecc6299db9ec823/log-0.4.21/src/lib.rs:991:10\n    |\n991 | impl<'a> Default for RecordBuilder<'a> {\n    |          ^^^^^^^ not found in this scope\n\n"
    },
    {
      "cmd_idx": 45,
      "file": "/home/runner/.cargo/registry/src/github.com-1ecc6299db9ec823/log-0.4.21/src/lib.rs",
      "kind": "Clippy(Error)",
      "raw": "error[E0405]: cannot find trait `Default` in this scope\n    --> /home/runner/.cargo/registry/src/github.com-1ecc6299db9ec823/log-0.4.21/src/lib.rs:1120:10\n     |\n1120 | impl<'a> Default for MetadataBuilder<'a> {\n     |          ^^^^^^^ not found in this scope\n\n"
    },
    {
      "cmd_idx": 45,
      "file": "/home/runner/.cargo/registry/src/github.com-1ecc6299db9ec823/log-0.4.21/src/lib.rs",
      "kind": "Clippy(Error)",
      "raw": "error[E0405]: cannot find trait `Sync` in this scope\n    --> /home/runner/.cargo/registry/src/github.com-1ecc6299db9ec823/log-0.4.21/src/lib.rs:1127:16\n     |\n1127 | pub trait Log: Sync + Send {\n     |                ^^^^ not found in this scope\n\n"
    },
    {
      "cmd_idx": 45,
      "file": "/home/runner/.cargo/registry/src/github.com-1ecc6299db9ec823/log-0.4.21/src/lib.rs",
      "kind": "Clippy(Error)",
      "raw": "error[E0405]: cannot find trait `Send` in this scope\n    --> /home/runner/.cargo/registry/src/github.com-1ecc6299db9ec823/log-0.4.21/src/lib.rs:1127:23\n     |\n1127 | pub trait Log: Sync + Send {\n     |                       ^^^^ not found in this scope\n\n"
    },
    {
      "cmd_idx": 45,
      "file": "/home/runner/.cargo/registry/src/github.com-1ecc6299db9ec823/log-0.4.21/src/lib.rs",
      "kind": "Clippy(Error)",
      "raw": "error[E0405]: cannot find trait `Sized` in this scope\n    --> /home/runner/.cargo/registry/src/github.com-1ecc6299db9ec823/log-0.4.21/src/lib.rs:1169:9\n     |\n1169 |     T: ?Sized + Log,\n     |         ^^^^^ not found in this scope\n\n"
    },
    {
      "cmd_idx": 45,
      "file": "/home/runner/.cargo/registry/src/github.com-1ecc6299db9ec823/log-0.4.21/src/lib.rs",
      "kind": "Clippy(Error)",
      "raw": "error[E0412]: cannot find type `Result` in this scope\n    --> /home/runner/.cargo/registry/src/github.com-1ecc6299db9ec823/log-0.4.21/src/lib.rs:1351:48\n     |\n1351 | pub fn set_logger(logger: &'static dyn Log) -> Result<(), SetLoggerError> {\n     |                                                ^^^^^^ not found in this scope\n\n"
    },
    {
      "cmd_idx": 45,
      "file": "/home/runner/.cargo/registry/src/github.com-1ecc6299db9ec823/log-0.4.21/src/lib.rs",
      "kind": "Clippy(Error)",
      "raw": "error[E0405]: cannot find trait `FnOnce` in this scope\n    --> /home/runner/.cargo/registry/src/github.com-1ecc6299db9ec823/log-0.4.21/src/lib.rs:1358:8\n     |\n1358 |     F: FnOnce() -> &'static dyn Log,\n     |        ^^^^^^ not found in this scope\n\n"
    },
    {
      "cmd_idx": 45,
      "file": "/home/runner/.cargo/registry/src/github.com-1ecc6299db9ec823/log-0.4.21/src/lib.rs",
      "kind": "Clippy(Error)",
      "raw": "error[E0412]: cannot find type `Result` in this scope\n    --> /home/runner/.cargo/registry/src/github.com-1ecc6299db9ec823/log-0.4.21/src/lib.rs:1356:43\n     |\n1356 | fn set_logger_inner<F>(make_logger: F) -> Result<(), SetLoggerError>\n     |                                           ^^^^^^ not found in this scope\n\n"
    },
    {
      "cmd_idx": 45,
      "file": "/home/runner/.cargo/registry/src/github.com-1ecc6299db9ec823/log-0.4.21/src/lib.rs",
      "kind": "Clippy(Error)",
      "raw": "error[E0531]: cannot find tuple struct or tuple variant `Ok` in this scope\n    --> /home/runner/.cargo/registry/src/github.com-1ecc6299db9ec823/log-0.4.21/src/lib.rs:1366:9\n     |\n1366 |         Ok(s) | Err(s) => s,\n     |         ^^ not found in this scope\n\n"
    },
    {
      "cmd_idx": 45,
      "file": "/home/runner/.cargo/registry/src/github.com-1ecc6299db9ec823/log-0.4.21/src/lib.rs",
      "kind": "Clippy(Error)",
      "raw": "error[E0531]: cannot find tuple struct or tuple variant `Err` in this scope\n    --> /home/runner/.cargo/registry/src/github.com-1ecc6299db9ec823/log-0.4.21/src/lib.rs:1366:17\n     |\n1366 |         Ok(s) | Err(s) => s,\n     |                 ^^^ not found in this scope\n\n"
    },
    {
      "cmd_idx": 45,
      "file": "/home/runner/.cargo/registry/src/github.com-1ecc6299db9ec823/log-0.4.21/src/lib.rs",
      "kind": "Clippy(Error)",
      "raw": "error[E0412]: cannot find type `Result` in this scope\n    --> /home/runner/.cargo/registry/src/github.com-1ecc6299db9ec823/log-0.4.21/src/lib.rs:1407:60\n     |\n1407 | pub unsafe fn set_logger_racy(logger: &'static dyn Log) -> Result<(), SetLoggerError> {\n     |                                                            ^^^^^^ not found in this scope\n\n"
    },
    {
      "cmd_idx": 45,
      "file": "/home/runner/.cargo/registry/src/github.com-1ecc6299db9ec823/log-0.4.21/src/__private_api.rs",
      "kind": "Clippy(Error)",
      "raw": "error[E0412]: cannot find type `Option` in this scope\n  --> /home/runner/.cargo/registry/src/github.com-1ecc6299db9ec823/log-0.4.21/src/__private_api.rs:14:30\n   |\n14 |         fn into_kvs(self) -> Option<&'a [(&'a str, super::Value<'a>)]>;\n   |                              ^^^^^^ not found in this scope\n\n"
    },
    {
      "cmd_idx": 45,
      "file": "/home/runner/.cargo/registry/src/github.com-1ecc6299db9ec823/log-0.4.21/src/__private_api.rs",
      "kind": "Clippy(Error)",
      "raw": "error[E0412]: cannot find type `Option` in this scope\n  --> /home/runner/.cargo/registry/src/github.com-1ecc6299db9ec823/log-0.4.21/src/__private_api.rs:22:26\n   |\n22 |     fn into_kvs(self) -> Option<&'a [(&'a str, Value<'a>)]> {\n   |                          ^^^^^^ not found in this scope\n\n"
    },
    {
      "cmd_idx": 45,
      "file": "/home/runner/.cargo/registry/src/github.com-1ecc6299db9ec823/log-0.4.21/src/__private_api.rs",
      "kind": "Clippy(Error)",
      "raw": "error[E0412]: cannot find type `Option` in this scope\n  --> /home/runner/.cargo/registry/src/github.com-1ecc6299db9ec823/log-0.4.21/src/__private_api.rs:29:26\n   |\n29 |     fn into_kvs(self) -> Option<&'a [(&'a str, Value<'a>)]> {\n   |                          ^^^^^^ not found in this scope\n\n"
    },
    {
      "cmd_idx": 45,
      "file": "/home/runner/.cargo/registry/src/github.com-1ecc6299db9ec823/log-0.4.21/src/__private_api.rs",
      "kind": "Clippy(Error)",
      "raw": "error[E0425]: cannot find value `None` in this scope\n  --> /home/runner/.cargo/registry/src/github.com-1ecc6299db9ec823/log-0.4.21/src/__private_api.rs:30:9\n   |\n30 |         None\n   |         ^^^^ not found in this scope\n\n"
    },
    {
      "cmd_idx": 45,
      "file": "/home/runner/.cargo/registry/src/github.com-1ecc6299db9ec823/log-0.4.21/src/__private_api.rs",
      "kind": "Clippy(Error)",
      "raw": "error[E0412]: cannot find type `Option` in this scope\n  --> /home/runner/.cargo/registry/src/github.com-1ecc6299db9ec823/log-0.4.21/src/__private_api.rs:41:10\n   |\n41 |     kvs: Option<&[(&str, Value)]>,\n   |          ^^^^^^ not found in this scope\n\n"
    },
    {
      "cmd_idx": 45,
      "file": "/home/runner/.cargo/registry/src/github.com-1ecc6299db9ec823/log-0.4.21/src/lib.rs",
      "kind": "Clippy(Error)",
      "raw": "error[E0659]: `cfg` is ambiguous\n   --> /home/runner/.cargo/registry/src/github.com-1ecc6299db9ec823/log-0.4.21/src/lib.rs:345:3\n    |\n345 | #[cfg(all(not(feature = \"std\"), not(test)))]\n    |   ^^^ ambiguous name\n    |\n    = note: ambiguous because of a name conflict with a builtin attribute\n    = note: `cfg` could refer to a built-in attribute\nnote: `cfg` could also refer to the unresolved item imported here\n   --> /home/runner/.cargo/registry/src/github.com-1ecc6299db9ec823/log-0.4.21/src/lib.rs:348:5\n    |\n348 | use std::cfg;\n    |     ^^^^^^^^\n    = help: use `crate::cfg` to refer to this unresolved item unambiguously\n\n"
    },
    {
      "cmd_idx": 45,
      "file": "/home/runner/.cargo/registry/src/github.com-1ecc6299db9ec823/log-0.4.21/src/lib.rs",
      "kind": "Clippy(Error)",
      "raw": "error[E0659]: `cfg` is ambiguous\n   --> /home/runner/.cargo/registry/src/github.com-1ecc6299db9ec823/log-0.4.21/src/lib.rs:361:3\n    |\n361 | #[cfg(target_has_atomic = \"ptr\")]\n    |   ^^^ ambiguous name\n    |\n    = note: ambiguous because of a name conflict with a builtin attribute\n    = note: `cfg` could refer to a built-in attribute\nnote: `cfg` could also refer to the unresolved item imported here\n   --> /home/runner/.cargo/registry/src/github.com-1ecc6299db9ec823/log-0.4.21/src/lib.rs:348:5\n    |\n348 | use std::cfg;\n    |     ^^^^^^^^\n    = help: use `crate::cfg` to refer to this unresolved item unambiguously\n\n"
    },
    {
      "cmd_idx": 45,
      "file": "/home/runner/.cargo/registry/src/github.com-1ecc6299db9ec823/log-0.4.21/src/lib.rs",
      "kind": "Clippy(Error)",
      "raw": "error[E0659]: `cfg` is ambiguous\n    --> /home/runner/.cargo/registry/src/github.com-1ecc6299db9ec823/log-0.4.21/src/lib.rs:1223:3\n     |\n1223 | #[cfg(target_has_atomic = \"ptr\")]\n     |   ^^^ ambiguous name\n     |\n     = note: ambiguous because of a name conflict with a builtin attribute\n     = note: `cfg` could refer to a built-in attribute\nnote: `cfg` could also refer to the unresolved item imported here\n    --> /home/runner/.cargo/registry/src/github.com-1ecc6299db9ec823/log-0.4.21/src/lib.rs:348:5\n     |\n348  | use std::cfg;\n     |     ^^^^^^^^\n     = help: use `crate::cfg` to refer to this unresolved item unambiguously\n\n"
    },
    {
      "cmd_idx": 45,
      "file": "/home/runner/.cargo/registry/src/github.com-1ecc6299db9ec823/log-0.4.21/src/lib.rs",
      "kind": "Clippy(Error)",
      "raw": "error[E0659]: `cfg` is ambiguous\n    --> /home/runner/.cargo/registry/src/github.com-1ecc6299db9ec823/log-0.4.21/src/lib.rs:1350:3\n     |\n1350 | #[cfg(target_has_atomic = \"ptr\")]\n     |   ^^^ ambiguous name\n     |\n     = note: ambiguous because of a name conflict with a builtin attribute\n     = note: `cfg` could refer to a built-in attribute\nnote: `cfg` could also refer to the unresolved item imported here\n    --> /home/runner/.cargo/registry/src/github.com-1ecc6299db9ec823/log-0.4.21/src/lib.rs:348:5\n     |\n348  | use std::cfg;\n     |     ^^^^^^^^\n     = help: use `crate::cfg` to refer to this unresolved item unambiguously\n\n"
    },
    {
      "cmd_idx": 45,
      "file": "/home/runner/.cargo/registry/src/github.com-1ecc6299db9ec823/log-0.4.21/src/lib.rs",
      "kind": "Clippy(Error)",
      "raw": "error[E0659]: `cfg` is ambiguous\n    --> /home/runner/.cargo/registry/src/github.com-1ecc6299db9ec823/log-0.4.21/src/lib.rs:1355:3\n     |\n1355 | #[cfg(target_has_atomic = \"ptr\")]\n     |   ^^^ ambiguous name\n     |\n     = note: ambiguous because of a name conflict with a builtin attribute\n     = note: `cfg` could refer to a built-in attribute\nnote: `cfg` could also refer to the unresolved item imported here\n    --> /home/runner/.cargo/registry/src/github.com-1ecc6299db9ec823/log-0.4.21/src/lib.rs:348:5\n     |\n348  | use std::cfg;\n     |     ^^^^^^^^\n     = help: use `crate::cfg` to refer to this unresolved item unambiguously\n\n"
    },
    {
      "cmd_idx": 45,
      "file": "/home/runner/.cargo/registry/src/github.com-1ecc6299db9ec823/log-0.4.21/src/lib.rs",
      "kind": "Clippy(Error)",
      "raw": "error[E0425]: cannot find function, tuple struct or tuple variant `Some` in this scope\n   --> /home/runner/.cargo/registry/src/github.com-1ecc6299db9ec823/log-0.4.21/src/lib.rs:475:9\n    |\n475 |         Some((*self as usize).cmp(&(*other as usize)))\n    |         ^^^^ not found in this scope\n\n"
    },
    {
      "cmd_idx": 45,
      "file": "/home/runner/.cargo/registry/src/github.com-1ecc6299db9ec823/log-0.4.21/src/lib.rs",
      "kind": "Clippy(Error)",
      "raw": "error[E0425]: cannot find function, tuple struct or tuple variant `Some` in this scope\n   --> /home/runner/.cargo/registry/src/github.com-1ecc6299db9ec823/log-0.4.21/src/lib.rs:502:18\n    |\n502 |             1 => Some(Level::Error),\n    |                  ^^^^ not found in this scope\n\n"
    },
    {
      "cmd_idx": 45,
      "file": "/home/runner/.cargo/registry/src/github.com-1ecc6299db9ec823/log-0.4.21/src/lib.rs",
      "kind": "Clippy(Error)",
      "raw": "error[E0425]: cannot find function, tuple struct or tuple variant `Some` in this scope\n   --> /home/runner/.cargo/registry/src/github.com-1ecc6299db9ec823/log-0.4.21/src/lib.rs:503:18\n    |\n503 |             2 => Some(Level::Warn),\n    |                  ^^^^ not found in this scope\n\n"
    },
    {
      "cmd_idx": 45,
      "file": "/home/runner/.cargo/registry/src/github.com-1ecc6299db9ec823/log-0.4.21/src/lib.rs",
      "kind": "Clippy(Error)",
      "raw": "error[E0425]: cannot find function, tuple struct or tuple variant `Some` in this scope\n   --> /home/runner/.cargo/registry/src/github.com-1ecc6299db9ec823/log-0.4.21/src/lib.rs:504:18\n    |\n504 |             3 => Some(Level::Info),\n    |                  ^^^^ not found in this scope\n\n"
    },
    {
      "cmd_idx": 45,
      "file": "/home/runner/.cargo/registry/src/github.com-1ecc6299db9ec823/log-0.4.21/src/lib.rs",
      "kind": "Clippy(Error)",
      "raw": "error[E0425]: cannot find function, tuple struct or tuple variant `Some` in this scope\n   --> /home/runner/.cargo/registry/src/github.com-1ecc6299db9ec823/log-0.4.21/src/lib.rs:505:18\n    |\n505 |             4 => Some(Level::Debug),\n    |                  ^^^^ not found in this scope\n\n"
    },
    {
      "cmd_idx": 45,
      "file": "/home/runner/.cargo/registry/src/github.com-1ecc6299db9ec823/log-0.4.21/src/lib.rs",
      "kind": "Clippy(Error)",
      "raw": "error[E0425]: cannot find function, tuple struct or tuple variant `Some` in this scope\n   --> /home/runner/.cargo/registry/src/github.com-1ecc6299db9ec823/log-0.4.21/src/lib.rs:506:18\n    |\n506 |             5 => Some(Level::Trace),\n    |                  ^^^^ not found in this scope\n\n"
    },
    {
      "cmd_idx": 45,
      "file": "/home/runner/.cargo/registry/src/github.com-1ecc6299db9ec823/log-0.4.21/src/lib.rs",
      "kind": "Clippy(Error)",
      "raw": "error[E0425]: cannot find function, tuple struct or tuple variant `Some` in this scope\n   --> /home/runner/.cargo/registry/src/github.com-1ecc6299db9ec823/log-0.4.21/src/lib.rs:584:9\n    |\n584 |         Some((*self as usize).cmp(&(*other as usize)))\n    |         ^^^^ not found in this scope\n\n"
    },
    {
      "cmd_idx": 45,
      "file": "/home/runner/.cargo/registry/src/github.com-1ecc6299db9ec823/log-0.4.21/src/lib.rs",
      "kind": "Clippy(Error)",
      "raw": "error[E0425]: cannot find function, tuple struct or tuple variant `Some` in this scope\n   --> /home/runner/.cargo/registry/src/github.com-1ecc6299db9ec823/log-0.4.21/src/lib.rs:608:18\n    |\n608 |             0 => Some(LevelFilter::Off),\n    |                  ^^^^ not found in this scope\n\n"
    },
    {
      "cmd_idx": 45,
      "file": "/home/runner/.cargo/registry/src/github.com-1ecc6299db9ec823/log-0.4.21/src/lib.rs",
      "kind": "Clippy(Error)",
      "raw": "error[E0425]: cannot find function, tuple struct or tuple variant `Some` in this scope\n   --> /home/runner/.cargo/registry/src/github.com-1ecc6299db9ec823/log-0.4.21/src/lib.rs:609:18\n    |\n609 |             1 => Some(LevelFilter::Error),\n    |                  ^^^^ not found in this scope\n\n"
    },
    {
      "cmd_idx": 45,
      "file": "/home/runner/.cargo/registry/src/github.com-1ecc6299db9ec823/log-0.4.21/src/lib.rs",
      "kind": "Clippy(Error)",
      "raw": "error[E0425]: cannot find function, tuple struct or tuple variant `Some` in this scope\n   --> /home/runner/.cargo/registry/src/github.com-1ecc6299db9ec823/log-0.4.21/src/lib.rs:610:18\n    |\n610 |             2 => Some(LevelFilter::Warn),\n    |                  ^^^^ not found in this scope\n\n"
    },
    {
      "cmd_idx": 45,
      "file": "/home/runner/.cargo/registry/src/github.com-1ecc6299db9ec823/log-0.4.21/src/lib.rs",
      "kind": "Clippy(Error)",
      "raw": "error[E0425]: cannot find function, tuple struct or tuple variant `Some` in this scope\n   --> /home/runner/.cargo/registry/src/github.com-1ecc6299db9ec823/log-0.4.21/src/lib.rs:611:18\n    |\n611 |             3 => Some(LevelFilter::Info),\n    |                  ^^^^ not found in this scope\n\n"
    },
    {
      "cmd_idx": 45,
      "file": "/home/runner/.cargo/registry/src/github.com-1ecc6299db9ec823/log-0.4.21/src/lib.rs",
      "kind": "Clippy(Error)",
      "raw": "error[E0425]: cannot find function, tuple struct or tuple variant `Some` in this scope\n   --> /home/runner/.cargo/registry/src/github.com-1ecc6299db9ec823/log-0.4.21/src/lib.rs:612:18\n    |\n612 |             4 => Some(LevelFilter::Debug),\n    |                  ^^^^ not found in this scope\n\n"
    },
    {
      "cmd_idx": 45,
      "file": "/home/runner/.cargo/registry/src/github.com-1ecc6299db9ec823/log-0.4.21/src/lib.rs",
      "kind": "Clippy(Error)",
      "raw": "error[E0425]: cannot find function, tuple struct or tuple variant `Some` in this scope\n   --> /home/runner/.cargo/registry/src/github.com-1ecc6299db9ec823/log-0.4.21/src/lib.rs:613:18\n    |\n613 |             5 => Some(LevelFilter::Trace),\n    |                  ^^^^ not found in this scope\n\n"
    },
    {
      "cmd_idx": 45,
      "file": "/home/runner/.cargo/registry/src/github.com-1ecc6299db9ec823/log-0.4.21/src/lib.rs",
      "kind": "Clippy(Error)",
      "raw": "error[E0425]: cannot find function, tuple struct or tuple variant `Some` in this scope\n   --> /home/runner/.cargo/registry/src/github.com-1ecc6299db9ec823/log-0.4.21/src/lib.rs:788:48\n    |\n788 |             Some(MaybeStaticStr::Static(s)) => Some(s),\n    |                                                ^^^^ not found in this scope\n\n"
    },
    {
      "cmd_idx": 45,
      "file": "/home/runner/.cargo/registry/src/github.com-1ecc6299db9ec823/log-0.4.21/src/lib.rs",
      "kind": "Clippy(Error)",
      "raw": "error[E0425]: cannot find function, tuple struct or tuple variant `Some` in this scope\n   --> /home/runner/.cargo/registry/src/github.com-1ecc6299db9ec823/log-0.4.21/src/lib.rs:803:48\n    |\n803 |             Some(MaybeStaticStr::Static(s)) => Some(s),\n    |                                                ^^^^ not found in this scope\n\n"
    },
    {
      "cmd_idx": 45,
      "file": "/home/runner/.cargo/registry/src/github.com-1ecc6299db9ec823/log-0.4.21/src/lib.rs",
      "kind": "Clippy(Error)",
      "raw": "error[E0425]: cannot find function, tuple struct or tuple variant `Ok` in this scope\n    --> /home/runner/.cargo/registry/src/github.com-1ecc6299db9ec823/log-0.4.21/src/lib.rs:1374:13\n     |\n1374 |             Ok(())\n     |             ^^ not found in this scope\n\n"
    },
    {
      "cmd_idx": 45,
      "file": "/home/runner/.cargo/registry/src/github.com-1ecc6299db9ec823/log-0.4.21/src/lib.rs",
      "kind": "Clippy(Error)",
      "raw": "error[E0425]: cannot find function, tuple struct or tuple variant `Err` in this scope\n    --> /home/runner/.cargo/registry/src/github.com-1ecc6299db9ec823/log-0.4.21/src/lib.rs:1382:13\n     |\n1382 |             Err(SetLoggerError(()))\n     |             ^^^ not found in this scope\n\n"
    },
    {
      "cmd_idx": 45,
      "file": "/home/runner/.cargo/registry/src/github.com-1ecc6299db9ec823/log-0.4.21/src/lib.rs",
      "kind": "Clippy(Error)",
      "raw": "error[E0425]: cannot find function, tuple struct or tuple variant `Err` in this scope\n    --> /home/runner/.cargo/registry/src/github.com-1ecc6299db9ec823/log-0.4.21/src/lib.rs:1384:14\n     |\n1384 |         _ => Err(SetLoggerError(())),\n     |              ^^^ not found in this scope\n\n"
    },
    {
      "cmd_idx": 45,
      "file": "/home/runner/.cargo/registry/src/github.com-1ecc6299db9ec823/log-0.4.21/src/lib.rs",
      "kind": "Clippy(Error)",
      "raw": "error[E0425]: cannot find function, tuple struct or tuple variant `Ok` in this scope\n    --> /home/runner/.cargo/registry/src/github.com-1ecc6299db9ec823/log-0.4.21/src/lib.rs:1412:13\n     |\n1412 |             Ok(())\n     |             ^^ not found in this scope\n\n"
    },
    {
      "cmd_idx": 45,
      "file": "/home/runner/.cargo/registry/src/github.com-1ecc6299db9ec823/log-0.4.21/src/lib.rs",
      "kind": "Clippy(Error)",
      "raw": "error[E0425]: cannot find function, tuple struct or tuple variant `Err` in this scope\n    --> /home/runner/.cargo/registry/src/github.com-1ecc6299db9ec823/log-0.4.21/src/lib.rs:1418:14\n     |\n1418 |         _ => Err(SetLoggerError(())),\n     |              ^^^ not found in this scope\n\n"
    },
    {
      "cmd_idx": 45,
      "file": "/home/runner/.cargo/registry/src/github.com-1ecc6299db9ec823/log-0.4.21/src/__private_api.rs",
      "kind": "Clippy(Error)",
      "raw": "error[E0425]: cannot find function, tuple struct or tuple variant `Some` in this scope\n  --> /home/runner/.cargo/registry/src/github.com-1ecc6299db9ec823/log-0.4.21/src/__private_api.rs:23:9\n   |\n23 |         Some(self)\n   |         ^^^^------\n   |         |\n   |         help: try calling `Some` as a method: `self.Some()`\n\n"
    },
    {
      "cmd_idx": 45,
      "file": "/home/runner/.cargo/registry/src/github.com-1ecc6299db9ec823/log-0.4.21/src/__private_api.rs",
      "kind": "Clippy(Error)",
      "raw": "error[E0425]: cannot find function, tuple struct or tuple variant `Some` in this scope\n  --> /home/runner/.cargo/registry/src/github.com-1ecc6299db9ec823/log-0.4.21/src/__private_api.rs:54:29\n   |\n54 |         .module_path_static(Some(module_path))\n   |                             ^^^^ not found in this scope\n\n"
    },
    {
      "cmd_idx": 45,
      "file": "/home/runner/.cargo/registry/src/github.com-1ecc6299db9ec823/log-0.4.21/src/__private_api.rs",
      "kind": "Clippy(Error)",
      "raw": "error[E0425]: cannot find function, tuple struct or tuple variant `Some` in this scope\n  --> /home/runner/.cargo/registry/src/github.com-1ecc6299db9ec823/log-0.4.21/src/__private_api.rs:55:22\n   |\n55 |         .file_static(Some(file))\n   |                      ^^^^ not found in this scope\n\n"
    },
    {
      "cmd_idx": 45,
      "file": "/home/runner/.cargo/registry/src/github.com-1ecc6299db9ec823/log-0.4.21/src/__private_api.rs",
      "kind": "Clippy(Error)",
      "raw": "error[E0425]: cannot find function, tuple struct or tuple variant `Some` in this scope\n  --> /home/runner/.cargo/registry/src/github.com-1ecc6299db9ec823/log-0.4.21/src/__private_api.rs:56:15\n   |\n56 |         .line(Some(line));\n   |               ^^^^ not found in this scope\n\n"
    },
    {
      "cmd_idx": 46,
      "file": "Cargo.lock",
      "kind": "Audit",
      "raw": "    Fetching advisory database from `https://github.com/RustSec/advisory-db.git`\n      Loaded 726 security advisories (from /home/runner/.cargo/advisory-db)\n    Updating crates.io index\n    Scanning Cargo.lock for vulnerabilities (224 crate dependencies)\nCrate:     instant\nVersion:   0.1.13\nWarning:   unmaintained\nTitle:     `instant` is unmaintained\nDate:      2024-09-01\nID:        RUSTSEC-2024-0384\nURL:       https://rustsec.org/advisories/RUSTSEC-2024-0384\nDependency tree:\ninstant 0.1.13\n fastrand 1.9.0\n     futures-lite 1.13.0\n         async-std 1.12.0\n            zcore-drivers 0.1.0\n               linux-object 0.1.0\n                  zcore-loader 0.1.0\n                     zcore 0.1.0\n                  zcore 0.1.0\n                  linux-syscall 0.1.0\n                      zcore-loader 0.1.0\n               kernel-hal 0.1.0\n                   zircon-syscall 0.1.0\n                      zcore-loader 0.1.0\n                   zircon-object 0.1.0\n                      zircon-syscall 0.1.0\n                      zcore-loader 0.1.0\n                      zcore 0.1.0\n                      linux-syscall 0.1.0\n                      linux-object 0.1.0\n                   zcore-loader 0.1.0\n                   zcore 0.1.0\n                   linux-syscall 0.1.0\n                   linux-object 0.1.0\n            zcore 0.1.0\n            kernel-hal 0.1.0\n         async-io 1.13.0\n             async-std 1.12.0\n\nCrate:     critical-section\nVersion:   1.1.2\nWarning:   yanked\nDependency tree:\ncritical-section 1.1.2\n riscv 0.10.1\n     zcore-drivers 0.1.0\n        linux-object 0.1.0\n           zcore-loader 0.1.0\n              zcore 0.1.0\n           zcore 0.1.0\n           linux-syscall 0.1.0\n               zcore-loader 0.1.0\n        kernel-hal 0.1.0\n            zircon-syscall 0.1.0\n               zcore-loader 0.1.0\n            zircon-object 0.1.0\n               zircon-syscall 0.1.0\n               zcore-loader 0.1.0\n               zcore 0.1.0\n               linux-syscall 0.1.0\n               linux-object 0.1.0\n            zcore-loader 0.1.0\n            zcore 0.1.0\n            linux-syscall 0.1.0\n            linux-object 0.1.0\n     zcore 0.1.0\n     kernel-hal 0.1.0\n\nCrate:     futures-util\nVersion:   0.3.30\nWarning:   yanked\nDependency tree:\nfutures-util 0.3.30\n futures 0.3.30\n     zircon-syscall 0.1.0\n        zcore-loader 0.1.0\n            zcore 0.1.0\n     zircon-object 0.1.0\n        zircon-syscall 0.1.0\n        zcore-loader 0.1.0\n        zcore 0.1.0\n        linux-syscall 0.1.0\n           zcore-loader 0.1.0\n        linux-object 0.1.0\n            zcore-loader 0.1.0\n            zcore 0.1.0\n            linux-syscall 0.1.0\n     linux-syscall 0.1.0\n\nwarning: 3 allowed warnings found\n\n{\n  \"database\": {\n    \"advisory-count\": 726,\n    \"last-commit\": \"ffa26704690a3dc403edcd94baef103ee48f66eb\",\n    \"last-updated\": \"2025-01-22T17:11:51Z\"\n  },\n  \"lockfile\": {\n    \"dependency-count\": 224\n  },\n  \"settings\": {\n    \"target_arch\": [],\n    \"target_os\": [],\n    \"severity\": null,\n    \"ignore\": [],\n    \"informational_warnings\": [\n      \"unmaintained\",\n      \"unsound\",\n      \"notice\"\n    ]\n  },\n  \"vulnerabilities\": {\n    \"found\": false,\n    \"count\": 0,\n    \"list\": []\n  },\n  \"warnings\": {\n    \"unmaintained\": [\n      {\n        \"kind\": \"unmaintained\",\n        \"package\": {\n          \"name\": \"instant\",\n          \"version\": \"0.1.13\",\n          \"source\": \"registry+https://github.com/rust-lang/crates.io-index\",\n          \"checksum\": \"e0242819d153cba4b4b05a5a8f2a7e9bbf97b6055b2a002b395c96b5ff3c0222\",\n          \"dependencies\": [\n            {\n              \"name\": \"cfg-if\",\n              \"version\": \"1.0.0\",\n              \"source\": \"registry+https://github.com/rust-lang/crates.io-index\"\n            }\n          ],\n          \"replace\": null\n        },\n        \"advisory\": {\n          \"id\": \"RUSTSEC-2024-0384\",\n          \"package\": \"instant\",\n          \"title\": \"`instant` is unmaintained\",\n          \"description\": \"This crate is no longer maintained, and the author recommends using the maintained [`web-time`] crate instead.\\n\\n[`web-time`]: https://crates.io/crates/web-time\",\n          \"date\": \"2024-09-01\",\n          \"aliases\": [],\n          \"related\": [],\n          \"collection\": \"crates\",\n          \"categories\": [],\n          \"keywords\": [],\n          \"cvss\": null,\n          \"informational\": \"unmaintained\",\n          \"references\": [\n            \"https://crates.io/crates/instant/0.1.13\",\n            \"https://github.com/sebcrozet/instant/issues/52\"\n          ],\n          \"source\": null,\n          \"url\": null,\n          \"withdrawn\": null,\n          \"license\": \"CC0-1.0\"\n        },\n        \"affected\": null,\n        \"versions\": {\n          \"patched\": [],\n          \"unaffected\": []\n        }\n      }\n    ],\n    \"yanked\": [\n      {\n        \"kind\": \"yanked\",\n        \"package\": {\n          \"name\": \"critical-section\",\n          \"version\": \"1.1.2\",\n          \"source\": \"registry+https://github.com/rust-lang/crates.io-index\",\n          \"checksum\": \"7059fff8937831a9ae6f0fe4d658ffabf58f2ca96aa9dec1c889f936f705f216\",\n          \"replace\": null\n        },\n        \"advisory\": null,\n        \"affected\": null,\n        \"versions\": null\n      },\n      {\n        \"kind\": \"yanked\",\n        \"package\": {\n          \"name\": \"futures-util\",\n          \"version\": \"0.3.30\",\n          \"source\": \"registry+https://github.com/rust-lang/crates.io-index\",\n          \"checksum\": \"3d6401deb83407ab3da39eba7e33987a73c3df0c82b4bb5813ee871c19c41d48\",\n          \"dependencies\": [\n            {\n              \"name\": \"futures-core\",\n              \"version\": \"0.3.30\",\n              \"source\": \"registry+https://github.com/rust-lang/crates.io-index\"\n            },\n            {\n              \"name\": \"futures-macro\",\n              \"version\": \"0.3.30\",\n              \"source\": \"registry+https://github.com/rust-lang/crates.io-index\"\n            },\n            {\n              \"name\": \"futures-sink\",\n              \"version\": \"0.3.30\",\n              \"source\": \"registry+https://github.com/rust-lang/crates.io-index\"\n            },\n            {\n              \"name\": \"futures-task\",\n              \"version\": \"0.3.30\",\n              \"source\": \"registry+https://github.com/rust-lang/crates.io-index\"\n            },\n            {\n              \"name\": \"pin-project-lite\",\n              \"version\": \"0.2.14\",\n              \"source\": \"registry+https://github.com/rust-lang/crates.io-index\"\n            },\n            {\n              \"name\": \"pin-utils\",\n              \"version\": \"0.1.0\",\n              \"source\": \"registry+https://github.com/rust-lang/crates.io-index\"\n            }\n          ],\n          \"replace\": null\n        },\n        \"advisory\": null,\n        \"affected\": null,\n        \"versions\": null\n      }\n    ]\n  }\n}"
    },
    {
      "cmd_idx": 47,
      "file": "Cargo.lock",
      "kind": "Audit",
      "raw": "    Fetching advisory database from `https://github.com/RustSec/advisory-db.git`\n      Loaded 726 security advisories (from /home/runner/.cargo/advisory-db)\n    Updating crates.io index\n    Scanning Cargo.lock for vulnerabilities (224 crate dependencies)\nCrate:     instant\nVersion:   0.1.13\nWarning:   unmaintained\nTitle:     `instant` is unmaintained\nDate:      2024-09-01\nID:        RUSTSEC-2024-0384\nURL:       https://rustsec.org/advisories/RUSTSEC-2024-0384\nDependency tree:\ninstant 0.1.13\n fastrand 1.9.0\n     futures-lite 1.13.0\n         async-std 1.12.0\n            zcore-drivers 0.1.0\n               linux-object 0.1.0\n                  zcore-loader 0.1.0\n                     zcore 0.1.0\n                  zcore 0.1.0\n                  linux-syscall 0.1.0\n                      zcore-loader 0.1.0\n               kernel-hal 0.1.0\n                   zircon-syscall 0.1.0\n                      zcore-loader 0.1.0\n                   zircon-object 0.1.0\n                      zircon-syscall 0.1.0\n                      zcore-loader 0.1.0\n                      zcore 0.1.0\n                      linux-syscall 0.1.0\n                      linux-object 0.1.0\n                   zcore-loader 0.1.0\n                   zcore 0.1.0\n                   linux-syscall 0.1.0\n                   linux-object 0.1.0\n            zcore 0.1.0\n            kernel-hal 0.1.0\n         async-io 1.13.0\n             async-std 1.12.0\n\nCrate:     critical-section\nVersion:   1.1.2\nWarning:   yanked\nDependency tree:\ncritical-section 1.1.2\n riscv 0.10.1\n     zcore-drivers 0.1.0\n        linux-object 0.1.0\n           zcore-loader 0.1.0\n              zcore 0.1.0\n           zcore 0.1.0\n           linux-syscall 0.1.0\n               zcore-loader 0.1.0\n        kernel-hal 0.1.0\n            zircon-syscall 0.1.0\n               zcore-loader 0.1.0\n            zircon-object 0.1.0\n               zircon-syscall 0.1.0\n               zcore-loader 0.1.0\n               zcore 0.1.0\n               linux-syscall 0.1.0\n               linux-object 0.1.0\n            zcore-loader 0.1.0\n            zcore 0.1.0\n            linux-syscall 0.1.0\n            linux-object 0.1.0\n     zcore 0.1.0\n     kernel-hal 0.1.0\n\nCrate:     futures-util\nVersion:   0.3.30\nWarning:   yanked\nDependency tree:\nfutures-util 0.3.30\n futures 0.3.30\n     zircon-syscall 0.1.0\n        zcore-loader 0.1.0\n            zcore 0.1.0\n     zircon-object 0.1.0\n        zircon-syscall 0.1.0\n        zcore-loader 0.1.0\n        zcore 0.1.0\n        linux-syscall 0.1.0\n           zcore-loader 0.1.0\n        linux-object 0.1.0\n            zcore-loader 0.1.0\n            zcore 0.1.0\n            linux-syscall 0.1.0\n     linux-syscall 0.1.0\n\nwarning: 3 allowed warnings found\n\n{\n  \"database\": {\n    \"advisory-count\": 726,\n    \"last-commit\": \"ffa26704690a3dc403edcd94baef103ee48f66eb\",\n    \"last-updated\": \"2025-01-22T17:11:51Z\"\n  },\n  \"lockfile\": {\n    \"dependency-count\": 224\n  },\n  \"settings\": {\n    \"target_arch\": [],\n    \"target_os\": [],\n    \"severity\": null,\n    \"ignore\": [],\n    \"informational_warnings\": [\n      \"unmaintained\",\n      \"unsound\",\n      \"notice\"\n    ]\n  },\n  \"vulnerabilities\": {\n    \"found\": false,\n    \"count\": 0,\n    \"list\": []\n  },\n  \"warnings\": {\n    \"unmaintained\": [\n      {\n        \"kind\": \"unmaintained\",\n        \"package\": {\n          \"name\": \"instant\",\n          \"version\": \"0.1.13\",\n          \"source\": \"registry+https://github.com/rust-lang/crates.io-index\",\n          \"checksum\": \"e0242819d153cba4b4b05a5a8f2a7e9bbf97b6055b2a002b395c96b5ff3c0222\",\n          \"dependencies\": [\n            {\n              \"name\": \"cfg-if\",\n              \"version\": \"1.0.0\",\n              \"source\": \"registry+https://github.com/rust-lang/crates.io-index\"\n            }\n          ],\n          \"replace\": null\n        },\n        \"advisory\": {\n          \"id\": \"RUSTSEC-2024-0384\",\n          \"package\": \"instant\",\n          \"title\": \"`instant` is unmaintained\",\n          \"description\": \"This crate is no longer maintained, and the author recommends using the maintained [`web-time`] crate instead.\\n\\n[`web-time`]: https://crates.io/crates/web-time\",\n          \"date\": \"2024-09-01\",\n          \"aliases\": [],\n          \"related\": [],\n          \"collection\": \"crates\",\n          \"categories\": [],\n          \"keywords\": [],\n          \"cvss\": null,\n          \"informational\": \"unmaintained\",\n          \"references\": [\n            \"https://crates.io/crates/instant/0.1.13\",\n            \"https://github.com/sebcrozet/instant/issues/52\"\n          ],\n          \"source\": null,\n          \"url\": null,\n          \"withdrawn\": null,\n          \"license\": \"CC0-1.0\"\n        },\n        \"affected\": null,\n        \"versions\": {\n          \"patched\": [],\n          \"unaffected\": []\n        }\n      }\n    ],\n    \"yanked\": [\n      {\n        \"kind\": \"yanked\",\n        \"package\": {\n          \"name\": \"critical-section\",\n          \"version\": \"1.1.2\",\n          \"source\": \"registry+https://github.com/rust-lang/crates.io-index\",\n          \"checksum\": \"7059fff8937831a9ae6f0fe4d658ffabf58f2ca96aa9dec1c889f936f705f216\",\n          \"replace\": null\n        },\n        \"advisory\": null,\n        \"affected\": null,\n        \"versions\": null\n      },\n      {\n        \"kind\": \"yanked\",\n        \"package\": {\n          \"name\": \"futures-util\",\n          \"version\": \"0.3.30\",\n          \"source\": \"registry+https://github.com/rust-lang/crates.io-index\",\n          \"checksum\": \"3d6401deb83407ab3da39eba7e33987a73c3df0c82b4bb5813ee871c19c41d48\",\n          \"dependencies\": [\n            {\n              \"name\": \"futures-core\",\n              \"version\": \"0.3.30\",\n              \"source\": \"registry+https://github.com/rust-lang/crates.io-index\"\n            },\n            {\n              \"name\": \"futures-macro\",\n              \"version\": \"0.3.30\",\n              \"source\": \"registry+https://github.com/rust-lang/crates.io-index\"\n            },\n            {\n              \"name\": \"futures-sink\",\n              \"version\": \"0.3.30\",\n              \"source\": \"registry+https://github.com/rust-lang/crates.io-index\"\n            },\n            {\n              \"name\": \"futures-task\",\n              \"version\": \"0.3.30\",\n              \"source\": \"registry+https://github.com/rust-lang/crates.io-index\"\n            },\n            {\n              \"name\": \"pin-project-lite\",\n              \"version\": \"0.2.14\",\n              \"source\": \"registry+https://github.com/rust-lang/crates.io-index\"\n            },\n            {\n              \"name\": \"pin-utils\",\n              \"version\": \"0.1.0\",\n              \"source\": \"registry+https://github.com/rust-lang/crates.io-index\"\n            }\n          ],\n          \"replace\": null\n        },\n        \"advisory\": null,\n        \"affected\": null,\n        \"versions\": null\n      }\n    ]\n  }\n}"
    },
    {
      "cmd_idx": 52,
      "file": "[outdated direct dependencies]",
      "kind": "Outdated",
      "raw": "pkg=zcore, checker=Outdated\ntoolchain=nightly-2022-10-27, target=x86_64-unknown-linux-musl\nfeatures=\npkg_dir=/home/runner/check/batch_32/kern-crates/zCore\ncmd=cargo +nightly-2025-01-26-x86_64-unknown-linux-gnu outdated -R --exit-code=2\ntimestamp=2025-01-27 0:33:12.776075075 +08:00:00\n\nName                    Project  Compat  Latest  Kind    Platform\n----                    -------  ------  ------  ----    --------\nasync-std               1.12.0   1.13.0  1.13.0  Normal  cfg(not(target_os = \"none\"))\nbuddy_system_allocator  0.8.0    ---     0.11.0  Normal  cfg(all(target_os = \"none\", target_arch = \"x86_64\"))\nchrono                  0.4.38   0.4.39  0.4.39  Normal  cfg(not(target_os = \"none\"))\nlog                     0.4.21   0.4.25  0.4.25  Normal  ---\nriscv                   0.10.1   ---     0.12.1  Normal  cfg(any(target_arch = \"riscv32\", target_arch = \"riscv64\"))\nsbi-rt                  0.0.2    ---     0.0.3   Normal  cfg(any(target_arch = \"riscv32\", target_arch = \"riscv64\"))\n"
    },
    {
      "cmd_idx": 53,
      "file": "[outdated direct dependencies]",
      "kind": "Outdated",
      "raw": "pkg=zcore, checker=Outdated\ntoolchain=nightly-2022-10-27, target=x86_64-unknown-uefi\nfeatures=\npkg_dir=/home/runner/check/batch_32/kern-crates/zCore\ncmd=cargo +nightly-2025-01-26-x86_64-unknown-linux-gnu outdated -R --exit-code=2\ntimestamp=2025-01-27 0:33:14.355875709 +08:00:00\n\nName                    Project  Compat  Latest  Kind    Platform\n----                    -------  ------  ------  ----    --------\nasync-std               1.12.0   1.13.0  1.13.0  Normal  cfg(not(target_os = \"none\"))\nbuddy_system_allocator  0.8.0    ---     0.11.0  Normal  cfg(all(target_os = \"none\", target_arch = \"x86_64\"))\nchrono                  0.4.38   0.4.39  0.4.39  Normal  cfg(not(target_os = \"none\"))\nlog                     0.4.21   0.4.25  0.4.25  Normal  ---\nriscv                   0.10.1   ---     0.12.1  Normal  cfg(any(target_arch = \"riscv32\", target_arch = \"riscv64\"))\nsbi-rt                  0.0.2    ---     0.0.3   Normal  cfg(any(target_arch = \"riscv32\", target_arch = \"riscv64\"))\n"
    },
    {
      "cmd_idx": 54,
      "file": "(virtual) clippy",
      "kind": "Cargo",
      "raw": "// pkg_name=zcore, checker=Clippy\n// toolchain=nightly-2022-10-27, target=x86_64-unknown-linux-musl\n// features=\n// pkg_dir=/home/runner/check/batch_32/kern-crates/zCore\n// cmd=cargo clippy --target x86_64-unknown-linux-musl  --no-deps\n// timestamp=2025-01-27 0:32:31.20752191 +08:00:00\n    Updating git repository `https://github.com/elliott10/rcore-fs`\n    Updating git repository `https://github.com/kern-crates/zcore-linux-object.git`\n    Updating git repository `https://github.com/kern-crates/zcore-loader.git`\n    Updating git repository `https://github.com/Luchangcheng2333/rayboot`\n    Updating git repository `https://github.com/rcore-os/rboot.git`\n    Updating git repository `https://github.com/kern-crates/zcore-linux-syscall.git`\n    Updating git repository `https://github.com/kern-crates/zcore-zircon-syscall.git`\n    Updating git repository `https://github.com/rcore-os/rcore-console`\n Downloading crates ...\n  Downloaded bit v0.1.1\n  Downloaded autocfg v1.3.0\n  Downloaded bitflags v2.6.0\n  Downloaded bit-iter v1.2.0\n  Downloaded git-version-macro v0.3.9\n  Downloaded futures-sink v0.3.30\n  Downloaded cfg-if v1.0.0\n  Downloaded acpi v4.1.1\n  Downloaded futures-task v0.3.30\n  Downloaded zero v0.1.3\n  Downloaded futures-macro v0.3.30\n  Downloaded numeric-enum-macro v0.2.0\n  Downloaded customizable-buddy v0.0.3\n  Downloaded rsdp v2.0.1\n  Downloaded volatile v0.3.0\n  Downloaded lock_api v0.4.12\n  Downloaded git-version v0.3.9\n  Downloaded futures-channel v0.3.30\n  Downloaded scopeguard v1.2.0\n  Downloaded x2apic v0.4.3\n  Downloaded trapframe v0.9.0\n  Downloaded volatile v0.4.6\n  Downloaded futures-core v0.3.30\n  Downloaded byteorder v1.5.0\n  Downloaded woke v0.0.2\n  Downloaded managed v0.8.0\n  Downloaded pin-project-lite v0.2.14\n  Downloaded rustversion v1.0.17\n  Downloaded futures-io v0.3.30\n  Downloaded quote v1.0.36\n  Downloaded xmas-elf v0.7.0\n  Downloaded paste v1.0.15\n  Downloaded futures v0.3.30\n  Downloaded pin-utils v0.1.0\n  Downloaded spin v0.9.8\n  Downloaded proc-macro2 v1.0.86\n  Downloaded hashbrown v0.9.1\n  Downloaded unicode-ident v1.0.12\n  Downloaded x86_64 v0.14.12\n  Downloaded ahash v0.4.8\n  Downloaded raw-cpuid v10.7.0\n  Downloaded futures-util v0.3.30\n  Downloaded syn v2.0.68\n  Downloaded downcast-rs v1.2.1\n  Downloaded bit_field v0.10.2\n  Downloaded x86 v0.46.0\n  Downloaded lazy_static v1.5.0\n  Downloaded bitflags v1.3.2\n    Checking bitflags v1.3.2\n    Checking bit_field v0.10.2\n   Compiling proc-macro2 v1.0.86\n   Compiling autocfg v1.3.0\n   Compiling rustversion v1.0.17\n   Compiling unicode-ident v1.0.12\n    Checking log v0.4.21\n    Checking scopeguard v1.2.0\n    Checking raw-cpuid v10.7.0\n   Compiling lock_api v0.4.12\n   Compiling quote v1.0.36\n    Checking bitflags v2.6.0\n    Checking volatile v0.4.6\n   Compiling syn v2.0.68\n    Checking spin v0.9.8\n   Compiling paste v1.0.15\n    Checking x86_64 v0.14.12\n    Checking cfg-if v1.0.0\n    Checking volatile v0.3.0\n    Checking lazy_static v1.5.0\n    Checking rsdp v2.0.1\n   Compiling trapframe v0.9.0\n   Compiling x86 v0.46.0\n    Checking bit v0.1.1\n    Checking managed v0.8.0\n    Checking futures-core v0.3.30\n    Checking byteorder v1.5.0\n    Checking futures-sink v0.3.30\n    Checking x2apic v0.4.3\n    Checking lock v0.1.0 (https://github.com/DeathWish5/kernel-sync?rev=8486b8#8486b817)\n    Checking smoltcp v0.8.0 (https://github.com/smoltcp-rs/smoltcp?rev=35e833e3#35e833e3)\n    Checking acpi v4.1.1\n    Checking virtio-drivers v0.1.0 (https://github.com/rcore-os/virtio-drivers?rev=2aaf7d6#2aaf7d60)\n    Checking isomorphic_drivers v0.1.0 (https://github.com/rcore-os/isomorphic_drivers?rev=f7cd97a8#f7cd97a8)\n    Checking pci v0.0.1 (https://github.com/elliott10/pci-rs?rev=8f33774b#8f33774b)\n    Checking bitmap-allocator v0.1.0 (https://github.com/rcore-os/bitmap-allocator?rev=88e871a5#88e871a5)\n    Checking pin-project-lite v0.2.14\n    Checking futures-task v0.3.30\n    Checking pin-utils v0.1.0\n    Checking device_tree v1.0.3 (https://github.com/rcore-os/device_tree-rs?rev=2f2e55f#2f2e55fb)\n    Checking numeric-enum-macro v0.2.0\n    Checking futures-channel v0.3.30\n    Checking uniset v0.2.0 (https://github.com/pleasewhy/uniset?rev=40edbd7506979daa1d49f935b568873a6a21c5c0#40edbd75)\n    Checking futures-io v0.3.30\n    Checking ahash v0.4.8\n    Checking zero v0.1.3\n    Checking xmas-elf v0.7.0\n    Checking zcore-drivers v0.1.0 (https://github.com/kern-crates/zcore-drivers.git?rev=91c574e0#91c574e0)\n    Checking hashbrown v0.9.1\n    Checking unicycle v0.7.1 (https://github.com/pleasewhy/unicycle?rev=904f1c061d4784a5642e092d308cf523a9270c6e#904f1c06)\n    Checking bit-iter v1.2.0\n    Checking downcast-rs v1.2.1\n    Checking region-alloc v0.1.0 (https://github.com/rzswh/region-allocator?rev=122c7a71#122c7a71)\n    Checking woke v0.0.2\n   Compiling zcore v0.1.0 (/home/runner/check/batch_32/kern-crates/zCore)\n    Checking executor v0.1.0 (https://github.com/DeathWish5/PreemptiveScheduler?rev=e8cd353#e8cd3531)\n    Checking customizable-buddy v0.0.3\n   Compiling futures-macro v0.3.30\n   Compiling git-version-macro v0.3.9\n    Checking git-version v0.3.9\n    Checking kernel-hal v0.1.0 (https://github.com/kern-crates/zcore-kernel-hal.git?rev=eae409f2#eae409f2)\n    Checking futures-util v0.3.30\nerror: could not compile `kernel-hal` due to 16 previous errors\nwarning: build failed, waiting for other jobs to finish...\n"
    },
    {
      "cmd_idx": 55,
      "file": "(virtual) clippy",
      "kind": "Cargo",
      "raw": "// pkg_name=zcore, checker=Clippy\n// toolchain=nightly-2022-10-27, target=x86_64-unknown-uefi\n// features=\n// pkg_dir=/home/runner/check/batch_32/kern-crates/zCore\n// cmd=cargo clippy --target x86_64-unknown-uefi  --no-deps\n// timestamp=2025-01-27 0:32:41.992204912 +08:00:00\n    Checking bitflags v1.3.2\n    Checking bit_field v0.10.2\n    Checking log v0.4.21\n   Compiling lock_api v0.4.12\nerror: could not compile `bitflags` due to 4 previous errors\nwarning: build failed, waiting for other jobs to finish...\nerror: could not compile `bit_field` due to 16 previous errors\nerror: could not compile `log` due to 108 previous errors\n"
    },
    {
      "cmd_idx": 56,
      "file": "(virtual) lockbud",
      "kind": "Cargo",
      "raw": "// pkg_name=zcore, checker=Lockbud\n// toolchain=nightly-2022-10-27, target=x86_64-unknown-uefi\n// features=\n// pkg_dir=/home/runner/check/batch_32/kern-crates/zCore\n// cmd=cargo +nightly-2024-12-01 lockbud -k all -- --target x86_64-unknown-uefi \n// timestamp=2025-01-27 0:32:50.619214448 +08:00:00\n    Updating crates.io index\n Downloading crates ...\n  Downloaded bit-iter v1.2.0\n  Downloaded pin-project-lite v0.2.14\n  Downloaded futures-macro v0.3.30\n  Downloaded futures-io v0.3.30\n  Downloaded futures-core v0.3.30\n  Downloaded futures-channel v0.3.30\n  Downloaded woke v0.0.2\n  Downloaded xmas-elf v0.7.0\n  Downloaded x86_64 v0.14.12\n  Downloaded futures-sink v0.3.30\n  Downloaded futures-task v0.3.30\n  Downloaded customizable-buddy v0.0.3\n  Downloaded futures-util v0.3.30\n  Downloaded futures v0.3.30\n  Downloaded syn v2.0.68\n   Compiling bitflags v1.3.2\n   Compiling bit_field v0.10.2\n   Compiling autocfg v1.3.0\n   Compiling proc-macro2 v1.0.86\nerror[E0463]: can't find crate for `core`\n  |\n  = note: the `x86_64-unknown-uefi` target may not be installed\n  = help: consider downloading the target with `rustup target add x86_64-unknown-uefi`\n  = help: consider building the standard library from source with `cargo build -Zbuild-std`\n\nFor more information about this error, try `rustc --explain E0463`.\nerror: could not compile `bit_field` (lib) due to 1 previous error\nwarning: build failed, waiting for other jobs to finish...\nerror: could not compile `bitflags` (lib) due to 1 previous error\n"
    },
    {
      "cmd_idx": 57,
      "file": "(virtual) lockbud",
      "kind": "Cargo",
      "raw": "// pkg_name=zcore, checker=Lockbud\n// toolchain=nightly-2022-10-27, target=x86_64-unknown-linux-musl\n// features=\n// pkg_dir=/home/runner/check/batch_32/kern-crates/zCore\n// cmd=cargo +nightly-2024-12-01 lockbud -k all -- --target x86_64-unknown-linux-musl \n// timestamp=2025-01-27 0:32:51.228311477 +08:00:00\n   Compiling bitflags v1.3.2\n   Compiling bit_field v0.10.2\n   Compiling lock_api v0.4.12\n   Compiling proc-macro2 v1.0.86\n   Compiling rustversion v1.0.17\n   Compiling unicode-ident v1.0.12\n   Compiling log v0.4.21\n   Compiling scopeguard v1.2.0\n[2025-01-26T16:32:51Z WARN  lockbud::callbacks] [\n      {\n        \"AtomicityViolation\": {\n          \"bug_kind\": \"AtomicityViolation\",\n          \"possibility\": \"Possibly\",\n          \"diagnosis\": {\n            \"fn_name\": \"set_logger_racy\",\n            \"atomic_reader\": \"/home/runner/.cargo/registry/src/index.crates.io-6f17d22bba15001f/log-0.4.21/src/lib.rs:1408:11: 1408:39 (#0)\",\n            \"atomic_writer\": \"/home/runner/.cargo/registry/src/index.crates.io-6f17d22bba15001f/log-0.4.21/src/lib.rs:1411:13: 1411:55 (#0)\",\n            \"dep_kind\": \"Control\"\n          },\n          \"explanation\": \"atomic::store is data/control dependent on atomic::load\"\n        }\n      }\n    ]\n[2025-01-26T16:32:51Z WARN  lockbud::callbacks] crate log contains bugs: { probably: 0, possibly: 0 }, conflictlock: { probably: 0, possibly: 0 }, condvar_deadlock: { probably: 0, possibly: 0 }, atomicity_violation: { possibly: 1 }, invalid_free: { possibly: 0 }, use_after_free: { possibly: 0 }\n   Compiling raw-cpuid v10.7.0\n   Compiling volatile v0.4.6\n   Compiling bitflags v2.6.0\n   Compiling quote v1.0.36\n   Compiling syn v2.0.68\n   Compiling spin v0.9.8\n   Compiling x86_64 v0.14.12\n   Compiling paste v1.0.15\n   Compiling volatile v0.3.0\n   Compiling cfg-if v1.0.0\nerror[E0053]: method `steps_between` has an incompatible type for trait\n   --> /home/runner/.cargo/registry/src/index.crates.io-6f17d22bba15001f/x86_64-0.14.12/src/addr.rs:382:51\n    |\n382 |     fn steps_between(start: &Self, end: &Self) -> Option<usize> {\n    |                                                   ^^^^^^^^^^^^^ expected `(usize, Option<usize>)`, found `core::option::Option<usize>`\n    |\n    = note: expected signature `fn(&addr::VirtAddr, &addr::VirtAddr) -> (usize, core::option::Option<usize>)`\n               found signature `fn(&addr::VirtAddr, &addr::VirtAddr) -> core::option::Option<usize>`\nhelp: change the output type to match the trait\n    |\n382 |     fn steps_between(start: &Self, end: &Self) -> (usize, core::option::Option<usize>) {\n    |                                                   ~~~~~~~~~~~~~~~~~~~~~~~~~~~~~~~~~~~~\n\nerror[E0053]: method `steps_between` has an incompatible type for trait\n   --> /home/runner/.cargo/registry/src/index.crates.io-6f17d22bba15001f/x86_64-0.14.12/src/structures/paging/page.rs:282:51\n    |\n282 |     fn steps_between(start: &Self, end: &Self) -> Option<usize> {\n    |                                                   ^^^^^^^^^^^^^ expected `(usize, Option<usize>)`, found `core::option::Option<usize>`\n    |\n    = note: expected signature `fn(&structures::paging::page::Page<_>, &structures::paging::page::Page<_>) -> (usize, core::option::Option<usize>)`\n               found signature `fn(&structures::paging::page::Page<_>, &structures::paging::page::Page<_>) -> core::option::Option<usize>`\nhelp: change the output type to match the trait\n    |\n282 |     fn steps_between(start: &Self, end: &Self) -> (usize, core::option::Option<usize>) {\n    |                                                   ~~~~~~~~~~~~~~~~~~~~~~~~~~~~~~~~~~~~\n\n   Compiling lazy_static v1.5.0\n   Compiling rsdp v2.0.1\n   Compiling futures-sink v0.3.30\n   Compiling x86 v0.46.0\n   Compiling trapframe v0.9.0\n   Compiling managed v0.8.0\n   Compiling byteorder v1.5.0\n   Compiling bit v0.1.1\n   Compiling futures-core v0.3.30\n   Compiling smoltcp v0.8.0 (https://github.com/smoltcp-rs/smoltcp?rev=35e833e3#35e833e3)\nFor more information about this error, try `rustc --explain E0053`.\nerror: could not compile `x86_64` (lib) due to 2 previous errors\nwarning: build failed, waiting for other jobs to finish...\n"
    },
    {
      "cmd_idx": 58,
      "file": "(virtual) rapx",
      "kind": "Cargo",
      "raw": "// pkg_name=zcore, checker=Rapx\n// toolchain=nightly-2022-10-27, target=x86_64-unknown-linux-musl\n// features=\n// pkg_dir=/home/runner/check/batch_32/kern-crates/zCore\n// cmd=cargo +nightly-2024-10-12 rapx -F -M -- --target x86_64-unknown-linux-musl \n// timestamp=2025-01-27 0:32:59.514407388 +08:00:00\n    Checking bitflags v1.3.2\n    Checking bit_field v0.10.2\n   Compiling proc-macro2 v1.0.86\n   Compiling autocfg v1.3.0\n    Checking log v0.4.21\n   Compiling rustversion v1.0.17\n   Compiling unicode-ident v1.0.12\n    Checking scopeguard v1.2.0\n   Compiling lock_api v0.4.12\n    Checking raw-cpuid v10.7.0\n   Compiling quote v1.0.36\n    Checking volatile v0.4.6\n    Checking bitflags v2.6.0\n   Compiling syn v2.0.68\n    Checking spin v0.9.8\n   Compiling paste v1.0.15\n    Checking x86_64 v0.14.12\n    Checking cfg-if v1.0.0\n    Checking volatile v0.3.0\n    Checking lazy_static v1.5.0\n    Checking rsdp v2.0.1\n   Compiling x86 v0.46.0\n    Checking byteorder v1.5.0\n   Compiling trapframe v0.9.0\n    Checking futures-sink v0.3.30\n    Checking managed v0.8.0\n    Checking bit v0.1.1\n    Checking futures-core v0.3.30\n    Checking x2apic v0.4.3\n    Checking smoltcp v0.8.0 (https://github.com/smoltcp-rs/smoltcp?rev=35e833e3#35e833e3)\n    Checking lock v0.1.0 (https://github.com/DeathWish5/kernel-sync?rev=8486b8#8486b817)\n    Checking acpi v4.1.1\n    Checking isomorphic_drivers v0.1.0 (https://github.com/rcore-os/isomorphic_drivers?rev=f7cd97a8#f7cd97a8)\n    Checking virtio-drivers v0.1.0 (https://github.com/rcore-os/virtio-drivers?rev=2aaf7d6#2aaf7d60)\n    Checking pci v0.0.1 (https://github.com/elliott10/pci-rs?rev=8f33774b#8f33774b)\n    Checking bitmap-allocator v0.1.0 (https://github.com/rcore-os/bitmap-allocator?rev=88e871a5#88e871a5)\n    Checking numeric-enum-macro v0.2.0\n    Checking pin-utils v0.1.0\n    Checking futures-task v0.3.30\n    Checking pin-project-lite v0.2.14\n    Checking device_tree v1.0.3 (https://github.com/rcore-os/device_tree-rs?rev=2f2e55f#2f2e55fb)\n    Checking futures-channel v0.3.30\n    Checking zero v0.1.3\n    Checking zcore-drivers v0.1.0 (https://github.com/kern-crates/zcore-drivers.git?rev=91c574e0#91c574e0)\n    Checking uniset v0.2.0 (https://github.com/pleasewhy/uniset?rev=40edbd7506979daa1d49f935b568873a6a21c5c0#40edbd75)\n    Checking ahash v0.4.8\n    Checking futures-io v0.3.30\n    Checking hashbrown v0.9.1\n    Checking unicycle v0.7.1 (https://github.com/pleasewhy/unicycle?rev=904f1c061d4784a5642e092d308cf523a9270c6e#904f1c06)\n    Checking xmas-elf v0.7.0\n    Checking woke v0.0.2\n    Checking downcast-rs v1.2.1\n    Checking bit-iter v1.2.0\n    Checking region-alloc v0.1.0 (https://github.com/rzswh/region-allocator?rev=122c7a71#122c7a71)\n    Checking executor v0.1.0 (https://github.com/DeathWish5/PreemptiveScheduler?rev=e8cd353#e8cd3531)\n   Compiling zcore v0.1.0 (/home/runner/check/batch_32/kern-crates/zCore)\nerror[E0635]: unknown feature `btree_drain_filter`\n --> /home/runner/.cargo/git/checkouts/region-allocator-4314ed0cadd5612c/122c7a7/src/lib.rs:2:12\n  |\n2 | #![feature(btree_drain_filter)]\n  |            ^^^^^^^^^^^^^^^^^^\n\nerror[E0599]: no method named `drain_filter` found for struct `BTreeSet` in the current scope\n   --> /home/runner/.cargo/git/checkouts/region-allocator-4314ed0cadd5612c/122c7a7/src/lib.rs:120:14\n    |\n119 | /         self.regions\n120 | |             .drain_filter(|r| {\n    | |             -^^^^^^^^^^^^ method not found in `BTreeSet<Region>`\n    | |_____________|\n    |\n\nSome errors have detailed explanations: E0599, E0635.\nFor more information about an error, try `rustc --explain E0599`.\nerror: could not compile `region-alloc` (lib) due to 2 previous errors\nwarning: build failed, waiting for other jobs to finish...\nerror[E0557]: feature has been removed\n --> /home/runner/.cargo/git/checkouts/preemptivescheduler-e01deaea16659384/e8cd353/src/lib.rs:4:12\n  |\n4 | #![feature(generators, generator_trait)]\n  |            ^^^^^^^^^^ feature has been removed\n  |\n  = note: renamed to `coroutines`\n\nerror[E0432]: unresolved imports `core::ops::Generator`, `core::ops::GeneratorState`\n --> /home/runner/.cargo/git/checkouts/preemptivescheduler-e01deaea16659384/e8cd353/src/task_collection.rs:6:17\n  |\n6 | use core::ops::{Generator, GeneratorState};\n  |                 ^^^^^^^^^  ^^^^^^^^^^^^^^ no `GeneratorState` in `ops`\n  |                 |\n  |                 no `Generator` in `ops`\n\nerror[E0658]: yield syntax is experimental\n   --> /home/runner/.cargo/git/checkouts/preemptivescheduler-e01deaea16659384/e8cd353/src/task_collection.rs:227:33\n    |\n227 | ...                   yield found_key;\n    |                       ^^^^^^^^^^^^^^^\n    |\n    = note: see issue #43122 <https://github.com/rust-lang/rust/issues/43122> for more information\n    = help: add `#![feature(coroutines)]` to the crate attributes to enable\n    = note: this compiler was built on 2024-10-11; consider upgrading it if it is out of date\n\nerror[E0658]: yield syntax is experimental\n   --> /home/runner/.cargo/git/checkouts/preemptivescheduler-e01deaea16659384/e8cd353/src/task_collection.rs:244:17\n    |\n244 |                 yield None;\n    |                 ^^^^^^^^^^\n    |\n    = note: see issue #43122 <https://github.com/rust-lang/rust/issues/43122> for more information\n    = help: add `#![feature(coroutines)]` to the crate attributes to enable\n    = note: this compiler was built on 2024-10-11; consider upgrading it if it is out of date\n\nerror: `yield` can only be used in `#[coroutine]` closures, or `gen` blocks\n   --> /home/runner/.cargo/git/checkouts/preemptivescheduler-e01deaea16659384/e8cd353/src/task_collection.rs:227:33\n    |\n227 | ...                   yield found_key;\n    |                       ^^^^^^^^^^^^^^^\n    |\nhelp: use `#[coroutine]` to make this closure a coroutine\n    |\n212 |         #[coroutine] static move || {\n    |         ++++++++++++\n\nerror[E0635]: unknown feature `generator_trait`\n --> /home/runner/.cargo/git/checkouts/preemptivescheduler-e01deaea16659384/e8cd353/src/lib.rs:4:24\n  |\n4 | #![feature(generators, generator_trait)]\n  |                        ^^^^^^^^^^^^^^^\n\nerror[E0635]: unknown feature `atomic_mut_ptr`\n --> /home/runner/.cargo/git/checkouts/preemptivescheduler-e01deaea16659384/e8cd353/src/lib.rs:6:12\n  |\n6 | #![feature(atomic_mut_ptr)]\n  |            ^^^^^^^^^^^^^^\n\nSome errors have detailed explanations: E0432, E0557, E0635, E0658.\nFor more information about an error, try `rustc --explain E0432`.\nerror: could not compile `executor` (lib) due to 9 previous errors\n16:33:05|RAP|ERROR|: Finished with non-zero exit code.\n"
    },
    {
      "cmd_idx": 59,
      "file": "(virtual) rapx",
      "kind": "Cargo",
      "raw": "// pkg_name=zcore, checker=Rapx\n// toolchain=nightly-2022-10-27, target=x86_64-unknown-uefi\n// features=\n// pkg_dir=/home/runner/check/batch_32/kern-crates/zCore\n// cmd=cargo +nightly-2024-10-12 rapx -F -M -- --target x86_64-unknown-uefi \n// timestamp=2025-01-27 0:33:05.597081611 +08:00:00\n    Checking bitflags v1.3.2\n    Checking bit_field v0.10.2\n   Compiling proc-macro2 v1.0.86\n   Compiling autocfg v1.3.0\nerror[E0463]: can't find crate for `core`\n  |\n  = note: the `x86_64-unknown-uefi` target may not be installed\n  = help: consider downloading the target with `rustup target add x86_64-unknown-uefi`\n  = help: consider building the standard library from source with `cargo build -Zbuild-std`\n\nFor more information about this error, try `rustc --explain E0463`.\nerror: could not compile `bit_field` (lib) due to 1 previous error\nwarning: build failed, waiting for other jobs to finish...\nerror: could not compile `bitflags` (lib) due to 1 previous error\n16:33:06|RAP|ERROR|: Finished with non-zero exit code.\n"
    },
    {
      "cmd_idx": 63,
      "file": "src/bin/hello.rs",
      "kind": "Clippy(Error)",
      "raw": "error[E0463]: can't find crate for `std`\n  |\n  = note: the `x86_64-unknown-uefi` target may not be installed\n  = help: consider downloading the target with `rustup target add x86_64-unknown-uefi`\n  = help: consider building the standard library from source with `cargo build -Zbuild-std`\n\n"
    },
    {
      "cmd_idx": 63,
      "file": "src/bin/hello.rs",
      "kind": "Clippy(Error)",
      "raw": "error: cannot find macro `println` in this scope\n --> src/bin/hello.rs:2:5\n  |\n2 |     println!(\"Hello, zCore!\");\n  |     ^^^^^^^\n\n"
    },
    {
      "cmd_idx": 63,
      "file": "unkonwn-but-maybe-important",
      "kind": "Clippy(Error)",
      "raw": "error: requires `sized` lang_item\n\n"
    },
    {
      "cmd_idx": 70,
      "file": "(virtual) clippy",
      "kind": "Cargo",
      "raw": "// pkg_name=zircon-user, checker=Clippy\n// toolchain=nightly-2022-01-20, target=x86_64-unknown-uefi\n// features=\n// pkg_dir=/home/runner/check/batch_32/kern-crates/zCore/zcore-zircon-user\n// cmd=cargo clippy --target x86_64-unknown-uefi  --no-deps\n// timestamp=2025-01-27 0:32:46.002679659 +08:00:00\n    Checking zircon-user v0.1.0 (/home/runner/check/batch_32/kern-crates/zCore/zcore-zircon-user)\nerror: could not compile `zircon-user` due to 4 previous errors\n"
    },
    {
      "cmd_idx": 71,
      "file": "(virtual) lockbud",
      "kind": "Cargo",
      "raw": "// pkg_name=zircon-user, checker=Lockbud\n// toolchain=nightly-2022-01-20, target=x86_64-unknown-uefi\n// features=\n// pkg_dir=/home/runner/check/batch_32/kern-crates/zCore/zcore-zircon-user\n// cmd=cargo +nightly-2024-12-01 lockbud -k all -- --target x86_64-unknown-uefi \n// timestamp=2025-01-27 0:32:56.342129384 +08:00:00\nwarning: `/home/runner/check/batch_32/kern-crates/zCore/zcore-zircon-user/.cargo/config` is deprecated in favor of `config.toml`\nnote: if you need to support cargo 1.38 or earlier, you can symlink `config` to `config.toml`\nwarning: `/home/runner/check/batch_32/kern-crates/zCore/zcore-zircon-user/.cargo/config` is deprecated in favor of `config.toml`\nnote: if you need to support cargo 1.38 or earlier, you can symlink `config` to `config.toml`\n   Compiling zircon-user v0.1.0 (/home/runner/check/batch_32/kern-crates/zCore/zcore-zircon-user)\nerror[E0463]: can't find crate for `std`\n  |\n  = note: the `x86_64-unknown-uefi` target may not be installed\n  = help: consider downloading the target with `rustup target add x86_64-unknown-uefi`\n  = help: consider building the standard library from source with `cargo build -Zbuild-std`\n\nFor more information about this error, try `rustc --explain E0463`.\nerror: could not compile `zircon-user` (bin \"hello\") due to 1 previous error\n"
    },
    {
      "cmd_idx": 72,
      "file": "(virtual) rapx",
      "kind": "Cargo",
      "raw": "// pkg_name=zircon-user, checker=Rapx\n// toolchain=nightly-2022-01-20, target=x86_64-unknown-uefi\n// features=\n// pkg_dir=/home/runner/check/batch_32/kern-crates/zCore/zcore-zircon-user\n// cmd=cargo +nightly-2024-10-12 rapx -F -M -- --target x86_64-unknown-uefi \n// timestamp=2025-01-27 0:33:06.668440819 +08:00:00\nwarning: `/home/runner/check/batch_32/kern-crates/zCore/zcore-zircon-user/.cargo/config` is deprecated in favor of `config.toml`\nnote: if you need to support cargo 1.38 or earlier, you can symlink `config` to `config.toml`\nwarning: `/home/runner/check/batch_32/kern-crates/zCore/zcore-zircon-user/.cargo/config` is deprecated in favor of `config.toml`\nnote: if you need to support cargo 1.38 or earlier, you can symlink `config` to `config.toml`\n    Checking zircon-user v0.1.0 (/home/runner/check/batch_32/kern-crates/zCore/zcore-zircon-user)\nerror[E0463]: can't find crate for `std`\n  |\n  = note: the `x86_64-unknown-uefi` target may not be installed\n  = help: consider downloading the target with `rustup target add x86_64-unknown-uefi`\n  = help: consider building the standard library from source with `cargo build -Zbuild-std`\n\nFor more information about this error, try `rustc --explain E0463`.\nerror: could not compile `zircon-user` (bin \"hello\") due to 1 previous error\n16:33:07|RAP|ERROR|: Finished with non-zero exit code.\n"
    },
    {
      "cmd_idx": 73,
      "file": "(virtual) outdated",
      "kind": "Cargo",
      "raw": "// pkg_name=zircon-user, checker=Outdated\n// toolchain=nightly-2022-01-20, target=x86_64-unknown-linux-musl\n// features=\n// pkg_dir=/home/runner/check/batch_32/kern-crates/zCore/zcore-zircon-user\n// cmd=cargo +nightly-2025-01-26-x86_64-unknown-linux-gnu outdated -R --exit-code=2\n// timestamp=2025-01-27 0:33:14.357080074 +08:00:00\nwarning: `/home/runner/check/batch_32/kern-crates/zCore/zcore-zircon-user/.cargo/config` is deprecated in favor of `config.toml`\nnote: if you need to support cargo 1.38 or earlier, you can symlink `config` to `config.toml`\nwarning: `/home/runner/check/batch_32/kern-crates/zCore/zcore-zircon-user/.cargo/config` is deprecated in favor of `config.toml`\nnote: if you need to support cargo 1.38 or earlier, you can symlink `config` to `config.toml`\nerror: failed to run `rustc` to learn about target-specific information\n\nCaused by:\n  process didn't exit successfully: `/home/runner/.rustup/toolchains/nightly-2025-01-26-x86_64-unknown-linux-gnu/bin/rustc - --crate-name ___ --print=file-names -L ../prebuilt/zircon/x64 --target x86_64-fuchsia --crate-type bin --crate-type rlib --crate-type dylib --crate-type cdylib --crate-type staticlib --crate-type proc-macro --print=sysroot --print=split-debuginfo --print=crate-name --print=cfg` (exit status: 1)\n  --- stderr\n  error: Error loading target specification: Could not find specification for target \"x86_64-fuchsia\". Run `rustc --print target-list` for a list of built-in targets\n\n"
    },
    {
      "cmd_idx": 74,
      "file": "(virtual) outdated",
      "kind": "Cargo",
      "raw": "// pkg_name=zircon-user, checker=Outdated\n// toolchain=nightly-2022-01-20, target=x86_64-unknown-uefi\n// features=\n// pkg_dir=/home/runner/check/batch_32/kern-crates/zCore/zcore-zircon-user\n// cmd=cargo +nightly-2025-01-26-x86_64-unknown-linux-gnu outdated -R --exit-code=2\n// timestamp=2025-01-27 0:33:14.400493108 +08:00:00\nwarning: `/home/runner/check/batch_32/kern-crates/zCore/zcore-zircon-user/.cargo/config` is deprecated in favor of `config.toml`\nnote: if you need to support cargo 1.38 or earlier, you can symlink `config` to `config.toml`\nwarning: `/home/runner/check/batch_32/kern-crates/zCore/zcore-zircon-user/.cargo/config` is deprecated in favor of `config.toml`\nnote: if you need to support cargo 1.38 or earlier, you can symlink `config` to `config.toml`\nerror: failed to run `rustc` to learn about target-specific information\n\nCaused by:\n  process didn't exit successfully: `/home/runner/.rustup/toolchains/nightly-2025-01-26-x86_64-unknown-linux-gnu/bin/rustc - --crate-name ___ --print=file-names -L ../prebuilt/zircon/x64 --target x86_64-fuchsia --crate-type bin --crate-type rlib --crate-type dylib --crate-type cdylib --crate-type staticlib --crate-type proc-macro --print=sysroot --print=split-debuginfo --print=crate-name --print=cfg` (exit status: 1)\n  --- stderr\n  error: Error loading target specification: Could not find specification for target \"x86_64-fuchsia\". Run `rustc --print target-list` for a list of built-in targets\n\n"
    }
  ]
}