{
  "env": {
    "tools": {
      "rust_toolchains": {
        "host": {
          "version": "1.85.0-nightly (7c002ff9a 2024-12-25)",
          "commit_hash": "7c002ff9a70cb84fd1a91bc7b4a0f988cfc36fca",
          "commit_date": "2024-12-25",
          "host": "x86_64-unknown-linux-gnu",
          "release": "1.85.0-nightly",
          "llvm_version": "19.1.6"
        },
        "installed": [
          {
            "channel": "nightly-2024-12-26-x86_64-unknown-linux-gnu",
            "profile": null,
            "targets": [
              "x86_64-unknown-linux-gnu"
            ],
            "components": [
              "cargo-x86_64-unknown-linux-gnu",
              "clippy-x86_64-unknown-linux-gnu",
              "rust-std-x86_64-unknown-linux-gnu",
              "rustc-x86_64-unknown-linux-gnu",
              "rustfmt-x86_64-unknown-linux-gnu"
            ],
            "toml_path": "/home/runner/check",
            "need_install_clippy": false,
            "peculiar_targets": null
          }
        ]
      },
      "os_checker": {
        "start": 1736195156416,
        "finish": 1736195252178,
        "duration_ms": 95761,
        "git_time": "2025-01-05 20:56:40 +0800",
        "git_sha": "6d455a9a5347a4a02313bcdd6c2d6dbdc449b204"
      }
    },
    "kinds": {
      "order": [
        "Cargo",
        "Clippy(Error)",
        "Clippy(Warn)",
        "Semver Violation",
        "Audit",
        "Mirai",
        "Rap",
        "Rudra",
        "Lockbud(Probably)",
        "Lockbud(Possibly)",
        "Outdated",
        "Geiger",
        "Unformatted"
      ],
      "mapping": {
        "cargo": [
          "Cargo"
        ],
        "clippy": [
          "Clippy(Error)",
          "Clippy(Warn)"
        ],
        "semver-checks": [
          "Semver Violation"
        ],
        "audit": [
          "Audit"
        ],
        "mirai": [
          "Mirai"
        ],
        "rap": [
          "Rap"
        ],
        "rudra": [
          "Rudra"
        ],
        "lockbud": [
          "Lockbud(Probably)",
          "Lockbud(Possibly)"
        ],
        "outdated": [
          "Outdated"
        ],
        "geiger": [
          "Geiger"
        ],
        "fmt": [
          "Unformatted"
        ]
      }
    },
    "repos": [
      {
        "user": "Starry-OS",
        "repo": "tuple_for_each"
      },
      {
        "user": "ZR233",
        "repo": "arm-gic-driver"
      },
      {
        "user": "ZR233",
        "repo": "arm-pl011-rs"
      },
      {
        "user": "ZR233",
        "repo": "ostool"
      },
      {
        "user": "arceos-hypervisor",
        "repo": "arceos-umhv"
      },
      {
        "user": "arceos-hypervisor",
        "repo": "arm_vcpu"
      },
      {
        "user": "arceos-hypervisor",
        "repo": "arm_vgic"
      },
      {
        "user": "arceos-hypervisor",
        "repo": "axaddrspace"
      }
    ],
    "packages": [
      {
        "name": "tuple_for_each",
        "repo": {
          "repo_idx": 0,
          "user": "Starry-OS",
          "repo": "tuple_for_each"
        }
      },
      {
        "name": "arm-gic-driver",
        "repo": {
          "repo_idx": 1,
          "user": "ZR233",
          "repo": "arm-gic-driver"
        }
      },
      {
        "name": "arm-pl011-rs",
        "repo": {
          "repo_idx": 2,
          "user": "ZR233",
          "repo": "arm-pl011-rs"
        }
      },
      {
        "name": "ostool",
        "repo": {
          "repo_idx": 3,
          "user": "ZR233",
          "repo": "ostool"
        }
      },
      {
        "name": "arceos-vmm",
        "repo": {
          "repo_idx": 4,
          "user": "arceos-hypervisor",
          "repo": "arceos-umhv"
        }
      },
      {
        "name": "arm_vcpu",
        "repo": {
          "repo_idx": 5,
          "user": "arceos-hypervisor",
          "repo": "arm_vcpu"
        }
      },
      {
        "name": "arm_vgic",
        "repo": {
          "repo_idx": 6,
          "user": "arceos-hypervisor",
          "repo": "arm_vgic"
        }
      },
      {
        "name": "axaddrspace",
        "repo": {
          "repo_idx": 7,
          "user": "arceos-hypervisor",
          "repo": "axaddrspace"
        }
      }
    ]
  },
  "cmd": [
    {
      "package_idx": 0,
      "tool": "fmt",
      "cmd": "cargo +nightly-2024-12-26-x86_64-unknown-linux-gnu fmt -- --emit=json",
      "count": 0,
      "duration_ms": 101,
      "arch": "x86_64",
      "target_triple": "x86_64-unknown-linux-gnu",
      "rust_toolchain": "nightly-2024-12-25",
      "features": [],
      "flags": []
    },
    {
      "package_idx": 0,
      "tool": "clippy",
      "cmd": "cargo clippy --target x86_64-unknown-linux-gnu --no-deps --message-format=json",
      "count": 0,
      "duration_ms": 1368,
      "arch": "x86_64",
      "target_triple": "x86_64-unknown-linux-gnu",
      "rust_toolchain": "nightly-2024-12-25",
      "features": [],
      "flags": []
    },
    {
      "package_idx": 0,
      "tool": "mirai",
      "cmd": "cargo +nightly-2024-02-05 mirai --target x86_64-unknown-linux-gnu --message-format=json",
      "count": 0,
      "duration_ms": 48,
      "arch": "x86_64",
      "target_triple": "x86_64-unknown-linux-gnu",
      "rust_toolchain": "nightly-2024-12-25",
      "features": [],
      "flags": []
    },
    {
      "package_idx": 0,
      "tool": "lockbud",
      "cmd": "cargo +nightly-2024-10-05 lockbud -k all -- --target x86_64-unknown-linux-gnu",
      "count": 0,
      "duration_ms": 2762,
      "arch": "x86_64",
      "target_triple": "x86_64-unknown-linux-gnu",
      "rust_toolchain": "nightly-2024-12-25",
      "features": [],
      "flags": []
    },
    {
      "package_idx": 0,
      "tool": "rap",
      "cmd": "cargo +nightly-2024-10-12 rap -F -M -- --target x86_64-unknown-linux-gnu",
      "count": 0,
      "duration_ms": 1882,
      "arch": "x86_64",
      "target_triple": "x86_64-unknown-linux-gnu",
      "rust_toolchain": "nightly-2024-12-25",
      "features": [],
      "flags": []
    },
    {
      "package_idx": 0,
      "tool": "rudra",
      "cmd": "cargo +nightly-2021-10-21 rudra",
      "count": 0,
      "duration_ms": 255,
      "arch": "x86_64",
      "target_triple": "x86_64-unknown-linux-gnu",
      "rust_toolchain": "nightly-2024-12-25",
      "features": [],
      "flags": []
    },
    {
      "package_idx": 0,
      "tool": "outdated",
      "cmd": "cargo +nightly-2024-12-26-x86_64-unknown-linux-gnu outdated -R --exit-code=2",
      "count": 0,
      "duration_ms": 173,
      "arch": "x86_64",
      "target_triple": "x86_64-unknown-linux-gnu",
      "rust_toolchain": "nightly-2024-12-25",
      "features": [],
      "flags": []
    },
    {
      "package_idx": 0,
      "tool": "geiger",
      "cmd": "cargo +nightly-2024-12-26-x86_64-unknown-linux-gnu geiger --output-format Ascii",
      "count": 0,
      "duration_ms": 76,
      "arch": "x86_64",
      "target_triple": "x86_64-unknown-linux-gnu",
      "rust_toolchain": "nightly-2024-12-25",
      "features": [],
      "flags": []
    },
    {
      "package_idx": 1,
      "tool": "fmt",
      "cmd": "cargo +nightly-2024-12-26-x86_64-unknown-linux-gnu fmt -- --emit=json",
      "count": 0,
      "duration_ms": 103,
      "arch": "aarch64",
      "target_triple": "aarch64-unknown-none",
      "rust_toolchain": "nightly-2024-12-25",
      "features": [],
      "flags": []
    },
    {
      "package_idx": 1,
      "tool": "fmt",
      "cmd": "cargo +nightly-2024-12-26-x86_64-unknown-linux-gnu fmt -- --emit=json",
      "count": 0,
      "duration_ms": 103,
      "arch": "x86_64",
      "target_triple": "x86_64-unknown-linux-gnu",
      "rust_toolchain": "nightly-2024-12-25",
      "features": [],
      "flags": []
    },
    {
      "package_idx": 1,
      "tool": "clippy",
      "cmd": "cargo clippy --target aarch64-unknown-none --no-deps --message-format=json",
      "count": 0,
      "duration_ms": 3918,
      "arch": "aarch64",
      "target_triple": "aarch64-unknown-none",
      "rust_toolchain": "nightly-2024-12-25",
      "features": [],
      "flags": []
    },
    {
      "package_idx": 1,
      "tool": "clippy",
      "cmd": "cargo clippy --target x86_64-unknown-linux-gnu --no-deps --message-format=json",
      "count": 0,
      "duration_ms": 1940,
      "arch": "x86_64",
      "target_triple": "x86_64-unknown-linux-gnu",
      "rust_toolchain": "nightly-2024-12-25",
      "features": [],
      "flags": []
    },
    {
      "package_idx": 1,
      "tool": "semver-checks",
      "cmd": "cargo +nightly-2024-12-26-x86_64-unknown-linux-gnu semver-checks --target aarch64-unknown-none",
      "count": 1,
      "duration_ms": 341,
      "arch": "aarch64",
      "target_triple": "aarch64-unknown-none",
      "rust_toolchain": "nightly-2024-12-25",
      "features": [],
      "flags": []
    },
    {
      "package_idx": 1,
      "tool": "semver-checks",
      "cmd": "cargo +nightly-2024-12-26-x86_64-unknown-linux-gnu semver-checks --target x86_64-unknown-linux-gnu",
      "count": 0,
      "duration_ms": 8365,
      "arch": "x86_64",
      "target_triple": "x86_64-unknown-linux-gnu",
      "rust_toolchain": "nightly-2024-12-25",
      "features": [],
      "flags": []
    },
    {
      "package_idx": 1,
      "tool": "mirai",
      "cmd": "cargo +nightly-2024-02-05 mirai --target x86_64-unknown-linux-gnu --message-format=json",
      "count": 0,
      "duration_ms": 48,
      "arch": "x86_64",
      "target_triple": "x86_64-unknown-linux-gnu",
      "rust_toolchain": "nightly-2024-12-25",
      "features": [],
      "flags": []
    },
    {
      "package_idx": 1,
      "tool": "lockbud",
      "cmd": "cargo +nightly-2024-10-05 lockbud -k all -- --target aarch64-unknown-none",
      "count": 1,
      "duration_ms": 4852,
      "arch": "aarch64",
      "target_triple": "aarch64-unknown-none",
      "rust_toolchain": "nightly-2024-12-25",
      "features": [],
      "flags": []
    },
    {
      "package_idx": 1,
      "tool": "lockbud",
      "cmd": "cargo +nightly-2024-10-05 lockbud -k all -- --target x86_64-unknown-linux-gnu",
      "count": 1,
      "duration_ms": 2252,
      "arch": "x86_64",
      "target_triple": "x86_64-unknown-linux-gnu",
      "rust_toolchain": "nightly-2024-12-25",
      "features": [],
      "flags": []
    },
    {
      "package_idx": 1,
      "tool": "rap",
      "cmd": "cargo +nightly-2024-10-12 rap -F -M -- --target aarch64-unknown-none",
      "count": 0,
      "duration_ms": 8913,
      "arch": "aarch64",
      "target_triple": "aarch64-unknown-none",
      "rust_toolchain": "nightly-2024-12-25",
      "features": [],
      "flags": []
    },
    {
      "package_idx": 1,
      "tool": "rap",
      "cmd": "cargo +nightly-2024-10-12 rap -F -M -- --target x86_64-unknown-linux-gnu",
      "count": 0,
      "duration_ms": 8936,
      "arch": "x86_64",
      "target_triple": "x86_64-unknown-linux-gnu",
      "rust_toolchain": "nightly-2024-12-25",
      "features": [],
      "flags": []
    },
    {
      "package_idx": 1,
      "tool": "rudra",
      "cmd": "cargo +nightly-2021-10-21 rudra",
      "count": 0,
      "duration_ms": 253,
      "arch": "x86_64",
      "target_triple": "x86_64-unknown-linux-gnu",
      "rust_toolchain": "nightly-2024-12-25",
      "features": [],
      "flags": []
    },
    {
      "package_idx": 1,
      "tool": "outdated",
      "cmd": "cargo +nightly-2024-12-26-x86_64-unknown-linux-gnu outdated -R --exit-code=2",
      "count": 0,
      "duration_ms": 220,
      "arch": "aarch64",
      "target_triple": "aarch64-unknown-none",
      "rust_toolchain": "nightly-2024-12-25",
      "features": [],
      "flags": []
    },
    {
      "package_idx": 1,
      "tool": "outdated",
      "cmd": "cargo +nightly-2024-12-26-x86_64-unknown-linux-gnu outdated -R --exit-code=2",
      "count": 0,
      "duration_ms": 192,
      "arch": "x86_64",
      "target_triple": "x86_64-unknown-linux-gnu",
      "rust_toolchain": "nightly-2024-12-25",
      "features": [],
      "flags": []
    },
    {
      "package_idx": 1,
      "tool": "geiger",
      "cmd": "cargo +nightly-2024-12-26-x86_64-unknown-linux-gnu geiger --output-format Ascii",
      "count": 0,
      "duration_ms": 79,
      "arch": "x86_64",
      "target_triple": "x86_64-unknown-linux-gnu",
      "rust_toolchain": "nightly-2024-12-25",
      "features": [],
      "flags": []
    },
    {
      "package_idx": 1,
      "tool": "cargo",
      "cmd": "VRITUAL=semver-checks cargo",
      "count": 1,
      "duration_ms": 341,
      "arch": "aarch64",
      "target_triple": "aarch64-unknown-none",
      "rust_toolchain": "nightly-2024-12-25",
      "features": [],
      "flags": []
    },
    {
      "package_idx": 1,
      "tool": "cargo",
      "cmd": "VRITUAL=lockbud cargo",
      "count": 1,
      "duration_ms": 2252,
      "arch": "x86_64",
      "target_triple": "x86_64-unknown-linux-gnu",
      "rust_toolchain": "nightly-2024-12-25",
      "features": [],
      "flags": []
    },
    {
      "package_idx": 2,
      "tool": "fmt",
      "cmd": "cargo +nightly-2024-12-26-x86_64-unknown-linux-gnu fmt -- --emit=json",
      "count": 0,
      "duration_ms": 100,
      "arch": "aarch64",
      "target_triple": "aarch64-unknown-none",
      "rust_toolchain": "nightly-2024-12-25",
      "features": [],
      "flags": []
    },
    {
      "package_idx": 2,
      "tool": "clippy",
      "cmd": "cargo clippy --target aarch64-unknown-none --no-deps --message-format=json",
      "count": 0,
      "duration_ms": 764,
      "arch": "aarch64",
      "target_triple": "aarch64-unknown-none",
      "rust_toolchain": "nightly-2024-12-25",
      "features": [],
      "flags": []
    },
    {
      "package_idx": 2,
      "tool": "semver-checks",
      "cmd": "cargo +nightly-2024-12-26-x86_64-unknown-linux-gnu semver-checks --target aarch64-unknown-none",
      "count": 1,
      "duration_ms": 307,
      "arch": "aarch64",
      "target_triple": "aarch64-unknown-none",
      "rust_toolchain": "nightly-2024-12-25",
      "features": [],
      "flags": []
    },
    {
      "package_idx": 2,
      "tool": "lockbud",
      "cmd": "cargo +nightly-2024-10-05 lockbud -k all -- --target aarch64-unknown-none",
      "count": 0,
      "duration_ms": 768,
      "arch": "aarch64",
      "target_triple": "aarch64-unknown-none",
      "rust_toolchain": "nightly-2024-12-25",
      "features": [],
      "flags": []
    },
    {
      "package_idx": 2,
      "tool": "rap",
      "cmd": "cargo +nightly-2024-10-12 rap -F -M -- --target aarch64-unknown-none",
      "count": 0,
      "duration_ms": 6157,
      "arch": "aarch64",
      "target_triple": "aarch64-unknown-none",
      "rust_toolchain": "nightly-2024-12-25",
      "features": [],
      "flags": []
    },
    {
      "package_idx": 2,
      "tool": "outdated",
      "cmd": "cargo +nightly-2024-12-26-x86_64-unknown-linux-gnu outdated -R --exit-code=2",
      "count": 1,
      "duration_ms": 148,
      "arch": "aarch64",
      "target_triple": "aarch64-unknown-none",
      "rust_toolchain": "nightly-2024-12-25",
      "features": [],
      "flags": []
    },
    {
      "package_idx": 2,
      "tool": "cargo",
      "cmd": "VRITUAL=semver-checks cargo",
      "count": 1,
      "duration_ms": 307,
      "arch": "aarch64",
      "target_triple": "aarch64-unknown-none",
      "rust_toolchain": "nightly-2024-12-25",
      "features": [],
      "flags": []
    },
    {
      "package_idx": 3,
      "tool": "fmt",
      "cmd": "cargo +nightly-2024-12-26-x86_64-unknown-linux-gnu fmt -- --emit=json",
      "count": 0,
      "duration_ms": 156,
      "arch": "x86_64",
      "target_triple": "x86_64-unknown-linux-gnu",
      "rust_toolchain": "nightly-2024-12-25",
      "features": [],
      "flags": []
    },
    {
      "package_idx": 3,
      "tool": "clippy",
      "cmd": "cargo clippy --target x86_64-unknown-linux-gnu --no-deps --message-format=json",
      "count": 0,
      "duration_ms": 17655,
      "arch": "x86_64",
      "target_triple": "x86_64-unknown-linux-gnu",
      "rust_toolchain": "nightly-2024-12-25",
      "features": [],
      "flags": []
    },
    {
      "package_idx": 3,
      "tool": "mirai",
      "cmd": "cargo +nightly-2024-02-05 mirai --target x86_64-unknown-linux-gnu --message-format=json",
      "count": 0,
      "duration_ms": 51,
      "arch": "x86_64",
      "target_triple": "x86_64-unknown-linux-gnu",
      "rust_toolchain": "nightly-2024-12-25",
      "features": [],
      "flags": []
    },
    {
      "package_idx": 3,
      "tool": "lockbud",
      "cmd": "cargo +nightly-2024-10-05 lockbud -k all -- --target x86_64-unknown-linux-gnu",
      "count": 0,
      "duration_ms": 29498,
      "arch": "x86_64",
      "target_triple": "x86_64-unknown-linux-gnu",
      "rust_toolchain": "nightly-2024-12-25",
      "features": [],
      "flags": []
    },
    {
      "package_idx": 3,
      "tool": "rap",
      "cmd": "cargo +nightly-2024-10-12 rap -F -M -- --target x86_64-unknown-linux-gnu",
      "count": 1,
      "duration_ms": 23371,
      "arch": "x86_64",
      "target_triple": "x86_64-unknown-linux-gnu",
      "rust_toolchain": "nightly-2024-12-25",
      "features": [],
      "flags": []
    },
    {
      "package_idx": 3,
      "tool": "rudra",
      "cmd": "cargo +nightly-2021-10-21 rudra",
      "count": 0,
      "duration_ms": 266,
      "arch": "x86_64",
      "target_triple": "x86_64-unknown-linux-gnu",
      "rust_toolchain": "nightly-2024-12-25",
      "features": [],
      "flags": []
    },
    {
      "package_idx": 3,
      "tool": "outdated",
      "cmd": "cargo +nightly-2024-12-26-x86_64-unknown-linux-gnu outdated -R --exit-code=2",
      "count": 0,
      "duration_ms": 1267,
      "arch": "x86_64",
      "target_triple": "x86_64-unknown-linux-gnu",
      "rust_toolchain": "nightly-2024-12-25",
      "features": [],
      "flags": []
    },
    {
      "package_idx": 3,
      "tool": "geiger",
      "cmd": "cargo +nightly-2024-12-26-x86_64-unknown-linux-gnu geiger --output-format Ascii",
      "count": 0,
      "duration_ms": 219,
      "arch": "x86_64",
      "target_triple": "x86_64-unknown-linux-gnu",
      "rust_toolchain": "nightly-2024-12-25",
      "features": [],
      "flags": []
    },
    {
      "package_idx": 4,
      "tool": "fmt",
      "cmd": "cargo +nightly-2024-12-26-x86_64-unknown-linux-gnu fmt -- --emit=json",
      "count": 0,
      "duration_ms": 102,
      "arch": "aarch64",
      "target_triple": "aarch64-unknown-none-softfloat",
      "rust_toolchain": "nightly-2024-05-02",
      "features": [],
      "flags": []
    },
    {
      "package_idx": 4,
      "tool": "fmt",
      "cmd": "cargo +nightly-2024-12-26-x86_64-unknown-linux-gnu fmt -- --emit=json",
      "count": 0,
      "duration_ms": 102,
      "arch": "riscv64gc",
      "target_triple": "riscv64gc-unknown-none-elf",
      "rust_toolchain": "nightly-2024-05-02",
      "features": [],
      "flags": []
    },
    {
      "package_idx": 4,
      "tool": "fmt",
      "cmd": "cargo +nightly-2024-12-26-x86_64-unknown-linux-gnu fmt -- --emit=json",
      "count": 0,
      "duration_ms": 102,
      "arch": "x86_64",
      "target_triple": "x86_64-unknown-none",
      "rust_toolchain": "nightly-2024-05-02",
      "features": [],
      "flags": []
    },
    {
      "package_idx": 4,
      "tool": "fmt",
      "cmd": "cargo +nightly-2024-12-26-x86_64-unknown-linux-gnu fmt -- --emit=json",
      "count": 0,
      "duration_ms": 103,
      "arch": "aarch64",
      "target_triple": "aarch64-unknown-none",
      "rust_toolchain": "nightly-2024-05-02",
      "features": [],
      "flags": []
    },
    {
      "package_idx": 4,
      "tool": "clippy",
      "cmd": "cargo clippy --target riscv64gc-unknown-none-elf --no-deps --message-format=json",
      "count": 1,
      "duration_ms": 11484,
      "arch": "riscv64gc",
      "target_triple": "riscv64gc-unknown-none-elf",
      "rust_toolchain": "nightly-2024-05-02",
      "features": [],
      "flags": []
    },
    {
      "package_idx": 4,
      "tool": "clippy",
      "cmd": "cargo clippy --target aarch64-unknown-none --no-deps --message-format=json",
      "count": 9,
      "duration_ms": 17264,
      "arch": "aarch64",
      "target_triple": "aarch64-unknown-none",
      "rust_toolchain": "nightly-2024-05-02",
      "features": [],
      "flags": []
    },
    {
      "package_idx": 4,
      "tool": "clippy",
      "cmd": "cargo clippy --target x86_64-unknown-none --no-deps --message-format=json",
      "count": 1,
      "duration_ms": 7116,
      "arch": "x86_64",
      "target_triple": "x86_64-unknown-none",
      "rust_toolchain": "nightly-2024-05-02",
      "features": [],
      "flags": []
    },
    {
      "package_idx": 4,
      "tool": "clippy",
      "cmd": "cargo clippy --target aarch64-unknown-none-softfloat --no-deps --message-format=json",
      "count": 9,
      "duration_ms": 3145,
      "arch": "aarch64",
      "target_triple": "aarch64-unknown-none-softfloat",
      "rust_toolchain": "nightly-2024-05-02",
      "features": [],
      "flags": []
    },
    {
      "package_idx": 4,
      "tool": "lockbud",
      "cmd": "cargo +nightly-2024-10-05 lockbud -k all -- --target riscv64gc-unknown-none-elf",
      "count": 1,
      "duration_ms": 14526,
      "arch": "riscv64gc",
      "target_triple": "riscv64gc-unknown-none-elf",
      "rust_toolchain": "nightly-2024-05-02",
      "features": [],
      "flags": []
    },
    {
      "package_idx": 4,
      "tool": "lockbud",
      "cmd": "cargo +nightly-2024-10-05 lockbud -k all -- --target aarch64-unknown-none",
      "count": 1,
      "duration_ms": 12549,
      "arch": "aarch64",
      "target_triple": "aarch64-unknown-none",
      "rust_toolchain": "nightly-2024-05-02",
      "features": [],
      "flags": []
    },
    {
      "package_idx": 4,
      "tool": "lockbud",
      "cmd": "cargo +nightly-2024-10-05 lockbud -k all -- --target aarch64-unknown-none-softfloat",
      "count": 1,
      "duration_ms": 4190,
      "arch": "aarch64",
      "target_triple": "aarch64-unknown-none-softfloat",
      "rust_toolchain": "nightly-2024-05-02",
      "features": [],
      "flags": []
    },
    {
      "package_idx": 4,
      "tool": "lockbud",
      "cmd": "cargo +nightly-2024-10-05 lockbud -k all -- --target x86_64-unknown-none",
      "count": 1,
      "duration_ms": 11566,
      "arch": "x86_64",
      "target_triple": "x86_64-unknown-none",
      "rust_toolchain": "nightly-2024-05-02",
      "features": [],
      "flags": []
    },
    {
      "package_idx": 4,
      "tool": "rap",
      "cmd": "cargo +nightly-2024-10-12 rap -F -M -- --target riscv64gc-unknown-none-elf",
      "count": 0,
      "duration_ms": 12890,
      "arch": "riscv64gc",
      "target_triple": "riscv64gc-unknown-none-elf",
      "rust_toolchain": "nightly-2024-05-02",
      "features": [],
      "flags": []
    },
    {
      "package_idx": 4,
      "tool": "rap",
      "cmd": "cargo +nightly-2024-10-12 rap -F -M -- --target aarch64-unknown-none",
      "count": 0,
      "duration_ms": 11770,
      "arch": "aarch64",
      "target_triple": "aarch64-unknown-none",
      "rust_toolchain": "nightly-2024-05-02",
      "features": [],
      "flags": []
    },
    {
      "package_idx": 4,
      "tool": "rap",
      "cmd": "cargo +nightly-2024-10-12 rap -F -M -- --target x86_64-unknown-none",
      "count": 0,
      "duration_ms": 13387,
      "arch": "x86_64",
      "target_triple": "x86_64-unknown-none",
      "rust_toolchain": "nightly-2024-05-02",
      "features": [],
      "flags": []
    },
    {
      "package_idx": 4,
      "tool": "rap",
      "cmd": "cargo +nightly-2024-10-12 rap -F -M -- --target aarch64-unknown-none-softfloat",
      "count": 0,
      "duration_ms": 11809,
      "arch": "aarch64",
      "target_triple": "aarch64-unknown-none-softfloat",
      "rust_toolchain": "nightly-2024-05-02",
      "features": [],
      "flags": []
    },
    {
      "package_idx": 4,
      "tool": "outdated",
      "cmd": "cargo +nightly-2024-12-26-x86_64-unknown-linux-gnu outdated -R --exit-code=2",
      "count": 0,
      "duration_ms": 1857,
      "arch": "x86_64",
      "target_triple": "x86_64-unknown-none",
      "rust_toolchain": "nightly-2024-05-02",
      "features": [],
      "flags": []
    },
    {
      "package_idx": 4,
      "tool": "outdated",
      "cmd": "cargo +nightly-2024-12-26-x86_64-unknown-linux-gnu outdated -R --exit-code=2",
      "count": 0,
      "duration_ms": 2487,
      "arch": "riscv64gc",
      "target_triple": "riscv64gc-unknown-none-elf",
      "rust_toolchain": "nightly-2024-05-02",
      "features": [],
      "flags": []
    },
    {
      "package_idx": 4,
      "tool": "outdated",
      "cmd": "cargo +nightly-2024-12-26-x86_64-unknown-linux-gnu outdated -R --exit-code=2",
      "count": 0,
      "duration_ms": 1518,
      "arch": "aarch64",
      "target_triple": "aarch64-unknown-none-softfloat",
      "rust_toolchain": "nightly-2024-05-02",
      "features": [],
      "flags": []
    },
    {
      "package_idx": 4,
      "tool": "outdated",
      "cmd": "cargo +nightly-2024-12-26-x86_64-unknown-linux-gnu outdated -R --exit-code=2",
      "count": 0,
      "duration_ms": 4883,
      "arch": "aarch64",
      "target_triple": "aarch64-unknown-none",
      "rust_toolchain": "nightly-2024-05-02",
      "features": [],
      "flags": []
    },
    {
      "package_idx": 4,
      "tool": "cargo",
      "cmd": "VRITUAL=outdated cargo",
      "count": 1,
      "duration_ms": 2487,
      "arch": "riscv64gc",
      "target_triple": "riscv64gc-unknown-none-elf",
      "rust_toolchain": "nightly-2024-05-02",
      "features": [],
      "flags": []
    },
    {
      "package_idx": 4,
      "tool": "cargo",
      "cmd": "VRITUAL=clippy cargo",
      "count": 1,
      "duration_ms": 17264,
      "arch": "aarch64",
      "target_triple": "aarch64-unknown-none",
      "rust_toolchain": "nightly-2024-05-02",
      "features": [],
      "flags": []
    },
    {
      "package_idx": 4,
      "tool": "cargo",
      "cmd": "VRITUAL=rap cargo",
      "count": 1,
      "duration_ms": 13387,
      "arch": "x86_64",
      "target_triple": "x86_64-unknown-none",
      "rust_toolchain": "nightly-2024-05-02",
      "features": [],
      "flags": []
    },
    {
      "package_idx": 4,
      "tool": "cargo",
      "cmd": "VRITUAL=rap cargo",
      "count": 1,
      "duration_ms": 12890,
      "arch": "riscv64gc",
      "target_triple": "riscv64gc-unknown-none-elf",
      "rust_toolchain": "nightly-2024-05-02",
      "features": [],
      "flags": []
    },
    {
      "package_idx": 4,
      "tool": "cargo",
      "cmd": "VRITUAL=outdated cargo",
      "count": 1,
      "duration_ms": 4883,
      "arch": "aarch64",
      "target_triple": "aarch64-unknown-none",
      "rust_toolchain": "nightly-2024-05-02",
      "features": [],
      "flags": []
    },
    {
      "package_idx": 4,
      "tool": "cargo",
      "cmd": "VRITUAL=rap cargo",
      "count": 1,
      "duration_ms": 11809,
      "arch": "aarch64",
      "target_triple": "aarch64-unknown-none-softfloat",
      "rust_toolchain": "nightly-2024-05-02",
      "features": [],
      "flags": []
    },
    {
      "package_idx": 4,
      "tool": "cargo",
      "cmd": "VRITUAL=outdated cargo",
      "count": 1,
      "duration_ms": 1518,
      "arch": "aarch64",
      "target_triple": "aarch64-unknown-none-softfloat",
      "rust_toolchain": "nightly-2024-05-02",
      "features": [],
      "flags": []
    },
    {
      "package_idx": 4,
      "tool": "cargo",
      "cmd": "VRITUAL=rap cargo",
      "count": 1,
      "duration_ms": 11770,
      "arch": "aarch64",
      "target_triple": "aarch64-unknown-none",
      "rust_toolchain": "nightly-2024-05-02",
      "features": [],
      "flags": []
    },
    {
      "package_idx": 4,
      "tool": "cargo",
      "cmd": "VRITUAL=lockbud cargo",
      "count": 1,
      "duration_ms": 4190,
      "arch": "aarch64",
      "target_triple": "aarch64-unknown-none-softfloat",
      "rust_toolchain": "nightly-2024-05-02",
      "features": [],
      "flags": []
    },
    {
      "package_idx": 4,
      "tool": "cargo",
      "cmd": "VRITUAL=lockbud cargo",
      "count": 1,
      "duration_ms": 12549,
      "arch": "aarch64",
      "target_triple": "aarch64-unknown-none",
      "rust_toolchain": "nightly-2024-05-02",
      "features": [],
      "flags": []
    },
    {
      "package_idx": 4,
      "tool": "cargo",
      "cmd": "VRITUAL=outdated cargo",
      "count": 1,
      "duration_ms": 1857,
      "arch": "x86_64",
      "target_triple": "x86_64-unknown-none",
      "rust_toolchain": "nightly-2024-05-02",
      "features": [],
      "flags": []
    },
    {
      "package_idx": 4,
      "tool": "cargo",
      "cmd": "VRITUAL=clippy cargo",
      "count": 1,
      "duration_ms": 3145,
      "arch": "aarch64",
      "target_triple": "aarch64-unknown-none-softfloat",
      "rust_toolchain": "nightly-2024-05-02",
      "features": [],
      "flags": []
    },
    {
      "package_idx": 5,
      "tool": "fmt",
      "cmd": "cargo +nightly-2024-12-26-x86_64-unknown-linux-gnu fmt -- --emit=json",
      "count": 0,
      "duration_ms": 103,
      "arch": "x86_64",
      "target_triple": "x86_64-unknown-linux-gnu",
      "rust_toolchain": "nightly-2024-12-25",
      "features": [],
      "flags": []
    },
    {
      "package_idx": 5,
      "tool": "fmt",
      "cmd": "cargo +nightly-2024-12-26-x86_64-unknown-linux-gnu fmt -- --emit=json",
      "count": 0,
      "duration_ms": 102,
      "arch": "aarch64",
      "target_triple": "aarch64-unknown-none",
      "rust_toolchain": "nightly-2024-12-25",
      "features": [],
      "flags": []
    },
    {
      "package_idx": 5,
      "tool": "clippy",
      "cmd": "cargo clippy --target aarch64-unknown-none --no-deps --message-format=json",
      "count": 4,
      "duration_ms": 3964,
      "arch": "aarch64",
      "target_triple": "aarch64-unknown-none",
      "rust_toolchain": "nightly-2024-12-25",
      "features": [],
      "flags": []
    },
    {
      "package_idx": 5,
      "tool": "clippy",
      "cmd": "cargo clippy --target x86_64-unknown-linux-gnu --no-deps --message-format=json",
      "count": 3,
      "duration_ms": 2448,
      "arch": "x86_64",
      "target_triple": "x86_64-unknown-linux-gnu",
      "rust_toolchain": "nightly-2024-12-25",
      "features": [],
      "flags": []
    },
    {
      "package_idx": 5,
      "tool": "semver-checks",
      "cmd": "cargo +nightly-2024-12-26-x86_64-unknown-linux-gnu semver-checks --target aarch64-unknown-none",
      "count": 1,
      "duration_ms": 824,
      "arch": "aarch64",
      "target_triple": "aarch64-unknown-none",
      "rust_toolchain": "nightly-2024-12-25",
      "features": [],
      "flags": []
    },
    {
      "package_idx": 5,
      "tool": "semver-checks",
      "cmd": "cargo +nightly-2024-12-26-x86_64-unknown-linux-gnu semver-checks --target x86_64-unknown-linux-gnu",
      "count": 1,
      "duration_ms": 4677,
      "arch": "x86_64",
      "target_triple": "x86_64-unknown-linux-gnu",
      "rust_toolchain": "nightly-2024-12-25",
      "features": [],
      "flags": []
    },
    {
      "package_idx": 5,
      "tool": "mirai",
      "cmd": "cargo +nightly-2024-02-05 mirai --target x86_64-unknown-linux-gnu --message-format=json",
      "count": 0,
      "duration_ms": 50,
      "arch": "x86_64",
      "target_triple": "x86_64-unknown-linux-gnu",
      "rust_toolchain": "nightly-2024-12-25",
      "features": [],
      "flags": []
    },
    {
      "package_idx": 5,
      "tool": "lockbud",
      "cmd": "cargo +nightly-2024-10-05 lockbud -k all -- --target aarch64-unknown-none",
      "count": 1,
      "duration_ms": 5288,
      "arch": "aarch64",
      "target_triple": "aarch64-unknown-none",
      "rust_toolchain": "nightly-2024-12-25",
      "features": [],
      "flags": []
    },
    {
      "package_idx": 5,
      "tool": "lockbud",
      "cmd": "cargo +nightly-2024-10-05 lockbud -k all -- --target x86_64-unknown-linux-gnu",
      "count": 1,
      "duration_ms": 3491,
      "arch": "x86_64",
      "target_triple": "x86_64-unknown-linux-gnu",
      "rust_toolchain": "nightly-2024-12-25",
      "features": [],
      "flags": []
    },
    {
      "package_idx": 5,
      "tool": "rap",
      "cmd": "cargo +nightly-2024-10-12 rap -F -M -- --target aarch64-unknown-none",
      "count": 0,
      "duration_ms": 5138,
      "arch": "aarch64",
      "target_triple": "aarch64-unknown-none",
      "rust_toolchain": "nightly-2024-12-25",
      "features": [],
      "flags": []
    },
    {
      "package_idx": 5,
      "tool": "rap",
      "cmd": "cargo +nightly-2024-10-12 rap -F -M -- --target x86_64-unknown-linux-gnu",
      "count": 0,
      "duration_ms": 6032,
      "arch": "x86_64",
      "target_triple": "x86_64-unknown-linux-gnu",
      "rust_toolchain": "nightly-2024-12-25",
      "features": [],
      "flags": []
    },
    {
      "package_idx": 5,
      "tool": "rudra",
      "cmd": "cargo +nightly-2021-10-21 rudra",
      "count": 0,
      "duration_ms": 257,
      "arch": "x86_64",
      "target_triple": "x86_64-unknown-linux-gnu",
      "rust_toolchain": "nightly-2024-12-25",
      "features": [],
      "flags": []
    },
    {
      "package_idx": 5,
      "tool": "outdated",
      "cmd": "cargo +nightly-2024-12-26-x86_64-unknown-linux-gnu outdated -R --exit-code=2",
      "count": 1,
      "duration_ms": 1612,
      "arch": "x86_64",
      "target_triple": "x86_64-unknown-linux-gnu",
      "rust_toolchain": "nightly-2024-12-25",
      "features": [],
      "flags": []
    },
    {
      "package_idx": 5,
      "tool": "outdated",
      "cmd": "cargo +nightly-2024-12-26-x86_64-unknown-linux-gnu outdated -R --exit-code=2",
      "count": 1,
      "duration_ms": 1627,
      "arch": "aarch64",
      "target_triple": "aarch64-unknown-none",
      "rust_toolchain": "nightly-2024-12-25",
      "features": [],
      "flags": []
    },
    {
      "package_idx": 5,
      "tool": "geiger",
      "cmd": "cargo +nightly-2024-12-26-x86_64-unknown-linux-gnu geiger --output-format Ascii",
      "count": 0,
      "duration_ms": 89,
      "arch": "x86_64",
      "target_triple": "x86_64-unknown-linux-gnu",
      "rust_toolchain": "nightly-2024-12-25",
      "features": [],
      "flags": []
    },
    {
      "package_idx": 5,
      "tool": "cargo",
      "cmd": "VRITUAL=rap cargo",
      "count": 1,
      "duration_ms": 5138,
      "arch": "aarch64",
      "target_triple": "aarch64-unknown-none",
      "rust_toolchain": "nightly-2024-12-25",
      "features": [],
      "flags": []
    },
    {
      "package_idx": 5,
      "tool": "cargo",
      "cmd": "VRITUAL=rap cargo",
      "count": 1,
      "duration_ms": 6032,
      "arch": "x86_64",
      "target_triple": "x86_64-unknown-linux-gnu",
      "rust_toolchain": "nightly-2024-12-25",
      "features": [],
      "flags": []
    },
    {
      "package_idx": 5,
      "tool": "cargo",
      "cmd": "VRITUAL=clippy cargo",
      "count": 1,
      "duration_ms": 3964,
      "arch": "aarch64",
      "target_triple": "aarch64-unknown-none",
      "rust_toolchain": "nightly-2024-12-25",
      "features": [],
      "flags": []
    },
    {
      "package_idx": 5,
      "tool": "cargo",
      "cmd": "VRITUAL=lockbud cargo",
      "count": 1,
      "duration_ms": 3491,
      "arch": "x86_64",
      "target_triple": "x86_64-unknown-linux-gnu",
      "rust_toolchain": "nightly-2024-12-25",
      "features": [],
      "flags": []
    },
    {
      "package_idx": 5,
      "tool": "cargo",
      "cmd": "VRITUAL=semver-checks cargo",
      "count": 1,
      "duration_ms": 4677,
      "arch": "x86_64",
      "target_triple": "x86_64-unknown-linux-gnu",
      "rust_toolchain": "nightly-2024-12-25",
      "features": [],
      "flags": []
    },
    {
      "package_idx": 5,
      "tool": "cargo",
      "cmd": "VRITUAL=semver-checks cargo",
      "count": 1,
      "duration_ms": 824,
      "arch": "aarch64",
      "target_triple": "aarch64-unknown-none",
      "rust_toolchain": "nightly-2024-12-25",
      "features": [],
      "flags": []
    },
    {
      "package_idx": 5,
      "tool": "cargo",
      "cmd": "VRITUAL=clippy cargo",
      "count": 1,
      "duration_ms": 2448,
      "arch": "x86_64",
      "target_triple": "x86_64-unknown-linux-gnu",
      "rust_toolchain": "nightly-2024-12-25",
      "features": [],
      "flags": []
    },
    {
      "package_idx": 6,
      "tool": "fmt",
      "cmd": "cargo +nightly-2024-12-26-x86_64-unknown-linux-gnu fmt -- --emit=json",
      "count": 9,
      "duration_ms": 96,
      "arch": "x86_64",
      "target_triple": "x86_64-unknown-linux-gnu",
      "rust_toolchain": "nightly-2024-12-25",
      "features": [],
      "flags": []
    },
    {
      "package_idx": 6,
      "tool": "clippy",
      "cmd": "cargo clippy --target x86_64-unknown-linux-gnu --no-deps --message-format=json",
      "count": 3,
      "duration_ms": 3736,
      "arch": "x86_64",
      "target_triple": "x86_64-unknown-linux-gnu",
      "rust_toolchain": "nightly-2024-12-25",
      "features": [],
      "flags": []
    },
    {
      "package_idx": 6,
      "tool": "semver-checks",
      "cmd": "cargo +nightly-2024-12-26-x86_64-unknown-linux-gnu semver-checks --target x86_64-unknown-linux-gnu",
      "count": 1,
      "duration_ms": 4503,
      "arch": "x86_64",
      "target_triple": "x86_64-unknown-linux-gnu",
      "rust_toolchain": "nightly-2024-12-25",
      "features": [],
      "flags": []
    },
    {
      "package_idx": 6,
      "tool": "audit",
      "cmd": "cargo audit",
      "count": 1,
      "duration_ms": 411,
      "arch": "x86_64",
      "target_triple": "x86_64-unknown-linux-gnu",
      "rust_toolchain": "nightly-2024-12-25",
      "features": [],
      "flags": []
    },
    {
      "package_idx": 6,
      "tool": "mirai",
      "cmd": "cargo +nightly-2024-02-05 mirai --target x86_64-unknown-linux-gnu --message-format=json",
      "count": 0,
      "duration_ms": 49,
      "arch": "x86_64",
      "target_triple": "x86_64-unknown-linux-gnu",
      "rust_toolchain": "nightly-2024-12-25",
      "features": [],
      "flags": []
    },
    {
      "package_idx": 6,
      "tool": "lockbud",
      "cmd": "cargo +nightly-2024-10-05 lockbud -k all -- --target x86_64-unknown-linux-gnu",
      "count": 1,
      "duration_ms": 9291,
      "arch": "x86_64",
      "target_triple": "x86_64-unknown-linux-gnu",
      "rust_toolchain": "nightly-2024-12-25",
      "features": [],
      "flags": []
    },
    {
      "package_idx": 6,
      "tool": "rap",
      "cmd": "cargo +nightly-2024-10-12 rap -F -M -- --target x86_64-unknown-linux-gnu",
      "count": 0,
      "duration_ms": 8333,
      "arch": "x86_64",
      "target_triple": "x86_64-unknown-linux-gnu",
      "rust_toolchain": "nightly-2024-12-25",
      "features": [],
      "flags": []
    },
    {
      "package_idx": 6,
      "tool": "rudra",
      "cmd": "cargo +nightly-2021-10-21 rudra",
      "count": 0,
      "duration_ms": 93,
      "arch": "x86_64",
      "target_triple": "x86_64-unknown-linux-gnu",
      "rust_toolchain": "nightly-2024-12-25",
      "features": [],
      "flags": []
    },
    {
      "package_idx": 6,
      "tool": "outdated",
      "cmd": "cargo +nightly-2024-12-26-x86_64-unknown-linux-gnu outdated -R --exit-code=2",
      "count": 1,
      "duration_ms": 1616,
      "arch": "x86_64",
      "target_triple": "x86_64-unknown-linux-gnu",
      "rust_toolchain": "nightly-2024-12-25",
      "features": [],
      "flags": []
    },
    {
      "package_idx": 6,
      "tool": "geiger",
      "cmd": "cargo +nightly-2024-12-26-x86_64-unknown-linux-gnu geiger --output-format Ascii",
      "count": 0,
      "duration_ms": 66,
      "arch": "x86_64",
      "target_triple": "x86_64-unknown-linux-gnu",
      "rust_toolchain": "nightly-2024-12-25",
      "features": [],
      "flags": []
    },
    {
      "package_idx": 6,
      "tool": "cargo",
      "cmd": "VRITUAL=clippy cargo",
      "count": 1,
      "duration_ms": 3736,
      "arch": "x86_64",
      "target_triple": "x86_64-unknown-linux-gnu",
      "rust_toolchain": "nightly-2024-12-25",
      "features": [],
      "flags": []
    },
    {
      "package_idx": 6,
      "tool": "cargo",
      "cmd": "VRITUAL=semver-checks cargo",
      "count": 1,
      "duration_ms": 4503,
      "arch": "x86_64",
      "target_triple": "x86_64-unknown-linux-gnu",
      "rust_toolchain": "nightly-2024-12-25",
      "features": [],
      "flags": []
    },
    {
      "package_idx": 7,
      "tool": "fmt",
      "cmd": "cargo +nightly-2024-12-26-x86_64-unknown-linux-gnu fmt -- --emit=json",
      "count": 0,
      "duration_ms": 103,
      "arch": "riscv64gc",
      "target_triple": "riscv64gc-unknown-none-elf",
      "rust_toolchain": "nightly-2024-12-25",
      "features": [],
      "flags": []
    },
    {
      "package_idx": 7,
      "tool": "fmt",
      "cmd": "cargo +nightly-2024-12-26-x86_64-unknown-linux-gnu fmt -- --emit=json",
      "count": 0,
      "duration_ms": 102,
      "arch": "aarch64",
      "target_triple": "aarch64-unknown-none",
      "rust_toolchain": "nightly-2024-12-25",
      "features": [],
      "flags": []
    },
    {
      "package_idx": 7,
      "tool": "fmt",
      "cmd": "cargo +nightly-2024-12-26-x86_64-unknown-linux-gnu fmt -- --emit=json",
      "count": 0,
      "duration_ms": 103,
      "arch": "x86_64",
      "target_triple": "x86_64-unknown-linux-gnu",
      "rust_toolchain": "nightly-2024-12-25",
      "features": [],
      "flags": []
    },
    {
      "package_idx": 7,
      "tool": "fmt",
      "cmd": "cargo +nightly-2024-12-26-x86_64-unknown-linux-gnu fmt -- --emit=json",
      "count": 0,
      "duration_ms": 102,
      "arch": "x86_64",
      "target_triple": "x86_64-unknown-none",
      "rust_toolchain": "nightly-2024-12-25",
      "features": [],
      "flags": []
    },
    {
      "package_idx": 7,
      "tool": "clippy",
      "cmd": "cargo clippy --target x86_64-unknown-linux-gnu --no-deps --message-format=json",
      "count": 0,
      "duration_ms": 1833,
      "arch": "x86_64",
      "target_triple": "x86_64-unknown-linux-gnu",
      "rust_toolchain": "nightly-2024-12-25",
      "features": [],
      "flags": []
    },
    {
      "package_idx": 7,
      "tool": "clippy",
      "cmd": "cargo clippy --target x86_64-unknown-none --no-deps --message-format=json",
      "count": 0,
      "duration_ms": 1565,
      "arch": "x86_64",
      "target_triple": "x86_64-unknown-none",
      "rust_toolchain": "nightly-2024-12-25",
      "features": [],
      "flags": []
    },
    {
      "package_idx": 7,
      "tool": "clippy",
      "cmd": "cargo clippy --target riscv64gc-unknown-none-elf --no-deps --message-format=json",
      "count": 0,
      "duration_ms": 637,
      "arch": "riscv64gc",
      "target_triple": "riscv64gc-unknown-none-elf",
      "rust_toolchain": "nightly-2024-12-25",
      "features": [],
      "flags": []
    },
    {
      "package_idx": 7,
      "tool": "clippy",
      "cmd": "cargo clippy --target aarch64-unknown-none --no-deps --message-format=json",
      "count": 0,
      "duration_ms": 1737,
      "arch": "aarch64",
      "target_triple": "aarch64-unknown-none",
      "rust_toolchain": "nightly-2024-12-25",
      "features": [],
      "flags": []
    },
    {
      "package_idx": 7,
      "tool": "semver-checks",
      "cmd": "cargo +nightly-2024-12-26-x86_64-unknown-linux-gnu semver-checks --target riscv64gc-unknown-none-elf",
      "count": 1,
      "duration_ms": 283,
      "arch": "riscv64gc",
      "target_triple": "riscv64gc-unknown-none-elf",
      "rust_toolchain": "nightly-2024-12-25",
      "features": [],
      "flags": []
    },
    {
      "package_idx": 7,
      "tool": "semver-checks",
      "cmd": "cargo +nightly-2024-12-26-x86_64-unknown-linux-gnu semver-checks --target x86_64-unknown-linux-gnu",
      "count": 1,
      "duration_ms": 2295,
      "arch": "x86_64",
      "target_triple": "x86_64-unknown-linux-gnu",
      "rust_toolchain": "nightly-2024-12-25",
      "features": [],
      "flags": []
    },
    {
      "package_idx": 7,
      "tool": "semver-checks",
      "cmd": "cargo +nightly-2024-12-26-x86_64-unknown-linux-gnu semver-checks --target x86_64-unknown-none",
      "count": 1,
      "duration_ms": 283,
      "arch": "x86_64",
      "target_triple": "x86_64-unknown-none",
      "rust_toolchain": "nightly-2024-12-25",
      "features": [],
      "flags": []
    },
    {
      "package_idx": 7,
      "tool": "semver-checks",
      "cmd": "cargo +nightly-2024-12-26-x86_64-unknown-linux-gnu semver-checks --target aarch64-unknown-none",
      "count": 1,
      "duration_ms": 283,
      "arch": "aarch64",
      "target_triple": "aarch64-unknown-none",
      "rust_toolchain": "nightly-2024-12-25",
      "features": [],
      "flags": []
    },
    {
      "package_idx": 7,
      "tool": "mirai",
      "cmd": "cargo +nightly-2024-02-05 mirai --target x86_64-unknown-linux-gnu --message-format=json",
      "count": 0,
      "duration_ms": 23,
      "arch": "x86_64",
      "target_triple": "x86_64-unknown-linux-gnu",
      "rust_toolchain": "nightly-2024-12-25",
      "features": [],
      "flags": []
    },
    {
      "package_idx": 7,
      "tool": "lockbud",
      "cmd": "cargo +nightly-2024-10-05 lockbud -k all -- --target riscv64gc-unknown-none-elf",
      "count": 0,
      "duration_ms": 23,
      "arch": "riscv64gc",
      "target_triple": "riscv64gc-unknown-none-elf",
      "rust_toolchain": "nightly-2024-12-25",
      "features": [],
      "flags": []
    },
    {
      "package_idx": 7,
      "tool": "lockbud",
      "cmd": "cargo +nightly-2024-10-05 lockbud -k all -- --target x86_64-unknown-linux-gnu",
      "count": 0,
      "duration_ms": 23,
      "arch": "x86_64",
      "target_triple": "x86_64-unknown-linux-gnu",
      "rust_toolchain": "nightly-2024-12-25",
      "features": [],
      "flags": []
    },
    {
      "package_idx": 7,
      "tool": "lockbud",
      "cmd": "cargo +nightly-2024-10-05 lockbud -k all -- --target x86_64-unknown-none",
      "count": 0,
      "duration_ms": 23,
      "arch": "x86_64",
      "target_triple": "x86_64-unknown-none",
      "rust_toolchain": "nightly-2024-12-25",
      "features": [],
      "flags": []
    },
    {
      "package_idx": 7,
      "tool": "lockbud",
      "cmd": "cargo +nightly-2024-10-05 lockbud -k all -- --target aarch64-unknown-none",
      "count": 0,
      "duration_ms": 22,
      "arch": "aarch64",
      "target_triple": "aarch64-unknown-none",
      "rust_toolchain": "nightly-2024-12-25",
      "features": [],
      "flags": []
    },
    {
      "package_idx": 7,
      "tool": "rap",
      "cmd": "cargo +nightly-2024-10-12 rap -F -M -- --target x86_64-unknown-linux-gnu",
      "count": 0,
      "duration_ms": 101,
      "arch": "x86_64",
      "target_triple": "x86_64-unknown-linux-gnu",
      "rust_toolchain": "nightly-2024-12-25",
      "features": [],
      "flags": []
    },
    {
      "package_idx": 7,
      "tool": "rap",
      "cmd": "cargo +nightly-2024-10-12 rap -F -M -- --target x86_64-unknown-none",
      "count": 0,
      "duration_ms": 100,
      "arch": "x86_64",
      "target_triple": "x86_64-unknown-none",
      "rust_toolchain": "nightly-2024-12-25",
      "features": [],
      "flags": []
    },
    {
      "package_idx": 7,
      "tool": "rap",
      "cmd": "cargo +nightly-2024-10-12 rap -F -M -- --target riscv64gc-unknown-none-elf",
      "count": 0,
      "duration_ms": 100,
      "arch": "riscv64gc",
      "target_triple": "riscv64gc-unknown-none-elf",
      "rust_toolchain": "nightly-2024-12-25",
      "features": [],
      "flags": []
    },
    {
      "package_idx": 7,
      "tool": "rap",
      "cmd": "cargo +nightly-2024-10-12 rap -F -M -- --target aarch64-unknown-none",
      "count": 0,
      "duration_ms": 99,
      "arch": "aarch64",
      "target_triple": "aarch64-unknown-none",
      "rust_toolchain": "nightly-2024-12-25",
      "features": [],
      "flags": []
    },
    {
      "package_idx": 7,
      "tool": "rudra",
      "cmd": "cargo +nightly-2021-10-21 rudra",
      "count": 0,
      "duration_ms": 90,
      "arch": "x86_64",
      "target_triple": "x86_64-unknown-linux-gnu",
      "rust_toolchain": "nightly-2024-12-25",
      "features": [],
      "flags": []
    },
    {
      "package_idx": 7,
      "tool": "outdated",
      "cmd": "cargo +nightly-2024-12-26-x86_64-unknown-linux-gnu outdated -R --exit-code=2",
      "count": 0,
      "duration_ms": 250,
      "arch": "x86_64",
      "target_triple": "x86_64-unknown-linux-gnu",
      "rust_toolchain": "nightly-2024-12-25",
      "features": [],
      "flags": []
    },
    {
      "package_idx": 7,
      "tool": "outdated",
      "cmd": "cargo +nightly-2024-12-26-x86_64-unknown-linux-gnu outdated -R --exit-code=2",
      "count": 0,
      "duration_ms": 246,
      "arch": "x86_64",
      "target_triple": "x86_64-unknown-none",
      "rust_toolchain": "nightly-2024-12-25",
      "features": [],
      "flags": []
    },
    {
      "package_idx": 7,
      "tool": "outdated",
      "cmd": "cargo +nightly-2024-12-26-x86_64-unknown-linux-gnu outdated -R --exit-code=2",
      "count": 0,
      "duration_ms": 241,
      "arch": "riscv64gc",
      "target_triple": "riscv64gc-unknown-none-elf",
      "rust_toolchain": "nightly-2024-12-25",
      "features": [],
      "flags": []
    },
    {
      "package_idx": 7,
      "tool": "outdated",
      "cmd": "cargo +nightly-2024-12-26-x86_64-unknown-linux-gnu outdated -R --exit-code=2",
      "count": 0,
      "duration_ms": 247,
      "arch": "aarch64",
      "target_triple": "aarch64-unknown-none",
      "rust_toolchain": "nightly-2024-12-25",
      "features": [],
      "flags": []
    },
    {
      "package_idx": 7,
      "tool": "geiger",
      "cmd": "cargo +nightly-2024-12-26-x86_64-unknown-linux-gnu geiger --output-format Ascii",
      "count": 0,
      "duration_ms": 77,
      "arch": "x86_64",
      "target_triple": "x86_64-unknown-linux-gnu",
      "rust_toolchain": "nightly-2024-12-25",
      "features": [],
      "flags": []
    },
    {
      "package_idx": 7,
      "tool": "cargo",
      "cmd": "VRITUAL=semver-checks cargo",
      "count": 1,
      "duration_ms": 2295,
      "arch": "x86_64",
      "target_triple": "x86_64-unknown-linux-gnu",
      "rust_toolchain": "nightly-2024-12-25",
      "features": [],
      "flags": []
    },
    {
      "package_idx": 7,
      "tool": "cargo",
      "cmd": "VRITUAL=semver-checks cargo",
      "count": 1,
      "duration_ms": 283,
      "arch": "aarch64",
      "target_triple": "aarch64-unknown-none",
      "rust_toolchain": "nightly-2024-12-25",
      "features": [],
      "flags": []
    },
    {
      "package_idx": 7,
      "tool": "cargo",
      "cmd": "VRITUAL=semver-checks cargo",
      "count": 1,
      "duration_ms": 283,
      "arch": "riscv64gc",
      "target_triple": "riscv64gc-unknown-none-elf",
      "rust_toolchain": "nightly-2024-12-25",
      "features": [],
      "flags": []
    },
    {
      "package_idx": 7,
      "tool": "cargo",
      "cmd": "VRITUAL=semver-checks cargo",
      "count": 1,
      "duration_ms": 283,
      "arch": "x86_64",
      "target_triple": "x86_64-unknown-none",
      "rust_toolchain": "nightly-2024-12-25",
      "features": [],
      "flags": []
    }
  ],
  "data": [
    {
      "cmd_idx": 12,
      "file": "[semver checks]",
      "kind": "Semver Violation",
      "raw": "pkg=arm-gic-driver, checker=SemverChecks\ntoolchain=nightly-2024-12-26-x86_64-unknown-linux-gnu, target=aarch64-unknown-none\npkg_dir=/home/runner/check/batch_3/ZR233/arm-gic-driver\ncmd=cargo +nightly-2024-12-26-x86_64-unknown-linux-gnu semver-checks --target aarch64-unknown-none\n\n\nstdout:\n\nstderr:\n    Building arm-gic-driver v0.3.1 (current)\nerror: running cargo-doc on crate 'arm-gic-driver' failed with output:\n-----\nerror: output of --print=file-names missing when learning about target-specific information from rustc\ncommand was: `/home/runner/.rustup/toolchains/nightly-2024-12-26-x86_64-unknown-linux-gnu/bin/rustc - --crate-name ___ --print=file-names --cap-lints=allow --target aarch64-unknown-none --crate-type bin --crate-type rlib --crate-type dylib --crate-type cdylib --crate-type staticlib --crate-type proc-macro --print=sysroot --print=split-debuginfo --print=crate-name --print=cfg`\n\n--- stdout\n___\nlib___.rlib\nlib___.a\n/home/runner/.rustup/toolchains/nightly-2024-12-26-x86_64-unknown-linux-gnu\noff\n___\ndebug_assertions\nfmt_debug=\"full\"\noverflow_checks\npanic=\"abort\"\nproc_macro\nrelocation_model=\"static\"\ntarget_abi=\"\"\ntarget_arch=\"aarch64\"\ntarget_endian=\"little\"\ntarget_env=\"\"\ntarget_feature=\"neon\"\ntarget_has_atomic\ntarget_has_atomic=\"128\"\ntarget_has_atomic=\"16\"\ntarget_has_atomic=\"32\"\ntarget_has_atomic=\"64\"\ntarget_has_atomic=\"8\"\ntarget_has_atomic=\"ptr\"\ntarget_has_atomic_equal_alignment=\"128\"\ntarget_has_atomic_equal_alignment=\"16\"\ntarget_has_atomic_equal_alignment=\"32\"\ntarget_has_atomic_equal_alignment=\"64\"\ntarget_has_atomic_equal_alignment=\"8\"\ntarget_has_atomic_equal_alignment=\"ptr\"\ntarget_has_atomic_load_store\ntarget_has_atomic_load_store=\"128\"\ntarget_has_atomic_load_store=\"16\"\ntarget_has_atomic_load_store=\"32\"\ntarget_has_atomic_load_store=\"64\"\ntarget_has_atomic_load_store=\"8\"\ntarget_has_atomic_load_store=\"ptr\"\ntarget_os=\"none\"\ntarget_pointer_width=\"64\"\ntarget_vendor=\"unknown\"\nub_checks\n\n\n-----\n\nerror: failed to build rustdoc for crate arm-gic-driver v0.3.1\nnote: this is usually due to a compilation error in the crate,\n      and is unlikely to be a bug in cargo-semver-checks\nnote: the following command can be used to reproduce the compilation error:\n      cargo new --lib example &&\n          cd example &&\n          echo '[workspace]' >> Cargo.toml &&\n          cargo add --path /home/runner/check/batch_3/ZR233/arm-gic-driver &&\n          cargo check\n\nerror: aborting due to failure to build rustdoc for crate arm-gic-driver v0.3.1\n"
    },
    {
      "cmd_idx": 15,
      "file": "[lockbud] Not supported to display yet.",
      "kind": "Lockbud(Possibly)",
      "raw": "[2024-12-29T00:03:23Z WARN  lockbud::callbacks] [\n      {\n        \"UseAfterFree\": {\n          \"bug_kind\": \"UseAfterFree\",\n          \"possibility\": \"Possibly\",\n          \"diagnosis\": \"Raw ptr is used at /home/runner/.cargo/registry/src/index.crates.io-6f17d22bba15001f/once_cell-1.20.2/src/imp_std.rs:218:18: 218:55 (#0) after dropped at /home/runner/.cargo/registry/src/index.crates.io-6f17d22bba15001f/once_cell-1.20.2/src/imp_std.rs:238:5: 238:6 (#0)\",\n          \"explanation\": \"Raw ptr is used or escapes the current function after the pointed value is dropped\"\n        }\n      },\n      {\n        \"UseAfterFree\": {\n          \"bug_kind\": \"UseAfterFree\",\n          \"possibility\": \"Possibly\",\n          \"diagnosis\": \"Raw ptr is used at /home/runner/.cargo/registry/src/index.crates.io-6f17d22bba15001f/once_cell-1.20.2/src/imp_std.rs:222:13: 222:53 (#0) after dropped at /home/runner/.cargo/registry/src/index.crates.io-6f17d22bba15001f/once_cell-1.20.2/src/imp_std.rs:238:5: 238:6 (#0)\",\n          \"explanation\": \"Raw ptr is used or escapes the current function after the pointed value is dropped\"\n        }\n      }\n    ]\n[2024-12-29T00:03:23Z WARN  lockbud::callbacks] crate once_cell contains bugs: { probably: 0, possibly: 0 }, conflictlock: { probably: 0, possibly: 0 }, condvar_deadlock: { probably: 0, possibly: 0 }, atomicity_violation: { possibly: 0 }, invalid_free: { possibly: 0 }, use_after_free: { possibly: 2 }\n[2024-12-29T00:03:23Z WARN  lockbud::callbacks] [\n      {\n        \"AtomicityViolation\": {\n          \"bug_kind\": \"AtomicityViolation\",\n          \"possibility\": \"Possibly\",\n          \"diagnosis\": {\n            \"fn_name\": \"set_logger_racy\",\n            \"atomic_reader\": \"/home/runner/.cargo/registry/src/index.crates.io-6f17d22bba15001f/log-0.4.22/src/lib.rs:1447:11: 1447:40 (#0)\",\n            \"atomic_writer\": \"/home/runner/.cargo/registry/src/index.crates.io-6f17d22bba15001f/log-0.4.22/src/lib.rs:1450:13: 1450:56 (#0)\",\n            \"dep_kind\": \"Control\"\n          },\n          \"explanation\": \"atomic::store is data/control dependent on atomic::load\"\n        }\n      }\n    ]\n[2024-12-29T00:03:23Z WARN  lockbud::callbacks] crate log contains bugs: { probably: 0, possibly: 0 }, conflictlock: { probably: 0, possibly: 0 }, condvar_deadlock: { probably: 0, possibly: 0 }, atomicity_violation: { possibly: 1 }, invalid_free: { possibly: 0 }, use_after_free: { possibly: 0 }"
    },
    {
      "cmd_idx": 16,
      "file": "[lockbud] Not supported to display yet.",
      "kind": "Lockbud(Possibly)",
      "raw": "[2024-12-29T00:03:23Z WARN  lockbud::callbacks] [\n      {\n        \"UseAfterFree\": {\n          \"bug_kind\": \"UseAfterFree\",\n          \"possibility\": \"Possibly\",\n          \"diagnosis\": \"Raw ptr is used at /home/runner/.cargo/registry/src/index.crates.io-6f17d22bba15001f/once_cell-1.20.2/src/imp_std.rs:218:18: 218:55 (#0) after dropped at /home/runner/.cargo/registry/src/index.crates.io-6f17d22bba15001f/once_cell-1.20.2/src/imp_std.rs:238:5: 238:6 (#0)\",\n          \"explanation\": \"Raw ptr is used or escapes the current function after the pointed value is dropped\"\n        }\n      },\n      {\n        \"UseAfterFree\": {\n          \"bug_kind\": \"UseAfterFree\",\n          \"possibility\": \"Possibly\",\n          \"diagnosis\": \"Raw ptr is used at /home/runner/.cargo/registry/src/index.crates.io-6f17d22bba15001f/once_cell-1.20.2/src/imp_std.rs:222:13: 222:53 (#0) after dropped at /home/runner/.cargo/registry/src/index.crates.io-6f17d22bba15001f/once_cell-1.20.2/src/imp_std.rs:238:5: 238:6 (#0)\",\n          \"explanation\": \"Raw ptr is used or escapes the current function after the pointed value is dropped\"\n        }\n      }\n    ]\n[2024-12-29T00:03:23Z WARN  lockbud::callbacks] crate once_cell contains bugs: { probably: 0, possibly: 0 }, conflictlock: { probably: 0, possibly: 0 }, condvar_deadlock: { probably: 0, possibly: 0 }, atomicity_violation: { possibly: 0 }, invalid_free: { possibly: 0 }, use_after_free: { possibly: 2 }\n[2024-12-29T00:03:28Z WARN  lockbud::callbacks] [\n      {\n        \"AtomicityViolation\": {\n          \"bug_kind\": \"AtomicityViolation\",\n          \"possibility\": \"Possibly\",\n          \"diagnosis\": {\n            \"fn_name\": \"set_logger_racy\",\n            \"atomic_reader\": \"/home/runner/.cargo/registry/src/index.crates.io-6f17d22bba15001f/log-0.4.22/src/lib.rs:1447:11: 1447:40 (#0)\",\n            \"atomic_writer\": \"/home/runner/.cargo/registry/src/index.crates.io-6f17d22bba15001f/log-0.4.22/src/lib.rs:1450:13: 1450:56 (#0)\",\n            \"dep_kind\": \"Control\"\n          },\n          \"explanation\": \"atomic::store is data/control dependent on atomic::load\"\n        }\n      }\n    ]\n[2024-12-29T00:03:28Z WARN  lockbud::callbacks] crate log contains bugs: { probably: 0, possibly: 0 }, conflictlock: { probably: 0, possibly: 0 }, condvar_deadlock: { probably: 0, possibly: 0 }, atomicity_violation: { possibly: 1 }, invalid_free: { possibly: 0 }, use_after_free: { possibly: 0 }"
    },
    {
      "cmd_idx": 23,
      "file": "(virtual) semver-checks",
      "kind": "Cargo",
      "raw": "// pkg_name=arm-gic-driver, checker=SemverChecks\n// toolchain=nightly-2024-12-26-x86_64-unknown-linux-gnu, target=aarch64-unknown-none\n// pkg_dir=/home/runner/check/batch_3/ZR233/arm-gic-driver\n// cmd=cargo +nightly-2024-12-26-x86_64-unknown-linux-gnu semver-checks --target aarch64-unknown-none\n// timestamp=2024-12-29 8:03:14.427590096 +08:00:00\n    Building arm-gic-driver v0.3.1 (current)\nerror: running cargo-doc on crate 'arm-gic-driver' failed with output:\n-----\nerror: output of --print=file-names missing when learning about target-specific information from rustc\ncommand was: `/home/runner/.rustup/toolchains/nightly-2024-12-26-x86_64-unknown-linux-gnu/bin/rustc - --crate-name ___ --print=file-names --cap-lints=allow --target aarch64-unknown-none --crate-type bin --crate-type rlib --crate-type dylib --crate-type cdylib --crate-type staticlib --crate-type proc-macro --print=sysroot --print=split-debuginfo --print=crate-name --print=cfg`\n\n--- stdout\n___\nlib___.rlib\nlib___.a\n/home/runner/.rustup/toolchains/nightly-2024-12-26-x86_64-unknown-linux-gnu\noff\n___\ndebug_assertions\nfmt_debug=\"full\"\noverflow_checks\npanic=\"abort\"\nproc_macro\nrelocation_model=\"static\"\ntarget_abi=\"\"\ntarget_arch=\"aarch64\"\ntarget_endian=\"little\"\ntarget_env=\"\"\ntarget_feature=\"neon\"\ntarget_has_atomic\ntarget_has_atomic=\"128\"\ntarget_has_atomic=\"16\"\ntarget_has_atomic=\"32\"\ntarget_has_atomic=\"64\"\ntarget_has_atomic=\"8\"\ntarget_has_atomic=\"ptr\"\ntarget_has_atomic_equal_alignment=\"128\"\ntarget_has_atomic_equal_alignment=\"16\"\ntarget_has_atomic_equal_alignment=\"32\"\ntarget_has_atomic_equal_alignment=\"64\"\ntarget_has_atomic_equal_alignment=\"8\"\ntarget_has_atomic_equal_alignment=\"ptr\"\ntarget_has_atomic_load_store\ntarget_has_atomic_load_store=\"128\"\ntarget_has_atomic_load_store=\"16\"\ntarget_has_atomic_load_store=\"32\"\ntarget_has_atomic_load_store=\"64\"\ntarget_has_atomic_load_store=\"8\"\ntarget_has_atomic_load_store=\"ptr\"\ntarget_os=\"none\"\ntarget_pointer_width=\"64\"\ntarget_vendor=\"unknown\"\nub_checks\n\n\n-----\n\nerror: failed to build rustdoc for crate arm-gic-driver v0.3.1\nnote: this is usually due to a compilation error in the crate,\n      and is unlikely to be a bug in cargo-semver-checks\nnote: the following command can be used to reproduce the compilation error:\n      cargo new --lib example &&\n          cd example &&\n          echo '[workspace]' >> Cargo.toml &&\n          cargo add --path /home/runner/check/batch_3/ZR233/arm-gic-driver &&\n          cargo check\n\nerror: aborting due to failure to build rustdoc for crate arm-gic-driver v0.3.1\n"
    },
    {
      "cmd_idx": 24,
      "file": "(virtual) lockbud",
      "kind": "Cargo",
      "raw": "// pkg_name=arm-gic-driver, checker=Lockbud\n// toolchain=nightly-2024-12-26-x86_64-unknown-linux-gnu, target=x86_64-unknown-linux-gnu\n// pkg_dir=/home/runner/check/batch_3/ZR233/arm-gic-driver\n// cmd=cargo +nightly-2024-10-05 lockbud -k all -- --target x86_64-unknown-linux-gnu\n// timestamp=2024-12-29 8:03:28.115615202 +08:00:00\n   Compiling tock-registers v0.9.0\n[2024-12-29T00:03:23Z WARN  lockbud::callbacks] [\n      {\n        \"UseAfterFree\": {\n          \"bug_kind\": \"UseAfterFree\",\n          \"possibility\": \"Possibly\",\n          \"diagnosis\": \"Raw ptr is used at /home/runner/.cargo/registry/src/index.crates.io-6f17d22bba15001f/once_cell-1.20.2/src/imp_std.rs:218:18: 218:55 (#0) after dropped at /home/runner/.cargo/registry/src/index.crates.io-6f17d22bba15001f/once_cell-1.20.2/src/imp_std.rs:238:5: 238:6 (#0)\",\n          \"explanation\": \"Raw ptr is used or escapes the current function after the pointed value is dropped\"\n        }\n      },\n      {\n        \"UseAfterFree\": {\n          \"bug_kind\": \"UseAfterFree\",\n          \"possibility\": \"Possibly\",\n          \"diagnosis\": \"Raw ptr is used at /home/runner/.cargo/registry/src/index.crates.io-6f17d22bba15001f/once_cell-1.20.2/src/imp_std.rs:222:13: 222:53 (#0) after dropped at /home/runner/.cargo/registry/src/index.crates.io-6f17d22bba15001f/once_cell-1.20.2/src/imp_std.rs:238:5: 238:6 (#0)\",\n          \"explanation\": \"Raw ptr is used or escapes the current function after the pointed value is dropped\"\n        }\n      }\n    ]\n[2024-12-29T00:03:23Z WARN  lockbud::callbacks] crate once_cell contains bugs: { probably: 0, possibly: 0 }, conflictlock: { probably: 0, possibly: 0 }, condvar_deadlock: { probably: 0, possibly: 0 }, atomicity_violation: { possibly: 0 }, invalid_free: { possibly: 0 }, use_after_free: { possibly: 2 }\n   Compiling bitflags v2.6.0\n   Compiling log v0.4.22\n   Compiling aarch64-cpu v10.0.0\n[2024-12-29T00:03:28Z WARN  lockbud::callbacks] [\n      {\n        \"AtomicityViolation\": {\n          \"bug_kind\": \"AtomicityViolation\",\n          \"possibility\": \"Possibly\",\n          \"diagnosis\": {\n            \"fn_name\": \"set_logger_racy\",\n            \"atomic_reader\": \"/home/runner/.cargo/registry/src/index.crates.io-6f17d22bba15001f/log-0.4.22/src/lib.rs:1447:11: 1447:40 (#0)\",\n            \"atomic_writer\": \"/home/runner/.cargo/registry/src/index.crates.io-6f17d22bba15001f/log-0.4.22/src/lib.rs:1450:13: 1450:56 (#0)\",\n            \"dep_kind\": \"Control\"\n          },\n          \"explanation\": \"atomic::store is data/control dependent on atomic::load\"\n        }\n      }\n    ]\n[2024-12-29T00:03:28Z WARN  lockbud::callbacks] crate log contains bugs: { probably: 0, possibly: 0 }, conflictlock: { probably: 0, possibly: 0 }, condvar_deadlock: { probably: 0, possibly: 0 }, atomicity_violation: { possibly: 1 }, invalid_free: { possibly: 0 }, use_after_free: { possibly: 0 }\n   Compiling arm-gic-driver v0.3.1 (/home/runner/check/batch_3/ZR233/arm-gic-driver)\nerror: unknown token in expression\n   --> src/version/v3.rs:368:5\n    |\n368 |     MOV   w0, #1\n    |     ^\n    |\nnote: instantiated into assembly here\n   --> <inline asm>:3:15\n    |\n3   |     MOV   w0, #1\n    |               ^\n\nerror: invalid instruction mnemonic 'msr'\n   --> src/version/v3.rs:369:5\n    |\n369 |     MSR   ICC_IGRPEN1_EL1, x0\n    |     ^\n    |\nnote: instantiated into assembly here\n   --> <inline asm>:4:5\n    |\n4   |     MSR   ICC_IGRPEN1_EL1, x0\n    |     ^^^\n\nerror: invalid instruction mnemonic 'isb'\n   --> src/version/v3.rs:370:5\n    |\n370 |     ISB\"\n    |     ^\n    |\nnote: instantiated into assembly here\n   --> <inline asm>:5:5\n    |\n5   |     ISB\n    |     ^^^\n\nerror: invalid instruction mnemonic 'mrs'\n   --> src/version/v3.rs:350:30\n    |\n350 |             core::arch::asm!(concat!(\"mrs {}, \", $name), out(reg) x);\n    |                              ^\n    |\nnote: instantiated into assembly here\n   --> <inline asm>:2:2\n    |\n2   |     mrs rax, icc_iar1_el1\n    |     ^^^\n\nerror: invalid instruction mnemonic 'msr'\n   --> src/version/v3.rs:360:30\n    |\n360 |             core::arch::asm!(concat!(\"msr \", $name, \", {0:x}\"), in(reg) x);\n    |                              ^\n    |\nnote: instantiated into assembly here\n   --> <inline asm>:2:2\n    |\n2   |     msr icc_eoir1_el1, ax\n    |     ^^^\n\nerror: invalid instruction mnemonic 'mrs'\n   --> src/version/v3.rs:350:30\n    |\n350 |             core::arch::asm!(concat!(\"mrs {}, \", $name), out(reg) x);\n    |                              ^\n    |\nnote: instantiated into assembly here\n   --> <inline asm>:2:2\n    |\n2   |     mrs rax, ICC_SRE_EL1\n    |     ^^^\n\nerror: invalid instruction mnemonic 'msr'\n   --> src/version/v3.rs:360:30\n    |\n360 |             core::arch::asm!(concat!(\"msr \", $name, \", {0:x}\"), in(reg) x);\n    |                              ^\n    |\nnote: instantiated into assembly here\n   --> <inline asm>:2:2\n    |\n2   |     msr ICC_SRE_EL1, ax\n    |     ^^^\n\nerror: invalid instruction mnemonic 'msr'\n   --> src/version/v3.rs:360:30\n    |\n360 |             core::arch::asm!(concat!(\"msr \", $name, \", {0:x}\"), in(reg) x);\n    |                              ^\n    |\nnote: instantiated into assembly here\n   --> <inline asm>:2:2\n    |\n2   |     msr ICC_PMR_EL1, ax\n    |     ^^^\n\nerror: invalid instruction mnemonic 'msr'\n   --> src/version/v3.rs:360:30\n    |\n360 |             core::arch::asm!(concat!(\"msr \", $name, \", {0:x}\"), in(reg) x);\n    |                              ^\n    |\nnote: instantiated into assembly here\n   --> <inline asm>:2:2\n    |\n2   |     msr ICC_CTLR_EL1, ax\n    |     ^^^\n\nerror: could not compile `arm-gic-driver` (lib) due to 9 previous errors\n"
    },
    {
      "cmd_idx": 27,
      "file": "[semver checks]",
      "kind": "Semver Violation",
      "raw": "pkg=arm-pl011-rs, checker=SemverChecks\ntoolchain=nightly-2024-12-26-x86_64-unknown-linux-gnu, target=aarch64-unknown-none\npkg_dir=/home/runner/check/batch_3/ZR233/arm-pl011-rs\ncmd=cargo +nightly-2024-12-26-x86_64-unknown-linux-gnu semver-checks --target aarch64-unknown-none\n\n\nstdout:\n\nstderr:\n    Building arm-pl011-rs v0.1.3 (current)\nerror: running cargo-doc on crate 'arm-pl011-rs' failed with output:\n-----\nerror: output of --print=file-names missing when learning about target-specific information from rustc\ncommand was: `/home/runner/.rustup/toolchains/nightly-2024-12-26-x86_64-unknown-linux-gnu/bin/rustc - --crate-name ___ --print=file-names --cap-lints=allow --target aarch64-unknown-none --crate-type bin --crate-type rlib --crate-type dylib --crate-type cdylib --crate-type staticlib --crate-type proc-macro --print=sysroot --print=split-debuginfo --print=crate-name --print=cfg`\n\n--- stdout\n___\nlib___.rlib\nlib___.a\n/home/runner/.rustup/toolchains/nightly-2024-12-26-x86_64-unknown-linux-gnu\noff\n___\ndebug_assertions\nfmt_debug=\"full\"\noverflow_checks\npanic=\"abort\"\nproc_macro\nrelocation_model=\"static\"\ntarget_abi=\"\"\ntarget_arch=\"aarch64\"\ntarget_endian=\"little\"\ntarget_env=\"\"\ntarget_feature=\"neon\"\ntarget_has_atomic\ntarget_has_atomic=\"128\"\ntarget_has_atomic=\"16\"\ntarget_has_atomic=\"32\"\ntarget_has_atomic=\"64\"\ntarget_has_atomic=\"8\"\ntarget_has_atomic=\"ptr\"\ntarget_has_atomic_equal_alignment=\"128\"\ntarget_has_atomic_equal_alignment=\"16\"\ntarget_has_atomic_equal_alignment=\"32\"\ntarget_has_atomic_equal_alignment=\"64\"\ntarget_has_atomic_equal_alignment=\"8\"\ntarget_has_atomic_equal_alignment=\"ptr\"\ntarget_has_atomic_load_store\ntarget_has_atomic_load_store=\"128\"\ntarget_has_atomic_load_store=\"16\"\ntarget_has_atomic_load_store=\"32\"\ntarget_has_atomic_load_store=\"64\"\ntarget_has_atomic_load_store=\"8\"\ntarget_has_atomic_load_store=\"ptr\"\ntarget_os=\"none\"\ntarget_pointer_width=\"64\"\ntarget_vendor=\"unknown\"\nub_checks\n\n\n-----\n\nerror: failed to build rustdoc for crate arm-pl011-rs v0.1.3\nnote: this is usually due to a compilation error in the crate,\n      and is unlikely to be a bug in cargo-semver-checks\nnote: the following command can be used to reproduce the compilation error:\n      cargo new --lib example &&\n          cd example &&\n          echo '[workspace]' >> Cargo.toml &&\n          cargo add --path /home/runner/check/batch_3/ZR233/arm-pl011-rs &&\n          cargo check\n\nerror: aborting due to failure to build rustdoc for crate arm-pl011-rs v0.1.3\n"
    },
    {
      "cmd_idx": 30,
      "file": "[outdated direct dependencies]",
      "kind": "Outdated",
      "raw": "pkg=arm-pl011-rs, checker=Outdated\ntoolchain=nightly-2024-12-26-x86_64-unknown-linux-gnu, target=aarch64-unknown-none\npkg_dir=/home/runner/check/batch_3/ZR233/arm-pl011-rs\ncmd=cargo +nightly-2024-12-26-x86_64-unknown-linux-gnu outdated -R --exit-code=2\n\nName            Project  Compat  Latest  Kind    Platform\n----            -------  ------  ------  ----    --------\ntock-registers  0.8.1    ---     0.9.0   Normal  ---\n"
    },
    {
      "cmd_idx": 31,
      "file": "(virtual) semver-checks",
      "kind": "Cargo",
      "raw": "// pkg_name=arm-pl011-rs, checker=SemverChecks\n// toolchain=nightly-2024-12-26-x86_64-unknown-linux-gnu, target=aarch64-unknown-none\n// pkg_dir=/home/runner/check/batch_3/ZR233/arm-pl011-rs\n// cmd=cargo +nightly-2024-12-26-x86_64-unknown-linux-gnu semver-checks --target aarch64-unknown-none\n// timestamp=2024-12-29 8:03:53.532376498 +08:00:00\n    Building arm-pl011-rs v0.1.3 (current)\nerror: running cargo-doc on crate 'arm-pl011-rs' failed with output:\n-----\nerror: output of --print=file-names missing when learning about target-specific information from rustc\ncommand was: `/home/runner/.rustup/toolchains/nightly-2024-12-26-x86_64-unknown-linux-gnu/bin/rustc - --crate-name ___ --print=file-names --cap-lints=allow --target aarch64-unknown-none --crate-type bin --crate-type rlib --crate-type dylib --crate-type cdylib --crate-type staticlib --crate-type proc-macro --print=sysroot --print=split-debuginfo --print=crate-name --print=cfg`\n\n--- stdout\n___\nlib___.rlib\nlib___.a\n/home/runner/.rustup/toolchains/nightly-2024-12-26-x86_64-unknown-linux-gnu\noff\n___\ndebug_assertions\nfmt_debug=\"full\"\noverflow_checks\npanic=\"abort\"\nproc_macro\nrelocation_model=\"static\"\ntarget_abi=\"\"\ntarget_arch=\"aarch64\"\ntarget_endian=\"little\"\ntarget_env=\"\"\ntarget_feature=\"neon\"\ntarget_has_atomic\ntarget_has_atomic=\"128\"\ntarget_has_atomic=\"16\"\ntarget_has_atomic=\"32\"\ntarget_has_atomic=\"64\"\ntarget_has_atomic=\"8\"\ntarget_has_atomic=\"ptr\"\ntarget_has_atomic_equal_alignment=\"128\"\ntarget_has_atomic_equal_alignment=\"16\"\ntarget_has_atomic_equal_alignment=\"32\"\ntarget_has_atomic_equal_alignment=\"64\"\ntarget_has_atomic_equal_alignment=\"8\"\ntarget_has_atomic_equal_alignment=\"ptr\"\ntarget_has_atomic_load_store\ntarget_has_atomic_load_store=\"128\"\ntarget_has_atomic_load_store=\"16\"\ntarget_has_atomic_load_store=\"32\"\ntarget_has_atomic_load_store=\"64\"\ntarget_has_atomic_load_store=\"8\"\ntarget_has_atomic_load_store=\"ptr\"\ntarget_os=\"none\"\ntarget_pointer_width=\"64\"\ntarget_vendor=\"unknown\"\nub_checks\n\n\n-----\n\nerror: failed to build rustdoc for crate arm-pl011-rs v0.1.3\nnote: this is usually due to a compilation error in the crate,\n      and is unlikely to be a bug in cargo-semver-checks\nnote: the following command can be used to reproduce the compilation error:\n      cargo new --lib example &&\n          cd example &&\n          echo '[workspace]' >> Cargo.toml &&\n          cargo add --path /home/runner/check/batch_3/ZR233/arm-pl011-rs &&\n          cargo check\n\nerror: aborting due to failure to build rustdoc for crate arm-pl011-rs v0.1.3\n"
    },
    {
      "cmd_idx": 36,
      "file": "[rap] Not supported to display yet.",
      "kind": "Rap",
      "raw": "pkg=ostool, checker=Rap\ntoolchain=nightly-2024-12-26-x86_64-unknown-linux-gnu, target=x86_64-unknown-linux-gnu\npkg_dir=/home/runner/check/batch_3/ZR233/ostool\ncmd=cargo +nightly-2024-10-12 rap -F -M -- --target x86_64-unknown-linux-gnu\n\n20:27:27|RAP|WARN|: Double free detected in function serial_wait_for_shell\n20:27:27|RAP|WARN|: Location: src/step/uboot.rs:380:17: 380:18 (#0)\n"
    },
    {
      "cmd_idx": 44,
      "file": "arceos-vmm/src/vmm/config.rs",
      "kind": "Clippy(Warn)",
      "raw": "warning: module has the same name as its containing module\n  --> arceos-vmm/src/vmm/config.rs:5:1\n   |\n5  | / pub mod config {\n6  | |     use alloc::vec::Vec;\n7  | |\n8  | |     /// Default static VM configs. Used when no VM config is provided.\n...  |\n29 | |     include!(concat!(env!(\"OUT_DIR\"), \"/vm_configs.rs\"));\n30 | | }\n   | |_^\n   |\n   = help: for further information visit https://rust-lang.github.io/rust-clippy/master/index.html#module_inception\n   = note: `#[warn(clippy::module_inception)]` on by default\n\n"
    },
    {
      "cmd_idx": 45,
      "file": "/home/runner/.cargo/git/checkouts/arceos-8c00e25977aa9a10/c62b386/modules/axhal/src/platform/aarch64_common/boot_el2.rs",
      "kind": "Clippy(Error)",
      "raw": "error[E0425]: cannot find function `init_boot_page_table` in module `crate::platform::mem`\n  --> /home/runner/.cargo/git/checkouts/arceos-8c00e25977aa9a10/c62b386/modules/axhal/src/platform/aarch64_common/boot_el2.rs:89:27\n   |\n89 |     crate::platform::mem::init_boot_page_table(addr_of_mut!(BOOT_PT_L0), addr_of_mut!(BOOT_PT_L1));\n   |                           ^^^^^^^^^^^^^^^^^^^^ not found in `crate::platform::mem`\n\n"
    },
    {
      "cmd_idx": 45,
      "file": "/home/runner/.cargo/git/checkouts/arceos-8c00e25977aa9a10/c62b386/modules/axhal/src/platform/aarch64_common/boot_el2.rs",
      "kind": "Clippy(Error)",
      "raw": "error[E0425]: cannot find value `rust_entry` in module `crate::platform`\n   --> /home/runner/.cargo/git/checkouts/arceos-8c00e25977aa9a10/c62b386/modules/axhal/src/platform/aarch64_common/boot_el2.rs:175:38\n    |\n175 |         entry = sym crate::platform::rust_entry,\n    |                                      ^^^^^^^^^^ not found in `crate::platform`\n\n"
    },
    {
      "cmd_idx": 45,
      "file": "/home/runner/.cargo/git/checkouts/arceos-8c00e25977aa9a10/c62b386/modules/axhal/src/platform/aarch64_common/psci.rs",
      "kind": "Clippy(Error)",
      "raw": "error[E0425]: cannot find value `PSCI_METHOD` in crate `axconfig`\n  --> /home/runner/.cargo/git/checkouts/arceos-8c00e25977aa9a10/c62b386/modules/axhal/src/platform/aarch64_common/psci.rs:82:31\n   |\n82 |     let ret = match axconfig::PSCI_METHOD {\n   |                               ^^^^^^^^^^^ not found in `axconfig`\n\n"
    },
    {
      "cmd_idx": 45,
      "file": "/home/runner/.cargo/git/checkouts/arceos-8c00e25977aa9a10/c62b386/modules/axhal/src/platform/aarch64_common/psci.rs",
      "kind": "Clippy(Error)",
      "raw": "error[E0425]: cannot find value `PSCI_METHOD` in crate `axconfig`\n  --> /home/runner/.cargo/git/checkouts/arceos-8c00e25977aa9a10/c62b386/modules/axhal/src/platform/aarch64_common/psci.rs:85:58\n   |\n85 |         _ => panic!(\"Unknown PSCI method: {}\", axconfig::PSCI_METHOD),\n   |                                                          ^^^^^^^^^^^ not found in `axconfig`\n\n"
    },
    {
      "cmd_idx": 45,
      "file": "/home/runner/.cargo/git/checkouts/arceos-8c00e25977aa9a10/c62b386/modules/axhal/src/platform/aarch64_common/gic.rs",
      "kind": "Clippy(Error)",
      "raw": "error[E0425]: cannot find value `UART_IRQ` in crate `axconfig`\n  --> /home/runner/.cargo/git/checkouts/arceos-8c00e25977aa9a10/c62b386/modules/axhal/src/platform/aarch64_common/gic.rs:18:57\n   |\n18 | pub const UART_IRQ_NUM: usize = translate_irq(axconfig::UART_IRQ, InterruptType::SPI).unwrap();\n   |                                                         ^^^^^^^^ not found in `axconfig`\n\n"
    },
    {
      "cmd_idx": 45,
      "file": "/home/runner/.cargo/git/checkouts/arceos-8c00e25977aa9a10/c62b386/modules/axhal/src/platform/aarch64_common/gic.rs",
      "kind": "Clippy(Error)",
      "raw": "error[E0425]: cannot find value `GICD_PADDR` in crate `axconfig`\n  --> /home/runner/.cargo/git/checkouts/arceos-8c00e25977aa9a10/c62b386/modules/axhal/src/platform/aarch64_common/gic.rs:20:43\n   |\n20 | const GICD_BASE: PhysAddr = pa!(axconfig::GICD_PADDR);\n   |                                           ^^^^^^^^^^ not found in `axconfig`\n\n"
    },
    {
      "cmd_idx": 45,
      "file": "/home/runner/.cargo/git/checkouts/arceos-8c00e25977aa9a10/c62b386/modules/axhal/src/platform/aarch64_common/gic.rs",
      "kind": "Clippy(Error)",
      "raw": "error[E0425]: cannot find value `GICC_PADDR` in crate `axconfig`\n  --> /home/runner/.cargo/git/checkouts/arceos-8c00e25977aa9a10/c62b386/modules/axhal/src/platform/aarch64_common/gic.rs:21:43\n   |\n21 | const GICC_BASE: PhysAddr = pa!(axconfig::GICC_PADDR);\n   |                                           ^^^^^^^^^^ not found in `axconfig`\n\n"
    },
    {
      "cmd_idx": 45,
      "file": "/home/runner/.cargo/git/checkouts/arceos-8c00e25977aa9a10/c62b386/modules/axhal/src/platform/aarch64_common/pl011.rs",
      "kind": "Clippy(Error)",
      "raw": "error[E0425]: cannot find value `UART_PADDR` in crate `axconfig`\n --> /home/runner/.cargo/git/checkouts/arceos-8c00e25977aa9a10/c62b386/modules/axhal/src/platform/aarch64_common/pl011.rs:9:43\n  |\n9 | const UART_BASE: PhysAddr = pa!(axconfig::UART_PADDR);\n  |                                           ^^^^^^^^^^ not found in `axconfig`\n\n"
    },
    {
      "cmd_idx": 45,
      "file": "/home/runner/.cargo/git/checkouts/arceos-8c00e25977aa9a10/c62b386/modules/axhal/src/platform/aarch64_common/pl011.rs",
      "kind": "Clippy(Error)",
      "raw": "error[E0425]: cannot find value `UART_IRQ_NUM` in module `crate::platform::irq`\n  --> /home/runner/.cargo/git/checkouts/arceos-8c00e25977aa9a10/c62b386/modules/axhal/src/platform/aarch64_common/pl011.rs:39:50\n   |\n39 |     crate::irq::set_enable(crate::platform::irq::UART_IRQ_NUM, true);\n   |                                                  ^^^^^^^^^^^^ not found in `crate::platform::irq`\n   |\nhelp: consider importing this constant\n   |\n3  + use crate::platform::aarch64_common::gic::UART_IRQ_NUM;\n   |\nhelp: if you import `UART_IRQ_NUM`, refer to it directly\n   |\n39 -     crate::irq::set_enable(crate::platform::irq::UART_IRQ_NUM, true);\n39 +     crate::irq::set_enable(UART_IRQ_NUM, true);\n   |\n\n"
    },
    {
      "cmd_idx": 46,
      "file": "arceos-vmm/src/vmm/config.rs",
      "kind": "Clippy(Warn)",
      "raw": "warning: module has the same name as its containing module\n  --> arceos-vmm/src/vmm/config.rs:5:1\n   |\n5  | / pub mod config {\n6  | |     use alloc::vec::Vec;\n7  | |\n8  | |     /// Default static VM configs. Used when no VM config is provided.\n...  |\n29 | |     include!(concat!(env!(\"OUT_DIR\"), \"/vm_configs.rs\"));\n30 | | }\n   | |_^\n   |\n   = help: for further information visit https://rust-lang.github.io/rust-clippy/master/index.html#module_inception\n   = note: `#[warn(clippy::module_inception)]` on by default\n\n"
    },
    {
      "cmd_idx": 47,
      "file": "/home/runner/.cargo/git/checkouts/arceos-8c00e25977aa9a10/c62b386/modules/axhal/src/platform/aarch64_common/boot_el2.rs",
      "kind": "Clippy(Error)",
      "raw": "error[E0425]: cannot find function `init_boot_page_table` in module `crate::platform::mem`\n  --> /home/runner/.cargo/git/checkouts/arceos-8c00e25977aa9a10/c62b386/modules/axhal/src/platform/aarch64_common/boot_el2.rs:89:27\n   |\n89 |     crate::platform::mem::init_boot_page_table(addr_of_mut!(BOOT_PT_L0), addr_of_mut!(BOOT_PT_L1));\n   |                           ^^^^^^^^^^^^^^^^^^^^ not found in `crate::platform::mem`\n\n"
    },
    {
      "cmd_idx": 47,
      "file": "/home/runner/.cargo/git/checkouts/arceos-8c00e25977aa9a10/c62b386/modules/axhal/src/platform/aarch64_common/boot_el2.rs",
      "kind": "Clippy(Error)",
      "raw": "error[E0425]: cannot find value `rust_entry` in module `crate::platform`\n   --> /home/runner/.cargo/git/checkouts/arceos-8c00e25977aa9a10/c62b386/modules/axhal/src/platform/aarch64_common/boot_el2.rs:175:38\n    |\n175 |         entry = sym crate::platform::rust_entry,\n    |                                      ^^^^^^^^^^ not found in `crate::platform`\n\n"
    },
    {
      "cmd_idx": 47,
      "file": "/home/runner/.cargo/git/checkouts/arceos-8c00e25977aa9a10/c62b386/modules/axhal/src/platform/aarch64_common/psci.rs",
      "kind": "Clippy(Error)",
      "raw": "error[E0425]: cannot find value `PSCI_METHOD` in crate `axconfig`\n  --> /home/runner/.cargo/git/checkouts/arceos-8c00e25977aa9a10/c62b386/modules/axhal/src/platform/aarch64_common/psci.rs:82:31\n   |\n82 |     let ret = match axconfig::PSCI_METHOD {\n   |                               ^^^^^^^^^^^ not found in `axconfig`\n\n"
    },
    {
      "cmd_idx": 47,
      "file": "/home/runner/.cargo/git/checkouts/arceos-8c00e25977aa9a10/c62b386/modules/axhal/src/platform/aarch64_common/psci.rs",
      "kind": "Clippy(Error)",
      "raw": "error[E0425]: cannot find value `PSCI_METHOD` in crate `axconfig`\n  --> /home/runner/.cargo/git/checkouts/arceos-8c00e25977aa9a10/c62b386/modules/axhal/src/platform/aarch64_common/psci.rs:85:58\n   |\n85 |         _ => panic!(\"Unknown PSCI method: {}\", axconfig::PSCI_METHOD),\n   |                                                          ^^^^^^^^^^^ not found in `axconfig`\n\n"
    },
    {
      "cmd_idx": 47,
      "file": "/home/runner/.cargo/git/checkouts/arceos-8c00e25977aa9a10/c62b386/modules/axhal/src/platform/aarch64_common/gic.rs",
      "kind": "Clippy(Error)",
      "raw": "error[E0425]: cannot find value `UART_IRQ` in crate `axconfig`\n  --> /home/runner/.cargo/git/checkouts/arceos-8c00e25977aa9a10/c62b386/modules/axhal/src/platform/aarch64_common/gic.rs:18:57\n   |\n18 | pub const UART_IRQ_NUM: usize = translate_irq(axconfig::UART_IRQ, InterruptType::SPI).unwrap();\n   |                                                         ^^^^^^^^ not found in `axconfig`\n\n"
    },
    {
      "cmd_idx": 47,
      "file": "/home/runner/.cargo/git/checkouts/arceos-8c00e25977aa9a10/c62b386/modules/axhal/src/platform/aarch64_common/gic.rs",
      "kind": "Clippy(Error)",
      "raw": "error[E0425]: cannot find value `GICD_PADDR` in crate `axconfig`\n  --> /home/runner/.cargo/git/checkouts/arceos-8c00e25977aa9a10/c62b386/modules/axhal/src/platform/aarch64_common/gic.rs:20:43\n   |\n20 | const GICD_BASE: PhysAddr = pa!(axconfig::GICD_PADDR);\n   |                                           ^^^^^^^^^^ not found in `axconfig`\n\n"
    },
    {
      "cmd_idx": 47,
      "file": "/home/runner/.cargo/git/checkouts/arceos-8c00e25977aa9a10/c62b386/modules/axhal/src/platform/aarch64_common/gic.rs",
      "kind": "Clippy(Error)",
      "raw": "error[E0425]: cannot find value `GICC_PADDR` in crate `axconfig`\n  --> /home/runner/.cargo/git/checkouts/arceos-8c00e25977aa9a10/c62b386/modules/axhal/src/platform/aarch64_common/gic.rs:21:43\n   |\n21 | const GICC_BASE: PhysAddr = pa!(axconfig::GICC_PADDR);\n   |                                           ^^^^^^^^^^ not found in `axconfig`\n\n"
    },
    {
      "cmd_idx": 47,
      "file": "/home/runner/.cargo/git/checkouts/arceos-8c00e25977aa9a10/c62b386/modules/axhal/src/platform/aarch64_common/pl011.rs",
      "kind": "Clippy(Error)",
      "raw": "error[E0425]: cannot find value `UART_PADDR` in crate `axconfig`\n --> /home/runner/.cargo/git/checkouts/arceos-8c00e25977aa9a10/c62b386/modules/axhal/src/platform/aarch64_common/pl011.rs:9:43\n  |\n9 | const UART_BASE: PhysAddr = pa!(axconfig::UART_PADDR);\n  |                                           ^^^^^^^^^^ not found in `axconfig`\n\n"
    },
    {
      "cmd_idx": 47,
      "file": "/home/runner/.cargo/git/checkouts/arceos-8c00e25977aa9a10/c62b386/modules/axhal/src/platform/aarch64_common/pl011.rs",
      "kind": "Clippy(Error)",
      "raw": "error[E0425]: cannot find value `UART_IRQ_NUM` in module `crate::platform::irq`\n  --> /home/runner/.cargo/git/checkouts/arceos-8c00e25977aa9a10/c62b386/modules/axhal/src/platform/aarch64_common/pl011.rs:39:50\n   |\n39 |     crate::irq::set_enable(crate::platform::irq::UART_IRQ_NUM, true);\n   |                                                  ^^^^^^^^^^^^ not found in `crate::platform::irq`\n   |\nhelp: consider importing this constant\n   |\n3  + use crate::platform::aarch64_common::gic::UART_IRQ_NUM;\n   |\nhelp: if you import `UART_IRQ_NUM`, refer to it directly\n   |\n39 -     crate::irq::set_enable(crate::platform::irq::UART_IRQ_NUM, true);\n39 +     crate::irq::set_enable(UART_IRQ_NUM, true);\n   |\n\n"
    },
    {
      "cmd_idx": 48,
      "file": "[lockbud] Not supported to display yet.",
      "kind": "Lockbud(Possibly)",
      "raw": "[2024-12-31T20:29:15Z WARN  lockbud::callbacks] [\n      {\n        \"AtomicityViolation\": {\n          \"bug_kind\": \"AtomicityViolation\",\n          \"possibility\": \"Possibly\",\n          \"diagnosis\": {\n            \"fn_name\": \"lazy::LazyUsize::unsync_init\",\n            \"atomic_reader\": \"/home/runner/.cargo/registry/src/index.crates.io-6f17d22bba15001f/getrandom-0.2.15/src/lazy.rs:36:23: 36:43 (#0)\",\n            \"atomic_writer\": \"/home/runner/.cargo/registry/src/index.crates.io-6f17d22bba15001f/getrandom-0.2.15/src/lazy.rs:39:13: 39:39 (#0)\",\n            \"dep_kind\": \"Both\"\n          },\n          \"explanation\": \"atomic::store is data/control dependent on atomic::load\"\n        }\n      }\n    ]\n[2024-12-31T20:29:15Z WARN  lockbud::callbacks] crate getrandom contains bugs: { probably: 0, possibly: 0 }, conflictlock: { probably: 0, possibly: 0 }, condvar_deadlock: { probably: 0, possibly: 0 }, atomicity_violation: { possibly: 1 }, invalid_free: { possibly: 0 }, use_after_free: { possibly: 0 }\n[2024-12-31T20:29:29Z WARN  lockbud::callbacks] [\n      {\n        \"AtomicityViolation\": {\n          \"bug_kind\": \"AtomicityViolation\",\n          \"possibility\": \"Possibly\",\n          \"diagnosis\": {\n            \"fn_name\": \"set_logger_racy\",\n            \"atomic_reader\": \"/home/runner/.cargo/registry/src/index.crates.io-6f17d22bba15001f/log-0.4.21/src/lib.rs:1408:11: 1408:39 (#0)\",\n            \"atomic_writer\": \"/home/runner/.cargo/registry/src/index.crates.io-6f17d22bba15001f/log-0.4.21/src/lib.rs:1411:13: 1411:55 (#0)\",\n            \"dep_kind\": \"Control\"\n          },\n          \"explanation\": \"atomic::store is data/control dependent on atomic::load\"\n        }\n      }\n    ]\n[2024-12-31T20:29:29Z WARN  lockbud::callbacks] crate log contains bugs: { probably: 0, possibly: 0 }, conflictlock: { probably: 0, possibly: 0 }, condvar_deadlock: { probably: 0, possibly: 0 }, atomicity_violation: { possibly: 1 }, invalid_free: { possibly: 0 }, use_after_free: { possibly: 0 }\n[2024-12-31T20:29:37Z WARN  lockbud::callbacks] [\n      {\n        \"AtomicityViolation\": {\n          \"bug_kind\": \"AtomicityViolation\",\n          \"possibility\": \"Possibly\",\n          \"diagnosis\": {\n            \"fn_name\": \"regex_automata::util::pool::inner::Pool::<T, F>::get\",\n            \"atomic_reader\": \"/home/runner/.cargo/registry/src/index.crates.io-6f17d22bba15001f/regex-automata-0.4.9/src/util/pool.rs:525:25: 525:59 (#0)\",\n            \"atomic_writer\": \"/home/runner/.cargo/registry/src/index.crates.io-6f17d22bba15001f/regex-automata-0.4.9/src/util/pool.rs:530:17: 530:69 (#0)\",\n            \"dep_kind\": \"Control\"\n          },\n          \"explanation\": \"atomic::store is data/control dependent on atomic::load\"\n        }\n      }\n    ]\n[2024-12-31T20:29:37Z WARN  lockbud::callbacks] crate riscv_target contains bugs: { probably: 0, possibly: 0 }, conflictlock: { probably: 0, possibly: 0 }, condvar_deadlock: { probably: 0, possibly: 0 }, atomicity_violation: { possibly: 1 }, invalid_free: { possibly: 0 }, use_after_free: { possibly: 0 }"
    },
    {
      "cmd_idx": 49,
      "file": "[lockbud] Not supported to display yet.",
      "kind": "Lockbud(Possibly)",
      "raw": "[2024-12-31T20:29:13Z WARN  lockbud::callbacks] [\n      {\n        \"AtomicityViolation\": {\n          \"bug_kind\": \"AtomicityViolation\",\n          \"possibility\": \"Possibly\",\n          \"diagnosis\": {\n            \"fn_name\": \"set_logger_racy\",\n            \"atomic_reader\": \"/home/runner/.cargo/registry/src/index.crates.io-6f17d22bba15001f/log-0.4.21/src/lib.rs:1408:11: 1408:39 (#0)\",\n            \"atomic_writer\": \"/home/runner/.cargo/registry/src/index.crates.io-6f17d22bba15001f/log-0.4.21/src/lib.rs:1411:13: 1411:55 (#0)\",\n            \"dep_kind\": \"Control\"\n          },\n          \"explanation\": \"atomic::store is data/control dependent on atomic::load\"\n        }\n      }\n    ]\n[2024-12-31T20:29:13Z WARN  lockbud::callbacks] crate log contains bugs: { probably: 0, possibly: 0 }, conflictlock: { probably: 0, possibly: 0 }, condvar_deadlock: { probably: 0, possibly: 0 }, atomicity_violation: { possibly: 1 }, invalid_free: { possibly: 0 }, use_after_free: { possibly: 0 }\n[2024-12-31T20:29:15Z WARN  lockbud::callbacks] [\n      {\n        \"AtomicityViolation\": {\n          \"bug_kind\": \"AtomicityViolation\",\n          \"possibility\": \"Possibly\",\n          \"diagnosis\": {\n            \"fn_name\": \"lazy::LazyUsize::unsync_init\",\n            \"atomic_reader\": \"/home/runner/.cargo/registry/src/index.crates.io-6f17d22bba15001f/getrandom-0.2.15/src/lazy.rs:36:23: 36:43 (#0)\",\n            \"atomic_writer\": \"/home/runner/.cargo/registry/src/index.crates.io-6f17d22bba15001f/getrandom-0.2.15/src/lazy.rs:39:13: 39:39 (#0)\",\n            \"dep_kind\": \"Both\"\n          },\n          \"explanation\": \"atomic::store is data/control dependent on atomic::load\"\n        }\n      }\n    ]\n[2024-12-31T20:29:15Z WARN  lockbud::callbacks] crate getrandom contains bugs: { probably: 0, possibly: 0 }, conflictlock: { probably: 0, possibly: 0 }, condvar_deadlock: { probably: 0, possibly: 0 }, atomicity_violation: { possibly: 1 }, invalid_free: { possibly: 0 }, use_after_free: { possibly: 0 }"
    },
    {
      "cmd_idx": 50,
      "file": "[lockbud] Not supported to display yet.",
      "kind": "Lockbud(Possibly)",
      "raw": "[2024-12-31T20:29:15Z WARN  lockbud::callbacks] [\n      {\n        \"AtomicityViolation\": {\n          \"bug_kind\": \"AtomicityViolation\",\n          \"possibility\": \"Possibly\",\n          \"diagnosis\": {\n            \"fn_name\": \"lazy::LazyUsize::unsync_init\",\n            \"atomic_reader\": \"/home/runner/.cargo/registry/src/index.crates.io-6f17d22bba15001f/getrandom-0.2.15/src/lazy.rs:36:23: 36:43 (#0)\",\n            \"atomic_writer\": \"/home/runner/.cargo/registry/src/index.crates.io-6f17d22bba15001f/getrandom-0.2.15/src/lazy.rs:39:13: 39:39 (#0)\",\n            \"dep_kind\": \"Both\"\n          },\n          \"explanation\": \"atomic::store is data/control dependent on atomic::load\"\n        }\n      }\n    ]\n[2024-12-31T20:29:15Z WARN  lockbud::callbacks] crate getrandom contains bugs: { probably: 0, possibly: 0 }, conflictlock: { probably: 0, possibly: 0 }, condvar_deadlock: { probably: 0, possibly: 0 }, atomicity_violation: { possibly: 1 }, invalid_free: { possibly: 0 }, use_after_free: { possibly: 0 }\n[2024-12-31T20:29:24Z WARN  lockbud::callbacks] [\n      {\n        \"AtomicityViolation\": {\n          \"bug_kind\": \"AtomicityViolation\",\n          \"possibility\": \"Possibly\",\n          \"diagnosis\": {\n            \"fn_name\": \"set_logger_racy\",\n            \"atomic_reader\": \"/home/runner/.cargo/registry/src/index.crates.io-6f17d22bba15001f/log-0.4.21/src/lib.rs:1408:11: 1408:39 (#0)\",\n            \"atomic_writer\": \"/home/runner/.cargo/registry/src/index.crates.io-6f17d22bba15001f/log-0.4.21/src/lib.rs:1411:13: 1411:55 (#0)\",\n            \"dep_kind\": \"Control\"\n          },\n          \"explanation\": \"atomic::store is data/control dependent on atomic::load\"\n        }\n      }\n    ]\n[2024-12-31T20:29:24Z WARN  lockbud::callbacks] crate log contains bugs: { probably: 0, possibly: 0 }, conflictlock: { probably: 0, possibly: 0 }, condvar_deadlock: { probably: 0, possibly: 0 }, atomicity_violation: { possibly: 1 }, invalid_free: { possibly: 0 }, use_after_free: { possibly: 0 }"
    },
    {
      "cmd_idx": 51,
      "file": "[lockbud] Not supported to display yet.",
      "kind": "Lockbud(Possibly)",
      "raw": "[2024-12-31T20:29:43Z WARN  lockbud::callbacks] [\n      {\n        \"AtomicityViolation\": {\n          \"bug_kind\": \"AtomicityViolation\",\n          \"possibility\": \"Possibly\",\n          \"diagnosis\": {\n            \"fn_name\": \"set_logger_racy\",\n            \"atomic_reader\": \"/home/runner/.cargo/registry/src/index.crates.io-6f17d22bba15001f/log-0.4.21/src/lib.rs:1408:11: 1408:39 (#0)\",\n            \"atomic_writer\": \"/home/runner/.cargo/registry/src/index.crates.io-6f17d22bba15001f/log-0.4.21/src/lib.rs:1411:13: 1411:55 (#0)\",\n            \"dep_kind\": \"Control\"\n          },\n          \"explanation\": \"atomic::store is data/control dependent on atomic::load\"\n        }\n      }\n    ]\n[2024-12-31T20:29:43Z WARN  lockbud::callbacks] crate log contains bugs: { probably: 0, possibly: 0 }, conflictlock: { probably: 0, possibly: 0 }, condvar_deadlock: { probably: 0, possibly: 0 }, atomicity_violation: { possibly: 1 }, invalid_free: { possibly: 0 }, use_after_free: { possibly: 0 }\n[2024-12-31T20:29:15Z WARN  lockbud::callbacks] [\n      {\n        \"AtomicityViolation\": {\n          \"bug_kind\": \"AtomicityViolation\",\n          \"possibility\": \"Possibly\",\n          \"diagnosis\": {\n            \"fn_name\": \"lazy::LazyUsize::unsync_init\",\n            \"atomic_reader\": \"/home/runner/.cargo/registry/src/index.crates.io-6f17d22bba15001f/getrandom-0.2.15/src/lazy.rs:36:23: 36:43 (#0)\",\n            \"atomic_writer\": \"/home/runner/.cargo/registry/src/index.crates.io-6f17d22bba15001f/getrandom-0.2.15/src/lazy.rs:39:13: 39:39 (#0)\",\n            \"dep_kind\": \"Both\"\n          },\n          \"explanation\": \"atomic::store is data/control dependent on atomic::load\"\n        }\n      }\n    ]\n[2024-12-31T20:29:15Z WARN  lockbud::callbacks] crate getrandom contains bugs: { probably: 0, possibly: 0 }, conflictlock: { probably: 0, possibly: 0 }, condvar_deadlock: { probably: 0, possibly: 0 }, atomicity_violation: { possibly: 1 }, invalid_free: { possibly: 0 }, use_after_free: { possibly: 0 }"
    },
    {
      "cmd_idx": 60,
      "file": "(virtual) outdated",
      "kind": "Cargo",
      "raw": "// pkg_name=arceos-vmm, checker=Outdated\n// toolchain=nightly-2024-05-02, target=riscv64gc-unknown-none-elf\n// pkg_dir=/home/runner/check/batch_3/arceos-hypervisor/arceos-umhv/arceos-vmm\n// cmd=cargo +nightly-2024-12-26-x86_64-unknown-linux-gnu outdated -R --exit-code=2\n// timestamp=2025-01-01 4:30:51.685801854 +08:00:00\n    Updating git repository `https://github.com/arceos-hypervisor/arceos.git`\n    Updating git repository `https://github.com/arceos-hypervisor/axaddrspace.git`\n    Updating git repository `https://github.com/arceos-hypervisor/arceos.git`\n    Updating git repository `https://github.com/arceos-hypervisor/axvcpu.git`\n    Updating git repository `https://github.com/arceos-hypervisor/axvm.git`\n    Updating git repository `https://github.com/arceos-hypervisor/toml.git`\nerror: failed to select a version for `x86_64`.\n    ... required by package `page_table_entry v0.4.2`\n    ... which satisfies dependency `page_table_entry = \"^0.4.2\"` of package `axaddrspace v0.1.0 (https://github.com/arceos-hypervisor/axaddrspace.git#d135a90b)`\n    ... which satisfies git dependency `axaddrspace` of package `arceos-vmm v0.1.0 (/tmp/cargo-outdatedfjy26P/arceos-vmm)`\nversions that meet the requirements `=0.15.1` are: 0.15.1\n\nall possible versions conflict with previously selected packages.\n\n  previously selected package `x86_64 v0.15.2`\n    ... which satisfies dependency `x86_64 = \"^0.15.2\"` of package `page_table_entry v0.5.0`\n    ... which satisfies dependency `page_table_entry = \"^0.5.0\"` of package `arceos-vmm v0.1.0 (/tmp/cargo-outdatedfjy26P/arceos-vmm)`\n\nfailed to select a version for `x86_64` which could resolve this conflict\n"
    },
    {
      "cmd_idx": 61,
      "file": "(virtual) clippy",
      "kind": "Cargo",
      "raw": "// pkg_name=arceos-vmm, checker=Clippy\n// toolchain=nightly-2024-05-02, target=aarch64-unknown-none\n// pkg_dir=/home/runner/check/batch_3/arceos-hypervisor/arceos-umhv/arceos-vmm\n// cmd=cargo clippy --target aarch64-unknown-none --no-deps --message-format=json\n// timestamp=2025-01-01 4:28:33.153267076 +08:00:00\n    Updating git repository `https://github.com/arceos-hypervisor/axaddrspace.git`\n    Updating git repository `https://github.com/arceos-hypervisor/arceos.git`\n    Updating git repository `https://github.com/arceos-hypervisor/axvcpu.git`\n    Updating git repository `https://github.com/arceos-hypervisor/axvm.git`\n    Updating git repository `https://github.com/arceos-hypervisor/toml.git`\n    Updating git repository `https://github.com/arceos-hypervisor/axdevice.git`\n    Updating git repository `https://github.com/arceos-hypervisor/axvmconfig.git`\n    Updating git repository `https://github.com/arceos-hypervisor/arm_vcpu.git`\n    Updating git repository `https://github.com/arceos-hypervisor/riscv_vcpu.git`\n    Updating git repository `https://github.com/arceos-hypervisor/x86_vcpu.git`\n    Updating git repository `https://github.com/arceos-hypervisor/axdevice_crates.git`\n    Updating git repository `https://github.com/rcore-os/riscv`\n    Updating git repository `https://github.com/KuangjuX/riscv-decode.git`\n    Updating git repository `https://github.com/arceos-org/allocator.git`\n    Updating git repository `https://github.com/arceos-org/axdriver_crates.git`\n    Updating git repository `https://github.com/rafalh/rust-fatfs`\n    Updating git repository `https://github.com/arceos-hypervisor/arm_gicv2`\n    Updating git repository `https://github.com/arceos-org/scheduler.git`\n    Updating git repository `https://github.com/arceos-org/linked_list.git`\n Downloading crates ...\n  Downloaded const-random-macro v0.1.16\n  Downloaded const-random v0.1.18\n  Downloaded bit_field v0.10.2\n  Downloaded ahash v0.8.11\n  Downloaded bitmap-allocator v0.2.0\n  Downloaded kernel_guard v0.1.1\n  Downloaded volatile v0.4.6\n  Downloaded tiny-keccak v2.0.2\n  Downloaded x2apic v0.4.3\n  Downloaded percpu v0.1.6\n  Downloaded page_table_entry v0.4.2\n  Downloaded spin v0.9.8\n  Downloaded x86_64 v0.14.12\n  Downloaded x86_64 v0.15.1\n  Downloaded winnow v0.6.20\n  Downloaded syn v2.0.90\n  Downloaded svgbobdoc v0.3.0\n  Downloaded percpu_macros v0.1.6\n  Downloaded libc v0.2.168\n  Downloaded memory_set v0.3.1\n  Downloaded hashbrown v0.14.5\n  Downloaded serde_derive v1.0.216\n  Downloaded serde v1.0.216\n  Downloaded rustversion v1.0.18\n  Downloaded rlsf v0.2.1\n  Downloaded x86 v0.52.0\n  Downloaded raw-cpuid v11.2.0\n  Downloaded quote v1.0.37\n  Downloaded memory_addr v0.3.1\n  Downloaded linkme-impl v0.3.31\n  Downloaded timer_list v0.1.0\n  Downloaded raw-cpuid v10.7.0\n  Downloaded page_table_multiarch v0.4.2\n  Downloaded numeric-enum-macro v0.2.0\n  Downloaded lazyinit v0.2.1\n  Downloaded dw_apb_uart v0.1.0\n  Downloaded crunchy v0.2.2\n  Downloaded cpumask v0.1.0\n  Downloaded bitmaps v3.2.1\n  Downloaded base64 v0.13.1\n  Downloaded aarch64_sysreg v0.1.1\n  Downloaded linkme v0.3.31\n  Downloaded crate_interface v0.1.3\n  Downloaded chrono v0.4.39\n  Downloaded handler_table v0.1.1\n  Downloaded tock-registers v0.8.1\n  Downloaded serde_repr v0.1.19\n  Downloaded int_ratio v0.1.0\n  Downloaded const-default v1.0.0\n  Downloaded cortex-a v8.1.1\n  Downloaded axio v0.1.0\n  Downloaded axerrno v0.1.0\n  Downloaded aarch64-cpu v9.4.0\n  Downloaded arm_pl011 v0.1.0\n  Downloaded bit v0.1.1\n  Downloaded kspin v0.1.0\n   Compiling proc-macro2 v1.0.92\n   Compiling unicode-ident v1.0.14\n    Checking cfg-if v1.0.0\n   Compiling serde v1.0.216\n   Compiling equivalent v1.0.1\n   Compiling hashbrown v0.15.2\n    Checking tock-registers v0.8.1\n   Compiling winnow v0.6.20\n   Compiling indexmap v2.7.0\n   Compiling quote v1.0.37\n    Checking log v0.4.21\n   Compiling syn v2.0.90\n   Compiling crunchy v0.2.2\n   Compiling axerrno v0.1.0\n   Compiling libc v0.2.168\n   Compiling tiny-keccak v2.0.2\n    Checking memory_addr v0.3.1\n    Checking bit_field v0.10.2\n    Checking aarch64-cpu v9.4.0\n   Compiling getrandom v0.2.15\n    Checking bitflags v2.6.0\n   Compiling toml_datetime v0.6.8\n   Compiling version_check v0.9.5\n   Compiling once_cell v1.20.2\n   Compiling const-random-macro v0.1.16\n   Compiling ahash v0.8.11\n   Compiling toml_edit v0.22.22\n   Compiling autocfg v1.4.0\n    Checking lazyinit v0.2.1\n   Compiling syn v1.0.109\n   Compiling percpu v0.1.6\n    Checking page_table_entry v0.4.2\n    Checking page_table_multiarch v0.4.2\n   Compiling base64 v0.13.1\n   Compiling unicode-width v0.1.14\n    Checking const-default v1.0.0\n   Compiling linkme-impl v0.3.31\n    Checking bitmap-allocator v0.2.0\n    Checking arm_gicv2 v0.1.0 (https://github.com/arceos-hypervisor/arm_gicv2#eee14941)\n    Checking dw_apb_uart v0.1.0\n    Checking cortex-a v8.1.1\n   Compiling crate_interface v0.1.3\n   Compiling percpu_macros v0.1.6\n   Compiling axconfig v0.1.0 (https://github.com/arceos-hypervisor/arceos.git?branch=vmm#c62b386e)\n    Checking kernel_guard v0.1.1\n    Checking kspin v0.1.0\n   Compiling serde_derive v1.0.216\n   Compiling svgbobdoc v0.3.0\n   Compiling axhal v0.1.0 (https://github.com/arceos-hypervisor/arceos.git?branch=vmm#c62b386e)\n    Checking axlog v0.1.0 (https://github.com/arceos-hypervisor/arceos.git?branch=vmm#c62b386e)\n    Checking arm_pl011 v0.1.0\n    Checking handler_table v0.1.1\n    Checking rlsf v0.2.1\n    Checking int_ratio v0.1.0\n    Checking static_assertions v1.1.0\n   Compiling num-traits v0.2.19\n    Checking allocator v0.1.1 (https://github.com/arceos-org/allocator.git?tag=v0.1.1#1d5b7a1b)\n    Checking const-random v0.1.18\n    Checking zerocopy v0.7.35\n    Checking axalloc v0.1.0 (https://github.com/arceos-hypervisor/arceos.git?branch=vmm#c62b386e)\n    Checking bitmaps v3.2.1\n    Checking linkme v0.3.31\n    Checking linked_list v0.1.0 (https://github.com/arceos-org/linked_list.git?tag=v0.1.0#34c8db30)\n    Checking scheduler v0.1.0 (https://github.com/arceos-org/scheduler.git?tag=v0.1.0#c8d25d9a)\n    Checking cpumask v0.1.0\n    Checking memory_set v0.3.1\n    Checking numeric-enum-macro v0.2.0\nerror: could not compile `axhal` (lib) due to 10 previous errors\nwarning: build failed, waiting for other jobs to finish...\n"
    },
    {
      "cmd_idx": 62,
      "file": "(virtual) rap",
      "kind": "Cargo",
      "raw": "// pkg_name=arceos-vmm, checker=Rap\n// toolchain=nightly-2024-05-02, target=x86_64-unknown-none\n// pkg_dir=/home/runner/check/batch_3/arceos-hypervisor/arceos-umhv/arceos-vmm\n// cmd=cargo +nightly-2024-10-12 rap -F -M -- --target x86_64-unknown-none\n// timestamp=2025-01-01 4:30:31.890377273 +08:00:00\n   Compiling proc-macro2 v1.0.92\n   Compiling unicode-ident v1.0.14\n    Checking cfg-if v1.0.0\n    Checking bit_field v0.10.2\n   Compiling serde v1.0.216\n   Compiling hashbrown v0.15.2\n   Compiling rustversion v1.0.18\n   Compiling equivalent v1.0.1\n   Compiling indexmap v2.7.0\n   Compiling winnow v0.6.20\n   Compiling quote v1.0.37\n    Checking bitflags v2.6.0\n   Compiling syn v2.0.90\n    Checking log v0.4.21\n   Compiling libc v0.2.168\n    Checking bitflags v1.3.2\n    Checking volatile v0.4.6\n   Compiling axerrno v0.1.0\n   Compiling crunchy v0.2.2\n    Checking raw-cpuid v10.7.0\n   Compiling tiny-keccak v2.0.2\n    Checking memory_addr v0.3.1\n   Compiling x86 v0.52.0\n   Compiling getrandom v0.2.15\n    Checking x86_64 v0.15.1\n   Compiling once_cell v1.20.2\n   Compiling version_check v0.9.5\n   Compiling toml_datetime v0.6.8\n   Compiling toml_edit v0.22.22\n   Compiling ahash v0.8.11\n    Checking page_table_entry v0.4.2\n   Compiling const-random-macro v0.1.16\n    Checking page_table_multiarch v0.4.2\n   Compiling syn v1.0.109\n    Checking lazyinit v0.2.1\n   Compiling autocfg v1.4.0\n   Compiling percpu v0.1.6\n   Compiling base64 v0.13.1\n   Compiling unicode-width v0.1.14\n   Compiling crate_interface v0.1.3\n   Compiling percpu_macros v0.1.6\n    Checking kernel_guard v0.1.1\n    Checking x86_64 v0.14.12\n   Compiling linkme-impl v0.3.31\n   Compiling paste v1.0.15\n    Checking const-default v1.0.0\n    Checking kspin v0.1.0\n    Checking raw-cpuid v11.2.0\n    Checking bitmap-allocator v0.2.0\n   Compiling axconfig v0.1.0 (https://github.com/arceos-hypervisor/arceos.git?branch=vmm#c62b386e)\n   Compiling svgbobdoc v0.3.0\n   Compiling axhal v0.1.0 (https://github.com/arceos-hypervisor/arceos.git?branch=vmm#c62b386e)\n    Checking rlsf v0.2.1\n   Compiling serde_derive v1.0.216\n    Checking bit v0.1.1\n    Checking tock-registers v0.8.1\n    Checking allocator v0.1.1 (https://github.com/arceos-org/allocator.git?tag=v0.1.1#1d5b7a1b)\n    Checking cortex-a v8.1.1\n    Checking x2apic v0.4.3\n    Checking axalloc v0.1.0 (https://github.com/arceos-hypervisor/arceos.git?branch=vmm#c62b386e)\n    Checking linkme v0.3.31\n    Checking axlog v0.1.0 (https://github.com/arceos-hypervisor/arceos.git?branch=vmm#c62b386e)\n    Checking handler_table v0.1.1\n    Checking int_ratio v0.1.0\n    Checking static_assertions v1.1.0\n   Compiling num-traits v0.2.19\n    Checking const-random v0.1.18\n    Checking linked_list v0.1.0 (https://github.com/arceos-org/linked_list.git?tag=v0.1.0#34c8db30)\n    Checking zerocopy v0.7.35\n    Checking bitmaps v3.2.1\n    Checking scheduler v0.1.0 (https://github.com/arceos-org/scheduler.git?tag=v0.1.0#c8d25d9a)\n    Checking cpumask v0.1.0\nerror[E0787]: the `asm!` macro is not allowed in naked functions\n   --> /home/runner/.cargo/git/checkouts/arceos-8c00e25977aa9a10/c62b386/modules/axhal/src/arch/x86_64/context.rs:201:5\n    |\n201 | /     asm!(\n202 | |         \"\n203 | |         push    rbp\n204 | |         push    rbx\n...   |\n219 | |         options(noreturn),\n220 | |     )\n    | |_____^ consider using the `naked_asm!` macro instead\n\n    Checking memory_set v0.3.1\nFor more information about this error, try `rustc --explain E0787`.\nerror: could not compile `axhal` (lib) due to 1 previous error\nwarning: build failed, waiting for other jobs to finish...\n20:30:45|RAP|ERROR|: Finished with non-zero exit code.\n"
    },
    {
      "cmd_idx": 63,
      "file": "(virtual) rap",
      "kind": "Cargo",
      "raw": "// pkg_name=arceos-vmm, checker=Rap\n// toolchain=nightly-2024-05-02, target=riscv64gc-unknown-none-elf\n// pkg_dir=/home/runner/check/batch_3/arceos-hypervisor/arceos-umhv/arceos-vmm\n// cmd=cargo +nightly-2024-10-12 rap -F -M -- --target riscv64gc-unknown-none-elf\n// timestamp=2025-01-01 4:30:18.997536634 +08:00:00\n   Compiling proc-macro2 v1.0.92\n   Compiling unicode-ident v1.0.14\n    Checking cfg-if v1.0.0\n   Compiling serde v1.0.216\n    Checking log v0.4.21\n   Compiling equivalent v1.0.1\n   Compiling hashbrown v0.15.2\n   Compiling winnow v0.6.20\n   Compiling indexmap v2.7.0\n   Compiling quote v1.0.37\n   Compiling libc v0.2.168\n   Compiling syn v2.0.90\n   Compiling crunchy v0.2.2\n   Compiling axerrno v0.1.0\n    Checking memory_addr v0.3.1\n   Compiling tiny-keccak v2.0.2\n    Checking bit_field v0.10.2\n   Compiling autocfg v1.4.0\n   Compiling riscv v0.11.1\n   Compiling getrandom v0.2.15\n    Checking critical-section v1.2.0\n    Checking bitflags v2.6.0\n   Compiling once_cell v1.20.2\n   Compiling version_check v0.9.5\n   Compiling toml_datetime v0.6.8\n    Checking embedded-hal v1.0.0\n   Compiling toml_edit v0.22.22\n   Compiling ahash v0.8.11\n   Compiling const-random-macro v0.1.16\n    Checking page_table_entry v0.4.2\n    Checking page_table_multiarch v0.4.2\n    Checking lazyinit v0.2.1\n   Compiling syn v1.0.109\n   Compiling percpu v0.1.6\n   Compiling unicode-width v0.1.14\n    Checking sbi-spec v0.0.7\n   Compiling base64 v0.13.1\n    Checking sbi-rt v0.0.3\n    Checking tock-registers v0.8.1\n   Compiling linkme-impl v0.3.31\n    Checking const-default v1.0.0\n    Checking bitmap-allocator v0.2.0\n   Compiling memchr v2.7.4\n   Compiling crate_interface v0.1.3\n   Compiling percpu_macros v0.1.6\n    Checking kernel_guard v0.1.1\n    Checking kspin v0.1.0\n   Compiling serde_derive v1.0.216\n   Compiling axconfig v0.1.0 (https://github.com/arceos-hypervisor/arceos.git?branch=vmm#c62b386e)\n   Compiling svgbobdoc v0.3.0\n   Compiling axhal v0.1.0 (https://github.com/arceos-hypervisor/arceos.git?branch=vmm#c62b386e)\n    Checking rlsf v0.2.1\n    Checking allocator v0.1.1 (https://github.com/arceos-org/allocator.git?tag=v0.1.1#1d5b7a1b)\n    Checking axlog v0.1.0 (https://github.com/arceos-hypervisor/arceos.git?branch=vmm#c62b386e)\n    Checking linkme v0.3.31\n   Compiling aho-corasick v1.1.3\n    Checking cortex-a v8.1.1\n    Checking axalloc v0.1.0 (https://github.com/arceos-hypervisor/arceos.git?branch=vmm#c62b386e)\n    Checking static_assertions v1.1.0\n    Checking handler_table v0.1.1\n    Checking int_ratio v0.1.0\n   Compiling regex-syntax v0.8.5\n   Compiling semver-parser v0.7.0\n   Compiling semver v0.9.0\nerror[E0787]: the `asm!` macro is not allowed in naked functions\n   --> /home/runner/.cargo/git/checkouts/arceos-8c00e25977aa9a10/c62b386/modules/axhal/src/arch/riscv/context.rs:125:5\n    |\n125 | /     asm!(\n126 | |         \"\n127 | |         // save old context (callee-saved registers)\n128 | |         STR     ra, a0, 0\n...   |\n160 | |         options(noreturn),\n161 | |     )\n    | |_____^ consider using the `naked_asm!` macro instead\n\n    Checking const-random v0.1.18\nFor more information about this error, try `rustc --explain E0787`.\nerror: could not compile `axhal` (lib) due to 1 previous error\nwarning: build failed, waiting for other jobs to finish...\n20:30:31|RAP|ERROR|: Finished with non-zero exit code.\n"
    },
    {
      "cmd_idx": 64,
      "file": "(virtual) outdated",
      "kind": "Cargo",
      "raw": "// pkg_name=arceos-vmm, checker=Outdated\n// toolchain=nightly-2024-05-02, target=aarch64-unknown-none\n// pkg_dir=/home/runner/check/batch_3/arceos-hypervisor/arceos-umhv/arceos-vmm\n// cmd=cargo +nightly-2024-12-26-x86_64-unknown-linux-gnu outdated -R --exit-code=2\n// timestamp=2025-01-01 4:30:45.280010133 +08:00:00\n    Updating git repository `https://github.com/arceos-hypervisor/arceos.git`\n    Updating git repository `https://github.com/arceos-hypervisor/axaddrspace.git`\n    Updating git repository `https://github.com/arceos-hypervisor/arceos.git`\n    Updating git repository `https://github.com/arceos-hypervisor/axvcpu.git`\n    Updating git repository `https://github.com/arceos-hypervisor/axvm.git`\n    Updating git repository `https://github.com/arceos-hypervisor/toml.git`\nerror: failed to select a version for `x86_64`.\n    ... required by package `page_table_entry v0.4.2`\n    ... which satisfies dependency `page_table_entry = \"^0.4.2\"` of package `axaddrspace v0.1.0 (https://github.com/arceos-hypervisor/axaddrspace.git#d135a90b)`\n    ... which satisfies git dependency `axaddrspace` of package `arceos-vmm v0.1.0 (/tmp/cargo-outdatedeMvKf1/arceos-vmm)`\nversions that meet the requirements `=0.15.1` are: 0.15.1\n\nall possible versions conflict with previously selected packages.\n\n  previously selected package `x86_64 v0.15.2`\n    ... which satisfies dependency `x86_64 = \"^0.15.2\"` of package `page_table_entry v0.5.0`\n    ... which satisfies dependency `page_table_entry = \"^0.5.0\"` of package `arceos-vmm v0.1.0 (/tmp/cargo-outdatedeMvKf1/arceos-vmm)`\n\nfailed to select a version for `x86_64` which could resolve this conflict\n"
    },
    {
      "cmd_idx": 65,
      "file": "(virtual) rap",
      "kind": "Cargo",
      "raw": "// pkg_name=arceos-vmm, checker=Rap\n// toolchain=nightly-2024-05-02, target=aarch64-unknown-none-softfloat\n// pkg_dir=/home/runner/check/batch_3/arceos-hypervisor/arceos-umhv/arceos-vmm\n// cmd=cargo +nightly-2024-10-12 rap -F -M -- --target aarch64-unknown-none-softfloat\n// timestamp=2025-01-01 4:30:07.185222201 +08:00:00\n   Compiling proc-macro2 v1.0.92\n   Compiling unicode-ident v1.0.14\n    Checking cfg-if v1.0.0\n   Compiling serde v1.0.216\n    Checking tock-registers v0.8.1\n   Compiling hashbrown v0.15.2\n   Compiling equivalent v1.0.1\n   Compiling winnow v0.6.20\n   Compiling indexmap v2.7.0\n   Compiling quote v1.0.37\n    Checking log v0.4.21\n   Compiling crunchy v0.2.2\n   Compiling syn v2.0.90\n   Compiling axerrno v0.1.0\n   Compiling libc v0.2.168\n    Checking memory_addr v0.3.1\n   Compiling tiny-keccak v2.0.2\n    Checking bit_field v0.10.2\n    Checking aarch64-cpu v9.4.0\n   Compiling getrandom v0.2.15\n   Compiling toml_datetime v0.6.8\n   Compiling version_check v0.9.5\n   Compiling once_cell v1.20.2\n    Checking bitflags v2.6.0\n   Compiling const-random-macro v0.1.16\n   Compiling ahash v0.8.11\n   Compiling toml_edit v0.22.22\n   Compiling syn v1.0.109\n   Compiling autocfg v1.4.0\n    Checking lazyinit v0.2.1\n   Compiling percpu v0.1.6\n    Checking page_table_entry v0.4.2\n    Checking page_table_multiarch v0.4.2\n   Compiling base64 v0.13.1\n   Compiling unicode-width v0.1.14\n    Checking const-default v1.0.0\n   Compiling linkme-impl v0.3.31\n    Checking bitmap-allocator v0.2.0\n   Compiling percpu_macros v0.1.6\n   Compiling crate_interface v0.1.3\n    Checking kernel_guard v0.1.1\n    Checking kspin v0.1.0\n   Compiling serde_derive v1.0.216\n   Compiling axconfig v0.1.0 (https://github.com/arceos-hypervisor/arceos.git?branch=vmm#c62b386e)\n   Compiling axhal v0.1.0 (https://github.com/arceos-hypervisor/arceos.git?branch=vmm#c62b386e)\n   Compiling svgbobdoc v0.3.0\n    Checking linkme v0.3.31\n    Checking axlog v0.1.0 (https://github.com/arceos-hypervisor/arceos.git?branch=vmm#c62b386e)\n    Checking cortex-a v8.1.1\n    Checking arm_pl011 v0.1.0\n    Checking rlsf v0.2.1\n    Checking arm_gicv2 v0.1.0 (https://github.com/arceos-hypervisor/arm_gicv2#eee14941)\n    Checking dw_apb_uart v0.1.0\n    Checking allocator v0.1.1 (https://github.com/arceos-org/allocator.git?tag=v0.1.1#1d5b7a1b)\n    Checking static_assertions v1.1.0\n    Checking handler_table v0.1.1\n    Checking int_ratio v0.1.0\n    Checking axalloc v0.1.0 (https://github.com/arceos-hypervisor/arceos.git?branch=vmm#c62b386e)\n   Compiling num-traits v0.2.19\n    Checking const-random v0.1.18\n    Checking linked_list v0.1.0 (https://github.com/arceos-org/linked_list.git?tag=v0.1.0#34c8db30)\n    Checking bitmaps v3.2.1\n    Checking zerocopy v0.7.35\n    Checking cpumask v0.1.0\nerror[E0425]: cannot find function `init_boot_page_table` in module `crate::platform::mem`\n  --> /home/runner/.cargo/git/checkouts/arceos-8c00e25977aa9a10/c62b386/modules/axhal/src/platform/aarch64_common/boot_el2.rs:89:27\n   |\n89 |     crate::platform::mem::init_boot_page_table(addr_of_mut!(BOOT_PT_L0), addr_of_mut!(BOOT_PT_L1));\n   |                           ^^^^^^^^^^^^^^^^^^^^ not found in `crate::platform::mem`\n\nerror[E0425]: cannot find value `rust_entry` in module `crate::platform`\n   --> /home/runner/.cargo/git/checkouts/arceos-8c00e25977aa9a10/c62b386/modules/axhal/src/platform/aarch64_common/boot_el2.rs:175:38\n    |\n175 |         entry = sym crate::platform::rust_entry,\n    |                                      ^^^^^^^^^^ not found in `crate::platform`\n\nerror[E0425]: cannot find value `PSCI_METHOD` in crate `axconfig`\n  --> /home/runner/.cargo/git/checkouts/arceos-8c00e25977aa9a10/c62b386/modules/axhal/src/platform/aarch64_common/psci.rs:82:31\n   |\n82 |     let ret = match axconfig::PSCI_METHOD {\n   |                               ^^^^^^^^^^^ not found in `axconfig`\n\nerror[E0425]: cannot find value `PSCI_METHOD` in crate `axconfig`\n  --> /home/runner/.cargo/git/checkouts/arceos-8c00e25977aa9a10/c62b386/modules/axhal/src/platform/aarch64_common/psci.rs:85:58\n   |\n85 |         _ => panic!(\"Unknown PSCI method: {}\", axconfig::PSCI_METHOD),\n   |                                                          ^^^^^^^^^^^ not found in `axconfig`\n\nerror[E0425]: cannot find value `UART_IRQ` in crate `axconfig`\n  --> /home/runner/.cargo/git/checkouts/arceos-8c00e25977aa9a10/c62b386/modules/axhal/src/platform/aarch64_common/gic.rs:18:57\n   |\n18 | pub const UART_IRQ_NUM: usize = translate_irq(axconfig::UART_IRQ, InterruptType::SPI).unwrap();\n   |                                                         ^^^^^^^^ not found in `axconfig`\n\nerror[E0425]: cannot find value `GICD_PADDR` in crate `axconfig`\n  --> /home/runner/.cargo/git/checkouts/arceos-8c00e25977aa9a10/c62b386/modules/axhal/src/platform/aarch64_common/gic.rs:20:43\n   |\n20 | const GICD_BASE: PhysAddr = pa!(axconfig::GICD_PADDR);\n   |                                           ^^^^^^^^^^ not found in `axconfig`\n\nerror[E0425]: cannot find value `GICC_PADDR` in crate `axconfig`\n  --> /home/runner/.cargo/git/checkouts/arceos-8c00e25977aa9a10/c62b386/modules/axhal/src/platform/aarch64_common/gic.rs:21:43\n   |\n21 | const GICC_BASE: PhysAddr = pa!(axconfig::GICC_PADDR);\n   |                                           ^^^^^^^^^^ not found in `axconfig`\n\nerror[E0425]: cannot find value `UART_PADDR` in crate `axconfig`\n --> /home/runner/.cargo/git/checkouts/arceos-8c00e25977aa9a10/c62b386/modules/axhal/src/platform/aarch64_common/pl011.rs:9:43\n  |\n9 | const UART_BASE: PhysAddr = pa!(axconfig::UART_PADDR);\n  |                                           ^^^^^^^^^^ not found in `axconfig`\n\nerror[E0425]: cannot find value `UART_IRQ_NUM` in module `crate::platform::irq`\n  --> /home/runner/.cargo/git/checkouts/arceos-8c00e25977aa9a10/c62b386/modules/axhal/src/platform/aarch64_common/pl011.rs:39:50\n   |\n39 |     crate::irq::set_enable(crate::platform::irq::UART_IRQ_NUM, true);\n   |                                                  ^^^^^^^^^^^^ not found in `crate::platform::irq`\n   |\nhelp: consider importing this constant\n   |\n3  + use crate::platform::aarch64_common::gic::UART_IRQ_NUM;\n   |\nhelp: if you import `UART_IRQ_NUM`, refer to it directly\n   |\n39 -     crate::irq::set_enable(crate::platform::irq::UART_IRQ_NUM, true);\n39 +     crate::irq::set_enable(UART_IRQ_NUM, true);\n   |\n\nerror[E0787]: the `asm!` macro is not allowed in naked functions\n   --> /home/runner/.cargo/git/checkouts/arceos-8c00e25977aa9a10/c62b386/modules/axhal/src/platform/aarch64_common/boot_el2.rs:134:5\n    |\n134 | /     core::arch::asm!(\"\n135 | |         // disable cache and MMU\n136 | |         mrs x1, sctlr_el2\n137 | |         bic x1, x1, #0xf\n...   |\n176 | |         options(noreturn),\n177 | |     );\n    | |_____^ consider using the `naked_asm!` macro instead\n\nerror[E0787]: the `asm!` macro is not allowed in naked functions\n   --> /home/runner/.cargo/git/checkouts/arceos-8c00e25977aa9a10/c62b386/modules/axhal/src/arch/aarch64/context.rs:97:5\n    |\n97  | /     asm!(\n98  | |         \"\n99  | |         // save old context (callee-saved registers)\n100 | |         stp     x29, x30, [x0, 12 * 8]\n...   |\n122 | |         options(noreturn),\n123 | |     )\n    | |_____^ consider using the `naked_asm!` macro instead\n\nSome errors have detailed explanations: E0425, E0787.\nFor more information about an error, try `rustc --explain E0425`.\n    Checking scheduler v0.1.0 (https://github.com/arceos-org/scheduler.git?tag=v0.1.0#c8d25d9a)\nerror: could not compile `axhal` (lib) due to 11 previous errors\nwarning: build failed, waiting for other jobs to finish...\n20:30:18|RAP|ERROR|: Finished with non-zero exit code.\n"
    },
    {
      "cmd_idx": 66,
      "file": "(virtual) outdated",
      "kind": "Cargo",
      "raw": "// pkg_name=arceos-vmm, checker=Outdated\n// toolchain=nightly-2024-05-02, target=aarch64-unknown-none-softfloat\n// pkg_dir=/home/runner/check/batch_3/arceos-hypervisor/arceos-umhv/arceos-vmm\n// cmd=cargo +nightly-2024-12-26-x86_64-unknown-linux-gnu outdated -R --exit-code=2\n// timestamp=2025-01-01 4:30:50.16560395 +08:00:00\n    Updating git repository `https://github.com/arceos-hypervisor/arceos.git`\n    Updating git repository `https://github.com/arceos-hypervisor/axaddrspace.git`\n    Updating git repository `https://github.com/arceos-hypervisor/arceos.git`\n    Updating git repository `https://github.com/arceos-hypervisor/axvcpu.git`\n    Updating git repository `https://github.com/arceos-hypervisor/axvm.git`\n    Updating git repository `https://github.com/arceos-hypervisor/toml.git`\nerror: failed to select a version for `x86_64`.\n    ... required by package `page_table_entry v0.4.2`\n    ... which satisfies dependency `page_table_entry = \"^0.4.2\"` of package `axaddrspace v0.1.0 (https://github.com/arceos-hypervisor/axaddrspace.git#d135a90b)`\n    ... which satisfies git dependency `axaddrspace` of package `arceos-vmm v0.1.0 (/tmp/cargo-outdatedcxMr9l/arceos-vmm)`\nversions that meet the requirements `=0.15.1` are: 0.15.1\n\nall possible versions conflict with previously selected packages.\n\n  previously selected package `x86_64 v0.15.2`\n    ... which satisfies dependency `x86_64 = \"^0.15.2\"` of package `page_table_entry v0.5.0`\n    ... which satisfies dependency `page_table_entry = \"^0.5.0\"` of package `arceos-vmm v0.1.0 (/tmp/cargo-outdatedcxMr9l/arceos-vmm)`\n\nfailed to select a version for `x86_64` which could resolve this conflict\n"
    },
    {
      "cmd_idx": 67,
      "file": "(virtual) rap",
      "kind": "Cargo",
      "raw": "// pkg_name=arceos-vmm, checker=Rap\n// toolchain=nightly-2024-05-02, target=aarch64-unknown-none\n// pkg_dir=/home/runner/check/batch_3/arceos-hypervisor/arceos-umhv/arceos-vmm\n// cmd=cargo +nightly-2024-10-12 rap -F -M -- --target aarch64-unknown-none\n// timestamp=2025-01-01 4:29:55.412755452 +08:00:00\n   Compiling proc-macro2 v1.0.92\n   Compiling unicode-ident v1.0.14\n    Checking cfg-if v1.0.0\n   Compiling serde v1.0.216\n    Checking tock-registers v0.8.1\n   Compiling equivalent v1.0.1\n   Compiling hashbrown v0.15.2\n    Checking log v0.4.21\n   Compiling winnow v0.6.20\n   Compiling indexmap v2.7.0\n   Compiling quote v1.0.37\n   Compiling libc v0.2.168\n   Compiling syn v2.0.90\n   Compiling crunchy v0.2.2\n   Compiling axerrno v0.1.0\n   Compiling tiny-keccak v2.0.2\n    Checking memory_addr v0.3.1\n    Checking bit_field v0.10.2\n    Checking aarch64-cpu v9.4.0\n   Compiling once_cell v1.20.2\n   Compiling getrandom v0.2.15\n    Checking bitflags v2.6.0\n   Compiling toml_datetime v0.6.8\n   Compiling version_check v0.9.5\n   Compiling toml_edit v0.22.22\n   Compiling ahash v0.8.11\n   Compiling const-random-macro v0.1.16\n    Checking lazyinit v0.2.1\n   Compiling syn v1.0.109\n   Compiling autocfg v1.4.0\n    Checking page_table_entry v0.4.2\n    Checking page_table_multiarch v0.4.2\n   Compiling percpu v0.1.6\n   Compiling unicode-width v0.1.14\n   Compiling base64 v0.13.1\n    Checking const-default v1.0.0\n   Compiling linkme-impl v0.3.31\n    Checking bitmap-allocator v0.2.0\n    Checking arm_pl011 v0.1.0\n   Compiling crate_interface v0.1.3\n   Compiling percpu_macros v0.1.6\n    Checking kernel_guard v0.1.1\n    Checking kspin v0.1.0\n   Compiling axconfig v0.1.0 (https://github.com/arceos-hypervisor/arceos.git?branch=vmm#c62b386e)\n   Compiling serde_derive v1.0.216\n   Compiling axhal v0.1.0 (https://github.com/arceos-hypervisor/arceos.git?branch=vmm#c62b386e)\n    Checking axlog v0.1.0 (https://github.com/arceos-hypervisor/arceos.git?branch=vmm#c62b386e)\n    Checking dw_apb_uart v0.1.0\n    Checking linkme v0.3.31\n   Compiling svgbobdoc v0.3.0\n    Checking arm_gicv2 v0.1.0 (https://github.com/arceos-hypervisor/arm_gicv2#eee14941)\n    Checking cortex-a v8.1.1\n    Checking handler_table v0.1.1\n    Checking int_ratio v0.1.0\n    Checking static_assertions v1.1.0\n    Checking rlsf v0.2.1\n   Compiling num-traits v0.2.19\n    Checking const-random v0.1.18\n    Checking allocator v0.1.1 (https://github.com/arceos-org/allocator.git?tag=v0.1.1#1d5b7a1b)\n    Checking linked_list v0.1.0 (https://github.com/arceos-org/linked_list.git?tag=v0.1.0#34c8db30)\n    Checking bitmaps v3.2.1\n    Checking axalloc v0.1.0 (https://github.com/arceos-hypervisor/arceos.git?branch=vmm#c62b386e)\n    Checking zerocopy v0.7.35\n    Checking cpumask v0.1.0\nerror[E0425]: cannot find function `init_boot_page_table` in module `crate::platform::mem`\n  --> /home/runner/.cargo/git/checkouts/arceos-8c00e25977aa9a10/c62b386/modules/axhal/src/platform/aarch64_common/boot_el2.rs:89:27\n   |\n89 |     crate::platform::mem::init_boot_page_table(addr_of_mut!(BOOT_PT_L0), addr_of_mut!(BOOT_PT_L1));\n   |                           ^^^^^^^^^^^^^^^^^^^^ not found in `crate::platform::mem`\n\nerror[E0425]: cannot find value `rust_entry` in module `crate::platform`\n   --> /home/runner/.cargo/git/checkouts/arceos-8c00e25977aa9a10/c62b386/modules/axhal/src/platform/aarch64_common/boot_el2.rs:175:38\n    |\n175 |         entry = sym crate::platform::rust_entry,\n    |                                      ^^^^^^^^^^ not found in `crate::platform`\n\nerror[E0425]: cannot find value `PSCI_METHOD` in crate `axconfig`\n  --> /home/runner/.cargo/git/checkouts/arceos-8c00e25977aa9a10/c62b386/modules/axhal/src/platform/aarch64_common/psci.rs:82:31\n   |\n82 |     let ret = match axconfig::PSCI_METHOD {\n   |                               ^^^^^^^^^^^ not found in `axconfig`\n\nerror[E0425]: cannot find value `PSCI_METHOD` in crate `axconfig`\n  --> /home/runner/.cargo/git/checkouts/arceos-8c00e25977aa9a10/c62b386/modules/axhal/src/platform/aarch64_common/psci.rs:85:58\n   |\n85 |         _ => panic!(\"Unknown PSCI method: {}\", axconfig::PSCI_METHOD),\n   |                                                          ^^^^^^^^^^^ not found in `axconfig`\n\nerror[E0425]: cannot find value `UART_IRQ` in crate `axconfig`\n  --> /home/runner/.cargo/git/checkouts/arceos-8c00e25977aa9a10/c62b386/modules/axhal/src/platform/aarch64_common/gic.rs:18:57\n   |\n18 | pub const UART_IRQ_NUM: usize = translate_irq(axconfig::UART_IRQ, InterruptType::SPI).unwrap();\n   |                                                         ^^^^^^^^ not found in `axconfig`\n\nerror[E0425]: cannot find value `GICD_PADDR` in crate `axconfig`\n  --> /home/runner/.cargo/git/checkouts/arceos-8c00e25977aa9a10/c62b386/modules/axhal/src/platform/aarch64_common/gic.rs:20:43\n   |\n20 | const GICD_BASE: PhysAddr = pa!(axconfig::GICD_PADDR);\n   |                                           ^^^^^^^^^^ not found in `axconfig`\n\nerror[E0425]: cannot find value `GICC_PADDR` in crate `axconfig`\n  --> /home/runner/.cargo/git/checkouts/arceos-8c00e25977aa9a10/c62b386/modules/axhal/src/platform/aarch64_common/gic.rs:21:43\n   |\n21 | const GICC_BASE: PhysAddr = pa!(axconfig::GICC_PADDR);\n   |                                           ^^^^^^^^^^ not found in `axconfig`\n\nerror[E0425]: cannot find value `UART_PADDR` in crate `axconfig`\n --> /home/runner/.cargo/git/checkouts/arceos-8c00e25977aa9a10/c62b386/modules/axhal/src/platform/aarch64_common/pl011.rs:9:43\n  |\n9 | const UART_BASE: PhysAddr = pa!(axconfig::UART_PADDR);\n  |                                           ^^^^^^^^^^ not found in `axconfig`\n\nerror[E0425]: cannot find value `UART_IRQ_NUM` in module `crate::platform::irq`\n  --> /home/runner/.cargo/git/checkouts/arceos-8c00e25977aa9a10/c62b386/modules/axhal/src/platform/aarch64_common/pl011.rs:39:50\n   |\n39 |     crate::irq::set_enable(crate::platform::irq::UART_IRQ_NUM, true);\n   |                                                  ^^^^^^^^^^^^ not found in `crate::platform::irq`\n   |\nhelp: consider importing this constant\n   |\n3  + use crate::platform::aarch64_common::gic::UART_IRQ_NUM;\n   |\nhelp: if you import `UART_IRQ_NUM`, refer to it directly\n   |\n39 -     crate::irq::set_enable(crate::platform::irq::UART_IRQ_NUM, true);\n39 +     crate::irq::set_enable(UART_IRQ_NUM, true);\n   |\n\nerror[E0787]: the `asm!` macro is not allowed in naked functions\n   --> /home/runner/.cargo/git/checkouts/arceos-8c00e25977aa9a10/c62b386/modules/axhal/src/platform/aarch64_common/boot_el2.rs:134:5\n    |\n134 | /     core::arch::asm!(\"\n135 | |         // disable cache and MMU\n136 | |         mrs x1, sctlr_el2\n137 | |         bic x1, x1, #0xf\n...   |\n176 | |         options(noreturn),\n177 | |     );\n    | |_____^ consider using the `naked_asm!` macro instead\n\nerror[E0787]: the `asm!` macro is not allowed in naked functions\n   --> /home/runner/.cargo/git/checkouts/arceos-8c00e25977aa9a10/c62b386/modules/axhal/src/arch/aarch64/context.rs:97:5\n    |\n97  | /     asm!(\n98  | |         \"\n99  | |         // save old context (callee-saved registers)\n100 | |         stp     x29, x30, [x0, 12 * 8]\n...   |\n122 | |         options(noreturn),\n123 | |     )\n    | |_____^ consider using the `naked_asm!` macro instead\n\n    Checking scheduler v0.1.0 (https://github.com/arceos-org/scheduler.git?tag=v0.1.0#c8d25d9a)\nSome errors have detailed explanations: E0425, E0787.\nFor more information about an error, try `rustc --explain E0425`.\nerror: could not compile `axhal` (lib) due to 11 previous errors\nwarning: build failed, waiting for other jobs to finish...\n20:30:07|RAP|ERROR|: Finished with non-zero exit code.\n"
    },
    {
      "cmd_idx": 68,
      "file": "(virtual) lockbud",
      "kind": "Cargo",
      "raw": "// pkg_name=arceos-vmm, checker=Lockbud\n// toolchain=nightly-2024-05-02, target=aarch64-unknown-none-softfloat\n// pkg_dir=/home/runner/check/batch_3/arceos-hypervisor/arceos-umhv/arceos-vmm\n// cmd=cargo +nightly-2024-10-05 lockbud -k all -- --target aarch64-unknown-none-softfloat\n// timestamp=2025-01-01 4:29:24.72693316 +08:00:00\n   Compiling cfg-if v1.0.0\n   Compiling tock-registers v0.8.1\n   Compiling log v0.4.21\n   Compiling axerrno v0.1.0\n   Compiling memory_addr v0.3.1\n   Compiling bit_field v0.10.2\n[2024-12-31T20:29:15Z WARN  lockbud::callbacks] [\n      {\n        \"AtomicityViolation\": {\n          \"bug_kind\": \"AtomicityViolation\",\n          \"possibility\": \"Possibly\",\n          \"diagnosis\": {\n            \"fn_name\": \"lazy::LazyUsize::unsync_init\",\n            \"atomic_reader\": \"/home/runner/.cargo/registry/src/index.crates.io-6f17d22bba15001f/getrandom-0.2.15/src/lazy.rs:36:23: 36:43 (#0)\",\n            \"atomic_writer\": \"/home/runner/.cargo/registry/src/index.crates.io-6f17d22bba15001f/getrandom-0.2.15/src/lazy.rs:39:13: 39:39 (#0)\",\n            \"dep_kind\": \"Both\"\n          },\n          \"explanation\": \"atomic::store is data/control dependent on atomic::load\"\n        }\n      }\n    ]\n[2024-12-31T20:29:15Z WARN  lockbud::callbacks] crate getrandom contains bugs: { probably: 0, possibly: 0 }, conflictlock: { probably: 0, possibly: 0 }, condvar_deadlock: { probably: 0, possibly: 0 }, atomicity_violation: { possibly: 1 }, invalid_free: { possibly: 0 }, use_after_free: { possibly: 0 }\n   Compiling aarch64-cpu v9.4.0\n   Compiling bitflags v2.6.0\n[2024-12-31T20:29:24Z WARN  lockbud::callbacks] [\n      {\n        \"AtomicityViolation\": {\n          \"bug_kind\": \"AtomicityViolation\",\n          \"possibility\": \"Possibly\",\n          \"diagnosis\": {\n            \"fn_name\": \"set_logger_racy\",\n            \"atomic_reader\": \"/home/runner/.cargo/registry/src/index.crates.io-6f17d22bba15001f/log-0.4.21/src/lib.rs:1408:11: 1408:39 (#0)\",\n            \"atomic_writer\": \"/home/runner/.cargo/registry/src/index.crates.io-6f17d22bba15001f/log-0.4.21/src/lib.rs:1411:13: 1411:55 (#0)\",\n            \"dep_kind\": \"Control\"\n          },\n          \"explanation\": \"atomic::store is data/control dependent on atomic::load\"\n        }\n      }\n    ]\n[2024-12-31T20:29:24Z WARN  lockbud::callbacks] crate log contains bugs: { probably: 0, possibly: 0 }, conflictlock: { probably: 0, possibly: 0 }, condvar_deadlock: { probably: 0, possibly: 0 }, atomicity_violation: { possibly: 1 }, invalid_free: { possibly: 0 }, use_after_free: { possibly: 0 }\n   Compiling lazyinit v0.2.1\n   Compiling percpu v0.1.6\n   Compiling kernel_guard v0.1.1\n   Compiling const-default v1.0.0\n   Compiling rlsf v0.2.1\n   Compiling kspin v0.1.0\n   Compiling bitmap-allocator v0.2.0\n   Compiling serde v1.0.216\n   Compiling axconfig v0.1.0 (https://github.com/arceos-hypervisor/arceos.git?branch=vmm#c62b386e)\n   Compiling linkme v0.3.31\n   Compiling axhal v0.1.0 (https://github.com/arceos-hypervisor/arceos.git?branch=vmm#c62b386e)\n   Compiling axlog v0.1.0 (https://github.com/arceos-hypervisor/arceos.git?branch=vmm#c62b386e)\n   Compiling allocator v0.1.1 (https://github.com/arceos-org/allocator.git?tag=v0.1.1#1d5b7a1b)\n   Compiling arm_gicv2 v0.1.0 (https://github.com/arceos-hypervisor/arm_gicv2#eee14941)\n   Compiling arm_pl011 v0.1.0\n   Compiling axalloc v0.1.0 (https://github.com/arceos-hypervisor/arceos.git?branch=vmm#c62b386e)\n   Compiling dw_apb_uart v0.1.0\n   Compiling cortex-a v8.1.1\n   Compiling static_assertions v1.1.0\n   Compiling handler_table v0.1.1\n   Compiling int_ratio v0.1.0\n   Compiling ahash v0.8.11\n   Compiling const-random v0.1.18\n   Compiling linked_list v0.1.0 (https://github.com/arceos-org/linked_list.git?tag=v0.1.0#34c8db30)\n   Compiling bitmaps v3.2.1\n   Compiling page_table_entry v0.4.2\n   Compiling page_table_multiarch v0.4.2\n   Compiling once_cell v1.20.2\n   Compiling zerocopy v0.7.35\n   Compiling cpumask v0.1.0\n   Compiling scheduler v0.1.0 (https://github.com/arceos-org/scheduler.git?tag=v0.1.0#c8d25d9a)\n   Compiling num-traits v0.2.19\nerror[E0425]: cannot find function `init_boot_page_table` in module `crate::platform::mem`\n  --> /home/runner/.cargo/git/checkouts/arceos-8c00e25977aa9a10/c62b386/modules/axhal/src/platform/aarch64_common/boot_el2.rs:89:27\n   |\n89 |     crate::platform::mem::init_boot_page_table(addr_of_mut!(BOOT_PT_L0), addr_of_mut!(BOOT_PT_L1));\n   |                           ^^^^^^^^^^^^^^^^^^^^ not found in `crate::platform::mem`\n\nerror[E0425]: cannot find value `rust_entry` in module `crate::platform`\n   --> /home/runner/.cargo/git/checkouts/arceos-8c00e25977aa9a10/c62b386/modules/axhal/src/platform/aarch64_common/boot_el2.rs:175:38\n    |\n175 |         entry = sym crate::platform::rust_entry,\n    |                                      ^^^^^^^^^^ not found in `crate::platform`\n\nerror[E0425]: cannot find value `PSCI_METHOD` in crate `axconfig`\n  --> /home/runner/.cargo/git/checkouts/arceos-8c00e25977aa9a10/c62b386/modules/axhal/src/platform/aarch64_common/psci.rs:82:31\n   |\n82 |     let ret = match axconfig::PSCI_METHOD {\n   |                               ^^^^^^^^^^^ not found in `axconfig`\n\nerror[E0425]: cannot find value `PSCI_METHOD` in crate `axconfig`\n  --> /home/runner/.cargo/git/checkouts/arceos-8c00e25977aa9a10/c62b386/modules/axhal/src/platform/aarch64_common/psci.rs:85:58\n   |\n85 |         _ => panic!(\"Unknown PSCI method: {}\", axconfig::PSCI_METHOD),\n   |                                                          ^^^^^^^^^^^ not found in `axconfig`\n\nerror[E0425]: cannot find value `UART_IRQ` in crate `axconfig`\n  --> /home/runner/.cargo/git/checkouts/arceos-8c00e25977aa9a10/c62b386/modules/axhal/src/platform/aarch64_common/gic.rs:18:57\n   |\n18 | pub const UART_IRQ_NUM: usize = translate_irq(axconfig::UART_IRQ, InterruptType::SPI).unwrap();\n   |                                                         ^^^^^^^^ not found in `axconfig`\n\nerror[E0425]: cannot find value `GICD_PADDR` in crate `axconfig`\n  --> /home/runner/.cargo/git/checkouts/arceos-8c00e25977aa9a10/c62b386/modules/axhal/src/platform/aarch64_common/gic.rs:20:43\n   |\n20 | const GICD_BASE: PhysAddr = pa!(axconfig::GICD_PADDR);\n   |                                           ^^^^^^^^^^ not found in `axconfig`\n\nerror[E0425]: cannot find value `GICC_PADDR` in crate `axconfig`\n  --> /home/runner/.cargo/git/checkouts/arceos-8c00e25977aa9a10/c62b386/modules/axhal/src/platform/aarch64_common/gic.rs:21:43\n   |\n21 | const GICC_BASE: PhysAddr = pa!(axconfig::GICC_PADDR);\n   |                                           ^^^^^^^^^^ not found in `axconfig`\n\nerror[E0425]: cannot find value `UART_PADDR` in crate `axconfig`\n --> /home/runner/.cargo/git/checkouts/arceos-8c00e25977aa9a10/c62b386/modules/axhal/src/platform/aarch64_common/pl011.rs:9:43\n  |\n9 | const UART_BASE: PhysAddr = pa!(axconfig::UART_PADDR);\n  |                                           ^^^^^^^^^^ not found in `axconfig`\n\nerror[E0425]: cannot find value `UART_IRQ_NUM` in module `crate::platform::irq`\n  --> /home/runner/.cargo/git/checkouts/arceos-8c00e25977aa9a10/c62b386/modules/axhal/src/platform/aarch64_common/pl011.rs:39:50\n   |\n39 |     crate::irq::set_enable(crate::platform::irq::UART_IRQ_NUM, true);\n   |                                                  ^^^^^^^^^^^^ not found in `crate::platform::irq`\n   |\nhelp: consider importing this constant\n   |\n3  + use crate::platform::aarch64_common::gic::UART_IRQ_NUM;\n   |\nhelp: if you import `UART_IRQ_NUM`, refer to it directly\n   |\n39 -     crate::irq::set_enable(crate::platform::irq::UART_IRQ_NUM, true);\n39 +     crate::irq::set_enable(UART_IRQ_NUM, true);\n   |\n\n   Compiling memory_set v0.3.1\n   Compiling hashbrown v0.15.2\nFor more information about this error, try `rustc --explain E0425`.\nerror: could not compile `axhal` (lib) due to 9 previous errors\nwarning: build failed, waiting for other jobs to finish...\n"
    },
    {
      "cmd_idx": 69,
      "file": "(virtual) lockbud",
      "kind": "Cargo",
      "raw": "// pkg_name=arceos-vmm, checker=Lockbud\n// toolchain=nightly-2024-05-02, target=aarch64-unknown-none\n// pkg_dir=/home/runner/check/batch_3/arceos-hypervisor/arceos-umhv/arceos-vmm\n// cmd=cargo +nightly-2024-10-05 lockbud -k all -- --target aarch64-unknown-none\n// timestamp=2025-01-01 4:29:12.173716505 +08:00:00\n   Compiling proc-macro2 v1.0.92\n   Compiling unicode-ident v1.0.14\n   Compiling cfg-if v1.0.0\n   Compiling serde v1.0.216\n   Compiling hashbrown v0.15.2\n   Compiling equivalent v1.0.1\n   Compiling tock-registers v0.8.1\n   Compiling winnow v0.6.20\n   Compiling indexmap v2.7.0\n   Compiling quote v1.0.37\n   Compiling log v0.4.21\n[2024-12-31T20:29:13Z WARN  lockbud::callbacks] [\n      {\n        \"AtomicityViolation\": {\n          \"bug_kind\": \"AtomicityViolation\",\n          \"possibility\": \"Possibly\",\n          \"diagnosis\": {\n            \"fn_name\": \"set_logger_racy\",\n            \"atomic_reader\": \"/home/runner/.cargo/registry/src/index.crates.io-6f17d22bba15001f/log-0.4.21/src/lib.rs:1408:11: 1408:39 (#0)\",\n            \"atomic_writer\": \"/home/runner/.cargo/registry/src/index.crates.io-6f17d22bba15001f/log-0.4.21/src/lib.rs:1411:13: 1411:55 (#0)\",\n            \"dep_kind\": \"Control\"\n          },\n          \"explanation\": \"atomic::store is data/control dependent on atomic::load\"\n        }\n      }\n    ]\n[2024-12-31T20:29:13Z WARN  lockbud::callbacks] crate log contains bugs: { probably: 0, possibly: 0 }, conflictlock: { probably: 0, possibly: 0 }, condvar_deadlock: { probably: 0, possibly: 0 }, atomicity_violation: { possibly: 1 }, invalid_free: { possibly: 0 }, use_after_free: { possibly: 0 }\n   Compiling syn v2.0.90\n   Compiling axerrno v0.1.0\n   Compiling libc v0.2.168\n   Compiling crunchy v0.2.2\n   Compiling tiny-keccak v2.0.2\n   Compiling memory_addr v0.3.1\n   Compiling bit_field v0.10.2\n   Compiling aarch64-cpu v9.4.0\n   Compiling getrandom v0.2.15\n[2024-12-31T20:29:15Z WARN  lockbud::callbacks] [\n      {\n        \"AtomicityViolation\": {\n          \"bug_kind\": \"AtomicityViolation\",\n          \"possibility\": \"Possibly\",\n          \"diagnosis\": {\n            \"fn_name\": \"lazy::LazyUsize::unsync_init\",\n            \"atomic_reader\": \"/home/runner/.cargo/registry/src/index.crates.io-6f17d22bba15001f/getrandom-0.2.15/src/lazy.rs:36:23: 36:43 (#0)\",\n            \"atomic_writer\": \"/home/runner/.cargo/registry/src/index.crates.io-6f17d22bba15001f/getrandom-0.2.15/src/lazy.rs:39:13: 39:39 (#0)\",\n            \"dep_kind\": \"Both\"\n          },\n          \"explanation\": \"atomic::store is data/control dependent on atomic::load\"\n        }\n      }\n    ]\n[2024-12-31T20:29:15Z WARN  lockbud::callbacks] crate getrandom contains bugs: { probably: 0, possibly: 0 }, conflictlock: { probably: 0, possibly: 0 }, condvar_deadlock: { probably: 0, possibly: 0 }, atomicity_violation: { possibly: 1 }, invalid_free: { possibly: 0 }, use_after_free: { possibly: 0 }\n   Compiling once_cell v1.20.2\n   Compiling toml_datetime v0.6.8\n   Compiling bitflags v2.6.0\n   Compiling version_check v0.9.5\n   Compiling toml_edit v0.22.22\n   Compiling ahash v0.8.11\n   Compiling const-random-macro v0.1.16\n   Compiling lazyinit v0.2.1\n   Compiling autocfg v1.4.0\n   Compiling syn v1.0.109\n   Compiling percpu v0.1.6\n   Compiling page_table_entry v0.4.2\n   Compiling page_table_multiarch v0.4.2\n   Compiling base64 v0.13.1\n   Compiling unicode-width v0.1.14\n   Compiling const-default v1.0.0\n   Compiling linkme-impl v0.3.31\n   Compiling bitmap-allocator v0.2.0\n   Compiling arm_gicv2 v0.1.0 (https://github.com/arceos-hypervisor/arm_gicv2#eee14941)\n   Compiling dw_apb_uart v0.1.0\n   Compiling crate_interface v0.1.3\n   Compiling percpu_macros v0.1.6\n   Compiling kernel_guard v0.1.1\n   Compiling kspin v0.1.0\n   Compiling serde_derive v1.0.216\n   Compiling axconfig v0.1.0 (https://github.com/arceos-hypervisor/arceos.git?branch=vmm#c62b386e)\n   Compiling axhal v0.1.0 (https://github.com/arceos-hypervisor/arceos.git?branch=vmm#c62b386e)\n   Compiling axlog v0.1.0 (https://github.com/arceos-hypervisor/arceos.git?branch=vmm#c62b386e)\n   Compiling linkme v0.3.31\n   Compiling arm_pl011 v0.1.0\n   Compiling cortex-a v8.1.1\n   Compiling static_assertions v1.1.0\n   Compiling int_ratio v0.1.0\n   Compiling svgbobdoc v0.3.0\n   Compiling handler_table v0.1.1\n   Compiling num-traits v0.2.19\n   Compiling const-random v0.1.18\n   Compiling bitmaps v3.2.1\n   Compiling rlsf v0.2.1\n   Compiling allocator v0.1.1 (https://github.com/arceos-org/allocator.git?tag=v0.1.1#1d5b7a1b)\n   Compiling zerocopy v0.7.35\n   Compiling axalloc v0.1.0 (https://github.com/arceos-hypervisor/arceos.git?branch=vmm#c62b386e)\n   Compiling linked_list v0.1.0 (https://github.com/arceos-org/linked_list.git?tag=v0.1.0#34c8db30)\n   Compiling scheduler v0.1.0 (https://github.com/arceos-org/scheduler.git?tag=v0.1.0#c8d25d9a)\n   Compiling cpumask v0.1.0\n   Compiling memory_set v0.3.1\nerror[E0425]: cannot find function `init_boot_page_table` in module `crate::platform::mem`\n  --> /home/runner/.cargo/git/checkouts/arceos-8c00e25977aa9a10/c62b386/modules/axhal/src/platform/aarch64_common/boot_el2.rs:89:27\n   |\n89 |     crate::platform::mem::init_boot_page_table(addr_of_mut!(BOOT_PT_L0), addr_of_mut!(BOOT_PT_L1));\n   |                           ^^^^^^^^^^^^^^^^^^^^ not found in `crate::platform::mem`\n\nerror[E0425]: cannot find value `rust_entry` in module `crate::platform`\n   --> /home/runner/.cargo/git/checkouts/arceos-8c00e25977aa9a10/c62b386/modules/axhal/src/platform/aarch64_common/boot_el2.rs:175:38\n    |\n175 |         entry = sym crate::platform::rust_entry,\n    |                                      ^^^^^^^^^^ not found in `crate::platform`\n\nerror[E0425]: cannot find value `PSCI_METHOD` in crate `axconfig`\n  --> /home/runner/.cargo/git/checkouts/arceos-8c00e25977aa9a10/c62b386/modules/axhal/src/platform/aarch64_common/psci.rs:82:31\n   |\n82 |     let ret = match axconfig::PSCI_METHOD {\n   |                               ^^^^^^^^^^^ not found in `axconfig`\n\nerror[E0425]: cannot find value `PSCI_METHOD` in crate `axconfig`\n  --> /home/runner/.cargo/git/checkouts/arceos-8c00e25977aa9a10/c62b386/modules/axhal/src/platform/aarch64_common/psci.rs:85:58\n   |\n85 |         _ => panic!(\"Unknown PSCI method: {}\", axconfig::PSCI_METHOD),\n   |                                                          ^^^^^^^^^^^ not found in `axconfig`\n\nerror[E0425]: cannot find value `UART_IRQ` in crate `axconfig`\n  --> /home/runner/.cargo/git/checkouts/arceos-8c00e25977aa9a10/c62b386/modules/axhal/src/platform/aarch64_common/gic.rs:18:57\n   |\n18 | pub const UART_IRQ_NUM: usize = translate_irq(axconfig::UART_IRQ, InterruptType::SPI).unwrap();\n   |                                                         ^^^^^^^^ not found in `axconfig`\n\nerror[E0425]: cannot find value `GICD_PADDR` in crate `axconfig`\n  --> /home/runner/.cargo/git/checkouts/arceos-8c00e25977aa9a10/c62b386/modules/axhal/src/platform/aarch64_common/gic.rs:20:43\n   |\n20 | const GICD_BASE: PhysAddr = pa!(axconfig::GICD_PADDR);\n   |                                           ^^^^^^^^^^ not found in `axconfig`\n\nerror[E0425]: cannot find value `GICC_PADDR` in crate `axconfig`\n  --> /home/runner/.cargo/git/checkouts/arceos-8c00e25977aa9a10/c62b386/modules/axhal/src/platform/aarch64_common/gic.rs:21:43\n   |\n21 | const GICC_BASE: PhysAddr = pa!(axconfig::GICC_PADDR);\n   |                                           ^^^^^^^^^^ not found in `axconfig`\n\nerror[E0425]: cannot find value `UART_PADDR` in crate `axconfig`\n --> /home/runner/.cargo/git/checkouts/arceos-8c00e25977aa9a10/c62b386/modules/axhal/src/platform/aarch64_common/pl011.rs:9:43\n  |\n9 | const UART_BASE: PhysAddr = pa!(axconfig::UART_PADDR);\n  |                                           ^^^^^^^^^^ not found in `axconfig`\n\nerror[E0425]: cannot find value `UART_IRQ_NUM` in module `crate::platform::irq`\n  --> /home/runner/.cargo/git/checkouts/arceos-8c00e25977aa9a10/c62b386/modules/axhal/src/platform/aarch64_common/pl011.rs:39:50\n   |\n39 |     crate::irq::set_enable(crate::platform::irq::UART_IRQ_NUM, true);\n   |                                                  ^^^^^^^^^^^^ not found in `crate::platform::irq`\n   |\nhelp: consider importing this constant\n   |\n3  + use crate::platform::aarch64_common::gic::UART_IRQ_NUM;\n   |\nhelp: if you import `UART_IRQ_NUM`, refer to it directly\n   |\n39 -     crate::irq::set_enable(crate::platform::irq::UART_IRQ_NUM, true);\n39 +     crate::irq::set_enable(UART_IRQ_NUM, true);\n   |\n\nFor more information about this error, try `rustc --explain E0425`.\nerror: could not compile `axhal` (lib) due to 9 previous errors\nwarning: build failed, waiting for other jobs to finish...\n"
    },
    {
      "cmd_idx": 70,
      "file": "(virtual) outdated",
      "kind": "Cargo",
      "raw": "// pkg_name=arceos-vmm, checker=Outdated\n// toolchain=nightly-2024-05-02, target=x86_64-unknown-none\n// pkg_dir=/home/runner/check/batch_3/arceos-hypervisor/arceos-umhv/arceos-vmm\n// cmd=cargo +nightly-2024-12-26-x86_64-unknown-linux-gnu outdated -R --exit-code=2\n// timestamp=2025-01-01 4:30:54.175492089 +08:00:00\n    Updating git repository `https://github.com/arceos-hypervisor/arceos.git`\n    Updating git repository `https://github.com/arceos-hypervisor/axaddrspace.git`\n    Updating git repository `https://github.com/arceos-hypervisor/arceos.git`\n    Updating git repository `https://github.com/arceos-hypervisor/axvcpu.git`\n    Updating git repository `https://github.com/arceos-hypervisor/axvm.git`\n    Updating git repository `https://github.com/arceos-hypervisor/toml.git`\nerror: failed to select a version for `x86_64`.\n    ... required by package `page_table_entry v0.4.2`\n    ... which satisfies dependency `page_table_entry = \"^0.4.2\"` of package `axaddrspace v0.1.0 (https://github.com/arceos-hypervisor/axaddrspace.git#d135a90b)`\n    ... which satisfies git dependency `axaddrspace` of package `arceos-vmm v0.1.0 (/tmp/cargo-outdated8fzh0y/arceos-vmm)`\nversions that meet the requirements `=0.15.1` are: 0.15.1\n\nall possible versions conflict with previously selected packages.\n\n  previously selected package `x86_64 v0.15.2`\n    ... which satisfies dependency `x86_64 = \"^0.15.2\"` of package `page_table_entry v0.5.0`\n    ... which satisfies dependency `page_table_entry = \"^0.5.0\"` of package `arceos-vmm v0.1.0 (/tmp/cargo-outdated8fzh0y/arceos-vmm)`\n\nfailed to select a version for `x86_64` which could resolve this conflict\n"
    },
    {
      "cmd_idx": 71,
      "file": "(virtual) clippy",
      "kind": "Cargo",
      "raw": "// pkg_name=arceos-vmm, checker=Clippy\n// toolchain=nightly-2024-05-02, target=aarch64-unknown-none-softfloat\n// pkg_dir=/home/runner/check/batch_3/arceos-hypervisor/arceos-umhv/arceos-vmm\n// cmd=cargo clippy --target aarch64-unknown-none-softfloat --no-deps --message-format=json\n// timestamp=2025-01-01 4:28:50.42130939 +08:00:00\n    Checking cfg-if v1.0.0\n    Checking tock-registers v0.8.1\n    Checking log v0.4.21\n   Compiling axerrno v0.1.0\n    Checking memory_addr v0.3.1\n    Checking bit_field v0.10.2\n    Checking aarch64-cpu v9.4.0\n    Checking bitflags v2.6.0\n    Checking lazyinit v0.2.1\n   Compiling percpu v0.1.6\n    Checking kernel_guard v0.1.1\n    Checking const-default v1.0.0\n    Checking kspin v0.1.0\n    Checking bitmap-allocator v0.2.0\n    Checking rlsf v0.2.1\n   Compiling serde v1.0.216\n   Compiling axconfig v0.1.0 (https://github.com/arceos-hypervisor/arceos.git?branch=vmm#c62b386e)\n    Checking linkme v0.3.31\n   Compiling axhal v0.1.0 (https://github.com/arceos-hypervisor/arceos.git?branch=vmm#c62b386e)\n    Checking axlog v0.1.0 (https://github.com/arceos-hypervisor/arceos.git?branch=vmm#c62b386e)\n    Checking arm_pl011 v0.1.0\n    Checking dw_apb_uart v0.1.0\n    Checking allocator v0.1.1 (https://github.com/arceos-org/allocator.git?tag=v0.1.1#1d5b7a1b)\n    Checking arm_gicv2 v0.1.0 (https://github.com/arceos-hypervisor/arm_gicv2#eee14941)\n    Checking cortex-a v8.1.1\n    Checking axalloc v0.1.0 (https://github.com/arceos-hypervisor/arceos.git?branch=vmm#c62b386e)\n    Checking int_ratio v0.1.0\n    Checking static_assertions v1.1.0\n    Checking handler_table v0.1.1\n    Checking const-random v0.1.18\n   Compiling ahash v0.8.11\n    Checking bitmaps v3.2.1\n    Checking linked_list v0.1.0 (https://github.com/arceos-org/linked_list.git?tag=v0.1.0#34c8db30)\n    Checking zerocopy v0.7.35\n    Checking page_table_entry v0.4.2\n    Checking page_table_multiarch v0.4.2\n    Checking once_cell v1.20.2\n    Checking scheduler v0.1.0 (https://github.com/arceos-org/scheduler.git?tag=v0.1.0#c8d25d9a)\n    Checking cpumask v0.1.0\n   Compiling num-traits v0.2.19\n    Checking memory_set v0.3.1\n    Checking hashbrown v0.15.2\n    Checking equivalent v1.0.1\n    Checking allocator-api2 v0.2.21\n    Checking numeric-enum-macro v0.2.0\nerror: could not compile `axhal` (lib) due to 10 previous errors\nwarning: build failed, waiting for other jobs to finish...\n"
    },
    {
      "cmd_idx": 74,
      "file": "src/exception.rs",
      "kind": "Clippy(Error)",
      "raw": "error[E0787]: the `asm!` macro is not allowed in naked functions\n   --> src/exception.rs:298:5\n    |\n298 | /     core::arch::asm!(\n299 | |         \"bl {vcpu_running}\", // Check if vcpu is running.\n...   |\n312 | |         options(noreturn),\n313 | |     )\n    | |_____^ consider using the `naked_asm!` macro instead\n\n"
    },
    {
      "cmd_idx": 74,
      "file": "src/exception.rs",
      "kind": "Clippy(Error)",
      "raw": "error[E0787]: the `asm!` macro is not allowed in naked functions\n   --> src/exception.rs:354:5\n    |\n354 | /     core::arch::asm!(\n355 | |         // Curretly `sp` points to the base address of `Aarch64VCpu.ctx`, which stores guest's `TrapFrame`.\n356 | |         \"add x9, sp, 34 * 8\", // Skip the exception frame.\n...   |\n362 | |         options(noreturn),\n363 | |     )\n    | |_____^ consider using the `naked_asm!` macro instead\n\n"
    },
    {
      "cmd_idx": 74,
      "file": "src/lib.rs",
      "kind": "Clippy(Warn)",
      "raw": "warning: the feature `asm_const` has been stable since 1.82.0 and no longer requires an attribute to enable\n --> src/lib.rs:4:12\n  |\n4 | #![feature(asm_const)]\n  |            ^^^^^^^^^\n  |\n  = note: `#[warn(stable_features)]` on by default\n\n"
    },
    {
      "cmd_idx": 74,
      "file": "src/lib.rs",
      "kind": "Clippy(Warn)",
      "raw": "warning: the feature `exclusive_range_pattern` has been stable since 1.80.0 and no longer requires an attribute to enable\n --> src/lib.rs:5:12\n  |\n5 | #![feature(exclusive_range_pattern)]\n  |            ^^^^^^^^^^^^^^^^^^^^^^^\n\n"
    },
    {
      "cmd_idx": 75,
      "file": "/home/runner/.cargo/registry/src/index.crates.io-1949cf8c6b5b557f/x86_64-0.15.1/src/addr.rs",
      "kind": "Clippy(Error)",
      "raw": "error[E0053]: method `steps_between` has an incompatible type for trait\n   --> /home/runner/.cargo/registry/src/index.crates.io-1949cf8c6b5b557f/x86_64-0.15.1/src/addr.rs:362:51\n    |\n362 |     fn steps_between(start: &Self, end: &Self) -> Option<usize> {\n    |                                                   ^^^^^^^^^^^^^ expected `(usize, Option<usize>)`, found `Option<usize>`\n    |\n    = note: expected signature `fn(&addr::VirtAddr, &addr::VirtAddr) -> (usize, Option<usize>)`\n               found signature `fn(&addr::VirtAddr, &addr::VirtAddr) -> Option<usize>`\nhelp: change the output type to match the trait\n    |\n362 |     fn steps_between(start: &Self, end: &Self) -> (usize, Option<usize>) {\n    |                                                   ~~~~~~~~~~~~~~~~~~~~~~\n\n"
    },
    {
      "cmd_idx": 75,
      "file": "/home/runner/.cargo/registry/src/index.crates.io-1949cf8c6b5b557f/x86_64-0.15.1/src/structures/paging/page.rs",
      "kind": "Clippy(Error)",
      "raw": "error[E0053]: method `steps_between` has an incompatible type for trait\n   --> /home/runner/.cargo/registry/src/index.crates.io-1949cf8c6b5b557f/x86_64-0.15.1/src/structures/paging/page.rs:294:51\n    |\n294 |     fn steps_between(start: &Self, end: &Self) -> Option<usize> {\n    |                                                   ^^^^^^^^^^^^^ expected `(usize, Option<usize>)`, found `Option<usize>`\n    |\n    = note: expected signature `fn(&Page<_>, &Page<_>) -> (usize, Option<usize>)`\n               found signature `fn(&Page<_>, &Page<_>) -> Option<usize>`\nhelp: change the output type to match the trait\n    |\n294 |     fn steps_between(start: &Self, end: &Self) -> (usize, Option<usize>) {\n    |                                                   ~~~~~~~~~~~~~~~~~~~~~~\n\n"
    },
    {
      "cmd_idx": 75,
      "file": "/home/runner/.cargo/registry/src/index.crates.io-1949cf8c6b5b557f/x86_64-0.15.1/src/structures/paging/page_table.rs",
      "kind": "Clippy(Error)",
      "raw": "error[E0053]: method `steps_between` has an incompatible type for trait\n   --> /home/runner/.cargo/registry/src/index.crates.io-1949cf8c6b5b557f/x86_64-0.15.1/src/structures/paging/page_table.rs:349:51\n    |\n349 |     fn steps_between(start: &Self, end: &Self) -> Option<usize> {\n    |                                                   ^^^^^^^^^^^^^ expected `(usize, Option<usize>)`, found `Option<usize>`\n    |\n    = note: expected signature `fn(&PageTableIndex, &PageTableIndex) -> (usize, Option<usize>)`\n               found signature `fn(&PageTableIndex, &PageTableIndex) -> Option<usize>`\nhelp: change the output type to match the trait\n    |\n349 |     fn steps_between(start: &Self, end: &Self) -> (usize, Option<usize>) {\n    |                                                   ~~~~~~~~~~~~~~~~~~~~~~\n\n"
    },
    {
      "cmd_idx": 76,
      "file": "[semver checks]",
      "kind": "Semver Violation",
      "raw": "pkg=arm_vcpu, checker=SemverChecks\ntoolchain=nightly-2024-12-26-x86_64-unknown-linux-gnu, target=aarch64-unknown-none\npkg_dir=/home/runner/check/batch_3/arceos-hypervisor/arm_vcpu\ncmd=cargo +nightly-2024-12-26-x86_64-unknown-linux-gnu semver-checks --target aarch64-unknown-none\n\n\nstdout:\n\nstderr:\n    Building arm_vcpu v0.1.0 (current)\nerror: running cargo-doc on crate 'arm_vcpu' failed with output:\n-----\nerror: output of --print=file-names missing when learning about target-specific information from rustc\ncommand was: `/home/runner/.rustup/toolchains/nightly-2024-12-26-x86_64-unknown-linux-gnu/bin/rustc - --crate-name ___ --print=file-names --cap-lints=allow --target aarch64-unknown-none --crate-type bin --crate-type rlib --crate-type dylib --crate-type cdylib --crate-type staticlib --crate-type proc-macro --print=sysroot --print=split-debuginfo --print=crate-name --print=cfg`\n\n--- stdout\n___\nlib___.rlib\nlib___.a\n/home/runner/.rustup/toolchains/nightly-2024-12-26-x86_64-unknown-linux-gnu\noff\n___\ndebug_assertions\nfmt_debug=\"full\"\noverflow_checks\npanic=\"abort\"\nproc_macro\nrelocation_model=\"static\"\ntarget_abi=\"\"\ntarget_arch=\"aarch64\"\ntarget_endian=\"little\"\ntarget_env=\"\"\ntarget_feature=\"neon\"\ntarget_has_atomic\ntarget_has_atomic=\"128\"\ntarget_has_atomic=\"16\"\ntarget_has_atomic=\"32\"\ntarget_has_atomic=\"64\"\ntarget_has_atomic=\"8\"\ntarget_has_atomic=\"ptr\"\ntarget_has_atomic_equal_alignment=\"128\"\ntarget_has_atomic_equal_alignment=\"16\"\ntarget_has_atomic_equal_alignment=\"32\"\ntarget_has_atomic_equal_alignment=\"64\"\ntarget_has_atomic_equal_alignment=\"8\"\ntarget_has_atomic_equal_alignment=\"ptr\"\ntarget_has_atomic_load_store\ntarget_has_atomic_load_store=\"128\"\ntarget_has_atomic_load_store=\"16\"\ntarget_has_atomic_load_store=\"32\"\ntarget_has_atomic_load_store=\"64\"\ntarget_has_atomic_load_store=\"8\"\ntarget_has_atomic_load_store=\"ptr\"\ntarget_os=\"none\"\ntarget_pointer_width=\"64\"\ntarget_vendor=\"unknown\"\nub_checks\n\n\n-----\n\nerror: failed to build rustdoc for crate arm_vcpu v0.1.0\nnote: this is usually due to a compilation error in the crate,\n      and is unlikely to be a bug in cargo-semver-checks\nnote: the following command can be used to reproduce the compilation error:\n      cargo new --lib example &&\n          cd example &&\n          echo '[workspace]' >> Cargo.toml &&\n          cargo add --path /home/runner/check/batch_3/arceos-hypervisor/arm_vcpu &&\n          cargo check\n\nerror: aborting due to failure to build rustdoc for crate arm_vcpu v0.1.0\n"
    },
    {
      "cmd_idx": 77,
      "file": "[semver checks]",
      "kind": "Semver Violation",
      "raw": "pkg=arm_vcpu, checker=SemverChecks\ntoolchain=nightly-2024-12-26-x86_64-unknown-linux-gnu, target=x86_64-unknown-linux-gnu\npkg_dir=/home/runner/check/batch_3/arceos-hypervisor/arm_vcpu\ncmd=cargo +nightly-2024-12-26-x86_64-unknown-linux-gnu semver-checks --target x86_64-unknown-linux-gnu\n\n\nstdout:\n\nstderr:\n    Building arm_vcpu v0.1.0 (current)\nerror: running cargo-doc on crate 'arm_vcpu' failed with output:\n-----\n    Checking bit_field v0.10.2\n   Compiling rustversion v1.0.19\n   Compiling proc-macro2 v1.0.92\n   Compiling autocfg v1.4.0\n   Compiling unicode-ident v1.0.14\n    Checking bitflags v1.3.2\n   Compiling x86 v0.52.0\n    Checking raw-cpuid v10.7.0\n   Compiling lock_api v0.4.12\n    Checking bitflags v2.6.0\n    Checking volatile v0.4.6\n    Checking memory_addr v0.3.1\n   Compiling quote v1.0.38\n    Checking x86_64 v0.15.1\n    Checking scopeguard v1.2.0\n   Compiling axerrno v0.1.0\n    Checking log v0.4.22\nerror[E0053]: method `steps_between` has an incompatible type for trait\n   --> /home/runner/.cargo/registry/src/index.crates.io-1949cf8c6b5b557f/x86_64-0.15.1/src/addr.rs:362:51\n    |\n362 |     fn steps_between(start: &Self, end: &Self) -> Option<usize> {\n    |                                                   ^^^^^^^^^^^^^ expected `(usize, Option<usize>)`, found `Option<usize>`\n    |\n    = note: expected signature `fn(&addr::VirtAddr, &addr::VirtAddr) -> (usize, Option<usize>)`\n               found signature `fn(&addr::VirtAddr, &addr::VirtAddr) -> Option<usize>`\nhelp: change the output type to match the trait\n    |\n362 |     fn steps_between(start: &Self, end: &Self) -> (usize, Option<usize>) {\n    |                                                   ~~~~~~~~~~~~~~~~~~~~~~\n\n   Compiling syn v2.0.93\n   Compiling percpu v0.1.6\nerror[E0053]: method `steps_between` has an incompatible type for trait\n   --> /home/runner/.cargo/registry/src/index.crates.io-1949cf8c6b5b557f/x86_64-0.15.1/src/structures/paging/page.rs:294:51\n    |\n294 |     fn steps_between(start: &Self, end: &Self) -> Option<usize> {\n    |                                                   ^^^^^^^^^^^^^ expected `(usize, Option<usize>)`, found `Option<usize>`\n    |\n    = note: expected signature `fn(&Page<_>, &Page<_>) -> (usize, Option<usize>)`\n               found signature `fn(&Page<_>, &Page<_>) -> Option<usize>`\nhelp: change the output type to match the trait\n    |\n294 |     fn steps_between(start: &Self, end: &Self) -> (usize, Option<usize>) {\n    |                                                   ~~~~~~~~~~~~~~~~~~~~~~\n\nerror[E0053]: method `steps_between` has an incompatible type for trait\n   --> /home/runner/.cargo/registry/src/index.crates.io-1949cf8c6b5b557f/x86_64-0.15.1/src/structures/paging/page_table.rs:349:51\n    |\n349 |     fn steps_between(start: &Self, end: &Self) -> Option<usize> {\n    |                                                   ^^^^^^^^^^^^^ expected `(usize, Option<usize>)`, found `Option<usize>`\n    |\n    = note: expected signature `fn(&PageTableIndex, &PageTableIndex) -> (usize, Option<usize>)`\n               found signature `fn(&PageTableIndex, &PageTableIndex) -> Option<usize>`\nhelp: change the output type to match the trait\n    |\n349 |     fn steps_between(start: &Self, end: &Self) -> (usize, Option<usize>) {\n    |                                                   ~~~~~~~~~~~~~~~~~~~~~~\n\n    Checking cfg-if v1.0.0\n    Checking spin v0.9.8\n    Checking memory_set v0.3.1\n    Checking numeric-enum-macro v0.2.0\n    Checking lazyinit v0.2.1\n    Checking tock-registers v0.8.1\n    Checking aarch64-cpu v9.4.0\nFor more information about this error, try `rustc --explain E0053`.\nerror: could not compile `x86_64` (lib) due to 3 previous errors\nwarning: build failed, waiting for other jobs to finish...\n\n-----\n\nerror: failed to build rustdoc for crate arm_vcpu v0.1.0\nnote: this is usually due to a compilation error in the crate,\n      and is unlikely to be a bug in cargo-semver-checks\nnote: the following command can be used to reproduce the compilation error:\n      cargo new --lib example &&\n          cd example &&\n          echo '[workspace]' >> Cargo.toml &&\n          cargo add --path /home/runner/check/batch_3/arceos-hypervisor/arm_vcpu &&\n          cargo check\n\nerror: aborting due to failure to build rustdoc for crate arm_vcpu v0.1.0\n"
    },
    {
      "cmd_idx": 79,
      "file": "[lockbud] Not supported to display yet.",
      "kind": "Lockbud(Possibly)",
      "raw": "[2024-12-29T00:08:08Z WARN  lockbud::callbacks] [\n      {\n        \"AtomicityViolation\": {\n          \"bug_kind\": \"AtomicityViolation\",\n          \"possibility\": \"Possibly\",\n          \"diagnosis\": {\n            \"fn_name\": \"set_logger_racy\",\n            \"atomic_reader\": \"/home/runner/.cargo/registry/src/index.crates.io-6f17d22bba15001f/log-0.4.22/src/lib.rs:1447:11: 1447:40 (#0)\",\n            \"atomic_writer\": \"/home/runner/.cargo/registry/src/index.crates.io-6f17d22bba15001f/log-0.4.22/src/lib.rs:1450:13: 1450:56 (#0)\",\n            \"dep_kind\": \"Control\"\n          },\n          \"explanation\": \"atomic::store is data/control dependent on atomic::load\"\n        }\n      }\n    ]\n[2024-12-29T00:08:08Z WARN  lockbud::callbacks] crate log contains bugs: { probably: 0, possibly: 0 }, conflictlock: { probably: 0, possibly: 0 }, condvar_deadlock: { probably: 0, possibly: 0 }, atomicity_violation: { possibly: 1 }, invalid_free: { possibly: 0 }, use_after_free: { possibly: 0 }"
    },
    {
      "cmd_idx": 80,
      "file": "[lockbud] Not supported to display yet.",
      "kind": "Lockbud(Possibly)",
      "raw": "[2024-12-29T00:08:13Z WARN  lockbud::callbacks] [\n      {\n        \"AtomicityViolation\": {\n          \"bug_kind\": \"AtomicityViolation\",\n          \"possibility\": \"Possibly\",\n          \"diagnosis\": {\n            \"fn_name\": \"set_logger_racy\",\n            \"atomic_reader\": \"/home/runner/.cargo/registry/src/index.crates.io-6f17d22bba15001f/log-0.4.22/src/lib.rs:1447:11: 1447:40 (#0)\",\n            \"atomic_writer\": \"/home/runner/.cargo/registry/src/index.crates.io-6f17d22bba15001f/log-0.4.22/src/lib.rs:1450:13: 1450:56 (#0)\",\n            \"dep_kind\": \"Control\"\n          },\n          \"explanation\": \"atomic::store is data/control dependent on atomic::load\"\n        }\n      }\n    ]\n[2024-12-29T00:08:13Z WARN  lockbud::callbacks] crate log contains bugs: { probably: 0, possibly: 0 }, conflictlock: { probably: 0, possibly: 0 }, condvar_deadlock: { probably: 0, possibly: 0 }, atomicity_violation: { possibly: 1 }, invalid_free: { possibly: 0 }, use_after_free: { possibly: 0 }"
    },
    {
      "cmd_idx": 84,
      "file": "[outdated direct dependencies]",
      "kind": "Outdated",
      "raw": "pkg=arm_vcpu, checker=Outdated\ntoolchain=nightly-2024-12-26-x86_64-unknown-linux-gnu, target=x86_64-unknown-linux-gnu\npkg_dir=/home/runner/check/batch_3/arceos-hypervisor/arm_vcpu\ncmd=cargo +nightly-2024-12-26-x86_64-unknown-linux-gnu outdated -R --exit-code=2\n\nName            Project  Compat  Latest  Kind    Platform\n----            -------  ------  ------  ----    --------\naarch64-cpu     9.4.0    ---     10.0.0  Normal  ---\ntock-registers  0.8.1    ---     0.9.0   Normal  ---\n"
    },
    {
      "cmd_idx": 85,
      "file": "[outdated direct dependencies]",
      "kind": "Outdated",
      "raw": "pkg=arm_vcpu, checker=Outdated\ntoolchain=nightly-2024-12-26-x86_64-unknown-linux-gnu, target=aarch64-unknown-none\npkg_dir=/home/runner/check/batch_3/arceos-hypervisor/arm_vcpu\ncmd=cargo +nightly-2024-12-26-x86_64-unknown-linux-gnu outdated -R --exit-code=2\n\nName            Project  Compat  Latest  Kind    Platform\n----            -------  ------  ------  ----    --------\naarch64-cpu     9.4.0    ---     10.0.0  Normal  ---\ntock-registers  0.8.1    ---     0.9.0   Normal  ---\n"
    },
    {
      "cmd_idx": 87,
      "file": "(virtual) rap",
      "kind": "Cargo",
      "raw": "// pkg_name=arm_vcpu, checker=Rap\n// toolchain=nightly-2024-12-26-x86_64-unknown-linux-gnu, target=aarch64-unknown-none\n// pkg_dir=/home/runner/check/batch_3/arceos-hypervisor/arm_vcpu\n// cmd=cargo +nightly-2024-10-12 rap -F -M -- --target aarch64-unknown-none\n// timestamp=2024-12-29 8:08:16.300039936 +08:00:00\n   Compiling proc-macro2 v1.0.92\n   Compiling unicode-ident v1.0.14\n    Checking memory_addr v0.3.1\n    Checking tock-registers v0.8.1\n    Checking log v0.4.22\n    Checking aarch64-cpu v9.4.0\n    Checking bitflags v2.6.0\n   Compiling axerrno v0.1.0\n   Compiling autocfg v1.4.0\n    Checking cfg-if v1.0.0\n   Compiling percpu v0.1.6\n   Compiling lock_api v0.4.12\n   Compiling quote v1.0.38\n   Compiling syn v2.0.93\n    Checking memory_set v0.3.1\n    Checking lazyinit v0.2.1\n    Checking scopeguard v1.2.0\n    Checking numeric-enum-macro v0.2.0\n    Checking bit_field v0.10.2\n    Checking aarch64_sysreg v0.1.1\n    Checking spin v0.9.8\n    Checking page_table_entry v0.4.2\n    Checking page_table_multiarch v0.4.2\n    Checking axaddrspace v0.1.0 (https://github.com/arceos-hypervisor/axaddrspace.git#d135a90b)\n   Compiling percpu_macros v0.1.6\n    Checking axvcpu v0.1.0 (https://github.com/arceos-hypervisor/axvcpu.git#4790ff63)\n    Checking arm_vcpu v0.1.0 (/home/runner/check/batch_3/arceos-hypervisor/arm_vcpu)\nerror[E0787]: the `asm!` macro is not allowed in naked functions\n   --> src/exception.rs:298:5\n    |\n298 | /     core::arch::asm!(\n299 | |         \"bl {vcpu_running}\", // Check if vcpu is running.\n300 | |         // If vcpu_running returns true, jump to `return_run_guest`,\n301 | |         // after that the control flow is handed back to Aarch64VCpu.run(),\n...   |\n312 | |         options(noreturn),\n313 | |     )\n    | |_____^ consider using the `naked_asm!` macro instead\n\nerror[E0787]: the `asm!` macro is not allowed in naked functions\n   --> src/exception.rs:354:5\n    |\n354 | /     core::arch::asm!(\n355 | |         // Curretly `sp` points to the base address of `Aarch64VCpu.ctx`, which stores guest's `TrapFrame`.\n356 | |         \"add x9, sp, 34 * 8\", // Skip the exception frame.\n357 | |         // Currently `x9` points to `&Aarch64VCpu.host_stack_top`, see `run_guest()` in vcpu.rs.\n...   |\n362 | |         options(noreturn),\n363 | |     )\n    | |_____^ consider using the `naked_asm!` macro instead\n\nwarning: the feature `asm_const` has been stable since 1.82.0 and no longer requires an attribute to enable\n --> src/lib.rs:4:12\n  |\n4 | #![feature(asm_const)]\n  |            ^^^^^^^^^\n  |\n  = note: `#[warn(stable_features)]` on by default\n\nwarning: the feature `exclusive_range_pattern` has been stable since 1.80.0 and no longer requires an attribute to enable\n --> src/lib.rs:5:12\n  |\n5 | #![feature(exclusive_range_pattern)]\n  |            ^^^^^^^^^^^^^^^^^^^^^^^\n\nFor more information about this error, try `rustc --explain E0787`.\nwarning: `arm_vcpu` (lib) generated 2 warnings\nerror: could not compile `arm_vcpu` (lib) due to 2 previous errors; 2 warnings emitted\n00:08:21|RAP|ERROR|: Finished with non-zero exit code.\n"
    },
    {
      "cmd_idx": 88,
      "file": "(virtual) rap",
      "kind": "Cargo",
      "raw": "// pkg_name=arm_vcpu, checker=Rap\n// toolchain=nightly-2024-12-26-x86_64-unknown-linux-gnu, target=x86_64-unknown-linux-gnu\n// pkg_dir=/home/runner/check/batch_3/arceos-hypervisor/arm_vcpu\n// cmd=cargo +nightly-2024-10-12 rap -F -M -- --target x86_64-unknown-linux-gnu\n// timestamp=2024-12-29 8:08:21.440289017 +08:00:00\n    Checking bit_field v0.10.2\n   Compiling rustversion v1.0.19\n   Compiling proc-macro2 v1.0.92\n    Checking bitflags v1.3.2\n   Compiling autocfg v1.4.0\n   Compiling x86 v0.52.0\n   Compiling unicode-ident v1.0.14\n    Checking raw-cpuid v10.7.0\n   Compiling lock_api v0.4.12\n    Checking memory_addr v0.3.1\n    Checking volatile v0.4.6\n    Checking bitflags v2.6.0\n   Compiling quote v1.0.38\n    Checking x86_64 v0.15.1\n   Compiling axerrno v0.1.0\n    Checking scopeguard v1.2.0\n    Checking log v0.4.22\n   Compiling syn v2.0.93\n   Compiling percpu v0.1.6\n    Checking cfg-if v1.0.0\n    Checking spin v0.9.8\n    Checking page_table_entry v0.4.2\n    Checking memory_set v0.3.1\n    Checking lazyinit v0.2.1\n    Checking page_table_multiarch v0.4.2\n    Checking numeric-enum-macro v0.2.0\n    Checking tock-registers v0.8.1\n    Checking aarch64_sysreg v0.1.1\n    Checking axaddrspace v0.1.0 (https://github.com/arceos-hypervisor/axaddrspace.git#d135a90b)\n    Checking aarch64-cpu v9.4.0\n   Compiling percpu_macros v0.1.6\n    Checking axvcpu v0.1.0 (https://github.com/arceos-hypervisor/axvcpu.git#4790ff63)\n    Checking arm_vcpu v0.1.0 (/home/runner/check/batch_3/arceos-hypervisor/arm_vcpu)\nerror: invalid register `x0`: unknown register\n  --> src/smc.rs:17:9\n   |\n17 |         inout(\"x0\") x0 => r0,\n   |         ^^^^^^^^^^^^^^^^^^^^\n\nerror: invalid register `x1`: unknown register\n  --> src/smc.rs:18:9\n   |\n18 |         inout(\"x1\") x1 => r1,\n   |         ^^^^^^^^^^^^^^^^^^^^\n\nerror: invalid register `x2`: unknown register\n  --> src/smc.rs:19:9\n   |\n19 |         inout(\"x2\") x2 => r2,\n   |         ^^^^^^^^^^^^^^^^^^^^\n\nerror: invalid register `x3`: unknown register\n  --> src/smc.rs:20:9\n   |\n20 |         inout(\"x3\") x3 => r3,\n   |         ^^^^^^^^^^^^^^^^^^^^\n\nerror: invalid register `x11`: unknown register\n   --> src/vcpu.rs:226:13\n    |\n226 |             in(\"x11\") &self.host_stack_top as *const _ as usize,\n    |             ^^^^^^^^^^^^^^^^^^^^^^^^^^^^^^^^^^^^^^^^^^^^^^^^^^^\n\nerror[E0787]: the `asm!` macro is not allowed in naked functions\n   --> src/exception.rs:298:5\n    |\n298 | /     core::arch::asm!(\n299 | |         \"bl {vcpu_running}\", // Check if vcpu is running.\n300 | |         // If vcpu_running returns true, jump to `return_run_guest`,\n301 | |         // after that the control flow is handed back to Aarch64VCpu.run(),\n...   |\n312 | |         options(noreturn),\n313 | |     )\n    | |_____^ consider using the `naked_asm!` macro instead\n\nerror[E0787]: the `asm!` macro is not allowed in naked functions\n   --> src/exception.rs:354:5\n    |\n354 | /     core::arch::asm!(\n355 | |         // Curretly `sp` points to the base address of `Aarch64VCpu.ctx`, which stores guest's `TrapFrame`.\n356 | |         \"add x9, sp, 34 * 8\", // Skip the exception frame.\n357 | |         // Currently `x9` points to `&Aarch64VCpu.host_stack_top`, see `run_guest()` in vcpu.rs.\n...   |\n362 | |         options(noreturn),\n363 | |     )\n    | |_____^ consider using the `naked_asm!` macro instead\n\nwarning: the feature `asm_const` has been stable since 1.82.0 and no longer requires an attribute to enable\n --> src/lib.rs:4:12\n  |\n4 | #![feature(asm_const)]\n  |            ^^^^^^^^^\n  |\n  = note: `#[warn(stable_features)]` on by default\n\nwarning: the feature `exclusive_range_pattern` has been stable since 1.80.0 and no longer requires an attribute to enable\n --> src/lib.rs:5:12\n  |\n5 | #![feature(exclusive_range_pattern)]\n  |            ^^^^^^^^^^^^^^^^^^^^^^^\n\nFor more information about this error, try `rustc --explain E0787`.\nwarning: `arm_vcpu` (lib) generated 2 warnings\nerror: could not compile `arm_vcpu` (lib) due to 7 previous errors; 2 warnings emitted\n00:08:27|RAP|ERROR|: Finished with non-zero exit code.\n"
    },
    {
      "cmd_idx": 89,
      "file": "(virtual) clippy",
      "kind": "Cargo",
      "raw": "// pkg_name=arm_vcpu, checker=Clippy\n// toolchain=nightly-2024-12-26-x86_64-unknown-linux-gnu, target=aarch64-unknown-none\n// pkg_dir=/home/runner/check/batch_3/arceos-hypervisor/arm_vcpu\n// cmd=cargo clippy --target aarch64-unknown-none --no-deps --message-format=json\n// timestamp=2024-12-29 8:07:55.334020524 +08:00:00\n   Compiling proc-macro2 v1.0.92\n   Compiling unicode-ident v1.0.14\n    Checking memory_addr v0.3.1\n    Checking tock-registers v0.8.1\n   Compiling axerrno v0.1.0\n   Compiling autocfg v1.4.0\n    Checking aarch64-cpu v9.4.0\n    Checking log v0.4.22\n    Checking bitflags v2.6.0\n   Compiling percpu v0.1.6\n    Checking cfg-if v1.0.0\n   Compiling lock_api v0.4.12\n   Compiling quote v1.0.38\n    Checking memory_set v0.3.1\n   Compiling syn v2.0.93\n    Checking bit_field v0.10.2\n    Checking lazyinit v0.2.1\n    Checking numeric-enum-macro v0.2.0\n    Checking scopeguard v1.2.0\n    Checking aarch64_sysreg v0.1.1\n    Checking spin v0.9.8\n    Checking page_table_entry v0.4.2\n    Checking page_table_multiarch v0.4.2\n    Checking axaddrspace v0.1.0 (https://github.com/arceos-hypervisor/axaddrspace.git#d135a90b)\n   Compiling percpu_macros v0.1.6\n    Checking axvcpu v0.1.0 (https://github.com/arceos-hypervisor/axvcpu.git#4790ff63)\n    Checking arm_vcpu v0.1.0 (/home/runner/check/batch_3/arceos-hypervisor/arm_vcpu)\nerror: could not compile `arm_vcpu` (lib) due to 2 previous errors; 2 warnings emitted\n"
    },
    {
      "cmd_idx": 90,
      "file": "(virtual) lockbud",
      "kind": "Cargo",
      "raw": "// pkg_name=arm_vcpu, checker=Lockbud\n// toolchain=nightly-2024-12-26-x86_64-unknown-linux-gnu, target=x86_64-unknown-linux-gnu\n// pkg_dir=/home/runner/check/batch_3/arceos-hypervisor/arm_vcpu\n// cmd=cargo +nightly-2024-10-05 lockbud -k all -- --target x86_64-unknown-linux-gnu\n// timestamp=2024-12-29 8:08:12.700769306 +08:00:00\n   Compiling rustversion v1.0.19\n   Compiling bit_field v0.10.2\n   Compiling bitflags v1.3.2\n   Compiling x86 v0.52.0\n   Compiling raw-cpuid v10.7.0\n   Compiling bitflags v2.6.0\n   Compiling volatile v0.4.6\n   Compiling memory_addr v0.3.1\n   Compiling lock_api v0.4.12\n   Compiling log v0.4.22\n   Compiling scopeguard v1.2.0\n   Compiling axerrno v0.1.0\n[2024-12-29T00:08:13Z WARN  lockbud::callbacks] [\n      {\n        \"AtomicityViolation\": {\n          \"bug_kind\": \"AtomicityViolation\",\n          \"possibility\": \"Possibly\",\n          \"diagnosis\": {\n            \"fn_name\": \"set_logger_racy\",\n            \"atomic_reader\": \"/home/runner/.cargo/registry/src/index.crates.io-6f17d22bba15001f/log-0.4.22/src/lib.rs:1447:11: 1447:40 (#0)\",\n            \"atomic_writer\": \"/home/runner/.cargo/registry/src/index.crates.io-6f17d22bba15001f/log-0.4.22/src/lib.rs:1450:13: 1450:56 (#0)\",\n            \"dep_kind\": \"Control\"\n          },\n          \"explanation\": \"atomic::store is data/control dependent on atomic::load\"\n        }\n      }\n    ]\n[2024-12-29T00:08:13Z WARN  lockbud::callbacks] crate log contains bugs: { probably: 0, possibly: 0 }, conflictlock: { probably: 0, possibly: 0 }, condvar_deadlock: { probably: 0, possibly: 0 }, atomicity_violation: { possibly: 1 }, invalid_free: { possibly: 0 }, use_after_free: { possibly: 0 }\n   Compiling cfg-if v1.0.0\n   Compiling percpu v0.1.6\n   Compiling spin v0.9.8\n   Compiling memory_set v0.3.1\n   Compiling numeric-enum-macro v0.2.0\n   Compiling lazyinit v0.2.1\n   Compiling tock-registers v0.8.1\n   Compiling aarch64_sysreg v0.1.1\n   Compiling aarch64-cpu v9.4.0\n   Compiling x86_64 v0.15.1\n   Compiling page_table_entry v0.4.2\n   Compiling page_table_multiarch v0.4.2\n   Compiling axaddrspace v0.1.0 (https://github.com/arceos-hypervisor/axaddrspace.git#d135a90b)\n   Compiling axvcpu v0.1.0 (https://github.com/arceos-hypervisor/axvcpu.git#4790ff63)\n   Compiling arm_vcpu v0.1.0 (/home/runner/check/batch_3/arceos-hypervisor/arm_vcpu)\nerror: invalid register `x0`: unknown register\n  --> src/smc.rs:17:9\n   |\n17 |         inout(\"x0\") x0 => r0,\n   |         ^^^^^^^^^^^^^^^^^^^^\n\nerror: invalid register `x1`: unknown register\n  --> src/smc.rs:18:9\n   |\n18 |         inout(\"x1\") x1 => r1,\n   |         ^^^^^^^^^^^^^^^^^^^^\n\nerror: invalid register `x2`: unknown register\n  --> src/smc.rs:19:9\n   |\n19 |         inout(\"x2\") x2 => r2,\n   |         ^^^^^^^^^^^^^^^^^^^^\n\nerror: invalid register `x3`: unknown register\n  --> src/smc.rs:20:9\n   |\n20 |         inout(\"x3\") x3 => r3,\n   |         ^^^^^^^^^^^^^^^^^^^^\n\nerror: invalid register `x11`: unknown register\n   --> src/vcpu.rs:226:13\n    |\n226 |             in(\"x11\") &self.host_stack_top as *const _ as usize,\n    |             ^^^^^^^^^^^^^^^^^^^^^^^^^^^^^^^^^^^^^^^^^^^^^^^^^^^\n\nwarning: the feature `asm_const` has been stable since 1.82.0 and no longer requires an attribute to enable\n --> src/lib.rs:4:12\n  |\n4 | #![feature(asm_const)]\n  |            ^^^^^^^^^\n  |\n  = note: `#[warn(stable_features)]` on by default\n\nwarning: the feature `exclusive_range_pattern` has been stable since 1.80.0 and no longer requires an attribute to enable\n --> src/lib.rs:5:12\n  |\n5 | #![feature(exclusive_range_pattern)]\n  |            ^^^^^^^^^^^^^^^^^^^^^^^\n\nwarning: `arm_vcpu` (lib) generated 2 warnings\nerror: could not compile `arm_vcpu` (lib) due to 5 previous errors; 2 warnings emitted\n"
    },
    {
      "cmd_idx": 91,
      "file": "(virtual) semver-checks",
      "kind": "Cargo",
      "raw": "// pkg_name=arm_vcpu, checker=SemverChecks\n// toolchain=nightly-2024-12-26-x86_64-unknown-linux-gnu, target=x86_64-unknown-linux-gnu\n// pkg_dir=/home/runner/check/batch_3/arceos-hypervisor/arm_vcpu\n// cmd=cargo +nightly-2024-12-26-x86_64-unknown-linux-gnu semver-checks --target x86_64-unknown-linux-gnu\n// timestamp=2024-12-29 8:08:02.577481182 +08:00:00\n    Building arm_vcpu v0.1.0 (current)\nerror: running cargo-doc on crate 'arm_vcpu' failed with output:\n-----\n    Checking bit_field v0.10.2\n   Compiling rustversion v1.0.19\n   Compiling proc-macro2 v1.0.92\n   Compiling autocfg v1.4.0\n   Compiling unicode-ident v1.0.14\n    Checking bitflags v1.3.2\n   Compiling x86 v0.52.0\n    Checking raw-cpuid v10.7.0\n   Compiling lock_api v0.4.12\n    Checking bitflags v2.6.0\n    Checking volatile v0.4.6\n    Checking memory_addr v0.3.1\n   Compiling quote v1.0.38\n    Checking x86_64 v0.15.1\n    Checking scopeguard v1.2.0\n   Compiling axerrno v0.1.0\n    Checking log v0.4.22\nerror[E0053]: method `steps_between` has an incompatible type for trait\n   --> /home/runner/.cargo/registry/src/index.crates.io-1949cf8c6b5b557f/x86_64-0.15.1/src/addr.rs:362:51\n    |\n362 |     fn steps_between(start: &Self, end: &Self) -> Option<usize> {\n    |                                                   ^^^^^^^^^^^^^ expected `(usize, Option<usize>)`, found `Option<usize>`\n    |\n    = note: expected signature `fn(&addr::VirtAddr, &addr::VirtAddr) -> (usize, Option<usize>)`\n               found signature `fn(&addr::VirtAddr, &addr::VirtAddr) -> Option<usize>`\nhelp: change the output type to match the trait\n    |\n362 |     fn steps_between(start: &Self, end: &Self) -> (usize, Option<usize>) {\n    |                                                   ~~~~~~~~~~~~~~~~~~~~~~\n\n   Compiling syn v2.0.93\n   Compiling percpu v0.1.6\nerror[E0053]: method `steps_between` has an incompatible type for trait\n   --> /home/runner/.cargo/registry/src/index.crates.io-1949cf8c6b5b557f/x86_64-0.15.1/src/structures/paging/page.rs:294:51\n    |\n294 |     fn steps_between(start: &Self, end: &Self) -> Option<usize> {\n    |                                                   ^^^^^^^^^^^^^ expected `(usize, Option<usize>)`, found `Option<usize>`\n    |\n    = note: expected signature `fn(&Page<_>, &Page<_>) -> (usize, Option<usize>)`\n               found signature `fn(&Page<_>, &Page<_>) -> Option<usize>`\nhelp: change the output type to match the trait\n    |\n294 |     fn steps_between(start: &Self, end: &Self) -> (usize, Option<usize>) {\n    |                                                   ~~~~~~~~~~~~~~~~~~~~~~\n\nerror[E0053]: method `steps_between` has an incompatible type for trait\n   --> /home/runner/.cargo/registry/src/index.crates.io-1949cf8c6b5b557f/x86_64-0.15.1/src/structures/paging/page_table.rs:349:51\n    |\n349 |     fn steps_between(start: &Self, end: &Self) -> Option<usize> {\n    |                                                   ^^^^^^^^^^^^^ expected `(usize, Option<usize>)`, found `Option<usize>`\n    |\n    = note: expected signature `fn(&PageTableIndex, &PageTableIndex) -> (usize, Option<usize>)`\n               found signature `fn(&PageTableIndex, &PageTableIndex) -> Option<usize>`\nhelp: change the output type to match the trait\n    |\n349 |     fn steps_between(start: &Self, end: &Self) -> (usize, Option<usize>) {\n    |                                                   ~~~~~~~~~~~~~~~~~~~~~~\n\n    Checking cfg-if v1.0.0\n    Checking spin v0.9.8\n    Checking memory_set v0.3.1\n    Checking numeric-enum-macro v0.2.0\n    Checking lazyinit v0.2.1\n    Checking tock-registers v0.8.1\n    Checking aarch64-cpu v9.4.0\nFor more information about this error, try `rustc --explain E0053`.\nerror: could not compile `x86_64` (lib) due to 3 previous errors\nwarning: build failed, waiting for other jobs to finish...\n\n-----\n\nerror: failed to build rustdoc for crate arm_vcpu v0.1.0\nnote: this is usually due to a compilation error in the crate,\n      and is unlikely to be a bug in cargo-semver-checks\nnote: the following command can be used to reproduce the compilation error:\n      cargo new --lib example &&\n          cd example &&\n          echo '[workspace]' >> Cargo.toml &&\n          cargo add --path /home/runner/check/batch_3/arceos-hypervisor/arm_vcpu &&\n          cargo check\n\nerror: aborting due to failure to build rustdoc for crate arm_vcpu v0.1.0\n"
    },
    {
      "cmd_idx": 92,
      "file": "(virtual) semver-checks",
      "kind": "Cargo",
      "raw": "// pkg_name=arm_vcpu, checker=SemverChecks\n// toolchain=nightly-2024-12-26-x86_64-unknown-linux-gnu, target=aarch64-unknown-none\n// pkg_dir=/home/runner/check/batch_3/arceos-hypervisor/arm_vcpu\n// cmd=cargo +nightly-2024-12-26-x86_64-unknown-linux-gnu semver-checks --target aarch64-unknown-none\n// timestamp=2024-12-29 8:08:01.7511928 +08:00:00\n    Building arm_vcpu v0.1.0 (current)\nerror: running cargo-doc on crate 'arm_vcpu' failed with output:\n-----\nerror: output of --print=file-names missing when learning about target-specific information from rustc\ncommand was: `/home/runner/.rustup/toolchains/nightly-2024-12-26-x86_64-unknown-linux-gnu/bin/rustc - --crate-name ___ --print=file-names --cap-lints=allow --target aarch64-unknown-none --crate-type bin --crate-type rlib --crate-type dylib --crate-type cdylib --crate-type staticlib --crate-type proc-macro --print=sysroot --print=split-debuginfo --print=crate-name --print=cfg`\n\n--- stdout\n___\nlib___.rlib\nlib___.a\n/home/runner/.rustup/toolchains/nightly-2024-12-26-x86_64-unknown-linux-gnu\noff\n___\ndebug_assertions\nfmt_debug=\"full\"\noverflow_checks\npanic=\"abort\"\nproc_macro\nrelocation_model=\"static\"\ntarget_abi=\"\"\ntarget_arch=\"aarch64\"\ntarget_endian=\"little\"\ntarget_env=\"\"\ntarget_feature=\"neon\"\ntarget_has_atomic\ntarget_has_atomic=\"128\"\ntarget_has_atomic=\"16\"\ntarget_has_atomic=\"32\"\ntarget_has_atomic=\"64\"\ntarget_has_atomic=\"8\"\ntarget_has_atomic=\"ptr\"\ntarget_has_atomic_equal_alignment=\"128\"\ntarget_has_atomic_equal_alignment=\"16\"\ntarget_has_atomic_equal_alignment=\"32\"\ntarget_has_atomic_equal_alignment=\"64\"\ntarget_has_atomic_equal_alignment=\"8\"\ntarget_has_atomic_equal_alignment=\"ptr\"\ntarget_has_atomic_load_store\ntarget_has_atomic_load_store=\"128\"\ntarget_has_atomic_load_store=\"16\"\ntarget_has_atomic_load_store=\"32\"\ntarget_has_atomic_load_store=\"64\"\ntarget_has_atomic_load_store=\"8\"\ntarget_has_atomic_load_store=\"ptr\"\ntarget_os=\"none\"\ntarget_pointer_width=\"64\"\ntarget_vendor=\"unknown\"\nub_checks\n\n\n-----\n\nerror: failed to build rustdoc for crate arm_vcpu v0.1.0\nnote: this is usually due to a compilation error in the crate,\n      and is unlikely to be a bug in cargo-semver-checks\nnote: the following command can be used to reproduce the compilation error:\n      cargo new --lib example &&\n          cd example &&\n          echo '[workspace]' >> Cargo.toml &&\n          cargo add --path /home/runner/check/batch_3/arceos-hypervisor/arm_vcpu &&\n          cargo check\n\nerror: aborting due to failure to build rustdoc for crate arm_vcpu v0.1.0\n"
    },
    {
      "cmd_idx": 93,
      "file": "(virtual) clippy",
      "kind": "Cargo",
      "raw": "// pkg_name=arm_vcpu, checker=Clippy\n// toolchain=nightly-2024-12-26-x86_64-unknown-linux-gnu, target=x86_64-unknown-linux-gnu\n// pkg_dir=/home/runner/check/batch_3/arceos-hypervisor/arm_vcpu\n// cmd=cargo clippy --target x86_64-unknown-linux-gnu --no-deps --message-format=json\n// timestamp=2024-12-29 8:07:59.300604189 +08:00:00\n   Compiling rustversion v1.0.19\n    Checking bit_field v0.10.2\n   Compiling x86 v0.52.0\n    Checking bitflags v1.3.2\n    Checking raw-cpuid v10.7.0\n    Checking memory_addr v0.3.1\n    Checking volatile v0.4.6\n    Checking bitflags v2.6.0\n   Compiling lock_api v0.4.12\n    Checking scopeguard v1.2.0\n    Checking log v0.4.22\n   Compiling axerrno v0.1.0\n    Checking cfg-if v1.0.0\n   Compiling percpu v0.1.6\n    Checking spin v0.9.8\n    Checking memory_set v0.3.1\n    Checking lazyinit v0.2.1\n    Checking numeric-enum-macro v0.2.0\n    Checking tock-registers v0.8.1\n    Checking aarch64_sysreg v0.1.1\n    Checking aarch64-cpu v9.4.0\n    Checking x86_64 v0.15.1\nerror: could not compile `x86_64` (lib) due to 3 previous errors\nwarning: build failed, waiting for other jobs to finish...\n"
    },
    {
      "cmd_idx": 94,
      "file": "src/lib.rs",
      "kind": "Unformatted",
      "raw": "file: /home/runner/check/batch_3/arceos-hypervisor/arm_vgic/src/lib.rs (original lines from 5 to 5)\n-\n"
    },
    {
      "cmd_idx": 94,
      "file": "src/lib.rs",
      "kind": "Unformatted",
      "raw": "file: /home/runner/check/batch_3/arceos-hypervisor/arm_vgic/src/lib.rs (original lines from 11 to 11)\n+\n"
    },
    {
      "cmd_idx": 94,
      "file": "src/vgic.rs",
      "kind": "Unformatted",
      "raw": "file: /home/runner/check/batch_3/arceos-hypervisor/arm_vgic/src/vgic.rs (original lines from 95 to 95)\n-            },\n+            }\n"
    },
    {
      "cmd_idx": 94,
      "file": "src/vgic.rs",
      "kind": "Unformatted",
      "raw": "file: /home/runner/check/batch_3/arceos-hypervisor/arm_vgic/src/vgic.rs (original lines from 98 to 101)\n-            },\n-            VGICD_ISENABLER_SPI..=VGICD_ICENABLER_SGI_PPI => {\n-                \n-            },\n+            }\n+            VGICD_ISENABLER_SPI..=VGICD_ICENABLER_SGI_PPI => {}\n"
    },
    {
      "cmd_idx": 94,
      "file": "src/vgic.rs",
      "kind": "Unformatted",
      "raw": "file: /home/runner/check/batch_3/arceos-hypervisor/arm_vgic/src/vgic.rs (original lines from 113 to 113)\n-            },\n+            }\n"
    },
    {
      "cmd_idx": 94,
      "file": "src/vgic.rs",
      "kind": "Unformatted",
      "raw": "file: /home/runner/check/batch_3/arceos-hypervisor/arm_vgic/src/vgic.rs (original lines from 116 to 117)\n-            },\n-            \n+            }\n"
    },
    {
      "cmd_idx": 94,
      "file": "src/vgic.rs",
      "kind": "Unformatted",
      "raw": "file: /home/runner/check/batch_3/arceos-hypervisor/arm_vgic/src/vgic.rs (original lines from 126 to 126)\n-            },\n+            }\n"
    },
    {
      "cmd_idx": 94,
      "file": "src/vgic.rs",
      "kind": "Unformatted",
      "raw": "file: /home/runner/check/batch_3/arceos-hypervisor/arm_vgic/src/vgic.rs (original lines from 129 to 130)\n-            },\n-            \n+            }\n"
    },
    {
      "cmd_idx": 94,
      "file": "src/vgicc.rs",
      "kind": "Unformatted",
      "raw": "file: /home/runner/check/batch_3/arceos-hypervisor/arm_vgic/src/vgicc.rs (original lines from 1 to 1)\n-\n"
    },
    {
      "cmd_idx": 95,
      "file": "/home/runner/.cargo/registry/src/index.crates.io-1949cf8c6b5b557f/x86_64-0.15.1/src/addr.rs",
      "kind": "Clippy(Error)",
      "raw": "error[E0053]: method `steps_between` has an incompatible type for trait\n   --> /home/runner/.cargo/registry/src/index.crates.io-1949cf8c6b5b557f/x86_64-0.15.1/src/addr.rs:362:51\n    |\n362 |     fn steps_between(start: &Self, end: &Self) -> Option<usize> {\n    |                                                   ^^^^^^^^^^^^^ expected `(usize, Option<usize>)`, found `Option<usize>`\n    |\n    = note: expected signature `fn(&addr::VirtAddr, &addr::VirtAddr) -> (usize, Option<usize>)`\n               found signature `fn(&addr::VirtAddr, &addr::VirtAddr) -> Option<usize>`\nhelp: change the output type to match the trait\n    |\n362 |     fn steps_between(start: &Self, end: &Self) -> (usize, Option<usize>) {\n    |                                                   ~~~~~~~~~~~~~~~~~~~~~~\n\n"
    },
    {
      "cmd_idx": 95,
      "file": "/home/runner/.cargo/registry/src/index.crates.io-1949cf8c6b5b557f/x86_64-0.15.1/src/structures/paging/page.rs",
      "kind": "Clippy(Error)",
      "raw": "error[E0053]: method `steps_between` has an incompatible type for trait\n   --> /home/runner/.cargo/registry/src/index.crates.io-1949cf8c6b5b557f/x86_64-0.15.1/src/structures/paging/page.rs:294:51\n    |\n294 |     fn steps_between(start: &Self, end: &Self) -> Option<usize> {\n    |                                                   ^^^^^^^^^^^^^ expected `(usize, Option<usize>)`, found `Option<usize>`\n    |\n    = note: expected signature `fn(&Page<_>, &Page<_>) -> (usize, Option<usize>)`\n               found signature `fn(&Page<_>, &Page<_>) -> Option<usize>`\nhelp: change the output type to match the trait\n    |\n294 |     fn steps_between(start: &Self, end: &Self) -> (usize, Option<usize>) {\n    |                                                   ~~~~~~~~~~~~~~~~~~~~~~\n\n"
    },
    {
      "cmd_idx": 95,
      "file": "/home/runner/.cargo/registry/src/index.crates.io-1949cf8c6b5b557f/x86_64-0.15.1/src/structures/paging/page_table.rs",
      "kind": "Clippy(Error)",
      "raw": "error[E0053]: method `steps_between` has an incompatible type for trait\n   --> /home/runner/.cargo/registry/src/index.crates.io-1949cf8c6b5b557f/x86_64-0.15.1/src/structures/paging/page_table.rs:349:51\n    |\n349 |     fn steps_between(start: &Self, end: &Self) -> Option<usize> {\n    |                                                   ^^^^^^^^^^^^^ expected `(usize, Option<usize>)`, found `Option<usize>`\n    |\n    = note: expected signature `fn(&PageTableIndex, &PageTableIndex) -> (usize, Option<usize>)`\n               found signature `fn(&PageTableIndex, &PageTableIndex) -> Option<usize>`\nhelp: change the output type to match the trait\n    |\n349 |     fn steps_between(start: &Self, end: &Self) -> (usize, Option<usize>) {\n    |                                                   ~~~~~~~~~~~~~~~~~~~~~~\n\n"
    },
    {
      "cmd_idx": 96,
      "file": "[semver checks]",
      "kind": "Semver Violation",
      "raw": "pkg=arm_vgic, checker=SemverChecks\ntoolchain=nightly-2024-12-26-x86_64-unknown-linux-gnu, target=x86_64-unknown-linux-gnu\npkg_dir=/home/runner/check/batch_3/arceos-hypervisor/arm_vgic\ncmd=cargo +nightly-2024-12-26-x86_64-unknown-linux-gnu semver-checks --target x86_64-unknown-linux-gnu\n\n\nstdout:\n\nstderr:\n    Building arm_vgic v0.0.0 (current)\nerror: running cargo-doc on crate 'arm_vgic' failed with output:\n-----\n   Compiling proc-macro2 v1.0.92\n   Compiling unicode-ident v1.0.14\n   Compiling rustversion v1.0.19\n    Checking bit_field v0.10.2\n    Checking bitflags v1.3.2\n    Checking bitflags v2.6.0\n    Checking memory_addr v0.3.1\n   Compiling x86 v0.52.0\n    Checking volatile v0.4.6\n    Checking raw-cpuid v10.7.0\n   Compiling autocfg v1.4.0\n   Compiling quote v1.0.38\n   Compiling syn v2.0.93\n    Checking x86_64 v0.15.1\n    Checking log v0.4.22\n   Compiling axerrno v0.1.0\n   Compiling lock_api v0.4.12\nerror[E0053]: method `steps_between` has an incompatible type for trait\n   --> /home/runner/.cargo/registry/src/index.crates.io-1949cf8c6b5b557f/x86_64-0.15.1/src/addr.rs:362:51\n    |\n362 |     fn steps_between(start: &Self, end: &Self) -> Option<usize> {\n    |                                                   ^^^^^^^^^^^^^ expected `(usize, Option<usize>)`, found `Option<usize>`\n    |\n    = note: expected signature `fn(&addr::VirtAddr, &addr::VirtAddr) -> (usize, Option<usize>)`\n               found signature `fn(&addr::VirtAddr, &addr::VirtAddr) -> Option<usize>`\nhelp: change the output type to match the trait\n    |\n362 |     fn steps_between(start: &Self, end: &Self) -> (usize, Option<usize>) {\n    |                                                   ~~~~~~~~~~~~~~~~~~~~~~\n\nerror[E0053]: method `steps_between` has an incompatible type for trait\n   --> /home/runner/.cargo/registry/src/index.crates.io-1949cf8c6b5b557f/x86_64-0.15.1/src/structures/paging/page.rs:294:51\n    |\n294 |     fn steps_between(start: &Self, end: &Self) -> Option<usize> {\n    |                                                   ^^^^^^^^^^^^^ expected `(usize, Option<usize>)`, found `Option<usize>`\n    |\n    = note: expected signature `fn(&Page<_>, &Page<_>) -> (usize, Option<usize>)`\n               found signature `fn(&Page<_>, &Page<_>) -> Option<usize>`\nhelp: change the output type to match the trait\n    |\n294 |     fn steps_between(start: &Self, end: &Self) -> (usize, Option<usize>) {\n    |                                                   ~~~~~~~~~~~~~~~~~~~~~~\n\n   Compiling serde v1.0.217\nerror[E0053]: method `steps_between` has an incompatible type for trait\n   --> /home/runner/.cargo/registry/src/index.crates.io-1949cf8c6b5b557f/x86_64-0.15.1/src/structures/paging/page_table.rs:349:51\n    |\n349 |     fn steps_between(start: &Self, end: &Self) -> Option<usize> {\n    |                                                   ^^^^^^^^^^^^^ expected `(usize, Option<usize>)`, found `Option<usize>`\n    |\n    = note: expected signature `fn(&PageTableIndex, &PageTableIndex) -> (usize, Option<usize>)`\n               found signature `fn(&PageTableIndex, &PageTableIndex) -> Option<usize>`\nhelp: change the output type to match the trait\n    |\n349 |     fn steps_between(start: &Self, end: &Self) -> (usize, Option<usize>) {\n    |                                                   ~~~~~~~~~~~~~~~~~~~~~~\n\n    Checking memory_set v0.3.1\n    Checking scopeguard v1.2.0\n    Checking lazyinit v0.2.1\n    Checking cfg-if v1.0.0\n    Checking numeric-enum-macro v0.2.0\nFor more information about this error, try `rustc --explain E0053`.\nerror: could not compile `x86_64` (lib) due to 3 previous errors\nwarning: build failed, waiting for other jobs to finish...\n\n-----\n\nerror: failed to build rustdoc for crate arm_vgic v0.0.0\nnote: this is usually due to a compilation error in the crate,\n      and is unlikely to be a bug in cargo-semver-checks\nnote: the following command can be used to reproduce the compilation error:\n      cargo new --lib example &&\n          cd example &&\n          echo '[workspace]' >> Cargo.toml &&\n          cargo add --path /home/runner/check/batch_3/arceos-hypervisor/arm_vgic &&\n          cargo check\n\nerror: aborting due to failure to build rustdoc for crate arm_vgic v0.0.0\n"
    },
    {
      "cmd_idx": 97,
      "file": "Cargo.lock",
      "kind": "Audit",
      "raw": "    Fetching advisory database from `https://github.com/RustSec/advisory-db.git`\n      Loaded 722 security advisories (from /home/runner/.cargo/advisory-db)\n    Updating crates.io index\n    Scanning Cargo.lock for vulnerabilities (37 crate dependencies)\nCrate:     critical-section\nVersion:   1.1.3\nWarning:   yanked\nDependency tree:\ncritical-section 1.1.3\n riscv 0.11.1\n     page_table_multiarch 0.4.2\n         axaddrspace 0.1.0\n             axdevice_base 0.1.0\n                arm_vgic 0.0.0\n             arm_vgic 0.0.0\n\nwarning: 1 allowed warning found\n\n{\n  \"database\": {\n    \"advisory-count\": 722,\n    \"last-commit\": \"3c6d3186ab06737d1defd2b5ae556d0ecd161603\",\n    \"last-updated\": \"2024-12-28T17:54:04Z\"\n  },\n  \"lockfile\": {\n    \"dependency-count\": 37\n  },\n  \"settings\": {\n    \"target_arch\": [],\n    \"target_os\": [],\n    \"severity\": null,\n    \"ignore\": [],\n    \"informational_warnings\": [\n      \"unmaintained\",\n      \"unsound\",\n      \"notice\"\n    ]\n  },\n  \"vulnerabilities\": {\n    \"found\": false,\n    \"count\": 0,\n    \"list\": []\n  },\n  \"warnings\": {\n    \"yanked\": [\n      {\n        \"kind\": \"yanked\",\n        \"package\": {\n          \"name\": \"critical-section\",\n          \"version\": \"1.1.3\",\n          \"source\": \"registry+https://github.com/rust-lang/crates.io-index\",\n          \"checksum\": \"f64009896348fc5af4222e9cf7d7d82a95a256c634ebcf61c53e4ea461422242\",\n          \"replace\": null\n        },\n        \"advisory\": null,\n        \"affected\": null,\n        \"versions\": null\n      }\n    ]\n  }\n}"
    },
    {
      "cmd_idx": 99,
      "file": "[lockbud] Not supported to display yet.",
      "kind": "Lockbud(Possibly)",
      "raw": "[2024-12-29T00:08:46Z WARN  lockbud::callbacks] [\n      {\n        \"AtomicityViolation\": {\n          \"bug_kind\": \"AtomicityViolation\",\n          \"possibility\": \"Possibly\",\n          \"diagnosis\": {\n            \"fn_name\": \"set_logger_racy\",\n            \"atomic_reader\": \"/home/runner/.cargo/registry/src/index.crates.io-6f17d22bba15001f/log-0.4.22/src/lib.rs:1447:11: 1447:40 (#0)\",\n            \"atomic_writer\": \"/home/runner/.cargo/registry/src/index.crates.io-6f17d22bba15001f/log-0.4.22/src/lib.rs:1450:13: 1450:56 (#0)\",\n            \"dep_kind\": \"Control\"\n          },\n          \"explanation\": \"atomic::store is data/control dependent on atomic::load\"\n        }\n      }\n    ]\n[2024-12-29T00:08:46Z WARN  lockbud::callbacks] crate log contains bugs: { probably: 0, possibly: 0 }, conflictlock: { probably: 0, possibly: 0 }, condvar_deadlock: { probably: 0, possibly: 0 }, atomicity_violation: { possibly: 1 }, invalid_free: { possibly: 0 }, use_after_free: { possibly: 0 }"
    },
    {
      "cmd_idx": 102,
      "file": "[outdated direct dependencies]",
      "kind": "Outdated",
      "raw": "pkg=arm_vgic, checker=Outdated\ntoolchain=nightly-2024-12-26-x86_64-unknown-linux-gnu, target=x86_64-unknown-linux-gnu\npkg_dir=/home/runner/check/batch_3/arceos-hypervisor/arm_vgic\ncmd=cargo +nightly-2024-12-26-x86_64-unknown-linux-gnu outdated -R --exit-code=2\n\nName         Project  Compat  Latest  Kind    Platform\n----         -------  ------  ------  ----    --------\nmemory_addr  0.3.0    0.3.1   0.3.1   Normal  ---\n"
    },
    {
      "cmd_idx": 104,
      "file": "(virtual) clippy",
      "kind": "Cargo",
      "raw": "// pkg_name=arm_vgic, checker=Clippy\n// toolchain=nightly-2024-12-26-x86_64-unknown-linux-gnu, target=x86_64-unknown-linux-gnu\n// pkg_dir=/home/runner/check/batch_3/arceos-hypervisor/arm_vgic\n// cmd=cargo clippy --target x86_64-unknown-linux-gnu --no-deps --message-format=json\n// timestamp=2024-12-29 8:08:36.236824985 +08:00:00\n   Compiling proc-macro2 v1.0.86\n   Compiling unicode-ident v1.0.13\n   Compiling rustversion v1.0.17\n    Checking bit_field v0.10.2\n    Checking bitflags v1.3.2\n    Checking bitflags v2.6.0\n    Checking volatile v0.4.6\n   Compiling x86 v0.52.0\n    Checking memory_addr v0.3.0\n    Checking raw-cpuid v10.7.0\n   Compiling axerrno v0.1.0\n   Compiling autocfg v1.3.0\n   Compiling quote v1.0.37\n    Checking x86_64 v0.15.1\n   Compiling syn v2.0.77\n    Checking log v0.4.22\n   Compiling lock_api v0.4.12\n   Compiling serde v1.0.210\n    Checking memory_set v0.3.1\n    Checking cfg-if v1.0.0\n    Checking numeric-enum-macro v0.2.0\n    Checking scopeguard v1.2.0\n    Checking lazyinit v0.2.1\n    Checking tock-registers v0.8.1\nerror: could not compile `x86_64` (lib) due to 3 previous errors\nwarning: build failed, waiting for other jobs to finish...\n"
    },
    {
      "cmd_idx": 105,
      "file": "(virtual) semver-checks",
      "kind": "Cargo",
      "raw": "// pkg_name=arm_vgic, checker=SemverChecks\n// toolchain=nightly-2024-12-26-x86_64-unknown-linux-gnu, target=x86_64-unknown-linux-gnu\n// pkg_dir=/home/runner/check/batch_3/arceos-hypervisor/arm_vgic\n// cmd=cargo +nightly-2024-12-26-x86_64-unknown-linux-gnu semver-checks --target x86_64-unknown-linux-gnu\n// timestamp=2024-12-29 8:08:39.974866845 +08:00:00\n    Building arm_vgic v0.0.0 (current)\nerror: running cargo-doc on crate 'arm_vgic' failed with output:\n-----\n   Compiling proc-macro2 v1.0.92\n   Compiling unicode-ident v1.0.14\n   Compiling rustversion v1.0.19\n    Checking bit_field v0.10.2\n    Checking bitflags v1.3.2\n    Checking bitflags v2.6.0\n    Checking memory_addr v0.3.1\n   Compiling x86 v0.52.0\n    Checking volatile v0.4.6\n    Checking raw-cpuid v10.7.0\n   Compiling autocfg v1.4.0\n   Compiling quote v1.0.38\n   Compiling syn v2.0.93\n    Checking x86_64 v0.15.1\n    Checking log v0.4.22\n   Compiling axerrno v0.1.0\n   Compiling lock_api v0.4.12\nerror[E0053]: method `steps_between` has an incompatible type for trait\n   --> /home/runner/.cargo/registry/src/index.crates.io-1949cf8c6b5b557f/x86_64-0.15.1/src/addr.rs:362:51\n    |\n362 |     fn steps_between(start: &Self, end: &Self) -> Option<usize> {\n    |                                                   ^^^^^^^^^^^^^ expected `(usize, Option<usize>)`, found `Option<usize>`\n    |\n    = note: expected signature `fn(&addr::VirtAddr, &addr::VirtAddr) -> (usize, Option<usize>)`\n               found signature `fn(&addr::VirtAddr, &addr::VirtAddr) -> Option<usize>`\nhelp: change the output type to match the trait\n    |\n362 |     fn steps_between(start: &Self, end: &Self) -> (usize, Option<usize>) {\n    |                                                   ~~~~~~~~~~~~~~~~~~~~~~\n\nerror[E0053]: method `steps_between` has an incompatible type for trait\n   --> /home/runner/.cargo/registry/src/index.crates.io-1949cf8c6b5b557f/x86_64-0.15.1/src/structures/paging/page.rs:294:51\n    |\n294 |     fn steps_between(start: &Self, end: &Self) -> Option<usize> {\n    |                                                   ^^^^^^^^^^^^^ expected `(usize, Option<usize>)`, found `Option<usize>`\n    |\n    = note: expected signature `fn(&Page<_>, &Page<_>) -> (usize, Option<usize>)`\n               found signature `fn(&Page<_>, &Page<_>) -> Option<usize>`\nhelp: change the output type to match the trait\n    |\n294 |     fn steps_between(start: &Self, end: &Self) -> (usize, Option<usize>) {\n    |                                                   ~~~~~~~~~~~~~~~~~~~~~~\n\n   Compiling serde v1.0.217\nerror[E0053]: method `steps_between` has an incompatible type for trait\n   --> /home/runner/.cargo/registry/src/index.crates.io-1949cf8c6b5b557f/x86_64-0.15.1/src/structures/paging/page_table.rs:349:51\n    |\n349 |     fn steps_between(start: &Self, end: &Self) -> Option<usize> {\n    |                                                   ^^^^^^^^^^^^^ expected `(usize, Option<usize>)`, found `Option<usize>`\n    |\n    = note: expected signature `fn(&PageTableIndex, &PageTableIndex) -> (usize, Option<usize>)`\n               found signature `fn(&PageTableIndex, &PageTableIndex) -> Option<usize>`\nhelp: change the output type to match the trait\n    |\n349 |     fn steps_between(start: &Self, end: &Self) -> (usize, Option<usize>) {\n    |                                                   ~~~~~~~~~~~~~~~~~~~~~~\n\n    Checking memory_set v0.3.1\n    Checking scopeguard v1.2.0\n    Checking lazyinit v0.2.1\n    Checking cfg-if v1.0.0\n    Checking numeric-enum-macro v0.2.0\nFor more information about this error, try `rustc --explain E0053`.\nerror: could not compile `x86_64` (lib) due to 3 previous errors\nwarning: build failed, waiting for other jobs to finish...\n\n-----\n\nerror: failed to build rustdoc for crate arm_vgic v0.0.0\nnote: this is usually due to a compilation error in the crate,\n      and is unlikely to be a bug in cargo-semver-checks\nnote: the following command can be used to reproduce the compilation error:\n      cargo new --lib example &&\n          cd example &&\n          echo '[workspace]' >> Cargo.toml &&\n          cargo add --path /home/runner/check/batch_3/arceos-hypervisor/arm_vgic &&\n          cargo check\n\nerror: aborting due to failure to build rustdoc for crate arm_vgic v0.0.0\n"
    },
    {
      "cmd_idx": 114,
      "file": "[semver checks]",
      "kind": "Semver Violation",
      "raw": "pkg=axaddrspace, checker=SemverChecks\ntoolchain=nightly-2024-12-26-x86_64-unknown-linux-gnu, target=riscv64gc-unknown-none-elf\npkg_dir=/home/runner/check/batch_3/arceos-hypervisor/axaddrspace\ncmd=cargo +nightly-2024-12-26-x86_64-unknown-linux-gnu semver-checks --target riscv64gc-unknown-none-elf\n\n\nstdout:\n\nstderr:\n    Building axaddrspace v0.1.0 (current)\nerror: running cargo-doc on crate 'axaddrspace' failed with output:\n-----\nerror: output of --print=file-names missing when learning about target-specific information from rustc\ncommand was: `/home/runner/.rustup/toolchains/nightly-2024-12-26-x86_64-unknown-linux-gnu/bin/rustc - --crate-name ___ --print=file-names --cap-lints=allow --target riscv64gc-unknown-none-elf --crate-type bin --crate-type rlib --crate-type dylib --crate-type cdylib --crate-type staticlib --crate-type proc-macro --print=sysroot --print=split-debuginfo --print=crate-name --print=cfg`\n\n--- stdout\n___\nlib___.rlib\nlib___.a\n/home/runner/.rustup/toolchains/nightly-2024-12-26-x86_64-unknown-linux-gnu\noff\n___\ndebug_assertions\nfmt_debug=\"full\"\noverflow_checks\npanic=\"abort\"\nproc_macro\nrelocation_model=\"static\"\ntarget_abi=\"\"\ntarget_arch=\"riscv64\"\ntarget_endian=\"little\"\ntarget_env=\"\"\ntarget_feature=\"a\"\ntarget_feature=\"c\"\ntarget_feature=\"d\"\ntarget_feature=\"f\"\ntarget_feature=\"m\"\ntarget_has_atomic\ntarget_has_atomic=\"16\"\ntarget_has_atomic=\"32\"\ntarget_has_atomic=\"64\"\ntarget_has_atomic=\"8\"\ntarget_has_atomic=\"ptr\"\ntarget_has_atomic_equal_alignment=\"16\"\ntarget_has_atomic_equal_alignment=\"32\"\ntarget_has_atomic_equal_alignment=\"64\"\ntarget_has_atomic_equal_alignment=\"8\"\ntarget_has_atomic_equal_alignment=\"ptr\"\ntarget_has_atomic_load_store\ntarget_has_atomic_load_store=\"16\"\ntarget_has_atomic_load_store=\"32\"\ntarget_has_atomic_load_store=\"64\"\ntarget_has_atomic_load_store=\"8\"\ntarget_has_atomic_load_store=\"ptr\"\ntarget_os=\"none\"\ntarget_pointer_width=\"64\"\ntarget_vendor=\"unknown\"\nub_checks\n\n\n-----\n\nerror: failed to build rustdoc for crate axaddrspace v0.1.0\nnote: this is usually due to a compilation error in the crate,\n      and is unlikely to be a bug in cargo-semver-checks\nnote: the following command can be used to reproduce the compilation error:\n      cargo new --lib example &&\n          cd example &&\n          echo '[workspace]' >> Cargo.toml &&\n          cargo add --path /home/runner/check/batch_3/arceos-hypervisor/axaddrspace --features arm-el2,default &&\n          cargo check\n\nerror: aborting due to failure to build rustdoc for crate axaddrspace v0.1.0\n"
    },
    {
      "cmd_idx": 115,
      "file": "[semver checks]",
      "kind": "Semver Violation",
      "raw": "pkg=axaddrspace, checker=SemverChecks\ntoolchain=nightly-2024-12-26-x86_64-unknown-linux-gnu, target=x86_64-unknown-linux-gnu\npkg_dir=/home/runner/check/batch_3/arceos-hypervisor/axaddrspace\ncmd=cargo +nightly-2024-12-26-x86_64-unknown-linux-gnu semver-checks --target x86_64-unknown-linux-gnu\n\n\nstdout:\n\nstderr:\n    Building axaddrspace v0.1.0 (current)\n       Built [   1.770s] (current)\n     Parsing axaddrspace v0.1.0 (current)\n      Parsed [   0.003s] (current)\nerror: axaddrspace not found in registry (crates.io). For workarounds check https://github.com/obi1kenobi/cargo-semver-checks#does-the-crate-im-checking-have-to-be-published-on-cratesio\n"
    },
    {
      "cmd_idx": 116,
      "file": "[semver checks]",
      "kind": "Semver Violation",
      "raw": "pkg=axaddrspace, checker=SemverChecks\ntoolchain=nightly-2024-12-26-x86_64-unknown-linux-gnu, target=x86_64-unknown-none\npkg_dir=/home/runner/check/batch_3/arceos-hypervisor/axaddrspace\ncmd=cargo +nightly-2024-12-26-x86_64-unknown-linux-gnu semver-checks --target x86_64-unknown-none\n\n\nstdout:\n\nstderr:\n    Building axaddrspace v0.1.0 (current)\nerror: running cargo-doc on crate 'axaddrspace' failed with output:\n-----\nerror: output of --print=file-names missing when learning about target-specific information from rustc\ncommand was: `/home/runner/.rustup/toolchains/nightly-2024-12-26-x86_64-unknown-linux-gnu/bin/rustc - --crate-name ___ --print=file-names --cap-lints=allow --target x86_64-unknown-none --crate-type bin --crate-type rlib --crate-type dylib --crate-type cdylib --crate-type staticlib --crate-type proc-macro --print=sysroot --print=split-debuginfo --print=crate-name --print=cfg`\n\n--- stdout\n___\nlib___.rlib\nlib___.a\n/home/runner/.rustup/toolchains/nightly-2024-12-26-x86_64-unknown-linux-gnu\noff\n___\ndebug_assertions\nfmt_debug=\"full\"\noverflow_checks\npanic=\"abort\"\nproc_macro\nrelocation_model=\"pic\"\ntarget_abi=\"\"\ntarget_arch=\"x86_64\"\ntarget_endian=\"little\"\ntarget_env=\"\"\ntarget_feature=\"fxsr\"\ntarget_feature=\"x87\"\ntarget_has_atomic\ntarget_has_atomic=\"16\"\ntarget_has_atomic=\"32\"\ntarget_has_atomic=\"64\"\ntarget_has_atomic=\"8\"\ntarget_has_atomic=\"ptr\"\ntarget_has_atomic_equal_alignment=\"16\"\ntarget_has_atomic_equal_alignment=\"32\"\ntarget_has_atomic_equal_alignment=\"64\"\ntarget_has_atomic_equal_alignment=\"8\"\ntarget_has_atomic_equal_alignment=\"ptr\"\ntarget_has_atomic_load_store\ntarget_has_atomic_load_store=\"16\"\ntarget_has_atomic_load_store=\"32\"\ntarget_has_atomic_load_store=\"64\"\ntarget_has_atomic_load_store=\"8\"\ntarget_has_atomic_load_store=\"ptr\"\ntarget_os=\"none\"\ntarget_pointer_width=\"64\"\ntarget_vendor=\"unknown\"\nub_checks\n\n\n-----\n\nerror: failed to build rustdoc for crate axaddrspace v0.1.0\nnote: this is usually due to a compilation error in the crate,\n      and is unlikely to be a bug in cargo-semver-checks\nnote: the following command can be used to reproduce the compilation error:\n      cargo new --lib example &&\n          cd example &&\n          echo '[workspace]' >> Cargo.toml &&\n          cargo add --path /home/runner/check/batch_3/arceos-hypervisor/axaddrspace --features arm-el2,default &&\n          cargo check\n\nerror: aborting due to failure to build rustdoc for crate axaddrspace v0.1.0\n"
    },
    {
      "cmd_idx": 117,
      "file": "[semver checks]",
      "kind": "Semver Violation",
      "raw": "pkg=axaddrspace, checker=SemverChecks\ntoolchain=nightly-2024-12-26-x86_64-unknown-linux-gnu, target=aarch64-unknown-none\npkg_dir=/home/runner/check/batch_3/arceos-hypervisor/axaddrspace\ncmd=cargo +nightly-2024-12-26-x86_64-unknown-linux-gnu semver-checks --target aarch64-unknown-none\n\n\nstdout:\n\nstderr:\n    Building axaddrspace v0.1.0 (current)\nerror: running cargo-doc on crate 'axaddrspace' failed with output:\n-----\nerror: output of --print=file-names missing when learning about target-specific information from rustc\ncommand was: `/home/runner/.rustup/toolchains/nightly-2024-12-26-x86_64-unknown-linux-gnu/bin/rustc - --crate-name ___ --print=file-names --cap-lints=allow --target aarch64-unknown-none --crate-type bin --crate-type rlib --crate-type dylib --crate-type cdylib --crate-type staticlib --crate-type proc-macro --print=sysroot --print=split-debuginfo --print=crate-name --print=cfg`\n\n--- stdout\n___\nlib___.rlib\nlib___.a\n/home/runner/.rustup/toolchains/nightly-2024-12-26-x86_64-unknown-linux-gnu\noff\n___\ndebug_assertions\nfmt_debug=\"full\"\noverflow_checks\npanic=\"abort\"\nproc_macro\nrelocation_model=\"static\"\ntarget_abi=\"\"\ntarget_arch=\"aarch64\"\ntarget_endian=\"little\"\ntarget_env=\"\"\ntarget_feature=\"neon\"\ntarget_has_atomic\ntarget_has_atomic=\"128\"\ntarget_has_atomic=\"16\"\ntarget_has_atomic=\"32\"\ntarget_has_atomic=\"64\"\ntarget_has_atomic=\"8\"\ntarget_has_atomic=\"ptr\"\ntarget_has_atomic_equal_alignment=\"128\"\ntarget_has_atomic_equal_alignment=\"16\"\ntarget_has_atomic_equal_alignment=\"32\"\ntarget_has_atomic_equal_alignment=\"64\"\ntarget_has_atomic_equal_alignment=\"8\"\ntarget_has_atomic_equal_alignment=\"ptr\"\ntarget_has_atomic_load_store\ntarget_has_atomic_load_store=\"128\"\ntarget_has_atomic_load_store=\"16\"\ntarget_has_atomic_load_store=\"32\"\ntarget_has_atomic_load_store=\"64\"\ntarget_has_atomic_load_store=\"8\"\ntarget_has_atomic_load_store=\"ptr\"\ntarget_os=\"none\"\ntarget_pointer_width=\"64\"\ntarget_vendor=\"unknown\"\nub_checks\n\n\n-----\n\nerror: failed to build rustdoc for crate axaddrspace v0.1.0\nnote: this is usually due to a compilation error in the crate,\n      and is unlikely to be a bug in cargo-semver-checks\nnote: the following command can be used to reproduce the compilation error:\n      cargo new --lib example &&\n          cd example &&\n          echo '[workspace]' >> Cargo.toml &&\n          cargo add --path /home/runner/check/batch_3/arceos-hypervisor/axaddrspace --features arm-el2,default &&\n          cargo check\n\nerror: aborting due to failure to build rustdoc for crate axaddrspace v0.1.0\n"
    },
    {
      "cmd_idx": 133,
      "file": "(virtual) semver-checks",
      "kind": "Cargo",
      "raw": "// pkg_name=axaddrspace, checker=SemverChecks\n// toolchain=nightly-2024-12-26-x86_64-unknown-linux-gnu, target=x86_64-unknown-linux-gnu\n// pkg_dir=/home/runner/check/batch_3/arceos-hypervisor/axaddrspace\n// cmd=cargo +nightly-2024-12-26-x86_64-unknown-linux-gnu semver-checks --target x86_64-unknown-linux-gnu\n// timestamp=2025-01-05 22:10:28.831811644 +08:00:00\n    Building axaddrspace v0.1.0 (current)\n       Built [   1.770s] (current)\n     Parsing axaddrspace v0.1.0 (current)\n      Parsed [   0.003s] (current)\nerror: axaddrspace not found in registry (crates.io). For workarounds check https://github.com/obi1kenobi/cargo-semver-checks#does-the-crate-im-checking-have-to-be-published-on-cratesio\n"
    },
    {
      "cmd_idx": 134,
      "file": "(virtual) semver-checks",
      "kind": "Cargo",
      "raw": "// pkg_name=axaddrspace, checker=SemverChecks\n// toolchain=nightly-2024-12-26-x86_64-unknown-linux-gnu, target=aarch64-unknown-none\n// pkg_dir=/home/runner/check/batch_3/arceos-hypervisor/axaddrspace\n// cmd=cargo +nightly-2024-12-26-x86_64-unknown-linux-gnu semver-checks --target aarch64-unknown-none\n// timestamp=2025-01-05 22:10:31.699919715 +08:00:00\n    Building axaddrspace v0.1.0 (current)\nerror: running cargo-doc on crate 'axaddrspace' failed with output:\n-----\nerror: output of --print=file-names missing when learning about target-specific information from rustc\ncommand was: `/home/runner/.rustup/toolchains/nightly-2024-12-26-x86_64-unknown-linux-gnu/bin/rustc - --crate-name ___ --print=file-names --cap-lints=allow --target aarch64-unknown-none --crate-type bin --crate-type rlib --crate-type dylib --crate-type cdylib --crate-type staticlib --crate-type proc-macro --print=sysroot --print=split-debuginfo --print=crate-name --print=cfg`\n\n--- stdout\n___\nlib___.rlib\nlib___.a\n/home/runner/.rustup/toolchains/nightly-2024-12-26-x86_64-unknown-linux-gnu\noff\n___\ndebug_assertions\nfmt_debug=\"full\"\noverflow_checks\npanic=\"abort\"\nproc_macro\nrelocation_model=\"static\"\ntarget_abi=\"\"\ntarget_arch=\"aarch64\"\ntarget_endian=\"little\"\ntarget_env=\"\"\ntarget_feature=\"neon\"\ntarget_has_atomic\ntarget_has_atomic=\"128\"\ntarget_has_atomic=\"16\"\ntarget_has_atomic=\"32\"\ntarget_has_atomic=\"64\"\ntarget_has_atomic=\"8\"\ntarget_has_atomic=\"ptr\"\ntarget_has_atomic_equal_alignment=\"128\"\ntarget_has_atomic_equal_alignment=\"16\"\ntarget_has_atomic_equal_alignment=\"32\"\ntarget_has_atomic_equal_alignment=\"64\"\ntarget_has_atomic_equal_alignment=\"8\"\ntarget_has_atomic_equal_alignment=\"ptr\"\ntarget_has_atomic_load_store\ntarget_has_atomic_load_store=\"128\"\ntarget_has_atomic_load_store=\"16\"\ntarget_has_atomic_load_store=\"32\"\ntarget_has_atomic_load_store=\"64\"\ntarget_has_atomic_load_store=\"8\"\ntarget_has_atomic_load_store=\"ptr\"\ntarget_os=\"none\"\ntarget_pointer_width=\"64\"\ntarget_vendor=\"unknown\"\nub_checks\n\n\n-----\n\nerror: failed to build rustdoc for crate axaddrspace v0.1.0\nnote: this is usually due to a compilation error in the crate,\n      and is unlikely to be a bug in cargo-semver-checks\nnote: the following command can be used to reproduce the compilation error:\n      cargo new --lib example &&\n          cd example &&\n          echo '[workspace]' >> Cargo.toml &&\n          cargo add --path /home/runner/check/batch_3/arceos-hypervisor/axaddrspace --features arm-el2,default &&\n          cargo check\n\nerror: aborting due to failure to build rustdoc for crate axaddrspace v0.1.0\n"
    },
    {
      "cmd_idx": 135,
      "file": "(virtual) semver-checks",
      "kind": "Cargo",
      "raw": "// pkg_name=axaddrspace, checker=SemverChecks\n// toolchain=nightly-2024-12-26-x86_64-unknown-linux-gnu, target=riscv64gc-unknown-none-elf\n// pkg_dir=/home/runner/check/batch_3/arceos-hypervisor/axaddrspace\n// cmd=cargo +nightly-2024-12-26-x86_64-unknown-linux-gnu semver-checks --target riscv64gc-unknown-none-elf\n// timestamp=2025-01-05 22:10:31.414780845 +08:00:00\n    Building axaddrspace v0.1.0 (current)\nerror: running cargo-doc on crate 'axaddrspace' failed with output:\n-----\nerror: output of --print=file-names missing when learning about target-specific information from rustc\ncommand was: `/home/runner/.rustup/toolchains/nightly-2024-12-26-x86_64-unknown-linux-gnu/bin/rustc - --crate-name ___ --print=file-names --cap-lints=allow --target riscv64gc-unknown-none-elf --crate-type bin --crate-type rlib --crate-type dylib --crate-type cdylib --crate-type staticlib --crate-type proc-macro --print=sysroot --print=split-debuginfo --print=crate-name --print=cfg`\n\n--- stdout\n___\nlib___.rlib\nlib___.a\n/home/runner/.rustup/toolchains/nightly-2024-12-26-x86_64-unknown-linux-gnu\noff\n___\ndebug_assertions\nfmt_debug=\"full\"\noverflow_checks\npanic=\"abort\"\nproc_macro\nrelocation_model=\"static\"\ntarget_abi=\"\"\ntarget_arch=\"riscv64\"\ntarget_endian=\"little\"\ntarget_env=\"\"\ntarget_feature=\"a\"\ntarget_feature=\"c\"\ntarget_feature=\"d\"\ntarget_feature=\"f\"\ntarget_feature=\"m\"\ntarget_has_atomic\ntarget_has_atomic=\"16\"\ntarget_has_atomic=\"32\"\ntarget_has_atomic=\"64\"\ntarget_has_atomic=\"8\"\ntarget_has_atomic=\"ptr\"\ntarget_has_atomic_equal_alignment=\"16\"\ntarget_has_atomic_equal_alignment=\"32\"\ntarget_has_atomic_equal_alignment=\"64\"\ntarget_has_atomic_equal_alignment=\"8\"\ntarget_has_atomic_equal_alignment=\"ptr\"\ntarget_has_atomic_load_store\ntarget_has_atomic_load_store=\"16\"\ntarget_has_atomic_load_store=\"32\"\ntarget_has_atomic_load_store=\"64\"\ntarget_has_atomic_load_store=\"8\"\ntarget_has_atomic_load_store=\"ptr\"\ntarget_os=\"none\"\ntarget_pointer_width=\"64\"\ntarget_vendor=\"unknown\"\nub_checks\n\n\n-----\n\nerror: failed to build rustdoc for crate axaddrspace v0.1.0\nnote: this is usually due to a compilation error in the crate,\n      and is unlikely to be a bug in cargo-semver-checks\nnote: the following command can be used to reproduce the compilation error:\n      cargo new --lib example &&\n          cd example &&\n          echo '[workspace]' >> Cargo.toml &&\n          cargo add --path /home/runner/check/batch_3/arceos-hypervisor/axaddrspace --features arm-el2,default &&\n          cargo check\n\nerror: aborting due to failure to build rustdoc for crate axaddrspace v0.1.0\n"
    },
    {
      "cmd_idx": 136,
      "file": "(virtual) semver-checks",
      "kind": "Cargo",
      "raw": "// pkg_name=axaddrspace, checker=SemverChecks\n// toolchain=nightly-2024-12-26-x86_64-unknown-linux-gnu, target=x86_64-unknown-none\n// pkg_dir=/home/runner/check/batch_3/arceos-hypervisor/axaddrspace\n// cmd=cargo +nightly-2024-12-26-x86_64-unknown-linux-gnu semver-checks --target x86_64-unknown-none\n// timestamp=2025-01-05 22:10:31.129520493 +08:00:00\n    Building axaddrspace v0.1.0 (current)\nerror: running cargo-doc on crate 'axaddrspace' failed with output:\n-----\nerror: output of --print=file-names missing when learning about target-specific information from rustc\ncommand was: `/home/runner/.rustup/toolchains/nightly-2024-12-26-x86_64-unknown-linux-gnu/bin/rustc - --crate-name ___ --print=file-names --cap-lints=allow --target x86_64-unknown-none --crate-type bin --crate-type rlib --crate-type dylib --crate-type cdylib --crate-type staticlib --crate-type proc-macro --print=sysroot --print=split-debuginfo --print=crate-name --print=cfg`\n\n--- stdout\n___\nlib___.rlib\nlib___.a\n/home/runner/.rustup/toolchains/nightly-2024-12-26-x86_64-unknown-linux-gnu\noff\n___\ndebug_assertions\nfmt_debug=\"full\"\noverflow_checks\npanic=\"abort\"\nproc_macro\nrelocation_model=\"pic\"\ntarget_abi=\"\"\ntarget_arch=\"x86_64\"\ntarget_endian=\"little\"\ntarget_env=\"\"\ntarget_feature=\"fxsr\"\ntarget_feature=\"x87\"\ntarget_has_atomic\ntarget_has_atomic=\"16\"\ntarget_has_atomic=\"32\"\ntarget_has_atomic=\"64\"\ntarget_has_atomic=\"8\"\ntarget_has_atomic=\"ptr\"\ntarget_has_atomic_equal_alignment=\"16\"\ntarget_has_atomic_equal_alignment=\"32\"\ntarget_has_atomic_equal_alignment=\"64\"\ntarget_has_atomic_equal_alignment=\"8\"\ntarget_has_atomic_equal_alignment=\"ptr\"\ntarget_has_atomic_load_store\ntarget_has_atomic_load_store=\"16\"\ntarget_has_atomic_load_store=\"32\"\ntarget_has_atomic_load_store=\"64\"\ntarget_has_atomic_load_store=\"8\"\ntarget_has_atomic_load_store=\"ptr\"\ntarget_os=\"none\"\ntarget_pointer_width=\"64\"\ntarget_vendor=\"unknown\"\nub_checks\n\n\n-----\n\nerror: failed to build rustdoc for crate axaddrspace v0.1.0\nnote: this is usually due to a compilation error in the crate,\n      and is unlikely to be a bug in cargo-semver-checks\nnote: the following command can be used to reproduce the compilation error:\n      cargo new --lib example &&\n          cd example &&\n          echo '[workspace]' >> Cargo.toml &&\n          cargo add --path /home/runner/check/batch_3/arceos-hypervisor/axaddrspace --features arm-el2,default &&\n          cargo check\n\nerror: aborting due to failure to build rustdoc for crate axaddrspace v0.1.0\n"
    }
  ]
}