{
  "env": {
    "tools": {
      "rust_toolchains": {
        "host": {
          "version": "1.86.0-nightly (f7cc13af8 2025-01-25)",
          "commit_hash": "f7cc13af822fe68c64fec0b05aa9dd1412451f7c",
          "commit_date": "2025-01-25",
          "host": "x86_64-unknown-linux-gnu",
          "release": "1.86.0-nightly",
          "llvm_version": "19.1.7"
        },
        "installed": [
          {
            "channel": "nightly-2025-01-26-x86_64-unknown-linux-gnu",
            "profile": null,
            "targets": [
              "x86_64-unknown-linux-gnu"
            ],
            "components": [
              "cargo-x86_64-unknown-linux-gnu",
              "clippy-x86_64-unknown-linux-gnu",
              "rust-std-x86_64-unknown-linux-gnu",
              "rustc-x86_64-unknown-linux-gnu",
              "rustfmt-x86_64-unknown-linux-gnu"
            ],
            "toml_path": "/home/runner/check",
            "need_install_clippy": false,
            "peculiar_targets": null
          }
        ]
      },
      "os_checker": {
        "start": 1740774503614,
        "finish": 1740774504539,
        "duration_ms": 925,
        "git_time": "2025-02-16 16:17:11 +0800",
        "git_sha": "379b4c5f3884500f536ea00ffc0672d2af054861"
      }
    },
    "kinds": {
      "order": [
        "Cargo",
        "Clippy(Error)",
        "Clippy(Warn)",
        "Semver Violation",
        "Audit",
        "Mirai",
        "Rapx",
        "Rudra",
        "Lockbud(Probably)",
        "Lockbud(Possibly)",
        "Outdated",
        "Geiger",
        "Unformatted"
      ],
      "mapping": {
        "cargo": [
          "Cargo"
        ],
        "clippy": [
          "Clippy(Error)",
          "Clippy(Warn)"
        ],
        "semver-checks": [
          "Semver Violation"
        ],
        "audit": [
          "Audit"
        ],
        "mirai": [
          "Mirai"
        ],
        "rapx": [
          "Rapx"
        ],
        "rudra": [
          "Rudra"
        ],
        "lockbud": [
          "Lockbud(Probably)",
          "Lockbud(Possibly)"
        ],
        "outdated": [
          "Outdated"
        ],
        "geiger": [
          "Geiger"
        ],
        "fmt": [
          "Unformatted"
        ]
      }
    },
    "repos": [
      {
        "user": "shilei-massclouds",
        "repo": "percpu2"
      },
      {
        "user": "shilei-massclouds",
        "repo": "preempt_guard"
      }
    ],
    "packages": [
      {
        "name": "percpu2",
        "repo": {
          "repo_idx": 0,
          "user": "shilei-massclouds",
          "repo": "percpu2"
        }
      },
      {
        "name": "percpu_macros2",
        "repo": {
          "repo_idx": 0,
          "user": "shilei-massclouds",
          "repo": "percpu2"
        }
      },
      {
        "name": "preempt_guard",
        "repo": {
          "repo_idx": 1,
          "user": "shilei-massclouds",
          "repo": "preempt_guard"
        }
      }
    ]
  },
  "cmd": [
    {
      "package_idx": 0,
      "tool": "fmt",
      "cmd": "cargo +nightly-2025-01-26-x86_64-unknown-linux-gnu fmt",
      "count": 0,
      "duration_ms": 105,
      "arch": "x86_64",
      "target_triple": "x86_64-unknown-linux-gnu",
      "rust_toolchain": "nightly-2025-01-25",
      "features": [],
      "flags": []
    },
    {
      "package_idx": 0,
      "tool": "clippy",
      "cmd": "cargo clippy --target x86_64-unknown-linux-gnu  --no-deps",
      "count": 0,
      "duration_ms": 3805,
      "arch": "x86_64",
      "target_triple": "x86_64-unknown-linux-gnu",
      "rust_toolchain": "nightly-2025-01-25",
      "features": [],
      "flags": []
    },
    {
      "package_idx": 0,
      "tool": "semver-checks",
      "cmd": "cargo +nightly-2025-01-26-x86_64-unknown-linux-gnu semver-checks --target x86_64-unknown-linux-gnu ",
      "count": 1,
      "duration_ms": 4082,
      "arch": "x86_64",
      "target_triple": "x86_64-unknown-linux-gnu",
      "rust_toolchain": "nightly-2025-01-25",
      "features": [],
      "flags": []
    },
    {
      "package_idx": 0,
      "tool": "mirai",
      "cmd": "cargo +nightly-2025-01-04 mirai --target x86_64-unknown-linux-gnu ",
      "count": 51,
      "duration_ms": 6125,
      "arch": "x86_64",
      "target_triple": "x86_64-unknown-linux-gnu",
      "rust_toolchain": "nightly-2025-01-25",
      "features": [],
      "flags": []
    },
    {
      "package_idx": 0,
      "tool": "lockbud",
      "cmd": "cargo +nightly-2024-12-01 lockbud -k all -- --target x86_64-unknown-linux-gnu ",
      "count": 0,
      "duration_ms": 4715,
      "arch": "x86_64",
      "target_triple": "x86_64-unknown-linux-gnu",
      "rust_toolchain": "nightly-2025-01-25",
      "features": [],
      "flags": []
    },
    {
      "package_idx": 0,
      "tool": "rapx",
      "cmd": "cargo +nightly-2024-10-12 rapx -F -M -- --target x86_64-unknown-linux-gnu ",
      "count": 0,
      "duration_ms": 4434,
      "arch": "x86_64",
      "target_triple": "x86_64-unknown-linux-gnu",
      "rust_toolchain": "nightly-2025-01-25",
      "features": [],
      "flags": []
    },
    {
      "package_idx": 0,
      "tool": "rudra",
      "cmd": "cargo +nightly-2021-10-21 rudra --target x86_64-unknown-linux-gnu ",
      "count": 0,
      "duration_ms": 255,
      "arch": "x86_64",
      "target_triple": "x86_64-unknown-linux-gnu",
      "rust_toolchain": "nightly-2025-01-25",
      "features": [],
      "flags": []
    },
    {
      "package_idx": 0,
      "tool": "outdated",
      "cmd": "cargo +nightly-2025-01-26-x86_64-unknown-linux-gnu outdated -R --exit-code=2",
      "count": 0,
      "duration_ms": 49,
      "arch": "x86_64",
      "target_triple": "x86_64-unknown-linux-gnu",
      "rust_toolchain": "nightly-2025-01-25",
      "features": [],
      "flags": []
    },
    {
      "package_idx": 0,
      "tool": "geiger",
      "cmd": "cargo +nightly-2025-01-26-x86_64-unknown-linux-gnu geiger --output-format Ascii",
      "count": 0,
      "duration_ms": 84,
      "arch": "x86_64",
      "target_triple": "x86_64-unknown-linux-gnu",
      "rust_toolchain": "nightly-2025-01-25",
      "features": [],
      "flags": []
    },
    {
      "package_idx": 0,
      "tool": "cargo",
      "cmd": "VRITUAL=semver-checks cargo",
      "count": 1,
      "duration_ms": 4082,
      "arch": "x86_64",
      "target_triple": "x86_64-unknown-linux-gnu",
      "rust_toolchain": "nightly-2025-01-25",
      "features": [],
      "flags": []
    },
    {
      "package_idx": 0,
      "tool": "cargo",
      "cmd": "VRITUAL=mirai cargo",
      "count": 1,
      "duration_ms": 6125,
      "arch": "x86_64",
      "target_triple": "x86_64-unknown-linux-gnu",
      "rust_toolchain": "nightly-2025-01-25",
      "features": [],
      "flags": []
    },
    {
      "package_idx": 0,
      "tool": "cargo",
      "cmd": "VRITUAL=outdated cargo",
      "count": 1,
      "duration_ms": 49,
      "arch": "x86_64",
      "target_triple": "x86_64-unknown-linux-gnu",
      "rust_toolchain": "nightly-2025-01-25",
      "features": [],
      "flags": []
    },
    {
      "package_idx": 1,
      "tool": "fmt",
      "cmd": "cargo +nightly-2025-01-26-x86_64-unknown-linux-gnu fmt",
      "count": 0,
      "duration_ms": 106,
      "arch": "x86_64",
      "target_triple": "x86_64-unknown-linux-gnu",
      "rust_toolchain": "nightly-2025-01-25",
      "features": [],
      "flags": []
    },
    {
      "package_idx": 1,
      "tool": "clippy",
      "cmd": "cargo clippy --target x86_64-unknown-linux-gnu  --no-deps",
      "count": 0,
      "duration_ms": 1931,
      "arch": "x86_64",
      "target_triple": "x86_64-unknown-linux-gnu",
      "rust_toolchain": "nightly-2025-01-25",
      "features": [],
      "flags": []
    },
    {
      "package_idx": 1,
      "tool": "mirai",
      "cmd": "cargo +nightly-2025-01-04 mirai --target x86_64-unknown-linux-gnu ",
      "count": 0,
      "duration_ms": 50,
      "arch": "x86_64",
      "target_triple": "x86_64-unknown-linux-gnu",
      "rust_toolchain": "nightly-2025-01-25",
      "features": [],
      "flags": []
    },
    {
      "package_idx": 1,
      "tool": "lockbud",
      "cmd": "cargo +nightly-2024-12-01 lockbud -k all -- --target x86_64-unknown-linux-gnu ",
      "count": 0,
      "duration_ms": 4107,
      "arch": "x86_64",
      "target_triple": "x86_64-unknown-linux-gnu",
      "rust_toolchain": "nightly-2025-01-25",
      "features": [],
      "flags": []
    },
    {
      "package_idx": 1,
      "tool": "rapx",
      "cmd": "cargo +nightly-2024-10-12 rapx -F -M -- --target x86_64-unknown-linux-gnu ",
      "count": 0,
      "duration_ms": 2292,
      "arch": "x86_64",
      "target_triple": "x86_64-unknown-linux-gnu",
      "rust_toolchain": "nightly-2025-01-25",
      "features": [],
      "flags": []
    },
    {
      "package_idx": 1,
      "tool": "rudra",
      "cmd": "cargo +nightly-2021-10-21 rudra --target x86_64-unknown-linux-gnu ",
      "count": 0,
      "duration_ms": 252,
      "arch": "x86_64",
      "target_triple": "x86_64-unknown-linux-gnu",
      "rust_toolchain": "nightly-2025-01-25",
      "features": [],
      "flags": []
    },
    {
      "package_idx": 1,
      "tool": "outdated",
      "cmd": "cargo +nightly-2025-01-26-x86_64-unknown-linux-gnu outdated -R --exit-code=2",
      "count": 0,
      "duration_ms": 220,
      "arch": "x86_64",
      "target_triple": "x86_64-unknown-linux-gnu",
      "rust_toolchain": "nightly-2025-01-25",
      "features": [],
      "flags": []
    },
    {
      "package_idx": 1,
      "tool": "geiger",
      "cmd": "cargo +nightly-2025-01-26-x86_64-unknown-linux-gnu geiger --output-format Ascii",
      "count": 0,
      "duration_ms": 76,
      "arch": "x86_64",
      "target_triple": "x86_64-unknown-linux-gnu",
      "rust_toolchain": "nightly-2025-01-25",
      "features": [],
      "flags": []
    },
    {
      "package_idx": 2,
      "tool": "fmt",
      "cmd": "cargo +nightly-2025-01-26-x86_64-unknown-linux-gnu fmt",
      "count": 0,
      "duration_ms": 102,
      "arch": "x86_64",
      "target_triple": "x86_64-unknown-linux-gnu",
      "rust_toolchain": "nightly-2025-01-25",
      "features": [],
      "flags": []
    },
    {
      "package_idx": 2,
      "tool": "clippy",
      "cmd": "cargo clippy --target x86_64-unknown-linux-gnu  --no-deps",
      "count": 6,
      "duration_ms": 7578,
      "arch": "x86_64",
      "target_triple": "x86_64-unknown-linux-gnu",
      "rust_toolchain": "nightly-2025-01-25",
      "features": [],
      "flags": []
    },
    {
      "package_idx": 2,
      "tool": "semver-checks",
      "cmd": "cargo +nightly-2025-01-26-x86_64-unknown-linux-gnu semver-checks --target x86_64-unknown-linux-gnu ",
      "count": 1,
      "duration_ms": 11489,
      "arch": "x86_64",
      "target_triple": "x86_64-unknown-linux-gnu",
      "rust_toolchain": "nightly-2025-01-25",
      "features": [],
      "flags": []
    },
    {
      "package_idx": 2,
      "tool": "mirai",
      "cmd": "cargo +nightly-2025-01-04 mirai --target x86_64-unknown-linux-gnu ",
      "count": 6,
      "duration_ms": 7364,
      "arch": "x86_64",
      "target_triple": "x86_64-unknown-linux-gnu",
      "rust_toolchain": "nightly-2025-01-25",
      "features": [],
      "flags": []
    },
    {
      "package_idx": 2,
      "tool": "lockbud",
      "cmd": "cargo +nightly-2024-12-01 lockbud -k all -- --target x86_64-unknown-linux-gnu ",
      "count": 0,
      "duration_ms": 9093,
      "arch": "x86_64",
      "target_triple": "x86_64-unknown-linux-gnu",
      "rust_toolchain": "nightly-2025-01-25",
      "features": [],
      "flags": []
    },
    {
      "package_idx": 2,
      "tool": "rapx",
      "cmd": "cargo +nightly-2024-10-12 rapx -F -M -- --target x86_64-unknown-linux-gnu ",
      "count": 0,
      "duration_ms": 5269,
      "arch": "x86_64",
      "target_triple": "x86_64-unknown-linux-gnu",
      "rust_toolchain": "nightly-2025-01-25",
      "features": [],
      "flags": []
    },
    {
      "package_idx": 2,
      "tool": "rudra",
      "cmd": "cargo +nightly-2021-10-21 rudra --target x86_64-unknown-linux-gnu ",
      "count": 0,
      "duration_ms": 262,
      "arch": "x86_64",
      "target_triple": "x86_64-unknown-linux-gnu",
      "rust_toolchain": "nightly-2025-01-25",
      "features": [],
      "flags": []
    },
    {
      "package_idx": 2,
      "tool": "outdated",
      "cmd": "cargo +nightly-2025-01-26-x86_64-unknown-linux-gnu outdated -R --exit-code=2",
      "count": 0,
      "duration_ms": 8460,
      "arch": "x86_64",
      "target_triple": "x86_64-unknown-linux-gnu",
      "rust_toolchain": "nightly-2025-01-25",
      "features": [],
      "flags": []
    },
    {
      "package_idx": 2,
      "tool": "geiger",
      "cmd": "cargo +nightly-2025-01-26-x86_64-unknown-linux-gnu geiger --output-format Ascii",
      "count": 0,
      "duration_ms": 123,
      "arch": "x86_64",
      "target_triple": "x86_64-unknown-linux-gnu",
      "rust_toolchain": "nightly-2025-01-25",
      "features": [],
      "flags": []
    },
    {
      "package_idx": 2,
      "tool": "cargo",
      "cmd": "VRITUAL=clippy cargo",
      "count": 1,
      "duration_ms": 7578,
      "arch": "x86_64",
      "target_triple": "x86_64-unknown-linux-gnu",
      "rust_toolchain": "nightly-2025-01-25",
      "features": [],
      "flags": []
    },
    {
      "package_idx": 2,
      "tool": "cargo",
      "cmd": "VRITUAL=semver-checks cargo",
      "count": 1,
      "duration_ms": 11489,
      "arch": "x86_64",
      "target_triple": "x86_64-unknown-linux-gnu",
      "rust_toolchain": "nightly-2025-01-25",
      "features": [],
      "flags": []
    },
    {
      "package_idx": 2,
      "tool": "cargo",
      "cmd": "VRITUAL=mirai cargo",
      "count": 1,
      "duration_ms": 7364,
      "arch": "x86_64",
      "target_triple": "x86_64-unknown-linux-gnu",
      "rust_toolchain": "nightly-2025-01-25",
      "features": [],
      "flags": []
    },
    {
      "package_idx": 2,
      "tool": "cargo",
      "cmd": "VRITUAL=lockbud cargo",
      "count": 1,
      "duration_ms": 9093,
      "arch": "x86_64",
      "target_triple": "x86_64-unknown-linux-gnu",
      "rust_toolchain": "nightly-2025-01-25",
      "features": [],
      "flags": []
    },
    {
      "package_idx": 2,
      "tool": "cargo",
      "cmd": "VRITUAL=rapx cargo",
      "count": 1,
      "duration_ms": 5269,
      "arch": "x86_64",
      "target_triple": "x86_64-unknown-linux-gnu",
      "rust_toolchain": "nightly-2025-01-25",
      "features": [],
      "flags": []
    }
  ],
  "data": [
    {
      "cmd_idx": 2,
      "file": "[semver checks]",
      "kind": "Semver Violation",
      "raw": "pkg=percpu2, checker=SemverChecks\ntoolchain=nightly-2025-01-26-x86_64-unknown-linux-gnu, target=x86_64-unknown-linux-gnu\nfeatures=\npkg_dir=/home/runner/check/batch_66/shilei-massclouds/percpu2/percpu2\ncmd=cargo +nightly-2025-01-26-x86_64-unknown-linux-gnu semver-checks --target x86_64-unknown-linux-gnu \ntimestamp=2025-02-16 20:25:28.725347198 +08:00:00\n\n\nstdout:\n\nstderr:\n    Building percpu2 v0.1.0 (current)\n       Built [   3.787s] (current)\n     Parsing percpu2 v0.1.0 (current)\nerror: unsupported rustdoc format v39 for file: /home/runner/check/batch_66/shilei-massclouds/percpu2/percpu2/target/semver-checks/local-percpu2-0_1_0-4279a37797ace5de/target/x86_64-unknown-linux-gnu/doc/percpu2.json\n"
    },
    {
      "cmd_idx": 3,
      "file": "src/imp.rs",
      "kind": "Mirai",
      "raw": "warning: [MIRAI] Inline assembly code cannot be analyzed by MIRAI.\n  --> src/imp.rs:17:5\n   |\n17 |     percpu_symbol_offset!(_percpu_load_end) - percpu_symbol_offset!(_percpu_load_start)\n   |     ^^^^^^^^^^^^^^^^^^^^^^^^^^^^^^^^^^^^^^^\n   |\n   = note: this warning originates in the macro `percpu_symbol_offset` (in Nightly builds, run with -Z macro-backtrace for more info)\n\n"
    },
    {
      "cmd_idx": 3,
      "file": "src/imp.rs",
      "kind": "Mirai",
      "raw": "warning: [MIRAI] Inline assembly code cannot be analyzed by MIRAI.\n   --> src/imp.rs:95:21\n    |\n95  | /                     core::arch::asm!(\n96  | |                         \"syscall\",\n97  | |                         in(\"eax\") SYS_ARCH_PRCTL,\n98  | |                         in(\"edi\") ARCH_SET_GS,\n99  | |                         in(\"rsi\") tp,\n100 | |                     );\n    | |_____________________^\n\n"
    },
    {
      "cmd_idx": 3,
      "file": "src/imp.rs",
      "kind": "Mirai",
      "raw": "warning: [MIRAI] Inline assembly code cannot be analyzed by MIRAI.\n   --> src/imp.rs:119:1\n    |\n119 | #[percpu_macros2::def_percpu]\n    | ^^^^^^^^^^^^^^^^^^^^^^^^^^^^^\n    |\n    = note: this warning originates in the attribute macro `percpu_macros2::def_percpu` (in Nightly builds, run with -Z macro-backtrace for more info)\n\n"
    },
    {
      "cmd_idx": 3,
      "file": "tests/test_percpu.rs",
      "kind": "Mirai",
      "raw": "error[E0432]: unresolved import `percpu`\n --> tests/test_percpu.rs:3:5\n  |\n3 | use percpu::*;\n  |     ^^^^^^ use of undeclared crate or module `percpu`\n  |\nhelp: there is a crate or module with a similar name\n  |\n3 | use percpu2::*;\n  |     ~~~~~~~\n\n"
    },
    {
      "cmd_idx": 3,
      "file": "tests/test_percpu.rs",
      "kind": "Mirai",
      "raw": "error: cannot find attribute `def_percpu` in this scope\n --> tests/test_percpu.rs:7:3\n  |\n7 | #[def_percpu]\n  |   ^^^^^^^^^^\n  |\nhelp: consider importing one of these attribute macros\n  |\n3 + use percpu2::def_percpu;\n  |\n3 + use percpu_macros2::def_percpu;\n  |\n\n"
    },
    {
      "cmd_idx": 3,
      "file": "tests/test_percpu.rs",
      "kind": "Mirai",
      "raw": "error: cannot find attribute `def_percpu` in this scope\n  --> tests/test_percpu.rs:10:3\n   |\n10 | #[def_percpu]\n   |   ^^^^^^^^^^\n   |\nhelp: consider importing one of these attribute macros\n   |\n3  + use percpu2::def_percpu;\n   |\n3  + use percpu_macros2::def_percpu;\n   |\n\n"
    },
    {
      "cmd_idx": 3,
      "file": "tests/test_percpu.rs",
      "kind": "Mirai",
      "raw": "error: cannot find attribute `def_percpu` in this scope\n  --> tests/test_percpu.rs:13:3\n   |\n13 | #[def_percpu]\n   |   ^^^^^^^^^^\n   |\nhelp: consider importing one of these attribute macros\n   |\n3  + use percpu2::def_percpu;\n   |\n3  + use percpu_macros2::def_percpu;\n   |\n\n"
    },
    {
      "cmd_idx": 3,
      "file": "tests/test_percpu.rs",
      "kind": "Mirai",
      "raw": "error: cannot find attribute `def_percpu` in this scope\n  --> tests/test_percpu.rs:16:3\n   |\n16 | #[def_percpu]\n   |   ^^^^^^^^^^\n   |\nhelp: consider importing one of these attribute macros\n   |\n3  + use percpu2::def_percpu;\n   |\n3  + use percpu_macros2::def_percpu;\n   |\n\n"
    },
    {
      "cmd_idx": 3,
      "file": "tests/test_percpu.rs",
      "kind": "Mirai",
      "raw": "error: cannot find attribute `def_percpu` in this scope\n  --> tests/test_percpu.rs:19:3\n   |\n19 | #[def_percpu]\n   |   ^^^^^^^^^^\n   |\nhelp: consider importing one of these attribute macros\n   |\n3  + use percpu2::def_percpu;\n   |\n3  + use percpu_macros2::def_percpu;\n   |\n\n"
    },
    {
      "cmd_idx": 3,
      "file": "tests/test_percpu.rs",
      "kind": "Mirai",
      "raw": "error: cannot find attribute `def_percpu` in this scope\n  --> tests/test_percpu.rs:22:3\n   |\n22 | #[def_percpu]\n   |   ^^^^^^^^^^\n   |\nhelp: consider importing one of these attribute macros\n   |\n3  + use percpu2::def_percpu;\n   |\n3  + use percpu_macros2::def_percpu;\n   |\n\n"
    },
    {
      "cmd_idx": 3,
      "file": "tests/test_percpu.rs",
      "kind": "Mirai",
      "raw": "error: cannot find attribute `def_percpu` in this scope\n  --> tests/test_percpu.rs:30:3\n   |\n30 | #[def_percpu]\n   |   ^^^^^^^^^^\n   |\nhelp: consider importing one of these attribute macros\n   |\n3  + use percpu2::def_percpu;\n   |\n3  + use percpu_macros2::def_percpu;\n   |\n\n"
    },
    {
      "cmd_idx": 3,
      "file": "tests/test_percpu.rs",
      "kind": "Mirai",
      "raw": "error[E0599]: no method named `offset` found for type `bool` in the current scope\n  --> tests/test_percpu.rs:52:41\n   |\n52 |     println!(\"bool offset: {:#x}\", BOOL.offset());\n   |                                         ^^^^^^ method not found in `bool`\n\n"
    },
    {
      "cmd_idx": 3,
      "file": "tests/test_percpu.rs",
      "kind": "Mirai",
      "raw": "error[E0599]: no method named `offset` found for type `u8` in the current scope\n  --> tests/test_percpu.rs:53:37\n   |\n53 |     println!(\"u8 offset: {:#x}\", U8.offset());\n   |                                     ^^^^^^ method not found in `u8`\n\n"
    },
    {
      "cmd_idx": 3,
      "file": "tests/test_percpu.rs",
      "kind": "Mirai",
      "raw": "error[E0599]: no method named `offset` found for type `u16` in the current scope\n  --> tests/test_percpu.rs:54:39\n   |\n54 |     println!(\"u16 offset: {:#x}\", U16.offset());\n   |                                       ^^^^^^ method not found in `u16`\n\n"
    },
    {
      "cmd_idx": 3,
      "file": "tests/test_percpu.rs",
      "kind": "Mirai",
      "raw": "error[E0599]: no method named `offset` found for type `u32` in the current scope\n  --> tests/test_percpu.rs:55:39\n   |\n55 |     println!(\"u32 offset: {:#x}\", U32.offset());\n   |                                       ^^^^^^ method not found in `u32`\n\n"
    },
    {
      "cmd_idx": 3,
      "file": "tests/test_percpu.rs",
      "kind": "Mirai",
      "raw": "error[E0599]: no method named `offset` found for type `u64` in the current scope\n  --> tests/test_percpu.rs:56:39\n   |\n56 |     println!(\"u64 offset: {:#x}\", U64.offset());\n   |                                       ^^^^^^ method not found in `u64`\n\n"
    },
    {
      "cmd_idx": 3,
      "file": "tests/test_percpu.rs",
      "kind": "Mirai",
      "raw": "error[E0599]: no method named `offset` found for type `usize` in the current scope\n  --> tests/test_percpu.rs:57:43\n   |\n57 |     println!(\"usize offset: {:#x}\", USIZE.offset());\n   |                                           ^^^^^^ method not found in `usize`\n\n"
    },
    {
      "cmd_idx": 3,
      "file": "tests/test_percpu.rs",
      "kind": "Mirai",
      "raw": "error[E0599]: no method named `offset` found for struct `Struct` in the current scope\n  --> tests/test_percpu.rs:58:45\n   |\n25 | struct Struct {\n   | ------------- method `offset` not found for this struct\n...\n58 |     println!(\"struct offset: {:#x}\", STRUCT.offset());\n   |                                             ^^^^^^ method not found in `Struct`\n\n"
    },
    {
      "cmd_idx": 3,
      "file": "tests/test_percpu.rs",
      "kind": "Mirai",
      "raw": "error[E0599]: no method named `offset` found for type `bool` in the current scope\n  --> tests/test_percpu.rs:62:32\n   |\n62 |         assert_eq!(base + BOOL.offset(), BOOL.current_ptr() as usize);\n   |                                ^^^^^^ method not found in `bool`\n\n"
    },
    {
      "cmd_idx": 3,
      "file": "tests/test_percpu.rs",
      "kind": "Mirai",
      "raw": "error[E0599]: no method named `current_ptr` found for type `bool` in the current scope\n  --> tests/test_percpu.rs:62:47\n   |\n62 |         assert_eq!(base + BOOL.offset(), BOOL.current_ptr() as usize);\n   |                                               ^^^^^^^^^^^ method not found in `bool`\n\n"
    },
    {
      "cmd_idx": 3,
      "file": "tests/test_percpu.rs",
      "kind": "Mirai",
      "raw": "error[E0599]: no method named `offset` found for type `u8` in the current scope\n  --> tests/test_percpu.rs:63:30\n   |\n63 |         assert_eq!(base + U8.offset(), U8.current_ptr() as usize);\n   |                              ^^^^^^ method not found in `u8`\n\n"
    },
    {
      "cmd_idx": 3,
      "file": "tests/test_percpu.rs",
      "kind": "Mirai",
      "raw": "error[E0599]: no method named `current_ptr` found for type `u8` in the current scope\n  --> tests/test_percpu.rs:63:43\n   |\n63 |         assert_eq!(base + U8.offset(), U8.current_ptr() as usize);\n   |                                           ^^^^^^^^^^^ method not found in `u8`\n\n"
    },
    {
      "cmd_idx": 3,
      "file": "tests/test_percpu.rs",
      "kind": "Mirai",
      "raw": "error[E0599]: no method named `offset` found for type `u16` in the current scope\n  --> tests/test_percpu.rs:64:31\n   |\n64 |         assert_eq!(base + U16.offset(), U16.current_ptr() as usize);\n   |                               ^^^^^^ method not found in `u16`\n\n"
    },
    {
      "cmd_idx": 3,
      "file": "tests/test_percpu.rs",
      "kind": "Mirai",
      "raw": "error[E0599]: no method named `current_ptr` found for type `u16` in the current scope\n  --> tests/test_percpu.rs:64:45\n   |\n64 |         assert_eq!(base + U16.offset(), U16.current_ptr() as usize);\n   |                                             ^^^^^^^^^^^ method not found in `u16`\n\n"
    },
    {
      "cmd_idx": 3,
      "file": "tests/test_percpu.rs",
      "kind": "Mirai",
      "raw": "error[E0599]: no method named `offset` found for type `u32` in the current scope\n  --> tests/test_percpu.rs:65:31\n   |\n65 |         assert_eq!(base + U32.offset(), U32.current_ptr() as usize);\n   |                               ^^^^^^ method not found in `u32`\n\n"
    },
    {
      "cmd_idx": 3,
      "file": "tests/test_percpu.rs",
      "kind": "Mirai",
      "raw": "error[E0599]: no method named `current_ptr` found for type `u32` in the current scope\n  --> tests/test_percpu.rs:65:45\n   |\n65 |         assert_eq!(base + U32.offset(), U32.current_ptr() as usize);\n   |                                             ^^^^^^^^^^^ method not found in `u32`\n\n"
    },
    {
      "cmd_idx": 3,
      "file": "tests/test_percpu.rs",
      "kind": "Mirai",
      "raw": "error[E0599]: no method named `offset` found for type `u64` in the current scope\n  --> tests/test_percpu.rs:66:31\n   |\n66 |         assert_eq!(base + U64.offset(), U64.current_ptr() as usize);\n   |                               ^^^^^^ method not found in `u64`\n\n"
    },
    {
      "cmd_idx": 3,
      "file": "tests/test_percpu.rs",
      "kind": "Mirai",
      "raw": "error[E0599]: no method named `current_ptr` found for type `u64` in the current scope\n  --> tests/test_percpu.rs:66:45\n   |\n66 |         assert_eq!(base + U64.offset(), U64.current_ptr() as usize);\n   |                                             ^^^^^^^^^^^ method not found in `u64`\n\n"
    },
    {
      "cmd_idx": 3,
      "file": "tests/test_percpu.rs",
      "kind": "Mirai",
      "raw": "error[E0599]: no method named `offset` found for type `usize` in the current scope\n  --> tests/test_percpu.rs:67:33\n   |\n67 |         assert_eq!(base + USIZE.offset(), USIZE.current_ptr() as usize);\n   |                                 ^^^^^^ method not found in `usize`\n\n"
    },
    {
      "cmd_idx": 3,
      "file": "tests/test_percpu.rs",
      "kind": "Mirai",
      "raw": "error[E0599]: no method named `current_ptr` found for type `usize` in the current scope\n  --> tests/test_percpu.rs:67:49\n   |\n67 |         assert_eq!(base + USIZE.offset(), USIZE.current_ptr() as usize);\n   |                                                 ^^^^^^^^^^^ method not found in `usize`\n\n"
    },
    {
      "cmd_idx": 3,
      "file": "tests/test_percpu.rs",
      "kind": "Mirai",
      "raw": "error[E0599]: no method named `offset` found for struct `Struct` in the current scope\n  --> tests/test_percpu.rs:68:34\n   |\n25 | struct Struct {\n   | ------------- method `offset` not found for this struct\n...\n68 |         assert_eq!(base + STRUCT.offset(), STRUCT.current_ptr() as usize);\n   |                                  ^^^^^^ method not found in `Struct`\n\n"
    },
    {
      "cmd_idx": 3,
      "file": "tests/test_percpu.rs",
      "kind": "Mirai",
      "raw": "error[E0599]: no method named `current_ptr` found for struct `Struct` in the current scope\n  --> tests/test_percpu.rs:68:51\n   |\n25 | struct Struct {\n   | ------------- method `current_ptr` not found for this struct\n...\n68 |         assert_eq!(base + STRUCT.offset(), STRUCT.current_ptr() as usize);\n   |                                                   ^^^^^^^^^^^ method not found in `Struct`\n\n"
    },
    {
      "cmd_idx": 3,
      "file": "tests/test_percpu.rs",
      "kind": "Mirai",
      "raw": "error[E0599]: no method named `write_current` found for type `bool` in the current scope\n  --> tests/test_percpu.rs:71:10\n   |\n71 |     BOOL.write_current(true);\n   |          ^^^^^^^^^^^^^ method not found in `bool`\n\n"
    },
    {
      "cmd_idx": 3,
      "file": "tests/test_percpu.rs",
      "kind": "Mirai",
      "raw": "error[E0599]: no method named `write_current` found for type `u8` in the current scope\n  --> tests/test_percpu.rs:72:8\n   |\n72 |     U8.write_current(123);\n   |        ^^^^^^^^^^^^^ method not found in `u8`\n\n"
    },
    {
      "cmd_idx": 3,
      "file": "tests/test_percpu.rs",
      "kind": "Mirai",
      "raw": "error[E0599]: no method named `write_current` found for type `u16` in the current scope\n  --> tests/test_percpu.rs:73:9\n   |\n73 |     U16.write_current(0xabcd);\n   |         ^^^^^^^^^^^^^ method not found in `u16`\n\n"
    },
    {
      "cmd_idx": 3,
      "file": "tests/test_percpu.rs",
      "kind": "Mirai",
      "raw": "error[E0599]: no method named `write_current` found for type `u32` in the current scope\n  --> tests/test_percpu.rs:74:9\n   |\n74 |     U32.write_current(0xdead_beef);\n   |         ^^^^^^^^^^^^^ method not found in `u32`\n\n"
    },
    {
      "cmd_idx": 3,
      "file": "tests/test_percpu.rs",
      "kind": "Mirai",
      "raw": "error[E0599]: no method named `write_current` found for type `u64` in the current scope\n  --> tests/test_percpu.rs:75:9\n   |\n75 |     U64.write_current(0xa2ce_a2ce_a2ce_a2ce);\n   |         ^^^^^^^^^^^^^ method not found in `u64`\n\n"
    },
    {
      "cmd_idx": 3,
      "file": "tests/test_percpu.rs",
      "kind": "Mirai",
      "raw": "error[E0599]: no method named `write_current` found for type `usize` in the current scope\n  --> tests/test_percpu.rs:76:11\n   |\n76 |     USIZE.write_current(0xffff_0000);\n   |           ^^^^^^^^^^^^^ method not found in `usize`\n\n"
    },
    {
      "cmd_idx": 3,
      "file": "tests/test_percpu.rs",
      "kind": "Mirai",
      "raw": "error[E0599]: no method named `with_current` found for struct `Struct` in the current scope\n  --> tests/test_percpu.rs:78:12\n   |\n25 | struct Struct {\n   | ------------- method `with_current` not found for this struct\n...\n78 |     STRUCT.with_current(|s| {\n   |     -------^^^^^^^^^^^^ method not found in `Struct`\n\n"
    },
    {
      "cmd_idx": 3,
      "file": "tests/test_percpu.rs",
      "kind": "Mirai",
      "raw": "error[E0599]: no method named `read_current` found for type `bool` in the current scope\n  --> tests/test_percpu.rs:83:37\n   |\n83 |     println!(\"bool value: {}\", BOOL.read_current());\n   |                                     ^^^^^^^^^^^^ method not found in `bool`\n\n"
    },
    {
      "cmd_idx": 3,
      "file": "tests/test_percpu.rs",
      "kind": "Mirai",
      "raw": "error[E0599]: no method named `read_current` found for type `u8` in the current scope\n  --> tests/test_percpu.rs:84:33\n   |\n84 |     println!(\"u8 value: {}\", U8.read_current());\n   |                                 ^^^^^^^^^^^^ method not found in `u8`\n\n"
    },
    {
      "cmd_idx": 3,
      "file": "tests/test_percpu.rs",
      "kind": "Mirai",
      "raw": "error[E0599]: no method named `read_current` found for type `u16` in the current scope\n  --> tests/test_percpu.rs:85:38\n   |\n85 |     println!(\"u16 value: {:#x}\", U16.read_current());\n   |                                      ^^^^^^^^^^^^ method not found in `u16`\n\n"
    },
    {
      "cmd_idx": 3,
      "file": "tests/test_percpu.rs",
      "kind": "Mirai",
      "raw": "error[E0599]: no method named `read_current` found for type `u32` in the current scope\n  --> tests/test_percpu.rs:86:38\n   |\n86 |     println!(\"u32 value: {:#x}\", U32.read_current());\n   |                                      ^^^^^^^^^^^^ method not found in `u32`\n\n"
    },
    {
      "cmd_idx": 3,
      "file": "tests/test_percpu.rs",
      "kind": "Mirai",
      "raw": "error[E0599]: no method named `read_current` found for type `u64` in the current scope\n  --> tests/test_percpu.rs:87:38\n   |\n87 |     println!(\"u64 value: {:#x}\", U64.read_current());\n   |                                      ^^^^^^^^^^^^ method not found in `u64`\n\n"
    },
    {
      "cmd_idx": 3,
      "file": "tests/test_percpu.rs",
      "kind": "Mirai",
      "raw": "error[E0599]: no method named `read_current` found for type `usize` in the current scope\n  --> tests/test_percpu.rs:88:42\n   |\n88 |     println!(\"usize value: {:#x}\", USIZE.read_current());\n   |                                          ^^^^^^^^^^^^ method not found in `usize`\n\n"
    },
    {
      "cmd_idx": 3,
      "file": "tests/test_percpu.rs",
      "kind": "Mirai",
      "raw": "error[E0599]: no method named `read_current` found for type `u8` in the current scope\n  --> tests/test_percpu.rs:90:19\n   |\n90 |     assert_eq!(U8.read_current(), 123);\n   |                   ^^^^^^^^^^^^ method not found in `u8`\n\n"
    },
    {
      "cmd_idx": 3,
      "file": "tests/test_percpu.rs",
      "kind": "Mirai",
      "raw": "error[E0599]: no method named `read_current` found for type `u16` in the current scope\n  --> tests/test_percpu.rs:91:20\n   |\n91 |     assert_eq!(U16.read_current(), 0xabcd);\n   |                    ^^^^^^^^^^^^ method not found in `u16`\n\n"
    },
    {
      "cmd_idx": 3,
      "file": "tests/test_percpu.rs",
      "kind": "Mirai",
      "raw": "error[E0599]: no method named `read_current` found for type `u32` in the current scope\n  --> tests/test_percpu.rs:92:20\n   |\n92 |     assert_eq!(U32.read_current(), 0xdead_beef);\n   |                    ^^^^^^^^^^^^ method not found in `u32`\n\n"
    },
    {
      "cmd_idx": 3,
      "file": "tests/test_percpu.rs",
      "kind": "Mirai",
      "raw": "error[E0599]: no method named `read_current` found for type `u64` in the current scope\n  --> tests/test_percpu.rs:93:20\n   |\n93 |     assert_eq!(U64.read_current(), 0xa2ce_a2ce_a2ce_a2ce);\n   |                    ^^^^^^^^^^^^ method not found in `u64`\n\n"
    },
    {
      "cmd_idx": 3,
      "file": "tests/test_percpu.rs",
      "kind": "Mirai",
      "raw": "error[E0599]: no method named `read_current` found for type `usize` in the current scope\n  --> tests/test_percpu.rs:94:22\n   |\n94 |     assert_eq!(USIZE.read_current(), 0xffff_0000);\n   |                      ^^^^^^^^^^^^ method not found in `usize`\n\n"
    },
    {
      "cmd_idx": 3,
      "file": "tests/test_percpu.rs",
      "kind": "Mirai",
      "raw": "error[E0599]: no method named `with_current` found for struct `Struct` in the current scope\n  --> tests/test_percpu.rs:96:12\n   |\n25 | struct Struct {\n   | ------------- method `with_current` not found for this struct\n...\n96 |     STRUCT.with_current(|s| {\n   |     -------^^^^^^^^^^^^ method not found in `Struct`\n\n"
    },
    {
      "cmd_idx": 9,
      "file": "(virtual) semver-checks",
      "kind": "Cargo",
      "raw": "// pkg_name=percpu2, checker=SemverChecks\n// toolchain=nightly-2025-01-26-x86_64-unknown-linux-gnu, target=x86_64-unknown-linux-gnu\n// features=\n// pkg_dir=/home/runner/check/batch_66/shilei-massclouds/percpu2/percpu2\n// cmd=cargo +nightly-2025-01-26-x86_64-unknown-linux-gnu semver-checks --target x86_64-unknown-linux-gnu \n// timestamp=2025-02-16 20:25:24.643311611 +08:00:00\n    Building percpu2 v0.1.0 (current)\n       Built [   3.787s] (current)\n     Parsing percpu2 v0.1.0 (current)\nerror: unsupported rustdoc format v39 for file: /home/runner/check/batch_66/shilei-massclouds/percpu2/percpu2/target/semver-checks/local-percpu2-0_1_0-4279a37797ace5de/target/x86_64-unknown-linux-gnu/doc/percpu2.json\n"
    },
    {
      "cmd_idx": 10,
      "file": "(virtual) mirai",
      "kind": "Cargo",
      "raw": "// pkg_name=percpu2, checker=Mirai\n// toolchain=nightly-2025-01-26-x86_64-unknown-linux-gnu, target=x86_64-unknown-linux-gnu\n// features=\n// pkg_dir=/home/runner/check/batch_66/shilei-massclouds/percpu2/percpu2\n// cmd=cargo +nightly-2025-01-04 mirai --target x86_64-unknown-linux-gnu \n// timestamp=2025-02-16 20:25:28.870503394 +08:00:00\n   Compiling proc-macro2 v1.0.93\n   Compiling autocfg v1.4.0\n   Compiling unicode-ident v1.0.16\n    Checking scopeguard v1.2.0\n    Checking bitflags v1.3.2\n   Compiling x86 v0.52.0\n    Checking raw-cpuid v10.7.0\n    Checking bit_field v0.10.2\n   Compiling percpu2 v0.1.0 (/home/runner/check/batch_66/shilei-massclouds/percpu2/percpu2)\n    Checking cfg-if v1.0.0\n   Compiling lock_api v0.4.12\n   Compiling quote v1.0.38\n    Checking spin v0.9.8\n   Compiling syn v2.0.98\n   Compiling percpu_macros2 v0.1.0 (/home/runner/check/batch_66/shilei-massclouds/percpu2/percpu_macros2)\n    Finished `dev` profile [unoptimized + debuginfo] target(s) in 4.26s\n   Compiling scopeguard v1.2.0\n   Compiling bitflags v1.3.2\n   Compiling bit_field v0.10.2\n   Compiling cfg-if v1.0.0\n   Compiling raw-cpuid v10.7.0\n   Compiling lock_api v0.4.12\n   Compiling spin v0.9.8\n   Compiling x86 v0.52.0\n   Compiling percpu2 v0.1.0 (/home/runner/check/batch_66/shilei-massclouds/percpu2/percpu2)\nerror: could not compile `percpu2` (test \"test_percpu\") due to 48 previous errors\n"
    },
    {
      "cmd_idx": 11,
      "file": "(virtual) outdated",
      "kind": "Cargo",
      "raw": "// pkg_name=percpu2, checker=Outdated\n// toolchain=nightly-2025-01-26-x86_64-unknown-linux-gnu, target=x86_64-unknown-linux-gnu\n// features=\n// pkg_dir=/home/runner/check/batch_66/shilei-massclouds/percpu2/percpu2\n// cmd=cargo +nightly-2025-01-26-x86_64-unknown-linux-gnu outdated -R --exit-code=2\n// timestamp=2025-02-16 20:25:51.289573846 +08:00:00\nerror: feature `sp-naive` includes `percpu_macros2/sp-naive`, but `percpu_macros2` is not a dependency\n  --> Cargo.toml:27:12\n   |\n27 | sp-naive = [\"percpu_macros2/sp-naive\"]\n   |            ^^^^^^^^^^^^^^^^^^^^^^^^^^^\n   |\nerror: failed to parse manifest at `/tmp/cargo-outdatedOx7EZG/Cargo.toml`\n"
    },
    {
      "cmd_idx": 21,
      "file": "/home/runner/.cargo/git/checkouts/early_console-27aa013ee5514833/8bc0d21/early_console/src/lib.rs",
      "kind": "Clippy(Error)",
      "raw": "error[E0432]: unresolved imports `platform::getchar`, `platform::putchar`\n  --> /home/runner/.cargo/git/checkouts/early_console-27aa013ee5514833/8bc0d21/early_console/src/lib.rs:12:20\n   |\n12 | pub use platform::{getchar, putchar};\n   |                    ^^^^^^^  ^^^^^^^ no `putchar` in `platform`\n   |                    |\n   |                    no `getchar` in `platform`\n\n"
    },
    {
      "cmd_idx": 21,
      "file": "/home/runner/.cargo/git/checkouts/early_console-27aa013ee5514833/8bc0d21/early_console/src/lib.rs",
      "kind": "Clippy(Error)",
      "raw": "error[E0432]: unresolved imports `platform::getchar`, `platform::putchar`\n  --> /home/runner/.cargo/git/checkouts/early_console-27aa013ee5514833/8bc0d21/early_console/src/lib.rs:12:20\n   |\n12 | pub use platform::{getchar, putchar};\n   |                    ^^^^^^^  ^^^^^^^ no `putchar` in `platform`\n   |                    |\n   |                    no `getchar` in `platform`\n\n"
    },
    {
      "cmd_idx": 21,
      "file": "/home/runner/.cargo/git/checkouts/early_console-27aa013ee5514833/8bc0d21/early_console/src/platform/dummy/mod.rs",
      "kind": "Clippy(Error)",
      "raw": "error[E0433]: failed to resolve: unresolved import\n  --> /home/runner/.cargo/git/checkouts/early_console-27aa013ee5514833/8bc0d21/early_console/src/platform/dummy/mod.rs:31:69\n   |\n31 |     pub(crate) fn platform_regions() -> impl Iterator<Item = crate::mem::MemRegion> {\n   |                                                                     ^^^\n   |                                                                     |\n   |                                                                     unresolved import\n   |                                                                     help: a similar path exists: `core::mem`\n\n"
    },
    {
      "cmd_idx": 21,
      "file": "/home/runner/.cargo/git/checkouts/early_console-27aa013ee5514833/8bc0d21/early_console/src/lib.rs",
      "kind": "Clippy(Error)",
      "raw": "error[E0425]: cannot find function `console_init` in module `platform`\n  --> /home/runner/.cargo/git/checkouts/early_console-27aa013ee5514833/8bc0d21/early_console/src/lib.rs:17:15\n   |\n17 |     platform::console_init();\n   |               ^^^^^^^^^^^^ not found in `platform`\n\n"
    },
    {
      "cmd_idx": 21,
      "file": "/home/runner/.cargo/git/checkouts/early_console-27aa013ee5514833/8bc0d21/early_console/src/lib.rs",
      "kind": "Clippy(Error)",
      "raw": "error[E0425]: cannot find function `putchar` in module `platform`\n  --> /home/runner/.cargo/git/checkouts/early_console-27aa013ee5514833/8bc0d21/early_console/src/lib.rs:23:19\n   |\n23 |         platform::putchar(*c);\n   |                   ^^^^^^^ not found in `platform`\n   |\nhelp: consider importing this function\n   |\n12 + use crate::platform::console::putchar;\n   |\nhelp: if you import `putchar`, refer to it directly\n   |\n23 -         platform::putchar(*c);\n23 +         putchar(*c);\n   |\n\n"
    },
    {
      "cmd_idx": 21,
      "file": "/home/runner/.cargo/git/checkouts/early_console-27aa013ee5514833/8bc0d21/early_console/src/lib.rs",
      "kind": "Clippy(Error)",
      "raw": "error[E0425]: cannot find function `getchar` in module `platform`\n  --> /home/runner/.cargo/git/checkouts/early_console-27aa013ee5514833/8bc0d21/early_console/src/lib.rs:31:36\n   |\n31 |         if let Some(c) = platform::getchar() {\n   |                                    ^^^^^^^ not found in `platform`\n   |\nhelp: consider importing this function\n   |\n12 + use crate::platform::console::getchar;\n   |\nhelp: if you import `getchar`, refer to it directly\n   |\n31 -         if let Some(c) = platform::getchar() {\n31 +         if let Some(c) = getchar() {\n   |\n\n"
    },
    {
      "cmd_idx": 22,
      "file": "[semver checks]",
      "kind": "Semver Violation",
      "raw": "pkg=preempt_guard, checker=SemverChecks\ntoolchain=nightly-2025-01-26-x86_64-unknown-linux-gnu, target=x86_64-unknown-linux-gnu\nfeatures=\npkg_dir=/home/runner/check/batch_66/shilei-massclouds/preempt_guard/preempt_guard\ncmd=cargo +nightly-2025-01-26-x86_64-unknown-linux-gnu semver-checks --target x86_64-unknown-linux-gnu \ntimestamp=2025-02-16 20:26:17.113981041 +08:00:00\n\n\nstdout:\n\nstderr:\n    Building preempt_guard v0.1.0 (current)\nerror: running cargo-doc on crate 'preempt_guard' failed with output:\n-----\n   Compiling hashbrown v0.15.2\n   Compiling serde v1.0.217\n   Compiling equivalent v1.0.2\n   Compiling toml_datetime v0.6.8\n   Compiling winnow v0.5.40\n   Compiling proc-macro2 v1.0.93\n   Compiling unicode-ident v1.0.16\n   Compiling indexmap v2.7.1\n    Checking bit_field v0.10.2\n   Compiling quote v1.0.38\n    Checking cfg-if v1.0.0\n   Compiling rustversion v1.0.19\n    Checking bitflags v2.8.0\n   Compiling autocfg v1.4.0\n   Compiling toml_edit v0.19.15\n   Compiling lock_api v0.4.12\n    Checking volatile v0.4.6\n    Checking bitflags v1.3.2\n    Checking x86_64 v0.14.13\n    Checking raw-cpuid v10.7.0\n    Checking kernel_guard_base v0.1.0 (ssh://git@github.com/shilei-massclouds/kernel_guard_base.git#4e672f3e)\n   Compiling syn v1.0.109\n   Compiling paste v1.0.15\n    Checking scopeguard v1.2.0\n    Checking log v0.4.25\n   Compiling x86 v0.52.0\n    Checking spinbase v0.1.0 (ssh://git@github.com/shilei-massclouds/spinbase.git#a3496db8)\n   Compiling syn v2.0.98\n   Compiling libc v0.2.169\n   Compiling percpu2 v0.1.0 (ssh://git@github.com/shilei-massclouds/percpu2#2fa7f00e)\n   Compiling axerrno v0.1.0 (ssh://git@github.com/shilei-massclouds/axerrno#892169aa)\n    Checking spin v0.9.8\n    Checking bit v0.1.1\n   Compiling base64 v0.13.1\n   Compiling unicode-width v0.1.14\n    Checking x2apic v0.4.3\n   Compiling axconfig v0.1.0 (ssh://git@github.com/shilei-massclouds/axconfig#51b81e4a)\n   Compiling early_console v0.1.0 (ssh://git@github.com/shilei-massclouds/early_console#8bc0d219)\nerror[E0432]: unresolved imports `platform::getchar`, `platform::putchar`\n  --> /home/runner/.cargo/git/checkouts/early_console-27aa013ee5514833/8bc0d21/early_console/src/lib.rs:12:20\n   |\n12 | pub use platform::{getchar, putchar};\n   |                    ^^^^^^^  ^^^^^^^ no `putchar` in `platform`\n   |                    |\n   |                    no `getchar` in `platform`\n\nerror[E0433]: failed to resolve: unresolved import\n  --> /home/runner/.cargo/git/checkouts/early_console-27aa013ee5514833/8bc0d21/early_console/src/platform/dummy/mod.rs:31:69\n   |\n31 |     pub(crate) fn platform_regions() -> impl Iterator<Item = crate::mem::MemRegion> {\n   |                                                                     ^^^\n   |                                                                     |\n   |                                                                     unresolved import\n   |                                                                     help: a similar path exists: `core::mem`\n\nerror[E0425]: cannot find function `console_init` in module `platform`\n  --> /home/runner/.cargo/git/checkouts/early_console-27aa013ee5514833/8bc0d21/early_console/src/lib.rs:17:15\n   |\n17 |     platform::console_init();\n   |               ^^^^^^^^^^^^ not found in `platform`\n\nerror[E0425]: cannot find function `putchar` in module `platform`\n  --> /home/runner/.cargo/git/checkouts/early_console-27aa013ee5514833/8bc0d21/early_console/src/lib.rs:23:19\n   |\n23 |         platform::putchar(*c);\n   |                   ^^^^^^^ not found in `platform`\n   |\nhelp: consider importing this function\n   |\n12 + use crate::platform::console::putchar;\n   |\nhelp: if you import `putchar`, refer to it directly\n   |\n23 -         platform::putchar(*c);\n23 +         putchar(*c);\n   |\n\nerror[E0425]: cannot find function `getchar` in module `platform`\n  --> /home/runner/.cargo/git/checkouts/early_console-27aa013ee5514833/8bc0d21/early_console/src/lib.rs:31:36\n   |\n31 |         if let Some(c) = platform::getchar() {\n   |                                    ^^^^^^^ not found in `platform`\n   |\nhelp: consider importing this function\n   |\n12 + use crate::platform::console::getchar;\n   |\nhelp: if you import `getchar`, refer to it directly\n   |\n31 -         if let Some(c) = platform::getchar() {\n31 +         if let Some(c) = getchar() {\n   |\n\nSome errors have detailed explanations: E0425, E0432, E0433.\nFor more information about an error, try `rustc --explain E0425`.\nerror: could not compile `early_console` (lib) due to 5 previous errors\nwarning: build failed, waiting for other jobs to finish...\n\n-----\n\nerror: failed to build rustdoc for crate preempt_guard v0.1.0\nnote: this is usually due to a compilation error in the crate,\n      and is unlikely to be a bug in cargo-semver-checks\nnote: the following command can be used to reproduce the compilation error:\n      cargo new --lib example &&\n          cd example &&\n          echo '[workspace]' >> Cargo.toml &&\n          cargo add --path /home/runner/check/batch_66/shilei-massclouds/preempt_guard/preempt_guard --features default &&\n          cargo check\n\nerror: aborting due to failure to build rustdoc for crate preempt_guard v0.1.0\n"
    },
    {
      "cmd_idx": 23,
      "file": "/home/runner/.cargo/git/checkouts/early_console-27aa013ee5514833/8bc0d21/early_console/src/lib.rs",
      "kind": "Mirai",
      "raw": "error[E0432]: unresolved imports `platform::getchar`, `platform::putchar`\n  --> /home/runner/.cargo/git/checkouts/early_console-27aa013ee5514833/8bc0d21/early_console/src/lib.rs:12:20\n   |\n12 | pub use platform::{getchar, putchar};\n   |                    ^^^^^^^  ^^^^^^^ no `putchar` in `platform`\n   |                    |\n   |                    no `getchar` in `platform`\n\n"
    },
    {
      "cmd_idx": 23,
      "file": "/home/runner/.cargo/git/checkouts/early_console-27aa013ee5514833/8bc0d21/early_console/src/lib.rs",
      "kind": "Mirai",
      "raw": "error[E0432]: unresolved imports `platform::getchar`, `platform::putchar`\n  --> /home/runner/.cargo/git/checkouts/early_console-27aa013ee5514833/8bc0d21/early_console/src/lib.rs:12:20\n   |\n12 | pub use platform::{getchar, putchar};\n   |                    ^^^^^^^  ^^^^^^^ no `putchar` in `platform`\n   |                    |\n   |                    no `getchar` in `platform`\n\n"
    },
    {
      "cmd_idx": 23,
      "file": "/home/runner/.cargo/git/checkouts/early_console-27aa013ee5514833/8bc0d21/early_console/src/platform/dummy/mod.rs",
      "kind": "Mirai",
      "raw": "error[E0433]: failed to resolve: unresolved import\n  --> /home/runner/.cargo/git/checkouts/early_console-27aa013ee5514833/8bc0d21/early_console/src/platform/dummy/mod.rs:31:69\n   |\n31 |     pub(crate) fn platform_regions() -> impl Iterator<Item = crate::mem::MemRegion> {\n   |                                                                     ^^^\n   |                                                                     |\n   |                                                                     unresolved import\n   |                                                                     help: a similar path exists: `core::mem`\n\n"
    },
    {
      "cmd_idx": 23,
      "file": "/home/runner/.cargo/git/checkouts/early_console-27aa013ee5514833/8bc0d21/early_console/src/lib.rs",
      "kind": "Mirai",
      "raw": "error[E0425]: cannot find function `console_init` in module `platform`\n  --> /home/runner/.cargo/git/checkouts/early_console-27aa013ee5514833/8bc0d21/early_console/src/lib.rs:17:15\n   |\n17 |     platform::console_init();\n   |               ^^^^^^^^^^^^ not found in `platform`\n\n"
    },
    {
      "cmd_idx": 23,
      "file": "/home/runner/.cargo/git/checkouts/early_console-27aa013ee5514833/8bc0d21/early_console/src/lib.rs",
      "kind": "Mirai",
      "raw": "error[E0425]: cannot find function `putchar` in module `platform`\n  --> /home/runner/.cargo/git/checkouts/early_console-27aa013ee5514833/8bc0d21/early_console/src/lib.rs:23:19\n   |\n23 |         platform::putchar(*c);\n   |                   ^^^^^^^ not found in `platform`\n   |\nhelp: consider importing this function\n   |\n12 + use crate::platform::console::putchar;\n   |\nhelp: if you import `putchar`, refer to it directly\n   |\n23 -         platform::putchar(*c);\n23 +         putchar(*c);\n   |\n\n"
    },
    {
      "cmd_idx": 23,
      "file": "/home/runner/.cargo/git/checkouts/early_console-27aa013ee5514833/8bc0d21/early_console/src/lib.rs",
      "kind": "Mirai",
      "raw": "error[E0425]: cannot find function `getchar` in module `platform`\n  --> /home/runner/.cargo/git/checkouts/early_console-27aa013ee5514833/8bc0d21/early_console/src/lib.rs:31:36\n   |\n31 |         if let Some(c) = platform::getchar() {\n   |                                    ^^^^^^^ not found in `platform`\n   |\nhelp: consider importing this function\n   |\n12 + use crate::platform::console::getchar;\n   |\nhelp: if you import `getchar`, refer to it directly\n   |\n31 -         if let Some(c) = platform::getchar() {\n31 +         if let Some(c) = getchar() {\n   |\n\n"
    },
    {
      "cmd_idx": 29,
      "file": "(virtual) clippy",
      "kind": "Cargo",
      "raw": "// pkg_name=preempt_guard, checker=Clippy\n// toolchain=nightly-2025-01-26-x86_64-unknown-linux-gnu, target=x86_64-unknown-linux-gnu\n// features=\n// pkg_dir=/home/runner/check/batch_66/shilei-massclouds/preempt_guard/preempt_guard\n// cmd=cargo clippy --target x86_64-unknown-linux-gnu  --no-deps\n// timestamp=2025-02-16 20:25:58.043960978 +08:00:00\n   Compiling equivalent v1.0.2\n   Compiling hashbrown v0.15.2\n   Compiling serde v1.0.217\n   Compiling winnow v0.5.40\n   Compiling toml_datetime v0.6.8\n   Compiling proc-macro2 v1.0.93\n   Compiling indexmap v2.7.1\n   Compiling unicode-ident v1.0.16\n    Checking bit_field v0.10.2\n   Compiling quote v1.0.38\n    Checking cfg-if v1.0.0\n   Compiling rustversion v1.0.19\n    Checking bitflags v2.8.0\n   Compiling autocfg v1.4.0\n   Compiling toml_edit v0.19.15\n   Compiling lock_api v0.4.12\n    Checking bitflags v1.3.2\n    Checking volatile v0.4.6\n    Checking raw-cpuid v10.7.0\n    Checking x86_64 v0.14.13\n    Checking kernel_guard_base v0.1.0 (ssh://git@github.com/shilei-massclouds/kernel_guard_base.git#4e672f3e)\n   Compiling syn v1.0.109\n   Compiling x86 v0.52.0\n    Checking scopeguard v1.2.0\n    Checking log v0.4.25\n   Compiling paste v1.0.15\n    Checking spinbase v0.1.0 (ssh://git@github.com/shilei-massclouds/spinbase.git#a3496db8)\n   Compiling syn v2.0.98\n   Compiling percpu2 v0.1.0 (ssh://git@github.com/shilei-massclouds/percpu2#2fa7f00e)\n   Compiling axerrno v0.1.0 (ssh://git@github.com/shilei-massclouds/axerrno#892169aa)\n   Compiling libc v0.2.169\n    Checking spin v0.9.8\n   Compiling unicode-width v0.1.14\n    Checking bit v0.1.1\n   Compiling base64 v0.13.1\n    Checking x2apic v0.4.3\n   Compiling axconfig v0.1.0 (ssh://git@github.com/shilei-massclouds/axconfig#51b81e4a)\n   Compiling early_console v0.1.0 (ssh://git@github.com/shilei-massclouds/early_console#8bc0d219)\nerror: could not compile `early_console` (lib) due to 5 previous errors\nwarning: build failed, waiting for other jobs to finish...\n"
    },
    {
      "cmd_idx": 30,
      "file": "(virtual) semver-checks",
      "kind": "Cargo",
      "raw": "// pkg_name=preempt_guard, checker=SemverChecks\n// toolchain=nightly-2025-01-26-x86_64-unknown-linux-gnu, target=x86_64-unknown-linux-gnu\n// features=\n// pkg_dir=/home/runner/check/batch_66/shilei-massclouds/preempt_guard/preempt_guard\n// cmd=cargo +nightly-2025-01-26-x86_64-unknown-linux-gnu semver-checks --target x86_64-unknown-linux-gnu \n// timestamp=2025-02-16 20:26:05.624394934 +08:00:00\n    Building preempt_guard v0.1.0 (current)\nerror: running cargo-doc on crate 'preempt_guard' failed with output:\n-----\n   Compiling hashbrown v0.15.2\n   Compiling serde v1.0.217\n   Compiling equivalent v1.0.2\n   Compiling toml_datetime v0.6.8\n   Compiling winnow v0.5.40\n   Compiling proc-macro2 v1.0.93\n   Compiling unicode-ident v1.0.16\n   Compiling indexmap v2.7.1\n    Checking bit_field v0.10.2\n   Compiling quote v1.0.38\n    Checking cfg-if v1.0.0\n   Compiling rustversion v1.0.19\n    Checking bitflags v2.8.0\n   Compiling autocfg v1.4.0\n   Compiling toml_edit v0.19.15\n   Compiling lock_api v0.4.12\n    Checking volatile v0.4.6\n    Checking bitflags v1.3.2\n    Checking x86_64 v0.14.13\n    Checking raw-cpuid v10.7.0\n    Checking kernel_guard_base v0.1.0 (ssh://git@github.com/shilei-massclouds/kernel_guard_base.git#4e672f3e)\n   Compiling syn v1.0.109\n   Compiling paste v1.0.15\n    Checking scopeguard v1.2.0\n    Checking log v0.4.25\n   Compiling x86 v0.52.0\n    Checking spinbase v0.1.0 (ssh://git@github.com/shilei-massclouds/spinbase.git#a3496db8)\n   Compiling syn v2.0.98\n   Compiling libc v0.2.169\n   Compiling percpu2 v0.1.0 (ssh://git@github.com/shilei-massclouds/percpu2#2fa7f00e)\n   Compiling axerrno v0.1.0 (ssh://git@github.com/shilei-massclouds/axerrno#892169aa)\n    Checking spin v0.9.8\n    Checking bit v0.1.1\n   Compiling base64 v0.13.1\n   Compiling unicode-width v0.1.14\n    Checking x2apic v0.4.3\n   Compiling axconfig v0.1.0 (ssh://git@github.com/shilei-massclouds/axconfig#51b81e4a)\n   Compiling early_console v0.1.0 (ssh://git@github.com/shilei-massclouds/early_console#8bc0d219)\nerror[E0432]: unresolved imports `platform::getchar`, `platform::putchar`\n  --> /home/runner/.cargo/git/checkouts/early_console-27aa013ee5514833/8bc0d21/early_console/src/lib.rs:12:20\n   |\n12 | pub use platform::{getchar, putchar};\n   |                    ^^^^^^^  ^^^^^^^ no `putchar` in `platform`\n   |                    |\n   |                    no `getchar` in `platform`\n\nerror[E0433]: failed to resolve: unresolved import\n  --> /home/runner/.cargo/git/checkouts/early_console-27aa013ee5514833/8bc0d21/early_console/src/platform/dummy/mod.rs:31:69\n   |\n31 |     pub(crate) fn platform_regions() -> impl Iterator<Item = crate::mem::MemRegion> {\n   |                                                                     ^^^\n   |                                                                     |\n   |                                                                     unresolved import\n   |                                                                     help: a similar path exists: `core::mem`\n\nerror[E0425]: cannot find function `console_init` in module `platform`\n  --> /home/runner/.cargo/git/checkouts/early_console-27aa013ee5514833/8bc0d21/early_console/src/lib.rs:17:15\n   |\n17 |     platform::console_init();\n   |               ^^^^^^^^^^^^ not found in `platform`\n\nerror[E0425]: cannot find function `putchar` in module `platform`\n  --> /home/runner/.cargo/git/checkouts/early_console-27aa013ee5514833/8bc0d21/early_console/src/lib.rs:23:19\n   |\n23 |         platform::putchar(*c);\n   |                   ^^^^^^^ not found in `platform`\n   |\nhelp: consider importing this function\n   |\n12 + use crate::platform::console::putchar;\n   |\nhelp: if you import `putchar`, refer to it directly\n   |\n23 -         platform::putchar(*c);\n23 +         putchar(*c);\n   |\n\nerror[E0425]: cannot find function `getchar` in module `platform`\n  --> /home/runner/.cargo/git/checkouts/early_console-27aa013ee5514833/8bc0d21/early_console/src/lib.rs:31:36\n   |\n31 |         if let Some(c) = platform::getchar() {\n   |                                    ^^^^^^^ not found in `platform`\n   |\nhelp: consider importing this function\n   |\n12 + use crate::platform::console::getchar;\n   |\nhelp: if you import `getchar`, refer to it directly\n   |\n31 -         if let Some(c) = platform::getchar() {\n31 +         if let Some(c) = getchar() {\n   |\n\nSome errors have detailed explanations: E0425, E0432, E0433.\nFor more information about an error, try `rustc --explain E0425`.\nerror: could not compile `early_console` (lib) due to 5 previous errors\nwarning: build failed, waiting for other jobs to finish...\n\n-----\n\nerror: failed to build rustdoc for crate preempt_guard v0.1.0\nnote: this is usually due to a compilation error in the crate,\n      and is unlikely to be a bug in cargo-semver-checks\nnote: the following command can be used to reproduce the compilation error:\n      cargo new --lib example &&\n          cd example &&\n          echo '[workspace]' >> Cargo.toml &&\n          cargo add --path /home/runner/check/batch_66/shilei-massclouds/preempt_guard/preempt_guard --features default &&\n          cargo check\n\nerror: aborting due to failure to build rustdoc for crate preempt_guard v0.1.0\n"
    },
    {
      "cmd_idx": 31,
      "file": "(virtual) mirai",
      "kind": "Cargo",
      "raw": "// pkg_name=preempt_guard, checker=Mirai\n// toolchain=nightly-2025-01-26-x86_64-unknown-linux-gnu, target=x86_64-unknown-linux-gnu\n// features=\n// pkg_dir=/home/runner/check/batch_66/shilei-massclouds/preempt_guard/preempt_guard\n// cmd=cargo +nightly-2025-01-04 mirai --target x86_64-unknown-linux-gnu \n// timestamp=2025-02-16 20:26:17.268609302 +08:00:00\n   Compiling equivalent v1.0.2\n   Compiling serde v1.0.217\n   Compiling hashbrown v0.15.2\n   Compiling winnow v0.5.40\n   Compiling toml_datetime v0.6.8\n   Compiling proc-macro2 v1.0.93\n   Compiling unicode-ident v1.0.16\n   Compiling indexmap v2.7.1\n    Checking bit_field v0.10.2\n   Compiling quote v1.0.38\n    Checking cfg-if v1.0.0\n   Compiling rustversion v1.0.19\n   Compiling autocfg v1.4.0\n   Compiling toml_edit v0.19.15\n    Checking bitflags v2.8.0\n   Compiling lock_api v0.4.12\n    Checking volatile v0.4.6\n    Checking bitflags v1.3.2\n    Checking raw-cpuid v10.7.0\n    Checking x86_64 v0.14.13\n    Checking kernel_guard_base v0.1.0 (ssh://git@github.com/shilei-massclouds/kernel_guard_base.git#4e672f3e)\n   Compiling syn v1.0.109\n   Compiling x86 v0.52.0\n   Compiling paste v1.0.15\n    Checking log v0.4.25\n    Checking scopeguard v1.2.0\n    Checking spinbase v0.1.0 (ssh://git@github.com/shilei-massclouds/spinbase.git#a3496db8)\n   Compiling syn v2.0.98\n   Compiling axerrno v0.1.0 (ssh://git@github.com/shilei-massclouds/axerrno#892169aa)\n   Compiling libc v0.2.169\n   Compiling percpu2 v0.1.0 (ssh://git@github.com/shilei-massclouds/percpu2#2fa7f00e)\n    Checking spin v0.9.8\n   Compiling axconfig v0.1.0 (ssh://git@github.com/shilei-massclouds/axconfig#51b81e4a)\n   Compiling base64 v0.13.1\n   Compiling early_console v0.1.0 (ssh://git@github.com/shilei-massclouds/early_console#8bc0d219)\n   Compiling axhal v0.1.0 (ssh://git@github.com/shilei-massclouds/axhal.git#db90ff50)\nerror: could not compile `early_console` (lib) due to 5 previous errors\nwarning: build failed, waiting for other jobs to finish...\n"
    },
    {
      "cmd_idx": 32,
      "file": "(virtual) lockbud",
      "kind": "Cargo",
      "raw": "// pkg_name=preempt_guard, checker=Lockbud\n// toolchain=nightly-2025-01-26-x86_64-unknown-linux-gnu, target=x86_64-unknown-linux-gnu\n// features=\n// pkg_dir=/home/runner/check/batch_66/shilei-massclouds/preempt_guard/preempt_guard\n// cmd=cargo +nightly-2024-12-01 lockbud -k all -- --target x86_64-unknown-linux-gnu \n// timestamp=2025-02-16 20:26:24.634883946 +08:00:00\n   Compiling equivalent v1.0.2\n   Compiling hashbrown v0.15.2\n   Compiling serde v1.0.217\n   Compiling toml_datetime v0.6.8\n   Compiling winnow v0.5.40\n   Compiling proc-macro2 v1.0.93\n   Compiling unicode-ident v1.0.16\n   Compiling indexmap v2.7.1\n   Compiling bit_field v0.10.2\n   Compiling quote v1.0.38\n   Compiling cfg-if v1.0.0\n   Compiling rustversion v1.0.19\n   Compiling bitflags v2.8.0\n   Compiling autocfg v1.4.0\n   Compiling toml_edit v0.19.15\n   Compiling lock_api v0.4.12\n   Compiling bitflags v1.3.2\n   Compiling volatile v0.4.6\n   Compiling raw-cpuid v10.7.0\n   Compiling x86_64 v0.14.13\n   Compiling kernel_guard_base v0.1.0 (ssh://git@github.com/shilei-massclouds/kernel_guard_base.git#4e672f3e)\n   Compiling paste v1.0.15\n   Compiling scopeguard v1.2.0\n   Compiling log v0.4.25\n[2025-02-16T12:26:29Z WARN  lockbud::callbacks] [\n      {\n        \"AtomicityViolation\": {\n          \"bug_kind\": \"AtomicityViolation\",\n          \"possibility\": \"Possibly\",\n          \"diagnosis\": {\n            \"fn_name\": \"set_logger_racy\",\n            \"atomic_reader\": \"/home/runner/.cargo/registry/src/index.crates.io-6f17d22bba15001f/log-0.4.25/src/lib.rs:1453:11: 1453:40 (#0)\",\n            \"atomic_writer\": \"/home/runner/.cargo/registry/src/index.crates.io-6f17d22bba15001f/log-0.4.25/src/lib.rs:1456:13: 1456:56 (#0)\",\n            \"dep_kind\": \"Control\"\n          },\n          \"explanation\": \"atomic::store is data/control dependent on atomic::load\"\n        }\n      }\n    ]\n[2025-02-16T12:26:29Z WARN  lockbud::callbacks] crate log contains bugs: { probably: 0, possibly: 0 }, conflictlock: { probably: 0, possibly: 0 }, condvar_deadlock: { probably: 0, possibly: 0 }, atomicity_violation: { possibly: 1 }, invalid_free: { possibly: 0 }, use_after_free: { possibly: 0 }\n   Compiling x86 v0.52.0\n   Compiling syn v1.0.109\n   Compiling spinbase v0.1.0 (ssh://git@github.com/shilei-massclouds/spinbase.git#a3496db8)\n   Compiling syn v2.0.98\n   Compiling libc v0.2.169\n   Compiling percpu2 v0.1.0 (ssh://git@github.com/shilei-massclouds/percpu2#2fa7f00e)\n   Compiling axerrno v0.1.0 (ssh://git@github.com/shilei-massclouds/axerrno#892169aa)\n   Compiling spin v0.9.8\n   Compiling axconfig v0.1.0 (ssh://git@github.com/shilei-massclouds/axconfig#51b81e4a)\n   Compiling early_console v0.1.0 (ssh://git@github.com/shilei-massclouds/early_console#8bc0d219)\n   Compiling axhal v0.1.0 (ssh://git@github.com/shilei-massclouds/axhal.git#db90ff50)\nerror[E0432]: unresolved imports `platform::getchar`, `platform::putchar`\n  --> /home/runner/.cargo/git/checkouts/early_console-7e3c35ca140a48a7/8bc0d21/early_console/src/lib.rs:12:20\n   |\n12 | pub use platform::{getchar, putchar};\n   |                    ^^^^^^^  ^^^^^^^ no `putchar` in `platform`\n   |                    |\n   |                    no `getchar` in `platform`\n\nerror[E0433]: failed to resolve: unresolved import\n  --> /home/runner/.cargo/git/checkouts/early_console-7e3c35ca140a48a7/8bc0d21/early_console/src/platform/dummy/mod.rs:31:69\n   |\n31 |     pub(crate) fn platform_regions() -> impl Iterator<Item = crate::mem::MemRegion> {\n   |                                                                     ^^^\n   |                                                                     |\n   |                                                                     unresolved import\n   |                                                                     help: a similar path exists: `core::mem`\n\nerror[E0425]: cannot find function `console_init` in module `platform`\n  --> /home/runner/.cargo/git/checkouts/early_console-7e3c35ca140a48a7/8bc0d21/early_console/src/lib.rs:17:15\n   |\n17 |     platform::console_init();\n   |               ^^^^^^^^^^^^ not found in `platform`\n\nerror[E0425]: cannot find function `putchar` in module `platform`\n  --> /home/runner/.cargo/git/checkouts/early_console-7e3c35ca140a48a7/8bc0d21/early_console/src/lib.rs:23:19\n   |\n23 |         platform::putchar(*c);\n   |                   ^^^^^^^ not found in `platform`\n   |\nhelp: consider importing this function\n   |\n12 + use crate::platform::console::putchar;\n   |\nhelp: if you import `putchar`, refer to it directly\n   |\n23 -         platform::putchar(*c);\n23 +         putchar(*c);\n   |\n\nerror[E0425]: cannot find function `getchar` in module `platform`\n  --> /home/runner/.cargo/git/checkouts/early_console-7e3c35ca140a48a7/8bc0d21/early_console/src/lib.rs:31:36\n   |\n31 |         if let Some(c) = platform::getchar() {\n   |                                    ^^^^^^^ not found in `platform`\n   |\nhelp: consider importing this function\n   |\n12 + use crate::platform::console::getchar;\n   |\nhelp: if you import `getchar`, refer to it directly\n   |\n31 -         if let Some(c) = platform::getchar() {\n31 +         if let Some(c) = getchar() {\n   |\n\nSome errors have detailed explanations: E0425, E0432, E0433.\nFor more information about an error, try `rustc --explain E0425`.\nerror: could not compile `early_console` (lib) due to 5 previous errors\nwarning: build failed, waiting for other jobs to finish...\n"
    },
    {
      "cmd_idx": 33,
      "file": "(virtual) rapx",
      "kind": "Cargo",
      "raw": "// pkg_name=preempt_guard, checker=Rapx\n// toolchain=nightly-2025-01-26-x86_64-unknown-linux-gnu, target=x86_64-unknown-linux-gnu\n// features=\n// pkg_dir=/home/runner/check/batch_66/shilei-massclouds/preempt_guard/preempt_guard\n// cmd=cargo +nightly-2024-10-12 rapx -F -M -- --target x86_64-unknown-linux-gnu \n// timestamp=2025-02-16 20:26:33.899251479 +08:00:00\n   Compiling hashbrown v0.15.2\n   Compiling serde v1.0.217\n   Compiling equivalent v1.0.2\n   Compiling toml_datetime v0.6.8\n   Compiling winnow v0.5.40\n   Compiling proc-macro2 v1.0.93\n   Compiling indexmap v2.7.1\n   Compiling unicode-ident v1.0.16\n    Checking bit_field v0.10.2\n   Compiling quote v1.0.38\n    Checking cfg-if v1.0.0\n   Compiling rustversion v1.0.19\n   Compiling autocfg v1.4.0\n   Compiling toml_edit v0.19.15\n    Checking bitflags v2.8.0\n   Compiling lock_api v0.4.12\n    Checking volatile v0.4.6\n    Checking bitflags v1.3.2\n    Checking raw-cpuid v10.7.0\n    Checking x86_64 v0.14.13\n    Checking kernel_guard_base v0.1.0 (ssh://git@github.com/shilei-massclouds/kernel_guard_base.git#4e672f3e)\nerror[E0053]: method `steps_between` has an incompatible type for trait\n   --> /home/runner/.cargo/registry/src/index.crates.io-6f17d22bba15001f/x86_64-0.14.13/src/addr.rs:387:51\n    |\n387 |     fn steps_between(start: &Self, end: &Self) -> (usize, Option<usize>) {\n    |                                                   ^^^^^^^^^^^^^^^^^^^^^^ expected `Option<usize>`, found `(usize, Option<usize>)`\n    |\n    = note: expected signature `fn(&addr::VirtAddr, &addr::VirtAddr) -> Option<usize>`\n               found signature `fn(&addr::VirtAddr, &addr::VirtAddr) -> (usize, Option<usize>)`\nhelp: change the output type to match the trait\n    |\n387 |     fn steps_between(start: &Self, end: &Self) -> Option<usize> {\n    |                                                   ~~~~~~~~~~~~~\n\n   Compiling syn v1.0.109\nerror[E0053]: method `steps_between` has an incompatible type for trait\n   --> /home/runner/.cargo/registry/src/index.crates.io-6f17d22bba15001f/x86_64-0.14.13/src/structures/paging/page.rs:284:51\n    |\n284 |     fn steps_between(start: &Self, end: &Self) -> (usize, Option<usize>) {\n    |                                                   ^^^^^^^^^^^^^^^^^^^^^^ expected `Option<usize>`, found `(usize, Option<usize>)`\n    |\n    = note: expected signature `fn(&Page<_>, &Page<_>) -> Option<usize>`\n               found signature `fn(&Page<_>, &Page<_>) -> (usize, Option<usize>)`\nhelp: change the output type to match the trait\n    |\n284 |     fn steps_between(start: &Self, end: &Self) -> Option<usize> {\n    |                                                   ~~~~~~~~~~~~~\n\n   Compiling paste v1.0.15\n   Compiling x86 v0.52.0\n    Checking scopeguard v1.2.0\n    Checking log v0.4.25\nFor more information about this error, try `rustc --explain E0053`.\nerror: could not compile `x86_64` (lib) due to 2 previous errors\nwarning: build failed, waiting for other jobs to finish...\n12:26:39|RAP|ERROR|: Finished with non-zero exit code.\n"
    }
  ]
}