{
  "env": {
    "tools": {
      "rust_toolchains": {
        "host": {
          "version": "1.85.0-nightly (7c002ff9a 2024-12-25)",
          "commit_hash": "7c002ff9a70cb84fd1a91bc7b4a0f988cfc36fca",
          "commit_date": "2024-12-25",
          "host": "x86_64-unknown-linux-gnu",
          "release": "1.85.0-nightly",
          "llvm_version": "19.1.6"
        },
        "installed": [
          {
            "channel": "nightly-2024-12-26-x86_64-unknown-linux-gnu",
            "profile": null,
            "targets": [
              "x86_64-unknown-linux-gnu"
            ],
            "components": [
              "cargo-x86_64-unknown-linux-gnu",
              "clippy-x86_64-unknown-linux-gnu",
              "rust-std-x86_64-unknown-linux-gnu",
              "rustc-x86_64-unknown-linux-gnu",
              "rustfmt-x86_64-unknown-linux-gnu"
            ],
            "toml_path": "/home/runner/check",
            "need_install_clippy": false,
            "peculiar_targets": null
          }
        ]
      },
      "os_checker": {
        "start": 1735451964378,
        "finish": 1735451969714,
        "duration_ms": 5335,
        "git_time": "2024-12-29 13:54:35 +0800",
        "git_sha": "2a070310a7b0023fe49717a5589715a903a7c365"
      }
    },
    "kinds": {
      "order": [
        "Cargo",
        "Clippy(Error)",
        "Clippy(Warn)",
        "Semver Violation",
        "Audit",
        "Mirai",
        "Rap",
        "Rudra",
        "Lockbud(Probably)",
        "Lockbud(Possibly)",
        "Outdated",
        "Geiger",
        "Unformatted"
      ],
      "mapping": {
        "cargo": [
          "Cargo"
        ],
        "clippy": [
          "Clippy(Error)",
          "Clippy(Warn)"
        ],
        "semver-checks": [
          "Semver Violation"
        ],
        "audit": [
          "Audit"
        ],
        "mirai": [
          "Mirai"
        ],
        "rap": [
          "Rap"
        ],
        "rudra": [
          "Rudra"
        ],
        "lockbud": [
          "Lockbud(Probably)",
          "Lockbud(Possibly)"
        ],
        "outdated": [
          "Outdated"
        ],
        "geiger": [
          "Geiger"
        ],
        "fmt": [
          "Unformatted"
        ]
      }
    },
    "repos": [
      {
        "user": "shilei-massclouds",
        "repo": "signal"
      },
      {
        "user": "shilei-massclouds",
        "repo": "spinbase"
      },
      {
        "user": "shilei-massclouds",
        "repo": "spinpreempt"
      },
      {
        "user": "shilei-massclouds",
        "repo": "sys"
      },
      {
        "user": "shilei-massclouds",
        "repo": "task"
      },
      {
        "user": "shilei-massclouds",
        "repo": "taskctx"
      },
      {
        "user": "shilei-massclouds",
        "repo": "wait_queue"
      },
      {
        "user": "sysones",
        "repo": "rcore-tutorial-v3-with-hal-component"
      }
    ],
    "packages": [
      {
        "name": "signal",
        "repo": {
          "repo_idx": 0,
          "user": "shilei-massclouds",
          "repo": "signal"
        }
      },
      {
        "name": "spinbase",
        "repo": {
          "repo_idx": 1,
          "user": "shilei-massclouds",
          "repo": "spinbase"
        }
      },
      {
        "name": "spinpreempt",
        "repo": {
          "repo_idx": 2,
          "user": "shilei-massclouds",
          "repo": "spinpreempt"
        }
      },
      {
        "name": "sys",
        "repo": {
          "repo_idx": 3,
          "user": "shilei-massclouds",
          "repo": "sys"
        }
      },
      {
        "name": "rt_task",
        "repo": {
          "repo_idx": 4,
          "user": "shilei-massclouds",
          "repo": "task"
        }
      },
      {
        "name": "task",
        "repo": {
          "repo_idx": 4,
          "user": "shilei-massclouds",
          "repo": "task"
        }
      },
      {
        "name": "taskctx",
        "repo": {
          "repo_idx": 5,
          "user": "shilei-massclouds",
          "repo": "taskctx"
        }
      },
      {
        "name": "wait_queue",
        "repo": {
          "repo_idx": 6,
          "user": "shilei-massclouds",
          "repo": "wait_queue"
        }
      },
      {
        "name": "",
        "repo": {
          "repo_idx": 7,
          "user": "sysones",
          "repo": "rcore-tutorial-v3-with-hal-component"
        }
      }
    ]
  },
  "cmd": [
    {
      "package_idx": 0,
      "tool": "fmt",
      "cmd": "cargo +nightly-2024-12-26-x86_64-unknown-linux-gnu fmt -- --emit=json",
      "count": 0,
      "duration_ms": 97,
      "arch": "x86_64",
      "target_triple": "x86_64-unknown-linux-gnu",
      "rust_toolchain": "nightly-2024-12-25",
      "features": [],
      "flags": []
    },
    {
      "package_idx": 0,
      "tool": "clippy",
      "cmd": "cargo clippy --target x86_64-unknown-linux-gnu --no-deps --message-format=json",
      "count": 6,
      "duration_ms": 7464,
      "arch": "x86_64",
      "target_triple": "x86_64-unknown-linux-gnu",
      "rust_toolchain": "nightly-2024-12-25",
      "features": [],
      "flags": []
    },
    {
      "package_idx": 0,
      "tool": "semver-checks",
      "cmd": "cargo +nightly-2024-12-26-x86_64-unknown-linux-gnu semver-checks --target x86_64-unknown-linux-gnu",
      "count": 1,
      "duration_ms": 18840,
      "arch": "x86_64",
      "target_triple": "x86_64-unknown-linux-gnu",
      "rust_toolchain": "nightly-2024-12-25",
      "features": [],
      "flags": []
    },
    {
      "package_idx": 0,
      "tool": "mirai",
      "cmd": "cargo +nightly-2024-02-05 mirai --target x86_64-unknown-linux-gnu --message-format=json",
      "count": 0,
      "duration_ms": 48,
      "arch": "x86_64",
      "target_triple": "x86_64-unknown-linux-gnu",
      "rust_toolchain": "nightly-2024-12-25",
      "features": [],
      "flags": []
    },
    {
      "package_idx": 0,
      "tool": "lockbud",
      "cmd": "cargo +nightly-2024-10-05 lockbud -k all -- --target x86_64-unknown-linux-gnu",
      "count": 1,
      "duration_ms": 6857,
      "arch": "x86_64",
      "target_triple": "x86_64-unknown-linux-gnu",
      "rust_toolchain": "nightly-2024-12-25",
      "features": [],
      "flags": []
    },
    {
      "package_idx": 0,
      "tool": "rap",
      "cmd": "cargo +nightly-2024-10-12 rap -F -M -- --target x86_64-unknown-linux-gnu",
      "count": 0,
      "duration_ms": 6674,
      "arch": "x86_64",
      "target_triple": "x86_64-unknown-linux-gnu",
      "rust_toolchain": "nightly-2024-12-25",
      "features": [],
      "flags": []
    },
    {
      "package_idx": 0,
      "tool": "rudra",
      "cmd": "cargo +nightly-2021-10-21 rudra",
      "count": 0,
      "duration_ms": 258,
      "arch": "x86_64",
      "target_triple": "x86_64-unknown-linux-gnu",
      "rust_toolchain": "nightly-2024-12-25",
      "features": [],
      "flags": []
    },
    {
      "package_idx": 0,
      "tool": "outdated",
      "cmd": "cargo +nightly-2024-12-26-x86_64-unknown-linux-gnu outdated -R --exit-code=2",
      "count": 0,
      "duration_ms": 24561,
      "arch": "x86_64",
      "target_triple": "x86_64-unknown-linux-gnu",
      "rust_toolchain": "nightly-2024-12-25",
      "features": [],
      "flags": []
    },
    {
      "package_idx": 0,
      "tool": "geiger",
      "cmd": "cargo +nightly-2024-12-26-x86_64-unknown-linux-gnu geiger --output-format Ascii",
      "count": 0,
      "duration_ms": 164,
      "arch": "x86_64",
      "target_triple": "x86_64-unknown-linux-gnu",
      "rust_toolchain": "nightly-2024-12-25",
      "features": [],
      "flags": []
    },
    {
      "package_idx": 0,
      "tool": "cargo",
      "cmd": "VRITUAL=clippy cargo",
      "count": 1,
      "duration_ms": 7464,
      "arch": "x86_64",
      "target_triple": "x86_64-unknown-linux-gnu",
      "rust_toolchain": "nightly-2024-12-25",
      "features": [],
      "flags": []
    },
    {
      "package_idx": 0,
      "tool": "cargo",
      "cmd": "VRITUAL=semver-checks cargo",
      "count": 1,
      "duration_ms": 18840,
      "arch": "x86_64",
      "target_triple": "x86_64-unknown-linux-gnu",
      "rust_toolchain": "nightly-2024-12-25",
      "features": [],
      "flags": []
    },
    {
      "package_idx": 0,
      "tool": "cargo",
      "cmd": "VRITUAL=lockbud cargo",
      "count": 1,
      "duration_ms": 6857,
      "arch": "x86_64",
      "target_triple": "x86_64-unknown-linux-gnu",
      "rust_toolchain": "nightly-2024-12-25",
      "features": [],
      "flags": []
    },
    {
      "package_idx": 0,
      "tool": "cargo",
      "cmd": "VRITUAL=rap cargo",
      "count": 1,
      "duration_ms": 6674,
      "arch": "x86_64",
      "target_triple": "x86_64-unknown-linux-gnu",
      "rust_toolchain": "nightly-2024-12-25",
      "features": [],
      "flags": []
    },
    {
      "package_idx": 1,
      "tool": "fmt",
      "cmd": "cargo +nightly-2024-12-26-x86_64-unknown-linux-gnu fmt -- --emit=json",
      "count": 1,
      "duration_ms": 104,
      "arch": "x86_64",
      "target_triple": "x86_64-unknown-linux-gnu",
      "rust_toolchain": "nightly-2024-12-25",
      "features": [],
      "flags": []
    },
    {
      "package_idx": 1,
      "tool": "clippy",
      "cmd": "cargo clippy --target x86_64-unknown-linux-gnu --no-deps --message-format=json",
      "count": 9,
      "duration_ms": 214,
      "arch": "x86_64",
      "target_triple": "x86_64-unknown-linux-gnu",
      "rust_toolchain": "nightly-2024-12-25",
      "features": [],
      "flags": []
    },
    {
      "package_idx": 1,
      "tool": "semver-checks",
      "cmd": "cargo +nightly-2024-12-26-x86_64-unknown-linux-gnu semver-checks --target x86_64-unknown-linux-gnu",
      "count": 1,
      "duration_ms": 1040,
      "arch": "x86_64",
      "target_triple": "x86_64-unknown-linux-gnu",
      "rust_toolchain": "nightly-2024-12-25",
      "features": [],
      "flags": []
    },
    {
      "package_idx": 1,
      "tool": "mirai",
      "cmd": "cargo +nightly-2024-02-05 mirai --target x86_64-unknown-linux-gnu --message-format=json",
      "count": 0,
      "duration_ms": 48,
      "arch": "x86_64",
      "target_triple": "x86_64-unknown-linux-gnu",
      "rust_toolchain": "nightly-2024-12-25",
      "features": [],
      "flags": []
    },
    {
      "package_idx": 1,
      "tool": "lockbud",
      "cmd": "cargo +nightly-2024-10-05 lockbud -k all -- --target x86_64-unknown-linux-gnu",
      "count": 0,
      "duration_ms": 159,
      "arch": "x86_64",
      "target_triple": "x86_64-unknown-linux-gnu",
      "rust_toolchain": "nightly-2024-12-25",
      "features": [],
      "flags": []
    },
    {
      "package_idx": 1,
      "tool": "rap",
      "cmd": "cargo +nightly-2024-10-12 rap -F -M -- --target x86_64-unknown-linux-gnu",
      "count": 0,
      "duration_ms": 628,
      "arch": "x86_64",
      "target_triple": "x86_64-unknown-linux-gnu",
      "rust_toolchain": "nightly-2024-12-25",
      "features": [],
      "flags": []
    },
    {
      "package_idx": 1,
      "tool": "rudra",
      "cmd": "cargo +nightly-2021-10-21 rudra",
      "count": 0,
      "duration_ms": 262,
      "arch": "x86_64",
      "target_triple": "x86_64-unknown-linux-gnu",
      "rust_toolchain": "nightly-2024-12-25",
      "features": [],
      "flags": []
    },
    {
      "package_idx": 1,
      "tool": "outdated",
      "cmd": "cargo +nightly-2024-12-26-x86_64-unknown-linux-gnu outdated -R --exit-code=2",
      "count": 0,
      "duration_ms": 1081,
      "arch": "x86_64",
      "target_triple": "x86_64-unknown-linux-gnu",
      "rust_toolchain": "nightly-2024-12-25",
      "features": [],
      "flags": []
    },
    {
      "package_idx": 1,
      "tool": "geiger",
      "cmd": "cargo +nightly-2024-12-26-x86_64-unknown-linux-gnu geiger --output-format Ascii",
      "count": 0,
      "duration_ms": 76,
      "arch": "x86_64",
      "target_triple": "x86_64-unknown-linux-gnu",
      "rust_toolchain": "nightly-2024-12-25",
      "features": [],
      "flags": []
    },
    {
      "package_idx": 1,
      "tool": "cargo",
      "cmd": "VRITUAL=semver-checks cargo",
      "count": 1,
      "duration_ms": 1040,
      "arch": "x86_64",
      "target_triple": "x86_64-unknown-linux-gnu",
      "rust_toolchain": "nightly-2024-12-25",
      "features": [],
      "flags": []
    },
    {
      "package_idx": 2,
      "tool": "fmt",
      "cmd": "cargo +nightly-2024-12-26-x86_64-unknown-linux-gnu fmt -- --emit=json",
      "count": 0,
      "duration_ms": 109,
      "arch": "x86_64",
      "target_triple": "x86_64-unknown-linux-gnu",
      "rust_toolchain": "nightly-2024-12-25",
      "features": [],
      "flags": []
    },
    {
      "package_idx": 2,
      "tool": "clippy",
      "cmd": "cargo clippy --target x86_64-unknown-linux-gnu --no-deps --message-format=json",
      "count": 6,
      "duration_ms": 7378,
      "arch": "x86_64",
      "target_triple": "x86_64-unknown-linux-gnu",
      "rust_toolchain": "nightly-2024-12-25",
      "features": [],
      "flags": []
    },
    {
      "package_idx": 2,
      "tool": "semver-checks",
      "cmd": "cargo +nightly-2024-12-26-x86_64-unknown-linux-gnu semver-checks --target x86_64-unknown-linux-gnu",
      "count": 1,
      "duration_ms": 12630,
      "arch": "x86_64",
      "target_triple": "x86_64-unknown-linux-gnu",
      "rust_toolchain": "nightly-2024-12-25",
      "features": [],
      "flags": []
    },
    {
      "package_idx": 2,
      "tool": "mirai",
      "cmd": "cargo +nightly-2024-02-05 mirai --target x86_64-unknown-linux-gnu --message-format=json",
      "count": 0,
      "duration_ms": 50,
      "arch": "x86_64",
      "target_triple": "x86_64-unknown-linux-gnu",
      "rust_toolchain": "nightly-2024-12-25",
      "features": [],
      "flags": []
    },
    {
      "package_idx": 2,
      "tool": "lockbud",
      "cmd": "cargo +nightly-2024-10-05 lockbud -k all -- --target x86_64-unknown-linux-gnu",
      "count": 1,
      "duration_ms": 5274,
      "arch": "x86_64",
      "target_triple": "x86_64-unknown-linux-gnu",
      "rust_toolchain": "nightly-2024-12-25",
      "features": [],
      "flags": []
    },
    {
      "package_idx": 2,
      "tool": "rap",
      "cmd": "cargo +nightly-2024-10-12 rap -F -M -- --target x86_64-unknown-linux-gnu",
      "count": 0,
      "duration_ms": 5271,
      "arch": "x86_64",
      "target_triple": "x86_64-unknown-linux-gnu",
      "rust_toolchain": "nightly-2024-12-25",
      "features": [],
      "flags": []
    },
    {
      "package_idx": 2,
      "tool": "rudra",
      "cmd": "cargo +nightly-2021-10-21 rudra",
      "count": 0,
      "duration_ms": 264,
      "arch": "x86_64",
      "target_triple": "x86_64-unknown-linux-gnu",
      "rust_toolchain": "nightly-2024-12-25",
      "features": [],
      "flags": []
    },
    {
      "package_idx": 2,
      "tool": "outdated",
      "cmd": "cargo +nightly-2024-12-26-x86_64-unknown-linux-gnu outdated -R --exit-code=2",
      "count": 0,
      "duration_ms": 11109,
      "arch": "x86_64",
      "target_triple": "x86_64-unknown-linux-gnu",
      "rust_toolchain": "nightly-2024-12-25",
      "features": [],
      "flags": []
    },
    {
      "package_idx": 2,
      "tool": "geiger",
      "cmd": "cargo +nightly-2024-12-26-x86_64-unknown-linux-gnu geiger --output-format Ascii",
      "count": 0,
      "duration_ms": 126,
      "arch": "x86_64",
      "target_triple": "x86_64-unknown-linux-gnu",
      "rust_toolchain": "nightly-2024-12-25",
      "features": [],
      "flags": []
    },
    {
      "package_idx": 2,
      "tool": "cargo",
      "cmd": "VRITUAL=clippy cargo",
      "count": 1,
      "duration_ms": 7378,
      "arch": "x86_64",
      "target_triple": "x86_64-unknown-linux-gnu",
      "rust_toolchain": "nightly-2024-12-25",
      "features": [],
      "flags": []
    },
    {
      "package_idx": 2,
      "tool": "cargo",
      "cmd": "VRITUAL=semver-checks cargo",
      "count": 1,
      "duration_ms": 12630,
      "arch": "x86_64",
      "target_triple": "x86_64-unknown-linux-gnu",
      "rust_toolchain": "nightly-2024-12-25",
      "features": [],
      "flags": []
    },
    {
      "package_idx": 2,
      "tool": "cargo",
      "cmd": "VRITUAL=lockbud cargo",
      "count": 1,
      "duration_ms": 5274,
      "arch": "x86_64",
      "target_triple": "x86_64-unknown-linux-gnu",
      "rust_toolchain": "nightly-2024-12-25",
      "features": [],
      "flags": []
    },
    {
      "package_idx": 2,
      "tool": "cargo",
      "cmd": "VRITUAL=rap cargo",
      "count": 1,
      "duration_ms": 5271,
      "arch": "x86_64",
      "target_triple": "x86_64-unknown-linux-gnu",
      "rust_toolchain": "nightly-2024-12-25",
      "features": [],
      "flags": []
    },
    {
      "package_idx": 3,
      "tool": "fmt",
      "cmd": "cargo +nightly-2024-12-26-x86_64-unknown-linux-gnu fmt -- --emit=json",
      "count": 28,
      "duration_ms": 103,
      "arch": "x86_64",
      "target_triple": "x86_64-unknown-linux-gnu",
      "rust_toolchain": "nightly-2024-12-25",
      "features": [],
      "flags": []
    },
    {
      "package_idx": 3,
      "tool": "clippy",
      "cmd": "cargo clippy --target x86_64-unknown-linux-gnu --no-deps --message-format=json",
      "count": 6,
      "duration_ms": 7233,
      "arch": "x86_64",
      "target_triple": "x86_64-unknown-linux-gnu",
      "rust_toolchain": "nightly-2024-12-25",
      "features": [],
      "flags": []
    },
    {
      "package_idx": 3,
      "tool": "semver-checks",
      "cmd": "cargo +nightly-2024-12-26-x86_64-unknown-linux-gnu semver-checks --target x86_64-unknown-linux-gnu",
      "count": 1,
      "duration_ms": 18823,
      "arch": "x86_64",
      "target_triple": "x86_64-unknown-linux-gnu",
      "rust_toolchain": "nightly-2024-12-25",
      "features": [],
      "flags": []
    },
    {
      "package_idx": 3,
      "tool": "mirai",
      "cmd": "cargo +nightly-2024-02-05 mirai --target x86_64-unknown-linux-gnu --message-format=json",
      "count": 0,
      "duration_ms": 51,
      "arch": "x86_64",
      "target_triple": "x86_64-unknown-linux-gnu",
      "rust_toolchain": "nightly-2024-12-25",
      "features": [],
      "flags": []
    },
    {
      "package_idx": 3,
      "tool": "lockbud",
      "cmd": "cargo +nightly-2024-10-05 lockbud -k all -- --target x86_64-unknown-linux-gnu",
      "count": 1,
      "duration_ms": 6971,
      "arch": "x86_64",
      "target_triple": "x86_64-unknown-linux-gnu",
      "rust_toolchain": "nightly-2024-12-25",
      "features": [],
      "flags": []
    },
    {
      "package_idx": 3,
      "tool": "rap",
      "cmd": "cargo +nightly-2024-10-12 rap -F -M -- --target x86_64-unknown-linux-gnu",
      "count": 0,
      "duration_ms": 6700,
      "arch": "x86_64",
      "target_triple": "x86_64-unknown-linux-gnu",
      "rust_toolchain": "nightly-2024-12-25",
      "features": [],
      "flags": []
    },
    {
      "package_idx": 3,
      "tool": "rudra",
      "cmd": "cargo +nightly-2021-10-21 rudra",
      "count": 0,
      "duration_ms": 260,
      "arch": "x86_64",
      "target_triple": "x86_64-unknown-linux-gnu",
      "rust_toolchain": "nightly-2024-12-25",
      "features": [],
      "flags": []
    },
    {
      "package_idx": 3,
      "tool": "outdated",
      "cmd": "cargo +nightly-2024-12-26-x86_64-unknown-linux-gnu outdated -R --exit-code=2",
      "count": 0,
      "duration_ms": 25214,
      "arch": "x86_64",
      "target_triple": "x86_64-unknown-linux-gnu",
      "rust_toolchain": "nightly-2024-12-25",
      "features": [],
      "flags": []
    },
    {
      "package_idx": 3,
      "tool": "geiger",
      "cmd": "cargo +nightly-2024-12-26-x86_64-unknown-linux-gnu geiger --output-format Ascii",
      "count": 0,
      "duration_ms": 160,
      "arch": "x86_64",
      "target_triple": "x86_64-unknown-linux-gnu",
      "rust_toolchain": "nightly-2024-12-25",
      "features": [],
      "flags": []
    },
    {
      "package_idx": 3,
      "tool": "cargo",
      "cmd": "VRITUAL=clippy cargo",
      "count": 1,
      "duration_ms": 7233,
      "arch": "x86_64",
      "target_triple": "x86_64-unknown-linux-gnu",
      "rust_toolchain": "nightly-2024-12-25",
      "features": [],
      "flags": []
    },
    {
      "package_idx": 3,
      "tool": "cargo",
      "cmd": "VRITUAL=semver-checks cargo",
      "count": 1,
      "duration_ms": 18823,
      "arch": "x86_64",
      "target_triple": "x86_64-unknown-linux-gnu",
      "rust_toolchain": "nightly-2024-12-25",
      "features": [],
      "flags": []
    },
    {
      "package_idx": 3,
      "tool": "cargo",
      "cmd": "VRITUAL=lockbud cargo",
      "count": 1,
      "duration_ms": 6971,
      "arch": "x86_64",
      "target_triple": "x86_64-unknown-linux-gnu",
      "rust_toolchain": "nightly-2024-12-25",
      "features": [],
      "flags": []
    },
    {
      "package_idx": 3,
      "tool": "cargo",
      "cmd": "VRITUAL=rap cargo",
      "count": 1,
      "duration_ms": 6700,
      "arch": "x86_64",
      "target_triple": "x86_64-unknown-linux-gnu",
      "rust_toolchain": "nightly-2024-12-25",
      "features": [],
      "flags": []
    },
    {
      "package_idx": 4,
      "tool": "fmt",
      "cmd": "cargo +nightly-2024-12-26-x86_64-unknown-linux-gnu fmt -- --emit=json",
      "count": 4,
      "duration_ms": 100,
      "arch": "x86_64",
      "target_triple": "x86_64-unknown-linux-gnu",
      "rust_toolchain": "nightly-2024-12-25",
      "features": [],
      "flags": []
    },
    {
      "package_idx": 4,
      "tool": "clippy",
      "cmd": "cargo clippy --target x86_64-unknown-linux-gnu --no-deps --message-format=json",
      "count": 6,
      "duration_ms": 7790,
      "arch": "x86_64",
      "target_triple": "x86_64-unknown-linux-gnu",
      "rust_toolchain": "nightly-2024-12-25",
      "features": [],
      "flags": []
    },
    {
      "package_idx": 4,
      "tool": "semver-checks",
      "cmd": "cargo +nightly-2024-12-26-x86_64-unknown-linux-gnu semver-checks --target x86_64-unknown-linux-gnu",
      "count": 1,
      "duration_ms": 19509,
      "arch": "x86_64",
      "target_triple": "x86_64-unknown-linux-gnu",
      "rust_toolchain": "nightly-2024-12-25",
      "features": [],
      "flags": []
    },
    {
      "package_idx": 4,
      "tool": "mirai",
      "cmd": "cargo +nightly-2024-02-05 mirai --target x86_64-unknown-linux-gnu --message-format=json",
      "count": 0,
      "duration_ms": 48,
      "arch": "x86_64",
      "target_triple": "x86_64-unknown-linux-gnu",
      "rust_toolchain": "nightly-2024-12-25",
      "features": [],
      "flags": []
    },
    {
      "package_idx": 4,
      "tool": "lockbud",
      "cmd": "cargo +nightly-2024-10-05 lockbud -k all -- --target x86_64-unknown-linux-gnu",
      "count": 1,
      "duration_ms": 6751,
      "arch": "x86_64",
      "target_triple": "x86_64-unknown-linux-gnu",
      "rust_toolchain": "nightly-2024-12-25",
      "features": [],
      "flags": []
    },
    {
      "package_idx": 4,
      "tool": "rap",
      "cmd": "cargo +nightly-2024-10-12 rap -F -M -- --target x86_64-unknown-linux-gnu",
      "count": 0,
      "duration_ms": 6321,
      "arch": "x86_64",
      "target_triple": "x86_64-unknown-linux-gnu",
      "rust_toolchain": "nightly-2024-12-25",
      "features": [],
      "flags": []
    },
    {
      "package_idx": 4,
      "tool": "rudra",
      "cmd": "cargo +nightly-2021-10-21 rudra",
      "count": 0,
      "duration_ms": 255,
      "arch": "x86_64",
      "target_triple": "x86_64-unknown-linux-gnu",
      "rust_toolchain": "nightly-2024-12-25",
      "features": [],
      "flags": []
    },
    {
      "package_idx": 4,
      "tool": "outdated",
      "cmd": "cargo +nightly-2024-12-26-x86_64-unknown-linux-gnu outdated -R --exit-code=2",
      "count": 0,
      "duration_ms": 25737,
      "arch": "x86_64",
      "target_triple": "x86_64-unknown-linux-gnu",
      "rust_toolchain": "nightly-2024-12-25",
      "features": [],
      "flags": []
    },
    {
      "package_idx": 4,
      "tool": "geiger",
      "cmd": "cargo +nightly-2024-12-26-x86_64-unknown-linux-gnu geiger --output-format Ascii",
      "count": 0,
      "duration_ms": 158,
      "arch": "x86_64",
      "target_triple": "x86_64-unknown-linux-gnu",
      "rust_toolchain": "nightly-2024-12-25",
      "features": [],
      "flags": []
    },
    {
      "package_idx": 4,
      "tool": "cargo",
      "cmd": "VRITUAL=clippy cargo",
      "count": 1,
      "duration_ms": 7790,
      "arch": "x86_64",
      "target_triple": "x86_64-unknown-linux-gnu",
      "rust_toolchain": "nightly-2024-12-25",
      "features": [],
      "flags": []
    },
    {
      "package_idx": 4,
      "tool": "cargo",
      "cmd": "VRITUAL=semver-checks cargo",
      "count": 1,
      "duration_ms": 19509,
      "arch": "x86_64",
      "target_triple": "x86_64-unknown-linux-gnu",
      "rust_toolchain": "nightly-2024-12-25",
      "features": [],
      "flags": []
    },
    {
      "package_idx": 4,
      "tool": "cargo",
      "cmd": "VRITUAL=lockbud cargo",
      "count": 1,
      "duration_ms": 6751,
      "arch": "x86_64",
      "target_triple": "x86_64-unknown-linux-gnu",
      "rust_toolchain": "nightly-2024-12-25",
      "features": [],
      "flags": []
    },
    {
      "package_idx": 4,
      "tool": "cargo",
      "cmd": "VRITUAL=rap cargo",
      "count": 1,
      "duration_ms": 6321,
      "arch": "x86_64",
      "target_triple": "x86_64-unknown-linux-gnu",
      "rust_toolchain": "nightly-2024-12-25",
      "features": [],
      "flags": []
    },
    {
      "package_idx": 5,
      "tool": "fmt",
      "cmd": "cargo +nightly-2024-12-26-x86_64-unknown-linux-gnu fmt -- --emit=json",
      "count": 21,
      "duration_ms": 99,
      "arch": "x86_64",
      "target_triple": "x86_64-unknown-linux-gnu",
      "rust_toolchain": "nightly-2024-12-25",
      "features": [],
      "flags": []
    },
    {
      "package_idx": 5,
      "tool": "clippy",
      "cmd": "cargo clippy --target x86_64-unknown-linux-gnu --no-deps --message-format=json",
      "count": 6,
      "duration_ms": 7180,
      "arch": "x86_64",
      "target_triple": "x86_64-unknown-linux-gnu",
      "rust_toolchain": "nightly-2024-12-25",
      "features": [],
      "flags": []
    },
    {
      "package_idx": 5,
      "tool": "semver-checks",
      "cmd": "cargo +nightly-2024-12-26-x86_64-unknown-linux-gnu semver-checks --target x86_64-unknown-linux-gnu",
      "count": 1,
      "duration_ms": 18231,
      "arch": "x86_64",
      "target_triple": "x86_64-unknown-linux-gnu",
      "rust_toolchain": "nightly-2024-12-25",
      "features": [],
      "flags": []
    },
    {
      "package_idx": 5,
      "tool": "mirai",
      "cmd": "cargo +nightly-2024-02-05 mirai --target x86_64-unknown-linux-gnu --message-format=json",
      "count": 0,
      "duration_ms": 48,
      "arch": "x86_64",
      "target_triple": "x86_64-unknown-linux-gnu",
      "rust_toolchain": "nightly-2024-12-25",
      "features": [],
      "flags": []
    },
    {
      "package_idx": 5,
      "tool": "lockbud",
      "cmd": "cargo +nightly-2024-10-05 lockbud -k all -- --target x86_64-unknown-linux-gnu",
      "count": 1,
      "duration_ms": 6841,
      "arch": "x86_64",
      "target_triple": "x86_64-unknown-linux-gnu",
      "rust_toolchain": "nightly-2024-12-25",
      "features": [],
      "flags": []
    },
    {
      "package_idx": 5,
      "tool": "rap",
      "cmd": "cargo +nightly-2024-10-12 rap -F -M -- --target x86_64-unknown-linux-gnu",
      "count": 0,
      "duration_ms": 6446,
      "arch": "x86_64",
      "target_triple": "x86_64-unknown-linux-gnu",
      "rust_toolchain": "nightly-2024-12-25",
      "features": [],
      "flags": []
    },
    {
      "package_idx": 5,
      "tool": "rudra",
      "cmd": "cargo +nightly-2021-10-21 rudra",
      "count": 0,
      "duration_ms": 253,
      "arch": "x86_64",
      "target_triple": "x86_64-unknown-linux-gnu",
      "rust_toolchain": "nightly-2024-12-25",
      "features": [],
      "flags": []
    },
    {
      "package_idx": 5,
      "tool": "outdated",
      "cmd": "cargo +nightly-2024-12-26-x86_64-unknown-linux-gnu outdated -R --exit-code=2",
      "count": 0,
      "duration_ms": 24931,
      "arch": "x86_64",
      "target_triple": "x86_64-unknown-linux-gnu",
      "rust_toolchain": "nightly-2024-12-25",
      "features": [],
      "flags": []
    },
    {
      "package_idx": 5,
      "tool": "geiger",
      "cmd": "cargo +nightly-2024-12-26-x86_64-unknown-linux-gnu geiger --output-format Ascii",
      "count": 0,
      "duration_ms": 154,
      "arch": "x86_64",
      "target_triple": "x86_64-unknown-linux-gnu",
      "rust_toolchain": "nightly-2024-12-25",
      "features": [],
      "flags": []
    },
    {
      "package_idx": 5,
      "tool": "cargo",
      "cmd": "VRITUAL=clippy cargo",
      "count": 1,
      "duration_ms": 7180,
      "arch": "x86_64",
      "target_triple": "x86_64-unknown-linux-gnu",
      "rust_toolchain": "nightly-2024-12-25",
      "features": [],
      "flags": []
    },
    {
      "package_idx": 5,
      "tool": "cargo",
      "cmd": "VRITUAL=semver-checks cargo",
      "count": 1,
      "duration_ms": 18231,
      "arch": "x86_64",
      "target_triple": "x86_64-unknown-linux-gnu",
      "rust_toolchain": "nightly-2024-12-25",
      "features": [],
      "flags": []
    },
    {
      "package_idx": 5,
      "tool": "cargo",
      "cmd": "VRITUAL=lockbud cargo",
      "count": 1,
      "duration_ms": 6841,
      "arch": "x86_64",
      "target_triple": "x86_64-unknown-linux-gnu",
      "rust_toolchain": "nightly-2024-12-25",
      "features": [],
      "flags": []
    },
    {
      "package_idx": 5,
      "tool": "cargo",
      "cmd": "VRITUAL=rap cargo",
      "count": 1,
      "duration_ms": 6446,
      "arch": "x86_64",
      "target_triple": "x86_64-unknown-linux-gnu",
      "rust_toolchain": "nightly-2024-12-25",
      "features": [],
      "flags": []
    },
    {
      "package_idx": 6,
      "tool": "fmt",
      "cmd": "cargo +nightly-2024-12-26-x86_64-unknown-linux-gnu fmt -- --emit=json",
      "count": 11,
      "duration_ms": 98,
      "arch": "x86_64",
      "target_triple": "x86_64-unknown-linux-gnu",
      "rust_toolchain": "nightly-2024-12-25",
      "features": [],
      "flags": []
    },
    {
      "package_idx": 6,
      "tool": "clippy",
      "cmd": "cargo clippy --target x86_64-unknown-linux-gnu --no-deps --message-format=json",
      "count": 6,
      "duration_ms": 7140,
      "arch": "x86_64",
      "target_triple": "x86_64-unknown-linux-gnu",
      "rust_toolchain": "nightly-2024-12-25",
      "features": [],
      "flags": []
    },
    {
      "package_idx": 6,
      "tool": "semver-checks",
      "cmd": "cargo +nightly-2024-12-26-x86_64-unknown-linux-gnu semver-checks --target x86_64-unknown-linux-gnu",
      "count": 1,
      "duration_ms": 11561,
      "arch": "x86_64",
      "target_triple": "x86_64-unknown-linux-gnu",
      "rust_toolchain": "nightly-2024-12-25",
      "features": [],
      "flags": []
    },
    {
      "package_idx": 6,
      "tool": "mirai",
      "cmd": "cargo +nightly-2024-02-05 mirai --target x86_64-unknown-linux-gnu --message-format=json",
      "count": 0,
      "duration_ms": 47,
      "arch": "x86_64",
      "target_triple": "x86_64-unknown-linux-gnu",
      "rust_toolchain": "nightly-2024-12-25",
      "features": [],
      "flags": []
    },
    {
      "package_idx": 6,
      "tool": "lockbud",
      "cmd": "cargo +nightly-2024-10-05 lockbud -k all -- --target x86_64-unknown-linux-gnu",
      "count": 1,
      "duration_ms": 5110,
      "arch": "x86_64",
      "target_triple": "x86_64-unknown-linux-gnu",
      "rust_toolchain": "nightly-2024-12-25",
      "features": [],
      "flags": []
    },
    {
      "package_idx": 6,
      "tool": "rap",
      "cmd": "cargo +nightly-2024-10-12 rap -F -M -- --target x86_64-unknown-linux-gnu",
      "count": 0,
      "duration_ms": 4926,
      "arch": "x86_64",
      "target_triple": "x86_64-unknown-linux-gnu",
      "rust_toolchain": "nightly-2024-12-25",
      "features": [],
      "flags": []
    },
    {
      "package_idx": 6,
      "tool": "rudra",
      "cmd": "cargo +nightly-2021-10-21 rudra",
      "count": 0,
      "duration_ms": 251,
      "arch": "x86_64",
      "target_triple": "x86_64-unknown-linux-gnu",
      "rust_toolchain": "nightly-2024-12-25",
      "features": [],
      "flags": []
    },
    {
      "package_idx": 6,
      "tool": "outdated",
      "cmd": "cargo +nightly-2024-12-26-x86_64-unknown-linux-gnu outdated -R --exit-code=2",
      "count": 0,
      "duration_ms": 9587,
      "arch": "x86_64",
      "target_triple": "x86_64-unknown-linux-gnu",
      "rust_toolchain": "nightly-2024-12-25",
      "features": [],
      "flags": []
    },
    {
      "package_idx": 6,
      "tool": "geiger",
      "cmd": "cargo +nightly-2024-12-26-x86_64-unknown-linux-gnu geiger --output-format Ascii",
      "count": 0,
      "duration_ms": 118,
      "arch": "x86_64",
      "target_triple": "x86_64-unknown-linux-gnu",
      "rust_toolchain": "nightly-2024-12-25",
      "features": [],
      "flags": []
    },
    {
      "package_idx": 6,
      "tool": "cargo",
      "cmd": "VRITUAL=clippy cargo",
      "count": 1,
      "duration_ms": 7140,
      "arch": "x86_64",
      "target_triple": "x86_64-unknown-linux-gnu",
      "rust_toolchain": "nightly-2024-12-25",
      "features": [],
      "flags": []
    },
    {
      "package_idx": 6,
      "tool": "cargo",
      "cmd": "VRITUAL=semver-checks cargo",
      "count": 1,
      "duration_ms": 11561,
      "arch": "x86_64",
      "target_triple": "x86_64-unknown-linux-gnu",
      "rust_toolchain": "nightly-2024-12-25",
      "features": [],
      "flags": []
    },
    {
      "package_idx": 6,
      "tool": "cargo",
      "cmd": "VRITUAL=lockbud cargo",
      "count": 1,
      "duration_ms": 5110,
      "arch": "x86_64",
      "target_triple": "x86_64-unknown-linux-gnu",
      "rust_toolchain": "nightly-2024-12-25",
      "features": [],
      "flags": []
    },
    {
      "package_idx": 6,
      "tool": "cargo",
      "cmd": "VRITUAL=rap cargo",
      "count": 1,
      "duration_ms": 4926,
      "arch": "x86_64",
      "target_triple": "x86_64-unknown-linux-gnu",
      "rust_toolchain": "nightly-2024-12-25",
      "features": [],
      "flags": []
    },
    {
      "package_idx": 7,
      "tool": "fmt",
      "cmd": "cargo +nightly-2024-12-26-x86_64-unknown-linux-gnu fmt -- --emit=json",
      "count": 2,
      "duration_ms": 95,
      "arch": "x86_64",
      "target_triple": "x86_64-unknown-linux-gnu",
      "rust_toolchain": "nightly-2024-12-25",
      "features": [],
      "flags": []
    },
    {
      "package_idx": 7,
      "tool": "clippy",
      "cmd": "cargo clippy --target x86_64-unknown-linux-gnu --no-deps --message-format=json",
      "count": 6,
      "duration_ms": 7374,
      "arch": "x86_64",
      "target_triple": "x86_64-unknown-linux-gnu",
      "rust_toolchain": "nightly-2024-12-25",
      "features": [],
      "flags": []
    },
    {
      "package_idx": 7,
      "tool": "semver-checks",
      "cmd": "cargo +nightly-2024-12-26-x86_64-unknown-linux-gnu semver-checks --target x86_64-unknown-linux-gnu",
      "count": 1,
      "duration_ms": 12035,
      "arch": "x86_64",
      "target_triple": "x86_64-unknown-linux-gnu",
      "rust_toolchain": "nightly-2024-12-25",
      "features": [],
      "flags": []
    },
    {
      "package_idx": 7,
      "tool": "mirai",
      "cmd": "cargo +nightly-2024-02-05 mirai --target x86_64-unknown-linux-gnu --message-format=json",
      "count": 0,
      "duration_ms": 49,
      "arch": "x86_64",
      "target_triple": "x86_64-unknown-linux-gnu",
      "rust_toolchain": "nightly-2024-12-25",
      "features": [],
      "flags": []
    },
    {
      "package_idx": 7,
      "tool": "lockbud",
      "cmd": "cargo +nightly-2024-10-05 lockbud -k all -- --target x86_64-unknown-linux-gnu",
      "count": 0,
      "duration_ms": 5058,
      "arch": "x86_64",
      "target_triple": "x86_64-unknown-linux-gnu",
      "rust_toolchain": "nightly-2024-12-25",
      "features": [],
      "flags": []
    },
    {
      "package_idx": 7,
      "tool": "rap",
      "cmd": "cargo +nightly-2024-10-12 rap -F -M -- --target x86_64-unknown-linux-gnu",
      "count": 0,
      "duration_ms": 5092,
      "arch": "x86_64",
      "target_triple": "x86_64-unknown-linux-gnu",
      "rust_toolchain": "nightly-2024-12-25",
      "features": [],
      "flags": []
    },
    {
      "package_idx": 7,
      "tool": "rudra",
      "cmd": "cargo +nightly-2021-10-21 rudra",
      "count": 0,
      "duration_ms": 248,
      "arch": "x86_64",
      "target_triple": "x86_64-unknown-linux-gnu",
      "rust_toolchain": "nightly-2024-12-25",
      "features": [],
      "flags": []
    },
    {
      "package_idx": 7,
      "tool": "outdated",
      "cmd": "cargo +nightly-2024-12-26-x86_64-unknown-linux-gnu outdated -R --exit-code=2",
      "count": 0,
      "duration_ms": 10966,
      "arch": "x86_64",
      "target_triple": "x86_64-unknown-linux-gnu",
      "rust_toolchain": "nightly-2024-12-25",
      "features": [],
      "flags": []
    },
    {
      "package_idx": 7,
      "tool": "geiger",
      "cmd": "cargo +nightly-2024-12-26-x86_64-unknown-linux-gnu geiger --output-format Ascii",
      "count": 0,
      "duration_ms": 119,
      "arch": "x86_64",
      "target_triple": "x86_64-unknown-linux-gnu",
      "rust_toolchain": "nightly-2024-12-25",
      "features": [],
      "flags": []
    },
    {
      "package_idx": 7,
      "tool": "cargo",
      "cmd": "VRITUAL=clippy cargo",
      "count": 1,
      "duration_ms": 7374,
      "arch": "x86_64",
      "target_triple": "x86_64-unknown-linux-gnu",
      "rust_toolchain": "nightly-2024-12-25",
      "features": [],
      "flags": []
    },
    {
      "package_idx": 7,
      "tool": "cargo",
      "cmd": "VRITUAL=semver-checks cargo",
      "count": 1,
      "duration_ms": 12035,
      "arch": "x86_64",
      "target_triple": "x86_64-unknown-linux-gnu",
      "rust_toolchain": "nightly-2024-12-25",
      "features": [],
      "flags": []
    },
    {
      "package_idx": 7,
      "tool": "cargo",
      "cmd": "VRITUAL=lockbud cargo",
      "count": 1,
      "duration_ms": 5058,
      "arch": "x86_64",
      "target_triple": "x86_64-unknown-linux-gnu",
      "rust_toolchain": "nightly-2024-12-25",
      "features": [],
      "flags": []
    },
    {
      "package_idx": 7,
      "tool": "cargo",
      "cmd": "VRITUAL=rap cargo",
      "count": 1,
      "duration_ms": 5092,
      "arch": "x86_64",
      "target_triple": "x86_64-unknown-linux-gnu",
      "rust_toolchain": "nightly-2024-12-25",
      "features": [],
      "flags": []
    },
    {
      "package_idx": 8,
      "tool": "cargo",
      "cmd": "VRITUAL=LayoutParseError cargo",
      "count": 1,
      "duration_ms": 0,
      "arch": "x86_64",
      "target_triple": "x86_64-unknown-linux-gnu",
      "rust_toolchain": "nightly-2024-12-25",
      "features": [],
      "flags": []
    }
  ],
  "data": [
    {
      "cmd_idx": 1,
      "file": "/home/runner/.cargo/git/checkouts/early_console-27aa013ee5514833/8bc0d21/early_console/src/lib.rs",
      "kind": "Clippy(Error)",
      "raw": "error[E0432]: unresolved imports `platform::getchar`, `platform::putchar`\n  --> /home/runner/.cargo/git/checkouts/early_console-27aa013ee5514833/8bc0d21/early_console/src/lib.rs:12:20\n   |\n12 | pub use platform::{getchar, putchar};\n   |                    ^^^^^^^  ^^^^^^^ no `putchar` in `platform`\n   |                    |\n   |                    no `getchar` in `platform`\n\n"
    },
    {
      "cmd_idx": 1,
      "file": "/home/runner/.cargo/git/checkouts/early_console-27aa013ee5514833/8bc0d21/early_console/src/lib.rs",
      "kind": "Clippy(Error)",
      "raw": "error[E0432]: unresolved imports `platform::getchar`, `platform::putchar`\n  --> /home/runner/.cargo/git/checkouts/early_console-27aa013ee5514833/8bc0d21/early_console/src/lib.rs:12:20\n   |\n12 | pub use platform::{getchar, putchar};\n   |                    ^^^^^^^  ^^^^^^^ no `putchar` in `platform`\n   |                    |\n   |                    no `getchar` in `platform`\n\n"
    },
    {
      "cmd_idx": 1,
      "file": "/home/runner/.cargo/git/checkouts/early_console-27aa013ee5514833/8bc0d21/early_console/src/platform/dummy/mod.rs",
      "kind": "Clippy(Error)",
      "raw": "error[E0433]: failed to resolve: unresolved import\n  --> /home/runner/.cargo/git/checkouts/early_console-27aa013ee5514833/8bc0d21/early_console/src/platform/dummy/mod.rs:31:69\n   |\n31 |     pub(crate) fn platform_regions() -> impl Iterator<Item = crate::mem::MemRegion> {\n   |                                                                     ^^^\n   |                                                                     |\n   |                                                                     unresolved import\n   |                                                                     help: a similar path exists: `core::mem`\n\n"
    },
    {
      "cmd_idx": 1,
      "file": "/home/runner/.cargo/git/checkouts/early_console-27aa013ee5514833/8bc0d21/early_console/src/lib.rs",
      "kind": "Clippy(Error)",
      "raw": "error[E0425]: cannot find function `console_init` in module `platform`\n  --> /home/runner/.cargo/git/checkouts/early_console-27aa013ee5514833/8bc0d21/early_console/src/lib.rs:17:15\n   |\n17 |     platform::console_init();\n   |               ^^^^^^^^^^^^ not found in `platform`\n\n"
    },
    {
      "cmd_idx": 1,
      "file": "/home/runner/.cargo/git/checkouts/early_console-27aa013ee5514833/8bc0d21/early_console/src/lib.rs",
      "kind": "Clippy(Error)",
      "raw": "error[E0425]: cannot find function `putchar` in module `platform`\n  --> /home/runner/.cargo/git/checkouts/early_console-27aa013ee5514833/8bc0d21/early_console/src/lib.rs:23:19\n   |\n23 |         platform::putchar(*c);\n   |                   ^^^^^^^ not found in `platform`\n   |\nhelp: consider importing this function\n   |\n12 + use crate::platform::console::putchar;\n   |\nhelp: if you import `putchar`, refer to it directly\n   |\n23 -         platform::putchar(*c);\n23 +         putchar(*c);\n   |\n\n"
    },
    {
      "cmd_idx": 1,
      "file": "/home/runner/.cargo/git/checkouts/early_console-27aa013ee5514833/8bc0d21/early_console/src/lib.rs",
      "kind": "Clippy(Error)",
      "raw": "error[E0425]: cannot find function `getchar` in module `platform`\n  --> /home/runner/.cargo/git/checkouts/early_console-27aa013ee5514833/8bc0d21/early_console/src/lib.rs:31:36\n   |\n31 |         if let Some(c) = platform::getchar() {\n   |                                    ^^^^^^^ not found in `platform`\n   |\nhelp: consider importing this function\n   |\n12 + use crate::platform::console::getchar;\n   |\nhelp: if you import `getchar`, refer to it directly\n   |\n31 -         if let Some(c) = platform::getchar() {\n31 +         if let Some(c) = getchar() {\n   |\n\n"
    },
    {
      "cmd_idx": 2,
      "file": "[semver checks]",
      "kind": "Semver Violation",
      "raw": "pkg=signal, checker=SemverChecks\ntoolchain=nightly-2024-12-26-x86_64-unknown-linux-gnu, target=x86_64-unknown-linux-gnu\npkg_dir=/home/runner/check/batch_18/shilei-massclouds/signal/signal\ncmd=cargo +nightly-2024-12-26-x86_64-unknown-linux-gnu semver-checks --target x86_64-unknown-linux-gnu\n\n\nstdout:\n\nstderr:\n    Building signal v0.1.0 (current)\nerror: running cargo-doc on crate 'signal' failed with output:\n-----\n   Compiling proc-macro2 v1.0.92\n   Compiling unicode-ident v1.0.14\n   Compiling equivalent v1.0.1\n   Compiling serde v1.0.217\n   Compiling hashbrown v0.15.2\n   Compiling toml_datetime v0.6.8\n   Compiling winnow v0.5.40\n   Compiling indexmap v2.7.0\n   Compiling quote v1.0.38\n    Checking log v0.4.22\n    Checking bitflags v1.3.2\n    Checking bit_field v0.10.2\n   Compiling syn v2.0.92\n    Checking bitflags v2.6.0\n    Checking cfg-if v1.0.0\n   Compiling autocfg v1.4.0\n   Compiling toml_edit v0.19.15\n   Compiling rustversion v1.0.19\n   Compiling lock_api v0.4.12\n   Compiling axerrno v0.1.0 (ssh://git@github.com/shilei-massclouds/axerrno.git#892169aa)\n    Checking scopeguard v1.2.0\n    Checking volatile v0.4.6\n    Checking x86_64 v0.14.13\n    Checking kernel_guard_base v0.1.0 (ssh://git@github.com/shilei-massclouds/kernel_guard_base#4e672f3e)\n    Checking raw-cpuid v10.7.0\n   Compiling paste v1.0.15\n   Compiling syn v1.0.109\n   Compiling x86 v0.52.0\n    Checking spinbase v0.1.0 (ssh://git@github.com/shilei-massclouds/spinbase#a3496db8)\n    Checking spin v0.9.8\n   Compiling percpu2 v0.1.0 (ssh://git@github.com/shilei-massclouds/percpu2#2fa7f00e)\n   Compiling libc v0.2.169\n   Compiling axconfig v0.1.0 (ssh://git@github.com/shilei-massclouds/axconfig#51b81e4a)\n   Compiling early_console v0.1.0 (ssh://git@github.com/shilei-massclouds/early_console#8bc0d219)\nerror[E0432]: unresolved imports `platform::getchar`, `platform::putchar`\n  --> /home/runner/.cargo/git/checkouts/early_console-27aa013ee5514833/8bc0d21/early_console/src/lib.rs:12:20\n   |\n12 | pub use platform::{getchar, putchar};\n   |                    ^^^^^^^  ^^^^^^^ no `putchar` in `platform`\n   |                    |\n   |                    no `getchar` in `platform`\n\nerror[E0433]: failed to resolve: unresolved import\n  --> /home/runner/.cargo/git/checkouts/early_console-27aa013ee5514833/8bc0d21/early_console/src/platform/dummy/mod.rs:31:69\n   |\n31 |     pub(crate) fn platform_regions() -> impl Iterator<Item = crate::mem::MemRegion> {\n   |                                                                     ^^^\n   |                                                                     |\n   |                                                                     unresolved import\n   |                                                                     help: a similar path exists: `core::mem`\n\nerror[E0425]: cannot find function `console_init` in module `platform`\n  --> /home/runner/.cargo/git/checkouts/early_console-27aa013ee5514833/8bc0d21/early_console/src/lib.rs:17:15\n   |\n17 |     platform::console_init();\n   |               ^^^^^^^^^^^^ not found in `platform`\n\nerror[E0425]: cannot find function `putchar` in module `platform`\n  --> /home/runner/.cargo/git/checkouts/early_console-27aa013ee5514833/8bc0d21/early_console/src/lib.rs:23:19\n   |\n23 |         platform::putchar(*c);\n   |                   ^^^^^^^ not found in `platform`\n   |\nhelp: consider importing this function\n   |\n12 + use crate::platform::console::putchar;\n   |\nhelp: if you import `putchar`, refer to it directly\n   |\n23 -         platform::putchar(*c);\n23 +         putchar(*c);\n   |\n\nerror[E0425]: cannot find function `getchar` in module `platform`\n  --> /home/runner/.cargo/git/checkouts/early_console-27aa013ee5514833/8bc0d21/early_console/src/lib.rs:31:36\n   |\n31 |         if let Some(c) = platform::getchar() {\n   |                                    ^^^^^^^ not found in `platform`\n   |\nhelp: consider importing this function\n   |\n12 + use crate::platform::console::getchar;\n   |\nhelp: if you import `getchar`, refer to it directly\n   |\n31 -         if let Some(c) = platform::getchar() {\n31 +         if let Some(c) = getchar() {\n   |\n\nSome errors have detailed explanations: E0425, E0432, E0433.\nFor more information about an error, try `rustc --explain E0425`.\nerror: could not compile `early_console` (lib) due to 5 previous errors\nwarning: build failed, waiting for other jobs to finish...\n\n-----\n\nerror: failed to build rustdoc for crate signal v0.1.0\nnote: this is usually due to a compilation error in the crate,\n      and is unlikely to be a bug in cargo-semver-checks\nnote: the following command can be used to reproduce the compilation error:\n      cargo new --lib example &&\n          cd example &&\n          echo '[workspace]' >> Cargo.toml &&\n          cargo add --path /home/runner/check/batch_18/shilei-massclouds/signal/signal &&\n          cargo check\n\nerror: aborting due to failure to build rustdoc for crate signal v0.1.0\n"
    },
    {
      "cmd_idx": 4,
      "file": "[lockbud] Not supported to display yet.",
      "kind": "Lockbud(Possibly)",
      "raw": "[2024-12-28T18:32:30Z WARN  lockbud::callbacks] [\n      {\n        \"AtomicityViolation\": {\n          \"bug_kind\": \"AtomicityViolation\",\n          \"possibility\": \"Possibly\",\n          \"diagnosis\": {\n            \"fn_name\": \"set_logger_racy\",\n            \"atomic_reader\": \"/home/runner/.cargo/registry/src/index.crates.io-6f17d22bba15001f/log-0.4.22/src/lib.rs:1447:11: 1447:40 (#0)\",\n            \"atomic_writer\": \"/home/runner/.cargo/registry/src/index.crates.io-6f17d22bba15001f/log-0.4.22/src/lib.rs:1450:13: 1450:56 (#0)\",\n            \"dep_kind\": \"Control\"\n          },\n          \"explanation\": \"atomic::store is data/control dependent on atomic::load\"\n        }\n      }\n    ]\n[2024-12-28T18:32:30Z WARN  lockbud::callbacks] crate log contains bugs: { probably: 0, possibly: 0 }, conflictlock: { probably: 0, possibly: 0 }, condvar_deadlock: { probably: 0, possibly: 0 }, atomicity_violation: { possibly: 1 }, invalid_free: { possibly: 0 }, use_after_free: { possibly: 0 }"
    },
    {
      "cmd_idx": 9,
      "file": "(virtual) clippy",
      "kind": "Cargo",
      "raw": "// pkg_name=signal, checker=Clippy\n// toolchain=nightly-2024-12-26-x86_64-unknown-linux-gnu, target=x86_64-unknown-linux-gnu\n// pkg_dir=/home/runner/check/batch_18/shilei-massclouds/signal/signal\n// cmd=cargo clippy --target x86_64-unknown-linux-gnu --no-deps --message-format=json\n// timestamp=2024-12-29 2:32:02.73238764 +08:00:00\n   Compiling proc-macro2 v1.0.92\n   Compiling serde v1.0.217\n   Compiling equivalent v1.0.1\n   Compiling unicode-ident v1.0.14\n   Compiling hashbrown v0.15.2\n   Compiling winnow v0.5.40\n   Compiling toml_datetime v0.6.8\n   Compiling indexmap v2.7.0\n   Compiling quote v1.0.38\n    Checking log v0.4.22\n    Checking bit_field v0.10.2\n    Checking bitflags v1.3.2\n   Compiling syn v2.0.92\n    Checking bitflags v2.6.0\n    Checking cfg-if v1.0.0\n   Compiling rustversion v1.0.19\n   Compiling toml_edit v0.19.15\n   Compiling autocfg v1.4.0\n   Compiling lock_api v0.4.12\n   Compiling axerrno v0.1.0 (ssh://git@github.com/shilei-massclouds/axerrno.git#892169aa)\n    Checking volatile v0.4.6\n    Checking scopeguard v1.2.0\n    Checking x86_64 v0.14.13\n    Checking kernel_guard_base v0.1.0 (ssh://git@github.com/shilei-massclouds/kernel_guard_base#4e672f3e)\n    Checking raw-cpuid v10.7.0\n   Compiling syn v1.0.109\n   Compiling paste v1.0.15\n   Compiling x86 v0.52.0\n    Checking spinbase v0.1.0 (ssh://git@github.com/shilei-massclouds/spinbase#a3496db8)\n    Checking spin v0.9.8\n   Compiling percpu2 v0.1.0 (ssh://git@github.com/shilei-massclouds/percpu2#2fa7f00e)\n   Compiling libc v0.2.169\n   Compiling axconfig v0.1.0 (ssh://git@github.com/shilei-massclouds/axconfig#51b81e4a)\n   Compiling early_console v0.1.0 (ssh://git@github.com/shilei-massclouds/early_console#8bc0d219)\n   Compiling axhal v0.1.0 (ssh://git@github.com/shilei-massclouds/axhal.git#db90ff50)\n   Compiling base64 v0.13.1\nerror: could not compile `early_console` (lib) due to 5 previous errors\nwarning: build failed, waiting for other jobs to finish...\n"
    },
    {
      "cmd_idx": 10,
      "file": "(virtual) semver-checks",
      "kind": "Cargo",
      "raw": "// pkg_name=signal, checker=SemverChecks\n// toolchain=nightly-2024-12-26-x86_64-unknown-linux-gnu, target=x86_64-unknown-linux-gnu\n// pkg_dir=/home/runner/check/batch_18/shilei-massclouds/signal/signal\n// cmd=cargo +nightly-2024-12-26-x86_64-unknown-linux-gnu semver-checks --target x86_64-unknown-linux-gnu\n// timestamp=2024-12-29 2:32:10.205186618 +08:00:00\n    Building signal v0.1.0 (current)\nerror: running cargo-doc on crate 'signal' failed with output:\n-----\n   Compiling proc-macro2 v1.0.92\n   Compiling unicode-ident v1.0.14\n   Compiling equivalent v1.0.1\n   Compiling serde v1.0.217\n   Compiling hashbrown v0.15.2\n   Compiling toml_datetime v0.6.8\n   Compiling winnow v0.5.40\n   Compiling indexmap v2.7.0\n   Compiling quote v1.0.38\n    Checking log v0.4.22\n    Checking bitflags v1.3.2\n    Checking bit_field v0.10.2\n   Compiling syn v2.0.92\n    Checking bitflags v2.6.0\n    Checking cfg-if v1.0.0\n   Compiling autocfg v1.4.0\n   Compiling toml_edit v0.19.15\n   Compiling rustversion v1.0.19\n   Compiling lock_api v0.4.12\n   Compiling axerrno v0.1.0 (ssh://git@github.com/shilei-massclouds/axerrno.git#892169aa)\n    Checking scopeguard v1.2.0\n    Checking volatile v0.4.6\n    Checking x86_64 v0.14.13\n    Checking kernel_guard_base v0.1.0 (ssh://git@github.com/shilei-massclouds/kernel_guard_base#4e672f3e)\n    Checking raw-cpuid v10.7.0\n   Compiling paste v1.0.15\n   Compiling syn v1.0.109\n   Compiling x86 v0.52.0\n    Checking spinbase v0.1.0 (ssh://git@github.com/shilei-massclouds/spinbase#a3496db8)\n    Checking spin v0.9.8\n   Compiling percpu2 v0.1.0 (ssh://git@github.com/shilei-massclouds/percpu2#2fa7f00e)\n   Compiling libc v0.2.169\n   Compiling axconfig v0.1.0 (ssh://git@github.com/shilei-massclouds/axconfig#51b81e4a)\n   Compiling early_console v0.1.0 (ssh://git@github.com/shilei-massclouds/early_console#8bc0d219)\nerror[E0432]: unresolved imports `platform::getchar`, `platform::putchar`\n  --> /home/runner/.cargo/git/checkouts/early_console-27aa013ee5514833/8bc0d21/early_console/src/lib.rs:12:20\n   |\n12 | pub use platform::{getchar, putchar};\n   |                    ^^^^^^^  ^^^^^^^ no `putchar` in `platform`\n   |                    |\n   |                    no `getchar` in `platform`\n\nerror[E0433]: failed to resolve: unresolved import\n  --> /home/runner/.cargo/git/checkouts/early_console-27aa013ee5514833/8bc0d21/early_console/src/platform/dummy/mod.rs:31:69\n   |\n31 |     pub(crate) fn platform_regions() -> impl Iterator<Item = crate::mem::MemRegion> {\n   |                                                                     ^^^\n   |                                                                     |\n   |                                                                     unresolved import\n   |                                                                     help: a similar path exists: `core::mem`\n\nerror[E0425]: cannot find function `console_init` in module `platform`\n  --> /home/runner/.cargo/git/checkouts/early_console-27aa013ee5514833/8bc0d21/early_console/src/lib.rs:17:15\n   |\n17 |     platform::console_init();\n   |               ^^^^^^^^^^^^ not found in `platform`\n\nerror[E0425]: cannot find function `putchar` in module `platform`\n  --> /home/runner/.cargo/git/checkouts/early_console-27aa013ee5514833/8bc0d21/early_console/src/lib.rs:23:19\n   |\n23 |         platform::putchar(*c);\n   |                   ^^^^^^^ not found in `platform`\n   |\nhelp: consider importing this function\n   |\n12 + use crate::platform::console::putchar;\n   |\nhelp: if you import `putchar`, refer to it directly\n   |\n23 -         platform::putchar(*c);\n23 +         putchar(*c);\n   |\n\nerror[E0425]: cannot find function `getchar` in module `platform`\n  --> /home/runner/.cargo/git/checkouts/early_console-27aa013ee5514833/8bc0d21/early_console/src/lib.rs:31:36\n   |\n31 |         if let Some(c) = platform::getchar() {\n   |                                    ^^^^^^^ not found in `platform`\n   |\nhelp: consider importing this function\n   |\n12 + use crate::platform::console::getchar;\n   |\nhelp: if you import `getchar`, refer to it directly\n   |\n31 -         if let Some(c) = platform::getchar() {\n31 +         if let Some(c) = getchar() {\n   |\n\nSome errors have detailed explanations: E0425, E0432, E0433.\nFor more information about an error, try `rustc --explain E0425`.\nerror: could not compile `early_console` (lib) due to 5 previous errors\nwarning: build failed, waiting for other jobs to finish...\n\n-----\n\nerror: failed to build rustdoc for crate signal v0.1.0\nnote: this is usually due to a compilation error in the crate,\n      and is unlikely to be a bug in cargo-semver-checks\nnote: the following command can be used to reproduce the compilation error:\n      cargo new --lib example &&\n          cd example &&\n          echo '[workspace]' >> Cargo.toml &&\n          cargo add --path /home/runner/check/batch_18/shilei-massclouds/signal/signal &&\n          cargo check\n\nerror: aborting due to failure to build rustdoc for crate signal v0.1.0\n"
    },
    {
      "cmd_idx": 11,
      "file": "(virtual) lockbud",
      "kind": "Cargo",
      "raw": "// pkg_name=signal, checker=Lockbud\n// toolchain=nightly-2024-12-26-x86_64-unknown-linux-gnu, target=x86_64-unknown-linux-gnu\n// pkg_dir=/home/runner/check/batch_18/shilei-massclouds/signal/signal\n// cmd=cargo +nightly-2024-10-05 lockbud -k all -- --target x86_64-unknown-linux-gnu\n// timestamp=2024-12-29 2:32:29.254296286 +08:00:00\n   Compiling proc-macro2 v1.0.92\n   Compiling equivalent v1.0.1\n   Compiling hashbrown v0.15.2\n   Compiling unicode-ident v1.0.14\n   Compiling serde v1.0.217\n   Compiling winnow v0.5.40\n   Compiling toml_datetime v0.6.8\n   Compiling indexmap v2.7.0\n   Compiling quote v1.0.38\n   Compiling log v0.4.22\n[2024-12-28T18:32:30Z WARN  lockbud::callbacks] [\n      {\n        \"AtomicityViolation\": {\n          \"bug_kind\": \"AtomicityViolation\",\n          \"possibility\": \"Possibly\",\n          \"diagnosis\": {\n            \"fn_name\": \"set_logger_racy\",\n            \"atomic_reader\": \"/home/runner/.cargo/registry/src/index.crates.io-6f17d22bba15001f/log-0.4.22/src/lib.rs:1447:11: 1447:40 (#0)\",\n            \"atomic_writer\": \"/home/runner/.cargo/registry/src/index.crates.io-6f17d22bba15001f/log-0.4.22/src/lib.rs:1450:13: 1450:56 (#0)\",\n            \"dep_kind\": \"Control\"\n          },\n          \"explanation\": \"atomic::store is data/control dependent on atomic::load\"\n        }\n      }\n    ]\n[2024-12-28T18:32:30Z WARN  lockbud::callbacks] crate log contains bugs: { probably: 0, possibly: 0 }, conflictlock: { probably: 0, possibly: 0 }, condvar_deadlock: { probably: 0, possibly: 0 }, atomicity_violation: { possibly: 1 }, invalid_free: { possibly: 0 }, use_after_free: { possibly: 0 }\n   Compiling bitflags v1.3.2\n   Compiling bit_field v0.10.2\n   Compiling syn v2.0.92\n   Compiling bitflags v2.6.0\n   Compiling cfg-if v1.0.0\n   Compiling autocfg v1.4.0\n   Compiling toml_edit v0.19.15\n   Compiling rustversion v1.0.19\n   Compiling lock_api v0.4.12\n   Compiling axerrno v0.1.0 (ssh://git@github.com/shilei-massclouds/axerrno.git#892169aa)\n   Compiling scopeguard v1.2.0\n   Compiling volatile v0.4.6\n   Compiling x86_64 v0.14.13\n   Compiling kernel_guard_base v0.1.0 (ssh://git@github.com/shilei-massclouds/kernel_guard_base#4e672f3e)\n   Compiling raw-cpuid v10.7.0\nerror[E0053]: method `steps_between` has an incompatible type for trait\n   --> /home/runner/.cargo/registry/src/index.crates.io-6f17d22bba15001f/x86_64-0.14.13/src/addr.rs:387:51\n    |\n387 |     fn steps_between(start: &Self, end: &Self) -> (usize, Option<usize>) {\n    |                                                   ^^^^^^^^^^^^^^^^^^^^^^ expected `core::option::Option<usize>`, found `(usize, Option<usize>)`\n    |\n    = note: expected signature `fn(&addr::VirtAddr, &addr::VirtAddr) -> core::option::Option<usize>`\n               found signature `fn(&addr::VirtAddr, &addr::VirtAddr) -> (usize, core::option::Option<usize>)`\nhelp: change the output type to match the trait\n    |\n387 |     fn steps_between(start: &Self, end: &Self) -> core::option::Option<usize> {\n    |                                                   ~~~~~~~~~~~~~~~~~~~~~~~~~~~\n\nerror[E0053]: method `steps_between` has an incompatible type for trait\n   --> /home/runner/.cargo/registry/src/index.crates.io-6f17d22bba15001f/x86_64-0.14.13/src/structures/paging/page.rs:284:51\n    |\n284 |     fn steps_between(start: &Self, end: &Self) -> (usize, Option<usize>) {\n    |                                                   ^^^^^^^^^^^^^^^^^^^^^^ expected `core::option::Option<usize>`, found `(usize, Option<usize>)`\n    |\n    = note: expected signature `fn(&structures::paging::page::Page<_>, &structures::paging::page::Page<_>) -> core::option::Option<usize>`\n               found signature `fn(&structures::paging::page::Page<_>, &structures::paging::page::Page<_>) -> (usize, core::option::Option<usize>)`\nhelp: change the output type to match the trait\n    |\n284 |     fn steps_between(start: &Self, end: &Self) -> core::option::Option<usize> {\n    |                                                   ~~~~~~~~~~~~~~~~~~~~~~~~~~~\n\nFor more information about this error, try `rustc --explain E0053`.\nerror: could not compile `x86_64` (lib) due to 2 previous errors\nwarning: build failed, waiting for other jobs to finish...\n"
    },
    {
      "cmd_idx": 12,
      "file": "(virtual) rap",
      "kind": "Cargo",
      "raw": "// pkg_name=signal, checker=Rap\n// toolchain=nightly-2024-12-26-x86_64-unknown-linux-gnu, target=x86_64-unknown-linux-gnu\n// pkg_dir=/home/runner/check/batch_18/shilei-massclouds/signal/signal\n// cmd=cargo +nightly-2024-10-12 rap -F -M -- --target x86_64-unknown-linux-gnu\n// timestamp=2024-12-29 2:32:36.206569779 +08:00:00\n   Compiling proc-macro2 v1.0.92\n   Compiling unicode-ident v1.0.14\n   Compiling equivalent v1.0.1\n   Compiling hashbrown v0.15.2\n   Compiling serde v1.0.217\n   Compiling winnow v0.5.40\n   Compiling toml_datetime v0.6.8\n   Compiling indexmap v2.7.0\n   Compiling quote v1.0.38\n    Checking log v0.4.22\n    Checking bit_field v0.10.2\n    Checking bitflags v1.3.2\n   Compiling syn v2.0.92\n    Checking bitflags v2.6.0\n   Compiling toml_edit v0.19.15\n    Checking cfg-if v1.0.0\n   Compiling autocfg v1.4.0\n   Compiling rustversion v1.0.19\n   Compiling lock_api v0.4.12\n   Compiling axerrno v0.1.0 (ssh://git@github.com/shilei-massclouds/axerrno.git#892169aa)\n    Checking volatile v0.4.6\n    Checking scopeguard v1.2.0\n    Checking kernel_guard_base v0.1.0 (ssh://git@github.com/shilei-massclouds/kernel_guard_base#4e672f3e)\n    Checking x86_64 v0.14.13\n    Checking raw-cpuid v10.7.0\nerror[E0053]: method `steps_between` has an incompatible type for trait\n   --> /home/runner/.cargo/registry/src/index.crates.io-6f17d22bba15001f/x86_64-0.14.13/src/addr.rs:387:51\n    |\n387 |     fn steps_between(start: &Self, end: &Self) -> (usize, Option<usize>) {\n    |                                                   ^^^^^^^^^^^^^^^^^^^^^^ expected `Option<usize>`, found `(usize, Option<usize>)`\n    |\n    = note: expected signature `fn(&addr::VirtAddr, &addr::VirtAddr) -> Option<usize>`\n               found signature `fn(&addr::VirtAddr, &addr::VirtAddr) -> (usize, Option<usize>)`\nhelp: change the output type to match the trait\n    |\n387 |     fn steps_between(start: &Self, end: &Self) -> Option<usize> {\n    |                                                   ~~~~~~~~~~~~~\n\nerror[E0053]: method `steps_between` has an incompatible type for trait\n   --> /home/runner/.cargo/registry/src/index.crates.io-6f17d22bba15001f/x86_64-0.14.13/src/structures/paging/page.rs:284:51\n    |\n284 |     fn steps_between(start: &Self, end: &Self) -> (usize, Option<usize>) {\n    |                                                   ^^^^^^^^^^^^^^^^^^^^^^ expected `Option<usize>`, found `(usize, Option<usize>)`\n    |\n    = note: expected signature `fn(&Page<_>, &Page<_>) -> Option<usize>`\n               found signature `fn(&Page<_>, &Page<_>) -> (usize, Option<usize>)`\nhelp: change the output type to match the trait\n    |\n284 |     fn steps_between(start: &Self, end: &Self) -> Option<usize> {\n    |                                                   ~~~~~~~~~~~~~\n\n   Compiling x86 v0.52.0\nFor more information about this error, try `rustc --explain E0053`.\nerror: could not compile `x86_64` (lib) due to 2 previous errors\nwarning: build failed, waiting for other jobs to finish...\n18:32:42|RAP|ERROR|: Finished with non-zero exit code.\n"
    },
    {
      "cmd_idx": 13,
      "file": "src/lib.rs",
      "kind": "Unformatted",
      "raw": "file: /home/runner/check/batch_18/shilei-massclouds/spinbase/spinbase/src/lib.rs (original lines from 15 to 15)\n-use kernel_guard_base::{NoOp, IrqSave};\n+use kernel_guard_base::{IrqSave, NoOp};\n"
    },
    {
      "cmd_idx": 14,
      "file": "src/base.rs",
      "kind": "Clippy(Warn)",
      "raw": "warning: `?Sized` bound is ignored because of a `Sized` requirement\n   --> src/base.rs:177:23\n    |\n177 | impl<G: BaseGuard, T: ?Sized + Default> Default for BaseSpinLock<G, T> {\n    |                       ^^^^^^\n    |\nnote: `T` cannot be unsized because of the bound\n   --> src/base.rs:177:32\n    |\n177 | impl<G: BaseGuard, T: ?Sized + Default> Default for BaseSpinLock<G, T> {\n    |                                ^^^^^^^\n    = note: ...because `Default` has the bound `Sized`\n    = help: for further information visit https://rust-lang.github.io/rust-clippy/master/index.html#needless_maybe_sized\n    = note: `#[warn(clippy::needless_maybe_sized)]` on by default\nhelp: change the bounds that require `Sized`, or remove the `?Sized` bound\n    |\n177 - impl<G: BaseGuard, T: ?Sized + Default> Default for BaseSpinLock<G, T> {\n177 + impl<G: BaseGuard, T: Default> Default for BaseSpinLock<G, T> {\n    |\n\n"
    },
    {
      "cmd_idx": 14,
      "file": "src/base.rs",
      "kind": "Clippy(Warn)",
      "raw": "warning: the following explicit lifetimes could be elided: 'a\n   --> src/base.rs:195:6\n    |\n195 | impl<'a, G: BaseGuard, T: ?Sized> Deref for BaseSpinLockGuard<'a, G, T> {\n    |      ^^                                                       ^^\n    |\n    = help: for further information visit https://rust-lang.github.io/rust-clippy/master/index.html#needless_lifetimes\n    = note: `#[warn(clippy::needless_lifetimes)]` on by default\nhelp: elide the lifetimes\n    |\n195 - impl<'a, G: BaseGuard, T: ?Sized> Deref for BaseSpinLockGuard<'a, G, T> {\n195 + impl<G: BaseGuard, T: ?Sized> Deref for BaseSpinLockGuard<'_, G, T> {\n    |\n\n"
    },
    {
      "cmd_idx": 14,
      "file": "src/base.rs",
      "kind": "Clippy(Warn)",
      "raw": "warning: the following explicit lifetimes could be elided: 'a\n   --> src/base.rs:195:6\n    |\n195 | impl<'a, G: BaseGuard, T: ?Sized> Deref for BaseSpinLockGuard<'a, G, T> {\n    |      ^^                                                       ^^\n    |\n    = help: for further information visit https://rust-lang.github.io/rust-clippy/master/index.html#needless_lifetimes\n    = note: `#[warn(clippy::needless_lifetimes)]` on by default\nhelp: elide the lifetimes\n    |\n195 - impl<'a, G: BaseGuard, T: ?Sized> Deref for BaseSpinLockGuard<'a, G, T> {\n195 + impl<G: BaseGuard, T: ?Sized> Deref for BaseSpinLockGuard<'_, G, T> {\n    |\n\n"
    },
    {
      "cmd_idx": 14,
      "file": "src/base.rs",
      "kind": "Clippy(Warn)",
      "raw": "warning: the following explicit lifetimes could be elided: 'a\n   --> src/base.rs:204:6\n    |\n204 | impl<'a, G: BaseGuard, T: ?Sized> DerefMut for BaseSpinLockGuard<'a, G, T> {\n    |      ^^                                                          ^^\n    |\n    = help: for further information visit https://rust-lang.github.io/rust-clippy/master/index.html#needless_lifetimes\nhelp: elide the lifetimes\n    |\n204 - impl<'a, G: BaseGuard, T: ?Sized> DerefMut for BaseSpinLockGuard<'a, G, T> {\n204 + impl<G: BaseGuard, T: ?Sized> DerefMut for BaseSpinLockGuard<'_, G, T> {\n    |\n\n"
    },
    {
      "cmd_idx": 14,
      "file": "src/base.rs",
      "kind": "Clippy(Warn)",
      "raw": "warning: the following explicit lifetimes could be elided: 'a\n   --> src/base.rs:204:6\n    |\n204 | impl<'a, G: BaseGuard, T: ?Sized> DerefMut for BaseSpinLockGuard<'a, G, T> {\n    |      ^^                                                          ^^\n    |\n    = help: for further information visit https://rust-lang.github.io/rust-clippy/master/index.html#needless_lifetimes\nhelp: elide the lifetimes\n    |\n204 - impl<'a, G: BaseGuard, T: ?Sized> DerefMut for BaseSpinLockGuard<'a, G, T> {\n204 + impl<G: BaseGuard, T: ?Sized> DerefMut for BaseSpinLockGuard<'_, G, T> {\n    |\n\n"
    },
    {
      "cmd_idx": 14,
      "file": "src/base.rs",
      "kind": "Clippy(Warn)",
      "raw": "warning: the following explicit lifetimes could be elided: 'a\n   --> src/base.rs:212:6\n    |\n212 | impl<'a, G: BaseGuard, T: ?Sized + fmt::Debug> fmt::Debug for BaseSpinLockGuard<'a, G, T> {\n    |      ^^                                                                         ^^\n    |\n    = help: for further information visit https://rust-lang.github.io/rust-clippy/master/index.html#needless_lifetimes\nhelp: elide the lifetimes\n    |\n212 - impl<'a, G: BaseGuard, T: ?Sized + fmt::Debug> fmt::Debug for BaseSpinLockGuard<'a, G, T> {\n212 + impl<G: BaseGuard, T: ?Sized + fmt::Debug> fmt::Debug for BaseSpinLockGuard<'_, G, T> {\n    |\n\n"
    },
    {
      "cmd_idx": 14,
      "file": "src/base.rs",
      "kind": "Clippy(Warn)",
      "raw": "warning: the following explicit lifetimes could be elided: 'a\n   --> src/base.rs:212:6\n    |\n212 | impl<'a, G: BaseGuard, T: ?Sized + fmt::Debug> fmt::Debug for BaseSpinLockGuard<'a, G, T> {\n    |      ^^                                                                         ^^\n    |\n    = help: for further information visit https://rust-lang.github.io/rust-clippy/master/index.html#needless_lifetimes\nhelp: elide the lifetimes\n    |\n212 - impl<'a, G: BaseGuard, T: ?Sized + fmt::Debug> fmt::Debug for BaseSpinLockGuard<'a, G, T> {\n212 + impl<G: BaseGuard, T: ?Sized + fmt::Debug> fmt::Debug for BaseSpinLockGuard<'_, G, T> {\n    |\n\n"
    },
    {
      "cmd_idx": 14,
      "file": "src/base.rs",
      "kind": "Clippy(Warn)",
      "raw": "warning: the following explicit lifetimes could be elided: 'a\n   --> src/base.rs:218:6\n    |\n218 | impl<'a, G: BaseGuard, T: ?Sized> Drop for BaseSpinLockGuard<'a, G, T> {\n    |      ^^                                                      ^^\n    |\n    = help: for further information visit https://rust-lang.github.io/rust-clippy/master/index.html#needless_lifetimes\nhelp: elide the lifetimes\n    |\n218 - impl<'a, G: BaseGuard, T: ?Sized> Drop for BaseSpinLockGuard<'a, G, T> {\n218 + impl<G: BaseGuard, T: ?Sized> Drop for BaseSpinLockGuard<'_, G, T> {\n    |\n\n"
    },
    {
      "cmd_idx": 14,
      "file": "src/base.rs",
      "kind": "Clippy(Warn)",
      "raw": "warning: the following explicit lifetimes could be elided: 'a\n   --> src/base.rs:218:6\n    |\n218 | impl<'a, G: BaseGuard, T: ?Sized> Drop for BaseSpinLockGuard<'a, G, T> {\n    |      ^^                                                      ^^\n    |\n    = help: for further information visit https://rust-lang.github.io/rust-clippy/master/index.html#needless_lifetimes\nhelp: elide the lifetimes\n    |\n218 - impl<'a, G: BaseGuard, T: ?Sized> Drop for BaseSpinLockGuard<'a, G, T> {\n218 + impl<G: BaseGuard, T: ?Sized> Drop for BaseSpinLockGuard<'_, G, T> {\n    |\n\n"
    },
    {
      "cmd_idx": 15,
      "file": "[semver checks]",
      "kind": "Semver Violation",
      "raw": "pkg=spinbase, checker=SemverChecks\ntoolchain=nightly-2024-12-26-x86_64-unknown-linux-gnu, target=x86_64-unknown-linux-gnu\npkg_dir=/home/runner/check/batch_18/shilei-massclouds/spinbase/spinbase\ncmd=cargo +nightly-2024-12-26-x86_64-unknown-linux-gnu semver-checks --target x86_64-unknown-linux-gnu\n\n\nstdout:\n\nstderr:\n    Building spinbase v0.1.0 (current)\n       Built [   0.289s] (current)\n     Parsing spinbase v0.1.0 (current)\n      Parsed [   0.001s] (current)\nerror: spinbase not found in registry (crates.io). For workarounds check https://github.com/obi1kenobi/cargo-semver-checks#does-the-crate-im-checking-have-to-be-published-on-cratesio\n"
    },
    {
      "cmd_idx": 22,
      "file": "(virtual) semver-checks",
      "kind": "Cargo",
      "raw": "// pkg_name=spinbase, checker=SemverChecks\n// toolchain=nightly-2024-12-26-x86_64-unknown-linux-gnu, target=x86_64-unknown-linux-gnu\n// pkg_dir=/home/runner/check/batch_18/shilei-massclouds/spinbase/spinbase\n// cmd=cargo +nightly-2024-12-26-x86_64-unknown-linux-gnu semver-checks --target x86_64-unknown-linux-gnu\n// timestamp=2024-12-29 2:33:11.146796275 +08:00:00\n    Building spinbase v0.1.0 (current)\n       Built [   0.289s] (current)\n     Parsing spinbase v0.1.0 (current)\n      Parsed [   0.001s] (current)\nerror: spinbase not found in registry (crates.io). For workarounds check https://github.com/obi1kenobi/cargo-semver-checks#does-the-crate-im-checking-have-to-be-published-on-cratesio\n"
    },
    {
      "cmd_idx": 24,
      "file": "/home/runner/.cargo/git/checkouts/early_console-27aa013ee5514833/8bc0d21/early_console/src/lib.rs",
      "kind": "Clippy(Error)",
      "raw": "error[E0432]: unresolved imports `platform::getchar`, `platform::putchar`\n  --> /home/runner/.cargo/git/checkouts/early_console-27aa013ee5514833/8bc0d21/early_console/src/lib.rs:12:20\n   |\n12 | pub use platform::{getchar, putchar};\n   |                    ^^^^^^^  ^^^^^^^ no `putchar` in `platform`\n   |                    |\n   |                    no `getchar` in `platform`\n\n"
    },
    {
      "cmd_idx": 24,
      "file": "/home/runner/.cargo/git/checkouts/early_console-27aa013ee5514833/8bc0d21/early_console/src/lib.rs",
      "kind": "Clippy(Error)",
      "raw": "error[E0432]: unresolved imports `platform::getchar`, `platform::putchar`\n  --> /home/runner/.cargo/git/checkouts/early_console-27aa013ee5514833/8bc0d21/early_console/src/lib.rs:12:20\n   |\n12 | pub use platform::{getchar, putchar};\n   |                    ^^^^^^^  ^^^^^^^ no `putchar` in `platform`\n   |                    |\n   |                    no `getchar` in `platform`\n\n"
    },
    {
      "cmd_idx": 24,
      "file": "/home/runner/.cargo/git/checkouts/early_console-27aa013ee5514833/8bc0d21/early_console/src/platform/dummy/mod.rs",
      "kind": "Clippy(Error)",
      "raw": "error[E0433]: failed to resolve: unresolved import\n  --> /home/runner/.cargo/git/checkouts/early_console-27aa013ee5514833/8bc0d21/early_console/src/platform/dummy/mod.rs:31:69\n   |\n31 |     pub(crate) fn platform_regions() -> impl Iterator<Item = crate::mem::MemRegion> {\n   |                                                                     ^^^\n   |                                                                     |\n   |                                                                     unresolved import\n   |                                                                     help: a similar path exists: `core::mem`\n\n"
    },
    {
      "cmd_idx": 24,
      "file": "/home/runner/.cargo/git/checkouts/early_console-27aa013ee5514833/8bc0d21/early_console/src/lib.rs",
      "kind": "Clippy(Error)",
      "raw": "error[E0425]: cannot find function `console_init` in module `platform`\n  --> /home/runner/.cargo/git/checkouts/early_console-27aa013ee5514833/8bc0d21/early_console/src/lib.rs:17:15\n   |\n17 |     platform::console_init();\n   |               ^^^^^^^^^^^^ not found in `platform`\n\n"
    },
    {
      "cmd_idx": 24,
      "file": "/home/runner/.cargo/git/checkouts/early_console-27aa013ee5514833/8bc0d21/early_console/src/lib.rs",
      "kind": "Clippy(Error)",
      "raw": "error[E0425]: cannot find function `putchar` in module `platform`\n  --> /home/runner/.cargo/git/checkouts/early_console-27aa013ee5514833/8bc0d21/early_console/src/lib.rs:23:19\n   |\n23 |         platform::putchar(*c);\n   |                   ^^^^^^^ not found in `platform`\n   |\nhelp: consider importing this function\n   |\n12 + use crate::platform::console::putchar;\n   |\nhelp: if you import `putchar`, refer to it directly\n   |\n23 -         platform::putchar(*c);\n23 +         putchar(*c);\n   |\n\n"
    },
    {
      "cmd_idx": 24,
      "file": "/home/runner/.cargo/git/checkouts/early_console-27aa013ee5514833/8bc0d21/early_console/src/lib.rs",
      "kind": "Clippy(Error)",
      "raw": "error[E0425]: cannot find function `getchar` in module `platform`\n  --> /home/runner/.cargo/git/checkouts/early_console-27aa013ee5514833/8bc0d21/early_console/src/lib.rs:31:36\n   |\n31 |         if let Some(c) = platform::getchar() {\n   |                                    ^^^^^^^ not found in `platform`\n   |\nhelp: consider importing this function\n   |\n12 + use crate::platform::console::getchar;\n   |\nhelp: if you import `getchar`, refer to it directly\n   |\n31 -         if let Some(c) = platform::getchar() {\n31 +         if let Some(c) = getchar() {\n   |\n\n"
    },
    {
      "cmd_idx": 25,
      "file": "[semver checks]",
      "kind": "Semver Violation",
      "raw": "pkg=spinpreempt, checker=SemverChecks\ntoolchain=nightly-2024-12-26-x86_64-unknown-linux-gnu, target=x86_64-unknown-linux-gnu\npkg_dir=/home/runner/check/batch_18/shilei-massclouds/spinpreempt/spinpreempt\ncmd=cargo +nightly-2024-12-26-x86_64-unknown-linux-gnu semver-checks --target x86_64-unknown-linux-gnu\n\n\nstdout:\n\nstderr:\n    Building spinpreempt v0.1.0 (current)\nerror: running cargo-doc on crate 'spinpreempt' failed with output:\n-----\n   Compiling serde v1.0.217\n   Compiling hashbrown v0.15.2\n   Compiling equivalent v1.0.1\n   Compiling toml_datetime v0.6.8\n   Compiling winnow v0.5.40\n   Compiling proc-macro2 v1.0.92\n   Compiling unicode-ident v1.0.14\n   Compiling indexmap v2.7.0\n    Checking bit_field v0.10.2\n   Compiling quote v1.0.38\n    Checking cfg-if v1.0.0\n   Compiling rustversion v1.0.19\n   Compiling autocfg v1.4.0\n    Checking bitflags v2.6.0\n   Compiling toml_edit v0.19.15\n   Compiling lock_api v0.4.12\n    Checking bitflags v1.3.2\n    Checking volatile v0.4.6\n    Checking raw-cpuid v10.7.0\n    Checking x86_64 v0.14.13\n    Checking kernel_guard_base v0.1.0 (ssh://git@github.com/shilei-massclouds/kernel_guard_base.git#4e672f3e)\n   Compiling syn v1.0.109\n   Compiling x86 v0.52.0\n    Checking scopeguard v1.2.0\n   Compiling paste v1.0.15\n    Checking log v0.4.22\n    Checking spinbase v0.1.0 (ssh://git@github.com/shilei-massclouds/spinbase.git#a3496db8)\n   Compiling syn v2.0.92\n   Compiling libc v0.2.169\n   Compiling percpu2 v0.1.0 (ssh://git@github.com/shilei-massclouds/percpu2#2fa7f00e)\n   Compiling axerrno v0.1.0 (ssh://git@github.com/shilei-massclouds/axerrno#892169aa)\n    Checking spin v0.9.8\n   Compiling unicode-width v0.1.14\n   Compiling axconfig v0.1.0 (ssh://git@github.com/shilei-massclouds/axconfig#51b81e4a)\n   Compiling base64 v0.13.1\n   Compiling early_console v0.1.0 (ssh://git@github.com/shilei-massclouds/early_console#8bc0d219)\n   Compiling axhal v0.1.0 (ssh://git@github.com/shilei-massclouds/axhal.git#db90ff50)\nerror[E0432]: unresolved imports `platform::getchar`, `platform::putchar`\n  --> /home/runner/.cargo/git/checkouts/early_console-27aa013ee5514833/8bc0d21/early_console/src/lib.rs:12:20\n   |\n12 | pub use platform::{getchar, putchar};\n   |                    ^^^^^^^  ^^^^^^^ no `putchar` in `platform`\n   |                    |\n   |                    no `getchar` in `platform`\n\nerror[E0433]: failed to resolve: unresolved import\n  --> /home/runner/.cargo/git/checkouts/early_console-27aa013ee5514833/8bc0d21/early_console/src/platform/dummy/mod.rs:31:69\n   |\n31 |     pub(crate) fn platform_regions() -> impl Iterator<Item = crate::mem::MemRegion> {\n   |                                                                     ^^^\n   |                                                                     |\n   |                                                                     unresolved import\n   |                                                                     help: a similar path exists: `core::mem`\n\nerror[E0425]: cannot find function `console_init` in module `platform`\n  --> /home/runner/.cargo/git/checkouts/early_console-27aa013ee5514833/8bc0d21/early_console/src/lib.rs:17:15\n   |\n17 |     platform::console_init();\n   |               ^^^^^^^^^^^^ not found in `platform`\n\nerror[E0425]: cannot find function `putchar` in module `platform`\n  --> /home/runner/.cargo/git/checkouts/early_console-27aa013ee5514833/8bc0d21/early_console/src/lib.rs:23:19\n   |\n23 |         platform::putchar(*c);\n   |                   ^^^^^^^ not found in `platform`\n   |\nhelp: consider importing this function\n   |\n12 + use crate::platform::console::putchar;\n   |\nhelp: if you import `putchar`, refer to it directly\n   |\n23 -         platform::putchar(*c);\n23 +         putchar(*c);\n   |\n\nerror[E0425]: cannot find function `getchar` in module `platform`\n  --> /home/runner/.cargo/git/checkouts/early_console-27aa013ee5514833/8bc0d21/early_console/src/lib.rs:31:36\n   |\n31 |         if let Some(c) = platform::getchar() {\n   |                                    ^^^^^^^ not found in `platform`\n   |\nhelp: consider importing this function\n   |\n12 + use crate::platform::console::getchar;\n   |\nhelp: if you import `getchar`, refer to it directly\n   |\n31 -         if let Some(c) = platform::getchar() {\n31 +         if let Some(c) = getchar() {\n   |\n\nSome errors have detailed explanations: E0425, E0432, E0433.\nFor more information about an error, try `rustc --explain E0425`.\nerror: could not compile `early_console` (lib) due to 5 previous errors\nwarning: build failed, waiting for other jobs to finish...\n\n-----\n\nerror: failed to build rustdoc for crate spinpreempt v0.1.0\nnote: this is usually due to a compilation error in the crate,\n      and is unlikely to be a bug in cargo-semver-checks\nnote: the following command can be used to reproduce the compilation error:\n      cargo new --lib example &&\n          cd example &&\n          echo '[workspace]' >> Cargo.toml &&\n          cargo add --path /home/runner/check/batch_18/shilei-massclouds/spinpreempt/spinpreempt --features default,smp &&\n          cargo check\n\nerror: aborting due to failure to build rustdoc for crate spinpreempt v0.1.0\n"
    },
    {
      "cmd_idx": 27,
      "file": "[lockbud] Not supported to display yet.",
      "kind": "Lockbud(Possibly)",
      "raw": "[2024-12-28T18:33:46Z WARN  lockbud::callbacks] [\n      {\n        \"AtomicityViolation\": {\n          \"bug_kind\": \"AtomicityViolation\",\n          \"possibility\": \"Possibly\",\n          \"diagnosis\": {\n            \"fn_name\": \"set_logger_racy\",\n            \"atomic_reader\": \"/home/runner/.cargo/registry/src/index.crates.io-6f17d22bba15001f/log-0.4.22/src/lib.rs:1447:11: 1447:40 (#0)\",\n            \"atomic_writer\": \"/home/runner/.cargo/registry/src/index.crates.io-6f17d22bba15001f/log-0.4.22/src/lib.rs:1450:13: 1450:56 (#0)\",\n            \"dep_kind\": \"Control\"\n          },\n          \"explanation\": \"atomic::store is data/control dependent on atomic::load\"\n        }\n      }\n    ]\n[2024-12-28T18:33:46Z WARN  lockbud::callbacks] crate log contains bugs: { probably: 0, possibly: 0 }, conflictlock: { probably: 0, possibly: 0 }, condvar_deadlock: { probably: 0, possibly: 0 }, atomicity_violation: { possibly: 1 }, invalid_free: { possibly: 0 }, use_after_free: { possibly: 0 }"
    },
    {
      "cmd_idx": 32,
      "file": "(virtual) clippy",
      "kind": "Cargo",
      "raw": "// pkg_name=spinpreempt, checker=Clippy\n// toolchain=nightly-2024-12-26-x86_64-unknown-linux-gnu, target=x86_64-unknown-linux-gnu\n// pkg_dir=/home/runner/check/batch_18/shilei-massclouds/spinpreempt/spinpreempt\n// cmd=cargo clippy --target x86_64-unknown-linux-gnu --no-deps --message-format=json\n// timestamp=2024-12-29 2:33:22.208003709 +08:00:00\n   Compiling serde v1.0.217\n   Compiling hashbrown v0.15.2\n   Compiling equivalent v1.0.1\n   Compiling toml_datetime v0.6.8\n   Compiling winnow v0.5.40\n   Compiling proc-macro2 v1.0.92\n   Compiling unicode-ident v1.0.14\n   Compiling indexmap v2.7.0\n    Checking bit_field v0.10.2\n   Compiling quote v1.0.38\n    Checking cfg-if v1.0.0\n   Compiling rustversion v1.0.19\n   Compiling autocfg v1.4.0\n    Checking bitflags v2.6.0\n   Compiling toml_edit v0.19.15\n   Compiling lock_api v0.4.12\n    Checking bitflags v1.3.2\n    Checking volatile v0.4.6\n    Checking raw-cpuid v10.7.0\n    Checking x86_64 v0.14.13\n    Checking kernel_guard_base v0.1.0 (ssh://git@github.com/shilei-massclouds/kernel_guard_base.git#4e672f3e)\n    Checking log v0.4.22\n    Checking scopeguard v1.2.0\n   Compiling paste v1.0.15\n   Compiling syn v1.0.109\n   Compiling x86 v0.52.0\n    Checking spinbase v0.1.0 (ssh://git@github.com/shilei-massclouds/spinbase.git#a3496db8)\n   Compiling syn v2.0.92\n   Compiling percpu2 v0.1.0 (ssh://git@github.com/shilei-massclouds/percpu2#2fa7f00e)\n   Compiling axerrno v0.1.0 (ssh://git@github.com/shilei-massclouds/axerrno#892169aa)\n   Compiling libc v0.2.169\n    Checking spin v0.9.8\n   Compiling axconfig v0.1.0 (ssh://git@github.com/shilei-massclouds/axconfig#51b81e4a)\n    Checking bit v0.1.1\n   Compiling base64 v0.13.1\n   Compiling early_console v0.1.0 (ssh://git@github.com/shilei-massclouds/early_console#8bc0d219)\n   Compiling axhal v0.1.0 (ssh://git@github.com/shilei-massclouds/axhal.git#db90ff50)\n   Compiling unicode-width v0.1.14\nerror: could not compile `early_console` (lib) due to 5 previous errors\nwarning: build failed, waiting for other jobs to finish...\n"
    },
    {
      "cmd_idx": 33,
      "file": "(virtual) semver-checks",
      "kind": "Cargo",
      "raw": "// pkg_name=spinpreempt, checker=SemverChecks\n// toolchain=nightly-2024-12-26-x86_64-unknown-linux-gnu, target=x86_64-unknown-linux-gnu\n// pkg_dir=/home/runner/check/batch_18/shilei-massclouds/spinpreempt/spinpreempt\n// cmd=cargo +nightly-2024-12-26-x86_64-unknown-linux-gnu semver-checks --target x86_64-unknown-linux-gnu\n// timestamp=2024-12-29 2:33:29.590517522 +08:00:00\n    Building spinpreempt v0.1.0 (current)\nerror: running cargo-doc on crate 'spinpreempt' failed with output:\n-----\n   Compiling serde v1.0.217\n   Compiling hashbrown v0.15.2\n   Compiling equivalent v1.0.1\n   Compiling toml_datetime v0.6.8\n   Compiling winnow v0.5.40\n   Compiling proc-macro2 v1.0.92\n   Compiling unicode-ident v1.0.14\n   Compiling indexmap v2.7.0\n    Checking bit_field v0.10.2\n   Compiling quote v1.0.38\n    Checking cfg-if v1.0.0\n   Compiling rustversion v1.0.19\n   Compiling autocfg v1.4.0\n    Checking bitflags v2.6.0\n   Compiling toml_edit v0.19.15\n   Compiling lock_api v0.4.12\n    Checking bitflags v1.3.2\n    Checking volatile v0.4.6\n    Checking raw-cpuid v10.7.0\n    Checking x86_64 v0.14.13\n    Checking kernel_guard_base v0.1.0 (ssh://git@github.com/shilei-massclouds/kernel_guard_base.git#4e672f3e)\n   Compiling syn v1.0.109\n   Compiling x86 v0.52.0\n    Checking scopeguard v1.2.0\n   Compiling paste v1.0.15\n    Checking log v0.4.22\n    Checking spinbase v0.1.0 (ssh://git@github.com/shilei-massclouds/spinbase.git#a3496db8)\n   Compiling syn v2.0.92\n   Compiling libc v0.2.169\n   Compiling percpu2 v0.1.0 (ssh://git@github.com/shilei-massclouds/percpu2#2fa7f00e)\n   Compiling axerrno v0.1.0 (ssh://git@github.com/shilei-massclouds/axerrno#892169aa)\n    Checking spin v0.9.8\n   Compiling unicode-width v0.1.14\n   Compiling axconfig v0.1.0 (ssh://git@github.com/shilei-massclouds/axconfig#51b81e4a)\n   Compiling base64 v0.13.1\n   Compiling early_console v0.1.0 (ssh://git@github.com/shilei-massclouds/early_console#8bc0d219)\n   Compiling axhal v0.1.0 (ssh://git@github.com/shilei-massclouds/axhal.git#db90ff50)\nerror[E0432]: unresolved imports `platform::getchar`, `platform::putchar`\n  --> /home/runner/.cargo/git/checkouts/early_console-27aa013ee5514833/8bc0d21/early_console/src/lib.rs:12:20\n   |\n12 | pub use platform::{getchar, putchar};\n   |                    ^^^^^^^  ^^^^^^^ no `putchar` in `platform`\n   |                    |\n   |                    no `getchar` in `platform`\n\nerror[E0433]: failed to resolve: unresolved import\n  --> /home/runner/.cargo/git/checkouts/early_console-27aa013ee5514833/8bc0d21/early_console/src/platform/dummy/mod.rs:31:69\n   |\n31 |     pub(crate) fn platform_regions() -> impl Iterator<Item = crate::mem::MemRegion> {\n   |                                                                     ^^^\n   |                                                                     |\n   |                                                                     unresolved import\n   |                                                                     help: a similar path exists: `core::mem`\n\nerror[E0425]: cannot find function `console_init` in module `platform`\n  --> /home/runner/.cargo/git/checkouts/early_console-27aa013ee5514833/8bc0d21/early_console/src/lib.rs:17:15\n   |\n17 |     platform::console_init();\n   |               ^^^^^^^^^^^^ not found in `platform`\n\nerror[E0425]: cannot find function `putchar` in module `platform`\n  --> /home/runner/.cargo/git/checkouts/early_console-27aa013ee5514833/8bc0d21/early_console/src/lib.rs:23:19\n   |\n23 |         platform::putchar(*c);\n   |                   ^^^^^^^ not found in `platform`\n   |\nhelp: consider importing this function\n   |\n12 + use crate::platform::console::putchar;\n   |\nhelp: if you import `putchar`, refer to it directly\n   |\n23 -         platform::putchar(*c);\n23 +         putchar(*c);\n   |\n\nerror[E0425]: cannot find function `getchar` in module `platform`\n  --> /home/runner/.cargo/git/checkouts/early_console-27aa013ee5514833/8bc0d21/early_console/src/lib.rs:31:36\n   |\n31 |         if let Some(c) = platform::getchar() {\n   |                                    ^^^^^^^ not found in `platform`\n   |\nhelp: consider importing this function\n   |\n12 + use crate::platform::console::getchar;\n   |\nhelp: if you import `getchar`, refer to it directly\n   |\n31 -         if let Some(c) = platform::getchar() {\n31 +         if let Some(c) = getchar() {\n   |\n\nSome errors have detailed explanations: E0425, E0432, E0433.\nFor more information about an error, try `rustc --explain E0425`.\nerror: could not compile `early_console` (lib) due to 5 previous errors\nwarning: build failed, waiting for other jobs to finish...\n\n-----\n\nerror: failed to build rustdoc for crate spinpreempt v0.1.0\nnote: this is usually due to a compilation error in the crate,\n      and is unlikely to be a bug in cargo-semver-checks\nnote: the following command can be used to reproduce the compilation error:\n      cargo new --lib example &&\n          cd example &&\n          echo '[workspace]' >> Cargo.toml &&\n          cargo add --path /home/runner/check/batch_18/shilei-massclouds/spinpreempt/spinpreempt --features default,smp &&\n          cargo check\n\nerror: aborting due to failure to build rustdoc for crate spinpreempt v0.1.0\n"
    },
    {
      "cmd_idx": 34,
      "file": "(virtual) lockbud",
      "kind": "Cargo",
      "raw": "// pkg_name=spinpreempt, checker=Lockbud\n// toolchain=nightly-2024-12-26-x86_64-unknown-linux-gnu, target=x86_64-unknown-linux-gnu\n// pkg_dir=/home/runner/check/batch_18/shilei-massclouds/spinpreempt/spinpreempt\n// cmd=cargo +nightly-2024-10-05 lockbud -k all -- --target x86_64-unknown-linux-gnu\n// timestamp=2024-12-29 2:33:42.426483709 +08:00:00\n   Compiling serde v1.0.217\n   Compiling hashbrown v0.15.2\n   Compiling equivalent v1.0.1\n   Compiling toml_datetime v0.6.8\n   Compiling winnow v0.5.40\n   Compiling proc-macro2 v1.0.92\n   Compiling unicode-ident v1.0.14\n   Compiling indexmap v2.7.0\n   Compiling bit_field v0.10.2\n   Compiling quote v1.0.38\n   Compiling cfg-if v1.0.0\n   Compiling rustversion v1.0.19\n   Compiling autocfg v1.4.0\n   Compiling bitflags v2.6.0\n   Compiling toml_edit v0.19.15\n   Compiling lock_api v0.4.12\n   Compiling volatile v0.4.6\n   Compiling bitflags v1.3.2\n   Compiling raw-cpuid v10.7.0\n   Compiling x86_64 v0.14.13\nerror[E0053]: method `steps_between` has an incompatible type for trait\n   --> /home/runner/.cargo/registry/src/index.crates.io-6f17d22bba15001f/x86_64-0.14.13/src/addr.rs:387:51\n    |\n387 |     fn steps_between(start: &Self, end: &Self) -> (usize, Option<usize>) {\n    |                                                   ^^^^^^^^^^^^^^^^^^^^^^ expected `core::option::Option<usize>`, found `(usize, Option<usize>)`\n    |\n    = note: expected signature `fn(&addr::VirtAddr, &addr::VirtAddr) -> core::option::Option<usize>`\n               found signature `fn(&addr::VirtAddr, &addr::VirtAddr) -> (usize, core::option::Option<usize>)`\nhelp: change the output type to match the trait\n    |\n387 |     fn steps_between(start: &Self, end: &Self) -> core::option::Option<usize> {\n    |                                                   ~~~~~~~~~~~~~~~~~~~~~~~~~~~\n\nerror[E0053]: method `steps_between` has an incompatible type for trait\n   --> /home/runner/.cargo/registry/src/index.crates.io-6f17d22bba15001f/x86_64-0.14.13/src/structures/paging/page.rs:284:51\n    |\n284 |     fn steps_between(start: &Self, end: &Self) -> (usize, Option<usize>) {\n    |                                                   ^^^^^^^^^^^^^^^^^^^^^^ expected `core::option::Option<usize>`, found `(usize, Option<usize>)`\n    |\n    = note: expected signature `fn(&structures::paging::page::Page<_>, &structures::paging::page::Page<_>) -> core::option::Option<usize>`\n               found signature `fn(&structures::paging::page::Page<_>, &structures::paging::page::Page<_>) -> (usize, core::option::Option<usize>)`\nhelp: change the output type to match the trait\n    |\n284 |     fn steps_between(start: &Self, end: &Self) -> core::option::Option<usize> {\n    |                                                   ~~~~~~~~~~~~~~~~~~~~~~~~~~~\n\n   Compiling kernel_guard_base v0.1.0 (ssh://git@github.com/shilei-massclouds/kernel_guard_base.git#4e672f3e)\n   Compiling scopeguard v1.2.0\n   Compiling log v0.4.22\n[2024-12-28T18:33:46Z WARN  lockbud::callbacks] [\n      {\n        \"AtomicityViolation\": {\n          \"bug_kind\": \"AtomicityViolation\",\n          \"possibility\": \"Possibly\",\n          \"diagnosis\": {\n            \"fn_name\": \"set_logger_racy\",\n            \"atomic_reader\": \"/home/runner/.cargo/registry/src/index.crates.io-6f17d22bba15001f/log-0.4.22/src/lib.rs:1447:11: 1447:40 (#0)\",\n            \"atomic_writer\": \"/home/runner/.cargo/registry/src/index.crates.io-6f17d22bba15001f/log-0.4.22/src/lib.rs:1450:13: 1450:56 (#0)\",\n            \"dep_kind\": \"Control\"\n          },\n          \"explanation\": \"atomic::store is data/control dependent on atomic::load\"\n        }\n      }\n    ]\n[2024-12-28T18:33:46Z WARN  lockbud::callbacks] crate log contains bugs: { probably: 0, possibly: 0 }, conflictlock: { probably: 0, possibly: 0 }, condvar_deadlock: { probably: 0, possibly: 0 }, atomicity_violation: { possibly: 1 }, invalid_free: { possibly: 0 }, use_after_free: { possibly: 0 }\n   Compiling paste v1.0.15\n   Compiling x86 v0.52.0\nFor more information about this error, try `rustc --explain E0053`.\nerror: could not compile `x86_64` (lib) due to 2 previous errors\nwarning: build failed, waiting for other jobs to finish...\n"
    },
    {
      "cmd_idx": 35,
      "file": "(virtual) rap",
      "kind": "Cargo",
      "raw": "// pkg_name=spinpreempt, checker=Rap\n// toolchain=nightly-2024-12-26-x86_64-unknown-linux-gnu, target=x86_64-unknown-linux-gnu\n// pkg_dir=/home/runner/check/batch_18/shilei-massclouds/spinpreempt/spinpreempt\n// cmd=cargo +nightly-2024-10-12 rap -F -M -- --target x86_64-unknown-linux-gnu\n// timestamp=2024-12-29 2:33:47.789199929 +08:00:00\n   Compiling serde v1.0.217\n   Compiling hashbrown v0.15.2\n   Compiling equivalent v1.0.1\n   Compiling winnow v0.5.40\n   Compiling toml_datetime v0.6.8\n   Compiling proc-macro2 v1.0.92\n   Compiling indexmap v2.7.0\n   Compiling unicode-ident v1.0.14\n    Checking bit_field v0.10.2\n    Checking cfg-if v1.0.0\n   Compiling quote v1.0.38\n   Compiling toml_edit v0.19.15\n   Compiling rustversion v1.0.19\n   Compiling autocfg v1.4.0\n    Checking bitflags v2.6.0\n   Compiling lock_api v0.4.12\n    Checking bitflags v1.3.2\n    Checking volatile v0.4.6\n    Checking raw-cpuid v10.7.0\n    Checking x86_64 v0.14.13\n    Checking kernel_guard_base v0.1.0 (ssh://git@github.com/shilei-massclouds/kernel_guard_base.git#4e672f3e)\n    Checking log v0.4.22\nerror[E0053]: method `steps_between` has an incompatible type for trait\n   --> /home/runner/.cargo/registry/src/index.crates.io-6f17d22bba15001f/x86_64-0.14.13/src/addr.rs:387:51\n    |\n387 |     fn steps_between(start: &Self, end: &Self) -> (usize, Option<usize>) {\n    |                                                   ^^^^^^^^^^^^^^^^^^^^^^ expected `Option<usize>`, found `(usize, Option<usize>)`\n    |\n    = note: expected signature `fn(&addr::VirtAddr, &addr::VirtAddr) -> Option<usize>`\n               found signature `fn(&addr::VirtAddr, &addr::VirtAddr) -> (usize, Option<usize>)`\nhelp: change the output type to match the trait\n    |\n387 |     fn steps_between(start: &Self, end: &Self) -> Option<usize> {\n    |                                                   ~~~~~~~~~~~~~\n\n    Checking scopeguard v1.2.0\nerror[E0053]: method `steps_between` has an incompatible type for trait\n   --> /home/runner/.cargo/registry/src/index.crates.io-6f17d22bba15001f/x86_64-0.14.13/src/structures/paging/page.rs:284:51\n    |\n284 |     fn steps_between(start: &Self, end: &Self) -> (usize, Option<usize>) {\n    |                                                   ^^^^^^^^^^^^^^^^^^^^^^ expected `Option<usize>`, found `(usize, Option<usize>)`\n    |\n    = note: expected signature `fn(&Page<_>, &Page<_>) -> Option<usize>`\n               found signature `fn(&Page<_>, &Page<_>) -> (usize, Option<usize>)`\nhelp: change the output type to match the trait\n    |\n284 |     fn steps_between(start: &Self, end: &Self) -> Option<usize> {\n    |                                                   ~~~~~~~~~~~~~\n\n   Compiling x86 v0.52.0\n   Compiling paste v1.0.15\n   Compiling syn v1.0.109\n    Checking spinbase v0.1.0 (ssh://git@github.com/shilei-massclouds/spinbase.git#a3496db8)\nFor more information about this error, try `rustc --explain E0053`.\nerror: could not compile `x86_64` (lib) due to 2 previous errors\nwarning: build failed, waiting for other jobs to finish...\n18:33:53|RAP|ERROR|: Finished with non-zero exit code.\n"
    },
    {
      "cmd_idx": 36,
      "file": "src/futex.rs",
      "kind": "Unformatted",
      "raw": "file: /home/runner/check/batch_18/shilei-massclouds/sys/sys/src/futex.rs (original lines from 3 to 3)\n-use alloc::sync::Arc;\n"
    },
    {
      "cmd_idx": 36,
      "file": "src/futex.rs",
      "kind": "Unformatted",
      "raw": "file: /home/runner/check/batch_18/shilei-massclouds/sys/sys/src/futex.rs (original lines from 5 to 5)\n+use alloc::sync::Arc;\n"
    },
    {
      "cmd_idx": 36,
      "file": "src/futex.rs",
      "kind": "Unformatted",
      "raw": "file: /home/runner/check/batch_18/shilei-massclouds/sys/sys/src/futex.rs (original lines from 16 to 16)\n-const FUTEX_PRIVATE_FLAG:   usize = 128;\n+const FUTEX_PRIVATE_FLAG: usize = 128;\n"
    },
    {
      "cmd_idx": 36,
      "file": "src/futex.rs",
      "kind": "Unformatted",
      "raw": "file: /home/runner/check/batch_18/shilei-massclouds/sys/sys/src/futex.rs (original lines from 20 to 21)\n-const FLAGS_SHARED:     usize = 0x01;\n-const FLAGS_CLOCKRT:    usize = 0x02;\n+const FLAGS_SHARED: usize = 0x01;\n+const FLAGS_CLOCKRT: usize = 0x02;\n"
    },
    {
      "cmd_idx": 36,
      "file": "src/futex.rs",
      "kind": "Unformatted",
      "raw": "file: /home/runner/check/batch_18/shilei-massclouds/sys/sys/src/futex.rs (original lines from 33 to 34)\n-    uaddr: usize, op: usize, val: usize, timeout_or_val2: usize,\n-    uaddr2: usize, mut val3: usize\n+    uaddr: usize,\n+    op: usize,\n+    val: usize,\n+    timeout_or_val2: usize,\n+    uaddr2: usize,\n+    mut val3: usize,\n"
    },
    {
      "cmd_idx": 36,
      "file": "src/futex.rs",
      "kind": "Unformatted",
      "raw": "file: /home/runner/check/batch_18/shilei-massclouds/sys/sys/src/futex.rs (original lines from 47 to 49)\n-        if cmd != FUTEX_WAIT_BITSET &&\n-            cmd != FUTEX_WAIT_REQUEUE_PI &&\n-            cmd != FUTEX_LOCK_PI2 {\n+        if cmd != FUTEX_WAIT_BITSET && cmd != FUTEX_WAIT_REQUEUE_PI && cmd != FUTEX_LOCK_PI2 {\n"
    },
    {
      "cmd_idx": 36,
      "file": "src/futex.rs",
      "kind": "Unformatted",
      "raw": "file: /home/runner/check/batch_18/shilei-massclouds/sys/sys/src/futex.rs (original lines from 58 to 58)\n-        },\n+        }\n"
    },
    {
      "cmd_idx": 36,
      "file": "src/futex.rs",
      "kind": "Unformatted",
      "raw": "file: /home/runner/check/batch_18/shilei-massclouds/sys/sys/src/futex.rs (original lines from 61 to 61)\n-        },\n+        }\n"
    },
    {
      "cmd_idx": 36,
      "file": "src/futex.rs",
      "kind": "Unformatted",
      "raw": "file: /home/runner/check/batch_18/shilei-massclouds/sys/sys/src/futex.rs (original lines from 65 to 65)\n-        },\n+        }\n"
    },
    {
      "cmd_idx": 36,
      "file": "src/futex.rs",
      "kind": "Unformatted",
      "raw": "file: /home/runner/check/batch_18/shilei-massclouds/sys/sys/src/futex.rs (original lines from 68 to 68)\n-        },\n+        }\n"
    },
    {
      "cmd_idx": 36,
      "file": "src/futex.rs",
      "kind": "Unformatted",
      "raw": "file: /home/runner/check/batch_18/shilei-massclouds/sys/sys/src/futex.rs (original lines from 71 to 71)\n-        },\n+        }\n"
    },
    {
      "cmd_idx": 36,
      "file": "src/futex.rs",
      "kind": "Unformatted",
      "raw": "file: /home/runner/check/batch_18/shilei-massclouds/sys/sys/src/futex.rs (original lines from 74 to 75)\n-    panic!(\"uaddr: {:#x} op: {:#x} val {:#x} timeout_or_val2 {:#x} uaddr2 {:#x} val3 {:#x}\",\n-        uaddr, op, val, timeout_or_val2, uaddr2, val3);\n+    panic!(\n+        \"uaddr: {:#x} op: {:#x} val {:#x} timeout_or_val2 {:#x} uaddr2 {:#x} val3 {:#x}\",\n+        uaddr, op, val, timeout_or_val2, uaddr2, val3\n+    );\n"
    },
    {
      "cmd_idx": 36,
      "file": "src/futex.rs",
      "kind": "Unformatted",
      "raw": "file: /home/runner/check/batch_18/shilei-massclouds/sys/sys/src/futex.rs (original lines from 78 to 80)\n-fn futex_wait(\n-    uaddr: usize, _flags: usize, val: usize, abs_time: usize, bitset: usize\n-) -> usize {\n+fn futex_wait(uaddr: usize, _flags: usize, val: usize, abs_time: usize, bitset: usize) -> usize {\n"
    },
    {
      "cmd_idx": 36,
      "file": "src/futex.rs",
      "kind": "Unformatted",
      "raw": "file: /home/runner/check/batch_18/shilei-massclouds/sys/sys/src/futex.rs (original lines from 113 to 115)\n-fn futex_wake(\n-    uaddr: usize, _flags: usize, nr_wake: usize, bitset: usize\n-) -> usize {\n+fn futex_wake(uaddr: usize, _flags: usize, nr_wake: usize, bitset: usize) -> usize {\n"
    },
    {
      "cmd_idx": 36,
      "file": "src/lib.rs",
      "kind": "Unformatted",
      "raw": "file: /home/runner/check/batch_18/shilei-massclouds/sys/sys/src/lib.rs (original lines from 3 to 4)\n-use core::sync::atomic::Ordering;\n-use taskctx::Tid;\n+use axerrno::{linux_err_from, LinuxError, LinuxResult};\n"
    },
    {
      "cmd_idx": 36,
      "file": "src/lib.rs",
      "kind": "Unformatted",
      "raw": "file: /home/runner/check/batch_18/shilei-massclouds/sys/sys/src/lib.rs (original lines from 6 to 7)\n-use axerrno::{LinuxResult, LinuxError, linux_err_from};\n-use taskctx::TaskState;\n"
    },
    {
      "cmd_idx": 36,
      "file": "src/lib.rs",
      "kind": "Unformatted",
      "raw": "file: /home/runner/check/batch_18/shilei-massclouds/sys/sys/src/lib.rs (original lines from 9 to 9)\n-use axtype::{RLIMIT_DATA, RLIMIT_STACK, RLIMIT_CORE, RLIMIT_NOFILE};\n+use axtype::{RLIMIT_CORE, RLIMIT_DATA, RLIMIT_NOFILE, RLIMIT_STACK};\n+use core::sync::atomic::Ordering;\n"
    },
    {
      "cmd_idx": 36,
      "file": "src/lib.rs",
      "kind": "Unformatted",
      "raw": "file: /home/runner/check/batch_18/shilei-massclouds/sys/sys/src/lib.rs (original lines from 11 to 11)\n+use taskctx::TaskState;\n+use taskctx::Tid;\n"
    },
    {
      "cmd_idx": 36,
      "file": "src/lib.rs",
      "kind": "Unformatted",
      "raw": "file: /home/runner/check/batch_18/shilei-massclouds/sys/sys/src/lib.rs (original lines from 79 to 79)\n-    assert!(matches!(resource, RLIMIT_DATA|RLIMIT_STACK|RLIMIT_CORE|RLIMIT_NOFILE));\n+    assert!(matches!(\n+        resource,\n+        RLIMIT_DATA | RLIMIT_STACK | RLIMIT_CORE | RLIMIT_NOFILE\n+    ));\n"
    },
    {
      "cmd_idx": 36,
      "file": "src/lib.rs",
      "kind": "Unformatted",
      "raw": "file: /home/runner/check/batch_18/shilei-massclouds/sys/sys/src/lib.rs (original lines from 83 to 83)\n-        unsafe { *old_rlim = current.rlim[resource]; }\n+        unsafe {\n+            *old_rlim = current.rlim[resource];\n+        }\n"
    },
    {
      "cmd_idx": 36,
      "file": "src/lib.rs",
      "kind": "Unformatted",
      "raw": "file: /home/runner/check/batch_18/shilei-massclouds/sys/sys/src/lib.rs (original lines from 100 to 101)\n-        },\n-        _ =>  {\n+        }\n+        _ => {\n"
    },
    {
      "cmd_idx": 36,
      "file": "src/lib.rs",
      "kind": "Unformatted",
      "raw": "file: /home/runner/check/batch_18/shilei-massclouds/sys/sys/src/lib.rs (original lines from 159 to 160)\n-    info!(\"wait4: pid {:#X} wstatus {:#X} options {:#X} rusage {:#X}\",\n-           pid, wstatus, options, rusage);\n+    info!(\n+        \"wait4: pid {:#X} wstatus {:#X} options {:#X} rusage {:#X}\",\n+        pid, wstatus, options, rusage\n+    );\n"
    },
    {
      "cmd_idx": 36,
      "file": "src/lib.rs",
      "kind": "Unformatted",
      "raw": "file: /home/runner/check/batch_18/shilei-massclouds/sys/sys/src/lib.rs (original lines from 174 to 185)\n-    let pid_type =\n-        if pid == -1 {\n-            PidType::MAX\n-        } else if pid < 0 {\n-            //pid = find_get_pid(-pid);\n-            PidType::PGID\n-        } else if pid == 0 {\n-            //pid = get_task_pid(current, PIDTYPE_PGID);\n-            PidType::PGID\n-        } else /* pid > 0 */ {\n-            PidType::PID\n-        };\n+    let pid_type = if pid == -1 {\n+        PidType::MAX\n+    } else if pid < 0 {\n+        //pid = find_get_pid(-pid);\n+        PidType::PGID\n+    } else if pid == 0 {\n+        //pid = get_task_pid(current, PIDTYPE_PGID);\n+        PidType::PGID\n+    } else\n+    /* pid > 0 */\n+    {\n+        PidType::PID\n+    };\n"
    },
    {
      "cmd_idx": 36,
      "file": "src/lib.rs",
      "kind": "Unformatted",
      "raw": "file: /home/runner/check/batch_18/shilei-massclouds/sys/sys/src/lib.rs (original lines from 188 to 188)\n-    let tid = match do_wait(pid_type, pid as usize, options|WEXITED, &mut status) {\n+    let tid = match do_wait(pid_type, pid as usize, options | WEXITED, &mut status) {\n"
    },
    {
      "cmd_idx": 36,
      "file": "src/lib.rs",
      "kind": "Unformatted",
      "raw": "file: /home/runner/check/batch_18/shilei-massclouds/sys/sys/src/lib.rs (original lines from 203 to 207)\n-fn do_wait(\n-    pid_type: PidType, tid: Tid, options: usize, status: &mut u32\n-) -> LinuxResult<Tid> {\n-    info!(\"do_wait: pidtype {:?} pid {:#X} options {:#X}; curr {}\",\n-          pid_type, tid, options, taskctx::current_ctx().tid());\n+fn do_wait(pid_type: PidType, tid: Tid, options: usize, status: &mut u32) -> LinuxResult<Tid> {\n+    info!(\n+        \"do_wait: pidtype {:?} pid {:#X} options {:#X}; curr {}\",\n+        pid_type,\n+        tid,\n+        options,\n+        taskctx::current_ctx().tid()\n+    );\n"
    },
    {
      "cmd_idx": 36,
      "file": "src/lib.rs",
      "kind": "Unformatted",
      "raw": "file: /home/runner/check/batch_18/shilei-massclouds/sys/sys/src/lib.rs (original lines from 282 to 283)\n-        EXIT_ZOMBIE, EXIT_DEAD,\n-        Ordering::Relaxed, Ordering::Relaxed\n+        EXIT_ZOMBIE,\n+        EXIT_DEAD,\n+        Ordering::Relaxed,\n+        Ordering::Relaxed,\n"
    },
    {
      "cmd_idx": 36,
      "file": "src/lib.rs",
      "kind": "Unformatted",
      "raw": "file: /home/runner/check/batch_18/shilei-massclouds/sys/sys/src/lib.rs (original lines from 296 to 296)\n-    info!(\"task {} exit [{}] ...\", taskctx::current_ctx().tid(), exit_code);\n+    info!(\n+        \"task {} exit [{}] ...\",\n+        taskctx::current_ctx().tid(),\n+        exit_code\n+    );\n"
    },
    {
      "cmd_idx": 36,
      "file": "src/lib.rs",
      "kind": "Unformatted",
      "raw": "file: /home/runner/check/batch_18/shilei-massclouds/sys/sys/src/lib.rs (original lines from 347 to 347)\n-    unsafe { *ptr = val; }\n+    unsafe {\n+        *ptr = val;\n+    }\n"
    },
    {
      "cmd_idx": 37,
      "file": "/home/runner/.cargo/git/checkouts/early_console-27aa013ee5514833/8bc0d21/early_console/src/lib.rs",
      "kind": "Clippy(Error)",
      "raw": "error[E0432]: unresolved imports `platform::getchar`, `platform::putchar`\n  --> /home/runner/.cargo/git/checkouts/early_console-27aa013ee5514833/8bc0d21/early_console/src/lib.rs:12:20\n   |\n12 | pub use platform::{getchar, putchar};\n   |                    ^^^^^^^  ^^^^^^^ no `putchar` in `platform`\n   |                    |\n   |                    no `getchar` in `platform`\n\n"
    },
    {
      "cmd_idx": 37,
      "file": "/home/runner/.cargo/git/checkouts/early_console-27aa013ee5514833/8bc0d21/early_console/src/lib.rs",
      "kind": "Clippy(Error)",
      "raw": "error[E0432]: unresolved imports `platform::getchar`, `platform::putchar`\n  --> /home/runner/.cargo/git/checkouts/early_console-27aa013ee5514833/8bc0d21/early_console/src/lib.rs:12:20\n   |\n12 | pub use platform::{getchar, putchar};\n   |                    ^^^^^^^  ^^^^^^^ no `putchar` in `platform`\n   |                    |\n   |                    no `getchar` in `platform`\n\n"
    },
    {
      "cmd_idx": 37,
      "file": "/home/runner/.cargo/git/checkouts/early_console-27aa013ee5514833/8bc0d21/early_console/src/platform/dummy/mod.rs",
      "kind": "Clippy(Error)",
      "raw": "error[E0433]: failed to resolve: unresolved import\n  --> /home/runner/.cargo/git/checkouts/early_console-27aa013ee5514833/8bc0d21/early_console/src/platform/dummy/mod.rs:31:69\n   |\n31 |     pub(crate) fn platform_regions() -> impl Iterator<Item = crate::mem::MemRegion> {\n   |                                                                     ^^^\n   |                                                                     |\n   |                                                                     unresolved import\n   |                                                                     help: a similar path exists: `core::mem`\n\n"
    },
    {
      "cmd_idx": 37,
      "file": "/home/runner/.cargo/git/checkouts/early_console-27aa013ee5514833/8bc0d21/early_console/src/lib.rs",
      "kind": "Clippy(Error)",
      "raw": "error[E0425]: cannot find function `console_init` in module `platform`\n  --> /home/runner/.cargo/git/checkouts/early_console-27aa013ee5514833/8bc0d21/early_console/src/lib.rs:17:15\n   |\n17 |     platform::console_init();\n   |               ^^^^^^^^^^^^ not found in `platform`\n\n"
    },
    {
      "cmd_idx": 37,
      "file": "/home/runner/.cargo/git/checkouts/early_console-27aa013ee5514833/8bc0d21/early_console/src/lib.rs",
      "kind": "Clippy(Error)",
      "raw": "error[E0425]: cannot find function `putchar` in module `platform`\n  --> /home/runner/.cargo/git/checkouts/early_console-27aa013ee5514833/8bc0d21/early_console/src/lib.rs:23:19\n   |\n23 |         platform::putchar(*c);\n   |                   ^^^^^^^ not found in `platform`\n   |\nhelp: consider importing this function\n   |\n12 + use crate::platform::console::putchar;\n   |\nhelp: if you import `putchar`, refer to it directly\n   |\n23 -         platform::putchar(*c);\n23 +         putchar(*c);\n   |\n\n"
    },
    {
      "cmd_idx": 37,
      "file": "/home/runner/.cargo/git/checkouts/early_console-27aa013ee5514833/8bc0d21/early_console/src/lib.rs",
      "kind": "Clippy(Error)",
      "raw": "error[E0425]: cannot find function `getchar` in module `platform`\n  --> /home/runner/.cargo/git/checkouts/early_console-27aa013ee5514833/8bc0d21/early_console/src/lib.rs:31:36\n   |\n31 |         if let Some(c) = platform::getchar() {\n   |                                    ^^^^^^^ not found in `platform`\n   |\nhelp: consider importing this function\n   |\n12 + use crate::platform::console::getchar;\n   |\nhelp: if you import `getchar`, refer to it directly\n   |\n31 -         if let Some(c) = platform::getchar() {\n31 +         if let Some(c) = getchar() {\n   |\n\n"
    },
    {
      "cmd_idx": 38,
      "file": "[semver checks]",
      "kind": "Semver Violation",
      "raw": "pkg=sys, checker=SemverChecks\ntoolchain=nightly-2024-12-26-x86_64-unknown-linux-gnu, target=x86_64-unknown-linux-gnu\npkg_dir=/home/runner/check/batch_18/shilei-massclouds/sys/sys\ncmd=cargo +nightly-2024-12-26-x86_64-unknown-linux-gnu semver-checks --target x86_64-unknown-linux-gnu\n\n\nstdout:\n\nstderr:\n    Building sys v0.1.0 (current)\nerror: running cargo-doc on crate 'sys' failed with output:\n-----\n   Compiling proc-macro2 v1.0.92\n   Compiling serde v1.0.217\n   Compiling hashbrown v0.15.2\n   Compiling unicode-ident v1.0.14\n   Compiling equivalent v1.0.1\n   Compiling toml_datetime v0.6.8\n   Compiling winnow v0.5.40\n   Compiling indexmap v2.7.0\n   Compiling quote v1.0.38\n    Checking log v0.4.22\n    Checking bitflags v1.3.2\n    Checking bit_field v0.10.2\n   Compiling syn v2.0.92\n    Checking bitflags v2.6.0\n    Checking cfg-if v1.0.0\n   Compiling rustversion v1.0.19\n   Compiling autocfg v1.4.0\n   Compiling toml_edit v0.19.15\n   Compiling lock_api v0.4.12\n   Compiling axerrno v0.1.0 (ssh://git@github.com/shilei-massclouds/axerrno.git#892169aa)\n    Checking scopeguard v1.2.0\n    Checking volatile v0.4.6\n    Checking x86_64 v0.14.13\n    Checking kernel_guard_base v0.1.0 (ssh://git@github.com/shilei-massclouds/kernel_guard_base#4e672f3e)\n    Checking raw-cpuid v10.7.0\n   Compiling paste v1.0.15\n   Compiling syn v1.0.109\n   Compiling x86 v0.52.0\n    Checking spinbase v0.1.0 (ssh://git@github.com/shilei-massclouds/spinbase#a3496db8)\n    Checking spin v0.9.8\n   Compiling percpu2 v0.1.0 (ssh://git@github.com/shilei-massclouds/percpu2#2fa7f00e)\n   Compiling libc v0.2.169\n   Compiling axconfig v0.1.0 (ssh://git@github.com/shilei-massclouds/axconfig.git#51b81e4a)\n   Compiling early_console v0.1.0 (ssh://git@github.com/shilei-massclouds/early_console#8bc0d219)\n   Compiling axhal v0.1.0 (ssh://git@github.com/shilei-massclouds/axhal.git#db90ff50)\n   Compiling base64 v0.13.1\nerror[E0432]: unresolved imports `platform::getchar`, `platform::putchar`\n  --> /home/runner/.cargo/git/checkouts/early_console-27aa013ee5514833/8bc0d21/early_console/src/lib.rs:12:20\n   |\n12 | pub use platform::{getchar, putchar};\n   |                    ^^^^^^^  ^^^^^^^ no `putchar` in `platform`\n   |                    |\n   |                    no `getchar` in `platform`\n\nerror[E0433]: failed to resolve: unresolved import\n  --> /home/runner/.cargo/git/checkouts/early_console-27aa013ee5514833/8bc0d21/early_console/src/platform/dummy/mod.rs:31:69\n   |\n31 |     pub(crate) fn platform_regions() -> impl Iterator<Item = crate::mem::MemRegion> {\n   |                                                                     ^^^\n   |                                                                     |\n   |                                                                     unresolved import\n   |                                                                     help: a similar path exists: `core::mem`\n\nerror[E0425]: cannot find function `console_init` in module `platform`\n  --> /home/runner/.cargo/git/checkouts/early_console-27aa013ee5514833/8bc0d21/early_console/src/lib.rs:17:15\n   |\n17 |     platform::console_init();\n   |               ^^^^^^^^^^^^ not found in `platform`\n\nerror[E0425]: cannot find function `putchar` in module `platform`\n  --> /home/runner/.cargo/git/checkouts/early_console-27aa013ee5514833/8bc0d21/early_console/src/lib.rs:23:19\n   |\n23 |         platform::putchar(*c);\n   |                   ^^^^^^^ not found in `platform`\n   |\nhelp: consider importing this function\n   |\n12 + use crate::platform::console::putchar;\n   |\nhelp: if you import `putchar`, refer to it directly\n   |\n23 -         platform::putchar(*c);\n23 +         putchar(*c);\n   |\n\nerror[E0425]: cannot find function `getchar` in module `platform`\n  --> /home/runner/.cargo/git/checkouts/early_console-27aa013ee5514833/8bc0d21/early_console/src/lib.rs:31:36\n   |\n31 |         if let Some(c) = platform::getchar() {\n   |                                    ^^^^^^^ not found in `platform`\n   |\nhelp: consider importing this function\n   |\n12 + use crate::platform::console::getchar;\n   |\nhelp: if you import `getchar`, refer to it directly\n   |\n31 -         if let Some(c) = platform::getchar() {\n31 +         if let Some(c) = getchar() {\n   |\n\nSome errors have detailed explanations: E0425, E0432, E0433.\nFor more information about an error, try `rustc --explain E0425`.\nerror: could not compile `early_console` (lib) due to 5 previous errors\nwarning: build failed, waiting for other jobs to finish...\n\n-----\n\nerror: failed to build rustdoc for crate sys v0.1.0\nnote: this is usually due to a compilation error in the crate,\n      and is unlikely to be a bug in cargo-semver-checks\nnote: the following command can be used to reproduce the compilation error:\n      cargo new --lib example &&\n          cd example &&\n          echo '[workspace]' >> Cargo.toml &&\n          cargo add --path /home/runner/check/batch_18/shilei-massclouds/sys/sys &&\n          cargo check\n\nerror: aborting due to failure to build rustdoc for crate sys v0.1.0\n"
    },
    {
      "cmd_idx": 40,
      "file": "[lockbud] Not supported to display yet.",
      "kind": "Lockbud(Possibly)",
      "raw": "[2024-12-28T18:34:46Z WARN  lockbud::callbacks] [\n      {\n        \"AtomicityViolation\": {\n          \"bug_kind\": \"AtomicityViolation\",\n          \"possibility\": \"Possibly\",\n          \"diagnosis\": {\n            \"fn_name\": \"set_logger_racy\",\n            \"atomic_reader\": \"/home/runner/.cargo/registry/src/index.crates.io-6f17d22bba15001f/log-0.4.22/src/lib.rs:1447:11: 1447:40 (#0)\",\n            \"atomic_writer\": \"/home/runner/.cargo/registry/src/index.crates.io-6f17d22bba15001f/log-0.4.22/src/lib.rs:1450:13: 1450:56 (#0)\",\n            \"dep_kind\": \"Control\"\n          },\n          \"explanation\": \"atomic::store is data/control dependent on atomic::load\"\n        }\n      }\n    ]\n[2024-12-28T18:34:46Z WARN  lockbud::callbacks] crate log contains bugs: { probably: 0, possibly: 0 }, conflictlock: { probably: 0, possibly: 0 }, condvar_deadlock: { probably: 0, possibly: 0 }, atomicity_violation: { possibly: 1 }, invalid_free: { possibly: 0 }, use_after_free: { possibly: 0 }"
    },
    {
      "cmd_idx": 45,
      "file": "(virtual) clippy",
      "kind": "Cargo",
      "raw": "// pkg_name=sys, checker=Clippy\n// toolchain=nightly-2024-12-26-x86_64-unknown-linux-gnu, target=x86_64-unknown-linux-gnu\n// pkg_dir=/home/runner/check/batch_18/shilei-massclouds/sys/sys\n// cmd=cargo clippy --target x86_64-unknown-linux-gnu --no-deps --message-format=json\n// timestamp=2024-12-29 2:34:18.136971934 +08:00:00\n   Compiling proc-macro2 v1.0.92\n   Compiling equivalent v1.0.1\n   Compiling hashbrown v0.15.2\n   Compiling serde v1.0.217\n   Compiling unicode-ident v1.0.14\n   Compiling toml_datetime v0.6.8\n   Compiling winnow v0.5.40\n   Compiling indexmap v2.7.0\n   Compiling quote v1.0.38\n    Checking log v0.4.22\n    Checking bit_field v0.10.2\n    Checking bitflags v1.3.2\n   Compiling syn v2.0.92\n    Checking bitflags v2.6.0\n    Checking cfg-if v1.0.0\n   Compiling autocfg v1.4.0\n   Compiling rustversion v1.0.19\n   Compiling toml_edit v0.19.15\n   Compiling lock_api v0.4.12\n   Compiling axerrno v0.1.0 (ssh://git@github.com/shilei-massclouds/axerrno.git#892169aa)\n    Checking scopeguard v1.2.0\n    Checking volatile v0.4.6\n    Checking x86_64 v0.14.13\n    Checking kernel_guard_base v0.1.0 (ssh://git@github.com/shilei-massclouds/kernel_guard_base#4e672f3e)\n    Checking raw-cpuid v10.7.0\n   Compiling paste v1.0.15\n   Compiling x86 v0.52.0\n   Compiling syn v1.0.109\n    Checking spinbase v0.1.0 (ssh://git@github.com/shilei-massclouds/spinbase#a3496db8)\n    Checking spin v0.9.8\n   Compiling percpu2 v0.1.0 (ssh://git@github.com/shilei-massclouds/percpu2#2fa7f00e)\n   Compiling libc v0.2.169\n   Compiling axconfig v0.1.0 (ssh://git@github.com/shilei-massclouds/axconfig.git#51b81e4a)\n   Compiling early_console v0.1.0 (ssh://git@github.com/shilei-massclouds/early_console#8bc0d219)\nerror: could not compile `early_console` (lib) due to 5 previous errors\nwarning: build failed, waiting for other jobs to finish...\n"
    },
    {
      "cmd_idx": 46,
      "file": "(virtual) semver-checks",
      "kind": "Cargo",
      "raw": "// pkg_name=sys, checker=SemverChecks\n// toolchain=nightly-2024-12-26-x86_64-unknown-linux-gnu, target=x86_64-unknown-linux-gnu\n// pkg_dir=/home/runner/check/batch_18/shilei-massclouds/sys/sys\n// cmd=cargo +nightly-2024-12-26-x86_64-unknown-linux-gnu semver-checks --target x86_64-unknown-linux-gnu\n// timestamp=2024-12-29 2:34:25.376176144 +08:00:00\n    Building sys v0.1.0 (current)\nerror: running cargo-doc on crate 'sys' failed with output:\n-----\n   Compiling proc-macro2 v1.0.92\n   Compiling serde v1.0.217\n   Compiling hashbrown v0.15.2\n   Compiling unicode-ident v1.0.14\n   Compiling equivalent v1.0.1\n   Compiling toml_datetime v0.6.8\n   Compiling winnow v0.5.40\n   Compiling indexmap v2.7.0\n   Compiling quote v1.0.38\n    Checking log v0.4.22\n    Checking bitflags v1.3.2\n    Checking bit_field v0.10.2\n   Compiling syn v2.0.92\n    Checking bitflags v2.6.0\n    Checking cfg-if v1.0.0\n   Compiling rustversion v1.0.19\n   Compiling autocfg v1.4.0\n   Compiling toml_edit v0.19.15\n   Compiling lock_api v0.4.12\n   Compiling axerrno v0.1.0 (ssh://git@github.com/shilei-massclouds/axerrno.git#892169aa)\n    Checking scopeguard v1.2.0\n    Checking volatile v0.4.6\n    Checking x86_64 v0.14.13\n    Checking kernel_guard_base v0.1.0 (ssh://git@github.com/shilei-massclouds/kernel_guard_base#4e672f3e)\n    Checking raw-cpuid v10.7.0\n   Compiling paste v1.0.15\n   Compiling syn v1.0.109\n   Compiling x86 v0.52.0\n    Checking spinbase v0.1.0 (ssh://git@github.com/shilei-massclouds/spinbase#a3496db8)\n    Checking spin v0.9.8\n   Compiling percpu2 v0.1.0 (ssh://git@github.com/shilei-massclouds/percpu2#2fa7f00e)\n   Compiling libc v0.2.169\n   Compiling axconfig v0.1.0 (ssh://git@github.com/shilei-massclouds/axconfig.git#51b81e4a)\n   Compiling early_console v0.1.0 (ssh://git@github.com/shilei-massclouds/early_console#8bc0d219)\n   Compiling axhal v0.1.0 (ssh://git@github.com/shilei-massclouds/axhal.git#db90ff50)\n   Compiling base64 v0.13.1\nerror[E0432]: unresolved imports `platform::getchar`, `platform::putchar`\n  --> /home/runner/.cargo/git/checkouts/early_console-27aa013ee5514833/8bc0d21/early_console/src/lib.rs:12:20\n   |\n12 | pub use platform::{getchar, putchar};\n   |                    ^^^^^^^  ^^^^^^^ no `putchar` in `platform`\n   |                    |\n   |                    no `getchar` in `platform`\n\nerror[E0433]: failed to resolve: unresolved import\n  --> /home/runner/.cargo/git/checkouts/early_console-27aa013ee5514833/8bc0d21/early_console/src/platform/dummy/mod.rs:31:69\n   |\n31 |     pub(crate) fn platform_regions() -> impl Iterator<Item = crate::mem::MemRegion> {\n   |                                                                     ^^^\n   |                                                                     |\n   |                                                                     unresolved import\n   |                                                                     help: a similar path exists: `core::mem`\n\nerror[E0425]: cannot find function `console_init` in module `platform`\n  --> /home/runner/.cargo/git/checkouts/early_console-27aa013ee5514833/8bc0d21/early_console/src/lib.rs:17:15\n   |\n17 |     platform::console_init();\n   |               ^^^^^^^^^^^^ not found in `platform`\n\nerror[E0425]: cannot find function `putchar` in module `platform`\n  --> /home/runner/.cargo/git/checkouts/early_console-27aa013ee5514833/8bc0d21/early_console/src/lib.rs:23:19\n   |\n23 |         platform::putchar(*c);\n   |                   ^^^^^^^ not found in `platform`\n   |\nhelp: consider importing this function\n   |\n12 + use crate::platform::console::putchar;\n   |\nhelp: if you import `putchar`, refer to it directly\n   |\n23 -         platform::putchar(*c);\n23 +         putchar(*c);\n   |\n\nerror[E0425]: cannot find function `getchar` in module `platform`\n  --> /home/runner/.cargo/git/checkouts/early_console-27aa013ee5514833/8bc0d21/early_console/src/lib.rs:31:36\n   |\n31 |         if let Some(c) = platform::getchar() {\n   |                                    ^^^^^^^ not found in `platform`\n   |\nhelp: consider importing this function\n   |\n12 + use crate::platform::console::getchar;\n   |\nhelp: if you import `getchar`, refer to it directly\n   |\n31 -         if let Some(c) = platform::getchar() {\n31 +         if let Some(c) = getchar() {\n   |\n\nSome errors have detailed explanations: E0425, E0432, E0433.\nFor more information about an error, try `rustc --explain E0425`.\nerror: could not compile `early_console` (lib) due to 5 previous errors\nwarning: build failed, waiting for other jobs to finish...\n\n-----\n\nerror: failed to build rustdoc for crate sys v0.1.0\nnote: this is usually due to a compilation error in the crate,\n      and is unlikely to be a bug in cargo-semver-checks\nnote: the following command can be used to reproduce the compilation error:\n      cargo new --lib example &&\n          cd example &&\n          echo '[workspace]' >> Cargo.toml &&\n          cargo add --path /home/runner/check/batch_18/shilei-massclouds/sys/sys &&\n          cargo check\n\nerror: aborting due to failure to build rustdoc for crate sys v0.1.0\n"
    },
    {
      "cmd_idx": 47,
      "file": "(virtual) lockbud",
      "kind": "Cargo",
      "raw": "// pkg_name=sys, checker=Lockbud\n// toolchain=nightly-2024-12-26-x86_64-unknown-linux-gnu, target=x86_64-unknown-linux-gnu\n// pkg_dir=/home/runner/check/batch_18/shilei-massclouds/sys/sys\n// cmd=cargo +nightly-2024-10-05 lockbud -k all -- --target x86_64-unknown-linux-gnu\n// timestamp=2024-12-29 2:34:44.40732926 +08:00:00\n   Compiling proc-macro2 v1.0.92\n   Compiling unicode-ident v1.0.14\n   Compiling serde v1.0.217\n   Compiling hashbrown v0.15.2\n   Compiling equivalent v1.0.1\n   Compiling toml_datetime v0.6.8\n   Compiling winnow v0.5.40\n   Compiling indexmap v2.7.0\n   Compiling quote v1.0.38\n   Compiling log v0.4.22\n[2024-12-28T18:34:46Z WARN  lockbud::callbacks] [\n      {\n        \"AtomicityViolation\": {\n          \"bug_kind\": \"AtomicityViolation\",\n          \"possibility\": \"Possibly\",\n          \"diagnosis\": {\n            \"fn_name\": \"set_logger_racy\",\n            \"atomic_reader\": \"/home/runner/.cargo/registry/src/index.crates.io-6f17d22bba15001f/log-0.4.22/src/lib.rs:1447:11: 1447:40 (#0)\",\n            \"atomic_writer\": \"/home/runner/.cargo/registry/src/index.crates.io-6f17d22bba15001f/log-0.4.22/src/lib.rs:1450:13: 1450:56 (#0)\",\n            \"dep_kind\": \"Control\"\n          },\n          \"explanation\": \"atomic::store is data/control dependent on atomic::load\"\n        }\n      }\n    ]\n[2024-12-28T18:34:46Z WARN  lockbud::callbacks] crate log contains bugs: { probably: 0, possibly: 0 }, conflictlock: { probably: 0, possibly: 0 }, condvar_deadlock: { probably: 0, possibly: 0 }, atomicity_violation: { possibly: 1 }, invalid_free: { possibly: 0 }, use_after_free: { possibly: 0 }\n   Compiling bit_field v0.10.2\n   Compiling bitflags v1.3.2\n   Compiling syn v2.0.92\n   Compiling cfg-if v1.0.0\n   Compiling bitflags v2.6.0\n   Compiling rustversion v1.0.19\n   Compiling autocfg v1.4.0\n   Compiling toml_edit v0.19.15\n   Compiling lock_api v0.4.12\n   Compiling axerrno v0.1.0 (ssh://git@github.com/shilei-massclouds/axerrno.git#892169aa)\n   Compiling volatile v0.4.6\n   Compiling scopeguard v1.2.0\n   Compiling x86_64 v0.14.13\n   Compiling kernel_guard_base v0.1.0 (ssh://git@github.com/shilei-massclouds/kernel_guard_base#4e672f3e)\nerror[E0053]: method `steps_between` has an incompatible type for trait\n   --> /home/runner/.cargo/registry/src/index.crates.io-6f17d22bba15001f/x86_64-0.14.13/src/addr.rs:387:51\n    |\n387 |     fn steps_between(start: &Self, end: &Self) -> (usize, Option<usize>) {\n    |                                                   ^^^^^^^^^^^^^^^^^^^^^^ expected `core::option::Option<usize>`, found `(usize, Option<usize>)`\n    |\n    = note: expected signature `fn(&addr::VirtAddr, &addr::VirtAddr) -> core::option::Option<usize>`\n               found signature `fn(&addr::VirtAddr, &addr::VirtAddr) -> (usize, core::option::Option<usize>)`\nhelp: change the output type to match the trait\n    |\n387 |     fn steps_between(start: &Self, end: &Self) -> core::option::Option<usize> {\n    |                                                   ~~~~~~~~~~~~~~~~~~~~~~~~~~~\n\n   Compiling raw-cpuid v10.7.0\nerror[E0053]: method `steps_between` has an incompatible type for trait\n   --> /home/runner/.cargo/registry/src/index.crates.io-6f17d22bba15001f/x86_64-0.14.13/src/structures/paging/page.rs:284:51\n    |\n284 |     fn steps_between(start: &Self, end: &Self) -> (usize, Option<usize>) {\n    |                                                   ^^^^^^^^^^^^^^^^^^^^^^ expected `core::option::Option<usize>`, found `(usize, Option<usize>)`\n    |\n    = note: expected signature `fn(&structures::paging::page::Page<_>, &structures::paging::page::Page<_>) -> core::option::Option<usize>`\n               found signature `fn(&structures::paging::page::Page<_>, &structures::paging::page::Page<_>) -> (usize, core::option::Option<usize>)`\nhelp: change the output type to match the trait\n    |\n284 |     fn steps_between(start: &Self, end: &Self) -> core::option::Option<usize> {\n    |                                                   ~~~~~~~~~~~~~~~~~~~~~~~~~~~\n\nFor more information about this error, try `rustc --explain E0053`.\nerror: could not compile `x86_64` (lib) due to 2 previous errors\nwarning: build failed, waiting for other jobs to finish...\n"
    },
    {
      "cmd_idx": 48,
      "file": "(virtual) rap",
      "kind": "Cargo",
      "raw": "// pkg_name=sys, checker=Rap\n// toolchain=nightly-2024-12-26-x86_64-unknown-linux-gnu, target=x86_64-unknown-linux-gnu\n// pkg_dir=/home/runner/check/batch_18/shilei-massclouds/sys/sys\n// cmd=cargo +nightly-2024-10-12 rap -F -M -- --target x86_64-unknown-linux-gnu\n// timestamp=2024-12-29 2:34:51.472295549 +08:00:00\n   Compiling proc-macro2 v1.0.92\n   Compiling unicode-ident v1.0.14\n   Compiling serde v1.0.217\n   Compiling hashbrown v0.15.2\n   Compiling equivalent v1.0.1\n   Compiling toml_datetime v0.6.8\n   Compiling winnow v0.5.40\n   Compiling indexmap v2.7.0\n   Compiling quote v1.0.38\n    Checking log v0.4.22\n    Checking bitflags v1.3.2\n    Checking bit_field v0.10.2\n   Compiling syn v2.0.92\n    Checking bitflags v2.6.0\n    Checking cfg-if v1.0.0\n   Compiling autocfg v1.4.0\n   Compiling toml_edit v0.19.15\n   Compiling rustversion v1.0.19\n   Compiling lock_api v0.4.12\n   Compiling axerrno v0.1.0 (ssh://git@github.com/shilei-massclouds/axerrno.git#892169aa)\n    Checking scopeguard v1.2.0\n    Checking volatile v0.4.6\n    Checking kernel_guard_base v0.1.0 (ssh://git@github.com/shilei-massclouds/kernel_guard_base#4e672f3e)\n    Checking x86_64 v0.14.13\n    Checking raw-cpuid v10.7.0\nerror[E0053]: method `steps_between` has an incompatible type for trait\n   --> /home/runner/.cargo/registry/src/index.crates.io-6f17d22bba15001f/x86_64-0.14.13/src/addr.rs:387:51\n    |\n387 |     fn steps_between(start: &Self, end: &Self) -> (usize, Option<usize>) {\n    |                                                   ^^^^^^^^^^^^^^^^^^^^^^ expected `Option<usize>`, found `(usize, Option<usize>)`\n    |\n    = note: expected signature `fn(&addr::VirtAddr, &addr::VirtAddr) -> Option<usize>`\n               found signature `fn(&addr::VirtAddr, &addr::VirtAddr) -> (usize, Option<usize>)`\nhelp: change the output type to match the trait\n    |\n387 |     fn steps_between(start: &Self, end: &Self) -> Option<usize> {\n    |                                                   ~~~~~~~~~~~~~\n\nerror[E0053]: method `steps_between` has an incompatible type for trait\n   --> /home/runner/.cargo/registry/src/index.crates.io-6f17d22bba15001f/x86_64-0.14.13/src/structures/paging/page.rs:284:51\n    |\n284 |     fn steps_between(start: &Self, end: &Self) -> (usize, Option<usize>) {\n    |                                                   ^^^^^^^^^^^^^^^^^^^^^^ expected `Option<usize>`, found `(usize, Option<usize>)`\n    |\n    = note: expected signature `fn(&Page<_>, &Page<_>) -> Option<usize>`\n               found signature `fn(&Page<_>, &Page<_>) -> (usize, Option<usize>)`\nhelp: change the output type to match the trait\n    |\n284 |     fn steps_between(start: &Self, end: &Self) -> Option<usize> {\n    |                                                   ~~~~~~~~~~~~~\n\n   Compiling paste v1.0.15\nFor more information about this error, try `rustc --explain E0053`.\nerror: could not compile `x86_64` (lib) due to 2 previous errors\nwarning: build failed, waiting for other jobs to finish...\n18:34:58|RAP|ERROR|: Finished with non-zero exit code.\n"
    },
    {
      "cmd_idx": 49,
      "file": "src/lib.rs",
      "kind": "Unformatted",
      "raw": "file: /home/runner/check/batch_18/shilei-massclouds/task/rt_task/src/lib.rs (original lines from 7 to 8)\n-use core::panic::PanicInfo;\n-use axtype::{align_up_4k, align_down_4k, phys_to_virt, virt_to_phys};\n"
    },
    {
      "cmd_idx": 49,
      "file": "src/lib.rs",
      "kind": "Unformatted",
      "raw": "file: /home/runner/check/batch_18/shilei-massclouds/task/rt_task/src/lib.rs (original lines from 10 to 10)\n+use axtype::{align_down_4k, align_up_4k, phys_to_virt, virt_to_phys};\n+use core::panic::PanicInfo;\n"
    },
    {
      "cmd_idx": 49,
      "file": "src/lib.rs",
      "kind": "Unformatted",
      "raw": "file: /home/runner/check/batch_18/shilei-massclouds/task/rt_task/src/lib.rs (original lines from 37 to 38)\n-    use axhal::paging::PageTable;\n-    use axhal::paging::setup_page_table_root;\n"
    },
    {
      "cmd_idx": 49,
      "file": "src/lib.rs",
      "kind": "Unformatted",
      "raw": "file: /home/runner/check/batch_18/shilei-massclouds/task/rt_task/src/lib.rs (original lines from 40 to 40)\n+    use axhal::paging::setup_page_table_root;\n+    use axhal::paging::PageTable;\n"
    },
    {
      "cmd_idx": 50,
      "file": "/home/runner/.cargo/git/checkouts/early_console-27aa013ee5514833/8bc0d21/early_console/src/lib.rs",
      "kind": "Clippy(Error)",
      "raw": "error[E0432]: unresolved imports `platform::getchar`, `platform::putchar`\n  --> /home/runner/.cargo/git/checkouts/early_console-27aa013ee5514833/8bc0d21/early_console/src/lib.rs:12:20\n   |\n12 | pub use platform::{getchar, putchar};\n   |                    ^^^^^^^  ^^^^^^^ no `putchar` in `platform`\n   |                    |\n   |                    no `getchar` in `platform`\n\n"
    },
    {
      "cmd_idx": 50,
      "file": "/home/runner/.cargo/git/checkouts/early_console-27aa013ee5514833/8bc0d21/early_console/src/lib.rs",
      "kind": "Clippy(Error)",
      "raw": "error[E0432]: unresolved imports `platform::getchar`, `platform::putchar`\n  --> /home/runner/.cargo/git/checkouts/early_console-27aa013ee5514833/8bc0d21/early_console/src/lib.rs:12:20\n   |\n12 | pub use platform::{getchar, putchar};\n   |                    ^^^^^^^  ^^^^^^^ no `putchar` in `platform`\n   |                    |\n   |                    no `getchar` in `platform`\n\n"
    },
    {
      "cmd_idx": 50,
      "file": "/home/runner/.cargo/git/checkouts/early_console-27aa013ee5514833/8bc0d21/early_console/src/platform/dummy/mod.rs",
      "kind": "Clippy(Error)",
      "raw": "error[E0433]: failed to resolve: unresolved import\n  --> /home/runner/.cargo/git/checkouts/early_console-27aa013ee5514833/8bc0d21/early_console/src/platform/dummy/mod.rs:31:69\n   |\n31 |     pub(crate) fn platform_regions() -> impl Iterator<Item = crate::mem::MemRegion> {\n   |                                                                     ^^^\n   |                                                                     |\n   |                                                                     unresolved import\n   |                                                                     help: a similar path exists: `core::mem`\n\n"
    },
    {
      "cmd_idx": 50,
      "file": "/home/runner/.cargo/git/checkouts/early_console-27aa013ee5514833/8bc0d21/early_console/src/lib.rs",
      "kind": "Clippy(Error)",
      "raw": "error[E0425]: cannot find function `console_init` in module `platform`\n  --> /home/runner/.cargo/git/checkouts/early_console-27aa013ee5514833/8bc0d21/early_console/src/lib.rs:17:15\n   |\n17 |     platform::console_init();\n   |               ^^^^^^^^^^^^ not found in `platform`\n\n"
    },
    {
      "cmd_idx": 50,
      "file": "/home/runner/.cargo/git/checkouts/early_console-27aa013ee5514833/8bc0d21/early_console/src/lib.rs",
      "kind": "Clippy(Error)",
      "raw": "error[E0425]: cannot find function `putchar` in module `platform`\n  --> /home/runner/.cargo/git/checkouts/early_console-27aa013ee5514833/8bc0d21/early_console/src/lib.rs:23:19\n   |\n23 |         platform::putchar(*c);\n   |                   ^^^^^^^ not found in `platform`\n   |\nhelp: consider importing this function\n   |\n12 + use crate::platform::console::putchar;\n   |\nhelp: if you import `putchar`, refer to it directly\n   |\n23 -         platform::putchar(*c);\n23 +         putchar(*c);\n   |\n\n"
    },
    {
      "cmd_idx": 50,
      "file": "/home/runner/.cargo/git/checkouts/early_console-27aa013ee5514833/8bc0d21/early_console/src/lib.rs",
      "kind": "Clippy(Error)",
      "raw": "error[E0425]: cannot find function `getchar` in module `platform`\n  --> /home/runner/.cargo/git/checkouts/early_console-27aa013ee5514833/8bc0d21/early_console/src/lib.rs:31:36\n   |\n31 |         if let Some(c) = platform::getchar() {\n   |                                    ^^^^^^^ not found in `platform`\n   |\nhelp: consider importing this function\n   |\n12 + use crate::platform::console::getchar;\n   |\nhelp: if you import `getchar`, refer to it directly\n   |\n31 -         if let Some(c) = platform::getchar() {\n31 +         if let Some(c) = getchar() {\n   |\n\n"
    },
    {
      "cmd_idx": 51,
      "file": "[semver checks]",
      "kind": "Semver Violation",
      "raw": "pkg=rt_task, checker=SemverChecks\ntoolchain=nightly-2024-12-26-x86_64-unknown-linux-gnu, target=x86_64-unknown-linux-gnu\npkg_dir=/home/runner/check/batch_18/shilei-massclouds/task/rt_task\ncmd=cargo +nightly-2024-12-26-x86_64-unknown-linux-gnu semver-checks --target x86_64-unknown-linux-gnu\n\n\nstdout:\n\nstderr:\n    Building rt_task v0.1.0 (current)\nerror: running cargo-doc on crate 'rt_task' failed with output:\n-----\n   Compiling equivalent v1.0.1\n   Compiling serde v1.0.217\n   Compiling hashbrown v0.15.2\n   Compiling winnow v0.5.40\n   Compiling toml_datetime v0.6.8\n   Compiling proc-macro2 v1.0.92\n   Compiling indexmap v2.7.0\n   Compiling unicode-ident v1.0.14\n   Compiling quote v1.0.38\n    Checking log v0.4.22\n    Checking bitflags v1.3.2\n    Checking bit_field v0.10.2\n    Checking cfg-if v1.0.0\n    Checking bitflags v2.6.0\n   Compiling syn v2.0.92\n   Compiling rustversion v1.0.19\n   Compiling toml_edit v0.19.15\n   Compiling autocfg v1.4.0\n   Compiling lock_api v0.4.12\n    Checking volatile v0.4.6\n   Compiling axerrno v0.1.0 (ssh://git@github.com/shilei-massclouds/axerrno#892169aa)\n    Checking x86_64 v0.14.13\n    Checking raw-cpuid v10.7.0\n    Checking scopeguard v1.2.0\n   Compiling paste v1.0.15\n   Compiling x86 v0.52.0\n    Checking kernel_guard_base v0.1.0 (ssh://git@github.com/shilei-massclouds/kernel_guard_base#4e672f3e)\n   Compiling syn v1.0.109\n    Checking spinbase v0.1.0 (ssh://git@github.com/shilei-massclouds/spinbase#a3496db8)\n    Checking spin v0.9.8\n    Checking bit v0.1.1\n   Compiling percpu2 v0.1.0 (ssh://git@github.com/shilei-massclouds/percpu2#2fa7f00e)\n   Compiling libc v0.2.169\n   Compiling axconfig v0.1.0 (ssh://git@github.com/shilei-massclouds/axconfig.git#51b81e4a)\n    Checking x2apic v0.4.3\n   Compiling early_console v0.1.0 (ssh://git@github.com/shilei-massclouds/early_console#8bc0d219)\n   Compiling axhal v0.1.0 (ssh://git@github.com/shilei-massclouds/axhal.git#db90ff50)\n    Checking raw-cpuid v11.2.0\nerror[E0432]: unresolved imports `platform::getchar`, `platform::putchar`\n  --> /home/runner/.cargo/git/checkouts/early_console-27aa013ee5514833/8bc0d21/early_console/src/lib.rs:12:20\n   |\n12 | pub use platform::{getchar, putchar};\n   |                    ^^^^^^^  ^^^^^^^ no `putchar` in `platform`\n   |                    |\n   |                    no `getchar` in `platform`\n\nerror[E0433]: failed to resolve: unresolved import\n  --> /home/runner/.cargo/git/checkouts/early_console-27aa013ee5514833/8bc0d21/early_console/src/platform/dummy/mod.rs:31:69\n   |\n31 |     pub(crate) fn platform_regions() -> impl Iterator<Item = crate::mem::MemRegion> {\n   |                                                                     ^^^\n   |                                                                     |\n   |                                                                     unresolved import\n   |                                                                     help: a similar path exists: `core::mem`\n\nerror[E0425]: cannot find function `console_init` in module `platform`\n  --> /home/runner/.cargo/git/checkouts/early_console-27aa013ee5514833/8bc0d21/early_console/src/lib.rs:17:15\n   |\n17 |     platform::console_init();\n   |               ^^^^^^^^^^^^ not found in `platform`\n\nerror[E0425]: cannot find function `putchar` in module `platform`\n  --> /home/runner/.cargo/git/checkouts/early_console-27aa013ee5514833/8bc0d21/early_console/src/lib.rs:23:19\n   |\n23 |         platform::putchar(*c);\n   |                   ^^^^^^^ not found in `platform`\n   |\nhelp: consider importing this function\n   |\n12 + use crate::platform::console::putchar;\n   |\nhelp: if you import `putchar`, refer to it directly\n   |\n23 -         platform::putchar(*c);\n23 +         putchar(*c);\n   |\n\nerror[E0425]: cannot find function `getchar` in module `platform`\n  --> /home/runner/.cargo/git/checkouts/early_console-27aa013ee5514833/8bc0d21/early_console/src/lib.rs:31:36\n   |\n31 |         if let Some(c) = platform::getchar() {\n   |                                    ^^^^^^^ not found in `platform`\n   |\nhelp: consider importing this function\n   |\n12 + use crate::platform::console::getchar;\n   |\nhelp: if you import `getchar`, refer to it directly\n   |\n31 -         if let Some(c) = platform::getchar() {\n31 +         if let Some(c) = getchar() {\n   |\n\nSome errors have detailed explanations: E0425, E0432, E0433.\nFor more information about an error, try `rustc --explain E0425`.\nerror: could not compile `early_console` (lib) due to 5 previous errors\nwarning: build failed, waiting for other jobs to finish...\n\n-----\n\nerror: failed to build rustdoc for crate rt_task v0.1.0\nnote: this is usually due to a compilation error in the crate,\n      and is unlikely to be a bug in cargo-semver-checks\nnote: the following command can be used to reproduce the compilation error:\n      cargo new --lib example &&\n          cd example &&\n          echo '[workspace]' >> Cargo.toml &&\n          cargo add --path /home/runner/check/batch_18/shilei-massclouds/task/rt_task &&\n          cargo check\n\nerror: aborting due to failure to build rustdoc for crate rt_task v0.1.0\n"
    },
    {
      "cmd_idx": 53,
      "file": "[lockbud] Not supported to display yet.",
      "kind": "Lockbud(Possibly)",
      "raw": "[2024-12-28T18:36:44Z WARN  lockbud::callbacks] [\n      {\n        \"AtomicityViolation\": {\n          \"bug_kind\": \"AtomicityViolation\",\n          \"possibility\": \"Possibly\",\n          \"diagnosis\": {\n            \"fn_name\": \"set_logger_racy\",\n            \"atomic_reader\": \"/home/runner/.cargo/registry/src/index.crates.io-6f17d22bba15001f/log-0.4.22/src/lib.rs:1447:11: 1447:40 (#0)\",\n            \"atomic_writer\": \"/home/runner/.cargo/registry/src/index.crates.io-6f17d22bba15001f/log-0.4.22/src/lib.rs:1450:13: 1450:56 (#0)\",\n            \"dep_kind\": \"Control\"\n          },\n          \"explanation\": \"atomic::store is data/control dependent on atomic::load\"\n        }\n      }\n    ]\n[2024-12-28T18:36:44Z WARN  lockbud::callbacks] crate log contains bugs: { probably: 0, possibly: 0 }, conflictlock: { probably: 0, possibly: 0 }, condvar_deadlock: { probably: 0, possibly: 0 }, atomicity_violation: { possibly: 1 }, invalid_free: { possibly: 0 }, use_after_free: { possibly: 0 }"
    },
    {
      "cmd_idx": 58,
      "file": "(virtual) clippy",
      "kind": "Cargo",
      "raw": "// pkg_name=rt_task, checker=Clippy\n// toolchain=nightly-2024-12-26-x86_64-unknown-linux-gnu, target=x86_64-unknown-linux-gnu\n// pkg_dir=/home/runner/check/batch_18/shilei-massclouds/task/rt_task\n// cmd=cargo clippy --target x86_64-unknown-linux-gnu --no-deps --message-format=json\n// timestamp=2024-12-29 2:35:49.02918342 +08:00:00\n   Compiling hashbrown v0.15.2\n   Compiling equivalent v1.0.1\n   Compiling serde v1.0.217\n   Compiling toml_datetime v0.6.8\n   Compiling winnow v0.5.40\n   Compiling proc-macro2 v1.0.92\n   Compiling unicode-ident v1.0.14\n   Compiling indexmap v2.7.0\n   Compiling quote v1.0.38\n    Checking log v0.4.22\n    Checking bit_field v0.10.2\n    Checking bitflags v1.3.2\n    Checking cfg-if v1.0.0\n    Checking bitflags v2.6.0\n   Compiling syn v2.0.92\n   Compiling rustversion v1.0.19\n   Compiling toml_edit v0.19.15\n   Compiling autocfg v1.4.0\n   Compiling lock_api v0.4.12\n    Checking volatile v0.4.6\n   Compiling axerrno v0.1.0 (ssh://git@github.com/shilei-massclouds/axerrno#892169aa)\n    Checking x86_64 v0.14.13\n    Checking raw-cpuid v10.7.0\n    Checking scopeguard v1.2.0\n   Compiling paste v1.0.15\n   Compiling x86 v0.52.0\n    Checking kernel_guard_base v0.1.0 (ssh://git@github.com/shilei-massclouds/kernel_guard_base#4e672f3e)\n   Compiling syn v1.0.109\n    Checking spinbase v0.1.0 (ssh://git@github.com/shilei-massclouds/spinbase#a3496db8)\n    Checking spin v0.9.8\n   Compiling libc v0.2.169\n   Compiling percpu2 v0.1.0 (ssh://git@github.com/shilei-massclouds/percpu2#2fa7f00e)\n    Checking bit v0.1.1\n   Compiling axconfig v0.1.0 (ssh://git@github.com/shilei-massclouds/axconfig.git#51b81e4a)\n    Checking x2apic v0.4.3\n    Checking raw-cpuid v11.2.0\n   Compiling early_console v0.1.0 (ssh://git@github.com/shilei-massclouds/early_console#8bc0d219)\nerror: could not compile `early_console` (lib) due to 5 previous errors\nwarning: build failed, waiting for other jobs to finish...\n"
    },
    {
      "cmd_idx": 59,
      "file": "(virtual) semver-checks",
      "kind": "Cargo",
      "raw": "// pkg_name=rt_task, checker=SemverChecks\n// toolchain=nightly-2024-12-26-x86_64-unknown-linux-gnu, target=x86_64-unknown-linux-gnu\n// pkg_dir=/home/runner/check/batch_18/shilei-massclouds/task/rt_task\n// cmd=cargo +nightly-2024-12-26-x86_64-unknown-linux-gnu semver-checks --target x86_64-unknown-linux-gnu\n// timestamp=2024-12-29 2:36:04.003995592 +08:00:00\n    Building rt_task v0.1.0 (current)\nerror: running cargo-doc on crate 'rt_task' failed with output:\n-----\n   Compiling equivalent v1.0.1\n   Compiling serde v1.0.217\n   Compiling hashbrown v0.15.2\n   Compiling winnow v0.5.40\n   Compiling toml_datetime v0.6.8\n   Compiling proc-macro2 v1.0.92\n   Compiling indexmap v2.7.0\n   Compiling unicode-ident v1.0.14\n   Compiling quote v1.0.38\n    Checking log v0.4.22\n    Checking bitflags v1.3.2\n    Checking bit_field v0.10.2\n    Checking cfg-if v1.0.0\n    Checking bitflags v2.6.0\n   Compiling syn v2.0.92\n   Compiling rustversion v1.0.19\n   Compiling toml_edit v0.19.15\n   Compiling autocfg v1.4.0\n   Compiling lock_api v0.4.12\n    Checking volatile v0.4.6\n   Compiling axerrno v0.1.0 (ssh://git@github.com/shilei-massclouds/axerrno#892169aa)\n    Checking x86_64 v0.14.13\n    Checking raw-cpuid v10.7.0\n    Checking scopeguard v1.2.0\n   Compiling paste v1.0.15\n   Compiling x86 v0.52.0\n    Checking kernel_guard_base v0.1.0 (ssh://git@github.com/shilei-massclouds/kernel_guard_base#4e672f3e)\n   Compiling syn v1.0.109\n    Checking spinbase v0.1.0 (ssh://git@github.com/shilei-massclouds/spinbase#a3496db8)\n    Checking spin v0.9.8\n    Checking bit v0.1.1\n   Compiling percpu2 v0.1.0 (ssh://git@github.com/shilei-massclouds/percpu2#2fa7f00e)\n   Compiling libc v0.2.169\n   Compiling axconfig v0.1.0 (ssh://git@github.com/shilei-massclouds/axconfig.git#51b81e4a)\n    Checking x2apic v0.4.3\n   Compiling early_console v0.1.0 (ssh://git@github.com/shilei-massclouds/early_console#8bc0d219)\n   Compiling axhal v0.1.0 (ssh://git@github.com/shilei-massclouds/axhal.git#db90ff50)\n    Checking raw-cpuid v11.2.0\nerror[E0432]: unresolved imports `platform::getchar`, `platform::putchar`\n  --> /home/runner/.cargo/git/checkouts/early_console-27aa013ee5514833/8bc0d21/early_console/src/lib.rs:12:20\n   |\n12 | pub use platform::{getchar, putchar};\n   |                    ^^^^^^^  ^^^^^^^ no `putchar` in `platform`\n   |                    |\n   |                    no `getchar` in `platform`\n\nerror[E0433]: failed to resolve: unresolved import\n  --> /home/runner/.cargo/git/checkouts/early_console-27aa013ee5514833/8bc0d21/early_console/src/platform/dummy/mod.rs:31:69\n   |\n31 |     pub(crate) fn platform_regions() -> impl Iterator<Item = crate::mem::MemRegion> {\n   |                                                                     ^^^\n   |                                                                     |\n   |                                                                     unresolved import\n   |                                                                     help: a similar path exists: `core::mem`\n\nerror[E0425]: cannot find function `console_init` in module `platform`\n  --> /home/runner/.cargo/git/checkouts/early_console-27aa013ee5514833/8bc0d21/early_console/src/lib.rs:17:15\n   |\n17 |     platform::console_init();\n   |               ^^^^^^^^^^^^ not found in `platform`\n\nerror[E0425]: cannot find function `putchar` in module `platform`\n  --> /home/runner/.cargo/git/checkouts/early_console-27aa013ee5514833/8bc0d21/early_console/src/lib.rs:23:19\n   |\n23 |         platform::putchar(*c);\n   |                   ^^^^^^^ not found in `platform`\n   |\nhelp: consider importing this function\n   |\n12 + use crate::platform::console::putchar;\n   |\nhelp: if you import `putchar`, refer to it directly\n   |\n23 -         platform::putchar(*c);\n23 +         putchar(*c);\n   |\n\nerror[E0425]: cannot find function `getchar` in module `platform`\n  --> /home/runner/.cargo/git/checkouts/early_console-27aa013ee5514833/8bc0d21/early_console/src/lib.rs:31:36\n   |\n31 |         if let Some(c) = platform::getchar() {\n   |                                    ^^^^^^^ not found in `platform`\n   |\nhelp: consider importing this function\n   |\n12 + use crate::platform::console::getchar;\n   |\nhelp: if you import `getchar`, refer to it directly\n   |\n31 -         if let Some(c) = platform::getchar() {\n31 +         if let Some(c) = getchar() {\n   |\n\nSome errors have detailed explanations: E0425, E0432, E0433.\nFor more information about an error, try `rustc --explain E0425`.\nerror: could not compile `early_console` (lib) due to 5 previous errors\nwarning: build failed, waiting for other jobs to finish...\n\n-----\n\nerror: failed to build rustdoc for crate rt_task v0.1.0\nnote: this is usually due to a compilation error in the crate,\n      and is unlikely to be a bug in cargo-semver-checks\nnote: the following command can be used to reproduce the compilation error:\n      cargo new --lib example &&\n          cd example &&\n          echo '[workspace]' >> Cargo.toml &&\n          cargo add --path /home/runner/check/batch_18/shilei-massclouds/task/rt_task &&\n          cargo check\n\nerror: aborting due to failure to build rustdoc for crate rt_task v0.1.0\n"
    },
    {
      "cmd_idx": 60,
      "file": "(virtual) lockbud",
      "kind": "Cargo",
      "raw": "// pkg_name=rt_task, checker=Lockbud\n// toolchain=nightly-2024-12-26-x86_64-unknown-linux-gnu, target=x86_64-unknown-linux-gnu\n// pkg_dir=/home/runner/check/batch_18/shilei-massclouds/task/rt_task\n// cmd=cargo +nightly-2024-10-05 lockbud -k all -- --target x86_64-unknown-linux-gnu\n// timestamp=2024-12-29 2:36:42.141859318 +08:00:00\n   Compiling hashbrown v0.15.2\n   Compiling equivalent v1.0.1\n   Compiling serde v1.0.217\n   Compiling winnow v0.5.40\n   Compiling toml_datetime v0.6.8\n   Compiling proc-macro2 v1.0.92\n   Compiling unicode-ident v1.0.14\n   Compiling indexmap v2.7.0\n   Compiling quote v1.0.38\n   Compiling log v0.4.22\n   Compiling bit_field v0.10.2\n[2024-12-28T18:36:44Z WARN  lockbud::callbacks] [\n      {\n        \"AtomicityViolation\": {\n          \"bug_kind\": \"AtomicityViolation\",\n          \"possibility\": \"Possibly\",\n          \"diagnosis\": {\n            \"fn_name\": \"set_logger_racy\",\n            \"atomic_reader\": \"/home/runner/.cargo/registry/src/index.crates.io-6f17d22bba15001f/log-0.4.22/src/lib.rs:1447:11: 1447:40 (#0)\",\n            \"atomic_writer\": \"/home/runner/.cargo/registry/src/index.crates.io-6f17d22bba15001f/log-0.4.22/src/lib.rs:1450:13: 1450:56 (#0)\",\n            \"dep_kind\": \"Control\"\n          },\n          \"explanation\": \"atomic::store is data/control dependent on atomic::load\"\n        }\n      }\n    ]\n[2024-12-28T18:36:44Z WARN  lockbud::callbacks] crate log contains bugs: { probably: 0, possibly: 0 }, conflictlock: { probably: 0, possibly: 0 }, condvar_deadlock: { probably: 0, possibly: 0 }, atomicity_violation: { possibly: 1 }, invalid_free: { possibly: 0 }, use_after_free: { possibly: 0 }\n   Compiling bitflags v1.3.2\n   Compiling bitflags v2.6.0\n   Compiling cfg-if v1.0.0\n   Compiling syn v2.0.92\n   Compiling rustversion v1.0.19\n   Compiling toml_edit v0.19.15\n   Compiling autocfg v1.4.0\n   Compiling lock_api v0.4.12\n   Compiling volatile v0.4.6\n   Compiling axerrno v0.1.0 (ssh://git@github.com/shilei-massclouds/axerrno#892169aa)\n   Compiling x86_64 v0.14.13\n   Compiling raw-cpuid v10.7.0\nerror[E0053]: method `steps_between` has an incompatible type for trait\n   --> /home/runner/.cargo/registry/src/index.crates.io-6f17d22bba15001f/x86_64-0.14.13/src/addr.rs:387:51\n    |\n387 |     fn steps_between(start: &Self, end: &Self) -> (usize, Option<usize>) {\n    |                                                   ^^^^^^^^^^^^^^^^^^^^^^ expected `core::option::Option<usize>`, found `(usize, Option<usize>)`\n    |\n    = note: expected signature `fn(&addr::VirtAddr, &addr::VirtAddr) -> core::option::Option<usize>`\n               found signature `fn(&addr::VirtAddr, &addr::VirtAddr) -> (usize, core::option::Option<usize>)`\nhelp: change the output type to match the trait\n    |\n387 |     fn steps_between(start: &Self, end: &Self) -> core::option::Option<usize> {\n    |                                                   ~~~~~~~~~~~~~~~~~~~~~~~~~~~\n\nerror[E0053]: method `steps_between` has an incompatible type for trait\n   --> /home/runner/.cargo/registry/src/index.crates.io-6f17d22bba15001f/x86_64-0.14.13/src/structures/paging/page.rs:284:51\n    |\n284 |     fn steps_between(start: &Self, end: &Self) -> (usize, Option<usize>) {\n    |                                                   ^^^^^^^^^^^^^^^^^^^^^^ expected `core::option::Option<usize>`, found `(usize, Option<usize>)`\n    |\n    = note: expected signature `fn(&structures::paging::page::Page<_>, &structures::paging::page::Page<_>) -> core::option::Option<usize>`\n               found signature `fn(&structures::paging::page::Page<_>, &structures::paging::page::Page<_>) -> (usize, core::option::Option<usize>)`\nhelp: change the output type to match the trait\n    |\n284 |     fn steps_between(start: &Self, end: &Self) -> core::option::Option<usize> {\n    |                                                   ~~~~~~~~~~~~~~~~~~~~~~~~~~~\n\nFor more information about this error, try `rustc --explain E0053`.\nerror: could not compile `x86_64` (lib) due to 2 previous errors\nwarning: build failed, waiting for other jobs to finish...\n"
    },
    {
      "cmd_idx": 61,
      "file": "(virtual) rap",
      "kind": "Cargo",
      "raw": "// pkg_name=rt_task, checker=Rap\n// toolchain=nightly-2024-12-26-x86_64-unknown-linux-gnu, target=x86_64-unknown-linux-gnu\n// pkg_dir=/home/runner/check/batch_18/shilei-massclouds/task/rt_task\n// cmd=cargo +nightly-2024-10-12 rap -F -M -- --target x86_64-unknown-linux-gnu\n// timestamp=2024-12-29 2:36:55.92124223 +08:00:00\n   Compiling serde v1.0.217\n   Compiling equivalent v1.0.1\n   Compiling hashbrown v0.15.2\n   Compiling winnow v0.5.40\n   Compiling toml_datetime v0.6.8\n   Compiling proc-macro2 v1.0.92\n   Compiling indexmap v2.7.0\n   Compiling unicode-ident v1.0.14\n    Checking log v0.4.22\n   Compiling quote v1.0.38\n   Compiling toml_edit v0.19.15\n    Checking bitflags v1.3.2\n    Checking bit_field v0.10.2\n    Checking bitflags v2.6.0\n    Checking cfg-if v1.0.0\n   Compiling syn v2.0.92\n   Compiling rustversion v1.0.19\n   Compiling autocfg v1.4.0\n   Compiling lock_api v0.4.12\n    Checking volatile v0.4.6\n   Compiling axerrno v0.1.0 (ssh://git@github.com/shilei-massclouds/axerrno#892169aa)\n    Checking x86_64 v0.14.13\n    Checking raw-cpuid v10.7.0\nerror[E0053]: method `steps_between` has an incompatible type for trait\n   --> /home/runner/.cargo/registry/src/index.crates.io-6f17d22bba15001f/x86_64-0.14.13/src/addr.rs:387:51\n    |\n387 |     fn steps_between(start: &Self, end: &Self) -> (usize, Option<usize>) {\n    |                                                   ^^^^^^^^^^^^^^^^^^^^^^ expected `Option<usize>`, found `(usize, Option<usize>)`\n    |\n    = note: expected signature `fn(&addr::VirtAddr, &addr::VirtAddr) -> Option<usize>`\n               found signature `fn(&addr::VirtAddr, &addr::VirtAddr) -> (usize, Option<usize>)`\nhelp: change the output type to match the trait\n    |\n387 |     fn steps_between(start: &Self, end: &Self) -> Option<usize> {\n    |                                                   ~~~~~~~~~~~~~\n\nerror[E0053]: method `steps_between` has an incompatible type for trait\n   --> /home/runner/.cargo/registry/src/index.crates.io-6f17d22bba15001f/x86_64-0.14.13/src/structures/paging/page.rs:284:51\n    |\n284 |     fn steps_between(start: &Self, end: &Self) -> (usize, Option<usize>) {\n    |                                                   ^^^^^^^^^^^^^^^^^^^^^^ expected `Option<usize>`, found `(usize, Option<usize>)`\n    |\n    = note: expected signature `fn(&Page<_>, &Page<_>) -> Option<usize>`\n               found signature `fn(&Page<_>, &Page<_>) -> (usize, Option<usize>)`\nhelp: change the output type to match the trait\n    |\n284 |     fn steps_between(start: &Self, end: &Self) -> Option<usize> {\n    |                                                   ~~~~~~~~~~~~~\n\nFor more information about this error, try `rustc --explain E0053`.\nerror: could not compile `x86_64` (lib) due to 2 previous errors\nwarning: build failed, waiting for other jobs to finish...\n18:37:02|RAP|ERROR|: Finished with non-zero exit code.\n"
    },
    {
      "cmd_idx": 62,
      "file": "src/lib.rs",
      "kind": "Unformatted",
      "raw": "file: /home/runner/check/batch_18/shilei-massclouds/task/task/src/lib.rs (original lines from 6 to 6)\n-use core::ops::Deref;\n"
    },
    {
      "cmd_idx": 62,
      "file": "src/lib.rs",
      "kind": "Unformatted",
      "raw": "file: /home/runner/check/batch_18/shilei-massclouds/task/task/src/lib.rs (original lines from 8 to 8)\n-use core::sync::atomic::{Ordering, AtomicUsize, AtomicU32, AtomicU64};\n+use core::ops::Deref;\n+use core::sync::atomic::{AtomicU32, AtomicU64, AtomicUsize, Ordering};\n"
    },
    {
      "cmd_idx": 62,
      "file": "src/lib.rs",
      "kind": "Unformatted",
      "raw": "file: /home/runner/check/batch_18/shilei-massclouds/task/task/src/lib.rs (original lines from 16 to 17)\n-use axtype::{RLimit64, RLIM_NLIMITS};\n-use axtype::{RLIMIT_DATA, RLIMIT_STACK, RLIMIT_CORE, RLIMIT_NOFILE};\n+use axconfig::TASK_STACK_SIZE;\n"
    },
    {
      "cmd_idx": 62,
      "file": "src/lib.rs",
      "kind": "Unformatted",
      "raw": "file: /home/runner/check/batch_18/shilei-massclouds/task/task/src/lib.rs (original lines from 19 to 19)\n+use axtype::{RLimit64, RLIM_NLIMITS};\n+use axtype::{RLIMIT_CORE, RLIMIT_DATA, RLIMIT_NOFILE, RLIMIT_STACK};\n+use filetable::FileTable;\n+use fstree::FsStruct;\n"
    },
    {
      "cmd_idx": 62,
      "file": "src/lib.rs",
      "kind": "Unformatted",
      "raw": "file: /home/runner/check/batch_18/shilei-massclouds/task/task/src/lib.rs (original lines from 20 to 20)\n+use preempt_guard::NoPreempt;\n+use spinbase::SpinNoIrq;\n+use spinpreempt::SpinLock;\n"
    },
    {
      "cmd_idx": 62,
      "file": "src/lib.rs",
      "kind": "Unformatted",
      "raw": "file: /home/runner/check/batch_18/shilei-massclouds/task/task/src/lib.rs (original lines from 23 to 26)\n-use spinbase::SpinNoIrq;\n-use spinpreempt::SpinLock;\n-use fstree::FsStruct;\n-use filetable::FileTable;\n"
    },
    {
      "cmd_idx": 62,
      "file": "src/lib.rs",
      "kind": "Unformatted",
      "raw": "file: /home/runner/check/batch_18/shilei-massclouds/task/task/src/lib.rs (original lines from 28 to 29)\n-use preempt_guard::NoPreempt;\n-use axconfig::TASK_STACK_SIZE;\n"
    },
    {
      "cmd_idx": 62,
      "file": "src/lib.rs",
      "kind": "Unformatted",
      "raw": "file: /home/runner/check/batch_18/shilei-massclouds/task/task/src/lib.rs (original lines from 31 to 32)\n-pub use crate::tid_map::{register_task, unregister_task, get_task};\n-pub use taskctx::Tid;\n+pub use crate::tid_map::{get_task, register_task, unregister_task};\n"
    },
    {
      "cmd_idx": 62,
      "file": "src/lib.rs",
      "kind": "Unformatted",
      "raw": "file: /home/runner/check/batch_18/shilei-massclouds/task/task/src/lib.rs (original lines from 34 to 34)\n+pub use taskctx::Tid;\n"
    },
    {
      "cmd_idx": 62,
      "file": "src/lib.rs",
      "kind": "Unformatted",
      "raw": "file: /home/runner/check/batch_18/shilei-massclouds/task/task/src/lib.rs (original lines from 42 to 42)\n-pub const SIGINT : usize = 2;\n+pub const SIGINT: usize = 2;\n"
    },
    {
      "cmd_idx": 62,
      "file": "src/lib.rs",
      "kind": "Unformatted",
      "raw": "file: /home/runner/check/batch_18/shilei-massclouds/task/task/src/lib.rs (original lines from 44 to 44)\n-pub const SIGBUS : usize = 7;\n+pub const SIGBUS: usize = 7;\n"
    },
    {
      "cmd_idx": 62,
      "file": "src/lib.rs",
      "kind": "Unformatted",
      "raw": "file: /home/runner/check/batch_18/shilei-massclouds/task/task/src/lib.rs (original lines from 54 to 54)\n-pub const BUS_ADRERR : usize =  2;  // non-existent physical address\n+pub const BUS_ADRERR: usize = 2; // non-existent physical address\n"
    },
    {
      "cmd_idx": 62,
      "file": "src/lib.rs",
      "kind": "Unformatted",
      "raw": "file: /home/runner/check/batch_18/shilei-massclouds/task/task/src/lib.rs (original lines from 65 to 67)\n-pub const SA_RESTORER:  usize = 0x4000000;\n-pub const SA_RESTART:   usize = 0x10000000;\n-pub const SA_NODEFER:   usize = 0x40000000;\n+pub const SA_RESTORER: usize = 0x4000000;\n+pub const SA_RESTART: usize = 0x10000000;\n+pub const SA_NODEFER: usize = 0x40000000;\n"
    },
    {
      "cmd_idx": 62,
      "file": "src/lib.rs",
      "kind": "Unformatted",
      "raw": "file: /home/runner/check/batch_18/shilei-massclouds/task/task/src/lib.rs (original lines from 105 to 112)\n-    pub uid:    u32,    // real UID of the task\n-    pub gid:    u32,    // real GID of the task\n-    pub suid:   u32,    // saved UID of the task\n-    pub sgid:   u32,    // saved GID of the task\n-    pub euid:   u32,    // effective UID of the task\n-    pub egid:   u32,    // effective GID of the task\n-    pub fsuid:   u32,   // UID for filesystem\n-    pub fsgid:   u32,   // GID for filesystem\n+    pub uid: u32,   // real UID of the task\n+    pub gid: u32,   // real GID of the task\n+    pub suid: u32,  // saved UID of the task\n+    pub sgid: u32,  // saved GID of the task\n+    pub euid: u32,  // effective UID of the task\n+    pub egid: u32,  // effective GID of the task\n+    pub fsuid: u32, // UID for filesystem\n+    pub fsgid: u32, // GID for filesystem\n"
    },
    {
      "cmd_idx": 62,
      "file": "src/lib.rs",
      "kind": "Unformatted",
      "raw": "file: /home/runner/check/batch_18/shilei-massclouds/task/task/src/lib.rs (original lines from 199 to 199)\n-        task.blocked.store(self.blocked.load(Ordering::Relaxed), Ordering::Relaxed);\n+        task.blocked\n+            .store(self.blocked.load(Ordering::Relaxed), Ordering::Relaxed);\n"
    },
    {
      "cmd_idx": 62,
      "file": "src/lib.rs",
      "kind": "Unformatted",
      "raw": "file: /home/runner/check/batch_18/shilei-massclouds/task/task/src/lib.rs (original lines from 221 to 221)\n-            },\n+            }\n"
    },
    {
      "cmd_idx": 62,
      "file": "src/lib.rs",
      "kind": "Unformatted",
      "raw": "file: /home/runner/check/batch_18/shilei-massclouds/task/task/src/lib.rs (original lines from 242 to 244)\n-    unsafe {\n-        &mut (*(Arc::as_ptr(&task) as *mut TaskStruct))\n-    }\n+    unsafe { &mut (*(Arc::as_ptr(&task) as *mut TaskStruct)) }\n"
    },
    {
      "cmd_idx": 62,
      "file": "src/lib.rs",
      "kind": "Unformatted",
      "raw": "file: /home/runner/check/batch_18/shilei-massclouds/task/task/src/lib.rs (original lines from 278 to 280)\n-        unsafe {\n-            Arc::get_mut_unchecked(&mut self.0)\n-        }\n+        unsafe { Arc::get_mut_unchecked(&mut self.0) }\n"
    },
    {
      "cmd_idx": 62,
      "file": "src/tid.rs",
      "kind": "Unformatted",
      "raw": "file: /home/runner/check/batch_18/shilei-massclouds/task/task/src/tid.rs (original lines from 3 to 3)\n-\n"
    },
    {
      "cmd_idx": 62,
      "file": "src/tid_map.rs",
      "kind": "Unformatted",
      "raw": "file: /home/runner/check/batch_18/shilei-massclouds/task/task/src/tid_map.rs (original lines from 1 to 2)\n-use alloc::collections::BTreeMap;\n-use spinpreempt::SpinLock;\n"
    },
    {
      "cmd_idx": 62,
      "file": "src/tid_map.rs",
      "kind": "Unformatted",
      "raw": "file: /home/runner/check/batch_18/shilei-massclouds/task/task/src/tid_map.rs (original lines from 5 to 5)\n+use alloc::collections::BTreeMap;\n+use spinpreempt::SpinLock;\n"
    },
    {
      "cmd_idx": 63,
      "file": "/home/runner/.cargo/git/checkouts/early_console-27aa013ee5514833/8bc0d21/early_console/src/lib.rs",
      "kind": "Clippy(Error)",
      "raw": "error[E0432]: unresolved imports `platform::getchar`, `platform::putchar`\n  --> /home/runner/.cargo/git/checkouts/early_console-27aa013ee5514833/8bc0d21/early_console/src/lib.rs:12:20\n   |\n12 | pub use platform::{getchar, putchar};\n   |                    ^^^^^^^  ^^^^^^^ no `putchar` in `platform`\n   |                    |\n   |                    no `getchar` in `platform`\n\n"
    },
    {
      "cmd_idx": 63,
      "file": "/home/runner/.cargo/git/checkouts/early_console-27aa013ee5514833/8bc0d21/early_console/src/lib.rs",
      "kind": "Clippy(Error)",
      "raw": "error[E0432]: unresolved imports `platform::getchar`, `platform::putchar`\n  --> /home/runner/.cargo/git/checkouts/early_console-27aa013ee5514833/8bc0d21/early_console/src/lib.rs:12:20\n   |\n12 | pub use platform::{getchar, putchar};\n   |                    ^^^^^^^  ^^^^^^^ no `putchar` in `platform`\n   |                    |\n   |                    no `getchar` in `platform`\n\n"
    },
    {
      "cmd_idx": 63,
      "file": "/home/runner/.cargo/git/checkouts/early_console-27aa013ee5514833/8bc0d21/early_console/src/platform/dummy/mod.rs",
      "kind": "Clippy(Error)",
      "raw": "error[E0433]: failed to resolve: unresolved import\n  --> /home/runner/.cargo/git/checkouts/early_console-27aa013ee5514833/8bc0d21/early_console/src/platform/dummy/mod.rs:31:69\n   |\n31 |     pub(crate) fn platform_regions() -> impl Iterator<Item = crate::mem::MemRegion> {\n   |                                                                     ^^^\n   |                                                                     |\n   |                                                                     unresolved import\n   |                                                                     help: a similar path exists: `core::mem`\n\n"
    },
    {
      "cmd_idx": 63,
      "file": "/home/runner/.cargo/git/checkouts/early_console-27aa013ee5514833/8bc0d21/early_console/src/lib.rs",
      "kind": "Clippy(Error)",
      "raw": "error[E0425]: cannot find function `console_init` in module `platform`\n  --> /home/runner/.cargo/git/checkouts/early_console-27aa013ee5514833/8bc0d21/early_console/src/lib.rs:17:15\n   |\n17 |     platform::console_init();\n   |               ^^^^^^^^^^^^ not found in `platform`\n\n"
    },
    {
      "cmd_idx": 63,
      "file": "/home/runner/.cargo/git/checkouts/early_console-27aa013ee5514833/8bc0d21/early_console/src/lib.rs",
      "kind": "Clippy(Error)",
      "raw": "error[E0425]: cannot find function `putchar` in module `platform`\n  --> /home/runner/.cargo/git/checkouts/early_console-27aa013ee5514833/8bc0d21/early_console/src/lib.rs:23:19\n   |\n23 |         platform::putchar(*c);\n   |                   ^^^^^^^ not found in `platform`\n   |\nhelp: consider importing this function\n   |\n12 + use crate::platform::console::putchar;\n   |\nhelp: if you import `putchar`, refer to it directly\n   |\n23 -         platform::putchar(*c);\n23 +         putchar(*c);\n   |\n\n"
    },
    {
      "cmd_idx": 63,
      "file": "/home/runner/.cargo/git/checkouts/early_console-27aa013ee5514833/8bc0d21/early_console/src/lib.rs",
      "kind": "Clippy(Error)",
      "raw": "error[E0425]: cannot find function `getchar` in module `platform`\n  --> /home/runner/.cargo/git/checkouts/early_console-27aa013ee5514833/8bc0d21/early_console/src/lib.rs:31:36\n   |\n31 |         if let Some(c) = platform::getchar() {\n   |                                    ^^^^^^^ not found in `platform`\n   |\nhelp: consider importing this function\n   |\n12 + use crate::platform::console::getchar;\n   |\nhelp: if you import `getchar`, refer to it directly\n   |\n31 -         if let Some(c) = platform::getchar() {\n31 +         if let Some(c) = getchar() {\n   |\n\n"
    },
    {
      "cmd_idx": 64,
      "file": "[semver checks]",
      "kind": "Semver Violation",
      "raw": "pkg=task, checker=SemverChecks\ntoolchain=nightly-2024-12-26-x86_64-unknown-linux-gnu, target=x86_64-unknown-linux-gnu\npkg_dir=/home/runner/check/batch_18/shilei-massclouds/task/task\ncmd=cargo +nightly-2024-12-26-x86_64-unknown-linux-gnu semver-checks --target x86_64-unknown-linux-gnu\n\n\nstdout:\n\nstderr:\n    Building task v0.1.0 (current)\nerror: running cargo-doc on crate 'task' failed with output:\n-----\n   Compiling proc-macro2 v1.0.92\n   Compiling equivalent v1.0.1\n   Compiling serde v1.0.217\n   Compiling hashbrown v0.15.2\n   Compiling unicode-ident v1.0.14\n   Compiling winnow v0.5.40\n   Compiling toml_datetime v0.6.8\n   Compiling indexmap v2.7.0\n   Compiling quote v1.0.38\n    Checking log v0.4.22\n    Checking bit_field v0.10.2\n    Checking bitflags v1.3.2\n   Compiling syn v2.0.92\n    Checking cfg-if v1.0.0\n    Checking bitflags v2.6.0\n   Compiling rustversion v1.0.19\n   Compiling autocfg v1.4.0\n   Compiling toml_edit v0.19.15\n   Compiling lock_api v0.4.12\n   Compiling axerrno v0.1.0 (ssh://git@github.com/shilei-massclouds/axerrno#892169aa)\n    Checking scopeguard v1.2.0\n    Checking volatile v0.4.6\n    Checking x86_64 v0.14.13\n    Checking kernel_guard_base v0.1.0 (ssh://git@github.com/shilei-massclouds/kernel_guard_base#4e672f3e)\n    Checking raw-cpuid v10.7.0\n   Compiling syn v1.0.109\n   Compiling x86 v0.52.0\n   Compiling paste v1.0.15\n    Checking spinbase v0.1.0 (ssh://git@github.com/shilei-massclouds/spinbase.git#a3496db8)\n    Checking spin v0.9.8\n   Compiling percpu2 v0.1.0 (ssh://git@github.com/shilei-massclouds/percpu2#2fa7f00e)\n   Compiling libc v0.2.169\n   Compiling axconfig v0.1.0 (ssh://git@github.com/shilei-massclouds/axconfig#51b81e4a)\n   Compiling early_console v0.1.0 (ssh://git@github.com/shilei-massclouds/early_console#8bc0d219)\nerror[E0432]: unresolved imports `platform::getchar`, `platform::putchar`\n  --> /home/runner/.cargo/git/checkouts/early_console-27aa013ee5514833/8bc0d21/early_console/src/lib.rs:12:20\n   |\n12 | pub use platform::{getchar, putchar};\n   |                    ^^^^^^^  ^^^^^^^ no `putchar` in `platform`\n   |                    |\n   |                    no `getchar` in `platform`\n\nerror[E0433]: failed to resolve: unresolved import\n  --> /home/runner/.cargo/git/checkouts/early_console-27aa013ee5514833/8bc0d21/early_console/src/platform/dummy/mod.rs:31:69\n   |\n31 |     pub(crate) fn platform_regions() -> impl Iterator<Item = crate::mem::MemRegion> {\n   |                                                                     ^^^\n   |                                                                     |\n   |                                                                     unresolved import\n   |                                                                     help: a similar path exists: `core::mem`\n\nerror[E0425]: cannot find function `console_init` in module `platform`\n  --> /home/runner/.cargo/git/checkouts/early_console-27aa013ee5514833/8bc0d21/early_console/src/lib.rs:17:15\n   |\n17 |     platform::console_init();\n   |               ^^^^^^^^^^^^ not found in `platform`\n\nerror[E0425]: cannot find function `putchar` in module `platform`\n  --> /home/runner/.cargo/git/checkouts/early_console-27aa013ee5514833/8bc0d21/early_console/src/lib.rs:23:19\n   |\n23 |         platform::putchar(*c);\n   |                   ^^^^^^^ not found in `platform`\n   |\nhelp: consider importing this function\n   |\n12 + use crate::platform::console::putchar;\n   |\nhelp: if you import `putchar`, refer to it directly\n   |\n23 -         platform::putchar(*c);\n23 +         putchar(*c);\n   |\n\nerror[E0425]: cannot find function `getchar` in module `platform`\n  --> /home/runner/.cargo/git/checkouts/early_console-27aa013ee5514833/8bc0d21/early_console/src/lib.rs:31:36\n   |\n31 |         if let Some(c) = platform::getchar() {\n   |                                    ^^^^^^^ not found in `platform`\n   |\nhelp: consider importing this function\n   |\n12 + use crate::platform::console::getchar;\n   |\nhelp: if you import `getchar`, refer to it directly\n   |\n31 -         if let Some(c) = platform::getchar() {\n31 +         if let Some(c) = getchar() {\n   |\n\nSome errors have detailed explanations: E0425, E0432, E0433.\nFor more information about an error, try `rustc --explain E0425`.\nerror: could not compile `early_console` (lib) due to 5 previous errors\nwarning: build failed, waiting for other jobs to finish...\n\n-----\n\nerror: failed to build rustdoc for crate task v0.1.0\nnote: this is usually due to a compilation error in the crate,\n      and is unlikely to be a bug in cargo-semver-checks\nnote: the following command can be used to reproduce the compilation error:\n      cargo new --lib example &&\n          cd example &&\n          echo '[workspace]' >> Cargo.toml &&\n          cargo add --path /home/runner/check/batch_18/shilei-massclouds/task/task &&\n          cargo check\n\nerror: aborting due to failure to build rustdoc for crate task v0.1.0\n"
    },
    {
      "cmd_idx": 66,
      "file": "[lockbud] Not supported to display yet.",
      "kind": "Lockbud(Possibly)",
      "raw": "[2024-12-28T18:36:50Z WARN  lockbud::callbacks] [\n      {\n        \"AtomicityViolation\": {\n          \"bug_kind\": \"AtomicityViolation\",\n          \"possibility\": \"Possibly\",\n          \"diagnosis\": {\n            \"fn_name\": \"set_logger_racy\",\n            \"atomic_reader\": \"/home/runner/.cargo/registry/src/index.crates.io-6f17d22bba15001f/log-0.4.22/src/lib.rs:1447:11: 1447:40 (#0)\",\n            \"atomic_writer\": \"/home/runner/.cargo/registry/src/index.crates.io-6f17d22bba15001f/log-0.4.22/src/lib.rs:1450:13: 1450:56 (#0)\",\n            \"dep_kind\": \"Control\"\n          },\n          \"explanation\": \"atomic::store is data/control dependent on atomic::load\"\n        }\n      }\n    ]\n[2024-12-28T18:36:50Z WARN  lockbud::callbacks] crate log contains bugs: { probably: 0, possibly: 0 }, conflictlock: { probably: 0, possibly: 0 }, condvar_deadlock: { probably: 0, possibly: 0 }, atomicity_violation: { possibly: 1 }, invalid_free: { possibly: 0 }, use_after_free: { possibly: 0 }"
    },
    {
      "cmd_idx": 71,
      "file": "(virtual) clippy",
      "kind": "Cargo",
      "raw": "// pkg_name=task, checker=Clippy\n// toolchain=nightly-2024-12-26-x86_64-unknown-linux-gnu, target=x86_64-unknown-linux-gnu\n// pkg_dir=/home/runner/check/batch_18/shilei-massclouds/task/task\n// cmd=cargo clippy --target x86_64-unknown-linux-gnu --no-deps --message-format=json\n// timestamp=2024-12-29 2:35:56.821478994 +08:00:00\n   Compiling proc-macro2 v1.0.92\n   Compiling hashbrown v0.15.2\n   Compiling equivalent v1.0.1\n   Compiling unicode-ident v1.0.14\n   Compiling serde v1.0.217\n   Compiling winnow v0.5.40\n   Compiling toml_datetime v0.6.8\n   Compiling indexmap v2.7.0\n   Compiling quote v1.0.38\n    Checking log v0.4.22\n    Checking bit_field v0.10.2\n    Checking bitflags v1.3.2\n   Compiling syn v2.0.92\n    Checking bitflags v2.6.0\n    Checking cfg-if v1.0.0\n   Compiling rustversion v1.0.19\n   Compiling toml_edit v0.19.15\n   Compiling autocfg v1.4.0\n   Compiling lock_api v0.4.12\n   Compiling axerrno v0.1.0 (ssh://git@github.com/shilei-massclouds/axerrno#892169aa)\n    Checking scopeguard v1.2.0\n    Checking volatile v0.4.6\n    Checking x86_64 v0.14.13\n    Checking kernel_guard_base v0.1.0 (ssh://git@github.com/shilei-massclouds/kernel_guard_base#4e672f3e)\n    Checking raw-cpuid v10.7.0\n   Compiling paste v1.0.15\n   Compiling x86 v0.52.0\n   Compiling syn v1.0.109\n    Checking spinbase v0.1.0 (ssh://git@github.com/shilei-massclouds/spinbase.git#a3496db8)\n    Checking spin v0.9.8\n   Compiling libc v0.2.169\n   Compiling percpu2 v0.1.0 (ssh://git@github.com/shilei-massclouds/percpu2#2fa7f00e)\n   Compiling axconfig v0.1.0 (ssh://git@github.com/shilei-massclouds/axconfig#51b81e4a)\n   Compiling early_console v0.1.0 (ssh://git@github.com/shilei-massclouds/early_console#8bc0d219)\nerror: could not compile `early_console` (lib) due to 5 previous errors\nwarning: build failed, waiting for other jobs to finish...\n"
    },
    {
      "cmd_idx": 72,
      "file": "(virtual) semver-checks",
      "kind": "Cargo",
      "raw": "// pkg_name=task, checker=SemverChecks\n// toolchain=nightly-2024-12-26-x86_64-unknown-linux-gnu, target=x86_64-unknown-linux-gnu\n// pkg_dir=/home/runner/check/batch_18/shilei-massclouds/task/task\n// cmd=cargo +nightly-2024-12-26-x86_64-unknown-linux-gnu semver-checks --target x86_64-unknown-linux-gnu\n// timestamp=2024-12-29 2:36:23.515571283 +08:00:00\n    Building task v0.1.0 (current)\nerror: running cargo-doc on crate 'task' failed with output:\n-----\n   Compiling proc-macro2 v1.0.92\n   Compiling equivalent v1.0.1\n   Compiling serde v1.0.217\n   Compiling hashbrown v0.15.2\n   Compiling unicode-ident v1.0.14\n   Compiling winnow v0.5.40\n   Compiling toml_datetime v0.6.8\n   Compiling indexmap v2.7.0\n   Compiling quote v1.0.38\n    Checking log v0.4.22\n    Checking bit_field v0.10.2\n    Checking bitflags v1.3.2\n   Compiling syn v2.0.92\n    Checking cfg-if v1.0.0\n    Checking bitflags v2.6.0\n   Compiling rustversion v1.0.19\n   Compiling autocfg v1.4.0\n   Compiling toml_edit v0.19.15\n   Compiling lock_api v0.4.12\n   Compiling axerrno v0.1.0 (ssh://git@github.com/shilei-massclouds/axerrno#892169aa)\n    Checking scopeguard v1.2.0\n    Checking volatile v0.4.6\n    Checking x86_64 v0.14.13\n    Checking kernel_guard_base v0.1.0 (ssh://git@github.com/shilei-massclouds/kernel_guard_base#4e672f3e)\n    Checking raw-cpuid v10.7.0\n   Compiling syn v1.0.109\n   Compiling x86 v0.52.0\n   Compiling paste v1.0.15\n    Checking spinbase v0.1.0 (ssh://git@github.com/shilei-massclouds/spinbase.git#a3496db8)\n    Checking spin v0.9.8\n   Compiling percpu2 v0.1.0 (ssh://git@github.com/shilei-massclouds/percpu2#2fa7f00e)\n   Compiling libc v0.2.169\n   Compiling axconfig v0.1.0 (ssh://git@github.com/shilei-massclouds/axconfig#51b81e4a)\n   Compiling early_console v0.1.0 (ssh://git@github.com/shilei-massclouds/early_console#8bc0d219)\nerror[E0432]: unresolved imports `platform::getchar`, `platform::putchar`\n  --> /home/runner/.cargo/git/checkouts/early_console-27aa013ee5514833/8bc0d21/early_console/src/lib.rs:12:20\n   |\n12 | pub use platform::{getchar, putchar};\n   |                    ^^^^^^^  ^^^^^^^ no `putchar` in `platform`\n   |                    |\n   |                    no `getchar` in `platform`\n\nerror[E0433]: failed to resolve: unresolved import\n  --> /home/runner/.cargo/git/checkouts/early_console-27aa013ee5514833/8bc0d21/early_console/src/platform/dummy/mod.rs:31:69\n   |\n31 |     pub(crate) fn platform_regions() -> impl Iterator<Item = crate::mem::MemRegion> {\n   |                                                                     ^^^\n   |                                                                     |\n   |                                                                     unresolved import\n   |                                                                     help: a similar path exists: `core::mem`\n\nerror[E0425]: cannot find function `console_init` in module `platform`\n  --> /home/runner/.cargo/git/checkouts/early_console-27aa013ee5514833/8bc0d21/early_console/src/lib.rs:17:15\n   |\n17 |     platform::console_init();\n   |               ^^^^^^^^^^^^ not found in `platform`\n\nerror[E0425]: cannot find function `putchar` in module `platform`\n  --> /home/runner/.cargo/git/checkouts/early_console-27aa013ee5514833/8bc0d21/early_console/src/lib.rs:23:19\n   |\n23 |         platform::putchar(*c);\n   |                   ^^^^^^^ not found in `platform`\n   |\nhelp: consider importing this function\n   |\n12 + use crate::platform::console::putchar;\n   |\nhelp: if you import `putchar`, refer to it directly\n   |\n23 -         platform::putchar(*c);\n23 +         putchar(*c);\n   |\n\nerror[E0425]: cannot find function `getchar` in module `platform`\n  --> /home/runner/.cargo/git/checkouts/early_console-27aa013ee5514833/8bc0d21/early_console/src/lib.rs:31:36\n   |\n31 |         if let Some(c) = platform::getchar() {\n   |                                    ^^^^^^^ not found in `platform`\n   |\nhelp: consider importing this function\n   |\n12 + use crate::platform::console::getchar;\n   |\nhelp: if you import `getchar`, refer to it directly\n   |\n31 -         if let Some(c) = platform::getchar() {\n31 +         if let Some(c) = getchar() {\n   |\n\nSome errors have detailed explanations: E0425, E0432, E0433.\nFor more information about an error, try `rustc --explain E0425`.\nerror: could not compile `early_console` (lib) due to 5 previous errors\nwarning: build failed, waiting for other jobs to finish...\n\n-----\n\nerror: failed to build rustdoc for crate task v0.1.0\nnote: this is usually due to a compilation error in the crate,\n      and is unlikely to be a bug in cargo-semver-checks\nnote: the following command can be used to reproduce the compilation error:\n      cargo new --lib example &&\n          cd example &&\n          echo '[workspace]' >> Cargo.toml &&\n          cargo add --path /home/runner/check/batch_18/shilei-massclouds/task/task &&\n          cargo check\n\nerror: aborting due to failure to build rustdoc for crate task v0.1.0\n"
    },
    {
      "cmd_idx": 73,
      "file": "(virtual) lockbud",
      "kind": "Cargo",
      "raw": "// pkg_name=task, checker=Lockbud\n// toolchain=nightly-2024-12-26-x86_64-unknown-linux-gnu, target=x86_64-unknown-linux-gnu\n// pkg_dir=/home/runner/check/batch_18/shilei-massclouds/task/task\n// cmd=cargo +nightly-2024-10-05 lockbud -k all -- --target x86_64-unknown-linux-gnu\n// timestamp=2024-12-29 2:36:48.895809257 +08:00:00\n   Compiling proc-macro2 v1.0.92\n   Compiling hashbrown v0.15.2\n   Compiling unicode-ident v1.0.14\n   Compiling serde v1.0.217\n   Compiling equivalent v1.0.1\n   Compiling toml_datetime v0.6.8\n   Compiling winnow v0.5.40\n   Compiling indexmap v2.7.0\n   Compiling quote v1.0.38\n   Compiling log v0.4.22\n[2024-12-28T18:36:50Z WARN  lockbud::callbacks] [\n      {\n        \"AtomicityViolation\": {\n          \"bug_kind\": \"AtomicityViolation\",\n          \"possibility\": \"Possibly\",\n          \"diagnosis\": {\n            \"fn_name\": \"set_logger_racy\",\n            \"atomic_reader\": \"/home/runner/.cargo/registry/src/index.crates.io-6f17d22bba15001f/log-0.4.22/src/lib.rs:1447:11: 1447:40 (#0)\",\n            \"atomic_writer\": \"/home/runner/.cargo/registry/src/index.crates.io-6f17d22bba15001f/log-0.4.22/src/lib.rs:1450:13: 1450:56 (#0)\",\n            \"dep_kind\": \"Control\"\n          },\n          \"explanation\": \"atomic::store is data/control dependent on atomic::load\"\n        }\n      }\n    ]\n[2024-12-28T18:36:50Z WARN  lockbud::callbacks] crate log contains bugs: { probably: 0, possibly: 0 }, conflictlock: { probably: 0, possibly: 0 }, condvar_deadlock: { probably: 0, possibly: 0 }, atomicity_violation: { possibly: 1 }, invalid_free: { possibly: 0 }, use_after_free: { possibly: 0 }\n   Compiling bitflags v1.3.2\n   Compiling bit_field v0.10.2\n   Compiling syn v2.0.92\n   Compiling bitflags v2.6.0\n   Compiling cfg-if v1.0.0\n   Compiling rustversion v1.0.19\n   Compiling autocfg v1.4.0\n   Compiling toml_edit v0.19.15\n   Compiling lock_api v0.4.12\n   Compiling axerrno v0.1.0 (ssh://git@github.com/shilei-massclouds/axerrno#892169aa)\n   Compiling scopeguard v1.2.0\n   Compiling volatile v0.4.6\n   Compiling x86_64 v0.14.13\n   Compiling kernel_guard_base v0.1.0 (ssh://git@github.com/shilei-massclouds/kernel_guard_base#4e672f3e)\n   Compiling raw-cpuid v10.7.0\nerror[E0053]: method `steps_between` has an incompatible type for trait\n   --> /home/runner/.cargo/registry/src/index.crates.io-6f17d22bba15001f/x86_64-0.14.13/src/addr.rs:387:51\n    |\n387 |     fn steps_between(start: &Self, end: &Self) -> (usize, Option<usize>) {\n    |                                                   ^^^^^^^^^^^^^^^^^^^^^^ expected `core::option::Option<usize>`, found `(usize, Option<usize>)`\n    |\n    = note: expected signature `fn(&addr::VirtAddr, &addr::VirtAddr) -> core::option::Option<usize>`\n               found signature `fn(&addr::VirtAddr, &addr::VirtAddr) -> (usize, core::option::Option<usize>)`\nhelp: change the output type to match the trait\n    |\n387 |     fn steps_between(start: &Self, end: &Self) -> core::option::Option<usize> {\n    |                                                   ~~~~~~~~~~~~~~~~~~~~~~~~~~~\n\nerror[E0053]: method `steps_between` has an incompatible type for trait\n   --> /home/runner/.cargo/registry/src/index.crates.io-6f17d22bba15001f/x86_64-0.14.13/src/structures/paging/page.rs:284:51\n    |\n284 |     fn steps_between(start: &Self, end: &Self) -> (usize, Option<usize>) {\n    |                                                   ^^^^^^^^^^^^^^^^^^^^^^ expected `core::option::Option<usize>`, found `(usize, Option<usize>)`\n    |\n    = note: expected signature `fn(&structures::paging::page::Page<_>, &structures::paging::page::Page<_>) -> core::option::Option<usize>`\n               found signature `fn(&structures::paging::page::Page<_>, &structures::paging::page::Page<_>) -> (usize, core::option::Option<usize>)`\nhelp: change the output type to match the trait\n    |\n284 |     fn steps_between(start: &Self, end: &Self) -> core::option::Option<usize> {\n    |                                                   ~~~~~~~~~~~~~~~~~~~~~~~~~~~\n\nFor more information about this error, try `rustc --explain E0053`.\nerror: could not compile `x86_64` (lib) due to 2 previous errors\nwarning: build failed, waiting for other jobs to finish...\n"
    },
    {
      "cmd_idx": 74,
      "file": "(virtual) rap",
      "kind": "Cargo",
      "raw": "// pkg_name=task, checker=Rap\n// toolchain=nightly-2024-12-26-x86_64-unknown-linux-gnu, target=x86_64-unknown-linux-gnu\n// pkg_dir=/home/runner/check/batch_18/shilei-massclouds/task/task\n// cmd=cargo +nightly-2024-10-12 rap -F -M -- --target x86_64-unknown-linux-gnu\n// timestamp=2024-12-29 2:37:02.246033741 +08:00:00\n   Compiling proc-macro2 v1.0.92\n   Compiling equivalent v1.0.1\n   Compiling serde v1.0.217\n   Compiling unicode-ident v1.0.14\n   Compiling hashbrown v0.15.2\n   Compiling winnow v0.5.40\n   Compiling toml_datetime v0.6.8\n   Compiling indexmap v2.7.0\n   Compiling quote v1.0.38\n    Checking log v0.4.22\n    Checking bit_field v0.10.2\n    Checking bitflags v1.3.2\n   Compiling syn v2.0.92\n    Checking bitflags v2.6.0\n   Compiling toml_edit v0.19.15\n    Checking cfg-if v1.0.0\n   Compiling rustversion v1.0.19\n   Compiling autocfg v1.4.0\n   Compiling lock_api v0.4.12\n   Compiling axerrno v0.1.0 (ssh://git@github.com/shilei-massclouds/axerrno#892169aa)\n    Checking scopeguard v1.2.0\n    Checking volatile v0.4.6\n    Checking x86_64 v0.14.13\n    Checking kernel_guard_base v0.1.0 (ssh://git@github.com/shilei-massclouds/kernel_guard_base#4e672f3e)\nerror[E0053]: method `steps_between` has an incompatible type for trait\n   --> /home/runner/.cargo/registry/src/index.crates.io-6f17d22bba15001f/x86_64-0.14.13/src/addr.rs:387:51\n    |\n387 |     fn steps_between(start: &Self, end: &Self) -> (usize, Option<usize>) {\n    |                                                   ^^^^^^^^^^^^^^^^^^^^^^ expected `Option<usize>`, found `(usize, Option<usize>)`\n    |\n    = note: expected signature `fn(&addr::VirtAddr, &addr::VirtAddr) -> Option<usize>`\n               found signature `fn(&addr::VirtAddr, &addr::VirtAddr) -> (usize, Option<usize>)`\nhelp: change the output type to match the trait\n    |\n387 |     fn steps_between(start: &Self, end: &Self) -> Option<usize> {\n    |                                                   ~~~~~~~~~~~~~\n\nerror[E0053]: method `steps_between` has an incompatible type for trait\n   --> /home/runner/.cargo/registry/src/index.crates.io-6f17d22bba15001f/x86_64-0.14.13/src/structures/paging/page.rs:284:51\n    |\n284 |     fn steps_between(start: &Self, end: &Self) -> (usize, Option<usize>) {\n    |                                                   ^^^^^^^^^^^^^^^^^^^^^^ expected `Option<usize>`, found `(usize, Option<usize>)`\n    |\n    = note: expected signature `fn(&Page<_>, &Page<_>) -> Option<usize>`\n               found signature `fn(&Page<_>, &Page<_>) -> (usize, Option<usize>)`\nhelp: change the output type to match the trait\n    |\n284 |     fn steps_between(start: &Self, end: &Self) -> Option<usize> {\n    |                                                   ~~~~~~~~~~~~~\n\n    Checking raw-cpuid v10.7.0\nFor more information about this error, try `rustc --explain E0053`.\nerror: could not compile `x86_64` (lib) due to 2 previous errors\nwarning: build failed, waiting for other jobs to finish...\n18:37:08|RAP|ERROR|: Finished with non-zero exit code.\n"
    },
    {
      "cmd_idx": 75,
      "file": "src/lib.rs",
      "kind": "Unformatted",
      "raw": "file: /home/runner/check/batch_18/shilei-massclouds/taskctx/taskctx/src/lib.rs (original lines from 10 to 13)\n-use core::ops::Deref;\n-use core::mem::ManuallyDrop;\n-use core::{alloc::Layout, cell::UnsafeCell, ptr::NonNull};\n-use core::sync::atomic::{AtomicUsize, AtomicU8, AtomicBool, Ordering};\n+use axhal::arch::write_page_table_root0;\n"
    },
    {
      "cmd_idx": 75,
      "file": "src/lib.rs",
      "kind": "Unformatted",
      "raw": "file: /home/runner/check/batch_18/shilei-massclouds/taskctx/taskctx/src/lib.rs (original lines from 16 to 20)\n-use axhal::trap::{TRAPFRAME_SIZE, STACK_ALIGN};\n-use memory_addr::{align_up_4k, align_down, PAGE_SIZE_4K};\n-use spinbase::SpinNoIrq;\n-use axhal::arch::write_page_table_root0;\n-use page_table::paging::PageTable;\n+use axhal::trap::{STACK_ALIGN, TRAPFRAME_SIZE};\n+use core::mem::ManuallyDrop;\n+use core::ops::Deref;\n+use core::sync::atomic::{AtomicBool, AtomicU8, AtomicUsize, Ordering};\n+use core::{alloc::Layout, cell::UnsafeCell, ptr::NonNull};\n"
    },
    {
      "cmd_idx": 75,
      "file": "src/lib.rs",
      "kind": "Unformatted",
      "raw": "file: /home/runner/check/batch_18/shilei-massclouds/taskctx/taskctx/src/lib.rs (original lines from 22 to 22)\n+use memory_addr::{align_down, align_up_4k, PAGE_SIZE_4K};\n+use page_table::paging::PageTable;\n+use spinbase::SpinNoIrq;\n"
    },
    {
      "cmd_idx": 75,
      "file": "src/lib.rs",
      "kind": "Unformatted",
      "raw": "file: /home/runner/check/batch_18/shilei-massclouds/taskctx/taskctx/src/lib.rs (original lines from 25 to 26)\n-pub const TIF_SIGPENDING: usize     = 2;    // signal pending\n-pub const TIF_NOTIFY_SIGNAL: usize  = 9;    // signal notifications exist\n+pub const TIF_SIGPENDING: usize = 2; // signal pending\n+pub const TIF_NOTIFY_SIGNAL: usize = 9; // signal notifications exist\n"
    },
    {
      "cmd_idx": 75,
      "file": "src/lib.rs",
      "kind": "Unformatted",
      "raw": "file: /home/runner/check/batch_18/shilei-massclouds/taskctx/taskctx/src/lib.rs (original lines from 82 to 83)\n-    tid:    Tid,\n-    tgid:   Tid,\n+    tid: Tid,\n+    tgid: Tid,\n"
    },
    {
      "cmd_idx": 75,
      "file": "src/lib.rs",
      "kind": "Unformatted",
      "raw": "file: /home/runner/check/batch_18/shilei-massclouds/taskctx/taskctx/src/lib.rs (original lines from 87 to 88)\n-    pub real_parent:   Option<Arc<SchedInfo>>,\n-    pub group_leader:  Option<Arc<SchedInfo>>,\n+    pub real_parent: Option<Arc<SchedInfo>>,\n+    pub group_leader: Option<Arc<SchedInfo>>,\n"
    },
    {
      "cmd_idx": 75,
      "file": "src/lib.rs",
      "kind": "Unformatted",
      "raw": "file: /home/runner/check/batch_18/shilei-massclouds/taskctx/taskctx/src/lib.rs (original lines from 164 to 164)\n-        self.flags.fetch_or(1<<flag, Ordering::Relaxed);\n+        self.flags.fetch_or(1 << flag, Ordering::Relaxed);\n"
    },
    {
      "cmd_idx": 75,
      "file": "src/lib.rs",
      "kind": "Unformatted",
      "raw": "file: /home/runner/check/batch_18/shilei-massclouds/taskctx/taskctx/src/lib.rs (original lines from 169 to 169)\n-        self.flags.fetch_and(!(1<<flag), Ordering::Relaxed);\n+        self.flags.fetch_and(!(1 << flag), Ordering::Relaxed);\n"
    },
    {
      "cmd_idx": 75,
      "file": "src/lib.rs",
      "kind": "Unformatted",
      "raw": "file: /home/runner/check/batch_18/shilei-massclouds/taskctx/taskctx/src/lib.rs (original lines from 302 to 304)\n-        unsafe {\n-            Arc::get_mut_unchecked(&mut self.0)\n-        }\n+        unsafe { Arc::get_mut_unchecked(&mut self.0) }\n"
    },
    {
      "cmd_idx": 75,
      "file": "src/lib.rs",
      "kind": "Unformatted",
      "raw": "file: /home/runner/check/batch_18/shilei-massclouds/taskctx/taskctx/src/lib.rs (original lines from 308 to 308)\n-        info!(\"CurrentCtx::set_current {} -> {}...\", prev.tid(), next.tid());\n+        info!(\n+            \"CurrentCtx::set_current {} -> {}...\",\n+            prev.tid(),\n+            next.tid()\n+        );\n"
    },
    {
      "cmd_idx": 75,
      "file": "src/lib.rs",
      "kind": "Unformatted",
      "raw": "file: /home/runner/check/batch_18/shilei-massclouds/taskctx/taskctx/src/lib.rs (original lines from 335 to 336)\n-    debug!(\"###### switch_mm prev {} next {}; paddr {:#X}\",\n-        prev_mm_id, next_mm_id, next_pgd.lock().root_paddr());\n+    debug!(\n+        \"###### switch_mm prev {} next {}; paddr {:#X}\",\n+        prev_mm_id,\n+        next_mm_id,\n+        next_pgd.lock().root_paddr()\n+    );\n"
    },
    {
      "cmd_idx": 76,
      "file": "/home/runner/.cargo/git/checkouts/early_console-27aa013ee5514833/8bc0d21/early_console/src/lib.rs",
      "kind": "Clippy(Error)",
      "raw": "error[E0432]: unresolved imports `platform::getchar`, `platform::putchar`\n  --> /home/runner/.cargo/git/checkouts/early_console-27aa013ee5514833/8bc0d21/early_console/src/lib.rs:12:20\n   |\n12 | pub use platform::{getchar, putchar};\n   |                    ^^^^^^^  ^^^^^^^ no `putchar` in `platform`\n   |                    |\n   |                    no `getchar` in `platform`\n\n"
    },
    {
      "cmd_idx": 76,
      "file": "/home/runner/.cargo/git/checkouts/early_console-27aa013ee5514833/8bc0d21/early_console/src/lib.rs",
      "kind": "Clippy(Error)",
      "raw": "error[E0432]: unresolved imports `platform::getchar`, `platform::putchar`\n  --> /home/runner/.cargo/git/checkouts/early_console-27aa013ee5514833/8bc0d21/early_console/src/lib.rs:12:20\n   |\n12 | pub use platform::{getchar, putchar};\n   |                    ^^^^^^^  ^^^^^^^ no `putchar` in `platform`\n   |                    |\n   |                    no `getchar` in `platform`\n\n"
    },
    {
      "cmd_idx": 76,
      "file": "/home/runner/.cargo/git/checkouts/early_console-27aa013ee5514833/8bc0d21/early_console/src/platform/dummy/mod.rs",
      "kind": "Clippy(Error)",
      "raw": "error[E0433]: failed to resolve: unresolved import\n  --> /home/runner/.cargo/git/checkouts/early_console-27aa013ee5514833/8bc0d21/early_console/src/platform/dummy/mod.rs:31:69\n   |\n31 |     pub(crate) fn platform_regions() -> impl Iterator<Item = crate::mem::MemRegion> {\n   |                                                                     ^^^\n   |                                                                     |\n   |                                                                     unresolved import\n   |                                                                     help: a similar path exists: `core::mem`\n\n"
    },
    {
      "cmd_idx": 76,
      "file": "/home/runner/.cargo/git/checkouts/early_console-27aa013ee5514833/8bc0d21/early_console/src/lib.rs",
      "kind": "Clippy(Error)",
      "raw": "error[E0425]: cannot find function `console_init` in module `platform`\n  --> /home/runner/.cargo/git/checkouts/early_console-27aa013ee5514833/8bc0d21/early_console/src/lib.rs:17:15\n   |\n17 |     platform::console_init();\n   |               ^^^^^^^^^^^^ not found in `platform`\n\n"
    },
    {
      "cmd_idx": 76,
      "file": "/home/runner/.cargo/git/checkouts/early_console-27aa013ee5514833/8bc0d21/early_console/src/lib.rs",
      "kind": "Clippy(Error)",
      "raw": "error[E0425]: cannot find function `putchar` in module `platform`\n  --> /home/runner/.cargo/git/checkouts/early_console-27aa013ee5514833/8bc0d21/early_console/src/lib.rs:23:19\n   |\n23 |         platform::putchar(*c);\n   |                   ^^^^^^^ not found in `platform`\n   |\nhelp: consider importing this function\n   |\n12 + use crate::platform::console::putchar;\n   |\nhelp: if you import `putchar`, refer to it directly\n   |\n23 -         platform::putchar(*c);\n23 +         putchar(*c);\n   |\n\n"
    },
    {
      "cmd_idx": 76,
      "file": "/home/runner/.cargo/git/checkouts/early_console-27aa013ee5514833/8bc0d21/early_console/src/lib.rs",
      "kind": "Clippy(Error)",
      "raw": "error[E0425]: cannot find function `getchar` in module `platform`\n  --> /home/runner/.cargo/git/checkouts/early_console-27aa013ee5514833/8bc0d21/early_console/src/lib.rs:31:36\n   |\n31 |         if let Some(c) = platform::getchar() {\n   |                                    ^^^^^^^ not found in `platform`\n   |\nhelp: consider importing this function\n   |\n12 + use crate::platform::console::getchar;\n   |\nhelp: if you import `getchar`, refer to it directly\n   |\n31 -         if let Some(c) = platform::getchar() {\n31 +         if let Some(c) = getchar() {\n   |\n\n"
    },
    {
      "cmd_idx": 77,
      "file": "[semver checks]",
      "kind": "Semver Violation",
      "raw": "pkg=taskctx, checker=SemverChecks\ntoolchain=nightly-2024-12-26-x86_64-unknown-linux-gnu, target=x86_64-unknown-linux-gnu\npkg_dir=/home/runner/check/batch_18/shilei-massclouds/taskctx/taskctx\ncmd=cargo +nightly-2024-12-26-x86_64-unknown-linux-gnu semver-checks --target x86_64-unknown-linux-gnu\n\n\nstdout:\n\nstderr:\n    Building taskctx v0.1.0 (current)\nerror: running cargo-doc on crate 'taskctx' failed with output:\n-----\n   Compiling serde v1.0.217\n   Compiling hashbrown v0.15.2\n   Compiling equivalent v1.0.1\n   Compiling toml_datetime v0.6.8\n   Compiling winnow v0.5.40\n   Compiling proc-macro2 v1.0.92\n   Compiling unicode-ident v1.0.14\n   Compiling indexmap v2.7.0\n    Checking bit_field v0.10.2\n   Compiling quote v1.0.38\n    Checking cfg-if v1.0.0\n   Compiling rustversion v1.0.19\n   Compiling autocfg v1.4.0\n    Checking bitflags v2.6.0\n   Compiling toml_edit v0.19.15\n   Compiling lock_api v0.4.12\n    Checking volatile v0.4.6\n    Checking bitflags v1.3.2\n    Checking raw-cpuid v10.7.0\n    Checking x86_64 v0.14.13\n    Checking kernel_guard_base v0.1.0 (ssh://git@github.com/shilei-massclouds/kernel_guard_base#4e672f3e)\n    Checking log v0.4.22\n   Compiling paste v1.0.15\n   Compiling syn v1.0.109\n    Checking scopeguard v1.2.0\n   Compiling x86 v0.52.0\n    Checking spinbase v0.1.0 (ssh://git@github.com/shilei-massclouds/spinbase#a3496db8)\n   Compiling syn v2.0.92\n   Compiling libc v0.2.169\n   Compiling axerrno v0.1.0 (ssh://git@github.com/shilei-massclouds/axerrno#892169aa)\n   Compiling percpu2 v0.1.0 (ssh://git@github.com/shilei-massclouds/percpu2#2fa7f00e)\n    Checking spin v0.9.8\n    Checking bit v0.1.1\n   Compiling unicode-width v0.1.14\n   Compiling axconfig v0.1.0 (ssh://git@github.com/shilei-massclouds/axconfig#51b81e4a)\n   Compiling base64 v0.13.1\n    Checking x2apic v0.4.3\n   Compiling early_console v0.1.0 (ssh://git@github.com/shilei-massclouds/early_console#8bc0d219)\n   Compiling axhal v0.1.0 (ssh://git@github.com/shilei-massclouds/axhal#db90ff50)\nerror[E0432]: unresolved imports `platform::getchar`, `platform::putchar`\n  --> /home/runner/.cargo/git/checkouts/early_console-27aa013ee5514833/8bc0d21/early_console/src/lib.rs:12:20\n   |\n12 | pub use platform::{getchar, putchar};\n   |                    ^^^^^^^  ^^^^^^^ no `putchar` in `platform`\n   |                    |\n   |                    no `getchar` in `platform`\n\nerror[E0433]: failed to resolve: unresolved import\n  --> /home/runner/.cargo/git/checkouts/early_console-27aa013ee5514833/8bc0d21/early_console/src/platform/dummy/mod.rs:31:69\n   |\n31 |     pub(crate) fn platform_regions() -> impl Iterator<Item = crate::mem::MemRegion> {\n   |                                                                     ^^^\n   |                                                                     |\n   |                                                                     unresolved import\n   |                                                                     help: a similar path exists: `core::mem`\n\nerror[E0425]: cannot find function `console_init` in module `platform`\n  --> /home/runner/.cargo/git/checkouts/early_console-27aa013ee5514833/8bc0d21/early_console/src/lib.rs:17:15\n   |\n17 |     platform::console_init();\n   |               ^^^^^^^^^^^^ not found in `platform`\n\nerror[E0425]: cannot find function `putchar` in module `platform`\n  --> /home/runner/.cargo/git/checkouts/early_console-27aa013ee5514833/8bc0d21/early_console/src/lib.rs:23:19\n   |\n23 |         platform::putchar(*c);\n   |                   ^^^^^^^ not found in `platform`\n   |\nhelp: consider importing this function\n   |\n12 + use crate::platform::console::putchar;\n   |\nhelp: if you import `putchar`, refer to it directly\n   |\n23 -         platform::putchar(*c);\n23 +         putchar(*c);\n   |\n\nerror[E0425]: cannot find function `getchar` in module `platform`\n  --> /home/runner/.cargo/git/checkouts/early_console-27aa013ee5514833/8bc0d21/early_console/src/lib.rs:31:36\n   |\n31 |         if let Some(c) = platform::getchar() {\n   |                                    ^^^^^^^ not found in `platform`\n   |\nhelp: consider importing this function\n   |\n12 + use crate::platform::console::getchar;\n   |\nhelp: if you import `getchar`, refer to it directly\n   |\n31 -         if let Some(c) = platform::getchar() {\n31 +         if let Some(c) = getchar() {\n   |\n\nSome errors have detailed explanations: E0425, E0432, E0433.\nFor more information about an error, try `rustc --explain E0425`.\nerror: could not compile `early_console` (lib) due to 5 previous errors\nwarning: build failed, waiting for other jobs to finish...\n\n-----\n\nerror: failed to build rustdoc for crate taskctx v0.1.0\nnote: this is usually due to a compilation error in the crate,\n      and is unlikely to be a bug in cargo-semver-checks\nnote: the following command can be used to reproduce the compilation error:\n      cargo new --lib example &&\n          cd example &&\n          echo '[workspace]' >> Cargo.toml &&\n          cargo add --path /home/runner/check/batch_18/shilei-massclouds/taskctx/taskctx &&\n          cargo check\n\nerror: aborting due to failure to build rustdoc for crate taskctx v0.1.0\n"
    },
    {
      "cmd_idx": 79,
      "file": "[lockbud] Not supported to display yet.",
      "kind": "Lockbud(Possibly)",
      "raw": "[2024-12-28T18:38:30Z WARN  lockbud::callbacks] [\n      {\n        \"AtomicityViolation\": {\n          \"bug_kind\": \"AtomicityViolation\",\n          \"possibility\": \"Possibly\",\n          \"diagnosis\": {\n            \"fn_name\": \"set_logger_racy\",\n            \"atomic_reader\": \"/home/runner/.cargo/registry/src/index.crates.io-6f17d22bba15001f/log-0.4.22/src/lib.rs:1447:11: 1447:40 (#0)\",\n            \"atomic_writer\": \"/home/runner/.cargo/registry/src/index.crates.io-6f17d22bba15001f/log-0.4.22/src/lib.rs:1450:13: 1450:56 (#0)\",\n            \"dep_kind\": \"Control\"\n          },\n          \"explanation\": \"atomic::store is data/control dependent on atomic::load\"\n        }\n      }\n    ]\n[2024-12-28T18:38:30Z WARN  lockbud::callbacks] crate log contains bugs: { probably: 0, possibly: 0 }, conflictlock: { probably: 0, possibly: 0 }, condvar_deadlock: { probably: 0, possibly: 0 }, atomicity_violation: { possibly: 1 }, invalid_free: { possibly: 0 }, use_after_free: { possibly: 0 }"
    },
    {
      "cmd_idx": 84,
      "file": "(virtual) clippy",
      "kind": "Cargo",
      "raw": "// pkg_name=taskctx, checker=Clippy\n// toolchain=nightly-2024-12-26-x86_64-unknown-linux-gnu, target=x86_64-unknown-linux-gnu\n// pkg_dir=/home/runner/check/batch_18/shilei-massclouds/taskctx/taskctx\n// cmd=cargo clippy --target x86_64-unknown-linux-gnu --no-deps --message-format=json\n// timestamp=2024-12-29 2:38:06.941156266 +08:00:00\n   Compiling equivalent v1.0.1\n   Compiling serde v1.0.217\n   Compiling hashbrown v0.15.2\n   Compiling winnow v0.5.40\n   Compiling toml_datetime v0.6.8\n   Compiling proc-macro2 v1.0.92\n   Compiling unicode-ident v1.0.14\n   Compiling indexmap v2.7.0\n    Checking bit_field v0.10.2\n   Compiling quote v1.0.38\n    Checking cfg-if v1.0.0\n   Compiling rustversion v1.0.19\n    Checking bitflags v2.6.0\n   Compiling autocfg v1.4.0\n   Compiling toml_edit v0.19.15\n   Compiling lock_api v0.4.12\n    Checking volatile v0.4.6\n    Checking bitflags v1.3.2\n    Checking raw-cpuid v10.7.0\n    Checking x86_64 v0.14.13\n    Checking kernel_guard_base v0.1.0 (ssh://git@github.com/shilei-massclouds/kernel_guard_base#4e672f3e)\n    Checking log v0.4.22\n    Checking scopeguard v1.2.0\n   Compiling syn v1.0.109\n   Compiling x86 v0.52.0\n   Compiling paste v1.0.15\n    Checking spinbase v0.1.0 (ssh://git@github.com/shilei-massclouds/spinbase#a3496db8)\n   Compiling syn v2.0.92\n   Compiling axerrno v0.1.0 (ssh://git@github.com/shilei-massclouds/axerrno#892169aa)\n   Compiling percpu2 v0.1.0 (ssh://git@github.com/shilei-massclouds/percpu2#2fa7f00e)\n   Compiling libc v0.2.169\n    Checking spin v0.9.8\n   Compiling unicode-width v0.1.14\n    Checking bit v0.1.1\n   Compiling axconfig v0.1.0 (ssh://git@github.com/shilei-massclouds/axconfig#51b81e4a)\n   Compiling base64 v0.13.1\n    Checking x2apic v0.4.3\n   Compiling early_console v0.1.0 (ssh://git@github.com/shilei-massclouds/early_console#8bc0d219)\n   Compiling axhal v0.1.0 (ssh://git@github.com/shilei-massclouds/axhal#db90ff50)\nerror: could not compile `early_console` (lib) due to 5 previous errors\nwarning: build failed, waiting for other jobs to finish...\n"
    },
    {
      "cmd_idx": 85,
      "file": "(virtual) semver-checks",
      "kind": "Cargo",
      "raw": "// pkg_name=taskctx, checker=SemverChecks\n// toolchain=nightly-2024-12-26-x86_64-unknown-linux-gnu, target=x86_64-unknown-linux-gnu\n// pkg_dir=/home/runner/check/batch_18/shilei-massclouds/taskctx/taskctx\n// cmd=cargo +nightly-2024-12-26-x86_64-unknown-linux-gnu semver-checks --target x86_64-unknown-linux-gnu\n// timestamp=2024-12-29 2:38:14.086003529 +08:00:00\n    Building taskctx v0.1.0 (current)\nerror: running cargo-doc on crate 'taskctx' failed with output:\n-----\n   Compiling serde v1.0.217\n   Compiling hashbrown v0.15.2\n   Compiling equivalent v1.0.1\n   Compiling toml_datetime v0.6.8\n   Compiling winnow v0.5.40\n   Compiling proc-macro2 v1.0.92\n   Compiling unicode-ident v1.0.14\n   Compiling indexmap v2.7.0\n    Checking bit_field v0.10.2\n   Compiling quote v1.0.38\n    Checking cfg-if v1.0.0\n   Compiling rustversion v1.0.19\n   Compiling autocfg v1.4.0\n    Checking bitflags v2.6.0\n   Compiling toml_edit v0.19.15\n   Compiling lock_api v0.4.12\n    Checking volatile v0.4.6\n    Checking bitflags v1.3.2\n    Checking raw-cpuid v10.7.0\n    Checking x86_64 v0.14.13\n    Checking kernel_guard_base v0.1.0 (ssh://git@github.com/shilei-massclouds/kernel_guard_base#4e672f3e)\n    Checking log v0.4.22\n   Compiling paste v1.0.15\n   Compiling syn v1.0.109\n    Checking scopeguard v1.2.0\n   Compiling x86 v0.52.0\n    Checking spinbase v0.1.0 (ssh://git@github.com/shilei-massclouds/spinbase#a3496db8)\n   Compiling syn v2.0.92\n   Compiling libc v0.2.169\n   Compiling axerrno v0.1.0 (ssh://git@github.com/shilei-massclouds/axerrno#892169aa)\n   Compiling percpu2 v0.1.0 (ssh://git@github.com/shilei-massclouds/percpu2#2fa7f00e)\n    Checking spin v0.9.8\n    Checking bit v0.1.1\n   Compiling unicode-width v0.1.14\n   Compiling axconfig v0.1.0 (ssh://git@github.com/shilei-massclouds/axconfig#51b81e4a)\n   Compiling base64 v0.13.1\n    Checking x2apic v0.4.3\n   Compiling early_console v0.1.0 (ssh://git@github.com/shilei-massclouds/early_console#8bc0d219)\n   Compiling axhal v0.1.0 (ssh://git@github.com/shilei-massclouds/axhal#db90ff50)\nerror[E0432]: unresolved imports `platform::getchar`, `platform::putchar`\n  --> /home/runner/.cargo/git/checkouts/early_console-27aa013ee5514833/8bc0d21/early_console/src/lib.rs:12:20\n   |\n12 | pub use platform::{getchar, putchar};\n   |                    ^^^^^^^  ^^^^^^^ no `putchar` in `platform`\n   |                    |\n   |                    no `getchar` in `platform`\n\nerror[E0433]: failed to resolve: unresolved import\n  --> /home/runner/.cargo/git/checkouts/early_console-27aa013ee5514833/8bc0d21/early_console/src/platform/dummy/mod.rs:31:69\n   |\n31 |     pub(crate) fn platform_regions() -> impl Iterator<Item = crate::mem::MemRegion> {\n   |                                                                     ^^^\n   |                                                                     |\n   |                                                                     unresolved import\n   |                                                                     help: a similar path exists: `core::mem`\n\nerror[E0425]: cannot find function `console_init` in module `platform`\n  --> /home/runner/.cargo/git/checkouts/early_console-27aa013ee5514833/8bc0d21/early_console/src/lib.rs:17:15\n   |\n17 |     platform::console_init();\n   |               ^^^^^^^^^^^^ not found in `platform`\n\nerror[E0425]: cannot find function `putchar` in module `platform`\n  --> /home/runner/.cargo/git/checkouts/early_console-27aa013ee5514833/8bc0d21/early_console/src/lib.rs:23:19\n   |\n23 |         platform::putchar(*c);\n   |                   ^^^^^^^ not found in `platform`\n   |\nhelp: consider importing this function\n   |\n12 + use crate::platform::console::putchar;\n   |\nhelp: if you import `putchar`, refer to it directly\n   |\n23 -         platform::putchar(*c);\n23 +         putchar(*c);\n   |\n\nerror[E0425]: cannot find function `getchar` in module `platform`\n  --> /home/runner/.cargo/git/checkouts/early_console-27aa013ee5514833/8bc0d21/early_console/src/lib.rs:31:36\n   |\n31 |         if let Some(c) = platform::getchar() {\n   |                                    ^^^^^^^ not found in `platform`\n   |\nhelp: consider importing this function\n   |\n12 + use crate::platform::console::getchar;\n   |\nhelp: if you import `getchar`, refer to it directly\n   |\n31 -         if let Some(c) = platform::getchar() {\n31 +         if let Some(c) = getchar() {\n   |\n\nSome errors have detailed explanations: E0425, E0432, E0433.\nFor more information about an error, try `rustc --explain E0425`.\nerror: could not compile `early_console` (lib) due to 5 previous errors\nwarning: build failed, waiting for other jobs to finish...\n\n-----\n\nerror: failed to build rustdoc for crate taskctx v0.1.0\nnote: this is usually due to a compilation error in the crate,\n      and is unlikely to be a bug in cargo-semver-checks\nnote: the following command can be used to reproduce the compilation error:\n      cargo new --lib example &&\n          cd example &&\n          echo '[workspace]' >> Cargo.toml &&\n          cargo add --path /home/runner/check/batch_18/shilei-massclouds/taskctx/taskctx &&\n          cargo check\n\nerror: aborting due to failure to build rustdoc for crate taskctx v0.1.0\n"
    },
    {
      "cmd_idx": 86,
      "file": "(virtual) lockbud",
      "kind": "Cargo",
      "raw": "// pkg_name=taskctx, checker=Lockbud\n// toolchain=nightly-2024-12-26-x86_64-unknown-linux-gnu, target=x86_64-unknown-linux-gnu\n// pkg_dir=/home/runner/check/batch_18/shilei-massclouds/taskctx/taskctx\n// cmd=cargo +nightly-2024-10-05 lockbud -k all -- --target x86_64-unknown-linux-gnu\n// timestamp=2024-12-29 2:38:25.844585302 +08:00:00\n   Compiling serde v1.0.217\n   Compiling hashbrown v0.15.2\n   Compiling equivalent v1.0.1\n   Compiling toml_datetime v0.6.8\n   Compiling winnow v0.5.40\n   Compiling proc-macro2 v1.0.92\n   Compiling unicode-ident v1.0.14\n   Compiling indexmap v2.7.0\n   Compiling bit_field v0.10.2\n   Compiling quote v1.0.38\n   Compiling cfg-if v1.0.0\n   Compiling rustversion v1.0.19\n   Compiling autocfg v1.4.0\n   Compiling bitflags v2.6.0\n   Compiling toml_edit v0.19.15\n   Compiling lock_api v0.4.12\n   Compiling volatile v0.4.6\n   Compiling bitflags v1.3.2\n   Compiling raw-cpuid v10.7.0\n   Compiling x86_64 v0.14.13\nerror[E0053]: method `steps_between` has an incompatible type for trait\n   --> /home/runner/.cargo/registry/src/index.crates.io-6f17d22bba15001f/x86_64-0.14.13/src/addr.rs:387:51\n    |\n387 |     fn steps_between(start: &Self, end: &Self) -> (usize, Option<usize>) {\n    |                                                   ^^^^^^^^^^^^^^^^^^^^^^ expected `core::option::Option<usize>`, found `(usize, Option<usize>)`\n    |\n    = note: expected signature `fn(&addr::VirtAddr, &addr::VirtAddr) -> core::option::Option<usize>`\n               found signature `fn(&addr::VirtAddr, &addr::VirtAddr) -> (usize, core::option::Option<usize>)`\nhelp: change the output type to match the trait\n    |\n387 |     fn steps_between(start: &Self, end: &Self) -> core::option::Option<usize> {\n    |                                                   ~~~~~~~~~~~~~~~~~~~~~~~~~~~\n\nerror[E0053]: method `steps_between` has an incompatible type for trait\n   --> /home/runner/.cargo/registry/src/index.crates.io-6f17d22bba15001f/x86_64-0.14.13/src/structures/paging/page.rs:284:51\n    |\n284 |     fn steps_between(start: &Self, end: &Self) -> (usize, Option<usize>) {\n    |                                                   ^^^^^^^^^^^^^^^^^^^^^^ expected `core::option::Option<usize>`, found `(usize, Option<usize>)`\n    |\n    = note: expected signature `fn(&structures::paging::page::Page<_>, &structures::paging::page::Page<_>) -> core::option::Option<usize>`\n               found signature `fn(&structures::paging::page::Page<_>, &structures::paging::page::Page<_>) -> (usize, core::option::Option<usize>)`\nhelp: change the output type to match the trait\n    |\n284 |     fn steps_between(start: &Self, end: &Self) -> core::option::Option<usize> {\n    |                                                   ~~~~~~~~~~~~~~~~~~~~~~~~~~~\n\n   Compiling kernel_guard_base v0.1.0 (ssh://git@github.com/shilei-massclouds/kernel_guard_base#4e672f3e)\n   Compiling x86 v0.52.0\n   Compiling syn v1.0.109\n   Compiling log v0.4.22\nFor more information about this error, try `rustc --explain E0053`.\nerror: could not compile `x86_64` (lib) due to 2 previous errors\nwarning: build failed, waiting for other jobs to finish...\n[2024-12-28T18:38:30Z WARN  lockbud::callbacks] [\n      {\n        \"AtomicityViolation\": {\n          \"bug_kind\": \"AtomicityViolation\",\n          \"possibility\": \"Possibly\",\n          \"diagnosis\": {\n            \"fn_name\": \"set_logger_racy\",\n            \"atomic_reader\": \"/home/runner/.cargo/registry/src/index.crates.io-6f17d22bba15001f/log-0.4.22/src/lib.rs:1447:11: 1447:40 (#0)\",\n            \"atomic_writer\": \"/home/runner/.cargo/registry/src/index.crates.io-6f17d22bba15001f/log-0.4.22/src/lib.rs:1450:13: 1450:56 (#0)\",\n            \"dep_kind\": \"Control\"\n          },\n          \"explanation\": \"atomic::store is data/control dependent on atomic::load\"\n        }\n      }\n    ]\n[2024-12-28T18:38:30Z WARN  lockbud::callbacks] crate log contains bugs: { probably: 0, possibly: 0 }, conflictlock: { probably: 0, possibly: 0 }, condvar_deadlock: { probably: 0, possibly: 0 }, atomicity_violation: { possibly: 1 }, invalid_free: { possibly: 0 }, use_after_free: { possibly: 0 }\n"
    },
    {
      "cmd_idx": 87,
      "file": "(virtual) rap",
      "kind": "Cargo",
      "raw": "// pkg_name=taskctx, checker=Rap\n// toolchain=nightly-2024-12-26-x86_64-unknown-linux-gnu, target=x86_64-unknown-linux-gnu\n// pkg_dir=/home/runner/check/batch_18/shilei-massclouds/taskctx/taskctx\n// cmd=cargo +nightly-2024-10-12 rap -F -M -- --target x86_64-unknown-linux-gnu\n// timestamp=2024-12-29 2:38:31.039529503 +08:00:00\n   Compiling hashbrown v0.15.2\n   Compiling serde v1.0.217\n   Compiling equivalent v1.0.1\n   Compiling toml_datetime v0.6.8\n   Compiling winnow v0.5.40\n   Compiling proc-macro2 v1.0.92\n   Compiling indexmap v2.7.0\n   Compiling unicode-ident v1.0.14\n    Checking bit_field v0.10.2\n   Compiling quote v1.0.38\n    Checking cfg-if v1.0.0\n   Compiling toml_edit v0.19.15\n   Compiling rustversion v1.0.19\n    Checking bitflags v2.6.0\n   Compiling autocfg v1.4.0\n   Compiling lock_api v0.4.12\n    Checking volatile v0.4.6\n    Checking bitflags v1.3.2\n    Checking x86_64 v0.14.13\n    Checking raw-cpuid v10.7.0\nerror[E0053]: method `steps_between` has an incompatible type for trait\n   --> /home/runner/.cargo/registry/src/index.crates.io-6f17d22bba15001f/x86_64-0.14.13/src/addr.rs:387:51\n    |\n387 |     fn steps_between(start: &Self, end: &Self) -> (usize, Option<usize>) {\n    |                                                   ^^^^^^^^^^^^^^^^^^^^^^ expected `Option<usize>`, found `(usize, Option<usize>)`\n    |\n    = note: expected signature `fn(&addr::VirtAddr, &addr::VirtAddr) -> Option<usize>`\n               found signature `fn(&addr::VirtAddr, &addr::VirtAddr) -> (usize, Option<usize>)`\nhelp: change the output type to match the trait\n    |\n387 |     fn steps_between(start: &Self, end: &Self) -> Option<usize> {\n    |                                                   ~~~~~~~~~~~~~\n\nerror[E0053]: method `steps_between` has an incompatible type for trait\n   --> /home/runner/.cargo/registry/src/index.crates.io-6f17d22bba15001f/x86_64-0.14.13/src/structures/paging/page.rs:284:51\n    |\n284 |     fn steps_between(start: &Self, end: &Self) -> (usize, Option<usize>) {\n    |                                                   ^^^^^^^^^^^^^^^^^^^^^^ expected `Option<usize>`, found `(usize, Option<usize>)`\n    |\n    = note: expected signature `fn(&Page<_>, &Page<_>) -> Option<usize>`\n               found signature `fn(&Page<_>, &Page<_>) -> (usize, Option<usize>)`\nhelp: change the output type to match the trait\n    |\n284 |     fn steps_between(start: &Self, end: &Self) -> Option<usize> {\n    |                                                   ~~~~~~~~~~~~~\n\n    Checking kernel_guard_base v0.1.0 (ssh://git@github.com/shilei-massclouds/kernel_guard_base#4e672f3e)\n    Checking scopeguard v1.2.0\n   Compiling syn v1.0.109\n   Compiling paste v1.0.15\n   Compiling x86 v0.52.0\nFor more information about this error, try `rustc --explain E0053`.\nerror: could not compile `x86_64` (lib) due to 2 previous errors\nwarning: build failed, waiting for other jobs to finish...\n18:38:35|RAP|ERROR|: Finished with non-zero exit code.\n"
    },
    {
      "cmd_idx": 88,
      "file": "src/lib.rs",
      "kind": "Unformatted",
      "raw": "file: /home/runner/check/batch_18/shilei-massclouds/wait_queue/wait_queue/src/lib.rs (original lines from 7 to 7)\n-use taskctx::CtxRef;\n"
    },
    {
      "cmd_idx": 88,
      "file": "src/lib.rs",
      "kind": "Unformatted",
      "raw": "file: /home/runner/check/batch_18/shilei-massclouds/wait_queue/wait_queue/src/lib.rs (original lines from 9 to 9)\n+use taskctx::CtxRef;\n"
    },
    {
      "cmd_idx": 89,
      "file": "/home/runner/.cargo/git/checkouts/early_console-27aa013ee5514833/8bc0d21/early_console/src/lib.rs",
      "kind": "Clippy(Error)",
      "raw": "error[E0432]: unresolved imports `platform::getchar`, `platform::putchar`\n  --> /home/runner/.cargo/git/checkouts/early_console-27aa013ee5514833/8bc0d21/early_console/src/lib.rs:12:20\n   |\n12 | pub use platform::{getchar, putchar};\n   |                    ^^^^^^^  ^^^^^^^ no `putchar` in `platform`\n   |                    |\n   |                    no `getchar` in `platform`\n\n"
    },
    {
      "cmd_idx": 89,
      "file": "/home/runner/.cargo/git/checkouts/early_console-27aa013ee5514833/8bc0d21/early_console/src/lib.rs",
      "kind": "Clippy(Error)",
      "raw": "error[E0432]: unresolved imports `platform::getchar`, `platform::putchar`\n  --> /home/runner/.cargo/git/checkouts/early_console-27aa013ee5514833/8bc0d21/early_console/src/lib.rs:12:20\n   |\n12 | pub use platform::{getchar, putchar};\n   |                    ^^^^^^^  ^^^^^^^ no `putchar` in `platform`\n   |                    |\n   |                    no `getchar` in `platform`\n\n"
    },
    {
      "cmd_idx": 89,
      "file": "/home/runner/.cargo/git/checkouts/early_console-27aa013ee5514833/8bc0d21/early_console/src/platform/dummy/mod.rs",
      "kind": "Clippy(Error)",
      "raw": "error[E0433]: failed to resolve: unresolved import\n  --> /home/runner/.cargo/git/checkouts/early_console-27aa013ee5514833/8bc0d21/early_console/src/platform/dummy/mod.rs:31:69\n   |\n31 |     pub(crate) fn platform_regions() -> impl Iterator<Item = crate::mem::MemRegion> {\n   |                                                                     ^^^\n   |                                                                     |\n   |                                                                     unresolved import\n   |                                                                     help: a similar path exists: `core::mem`\n\n"
    },
    {
      "cmd_idx": 89,
      "file": "/home/runner/.cargo/git/checkouts/early_console-27aa013ee5514833/8bc0d21/early_console/src/lib.rs",
      "kind": "Clippy(Error)",
      "raw": "error[E0425]: cannot find function `console_init` in module `platform`\n  --> /home/runner/.cargo/git/checkouts/early_console-27aa013ee5514833/8bc0d21/early_console/src/lib.rs:17:15\n   |\n17 |     platform::console_init();\n   |               ^^^^^^^^^^^^ not found in `platform`\n\n"
    },
    {
      "cmd_idx": 89,
      "file": "/home/runner/.cargo/git/checkouts/early_console-27aa013ee5514833/8bc0d21/early_console/src/lib.rs",
      "kind": "Clippy(Error)",
      "raw": "error[E0425]: cannot find function `putchar` in module `platform`\n  --> /home/runner/.cargo/git/checkouts/early_console-27aa013ee5514833/8bc0d21/early_console/src/lib.rs:23:19\n   |\n23 |         platform::putchar(*c);\n   |                   ^^^^^^^ not found in `platform`\n   |\nhelp: consider importing this function\n   |\n12 + use crate::platform::console::putchar;\n   |\nhelp: if you import `putchar`, refer to it directly\n   |\n23 -         platform::putchar(*c);\n23 +         putchar(*c);\n   |\n\n"
    },
    {
      "cmd_idx": 89,
      "file": "/home/runner/.cargo/git/checkouts/early_console-27aa013ee5514833/8bc0d21/early_console/src/lib.rs",
      "kind": "Clippy(Error)",
      "raw": "error[E0425]: cannot find function `getchar` in module `platform`\n  --> /home/runner/.cargo/git/checkouts/early_console-27aa013ee5514833/8bc0d21/early_console/src/lib.rs:31:36\n   |\n31 |         if let Some(c) = platform::getchar() {\n   |                                    ^^^^^^^ not found in `platform`\n   |\nhelp: consider importing this function\n   |\n12 + use crate::platform::console::getchar;\n   |\nhelp: if you import `getchar`, refer to it directly\n   |\n31 -         if let Some(c) = platform::getchar() {\n31 +         if let Some(c) = getchar() {\n   |\n\n"
    },
    {
      "cmd_idx": 90,
      "file": "[semver checks]",
      "kind": "Semver Violation",
      "raw": "pkg=wait_queue, checker=SemverChecks\ntoolchain=nightly-2024-12-26-x86_64-unknown-linux-gnu, target=x86_64-unknown-linux-gnu\npkg_dir=/home/runner/check/batch_18/shilei-massclouds/wait_queue/wait_queue\ncmd=cargo +nightly-2024-12-26-x86_64-unknown-linux-gnu semver-checks --target x86_64-unknown-linux-gnu\n\n\nstdout:\n\nstderr:\n    Building wait_queue v0.1.0 (current)\nerror: running cargo-doc on crate 'wait_queue' failed with output:\n-----\n   Compiling equivalent v1.0.1\n   Compiling hashbrown v0.15.2\n   Compiling serde v1.0.217\n   Compiling toml_datetime v0.6.8\n   Compiling winnow v0.5.40\n   Compiling proc-macro2 v1.0.92\n   Compiling unicode-ident v1.0.14\n   Compiling indexmap v2.7.0\n    Checking bit_field v0.10.2\n   Compiling quote v1.0.38\n    Checking cfg-if v1.0.0\n   Compiling rustversion v1.0.19\n    Checking bitflags v2.6.0\n   Compiling autocfg v1.4.0\n   Compiling toml_edit v0.19.15\n   Compiling lock_api v0.4.12\n    Checking bitflags v1.3.2\n    Checking volatile v0.4.6\n    Checking raw-cpuid v10.7.0\n    Checking x86_64 v0.14.13\n    Checking kernel_guard_base v0.1.0 (ssh://git@github.com/shilei-massclouds/kernel_guard_base#4e672f3e)\n    Checking scopeguard v1.2.0\n    Checking log v0.4.22\n   Compiling paste v1.0.15\n   Compiling x86 v0.52.0\n   Compiling syn v1.0.109\n    Checking spinbase v0.1.0 (ssh://git@github.com/shilei-massclouds/spinbase.git#a3496db8)\n   Compiling syn v2.0.92\n   Compiling libc v0.2.169\n   Compiling percpu2 v0.1.0 (ssh://git@github.com/shilei-massclouds/percpu2#2fa7f00e)\n   Compiling axerrno v0.1.0 (ssh://git@github.com/shilei-massclouds/axerrno#892169aa)\n    Checking spin v0.9.8\n   Compiling axconfig v0.1.0 (ssh://git@github.com/shilei-massclouds/axconfig.git#51b81e4a)\n   Compiling base64 v0.13.1\n    Checking bit v0.1.1\n   Compiling unicode-width v0.1.14\n   Compiling early_console v0.1.0 (ssh://git@github.com/shilei-massclouds/early_console#8bc0d219)\n   Compiling axhal v0.1.0 (ssh://git@github.com/shilei-massclouds/axhal.git#db90ff50)\nerror[E0432]: unresolved imports `platform::getchar`, `platform::putchar`\n  --> /home/runner/.cargo/git/checkouts/early_console-27aa013ee5514833/8bc0d21/early_console/src/lib.rs:12:20\n   |\n12 | pub use platform::{getchar, putchar};\n   |                    ^^^^^^^  ^^^^^^^ no `putchar` in `platform`\n   |                    |\n   |                    no `getchar` in `platform`\n\nerror[E0433]: failed to resolve: unresolved import\n  --> /home/runner/.cargo/git/checkouts/early_console-27aa013ee5514833/8bc0d21/early_console/src/platform/dummy/mod.rs:31:69\n   |\n31 |     pub(crate) fn platform_regions() -> impl Iterator<Item = crate::mem::MemRegion> {\n   |                                                                     ^^^\n   |                                                                     |\n   |                                                                     unresolved import\n   |                                                                     help: a similar path exists: `core::mem`\n\nerror[E0425]: cannot find function `console_init` in module `platform`\n  --> /home/runner/.cargo/git/checkouts/early_console-27aa013ee5514833/8bc0d21/early_console/src/lib.rs:17:15\n   |\n17 |     platform::console_init();\n   |               ^^^^^^^^^^^^ not found in `platform`\n\nerror[E0425]: cannot find function `putchar` in module `platform`\n  --> /home/runner/.cargo/git/checkouts/early_console-27aa013ee5514833/8bc0d21/early_console/src/lib.rs:23:19\n   |\n23 |         platform::putchar(*c);\n   |                   ^^^^^^^ not found in `platform`\n   |\nhelp: consider importing this function\n   |\n12 + use crate::platform::console::putchar;\n   |\nhelp: if you import `putchar`, refer to it directly\n   |\n23 -         platform::putchar(*c);\n23 +         putchar(*c);\n   |\n\nerror[E0425]: cannot find function `getchar` in module `platform`\n  --> /home/runner/.cargo/git/checkouts/early_console-27aa013ee5514833/8bc0d21/early_console/src/lib.rs:31:36\n   |\n31 |         if let Some(c) = platform::getchar() {\n   |                                    ^^^^^^^ not found in `platform`\n   |\nhelp: consider importing this function\n   |\n12 + use crate::platform::console::getchar;\n   |\nhelp: if you import `getchar`, refer to it directly\n   |\n31 -         if let Some(c) = platform::getchar() {\n31 +         if let Some(c) = getchar() {\n   |\n\nSome errors have detailed explanations: E0425, E0432, E0433.\nFor more information about an error, try `rustc --explain E0425`.\nerror: could not compile `early_console` (lib) due to 5 previous errors\nwarning: build failed, waiting for other jobs to finish...\n\n-----\n\nerror: failed to build rustdoc for crate wait_queue v0.1.0\nnote: this is usually due to a compilation error in the crate,\n      and is unlikely to be a bug in cargo-semver-checks\nnote: the following command can be used to reproduce the compilation error:\n      cargo new --lib example &&\n          cd example &&\n          echo '[workspace]' >> Cargo.toml &&\n          cargo add --path /home/runner/check/batch_18/shilei-massclouds/wait_queue/wait_queue &&\n          cargo check\n\nerror: aborting due to failure to build rustdoc for crate wait_queue v0.1.0\n"
    },
    {
      "cmd_idx": 97,
      "file": "(virtual) clippy",
      "kind": "Cargo",
      "raw": "// pkg_name=wait_queue, checker=Clippy\n// toolchain=nightly-2024-12-26-x86_64-unknown-linux-gnu, target=x86_64-unknown-linux-gnu\n// pkg_dir=/home/runner/check/batch_18/shilei-massclouds/wait_queue/wait_queue\n// cmd=cargo clippy --target x86_64-unknown-linux-gnu --no-deps --message-format=json\n// timestamp=2024-12-29 2:38:53.198359634 +08:00:00\n   Compiling hashbrown v0.15.2\n   Compiling serde v1.0.217\n   Compiling equivalent v1.0.1\n   Compiling winnow v0.5.40\n   Compiling toml_datetime v0.6.8\n   Compiling proc-macro2 v1.0.92\n   Compiling indexmap v2.7.0\n   Compiling unicode-ident v1.0.14\n    Checking bit_field v0.10.2\n   Compiling quote v1.0.38\n    Checking cfg-if v1.0.0\n   Compiling rustversion v1.0.19\n    Checking bitflags v2.6.0\n   Compiling autocfg v1.4.0\n   Compiling toml_edit v0.19.15\n   Compiling lock_api v0.4.12\n    Checking volatile v0.4.6\n    Checking bitflags v1.3.2\n    Checking raw-cpuid v10.7.0\n    Checking x86_64 v0.14.13\n    Checking kernel_guard_base v0.1.0 (ssh://git@github.com/shilei-massclouds/kernel_guard_base#4e672f3e)\n   Compiling x86 v0.52.0\n    Checking scopeguard v1.2.0\n   Compiling paste v1.0.15\n   Compiling syn v1.0.109\n    Checking log v0.4.22\n    Checking spinbase v0.1.0 (ssh://git@github.com/shilei-massclouds/spinbase.git#a3496db8)\n   Compiling syn v2.0.92\n   Compiling libc v0.2.169\n   Compiling percpu2 v0.1.0 (ssh://git@github.com/shilei-massclouds/percpu2#2fa7f00e)\n   Compiling axerrno v0.1.0 (ssh://git@github.com/shilei-massclouds/axerrno#892169aa)\n    Checking spin v0.9.8\n    Checking bit v0.1.1\n   Compiling unicode-width v0.1.14\n   Compiling base64 v0.13.1\n    Checking x2apic v0.4.3\n   Compiling axconfig v0.1.0 (ssh://git@github.com/shilei-massclouds/axconfig.git#51b81e4a)\n   Compiling early_console v0.1.0 (ssh://git@github.com/shilei-massclouds/early_console#8bc0d219)\nerror: could not compile `early_console` (lib) due to 5 previous errors\nwarning: build failed, waiting for other jobs to finish...\n"
    },
    {
      "cmd_idx": 98,
      "file": "(virtual) semver-checks",
      "kind": "Cargo",
      "raw": "// pkg_name=wait_queue, checker=SemverChecks\n// toolchain=nightly-2024-12-26-x86_64-unknown-linux-gnu, target=x86_64-unknown-linux-gnu\n// pkg_dir=/home/runner/check/batch_18/shilei-massclouds/wait_queue/wait_queue\n// cmd=cargo +nightly-2024-12-26-x86_64-unknown-linux-gnu semver-checks --target x86_64-unknown-linux-gnu\n// timestamp=2024-12-29 2:39:00.57525932 +08:00:00\n    Building wait_queue v0.1.0 (current)\nerror: running cargo-doc on crate 'wait_queue' failed with output:\n-----\n   Compiling equivalent v1.0.1\n   Compiling hashbrown v0.15.2\n   Compiling serde v1.0.217\n   Compiling toml_datetime v0.6.8\n   Compiling winnow v0.5.40\n   Compiling proc-macro2 v1.0.92\n   Compiling unicode-ident v1.0.14\n   Compiling indexmap v2.7.0\n    Checking bit_field v0.10.2\n   Compiling quote v1.0.38\n    Checking cfg-if v1.0.0\n   Compiling rustversion v1.0.19\n    Checking bitflags v2.6.0\n   Compiling autocfg v1.4.0\n   Compiling toml_edit v0.19.15\n   Compiling lock_api v0.4.12\n    Checking bitflags v1.3.2\n    Checking volatile v0.4.6\n    Checking raw-cpuid v10.7.0\n    Checking x86_64 v0.14.13\n    Checking kernel_guard_base v0.1.0 (ssh://git@github.com/shilei-massclouds/kernel_guard_base#4e672f3e)\n    Checking scopeguard v1.2.0\n    Checking log v0.4.22\n   Compiling paste v1.0.15\n   Compiling x86 v0.52.0\n   Compiling syn v1.0.109\n    Checking spinbase v0.1.0 (ssh://git@github.com/shilei-massclouds/spinbase.git#a3496db8)\n   Compiling syn v2.0.92\n   Compiling libc v0.2.169\n   Compiling percpu2 v0.1.0 (ssh://git@github.com/shilei-massclouds/percpu2#2fa7f00e)\n   Compiling axerrno v0.1.0 (ssh://git@github.com/shilei-massclouds/axerrno#892169aa)\n    Checking spin v0.9.8\n   Compiling axconfig v0.1.0 (ssh://git@github.com/shilei-massclouds/axconfig.git#51b81e4a)\n   Compiling base64 v0.13.1\n    Checking bit v0.1.1\n   Compiling unicode-width v0.1.14\n   Compiling early_console v0.1.0 (ssh://git@github.com/shilei-massclouds/early_console#8bc0d219)\n   Compiling axhal v0.1.0 (ssh://git@github.com/shilei-massclouds/axhal.git#db90ff50)\nerror[E0432]: unresolved imports `platform::getchar`, `platform::putchar`\n  --> /home/runner/.cargo/git/checkouts/early_console-27aa013ee5514833/8bc0d21/early_console/src/lib.rs:12:20\n   |\n12 | pub use platform::{getchar, putchar};\n   |                    ^^^^^^^  ^^^^^^^ no `putchar` in `platform`\n   |                    |\n   |                    no `getchar` in `platform`\n\nerror[E0433]: failed to resolve: unresolved import\n  --> /home/runner/.cargo/git/checkouts/early_console-27aa013ee5514833/8bc0d21/early_console/src/platform/dummy/mod.rs:31:69\n   |\n31 |     pub(crate) fn platform_regions() -> impl Iterator<Item = crate::mem::MemRegion> {\n   |                                                                     ^^^\n   |                                                                     |\n   |                                                                     unresolved import\n   |                                                                     help: a similar path exists: `core::mem`\n\nerror[E0425]: cannot find function `console_init` in module `platform`\n  --> /home/runner/.cargo/git/checkouts/early_console-27aa013ee5514833/8bc0d21/early_console/src/lib.rs:17:15\n   |\n17 |     platform::console_init();\n   |               ^^^^^^^^^^^^ not found in `platform`\n\nerror[E0425]: cannot find function `putchar` in module `platform`\n  --> /home/runner/.cargo/git/checkouts/early_console-27aa013ee5514833/8bc0d21/early_console/src/lib.rs:23:19\n   |\n23 |         platform::putchar(*c);\n   |                   ^^^^^^^ not found in `platform`\n   |\nhelp: consider importing this function\n   |\n12 + use crate::platform::console::putchar;\n   |\nhelp: if you import `putchar`, refer to it directly\n   |\n23 -         platform::putchar(*c);\n23 +         putchar(*c);\n   |\n\nerror[E0425]: cannot find function `getchar` in module `platform`\n  --> /home/runner/.cargo/git/checkouts/early_console-27aa013ee5514833/8bc0d21/early_console/src/lib.rs:31:36\n   |\n31 |         if let Some(c) = platform::getchar() {\n   |                                    ^^^^^^^ not found in `platform`\n   |\nhelp: consider importing this function\n   |\n12 + use crate::platform::console::getchar;\n   |\nhelp: if you import `getchar`, refer to it directly\n   |\n31 -         if let Some(c) = platform::getchar() {\n31 +         if let Some(c) = getchar() {\n   |\n\nSome errors have detailed explanations: E0425, E0432, E0433.\nFor more information about an error, try `rustc --explain E0425`.\nerror: could not compile `early_console` (lib) due to 5 previous errors\nwarning: build failed, waiting for other jobs to finish...\n\n-----\n\nerror: failed to build rustdoc for crate wait_queue v0.1.0\nnote: this is usually due to a compilation error in the crate,\n      and is unlikely to be a bug in cargo-semver-checks\nnote: the following command can be used to reproduce the compilation error:\n      cargo new --lib example &&\n          cd example &&\n          echo '[workspace]' >> Cargo.toml &&\n          cargo add --path /home/runner/check/batch_18/shilei-massclouds/wait_queue/wait_queue &&\n          cargo check\n\nerror: aborting due to failure to build rustdoc for crate wait_queue v0.1.0\n"
    },
    {
      "cmd_idx": 99,
      "file": "(virtual) lockbud",
      "kind": "Cargo",
      "raw": "// pkg_name=wait_queue, checker=Lockbud\n// toolchain=nightly-2024-12-26-x86_64-unknown-linux-gnu, target=x86_64-unknown-linux-gnu\n// pkg_dir=/home/runner/check/batch_18/shilei-massclouds/wait_queue/wait_queue\n// cmd=cargo +nightly-2024-10-05 lockbud -k all -- --target x86_64-unknown-linux-gnu\n// timestamp=2024-12-29 2:39:12.811981022 +08:00:00\n   Compiling serde v1.0.217\n   Compiling hashbrown v0.15.2\n   Compiling equivalent v1.0.1\n   Compiling winnow v0.5.40\n   Compiling toml_datetime v0.6.8\n   Compiling proc-macro2 v1.0.92\n   Compiling unicode-ident v1.0.14\n   Compiling indexmap v2.7.0\n   Compiling bit_field v0.10.2\n   Compiling quote v1.0.38\n   Compiling cfg-if v1.0.0\n   Compiling rustversion v1.0.19\n   Compiling bitflags v2.6.0\n   Compiling autocfg v1.4.0\n   Compiling toml_edit v0.19.15\n   Compiling lock_api v0.4.12\n   Compiling volatile v0.4.6\n   Compiling bitflags v1.3.2\n   Compiling x86_64 v0.14.13\n   Compiling raw-cpuid v10.7.0\nerror[E0053]: method `steps_between` has an incompatible type for trait\n   --> /home/runner/.cargo/registry/src/index.crates.io-6f17d22bba15001f/x86_64-0.14.13/src/addr.rs:387:51\n    |\n387 |     fn steps_between(start: &Self, end: &Self) -> (usize, Option<usize>) {\n    |                                                   ^^^^^^^^^^^^^^^^^^^^^^ expected `core::option::Option<usize>`, found `(usize, Option<usize>)`\n    |\n    = note: expected signature `fn(&addr::VirtAddr, &addr::VirtAddr) -> core::option::Option<usize>`\n               found signature `fn(&addr::VirtAddr, &addr::VirtAddr) -> (usize, core::option::Option<usize>)`\nhelp: change the output type to match the trait\n    |\n387 |     fn steps_between(start: &Self, end: &Self) -> core::option::Option<usize> {\n    |                                                   ~~~~~~~~~~~~~~~~~~~~~~~~~~~\n\nerror[E0053]: method `steps_between` has an incompatible type for trait\n   --> /home/runner/.cargo/registry/src/index.crates.io-6f17d22bba15001f/x86_64-0.14.13/src/structures/paging/page.rs:284:51\n    |\n284 |     fn steps_between(start: &Self, end: &Self) -> (usize, Option<usize>) {\n    |                                                   ^^^^^^^^^^^^^^^^^^^^^^ expected `core::option::Option<usize>`, found `(usize, Option<usize>)`\n    |\n    = note: expected signature `fn(&structures::paging::page::Page<_>, &structures::paging::page::Page<_>) -> core::option::Option<usize>`\n               found signature `fn(&structures::paging::page::Page<_>, &structures::paging::page::Page<_>) -> (usize, core::option::Option<usize>)`\nhelp: change the output type to match the trait\n    |\n284 |     fn steps_between(start: &Self, end: &Self) -> core::option::Option<usize> {\n    |                                                   ~~~~~~~~~~~~~~~~~~~~~~~~~~~\n\n   Compiling kernel_guard_base v0.1.0 (ssh://git@github.com/shilei-massclouds/kernel_guard_base#4e672f3e)\n   Compiling scopeguard v1.2.0\n   Compiling syn v1.0.109\nFor more information about this error, try `rustc --explain E0053`.\nerror: could not compile `x86_64` (lib) due to 2 previous errors\nwarning: build failed, waiting for other jobs to finish...\n"
    },
    {
      "cmd_idx": 100,
      "file": "(virtual) rap",
      "kind": "Cargo",
      "raw": "// pkg_name=wait_queue, checker=Rap\n// toolchain=nightly-2024-12-26-x86_64-unknown-linux-gnu, target=x86_64-unknown-linux-gnu\n// pkg_dir=/home/runner/check/batch_18/shilei-massclouds/wait_queue/wait_queue\n// cmd=cargo +nightly-2024-10-12 rap -F -M -- --target x86_64-unknown-linux-gnu\n// timestamp=2024-12-29 2:39:17.953632907 +08:00:00\n   Compiling hashbrown v0.15.2\n   Compiling equivalent v1.0.1\n   Compiling serde v1.0.217\n   Compiling toml_datetime v0.6.8\n   Compiling winnow v0.5.40\n   Compiling proc-macro2 v1.0.92\n   Compiling indexmap v2.7.0\n   Compiling unicode-ident v1.0.14\n    Checking bit_field v0.10.2\n   Compiling quote v1.0.38\n    Checking cfg-if v1.0.0\n   Compiling rustversion v1.0.19\n   Compiling toml_edit v0.19.15\n   Compiling autocfg v1.4.0\n    Checking bitflags v2.6.0\n   Compiling lock_api v0.4.12\n    Checking volatile v0.4.6\n    Checking bitflags v1.3.2\n    Checking raw-cpuid v10.7.0\n    Checking x86_64 v0.14.13\n    Checking kernel_guard_base v0.1.0 (ssh://git@github.com/shilei-massclouds/kernel_guard_base#4e672f3e)\n   Compiling paste v1.0.15\nerror[E0053]: method `steps_between` has an incompatible type for trait\n   --> /home/runner/.cargo/registry/src/index.crates.io-6f17d22bba15001f/x86_64-0.14.13/src/addr.rs:387:51\n    |\n387 |     fn steps_between(start: &Self, end: &Self) -> (usize, Option<usize>) {\n    |                                                   ^^^^^^^^^^^^^^^^^^^^^^ expected `Option<usize>`, found `(usize, Option<usize>)`\n    |\n    = note: expected signature `fn(&addr::VirtAddr, &addr::VirtAddr) -> Option<usize>`\n               found signature `fn(&addr::VirtAddr, &addr::VirtAddr) -> (usize, Option<usize>)`\nhelp: change the output type to match the trait\n    |\n387 |     fn steps_between(start: &Self, end: &Self) -> Option<usize> {\n    |                                                   ~~~~~~~~~~~~~\n\nerror[E0053]: method `steps_between` has an incompatible type for trait\n   --> /home/runner/.cargo/registry/src/index.crates.io-6f17d22bba15001f/x86_64-0.14.13/src/structures/paging/page.rs:284:51\n    |\n284 |     fn steps_between(start: &Self, end: &Self) -> (usize, Option<usize>) {\n    |                                                   ^^^^^^^^^^^^^^^^^^^^^^ expected `Option<usize>`, found `(usize, Option<usize>)`\n    |\n    = note: expected signature `fn(&Page<_>, &Page<_>) -> Option<usize>`\n               found signature `fn(&Page<_>, &Page<_>) -> (usize, Option<usize>)`\nhelp: change the output type to match the trait\n    |\n284 |     fn steps_between(start: &Self, end: &Self) -> Option<usize> {\n    |                                                   ~~~~~~~~~~~~~\n\n    Checking scopeguard v1.2.0\n   Compiling x86 v0.52.0\n   Compiling syn v1.0.109\n    Checking log v0.4.22\nFor more information about this error, try `rustc --explain E0053`.\nerror: could not compile `x86_64` (lib) due to 2 previous errors\nwarning: build failed, waiting for other jobs to finish...\n18:39:23|RAP|ERROR|: Finished with non-zero exit code.\n"
    },
    {
      "cmd_idx": 101,
      "file": "batch_18/sysones/rcore-tutorial-v3-with-hal-component",
      "kind": "Cargo",
      "raw": "\n   0:  `batch_18/sysones/rcore-tutorial-v3-with-hal-component`  Rust \n   1:  cargo metadata `cargo metadata` exited with an error:     Updating crates.io index\n          Updating git repository `https://github.com/Byte-OS/polyhal.git`\n          Updating git repository `https://github.com/rcore-os/virtio-drivers`\n      error: failed to select a version for `polyhal`.\n          ... required by package `os v0.1.0 (/home/runner/check/batch_18/sysones/rcore-tutorial-v3-with-hal-component/os)`\n      versions that meet the requirements `*` are: 0.1.3\n\n      the package `os` depends on `polyhal`, with features: `kcontext` but `polyhal` does not have these features.\n\n\n      failed to select a version for `polyhal` which could resolve this conflict\n   1: \n\nLocation:\n   src/layout/mod.rs:59\n\n   SPANTRACE \n\n   0: os_checker::run_checker::try_new with user=\"sysones\" repo=\"rcore-tutorial-v3-with-hal-component\"\n      at src/run_checker/mod.rs:219\n\nBacktrace omitted. Run with RUST_BACKTRACE=1 environment variable to display it.\nRun with RUST_BACKTRACE=full to include source snippets."
    }
  ]
}