{"repo":{"user":"arceos-org","repo":"arceos-apps"},"data":[{"user":"arceos-org","repo":"arceos-apps","pkg":"arceos-shell","count":63,"raw_reports":[{"file":"rust/fs/shell/src/cmd.rs","count":53,"kinds":{"Clippy(Error)":["error[E0463]: can't find crate for `std`\n --> rust/fs/shell/src/cmd.rs:2:5\n  |\n2 | use std::io::{self, prelude::*};\n  |     ^^^ can't find crate\n  |\n  = note: the `riscv64gc-unknown-none-elf` target may not support the standard library\n  = help: consider building the standard library from source with `cargo build -Zbuild-std`\n\n","error[E0463]: can't find crate for `std`\n --> rust/fs/shell/src/cmd.rs:1:5\n  |\n1 | use std::fs::{self, File, FileType};\n  |     ^^^ can't find crate\n  |\n  = note: the `riscv64gc-unknown-none-elf` target may not support the standard library\n  = help: consider building the standard library from source with `cargo build -Zbuild-std`\n\n","error[E0463]: can't find crate for `std`\n --> rust/fs/shell/src/cmd.rs:3:5\n  |\n3 | use std::{string::String, vec::Vec};\n  |     ^^^ can't find crate\n  |\n  = note: the `riscv64gc-unknown-none-elf` target may not support the standard library\n  = help: consider building the standard library from source with `cargo build -Zbuild-std`\n\n","error[E0432]: unresolved imports `std::fs`, `std::fs::File`, `std::fs::FileType`, `std::io`, `std::string::String`, `std::vec::Vec`\n --> rust/fs/shell/src/cmd.rs:1:15\n  |\n1 | use std::fs::{self, File, FileType};\n  |               ^^^^  ^^^^  ^^^^^^^^\n2 | use std::io::{self, prelude::*};\n  |               ^^^^\n3 | use std::{string::String, vec::Vec};\n  |           ^^^^^^^^^^^^^^  ^^^^^^^^\n\n","error[E0432]: unresolved imports `std::fs`, `std::fs::File`, `std::fs::FileType`, `std::io`, `std::string::String`, `std::vec::Vec`\n --> rust/fs/shell/src/cmd.rs:1:15\n  |\n1 | use std::fs::{self, File, FileType};\n  |               ^^^^  ^^^^  ^^^^^^^^\n2 | use std::io::{self, prelude::*};\n  |               ^^^^\n3 | use std::{string::String, vec::Vec};\n  |           ^^^^^^^^^^^^^^  ^^^^^^^^\n\n","error[E0432]: unresolved imports `std::fs`, `std::fs::File`, `std::fs::FileType`, `std::io`, `std::string::String`, `std::vec::Vec`\n --> rust/fs/shell/src/cmd.rs:1:15\n  |\n1 | use std::fs::{self, File, FileType};\n  |               ^^^^  ^^^^  ^^^^^^^^\n2 | use std::io::{self, prelude::*};\n  |               ^^^^\n3 | use std::{string::String, vec::Vec};\n  |           ^^^^^^^^^^^^^^  ^^^^^^^^\n\n","error[E0432]: unresolved imports `std::fs`, `std::fs::File`, `std::fs::FileType`, `std::io`, `std::string::String`, `std::vec::Vec`\n --> rust/fs/shell/src/cmd.rs:1:15\n  |\n1 | use std::fs::{self, File, FileType};\n  |               ^^^^  ^^^^  ^^^^^^^^\n2 | use std::io::{self, prelude::*};\n  |               ^^^^\n3 | use std::{string::String, vec::Vec};\n  |           ^^^^^^^^^^^^^^  ^^^^^^^^\n\n","error[E0432]: unresolved imports `std::fs`, `std::fs::File`, `std::fs::FileType`, `std::io`, `std::string::String`, `std::vec::Vec`\n --> rust/fs/shell/src/cmd.rs:1:15\n  |\n1 | use std::fs::{self, File, FileType};\n  |               ^^^^  ^^^^  ^^^^^^^^\n2 | use std::io::{self, prelude::*};\n  |               ^^^^\n3 | use std::{string::String, vec::Vec};\n  |           ^^^^^^^^^^^^^^  ^^^^^^^^\n\n","error[E0432]: unresolved imports `std::fs`, `std::fs::File`, `std::fs::FileType`, `std::io`, `std::string::String`, `std::vec::Vec`\n --> rust/fs/shell/src/cmd.rs:1:15\n  |\n1 | use std::fs::{self, File, FileType};\n  |               ^^^^  ^^^^  ^^^^^^^^\n2 | use std::io::{self, prelude::*};\n  |               ^^^^\n3 | use std::{string::String, vec::Vec};\n  |           ^^^^^^^^^^^^^^  ^^^^^^^^\n\n","error: cannot find macro `println` in this scope\n  --> rust/fs/shell/src/cmd.rs:85:9\n   |\n85 |         println!(\"{}{} {:>8} {}\", file_type_char, rwx, size, entry);\n   |         ^^^^^^^\n\n","error: cannot find macro `println` in this scope\n  --> rust/fs/shell/src/cmd.rs:96:13\n   |\n96 |             println!(\"{}:\", name);\n   |             ^^^^^^^\n\n","error: cannot find macro `println` in this scope\n   --> rust/fs/shell/src/cmd.rs:13:9\n    |\n13  |         println!(\"{}: {}: {}\", $cmd, $arg, $err);\n    |         ^^^^^^^\n...\n108 |                 print_err!(\"ls\", path, e);\n    |                 ------------------------- in this macro invocation\n    |\n    = note: this error originates in the macro `print_err` (in Nightly builds, run with -Z macro-backtrace for more info)\n\n","error: cannot find macro `println` in this scope\n   --> rust/fs/shell/src/cmd.rs:116:13\n    |\n116 |             println!();\n    |             ^^^^^^^\n\n","error: cannot find macro `println` in this scope\n   --> rust/fs/shell/src/cmd.rs:13:9\n    |\n13  |         println!(\"{}: {}: {}\", $cmd, $arg, $err);\n    |         ^^^^^^^\n...\n119 |             print_err!(\"ls\", name, e);\n    |             ------------------------- in this macro invocation\n    |\n    = note: this error originates in the macro `print_err` (in Nightly builds, run with -Z macro-backtrace for more info)\n\n","error: cannot find macro `println` in this scope\n   --> rust/fs/shell/src/cmd.rs:10:9\n    |\n10  |         println!(\"{}: {}\", $cmd, $msg);\n    |         ^^^^^^^\n...\n126 |         print_err!(\"cat\", \"no file specified\");\n    |         -------------------------------------- in this macro invocation\n    |\n    = note: this error originates in the macro `print_err` (in Nightly builds, run with -Z macro-backtrace for more info)\n\n","error: cannot find macro `println` in this scope\n   --> rust/fs/shell/src/cmd.rs:13:9\n    |\n13  |         println!(\"{}: {}: {}\", $cmd, $arg, $err);\n    |         ^^^^^^^\n...\n145 |             print_err!(\"cat\", fname, e);\n    |             --------------------------- in this macro invocation\n    |\n    = note: this error originates in the macro `print_err` (in Nightly builds, run with -Z macro-backtrace for more info)\n\n","error: cannot find macro `println` in this scope\n   --> rust/fs/shell/src/cmd.rs:10:9\n    |\n10  |         println!(\"{}: {}\", $cmd, $msg);\n    |         ^^^^^^^\n...\n163 |             print_err!(\"echo\", \"no file specified\");\n    |             --------------------------------------- in this macro invocation\n    |\n    = note: this error originates in the macro `print_err` (in Nightly builds, run with -Z macro-backtrace for more info)\n\n","error: cannot find macro `println` in this scope\n   --> rust/fs/shell/src/cmd.rs:13:9\n    |\n13  |         println!(\"{}: {}: {}\", $cmd, $arg, $err);\n    |         ^^^^^^^\n...\n174 |             print_err!(\"echo\", fname, e);\n    |             ---------------------------- in this macro invocation\n    |\n    = note: this error originates in the macro `print_err` (in Nightly builds, run with -Z macro-backtrace for more info)\n\n","error: cannot find macro `println` in this scope\n   --> rust/fs/shell/src/cmd.rs:177:9\n    |\n177 |         println!(\"{}\", args)\n    |         ^^^^^^^\n\n","error: cannot find macro `println` in this scope\n   --> rust/fs/shell/src/cmd.rs:10:9\n    |\n10  |         println!(\"{}: {}\", $cmd, $msg);\n    |         ^^^^^^^\n...\n183 |         print_err!(\"mkdir\", \"missing operand\");\n    |         -------------------------------------- in this macro invocation\n    |\n    = note: this error originates in the macro `print_err` (in Nightly builds, run with -Z macro-backtrace for more info)\n\n","error: cannot find macro `println` in this scope\n   --> rust/fs/shell/src/cmd.rs:13:9\n    |\n13  |         println!(\"{}: {}: {}\", $cmd, $arg, $err);\n    |         ^^^^^^^\n...\n193 |             print_err!(\"mkdir\", format_args!(\"cannot create directory '{path}'\"), e);\n    |             ------------------------------------------------------------------------ in this macro invocation\n    |\n    = note: this error originates in the macro `print_err` (in Nightly builds, run with -Z macro-backtrace for more info)\n\n","error: cannot find macro `println` in this scope\n   --> rust/fs/shell/src/cmd.rs:10:9\n    |\n10  |         println!(\"{}: {}\", $cmd, $msg);\n    |         ^^^^^^^\n...\n200 |         print_err!(\"rm\", \"missing operand\");\n    |         ----------------------------------- in this macro invocation\n    |\n    = note: this error originates in the macro `print_err` (in Nightly builds, run with -Z macro-backtrace for more info)\n\n","error: cannot find macro `println` in this scope\n   --> rust/fs/shell/src/cmd.rs:13:9\n    |\n13  |         println!(\"{}: {}: {}\", $cmd, $arg, $err);\n    |         ^^^^^^^\n...\n223 |             print_err!(\"rm\", format_args!(\"cannot remove '{path}'\"), e);\n    |             ----------------------------------------------------------- in this macro invocation\n    |\n    = note: this error originates in the macro `print_err` (in Nightly builds, run with -Z macro-backtrace for more info)\n\n","error: cannot find macro `println` in this scope\n   --> rust/fs/shell/src/cmd.rs:13:9\n    |\n13  |         println!(\"{}: {}: {}\", $cmd, $arg, $err);\n    |         ^^^^^^^\n...\n234 |             print_err!(\"cd\", args, e);\n    |             ------------------------- in this macro invocation\n    |\n    = note: this error originates in the macro `print_err` (in Nightly builds, run with -Z macro-backtrace for more info)\n\n","error: cannot find macro `println` in this scope\n   --> rust/fs/shell/src/cmd.rs:10:9\n    |\n10  |         println!(\"{}: {}\", $cmd, $msg);\n    |         ^^^^^^^\n...\n237 |         print_err!(\"cd\", \"too many arguments\");\n    |         -------------------------------------- in this macro invocation\n    |\n    = note: this error originates in the macro `print_err` (in Nightly builds, run with -Z macro-backtrace for more info)\n\n","error: cannot find macro `println` in this scope\n   --> rust/fs/shell/src/cmd.rs:243:5\n    |\n243 |     println!(\"{}\", path_to_str!(pwd));\n    |     ^^^^^^^\n\n","error: cannot find macro `option_env` in this scope\n   --> rust/fs/shell/src/cmd.rs:247:16\n    |\n247 |     let arch = option_env!(\"AX_ARCH\").unwrap_or(\"\");\n    |                ^^^^^^^^^^\n    |\nhelp: consider importing this macro\n    |\n1   + use core::option_env;\n    |\n\n","error: cannot find macro `option_env` in this scope\n   --> rust/fs/shell/src/cmd.rs:248:20\n    |\n248 |     let platform = option_env!(\"AX_PLATFORM\").unwrap_or(\"\");\n    |                    ^^^^^^^^^^\n    |\nhelp: consider importing this macro\n    |\n1   + use core::option_env;\n    |\n\n","error: cannot find macro `option_env` in this scope\n   --> rust/fs/shell/src/cmd.rs:249:21\n    |\n249 |     let smp = match option_env!(\"AX_SMP\") {\n    |                     ^^^^^^^^^^\n    |\nhelp: consider importing this macro\n    |\n1   + use core::option_env;\n    |\n\n","error: cannot find macro `option_env` in this scope\n   --> rust/fs/shell/src/cmd.rs:253:19\n    |\n253 |     let version = option_env!(\"CARGO_PKG_VERSION\").unwrap_or(\"0.1.0\");\n    |                   ^^^^^^^^^^\n    |\nhelp: consider importing this macro\n    |\n1   + use core::option_env;\n    |\n\n","error: cannot find macro `println` in this scope\n   --> rust/fs/shell/src/cmd.rs:254:5\n    |\n254 |     println!(\n    |     ^^^^^^^\n\n","error: cannot find macro `println` in this scope\n   --> rust/fs/shell/src/cmd.rs:264:5\n    |\n264 |     println!(\"Available commands:\");\n    |     ^^^^^^^\n\n","error: cannot find macro `println` in this scope\n   --> rust/fs/shell/src/cmd.rs:266:9\n    |\n266 |         println!(\"  {}\", name);\n    |         ^^^^^^^\n\n","error: cannot find macro `println` in this scope\n   --> rust/fs/shell/src/cmd.rs:271:5\n    |\n271 |     println!(\"Bye~\");\n    |     ^^^^^^^\n\n","error: cannot find macro `println` in this scope\n   --> rust/fs/shell/src/cmd.rs:285:9\n    |\n285 |         println!(\"{}: command not found\", cmd);\n    |         ^^^^^^^\n\n","error[E0463]: can't find crate for `std`\n  --> rust/fs/shell/src/cmd.rs:70:23\n   |\n70 |     let current_dir = std::env::current_dir().unwrap();\n   |                       ^^^ can't find crate\n   |\n   = note: the `riscv64gc-unknown-none-elf` target may not support the standard library\n   = help: consider building the standard library from source with `cargo build -Zbuild-std`\n\n","error[E0463]: can't find crate for `std`\n   --> rust/fs/shell/src/cmd.rs:233:25\n    |\n233 |         if let Err(e) = std::env::set_current_dir(args) {\n    |                         ^^^ can't find crate\n    |\n    = note: the `riscv64gc-unknown-none-elf` target may not support the standard library\n    = help: consider building the standard library from source with `cargo build -Zbuild-std`\n\n","error[E0463]: can't find crate for `std`\n   --> rust/fs/shell/src/cmd.rs:242:15\n    |\n242 |     let pwd = std::env::current_dir().unwrap();\n    |               ^^^ can't find crate\n    |\n    = note: the `riscv64gc-unknown-none-elf` target may not support the standard library\n    = help: consider building the standard library from source with `cargo build -Zbuild-std`\n\n","error[E0408]: variable `None` is not bound in all patterns\n   --> rust/fs/shell/src/cmd.rs:250:16\n    |\n250 |         None | Some(\"1\") => \"\",\n    |         ----   ^^^^^^^^^ pattern doesn't bind `None`\n    |         |\n    |         variable not in all patterns\n    |\nhelp: if you meant to match on unit variant `core::option::Option::None`, use the full path in the pattern\n    |\n250 |         core::option::Option::None | Some(\"1\") => \"\",\n    |         ~~~~~~~~~~~~~~~~~~~~~~~~~~\n\n","error[E0463]: can't find crate for `std`\n   --> rust/fs/shell/src/cmd.rs:272:5\n    |\n272 |     std::process::exit(0);\n    |     ^^^ can't find crate\n    |\n    = note: the `riscv64gc-unknown-none-elf` target may not support the standard library\n    = help: consider building the standard library from source with `cargo build -Zbuild-std`\n\n","error[E0425]: cannot find function, tuple struct or tuple variant `Ok` in this scope\n  --> rust/fs/shell/src/cmd.rs:86:9\n   |\n86 |         Ok(())\n   |         ^^ not found in this scope\n   |\nhelp: consider importing this tuple variant\n   |\n1  + use core::result::Result::Ok;\n   |\n\n","error[E0531]: cannot find tuple struct or tuple variant `Err` in this scope\n   --> rust/fs/shell/src/cmd.rs:107:20\n    |\n107 |             if let Err(e) = show_entry_info(&path, entry) {\n    |                    ^^^ not found in this scope\n    |\nhelp: consider importing this tuple variant\n    |\n1   + use core::result::Result::Err;\n    |\n\n","error[E0425]: cannot find function, tuple struct or tuple variant `Ok` in this scope\n   --> rust/fs/shell/src/cmd.rs:111:9\n    |\n111 |         Ok(())\n    |         ^^ not found in this scope\n    |\nhelp: consider importing this tuple variant\n    |\n1   + use core::result::Result::Ok;\n    |\n\n","error[E0531]: cannot find tuple struct or tuple variant `Err` in this scope\n   --> rust/fs/shell/src/cmd.rs:118:16\n    |\n118 |         if let Err(e) = list_one(name, name_count > 1) {\n    |                ^^^ not found in this scope\n    |\nhelp: consider importing this tuple variant\n    |\n1   + use core::result::Result::Err;\n    |\n\n","error[E0425]: cannot find function, tuple struct or tuple variant `Ok` in this scope\n   --> rust/fs/shell/src/cmd.rs:138:24\n    |\n138 |                 return Ok(());\n    |                        ^^ not found in this scope\n    |\nhelp: consider importing this tuple variant\n    |\n1   + use core::result::Result::Ok;\n    |\n\n","error[E0531]: cannot find tuple struct or tuple variant `Err` in this scope\n   --> rust/fs/shell/src/cmd.rs:144:16\n    |\n144 |         if let Err(e) = cat_one(fname) {\n    |                ^^^ not found in this scope\n    |\nhelp: consider importing this tuple variant\n    |\n1   + use core::result::Result::Err;\n    |\n\n","error[E0425]: cannot find function, tuple struct or tuple variant `Ok` in this scope\n   --> rust/fs/shell/src/cmd.rs:156:9\n    |\n156 |         Ok(())\n    |         ^^ not found in this scope\n    |\nhelp: consider importing this tuple variant\n    |\n1   + use core::result::Result::Ok;\n    |\n\n","error[E0531]: cannot find tuple struct or tuple variant `Some` in this scope\n   --> rust/fs/shell/src/cmd.rs:159:12\n    |\n159 |     if let Some(pos) = args.rfind('>') {\n    |            ^^^^ not found in this scope\n    |\nhelp: consider importing this tuple variant\n    |\n1   + use core::option::Option::Some;\n    |\n\n","error[E0531]: cannot find tuple struct or tuple variant `Err` in this scope\n   --> rust/fs/shell/src/cmd.rs:173:16\n    |\n173 |         if let Err(e) = echo_file(fname, &text_list) {\n    |                ^^^ not found in this scope\n    |\nhelp: consider importing this tuple variant\n    |\n1   + use core::result::Result::Err;\n    |\n\n","error[E0531]: cannot find tuple struct or tuple variant `Err` in this scope\n   --> rust/fs/shell/src/cmd.rs:192:16\n    |\n192 |         if let Err(e) = mkdir_one(path) {\n    |                ^^^ not found in this scope\n    |\nhelp: consider importing this tuple variant\n    |\n1   + use core::result::Result::Err;\n    |\n\n","error[E0531]: cannot find tuple struct or tuple variant `Err` in this scope\n   --> rust/fs/shell/src/cmd.rs:222:16\n    |\n222 |         if let Err(e) = rm_one(path, rm_dir) {\n    |                ^^^ not found in this scope\n    |\nhelp: consider importing this tuple variant\n    |\n1   + use core::result::Result::Err;\n    |\n\n","error[E0531]: cannot find tuple struct or tuple variant `Err` in this scope\n   --> rust/fs/shell/src/cmd.rs:233:16\n    |\n233 |         if let Err(e) = std::env::set_current_dir(args) {\n    |                ^^^ not found in this scope\n    |\nhelp: consider importing this tuple variant\n    |\n1   + use core::result::Result::Err;\n    |\n\n","error[E0531]: cannot find tuple struct or tuple variant `Some` in this scope\n   --> rust/fs/shell/src/cmd.rs:250:16\n    |\n250 |         None | Some(\"1\") => \"\",\n    |                ^^^^ not found in this scope\n    |\nhelp: consider importing this tuple variant\n    |\n1   + use core::option::Option::Some;\n    |\n\n"]}},{"file":"rust/fs/shell/src/main.rs","count":8,"kinds":{"Clippy(Error)":["error[E0463]: can't find crate for `std`\n  |\n  = note: the `riscv64gc-unknown-none-elf` target may not support the standard library\n  = note: `std` is required by `arceos_shell` because it does not declare `#![no_std]`\n  = help: consider building the standard library from source with `cargo build -Zbuild-std`\n\n","error[E0463]: can't find crate for `std`\n  --> rust/fs/shell/src/main.rs:26:5\n   |\n26 | use std::io::prelude::*;\n   |     ^^^ can't find crate\n   |\n   = note: the `riscv64gc-unknown-none-elf` target may not support the standard library\n   = help: consider building the standard library from source with `cargo build -Zbuild-std`\n\n","error: cannot find macro `print` in this scope\n  --> rust/fs/shell/src/main.rs:37:5\n   |\n37 |     print!(\n   |     ^^^^^\n\n","error: cannot find macro `println` in this scope\n  --> rust/fs/shell/src/main.rs:63:17\n   |\n63 |                 println!();\n   |                 ^^^^^^^\n\n","error[E0463]: can't find crate for `std`\n  --> rust/fs/shell/src/main.rs:41:5\n   |\n41 |     std::io::stdout().flush().unwrap();\n   |     ^^^ can't find crate\n   |\n   = note: the `riscv64gc-unknown-none-elf` target may not support the standard library\n   = help: consider building the standard library from source with `cargo build -Zbuild-std`\n\n","error[E0463]: can't find crate for `std`\n  --> rust/fs/shell/src/main.rs:46:21\n   |\n46 |     let mut stdin = std::io::stdin();\n   |                     ^^^ can't find crate\n   |\n   = note: the `riscv64gc-unknown-none-elf` target may not support the standard library\n   = help: consider building the standard library from source with `cargo build -Zbuild-std`\n\n","error[E0463]: can't find crate for `std`\n  --> rust/fs/shell/src/main.rs:47:22\n   |\n47 |     let mut stdout = std::io::stdout();\n   |                      ^^^ can't find crate\n   |\n   = note: the `riscv64gc-unknown-none-elf` target may not support the standard library\n   = help: consider building the standard library from source with `cargo build -Zbuild-std`\n\n","error[E0425]: cannot find function, tuple struct or tuple variant `Some` in this scope\n  --> rust/fs/shell/src/main.rs:55:61\n   |\n55 |         if stdin.read(&mut buf[cursor..cursor + 1]).ok() != Some(1) {\n   |                                                             ^^^^ not found in this scope\n   |\nhelp: consider importing this tuple variant\n   |\n26 + use core::option::Option::Some;\n   |\n\n"]}},{"file":"(virtual) clippy","count":1,"kinds":{"Cargo":["// pkg_name=arceos-shell, checker=Clippy\n// toolchain=nightly-2024-12-26-x86_64-unknown-linux-gnu, target=riscv64gc-unknown-none-elf\n// pkg_dir=/home/runner/check/batch_4/arceos-org/arceos-apps/rust/fs/shell\n// cmd=cargo clippy --target riscv64gc-unknown-none-elf --no-deps --message-format=json\n// timestamp=2024-12-31 4:27:39.093337397 +08:00:00\n    Checking arceos-shell v0.1.0 (/home/runner/check/batch_4/arceos-org/arceos-apps/rust/fs/shell)\nerror: could not compile `arceos-shell` (bin \"arceos-shell\") due to 57 previous errors\n"]}},{"file":"unkonwn-but-maybe-important","count":1,"kinds":{"Clippy(Error)":["error: `#[panic_handler]` function required, but not found\n\n"]}}]},{"user":"arceos-org","repo":"arceos-apps","pkg":"arceos-httpserver","count":36,"raw_reports":[{"file":"rust/net/httpserver/src/main.rs","count":33,"kinds":{"Clippy(Error)":["error[E0463]: can't find crate for `std`\n  |\n  = note: the `riscv64gc-unknown-none-elf` target may not support the standard library\n  = note: `std` is required by `arceos_httpserver` because it does not declare `#![no_std]`\n  = help: consider building the standard library from source with `cargo build -Zbuild-std`\n\n","error[E0463]: can't find crate for `std`\n  --> rust/net/httpserver/src/main.rs:16:5\n   |\n16 | use std::io::{self, prelude::*};\n   |     ^^^ can't find crate\n   |\n   = note: the `riscv64gc-unknown-none-elf` target may not support the standard library\n   = help: consider building the standard library from source with `cargo build -Zbuild-std`\n\n","error[E0463]: can't find crate for `std`\n  --> rust/net/httpserver/src/main.rs:17:5\n   |\n17 | use std::net::{TcpListener, TcpStream};\n   |     ^^^ can't find crate\n   |\n   = note: the `riscv64gc-unknown-none-elf` target may not support the standard library\n   = help: consider building the standard library from source with `cargo build -Zbuild-std`\n\n","error[E0463]: can't find crate for `std`\n  --> rust/net/httpserver/src/main.rs:18:5\n   |\n18 | use std::thread;\n   |     ^^^ can't find crate\n   |\n   = note: the `riscv64gc-unknown-none-elf` target may not support the standard library\n   = help: consider building the standard library from source with `cargo build -Zbuild-std`\n\n","error[E0432]: unresolved imports `std::io`, `std::net::TcpListener`, `std::net::TcpStream`, `std::thread`\n  --> rust/net/httpserver/src/main.rs:16:15\n   |\n16 | use std::io::{self, prelude::*};\n   |               ^^^^\n17 | use std::net::{TcpListener, TcpStream};\n   |                ^^^^^^^^^^^  ^^^^^^^^^\n18 | use std::thread;\n   |     ^^^^^^^^^^^\n\n","error[E0432]: unresolved imports `std::io`, `std::net::TcpListener`, `std::net::TcpStream`, `std::thread`\n  --> rust/net/httpserver/src/main.rs:16:15\n   |\n16 | use std::io::{self, prelude::*};\n   |               ^^^^\n17 | use std::net::{TcpListener, TcpStream};\n   |                ^^^^^^^^^^^  ^^^^^^^^^\n18 | use std::thread;\n   |     ^^^^^^^^^^^\n\n","error[E0432]: unresolved imports `std::io`, `std::net::TcpListener`, `std::net::TcpStream`, `std::thread`\n  --> rust/net/httpserver/src/main.rs:16:15\n   |\n16 | use std::io::{self, prelude::*};\n   |               ^^^^\n17 | use std::net::{TcpListener, TcpStream};\n   |                ^^^^^^^^^^^  ^^^^^^^^^\n18 | use std::thread;\n   |     ^^^^^^^^^^^\n\n","error[E0432]: unresolved imports `std::io`, `std::net::TcpListener`, `std::net::TcpStream`, `std::thread`\n  --> rust/net/httpserver/src/main.rs:16:15\n   |\n16 | use std::io::{self, prelude::*};\n   |               ^^^^\n17 | use std::net::{TcpListener, TcpStream};\n   |                ^^^^^^^^^^^  ^^^^^^^^^\n18 | use std::thread;\n   |     ^^^^^^^^^^^\n\n","error: cannot find macro `format` in this scope\n  --> rust/net/httpserver/src/main.rs:66:20\n   |\n66 |     let response = format!(header!(), CONTENT.len(), CONTENT);\n   |                    ^^^^^^\n\n","error: cannot find macro `println` in this scope\n  --> rust/net/httpserver/src/main.rs:74:5\n   |\n74 |     println!(\"listen on: http://{}/\", listener.local_addr().unwrap());\n   |     ^^^^^^^\n\n","error: cannot find macro `option_env` in this scope\n  --> rust/net/httpserver/src/main.rs:53:15\n   |\n53 |         match option_env!(\"LOG\") {\n   |               ^^^^^^^^^^\n...\n80 |                 info!(\"new client {}: {}\", i, addr);\n   |                 ----------------------------------- in this macro invocation\n   |\n   = note: this error originates in the macro `info` (in Nightly builds, run with -Z macro-backtrace for more info)\nhelp: consider importing this macro\n   |\n16 + use core::option_env;\n   |\n\n","error: cannot find macro `print` in this scope\n  --> rust/net/httpserver/src/main.rs:55:17\n   |\n55 |                 print!(\"[INFO] {}\\n\", format_args!($($arg)*));\n   |                 ^^^^^\n...\n80 |                 info!(\"new client {}: {}\", i, addr);\n   |                 ----------------------------------- in this macro invocation\n   |\n   = note: this error originates in the macro `info` (in Nightly builds, run with -Z macro-backtrace for more info)\n\n","error: cannot find macro `option_env` in this scope\n  --> rust/net/httpserver/src/main.rs:53:15\n   |\n53 |         match option_env!(\"LOG\") {\n   |               ^^^^^^^^^^\n...\n82 |                     Err(e) => info!(\"client connection error: {:?}\", e),\n   |                               ----------------------------------------- in this macro invocation\n   |\n   = note: this error originates in the macro `info` (in Nightly builds, run with -Z macro-backtrace for more info)\nhelp: consider importing this macro\n   |\n16 + use core::option_env;\n   |\n\n","error: cannot find macro `print` in this scope\n  --> rust/net/httpserver/src/main.rs:55:17\n   |\n55 |                 print!(\"[INFO] {}\\n\", format_args!($($arg)*));\n   |                 ^^^^^\n...\n82 |                     Err(e) => info!(\"client connection error: {:?}\", e),\n   |                               ----------------------------------------- in this macro invocation\n   |\n   = note: this error originates in the macro `info` (in Nightly builds, run with -Z macro-backtrace for more info)\n\n","error: cannot find macro `option_env` in this scope\n  --> rust/net/httpserver/src/main.rs:53:15\n   |\n53 |         match option_env!(\"LOG\") {\n   |               ^^^^^^^^^^\n...\n83 |                     Ok(()) => info!(\"client {} closed successfully\", i),\n   |                               ----------------------------------------- in this macro invocation\n   |\n   = note: this error originates in the macro `info` (in Nightly builds, run with -Z macro-backtrace for more info)\nhelp: consider importing this macro\n   |\n16 + use core::option_env;\n   |\n\n","error: cannot find macro `print` in this scope\n  --> rust/net/httpserver/src/main.rs:55:17\n   |\n55 |                 print!(\"[INFO] {}\\n\", format_args!($($arg)*));\n   |                 ^^^^^\n...\n83 |                     Ok(()) => info!(\"client {} closed successfully\", i),\n   |                               ----------------------------------------- in this macro invocation\n   |\n   = note: this error originates in the macro `info` (in Nightly builds, run with -Z macro-backtrace for more info)\n\n","error: cannot find macro `println` in this scope\n  --> rust/net/httpserver/src/main.rs:94:5\n   |\n94 |     println!(\"Hello, ArceOS HTTP server!\");\n   |     ^^^^^^^\n\n","error[E0425]: cannot find function, tuple struct or tuple variant `Ok` in this scope\n  --> rust/net/httpserver/src/main.rs:69:5\n   |\n69 |     Ok(())\n   |     ^^ not found in this scope\n   |\nhelp: consider importing this tuple variant\n   |\n16 + use core::result::Result::Ok;\n   |\n\n","error[E0531]: cannot find tuple struct or tuple variant `Ok` in this scope\n  --> rust/net/httpserver/src/main.rs:79:13\n   |\n79 |             Ok((stream, addr)) => {\n   |             ^^ not found in this scope\n   |\nhelp: consider importing this tuple variant\n   |\n16 + use core::result::Result::Ok;\n   |\n\n","error[E0531]: cannot find tuple struct or tuple variant `Some` in this scope\n  --> rust/net/httpserver/src/main.rs:54:13\n   |\n54 |             Some(\"info\") | Some(\"debug\") | Some(\"trace\") => {\n   |             ^^^^ not found in this scope\n...\n80 |                 info!(\"new client {}: {}\", i, addr);\n   |                 ----------------------------------- in this macro invocation\n   |\n   = note: this error originates in the macro `info` (in Nightly builds, run with -Z macro-backtrace for more info)\nhelp: consider importing this tuple variant\n   |\n16 + use core::option::Option::Some;\n   |\n\n","error[E0531]: cannot find tuple struct or tuple variant `Some` in this scope\n  --> rust/net/httpserver/src/main.rs:54:28\n   |\n54 |             Some(\"info\") | Some(\"debug\") | Some(\"trace\") => {\n   |                            ^^^^ not found in this scope\n...\n80 |                 info!(\"new client {}: {}\", i, addr);\n   |                 ----------------------------------- in this macro invocation\n   |\n   = note: this error originates in the macro `info` (in Nightly builds, run with -Z macro-backtrace for more info)\nhelp: consider importing this tuple variant\n   |\n16 + use core::option::Option::Some;\n   |\n\n","error[E0531]: cannot find tuple struct or tuple variant `Some` in this scope\n  --> rust/net/httpserver/src/main.rs:54:44\n   |\n54 |             Some(\"info\") | Some(\"debug\") | Some(\"trace\") => {\n   |                                            ^^^^ not found in this scope\n...\n80 |                 info!(\"new client {}: {}\", i, addr);\n   |                 ----------------------------------- in this macro invocation\n   |\n   = note: this error originates in the macro `info` (in Nightly builds, run with -Z macro-backtrace for more info)\nhelp: consider importing this tuple variant\n   |\n16 + use core::option::Option::Some;\n   |\n\n","error[E0531]: cannot find tuple struct or tuple variant `Err` in this scope\n  --> rust/net/httpserver/src/main.rs:82:21\n   |\n82 |                     Err(e) => info!(\"client connection error: {:?}\", e),\n   |                     ^^^ not found in this scope\n   |\nhelp: consider importing this tuple variant\n   |\n16 + use core::result::Result::Err;\n   |\n\n","error[E0531]: cannot find tuple struct or tuple variant `Some` in this scope\n  --> rust/net/httpserver/src/main.rs:54:13\n   |\n54 |             Some(\"info\") | Some(\"debug\") | Some(\"trace\") => {\n   |             ^^^^ not found in this scope\n...\n82 |                     Err(e) => info!(\"client connection error: {:?}\", e),\n   |                               ----------------------------------------- in this macro invocation\n   |\n   = note: this error originates in the macro `info` (in Nightly builds, run with -Z macro-backtrace for more info)\nhelp: consider importing this tuple variant\n   |\n16 + use core::option::Option::Some;\n   |\n\n","error[E0531]: cannot find tuple struct or tuple variant `Some` in this scope\n  --> rust/net/httpserver/src/main.rs:54:28\n   |\n54 |             Some(\"info\") | Some(\"debug\") | Some(\"trace\") => {\n   |                            ^^^^ not found in this scope\n...\n82 |                     Err(e) => info!(\"client connection error: {:?}\", e),\n   |                               ----------------------------------------- in this macro invocation\n   |\n   = note: this error originates in the macro `info` (in Nightly builds, run with -Z macro-backtrace for more info)\nhelp: consider importing this tuple variant\n   |\n16 + use core::option::Option::Some;\n   |\n\n","error[E0531]: cannot find tuple struct or tuple variant `Some` in this scope\n  --> rust/net/httpserver/src/main.rs:54:44\n   |\n54 |             Some(\"info\") | Some(\"debug\") | Some(\"trace\") => {\n   |                                            ^^^^ not found in this scope\n...\n82 |                     Err(e) => info!(\"client connection error: {:?}\", e),\n   |                               ----------------------------------------- in this macro invocation\n   |\n   = note: this error originates in the macro `info` (in Nightly builds, run with -Z macro-backtrace for more info)\nhelp: consider importing this tuple variant\n   |\n16 + use core::option::Option::Some;\n   |\n\n","error[E0531]: cannot find tuple struct or tuple variant `Ok` in this scope\n  --> rust/net/httpserver/src/main.rs:83:21\n   |\n83 |                     Ok(()) => info!(\"client {} closed successfully\", i),\n   |                     ^^ not found in this scope\n   |\nhelp: consider importing this tuple variant\n   |\n16 + use core::result::Result::Ok;\n   |\n\n","error[E0531]: cannot find tuple struct or tuple variant `Some` in this scope\n  --> rust/net/httpserver/src/main.rs:54:13\n   |\n54 |             Some(\"info\") | Some(\"debug\") | Some(\"trace\") => {\n   |             ^^^^ not found in this scope\n...\n83 |                     Ok(()) => info!(\"client {} closed successfully\", i),\n   |                               ----------------------------------------- in this macro invocation\n   |\n   = note: this error originates in the macro `info` (in Nightly builds, run with -Z macro-backtrace for more info)\nhelp: consider importing this tuple variant\n   |\n16 + use core::option::Option::Some;\n   |\n\n","error[E0531]: cannot find tuple struct or tuple variant `Some` in this scope\n  --> rust/net/httpserver/src/main.rs:54:28\n   |\n54 |             Some(\"info\") | Some(\"debug\") | Some(\"trace\") => {\n   |                            ^^^^ not found in this scope\n...\n83 |                     Ok(()) => info!(\"client {} closed successfully\", i),\n   |                               ----------------------------------------- in this macro invocation\n   |\n   = note: this error originates in the macro `info` (in Nightly builds, run with -Z macro-backtrace for more info)\nhelp: consider importing this tuple variant\n   |\n16 + use core::option::Option::Some;\n   |\n\n","error[E0531]: cannot find tuple struct or tuple variant `Some` in this scope\n  --> rust/net/httpserver/src/main.rs:54:44\n   |\n54 |             Some(\"info\") | Some(\"debug\") | Some(\"trace\") => {\n   |                                            ^^^^ not found in this scope\n...\n83 |                     Ok(()) => info!(\"client {} closed successfully\", i),\n   |                               ----------------------------------------- in this macro invocation\n   |\n   = note: this error originates in the macro `info` (in Nightly builds, run with -Z macro-backtrace for more info)\nhelp: consider importing this tuple variant\n   |\n16 + use core::option::Option::Some;\n   |\n\n","error[E0531]: cannot find tuple struct or tuple variant `Err` in this scope\n  --> rust/net/httpserver/src/main.rs:86:13\n   |\n86 |             Err(e) => return Err(e),\n   |             ^^^ not found in this scope\n   |\nhelp: consider importing this tuple variant\n   |\n16 + use core::result::Result::Err;\n   |\n\n","error[E0425]: cannot find function, tuple struct or tuple variant `Err` in this scope\n  --> rust/net/httpserver/src/main.rs:86:30\n   |\n86 |             Err(e) => return Err(e),\n   |                              ^^^ not found in this scope\n   |\nhelp: consider importing this tuple variant\n   |\n16 + use core::result::Result::Err;\n   |\n\n"],"Clippy(Warn)":["warning: unused macro definition: `header`\n  --> rust/net/httpserver/src/main.rs:23:14\n   |\n23 | macro_rules! header {\n   |              ^^^^^^\n   |\n   = note: `#[warn(unused_macros)]` on by default\n\n"]}},{"file":"unkonwn-but-maybe-important","count":2,"kinds":{"Clippy(Error)":["error: `#[panic_handler]` function required, but not found\n\n","error: requires `sized` lang_item\n\n"]}},{"file":"(virtual) clippy","count":1,"kinds":{"Cargo":["// pkg_name=arceos-httpserver, checker=Clippy\n// toolchain=nightly-2024-12-26-x86_64-unknown-linux-gnu, target=riscv64gc-unknown-none-elf\n// pkg_dir=/home/runner/check/batch_4/arceos-org/arceos-apps/rust/net/httpserver\n// cmd=cargo clippy --target riscv64gc-unknown-none-elf --no-deps --message-format=json\n// timestamp=2024-12-31 4:27:31.8897667 +08:00:00\n    Checking arceos-httpserver v0.1.0 (/home/runner/check/batch_4/arceos-org/arceos-apps/rust/net/httpserver)\nerror: could not compile `arceos-httpserver` (bin \"arceos-httpserver\") due to 31 previous errors; 1 warning emitted\n"]}}]},{"user":"arceos-org","repo":"arceos-apps","pkg":"arceos-tls","count":30,"raw_reports":[{"file":"rust/task/tls/src/main.rs","count":27,"kinds":{"Clippy(Warn)":["warning: unused macro definition: `get`\n  --> rust/task/tls/src/main.rs:31:14\n   |\n31 | macro_rules! get {\n   |              ^^^\n   |\n   = note: `#[warn(unused_macros)]` on by default\n\n"],"Clippy(Error)":["error[E0463]: can't find crate for `std`\n  |\n  = note: the `riscv64gc-unknown-none-elf` target may not support the standard library\n  = note: `std` is required by `arceos_tls` because it does not declare `#![no_std]`\n  = help: consider building the standard library from source with `cargo build -Zbuild-std`\n\n","error[E0463]: can't find crate for `std`\n  --> rust/task/tls/src/main.rs:10:5\n   |\n10 | use std::{ptr::addr_of, str::from_utf8_unchecked};\n   |     ^^^ can't find crate\n   |\n   = note: the `riscv64gc-unknown-none-elf` target may not support the standard library\n   = help: consider building the standard library from source with `cargo build -Zbuild-std`\n\n","error[E0463]: can't find crate for `std`\n  --> rust/task/tls/src/main.rs:11:5\n   |\n11 | use std::{thread, vec::Vec};\n   |     ^^^ can't find crate\n   |\n   = note: the `riscv64gc-unknown-none-elf` target may not support the standard library\n   = help: consider building the standard library from source with `cargo build -Zbuild-std`\n\n","error: cannot find macro `println` in this scope\n  --> rust/task/tls/src/main.rs:51:5\n   |\n51 |     println!(\"Running TLS tests...\");\n   |     ^^^^^^^\n\n","error: cannot find macro `println` in this scope\n  --> rust/task/tls/src/main.rs:53:5\n   |\n53 |     println!(\n   |     ^^^^^^^\n\n","error: cannot find macro `assert` in this scope\n  --> rust/task/tls/src/main.rs:62:5\n   |\n62 |     assert!(get!(BOOL));\n   |     ^^^^^^\n   |\nhelp: consider importing this macro\n   |\n10 + use core::assert;\n   |\n\n","error: cannot find macro `assert_eq` in this scope\n  --> rust/task/tls/src/main.rs:63:5\n   |\n63 |     assert_eq!(get!(U8), 0xAA);\n   |     ^^^^^^^^^\n   |\nhelp: consider importing this macro\n   |\n10 + use core::assert_eq;\n   |\n\n","error: cannot find macro `assert_eq` in this scope\n  --> rust/task/tls/src/main.rs:64:5\n   |\n64 |     assert_eq!(get!(U16), 0xcafe);\n   |     ^^^^^^^^^\n   |\nhelp: consider importing this macro\n   |\n10 + use core::assert_eq;\n   |\n\n","error: cannot find macro `assert_eq` in this scope\n  --> rust/task/tls/src/main.rs:65:5\n   |\n65 |     assert_eq!(get!(U32), 0xdeadbeed);\n   |     ^^^^^^^^^\n   |\nhelp: consider importing this macro\n   |\n10 + use core::assert_eq;\n   |\n\n","error: cannot find macro `assert_eq` in this scope\n  --> rust/task/tls/src/main.rs:66:5\n   |\n66 |     assert_eq!(get!(U64), 0xa2ce05_a2ce05);\n   |     ^^^^^^^^^\n   |\nhelp: consider importing this macro\n   |\n10 + use core::assert_eq;\n   |\n\n","error: cannot find macro `assert_eq` in this scope\n  --> rust/task/tls/src/main.rs:67:5\n   |\n67 |     assert_eq!(get!(&*addr_of!(STR)), b\"Hello, world!\");\n   |     ^^^^^^^^^\n   |\nhelp: consider importing this macro\n   |\n10 + use core::assert_eq;\n   |\n\n","error: cannot find macro `println` in this scope\n  --> rust/task/tls/src/main.rs:81:13\n   |\n81 |             println!(\n   |             ^^^^^^^\n\n","error: cannot find macro `assert_eq` in this scope\n  --> rust/task/tls/src/main.rs:91:13\n   |\n91 |             assert_eq!(get!(BOOL), i % 2 == 0);\n   |             ^^^^^^^^^\n   |\nhelp: consider importing this macro\n   |\n10 + use core::assert_eq;\n   |\n\n","error: cannot find macro `assert_eq` in this scope\n  --> rust/task/tls/src/main.rs:92:13\n   |\n92 |             assert_eq!(get!(U8), 0xAA + i as u8);\n   |             ^^^^^^^^^\n   |\nhelp: consider importing this macro\n   |\n10 + use core::assert_eq;\n   |\n\n","error: cannot find macro `assert_eq` in this scope\n  --> rust/task/tls/src/main.rs:93:13\n   |\n93 |             assert_eq!(get!(U16), 0xcafe + i as u16);\n   |             ^^^^^^^^^\n   |\nhelp: consider importing this macro\n   |\n10 + use core::assert_eq;\n   |\n\n","error: cannot find macro `assert_eq` in this scope\n  --> rust/task/tls/src/main.rs:94:13\n   |\n94 |             assert_eq!(get!(U32), 0xdeadbeed + i as u32);\n   |             ^^^^^^^^^\n   |\nhelp: consider importing this macro\n   |\n10 + use core::assert_eq;\n   |\n\n","error: cannot find macro `assert_eq` in this scope\n  --> rust/task/tls/src/main.rs:95:13\n   |\n95 |             assert_eq!(get!(U64), 0xa2ce05_a2ce05 + i as u64);\n   |             ^^^^^^^^^\n   |\nhelp: consider importing this macro\n   |\n10 + use core::assert_eq;\n   |\n\n","error: cannot find macro `assert_eq` in this scope\n  --> rust/task/tls/src/main.rs:96:13\n   |\n96 |             assert_eq!(get!(STR[5]), 48 + i as u8);\n   |             ^^^^^^^^^\n   |\nhelp: consider importing this macro\n   |\n10 + use core::assert_eq;\n   |\n\n","error: cannot find macro `assert_eq` in this scope\n  --> rust/task/tls/src/main.rs:97:13\n   |\n97 |             assert_eq!(get!(STR.len()), 13);\n   |             ^^^^^^^^^\n   |\nhelp: consider importing this macro\n   |\n10 + use core::assert_eq;\n   |\n\n","error: cannot find macro `assert` in this scope\n   --> rust/task/tls/src/main.rs:104:5\n    |\n104 |     assert!(get!(BOOL));\n    |     ^^^^^^\n    |\nhelp: consider importing this macro\n    |\n10  + use core::assert;\n    |\n\n","error: cannot find macro `assert_eq` in this scope\n   --> rust/task/tls/src/main.rs:105:5\n    |\n105 |     assert_eq!(get!(U8), 0xAA);\n    |     ^^^^^^^^^\n    |\nhelp: consider importing this macro\n    |\n10  + use core::assert_eq;\n    |\n\n","error: cannot find macro `assert_eq` in this scope\n   --> rust/task/tls/src/main.rs:106:5\n    |\n106 |     assert_eq!(get!(U16), 0xcafe);\n    |     ^^^^^^^^^\n    |\nhelp: consider importing this macro\n    |\n10  + use core::assert_eq;\n    |\n\n","error: cannot find macro `assert_eq` in this scope\n   --> rust/task/tls/src/main.rs:107:5\n    |\n107 |     assert_eq!(get!(U32), 0xdeadbeed);\n    |     ^^^^^^^^^\n    |\nhelp: consider importing this macro\n    |\n10  + use core::assert_eq;\n    |\n\n","error: cannot find macro `assert_eq` in this scope\n   --> rust/task/tls/src/main.rs:108:5\n    |\n108 |     assert_eq!(get!(U64), 0xa2ce05_a2ce05);\n    |     ^^^^^^^^^\n    |\nhelp: consider importing this macro\n    |\n10  + use core::assert_eq;\n    |\n\n","error: cannot find macro `assert_eq` in this scope\n   --> rust/task/tls/src/main.rs:109:5\n    |\n109 |     assert_eq!(get!(&*addr_of!(STR)), b\"Hello, world!\");\n    |     ^^^^^^^^^\n    |\nhelp: consider importing this macro\n    |\n10  + use core::assert_eq;\n    |\n\n","error: cannot find macro `println` in this scope\n   --> rust/task/tls/src/main.rs:111:5\n    |\n111 |     println!(\"TLS tests run OK!\");\n    |     ^^^^^^^\n\n"]}},{"file":"unkonwn-but-maybe-important","count":2,"kinds":{"Clippy(Error)":["error: `#[panic_handler]` function required, but not found\n\n","error: requires `sized` lang_item\n\n"]}},{"file":"(virtual) clippy","count":1,"kinds":{"Cargo":["// pkg_name=arceos-tls, checker=Clippy\n// toolchain=nightly-2024-12-26-x86_64-unknown-linux-gnu, target=riscv64gc-unknown-none-elf\n// pkg_dir=/home/runner/check/batch_4/arceos-org/arceos-apps/rust/task/tls\n// cmd=cargo clippy --target riscv64gc-unknown-none-elf --no-deps --message-format=json\n// timestamp=2024-12-31 4:27:41.397550205 +08:00:00\n    Checking arceos-tls v0.1.0 (/home/runner/check/batch_4/arceos-org/arceos-apps/rust/task/tls)\nerror: could not compile `arceos-tls` (bin \"arceos-tls\") due to 28 previous errors; 1 warning emitted\n"]}}]},{"user":"arceos-org","repo":"arceos-apps","pkg":"arceos-echoserver","count":25,"raw_reports":[{"file":"rust/net/echoserver/src/main.rs","count":22,"kinds":{"Clippy(Error)":["error[E0463]: can't find crate for `std`\n  |\n  = note: the `riscv64gc-unknown-none-elf` target may not support the standard library\n  = note: `std` is required by `arceos_echoserver` because it does not declare `#![no_std]`\n  = help: consider building the standard library from source with `cargo build -Zbuild-std`\n\n","error[E0463]: can't find crate for `std`\n --> rust/net/echoserver/src/main.rs:8:5\n  |\n8 | use std::io::{self, prelude::*};\n  |     ^^^ can't find crate\n  |\n  = note: the `riscv64gc-unknown-none-elf` target may not support the standard library\n  = help: consider building the standard library from source with `cargo build -Zbuild-std`\n\n","error[E0463]: can't find crate for `std`\n --> rust/net/echoserver/src/main.rs:9:5\n  |\n9 | use std::net::{TcpListener, TcpStream};\n  |     ^^^ can't find crate\n  |\n  = note: the `riscv64gc-unknown-none-elf` target may not support the standard library\n  = help: consider building the standard library from source with `cargo build -Zbuild-std`\n\n","error[E0463]: can't find crate for `std`\n  --> rust/net/echoserver/src/main.rs:10:5\n   |\n10 | use std::thread;\n   |     ^^^ can't find crate\n   |\n   = note: the `riscv64gc-unknown-none-elf` target may not support the standard library\n   = help: consider building the standard library from source with `cargo build -Zbuild-std`\n\n","error[E0463]: can't find crate for `std`\n  --> rust/net/echoserver/src/main.rs:11:5\n   |\n11 | use std::vec::Vec;\n   |     ^^^ can't find crate\n   |\n   = note: the `riscv64gc-unknown-none-elf` target may not support the standard library\n   = help: consider building the standard library from source with `cargo build -Zbuild-std`\n\n","error[E0432]: unresolved imports `std::io`, `std::net::TcpListener`, `std::net::TcpStream`, `std::thread`, `std::vec::Vec`\n  --> rust/net/echoserver/src/main.rs:8:15\n   |\n8  | use std::io::{self, prelude::*};\n   |               ^^^^\n9  | use std::net::{TcpListener, TcpStream};\n   |                ^^^^^^^^^^^  ^^^^^^^^^\n10 | use std::thread;\n   |     ^^^^^^^^^^^\n11 | use std::vec::Vec;\n   |     ^^^^^^^^^^^^^\n\n","error[E0432]: unresolved imports `std::io`, `std::net::TcpListener`, `std::net::TcpStream`, `std::thread`, `std::vec::Vec`\n  --> rust/net/echoserver/src/main.rs:8:15\n   |\n8  | use std::io::{self, prelude::*};\n   |               ^^^^\n9  | use std::net::{TcpListener, TcpStream};\n   |                ^^^^^^^^^^^  ^^^^^^^^^\n10 | use std::thread;\n   |     ^^^^^^^^^^^\n11 | use std::vec::Vec;\n   |     ^^^^^^^^^^^^^\n\n","error[E0432]: unresolved imports `std::io`, `std::net::TcpListener`, `std::net::TcpStream`, `std::thread`, `std::vec::Vec`\n  --> rust/net/echoserver/src/main.rs:8:15\n   |\n8  | use std::io::{self, prelude::*};\n   |               ^^^^\n9  | use std::net::{TcpListener, TcpStream};\n   |                ^^^^^^^^^^^  ^^^^^^^^^\n10 | use std::thread;\n   |     ^^^^^^^^^^^\n11 | use std::vec::Vec;\n   |     ^^^^^^^^^^^^^\n\n","error[E0432]: unresolved imports `std::io`, `std::net::TcpListener`, `std::net::TcpStream`, `std::thread`, `std::vec::Vec`\n  --> rust/net/echoserver/src/main.rs:8:15\n   |\n8  | use std::io::{self, prelude::*};\n   |               ^^^^\n9  | use std::net::{TcpListener, TcpStream};\n   |                ^^^^^^^^^^^  ^^^^^^^^^\n10 | use std::thread;\n   |     ^^^^^^^^^^^\n11 | use std::vec::Vec;\n   |     ^^^^^^^^^^^^^\n\n","error[E0432]: unresolved imports `std::io`, `std::net::TcpListener`, `std::net::TcpStream`, `std::thread`, `std::vec::Vec`\n  --> rust/net/echoserver/src/main.rs:8:15\n   |\n8  | use std::io::{self, prelude::*};\n   |               ^^^^\n9  | use std::net::{TcpListener, TcpStream};\n   |                ^^^^^^^^^^^  ^^^^^^^^^\n10 | use std::thread;\n   |     ^^^^^^^^^^^\n11 | use std::vec::Vec;\n   |     ^^^^^^^^^^^^^\n\n","error: cannot find macro `println` in this scope\n  --> rust/net/echoserver/src/main.rs:60:5\n   |\n60 |     println!(\"Hello, echo server!\");\n   |     ^^^^^^^\n\n","error: cannot find macro `println` in this scope\n  --> rust/net/echoserver/src/main.rs:49:31\n   |\n49 |                     Ok(()) => println!(\"client {} closed successfully\", i),\n   |                               ^^^^^^^\n\n","error: cannot find macro `println` in this scope\n  --> rust/net/echoserver/src/main.rs:48:31\n   |\n48 |                     Err(e) => println!(\"client connection error: {:?}\", e),\n   |                               ^^^^^^^\n\n","error: cannot find macro `println` in this scope\n  --> rust/net/echoserver/src/main.rs:46:17\n   |\n46 |                 println!(\"new client {}: {}\", i, addr);\n   |                 ^^^^^^^\n\n","error: cannot find macro `println` in this scope\n  --> rust/net/echoserver/src/main.rs:40:5\n   |\n40 |     println!(\"listen on: {}\", listener.local_addr().unwrap());\n   |     ^^^^^^^\n\n","error[E0425]: cannot find function, tuple struct or tuple variant `Ok` in this scope\n  --> rust/net/echoserver/src/main.rs:32:20\n   |\n32 |             return Ok(());\n   |                    ^^ not found in this scope\n   |\nhelp: consider importing this tuple variant\n   |\n8  + use core::result::Result::Ok;\n   |\n\n","error[E0531]: cannot find tuple struct or tuple variant `Ok` in this scope\n  --> rust/net/echoserver/src/main.rs:45:13\n   |\n45 |             Ok((stream, addr)) => {\n   |             ^^ not found in this scope\n   |\nhelp: consider importing this tuple variant\n   |\n8  + use core::result::Result::Ok;\n   |\n\n","error[E0531]: cannot find tuple struct or tuple variant `Err` in this scope\n  --> rust/net/echoserver/src/main.rs:48:21\n   |\n48 |                     Err(e) => println!(\"client connection error: {:?}\", e),\n   |                     ^^^ not found in this scope\n   |\nhelp: consider importing this tuple variant\n   |\n8  + use core::result::Result::Err;\n   |\n\n","error[E0531]: cannot find tuple struct or tuple variant `Ok` in this scope\n  --> rust/net/echoserver/src/main.rs:49:21\n   |\n49 |                     Ok(()) => println!(\"client {} closed successfully\", i),\n   |                     ^^ not found in this scope\n   |\nhelp: consider importing this tuple variant\n   |\n8  + use core::result::Result::Ok;\n   |\n\n","error[E0531]: cannot find tuple struct or tuple variant `Err` in this scope\n  --> rust/net/echoserver/src/main.rs:52:13\n   |\n52 |             Err(e) => return Err(e),\n   |             ^^^ not found in this scope\n   |\nhelp: consider importing this tuple variant\n   |\n8  + use core::result::Result::Err;\n   |\n\n","error[E0425]: cannot find function, tuple struct or tuple variant `Err` in this scope\n  --> rust/net/echoserver/src/main.rs:52:30\n   |\n52 |             Err(e) => return Err(e),\n   |                              ^^^ not found in this scope\n   |\nhelp: consider importing this tuple variant\n   |\n8  + use core::result::Result::Err;\n   |\n\n","error: requires `sized` lang_item\n  --> rust/net/echoserver/src/main.rs:16:17\n   |\n16 | fn reverse(buf: &[u8]) -> Vec<u8> {\n   |                 ^^^^^\n\n"]}},{"file":"unkonwn-but-maybe-important","count":2,"kinds":{"Clippy(Error)":["error: `#[panic_handler]` function required, but not found\n\n","error: requires `sized` lang_item\n\n"]}},{"file":"(virtual) clippy","count":1,"kinds":{"Cargo":["// pkg_name=arceos-echoserver, checker=Clippy\n// toolchain=nightly-2024-12-26-x86_64-unknown-linux-gnu, target=riscv64gc-unknown-none-elf\n// pkg_dir=/home/runner/check/batch_4/arceos-org/arceos-apps/rust/net/echoserver\n// cmd=cargo clippy --target riscv64gc-unknown-none-elf --no-deps --message-format=json\n// timestamp=2024-12-31 4:27:27.76594681 +08:00:00\n    Checking arceos-echoserver v0.1.0 (/home/runner/check/batch_4/arceos-org/arceos-apps/rust/net/echoserver)\nerror: could not compile `arceos-echoserver` (bin \"arceos-echoserver\") due to 20 previous errors\n"]}}]},{"user":"arceos-org","repo":"arceos-apps","pkg":"arceos-irq","count":14,"raw_reports":[{"file":"rust/task/irq/src/main.rs","count":11,"kinds":{"Clippy(Error)":["error[E0463]: can't find crate for `std`\n  |\n  = note: the `riscv64gc-unknown-none-elf` target may not support the standard library\n  = note: `std` is required by `arceos_irq` because it does not declare `#![no_std]`\n  = help: consider building the standard library from source with `cargo build -Zbuild-std`\n\n","error[E0463]: can't find crate for `std`\n --> rust/task/irq/src/main.rs:8:5\n  |\n8 | use std::sync::atomic::{AtomicUsize, Ordering};\n  |     ^^^ can't find crate\n  |\n  = note: the `riscv64gc-unknown-none-elf` target may not support the standard library\n  = help: consider building the standard library from source with `cargo build -Zbuild-std`\n\n","error[E0463]: can't find crate for `std`\n --> rust/task/irq/src/main.rs:9:5\n  |\n9 | use std::thread;\n  |     ^^^ can't find crate\n  |\n  = note: the `riscv64gc-unknown-none-elf` target may not support the standard library\n  = help: consider building the standard library from source with `cargo build -Zbuild-std`\n\n","error[E0463]: can't find crate for `std`\n  --> rust/task/irq/src/main.rs:42:9\n   |\n42 |     use std::time::Duration;\n   |         ^^^ can't find crate\n   |\n   = note: the `riscv64gc-unknown-none-elf` target may not support the standard library\n   = help: consider building the standard library from source with `cargo build -Zbuild-std`\n\n","error: cannot find macro `println` in this scope\n   --> rust/task/irq/src/main.rs:137:5\n    |\n137 |     println!(\"Task irq state tests run OK!\");\n    |     ^^^^^^^\n\n","error: cannot find macro `println` in this scope\n   --> rust/task/irq/src/main.rs:131:5\n    |\n131 |     println!(\"Hello, main task\");\n    |     ^^^^^^^\n\n","error: cannot find macro `println` in this scope\n  --> rust/task/irq/src/main.rs:77:5\n   |\n77 |     println!(\"IRQ state tests on task sleep run OK!\");\n   |     ^^^^^^^\n\n","error: cannot find macro `println` in this scope\n  --> rust/task/irq/src/main.rs:46:5\n   |\n46 |     println!(\"Hello, main task test_sleep()!\");\n   |     ^^^^^^^\n\n","error: cannot find macro `println` in this scope\n  --> rust/task/irq/src/main.rs:38:5\n   |\n38 |     println!(\"IRQ state tests on task yield run OK!\");\n   |     ^^^^^^^\n\n","error: cannot find macro `println` in this scope\n  --> rust/task/irq/src/main.rs:18:5\n   |\n18 |     println!(\"Hello, main task test_yielding()!\");\n   |     ^^^^^^^\n\n","error[E0425]: cannot find function `test_wait_queue` in this scope\n   --> rust/task/irq/src/main.rs:135:5\n    |\n135 |     test_wait_queue();\n    |     ^^^^^^^^^^^^^^^ not found in this scope\n\n"]}},{"file":"unkonwn-but-maybe-important","count":2,"kinds":{"Clippy(Error)":["error: `#[panic_handler]` function required, but not found\n\n","error: requires `sized` lang_item\n\n"]}},{"file":"(virtual) clippy","count":1,"kinds":{"Cargo":["// pkg_name=arceos-irq, checker=Clippy\n// toolchain=nightly-2024-12-26-x86_64-unknown-linux-gnu, target=riscv64gc-unknown-none-elf\n// pkg_dir=/home/runner/check/batch_4/arceos-org/arceos-apps/rust/task/irq\n// cmd=cargo clippy --target riscv64gc-unknown-none-elf --no-deps --message-format=json\n// timestamp=2024-12-31 4:27:33.035803854 +08:00:00\n    Checking arceos-irq v0.1.0 (/home/runner/check/batch_4/arceos-org/arceos-apps/rust/task/irq)\nerror: could not compile `arceos-irq` (bin \"arceos-irq\") due to 13 previous errors\n"]}}]},{"user":"arceos-org","repo":"arceos-apps","pkg":"arceos-priority","count":14,"raw_reports":[{"file":"rust/task/priority/src/main.rs","count":11,"kinds":{"Clippy(Error)":["error[E0463]: can't find crate for `std`\n  |\n  = note: the `riscv64gc-unknown-none-elf` target may not support the standard library\n  = note: `std` is required by `arceos_priority` because it does not declare `#![no_std]`\n  = help: consider building the standard library from source with `cargo build -Zbuild-std`\n\n","error[E0463]: can't find crate for `std`\n --> rust/task/priority/src/main.rs:8:5\n  |\n8 | use std::sync::Arc;\n  |     ^^^ can't find crate\n  |\n  = note: the `riscv64gc-unknown-none-elf` target may not support the standard library\n  = help: consider building the standard library from source with `cargo build -Zbuild-std`\n\n","error[E0463]: can't find crate for `std`\n --> rust/task/priority/src/main.rs:9:5\n  |\n9 | use std::{thread, time};\n  |     ^^^ can't find crate\n  |\n  = note: the `riscv64gc-unknown-none-elf` target may not support the standard library\n  = help: consider building the standard library from source with `cargo build -Zbuild-std`\n\n","error[E0463]: can't find crate for `std`\n  --> rust/task/priority/src/main.rs:10:5\n   |\n10 | use std::{vec, vec::Vec};\n   |     ^^^ can't find crate\n   |\n   = note: the `riscv64gc-unknown-none-elf` target may not support the standard library\n   = help: consider building the standard library from source with `cargo build -Zbuild-std`\n\n","error: cannot find macro `println` in this scope\n   --> rust/task/priority/src/main.rs:124:5\n    |\n124 |     println!(\"Priority tests run OK!\");\n    |     ^^^^^^^\n\n","error: cannot find macro `assert_eq` in this scope\n   --> rust/task/priority/src/main.rs:122:5\n    |\n122 |     assert_eq!(expect, actual);\n    |     ^^^^^^^^^\n    |\nhelp: consider importing this macro\n    |\n8   + use core::assert_eq;\n    |\n\n","error: cannot find macro `println` in this scope\n   --> rust/task/priority/src/main.rs:110:9\n    |\n110 |         println!(\"task {} = {}ms\", i, time);\n    |         ^^^^^^^\n\n","error: cannot find macro `println` in this scope\n   --> rust/task/priority/src/main.rs:108:5\n    |\n108 |     println!(\"leave time:\");\n    |     ^^^^^^^\n\n","error: cannot find macro `println` in this scope\n   --> rust/task/priority/src/main.rs:107:5\n    |\n107 |     println!(\"sum = {}\", actual);\n    |     ^^^^^^^\n\n","error: cannot find macro `println` in this scope\n  --> rust/task/priority/src/main.rs:98:13\n   |\n98 |             println!(\"part {}: {:?} finished\", i, thread::current().id());\n   |             ^^^^^^^\n\n","error: cannot find macro `println` in this scope\n  --> rust/task/priority/src/main.rs:87:13\n   |\n87 |             println!(\n   |             ^^^^^^^\n\n"]}},{"file":"unkonwn-but-maybe-important","count":2,"kinds":{"Clippy(Error)":["error: `#[panic_handler]` function required, but not found\n\n","error: requires `sized` lang_item\n\n"]}},{"file":"(virtual) clippy","count":1,"kinds":{"Cargo":["// pkg_name=arceos-priority, checker=Clippy\n// toolchain=nightly-2024-12-26-x86_64-unknown-linux-gnu, target=riscv64gc-unknown-none-elf\n// pkg_dir=/home/runner/check/batch_4/arceos-org/arceos-apps/rust/task/priority\n// cmd=cargo clippy --target riscv64gc-unknown-none-elf --no-deps --message-format=json\n// timestamp=2024-12-31 4:27:37.942275856 +08:00:00\n    Checking arceos-priority v0.1.0 (/home/runner/check/batch_4/arceos-org/arceos-apps/rust/task/priority)\nerror: could not compile `arceos-priority` (bin \"arceos-priority\") due to 13 previous errors\n"]}}]},{"user":"arceos-org","repo":"arceos-apps","pkg":"arceos-udpserver","count":14,"raw_reports":[{"file":"rust/net/udpserver/src/main.rs","count":12,"kinds":{"Clippy(Error)":["error[E0463]: can't find crate for `std`\n  |\n  = note: the `riscv64gc-unknown-none-elf` target may not support the standard library\n  = note: `std` is required by `arceos_udpserver` because it does not declare `#![no_std]`\n  = help: consider building the standard library from source with `cargo build -Zbuild-std`\n\n","error[E0463]: can't find crate for `std`\n --> rust/net/udpserver/src/main.rs:8:5\n  |\n8 | use std::io;\n  |     ^^^ can't find crate\n  |\n  = note: the `riscv64gc-unknown-none-elf` target may not support the standard library\n  = help: consider building the standard library from source with `cargo build -Zbuild-std`\n\n","error[E0463]: can't find crate for `std`\n --> rust/net/udpserver/src/main.rs:9:5\n  |\n9 | use std::net::{ToSocketAddrs, UdpSocket};\n  |     ^^^ can't find crate\n  |\n  = note: the `riscv64gc-unknown-none-elf` target may not support the standard library\n  = help: consider building the standard library from source with `cargo build -Zbuild-std`\n\n","error: cannot find macro `println` in this scope\n  --> rust/net/udpserver/src/main.rs:36:5\n   |\n36 |     println!(\"Hello, simple udp client!\");\n   |     ^^^^^^^\n\n","error: cannot find macro `println` in this scope\n  --> rust/net/udpserver/src/main.rs:24:17\n   |\n24 |                 println!(\"{}\", mid);\n   |                 ^^^^^^^\n\n","error: cannot find macro `println` in this scope\n  --> rust/net/udpserver/src/main.rs:22:17\n   |\n22 |                 println!(\"recv: {}Bytes from {}\", size, addr);\n   |                 ^^^^^^^\n\n","error: cannot find macro `println` in this scope\n  --> rust/net/udpserver/src/main.rs:17:5\n   |\n17 |     println!(\"listen on: {}\", socket.local_addr().unwrap());\n   |     ^^^^^^^\n\n","error[E0531]: cannot find tuple struct or tuple variant `Ok` in this scope\n  --> rust/net/udpserver/src/main.rs:21:13\n   |\n21 |             Ok((size, addr)) => {\n   |             ^^ not found in this scope\n   |\nhelp: consider importing this tuple variant\n   |\n8  + use core::result::Result::Ok;\n   |\n\n","error[E0531]: cannot find tuple struct or tuple variant `Err` in this scope\n  --> rust/net/udpserver/src/main.rs:29:13\n   |\n29 |             Err(e) => return Err(e),\n   |             ^^^ not found in this scope\n   |\nhelp: consider importing this tuple variant\n   |\n8  + use core::result::Result::Err;\n   |\n\n","error[E0425]: cannot find function, tuple struct or tuple variant `Err` in this scope\n  --> rust/net/udpserver/src/main.rs:29:30\n   |\n29 |             Err(e) => return Err(e),\n   |                              ^^^ not found in this scope\n   |\nhelp: consider importing this tuple variant\n   |\n8  + use core::result::Result::Err;\n   |\n\n","error[E0599]: no method named `to_socket_addrs` found for tuple `(&'static str, u16)` in the current scope\n  --> rust/net/udpserver/src/main.rs:15:39\n   |\n15 |     let addr = (LOCAL_IP, LOCAL_PORT).to_socket_addrs()?.next().unwrap();\n   |                                       ^^^^^^^^^^^^^^^ method not found in `(&str, u16)`\n\n","error[E0599]: no method named `join` found for array `[&str; 2]` in the current scope\n  --> rust/net/udpserver/src/main.rs:25:46\n   |\n25 |                 let mid = [\"response_\", mid].join(\"\");\n   |                                              ^^^^ method not found in `[&str; 2]`\n\n"]}},{"file":"(virtual) clippy","count":1,"kinds":{"Cargo":["// pkg_name=arceos-udpserver, checker=Clippy\n// toolchain=nightly-2024-12-26-x86_64-unknown-linux-gnu, target=riscv64gc-unknown-none-elf\n// pkg_dir=/home/runner/check/batch_4/arceos-org/arceos-apps/rust/net/udpserver\n// cmd=cargo clippy --target riscv64gc-unknown-none-elf --no-deps --message-format=json\n// timestamp=2024-12-31 4:27:42.453189894 +08:00:00\n    Checking arceos-udpserver v0.1.0 (/home/runner/check/batch_4/arceos-org/arceos-apps/rust/net/udpserver)\nerror: could not compile `arceos-udpserver` (bin \"arceos-udpserver\") due to 13 previous errors\n"]}},{"file":"unkonwn-but-maybe-important","count":1,"kinds":{"Clippy(Error)":["error: `#[panic_handler]` function required, but not found\n\n"]}}]},{"user":"arceos-org","repo":"arceos-apps","pkg":"arceos-httpclient","count":13,"raw_reports":[{"file":"rust/net/httpclient/src/main.rs","count":11,"kinds":{"Clippy(Error)":["error[E0463]: can't find crate for `std`\n  |\n  = note: the `riscv64gc-unknown-none-elf` target may not support the standard library\n  = note: `std` is required by `arceos_httpclient` because it does not declare `#![no_std]`\n  = help: consider building the standard library from source with `cargo build -Zbuild-std`\n\n","error[E0463]: can't find crate for `std`\n --> rust/net/httpclient/src/main.rs:8:5\n  |\n8 | use std::io::{self, prelude::*};\n  |     ^^^ can't find crate\n  |\n  = note: the `riscv64gc-unknown-none-elf` target may not support the standard library\n  = help: consider building the standard library from source with `cargo build -Zbuild-std`\n\n","error[E0463]: can't find crate for `std`\n --> rust/net/httpclient/src/main.rs:9:5\n  |\n9 | use std::net::{TcpStream, ToSocketAddrs};\n  |     ^^^ can't find crate\n  |\n  = note: the `riscv64gc-unknown-none-elf` target may not support the standard library\n  = help: consider building the standard library from source with `cargo build -Zbuild-std`\n\n","error[E0432]: unresolved imports `std::io`, `std::net::TcpStream`, `std::net::ToSocketAddrs`\n --> rust/net/httpclient/src/main.rs:8:15\n  |\n8 | use std::io::{self, prelude::*};\n  |               ^^^^\n9 | use std::net::{TcpStream, ToSocketAddrs};\n  |                ^^^^^^^^^  ^^^^^^^^^^^^^\n\n","error[E0432]: unresolved imports `std::io`, `std::net::TcpStream`, `std::net::ToSocketAddrs`\n --> rust/net/httpclient/src/main.rs:8:15\n  |\n8 | use std::io::{self, prelude::*};\n  |               ^^^^\n9 | use std::net::{TcpStream, ToSocketAddrs};\n  |                ^^^^^^^^^  ^^^^^^^^^^^^^\n\n","error[E0432]: unresolved imports `std::io`, `std::net::TcpStream`, `std::net::ToSocketAddrs`\n --> rust/net/httpclient/src/main.rs:8:15\n  |\n8 | use std::io::{self, prelude::*};\n  |               ^^^^\n9 | use std::net::{TcpStream, ToSocketAddrs};\n  |                ^^^^^^^^^  ^^^^^^^^^^^^^\n\n","error: cannot find macro `println` in this scope\n  --> rust/net/httpclient/src/main.rs:38:5\n   |\n38 |     println!(\"Hello, simple http client!\");\n   |     ^^^^^^^\n\n","error: cannot find macro `println` in this scope\n  --> rust/net/httpclient/src/main.rs:32:5\n   |\n32 |     println!(\"{}\", response); // longer response need to handle tcp package problems.\n   |     ^^^^^^^\n\n","error: cannot find macro `println` in this scope\n  --> rust/net/httpclient/src/main.rs:24:9\n   |\n24 |         println!(\"dest: {} ({})\", DEST, addr);\n   |         ^^^^^^^\n\n","error[E0425]: cannot find function, tuple struct or tuple variant `Ok` in this scope\n  --> rust/net/httpclient/src/main.rs:33:5\n   |\n33 |     Ok(())\n   |     ^^ not found in this scope\n   |\nhelp: consider importing this tuple variant\n   |\n8  + use core::result::Result::Ok;\n   |\n\n","error[E0599]: no method named `to_socket_addrs` found for reference `&'static str` in the current scope\n  --> rust/net/httpclient/src/main.rs:23:22\n   |\n23 |     for addr in DEST.to_socket_addrs()? {\n   |                      ^^^^^^^^^^^^^^^ method not found in `&str`\n\n"]}},{"file":"(virtual) clippy","count":1,"kinds":{"Cargo":["// pkg_name=arceos-httpclient, checker=Clippy\n// toolchain=nightly-2024-12-26-x86_64-unknown-linux-gnu, target=riscv64gc-unknown-none-elf\n// pkg_dir=/home/runner/check/batch_4/arceos-org/arceos-apps/rust/net/httpclient\n// cmd=cargo clippy --target riscv64gc-unknown-none-elf --no-deps --message-format=json\n// timestamp=2024-12-31 4:27:30.778891048 +08:00:00\n    Checking arceos-httpclient v0.1.0 (/home/runner/check/batch_4/arceos-org/arceos-apps/rust/net/httpclient)\nerror: could not compile `arceos-httpclient` (bin \"arceos-httpclient\") due to 10 previous errors\n"]}},{"file":"unkonwn-but-maybe-important","count":1,"kinds":{"Clippy(Error)":["error: `#[panic_handler]` function required, but not found\n\n"]}}]},{"user":"arceos-org","repo":"arceos-apps","pkg":"arceos-memtest","count":13,"raw_reports":[{"file":"rust/memtest/src/main.rs","count":11,"kinds":{"Clippy(Error)":["error[E0463]: can't find crate for `std`\n  |\n  = note: the `riscv64gc-unknown-none-elf` target may not support the standard library\n  = note: `std` is required by `arceos_memtest` because it does not declare `#![no_std]`\n  = help: consider building the standard library from source with `cargo build -Zbuild-std`\n\n","error[E0463]: can't find crate for `std`\n --> rust/memtest/src/main.rs:9:5\n  |\n9 | use std::collections::BTreeMap;\n  |     ^^^ can't find crate\n  |\n  = note: the `riscv64gc-unknown-none-elf` target may not support the standard library\n  = help: consider building the standard library from source with `cargo build -Zbuild-std`\n\n","error[E0463]: can't find crate for `std`\n  --> rust/memtest/src/main.rs:10:5\n   |\n10 | use std::vec::Vec;\n   |     ^^^ can't find crate\n   |\n   = note: the `riscv64gc-unknown-none-elf` target may not support the standard library\n   = help: consider building the standard library from source with `cargo build -Zbuild-std`\n\n","error: cannot find macro `println` in this scope\n  --> rust/memtest/src/main.rs:49:5\n   |\n49 |     println!(\"Memory tests run OK!\");\n   |     ^^^^^^^\n\n","error: cannot find macro `println` in this scope\n  --> rust/memtest/src/main.rs:43:5\n   |\n43 |     println!(\"Running memory tests...\");\n   |     ^^^^^^^\n\n","error: cannot find macro `println` in this scope\n  --> rust/memtest/src/main.rs:38:5\n   |\n38 |     println!(\"test_btree_map() OK!\");\n   |     ^^^^^^^\n\n","error: cannot find macro `assert_eq` in this scope\n  --> rust/memtest/src/main.rs:35:13\n   |\n35 |             assert_eq!(k.parse::<u32>().unwrap(), *v);\n   |             ^^^^^^^^^\n   |\nhelp: consider importing this macro\n   |\n8  + use core::assert_eq;\n   |\n\n","error: cannot find macro `format` in this scope\n  --> rust/memtest/src/main.rs:30:19\n   |\n30 |         let key = format!(\"key_{value}\");\n   |                   ^^^^^^\n\n","error: cannot find macro `println` in this scope\n  --> rust/memtest/src/main.rs:22:5\n   |\n22 |     println!(\"test_vec() OK!\");\n   |     ^^^^^^^\n\n","error: cannot find macro `assert` in this scope\n  --> rust/memtest/src/main.rs:20:9\n   |\n20 |         assert!(v[i] <= v[i + 1]);\n   |         ^^^^^^\n   |\nhelp: consider importing this macro\n   |\n8  + use core::assert;\n   |\n\n","error[E0531]: cannot find tuple struct or tuple variant `Some` in this scope\n  --> rust/memtest/src/main.rs:34:16\n   |\n34 |         if let Some(k) = k.strip_prefix(\"key_\") {\n   |                ^^^^ not found in this scope\n   |\nhelp: consider importing this tuple variant\n   |\n8  + use core::option::Option::Some;\n   |\n\n"]}},{"file":"(virtual) clippy","count":1,"kinds":{"Cargo":["// pkg_name=arceos-memtest, checker=Clippy\n// toolchain=nightly-2024-12-26-x86_64-unknown-linux-gnu, target=riscv64gc-unknown-none-elf\n// pkg_dir=/home/runner/check/batch_4/arceos-org/arceos-apps/rust/memtest\n// cmd=cargo clippy --target riscv64gc-unknown-none-elf --no-deps --message-format=json\n// timestamp=2024-12-31 4:27:34.652662905 +08:00:00\n    Checking rand_core v0.6.4\n    Checking rand v0.8.5\n    Checking arceos-memtest v0.1.0 (/home/runner/check/batch_4/arceos-org/arceos-apps/rust/memtest)\nerror: could not compile `arceos-memtest` (bin \"arceos-memtest\") due to 12 previous errors\n"]}},{"file":"unkonwn-but-maybe-important","count":1,"kinds":{"Clippy(Error)":["error: `#[panic_handler]` function required, but not found\n\n"]}}]},{"user":"arceos-org","repo":"arceos-apps","pkg":"arceos-parallel","count":13,"raw_reports":[{"file":"rust/task/parallel/src/main.rs","count":11,"kinds":{"Clippy(Error)":["error[E0463]: can't find crate for `std`\n  |\n  = note: the `riscv64gc-unknown-none-elf` target may not support the standard library\n  = note: `std` is required by `arceos_parallel` because it does not declare `#![no_std]`\n  = help: consider building the standard library from source with `cargo build -Zbuild-std`\n\n","error[E0463]: can't find crate for `std`\n --> rust/task/parallel/src/main.rs:9:5\n  |\n9 | use std::thread;\n  |     ^^^ can't find crate\n  |\n  = note: the `riscv64gc-unknown-none-elf` target may not support the standard library\n  = help: consider building the standard library from source with `cargo build -Zbuild-std`\n\n","error[E0463]: can't find crate for `std`\n  --> rust/task/parallel/src/main.rs:10:5\n   |\n10 | use std::{sync::Arc, vec::Vec};\n   |     ^^^ can't find crate\n   |\n   = note: the `riscv64gc-unknown-none-elf` target may not support the standard library\n   = help: consider building the standard library from source with `cargo build -Zbuild-std`\n\n","error[E0463]: can't find crate for `std`\n  --> rust/task/parallel/src/main.rs:35:9\n   |\n35 |     use std::sync::{Barrier, OnceLock};\n   |         ^^^ can't find crate\n   |\n   = note: the `riscv64gc-unknown-none-elf` target may not support the standard library\n   = help: consider building the standard library from source with `cargo build -Zbuild-std`\n\n","error: cannot find macro `println` in this scope\n  --> rust/task/parallel/src/main.rs:97:5\n   |\n97 |     println!(\"Parallel summation tests run OK!\");\n   |     ^^^^^^^\n\n","error: cannot find macro `assert_eq` in this scope\n  --> rust/task/parallel/src/main.rs:95:5\n   |\n95 |     assert_eq!(expect, actual);\n   |     ^^^^^^^^^\n   |\nhelp: consider importing this macro\n   |\n8  + use core::assert_eq;\n   |\n\n","error: cannot find macro `println` in this scope\n  --> rust/task/parallel/src/main.rs:94:5\n   |\n94 |     println!(\"sum = {}\", actual);\n   |     ^^^^^^^\n\n","error: cannot find macro `println` in this scope\n  --> rust/task/parallel/src/main.rs:88:13\n   |\n88 |             println!(\"part {}: {:?} finished\", i, thread::current().id());\n   |             ^^^^^^^\n\n","error: cannot find macro `println` in this scope\n  --> rust/task/parallel/src/main.rs:77:13\n   |\n77 |             println!(\n   |             ^^^^^^^\n\n","error[E0599]: no method named `map` found for struct `core::ops::range::Range` in the current scope\n  --> rust/task/parallel/src/main.rs:55:14\n   |\n54 | /         (0..NUM_DATA)\n55 | |             .map(|_| rng.next_u32() as u64)\n   | |_____________-^^^\n  --> /rustc/7c002ff9a70cb84fd1a91bc7b4a0f988cfc36fca/library/core/src/iter/traits/iterator.rs:745:8\n   |\n   = note: the method is available for `core::ops::range::Range<usize>` here\n   |\n   = help: items from traits can only be used if the trait is in scope\nhelp: there is a method `max` with a similar name, but with different arguments\n  --> /rustc/7c002ff9a70cb84fd1a91bc7b4a0f988cfc36fca/library/core/src/iter/traits/iterator.rs:3106:5\nhelp: trait `Iterator` which provides `map` is implemented but not in scope; perhaps you want to import it\n   |\n4  + use core::iter::traits::iterator::Iterator;\n   |\n\n","error[E0599]: no method named `min` found for type `usize` in the current scope\n  --> rust/task/parallel/src/main.rs:76:57\n   |\n76 |             let right = (left + (NUM_DATA / NUM_TASKS)).min(NUM_DATA);\n   |                                                         ^^^ method not found in `usize`\n  --> /rustc/7c002ff9a70cb84fd1a91bc7b4a0f988cfc36fca/library/core/src/cmp.rs:1001:8\n   |\n   = note: the method is available for `usize` here\n   |\n   = help: items from traits can only be used if the trait is in scope\nhelp: trait `Ord` which provides `min` is implemented but not in scope; perhaps you want to import it\n   |\n4  + use core::cmp::Ord;\n   |\n\n"]}},{"file":"(virtual) clippy","count":1,"kinds":{"Cargo":["// pkg_name=arceos-parallel, checker=Clippy\n// toolchain=nightly-2024-12-26-x86_64-unknown-linux-gnu, target=riscv64gc-unknown-none-elf\n// pkg_dir=/home/runner/check/batch_4/arceos-org/arceos-apps/rust/task/parallel\n// cmd=cargo clippy --target riscv64gc-unknown-none-elf --no-deps --message-format=json\n// timestamp=2024-12-31 4:27:36.886598048 +08:00:00\n    Checking arceos-parallel v0.1.0 (/home/runner/check/batch_4/arceos-org/arceos-apps/rust/task/parallel)\nerror: could not compile `arceos-parallel` (bin \"arceos-parallel\") due to 12 previous errors\n"]}},{"file":"unkonwn-but-maybe-important","count":1,"kinds":{"Clippy(Error)":["error: `#[panic_handler]` function required, but not found\n\n"]}}]},{"user":"arceos-org","repo":"arceos-apps","pkg":"arceos-sleep","count":13,"raw_reports":[{"file":"rust/task/sleep/src/main.rs","count":10,"kinds":{"Clippy(Error)":["error[E0463]: can't find crate for `std`\n  |\n  = note: the `riscv64gc-unknown-none-elf` target may not support the standard library\n  = note: `std` is required by `arceos_sleep` because it does not declare `#![no_std]`\n  = help: consider building the standard library from source with `cargo build -Zbuild-std`\n\n","error[E0463]: can't find crate for `std`\n --> rust/task/sleep/src/main.rs:8:5\n  |\n8 | use std::sync::atomic::{AtomicUsize, Ordering};\n  |     ^^^ can't find crate\n  |\n  = note: the `riscv64gc-unknown-none-elf` target may not support the standard library\n  = help: consider building the standard library from source with `cargo build -Zbuild-std`\n\n","error[E0463]: can't find crate for `std`\n --> rust/task/sleep/src/main.rs:9:5\n  |\n9 | use std::thread;\n  |     ^^^ can't find crate\n  |\n  = note: the `riscv64gc-unknown-none-elf` target may not support the standard library\n  = help: consider building the standard library from source with `cargo build -Zbuild-std`\n\n","error[E0463]: can't find crate for `std`\n  --> rust/task/sleep/src/main.rs:10:5\n   |\n10 | use std::time::{Duration, Instant};\n   |     ^^^ can't find crate\n   |\n   = note: the `riscv64gc-unknown-none-elf` target may not support the standard library\n   = help: consider building the standard library from source with `cargo build -Zbuild-std`\n\n","error: cannot find macro `println` in this scope\n  --> rust/task/sleep/src/main.rs:50:5\n   |\n50 |     println!(\"Sleep tests run OK!\");\n   |     ^^^^^^^\n\n","error: cannot find macro `println` in this scope\n  --> rust/task/sleep/src/main.rs:41:17\n   |\n41 |                 println!(\"task {} actual sleep {:?} seconds ({}).\", i, elapsed, j);\n   |                 ^^^^^^^\n\n","error: cannot find macro `println` in this scope\n  --> rust/task/sleep/src/main.rs:37:17\n   |\n37 |                 println!(\"task {} sleep {} seconds ({}) ...\", i, sec, j);\n   |                 ^^^^^^^\n\n","error: cannot find macro `println` in this scope\n  --> rust/task/sleep/src/main.rs:27:13\n   |\n27 |             println!(\"  tick {}\", i);\n   |             ^^^^^^^\n\n","error: cannot find macro `println` in this scope\n  --> rust/task/sleep/src/main.rs:22:5\n   |\n22 |     println!(\"main task sleep for {:?}\", elapsed);\n   |     ^^^^^^^\n\n","error: cannot find macro `println` in this scope\n  --> rust/task/sleep/src/main.rs:18:5\n   |\n18 |     println!(\"Hello, main task!\");\n   |     ^^^^^^^\n\n"]}},{"file":"unkonwn-but-maybe-important","count":2,"kinds":{"Clippy(Error)":["error: `#[panic_handler]` function required, but not found\n\n","error: requires `sized` lang_item\n\n"]}},{"file":"(virtual) clippy","count":1,"kinds":{"Cargo":["// pkg_name=arceos-sleep, checker=Clippy\n// toolchain=nightly-2024-12-26-x86_64-unknown-linux-gnu, target=riscv64gc-unknown-none-elf\n// pkg_dir=/home/runner/check/batch_4/arceos-org/arceos-apps/rust/task/sleep\n// cmd=cargo clippy --target riscv64gc-unknown-none-elf --no-deps --message-format=json\n// timestamp=2024-12-31 4:27:40.349980204 +08:00:00\n    Checking arceos-sleep v0.1.0 (/home/runner/check/batch_4/arceos-org/arceos-apps/rust/task/sleep)\nerror: could not compile `arceos-sleep` (bin \"arceos-sleep\") due to 12 previous errors\n"]}}]},{"user":"arceos-org","repo":"arceos-apps","pkg":"arceos-yield","count":12,"raw_reports":[{"file":"rust/task/yield/src/main.rs","count":9,"kinds":{"Clippy(Error)":["error[E0463]: can't find crate for `std`\n  |\n  = note: the `riscv64gc-unknown-none-elf` target may not support the standard library\n  = note: `std` is required by `arceos_yield` because it does not declare `#![no_std]`\n  = help: consider building the standard library from source with `cargo build -Zbuild-std`\n\n","error[E0463]: can't find crate for `std`\n --> rust/task/yield/src/main.rs:8:5\n  |\n8 | use std::sync::atomic::{AtomicUsize, Ordering};\n  |     ^^^ can't find crate\n  |\n  = note: the `riscv64gc-unknown-none-elf` target may not support the standard library\n  = help: consider building the standard library from source with `cargo build -Zbuild-std`\n\n","error[E0463]: can't find crate for `std`\n --> rust/task/yield/src/main.rs:9:5\n  |\n9 | use std::thread;\n  |     ^^^ can't find crate\n  |\n  = note: the `riscv64gc-unknown-none-elf` target may not support the standard library\n  = help: consider building the standard library from source with `cargo build -Zbuild-std`\n\n","error: cannot find macro `println` in this scope\n  --> rust/task/yield/src/main.rs:35:5\n   |\n35 |     println!(\"Task yielding tests run OK!\");\n   |     ^^^^^^^\n\n","error: cannot find macro `println` in this scope\n  --> rust/task/yield/src/main.rs:30:5\n   |\n30 |     println!(\"Hello, main task!\");\n   |     ^^^^^^^\n\n","error: cannot find macro `assert` in this scope\n  --> rust/task/yield/src/main.rs:26:17\n   |\n26 |                 assert!(_order == i); // FIFO scheduler\n   |                 ^^^^^^\n   |\nhelp: consider importing this macro\n   |\n8  + use core::assert;\n   |\n\n","error: cannot find macro `option_env` in this scope\n  --> rust/task/yield/src/main.rs:25:16\n   |\n25 |             if option_env!(\"AX_SMP\") == Some(\"1\") {\n   |                ^^^^^^^^^^\n   |\nhelp: consider importing this macro\n   |\n8  + use core::option_env;\n   |\n\n","error: cannot find macro `println` in this scope\n  --> rust/task/yield/src/main.rs:18:13\n   |\n18 |             println!(\"Hello, task {}! id = {:?}\", i, thread::current().id());\n   |             ^^^^^^^\n\n","error[E0425]: cannot find function, tuple struct or tuple variant `Some` in this scope\n  --> rust/task/yield/src/main.rs:25:41\n   |\n25 |             if option_env!(\"AX_SMP\") == Some(\"1\") {\n   |                                         ^^^^ not found in this scope\n   |\nhelp: consider importing this tuple variant\n   |\n8  + use core::option::Option::Some;\n   |\n\n"]}},{"file":"unkonwn-but-maybe-important","count":2,"kinds":{"Clippy(Error)":["error: `#[panic_handler]` function required, but not found\n\n","error: requires `sized` lang_item\n\n"]}},{"file":"(virtual) clippy","count":1,"kinds":{"Cargo":["// pkg_name=arceos-yield, checker=Clippy\n// toolchain=nightly-2024-12-26-x86_64-unknown-linux-gnu, target=riscv64gc-unknown-none-elf\n// pkg_dir=/home/runner/check/batch_4/arceos-org/arceos-apps/rust/task/yield\n// cmd=cargo clippy --target riscv64gc-unknown-none-elf --no-deps --message-format=json\n// timestamp=2024-12-31 4:27:43.418002394 +08:00:00\n    Checking arceos-yield v0.1.0 (/home/runner/check/batch_4/arceos-org/arceos-apps/rust/task/yield)\nerror: could not compile `arceos-yield` (bin \"arceos-yield\") due to 11 previous errors\n"]}}]},{"user":"arceos-org","repo":"arceos-apps","pkg":"affinity","count":10,"raw_reports":[{"file":"rust/task/affinity/src/main.rs","count":7,"kinds":{"Clippy(Error)":["error[E0463]: can't find crate for `std`\n  |\n  = note: the `riscv64gc-unknown-none-elf` target may not support the standard library\n  = note: `std` is required by `affinity` because it does not declare `#![no_std]`\n  = help: consider building the standard library from source with `cargo build -Zbuild-std`\n\n","error[E0463]: can't find crate for `std`\n --> rust/task/affinity/src/main.rs:8:5\n  |\n8 | use std::sync::atomic::{AtomicUsize, Ordering};\n  |     ^^^ can't find crate\n  |\n  = note: the `riscv64gc-unknown-none-elf` target may not support the standard library\n  = help: consider building the standard library from source with `cargo build -Zbuild-std`\n\n","error[E0463]: can't find crate for `std`\n --> rust/task/affinity/src/main.rs:9:5\n  |\n9 | use std::thread;\n  |     ^^^ can't find crate\n  |\n  = note: the `riscv64gc-unknown-none-elf` target may not support the standard library\n  = help: consider building the standard library from source with `cargo build -Zbuild-std`\n\n","error: cannot find macro `println` in this scope\n  --> rust/task/affinity/src/main.rs:71:5\n   |\n71 |     println!(\"Task affinity tests run OK!\");\n   |     ^^^^^^^\n\n","error: cannot find macro `println` in this scope\n  --> rust/task/affinity/src/main.rs:38:13\n   |\n38 |             println!(\"Hello, task ({})! id = {:?}\", i, thread::current().id());\n   |             ^^^^^^^\n\n","error: cannot find macro `println` in this scope\n  --> rust/task/affinity/src/main.rs:27:5\n   |\n27 |     println!(\"Hello, main task!\");\n   |     ^^^^^^^\n\n","error[E0425]: cannot find value `SMP` in this scope\n  --> rust/task/affinity/src/main.rs:29:26\n   |\n29 |         let cpu_id = i % SMP;\n   |                          ^^^ not found in this scope\n\n"]}},{"file":"unkonwn-but-maybe-important","count":2,"kinds":{"Clippy(Error)":["error: `#[panic_handler]` function required, but not found\n\n","error: requires `sized` lang_item\n\n"]}},{"file":"(virtual) clippy","count":1,"kinds":{"Cargo":["// pkg_name=affinity, checker=Clippy\n// toolchain=nightly-2024-12-26-x86_64-unknown-linux-gnu, target=riscv64gc-unknown-none-elf\n// pkg_dir=/home/runner/check/batch_4/arceos-org/arceos-apps/rust/task/affinity\n// cmd=cargo clippy --target riscv64gc-unknown-none-elf --no-deps --message-format=json\n// timestamp=2024-12-31 4:26:41.239532063 +08:00:00\n    Checking affinity v0.1.0 (/home/runner/check/batch_4/arceos-org/arceos-apps/rust/task/affinity)\nerror: could not compile `affinity` (bin \"affinity\") due to 9 previous errors\n"]}}]},{"user":"arceos-org","repo":"arceos-apps","pkg":"arceos-display","count":8,"raw_reports":[{"file":"rust/display/src/display.rs","count":4,"kinds":{"Clippy(Error)":["error[E0463]: can't find crate for `std`\n --> rust/display/src/display.rs:5:5\n  |\n5 | use std::os::arceos::api::display as api;\n  |     ^^^ can't find crate\n  |\n  = note: the `riscv64gc-unknown-none-elf` target may not support the standard library\n  = help: consider building the standard library from source with `cargo build -Zbuild-std`\n\n","error[E0405]: cannot find trait `IntoIterator` in this scope\n  --> rust/display/src/display.rs:38:12\n   |\n38 |         I: IntoIterator<Item = embedded_graphics::Pixel<Self::Color>>,\n   |            ^^^^^^^^^^^^ not found in this scope\n   |\nhelp: consider importing this trait\n   |\n1  + use core::iter::IntoIterator;\n   |\n\n","error[E0412]: cannot find type `Result` in this scope\n  --> rust/display/src/display.rs:36:46\n   |\n36 |     fn draw_iter<I>(&mut self, pixels: I) -> Result<(), Self::Error>\n   |                                              ^^^^^^ not found in this scope\n   |\nhelp: consider importing one of these items\n   |\n1  + use core::fmt::Result;\n   |\n1  + use core::result::Result;\n   |\n\n","error[E0425]: cannot find function, tuple struct or tuple variant `Ok` in this scope\n  --> rust/display/src/display.rs:49:9\n   |\n49 |         Ok(())\n   |         ^^ not found in this scope\n   |\nhelp: consider importing this tuple variant\n   |\n1  + use core::result::Result::Ok;\n   |\n\n"]}},{"file":"rust/display/src/main.rs","count":2,"kinds":{"Clippy(Error)":["error[E0463]: can't find crate for `std`\n  |\n  = note: the `riscv64gc-unknown-none-elf` target may not support the standard library\n  = note: `std` is required by `arceos_display` because it does not declare `#![no_std]`\n  = help: consider building the standard library from source with `cargo build -Zbuild-std`\n\n","error[E0405]: cannot find trait `Default` in this scope\n  --> rust/display/src/main.rs:27:6\n   |\n27 | impl Default for DrawingBoard {\n   |      ^^^^^^^ not found in this scope\n   |\nhelp: consider importing this trait\n   |\n9  + use core::default::Default;\n   |\n\n"]}},{"file":"(virtual) clippy","count":1,"kinds":{"Cargo":["// pkg_name=arceos-display, checker=Clippy\n// toolchain=nightly-2024-12-26-x86_64-unknown-linux-gnu, target=riscv64gc-unknown-none-elf\n// pkg_dir=/home/runner/check/batch_4/arceos-org/arceos-apps/rust/display\n// cmd=cargo clippy --target riscv64gc-unknown-none-elf --no-deps --message-format=json\n// timestamp=2024-12-31 4:27:21.569459353 +08:00:00\n   Compiling az v1.2.1\n    Checking micromath v2.1.0\n    Checking float-cmp v0.9.0\n    Checking embedded-graphics-core v0.4.0\n    Checking embedded-graphics v0.8.1\n    Checking arceos-display v0.1.0 (/home/runner/check/batch_4/arceos-org/arceos-apps/rust/display)\nerror: could not compile `arceos-display` (bin \"arceos-display\") due to 7 previous errors\n"]}},{"file":"unkonwn-but-maybe-important","count":1,"kinds":{"Clippy(Error)":["error: `#[panic_handler]` function required, but not found\n\n"]}}]},{"user":"arceos-org","repo":"arceos-apps","pkg":"wait_queue","count":8,"raw_reports":[{"file":"rust/task/wait_queue/src/main.rs","count":5,"kinds":{"Clippy(Error)":["error[E0463]: can't find crate for `std`\n  |\n  = note: the `riscv64gc-unknown-none-elf` target may not support the standard library\n  = note: `std` is required by `wait_queue` because it does not declare `#![no_std]`\n  = help: consider building the standard library from source with `cargo build -Zbuild-std`\n\n","error[E0463]: can't find crate for `std`\n --> rust/task/wait_queue/src/main.rs:8:5\n  |\n8 | use std::sync::atomic::{AtomicBool, AtomicUsize, Ordering};\n  |     ^^^ can't find crate\n  |\n  = note: the `riscv64gc-unknown-none-elf` target may not support the standard library\n  = help: consider building the standard library from source with `cargo build -Zbuild-std`\n\n","error[E0463]: can't find crate for `std`\n --> rust/task/wait_queue/src/main.rs:9:5\n  |\n9 | use std::thread;\n  |     ^^^ can't find crate\n  |\n  = note: the `riscv64gc-unknown-none-elf` target may not support the standard library\n  = help: consider building the standard library from source with `cargo build -Zbuild-std`\n\n","error[E0463]: can't find crate for `std`\n  --> rust/task/wait_queue/src/main.rs:10:5\n   |\n10 | use std::time::Duration;\n   |     ^^^ can't find crate\n   |\n   = note: the `riscv64gc-unknown-none-elf` target may not support the standard library\n   = help: consider building the standard library from source with `cargo build -Zbuild-std`\n\n","error: cannot find macro `println` in this scope\n   --> rust/task/wait_queue/src/main.rs:169:5\n    |\n169 |     println!(\"Hello, main task\");\n    |     ^^^^^^^\n\n"]}},{"file":"unkonwn-but-maybe-important","count":2,"kinds":{"Clippy(Error)":["error: `#[panic_handler]` function required, but not found\n\n","error: requires `sized` lang_item\n\n"]}},{"file":"(virtual) clippy","count":1,"kinds":{"Cargo":["// pkg_name=wait_queue, checker=Clippy\n// toolchain=nightly-2024-12-26-x86_64-unknown-linux-gnu, target=riscv64gc-unknown-none-elf\n// pkg_dir=/home/runner/check/batch_4/arceos-org/arceos-apps/rust/task/wait_queue\n// cmd=cargo clippy --target riscv64gc-unknown-none-elf --no-deps --message-format=json\n// timestamp=2024-12-31 4:27:44.435926042 +08:00:00\n    Checking wait_queue v0.1.0 (/home/runner/check/batch_4/arceos-org/arceos-apps/rust/task/wait_queue)\nerror: could not compile `wait_queue` (bin \"wait_queue\") due to 7 previous errors\n"]}}]},{"user":"arceos-org","repo":"arceos-apps","pkg":"arceos-exception","count":6,"raw_reports":[{"file":"rust/exception/src/main.rs","count":3,"kinds":{"Clippy(Error)":["error[E0463]: can't find crate for `std`\n  |\n  = note: the `riscv64gc-unknown-none-elf` target may not support the standard library\n  = note: `std` is required by `arceos_exception` because it does not declare `#![no_std]`\n  = help: consider building the standard library from source with `cargo build -Zbuild-std`\n\n","error[E0463]: can't find crate for `std`\n --> rust/exception/src/main.rs:7:5\n  |\n7 | use std::arch::asm;\n  |     ^^^ can't find crate\n  |\n  = note: the `riscv64gc-unknown-none-elf` target may not support the standard library\n  = help: consider building the standard library from source with `cargo build -Zbuild-std`\n\n","error[E0463]: can't find crate for `std`\n --> rust/exception/src/main.rs:8:5\n  |\n8 | use std::println;\n  |     ^^^ can't find crate\n  |\n  = note: the `riscv64gc-unknown-none-elf` target may not support the standard library\n  = help: consider building the standard library from source with `cargo build -Zbuild-std`\n\n"]}},{"file":"unkonwn-but-maybe-important","count":2,"kinds":{"Clippy(Error)":["error: `#[panic_handler]` function required, but not found\n\n","error: requires `sized` lang_item\n\n"]}},{"file":"(virtual) clippy","count":1,"kinds":{"Cargo":["// pkg_name=arceos-exception, checker=Clippy\n// toolchain=nightly-2024-12-26-x86_64-unknown-linux-gnu, target=riscv64gc-unknown-none-elf\n// pkg_dir=/home/runner/check/batch_4/arceos-org/arceos-apps/rust/exception\n// cmd=cargo clippy --target riscv64gc-unknown-none-elf --no-deps --message-format=json\n// timestamp=2024-12-31 4:27:28.775313523 +08:00:00\n    Checking arceos-exception v0.1.0 (/home/runner/check/batch_4/arceos-org/arceos-apps/rust/exception)\nerror: could not compile `arceos-exception` (bin \"arceos-exception\") due to 5 previous errors\n"]}}]},{"user":"arceos-org","repo":"arceos-apps","pkg":"arceos-helloworld","count":5,"raw_reports":[{"file":"rust/helloworld/src/main.rs","count":2,"kinds":{"Clippy(Error)":["error[E0463]: can't find crate for `std`\n  |\n  = note: the `riscv64gc-unknown-none-elf` target may not support the standard library\n  = note: `std` is required by `arceos_helloworld` because it does not declare `#![no_std]`\n  = help: consider building the standard library from source with `cargo build -Zbuild-std`\n\n","error: cannot find macro `println` in this scope\n --> rust/helloworld/src/main.rs:9:5\n  |\n9 |     println!(\"Hello, world!\");\n  |     ^^^^^^^\n\n"]}},{"file":"unkonwn-but-maybe-important","count":2,"kinds":{"Clippy(Error)":["error: `#[panic_handler]` function required, but not found\n\n","error: requires `sized` lang_item\n\n"]}},{"file":"(virtual) clippy","count":1,"kinds":{"Cargo":["// pkg_name=arceos-helloworld, checker=Clippy\n// toolchain=nightly-2024-12-26-x86_64-unknown-linux-gnu, target=riscv64gc-unknown-none-elf\n// pkg_dir=/home/runner/check/batch_4/arceos-org/arceos-apps/rust/helloworld\n// cmd=cargo clippy --target riscv64gc-unknown-none-elf --no-deps --message-format=json\n// timestamp=2024-12-31 4:27:29.746203412 +08:00:00\n    Checking arceos-helloworld v0.1.0 (/home/runner/check/batch_4/arceos-org/arceos-apps/rust/helloworld)\nerror: could not compile `arceos-helloworld` (bin \"arceos-helloworld\") due to 4 previous errors\n"]}}]}],"kinds_order":["Cargo","Clippy(Error)","Clippy(Warn)","Semver Violation","Audit","Mirai","Rap","Rudra","Lockbud(Probably)","Lockbud(Possibly)","Outdated","Geiger","Unformatted"]}