{
  "repo": {
    "user": "arceos-hypervisor",
    "repo": "axaddrspace"
  },
  "data": [
    {
      "user": "arceos-hypervisor",
      "repo": "axaddrspace",
      "pkg": "axaddrspace",
      "count": 18,
      "raw_reports": [
        {
          "file": "src/npt/mod.rs",
          "features": "",
          "count": 12,
          "kinds": {
            "Clippy(Error)": [
              "error[E0599]: `&mut PageTable64<A64HVPagingMetaDataL3, A64PTEHV, H>` is not an iterator\n  --> src/npt/mod.rs:91:20\n   |\n91 |                 pt.map(vaddr, paddr, size, flags)\n   |                    ^^^ `&mut PageTable64<A64HVPagingMetaDataL3, A64PTEHV, H>` is not an iterator\n   |\n  ::: /home/runner/.cargo/registry/src/index.crates.io-1949cf8c6b5b557f/page_table_multiarch-0.5.8/src/bits64.rs:32:1\n   |\n32 | pub struct PageTable64<M: PagingMetaData, PTE: GenericPTE, H: PagingHandler> {\n   | ---------------------------------------------------------------------------- doesn't satisfy `_: Iterator`\n   |\n   = note: the following trait bounds were not satisfied:\n           `page_table_multiarch::PageTable64<npt::arch::aarch64::A64HVPagingMetaDataL3, npt::arch::aarch64::A64PTEHV, H>: core::iter::Iterator`\n           which is required by `&mut page_table_multiarch::PageTable64<npt::arch::aarch64::A64HVPagingMetaDataL3, npt::arch::aarch64::A64PTEHV, H>: core::iter::Iterator`\n           `&mut page_table_multiarch::PageTable64<npt::arch::aarch64::A64HVPagingMetaDataL3, npt::arch::aarch64::A64PTEHV, H>: core::iter::Iterator`\n           which is required by `&mut &mut page_table_multiarch::PageTable64<npt::arch::aarch64::A64HVPagingMetaDataL3, npt::arch::aarch64::A64PTEHV, H>: core::iter::Iterator`\n\n",
              "error[E0599]: `&mut PageTable64<A64HVPagingMetaDataL4, A64PTEHV, H>` is not an iterator\n  --> src/npt/mod.rs:96:20\n   |\n96 |                 pt.map(vaddr, paddr, size, flags)\n   |                    ^^^ `&mut PageTable64<A64HVPagingMetaDataL4, A64PTEHV, H>` is not an iterator\n   |\n  ::: /home/runner/.cargo/registry/src/index.crates.io-1949cf8c6b5b557f/page_table_multiarch-0.5.8/src/bits64.rs:32:1\n   |\n32 | pub struct PageTable64<M: PagingMetaData, PTE: GenericPTE, H: PagingHandler> {\n   | ---------------------------------------------------------------------------- doesn't satisfy `_: Iterator`\n   |\n   = note: the following trait bounds were not satisfied:\n           `page_table_multiarch::PageTable64<npt::arch::aarch64::A64HVPagingMetaDataL4, npt::arch::aarch64::A64PTEHV, H>: core::iter::Iterator`\n           which is required by `&mut page_table_multiarch::PageTable64<npt::arch::aarch64::A64HVPagingMetaDataL4, npt::arch::aarch64::A64PTEHV, H>: core::iter::Iterator`\n           `&mut page_table_multiarch::PageTable64<npt::arch::aarch64::A64HVPagingMetaDataL4, npt::arch::aarch64::A64PTEHV, H>: core::iter::Iterator`\n           which is required by `&mut &mut page_table_multiarch::PageTable64<npt::arch::aarch64::A64HVPagingMetaDataL4, npt::arch::aarch64::A64PTEHV, H>: core::iter::Iterator`\n\n",
              "error[E0599]: no method named `unmap` found for mutable reference `&mut PageTable64<A64HVPagingMetaDataL3, A64PTEHV, H>` in the current scope\n   --> src/npt/mod.rs:112:42\n    |\n112 |                 let (addr, size, f) = pt.unmap(vaddr).map_err(|_| MappingError::BadState)?;\n    |                                          ^^^^^ method not found in `&mut PageTable64<A64HVPagingMetaDataL3, A64PTEHV, H>`\n\n",
              "error[E0599]: no method named `unmap` found for mutable reference `&mut PageTable64<A64HVPagingMetaDataL4, A64PTEHV, H>` in the current scope\n   --> src/npt/mod.rs:117:42\n    |\n117 |                 let (addr, size, f) = pt.unmap(vaddr).map_err(|_| MappingError::BadState)?;\n    |                                          ^^^^^ method not found in `&mut PageTable64<A64HVPagingMetaDataL4, A64PTEHV, H>`\n\n",
              "error[E0599]: no method named `map_region` found for mutable reference `&mut PageTable64<A64HVPagingMetaDataL3, A64PTEHV, H>` in the current scope\n   --> src/npt/mod.rs:137:20\n    |\n137 |                 pt.map_region(vaddr, get_paddr, size, flags, allow_huge, flush_tlb_by_page)\n    |                    ^^^^^^^^^^ method not found in `&mut PageTable64<A64HVPagingMetaDataL3, A64PTEHV, H>`\n\n",
              "error[E0599]: no method named `map_region` found for mutable reference `&mut PageTable64<A64HVPagingMetaDataL4, A64PTEHV, H>` in the current scope\n   --> src/npt/mod.rs:142:20\n    |\n142 |                 pt.map_region(vaddr, get_paddr, size, flags, allow_huge, flush_tlb_by_page)\n    |                    ^^^^^^^^^^ method not found in `&mut PageTable64<A64HVPagingMetaDataL4, A64PTEHV, H>`\n\n",
              "error[E0599]: no method named `unmap_region` found for mutable reference `&mut PageTable64<A64HVPagingMetaDataL3, A64PTEHV, H>` in the current scope\n   --> src/npt/mod.rs:160:20\n    |\n160 |                 pt.unmap_region(start, size, flush)\n    |                    ^^^^^^^^^^^^ method not found in `&mut PageTable64<A64HVPagingMetaDataL3, A64PTEHV, H>`\n\n",
              "error[E0599]: no method named `unmap_region` found for mutable reference `&mut PageTable64<A64HVPagingMetaDataL4, A64PTEHV, H>` in the current scope\n   --> src/npt/mod.rs:165:20\n    |\n165 |                 pt.unmap_region(start, size, flush)\n    |                    ^^^^^^^^^^^^ method not found in `&mut PageTable64<A64HVPagingMetaDataL4, A64PTEHV, H>`\n\n",
              "error[E0599]: no method named `remap` found for mutable reference `&mut PageTable64<A64HVPagingMetaDataL3, A64PTEHV, H>` in the current scope\n   --> src/npt/mod.rs:176:43\n    |\n176 |             NestedPageTable::L3(pt) => pt.remap(start, paddr, flags).is_ok(),\n    |                                           ^^^^^ method not found in `&mut PageTable64<A64HVPagingMetaDataL3, A64PTEHV, H>`\n\n",
              "error[E0599]: no method named `remap` found for mutable reference `&mut PageTable64<A64HVPagingMetaDataL4, A64PTEHV, H>` in the current scope\n   --> src/npt/mod.rs:177:43\n    |\n177 |             NestedPageTable::L4(pt) => pt.remap(start, paddr, flags).is_ok(),\n    |                                           ^^^^^ method not found in `&mut PageTable64<A64HVPagingMetaDataL4, A64PTEHV, H>`\n\n",
              "error[E0599]: no method named `protect_region` found for mutable reference `&mut PageTable64<A64HVPagingMetaDataL3, A64PTEHV, H>` in the current scope\n   --> src/npt/mod.rs:192:18\n    |\n191 |   ...   NestedPageTable::L3(pt) => pt\n    |  __________________________________-\n192 | | ...       .protect_region(start, size, new_flags, flush) // If the TLB is refreshed immediately every time, there might be performance is...\n    | |           -^^^^^^^^^^^^^^ method not found in `&mut PageTable64<A64HVPagingMetaDataL3, A64PTEHV, H>`\n    | |___________|\n    |\n\n",
              "error[E0599]: no method named `protect_region` found for mutable reference `&mut PageTable64<A64HVPagingMetaDataL4, A64PTEHV, H>` in the current scope\n   --> src/npt/mod.rs:197:18\n    |\n196 |   ...   NestedPageTable::L4(pt) => pt\n    |  __________________________________-\n197 | | ...       .protect_region(start, size, new_flags, flush) // If the TLB is refreshed immediately every time, there might be performance is...\n    | |           -^^^^^^^^^^^^^^ method not found in `&mut PageTable64<A64HVPagingMetaDataL4, A64PTEHV, H>`\n    | |___________|\n    |\n\n"
            ]
          }
        },
        {
          "file": "(virtual) clippy",
          "features": "",
          "count": 1,
          "kinds": {
            "Cargo": [
              "// pkg_name=axaddrspace, checker=Clippy\n// toolchain=nightly-2025-05-20, target=aarch64-unknown-none-softfloat\n// features=\n// pkg_dir=/mnt/check/batch_1/arceos-hypervisor/axaddrspace\n// cmd=cargo clippy --target aarch64-unknown-none-softfloat  --no-deps\n// timestamp=2026-02-07 5:00:17.750269282 +08:00:00\n   Compiling proc-macro2 v1.0.106\n   Compiling quote v1.0.44\n   Compiling unicode-ident v1.0.22\n   Compiling heck v0.5.0\n    Checking log v0.4.29\n    Checking memory_addr v0.4.1\n   Compiling axerrno v0.2.2\n    Checking tock-registers v0.9.0\n    Checking bitflags v2.10.0\n    Checking aarch64-cpu v10.0.0\n    Checking arrayvec v0.7.6\n    Checking memory_set v0.4.1\n    Checking bit_field v0.10.3\n    Checking cfg-if v1.0.4\n    Checking lazyinit v0.2.2\n    Checking numeric-enum-macro v0.2.0\n   Compiling syn v2.0.114\n    Checking page_table_entry v0.5.8\n    Checking page_table_multiarch v0.5.8\n   Compiling strum_macros v0.27.2\n    Checking strum v0.27.2\n    Checking axerrno v0.1.2\n    Checking axaddrspace v0.2.0 (/mnt/check/batch_1/arceos-hypervisor/axaddrspace)\nerror: could not compile `axaddrspace` (lib) due to 12 previous errors\n"
            ]
          }
        },
        {
          "file": "(virtual) lockbud",
          "features": "",
          "count": 1,
          "kinds": {
            "Cargo": [
              "// pkg_name=axaddrspace, checker=Lockbud\n// toolchain=nightly-2025-05-20, target=aarch64-unknown-none-softfloat\n// features=\n// pkg_dir=/mnt/check/batch_1/arceos-hypervisor/axaddrspace\n// cmd=cargo +nightly-2025-02-01 lockbud -k all -- --target aarch64-unknown-none-softfloat \n// timestamp=2026-02-07 5:01:31.571226421 +08:00:00\n   Compiling log v0.4.29\n   Compiling memory_addr v0.4.1\n   Compiling tock-registers v0.9.0\n   Compiling strum v0.27.2\n   Compiling axerrno v0.2.2\n   Compiling bitflags v2.10.0\n   Compiling aarch64-cpu v10.0.0\n   Compiling arrayvec v0.7.6\n[2026-02-06T21:01:31Z WARN  lockbud::callbacks] [\n      {\n        \"AtomicityViolation\": {\n          \"bug_kind\": \"AtomicityViolation\",\n          \"possibility\": \"Possibly\",\n          \"diagnosis\": {\n            \"fn_name\": \"set_logger_racy\",\n            \"atomic_reader\": \"/home/runner/.cargo/registry/src/index.crates.io-1949cf8c6b5b557f/log-0.4.29/src/lib.rs:1530:11: 1530:40 (#0)\",\n            \"atomic_writer\": \"/home/runner/.cargo/registry/src/index.crates.io-1949cf8c6b5b557f/log-0.4.29/src/lib.rs:1533:13: 1533:56 (#0)\",\n            \"dep_kind\": \"Control\"\n          },\n          \"explanation\": \"atomic::store is data/control dependent on atomic::load\"\n        }\n      }\n    ]\n[2026-02-06T21:01:31Z WARN  lockbud::callbacks] crate log contains bugs: { probably: 0, possibly: 0 }, conflictlock: { probably: 0, possibly: 0 }, condvar_deadlock: { probably: 0, possibly: 0 }, atomicity_violation: { possibly: 1 }, invalid_free: { possibly: 0 }, use_after_free: { possibly: 0 }\n   Compiling axerrno v0.1.2\n   Compiling memory_set v0.4.1\n   Compiling bit_field v0.10.3\n   Compiling numeric-enum-macro v0.2.0\n   Compiling cfg-if v1.0.4\n   Compiling lazyinit v0.2.2\n   Compiling page_table_entry v0.5.8\n   Compiling page_table_multiarch v0.5.8\n   Compiling axaddrspace v0.2.0 (/mnt/check/batch_1/arceos-hypervisor/axaddrspace)\nerror[E0599]: `&mut PageTable64<A64HVPagingMetaDataL3, A64PTEHV, H>` is not an iterator\n  --> src/npt/mod.rs:91:20\n   |\n91 |                 pt.map(vaddr, paddr, size, flags)\n   |                    ^^^ `&mut PageTable64<A64HVPagingMetaDataL3, A64PTEHV, H>` is not an iterator\n   |\n  ::: /home/runner/.cargo/registry/src/index.crates.io-1949cf8c6b5b557f/page_table_multiarch-0.5.8/src/bits64.rs:32:1\n   |\n32 | pub struct PageTable64<M: PagingMetaData, PTE: GenericPTE, H: PagingHandler> {\n   | ---------------------------------------------------------------------------- doesn't satisfy `_: Iterator`\n   |\n   = note: the full type name has been written to '/mnt/check/batch_1/arceos-hypervisor/axaddrspace/target/aarch64-unknown-none-softfloat/debug/deps/axaddrspace-d803319f13b75cdc.long-type-14005417879476001563.txt'\n   = note: consider using `--verbose` to print the full type name to the console\n   = note: the full name for the type has been written to '/mnt/check/batch_1/arceos-hypervisor/axaddrspace/target/aarch64-unknown-none-softfloat/debug/deps/axaddrspace-d803319f13b75cdc.long-type-14005417879476001563.txt'\n   = note: consider using `--verbose` to print the full type name to the console\n   = note: the following trait bounds were not satisfied:\n           `page_table_multiarch::PageTable64<npt::arch::aarch64::A64HVPagingMetaDataL3, npt::arch::aarch64::A64PTEHV, H>: core::iter::Iterator`\n           which is required by `&mut page_table_multiarch::PageTable64<npt::arch::aarch64::A64HVPagingMetaDataL3, npt::arch::aarch64::A64PTEHV, H>: core::iter::Iterator`\n           `&mut page_table_multiarch::PageTable64<npt::arch::aarch64::A64HVPagingMetaDataL3, npt::arch::aarch64::A64PTEHV, H>: core::iter::Iterator`\n           which is required by `&mut &mut page_table_multiarch::PageTable64<npt::arch::aarch64::A64HVPagingMetaDataL3, npt::arch::aarch64::A64PTEHV, H>: core::iter::Iterator`\n\nerror[E0599]: `&mut PageTable64<A64HVPagingMetaDataL4, A64PTEHV, H>` is not an iterator\n  --> src/npt/mod.rs:96:20\n   |\n96 |                 pt.map(vaddr, paddr, size, flags)\n   |                    ^^^ `&mut PageTable64<A64HVPagingMetaDataL4, A64PTEHV, H>` is not an iterator\n   |\n  ::: /home/runner/.cargo/registry/src/index.crates.io-1949cf8c6b5b557f/page_table_multiarch-0.5.8/src/bits64.rs:32:1\n   |\n32 | pub struct PageTable64<M: PagingMetaData, PTE: GenericPTE, H: PagingHandler> {\n   | ---------------------------------------------------------------------------- doesn't satisfy `_: Iterator`\n   |\n   = note: the full type name has been written to '/mnt/check/batch_1/arceos-hypervisor/axaddrspace/target/aarch64-unknown-none-softfloat/debug/deps/axaddrspace-d803319f13b75cdc.long-type-10606177952814090529.txt'\n   = note: consider using `--verbose` to print the full type name to the console\n   = note: the full name for the type has been written to '/mnt/check/batch_1/arceos-hypervisor/axaddrspace/target/aarch64-unknown-none-softfloat/debug/deps/axaddrspace-d803319f13b75cdc.long-type-10606177952814090529.txt'\n   = note: consider using `--verbose` to print the full type name to the console\n   = note: the following trait bounds were not satisfied:\n           `page_table_multiarch::PageTable64<npt::arch::aarch64::A64HVPagingMetaDataL4, npt::arch::aarch64::A64PTEHV, H>: core::iter::Iterator`\n           which is required by `&mut page_table_multiarch::PageTable64<npt::arch::aarch64::A64HVPagingMetaDataL4, npt::arch::aarch64::A64PTEHV, H>: core::iter::Iterator`\n           `&mut page_table_multiarch::PageTable64<npt::arch::aarch64::A64HVPagingMetaDataL4, npt::arch::aarch64::A64PTEHV, H>: core::iter::Iterator`\n           which is required by `&mut &mut page_table_multiarch::PageTable64<npt::arch::aarch64::A64HVPagingMetaDataL4, npt::arch::aarch64::A64PTEHV, H>: core::iter::Iterator`\n\nerror[E0599]: no method named `unmap` found for mutable reference `&mut PageTable64<A64HVPagingMetaDataL3, A64PTEHV, H>` in the current scope\n   --> src/npt/mod.rs:112:42\n    |\n112 |                 let (addr, size, f) = pt.unmap(vaddr).map_err(|_| MappingError::BadState)?;\n    |                                          ^^^^^ method not found in `&mut PageTable64<A64HVPagingMetaDataL3, A64PTEHV, H>`\n    |\n    = note: the full type name has been written to '/mnt/check/batch_1/arceos-hypervisor/axaddrspace/target/aarch64-unknown-none-softfloat/debug/deps/axaddrspace-d803319f13b75cdc.long-type-14005417879476001563.txt'\n    = note: consider using `--verbose` to print the full type name to the console\n\nerror[E0599]: no method named `unmap` found for mutable reference `&mut PageTable64<A64HVPagingMetaDataL4, A64PTEHV, H>` in the current scope\n   --> src/npt/mod.rs:117:42\n    |\n117 |                 let (addr, size, f) = pt.unmap(vaddr).map_err(|_| MappingError::BadState)?;\n    |                                          ^^^^^ method not found in `&mut PageTable64<A64HVPagingMetaDataL4, A64PTEHV, H>`\n    |\n    = note: the full type name has been written to '/mnt/check/batch_1/arceos-hypervisor/axaddrspace/target/aarch64-unknown-none-softfloat/debug/deps/axaddrspace-d803319f13b75cdc.long-type-10606177952814090529.txt'\n    = note: consider using `--verbose` to print the full type name to the console\n\nerror[E0599]: no method named `map_region` found for mutable reference `&mut PageTable64<A64HVPagingMetaDataL3, A64PTEHV, H>` in the current scope\n   --> src/npt/mod.rs:137:20\n    |\n137 |                 pt.map_region(vaddr, get_paddr, size, flags, allow_huge, flush_tlb_by_page)\n    |                    ^^^^^^^^^^ method not found in `&mut PageTable64<A64HVPagingMetaDataL3, A64PTEHV, H>`\n    |\n    = note: the full type name has been written to '/mnt/check/batch_1/arceos-hypervisor/axaddrspace/target/aarch64-unknown-none-softfloat/debug/deps/axaddrspace-d803319f13b75cdc.long-type-14005417879476001563.txt'\n    = note: consider using `--verbose` to print the full type name to the console\n\nerror[E0599]: no method named `map_region` found for mutable reference `&mut PageTable64<A64HVPagingMetaDataL4, A64PTEHV, H>` in the current scope\n   --> src/npt/mod.rs:142:20\n    |\n142 |                 pt.map_region(vaddr, get_paddr, size, flags, allow_huge, flush_tlb_by_page)\n    |                    ^^^^^^^^^^ method not found in `&mut PageTable64<A64HVPagingMetaDataL4, A64PTEHV, H>`\n    |\n    = note: the full type name has been written to '/mnt/check/batch_1/arceos-hypervisor/axaddrspace/target/aarch64-unknown-none-softfloat/debug/deps/axaddrspace-d803319f13b75cdc.long-type-10606177952814090529.txt'\n    = note: consider using `--verbose` to print the full type name to the console\n\nerror[E0599]: no method named `unmap_region` found for mutable reference `&mut PageTable64<A64HVPagingMetaDataL3, A64PTEHV, H>` in the current scope\n   --> src/npt/mod.rs:160:20\n    |\n160 |                 pt.unmap_region(start, size, flush)\n    |                    ^^^^^^^^^^^^ method not found in `&mut PageTable64<A64HVPagingMetaDataL3, A64PTEHV, H>`\n    |\n    = note: the full type name has been written to '/mnt/check/batch_1/arceos-hypervisor/axaddrspace/target/aarch64-unknown-none-softfloat/debug/deps/axaddrspace-d803319f13b75cdc.long-type-14005417879476001563.txt'\n    = note: consider using `--verbose` to print the full type name to the console\n\nerror[E0599]: no method named `unmap_region` found for mutable reference `&mut PageTable64<A64HVPagingMetaDataL4, A64PTEHV, H>` in the current scope\n   --> src/npt/mod.rs:165:20\n    |\n165 |                 pt.unmap_region(start, size, flush)\n    |                    ^^^^^^^^^^^^ method not found in `&mut PageTable64<A64HVPagingMetaDataL4, A64PTEHV, H>`\n    |\n    = note: the full type name has been written to '/mnt/check/batch_1/arceos-hypervisor/axaddrspace/target/aarch64-unknown-none-softfloat/debug/deps/axaddrspace-d803319f13b75cdc.long-type-10606177952814090529.txt'\n    = note: consider using `--verbose` to print the full type name to the console\n\nerror[E0599]: no method named `remap` found for mutable reference `&mut PageTable64<A64HVPagingMetaDataL3, A64PTEHV, H>` in the current scope\n   --> src/npt/mod.rs:176:43\n    |\n176 |             NestedPageTable::L3(pt) => pt.remap(start, paddr, flags).is_ok(),\n    |                                           ^^^^^ method not found in `&mut PageTable64<A64HVPagingMetaDataL3, A64PTEHV, H>`\n    |\n    = note: the full type name has been written to '/mnt/check/batch_1/arceos-hypervisor/axaddrspace/target/aarch64-unknown-none-softfloat/debug/deps/axaddrspace-d803319f13b75cdc.long-type-14005417879476001563.txt'\n    = note: consider using `--verbose` to print the full type name to the console\n\nerror[E0599]: no method named `remap` found for mutable reference `&mut PageTable64<A64HVPagingMetaDataL4, A64PTEHV, H>` in the current scope\n   --> src/npt/mod.rs:177:43\n    |\n177 |             NestedPageTable::L4(pt) => pt.remap(start, paddr, flags).is_ok(),\n    |                                           ^^^^^ method not found in `&mut PageTable64<A64HVPagingMetaDataL4, A64PTEHV, H>`\n    |\n    = note: the full type name has been written to '/mnt/check/batch_1/arceos-hypervisor/axaddrspace/target/aarch64-unknown-none-softfloat/debug/deps/axaddrspace-d803319f13b75cdc.long-type-10606177952814090529.txt'\n    = note: consider using `--verbose` to print the full type name to the console\n\nerror[E0599]: no method named `protect_region` found for mutable reference `&mut PageTable64<A64HVPagingMetaDataL3, A64PTEHV, H>` in the current scope\n   --> src/npt/mod.rs:192:18\n    |\n191 |   ...   NestedPageTable::L3(pt) => pt\n    |  __________________________________-\n192 | | ...       .protect_region(start, size, new_flags, flush) // If the TLB is refreshed immediately every time, there might be performance is...\n    | |           -^^^^^^^^^^^^^^ method not found in `&mut PageTable64<A64HVPagingMetaDataL3, A64PTEHV, H>`\n    | |___________|\n    |\n    |\n    = note: the full type name has been written to '/mnt/check/batch_1/arceos-hypervisor/axaddrspace/target/aarch64-unknown-none-softfloat/debug/deps/axaddrspace-d803319f13b75cdc.long-type-14005417879476001563.txt'\n    = note: consider using `--verbose` to print the full type name to the console\n\nerror[E0599]: no method named `protect_region` found for mutable reference `&mut PageTable64<A64HVPagingMetaDataL4, A64PTEHV, H>` in the current scope\n   --> src/npt/mod.rs:197:18\n    |\n196 |   ...   NestedPageTable::L4(pt) => pt\n    |  __________________________________-\n197 | | ...       .protect_region(start, size, new_flags, flush) // If the TLB is refreshed immediately every time, there might be performance is...\n    | |           -^^^^^^^^^^^^^^ method not found in `&mut PageTable64<A64HVPagingMetaDataL4, A64PTEHV, H>`\n    | |___________|\n    |\n    |\n    = note: the full type name has been written to '/mnt/check/batch_1/arceos-hypervisor/axaddrspace/target/aarch64-unknown-none-softfloat/debug/deps/axaddrspace-d803319f13b75cdc.long-type-10606177952814090529.txt'\n    = note: consider using `--verbose` to print the full type name to the console\n\nFor more information about this error, try `rustc --explain E0599`.\nerror: could not compile `axaddrspace` (lib) due to 12 previous errors\n"
            ]
          }
        },
        {
          "file": "(virtual) udeps",
          "features": "",
          "count": 1,
          "kinds": {
            "Cargo": [
              "// pkg_name=axaddrspace, checker=Udeps\n// toolchain=nightly-2025-05-20, target=aarch64-unknown-none-softfloat\n// features=\n// pkg_dir=/mnt/check/batch_1/arceos-hypervisor/axaddrspace\n// cmd=cargo +nightly-2025-12-06-x86_64-unknown-linux-gnu udeps --target aarch64-unknown-none-softfloat \n// timestamp=2026-02-07 5:01:40.397822105 +08:00:00\n   Compiling proc-macro2 v1.0.106\n   Compiling quote v1.0.44\n   Compiling unicode-ident v1.0.22\n   Compiling heck v0.5.0\n   Compiling axerrno v0.2.2\n    Checking log v0.4.29\n    Checking memory_addr v0.4.1\n    Checking tock-registers v0.9.0\n    Checking bitflags v2.10.0\n    Checking arrayvec v0.7.6\n    Checking aarch64-cpu v10.0.0\n    Checking memory_set v0.4.1\n    Checking numeric-enum-macro v0.2.0\n    Checking lazyinit v0.2.2\n    Checking bit_field v0.10.3\n    Checking cfg-if v1.0.4\n   Compiling syn v2.0.114\n    Checking page_table_entry v0.5.8\n    Checking page_table_multiarch v0.5.8\n   Compiling strum_macros v0.27.2\n    Checking strum v0.27.2\n    Checking axerrno v0.1.2\n    Checking axaddrspace v0.2.0 (/mnt/check/batch_1/arceos-hypervisor/axaddrspace)\nerror[E0599]: `&mut PageTable64<npt::arch::aarch64::A64HVPagingMetaDataL3, npt::arch::aarch64::A64PTEHV, H>` is not an iterator\n  --> src/npt/mod.rs:91:20\n   |\n91 |                 pt.map(vaddr, paddr, size, flags)\n   |                    ^^^ `&mut PageTable64<npt::arch::aarch64::A64HVPagingMetaDataL3, npt::arch::aarch64::A64PTEHV, H>` is not an iterator\n   |\n  ::: /home/runner/.cargo/registry/src/index.crates.io-1949cf8c6b5b557f/page_table_multiarch-0.5.8/src/bits64.rs:32:1\n   |\n32 | pub struct PageTable64<M: PagingMetaData, PTE: GenericPTE, H: PagingHandler> {\n   | ---------------------------------------------------------------------------- doesn't satisfy `_: Iterator`\n   |\n   = note: the following trait bounds were not satisfied:\n           `PageTable64<npt::arch::aarch64::A64HVPagingMetaDataL3, npt::arch::aarch64::A64PTEHV, H>: Iterator`\n           which is required by `&mut PageTable64<npt::arch::aarch64::A64HVPagingMetaDataL3, npt::arch::aarch64::A64PTEHV, H>: Iterator`\n           `&mut PageTable64<npt::arch::aarch64::A64HVPagingMetaDataL3, npt::arch::aarch64::A64PTEHV, H>: Iterator`\n           which is required by `&mut &mut PageTable64<npt::arch::aarch64::A64HVPagingMetaDataL3, npt::arch::aarch64::A64PTEHV, H>: Iterator`\n\nerror[E0599]: `&mut PageTable64<npt::arch::aarch64::A64HVPagingMetaDataL4, npt::arch::aarch64::A64PTEHV, H>` is not an iterator\n  --> src/npt/mod.rs:96:20\n   |\n96 |                 pt.map(vaddr, paddr, size, flags)\n   |                    ^^^ `&mut PageTable64<npt::arch::aarch64::A64HVPagingMetaDataL4, npt::arch::aarch64::A64PTEHV, H>` is not an iterator\n   |\n  ::: /home/runner/.cargo/registry/src/index.crates.io-1949cf8c6b5b557f/page_table_multiarch-0.5.8/src/bits64.rs:32:1\n   |\n32 | pub struct PageTable64<M: PagingMetaData, PTE: GenericPTE, H: PagingHandler> {\n   | ---------------------------------------------------------------------------- doesn't satisfy `_: Iterator`\n   |\n   = note: the following trait bounds were not satisfied:\n           `PageTable64<npt::arch::aarch64::A64HVPagingMetaDataL4, npt::arch::aarch64::A64PTEHV, H>: Iterator`\n           which is required by `&mut PageTable64<npt::arch::aarch64::A64HVPagingMetaDataL4, npt::arch::aarch64::A64PTEHV, H>: Iterator`\n           `&mut PageTable64<npt::arch::aarch64::A64HVPagingMetaDataL4, npt::arch::aarch64::A64PTEHV, H>: Iterator`\n           which is required by `&mut &mut PageTable64<npt::arch::aarch64::A64HVPagingMetaDataL4, npt::arch::aarch64::A64PTEHV, H>: Iterator`\n\nerror[E0599]: no method named `unmap` found for mutable reference `&mut PageTable64<npt::arch::aarch64::A64HVPagingMetaDataL3, npt::arch::aarch64::A64PTEHV, H>` in the current scope\n   --> src/npt/mod.rs:112:42\n    |\n112 |                 let (addr, size, f) = pt.unmap(vaddr).map_err(|_| MappingError::BadState)?;\n    |                                          ^^^^^ method not found in `&mut PageTable64<npt::arch::aarch64::A64HVPagingMetaDataL3, npt::arch::aarch64::A64PTEHV, H>`\n\nerror[E0282]: type annotations needed\n   --> src/npt/mod.rs:113:17\n    |\n113 |                 f.flush();\n    |                 ^ cannot infer type\n\nerror[E0599]: no method named `unmap` found for mutable reference `&mut PageTable64<npt::arch::aarch64::A64HVPagingMetaDataL4, npt::arch::aarch64::A64PTEHV, H>` in the current scope\n   --> src/npt/mod.rs:117:42\n    |\n117 |                 let (addr, size, f) = pt.unmap(vaddr).map_err(|_| MappingError::BadState)?;\n    |                                          ^^^^^ method not found in `&mut PageTable64<npt::arch::aarch64::A64HVPagingMetaDataL4, npt::arch::aarch64::A64PTEHV, H>`\n\nerror[E0282]: type annotations needed\n   --> src/npt/mod.rs:118:17\n    |\n118 |                 f.flush();\n    |                 ^ cannot infer type\n\nerror[E0599]: no method named `map_region` found for mutable reference `&mut PageTable64<npt::arch::aarch64::A64HVPagingMetaDataL3, npt::arch::aarch64::A64PTEHV, H>` in the current scope\n   --> src/npt/mod.rs:137:20\n    |\n137 |                 pt.map_region(vaddr, get_paddr, size, flags, allow_huge, flush_tlb_by_page)\n    |                    ^^^^^^^^^^ method not found in `&mut PageTable64<npt::arch::aarch64::A64HVPagingMetaDataL3, npt::arch::aarch64::A64PTEHV, H>`\n\nerror[E0599]: no method named `map_region` found for mutable reference `&mut PageTable64<npt::arch::aarch64::A64HVPagingMetaDataL4, npt::arch::aarch64::A64PTEHV, H>` in the current scope\n   --> src/npt/mod.rs:142:20\n    |\n142 |                 pt.map_region(vaddr, get_paddr, size, flags, allow_huge, flush_tlb_by_page)\n    |                    ^^^^^^^^^^ method not found in `&mut PageTable64<npt::arch::aarch64::A64HVPagingMetaDataL4, npt::arch::aarch64::A64PTEHV, H>`\n\nerror[E0599]: no method named `unmap_region` found for mutable reference `&mut PageTable64<npt::arch::aarch64::A64HVPagingMetaDataL3, npt::arch::aarch64::A64PTEHV, H>` in the current scope\n   --> src/npt/mod.rs:160:20\n    |\n160 |                 pt.unmap_region(start, size, flush)\n    |                    ^^^^^^^^^^^^ method not found in `&mut PageTable64<npt::arch::aarch64::A64HVPagingMetaDataL3, npt::arch::aarch64::A64PTEHV, H>`\n\nerror[E0599]: no method named `unmap_region` found for mutable reference `&mut PageTable64<npt::arch::aarch64::A64HVPagingMetaDataL4, npt::arch::aarch64::A64PTEHV, H>` in the current scope\n   --> src/npt/mod.rs:165:20\n    |\n165 |                 pt.unmap_region(start, size, flush)\n    |                    ^^^^^^^^^^^^ method not found in `&mut PageTable64<npt::arch::aarch64::A64HVPagingMetaDataL4, npt::arch::aarch64::A64PTEHV, H>`\n\nerror[E0599]: no method named `remap` found for mutable reference `&mut PageTable64<npt::arch::aarch64::A64HVPagingMetaDataL3, npt::arch::aarch64::A64PTEHV, H>` in the current scope\n   --> src/npt/mod.rs:176:43\n    |\n176 |             NestedPageTable::L3(pt) => pt.remap(start, paddr, flags).is_ok(),\n    |                                           ^^^^^ method not found in `&mut PageTable64<npt::arch::aarch64::A64HVPagingMetaDataL3, npt::arch::aarch64::A64PTEHV, H>`\n\nerror[E0599]: no method named `remap` found for mutable reference `&mut PageTable64<npt::arch::aarch64::A64HVPagingMetaDataL4, npt::arch::aarch64::A64PTEHV, H>` in the current scope\n   --> src/npt/mod.rs:177:43\n    |\n177 |             NestedPageTable::L4(pt) => pt.remap(start, paddr, flags).is_ok(),\n    |                                           ^^^^^ method not found in `&mut PageTable64<npt::arch::aarch64::A64HVPagingMetaDataL4, npt::arch::aarch64::A64PTEHV, H>`\n\nerror[E0599]: no method named `protect_region` found for mutable reference `&mut PageTable64<npt::arch::aarch64::A64HVPagingMetaDataL3, npt::arch::aarch64::A64PTEHV, H>` in the current scope\n   --> src/npt/mod.rs:192:18\n    |\n191 |               NestedPageTable::L3(pt) => pt\n    |  ________________________________________-\n192 | |                 .protect_region(start, size, new_flags, flush) // If the TLB is refreshed immediately every time, there might be ...\n    | |                 -^^^^^^^^^^^^^^ method not found in `&mut PageTable64<npt::arch::aarch64::A64HVPagingMetaDataL3, npt::arch::aarch64::A64PTEHV, H>`\n    | |_________________|\n    |\n\nerror[E0282]: type annotations needed\n   --> src/npt/mod.rs:194:23\n    |\n194 |                 .map(|tlb| tlb.ignore())\n    |                       ^^^  --- type must be known at this point\n    |\nhelp: consider giving this closure parameter an explicit type\n    |\n194 |                 .map(|tlb: /* Type */| tlb.ignore())\n    |                          ++++++++++++\n\nerror[E0599]: no method named `protect_region` found for mutable reference `&mut PageTable64<npt::arch::aarch64::A64HVPagingMetaDataL4, npt::arch::aarch64::A64PTEHV, H>` in the current scope\n   --> src/npt/mod.rs:197:18\n    |\n196 |               NestedPageTable::L4(pt) => pt\n    |  ________________________________________-\n197 | |                 .protect_region(start, size, new_flags, flush) // If the TLB is refreshed immediately every time, there might be ...\n    | |                 -^^^^^^^^^^^^^^ method not found in `&mut PageTable64<npt::arch::aarch64::A64HVPagingMetaDataL4, npt::arch::aarch64::A64PTEHV, H>`\n    | |_________________|\n    |\n\nerror[E0282]: type annotations needed\n   --> src/npt/mod.rs:199:23\n    |\n199 |                 .map(|tlb| tlb.ignore())\n    |                       ^^^  --- type must be known at this point\n    |\nhelp: consider giving this closure parameter an explicit type\n    |\n199 |                 .map(|tlb: /* Type */| tlb.ignore())\n    |                          ++++++++++++\n\nSome errors have detailed explanations: E0282, E0599.\nFor more information about an error, try `rustc --explain E0282`.\nerror: could not compile `axaddrspace` (lib) due to 16 previous errors\n"
            ]
          }
        },
        {
          "file": "Cargo.lock",
          "features": "",
          "count": 1,
          "kinds": {
            "Audit": [
              "Crate:     paste\nVersion:   1.0.15\nWarning:   unmaintained\nTitle:     paste - no longer maintained\nDate:      2024-10-07\nID:        RUSTSEC-2024-0436\nURL:       https://rustsec.org/advisories/RUSTSEC-2024-0436\nDependency tree:\npaste 1.0.15\n└── riscv 0.14.0\n    └── page_table_multiarch 0.5.8\n        └── axaddrspace 0.2.0\n\n\n{\n  \"database\": {\n    \"advisory-count\": 915,\n    \"last-commit\": \"5c34c4b1d79d5a5e997682658ebde602d9d22d51\",\n    \"last-updated\": \"2026-02-06T19:14:09+01:00\"\n  },\n  \"lockfile\": {\n    \"dependency-count\": 52\n  },\n  \"settings\": {\n    \"target_arch\": [],\n    \"target_os\": [],\n    \"severity\": null,\n    \"ignore\": [],\n    \"informational_warnings\": [\n      \"unmaintained\",\n      \"unsound\",\n      \"notice\"\n    ]\n  },\n  \"vulnerabilities\": {\n    \"found\": false,\n    \"count\": 0,\n    \"list\": []\n  },\n  \"warnings\": {\n    \"unmaintained\": [\n      {\n        \"kind\": \"unmaintained\",\n        \"package\": {\n          \"name\": \"paste\",\n          \"version\": \"1.0.15\",\n          \"source\": \"registry+https://github.com/rust-lang/crates.io-index\",\n          \"checksum\": \"57c0d7b74b563b49d38dae00a0c37d4d6de9b432382b2892f0574ddcae73fd0a\",\n          \"replace\": null\n        },\n        \"advisory\": {\n          \"id\": \"RUSTSEC-2024-0436\",\n          \"package\": \"paste\",\n          \"title\": \"paste - no longer maintained\",\n          \"description\": \"The creator of the crate `paste` has stated in the [`README.md`](https://github.com/dtolnay/paste/blob/master/README.md) \\nthat this project is not longer maintained as well as archived the repository\\n\\n## Possible Alternative(s)\\n\\n- [`pastey`]: a fork of paste and is aimed to be a drop-in replacement with additional features for paste crate\\n- [`with_builtin_macros`]: crate providing a [superset of `paste`'s functionality including general `macro_rules!` eager expansions](https://docs.rs/with_builtin_macros/0.1.0/with_builtin_macros/macro.with_eager_expansions.html)  and `concat!`/`concat_idents!` macros\\n\\n[`pastey`]: https://crates.io/crates/pastey\\n[`with_builtin_macros`]: https://crates.io/crates/with_builtin_macros\",\n          \"date\": \"2024-10-07\",\n          \"aliases\": [],\n          \"related\": [],\n          \"collection\": \"crates\",\n          \"categories\": [],\n          \"keywords\": [],\n          \"cvss\": null,\n          \"informational\": \"unmaintained\",\n          \"references\": [],\n          \"source\": null,\n          \"url\": \"https://github.com/dtolnay/paste\",\n          \"withdrawn\": null,\n          \"license\": \"CC0-1.0\"\n        },\n        \"affected\": null,\n        \"versions\": {\n          \"patched\": [],\n          \"unaffected\": []\n        }\n      }\n    ]\n  }\n}"
            ]
          }
        },
        {
          "file": "[Udeps] Unused dependencies",
          "features": "",
          "count": 1,
          "kinds": {
            "Unused Deps": [
              "pkg=axaddrspace, checker=Udeps\ntoolchain=nightly-2025-05-20, target=aarch64-unknown-none-softfloat\nfeatures=\npkg_dir=/mnt/check/batch_1/arceos-hypervisor/axaddrspace\ncmd=cargo +nightly-2025-12-06-x86_64-unknown-linux-gnu udeps --target aarch64-unknown-none-softfloat \ntimestamp=2026-02-07 5:01:44.209703954 +08:00:00\n\n\nstdout:\n\nstderr:\n   Compiling proc-macro2 v1.0.106\n   Compiling quote v1.0.44\n   Compiling unicode-ident v1.0.22\n   Compiling heck v0.5.0\n   Compiling axerrno v0.2.2\n    Checking log v0.4.29\n    Checking memory_addr v0.4.1\n    Checking tock-registers v0.9.0\n    Checking bitflags v2.10.0\n    Checking arrayvec v0.7.6\n    Checking aarch64-cpu v10.0.0\n    Checking memory_set v0.4.1\n    Checking numeric-enum-macro v0.2.0\n    Checking lazyinit v0.2.2\n    Checking bit_field v0.10.3\n    Checking cfg-if v1.0.4\n   Compiling syn v2.0.114\n    Checking page_table_entry v0.5.8\n    Checking page_table_multiarch v0.5.8\n   Compiling strum_macros v0.27.2\n    Checking strum v0.27.2\n    Checking axerrno v0.1.2\n    Checking axaddrspace v0.2.0 (/mnt/check/batch_1/arceos-hypervisor/axaddrspace)\nerror[E0599]: `&mut PageTable64<npt::arch::aarch64::A64HVPagingMetaDataL3, npt::arch::aarch64::A64PTEHV, H>` is not an iterator\n  --> src/npt/mod.rs:91:20\n   |\n91 |                 pt.map(vaddr, paddr, size, flags)\n   |                    ^^^ `&mut PageTable64<npt::arch::aarch64::A64HVPagingMetaDataL3, npt::arch::aarch64::A64PTEHV, H>` is not an iterator\n   |\n  ::: /home/runner/.cargo/registry/src/index.crates.io-1949cf8c6b5b557f/page_table_multiarch-0.5.8/src/bits64.rs:32:1\n   |\n32 | pub struct PageTable64<M: PagingMetaData, PTE: GenericPTE, H: PagingHandler> {\n   | ---------------------------------------------------------------------------- doesn't satisfy `_: Iterator`\n   |\n   = note: the following trait bounds were not satisfied:\n           `PageTable64<npt::arch::aarch64::A64HVPagingMetaDataL3, npt::arch::aarch64::A64PTEHV, H>: Iterator`\n           which is required by `&mut PageTable64<npt::arch::aarch64::A64HVPagingMetaDataL3, npt::arch::aarch64::A64PTEHV, H>: Iterator`\n           `&mut PageTable64<npt::arch::aarch64::A64HVPagingMetaDataL3, npt::arch::aarch64::A64PTEHV, H>: Iterator`\n           which is required by `&mut &mut PageTable64<npt::arch::aarch64::A64HVPagingMetaDataL3, npt::arch::aarch64::A64PTEHV, H>: Iterator`\n\nerror[E0599]: `&mut PageTable64<npt::arch::aarch64::A64HVPagingMetaDataL4, npt::arch::aarch64::A64PTEHV, H>` is not an iterator\n  --> src/npt/mod.rs:96:20\n   |\n96 |                 pt.map(vaddr, paddr, size, flags)\n   |                    ^^^ `&mut PageTable64<npt::arch::aarch64::A64HVPagingMetaDataL4, npt::arch::aarch64::A64PTEHV, H>` is not an iterator\n   |\n  ::: /home/runner/.cargo/registry/src/index.crates.io-1949cf8c6b5b557f/page_table_multiarch-0.5.8/src/bits64.rs:32:1\n   |\n32 | pub struct PageTable64<M: PagingMetaData, PTE: GenericPTE, H: PagingHandler> {\n   | ---------------------------------------------------------------------------- doesn't satisfy `_: Iterator`\n   |\n   = note: the following trait bounds were not satisfied:\n           `PageTable64<npt::arch::aarch64::A64HVPagingMetaDataL4, npt::arch::aarch64::A64PTEHV, H>: Iterator`\n           which is required by `&mut PageTable64<npt::arch::aarch64::A64HVPagingMetaDataL4, npt::arch::aarch64::A64PTEHV, H>: Iterator`\n           `&mut PageTable64<npt::arch::aarch64::A64HVPagingMetaDataL4, npt::arch::aarch64::A64PTEHV, H>: Iterator`\n           which is required by `&mut &mut PageTable64<npt::arch::aarch64::A64HVPagingMetaDataL4, npt::arch::aarch64::A64PTEHV, H>: Iterator`\n\nerror[E0599]: no method named `unmap` found for mutable reference `&mut PageTable64<npt::arch::aarch64::A64HVPagingMetaDataL3, npt::arch::aarch64::A64PTEHV, H>` in the current scope\n   --> src/npt/mod.rs:112:42\n    |\n112 |                 let (addr, size, f) = pt.unmap(vaddr).map_err(|_| MappingError::BadState)?;\n    |                                          ^^^^^ method not found in `&mut PageTable64<npt::arch::aarch64::A64HVPagingMetaDataL3, npt::arch::aarch64::A64PTEHV, H>`\n\nerror[E0282]: type annotations needed\n   --> src/npt/mod.rs:113:17\n    |\n113 |                 f.flush();\n    |                 ^ cannot infer type\n\nerror[E0599]: no method named `unmap` found for mutable reference `&mut PageTable64<npt::arch::aarch64::A64HVPagingMetaDataL4, npt::arch::aarch64::A64PTEHV, H>` in the current scope\n   --> src/npt/mod.rs:117:42\n    |\n117 |                 let (addr, size, f) = pt.unmap(vaddr).map_err(|_| MappingError::BadState)?;\n    |                                          ^^^^^ method not found in `&mut PageTable64<npt::arch::aarch64::A64HVPagingMetaDataL4, npt::arch::aarch64::A64PTEHV, H>`\n\nerror[E0282]: type annotations needed\n   --> src/npt/mod.rs:118:17\n    |\n118 |                 f.flush();\n    |                 ^ cannot infer type\n\nerror[E0599]: no method named `map_region` found for mutable reference `&mut PageTable64<npt::arch::aarch64::A64HVPagingMetaDataL3, npt::arch::aarch64::A64PTEHV, H>` in the current scope\n   --> src/npt/mod.rs:137:20\n    |\n137 |                 pt.map_region(vaddr, get_paddr, size, flags, allow_huge, flush_tlb_by_page)\n    |                    ^^^^^^^^^^ method not found in `&mut PageTable64<npt::arch::aarch64::A64HVPagingMetaDataL3, npt::arch::aarch64::A64PTEHV, H>`\n\nerror[E0599]: no method named `map_region` found for mutable reference `&mut PageTable64<npt::arch::aarch64::A64HVPagingMetaDataL4, npt::arch::aarch64::A64PTEHV, H>` in the current scope\n   --> src/npt/mod.rs:142:20\n    |\n142 |                 pt.map_region(vaddr, get_paddr, size, flags, allow_huge, flush_tlb_by_page)\n    |                    ^^^^^^^^^^ method not found in `&mut PageTable64<npt::arch::aarch64::A64HVPagingMetaDataL4, npt::arch::aarch64::A64PTEHV, H>`\n\nerror[E0599]: no method named `unmap_region` found for mutable reference `&mut PageTable64<npt::arch::aarch64::A64HVPagingMetaDataL3, npt::arch::aarch64::A64PTEHV, H>` in the current scope\n   --> src/npt/mod.rs:160:20\n    |\n160 |                 pt.unmap_region(start, size, flush)\n    |                    ^^^^^^^^^^^^ method not found in `&mut PageTable64<npt::arch::aarch64::A64HVPagingMetaDataL3, npt::arch::aarch64::A64PTEHV, H>`\n\nerror[E0599]: no method named `unmap_region` found for mutable reference `&mut PageTable64<npt::arch::aarch64::A64HVPagingMetaDataL4, npt::arch::aarch64::A64PTEHV, H>` in the current scope\n   --> src/npt/mod.rs:165:20\n    |\n165 |                 pt.unmap_region(start, size, flush)\n    |                    ^^^^^^^^^^^^ method not found in `&mut PageTable64<npt::arch::aarch64::A64HVPagingMetaDataL4, npt::arch::aarch64::A64PTEHV, H>`\n\nerror[E0599]: no method named `remap` found for mutable reference `&mut PageTable64<npt::arch::aarch64::A64HVPagingMetaDataL3, npt::arch::aarch64::A64PTEHV, H>` in the current scope\n   --> src/npt/mod.rs:176:43\n    |\n176 |             NestedPageTable::L3(pt) => pt.remap(start, paddr, flags).is_ok(),\n    |                                           ^^^^^ method not found in `&mut PageTable64<npt::arch::aarch64::A64HVPagingMetaDataL3, npt::arch::aarch64::A64PTEHV, H>`\n\nerror[E0599]: no method named `remap` found for mutable reference `&mut PageTable64<npt::arch::aarch64::A64HVPagingMetaDataL4, npt::arch::aarch64::A64PTEHV, H>` in the current scope\n   --> src/npt/mod.rs:177:43\n    |\n177 |             NestedPageTable::L4(pt) => pt.remap(start, paddr, flags).is_ok(),\n    |                                           ^^^^^ method not found in `&mut PageTable64<npt::arch::aarch64::A64HVPagingMetaDataL4, npt::arch::aarch64::A64PTEHV, H>`\n\nerror[E0599]: no method named `protect_region` found for mutable reference `&mut PageTable64<npt::arch::aarch64::A64HVPagingMetaDataL3, npt::arch::aarch64::A64PTEHV, H>` in the current scope\n   --> src/npt/mod.rs:192:18\n    |\n191 |               NestedPageTable::L3(pt) => pt\n    |  ________________________________________-\n192 | |                 .protect_region(start, size, new_flags, flush) // If the TLB is refreshed immediately every time, there might be ...\n    | |                 -^^^^^^^^^^^^^^ method not found in `&mut PageTable64<npt::arch::aarch64::A64HVPagingMetaDataL3, npt::arch::aarch64::A64PTEHV, H>`\n    | |_________________|\n    |\n\nerror[E0282]: type annotations needed\n   --> src/npt/mod.rs:194:23\n    |\n194 |                 .map(|tlb| tlb.ignore())\n    |                       ^^^  --- type must be known at this point\n    |\nhelp: consider giving this closure parameter an explicit type\n    |\n194 |                 .map(|tlb: /* Type */| tlb.ignore())\n    |                          ++++++++++++\n\nerror[E0599]: no method named `protect_region` found for mutable reference `&mut PageTable64<npt::arch::aarch64::A64HVPagingMetaDataL4, npt::arch::aarch64::A64PTEHV, H>` in the current scope\n   --> src/npt/mod.rs:197:18\n    |\n196 |               NestedPageTable::L4(pt) => pt\n    |  ________________________________________-\n197 | |                 .protect_region(start, size, new_flags, flush) // If the TLB is refreshed immediately every time, there might be ...\n    | |                 -^^^^^^^^^^^^^^ method not found in `&mut PageTable64<npt::arch::aarch64::A64HVPagingMetaDataL4, npt::arch::aarch64::A64PTEHV, H>`\n    | |_________________|\n    |\n\nerror[E0282]: type annotations needed\n   --> src/npt/mod.rs:199:23\n    |\n199 |                 .map(|tlb| tlb.ignore())\n    |                       ^^^  --- type must be known at this point\n    |\nhelp: consider giving this closure parameter an explicit type\n    |\n199 |                 .map(|tlb: /* Type */| tlb.ignore())\n    |                          ++++++++++++\n\nSome errors have detailed explanations: E0282, E0599.\nFor more information about an error, try `rustc --explain E0282`.\nerror: could not compile `axaddrspace` (lib) due to 16 previous errors\n"
            ]
          }
        },
        {
          "file": "[outdated direct dependencies]",
          "features": "",
          "count": 1,
          "kinds": {
            "Outdated": [
              "pkg=axaddrspace, checker=Outdated\ntoolchain=nightly-2025-05-20, target=aarch64-unknown-none-softfloat\nfeatures=\npkg_dir=/mnt/check/batch_1/arceos-hypervisor/axaddrspace\ncmd=cargo +nightly-2025-12-06-x86_64-unknown-linux-gnu outdated -R --exit-code=2\ntimestamp=2026-02-07 5:01:34.949943471 +08:00:00\n\nName                  Project  Compat  Latest  Kind    Platform\n----                  -------  ------  ------  ----    --------\naxerrno               0.1.2    ---     0.2.2   Normal  ---\npage_table_entry      0.5.8    ---     0.6.0   Normal  ---\npage_table_multiarch  0.5.8    ---     0.6.0   Normal  ---\n"
            ]
          }
        }
      ]
    }
  ],
  "kinds_order": [
    "Cargo",
    "Clippy(Error)",
    "Clippy(Warn)",
    "Semver Violation",
    "Audit",
    "Mirai",
    "Rapx",
    "Rudra",
    "Lockbud(Probably)",
    "Lockbud(Possibly)",
    "Atomvchecker",
    "Outdated",
    "Geiger",
    "Unused Deps",
    "Unformatted"
  ]
}