{"repo":{"user":"arceos-hypervisor","repo":"axaddrspace"},"data":[{"user":"arceos-hypervisor","repo":"axaddrspace","pkg":"axaddrspace","count":5,"raw_reports":[{"file":"src/address_space/backend/mod.rs","count":2,"kinds":{"Clippy(Warn)":["warning: redundant field names in struct initialization\n  --> src/address_space/backend/mod.rs:48:17\n   |\n48 |                 populate: populate,\n   |                 ^^^^^^^^^^^^^^^^^^ help: replace it with: `populate`\n   |\n   = help: for further information visit https://rust-lang.github.io/rust-clippy/master/index.html#redundant_field_names\n   = note: `#[warn(clippy::redundant_field_names)]` on by default\n\n","warning: you don't need to add `&` to all patterns\n  --> src/address_space/backend/mod.rs:45:9\n   |\n45 | /         match self {\n46 | |             &Self::Linear { pa_va_offset } => Self::Linear { pa_va_offset },\n47 | |             &Self::Alloc { populate, .. } => Self::Alloc {\n48 | |                 populate: populate,\n49 | |                 _phantom: core::marker::PhantomData,\n50 | |             },\n51 | |         }\n   | |_________^\n   |\n   = help: for further information visit https://rust-lang.github.io/rust-clippy/master/index.html#match_ref_pats\n   = note: `#[warn(clippy::match_ref_pats)]` on by default\nhelp: instead of prefixing all patterns with `&`, you can dereference the expression\n   |\n45 ~         match *self {\n46 ~             Self::Linear { pa_va_offset } => Self::Linear { pa_va_offset },\n47 ~             Self::Alloc { populate, .. } => Self::Alloc {\n   |\n\n"]}},{"file":"(virtual) semver-checks","count":1,"kinds":{"Cargo":["// pkg_name=axaddrspace, checker=SemverChecks\n// toolchain=nightly-2024-10-12-x86_64-unknown-linux-gnu, target=x86_64-unknown-linux-gnu\n// pkg_dir=/home/runner/check/batch_3/arceos-hypervisor/axaddrspace\n// cmd=cargo +nightly-2024-10-12-x86_64-unknown-linux-gnu semver-checks --target x86_64-unknown-linux-gnu\n     Parsing axaddrspace v0.1.0 (current)\nerror: running cargo-doc on crate axaddrspace failed with output:\n-----\n   Compiling rustversion v1.0.18\n    Checking bit_field v0.10.2\n    Checking bitflags v2.6.0\n    Checking memory_addr v0.3.1\n    Checking volatile v0.4.6\n    Checking bitflags v1.3.2\n   Compiling x86 v0.52.0\n   Compiling axerrno v0.1.0\n    Checking raw-cpuid v10.7.0\n    Checking log v0.4.22\n    Checking memory_set v0.3.1\n    Checking lazyinit v0.2.1\n    Checking numeric-enum-macro v0.2.0\n    Checking cfg-if v1.0.0\n    Checking x86_64 v0.15.2\nerror[E0053]: method `steps_between` has an incompatible type for trait\n   --> /home/runner/.cargo/registry/src/index.crates.io-6f17d22bba15001f/x86_64-0.15.2/src/addr.rs:406:51\n    |\n406 |     fn steps_between(start: &Self, end: &Self) -> (usize, Option<usize>) {\n    |                                                   ^^^^^^^^^^^^^^^^^^^^^^ expected `Option<usize>`, found `(usize, Option<usize>)`\n    |\n    = note: expected signature `fn(&addr::VirtAddr, &addr::VirtAddr) -> Option<usize>`\n               found signature `fn(&addr::VirtAddr, &addr::VirtAddr) -> (usize, Option<usize>)`\nhelp: change the output type to match the trait\n    |\n406 |     fn steps_between(start: &Self, end: &Self) -> Option<usize> {\n    |                                                   ~~~~~~~~~~~~~\n\nerror[E0053]: method `steps_between` has an incompatible type for trait\n   --> /home/runner/.cargo/registry/src/index.crates.io-6f17d22bba15001f/x86_64-0.15.2/src/structures/paging/page.rs:307:51\n    |\n307 |     fn steps_between(start: &Self, end: &Self) -> (usize, Option<usize>) {\n    |                                                   ^^^^^^^^^^^^^^^^^^^^^^ expected `Option<usize>`, found `(usize, Option<usize>)`\n    |\n    = note: expected signature `fn(&page::Page<_>, &page::Page<_>) -> Option<usize>`\n               found signature `fn(&page::Page<_>, &page::Page<_>) -> (usize, Option<usize>)`\nhelp: change the output type to match the trait\n    |\n307 |     fn steps_between(start: &Self, end: &Self) -> Option<usize> {\n    |                                                   ~~~~~~~~~~~~~\n\nerror[E0053]: method `steps_between` has an incompatible type for trait\n   --> /home/runner/.cargo/registry/src/index.crates.io-6f17d22bba15001f/x86_64-0.15.2/src/structures/paging/page_table.rs:356:51\n    |\n356 |     fn steps_between(start: &Self, end: &Self) -> (usize, Option<usize>) {\n    |                                                   ^^^^^^^^^^^^^^^^^^^^^^ expected `Option<usize>`, found `(usize, Option<usize>)`\n    |\n    = note: expected signature `fn(&PageTableIndex, &PageTableIndex) -> Option<usize>`\n               found signature `fn(&PageTableIndex, &PageTableIndex) -> (usize, Option<usize>)`\nhelp: change the output type to match the trait\n    |\n356 |     fn steps_between(start: &Self, end: &Self) -> Option<usize> {\n    |                                                   ~~~~~~~~~~~~~\n\nerror[E0308]: mismatched types\n   --> /home/runner/.cargo/registry/src/index.crates.io-6f17d22bba15001f/x86_64-0.15.2/src/structures/paging/page_table.rs:357:9\n    |\n356 |     fn steps_between(start: &Self, end: &Self) -> (usize, Option<usize>) {\n    |                                                   ---------------------- expected `(usize, Option<usize>)` because of return type\n357 |         Step::steps_between(&start.0, &end.0)\n    |         ^^^^^^^^^^^^^^^^^^^^^^^^^^^^^^^^^^^^^ expected `(usize, Option<usize>)`, found `Option<usize>`\n    |\n    = note: expected tuple `(usize, Option<usize>)`\n                found enum `Option<usize>`\n\nSome errors have detailed explanations: E0053, E0308.\nFor more information about an error, try `rustc --explain E0053`.\nerror: could not compile `x86_64` (lib) due to 4 previous errors\nwarning: build failed, waiting for other jobs to finish...\n\n-----\n\nerror: failed to build rustdoc for crate axaddrspace v0.1.0\nnote: this is usually due to a compilation error in the crate,\n      and is unlikely to be a bug in cargo-semver-checks\nnote: the following command can be used to reproduce the compilation error:\n      cargo new --lib example &&\n          cd example &&\n          echo '[workspace]' >> Cargo.toml &&\n          cargo add --path /home/runner/check/batch_3/arceos-hypervisor/axaddrspace --no-default-features --features arm-el2,default &&\n          cargo check\n\nerror: aborting due to failure to build rustdoc for crate axaddrspace v0.1.0\n"]}},{"file":"[lockbud] Not supported to display yet.","count":1,"kinds":{"Lockbud(Possibly)":["[2024-11-22T11:50:41Z WARN  lockbud::callbacks] [\n      {\n        \"AtomicityViolation\": {\n          \"bug_kind\": \"AtomicityViolation\",\n          \"possibility\": \"Possibly\",\n          \"diagnosis\": {\n            \"fn_name\": \"set_logger_racy\",\n            \"atomic_reader\": \"/home/runner/.cargo/registry/src/index.crates.io-6f17d22bba15001f/log-0.4.22/src/lib.rs:1447:11: 1447:40 (#0)\",\n            \"atomic_writer\": \"/home/runner/.cargo/registry/src/index.crates.io-6f17d22bba15001f/log-0.4.22/src/lib.rs:1450:13: 1450:56 (#0)\",\n            \"dep_kind\": \"Control\"\n          },\n          \"explanation\": \"atomic::store is data/control dependent on atomic::load\"\n        }\n      }\n    ]\n[2024-11-22T11:50:41Z WARN  lockbud::callbacks] crate log contains bugs: { probably: 0, possibly: 0 }, conflictlock: { probably: 0, possibly: 0 }, condvar_deadlock: { probably: 0, possibly: 0 }, atomicity_violation: { possibly: 1 }, invalid_free: { possibly: 0 }, use_after_free: { possibly: 0 }"]}},{"file":"[semver checks]","count":1,"kinds":{"Semver Violation":["pkg=axaddrspace, checker=SemverChecks\ntoolchain=nightly-2024-10-12-x86_64-unknown-linux-gnu, target=x86_64-unknown-linux-gnu\npkg_dir=/home/runner/check/batch_3/arceos-hypervisor/axaddrspace\ncmd=cargo +nightly-2024-10-12-x86_64-unknown-linux-gnu semver-checks --target x86_64-unknown-linux-gnu\n\n\nstdout:\n\nstderr:\n     Parsing axaddrspace v0.1.0 (current)\nerror: running cargo-doc on crate axaddrspace failed with output:\n-----\n   Compiling rustversion v1.0.18\n    Checking bit_field v0.10.2\n    Checking bitflags v2.6.0\n    Checking memory_addr v0.3.1\n    Checking volatile v0.4.6\n    Checking bitflags v1.3.2\n   Compiling x86 v0.52.0\n   Compiling axerrno v0.1.0\n    Checking raw-cpuid v10.7.0\n    Checking log v0.4.22\n    Checking memory_set v0.3.1\n    Checking lazyinit v0.2.1\n    Checking numeric-enum-macro v0.2.0\n    Checking cfg-if v1.0.0\n    Checking x86_64 v0.15.2\nerror[E0053]: method `steps_between` has an incompatible type for trait\n   --> /home/runner/.cargo/registry/src/index.crates.io-6f17d22bba15001f/x86_64-0.15.2/src/addr.rs:406:51\n    |\n406 |     fn steps_between(start: &Self, end: &Self) -> (usize, Option<usize>) {\n    |                                                   ^^^^^^^^^^^^^^^^^^^^^^ expected `Option<usize>`, found `(usize, Option<usize>)`\n    |\n    = note: expected signature `fn(&addr::VirtAddr, &addr::VirtAddr) -> Option<usize>`\n               found signature `fn(&addr::VirtAddr, &addr::VirtAddr) -> (usize, Option<usize>)`\nhelp: change the output type to match the trait\n    |\n406 |     fn steps_between(start: &Self, end: &Self) -> Option<usize> {\n    |                                                   ~~~~~~~~~~~~~\n\nerror[E0053]: method `steps_between` has an incompatible type for trait\n   --> /home/runner/.cargo/registry/src/index.crates.io-6f17d22bba15001f/x86_64-0.15.2/src/structures/paging/page.rs:307:51\n    |\n307 |     fn steps_between(start: &Self, end: &Self) -> (usize, Option<usize>) {\n    |                                                   ^^^^^^^^^^^^^^^^^^^^^^ expected `Option<usize>`, found `(usize, Option<usize>)`\n    |\n    = note: expected signature `fn(&page::Page<_>, &page::Page<_>) -> Option<usize>`\n               found signature `fn(&page::Page<_>, &page::Page<_>) -> (usize, Option<usize>)`\nhelp: change the output type to match the trait\n    |\n307 |     fn steps_between(start: &Self, end: &Self) -> Option<usize> {\n    |                                                   ~~~~~~~~~~~~~\n\nerror[E0053]: method `steps_between` has an incompatible type for trait\n   --> /home/runner/.cargo/registry/src/index.crates.io-6f17d22bba15001f/x86_64-0.15.2/src/structures/paging/page_table.rs:356:51\n    |\n356 |     fn steps_between(start: &Self, end: &Self) -> (usize, Option<usize>) {\n    |                                                   ^^^^^^^^^^^^^^^^^^^^^^ expected `Option<usize>`, found `(usize, Option<usize>)`\n    |\n    = note: expected signature `fn(&PageTableIndex, &PageTableIndex) -> Option<usize>`\n               found signature `fn(&PageTableIndex, &PageTableIndex) -> (usize, Option<usize>)`\nhelp: change the output type to match the trait\n    |\n356 |     fn steps_between(start: &Self, end: &Self) -> Option<usize> {\n    |                                                   ~~~~~~~~~~~~~\n\nerror[E0308]: mismatched types\n   --> /home/runner/.cargo/registry/src/index.crates.io-6f17d22bba15001f/x86_64-0.15.2/src/structures/paging/page_table.rs:357:9\n    |\n356 |     fn steps_between(start: &Self, end: &Self) -> (usize, Option<usize>) {\n    |                                                   ---------------------- expected `(usize, Option<usize>)` because of return type\n357 |         Step::steps_between(&start.0, &end.0)\n    |         ^^^^^^^^^^^^^^^^^^^^^^^^^^^^^^^^^^^^^ expected `(usize, Option<usize>)`, found `Option<usize>`\n    |\n    = note: expected tuple `(usize, Option<usize>)`\n                found enum `Option<usize>`\n\nSome errors have detailed explanations: E0053, E0308.\nFor more information about an error, try `rustc --explain E0053`.\nerror: could not compile `x86_64` (lib) due to 4 previous errors\nwarning: build failed, waiting for other jobs to finish...\n\n-----\n\nerror: failed to build rustdoc for crate axaddrspace v0.1.0\nnote: this is usually due to a compilation error in the crate,\n      and is unlikely to be a bug in cargo-semver-checks\nnote: the following command can be used to reproduce the compilation error:\n      cargo new --lib example &&\n          cd example &&\n          echo '[workspace]' >> Cargo.toml &&\n          cargo add --path /home/runner/check/batch_3/arceos-hypervisor/axaddrspace --no-default-features --features arm-el2,default &&\n          cargo check\n\nerror: aborting due to failure to build rustdoc for crate axaddrspace v0.1.0\n"]}}]}],"kinds_order":["Cargo","Clippy(Error)","Clippy(Warn)","Semver Violation","Audit","Mirai","Rap","Rudra","Lockbud(Probably)","Lockbud(Possibly)","Outdated","Geiger","Unformatted"]}