{"repo":{"user":"arceos-org","repo":"page_table_multiarch"},"data":[{"user":"arceos-org","repo":"page_table_multiarch","pkg":"page_table_entry","count":2,"raw_reports":[{"file":"(virtual) semver-checks","count":1,"kinds":{"Cargo":["// pkg_name=page_table_entry, checker=SemverChecks\n// toolchain=nightly-2025-01-26-x86_64-unknown-linux-gnu, target=aarch64-unknown-none\n// features=\n// pkg_dir=/home/runner/check/batch_26/arceos-org/page_table_multiarch/page_table_entry\n// cmd=cargo +nightly-2025-01-26-x86_64-unknown-linux-gnu semver-checks --target aarch64-unknown-none \n// timestamp=2025-01-26 23:08:10.327641921 +08:00:00\n    Building page_table_entry v0.5.1 (current)\nerror: running cargo-doc on crate 'page_table_entry' failed with output:\n-----\n    Checking tock-registers v0.9.0\n    Checking bitflags v2.8.0\n    Checking memory_addr v0.3.1\n    Checking aarch64-cpu v10.0.0\n Documenting page_table_entry v0.5.1 (/home/runner/check/batch_26/arceos-org/page_table_multiarch/page_table_entry)\nerror[E0433]: failed to resolve: use of unresolved module or unlinked crate `x86_64`\n --> /home/runner/check/batch_26/arceos-org/page_table_multiarch/page_table_entry/src/arch/x86_64.rs:6:9\n  |\n6 | pub use x86_64::structures::paging::page_table::PageTableFlags as PTF;\n  |         ^^^^^^ use of unresolved module or unlinked crate `x86_64`\n  |\n  = help: if you wanted to use a crate named `x86_64`, use `cargo add x86_64` to add it to your `Cargo.toml`\n\nFor more information about this error, try `rustc --explain E0433`.\nerror: could not document `page_table_entry`\n\n-----\n\nerror: failed to build rustdoc for crate page_table_entry v0.5.1\nnote: this is usually due to a compilation error in the crate,\n      and is unlikely to be a bug in cargo-semver-checks\nnote: the following command can be used to reproduce the compilation error:\n      cargo new --lib example &&\n          cd example &&\n          echo '[workspace]' >> Cargo.toml &&\n          cargo add --path /home/runner/check/batch_26/arceos-org/page_table_multiarch/page_table_entry --features arm-el2 &&\n          cargo check\n\nerror: aborting due to failure to build rustdoc for crate page_table_entry v0.5.1\n"]}},{"file":"[semver checks]","count":1,"kinds":{"Semver Violation":["pkg=page_table_entry, checker=SemverChecks\ntoolchain=nightly-2025-01-26-x86_64-unknown-linux-gnu, target=aarch64-unknown-none\nfeatures=\npkg_dir=/home/runner/check/batch_26/arceos-org/page_table_multiarch/page_table_entry\ncmd=cargo +nightly-2025-01-26-x86_64-unknown-linux-gnu semver-checks --target aarch64-unknown-none \ntimestamp=2025-01-26 23:08:12.051692237 +08:00:00\n\n\nstdout:\n\nstderr:\n    Building page_table_entry v0.5.1 (current)\nerror: running cargo-doc on crate 'page_table_entry' failed with output:\n-----\n    Checking tock-registers v0.9.0\n    Checking bitflags v2.8.0\n    Checking memory_addr v0.3.1\n    Checking aarch64-cpu v10.0.0\n Documenting page_table_entry v0.5.1 (/home/runner/check/batch_26/arceos-org/page_table_multiarch/page_table_entry)\nerror[E0433]: failed to resolve: use of unresolved module or unlinked crate `x86_64`\n --> /home/runner/check/batch_26/arceos-org/page_table_multiarch/page_table_entry/src/arch/x86_64.rs:6:9\n  |\n6 | pub use x86_64::structures::paging::page_table::PageTableFlags as PTF;\n  |         ^^^^^^ use of unresolved module or unlinked crate `x86_64`\n  |\n  = help: if you wanted to use a crate named `x86_64`, use `cargo add x86_64` to add it to your `Cargo.toml`\n\nFor more information about this error, try `rustc --explain E0433`.\nerror: could not document `page_table_entry`\n\n-----\n\nerror: failed to build rustdoc for crate page_table_entry v0.5.1\nnote: this is usually due to a compilation error in the crate,\n      and is unlikely to be a bug in cargo-semver-checks\nnote: the following command can be used to reproduce the compilation error:\n      cargo new --lib example &&\n          cd example &&\n          echo '[workspace]' >> Cargo.toml &&\n          cargo add --path /home/runner/check/batch_26/arceos-org/page_table_multiarch/page_table_entry --features arm-el2 &&\n          cargo check\n\nerror: aborting due to failure to build rustdoc for crate page_table_entry v0.5.1\n"]}}]},{"user":"arceos-org","repo":"page_table_multiarch","pkg":"page_table_multiarch","count":2,"raw_reports":[{"file":"(virtual) semver-checks","count":1,"kinds":{"Cargo":["// pkg_name=page_table_multiarch, checker=SemverChecks\n// toolchain=nightly-2025-01-26-x86_64-unknown-linux-gnu, target=aarch64-unknown-none\n// features=\n// pkg_dir=/home/runner/check/batch_26/arceos-org/page_table_multiarch/page_table_multiarch\n// cmd=cargo +nightly-2025-01-26-x86_64-unknown-linux-gnu semver-checks --target aarch64-unknown-none \n// timestamp=2025-01-26 23:08:16.497352511 +08:00:00\n    Building page_table_multiarch v0.5.1 (current)\nerror: running cargo-doc on crate 'page_table_multiarch' failed with output:\n-----\n    Checking tock-registers v0.9.0\n    Checking memory_addr v0.3.1\n    Checking bitflags v2.8.0\n    Checking log v0.4.25\n    Checking aarch64-cpu v10.0.0\n    Checking page_table_entry v0.5.1 (/home/runner/check/batch_26/arceos-org/page_table_multiarch/page_table_entry)\n Documenting page_table_multiarch v0.5.1 (/home/runner/check/batch_26/arceos-org/page_table_multiarch/page_table_multiarch)\nerror[E0432]: unresolved import `page_table_entry::x86_64`\n --> /home/runner/check/batch_26/arceos-org/page_table_multiarch/page_table_multiarch/src/arch/x86_64.rs:4:23\n  |\n4 | use page_table_entry::x86_64::X64PTE;\n  |                       ^^^^^^ could not find `x86_64` in `page_table_entry`\n\nerror[E0432]: unresolved import `page_table_entry::riscv`\n --> /home/runner/check/batch_26/arceos-org/page_table_multiarch/page_table_multiarch/src/arch/riscv.rs:4:23\n  |\n4 | use page_table_entry::riscv::Rv64PTE;\n  |                       ^^^^^ could not find `riscv` in `page_table_entry`\n\nerror[E0432]: unresolved import `page_table_entry::loongarch64`\n --> /home/runner/check/batch_26/arceos-org/page_table_multiarch/page_table_multiarch/src/arch/loongarch64.rs:5:23\n  |\n5 | use page_table_entry::loongarch64::LA64PTE;\n  |                       ^^^^^^^^^^^ could not find `loongarch64` in `page_table_entry`\n\nFor more information about this error, try `rustc --explain E0432`.\nerror: could not document `page_table_multiarch`\n\n-----\n\nerror: failed to build rustdoc for crate page_table_multiarch v0.5.1\nnote: this is usually due to a compilation error in the crate,\n      and is unlikely to be a bug in cargo-semver-checks\nnote: the following command can be used to reproduce the compilation error:\n      cargo new --lib example &&\n          cd example &&\n          echo '[workspace]' >> Cargo.toml &&\n          cargo add --path /home/runner/check/batch_26/arceos-org/page_table_multiarch/page_table_multiarch &&\n          cargo check\n\nerror: aborting due to failure to build rustdoc for crate page_table_multiarch v0.5.1\n"]}},{"file":"[semver checks]","count":1,"kinds":{"Semver Violation":["pkg=page_table_multiarch, checker=SemverChecks\ntoolchain=nightly-2025-01-26-x86_64-unknown-linux-gnu, target=aarch64-unknown-none\nfeatures=\npkg_dir=/home/runner/check/batch_26/arceos-org/page_table_multiarch/page_table_multiarch\ncmd=cargo +nightly-2025-01-26-x86_64-unknown-linux-gnu semver-checks --target aarch64-unknown-none \ntimestamp=2025-01-26 23:08:18.317337726 +08:00:00\n\n\nstdout:\n\nstderr:\n    Building page_table_multiarch v0.5.1 (current)\nerror: running cargo-doc on crate 'page_table_multiarch' failed with output:\n-----\n    Checking tock-registers v0.9.0\n    Checking memory_addr v0.3.1\n    Checking bitflags v2.8.0\n    Checking log v0.4.25\n    Checking aarch64-cpu v10.0.0\n    Checking page_table_entry v0.5.1 (/home/runner/check/batch_26/arceos-org/page_table_multiarch/page_table_entry)\n Documenting page_table_multiarch v0.5.1 (/home/runner/check/batch_26/arceos-org/page_table_multiarch/page_table_multiarch)\nerror[E0432]: unresolved import `page_table_entry::x86_64`\n --> /home/runner/check/batch_26/arceos-org/page_table_multiarch/page_table_multiarch/src/arch/x86_64.rs:4:23\n  |\n4 | use page_table_entry::x86_64::X64PTE;\n  |                       ^^^^^^ could not find `x86_64` in `page_table_entry`\n\nerror[E0432]: unresolved import `page_table_entry::riscv`\n --> /home/runner/check/batch_26/arceos-org/page_table_multiarch/page_table_multiarch/src/arch/riscv.rs:4:23\n  |\n4 | use page_table_entry::riscv::Rv64PTE;\n  |                       ^^^^^ could not find `riscv` in `page_table_entry`\n\nerror[E0432]: unresolved import `page_table_entry::loongarch64`\n --> /home/runner/check/batch_26/arceos-org/page_table_multiarch/page_table_multiarch/src/arch/loongarch64.rs:5:23\n  |\n5 | use page_table_entry::loongarch64::LA64PTE;\n  |                       ^^^^^^^^^^^ could not find `loongarch64` in `page_table_entry`\n\nFor more information about this error, try `rustc --explain E0432`.\nerror: could not document `page_table_multiarch`\n\n-----\n\nerror: failed to build rustdoc for crate page_table_multiarch v0.5.1\nnote: this is usually due to a compilation error in the crate,\n      and is unlikely to be a bug in cargo-semver-checks\nnote: the following command can be used to reproduce the compilation error:\n      cargo new --lib example &&\n          cd example &&\n          echo '[workspace]' >> Cargo.toml &&\n          cargo add --path /home/runner/check/batch_26/arceos-org/page_table_multiarch/page_table_multiarch &&\n          cargo check\n\nerror: aborting due to failure to build rustdoc for crate page_table_multiarch v0.5.1\n"]}}]}],"kinds_order":["Cargo","Clippy(Error)","Clippy(Warn)","Semver Violation","Audit","Mirai","Rapx","Rudra","Lockbud(Probably)","Lockbud(Possibly)","Outdated","Geiger","Unformatted"]}