{
  "repo": {
    "user": "arceos-org",
    "repo": "page_table_multiarch"
  },
  "data": [
    {
      "user": "arceos-org",
      "repo": "page_table_multiarch",
      "pkg": "page_table_multiarch",
      "count": 5,
      "raw_reports": [
        {
          "file": "/mnt/check/batch_3/arceos-org/page_table_multiarch/Cargo.lock",
          "features": "",
          "count": 1,
          "kinds": {
            "Audit": [
              "Crate:     paste\nVersion:   1.0.15\nWarning:   unmaintained\nTitle:     paste - no longer maintained\nDate:      2024-10-07\nID:        RUSTSEC-2024-0436\nURL:       https://rustsec.org/advisories/RUSTSEC-2024-0436\nDependency tree:\npaste 1.0.15\n└── riscv 0.14.0\n    └── page_table_multiarch 0.6.0\n\n\n{\n  \"database\": {\n    \"advisory-count\": 902,\n    \"last-commit\": \"c700e1cd023ca87343cbd9217d50d47023e9adc7\",\n    \"last-updated\": \"2026-01-17T20:50:19+01:00\"\n  },\n  \"lockfile\": {\n    \"dependency-count\": 33\n  },\n  \"settings\": {\n    \"target_arch\": [],\n    \"target_os\": [],\n    \"severity\": null,\n    \"ignore\": [],\n    \"informational_warnings\": [\n      \"unmaintained\",\n      \"unsound\",\n      \"notice\"\n    ]\n  },\n  \"vulnerabilities\": {\n    \"found\": false,\n    \"count\": 0,\n    \"list\": []\n  },\n  \"warnings\": {\n    \"unmaintained\": [\n      {\n        \"kind\": \"unmaintained\",\n        \"package\": {\n          \"name\": \"paste\",\n          \"version\": \"1.0.15\",\n          \"source\": \"registry+https://github.com/rust-lang/crates.io-index\",\n          \"checksum\": \"57c0d7b74b563b49d38dae00a0c37d4d6de9b432382b2892f0574ddcae73fd0a\",\n          \"replace\": null\n        },\n        \"advisory\": {\n          \"id\": \"RUSTSEC-2024-0436\",\n          \"package\": \"paste\",\n          \"title\": \"paste - no longer maintained\",\n          \"description\": \"The creator of the crate `paste` has stated in the [`README.md`](https://github.com/dtolnay/paste/blob/master/README.md) \\nthat this project is not longer maintained as well as archived the repository\\n\\n## Possible Alternative(s)\\n\\n- [pastey](https://crates.io/crates/pastey), a fork of paste and is aimed to be a drop-in replacement with additional features for paste crate\",\n          \"date\": \"2024-10-07\",\n          \"aliases\": [],\n          \"related\": [],\n          \"collection\": \"crates\",\n          \"categories\": [],\n          \"keywords\": [],\n          \"cvss\": null,\n          \"informational\": \"unmaintained\",\n          \"references\": [],\n          \"source\": null,\n          \"url\": \"https://github.com/dtolnay/paste\",\n          \"withdrawn\": null,\n          \"license\": \"CC0-1.0\"\n        },\n        \"affected\": null,\n        \"versions\": {\n          \"patched\": [],\n          \"unaffected\": []\n        }\n      }\n    ]\n  }\n}"
            ]
          }
        },
        {
          "file": "(virtual) lockbud",
          "features": "",
          "count": 1,
          "kinds": {
            "Cargo": [
              "// pkg_name=page_table_multiarch, checker=Lockbud\n// toolchain=nightly-2025-12-06-x86_64-unknown-linux-gnu, target=aarch64-unknown-none\n// features=\n// pkg_dir=/mnt/check/batch_3/arceos-org/page_table_multiarch/page_table_multiarch\n// cmd=cargo +nightly-2025-02-01 lockbud -k all -- --target aarch64-unknown-none \n// timestamp=2026-01-18 4:40:49.050744558 +08:00:00\n   Compiling arrayvec v0.7.6\n   Compiling log v0.4.28\n[2026-01-17T20:40:49Z WARN  lockbud::callbacks] [\n      {\n        \"AtomicityViolation\": {\n          \"bug_kind\": \"AtomicityViolation\",\n          \"possibility\": \"Possibly\",\n          \"diagnosis\": {\n            \"fn_name\": \"set_logger_racy\",\n            \"atomic_reader\": \"/home/runner/.cargo/registry/src/index.crates.io-1949cf8c6b5b557f/log-0.4.28/src/lib.rs:1525:11: 1525:40 (#0)\",\n            \"atomic_writer\": \"/home/runner/.cargo/registry/src/index.crates.io-1949cf8c6b5b557f/log-0.4.28/src/lib.rs:1528:13: 1528:56 (#0)\",\n            \"dep_kind\": \"Control\"\n          },\n          \"explanation\": \"atomic::store is data/control dependent on atomic::load\"\n        }\n      }\n    ]\n[2026-01-17T20:40:49Z WARN  lockbud::callbacks] crate log contains bugs: { probably: 0, possibly: 0 }, conflictlock: { probably: 0, possibly: 0 }, condvar_deadlock: { probably: 0, possibly: 0 }, atomicity_violation: { possibly: 1 }, invalid_free: { possibly: 0 }, use_after_free: { possibly: 0 }\n   Compiling page_table_multiarch v0.6.0 (/mnt/check/batch_3/arceos-org/page_table_multiarch/page_table_multiarch)\nerror[E0658]: `let` expressions in this position are unstable\n   --> page_table_multiarch/src/bits64.rs:268:24\n    |\n268 |                     && let Ok(table) = self.next_table(entry)\n    |                        ^^^^^^^^^^^^^^^^^^^^^^^^^^^^^^^^^^^^^^\n    |\n    = note: see issue #53667 <https://github.com/rust-lang/rust/issues/53667> for more information\n    = help: add `#![feature(let_chains)]` to the crate attributes to enable\n    = note: this compiler was built on 2025-01-31; consider upgrading it if it is out of date\n\nFor more information about this error, try `rustc --explain E0658`.\nerror: could not compile `page_table_multiarch` (lib) due to 1 previous error\n"
            ]
          }
        },
        {
          "file": "(virtual) semver-checks",
          "features": "",
          "count": 1,
          "kinds": {
            "Cargo": [
              "// pkg_name=page_table_multiarch, checker=SemverChecks\n// toolchain=nightly-2025-12-06-x86_64-unknown-linux-gnu, target=aarch64-unknown-none\n// features=\n// pkg_dir=/mnt/check/batch_3/arceos-org/page_table_multiarch/page_table_multiarch\n// cmd=cargo +nightly-2025-12-06-x86_64-unknown-linux-gnu semver-checks --target aarch64-unknown-none \n// timestamp=2026-01-18 4:40:27.440670776 +08:00:00\n    Building page_table_multiarch v0.6.0 (current)\nerror: running cargo-doc on crate 'page_table_multiarch' failed with output:\n-----\n   Compiling proc-macro2 v1.0.105\n   Compiling unicode-ident v1.0.22\n   Compiling quote v1.0.43\n   Compiling heck v0.5.0\n   Compiling axerrno v0.2.2\n    Checking tock-registers v0.9.0\n    Checking log v0.4.29\n    Checking aarch64-cpu v10.0.0\n    Checking bitflags v2.10.0\n    Checking memory_addr v0.4.1\n    Checking bitmaps v3.2.1\n    Checking arrayvec v0.7.6\n   Compiling syn v2.0.114\n    Checking page_table_entry v0.6.0 (/mnt/check/batch_3/arceos-org/page_table_multiarch/page_table_entry)\n   Compiling strum_macros v0.27.2\n    Checking strum v0.27.2\n    Checking axerrno v0.1.2\n Documenting page_table_multiarch v0.6.0 (/mnt/check/batch_3/arceos-org/page_table_multiarch/page_table_multiarch)\nerror[E0432]: unresolved import `page_table_entry::x86_64`\n --> /mnt/check/batch_3/arceos-org/page_table_multiarch/page_table_multiarch/src/arch/x86_64.rs:4:23\n  |\n4 | use page_table_entry::x86_64::X64PTE;\n  |                       ^^^^^^ could not find `x86_64` in `page_table_entry`\n\nerror[E0432]: unresolved import `page_table_entry::riscv`\n --> /mnt/check/batch_3/arceos-org/page_table_multiarch/page_table_multiarch/src/arch/riscv.rs:4:23\n  |\n4 | use page_table_entry::riscv::Rv64PTE;\n  |                       ^^^^^ could not find `riscv` in `page_table_entry`\n\nerror[E0432]: unresolved import `page_table_entry::loongarch64`\n --> /mnt/check/batch_3/arceos-org/page_table_multiarch/page_table_multiarch/src/arch/loongarch64.rs:6:23\n  |\n6 | use page_table_entry::loongarch64::LA64PTE;\n  |                       ^^^^^^^^^^^ could not find `loongarch64` in `page_table_entry`\n\nFor more information about this error, try `rustc --explain E0432`.\nerror: could not document `page_table_multiarch`\n\n-----\n\nerror: failed to build rustdoc for crate page_table_multiarch v0.6.0\nnote: this is usually due to a compilation error in the crate,\n      and is unlikely to be a bug in cargo-semver-checks\nnote: the following command can be used to reproduce the error:\n      cargo new --lib example &&\n          cd example &&\n          echo '[workspace]' >> Cargo.toml &&\n          cargo add --path /mnt/check/batch_3/arceos-org/page_table_multiarch/page_table_multiarch --features axerrno,copy-from,default &&\n          cargo check --target aarch64-unknown-none &&\n          cargo doc --target aarch64-unknown-none\n\nerror: aborting due to failure to build rustdoc for crate page_table_multiarch v0.6.0\n"
            ]
          }
        },
        {
          "file": "[outdated direct dependencies]",
          "features": "",
          "count": 1,
          "kinds": {
            "Outdated": [
              "pkg=page_table_multiarch, checker=Outdated\ntoolchain=nightly-2025-12-06-x86_64-unknown-linux-gnu, target=aarch64-unknown-none\nfeatures=\npkg_dir=/mnt/check/batch_3/arceos-org/page_table_multiarch/page_table_multiarch\ncmd=cargo +nightly-2025-12-06-x86_64-unknown-linux-gnu outdated -R --exit-code=2\ntimestamp=2026-01-18 4:40:56.492419462 +08:00:00\n\nName     Project      Compat       Latest       Kind         Platform\n----     -------      ------       ------       ----         --------\naxerrno  0.1.2        ---          0.2.2        Normal       ---\nlog      0.4.28       0.4.29       0.4.29       Normal       ---\nrand     0.10.0-rc.5  0.10.0-rc.6  0.10.0-rc.6  Development  ---\nriscv    0.14.0       ---          0.16.0       Normal       cfg(any(target_arch = \"riscv32\", target_arch = \"riscv64\", doc, docsrs))\n"
            ]
          }
        },
        {
          "file": "[semver checks violation]",
          "features": "",
          "count": 1,
          "kinds": {
            "Semver Violation": [
              "pkg=page_table_multiarch, checker=SemverChecks\ntoolchain=nightly-2025-12-06-x86_64-unknown-linux-gnu, target=aarch64-unknown-none\nfeatures=\npkg_dir=/mnt/check/batch_3/arceos-org/page_table_multiarch/page_table_multiarch\ncmd=cargo +nightly-2025-12-06-x86_64-unknown-linux-gnu semver-checks --target aarch64-unknown-none \ntimestamp=2026-01-18 4:40:31.531625993 +08:00:00\n\n\nstdout:\n\nstderr:\n    Building page_table_multiarch v0.6.0 (current)\nerror: running cargo-doc on crate 'page_table_multiarch' failed with output:\n-----\n   Compiling proc-macro2 v1.0.105\n   Compiling unicode-ident v1.0.22\n   Compiling quote v1.0.43\n   Compiling heck v0.5.0\n   Compiling axerrno v0.2.2\n    Checking tock-registers v0.9.0\n    Checking log v0.4.29\n    Checking aarch64-cpu v10.0.0\n    Checking bitflags v2.10.0\n    Checking memory_addr v0.4.1\n    Checking bitmaps v3.2.1\n    Checking arrayvec v0.7.6\n   Compiling syn v2.0.114\n    Checking page_table_entry v0.6.0 (/mnt/check/batch_3/arceos-org/page_table_multiarch/page_table_entry)\n   Compiling strum_macros v0.27.2\n    Checking strum v0.27.2\n    Checking axerrno v0.1.2\n Documenting page_table_multiarch v0.6.0 (/mnt/check/batch_3/arceos-org/page_table_multiarch/page_table_multiarch)\nerror[E0432]: unresolved import `page_table_entry::x86_64`\n --> /mnt/check/batch_3/arceos-org/page_table_multiarch/page_table_multiarch/src/arch/x86_64.rs:4:23\n  |\n4 | use page_table_entry::x86_64::X64PTE;\n  |                       ^^^^^^ could not find `x86_64` in `page_table_entry`\n\nerror[E0432]: unresolved import `page_table_entry::riscv`\n --> /mnt/check/batch_3/arceos-org/page_table_multiarch/page_table_multiarch/src/arch/riscv.rs:4:23\n  |\n4 | use page_table_entry::riscv::Rv64PTE;\n  |                       ^^^^^ could not find `riscv` in `page_table_entry`\n\nerror[E0432]: unresolved import `page_table_entry::loongarch64`\n --> /mnt/check/batch_3/arceos-org/page_table_multiarch/page_table_multiarch/src/arch/loongarch64.rs:6:23\n  |\n6 | use page_table_entry::loongarch64::LA64PTE;\n  |                       ^^^^^^^^^^^ could not find `loongarch64` in `page_table_entry`\n\nFor more information about this error, try `rustc --explain E0432`.\nerror: could not document `page_table_multiarch`\n\n-----\n\nerror: failed to build rustdoc for crate page_table_multiarch v0.6.0\nnote: this is usually due to a compilation error in the crate,\n      and is unlikely to be a bug in cargo-semver-checks\nnote: the following command can be used to reproduce the error:\n      cargo new --lib example &&\n          cd example &&\n          echo '[workspace]' >> Cargo.toml &&\n          cargo add --path /mnt/check/batch_3/arceos-org/page_table_multiarch/page_table_multiarch --features axerrno,copy-from,default &&\n          cargo check --target aarch64-unknown-none &&\n          cargo doc --target aarch64-unknown-none\n\nerror: aborting due to failure to build rustdoc for crate page_table_multiarch v0.6.0\n"
            ]
          }
        }
      ]
    },
    {
      "user": "arceos-org",
      "repo": "page_table_multiarch",
      "pkg": "page_table_entry",
      "count": 3,
      "raw_reports": [
        {
          "file": "(virtual) semver-checks",
          "features": "",
          "count": 1,
          "kinds": {
            "Cargo": [
              "// pkg_name=page_table_entry, checker=SemverChecks\n// toolchain=nightly-2025-12-06-x86_64-unknown-linux-gnu, target=aarch64-unknown-none\n// features=\n// pkg_dir=/mnt/check/batch_3/arceos-org/page_table_multiarch/page_table_entry\n// cmd=cargo +nightly-2025-12-06-x86_64-unknown-linux-gnu semver-checks --target aarch64-unknown-none \n// timestamp=2026-01-18 4:40:10.158780325 +08:00:00\n    Building page_table_entry v0.6.0 (current)\nerror: running cargo-doc on crate 'page_table_entry' failed with output:\n-----\n    Checking tock-registers v0.9.0\n    Checking memory_addr v0.4.1\n    Checking bitflags v2.10.0\n    Checking aarch64-cpu v10.0.0\n Documenting page_table_entry v0.6.0 (/mnt/check/batch_3/arceos-org/page_table_multiarch/page_table_entry)\nerror[E0433]: failed to resolve: use of unresolved module or unlinked crate `x86_64`\n --> /mnt/check/batch_3/arceos-org/page_table_multiarch/page_table_entry/src/arch/x86_64.rs:6:9\n  |\n6 | pub use x86_64::structures::paging::page_table::PageTableFlags as PTF;\n  |         ^^^^^^ use of unresolved module or unlinked crate `x86_64`\n  |\nhelp: to make use of source file /mnt/check/batch_3/arceos-org/page_table_multiarch/page_table_entry/src/arch/x86_64.rs, use `mod x86_64` in this file to declare the module\n --> /mnt/check/batch_3/arceos-org/page_table_multiarch/page_table_entry/src/lib.rs:5:1\n  |\n5 + mod x86_64;\n  |\n\nFor more information about this error, try `rustc --explain E0433`.\nerror: could not document `page_table_entry`\n\n-----\n\nerror: failed to build rustdoc for crate page_table_entry v0.6.0\nnote: this is usually due to a compilation error in the crate,\n      and is unlikely to be a bug in cargo-semver-checks\nnote: the following command can be used to reproduce the error:\n      cargo new --lib example &&\n          cd example &&\n          echo '[workspace]' >> Cargo.toml &&\n          cargo add --path /mnt/check/batch_3/arceos-org/page_table_multiarch/page_table_entry --features arm-el2 &&\n          cargo check --target aarch64-unknown-none &&\n          cargo doc --target aarch64-unknown-none\n\nerror: aborting due to failure to build rustdoc for crate page_table_entry v0.6.0\n"
            ]
          }
        },
        {
          "file": "[outdated direct dependencies]",
          "features": "",
          "count": 1,
          "kinds": {
            "Outdated": [
              "pkg=page_table_entry, checker=Outdated\ntoolchain=nightly-2025-12-06-x86_64-unknown-linux-gnu, target=aarch64-unknown-none\nfeatures=\npkg_dir=/mnt/check/batch_3/arceos-org/page_table_multiarch/page_table_entry\ncmd=cargo +nightly-2025-12-06-x86_64-unknown-linux-gnu outdated -R --exit-code=2\ntimestamp=2026-01-18 4:40:53.29238929 +08:00:00\n\nName         Project  Compat  Latest  Kind    Platform\n----         -------  ------  ------  ----    --------\naarch64-cpu  10.0.0   ---     11.2.0  Normal  cfg(any(target_arch = \"aarch64\", doc, docsrs))\nx86_64       0.15.3   0.15.4  0.15.4  Normal  cfg(any(target_arch = \"x86_64\", doc, docsrs))\n"
            ]
          }
        },
        {
          "file": "[semver checks violation]",
          "features": "",
          "count": 1,
          "kinds": {
            "Semver Violation": [
              "pkg=page_table_entry, checker=SemverChecks\ntoolchain=nightly-2025-12-06-x86_64-unknown-linux-gnu, target=aarch64-unknown-none\nfeatures=\npkg_dir=/mnt/check/batch_3/arceos-org/page_table_multiarch/page_table_entry\ncmd=cargo +nightly-2025-12-06-x86_64-unknown-linux-gnu semver-checks --target aarch64-unknown-none \ntimestamp=2026-01-18 4:40:12.159551418 +08:00:00\n\n\nstdout:\n\nstderr:\n    Building page_table_entry v0.6.0 (current)\nerror: running cargo-doc on crate 'page_table_entry' failed with output:\n-----\n    Checking tock-registers v0.9.0\n    Checking memory_addr v0.4.1\n    Checking bitflags v2.10.0\n    Checking aarch64-cpu v10.0.0\n Documenting page_table_entry v0.6.0 (/mnt/check/batch_3/arceos-org/page_table_multiarch/page_table_entry)\nerror[E0433]: failed to resolve: use of unresolved module or unlinked crate `x86_64`\n --> /mnt/check/batch_3/arceos-org/page_table_multiarch/page_table_entry/src/arch/x86_64.rs:6:9\n  |\n6 | pub use x86_64::structures::paging::page_table::PageTableFlags as PTF;\n  |         ^^^^^^ use of unresolved module or unlinked crate `x86_64`\n  |\nhelp: to make use of source file /mnt/check/batch_3/arceos-org/page_table_multiarch/page_table_entry/src/arch/x86_64.rs, use `mod x86_64` in this file to declare the module\n --> /mnt/check/batch_3/arceos-org/page_table_multiarch/page_table_entry/src/lib.rs:5:1\n  |\n5 + mod x86_64;\n  |\n\nFor more information about this error, try `rustc --explain E0433`.\nerror: could not document `page_table_entry`\n\n-----\n\nerror: failed to build rustdoc for crate page_table_entry v0.6.0\nnote: this is usually due to a compilation error in the crate,\n      and is unlikely to be a bug in cargo-semver-checks\nnote: the following command can be used to reproduce the error:\n      cargo new --lib example &&\n          cd example &&\n          echo '[workspace]' >> Cargo.toml &&\n          cargo add --path /mnt/check/batch_3/arceos-org/page_table_multiarch/page_table_entry --features arm-el2 &&\n          cargo check --target aarch64-unknown-none &&\n          cargo doc --target aarch64-unknown-none\n\nerror: aborting due to failure to build rustdoc for crate page_table_entry v0.6.0\n"
            ]
          }
        }
      ]
    }
  ],
  "kinds_order": [
    "Cargo",
    "Clippy(Error)",
    "Clippy(Warn)",
    "Semver Violation",
    "Audit",
    "Mirai",
    "Rapx",
    "Rudra",
    "Lockbud(Probably)",
    "Lockbud(Possibly)",
    "Atomvchecker",
    "Outdated",
    "Geiger",
    "Unused Deps",
    "Unformatted"
  ]
}