{"repo":{"user":"arceos-org","repo":"page_table_multiarch"},"data":[{"user":"arceos-org","repo":"page_table_multiarch","pkg":"page_table_multiarch","count":3,"raw_reports":[{"file":"(virtual) semver-checks","count":1,"kinds":{"Cargo":["// pkg_name=page_table_multiarch, checker=SemverChecks\n// toolchain=nightly-2025-01-07-x86_64-unknown-linux-gnu, target=riscv64gc-unknown-none-elf\n// pkg_dir=/home/runner/check/batch_26/arceos-org/page_table_multiarch/page_table_multiarch\n// cmd=cargo +nightly-2025-01-07-x86_64-unknown-linux-gnu semver-checks --target riscv64gc-unknown-none-elf\n// timestamp=2025-01-20 4:25:43.869269105 +08:00:00\n    Building page_table_multiarch v0.5.1 (current)\nerror: running cargo-doc on crate 'page_table_multiarch' failed with output:\n-----\n   Compiling paste v1.0.15\n   Compiling riscv v0.12.1\n    Checking embedded-hal v1.0.0\n    Checking critical-section v1.2.0\n    Checking memory_addr v0.3.1\n    Checking riscv-pac v0.2.0\n    Checking bitflags v2.8.0\n    Checking log v0.4.25\n    Checking page_table_entry v0.5.1 (/home/runner/check/batch_26/arceos-org/page_table_multiarch/page_table_entry)\n Documenting page_table_multiarch v0.5.1 (/home/runner/check/batch_26/arceos-org/page_table_multiarch/page_table_multiarch)\nerror[E0432]: unresolved import `page_table_entry::x86_64`\n --> /home/runner/check/batch_26/arceos-org/page_table_multiarch/page_table_multiarch/src/arch/x86_64.rs:4:23\n  |\n4 | use page_table_entry::x86_64::X64PTE;\n  |                       ^^^^^^ could not find `x86_64` in `page_table_entry`\n\nerror[E0432]: unresolved import `page_table_entry::aarch64`\n --> /home/runner/check/batch_26/arceos-org/page_table_multiarch/page_table_multiarch/src/arch/aarch64.rs:4:23\n  |\n4 | use page_table_entry::aarch64::A64PTE;\n  |                       ^^^^^^^ could not find `aarch64` in `page_table_entry`\n\nerror[E0432]: unresolved import `page_table_entry::loongarch64`\n --> /home/runner/check/batch_26/arceos-org/page_table_multiarch/page_table_multiarch/src/arch/loongarch64.rs:5:23\n  |\n5 | use page_table_entry::loongarch64::LA64PTE;\n  |                       ^^^^^^^^^^^ could not find `loongarch64` in `page_table_entry`\n\nFor more information about this error, try `rustc --explain E0432`.\nerror: could not document `page_table_multiarch`\n\n-----\n\nerror: failed to build rustdoc for crate page_table_multiarch v0.5.1\nnote: this is usually due to a compilation error in the crate,\n      and is unlikely to be a bug in cargo-semver-checks\nnote: the following command can be used to reproduce the compilation error:\n      cargo new --lib example &&\n          cd example &&\n          echo '[workspace]' >> Cargo.toml &&\n          cargo add --path /home/runner/check/batch_26/arceos-org/page_table_multiarch/page_table_multiarch &&\n          cargo check\n\nerror: aborting due to failure to build rustdoc for crate page_table_multiarch v0.5.1\n"]}},{"file":"[semver checks]","count":1,"kinds":{"Semver Violation":["pkg=page_table_multiarch, checker=SemverChecks\ntoolchain=nightly-2025-01-07-x86_64-unknown-linux-gnu, target=riscv64gc-unknown-none-elf\npkg_dir=/home/runner/check/batch_26/arceos-org/page_table_multiarch/page_table_multiarch\ncmd=cargo +nightly-2025-01-07-x86_64-unknown-linux-gnu semver-checks --target riscv64gc-unknown-none-elf\ntimestamp=2025-01-20 4:25:44.808375044 +08:00:00\n\n\nstdout:\n\nstderr:\n    Building page_table_multiarch v0.5.1 (current)\nerror: running cargo-doc on crate 'page_table_multiarch' failed with output:\n-----\n   Compiling paste v1.0.15\n   Compiling riscv v0.12.1\n    Checking embedded-hal v1.0.0\n    Checking critical-section v1.2.0\n    Checking memory_addr v0.3.1\n    Checking riscv-pac v0.2.0\n    Checking bitflags v2.8.0\n    Checking log v0.4.25\n    Checking page_table_entry v0.5.1 (/home/runner/check/batch_26/arceos-org/page_table_multiarch/page_table_entry)\n Documenting page_table_multiarch v0.5.1 (/home/runner/check/batch_26/arceos-org/page_table_multiarch/page_table_multiarch)\nerror[E0432]: unresolved import `page_table_entry::x86_64`\n --> /home/runner/check/batch_26/arceos-org/page_table_multiarch/page_table_multiarch/src/arch/x86_64.rs:4:23\n  |\n4 | use page_table_entry::x86_64::X64PTE;\n  |                       ^^^^^^ could not find `x86_64` in `page_table_entry`\n\nerror[E0432]: unresolved import `page_table_entry::aarch64`\n --> /home/runner/check/batch_26/arceos-org/page_table_multiarch/page_table_multiarch/src/arch/aarch64.rs:4:23\n  |\n4 | use page_table_entry::aarch64::A64PTE;\n  |                       ^^^^^^^ could not find `aarch64` in `page_table_entry`\n\nerror[E0432]: unresolved import `page_table_entry::loongarch64`\n --> /home/runner/check/batch_26/arceos-org/page_table_multiarch/page_table_multiarch/src/arch/loongarch64.rs:5:23\n  |\n5 | use page_table_entry::loongarch64::LA64PTE;\n  |                       ^^^^^^^^^^^ could not find `loongarch64` in `page_table_entry`\n\nFor more information about this error, try `rustc --explain E0432`.\nerror: could not document `page_table_multiarch`\n\n-----\n\nerror: failed to build rustdoc for crate page_table_multiarch v0.5.1\nnote: this is usually due to a compilation error in the crate,\n      and is unlikely to be a bug in cargo-semver-checks\nnote: the following command can be used to reproduce the compilation error:\n      cargo new --lib example &&\n          cd example &&\n          echo '[workspace]' >> Cargo.toml &&\n          cargo add --path /home/runner/check/batch_26/arceos-org/page_table_multiarch/page_table_multiarch &&\n          cargo check\n\nerror: aborting due to failure to build rustdoc for crate page_table_multiarch v0.5.1\n"]}},{"file":"page_table_multiarch/src/arch/riscv.rs","count":1,"kinds":{"Clippy(Warn)":["warning: useless conversion to the same type: `memory_addr::VirtAddr`\n  --> page_table_multiarch/src/arch/riscv.rs:26:43\n   |\n26 |         riscv_flush_tlb(vaddr.map(|vaddr| vaddr.into()))\n   |                                           ^^^^^^^^^^^^ help: consider removing `.into()`: `vaddr`\n   |\n   = help: for further information visit https://rust-lang.github.io/rust-clippy/master/index.html#useless_conversion\n   = note: `#[warn(clippy::useless_conversion)]` on by default\n\n"]}}]},{"user":"arceos-org","repo":"page_table_multiarch","pkg":"page_table_entry","count":2,"raw_reports":[{"file":"(virtual) semver-checks","count":1,"kinds":{"Cargo":["// pkg_name=page_table_entry, checker=SemverChecks\n// toolchain=nightly-2025-01-07-x86_64-unknown-linux-gnu, target=riscv64gc-unknown-none-elf\n// pkg_dir=/home/runner/check/batch_26/arceos-org/page_table_multiarch/page_table_entry\n// cmd=cargo +nightly-2025-01-07-x86_64-unknown-linux-gnu semver-checks --target riscv64gc-unknown-none-elf\n// timestamp=2025-01-20 4:25:38.175071546 +08:00:00\n    Building page_table_entry v0.5.1 (current)\nerror: running cargo-doc on crate 'page_table_entry' failed with output:\n-----\n    Checking memory_addr v0.3.1\n    Checking bitflags v2.8.0\n Documenting page_table_entry v0.5.1 (/home/runner/check/batch_26/arceos-org/page_table_multiarch/page_table_entry)\nerror[E0433]: failed to resolve: use of undeclared crate or module `x86_64`\n --> /home/runner/check/batch_26/arceos-org/page_table_multiarch/page_table_entry/src/arch/x86_64.rs:6:9\n  |\n6 | pub use x86_64::structures::paging::page_table::PageTableFlags as PTF;\n  |         ^^^^^^ use of undeclared crate or module `x86_64`\n\nerror[E0433]: failed to resolve: use of undeclared crate or module `aarch64_cpu`\n --> /home/runner/check/batch_26/arceos-org/page_table_multiarch/page_table_entry/src/arch/aarch64.rs:3:5\n  |\n3 | use aarch64_cpu::registers::MAIR_EL1;\n  |     ^^^^^^^^^^^ use of undeclared crate or module `aarch64_cpu`\n\nFor more information about this error, try `rustc --explain E0433`.\nerror: could not document `page_table_entry`\n\n-----\n\nerror: failed to build rustdoc for crate page_table_entry v0.5.1\nnote: this is usually due to a compilation error in the crate,\n      and is unlikely to be a bug in cargo-semver-checks\nnote: the following command can be used to reproduce the compilation error:\n      cargo new --lib example &&\n          cd example &&\n          echo '[workspace]' >> Cargo.toml &&\n          cargo add --path /home/runner/check/batch_26/arceos-org/page_table_multiarch/page_table_entry --features arm-el2 &&\n          cargo check\n\nerror: aborting due to failure to build rustdoc for crate page_table_entry v0.5.1\n"]}},{"file":"[semver checks]","count":1,"kinds":{"Semver Violation":["pkg=page_table_entry, checker=SemverChecks\ntoolchain=nightly-2025-01-07-x86_64-unknown-linux-gnu, target=riscv64gc-unknown-none-elf\npkg_dir=/home/runner/check/batch_26/arceos-org/page_table_multiarch/page_table_entry\ncmd=cargo +nightly-2025-01-07-x86_64-unknown-linux-gnu semver-checks --target riscv64gc-unknown-none-elf\ntimestamp=2025-01-20 4:25:38.54149465 +08:00:00\n\n\nstdout:\n\nstderr:\n    Building page_table_entry v0.5.1 (current)\nerror: running cargo-doc on crate 'page_table_entry' failed with output:\n-----\n    Checking memory_addr v0.3.1\n    Checking bitflags v2.8.0\n Documenting page_table_entry v0.5.1 (/home/runner/check/batch_26/arceos-org/page_table_multiarch/page_table_entry)\nerror[E0433]: failed to resolve: use of undeclared crate or module `x86_64`\n --> /home/runner/check/batch_26/arceos-org/page_table_multiarch/page_table_entry/src/arch/x86_64.rs:6:9\n  |\n6 | pub use x86_64::structures::paging::page_table::PageTableFlags as PTF;\n  |         ^^^^^^ use of undeclared crate or module `x86_64`\n\nerror[E0433]: failed to resolve: use of undeclared crate or module `aarch64_cpu`\n --> /home/runner/check/batch_26/arceos-org/page_table_multiarch/page_table_entry/src/arch/aarch64.rs:3:5\n  |\n3 | use aarch64_cpu::registers::MAIR_EL1;\n  |     ^^^^^^^^^^^ use of undeclared crate or module `aarch64_cpu`\n\nFor more information about this error, try `rustc --explain E0433`.\nerror: could not document `page_table_entry`\n\n-----\n\nerror: failed to build rustdoc for crate page_table_entry v0.5.1\nnote: this is usually due to a compilation error in the crate,\n      and is unlikely to be a bug in cargo-semver-checks\nnote: the following command can be used to reproduce the compilation error:\n      cargo new --lib example &&\n          cd example &&\n          echo '[workspace]' >> Cargo.toml &&\n          cargo add --path /home/runner/check/batch_26/arceos-org/page_table_multiarch/page_table_entry --features arm-el2 &&\n          cargo check\n\nerror: aborting due to failure to build rustdoc for crate page_table_entry v0.5.1\n"]}}]}],"kinds_order":["Cargo","Clippy(Error)","Clippy(Warn)","Semver Violation","Audit","Mirai","Rapx","Rudra","Lockbud(Probably)","Lockbud(Possibly)","Outdated","Geiger","Unformatted"]}