{"repo":{"user":"arceos-org","repo":"page_table_multiarch"},"data":[{"user":"arceos-org","repo":"page_table_multiarch","pkg":"page_table_multiarch","count":3,"raw_reports":[{"file":"(virtual) semver-checks","count":1,"kinds":{"Cargo":["// pkg_name=page_table_multiarch, checker=SemverChecks\n// toolchain=nightly-2024-10-12-x86_64-unknown-linux-gnu, target=x86_64-unknown-linux-gnu\n// pkg_dir=/home/runner/check/batch_7/arceos-org/page_table_multiarch/page_table_multiarch\n// cmd=cargo +nightly-2024-10-12-x86_64-unknown-linux-gnu semver-checks --target x86_64-unknown-linux-gnu\n     Parsing page_table_multiarch v0.4.1 (current)\nerror: running cargo-doc on crate page_table_multiarch failed with output:\n-----\n   Compiling rustversion v1.0.18\n    Checking bit_field v0.10.2\n   Compiling x86 v0.52.0\n    Checking bitflags v1.3.2\n    Checking bitflags v2.6.0\n    Checking volatile v0.4.6\n    Checking raw-cpuid v10.7.0\n    Checking memory_addr v0.3.1\n    Checking log v0.4.22\n    Checking x86_64 v0.15.2\nerror[E0053]: method `steps_between` has an incompatible type for trait\n   --> /home/runner/.cargo/registry/src/index.crates.io-6f17d22bba15001f/x86_64-0.15.2/src/addr.rs:406:51\n    |\n406 |     fn steps_between(start: &Self, end: &Self) -> (usize, Option<usize>) {\n    |                                                   ^^^^^^^^^^^^^^^^^^^^^^ expected `Option<usize>`, found `(usize, Option<usize>)`\n    |\n    = note: expected signature `fn(&addr::VirtAddr, &addr::VirtAddr) -> Option<usize>`\n               found signature `fn(&addr::VirtAddr, &addr::VirtAddr) -> (usize, Option<usize>)`\nhelp: change the output type to match the trait\n    |\n406 |     fn steps_between(start: &Self, end: &Self) -> Option<usize> {\n    |                                                   ~~~~~~~~~~~~~\n\nerror[E0053]: method `steps_between` has an incompatible type for trait\n   --> /home/runner/.cargo/registry/src/index.crates.io-6f17d22bba15001f/x86_64-0.15.2/src/structures/paging/page.rs:307:51\n    |\n307 |     fn steps_between(start: &Self, end: &Self) -> (usize, Option<usize>) {\n    |                                                   ^^^^^^^^^^^^^^^^^^^^^^ expected `Option<usize>`, found `(usize, Option<usize>)`\n    |\n    = note: expected signature `fn(&page::Page<_>, &page::Page<_>) -> Option<usize>`\n               found signature `fn(&page::Page<_>, &page::Page<_>) -> (usize, Option<usize>)`\nhelp: change the output type to match the trait\n    |\n307 |     fn steps_between(start: &Self, end: &Self) -> Option<usize> {\n    |                                                   ~~~~~~~~~~~~~\n\nerror[E0053]: method `steps_between` has an incompatible type for trait\n   --> /home/runner/.cargo/registry/src/index.crates.io-6f17d22bba15001f/x86_64-0.15.2/src/structures/paging/page_table.rs:356:51\n    |\n356 |     fn steps_between(start: &Self, end: &Self) -> (usize, Option<usize>) {\n    |                                                   ^^^^^^^^^^^^^^^^^^^^^^ expected `Option<usize>`, found `(usize, Option<usize>)`\n    |\n    = note: expected signature `fn(&PageTableIndex, &PageTableIndex) -> Option<usize>`\n               found signature `fn(&PageTableIndex, &PageTableIndex) -> (usize, Option<usize>)`\nhelp: change the output type to match the trait\n    |\n356 |     fn steps_between(start: &Self, end: &Self) -> Option<usize> {\n    |                                                   ~~~~~~~~~~~~~\n\nerror[E0308]: mismatched types\n   --> /home/runner/.cargo/registry/src/index.crates.io-6f17d22bba15001f/x86_64-0.15.2/src/structures/paging/page_table.rs:357:9\n    |\n356 |     fn steps_between(start: &Self, end: &Self) -> (usize, Option<usize>) {\n    |                                                   ---------------------- expected `(usize, Option<usize>)` because of return type\n357 |         Step::steps_between(&start.0, &end.0)\n    |         ^^^^^^^^^^^^^^^^^^^^^^^^^^^^^^^^^^^^^ expected `(usize, Option<usize>)`, found `Option<usize>`\n    |\n    = note: expected tuple `(usize, Option<usize>)`\n                found enum `Option<usize>`\n\nSome errors have detailed explanations: E0053, E0308.\nFor more information about an error, try `rustc --explain E0053`.\nerror: could not compile `x86_64` (lib) due to 4 previous errors\nwarning: build failed, waiting for other jobs to finish...\n\n-----\n\nerror: failed to build rustdoc for crate page_table_multiarch v0.4.1\nnote: this is usually due to a compilation error in the crate,\n      and is unlikely to be a bug in cargo-semver-checks\nnote: the following command can be used to reproduce the compilation error:\n      cargo new --lib example &&\n          cd example &&\n          echo '[workspace]' >> Cargo.toml &&\n          cargo add --path /home/runner/check/batch_7/arceos-org/page_table_multiarch/page_table_multiarch --no-default-features &&\n          cargo check\n\nerror: aborting due to failure to build rustdoc for crate page_table_multiarch v0.4.1\n"]}},{"file":"[lockbud] Not supported to display yet.","count":1,"kinds":{"Lockbud(Possibly)":["[2024-11-22T10:20:27Z WARN  lockbud::callbacks] [\n      {\n        \"AtomicityViolation\": {\n          \"bug_kind\": \"AtomicityViolation\",\n          \"possibility\": \"Possibly\",\n          \"diagnosis\": {\n            \"fn_name\": \"set_logger_racy\",\n            \"atomic_reader\": \"/home/runner/.cargo/registry/src/index.crates.io-6f17d22bba15001f/log-0.4.22/src/lib.rs:1447:11: 1447:40 (#0)\",\n            \"atomic_writer\": \"/home/runner/.cargo/registry/src/index.crates.io-6f17d22bba15001f/log-0.4.22/src/lib.rs:1450:13: 1450:56 (#0)\",\n            \"dep_kind\": \"Control\"\n          },\n          \"explanation\": \"atomic::store is data/control dependent on atomic::load\"\n        }\n      }\n    ]\n[2024-11-22T10:20:27Z WARN  lockbud::callbacks] crate log contains bugs: { probably: 0, possibly: 0 }, conflictlock: { probably: 0, possibly: 0 }, condvar_deadlock: { probably: 0, possibly: 0 }, atomicity_violation: { possibly: 1 }, invalid_free: { possibly: 0 }, use_after_free: { possibly: 0 }"]}},{"file":"[semver checks]","count":1,"kinds":{"Semver Violation":["pkg=page_table_multiarch, checker=SemverChecks\ntoolchain=nightly-2024-10-12-x86_64-unknown-linux-gnu, target=x86_64-unknown-linux-gnu\npkg_dir=/home/runner/check/batch_7/arceos-org/page_table_multiarch/page_table_multiarch\ncmd=cargo +nightly-2024-10-12-x86_64-unknown-linux-gnu semver-checks --target x86_64-unknown-linux-gnu\n\n\nstdout:\n\nstderr:\n     Parsing page_table_multiarch v0.4.1 (current)\nerror: running cargo-doc on crate page_table_multiarch failed with output:\n-----\n   Compiling rustversion v1.0.18\n    Checking bit_field v0.10.2\n   Compiling x86 v0.52.0\n    Checking bitflags v1.3.2\n    Checking bitflags v2.6.0\n    Checking volatile v0.4.6\n    Checking raw-cpuid v10.7.0\n    Checking memory_addr v0.3.1\n    Checking log v0.4.22\n    Checking x86_64 v0.15.2\nerror[E0053]: method `steps_between` has an incompatible type for trait\n   --> /home/runner/.cargo/registry/src/index.crates.io-6f17d22bba15001f/x86_64-0.15.2/src/addr.rs:406:51\n    |\n406 |     fn steps_between(start: &Self, end: &Self) -> (usize, Option<usize>) {\n    |                                                   ^^^^^^^^^^^^^^^^^^^^^^ expected `Option<usize>`, found `(usize, Option<usize>)`\n    |\n    = note: expected signature `fn(&addr::VirtAddr, &addr::VirtAddr) -> Option<usize>`\n               found signature `fn(&addr::VirtAddr, &addr::VirtAddr) -> (usize, Option<usize>)`\nhelp: change the output type to match the trait\n    |\n406 |     fn steps_between(start: &Self, end: &Self) -> Option<usize> {\n    |                                                   ~~~~~~~~~~~~~\n\nerror[E0053]: method `steps_between` has an incompatible type for trait\n   --> /home/runner/.cargo/registry/src/index.crates.io-6f17d22bba15001f/x86_64-0.15.2/src/structures/paging/page.rs:307:51\n    |\n307 |     fn steps_between(start: &Self, end: &Self) -> (usize, Option<usize>) {\n    |                                                   ^^^^^^^^^^^^^^^^^^^^^^ expected `Option<usize>`, found `(usize, Option<usize>)`\n    |\n    = note: expected signature `fn(&page::Page<_>, &page::Page<_>) -> Option<usize>`\n               found signature `fn(&page::Page<_>, &page::Page<_>) -> (usize, Option<usize>)`\nhelp: change the output type to match the trait\n    |\n307 |     fn steps_between(start: &Self, end: &Self) -> Option<usize> {\n    |                                                   ~~~~~~~~~~~~~\n\nerror[E0053]: method `steps_between` has an incompatible type for trait\n   --> /home/runner/.cargo/registry/src/index.crates.io-6f17d22bba15001f/x86_64-0.15.2/src/structures/paging/page_table.rs:356:51\n    |\n356 |     fn steps_between(start: &Self, end: &Self) -> (usize, Option<usize>) {\n    |                                                   ^^^^^^^^^^^^^^^^^^^^^^ expected `Option<usize>`, found `(usize, Option<usize>)`\n    |\n    = note: expected signature `fn(&PageTableIndex, &PageTableIndex) -> Option<usize>`\n               found signature `fn(&PageTableIndex, &PageTableIndex) -> (usize, Option<usize>)`\nhelp: change the output type to match the trait\n    |\n356 |     fn steps_between(start: &Self, end: &Self) -> Option<usize> {\n    |                                                   ~~~~~~~~~~~~~\n\nerror[E0308]: mismatched types\n   --> /home/runner/.cargo/registry/src/index.crates.io-6f17d22bba15001f/x86_64-0.15.2/src/structures/paging/page_table.rs:357:9\n    |\n356 |     fn steps_between(start: &Self, end: &Self) -> (usize, Option<usize>) {\n    |                                                   ---------------------- expected `(usize, Option<usize>)` because of return type\n357 |         Step::steps_between(&start.0, &end.0)\n    |         ^^^^^^^^^^^^^^^^^^^^^^^^^^^^^^^^^^^^^ expected `(usize, Option<usize>)`, found `Option<usize>`\n    |\n    = note: expected tuple `(usize, Option<usize>)`\n                found enum `Option<usize>`\n\nSome errors have detailed explanations: E0053, E0308.\nFor more information about an error, try `rustc --explain E0053`.\nerror: could not compile `x86_64` (lib) due to 4 previous errors\nwarning: build failed, waiting for other jobs to finish...\n\n-----\n\nerror: failed to build rustdoc for crate page_table_multiarch v0.4.1\nnote: this is usually due to a compilation error in the crate,\n      and is unlikely to be a bug in cargo-semver-checks\nnote: the following command can be used to reproduce the compilation error:\n      cargo new --lib example &&\n          cd example &&\n          echo '[workspace]' >> Cargo.toml &&\n          cargo add --path /home/runner/check/batch_7/arceos-org/page_table_multiarch/page_table_multiarch --no-default-features &&\n          cargo check\n\nerror: aborting due to failure to build rustdoc for crate page_table_multiarch v0.4.1\n"]}}]},{"user":"arceos-org","repo":"page_table_multiarch","pkg":"page_table_entry","count":2,"raw_reports":[{"file":"(virtual) semver-checks","count":1,"kinds":{"Cargo":["// pkg_name=page_table_entry, checker=SemverChecks\n// toolchain=nightly-2024-10-12-x86_64-unknown-linux-gnu, target=x86_64-unknown-linux-gnu\n// pkg_dir=/home/runner/check/batch_7/arceos-org/page_table_multiarch/page_table_entry\n// cmd=cargo +nightly-2024-10-12-x86_64-unknown-linux-gnu semver-checks --target x86_64-unknown-linux-gnu\n     Parsing page_table_entry v0.4.1 (current)\nerror: running cargo-doc on crate page_table_entry failed with output:\n-----\n   Compiling rustversion v1.0.18\n    Checking volatile v0.4.6\n    Checking bit_field v0.10.2\n    Checking bitflags v2.6.0\n    Checking memory_addr v0.3.1\n    Checking x86_64 v0.15.2\nerror[E0053]: method `steps_between` has an incompatible type for trait\n   --> /home/runner/.cargo/registry/src/index.crates.io-6f17d22bba15001f/x86_64-0.15.2/src/addr.rs:406:51\n    |\n406 |     fn steps_between(start: &Self, end: &Self) -> (usize, Option<usize>) {\n    |                                                   ^^^^^^^^^^^^^^^^^^^^^^ expected `Option<usize>`, found `(usize, Option<usize>)`\n    |\n    = note: expected signature `fn(&addr::VirtAddr, &addr::VirtAddr) -> Option<usize>`\n               found signature `fn(&addr::VirtAddr, &addr::VirtAddr) -> (usize, Option<usize>)`\nhelp: change the output type to match the trait\n    |\n406 |     fn steps_between(start: &Self, end: &Self) -> Option<usize> {\n    |                                                   ~~~~~~~~~~~~~\n\nerror[E0053]: method `steps_between` has an incompatible type for trait\n   --> /home/runner/.cargo/registry/src/index.crates.io-6f17d22bba15001f/x86_64-0.15.2/src/structures/paging/page.rs:307:51\n    |\n307 |     fn steps_between(start: &Self, end: &Self) -> (usize, Option<usize>) {\n    |                                                   ^^^^^^^^^^^^^^^^^^^^^^ expected `Option<usize>`, found `(usize, Option<usize>)`\n    |\n    = note: expected signature `fn(&page::Page<_>, &page::Page<_>) -> Option<usize>`\n               found signature `fn(&page::Page<_>, &page::Page<_>) -> (usize, Option<usize>)`\nhelp: change the output type to match the trait\n    |\n307 |     fn steps_between(start: &Self, end: &Self) -> Option<usize> {\n    |                                                   ~~~~~~~~~~~~~\n\nerror[E0053]: method `steps_between` has an incompatible type for trait\n   --> /home/runner/.cargo/registry/src/index.crates.io-6f17d22bba15001f/x86_64-0.15.2/src/structures/paging/page_table.rs:356:51\n    |\n356 |     fn steps_between(start: &Self, end: &Self) -> (usize, Option<usize>) {\n    |                                                   ^^^^^^^^^^^^^^^^^^^^^^ expected `Option<usize>`, found `(usize, Option<usize>)`\n    |\n    = note: expected signature `fn(&PageTableIndex, &PageTableIndex) -> Option<usize>`\n               found signature `fn(&PageTableIndex, &PageTableIndex) -> (usize, Option<usize>)`\nhelp: change the output type to match the trait\n    |\n356 |     fn steps_between(start: &Self, end: &Self) -> Option<usize> {\n    |                                                   ~~~~~~~~~~~~~\n\nerror[E0308]: mismatched types\n   --> /home/runner/.cargo/registry/src/index.crates.io-6f17d22bba15001f/x86_64-0.15.2/src/structures/paging/page_table.rs:357:9\n    |\n356 |     fn steps_between(start: &Self, end: &Self) -> (usize, Option<usize>) {\n    |                                                   ---------------------- expected `(usize, Option<usize>)` because of return type\n357 |         Step::steps_between(&start.0, &end.0)\n    |         ^^^^^^^^^^^^^^^^^^^^^^^^^^^^^^^^^^^^^ expected `(usize, Option<usize>)`, found `Option<usize>`\n    |\n    = note: expected tuple `(usize, Option<usize>)`\n                found enum `Option<usize>`\n\nSome errors have detailed explanations: E0053, E0308.\nFor more information about an error, try `rustc --explain E0053`.\nerror: could not compile `x86_64` (lib) due to 4 previous errors\n\n-----\n\nerror: failed to build rustdoc for crate page_table_entry v0.4.1\nnote: this is usually due to a compilation error in the crate,\n      and is unlikely to be a bug in cargo-semver-checks\nnote: the following command can be used to reproduce the compilation error:\n      cargo new --lib example &&\n          cd example &&\n          echo '[workspace]' >> Cargo.toml &&\n          cargo add --path /home/runner/check/batch_7/arceos-org/page_table_multiarch/page_table_entry --no-default-features --features arm-el2 &&\n          cargo check\n\nerror: aborting due to failure to build rustdoc for crate page_table_entry v0.4.1\n"]}},{"file":"[semver checks]","count":1,"kinds":{"Semver Violation":["pkg=page_table_entry, checker=SemverChecks\ntoolchain=nightly-2024-10-12-x86_64-unknown-linux-gnu, target=x86_64-unknown-linux-gnu\npkg_dir=/home/runner/check/batch_7/arceos-org/page_table_multiarch/page_table_entry\ncmd=cargo +nightly-2024-10-12-x86_64-unknown-linux-gnu semver-checks --target x86_64-unknown-linux-gnu\n\n\nstdout:\n\nstderr:\n     Parsing page_table_entry v0.4.1 (current)\nerror: running cargo-doc on crate page_table_entry failed with output:\n-----\n   Compiling rustversion v1.0.18\n    Checking volatile v0.4.6\n    Checking bit_field v0.10.2\n    Checking bitflags v2.6.0\n    Checking memory_addr v0.3.1\n    Checking x86_64 v0.15.2\nerror[E0053]: method `steps_between` has an incompatible type for trait\n   --> /home/runner/.cargo/registry/src/index.crates.io-6f17d22bba15001f/x86_64-0.15.2/src/addr.rs:406:51\n    |\n406 |     fn steps_between(start: &Self, end: &Self) -> (usize, Option<usize>) {\n    |                                                   ^^^^^^^^^^^^^^^^^^^^^^ expected `Option<usize>`, found `(usize, Option<usize>)`\n    |\n    = note: expected signature `fn(&addr::VirtAddr, &addr::VirtAddr) -> Option<usize>`\n               found signature `fn(&addr::VirtAddr, &addr::VirtAddr) -> (usize, Option<usize>)`\nhelp: change the output type to match the trait\n    |\n406 |     fn steps_between(start: &Self, end: &Self) -> Option<usize> {\n    |                                                   ~~~~~~~~~~~~~\n\nerror[E0053]: method `steps_between` has an incompatible type for trait\n   --> /home/runner/.cargo/registry/src/index.crates.io-6f17d22bba15001f/x86_64-0.15.2/src/structures/paging/page.rs:307:51\n    |\n307 |     fn steps_between(start: &Self, end: &Self) -> (usize, Option<usize>) {\n    |                                                   ^^^^^^^^^^^^^^^^^^^^^^ expected `Option<usize>`, found `(usize, Option<usize>)`\n    |\n    = note: expected signature `fn(&page::Page<_>, &page::Page<_>) -> Option<usize>`\n               found signature `fn(&page::Page<_>, &page::Page<_>) -> (usize, Option<usize>)`\nhelp: change the output type to match the trait\n    |\n307 |     fn steps_between(start: &Self, end: &Self) -> Option<usize> {\n    |                                                   ~~~~~~~~~~~~~\n\nerror[E0053]: method `steps_between` has an incompatible type for trait\n   --> /home/runner/.cargo/registry/src/index.crates.io-6f17d22bba15001f/x86_64-0.15.2/src/structures/paging/page_table.rs:356:51\n    |\n356 |     fn steps_between(start: &Self, end: &Self) -> (usize, Option<usize>) {\n    |                                                   ^^^^^^^^^^^^^^^^^^^^^^ expected `Option<usize>`, found `(usize, Option<usize>)`\n    |\n    = note: expected signature `fn(&PageTableIndex, &PageTableIndex) -> Option<usize>`\n               found signature `fn(&PageTableIndex, &PageTableIndex) -> (usize, Option<usize>)`\nhelp: change the output type to match the trait\n    |\n356 |     fn steps_between(start: &Self, end: &Self) -> Option<usize> {\n    |                                                   ~~~~~~~~~~~~~\n\nerror[E0308]: mismatched types\n   --> /home/runner/.cargo/registry/src/index.crates.io-6f17d22bba15001f/x86_64-0.15.2/src/structures/paging/page_table.rs:357:9\n    |\n356 |     fn steps_between(start: &Self, end: &Self) -> (usize, Option<usize>) {\n    |                                                   ---------------------- expected `(usize, Option<usize>)` because of return type\n357 |         Step::steps_between(&start.0, &end.0)\n    |         ^^^^^^^^^^^^^^^^^^^^^^^^^^^^^^^^^^^^^ expected `(usize, Option<usize>)`, found `Option<usize>`\n    |\n    = note: expected tuple `(usize, Option<usize>)`\n                found enum `Option<usize>`\n\nSome errors have detailed explanations: E0053, E0308.\nFor more information about an error, try `rustc --explain E0053`.\nerror: could not compile `x86_64` (lib) due to 4 previous errors\n\n-----\n\nerror: failed to build rustdoc for crate page_table_entry v0.4.1\nnote: this is usually due to a compilation error in the crate,\n      and is unlikely to be a bug in cargo-semver-checks\nnote: the following command can be used to reproduce the compilation error:\n      cargo new --lib example &&\n          cd example &&\n          echo '[workspace]' >> Cargo.toml &&\n          cargo add --path /home/runner/check/batch_7/arceos-org/page_table_multiarch/page_table_entry --no-default-features --features arm-el2 &&\n          cargo check\n\nerror: aborting due to failure to build rustdoc for crate page_table_entry v0.4.1\n"]}}]}],"kinds_order":["Cargo","Clippy(Error)","Clippy(Warn)","Semver Violation","Audit","Mirai","Rap","Rudra","Lockbud(Probably)","Lockbud(Possibly)","Outdated","Geiger","Unformatted"]}