{"repo":{"user":"shilei-massclouds","repo":"mutex"},"data":[{"user":"shilei-massclouds","repo":"mutex","pkg":"mutex","count":15,"raw_reports":[{"file":"(virtual) lockbud","count":3,"kinds":{"Cargo":["// pkg_name=mutex, checker=Lockbud\n// toolchain=nightly-2024-01-18, target=riscv64gc-unknown-none-elf\n// pkg_dir=/home/runner/check/batch_17/shilei-massclouds/mutex/mutex\n// cmd=cargo +nightly-2024-10-05 lockbud -k all -- --target riscv64gc-unknown-none-elf\n// timestamp=2024-12-29 1:54:39.100986423 +08:00:00\n   Compiling cfg-if v1.0.0\n   Compiling bit_field v0.10.2\n   Compiling nb v1.1.0\n   Compiling void v1.0.2\n   Compiling static_assertions v1.1.0\n   Compiling nb v0.1.3\n   Compiling riscv v0.10.1\n   Compiling sbi-spec v0.0.4\n   Compiling embedded-hal v0.2.7\n   Compiling axconfig v0.1.0 (ssh://git@github.com/shilei-massclouds/axconfig.git#51b81e4a)\n   Compiling critical-section v1.2.0\n   Compiling log v0.4.22\n   Compiling sbi-rt v0.0.2\n   Compiling early_console v0.1.0 (ssh://git@github.com/shilei-massclouds/early_console#8bc0d219)\n   Compiling kernel_guard_base v0.1.0 (ssh://git@github.com/shilei-massclouds/kernel_guard_base#4e672f3e)\n   Compiling bitflags v2.6.0\n   Compiling axerrno v0.1.0 (ssh://git@github.com/shilei-massclouds/axerrno#892169aa)\n   Compiling spinbase v0.1.0 (ssh://git@github.com/shilei-massclouds/spinbase#a3496db8)\n[2024-12-28T17:54:39Z WARN  lockbud::callbacks] [\n      {\n        \"AtomicityViolation\": {\n          \"bug_kind\": \"AtomicityViolation\",\n          \"possibility\": \"Possibly\",\n          \"diagnosis\": {\n            \"fn_name\": \"set_logger_racy\",\n            \"atomic_reader\": \"/home/runner/.cargo/registry/src/index.crates.io-6f17d22bba15001f/log-0.4.22/src/lib.rs:1447:11: 1447:40 (#0)\",\n            \"atomic_writer\": \"/home/runner/.cargo/registry/src/index.crates.io-6f17d22bba15001f/log-0.4.22/src/lib.rs:1450:13: 1450:56 (#0)\",\n            \"dep_kind\": \"Control\"\n          },\n          \"explanation\": \"atomic::store is data/control dependent on atomic::load\"\n        }\n      }\n    ]\n[2024-12-28T17:54:39Z WARN  lockbud::callbacks] crate log contains bugs: { probably: 0, possibly: 0 }, conflictlock: { probably: 0, possibly: 0 }, condvar_deadlock: { probably: 0, possibly: 0 }, atomicity_violation: { possibly: 1 }, invalid_free: { possibly: 0 }, use_after_free: { possibly: 0 }\n   Compiling percpu2 v0.1.0 (ssh://git@github.com/shilei-massclouds/percpu2#2fa7f00e)\n   Compiling percpu_macros2 v0.1.0 (ssh://git@github.com/shilei-massclouds/percpu2#2fa7f00e)\n   Compiling axhal v0.1.0 (ssh://git@github.com/shilei-massclouds/axhal.git#db90ff50)\n   Compiling const-default v1.0.0\n   Compiling ratio v0.1.0 (ssh://git@github.com/shilei-massclouds/ratio#bc2f2303)\n   Compiling memory_addr v0.1.0 (ssh://git@github.com/shilei-massclouds/memory_addr#8d24a00e)\n   Compiling lazy_init v0.1.0 (ssh://git@github.com/shilei-massclouds/lazy_init#3cee00cf)\n   Compiling rlsf v0.2.1\n   Compiling bitmap-allocator v0.1.0 (https://github.com/rcore-os/bitmap-allocator.git?rev=88e871a#88e871a5)\nerror[E0432]: unresolved imports `platform::getchar`, `platform::putchar`\n  --> /home/runner/.cargo/git/checkouts/early_console-7e3c35ca140a48a7/8bc0d21/early_console/src/lib.rs:12:20\n   |\n12 | pub use platform::{getchar, putchar};\n   |                    ^^^^^^^  ^^^^^^^ no `putchar` in `platform`\n   |                    |\n   |                    no `getchar` in `platform`\n\n   Compiling tock-registers v0.8.1\nerror[E0433]: failed to resolve: unresolved import\n  --> /home/runner/.cargo/git/checkouts/early_console-7e3c35ca140a48a7/8bc0d21/early_console/src/platform/dummy/mod.rs:31:69\n   |\n31 |     pub(crate) fn platform_regions() -> impl Iterator<Item = crate::mem::MemRegion> {\n   |                                                                     ^^^\n   |                                                                     |\n   |                                                                     unresolved import\n   |                                                                     help: a similar path exists: `core::mem`\n\nerror[E0425]: cannot find function `putchar` in module `platform`\n  --> /home/runner/.cargo/git/checkouts/early_console-7e3c35ca140a48a7/8bc0d21/early_console/src/lib.rs:23:19\n   |\n23 |         platform::putchar(*c);\n   |                   ^^^^^^^ not found in `platform`\n   |\nhelp: consider importing this function\n   |\n12 + use crate::platform::console::putchar;\n   |\nhelp: if you import `putchar`, refer to it directly\n   |\n23 -         platform::putchar(*c);\n23 +         putchar(*c);\n   |\n\nerror[E0425]: cannot find function `getchar` in module `platform`\n  --> /home/runner/.cargo/git/checkouts/early_console-7e3c35ca140a48a7/8bc0d21/early_console/src/lib.rs:31:36\n   |\n31 |         if let Some(c) = platform::getchar() {\n   |                                    ^^^^^^^ not found in `platform`\n   |\nhelp: consider importing this function\n   |\n12 + use crate::platform::console::getchar;\n   |\nhelp: if you import `getchar`, refer to it directly\n   |\n31 -         if let Some(c) = platform::getchar() {\n31 +         if let Some(c) = getchar() {\n   |\n\nSome errors have detailed explanations: E0425, E0432, E0433.\nFor more information about an error, try `rustc --explain E0425`.\nerror: could not compile `early_console` (lib) due to 4 previous errors\nwarning: build failed, waiting for other jobs to finish...\n","// pkg_name=mutex, checker=Lockbud\n// toolchain=nightly-2024-01-18, target=aarch64-unknown-none-softfloat\n// pkg_dir=/home/runner/check/batch_17/shilei-massclouds/mutex/mutex\n// cmd=cargo +nightly-2024-10-05 lockbud -k all -- --target aarch64-unknown-none-softfloat\n// timestamp=2024-12-29 1:54:31.270012461 +08:00:00\n   Compiling serde v1.0.217\n   Compiling equivalent v1.0.1\n   Compiling hashbrown v0.15.2\n   Compiling winnow v0.5.40\n   Compiling toml_datetime v0.6.8\n   Compiling proc-macro2 v1.0.92\n   Compiling unicode-ident v1.0.14\n   Compiling indexmap v2.7.0\n   Compiling quote v1.0.38\n   Compiling cfg-if v1.0.0\n   Compiling log v0.4.22\n   Compiling syn v1.0.109\n[2024-12-28T17:54:33Z WARN  lockbud::callbacks] [\n      {\n        \"AtomicityViolation\": {\n          \"bug_kind\": \"AtomicityViolation\",\n          \"possibility\": \"Possibly\",\n          \"diagnosis\": {\n            \"fn_name\": \"set_logger_racy\",\n            \"atomic_reader\": \"/home/runner/.cargo/registry/src/index.crates.io-6f17d22bba15001f/log-0.4.22/src/lib.rs:1447:11: 1447:40 (#0)\",\n            \"atomic_writer\": \"/home/runner/.cargo/registry/src/index.crates.io-6f17d22bba15001f/log-0.4.22/src/lib.rs:1450:13: 1450:56 (#0)\",\n            \"dep_kind\": \"Control\"\n          },\n          \"explanation\": \"atomic::store is data/control dependent on atomic::load\"\n        }\n      }\n    ]\n[2024-12-28T17:54:33Z WARN  lockbud::callbacks] crate log contains bugs: { probably: 0, possibly: 0 }, conflictlock: { probably: 0, possibly: 0 }, condvar_deadlock: { probably: 0, possibly: 0 }, atomicity_violation: { possibly: 1 }, invalid_free: { possibly: 0 }, use_after_free: { possibly: 0 }\n   Compiling kernel_guard_base v0.1.0 (ssh://git@github.com/shilei-massclouds/kernel_guard_base#4e672f3e)\n   Compiling syn v2.0.92\n   Compiling toml_edit v0.19.15\n   Compiling bitflags v2.6.0\n   Compiling percpu2 v0.1.0 (ssh://git@github.com/shilei-massclouds/percpu2#2fa7f00e)\n   Compiling axerrno v0.1.0 (ssh://git@github.com/shilei-massclouds/axerrno#892169aa)\n   Compiling spinbase v0.1.0 (ssh://git@github.com/shilei-massclouds/spinbase#a3496db8)\n   Compiling base64 v0.13.1\n   Compiling tock-registers v0.8.1\n   Compiling unicode-width v0.1.14\n   Compiling aarch64-cpu v9.4.0\n   Compiling svgbobdoc v0.3.0\n   Compiling axconfig v0.1.0 (ssh://git@github.com/shilei-massclouds/axconfig.git#51b81e4a)\n   Compiling const-default v1.0.0\n   Compiling bit_field v0.10.2\n   Compiling ratio v0.1.0 (ssh://git@github.com/shilei-massclouds/ratio#bc2f2303)\n   Compiling early_console v0.1.0 (ssh://git@github.com/shilei-massclouds/early_console#8bc0d219)\n   Compiling axhal v0.1.0 (ssh://git@github.com/shilei-massclouds/axhal.git#db90ff50)\nerror[E0583]: file not found for module `aarch64_common`\n --> /home/runner/.cargo/git/checkouts/early_console-7e3c35ca140a48a7/8bc0d21/early_console/src/platform/mod.rs:5:9\n  |\n5 |         mod aarch64_common;\n  |         ^^^^^^^^^^^^^^^^^^^\n  |\n  = help: to create the module `aarch64_common`, create file \"/home/runner/.cargo/git/checkouts/early_console-7e3c35ca140a48a7/8bc0d21/early_console/src/platform/aarch64_common.rs\" or \"/home/runner/.cargo/git/checkouts/early_console-7e3c35ca140a48a7/8bc0d21/early_console/src/platform/aarch64_common/mod.rs\"\n  = note: if there is a `mod aarch64_common` elsewhere in the crate already, import it with `use crate::...` instead\n\nerror[E0432]: unresolved imports `platform::getchar`, `platform::putchar`\n  --> /home/runner/.cargo/git/checkouts/early_console-7e3c35ca140a48a7/8bc0d21/early_console/src/lib.rs:12:20\n   |\n12 | pub use platform::{getchar, putchar};\n   |                    ^^^^^^^  ^^^^^^^ no `putchar` in `platform`\n   |                    |\n   |                    no `getchar` in `platform`\n\nerror[E0433]: failed to resolve: unresolved import\n  --> /home/runner/.cargo/git/checkouts/early_console-7e3c35ca140a48a7/8bc0d21/early_console/src/platform/dummy/mod.rs:31:69\n   |\n31 |     pub(crate) fn platform_regions() -> impl Iterator<Item = crate::mem::MemRegion> {\n   |                                                                     ^^^\n   |                                                                     |\n   |                                                                     unresolved import\n   |                                                                     help: a similar path exists: `core::mem`\n\nerror[E0425]: cannot find function `putchar` in module `platform`\n  --> /home/runner/.cargo/git/checkouts/early_console-7e3c35ca140a48a7/8bc0d21/early_console/src/lib.rs:23:19\n   |\n23 |         platform::putchar(*c);\n   |                   ^^^^^^^ not found in `platform`\n   |\nhelp: consider importing this function\n   |\n12 + use crate::platform::console::putchar;\n   |\nhelp: if you import `putchar`, refer to it directly\n   |\n23 -         platform::putchar(*c);\n23 +         putchar(*c);\n   |\n\nerror[E0425]: cannot find function `getchar` in module `platform`\n  --> /home/runner/.cargo/git/checkouts/early_console-7e3c35ca140a48a7/8bc0d21/early_console/src/lib.rs:31:36\n   |\n31 |         if let Some(c) = platform::getchar() {\n   |                                    ^^^^^^^ not found in `platform`\n   |\nhelp: consider importing this function\n   |\n12 + use crate::platform::console::getchar;\n   |\nhelp: if you import `getchar`, refer to it directly\n   |\n31 -         if let Some(c) = platform::getchar() {\n31 +         if let Some(c) = getchar() {\n   |\n\nSome errors have detailed explanations: E0425, E0432, E0433, E0583.\nFor more information about an error, try `rustc --explain E0425`.\nerror: could not compile `early_console` (lib) due to 5 previous errors\nwarning: build failed, waiting for other jobs to finish...\n","// pkg_name=mutex, checker=Lockbud\n// toolchain=nightly-2024-01-18, target=x86_64-unknown-none\n// pkg_dir=/home/runner/check/batch_17/shilei-massclouds/mutex/mutex\n// cmd=cargo +nightly-2024-10-05 lockbud -k all -- --target x86_64-unknown-none\n// timestamp=2024-12-29 1:54:40.003650757 +08:00:00\n   Compiling bit_field v0.10.2\n   Compiling cfg-if v1.0.0\n   Compiling rustversion v1.0.19\n   Compiling bitflags v2.6.0\n   Compiling volatile v0.4.6\n   Compiling bitflags v1.3.2\n   Compiling kernel_guard_base v0.1.0 (ssh://git@github.com/shilei-massclouds/kernel_guard_base#4e672f3e)\n   Compiling raw-cpuid v10.7.0\n   Compiling axconfig v0.1.0 (ssh://git@github.com/shilei-massclouds/axconfig.git#51b81e4a)\n   Compiling paste v1.0.15\n   Compiling log v0.4.22\n[2024-12-28T17:54:40Z WARN  lockbud::callbacks] [\n      {\n        \"AtomicityViolation\": {\n          \"bug_kind\": \"AtomicityViolation\",\n          \"possibility\": \"Possibly\",\n          \"diagnosis\": {\n            \"fn_name\": \"set_logger_racy\",\n            \"atomic_reader\": \"/home/runner/.cargo/registry/src/index.crates.io-6f17d22bba15001f/log-0.4.22/src/lib.rs:1447:11: 1447:40 (#0)\",\n            \"atomic_writer\": \"/home/runner/.cargo/registry/src/index.crates.io-6f17d22bba15001f/log-0.4.22/src/lib.rs:1450:13: 1450:56 (#0)\",\n            \"dep_kind\": \"Control\"\n          },\n          \"explanation\": \"atomic::store is data/control dependent on atomic::load\"\n        }\n      }\n    ]\n[2024-12-28T17:54:40Z WARN  lockbud::callbacks] crate log contains bugs: { probably: 0, possibly: 0 }, conflictlock: { probably: 0, possibly: 0 }, condvar_deadlock: { probably: 0, possibly: 0 }, atomicity_violation: { possibly: 1 }, invalid_free: { possibly: 0 }, use_after_free: { possibly: 0 }\n   Compiling x86 v0.52.0\n   Compiling spinbase v0.1.0 (ssh://git@github.com/shilei-massclouds/spinbase#a3496db8)\n   Compiling early_console v0.1.0 (ssh://git@github.com/shilei-massclouds/early_console#8bc0d219)\n   Compiling axerrno v0.1.0 (ssh://git@github.com/shilei-massclouds/axerrno#892169aa)\n   Compiling percpu2 v0.1.0 (ssh://git@github.com/shilei-massclouds/percpu2#2fa7f00e)\n   Compiling bit v0.1.1\n   Compiling axhal v0.1.0 (ssh://git@github.com/shilei-massclouds/axhal.git#db90ff50)\n   Compiling raw-cpuid v11.2.0\n   Compiling x86_64 v0.14.13\n   Compiling lazy_init v0.1.0 (ssh://git@github.com/shilei-massclouds/lazy_init#3cee00cf)\n   Compiling memory_addr v0.1.0 (ssh://git@github.com/shilei-massclouds/memory_addr#8d24a00e)\n   Compiling const-default v1.0.0\n   Compiling static_assertions v1.1.0\nerror[E0053]: method `steps_between` has an incompatible type for trait\n   --> /home/runner/.cargo/registry/src/index.crates.io-6f17d22bba15001f/x86_64-0.14.13/src/addr.rs:387:51\n    |\n387 |     fn steps_between(start: &Self, end: &Self) -> (usize, Option<usize>) {\n    |                                                   ^^^^^^^^^^^^^^^^^^^^^^ expected `core::option::Option<usize>`, found `(usize, Option<usize>)`\n    |\n    = note: expected signature `fn(&addr::VirtAddr, &addr::VirtAddr) -> core::option::Option<usize>`\n               found signature `fn(&addr::VirtAddr, &addr::VirtAddr) -> (usize, core::option::Option<usize>)`\nhelp: change the output type to match the trait\n    |\n387 |     fn steps_between(start: &Self, end: &Self) -> core::option::Option<usize> {\n    |                                                   ~~~~~~~~~~~~~~~~~~~~~~~~~~~\n\nerror[E0053]: method `steps_between` has an incompatible type for trait\n   --> /home/runner/.cargo/registry/src/index.crates.io-6f17d22bba15001f/x86_64-0.14.13/src/structures/paging/page.rs:284:51\n    |\n284 |     fn steps_between(start: &Self, end: &Self) -> (usize, Option<usize>) {\n    |                                                   ^^^^^^^^^^^^^^^^^^^^^^ expected `core::option::Option<usize>`, found `(usize, Option<usize>)`\n    |\n    = note: expected signature `fn(&structures::paging::page::Page<_>, &structures::paging::page::Page<_>) -> core::option::Option<usize>`\n               found signature `fn(&structures::paging::page::Page<_>, &structures::paging::page::Page<_>) -> (usize, core::option::Option<usize>)`\nhelp: change the output type to match the trait\n    |\n284 |     fn steps_between(start: &Self, end: &Self) -> core::option::Option<usize> {\n    |                                                   ~~~~~~~~~~~~~~~~~~~~~~~~~~~\n\n   Compiling ratio v0.1.0 (ssh://git@github.com/shilei-massclouds/ratio#bc2f2303)\n   Compiling rlsf v0.2.1\n   Compiling bitmap-allocator v0.1.0 (https://github.com/rcore-os/bitmap-allocator.git?rev=88e871a#88e871a5)\n   Compiling tock-registers v0.8.1\nFor more information about this error, try `rustc --explain E0053`.\nerror: could not compile `x86_64` (lib) due to 2 previous errors\nwarning: build failed, waiting for other jobs to finish...\n"]}},{"file":"(virtual) rap","count":3,"kinds":{"Cargo":["// pkg_name=mutex, checker=Rap\n// toolchain=nightly-2024-01-18, target=aarch64-unknown-none-softfloat\n// pkg_dir=/home/runner/check/batch_17/shilei-massclouds/mutex/mutex\n// cmd=cargo +nightly-2024-10-12 rap -F -M -- --target aarch64-unknown-none-softfloat\n// timestamp=2024-12-29 1:54:50.308553475 +08:00:00\n   Compiling equivalent v1.0.1\n   Compiling hashbrown v0.15.2\n   Compiling serde v1.0.217\n   Compiling toml_datetime v0.6.8\n   Compiling winnow v0.5.40\n   Compiling proc-macro2 v1.0.92\n   Compiling indexmap v2.7.0\n   Compiling unicode-ident v1.0.14\n    Checking cfg-if v1.0.0\n   Compiling quote v1.0.38\n    Checking log v0.4.22\n   Compiling syn v1.0.109\n   Compiling toml_edit v0.19.15\n   Compiling syn v2.0.92\n    Checking kernel_guard_base v0.1.0 (ssh://git@github.com/shilei-massclouds/kernel_guard_base#4e672f3e)\n   Compiling percpu2 v0.1.0 (ssh://git@github.com/shilei-massclouds/percpu2#2fa7f00e)\n    Checking bitflags v2.6.0\n   Compiling axerrno v0.1.0 (ssh://git@github.com/shilei-massclouds/axerrno#892169aa)\n    Checking spinbase v0.1.0 (ssh://git@github.com/shilei-massclouds/spinbase#a3496db8)\n    Checking tock-registers v0.8.1\n   Compiling unicode-width v0.1.14\n   Compiling base64 v0.13.1\n    Checking aarch64-cpu v9.4.0\n   Compiling axconfig v0.1.0 (ssh://git@github.com/shilei-massclouds/axconfig.git#51b81e4a)\n   Compiling svgbobdoc v0.3.0\n    Checking static_assertions v1.1.0\n   Compiling early_console v0.1.0 (ssh://git@github.com/shilei-massclouds/early_console#8bc0d219)\n   Compiling axhal v0.1.0 (ssh://git@github.com/shilei-massclouds/axhal.git#db90ff50)\n    Checking ratio v0.1.0 (ssh://git@github.com/shilei-massclouds/ratio#bc2f2303)\nerror[E0583]: file not found for module `aarch64_common`\n --> /home/runner/.cargo/git/checkouts/early_console-7e3c35ca140a48a7/8bc0d21/early_console/src/platform/mod.rs:5:9\n  |\n5 |         mod aarch64_common;\n  |         ^^^^^^^^^^^^^^^^^^^\n  |\n  = help: to create the module `aarch64_common`, create file \"/home/runner/.cargo/git/checkouts/early_console-7e3c35ca140a48a7/8bc0d21/early_console/src/platform/aarch64_common.rs\" or \"/home/runner/.cargo/git/checkouts/early_console-7e3c35ca140a48a7/8bc0d21/early_console/src/platform/aarch64_common/mod.rs\"\n  = note: if there is a `mod aarch64_common` elsewhere in the crate already, import it with `use crate::...` instead\n\nerror[E0432]: unresolved imports `platform::getchar`, `platform::putchar`\n  --> /home/runner/.cargo/git/checkouts/early_console-7e3c35ca140a48a7/8bc0d21/early_console/src/lib.rs:12:20\n   |\n12 | pub use platform::{getchar, putchar};\n   |                    ^^^^^^^  ^^^^^^^ no `putchar` in `platform`\n   |                    |\n   |                    no `getchar` in `platform`\n\nerror[E0433]: failed to resolve: unresolved import\n  --> /home/runner/.cargo/git/checkouts/early_console-7e3c35ca140a48a7/8bc0d21/early_console/src/platform/dummy/mod.rs:31:69\n   |\n31 |     pub(crate) fn platform_regions() -> impl Iterator<Item = crate::mem::MemRegion> {\n   |                                                                     ^^^\n   |                                                                     |\n   |                                                                     unresolved import\n   |                                                                     help: a similar path exists: `core::mem`\n\nerror[E0425]: cannot find function `putchar` in module `platform`\n  --> /home/runner/.cargo/git/checkouts/early_console-7e3c35ca140a48a7/8bc0d21/early_console/src/lib.rs:23:19\n   |\n23 |         platform::putchar(*c);\n   |                   ^^^^^^^ not found in `platform`\n   |\nhelp: consider importing this function\n   |\n12 + use crate::platform::console::putchar;\n   |\nhelp: if you import `putchar`, refer to it directly\n   |\n23 -         platform::putchar(*c);\n23 +         putchar(*c);\n   |\n\nerror[E0425]: cannot find function `getchar` in module `platform`\n  --> /home/runner/.cargo/git/checkouts/early_console-7e3c35ca140a48a7/8bc0d21/early_console/src/lib.rs:31:36\n   |\n31 |         if let Some(c) = platform::getchar() {\n   |                                    ^^^^^^^ not found in `platform`\n   |\nhelp: consider importing this function\n   |\n12 + use crate::platform::console::getchar;\n   |\nhelp: if you import `getchar`, refer to it directly\n   |\n31 -         if let Some(c) = platform::getchar() {\n31 +         if let Some(c) = getchar() {\n   |\n\nSome errors have detailed explanations: E0425, E0432, E0433, E0583.\nFor more information about an error, try `rustc --explain E0425`.\nerror: could not compile `early_console` (lib) due to 5 previous errors\nwarning: build failed, waiting for other jobs to finish...\n17:54:57|RAP|ERROR|: Finished with non-zero exit code.\n","// pkg_name=mutex, checker=Rap\n// toolchain=nightly-2024-01-18, target=riscv64gc-unknown-none-elf\n// pkg_dir=/home/runner/check/batch_17/shilei-massclouds/mutex/mutex\n// cmd=cargo +nightly-2024-10-12 rap -F -M -- --target riscv64gc-unknown-none-elf\n// timestamp=2024-12-29 1:54:57.665436553 +08:00:00\n   Compiling equivalent v1.0.1\n   Compiling hashbrown v0.15.2\n   Compiling serde v1.0.217\n   Compiling winnow v0.5.40\n   Compiling toml_datetime v0.6.8\n   Compiling proc-macro2 v1.0.92\n   Compiling indexmap v2.7.0\n   Compiling unicode-ident v1.0.14\n    Checking cfg-if v1.0.0\n    Checking bit_field v0.10.2\n   Compiling quote v1.0.38\n   Compiling toml_edit v0.19.15\n    Checking nb v1.1.0\n   Compiling riscv v0.10.1\n    Checking nb v0.1.3\n    Checking static_assertions v1.1.0\n    Checking void v1.0.2\n    Checking sbi-spec v0.0.4\n    Checking embedded-hal v0.2.7\n    Checking log v0.4.22\n    Checking critical-section v1.2.0\n   Compiling syn v1.0.109\n    Checking sbi-rt v0.0.2\n   Compiling syn v2.0.92\n    Checking kernel_guard_base v0.1.0 (ssh://git@github.com/shilei-massclouds/kernel_guard_base#4e672f3e)\n    Checking bitflags v2.6.0\n   Compiling percpu2 v0.1.0 (ssh://git@github.com/shilei-massclouds/percpu2#2fa7f00e)\n   Compiling axerrno v0.1.0 (ssh://git@github.com/shilei-massclouds/axerrno#892169aa)\n    Checking spinbase v0.1.0 (ssh://git@github.com/shilei-massclouds/spinbase#a3496db8)\n   Compiling unicode-width v0.1.14\n   Compiling base64 v0.13.1\n    Checking lazy_init v0.1.0 (ssh://git@github.com/shilei-massclouds/lazy_init#3cee00cf)\n    Checking ratio v0.1.0 (ssh://git@github.com/shilei-massclouds/ratio#bc2f2303)\n    Checking memory_addr v0.1.0 (ssh://git@github.com/shilei-massclouds/memory_addr#8d24a00e)\n    Checking const-default v1.0.0\n    Checking bitmap-allocator v0.1.0 (https://github.com/rcore-os/bitmap-allocator.git?rev=88e871a#88e871a5)\n    Checking tock-registers v0.8.1\n    Checking aarch64-cpu v9.4.0\n   Compiling axconfig v0.1.0 (ssh://git@github.com/shilei-massclouds/axconfig.git#51b81e4a)\n   Compiling early_console v0.1.0 (ssh://git@github.com/shilei-massclouds/early_console#8bc0d219)\n   Compiling axhal v0.1.0 (ssh://git@github.com/shilei-massclouds/axhal.git#db90ff50)\nerror[E0432]: unresolved imports `platform::getchar`, `platform::putchar`\n  --> /home/runner/.cargo/git/checkouts/early_console-7e3c35ca140a48a7/8bc0d21/early_console/src/lib.rs:12:20\n   |\n12 | pub use platform::{getchar, putchar};\n   |                    ^^^^^^^  ^^^^^^^ no `putchar` in `platform`\n   |                    |\n   |                    no `getchar` in `platform`\n\nerror[E0433]: failed to resolve: unresolved import\n  --> /home/runner/.cargo/git/checkouts/early_console-7e3c35ca140a48a7/8bc0d21/early_console/src/platform/dummy/mod.rs:31:69\n   |\n31 |     pub(crate) fn platform_regions() -> impl Iterator<Item = crate::mem::MemRegion> {\n   |                                                                     ^^^\n   |                                                                     |\n   |                                                                     unresolved import\n   |                                                                     help: a similar path exists: `core::mem`\n\nerror[E0425]: cannot find function `putchar` in module `platform`\n  --> /home/runner/.cargo/git/checkouts/early_console-7e3c35ca140a48a7/8bc0d21/early_console/src/lib.rs:23:19\n   |\n23 |         platform::putchar(*c);\n   |                   ^^^^^^^ not found in `platform`\n   |\nhelp: consider importing this function\n   |\n12 + use crate::platform::console::putchar;\n   |\nhelp: if you import `putchar`, refer to it directly\n   |\n23 -         platform::putchar(*c);\n23 +         putchar(*c);\n   |\n\nerror[E0425]: cannot find function `getchar` in module `platform`\n  --> /home/runner/.cargo/git/checkouts/early_console-7e3c35ca140a48a7/8bc0d21/early_console/src/lib.rs:31:36\n   |\n31 |         if let Some(c) = platform::getchar() {\n   |                                    ^^^^^^^ not found in `platform`\n   |\nhelp: consider importing this function\n   |\n12 + use crate::platform::console::getchar;\n   |\nhelp: if you import `getchar`, refer to it directly\n   |\n31 -         if let Some(c) = platform::getchar() {\n31 +         if let Some(c) = getchar() {\n   |\n\nSome errors have detailed explanations: E0425, E0432, E0433.\nFor more information about an error, try `rustc --explain E0425`.\nerror: could not compile `early_console` (lib) due to 4 previous errors\nwarning: build failed, waiting for other jobs to finish...\n17:55:05|RAP|ERROR|: Finished with non-zero exit code.\n","// pkg_name=mutex, checker=Rap\n// toolchain=nightly-2024-01-18, target=x86_64-unknown-none\n// pkg_dir=/home/runner/check/batch_17/shilei-massclouds/mutex/mutex\n// cmd=cargo +nightly-2024-10-12 rap -F -M -- --target x86_64-unknown-none\n// timestamp=2024-12-29 1:55:05.320500219 +08:00:00\n   Compiling hashbrown v0.15.2\n   Compiling serde v1.0.217\n   Compiling equivalent v1.0.1\n   Compiling winnow v0.5.40\n   Compiling toml_datetime v0.6.8\n   Compiling proc-macro2 v1.0.92\n   Compiling indexmap v2.7.0\n   Compiling unicode-ident v1.0.14\n    Checking bit_field v0.10.2\n    Checking cfg-if v1.0.0\n   Compiling quote v1.0.38\n   Compiling toml_edit v0.19.15\n   Compiling rustversion v1.0.19\n    Checking bitflags v2.6.0\n    Checking volatile v0.4.6\n    Checking bitflags v1.3.2\n    Checking raw-cpuid v10.7.0\n    Checking x86_64 v0.14.13\n    Checking kernel_guard_base v0.1.0 (ssh://git@github.com/shilei-massclouds/kernel_guard_base#4e672f3e)\n   Compiling x86 v0.52.0\n   Compiling syn v1.0.109\nerror[E0053]: method `steps_between` has an incompatible type for trait\n   --> /home/runner/.cargo/registry/src/index.crates.io-6f17d22bba15001f/x86_64-0.14.13/src/addr.rs:387:51\n    |\n387 |     fn steps_between(start: &Self, end: &Self) -> (usize, Option<usize>) {\n    |                                                   ^^^^^^^^^^^^^^^^^^^^^^ expected `Option<usize>`, found `(usize, Option<usize>)`\n    |\n    = note: expected signature `fn(&addr::VirtAddr, &addr::VirtAddr) -> Option<usize>`\n               found signature `fn(&addr::VirtAddr, &addr::VirtAddr) -> (usize, Option<usize>)`\nhelp: change the output type to match the trait\n    |\n387 |     fn steps_between(start: &Self, end: &Self) -> Option<usize> {\n    |                                                   ~~~~~~~~~~~~~\n\n   Compiling paste v1.0.15\nerror[E0053]: method `steps_between` has an incompatible type for trait\n   --> /home/runner/.cargo/registry/src/index.crates.io-6f17d22bba15001f/x86_64-0.14.13/src/structures/paging/page.rs:284:51\n    |\n284 |     fn steps_between(start: &Self, end: &Self) -> (usize, Option<usize>) {\n    |                                                   ^^^^^^^^^^^^^^^^^^^^^^ expected `Option<usize>`, found `(usize, Option<usize>)`\n    |\n    = note: expected signature `fn(&Page<_>, &Page<_>) -> Option<usize>`\n               found signature `fn(&Page<_>, &Page<_>) -> (usize, Option<usize>)`\nhelp: change the output type to match the trait\n    |\n284 |     fn steps_between(start: &Self, end: &Self) -> Option<usize> {\n    |                                                   ~~~~~~~~~~~~~\n\n    Checking log v0.4.22\n    Checking spinbase v0.1.0 (ssh://git@github.com/shilei-massclouds/spinbase#a3496db8)\n   Compiling syn v2.0.92\n   Compiling percpu2 v0.1.0 (ssh://git@github.com/shilei-massclouds/percpu2#2fa7f00e)\n   Compiling axerrno v0.1.0 (ssh://git@github.com/shilei-massclouds/axerrno#892169aa)\nFor more information about this error, try `rustc --explain E0053`.\nerror: could not compile `x86_64` (lib) due to 2 previous errors\nwarning: build failed, waiting for other jobs to finish...\n17:55:12|RAP|ERROR|: Finished with non-zero exit code.\n"]}},{"file":"(virtual) semver-checks","count":3,"kinds":{"Cargo":["// pkg_name=mutex, checker=SemverChecks\n// toolchain=nightly-2024-01-18, target=aarch64-unknown-none-softfloat\n// pkg_dir=/home/runner/check/batch_17/shilei-massclouds/mutex/mutex\n// cmd=cargo +nightly-2024-12-26-x86_64-unknown-linux-gnu semver-checks --target aarch64-unknown-none-softfloat\n// timestamp=2024-12-29 1:54:15.425527063 +08:00:00\n    Building mutex v0.1.0 (current)\nerror: running cargo-doc on crate 'mutex' failed with output:\n-----\nerror: output of --print=file-names missing when learning about target-specific information from rustc\ncommand was: `/home/runner/.rustup/toolchains/nightly-2024-12-26-x86_64-unknown-linux-gnu/bin/rustc - --crate-name ___ --print=file-names --cap-lints=allow --target aarch64-unknown-none-softfloat --crate-type bin --crate-type rlib --crate-type dylib --crate-type cdylib --crate-type staticlib --crate-type proc-macro --print=sysroot --print=split-debuginfo --print=crate-name --print=cfg`\n\n--- stdout\n___\nlib___.rlib\nlib___.a\n/home/runner/.rustup/toolchains/nightly-2024-12-26-x86_64-unknown-linux-gnu\noff\n___\ndebug_assertions\nfmt_debug=\"full\"\noverflow_checks\npanic=\"abort\"\nproc_macro\nrelocation_model=\"static\"\ntarget_abi=\"softfloat\"\ntarget_arch=\"aarch64\"\ntarget_endian=\"little\"\ntarget_env=\"\"\ntarget_has_atomic\ntarget_has_atomic=\"128\"\ntarget_has_atomic=\"16\"\ntarget_has_atomic=\"32\"\ntarget_has_atomic=\"64\"\ntarget_has_atomic=\"8\"\ntarget_has_atomic=\"ptr\"\ntarget_has_atomic_equal_alignment=\"128\"\ntarget_has_atomic_equal_alignment=\"16\"\ntarget_has_atomic_equal_alignment=\"32\"\ntarget_has_atomic_equal_alignment=\"64\"\ntarget_has_atomic_equal_alignment=\"8\"\ntarget_has_atomic_equal_alignment=\"ptr\"\ntarget_has_atomic_load_store\ntarget_has_atomic_load_store=\"128\"\ntarget_has_atomic_load_store=\"16\"\ntarget_has_atomic_load_store=\"32\"\ntarget_has_atomic_load_store=\"64\"\ntarget_has_atomic_load_store=\"8\"\ntarget_has_atomic_load_store=\"ptr\"\ntarget_os=\"none\"\ntarget_pointer_width=\"64\"\ntarget_vendor=\"unknown\"\nub_checks\n\n\n-----\n\nerror: failed to build rustdoc for crate mutex v0.1.0\nnote: this is usually due to a compilation error in the crate,\n      and is unlikely to be a bug in cargo-semver-checks\nnote: the following command can be used to reproduce the compilation error:\n      cargo new --lib example &&\n          cd example &&\n          echo '[workspace]' >> Cargo.toml &&\n          cargo add --path /home/runner/check/batch_17/shilei-massclouds/mutex/mutex &&\n          cargo check\n\nerror: aborting due to failure to build rustdoc for crate mutex v0.1.0\n","// pkg_name=mutex, checker=SemverChecks\n// toolchain=nightly-2024-01-18, target=x86_64-unknown-none\n// pkg_dir=/home/runner/check/batch_17/shilei-massclouds/mutex/mutex\n// cmd=cargo +nightly-2024-12-26-x86_64-unknown-linux-gnu semver-checks --target x86_64-unknown-none\n// timestamp=2024-12-29 1:54:26.043962489 +08:00:00\n    Building mutex v0.1.0 (current)\nerror: running cargo-doc on crate 'mutex' failed with output:\n-----\nerror: output of --print=file-names missing when learning about target-specific information from rustc\ncommand was: `/home/runner/.rustup/toolchains/nightly-2024-12-26-x86_64-unknown-linux-gnu/bin/rustc - --crate-name ___ --print=file-names --cap-lints=allow --target x86_64-unknown-none --crate-type bin --crate-type rlib --crate-type dylib --crate-type cdylib --crate-type staticlib --crate-type proc-macro --print=sysroot --print=split-debuginfo --print=crate-name --print=cfg`\n\n--- stdout\n___\nlib___.rlib\nlib___.a\n/home/runner/.rustup/toolchains/nightly-2024-12-26-x86_64-unknown-linux-gnu\noff\n___\ndebug_assertions\nfmt_debug=\"full\"\noverflow_checks\npanic=\"abort\"\nproc_macro\nrelocation_model=\"pic\"\ntarget_abi=\"\"\ntarget_arch=\"x86_64\"\ntarget_endian=\"little\"\ntarget_env=\"\"\ntarget_feature=\"fxsr\"\ntarget_feature=\"x87\"\ntarget_has_atomic\ntarget_has_atomic=\"16\"\ntarget_has_atomic=\"32\"\ntarget_has_atomic=\"64\"\ntarget_has_atomic=\"8\"\ntarget_has_atomic=\"ptr\"\ntarget_has_atomic_equal_alignment=\"16\"\ntarget_has_atomic_equal_alignment=\"32\"\ntarget_has_atomic_equal_alignment=\"64\"\ntarget_has_atomic_equal_alignment=\"8\"\ntarget_has_atomic_equal_alignment=\"ptr\"\ntarget_has_atomic_load_store\ntarget_has_atomic_load_store=\"16\"\ntarget_has_atomic_load_store=\"32\"\ntarget_has_atomic_load_store=\"64\"\ntarget_has_atomic_load_store=\"8\"\ntarget_has_atomic_load_store=\"ptr\"\ntarget_os=\"none\"\ntarget_pointer_width=\"64\"\ntarget_vendor=\"unknown\"\nub_checks\n\n\n-----\n\nerror: failed to build rustdoc for crate mutex v0.1.0\nnote: this is usually due to a compilation error in the crate,\n      and is unlikely to be a bug in cargo-semver-checks\nnote: the following command can be used to reproduce the compilation error:\n      cargo new --lib example &&\n          cd example &&\n          echo '[workspace]' >> Cargo.toml &&\n          cargo add --path /home/runner/check/batch_17/shilei-massclouds/mutex/mutex &&\n          cargo check\n\nerror: aborting due to failure to build rustdoc for crate mutex v0.1.0\n","// pkg_name=mutex, checker=SemverChecks\n// toolchain=nightly-2024-01-18, target=riscv64gc-unknown-none-elf\n// pkg_dir=/home/runner/check/batch_17/shilei-massclouds/mutex/mutex\n// cmd=cargo +nightly-2024-12-26-x86_64-unknown-linux-gnu semver-checks --target riscv64gc-unknown-none-elf\n// timestamp=2024-12-29 1:54:20.726771488 +08:00:00\n    Building mutex v0.1.0 (current)\nerror: running cargo-doc on crate 'mutex' failed with output:\n-----\nerror: output of --print=file-names missing when learning about target-specific information from rustc\ncommand was: `/home/runner/.rustup/toolchains/nightly-2024-12-26-x86_64-unknown-linux-gnu/bin/rustc - --crate-name ___ --print=file-names --cap-lints=allow --target riscv64gc-unknown-none-elf --crate-type bin --crate-type rlib --crate-type dylib --crate-type cdylib --crate-type staticlib --crate-type proc-macro --print=sysroot --print=split-debuginfo --print=crate-name --print=cfg`\n\n--- stdout\n___\nlib___.rlib\nlib___.a\n/home/runner/.rustup/toolchains/nightly-2024-12-26-x86_64-unknown-linux-gnu\noff\n___\ndebug_assertions\nfmt_debug=\"full\"\noverflow_checks\npanic=\"abort\"\nproc_macro\nrelocation_model=\"static\"\ntarget_abi=\"\"\ntarget_arch=\"riscv64\"\ntarget_endian=\"little\"\ntarget_env=\"\"\ntarget_feature=\"a\"\ntarget_feature=\"c\"\ntarget_feature=\"d\"\ntarget_feature=\"f\"\ntarget_feature=\"m\"\ntarget_has_atomic\ntarget_has_atomic=\"16\"\ntarget_has_atomic=\"32\"\ntarget_has_atomic=\"64\"\ntarget_has_atomic=\"8\"\ntarget_has_atomic=\"ptr\"\ntarget_has_atomic_equal_alignment=\"16\"\ntarget_has_atomic_equal_alignment=\"32\"\ntarget_has_atomic_equal_alignment=\"64\"\ntarget_has_atomic_equal_alignment=\"8\"\ntarget_has_atomic_equal_alignment=\"ptr\"\ntarget_has_atomic_load_store\ntarget_has_atomic_load_store=\"16\"\ntarget_has_atomic_load_store=\"32\"\ntarget_has_atomic_load_store=\"64\"\ntarget_has_atomic_load_store=\"8\"\ntarget_has_atomic_load_store=\"ptr\"\ntarget_os=\"none\"\ntarget_pointer_width=\"64\"\ntarget_vendor=\"unknown\"\nub_checks\n\n\n-----\n\nerror: failed to build rustdoc for crate mutex v0.1.0\nnote: this is usually due to a compilation error in the crate,\n      and is unlikely to be a bug in cargo-semver-checks\nnote: the following command can be used to reproduce the compilation error:\n      cargo new --lib example &&\n          cd example &&\n          echo '[workspace]' >> Cargo.toml &&\n          cargo add --path /home/runner/check/batch_17/shilei-massclouds/mutex/mutex &&\n          cargo check\n\nerror: aborting due to failure to build rustdoc for crate mutex v0.1.0\n"]}},{"file":"[lockbud] Not supported to display yet.","count":3,"kinds":{"Lockbud(Possibly)":["[2024-12-28T17:54:33Z WARN  lockbud::callbacks] [\n      {\n        \"AtomicityViolation\": {\n          \"bug_kind\": \"AtomicityViolation\",\n          \"possibility\": \"Possibly\",\n          \"diagnosis\": {\n            \"fn_name\": \"set_logger_racy\",\n            \"atomic_reader\": \"/home/runner/.cargo/registry/src/index.crates.io-6f17d22bba15001f/log-0.4.22/src/lib.rs:1447:11: 1447:40 (#0)\",\n            \"atomic_writer\": \"/home/runner/.cargo/registry/src/index.crates.io-6f17d22bba15001f/log-0.4.22/src/lib.rs:1450:13: 1450:56 (#0)\",\n            \"dep_kind\": \"Control\"\n          },\n          \"explanation\": \"atomic::store is data/control dependent on atomic::load\"\n        }\n      }\n    ]\n[2024-12-28T17:54:33Z WARN  lockbud::callbacks] crate log contains bugs: { probably: 0, possibly: 0 }, conflictlock: { probably: 0, possibly: 0 }, condvar_deadlock: { probably: 0, possibly: 0 }, atomicity_violation: { possibly: 1 }, invalid_free: { possibly: 0 }, use_after_free: { possibly: 0 }","[2024-12-28T17:54:40Z WARN  lockbud::callbacks] [\n      {\n        \"AtomicityViolation\": {\n          \"bug_kind\": \"AtomicityViolation\",\n          \"possibility\": \"Possibly\",\n          \"diagnosis\": {\n            \"fn_name\": \"set_logger_racy\",\n            \"atomic_reader\": \"/home/runner/.cargo/registry/src/index.crates.io-6f17d22bba15001f/log-0.4.22/src/lib.rs:1447:11: 1447:40 (#0)\",\n            \"atomic_writer\": \"/home/runner/.cargo/registry/src/index.crates.io-6f17d22bba15001f/log-0.4.22/src/lib.rs:1450:13: 1450:56 (#0)\",\n            \"dep_kind\": \"Control\"\n          },\n          \"explanation\": \"atomic::store is data/control dependent on atomic::load\"\n        }\n      }\n    ]\n[2024-12-28T17:54:40Z WARN  lockbud::callbacks] crate log contains bugs: { probably: 0, possibly: 0 }, conflictlock: { probably: 0, possibly: 0 }, condvar_deadlock: { probably: 0, possibly: 0 }, atomicity_violation: { possibly: 1 }, invalid_free: { possibly: 0 }, use_after_free: { possibly: 0 }","[2024-12-28T17:54:39Z WARN  lockbud::callbacks] [\n      {\n        \"AtomicityViolation\": {\n          \"bug_kind\": \"AtomicityViolation\",\n          \"possibility\": \"Possibly\",\n          \"diagnosis\": {\n            \"fn_name\": \"set_logger_racy\",\n            \"atomic_reader\": \"/home/runner/.cargo/registry/src/index.crates.io-6f17d22bba15001f/log-0.4.22/src/lib.rs:1447:11: 1447:40 (#0)\",\n            \"atomic_writer\": \"/home/runner/.cargo/registry/src/index.crates.io-6f17d22bba15001f/log-0.4.22/src/lib.rs:1450:13: 1450:56 (#0)\",\n            \"dep_kind\": \"Control\"\n          },\n          \"explanation\": \"atomic::store is data/control dependent on atomic::load\"\n        }\n      }\n    ]\n[2024-12-28T17:54:39Z WARN  lockbud::callbacks] crate log contains bugs: { probably: 0, possibly: 0 }, conflictlock: { probably: 0, possibly: 0 }, condvar_deadlock: { probably: 0, possibly: 0 }, atomicity_violation: { possibly: 1 }, invalid_free: { possibly: 0 }, use_after_free: { possibly: 0 }"]}},{"file":"[semver checks]","count":3,"kinds":{"Semver Violation":["pkg=mutex, checker=SemverChecks\ntoolchain=nightly-2024-01-18, target=aarch64-unknown-none-softfloat\npkg_dir=/home/runner/check/batch_17/shilei-massclouds/mutex/mutex\ncmd=cargo +nightly-2024-12-26-x86_64-unknown-linux-gnu semver-checks --target aarch64-unknown-none-softfloat\n\n\nstdout:\n\nstderr:\n    Building mutex v0.1.0 (current)\nerror: running cargo-doc on crate 'mutex' failed with output:\n-----\nerror: output of --print=file-names missing when learning about target-specific information from rustc\ncommand was: `/home/runner/.rustup/toolchains/nightly-2024-12-26-x86_64-unknown-linux-gnu/bin/rustc - --crate-name ___ --print=file-names --cap-lints=allow --target aarch64-unknown-none-softfloat --crate-type bin --crate-type rlib --crate-type dylib --crate-type cdylib --crate-type staticlib --crate-type proc-macro --print=sysroot --print=split-debuginfo --print=crate-name --print=cfg`\n\n--- stdout\n___\nlib___.rlib\nlib___.a\n/home/runner/.rustup/toolchains/nightly-2024-12-26-x86_64-unknown-linux-gnu\noff\n___\ndebug_assertions\nfmt_debug=\"full\"\noverflow_checks\npanic=\"abort\"\nproc_macro\nrelocation_model=\"static\"\ntarget_abi=\"softfloat\"\ntarget_arch=\"aarch64\"\ntarget_endian=\"little\"\ntarget_env=\"\"\ntarget_has_atomic\ntarget_has_atomic=\"128\"\ntarget_has_atomic=\"16\"\ntarget_has_atomic=\"32\"\ntarget_has_atomic=\"64\"\ntarget_has_atomic=\"8\"\ntarget_has_atomic=\"ptr\"\ntarget_has_atomic_equal_alignment=\"128\"\ntarget_has_atomic_equal_alignment=\"16\"\ntarget_has_atomic_equal_alignment=\"32\"\ntarget_has_atomic_equal_alignment=\"64\"\ntarget_has_atomic_equal_alignment=\"8\"\ntarget_has_atomic_equal_alignment=\"ptr\"\ntarget_has_atomic_load_store\ntarget_has_atomic_load_store=\"128\"\ntarget_has_atomic_load_store=\"16\"\ntarget_has_atomic_load_store=\"32\"\ntarget_has_atomic_load_store=\"64\"\ntarget_has_atomic_load_store=\"8\"\ntarget_has_atomic_load_store=\"ptr\"\ntarget_os=\"none\"\ntarget_pointer_width=\"64\"\ntarget_vendor=\"unknown\"\nub_checks\n\n\n-----\n\nerror: failed to build rustdoc for crate mutex v0.1.0\nnote: this is usually due to a compilation error in the crate,\n      and is unlikely to be a bug in cargo-semver-checks\nnote: the following command can be used to reproduce the compilation error:\n      cargo new --lib example &&\n          cd example &&\n          echo '[workspace]' >> Cargo.toml &&\n          cargo add --path /home/runner/check/batch_17/shilei-massclouds/mutex/mutex &&\n          cargo check\n\nerror: aborting due to failure to build rustdoc for crate mutex v0.1.0\n","pkg=mutex, checker=SemverChecks\ntoolchain=nightly-2024-01-18, target=riscv64gc-unknown-none-elf\npkg_dir=/home/runner/check/batch_17/shilei-massclouds/mutex/mutex\ncmd=cargo +nightly-2024-12-26-x86_64-unknown-linux-gnu semver-checks --target riscv64gc-unknown-none-elf\n\n\nstdout:\n\nstderr:\n    Building mutex v0.1.0 (current)\nerror: running cargo-doc on crate 'mutex' failed with output:\n-----\nerror: output of --print=file-names missing when learning about target-specific information from rustc\ncommand was: `/home/runner/.rustup/toolchains/nightly-2024-12-26-x86_64-unknown-linux-gnu/bin/rustc - --crate-name ___ --print=file-names --cap-lints=allow --target riscv64gc-unknown-none-elf --crate-type bin --crate-type rlib --crate-type dylib --crate-type cdylib --crate-type staticlib --crate-type proc-macro --print=sysroot --print=split-debuginfo --print=crate-name --print=cfg`\n\n--- stdout\n___\nlib___.rlib\nlib___.a\n/home/runner/.rustup/toolchains/nightly-2024-12-26-x86_64-unknown-linux-gnu\noff\n___\ndebug_assertions\nfmt_debug=\"full\"\noverflow_checks\npanic=\"abort\"\nproc_macro\nrelocation_model=\"static\"\ntarget_abi=\"\"\ntarget_arch=\"riscv64\"\ntarget_endian=\"little\"\ntarget_env=\"\"\ntarget_feature=\"a\"\ntarget_feature=\"c\"\ntarget_feature=\"d\"\ntarget_feature=\"f\"\ntarget_feature=\"m\"\ntarget_has_atomic\ntarget_has_atomic=\"16\"\ntarget_has_atomic=\"32\"\ntarget_has_atomic=\"64\"\ntarget_has_atomic=\"8\"\ntarget_has_atomic=\"ptr\"\ntarget_has_atomic_equal_alignment=\"16\"\ntarget_has_atomic_equal_alignment=\"32\"\ntarget_has_atomic_equal_alignment=\"64\"\ntarget_has_atomic_equal_alignment=\"8\"\ntarget_has_atomic_equal_alignment=\"ptr\"\ntarget_has_atomic_load_store\ntarget_has_atomic_load_store=\"16\"\ntarget_has_atomic_load_store=\"32\"\ntarget_has_atomic_load_store=\"64\"\ntarget_has_atomic_load_store=\"8\"\ntarget_has_atomic_load_store=\"ptr\"\ntarget_os=\"none\"\ntarget_pointer_width=\"64\"\ntarget_vendor=\"unknown\"\nub_checks\n\n\n-----\n\nerror: failed to build rustdoc for crate mutex v0.1.0\nnote: this is usually due to a compilation error in the crate,\n      and is unlikely to be a bug in cargo-semver-checks\nnote: the following command can be used to reproduce the compilation error:\n      cargo new --lib example &&\n          cd example &&\n          echo '[workspace]' >> Cargo.toml &&\n          cargo add --path /home/runner/check/batch_17/shilei-massclouds/mutex/mutex &&\n          cargo check\n\nerror: aborting due to failure to build rustdoc for crate mutex v0.1.0\n","pkg=mutex, checker=SemverChecks\ntoolchain=nightly-2024-01-18, target=x86_64-unknown-none\npkg_dir=/home/runner/check/batch_17/shilei-massclouds/mutex/mutex\ncmd=cargo +nightly-2024-12-26-x86_64-unknown-linux-gnu semver-checks --target x86_64-unknown-none\n\n\nstdout:\n\nstderr:\n    Building mutex v0.1.0 (current)\nerror: running cargo-doc on crate 'mutex' failed with output:\n-----\nerror: output of --print=file-names missing when learning about target-specific information from rustc\ncommand was: `/home/runner/.rustup/toolchains/nightly-2024-12-26-x86_64-unknown-linux-gnu/bin/rustc - --crate-name ___ --print=file-names --cap-lints=allow --target x86_64-unknown-none --crate-type bin --crate-type rlib --crate-type dylib --crate-type cdylib --crate-type staticlib --crate-type proc-macro --print=sysroot --print=split-debuginfo --print=crate-name --print=cfg`\n\n--- stdout\n___\nlib___.rlib\nlib___.a\n/home/runner/.rustup/toolchains/nightly-2024-12-26-x86_64-unknown-linux-gnu\noff\n___\ndebug_assertions\nfmt_debug=\"full\"\noverflow_checks\npanic=\"abort\"\nproc_macro\nrelocation_model=\"pic\"\ntarget_abi=\"\"\ntarget_arch=\"x86_64\"\ntarget_endian=\"little\"\ntarget_env=\"\"\ntarget_feature=\"fxsr\"\ntarget_feature=\"x87\"\ntarget_has_atomic\ntarget_has_atomic=\"16\"\ntarget_has_atomic=\"32\"\ntarget_has_atomic=\"64\"\ntarget_has_atomic=\"8\"\ntarget_has_atomic=\"ptr\"\ntarget_has_atomic_equal_alignment=\"16\"\ntarget_has_atomic_equal_alignment=\"32\"\ntarget_has_atomic_equal_alignment=\"64\"\ntarget_has_atomic_equal_alignment=\"8\"\ntarget_has_atomic_equal_alignment=\"ptr\"\ntarget_has_atomic_load_store\ntarget_has_atomic_load_store=\"16\"\ntarget_has_atomic_load_store=\"32\"\ntarget_has_atomic_load_store=\"64\"\ntarget_has_atomic_load_store=\"8\"\ntarget_has_atomic_load_store=\"ptr\"\ntarget_os=\"none\"\ntarget_pointer_width=\"64\"\ntarget_vendor=\"unknown\"\nub_checks\n\n\n-----\n\nerror: failed to build rustdoc for crate mutex v0.1.0\nnote: this is usually due to a compilation error in the crate,\n      and is unlikely to be a bug in cargo-semver-checks\nnote: the following command can be used to reproduce the compilation error:\n      cargo new --lib example &&\n          cd example &&\n          echo '[workspace]' >> Cargo.toml &&\n          cargo add --path /home/runner/check/batch_17/shilei-massclouds/mutex/mutex &&\n          cargo check\n\nerror: aborting due to failure to build rustdoc for crate mutex v0.1.0\n"]}}]},{"user":"shilei-massclouds","repo":"mutex","pkg":"rt_mutex","count":15,"raw_reports":[{"file":"src/main.rs","count":6,"kinds":{"Unformatted":["file: /home/runner/check/batch_17/shilei-massclouds/mutex/rt_mutex/src/main.rs (original lines from 8 to 8)\n+use axtype::{align_down_4k, align_up_4k, phys_to_virt, virt_to_phys};\n","file: /home/runner/check/batch_17/shilei-massclouds/mutex/rt_mutex/src/main.rs (original lines from 9 to 9)\n-use axtype::{align_up_4k, align_down_4k, phys_to_virt, virt_to_phys};\n","file: /home/runner/check/batch_17/shilei-massclouds/mutex/rt_mutex/src/main.rs (original lines from 8 to 8)\n+use axtype::{align_down_4k, align_up_4k, phys_to_virt, virt_to_phys};\n","file: /home/runner/check/batch_17/shilei-massclouds/mutex/rt_mutex/src/main.rs (original lines from 9 to 9)\n-use axtype::{align_up_4k, align_down_4k, phys_to_virt, virt_to_phys};\n","file: /home/runner/check/batch_17/shilei-massclouds/mutex/rt_mutex/src/main.rs (original lines from 8 to 8)\n+use axtype::{align_down_4k, align_up_4k, phys_to_virt, virt_to_phys};\n","file: /home/runner/check/batch_17/shilei-massclouds/mutex/rt_mutex/src/main.rs (original lines from 9 to 9)\n-use axtype::{align_up_4k, align_down_4k, phys_to_virt, virt_to_phys};\n"]}},{"file":"(virtual) lockbud","count":3,"kinds":{"Cargo":["// pkg_name=rt_mutex, checker=Lockbud\n// toolchain=nightly-2024-01-18, target=aarch64-unknown-none-softfloat\n// pkg_dir=/home/runner/check/batch_17/shilei-massclouds/mutex/rt_mutex\n// cmd=cargo +nightly-2024-10-05 lockbud -k all -- --target aarch64-unknown-none-softfloat\n// timestamp=2024-12-29 1:54:42.825583234 +08:00:00\n[2024-12-28T17:54:33Z WARN  lockbud::callbacks] [\n      {\n        \"AtomicityViolation\": {\n          \"bug_kind\": \"AtomicityViolation\",\n          \"possibility\": \"Possibly\",\n          \"diagnosis\": {\n            \"fn_name\": \"set_logger_racy\",\n            \"atomic_reader\": \"/home/runner/.cargo/registry/src/index.crates.io-6f17d22bba15001f/log-0.4.22/src/lib.rs:1447:11: 1447:40 (#0)\",\n            \"atomic_writer\": \"/home/runner/.cargo/registry/src/index.crates.io-6f17d22bba15001f/log-0.4.22/src/lib.rs:1450:13: 1450:56 (#0)\",\n            \"dep_kind\": \"Control\"\n          },\n          \"explanation\": \"atomic::store is data/control dependent on atomic::load\"\n        }\n      }\n    ]\n[2024-12-28T17:54:33Z WARN  lockbud::callbacks] crate log contains bugs: { probably: 0, possibly: 0 }, conflictlock: { probably: 0, possibly: 0 }, condvar_deadlock: { probably: 0, possibly: 0 }, atomicity_violation: { possibly: 1 }, invalid_free: { possibly: 0 }, use_after_free: { possibly: 0 }\n   Compiling syn v2.0.92\n   Compiling early_console v0.1.0 (ssh://git@github.com/shilei-massclouds/early_console#8bc0d219)\n   Compiling memory_addr v0.1.0 (ssh://git@github.com/shilei-massclouds/memory_addr#8d24a00e)\n   Compiling lazy_init v0.1.0 (ssh://git@github.com/shilei-massclouds/lazy_init#3cee00cf)\nerror[E0583]: file not found for module `aarch64_common`\n --> /home/runner/.cargo/git/checkouts/early_console-7e3c35ca140a48a7/8bc0d21/early_console/src/platform/mod.rs:5:9\n  |\n5 |         mod aarch64_common;\n  |         ^^^^^^^^^^^^^^^^^^^\n  |\n  = help: to create the module `aarch64_common`, create file \"/home/runner/.cargo/git/checkouts/early_console-7e3c35ca140a48a7/8bc0d21/early_console/src/platform/aarch64_common.rs\" or \"/home/runner/.cargo/git/checkouts/early_console-7e3c35ca140a48a7/8bc0d21/early_console/src/platform/aarch64_common/mod.rs\"\n  = note: if there is a `mod aarch64_common` elsewhere in the crate already, import it with `use crate::...` instead\n\nerror[E0432]: unresolved imports `platform::getchar`, `platform::putchar`\n  --> /home/runner/.cargo/git/checkouts/early_console-7e3c35ca140a48a7/8bc0d21/early_console/src/lib.rs:12:20\n   |\n12 | pub use platform::{getchar, putchar};\n   |                    ^^^^^^^  ^^^^^^^ no `putchar` in `platform`\n   |                    |\n   |                    no `getchar` in `platform`\n\nerror[E0433]: failed to resolve: unresolved import\n  --> /home/runner/.cargo/git/checkouts/early_console-7e3c35ca140a48a7/8bc0d21/early_console/src/platform/dummy/mod.rs:31:69\n   |\n31 |     pub(crate) fn platform_regions() -> impl Iterator<Item = crate::mem::MemRegion> {\n   |                                                                     ^^^\n   |                                                                     |\n   |                                                                     unresolved import\n   |                                                                     help: a similar path exists: `core::mem`\n\nerror[E0425]: cannot find function `putchar` in module `platform`\n  --> /home/runner/.cargo/git/checkouts/early_console-7e3c35ca140a48a7/8bc0d21/early_console/src/lib.rs:23:19\n   |\n23 |         platform::putchar(*c);\n   |                   ^^^^^^^ not found in `platform`\n   |\nhelp: consider importing this function\n   |\n12 + use crate::platform::console::putchar;\n   |\nhelp: if you import `putchar`, refer to it directly\n   |\n23 -         platform::putchar(*c);\n23 +         putchar(*c);\n   |\n\nerror[E0425]: cannot find function `getchar` in module `platform`\n  --> /home/runner/.cargo/git/checkouts/early_console-7e3c35ca140a48a7/8bc0d21/early_console/src/lib.rs:31:36\n   |\n31 |         if let Some(c) = platform::getchar() {\n   |                                    ^^^^^^^ not found in `platform`\n   |\nhelp: consider importing this function\n   |\n12 + use crate::platform::console::getchar;\n   |\nhelp: if you import `getchar`, refer to it directly\n   |\n31 -         if let Some(c) = platform::getchar() {\n31 +         if let Some(c) = getchar() {\n   |\n\n   Compiling static_assertions v1.1.0\nSome errors have detailed explanations: E0425, E0432, E0433, E0583.\nFor more information about an error, try `rustc --explain E0425`.\nerror: could not compile `early_console` (lib) due to 5 previous errors\nwarning: build failed, waiting for other jobs to finish...\n","// pkg_name=rt_mutex, checker=Lockbud\n// toolchain=nightly-2024-01-18, target=x86_64-unknown-none\n// pkg_dir=/home/runner/check/batch_17/shilei-massclouds/mutex/rt_mutex\n// cmd=cargo +nightly-2024-10-05 lockbud -k all -- --target x86_64-unknown-none\n// timestamp=2024-12-29 1:54:47.774641813 +08:00:00\n[2024-12-28T17:54:40Z WARN  lockbud::callbacks] [\n      {\n        \"AtomicityViolation\": {\n          \"bug_kind\": \"AtomicityViolation\",\n          \"possibility\": \"Possibly\",\n          \"diagnosis\": {\n            \"fn_name\": \"set_logger_racy\",\n            \"atomic_reader\": \"/home/runner/.cargo/registry/src/index.crates.io-6f17d22bba15001f/log-0.4.22/src/lib.rs:1447:11: 1447:40 (#0)\",\n            \"atomic_writer\": \"/home/runner/.cargo/registry/src/index.crates.io-6f17d22bba15001f/log-0.4.22/src/lib.rs:1450:13: 1450:56 (#0)\",\n            \"dep_kind\": \"Control\"\n          },\n          \"explanation\": \"atomic::store is data/control dependent on atomic::load\"\n        }\n      }\n    ]\n[2024-12-28T17:54:40Z WARN  lockbud::callbacks] crate log contains bugs: { probably: 0, possibly: 0 }, conflictlock: { probably: 0, possibly: 0 }, condvar_deadlock: { probably: 0, possibly: 0 }, atomicity_violation: { possibly: 1 }, invalid_free: { possibly: 0 }, use_after_free: { possibly: 0 }\n   Compiling x86_64 v0.14.13\n   Compiling percpu2 v0.1.0 (ssh://git@github.com/shilei-massclouds/percpu2#2fa7f00e)\n   Compiling allocator v0.1.0 (ssh://git@github.com/shilei-massclouds/allocator#d93ad046)\n   Compiling aarch64-cpu v9.4.0\n   Compiling autocfg v1.4.0\n   Compiling scheduler v0.1.0 (ssh://git@github.com/shilei-massclouds/scheduler.git#fd785ca6)\n   Compiling scopeguard v1.2.0\n   Compiling zerocopy-derive v0.6.6\nerror[E0053]: method `steps_between` has an incompatible type for trait\n   --> /home/runner/.cargo/registry/src/index.crates.io-6f17d22bba15001f/x86_64-0.14.13/src/addr.rs:387:51\n    |\n387 |     fn steps_between(start: &Self, end: &Self) -> (usize, Option<usize>) {\n    |                                                   ^^^^^^^^^^^^^^^^^^^^^^ expected `core::option::Option<usize>`, found `(usize, Option<usize>)`\n    |\n    = note: expected signature `fn(&addr::VirtAddr, &addr::VirtAddr) -> core::option::Option<usize>`\n               found signature `fn(&addr::VirtAddr, &addr::VirtAddr) -> (usize, core::option::Option<usize>)`\nhelp: change the output type to match the trait\n    |\n387 |     fn steps_between(start: &Self, end: &Self) -> core::option::Option<usize> {\n    |                                                   ~~~~~~~~~~~~~~~~~~~~~~~~~~~\n\nerror[E0053]: method `steps_between` has an incompatible type for trait\n   --> /home/runner/.cargo/registry/src/index.crates.io-6f17d22bba15001f/x86_64-0.14.13/src/structures/paging/page.rs:284:51\n    |\n284 |     fn steps_between(start: &Self, end: &Self) -> (usize, Option<usize>) {\n    |                                                   ^^^^^^^^^^^^^^^^^^^^^^ expected `core::option::Option<usize>`, found `(usize, Option<usize>)`\n    |\n    = note: expected signature `fn(&structures::paging::page::Page<_>, &structures::paging::page::Page<_>) -> core::option::Option<usize>`\n               found signature `fn(&structures::paging::page::Page<_>, &structures::paging::page::Page<_>) -> (usize, core::option::Option<usize>)`\nhelp: change the output type to match the trait\n    |\n284 |     fn steps_between(start: &Self, end: &Self) -> core::option::Option<usize> {\n    |                                                   ~~~~~~~~~~~~~~~~~~~~~~~~~~~\n\n   Compiling lock_api v0.4.12\n   Compiling byteorder v1.5.0\nFor more information about this error, try `rustc --explain E0053`.\n   Compiling spin v0.9.8\nerror: could not compile `x86_64` (lib) due to 2 previous errors\nwarning: build failed, waiting for other jobs to finish...\n","// pkg_name=rt_mutex, checker=Lockbud\n// toolchain=nightly-2024-01-18, target=riscv64gc-unknown-none-elf\n// pkg_dir=/home/runner/check/batch_17/shilei-massclouds/mutex/rt_mutex\n// cmd=cargo +nightly-2024-10-05 lockbud -k all -- --target riscv64gc-unknown-none-elf\n// timestamp=2024-12-29 1:54:45.90248986 +08:00:00\n[2024-12-28T17:54:39Z WARN  lockbud::callbacks] [\n      {\n        \"AtomicityViolation\": {\n          \"bug_kind\": \"AtomicityViolation\",\n          \"possibility\": \"Possibly\",\n          \"diagnosis\": {\n            \"fn_name\": \"set_logger_racy\",\n            \"atomic_reader\": \"/home/runner/.cargo/registry/src/index.crates.io-6f17d22bba15001f/log-0.4.22/src/lib.rs:1447:11: 1447:40 (#0)\",\n            \"atomic_writer\": \"/home/runner/.cargo/registry/src/index.crates.io-6f17d22bba15001f/log-0.4.22/src/lib.rs:1450:13: 1450:56 (#0)\",\n            \"dep_kind\": \"Control\"\n          },\n          \"explanation\": \"atomic::store is data/control dependent on atomic::load\"\n        }\n      }\n    ]\n[2024-12-28T17:54:39Z WARN  lockbud::callbacks] crate log contains bugs: { probably: 0, possibly: 0 }, conflictlock: { probably: 0, possibly: 0 }, condvar_deadlock: { probably: 0, possibly: 0 }, atomicity_violation: { possibly: 1 }, invalid_free: { possibly: 0 }, use_after_free: { possibly: 0 }\n   Compiling early_console v0.1.0 (ssh://git@github.com/shilei-massclouds/early_console#8bc0d219)\n   Compiling percpu_macros2 v0.1.0 (ssh://git@github.com/shilei-massclouds/percpu2#2fa7f00e)\n   Compiling allocator v0.1.0 (ssh://git@github.com/shilei-massclouds/allocator#d93ad046)\n   Compiling aarch64-cpu v9.4.0\nerror[E0432]: unresolved imports `platform::getchar`, `platform::putchar`\n  --> /home/runner/.cargo/git/checkouts/early_console-7e3c35ca140a48a7/8bc0d21/early_console/src/lib.rs:12:20\n   |\n12 | pub use platform::{getchar, putchar};\n   |                    ^^^^^^^  ^^^^^^^ no `putchar` in `platform`\n   |                    |\n   |                    no `getchar` in `platform`\n\nerror[E0433]: failed to resolve: unresolved import\n  --> /home/runner/.cargo/git/checkouts/early_console-7e3c35ca140a48a7/8bc0d21/early_console/src/platform/dummy/mod.rs:31:69\n   |\n31 |     pub(crate) fn platform_regions() -> impl Iterator<Item = crate::mem::MemRegion> {\n   |                                                                     ^^^\n   |                                                                     |\n   |                                                                     unresolved import\n   |                                                                     help: a similar path exists: `core::mem`\n\nerror[E0425]: cannot find function `putchar` in module `platform`\n  --> /home/runner/.cargo/git/checkouts/early_console-7e3c35ca140a48a7/8bc0d21/early_console/src/lib.rs:23:19\n   |\n23 |         platform::putchar(*c);\n   |                   ^^^^^^^ not found in `platform`\n   |\nhelp: consider importing this function\n   |\n12 + use crate::platform::console::putchar;\n   |\nhelp: if you import `putchar`, refer to it directly\n   |\n23 -         platform::putchar(*c);\n23 +         putchar(*c);\n   |\n\nerror[E0425]: cannot find function `getchar` in module `platform`\n  --> /home/runner/.cargo/git/checkouts/early_console-7e3c35ca140a48a7/8bc0d21/early_console/src/lib.rs:31:36\n   |\n31 |         if let Some(c) = platform::getchar() {\n   |                                    ^^^^^^^ not found in `platform`\n   |\nhelp: consider importing this function\n   |\n12 + use crate::platform::console::getchar;\n   |\nhelp: if you import `getchar`, refer to it directly\n   |\n31 -         if let Some(c) = platform::getchar() {\n31 +         if let Some(c) = getchar() {\n   |\n\nSome errors have detailed explanations: E0425, E0432, E0433.\nFor more information about an error, try `rustc --explain E0425`.\nerror: could not compile `early_console` (lib) due to 4 previous errors\nwarning: build failed, waiting for other jobs to finish...\n"]}},{"file":"(virtual) rap","count":3,"kinds":{"Cargo":["// pkg_name=rt_mutex, checker=Rap\n// toolchain=nightly-2024-01-18, target=riscv64gc-unknown-none-elf\n// pkg_dir=/home/runner/check/batch_17/shilei-massclouds/mutex/rt_mutex\n// cmd=cargo +nightly-2024-10-12 rap -F -M -- --target riscv64gc-unknown-none-elf\n// timestamp=2024-12-29 1:55:19.60272662 +08:00:00\n   Compiling equivalent v1.0.1\n   Compiling hashbrown v0.15.2\n   Compiling serde v1.0.217\n   Compiling toml_datetime v0.6.8\n   Compiling winnow v0.5.40\n   Compiling proc-macro2 v1.0.92\n   Compiling indexmap v2.7.0\n   Compiling unicode-ident v1.0.14\n    Checking log v0.4.22\n    Checking cfg-if v1.0.0\n   Compiling quote v1.0.38\n   Compiling toml_edit v0.19.15\n   Compiling syn v2.0.92\n    Checking nb v1.1.0\n    Checking bit_field v0.10.2\n    Checking nb v0.1.3\n    Checking static_assertions v1.1.0\n    Checking void v1.0.2\n   Compiling axerrno v0.1.0 (ssh://git@github.com/shilei-massclouds/axerrno#892169aa)\n   Compiling riscv v0.10.1\n    Checking embedded-hal v0.2.7\n    Checking sbi-spec v0.0.4\n    Checking bitflags v2.6.0\n    Checking critical-section v1.2.0\n    Checking sbi-rt v0.0.2\n   Compiling syn v1.0.109\n    Checking kernel_guard_base v0.1.0 (ssh://git@github.com/shilei-massclouds/kernel_guard_base#4e672f3e)\n   Compiling percpu2 v0.1.0 (ssh://git@github.com/shilei-massclouds/percpu2#2fa7f00e)\n    Checking spinbase v0.1.0 (ssh://git@github.com/shilei-massclouds/spinbase#a3496db8)\n   Compiling base64 v0.13.1\n   Compiling unicode-width v0.1.14\n    Checking memory_addr v0.1.0 (ssh://git@github.com/shilei-massclouds/memory_addr#8d24a00e)\n    Checking lazy_init v0.1.0 (ssh://git@github.com/shilei-massclouds/lazy_init#3cee00cf)\n    Checking const-default v1.0.0\n    Checking ratio v0.1.0 (ssh://git@github.com/shilei-massclouds/ratio#bc2f2303)\n    Checking bitmap-allocator v0.1.0 (https://github.com/rcore-os/bitmap-allocator.git?rev=88e871a#88e871a5)\n    Checking tock-registers v0.8.1\n    Checking aarch64-cpu v9.4.0\n   Compiling axconfig v0.1.0 (ssh://git@github.com/shilei-massclouds/axconfig.git#51b81e4a)\n   Compiling early_console v0.1.0 (ssh://git@github.com/shilei-massclouds/early_console#8bc0d219)\nerror[E0432]: unresolved imports `platform::getchar`, `platform::putchar`\n  --> /home/runner/.cargo/git/checkouts/early_console-7e3c35ca140a48a7/8bc0d21/early_console/src/lib.rs:12:20\n   |\n12 | pub use platform::{getchar, putchar};\n   |                    ^^^^^^^  ^^^^^^^ no `putchar` in `platform`\n   |                    |\n   |                    no `getchar` in `platform`\n\nerror[E0433]: failed to resolve: unresolved import\n  --> /home/runner/.cargo/git/checkouts/early_console-7e3c35ca140a48a7/8bc0d21/early_console/src/platform/dummy/mod.rs:31:69\n   |\n31 |     pub(crate) fn platform_regions() -> impl Iterator<Item = crate::mem::MemRegion> {\n   |                                                                     ^^^\n   |                                                                     |\n   |                                                                     unresolved import\n   |                                                                     help: a similar path exists: `core::mem`\n\nerror[E0425]: cannot find function `putchar` in module `platform`\n  --> /home/runner/.cargo/git/checkouts/early_console-7e3c35ca140a48a7/8bc0d21/early_console/src/lib.rs:23:19\n   |\n23 |         platform::putchar(*c);\n   |                   ^^^^^^^ not found in `platform`\n   |\nhelp: consider importing this function\n   |\n12 + use crate::platform::console::putchar;\n   |\nhelp: if you import `putchar`, refer to it directly\n   |\n23 -         platform::putchar(*c);\n23 +         putchar(*c);\n   |\n\nerror[E0425]: cannot find function `getchar` in module `platform`\n  --> /home/runner/.cargo/git/checkouts/early_console-7e3c35ca140a48a7/8bc0d21/early_console/src/lib.rs:31:36\n   |\n31 |         if let Some(c) = platform::getchar() {\n   |                                    ^^^^^^^ not found in `platform`\n   |\nhelp: consider importing this function\n   |\n12 + use crate::platform::console::getchar;\n   |\nhelp: if you import `getchar`, refer to it directly\n   |\n31 -         if let Some(c) = platform::getchar() {\n31 +         if let Some(c) = getchar() {\n   |\n\nSome errors have detailed explanations: E0425, E0432, E0433.\nFor more information about an error, try `rustc --explain E0425`.\nerror: could not compile `early_console` (lib) due to 4 previous errors\nwarning: build failed, waiting for other jobs to finish...\n17:55:27|RAP|ERROR|: Finished with non-zero exit code.\n","// pkg_name=rt_mutex, checker=Rap\n// toolchain=nightly-2024-01-18, target=x86_64-unknown-none\n// pkg_dir=/home/runner/check/batch_17/shilei-massclouds/mutex/rt_mutex\n// cmd=cargo +nightly-2024-10-12 rap -F -M -- --target x86_64-unknown-none\n// timestamp=2024-12-29 1:55:27.350803633 +08:00:00\n   Compiling hashbrown v0.15.2\n   Compiling serde v1.0.217\n   Compiling equivalent v1.0.1\n   Compiling toml_datetime v0.6.8\n   Compiling winnow v0.5.40\n   Compiling proc-macro2 v1.0.92\n   Compiling indexmap v2.7.0\n   Compiling unicode-ident v1.0.14\n    Checking log v0.4.22\n   Compiling quote v1.0.38\n    Checking bitflags v1.3.2\n   Compiling toml_edit v0.19.15\n    Checking bit_field v0.10.2\n    Checking cfg-if v1.0.0\n    Checking bitflags v2.6.0\n   Compiling syn v2.0.92\n   Compiling rustversion v1.0.19\n   Compiling axerrno v0.1.0 (ssh://git@github.com/shilei-massclouds/axerrno#892169aa)\n    Checking volatile v0.4.6\n    Checking x86_64 v0.14.13\n    Checking raw-cpuid v10.7.0\nerror[E0053]: method `steps_between` has an incompatible type for trait\n   --> /home/runner/.cargo/registry/src/index.crates.io-6f17d22bba15001f/x86_64-0.14.13/src/addr.rs:387:51\n    |\n387 |     fn steps_between(start: &Self, end: &Self) -> (usize, Option<usize>) {\n    |                                                   ^^^^^^^^^^^^^^^^^^^^^^ expected `Option<usize>`, found `(usize, Option<usize>)`\n    |\n    = note: expected signature `fn(&addr::VirtAddr, &addr::VirtAddr) -> Option<usize>`\n               found signature `fn(&addr::VirtAddr, &addr::VirtAddr) -> (usize, Option<usize>)`\nhelp: change the output type to match the trait\n    |\n387 |     fn steps_between(start: &Self, end: &Self) -> Option<usize> {\n    |                                                   ~~~~~~~~~~~~~\n\nerror[E0053]: method `steps_between` has an incompatible type for trait\n   --> /home/runner/.cargo/registry/src/index.crates.io-6f17d22bba15001f/x86_64-0.14.13/src/structures/paging/page.rs:284:51\n    |\n284 |     fn steps_between(start: &Self, end: &Self) -> (usize, Option<usize>) {\n    |                                                   ^^^^^^^^^^^^^^^^^^^^^^ expected `Option<usize>`, found `(usize, Option<usize>)`\n    |\n    = note: expected signature `fn(&Page<_>, &Page<_>) -> Option<usize>`\n               found signature `fn(&Page<_>, &Page<_>) -> (usize, Option<usize>)`\nhelp: change the output type to match the trait\n    |\n284 |     fn steps_between(start: &Self, end: &Self) -> Option<usize> {\n    |                                                   ~~~~~~~~~~~~~\n\n   Compiling x86 v0.52.0\nFor more information about this error, try `rustc --explain E0053`.\nerror: could not compile `x86_64` (lib) due to 2 previous errors\nwarning: build failed, waiting for other jobs to finish...\n17:55:33|RAP|ERROR|: Finished with non-zero exit code.\n","// pkg_name=rt_mutex, checker=Rap\n// toolchain=nightly-2024-01-18, target=aarch64-unknown-none-softfloat\n// pkg_dir=/home/runner/check/batch_17/shilei-massclouds/mutex/rt_mutex\n// cmd=cargo +nightly-2024-10-12 rap -F -M -- --target aarch64-unknown-none-softfloat\n// timestamp=2024-12-29 1:55:12.171552247 +08:00:00\n   Compiling serde v1.0.217\n   Compiling equivalent v1.0.1\n   Compiling hashbrown v0.15.2\n   Compiling toml_datetime v0.6.8\n   Compiling winnow v0.5.40\n   Compiling proc-macro2 v1.0.92\n   Compiling indexmap v2.7.0\n   Compiling unicode-ident v1.0.14\n    Checking log v0.4.22\n   Compiling quote v1.0.38\n   Compiling toml_edit v0.19.15\n    Checking cfg-if v1.0.0\n   Compiling syn v2.0.92\n   Compiling axerrno v0.1.0 (ssh://git@github.com/shilei-massclouds/axerrno#892169aa)\n    Checking bitflags v2.6.0\n   Compiling syn v1.0.109\n    Checking kernel_guard_base v0.1.0 (ssh://git@github.com/shilei-massclouds/kernel_guard_base#4e672f3e)\n   Compiling percpu2 v0.1.0 (ssh://git@github.com/shilei-massclouds/percpu2#2fa7f00e)\n    Checking tock-registers v0.8.1\n    Checking spinbase v0.1.0 (ssh://git@github.com/shilei-massclouds/spinbase#a3496db8)\n    Checking aarch64-cpu v9.4.0\n   Compiling base64 v0.13.1\n   Compiling unicode-width v0.1.14\n   Compiling axconfig v0.1.0 (ssh://git@github.com/shilei-massclouds/axconfig.git#51b81e4a)\n    Checking static_assertions v1.1.0\n    Checking memory_addr v0.1.0 (ssh://git@github.com/shilei-massclouds/memory_addr#8d24a00e)\n   Compiling early_console v0.1.0 (ssh://git@github.com/shilei-massclouds/early_console#8bc0d219)\n   Compiling axhal v0.1.0 (ssh://git@github.com/shilei-massclouds/axhal.git#db90ff50)\n    Checking ratio v0.1.0 (ssh://git@github.com/shilei-massclouds/ratio#bc2f2303)\n   Compiling svgbobdoc v0.3.0\nerror[E0583]: file not found for module `aarch64_common`\n --> /home/runner/.cargo/git/checkouts/early_console-7e3c35ca140a48a7/8bc0d21/early_console/src/platform/mod.rs:5:9\n  |\n5 |         mod aarch64_common;\n  |         ^^^^^^^^^^^^^^^^^^^\n  |\n  = help: to create the module `aarch64_common`, create file \"/home/runner/.cargo/git/checkouts/early_console-7e3c35ca140a48a7/8bc0d21/early_console/src/platform/aarch64_common.rs\" or \"/home/runner/.cargo/git/checkouts/early_console-7e3c35ca140a48a7/8bc0d21/early_console/src/platform/aarch64_common/mod.rs\"\n  = note: if there is a `mod aarch64_common` elsewhere in the crate already, import it with `use crate::...` instead\n\nerror[E0432]: unresolved imports `platform::getchar`, `platform::putchar`\n  --> /home/runner/.cargo/git/checkouts/early_console-7e3c35ca140a48a7/8bc0d21/early_console/src/lib.rs:12:20\n   |\n12 | pub use platform::{getchar, putchar};\n   |                    ^^^^^^^  ^^^^^^^ no `putchar` in `platform`\n   |                    |\n   |                    no `getchar` in `platform`\n\nerror[E0433]: failed to resolve: unresolved import\n  --> /home/runner/.cargo/git/checkouts/early_console-7e3c35ca140a48a7/8bc0d21/early_console/src/platform/dummy/mod.rs:31:69\n   |\n31 |     pub(crate) fn platform_regions() -> impl Iterator<Item = crate::mem::MemRegion> {\n   |                                                                     ^^^\n   |                                                                     |\n   |                                                                     unresolved import\n   |                                                                     help: a similar path exists: `core::mem`\n\nerror[E0425]: cannot find function `putchar` in module `platform`\n  --> /home/runner/.cargo/git/checkouts/early_console-7e3c35ca140a48a7/8bc0d21/early_console/src/lib.rs:23:19\n   |\n23 |         platform::putchar(*c);\n   |                   ^^^^^^^ not found in `platform`\n   |\nhelp: consider importing this function\n   |\n12 + use crate::platform::console::putchar;\n   |\nhelp: if you import `putchar`, refer to it directly\n   |\n23 -         platform::putchar(*c);\n23 +         putchar(*c);\n   |\n\nerror[E0425]: cannot find function `getchar` in module `platform`\n  --> /home/runner/.cargo/git/checkouts/early_console-7e3c35ca140a48a7/8bc0d21/early_console/src/lib.rs:31:36\n   |\n31 |         if let Some(c) = platform::getchar() {\n   |                                    ^^^^^^^ not found in `platform`\n   |\nhelp: consider importing this function\n   |\n12 + use crate::platform::console::getchar;\n   |\nhelp: if you import `getchar`, refer to it directly\n   |\n31 -         if let Some(c) = platform::getchar() {\n31 +         if let Some(c) = getchar() {\n   |\n\nSome errors have detailed explanations: E0425, E0432, E0433, E0583.\nFor more information about an error, try `rustc --explain E0425`.\nerror: could not compile `early_console` (lib) due to 5 previous errors\nwarning: build failed, waiting for other jobs to finish...\n17:55:19|RAP|ERROR|: Finished with non-zero exit code.\n"]}},{"file":"[lockbud] Not supported to display yet.","count":3,"kinds":{"Lockbud(Possibly)":["[2024-12-28T17:54:33Z WARN  lockbud::callbacks] [\n      {\n        \"AtomicityViolation\": {\n          \"bug_kind\": \"AtomicityViolation\",\n          \"possibility\": \"Possibly\",\n          \"diagnosis\": {\n            \"fn_name\": \"set_logger_racy\",\n            \"atomic_reader\": \"/home/runner/.cargo/registry/src/index.crates.io-6f17d22bba15001f/log-0.4.22/src/lib.rs:1447:11: 1447:40 (#0)\",\n            \"atomic_writer\": \"/home/runner/.cargo/registry/src/index.crates.io-6f17d22bba15001f/log-0.4.22/src/lib.rs:1450:13: 1450:56 (#0)\",\n            \"dep_kind\": \"Control\"\n          },\n          \"explanation\": \"atomic::store is data/control dependent on atomic::load\"\n        }\n      }\n    ]\n[2024-12-28T17:54:33Z WARN  lockbud::callbacks] crate log contains bugs: { probably: 0, possibly: 0 }, conflictlock: { probably: 0, possibly: 0 }, condvar_deadlock: { probably: 0, possibly: 0 }, atomicity_violation: { possibly: 1 }, invalid_free: { possibly: 0 }, use_after_free: { possibly: 0 }","[2024-12-28T17:54:39Z WARN  lockbud::callbacks] [\n      {\n        \"AtomicityViolation\": {\n          \"bug_kind\": \"AtomicityViolation\",\n          \"possibility\": \"Possibly\",\n          \"diagnosis\": {\n            \"fn_name\": \"set_logger_racy\",\n            \"atomic_reader\": \"/home/runner/.cargo/registry/src/index.crates.io-6f17d22bba15001f/log-0.4.22/src/lib.rs:1447:11: 1447:40 (#0)\",\n            \"atomic_writer\": \"/home/runner/.cargo/registry/src/index.crates.io-6f17d22bba15001f/log-0.4.22/src/lib.rs:1450:13: 1450:56 (#0)\",\n            \"dep_kind\": \"Control\"\n          },\n          \"explanation\": \"atomic::store is data/control dependent on atomic::load\"\n        }\n      }\n    ]\n[2024-12-28T17:54:39Z WARN  lockbud::callbacks] crate log contains bugs: { probably: 0, possibly: 0 }, conflictlock: { probably: 0, possibly: 0 }, condvar_deadlock: { probably: 0, possibly: 0 }, atomicity_violation: { possibly: 1 }, invalid_free: { possibly: 0 }, use_after_free: { possibly: 0 }","[2024-12-28T17:54:40Z WARN  lockbud::callbacks] [\n      {\n        \"AtomicityViolation\": {\n          \"bug_kind\": \"AtomicityViolation\",\n          \"possibility\": \"Possibly\",\n          \"diagnosis\": {\n            \"fn_name\": \"set_logger_racy\",\n            \"atomic_reader\": \"/home/runner/.cargo/registry/src/index.crates.io-6f17d22bba15001f/log-0.4.22/src/lib.rs:1447:11: 1447:40 (#0)\",\n            \"atomic_writer\": \"/home/runner/.cargo/registry/src/index.crates.io-6f17d22bba15001f/log-0.4.22/src/lib.rs:1450:13: 1450:56 (#0)\",\n            \"dep_kind\": \"Control\"\n          },\n          \"explanation\": \"atomic::store is data/control dependent on atomic::load\"\n        }\n      }\n    ]\n[2024-12-28T17:54:40Z WARN  lockbud::callbacks] crate log contains bugs: { probably: 0, possibly: 0 }, conflictlock: { probably: 0, possibly: 0 }, condvar_deadlock: { probably: 0, possibly: 0 }, atomicity_violation: { possibly: 1 }, invalid_free: { possibly: 0 }, use_after_free: { possibly: 0 }"]}}]}],"kinds_order":["Cargo","Clippy(Error)","Clippy(Warn)","Semver Violation","Audit","Mirai","Rap","Rudra","Lockbud(Probably)","Lockbud(Possibly)","Outdated","Geiger","Unformatted"]}