{
  "repo": {
    "user": "arceos-org",
    "repo": "percpu"
  },
  "data": [
    {
      "user": "arceos-org",
      "repo": "percpu",
      "pkg": "percpu",
      "count": 2,
      "raw_reports": [
        {
          "file": "(virtual) atomvchecker",
          "features": "",
          "count": 1,
          "kinds": {
            "Cargo": [
              "// pkg_name=percpu, checker=Atomvchecker\n// toolchain=nightly-2025-06-26-x86_64-unknown-linux-gnu, target=x86_64-unknown-none\n// features=\n// pkg_dir=/home/runner/check/batch_4/arceos-org/percpu/percpu\n// cmd=cargo +nightly-2023-03-09 atomvchecker -k atomicity_violation -- --target x86_64-unknown-none \n// timestamp=2025-06-28 14:17:35.078160268 +08:00:00\n   Compiling bitflags v1.3.2\n   Compiling x86 v0.52.0\n   Compiling bit_field v0.10.2\n   Compiling percpu v0.2.0 (/home/runner/check/batch_4/arceos-org/percpu/percpu)\n   Compiling cfg-if v1.0.0\nerror[E0463]: can't find crate for `core`\n  |\n  = note: the `x86_64-unknown-none` target may not be installed\n  = help: consider downloading the target with `rustup target add x86_64-unknown-none`\n  = help: consider building the standard library from source with `cargo build -Zbuild-std`\n\nerror[E0463]: can't find crate for `compiler_builtins`\n\nFor more information about this error, try `rustc --explain E0463`.\nerror[E0463]: can't find crate for `core`\n   --> /home/runner/.cargo/registry/src/index.crates.io-6f17d22bba15001f/bitflags-1.3.2/src/lib.rs:282:1\n    |\n282 | pub extern crate core as _core;\n    | ^^^^^^^^^^^^^^^^^^^^^^^^^^^^^^^ can't find crate\n    |\n    = note: the `x86_64-unknown-none` target may not be installed\n    = help: consider downloading the target with `rustup target add x86_64-unknown-none`\n    = help: consider building the standard library from source with `cargo build -Zbuild-std`\n\nerror: could not compile `cfg-if` (lib) due to 2 previous errors\nwarning: build failed, waiting for other jobs to finish...\nerror: cannot find macro `assert` in this scope\n   --> /home/runner/.cargo/registry/src/index.crates.io-6f17d22bba15001f/bit_field-0.10.2/src/lib.rs:217:17\n    |\n217 |                 assert!(bit < Self::BIT_LENGTH);\n    |                 ^^^^^^\n...\n277 | bitfield_numeric_impl! { u8 u16 u32 u64 u128 usize i8 i16 i32 i64 i128 isize }\n    | ------------------------------------------------------------------------------ in this macro invocation\n    |\n    = note: this error originates in the macro `bitfield_numeric_impl` (in Nightly builds, run with -Z macro-backtrace for more info)\n\nerror: cannot find macro `assert` in this scope\n   --> /home/runner/.cargo/registry/src/index.crates.io-6f17d22bba15001f/bit_field-0.10.2/src/lib.rs:227:17\n    |\n227 |                 assert!(range.start < Self::BIT_LENGTH);\n    |                 ^^^^^^\n...\n277 | bitfield_numeric_impl! { u8 u16 u32 u64 u128 usize i8 i16 i32 i64 i128 isize }\n    | ------------------------------------------------------------------------------ in this macro invocation\n    |\n    = note: this error originates in the macro `bitfield_numeric_impl` (in Nightly builds, run with -Z macro-backtrace for more info)\n\nerror: cannot find macro `assert` in this scope\n   --> /home/runner/.cargo/registry/src/index.crates.io-6f17d22bba15001f/bit_field-0.10.2/src/lib.rs:228:17\n    |\n228 |                 assert!(range.end <= Self::BIT_LENGTH);\n    |                 ^^^^^^\n...\n277 | bitfield_numeric_impl! { u8 u16 u32 u64 u128 usize i8 i16 i32 i64 i128 isize }\n    | ------------------------------------------------------------------------------ in this macro invocation\n    |\n    = note: this error originates in the macro `bitfield_numeric_impl` (in Nightly builds, run with -Z macro-backtrace for more info)\n\nerror: cannot find macro `assert` in this scope\n   --> /home/runner/.cargo/registry/src/index.crates.io-6f17d22bba15001f/bit_field-0.10.2/src/lib.rs:229:17\n    |\n229 |                 assert!(range.start < range.end);\n    |                 ^^^^^^\n...\n277 | bitfield_numeric_impl! { u8 u16 u32 u64 u128 usize i8 i16 i32 i64 i128 isize }\n    | ------------------------------------------------------------------------------ in this macro invocation\n    |\n    = note: this error originates in the macro `bitfield_numeric_impl` (in Nightly builds, run with -Z macro-backtrace for more info)\n\nerror: cannot find macro `assert` in this scope\n   --> /home/runner/.cargo/registry/src/index.crates.io-6f17d22bba15001f/bit_field-0.10.2/src/lib.rs:241:17\n    |\n241 |                 assert!(bit < Self::BIT_LENGTH);\n    |                 ^^^^^^\n...\n277 | bitfield_numeric_impl! { u8 u16 u32 u64 u128 usize i8 i16 i32 i64 i128 isize }\n    | ------------------------------------------------------------------------------ in this macro invocation\n    |\n    = note: this error originates in the macro `bitfield_numeric_impl` (in Nightly builds, run with -Z macro-backtrace for more info)\n\nerror: cannot find macro `assert` in this scope\n   --> /home/runner/.cargo/registry/src/index.crates.io-6f17d22bba15001f/bit_field-0.10.2/src/lib.rs:257:17\n    |\n257 |                 assert!(range.start < Self::BIT_LENGTH);\n    |                 ^^^^^^\n...\n277 | bitfield_numeric_impl! { u8 u16 u32 u64 u128 usize i8 i16 i32 i64 i128 isize }\n    | ------------------------------------------------------------------------------ in this macro invocation\n    |\n    = note: this error originates in the macro `bitfield_numeric_impl` (in Nightly builds, run with -Z macro-backtrace for more info)\n\nerror: cannot find macro `assert` in this scope\n   --> /home/runner/.cargo/registry/src/index.crates.io-6f17d22bba15001f/bit_field-0.10.2/src/lib.rs:258:17\n    |\n258 |                 assert!(range.end <= Self::BIT_LENGTH);\n    |                 ^^^^^^\n...\n277 | bitfield_numeric_impl! { u8 u16 u32 u64 u128 usize i8 i16 i32 i64 i128 isize }\n    | ------------------------------------------------------------------------------ in this macro invocation\n    |\n    = note: this error originates in the macro `bitfield_numeric_impl` (in Nightly builds, run with -Z macro-backtrace for more info)\n\nerror: cannot find macro `assert` in this scope\n   --> /home/runner/.cargo/registry/src/index.crates.io-6f17d22bba15001f/bit_field-0.10.2/src/lib.rs:259:17\n    |\n259 |                 assert!(range.start < range.end);\n    |                 ^^^^^^\n...\n277 | bitfield_numeric_impl! { u8 u16 u32 u64 u128 usize i8 i16 i32 i64 i128 isize }\n    | ------------------------------------------------------------------------------ in this macro invocation\n    |\n    = note: this error originates in the macro `bitfield_numeric_impl` (in Nightly builds, run with -Z macro-backtrace for more info)\n\nerror: cannot find macro `assert` in this scope\n   --> /home/runner/.cargo/registry/src/index.crates.io-6f17d22bba15001f/bit_field-0.10.2/src/lib.rs:260:17\n    |\n260 |                 assert!(value << (Self::BIT_LENGTH - (range.end - range.start)) >>\n    |                 ^^^^^^\n...\n277 | bitfield_numeric_impl! { u8 u16 u32 u64 u128 usize i8 i16 i32 i64 i128 isize }\n    | ------------------------------------------------------------------------------ in this macro invocation\n    |\n    = note: this error originates in the macro `bitfield_numeric_impl` (in Nightly builds, run with -Z macro-backtrace for more info)\n\nerror: cannot find macro `assert` in this scope\n   --> /home/runner/.cargo/registry/src/index.crates.io-6f17d22bba15001f/bit_field-0.10.2/src/lib.rs:298:9\n    |\n298 |         assert!(range.len() <= T::BIT_LENGTH);\n    |         ^^^^^^\n\nerror: cannot find macro `assert` in this scope\n   --> /home/runner/.cargo/registry/src/index.crates.io-6f17d22bba15001f/bit_field-0.10.2/src/lib.rs:306:9\n    |\n306 |         assert!(slice_end - slice_start <= 1);\n    |         ^^^^^^\n\nerror: cannot find macro `assert` in this scope\n   --> /home/runner/.cargo/registry/src/index.crates.io-6f17d22bba15001f/bit_field-0.10.2/src/lib.rs:335:9\n    |\n335 |         assert!(range.len() <= T::BIT_LENGTH);\n    |         ^^^^^^\n\nerror: cannot find macro `assert` in this scope\n   --> /home/runner/.cargo/registry/src/index.crates.io-6f17d22bba15001f/bit_field-0.10.2/src/lib.rs:342:9\n    |\n342 |         assert!(slice_end - slice_start <= 1);\n    |         ^^^^^^\n\nerror: could not compile `bitflags` (lib) due to 3 previous errors\nerror: could not compile `bit_field` (lib) due to 15 previous errors\n"
            ]
          }
        },
        {
          "file": "[outdated direct dependencies]",
          "features": "",
          "count": 1,
          "kinds": {
            "Outdated": [
              "pkg=percpu, checker=Outdated\ntoolchain=nightly-2025-06-26-x86_64-unknown-linux-gnu, target=x86_64-unknown-none\nfeatures=\npkg_dir=/home/runner/check/batch_4/arceos-org/percpu/percpu\ncmd=cargo +nightly-2025-06-26-x86_64-unknown-linux-gnu outdated -R --exit-code=2\ntimestamp=2025-06-28 14:18:07.563602862 +08:00:00\n\nName    Project  Compat  Latest  Kind    Platform\n----    -------  ------  ------  ----    --------\ncfg-if  1.0.0    1.0.1   1.0.1   Normal  ---\nspin    0.9.8    ---     0.10.0  Normal  cfg(not(target_os = \"none\"))\n"
            ]
          }
        }
      ]
    },
    {
      "user": "arceos-org",
      "repo": "percpu",
      "pkg": "percpu_macros",
      "count": 1,
      "raw_reports": [
        {
          "file": "[outdated direct dependencies]",
          "features": "",
          "count": 1,
          "kinds": {
            "Outdated": [
              "pkg=percpu_macros, checker=Outdated\ntoolchain=nightly-2025-06-26-x86_64-unknown-linux-gnu, target=x86_64-unknown-none\nfeatures=\npkg_dir=/home/runner/check/batch_4/arceos-org/percpu/percpu_macros\ncmd=cargo +nightly-2025-06-26-x86_64-unknown-linux-gnu outdated -R --exit-code=2\ntimestamp=2025-06-28 14:18:08.754098207 +08:00:00\n\nName         Project  Compat   Latest   Kind    Platform\n----         -------  ------   ------   ----    --------\nproc-macro2  1.0.93   1.0.95   1.0.95   Normal  ---\nquote        1.0.38   1.0.40   1.0.40   Normal  ---\nsyn          2.0.96   2.0.104  2.0.104  Normal  ---\n"
            ]
          }
        }
      ]
    }
  ],
  "kinds_order": [
    "Cargo",
    "Clippy(Error)",
    "Clippy(Warn)",
    "Semver Violation",
    "Audit",
    "Mirai",
    "Rapx",
    "Rudra",
    "Lockbud(Probably)",
    "Lockbud(Possibly)",
    "Atomvchecker",
    "Outdated",
    "Geiger",
    "Unused Deps",
    "Unformatted"
  ]
}