{"repo":{"user":"guoweikang","repo":"osl"},"data":[{"user":"guoweikang","repo":"osl","pkg":"osl","count":11,"raw_reports":[{"file":"src/error.rs","count":3,"kinds":{"Clippy(Error)":["error[E0412]: cannot find type `Error` in this scope\n  --> src/error.rs:58:46\n   |\n58 | pub type Result<T> = core::result::Result<T, Error>;\n   |                                              ^^^^^ not found in this scope\n   |\nhelp: consider importing one of these items\n   |\n35 + use core::error::Error;\n   |\n35 + use core::fmt::Error;\n   |\n\n","error[E0412]: cannot find type `Error` in this scope\n  --> src/error.rs:62:14\n   |\n62 |     Err::<T, Error>(Error::from(errno))\n   |              ^^^^^ not found in this scope\n   |\nhelp: consider importing one of these items\n   |\n35 + use core::error::Error;\n   |\n35 + use core::fmt::Error;\n   |\n\n","error[E0433]: failed to resolve: use of undeclared type `Error`\n  --> src/error.rs:62:21\n   |\n62 |     Err::<T, Error>(Error::from(errno))\n   |                     ^^^^^ use of undeclared type `Error`\n   |\nhelp: consider importing one of these items\n   |\n35 + use core::error::Error;\n   |\n35 + use core::fmt::Error;\n   |\n\n"]}},{"file":"src/driver/irq.rs","count":2,"kinds":{"Clippy(Error)":["error[E0412]: cannot find type `Return` in this scope\n  --> src/driver/irq.rs:40:42\n   |\n40 | pub fn to_irq_return(val: ReturnEnum) -> Return {\n   |                                          ^^^^^^ not found in this scope\n\n","error[E0433]: failed to resolve: use of undeclared type `Return`\n  --> src/driver/irq.rs:41:5\n   |\n41 |     Return::from(val)\n   |     ^^^^^^ use of undeclared type `Return`\n\n"]}},{"file":"(virtual) clippy","count":1,"kinds":{"Cargo":["// pkg_name=osl, checker=Clippy\n// toolchain=nightly-2024-12-26-x86_64-unknown-linux-gnu, target=x86_64-unknown-linux-gnu\n// pkg_dir=/home/runner/check/batch_8/guoweikang/osl\n// cmd=cargo clippy --target x86_64-unknown-linux-gnu --no-deps --message-format=json\n// timestamp=2024-12-28 11:47:43.572025402 +08:00:00\n   Compiling proc-macro2 v1.0.92\n   Compiling unicode-ident v1.0.14\n   Compiling strsim v0.11.1\n   Compiling fnv v1.0.7\n   Compiling ident_case v1.0.1\n    Checking bitflags v2.6.0\n    Checking cfg-if v1.0.0\n   Compiling quote v1.0.38\n   Compiling syn v2.0.92\n   Compiling darling_core v0.20.10\n   Compiling darling_macro v0.20.10\n   Compiling darling v0.20.10\n   Compiling derive_builder_core v0.20.2\n   Compiling derive_builder_macro v0.20.2\n    Checking derive_builder v0.20.2\n    Checking osl v0.1.0 (/home/runner/check/batch_8/guoweikang/osl)\nerror: could not compile `osl` (lib) due to 6 previous errors\n"]}},{"file":"(virtual) lockbud","count":1,"kinds":{"Cargo":["// pkg_name=osl, checker=Lockbud\n// toolchain=nightly-2024-12-26-x86_64-unknown-linux-gnu, target=x86_64-unknown-linux-gnu\n// pkg_dir=/home/runner/check/batch_8/guoweikang/osl\n// cmd=cargo +nightly-2024-10-05 lockbud -k all -- --target x86_64-unknown-linux-gnu\n// timestamp=2024-12-28 11:47:58.398894551 +08:00:00\n    Updating git repository `https://github.com/Starry-OS/axhal.git`\n    Updating git repository `https://github.com/Starry-OS/axsync.git`\n    Updating git repository `https://github.com/Starry-OS/axtask.git`\n    Updating git repository `https://github.com/Starry-OS/axsignal.git`\n Downloading crates ...\n  Downloaded darling_macro v0.20.10\n  Downloaded derive_builder_macro v0.20.2\n  Downloaded derive_builder_core v0.20.2\n  Downloaded darling_core v0.20.10\n  Downloaded ident_case v1.0.1\n  Downloaded fnv v1.0.7\n  Downloaded derive_builder v0.20.2\n  Downloaded darling v0.20.10\n   Compiling proc-macro2 v1.0.92\n   Compiling unicode-ident v1.0.14\n   Compiling strsim v0.11.1\n   Compiling fnv v1.0.7\n   Compiling ident_case v1.0.1\n   Compiling bitflags v2.6.0\n   Compiling cfg-if v1.0.0\n   Compiling quote v1.0.38\n   Compiling syn v2.0.92\n   Compiling darling_core v0.20.10\n   Compiling darling_macro v0.20.10\n   Compiling darling v0.20.10\n   Compiling derive_builder_core v0.20.2\n   Compiling derive_builder_macro v0.20.2\n   Compiling derive_builder v0.20.2\n   Compiling osl v0.1.0 (/home/runner/check/batch_8/guoweikang/osl)\nerror[E0412]: cannot find type `Error` in this scope\n  --> src/error.rs:58:46\n   |\n58 | pub type Result<T> = core::result::Result<T, Error>;\n   |                                              ^^^^^ not found in this scope\n   |\nhelp: consider importing one of these items\n   |\n35 + use core::error::Error;\n   |\n35 + use core::fmt::Error;\n   |\n\nerror[E0412]: cannot find type `Error` in this scope\n  --> src/error.rs:62:14\n   |\n62 |     Err::<T, Error>(Error::from(errno))\n   |              ^^^^^ not found in this scope\n   |\nhelp: consider importing one of these items\n   |\n35 + use core::error::Error;\n   |\n35 + use core::fmt::Error;\n   |\n\nerror[E0433]: failed to resolve: use of undeclared type `Error`\n  --> src/error.rs:62:21\n   |\n62 |     Err::<T, Error>(Error::from(errno))\n   |                     ^^^^^ use of undeclared type `Error`\n   |\nhelp: consider importing one of these items\n   |\n35 + use core::error::Error;\n   |\n35 + use core::fmt::Error;\n   |\n\nerror[E0412]: cannot find type `Arc` in this scope\n  --> src/sync.rs:33:24\n   |\n33 |     fn new() -> Result<Arc<Self>>;\n   |                        ^^^ not found in this scope\n\nerror[E0412]: cannot find type `Return` in this scope\n  --> src/driver/irq.rs:40:42\n   |\n40 | pub fn to_irq_return(val: ReturnEnum) -> Return {\n   |                                          ^^^^^^ not found in this scope\n\nerror[E0433]: failed to resolve: use of undeclared type `Return`\n  --> src/driver/irq.rs:41:5\n   |\n41 |     Return::from(val)\n   |     ^^^^^^ use of undeclared type `Return`\n\nSome errors have detailed explanations: E0412, E0433.\nFor more information about an error, try `rustc --explain E0412`.\nerror: could not compile `osl` (lib) due to 6 previous errors\n"]}},{"file":"(virtual) rap","count":1,"kinds":{"Cargo":["// pkg_name=osl, checker=Rap\n// toolchain=nightly-2024-12-26-x86_64-unknown-linux-gnu, target=x86_64-unknown-linux-gnu\n// pkg_dir=/home/runner/check/batch_8/guoweikang/osl\n// cmd=cargo +nightly-2024-10-12 rap -F -M -- --target x86_64-unknown-linux-gnu\n// timestamp=2024-12-28 11:48:05.542838938 +08:00:00\n   Compiling proc-macro2 v1.0.92\n   Compiling unicode-ident v1.0.14\n   Compiling ident_case v1.0.1\n   Compiling fnv v1.0.7\n   Compiling strsim v0.11.1\n    Checking cfg-if v1.0.0\n    Checking bitflags v2.6.0\n   Compiling quote v1.0.38\n   Compiling syn v2.0.92\n   Compiling darling_core v0.20.10\n   Compiling darling_macro v0.20.10\n   Compiling darling v0.20.10\n   Compiling derive_builder_core v0.20.2\n   Compiling derive_builder_macro v0.20.2\n    Checking derive_builder v0.20.2\n    Checking osl v0.1.0 (/home/runner/check/batch_8/guoweikang/osl)\nerror[E0412]: cannot find type `Error` in this scope\n  --> src/error.rs:58:46\n   |\n58 | pub type Result<T> = core::result::Result<T, Error>;\n   |                                              ^^^^^ not found in this scope\n   |\nhelp: consider importing one of these items\n   |\n35 + use core::error::Error;\n   |\n35 + use core::fmt::Error;\n   |\n\nerror[E0412]: cannot find type `Error` in this scope\n  --> src/error.rs:62:14\n   |\n62 |     Err::<T, Error>(Error::from(errno))\n   |              ^^^^^ not found in this scope\n   |\nhelp: consider importing one of these items\n   |\n35 + use core::error::Error;\n   |\n35 + use core::fmt::Error;\n   |\n\nerror[E0433]: failed to resolve: use of undeclared type `Error`\n  --> src/error.rs:62:21\n   |\n62 |     Err::<T, Error>(Error::from(errno))\n   |                     ^^^^^ use of undeclared type `Error`\n   |\nhelp: consider importing one of these items\n   |\n35 + use core::error::Error;\n   |\n35 + use core::fmt::Error;\n   |\n\nerror[E0412]: cannot find type `Arc` in this scope\n  --> src/sync.rs:33:24\n   |\n33 |     fn new() -> Result<Arc<Self>>;\n   |                        ^^^ not found in this scope\n\nerror[E0412]: cannot find type `Return` in this scope\n  --> src/driver/irq.rs:40:42\n   |\n40 | pub fn to_irq_return(val: ReturnEnum) -> Return {\n   |                                          ^^^^^^ not found in this scope\n\nerror[E0433]: failed to resolve: use of undeclared type `Return`\n  --> src/driver/irq.rs:41:5\n   |\n41 |     Return::from(val)\n   |     ^^^^^^ use of undeclared type `Return`\n\nSome errors have detailed explanations: E0412, E0433.\nFor more information about an error, try `rustc --explain E0412`.\nerror: could not compile `osl` (lib) due to 6 previous errors\n03:48:11|RAP|ERROR|: Finished with non-zero exit code.\n"]}},{"file":"(virtual) semver-checks","count":1,"kinds":{"Cargo":["// pkg_name=osl, checker=SemverChecks\n// toolchain=nightly-2024-12-26-x86_64-unknown-linux-gnu, target=x86_64-unknown-linux-gnu\n// pkg_dir=/home/runner/check/batch_8/guoweikang/osl\n// cmd=cargo +nightly-2024-12-26-x86_64-unknown-linux-gnu semver-checks --target x86_64-unknown-linux-gnu\n// timestamp=2024-12-28 11:47:48.746070252 +08:00:00\n    Building osl v0.1.0 (current)\nerror: running cargo-doc on crate 'osl' failed with output:\n-----\n   Compiling proc-macro2 v1.0.92\n   Compiling hashbrown v0.15.2\n   Compiling serde v1.0.217\n   Compiling equivalent v1.0.1\n   Compiling unicode-ident v1.0.14\n   Compiling winnow v0.6.20\n   Compiling toml_datetime v0.6.8\n   Compiling indexmap v2.7.0\n   Compiling quote v1.0.38\n    Checking bit_field v0.10.2\n   Compiling syn v2.0.92\n    Checking bitflags v1.3.2\n    Checking raw-cpuid v10.7.0\n   Compiling toml_edit v0.22.22\n   Compiling x86 v0.52.0\n   Compiling autocfg v1.4.0\n   Compiling lock_api v0.4.12\n    Checking cfg-if v1.0.0\n   Compiling rustversion v1.0.19\n    Checking log v0.4.22\n    Checking scopeguard v1.2.0\n   Compiling taskctx v0.1.0 (https://github.com/Starry-OS/taskctx.git#3c3ad2fb)\n    Checking bitflags v2.6.0\n    Checking memory_addr v0.1.0 (https://github.com/Starry-OS/memory_addr.git#a5be547a)\n    Checking static_assertions v1.1.0\n    Checking volatile v0.4.6\n    Checking numeric-enum-macro v0.2.0 (https://github.com/mexus/numeric-enum-macro#20aef288)\n    Checking spin v0.9.8\n   Compiling paste v1.0.15\n    Checking tock-registers v0.8.1\n   Compiling strsim v0.11.1\n   Compiling ident_case v1.0.1\n   Compiling percpu v0.1.0 (https://github.com/Starry-OS/percpu.git#85e6d8a7)\n   Compiling fnv v1.0.7\n   Compiling darling_core v0.20.10\n    Checking aarch64-cpu v9.4.0\n   Compiling axconfig v0.1.0 (https://github.com/Starry-OS/axconfig.git#2a880338)\nerror[E0787]: the `asm!` macro is not allowed in naked functions\n   --> /home/runner/.cargo/git/checkouts/taskctx-00ed8d16ef39a8b8/3c3ad2f/src/arch/x86_64.rs:162:5\n    |\n162 | /     asm!(\n163 | |         \"\n164 | |         push    rbp\n165 | |         push    rbx\n...   |\n180 | |         options(noreturn),\n181 | |     )\n    | |_____^ consider using the `naked_asm!` macro instead\n\nFor more information about this error, try `rustc --explain E0787`.\nerror: could not compile `taskctx` (lib) due to 1 previous error\nwarning: build failed, waiting for other jobs to finish...\n\n-----\n\nerror: failed to build rustdoc for crate osl v0.1.0\nnote: this is usually due to a compilation error in the crate,\n      and is unlikely to be a bug in cargo-semver-checks\nnote: the following command can be used to reproduce the compilation error:\n      cargo new --lib example &&\n          cd example &&\n          echo '[workspace]' >> Cargo.toml &&\n          cargo add --path /home/runner/check/batch_8/guoweikang/osl --features arceos,axerrno,axhal,axlog,axsync,axtask,linux &&\n          cargo check\n\nerror: aborting due to failure to build rustdoc for crate osl v0.1.0\n"]}},{"file":"[semver checks]","count":1,"kinds":{"Semver Violation":["pkg=osl, checker=SemverChecks\ntoolchain=nightly-2024-12-26-x86_64-unknown-linux-gnu, target=x86_64-unknown-linux-gnu\npkg_dir=/home/runner/check/batch_8/guoweikang/osl\ncmd=cargo +nightly-2024-12-26-x86_64-unknown-linux-gnu semver-checks --target x86_64-unknown-linux-gnu\n\n\nstdout:\n\nstderr:\n    Building osl v0.1.0 (current)\nerror: running cargo-doc on crate 'osl' failed with output:\n-----\n   Compiling proc-macro2 v1.0.92\n   Compiling hashbrown v0.15.2\n   Compiling serde v1.0.217\n   Compiling equivalent v1.0.1\n   Compiling unicode-ident v1.0.14\n   Compiling winnow v0.6.20\n   Compiling toml_datetime v0.6.8\n   Compiling indexmap v2.7.0\n   Compiling quote v1.0.38\n    Checking bit_field v0.10.2\n   Compiling syn v2.0.92\n    Checking bitflags v1.3.2\n    Checking raw-cpuid v10.7.0\n   Compiling toml_edit v0.22.22\n   Compiling x86 v0.52.0\n   Compiling autocfg v1.4.0\n   Compiling lock_api v0.4.12\n    Checking cfg-if v1.0.0\n   Compiling rustversion v1.0.19\n    Checking log v0.4.22\n    Checking scopeguard v1.2.0\n   Compiling taskctx v0.1.0 (https://github.com/Starry-OS/taskctx.git#3c3ad2fb)\n    Checking bitflags v2.6.0\n    Checking memory_addr v0.1.0 (https://github.com/Starry-OS/memory_addr.git#a5be547a)\n    Checking static_assertions v1.1.0\n    Checking volatile v0.4.6\n    Checking numeric-enum-macro v0.2.0 (https://github.com/mexus/numeric-enum-macro#20aef288)\n    Checking spin v0.9.8\n   Compiling paste v1.0.15\n    Checking tock-registers v0.8.1\n   Compiling strsim v0.11.1\n   Compiling ident_case v1.0.1\n   Compiling percpu v0.1.0 (https://github.com/Starry-OS/percpu.git#85e6d8a7)\n   Compiling fnv v1.0.7\n   Compiling darling_core v0.20.10\n    Checking aarch64-cpu v9.4.0\n   Compiling axconfig v0.1.0 (https://github.com/Starry-OS/axconfig.git#2a880338)\nerror[E0787]: the `asm!` macro is not allowed in naked functions\n   --> /home/runner/.cargo/git/checkouts/taskctx-00ed8d16ef39a8b8/3c3ad2f/src/arch/x86_64.rs:162:5\n    |\n162 | /     asm!(\n163 | |         \"\n164 | |         push    rbp\n165 | |         push    rbx\n...   |\n180 | |         options(noreturn),\n181 | |     )\n    | |_____^ consider using the `naked_asm!` macro instead\n\nFor more information about this error, try `rustc --explain E0787`.\nerror: could not compile `taskctx` (lib) due to 1 previous error\nwarning: build failed, waiting for other jobs to finish...\n\n-----\n\nerror: failed to build rustdoc for crate osl v0.1.0\nnote: this is usually due to a compilation error in the crate,\n      and is unlikely to be a bug in cargo-semver-checks\nnote: the following command can be used to reproduce the compilation error:\n      cargo new --lib example &&\n          cd example &&\n          echo '[workspace]' >> Cargo.toml &&\n          cargo add --path /home/runner/check/batch_8/guoweikang/osl --features arceos,axerrno,axhal,axlog,axsync,axtask,linux &&\n          cargo check\n\nerror: aborting due to failure to build rustdoc for crate osl v0.1.0\n"]}},{"file":"src/sync.rs","count":1,"kinds":{"Clippy(Error)":["error[E0412]: cannot find type `Arc` in this scope\n  --> src/sync.rs:33:24\n   |\n33 |     fn new() -> Result<Arc<Self>>;\n   |                        ^^^ not found in this scope\n\n"]}}]}],"kinds_order":["Cargo","Clippy(Error)","Clippy(Warn)","Semver Violation","Audit","Mirai","Rap","Rudra","Lockbud(Probably)","Lockbud(Possibly)","Outdated","Geiger","Unformatted"]}