{
  "repo": {
    "user": "guoweikang",
    "repo": "osl"
  },
  "data": [
    {
      "user": "guoweikang",
      "repo": "osl",
      "pkg": "osl",
      "count": 20,
      "raw_reports": [
        {
          "file": "/home/runner/.cargo/git/checkouts/arceos-3bdd51727ca45c19/a634925/modules/axhal/src/arch/x86_64/context.rs",
          "features": "--features arceos",
          "count": 4,
          "kinds": {
            "Mirai": [
              "error[E0658]: use of unstable library feature `naked_functions`\n   --> /home/runner/.cargo/git/checkouts/arceos-3bdd51727ca45c19/a634925/modules/axhal/src/arch/x86_64/context.rs:453:5\n    |\n453 |     naked_asm!(\n    |     ^^^^^^^^^\n    |\n    = note: see issue #90957 <https://github.com/rust-lang/rust/issues/90957> for more information\n    = help: add `#![feature(naked_functions)]` to the crate attributes to enable\n    = note: this compiler was built on 2025-01-09; consider upgrading it if it is out of date\n\n",
              "error: `naked` is not an unsafe attribute\n   --> /home/runner/.cargo/git/checkouts/arceos-3bdd51727ca45c19/a634925/modules/axhal/src/arch/x86_64/context.rs:451:3\n    |\n451 | #[unsafe(naked)]\n    |   ^^^^^^ this is not an unsafe attribute\n    |\n    = note: extraneous unsafe is not allowed in attributes\n\n",
              "error[E0658]: the `#[naked]` attribute is an experimental feature\n   --> /home/runner/.cargo/git/checkouts/arceos-3bdd51727ca45c19/a634925/modules/axhal/src/arch/x86_64/context.rs:451:1\n    |\n451 | #[unsafe(naked)]\n    | ^^^^^^^^^^^^^^^^\n    |\n    = note: see issue #90957 <https://github.com/rust-lang/rust/issues/90957> for more information\n    = help: add `#![feature(naked_functions)]` to the crate attributes to enable\n    = note: this compiler was built on 2025-01-09; consider upgrading it if it is out of date\n\n",
              "error[E0658]: use of unstable library feature `naked_functions`\n --> /home/runner/.cargo/git/checkouts/arceos-3bdd51727ca45c19/a634925/modules/axhal/src/arch/x86_64/context.rs:1:12\n  |\n1 | use core::{arch::naked_asm, fmt};\n  |            ^^^^^^^^^^^^^^^\n  |\n  = note: see issue #90957 <https://github.com/rust-lang/rust/issues/90957> for more information\n  = help: add `#![feature(naked_functions)]` to the crate attributes to enable\n  = note: this compiler was built on 2025-01-09; consider upgrading it if it is out of date\n\n"
            ]
          }
        },
        {
          "file": "/home/runner/.cargo/git/checkouts/arceos-3bdd51727ca45c19/a634925/modules/axhal/src/paging.rs",
          "features": "--features arceos",
          "count": 3,
          "kinds": {
            "Mirai": [
              "error[E0053]: method `alloc_frame` has an incompatible type for trait\n  --> /home/runner/.cargo/git/checkouts/arceos-3bdd51727ca45c19/a634925/modules/axhal/src/paging.rs:39:25\n   |\n39 |     fn alloc_frame() -> Option<PhysAddr> {\n   |                         ^^^^^^^^^^^^^^^^ expected `memory_addr::addr::PhysAddr`, found `memory_addr::PhysAddr`\n   |\n   = note: expected signature `fn() -> Option<memory_addr::addr::PhysAddr>`\n              found signature `fn() -> Option<memory_addr::PhysAddr>`\nhelp: change the output type to match the trait\n   |\n39 |     fn alloc_frame() -> Option<memory_addr::addr::PhysAddr> {\n   |                         ~~~~~~~~~~~~~~~~~~~~~~~~~~~~~~~~~~~\n\n",
              "error[E0053]: method `dealloc_frame` has an incompatible type for trait\n  --> /home/runner/.cargo/git/checkouts/arceos-3bdd51727ca45c19/a634925/modules/axhal/src/paging.rs:46:29\n   |\n46 |     fn dealloc_frame(paddr: PhysAddr) {\n   |                             ^^^^^^^^ expected `memory_addr::addr::PhysAddr`, found `memory_addr::PhysAddr`\n   |\n   = note: expected signature `fn(memory_addr::addr::PhysAddr)`\n              found signature `fn(memory_addr::PhysAddr)`\nhelp: change the parameter type to match the trait\n   |\n46 |     fn dealloc_frame(paddr: memory_addr::addr::PhysAddr) {\n   |                             ~~~~~~~~~~~~~~~~~~~~~~~~~~~\n\n",
              "error[E0053]: method `phys_to_virt` has an incompatible type for trait\n  --> /home/runner/.cargo/git/checkouts/arceos-3bdd51727ca45c19/a634925/modules/axhal/src/paging.rs:51:28\n   |\n51 |     fn phys_to_virt(paddr: PhysAddr) -> VirtAddr {\n   |                            ^^^^^^^^ expected `memory_addr::addr::PhysAddr`, found `memory_addr::PhysAddr`\n   |\n   = note: expected signature `fn(memory_addr::addr::PhysAddr) -> memory_addr::addr::VirtAddr`\n              found signature `fn(memory_addr::PhysAddr) -> memory_addr::VirtAddr`\nhelp: change the parameter type to match the trait\n   |\n51 |     fn phys_to_virt(paddr: memory_addr::addr::PhysAddr) -> VirtAddr {\n   |                            ~~~~~~~~~~~~~~~~~~~~~~~~~~~\n\n"
            ]
          }
        },
        {
          "file": "/home/runner/.cargo/git/checkouts/taskctx-00ed8d16ef39a8b8/bee485a/src/arch/x86_64.rs",
          "features": "--features arceos",
          "count": 1,
          "kinds": {
            "Clippy(Error)": [
              "error: unsafe attribute used without unsafe\n   --> /home/runner/.cargo/git/checkouts/taskctx-00ed8d16ef39a8b8/bee485a/src/arch/x86_64.rs:158:3\n    |\n158 | #[naked]\n    |   ^^^^^ usage of unsafe attribute\n    |\nhelp: wrap the attribute in `unsafe(...)`\n    |\n158 | #[unsafe(naked)]\n    |   +++++++     +\n\n"
            ]
          }
        },
        {
          "file": "/home/runner/.cargo/registry/src/index.crates.io-1949cf8c6b5b557f/log-0.4.21/src/lib.rs",
          "features": "--features arceos",
          "count": 1,
          "kinds": {
            "Lockbud(Possibly)": [
              "{\n  \"bug_kind\": \"AtomicityViolation\",\n  \"possibility\": \"Possibly\",\n  \"diagnosis\": {\n    \"fn_name\": \"set_logger_racy\",\n    \"atomic_reader\": \"/home/runner/.cargo/registry/src/index.crates.io-1949cf8c6b5b557f/log-0.4.21/src/lib.rs:1408:11: 1408:39 (#0)\",\n    \"atomic_writer\": \"/home/runner/.cargo/registry/src/index.crates.io-1949cf8c6b5b557f/log-0.4.21/src/lib.rs:1411:13: 1411:55 (#0)\",\n    \"dep_kind\": \"Control\"\n  },\n  \"explanation\": \"atomic::store is data/control dependent on atomic::load\"\n}"
            ]
          }
        },
        {
          "file": "(virtual) clippy",
          "features": "",
          "count": 1,
          "kinds": {
            "Cargo": [
              "// pkg_name=osl, checker=Clippy\n// toolchain=nightly-2025-06-26-x86_64-unknown-linux-gnu, target=x86_64-unknown-linux-gnu\n// features=--features arceos\n// pkg_dir=/home/runner/check/batch_5/guoweikang/osl\n// cmd=cargo clippy --target x86_64-unknown-linux-gnu --features arceos --no-deps\n// timestamp=2025-06-28 11:29:33.452552356 +08:00:00\n Downloading crates ...\n  Downloaded bitmap-allocator v0.2.0\n  Downloaded memory_addr v0.4.0\n  Downloaded axconfig-gen-macros v0.1.0\n  Downloaded anstyle-query v1.1.3\n  Downloaded utf8parse v0.2.2\n  Downloaded fdt v0.1.5\n  Downloaded linkme v0.3.33\n  Downloaded derive_more-impl v2.0.1\n  Downloaded strum_macros v0.27.1\n  Downloaded lazyinit v0.2.2\n  Downloaded axconfig-gen v0.1.0\n  Downloaded percpu v0.2.0\n  Downloaded unicode-segmentation v1.12.0\n  Downloaded heck v0.5.0\n  Downloaded log v0.4.21\n  Downloaded derive_more v2.0.1\n  Downloaded clap_builder v4.5.40\n  Downloaded clap_derive v4.5.40\n  Downloaded anstyle-parse v0.2.7\n  Downloaded linkme-impl v0.3.33\n  Downloaded convert_case v0.7.1\n  Downloaded page_table_multiarch v0.5.4\n  Downloaded page_table_entry v0.5.4\n  Downloaded kernel_guard v0.1.2\n  Downloaded int_ratio v0.1.2\n  Downloaded crate_interface v0.1.4\n  Downloaded anstream v0.6.19\n  Downloaded clap_lex v0.7.5\n  Downloaded x86_64 v0.15.2\n  Downloaded clap v4.5.40\n  Downloaded axerrno v0.1.0\n  Downloaded anstyle v1.0.11\n  Downloaded percpu_macros v0.2.0\n  Downloaded memory_addr v0.3.2\n  Downloaded kspin v0.1.0\n  Downloaded is_terminal_polyfill v1.70.1\n  Downloaded handler_table v0.1.2\n  Downloaded linux-raw-sys v0.9.4\n  Downloaded colorchoice v1.0.4\n   Compiling proc-macro2 v1.0.95\n   Compiling unicode-ident v1.0.18\n   Compiling hashbrown v0.15.4\n   Compiling equivalent v1.0.2\n   Compiling winnow v0.7.11\n   Compiling toml_datetime v0.6.11\n   Compiling toml_write v0.1.2\n    Checking bit_field v0.10.2\n    Checking cfg-if v1.0.1\n   Compiling indexmap v2.10.0\n   Compiling strsim v0.11.1\n   Compiling quote v1.0.40\n   Compiling syn v2.0.104\n   Compiling serde v1.0.219\n    Checking log v0.4.21\n    Checking bitflags v1.3.2\n    Checking raw-cpuid v10.7.0\n   Compiling toml_edit v0.22.27\n   Compiling x86 v0.52.0\n   Compiling utf8parse v0.2.2\n   Compiling rustversion v1.0.21\n   Compiling anstyle-parse v0.2.7\n   Compiling is_terminal_polyfill v1.70.1\n   Compiling autocfg v1.5.0\n   Compiling anstyle-query v1.1.3\n   Compiling colorchoice v1.0.4\n   Compiling heck v0.5.0\n   Compiling anstyle v1.0.11\n   Compiling anstream v0.6.19\n   Compiling lock_api v0.4.13\n   Compiling clap_lex v0.7.5\n    Checking bitflags v2.9.1\n   Compiling clap_builder v4.5.40\n    Checking volatile v0.4.6\n    Checking scopeguard v1.2.0\n   Compiling axconfig v0.1.0 (https://github.com/oscomp/arceos.git#a634925a)\n   Compiling syn v1.0.109\n   Compiling axconfig v0.1.0 (https://github.com/Starry-OS/axconfig.git#2a880338)\n    Checking spin v0.9.8\n    Checking static_assertions v1.1.0\n   Compiling libc v0.2.174\n    Checking x86_64 v0.15.2\n   Compiling paste v1.0.15\n   Compiling clap_derive v4.5.40\n   Compiling crate_interface v0.1.4\n   Compiling unicode-width v0.1.14\n   Compiling base64 v0.13.1\n   Compiling taskctx v0.1.0 (https://github.com/Starry-OS/taskctx.git#bee485a8)\n    Checking memory_addr v0.1.0 (https://github.com/Starry-OS/memory_addr.git#a5be547a)\n    Checking kernel_guard v0.1.2\n   Compiling svgbobdoc v0.3.0\n   Compiling linkme-impl v0.3.33\n    Checking const-default v1.0.0\n   Compiling axerrno v0.1.0\n    Checking numeric-enum-macro v0.2.0 (https://github.com/mexus/numeric-enum-macro#20aef288)\nerror: could not compile `taskctx` (lib) due to 1 previous error\nwarning: build failed, waiting for other jobs to finish...\n"
            ]
          }
        },
        {
          "file": "(virtual) geiger",
          "features": "",
          "count": 1,
          "kinds": {
            "Cargo": [
              "// pkg_name=osl, checker=Geiger\n// toolchain=nightly-2025-06-26-x86_64-unknown-linux-gnu, target=x86_64-unknown-linux-gnu\n// features=--features arceos\n// pkg_dir=/home/runner/check/batch_5/guoweikang/osl\n// cmd=cargo +nightly-2025-06-26-x86_64-unknown-linux-gnu geiger --output-format Ascii\n// timestamp=2025-06-28 11:30:47.084515059 +08:00:00\n     Removed 0 files\n   Compiling proc-macro2 v1.0.95\n   Compiling unicode-ident v1.0.18\n   Compiling fnv v1.0.7\n   Compiling ident_case v1.0.1\n{\"$message_type\":\"artifact\",\"artifact\":\"/home/runner/check/batch_5/guoweikang/osl/target/debug/deps/ident_case-a52beed4582375b5.d\",\"emit\":\"dep-info\"}\n{\"$message_type\":\"artifact\",\"artifact\":\"/home/runner/check/batch_5/guoweikang/osl/target/debug/deps/fnv-1dce063efb2ea7a2.d\",\"emit\":\"dep-info\"}\n{\"$message_type\":\"artifact\",\"artifact\":\"/home/runner/check/batch_5/guoweikang/osl/target/debug/build/proc-macro2-4b131a9cc84a5cde/build_script_build-4b131a9cc84a5cde.d\",\"emit\":\"dep-info\"}\n{\"$message_type\":\"artifact\",\"artifact\":\"/home/runner/check/batch_5/guoweikang/osl/target/debug/deps/unicode_ident-1d1395cd7a8bd8da.d\",\"emit\":\"dep-info\"}\n{\"$message_type\":\"artifact\",\"artifact\":\"/home/runner/check/batch_5/guoweikang/osl/target/debug/deps/libfnv-1dce063efb2ea7a2.rmeta\",\"emit\":\"metadata\"}\n{\"$message_type\":\"artifact\",\"artifact\":\"/home/runner/check/batch_5/guoweikang/osl/target/debug/deps/libfnv-1dce063efb2ea7a2.rlib\",\"emit\":\"link\"}\n   Compiling strsim v0.11.1\n{\"$message_type\":\"artifact\",\"artifact\":\"/home/runner/check/batch_5/guoweikang/osl/target/debug/deps/libident_case-a52beed4582375b5.rmeta\",\"emit\":\"metadata\"}\n{\"$message_type\":\"artifact\",\"artifact\":\"/home/runner/check/batch_5/guoweikang/osl/target/debug/deps/libident_case-a52beed4582375b5.rlib\",\"emit\":\"link\"}\n{\"$message_type\":\"artifact\",\"artifact\":\"/home/runner/check/batch_5/guoweikang/osl/target/debug/deps/libunicode_ident-1d1395cd7a8bd8da.rmeta\",\"emit\":\"metadata\"}\n    Checking bitflags v2.9.1\n{\"$message_type\":\"artifact\",\"artifact\":\"/home/runner/check/batch_5/guoweikang/osl/target/debug/deps/libunicode_ident-1d1395cd7a8bd8da.rlib\",\"emit\":\"link\"}\n    Checking cfg-if v1.0.1\n{\"$message_type\":\"artifact\",\"artifact\":\"/home/runner/check/batch_5/guoweikang/osl/target/debug/deps/strsim-e43e4c9759052fa0.d\",\"emit\":\"dep-info\"}\n{\"$message_type\":\"artifact\",\"artifact\":\"/home/runner/check/batch_5/guoweikang/osl/target/debug/deps/cfg_if-375191e112da1984.d\",\"emit\":\"dep-info\"}\n{\"$message_type\":\"artifact\",\"artifact\":\"/home/runner/check/batch_5/guoweikang/osl/target/debug/deps/libcfg_if-375191e112da1984.rmeta\",\"emit\":\"metadata\"}\n{\"$message_type\":\"artifact\",\"artifact\":\"/home/runner/check/batch_5/guoweikang/osl/target/debug/deps/bitflags-7c3693fde2daac8d.d\",\"emit\":\"dep-info\"}\n{\"$message_type\":\"artifact\",\"artifact\":\"/home/runner/check/batch_5/guoweikang/osl/target/debug/deps/libbitflags-7c3693fde2daac8d.rmeta\",\"emit\":\"metadata\"}\n{\"$message_type\":\"artifact\",\"artifact\":\"/home/runner/check/batch_5/guoweikang/osl/target/debug/build/proc-macro2-4b131a9cc84a5cde/build_script_build-4b131a9cc84a5cde\",\"emit\":\"link\"}\n{\"$message_type\":\"artifact\",\"artifact\":\"/home/runner/check/batch_5/guoweikang/osl/target/debug/deps/libstrsim-e43e4c9759052fa0.rmeta\",\"emit\":\"metadata\"}\n{\"$message_type\":\"artifact\",\"artifact\":\"/home/runner/check/batch_5/guoweikang/osl/target/debug/deps/libstrsim-e43e4c9759052fa0.rlib\",\"emit\":\"link\"}\n{\"$message_type\":\"artifact\",\"artifact\":\"/home/runner/check/batch_5/guoweikang/osl/target/debug/deps/proc_macro2-d52e1b0fd08ab4a5.d\",\"emit\":\"dep-info\"}\n{\"$message_type\":\"artifact\",\"artifact\":\"/home/runner/check/batch_5/guoweikang/osl/target/debug/deps/libproc_macro2-d52e1b0fd08ab4a5.rmeta\",\"emit\":\"metadata\"}\n{\"$message_type\":\"artifact\",\"artifact\":\"/home/runner/check/batch_5/guoweikang/osl/target/debug/deps/libproc_macro2-d52e1b0fd08ab4a5.rlib\",\"emit\":\"link\"}\n   Compiling quote v1.0.40\n{\"$message_type\":\"artifact\",\"artifact\":\"/home/runner/check/batch_5/guoweikang/osl/target/debug/deps/quote-c8eb33032447793c.d\",\"emit\":\"dep-info\"}\n{\"$message_type\":\"artifact\",\"artifact\":\"/home/runner/check/batch_5/guoweikang/osl/target/debug/deps/libquote-c8eb33032447793c.rmeta\",\"emit\":\"metadata\"}\n{\"$message_type\":\"artifact\",\"artifact\":\"/home/runner/check/batch_5/guoweikang/osl/target/debug/deps/libquote-c8eb33032447793c.rlib\",\"emit\":\"link\"}\n   Compiling syn v2.0.104\n{\"$message_type\":\"artifact\",\"artifact\":\"/home/runner/check/batch_5/guoweikang/osl/target/debug/deps/syn-6c4a678235876a12.d\",\"emit\":\"dep-info\"}\n{\"$message_type\":\"artifact\",\"artifact\":\"/home/runner/check/batch_5/guoweikang/osl/target/debug/deps/libsyn-6c4a678235876a12.rmeta\",\"emit\":\"metadata\"}\n{\"$message_type\":\"artifact\",\"artifact\":\"/home/runner/check/batch_5/guoweikang/osl/target/debug/deps/libsyn-6c4a678235876a12.rlib\",\"emit\":\"link\"}\n   Compiling darling_core v0.20.11\n{\"$message_type\":\"artifact\",\"artifact\":\"/home/runner/check/batch_5/guoweikang/osl/target/debug/deps/darling_core-bc85f888c4770c04.d\",\"emit\":\"dep-info\"}\n{\"$message_type\":\"artifact\",\"artifact\":\"/home/runner/check/batch_5/guoweikang/osl/target/debug/deps/libdarling_core-bc85f888c4770c04.rmeta\",\"emit\":\"metadata\"}\n{\"$message_type\":\"artifact\",\"artifact\":\"/home/runner/check/batch_5/guoweikang/osl/target/debug/deps/libdarling_core-bc85f888c4770c04.rlib\",\"emit\":\"link\"}\n   Compiling darling_macro v0.20.11\n{\"$message_type\":\"artifact\",\"artifact\":\"/home/runner/check/batch_5/guoweikang/osl/target/debug/deps/darling_macro-c03db7f0f962992a.d\",\"emit\":\"dep-info\"}\n{\"$message_type\":\"artifact\",\"artifact\":\"/home/runner/check/batch_5/guoweikang/osl/target/debug/deps/libdarling_macro-c03db7f0f962992a.so\",\"emit\":\"link\"}\n   Compiling darling v0.20.11\n{\"$message_type\":\"artifact\",\"artifact\":\"/home/runner/check/batch_5/guoweikang/osl/target/debug/deps/darling-937fd47ce4f26e99.d\",\"emit\":\"dep-info\"}\n{\"$message_type\":\"artifact\",\"artifact\":\"/home/runner/check/batch_5/guoweikang/osl/target/debug/deps/libdarling-937fd47ce4f26e99.rmeta\",\"emit\":\"metadata\"}\n{\"$message_type\":\"artifact\",\"artifact\":\"/home/runner/check/batch_5/guoweikang/osl/target/debug/deps/libdarling-937fd47ce4f26e99.rlib\",\"emit\":\"link\"}\n   Compiling derive_builder_core v0.20.2\n{\"$message_type\":\"artifact\",\"artifact\":\"/home/runner/check/batch_5/guoweikang/osl/target/debug/deps/derive_builder_core-78a1ab42c4e1546c.d\",\"emit\":\"dep-info\"}\n{\"$message_type\":\"artifact\",\"artifact\":\"/home/runner/check/batch_5/guoweikang/osl/target/debug/deps/libderive_builder_core-78a1ab42c4e1546c.rmeta\",\"emit\":\"metadata\"}\n{\"$message_type\":\"artifact\",\"artifact\":\"/home/runner/check/batch_5/guoweikang/osl/target/debug/deps/libderive_builder_core-78a1ab42c4e1546c.rlib\",\"emit\":\"link\"}\n   Compiling derive_builder_macro v0.20.2\n{\"$message_type\":\"artifact\",\"artifact\":\"/home/runner/check/batch_5/guoweikang/osl/target/debug/deps/derive_builder_macro-e3ac860fe6e03547.d\",\"emit\":\"dep-info\"}\n{\"$message_type\":\"artifact\",\"artifact\":\"/home/runner/check/batch_5/guoweikang/osl/target/debug/deps/libderive_builder_macro-e3ac860fe6e03547.so\",\"emit\":\"link\"}\n    Checking derive_builder v0.20.2\n{\"$message_type\":\"artifact\",\"artifact\":\"/home/runner/check/batch_5/guoweikang/osl/target/debug/deps/derive_builder-4288ca55029a7a25.d\",\"emit\":\"dep-info\"}\n{\"$message_type\":\"artifact\",\"artifact\":\"/home/runner/check/batch_5/guoweikang/osl/target/debug/deps/libderive_builder-4288ca55029a7a25.rmeta\",\"emit\":\"metadata\"}\n    Checking osl v0.1.0 (/home/runner/check/batch_5/guoweikang/osl)\n{\"$message_type\":\"diagnostic\",\"message\":\"cannot find type `Error` in this scope\",\"code\":{\"code\":\"E0412\",\"explanation\":\"A used type name is not in scope.\\n\\nErroneous code examples:\\n\\n```compile_fail,E0412\\nimpl Something {} // error: type name `Something` is not in scope\\n\\n// or:\\n\\ntrait Foo {\\n    fn bar(N); // error: type name `N` is not in scope\\n}\\n\\n// or:\\n\\nfn foo(x: T) {} // type name `T` is not in scope\\n```\\n\\nTo fix this error, please verify you didn't misspell the type name, you did\\ndeclare it or imported it into the scope. Examples:\\n\\n```\\nstruct Something;\\n\\nimpl Something {} // ok!\\n\\n// or:\\n\\ntrait Foo {\\n    type N;\\n\\n    fn bar(_: Self::N); // ok!\\n}\\n\\n// or:\\n\\nfn foo<T>(x: T) {} // ok!\\n```\\n\\nAnother case that causes this error is when a type is imported into a parent\\nmodule. To fix this, you can follow the suggestion and use File directly or\\n`use super::File;` which will import the types from the parent namespace. An\\nexample that causes this error is below:\\n\\n```compile_fail,E0412\\nuse std::fs::File;\\n\\nmod foo {\\n    fn some_function(f: File) {}\\n}\\n```\\n\\n```\\nuse std::fs::File;\\n\\nmod foo {\\n    // either\\n    use super::File;\\n    // or\\n    // use std::fs::File;\\n    fn foo(f: File) {}\\n}\\n# fn main() {} // don't insert it for us; that'll break imports\\n```\\n\"},\"level\":\"error\",\"spans\":[{\"file_name\":\"src/error.rs\",\"byte_start\":1263,\"byte_end\":1268,\"line_start\":58,\"line_end\":58,\"column_start\":46,\"column_end\":51,\"is_primary\":true,\"text\":[{\"text\":\"pub type Result<T> = core::result::Result<T, Error>;\",\"highlight_start\":46,\"highlight_end\":51}],\"label\":\"not found in this scope\",\"suggested_replacement\":null,\"suggestion_applicability\":null,\"expansion\":null}],\"children\":[{\"message\":\"consider importing one of these items\",\"code\":null,\"level\":\"help\",\"spans\":[{\"file_name\":\"src/error.rs\",\"byte_start\":753,\"byte_end\":753,\"line_start\":35,\"line_end\":35,\"column_start\":1,\"column_end\":1,\"is_primary\":true,\"text\":[{\"text\":\"/// The general error type.\",\"highlight_start\":1,\"highlight_end\":1}],\"label\":null,\"suggested_replacement\":\"use core::error::Error;\\n\\n\",\"suggestion_applicability\":\"MaybeIncorrect\",\"expansion\":null},{\"file_name\":\"src/error.rs\",\"byte_start\":753,\"byte_end\":753,\"line_start\":35,\"line_end\":35,\"column_start\":1,\"column_end\":1,\"is_primary\":true,\"text\":[{\"text\":\"/// The general error type.\",\"highlight_start\":1,\"highlight_end\":1}],\"label\":null,\"suggested_replacement\":\"use core::fmt::Error;\\n\\n\",\"suggestion_applicability\":\"MaybeIncorrect\",\"expansion\":null}],\"children\":[],\"rendered\":null}],\"rendered\":\"\\u001b[0m\\u001b[1m\\u001b[38;5;9merror[E0412]\\u001b[0m\\u001b[0m\\u001b[1m: cannot find type `Error` in this scope\\u001b[0m\\n\\u001b[0m  \\u001b[0m\\u001b[0m\\u001b[1m\\u001b[38;5;12m--> \\u001b[0m\\u001b[0msrc/error.rs:58:46\\u001b[0m\\n\\u001b[0m   \\u001b[0m\\u001b[0m\\u001b[1m\\u001b[38;5;12m|\\u001b[0m\\n\\u001b[0m\\u001b[1m\\u001b[38;5;12m58\\u001b[0m\\u001b[0m \\u001b[0m\\u001b[0m\\u001b[1m\\u001b[38;5;12m|\\u001b[0m\\u001b[0m \\u001b[0m\\u001b[0mpub type Result<T> = core::result::Result<T, Error>;\\u001b[0m\\n\\u001b[0m   \\u001b[0m\\u001b[0m\\u001b[1m\\u001b[38;5;12m|\\u001b[0m\\u001b[0m                                              \\u001b[0m\\u001b[0m\\u001b[1m\\u001b[38;5;9m^^^^^\\u001b[0m\\u001b[0m \\u001b[0m\\u001b[0m\\u001b[1m\\u001b[38;5;9mnot found in this scope\\u001b[0m\\n\\u001b[0m   \\u001b[0m\\u001b[0m\\u001b[1m\\u001b[38;5;12m|\\u001b[0m\\n\\u001b[0m\\u001b[1m\\u001b[38;5;14mhelp\\u001b[0m\\u001b[0m: consider importing one of these items\\u001b[0m\\n\\u001b[0m   \\u001b[0m\\u001b[0m\\u001b[1m\\u001b[38;5;12m|\\u001b[0m\\n\\u001b[0m\\u001b[1m\\u001b[38;5;12m35\\u001b[0m\\u001b[0m \\u001b[0m\\u001b[0m\\u001b[38;5;10m+ use core::error::Error;\\u001b[0m\\n\\u001b[0m   \\u001b[0m\\u001b[0m\\u001b[1m\\u001b[38;5;12m|\\u001b[0m\\n\\u001b[0m\\u001b[1m\\u001b[38;5;12m35\\u001b[0m\\u001b[0m \\u001b[0m\\u001b[0m\\u001b[38;5;10m+ use core::fmt::Error;\\u001b[0m\\n\\u001b[0m   \\u001b[0m\\u001b[0m\\u001b[1m\\u001b[38;5;12m|\\u001b[0m\\n\\n\"}\n{\"$message_type\":\"diagnostic\",\"message\":\"cannot find type `Error` in this scope\",\"code\":{\"code\":\"E0412\",\"explanation\":\"A used type name is not in scope.\\n\\nErroneous code examples:\\n\\n```compile_fail,E0412\\nimpl Something {} // error: type name `Something` is not in scope\\n\\n// or:\\n\\ntrait Foo {\\n    fn bar(N); // error: type name `N` is not in scope\\n}\\n\\n// or:\\n\\nfn foo(x: T) {} // type name `T` is not in scope\\n```\\n\\nTo fix this error, please verify you didn't misspell the type name, you did\\ndeclare it or imported it into the scope. Examples:\\n\\n```\\nstruct Something;\\n\\nimpl Something {} // ok!\\n\\n// or:\\n\\ntrait Foo {\\n    type N;\\n\\n    fn bar(_: Self::N); // ok!\\n}\\n\\n// or:\\n\\nfn foo<T>(x: T) {} // ok!\\n```\\n\\nAnother case that causes this error is when a type is imported into a parent\\nmodule. To fix this, you can follow the suggestion and use File directly or\\n`use super::File;` which will import the types from the parent namespace. An\\nexample that causes this error is below:\\n\\n```compile_fail,E0412\\nuse std::fs::File;\\n\\nmod foo {\\n    fn some_function(f: File) {}\\n}\\n```\\n\\n```\\nuse std::fs::File;\\n\\nmod foo {\\n    // either\\n    use super::File;\\n    // or\\n    // use std::fs::File;\\n    fn foo(f: File) {}\\n}\\n# fn main() {} // don't insert it for us; that'll break imports\\n```\\n\"},\"level\":\"error\",\"spans\":[{\"file_name\":\"src/error.rs\",\"byte_start\":1368,\"byte_end\":1373,\"line_start\":62,\"line_end\":62,\"column_start\":14,\"column_end\":19,\"is_primary\":true,\"text\":[{\"text\":\"    Err::<T, Error>(Error::from(errno))\",\"highlight_start\":14,\"highlight_end\":19}],\"label\":\"not found in this scope\",\"suggested_replacement\":null,\"suggestion_applicability\":null,\"expansion\":null}],\"children\":[{\"message\":\"consider importing one of these items\",\"code\":null,\"level\":\"help\",\"spans\":[{\"file_name\":\"src/error.rs\",\"byte_start\":753,\"byte_end\":753,\"line_start\":35,\"line_end\":35,\"column_start\":1,\"column_end\":1,\"is_primary\":true,\"text\":[{\"text\":\"/// The general error type.\",\"highlight_start\":1,\"highlight_end\":1}],\"label\":null,\"suggested_replacement\":\"use core::error::Error;\\n\\n\",\"suggestion_applicability\":\"MaybeIncorrect\",\"expansion\":null},{\"file_name\":\"src/error.rs\",\"byte_start\":753,\"byte_end\":753,\"line_start\":35,\"line_end\":35,\"column_start\":1,\"column_end\":1,\"is_primary\":true,\"text\":[{\"text\":\"/// The general error type.\",\"highlight_start\":1,\"highlight_end\":1}],\"label\":null,\"suggested_replacement\":\"use core::fmt::Error;\\n\\n\",\"suggestion_applicability\":\"MaybeIncorrect\",\"expansion\":null}],\"children\":[],\"rendered\":null}],\"rendered\":\"\\u001b[0m\\u001b[1m\\u001b[38;5;9merror[E0412]\\u001b[0m\\u001b[0m\\u001b[1m: cannot find type `Error` in this scope\\u001b[0m\\n\\u001b[0m  \\u001b[0m\\u001b[0m\\u001b[1m\\u001b[38;5;12m--> \\u001b[0m\\u001b[0msrc/error.rs:62:14\\u001b[0m\\n\\u001b[0m   \\u001b[0m\\u001b[0m\\u001b[1m\\u001b[38;5;12m|\\u001b[0m\\n\\u001b[0m\\u001b[1m\\u001b[38;5;12m62\\u001b[0m\\u001b[0m \\u001b[0m\\u001b[0m\\u001b[1m\\u001b[38;5;12m|\\u001b[0m\\u001b[0m \\u001b[0m\\u001b[0m    Err::<T, Error>(Error::from(errno))\\u001b[0m\\n\\u001b[0m   \\u001b[0m\\u001b[0m\\u001b[1m\\u001b[38;5;12m|\\u001b[0m\\u001b[0m              \\u001b[0m\\u001b[0m\\u001b[1m\\u001b[38;5;9m^^^^^\\u001b[0m\\u001b[0m \\u001b[0m\\u001b[0m\\u001b[1m\\u001b[38;5;9mnot found in this scope\\u001b[0m\\n\\u001b[0m   \\u001b[0m\\u001b[0m\\u001b[1m\\u001b[38;5;12m|\\u001b[0m\\n\\u001b[0m\\u001b[1m\\u001b[38;5;14mhelp\\u001b[0m\\u001b[0m: consider importing one of these items\\u001b[0m\\n\\u001b[0m   \\u001b[0m\\u001b[0m\\u001b[1m\\u001b[38;5;12m|\\u001b[0m\\n\\u001b[0m\\u001b[1m\\u001b[38;5;12m35\\u001b[0m\\u001b[0m \\u001b[0m\\u001b[0m\\u001b[38;5;10m+ use core::error::Error;\\u001b[0m\\n\\u001b[0m   \\u001b[0m\\u001b[0m\\u001b[1m\\u001b[38;5;12m|\\u001b[0m\\n\\u001b[0m\\u001b[1m\\u001b[38;5;12m35\\u001b[0m\\u001b[0m \\u001b[0m\\u001b[0m\\u001b[38;5;10m+ use core::fmt::Error;\\u001b[0m\\n\\u001b[0m   \\u001b[0m\\u001b[0m\\u001b[1m\\u001b[38;5;12m|\\u001b[0m\\n\\n\"}\n{\"$message_type\":\"diagnostic\",\"message\":\"failed to resolve: use of undeclared type `Error`\",\"code\":{\"code\":\"E0433\",\"explanation\":\"An undeclared crate, module, or type was used.\\n\\nErroneous code example:\\n\\n```compile_fail,E0433\\nlet map = HashMap::new();\\n// error: failed to resolve: use of undeclared type `HashMap`\\n```\\n\\nPlease verify you didn't misspell the type/module's name or that you didn't\\nforget to import it:\\n\\n```\\nuse std::collections::HashMap; // HashMap has been imported.\\nlet map: HashMap<u32, u32> = HashMap::new(); // So it can be used!\\n```\\n\\nIf you've expected to use a crate name:\\n\\n```compile_fail\\nuse ferris_wheel::BigO;\\n// error: failed to resolve: use of undeclared module or unlinked crate\\n```\\n\\nMake sure the crate has been added as a dependency in `Cargo.toml`.\\n\\nTo use a module from your current crate, add the `crate::` prefix to the path.\\n\"},\"level\":\"error\",\"spans\":[{\"file_name\":\"src/error.rs\",\"byte_start\":1375,\"byte_end\":1380,\"line_start\":62,\"line_end\":62,\"column_start\":21,\"column_end\":26,\"is_primary\":true,\"text\":[{\"text\":\"    Err::<T, Error>(Error::from(errno))\",\"highlight_start\":21,\"highlight_end\":26}],\"label\":\"use of undeclared type `Error`\",\"suggested_replacement\":null,\"suggestion_applicability\":null,\"expansion\":null}],\"children\":[{\"message\":\"consider importing one of these items\",\"code\":null,\"level\":\"help\",\"spans\":[{\"file_name\":\"src/error.rs\",\"byte_start\":753,\"byte_end\":753,\"line_start\":35,\"line_end\":35,\"column_start\":1,\"column_end\":1,\"is_primary\":true,\"text\":[{\"text\":\"/// The general error type.\",\"highlight_start\":1,\"highlight_end\":1}],\"label\":null,\"suggested_replacement\":\"use core::error::Error;\\n\\n\",\"suggestion_applicability\":\"MaybeIncorrect\",\"expansion\":null},{\"file_name\":\"src/error.rs\",\"byte_start\":753,\"byte_end\":753,\"line_start\":35,\"line_end\":35,\"column_start\":1,\"column_end\":1,\"is_primary\":true,\"text\":[{\"text\":\"/// The general error type.\",\"highlight_start\":1,\"highlight_end\":1}],\"label\":null,\"suggested_replacement\":\"use core::fmt::Error;\\n\\n\",\"suggestion_applicability\":\"MaybeIncorrect\",\"expansion\":null}],\"children\":[],\"rendered\":null}],\"rendered\":\"\\u001b[0m\\u001b[1m\\u001b[38;5;9merror[E0433]\\u001b[0m\\u001b[0m\\u001b[1m: failed to resolve: use of undeclared type `Error`\\u001b[0m\\n\\u001b[0m  \\u001b[0m\\u001b[0m\\u001b[1m\\u001b[38;5;12m--> \\u001b[0m\\u001b[0msrc/error.rs:62:21\\u001b[0m\\n\\u001b[0m   \\u001b[0m\\u001b[0m\\u001b[1m\\u001b[38;5;12m|\\u001b[0m\\n\\u001b[0m\\u001b[1m\\u001b[38;5;12m62\\u001b[0m\\u001b[0m \\u001b[0m\\u001b[0m\\u001b[1m\\u001b[38;5;12m|\\u001b[0m\\u001b[0m \\u001b[0m\\u001b[0m    Err::<T, Error>(Error::from(errno))\\u001b[0m\\n\\u001b[0m   \\u001b[0m\\u001b[0m\\u001b[1m\\u001b[38;5;12m|\\u001b[0m\\u001b[0m                     \\u001b[0m\\u001b[0m\\u001b[1m\\u001b[38;5;9m^^^^^\\u001b[0m\\u001b[0m \\u001b[0m\\u001b[0m\\u001b[1m\\u001b[38;5;9muse of undeclared type `Error`\\u001b[0m\\n\\u001b[0m   \\u001b[0m\\u001b[0m\\u001b[1m\\u001b[38;5;12m|\\u001b[0m\\n\\u001b[0m\\u001b[1m\\u001b[38;5;14mhelp\\u001b[0m\\u001b[0m: consider importing one of these items\\u001b[0m\\n\\u001b[0m   \\u001b[0m\\u001b[0m\\u001b[1m\\u001b[38;5;12m|\\u001b[0m\\n\\u001b[0m\\u001b[1m\\u001b[38;5;12m35\\u001b[0m\\u001b[0m \\u001b[0m\\u001b[0m\\u001b[38;5;10m+ use core::error::Error;\\u001b[0m\\n\\u001b[0m   \\u001b[0m\\u001b[0m\\u001b[1m\\u001b[38;5;12m|\\u001b[0m\\n\\u001b[0m\\u001b[1m\\u001b[38;5;12m35\\u001b[0m\\u001b[0m \\u001b[0m\\u001b[0m\\u001b[38;5;10m+ use core::fmt::Error;\\u001b[0m\\n\\u001b[0m   \\u001b[0m\\u001b[0m\\u001b[1m\\u001b[38;5;12m|\\u001b[0m\\n\\n\"}\n{\"$message_type\":\"diagnostic\",\"message\":\"cannot find type `Arc` in this scope\",\"code\":{\"code\":\"E0412\",\"explanation\":\"A used type name is not in scope.\\n\\nErroneous code examples:\\n\\n```compile_fail,E0412\\nimpl Something {} // error: type name `Something` is not in scope\\n\\n// or:\\n\\ntrait Foo {\\n    fn bar(N); // error: type name `N` is not in scope\\n}\\n\\n// or:\\n\\nfn foo(x: T) {} // type name `T` is not in scope\\n```\\n\\nTo fix this error, please verify you didn't misspell the type name, you did\\ndeclare it or imported it into the scope. Examples:\\n\\n```\\nstruct Something;\\n\\nimpl Something {} // ok!\\n\\n// or:\\n\\ntrait Foo {\\n    type N;\\n\\n    fn bar(_: Self::N); // ok!\\n}\\n\\n// or:\\n\\nfn foo<T>(x: T) {} // ok!\\n```\\n\\nAnother case that causes this error is when a type is imported into a parent\\nmodule. To fix this, you can follow the suggestion and use File directly or\\n`use super::File;` which will import the types from the parent namespace. An\\nexample that causes this error is below:\\n\\n```compile_fail,E0412\\nuse std::fs::File;\\n\\nmod foo {\\n    fn some_function(f: File) {}\\n}\\n```\\n\\n```\\nuse std::fs::File;\\n\\nmod foo {\\n    // either\\n    use super::File;\\n    // or\\n    // use std::fs::File;\\n    fn foo(f: File) {}\\n}\\n# fn main() {} // don't insert it for us; that'll break imports\\n```\\n\"},\"level\":\"error\",\"spans\":[{\"file_name\":\"src/sync.rs\",\"byte_start\":894,\"byte_end\":897,\"line_start\":33,\"line_end\":33,\"column_start\":24,\"column_end\":27,\"is_primary\":true,\"text\":[{\"text\":\"    fn new() -> Result<Arc<Self>>;\",\"highlight_start\":24,\"highlight_end\":27}],\"label\":\"not found in this scope\",\"suggested_replacement\":null,\"suggestion_applicability\":null,\"expansion\":null}],\"children\":[],\"rendered\":\"\\u001b[0m\\u001b[1m\\u001b[38;5;9merror[E0412]\\u001b[0m\\u001b[0m\\u001b[1m: cannot find type `Arc` in this scope\\u001b[0m\\n\\u001b[0m  \\u001b[0m\\u001b[0m\\u001b[1m\\u001b[38;5;12m--> \\u001b[0m\\u001b[0msrc/sync.rs:33:24\\u001b[0m\\n\\u001b[0m   \\u001b[0m\\u001b[0m\\u001b[1m\\u001b[38;5;12m|\\u001b[0m\\n\\u001b[0m\\u001b[1m\\u001b[38;5;12m33\\u001b[0m\\u001b[0m \\u001b[0m\\u001b[0m\\u001b[1m\\u001b[38;5;12m|\\u001b[0m\\u001b[0m \\u001b[0m\\u001b[0m    fn new() -> Result<Arc<Self>>;\\u001b[0m\\n\\u001b[0m   \\u001b[0m\\u001b[0m\\u001b[1m\\u001b[38;5;12m|\\u001b[0m\\u001b[0m                        \\u001b[0m\\u001b[0m\\u001b[1m\\u001b[38;5;9m^^^\\u001b[0m\\u001b[0m \\u001b[0m\\u001b[0m\\u001b[1m\\u001b[38;5;9mnot found in this scope\\u001b[0m\\n\\n\"}\n{\"$message_type\":\"diagnostic\",\"message\":\"cannot find type `Return` in this scope\",\"code\":{\"code\":\"E0412\",\"explanation\":\"A used type name is not in scope.\\n\\nErroneous code examples:\\n\\n```compile_fail,E0412\\nimpl Something {} // error: type name `Something` is not in scope\\n\\n// or:\\n\\ntrait Foo {\\n    fn bar(N); // error: type name `N` is not in scope\\n}\\n\\n// or:\\n\\nfn foo(x: T) {} // type name `T` is not in scope\\n```\\n\\nTo fix this error, please verify you didn't misspell the type name, you did\\ndeclare it or imported it into the scope. Examples:\\n\\n```\\nstruct Something;\\n\\nimpl Something {} // ok!\\n\\n// or:\\n\\ntrait Foo {\\n    type N;\\n\\n    fn bar(_: Self::N); // ok!\\n}\\n\\n// or:\\n\\nfn foo<T>(x: T) {} // ok!\\n```\\n\\nAnother case that causes this error is when a type is imported into a parent\\nmodule. To fix this, you can follow the suggestion and use File directly or\\n`use super::File;` which will import the types from the parent namespace. An\\nexample that causes this error is below:\\n\\n```compile_fail,E0412\\nuse std::fs::File;\\n\\nmod foo {\\n    fn some_function(f: File) {}\\n}\\n```\\n\\n```\\nuse std::fs::File;\\n\\nmod foo {\\n    // either\\n    use super::File;\\n    // or\\n    // use std::fs::File;\\n    fn foo(f: File) {}\\n}\\n# fn main() {} // don't insert it for us; that'll break imports\\n```\\n\"},\"level\":\"error\",\"spans\":[{\"file_name\":\"src/driver/irq.rs\",\"byte_start\":953,\"byte_end\":959,\"line_start\":40,\"line_end\":40,\"column_start\":42,\"column_end\":48,\"is_primary\":true,\"text\":[{\"text\":\"pub fn to_irq_return(val: ReturnEnum) -> Return {\",\"highlight_start\":42,\"highlight_end\":48}],\"label\":\"not found in this scope\",\"suggested_replacement\":null,\"suggestion_applicability\":null,\"expansion\":null}],\"children\":[],\"rendered\":\"\\u001b[0m\\u001b[1m\\u001b[38;5;9merror[E0412]\\u001b[0m\\u001b[0m\\u001b[1m: cannot find type `Return` in this scope\\u001b[0m\\n\\u001b[0m  \\u001b[0m\\u001b[0m\\u001b[1m\\u001b[38;5;12m--> \\u001b[0m\\u001b[0msrc/driver/irq.rs:40:42\\u001b[0m\\n\\u001b[0m   \\u001b[0m\\u001b[0m\\u001b[1m\\u001b[38;5;12m|\\u001b[0m\\n\\u001b[0m\\u001b[1m\\u001b[38;5;12m40\\u001b[0m\\u001b[0m \\u001b[0m\\u001b[0m\\u001b[1m\\u001b[38;5;12m|\\u001b[0m\\u001b[0m \\u001b[0m\\u001b[0mpub fn to_irq_return(val: ReturnEnum) -> Return {\\u001b[0m\\n\\u001b[0m   \\u001b[0m\\u001b[0m\\u001b[1m\\u001b[38;5;12m|\\u001b[0m\\u001b[0m                                          \\u001b[0m\\u001b[0m\\u001b[1m\\u001b[38;5;9m^^^^^^\\u001b[0m\\u001b[0m \\u001b[0m\\u001b[0m\\u001b[1m\\u001b[38;5;9mnot found in this scope\\u001b[0m\\n\\n\"}\n{\"$message_type\":\"artifact\",\"artifact\":\"/home/runner/check/batch_5/guoweikang/osl/target/debug/deps/osl-2d3677bcf7a873d2.d\",\"emit\":\"dep-info\"}\n{\"$message_type\":\"diagnostic\",\"message\":\"failed to resolve: use of undeclared type `Return`\",\"code\":{\"code\":\"E0433\",\"explanation\":\"An undeclared crate, module, or type was used.\\n\\nErroneous code example:\\n\\n```compile_fail,E0433\\nlet map = HashMap::new();\\n// error: failed to resolve: use of undeclared type `HashMap`\\n```\\n\\nPlease verify you didn't misspell the type/module's name or that you didn't\\nforget to import it:\\n\\n```\\nuse std::collections::HashMap; // HashMap has been imported.\\nlet map: HashMap<u32, u32> = HashMap::new(); // So it can be used!\\n```\\n\\nIf you've expected to use a crate name:\\n\\n```compile_fail\\nuse ferris_wheel::BigO;\\n// error: failed to resolve: use of undeclared module or unlinked crate\\n```\\n\\nMake sure the crate has been added as a dependency in `Cargo.toml`.\\n\\nTo use a module from your current crate, add the `crate::` prefix to the path.\\n\"},\"level\":\"error\",\"spans\":[{\"file_name\":\"src/driver/irq.rs\",\"byte_start\":966,\"byte_end\":972,\"line_start\":41,\"line_end\":41,\"column_start\":5,\"column_end\":11,\"is_primary\":true,\"text\":[{\"text\":\"    Return::from(val)\",\"highlight_start\":5,\"highlight_end\":11}],\"label\":\"use of undeclared type `Return`\",\"suggested_replacement\":null,\"suggestion_applicability\":null,\"expansion\":null}],\"children\":[],\"rendered\":\"\\u001b[0m\\u001b[1m\\u001b[38;5;9merror[E0433]\\u001b[0m\\u001b[0m\\u001b[1m: failed to resolve: use of undeclared type `Return`\\u001b[0m\\n\\u001b[0m  \\u001b[0m\\u001b[0m\\u001b[1m\\u001b[38;5;12m--> \\u001b[0m\\u001b[0msrc/driver/irq.rs:41:5\\u001b[0m\\n\\u001b[0m   \\u001b[0m\\u001b[0m\\u001b[1m\\u001b[38;5;12m|\\u001b[0m\\n\\u001b[0m\\u001b[1m\\u001b[38;5;12m41\\u001b[0m\\u001b[0m \\u001b[0m\\u001b[0m\\u001b[1m\\u001b[38;5;12m|\\u001b[0m\\u001b[0m \\u001b[0m\\u001b[0m    Return::from(val)\\u001b[0m\\n\\u001b[0m   \\u001b[0m\\u001b[0m\\u001b[1m\\u001b[38;5;12m|\\u001b[0m\\u001b[0m     \\u001b[0m\\u001b[0m\\u001b[1m\\u001b[38;5;9m^^^^^^\\u001b[0m\\u001b[0m \\u001b[0m\\u001b[0m\\u001b[1m\\u001b[38;5;9muse of undeclared type `Return`\\u001b[0m\\n\\n\"}\n{\"$message_type\":\"diagnostic\",\"message\":\"aborting due to 6 previous errors\",\"code\":null,\"level\":\"error\",\"spans\":[],\"children\":[],\"rendered\":\"\\u001b[0m\\u001b[1m\\u001b[38;5;9merror\\u001b[0m\\u001b[0m\\u001b[1m: aborting due to 6 previous errors\\u001b[0m\\n\\n\"}\n{\"$message_type\":\"diagnostic\",\"message\":\"Some errors have detailed explanations: E0412, E0433.\",\"code\":null,\"level\":\"failure-note\",\"spans\":[],\"children\":[],\"rendered\":\"\\u001b[0m\\u001b[1mSome errors have detailed explanations: E0412, E0433.\\u001b[0m\\n\"}\n{\"$message_type\":\"diagnostic\",\"message\":\"For more information about an error, try `rustc --explain E0412`.\",\"code\":null,\"level\":\"failure-note\",\"spans\":[],\"children\":[],\"rendered\":\"\\u001b[0m\\u001b[1mFor more information about an error, try `rustc --explain E0412`.\\u001b[0m\\n\"}\nerror: could not compile `osl` (lib)\n\nCaused by:\n  process didn't exit successfully: `/home/runner/.rustup/toolchains/nightly-2025-06-26-x86_64-unknown-linux-gnu/bin/rustc --crate-name osl --edition=2021 src/lib.rs --error-format=json --json=diagnostic-rendered-ansi,artifacts,future-incompat --crate-type lib --emit=dep-info,metadata -C embed-bitcode=no -C debuginfo=2 --check-cfg 'cfg(docsrs,test)' --check-cfg 'cfg(feature, values(\"arceos\", \"axerrno\", \"axhal\", \"axlog\", \"axsync\", \"axtask\", \"linux\"))' -C metadata=36d7cb66800bc4c1 -C extra-filename=-2d3677bcf7a873d2 --out-dir /home/runner/check/batch_5/guoweikang/osl/target/debug/deps -L dependency=/home/runner/check/batch_5/guoweikang/osl/target/debug/deps --extern bitflags=/home/runner/check/batch_5/guoweikang/osl/target/debug/deps/libbitflags-7c3693fde2daac8d.rmeta --extern cfg_if=/home/runner/check/batch_5/guoweikang/osl/target/debug/deps/libcfg_if-375191e112da1984.rmeta --extern derive_builder=/home/runner/check/batch_5/guoweikang/osl/target/debug/deps/libderive_builder-4288ca55029a7a25.rmeta` (exit status: 1)\nerror: Cargo(\"1 job failed\")\n"
            ]
          }
        },
        {
          "file": "(virtual) lockbud",
          "features": "",
          "count": 1,
          "kinds": {
            "Cargo": [
              "// pkg_name=osl, checker=Lockbud\n// toolchain=nightly-2025-06-26-x86_64-unknown-linux-gnu, target=x86_64-unknown-linux-gnu\n// features=--features arceos\n// pkg_dir=/home/runner/check/batch_5/guoweikang/osl\n// cmd=cargo +nightly-2025-02-01 lockbud -k all -- --target x86_64-unknown-linux-gnu --features arceos\n// timestamp=2025-06-28 11:30:14.69765985 +08:00:00\n   Compiling proc-macro2 v1.0.95\n   Compiling unicode-ident v1.0.18\n   Compiling hashbrown v0.15.4\n   Compiling equivalent v1.0.2\n   Compiling toml_datetime v0.6.11\n   Compiling winnow v0.7.11\n   Compiling toml_write v0.1.2\n   Compiling bit_field v0.10.2\n   Compiling strsim v0.11.1\n   Compiling indexmap v2.10.0\n   Compiling quote v1.0.40\n   Compiling syn v2.0.104\n   Compiling cfg-if v1.0.1\n   Compiling serde v1.0.219\n   Compiling bitflags v1.3.2\n   Compiling log v0.4.21\n[2025-06-28T03:30:16Z WARN  lockbud::callbacks] [\n      {\n        \"AtomicityViolation\": {\n          \"bug_kind\": \"AtomicityViolation\",\n          \"possibility\": \"Possibly\",\n          \"diagnosis\": {\n            \"fn_name\": \"set_logger_racy\",\n            \"atomic_reader\": \"/home/runner/.cargo/registry/src/index.crates.io-1949cf8c6b5b557f/log-0.4.21/src/lib.rs:1408:11: 1408:39 (#0)\",\n            \"atomic_writer\": \"/home/runner/.cargo/registry/src/index.crates.io-1949cf8c6b5b557f/log-0.4.21/src/lib.rs:1411:13: 1411:55 (#0)\",\n            \"dep_kind\": \"Control\"\n          },\n          \"explanation\": \"atomic::store is data/control dependent on atomic::load\"\n        }\n      }\n    ]\n[2025-06-28T03:30:16Z WARN  lockbud::callbacks] crate log contains bugs: { probably: 0, possibly: 0 }, conflictlock: { probably: 0, possibly: 0 }, condvar_deadlock: { probably: 0, possibly: 0 }, atomicity_violation: { possibly: 1 }, invalid_free: { possibly: 0 }, use_after_free: { possibly: 0 }\n   Compiling raw-cpuid v10.7.0\n   Compiling toml_edit v0.22.27\n   Compiling rustversion v1.0.21\n   Compiling x86 v0.52.0\n   Compiling utf8parse v0.2.2\n   Compiling anstyle-parse v0.2.7\n   Compiling heck v0.5.0\n   Compiling autocfg v1.5.0\n   Compiling is_terminal_polyfill v1.70.1\n   Compiling anstyle-query v1.1.3\n   Compiling colorchoice v1.0.4\n   Compiling anstyle v1.0.11\n   Compiling anstream v0.6.19\n   Compiling lock_api v0.4.13\n   Compiling bitflags v2.9.1\n   Compiling clap_lex v0.7.5\n   Compiling clap_builder v4.5.40\n   Compiling volatile v0.4.6\n   Compiling scopeguard v1.2.0\n   Compiling axconfig v0.1.0 (https://github.com/Starry-OS/axconfig.git#2a880338)\n   Compiling syn v1.0.109\n   Compiling axconfig v0.1.0 (https://github.com/oscomp/arceos.git#a634925a)\n   Compiling spin v0.9.8\n   Compiling libc v0.2.174\n   Compiling static_assertions v1.1.0\n   Compiling x86_64 v0.15.2\n   Compiling clap_derive v4.5.40\n   Compiling crate_interface v0.1.4\n   Compiling base64 v0.13.1\n   Compiling memory_addr v0.1.0 (https://github.com/Starry-OS/memory_addr.git#a5be547a)\n   Compiling taskctx v0.1.0 (https://github.com/Starry-OS/taskctx.git#bee485a8)\n   Compiling paste v1.0.15\n   Compiling unicode-width v0.1.14\n   Compiling kernel_guard v0.1.2\n   Compiling svgbobdoc v0.3.0\n   Compiling linkme-impl v0.3.33\n   Compiling numeric-enum-macro v0.2.0 (https://github.com/mexus/numeric-enum-macro#20aef288)\n   Compiling axerrno v0.1.0\n   Compiling const-default v1.0.0\n   Compiling kspin v0.1.0\n   Compiling x86_64 v0.14.13\n   Compiling rlsf v0.2.1\n   Compiling clap v4.5.40\n   Compiling axconfig-gen v0.1.0\n   Compiling bitmap-allocator v0.2.0\n   Compiling memory_addr v0.4.0\n   Compiling ident_case v1.0.1\n   Compiling unicode-segmentation v1.12.0\n   Compiling bit v0.1.1\n   Compiling fnv v1.0.7\n   Compiling percpu v0.2.0\n   Compiling darling_core v0.20.11\n   Compiling convert_case v0.7.1\n   Compiling axconfig-gen-macros v0.1.0\n   Compiling x2apic v0.4.3\n   Compiling axhal v0.1.0 (https://github.com/oscomp/arceos.git#a634925a)\n   Compiling page_table_entry v0.5.4\n   Compiling allocator v0.1.1 (https://github.com/arceos-org/allocator.git?tag=v0.1.1#1d5b7a1b)\n   Compiling kernel_guard v0.1.0 (https://github.com/Starry-OS/kernel_guard.git#c087bf99)\n   Compiling percpu_macros v0.2.0\n   Compiling raw-cpuid v11.5.0\n   Compiling percpu v0.1.0 (https://github.com/Starry-OS/percpu.git#85e6d8a7)\n   Compiling memory_addr v0.3.2\n   Compiling tock-registers v0.8.1\n   Compiling unicode-xid v0.2.6\n   Compiling linkme v0.3.33\n   Compiling derive_more-impl v2.0.1\n   Compiling aarch64-cpu v9.4.0\n   Compiling axalloc v0.1.0 (https://github.com/oscomp/arceos.git#a634925a)\n   Compiling spinlock v0.1.0 (https://github.com/Starry-OS/spinlock.git#0149e52d)\n   Compiling page_table_multiarch v0.5.4\n   Compiling axhal v0.1.0 (https://github.com/Starry-OS/axhal.git#8bed6725)\n   Compiling axlog v0.1.0 (https://github.com/oscomp/arceos.git#a634925a)\n   Compiling percpu_macros v0.1.0 (https://github.com/Starry-OS/percpu_macros.git#b785b814)\n   Compiling darling_macro v0.20.11\n   Compiling crate_interface v0.1.1 (https://github.com/Starry-OS/crate_interface.git#d27dd960)\n   Compiling lazy_static v1.5.0\n   Compiling handler_table v0.1.2\n   Compiling int_ratio v0.1.2\n   Compiling fdt v0.1.5\n   Compiling lazyinit v0.2.2\n   Compiling axsignal v0.1.0 (https://github.com/Starry-OS/axsignal.git#9d82a334)\n   Compiling axlog v0.1.0 (https://github.com/Starry-OS/axlog.git#5b28a4c6)\n   Compiling of v0.1.0 (https://github.com/Starry-OS/of.git#45a65508)\nerror[E0658]: use of unstable library feature `naked_functions`\n   --> /home/runner/.cargo/git/checkouts/arceos-3bdd51727ca45c19/a634925/modules/axhal/src/arch/x86_64/context.rs:453:5\n    |\n453 |     naked_asm!(\n    |     ^^^^^^^^^\n    |\n    = note: see issue #90957 <https://github.com/rust-lang/rust/issues/90957> for more information\n    = help: add `#![feature(naked_functions)]` to the crate attributes to enable\n    = note: this compiler was built on 2025-01-31; consider upgrading it if it is out of date\n\nerror: `naked` is not an unsafe attribute\n   --> /home/runner/.cargo/git/checkouts/arceos-3bdd51727ca45c19/a634925/modules/axhal/src/arch/x86_64/context.rs:451:3\n    |\n451 | #[unsafe(naked)]\n    |   ^^^^^^ this is not an unsafe attribute\n    |\n    = note: extraneous unsafe is not allowed in attributes\n\nerror[E0658]: the `#[naked]` attribute is an experimental feature\n   --> /home/runner/.cargo/git/checkouts/arceos-3bdd51727ca45c19/a634925/modules/axhal/src/arch/x86_64/context.rs:451:1\n    |\n451 | #[unsafe(naked)]\n    | ^^^^^^^^^^^^^^^^\n    |\n    = note: see issue #90957 <https://github.com/rust-lang/rust/issues/90957> for more information\n    = help: add `#![feature(naked_functions)]` to the crate attributes to enable\n    = note: this compiler was built on 2025-01-31; consider upgrading it if it is out of date\n\nerror[E0658]: use of unstable library feature `naked_functions`\n --> /home/runner/.cargo/git/checkouts/arceos-3bdd51727ca45c19/a634925/modules/axhal/src/arch/x86_64/context.rs:1:12\n  |\n1 | use core::{arch::naked_asm, fmt};\n  |            ^^^^^^^^^^^^^^^\n  |\n  = note: see issue #90957 <https://github.com/rust-lang/rust/issues/90957> for more information\n  = help: add `#![feature(naked_functions)]` to the crate attributes to enable\n  = note: this compiler was built on 2025-01-31; consider upgrading it if it is out of date\n\n   Compiling page_table_entry v0.1.0 (https://github.com/Starry-OS/page_table_entry.git#8a871b43)\nerror[E0053]: method `alloc_frame` has an incompatible type for trait\n  --> /home/runner/.cargo/git/checkouts/arceos-3bdd51727ca45c19/a634925/modules/axhal/src/paging.rs:39:25\n   |\n39 |     fn alloc_frame() -> Option<PhysAddr> {\n   |                         ^^^^^^^^^^^^^^^^ expected `memory_addr::addr::PhysAddr`, found `memory_addr::PhysAddr`\n   |\n   = note: expected signature `fn() -> core::option::Option<memory_addr::addr::PhysAddr>`\n              found signature `fn() -> core::option::Option<memory_addr::PhysAddr>`\nhelp: change the output type to match the trait\n   |\n39 |     fn alloc_frame() -> core::option::Option<memory_addr::addr::PhysAddr> {\n   |                         ~~~~~~~~~~~~~~~~~~~~~~~~~~~~~~~~~~~~~~~~~~~~~~~~~\n\nerror[E0053]: method `dealloc_frame` has an incompatible type for trait\n  --> /home/runner/.cargo/git/checkouts/arceos-3bdd51727ca45c19/a634925/modules/axhal/src/paging.rs:46:29\n   |\n46 |     fn dealloc_frame(paddr: PhysAddr) {\n   |                             ^^^^^^^^ expected `memory_addr::addr::PhysAddr`, found `memory_addr::PhysAddr`\n   |\n   = note: expected signature `fn(memory_addr::addr::PhysAddr)`\n              found signature `fn(memory_addr::PhysAddr)`\nhelp: change the parameter type to match the trait\n   |\n46 |     fn dealloc_frame(paddr: memory_addr::addr::PhysAddr) {\n   |                             ~~~~~~~~~~~~~~~~~~~~~~~~~~~\n\nerror[E0053]: method `phys_to_virt` has an incompatible type for trait\n  --> /home/runner/.cargo/git/checkouts/arceos-3bdd51727ca45c19/a634925/modules/axhal/src/paging.rs:51:28\n   |\n51 |     fn phys_to_virt(paddr: PhysAddr) -> VirtAddr {\n   |                            ^^^^^^^^ expected `memory_addr::addr::PhysAddr`, found `memory_addr::PhysAddr`\n   |\n   = note: expected signature `fn(memory_addr::addr::PhysAddr) -> memory_addr::addr::VirtAddr`\n              found signature `fn(memory_addr::PhysAddr) -> memory_addr::VirtAddr`\nhelp: change the parameter type to match the trait\n   |\n51 |     fn phys_to_virt(paddr: memory_addr::addr::PhysAddr) -> VirtAddr {\n   |                            ~~~~~~~~~~~~~~~~~~~~~~~~~~~\n\nSome errors have detailed explanations: E0053, E0658.\nFor more information about an error, try `rustc --explain E0053`.\nerror: could not compile `axhal` (lib) due to 7 previous errors\nwarning: build failed, waiting for other jobs to finish...\n"
            ]
          }
        },
        {
          "file": "(virtual) mirai",
          "features": "",
          "count": 1,
          "kinds": {
            "Cargo": [
              "// pkg_name=osl, checker=Mirai\n// toolchain=nightly-2025-06-26-x86_64-unknown-linux-gnu, target=x86_64-unknown-linux-gnu\n// features=--features arceos\n// pkg_dir=/home/runner/check/batch_5/guoweikang/osl\n// cmd=cargo +nightly-2025-01-10 mirai --target x86_64-unknown-linux-gnu --features arceos\n// timestamp=2025-06-28 11:29:58.762187082 +08:00:00\n   Compiling proc-macro2 v1.0.95\n   Compiling unicode-ident v1.0.18\n   Compiling equivalent v1.0.2\n   Compiling hashbrown v0.15.4\n   Compiling winnow v0.7.11\n   Compiling toml_write v0.1.2\n   Compiling toml_datetime v0.6.11\n    Checking bit_field v0.10.2\n   Compiling strsim v0.11.1\n   Compiling indexmap v2.10.0\n   Compiling quote v1.0.40\n   Compiling syn v2.0.104\n    Checking cfg-if v1.0.1\n   Compiling serde v1.0.219\n    Checking bitflags v1.3.2\n    Checking log v0.4.21\n    Checking raw-cpuid v10.7.0\n   Compiling toml_edit v0.22.27\n   Compiling utf8parse v0.2.2\n   Compiling x86 v0.52.0\n   Compiling rustversion v1.0.21\n   Compiling anstyle-parse v0.2.7\n   Compiling anstyle-query v1.1.3\n   Compiling autocfg v1.5.0\n   Compiling is_terminal_polyfill v1.70.1\n   Compiling colorchoice v1.0.4\n   Compiling heck v0.5.0\n   Compiling anstyle v1.0.11\n   Compiling anstream v0.6.19\n   Compiling lock_api v0.4.13\n    Checking bitflags v2.9.1\n   Compiling clap_lex v0.7.5\n   Compiling clap_builder v4.5.40\n    Checking volatile v0.4.6\n    Checking scopeguard v1.2.0\n   Compiling axconfig v0.1.0 (https://github.com/oscomp/arceos.git#a634925a)\n   Compiling syn v1.0.109\n   Compiling axconfig v0.1.0 (https://github.com/Starry-OS/axconfig.git#2a880338)\n    Checking spin v0.9.8\n    Checking static_assertions v1.1.0\n   Compiling libc v0.2.174\n    Checking x86_64 v0.15.2\n   Compiling clap_derive v4.5.40\n   Compiling crate_interface v0.1.4\n   Compiling base64 v0.13.1\n   Compiling unicode-width v0.1.14\n    Checking memory_addr v0.1.0 (https://github.com/Starry-OS/memory_addr.git#a5be547a)\n   Compiling paste v1.0.15\n   Compiling taskctx v0.1.0 (https://github.com/Starry-OS/taskctx.git#bee485a8)\n    Checking kernel_guard v0.1.2\n   Compiling svgbobdoc v0.3.0\n    Checking numeric-enum-macro v0.2.0 (https://github.com/mexus/numeric-enum-macro#20aef288)\n   Compiling axerrno v0.1.0\n   Compiling linkme-impl v0.3.33\n    Checking const-default v1.0.0\n    Checking rlsf v0.2.1\n    Checking kspin v0.1.0\n    Checking x86_64 v0.14.13\n    Checking bitmap-allocator v0.2.0\n   Compiling unicode-segmentation v1.12.0\n   Compiling clap v4.5.40\n   Compiling axconfig-gen v0.1.0\n   Compiling percpu v0.2.0\n   Compiling ident_case v1.0.1\n   Compiling fnv v1.0.7\n    Checking memory_addr v0.4.0\n    Checking bit v0.1.1\n   Compiling darling_core v0.20.11\n    Checking page_table_entry v0.5.4\n   Compiling convert_case v0.7.1\n   Compiling axconfig-gen-macros v0.1.0\n    Checking allocator v0.1.1 (https://github.com/arceos-org/allocator.git?tag=v0.1.1#1d5b7a1b)\n    Checking x2apic v0.4.3\n    Checking kernel_guard v0.1.0 (https://github.com/Starry-OS/kernel_guard.git#c087bf99)\n   Compiling axhal v0.1.0 (https://github.com/oscomp/arceos.git#a634925a)\n   Compiling percpu_macros v0.2.0\n    Checking raw-cpuid v11.5.0\n    Checking tock-registers v0.8.1\n    Checking memory_addr v0.3.2\n   Compiling percpu v0.1.0 (https://github.com/Starry-OS/percpu.git#85e6d8a7)\n   Compiling unicode-xid v0.2.6\n    Checking linkme v0.3.33\n   Compiling derive_more-impl v2.0.1\n    Checking axalloc v0.1.0 (https://github.com/oscomp/arceos.git#a634925a)\n    Checking aarch64-cpu v9.4.0\n    Checking spinlock v0.1.0 (https://github.com/Starry-OS/spinlock.git#0149e52d)\n   Compiling axhal v0.1.0 (https://github.com/Starry-OS/axhal.git#8bed6725)\n    Checking page_table_multiarch v0.5.4\n    Checking axlog v0.1.0 (https://github.com/oscomp/arceos.git#a634925a)\n   Compiling percpu_macros v0.1.0 (https://github.com/Starry-OS/percpu_macros.git#b785b814)\n   Compiling crate_interface v0.1.1 (https://github.com/Starry-OS/crate_interface.git#d27dd960)\n   Compiling darling_macro v0.20.11\n    Checking lazy_static v1.5.0\n    Checking handler_table v0.1.2\n   Compiling axsignal v0.1.0 (https://github.com/Starry-OS/axsignal.git#9d82a334)\n    Checking int_ratio v0.1.2\n    Checking lazyinit v0.2.2\n    Checking fdt v0.1.5\n   Compiling darling v0.20.11\n    Checking page_table_entry v0.1.0 (https://github.com/Starry-OS/page_table_entry.git#8a871b43)\n    Checking of v0.1.0 (https://github.com/Starry-OS/of.git#45a65508)\nerror: could not compile `axhal` (lib) due to 7 previous errors\nwarning: build failed, waiting for other jobs to finish...\n"
            ]
          }
        },
        {
          "file": "(virtual) rapx",
          "features": "",
          "count": 1,
          "kinds": {
            "Cargo": [
              "// pkg_name=osl, checker=Rapx\n// toolchain=nightly-2025-06-26-x86_64-unknown-linux-gnu, target=x86_64-unknown-linux-gnu\n// features=--features arceos\n// pkg_dir=/home/runner/check/batch_5/guoweikang/osl\n// cmd=cargo +nightly-2024-10-12 rapx -F -M -- --target x86_64-unknown-linux-gnu --features arceos\n// timestamp=2025-06-28 11:30:34.427516506 +08:00:00\n    Updating git repository `https://github.com/Starry-OS/axerrno.git`\n    Updating git repository `https://github.com/Starry-OS/axhal.git`\n    Updating git repository `https://github.com/Starry-OS/axlog.git`\n    Updating git repository `https://github.com/Starry-OS/axsync.git`\n    Updating git repository `https://github.com/Starry-OS/axtask.git`\n    Updating crates.io index\n    Updating git repository `https://github.com/Starry-OS/axconfig.git`\n    Updating git repository `https://github.com/Starry-OS/crate_interface.git`\n    Updating git repository `https://github.com/Starry-OS/handler_table.git`\n    Updating git repository `https://github.com/Starry-OS/kernel_guard.git`\n    Updating git repository `https://github.com/Starry-OS/lazy_init.git`\n    Updating git repository `https://github.com/Starry-OS/memory_addr.git`\n    Updating git repository `https://github.com/Starry-OS/of.git`\n    Updating git repository `https://github.com/Starry-OS/page_table_entry.git`\n    Updating git repository `https://github.com/Starry-OS/percpu.git`\n    Updating git repository `https://github.com/Starry-OS/ratio.git`\n    Updating git repository `https://github.com/Starry-OS/spinlock.git`\n    Updating git repository `https://github.com/Starry-OS/taskctx.git`\nerror: failed to get `taskctx` as a dependency of package `axhal v0.1.0 (https://github.com/Starry-OS/axhal.git#8bed6725)`\n    ... which satisfies git dependency `axhal` (locked to 0.1.0) of package `osl v0.1.0 (/home/runner/check/batch_5/guoweikang/osl)`\n\nCaused by:\n  failed to load source for dependency `taskctx`\n\nCaused by:\n  Unable to update https://github.com/Starry-OS/taskctx.git#bee485a8\n\nCaused by:\n  failed to parse manifest at `/home/runner/.cargo/git/checkouts/taskctx-38ebba1102c121c2/bee485a/Cargo.toml`\n\nCaused by:\n  feature `edition2024` is required\n\n  The package requires the Cargo feature called `edition2024`, but that feature is not stabilized in this version of Cargo (1.83.0-nightly (15fbd2f60 2024-10-08)).\n  Consider trying a more recent nightly release.\n  See https://doc.rust-lang.org/nightly/cargo/reference/unstable.html#edition-2024 for more information about the status of this feature.\n03:30:37|RAP|ERROR|: Finished with non-zero exit code.\n"
            ]
          }
        },
        {
          "file": "(virtual) semver-checks",
          "features": "",
          "count": 1,
          "kinds": {
            "Cargo": [
              "// pkg_name=osl, checker=SemverChecks\n// toolchain=nightly-2025-06-26-x86_64-unknown-linux-gnu, target=x86_64-unknown-linux-gnu\n// features=--features arceos\n// pkg_dir=/home/runner/check/batch_5/guoweikang/osl\n// cmd=cargo +nightly-2025-06-26-x86_64-unknown-linux-gnu semver-checks --target x86_64-unknown-linux-gnu --features arceos\n// timestamp=2025-06-28 11:29:43.773128522 +08:00:00\n    Building osl v0.1.0 (current)\nerror: running cargo-doc on crate 'osl' failed with output:\n-----\n   Compiling proc-macro2 v1.0.95\n   Compiling unicode-ident v1.0.18\n   Compiling equivalent v1.0.2\n   Compiling hashbrown v0.15.4\n   Compiling winnow v0.7.11\n   Compiling toml_datetime v0.6.11\n   Compiling toml_write v0.1.2\n    Checking bit_field v0.10.2\n    Checking cfg-if v1.0.1\n   Compiling indexmap v2.10.0\n   Compiling strsim v0.11.1\n   Compiling quote v1.0.40\n   Compiling syn v2.0.104\n   Compiling serde v1.0.219\n    Checking log v0.4.21\n    Checking bitflags v1.3.2\n    Checking raw-cpuid v10.7.0\n   Compiling toml_edit v0.22.27\n   Compiling x86 v0.52.0\n   Compiling rustversion v1.0.21\n   Compiling utf8parse v0.2.2\n   Compiling anstyle-parse v0.2.7\n   Compiling colorchoice v1.0.4\n   Compiling heck v0.5.0\n   Compiling anstyle v1.0.11\n   Compiling autocfg v1.5.0\n   Compiling is_terminal_polyfill v1.70.1\n   Compiling anstyle-query v1.1.3\n   Compiling anstream v0.6.19\n   Compiling lock_api v0.4.13\n   Compiling clap_lex v0.7.5\n    Checking bitflags v2.9.1\n   Compiling clap_builder v4.5.40\n    Checking volatile v0.4.6\n    Checking scopeguard v1.2.0\n   Compiling syn v1.0.109\n   Compiling axconfig v0.1.0 (https://github.com/oscomp/arceos.git#a634925a)\n   Compiling axconfig v0.1.0 (https://github.com/Starry-OS/axconfig.git#2a880338)\n    Checking spin v0.9.8\n   Compiling libc v0.2.174\n    Checking static_assertions v1.1.0\n    Checking x86_64 v0.15.2\n   Compiling taskctx v0.1.0 (https://github.com/Starry-OS/taskctx.git#bee485a8)\n   Compiling clap_derive v4.5.40\n   Compiling crate_interface v0.1.4\n   Compiling base64 v0.13.1\n    Checking memory_addr v0.1.0 (https://github.com/Starry-OS/memory_addr.git#a5be547a)\n   Compiling unicode-width v0.1.14\n   Compiling paste v1.0.15\n    Checking kernel_guard v0.1.2\n   Compiling svgbobdoc v0.3.0\n   Compiling axerrno v0.1.0\n    Checking numeric-enum-macro v0.2.0 (https://github.com/mexus/numeric-enum-macro#20aef288)\n    Checking const-default v1.0.0\n   Compiling linkme-impl v0.3.33\n    Checking rlsf v0.2.1\nerror: unsafe attribute used without unsafe\n   --> /home/runner/.cargo/git/checkouts/taskctx-00ed8d16ef39a8b8/bee485a/src/arch/x86_64.rs:158:3\n    |\n158 | #[naked]\n    |   ^^^^^ usage of unsafe attribute\n    |\nhelp: wrap the attribute in `unsafe(...)`\n    |\n158 | #[unsafe(naked)]\n    |   +++++++     +\n\nerror: could not compile `taskctx` (lib) due to 1 previous error\nwarning: build failed, waiting for other jobs to finish...\n\n-----\n\nerror: failed to build rustdoc for crate osl v0.1.0\nnote: this is usually due to a compilation error in the crate,\n      and is unlikely to be a bug in cargo-semver-checks\nnote: the following command can be used to reproduce the compilation error:\n      cargo new --lib example &&\n          cd example &&\n          echo '[workspace]' >> Cargo.toml &&\n          cargo add --path /home/runner/check/batch_5/guoweikang/osl --features arceos,axerrno,axhal,axlog,axsync,axtask,linux &&\n          cargo check\n\nerror: aborting due to failure to build rustdoc for crate osl v0.1.0\n"
            ]
          }
        },
        {
          "file": "(virtual) udeps",
          "features": "",
          "count": 1,
          "kinds": {
            "Cargo": [
              "// pkg_name=osl, checker=Udeps\n// toolchain=nightly-2025-06-26-x86_64-unknown-linux-gnu, target=x86_64-unknown-linux-gnu\n// features=--features arceos\n// pkg_dir=/home/runner/check/batch_5/guoweikang/osl\n// cmd=cargo +nightly-2025-06-26-x86_64-unknown-linux-gnu udeps --target x86_64-unknown-linux-gnu --features arceos\n// timestamp=2025-06-28 11:30:52.486833176 +08:00:00\n   Compiling proc-macro2 v1.0.95\n   Compiling unicode-ident v1.0.18\n   Compiling equivalent v1.0.2\n   Compiling hashbrown v0.15.4\n   Compiling toml_write v0.1.2\n   Compiling toml_datetime v0.6.11\n   Compiling winnow v0.7.11\n    Checking bit_field v0.10.2\n   Compiling strsim v0.11.1\n   Compiling indexmap v2.10.0\n   Compiling quote v1.0.40\n   Compiling syn v2.0.104\n    Checking cfg-if v1.0.1\n   Compiling serde v1.0.219\n    Checking log v0.4.21\n    Checking bitflags v1.3.2\n    Checking raw-cpuid v10.7.0\n   Compiling toml_edit v0.22.27\n   Compiling x86 v0.52.0\n   Compiling utf8parse v0.2.2\n   Compiling rustversion v1.0.21\n   Compiling anstyle-parse v0.2.7\n   Compiling is_terminal_polyfill v1.70.1\n   Compiling anstyle v1.0.11\n   Compiling heck v0.5.0\n   Compiling anstyle-query v1.1.3\n   Compiling autocfg v1.5.0\n   Compiling colorchoice v1.0.4\n   Compiling anstream v0.6.19\n   Compiling lock_api v0.4.13\n    Checking bitflags v2.9.1\n   Compiling clap_lex v0.7.5\n   Compiling clap_builder v4.5.40\n    Checking volatile v0.4.6\n    Checking scopeguard v1.2.0\n   Compiling axconfig v0.1.0 (https://github.com/oscomp/arceos.git#a634925a)\n   Compiling syn v1.0.109\n    Checking spin v0.9.8\n   Compiling axconfig v0.1.0 (https://github.com/Starry-OS/axconfig.git#2a880338)\n    Checking static_assertions v1.1.0\n   Compiling libc v0.2.174\n    Checking x86_64 v0.15.2\n   Compiling paste v1.0.15\n   Compiling clap_derive v4.5.40\n   Compiling crate_interface v0.1.4\n   Compiling base64 v0.13.1\n   Compiling taskctx v0.1.0 (https://github.com/Starry-OS/taskctx.git#bee485a8)\n    Checking memory_addr v0.1.0 (https://github.com/Starry-OS/memory_addr.git#a5be547a)\n   Compiling unicode-width v0.1.14\n    Checking kernel_guard v0.1.2\n   Compiling svgbobdoc v0.3.0\n   Compiling axerrno v0.1.0\n    Checking const-default v1.0.0\n   Compiling linkme-impl v0.3.33\n    Checking numeric-enum-macro v0.2.0 (https://github.com/mexus/numeric-enum-macro#20aef288)\nerror: unsafe attribute used without unsafe\n   --> /home/runner/.cargo/git/checkouts/taskctx-00ed8d16ef39a8b8/bee485a/src/arch/x86_64.rs:158:3\n    |\n158 | #[naked]\n    |   ^^^^^ usage of unsafe attribute\n    |\nhelp: wrap the attribute in `unsafe(...)`\n    |\n158 | #[unsafe(naked)]\n    |   +++++++     +\n\n    Checking rlsf v0.2.1\nerror: could not compile `taskctx` (lib) due to 1 previous error\nwarning: build failed, waiting for other jobs to finish...\n"
            ]
          }
        },
        {
          "file": "Cargo.lock",
          "features": "--features arceos",
          "count": 1,
          "kinds": {
            "Audit": [
              "Crate:     paste\nVersion:   1.0.15\nWarning:   unmaintained\nTitle:     paste - no longer maintained\nDate:      2024-10-07\nID:        RUSTSEC-2024-0436\nURL:       https://rustsec.org/advisories/RUSTSEC-2024-0436\nDependency tree:\npaste 1.0.15\n x2apic 0.4.3\n    axhal 0.1.0\n       osl 0.1.0\n       axtask 0.1.0\n          osl 0.1.0\n          axsync 0.1.0\n              osl 0.1.0\n       axsync 0.1.0\n    axhal 0.1.0\n        axsignal 0.1.0\n            axtask 0.1.0\n riscv 0.14.0\n    page_table_multiarch 0.5.4\n        axhal 0.1.0\n riscv 0.13.0\n     axhal 0.1.0\n\n\n{\n  \"database\": {\n    \"advisory-count\": 787,\n    \"last-commit\": \"7573f55ba337263f61167dbb0ea926cdc7c8eb5d\",\n    \"last-updated\": \"2025-06-17T11:04:25+02:00\"\n  },\n  \"lockfile\": {\n    \"dependency-count\": 153\n  },\n  \"settings\": {\n    \"target_arch\": [],\n    \"target_os\": [],\n    \"severity\": null,\n    \"ignore\": [],\n    \"informational_warnings\": [\n      \"unmaintained\",\n      \"unsound\",\n      \"notice\"\n    ]\n  },\n  \"vulnerabilities\": {\n    \"found\": false,\n    \"count\": 0,\n    \"list\": []\n  },\n  \"warnings\": {\n    \"unmaintained\": [\n      {\n        \"kind\": \"unmaintained\",\n        \"package\": {\n          \"name\": \"paste\",\n          \"version\": \"1.0.15\",\n          \"source\": \"registry+https://github.com/rust-lang/crates.io-index\",\n          \"checksum\": \"57c0d7b74b563b49d38dae00a0c37d4d6de9b432382b2892f0574ddcae73fd0a\",\n          \"replace\": null\n        },\n        \"advisory\": {\n          \"id\": \"RUSTSEC-2024-0436\",\n          \"package\": \"paste\",\n          \"title\": \"paste - no longer maintained\",\n          \"description\": \"The creator of the crate `paste` has stated in the [`README.md`](https://github.com/dtolnay/paste/blob/master/README.md) \\nthat this project is not longer maintained as well as archived the repository\",\n          \"date\": \"2024-10-07\",\n          \"aliases\": [],\n          \"related\": [],\n          \"collection\": \"crates\",\n          \"categories\": [],\n          \"keywords\": [],\n          \"cvss\": null,\n          \"informational\": \"unmaintained\",\n          \"references\": [],\n          \"source\": null,\n          \"url\": \"https://github.com/dtolnay/paste\",\n          \"withdrawn\": null,\n          \"license\": \"CC0-1.0\"\n        },\n        \"affected\": null,\n        \"versions\": {\n          \"patched\": [],\n          \"unaffected\": []\n        }\n      }\n    ]\n  }\n}"
            ]
          }
        },
        {
          "file": "[Lockbud] deadlock detection",
          "features": "--features arceos",
          "count": 1,
          "kinds": {
            "Lockbud(Possibly)": [
              "[2025-06-28T03:30:16Z WARN  lockbud::callbacks] [\n      {\n        \"AtomicityViolation\": {\n          \"bug_kind\": \"AtomicityViolation\",\n          \"possibility\": \"Possibly\",\n          \"diagnosis\": {\n            \"fn_name\": \"set_logger_racy\",\n            \"atomic_reader\": \"/home/runner/.cargo/registry/src/index.crates.io-1949cf8c6b5b557f/log-0.4.21/src/lib.rs:1408:11: 1408:39 (#0)\",\n            \"atomic_writer\": \"/home/runner/.cargo/registry/src/index.crates.io-1949cf8c6b5b557f/log-0.4.21/src/lib.rs:1411:13: 1411:55 (#0)\",\n            \"dep_kind\": \"Control\"\n          },\n          \"explanation\": \"atomic::store is data/control dependent on atomic::load\"\n        }\n      }\n    ]\n[2025-06-28T03:30:16Z WARN  lockbud::callbacks] crate log contains bugs: { probably: 0, possibly: 0 }, conflictlock: { probably: 0, possibly: 0 }, condvar_deadlock: { probably: 0, possibly: 0 }, atomicity_violation: { possibly: 1 }, invalid_free: { possibly: 0 }, use_after_free: { possibly: 0 }"
            ]
          }
        },
        {
          "file": "[Udeps] Unused dependencies",
          "features": "--features arceos",
          "count": 1,
          "kinds": {
            "Unused Deps": [
              "pkg=osl, checker=Udeps\ntoolchain=nightly-2025-06-26-x86_64-unknown-linux-gnu, target=x86_64-unknown-linux-gnu\nfeatures=--features arceos\npkg_dir=/home/runner/check/batch_5/guoweikang/osl\ncmd=cargo +nightly-2025-06-26-x86_64-unknown-linux-gnu udeps --target x86_64-unknown-linux-gnu --features arceos\ntimestamp=2025-06-28 11:31:02.305992231 +08:00:00\n\n\nstdout:\n\nstderr:\n   Compiling proc-macro2 v1.0.95\n   Compiling unicode-ident v1.0.18\n   Compiling equivalent v1.0.2\n   Compiling hashbrown v0.15.4\n   Compiling toml_write v0.1.2\n   Compiling toml_datetime v0.6.11\n   Compiling winnow v0.7.11\n    Checking bit_field v0.10.2\n   Compiling strsim v0.11.1\n   Compiling indexmap v2.10.0\n   Compiling quote v1.0.40\n   Compiling syn v2.0.104\n    Checking cfg-if v1.0.1\n   Compiling serde v1.0.219\n    Checking log v0.4.21\n    Checking bitflags v1.3.2\n    Checking raw-cpuid v10.7.0\n   Compiling toml_edit v0.22.27\n   Compiling x86 v0.52.0\n   Compiling utf8parse v0.2.2\n   Compiling rustversion v1.0.21\n   Compiling anstyle-parse v0.2.7\n   Compiling is_terminal_polyfill v1.70.1\n   Compiling anstyle v1.0.11\n   Compiling heck v0.5.0\n   Compiling anstyle-query v1.1.3\n   Compiling autocfg v1.5.0\n   Compiling colorchoice v1.0.4\n   Compiling anstream v0.6.19\n   Compiling lock_api v0.4.13\n    Checking bitflags v2.9.1\n   Compiling clap_lex v0.7.5\n   Compiling clap_builder v4.5.40\n    Checking volatile v0.4.6\n    Checking scopeguard v1.2.0\n   Compiling axconfig v0.1.0 (https://github.com/oscomp/arceos.git#a634925a)\n   Compiling syn v1.0.109\n    Checking spin v0.9.8\n   Compiling axconfig v0.1.0 (https://github.com/Starry-OS/axconfig.git#2a880338)\n    Checking static_assertions v1.1.0\n   Compiling libc v0.2.174\n    Checking x86_64 v0.15.2\n   Compiling paste v1.0.15\n   Compiling clap_derive v4.5.40\n   Compiling crate_interface v0.1.4\n   Compiling base64 v0.13.1\n   Compiling taskctx v0.1.0 (https://github.com/Starry-OS/taskctx.git#bee485a8)\n    Checking memory_addr v0.1.0 (https://github.com/Starry-OS/memory_addr.git#a5be547a)\n   Compiling unicode-width v0.1.14\n    Checking kernel_guard v0.1.2\n   Compiling svgbobdoc v0.3.0\n   Compiling axerrno v0.1.0\n    Checking const-default v1.0.0\n   Compiling linkme-impl v0.3.33\n    Checking numeric-enum-macro v0.2.0 (https://github.com/mexus/numeric-enum-macro#20aef288)\nerror: unsafe attribute used without unsafe\n   --> /home/runner/.cargo/git/checkouts/taskctx-00ed8d16ef39a8b8/bee485a/src/arch/x86_64.rs:158:3\n    |\n158 | #[naked]\n    |   ^^^^^ usage of unsafe attribute\n    |\nhelp: wrap the attribute in `unsafe(...)`\n    |\n158 | #[unsafe(naked)]\n    |   +++++++     +\n\n    Checking rlsf v0.2.1\nerror: could not compile `taskctx` (lib) due to 1 previous error\nwarning: build failed, waiting for other jobs to finish...\n"
            ]
          }
        },
        {
          "file": "[semver checks violation]",
          "features": "--features arceos",
          "count": 1,
          "kinds": {
            "Semver Violation": [
              "pkg=osl, checker=SemverChecks\ntoolchain=nightly-2025-06-26-x86_64-unknown-linux-gnu, target=x86_64-unknown-linux-gnu\nfeatures=--features arceos\npkg_dir=/home/runner/check/batch_5/guoweikang/osl\ncmd=cargo +nightly-2025-06-26-x86_64-unknown-linux-gnu semver-checks --target x86_64-unknown-linux-gnu --features arceos\ntimestamp=2025-06-28 11:29:58.122009303 +08:00:00\n\n\nstdout:\n\nstderr:\n    Building osl v0.1.0 (current)\nerror: running cargo-doc on crate 'osl' failed with output:\n-----\n   Compiling proc-macro2 v1.0.95\n   Compiling unicode-ident v1.0.18\n   Compiling equivalent v1.0.2\n   Compiling hashbrown v0.15.4\n   Compiling winnow v0.7.11\n   Compiling toml_datetime v0.6.11\n   Compiling toml_write v0.1.2\n    Checking bit_field v0.10.2\n    Checking cfg-if v1.0.1\n   Compiling indexmap v2.10.0\n   Compiling strsim v0.11.1\n   Compiling quote v1.0.40\n   Compiling syn v2.0.104\n   Compiling serde v1.0.219\n    Checking log v0.4.21\n    Checking bitflags v1.3.2\n    Checking raw-cpuid v10.7.0\n   Compiling toml_edit v0.22.27\n   Compiling x86 v0.52.0\n   Compiling rustversion v1.0.21\n   Compiling utf8parse v0.2.2\n   Compiling anstyle-parse v0.2.7\n   Compiling colorchoice v1.0.4\n   Compiling heck v0.5.0\n   Compiling anstyle v1.0.11\n   Compiling autocfg v1.5.0\n   Compiling is_terminal_polyfill v1.70.1\n   Compiling anstyle-query v1.1.3\n   Compiling anstream v0.6.19\n   Compiling lock_api v0.4.13\n   Compiling clap_lex v0.7.5\n    Checking bitflags v2.9.1\n   Compiling clap_builder v4.5.40\n    Checking volatile v0.4.6\n    Checking scopeguard v1.2.0\n   Compiling syn v1.0.109\n   Compiling axconfig v0.1.0 (https://github.com/oscomp/arceos.git#a634925a)\n   Compiling axconfig v0.1.0 (https://github.com/Starry-OS/axconfig.git#2a880338)\n    Checking spin v0.9.8\n   Compiling libc v0.2.174\n    Checking static_assertions v1.1.0\n    Checking x86_64 v0.15.2\n   Compiling taskctx v0.1.0 (https://github.com/Starry-OS/taskctx.git#bee485a8)\n   Compiling clap_derive v4.5.40\n   Compiling crate_interface v0.1.4\n   Compiling base64 v0.13.1\n    Checking memory_addr v0.1.0 (https://github.com/Starry-OS/memory_addr.git#a5be547a)\n   Compiling unicode-width v0.1.14\n   Compiling paste v1.0.15\n    Checking kernel_guard v0.1.2\n   Compiling svgbobdoc v0.3.0\n   Compiling axerrno v0.1.0\n    Checking numeric-enum-macro v0.2.0 (https://github.com/mexus/numeric-enum-macro#20aef288)\n    Checking const-default v1.0.0\n   Compiling linkme-impl v0.3.33\n    Checking rlsf v0.2.1\nerror: unsafe attribute used without unsafe\n   --> /home/runner/.cargo/git/checkouts/taskctx-00ed8d16ef39a8b8/bee485a/src/arch/x86_64.rs:158:3\n    |\n158 | #[naked]\n    |   ^^^^^ usage of unsafe attribute\n    |\nhelp: wrap the attribute in `unsafe(...)`\n    |\n158 | #[unsafe(naked)]\n    |   +++++++     +\n\nerror: could not compile `taskctx` (lib) due to 1 previous error\nwarning: build failed, waiting for other jobs to finish...\n\n-----\n\nerror: failed to build rustdoc for crate osl v0.1.0\nnote: this is usually due to a compilation error in the crate,\n      and is unlikely to be a bug in cargo-semver-checks\nnote: the following command can be used to reproduce the compilation error:\n      cargo new --lib example &&\n          cd example &&\n          echo '[workspace]' >> Cargo.toml &&\n          cargo add --path /home/runner/check/batch_5/guoweikang/osl --features arceos,axerrno,axhal,axlog,axsync,axtask,linux &&\n          cargo check\n\nerror: aborting due to failure to build rustdoc for crate osl v0.1.0\n"
            ]
          }
        }
      ]
    }
  ],
  "kinds_order": [
    "Cargo",
    "Clippy(Error)",
    "Clippy(Warn)",
    "Semver Violation",
    "Audit",
    "Mirai",
    "Rapx",
    "Rudra",
    "Lockbud(Probably)",
    "Lockbud(Possibly)",
    "Atomvchecker",
    "Outdated",
    "Geiger",
    "Unused Deps",
    "Unformatted"
  ]
}