{"repo":{"user":"guoweikang","repo":"osl"},"data":[{"user":"guoweikang","repo":"osl","pkg":"osl","count":8,"raw_reports":[{"file":"src/error.rs","count":3,"kinds":{"Clippy(Error)":["error[E0412]: cannot find type `Error` in this scope\n  --> src/error.rs:58:46\n   |\n58 | pub type Result<T> = core::result::Result<T, Error>;\n   |                                              ^^^^^ not found in this scope\n   |\nhelp: consider importing one of these items\n   |\n35 + use core::error::Error;\n   |\n35 + use core::fmt::Error;\n   |\n\n","error[E0412]: cannot find type `Error` in this scope\n  --> src/error.rs:62:14\n   |\n62 |     Err::<T, Error>(Error::from(errno))\n   |              ^^^^^ not found in this scope\n   |\nhelp: consider importing one of these items\n   |\n35 + use core::error::Error;\n   |\n35 + use core::fmt::Error;\n   |\n\n","error[E0433]: failed to resolve: use of undeclared type `Error`\n  --> src/error.rs:62:21\n   |\n62 |     Err::<T, Error>(Error::from(errno))\n   |                     ^^^^^ use of undeclared type `Error`\n   |\nhelp: consider importing one of these items\n   |\n35 + use core::error::Error;\n   |\n35 + use core::fmt::Error;\n   |\n\n"]}},{"file":"src/driver/irq.rs","count":2,"kinds":{"Clippy(Error)":["error[E0412]: cannot find type `Return` in this scope\n  --> src/driver/irq.rs:40:42\n   |\n40 | pub fn to_irq_return(val: ReturnEnum) -> Return {\n   |                                          ^^^^^^ not found in this scope\n\n","error[E0433]: failed to resolve: use of undeclared type `Return`\n  --> src/driver/irq.rs:41:5\n   |\n41 |     Return::from(val)\n   |     ^^^^^^ use of undeclared type `Return`\n\n"]}},{"file":"(virtual) clippy","count":1,"kinds":{"Cargo":["// pkg_name=osl, checker=Clippy\n// toolchain=nightly-x86_64-unknown-linux-gnu, target=x86_64-unknown-linux-gnu\n// pkg_dir=/home/runner/check/batch_1/guoweikang/osl\n// cmd=cargo clippy --target x86_64-unknown-linux-gnu --no-deps --message-format=json\n   Compiling proc-macro2 v1.0.88\n   Compiling unicode-ident v1.0.13\n   Compiling strsim v0.11.1\n   Compiling ident_case v1.0.1\n   Compiling fnv v1.0.7\n    Checking bitflags v2.6.0\n    Checking cfg-if v1.0.0\n   Compiling quote v1.0.37\n   Compiling syn v2.0.79\n   Compiling darling_core v0.20.10\n   Compiling darling_macro v0.20.10\n   Compiling darling v0.20.10\n   Compiling derive_builder_core v0.20.2\n   Compiling derive_builder_macro v0.20.2\n    Checking derive_builder v0.20.2\n    Checking osl v0.1.0 (/home/runner/check/batch_1/guoweikang/osl)\nerror: could not compile `osl` (lib) due to 6 previous errors\n"]}},{"file":"(virtual) lockbud","count":1,"kinds":{"Cargo":["// pkg_name=osl, checker=Lockbud\n// toolchain=nightly-x86_64-unknown-linux-gnu, target=x86_64-unknown-linux-gnu\n// pkg_dir=/home/runner/check/batch_1/guoweikang/osl\n// cmd=cargo +nightly-2024-05-21 lockbud -k all -- --target x86_64-unknown-linux-gnu\n   Compiling proc-macro2 v1.0.88\n   Compiling unicode-ident v1.0.13\n   Compiling strsim v0.11.1\n   Compiling fnv v1.0.7\n   Compiling ident_case v1.0.1\n   Compiling bitflags v2.6.0\n   Compiling cfg-if v1.0.0\n   Compiling quote v1.0.37\n   Compiling syn v2.0.79\n   Compiling darling_core v0.20.10\n   Compiling darling_macro v0.20.10\n   Compiling darling v0.20.10\n   Compiling derive_builder_core v0.20.2\n   Compiling derive_builder_macro v0.20.2\n   Compiling derive_builder v0.20.2\n   Compiling osl v0.1.0 (/home/runner/check/batch_1/guoweikang/osl)\nerror[E0412]: cannot find type `Error` in this scope\n  --> src/error.rs:58:46\n   |\n58 | pub type Result<T> = core::result::Result<T, Error>;\n   |                                              ^^^^^ not found in this scope\n   |\nhelp: consider importing one of these items\n   |\n35 + use core::error::Error;\n   |\n35 + use core::fmt::Error;\n   |\n\nerror[E0412]: cannot find type `Error` in this scope\n  --> src/error.rs:62:14\n   |\n62 |     Err::<T, Error>(Error::from(errno))\n   |              ^^^^^ not found in this scope\n   |\nhelp: consider importing one of these items\n   |\n35 + use core::error::Error;\n   |\n35 + use core::fmt::Error;\n   |\n\nerror[E0433]: failed to resolve: use of undeclared type `Error`\n  --> src/error.rs:62:21\n   |\n62 |     Err::<T, Error>(Error::from(errno))\n   |                     ^^^^^ use of undeclared type `Error`\n   |\nhelp: consider importing one of these items\n   |\n35 + use core::error::Error;\n   |\n35 + use core::fmt::Error;\n   |\n\nerror[E0412]: cannot find type `Arc` in this scope\n  --> src/sync.rs:33:24\n   |\n33 |     fn new() -> Result<Arc<Self>>;\n   |                        ^^^ not found in this scope\n\nerror[E0412]: cannot find type `Return` in this scope\n  --> src/driver/irq.rs:40:42\n   |\n40 | pub fn to_irq_return(val: ReturnEnum) -> Return {\n   |                                          ^^^^^^ not found in this scope\n\nerror[E0433]: failed to resolve: use of undeclared type `Return`\n  --> src/driver/irq.rs:41:5\n   |\n41 |     Return::from(val)\n   |     ^^^^^^ use of undeclared type `Return`\n\nSome errors have detailed explanations: E0412, E0433.\nFor more information about an error, try `rustc --explain E0412`.\nerror: could not compile `osl` (lib) due to 6 previous errors\n"]}},{"file":"src/sync.rs","count":1,"kinds":{"Clippy(Error)":["error[E0412]: cannot find type `Arc` in this scope\n  --> src/sync.rs:33:24\n   |\n33 |     fn new() -> Result<Arc<Self>>;\n   |                        ^^^ not found in this scope\n\n"]}}]}],"kinds_order":["Cargo","Clippy(Error)","Clippy(Warn)","Audit","Mirai","Rap","Lockbud(Probably)","Lockbud(Possibly)","Unformatted"]}