{
  "repo": {
    "user": "arceos-org",
    "repo": "starry-next"
  },
  "data": [
    {
      "user": "arceos-org",
      "repo": "starry-next",
      "pkg": "sleep",
      "count": 10,
      "raw_reports": [
        {
          "file": "src/main.rs",
          "features": "",
          "count": 5,
          "kinds": {
            "Clippy(Error)": [
              "error[E0463]: can't find crate for `std`\n  |\n  = note: the `aarch64-unknown-none` target may not support the standard library\n  = note: `std` is required by `sleep` because it does not declare `#![no_std]`\n  = help: consider building the standard library from source with `cargo build -Zbuild-std`\n\n",
              "error: cannot find macro `println` in this scope\n --> src/main.rs:5:5\n  |\n5 |     println!(\"Woke up from sleep!\");\n  |     ^^^^^^^\n\n",
              "error: cannot find macro `println` in this scope\n --> src/main.rs:2:5\n  |\n2 |     println!(\"Sleep for 5 seconds from Rust!\");\n  |     ^^^^^^^\n\n",
              "error[E0463]: can't find crate for `std`\n --> src/main.rs:3:20\n  |\n3 |     let duration = std::time::Duration::from_secs(5);\n  |                    ^^^ can't find crate\n  |\n  = note: the `aarch64-unknown-none` target may not support the standard library\n  = help: consider building the standard library from source with `cargo build -Zbuild-std`\n\n",
              "error[E0463]: can't find crate for `std`\n --> src/main.rs:4:5\n  |\n4 |     std::thread::sleep(duration);\n  |     ^^^ can't find crate\n  |\n  = note: the `aarch64-unknown-none` target may not support the standard library\n  = help: consider building the standard library from source with `cargo build -Zbuild-std`\n\n"
            ]
          }
        },
        {
          "file": "unkonwn-but-maybe-important",
          "features": "",
          "count": 2,
          "kinds": {
            "Clippy(Error)": [
              "error: `#[panic_handler]` function required, but not found\n\n",
              "error: requires `sized` lang_item\n\n"
            ]
          }
        },
        {
          "file": "(virtual) clippy",
          "features": "",
          "count": 1,
          "kinds": {
            "Cargo": [
              "// pkg_name=sleep, checker=Clippy\n// toolchain=nightly-2025-01-26-x86_64-unknown-linux-gnu, target=aarch64-unknown-none\n// features=\n// pkg_dir=/home/runner/check/batch_27/arceos-org/starry-next/apps/libc/rust/task/sleep\n// cmd=cargo clippy --target aarch64-unknown-none  --no-deps\n// timestamp=2025-02-16 20:42:34.440823659 +08:00:00\n    Checking sleep v0.1.0 (/home/runner/check/batch_27/arceos-org/starry-next/apps/libc/rust/task/sleep)\nerror: could not compile `sleep` (bin \"sleep\") due to 7 previous errors\n"
            ]
          }
        },
        {
          "file": "(virtual) lockbud",
          "features": "",
          "count": 1,
          "kinds": {
            "Cargo": [
              "// pkg_name=sleep, checker=Lockbud\n// toolchain=nightly-2025-01-26-x86_64-unknown-linux-gnu, target=aarch64-unknown-none\n// features=\n// pkg_dir=/home/runner/check/batch_4/arceos-org/starry-next/apps/libc/rust/task/sleep\n// cmd=cargo +nightly-2025-02-01 lockbud -k all -- --target aarch64-unknown-none \n// timestamp=2025-03-07 20:58:24.488644984 +08:00:00\n   Compiling sleep v0.1.0 (/home/runner/check/batch_4/arceos-org/starry-next/apps/libc/rust/task/sleep)\nerror[E0463]: can't find crate for `std`\n  |\n  = note: the `aarch64-unknown-none` target may not support the standard library\n  = note: `std` is required by `sleep` because it does not declare `#![no_std]`\n  = help: consider building the standard library from source with `cargo build -Zbuild-std`\n\nerror: cannot find macro `println` in this scope\n --> src/main.rs:5:5\n  |\n5 |     println!(\"Woke up from sleep!\");\n  |     ^^^^^^^\n\nerror: cannot find macro `println` in this scope\n --> src/main.rs:2:5\n  |\n2 |     println!(\"Sleep for 5 seconds from Rust!\");\n  |     ^^^^^^^\n\nerror[E0463]: can't find crate for `std`\n --> src/main.rs:3:20\n  |\n3 |     let duration = std::time::Duration::from_secs(5);\n  |                    ^^^ can't find crate\n  |\n  = note: the `aarch64-unknown-none` target may not support the standard library\n  = help: consider building the standard library from source with `cargo build -Zbuild-std`\n\nerror[E0463]: can't find crate for `std`\n --> src/main.rs:4:5\n  |\n4 |     std::thread::sleep(duration);\n  |     ^^^ can't find crate\n  |\n  = note: the `aarch64-unknown-none` target may not support the standard library\n  = help: consider building the standard library from source with `cargo build -Zbuild-std`\n\nerror: `#[panic_handler]` function required, but not found\n\nerror: requires `sized` lang_item\n\nFor more information about this error, try `rustc --explain E0463`.\nerror: could not compile `sleep` (bin \"sleep\") due to 7 previous errors\n"
            ]
          }
        },
        {
          "file": "(virtual) rapx",
          "features": "",
          "count": 1,
          "kinds": {
            "Cargo": [
              "// pkg_name=sleep, checker=Rapx\n// toolchain=nightly-2025-01-26-x86_64-unknown-linux-gnu, target=aarch64-unknown-none\n// features=\n// pkg_dir=/home/runner/check/batch_27/arceos-org/starry-next/apps/libc/rust/task/sleep\n// cmd=cargo +nightly-2024-10-12 rapx -F -M -- --target aarch64-unknown-none \n// timestamp=2025-02-16 20:45:23.16165665 +08:00:00\n    Checking sleep v0.1.0 (/home/runner/check/batch_27/arceos-org/starry-next/apps/libc/rust/task/sleep)\nerror[E0463]: can't find crate for `std`\n  |\n  = note: the `aarch64-unknown-none` target may not support the standard library\n  = note: `std` is required by `sleep` because it does not declare `#![no_std]`\n  = help: consider building the standard library from source with `cargo build -Zbuild-std`\n\nerror: cannot find macro `println` in this scope\n --> src/main.rs:5:5\n  |\n5 |     println!(\"Woke up from sleep!\");\n  |     ^^^^^^^\n\nerror: cannot find macro `println` in this scope\n --> src/main.rs:2:5\n  |\n2 |     println!(\"Sleep for 5 seconds from Rust!\");\n  |     ^^^^^^^\n\nerror[E0463]: can't find crate for `std`\n --> src/main.rs:3:20\n  |\n3 |     let duration = std::time::Duration::from_secs(5);\n  |                    ^^^ can't find crate\n  |\n  = note: the `aarch64-unknown-none` target may not support the standard library\n  = help: consider building the standard library from source with `cargo build -Zbuild-std`\n\nerror[E0463]: can't find crate for `std`\n --> src/main.rs:4:5\n  |\n4 |     std::thread::sleep(duration);\n  |     ^^^ can't find crate\n  |\n  = note: the `aarch64-unknown-none` target may not support the standard library\n  = help: consider building the standard library from source with `cargo build -Zbuild-std`\n\nerror: `#[panic_handler]` function required, but not found\n\nerror: requires `sized` lang_item\n\nFor more information about this error, try `rustc --explain E0463`.\nerror: could not compile `sleep` (bin \"sleep\") due to 7 previous errors\n12:45:23|RAP|ERROR|: Finished with non-zero exit code.\n"
            ]
          }
        }
      ]
    },
    {
      "user": "arceos-org",
      "repo": "starry-next",
      "pkg": "user_lib",
      "count": 9,
      "raw_reports": [
        {
          "file": "src/arch/mod.rs",
          "features": "",
          "count": 4,
          "kinds": {
            "Unformatted": [
              "file: /home/runner/check/batch_27/arceos-org/starry-next/apps/nimbos/rust/src/arch/mod.rs (original lines from 3 to 4)\n-#[cfg(target_arch = \"x86_64\")]\n-mod x86_64;\n",
              "file: /home/runner/check/batch_27/arceos-org/starry-next/apps/nimbos/rust/src/arch/mod.rs (original lines from 7 to 7)\n+#[cfg(target_arch = \"x86_64\")]\n+mod x86_64;\n",
              "file: /home/runner/check/batch_27/arceos-org/starry-next/apps/nimbos/rust/src/arch/mod.rs (original lines from 10 to 11)\n-#[cfg(target_arch = \"x86_64\")]\n-pub use x86_64::*;\n",
              "file: /home/runner/check/batch_27/arceos-org/starry-next/apps/nimbos/rust/src/arch/mod.rs (original lines from 14 to 14)\n+#[cfg(target_arch = \"x86_64\")]\n+pub use x86_64::*;\n"
            ]
          }
        },
        {
          "file": "(virtual) lockbud",
          "features": "",
          "count": 1,
          "kinds": {
            "Cargo": [
              "// pkg_name=user_lib, checker=Lockbud\n// toolchain=nightly-2024-05-02, target=aarch64-unknown-none\n// features=\n// pkg_dir=/home/runner/check/batch_4/arceos-org/starry-next/apps/nimbos/rust\n// cmd=cargo +nightly-2025-02-01 lockbud -k all -- --target aarch64-unknown-none \n// timestamp=2025-03-07 20:59:28.729780668 +08:00:00\n   Compiling cfg-if v1.0.0\n   Compiling user_lib v0.1.0 (/home/runner/check/batch_4/arceos-org/starry-next/apps/nimbos/rust)\nerror[E0787]: the `asm!` macro is not allowed in naked functions\n  --> src/arch/aarch64.rs:27:9\n   |\n27 | /         asm!(\"\n28 | |             // align stack and save entry,arg to the new stack\n29 | |             and x2, x2, #-16\n30 | |             stp x0, x1, [x2, #-16]!\n...  |\n49 | |             options(noreturn)\n50 | |         )\n   | |_________^ consider using the `naked_asm!` macro instead\n\nwarning: the feature `asm_const` has been stable since 1.82.0 and no longer requires an attribute to enable\n --> src/lib.rs:3:12\n  |\n3 | #![feature(asm_const)]\n  |            ^^^^^^^^^\n  |\n  = note: `#[warn(stable_features)]` on by default\n\nwarning: the feature `panic_info_message` has been stable since 1.81.0 and no longer requires an attribute to enable\n --> src/lib.rs:5:12\n  |\n5 | #![feature(panic_info_message)]\n  |            ^^^^^^^^^^^^^^^^^^\n\nerror[E0599]: no method named `unwrap` found for struct `core::panic::PanicMessage` in the current scope\n --> src/lang_items.rs:3:36\n  |\n3 |     let err = panic_info.message().unwrap();\n  |                                    ^^^^^^ method not found in `PanicMessage<'_>`\n\nSome errors have detailed explanations: E0599, E0787.\nFor more information about an error, try `rustc --explain E0599`.\nwarning: `user_lib` (lib) generated 2 warnings\nerror: could not compile `user_lib` (lib) due to 2 previous errors; 2 warnings emitted\n"
            ]
          }
        },
        {
          "file": "(virtual) rapx",
          "features": "",
          "count": 1,
          "kinds": {
            "Cargo": [
              "// pkg_name=user_lib, checker=Rapx\n// toolchain=nightly-2024-05-02, target=aarch64-unknown-none\n// features=\n// pkg_dir=/home/runner/check/batch_27/arceos-org/starry-next/apps/nimbos/rust\n// cmd=cargo +nightly-2024-10-12 rapx -F -M -- --target aarch64-unknown-none \n// timestamp=2025-02-16 20:45:29.685847526 +08:00:00\n    Checking cfg-if v1.0.0\n    Checking user_lib v0.1.0 (/home/runner/check/batch_27/arceos-org/starry-next/apps/nimbos/rust)\nerror[E0787]: the `asm!` macro is not allowed in naked functions\n  --> src/arch/aarch64.rs:27:9\n   |\n27 | /         asm!(\"\n28 | |             // align stack and save entry,arg to the new stack\n29 | |             and x2, x2, #-16\n30 | |             stp x0, x1, [x2, #-16]!\n...  |\n49 | |             options(noreturn)\n50 | |         )\n   | |_________^ consider using the `naked_asm!` macro instead\n\nwarning: the feature `asm_const` has been stable since 1.82.0 and no longer requires an attribute to enable\n --> src/lib.rs:3:12\n  |\n3 | #![feature(asm_const)]\n  |            ^^^^^^^^^\n  |\n  = note: `#[warn(stable_features)]` on by default\n\nwarning: the feature `panic_info_message` has been stable since 1.81.0 and no longer requires an attribute to enable\n --> src/lib.rs:5:12\n  |\n5 | #![feature(panic_info_message)]\n  |            ^^^^^^^^^^^^^^^^^^\n\nerror[E0599]: no method named `unwrap` found for struct `core::panic::PanicMessage` in the current scope\n --> src/lang_items.rs:3:36\n  |\n3 |     let err = panic_info.message().unwrap();\n  |                                    ^^^^^^ method not found in `PanicMessage<'_>`\n\nSome errors have detailed explanations: E0599, E0787.\nFor more information about an error, try `rustc --explain E0599`.\nwarning: `user_lib` (lib) generated 2 warnings\nerror: could not compile `user_lib` (lib) due to 2 previous errors; 2 warnings emitted\n12:45:30|RAP|ERROR|: Finished with non-zero exit code.\n"
            ]
          }
        },
        {
          "file": "(virtual) semver-checks",
          "features": "",
          "count": 1,
          "kinds": {
            "Cargo": [
              "// pkg_name=user_lib, checker=SemverChecks\n// toolchain=nightly-2024-05-02, target=aarch64-unknown-none\n// features=\n// pkg_dir=/home/runner/check/batch_28/arceos-org/starry-next/apps/nimbos/rust\n// cmd=cargo +nightly-2025-01-26-x86_64-unknown-linux-gnu semver-checks --target aarch64-unknown-none \n// timestamp=2025-03-07 18:00:45.592514641 +08:00:00\n    Building user_lib v0.1.0 (current)\n       Built [   0.220s] (current)\n     Parsing user_lib v0.1.0 (current)\n      Parsed [   0.001s] (current)\nerror: user_lib not found in registry (crates.io). For workarounds check https://github.com/obi1kenobi/cargo-semver-checks#does-the-crate-im-checking-have-to-be-published-on-cratesio\n"
            ]
          }
        },
        {
          "file": "[semver checks]",
          "features": "",
          "count": 1,
          "kinds": {
            "Semver Violation": [
              "pkg=user_lib, checker=SemverChecks\ntoolchain=nightly-2024-05-02, target=aarch64-unknown-none\nfeatures=\npkg_dir=/home/runner/check/batch_28/arceos-org/starry-next/apps/nimbos/rust\ncmd=cargo +nightly-2025-01-26-x86_64-unknown-linux-gnu semver-checks --target aarch64-unknown-none \ntimestamp=2025-03-07 18:00:46.006859245 +08:00:00\n\n\nstdout:\n\nstderr:\n    Building user_lib v0.1.0 (current)\n       Built [   0.220s] (current)\n     Parsing user_lib v0.1.0 (current)\n      Parsed [   0.001s] (current)\nerror: user_lib not found in registry (crates.io). For workarounds check https://github.com/obi1kenobi/cargo-semver-checks#does-the-crate-im-checking-have-to-be-published-on-cratesio\n"
            ]
          }
        },
        {
          "file": "src/bin/usertests.rs",
          "features": "",
          "count": 1,
          "kinds": {
            "Clippy(Warn)": [
              "warning: deref which would be done by auto-deref\n  --> src/bin/usertests.rs:31:21\n   |\n31 |             if exec(*test) == -1 {\n   |                     ^^^^^ help: try: `test`\n   |\n   = help: for further information visit https://rust-lang.github.io/rust-clippy/master/index.html#explicit_auto_deref\n   = note: `#[warn(clippy::explicit_auto_deref)]` on by default\n\n"
            ]
          }
        }
      ]
    },
    {
      "user": "arceos-org",
      "repo": "starry-next",
      "pkg": "helloworld",
      "count": 7,
      "raw_reports": [
        {
          "file": "src/main.rs",
          "features": "",
          "count": 2,
          "kinds": {
            "Clippy(Error)": [
              "error[E0463]: can't find crate for `std`\n  |\n  = note: the `aarch64-unknown-none` target may not support the standard library\n  = note: `std` is required by `helloworld` because it does not declare `#![no_std]`\n  = help: consider building the standard library from source with `cargo build -Zbuild-std`\n\n",
              "error: cannot find macro `println` in this scope\n --> src/main.rs:2:5\n  |\n2 |     println!(\"Hello world from Rust!\");\n  |     ^^^^^^^\n\n"
            ]
          }
        },
        {
          "file": "unkonwn-but-maybe-important",
          "features": "",
          "count": 2,
          "kinds": {
            "Clippy(Error)": [
              "error: `#[panic_handler]` function required, but not found\n\n",
              "error: requires `sized` lang_item\n\n"
            ]
          }
        },
        {
          "file": "(virtual) clippy",
          "features": "",
          "count": 1,
          "kinds": {
            "Cargo": [
              "// pkg_name=helloworld, checker=Clippy\n// toolchain=nightly-2025-01-26-x86_64-unknown-linux-gnu, target=aarch64-unknown-none\n// features=\n// pkg_dir=/home/runner/check/batch_27/arceos-org/starry-next/apps/libc/rust/helloworld\n// cmd=cargo clippy --target aarch64-unknown-none  --no-deps\n// timestamp=2025-02-16 20:42:33.16678979 +08:00:00\n    Checking helloworld v0.1.0 (/home/runner/check/batch_27/arceos-org/starry-next/apps/libc/rust/helloworld)\nerror: could not compile `helloworld` (bin \"helloworld\") due to 4 previous errors\n"
            ]
          }
        },
        {
          "file": "(virtual) lockbud",
          "features": "",
          "count": 1,
          "kinds": {
            "Cargo": [
              "// pkg_name=helloworld, checker=Lockbud\n// toolchain=nightly-2025-01-26-x86_64-unknown-linux-gnu, target=aarch64-unknown-none\n// features=\n// pkg_dir=/home/runner/check/batch_4/arceos-org/starry-next/apps/libc/rust/helloworld\n// cmd=cargo +nightly-2025-02-01 lockbud -k all -- --target aarch64-unknown-none \n// timestamp=2025-03-07 20:58:23.60741228 +08:00:00\n   Compiling helloworld v0.1.0 (/home/runner/check/batch_4/arceos-org/starry-next/apps/libc/rust/helloworld)\nerror[E0463]: can't find crate for `std`\n  |\n  = note: the `aarch64-unknown-none` target may not support the standard library\n  = note: `std` is required by `helloworld` because it does not declare `#![no_std]`\n  = help: consider building the standard library from source with `cargo build -Zbuild-std`\n\nerror: cannot find macro `println` in this scope\n --> src/main.rs:2:5\n  |\n2 |     println!(\"Hello world from Rust!\");\n  |     ^^^^^^^\n\nerror: `#[panic_handler]` function required, but not found\n\nerror: requires `sized` lang_item\n\nFor more information about this error, try `rustc --explain E0463`.\nerror: could not compile `helloworld` (bin \"helloworld\") due to 4 previous errors\n"
            ]
          }
        },
        {
          "file": "(virtual) rapx",
          "features": "",
          "count": 1,
          "kinds": {
            "Cargo": [
              "// pkg_name=helloworld, checker=Rapx\n// toolchain=nightly-2025-01-26-x86_64-unknown-linux-gnu, target=aarch64-unknown-none\n// features=\n// pkg_dir=/home/runner/check/batch_27/arceos-org/starry-next/apps/libc/rust/helloworld\n// cmd=cargo +nightly-2024-10-12 rapx -F -M -- --target aarch64-unknown-none \n// timestamp=2025-02-16 20:45:20.133961252 +08:00:00\n    Checking helloworld v0.1.0 (/home/runner/check/batch_27/arceos-org/starry-next/apps/libc/rust/helloworld)\nerror[E0463]: can't find crate for `std`\n  |\n  = note: the `aarch64-unknown-none` target may not support the standard library\n  = note: `std` is required by `helloworld` because it does not declare `#![no_std]`\n  = help: consider building the standard library from source with `cargo build -Zbuild-std`\n\nerror: cannot find macro `println` in this scope\n --> src/main.rs:2:5\n  |\n2 |     println!(\"Hello world from Rust!\");\n  |     ^^^^^^^\n\nerror: `#[panic_handler]` function required, but not found\n\nerror: requires `sized` lang_item\n\nFor more information about this error, try `rustc --explain E0463`.\nerror: could not compile `helloworld` (bin \"helloworld\") due to 4 previous errors\n12:45:20|RAP|ERROR|: Finished with non-zero exit code.\n"
            ]
          }
        }
      ]
    },
    {
      "user": "arceos-org",
      "repo": "starry-next",
      "pkg": "starry",
      "count": 7,
      "raw_reports": [
        {
          "file": "/home/runner/.cargo/git/checkouts/arceos-97f667ab5043b954/959d1c7/modules/axhal/src/platform/aarch64_common/boot.rs",
          "features": "",
          "count": 2,
          "kinds": {
            "Clippy(Error)": [
              "error[E0425]: cannot find function `init_boot_page_table` in module `crate::platform::mem`\n   --> /home/runner/.cargo/git/checkouts/arceos-97f667ab5043b954/959d1c7/modules/axhal/src/platform/aarch64_common/boot.rs:106:27\n    |\n106 |     crate::platform::mem::init_boot_page_table(addr_of_mut!(BOOT_PT_L0), addr_of_mut!(BOOT_PT_L1));\n    |                           ^^^^^^^^^^^^^^^^^^^^ not found in `crate::platform::mem`\n\n",
              "error[E0425]: cannot find value `rust_entry` in module `crate::platform`\n   --> /home/runner/.cargo/git/checkouts/arceos-97f667ab5043b954/959d1c7/modules/axhal/src/platform/aarch64_common/boot.rs:175:42\n    |\n175 |             entry = sym crate::platform::rust_entry,\n    |                                          ^^^^^^^^^^ not found in `crate::platform`\n\n"
            ]
          }
        },
        {
          "file": "/home/runner/.cargo/git/checkouts/arceos-97f667ab5043b954/959d1c7/modules/axhal/src/platform/aarch64_common/pl011.rs",
          "features": "",
          "count": 1,
          "kinds": {
            "Clippy(Error)": [
              "error[E0425]: cannot find value `UART_PADDR` in module `axconfig::devices`\n --> /home/runner/.cargo/git/checkouts/arceos-97f667ab5043b954/959d1c7/modules/axhal/src/platform/aarch64_common/pl011.rs:9:52\n  |\n9 | const UART_BASE: PhysAddr = pa!(axconfig::devices::UART_PADDR);\n  |                                                    ^^^^^^^^^^ not found in `axconfig::devices`\n\n"
            ]
          }
        },
        {
          "file": "/home/runner/.cargo/git/checkouts/arceos-97f667ab5043b954/959d1c7/modules/axhal/src/platform/aarch64_common/psci.rs",
          "features": "",
          "count": 1,
          "kinds": {
            "Clippy(Error)": [
              "error[E0432]: unresolved import `axconfig::devices::PSCI_METHOD`\n --> /home/runner/.cargo/git/checkouts/arceos-97f667ab5043b954/959d1c7/modules/axhal/src/platform/aarch64_common/psci.rs:5:5\n  |\n5 | use axconfig::devices::PSCI_METHOD;\n  |     ^^^^^^^^^^^^^^^^^^^^^^^^^^^^^^ no `PSCI_METHOD` in `devices`\n\n"
            ]
          }
        },
        {
          "file": "(virtual) clippy",
          "features": "",
          "count": 1,
          "kinds": {
            "Cargo": [
              "// pkg_name=starry, checker=Clippy\n// toolchain=nightly-2025-01-26-x86_64-unknown-linux-gnu, target=aarch64-unknown-none\n// features=\n// pkg_dir=/home/runner/check/batch_27/arceos-org/starry-next\n// cmd=cargo clippy --target aarch64-unknown-none  --no-deps\n// timestamp=2025-02-16 20:43:01.576864182 +08:00:00\n    Checking cfg-if v1.0.0\n    Checking tock-registers v0.8.1\n    Checking log v0.4.21\n    Checking memory_addr v0.3.1\n   Compiling axerrno v0.1.0\n    Checking bitflags v2.8.0\n    Checking kernel_guard v0.1.2\n    Checking bit_field v0.10.2\n    Checking tock-registers v0.9.0\n    Checking const-default v1.0.0\n    Checking kspin v0.1.0\n    Checking bitmap-allocator v0.2.0\n    Checking rlsf v0.2.1\n    Checking aarch64-cpu v10.0.0\n   Compiling percpu v0.2.0\n   Compiling axconfig v0.1.0 (https://github.com/arceos-org/arceos.git#959d1c74)\n    Checking linkme v0.3.31\n   Compiling axhal v0.1.0 (https://github.com/arceos-org/arceos.git#959d1c74)\n    Checking axlog v0.1.0 (https://github.com/arceos-org/arceos.git#959d1c74)\n    Checking arm_gicv2 v0.1.0\n    Checking dw_apb_uart v0.1.0\n    Checking arm_pl011 v0.1.0\n    Checking allocator v0.1.1 (https://github.com/arceos-org/allocator.git?tag=v0.1.1#1d5b7a1b)\n    Checking int_ratio v0.1.1\n    Checking lazyinit v0.2.1\n    Checking axalloc v0.1.0 (https://github.com/arceos-org/arceos.git#959d1c74)\n    Checking bitmaps v3.2.1\n    Checking static_assertions v1.1.0\n    Checking handler_table v0.1.2\n    Checking linked_list v0.1.0 (https://github.com/arceos-org/linked_list.git?tag=v0.1.0#34c8db30)\n   Compiling num-traits v0.2.19\n    Checking scheduler v0.1.0 (https://github.com/arceos-org/scheduler.git?tag=v0.1.0#c8d25d9a)\n    Checking timer_list v0.1.0\n    Checking memory_set v0.3.1\n    Checking ctor_bare v0.2.1\n   Compiling lock_api v0.4.12\n    Checking scopeguard v1.2.0\n    Checking cpumask v0.1.0\n    Checking axio v0.1.0\n    Checking spin v0.9.8\n    Checking aarch64-cpu v9.4.0\n    Checking zero v0.1.3\n    Checking xmas-elf v0.9.1\n    Checking chrono v0.4.39\n   Compiling syscalls v0.6.18\n    Checking lazy_static v1.5.0\n   Compiling arceos_posix_api v0.1.0 (https://github.com/arceos-org/arceos.git#959d1c74)\n    Checking flatten_objects v0.2.1\n    Checking num_enum v0.7.3\n   Compiling starry v0.1.0 (/home/runner/check/batch_27/arceos-org/starry-next)\n    Checking page_table_entry v0.5.1\n    Checking page_table_multiarch v0.5.1\nerror: could not compile `axhal` (lib) due to 4 previous errors\nwarning: build failed, waiting for other jobs to finish...\n"
            ]
          }
        },
        {
          "file": "(virtual) lockbud",
          "features": "",
          "count": 1,
          "kinds": {
            "Cargo": [
              "// pkg_name=starry, checker=Lockbud\n// toolchain=nightly-2025-01-26-x86_64-unknown-linux-gnu, target=aarch64-unknown-none\n// features=\n// pkg_dir=/home/runner/check/batch_4/arceos-org/starry-next\n// cmd=cargo +nightly-2025-02-01 lockbud -k all -- --target aarch64-unknown-none \n// timestamp=2025-03-07 20:58:25.344176501 +08:00:00\n   Compiling proc-macro2 v1.0.94\n   Compiling unicode-ident v1.0.18\n   Compiling equivalent v1.0.2\n   Compiling utf8parse v0.2.2\n   Compiling hashbrown v0.15.2\n   Compiling anstyle-parse v0.2.6\n   Compiling anstyle-query v1.1.2\n   Compiling is_terminal_polyfill v1.70.1\n   Compiling colorchoice v1.0.3\n   Compiling winnow v0.7.3\n   Compiling toml_datetime v0.6.8\n   Compiling anstyle v1.0.10\n   Compiling anstream v0.6.18\n   Compiling indexmap v2.7.1\n   Compiling quote v1.0.39\n   Compiling syn v2.0.99\n   Compiling clap_lex v0.7.4\n   Compiling cfg-if v1.0.0\n   Compiling strsim v0.11.1\n   Compiling heck v0.5.0\n   Compiling clap_builder v4.5.31\n   Compiling axconfig v0.1.0 (https://github.com/arceos-org/arceos.git#29bdc926)\n   Compiling log v0.4.21\n[2025-03-07T12:58:27Z WARN  lockbud::callbacks] [\n      {\n        \"AtomicityViolation\": {\n          \"bug_kind\": \"AtomicityViolation\",\n          \"possibility\": \"Possibly\",\n          \"diagnosis\": {\n            \"fn_name\": \"set_logger_racy\",\n            \"atomic_reader\": \"/home/runner/.cargo/registry/src/index.crates.io-1949cf8c6b5b557f/log-0.4.21/src/lib.rs:1408:11: 1408:39 (#0)\",\n            \"atomic_writer\": \"/home/runner/.cargo/registry/src/index.crates.io-1949cf8c6b5b557f/log-0.4.21/src/lib.rs:1411:13: 1411:55 (#0)\",\n            \"dep_kind\": \"Control\"\n          },\n          \"explanation\": \"atomic::store is data/control dependent on atomic::load\"\n        }\n      }\n    ]\n[2025-03-07T12:58:27Z WARN  lockbud::callbacks] crate log contains bugs: { probably: 0, possibly: 0 }, conflictlock: { probably: 0, possibly: 0 }, condvar_deadlock: { probably: 0, possibly: 0 }, atomicity_violation: { possibly: 1 }, invalid_free: { possibly: 0 }, use_after_free: { possibly: 0 }\n   Compiling memory_addr v0.3.2\n   Compiling toml_edit v0.22.24\n   Compiling tock-registers v0.8.1\n   Compiling syn v1.0.109\n   Compiling axerrno v0.1.0\n   Compiling autocfg v1.4.0\n   Compiling unicode-width v0.1.14\n   Compiling bitflags v2.9.0\n   Compiling base64 v0.13.1\n   Compiling bit_field v0.10.2\n   Compiling linkme-impl v0.3.32\n   Compiling svgbobdoc v0.3.0\n   Compiling const-default v1.0.0\n   Compiling tock-registers v0.9.0\n   Compiling bitmap-allocator v0.2.0\n   Compiling aarch64-cpu v10.0.0\n   Compiling percpu v0.2.0\n   Compiling dw_apb_uart v0.1.0\n   Compiling rlsf v0.2.1\n   Compiling arm_pl011 v0.1.0\n   Compiling allocator v0.1.1 (https://github.com/arceos-org/allocator.git?tag=v0.1.1#1d5b7a1b)\n   Compiling arm_gicv2 v0.1.0\n   Compiling bitmaps v3.2.1\n   Compiling int_ratio v0.1.1\n   Compiling static_assertions v1.1.0\n   Compiling lazyinit v0.2.1\n   Compiling handler_table v0.1.2\n   Compiling num-traits v0.2.19\n   Compiling glob v0.3.2\n   Compiling linked_list v0.1.0 (https://github.com/arceos-org/linked_list.git?tag=v0.1.0#34c8db30)\n   Compiling scheduler v0.1.0 (https://github.com/arceos-org/scheduler.git?tag=v0.1.0#c8d25d9a)\n   Compiling clap_derive v4.5.28\n   Compiling crate_interface v0.1.4\n   Compiling percpu_macros v0.2.0\n   Compiling kernel_guard v0.1.2\n   Compiling kspin v0.1.0\n   Compiling axalloc v0.1.0 (https://github.com/arceos-org/arceos.git#29bdc926)\n   Compiling axlog v0.1.0 (https://github.com/arceos-org/arceos.git#29bdc926)\n   Compiling clang-sys v1.8.1\n   Compiling cpumask v0.1.0\n   Compiling linkme v0.3.32\n   Compiling page_table_entry v0.5.3\n   Compiling timer_list v0.1.0\n   Compiling prettyplease v0.2.30\n   Compiling libc v0.2.170\n   Compiling page_table_multiarch v0.5.3\n   Compiling rustix v0.38.44\n   Compiling ctor_bare_macros v0.2.1\n   Compiling memory_set v0.3.2\n   Compiling either v1.15.0\n   Compiling regex-syntax v0.8.5\n   Compiling memchr v2.7.4\n   Compiling clap v4.5.31\n   Compiling axconfig-gen v0.1.0\n   Compiling linux-raw-sys v0.4.15\n   Compiling minimal-lexical v0.2.1\n   Compiling axconfig-gen-macros v0.1.0\n   Compiling nom v7.1.3\n   Compiling axhal v0.1.0 (https://github.com/arceos-org/arceos.git#29bdc926)\nerror[E0432]: unresolved import `axconfig::devices::PSCI_METHOD`\n --> /home/runner/.cargo/git/checkouts/arceos-97f667ab5043b954/29bdc92/modules/axhal/src/platform/aarch64_common/psci.rs:5:5\n  |\n5 | use axconfig::devices::PSCI_METHOD;\n  |     ^^^^^^^^^^^^^^^^^^^^^^^^^^^^^^ no `PSCI_METHOD` in `devices`\n\nerror[E0425]: cannot find function `init_boot_page_table` in module `crate::platform::mem`\n   --> /home/runner/.cargo/git/checkouts/arceos-97f667ab5043b954/29bdc92/modules/axhal/src/platform/aarch64_common/boot.rs:106:27\n    |\n106 |     crate::platform::mem::init_boot_page_table(addr_of_mut!(BOOT_PT_L0), addr_of_mut!(BOOT_PT_L1));\n    |                           ^^^^^^^^^^^^^^^^^^^^ not found in `crate::platform::mem`\n\nerror[E0425]: cannot find value `rust_entry` in module `crate::platform`\n   --> /home/runner/.cargo/git/checkouts/arceos-97f667ab5043b954/29bdc92/modules/axhal/src/platform/aarch64_common/boot.rs:175:42\n    |\n175 |             entry = sym crate::platform::rust_entry,\n    |                                          ^^^^^^^^^^ not found in `crate::platform`\n\nerror[E0425]: cannot find value `UART_PADDR` in module `axconfig::devices`\n --> /home/runner/.cargo/git/checkouts/arceos-97f667ab5043b954/29bdc92/modules/axhal/src/platform/aarch64_common/pl011.rs:9:52\n  |\n9 | const UART_BASE: PhysAddr = pa!(axconfig::devices::UART_PADDR);\n  |                                                    ^^^^^^^^^^ not found in `axconfig::devices`\n\nSome errors have detailed explanations: E0425, E0432.\nFor more information about an error, try `rustc --explain E0425`.\nerror: could not compile `axhal` (lib) due to 4 previous errors\nwarning: build failed, waiting for other jobs to finish...\n"
            ]
          }
        },
        {
          "file": "(virtual) outdated",
          "features": "",
          "count": 1,
          "kinds": {
            "Cargo": [
              "// pkg_name=starry, checker=Outdated\n// toolchain=nightly-2025-01-26-x86_64-unknown-linux-gnu, target=aarch64-unknown-none\n// features=\n// pkg_dir=/home/runner/check/batch_27/arceos-org/starry-next\n// cmd=cargo +nightly-2025-01-26-x86_64-unknown-linux-gnu outdated -R --exit-code=2\n// timestamp=2025-02-16 20:45:36.521865493 +08:00:00\n    Updating git repository `https://github.com/arceos-org/arceos.git`\n    Updating git repository `https://github.com/arceos-org/arceos.git`\n    Updating git repository `https://github.com/arceos-org/arceos.git`\n    Updating git repository `https://github.com/arceos-org/arceos.git`\n    Updating git repository `https://github.com/arceos-org/arceos.git`\n    Updating git repository `https://github.com/arceos-org/arceos.git`\n    Updating git repository `https://github.com/arceos-org/arceos.git`\n    Updating git repository `https://github.com/arceos-org/arceos.git`\n    Updating git repository `https://github.com/arceos-org/arceos.git`\n    Updating git repository `https://github.com/arceos-org/arceos.git`\nerror: failed to select a version for `log`.\n    ... required by package `axhal v0.1.0 (https://github.com/arceos-org/arceos.git#959d1c74)`\n    ... which satisfies git dependency `axhal` of package `starry v0.1.0 (/tmp/cargo-outdatedtrJdRX)`\nversions that meet the requirements `=0.4.21` are: 0.4.21\n\nall possible versions conflict with previously selected packages.\n\n  previously selected package `log v0.4.25`\n    ... which satisfies dependency `log = \"^0.4.25\"` of package `starry v0.1.0 (/tmp/cargo-outdatedtrJdRX)`\n\nfailed to select a version for `log` which could resolve this conflict\n"
            ]
          }
        }
      ]
    }
  ],
  "kinds_order": [
    "Cargo",
    "Clippy(Error)",
    "Clippy(Warn)",
    "Semver Violation",
    "Audit",
    "Mirai",
    "Rapx",
    "Rudra",
    "Lockbud(Probably)",
    "Lockbud(Possibly)",
    "Outdated",
    "Geiger",
    "Unformatted"
  ]
}