{"repo":{"user":"kern-crates","repo":"rCoreloongArch"},"data":[{"user":"kern-crates","repo":"rCoreloongArch","pkg":"kernel","count":27,"raw_reports":[{"file":"src/trap/mod.rs","count":7,"kinds":{"Unformatted":["file: /home/runner/check/batch_9/kern-crates/rCoreloongArch/kernel/src/trap/mod.rs (original lines from 2 to 2)\n-use crate::config::{TICKS_PER_SEC};\n+use crate::config::TICKS_PER_SEC;\n","file: /home/runner/check/batch_9/kern-crates/rCoreloongArch/kernel/src/trap/mod.rs (original lines from 8 to 8)\n+use crate::println;\n","file: /home/runner/check/batch_9/kern-crates/rCoreloongArch/kernel/src/trap/mod.rs (original lines from 11 to 11)\n-use crate::{println};\n","file: /home/runner/check/batch_9/kern-crates/rCoreloongArch/kernel/src/trap/mod.rs (original lines from 16 to 16)\n-use loongarch64::register::*;\n","file: /home/runner/check/batch_9/kern-crates/rCoreloongArch/kernel/src/trap/mod.rs (original lines from 19 to 19)\n+use loongarch64::register::*;\n","file: /home/runner/check/batch_9/kern-crates/rCoreloongArch/kernel/src/trap/mod.rs (original lines from 102 to 102)\n-    ecfg::set_lie(LineBasedInterrupt::TIMER|LineBasedInterrupt::HWI0);\n+    ecfg::set_lie(LineBasedInterrupt::TIMER | LineBasedInterrupt::HWI0);\n","file: /home/runner/check/batch_9/kern-crates/rCoreloongArch/kernel/src/trap/mod.rs (original lines from 162 to 162)\n-        Trap::Interrupt( Interrupt::Timer) => {\n+        Trap::Interrupt(Interrupt::Timer) => {\n"]}},{"file":"src/loongarch/driver/mod.rs","count":3,"kinds":{"Unformatted":["file: /home/runner/check/batch_9/kern-crates/rCoreloongArch/kernel/src/loongarch/driver/mod.rs (original lines from 5 to 5)\n-mod vbe;\n","file: /home/runner/check/batch_9/kern-crates/rCoreloongArch/kernel/src/loongarch/driver/mod.rs (original lines from 7 to 7)\n+mod vbe;\n","file: /home/runner/check/batch_9/kern-crates/rCoreloongArch/kernel/src/loongarch/driver/mod.rs (original lines from 19 to 19)\n-\n"]}},{"file":"src/main.rs","count":3,"kinds":{"Unformatted":["file: /home/runner/check/batch_9/kern-crates/rCoreloongArch/kernel/src/main.rs (original lines from 34 to 34)\n+use crate::loongarch::{\n+    ahci_init, extioi_init, i8042_init, ls7a_intc_init, rtc_init, rtc_time_read, vbe_test,\n+};\n","file: /home/runner/check/batch_9/kern-crates/rCoreloongArch/kernel/src/main.rs (original lines from 35 to 35)\n-use crate::loongarch::{ahci_init, extioi_init, i8042_init, ls7a_intc_init, rtc_init, rtc_time_read, vbe_test};\n","file: /home/runner/check/batch_9/kern-crates/rCoreloongArch/kernel/src/main.rs (original lines from 48 to 52)\n-pub fn main(\n-    argc: usize,\n-    argv: *const *const u8,\n-    boot_params_interface: *const (),\n-) {\n+pub fn main(argc: usize, argv: *const *const u8, boot_params_interface: *const ()) {\n"]}},{"file":"src/trap/context.rs","count":3,"kinds":{"Unformatted":["file: /home/runner/check/batch_9/kern-crates/rCoreloongArch/kernel/src/trap/context.rs (original lines from 3 to 3)\n-use loongarch64::register::{CpuMode, prmd};\n+use loongarch64::register::{prmd, CpuMode};\n","file: /home/runner/check/batch_9/kern-crates/rCoreloongArch/kernel/src/trap/context.rs (original lines from 24 to 24)\n-\n","file: /home/runner/check/batch_9/kern-crates/rCoreloongArch/kernel/src/trap/context.rs (original lines from 34 to 34)\n-            prmd:prmd::read().raw(),\n+            prmd: prmd::read().raw(),\n"]}},{"file":"src/loongarch/rtc.rs","count":2,"kinds":{"Unformatted":["file: /home/runner/check/batch_9/kern-crates/rCoreloongArch/kernel/src/loongarch/rtc.rs (original lines from 1 to 1)\n+use crate::loongarch::driver::rtc::RtcTime;\n","file: /home/runner/check/batch_9/kern-crates/rCoreloongArch/kernel/src/loongarch/rtc.rs (original lines from 4 to 4)\n-use crate::loongarch::driver::rtc::RtcTime;\n"]}},{"file":"src/syscall/process.rs","count":2,"kinds":{"Unformatted":["file: /home/runner/check/batch_9/kern-crates/rCoreloongArch/kernel/src/syscall/process.rs (original lines from 1 to 1)\n+use crate::fs::{open_file, OpenFlags};\n","file: /home/runner/check/batch_9/kern-crates/rCoreloongArch/kernel/src/syscall/process.rs (original lines from 8 to 8)\n-use crate::fs::{open_file, OpenFlags};\n"]}},{"file":"src/timer.rs","count":2,"kinds":{"Unformatted":["file: /home/runner/check/batch_9/kern-crates/rCoreloongArch/kernel/src/timer.rs (original lines from 9 to 9)\n-\n","file: /home/runner/check/batch_9/kern-crates/rCoreloongArch/kernel/src/timer.rs (original lines from 39 to 39)\n-static TIMERS:Lazy<Mutex<BinaryHeap<TimerCondVar>>> = Lazy::new(||Mutex::new(BinaryHeap::<TimerCondVar>::new()));\n+static TIMERS: Lazy<Mutex<BinaryHeap<TimerCondVar>>> =\n+    Lazy::new(|| Mutex::new(BinaryHeap::<TimerCondVar>::new()));\n"]}},{"file":"(virtual) lockbud","count":1,"kinds":{"Cargo":["// pkg_name=kernel, checker=Lockbud\n// toolchain=nightly-2024-01-19, target=loongarch64-unknown-none\n// pkg_dir=/home/runner/check/batch_9/kern-crates/rCoreloongArch/kernel\n// cmd=cargo +nightly-2024-05-21 lockbud -k all -- --target loongarch64-unknown-none\n   Compiling num-traits v0.2.19\n   Compiling az v1.2.1\n   Compiling version_check v0.9.5\n   Compiling memchr v2.3.4\n[2024-10-12T15:52:30Z WARN  lockbud::callbacks] [\n      {\n        \"AtomicityViolation\": {\n          \"bug_kind\": \"AtomicityViolation\",\n          \"possibility\": \"Possibly\",\n          \"diagnosis\": {\n            \"fn_name\": \"set_logger_racy\",\n            \"atomic_reader\": \"/home/runner/.cargo/registry/src/index.crates.io-6f17d22bba15001f/log-0.4.22/src/lib.rs:1447:11: 1447:40 (#0)\",\n            \"atomic_writer\": \"/home/runner/.cargo/registry/src/index.crates.io-6f17d22bba15001f/log-0.4.22/src/lib.rs:1450:13: 1450:56 (#0)\",\n            \"dep_kind\": \"Control\"\n          },\n          \"explanation\": \"atomic::store is data/control dependent on atomic::load\"\n        }\n      }\n    ]\n[2024-10-12T15:52:30Z WARN  lockbud::callbacks] crate log contains bugs: { probably: 0, possibly: 0 }, conflictlock: { probably: 0, possibly: 0 }, condvar_deadlock: { probably: 0, possibly: 0 }, atomicity_violation: { possibly: 1 }, invalid_free: { possibly: 0 }, use_after_free: { possibly: 0 }\n   Compiling micromath v1.1.1\n   Compiling nom v6.2.2\n   Compiling zero v0.1.3\n   Compiling xmas-elf v0.8.0\n   Compiling float-cmp v0.8.0\n   Compiling rustc-demangle v0.1.24\n   Compiling rlibc v1.0.0\n   Compiling virtio-input-decoder v0.1.4\n   Compiling embedded-graphics-core v0.3.3\n   Compiling spin v0.7.1\n   Compiling kernel v0.1.0 (/home/runner/check/batch_9/kern-crates/rCoreloongArch/kernel)\n   Compiling embedded-graphics v0.7.1\n   Compiling oorandom v11.1.4\nwarning: the type `[&mut [net::ethernet::intel::ixgbe::IXGBESendDesc]; 4]` does not permit being left uninitialized\n   --> isomorphic_drivers/src/net/ethernet/intel/ixgbe.rs:500:22\n    |\n500 |             unsafe { MaybeUninit::uninit().assume_init() };\n    |                      ^^^^^^^^^^^^^^^^^^^^^^^^^^^^^^^^^^^\n    |                      |\n    |                      this code causes undefined behavior when executed\n    |                      help: use `MaybeUninit<T>` instead, and only call `assume_init` after initialization is done\n    |\n    = note: references must be non-null\n    = note: `#[warn(invalid_value)]` on by default\n\nwarning: `isomorphic_drivers` (lib) generated 1 warning\n   Compiling buddy_system_allocator v0.6.0\n   Compiling stack_trace v0.1.0 (/home/runner/check/batch_9/kern-crates/rCoreloongArch/stack_trace)\n   Compiling loongArch64 v0.2.4 (https://github.com/Godones/loongArch64#92d93554)\n   Compiling pci v0.0.1 (/home/runner/check/batch_9/kern-crates/rCoreloongArch/pci)\n   Compiling tinybmp v0.3.3\n   Compiling vbe v0.1.0 (/home/runner/check/batch_9/kern-crates/rCoreloongArch/vbe)\n[2024-10-12T15:52:36Z WARN  lockbud::callbacks] [\n      {\n        \"UseAfterFree\": {\n          \"bug_kind\": \"UseAfterFree\",\n          \"possibility\": \"Possibly\",\n          \"diagnosis\": \"Raw ptr is used at kernel/src/task/processor.rs:74:17: 74:61 (#0) after dropped at kernel/src/task/processor.rs:77:5: 77:6 (#0)\",\n          \"explanation\": \"Raw ptr is used or escapes the current function after the pointed value is dropped\"\n        }\n      }\n    ]\n[2024-10-12T15:52:36Z WARN  lockbud::callbacks] crate kernel contains bugs: { probably: 0, possibly: 0 }, conflictlock: { probably: 0, possibly: 0 }, condvar_deadlock: { probably: 0, possibly: 0 }, atomicity_violation: { possibly: 0 }, invalid_free: { possibly: 0 }, use_after_free: { possibly: 1 }\nerror: linking with `rust-lld` failed: exit status: 1\n  |\n  = note: LC_ALL=\"C\" PATH=\"/home/runner/.rustup/toolchains/nightly-2024-05-21-x86_64-unknown-linux-gnu/lib/rustlib/x86_64-unknown-linux-gnu/bin:/snap/bin:/home/runner/.local/bin:/opt/pipx_bin:/home/runner/.cargo/bin:/home/runner/.config/composer/vendor/bin:/usr/local/.ghcup/bin:/home/runner/.dotnet/tools:/usr/local/sbin:/usr/local/bin:/usr/sbin:/usr/bin:/sbin:/bin:/usr/games:/usr/local/games:/snap/bin\" VSLANG=\"1033\" \"rust-lld\" \"-flavor\" \"gnu\" \"/tmp/rustcCWqJSV/symbols.o\" \"/home/runner/check/batch_9/kern-crates/rCoreloongArch/target/loongarch64-unknown-none/debug/deps/kernel-dd105f4f2f815b00.kernel.a18685c7f93d5f0d-cgu.00.rcgu.o\" \"/home/runner/check/batch_9/kern-crates/rCoreloongArch/target/loongarch64-unknown-none/debug/deps/kernel-dd105f4f2f815b00.kernel.a18685c7f93d5f0d-cgu.01.rcgu.o\" \"/home/runner/check/batch_9/kern-crates/rCoreloongArch/target/loongarch64-unknown-none/debug/deps/kernel-dd105f4f2f815b00.kernel.a18685c7f93d5f0d-cgu.02.rcgu.o\" \"/home/runner/check/batch_9/kern-crates/rCoreloongArch/target/loongarch64-unknown-none/debug/deps/kernel-dd105f4f2f815b00.kernel.a18685c7f93d5f0d-cgu.03.rcgu.o\" \"/home/runner/check/batch_9/kern-crates/rCoreloongArch/target/loongarch64-unknown-none/debug/deps/kernel-dd105f4f2f815b00.kernel.a18685c7f93d5f0d-cgu.04.rcgu.o\" \"/home/runner/check/batch_9/kern-crates/rCoreloongArch/target/loongarch64-unknown-none/debug/deps/kernel-dd105f4f2f815b00.kernel.a18685c7f93d5f0d-cgu.05.rcgu.o\" \"/home/runner/check/batch_9/kern-crates/rCoreloongArch/target/loongarch64-unknown-none/debug/deps/kernel-dd105f4f2f815b00.kernel.a18685c7f93d5f0d-cgu.06.rcgu.o\" \"/home/runner/check/batch_9/kern-crates/rCoreloongArch/target/loongarch64-unknown-none/debug/deps/kernel-dd105f4f2f815b00.kernel.a18685c7f93d5f0d-cgu.07.rcgu.o\" \"/home/runner/check/batch_9/kern-crates/rCoreloongArch/target/loongarch64-unknown-none/debug/deps/kernel-dd105f4f2f815b00.kernel.a18685c7f93d5f0d-cgu.08.rcgu.o\" \"/home/runner/check/batch_9/kern-crates/rCoreloongArch/target/loongarch64-unknown-none/debug/deps/kernel-dd105f4f2f815b00.kernel.a18685c7f93d5f0d-cgu.09.rcgu.o\" \"/home/runner/check/batch_9/kern-crates/rCoreloongArch/target/loongarch64-unknown-none/debug/deps/kernel-dd105f4f2f815b00.kernel.a18685c7f93d5f0d-cgu.10.rcgu.o\" \"/home/runner/check/batch_9/kern-crates/rCoreloongArch/target/loongarch64-unknown-none/debug/deps/kernel-dd105f4f2f815b00.kernel.a18685c7f93d5f0d-cgu.11.rcgu.o\" \"/home/runner/check/batch_9/kern-crates/rCoreloongArch/target/loongarch64-unknown-none/debug/deps/kernel-dd105f4f2f815b00.kernel.a18685c7f93d5f0d-cgu.12.rcgu.o\" \"/home/runner/check/batch_9/kern-crates/rCoreloongArch/target/loongarch64-unknown-none/debug/deps/kernel-dd105f4f2f815b00.kernel.a18685c7f93d5f0d-cgu.13.rcgu.o\" \"/home/runner/check/batch_9/kern-crates/rCoreloongArch/target/loongarch64-unknown-none/debug/deps/kernel-dd105f4f2f815b00.kernel.a18685c7f93d5f0d-cgu.14.rcgu.o\" \"/home/runner/check/batch_9/kern-crates/rCoreloongArch/target/loongarch64-unknown-none/debug/deps/kernel-dd105f4f2f815b00.kernel.a18685c7f93d5f0d-cgu.15.rcgu.o\" \"/home/runner/check/batch_9/kern-crates/rCoreloongArch/target/loongarch64-unknown-none/debug/deps/kernel-dd105f4f2f815b00.15d7k3kc6chwdpfmyaww2mlev.rcgu.o\" \"--as-needed\" \"-L\" \"/home/runner/check/batch_9/kern-crates/rCoreloongArch/target/loongarch64-unknown-none/debug/deps\" \"-L\" \"/home/runner/check/batch_9/kern-crates/rCoreloongArch/target/debug/deps\" \"-L\" \"/home/runner/.rustup/toolchains/nightly-2024-05-21-x86_64-unknown-linux-gnu/lib/rustlib/loongarch64-unknown-none/lib\" \"-Bstatic\" \"/home/runner/check/batch_9/kern-crates/rCoreloongArch/target/loongarch64-unknown-none/debug/deps/libxmas_elf-63d5bebcaae270ae.rlib\" \"/home/runner/check/batch_9/kern-crates/rCoreloongArch/target/loongarch64-unknown-none/debug/deps/libzero-a650e3d38ab1dfa1.rlib\" \"/home/runner/check/batch_9/kern-crates/rCoreloongArch/target/loongarch64-unknown-none/debug/deps/libvbe-1b47c766f51122fa.rlib\" \"/home/runner/check/batch_9/kern-crates/rCoreloongArch/target/loongarch64-unknown-none/debug/deps/librlibc-2f9d07bb86264f4f.rlib\" \"/home/runner/check/batch_9/kern-crates/rCoreloongArch/target/loongarch64-unknown-none/debug/deps/libvirtio_input_decoder-d3bdebe1155c59cc.rlib\" \"/home/runner/check/batch_9/kern-crates/rCoreloongArch/target/loongarch64-unknown-none/debug/deps/libtinybmp-d42bda11f4b63903.rlib\" \"/home/runner/check/batch_9/kern-crates/rCoreloongArch/target/loongarch64-unknown-none/debug/deps/libnom-cf860d528c04f72e.rlib\" \"/home/runner/check/batch_9/kern-crates/rCoreloongArch/target/loongarch64-unknown-none/debug/deps/libmemchr-e7db8dee58c1f633.rlib\" \"/home/runner/check/batch_9/kern-crates/rCoreloongArch/target/loongarch64-unknown-none/debug/deps/libembedded_graphics-a8418c8759415ec3.rlib\" \"/home/runner/check/batch_9/kern-crates/rCoreloongArch/target/loongarch64-unknown-none/debug/deps/libbyteorder-a6608e82b803455e.rlib\" \"/home/runner/check/batch_9/kern-crates/rCoreloongArch/target/loongarch64-unknown-none/debug/deps/libfloat_cmp-1bfaacea0e6facec.rlib\" \"/home/runner/check/batch_9/kern-crates/rCoreloongArch/target/loongarch64-unknown-none/debug/deps/libnum_traits-6cabe9c39686f225.rlib\" \"/home/runner/check/batch_9/kern-crates/rCoreloongArch/target/loongarch64-unknown-none/debug/deps/libmicromath-29ee32f80d77d83d.rlib\" \"/home/runner/check/batch_9/kern-crates/rCoreloongArch/target/loongarch64-unknown-none/debug/deps/libembedded_graphics_core-3ee2a9bb7e9916f4.rlib\" \"/home/runner/check/batch_9/kern-crates/rCoreloongArch/target/loongarch64-unknown-none/debug/deps/libaz-1c35f957a3228200.rlib\" \"/home/runner/check/batch_9/kern-crates/rCoreloongArch/target/loongarch64-unknown-none/debug/deps/libbuddy_system_allocator-597c605a4788d3ec.rlib\" \"/home/runner/check/batch_9/kern-crates/rCoreloongArch/target/loongarch64-unknown-none/debug/deps/libspin-5e5897edd95f8cd9.rlib\" \"/home/runner/check/batch_9/kern-crates/rCoreloongArch/target/loongarch64-unknown-none/debug/deps/libpci-75b26ba80a80d5a4.rlib\" \"/home/runner/check/batch_9/kern-crates/rCoreloongArch/target/loongarch64-unknown-none/debug/deps/libisomorphic_drivers-520defc162a5b227.rlib\" \"/home/runner/check/batch_9/kern-crates/rCoreloongArch/target/loongarch64-unknown-none/debug/deps/libvolatile-7258434e5cab8583.rlib\" \"/home/runner/check/batch_9/kern-crates/rCoreloongArch/target/loongarch64-unknown-none/debug/deps/libloongArch64-24ea1e9ed584712d.rlib\" \"/home/runner/check/batch_9/kern-crates/rCoreloongArch/target/loongarch64-unknown-none/debug/deps/libbit_field-f205bae68304904b.rlib\" \"/home/runner/check/batch_9/kern-crates/rCoreloongArch/target/loongarch64-unknown-none/debug/deps/liblog-531edc9e0960d321.rlib\" \"/home/runner/check/batch_9/kern-crates/rCoreloongArch/target/loongarch64-unknown-none/debug/deps/libeasy_fs-a68369da3b5a7555.rlib\" \"/home/runner/check/batch_9/kern-crates/rCoreloongArch/target/loongarch64-unknown-none/debug/deps/liblazy_static-fa2d015c4a2caeb8.rlib\" \"/home/runner/check/batch_9/kern-crates/rCoreloongArch/target/loongarch64-unknown-none/debug/deps/libspin-5803b40e03f5864a.rlib\" \"/home/runner/check/batch_9/kern-crates/rCoreloongArch/target/loongarch64-unknown-none/debug/deps/liblock_api-c639af806b86007b.rlib\" \"/home/runner/check/batch_9/kern-crates/rCoreloongArch/target/loongarch64-unknown-none/debug/deps/libscopeguard-e4c379832e03342e.rlib\" \"/home/runner/check/batch_9/kern-crates/rCoreloongArch/target/loongarch64-unknown-none/debug/deps/libbitflags-7d4c229935312c2e.rlib\" \"/home/runner/.rustup/toolchains/nightly-2024-05-21-x86_64-unknown-linux-gnu/lib/rustlib/loongarch64-unknown-none/lib/liballoc-cf622d6ac0c1207e.rlib\" \"/home/runner/.rustup/toolchains/nightly-2024-05-21-x86_64-unknown-linux-gnu/lib/rustlib/loongarch64-unknown-none/lib/librustc_std_workspace_core-3b1e26e39e9a51e8.rlib\" \"/home/runner/.rustup/toolchains/nightly-2024-05-21-x86_64-unknown-linux-gnu/lib/rustlib/loongarch64-unknown-none/lib/libcore-d6c82fdbb3df4fe1.rlib\" \"/home/runner/.rustup/toolchains/nightly-2024-05-21-x86_64-unknown-linux-gnu/lib/rustlib/loongarch64-unknown-none/lib/libcompiler_builtins-1c0eeb3885babbe8.rlib\" \"-Bdynamic\" \"--eh-frame-hdr\" \"-z\" \"noexecstack\" \"-L\" \"/home/runner/.rustup/toolchains/nightly-2024-05-21-x86_64-unknown-linux-gnu/lib/rustlib/loongarch64-unknown-none/lib\" \"-o\" \"/home/runner/check/batch_9/kern-crates/rCoreloongArch/target/loongarch64-unknown-none/debug/deps/kernel-dd105f4f2f815b00\" \"--gc-sections\" \"-T/home/runner/check/batch_9/kern-crates/rCoreloongArch/target/loongarch64-unknown-none/debug/build/kernel-15c0a9e63986d70b/out/link.lds\"\n  = note: rust-lld: error: /home/runner/.rustup/toolchains/nightly-2024-05-21-x86_64-unknown-linux-gnu/lib/rustlib/loongarch64-unknown-none/lib/libcompiler_builtins-1c0eeb3885babbe8.rlib(45c91108d938afe8-absvdi2.o) is incompatible with /tmp/rustcCWqJSV/symbols.o\n          rust-lld: error: /home/runner/.rustup/toolchains/nightly-2024-05-21-x86_64-unknown-linux-gnu/lib/rustlib/loongarch64-unknown-none/lib/libcompiler_builtins-1c0eeb3885babbe8.rlib(45c91108d938afe8-absvsi2.o) is incompatible with /tmp/rustcCWqJSV/symbols.o\n          rust-lld: error: /home/runner/.rustup/toolchains/nightly-2024-05-21-x86_64-unknown-linux-gnu/lib/rustlib/loongarch64-unknown-none/lib/libcompiler_builtins-1c0eeb3885babbe8.rlib(45c91108d938afe8-absvti2.o) is incompatible with /tmp/rustcCWqJSV/symbols.o\n          rust-lld: error: /home/runner/.rustup/toolchains/nightly-2024-05-21-x86_64-unknown-linux-gnu/lib/rustlib/loongarch64-unknown-none/lib/libcompiler_builtins-1c0eeb3885babbe8.rlib(45c91108d938afe8-addtf3.o) is incompatible with /tmp/rustcCWqJSV/symbols.o\n          rust-lld: error: /home/runner/.rustup/toolchains/nightly-2024-05-21-x86_64-unknown-linux-gnu/lib/rustlib/loongarch64-unknown-none/lib/libcompiler_builtins-1c0eeb3885babbe8.rlib(45c91108d938afe8-addvdi3.o) is incompatible with /tmp/rustcCWqJSV/symbols.o\n          rust-lld: error: /home/runner/.rustup/toolchains/nightly-2024-05-21-x86_64-unknown-linux-gnu/lib/rustlib/loongarch64-unknown-none/lib/libcompiler_builtins-1c0eeb3885babbe8.rlib(45c91108d938afe8-addvsi3.o) is incompatible with /tmp/rustcCWqJSV/symbols.o\n          rust-lld: error: /home/runner/.rustup/toolchains/nightly-2024-05-21-x86_64-unknown-linux-gnu/lib/rustlib/loongarch64-unknown-none/lib/libcompiler_builtins-1c0eeb3885babbe8.rlib(45c91108d938afe8-addvti3.o) is incompatible with /tmp/rustcCWqJSV/symbols.o\n          rust-lld: error: /home/runner/.rustup/toolchains/nightly-2024-05-21-x86_64-unknown-linux-gnu/lib/rustlib/loongarch64-unknown-none/lib/libcompiler_builtins-1c0eeb3885babbe8.rlib(45c91108d938afe8-clzdi2.o) is incompatible with /tmp/rustcCWqJSV/symbols.o\n          rust-lld: error: /home/runner/.rustup/toolchains/nightly-2024-05-21-x86_64-unknown-linux-gnu/lib/rustlib/loongarch64-unknown-none/lib/libcompiler_builtins-1c0eeb3885babbe8.rlib(45c91108d938afe8-clzsi2.o) is incompatible with /tmp/rustcCWqJSV/symbols.o\n          rust-lld: error: /home/runner/.rustup/toolchains/nightly-2024-05-21-x86_64-unknown-linux-gnu/lib/rustlib/loongarch64-unknown-none/lib/libcompiler_builtins-1c0eeb3885babbe8.rlib(45c91108d938afe8-clzti2.o) is incompatible with /tmp/rustcCWqJSV/symbols.o\n          rust-lld: error: /home/runner/.rustup/toolchains/nightly-2024-05-21-x86_64-unknown-linux-gnu/lib/rustlib/loongarch64-unknown-none/lib/libcompiler_builtins-1c0eeb3885babbe8.rlib(45c91108d938afe8-cmpdi2.o) is incompatible with /tmp/rustcCWqJSV/symbols.o\n          rust-lld: error: /home/runner/.rustup/toolchains/nightly-2024-05-21-x86_64-unknown-linux-gnu/lib/rustlib/loongarch64-unknown-none/lib/libcompiler_builtins-1c0eeb3885babbe8.rlib(45c91108d938afe8-cmpti2.o) is incompatible with /tmp/rustcCWqJSV/symbols.o\n          rust-lld: error: /home/runner/.rustup/toolchains/nightly-2024-05-21-x86_64-unknown-linux-gnu/lib/rustlib/loongarch64-unknown-none/lib/libcompiler_builtins-1c0eeb3885babbe8.rlib(45c91108d938afe8-ctzdi2.o) is incompatible with /tmp/rustcCWqJSV/symbols.o\n          rust-lld: error: /home/runner/.rustup/toolchains/nightly-2024-05-21-x86_64-unknown-linux-gnu/lib/rustlib/loongarch64-unknown-none/lib/libcompiler_builtins-1c0eeb3885babbe8.rlib(45c91108d938afe8-ctzsi2.o) is incompatible with /tmp/rustcCWqJSV/symbols.o\n          rust-lld: error: /home/runner/.rustup/toolchains/nightly-2024-05-21-x86_64-unknown-linux-gnu/lib/rustlib/loongarch64-unknown-none/lib/libcompiler_builtins-1c0eeb3885babbe8.rlib(45c91108d938afe8-ctzti2.o) is incompatible with /tmp/rustcCWqJSV/symbols.o\n          rust-lld: error: /home/runner/.rustup/toolchains/nightly-2024-05-21-x86_64-unknown-linux-gnu/lib/rustlib/loongarch64-unknown-none/lib/libcompiler_builtins-1c0eeb3885babbe8.rlib(45c91108d938afe8-divdc3.o) is incompatible with /tmp/rustcCWqJSV/symbols.o\n          rust-lld: error: /home/runner/.rustup/toolchains/nightly-2024-05-21-x86_64-unknown-linux-gnu/lib/rustlib/loongarch64-unknown-none/lib/libcompiler_builtins-1c0eeb3885babbe8.rlib(45c91108d938afe8-divsc3.o) is incompatible with /tmp/rustcCWqJSV/symbols.o\n          rust-lld: error: /home/runner/.rustup/toolchains/nightly-2024-05-21-x86_64-unknown-linux-gnu/lib/rustlib/loongarch64-unknown-none/lib/libcompiler_builtins-1c0eeb3885babbe8.rlib(45c91108d938afe8-divtf3.o) is incompatible with /tmp/rustcCWqJSV/symbols.o\n          rust-lld: error: /home/runner/.rustup/toolchains/nightly-2024-05-21-x86_64-unknown-linux-gnu/lib/rustlib/loongarch64-unknown-none/lib/libcompiler_builtins-1c0eeb3885babbe8.rlib(45c91108d938afe8-extenddftf2.o) is incompatible with /tmp/rustcCWqJSV/symbols.o\n          rust-lld: error: /home/runner/.rustup/toolchains/nightly-2024-05-21-x86_64-unknown-linux-gnu/lib/rustlib/loongarch64-unknown-none/lib/libcompiler_builtins-1c0eeb3885babbe8.rlib(45c91108d938afe8-extendhfsf2.o) is incompatible with /tmp/rustcCWqJSV/symbols.o\n          rust-lld: error: too many errors emitted, stopping now (use --error-limit=0 to see all errors)\n          \n\nerror: could not compile `kernel` (bin \"kernel\") due to 1 previous error\n"]}},{"file":"Not supported to display yet.","count":1,"kinds":{"Lockbud(Possibly)":["[2024-10-12T15:52:30Z WARN  lockbud::callbacks] [\n      {\n        \"AtomicityViolation\": {\n          \"bug_kind\": \"AtomicityViolation\",\n          \"possibility\": \"Possibly\",\n          \"diagnosis\": {\n            \"fn_name\": \"set_logger_racy\",\n            \"atomic_reader\": \"/home/runner/.cargo/registry/src/index.crates.io-6f17d22bba15001f/log-0.4.22/src/lib.rs:1447:11: 1447:40 (#0)\",\n            \"atomic_writer\": \"/home/runner/.cargo/registry/src/index.crates.io-6f17d22bba15001f/log-0.4.22/src/lib.rs:1450:13: 1450:56 (#0)\",\n            \"dep_kind\": \"Control\"\n          },\n          \"explanation\": \"atomic::store is data/control dependent on atomic::load\"\n        }\n      }\n    ]\n[2024-10-12T15:52:30Z WARN  lockbud::callbacks] crate log contains bugs: { probably: 0, possibly: 0 }, conflictlock: { probably: 0, possibly: 0 }, condvar_deadlock: { probably: 0, possibly: 0 }, atomicity_violation: { possibly: 1 }, invalid_free: { possibly: 0 }, use_after_free: { possibly: 0 }\n[2024-10-12T15:52:36Z WARN  lockbud::callbacks] [\n      {\n        \"UseAfterFree\": {\n          \"bug_kind\": \"UseAfterFree\",\n          \"possibility\": \"Possibly\",\n          \"diagnosis\": \"Raw ptr is used at kernel/src/task/processor.rs:74:17: 74:61 (#0) after dropped at kernel/src/task/processor.rs:77:5: 77:6 (#0)\",\n          \"explanation\": \"Raw ptr is used or escapes the current function after the pointed value is dropped\"\n        }\n      }\n    ]\n[2024-10-12T15:52:36Z WARN  lockbud::callbacks] crate kernel contains bugs: { probably: 0, possibly: 0 }, conflictlock: { probably: 0, possibly: 0 }, condvar_deadlock: { probably: 0, possibly: 0 }, atomicity_violation: { possibly: 0 }, invalid_free: { possibly: 0 }, use_after_free: { possibly: 1 }"]}},{"file":"src/config.rs","count":1,"kinds":{"Unformatted":["file: /home/runner/check/batch_9/kern-crates/rCoreloongArch/kernel/src/config.rs (original lines from 12 to 12)\n-// pub const KERNEL_STACK_SIZE: usize = PAGE_SIZE; //内核栈大小\n+                                              // pub const KERNEL_STACK_SIZE: usize = PAGE_SIZE; //内核栈大小\n"]}},{"file":"src/loongarch/driver/rtc.rs","count":1,"kinds":{"Unformatted":["file: /home/runner/check/batch_9/kern-crates/rCoreloongArch/kernel/src/loongarch/driver/rtc.rs (original lines from 32 to 32)\n+\n"]}},{"file":"src/print.rs","count":1,"kinds":{"Unformatted":["file: /home/runner/check/batch_9/kern-crates/rCoreloongArch/kernel/src/print.rs (original lines from 31 to 31)\n-pub static CONSOLE: Lazy< Mutex<Console>> = Lazy::new(||Mutex::new(Console::new(UART)));\n+pub static CONSOLE: Lazy<Mutex<Console>> = Lazy::new(|| Mutex::new(Console::new(UART)));\n"]}}]},{"user":"kern-crates","repo":"rCoreloongArch","pkg":"easy-fs-fuse","count":2,"raw_reports":[{"file":"/home/runner/check/batch_9/kern-crates/rCoreloongArch/Cargo.lock","count":1,"kinds":{"Audit":["    Fetching advisory database from `https://github.com/RustSec/advisory-db.git`\n      Loaded 663 security advisories (from /home/runner/.cargo/advisory-db)\n    Updating crates.io index\n    Scanning Cargo.lock for vulnerabilities (75 crate dependencies)\nCrate:     atty\nVersion:   0.2.14\nWarning:   unmaintained\nTitle:     `atty` is unmaintained\nDate:      2024-09-25\nID:        RUSTSEC-2024-0375\nURL:       https://rustsec.org/advisories/RUSTSEC-2024-0375\nDependency tree:\natty 0.2.14\n└── clap 3.2.25\n    └── easy-fs-fuse 0.1.0\n\nCrate:     atty\nVersion:   0.2.14\nWarning:   unsound\nTitle:     Potential unaligned read\nDate:      2021-07-04\nID:        RUSTSEC-2021-0145\nURL:       https://rustsec.org/advisories/RUSTSEC-2021-0145\n\nwarning: 2 allowed warnings found\n\n{\n  \"database\": {\n    \"advisory-count\": 663,\n    \"last-commit\": \"acb7ce45817b13dd34cb32540ff18be4e1f3ba09\",\n    \"last-updated\": \"2024-10-09T00:13:59+01:00\"\n  },\n  \"lockfile\": {\n    \"dependency-count\": 75\n  },\n  \"settings\": {\n    \"target_arch\": [],\n    \"target_os\": [],\n    \"severity\": null,\n    \"ignore\": [],\n    \"informational_warnings\": [\n      \"unmaintained\",\n      \"unsound\",\n      \"notice\"\n    ]\n  },\n  \"vulnerabilities\": {\n    \"found\": false,\n    \"count\": 0,\n    \"list\": []\n  },\n  \"warnings\": {\n    \"unmaintained\": [\n      {\n        \"kind\": \"unmaintained\",\n        \"package\": {\n          \"name\": \"atty\",\n          \"version\": \"0.2.14\",\n          \"source\": \"registry+https://github.com/rust-lang/crates.io-index\",\n          \"checksum\": \"d9b39be18770d11421cdb1b9947a45dd3f37e93092cbf377614828a319d5fee8\",\n          \"dependencies\": [\n            {\n              \"name\": \"hermit-abi\",\n              \"version\": \"0.1.19\",\n              \"source\": \"registry+https://github.com/rust-lang/crates.io-index\"\n            },\n            {\n              \"name\": \"libc\",\n              \"version\": \"0.2.159\",\n              \"source\": \"registry+https://github.com/rust-lang/crates.io-index\"\n            },\n            {\n              \"name\": \"winapi\",\n              \"version\": \"0.3.9\",\n              \"source\": \"registry+https://github.com/rust-lang/crates.io-index\"\n            }\n          ],\n          \"replace\": null\n        },\n        \"advisory\": {\n          \"id\": \"RUSTSEC-2024-0375\",\n          \"package\": \"atty\",\n          \"title\": \"`atty` is unmaintained\",\n          \"description\": \"The maintainer of `atty` has [published](https://github.com/softprops/atty/commit/5bfdbe9e48c6ca6a4909e8d5b04f5e843a257e93) an official notice that the crate is no longer\\nunder development, and that users should instead rely on the functionality in the standard library's [`IsTerminal`](https://doc.rust-lang.org/std/io/trait.IsTerminal.html) trait.\\n\\n## Alternative(s)\\n\\n- [std::io::IsTerminal](https://doc.rust-lang.org/stable/std/io/trait.IsTerminal.html) - Stable since Rust 1.70.0 and the recommended replacement per the `atty` maintainer.\\n- [is-terminal](https://crates.io/crates/is-terminal) - Standalone crate supporting Rust older than 1.70.0\",\n          \"date\": \"2024-09-25\",\n          \"aliases\": [],\n          \"related\": [],\n          \"collection\": \"crates\",\n          \"categories\": [],\n          \"keywords\": [],\n          \"cvss\": null,\n          \"informational\": \"unmaintained\",\n          \"references\": [],\n          \"source\": null,\n          \"url\": \"https://github.com/softprops/atty/issues/57\",\n          \"withdrawn\": null,\n          \"license\": \"CC0-1.0\"\n        },\n        \"affected\": null,\n        \"versions\": {\n          \"patched\": [],\n          \"unaffected\": []\n        }\n      }\n    ],\n    \"unsound\": [\n      {\n        \"kind\": \"unsound\",\n        \"package\": {\n          \"name\": \"atty\",\n          \"version\": \"0.2.14\",\n          \"source\": \"registry+https://github.com/rust-lang/crates.io-index\",\n          \"checksum\": \"d9b39be18770d11421cdb1b9947a45dd3f37e93092cbf377614828a319d5fee8\",\n          \"dependencies\": [\n            {\n              \"name\": \"hermit-abi\",\n              \"version\": \"0.1.19\",\n              \"source\": \"registry+https://github.com/rust-lang/crates.io-index\"\n            },\n            {\n              \"name\": \"libc\",\n              \"version\": \"0.2.159\",\n              \"source\": \"registry+https://github.com/rust-lang/crates.io-index\"\n            },\n            {\n              \"name\": \"winapi\",\n              \"version\": \"0.3.9\",\n              \"source\": \"registry+https://github.com/rust-lang/crates.io-index\"\n            }\n          ],\n          \"replace\": null\n        },\n        \"advisory\": {\n          \"id\": \"RUSTSEC-2021-0145\",\n          \"package\": \"atty\",\n          \"title\": \"Potential unaligned read\",\n          \"description\": \"On windows, `atty` dereferences a potentially unaligned pointer.\\n\\nIn practice however, the pointer won't be unaligned unless a custom global allocator is used.\\n\\nIn particular, the `System` allocator on windows uses `HeapAlloc`, which guarantees a large enough alignment.\\n\\n# atty is Unmaintained\\n\\nA Pull Request with a fix has been provided over a year ago but the maintainer seems to be unreachable.\\n\\nLast release of `atty` was almost 3 years ago.\\n\\n## Possible Alternative(s)\\n\\nThe below list has not been vetted in any way and may or may not contain alternatives;\\n\\n - [std::io::IsTerminal](https://doc.rust-lang.org/stable/std/io/trait.IsTerminal.html) - Stable since Rust 1.70.0\\n - [is-terminal](https://crates.io/crates/is-terminal) - Standalone crate supporting Rust older than 1.70.0\",\n          \"date\": \"2021-07-04\",\n          \"aliases\": [\n            \"GHSA-g98v-hv3f-hcfr\"\n          ],\n          \"related\": [],\n          \"collection\": \"crates\",\n          \"categories\": [],\n          \"keywords\": [\n            \"unaligned-read\"\n          ],\n          \"cvss\": null,\n          \"informational\": \"unsound\",\n          \"references\": [\n            \"https://github.com/softprops/atty/pull/51\",\n            \"https://github.com/softprops/atty/issues/57\"\n          ],\n          \"source\": null,\n          \"url\": \"https://github.com/softprops/atty/issues/50\",\n          \"withdrawn\": null,\n          \"license\": \"CC0-1.0\"\n        },\n        \"affected\": {\n          \"arch\": [],\n          \"os\": [\n            \"windows\"\n          ],\n          \"functions\": {}\n        },\n        \"versions\": {\n          \"patched\": [],\n          \"unaffected\": []\n        }\n      }\n    ]\n  }\n}"]}},{"file":"(virtual) lockbud","count":1,"kinds":{"Cargo":["// pkg_name=easy-fs-fuse, checker=Lockbud\n// toolchain=nightly-2024-01-19, target=loongarch64-unknown-none\n// pkg_dir=/home/runner/check/batch_9/kern-crates/rCoreloongArch/easy-fs-fuse\n// cmd=cargo +nightly-2024-05-21 lockbud -k all -- --target loongarch64-unknown-none\n   Compiling cfg-if v1.0.0\n   Compiling byteorder v1.5.0\n   Compiling indexmap v1.9.3\n   Compiling hashbrown v0.12.3\n   Compiling os_str_bytes v6.6.1\nerror[E0463]: can't find crate for `std`\n  |\n  = note: the `loongarch64-unknown-none` target may not support the standard library\n  = note: `std` is required by `os_str_bytes` because it does not declare `#![no_std]`\n  = help: consider building the standard library from source with `cargo build -Zbuild-std`\n\n   Compiling getrandom v0.2.15\nerror[E0463]: can't find crate for `std`\n --> /home/runner/.cargo/registry/src/index.crates.io-6f17d22bba15001f/getrandom-0.2.15/src/error_impls.rs:1:1\n  |\n1 | extern crate std;\n  | ^^^^^^^^^^^^^^^^^ can't find crate\n  |\n  = note: the `loongarch64-unknown-none` target may not support the standard library\n  = help: consider building the standard library from source with `cargo build -Zbuild-std`\n\nerror: target is not supported, for more information see: https://docs.rs/getrandom/#unsupported-targets\n   --> /home/runner/.cargo/registry/src/index.crates.io-6f17d22bba15001f/getrandom-0.2.15/src/lib.rs:347:9\n    |\n347 | /         compile_error!(\"target is not supported, for more information see: \\\n348 | |                         https://docs.rs/getrandom/#unsupported-targets\");\n    | |________________________________________________________________________^\n\nerror[E0433]: failed to resolve: use of undeclared crate or module `imp`\n   --> /home/runner/.cargo/registry/src/index.crates.io-6f17d22bba15001f/getrandom-0.2.15/src/lib.rs:398:9\n    |\n398 |         imp::getrandom_inner(dest)?;\n    |         ^^^ use of undeclared crate or module `imp`\n\nSome errors have detailed explanations: E0433, E0463.\nFor more information about an error, try `rustc --explain E0433`.\nerror: could not compile `getrandom` (lib) due to 3 previous errors\nwarning: build failed, waiting for other jobs to finish...\nerror[E0463]: can't find crate for `std`\n   --> /home/runner/.cargo/registry/src/index.crates.io-6f17d22bba15001f/os_str_bytes-6.6.1/src/lib.rs:225:5\n    |\n225 | use std::borrow::Cow;\n    |     ^^^ can't find crate\n    |\n    = note: the `loongarch64-unknown-none` target may not support the standard library\n    = help: consider building the standard library from source with `cargo build -Zbuild-std`\n\nerror[E0463]: can't find crate for `std`\n   --> /home/runner/.cargo/registry/src/index.crates.io-6f17d22bba15001f/os_str_bytes-6.6.1/src/lib.rs:226:5\n    |\n226 | use std::error::Error;\n    |     ^^^ can't find crate\n    |\n    = note: the `loongarch64-unknown-none` target may not support the standard library\n    = help: consider building the standard library from source with `cargo build -Zbuild-std`\n\nerror[E0463]: can't find crate for `std`\n   --> /home/runner/.cargo/registry/src/index.crates.io-6f17d22bba15001f/os_str_bytes-6.6.1/src/lib.rs:227:5\n    |\n227 | use std::ffi::OsStr;\n    |     ^^^ can't find crate\n    |\n    = note: the `loongarch64-unknown-none` target may not support the standard library\n    = help: consider building the standard library from source with `cargo build -Zbuild-std`\n\nerror[E0463]: can't find crate for `std`\n   --> /home/runner/.cargo/registry/src/index.crates.io-6f17d22bba15001f/os_str_bytes-6.6.1/src/lib.rs:228:5\n    |\n228 | use std::ffi::OsString;\n    |     ^^^ can't find crate\n    |\n    = note: the `loongarch64-unknown-none` target may not support the standard library\n    = help: consider building the standard library from source with `cargo build -Zbuild-std`\n\nerror[E0463]: can't find crate for `std`\n   --> /home/runner/.cargo/registry/src/index.crates.io-6f17d22bba15001f/os_str_bytes-6.6.1/src/lib.rs:229:5\n    |\n229 | use std::fmt;\n    |     ^^^ can't find crate\n    |\n    = note: the `loongarch64-unknown-none` target may not support the standard library\n    = help: consider building the standard library from source with `cargo build -Zbuild-std`\n\nerror[E0463]: can't find crate for `std`\n   --> /home/runner/.cargo/registry/src/index.crates.io-6f17d22bba15001f/os_str_bytes-6.6.1/src/lib.rs:230:5\n    |\n230 | use std::fmt::Display;\n    |     ^^^ can't find crate\n    |\n    = note: the `loongarch64-unknown-none` target may not support the standard library\n    = help: consider building the standard library from source with `cargo build -Zbuild-std`\n\nerror[E0463]: can't find crate for `std`\n   --> /home/runner/.cargo/registry/src/index.crates.io-6f17d22bba15001f/os_str_bytes-6.6.1/src/lib.rs:231:5\n    |\n231 | use std::fmt::Formatter;\n    |     ^^^ can't find crate\n    |\n    = note: the `loongarch64-unknown-none` target may not support the standard library\n    = help: consider building the standard library from source with `cargo build -Zbuild-std`\n\nerror[E0463]: can't find crate for `std`\n   --> /home/runner/.cargo/registry/src/index.crates.io-6f17d22bba15001f/os_str_bytes-6.6.1/src/lib.rs:232:5\n    |\n232 | use std::path::Path;\n    |     ^^^ can't find crate\n    |\n    = note: the `loongarch64-unknown-none` target may not support the standard library\n    = help: consider building the standard library from source with `cargo build -Zbuild-std`\n\nerror[E0463]: can't find crate for `std`\n   --> /home/runner/.cargo/registry/src/index.crates.io-6f17d22bba15001f/os_str_bytes-6.6.1/src/lib.rs:233:5\n    |\n233 | use std::path::PathBuf;\n    |     ^^^ can't find crate\n    |\n    = note: the `loongarch64-unknown-none` target may not support the standard library\n    = help: consider building the standard library from source with `cargo build -Zbuild-std`\n\nerror[E0463]: can't find crate for `std`\n   --> /home/runner/.cargo/registry/src/index.crates.io-6f17d22bba15001f/os_str_bytes-6.6.1/src/lib.rs:234:5\n    |\n234 | use std::result;\n    |     ^^^ can't find crate\n    |\n    = note: the `loongarch64-unknown-none` target may not support the standard library\n    = help: consider building the standard library from source with `cargo build -Zbuild-std`\n\nerror[E0463]: can't find crate for `std`\n --> /home/runner/.cargo/registry/src/index.crates.io-6f17d22bba15001f/os_str_bytes-6.6.1/src/common/mod.rs:1:5\n  |\n1 | use std::borrow::Cow;\n  |     ^^^ can't find crate\n  |\n  = note: the `loongarch64-unknown-none` target may not support the standard library\n  = help: consider building the standard library from source with `cargo build -Zbuild-std`\n\nerror[E0463]: can't find crate for `std`\n --> /home/runner/.cargo/registry/src/index.crates.io-6f17d22bba15001f/os_str_bytes-6.6.1/src/common/mod.rs:2:5\n  |\n2 | use std::convert::Infallible;\n  |     ^^^ can't find crate\n  |\n  = note: the `loongarch64-unknown-none` target may not support the standard library\n  = help: consider building the standard library from source with `cargo build -Zbuild-std`\n\nerror[E0463]: can't find crate for `std`\n --> /home/runner/.cargo/registry/src/index.crates.io-6f17d22bba15001f/os_str_bytes-6.6.1/src/common/mod.rs:3:5\n  |\n3 | use std::ffi::OsStr;\n  |     ^^^ can't find crate\n  |\n  = note: the `loongarch64-unknown-none` target may not support the standard library\n  = help: consider building the standard library from source with `cargo build -Zbuild-std`\n\nerror[E0463]: can't find crate for `std`\n --> /home/runner/.cargo/registry/src/index.crates.io-6f17d22bba15001f/os_str_bytes-6.6.1/src/common/mod.rs:4:5\n  |\n4 | use std::ffi::OsString;\n  |     ^^^ can't find crate\n  |\n  = note: the `loongarch64-unknown-none` target may not support the standard library\n  = help: consider building the standard library from source with `cargo build -Zbuild-std`\n\nerror[E0463]: can't find crate for `std`\n --> /home/runner/.cargo/registry/src/index.crates.io-6f17d22bba15001f/os_str_bytes-6.6.1/src/common/mod.rs:5:5\n  |\n5 | use std::result;\n  |     ^^^ can't find crate\n  |\n  = note: the `loongarch64-unknown-none` target may not support the standard library\n  = help: consider building the standard library from source with `cargo build -Zbuild-std`\n\nerror[E0433]: failed to resolve: use of undeclared crate or module `os`\n  --> /home/runner/.cargo/registry/src/index.crates.io-6f17d22bba15001f/os_str_bytes-6.6.1/src/common/mod.rs:20:5\n   |\n20 | use os::ffi::OsStrExt;\n   |     ^^ use of undeclared crate or module `os`\n\nerror[E0433]: failed to resolve: use of undeclared crate or module `os`\n  --> /home/runner/.cargo/registry/src/index.crates.io-6f17d22bba15001f/os_str_bytes-6.6.1/src/common/mod.rs:21:5\n   |\n21 | use os::ffi::OsStringExt;\n   |     ^^ use of undeclared crate or module `os`\n\nerror[E0463]: can't find crate for `std`\n    --> /home/runner/.cargo/registry/src/index.crates.io-6f17d22bba15001f/os_str_bytes-6.6.1/src/lib.rs:1165:9\n     |\n1165 |     use std::ffi::OsStr;\n     |         ^^^ can't find crate\n     |\n     = note: the `loongarch64-unknown-none` target may not support the standard library\n     = help: consider building the standard library from source with `cargo build -Zbuild-std`\n\nerror[E0463]: can't find crate for `std`\n    --> /home/runner/.cargo/registry/src/index.crates.io-6f17d22bba15001f/os_str_bytes-6.6.1/src/lib.rs:1166:9\n     |\n1166 |     use std::ffi::OsString;\n     |         ^^^ can't find crate\n     |\n     = note: the `loongarch64-unknown-none` target may not support the standard library\n     = help: consider building the standard library from source with `cargo build -Zbuild-std`\n\nerror[E0463]: can't find crate for `std`\n    --> /home/runner/.cargo/registry/src/index.crates.io-6f17d22bba15001f/os_str_bytes-6.6.1/src/lib.rs:1167:9\n     |\n1167 |     use std::path::Path;\n     |         ^^^ can't find crate\n     |\n     = note: the `loongarch64-unknown-none` target may not support the standard library\n     = help: consider building the standard library from source with `cargo build -Zbuild-std`\n\nerror[E0463]: can't find crate for `std`\n    --> /home/runner/.cargo/registry/src/index.crates.io-6f17d22bba15001f/os_str_bytes-6.6.1/src/lib.rs:1168:9\n     |\n1168 |     use std::path::PathBuf;\n     |         ^^^ can't find crate\n     |\n     = note: the `loongarch64-unknown-none` target may not support the standard library\n     = help: consider building the standard library from source with `cargo build -Zbuild-std`\n\nerror[E0463]: can't find crate for `std`\n --> /home/runner/.cargo/registry/src/index.crates.io-6f17d22bba15001f/os_str_bytes-6.6.1/src/common/raw.rs:1:5\n  |\n1 | use std::fmt;\n  |     ^^^ can't find crate\n  |\n  = note: the `loongarch64-unknown-none` target may not support the standard library\n  = help: consider building the standard library from source with `cargo build -Zbuild-std`\n\nerror[E0463]: can't find crate for `std`\n --> /home/runner/.cargo/registry/src/index.crates.io-6f17d22bba15001f/os_str_bytes-6.6.1/src/common/raw.rs:2:5\n  |\n2 | use std::fmt::Formatter;\n  |     ^^^ can't find crate\n  |\n  = note: the `loongarch64-unknown-none` target may not support the standard library\n  = help: consider building the standard library from source with `cargo build -Zbuild-std`\n\nerror[E0463]: can't find crate for `std`\n --> /home/runner/.cargo/registry/src/index.crates.io-6f17d22bba15001f/os_str_bytes-6.6.1/src/iter.rs:5:5\n  |\n5 | use std::fmt;\n  |     ^^^ can't find crate\n  |\n  = note: the `loongarch64-unknown-none` target may not support the standard library\n  = help: consider building the standard library from source with `cargo build -Zbuild-std`\n\nerror[E0463]: can't find crate for `std`\n --> /home/runner/.cargo/registry/src/index.crates.io-6f17d22bba15001f/os_str_bytes-6.6.1/src/iter.rs:6:5\n  |\n6 | use std::fmt::Debug;\n  |     ^^^ can't find crate\n  |\n  = note: the `loongarch64-unknown-none` target may not support the standard library\n  = help: consider building the standard library from source with `cargo build -Zbuild-std`\n\nerror[E0463]: can't find crate for `std`\n --> /home/runner/.cargo/registry/src/index.crates.io-6f17d22bba15001f/os_str_bytes-6.6.1/src/iter.rs:7:5\n  |\n7 | use std::fmt::Formatter;\n  |     ^^^ can't find crate\n  |\n  = note: the `loongarch64-unknown-none` target may not support the standard library\n  = help: consider building the standard library from source with `cargo build -Zbuild-std`\n\nerror[E0463]: can't find crate for `std`\n --> /home/runner/.cargo/registry/src/index.crates.io-6f17d22bba15001f/os_str_bytes-6.6.1/src/iter.rs:8:5\n  |\n8 | use std::iter::FusedIterator;\n  |     ^^^ can't find crate\n  |\n  = note: the `loongarch64-unknown-none` target may not support the standard library\n  = help: consider building the standard library from source with `cargo build -Zbuild-std`\n\nerror[E0463]: can't find crate for `std`\n --> /home/runner/.cargo/registry/src/index.crates.io-6f17d22bba15001f/os_str_bytes-6.6.1/src/iter.rs:9:5\n  |\n9 | use std::mem;\n  |     ^^^ can't find crate\n  |\n  = note: the `loongarch64-unknown-none` target may not support the standard library\n  = help: consider building the standard library from source with `cargo build -Zbuild-std`\n\nerror[E0463]: can't find crate for `std`\n --> /home/runner/.cargo/registry/src/index.crates.io-6f17d22bba15001f/os_str_bytes-6.6.1/src/pattern.rs:1:5\n  |\n1 | use std::fmt::Debug;\n  |     ^^^ can't find crate\n  |\n  = note: the `loongarch64-unknown-none` target may not support the standard library\n  = help: consider building the standard library from source with `cargo build -Zbuild-std`\n\nerror[E0463]: can't find crate for `std`\n --> /home/runner/.cargo/registry/src/index.crates.io-6f17d22bba15001f/os_str_bytes-6.6.1/src/raw_str.rs:3:5\n  |\n3 | use std::borrow::Borrow;\n  |     ^^^ can't find crate\n  |\n  = note: the `loongarch64-unknown-none` target may not support the standard library\n  = help: consider building the standard library from source with `cargo build -Zbuild-std`\n\nerror[E0463]: can't find crate for `std`\n --> /home/runner/.cargo/registry/src/index.crates.io-6f17d22bba15001f/os_str_bytes-6.6.1/src/raw_str.rs:4:5\n  |\n4 | use std::borrow::Cow;\n  |     ^^^ can't find crate\n  |\n  = note: the `loongarch64-unknown-none` target may not support the standard library\n  = help: consider building the standard library from source with `cargo build -Zbuild-std`\n\nerror[E0463]: can't find crate for `std`\n --> /home/runner/.cargo/registry/src/index.crates.io-6f17d22bba15001f/os_str_bytes-6.6.1/src/raw_str.rs:5:5\n  |\n5 | use std::borrow::ToOwned;\n  |     ^^^ can't find crate\n  |\n  = note: the `loongarch64-unknown-none` target may not support the standard library\n  = help: consider building the standard library from source with `cargo build -Zbuild-std`\n\nerror[E0463]: can't find crate for `std`\n --> /home/runner/.cargo/registry/src/index.crates.io-6f17d22bba15001f/os_str_bytes-6.6.1/src/raw_str.rs:6:5\n  |\n6 | use std::ffi::OsStr;\n  |     ^^^ can't find crate\n  |\n  = note: the `loongarch64-unknown-none` target may not support the standard library\n  = help: consider building the standard library from source with `cargo build -Zbuild-std`\n\nerror[E0463]: can't find crate for `std`\n --> /home/runner/.cargo/registry/src/index.crates.io-6f17d22bba15001f/os_str_bytes-6.6.1/src/raw_str.rs:7:5\n  |\n7 | use std::ffi::OsString;\n  |     ^^^ can't find crate\n  |\n  = note: the `loongarch64-unknown-none` target may not support the standard library\n  = help: consider building the standard library from source with `cargo build -Zbuild-std`\n\nerror[E0463]: can't find crate for `std`\n --> /home/runner/.cargo/registry/src/index.crates.io-6f17d22bba15001f/os_str_bytes-6.6.1/src/raw_str.rs:8:5\n  |\n8 | use std::fmt;\n  |     ^^^ can't find crate\n  |\n  = note: the `loongarch64-unknown-none` target may not support the standard library\n  = help: consider building the standard library from source with `cargo build -Zbuild-std`\n\nerror[E0463]: can't find crate for `std`\n --> /home/runner/.cargo/registry/src/index.crates.io-6f17d22bba15001f/os_str_bytes-6.6.1/src/raw_str.rs:9:5\n  |\n9 | use std::fmt::Debug;\n  |     ^^^ can't find crate\n  |\n  = note: the `loongarch64-unknown-none` target may not support the standard library\n  = help: consider building the standard library from source with `cargo build -Zbuild-std`\n\nerror[E0463]: can't find crate for `std`\n  --> /home/runner/.cargo/registry/src/index.crates.io-6f17d22bba15001f/os_str_bytes-6.6.1/src/raw_str.rs:10:5\n   |\n10 | use std::fmt::Display;\n   |     ^^^ can't find crate\n   |\n   = note: the `loongarch64-unknown-none` target may not support the standard library\n   = help: consider building the standard library from source with `cargo build -Zbuild-std`\n\nerror[E0463]: can't find crate for `std`\n  --> /home/runner/.cargo/registry/src/index.crates.io-6f17d22bba15001f/os_str_bytes-6.6.1/src/raw_str.rs:11:5\n   |\n11 | use std::fmt::Formatter;\n   |     ^^^ can't find crate\n   |\n   = note: the `loongarch64-unknown-none` target may not support the standard library\n   = help: consider building the standard library from source with `cargo build -Zbuild-std`\n\nerror[E0463]: can't find crate for `std`\n  --> /home/runner/.cargo/registry/src/index.crates.io-6f17d22bba15001f/os_str_bytes-6.6.1/src/raw_str.rs:12:5\n   |\n12 | use std::mem;\n   |     ^^^ can't find crate\n   |\n   = note: the `loongarch64-unknown-none` target may not support the standard library\n   = help: consider building the standard library from source with `cargo build -Zbuild-std`\n\nerror[E0463]: can't find crate for `std`\n  --> /home/runner/.cargo/registry/src/index.crates.io-6f17d22bba15001f/os_str_bytes-6.6.1/src/raw_str.rs:13:5\n   |\n13 | use std::ops::Deref;\n   |     ^^^ can't find crate\n   |\n   = note: the `loongarch64-unknown-none` target may not support the standard library\n   = help: consider building the standard library from source with `cargo build -Zbuild-std`\n\nerror[E0463]: can't find crate for `std`\n  --> /home/runner/.cargo/registry/src/index.crates.io-6f17d22bba15001f/os_str_bytes-6.6.1/src/raw_str.rs:14:5\n   |\n14 | use std::ops::Index;\n   |     ^^^ can't find crate\n   |\n   = note: the `loongarch64-unknown-none` target may not support the standard library\n   = help: consider building the standard library from source with `cargo build -Zbuild-std`\n\nerror[E0463]: can't find crate for `std`\n  --> /home/runner/.cargo/registry/src/index.crates.io-6f17d22bba15001f/os_str_bytes-6.6.1/src/raw_str.rs:15:5\n   |\n15 | use std::ops::Range;\n   |     ^^^ can't find crate\n   |\n   = note: the `loongarch64-unknown-none` target may not support the standard library\n   = help: consider building the standard library from source with `cargo build -Zbuild-std`\n\nerror[E0463]: can't find crate for `std`\n  --> /home/runner/.cargo/registry/src/index.crates.io-6f17d22bba15001f/os_str_bytes-6.6.1/src/raw_str.rs:16:5\n   |\n16 | use std::ops::RangeFrom;\n   |     ^^^ can't find crate\n   |\n   = note: the `loongarch64-unknown-none` target may not support the standard library\n   = help: consider building the standard library from source with `cargo build -Zbuild-std`\n\nerror[E0463]: can't find crate for `std`\n  --> /home/runner/.cargo/registry/src/index.crates.io-6f17d22bba15001f/os_str_bytes-6.6.1/src/raw_str.rs:17:5\n   |\n17 | use std::ops::RangeFull;\n   |     ^^^ can't find crate\n   |\n   = note: the `loongarch64-unknown-none` target may not support the standard library\n   = help: consider building the standard library from source with `cargo build -Zbuild-std`\n\nerror[E0463]: can't find crate for `std`\n  --> /home/runner/.cargo/registry/src/index.crates.io-6f17d22bba15001f/os_str_bytes-6.6.1/src/raw_str.rs:18:5\n   |\n18 | use std::ops::RangeInclusive;\n   |     ^^^ can't find crate\n   |\n   = note: the `loongarch64-unknown-none` target may not support the standard library\n   = help: consider building the standard library from source with `cargo build -Zbuild-std`\n\nerror[E0463]: can't find crate for `std`\n  --> /home/runner/.cargo/registry/src/index.crates.io-6f17d22bba15001f/os_str_bytes-6.6.1/src/raw_str.rs:19:5\n   |\n19 | use std::ops::RangeTo;\n   |     ^^^ can't find crate\n   |\n   = note: the `loongarch64-unknown-none` target may not support the standard library\n   = help: consider building the standard library from source with `cargo build -Zbuild-std`\n\nerror[E0463]: can't find crate for `std`\n  --> /home/runner/.cargo/registry/src/index.crates.io-6f17d22bba15001f/os_str_bytes-6.6.1/src/raw_str.rs:20:5\n   |\n20 | use std::ops::RangeToInclusive;\n   |     ^^^ can't find crate\n   |\n   = note: the `loongarch64-unknown-none` target may not support the standard library\n   = help: consider building the standard library from source with `cargo build -Zbuild-std`\n\nerror[E0463]: can't find crate for `std`\n  --> /home/runner/.cargo/registry/src/index.crates.io-6f17d22bba15001f/os_str_bytes-6.6.1/src/raw_str.rs:21:5\n   |\n21 | use std::result;\n   |     ^^^ can't find crate\n   |\n   = note: the `loongarch64-unknown-none` target may not support the standard library\n   = help: consider building the standard library from source with `cargo build -Zbuild-std`\n\nerror[E0463]: can't find crate for `std`\n  --> /home/runner/.cargo/registry/src/index.crates.io-6f17d22bba15001f/os_str_bytes-6.6.1/src/raw_str.rs:22:5\n   |\n22 | use std::str;\n   |     ^^^ can't find crate\n   |\n   = note: the `loongarch64-unknown-none` target may not support the standard library\n   = help: consider building the standard library from source with `cargo build -Zbuild-std`\n\nerror[E0463]: can't find crate for `std`\n    --> /home/runner/.cargo/registry/src/index.crates.io-6f17d22bba15001f/os_str_bytes-6.6.1/src/lib.rs:1171:13\n     |\n1171 |         use std::borrow::Cow;\n     |             ^^^ can't find crate\n     |\n     = note: the `loongarch64-unknown-none` target may not support the standard library\n     = help: consider building the standard library from source with `cargo build -Zbuild-std`\n\nerror: cannot find macro `unreachable` in this scope\n  --> /home/runner/.cargo/registry/src/index.crates.io-6f17d22bba15001f/os_str_bytes-6.6.1/src/common/raw.rs:27:9\n   |\n27 |         unreachable!();\n   |         ^^^^^^^^^^^\n   |\nhelp: consider importing this macro\n   |\n1  + use core::unreachable;\n   |\n\nerror: cannot find macro `write` in this scope\n  --> /home/runner/.cargo/registry/src/index.crates.io-6f17d22bba15001f/os_str_bytes-6.6.1/src/common/raw.rs:50:9\n   |\n50 |         write!(f, \"\\\\x{:02X}\", byte)?;\n   |         ^^^^^\n   |\nhelp: consider importing this macro\n   |\n1  + use core::write;\n   |\n\nerror: cannot find macro `assert` in this scope\n  --> /home/runner/.cargo/registry/src/index.crates.io-6f17d22bba15001f/os_str_bytes-6.6.1/src/iter.rs:35:9\n   |\n35 |         assert!(\n   |         ^^^^^^\n   |\nhelp: consider importing this macro\n   |\n5  + use core::assert;\n   |\n\nerror: cannot find attribute `derive` in this scope\n --> /home/runner/.cargo/registry/src/index.crates.io-6f17d22bba15001f/os_str_bytes-6.6.1/src/pattern.rs:9:3\n  |\n9 | #[derive(Clone, Debug)]\n  |   ^^^^^^\n  |\nhelp: consider importing this attribute macro\n  |\n1 + use core::prelude::rust_2024::derive;\n  |\n\nerror: cannot find macro `unreachable` in this scope\n  --> /home/runner/.cargo/registry/src/index.crates.io-6f17d22bba15001f/os_str_bytes-6.6.1/src/raw_str.rs:84:13\n   |\n84 |             unreachable!();\n   |             ^^^^^^^^^^^\n   |\nhelp: consider importing this macro\n   |\n3  + use core::unreachable;\n   |\n\nerror: cannot find attribute `derive` in this scope\n   --> /home/runner/.cargo/registry/src/index.crates.io-6f17d22bba15001f/os_str_bytes-6.6.1/src/raw_str.rs:127:3\n    |\n127 | #[derive(Eq, Hash, Ord, PartialEq, PartialOrd)]\n    |   ^^^^^^\n    |\nhelp: consider importing this attribute macro\n    |\n3   + use core::prelude::rust_2024::derive;\n    |\n\nerror: cannot find macro `cfg` in this scope\n   --> /home/runner/.cargo/registry/src/index.crates.io-6f17d22bba15001f/os_str_bytes-6.6.1/src/raw_str.rs:526:20\n    |\n526 |                 if cfg!(debug_assertions) {\n    |                    ^^^\n    |\n    = note: `cfg` is in scope, but it is an attribute: `#[cfg]`\nhelp: consider importing this macro\n    |\n3   + use core::cfg;\n    |\n\nerror: cannot find macro `unreachable` in this scope\n   --> /home/runner/.cargo/registry/src/index.crates.io-6f17d22bba15001f/os_str_bytes-6.6.1/src/raw_str.rs:592:21\n    |\n592 |                     unreachable!();\n    |                     ^^^^^^^^^^^\n    |\nhelp: consider importing this macro\n    |\n3   + use core::unreachable;\n    |\n\nerror: cannot find macro `debug_assert` in this scope\n   --> /home/runner/.cargo/registry/src/index.crates.io-6f17d22bba15001f/os_str_bytes-6.6.1/src/raw_str.rs:836:9\n    |\n836 |         debug_assert!(index < self.0.len());\n    |         ^^^^^^^^^^^^\n    |\nhelp: consider importing this macro\n    |\n3   + use core::debug_assert;\n    |\n\nerror: cannot find macro `debug_assert` in this scope\n   --> /home/runner/.cargo/registry/src/index.crates.io-6f17d22bba15001f/os_str_bytes-6.6.1/src/raw_str.rs:883:9\n    |\n883 |         debug_assert!(!self.is_boundary(index));\n    |         ^^^^^^^^^^^^\n    |\nhelp: consider importing this macro\n    |\n3   + use core::debug_assert;\n    |\n\nerror: cannot find macro `panic` in this scope\n   --> /home/runner/.cargo/registry/src/index.crates.io-6f17d22bba15001f/os_str_bytes-6.6.1/src/raw_str.rs:899:13\n    |\n899 |             panic!(\n    |             ^^^^^\n    |\nhelp: consider importing this macro\n    |\n3   + use core::panic;\n    |\n\nerror: cannot find attribute `derive` in this scope\n    --> /home/runner/.cargo/registry/src/index.crates.io-6f17d22bba15001f/os_str_bytes-6.6.1/src/raw_str.rs:1492:3\n     |\n1492 | #[derive(Clone, Default, Eq, Hash, Ord, PartialEq, PartialOrd)]\n     |   ^^^^^^\n     |\nhelp: consider importing this attribute macro\n     |\n3    + use core::prelude::rust_2024::derive;\n     |\n\nerror: cannot find macro `cfg` in this scope\n    --> /home/runner/.cargo/registry/src/index.crates.io-6f17d22bba15001f/os_str_bytes-6.6.1/src/raw_str.rs:1713:20\n     |\n1713 |                 if cfg!(debug_assertions) {\n     |                    ^^^\n     |\n     = note: `cfg` is in scope, but it is an attribute: `#[cfg]`\nhelp: consider importing this macro\n     |\n3    + use core::cfg;\n     |\n\nerror: cannot find macro `stringify` in this scope\n    --> /home/runner/.cargo/registry/src/index.crates.io-6f17d22bba15001f/os_str_bytes-6.6.1/src/raw_str.rs:2057:31\n     |\n2057 |                 f.debug_tuple(stringify!($type))\n     |                               ^^^^^^^^^\n...\n2064 | r#impl!(RawOsStr);\n     | ----------------- in this macro invocation\n     |\n     = note: this error originates in the macro `impl` (in Nightly builds, run with -Z macro-backtrace for more info)\nhelp: consider importing this macro\n     |\n3    + use core::stringify;\n     |\n\nerror: cannot find macro `stringify` in this scope\n    --> /home/runner/.cargo/registry/src/index.crates.io-6f17d22bba15001f/os_str_bytes-6.6.1/src/raw_str.rs:2057:31\n     |\n2057 |                 f.debug_tuple(stringify!($type))\n     |                               ^^^^^^^^^\n...\n2065 | r#impl!(RawOsString);\n     | -------------------- in this macro invocation\n     |\n     = note: this error originates in the macro `impl` (in Nightly builds, run with -Z macro-backtrace for more info)\nhelp: consider importing this macro\n     |\n3    + use core::stringify;\n     |\n\nerror: cannot find attribute `derive` in this scope\n   --> /home/runner/.cargo/registry/src/index.crates.io-6f17d22bba15001f/os_str_bytes-6.6.1/src/lib.rs:402:7\n    |\n402 |     #[derive(Clone, Debug, Eq, PartialEq)]\n    |       ^^^^^^\n    |\nhelp: consider importing this attribute macro\n    |\n225 + use core::prelude::rust_2024::derive;\n    |\n\nerror[E0425]: cannot find function, tuple struct or tuple variant `Ok` in this scope\n  --> /home/runner/.cargo/registry/src/index.crates.io-6f17d22bba15001f/os_str_bytes-6.6.1/src/common/raw.rs:20:9\n   |\n20 |         Ok(())\n   |         ^^ not found in this scope\n   |\nhelp: consider importing this tuple variant\n   |\n1  + use core::result::Result::Ok;\n   |\n\nerror[E0425]: cannot find function, tuple struct or tuple variant `Ok` in this scope\n  --> /home/runner/.cargo/registry/src/index.crates.io-6f17d22bba15001f/os_str_bytes-6.6.1/src/common/raw.rs:52:5\n   |\n52 |     Ok(())\n   |     ^^ not found in this scope\n   |\nhelp: consider importing this tuple variant\n   |\n1  + use core::result::Result::Ok;\n   |\n\nerror[E0425]: cannot find function, tuple struct or tuple variant `Ok` in this scope\n  --> /home/runner/.cargo/registry/src/index.crates.io-6f17d22bba15001f/os_str_bytes-6.6.1/src/common/mod.rs:32:5\n   |\n32 |     Ok(Cow::Borrowed(OsStrExt::from_bytes(string)))\n   |     ^^ not found in this scope\n   |\nhelp: consider importing this tuple variant\n   |\n1  + use core::result::Result::Ok;\n   |\n\nerror[E0412]: cannot find type `Vec` in this scope\n  --> /home/runner/.cargo/registry/src/index.crates.io-6f17d22bba15001f/os_str_bytes-6.6.1/src/common/mod.rs:39:42\n   |\n39 | pub(super) fn os_string_from_vec(string: Vec<u8>) -> Result<OsString> {\n   |                                          ^^^ not found in this scope\n\nerror[E0425]: cannot find function, tuple struct or tuple variant `Ok` in this scope\n  --> /home/runner/.cargo/registry/src/index.crates.io-6f17d22bba15001f/os_str_bytes-6.6.1/src/common/mod.rs:40:5\n   |\n40 |     Ok(OsStringExt::from_vec(string))\n   |     ^^ not found in this scope\n   |\nhelp: consider importing this tuple variant\n   |\n1  + use core::result::Result::Ok;\n   |\n\nerror[E0412]: cannot find type `Vec` in this scope\n  --> /home/runner/.cargo/registry/src/index.crates.io-6f17d22bba15001f/os_str_bytes-6.6.1/src/common/mod.rs:43:58\n   |\n43 | pub(super) fn os_string_into_vec(os_string: OsString) -> Vec<u8> {\n   |                                                          ^^^ not found in this scope\n\nerror[E0412]: cannot find type `Option` in this scope\n  --> /home/runner/.cargo/registry/src/index.crates.io-6f17d22bba15001f/os_str_bytes-6.6.1/src/iter.rs:24:13\n   |\n24 |     string: Option<&'a RawOsStr>,\n   |             ^^^^^^ not found in this scope\n   |\nhelp: consider importing this enum\n   |\n5  + use core::option::Option;\n   |\n\nerror[E0425]: cannot find function, tuple struct or tuple variant `Some` in this scope\n  --> /home/runner/.cargo/registry/src/index.crates.io-6f17d22bba15001f/os_str_bytes-6.6.1/src/iter.rs:40:21\n   |\n40 |             string: Some(string),\n   |                     ^^^^ not found in this scope\n   |\nhelp: consider importing this tuple variant\n   |\n5  + use core::option::Option::Some;\n   |\n\nerror[E0405]: cannot find trait `Clone` in this scope\n  --> /home/runner/.cargo/registry/src/index.crates.io-6f17d22bba15001f/os_str_bytes-6.6.1/src/iter.rs:62:9\n   |\n62 | impl<P> Clone for RawSplit<'_, P>\n   |         ^^^^^ not found in this scope\n   |\nhelp: consider importing this trait\n   |\n5  + use core::clone::Clone;\n   |\n\nerror[E0405]: cannot find trait `DoubleEndedIterator` in this scope\n  --> /home/runner/.cargo/registry/src/index.crates.io-6f17d22bba15001f/os_str_bytes-6.6.1/src/iter.rs:88:9\n   |\n88 | impl<P> DoubleEndedIterator for RawSplit<'_, P>\n   |         ^^^^^^^^^^^^^^^^^^^ not found in this scope\n   |\nhelp: consider importing this trait\n   |\n5  + use core::iter::DoubleEndedIterator;\n   |\n\nerror[E0412]: cannot find type `Option` in this scope\n  --> /home/runner/.cargo/registry/src/index.crates.io-6f17d22bba15001f/os_str_bytes-6.6.1/src/iter.rs:92:32\n   |\n92 |     fn next_back(&mut self) -> Option<Self::Item> {\n   |                                ^^^^^^ not found in this scope\n   |\nhelp: consider importing this enum\n   |\n5  + use core::option::Option;\n   |\n\nerror[E0425]: cannot find function, tuple struct or tuple variant `Some` in this scope\n  --> /home/runner/.cargo/registry/src/index.crates.io-6f17d22bba15001f/os_str_bytes-6.6.1/src/iter.rs:55:32\n   |\n55 |                 $self.string = Some(string);\n   |                                ^^^^ not found in this scope\n...\n93 |         impl_next!(self, rsplit_once_raw, true)\n   |         --------------------------------------- in this macro invocation\n   |\n   = note: this error originates in the macro `impl_next` (in Nightly builds, run with -Z macro-backtrace for more info)\nhelp: consider importing this tuple variant\n   |\n5  + use core::option::Option::Some;\n   |\n\nerror[E0405]: cannot find trait `Iterator` in this scope\n  --> /home/runner/.cargo/registry/src/index.crates.io-6f17d22bba15001f/os_str_bytes-6.6.1/src/iter.rs:99:13\n   |\n99 | impl<'a, P> Iterator for RawSplit<'a, P>\n   |             ^^^^^^^^ not found in this scope\n   |\nhelp: consider importing this trait\n   |\n5  + use core::iter::Iterator;\n   |\n\nerror[E0412]: cannot find type `Option` in this scope\n   --> /home/runner/.cargo/registry/src/index.crates.io-6f17d22bba15001f/os_str_bytes-6.6.1/src/iter.rs:106:26\n    |\n106 |     fn last(mut self) -> Option<Self::Item> {\n    |                          ^^^^^^ not found in this scope\n    |\nhelp: consider importing this enum\n    |\n5   + use core::option::Option;\n    |\n\nerror[E0412]: cannot find type `Option` in this scope\n   --> /home/runner/.cargo/registry/src/index.crates.io-6f17d22bba15001f/os_str_bytes-6.6.1/src/iter.rs:110:27\n    |\n110 |     fn next(&mut self) -> Option<Self::Item> {\n    |                           ^^^^^^ not found in this scope\n    |\nhelp: consider importing this enum\n    |\n5   + use core::option::Option;\n    |\n\nerror[E0425]: cannot find function, tuple struct or tuple variant `Some` in this scope\n   --> /home/runner/.cargo/registry/src/index.crates.io-6f17d22bba15001f/os_str_bytes-6.6.1/src/iter.rs:55:32\n    |\n55  |                 $self.string = Some(string);\n    |                                ^^^^ not found in this scope\n...\n111 |         impl_next!(self, split_once_raw, false)\n    |         --------------------------------------- in this macro invocation\n    |\n    = note: this error originates in the macro `impl_next` (in Nightly builds, run with -Z macro-backtrace for more info)\nhelp: consider importing this tuple variant\n    |\n5   + use core::option::Option::Some;\n    |\n\nerror[E0405]: cannot find trait `Clone` in this scope\n  --> /home/runner/.cargo/registry/src/index.crates.io-6f17d22bba15001f/os_str_bytes-6.6.1/src/pattern.rs:38:21\n   |\n38 |     type __Encoded: Clone + Debug + Encoded;\n   |                     ^^^^^ not found in this scope\n   |\nhelp: consider importing this trait\n   |\n1  + use core::clone::Clone;\n   |\n\nerror[E0412]: cannot find type `String` in this scope\n  --> /home/runner/.cargo/registry/src/index.crates.io-6f17d22bba15001f/os_str_bytes-6.6.1/src/pattern.rs:65:26\n   |\n65 | impl<'a> Pattern for &'a String {\n   |                          ^^^^^^ not found in this scope\n\nerror[E0412]: cannot find type `Option` in this scope\n  --> /home/runner/.cargo/registry/src/index.crates.io-6f17d22bba15001f/os_str_bytes-6.6.1/src/raw_str.rs:46:39\n   |\n46 | fn find(string: &[u8], pat: &[u8]) -> Option<usize> {\n   |                                       ^^^^^^ not found in this scope\n   |\nhelp: consider importing this enum\n   |\n3  + use core::option::Option;\n   |\n\nerror[E0412]: cannot find type `Option` in this scope\n  --> /home/runner/.cargo/registry/src/index.crates.io-6f17d22bba15001f/os_str_bytes-6.6.1/src/raw_str.rs:52:40\n   |\n52 | fn rfind(string: &[u8], pat: &[u8]) -> Option<usize> {\n   |                                        ^^^^^^ not found in this scope\n   |\nhelp: consider importing this enum\n   |\n3  + use core::option::Option;\n   |\n\nerror[E0405]: cannot find trait `Sized` in this scope\n  --> /home/runner/.cargo/registry/src/index.crates.io-6f17d22bba15001f/os_str_bytes-6.6.1/src/raw_str.rs:62:13\n   |\n62 |         R: ?Sized + TransmuteBox,\n   |             ^^^^^ not found in this scope\n   |\nhelp: consider importing this trait\n   |\n3  + use core::marker::Sized;\n   |\n\nerror[E0412]: cannot find type `Box` in this scope\n  --> /home/runner/.cargo/registry/src/index.crates.io-6f17d22bba15001f/os_str_bytes-6.6.1/src/raw_str.rs:60:31\n   |\n60 |     fn transmute_box<R>(self: Box<Self>) -> Box<R>\n   |                               ^^^ not found in this scope\n\nerror[E0412]: cannot find type `Box` in this scope\n  --> /home/runner/.cargo/registry/src/index.crates.io-6f17d22bba15001f/os_str_bytes-6.6.1/src/raw_str.rs:60:45\n   |\n60 |     fn transmute_box<R>(self: Box<Self>) -> Box<R>\n   |                                             ^^^ not found in this scope\n\nerror[E0412]: cannot find type `Option` in this scope\n   --> /home/runner/.cargo/registry/src/index.crates.io-6f17d22bba15001f/os_str_bytes-6.6.1/src/raw_str.rs:703:38\n    |\n703 |     pub fn find<P>(&self, pat: P) -> Option<usize>\n    |                                      ^^^^^^ not found in this scope\n    |\nhelp: consider importing this enum\n    |\n3   + use core::option::Option;\n    |\n\nerror[E0412]: cannot find type `Option` in this scope\n   --> /home/runner/.cargo/registry/src/index.crates.io-6f17d22bba15001f/os_str_bytes-6.6.1/src/raw_str.rs:778:39\n    |\n778 |     pub fn rfind<P>(&self, pat: P) -> Option<usize>\n    |                                       ^^^^^^ not found in this scope\n    |\nhelp: consider importing this enum\n    |\n3   + use core::option::Option;\n    |\n\nerror[E0405]: cannot find trait `FnOnce` in this scope\n   --> /home/runner/.cargo/registry/src/index.crates.io-6f17d22bba15001f/os_str_bytes-6.6.1/src/raw_str.rs:794:12\n    |\n794 |         F: FnOnce(&[u8], &[u8]) -> Option<usize>,\n    |            ^^^^^^ not found in this scope\n    |\nhelp: consider importing this trait\n    |\n3   + use core::ops::FnOnce;\n    |\n\nerror[E0412]: cannot find type `Option` in this scope\n   --> /home/runner/.cargo/registry/src/index.crates.io-6f17d22bba15001f/os_str_bytes-6.6.1/src/raw_str.rs:794:36\n    |\n794 |         F: FnOnce(&[u8], &[u8]) -> Option<usize>,\n    |                                    ^^^^^^ not found in this scope\n    |\nhelp: consider importing this enum\n    |\n3   + use core::option::Option;\n    |\n\nerror[E0412]: cannot find type `Option` in this scope\n   --> /home/runner/.cargo/registry/src/index.crates.io-6f17d22bba15001f/os_str_bytes-6.6.1/src/raw_str.rs:792:10\n    |\n792 |     ) -> Option<(&Self, &Self)>\n    |          ^^^^^^ not found in this scope\n    |\nhelp: consider importing this enum\n    |\n3   + use core::option::Option;\n    |\n\nerror[E0425]: cannot find function, tuple struct or tuple variant `Some` in this scope\n   --> /home/runner/.cargo/registry/src/index.crates.io-6f17d22bba15001f/os_str_bytes-6.6.1/src/raw_str.rs:802:9\n    |\n802 |         Some((Self::from_inner(prefix), Self::from_inner(suffix)))\n    |         ^^^^ not found in this scope\n    |\nhelp: consider importing this tuple variant\n    |\n3   + use core::option::Option::Some;\n    |\n\nerror[E0412]: cannot find type `Option` in this scope\n   --> /home/runner/.cargo/registry/src/index.crates.io-6f17d22bba15001f/os_str_bytes-6.6.1/src/raw_str.rs:805:57\n    |\n805 |     pub(super) fn rsplit_once_raw<P>(&self, pat: &P) -> Option<(&Self, &Self)>\n    |                                                         ^^^^^^ not found in this scope\n    |\nhelp: consider importing this enum\n    |\n3   + use core::option::Option;\n    |\n\nerror[E0412]: cannot find type `Option` in this scope\n   --> /home/runner/.cargo/registry/src/index.crates.io-6f17d22bba15001f/os_str_bytes-6.6.1/src/raw_str.rs:828:45\n    |\n828 |     pub fn rsplit_once<P>(&self, pat: P) -> Option<(&Self, &Self)>\n    |                                             ^^^^^^ not found in this scope\n    |\nhelp: consider importing this enum\n    |\n3   + use core::option::Option;\n    |\n\nerror[E0412]: cannot find type `Option` in this scope\n   --> /home/runner/.cargo/registry/src/index.crates.io-6f17d22bba15001f/os_str_bytes-6.6.1/src/raw_str.rs:967:56\n    |\n967 |     pub(super) fn split_once_raw<P>(&self, pat: &P) -> Option<(&Self, &Self)>\n    |                                                        ^^^^^^ not found in this scope\n    |\nhelp: consider importing this enum\n    |\n3   + use core::option::Option;\n    |\n\nerror[E0412]: cannot find type `Option` in this scope\n   --> /home/runner/.cargo/registry/src/index.crates.io-6f17d22bba15001f/os_str_bytes-6.6.1/src/raw_str.rs:990:44\n    |\n990 |     pub fn split_once<P>(&self, pat: P) -> Option<(&Self, &Self)>\n    |                                            ^^^^^^ not found in this scope\n    |\nhelp: consider importing this enum\n    |\n3   + use core::option::Option;\n    |\n\nerror[E0412]: cannot find type `Option` in this scope\n    --> /home/runner/.cargo/registry/src/index.crates.io-6f17d22bba15001f/os_str_bytes-6.6.1/src/raw_str.rs:1057:46\n     |\n1057 |     pub fn strip_prefix<P>(&self, pat: P) -> Option<&Self>\n     |                                              ^^^^^^ not found in this scope\n     |\nhelp: consider importing this enum\n     |\n3    + use core::option::Option;\n     |\n\nerror[E0412]: cannot find type `Option` in this scope\n    --> /home/runner/.cargo/registry/src/index.crates.io-6f17d22bba15001f/os_str_bytes-6.6.1/src/raw_str.rs:1083:46\n     |\n1083 |     pub fn strip_suffix<P>(&self, pat: P) -> Option<&Self>\n     |                                              ^^^^^^ not found in this scope\n     |\nhelp: consider importing this enum\n     |\n3    + use core::option::Option;\n     |\n\nerror[E0412]: cannot find type `Option` in this scope\n    --> /home/runner/.cargo/registry/src/index.crates.io-6f17d22bba15001f/os_str_bytes-6.6.1/src/raw_str.rs:1171:29\n     |\n1171 |     pub fn to_str(&self) -> Option<&str> {\n     |                             ^^^^^^ not found in this scope\n     |\nhelp: consider importing this enum\n     |\n3    + use core::option::Option;\n     |\n\nerror[E0405]: cannot find trait `Fn` in this scope\n    --> /home/runner/.cargo/registry/src/index.crates.io-6f17d22bba15001f/os_str_bytes-6.6.1/src/raw_str.rs:1206:20\n     |\n1206 |         F: for<'a> Fn(&'a [u8], &[u8]) -> Option<&'a [u8]>,\n     |                    ^^ not found in this scope\n     |\nhelp: consider importing this trait\n     |\n3    + use core::ops::Fn;\n     |\n\nerror[E0412]: cannot find type `Option` in this scope\n    --> /home/runner/.cargo/registry/src/index.crates.io-6f17d22bba15001f/os_str_bytes-6.6.1/src/raw_str.rs:1206:43\n     |\n1206 |         F: for<'a> Fn(&'a [u8], &[u8]) -> Option<&'a [u8]>,\n     |                                           ^^^^^^ not found in this scope\n     |\nhelp: consider importing this enum\n     |\n3    + use core::option::Option;\n     |\n\nerror[E0531]: cannot find tuple struct or tuple variant `Some` in this scope\n    --> /home/runner/.cargo/registry/src/index.crates.io-6f17d22bba15001f/os_str_bytes-6.6.1/src/raw_str.rs:1215:19\n     |\n1215 |         while let Some(substring) = strip_fn(string, pat) {\n     |                   ^^^^ not found in this scope\n     |\nhelp: consider importing this tuple variant\n     |\n3    + use core::option::Option::Some;\n     |\n\nerror[E0405]: cannot find trait `AsRef` in this scope\n    --> /home/runner/.cargo/registry/src/index.crates.io-6f17d22bba15001f/os_str_bytes-6.6.1/src/raw_str.rs:1297:6\n     |\n1297 | impl AsRef<Self> for RawOsStr {\n     |      ^^^^^ not found in this scope\n     |\nhelp: consider importing this trait\n     |\n3    + use core::convert::AsRef;\n     |\n\nerror[E0405]: cannot find trait `AsRef` in this scope\n    --> /home/runner/.cargo/registry/src/index.crates.io-6f17d22bba15001f/os_str_bytes-6.6.1/src/raw_str.rs:1332:6\n     |\n1332 | impl AsRef<RawOsStr> for str {\n     |      ^^^^^ not found in this scope\n     |\nhelp: consider importing this trait\n     |\n3    + use core::convert::AsRef;\n     |\n\nerror[E0405]: cannot find trait `AsRef` in this scope\n    --> /home/runner/.cargo/registry/src/index.crates.io-6f17d22bba15001f/os_str_bytes-6.6.1/src/raw_str.rs:1339:6\n     |\n1339 | impl AsRef<RawOsStr> for String {\n     |      ^^^^^ not found in this scope\n     |\nhelp: consider importing this trait\n     |\n3    + use core::convert::AsRef;\n     |\n\nerror[E0412]: cannot find type `String` in this scope\n    --> /home/runner/.cargo/registry/src/index.crates.io-6f17d22bba15001f/os_str_bytes-6.6.1/src/raw_str.rs:1339:26\n     |\n1339 | impl AsRef<RawOsStr> for String {\n     |                          ^^^^^^ not found in this scope\n\nerror[E0405]: cannot find trait `Default` in this scope\n    --> /home/runner/.cargo/registry/src/index.crates.io-6f17d22bba15001f/os_str_bytes-6.6.1/src/raw_str.rs:1346:6\n     |\n1346 | impl Default for &RawOsStr {\n     |      ^^^^^^^ not found in this scope\n     |\nhelp: consider importing this trait\n     |\n3    + use core::default::Default;\n     |\n\nerror[E0405]: cannot find trait `From` in this scope\n    --> /home/runner/.cargo/registry/src/index.crates.io-6f17d22bba15001f/os_str_bytes-6.6.1/src/raw_str.rs:1353:10\n     |\n1353 | impl<'a> From<&'a RawOsStr> for Cow<'a, RawOsStr> {\n     |          ^^^^ not found in this scope\n     |\nhelp: consider importing this trait\n     |\n3    + use core::convert::From;\n     |\n\nerror[E0405]: cannot find trait `From` in this scope\n    --> /home/runner/.cargo/registry/src/index.crates.io-6f17d22bba15001f/os_str_bytes-6.6.1/src/raw_str.rs:1360:6\n     |\n1360 | impl From<Box<str>> for Box<RawOsStr> {\n     |      ^^^^ not found in this scope\n     |\nhelp: consider importing this trait\n     |\n3    + use core::convert::From;\n     |\n\nerror[E0412]: cannot find type `Box` in this scope\n    --> /home/runner/.cargo/registry/src/index.crates.io-6f17d22bba15001f/os_str_bytes-6.6.1/src/raw_str.rs:1360:11\n     |\n1360 | impl From<Box<str>> for Box<RawOsStr> {\n     |           ^^^ not found in this scope\n\nerror[E0412]: cannot find type `Box` in this scope\n    --> /home/runner/.cargo/registry/src/index.crates.io-6f17d22bba15001f/os_str_bytes-6.6.1/src/raw_str.rs:1360:25\n     |\n1360 | impl From<Box<str>> for Box<RawOsStr> {\n     |                         ^^^ not found in this scope\n\nerror[E0412]: cannot find type `Box` in this scope\n    --> /home/runner/.cargo/registry/src/index.crates.io-6f17d22bba15001f/os_str_bytes-6.6.1/src/raw_str.rs:1362:20\n     |\n1362 |     fn from(value: Box<str>) -> Self {\n     |                    ^^^ not found in this scope\n\nerror[E0412]: cannot find type `Vec` in this scope\n    --> /home/runner/.cargo/registry/src/index.crates.io-6f17d22bba15001f/os_str_bytes-6.6.1/src/raw_str.rs:1494:24\n     |\n1494 | pub struct RawOsString(Vec<u8>);\n     |                        ^^^ not found in this scope\n\nerror[E0412]: cannot find type `String` in this scope\n    --> /home/runner/.cargo/registry/src/index.crates.io-6f17d22bba15001f/os_str_bytes-6.6.1/src/raw_str.rs:1546:32\n     |\n1546 |     pub fn from_string(string: String) -> Self {\n     |                                ^^^^^^ not found in this scope\n\nerror[E0412]: cannot find type `Vec` in this scope\n    --> /home/runner/.cargo/registry/src/index.crates.io-6f17d22bba15001f/os_str_bytes-6.6.1/src/raw_str.rs:1578:37\n     |\n1578 |     fn from_raw_vec_checked(string: Vec<u8>) -> imp::Result<Self> {\n     |                                     ^^^ not found in this scope\n\nerror[E0412]: cannot find type `Vec` in this scope\n    --> /home/runner/.cargo/registry/src/index.crates.io-6f17d22bba15001f/os_str_bytes-6.6.1/src/raw_str.rs:1616:44\n     |\n1616 |         pub fn assert_from_raw_vec(string: Vec<u8>) -> Self {\n     |                                            ^^^ not found in this scope\n\nerror[E0412]: cannot find type `Vec` in this scope\n    --> /home/runner/.cargo/registry/src/index.crates.io-6f17d22bba15001f/os_str_bytes-6.6.1/src/raw_str.rs:1708:54\n     |\n1708 |         pub unsafe fn from_raw_vec_unchecked(string: Vec<u8>) -> Self {\n     |                                                      ^^^ not found in this scope\n\nerror[E0412]: cannot find type `Box` in this scope\n    --> /home/runner/.cargo/registry/src/index.crates.io-6f17d22bba15001f/os_str_bytes-6.6.1/src/raw_str.rs:1757:30\n     |\n1757 |     pub fn into_box(self) -> Box<RawOsStr> {\n     |                              ^^^ not found in this scope\n\nerror[E0412]: cannot find type `Vec` in this scope\n    --> /home/runner/.cargo/registry/src/index.crates.io-6f17d22bba15001f/os_str_bytes-6.6.1/src/raw_str.rs:1838:38\n     |\n1838 |         pub fn into_raw_vec(self) -> Vec<u8> {\n     |                                      ^^^ not found in this scope\n\nerror[E0412]: cannot find type `String` in this scope\n    --> /home/runner/.cargo/registry/src/index.crates.io-6f17d22bba15001f/os_str_bytes-6.6.1/src/raw_str.rs:1858:48\n     |\n1858 |     pub fn into_string(self) -> result::Result<String, Self> {\n     |                                                ^^^^^^ not found in this scope\n     |\nhelp: you might be missing a type parameter\n     |\n1496 | impl<String> RawOsString {\n     |     ++++++++\n\nerror[E0405]: cannot find trait `AsRef` in this scope\n    --> /home/runner/.cargo/registry/src/index.crates.io-6f17d22bba15001f/os_str_bytes-6.6.1/src/raw_str.rs:1941:6\n     |\n1941 | impl AsRef<RawOsStr> for RawOsString {\n     |      ^^^^^ not found in this scope\n     |\nhelp: consider importing this trait\n     |\n3    + use core::convert::AsRef;\n     |\n\nerror[E0405]: cannot find trait `From` in this scope\n    --> /home/runner/.cargo/registry/src/index.crates.io-6f17d22bba15001f/os_str_bytes-6.6.1/src/raw_str.rs:1964:6\n     |\n1964 | impl From<RawOsString> for Box<RawOsStr> {\n     |      ^^^^ not found in this scope\n     |\nhelp: consider importing this trait\n     |\n3    + use core::convert::From;\n     |\n\nerror[E0412]: cannot find type `Box` in this scope\n    --> /home/runner/.cargo/registry/src/index.crates.io-6f17d22bba15001f/os_str_bytes-6.6.1/src/raw_str.rs:1964:28\n     |\n1964 | impl From<RawOsString> for Box<RawOsStr> {\n     |                            ^^^ not found in this scope\n\nerror[E0405]: cannot find trait `From` in this scope\n    --> /home/runner/.cargo/registry/src/index.crates.io-6f17d22bba15001f/os_str_bytes-6.6.1/src/raw_str.rs:1971:6\n     |\n1971 | impl From<Box<RawOsStr>> for RawOsString {\n     |      ^^^^ not found in this scope\n     |\nhelp: consider importing this trait\n     |\n3    + use core::convert::From;\n     |\n\nerror[E0412]: cannot find type `Box` in this scope\n    --> /home/runner/.cargo/registry/src/index.crates.io-6f17d22bba15001f/os_str_bytes-6.6.1/src/raw_str.rs:1971:11\n     |\n1971 | impl From<Box<RawOsStr>> for RawOsString {\n     |           ^^^ not found in this scope\n\nerror[E0412]: cannot find type `Box` in this scope\n    --> /home/runner/.cargo/registry/src/index.crates.io-6f17d22bba15001f/os_str_bytes-6.6.1/src/raw_str.rs:1973:20\n     |\n1973 |     fn from(value: Box<RawOsStr>) -> Self {\n     |                    ^^^ not found in this scope\n\nerror[E0405]: cannot find trait `From` in this scope\n    --> /home/runner/.cargo/registry/src/index.crates.io-6f17d22bba15001f/os_str_bytes-6.6.1/src/raw_str.rs:1978:6\n     |\n1978 | impl From<RawOsString> for Cow<'_, RawOsStr> {\n     |      ^^^^ not found in this scope\n     |\nhelp: consider importing this trait\n     |\n3    + use core::convert::From;\n     |\n\nerror[E0405]: cannot find trait `From` in this scope\n    --> /home/runner/.cargo/registry/src/index.crates.io-6f17d22bba15001f/os_str_bytes-6.6.1/src/raw_str.rs:2003:6\n     |\n2003 | impl From<String> for RawOsString {\n     |      ^^^^ not found in this scope\n     |\nhelp: consider importing this trait\n     |\n3    + use core::convert::From;\n     |\n\nerror[E0412]: cannot find type `String` in this scope\n    --> /home/runner/.cargo/registry/src/index.crates.io-6f17d22bba15001f/os_str_bytes-6.6.1/src/raw_str.rs:2003:11\n     |\n2003 | impl From<String> for RawOsString {\n     |           ^^^^^^ not found in this scope\n     |\nhelp: you might be missing a type parameter\n     |\n2003 | impl<String> From<String> for RawOsString {\n     |     ++++++++\n\nerror[E0412]: cannot find type `String` in this scope\n    --> /home/runner/.cargo/registry/src/index.crates.io-6f17d22bba15001f/os_str_bytes-6.6.1/src/raw_str.rs:2005:20\n     |\n2005 |     fn from(value: String) -> Self {\n     |                    ^^^^^^ not found in this scope\n\nerror[E0531]: cannot find tuple struct or tuple variant `Ok` in this scope\n    --> /home/runner/.cargo/registry/src/index.crates.io-6f17d22bba15001f/os_str_bytes-6.6.1/src/raw_str.rs:2022:17\n     |\n2022 |                 Ok(valid) => {\n     |                 ^^ not found in this scope\n     |\nhelp: consider importing this tuple variant\n     |\n3    + use core::result::Result::Ok;\n     |\n\nerror[E0531]: cannot find tuple struct or tuple variant `Err` in this scope\n    --> /home/runner/.cargo/registry/src/index.crates.io-6f17d22bba15001f/os_str_bytes-6.6.1/src/raw_str.rs:2026:17\n     |\n2026 |                 Err(error) => {\n     |                 ^^^ not found in this scope\n     |\nhelp: consider importing this tuple variant\n     |\n3    + use core::result::Result::Err;\n     |\n\nerror[E0405]: cannot find trait `PartialEq` in this scope\n    --> /home/runner/.cargo/registry/src/index.crates.io-6f17d22bba15001f/os_str_bytes-6.6.1/src/raw_str.rs:2105:14\n     |\n2105 |         impl PartialEq<$other_type> for $type {\n     |              ^^^^^^^^^ not found in this scope\n...\n2123 | r#impl!(RawOsStr, RawOsString);\n     | ------------------------------ in this macro invocation\n     |\n     = note: this error originates in the macro `impl` (in Nightly builds, run with -Z macro-backtrace for more info)\nhelp: consider importing this trait\n     |\n3    + use core::cmp::PartialEq;\n     |\n\nerror[E0405]: cannot find trait `PartialEq` in this scope\n    --> /home/runner/.cargo/registry/src/index.crates.io-6f17d22bba15001f/os_str_bytes-6.6.1/src/raw_str.rs:2115:14\n     |\n2115 |         impl PartialEq<$type> for $other_type {\n     |              ^^^^^^^^^ not found in this scope\n...\n2123 | r#impl!(RawOsStr, RawOsString);\n     | ------------------------------ in this macro invocation\n     |\n     = note: this error originates in the macro `impl` (in Nightly builds, run with -Z macro-backtrace for more info)\nhelp: consider importing this trait\n     |\n3    + use core::cmp::PartialEq;\n     |\n\nerror[E0405]: cannot find trait `PartialEq` in this scope\n    --> /home/runner/.cargo/registry/src/index.crates.io-6f17d22bba15001f/os_str_bytes-6.6.1/src/raw_str.rs:2105:14\n     |\n2105 |         impl PartialEq<$other_type> for $type {\n     |              ^^^^^^^^^ not found in this scope\n...\n2124 | r#impl!(RawOsStr, str);\n     | ---------------------- in this macro invocation\n     |\n     = note: this error originates in the macro `impl` (in Nightly builds, run with -Z macro-backtrace for more info)\nhelp: consider importing this trait\n     |\n3    + use core::cmp::PartialEq;\n     |\n\nerror[E0405]: cannot find trait `PartialEq` in this scope\n    --> /home/runner/.cargo/registry/src/index.crates.io-6f17d22bba15001f/os_str_bytes-6.6.1/src/raw_str.rs:2115:14\n     |\n2115 |         impl PartialEq<$type> for $other_type {\n     |              ^^^^^^^^^ not found in this scope\n...\n2124 | r#impl!(RawOsStr, str);\n     | ---------------------- in this macro invocation\n     |\n     = note: this error originates in the macro `impl` (in Nightly builds, run with -Z macro-backtrace for more info)\nhelp: consider importing this trait\n     |\n3    + use core::cmp::PartialEq;\n     |\n\nerror[E0405]: cannot find trait `PartialEq` in this scope\n    --> /home/runner/.cargo/registry/src/index.crates.io-6f17d22bba15001f/os_str_bytes-6.6.1/src/raw_str.rs:2105:14\n     |\n2105 |         impl PartialEq<$other_type> for $type {\n     |              ^^^^^^^^^ not found in this scope\n...\n2125 | r#impl!(RawOsStr, String);\n     | ------------------------- in this macro invocation\n     |\n     = note: this error originates in the macro `impl` (in Nightly builds, run with -Z macro-backtrace for more info)\nhelp: consider importing this trait\n     |\n3    + use core::cmp::PartialEq;\n     |\n\nerror[E0412]: cannot find type `String` in this scope\n    --> /home/runner/.cargo/registry/src/index.crates.io-6f17d22bba15001f/os_str_bytes-6.6.1/src/raw_str.rs:2125:19\n     |\n2125 | r#impl!(RawOsStr, String);\n     |                   ^^^^^^ not found in this scope\n\nerror[E0405]: cannot find trait `PartialEq` in this scope\n    --> /home/runner/.cargo/registry/src/index.crates.io-6f17d22bba15001f/os_str_bytes-6.6.1/src/raw_str.rs:2115:14\n     |\n2115 |         impl PartialEq<$type> for $other_type {\n     |              ^^^^^^^^^ not found in this scope\n...\n2125 | r#impl!(RawOsStr, String);\n     | ------------------------- in this macro invocation\n     |\n     = note: this error originates in the macro `impl` (in Nightly builds, run with -Z macro-backtrace for more info)\nhelp: consider importing this trait\n     |\n3    + use core::cmp::PartialEq;\n     |\n\nerror[E0405]: cannot find trait `PartialEq` in this scope\n    --> /home/runner/.cargo/registry/src/index.crates.io-6f17d22bba15001f/os_str_bytes-6.6.1/src/raw_str.rs:2105:14\n     |\n2105 |         impl PartialEq<$other_type> for $type {\n     |              ^^^^^^^^^ not found in this scope\n...\n2126 | r#impl!(&RawOsStr, RawOsString);\n     | ------------------------------- in this macro invocation\n     |\n     = note: this error originates in the macro `impl` (in Nightly builds, run with -Z macro-backtrace for more info)\nhelp: consider importing this trait\n     |\n3    + use core::cmp::PartialEq;\n     |\n\nerror[E0405]: cannot find trait `PartialEq` in this scope\n    --> /home/runner/.cargo/registry/src/index.crates.io-6f17d22bba15001f/os_str_bytes-6.6.1/src/raw_str.rs:2115:14\n     |\n2115 |         impl PartialEq<$type> for $other_type {\n     |              ^^^^^^^^^ not found in this scope\n...\n2126 | r#impl!(&RawOsStr, RawOsString);\n     | ------------------------------- in this macro invocation\n     |\n     = note: this error originates in the macro `impl` (in Nightly builds, run with -Z macro-backtrace for more info)\nhelp: consider importing this trait\n     |\n3    + use core::cmp::PartialEq;\n     |\n\nerror[E0405]: cannot find trait `PartialEq` in this scope\n    --> /home/runner/.cargo/registry/src/index.crates.io-6f17d22bba15001f/os_str_bytes-6.6.1/src/raw_str.rs:2105:14\n     |\n2105 |         impl PartialEq<$other_type> for $type {\n     |              ^^^^^^^^^ not found in this scope\n...\n2127 | r#impl!(&RawOsStr, String);\n     | -------------------------- in this macro invocation\n     |\n     = note: this error originates in the macro `impl` (in Nightly builds, run with -Z macro-backtrace for more info)\nhelp: consider importing this trait\n     |\n3    + use core::cmp::PartialEq;\n     |\n\nerror[E0412]: cannot find type `String` in this scope\n    --> /home/runner/.cargo/registry/src/index.crates.io-6f17d22bba15001f/os_str_bytes-6.6.1/src/raw_str.rs:2127:20\n     |\n2127 | r#impl!(&RawOsStr, String);\n     |                    ^^^^^^ not found in this scope\n\nerror[E0405]: cannot find trait `PartialEq` in this scope\n    --> /home/runner/.cargo/registry/src/index.crates.io-6f17d22bba15001f/os_str_bytes-6.6.1/src/raw_str.rs:2115:14\n     |\n2115 |         impl PartialEq<$type> for $other_type {\n     |              ^^^^^^^^^ not found in this scope\n...\n2127 | r#impl!(&RawOsStr, String);\n     | -------------------------- in this macro invocation\n     |\n     = note: this error originates in the macro `impl` (in Nightly builds, run with -Z macro-backtrace for more info)\nhelp: consider importing this trait\n     |\n3    + use core::cmp::PartialEq;\n     |\n\nerror[E0405]: cannot find trait `PartialEq` in this scope\n    --> /home/runner/.cargo/registry/src/index.crates.io-6f17d22bba15001f/os_str_bytes-6.6.1/src/raw_str.rs:2105:14\n     |\n2105 |         impl PartialEq<$other_type> for $type {\n     |              ^^^^^^^^^ not found in this scope\n...\n2128 | r#impl!(RawOsString, str);\n     | ------------------------- in this macro invocation\n     |\n     = note: this error originates in the macro `impl` (in Nightly builds, run with -Z macro-backtrace for more info)\nhelp: consider importing this trait\n     |\n3    + use core::cmp::PartialEq;\n     |\n\nerror[E0405]: cannot find trait `PartialEq` in this scope\n    --> /home/runner/.cargo/registry/src/index.crates.io-6f17d22bba15001f/os_str_bytes-6.6.1/src/raw_str.rs:2115:14\n     |\n2115 |         impl PartialEq<$type> for $other_type {\n     |              ^^^^^^^^^ not found in this scope\n...\n2128 | r#impl!(RawOsString, str);\n     | ------------------------- in this macro invocation\n     |\n     = note: this error originates in the macro `impl` (in Nightly builds, run with -Z macro-backtrace for more info)\nhelp: consider importing this trait\n     |\n3    + use core::cmp::PartialEq;\n     |\n\nerror[E0405]: cannot find trait `PartialEq` in this scope\n    --> /home/runner/.cargo/registry/src/index.crates.io-6f17d22bba15001f/os_str_bytes-6.6.1/src/raw_str.rs:2105:14\n     |\n2105 |         impl PartialEq<$other_type> for $type {\n     |              ^^^^^^^^^ not found in this scope\n...\n2129 | r#impl!(RawOsString, &str);\n     | -------------------------- in this macro invocation\n     |\n     = note: this error originates in the macro `impl` (in Nightly builds, run with -Z macro-backtrace for more info)\nhelp: consider importing this trait\n     |\n3    + use core::cmp::PartialEq;\n     |\n\nerror[E0405]: cannot find trait `PartialEq` in this scope\n    --> /home/runner/.cargo/registry/src/index.crates.io-6f17d22bba15001f/os_str_bytes-6.6.1/src/raw_str.rs:2115:14\n     |\n2115 |         impl PartialEq<$type> for $other_type {\n     |              ^^^^^^^^^ not found in this scope\n...\n2129 | r#impl!(RawOsString, &str);\n     | -------------------------- in this macro invocation\n     |\n     = note: this error originates in the macro `impl` (in Nightly builds, run with -Z macro-backtrace for more info)\nhelp: consider importing this trait\n     |\n3    + use core::cmp::PartialEq;\n     |\n\nerror[E0405]: cannot find trait `PartialEq` in this scope\n    --> /home/runner/.cargo/registry/src/index.crates.io-6f17d22bba15001f/os_str_bytes-6.6.1/src/raw_str.rs:2105:14\n     |\n2105 |         impl PartialEq<$other_type> for $type {\n     |              ^^^^^^^^^ not found in this scope\n...\n2130 | r#impl!(RawOsString, String);\n     | ---------------------------- in this macro invocation\n     |\n     = note: this error originates in the macro `impl` (in Nightly builds, run with -Z macro-backtrace for more info)\nhelp: consider importing this trait\n     |\n3    + use core::cmp::PartialEq;\n     |\n\nerror[E0412]: cannot find type `String` in this scope\n    --> /home/runner/.cargo/registry/src/index.crates.io-6f17d22bba15001f/os_str_bytes-6.6.1/src/raw_str.rs:2130:22\n     |\n2130 | r#impl!(RawOsString, String);\n     |                      ^^^^^^ not found in this scope\n\nerror[E0405]: cannot find trait `PartialEq` in this scope\n    --> /home/runner/.cargo/registry/src/index.crates.io-6f17d22bba15001f/os_str_bytes-6.6.1/src/raw_str.rs:2115:14\n     |\n2115 |         impl PartialEq<$type> for $other_type {\n     |              ^^^^^^^^^ not found in this scope\n...\n2130 | r#impl!(RawOsString, String);\n     | ---------------------------- in this macro invocation\n     |\n     = note: this error originates in the macro `impl` (in Nightly builds, run with -Z macro-backtrace for more info)\nhelp: consider importing this trait\n     |\n3    + use core::cmp::PartialEq;\n     |\n\nerror[E0405]: cannot find trait `Into` in this scope\n   --> /home/runner/.cargo/registry/src/index.crates.io-6f17d22bba15001f/os_str_bytes-6.6.1/src/lib.rs:423:8\n    |\n423 |     S: Into<Cow<'a, [u8]>>,\n    |        ^^^^ not found in this scope\n    |\nhelp: consider importing this trait\n    |\n225 + use core::convert::Into;\n    |\n\nerror[E0405]: cannot find trait `ToOwned` in this scope\n   --> /home/runner/.cargo/registry/src/index.crates.io-6f17d22bba15001f/os_str_bytes-6.6.1/src/lib.rs:446:45\n    |\n446 |     pub trait OsStrBytes: private::Sealed + ToOwned {\n    |                                             ^^^^^^^ not found in this scope\n\nerror[E0405]: cannot find trait `Into` in this scope\n   --> /home/runner/.cargo/registry/src/index.crates.io-6f17d22bba15001f/os_str_bytes-6.6.1/src/lib.rs:475:16\n    |\n475 |             S: Into<Cow<'a, [u8]>>;\n    |                ^^^^ not found in this scope\n    |\nhelp: consider importing this trait\n    |\n225 + use core::convert::Into;\n    |\n\nerror[E0405]: cannot find trait `Into` in this scope\n   --> /home/runner/.cargo/registry/src/index.crates.io-6f17d22bba15001f/os_str_bytes-6.6.1/src/lib.rs:513:20\n    |\n513 |                 S: Into<Cow<'a, [u8]>>;\n    |                    ^^^^ not found in this scope\n    |\nhelp: consider importing this trait\n    |\n225 + use core::convert::Into;\n    |\n\nerror[E0405]: cannot find trait `Into` in this scope\n   --> /home/runner/.cargo/registry/src/index.crates.io-6f17d22bba15001f/os_str_bytes-6.6.1/src/lib.rs:542:16\n    |\n542 |             S: Into<Cow<'a, [u8]>>,\n    |                ^^^^ not found in this scope\n    |\nhelp: consider importing this trait\n    |\n225 + use core::convert::Into;\n    |\n\nerror[E0405]: cannot find trait `Into` in this scope\n   --> /home/runner/.cargo/registry/src/index.crates.io-6f17d22bba15001f/os_str_bytes-6.6.1/src/lib.rs:550:16\n    |\n550 |             S: Into<Cow<'a, [u8]>>,\n    |                ^^^^ not found in this scope\n    |\nhelp: consider importing this trait\n    |\n225 + use core::convert::Into;\n    |\n\nerror[E0405]: cannot find trait `Into` in this scope\n   --> /home/runner/.cargo/registry/src/index.crates.io-6f17d22bba15001f/os_str_bytes-6.6.1/src/lib.rs:566:16\n    |\n566 |             S: Into<Cow<'a, [u8]>>,\n    |                ^^^^ not found in this scope\n    |\nhelp: consider importing this trait\n    |\n225 + use core::convert::Into;\n    |\n\nerror[E0405]: cannot find trait `Into` in this scope\n   --> /home/runner/.cargo/registry/src/index.crates.io-6f17d22bba15001f/os_str_bytes-6.6.1/src/lib.rs:574:16\n    |\n574 |             S: Into<Cow<'a, [u8]>>,\n    |                ^^^^ not found in this scope\n    |\nhelp: consider importing this trait\n    |\n225 + use core::convert::Into;\n    |\n\nerror[E0405]: cannot find trait `Sized` in this scope\n    --> /home/runner/.cargo/registry/src/index.crates.io-6f17d22bba15001f/os_str_bytes-6.6.1/src/lib.rs:1037:48\n     |\n1037 |     pub trait OsStringBytes: private::Sealed + Sized {\n     |                                                ^^^^^ not found in this scope\n     |\nhelp: consider importing this trait\n     |\n225  + use core::marker::Sized;\n     |\n\nerror[E0412]: cannot find type `Vec` in this scope\n    --> /home/runner/.cargo/registry/src/index.crates.io-6f17d22bba15001f/os_str_bytes-6.6.1/src/lib.rs:1064:40\n     |\n1064 |         fn assert_from_raw_vec(string: Vec<u8>) -> Self;\n     |                                        ^^^ not found in this scope\n\nerror[E0412]: cannot find type `Vec` in this scope\n    --> /home/runner/.cargo/registry/src/index.crates.io-6f17d22bba15001f/os_str_bytes-6.6.1/src/lib.rs:1103:37\n     |\n1103 |             fn from_raw_vec(string: Vec<u8>) -> Result<Self>;\n     |                                     ^^^ not found in this scope\n\nerror[E0412]: cannot find type `Vec` in this scope\n    --> /home/runner/.cargo/registry/src/index.crates.io-6f17d22bba15001f/os_str_bytes-6.6.1/src/lib.rs:1124:34\n     |\n1124 |         fn into_raw_vec(self) -> Vec<u8>;\n     |                                  ^^^ not found in this scope\n\nerror[E0412]: cannot find type `Vec` in this scope\n    --> /home/runner/.cargo/registry/src/index.crates.io-6f17d22bba15001f/os_str_bytes-6.6.1/src/lib.rs:1130:40\n     |\n1130 |         fn assert_from_raw_vec(string: Vec<u8>) -> Self {\n     |                                        ^^^ not found in this scope\n\nerror[E0412]: cannot find type `Vec` in this scope\n    --> /home/runner/.cargo/registry/src/index.crates.io-6f17d22bba15001f/os_str_bytes-6.6.1/src/lib.rs:1135:33\n     |\n1135 |         fn from_raw_vec(string: Vec<u8>) -> Result<Self> {\n     |                                 ^^^ not found in this scope\n\nerror[E0412]: cannot find type `Vec` in this scope\n    --> /home/runner/.cargo/registry/src/index.crates.io-6f17d22bba15001f/os_str_bytes-6.6.1/src/lib.rs:1140:34\n     |\n1140 |         fn into_raw_vec(self) -> Vec<u8> {\n     |                                  ^^^ not found in this scope\n\nerror[E0412]: cannot find type `Vec` in this scope\n    --> /home/runner/.cargo/registry/src/index.crates.io-6f17d22bba15001f/os_str_bytes-6.6.1/src/lib.rs:1148:40\n     |\n1148 |         fn assert_from_raw_vec(string: Vec<u8>) -> Self {\n     |                                        ^^^ not found in this scope\n\nerror[E0412]: cannot find type `Vec` in this scope\n    --> /home/runner/.cargo/registry/src/index.crates.io-6f17d22bba15001f/os_str_bytes-6.6.1/src/lib.rs:1153:33\n     |\n1153 |         fn from_raw_vec(string: Vec<u8>) -> Result<Self> {\n     |                                 ^^^ not found in this scope\n\nerror[E0433]: failed to resolve: use of undeclared type `Into`\n    --> /home/runner/.cargo/registry/src/index.crates.io-6f17d22bba15001f/os_str_bytes-6.6.1/src/lib.rs:1154:48\n     |\n1154 |             OsString::from_raw_vec(string).map(Into::into)\n     |                                                ^^^^ use of undeclared type `Into`\n     |\nhelp: consider importing this trait\n     |\n225  + use core::convert::Into;\n     |\n\nerror[E0412]: cannot find type `Vec` in this scope\n    --> /home/runner/.cargo/registry/src/index.crates.io-6f17d22bba15001f/os_str_bytes-6.6.1/src/lib.rs:1158:34\n     |\n1158 |         fn into_raw_vec(self) -> Vec<u8> {\n     |                                  ^^^ not found in this scope\n\nerror[E0412]: cannot find type `String` in this scope\n    --> /home/runner/.cargo/registry/src/index.crates.io-6f17d22bba15001f/os_str_bytes-6.6.1/src/lib.rs:1184:22\n     |\n1184 |     impl Sealed for &String {}\n     |                      ^^^^^^ not found in this scope\n\nerror: requires `sized` lang_item\n  --> /home/runner/.cargo/registry/src/index.crates.io-6f17d22bba15001f/os_str_bytes-6.6.1/src/common/mod.rs:31:41\n   |\n31 | pub(super) fn os_str_from_bytes(string: &[u8]) -> Result<Cow<'_, OsStr>> {\n   |                                         ^^^^^\n\nerror: requires `sized` lang_item\n  --> /home/runner/.cargo/registry/src/index.crates.io-6f17d22bba15001f/os_str_bytes-6.6.1/src/common/raw.rs:19:37\n   |\n19 |     pub(crate) fn validate_bytes(_: &[u8]) -> Result<()> {\n   |                                     ^^^^^\n\nerror: requires `sized` lang_item\n  --> /home/runner/.cargo/registry/src/index.crates.io-6f17d22bba15001f/os_str_bytes-6.6.1/src/common/raw.rs:26:40\n   |\n26 |     pub(crate) fn decode_code_point(_: &[u8]) -> u32 {\n   |                                        ^^^^^\n\nerror: requires `sized` lang_item\n  --> /home/runner/.cargo/registry/src/index.crates.io-6f17d22bba15001f/os_str_bytes-6.6.1/src/common/raw.rs:31:33\n   |\n31 | pub(crate) fn ends_with(string: &[u8], suffix: &[u8]) -> bool {\n   |                                 ^^^^^\n\nerror: requires `sized` lang_item\n  --> /home/runner/.cargo/registry/src/index.crates.io-6f17d22bba15001f/os_str_bytes-6.6.1/src/common/raw.rs:35:35\n   |\n35 | pub(crate) fn starts_with(string: &[u8], prefix: &[u8]) -> bool {\n   |                                   ^^^^^\n\nerror: requires `sized` lang_item\n  --> /home/runner/.cargo/registry/src/index.crates.io-6f17d22bba15001f/os_str_bytes-6.6.1/src/common/raw.rs:41:35\n   |\n41 | fn as_inner(string: &RawOsStr) -> &[u8] {\n   |                                   ^^^^^\n\nerror: requires `sized` lang_item\n\nerror: requires `sized` lang_item\n  --> /home/runner/.cargo/registry/src/index.crates.io-6f17d22bba15001f/os_str_bytes-6.6.1/src/pattern.rs:16:5\n   |\n16 |     fn __get(&self) -> &[u8] {\n   |     ^^^^^^^^^^^^^^^^^^^^^^^^\n\nerror: requires `sized` lang_item\n  --> /home/runner/.cargo/registry/src/index.crates.io-6f17d22bba15001f/os_str_bytes-6.6.1/src/pattern.rs:22:5\n   |\n22 |     fn __get(&self) -> &[u8] {\n   |     ^^^^^^^^^^^^^^^^^^^^^^^^\n\nerror: requires `sized` lang_item\n  --> /home/runner/.cargo/registry/src/index.crates.io-6f17d22bba15001f/os_str_bytes-6.6.1/src/raw_str.rs:46:17\n   |\n46 | fn find(string: &[u8], pat: &[u8]) -> Option<usize> {\n   |                 ^^^^^\n\nerror: requires `sized` lang_item\n  --> /home/runner/.cargo/registry/src/index.crates.io-6f17d22bba15001f/os_str_bytes-6.6.1/src/raw_str.rs:52:18\n   |\n52 | fn rfind(string: &[u8], pat: &[u8]) -> Option<usize> {\n   |                  ^^^^^\n\nerror: requires `sized` lang_item\n  --> /home/runner/.cargo/registry/src/index.crates.io-6f17d22bba15001f/os_str_bytes-6.6.1/src/raw_str.rs:73:30\n   |\n73 | unsafe impl TransmuteBox for [u8] {}\n   |                              ^^^^\n\nerror[E0581]: return type references an anonymous lifetime, which is not constrained by the fn input types\n  --> /home/runner/.cargo/registry/src/index.crates.io-6f17d22bba15001f/os_str_bytes-6.6.1/src/raw_str.rs:76:43\n   |\n76 | fn leak_cow(string: Cow<'_, RawOsStr>) -> &'_ RawOsStr {\n   |                                           ^^^^^^^^^^^^\n   |\n   = note: lifetimes appearing in an associated or opaque type are not considered constrained\n   = note: consider introducing a named lifetime parameter\n\nerror: requires `sized` lang_item\n   --> /home/runner/.cargo/registry/src/index.crates.io-6f17d22bba15001f/os_str_bytes-6.6.1/src/raw_str.rs:130:21\n    |\n130 | pub struct RawOsStr([u8]);\n    |                     ^^^^\n\nerror: requires `sized` lang_item\n    --> /home/runner/.cargo/registry/src/index.crates.io-6f17d22bba15001f/os_str_bytes-6.6.1/src/raw_str.rs:2010:24\n     |\n2010 | struct DebugBuffer<'a>(&'a [u8]);\n     |                        ^^^^^^^^\n\nerror[E0433]: failed to resolve: use of undeclared type `Box`\n  --> /home/runner/.cargo/registry/src/index.crates.io-6f17d22bba15001f/os_str_bytes-6.6.1/src/raw_str.rs:64:21\n   |\n64 |         let value = Box::into_raw(self);\n   |                     ^^^ use of undeclared type `Box`\n\nerror[E0433]: failed to resolve: use of undeclared type `Box`\n  --> /home/runner/.cargo/registry/src/index.crates.io-6f17d22bba15001f/os_str_bytes-6.6.1/src/raw_str.rs:67:18\n   |\n67 |         unsafe { Box::from_raw(mem::transmute_copy(&value)) }\n   |                  ^^^ use of undeclared type `Box`\n\nerror[E0433]: failed to resolve: use of undeclared type `String`\n    --> /home/runner/.cargo/registry/src/index.crates.io-6f17d22bba15001f/os_str_bytes-6.6.1/src/raw_str.rs:1201:9\n     |\n1201 |         String::from_utf8_lossy(&self.0)\n     |         ^^^^^^ use of undeclared type `String`\n\nerror[E0433]: failed to resolve: use of undeclared type `String`\n    --> /home/runner/.cargo/registry/src/index.crates.io-6f17d22bba15001f/os_str_bytes-6.6.1/src/raw_str.rs:1859:9\n     |\n1859 |         String::from_utf8(self.0).map_err(|x| Self(x.into_bytes()))\n     |         ^^^^^^ use of undeclared type `String`\n\nSome errors have detailed explanations: E0405, E0412, E0425, E0433, E0463, E0531, E0581.\nFor more information about an error, try `rustc --explain E0405`.\nerror: could not compile `os_str_bytes` (lib) due to 194 previous errors\n"]}}]},{"user":"kern-crates","repo":"rCoreloongArch","pkg":"vbe","count":2,"raw_reports":[{"file":"(virtual) lockbud","count":1,"kinds":{"Cargo":["// pkg_name=vbe, checker=Lockbud\n// toolchain=nightly-2024-01-19, target=loongarch64-unknown-none\n// pkg_dir=/home/runner/check/batch_9/kern-crates/rCoreloongArch/vbe\n// cmd=cargo +nightly-2024-05-21 lockbud -k all -- --target loongarch64-unknown-none\n[2024-10-12T15:52:30Z WARN  lockbud::callbacks] [\n      {\n        \"AtomicityViolation\": {\n          \"bug_kind\": \"AtomicityViolation\",\n          \"possibility\": \"Possibly\",\n          \"diagnosis\": {\n            \"fn_name\": \"set_logger_racy\",\n            \"atomic_reader\": \"/home/runner/.cargo/registry/src/index.crates.io-6f17d22bba15001f/log-0.4.22/src/lib.rs:1447:11: 1447:40 (#0)\",\n            \"atomic_writer\": \"/home/runner/.cargo/registry/src/index.crates.io-6f17d22bba15001f/log-0.4.22/src/lib.rs:1450:13: 1450:56 (#0)\",\n            \"dep_kind\": \"Control\"\n          },\n          \"explanation\": \"atomic::store is data/control dependent on atomic::load\"\n        }\n      }\n    ]\n[2024-10-12T15:52:30Z WARN  lockbud::callbacks] crate log contains bugs: { probably: 0, possibly: 0 }, conflictlock: { probably: 0, possibly: 0 }, condvar_deadlock: { probably: 0, possibly: 0 }, atomicity_violation: { possibly: 1 }, invalid_free: { possibly: 0 }, use_after_free: { possibly: 0 }\n   Compiling lazy_static v1.5.0\nerror[E0463]: can't find crate for `std`\n --> /home/runner/.cargo/registry/src/index.crates.io-6f17d22bba15001f/lazy_static-1.5.0/src/inline_lazy.rs:9:1\n  |\n9 | extern crate std;\n  | ^^^^^^^^^^^^^^^^^ can't find crate\n  |\n  = note: the `loongarch64-unknown-none` target may not support the standard library\n  = help: consider building the standard library from source with `cargo build -Zbuild-std`\n\nFor more information about this error, try `rustc --explain E0463`.\nerror: could not compile `lazy_static` (lib) due to 1 previous error\n"]}},{"file":"Not supported to display yet.","count":1,"kinds":{"Lockbud(Possibly)":["[2024-10-12T15:52:30Z WARN  lockbud::callbacks] [\n      {\n        \"AtomicityViolation\": {\n          \"bug_kind\": \"AtomicityViolation\",\n          \"possibility\": \"Possibly\",\n          \"diagnosis\": {\n            \"fn_name\": \"set_logger_racy\",\n            \"atomic_reader\": \"/home/runner/.cargo/registry/src/index.crates.io-6f17d22bba15001f/log-0.4.22/src/lib.rs:1447:11: 1447:40 (#0)\",\n            \"atomic_writer\": \"/home/runner/.cargo/registry/src/index.crates.io-6f17d22bba15001f/log-0.4.22/src/lib.rs:1450:13: 1450:56 (#0)\",\n            \"dep_kind\": \"Control\"\n          },\n          \"explanation\": \"atomic::store is data/control dependent on atomic::load\"\n        }\n      }\n    ]\n[2024-10-12T15:52:30Z WARN  lockbud::callbacks] crate log contains bugs: { probably: 0, possibly: 0 }, conflictlock: { probably: 0, possibly: 0 }, condvar_deadlock: { probably: 0, possibly: 0 }, atomicity_violation: { possibly: 1 }, invalid_free: { possibly: 0 }, use_after_free: { possibly: 0 }"]}}]},{"user":"kern-crates","repo":"rCoreloongArch","pkg":"isomorphic_drivers","count":1,"raw_reports":[{"file":"Not supported to display yet.","count":1,"kinds":{"Lockbud(Possibly)":["[2024-10-12T15:52:30Z WARN  lockbud::callbacks] [\n      {\n        \"AtomicityViolation\": {\n          \"bug_kind\": \"AtomicityViolation\",\n          \"possibility\": \"Possibly\",\n          \"diagnosis\": {\n            \"fn_name\": \"set_logger_racy\",\n            \"atomic_reader\": \"/home/runner/.cargo/registry/src/index.crates.io-6f17d22bba15001f/log-0.4.22/src/lib.rs:1447:11: 1447:40 (#0)\",\n            \"atomic_writer\": \"/home/runner/.cargo/registry/src/index.crates.io-6f17d22bba15001f/log-0.4.22/src/lib.rs:1450:13: 1450:56 (#0)\",\n            \"dep_kind\": \"Control\"\n          },\n          \"explanation\": \"atomic::store is data/control dependent on atomic::load\"\n        }\n      }\n    ]\n[2024-10-12T15:52:30Z WARN  lockbud::callbacks] crate log contains bugs: { probably: 0, possibly: 0 }, conflictlock: { probably: 0, possibly: 0 }, condvar_deadlock: { probably: 0, possibly: 0 }, atomicity_violation: { possibly: 1 }, invalid_free: { possibly: 0 }, use_after_free: { possibly: 0 }"]}}]},{"user":"kern-crates","repo":"rCoreloongArch","pkg":"stack_trace","count":1,"raw_reports":[{"file":"Not supported to display yet.","count":1,"kinds":{"Lockbud(Possibly)":["[2024-10-12T15:52:30Z WARN  lockbud::callbacks] [\n      {\n        \"AtomicityViolation\": {\n          \"bug_kind\": \"AtomicityViolation\",\n          \"possibility\": \"Possibly\",\n          \"diagnosis\": {\n            \"fn_name\": \"set_logger_racy\",\n            \"atomic_reader\": \"/home/runner/.cargo/registry/src/index.crates.io-6f17d22bba15001f/log-0.4.22/src/lib.rs:1447:11: 1447:40 (#0)\",\n            \"atomic_writer\": \"/home/runner/.cargo/registry/src/index.crates.io-6f17d22bba15001f/log-0.4.22/src/lib.rs:1450:13: 1450:56 (#0)\",\n            \"dep_kind\": \"Control\"\n          },\n          \"explanation\": \"atomic::store is data/control dependent on atomic::load\"\n        }\n      }\n    ]\n[2024-10-12T15:52:30Z WARN  lockbud::callbacks] crate log contains bugs: { probably: 0, possibly: 0 }, conflictlock: { probably: 0, possibly: 0 }, condvar_deadlock: { probably: 0, possibly: 0 }, atomicity_violation: { possibly: 1 }, invalid_free: { possibly: 0 }, use_after_free: { possibly: 0 }"]}}]},{"user":"kern-crates","repo":"rCoreloongArch","pkg":"user_lib","count":1,"raw_reports":[{"file":"(virtual) lockbud","count":1,"kinds":{"Cargo":["// pkg_name=user_lib, checker=Lockbud\n// toolchain=nightly-2024-01-19, target=loongarch64-unknown-none\n// pkg_dir=/home/runner/check/batch_9/kern-crates/rCoreloongArch/user\n// cmd=cargo +nightly-2024-05-21 lockbud -k all -- --target loongarch64-unknown-none\n   Compiling user_lib v0.1.0 (/home/runner/check/batch_9/kern-crates/rCoreloongArch/user)\nerror: linking with `rust-lld` failed: exit status: 1\n  |\n  = note: LC_ALL=\"C\" PATH=\"/home/runner/.rustup/toolchains/nightly-2024-05-21-x86_64-unknown-linux-gnu/lib/rustlib/x86_64-unknown-linux-gnu/bin:/snap/bin:/home/runner/.local/bin:/opt/pipx_bin:/home/runner/.cargo/bin:/home/runner/.config/composer/vendor/bin:/usr/local/.ghcup/bin:/home/runner/.dotnet/tools:/usr/local/sbin:/usr/local/bin:/usr/sbin:/usr/bin:/sbin:/bin:/usr/games:/usr/local/games:/snap/bin\" VSLANG=\"1033\" \"rust-lld\" \"-flavor\" \"gnu\" \"/tmp/rustcxoXwsi/symbols.o\" \"/home/runner/check/batch_9/kern-crates/rCoreloongArch/target/loongarch64-unknown-none/debug/deps/ls-3a00220656f6edf4.ls.5c7c86cc473e5a6e-cgu.0.rcgu.o\" \"/home/runner/check/batch_9/kern-crates/rCoreloongArch/target/loongarch64-unknown-none/debug/deps/ls-3a00220656f6edf4.c8ya2d2tqgbsa4i7p0d021ves.rcgu.o\" \"--as-needed\" \"-L\" \"/home/runner/check/batch_9/kern-crates/rCoreloongArch/target/loongarch64-unknown-none/debug/deps\" \"-L\" \"/home/runner/check/batch_9/kern-crates/rCoreloongArch/target/debug/deps\" \"-L\" \"/home/runner/.rustup/toolchains/nightly-2024-05-21-x86_64-unknown-linux-gnu/lib/rustlib/loongarch64-unknown-none/lib\" \"-Bstatic\" \"/home/runner/check/batch_9/kern-crates/rCoreloongArch/target/loongarch64-unknown-none/debug/deps/libuser_lib-e6fbd949fef83b88.rlib\" \"/home/runner/check/batch_9/kern-crates/rCoreloongArch/target/loongarch64-unknown-none/debug/deps/libbuddy_system_allocator-597c605a4788d3ec.rlib\" \"/home/runner/check/batch_9/kern-crates/rCoreloongArch/target/loongarch64-unknown-none/debug/deps/libspin-5e5897edd95f8cd9.rlib\" \"/home/runner/check/batch_9/kern-crates/rCoreloongArch/target/loongarch64-unknown-none/debug/deps/libbitflags-7d4c229935312c2e.rlib\" \"/home/runner/.rustup/toolchains/nightly-2024-05-21-x86_64-unknown-linux-gnu/lib/rustlib/loongarch64-unknown-none/lib/liballoc-cf622d6ac0c1207e.rlib\" \"/home/runner/.rustup/toolchains/nightly-2024-05-21-x86_64-unknown-linux-gnu/lib/rustlib/loongarch64-unknown-none/lib/librustc_std_workspace_core-3b1e26e39e9a51e8.rlib\" \"/home/runner/.rustup/toolchains/nightly-2024-05-21-x86_64-unknown-linux-gnu/lib/rustlib/loongarch64-unknown-none/lib/libcore-d6c82fdbb3df4fe1.rlib\" \"/home/runner/.rustup/toolchains/nightly-2024-05-21-x86_64-unknown-linux-gnu/lib/rustlib/loongarch64-unknown-none/lib/libcompiler_builtins-1c0eeb3885babbe8.rlib\" \"-Bdynamic\" \"--eh-frame-hdr\" \"-z\" \"noexecstack\" \"-L\" \"/home/runner/.rustup/toolchains/nightly-2024-05-21-x86_64-unknown-linux-gnu/lib/rustlib/loongarch64-unknown-none/lib\" \"-o\" \"/home/runner/check/batch_9/kern-crates/rCoreloongArch/target/loongarch64-unknown-none/debug/deps/ls-3a00220656f6edf4\" \"--gc-sections\" \"-T/home/runner/check/batch_9/kern-crates/rCoreloongArch/target/loongarch64-unknown-none/debug/build/user_lib-91d6933d7bc487b9/out/link.lds\"\n  = note: rust-lld: error: /home/runner/.rustup/toolchains/nightly-2024-05-21-x86_64-unknown-linux-gnu/lib/rustlib/loongarch64-unknown-none/lib/libcompiler_builtins-1c0eeb3885babbe8.rlib(45c91108d938afe8-absvdi2.o) is incompatible with /tmp/rustcxoXwsi/symbols.o\n          rust-lld: error: /home/runner/.rustup/toolchains/nightly-2024-05-21-x86_64-unknown-linux-gnu/lib/rustlib/loongarch64-unknown-none/lib/libcompiler_builtins-1c0eeb3885babbe8.rlib(45c91108d938afe8-absvsi2.o) is incompatible with /tmp/rustcxoXwsi/symbols.o\n          rust-lld: error: /home/runner/.rustup/toolchains/nightly-2024-05-21-x86_64-unknown-linux-gnu/lib/rustlib/loongarch64-unknown-none/lib/libcompiler_builtins-1c0eeb3885babbe8.rlib(45c91108d938afe8-absvti2.o) is incompatible with /tmp/rustcxoXwsi/symbols.o\n          rust-lld: error: /home/runner/.rustup/toolchains/nightly-2024-05-21-x86_64-unknown-linux-gnu/lib/rustlib/loongarch64-unknown-none/lib/libcompiler_builtins-1c0eeb3885babbe8.rlib(45c91108d938afe8-addtf3.o) is incompatible with /tmp/rustcxoXwsi/symbols.o\n          rust-lld: error: /home/runner/.rustup/toolchains/nightly-2024-05-21-x86_64-unknown-linux-gnu/lib/rustlib/loongarch64-unknown-none/lib/libcompiler_builtins-1c0eeb3885babbe8.rlib(45c91108d938afe8-addvdi3.o) is incompatible with /tmp/rustcxoXwsi/symbols.o\n          rust-lld: error: /home/runner/.rustup/toolchains/nightly-2024-05-21-x86_64-unknown-linux-gnu/lib/rustlib/loongarch64-unknown-none/lib/libcompiler_builtins-1c0eeb3885babbe8.rlib(45c91108d938afe8-addvsi3.o) is incompatible with /tmp/rustcxoXwsi/symbols.o\n          rust-lld: error: /home/runner/.rustup/toolchains/nightly-2024-05-21-x86_64-unknown-linux-gnu/lib/rustlib/loongarch64-unknown-none/lib/libcompiler_builtins-1c0eeb3885babbe8.rlib(45c91108d938afe8-addvti3.o) is incompatible with /tmp/rustcxoXwsi/symbols.o\n          rust-lld: error: /home/runner/.rustup/toolchains/nightly-2024-05-21-x86_64-unknown-linux-gnu/lib/rustlib/loongarch64-unknown-none/lib/libcompiler_builtins-1c0eeb3885babbe8.rlib(45c91108d938afe8-clzdi2.o) is incompatible with /tmp/rustcxoXwsi/symbols.o\n          rust-lld: error: /home/runner/.rustup/toolchains/nightly-2024-05-21-x86_64-unknown-linux-gnu/lib/rustlib/loongarch64-unknown-none/lib/libcompiler_builtins-1c0eeb3885babbe8.rlib(45c91108d938afe8-clzsi2.o) is incompatible with /tmp/rustcxoXwsi/symbols.o\n          rust-lld: error: /home/runner/.rustup/toolchains/nightly-2024-05-21-x86_64-unknown-linux-gnu/lib/rustlib/loongarch64-unknown-none/lib/libcompiler_builtins-1c0eeb3885babbe8.rlib(45c91108d938afe8-clzti2.o) is incompatible with /tmp/rustcxoXwsi/symbols.o\n          rust-lld: error: /home/runner/.rustup/toolchains/nightly-2024-05-21-x86_64-unknown-linux-gnu/lib/rustlib/loongarch64-unknown-none/lib/libcompiler_builtins-1c0eeb3885babbe8.rlib(45c91108d938afe8-cmpdi2.o) is incompatible with /tmp/rustcxoXwsi/symbols.o\n          rust-lld: error: /home/runner/.rustup/toolchains/nightly-2024-05-21-x86_64-unknown-linux-gnu/lib/rustlib/loongarch64-unknown-none/lib/libcompiler_builtins-1c0eeb3885babbe8.rlib(45c91108d938afe8-cmpti2.o) is incompatible with /tmp/rustcxoXwsi/symbols.o\n          rust-lld: error: /home/runner/.rustup/toolchains/nightly-2024-05-21-x86_64-unknown-linux-gnu/lib/rustlib/loongarch64-unknown-none/lib/libcompiler_builtins-1c0eeb3885babbe8.rlib(45c91108d938afe8-ctzdi2.o) is incompatible with /tmp/rustcxoXwsi/symbols.o\n          rust-lld: error: /home/runner/.rustup/toolchains/nightly-2024-05-21-x86_64-unknown-linux-gnu/lib/rustlib/loongarch64-unknown-none/lib/libcompiler_builtins-1c0eeb3885babbe8.rlib(45c91108d938afe8-ctzsi2.o) is incompatible with /tmp/rustcxoXwsi/symbols.o\n          rust-lld: error: /home/runner/.rustup/toolchains/nightly-2024-05-21-x86_64-unknown-linux-gnu/lib/rustlib/loongarch64-unknown-none/lib/libcompiler_builtins-1c0eeb3885babbe8.rlib(45c91108d938afe8-ctzti2.o) is incompatible with /tmp/rustcxoXwsi/symbols.o\n          rust-lld: error: /home/runner/.rustup/toolchains/nightly-2024-05-21-x86_64-unknown-linux-gnu/lib/rustlib/loongarch64-unknown-none/lib/libcompiler_builtins-1c0eeb3885babbe8.rlib(45c91108d938afe8-divdc3.o) is incompatible with /tmp/rustcxoXwsi/symbols.o\n          rust-lld: error: /home/runner/.rustup/toolchains/nightly-2024-05-21-x86_64-unknown-linux-gnu/lib/rustlib/loongarch64-unknown-none/lib/libcompiler_builtins-1c0eeb3885babbe8.rlib(45c91108d938afe8-divsc3.o) is incompatible with /tmp/rustcxoXwsi/symbols.o\n          rust-lld: error: /home/runner/.rustup/toolchains/nightly-2024-05-21-x86_64-unknown-linux-gnu/lib/rustlib/loongarch64-unknown-none/lib/libcompiler_builtins-1c0eeb3885babbe8.rlib(45c91108d938afe8-divtf3.o) is incompatible with /tmp/rustcxoXwsi/symbols.o\n          rust-lld: error: /home/runner/.rustup/toolchains/nightly-2024-05-21-x86_64-unknown-linux-gnu/lib/rustlib/loongarch64-unknown-none/lib/libcompiler_builtins-1c0eeb3885babbe8.rlib(45c91108d938afe8-extenddftf2.o) is incompatible with /tmp/rustcxoXwsi/symbols.o\n          rust-lld: error: /home/runner/.rustup/toolchains/nightly-2024-05-21-x86_64-unknown-linux-gnu/lib/rustlib/loongarch64-unknown-none/lib/libcompiler_builtins-1c0eeb3885babbe8.rlib(45c91108d938afe8-extendhfsf2.o) is incompatible with /tmp/rustcxoXwsi/symbols.o\n          rust-lld: error: too many errors emitted, stopping now (use --error-limit=0 to see all errors)\n          \n\nerror: could not compile `user_lib` (bin \"ls\") due to 1 previous error\nwarning: build failed, waiting for other jobs to finish...\nerror: linking with `rust-lld` failed: exit status: 1\n  |\n  = note: LC_ALL=\"C\" PATH=\"/home/runner/.rustup/toolchains/nightly-2024-05-21-x86_64-unknown-linux-gnu/lib/rustlib/x86_64-unknown-linux-gnu/bin:/snap/bin:/home/runner/.local/bin:/opt/pipx_bin:/home/runner/.cargo/bin:/home/runner/.config/composer/vendor/bin:/usr/local/.ghcup/bin:/home/runner/.dotnet/tools:/usr/local/sbin:/usr/local/bin:/usr/sbin:/usr/bin:/sbin:/bin:/usr/games:/usr/local/games:/snap/bin\" VSLANG=\"1033\" \"rust-lld\" \"-flavor\" \"gnu\" \"/tmp/rustcj6WO9j/symbols.o\" \"/home/runner/check/batch_9/kern-crates/rCoreloongArch/target/loongarch64-unknown-none/debug/deps/huge_write-6cb84c2a96767ee3.huge_write.377d06bfc2bfd0e9-cgu.0.rcgu.o\" \"/home/runner/check/batch_9/kern-crates/rCoreloongArch/target/loongarch64-unknown-none/debug/deps/huge_write-6cb84c2a96767ee3.2tpyawot6yqx7lp9c1dyb4dkf.rcgu.o\" \"--as-needed\" \"-L\" \"/home/runner/check/batch_9/kern-crates/rCoreloongArch/target/loongarch64-unknown-none/debug/deps\" \"-L\" \"/home/runner/check/batch_9/kern-crates/rCoreloongArch/target/debug/deps\" \"-L\" \"/home/runner/.rustup/toolchains/nightly-2024-05-21-x86_64-unknown-linux-gnu/lib/rustlib/loongarch64-unknown-none/lib\" \"-Bstatic\" \"/home/runner/check/batch_9/kern-crates/rCoreloongArch/target/loongarch64-unknown-none/debug/deps/libuser_lib-e6fbd949fef83b88.rlib\" \"/home/runner/check/batch_9/kern-crates/rCoreloongArch/target/loongarch64-unknown-none/debug/deps/libbuddy_system_allocator-597c605a4788d3ec.rlib\" \"/home/runner/check/batch_9/kern-crates/rCoreloongArch/target/loongarch64-unknown-none/debug/deps/libspin-5e5897edd95f8cd9.rlib\" \"/home/runner/check/batch_9/kern-crates/rCoreloongArch/target/loongarch64-unknown-none/debug/deps/libbitflags-7d4c229935312c2e.rlib\" \"/home/runner/.rustup/toolchains/nightly-2024-05-21-x86_64-unknown-linux-gnu/lib/rustlib/loongarch64-unknown-none/lib/liballoc-cf622d6ac0c1207e.rlib\" \"/home/runner/.rustup/toolchains/nightly-2024-05-21-x86_64-unknown-linux-gnu/lib/rustlib/loongarch64-unknown-none/lib/librustc_std_workspace_core-3b1e26e39e9a51e8.rlib\" \"/home/runner/.rustup/toolchains/nightly-2024-05-21-x86_64-unknown-linux-gnu/lib/rustlib/loongarch64-unknown-none/lib/libcore-d6c82fdbb3df4fe1.rlib\" \"/home/runner/.rustup/toolchains/nightly-2024-05-21-x86_64-unknown-linux-gnu/lib/rustlib/loongarch64-unknown-none/lib/libcompiler_builtins-1c0eeb3885babbe8.rlib\" \"-Bdynamic\" \"--eh-frame-hdr\" \"-z\" \"noexecstack\" \"-L\" \"/home/runner/.rustup/toolchains/nightly-2024-05-21-x86_64-unknown-linux-gnu/lib/rustlib/loongarch64-unknown-none/lib\" \"-o\" \"/home/runner/check/batch_9/kern-crates/rCoreloongArch/target/loongarch64-unknown-none/debug/deps/huge_write-6cb84c2a96767ee3\" \"--gc-sections\" \"-T/home/runner/check/batch_9/kern-crates/rCoreloongArch/target/loongarch64-unknown-none/debug/build/user_lib-91d6933d7bc487b9/out/link.lds\"\n  = note: rust-lld: error: /home/runner/.rustup/toolchains/nightly-2024-05-21-x86_64-unknown-linux-gnu/lib/rustlib/loongarch64-unknown-none/lib/libcompiler_builtins-1c0eeb3885babbe8.rlib(45c91108d938afe8-absvdi2.o) is incompatible with /tmp/rustcj6WO9j/symbols.o\n          rust-lld: error: /home/runner/.rustup/toolchains/nightly-2024-05-21-x86_64-unknown-linux-gnu/lib/rustlib/loongarch64-unknown-none/lib/libcompiler_builtins-1c0eeb3885babbe8.rlib(45c91108d938afe8-absvsi2.o) is incompatible with /tmp/rustcj6WO9j/symbols.o\n          rust-lld: error: /home/runner/.rustup/toolchains/nightly-2024-05-21-x86_64-unknown-linux-gnu/lib/rustlib/loongarch64-unknown-none/lib/libcompiler_builtins-1c0eeb3885babbe8.rlib(45c91108d938afe8-absvti2.o) is incompatible with /tmp/rustcj6WO9j/symbols.o\n          rust-lld: error: /home/runner/.rustup/toolchains/nightly-2024-05-21-x86_64-unknown-linux-gnu/lib/rustlib/loongarch64-unknown-none/lib/libcompiler_builtins-1c0eeb3885babbe8.rlib(45c91108d938afe8-addtf3.o) is incompatible with /tmp/rustcj6WO9j/symbols.o\n          rust-lld: error: /home/runner/.rustup/toolchains/nightly-2024-05-21-x86_64-unknown-linux-gnu/lib/rustlib/loongarch64-unknown-none/lib/libcompiler_builtins-1c0eeb3885babbe8.rlib(45c91108d938afe8-addvdi3.o) is incompatible with /tmp/rustcj6WO9j/symbols.o\n          rust-lld: error: /home/runner/.rustup/toolchains/nightly-2024-05-21-x86_64-unknown-linux-gnu/lib/rustlib/loongarch64-unknown-none/lib/libcompiler_builtins-1c0eeb3885babbe8.rlib(45c91108d938afe8-addvsi3.o) is incompatible with /tmp/rustcj6WO9j/symbols.o\n          rust-lld: error: /home/runner/.rustup/toolchains/nightly-2024-05-21-x86_64-unknown-linux-gnu/lib/rustlib/loongarch64-unknown-none/lib/libcompiler_builtins-1c0eeb3885babbe8.rlib(45c91108d938afe8-addvti3.o) is incompatible with /tmp/rustcj6WO9j/symbols.o\n          rust-lld: error: /home/runner/.rustup/toolchains/nightly-2024-05-21-x86_64-unknown-linux-gnu/lib/rustlib/loongarch64-unknown-none/lib/libcompiler_builtins-1c0eeb3885babbe8.rlib(45c91108d938afe8-clzdi2.o) is incompatible with /tmp/rustcj6WO9j/symbols.o\n          rust-lld: error: /home/runner/.rustup/toolchains/nightly-2024-05-21-x86_64-unknown-linux-gnu/lib/rustlib/loongarch64-unknown-none/lib/libcompiler_builtins-1c0eeb3885babbe8.rlib(45c91108d938afe8-clzsi2.o) is incompatible with /tmp/rustcj6WO9j/symbols.o\n          rust-lld: error: /home/runner/.rustup/toolchains/nightly-2024-05-21-x86_64-unknown-linux-gnu/lib/rustlib/loongarch64-unknown-none/lib/libcompiler_builtins-1c0eeb3885babbe8.rlib(45c91108d938afe8-clzti2.o) is incompatible with /tmp/rustcj6WO9j/symbols.o\n          rust-lld: error: /home/runner/.rustup/toolchains/nightly-2024-05-21-x86_64-unknown-linux-gnu/lib/rustlib/loongarch64-unknown-none/lib/libcompiler_builtins-1c0eeb3885babbe8.rlib(45c91108d938afe8-cmpdi2.o) is incompatible with /tmp/rustcj6WO9j/symbols.o\n          rust-lld: error: /home/runner/.rustup/toolchains/nightly-2024-05-21-x86_64-unknown-linux-gnu/lib/rustlib/loongarch64-unknown-none/lib/libcompiler_builtins-1c0eeb3885babbe8.rlib(45c91108d938afe8-cmpti2.o) is incompatible with /tmp/rustcj6WO9j/symbols.o\n          rust-lld: error: /home/runner/.rustup/toolchains/nightly-2024-05-21-x86_64-unknown-linux-gnu/lib/rustlib/loongarch64-unknown-none/lib/libcompiler_builtins-1c0eeb3885babbe8.rlib(45c91108d938afe8-ctzdi2.o) is incompatible with /tmp/rustcj6WO9j/symbols.o\n          rust-lld: error: /home/runner/.rustup/toolchains/nightly-2024-05-21-x86_64-unknown-linux-gnu/lib/rustlib/loongarch64-unknown-none/lib/libcompiler_builtins-1c0eeb3885babbe8.rlib(45c91108d938afe8-ctzsi2.o) is incompatible with /tmp/rustcj6WO9j/symbols.o\n          rust-lld: error: /home/runner/.rustup/toolchains/nightly-2024-05-21-x86_64-unknown-linux-gnu/lib/rustlib/loongarch64-unknown-none/lib/libcompiler_builtins-1c0eeb3885babbe8.rlib(45c91108d938afe8-ctzti2.o) is incompatible with /tmp/rustcj6WO9j/symbols.o\n          rust-lld: error: /home/runner/.rustup/toolchains/nightly-2024-05-21-x86_64-unknown-linux-gnu/lib/rustlib/loongarch64-unknown-none/lib/libcompiler_builtins-1c0eeb3885babbe8.rlib(45c91108d938afe8-divdc3.o) is incompatible with /tmp/rustcj6WO9j/symbols.o\n          rust-lld: error: /home/runner/.rustup/toolchains/nightly-2024-05-21-x86_64-unknown-linux-gnu/lib/rustlib/loongarch64-unknown-none/lib/libcompiler_builtins-1c0eeb3885babbe8.rlib(45c91108d938afe8-divsc3.o) is incompatible with /tmp/rustcj6WO9j/symbols.o\n          rust-lld: error: /home/runner/.rustup/toolchains/nightly-2024-05-21-x86_64-unknown-linux-gnu/lib/rustlib/loongarch64-unknown-none/lib/libcompiler_builtins-1c0eeb3885babbe8.rlib(45c91108d938afe8-divtf3.o) is incompatible with /tmp/rustcj6WO9j/symbols.o\n          rust-lld: error: /home/runner/.rustup/toolchains/nightly-2024-05-21-x86_64-unknown-linux-gnu/lib/rustlib/loongarch64-unknown-none/lib/libcompiler_builtins-1c0eeb3885babbe8.rlib(45c91108d938afe8-extenddftf2.o) is incompatible with /tmp/rustcj6WO9j/symbols.o\n          rust-lld: error: /home/runner/.rustup/toolchains/nightly-2024-05-21-x86_64-unknown-linux-gnu/lib/rustlib/loongarch64-unknown-none/lib/libcompiler_builtins-1c0eeb3885babbe8.rlib(45c91108d938afe8-extendhfsf2.o) is incompatible with /tmp/rustcj6WO9j/symbols.o\n          rust-lld: error: too many errors emitted, stopping now (use --error-limit=0 to see all errors)\n          \n\nerror: could not compile `user_lib` (bin \"huge_write\") due to 1 previous error\nerror: linking with `rust-lld` failed: exit status: 1\n  |\n  = note: LC_ALL=\"C\" PATH=\"/home/runner/.rustup/toolchains/nightly-2024-05-21-x86_64-unknown-linux-gnu/lib/rustlib/x86_64-unknown-linux-gnu/bin:/snap/bin:/home/runner/.local/bin:/opt/pipx_bin:/home/runner/.cargo/bin:/home/runner/.config/composer/vendor/bin:/usr/local/.ghcup/bin:/home/runner/.dotnet/tools:/usr/local/sbin:/usr/local/bin:/usr/sbin:/usr/bin:/sbin:/bin:/usr/games:/usr/local/games:/snap/bin\" VSLANG=\"1033\" \"rust-lld\" \"-flavor\" \"gnu\" \"/tmp/rustcQpdAIS/symbols.o\" \"/home/runner/check/batch_9/kern-crates/rCoreloongArch/target/loongarch64-unknown-none/debug/deps/race_adder-6766b1679509fef9.race_adder.b9bd03041a37ea82-cgu.0.rcgu.o\" \"/home/runner/check/batch_9/kern-crates/rCoreloongArch/target/loongarch64-unknown-none/debug/deps/race_adder-6766b1679509fef9.5x8jlez95woq2pf6r33aou1cu.rcgu.o\" \"--as-needed\" \"-L\" \"/home/runner/check/batch_9/kern-crates/rCoreloongArch/target/loongarch64-unknown-none/debug/deps\" \"-L\" \"/home/runner/check/batch_9/kern-crates/rCoreloongArch/target/debug/deps\" \"-L\" \"/home/runner/.rustup/toolchains/nightly-2024-05-21-x86_64-unknown-linux-gnu/lib/rustlib/loongarch64-unknown-none/lib\" \"-Bstatic\" \"/home/runner/check/batch_9/kern-crates/rCoreloongArch/target/loongarch64-unknown-none/debug/deps/libuser_lib-e6fbd949fef83b88.rlib\" \"/home/runner/check/batch_9/kern-crates/rCoreloongArch/target/loongarch64-unknown-none/debug/deps/libbuddy_system_allocator-597c605a4788d3ec.rlib\" \"/home/runner/check/batch_9/kern-crates/rCoreloongArch/target/loongarch64-unknown-none/debug/deps/libspin-5e5897edd95f8cd9.rlib\" \"/home/runner/check/batch_9/kern-crates/rCoreloongArch/target/loongarch64-unknown-none/debug/deps/libbitflags-7d4c229935312c2e.rlib\" \"/home/runner/.rustup/toolchains/nightly-2024-05-21-x86_64-unknown-linux-gnu/lib/rustlib/loongarch64-unknown-none/lib/liballoc-cf622d6ac0c1207e.rlib\" \"/home/runner/.rustup/toolchains/nightly-2024-05-21-x86_64-unknown-linux-gnu/lib/rustlib/loongarch64-unknown-none/lib/librustc_std_workspace_core-3b1e26e39e9a51e8.rlib\" \"/home/runner/.rustup/toolchains/nightly-2024-05-21-x86_64-unknown-linux-gnu/lib/rustlib/loongarch64-unknown-none/lib/libcore-d6c82fdbb3df4fe1.rlib\" \"/home/runner/.rustup/toolchains/nightly-2024-05-21-x86_64-unknown-linux-gnu/lib/rustlib/loongarch64-unknown-none/lib/libcompiler_builtins-1c0eeb3885babbe8.rlib\" \"-Bdynamic\" \"--eh-frame-hdr\" \"-z\" \"noexecstack\" \"-L\" \"/home/runner/.rustup/toolchains/nightly-2024-05-21-x86_64-unknown-linux-gnu/lib/rustlib/loongarch64-unknown-none/lib\" \"-o\" \"/home/runner/check/batch_9/kern-crates/rCoreloongArch/target/loongarch64-unknown-none/debug/deps/race_adder-6766b1679509fef9\" \"--gc-sections\" \"-T/home/runner/check/batch_9/kern-crates/rCoreloongArch/target/loongarch64-unknown-none/debug/build/user_lib-91d6933d7bc487b9/out/link.lds\"\n  = note: rust-lld: error: /home/runner/.rustup/toolchains/nightly-2024-05-21-x86_64-unknown-linux-gnu/lib/rustlib/loongarch64-unknown-none/lib/libcompiler_builtins-1c0eeb3885babbe8.rlib(45c91108d938afe8-absvdi2.o) is incompatible with /tmp/rustcQpdAIS/symbols.o\n          rust-lld: error: /home/runner/.rustup/toolchains/nightly-2024-05-21-x86_64-unknown-linux-gnu/lib/rustlib/loongarch64-unknown-none/lib/libcompiler_builtins-1c0eeb3885babbe8.rlib(45c91108d938afe8-absvsi2.o) is incompatible with /tmp/rustcQpdAIS/symbols.o\n          rust-lld: error: /home/runner/.rustup/toolchains/nightly-2024-05-21-x86_64-unknown-linux-gnu/lib/rustlib/loongarch64-unknown-none/lib/libcompiler_builtins-1c0eeb3885babbe8.rlib(45c91108d938afe8-absvti2.o) is incompatible with /tmp/rustcQpdAIS/symbols.o\n          rust-lld: error: /home/runner/.rustup/toolchains/nightly-2024-05-21-x86_64-unknown-linux-gnu/lib/rustlib/loongarch64-unknown-none/lib/libcompiler_builtins-1c0eeb3885babbe8.rlib(45c91108d938afe8-addtf3.o) is incompatible with /tmp/rustcQpdAIS/symbols.o\n          rust-lld: error: /home/runner/.rustup/toolchains/nightly-2024-05-21-x86_64-unknown-linux-gnu/lib/rustlib/loongarch64-unknown-none/lib/libcompiler_builtins-1c0eeb3885babbe8.rlib(45c91108d938afe8-addvdi3.o) is incompatible with /tmp/rustcQpdAIS/symbols.o\n          rust-lld: error: /home/runner/.rustup/toolchains/nightly-2024-05-21-x86_64-unknown-linux-gnu/lib/rustlib/loongarch64-unknown-none/lib/libcompiler_builtins-1c0eeb3885babbe8.rlib(45c91108d938afe8-addvsi3.o) is incompatible with /tmp/rustcQpdAIS/symbols.o\n          rust-lld: error: /home/runner/.rustup/toolchains/nightly-2024-05-21-x86_64-unknown-linux-gnu/lib/rustlib/loongarch64-unknown-none/lib/libcompiler_builtins-1c0eeb3885babbe8.rlib(45c91108d938afe8-addvti3.o) is incompatible with /tmp/rustcQpdAIS/symbols.o\n          rust-lld: error: /home/runner/.rustup/toolchains/nightly-2024-05-21-x86_64-unknown-linux-gnu/lib/rustlib/loongarch64-unknown-none/lib/libcompiler_builtins-1c0eeb3885babbe8.rlib(45c91108d938afe8-clzdi2.o) is incompatible with /tmp/rustcQpdAIS/symbols.o\n          rust-lld: error: /home/runner/.rustup/toolchains/nightly-2024-05-21-x86_64-unknown-linux-gnu/lib/rustlib/loongarch64-unknown-none/lib/libcompiler_builtins-1c0eeb3885babbe8.rlib(45c91108d938afe8-clzsi2.o) is incompatible with /tmp/rustcQpdAIS/symbols.o\n          rust-lld: error: /home/runner/.rustup/toolchains/nightly-2024-05-21-x86_64-unknown-linux-gnu/lib/rustlib/loongarch64-unknown-none/lib/libcompiler_builtins-1c0eeb3885babbe8.rlib(45c91108d938afe8-clzti2.o) is incompatible with /tmp/rustcQpdAIS/symbols.o\n          rust-lld: error: /home/runner/.rustup/toolchains/nightly-2024-05-21-x86_64-unknown-linux-gnu/lib/rustlib/loongarch64-unknown-none/lib/libcompiler_builtins-1c0eeb3885babbe8.rlib(45c91108d938afe8-cmpdi2.o) is incompatible with /tmp/rustcQpdAIS/symbols.o\n          rust-lld: error: /home/runner/.rustup/toolchains/nightly-2024-05-21-x86_64-unknown-linux-gnu/lib/rustlib/loongarch64-unknown-none/lib/libcompiler_builtins-1c0eeb3885babbe8.rlib(45c91108d938afe8-cmpti2.o) is incompatible with /tmp/rustcQpdAIS/symbols.o\n          rust-lld: error: /home/runner/.rustup/toolchains/nightly-2024-05-21-x86_64-unknown-linux-gnu/lib/rustlib/loongarch64-unknown-none/lib/libcompiler_builtins-1c0eeb3885babbe8.rlib(45c91108d938afe8-ctzdi2.o) is incompatible with /tmp/rustcQpdAIS/symbols.o\n          rust-lld: error: /home/runner/.rustup/toolchains/nightly-2024-05-21-x86_64-unknown-linux-gnu/lib/rustlib/loongarch64-unknown-none/lib/libcompiler_builtins-1c0eeb3885babbe8.rlib(45c91108d938afe8-ctzsi2.o) is incompatible with /tmp/rustcQpdAIS/symbols.o\n          rust-lld: error: /home/runner/.rustup/toolchains/nightly-2024-05-21-x86_64-unknown-linux-gnu/lib/rustlib/loongarch64-unknown-none/lib/libcompiler_builtins-1c0eeb3885babbe8.rlib(45c91108d938afe8-ctzti2.o) is incompatible with /tmp/rustcQpdAIS/symbols.o\n          rust-lld: error: /home/runner/.rustup/toolchains/nightly-2024-05-21-x86_64-unknown-linux-gnu/lib/rustlib/loongarch64-unknown-none/lib/libcompiler_builtins-1c0eeb3885babbe8.rlib(45c91108d938afe8-divdc3.o) is incompatible with /tmp/rustcQpdAIS/symbols.o\n          rust-lld: error: /home/runner/.rustup/toolchains/nightly-2024-05-21-x86_64-unknown-linux-gnu/lib/rustlib/loongarch64-unknown-none/lib/libcompiler_builtins-1c0eeb3885babbe8.rlib(45c91108d938afe8-divsc3.o) is incompatible with /tmp/rustcQpdAIS/symbols.o\n          rust-lld: error: /home/runner/.rustup/toolchains/nightly-2024-05-21-x86_64-unknown-linux-gnu/lib/rustlib/loongarch64-unknown-none/lib/libcompiler_builtins-1c0eeb3885babbe8.rlib(45c91108d938afe8-divtf3.o) is incompatible with /tmp/rustcQpdAIS/symbols.o\n          rust-lld: error: /home/runner/.rustup/toolchains/nightly-2024-05-21-x86_64-unknown-linux-gnu/lib/rustlib/loongarch64-unknown-none/lib/libcompiler_builtins-1c0eeb3885babbe8.rlib(45c91108d938afe8-extenddftf2.o) is incompatible with /tmp/rustcQpdAIS/symbols.o\n          rust-lld: error: /home/runner/.rustup/toolchains/nightly-2024-05-21-x86_64-unknown-linux-gnu/lib/rustlib/loongarch64-unknown-none/lib/libcompiler_builtins-1c0eeb3885babbe8.rlib(45c91108d938afe8-extendhfsf2.o) is incompatible with /tmp/rustcQpdAIS/symbols.o\n          rust-lld: error: too many errors emitted, stopping now (use --error-limit=0 to see all errors)\n          \n\nerror: linking with `rust-lld` failed: exit status: 1\n  |\n  = note: LC_ALL=\"C\" PATH=\"/home/runner/.rustup/toolchains/nightly-2024-05-21-x86_64-unknown-linux-gnu/lib/rustlib/x86_64-unknown-linux-gnu/bin:/snap/bin:/home/runner/.local/bin:/opt/pipx_bin:/home/runner/.cargo/bin:/home/runner/.config/composer/vendor/bin:/usr/local/.ghcup/bin:/home/runner/.dotnet/tools:/usr/local/sbin:/usr/local/bin:/usr/sbin:/usr/bin:/sbin:/bin:/usr/games:/usr/local/games:/snap/bin\" VSLANG=\"1033\" \"rust-lld\" \"-flavor\" \"gnu\" \"/tmp/rustcvmcw8R/symbols.o\" \"/home/runner/check/batch_9/kern-crates/rCoreloongArch/target/loongarch64-unknown-none/debug/deps/race_adder_mutex_spin-dcf3e51e12d31cd6.race_adder_mutex_spin.c4a0931c66b489e3-cgu.0.rcgu.o\" \"/home/runner/check/batch_9/kern-crates/rCoreloongArch/target/loongarch64-unknown-none/debug/deps/race_adder_mutex_spin-dcf3e51e12d31cd6.e4thx263840y93xbo37i076f1.rcgu.o\" \"--as-needed\" \"-L\" \"/home/runner/check/batch_9/kern-crates/rCoreloongArch/target/loongarch64-unknown-none/debug/deps\" \"-L\" \"/home/runner/check/batch_9/kern-crates/rCoreloongArch/target/debug/deps\" \"-L\" \"/home/runner/.rustup/toolchains/nightly-2024-05-21-x86_64-unknown-linux-gnu/lib/rustlib/loongarch64-unknown-none/lib\" \"-Bstatic\" \"/home/runner/check/batch_9/kern-crates/rCoreloongArch/target/loongarch64-unknown-none/debug/deps/libuser_lib-e6fbd949fef83b88.rlib\" \"/home/runner/check/batch_9/kern-crates/rCoreloongArch/target/loongarch64-unknown-none/debug/deps/libbuddy_system_allocator-597c605a4788d3ec.rlib\" \"/home/runner/check/batch_9/kern-crates/rCoreloongArch/target/loongarch64-unknown-none/debug/deps/libspin-5e5897edd95f8cd9.rlib\" \"/home/runner/check/batch_9/kern-crates/rCoreloongArch/target/loongarch64-unknown-none/debug/deps/libbitflags-7d4c229935312c2e.rlib\" \"/home/runner/.rustup/toolchains/nightly-2024-05-21-x86_64-unknown-linux-gnu/lib/rustlib/loongarch64-unknown-none/lib/liballoc-cf622d6ac0c1207e.rlib\" \"/home/runner/.rustup/toolchains/nightly-2024-05-21-x86_64-unknown-linux-gnu/lib/rustlib/loongarch64-unknown-none/lib/librustc_std_workspace_core-3b1e26e39e9a51e8.rlib\" \"/home/runner/.rustup/toolchains/nightly-2024-05-21-x86_64-unknown-linux-gnu/lib/rustlib/loongarch64-unknown-none/lib/libcore-d6c82fdbb3df4fe1.rlib\" \"/home/runner/.rustup/toolchains/nightly-2024-05-21-x86_64-unknown-linux-gnu/lib/rustlib/loongarch64-unknown-none/lib/libcompiler_builtins-1c0eeb3885babbe8.rlib\" \"-Bdynamic\" \"--eh-frame-hdr\" \"-z\" \"noexecstack\" \"-L\" \"/home/runner/.rustup/toolchains/nightly-2024-05-21-x86_64-unknown-linux-gnu/lib/rustlib/loongarch64-unknown-none/lib\" \"-o\" \"/home/runner/check/batch_9/kern-crates/rCoreloongArch/target/loongarch64-unknown-none/debug/deps/race_adder_mutex_spin-dcf3e51e12d31cd6\" \"--gc-sections\" \"-T/home/runner/check/batch_9/kern-crates/rCoreloongArch/target/loongarch64-unknown-none/debug/build/user_lib-91d6933d7bc487b9/out/link.lds\"\n  = note: rust-lld: error: /home/runner/.rustup/toolchains/nightly-2024-05-21-x86_64-unknown-linux-gnu/lib/rustlib/loongarch64-unknown-none/lib/libcompiler_builtins-1c0eeb3885babbe8.rlib(45c91108d938afe8-absvdi2.o) is incompatible with /tmp/rustcvmcw8R/symbols.o\n          rust-lld: error: /home/runner/.rustup/toolchains/nightly-2024-05-21-x86_64-unknown-linux-gnu/lib/rustlib/loongarch64-unknown-none/lib/libcompiler_builtins-1c0eeb3885babbe8.rlib(45c91108d938afe8-absvsi2.o) is incompatible with /tmp/rustcvmcw8R/symbols.o\n          rust-lld: error: /home/runner/.rustup/toolchains/nightly-2024-05-21-x86_64-unknown-linux-gnu/lib/rustlib/loongarch64-unknown-none/lib/libcompiler_builtins-1c0eeb3885babbe8.rlib(45c91108d938afe8-absvti2.o) is incompatible with /tmp/rustcvmcw8R/symbols.o\n          rust-lld: error: /home/runner/.rustup/toolchains/nightly-2024-05-21-x86_64-unknown-linux-gnu/lib/rustlib/loongarch64-unknown-none/lib/libcompiler_builtins-1c0eeb3885babbe8.rlib(45c91108d938afe8-addtf3.o) is incompatible with /tmp/rustcvmcw8R/symbols.o\n          rust-lld: error: /home/runner/.rustup/toolchains/nightly-2024-05-21-x86_64-unknown-linux-gnu/lib/rustlib/loongarch64-unknown-none/lib/libcompiler_builtins-1c0eeb3885babbe8.rlib(45c91108d938afe8-addvdi3.o) is incompatible with /tmp/rustcvmcw8R/symbols.o\n          rust-lld: error: /home/runner/.rustup/toolchains/nightly-2024-05-21-x86_64-unknown-linux-gnu/lib/rustlib/loongarch64-unknown-none/lib/libcompiler_builtins-1c0eeb3885babbe8.rlib(45c91108d938afe8-addvsi3.o) is incompatible with /tmp/rustcvmcw8R/symbols.o\n          rust-lld: error: /home/runner/.rustup/toolchains/nightly-2024-05-21-x86_64-unknown-linux-gnu/lib/rustlib/loongarch64-unknown-none/lib/libcompiler_builtins-1c0eeb3885babbe8.rlib(45c91108d938afe8-addvti3.o) is incompatible with /tmp/rustcvmcw8R/symbols.o\n          rust-lld: error: /home/runner/.rustup/toolchains/nightly-2024-05-21-x86_64-unknown-linux-gnu/lib/rustlib/loongarch64-unknown-none/lib/libcompiler_builtins-1c0eeb3885babbe8.rlib(45c91108d938afe8-clzdi2.o) is incompatible with /tmp/rustcvmcw8R/symbols.o\n          rust-lld: error: /home/runner/.rustup/toolchains/nightly-2024-05-21-x86_64-unknown-linux-gnu/lib/rustlib/loongarch64-unknown-none/lib/libcompiler_builtins-1c0eeb3885babbe8.rlib(45c91108d938afe8-clzsi2.o) is incompatible with /tmp/rustcvmcw8R/symbols.o\n          rust-lld: error: /home/runner/.rustup/toolchains/nightly-2024-05-21-x86_64-unknown-linux-gnu/lib/rustlib/loongarch64-unknown-none/lib/libcompiler_builtins-1c0eeb3885babbe8.rlib(45c91108d938afe8-clzti2.o) is incompatible with /tmp/rustcvmcw8R/symbols.o\n          rust-lld: error: /home/runner/.rustup/toolchains/nightly-2024-05-21-x86_64-unknown-linux-gnu/lib/rustlib/loongarch64-unknown-none/lib/libcompiler_builtins-1c0eeb3885babbe8.rlib(45c91108d938afe8-cmpdi2.o) is incompatible with /tmp/rustcvmcw8R/symbols.o\n          rust-lld: error: /home/runner/.rustup/toolchains/nightly-2024-05-21-x86_64-unknown-linux-gnu/lib/rustlib/loongarch64-unknown-none/lib/libcompiler_builtins-1c0eeb3885babbe8.rlib(45c91108d938afe8-cmpti2.o) is incompatible with /tmp/rustcvmcw8R/symbols.o\n          rust-lld: error: /home/runner/.rustup/toolchains/nightly-2024-05-21-x86_64-unknown-linux-gnu/lib/rustlib/loongarch64-unknown-none/lib/libcompiler_builtins-1c0eeb3885babbe8.rlib(45c91108d938afe8-ctzdi2.o) is incompatible with /tmp/rustcvmcw8R/symbols.o\n          rust-lld: error: /home/runner/.rustup/toolchains/nightly-2024-05-21-x86_64-unknown-linux-gnu/lib/rustlib/loongarch64-unknown-none/lib/libcompiler_builtins-1c0eeb3885babbe8.rlib(45c91108d938afe8-ctzsi2.o) is incompatible with /tmp/rustcvmcw8R/symbols.o\n          rust-lld: error: /home/runner/.rustup/toolchains/nightly-2024-05-21-x86_64-unknown-linux-gnu/lib/rustlib/loongarch64-unknown-none/lib/libcompiler_builtins-1c0eeb3885babbe8.rlib(45c91108d938afe8-ctzti2.o) is incompatible with /tmp/rustcvmcw8R/symbols.o\n          rust-lld: error: /home/runner/.rustup/toolchains/nightly-2024-05-21-x86_64-unknown-linux-gnu/lib/rustlib/loongarch64-unknown-none/lib/libcompiler_builtins-1c0eeb3885babbe8.rlib(45c91108d938afe8-divdc3.o) is incompatible with /tmp/rustcvmcw8R/symbols.o\n          rust-lld: error: /home/runner/.rustup/toolchains/nightly-2024-05-21-x86_64-unknown-linux-gnu/lib/rustlib/loongarch64-unknown-none/lib/libcompiler_builtins-1c0eeb3885babbe8.rlib(45c91108d938afe8-divsc3.o) is incompatible with /tmp/rustcvmcw8R/symbols.o\n          rust-lld: error: /home/runner/.rustup/toolchains/nightly-2024-05-21-x86_64-unknown-linux-gnu/lib/rustlib/loongarch64-unknown-none/lib/libcompiler_builtins-1c0eeb3885babbe8.rlib(45c91108d938afe8-divtf3.o) is incompatible with /tmp/rustcvmcw8R/symbols.o\n          rust-lld: error: /home/runner/.rustup/toolchains/nightly-2024-05-21-x86_64-unknown-linux-gnu/lib/rustlib/loongarch64-unknown-none/lib/libcompiler_builtins-1c0eeb3885babbe8.rlib(45c91108d938afe8-extenddftf2.o) is incompatible with /tmp/rustcvmcw8R/symbols.o\n          rust-lld: error: /home/runner/.rustup/toolchains/nightly-2024-05-21-x86_64-unknown-linux-gnu/lib/rustlib/loongarch64-unknown-none/lib/libcompiler_builtins-1c0eeb3885babbe8.rlib(45c91108d938afe8-extendhfsf2.o) is incompatible with /tmp/rustcvmcw8R/symbols.o\n          rust-lld: error: too many errors emitted, stopping now (use --error-limit=0 to see all errors)\n          \n\nerror: could not compile `user_lib` (bin \"race_adder\") due to 1 previous error\nerror: could not compile `user_lib` (bin \"race_adder_mutex_spin\") due to 1 previous error\n"]}}]}],"kinds_order":["Cargo","Clippy(Error)","Clippy(Warn)","Audit","Mirai","Lockbud(Probably)","Lockbud(Possibly)","Unformatted"]}