{
  "repo": {
    "user": "yfblock",
    "repo": "libc-core"
  },
  "data": [
    {
      "user": "yfblock",
      "repo": "libc-core",
      "pkg": "libc-core",
      "count": 9,
      "raw_reports": [
        {
          "file": "[outdated direct dependencies]",
          "features": "",
          "count": 5,
          "kinds": {
            "Outdated": [
              "pkg=libc-core, checker=Outdated\ntoolchain=nightly-2025-02-01, target=aarch64-unknown-none-softfloat\nfeatures=\npkg_dir=/home/runner/check/batch_10/yfblock/libc-core\ncmd=cargo +nightly-2025-06-26-x86_64-unknown-linux-gnu outdated -R --exit-code=2\ntimestamp=2025-06-28 14:37:30.800913515 +08:00:00\n\nName      Project  Compat  Latest  Kind    Platform\n----      -------  ------  ------  ----    --------\nnum_enum  0.7.3    0.7.4   0.7.4   Normal  ---\n",
              "pkg=libc-core, checker=Outdated\ntoolchain=nightly-2025-02-01, target=loongarch64-unknown-none\nfeatures=\npkg_dir=/home/runner/check/batch_10/yfblock/libc-core\ncmd=cargo +nightly-2025-06-26-x86_64-unknown-linux-gnu outdated -R --exit-code=2\ntimestamp=2025-06-28 14:37:30.986241402 +08:00:00\n\nName      Project  Compat  Latest  Kind    Platform\n----      -------  ------  ------  ----    --------\nnum_enum  0.7.3    0.7.4   0.7.4   Normal  ---\n",
              "pkg=libc-core, checker=Outdated\ntoolchain=nightly-2025-02-01, target=riscv64gc-unknown-none-elf\nfeatures=\npkg_dir=/home/runner/check/batch_10/yfblock/libc-core\ncmd=cargo +nightly-2025-06-26-x86_64-unknown-linux-gnu outdated -R --exit-code=2\ntimestamp=2025-06-28 14:37:31.174257453 +08:00:00\n\nName      Project  Compat  Latest  Kind    Platform\n----      -------  ------  ------  ----    --------\nnum_enum  0.7.3    0.7.4   0.7.4   Normal  ---\n",
              "pkg=libc-core, checker=Outdated\ntoolchain=nightly-2025-02-01, target=riscv64imac-unknown-none-elf\nfeatures=\npkg_dir=/home/runner/check/batch_10/yfblock/libc-core\ncmd=cargo +nightly-2025-06-26-x86_64-unknown-linux-gnu outdated -R --exit-code=2\ntimestamp=2025-06-28 14:37:31.356011184 +08:00:00\n\nName      Project  Compat  Latest  Kind    Platform\n----      -------  ------  ------  ----    --------\nnum_enum  0.7.3    0.7.4   0.7.4   Normal  ---\n",
              "pkg=libc-core, checker=Outdated\ntoolchain=nightly-2025-02-01, target=x86_64-unknown-none\nfeatures=\npkg_dir=/home/runner/check/batch_10/yfblock/libc-core\ncmd=cargo +nightly-2025-06-26-x86_64-unknown-linux-gnu outdated -R --exit-code=2\ntimestamp=2025-06-28 14:37:31.546232402 +08:00:00\n\nName      Project  Compat  Latest  Kind    Platform\n----      -------  ------  ------  ----    --------\nnum_enum  0.7.3    0.7.4   0.7.4   Normal  ---\n"
            ]
          }
        },
        {
          "file": "(virtual) semver-checks",
          "features": "",
          "count": 1,
          "kinds": {
            "Cargo": [
              "// pkg_name=libc-core, checker=SemverChecks\n// toolchain=nightly-2025-02-01, target=aarch64-unknown-none-softfloat\n// features=\n// pkg_dir=/home/runner/check/batch_10/yfblock/libc-core\n// cmd=cargo +nightly-2025-06-26-x86_64-unknown-linux-gnu semver-checks --target aarch64-unknown-none-softfloat \n// timestamp=2025-06-28 14:36:59.310682154 +08:00:00\n    Building libc-core v0.1.0 (current)\nerror: running cargo-doc on crate 'libc-core' failed with output:\n-----\n   Compiling proc-macro2 v1.0.95\n   Compiling unicode-ident v1.0.18\n   Compiling rustversion v1.0.21\n    Checking bitflags v2.9.1\nerror[E0463]: can't find crate for `core`\n  |\n  = note: the `aarch64-unknown-none-softfloat` target may not be installed\n  = help: consider downloading the target with `rustup target add aarch64-unknown-none-softfloat`\n  = help: consider building the standard library from source with `cargo build -Zbuild-std`\n\nFor more information about this error, try `rustc --explain E0463`.\nerror: could not compile `bitflags` (lib) due to 1 previous error\nwarning: build failed, waiting for other jobs to finish...\n\n-----\n\nerror: failed to build rustdoc for crate libc-core v0.1.0\nnote: this is usually due to a compilation error in the crate,\n      and is unlikely to be a bug in cargo-semver-checks\nnote: the following command can be used to reproduce the compilation error:\n      cargo new --lib example &&\n          cd example &&\n          echo '[workspace]' >> Cargo.toml &&\n          cargo add --path /home/runner/check/batch_10/yfblock/libc-core &&\n          cargo check\n\nerror: aborting due to failure to build rustdoc for crate libc-core v0.1.0\n"
            ]
          }
        },
        {
          "file": "(virtual) udeps",
          "features": "",
          "count": 1,
          "kinds": {
            "Cargo": [
              "// pkg_name=libc-core, checker=Udeps\n// toolchain=nightly-2025-02-01, target=aarch64-unknown-none-softfloat\n// features=\n// pkg_dir=/home/runner/check/batch_10/yfblock/libc-core\n// cmd=cargo +nightly-2025-06-26-x86_64-unknown-linux-gnu udeps --target aarch64-unknown-none-softfloat \n// timestamp=2025-06-28 14:37:31.550055609 +08:00:00\n   Compiling proc-macro2 v1.0.95\n   Compiling unicode-ident v1.0.18\n    Checking bitflags v2.9.1\nerror[E0463]: can't find crate for `core`\n  |\n  = note: the `aarch64-unknown-none-softfloat` target may not be installed\n  = help: consider downloading the target with `rustup target add aarch64-unknown-none-softfloat`\n  = help: consider building the standard library from source with `cargo build -Zbuild-std`\n\nFor more information about this error, try `rustc --explain E0463`.\nerror: could not compile `bitflags` (lib) due to 1 previous error\nwarning: build failed, waiting for other jobs to finish...\n"
            ]
          }
        },
        {
          "file": "[Udeps] Unused dependencies",
          "features": "",
          "count": 1,
          "kinds": {
            "Unused Deps": [
              "pkg=libc-core, checker=Udeps\ntoolchain=nightly-2025-02-01, target=aarch64-unknown-none-softfloat\nfeatures=\npkg_dir=/home/runner/check/batch_10/yfblock/libc-core\ncmd=cargo +nightly-2025-06-26-x86_64-unknown-linux-gnu udeps --target aarch64-unknown-none-softfloat \ntimestamp=2025-06-28 14:37:31.847131282 +08:00:00\n\n\nstdout:\n\nstderr:\n   Compiling proc-macro2 v1.0.95\n   Compiling unicode-ident v1.0.18\n    Checking bitflags v2.9.1\nerror[E0463]: can't find crate for `core`\n  |\n  = note: the `aarch64-unknown-none-softfloat` target may not be installed\n  = help: consider downloading the target with `rustup target add aarch64-unknown-none-softfloat`\n  = help: consider building the standard library from source with `cargo build -Zbuild-std`\n\nFor more information about this error, try `rustc --explain E0463`.\nerror: could not compile `bitflags` (lib) due to 1 previous error\nwarning: build failed, waiting for other jobs to finish...\n"
            ]
          }
        },
        {
          "file": "[semver checks violation]",
          "features": "",
          "count": 1,
          "kinds": {
            "Semver Violation": [
              "pkg=libc-core, checker=SemverChecks\ntoolchain=nightly-2025-02-01, target=aarch64-unknown-none-softfloat\nfeatures=\npkg_dir=/home/runner/check/batch_10/yfblock/libc-core\ncmd=cargo +nightly-2025-06-26-x86_64-unknown-linux-gnu semver-checks --target aarch64-unknown-none-softfloat \ntimestamp=2025-06-28 14:36:59.898023202 +08:00:00\n\n\nstdout:\n\nstderr:\n    Building libc-core v0.1.0 (current)\nerror: running cargo-doc on crate 'libc-core' failed with output:\n-----\n   Compiling proc-macro2 v1.0.95\n   Compiling unicode-ident v1.0.18\n   Compiling rustversion v1.0.21\n    Checking bitflags v2.9.1\nerror[E0463]: can't find crate for `core`\n  |\n  = note: the `aarch64-unknown-none-softfloat` target may not be installed\n  = help: consider downloading the target with `rustup target add aarch64-unknown-none-softfloat`\n  = help: consider building the standard library from source with `cargo build -Zbuild-std`\n\nFor more information about this error, try `rustc --explain E0463`.\nerror: could not compile `bitflags` (lib) due to 1 previous error\nwarning: build failed, waiting for other jobs to finish...\n\n-----\n\nerror: failed to build rustdoc for crate libc-core v0.1.0\nnote: this is usually due to a compilation error in the crate,\n      and is unlikely to be a bug in cargo-semver-checks\nnote: the following command can be used to reproduce the compilation error:\n      cargo new --lib example &&\n          cd example &&\n          echo '[workspace]' >> Cargo.toml &&\n          cargo add --path /home/runner/check/batch_10/yfblock/libc-core &&\n          cargo check\n\nerror: aborting due to failure to build rustdoc for crate libc-core v0.1.0\n"
            ]
          }
        }
      ]
    }
  ],
  "kinds_order": [
    "Cargo",
    "Clippy(Error)",
    "Clippy(Warn)",
    "Semver Violation",
    "Audit",
    "Mirai",
    "Rapx",
    "Rudra",
    "Lockbud(Probably)",
    "Lockbud(Possibly)",
    "Atomvchecker",
    "Outdated",
    "Geiger",
    "Unused Deps",
    "Unformatted"
  ]
}