{"repo":{"user":"Azure-stars","repo":"elf_parser_rs"},"data":[{"user":"Azure-stars","repo":"elf_parser_rs","pkg":"elf_parser_rs","count":5,"raw_reports":[{"file":"(virtual) semver-checks","count":1,"kinds":{"Cargo":["// pkg_name=elf_parser_rs, checker=SemverChecks\n// toolchain=nightly-2024-10-12-x86_64-unknown-linux-gnu, target=x86_64-unknown-linux-gnu\n// pkg_dir=/home/runner/check/batch_1/Azure-stars/elf_parser_rs\n// cmd=cargo +nightly-2024-10-12-x86_64-unknown-linux-gnu semver-checks --target x86_64-unknown-linux-gnu\n     Parsing elf_parser_rs v0.1.0 (current)\nerror: running cargo-doc on crate elf_parser_rs failed with output:\n-----\n   Compiling rustversion v1.0.18\n    Checking bit_field v0.10.2\n   Compiling axerrno v0.1.0\n    Checking volatile v0.4.6\n    Checking bitflags v2.6.0\n    Checking memory_addr v0.3.1\n    Checking log v0.4.22\n    Checking zero v0.1.3\n    Checking xmas-elf v0.9.1\n    Checking cfg-if v1.0.0\n    Checking x86_64 v0.15.2\nerror[E0053]: method `steps_between` has an incompatible type for trait\n   --> /home/runner/.cargo/registry/src/index.crates.io-6f17d22bba15001f/x86_64-0.15.2/src/addr.rs:406:51\n    |\n406 |     fn steps_between(start: &Self, end: &Self) -> (usize, Option<usize>) {\n    |                                                   ^^^^^^^^^^^^^^^^^^^^^^ expected `Option<usize>`, found `(usize, Option<usize>)`\n    |\n    = note: expected signature `fn(&addr::VirtAddr, &addr::VirtAddr) -> Option<usize>`\n               found signature `fn(&addr::VirtAddr, &addr::VirtAddr) -> (usize, Option<usize>)`\nhelp: change the output type to match the trait\n    |\n406 |     fn steps_between(start: &Self, end: &Self) -> Option<usize> {\n    |                                                   ~~~~~~~~~~~~~\n\nerror[E0053]: method `steps_between` has an incompatible type for trait\n   --> /home/runner/.cargo/registry/src/index.crates.io-6f17d22bba15001f/x86_64-0.15.2/src/structures/paging/page.rs:307:51\n    |\n307 |     fn steps_between(start: &Self, end: &Self) -> (usize, Option<usize>) {\n    |                                                   ^^^^^^^^^^^^^^^^^^^^^^ expected `Option<usize>`, found `(usize, Option<usize>)`\n    |\n    = note: expected signature `fn(&page::Page<_>, &page::Page<_>) -> Option<usize>`\n               found signature `fn(&page::Page<_>, &page::Page<_>) -> (usize, Option<usize>)`\nhelp: change the output type to match the trait\n    |\n307 |     fn steps_between(start: &Self, end: &Self) -> Option<usize> {\n    |                                                   ~~~~~~~~~~~~~\n\nerror[E0053]: method `steps_between` has an incompatible type for trait\n   --> /home/runner/.cargo/registry/src/index.crates.io-6f17d22bba15001f/x86_64-0.15.2/src/structures/paging/page_table.rs:356:51\n    |\n356 |     fn steps_between(start: &Self, end: &Self) -> (usize, Option<usize>) {\n    |                                                   ^^^^^^^^^^^^^^^^^^^^^^ expected `Option<usize>`, found `(usize, Option<usize>)`\n    |\n    = note: expected signature `fn(&PageTableIndex, &PageTableIndex) -> Option<usize>`\n               found signature `fn(&PageTableIndex, &PageTableIndex) -> (usize, Option<usize>)`\nhelp: change the output type to match the trait\n    |\n356 |     fn steps_between(start: &Self, end: &Self) -> Option<usize> {\n    |                                                   ~~~~~~~~~~~~~\n\nerror[E0308]: mismatched types\n   --> /home/runner/.cargo/registry/src/index.crates.io-6f17d22bba15001f/x86_64-0.15.2/src/structures/paging/page_table.rs:357:9\n    |\n356 |     fn steps_between(start: &Self, end: &Self) -> (usize, Option<usize>) {\n    |                                                   ---------------------- expected `(usize, Option<usize>)` because of return type\n357 |         Step::steps_between(&start.0, &end.0)\n    |         ^^^^^^^^^^^^^^^^^^^^^^^^^^^^^^^^^^^^^ expected `(usize, Option<usize>)`, found `Option<usize>`\n    |\n    = note: expected tuple `(usize, Option<usize>)`\n                found enum `Option<usize>`\n\nSome errors have detailed explanations: E0053, E0308.\nFor more information about an error, try `rustc --explain E0053`.\nerror: could not compile `x86_64` (lib) due to 4 previous errors\n\n-----\n\nerror: failed to build rustdoc for crate elf_parser_rs v0.1.0\nnote: this is usually due to a compilation error in the crate,\n      and is unlikely to be a bug in cargo-semver-checks\nnote: the following command can be used to reproduce the compilation error:\n      cargo new --lib example &&\n          cd example &&\n          echo '[workspace]' >> Cargo.toml &&\n          cargo add --path /home/runner/check/batch_1/Azure-stars/elf_parser_rs --no-default-features &&\n          cargo check\n\nerror: aborting due to failure to build rustdoc for crate elf_parser_rs v0.1.0\n"]}},{"file":"[lockbud] Not supported to display yet.","count":1,"kinds":{"Lockbud(Possibly)":["[2024-11-22T11:28:44Z WARN  lockbud::callbacks] [\n      {\n        \"AtomicityViolation\": {\n          \"bug_kind\": \"AtomicityViolation\",\n          \"possibility\": \"Possibly\",\n          \"diagnosis\": {\n            \"fn_name\": \"set_logger_racy\",\n            \"atomic_reader\": \"/home/runner/.cargo/registry/src/index.crates.io-6f17d22bba15001f/log-0.4.22/src/lib.rs:1447:11: 1447:40 (#0)\",\n            \"atomic_writer\": \"/home/runner/.cargo/registry/src/index.crates.io-6f17d22bba15001f/log-0.4.22/src/lib.rs:1450:13: 1450:56 (#0)\",\n            \"dep_kind\": \"Control\"\n          },\n          \"explanation\": \"atomic::store is data/control dependent on atomic::load\"\n        }\n      }\n    ]\n[2024-11-22T11:28:44Z WARN  lockbud::callbacks] crate log contains bugs: { probably: 0, possibly: 0 }, conflictlock: { probably: 0, possibly: 0 }, condvar_deadlock: { probably: 0, possibly: 0 }, atomicity_violation: { possibly: 1 }, invalid_free: { possibly: 0 }, use_after_free: { possibly: 0 }"]}},{"file":"[semver checks]","count":1,"kinds":{"Semver Violation":["pkg=elf_parser_rs, checker=SemverChecks\ntoolchain=nightly-2024-10-12-x86_64-unknown-linux-gnu, target=x86_64-unknown-linux-gnu\npkg_dir=/home/runner/check/batch_1/Azure-stars/elf_parser_rs\ncmd=cargo +nightly-2024-10-12-x86_64-unknown-linux-gnu semver-checks --target x86_64-unknown-linux-gnu\n\n\nstdout:\n\nstderr:\n     Parsing elf_parser_rs v0.1.0 (current)\nerror: running cargo-doc on crate elf_parser_rs failed with output:\n-----\n   Compiling rustversion v1.0.18\n    Checking bit_field v0.10.2\n   Compiling axerrno v0.1.0\n    Checking volatile v0.4.6\n    Checking bitflags v2.6.0\n    Checking memory_addr v0.3.1\n    Checking log v0.4.22\n    Checking zero v0.1.3\n    Checking xmas-elf v0.9.1\n    Checking cfg-if v1.0.0\n    Checking x86_64 v0.15.2\nerror[E0053]: method `steps_between` has an incompatible type for trait\n   --> /home/runner/.cargo/registry/src/index.crates.io-6f17d22bba15001f/x86_64-0.15.2/src/addr.rs:406:51\n    |\n406 |     fn steps_between(start: &Self, end: &Self) -> (usize, Option<usize>) {\n    |                                                   ^^^^^^^^^^^^^^^^^^^^^^ expected `Option<usize>`, found `(usize, Option<usize>)`\n    |\n    = note: expected signature `fn(&addr::VirtAddr, &addr::VirtAddr) -> Option<usize>`\n               found signature `fn(&addr::VirtAddr, &addr::VirtAddr) -> (usize, Option<usize>)`\nhelp: change the output type to match the trait\n    |\n406 |     fn steps_between(start: &Self, end: &Self) -> Option<usize> {\n    |                                                   ~~~~~~~~~~~~~\n\nerror[E0053]: method `steps_between` has an incompatible type for trait\n   --> /home/runner/.cargo/registry/src/index.crates.io-6f17d22bba15001f/x86_64-0.15.2/src/structures/paging/page.rs:307:51\n    |\n307 |     fn steps_between(start: &Self, end: &Self) -> (usize, Option<usize>) {\n    |                                                   ^^^^^^^^^^^^^^^^^^^^^^ expected `Option<usize>`, found `(usize, Option<usize>)`\n    |\n    = note: expected signature `fn(&page::Page<_>, &page::Page<_>) -> Option<usize>`\n               found signature `fn(&page::Page<_>, &page::Page<_>) -> (usize, Option<usize>)`\nhelp: change the output type to match the trait\n    |\n307 |     fn steps_between(start: &Self, end: &Self) -> Option<usize> {\n    |                                                   ~~~~~~~~~~~~~\n\nerror[E0053]: method `steps_between` has an incompatible type for trait\n   --> /home/runner/.cargo/registry/src/index.crates.io-6f17d22bba15001f/x86_64-0.15.2/src/structures/paging/page_table.rs:356:51\n    |\n356 |     fn steps_between(start: &Self, end: &Self) -> (usize, Option<usize>) {\n    |                                                   ^^^^^^^^^^^^^^^^^^^^^^ expected `Option<usize>`, found `(usize, Option<usize>)`\n    |\n    = note: expected signature `fn(&PageTableIndex, &PageTableIndex) -> Option<usize>`\n               found signature `fn(&PageTableIndex, &PageTableIndex) -> (usize, Option<usize>)`\nhelp: change the output type to match the trait\n    |\n356 |     fn steps_between(start: &Self, end: &Self) -> Option<usize> {\n    |                                                   ~~~~~~~~~~~~~\n\nerror[E0308]: mismatched types\n   --> /home/runner/.cargo/registry/src/index.crates.io-6f17d22bba15001f/x86_64-0.15.2/src/structures/paging/page_table.rs:357:9\n    |\n356 |     fn steps_between(start: &Self, end: &Self) -> (usize, Option<usize>) {\n    |                                                   ---------------------- expected `(usize, Option<usize>)` because of return type\n357 |         Step::steps_between(&start.0, &end.0)\n    |         ^^^^^^^^^^^^^^^^^^^^^^^^^^^^^^^^^^^^^ expected `(usize, Option<usize>)`, found `Option<usize>`\n    |\n    = note: expected tuple `(usize, Option<usize>)`\n                found enum `Option<usize>`\n\nSome errors have detailed explanations: E0053, E0308.\nFor more information about an error, try `rustc --explain E0053`.\nerror: could not compile `x86_64` (lib) due to 4 previous errors\n\n-----\n\nerror: failed to build rustdoc for crate elf_parser_rs v0.1.0\nnote: this is usually due to a compilation error in the crate,\n      and is unlikely to be a bug in cargo-semver-checks\nnote: the following command can be used to reproduce the compilation error:\n      cargo new --lib example &&\n          cd example &&\n          echo '[workspace]' >> Cargo.toml &&\n          cargo add --path /home/runner/check/batch_1/Azure-stars/elf_parser_rs --no-default-features &&\n          cargo check\n\nerror: aborting due to failure to build rustdoc for crate elf_parser_rs v0.1.0\n"]}},{"file":"src/lib.rs","count":1,"kinds":{"Clippy(Warn)":["warning: doc list item without indentation\n  --> src/lib.rs:35:5\n   |\n35 | /// the base address will be decided by the kernel.\n   |     ^\n   |\n   = help: if this is supposed to be its own paragraph, add a blank line\n   = help: for further information visit https://rust-lang.github.io/rust-clippy/master/index.html#doc_lazy_continuation\n   = note: `#[warn(clippy::doc_lazy_continuation)]` on by default\nhelp: indent this line\n   |\n35 | ///   the base address will be decided by the kernel.\n   |     ++\n\n"]}},{"file":"src/user_stack.rs","count":1,"kinds":{"Clippy(Warn)":["warning: casting a character literal to `u8` truncates\n  --> src/user_stack.rs:57:21\n   |\n57 |         self.push(&['\\0' as u8], stack_data);\n   |                     ^^^^^^^^^^ help: use a byte literal instead: `b'\\0'`\n   |\n   = note: `char` is four bytes wide, but `u8` is a single byte\n   = help: for further information visit https://rust-lang.github.io/rust-clippy/master/index.html#char_lit_as_u8\n   = note: `#[warn(clippy::char_lit_as_u8)]` on by default\n\n"]}}]}],"kinds_order":["Cargo","Clippy(Error)","Clippy(Warn)","Semver Violation","Audit","Mirai","Rap","Rudra","Lockbud(Probably)","Lockbud(Possibly)","Outdated","Geiger","Unformatted"]}