{
  "repo": {
    "user": "Azure-stars",
    "repo": "elf_parser_rs"
  },
  "data": [
    {
      "user": "Azure-stars",
      "repo": "elf_parser_rs",
      "pkg": "elf_parser_rs",
      "count": 9,
      "raw_reports": [
        {
          "file": "/home/runner/.cargo/registry/src/index.crates.io-1949cf8c6b5b557f/x86_64-0.15.1/src/addr.rs",
          "count": 1,
          "kinds": {
            "Clippy(Error)": [
              "error[E0053]: method `steps_between` has an incompatible type for trait\n   --> /home/runner/.cargo/registry/src/index.crates.io-1949cf8c6b5b557f/x86_64-0.15.1/src/addr.rs:362:51\n    |\n362 |     fn steps_between(start: &Self, end: &Self) -> Option<usize> {\n    |                                                   ^^^^^^^^^^^^^ expected `(usize, Option<usize>)`, found `Option<usize>`\n    |\n    = note: expected signature `fn(&addr::VirtAddr, &addr::VirtAddr) -> (usize, Option<usize>)`\n               found signature `fn(&addr::VirtAddr, &addr::VirtAddr) -> Option<usize>`\nhelp: change the output type to match the trait\n    |\n362 |     fn steps_between(start: &Self, end: &Self) -> (usize, Option<usize>) {\n    |                                                   ~~~~~~~~~~~~~~~~~~~~~~\n\n"
            ]
          }
        },
        {
          "file": "/home/runner/.cargo/registry/src/index.crates.io-1949cf8c6b5b557f/x86_64-0.15.1/src/structures/paging/page.rs",
          "count": 1,
          "kinds": {
            "Clippy(Error)": [
              "error[E0053]: method `steps_between` has an incompatible type for trait\n   --> /home/runner/.cargo/registry/src/index.crates.io-1949cf8c6b5b557f/x86_64-0.15.1/src/structures/paging/page.rs:294:51\n    |\n294 |     fn steps_between(start: &Self, end: &Self) -> Option<usize> {\n    |                                                   ^^^^^^^^^^^^^ expected `(usize, Option<usize>)`, found `Option<usize>`\n    |\n    = note: expected signature `fn(&Page<_>, &Page<_>) -> (usize, Option<usize>)`\n               found signature `fn(&Page<_>, &Page<_>) -> Option<usize>`\nhelp: change the output type to match the trait\n    |\n294 |     fn steps_between(start: &Self, end: &Self) -> (usize, Option<usize>) {\n    |                                                   ~~~~~~~~~~~~~~~~~~~~~~\n\n"
            ]
          }
        },
        {
          "file": "/home/runner/.cargo/registry/src/index.crates.io-1949cf8c6b5b557f/x86_64-0.15.1/src/structures/paging/page_table.rs",
          "count": 1,
          "kinds": {
            "Clippy(Error)": [
              "error[E0053]: method `steps_between` has an incompatible type for trait\n   --> /home/runner/.cargo/registry/src/index.crates.io-1949cf8c6b5b557f/x86_64-0.15.1/src/structures/paging/page_table.rs:349:51\n    |\n349 |     fn steps_between(start: &Self, end: &Self) -> Option<usize> {\n    |                                                   ^^^^^^^^^^^^^ expected `(usize, Option<usize>)`, found `Option<usize>`\n    |\n    = note: expected signature `fn(&PageTableIndex, &PageTableIndex) -> (usize, Option<usize>)`\n               found signature `fn(&PageTableIndex, &PageTableIndex) -> Option<usize>`\nhelp: change the output type to match the trait\n    |\n349 |     fn steps_between(start: &Self, end: &Self) -> (usize, Option<usize>) {\n    |                                                   ~~~~~~~~~~~~~~~~~~~~~~\n\n"
            ]
          }
        },
        {
          "file": "(virtual) clippy",
          "count": 1,
          "kinds": {
            "Cargo": [
              "// pkg_name=elf_parser_rs, checker=Clippy\n// toolchain=nightly-2025-01-26-x86_64-unknown-linux-gnu, target=x86_64-unknown-none\n// features=\n// pkg_dir=/home/runner/check/batch_1/Azure-stars/elf_parser_rs\n// cmd=cargo clippy --target x86_64-unknown-none  --no-deps\n// timestamp=2025-01-27 0:40:04.996775871 +08:00:00\n    Checking bitflags v2.8.0\n    Checking bit_field v0.10.2\n    Checking volatile v0.4.6\n   Compiling axerrno v0.1.0\n    Checking memory_addr v0.3.1\n    Checking zero v0.1.3\n    Checking log v0.4.25\n    Checking cfg-if v1.0.0\n    Checking xmas-elf v0.9.1\n    Checking x86_64 v0.15.1\nerror: could not compile `x86_64` (lib) due to 3 previous errors\n"
            ]
          }
        },
        {
          "file": "(virtual) lockbud",
          "count": 1,
          "kinds": {
            "Cargo": [
              "// pkg_name=elf_parser_rs, checker=Lockbud\n// toolchain=nightly-2025-01-26-x86_64-unknown-linux-gnu, target=x86_64-unknown-none\n// features=\n// pkg_dir=/home/runner/check/batch_1/Azure-stars/elf_parser_rs\n// cmd=cargo +nightly-2024-12-01 lockbud -k all -- --target x86_64-unknown-none \n// timestamp=2025-01-27 0:40:19.080879054 +08:00:00\n   Compiling bitflags v2.8.0\n   Compiling volatile v0.4.6\n   Compiling bit_field v0.10.2\n   Compiling axerrno v0.1.0\n   Compiling memory_addr v0.3.1\n   Compiling log v0.4.25\n   Compiling zero v0.1.3\n   Compiling cfg-if v1.0.0\n   Compiling x86_64 v0.15.1\n[2025-01-26T16:40:19Z WARN  lockbud::callbacks] [\n      {\n        \"AtomicityViolation\": {\n          \"bug_kind\": \"AtomicityViolation\",\n          \"possibility\": \"Possibly\",\n          \"diagnosis\": {\n            \"fn_name\": \"set_logger_racy\",\n            \"atomic_reader\": \"/home/runner/.cargo/registry/src/index.crates.io-6f17d22bba15001f/log-0.4.25/src/lib.rs:1453:11: 1453:40 (#0)\",\n            \"atomic_writer\": \"/home/runner/.cargo/registry/src/index.crates.io-6f17d22bba15001f/log-0.4.25/src/lib.rs:1456:13: 1456:56 (#0)\",\n            \"dep_kind\": \"Control\"\n          },\n          \"explanation\": \"atomic::store is data/control dependent on atomic::load\"\n        }\n      }\n    ]\n[2025-01-26T16:40:19Z WARN  lockbud::callbacks] crate log contains bugs: { probably: 0, possibly: 0 }, conflictlock: { probably: 0, possibly: 0 }, condvar_deadlock: { probably: 0, possibly: 0 }, atomicity_violation: { possibly: 1 }, invalid_free: { possibly: 0 }, use_after_free: { possibly: 0 }\n   Compiling xmas-elf v0.9.1\nerror[E0053]: method `steps_between` has an incompatible type for trait\n   --> /home/runner/.cargo/registry/src/index.crates.io-6f17d22bba15001f/x86_64-0.15.1/src/addr.rs:362:51\n    |\n362 |     fn steps_between(start: &Self, end: &Self) -> Option<usize> {\n    |                                                   ^^^^^^^^^^^^^ expected `(usize, Option<usize>)`, found `core::option::Option<usize>`\n    |\n    = note: expected signature `fn(&addr::VirtAddr, &addr::VirtAddr) -> (usize, core::option::Option<usize>)`\n               found signature `fn(&addr::VirtAddr, &addr::VirtAddr) -> core::option::Option<usize>`\nhelp: change the output type to match the trait\n    |\n362 |     fn steps_between(start: &Self, end: &Self) -> (usize, core::option::Option<usize>) {\n    |                                                   ~~~~~~~~~~~~~~~~~~~~~~~~~~~~~~~~~~~~\n\nerror[E0053]: method `steps_between` has an incompatible type for trait\n   --> /home/runner/.cargo/registry/src/index.crates.io-6f17d22bba15001f/x86_64-0.15.1/src/structures/paging/page.rs:294:51\n    |\n294 |     fn steps_between(start: &Self, end: &Self) -> Option<usize> {\n    |                                                   ^^^^^^^^^^^^^ expected `(usize, Option<usize>)`, found `core::option::Option<usize>`\n    |\n    = note: expected signature `fn(&structures::paging::page::Page<_>, &structures::paging::page::Page<_>) -> (usize, core::option::Option<usize>)`\n               found signature `fn(&structures::paging::page::Page<_>, &structures::paging::page::Page<_>) -> core::option::Option<usize>`\nhelp: change the output type to match the trait\n    |\n294 |     fn steps_between(start: &Self, end: &Self) -> (usize, core::option::Option<usize>) {\n    |                                                   ~~~~~~~~~~~~~~~~~~~~~~~~~~~~~~~~~~~~\n\nerror[E0053]: method `steps_between` has an incompatible type for trait\n   --> /home/runner/.cargo/registry/src/index.crates.io-6f17d22bba15001f/x86_64-0.15.1/src/structures/paging/page_table.rs:349:51\n    |\n349 |     fn steps_between(start: &Self, end: &Self) -> Option<usize> {\n    |                                                   ^^^^^^^^^^^^^ expected `(usize, Option<usize>)`, found `core::option::Option<usize>`\n    |\n    = note: expected signature `fn(&structures::paging::page_table::PageTableIndex, &structures::paging::page_table::PageTableIndex) -> (usize, core::option::Option<usize>)`\n               found signature `fn(&structures::paging::page_table::PageTableIndex, &structures::paging::page_table::PageTableIndex) -> core::option::Option<usize>`\nhelp: change the output type to match the trait\n    |\n349 |     fn steps_between(start: &Self, end: &Self) -> (usize, core::option::Option<usize>) {\n    |                                                   ~~~~~~~~~~~~~~~~~~~~~~~~~~~~~~~~~~~~\n\nFor more information about this error, try `rustc --explain E0053`.\nerror: could not compile `x86_64` (lib) due to 3 previous errors\n"
            ]
          }
        },
        {
          "file": "(virtual) semver-checks",
          "count": 1,
          "kinds": {
            "Cargo": [
              "// pkg_name=elf_parser_rs, checker=SemverChecks\n// toolchain=nightly-2025-01-26-x86_64-unknown-linux-gnu, target=x86_64-unknown-none\n// features=\n// pkg_dir=/home/runner/check/batch_1/Azure-stars/elf_parser_rs\n// cmd=cargo +nightly-2025-01-26-x86_64-unknown-linux-gnu semver-checks --target x86_64-unknown-none \n// timestamp=2025-01-27 0:40:09.408799129 +08:00:00\n    Building elf_parser_rs v0.1.0 (current)\nerror: running cargo-doc on crate 'elf_parser_rs' failed with output:\n-----\n    Checking bitflags v2.8.0\n    Checking bit_field v0.10.2\n    Checking volatile v0.4.6\n   Compiling axerrno v0.1.0\n    Checking zero v0.1.3\n    Checking memory_addr v0.3.1\n    Checking log v0.4.25\n    Checking xmas-elf v0.9.1\n    Checking x86_64 v0.15.1\n    Checking cfg-if v1.0.0\nerror[E0053]: method `steps_between` has an incompatible type for trait\n   --> /home/runner/.cargo/registry/src/index.crates.io-1949cf8c6b5b557f/x86_64-0.15.1/src/addr.rs:362:51\n    |\n362 |     fn steps_between(start: &Self, end: &Self) -> Option<usize> {\n    |                                                   ^^^^^^^^^^^^^ expected `(usize, Option<usize>)`, found `Option<usize>`\n    |\n    = note: expected signature `fn(&addr::VirtAddr, &addr::VirtAddr) -> (usize, Option<usize>)`\n               found signature `fn(&addr::VirtAddr, &addr::VirtAddr) -> Option<usize>`\nhelp: change the output type to match the trait\n    |\n362 |     fn steps_between(start: &Self, end: &Self) -> (usize, Option<usize>) {\n    |                                                   ~~~~~~~~~~~~~~~~~~~~~~\n\nerror[E0053]: method `steps_between` has an incompatible type for trait\n   --> /home/runner/.cargo/registry/src/index.crates.io-1949cf8c6b5b557f/x86_64-0.15.1/src/structures/paging/page.rs:294:51\n    |\n294 |     fn steps_between(start: &Self, end: &Self) -> Option<usize> {\n    |                                                   ^^^^^^^^^^^^^ expected `(usize, Option<usize>)`, found `Option<usize>`\n    |\n    = note: expected signature `fn(&Page<_>, &Page<_>) -> (usize, Option<usize>)`\n               found signature `fn(&Page<_>, &Page<_>) -> Option<usize>`\nhelp: change the output type to match the trait\n    |\n294 |     fn steps_between(start: &Self, end: &Self) -> (usize, Option<usize>) {\n    |                                                   ~~~~~~~~~~~~~~~~~~~~~~\n\nerror[E0053]: method `steps_between` has an incompatible type for trait\n   --> /home/runner/.cargo/registry/src/index.crates.io-1949cf8c6b5b557f/x86_64-0.15.1/src/structures/paging/page_table.rs:349:51\n    |\n349 |     fn steps_between(start: &Self, end: &Self) -> Option<usize> {\n    |                                                   ^^^^^^^^^^^^^ expected `(usize, Option<usize>)`, found `Option<usize>`\n    |\n    = note: expected signature `fn(&PageTableIndex, &PageTableIndex) -> (usize, Option<usize>)`\n               found signature `fn(&PageTableIndex, &PageTableIndex) -> Option<usize>`\nhelp: change the output type to match the trait\n    |\n349 |     fn steps_between(start: &Self, end: &Self) -> (usize, Option<usize>) {\n    |                                                   ~~~~~~~~~~~~~~~~~~~~~~\n\nFor more information about this error, try `rustc --explain E0053`.\nerror: could not compile `x86_64` (lib) due to 3 previous errors\n\n-----\n\nerror: failed to build rustdoc for crate elf_parser_rs v0.1.0\nnote: this is usually due to a compilation error in the crate,\n      and is unlikely to be a bug in cargo-semver-checks\nnote: the following command can be used to reproduce the compilation error:\n      cargo new --lib example &&\n          cd example &&\n          echo '[workspace]' >> Cargo.toml &&\n          cargo add --path /home/runner/check/batch_1/Azure-stars/elf_parser_rs &&\n          cargo check\n\nerror: aborting due to failure to build rustdoc for crate elf_parser_rs v0.1.0\n"
            ]
          }
        },
        {
          "file": "[outdated direct dependencies]",
          "count": 1,
          "kinds": {
            "Outdated": [
              "pkg=elf_parser_rs, checker=Outdated\ntoolchain=nightly-2025-01-26-x86_64-unknown-linux-gnu, target=x86_64-unknown-none\nfeatures=\npkg_dir=/home/runner/check/batch_1/Azure-stars/elf_parser_rs\ncmd=cargo +nightly-2025-01-26-x86_64-unknown-linux-gnu outdated -R --exit-code=2\ntimestamp=2025-01-27 0:40:28.674998654 +08:00:00\n\nName              Project  Compat  Latest  Kind    Platform\n----              -------  ------  ------  ----    --------\npage_table_entry  0.4.3    ---     0.5.1   Normal  ---\n"
            ]
          }
        },
        {
          "file": "[rap] Not supported to display yet.",
          "count": 1,
          "kinds": {
            "Rapx": [
              "pkg=elf_parser_rs, checker=Rapx\ntoolchain=nightly-2025-01-26-x86_64-unknown-linux-gnu, target=x86_64-unknown-none\nfeatures=\npkg_dir=/home/runner/check/batch_1/Azure-stars/elf_parser_rs\ncmd=cargo +nightly-2024-10-12 rapx -F -M -- --target x86_64-unknown-none \ntimestamp=2025-01-27 0:40:24.441366723 +08:00:00\n\nwarning: Dangling pointer detected.\n  --> src/user_stack.rs:43:1\n   |\n43 | / fn push(&mut self, src: &[u8], stack_data: &mut Vec<u8>) {\n44 | |         self.sp -= src.len();\n...  |\n48 | |         stack_data.splice(0..0, src.iter().cloned());\n49 | |     }\n   | |_____- Dangling pointer detected.\n   |\nOver visited: DefId(0:82 ~ elf_parser_rs[c09f]::arch::x86_64::relocate_pairs)\n"
            ]
          }
        },
        {
          "file": "[semver checks]",
          "count": 1,
          "kinds": {
            "Semver Violation": [
              "pkg=elf_parser_rs, checker=SemverChecks\ntoolchain=nightly-2025-01-26-x86_64-unknown-linux-gnu, target=x86_64-unknown-none\nfeatures=\npkg_dir=/home/runner/check/batch_1/Azure-stars/elf_parser_rs\ncmd=cargo +nightly-2025-01-26-x86_64-unknown-linux-gnu semver-checks --target x86_64-unknown-none \ntimestamp=2025-01-27 0:40:10.379845547 +08:00:00\n\n\nstdout:\n\nstderr:\n    Building elf_parser_rs v0.1.0 (current)\nerror: running cargo-doc on crate 'elf_parser_rs' failed with output:\n-----\n    Checking bitflags v2.8.0\n    Checking bit_field v0.10.2\n    Checking volatile v0.4.6\n   Compiling axerrno v0.1.0\n    Checking zero v0.1.3\n    Checking memory_addr v0.3.1\n    Checking log v0.4.25\n    Checking xmas-elf v0.9.1\n    Checking x86_64 v0.15.1\n    Checking cfg-if v1.0.0\nerror[E0053]: method `steps_between` has an incompatible type for trait\n   --> /home/runner/.cargo/registry/src/index.crates.io-1949cf8c6b5b557f/x86_64-0.15.1/src/addr.rs:362:51\n    |\n362 |     fn steps_between(start: &Self, end: &Self) -> Option<usize> {\n    |                                                   ^^^^^^^^^^^^^ expected `(usize, Option<usize>)`, found `Option<usize>`\n    |\n    = note: expected signature `fn(&addr::VirtAddr, &addr::VirtAddr) -> (usize, Option<usize>)`\n               found signature `fn(&addr::VirtAddr, &addr::VirtAddr) -> Option<usize>`\nhelp: change the output type to match the trait\n    |\n362 |     fn steps_between(start: &Self, end: &Self) -> (usize, Option<usize>) {\n    |                                                   ~~~~~~~~~~~~~~~~~~~~~~\n\nerror[E0053]: method `steps_between` has an incompatible type for trait\n   --> /home/runner/.cargo/registry/src/index.crates.io-1949cf8c6b5b557f/x86_64-0.15.1/src/structures/paging/page.rs:294:51\n    |\n294 |     fn steps_between(start: &Self, end: &Self) -> Option<usize> {\n    |                                                   ^^^^^^^^^^^^^ expected `(usize, Option<usize>)`, found `Option<usize>`\n    |\n    = note: expected signature `fn(&Page<_>, &Page<_>) -> (usize, Option<usize>)`\n               found signature `fn(&Page<_>, &Page<_>) -> Option<usize>`\nhelp: change the output type to match the trait\n    |\n294 |     fn steps_between(start: &Self, end: &Self) -> (usize, Option<usize>) {\n    |                                                   ~~~~~~~~~~~~~~~~~~~~~~\n\nerror[E0053]: method `steps_between` has an incompatible type for trait\n   --> /home/runner/.cargo/registry/src/index.crates.io-1949cf8c6b5b557f/x86_64-0.15.1/src/structures/paging/page_table.rs:349:51\n    |\n349 |     fn steps_between(start: &Self, end: &Self) -> Option<usize> {\n    |                                                   ^^^^^^^^^^^^^ expected `(usize, Option<usize>)`, found `Option<usize>`\n    |\n    = note: expected signature `fn(&PageTableIndex, &PageTableIndex) -> (usize, Option<usize>)`\n               found signature `fn(&PageTableIndex, &PageTableIndex) -> Option<usize>`\nhelp: change the output type to match the trait\n    |\n349 |     fn steps_between(start: &Self, end: &Self) -> (usize, Option<usize>) {\n    |                                                   ~~~~~~~~~~~~~~~~~~~~~~\n\nFor more information about this error, try `rustc --explain E0053`.\nerror: could not compile `x86_64` (lib) due to 3 previous errors\n\n-----\n\nerror: failed to build rustdoc for crate elf_parser_rs v0.1.0\nnote: this is usually due to a compilation error in the crate,\n      and is unlikely to be a bug in cargo-semver-checks\nnote: the following command can be used to reproduce the compilation error:\n      cargo new --lib example &&\n          cd example &&\n          echo '[workspace]' >> Cargo.toml &&\n          cargo add --path /home/runner/check/batch_1/Azure-stars/elf_parser_rs &&\n          cargo check\n\nerror: aborting due to failure to build rustdoc for crate elf_parser_rs v0.1.0\n"
            ]
          }
        }
      ]
    }
  ],
  "kinds_order": [
    "Cargo",
    "Clippy(Error)",
    "Clippy(Warn)",
    "Semver Violation",
    "Audit",
    "Mirai",
    "Rapx",
    "Rudra",
    "Lockbud(Probably)",
    "Lockbud(Possibly)",
    "Outdated",
    "Geiger",
    "Unformatted"
  ]
}