{"repo":{"user":"shilei-massclouds","repo":"axhal"},"data":[{"user":"shilei-massclouds","repo":"axhal","pkg":"axhal","count":24,"raw_reports":[{"file":"src/arch/riscv/mod.rs","count":6,"kinds":{"Unformatted":["file: /home/runner/check/batch_14/shilei-massclouds/axhal/axhal/src/arch/riscv/mod.rs (original lines from 10 to 10)\n+use axerrno::{linux_err, LinuxError};\n","file: /home/runner/check/batch_14/shilei-massclouds/axhal/axhal/src/arch/riscv/mod.rs (original lines from 13 to 13)\n-use axerrno::{LinuxError, linux_err};\n","file: /home/runner/check/batch_14/shilei-massclouds/axhal/axhal/src/arch/riscv/mod.rs (original lines from 37 to 38)\n-pub const SR_SPIE:  usize = 0x00000020; /* Previous Supervisor IE */\n-pub const SR_SPP:   usize = 0x00000100; /* Previously Supervisor */\n+pub const SR_SPIE: usize = 0x00000020; /* Previous Supervisor IE */\n+pub const SR_SPP: usize = 0x00000100; /* Previously Supervisor */\n","file: /home/runner/check/batch_14/shilei-massclouds/axhal/axhal/src/arch/riscv/mod.rs (original lines from 172 to 192)\n-    unsafe { core::arch::asm!(\n-        \"1:\",\n-        \"   lb {x}, ({ptr})\",\n-        \"2:\",\n-        \"   .section .fixup,\\\"ax\\\"\",\n-        \"   .balign 4\",\n-        \"3:\",\n-        \"   li {err}, {err_val}\",\n-        \"   li {x}, 0\",\n-        \"   jump 2b, {_tmp}\",\n-        \"   .previous\",\n-        \"   .section __ex_table,\\\"a\\\"\",\n-        \"   .balign 8\",\n-        \"   .dword 1b, 3b\",\n-        \"   .previous\",\n-        err = inout(reg) err,\n-        x = out(reg) x,\n-        ptr = in(reg) ptr,\n-        err_val = const (-(LinuxError::EFAULT as isize)),\n-        _tmp = out(reg) _tmp,\n-    )}\n+    unsafe {\n+        core::arch::asm!(\n+            \"1:\",\n+            \"   lb {x}, ({ptr})\",\n+            \"2:\",\n+            \"   .section .fixup,\\\"ax\\\"\",\n+            \"   .balign 4\",\n+            \"3:\",\n+            \"   li {err}, {err_val}\",\n+            \"   li {x}, 0\",\n+            \"   jump 2b, {_tmp}\",\n+            \"   .previous\",\n+            \"   .section __ex_table,\\\"a\\\"\",\n+            \"   .balign 8\",\n+            \"   .dword 1b, 3b\",\n+            \"   .previous\",\n+            err = inout(reg) err,\n+            x = out(reg) x,\n+            ptr = in(reg) ptr,\n+            err_val = const (-(LinuxError::EFAULT as isize)),\n+            _tmp = out(reg) _tmp,\n+        )\n+    }\n","file: /home/runner/check/batch_14/shilei-massclouds/axhal/axhal/src/arch/riscv/mod.rs (original lines from 200 to 219)\n-    unsafe { core::arch::asm!(\n-        \"1:\",\n-        \"   sb {x}, ({ptr})\",\n-        \"2:\",\n-        \"   .section .fixup,\\\"ax\\\"\",\n-        \"   .balign 4\",\n-        \"3:\",\n-        \"   li {err}, {err_val}\",\n-        \"   jump 2b, {_tmp}\",\n-        \"   .previous\",\n-        \"   .section __ex_table,\\\"a\\\"\",\n-        \"   .balign 8\",\n-        \"   .dword 1b, 3b\",\n-        \"   .previous\",\n-        err = inout(reg) err,\n-        x = in(reg) x,\n-        ptr = in(reg) ptr,\n-        err_val = const (-(LinuxError::EFAULT as isize)),\n-        _tmp = out(reg) _tmp,\n-    )}\n+    unsafe {\n+        core::arch::asm!(\n+            \"1:\",\n+            \"   sb {x}, ({ptr})\",\n+            \"2:\",\n+            \"   .section .fixup,\\\"ax\\\"\",\n+            \"   .balign 4\",\n+            \"3:\",\n+            \"   li {err}, {err_val}\",\n+            \"   jump 2b, {_tmp}\",\n+            \"   .previous\",\n+            \"   .section __ex_table,\\\"a\\\"\",\n+            \"   .balign 8\",\n+            \"   .dword 1b, 3b\",\n+            \"   .previous\",\n+            err = inout(reg) err,\n+            x = in(reg) x,\n+            ptr = in(reg) ptr,\n+            err_val = const (-(LinuxError::EFAULT as isize)),\n+            _tmp = out(reg) _tmp,\n+        )\n+    }\n","file: /home/runner/check/batch_14/shilei-massclouds/axhal/axhal/src/arch/riscv/mod.rs (original lines from 276 to 277)\n-pub fn early_init() {\n-}\n+pub fn early_init() {}\n"]}},{"file":"src/arch/aarch64/trap.rs","count":4,"kinds":{"Unformatted":["file: /home/runner/check/batch_14/shilei-massclouds/axhal/axhal/src/arch/aarch64/trap.rs (original lines from 3 to 3)\n+use crate::trap::SyscallArgs;\n","file: /home/runner/check/batch_14/shilei-massclouds/axhal/axhal/src/arch/aarch64/trap.rs (original lines from 5 to 5)\n-use crate::trap::SyscallArgs;\n","file: /home/runner/check/batch_14/shilei-massclouds/axhal/axhal/src/arch/aarch64/trap.rs (original lines from 91 to 94)\n-    [\n-        tf.r[0], tf.r[1], tf.r[2],\n-        tf.r[3], tf.r[4], tf.r[5],\n-    ].map(|x| x as usize)\n+    [tf.r[0], tf.r[1], tf.r[2], tf.r[3], tf.r[4], tf.r[5]].map(|x| x as usize)\n","file: /home/runner/check/batch_14/shilei-massclouds/axhal/axhal/src/arch/aarch64/trap.rs (original lines from 99 to 99)\n-    F: FnOnce(SyscallArgs, usize) -> usize\n+    F: FnOnce(SyscallArgs, usize) -> usize,\n"]}},{"file":"src/misc.rs","count":4,"kinds":{"Unformatted":["file: /home/runner/check/batch_14/shilei-massclouds/axhal/axhal/src/misc.rs (original lines from 5 to 5)\n-use spinbase::SpinNoIrq;\n","file: /home/runner/check/batch_14/shilei-massclouds/axhal/axhal/src/misc.rs (original lines from 7 to 7)\n+use spinbase::SpinNoIrq;\n","file: /home/runner/check/batch_14/shilei-massclouds/axhal/axhal/src/misc.rs (original lines from 12 to 12)\n-\tlet mut seed = PARK_MILLER_LEHMER_SEED.lock();\n+    let mut seed = PARK_MILLER_LEHMER_SEED.lock();\n","file: /home/runner/check/batch_14/shilei-massclouds/axhal/axhal/src/misc.rs (original lines from 19 to 19)\n-\t    *seed = ((u64::from(*seed) * 48271) % RAND_MAX) as u32;\n+        *seed = ((u64::from(*seed) * 48271) % RAND_MAX) as u32;\n"]}},{"file":"src/arch/riscv/sysno.rs","count":2,"kinds":{"Unformatted":["file: /home/runner/check/batch_14/shilei-massclouds/axhal/axhal/src/arch/riscv/sysno.rs (original lines from 17 to 17)\n-pub const LINUX_SYSCALL_MOUNT:usize = 0x28;\n+pub const LINUX_SYSCALL_MOUNT: usize = 0x28;\n","file: /home/runner/check/batch_14/shilei-massclouds/axhal/axhal/src/arch/riscv/sysno.rs (original lines from 47 to 47)\n-pub const LINUX_SYSCALL_SETGID:usize = 0x90;\n+pub const LINUX_SYSCALL_SETGID: usize = 0x90;\n"]}},{"file":"(virtual) lockbud","count":1,"kinds":{"Cargo":["// pkg_name=axhal, checker=Lockbud\n// toolchain=nightly-2024-01-18, target=x86_64-unknown-none\n// pkg_dir=/home/runner/check/batch_14/shilei-massclouds/axhal/axhal\n// cmd=cargo +nightly-2024-10-05 lockbud -k all -- --target x86_64-unknown-none\n// timestamp=2024-12-29 0:51:05.76774165 +08:00:00\n   Compiling rustversion v1.0.19\n   Compiling bit_field v0.10.2\n   Compiling cfg-if v1.0.0\n   Compiling bitflags v2.6.0\n   Compiling volatile v0.4.6\n   Compiling bitflags v1.3.2\n   Compiling kernel_guard_base v0.1.0 (ssh://git@github.com/shilei-massclouds/kernel_guard_base#4e672f3e)\n   Compiling raw-cpuid v10.7.0\n   Compiling axconfig v0.1.0 (ssh://git@github.com/shilei-massclouds/axconfig#51b81e4a)\n   Compiling x86 v0.52.0\n   Compiling paste v1.0.15\n   Compiling log v0.4.22\n[2024-12-28T16:51:06Z WARN  lockbud::callbacks] [\n      {\n        \"AtomicityViolation\": {\n          \"bug_kind\": \"AtomicityViolation\",\n          \"possibility\": \"Possibly\",\n          \"diagnosis\": {\n            \"fn_name\": \"set_logger_racy\",\n            \"atomic_reader\": \"/home/runner/.cargo/registry/src/index.crates.io-6f17d22bba15001f/log-0.4.22/src/lib.rs:1447:11: 1447:40 (#0)\",\n            \"atomic_writer\": \"/home/runner/.cargo/registry/src/index.crates.io-6f17d22bba15001f/log-0.4.22/src/lib.rs:1450:13: 1450:56 (#0)\",\n            \"dep_kind\": \"Control\"\n          },\n          \"explanation\": \"atomic::store is data/control dependent on atomic::load\"\n        }\n      }\n    ]\n[2024-12-28T16:51:06Z WARN  lockbud::callbacks] crate log contains bugs: { probably: 0, possibly: 0 }, conflictlock: { probably: 0, possibly: 0 }, condvar_deadlock: { probably: 0, possibly: 0 }, atomicity_violation: { possibly: 1 }, invalid_free: { possibly: 0 }, use_after_free: { possibly: 0 }\n   Compiling spinbase v0.1.0 (ssh://git@github.com/shilei-massclouds/spinbase#a3496db8)\n   Compiling early_console v0.1.0 (ssh://git@github.com/shilei-massclouds/early_console#8bc0d219)\n   Compiling percpu2 v0.1.0 (ssh://git@github.com/shilei-massclouds/percpu2#2fa7f00e)\n   Compiling axerrno v0.1.0 (ssh://git@github.com/shilei-massclouds/axerrno#892169aa)\n   Compiling bit v0.1.1\n   Compiling axhal v0.1.0 (/home/runner/check/batch_14/shilei-massclouds/axhal/axhal)\n   Compiling raw-cpuid v11.2.0\n   Compiling x86_64 v0.14.13\n   Compiling ratio v0.1.0 (ssh://git@github.com/shilei-massclouds/ratio#bc2f2303)\n   Compiling memory_addr v0.1.0 (ssh://git@github.com/shilei-massclouds/memory_addr#8d24a00e)\n   Compiling lazy_init v0.1.0 (ssh://git@github.com/shilei-massclouds/lazy_init#3cee00cf)\n   Compiling static_assertions v1.1.0\nerror[E0053]: method `steps_between` has an incompatible type for trait\n   --> /home/runner/.cargo/registry/src/index.crates.io-6f17d22bba15001f/x86_64-0.14.13/src/addr.rs:387:51\n    |\n387 |     fn steps_between(start: &Self, end: &Self) -> (usize, Option<usize>) {\n    |                                                   ^^^^^^^^^^^^^^^^^^^^^^ expected `core::option::Option<usize>`, found `(usize, Option<usize>)`\n    |\n    = note: expected signature `fn(&addr::VirtAddr, &addr::VirtAddr) -> core::option::Option<usize>`\n               found signature `fn(&addr::VirtAddr, &addr::VirtAddr) -> (usize, core::option::Option<usize>)`\nhelp: change the output type to match the trait\n    |\n387 |     fn steps_between(start: &Self, end: &Self) -> core::option::Option<usize> {\n    |                                                   ~~~~~~~~~~~~~~~~~~~~~~~~~~~\n\nerror[E0053]: method `steps_between` has an incompatible type for trait\n   --> /home/runner/.cargo/registry/src/index.crates.io-6f17d22bba15001f/x86_64-0.14.13/src/structures/paging/page.rs:284:51\n    |\n284 |     fn steps_between(start: &Self, end: &Self) -> (usize, Option<usize>) {\n    |                                                   ^^^^^^^^^^^^^^^^^^^^^^ expected `core::option::Option<usize>`, found `(usize, Option<usize>)`\n    |\n    = note: expected signature `fn(&structures::paging::page::Page<_>, &structures::paging::page::Page<_>) -> core::option::Option<usize>`\n               found signature `fn(&structures::paging::page::Page<_>, &structures::paging::page::Page<_>) -> (usize, core::option::Option<usize>)`\nhelp: change the output type to match the trait\n    |\n284 |     fn steps_between(start: &Self, end: &Self) -> core::option::Option<usize> {\n    |                                                   ~~~~~~~~~~~~~~~~~~~~~~~~~~~\n\nFor more information about this error, try `rustc --explain E0053`.\nerror: could not compile `x86_64` (lib) due to 2 previous errors\nwarning: build failed, waiting for other jobs to finish...\n"]}},{"file":"(virtual) rap","count":1,"kinds":{"Cargo":["// pkg_name=axhal, checker=Rap\n// toolchain=nightly-2024-01-18, target=x86_64-unknown-none\n// pkg_dir=/home/runner/check/batch_14/shilei-massclouds/axhal/axhal\n// cmd=cargo +nightly-2024-10-12 rap -F -M -- --target x86_64-unknown-none\n// timestamp=2024-12-29 0:51:22.239626598 +08:00:00\n   Compiling equivalent v1.0.1\n   Compiling serde v1.0.217\n   Compiling hashbrown v0.15.2\n   Compiling toml_datetime v0.6.8\n   Compiling winnow v0.5.40\n   Compiling proc-macro2 v1.0.92\n   Compiling indexmap v2.7.0\n    Checking bit_field v0.10.2\n   Compiling rustversion v1.0.19\n    Checking bitflags v2.6.0\n   Compiling unicode-ident v1.0.14\n    Checking cfg-if v1.0.0\n   Compiling toml_edit v0.19.15\n    Checking bitflags v1.3.2\n    Checking volatile v0.4.6\n    Checking raw-cpuid v10.7.0\n    Checking x86_64 v0.14.13\nerror[E0053]: method `steps_between` has an incompatible type for trait\n   --> /home/runner/.cargo/registry/src/index.crates.io-6f17d22bba15001f/x86_64-0.14.13/src/addr.rs:387:51\n    |\n387 |     fn steps_between(start: &Self, end: &Self) -> (usize, Option<usize>) {\n    |                                                   ^^^^^^^^^^^^^^^^^^^^^^ expected `Option<usize>`, found `(usize, Option<usize>)`\n    |\n    = note: expected signature `fn(&addr::VirtAddr, &addr::VirtAddr) -> Option<usize>`\n               found signature `fn(&addr::VirtAddr, &addr::VirtAddr) -> (usize, Option<usize>)`\nhelp: change the output type to match the trait\n    |\n387 |     fn steps_between(start: &Self, end: &Self) -> Option<usize> {\n    |                                                   ~~~~~~~~~~~~~\n\nerror[E0053]: method `steps_between` has an incompatible type for trait\n   --> /home/runner/.cargo/registry/src/index.crates.io-6f17d22bba15001f/x86_64-0.14.13/src/structures/paging/page.rs:284:51\n    |\n284 |     fn steps_between(start: &Self, end: &Self) -> (usize, Option<usize>) {\n    |                                                   ^^^^^^^^^^^^^^^^^^^^^^ expected `Option<usize>`, found `(usize, Option<usize>)`\n    |\n    = note: expected signature `fn(&Page<_>, &Page<_>) -> Option<usize>`\n               found signature `fn(&Page<_>, &Page<_>) -> (usize, Option<usize>)`\nhelp: change the output type to match the trait\n    |\n284 |     fn steps_between(start: &Self, end: &Self) -> Option<usize> {\n    |                                                   ~~~~~~~~~~~~~\n\n   Compiling quote v1.0.38\n    Checking kernel_guard_base v0.1.0 (ssh://git@github.com/shilei-massclouds/kernel_guard_base#4e672f3e)\n    Checking log v0.4.22\nFor more information about this error, try `rustc --explain E0053`.\nerror: could not compile `x86_64` (lib) due to 2 previous errors\nwarning: build failed, waiting for other jobs to finish...\n16:51:26|RAP|ERROR|: Finished with non-zero exit code.\n"]}},{"file":"(virtual) semver-checks","count":1,"kinds":{"Cargo":["// pkg_name=axhal, checker=SemverChecks\n// toolchain=nightly-2024-01-18, target=x86_64-unknown-none\n// pkg_dir=/home/runner/check/batch_14/shilei-massclouds/axhal/axhal\n// cmd=cargo +nightly-2024-12-26-x86_64-unknown-linux-gnu semver-checks --target x86_64-unknown-none\n// timestamp=2024-12-29 0:50:51.659202396 +08:00:00\n    Building axhal v0.1.0 (current)\nerror: running cargo-doc on crate 'axhal' failed with output:\n-----\nerror: output of --print=file-names missing when learning about target-specific information from rustc\ncommand was: `/home/runner/.rustup/toolchains/nightly-2024-12-26-x86_64-unknown-linux-gnu/bin/rustc - --crate-name ___ --print=file-names --cap-lints=allow --target x86_64-unknown-none --crate-type bin --crate-type rlib --crate-type dylib --crate-type cdylib --crate-type staticlib --crate-type proc-macro --print=sysroot --print=split-debuginfo --print=crate-name --print=cfg`\n\n--- stdout\n___\nlib___.rlib\nlib___.a\n/home/runner/.rustup/toolchains/nightly-2024-12-26-x86_64-unknown-linux-gnu\noff\n___\ndebug_assertions\nfmt_debug=\"full\"\noverflow_checks\npanic=\"abort\"\nproc_macro\nrelocation_model=\"pic\"\ntarget_abi=\"\"\ntarget_arch=\"x86_64\"\ntarget_endian=\"little\"\ntarget_env=\"\"\ntarget_feature=\"fxsr\"\ntarget_feature=\"x87\"\ntarget_has_atomic\ntarget_has_atomic=\"16\"\ntarget_has_atomic=\"32\"\ntarget_has_atomic=\"64\"\ntarget_has_atomic=\"8\"\ntarget_has_atomic=\"ptr\"\ntarget_has_atomic_equal_alignment=\"16\"\ntarget_has_atomic_equal_alignment=\"32\"\ntarget_has_atomic_equal_alignment=\"64\"\ntarget_has_atomic_equal_alignment=\"8\"\ntarget_has_atomic_equal_alignment=\"ptr\"\ntarget_has_atomic_load_store\ntarget_has_atomic_load_store=\"16\"\ntarget_has_atomic_load_store=\"32\"\ntarget_has_atomic_load_store=\"64\"\ntarget_has_atomic_load_store=\"8\"\ntarget_has_atomic_load_store=\"ptr\"\ntarget_os=\"none\"\ntarget_pointer_width=\"64\"\ntarget_vendor=\"unknown\"\nub_checks\n\n\n-----\n\nerror: failed to build rustdoc for crate axhal v0.1.0\nnote: this is usually due to a compilation error in the crate,\n      and is unlikely to be a bug in cargo-semver-checks\nnote: the following command can be used to reproduce the compilation error:\n      cargo new --lib example &&\n          cd example &&\n          echo '[workspace]' >> Cargo.toml &&\n          cargo add --path /home/runner/check/batch_14/shilei-massclouds/axhal/axhal --features alloc,default,fp_simd,irq,monolithic,paging,smp &&\n          cargo check\n\nerror: aborting due to failure to build rustdoc for crate axhal v0.1.0\n"]}},{"file":"[lockbud] Not supported to display yet.","count":1,"kinds":{"Lockbud(Possibly)":["[2024-12-28T16:51:06Z WARN  lockbud::callbacks] [\n      {\n        \"AtomicityViolation\": {\n          \"bug_kind\": \"AtomicityViolation\",\n          \"possibility\": \"Possibly\",\n          \"diagnosis\": {\n            \"fn_name\": \"set_logger_racy\",\n            \"atomic_reader\": \"/home/runner/.cargo/registry/src/index.crates.io-6f17d22bba15001f/log-0.4.22/src/lib.rs:1447:11: 1447:40 (#0)\",\n            \"atomic_writer\": \"/home/runner/.cargo/registry/src/index.crates.io-6f17d22bba15001f/log-0.4.22/src/lib.rs:1450:13: 1450:56 (#0)\",\n            \"dep_kind\": \"Control\"\n          },\n          \"explanation\": \"atomic::store is data/control dependent on atomic::load\"\n        }\n      }\n    ]\n[2024-12-28T16:51:06Z WARN  lockbud::callbacks] crate log contains bugs: { probably: 0, possibly: 0 }, conflictlock: { probably: 0, possibly: 0 }, condvar_deadlock: { probably: 0, possibly: 0 }, atomicity_violation: { possibly: 1 }, invalid_free: { possibly: 0 }, use_after_free: { possibly: 0 }"]}},{"file":"[outdated direct dependencies]","count":1,"kinds":{"Outdated":["pkg=axhal, checker=Outdated\ntoolchain=nightly-2024-01-18, target=x86_64-unknown-none\npkg_dir=/home/runner/check/batch_14/shilei-massclouds/axhal/axhal\ncmd=cargo +nightly-2024-12-26-x86_64-unknown-linux-gnu outdated -R --exit-code=2\n\nName            Project  Compat  Latest  Kind    Platform\n----            -------  ------  ------  ----    --------\naarch64-cpu     9.4.0    ---     10.0.0  Normal  cfg(target_arch = \"aarch64\")\nriscv           0.10.1   ---     0.12.1  Normal  cfg(any(target_arch = \"riscv32\", target_arch = \"riscv64\"))\nsbi-rt          0.0.2    ---     0.0.3   Normal  cfg(any(target_arch = \"riscv32\", target_arch = \"riscv64\"))\ntock-registers  0.8.1    ---     0.9.0   Normal  cfg(target_arch = \"aarch64\")\nx86_64          0.14.13  ---     0.15.2  Normal  cfg(target_arch = \"x86_64\")\n"]}},{"file":"[semver checks]","count":1,"kinds":{"Semver Violation":["pkg=axhal, checker=SemverChecks\ntoolchain=nightly-2024-01-18, target=x86_64-unknown-none\npkg_dir=/home/runner/check/batch_14/shilei-massclouds/axhal/axhal\ncmd=cargo +nightly-2024-12-26-x86_64-unknown-linux-gnu semver-checks --target x86_64-unknown-none\n\n\nstdout:\n\nstderr:\n    Building axhal v0.1.0 (current)\nerror: running cargo-doc on crate 'axhal' failed with output:\n-----\nerror: output of --print=file-names missing when learning about target-specific information from rustc\ncommand was: `/home/runner/.rustup/toolchains/nightly-2024-12-26-x86_64-unknown-linux-gnu/bin/rustc - --crate-name ___ --print=file-names --cap-lints=allow --target x86_64-unknown-none --crate-type bin --crate-type rlib --crate-type dylib --crate-type cdylib --crate-type staticlib --crate-type proc-macro --print=sysroot --print=split-debuginfo --print=crate-name --print=cfg`\n\n--- stdout\n___\nlib___.rlib\nlib___.a\n/home/runner/.rustup/toolchains/nightly-2024-12-26-x86_64-unknown-linux-gnu\noff\n___\ndebug_assertions\nfmt_debug=\"full\"\noverflow_checks\npanic=\"abort\"\nproc_macro\nrelocation_model=\"pic\"\ntarget_abi=\"\"\ntarget_arch=\"x86_64\"\ntarget_endian=\"little\"\ntarget_env=\"\"\ntarget_feature=\"fxsr\"\ntarget_feature=\"x87\"\ntarget_has_atomic\ntarget_has_atomic=\"16\"\ntarget_has_atomic=\"32\"\ntarget_has_atomic=\"64\"\ntarget_has_atomic=\"8\"\ntarget_has_atomic=\"ptr\"\ntarget_has_atomic_equal_alignment=\"16\"\ntarget_has_atomic_equal_alignment=\"32\"\ntarget_has_atomic_equal_alignment=\"64\"\ntarget_has_atomic_equal_alignment=\"8\"\ntarget_has_atomic_equal_alignment=\"ptr\"\ntarget_has_atomic_load_store\ntarget_has_atomic_load_store=\"16\"\ntarget_has_atomic_load_store=\"32\"\ntarget_has_atomic_load_store=\"64\"\ntarget_has_atomic_load_store=\"8\"\ntarget_has_atomic_load_store=\"ptr\"\ntarget_os=\"none\"\ntarget_pointer_width=\"64\"\ntarget_vendor=\"unknown\"\nub_checks\n\n\n-----\n\nerror: failed to build rustdoc for crate axhal v0.1.0\nnote: this is usually due to a compilation error in the crate,\n      and is unlikely to be a bug in cargo-semver-checks\nnote: the following command can be used to reproduce the compilation error:\n      cargo new --lib example &&\n          cd example &&\n          echo '[workspace]' >> Cargo.toml &&\n          cargo add --path /home/runner/check/batch_14/shilei-massclouds/axhal/axhal --features alloc,default,fp_simd,irq,monolithic,paging,smp &&\n          cargo check\n\nerror: aborting due to failure to build rustdoc for crate axhal v0.1.0\n"]}},{"file":"src/arch/aarch64/context.rs","count":1,"kinds":{"Unformatted":["file: /home/runner/check/batch_14/shilei-massclouds/axhal/axhal/src/arch/aarch64/context.rs (original lines from 185 to 189)\n-    let mut regs = unsafe {\n-        core::slice::from_raw_parts_mut(\n-            regs as *mut TrapFrame, 1\n-        )\n-    };\n+    let mut regs = unsafe { core::slice::from_raw_parts_mut(regs as *mut TrapFrame, 1) };\n"]}},{"file":"src/arch/x86_64/sysno.rs","count":1,"kinds":{"Unformatted":["file: /home/runner/check/batch_14/shilei-massclouds/axhal/axhal/src/arch/x86_64/sysno.rs (original lines from 85 to 85)\n-pub const LINUX_SYSCALL_SETGID:usize = 106;\n+pub const LINUX_SYSCALL_SETGID: usize = 106;\n"]}}]},{"user":"shilei-massclouds","repo":"axhal","pkg":"rt_axhal","count":5,"raw_reports":[{"file":"src/main.rs","count":2,"kinds":{"Unformatted":["file: /home/runner/check/batch_14/shilei-massclouds/axhal/rt_axhal/src/main.rs (original lines from 7 to 7)\n-use core::panic::PanicInfo;\n","file: /home/runner/check/batch_14/shilei-massclouds/axhal/rt_axhal/src/main.rs (original lines from 9 to 9)\n+use core::panic::PanicInfo;\n"]}},{"file":"(virtual) lockbud","count":1,"kinds":{"Cargo":["// pkg_name=rt_axhal, checker=Lockbud\n// toolchain=nightly-2024-01-18, target=x86_64-unknown-none\n// pkg_dir=/home/runner/check/batch_14/shilei-massclouds/axhal/rt_axhal\n// cmd=cargo +nightly-2024-10-05 lockbud -k all -- --target x86_64-unknown-none\n// timestamp=2024-12-29 0:51:08.830508724 +08:00:00\n   Compiling x86_64 v0.14.13\n[2024-12-28T16:51:06Z WARN  lockbud::callbacks] [\n      {\n        \"AtomicityViolation\": {\n          \"bug_kind\": \"AtomicityViolation\",\n          \"possibility\": \"Possibly\",\n          \"diagnosis\": {\n            \"fn_name\": \"set_logger_racy\",\n            \"atomic_reader\": \"/home/runner/.cargo/registry/src/index.crates.io-6f17d22bba15001f/log-0.4.22/src/lib.rs:1447:11: 1447:40 (#0)\",\n            \"atomic_writer\": \"/home/runner/.cargo/registry/src/index.crates.io-6f17d22bba15001f/log-0.4.22/src/lib.rs:1450:13: 1450:56 (#0)\",\n            \"dep_kind\": \"Control\"\n          },\n          \"explanation\": \"atomic::store is data/control dependent on atomic::load\"\n        }\n      }\n    ]\n[2024-12-28T16:51:06Z WARN  lockbud::callbacks] crate log contains bugs: { probably: 0, possibly: 0 }, conflictlock: { probably: 0, possibly: 0 }, condvar_deadlock: { probably: 0, possibly: 0 }, atomicity_violation: { possibly: 1 }, invalid_free: { possibly: 0 }, use_after_free: { possibly: 0 }\n   Compiling axhal v0.1.0 (ssh://git@github.com/shilei-massclouds/axhal.git#db90ff50)\n   Compiling arch_boot v0.1.0 (ssh://git@github.com/shilei-massclouds/arch_boot.git#8663e839)\n   Compiling percpu2 v0.1.0 (ssh://git@github.com/shilei-massclouds/percpu2#2fa7f00e)\nerror[E0053]: method `steps_between` has an incompatible type for trait\n   --> /home/runner/.cargo/registry/src/index.crates.io-6f17d22bba15001f/x86_64-0.14.13/src/addr.rs:387:51\n    |\n387 |     fn steps_between(start: &Self, end: &Self) -> (usize, Option<usize>) {\n    |                                                   ^^^^^^^^^^^^^^^^^^^^^^ expected `core::option::Option<usize>`, found `(usize, Option<usize>)`\n    |\n    = note: expected signature `fn(&addr::VirtAddr, &addr::VirtAddr) -> core::option::Option<usize>`\n               found signature `fn(&addr::VirtAddr, &addr::VirtAddr) -> (usize, core::option::Option<usize>)`\nhelp: change the output type to match the trait\n    |\n387 |     fn steps_between(start: &Self, end: &Self) -> core::option::Option<usize> {\n    |                                                   ~~~~~~~~~~~~~~~~~~~~~~~~~~~\n\nerror[E0053]: method `steps_between` has an incompatible type for trait\n   --> /home/runner/.cargo/registry/src/index.crates.io-6f17d22bba15001f/x86_64-0.14.13/src/structures/paging/page.rs:284:51\n    |\n284 |     fn steps_between(start: &Self, end: &Self) -> (usize, Option<usize>) {\n    |                                                   ^^^^^^^^^^^^^^^^^^^^^^ expected `core::option::Option<usize>`, found `(usize, Option<usize>)`\n    |\n    = note: expected signature `fn(&structures::paging::page::Page<_>, &structures::paging::page::Page<_>) -> core::option::Option<usize>`\n               found signature `fn(&structures::paging::page::Page<_>, &structures::paging::page::Page<_>) -> (usize, core::option::Option<usize>)`\nhelp: change the output type to match the trait\n    |\n284 |     fn steps_between(start: &Self, end: &Self) -> core::option::Option<usize> {\n    |                                                   ~~~~~~~~~~~~~~~~~~~~~~~~~~~\n\nFor more information about this error, try `rustc --explain E0053`.\nerror: could not compile `x86_64` (lib) due to 2 previous errors\n"]}},{"file":"(virtual) rap","count":1,"kinds":{"Cargo":["// pkg_name=rt_axhal, checker=Rap\n// toolchain=nightly-2024-01-18, target=x86_64-unknown-none\n// pkg_dir=/home/runner/check/batch_14/shilei-massclouds/axhal/rt_axhal\n// cmd=cargo +nightly-2024-10-12 rap -F -M -- --target x86_64-unknown-none\n// timestamp=2024-12-29 0:51:39.622875449 +08:00:00\n   Compiling equivalent v1.0.1\n   Compiling hashbrown v0.15.2\n   Compiling serde v1.0.217\n   Compiling winnow v0.5.40\n   Compiling toml_datetime v0.6.8\n   Compiling rustversion v1.0.19\n   Compiling indexmap v2.7.0\n    Checking bit_field v0.10.2\n   Compiling proc-macro2 v1.0.92\n    Checking bitflags v2.6.0\n    Checking cfg-if v1.0.0\n    Checking bitflags v1.3.2\n   Compiling unicode-ident v1.0.14\n   Compiling toml_edit v0.19.15\n    Checking volatile v0.4.6\n    Checking x86_64 v0.14.13\nerror[E0053]: method `steps_between` has an incompatible type for trait\n   --> /home/runner/.cargo/registry/src/index.crates.io-6f17d22bba15001f/x86_64-0.14.13/src/addr.rs:387:51\n    |\n387 |     fn steps_between(start: &Self, end: &Self) -> (usize, Option<usize>) {\n    |                                                   ^^^^^^^^^^^^^^^^^^^^^^ expected `Option<usize>`, found `(usize, Option<usize>)`\n    |\n    = note: expected signature `fn(&addr::VirtAddr, &addr::VirtAddr) -> Option<usize>`\n               found signature `fn(&addr::VirtAddr, &addr::VirtAddr) -> (usize, Option<usize>)`\nhelp: change the output type to match the trait\n    |\n387 |     fn steps_between(start: &Self, end: &Self) -> Option<usize> {\n    |                                                   ~~~~~~~~~~~~~\n\nerror[E0053]: method `steps_between` has an incompatible type for trait\n   --> /home/runner/.cargo/registry/src/index.crates.io-6f17d22bba15001f/x86_64-0.14.13/src/structures/paging/page.rs:284:51\n    |\n284 |     fn steps_between(start: &Self, end: &Self) -> (usize, Option<usize>) {\n    |                                                   ^^^^^^^^^^^^^^^^^^^^^^ expected `Option<usize>`, found `(usize, Option<usize>)`\n    |\n    = note: expected signature `fn(&Page<_>, &Page<_>) -> Option<usize>`\n               found signature `fn(&Page<_>, &Page<_>) -> (usize, Option<usize>)`\nhelp: change the output type to match the trait\n    |\n284 |     fn steps_between(start: &Self, end: &Self) -> Option<usize> {\n    |                                                   ~~~~~~~~~~~~~\n\n    Checking raw-cpuid v10.7.0\nFor more information about this error, try `rustc --explain E0053`.\nerror: could not compile `x86_64` (lib) due to 2 previous errors\nwarning: build failed, waiting for other jobs to finish...\n16:51:44|RAP|ERROR|: Finished with non-zero exit code.\n"]}},{"file":"[lockbud] Not supported to display yet.","count":1,"kinds":{"Lockbud(Possibly)":["[2024-12-28T16:51:06Z WARN  lockbud::callbacks] [\n      {\n        \"AtomicityViolation\": {\n          \"bug_kind\": \"AtomicityViolation\",\n          \"possibility\": \"Possibly\",\n          \"diagnosis\": {\n            \"fn_name\": \"set_logger_racy\",\n            \"atomic_reader\": \"/home/runner/.cargo/registry/src/index.crates.io-6f17d22bba15001f/log-0.4.22/src/lib.rs:1447:11: 1447:40 (#0)\",\n            \"atomic_writer\": \"/home/runner/.cargo/registry/src/index.crates.io-6f17d22bba15001f/log-0.4.22/src/lib.rs:1450:13: 1450:56 (#0)\",\n            \"dep_kind\": \"Control\"\n          },\n          \"explanation\": \"atomic::store is data/control dependent on atomic::load\"\n        }\n      }\n    ]\n[2024-12-28T16:51:06Z WARN  lockbud::callbacks] crate log contains bugs: { probably: 0, possibly: 0 }, conflictlock: { probably: 0, possibly: 0 }, condvar_deadlock: { probably: 0, possibly: 0 }, atomicity_violation: { possibly: 1 }, invalid_free: { possibly: 0 }, use_after_free: { possibly: 0 }"]}}]}],"kinds_order":["Cargo","Clippy(Error)","Clippy(Warn)","Semver Violation","Audit","Mirai","Rap","Rudra","Lockbud(Probably)","Lockbud(Possibly)","Outdated","Geiger","Unformatted"]}