{"repo":{"user":"kern-crates","repo":"zCore"},"data":[{"user":"kern-crates","repo":"zCore","pkg":"zcore","count":169,"raw_reports":[{"file":"/home/runner/.cargo/registry/src/github.com-1ecc6299db9ec823/log-0.4.21/src/lib.rs","count":97,"kinds":{"Clippy(Error)":["error[E0463]: can't find crate for `core`\n  |\n  = note: the `x86_64-unknown-uefi` target may not be installed\n  = help: consider downloading the target with `rustup target add x86_64-unknown-uefi`\n  = help: consider building the standard library from source with `cargo build -Zbuild-std`\n\n","error[E0463]: can't find crate for `compiler_builtins`\n\n","error[E0463]: can't find crate for `core`\n   --> /home/runner/.cargo/registry/src/github.com-1ecc6299db9ec823/log-0.4.21/src/lib.rs:346:1\n    |\n346 | extern crate core as std;\n    | ^^^^^^^^^^^^^^^^^^^^^^^^^ can't find crate\n    |\n    = note: the `x86_64-unknown-uefi` target may not be installed\n    = help: consider downloading the target with `rustup target add x86_64-unknown-uefi`\n    = help: consider building the standard library from source with `cargo build -Zbuild-std`\n\n","error: cannot determine resolution for the macro `cfg`\n    --> /home/runner/.cargo/registry/src/github.com-1ecc6299db9ec823/log-0.4.21/src/lib.rs:1500:10\n     |\n1500 |     _ if cfg!(feature = \"max_level_debug\") => LevelFilter::Debug,\n     |          ^^^\n     |\n     = note: import resolution is stuck, try simplifying macro imports\n\n","error: cannot determine resolution for the macro `cfg`\n    --> /home/runner/.cargo/registry/src/github.com-1ecc6299db9ec823/log-0.4.21/src/lib.rs:1499:10\n     |\n1499 |     _ if cfg!(feature = \"max_level_info\") => LevelFilter::Info,\n     |          ^^^\n     |\n     = note: import resolution is stuck, try simplifying macro imports\n\n","error: cannot determine resolution for the macro `cfg`\n    --> /home/runner/.cargo/registry/src/github.com-1ecc6299db9ec823/log-0.4.21/src/lib.rs:1498:10\n     |\n1498 |     _ if cfg!(feature = \"max_level_warn\") => LevelFilter::Warn,\n     |          ^^^\n     |\n     = note: import resolution is stuck, try simplifying macro imports\n\n","error: cannot determine resolution for the macro `cfg`\n    --> /home/runner/.cargo/registry/src/github.com-1ecc6299db9ec823/log-0.4.21/src/lib.rs:1497:10\n     |\n1497 |     _ if cfg!(feature = \"max_level_error\") => LevelFilter::Error,\n     |          ^^^\n     |\n     = note: import resolution is stuck, try simplifying macro imports\n\n","error: cannot determine resolution for the macro `cfg`\n    --> /home/runner/.cargo/registry/src/github.com-1ecc6299db9ec823/log-0.4.21/src/lib.rs:1496:10\n     |\n1496 |     _ if cfg!(feature = \"max_level_off\") => LevelFilter::Off,\n     |          ^^^\n     |\n     = note: import resolution is stuck, try simplifying macro imports\n\n","error: cannot determine resolution for the macro `cfg`\n    --> /home/runner/.cargo/registry/src/github.com-1ecc6299db9ec823/log-0.4.21/src/lib.rs:1495:14\n     |\n1495 |     false if cfg!(feature = \"release_max_level_trace\") => LevelFilter::Trace,\n     |              ^^^\n     |\n     = note: import resolution is stuck, try simplifying macro imports\n\n","error: cannot determine resolution for the macro `cfg`\n    --> /home/runner/.cargo/registry/src/github.com-1ecc6299db9ec823/log-0.4.21/src/lib.rs:1494:14\n     |\n1494 |     false if cfg!(feature = \"release_max_level_debug\") => LevelFilter::Debug,\n     |              ^^^\n     |\n     = note: import resolution is stuck, try simplifying macro imports\n\n","error: cannot determine resolution for the macro `cfg`\n    --> /home/runner/.cargo/registry/src/github.com-1ecc6299db9ec823/log-0.4.21/src/lib.rs:1493:14\n     |\n1493 |     false if cfg!(feature = \"release_max_level_info\") => LevelFilter::Info,\n     |              ^^^\n     |\n     = note: import resolution is stuck, try simplifying macro imports\n\n","error: cannot determine resolution for the macro `cfg`\n    --> /home/runner/.cargo/registry/src/github.com-1ecc6299db9ec823/log-0.4.21/src/lib.rs:1492:14\n     |\n1492 |     false if cfg!(feature = \"release_max_level_warn\") => LevelFilter::Warn,\n     |              ^^^\n     |\n     = note: import resolution is stuck, try simplifying macro imports\n\n","error: cannot determine resolution for the macro `cfg`\n    --> /home/runner/.cargo/registry/src/github.com-1ecc6299db9ec823/log-0.4.21/src/lib.rs:1491:14\n     |\n1491 |     false if cfg!(feature = \"release_max_level_error\") => LevelFilter::Error,\n     |              ^^^\n     |\n     = note: import resolution is stuck, try simplifying macro imports\n\n","error: cannot determine resolution for the macro `cfg`\n    --> /home/runner/.cargo/registry/src/github.com-1ecc6299db9ec823/log-0.4.21/src/lib.rs:1490:14\n     |\n1490 |     false if cfg!(feature = \"release_max_level_off\") => LevelFilter::Off,\n     |              ^^^\n     |\n     = note: import resolution is stuck, try simplifying macro imports\n\n","error: cannot determine resolution for the macro `cfg`\n    --> /home/runner/.cargo/registry/src/github.com-1ecc6299db9ec823/log-0.4.21/src/lib.rs:1489:49\n     |\n1489 | pub const STATIC_MAX_LEVEL: LevelFilter = match cfg!(debug_assertions) {\n     |                                                 ^^^\n     |\n     = note: import resolution is stuck, try simplifying macro imports\n\n","error: cannot find attribute `derive` in this scope\n    --> /home/runner/.cargo/registry/src/github.com-1ecc6299db9ec823/log-0.4.21/src/lib.rs:1443:3\n     |\n1443 | #[derive(Debug, PartialEq, Eq)]\n     |   ^^^^^^\n\n","error: cannot find attribute `derive` in this scope\n    --> /home/runner/.cargo/registry/src/github.com-1ecc6299db9ec823/log-0.4.21/src/lib.rs:1426:3\n     |\n1426 | #[derive(Debug)]\n     |   ^^^^^^\n\n","error: cannot find macro `unreachable` in this scope\n    --> /home/runner/.cargo/registry/src/github.com-1ecc6299db9ec823/log-0.4.21/src/lib.rs:1416:13\n     |\n1416 |             unreachable!(\"set_logger_racy must not be used with other initialization functions\")\n     |             ^^^^^^^^^^^\n\n","error: cannot find attribute `derive` in this scope\n    --> /home/runner/.cargo/registry/src/github.com-1ecc6299db9ec823/log-0.4.21/src/lib.rs:1077:3\n     |\n1077 | #[derive(Eq, PartialEq, Ord, PartialOrd, Hash, Debug)]\n     |   ^^^^^^\n\n","error: cannot find attribute `derive` in this scope\n    --> /home/runner/.cargo/registry/src/github.com-1ecc6299db9ec823/log-0.4.21/src/lib.rs:1035:3\n     |\n1035 | #[derive(Clone, Eq, PartialEq, Ord, PartialOrd, Hash, Debug)]\n     |   ^^^^^^\n\n","error: cannot find macro `format_args` in this scope\n   --> /home/runner/.cargo/registry/src/github.com-1ecc6299db9ec823/log-0.4.21/src/lib.rs:902:23\n    |\n902 |                 args: format_args!(\"\"),\n    |                       ^^^^^^^^^^^\n\n","error: cannot find attribute `derive` in this scope\n   --> /home/runner/.cargo/registry/src/github.com-1ecc6299db9ec823/log-0.4.21/src/lib.rs:880:3\n    |\n880 | #[derive(Debug)]\n    |   ^^^^^^\n\n","error: cannot find attribute `derive` in this scope\n   --> /home/runner/.cargo/registry/src/github.com-1ecc6299db9ec823/log-0.4.21/src/lib.rs:719:3\n    |\n719 | #[derive(Clone, Debug)]\n    |   ^^^^^^\n\n","error: cannot find attribute `derive` in this scope\n   --> /home/runner/.cargo/registry/src/github.com-1ecc6299db9ec823/log-0.4.21/src/lib.rs:658:3\n    |\n658 | #[derive(Copy, Clone, Eq, PartialEq, Ord, PartialOrd, Hash, Debug)]\n    |   ^^^^^^\n\n","error: cannot find attribute `derive` in this scope\n   --> /home/runner/.cargo/registry/src/github.com-1ecc6299db9ec823/log-0.4.21/src/lib.rs:558:3\n    |\n558 | #[derive(Clone, Copy, PartialEq, Eq, PartialOrd, Ord, Debug, Hash)]\n    |   ^^^^^^\n\n","error: cannot find attribute `derive` in this scope\n   --> /home/runner/.cargo/registry/src/github.com-1ecc6299db9ec823/log-0.4.21/src/lib.rs:438:3\n    |\n438 | #[derive(Clone, Copy, PartialEq, Eq, PartialOrd, Ord, Debug, Hash)]\n    |   ^^^^^^\n\n","error[E0405]: cannot find trait `PartialEq` in this scope\n   --> /home/runner/.cargo/registry/src/github.com-1ecc6299db9ec823/log-0.4.21/src/lib.rs:465:6\n    |\n465 | impl PartialEq<LevelFilter> for Level {\n    |      ^^^^^^^^^ not found in this scope\n\n","error[E0405]: cannot find trait `PartialOrd` in this scope\n   --> /home/runner/.cargo/registry/src/github.com-1ecc6299db9ec823/log-0.4.21/src/lib.rs:472:6\n    |\n472 | impl PartialOrd<LevelFilter> for Level {\n    |      ^^^^^^^^^^ not found in this scope\n\n","error[E0412]: cannot find type `Option` in this scope\n   --> /home/runner/.cargo/registry/src/github.com-1ecc6299db9ec823/log-0.4.21/src/lib.rs:474:51\n    |\n474 |     fn partial_cmp(&self, other: &LevelFilter) -> Option<cmp::Ordering> {\n    |                                                   ^^^^^^ not found in this scope\n\n","error[E0412]: cannot find type `Result` in this scope\n   --> /home/runner/.cargo/registry/src/github.com-1ecc6299db9ec823/log-0.4.21/src/lib.rs:481:33\n    |\n481 |     fn from_str(level: &str) -> Result<Level, Self::Err> {\n    |                                 ^^^^^^ not found in this scope\n\n","error[E0412]: cannot find type `Option` in this scope\n   --> /home/runner/.cargo/registry/src/github.com-1ecc6299db9ec823/log-0.4.21/src/lib.rs:500:32\n    |\n500 |     fn from_usize(u: usize) -> Option<Level> {\n    |                                ^^^^^^ not found in this scope\n\n","error[E0425]: cannot find value `None` in this scope\n   --> /home/runner/.cargo/registry/src/github.com-1ecc6299db9ec823/log-0.4.21/src/lib.rs:507:18\n    |\n507 |             _ => None,\n    |                  ^^^^ not found in this scope\n\n","error[E0405]: cannot find trait `Iterator` in this scope\n   --> /home/runner/.cargo/registry/src/github.com-1ecc6299db9ec823/log-0.4.21/src/lib.rs:544:27\n    |\n544 |     pub fn iter() -> impl Iterator<Item = Self> {\n    |                           ^^^^^^^^ not found in this scope\n\n","error[E0405]: cannot find trait `PartialEq` in this scope\n   --> /home/runner/.cargo/registry/src/github.com-1ecc6299db9ec823/log-0.4.21/src/lib.rs:574:6\n    |\n574 | impl PartialEq<Level> for LevelFilter {\n    |      ^^^^^^^^^ not found in this scope\n\n","error[E0405]: cannot find trait `PartialOrd` in this scope\n   --> /home/runner/.cargo/registry/src/github.com-1ecc6299db9ec823/log-0.4.21/src/lib.rs:581:6\n    |\n581 | impl PartialOrd<Level> for LevelFilter {\n    |      ^^^^^^^^^^ not found in this scope\n\n","error[E0412]: cannot find type `Option` in this scope\n   --> /home/runner/.cargo/registry/src/github.com-1ecc6299db9ec823/log-0.4.21/src/lib.rs:583:45\n    |\n583 |     fn partial_cmp(&self, other: &Level) -> Option<cmp::Ordering> {\n    |                                             ^^^^^^ not found in this scope\n\n","error[E0412]: cannot find type `Result` in this scope\n   --> /home/runner/.cargo/registry/src/github.com-1ecc6299db9ec823/log-0.4.21/src/lib.rs:590:33\n    |\n590 |     fn from_str(level: &str) -> Result<LevelFilter, Self::Err> {\n    |                                 ^^^^^^ not found in this scope\n\n","error[E0412]: cannot find type `Option` in this scope\n   --> /home/runner/.cargo/registry/src/github.com-1ecc6299db9ec823/log-0.4.21/src/lib.rs:606:32\n    |\n606 |     fn from_usize(u: usize) -> Option<LevelFilter> {\n    |                                ^^^^^^ not found in this scope\n\n","error[E0425]: cannot find value `None` in this scope\n   --> /home/runner/.cargo/registry/src/github.com-1ecc6299db9ec823/log-0.4.21/src/lib.rs:614:18\n    |\n614 |             _ => None,\n    |                  ^^^^ not found in this scope\n\n","error[E0412]: cannot find type `Option` in this scope\n   --> /home/runner/.cargo/registry/src/github.com-1ecc6299db9ec823/log-0.4.21/src/lib.rs:628:31\n    |\n628 |     pub fn to_level(&self) -> Option<Level> {\n    |                               ^^^^^^ not found in this scope\n\n","error[E0405]: cannot find trait `Iterator` in this scope\n   --> /home/runner/.cargo/registry/src/github.com-1ecc6299db9ec823/log-0.4.21/src/lib.rs:653:27\n    |\n653 |     pub fn iter() -> impl Iterator<Item = Self> {\n    |                           ^^^^^^^^ not found in this scope\n\n","error[E0412]: cannot find type `Option` in this scope\n   --> /home/runner/.cargo/registry/src/github.com-1ecc6299db9ec823/log-0.4.21/src/lib.rs:723:18\n    |\n723 |     module_path: Option<MaybeStaticStr<'a>>,\n    |                  ^^^^^^ not found in this scope\n\n","error[E0412]: cannot find type `Option` in this scope\n   --> /home/runner/.cargo/registry/src/github.com-1ecc6299db9ec823/log-0.4.21/src/lib.rs:724:11\n    |\n724 |     file: Option<MaybeStaticStr<'a>>,\n    |           ^^^^^^ not found in this scope\n\n","error[E0412]: cannot find type `Option` in this scope\n   --> /home/runner/.cargo/registry/src/github.com-1ecc6299db9ec823/log-0.4.21/src/lib.rs:725:11\n    |\n725 |     line: Option<u32>,\n    |           ^^^^^^ not found in this scope\n\n","error[E0412]: cannot find type `Option` in this scope\n   --> /home/runner/.cargo/registry/src/github.com-1ecc6299db9ec823/log-0.4.21/src/lib.rs:780:34\n    |\n780 |     pub fn module_path(&self) -> Option<&'a str> {\n    |                                  ^^^^^^ not found in this scope\n\n","error[E0412]: cannot find type `Option` in this scope\n   --> /home/runner/.cargo/registry/src/github.com-1ecc6299db9ec823/log-0.4.21/src/lib.rs:786:41\n    |\n786 |     pub fn module_path_static(&self) -> Option<&'static str> {\n    |                                         ^^^^^^ not found in this scope\n\n","error[E0531]: cannot find tuple struct or tuple variant `Some` in this scope\n   --> /home/runner/.cargo/registry/src/github.com-1ecc6299db9ec823/log-0.4.21/src/lib.rs:788:13\n    |\n788 |             Some(MaybeStaticStr::Static(s)) => Some(s),\n    |             ^^^^ not found in this scope\n\n","error[E0425]: cannot find value `None` in this scope\n   --> /home/runner/.cargo/registry/src/github.com-1ecc6299db9ec823/log-0.4.21/src/lib.rs:789:18\n    |\n789 |             _ => None,\n    |                  ^^^^ not found in this scope\n\n","error[E0412]: cannot find type `Option` in this scope\n   --> /home/runner/.cargo/registry/src/github.com-1ecc6299db9ec823/log-0.4.21/src/lib.rs:795:27\n    |\n795 |     pub fn file(&self) -> Option<&'a str> {\n    |                           ^^^^^^ not found in this scope\n\n","error[E0412]: cannot find type `Option` in this scope\n   --> /home/runner/.cargo/registry/src/github.com-1ecc6299db9ec823/log-0.4.21/src/lib.rs:801:34\n    |\n801 |     pub fn file_static(&self) -> Option<&'static str> {\n    |                                  ^^^^^^ not found in this scope\n\n","error[E0531]: cannot find tuple struct or tuple variant `Some` in this scope\n   --> /home/runner/.cargo/registry/src/github.com-1ecc6299db9ec823/log-0.4.21/src/lib.rs:803:13\n    |\n803 |             Some(MaybeStaticStr::Static(s)) => Some(s),\n    |             ^^^^ not found in this scope\n\n","error[E0425]: cannot find value `None` in this scope\n   --> /home/runner/.cargo/registry/src/github.com-1ecc6299db9ec823/log-0.4.21/src/lib.rs:804:18\n    |\n804 |             _ => None,\n    |                  ^^^^ not found in this scope\n\n","error[E0412]: cannot find type `Option` in this scope\n   --> /home/runner/.cargo/registry/src/github.com-1ecc6299db9ec823/log-0.4.21/src/lib.rs:810:27\n    |\n810 |     pub fn line(&self) -> Option<u32> {\n    |                           ^^^^^^ not found in this scope\n\n","error[E0425]: cannot find value `None` in this scope\n   --> /home/runner/.cargo/registry/src/github.com-1ecc6299db9ec823/log-0.4.21/src/lib.rs:904:30\n    |\n904 |                 module_path: None,\n    |                              ^^^^ not found in this scope\n\n","error[E0425]: cannot find value `None` in this scope\n   --> /home/runner/.cargo/registry/src/github.com-1ecc6299db9ec823/log-0.4.21/src/lib.rs:905:23\n    |\n905 |                 file: None,\n    |                       ^^^^ not found in this scope\n\n","error[E0425]: cannot find value `None` in this scope\n   --> /home/runner/.cargo/registry/src/github.com-1ecc6299db9ec823/log-0.4.21/src/lib.rs:906:23\n    |\n906 |                 line: None,\n    |                       ^^^^ not found in this scope\n\n","error[E0412]: cannot find type `Option` in this scope\n   --> /home/runner/.cargo/registry/src/github.com-1ecc6299db9ec823/log-0.4.21/src/lib.rs:943:41\n    |\n943 |     pub fn module_path(&mut self, path: Option<&'a str>) -> &mut RecordBuilder<'a> {\n    |                                         ^^^^^^ not found in this scope\n\n","error[E0412]: cannot find type `Option` in this scope\n   --> /home/runner/.cargo/registry/src/github.com-1ecc6299db9ec823/log-0.4.21/src/lib.rs:950:48\n    |\n950 |     pub fn module_path_static(&mut self, path: Option<&'static str>) -> &mut RecordBuilder<'a> {\n    |                                                ^^^^^^ not found in this scope\n\n","error[E0412]: cannot find type `Option` in this scope\n   --> /home/runner/.cargo/registry/src/github.com-1ecc6299db9ec823/log-0.4.21/src/lib.rs:957:34\n    |\n957 |     pub fn file(&mut self, file: Option<&'a str>) -> &mut RecordBuilder<'a> {\n    |                                  ^^^^^^ not found in this scope\n\n","error[E0412]: cannot find type `Option` in this scope\n   --> /home/runner/.cargo/registry/src/github.com-1ecc6299db9ec823/log-0.4.21/src/lib.rs:964:41\n    |\n964 |     pub fn file_static(&mut self, file: Option<&'static str>) -> &mut RecordBuilder<'a> {\n    |                                         ^^^^^^ not found in this scope\n\n","error[E0412]: cannot find type `Option` in this scope\n   --> /home/runner/.cargo/registry/src/github.com-1ecc6299db9ec823/log-0.4.21/src/lib.rs:971:34\n    |\n971 |     pub fn line(&mut self, line: Option<u32>) -> &mut RecordBuilder<'a> {\n    |                                  ^^^^^^ not found in this scope\n\n","error[E0405]: cannot find trait `Default` in this scope\n   --> /home/runner/.cargo/registry/src/github.com-1ecc6299db9ec823/log-0.4.21/src/lib.rs:991:10\n    |\n991 | impl<'a> Default for RecordBuilder<'a> {\n    |          ^^^^^^^ not found in this scope\n\n","error[E0405]: cannot find trait `Default` in this scope\n    --> /home/runner/.cargo/registry/src/github.com-1ecc6299db9ec823/log-0.4.21/src/lib.rs:1120:10\n     |\n1120 | impl<'a> Default for MetadataBuilder<'a> {\n     |          ^^^^^^^ not found in this scope\n\n","error[E0405]: cannot find trait `Sync` in this scope\n    --> /home/runner/.cargo/registry/src/github.com-1ecc6299db9ec823/log-0.4.21/src/lib.rs:1127:16\n     |\n1127 | pub trait Log: Sync + Send {\n     |                ^^^^ not found in this scope\n\n","error[E0405]: cannot find trait `Send` in this scope\n    --> /home/runner/.cargo/registry/src/github.com-1ecc6299db9ec823/log-0.4.21/src/lib.rs:1127:23\n     |\n1127 | pub trait Log: Sync + Send {\n     |                       ^^^^ not found in this scope\n\n","error[E0405]: cannot find trait `Sized` in this scope\n    --> /home/runner/.cargo/registry/src/github.com-1ecc6299db9ec823/log-0.4.21/src/lib.rs:1169:9\n     |\n1169 |     T: ?Sized + Log,\n     |         ^^^^^ not found in this scope\n\n","error[E0412]: cannot find type `Result` in this scope\n    --> /home/runner/.cargo/registry/src/github.com-1ecc6299db9ec823/log-0.4.21/src/lib.rs:1351:48\n     |\n1351 | pub fn set_logger(logger: &'static dyn Log) -> Result<(), SetLoggerError> {\n     |                                                ^^^^^^ not found in this scope\n\n","error[E0405]: cannot find trait `FnOnce` in this scope\n    --> /home/runner/.cargo/registry/src/github.com-1ecc6299db9ec823/log-0.4.21/src/lib.rs:1358:8\n     |\n1358 |     F: FnOnce() -> &'static dyn Log,\n     |        ^^^^^^ not found in this scope\n\n","error[E0412]: cannot find type `Result` in this scope\n    --> /home/runner/.cargo/registry/src/github.com-1ecc6299db9ec823/log-0.4.21/src/lib.rs:1356:43\n     |\n1356 | fn set_logger_inner<F>(make_logger: F) -> Result<(), SetLoggerError>\n     |                                           ^^^^^^ not found in this scope\n\n","error[E0531]: cannot find tuple struct or tuple variant `Ok` in this scope\n    --> /home/runner/.cargo/registry/src/github.com-1ecc6299db9ec823/log-0.4.21/src/lib.rs:1366:9\n     |\n1366 |         Ok(s) | Err(s) => s,\n     |         ^^ not found in this scope\n\n","error[E0531]: cannot find tuple struct or tuple variant `Err` in this scope\n    --> /home/runner/.cargo/registry/src/github.com-1ecc6299db9ec823/log-0.4.21/src/lib.rs:1366:17\n     |\n1366 |         Ok(s) | Err(s) => s,\n     |                 ^^^ not found in this scope\n\n","error[E0412]: cannot find type `Result` in this scope\n    --> /home/runner/.cargo/registry/src/github.com-1ecc6299db9ec823/log-0.4.21/src/lib.rs:1407:60\n     |\n1407 | pub unsafe fn set_logger_racy(logger: &'static dyn Log) -> Result<(), SetLoggerError> {\n     |                                                            ^^^^^^ not found in this scope\n\n","error[E0659]: `cfg` is ambiguous\n   --> /home/runner/.cargo/registry/src/github.com-1ecc6299db9ec823/log-0.4.21/src/lib.rs:345:3\n    |\n345 | #[cfg(all(not(feature = \"std\"), not(test)))]\n    |   ^^^ ambiguous name\n    |\n    = note: ambiguous because of a name conflict with a builtin attribute\n    = note: `cfg` could refer to a built-in attribute\nnote: `cfg` could also refer to the unresolved item imported here\n   --> /home/runner/.cargo/registry/src/github.com-1ecc6299db9ec823/log-0.4.21/src/lib.rs:348:5\n    |\n348 | use std::cfg;\n    |     ^^^^^^^^\n    = help: use `crate::cfg` to refer to this unresolved item unambiguously\n\n","error[E0659]: `cfg` is ambiguous\n   --> /home/runner/.cargo/registry/src/github.com-1ecc6299db9ec823/log-0.4.21/src/lib.rs:361:3\n    |\n361 | #[cfg(target_has_atomic = \"ptr\")]\n    |   ^^^ ambiguous name\n    |\n    = note: ambiguous because of a name conflict with a builtin attribute\n    = note: `cfg` could refer to a built-in attribute\nnote: `cfg` could also refer to the unresolved item imported here\n   --> /home/runner/.cargo/registry/src/github.com-1ecc6299db9ec823/log-0.4.21/src/lib.rs:348:5\n    |\n348 | use std::cfg;\n    |     ^^^^^^^^\n    = help: use `crate::cfg` to refer to this unresolved item unambiguously\n\n","error[E0659]: `cfg` is ambiguous\n    --> /home/runner/.cargo/registry/src/github.com-1ecc6299db9ec823/log-0.4.21/src/lib.rs:1223:3\n     |\n1223 | #[cfg(target_has_atomic = \"ptr\")]\n     |   ^^^ ambiguous name\n     |\n     = note: ambiguous because of a name conflict with a builtin attribute\n     = note: `cfg` could refer to a built-in attribute\nnote: `cfg` could also refer to the unresolved item imported here\n    --> /home/runner/.cargo/registry/src/github.com-1ecc6299db9ec823/log-0.4.21/src/lib.rs:348:5\n     |\n348  | use std::cfg;\n     |     ^^^^^^^^\n     = help: use `crate::cfg` to refer to this unresolved item unambiguously\n\n","error[E0659]: `cfg` is ambiguous\n    --> /home/runner/.cargo/registry/src/github.com-1ecc6299db9ec823/log-0.4.21/src/lib.rs:1350:3\n     |\n1350 | #[cfg(target_has_atomic = \"ptr\")]\n     |   ^^^ ambiguous name\n     |\n     = note: ambiguous because of a name conflict with a builtin attribute\n     = note: `cfg` could refer to a built-in attribute\nnote: `cfg` could also refer to the unresolved item imported here\n    --> /home/runner/.cargo/registry/src/github.com-1ecc6299db9ec823/log-0.4.21/src/lib.rs:348:5\n     |\n348  | use std::cfg;\n     |     ^^^^^^^^\n     = help: use `crate::cfg` to refer to this unresolved item unambiguously\n\n","error[E0659]: `cfg` is ambiguous\n    --> /home/runner/.cargo/registry/src/github.com-1ecc6299db9ec823/log-0.4.21/src/lib.rs:1355:3\n     |\n1355 | #[cfg(target_has_atomic = \"ptr\")]\n     |   ^^^ ambiguous name\n     |\n     = note: ambiguous because of a name conflict with a builtin attribute\n     = note: `cfg` could refer to a built-in attribute\nnote: `cfg` could also refer to the unresolved item imported here\n    --> /home/runner/.cargo/registry/src/github.com-1ecc6299db9ec823/log-0.4.21/src/lib.rs:348:5\n     |\n348  | use std::cfg;\n     |     ^^^^^^^^\n     = help: use `crate::cfg` to refer to this unresolved item unambiguously\n\n","error[E0425]: cannot find function, tuple struct or tuple variant `Some` in this scope\n   --> /home/runner/.cargo/registry/src/github.com-1ecc6299db9ec823/log-0.4.21/src/lib.rs:475:9\n    |\n475 |         Some((*self as usize).cmp(&(*other as usize)))\n    |         ^^^^ not found in this scope\n\n","error[E0425]: cannot find function, tuple struct or tuple variant `Some` in this scope\n   --> /home/runner/.cargo/registry/src/github.com-1ecc6299db9ec823/log-0.4.21/src/lib.rs:502:18\n    |\n502 |             1 => Some(Level::Error),\n    |                  ^^^^ not found in this scope\n\n","error[E0425]: cannot find function, tuple struct or tuple variant `Some` in this scope\n   --> /home/runner/.cargo/registry/src/github.com-1ecc6299db9ec823/log-0.4.21/src/lib.rs:503:18\n    |\n503 |             2 => Some(Level::Warn),\n    |                  ^^^^ not found in this scope\n\n","error[E0425]: cannot find function, tuple struct or tuple variant `Some` in this scope\n   --> /home/runner/.cargo/registry/src/github.com-1ecc6299db9ec823/log-0.4.21/src/lib.rs:504:18\n    |\n504 |             3 => Some(Level::Info),\n    |                  ^^^^ not found in this scope\n\n","error[E0425]: cannot find function, tuple struct or tuple variant `Some` in this scope\n   --> /home/runner/.cargo/registry/src/github.com-1ecc6299db9ec823/log-0.4.21/src/lib.rs:505:18\n    |\n505 |             4 => Some(Level::Debug),\n    |                  ^^^^ not found in this scope\n\n","error[E0425]: cannot find function, tuple struct or tuple variant `Some` in this scope\n   --> /home/runner/.cargo/registry/src/github.com-1ecc6299db9ec823/log-0.4.21/src/lib.rs:506:18\n    |\n506 |             5 => Some(Level::Trace),\n    |                  ^^^^ not found in this scope\n\n","error[E0425]: cannot find function, tuple struct or tuple variant `Some` in this scope\n   --> /home/runner/.cargo/registry/src/github.com-1ecc6299db9ec823/log-0.4.21/src/lib.rs:584:9\n    |\n584 |         Some((*self as usize).cmp(&(*other as usize)))\n    |         ^^^^ not found in this scope\n\n","error[E0425]: cannot find function, tuple struct or tuple variant `Some` in this scope\n   --> /home/runner/.cargo/registry/src/github.com-1ecc6299db9ec823/log-0.4.21/src/lib.rs:608:18\n    |\n608 |             0 => Some(LevelFilter::Off),\n    |                  ^^^^ not found in this scope\n\n","error[E0425]: cannot find function, tuple struct or tuple variant `Some` in this scope\n   --> /home/runner/.cargo/registry/src/github.com-1ecc6299db9ec823/log-0.4.21/src/lib.rs:609:18\n    |\n609 |             1 => Some(LevelFilter::Error),\n    |                  ^^^^ not found in this scope\n\n","error[E0425]: cannot find function, tuple struct or tuple variant `Some` in this scope\n   --> /home/runner/.cargo/registry/src/github.com-1ecc6299db9ec823/log-0.4.21/src/lib.rs:610:18\n    |\n610 |             2 => Some(LevelFilter::Warn),\n    |                  ^^^^ not found in this scope\n\n","error[E0425]: cannot find function, tuple struct or tuple variant `Some` in this scope\n   --> /home/runner/.cargo/registry/src/github.com-1ecc6299db9ec823/log-0.4.21/src/lib.rs:611:18\n    |\n611 |             3 => Some(LevelFilter::Info),\n    |                  ^^^^ not found in this scope\n\n","error[E0425]: cannot find function, tuple struct or tuple variant `Some` in this scope\n   --> /home/runner/.cargo/registry/src/github.com-1ecc6299db9ec823/log-0.4.21/src/lib.rs:612:18\n    |\n612 |             4 => Some(LevelFilter::Debug),\n    |                  ^^^^ not found in this scope\n\n","error[E0425]: cannot find function, tuple struct or tuple variant `Some` in this scope\n   --> /home/runner/.cargo/registry/src/github.com-1ecc6299db9ec823/log-0.4.21/src/lib.rs:613:18\n    |\n613 |             5 => Some(LevelFilter::Trace),\n    |                  ^^^^ not found in this scope\n\n","error[E0425]: cannot find function, tuple struct or tuple variant `Some` in this scope\n   --> /home/runner/.cargo/registry/src/github.com-1ecc6299db9ec823/log-0.4.21/src/lib.rs:788:48\n    |\n788 |             Some(MaybeStaticStr::Static(s)) => Some(s),\n    |                                                ^^^^ not found in this scope\n\n","error[E0425]: cannot find function, tuple struct or tuple variant `Some` in this scope\n   --> /home/runner/.cargo/registry/src/github.com-1ecc6299db9ec823/log-0.4.21/src/lib.rs:803:48\n    |\n803 |             Some(MaybeStaticStr::Static(s)) => Some(s),\n    |                                                ^^^^ not found in this scope\n\n","error[E0425]: cannot find function, tuple struct or tuple variant `Ok` in this scope\n    --> /home/runner/.cargo/registry/src/github.com-1ecc6299db9ec823/log-0.4.21/src/lib.rs:1374:13\n     |\n1374 |             Ok(())\n     |             ^^ not found in this scope\n\n","error[E0425]: cannot find function, tuple struct or tuple variant `Err` in this scope\n    --> /home/runner/.cargo/registry/src/github.com-1ecc6299db9ec823/log-0.4.21/src/lib.rs:1382:13\n     |\n1382 |             Err(SetLoggerError(()))\n     |             ^^^ not found in this scope\n\n","error[E0425]: cannot find function, tuple struct or tuple variant `Err` in this scope\n    --> /home/runner/.cargo/registry/src/github.com-1ecc6299db9ec823/log-0.4.21/src/lib.rs:1384:14\n     |\n1384 |         _ => Err(SetLoggerError(())),\n     |              ^^^ not found in this scope\n\n","error[E0425]: cannot find function, tuple struct or tuple variant `Ok` in this scope\n    --> /home/runner/.cargo/registry/src/github.com-1ecc6299db9ec823/log-0.4.21/src/lib.rs:1412:13\n     |\n1412 |             Ok(())\n     |             ^^ not found in this scope\n\n","error[E0425]: cannot find function, tuple struct or tuple variant `Err` in this scope\n    --> /home/runner/.cargo/registry/src/github.com-1ecc6299db9ec823/log-0.4.21/src/lib.rs:1418:14\n     |\n1418 |         _ => Err(SetLoggerError(())),\n     |              ^^^ not found in this scope\n\n"]}},{"file":"/home/runner/.cargo/registry/src/github.com-1ecc6299db9ec823/bit_field-0.10.2/src/lib.rs","count":15,"kinds":{"Clippy(Error)":["error[E0463]: can't find crate for `core`\n  |\n  = note: the `x86_64-unknown-uefi` target may not be installed\n  = help: consider downloading the target with `rustup target add x86_64-unknown-uefi`\n  = help: consider building the standard library from source with `cargo build -Zbuild-std`\n\n","error[E0463]: can't find crate for `compiler_builtins`\n\n","error: cannot find macro `assert` in this scope\n   --> /home/runner/.cargo/registry/src/github.com-1ecc6299db9ec823/bit_field-0.10.2/src/lib.rs:217:17\n    |\n217 |                 assert!(bit < Self::BIT_LENGTH);\n    |                 ^^^^^^\n...\n277 | bitfield_numeric_impl! { u8 u16 u32 u64 u128 usize i8 i16 i32 i64 i128 isize }\n    | ------------------------------------------------------------------------------ in this macro invocation\n    |\n    = note: this error originates in the macro `bitfield_numeric_impl` (in Nightly builds, run with -Z macro-backtrace for more info)\n\n","error: cannot find macro `assert` in this scope\n   --> /home/runner/.cargo/registry/src/github.com-1ecc6299db9ec823/bit_field-0.10.2/src/lib.rs:227:17\n    |\n227 |                 assert!(range.start < Self::BIT_LENGTH);\n    |                 ^^^^^^\n...\n277 | bitfield_numeric_impl! { u8 u16 u32 u64 u128 usize i8 i16 i32 i64 i128 isize }\n    | ------------------------------------------------------------------------------ in this macro invocation\n    |\n    = note: this error originates in the macro `bitfield_numeric_impl` (in Nightly builds, run with -Z macro-backtrace for more info)\n\n","error: cannot find macro `assert` in this scope\n   --> /home/runner/.cargo/registry/src/github.com-1ecc6299db9ec823/bit_field-0.10.2/src/lib.rs:228:17\n    |\n228 |                 assert!(range.end <= Self::BIT_LENGTH);\n    |                 ^^^^^^\n...\n277 | bitfield_numeric_impl! { u8 u16 u32 u64 u128 usize i8 i16 i32 i64 i128 isize }\n    | ------------------------------------------------------------------------------ in this macro invocation\n    |\n    = note: this error originates in the macro `bitfield_numeric_impl` (in Nightly builds, run with -Z macro-backtrace for more info)\n\n","error: cannot find macro `assert` in this scope\n   --> /home/runner/.cargo/registry/src/github.com-1ecc6299db9ec823/bit_field-0.10.2/src/lib.rs:229:17\n    |\n229 |                 assert!(range.start < range.end);\n    |                 ^^^^^^\n...\n277 | bitfield_numeric_impl! { u8 u16 u32 u64 u128 usize i8 i16 i32 i64 i128 isize }\n    | ------------------------------------------------------------------------------ in this macro invocation\n    |\n    = note: this error originates in the macro `bitfield_numeric_impl` (in Nightly builds, run with -Z macro-backtrace for more info)\n\n","error: cannot find macro `assert` in this scope\n   --> /home/runner/.cargo/registry/src/github.com-1ecc6299db9ec823/bit_field-0.10.2/src/lib.rs:241:17\n    |\n241 |                 assert!(bit < Self::BIT_LENGTH);\n    |                 ^^^^^^\n...\n277 | bitfield_numeric_impl! { u8 u16 u32 u64 u128 usize i8 i16 i32 i64 i128 isize }\n    | ------------------------------------------------------------------------------ in this macro invocation\n    |\n    = note: this error originates in the macro `bitfield_numeric_impl` (in Nightly builds, run with -Z macro-backtrace for more info)\n\n","error: cannot find macro `assert` in this scope\n   --> /home/runner/.cargo/registry/src/github.com-1ecc6299db9ec823/bit_field-0.10.2/src/lib.rs:257:17\n    |\n257 |                 assert!(range.start < Self::BIT_LENGTH);\n    |                 ^^^^^^\n...\n277 | bitfield_numeric_impl! { u8 u16 u32 u64 u128 usize i8 i16 i32 i64 i128 isize }\n    | ------------------------------------------------------------------------------ in this macro invocation\n    |\n    = note: this error originates in the macro `bitfield_numeric_impl` (in Nightly builds, run with -Z macro-backtrace for more info)\n\n","error: cannot find macro `assert` in this scope\n   --> /home/runner/.cargo/registry/src/github.com-1ecc6299db9ec823/bit_field-0.10.2/src/lib.rs:258:17\n    |\n258 |                 assert!(range.end <= Self::BIT_LENGTH);\n    |                 ^^^^^^\n...\n277 | bitfield_numeric_impl! { u8 u16 u32 u64 u128 usize i8 i16 i32 i64 i128 isize }\n    | ------------------------------------------------------------------------------ in this macro invocation\n    |\n    = note: this error originates in the macro `bitfield_numeric_impl` (in Nightly builds, run with -Z macro-backtrace for more info)\n\n","error: cannot find macro `assert` in this scope\n   --> /home/runner/.cargo/registry/src/github.com-1ecc6299db9ec823/bit_field-0.10.2/src/lib.rs:259:17\n    |\n259 |                 assert!(range.start < range.end);\n    |                 ^^^^^^\n...\n277 | bitfield_numeric_impl! { u8 u16 u32 u64 u128 usize i8 i16 i32 i64 i128 isize }\n    | ------------------------------------------------------------------------------ in this macro invocation\n    |\n    = note: this error originates in the macro `bitfield_numeric_impl` (in Nightly builds, run with -Z macro-backtrace for more info)\n\n","error: cannot find macro `assert` in this scope\n   --> /home/runner/.cargo/registry/src/github.com-1ecc6299db9ec823/bit_field-0.10.2/src/lib.rs:260:17\n    |\n260 |                 assert!(value << (Self::BIT_LENGTH - (range.end - range.start)) >>\n    |                 ^^^^^^\n...\n277 | bitfield_numeric_impl! { u8 u16 u32 u64 u128 usize i8 i16 i32 i64 i128 isize }\n    | ------------------------------------------------------------------------------ in this macro invocation\n    |\n    = note: this error originates in the macro `bitfield_numeric_impl` (in Nightly builds, run with -Z macro-backtrace for more info)\n\n","error: cannot find macro `assert` in this scope\n   --> /home/runner/.cargo/registry/src/github.com-1ecc6299db9ec823/bit_field-0.10.2/src/lib.rs:298:9\n    |\n298 |         assert!(range.len() <= T::BIT_LENGTH);\n    |         ^^^^^^\n\n","error: cannot find macro `assert` in this scope\n   --> /home/runner/.cargo/registry/src/github.com-1ecc6299db9ec823/bit_field-0.10.2/src/lib.rs:306:9\n    |\n306 |         assert!(slice_end - slice_start <= 1);\n    |         ^^^^^^\n\n","error: cannot find macro `assert` in this scope\n   --> /home/runner/.cargo/registry/src/github.com-1ecc6299db9ec823/bit_field-0.10.2/src/lib.rs:335:9\n    |\n335 |         assert!(range.len() <= T::BIT_LENGTH);\n    |         ^^^^^^\n\n","error: cannot find macro `assert` in this scope\n   --> /home/runner/.cargo/registry/src/github.com-1ecc6299db9ec823/bit_field-0.10.2/src/lib.rs:342:9\n    |\n342 |         assert!(slice_end - slice_start <= 1);\n    |         ^^^^^^\n\n"]}},{"file":"/home/runner/.cargo/registry/src/github.com-1ecc6299db9ec823/log-0.4.21/src/__private_api.rs","count":10,"kinds":{"Clippy(Error)":["error: cannot find macro `panic` in this scope\n  --> /home/runner/.cargo/registry/src/github.com-1ecc6299db9ec823/log-0.4.21/src/__private_api.rs:45:9\n   |\n45 |         panic!(\"key-value support is experimental and must be enabled using the `kv` feature\")\n   |         ^^^^^\n\n","error[E0412]: cannot find type `Option` in this scope\n  --> /home/runner/.cargo/registry/src/github.com-1ecc6299db9ec823/log-0.4.21/src/__private_api.rs:14:30\n   |\n14 |         fn into_kvs(self) -> Option<&'a [(&'a str, super::Value<'a>)]>;\n   |                              ^^^^^^ not found in this scope\n\n","error[E0412]: cannot find type `Option` in this scope\n  --> /home/runner/.cargo/registry/src/github.com-1ecc6299db9ec823/log-0.4.21/src/__private_api.rs:22:26\n   |\n22 |     fn into_kvs(self) -> Option<&'a [(&'a str, Value<'a>)]> {\n   |                          ^^^^^^ not found in this scope\n\n","error[E0412]: cannot find type `Option` in this scope\n  --> /home/runner/.cargo/registry/src/github.com-1ecc6299db9ec823/log-0.4.21/src/__private_api.rs:29:26\n   |\n29 |     fn into_kvs(self) -> Option<&'a [(&'a str, Value<'a>)]> {\n   |                          ^^^^^^ not found in this scope\n\n","error[E0425]: cannot find value `None` in this scope\n  --> /home/runner/.cargo/registry/src/github.com-1ecc6299db9ec823/log-0.4.21/src/__private_api.rs:30:9\n   |\n30 |         None\n   |         ^^^^ not found in this scope\n\n","error[E0412]: cannot find type `Option` in this scope\n  --> /home/runner/.cargo/registry/src/github.com-1ecc6299db9ec823/log-0.4.21/src/__private_api.rs:41:10\n   |\n41 |     kvs: Option<&[(&str, Value)]>,\n   |          ^^^^^^ not found in this scope\n\n","error[E0425]: cannot find function, tuple struct or tuple variant `Some` in this scope\n  --> /home/runner/.cargo/registry/src/github.com-1ecc6299db9ec823/log-0.4.21/src/__private_api.rs:23:9\n   |\n23 |         Some(self)\n   |         ^^^^------\n   |         |\n   |         help: try calling `Some` as a method: `self.Some()`\n\n","error[E0425]: cannot find function, tuple struct or tuple variant `Some` in this scope\n  --> /home/runner/.cargo/registry/src/github.com-1ecc6299db9ec823/log-0.4.21/src/__private_api.rs:54:29\n   |\n54 |         .module_path_static(Some(module_path))\n   |                             ^^^^ not found in this scope\n\n","error[E0425]: cannot find function, tuple struct or tuple variant `Some` in this scope\n  --> /home/runner/.cargo/registry/src/github.com-1ecc6299db9ec823/log-0.4.21/src/__private_api.rs:55:22\n   |\n55 |         .file_static(Some(file))\n   |                      ^^^^ not found in this scope\n\n","error[E0425]: cannot find function, tuple struct or tuple variant `Some` in this scope\n  --> /home/runner/.cargo/registry/src/github.com-1ecc6299db9ec823/log-0.4.21/src/__private_api.rs:56:15\n   |\n56 |         .line(Some(line));\n   |               ^^^^ not found in this scope\n\n"]}},{"file":"/home/runner/.cargo/git/checkouts/zcore-kernel-hal-f36b832dc29d2d9b/eae409f/src/bare/timer.rs","count":6,"kinds":{"Clippy(Error)":["error[E0432]: unresolved import `naive_timer`\n --> /home/runner/.cargo/git/checkouts/zcore-kernel-hal-f36b832dc29d2d9b/eae409f/src/bare/timer.rs:7:5\n  |\n7 | use naive_timer::Timer;\n  |     ^^^^^^^^^^^ use of undeclared crate or module `naive_timer`\n\n","error[E0599]: no method named `lock` found for struct `NAIVE_TIMER` in the current scope\n  --> /home/runner/.cargo/git/checkouts/zcore-kernel-hal-f36b832dc29d2d9b/eae409f/src/bare/timer.rs:28:25\n   |\n12 | / lazy_static::lazy_static! {\n13 | |     static ref NAIVE_TIMER:Mutex<Timer> = Mutex::new(Timer::default());\n14 | | }\n   | |_- method `lock` not found for this struct\n...\n28 |               NAIVE_TIMER.lock().add(deadline, callback);\n   |                           ^^^^ method not found in `NAIVE_TIMER`\n   |\n   = help: items from traits can only be used if the trait is implemented and in scope\n   = note: the following trait defines an item `lock`, perhaps you need to implement it:\n           candidate #1: `lock_api::mutex::RawMutex`\n\n","error[E0599]: no method named `lock` found for struct `NAIVE_TIMER` in the current scope\n  --> /home/runner/.cargo/git/checkouts/zcore-kernel-hal-f36b832dc29d2d9b/eae409f/src/bare/timer.rs:32:25\n   |\n12 | / lazy_static::lazy_static! {\n13 | |     static ref NAIVE_TIMER:Mutex<Timer> = Mutex::new(Timer::default());\n14 | | }\n   | |_- method `lock` not found for this struct\n...\n32 |               NAIVE_TIMER.lock().expire(timer_now());\n   |                           ^^^^ method not found in `NAIVE_TIMER`\n   |\n   = help: items from traits can only be used if the trait is implemented and in scope\n   = note: the following trait defines an item `lock`, perhaps you need to implement it:\n           candidate #1: `lock_api::mutex::RawMutex`\n\n","error[E0432]: unresolved import `naive_timer`\n --> /home/runner/.cargo/git/checkouts/zcore-kernel-hal-f36b832dc29d2d9b/eae409f/src/bare/timer.rs:7:5\n  |\n7 | use naive_timer::Timer;\n  |     ^^^^^^^^^^^ use of undeclared crate or module `naive_timer`\n\n","error[E0599]: no method named `lock` found for struct `NAIVE_TIMER` in the current scope\n  --> /home/runner/.cargo/git/checkouts/zcore-kernel-hal-f36b832dc29d2d9b/eae409f/src/bare/timer.rs:28:25\n   |\n12 | / lazy_static::lazy_static! {\n13 | |     static ref NAIVE_TIMER:Mutex<Timer> = Mutex::new(Timer::default());\n14 | | }\n   | |_- method `lock` not found for this struct\n...\n28 |               NAIVE_TIMER.lock().add(deadline, callback);\n   |                           ^^^^ method not found in `NAIVE_TIMER`\n   |\n   = help: items from traits can only be used if the trait is implemented and in scope\n   = note: the following trait defines an item `lock`, perhaps you need to implement it:\n           candidate #1: `lock_api::mutex::RawMutex`\n\n","error[E0599]: no method named `lock` found for struct `NAIVE_TIMER` in the current scope\n  --> /home/runner/.cargo/git/checkouts/zcore-kernel-hal-f36b832dc29d2d9b/eae409f/src/bare/timer.rs:32:25\n   |\n12 | / lazy_static::lazy_static! {\n13 | |     static ref NAIVE_TIMER:Mutex<Timer> = Mutex::new(Timer::default());\n14 | | }\n   | |_- method `lock` not found for this struct\n...\n32 |               NAIVE_TIMER.lock().expire(timer_now());\n   |                           ^^^^ method not found in `NAIVE_TIMER`\n   |\n   = help: items from traits can only be used if the trait is implemented and in scope\n   = note: the following trait defines an item `lock`, perhaps you need to implement it:\n           candidate #1: `lock_api::mutex::RawMutex`\n\n"]}},{"file":"/home/runner/.cargo/git/checkouts/zcore-kernel-hal-f36b832dc29d2d9b/eae409f/src/bare/arch/x86_64/config.rs","count":4,"kinds":{"Clippy(Error)":["error[E0433]: failed to resolve: use of undeclared crate or module `uefi`\n --> /home/runner/.cargo/git/checkouts/zcore-kernel-hal-f36b832dc29d2d9b/eae409f/src/bare/arch/x86_64/config.rs:3:5\n  |\n3 | use uefi::proto::console::gop::ModeInfo;\n  |     ^^^^ use of undeclared crate or module `uefi`\n\n","error[E0433]: failed to resolve: use of undeclared crate or module `uefi`\n --> /home/runner/.cargo/git/checkouts/zcore-kernel-hal-f36b832dc29d2d9b/eae409f/src/bare/arch/x86_64/config.rs:4:5\n  |\n4 | use uefi::table::boot::MemoryDescriptor;\n  |     ^^^^ use of undeclared crate or module `uefi`\n\n","error[E0433]: failed to resolve: use of undeclared crate or module `uefi`\n --> /home/runner/.cargo/git/checkouts/zcore-kernel-hal-f36b832dc29d2d9b/eae409f/src/bare/arch/x86_64/config.rs:3:5\n  |\n3 | use uefi::proto::console::gop::ModeInfo;\n  |     ^^^^ use of undeclared crate or module `uefi`\n\n","error[E0433]: failed to resolve: use of undeclared crate or module `uefi`\n --> /home/runner/.cargo/git/checkouts/zcore-kernel-hal-f36b832dc29d2d9b/eae409f/src/bare/arch/x86_64/config.rs:4:5\n  |\n4 | use uefi::table::boot::MemoryDescriptor;\n  |     ^^^^ use of undeclared crate or module `uefi`\n\n"]}},{"file":"/home/runner/.cargo/git/checkouts/zcore-kernel-hal-f36b832dc29d2d9b/eae409f/src/bare/arch/x86_64/trap.rs","count":4,"kinds":{"Clippy(Error)":["error[E0432]: unresolved import `trapframe::TrapFrame`\n --> /home/runner/.cargo/git/checkouts/zcore-kernel-hal-f36b832dc29d2d9b/eae409f/src/bare/arch/x86_64/trap.rs:2:5\n  |\n2 | use trapframe::TrapFrame;\n  |     ^^^^^^^^^^^^^^^^^^^^ no `TrapFrame` in the root\n\n","error[E0433]: failed to resolve: use of undeclared crate or module `executor`\n  --> /home/runner/.cargo/git/checkouts/zcore-kernel-hal-f36b832dc29d2d9b/eae409f/src/bare/arch/x86_64/trap.rs:41:17\n   |\n41 |                 executor::handle_timeout();\n   |                 ^^^^^^^^ use of undeclared crate or module `executor`\n\n","error[E0432]: unresolved import `trapframe::TrapFrame`\n --> /home/runner/.cargo/git/checkouts/zcore-kernel-hal-f36b832dc29d2d9b/eae409f/src/bare/arch/x86_64/trap.rs:2:5\n  |\n2 | use trapframe::TrapFrame;\n  |     ^^^^^^^^^^^^^^^^^^^^ no `TrapFrame` in the root\n\n","error[E0433]: failed to resolve: use of undeclared crate or module `executor`\n  --> /home/runner/.cargo/git/checkouts/zcore-kernel-hal-f36b832dc29d2d9b/eae409f/src/bare/arch/x86_64/trap.rs:41:17\n   |\n41 |                 executor::handle_timeout();\n   |                 ^^^^^^^^ use of undeclared crate or module `executor`\n\n"]}},{"file":"/home/runner/.cargo/git/checkouts/zcore-kernel-hal-f36b832dc29d2d9b/eae409f/src/bare/boot.rs","count":4,"kinds":{"Clippy(Error)":["error[E0425]: cannot find function `init` in crate `trapframe`\n  --> /home/runner/.cargo/git/checkouts/zcore-kernel-hal-f36b832dc29d2d9b/eae409f/src/bare/boot.rs:24:33\n   |\n24 |             unsafe { trapframe::init() };\n   |                                 ^^^^ not found in `trapframe`\n   |\nhelp: consider importing one of these items\n   |\n3  | use crate::imp::arch::timer::init;\n   |\n3  | use crate::net::init;\n   |\n3  | use zcore_drivers::bus::pci::init;\n   |\n3  | use zcore_drivers::net::e1000::init;\n   |\nhelp: if you import `init`, refer to it directly\n   |\n24 -             unsafe { trapframe::init() };\n24 +             unsafe { init() };\n   |\n\n","error[E0425]: cannot find function `init` in crate `trapframe`\n  --> /home/runner/.cargo/git/checkouts/zcore-kernel-hal-f36b832dc29d2d9b/eae409f/src/bare/boot.rs:31:33\n   |\n31 |             unsafe { trapframe::init() };\n   |                                 ^^^^ not found in `trapframe`\n   |\nhelp: consider importing one of these items\n   |\n3  | use crate::imp::arch::timer::init;\n   |\n3  | use crate::net::init;\n   |\n3  | use zcore_drivers::bus::pci::init;\n   |\n3  | use zcore_drivers::net::e1000::init;\n   |\nhelp: if you import `init`, refer to it directly\n   |\n31 -             unsafe { trapframe::init() };\n31 +             unsafe { init() };\n   |\n\n","error[E0425]: cannot find function `init` in crate `trapframe`\n  --> /home/runner/.cargo/git/checkouts/zcore-kernel-hal-f36b832dc29d2d9b/eae409f/src/bare/boot.rs:24:33\n   |\n24 |             unsafe { trapframe::init() };\n   |                                 ^^^^ not found in `trapframe`\n   |\nhelp: consider importing one of these items\n   |\n3  | use crate::imp::arch::timer::init;\n   |\n3  | use crate::net::init;\n   |\n3  | use zcore_drivers::bus::pci::init;\n   |\n3  | use zcore_drivers::net::e1000::init;\n   |\nhelp: if you import `init`, refer to it directly\n   |\n24 -             unsafe { trapframe::init() };\n24 +             unsafe { init() };\n   |\n\n","error[E0425]: cannot find function `init` in crate `trapframe`\n  --> /home/runner/.cargo/git/checkouts/zcore-kernel-hal-f36b832dc29d2d9b/eae409f/src/bare/boot.rs:31:33\n   |\n31 |             unsafe { trapframe::init() };\n   |                                 ^^^^ not found in `trapframe`\n   |\nhelp: consider importing one of these items\n   |\n3  | use crate::imp::arch::timer::init;\n   |\n3  | use crate::net::init;\n   |\n3  | use zcore_drivers::bus::pci::init;\n   |\n3  | use zcore_drivers::net::e1000::init;\n   |\nhelp: if you import `init`, refer to it directly\n   |\n31 -             unsafe { trapframe::init() };\n31 +             unsafe { init() };\n   |\n\n"]}},{"file":"/home/runner/.cargo/registry/src/github.com-1ecc6299db9ec823/bitflags-1.3.2/src/lib.rs","count":3,"kinds":{"Clippy(Error)":["error[E0463]: can't find crate for `core`\n  |\n  = note: the `x86_64-unknown-uefi` target may not be installed\n  = help: consider downloading the target with `rustup target add x86_64-unknown-uefi`\n  = help: consider building the standard library from source with `cargo build -Zbuild-std`\n\n","error[E0463]: can't find crate for `compiler_builtins`\n\n","error[E0463]: can't find crate for `core`\n   --> /home/runner/.cargo/registry/src/github.com-1ecc6299db9ec823/bitflags-1.3.2/src/lib.rs:282:1\n    |\n282 | pub extern crate core as _core;\n    | ^^^^^^^^^^^^^^^^^^^^^^^^^^^^^^^ can't find crate\n    |\n    = note: the `x86_64-unknown-uefi` target may not be installed\n    = help: consider downloading the target with `rustup target add x86_64-unknown-uefi`\n    = help: consider building the standard library from source with `cargo build -Zbuild-std`\n\n"]}},{"file":"(virtual) clippy","count":3,"kinds":{"Cargo":["// pkg_name=zcore, checker=Clippy\n// toolchain=nightly-2022-10-27, target=x86_64-unknown-linux-gnu\n// pkg_dir=/home/runner/check/batch_1/kern-crates/zCore\n// cmd=cargo clippy --target x86_64-unknown-linux-gnu --no-deps --message-format=json\n Downloading crates ...\n  Downloaded bit-iter v1.2.0\n  Downloaded bitflags v1.3.2\n  Downloaded bitflags v2.6.0\n  Downloaded autocfg v1.3.0\n  Downloaded rsdp v2.0.1\n  Downloaded git-version-macro v0.3.9\n  Downloaded futures-core v0.3.30\n  Downloaded woke v0.0.2\n  Downloaded bit v0.1.1\n  Downloaded xmas-elf v0.7.0\n  Downloaded customizable-buddy v0.0.3\n  Downloaded pin-utils v0.1.0\n  Downloaded byteorder v1.5.0\n  Downloaded paste v1.0.15\n  Downloaded quote v1.0.36\n  Downloaded trapframe v0.9.0\n  Downloaded managed v0.8.0\n  Downloaded bit_field v0.10.2\n  Downloaded volatile v0.3.0\n  Downloaded ahash v0.4.8\n  Downloaded futures-macro v0.3.30\n  Downloaded lock_api v0.4.12\n  Downloaded scopeguard v1.2.0\n  Downloaded acpi v4.1.1\n  Downloaded futures v0.3.30\n  Downloaded downcast-rs v1.2.1\n  Downloaded numeric-enum-macro v0.2.0\n  Downloaded zero v0.1.3\n  Downloaded futures-io v0.3.30\n  Downloaded cfg-if v1.0.0\n  Downloaded futures-sink v0.3.30\n  Downloaded hashbrown v0.9.1\n  Downloaded lazy_static v1.5.0\n  Downloaded rustversion v1.0.17\n  Downloaded futures-task v0.3.30\n  Downloaded x2apic v0.4.3\n  Downloaded git-version v0.3.9\n  Downloaded volatile v0.4.6\n  Downloaded pin-project-lite v0.2.14\n  Downloaded futures-channel v0.3.30\n  Downloaded unicode-ident v1.0.12\n  Downloaded log v0.4.21\n  Downloaded spin v0.9.8\n  Downloaded proc-macro2 v1.0.86\n  Downloaded x86_64 v0.14.12\n  Downloaded futures-util v0.3.30\n  Downloaded raw-cpuid v10.7.0\n  Downloaded syn v2.0.68\n  Downloaded x86 v0.46.0\n    Checking bitflags v1.3.2\n    Checking bit_field v0.10.2\n   Compiling proc-macro2 v1.0.86\n   Compiling autocfg v1.3.0\n   Compiling unicode-ident v1.0.12\n    Checking log v0.4.21\n   Compiling rustversion v1.0.17\n    Checking scopeguard v1.2.0\n    Checking raw-cpuid v10.7.0\n   Compiling lock_api v0.4.12\n   Compiling quote v1.0.36\n    Checking volatile v0.4.6\n    Checking bitflags v2.6.0\n   Compiling syn v2.0.68\n    Checking spin v0.9.8\n   Compiling paste v1.0.15\n    Checking cfg-if v1.0.0\n    Checking x86_64 v0.14.12\n    Checking volatile v0.3.0\n    Checking lazy_static v1.5.0\n    Checking rsdp v2.0.1\n   Compiling trapframe v0.9.0\n    Checking bit v0.1.1\n    Checking futures-core v0.3.30\n    Checking managed v0.8.0\n    Checking byteorder v1.5.0\n    Checking futures-sink v0.3.30\n   Compiling x86 v0.46.0\n    Checking x2apic v0.4.3\n    Checking smoltcp v0.8.0 (https://github.com/smoltcp-rs/smoltcp?rev=35e833e3#35e833e3)\n    Checking lock v0.1.0 (https://github.com/DeathWish5/kernel-sync?rev=8486b8#8486b817)\n    Checking acpi v4.1.1\n    Checking isomorphic_drivers v0.1.0 (https://github.com/rcore-os/isomorphic_drivers?rev=f7cd97a8#f7cd97a8)\n    Checking virtio-drivers v0.1.0 (https://github.com/rcore-os/virtio-drivers?rev=2aaf7d6#2aaf7d60)\n    Checking pci v0.0.1 (https://github.com/elliott10/pci-rs?rev=8f33774b#8f33774b)\n    Checking bitmap-allocator v0.1.0 (https://github.com/rcore-os/bitmap-allocator?rev=88e871a5#88e871a5)\n    Checking numeric-enum-macro v0.2.0\n    Checking pin-project-lite v0.2.14\n    Checking futures-task v0.3.30\n    Checking device_tree v1.0.3 (https://github.com/rcore-os/device_tree-rs?rev=2f2e55f#2f2e55fb)\n    Checking pin-utils v0.1.0\n    Checking futures-channel v0.3.30\n    Checking zero v0.1.3\n    Checking uniset v0.2.0 (https://github.com/pleasewhy/uniset?rev=40edbd7506979daa1d49f935b568873a6a21c5c0#40edbd75)\n    Checking zcore-drivers v0.1.0 (https://github.com/kern-crates/zcore-drivers.git?rev=91c574e0#91c574e0)\n    Checking futures-io v0.3.30\n    Checking ahash v0.4.8\n    Checking hashbrown v0.9.1\n    Checking unicycle v0.7.1 (https://github.com/pleasewhy/unicycle?rev=904f1c061d4784a5642e092d308cf523a9270c6e#904f1c06)\n    Checking xmas-elf v0.7.0\n    Checking downcast-rs v1.2.1\n    Checking bit-iter v1.2.0\n    Checking region-alloc v0.1.0 (https://github.com/rzswh/region-allocator?rev=122c7a71#122c7a71)\n    Checking woke v0.0.2\n   Compiling zcore v0.1.0 (/home/runner/check/batch_1/kern-crates/zCore)\n    Checking customizable-buddy v0.0.3\n    Checking executor v0.1.0 (https://github.com/DeathWish5/PreemptiveScheduler?rev=e8cd353#e8cd3531)\n   Compiling git-version-macro v0.3.9\n   Compiling futures-macro v0.3.30\n    Checking git-version v0.3.9\n    Checking kernel-hal v0.1.0 (https://github.com/kern-crates/zcore-kernel-hal.git?rev=eae409f2#eae409f2)\n    Checking futures-util v0.3.30\nerror: could not compile `kernel-hal` due to 16 previous errors\nwarning: build failed, waiting for other jobs to finish...\n","// pkg_name=zcore, checker=Clippy\n// toolchain=nightly-2022-10-27, target=x86_64-unknown-linux-musl\n// pkg_dir=/home/runner/check/batch_1/kern-crates/zCore\n// cmd=cargo clippy --target x86_64-unknown-linux-musl --no-deps --message-format=json\n    Checking bitflags v1.3.2\n    Checking bit_field v0.10.2\n    Checking log v0.4.21\n   Compiling lock_api v0.4.12\n    Checking scopeguard v1.2.0\n    Checking raw-cpuid v10.7.0\n    Checking volatile v0.4.6\n    Checking bitflags v2.6.0\n    Checking volatile v0.3.0\n    Checking x86_64 v0.14.12\n    Checking cfg-if v1.0.0\n    Checking spin v0.9.8\n    Checking rsdp v2.0.1\n    Checking bit v0.1.1\n    Checking lazy_static v1.5.0\n    Checking managed v0.8.0\n    Checking byteorder v1.5.0\n    Checking futures-core v0.3.30\n    Checking futures-sink v0.3.30\n    Checking smoltcp v0.8.0 (https://github.com/smoltcp-rs/smoltcp?rev=35e833e3#35e833e3)\n    Checking isomorphic_drivers v0.1.0 (https://github.com/rcore-os/isomorphic_drivers?rev=f7cd97a8#f7cd97a8)\n   Compiling trapframe v0.9.0\n   Compiling x86 v0.46.0\n    Checking acpi v4.1.1\n    Checking virtio-drivers v0.1.0 (https://github.com/rcore-os/virtio-drivers?rev=2aaf7d6#2aaf7d60)\n    Checking pci v0.0.1 (https://github.com/elliott10/pci-rs?rev=8f33774b#8f33774b)\n    Checking lock v0.1.0 (https://github.com/DeathWish5/kernel-sync?rev=8486b8#8486b817)\n    Checking x2apic v0.4.3\n    Checking bitmap-allocator v0.1.0 (https://github.com/rcore-os/bitmap-allocator?rev=88e871a5#88e871a5)\n    Checking futures-task v0.3.30\n    Checking pin-project-lite v0.2.14\n    Checking numeric-enum-macro v0.2.0\n    Checking pin-utils v0.1.0\n    Checking device_tree v1.0.3 (https://github.com/rcore-os/device_tree-rs?rev=2f2e55f#2f2e55fb)\n    Checking futures-util v0.3.30\n    Checking git-version v0.3.9\n    Checking futures-channel v0.3.30\n    Checking ahash v0.4.8\n    Checking uniset v0.2.0 (https://github.com/pleasewhy/uniset?rev=40edbd7506979daa1d49f935b568873a6a21c5c0#40edbd75)\n    Checking zero v0.1.3\n    Checking futures-io v0.3.30\n    Checking zcore-drivers v0.1.0 (https://github.com/kern-crates/zcore-drivers.git?rev=91c574e0#91c574e0)\n    Checking xmas-elf v0.7.0\n    Checking unicycle v0.7.1 (https://github.com/pleasewhy/unicycle?rev=904f1c061d4784a5642e092d308cf523a9270c6e#904f1c06)\n    Checking hashbrown v0.9.1\n    Checking downcast-rs v1.2.1\n    Checking kernel-hal v0.1.0 (https://github.com/kern-crates/zcore-kernel-hal.git?rev=eae409f2#eae409f2)\n    Checking bit-iter v1.2.0\n    Checking woke v0.0.2\n    Checking region-alloc v0.1.0 (https://github.com/rzswh/region-allocator?rev=122c7a71#122c7a71)\n    Checking executor v0.1.0 (https://github.com/DeathWish5/PreemptiveScheduler?rev=e8cd353#e8cd3531)\n   Compiling zcore v0.1.0 (/home/runner/check/batch_1/kern-crates/zCore)\n    Checking customizable-buddy v0.0.3\nerror: could not compile `kernel-hal` due to 16 previous errors\nwarning: build failed, waiting for other jobs to finish...\n","// pkg_name=zcore, checker=Clippy\n// toolchain=nightly-2022-10-27, target=x86_64-unknown-uefi\n// pkg_dir=/home/runner/check/batch_1/kern-crates/zCore\n// cmd=cargo clippy --target x86_64-unknown-uefi --no-deps --message-format=json\n    Checking bitflags v1.3.2\n    Checking bit_field v0.10.2\n    Checking log v0.4.21\n   Compiling lock_api v0.4.12\nerror: could not compile `bitflags` due to 4 previous errors\nwarning: build failed, waiting for other jobs to finish...\nerror: could not compile `bit_field` due to 16 previous errors\nerror: could not compile `log` due to 108 previous errors\n"]}},{"file":"(virtual) lockbud","count":3,"kinds":{"Cargo":["// pkg_name=zcore, checker=Lockbud\n// toolchain=nightly-2022-10-27, target=x86_64-unknown-linux-gnu\n// pkg_dir=/home/runner/check/batch_1/kern-crates/zCore\n// cmd=cargo +nightly-2024-05-21 lockbud -k all -- --target x86_64-unknown-linux-gnu\n   Compiling bitflags v1.3.2\n   Compiling bit_field v0.10.2\n   Compiling autocfg v1.3.0\n   Compiling proc-macro2 v1.0.86\n   Compiling unicode-ident v1.0.12\n   Compiling rustversion v1.0.17\n   Compiling log v0.4.21\n[2024-10-19T02:11:45Z WARN  lockbud::callbacks] [\n      {\n        \"AtomicityViolation\": {\n          \"bug_kind\": \"AtomicityViolation\",\n          \"possibility\": \"Possibly\",\n          \"diagnosis\": {\n            \"fn_name\": \"set_logger_racy\",\n            \"atomic_reader\": \"/home/runner/.cargo/registry/src/index.crates.io-6f17d22bba15001f/log-0.4.21/src/lib.rs:1408:11: 1408:39 (#0)\",\n            \"atomic_writer\": \"/home/runner/.cargo/registry/src/index.crates.io-6f17d22bba15001f/log-0.4.21/src/lib.rs:1411:13: 1411:55 (#0)\",\n            \"dep_kind\": \"Control\"\n          },\n          \"explanation\": \"atomic::store is data/control dependent on atomic::load\"\n        }\n      }\n    ]\n[2024-10-19T02:11:45Z WARN  lockbud::callbacks] crate log contains bugs: { probably: 0, possibly: 0 }, conflictlock: { probably: 0, possibly: 0 }, condvar_deadlock: { probably: 0, possibly: 0 }, atomicity_violation: { possibly: 1 }, invalid_free: { possibly: 0 }, use_after_free: { possibly: 0 }\n   Compiling scopeguard v1.2.0\n   Compiling raw-cpuid v10.7.0\n   Compiling lock_api v0.4.12\n   Compiling quote v1.0.36\n   Compiling bitflags v2.6.0\n   Compiling volatile v0.4.6\n   Compiling syn v2.0.68\n   Compiling x86_64 v0.14.12\n   Compiling spin v0.9.8\n   Compiling paste v1.0.15\n   Compiling cfg-if v1.0.0\n   Compiling volatile v0.3.0\n   Compiling lazy_static v1.5.0\n   Compiling rsdp v2.0.1\n   Compiling managed v0.8.0\n   Compiling futures-core v0.3.30\n   Compiling futures-sink v0.3.30\n   Compiling byteorder v1.5.0\n   Compiling trapframe v0.9.0\n   Compiling bit v0.1.1\n   Compiling x86 v0.46.0\n   Compiling smoltcp v0.8.0 (https://github.com/smoltcp-rs/smoltcp?rev=35e833e3#35e833e3)\n   Compiling acpi v4.1.1\n   Compiling x2apic v0.4.3\n   Compiling lock v0.1.0 (https://github.com/DeathWish5/kernel-sync?rev=8486b8#8486b817)\n   Compiling isomorphic_drivers v0.1.0 (https://github.com/rcore-os/isomorphic_drivers?rev=f7cd97a8#f7cd97a8)\n   Compiling virtio-drivers v0.1.0 (https://github.com/rcore-os/virtio-drivers?rev=2aaf7d6#2aaf7d60)\n   Compiling pci v0.0.1 (https://github.com/elliott10/pci-rs?rev=8f33774b#8f33774b)\n   Compiling bitmap-allocator v0.1.0 (https://github.com/rcore-os/bitmap-allocator?rev=88e871a5#88e871a5)\n   Compiling futures-task v0.3.30\n   Compiling pin-project-lite v0.2.14\n   Compiling pin-utils v0.1.0\n   Compiling numeric-enum-macro v0.2.0\n   Compiling device_tree v1.0.3 (https://github.com/rcore-os/device_tree-rs?rev=2f2e55f#2f2e55fb)\n   Compiling futures-channel v0.3.30\n   Compiling uniset v0.2.0 (https://github.com/pleasewhy/uniset?rev=40edbd7506979daa1d49f935b568873a6a21c5c0#40edbd75)\n   Compiling zcore-drivers v0.1.0 (https://github.com/kern-crates/zcore-drivers.git?rev=91c574e0#91c574e0)\n   Compiling futures-io v0.3.30\n   Compiling ahash v0.4.8\n   Compiling zero v0.1.3\n   Compiling xmas-elf v0.7.0\n   Compiling hashbrown v0.9.1\n   Compiling unicycle v0.7.1 (https://github.com/pleasewhy/unicycle?rev=904f1c061d4784a5642e092d308cf523a9270c6e#904f1c06)\n   Compiling downcast-rs v1.2.1\n   Compiling woke v0.0.2\n   Compiling region-alloc v0.1.0 (https://github.com/rzswh/region-allocator?rev=122c7a71#122c7a71)\nerror[E0635]: unknown feature `btree_drain_filter`\n --> /home/runner/.cargo/git/checkouts/region-allocator-4314ed0cadd5612c/122c7a7/src/lib.rs:2:12\n  |\n2 | #![feature(btree_drain_filter)]\n  |            ^^^^^^^^^^^^^^^^^^\n\n   Compiling bit-iter v1.2.0\nerror[E0599]: no method named `drain_filter` found for struct `alloc::collections::BTreeSet` in the current scope\n   --> /home/runner/.cargo/git/checkouts/region-allocator-4314ed0cadd5612c/122c7a7/src/lib.rs:120:14\n    |\n119 | /         self.regions\n120 | |             .drain_filter(|r| {\n    | |             -^^^^^^^^^^^^ method not found in `BTreeSet<Region>`\n    | |_____________|\n    |\n\nSome errors have detailed explanations: E0599, E0635.\nFor more information about an error, try `rustc --explain E0599`.\nerror: could not compile `region-alloc` (lib) due to 2 previous errors\nwarning: build failed, waiting for other jobs to finish...\n","// pkg_name=zcore, checker=Lockbud\n// toolchain=nightly-2022-10-27, target=x86_64-unknown-uefi\n// pkg_dir=/home/runner/check/batch_1/kern-crates/zCore\n// cmd=cargo +nightly-2024-05-21 lockbud -k all -- --target x86_64-unknown-uefi\n   Compiling bitflags v1.3.2\n   Compiling bit_field v0.10.2\n   Compiling log v0.4.21\n   Compiling lock_api v0.4.12\nerror[E0463]: can't find crate for `core`\n  |\n  = note: the `x86_64-unknown-uefi` target may not be installed\n  = help: consider downloading the target with `rustup target add x86_64-unknown-uefi`\n  = help: consider building the standard library from source with `cargo build -Zbuild-std`\n\nFor more information about this error, try `rustc --explain E0463`.\nerror: could not compile `bit_field` (lib) due to 1 previous error\nwarning: build failed, waiting for other jobs to finish...\nerror: could not compile `log` (lib) due to 1 previous error\nerror: could not compile `bitflags` (lib) due to 1 previous error\n","// pkg_name=zcore, checker=Lockbud\n// toolchain=nightly-2022-10-27, target=x86_64-unknown-linux-musl\n// pkg_dir=/home/runner/check/batch_1/kern-crates/zCore\n// cmd=cargo +nightly-2024-05-21 lockbud -k all -- --target x86_64-unknown-linux-musl\n   Compiling bitflags v1.3.2\n   Compiling bit_field v0.10.2\n   Compiling log v0.4.21\n   Compiling lock_api v0.4.12\n   Compiling scopeguard v1.2.0\n   Compiling raw-cpuid v10.7.0\n   Compiling bitflags v2.6.0\n[2024-10-19T02:11:53Z WARN  lockbud::callbacks] [\n      {\n        \"AtomicityViolation\": {\n          \"bug_kind\": \"AtomicityViolation\",\n          \"possibility\": \"Possibly\",\n          \"diagnosis\": {\n            \"fn_name\": \"set_logger_racy\",\n            \"atomic_reader\": \"/home/runner/.cargo/registry/src/index.crates.io-6f17d22bba15001f/log-0.4.21/src/lib.rs:1408:11: 1408:39 (#0)\",\n            \"atomic_writer\": \"/home/runner/.cargo/registry/src/index.crates.io-6f17d22bba15001f/log-0.4.21/src/lib.rs:1411:13: 1411:55 (#0)\",\n            \"dep_kind\": \"Control\"\n          },\n          \"explanation\": \"atomic::store is data/control dependent on atomic::load\"\n        }\n      }\n    ]\n[2024-10-19T02:11:53Z WARN  lockbud::callbacks] crate log contains bugs: { probably: 0, possibly: 0 }, conflictlock: { probably: 0, possibly: 0 }, condvar_deadlock: { probably: 0, possibly: 0 }, atomicity_violation: { possibly: 1 }, invalid_free: { possibly: 0 }, use_after_free: { possibly: 0 }\n   Compiling volatile v0.4.6\n   Compiling x86_64 v0.14.12\n   Compiling volatile v0.3.0\n   Compiling spin v0.9.8\n   Compiling cfg-if v1.0.0\n   Compiling rsdp v2.0.1\n   Compiling futures-sink v0.3.30\n   Compiling lazy_static v1.5.0\n   Compiling managed v0.8.0\n   Compiling futures-core v0.3.30\n   Compiling bit v0.1.1\n   Compiling byteorder v1.5.0\n   Compiling x86 v0.46.0\n   Compiling isomorphic_drivers v0.1.0 (https://github.com/rcore-os/isomorphic_drivers?rev=f7cd97a8#f7cd97a8)\n   Compiling smoltcp v0.8.0 (https://github.com/smoltcp-rs/smoltcp?rev=35e833e3#35e833e3)\n   Compiling trapframe v0.9.0\n   Compiling acpi v4.1.1\n   Compiling virtio-drivers v0.1.0 (https://github.com/rcore-os/virtio-drivers?rev=2aaf7d6#2aaf7d60)\n   Compiling x2apic v0.4.3\n   Compiling lock v0.1.0 (https://github.com/DeathWish5/kernel-sync?rev=8486b8#8486b817)\n   Compiling git-version-macro v0.3.9\n   Compiling futures-macro v0.3.30\n   Compiling pci v0.0.1 (https://github.com/elliott10/pci-rs?rev=8f33774b#8f33774b)\n   Compiling bitmap-allocator v0.1.0 (https://github.com/rcore-os/bitmap-allocator?rev=88e871a5#88e871a5)\n   Compiling pin-project-lite v0.2.14\n   Compiling numeric-enum-macro v0.2.0\n   Compiling futures-task v0.3.30\n   Compiling device_tree v1.0.3 (https://github.com/rcore-os/device_tree-rs?rev=2f2e55f#2f2e55fb)\n   Compiling pin-utils v0.1.0\n   Compiling git-version v0.3.9\n   Compiling zcore-drivers v0.1.0 (https://github.com/kern-crates/zcore-drivers.git?rev=91c574e0#91c574e0)\n   Compiling futures-util v0.3.30\n   Compiling futures-channel v0.3.30\n   Compiling uniset v0.2.0 (https://github.com/pleasewhy/uniset?rev=40edbd7506979daa1d49f935b568873a6a21c5c0#40edbd75)\n   Compiling zero v0.1.3\n   Compiling ahash v0.4.8\n   Compiling futures-io v0.3.30\n   Compiling hashbrown v0.9.1\n   Compiling xmas-elf v0.7.0\n   Compiling unicycle v0.7.1 (https://github.com/pleasewhy/unicycle?rev=904f1c061d4784a5642e092d308cf523a9270c6e#904f1c06)\n   Compiling kernel-hal v0.1.0 (https://github.com/kern-crates/zcore-kernel-hal.git?rev=eae409f2#eae409f2)\nerror[E0433]: failed to resolve: use of undeclared crate or module `x2apic`\n  --> /home/runner/.cargo/git/checkouts/zcore-kernel-hal-f36b832dc29d2d9b/eae409f/src/bare/arch/x86_64/drivers.rs:36:9\n   |\n36 |     use x2apic::lapic::{TimerDivide, TimerMode};\n   |         ^^^^^^ use of undeclared crate or module `x2apic`\n\nerror[E0433]: failed to resolve: use of undeclared crate or module `uefi`\n --> /home/runner/.cargo/git/checkouts/zcore-kernel-hal-f36b832dc29d2d9b/eae409f/src/bare/arch/x86_64/config.rs:3:5\n  |\n3 | use uefi::proto::console::gop::ModeInfo;\n  |     ^^^^ use of undeclared crate or module `uefi`\n\nerror[E0433]: failed to resolve: use of undeclared crate or module `uefi`\n --> /home/runner/.cargo/git/checkouts/zcore-kernel-hal-f36b832dc29d2d9b/eae409f/src/bare/arch/x86_64/config.rs:4:5\n  |\n4 | use uefi::table::boot::MemoryDescriptor;\n  |     ^^^^ use of undeclared crate or module `uefi`\n\nerror[E0433]: failed to resolve: use of undeclared crate or module `uefi`\n --> /home/runner/.cargo/git/checkouts/zcore-kernel-hal-f36b832dc29d2d9b/eae409f/src/bare/arch/x86_64/mem.rs:5:5\n  |\n5 | use uefi::table::boot::MemoryType;\n  |     ^^^^ use of undeclared crate or module `uefi`\n\nerror[E0432]: unresolved import `trapframe::TrapFrame`\n --> /home/runner/.cargo/git/checkouts/zcore-kernel-hal-f36b832dc29d2d9b/eae409f/src/bare/arch/x86_64/trap.rs:2:5\n  |\n2 | use trapframe::TrapFrame;\n  |     ^^^^^^^^^^^^^^^^^^^^ no `TrapFrame` in the root\n\nerror[E0432]: unresolved import `naive_timer`\n --> /home/runner/.cargo/git/checkouts/zcore-kernel-hal-f36b832dc29d2d9b/eae409f/src/bare/timer.rs:7:5\n  |\n7 | use naive_timer::Timer;\n  |     ^^^^^^^^^^^ use of undeclared crate or module `naive_timer`\n\nerror[E0432]: unresolved import `raw_cpuid`\n --> /home/runner/.cargo/git/checkouts/zcore-kernel-hal-f36b832dc29d2d9b/eae409f/src/bare/arch/x86_64/cpu.rs:3:5\n  |\n3 | use raw_cpuid::CpuId;\n  |     ^^^^^^^^^ use of undeclared crate or module `raw_cpuid`\n\n   Compiling bit-iter v1.2.0\nerror[E0425]: cannot find function `init` in crate `trapframe`\n  --> /home/runner/.cargo/git/checkouts/zcore-kernel-hal-f36b832dc29d2d9b/eae409f/src/bare/boot.rs:24:33\n   |\n24 |             unsafe { trapframe::init() };\n   |                                 ^^^^ not found in `trapframe`\n   |\nhelp: consider importing one of these items\n   |\n3  + use crate::imp::arch::timer::init;\n   |\n3  + use crate::net::init;\n   |\n3  + use zcore_drivers::bus::pci::init;\n   |\n3  + use zcore_drivers::net::e1000::init;\n   |\nhelp: if you import `init`, refer to it directly\n   |\n24 -             unsafe { trapframe::init() };\n24 +             unsafe { init() };\n   |\n\nerror[E0425]: cannot find function `init` in crate `trapframe`\n  --> /home/runner/.cargo/git/checkouts/zcore-kernel-hal-f36b832dc29d2d9b/eae409f/src/bare/boot.rs:31:33\n   |\n31 |             unsafe { trapframe::init() };\n   |                                 ^^^^ not found in `trapframe`\n   |\nhelp: consider importing one of these items\n   |\n3  + use crate::imp::arch::timer::init;\n   |\n3  + use crate::net::init;\n   |\n3  + use zcore_drivers::bus::pci::init;\n   |\n3  + use zcore_drivers::net::e1000::init;\n   |\nhelp: if you import `init`, refer to it directly\n   |\n31 -             unsafe { trapframe::init() };\n31 +             unsafe { init() };\n   |\n\n   Compiling woke v0.0.2\n   Compiling region-alloc v0.1.0 (https://github.com/rzswh/region-allocator?rev=122c7a71#122c7a71)\nerror[E0599]: no method named `run` found for struct `trapframe::UserContext` in the current scope\n   --> /home/runner/.cargo/git/checkouts/zcore-kernel-hal-f36b832dc29d2d9b/eae409f/src/common/context.rs:232:24\n    |\n232 |                 self.0.run()\n    |                        ^^^ method not found in `UserContext`\n\nerror[E0635]: unknown feature `btree_drain_filter`\n --> /home/runner/.cargo/git/checkouts/region-allocator-4314ed0cadd5612c/122c7a7/src/lib.rs:2:12\n  |\n2 | #![feature(btree_drain_filter)]\n  |            ^^^^^^^^^^^^^^^^^^\n\n   Compiling downcast-rs v1.2.1\nerror[E0599]: no method named `drain_filter` found for struct `alloc::collections::BTreeSet` in the current scope\n   --> /home/runner/.cargo/git/checkouts/region-allocator-4314ed0cadd5612c/122c7a7/src/lib.rs:120:14\n    |\n119 | /         self.regions\n120 | |             .drain_filter(|r| {\n    | |             -^^^^^^^^^^^^ method not found in `BTreeSet<Region>`\n    | |_____________|\n    |\n\nSome errors have detailed explanations: E0599, E0635.\nFor more information about an error, try `rustc --explain E0599`.\nerror: could not compile `region-alloc` (lib) due to 2 previous errors\nwarning: build failed, waiting for other jobs to finish...\nerror[E0433]: failed to resolve: use of undeclared crate or module `executor`\n  --> /home/runner/.cargo/git/checkouts/zcore-kernel-hal-f36b832dc29d2d9b/eae409f/src/bare/arch/x86_64/trap.rs:41:17\n   |\n41 |                 executor::handle_timeout();\n   |                 ^^^^^^^^ use of undeclared crate or module `executor`\n\nerror[E0433]: failed to resolve: use of undeclared crate or module `x86_smpboot`\n  --> /home/runner/.cargo/git/checkouts/zcore-kernel-hal-f36b832dc29d2d9b/eae409f/src/bare/arch/x86_64/mod.rs:51:9\n   |\n51 |         x86_smpboot::start_application_processors(\n   |         ^^^^^^^^^^^ use of undeclared crate or module `x86_smpboot`\n\nerror[E0433]: failed to resolve: use of undeclared crate or module `executor`\n  --> /home/runner/.cargo/git/checkouts/zcore-kernel-hal-f36b832dc29d2d9b/eae409f/src/bare/thread.rs:17:13\n   |\n17 |             executor::spawn(future);\n   |             ^^^^^^^^ use of undeclared crate or module `executor`\n\nerror[E0599]: no method named `lock` found for struct `imp::timer::NAIVE_TIMER` in the current scope\n  --> /home/runner/.cargo/git/checkouts/zcore-kernel-hal-f36b832dc29d2d9b/eae409f/src/bare/timer.rs:28:25\n   |\n12 | / lazy_static::lazy_static! {\n13 | |     static ref NAIVE_TIMER:Mutex<Timer> = Mutex::new(Timer::default());\n14 | | }\n   | |_- method `lock` not found for this struct\n...\n28 |               NAIVE_TIMER.lock().add(deadline, callback);\n   |                           ^^^^ method not found in `NAIVE_TIMER`\n   |\n   = help: items from traits can only be used if the trait is implemented and in scope\n   = note: the following trait defines an item `lock`, perhaps you need to implement it:\n           candidate #1: `lock_api::mutex::RawMutex`\n\nerror[E0599]: no method named `lock` found for struct `imp::timer::NAIVE_TIMER` in the current scope\n  --> /home/runner/.cargo/git/checkouts/zcore-kernel-hal-f36b832dc29d2d9b/eae409f/src/bare/timer.rs:32:25\n   |\n12 | / lazy_static::lazy_static! {\n13 | |     static ref NAIVE_TIMER:Mutex<Timer> = Mutex::new(Timer::default());\n14 | | }\n   | |_- method `lock` not found for this struct\n...\n32 |               NAIVE_TIMER.lock().expire(timer_now());\n   |                           ^^^^ method not found in `NAIVE_TIMER`\n   |\n   = help: items from traits can only be used if the trait is implemented and in scope\n   = note: the following trait defines an item `lock`, perhaps you need to implement it:\n           candidate #1: `lock_api::mutex::RawMutex`\n\nSome errors have detailed explanations: E0425, E0432, E0433, E0599.\nFor more information about an error, try `rustc --explain E0425`.\nerror: could not compile `kernel-hal` (lib) due to 15 previous errors\n"]}},{"file":"Cargo.lock","count":3,"kinds":{"Audit":["    Fetching advisory database from `https://github.com/RustSec/advisory-db.git`\n      Loaded 664 security advisories (from /home/runner/.cargo/advisory-db)\n    Updating crates.io index\n    Scanning Cargo.lock for vulnerabilities (224 crate dependencies)\nCrate:     critical-section\nVersion:   1.1.2\nWarning:   yanked\nDependency tree:\ncritical-section 1.1.2\n riscv 0.10.1\n     zcore-drivers 0.1.0\n        linux-object 0.1.0\n           zcore-loader 0.1.0\n              zcore 0.1.0\n           zcore 0.1.0\n           linux-syscall 0.1.0\n               zcore-loader 0.1.0\n        kernel-hal 0.1.0\n            zircon-syscall 0.1.0\n               zcore-loader 0.1.0\n            zircon-object 0.1.0\n               zircon-syscall 0.1.0\n               zcore-loader 0.1.0\n               zcore 0.1.0\n               linux-syscall 0.1.0\n               linux-object 0.1.0\n            zcore-loader 0.1.0\n            zcore 0.1.0\n            linux-syscall 0.1.0\n            linux-object 0.1.0\n     zcore 0.1.0\n     kernel-hal 0.1.0\n\nCrate:     futures-util\nVersion:   0.3.30\nWarning:   yanked\nDependency tree:\nfutures-util 0.3.30\n futures 0.3.30\n     zircon-syscall 0.1.0\n        zcore-loader 0.1.0\n            zcore 0.1.0\n     zircon-object 0.1.0\n        zircon-syscall 0.1.0\n        zcore-loader 0.1.0\n        zcore 0.1.0\n        linux-syscall 0.1.0\n           zcore-loader 0.1.0\n        linux-object 0.1.0\n            zcore-loader 0.1.0\n            zcore 0.1.0\n            linux-syscall 0.1.0\n     linux-syscall 0.1.0\n\nwarning: 2 allowed warnings found\n\n{\n  \"database\": {\n    \"advisory-count\": 664,\n    \"last-commit\": \"57c4a0ce3a1a3cdbf9e7eaa16b5441345de50d13\",\n    \"last-updated\": \"2024-10-14T15:18:55-04:00\"\n  },\n  \"lockfile\": {\n    \"dependency-count\": 224\n  },\n  \"settings\": {\n    \"target_arch\": [],\n    \"target_os\": [],\n    \"severity\": null,\n    \"ignore\": [],\n    \"informational_warnings\": [\n      \"unmaintained\",\n      \"unsound\",\n      \"notice\"\n    ]\n  },\n  \"vulnerabilities\": {\n    \"found\": false,\n    \"count\": 0,\n    \"list\": []\n  },\n  \"warnings\": {\n    \"yanked\": [\n      {\n        \"kind\": \"yanked\",\n        \"package\": {\n          \"name\": \"critical-section\",\n          \"version\": \"1.1.2\",\n          \"source\": \"registry+https://github.com/rust-lang/crates.io-index\",\n          \"checksum\": \"7059fff8937831a9ae6f0fe4d658ffabf58f2ca96aa9dec1c889f936f705f216\",\n          \"replace\": null\n        },\n        \"advisory\": null,\n        \"affected\": null,\n        \"versions\": null\n      },\n      {\n        \"kind\": \"yanked\",\n        \"package\": {\n          \"name\": \"futures-util\",\n          \"version\": \"0.3.30\",\n          \"source\": \"registry+https://github.com/rust-lang/crates.io-index\",\n          \"checksum\": \"3d6401deb83407ab3da39eba7e33987a73c3df0c82b4bb5813ee871c19c41d48\",\n          \"dependencies\": [\n            {\n              \"name\": \"futures-core\",\n              \"version\": \"0.3.30\",\n              \"source\": \"registry+https://github.com/rust-lang/crates.io-index\"\n            },\n            {\n              \"name\": \"futures-macro\",\n              \"version\": \"0.3.30\",\n              \"source\": \"registry+https://github.com/rust-lang/crates.io-index\"\n            },\n            {\n              \"name\": \"futures-sink\",\n              \"version\": \"0.3.30\",\n              \"source\": \"registry+https://github.com/rust-lang/crates.io-index\"\n            },\n            {\n              \"name\": \"futures-task\",\n              \"version\": \"0.3.30\",\n              \"source\": \"registry+https://github.com/rust-lang/crates.io-index\"\n            },\n            {\n              \"name\": \"pin-project-lite\",\n              \"version\": \"0.2.14\",\n              \"source\": \"registry+https://github.com/rust-lang/crates.io-index\"\n            },\n            {\n              \"name\": \"pin-utils\",\n              \"version\": \"0.1.0\",\n              \"source\": \"registry+https://github.com/rust-lang/crates.io-index\"\n            }\n          ],\n          \"replace\": null\n        },\n        \"advisory\": null,\n        \"affected\": null,\n        \"versions\": null\n      }\n    ]\n  }\n}","    Fetching advisory database from `https://github.com/RustSec/advisory-db.git`\n      Loaded 664 security advisories (from /home/runner/.cargo/advisory-db)\n    Updating crates.io index\n    Scanning Cargo.lock for vulnerabilities (224 crate dependencies)\nCrate:     critical-section\nVersion:   1.1.2\nWarning:   yanked\nDependency tree:\ncritical-section 1.1.2\n riscv 0.10.1\n     zcore-drivers 0.1.0\n        linux-object 0.1.0\n           zcore-loader 0.1.0\n              zcore 0.1.0\n           zcore 0.1.0\n           linux-syscall 0.1.0\n               zcore-loader 0.1.0\n        kernel-hal 0.1.0\n            zircon-syscall 0.1.0\n               zcore-loader 0.1.0\n            zircon-object 0.1.0\n               zircon-syscall 0.1.0\n               zcore-loader 0.1.0\n               zcore 0.1.0\n               linux-syscall 0.1.0\n               linux-object 0.1.0\n            zcore-loader 0.1.0\n            zcore 0.1.0\n            linux-syscall 0.1.0\n            linux-object 0.1.0\n     zcore 0.1.0\n     kernel-hal 0.1.0\n\nCrate:     futures-util\nVersion:   0.3.30\nWarning:   yanked\nDependency tree:\nfutures-util 0.3.30\n futures 0.3.30\n     zircon-syscall 0.1.0\n        zcore-loader 0.1.0\n            zcore 0.1.0\n     zircon-object 0.1.0\n        zircon-syscall 0.1.0\n        zcore-loader 0.1.0\n        zcore 0.1.0\n        linux-syscall 0.1.0\n           zcore-loader 0.1.0\n        linux-object 0.1.0\n            zcore-loader 0.1.0\n            zcore 0.1.0\n            linux-syscall 0.1.0\n     linux-syscall 0.1.0\n\nwarning: 2 allowed warnings found\n\n{\n  \"database\": {\n    \"advisory-count\": 664,\n    \"last-commit\": \"57c4a0ce3a1a3cdbf9e7eaa16b5441345de50d13\",\n    \"last-updated\": \"2024-10-14T15:18:55-04:00\"\n  },\n  \"lockfile\": {\n    \"dependency-count\": 224\n  },\n  \"settings\": {\n    \"target_arch\": [],\n    \"target_os\": [],\n    \"severity\": null,\n    \"ignore\": [],\n    \"informational_warnings\": [\n      \"unmaintained\",\n      \"unsound\",\n      \"notice\"\n    ]\n  },\n  \"vulnerabilities\": {\n    \"found\": false,\n    \"count\": 0,\n    \"list\": []\n  },\n  \"warnings\": {\n    \"yanked\": [\n      {\n        \"kind\": \"yanked\",\n        \"package\": {\n          \"name\": \"critical-section\",\n          \"version\": \"1.1.2\",\n          \"source\": \"registry+https://github.com/rust-lang/crates.io-index\",\n          \"checksum\": \"7059fff8937831a9ae6f0fe4d658ffabf58f2ca96aa9dec1c889f936f705f216\",\n          \"replace\": null\n        },\n        \"advisory\": null,\n        \"affected\": null,\n        \"versions\": null\n      },\n      {\n        \"kind\": \"yanked\",\n        \"package\": {\n          \"name\": \"futures-util\",\n          \"version\": \"0.3.30\",\n          \"source\": \"registry+https://github.com/rust-lang/crates.io-index\",\n          \"checksum\": \"3d6401deb83407ab3da39eba7e33987a73c3df0c82b4bb5813ee871c19c41d48\",\n          \"dependencies\": [\n            {\n              \"name\": \"futures-core\",\n              \"version\": \"0.3.30\",\n              \"source\": \"registry+https://github.com/rust-lang/crates.io-index\"\n            },\n            {\n              \"name\": \"futures-macro\",\n              \"version\": \"0.3.30\",\n              \"source\": \"registry+https://github.com/rust-lang/crates.io-index\"\n            },\n            {\n              \"name\": \"futures-sink\",\n              \"version\": \"0.3.30\",\n              \"source\": \"registry+https://github.com/rust-lang/crates.io-index\"\n            },\n            {\n              \"name\": \"futures-task\",\n              \"version\": \"0.3.30\",\n              \"source\": \"registry+https://github.com/rust-lang/crates.io-index\"\n            },\n            {\n              \"name\": \"pin-project-lite\",\n              \"version\": \"0.2.14\",\n              \"source\": \"registry+https://github.com/rust-lang/crates.io-index\"\n            },\n            {\n              \"name\": \"pin-utils\",\n              \"version\": \"0.1.0\",\n              \"source\": \"registry+https://github.com/rust-lang/crates.io-index\"\n            }\n          ],\n          \"replace\": null\n        },\n        \"advisory\": null,\n        \"affected\": null,\n        \"versions\": null\n      }\n    ]\n  }\n}","    Fetching advisory database from `https://github.com/RustSec/advisory-db.git`\n      Loaded 664 security advisories (from /home/runner/.cargo/advisory-db)\n    Updating crates.io index\n    Scanning Cargo.lock for vulnerabilities (224 crate dependencies)\nCrate:     critical-section\nVersion:   1.1.2\nWarning:   yanked\nDependency tree:\ncritical-section 1.1.2\n riscv 0.10.1\n     zcore-drivers 0.1.0\n        linux-object 0.1.0\n           zcore-loader 0.1.0\n              zcore 0.1.0\n           zcore 0.1.0\n           linux-syscall 0.1.0\n               zcore-loader 0.1.0\n        kernel-hal 0.1.0\n            zircon-syscall 0.1.0\n               zcore-loader 0.1.0\n            zircon-object 0.1.0\n               zircon-syscall 0.1.0\n               zcore-loader 0.1.0\n               zcore 0.1.0\n               linux-syscall 0.1.0\n               linux-object 0.1.0\n            zcore-loader 0.1.0\n            zcore 0.1.0\n            linux-syscall 0.1.0\n            linux-object 0.1.0\n     zcore 0.1.0\n     kernel-hal 0.1.0\n\nCrate:     futures-util\nVersion:   0.3.30\nWarning:   yanked\nDependency tree:\nfutures-util 0.3.30\n futures 0.3.30\n     zircon-syscall 0.1.0\n        zcore-loader 0.1.0\n            zcore 0.1.0\n     zircon-object 0.1.0\n        zircon-syscall 0.1.0\n        zcore-loader 0.1.0\n        zcore 0.1.0\n        linux-syscall 0.1.0\n           zcore-loader 0.1.0\n        linux-object 0.1.0\n            zcore-loader 0.1.0\n            zcore 0.1.0\n            linux-syscall 0.1.0\n     linux-syscall 0.1.0\n\nwarning: 2 allowed warnings found\n\n{\n  \"database\": {\n    \"advisory-count\": 664,\n    \"last-commit\": \"57c4a0ce3a1a3cdbf9e7eaa16b5441345de50d13\",\n    \"last-updated\": \"2024-10-14T15:18:55-04:00\"\n  },\n  \"lockfile\": {\n    \"dependency-count\": 224\n  },\n  \"settings\": {\n    \"target_arch\": [],\n    \"target_os\": [],\n    \"severity\": null,\n    \"ignore\": [],\n    \"informational_warnings\": [\n      \"unmaintained\",\n      \"unsound\",\n      \"notice\"\n    ]\n  },\n  \"vulnerabilities\": {\n    \"found\": false,\n    \"count\": 0,\n    \"list\": []\n  },\n  \"warnings\": {\n    \"yanked\": [\n      {\n        \"kind\": \"yanked\",\n        \"package\": {\n          \"name\": \"critical-section\",\n          \"version\": \"1.1.2\",\n          \"source\": \"registry+https://github.com/rust-lang/crates.io-index\",\n          \"checksum\": \"7059fff8937831a9ae6f0fe4d658ffabf58f2ca96aa9dec1c889f936f705f216\",\n          \"replace\": null\n        },\n        \"advisory\": null,\n        \"affected\": null,\n        \"versions\": null\n      },\n      {\n        \"kind\": \"yanked\",\n        \"package\": {\n          \"name\": \"futures-util\",\n          \"version\": \"0.3.30\",\n          \"source\": \"registry+https://github.com/rust-lang/crates.io-index\",\n          \"checksum\": \"3d6401deb83407ab3da39eba7e33987a73c3df0c82b4bb5813ee871c19c41d48\",\n          \"dependencies\": [\n            {\n              \"name\": \"futures-core\",\n              \"version\": \"0.3.30\",\n              \"source\": \"registry+https://github.com/rust-lang/crates.io-index\"\n            },\n            {\n              \"name\": \"futures-macro\",\n              \"version\": \"0.3.30\",\n              \"source\": \"registry+https://github.com/rust-lang/crates.io-index\"\n            },\n            {\n              \"name\": \"futures-sink\",\n              \"version\": \"0.3.30\",\n              \"source\": \"registry+https://github.com/rust-lang/crates.io-index\"\n            },\n            {\n              \"name\": \"futures-task\",\n              \"version\": \"0.3.30\",\n              \"source\": \"registry+https://github.com/rust-lang/crates.io-index\"\n            },\n            {\n              \"name\": \"pin-project-lite\",\n              \"version\": \"0.2.14\",\n              \"source\": \"registry+https://github.com/rust-lang/crates.io-index\"\n            },\n            {\n              \"name\": \"pin-utils\",\n              \"version\": \"0.1.0\",\n              \"source\": \"registry+https://github.com/rust-lang/crates.io-index\"\n            }\n          ],\n          \"replace\": null\n        },\n        \"advisory\": null,\n        \"affected\": null,\n        \"versions\": null\n      }\n    ]\n  }\n}"]}},{"file":"/home/runner/.cargo/git/checkouts/zcore-kernel-hal-f36b832dc29d2d9b/eae409f/src/bare/arch/x86_64/cpu.rs","count":2,"kinds":{"Clippy(Error)":["error[E0432]: unresolved import `raw_cpuid`\n --> /home/runner/.cargo/git/checkouts/zcore-kernel-hal-f36b832dc29d2d9b/eae409f/src/bare/arch/x86_64/cpu.rs:3:5\n  |\n3 | use raw_cpuid::CpuId;\n  |     ^^^^^^^^^ use of undeclared crate or module `raw_cpuid`\n\n","error[E0432]: unresolved import `raw_cpuid`\n --> /home/runner/.cargo/git/checkouts/zcore-kernel-hal-f36b832dc29d2d9b/eae409f/src/bare/arch/x86_64/cpu.rs:3:5\n  |\n3 | use raw_cpuid::CpuId;\n  |     ^^^^^^^^^ use of undeclared crate or module `raw_cpuid`\n\n"]}},{"file":"/home/runner/.cargo/git/checkouts/zcore-kernel-hal-f36b832dc29d2d9b/eae409f/src/bare/arch/x86_64/drivers.rs","count":2,"kinds":{"Clippy(Error)":["error[E0433]: failed to resolve: use of undeclared crate or module `x2apic`\n  --> /home/runner/.cargo/git/checkouts/zcore-kernel-hal-f36b832dc29d2d9b/eae409f/src/bare/arch/x86_64/drivers.rs:36:9\n   |\n36 |     use x2apic::lapic::{TimerDivide, TimerMode};\n   |         ^^^^^^ use of undeclared crate or module `x2apic`\n\n","error[E0433]: failed to resolve: use of undeclared crate or module `x2apic`\n  --> /home/runner/.cargo/git/checkouts/zcore-kernel-hal-f36b832dc29d2d9b/eae409f/src/bare/arch/x86_64/drivers.rs:36:9\n   |\n36 |     use x2apic::lapic::{TimerDivide, TimerMode};\n   |         ^^^^^^ use of undeclared crate or module `x2apic`\n\n"]}},{"file":"/home/runner/.cargo/git/checkouts/zcore-kernel-hal-f36b832dc29d2d9b/eae409f/src/bare/arch/x86_64/mem.rs","count":2,"kinds":{"Clippy(Error)":["error[E0433]: failed to resolve: use of undeclared crate or module `uefi`\n --> /home/runner/.cargo/git/checkouts/zcore-kernel-hal-f36b832dc29d2d9b/eae409f/src/bare/arch/x86_64/mem.rs:5:5\n  |\n5 | use uefi::table::boot::MemoryType;\n  |     ^^^^ use of undeclared crate or module `uefi`\n\n","error[E0433]: failed to resolve: use of undeclared crate or module `uefi`\n --> /home/runner/.cargo/git/checkouts/zcore-kernel-hal-f36b832dc29d2d9b/eae409f/src/bare/arch/x86_64/mem.rs:5:5\n  |\n5 | use uefi::table::boot::MemoryType;\n  |     ^^^^ use of undeclared crate or module `uefi`\n\n"]}},{"file":"/home/runner/.cargo/git/checkouts/zcore-kernel-hal-f36b832dc29d2d9b/eae409f/src/bare/arch/x86_64/mod.rs","count":2,"kinds":{"Clippy(Error)":["error[E0433]: failed to resolve: use of undeclared crate or module `x86_smpboot`\n  --> /home/runner/.cargo/git/checkouts/zcore-kernel-hal-f36b832dc29d2d9b/eae409f/src/bare/arch/x86_64/mod.rs:51:9\n   |\n51 |         x86_smpboot::start_application_processors(\n   |         ^^^^^^^^^^^ use of undeclared crate or module `x86_smpboot`\n\n","error[E0433]: failed to resolve: use of undeclared crate or module `x86_smpboot`\n  --> /home/runner/.cargo/git/checkouts/zcore-kernel-hal-f36b832dc29d2d9b/eae409f/src/bare/arch/x86_64/mod.rs:51:9\n   |\n51 |         x86_smpboot::start_application_processors(\n   |         ^^^^^^^^^^^ use of undeclared crate or module `x86_smpboot`\n\n"]}},{"file":"/home/runner/.cargo/git/checkouts/zcore-kernel-hal-f36b832dc29d2d9b/eae409f/src/bare/thread.rs","count":2,"kinds":{"Clippy(Error)":["error[E0433]: failed to resolve: use of undeclared crate or module `executor`\n  --> /home/runner/.cargo/git/checkouts/zcore-kernel-hal-f36b832dc29d2d9b/eae409f/src/bare/thread.rs:17:13\n   |\n17 |             executor::spawn(future);\n   |             ^^^^^^^^ use of undeclared crate or module `executor`\n\n","error[E0433]: failed to resolve: use of undeclared crate or module `executor`\n  --> /home/runner/.cargo/git/checkouts/zcore-kernel-hal-f36b832dc29d2d9b/eae409f/src/bare/thread.rs:17:13\n   |\n17 |             executor::spawn(future);\n   |             ^^^^^^^^ use of undeclared crate or module `executor`\n\n"]}},{"file":"/home/runner/.cargo/git/checkouts/zcore-kernel-hal-f36b832dc29d2d9b/eae409f/src/common/context.rs","count":2,"kinds":{"Clippy(Error)":["error[E0599]: no method named `run` found for struct `trapframe::UserContext` in the current scope\n   --> /home/runner/.cargo/git/checkouts/zcore-kernel-hal-f36b832dc29d2d9b/eae409f/src/common/context.rs:232:24\n    |\n232 |                 self.0.run()\n    |                        ^^^ method not found in `trapframe::UserContext`\n\n","error[E0599]: no method named `run` found for struct `trapframe::UserContext` in the current scope\n   --> /home/runner/.cargo/git/checkouts/zcore-kernel-hal-f36b832dc29d2d9b/eae409f/src/common/context.rs:232:24\n    |\n232 |                 self.0.run()\n    |                        ^^^ method not found in `trapframe::UserContext`\n\n"]}},{"file":"(virtual) rap","count":2,"kinds":{"Cargo":["// pkg_name=zcore, checker=Rap\n// toolchain=nightly-2022-10-27, target=x86_64-unknown-linux-gnu\n// pkg_dir=/home/runner/check/batch_1/kern-crates/zCore\n// cmd=cargo +nightly-2024-06-30 rap -M\n     Removed 402 files, 99.4MiB total\n    Checking bitflags v1.3.2\n    Checking bit_field v0.10.2\n   Compiling autocfg v1.3.0\n   Compiling proc-macro2 v1.0.86\n    Checking log v0.4.21\n   Compiling unicode-ident v1.0.12\n   Compiling rustversion v1.0.17\n    Checking scopeguard v1.2.0\n    Checking raw-cpuid v10.7.0\n   Compiling lock_api v0.4.12\n   Compiling quote v1.0.36\n    Checking bitflags v2.6.0\n    Checking volatile v0.4.6\n   Compiling syn v2.0.68\n    Checking spin v0.9.8\n   Compiling paste v1.0.15\n    Checking x86_64 v0.14.12\n    Checking cfg-if v1.0.0\n    Checking volatile v0.3.0\n    Checking lazy_static v1.5.0\n    Checking rsdp v2.0.1\n   Compiling x86 v0.46.0\n    Checking bit v0.1.1\n    Checking futures-sink v0.3.30\n    Checking byteorder v1.5.0\n   Compiling trapframe v0.9.0\n    Checking futures-core v0.3.30\n    Checking managed v0.8.0\n    Checking acpi v4.1.1\n    Checking lock v0.1.0 (https://github.com/DeathWish5/kernel-sync?rev=8486b8#8486b817)\n    Checking smoltcp v0.8.0 (https://github.com/smoltcp-rs/smoltcp?rev=35e833e3#35e833e3)\n    Checking x2apic v0.4.3\n    Checking virtio-drivers v0.1.0 (https://github.com/rcore-os/virtio-drivers?rev=2aaf7d6#2aaf7d60)\n    Checking isomorphic_drivers v0.1.0 (https://github.com/rcore-os/isomorphic_drivers?rev=f7cd97a8#f7cd97a8)\n    Checking pci v0.0.1 (https://github.com/elliott10/pci-rs?rev=8f33774b#8f33774b)\n    Checking bitmap-allocator v0.1.0 (https://github.com/rcore-os/bitmap-allocator?rev=88e871a5#88e871a5)\n    Checking futures-task v0.3.30\n    Checking pin-utils v0.1.0\n    Checking pin-project-lite v0.2.14\n    Checking device_tree v1.0.3 (https://github.com/rcore-os/device_tree-rs?rev=2f2e55f#2f2e55fb)\n    Checking numeric-enum-macro v0.2.0\n    Checking futures-channel v0.3.30\n    Checking zero v0.1.3\n    Checking ahash v0.4.8\n    Checking uniset v0.2.0 (https://github.com/pleasewhy/uniset?rev=40edbd7506979daa1d49f935b568873a6a21c5c0#40edbd75)\n    Checking zcore-drivers v0.1.0 (https://github.com/kern-crates/zcore-drivers.git?rev=91c574e0#91c574e0)\n    Checking futures-io v0.3.30\n    Checking unicycle v0.7.1 (https://github.com/pleasewhy/unicycle?rev=904f1c061d4784a5642e092d308cf523a9270c6e#904f1c06)\n    Checking hashbrown v0.9.1\n    Checking xmas-elf v0.7.0\n    Checking region-alloc v0.1.0 (https://github.com/rzswh/region-allocator?rev=122c7a71#122c7a71)\nerror[E0635]: unknown feature `btree_drain_filter`\n --> /home/runner/.cargo/git/checkouts/region-allocator-4314ed0cadd5612c/122c7a7/src/lib.rs:2:12\n  |\n2 | #![feature(btree_drain_filter)]\n  |            ^^^^^^^^^^^^^^^^^^\n\n    Checking bit-iter v1.2.0\nerror[E0599]: no method named `drain_filter` found for struct `BTreeSet` in the current scope\n   --> /home/runner/.cargo/git/checkouts/region-allocator-4314ed0cadd5612c/122c7a7/src/lib.rs:120:14\n    |\n119 | /         self.regions\n120 | |             .drain_filter(|r| {\n    | |             -^^^^^^^^^^^^ method not found in `BTreeSet<Region>`\n    | |_____________|\n    |\n\nSome errors have detailed explanations: E0599, E0635.\nFor more information about an error, try `rustc --explain E0599`.\nerror: could not compile `region-alloc` (lib) due to 2 previous errors\nwarning: build failed, waiting for other jobs to finish...\n2:12|RAP-FRONT|ERROR|: Finished with non-zero exit code.\n","// pkg_name=zcore, checker=Rap\n// toolchain=nightly-2022-10-27, target=x86_64-unknown-linux-gnu\n// pkg_dir=/home/runner/check/batch_1/kern-crates/zCore\n// cmd=cargo +nightly-2024-06-30 rap -M\n     Removed 402 files, 99.4MiB total\n    Checking bitflags v1.3.2\n    Checking bit_field v0.10.2\n   Compiling autocfg v1.3.0\n   Compiling proc-macro2 v1.0.86\n    Checking log v0.4.21\n   Compiling unicode-ident v1.0.12\n   Compiling rustversion v1.0.17\n    Checking scopeguard v1.2.0\n    Checking raw-cpuid v10.7.0\n   Compiling lock_api v0.4.12\n   Compiling quote v1.0.36\n    Checking bitflags v2.6.0\n    Checking volatile v0.4.6\n   Compiling syn v2.0.68\n    Checking spin v0.9.8\n   Compiling paste v1.0.15\n    Checking x86_64 v0.14.12\n    Checking cfg-if v1.0.0\n    Checking volatile v0.3.0\n    Checking lazy_static v1.5.0\n    Checking rsdp v2.0.1\n   Compiling x86 v0.46.0\n    Checking bit v0.1.1\n    Checking futures-sink v0.3.30\n    Checking byteorder v1.5.0\n   Compiling trapframe v0.9.0\n    Checking futures-core v0.3.30\n    Checking managed v0.8.0\n    Checking acpi v4.1.1\n    Checking lock v0.1.0 (https://github.com/DeathWish5/kernel-sync?rev=8486b8#8486b817)\n    Checking smoltcp v0.8.0 (https://github.com/smoltcp-rs/smoltcp?rev=35e833e3#35e833e3)\n    Checking x2apic v0.4.3\n    Checking virtio-drivers v0.1.0 (https://github.com/rcore-os/virtio-drivers?rev=2aaf7d6#2aaf7d60)\n    Checking isomorphic_drivers v0.1.0 (https://github.com/rcore-os/isomorphic_drivers?rev=f7cd97a8#f7cd97a8)\n    Checking pci v0.0.1 (https://github.com/elliott10/pci-rs?rev=8f33774b#8f33774b)\n    Checking bitmap-allocator v0.1.0 (https://github.com/rcore-os/bitmap-allocator?rev=88e871a5#88e871a5)\n    Checking futures-task v0.3.30\n    Checking pin-utils v0.1.0\n    Checking pin-project-lite v0.2.14\n    Checking device_tree v1.0.3 (https://github.com/rcore-os/device_tree-rs?rev=2f2e55f#2f2e55fb)\n    Checking numeric-enum-macro v0.2.0\n    Checking futures-channel v0.3.30\n    Checking zero v0.1.3\n    Checking ahash v0.4.8\n    Checking uniset v0.2.0 (https://github.com/pleasewhy/uniset?rev=40edbd7506979daa1d49f935b568873a6a21c5c0#40edbd75)\n    Checking zcore-drivers v0.1.0 (https://github.com/kern-crates/zcore-drivers.git?rev=91c574e0#91c574e0)\n    Checking futures-io v0.3.30\n    Checking unicycle v0.7.1 (https://github.com/pleasewhy/unicycle?rev=904f1c061d4784a5642e092d308cf523a9270c6e#904f1c06)\n    Checking hashbrown v0.9.1\n    Checking xmas-elf v0.7.0\n    Checking region-alloc v0.1.0 (https://github.com/rzswh/region-allocator?rev=122c7a71#122c7a71)\nerror[E0635]: unknown feature `btree_drain_filter`\n --> /home/runner/.cargo/git/checkouts/region-allocator-4314ed0cadd5612c/122c7a7/src/lib.rs:2:12\n  |\n2 | #![feature(btree_drain_filter)]\n  |            ^^^^^^^^^^^^^^^^^^\n\n    Checking bit-iter v1.2.0\nerror[E0599]: no method named `drain_filter` found for struct `BTreeSet` in the current scope\n   --> /home/runner/.cargo/git/checkouts/region-allocator-4314ed0cadd5612c/122c7a7/src/lib.rs:120:14\n    |\n119 | /         self.regions\n120 | |             .drain_filter(|r| {\n    | |             -^^^^^^^^^^^^ method not found in `BTreeSet<Region>`\n    | |_____________|\n    |\n\nSome errors have detailed explanations: E0599, E0635.\nFor more information about an error, try `rustc --explain E0599`.\nerror: could not compile `region-alloc` (lib) due to 2 previous errors\nwarning: build failed, waiting for other jobs to finish...\n2:12|RAP-FRONT|ERROR|: Finished with non-zero exit code.\n"]}},{"file":"[lockbud] Not supported to display yet.","count":2,"kinds":{"Lockbud(Possibly)":["[2024-10-19T02:11:53Z WARN  lockbud::callbacks] [\n      {\n        \"AtomicityViolation\": {\n          \"bug_kind\": \"AtomicityViolation\",\n          \"possibility\": \"Possibly\",\n          \"diagnosis\": {\n            \"fn_name\": \"set_logger_racy\",\n            \"atomic_reader\": \"/home/runner/.cargo/registry/src/index.crates.io-6f17d22bba15001f/log-0.4.21/src/lib.rs:1408:11: 1408:39 (#0)\",\n            \"atomic_writer\": \"/home/runner/.cargo/registry/src/index.crates.io-6f17d22bba15001f/log-0.4.21/src/lib.rs:1411:13: 1411:55 (#0)\",\n            \"dep_kind\": \"Control\"\n          },\n          \"explanation\": \"atomic::store is data/control dependent on atomic::load\"\n        }\n      }\n    ]\n[2024-10-19T02:11:53Z WARN  lockbud::callbacks] crate log contains bugs: { probably: 0, possibly: 0 }, conflictlock: { probably: 0, possibly: 0 }, condvar_deadlock: { probably: 0, possibly: 0 }, atomicity_violation: { possibly: 1 }, invalid_free: { possibly: 0 }, use_after_free: { possibly: 0 }","[2024-10-19T02:11:45Z WARN  lockbud::callbacks] [\n      {\n        \"AtomicityViolation\": {\n          \"bug_kind\": \"AtomicityViolation\",\n          \"possibility\": \"Possibly\",\n          \"diagnosis\": {\n            \"fn_name\": \"set_logger_racy\",\n            \"atomic_reader\": \"/home/runner/.cargo/registry/src/index.crates.io-6f17d22bba15001f/log-0.4.21/src/lib.rs:1408:11: 1408:39 (#0)\",\n            \"atomic_writer\": \"/home/runner/.cargo/registry/src/index.crates.io-6f17d22bba15001f/log-0.4.21/src/lib.rs:1411:13: 1411:55 (#0)\",\n            \"dep_kind\": \"Control\"\n          },\n          \"explanation\": \"atomic::store is data/control dependent on atomic::load\"\n        }\n      }\n    ]\n[2024-10-19T02:11:45Z WARN  lockbud::callbacks] crate log contains bugs: { probably: 0, possibly: 0 }, conflictlock: { probably: 0, possibly: 0 }, condvar_deadlock: { probably: 0, possibly: 0 }, atomicity_violation: { possibly: 1 }, invalid_free: { possibly: 0 }, use_after_free: { possibly: 0 }"]}},{"file":"(virtual) mirai","count":1,"kinds":{"Cargo":["// pkg_name=zcore, checker=Mirai\n// toolchain=nightly-2022-10-27, target=x86_64-unknown-linux-gnu\n// pkg_dir=/home/runner/check/batch_1/kern-crates/zCore\n// cmd=cargo +nightly-2023-12-30 mirai --target x86_64-unknown-linux-gnu --message-format=json\n    Checking bitflags v1.3.2\n    Checking bit_field v0.10.2\n   Compiling proc-macro2 v1.0.86\n   Compiling autocfg v1.3.0\n    Checking log v0.4.21\n   Compiling rustversion v1.0.17\n   Compiling unicode-ident v1.0.12\n    Checking scopeguard v1.2.0\n    Checking raw-cpuid v10.7.0\n   Compiling lock_api v0.4.12\nerror: failed to run custom build command for `rustversion v1.0.17`\n\nCaused by:\n  process didn't exit successfully: `/home/runner/check/batch_1/kern-crates/zCore/target/debug/build/rustversion-cb7b2b82d44a199d/build-script-build` (exit status: 1)\n  --- stdout\n  cargo:rerun-if-changed=build/build.rs\n\n  --- stderr\n  Error: unexpected output from `rustc --version`: \"mirai 1.1.9\\n\"\n\n  Please file an issue in https://github.com/dtolnay/rustversion\nwarning: build failed, waiting for other jobs to finish...\n"]}}]},{"user":"kern-crates","repo":"zCore","pkg":"uart","count":5,"raw_reports":[{"file":"(virtual) lockbud","count":3,"kinds":{"Cargo":["// pkg_name=uart, checker=Lockbud\n// toolchain=nightly-2022-10-27, target=x86_64-unknown-linux-gnu\n// pkg_dir=/home/runner/check/batch_1/kern-crates/zCore/zcore-tests/testcases/src/uart\n// cmd=cargo +nightly-2024-05-21 lockbud -k all -- --target x86_64-unknown-linux-gnu\n   Compiling cfg_aliases v0.2.1\n   Compiling libc v0.2.161\n   Compiling bitflags v2.6.0\n   Compiling cfg-if v1.0.0\n   Compiling nix v0.29.0\n   Compiling uart v0.1.0 (/home/runner/check/batch_1/kern-crates/zCore/zcore-tests/testcases/src/uart)\nerror[E0432]: unresolved imports `nix::fcntl::open`, `nix::fcntl::OFlag`, `nix::sys::stat`\n   --> src/main.rs:2:13\n    |\n2   |     fcntl::{open, OFlag},\n    |             ^^^^  ^^^^^ no `OFlag` in `fcntl`\n    |             |\n    |             no `open` in `fcntl`\n3   |     sys::stat::Mode,\n    |          ^^^^ could not find `stat` in `sys`\n    |\nnote: found an item that was configured out\n   --> /home/runner/.cargo/registry/src/index.crates.io-6f17d22bba15001f/nix-0.29.0/src/fcntl.rs:220:8\n    |\n220 | pub fn open<P: ?Sized + NixPath>(\n    |        ^^^^\n    = note: the item is gated behind the `fs` feature\nnote: found an item that was configured out\n   --> /home/runner/.cargo/registry/src/index.crates.io-6f17d22bba15001f/nix-0.29.0/src/sys/mod.rs:128:13\n    |\n128 |     pub mod stat;\n    |             ^^^^\n    = note: the item is gated behind the `fs` feature\n\nFor more information about this error, try `rustc --explain E0432`.\nerror: could not compile `uart` (bin \"uart\") due to 1 previous error\n","// pkg_name=uart, checker=Lockbud\n// toolchain=nightly-2022-10-27, target=x86_64-unknown-uefi\n// pkg_dir=/home/runner/check/batch_1/kern-crates/zCore/zcore-tests/testcases/src/uart\n// cmd=cargo +nightly-2024-05-21 lockbud -k all -- --target x86_64-unknown-uefi\n   Compiling libc v0.2.161\n   Compiling cfg-if v1.0.0\n   Compiling bitflags v2.6.0\n   Compiling nix v0.29.0\nerror[E0463]: can't find crate for `core`\n  |\n  = note: the `x86_64-unknown-uefi` target may not be installed\n  = help: consider downloading the target with `rustup target add x86_64-unknown-uefi`\n  = help: consider building the standard library from source with `cargo build -Zbuild-std`\n\nFor more information about this error, try `rustc --explain E0463`.\nerror: could not compile `cfg-if` (lib) due to 1 previous error\nwarning: build failed, waiting for other jobs to finish...\nerror: could not compile `bitflags` (lib) due to 1 previous error\nerror: could not compile `libc` (lib) due to 1 previous error\n","// pkg_name=uart, checker=Lockbud\n// toolchain=nightly-2022-10-27, target=x86_64-unknown-linux-musl\n// pkg_dir=/home/runner/check/batch_1/kern-crates/zCore/zcore-tests/testcases/src/uart\n// cmd=cargo +nightly-2024-05-21 lockbud -k all -- --target x86_64-unknown-linux-musl\n   Compiling libc v0.2.161\n   Compiling nix v0.29.0\n   Compiling bitflags v2.6.0\n   Compiling cfg-if v1.0.0\n   Compiling uart v0.1.0 (/home/runner/check/batch_1/kern-crates/zCore/zcore-tests/testcases/src/uart)\nerror[E0432]: unresolved imports `nix::fcntl::open`, `nix::fcntl::OFlag`, `nix::sys::stat`\n   --> src/main.rs:2:13\n    |\n2   |     fcntl::{open, OFlag},\n    |             ^^^^  ^^^^^ no `OFlag` in `fcntl`\n    |             |\n    |             no `open` in `fcntl`\n3   |     sys::stat::Mode,\n    |          ^^^^ could not find `stat` in `sys`\n    |\nnote: found an item that was configured out\n   --> /home/runner/.cargo/registry/src/index.crates.io-6f17d22bba15001f/nix-0.29.0/src/fcntl.rs:220:8\n    |\n220 | pub fn open<P: ?Sized + NixPath>(\n    |        ^^^^\n    = note: the item is gated behind the `fs` feature\nnote: found an item that was configured out\n   --> /home/runner/.cargo/registry/src/index.crates.io-6f17d22bba15001f/nix-0.29.0/src/sys/mod.rs:128:13\n    |\n128 |     pub mod stat;\n    |             ^^^^\n    = note: the item is gated behind the `fs` feature\n\nFor more information about this error, try `rustc --explain E0432`.\nerror: could not compile `uart` (bin \"uart\") due to 1 previous error\n"]}},{"file":"(virtual) rap","count":2,"kinds":{"Cargo":["// pkg_name=uart, checker=Rap\n// toolchain=nightly-2022-10-27, target=x86_64-unknown-linux-gnu\n// pkg_dir=/home/runner/check/batch_1/kern-crates/zCore/zcore-tests/testcases/src/uart\n// cmd=cargo +nightly-2024-06-30 rap -M\n     Removed 65 files, 20.0MiB total\n   Compiling libc v0.2.161\n   Compiling cfg_aliases v0.2.1\n    Checking cfg-if v1.0.0\n    Checking bitflags v2.6.0\n   Compiling nix v0.29.0\n    Checking uart v0.1.0 (/home/runner/check/batch_1/kern-crates/zCore/zcore-tests/testcases/src/uart)\nerror[E0432]: unresolved imports `nix::fcntl::open`, `nix::fcntl::OFlag`, `nix::sys::stat`\n   --> src/main.rs:2:13\n    |\n2   |     fcntl::{open, OFlag},\n    |             ^^^^  ^^^^^ no `OFlag` in `fcntl`\n    |             |\n    |             no `open` in `fcntl`\n3   |     sys::stat::Mode,\n    |          ^^^^ could not find `stat` in `sys`\n    |\nnote: found an item that was configured out\n   --> /home/runner/.cargo/registry/src/index.crates.io-6f17d22bba15001f/nix-0.29.0/src/fcntl.rs:220:8\n    |\n220 | pub fn open<P: ?Sized + NixPath>(\n    |        ^^^^\n    = note: the item is gated behind the `fs` feature\nnote: found an item that was configured out\n   --> /home/runner/.cargo/registry/src/index.crates.io-6f17d22bba15001f/nix-0.29.0/src/sys/mod.rs:128:13\n    |\n128 |     pub mod stat;\n    |             ^^^^\n    = note: the item is gated behind the `fs` feature\n\nFor more information about this error, try `rustc --explain E0432`.\nerror: could not compile `uart` (bin \"uart\") due to 1 previous error\n2:11|RAP-FRONT|ERROR|: Finished with non-zero exit code.\n","// pkg_name=uart, checker=Rap\n// toolchain=nightly-2022-10-27, target=x86_64-unknown-linux-gnu\n// pkg_dir=/home/runner/check/batch_1/kern-crates/zCore/zcore-tests/testcases/src/uart\n// cmd=cargo +nightly-2024-06-30 rap -M\n     Removed 65 files, 20.0MiB total\n   Compiling libc v0.2.161\n   Compiling cfg_aliases v0.2.1\n    Checking cfg-if v1.0.0\n    Checking bitflags v2.6.0\n   Compiling nix v0.29.0\n    Checking uart v0.1.0 (/home/runner/check/batch_1/kern-crates/zCore/zcore-tests/testcases/src/uart)\nerror[E0432]: unresolved imports `nix::fcntl::open`, `nix::fcntl::OFlag`, `nix::sys::stat`\n   --> src/main.rs:2:13\n    |\n2   |     fcntl::{open, OFlag},\n    |             ^^^^  ^^^^^ no `OFlag` in `fcntl`\n    |             |\n    |             no `open` in `fcntl`\n3   |     sys::stat::Mode,\n    |          ^^^^ could not find `stat` in `sys`\n    |\nnote: found an item that was configured out\n   --> /home/runner/.cargo/registry/src/index.crates.io-6f17d22bba15001f/nix-0.29.0/src/fcntl.rs:220:8\n    |\n220 | pub fn open<P: ?Sized + NixPath>(\n    |        ^^^^\n    = note: the item is gated behind the `fs` feature\nnote: found an item that was configured out\n   --> /home/runner/.cargo/registry/src/index.crates.io-6f17d22bba15001f/nix-0.29.0/src/sys/mod.rs:128:13\n    |\n128 |     pub mod stat;\n    |             ^^^^\n    = note: the item is gated behind the `fs` feature\n\nFor more information about this error, try `rustc --explain E0432`.\nerror: could not compile `uart` (bin \"uart\") due to 1 previous error\n2:11|RAP-FRONT|ERROR|: Finished with non-zero exit code.\n"]}}]},{"user":"kern-crates","repo":"zCore","pkg":"zircon-user","count":5,"raw_reports":[{"file":"src/bin/hello.rs","count":2,"kinds":{"Clippy(Error)":["error[E0463]: can't find crate for `std`\n  |\n  = note: the `x86_64-unknown-uefi` target may not be installed\n  = help: consider downloading the target with `rustup target add x86_64-unknown-uefi`\n  = help: consider building the standard library from source with `cargo build -Zbuild-std`\n\n","error: cannot find macro `println` in this scope\n --> src/bin/hello.rs:2:5\n  |\n2 |     println!(\"Hello, zCore!\");\n  |     ^^^^^^^\n\n"]}},{"file":"(virtual) clippy","count":1,"kinds":{"Cargo":["// pkg_name=zircon-user, checker=Clippy\n// toolchain=nightly-2022-01-20, target=x86_64-unknown-uefi\n// pkg_dir=/home/runner/check/batch_1/kern-crates/zCore/zcore-zircon-user\n// cmd=cargo clippy --target x86_64-unknown-uefi --no-deps --message-format=json\n    Checking zircon-user v0.1.0 (/home/runner/check/batch_1/kern-crates/zCore/zcore-zircon-user)\nerror: could not compile `zircon-user` due to 4 previous errors\n"]}},{"file":"(virtual) lockbud","count":1,"kinds":{"Cargo":["// pkg_name=zircon-user, checker=Lockbud\n// toolchain=nightly-2022-01-20, target=x86_64-unknown-uefi\n// pkg_dir=/home/runner/check/batch_1/kern-crates/zCore/zcore-zircon-user\n// cmd=cargo +nightly-2024-05-21 lockbud -k all -- --target x86_64-unknown-uefi\nwarning: `/home/runner/check/batch_1/kern-crates/zCore/zcore-zircon-user/.cargo/config` is deprecated in favor of `config.toml`\nnote: if you need to support cargo 1.38 or earlier, you can symlink `config` to `config.toml`\nwarning: `/home/runner/check/batch_1/kern-crates/zCore/zcore-zircon-user/.cargo/config` is deprecated in favor of `config.toml`\nnote: if you need to support cargo 1.38 or earlier, you can symlink `config` to `config.toml`\n   Compiling zircon-user v0.1.0 (/home/runner/check/batch_1/kern-crates/zCore/zcore-zircon-user)\nerror[E0463]: can't find crate for `std`\n  |\n  = note: the `x86_64-unknown-uefi` target may not be installed\n  = help: consider downloading the target with `rustup target add x86_64-unknown-uefi`\n  = help: consider building the standard library from source with `cargo build -Zbuild-std`\n\nFor more information about this error, try `rustc --explain E0463`.\nerror: could not compile `zircon-user` (bin \"hello\") due to 1 previous error\n"]}},{"file":"unkonwn-but-maybe-important","count":1,"kinds":{"Clippy(Error)":["error: requires `sized` lang_item\n\n"]}}]},{"user":"kern-crates","repo":"zCore","pkg":"rboot","count":2,"raw_reports":[{"file":"(virtual) lockbud","count":2,"kinds":{"Cargo":["// pkg_name=rboot, checker=Lockbud\n// toolchain=nightly-2022-10-27, target=x86_64-unknown-uefi\n// pkg_dir=/home/runner/check/batch_1/kern-crates/zCore/rboot\n// cmd=cargo +nightly-2024-05-21 lockbud -k all -- --target x86_64-unknown-uefi\nwarning: `/home/runner/check/batch_1/kern-crates/zCore/rboot/.cargo/config` is deprecated in favor of `config.toml`\nnote: if you need to support cargo 1.38 or earlier, you can symlink `config` to `config.toml`\nwarning: `/home/runner/check/batch_1/kern-crates/zCore/rboot/.cargo/config` is deprecated in favor of `config.toml`\nnote: if you need to support cargo 1.38 or earlier, you can symlink `config` to `config.toml`\nerror: \"/home/runner/.rustup/toolchains/nightly-2024-05-21-x86_64-unknown-linux-gnu/lib/rustlib/src/rust/Cargo.lock\" does not exist, unable to build with the standard library, try:\n        rustup component add rust-src --toolchain nightly-2024-05-21-x86_64-unknown-linux-gnu\n","// pkg_name=rboot, checker=Lockbud\n// toolchain=nightly-2022-10-27, target=x86_64-unknown-linux-musl\n// pkg_dir=/home/runner/check/batch_1/kern-crates/zCore/rboot\n// cmd=cargo +nightly-2024-05-21 lockbud -k all -- --target x86_64-unknown-linux-musl\nwarning: `/home/runner/check/batch_1/kern-crates/zCore/rboot/.cargo/config` is deprecated in favor of `config.toml`\nnote: if you need to support cargo 1.38 or earlier, you can symlink `config` to `config.toml`\nwarning: `/home/runner/check/batch_1/kern-crates/zCore/rboot/.cargo/config` is deprecated in favor of `config.toml`\nnote: if you need to support cargo 1.38 or earlier, you can symlink `config` to `config.toml`\nerror: \"/home/runner/.rustup/toolchains/nightly-2024-05-21-x86_64-unknown-linux-gnu/lib/rustlib/src/rust/Cargo.lock\" does not exist, unable to build with the standard library, try:\n        rustup component add rust-src --toolchain nightly-2024-05-21-x86_64-unknown-linux-gnu\n"]}}]}],"kinds_order":["Cargo","Clippy(Error)","Clippy(Warn)","Audit","Mirai","Rap","Lockbud(Probably)","Lockbud(Possibly)","Unformatted"]}