{"repo":{"user":"kern-crates","repo":"zCore"},"data":[{"user":"kern-crates","repo":"zCore","pkg":"zcore","count":127,"raw_reports":[{"file":"/home/runner/.cargo/registry/src/github.com-1ecc6299db9ec823/log-0.4.21/src/lib.rs","count":97,"kinds":{"Clippy(Error)":["error[E0463]: can't find crate for `core`\n  |\n  = note: the `x86_64-unknown-uefi` target may not be installed\n  = help: consider downloading the target with `rustup target add x86_64-unknown-uefi`\n  = help: consider building the standard library from source with `cargo build -Zbuild-std`\n\n","error[E0463]: can't find crate for `compiler_builtins`\n\n","error[E0463]: can't find crate for `core`\n   --> /home/runner/.cargo/registry/src/github.com-1ecc6299db9ec823/log-0.4.21/src/lib.rs:346:1\n    |\n346 | extern crate core as std;\n    | ^^^^^^^^^^^^^^^^^^^^^^^^^ can't find crate\n    |\n    = note: the `x86_64-unknown-uefi` target may not be installed\n    = help: consider downloading the target with `rustup target add x86_64-unknown-uefi`\n    = help: consider building the standard library from source with `cargo build -Zbuild-std`\n\n","error: cannot determine resolution for the macro `cfg`\n    --> /home/runner/.cargo/registry/src/github.com-1ecc6299db9ec823/log-0.4.21/src/lib.rs:1500:10\n     |\n1500 |     _ if cfg!(feature = \"max_level_debug\") => LevelFilter::Debug,\n     |          ^^^\n     |\n     = note: import resolution is stuck, try simplifying macro imports\n\n","error: cannot determine resolution for the macro `cfg`\n    --> /home/runner/.cargo/registry/src/github.com-1ecc6299db9ec823/log-0.4.21/src/lib.rs:1499:10\n     |\n1499 |     _ if cfg!(feature = \"max_level_info\") => LevelFilter::Info,\n     |          ^^^\n     |\n     = note: import resolution is stuck, try simplifying macro imports\n\n","error: cannot determine resolution for the macro `cfg`\n    --> /home/runner/.cargo/registry/src/github.com-1ecc6299db9ec823/log-0.4.21/src/lib.rs:1498:10\n     |\n1498 |     _ if cfg!(feature = \"max_level_warn\") => LevelFilter::Warn,\n     |          ^^^\n     |\n     = note: import resolution is stuck, try simplifying macro imports\n\n","error: cannot determine resolution for the macro `cfg`\n    --> /home/runner/.cargo/registry/src/github.com-1ecc6299db9ec823/log-0.4.21/src/lib.rs:1497:10\n     |\n1497 |     _ if cfg!(feature = \"max_level_error\") => LevelFilter::Error,\n     |          ^^^\n     |\n     = note: import resolution is stuck, try simplifying macro imports\n\n","error: cannot determine resolution for the macro `cfg`\n    --> /home/runner/.cargo/registry/src/github.com-1ecc6299db9ec823/log-0.4.21/src/lib.rs:1496:10\n     |\n1496 |     _ if cfg!(feature = \"max_level_off\") => LevelFilter::Off,\n     |          ^^^\n     |\n     = note: import resolution is stuck, try simplifying macro imports\n\n","error: cannot determine resolution for the macro `cfg`\n    --> /home/runner/.cargo/registry/src/github.com-1ecc6299db9ec823/log-0.4.21/src/lib.rs:1495:14\n     |\n1495 |     false if cfg!(feature = \"release_max_level_trace\") => LevelFilter::Trace,\n     |              ^^^\n     |\n     = note: import resolution is stuck, try simplifying macro imports\n\n","error: cannot determine resolution for the macro `cfg`\n    --> /home/runner/.cargo/registry/src/github.com-1ecc6299db9ec823/log-0.4.21/src/lib.rs:1494:14\n     |\n1494 |     false if cfg!(feature = \"release_max_level_debug\") => LevelFilter::Debug,\n     |              ^^^\n     |\n     = note: import resolution is stuck, try simplifying macro imports\n\n","error: cannot determine resolution for the macro `cfg`\n    --> /home/runner/.cargo/registry/src/github.com-1ecc6299db9ec823/log-0.4.21/src/lib.rs:1493:14\n     |\n1493 |     false if cfg!(feature = \"release_max_level_info\") => LevelFilter::Info,\n     |              ^^^\n     |\n     = note: import resolution is stuck, try simplifying macro imports\n\n","error: cannot determine resolution for the macro `cfg`\n    --> /home/runner/.cargo/registry/src/github.com-1ecc6299db9ec823/log-0.4.21/src/lib.rs:1492:14\n     |\n1492 |     false if cfg!(feature = \"release_max_level_warn\") => LevelFilter::Warn,\n     |              ^^^\n     |\n     = note: import resolution is stuck, try simplifying macro imports\n\n","error: cannot determine resolution for the macro `cfg`\n    --> /home/runner/.cargo/registry/src/github.com-1ecc6299db9ec823/log-0.4.21/src/lib.rs:1491:14\n     |\n1491 |     false if cfg!(feature = \"release_max_level_error\") => LevelFilter::Error,\n     |              ^^^\n     |\n     = note: import resolution is stuck, try simplifying macro imports\n\n","error: cannot determine resolution for the macro `cfg`\n    --> /home/runner/.cargo/registry/src/github.com-1ecc6299db9ec823/log-0.4.21/src/lib.rs:1490:14\n     |\n1490 |     false if cfg!(feature = \"release_max_level_off\") => LevelFilter::Off,\n     |              ^^^\n     |\n     = note: import resolution is stuck, try simplifying macro imports\n\n","error: cannot determine resolution for the macro `cfg`\n    --> /home/runner/.cargo/registry/src/github.com-1ecc6299db9ec823/log-0.4.21/src/lib.rs:1489:49\n     |\n1489 | pub const STATIC_MAX_LEVEL: LevelFilter = match cfg!(debug_assertions) {\n     |                                                 ^^^\n     |\n     = note: import resolution is stuck, try simplifying macro imports\n\n","error: cannot find attribute `derive` in this scope\n    --> /home/runner/.cargo/registry/src/github.com-1ecc6299db9ec823/log-0.4.21/src/lib.rs:1443:3\n     |\n1443 | #[derive(Debug, PartialEq, Eq)]\n     |   ^^^^^^\n\n","error: cannot find attribute `derive` in this scope\n    --> /home/runner/.cargo/registry/src/github.com-1ecc6299db9ec823/log-0.4.21/src/lib.rs:1426:3\n     |\n1426 | #[derive(Debug)]\n     |   ^^^^^^\n\n","error: cannot find macro `unreachable` in this scope\n    --> /home/runner/.cargo/registry/src/github.com-1ecc6299db9ec823/log-0.4.21/src/lib.rs:1416:13\n     |\n1416 |             unreachable!(\"set_logger_racy must not be used with other initialization functions\")\n     |             ^^^^^^^^^^^\n\n","error: cannot find attribute `derive` in this scope\n    --> /home/runner/.cargo/registry/src/github.com-1ecc6299db9ec823/log-0.4.21/src/lib.rs:1077:3\n     |\n1077 | #[derive(Eq, PartialEq, Ord, PartialOrd, Hash, Debug)]\n     |   ^^^^^^\n\n","error: cannot find attribute `derive` in this scope\n    --> /home/runner/.cargo/registry/src/github.com-1ecc6299db9ec823/log-0.4.21/src/lib.rs:1035:3\n     |\n1035 | #[derive(Clone, Eq, PartialEq, Ord, PartialOrd, Hash, Debug)]\n     |   ^^^^^^\n\n","error: cannot find macro `format_args` in this scope\n   --> /home/runner/.cargo/registry/src/github.com-1ecc6299db9ec823/log-0.4.21/src/lib.rs:902:23\n    |\n902 |                 args: format_args!(\"\"),\n    |                       ^^^^^^^^^^^\n\n","error: cannot find attribute `derive` in this scope\n   --> /home/runner/.cargo/registry/src/github.com-1ecc6299db9ec823/log-0.4.21/src/lib.rs:880:3\n    |\n880 | #[derive(Debug)]\n    |   ^^^^^^\n\n","error: cannot find attribute `derive` in this scope\n   --> /home/runner/.cargo/registry/src/github.com-1ecc6299db9ec823/log-0.4.21/src/lib.rs:719:3\n    |\n719 | #[derive(Clone, Debug)]\n    |   ^^^^^^\n\n","error: cannot find attribute `derive` in this scope\n   --> /home/runner/.cargo/registry/src/github.com-1ecc6299db9ec823/log-0.4.21/src/lib.rs:658:3\n    |\n658 | #[derive(Copy, Clone, Eq, PartialEq, Ord, PartialOrd, Hash, Debug)]\n    |   ^^^^^^\n\n","error: cannot find attribute `derive` in this scope\n   --> /home/runner/.cargo/registry/src/github.com-1ecc6299db9ec823/log-0.4.21/src/lib.rs:558:3\n    |\n558 | #[derive(Clone, Copy, PartialEq, Eq, PartialOrd, Ord, Debug, Hash)]\n    |   ^^^^^^\n\n","error: cannot find attribute `derive` in this scope\n   --> /home/runner/.cargo/registry/src/github.com-1ecc6299db9ec823/log-0.4.21/src/lib.rs:438:3\n    |\n438 | #[derive(Clone, Copy, PartialEq, Eq, PartialOrd, Ord, Debug, Hash)]\n    |   ^^^^^^\n\n","error[E0405]: cannot find trait `PartialEq` in this scope\n   --> /home/runner/.cargo/registry/src/github.com-1ecc6299db9ec823/log-0.4.21/src/lib.rs:465:6\n    |\n465 | impl PartialEq<LevelFilter> for Level {\n    |      ^^^^^^^^^ not found in this scope\n\n","error[E0405]: cannot find trait `PartialOrd` in this scope\n   --> /home/runner/.cargo/registry/src/github.com-1ecc6299db9ec823/log-0.4.21/src/lib.rs:472:6\n    |\n472 | impl PartialOrd<LevelFilter> for Level {\n    |      ^^^^^^^^^^ not found in this scope\n\n","error[E0412]: cannot find type `Option` in this scope\n   --> /home/runner/.cargo/registry/src/github.com-1ecc6299db9ec823/log-0.4.21/src/lib.rs:474:51\n    |\n474 |     fn partial_cmp(&self, other: &LevelFilter) -> Option<cmp::Ordering> {\n    |                                                   ^^^^^^ not found in this scope\n\n","error[E0412]: cannot find type `Result` in this scope\n   --> /home/runner/.cargo/registry/src/github.com-1ecc6299db9ec823/log-0.4.21/src/lib.rs:481:33\n    |\n481 |     fn from_str(level: &str) -> Result<Level, Self::Err> {\n    |                                 ^^^^^^ not found in this scope\n\n","error[E0412]: cannot find type `Option` in this scope\n   --> /home/runner/.cargo/registry/src/github.com-1ecc6299db9ec823/log-0.4.21/src/lib.rs:500:32\n    |\n500 |     fn from_usize(u: usize) -> Option<Level> {\n    |                                ^^^^^^ not found in this scope\n\n","error[E0425]: cannot find value `None` in this scope\n   --> /home/runner/.cargo/registry/src/github.com-1ecc6299db9ec823/log-0.4.21/src/lib.rs:507:18\n    |\n507 |             _ => None,\n    |                  ^^^^ not found in this scope\n\n","error[E0405]: cannot find trait `Iterator` in this scope\n   --> /home/runner/.cargo/registry/src/github.com-1ecc6299db9ec823/log-0.4.21/src/lib.rs:544:27\n    |\n544 |     pub fn iter() -> impl Iterator<Item = Self> {\n    |                           ^^^^^^^^ not found in this scope\n\n","error[E0405]: cannot find trait `PartialEq` in this scope\n   --> /home/runner/.cargo/registry/src/github.com-1ecc6299db9ec823/log-0.4.21/src/lib.rs:574:6\n    |\n574 | impl PartialEq<Level> for LevelFilter {\n    |      ^^^^^^^^^ not found in this scope\n\n","error[E0405]: cannot find trait `PartialOrd` in this scope\n   --> /home/runner/.cargo/registry/src/github.com-1ecc6299db9ec823/log-0.4.21/src/lib.rs:581:6\n    |\n581 | impl PartialOrd<Level> for LevelFilter {\n    |      ^^^^^^^^^^ not found in this scope\n\n","error[E0412]: cannot find type `Option` in this scope\n   --> /home/runner/.cargo/registry/src/github.com-1ecc6299db9ec823/log-0.4.21/src/lib.rs:583:45\n    |\n583 |     fn partial_cmp(&self, other: &Level) -> Option<cmp::Ordering> {\n    |                                             ^^^^^^ not found in this scope\n\n","error[E0412]: cannot find type `Result` in this scope\n   --> /home/runner/.cargo/registry/src/github.com-1ecc6299db9ec823/log-0.4.21/src/lib.rs:590:33\n    |\n590 |     fn from_str(level: &str) -> Result<LevelFilter, Self::Err> {\n    |                                 ^^^^^^ not found in this scope\n\n","error[E0412]: cannot find type `Option` in this scope\n   --> /home/runner/.cargo/registry/src/github.com-1ecc6299db9ec823/log-0.4.21/src/lib.rs:606:32\n    |\n606 |     fn from_usize(u: usize) -> Option<LevelFilter> {\n    |                                ^^^^^^ not found in this scope\n\n","error[E0425]: cannot find value `None` in this scope\n   --> /home/runner/.cargo/registry/src/github.com-1ecc6299db9ec823/log-0.4.21/src/lib.rs:614:18\n    |\n614 |             _ => None,\n    |                  ^^^^ not found in this scope\n\n","error[E0412]: cannot find type `Option` in this scope\n   --> /home/runner/.cargo/registry/src/github.com-1ecc6299db9ec823/log-0.4.21/src/lib.rs:628:31\n    |\n628 |     pub fn to_level(&self) -> Option<Level> {\n    |                               ^^^^^^ not found in this scope\n\n","error[E0405]: cannot find trait `Iterator` in this scope\n   --> /home/runner/.cargo/registry/src/github.com-1ecc6299db9ec823/log-0.4.21/src/lib.rs:653:27\n    |\n653 |     pub fn iter() -> impl Iterator<Item = Self> {\n    |                           ^^^^^^^^ not found in this scope\n\n","error[E0412]: cannot find type `Option` in this scope\n   --> /home/runner/.cargo/registry/src/github.com-1ecc6299db9ec823/log-0.4.21/src/lib.rs:723:18\n    |\n723 |     module_path: Option<MaybeStaticStr<'a>>,\n    |                  ^^^^^^ not found in this scope\n\n","error[E0412]: cannot find type `Option` in this scope\n   --> /home/runner/.cargo/registry/src/github.com-1ecc6299db9ec823/log-0.4.21/src/lib.rs:724:11\n    |\n724 |     file: Option<MaybeStaticStr<'a>>,\n    |           ^^^^^^ not found in this scope\n\n","error[E0412]: cannot find type `Option` in this scope\n   --> /home/runner/.cargo/registry/src/github.com-1ecc6299db9ec823/log-0.4.21/src/lib.rs:725:11\n    |\n725 |     line: Option<u32>,\n    |           ^^^^^^ not found in this scope\n\n","error[E0412]: cannot find type `Option` in this scope\n   --> /home/runner/.cargo/registry/src/github.com-1ecc6299db9ec823/log-0.4.21/src/lib.rs:780:34\n    |\n780 |     pub fn module_path(&self) -> Option<&'a str> {\n    |                                  ^^^^^^ not found in this scope\n\n","error[E0412]: cannot find type `Option` in this scope\n   --> /home/runner/.cargo/registry/src/github.com-1ecc6299db9ec823/log-0.4.21/src/lib.rs:786:41\n    |\n786 |     pub fn module_path_static(&self) -> Option<&'static str> {\n    |                                         ^^^^^^ not found in this scope\n\n","error[E0531]: cannot find tuple struct or tuple variant `Some` in this scope\n   --> /home/runner/.cargo/registry/src/github.com-1ecc6299db9ec823/log-0.4.21/src/lib.rs:788:13\n    |\n788 |             Some(MaybeStaticStr::Static(s)) => Some(s),\n    |             ^^^^ not found in this scope\n\n","error[E0425]: cannot find value `None` in this scope\n   --> /home/runner/.cargo/registry/src/github.com-1ecc6299db9ec823/log-0.4.21/src/lib.rs:789:18\n    |\n789 |             _ => None,\n    |                  ^^^^ not found in this scope\n\n","error[E0412]: cannot find type `Option` in this scope\n   --> /home/runner/.cargo/registry/src/github.com-1ecc6299db9ec823/log-0.4.21/src/lib.rs:795:27\n    |\n795 |     pub fn file(&self) -> Option<&'a str> {\n    |                           ^^^^^^ not found in this scope\n\n","error[E0412]: cannot find type `Option` in this scope\n   --> /home/runner/.cargo/registry/src/github.com-1ecc6299db9ec823/log-0.4.21/src/lib.rs:801:34\n    |\n801 |     pub fn file_static(&self) -> Option<&'static str> {\n    |                                  ^^^^^^ not found in this scope\n\n","error[E0531]: cannot find tuple struct or tuple variant `Some` in this scope\n   --> /home/runner/.cargo/registry/src/github.com-1ecc6299db9ec823/log-0.4.21/src/lib.rs:803:13\n    |\n803 |             Some(MaybeStaticStr::Static(s)) => Some(s),\n    |             ^^^^ not found in this scope\n\n","error[E0425]: cannot find value `None` in this scope\n   --> /home/runner/.cargo/registry/src/github.com-1ecc6299db9ec823/log-0.4.21/src/lib.rs:804:18\n    |\n804 |             _ => None,\n    |                  ^^^^ not found in this scope\n\n","error[E0412]: cannot find type `Option` in this scope\n   --> /home/runner/.cargo/registry/src/github.com-1ecc6299db9ec823/log-0.4.21/src/lib.rs:810:27\n    |\n810 |     pub fn line(&self) -> Option<u32> {\n    |                           ^^^^^^ not found in this scope\n\n","error[E0425]: cannot find value `None` in this scope\n   --> /home/runner/.cargo/registry/src/github.com-1ecc6299db9ec823/log-0.4.21/src/lib.rs:904:30\n    |\n904 |                 module_path: None,\n    |                              ^^^^ not found in this scope\n\n","error[E0425]: cannot find value `None` in this scope\n   --> /home/runner/.cargo/registry/src/github.com-1ecc6299db9ec823/log-0.4.21/src/lib.rs:905:23\n    |\n905 |                 file: None,\n    |                       ^^^^ not found in this scope\n\n","error[E0425]: cannot find value `None` in this scope\n   --> /home/runner/.cargo/registry/src/github.com-1ecc6299db9ec823/log-0.4.21/src/lib.rs:906:23\n    |\n906 |                 line: None,\n    |                       ^^^^ not found in this scope\n\n","error[E0412]: cannot find type `Option` in this scope\n   --> /home/runner/.cargo/registry/src/github.com-1ecc6299db9ec823/log-0.4.21/src/lib.rs:943:41\n    |\n943 |     pub fn module_path(&mut self, path: Option<&'a str>) -> &mut RecordBuilder<'a> {\n    |                                         ^^^^^^ not found in this scope\n\n","error[E0412]: cannot find type `Option` in this scope\n   --> /home/runner/.cargo/registry/src/github.com-1ecc6299db9ec823/log-0.4.21/src/lib.rs:950:48\n    |\n950 |     pub fn module_path_static(&mut self, path: Option<&'static str>) -> &mut RecordBuilder<'a> {\n    |                                                ^^^^^^ not found in this scope\n\n","error[E0412]: cannot find type `Option` in this scope\n   --> /home/runner/.cargo/registry/src/github.com-1ecc6299db9ec823/log-0.4.21/src/lib.rs:957:34\n    |\n957 |     pub fn file(&mut self, file: Option<&'a str>) -> &mut RecordBuilder<'a> {\n    |                                  ^^^^^^ not found in this scope\n\n","error[E0412]: cannot find type `Option` in this scope\n   --> /home/runner/.cargo/registry/src/github.com-1ecc6299db9ec823/log-0.4.21/src/lib.rs:964:41\n    |\n964 |     pub fn file_static(&mut self, file: Option<&'static str>) -> &mut RecordBuilder<'a> {\n    |                                         ^^^^^^ not found in this scope\n\n","error[E0412]: cannot find type `Option` in this scope\n   --> /home/runner/.cargo/registry/src/github.com-1ecc6299db9ec823/log-0.4.21/src/lib.rs:971:34\n    |\n971 |     pub fn line(&mut self, line: Option<u32>) -> &mut RecordBuilder<'a> {\n    |                                  ^^^^^^ not found in this scope\n\n","error[E0405]: cannot find trait `Default` in this scope\n   --> /home/runner/.cargo/registry/src/github.com-1ecc6299db9ec823/log-0.4.21/src/lib.rs:991:10\n    |\n991 | impl<'a> Default for RecordBuilder<'a> {\n    |          ^^^^^^^ not found in this scope\n\n","error[E0405]: cannot find trait `Default` in this scope\n    --> /home/runner/.cargo/registry/src/github.com-1ecc6299db9ec823/log-0.4.21/src/lib.rs:1120:10\n     |\n1120 | impl<'a> Default for MetadataBuilder<'a> {\n     |          ^^^^^^^ not found in this scope\n\n","error[E0405]: cannot find trait `Sync` in this scope\n    --> /home/runner/.cargo/registry/src/github.com-1ecc6299db9ec823/log-0.4.21/src/lib.rs:1127:16\n     |\n1127 | pub trait Log: Sync + Send {\n     |                ^^^^ not found in this scope\n\n","error[E0405]: cannot find trait `Send` in this scope\n    --> /home/runner/.cargo/registry/src/github.com-1ecc6299db9ec823/log-0.4.21/src/lib.rs:1127:23\n     |\n1127 | pub trait Log: Sync + Send {\n     |                       ^^^^ not found in this scope\n\n","error[E0405]: cannot find trait `Sized` in this scope\n    --> /home/runner/.cargo/registry/src/github.com-1ecc6299db9ec823/log-0.4.21/src/lib.rs:1169:9\n     |\n1169 |     T: ?Sized + Log,\n     |         ^^^^^ not found in this scope\n\n","error[E0412]: cannot find type `Result` in this scope\n    --> /home/runner/.cargo/registry/src/github.com-1ecc6299db9ec823/log-0.4.21/src/lib.rs:1351:48\n     |\n1351 | pub fn set_logger(logger: &'static dyn Log) -> Result<(), SetLoggerError> {\n     |                                                ^^^^^^ not found in this scope\n\n","error[E0405]: cannot find trait `FnOnce` in this scope\n    --> /home/runner/.cargo/registry/src/github.com-1ecc6299db9ec823/log-0.4.21/src/lib.rs:1358:8\n     |\n1358 |     F: FnOnce() -> &'static dyn Log,\n     |        ^^^^^^ not found in this scope\n\n","error[E0412]: cannot find type `Result` in this scope\n    --> /home/runner/.cargo/registry/src/github.com-1ecc6299db9ec823/log-0.4.21/src/lib.rs:1356:43\n     |\n1356 | fn set_logger_inner<F>(make_logger: F) -> Result<(), SetLoggerError>\n     |                                           ^^^^^^ not found in this scope\n\n","error[E0531]: cannot find tuple struct or tuple variant `Ok` in this scope\n    --> /home/runner/.cargo/registry/src/github.com-1ecc6299db9ec823/log-0.4.21/src/lib.rs:1366:9\n     |\n1366 |         Ok(s) | Err(s) => s,\n     |         ^^ not found in this scope\n\n","error[E0531]: cannot find tuple struct or tuple variant `Err` in this scope\n    --> /home/runner/.cargo/registry/src/github.com-1ecc6299db9ec823/log-0.4.21/src/lib.rs:1366:17\n     |\n1366 |         Ok(s) | Err(s) => s,\n     |                 ^^^ not found in this scope\n\n","error[E0412]: cannot find type `Result` in this scope\n    --> /home/runner/.cargo/registry/src/github.com-1ecc6299db9ec823/log-0.4.21/src/lib.rs:1407:60\n     |\n1407 | pub unsafe fn set_logger_racy(logger: &'static dyn Log) -> Result<(), SetLoggerError> {\n     |                                                            ^^^^^^ not found in this scope\n\n","error[E0659]: `cfg` is ambiguous\n   --> /home/runner/.cargo/registry/src/github.com-1ecc6299db9ec823/log-0.4.21/src/lib.rs:345:3\n    |\n345 | #[cfg(all(not(feature = \"std\"), not(test)))]\n    |   ^^^ ambiguous name\n    |\n    = note: ambiguous because of a name conflict with a builtin attribute\n    = note: `cfg` could refer to a built-in attribute\nnote: `cfg` could also refer to the unresolved item imported here\n   --> /home/runner/.cargo/registry/src/github.com-1ecc6299db9ec823/log-0.4.21/src/lib.rs:348:5\n    |\n348 | use std::cfg;\n    |     ^^^^^^^^\n    = help: use `crate::cfg` to refer to this unresolved item unambiguously\n\n","error[E0659]: `cfg` is ambiguous\n   --> /home/runner/.cargo/registry/src/github.com-1ecc6299db9ec823/log-0.4.21/src/lib.rs:361:3\n    |\n361 | #[cfg(target_has_atomic = \"ptr\")]\n    |   ^^^ ambiguous name\n    |\n    = note: ambiguous because of a name conflict with a builtin attribute\n    = note: `cfg` could refer to a built-in attribute\nnote: `cfg` could also refer to the unresolved item imported here\n   --> /home/runner/.cargo/registry/src/github.com-1ecc6299db9ec823/log-0.4.21/src/lib.rs:348:5\n    |\n348 | use std::cfg;\n    |     ^^^^^^^^\n    = help: use `crate::cfg` to refer to this unresolved item unambiguously\n\n","error[E0659]: `cfg` is ambiguous\n    --> /home/runner/.cargo/registry/src/github.com-1ecc6299db9ec823/log-0.4.21/src/lib.rs:1223:3\n     |\n1223 | #[cfg(target_has_atomic = \"ptr\")]\n     |   ^^^ ambiguous name\n     |\n     = note: ambiguous because of a name conflict with a builtin attribute\n     = note: `cfg` could refer to a built-in attribute\nnote: `cfg` could also refer to the unresolved item imported here\n    --> /home/runner/.cargo/registry/src/github.com-1ecc6299db9ec823/log-0.4.21/src/lib.rs:348:5\n     |\n348  | use std::cfg;\n     |     ^^^^^^^^\n     = help: use `crate::cfg` to refer to this unresolved item unambiguously\n\n","error[E0659]: `cfg` is ambiguous\n    --> /home/runner/.cargo/registry/src/github.com-1ecc6299db9ec823/log-0.4.21/src/lib.rs:1350:3\n     |\n1350 | #[cfg(target_has_atomic = \"ptr\")]\n     |   ^^^ ambiguous name\n     |\n     = note: ambiguous because of a name conflict with a builtin attribute\n     = note: `cfg` could refer to a built-in attribute\nnote: `cfg` could also refer to the unresolved item imported here\n    --> /home/runner/.cargo/registry/src/github.com-1ecc6299db9ec823/log-0.4.21/src/lib.rs:348:5\n     |\n348  | use std::cfg;\n     |     ^^^^^^^^\n     = help: use `crate::cfg` to refer to this unresolved item unambiguously\n\n","error[E0659]: `cfg` is ambiguous\n    --> /home/runner/.cargo/registry/src/github.com-1ecc6299db9ec823/log-0.4.21/src/lib.rs:1355:3\n     |\n1355 | #[cfg(target_has_atomic = \"ptr\")]\n     |   ^^^ ambiguous name\n     |\n     = note: ambiguous because of a name conflict with a builtin attribute\n     = note: `cfg` could refer to a built-in attribute\nnote: `cfg` could also refer to the unresolved item imported here\n    --> /home/runner/.cargo/registry/src/github.com-1ecc6299db9ec823/log-0.4.21/src/lib.rs:348:5\n     |\n348  | use std::cfg;\n     |     ^^^^^^^^\n     = help: use `crate::cfg` to refer to this unresolved item unambiguously\n\n","error[E0425]: cannot find function, tuple struct or tuple variant `Some` in this scope\n   --> /home/runner/.cargo/registry/src/github.com-1ecc6299db9ec823/log-0.4.21/src/lib.rs:475:9\n    |\n475 |         Some((*self as usize).cmp(&(*other as usize)))\n    |         ^^^^ not found in this scope\n\n","error[E0425]: cannot find function, tuple struct or tuple variant `Some` in this scope\n   --> /home/runner/.cargo/registry/src/github.com-1ecc6299db9ec823/log-0.4.21/src/lib.rs:502:18\n    |\n502 |             1 => Some(Level::Error),\n    |                  ^^^^ not found in this scope\n\n","error[E0425]: cannot find function, tuple struct or tuple variant `Some` in this scope\n   --> /home/runner/.cargo/registry/src/github.com-1ecc6299db9ec823/log-0.4.21/src/lib.rs:503:18\n    |\n503 |             2 => Some(Level::Warn),\n    |                  ^^^^ not found in this scope\n\n","error[E0425]: cannot find function, tuple struct or tuple variant `Some` in this scope\n   --> /home/runner/.cargo/registry/src/github.com-1ecc6299db9ec823/log-0.4.21/src/lib.rs:504:18\n    |\n504 |             3 => Some(Level::Info),\n    |                  ^^^^ not found in this scope\n\n","error[E0425]: cannot find function, tuple struct or tuple variant `Some` in this scope\n   --> /home/runner/.cargo/registry/src/github.com-1ecc6299db9ec823/log-0.4.21/src/lib.rs:505:18\n    |\n505 |             4 => Some(Level::Debug),\n    |                  ^^^^ not found in this scope\n\n","error[E0425]: cannot find function, tuple struct or tuple variant `Some` in this scope\n   --> /home/runner/.cargo/registry/src/github.com-1ecc6299db9ec823/log-0.4.21/src/lib.rs:506:18\n    |\n506 |             5 => Some(Level::Trace),\n    |                  ^^^^ not found in this scope\n\n","error[E0425]: cannot find function, tuple struct or tuple variant `Some` in this scope\n   --> /home/runner/.cargo/registry/src/github.com-1ecc6299db9ec823/log-0.4.21/src/lib.rs:584:9\n    |\n584 |         Some((*self as usize).cmp(&(*other as usize)))\n    |         ^^^^ not found in this scope\n\n","error[E0425]: cannot find function, tuple struct or tuple variant `Some` in this scope\n   --> /home/runner/.cargo/registry/src/github.com-1ecc6299db9ec823/log-0.4.21/src/lib.rs:608:18\n    |\n608 |             0 => Some(LevelFilter::Off),\n    |                  ^^^^ not found in this scope\n\n","error[E0425]: cannot find function, tuple struct or tuple variant `Some` in this scope\n   --> /home/runner/.cargo/registry/src/github.com-1ecc6299db9ec823/log-0.4.21/src/lib.rs:609:18\n    |\n609 |             1 => Some(LevelFilter::Error),\n    |                  ^^^^ not found in this scope\n\n","error[E0425]: cannot find function, tuple struct or tuple variant `Some` in this scope\n   --> /home/runner/.cargo/registry/src/github.com-1ecc6299db9ec823/log-0.4.21/src/lib.rs:610:18\n    |\n610 |             2 => Some(LevelFilter::Warn),\n    |                  ^^^^ not found in this scope\n\n","error[E0425]: cannot find function, tuple struct or tuple variant `Some` in this scope\n   --> /home/runner/.cargo/registry/src/github.com-1ecc6299db9ec823/log-0.4.21/src/lib.rs:611:18\n    |\n611 |             3 => Some(LevelFilter::Info),\n    |                  ^^^^ not found in this scope\n\n","error[E0425]: cannot find function, tuple struct or tuple variant `Some` in this scope\n   --> /home/runner/.cargo/registry/src/github.com-1ecc6299db9ec823/log-0.4.21/src/lib.rs:612:18\n    |\n612 |             4 => Some(LevelFilter::Debug),\n    |                  ^^^^ not found in this scope\n\n","error[E0425]: cannot find function, tuple struct or tuple variant `Some` in this scope\n   --> /home/runner/.cargo/registry/src/github.com-1ecc6299db9ec823/log-0.4.21/src/lib.rs:613:18\n    |\n613 |             5 => Some(LevelFilter::Trace),\n    |                  ^^^^ not found in this scope\n\n","error[E0425]: cannot find function, tuple struct or tuple variant `Some` in this scope\n   --> /home/runner/.cargo/registry/src/github.com-1ecc6299db9ec823/log-0.4.21/src/lib.rs:788:48\n    |\n788 |             Some(MaybeStaticStr::Static(s)) => Some(s),\n    |                                                ^^^^ not found in this scope\n\n","error[E0425]: cannot find function, tuple struct or tuple variant `Some` in this scope\n   --> /home/runner/.cargo/registry/src/github.com-1ecc6299db9ec823/log-0.4.21/src/lib.rs:803:48\n    |\n803 |             Some(MaybeStaticStr::Static(s)) => Some(s),\n    |                                                ^^^^ not found in this scope\n\n","error[E0425]: cannot find function, tuple struct or tuple variant `Ok` in this scope\n    --> /home/runner/.cargo/registry/src/github.com-1ecc6299db9ec823/log-0.4.21/src/lib.rs:1374:13\n     |\n1374 |             Ok(())\n     |             ^^ not found in this scope\n\n","error[E0425]: cannot find function, tuple struct or tuple variant `Err` in this scope\n    --> /home/runner/.cargo/registry/src/github.com-1ecc6299db9ec823/log-0.4.21/src/lib.rs:1382:13\n     |\n1382 |             Err(SetLoggerError(()))\n     |             ^^^ not found in this scope\n\n","error[E0425]: cannot find function, tuple struct or tuple variant `Err` in this scope\n    --> /home/runner/.cargo/registry/src/github.com-1ecc6299db9ec823/log-0.4.21/src/lib.rs:1384:14\n     |\n1384 |         _ => Err(SetLoggerError(())),\n     |              ^^^ not found in this scope\n\n","error[E0425]: cannot find function, tuple struct or tuple variant `Ok` in this scope\n    --> /home/runner/.cargo/registry/src/github.com-1ecc6299db9ec823/log-0.4.21/src/lib.rs:1412:13\n     |\n1412 |             Ok(())\n     |             ^^ not found in this scope\n\n","error[E0425]: cannot find function, tuple struct or tuple variant `Err` in this scope\n    --> /home/runner/.cargo/registry/src/github.com-1ecc6299db9ec823/log-0.4.21/src/lib.rs:1418:14\n     |\n1418 |         _ => Err(SetLoggerError(())),\n     |              ^^^ not found in this scope\n\n"]}},{"file":"/home/runner/.cargo/registry/src/github.com-1ecc6299db9ec823/bit_field-0.10.2/src/lib.rs","count":15,"kinds":{"Clippy(Error)":["error[E0463]: can't find crate for `core`\n  |\n  = note: the `x86_64-unknown-uefi` target may not be installed\n  = help: consider downloading the target with `rustup target add x86_64-unknown-uefi`\n  = help: consider building the standard library from source with `cargo build -Zbuild-std`\n\n","error[E0463]: can't find crate for `compiler_builtins`\n\n","error: cannot find macro `assert` in this scope\n   --> /home/runner/.cargo/registry/src/github.com-1ecc6299db9ec823/bit_field-0.10.2/src/lib.rs:217:17\n    |\n217 |                 assert!(bit < Self::BIT_LENGTH);\n    |                 ^^^^^^\n...\n277 | bitfield_numeric_impl! { u8 u16 u32 u64 u128 usize i8 i16 i32 i64 i128 isize }\n    | ------------------------------------------------------------------------------ in this macro invocation\n    |\n    = note: this error originates in the macro `bitfield_numeric_impl` (in Nightly builds, run with -Z macro-backtrace for more info)\n\n","error: cannot find macro `assert` in this scope\n   --> /home/runner/.cargo/registry/src/github.com-1ecc6299db9ec823/bit_field-0.10.2/src/lib.rs:227:17\n    |\n227 |                 assert!(range.start < Self::BIT_LENGTH);\n    |                 ^^^^^^\n...\n277 | bitfield_numeric_impl! { u8 u16 u32 u64 u128 usize i8 i16 i32 i64 i128 isize }\n    | ------------------------------------------------------------------------------ in this macro invocation\n    |\n    = note: this error originates in the macro `bitfield_numeric_impl` (in Nightly builds, run with -Z macro-backtrace for more info)\n\n","error: cannot find macro `assert` in this scope\n   --> /home/runner/.cargo/registry/src/github.com-1ecc6299db9ec823/bit_field-0.10.2/src/lib.rs:228:17\n    |\n228 |                 assert!(range.end <= Self::BIT_LENGTH);\n    |                 ^^^^^^\n...\n277 | bitfield_numeric_impl! { u8 u16 u32 u64 u128 usize i8 i16 i32 i64 i128 isize }\n    | ------------------------------------------------------------------------------ in this macro invocation\n    |\n    = note: this error originates in the macro `bitfield_numeric_impl` (in Nightly builds, run with -Z macro-backtrace for more info)\n\n","error: cannot find macro `assert` in this scope\n   --> /home/runner/.cargo/registry/src/github.com-1ecc6299db9ec823/bit_field-0.10.2/src/lib.rs:229:17\n    |\n229 |                 assert!(range.start < range.end);\n    |                 ^^^^^^\n...\n277 | bitfield_numeric_impl! { u8 u16 u32 u64 u128 usize i8 i16 i32 i64 i128 isize }\n    | ------------------------------------------------------------------------------ in this macro invocation\n    |\n    = note: this error originates in the macro `bitfield_numeric_impl` (in Nightly builds, run with -Z macro-backtrace for more info)\n\n","error: cannot find macro `assert` in this scope\n   --> /home/runner/.cargo/registry/src/github.com-1ecc6299db9ec823/bit_field-0.10.2/src/lib.rs:241:17\n    |\n241 |                 assert!(bit < Self::BIT_LENGTH);\n    |                 ^^^^^^\n...\n277 | bitfield_numeric_impl! { u8 u16 u32 u64 u128 usize i8 i16 i32 i64 i128 isize }\n    | ------------------------------------------------------------------------------ in this macro invocation\n    |\n    = note: this error originates in the macro `bitfield_numeric_impl` (in Nightly builds, run with -Z macro-backtrace for more info)\n\n","error: cannot find macro `assert` in this scope\n   --> /home/runner/.cargo/registry/src/github.com-1ecc6299db9ec823/bit_field-0.10.2/src/lib.rs:257:17\n    |\n257 |                 assert!(range.start < Self::BIT_LENGTH);\n    |                 ^^^^^^\n...\n277 | bitfield_numeric_impl! { u8 u16 u32 u64 u128 usize i8 i16 i32 i64 i128 isize }\n    | ------------------------------------------------------------------------------ in this macro invocation\n    |\n    = note: this error originates in the macro `bitfield_numeric_impl` (in Nightly builds, run with -Z macro-backtrace for more info)\n\n","error: cannot find macro `assert` in this scope\n   --> /home/runner/.cargo/registry/src/github.com-1ecc6299db9ec823/bit_field-0.10.2/src/lib.rs:258:17\n    |\n258 |                 assert!(range.end <= Self::BIT_LENGTH);\n    |                 ^^^^^^\n...\n277 | bitfield_numeric_impl! { u8 u16 u32 u64 u128 usize i8 i16 i32 i64 i128 isize }\n    | ------------------------------------------------------------------------------ in this macro invocation\n    |\n    = note: this error originates in the macro `bitfield_numeric_impl` (in Nightly builds, run with -Z macro-backtrace for more info)\n\n","error: cannot find macro `assert` in this scope\n   --> /home/runner/.cargo/registry/src/github.com-1ecc6299db9ec823/bit_field-0.10.2/src/lib.rs:259:17\n    |\n259 |                 assert!(range.start < range.end);\n    |                 ^^^^^^\n...\n277 | bitfield_numeric_impl! { u8 u16 u32 u64 u128 usize i8 i16 i32 i64 i128 isize }\n    | ------------------------------------------------------------------------------ in this macro invocation\n    |\n    = note: this error originates in the macro `bitfield_numeric_impl` (in Nightly builds, run with -Z macro-backtrace for more info)\n\n","error: cannot find macro `assert` in this scope\n   --> /home/runner/.cargo/registry/src/github.com-1ecc6299db9ec823/bit_field-0.10.2/src/lib.rs:260:17\n    |\n260 |                 assert!(value << (Self::BIT_LENGTH - (range.end - range.start)) >>\n    |                 ^^^^^^\n...\n277 | bitfield_numeric_impl! { u8 u16 u32 u64 u128 usize i8 i16 i32 i64 i128 isize }\n    | ------------------------------------------------------------------------------ in this macro invocation\n    |\n    = note: this error originates in the macro `bitfield_numeric_impl` (in Nightly builds, run with -Z macro-backtrace for more info)\n\n","error: cannot find macro `assert` in this scope\n   --> /home/runner/.cargo/registry/src/github.com-1ecc6299db9ec823/bit_field-0.10.2/src/lib.rs:298:9\n    |\n298 |         assert!(range.len() <= T::BIT_LENGTH);\n    |         ^^^^^^\n\n","error: cannot find macro `assert` in this scope\n   --> /home/runner/.cargo/registry/src/github.com-1ecc6299db9ec823/bit_field-0.10.2/src/lib.rs:306:9\n    |\n306 |         assert!(slice_end - slice_start <= 1);\n    |         ^^^^^^\n\n","error: cannot find macro `assert` in this scope\n   --> /home/runner/.cargo/registry/src/github.com-1ecc6299db9ec823/bit_field-0.10.2/src/lib.rs:335:9\n    |\n335 |         assert!(range.len() <= T::BIT_LENGTH);\n    |         ^^^^^^\n\n","error: cannot find macro `assert` in this scope\n   --> /home/runner/.cargo/registry/src/github.com-1ecc6299db9ec823/bit_field-0.10.2/src/lib.rs:342:9\n    |\n342 |         assert!(slice_end - slice_start <= 1);\n    |         ^^^^^^\n\n"]}},{"file":"/home/runner/.cargo/registry/src/github.com-1ecc6299db9ec823/log-0.4.21/src/__private_api.rs","count":10,"kinds":{"Clippy(Error)":["error: cannot find macro `panic` in this scope\n  --> /home/runner/.cargo/registry/src/github.com-1ecc6299db9ec823/log-0.4.21/src/__private_api.rs:45:9\n   |\n45 |         panic!(\"key-value support is experimental and must be enabled using the `kv` feature\")\n   |         ^^^^^\n\n","error[E0412]: cannot find type `Option` in this scope\n  --> /home/runner/.cargo/registry/src/github.com-1ecc6299db9ec823/log-0.4.21/src/__private_api.rs:14:30\n   |\n14 |         fn into_kvs(self) -> Option<&'a [(&'a str, super::Value<'a>)]>;\n   |                              ^^^^^^ not found in this scope\n\n","error[E0412]: cannot find type `Option` in this scope\n  --> /home/runner/.cargo/registry/src/github.com-1ecc6299db9ec823/log-0.4.21/src/__private_api.rs:22:26\n   |\n22 |     fn into_kvs(self) -> Option<&'a [(&'a str, Value<'a>)]> {\n   |                          ^^^^^^ not found in this scope\n\n","error[E0412]: cannot find type `Option` in this scope\n  --> /home/runner/.cargo/registry/src/github.com-1ecc6299db9ec823/log-0.4.21/src/__private_api.rs:29:26\n   |\n29 |     fn into_kvs(self) -> Option<&'a [(&'a str, Value<'a>)]> {\n   |                          ^^^^^^ not found in this scope\n\n","error[E0425]: cannot find value `None` in this scope\n  --> /home/runner/.cargo/registry/src/github.com-1ecc6299db9ec823/log-0.4.21/src/__private_api.rs:30:9\n   |\n30 |         None\n   |         ^^^^ not found in this scope\n\n","error[E0412]: cannot find type `Option` in this scope\n  --> /home/runner/.cargo/registry/src/github.com-1ecc6299db9ec823/log-0.4.21/src/__private_api.rs:41:10\n   |\n41 |     kvs: Option<&[(&str, Value)]>,\n   |          ^^^^^^ not found in this scope\n\n","error[E0425]: cannot find function, tuple struct or tuple variant `Some` in this scope\n  --> /home/runner/.cargo/registry/src/github.com-1ecc6299db9ec823/log-0.4.21/src/__private_api.rs:23:9\n   |\n23 |         Some(self)\n   |         ^^^^------\n   |         |\n   |         help: try calling `Some` as a method: `self.Some()`\n\n","error[E0425]: cannot find function, tuple struct or tuple variant `Some` in this scope\n  --> /home/runner/.cargo/registry/src/github.com-1ecc6299db9ec823/log-0.4.21/src/__private_api.rs:54:29\n   |\n54 |         .module_path_static(Some(module_path))\n   |                             ^^^^ not found in this scope\n\n","error[E0425]: cannot find function, tuple struct or tuple variant `Some` in this scope\n  --> /home/runner/.cargo/registry/src/github.com-1ecc6299db9ec823/log-0.4.21/src/__private_api.rs:55:22\n   |\n55 |         .file_static(Some(file))\n   |                      ^^^^ not found in this scope\n\n","error[E0425]: cannot find function, tuple struct or tuple variant `Some` in this scope\n  --> /home/runner/.cargo/registry/src/github.com-1ecc6299db9ec823/log-0.4.21/src/__private_api.rs:56:15\n   |\n56 |         .line(Some(line));\n   |               ^^^^ not found in this scope\n\n"]}},{"file":"/home/runner/.cargo/registry/src/github.com-1ecc6299db9ec823/bitflags-1.3.2/src/lib.rs","count":3,"kinds":{"Clippy(Error)":["error[E0463]: can't find crate for `core`\n  |\n  = note: the `x86_64-unknown-uefi` target may not be installed\n  = help: consider downloading the target with `rustup target add x86_64-unknown-uefi`\n  = help: consider building the standard library from source with `cargo build -Zbuild-std`\n\n","error[E0463]: can't find crate for `compiler_builtins`\n\n","error[E0463]: can't find crate for `core`\n   --> /home/runner/.cargo/registry/src/github.com-1ecc6299db9ec823/bitflags-1.3.2/src/lib.rs:282:1\n    |\n282 | pub extern crate core as _core;\n    | ^^^^^^^^^^^^^^^^^^^^^^^^^^^^^^^ can't find crate\n    |\n    = note: the `x86_64-unknown-uefi` target may not be installed\n    = help: consider downloading the target with `rustup target add x86_64-unknown-uefi`\n    = help: consider building the standard library from source with `cargo build -Zbuild-std`\n\n"]}},{"file":"(virtual) clippy","count":1,"kinds":{"Cargo":["// pkg_name=zcore, checker=Clippy\n// toolchain=nightly-2022-10-27, target=x86_64-unknown-uefi\n// pkg_dir=/home/runner/check/batch_1/kern-crates/zCore\n// cmd=cargo clippy --target x86_64-unknown-uefi --no-deps --message-format=json\n    Checking bitflags v1.3.2\n    Checking bit_field v0.10.2\n    Checking log v0.4.21\n   Compiling lock_api v0.4.12\nerror: could not compile `bitflags` due to 4 previous errors\nwarning: build failed, waiting for other jobs to finish...\nerror: could not compile `bit_field` due to 16 previous errors\nerror: could not compile `log` due to 108 previous errors\n"]}},{"file":"(virtual) lockbud","count":1,"kinds":{"Cargo":["// pkg_name=zcore, checker=Lockbud\n// toolchain=nightly-2022-10-27, target=x86_64-unknown-uefi\n// pkg_dir=/home/runner/check/batch_1/kern-crates/zCore\n// cmd=cargo +nightly-2024-05-21 lockbud -k all -- --target x86_64-unknown-uefi\n   Compiling bitflags v1.3.2\n   Compiling bit_field v0.10.2\n   Compiling proc-macro2 v1.0.86\n   Compiling autocfg v1.3.0\nerror[E0463]: can't find crate for `core`\n  |\n  = note: the `x86_64-unknown-uefi` target may not be installed\n  = help: consider downloading the target with `rustup target add x86_64-unknown-uefi`\n  = help: consider building the standard library from source with `cargo build -Zbuild-std`\n\nFor more information about this error, try `rustc --explain E0463`.\nerror: could not compile `bit_field` (lib) due to 1 previous error\nwarning: build failed, waiting for other jobs to finish...\nerror: could not compile `bitflags` (lib) due to 1 previous error\n"]}}]},{"user":"kern-crates","repo":"zCore","pkg":"rboot","count":5,"raw_reports":[{"file":"src/main.rs","count":2,"kinds":{"Clippy(Warn)":["warning: this pattern creates a reference to a reference\n   --> src/main.rs:205:20\n    |\n205 |             .find(|ref mode| {\n    |                    ^^^^^^^^ help: try this: `mode`\n    |\n    = help: for further information visit https://rust-lang.github.io/rust-clippy/master/index.html#needless_borrow\n\n","warning: empty `loop {}` wastes CPU cycles\n   --> src/main.rs:245:5\n    |\n245 |     loop {}\n    |     ^^^^^^^\n    |\n    = help: you should either use `panic!()` or add a call pausing or sleeping the thread to the loop body\n    = help: for further information visit https://rust-lang.github.io/rust-clippy/master/index.html#empty_loop\n    = note: `#[warn(clippy::empty_loop)]` on by default\n\n"]}},{"file":"(virtual) lockbud","count":1,"kinds":{"Cargo":["// pkg_name=rboot, checker=Lockbud\n// toolchain=nightly-2022-10-27, target=x86_64-unknown-uefi\n// pkg_dir=/home/runner/check/batch_1/kern-crates/zCore/rboot\n// cmd=cargo +nightly-2024-05-21 lockbud -k all -- --target x86_64-unknown-uefi\nwarning: `/home/runner/check/batch_1/kern-crates/zCore/rboot/.cargo/config` is deprecated in favor of `config.toml`\nnote: if you need to support cargo 1.38 or earlier, you can symlink `config` to `config.toml`\nwarning: `/home/runner/check/batch_1/kern-crates/zCore/rboot/.cargo/config` is deprecated in favor of `config.toml`\nnote: if you need to support cargo 1.38 or earlier, you can symlink `config` to `config.toml`\nerror: \"/home/runner/.rustup/toolchains/nightly-2024-05-21-x86_64-unknown-linux-gnu/lib/rustlib/src/rust/Cargo.lock\" does not exist, unable to build with the standard library, try:\n        rustup component add rust-src --toolchain nightly-2024-05-21-x86_64-unknown-linux-gnu\n"]}},{"file":"src/config.rs","count":1,"kinds":{"Clippy(Warn)":["warning: this expression creates a reference which is immediately dereferenced by the compiler\n  --> src/config.rs:54:36\n   |\n54 |         let r10 = || u64::from_str(&value).unwrap();\n   |                                    ^^^^^^ help: change this to: `value`\n   |\n   = help: for further information visit https://rust-lang.github.io/rust-clippy/master/index.html#needless_borrow\n   = note: `#[warn(clippy::needless_borrow)]` on by default\n\n"]}},{"file":"src/page_table.rs","count":1,"kinds":{"Clippy(Warn)":["warning: using `clone` on type `x86_64::structures::paging::Page` which implements the `Copy` trait\n   --> src/page_table.rs:111:46\n    |\n111 |             if let Err(e) = page_table.unmap(last_page.clone()) {\n    |                                              ^^^^^^^^^^^^^^^^^ help: try removing the `clone` call: `last_page`\n    |\n    = help: for further information visit https://rust-lang.github.io/rust-clippy/master/index.html#clone_on_copy\n    = note: `#[warn(clippy::clone_on_copy)]` on by default\n\n"]}}]},{"user":"kern-crates","repo":"zCore","pkg":"zircon-user","count":5,"raw_reports":[{"file":"src/bin/hello.rs","count":2,"kinds":{"Clippy(Error)":["error[E0463]: can't find crate for `std`\n  |\n  = note: the `x86_64-unknown-uefi` target may not be installed\n  = help: consider downloading the target with `rustup target add x86_64-unknown-uefi`\n  = help: consider building the standard library from source with `cargo build -Zbuild-std`\n\n","error: cannot find macro `println` in this scope\n --> src/bin/hello.rs:2:5\n  |\n2 |     println!(\"Hello, zCore!\");\n  |     ^^^^^^^\n\n"]}},{"file":"(virtual) clippy","count":1,"kinds":{"Cargo":["// pkg_name=zircon-user, checker=Clippy\n// toolchain=nightly-2022-01-20, target=x86_64-unknown-uefi\n// pkg_dir=/home/runner/check/batch_1/kern-crates/zCore/zcore-zircon-user\n// cmd=cargo clippy --target x86_64-unknown-uefi --no-deps --message-format=json\n    Checking zircon-user v0.1.0 (/home/runner/check/batch_1/kern-crates/zCore/zcore-zircon-user)\nerror: could not compile `zircon-user` due to 4 previous errors\n"]}},{"file":"(virtual) lockbud","count":1,"kinds":{"Cargo":["// pkg_name=zircon-user, checker=Lockbud\n// toolchain=nightly-2022-01-20, target=x86_64-unknown-uefi\n// pkg_dir=/home/runner/check/batch_1/kern-crates/zCore/zcore-zircon-user\n// cmd=cargo +nightly-2024-05-21 lockbud -k all -- --target x86_64-unknown-uefi\nwarning: `/home/runner/check/batch_1/kern-crates/zCore/zcore-zircon-user/.cargo/config` is deprecated in favor of `config.toml`\nnote: if you need to support cargo 1.38 or earlier, you can symlink `config` to `config.toml`\nwarning: `/home/runner/check/batch_1/kern-crates/zCore/zcore-zircon-user/.cargo/config` is deprecated in favor of `config.toml`\nnote: if you need to support cargo 1.38 or earlier, you can symlink `config` to `config.toml`\n   Compiling zircon-user v0.1.0 (/home/runner/check/batch_1/kern-crates/zCore/zcore-zircon-user)\nerror[E0463]: can't find crate for `std`\n  |\n  = note: the `x86_64-unknown-uefi` target may not be installed\n  = help: consider downloading the target with `rustup target add x86_64-unknown-uefi`\n  = help: consider building the standard library from source with `cargo build -Zbuild-std`\n\nFor more information about this error, try `rustc --explain E0463`.\nerror: could not compile `zircon-user` (bin \"hello\") due to 1 previous error\n"]}},{"file":"unkonwn-but-maybe-important","count":1,"kinds":{"Clippy(Error)":["error: requires `sized` lang_item\n\n"]}}]},{"user":"kern-crates","repo":"zCore","pkg":"uart","count":1,"raw_reports":[{"file":"(virtual) lockbud","count":1,"kinds":{"Cargo":["// pkg_name=uart, checker=Lockbud\n// toolchain=nightly-2022-10-27, target=x86_64-unknown-uefi\n// pkg_dir=/home/runner/check/batch_1/kern-crates/zCore/zcore-tests/testcases/src/uart\n// cmd=cargo +nightly-2024-05-21 lockbud -k all -- --target x86_64-unknown-uefi\n   Compiling libc v0.2.159\n   Compiling cfg-if v1.0.0\n   Compiling nix v0.29.0\n   Compiling bitflags v2.6.0\nerror[E0463]: can't find crate for `core`\n  |\n  = note: the `x86_64-unknown-uefi` target may not be installed\n  = help: consider downloading the target with `rustup target add x86_64-unknown-uefi`\n  = help: consider building the standard library from source with `cargo build -Zbuild-std`\n\nFor more information about this error, try `rustc --explain E0463`.\nerror: could not compile `cfg-if` (lib) due to 1 previous error\nwarning: build failed, waiting for other jobs to finish...\nerror: could not compile `bitflags` (lib) due to 1 previous error\nerror: could not compile `libc` (lib) due to 1 previous error\n"]}}]}],"kinds_order":["Cargo","Clippy(Error)","Clippy(Warn)","Mirai","Lockbud(Probably)","Lockbud(Possibly)","Unformatted"]}