{"repo":{"user":"kern-crates","repo":"zCore"},"data":[{"user":"kern-crates","repo":"zCore","pkg":"zcore","count":19,"raw_reports":[{"file":"/home/runner/.cargo/git/checkouts/zcore-kernel-hal-f36b832dc29d2d9b/eae409f/src/bare/timer.rs","count":3,"kinds":{"Clippy(Error)":["error[E0432]: unresolved import `naive_timer`\n --> /home/runner/.cargo/git/checkouts/zcore-kernel-hal-f36b832dc29d2d9b/eae409f/src/bare/timer.rs:7:5\n  |\n7 | use naive_timer::Timer;\n  |     ^^^^^^^^^^^ use of undeclared crate or module `naive_timer`\n\n","error[E0599]: no method named `lock` found for struct `NAIVE_TIMER` in the current scope\n  --> /home/runner/.cargo/git/checkouts/zcore-kernel-hal-f36b832dc29d2d9b/eae409f/src/bare/timer.rs:28:25\n   |\n12 | / lazy_static::lazy_static! {\n13 | |     static ref NAIVE_TIMER:Mutex<Timer> = Mutex::new(Timer::default());\n14 | | }\n   | |_- method `lock` not found for this struct\n...\n28 |               NAIVE_TIMER.lock().add(deadline, callback);\n   |                           ^^^^ method not found in `NAIVE_TIMER`\n   |\n   = help: items from traits can only be used if the trait is implemented and in scope\n   = note: the following trait defines an item `lock`, perhaps you need to implement it:\n           candidate #1: `lock_api::mutex::RawMutex`\n\n","error[E0599]: no method named `lock` found for struct `NAIVE_TIMER` in the current scope\n  --> /home/runner/.cargo/git/checkouts/zcore-kernel-hal-f36b832dc29d2d9b/eae409f/src/bare/timer.rs:32:25\n   |\n12 | / lazy_static::lazy_static! {\n13 | |     static ref NAIVE_TIMER:Mutex<Timer> = Mutex::new(Timer::default());\n14 | | }\n   | |_- method `lock` not found for this struct\n...\n32 |               NAIVE_TIMER.lock().expire(timer_now());\n   |                           ^^^^ method not found in `NAIVE_TIMER`\n   |\n   = help: items from traits can only be used if the trait is implemented and in scope\n   = note: the following trait defines an item `lock`, perhaps you need to implement it:\n           candidate #1: `lock_api::mutex::RawMutex`\n\n"]}},{"file":"/home/runner/.cargo/git/checkouts/zcore-kernel-hal-f36b832dc29d2d9b/eae409f/src/bare/arch/x86_64/config.rs","count":2,"kinds":{"Clippy(Error)":["error[E0433]: failed to resolve: use of undeclared crate or module `uefi`\n --> /home/runner/.cargo/git/checkouts/zcore-kernel-hal-f36b832dc29d2d9b/eae409f/src/bare/arch/x86_64/config.rs:3:5\n  |\n3 | use uefi::proto::console::gop::ModeInfo;\n  |     ^^^^ use of undeclared crate or module `uefi`\n\n","error[E0433]: failed to resolve: use of undeclared crate or module `uefi`\n --> /home/runner/.cargo/git/checkouts/zcore-kernel-hal-f36b832dc29d2d9b/eae409f/src/bare/arch/x86_64/config.rs:4:5\n  |\n4 | use uefi::table::boot::MemoryDescriptor;\n  |     ^^^^ use of undeclared crate or module `uefi`\n\n"]}},{"file":"/home/runner/.cargo/git/checkouts/zcore-kernel-hal-f36b832dc29d2d9b/eae409f/src/bare/arch/x86_64/trap.rs","count":2,"kinds":{"Clippy(Error)":["error[E0432]: unresolved import `trapframe::TrapFrame`\n --> /home/runner/.cargo/git/checkouts/zcore-kernel-hal-f36b832dc29d2d9b/eae409f/src/bare/arch/x86_64/trap.rs:2:5\n  |\n2 | use trapframe::TrapFrame;\n  |     ^^^^^^^^^^^^^^^^^^^^ no `TrapFrame` in the root\n\n","error[E0433]: failed to resolve: use of undeclared crate or module `executor`\n  --> /home/runner/.cargo/git/checkouts/zcore-kernel-hal-f36b832dc29d2d9b/eae409f/src/bare/arch/x86_64/trap.rs:41:17\n   |\n41 |                 executor::handle_timeout();\n   |                 ^^^^^^^^ use of undeclared crate or module `executor`\n\n"]}},{"file":"/home/runner/.cargo/git/checkouts/zcore-kernel-hal-f36b832dc29d2d9b/eae409f/src/bare/boot.rs","count":2,"kinds":{"Clippy(Error)":["error[E0425]: cannot find function `init` in crate `trapframe`\n  --> /home/runner/.cargo/git/checkouts/zcore-kernel-hal-f36b832dc29d2d9b/eae409f/src/bare/boot.rs:24:33\n   |\n24 |             unsafe { trapframe::init() };\n   |                                 ^^^^ not found in `trapframe`\n   |\nhelp: consider importing one of these items\n   |\n3  | use crate::imp::arch::timer::init;\n   |\n3  | use crate::net::init;\n   |\n3  | use zcore_drivers::bus::pci::init;\n   |\n3  | use zcore_drivers::net::e1000::init;\n   |\nhelp: if you import `init`, refer to it directly\n   |\n24 -             unsafe { trapframe::init() };\n24 +             unsafe { init() };\n   |\n\n","error[E0425]: cannot find function `init` in crate `trapframe`\n  --> /home/runner/.cargo/git/checkouts/zcore-kernel-hal-f36b832dc29d2d9b/eae409f/src/bare/boot.rs:31:33\n   |\n31 |             unsafe { trapframe::init() };\n   |                                 ^^^^ not found in `trapframe`\n   |\nhelp: consider importing one of these items\n   |\n3  | use crate::imp::arch::timer::init;\n   |\n3  | use crate::net::init;\n   |\n3  | use zcore_drivers::bus::pci::init;\n   |\n3  | use zcore_drivers::net::e1000::init;\n   |\nhelp: if you import `init`, refer to it directly\n   |\n31 -             unsafe { trapframe::init() };\n31 +             unsafe { init() };\n   |\n\n"]}},{"file":"/home/runner/.cargo/git/checkouts/zcore-kernel-hal-f36b832dc29d2d9b/eae409f/src/bare/arch/x86_64/cpu.rs","count":1,"kinds":{"Clippy(Error)":["error[E0432]: unresolved import `raw_cpuid`\n --> /home/runner/.cargo/git/checkouts/zcore-kernel-hal-f36b832dc29d2d9b/eae409f/src/bare/arch/x86_64/cpu.rs:3:5\n  |\n3 | use raw_cpuid::CpuId;\n  |     ^^^^^^^^^ use of undeclared crate or module `raw_cpuid`\n\n"]}},{"file":"/home/runner/.cargo/git/checkouts/zcore-kernel-hal-f36b832dc29d2d9b/eae409f/src/bare/arch/x86_64/drivers.rs","count":1,"kinds":{"Clippy(Error)":["error[E0433]: failed to resolve: use of undeclared crate or module `x2apic`\n  --> /home/runner/.cargo/git/checkouts/zcore-kernel-hal-f36b832dc29d2d9b/eae409f/src/bare/arch/x86_64/drivers.rs:36:9\n   |\n36 |     use x2apic::lapic::{TimerDivide, TimerMode};\n   |         ^^^^^^ use of undeclared crate or module `x2apic`\n\n"]}},{"file":"/home/runner/.cargo/git/checkouts/zcore-kernel-hal-f36b832dc29d2d9b/eae409f/src/bare/arch/x86_64/mem.rs","count":1,"kinds":{"Clippy(Error)":["error[E0433]: failed to resolve: use of undeclared crate or module `uefi`\n --> /home/runner/.cargo/git/checkouts/zcore-kernel-hal-f36b832dc29d2d9b/eae409f/src/bare/arch/x86_64/mem.rs:5:5\n  |\n5 | use uefi::table::boot::MemoryType;\n  |     ^^^^ use of undeclared crate or module `uefi`\n\n"]}},{"file":"/home/runner/.cargo/git/checkouts/zcore-kernel-hal-f36b832dc29d2d9b/eae409f/src/bare/arch/x86_64/mod.rs","count":1,"kinds":{"Clippy(Error)":["error[E0433]: failed to resolve: use of undeclared crate or module `x86_smpboot`\n  --> /home/runner/.cargo/git/checkouts/zcore-kernel-hal-f36b832dc29d2d9b/eae409f/src/bare/arch/x86_64/mod.rs:51:9\n   |\n51 |         x86_smpboot::start_application_processors(\n   |         ^^^^^^^^^^^ use of undeclared crate or module `x86_smpboot`\n\n"]}},{"file":"/home/runner/.cargo/git/checkouts/zcore-kernel-hal-f36b832dc29d2d9b/eae409f/src/bare/thread.rs","count":1,"kinds":{"Clippy(Error)":["error[E0433]: failed to resolve: use of undeclared crate or module `executor`\n  --> /home/runner/.cargo/git/checkouts/zcore-kernel-hal-f36b832dc29d2d9b/eae409f/src/bare/thread.rs:17:13\n   |\n17 |             executor::spawn(future);\n   |             ^^^^^^^^ use of undeclared crate or module `executor`\n\n"]}},{"file":"/home/runner/.cargo/git/checkouts/zcore-kernel-hal-f36b832dc29d2d9b/eae409f/src/common/context.rs","count":1,"kinds":{"Clippy(Error)":["error[E0599]: no method named `run` found for struct `trapframe::UserContext` in the current scope\n   --> /home/runner/.cargo/git/checkouts/zcore-kernel-hal-f36b832dc29d2d9b/eae409f/src/common/context.rs:232:24\n    |\n232 |                 self.0.run()\n    |                        ^^^ method not found in `trapframe::UserContext`\n\n"]}},{"file":"(virtual) clippy","count":1,"kinds":{"Cargo":["// pkg_name=zcore, checker=Clippy\n// toolchain=nightly-2022-10-27, target=x86_64-unknown-linux-gnu\n// pkg_dir=/home/runner/check/batch_12/kern-crates/zCore\n// cmd=cargo clippy --target x86_64-unknown-linux-gnu --no-deps --message-format=json\n    Updating git repository `https://github.com/elliott10/rcore-fs`\n    Updating git repository `https://github.com/DeathWish5/PreemptiveScheduler`\n    Updating git repository `https://github.com/kern-crates/zcore-kernel-hal.git`\n    Updating git repository `https://github.com/kern-crates/zcore-linux-object.git`\n    Updating git repository `https://github.com/DeathWish5/kernel-sync`\n    Updating git repository `https://github.com/kern-crates/zcore-loader.git`\n    Updating git repository `https://github.com/kern-crates/zcore-zircon-object.git`\n    Updating git repository `https://github.com/Luchangcheng2333/rayboot`\n    Updating git repository `https://github.com/rcore-os/rboot.git`\n    Updating git repository `https://github.com/pleasewhy/unicycle`\n    Updating git repository `https://github.com/smoltcp-rs/smoltcp`\n    Updating git repository `https://github.com/kern-crates/zcore-drivers.git`\n    Updating git repository `https://github.com/rcore-os/x86-smpboot`\n    Updating git repository `https://github.com/rust-embedded/riscv`\n    Updating git repository `https://github.com/kern-crates/zcore-linux-syscall.git`\n    Updating git repository `https://github.com/kern-crates/zcore-zircon-syscall.git`\n    Updating git repository `https://github.com/rzswh/region-allocator`\n    Updating git repository `https://github.com/pleasewhy/uniset`\n    Updating git repository `https://github.com/rcore-os/isomorphic_drivers`\n    Updating git repository `https://github.com/rcore-os/rcore-console`\n Downloading crates ...\n  Downloaded futures v0.3.30\n  Downloaded customizable-buddy v0.0.3\n  Downloaded unicode-ident v1.0.12\n  Downloaded autocfg v1.3.0\n  Downloaded byteorder v1.5.0\n  Downloaded downcast-rs v1.2.1\n  Downloaded git-version-macro v0.3.9\n  Downloaded futures-sink v0.3.30\n  Downloaded bit v0.1.1\n  Downloaded acpi v4.1.1\n  Downloaded ahash v0.4.8\n  Downloaded pin-utils v0.1.0\n  Downloaded log v0.4.21\n  Downloaded scopeguard v1.2.0\n  Downloaded xmas-elf v0.7.0\n  Downloaded futures-macro v0.3.30\n  Downloaded futures-core v0.3.30\n  Downloaded paste v1.0.15\n  Downloaded managed v0.8.0\n  Downloaded lazy_static v1.5.0\n  Downloaded numeric-enum-macro v0.2.0\n  Downloaded x2apic v0.4.3\n  Downloaded woke v0.0.2\n  Downloaded rsdp v2.0.1\n  Downloaded git-version v0.3.9\n  Downloaded futures-io v0.3.30\n  Downloaded trapframe v0.9.0\n  Downloaded quote v1.0.36\n  Downloaded lock_api v0.4.12\n  Downloaded spin v0.9.8\n  Downloaded pin-project-lite v0.2.14\n  Downloaded hashbrown v0.9.1\n  Downloaded futures-util v0.3.30\n  Downloaded syn v2.0.68\n  Downloaded raw-cpuid v10.7.0\n  Downloaded bit-iter v1.2.0\n  Downloaded futures-task v0.3.30\n  Downloaded futures-channel v0.3.30\n  Downloaded x86 v0.46.0\n    Checking bitflags v1.3.2\n    Checking bit_field v0.10.2\n   Compiling proc-macro2 v1.0.86\n   Compiling autocfg v1.3.0\n    Checking log v0.4.21\n   Compiling rustversion v1.0.17\n   Compiling unicode-ident v1.0.12\n    Checking scopeguard v1.2.0\n    Checking raw-cpuid v10.7.0\n   Compiling lock_api v0.4.12\n   Compiling quote v1.0.36\n    Checking bitflags v2.6.0\n    Checking volatile v0.4.6\n   Compiling syn v2.0.68\n    Checking spin v0.9.8\n   Compiling paste v1.0.15\n    Checking cfg-if v1.0.0\n    Checking x86_64 v0.14.12\n    Checking volatile v0.3.0\n    Checking lazy_static v1.5.0\n    Checking rsdp v2.0.1\n   Compiling trapframe v0.9.0\n   Compiling x86 v0.46.0\n    Checking bit v0.1.1\n    Checking futures-core v0.3.30\n    Checking byteorder v1.5.0\n    Checking managed v0.8.0\n    Checking futures-sink v0.3.30\n    Checking lock v0.1.0 (https://github.com/DeathWish5/kernel-sync?rev=8486b8#8486b817)\n    Checking x2apic v0.4.3\n    Checking acpi v4.1.1\n    Checking smoltcp v0.8.0 (https://github.com/smoltcp-rs/smoltcp?rev=35e833e3#35e833e3)\n    Checking isomorphic_drivers v0.1.0 (https://github.com/rcore-os/isomorphic_drivers?rev=f7cd97a8#f7cd97a8)\n    Checking virtio-drivers v0.1.0 (https://github.com/rcore-os/virtio-drivers?rev=2aaf7d6#2aaf7d60)\n    Checking pci v0.0.1 (https://github.com/elliott10/pci-rs?rev=8f33774b#8f33774b)\n    Checking bitmap-allocator v0.1.0 (https://github.com/rcore-os/bitmap-allocator?rev=88e871a5#88e871a5)\n    Checking numeric-enum-macro v0.2.0\n    Checking device_tree v1.0.3 (https://github.com/rcore-os/device_tree-rs?rev=2f2e55f#2f2e55fb)\n    Checking pin-project-lite v0.2.14\n    Checking futures-task v0.3.30\n    Checking pin-utils v0.1.0\n    Checking futures-channel v0.3.30\n    Checking uniset v0.2.0 (https://github.com/pleasewhy/uniset?rev=40edbd7506979daa1d49f935b568873a6a21c5c0#40edbd75)\n    Checking futures-io v0.3.30\n    Checking zero v0.1.3\n    Checking ahash v0.4.8\n    Checking zcore-drivers v0.1.0 (https://github.com/kern-crates/zcore-drivers.git?rev=91c574e0#91c574e0)\n    Checking hashbrown v0.9.1\n    Checking xmas-elf v0.7.0\n    Checking unicycle v0.7.1 (https://github.com/pleasewhy/unicycle?rev=904f1c061d4784a5642e092d308cf523a9270c6e#904f1c06)\n    Checking woke v0.0.2\n    Checking bit-iter v1.2.0\n    Checking downcast-rs v1.2.1\n    Checking region-alloc v0.1.0 (https://github.com/rzswh/region-allocator?rev=122c7a71#122c7a71)\n   Compiling zcore v0.1.0 (/home/runner/check/batch_12/kern-crates/zCore)\n    Checking customizable-buddy v0.0.3\n    Checking executor v0.1.0 (https://github.com/DeathWish5/PreemptiveScheduler?rev=e8cd353#e8cd3531)\n   Compiling futures-macro v0.3.30\n   Compiling git-version-macro v0.3.9\n    Checking git-version v0.3.9\n    Checking kernel-hal v0.1.0 (https://github.com/kern-crates/zcore-kernel-hal.git?rev=eae409f2#eae409f2)\n    Checking futures-util v0.3.30\nerror: could not compile `kernel-hal` due to 16 previous errors\nwarning: build failed, waiting for other jobs to finish...\n"]}},{"file":"(virtual) lockbud","count":1,"kinds":{"Cargo":["// pkg_name=zcore, checker=Lockbud\n// toolchain=nightly-2022-10-27, target=x86_64-unknown-linux-gnu\n// pkg_dir=/home/runner/check/batch_12/kern-crates/zCore\n// cmd=cargo +nightly-2024-05-21 lockbud -k all -- --target x86_64-unknown-linux-gnu\n   Compiling bitflags v1.3.2\n   Compiling bit_field v0.10.2\n   Compiling log v0.4.21\n   Compiling lock_api v0.4.12\n   Compiling scopeguard v1.2.0\n   Compiling raw-cpuid v10.7.0\n[2024-10-04T07:14:05Z WARN  lockbud::callbacks] [\n      {\n        \"AtomicityViolation\": {\n          \"bug_kind\": \"AtomicityViolation\",\n          \"possibility\": \"Possibly\",\n          \"diagnosis\": {\n            \"fn_name\": \"set_logger_racy\",\n            \"atomic_reader\": \"/home/runner/.cargo/registry/src/index.crates.io-6f17d22bba15001f/log-0.4.21/src/lib.rs:1408:11: 1408:39 (#0)\",\n            \"atomic_writer\": \"/home/runner/.cargo/registry/src/index.crates.io-6f17d22bba15001f/log-0.4.21/src/lib.rs:1411:13: 1411:55 (#0)\",\n            \"dep_kind\": \"Control\"\n          },\n          \"explanation\": \"atomic::store is data/control dependent on atomic::load\"\n        }\n      }\n    ]\n[2024-10-04T07:14:05Z WARN  lockbud::callbacks] crate log contains bugs: { probably: 0, possibly: 0 }, conflictlock: { probably: 0, possibly: 0 }, condvar_deadlock: { probably: 0, possibly: 0 }, atomicity_violation: { possibly: 1 }, invalid_free: { possibly: 0 }, use_after_free: { possibly: 0 }\n   Compiling bitflags v2.6.0\n   Compiling volatile v0.4.6\n   Compiling x86_64 v0.14.12\n   Compiling volatile v0.3.0\n   Compiling spin v0.9.8\n   Compiling cfg-if v1.0.0\n   Compiling rsdp v2.0.1\n   Compiling byteorder v1.5.0\n   Compiling lazy_static v1.5.0\n   Compiling futures-sink v0.3.30\n   Compiling bit v0.1.1\n   Compiling managed v0.8.0\n   Compiling futures-core v0.3.30\n   Compiling trapframe v0.9.0\n   Compiling x86 v0.46.0\n   Compiling isomorphic_drivers v0.1.0 (https://github.com/rcore-os/isomorphic_drivers?rev=f7cd97a8#f7cd97a8)\n   Compiling smoltcp v0.8.0 (https://github.com/smoltcp-rs/smoltcp?rev=35e833e3#35e833e3)\n   Compiling acpi v4.1.1\n   Compiling virtio-drivers v0.1.0 (https://github.com/rcore-os/virtio-drivers?rev=2aaf7d6#2aaf7d60)\n   Compiling x2apic v0.4.3\n   Compiling lock v0.1.0 (https://github.com/DeathWish5/kernel-sync?rev=8486b8#8486b817)\n   Compiling git-version-macro v0.3.9\n   Compiling futures-macro v0.3.30\n   Compiling pci v0.0.1 (https://github.com/elliott10/pci-rs?rev=8f33774b#8f33774b)\n   Compiling bitmap-allocator v0.1.0 (https://github.com/rcore-os/bitmap-allocator?rev=88e871a5#88e871a5)\n   Compiling numeric-enum-macro v0.2.0\n   Compiling device_tree v1.0.3 (https://github.com/rcore-os/device_tree-rs?rev=2f2e55f#2f2e55fb)\n   Compiling pin-utils v0.1.0\n   Compiling futures-task v0.3.30\n   Compiling pin-project-lite v0.2.14\n   Compiling git-version v0.3.9\n   Compiling zcore-drivers v0.1.0 (https://github.com/kern-crates/zcore-drivers.git?rev=91c574e0#91c574e0)\n   Compiling futures-util v0.3.30\n   Compiling futures-channel v0.3.30\n   Compiling uniset v0.2.0 (https://github.com/pleasewhy/uniset?rev=40edbd7506979daa1d49f935b568873a6a21c5c0#40edbd75)\n   Compiling futures-io v0.3.30\n   Compiling ahash v0.4.8\n   Compiling zero v0.1.3\n   Compiling hashbrown v0.9.1\n   Compiling xmas-elf v0.7.0\n   Compiling unicycle v0.7.1 (https://github.com/pleasewhy/unicycle?rev=904f1c061d4784a5642e092d308cf523a9270c6e#904f1c06)\n   Compiling kernel-hal v0.1.0 (https://github.com/kern-crates/zcore-kernel-hal.git?rev=eae409f2#eae409f2)\nerror[E0433]: failed to resolve: use of undeclared crate or module `x2apic`\n  --> /home/runner/.cargo/git/checkouts/zcore-kernel-hal-f36b832dc29d2d9b/eae409f/src/bare/arch/x86_64/drivers.rs:36:9\n   |\n36 |     use x2apic::lapic::{TimerDivide, TimerMode};\n   |         ^^^^^^ use of undeclared crate or module `x2apic`\n\nerror[E0433]: failed to resolve: use of undeclared crate or module `uefi`\n --> /home/runner/.cargo/git/checkouts/zcore-kernel-hal-f36b832dc29d2d9b/eae409f/src/bare/arch/x86_64/config.rs:3:5\n  |\n3 | use uefi::proto::console::gop::ModeInfo;\n  |     ^^^^ use of undeclared crate or module `uefi`\n\nerror[E0433]: failed to resolve: use of undeclared crate or module `uefi`\n --> /home/runner/.cargo/git/checkouts/zcore-kernel-hal-f36b832dc29d2d9b/eae409f/src/bare/arch/x86_64/config.rs:4:5\n  |\n4 | use uefi::table::boot::MemoryDescriptor;\n  |     ^^^^ use of undeclared crate or module `uefi`\n\nerror[E0433]: failed to resolve: use of undeclared crate or module `uefi`\n --> /home/runner/.cargo/git/checkouts/zcore-kernel-hal-f36b832dc29d2d9b/eae409f/src/bare/arch/x86_64/mem.rs:5:5\n  |\n5 | use uefi::table::boot::MemoryType;\n  |     ^^^^ use of undeclared crate or module `uefi`\n\nerror[E0432]: unresolved import `trapframe::TrapFrame`\n --> /home/runner/.cargo/git/checkouts/zcore-kernel-hal-f36b832dc29d2d9b/eae409f/src/bare/arch/x86_64/trap.rs:2:5\n  |\n2 | use trapframe::TrapFrame;\n  |     ^^^^^^^^^^^^^^^^^^^^ no `TrapFrame` in the root\n\nerror[E0432]: unresolved import `naive_timer`\n --> /home/runner/.cargo/git/checkouts/zcore-kernel-hal-f36b832dc29d2d9b/eae409f/src/bare/timer.rs:7:5\n  |\n7 | use naive_timer::Timer;\n  |     ^^^^^^^^^^^ use of undeclared crate or module `naive_timer`\n\nerror[E0432]: unresolved import `raw_cpuid`\n --> /home/runner/.cargo/git/checkouts/zcore-kernel-hal-f36b832dc29d2d9b/eae409f/src/bare/arch/x86_64/cpu.rs:3:5\n  |\n3 | use raw_cpuid::CpuId;\n  |     ^^^^^^^^^ use of undeclared crate or module `raw_cpuid`\n\nerror[E0425]: cannot find function `init` in crate `trapframe`\n  --> /home/runner/.cargo/git/checkouts/zcore-kernel-hal-f36b832dc29d2d9b/eae409f/src/bare/boot.rs:24:33\n   |\n24 |             unsafe { trapframe::init() };\n   |                                 ^^^^ not found in `trapframe`\n   |\nhelp: consider importing one of these items\n   |\n3  + use crate::imp::arch::timer::init;\n   |\n3  + use crate::net::init;\n   |\n3  + use zcore_drivers::bus::pci::init;\n   |\n3  + use zcore_drivers::net::e1000::init;\n   |\nhelp: if you import `init`, refer to it directly\n   |\n24 -             unsafe { trapframe::init() };\n24 +             unsafe { init() };\n   |\n\nerror[E0425]: cannot find function `init` in crate `trapframe`\n  --> /home/runner/.cargo/git/checkouts/zcore-kernel-hal-f36b832dc29d2d9b/eae409f/src/bare/boot.rs:31:33\n   |\n31 |             unsafe { trapframe::init() };\n   |                                 ^^^^ not found in `trapframe`\n   |\nhelp: consider importing one of these items\n   |\n3  + use crate::imp::arch::timer::init;\n   |\n3  + use crate::net::init;\n   |\n3  + use zcore_drivers::bus::pci::init;\n   |\n3  + use zcore_drivers::net::e1000::init;\n   |\nhelp: if you import `init`, refer to it directly\n   |\n31 -             unsafe { trapframe::init() };\n31 +             unsafe { init() };\n   |\n\n   Compiling downcast-rs v1.2.1\n   Compiling region-alloc v0.1.0 (https://github.com/rzswh/region-allocator?rev=122c7a71#122c7a71)\nerror[E0635]: unknown feature `btree_drain_filter`\n --> /home/runner/.cargo/git/checkouts/region-allocator-4314ed0cadd5612c/122c7a7/src/lib.rs:2:12\n  |\n2 | #![feature(btree_drain_filter)]\n  |            ^^^^^^^^^^^^^^^^^^\n\nerror[E0599]: no method named `drain_filter` found for struct `alloc::collections::BTreeSet` in the current scope\n   --> /home/runner/.cargo/git/checkouts/region-allocator-4314ed0cadd5612c/122c7a7/src/lib.rs:120:14\n    |\n119 | /         self.regions\n120 | |             .drain_filter(|r| {\n    | |             -^^^^^^^^^^^^ method not found in `BTreeSet<Region>`\n    | |_____________|\n    |\n\nSome errors have detailed explanations: E0599, E0635.\nFor more information about an error, try `rustc --explain E0599`.\nerror: could not compile `region-alloc` (lib) due to 2 previous errors\nwarning: build failed, waiting for other jobs to finish...\nerror[E0599]: no method named `run` found for struct `trapframe::UserContext` in the current scope\n   --> /home/runner/.cargo/git/checkouts/zcore-kernel-hal-f36b832dc29d2d9b/eae409f/src/common/context.rs:232:24\n    |\n232 |                 self.0.run()\n    |                        ^^^ method not found in `UserContext`\n\nerror[E0433]: failed to resolve: use of undeclared crate or module `executor`\n  --> /home/runner/.cargo/git/checkouts/zcore-kernel-hal-f36b832dc29d2d9b/eae409f/src/bare/arch/x86_64/trap.rs:41:17\n   |\n41 |                 executor::handle_timeout();\n   |                 ^^^^^^^^ use of undeclared crate or module `executor`\n\nerror[E0433]: failed to resolve: use of undeclared crate or module `x86_smpboot`\n  --> /home/runner/.cargo/git/checkouts/zcore-kernel-hal-f36b832dc29d2d9b/eae409f/src/bare/arch/x86_64/mod.rs:51:9\n   |\n51 |         x86_smpboot::start_application_processors(\n   |         ^^^^^^^^^^^ use of undeclared crate or module `x86_smpboot`\n\nerror[E0433]: failed to resolve: use of undeclared crate or module `executor`\n  --> /home/runner/.cargo/git/checkouts/zcore-kernel-hal-f36b832dc29d2d9b/eae409f/src/bare/thread.rs:17:13\n   |\n17 |             executor::spawn(future);\n   |             ^^^^^^^^ use of undeclared crate or module `executor`\n\nerror[E0599]: no method named `lock` found for struct `imp::timer::NAIVE_TIMER` in the current scope\n  --> /home/runner/.cargo/git/checkouts/zcore-kernel-hal-f36b832dc29d2d9b/eae409f/src/bare/timer.rs:28:25\n   |\n12 | / lazy_static::lazy_static! {\n13 | |     static ref NAIVE_TIMER:Mutex<Timer> = Mutex::new(Timer::default());\n14 | | }\n   | |_- method `lock` not found for this struct\n...\n28 |               NAIVE_TIMER.lock().add(deadline, callback);\n   |                           ^^^^ method not found in `NAIVE_TIMER`\n   |\n   = help: items from traits can only be used if the trait is implemented and in scope\n   = note: the following trait defines an item `lock`, perhaps you need to implement it:\n           candidate #1: `lock_api::mutex::RawMutex`\n\nerror[E0599]: no method named `lock` found for struct `imp::timer::NAIVE_TIMER` in the current scope\n  --> /home/runner/.cargo/git/checkouts/zcore-kernel-hal-f36b832dc29d2d9b/eae409f/src/bare/timer.rs:32:25\n   |\n12 | / lazy_static::lazy_static! {\n13 | |     static ref NAIVE_TIMER:Mutex<Timer> = Mutex::new(Timer::default());\n14 | | }\n   | |_- method `lock` not found for this struct\n...\n32 |               NAIVE_TIMER.lock().expire(timer_now());\n   |                           ^^^^ method not found in `NAIVE_TIMER`\n   |\n   = help: items from traits can only be used if the trait is implemented and in scope\n   = note: the following trait defines an item `lock`, perhaps you need to implement it:\n           candidate #1: `lock_api::mutex::RawMutex`\n\nSome errors have detailed explanations: E0425, E0432, E0433, E0599.\nFor more information about an error, try `rustc --explain E0425`.\nerror: could not compile `kernel-hal` (lib) due to 15 previous errors\n"]}},{"file":"(virtual) mirai","count":1,"kinds":{"Cargo":["// pkg_name=zcore, checker=Mirai\n// toolchain=nightly-2022-10-27, target=x86_64-unknown-linux-gnu\n// pkg_dir=/home/runner/check/batch_12/kern-crates/zCore\n// cmd=cargo +nightly-2023-12-30 mirai --target x86_64-unknown-linux-gnu --message-format=json\n    Checking bitflags v1.3.2\n    Checking bit_field v0.10.2\n   Compiling proc-macro2 v1.0.86\n   Compiling autocfg v1.3.0\n   Compiling rustversion v1.0.17\n   Compiling unicode-ident v1.0.12\n    Checking log v0.4.21\n    Checking scopeguard v1.2.0\n    Checking raw-cpuid v10.7.0\n   Compiling lock_api v0.4.12\nerror: failed to run custom build command for `rustversion v1.0.17`\n\nCaused by:\n  process didn't exit successfully: `/home/runner/check/batch_12/kern-crates/zCore/target/debug/build/rustversion-cb7b2b82d44a199d/build-script-build` (exit status: 1)\n  --- stdout\n  cargo:rerun-if-changed=build/build.rs\n\n  --- stderr\n  Error: unexpected output from `rustc --version`: \"mirai 1.1.9\\n\"\n\n  Please file an issue in https://github.com/dtolnay/rustversion\nwarning: build failed, waiting for other jobs to finish...\n"]}},{"file":"Not supported to display yet.","count":1,"kinds":{"Lockbud(Possibly)":["[2024-10-04T07:14:05Z WARN  lockbud::callbacks] [\n      {\n        \"AtomicityViolation\": {\n          \"bug_kind\": \"AtomicityViolation\",\n          \"possibility\": \"Possibly\",\n          \"diagnosis\": {\n            \"fn_name\": \"set_logger_racy\",\n            \"atomic_reader\": \"/home/runner/.cargo/registry/src/index.crates.io-6f17d22bba15001f/log-0.4.21/src/lib.rs:1408:11: 1408:39 (#0)\",\n            \"atomic_writer\": \"/home/runner/.cargo/registry/src/index.crates.io-6f17d22bba15001f/log-0.4.21/src/lib.rs:1411:13: 1411:55 (#0)\",\n            \"dep_kind\": \"Control\"\n          },\n          \"explanation\": \"atomic::store is data/control dependent on atomic::load\"\n        }\n      }\n    ]\n[2024-10-04T07:14:05Z WARN  lockbud::callbacks] crate log contains bugs: { probably: 0, possibly: 0 }, conflictlock: { probably: 0, possibly: 0 }, condvar_deadlock: { probably: 0, possibly: 0 }, atomicity_violation: { possibly: 1 }, invalid_free: { possibly: 0 }, use_after_free: { possibly: 0 }"]}}]},{"user":"kern-crates","repo":"zCore","pkg":"uart","count":3,"raw_reports":[{"file":"(virtual) clippy","count":1,"kinds":{"Cargo":["// pkg_name=uart, checker=Clippy\n// toolchain=nightly-2022-10-27, target=x86_64-unknown-linux-gnu\n// pkg_dir=/home/runner/check/batch_12/kern-crates/zCore/zcore-tests/testcases/src/uart\n// cmd=cargo clippy --target x86_64-unknown-linux-gnu --no-deps --message-format=json\n    Updating crates.io index\n Downloading crates ...\n  Downloaded cfg_aliases v0.2.1\n  Downloaded nix v0.29.0\n  Downloaded libc v0.2.159\nerror: package `nix v0.29.0` cannot be built because it requires rustc 1.69 or newer, while the currently active rustc version is 1.66.0-nightly\nEither upgrade to rustc 1.69 or newer, or use\ncargo update -p nix@0.29.0 --precise ver\nwhere `ver` is the latest version of `nix` supporting rustc 1.66.0-nightly\n"]}},{"file":"(virtual) lockbud","count":1,"kinds":{"Cargo":["// pkg_name=uart, checker=Lockbud\n// toolchain=nightly-2022-10-27, target=x86_64-unknown-linux-gnu\n// pkg_dir=/home/runner/check/batch_12/kern-crates/zCore/zcore-tests/testcases/src/uart\n// cmd=cargo +nightly-2024-05-21 lockbud -k all -- --target x86_64-unknown-linux-gnu\n   Compiling cfg_aliases v0.2.1\n   Compiling libc v0.2.159\n   Compiling bitflags v2.6.0\n   Compiling cfg-if v1.0.0\n   Compiling nix v0.29.0\n   Compiling uart v0.1.0 (/home/runner/check/batch_12/kern-crates/zCore/zcore-tests/testcases/src/uart)\nerror[E0432]: unresolved imports `nix::fcntl::open`, `nix::fcntl::OFlag`, `nix::sys::stat`\n   --> src/main.rs:2:13\n    |\n2   |     fcntl::{open, OFlag},\n    |             ^^^^  ^^^^^ no `OFlag` in `fcntl`\n    |             |\n    |             no `open` in `fcntl`\n3   |     sys::stat::Mode,\n    |          ^^^^ could not find `stat` in `sys`\n    |\nnote: found an item that was configured out\n   --> /home/runner/.cargo/registry/src/index.crates.io-6f17d22bba15001f/nix-0.29.0/src/fcntl.rs:220:8\n    |\n220 | pub fn open<P: ?Sized + NixPath>(\n    |        ^^^^\n    = note: the item is gated behind the `fs` feature\nnote: found an item that was configured out\n   --> /home/runner/.cargo/registry/src/index.crates.io-6f17d22bba15001f/nix-0.29.0/src/sys/mod.rs:128:13\n    |\n128 |     pub mod stat;\n    |             ^^^^\n    = note: the item is gated behind the `fs` feature\n\nFor more information about this error, try `rustc --explain E0432`.\nerror: could not compile `uart` (bin \"uart\") due to 1 previous error\n"]}},{"file":"(virtual) mirai","count":1,"kinds":{"Cargo":["// pkg_name=uart, checker=Mirai\n// toolchain=nightly-2022-10-27, target=x86_64-unknown-linux-gnu\n// pkg_dir=/home/runner/check/batch_12/kern-crates/zCore/zcore-tests/testcases/src/uart\n// cmd=cargo +nightly-2023-12-30 mirai --target x86_64-unknown-linux-gnu --message-format=json\n   Compiling libc v0.2.159\n   Compiling cfg_aliases v0.2.1\n    Checking cfg-if v1.0.0\n    Checking bitflags v2.6.0\n   Compiling nix v0.29.0\nerror: failed to run custom build command for `libc v0.2.159`\n\nCaused by:\n  process didn't exit successfully: `/home/runner/check/batch_12/kern-crates/zCore/zcore-tests/testcases/src/uart/target/debug/build/libc-589343fc888734bf/build-script-build` (exit status: 101)\n  --- stdout\n  cargo:rerun-if-changed=build.rs\n\n  --- stderr\n  thread 'main' panicked at /home/runner/.cargo/registry/src/index.crates.io-6f17d22bba15001f/libc-0.2.159/build.rs:253:9:\n  Failed to get rustc version\n  note: run with `RUST_BACKTRACE=1` environment variable to display a backtrace\nwarning: build failed, waiting for other jobs to finish...\n"]}}]}],"kinds_order":["Cargo","Clippy(Error)","Clippy(Warn)","Mirai","Lockbud(Probably)","Lockbud(Possibly)","Unformatted"]}