{"repo":{"user":"Starry-OS","repo":"Starry-Old"},"data":[{"user":"Starry-OS","repo":"Starry-Old","pkg":"axnet","count":10,"raw_reports":[{"file":"modules/axnet/src/smoltcp_impl/addr.rs","count":2,"kinds":{"Clippy(Warn)":["warning: transmute used without annotations\n  --> modules/axnet/src/smoltcp_impl/addr.rs:13:65\n   |\n13 |         IpAddress::Ipv4(ipv4) => IpAddr::V4(unsafe { core::mem::transmute(ipv4.0) }),\n   |                                                                 ^^^^^^^^^ help: consider adding missing annotations: `transmute::<[u8; 4], core::net::Ipv4Addr>`\n   |\n   = help: for further information visit https://rust-lang.github.io/rust-clippy/master/index.html#missing_transmute_annotations\n   = note: `#[warn(clippy::missing_transmute_annotations)]` on by default\n\n","warning: transmute used without annotations\n  --> modules/axnet/src/smoltcp_impl/addr.rs:14:65\n   |\n14 |         IpAddress::Ipv6(ipv6) => IpAddr::V6(unsafe { core::mem::transmute(ipv6.0) }),\n   |                                                                 ^^^^^^^^^ help: consider adding missing annotations: `transmute::<[u8; 16], core::net::Ipv6Addr>`\n   |\n   = help: for further information visit https://rust-lang.github.io/rust-clippy/master/index.html#missing_transmute_annotations\n\n"]}},{"file":"(virtual) lockbud","count":1,"kinds":{"Cargo":["// pkg_name=axnet, checker=Lockbud\n// toolchain=nightly-2024-05-02, target=aarch64-unknown-none\n// pkg_dir=/home/runner/check/batch_1/Starry-OS/Starry-Old/modules/axnet\n// cmd=cargo +nightly-2024-12-01 lockbud -k all -- --target aarch64-unknown-none\n// timestamp=2025-01-10 10:39:24.603621725 +08:00:00\n[2025-01-10T02:38:25Z WARN  lockbud::callbacks] [\n      {\n        \"AtomicityViolation\": {\n          \"bug_kind\": \"AtomicityViolation\",\n          \"possibility\": \"Possibly\",\n          \"diagnosis\": {\n            \"fn_name\": \"set_logger_racy\",\n            \"atomic_reader\": \"/home/runner/.cargo/registry/src/index.crates.io-6f17d22bba15001f/log-0.4.21/src/lib.rs:1408:11: 1408:39 (#0)\",\n            \"atomic_writer\": \"/home/runner/.cargo/registry/src/index.crates.io-6f17d22bba15001f/log-0.4.21/src/lib.rs:1411:13: 1411:55 (#0)\",\n            \"dep_kind\": \"Control\"\n          },\n          \"explanation\": \"atomic::store is data/control dependent on atomic::load\"\n        }\n      }\n    ]\n[2025-01-10T02:38:25Z WARN  lockbud::callbacks] crate log contains bugs: { probably: 0, possibly: 0 }, conflictlock: { probably: 0, possibly: 0 }, condvar_deadlock: { probably: 0, possibly: 0 }, atomicity_violation: { possibly: 1 }, invalid_free: { possibly: 0 }, use_after_free: { possibly: 0 }\n   Compiling taskctx v0.1.0 (https://github.com/Starry-OS/taskctx.git#3c3ad2fb)\n   Compiling heapless v0.8.0\n   Compiling hash32 v0.3.1\n   Compiling stable_deref_trait v1.2.0\n   Compiling axdriver v0.1.0 (/home/runner/check/batch_1/Starry-OS/Starry-Old/modules/axdriver)\n   Compiling smoltcp v0.11.0 (https://github.com/rcore-os/smoltcp.git?rev=8bf9a9a#8bf9a9a6)\nerror[E0787]: the `asm!` macro is not allowed in naked functions\n   --> /home/runner/.cargo/git/checkouts/taskctx-38ebba1102c121c2/3c3ad2f/src/arch/aarch64.rs:86:5\n    |\n86  | /     asm!(\n87  | |         \"\n88  | |         // save old context (callee-saved registers)\n89  | |         stp     x29, x30, [x0, 12 * 8]\n...   |\n111 | |         options(noreturn),\n112 | |     )\n    | |_____^ consider using the `naked_asm!` macro instead\n\n   Compiling driver_net v0.1.0 (https://github.com/Starry-OS/driver_net.git#5d16bf2f)\nFor more information about this error, try `rustc --explain E0787`.\nerror: could not compile `taskctx` (lib) due to 1 previous error\nwarning: build failed, waiting for other jobs to finish...\n"]}},{"file":"(virtual) rapx","count":1,"kinds":{"Cargo":["// pkg_name=axnet, checker=Rapx\n// toolchain=nightly-2024-05-02, target=aarch64-unknown-none\n// pkg_dir=/home/runner/check/batch_1/Starry-OS/Starry-Old/modules/axnet\n// cmd=cargo +nightly-2024-10-12 rapx -F -M -- --target aarch64-unknown-none\n// timestamp=2025-01-10 10:47:18.130564099 +08:00:00\n   Compiling hashbrown v0.15.2\n   Compiling equivalent v1.0.1\n   Compiling serde v1.0.215\n   Compiling toml_datetime v0.6.8\n   Compiling winnow v0.6.20\n   Compiling proc-macro2 v1.0.92\n   Compiling indexmap v2.7.0\n    Checking log v0.4.21\n   Compiling unicode-ident v1.0.14\n    Checking tock-registers v0.8.1\n    Checking cfg-if v1.0.0\n   Compiling quote v1.0.37\n   Compiling toml_edit v0.22.22\n   Compiling syn v2.0.90\n   Compiling autocfg v1.4.0\n   Compiling lock_api v0.4.12\n    Checking aarch64-cpu v9.4.0\n    Checking memory_addr v0.1.0 (https://github.com/Starry-OS/memory_addr.git#a5be547a)\n    Checking scopeguard v1.2.0\n   Compiling taskctx v0.1.0 (https://github.com/Starry-OS/taskctx.git#3c3ad2fb)\n    Checking static_assertions v1.1.0\n    Checking numeric-enum-macro v0.2.0 (https://github.com/mexus/numeric-enum-macro#20aef288)\n    Checking bitflags v2.6.0\n    Checking spin v0.9.8\n    Checking byteorder v1.5.0\n   Compiling percpu v0.1.0 (https://github.com/Starry-OS/percpu.git#85e6d8a7)\n    Checking lazy_static v1.5.0\n    Checking fdt v0.1.5\n    Checking page_table_entry v0.1.0 (https://github.com/Starry-OS/page_table_entry.git#8a871b43)\n    Checking of v0.1.0 (https://github.com/Starry-OS/of.git#45a65508)\n    Checking arm_gic v0.1.0 (https://github.com/Starry-OS/arm_gic.git#b6dfcc32)\n    Checking dw_apb_uart v0.1.0 (https://github.com/Starry-OS/dw_apb_uart.git#15d6fb0f)\n    Checking arm_pl011 v0.1.0 (https://github.com/Starry-OS/arm_pl011.git#cba8ce63)\n    Checking either v1.13.0\n    Checking lazy_init v0.1.0 (https://github.com/Starry-OS/lazy_init.git#d0e87c05)\n    Checking ratio v0.1.0 (https://github.com/Starry-OS/ratio.git#0c8da4c3)\n   Compiling axconfig v0.1.0 (https://github.com/Starry-OS/axconfig.git#2a880338)\n   Compiling axconfig v0.1.0 (/home/runner/check/batch_1/Starry-OS/Starry-Old/modules/axconfig)\n    Checking handler_table v0.1.0 (https://github.com/Starry-OS/handler_table.git#d6495e7d)\n   Compiling axerrno v0.1.0 (https://github.com/Starry-OS/axerrno.git#3e2372cd)\nerror[E0787]: the `asm!` macro is not allowed in naked functions\n   --> /home/runner/.cargo/git/checkouts/taskctx-38ebba1102c121c2/3c3ad2f/src/arch/aarch64.rs:86:5\n    |\n86  | /     asm!(\n87  | |         \"\n88  | |         // save old context (callee-saved registers)\n89  | |         stp     x29, x30, [x0, 12 * 8]\n...   |\n111 | |         options(noreturn),\n112 | |     )\n    | |_____^ consider using the `naked_asm!` macro instead\n\nFor more information about this error, try `rustc --explain E0787`.\nerror: could not compile `taskctx` (lib) due to 1 previous error\nwarning: build failed, waiting for other jobs to finish...\n02:47:25|RAP|ERROR|: Finished with non-zero exit code.\n"]}},{"file":"(virtual) semver-checks","count":1,"kinds":{"Cargo":["// pkg_name=axnet, checker=SemverChecks\n// toolchain=nightly-2024-05-02, target=aarch64-unknown-none\n// pkg_dir=/home/runner/check/batch_1/Starry-OS/Starry-Old/modules/axnet\n// cmd=cargo +nightly-2025-01-07-x86_64-unknown-linux-gnu semver-checks --target aarch64-unknown-none\n// timestamp=2025-01-10 10:33:06.067646685 +08:00:00\n    Building axnet v0.1.0 (current)\nerror: running cargo-doc on crate 'axnet' failed with output:\n-----\n    Checking log v0.4.22\n   Compiling proc-macro2 v1.0.92\n   Compiling serde v1.0.217\n   Compiling unicode-ident v1.0.14\nerror[E0463]: can't find crate for `core`\n  |\n  = note: the `aarch64-unknown-none` target may not be installed\n  = help: consider downloading the target with `rustup target add aarch64-unknown-none`\n  = help: consider building the standard library from source with `cargo build -Zbuild-std`\n\nFor more information about this error, try `rustc --explain E0463`.\nerror: could not compile `log` (lib) due to 1 previous error\nwarning: build failed, waiting for other jobs to finish...\n\n-----\n\nerror: failed to build rustdoc for crate axnet v0.1.0\nnote: this is usually due to a compilation error in the crate,\n      and is unlikely to be a bug in cargo-semver-checks\nnote: the following command can be used to reproduce the compilation error:\n      cargo new --lib example &&\n          cd example &&\n          echo '[workspace]' >> Cargo.toml &&\n          cargo add --path /home/runner/check/batch_1/Starry-OS/Starry-Old/modules/axnet --features default,ip,monolithic,smoltcp &&\n          cargo check\n\nerror: aborting due to failure to build rustdoc for crate axnet v0.1.0\n"]}},{"file":"[outdated direct dependencies]","count":1,"kinds":{"Outdated":["pkg=axnet, checker=Outdated\ntoolchain=nightly-2024-05-02, target=aarch64-unknown-none\npkg_dir=/home/runner/check/batch_1/Starry-OS/Starry-Old/modules/axnet\ncmd=cargo +nightly-2025-01-07-x86_64-unknown-linux-gnu outdated -R --exit-code=2\ntimestamp=2025-01-10 11:40:55.075874713 +08:00:00\n\nName  Project  Compat  Latest  Kind    Platform\n----  -------  ------  ------  ----    --------\nlog   0.4.21   0.4.22  0.4.22  Normal  ---\n"]}},{"file":"[semver checks]","count":1,"kinds":{"Semver Violation":["pkg=axnet, checker=SemverChecks\ntoolchain=nightly-2024-05-02, target=aarch64-unknown-none\npkg_dir=/home/runner/check/batch_1/Starry-OS/Starry-Old/modules/axnet\ncmd=cargo +nightly-2025-01-07-x86_64-unknown-linux-gnu semver-checks --target aarch64-unknown-none\ntimestamp=2025-01-10 10:33:14.101166582 +08:00:00\n\n\nstdout:\n\nstderr:\n    Building axnet v0.1.0 (current)\nerror: running cargo-doc on crate 'axnet' failed with output:\n-----\n    Checking log v0.4.22\n   Compiling proc-macro2 v1.0.92\n   Compiling serde v1.0.217\n   Compiling unicode-ident v1.0.14\nerror[E0463]: can't find crate for `core`\n  |\n  = note: the `aarch64-unknown-none` target may not be installed\n  = help: consider downloading the target with `rustup target add aarch64-unknown-none`\n  = help: consider building the standard library from source with `cargo build -Zbuild-std`\n\nFor more information about this error, try `rustc --explain E0463`.\nerror: could not compile `log` (lib) due to 1 previous error\nwarning: build failed, waiting for other jobs to finish...\n\n-----\n\nerror: failed to build rustdoc for crate axnet v0.1.0\nnote: this is usually due to a compilation error in the crate,\n      and is unlikely to be a bug in cargo-semver-checks\nnote: the following command can be used to reproduce the compilation error:\n      cargo new --lib example &&\n          cd example &&\n          echo '[workspace]' >> Cargo.toml &&\n          cargo add --path /home/runner/check/batch_1/Starry-OS/Starry-Old/modules/axnet --features default,ip,monolithic,smoltcp &&\n          cargo check\n\nerror: aborting due to failure to build rustdoc for crate axnet v0.1.0\n"]}},{"file":"modules/axnet/src/smoltcp_impl/listen_table.rs","count":1,"kinds":{"Clippy(Warn)":["warning: unnecessary closure used with `bool::then`\n  --> modules/axnet/src/smoltcp_impl/listen_table.rs:95:44\n   |\n95 |                 .find_map(|(idx, &handle)| is_connected(handle).then(|| idx))\n   |                                            ^^^^^^^^^^^^^^^^^^^^^------------\n   |                                                                 |\n   |                                                                 help: use `then_some(..)` instead: `then_some(idx)`\n   |\n   = help: for further information visit https://rust-lang.github.io/rust-clippy/master/index.html#unnecessary_lazy_evaluations\n   = note: `#[warn(clippy::unnecessary_lazy_evaluations)]` on by default\n\n"]}},{"file":"modules/axnet/src/smoltcp_impl/tcp.rs","count":1,"kinds":{"Clippy(Warn)":["warning: you should consider adding a `Default` implementation for `TcpSocket`\n  --> modules/axnet/src/smoltcp_impl/tcp.rs:53:5\n   |\n53 | /     pub const fn new() -> Self {\n54 | |         Self {\n55 | |             state: AtomicU8::new(STATE_CLOSED),\n56 | |             handle: UnsafeCell::new(None),\n...  |\n61 | |         }\n62 | |     }\n   | |_____^\n   |\n   = help: for further information visit https://rust-lang.github.io/rust-clippy/master/index.html#new_without_default\n   = note: `#[warn(clippy::new_without_default)]` on by default\nhelp: try adding this\n   |\n51 + impl Default for TcpSocket {\n52 +     fn default() -> Self {\n53 +         Self::new()\n54 +     }\n55 + }\n   |\n\n"]}},{"file":"src/smoltcp_impl/mod.rs","count":1,"kinds":{"Unformatted":["file: /home/runner/check/batch_1/Starry-OS/Starry-Old/modules/axnet/src/smoltcp_impl/mod.rs (original lines from 228 to 229)\n-    type RxToken<'a> = AxNetRxToken<'a> where Self: 'a;\n-    type TxToken<'a> = AxNetTxToken<'a> where Self: 'a;\n+    type RxToken<'a>\n+        = AxNetRxToken<'a>\n+    where\n+        Self: 'a;\n+    type TxToken<'a>\n+        = AxNetTxToken<'a>\n+    where\n+        Self: 'a;\n"]}}]},{"user":"Starry-OS","repo":"Starry-Old","pkg":"axfs","count":9,"raw_reports":[{"file":"modules/axfs/src/fs/fatfs.rs","count":2,"kinds":{"Clippy(Warn)":["warning: this block may be rewritten with the `?` operator\n  --> modules/axfs/src/fs/fatfs.rs:88:13\n   |\n88 | /             if ans.is_err() {\n89 | |                 return ans;\n90 | |             }\n   | |_____________^ help: replace it with: `ans?;`\n   |\n   = help: for further information visit https://rust-lang.github.io/rust-clippy/master/index.html#question_mark\n   = note: `#[warn(clippy::question_mark)]` on by default\n\n","warning: this block may be rewritten with the `?` operator\n   --> modules/axfs/src/fs/fatfs.rs:115:13\n    |\n115 | /             if ans.is_err() {\n116 | |                 return ans;\n117 | |             }\n    | |_____________^ help: replace it with: `ans?;`\n    |\n    = help: for further information visit https://rust-lang.github.io/rust-clippy/master/index.html#question_mark\n\n"]}},{"file":"(virtual) lockbud","count":1,"kinds":{"Cargo":["// pkg_name=axfs, checker=Lockbud\n// toolchain=nightly-2024-05-02, target=aarch64-unknown-none\n// pkg_dir=/home/runner/check/batch_1/Starry-OS/Starry-Old/modules/axfs\n// cmd=cargo +nightly-2024-12-01 lockbud -k all -- --target aarch64-unknown-none\n// timestamp=2025-01-10 10:39:08.629361289 +08:00:00\n[2025-01-10T02:38:25Z WARN  lockbud::callbacks] [\n      {\n        \"AtomicityViolation\": {\n          \"bug_kind\": \"AtomicityViolation\",\n          \"possibility\": \"Possibly\",\n          \"diagnosis\": {\n            \"fn_name\": \"set_logger_racy\",\n            \"atomic_reader\": \"/home/runner/.cargo/registry/src/index.crates.io-6f17d22bba15001f/log-0.4.21/src/lib.rs:1408:11: 1408:39 (#0)\",\n            \"atomic_writer\": \"/home/runner/.cargo/registry/src/index.crates.io-6f17d22bba15001f/log-0.4.21/src/lib.rs:1411:13: 1411:55 (#0)\",\n            \"dep_kind\": \"Control\"\n          },\n          \"explanation\": \"atomic::store is data/control dependent on atomic::load\"\n        }\n      }\n    ]\n[2025-01-10T02:38:25Z WARN  lockbud::callbacks] crate log contains bugs: { probably: 0, possibly: 0 }, conflictlock: { probably: 0, possibly: 0 }, condvar_deadlock: { probably: 0, possibly: 0 }, atomicity_violation: { possibly: 1 }, invalid_free: { possibly: 0 }, use_after_free: { possibly: 0 }\n   Compiling taskctx v0.1.0 (https://github.com/Starry-OS/taskctx.git#3c3ad2fb)\n   Compiling axfs_vfs v0.1.0 (https://github.com/Starry-OS/axfs_vfs.git#cd00e108)\n   Compiling rand_core v0.6.4\n   Compiling virtio-drivers v0.7.4\nerror[E0787]: the `asm!` macro is not allowed in naked functions\n   --> /home/runner/.cargo/git/checkouts/taskctx-38ebba1102c121c2/3c3ad2f/src/arch/aarch64.rs:86:5\n    |\n86  | /     asm!(\n87  | |         \"\n88  | |         // save old context (callee-saved registers)\n89  | |         stp     x29, x30, [x0, 12 * 8]\n...   |\n111 | |         options(noreturn),\n112 | |     )\n    | |_____^ consider using the `naked_asm!` macro instead\n\nFor more information about this error, try `rustc --explain E0787`.\nerror: could not compile `taskctx` (lib) due to 1 previous error\nwarning: build failed, waiting for other jobs to finish...\n"]}},{"file":"(virtual) rapx","count":1,"kinds":{"Cargo":["// pkg_name=axfs, checker=Rapx\n// toolchain=nightly-2024-05-02, target=aarch64-unknown-none\n// pkg_dir=/home/runner/check/batch_1/Starry-OS/Starry-Old/modules/axfs\n// cmd=cargo +nightly-2024-10-12 rapx -F -M -- --target aarch64-unknown-none\n// timestamp=2025-01-10 10:44:21.129037327 +08:00:00\n   Compiling equivalent v1.0.1\n   Compiling serde v1.0.215\n   Compiling hashbrown v0.15.2\n    Checking log v0.4.21\n   Compiling toml_datetime v0.6.8\n   Compiling winnow v0.6.20\n   Compiling proc-macro2 v1.0.92\n   Compiling indexmap v2.7.0\n   Compiling unicode-ident v1.0.14\n    Checking bitflags v2.6.0\n    Checking tock-registers v0.8.1\n   Compiling quote v1.0.37\n   Compiling toml_edit v0.22.22\n   Compiling syn v2.0.90\n   Compiling autocfg v1.4.0\n   Compiling lock_api v0.4.12\n    Checking cfg-if v1.0.0\n    Checking aarch64-cpu v9.4.0\n    Checking scopeguard v1.2.0\n   Compiling taskctx v0.1.0 (https://github.com/Starry-OS/taskctx.git#3c3ad2fb)\n    Checking memory_addr v0.1.0 (https://github.com/Starry-OS/memory_addr.git#a5be547a)\n    Checking spin v0.9.8\n    Checking numeric-enum-macro v0.2.0 (https://github.com/mexus/numeric-enum-macro#20aef288)\n    Checking static_assertions v1.1.0\n    Checking lazy_static v1.5.0\n   Compiling axerrno v0.1.0 (https://github.com/Starry-OS/axerrno.git#3e2372cd)\n   Compiling percpu v0.1.0 (https://github.com/Starry-OS/percpu.git#85e6d8a7)\n    Checking fdt v0.1.5\n    Checking arm_gic v0.1.0 (https://github.com/Starry-OS/arm_gic.git#b6dfcc32)\n    Checking of v0.1.0 (https://github.com/Starry-OS/of.git#45a65508)\n    Checking page_table_entry v0.1.0 (https://github.com/Starry-OS/page_table_entry.git#8a871b43)\n    Checking dw_apb_uart v0.1.0 (https://github.com/Starry-OS/dw_apb_uart.git#15d6fb0f)\n    Checking arm_pl011 v0.1.0 (https://github.com/Starry-OS/arm_pl011.git#cba8ce63)\n    Checking ratio v0.1.0 (https://github.com/Starry-OS/ratio.git#0c8da4c3)\n    Checking lazy_init v0.1.0 (https://github.com/Starry-OS/lazy_init.git#d0e87c05)\n    Checking either v1.13.0\n    Checking handler_table v0.1.0 (https://github.com/Starry-OS/handler_table.git#d6495e7d)\n   Compiling axconfig v0.1.0 (https://github.com/Starry-OS/axconfig.git#2a880338)\n   Compiling axconfig v0.1.0 (/home/runner/check/batch_1/Starry-OS/Starry-Old/modules/axconfig)\n    Checking byteorder v1.5.0\n    Checking axfs_vfs v0.1.0 (https://github.com/Starry-OS/axfs_vfs.git#cd00e108)\nerror[E0787]: the `asm!` macro is not allowed in naked functions\n   --> /home/runner/.cargo/git/checkouts/taskctx-38ebba1102c121c2/3c3ad2f/src/arch/aarch64.rs:86:5\n    |\n86  | /     asm!(\n87  | |         \"\n88  | |         // save old context (callee-saved registers)\n89  | |         stp     x29, x30, [x0, 12 * 8]\n...   |\n111 | |         options(noreturn),\n112 | |     )\n    | |_____^ consider using the `naked_asm!` macro instead\n\nFor more information about this error, try `rustc --explain E0787`.\nerror: could not compile `taskctx` (lib) due to 1 previous error\nwarning: build failed, waiting for other jobs to finish...\n02:44:28|RAP|ERROR|: Finished with non-zero exit code.\n"]}},{"file":"(virtual) semver-checks","count":1,"kinds":{"Cargo":["// pkg_name=axfs, checker=SemverChecks\n// toolchain=nightly-2024-05-02, target=aarch64-unknown-none\n// pkg_dir=/home/runner/check/batch_1/Starry-OS/Starry-Old/modules/axfs\n// cmd=cargo +nightly-2025-01-07-x86_64-unknown-linux-gnu semver-checks --target aarch64-unknown-none\n// timestamp=2025-01-10 10:30:21.697958783 +08:00:00\n    Building axfs v0.1.0 (current)\nerror: running cargo-doc on crate 'axfs' failed with output:\n-----\n    Checking log v0.4.22\n   Compiling serde v1.0.217\n   Compiling hashbrown v0.15.2\n   Compiling equivalent v1.0.1\nerror[E0463]: can't find crate for `core`\n  |\n  = note: the `aarch64-unknown-none` target may not be installed\n  = help: consider downloading the target with `rustup target add aarch64-unknown-none`\n  = help: consider building the standard library from source with `cargo build -Zbuild-std`\n\nFor more information about this error, try `rustc --explain E0463`.\nerror: could not compile `log` (lib) due to 1 previous error\nwarning: build failed, waiting for other jobs to finish...\n\n-----\n\nerror: failed to build rustdoc for crate axfs v0.1.0\nnote: this is usually due to a compilation error in the crate,\n      and is unlikely to be a bug in cargo-semver-checks\nnote: the following command can be used to reproduce the compilation error:\n      cargo new --lib example &&\n          cd example &&\n          echo '[workspace]' >> Cargo.toml &&\n          cargo add --path /home/runner/check/batch_1/Starry-OS/Starry-Old/modules/axfs --features another_ext4,default,devfs,ext4_rs,fatfs,lwext4_rust,monolithic,myfs,procfs,ramfs,sysfs,use-ramdisk &&\n          cargo check\n\nerror: aborting due to failure to build rustdoc for crate axfs v0.1.0\n"]}},{"file":"[outdated direct dependencies]","count":1,"kinds":{"Outdated":["pkg=axfs, checker=Outdated\ntoolchain=nightly-2024-05-02, target=aarch64-unknown-none\npkg_dir=/home/runner/check/batch_1/Starry-OS/Starry-Old/modules/axfs\ncmd=cargo +nightly-2025-01-07-x86_64-unknown-linux-gnu outdated -R --exit-code=2\ntimestamp=2025-01-10 11:25:30.155226389 +08:00:00\n\nName      Project  Compat  Latest  Kind    Platform\n----      -------  ------  ------  ----    --------\nbitflags  2.6.0    2.7.0   2.7.0   Normal  ---\nlog       0.4.21   0.4.22  0.4.22  Normal  ---\n"]}},{"file":"[semver checks]","count":1,"kinds":{"Semver Violation":["pkg=axfs, checker=SemverChecks\ntoolchain=nightly-2024-05-02, target=aarch64-unknown-none\npkg_dir=/home/runner/check/batch_1/Starry-OS/Starry-Old/modules/axfs\ncmd=cargo +nightly-2025-01-07-x86_64-unknown-linux-gnu semver-checks --target aarch64-unknown-none\ntimestamp=2025-01-10 10:30:28.703264391 +08:00:00\n\n\nstdout:\n\nstderr:\n    Building axfs v0.1.0 (current)\nerror: running cargo-doc on crate 'axfs' failed with output:\n-----\n    Checking log v0.4.22\n   Compiling serde v1.0.217\n   Compiling hashbrown v0.15.2\n   Compiling equivalent v1.0.1\nerror[E0463]: can't find crate for `core`\n  |\n  = note: the `aarch64-unknown-none` target may not be installed\n  = help: consider downloading the target with `rustup target add aarch64-unknown-none`\n  = help: consider building the standard library from source with `cargo build -Zbuild-std`\n\nFor more information about this error, try `rustc --explain E0463`.\nerror: could not compile `log` (lib) due to 1 previous error\nwarning: build failed, waiting for other jobs to finish...\n\n-----\n\nerror: failed to build rustdoc for crate axfs v0.1.0\nnote: this is usually due to a compilation error in the crate,\n      and is unlikely to be a bug in cargo-semver-checks\nnote: the following command can be used to reproduce the compilation error:\n      cargo new --lib example &&\n          cd example &&\n          echo '[workspace]' >> Cargo.toml &&\n          cargo add --path /home/runner/check/batch_1/Starry-OS/Starry-Old/modules/axfs --features another_ext4,default,devfs,ext4_rs,fatfs,lwext4_rust,monolithic,myfs,procfs,ramfs,sysfs,use-ramdisk &&\n          cargo check\n\nerror: aborting due to failure to build rustdoc for crate axfs v0.1.0\n"]}},{"file":"modules/axfs/src/api/file.rs","count":1,"kinds":{"Clippy(Warn)":["warning: you should consider adding a `Default` implementation for `OpenOptions`\n  --> modules/axfs/src/api/file.rs:29:5\n   |\n29 | /     pub const fn new() -> Self {\n30 | |         OpenOptions(fops::OpenOptions::new())\n31 | |     }\n   | |_____^\n   |\n   = help: for further information visit https://rust-lang.github.io/rust-clippy/master/index.html#new_without_default\n   = note: `#[warn(clippy::new_without_default)]` on by default\nhelp: try adding this\n   |\n27 + impl Default for OpenOptions {\n28 +     fn default() -> Self {\n29 +         Self::new()\n30 +     }\n31 + }\n   |\n\n"]}},{"file":"modules/axfs/src/fops.rs","count":1,"kinds":{"Clippy(Warn)":["warning: you should consider adding a `Default` implementation for `OpenOptions`\n  --> modules/axfs/src/fops.rs:55:5\n   |\n55 | /     pub const fn new() -> Self {\n56 | |         Self {\n57 | |             // generic\n58 | |             read: false,\n...  |\n67 | |         }\n68 | |     }\n   | |_____^\n   |\n   = help: for further information visit https://rust-lang.github.io/rust-clippy/master/index.html#new_without_default\nhelp: try adding this\n   |\n53 + impl Default for OpenOptions {\n54 +     fn default() -> Self {\n55 +         Self::new()\n56 +     }\n57 + }\n   |\n\n"]}}]},{"user":"Starry-OS","repo":"Starry-Old","pkg":"axprocess","count":9,"raw_reports":[{"file":"modules/axtask/src/task.rs","count":2,"kinds":{"Clippy(Warn)":["warning: unused import: `Ordering`\n  --> modules/axtask/src/task.rs:18:38\n   |\n18 | use core::sync::atomic::{AtomicBool, Ordering};\n   |                                      ^^^^^^^^\n   |\n   = note: `#[warn(unused_imports)]` on by default\n\n","warning: field `irq_state` is never read\n  --> modules/axtask/src/task.rs:46:5\n   |\n43 | pub struct ScheduleTask {\n   |            ------------ field in this struct\n...\n46 |     irq_state: AtomicBool,\n   |     ^^^^^^^^^\n\n"]}},{"file":"(virtual) lockbud","count":1,"kinds":{"Cargo":["// pkg_name=axprocess, checker=Lockbud\n// toolchain=nightly-2024-05-02, target=aarch64-unknown-none\n// pkg_dir=/home/runner/check/batch_1/Starry-OS/Starry-Old/modules/axprocess\n// cmd=cargo +nightly-2024-12-01 lockbud -k all -- --target aarch64-unknown-none\n// timestamp=2025-01-10 10:39:28.259346385 +08:00:00\n[2025-01-10T02:38:25Z WARN  lockbud::callbacks] [\n      {\n        \"AtomicityViolation\": {\n          \"bug_kind\": \"AtomicityViolation\",\n          \"possibility\": \"Possibly\",\n          \"diagnosis\": {\n            \"fn_name\": \"set_logger_racy\",\n            \"atomic_reader\": \"/home/runner/.cargo/registry/src/index.crates.io-6f17d22bba15001f/log-0.4.21/src/lib.rs:1408:11: 1408:39 (#0)\",\n            \"atomic_writer\": \"/home/runner/.cargo/registry/src/index.crates.io-6f17d22bba15001f/log-0.4.21/src/lib.rs:1411:13: 1411:55 (#0)\",\n            \"dep_kind\": \"Control\"\n          },\n          \"explanation\": \"atomic::store is data/control dependent on atomic::load\"\n        }\n      }\n    ]\n[2025-01-10T02:38:25Z WARN  lockbud::callbacks] crate log contains bugs: { probably: 0, possibly: 0 }, conflictlock: { probably: 0, possibly: 0 }, condvar_deadlock: { probably: 0, possibly: 0 }, atomicity_violation: { possibly: 1 }, invalid_free: { possibly: 0 }, use_after_free: { possibly: 0 }\n   Compiling taskctx v0.1.0 (https://github.com/Starry-OS/taskctx.git#3c3ad2fb)\n   Compiling axfs_devfs v0.1.0 (https://github.com/Starry-OS/axfs_devfs.git#4ca42206)\n   Compiling ahash v0.7.8\n   Compiling capability v0.1.0 (https://github.com/Starry-OS/capability.git#2c0f89a9)\n   Compiling axio v0.1.0 (https://github.com/Starry-OS/axio.git#010ddddb)\nerror[E0787]: the `asm!` macro is not allowed in naked functions\n   --> /home/runner/.cargo/git/checkouts/taskctx-38ebba1102c121c2/3c3ad2f/src/arch/aarch64.rs:86:5\n    |\n86  | /     asm!(\n87  | |         \"\n88  | |         // save old context (callee-saved registers)\n89  | |         stp     x29, x30, [x0, 12 * 8]\n...   |\n111 | |         options(noreturn),\n112 | |     )\n    | |_____^ consider using the `naked_asm!` macro instead\n\nFor more information about this error, try `rustc --explain E0787`.\nerror: could not compile `taskctx` (lib) due to 1 previous error\nwarning: build failed, waiting for other jobs to finish...\n"]}},{"file":"(virtual) rapx","count":1,"kinds":{"Cargo":["// pkg_name=axprocess, checker=Rapx\n// toolchain=nightly-2024-05-02, target=aarch64-unknown-none\n// pkg_dir=/home/runner/check/batch_1/Starry-OS/Starry-Old/modules/axprocess\n// cmd=cargo +nightly-2024-10-12 rapx -F -M -- --target aarch64-unknown-none\n// timestamp=2025-01-10 10:47:48.094980989 +08:00:00\n    Checking log v0.4.21\n   Compiling proc-macro2 v1.0.92\n   Compiling serde v1.0.215\n   Compiling hashbrown v0.15.2\n   Compiling equivalent v1.0.1\n   Compiling unicode-ident v1.0.14\n   Compiling toml_datetime v0.6.8\n   Compiling winnow v0.6.20\n   Compiling indexmap v2.7.0\n   Compiling quote v1.0.37\n    Checking tock-registers v0.8.1\n    Checking cfg-if v1.0.0\n    Checking bitflags v2.6.0\n    Checking aarch64-cpu v9.4.0\n   Compiling syn v2.0.90\n   Compiling toml_edit v0.22.22\n   Compiling axerrno v0.1.0 (https://github.com/Starry-OS/axerrno.git#3e2372cd)\n    Checking memory_addr v0.1.0 (https://github.com/Starry-OS/memory_addr.git#a5be547a)\n   Compiling autocfg v1.4.0\n   Compiling taskctx v0.1.0 (https://github.com/Starry-OS/taskctx.git#3c3ad2fb)\n   Compiling lock_api v0.4.12\n    Checking numeric-enum-macro v0.2.0 (https://github.com/mexus/numeric-enum-macro#20aef288)\n    Checking static_assertions v1.1.0\n   Compiling syn v1.0.109\n    Checking scopeguard v1.2.0\n    Checking spin v0.9.8\n   Compiling unicode-width v0.1.14\n    Checking bit_field v0.10.2\n   Compiling base64 v0.13.1\n    Checking const-default v1.0.0\n    Checking bitmap-allocator v0.1.0 (https://github.com/rcore-os/bitmap-allocator.git?rev=88e871a#88e871a5)\n    Checking lazy_static v1.5.0\n   Compiling axconfig v0.1.0 (https://github.com/Starry-OS/axconfig.git#2a880338)\n   Compiling axconfig v0.1.0 (/home/runner/check/batch_1/Starry-OS/Starry-Old/modules/axconfig)\nerror[E0787]: the `asm!` macro is not allowed in naked functions\n   --> /home/runner/.cargo/git/checkouts/taskctx-38ebba1102c121c2/3c3ad2f/src/arch/aarch64.rs:86:5\n    |\n86  | /     asm!(\n87  | |         \"\n88  | |         // save old context (callee-saved registers)\n89  | |         stp     x29, x30, [x0, 12 * 8]\n...   |\n111 | |         options(noreturn),\n112 | |     )\n    | |_____^ consider using the `naked_asm!` macro instead\n\nFor more information about this error, try `rustc --explain E0787`.\nerror: could not compile `taskctx` (lib) due to 1 previous error\nwarning: build failed, waiting for other jobs to finish...\n02:47:55|RAP|ERROR|: Finished with non-zero exit code.\n"]}},{"file":"(virtual) semver-checks","count":1,"kinds":{"Cargo":["// pkg_name=axprocess, checker=SemverChecks\n// toolchain=nightly-2024-05-02, target=aarch64-unknown-none\n// pkg_dir=/home/runner/check/batch_1/Starry-OS/Starry-Old/modules/axprocess\n// cmd=cargo +nightly-2025-01-07-x86_64-unknown-linux-gnu semver-checks --target aarch64-unknown-none\n// timestamp=2025-01-10 10:33:40.430602927 +08:00:00\n    Building axprocess v0.1.0 (current)\nerror: running cargo-doc on crate 'axprocess' failed with output:\n-----\n   Compiling proc-macro2 v1.0.92\n    Checking log v0.4.22\n   Compiling equivalent v1.0.1\n   Compiling hashbrown v0.15.2\nerror[E0463]: can't find crate for `core`\n  |\n  = note: the `aarch64-unknown-none` target may not be installed\n  = help: consider downloading the target with `rustup target add aarch64-unknown-none`\n  = help: consider building the standard library from source with `cargo build -Zbuild-std`\n\nFor more information about this error, try `rustc --explain E0463`.\nerror: could not compile `log` (lib) due to 1 previous error\nwarning: build failed, waiting for other jobs to finish...\n\n-----\n\nerror: failed to build rustdoc for crate axprocess v0.1.0\nnote: this is usually due to a compilation error in the crate,\n      and is unlikely to be a bug in cargo-semver-checks\nnote: the following command can be used to reproduce the compilation error:\n      cargo new --lib example &&\n          cd example &&\n          echo '[workspace]' >> Cargo.toml &&\n          cargo add --path /home/runner/check/batch_1/Starry-OS/Starry-Old/modules/axprocess --features axfs,default,fs,monolithic &&\n          cargo check\n\nerror: aborting due to failure to build rustdoc for crate axprocess v0.1.0\n"]}},{"file":"[outdated direct dependencies]","count":1,"kinds":{"Outdated":["pkg=axprocess, checker=Outdated\ntoolchain=nightly-2024-05-02, target=aarch64-unknown-none\npkg_dir=/home/runner/check/batch_1/Starry-OS/Starry-Old/modules/axprocess\ncmd=cargo +nightly-2025-01-07-x86_64-unknown-linux-gnu outdated -R --exit-code=2\ntimestamp=2025-01-10 11:43:27.856385624 +08:00:00\n\nName      Project  Compat  Latest  Kind    Platform\n----      -------  ------  ------  ----    --------\nbitflags  2.6.0    2.7.0   2.7.0   Normal  ---\nriscv     0.10.1   ---     0.12.1  Normal  ---\n"]}},{"file":"[semver checks]","count":1,"kinds":{"Semver Violation":["pkg=axprocess, checker=SemverChecks\ntoolchain=nightly-2024-05-02, target=aarch64-unknown-none\npkg_dir=/home/runner/check/batch_1/Starry-OS/Starry-Old/modules/axprocess\ncmd=cargo +nightly-2025-01-07-x86_64-unknown-linux-gnu semver-checks --target aarch64-unknown-none\ntimestamp=2025-01-10 10:33:48.292985654 +08:00:00\n\n\nstdout:\n\nstderr:\n    Building axprocess v0.1.0 (current)\nerror: running cargo-doc on crate 'axprocess' failed with output:\n-----\n   Compiling proc-macro2 v1.0.92\n    Checking log v0.4.22\n   Compiling equivalent v1.0.1\n   Compiling hashbrown v0.15.2\nerror[E0463]: can't find crate for `core`\n  |\n  = note: the `aarch64-unknown-none` target may not be installed\n  = help: consider downloading the target with `rustup target add aarch64-unknown-none`\n  = help: consider building the standard library from source with `cargo build -Zbuild-std`\n\nFor more information about this error, try `rustc --explain E0463`.\nerror: could not compile `log` (lib) due to 1 previous error\nwarning: build failed, waiting for other jobs to finish...\n\n-----\n\nerror: failed to build rustdoc for crate axprocess v0.1.0\nnote: this is usually due to a compilation error in the crate,\n      and is unlikely to be a bug in cargo-semver-checks\nnote: the following command can be used to reproduce the compilation error:\n      cargo new --lib example &&\n          cd example &&\n          echo '[workspace]' >> Cargo.toml &&\n          cargo add --path /home/runner/check/batch_1/Starry-OS/Starry-Old/modules/axprocess --features axfs,default,fs,monolithic &&\n          cargo check\n\nerror: aborting due to failure to build rustdoc for crate axprocess v0.1.0\n"]}},{"file":"modules/axprocess/src/process.rs","count":1,"kinds":{"Clippy(Warn)":["warning: this function has too many arguments (8/7)\n   --> modules/axprocess/src/process.rs:195:5\n    |\n195 | /     pub fn new(\n196 | |         pid: u64,\n197 | |         stack_size: u64,\n198 | |         parent: u64,\n...   |\n203 | |         fd_table: FdTable,\n204 | |     ) -> Self {\n    | |_____________^\n    |\n    = help: for further information visit https://rust-lang.github.io/rust-clippy/master/index.html#too_many_arguments\n    = note: `#[warn(clippy::too_many_arguments)]` on by default\n\n"]}},{"file":"modules/axtask/src/processor.rs","count":1,"kinds":{"Clippy(Warn)":["warning: method `task_tick` is never used\n   --> modules/axtask/src/processor.rs:126:19\n    |\n43  | impl Processor {\n    | -------------- method in this implementation\n...\n126 |     pub(crate) fn task_tick(&self, task: &AxTaskRef) -> bool {\n    |                   ^^^^^^^^^\n    |\n    = note: `#[warn(dead_code)]` on by default\n\n"]}}]},{"user":"Starry-OS","repo":"Starry-Old","pkg":"linux_syscall_api","count":9,"raw_reports":[{"file":"api/linux_syscall_api/src/syscall_fs/imp/ctl.rs","count":2,"kinds":{"Clippy(Warn)":["warning: assigning the result of `Clone::clone()` may be inefficient\n   --> api/linux_syscall_api/src/syscall_fs/imp/ctl.rs:377:13\n    |\n377 |             fd_table[new_fd] = fd_table[fd].clone();\n    |             ^^^^^^^^^^^^^^^^^^^^^^^^^^^^^^^^^^^^^^^ help: use `clone_from()`: `fd_table[new_fd].clone_from(&fd_table[fd])`\n    |\n    = help: for further information visit https://rust-lang.github.io/rust-clippy/master/index.html#assigning_clones\n    = note: `#[warn(clippy::assigning_clones)]` on by default\n\n","warning: assigning the result of `Clone::clone()` may be inefficient\n   --> api/linux_syscall_api/src/syscall_fs/imp/ctl.rs:413:17\n    |\n413 |                 fd_table[new_fd] = fd_table[fd].clone();\n    |                 ^^^^^^^^^^^^^^^^^^^^^^^^^^^^^^^^^^^^^^^ help: use `clone_from()`: `fd_table[new_fd].clone_from(&fd_table[fd])`\n    |\n    = help: for further information visit https://rust-lang.github.io/rust-clippy/master/index.html#assigning_clones\n\n"]}},{"file":"api/linux_syscall_api/src/syscall_fs/imp/io.rs","count":2,"kinds":{"Clippy(Warn)":["warning: assigning the result of `Clone::clone()` may be inefficient\n   --> api/linux_syscall_api/src/syscall_fs/imp/io.rs:288:5\n    |\n288 |     fd_table[new_fd] = fd_table[fd].clone();\n    |     ^^^^^^^^^^^^^^^^^^^^^^^^^^^^^^^^^^^^^^^ help: use `clone_from()`: `fd_table[new_fd].clone_from(&fd_table[fd])`\n    |\n    = help: for further information visit https://rust-lang.github.io/rust-clippy/master/index.html#assigning_clones\n\n","warning: assigning the result of `Clone::clone()` may be inefficient\n   --> api/linux_syscall_api/src/syscall_fs/imp/io.rs:365:5\n    |\n365 |     fd_table[new_fd] = fd_table[fd].clone();\n    |     ^^^^^^^^^^^^^^^^^^^^^^^^^^^^^^^^^^^^^^^ help: use `clone_from()`: `fd_table[new_fd].clone_from(&fd_table[fd])`\n    |\n    = help: for further information visit https://rust-lang.github.io/rust-clippy/master/index.html#assigning_clones\n\n"]}},{"file":"(virtual) lockbud","count":1,"kinds":{"Cargo":["// pkg_name=linux_syscall_api, checker=Lockbud\n// toolchain=nightly-2024-05-02, target=aarch64-unknown-none\n// pkg_dir=/home/runner/check/batch_1/Starry-OS/Starry-Old/api/linux_syscall_api\n// cmd=cargo +nightly-2024-12-01 lockbud -k all -- --target aarch64-unknown-none\n// timestamp=2025-01-10 10:39:48.810523104 +08:00:00\n[2025-01-10T02:38:25Z WARN  lockbud::callbacks] [\n      {\n        \"AtomicityViolation\": {\n          \"bug_kind\": \"AtomicityViolation\",\n          \"possibility\": \"Possibly\",\n          \"diagnosis\": {\n            \"fn_name\": \"set_logger_racy\",\n            \"atomic_reader\": \"/home/runner/.cargo/registry/src/index.crates.io-6f17d22bba15001f/log-0.4.21/src/lib.rs:1408:11: 1408:39 (#0)\",\n            \"atomic_writer\": \"/home/runner/.cargo/registry/src/index.crates.io-6f17d22bba15001f/log-0.4.21/src/lib.rs:1411:13: 1411:55 (#0)\",\n            \"dep_kind\": \"Control\"\n          },\n          \"explanation\": \"atomic::store is data/control dependent on atomic::load\"\n        }\n      }\n    ]\n[2025-01-10T02:38:25Z WARN  lockbud::callbacks] crate log contains bugs: { probably: 0, possibly: 0 }, conflictlock: { probably: 0, possibly: 0 }, condvar_deadlock: { probably: 0, possibly: 0 }, atomicity_violation: { possibly: 1 }, invalid_free: { possibly: 0 }, use_after_free: { possibly: 0 }\n   Compiling taskctx v0.1.0 (https://github.com/Starry-OS/taskctx.git#3c3ad2fb)\n   Compiling axhal v0.1.0 (/home/runner/check/batch_1/Starry-OS/Starry-Old/modules/axhal)\n   Compiling axdriver v0.1.0 (/home/runner/check/batch_1/Starry-OS/Starry-Old/modules/axdriver)\n   Compiling driver_virtio v0.1.0 (https://github.com/Starry-OS/driver_virtio.git#a223bf1e)\n   Compiling zero v0.1.3\nerror[E0787]: the `asm!` macro is not allowed in naked functions\n   --> /home/runner/.cargo/git/checkouts/taskctx-38ebba1102c121c2/3c3ad2f/src/arch/aarch64.rs:86:5\n    |\n86  | /     asm!(\n87  | |         \"\n88  | |         // save old context (callee-saved registers)\n89  | |         stp     x29, x30, [x0, 12 * 8]\n...   |\n111 | |         options(noreturn),\n112 | |     )\n    | |_____^ consider using the `naked_asm!` macro instead\n\n   Compiling void v1.0.2\n   Compiling once_cell v1.20.2\nFor more information about this error, try `rustc --explain E0787`.\nerror: could not compile `taskctx` (lib) due to 1 previous error\nwarning: build failed, waiting for other jobs to finish...\n"]}},{"file":"(virtual) rapx","count":1,"kinds":{"Cargo":["// pkg_name=linux_syscall_api, checker=Rapx\n// toolchain=nightly-2024-05-02, target=aarch64-unknown-none\n// pkg_dir=/home/runner/check/batch_1/Starry-OS/Starry-Old/api/linux_syscall_api\n// cmd=cargo +nightly-2024-10-12 rapx -F -M -- --target aarch64-unknown-none\n// timestamp=2025-01-10 10:51:45.975089279 +08:00:00\n    Checking log v0.4.21\n   Compiling proc-macro2 v1.0.92\n   Compiling unicode-ident v1.0.14\n   Compiling equivalent v1.0.1\n   Compiling hashbrown v0.15.2\n   Compiling serde v1.0.215\n   Compiling winnow v0.6.20\n   Compiling toml_datetime v0.6.8\n   Compiling indexmap v2.7.0\n   Compiling quote v1.0.37\n    Checking tock-registers v0.8.1\n    Checking cfg-if v1.0.0\n    Checking bitflags v2.6.0\n    Checking aarch64-cpu v9.4.0\n   Compiling toml_edit v0.22.22\n   Compiling syn v2.0.90\n   Compiling autocfg v1.4.0\n   Compiling axerrno v0.1.0 (https://github.com/Starry-OS/axerrno.git#3e2372cd)\n    Checking memory_addr v0.1.0 (https://github.com/Starry-OS/memory_addr.git#a5be547a)\n   Compiling lock_api v0.4.12\n   Compiling syn v1.0.109\n    Checking scopeguard v1.2.0\n   Compiling taskctx v0.1.0 (https://github.com/Starry-OS/taskctx.git#3c3ad2fb)\n    Checking static_assertions v1.1.0\n    Checking numeric-enum-macro v0.2.0 (https://github.com/mexus/numeric-enum-macro#20aef288)\n    Checking spin v0.9.8\n    Checking bit_field v0.10.2\n   Compiling base64 v0.13.1\n   Compiling unicode-width v0.1.14\n   Compiling axconfig v0.1.0 (https://github.com/Starry-OS/axconfig.git#2a880338)\n   Compiling axconfig v0.1.0 (/home/runner/check/batch_1/Starry-OS/Starry-Old/modules/axconfig)\n    Checking const-default v1.0.0\nerror[E0787]: the `asm!` macro is not allowed in naked functions\n   --> /home/runner/.cargo/git/checkouts/taskctx-38ebba1102c121c2/3c3ad2f/src/arch/aarch64.rs:86:5\n    |\n86  | /     asm!(\n87  | |         \"\n88  | |         // save old context (callee-saved registers)\n89  | |         stp     x29, x30, [x0, 12 * 8]\n...   |\n111 | |         options(noreturn),\n112 | |     )\n    | |_____^ consider using the `naked_asm!` macro instead\n\nFor more information about this error, try `rustc --explain E0787`.\nerror: could not compile `taskctx` (lib) due to 1 previous error\nwarning: build failed, waiting for other jobs to finish...\n02:51:53|RAP|ERROR|: Finished with non-zero exit code.\n"]}},{"file":"(virtual) semver-checks","count":1,"kinds":{"Cargo":["// pkg_name=linux_syscall_api, checker=SemverChecks\n// toolchain=nightly-2024-05-02, target=aarch64-unknown-none\n// pkg_dir=/home/runner/check/batch_1/Starry-OS/Starry-Old/api/linux_syscall_api\n// cmd=cargo +nightly-2025-01-07-x86_64-unknown-linux-gnu semver-checks --target aarch64-unknown-none\n// timestamp=2025-01-10 10:37:49.761148434 +08:00:00\n    Building linux_syscall_api v0.1.0 (current)\nerror: running cargo-doc on crate 'linux_syscall_api' failed with output:\n-----\n    Checking log v0.4.22\n   Compiling proc-macro2 v1.0.92\n   Compiling unicode-ident v1.0.14\n   Compiling serde v1.0.217\nerror[E0463]: can't find crate for `core`\n  |\n  = note: the `aarch64-unknown-none` target may not be installed\n  = help: consider downloading the target with `rustup target add aarch64-unknown-none`\n  = help: consider building the standard library from source with `cargo build -Zbuild-std`\n\nFor more information about this error, try `rustc --explain E0463`.\nerror: could not compile `log` (lib) due to 1 previous error\nwarning: build failed, waiting for other jobs to finish...\n\n-----\n\nerror: failed to build rustdoc for crate linux_syscall_api v0.1.0\nnote: this is usually due to a compilation error in the crate,\n      and is unlikely to be a bug in cargo-semver-checks\nnote: the following command can be used to reproduce the compilation error:\n      cargo new --lib example &&\n          cd example &&\n          echo '[workspace]' >> Cargo.toml &&\n          cargo add --path /home/runner/check/batch_1/Starry-OS/Starry-Old/api/linux_syscall_api --features default,fs,ip,irq,monolithic,multitask,net,paging &&\n          cargo check\n\nerror: aborting due to failure to build rustdoc for crate linux_syscall_api v0.1.0\n"]}},{"file":"[outdated direct dependencies]","count":1,"kinds":{"Outdated":["pkg=linux_syscall_api, checker=Outdated\ntoolchain=nightly-2024-05-02, target=aarch64-unknown-none\npkg_dir=/home/runner/check/batch_1/Starry-OS/Starry-Old/api/linux_syscall_api\ncmd=cargo +nightly-2025-01-07-x86_64-unknown-linux-gnu outdated -R --exit-code=2\ntimestamp=2025-01-10 12:04:01.060006631 +08:00:00\n\nName      Project  Compat  Latest  Kind    Platform\n----      -------  ------  ------  ----    --------\nbitflags  2.6.0    2.7.0   2.7.0   Normal  ---\nnum_enum  0.5.11   ---     0.7.3   Normal  ---\n"]}},{"file":"[semver checks]","count":1,"kinds":{"Semver Violation":["pkg=linux_syscall_api, checker=SemverChecks\ntoolchain=nightly-2024-05-02, target=aarch64-unknown-none\npkg_dir=/home/runner/check/batch_1/Starry-OS/Starry-Old/api/linux_syscall_api\ncmd=cargo +nightly-2025-01-07-x86_64-unknown-linux-gnu semver-checks --target aarch64-unknown-none\ntimestamp=2025-01-10 10:37:57.814282621 +08:00:00\n\n\nstdout:\n\nstderr:\n    Building linux_syscall_api v0.1.0 (current)\nerror: running cargo-doc on crate 'linux_syscall_api' failed with output:\n-----\n    Checking log v0.4.22\n   Compiling proc-macro2 v1.0.92\n   Compiling unicode-ident v1.0.14\n   Compiling serde v1.0.217\nerror[E0463]: can't find crate for `core`\n  |\n  = note: the `aarch64-unknown-none` target may not be installed\n  = help: consider downloading the target with `rustup target add aarch64-unknown-none`\n  = help: consider building the standard library from source with `cargo build -Zbuild-std`\n\nFor more information about this error, try `rustc --explain E0463`.\nerror: could not compile `log` (lib) due to 1 previous error\nwarning: build failed, waiting for other jobs to finish...\n\n-----\n\nerror: failed to build rustdoc for crate linux_syscall_api v0.1.0\nnote: this is usually due to a compilation error in the crate,\n      and is unlikely to be a bug in cargo-semver-checks\nnote: the following command can be used to reproduce the compilation error:\n      cargo new --lib example &&\n          cd example &&\n          echo '[workspace]' >> Cargo.toml &&\n          cargo add --path /home/runner/check/batch_1/Starry-OS/Starry-Old/api/linux_syscall_api --features default,fs,ip,irq,monolithic,multitask,net,paging &&\n          cargo check\n\nerror: aborting due to failure to build rustdoc for crate linux_syscall_api v0.1.0\n"]}}]},{"user":"Starry-OS","repo":"Starry-Old","pkg":"axfutex","count":8,"raw_reports":[{"file":"modules/axtask/src/task.rs","count":2,"kinds":{"Clippy(Warn)":["warning: unused import: `Ordering`\n  --> modules/axtask/src/task.rs:18:38\n   |\n18 | use core::sync::atomic::{AtomicBool, Ordering};\n   |                                      ^^^^^^^^\n   |\n   = note: `#[warn(unused_imports)]` on by default\n\n","warning: field `irq_state` is never read\n  --> modules/axtask/src/task.rs:46:5\n   |\n43 | pub struct ScheduleTask {\n   |            ------------ field in this struct\n...\n46 |     irq_state: AtomicBool,\n   |     ^^^^^^^^^\n\n"]}},{"file":"(virtual) lockbud","count":1,"kinds":{"Cargo":["// pkg_name=axfutex, checker=Lockbud\n// toolchain=nightly-2024-05-02, target=aarch64-unknown-none\n// pkg_dir=/home/runner/check/batch_1/Starry-OS/Starry-Old/modules/axfutex\n// cmd=cargo +nightly-2024-12-01 lockbud -k all -- --target aarch64-unknown-none\n// timestamp=2025-01-10 10:39:11.858278303 +08:00:00\n[2025-01-10T02:38:25Z WARN  lockbud::callbacks] [\n      {\n        \"AtomicityViolation\": {\n          \"bug_kind\": \"AtomicityViolation\",\n          \"possibility\": \"Possibly\",\n          \"diagnosis\": {\n            \"fn_name\": \"set_logger_racy\",\n            \"atomic_reader\": \"/home/runner/.cargo/registry/src/index.crates.io-6f17d22bba15001f/log-0.4.21/src/lib.rs:1408:11: 1408:39 (#0)\",\n            \"atomic_writer\": \"/home/runner/.cargo/registry/src/index.crates.io-6f17d22bba15001f/log-0.4.21/src/lib.rs:1411:13: 1411:55 (#0)\",\n            \"dep_kind\": \"Control\"\n          },\n          \"explanation\": \"atomic::store is data/control dependent on atomic::load\"\n        }\n      }\n    ]\n[2025-01-10T02:38:25Z WARN  lockbud::callbacks] crate log contains bugs: { probably: 0, possibly: 0 }, conflictlock: { probably: 0, possibly: 0 }, condvar_deadlock: { probably: 0, possibly: 0 }, atomicity_violation: { possibly: 1 }, invalid_free: { possibly: 0 }, use_after_free: { possibly: 0 }\n   Compiling taskctx v0.1.0 (https://github.com/Starry-OS/taskctx.git#3c3ad2fb)\n   Compiling allocator v0.1.0 (https://github.com/Starry-OS/allocator.git#7c9f5b83)\n   Compiling axhal v0.1.0 (/home/runner/check/batch_1/Starry-OS/Starry-Old/modules/axhal)\n   Compiling page_table v0.1.0 (https://github.com/Starry-OS/page_table.git#f183d542)\n   Compiling axfs_ramfs v0.1.0 (https://github.com/Starry-OS/axfs_ramfs.git#9d217ede)\n   Compiling version_check v0.9.5\n   Compiling scheduler v0.1.0 (https://github.com/Starry-OS/scheduler.git#036a0299)\n   Compiling timer_list v0.1.0 (https://github.com/Starry-OS/timer_list.git#1dc25aad)\nerror[E0787]: the `asm!` macro is not allowed in naked functions\n   --> /home/runner/.cargo/git/checkouts/taskctx-38ebba1102c121c2/3c3ad2f/src/arch/aarch64.rs:86:5\n    |\n86  | /     asm!(\n87  | |         \"\n88  | |         // save old context (callee-saved registers)\n89  | |         stp     x29, x30, [x0, 12 * 8]\n...   |\n111 | |         options(noreturn),\n112 | |     )\n    | |_____^ consider using the `naked_asm!` macro instead\n\n   Compiling driver_common v0.1.0 (https://github.com/Starry-OS/driver_common.git#6f1d6712)\nFor more information about this error, try `rustc --explain E0787`.\n   Compiling axdriver v0.1.0 (/home/runner/check/batch_1/Starry-OS/Starry-Old/modules/axdriver)\n   Compiling driver_block v0.1.0 (https://github.com/Starry-OS/driver_block.git#077ab12e)\nerror: could not compile `taskctx` (lib) due to 1 previous error\nwarning: build failed, waiting for other jobs to finish...\n"]}},{"file":"(virtual) rapx","count":1,"kinds":{"Cargo":["// pkg_name=axfutex, checker=Rapx\n// toolchain=nightly-2024-05-02, target=aarch64-unknown-none\n// pkg_dir=/home/runner/check/batch_1/Starry-OS/Starry-Old/modules/axfutex\n// cmd=cargo +nightly-2024-10-12 rapx -F -M -- --target aarch64-unknown-none\n// timestamp=2025-01-10 10:44:51.126130003 +08:00:00\n   Compiling proc-macro2 v1.0.92\n   Compiling equivalent v1.0.1\n   Compiling hashbrown v0.15.2\n    Checking log v0.4.21\n   Compiling serde v1.0.215\n   Compiling toml_datetime v0.6.8\n   Compiling unicode-ident v1.0.14\n   Compiling winnow v0.6.20\n   Compiling indexmap v2.7.0\n   Compiling quote v1.0.37\n    Checking tock-registers v0.8.1\n    Checking cfg-if v1.0.0\n    Checking bitflags v2.6.0\n    Checking aarch64-cpu v9.4.0\n   Compiling syn v2.0.90\n   Compiling toml_edit v0.22.22\n    Checking memory_addr v0.1.0 (https://github.com/Starry-OS/memory_addr.git#a5be547a)\n   Compiling autocfg v1.4.0\n   Compiling axerrno v0.1.0 (https://github.com/Starry-OS/axerrno.git#3e2372cd)\n   Compiling lock_api v0.4.12\n   Compiling taskctx v0.1.0 (https://github.com/Starry-OS/taskctx.git#3c3ad2fb)\n    Checking scopeguard v1.2.0\n    Checking numeric-enum-macro v0.2.0 (https://github.com/mexus/numeric-enum-macro#20aef288)\n   Compiling syn v1.0.109\n    Checking static_assertions v1.1.0\n    Checking spin v0.9.8\n   Compiling unicode-width v0.1.14\n   Compiling base64 v0.13.1\n    Checking bit_field v0.10.2\n    Checking const-default v1.0.0\n    Checking bitmap-allocator v0.1.0 (https://github.com/rcore-os/bitmap-allocator.git?rev=88e871a#88e871a5)\n    Checking lazy_static v1.5.0\n   Compiling axconfig v0.1.0 (https://github.com/Starry-OS/axconfig.git#2a880338)\n   Compiling axconfig v0.1.0 (/home/runner/check/batch_1/Starry-OS/Starry-Old/modules/axconfig)\nerror[E0787]: the `asm!` macro is not allowed in naked functions\n   --> /home/runner/.cargo/git/checkouts/taskctx-38ebba1102c121c2/3c3ad2f/src/arch/aarch64.rs:86:5\n    |\n86  | /     asm!(\n87  | |         \"\n88  | |         // save old context (callee-saved registers)\n89  | |         stp     x29, x30, [x0, 12 * 8]\n...   |\n111 | |         options(noreturn),\n112 | |     )\n    | |_____^ consider using the `naked_asm!` macro instead\n\nFor more information about this error, try `rustc --explain E0787`.\nerror: could not compile `taskctx` (lib) due to 1 previous error\nwarning: build failed, waiting for other jobs to finish...\n02:44:58|RAP|ERROR|: Finished with non-zero exit code.\n"]}},{"file":"(virtual) semver-checks","count":1,"kinds":{"Cargo":["// pkg_name=axfutex, checker=SemverChecks\n// toolchain=nightly-2024-05-02, target=aarch64-unknown-none\n// pkg_dir=/home/runner/check/batch_1/Starry-OS/Starry-Old/modules/axfutex\n// cmd=cargo +nightly-2025-01-07-x86_64-unknown-linux-gnu semver-checks --target aarch64-unknown-none\n// timestamp=2025-01-10 10:30:52.10055031 +08:00:00\n    Building axfutex v0.1.0 (current)\nerror: running cargo-doc on crate 'axfutex' failed with output:\n-----\n   Compiling proc-macro2 v1.0.92\n   Compiling equivalent v1.0.1\n    Checking log v0.4.22\n   Compiling serde v1.0.217\nerror[E0463]: can't find crate for `core`\n  |\n  = note: the `aarch64-unknown-none` target may not be installed\n  = help: consider downloading the target with `rustup target add aarch64-unknown-none`\n  = help: consider building the standard library from source with `cargo build -Zbuild-std`\n\nFor more information about this error, try `rustc --explain E0463`.\nerror: could not compile `log` (lib) due to 1 previous error\nwarning: build failed, waiting for other jobs to finish...\n\n-----\n\nerror: failed to build rustdoc for crate axfutex v0.1.0\nnote: this is usually due to a compilation error in the crate,\n      and is unlikely to be a bug in cargo-semver-checks\nnote: the following command can be used to reproduce the compilation error:\n      cargo new --lib example &&\n          cd example &&\n          echo '[workspace]' >> Cargo.toml &&\n          cargo add --path /home/runner/check/batch_1/Starry-OS/Starry-Old/modules/axfutex --features axfs,default,fs,monolithic &&\n          cargo check\n\nerror: aborting due to failure to build rustdoc for crate axfutex v0.1.0\n"]}},{"file":"[outdated direct dependencies]","count":1,"kinds":{"Outdated":["pkg=axfutex, checker=Outdated\ntoolchain=nightly-2024-05-02, target=aarch64-unknown-none\npkg_dir=/home/runner/check/batch_1/Starry-OS/Starry-Old/modules/axfutex\ncmd=cargo +nightly-2025-01-07-x86_64-unknown-linux-gnu outdated -R --exit-code=2\ntimestamp=2025-01-10 11:28:04.489666622 +08:00:00\n\nName       Project  Compat  Latest  Kind    Platform\n----       -------  ------  ------  ----    --------\nbitflags   2.6.0    2.7.0   2.7.0   Normal  ---\nhashbrown  0.11.2   ---     0.15.2  Normal  ---\nlog        0.4.21   0.4.22  0.4.22  Normal  ---\n"]}},{"file":"[semver checks]","count":1,"kinds":{"Semver Violation":["pkg=axfutex, checker=SemverChecks\ntoolchain=nightly-2024-05-02, target=aarch64-unknown-none\npkg_dir=/home/runner/check/batch_1/Starry-OS/Starry-Old/modules/axfutex\ncmd=cargo +nightly-2025-01-07-x86_64-unknown-linux-gnu semver-checks --target aarch64-unknown-none\ntimestamp=2025-01-10 10:30:59.572178429 +08:00:00\n\n\nstdout:\n\nstderr:\n    Building axfutex v0.1.0 (current)\nerror: running cargo-doc on crate 'axfutex' failed with output:\n-----\n   Compiling proc-macro2 v1.0.92\n   Compiling equivalent v1.0.1\n    Checking log v0.4.22\n   Compiling serde v1.0.217\nerror[E0463]: can't find crate for `core`\n  |\n  = note: the `aarch64-unknown-none` target may not be installed\n  = help: consider downloading the target with `rustup target add aarch64-unknown-none`\n  = help: consider building the standard library from source with `cargo build -Zbuild-std`\n\nFor more information about this error, try `rustc --explain E0463`.\nerror: could not compile `log` (lib) due to 1 previous error\nwarning: build failed, waiting for other jobs to finish...\n\n-----\n\nerror: failed to build rustdoc for crate axfutex v0.1.0\nnote: this is usually due to a compilation error in the crate,\n      and is unlikely to be a bug in cargo-semver-checks\nnote: the following command can be used to reproduce the compilation error:\n      cargo new --lib example &&\n          cd example &&\n          echo '[workspace]' >> Cargo.toml &&\n          cargo add --path /home/runner/check/batch_1/Starry-OS/Starry-Old/modules/axfutex --features axfs,default,fs,monolithic &&\n          cargo check\n\nerror: aborting due to failure to build rustdoc for crate axfutex v0.1.0\n"]}},{"file":"modules/axtask/src/processor.rs","count":1,"kinds":{"Clippy(Warn)":["warning: method `task_tick` is never used\n   --> modules/axtask/src/processor.rs:126:19\n    |\n43  | impl Processor {\n    | -------------- method in this implementation\n...\n126 |     pub(crate) fn task_tick(&self, task: &AxTaskRef) -> bool {\n    |                   ^^^^^^^^^\n    |\n    = note: `#[warn(dead_code)]` on by default\n\n"]}}]},{"user":"Starry-OS","repo":"Starry-Old","pkg":"arceos_posix_api","count":5,"raw_reports":[{"file":"(virtual) lockbud","count":1,"kinds":{"Cargo":["// pkg_name=arceos_posix_api, checker=Lockbud\n// toolchain=nightly-2024-05-02, target=aarch64-unknown-none\n// pkg_dir=/home/runner/check/batch_1/Starry-OS/Starry-Old/api/arceos_posix_api\n// cmd=cargo +nightly-2024-12-01 lockbud -k all -- --target aarch64-unknown-none\n// timestamp=2025-01-10 10:38:50.492939629 +08:00:00\n[2025-01-10T02:38:25Z WARN  lockbud::callbacks] [\n      {\n        \"AtomicityViolation\": {\n          \"bug_kind\": \"AtomicityViolation\",\n          \"possibility\": \"Possibly\",\n          \"diagnosis\": {\n            \"fn_name\": \"set_logger_racy\",\n            \"atomic_reader\": \"/home/runner/.cargo/registry/src/index.crates.io-6f17d22bba15001f/log-0.4.21/src/lib.rs:1408:11: 1408:39 (#0)\",\n            \"atomic_writer\": \"/home/runner/.cargo/registry/src/index.crates.io-6f17d22bba15001f/log-0.4.21/src/lib.rs:1411:13: 1411:55 (#0)\",\n            \"dep_kind\": \"Control\"\n          },\n          \"explanation\": \"atomic::store is data/control dependent on atomic::load\"\n        }\n      }\n    ]\n[2025-01-10T02:38:25Z WARN  lockbud::callbacks] crate log contains bugs: { probably: 0, possibly: 0 }, conflictlock: { probably: 0, possibly: 0 }, condvar_deadlock: { probably: 0, possibly: 0 }, atomicity_violation: { possibly: 1 }, invalid_free: { possibly: 0 }, use_after_free: { possibly: 0 }\n   Compiling syn v2.0.90\n   Compiling taskctx v0.1.0 (https://github.com/Starry-OS/taskctx.git#3c3ad2fb)\n   Compiling glob v0.3.1\n   Compiling of v0.1.0 (https://github.com/Starry-OS/of.git#45a65508)\nerror[E0787]: the `asm!` macro is not allowed in naked functions\n   --> /home/runner/.cargo/git/checkouts/taskctx-38ebba1102c121c2/3c3ad2f/src/arch/aarch64.rs:86:5\n    |\n86  | /     asm!(\n87  | |         \"\n88  | |         // save old context (callee-saved registers)\n89  | |         stp     x29, x30, [x0, 12 * 8]\n...   |\n111 | |         options(noreturn),\n112 | |     )\n    | |_____^ consider using the `naked_asm!` macro instead\n\nFor more information about this error, try `rustc --explain E0787`.\nerror: could not compile `taskctx` (lib) due to 1 previous error\nwarning: build failed, waiting for other jobs to finish...\n"]}},{"file":"(virtual) rapx","count":1,"kinds":{"Cargo":["// pkg_name=arceos_posix_api, checker=Rapx\n// toolchain=nightly-2024-05-02, target=aarch64-unknown-none\n// pkg_dir=/home/runner/check/batch_1/Starry-OS/Starry-Old/api/arceos_posix_api\n// cmd=cargo +nightly-2024-10-12 rapx -F -M -- --target aarch64-unknown-none\n// timestamp=2025-01-10 10:41:15.427238289 +08:00:00\n   Compiling hashbrown v0.15.2\n   Compiling equivalent v1.0.1\n   Compiling serde v1.0.215\n   Compiling toml_datetime v0.6.8\n   Compiling winnow v0.6.20\n   Compiling proc-macro2 v1.0.92\n   Compiling indexmap v2.7.0\n   Compiling unicode-ident v1.0.14\n    Checking tock-registers v0.8.1\n   Compiling quote v1.0.37\n   Compiling toml_edit v0.22.22\n   Compiling syn v2.0.90\n    Checking log v0.4.21\n    Checking cfg-if v1.0.0\n    Checking aarch64-cpu v9.4.0\n   Compiling autocfg v1.4.0\n   Compiling lock_api v0.4.12\n   Compiling taskctx v0.1.0 (https://github.com/Starry-OS/taskctx.git#3c3ad2fb)\n    Checking memory_addr v0.1.0 (https://github.com/Starry-OS/memory_addr.git#a5be547a)\n    Checking numeric-enum-macro v0.2.0 (https://github.com/mexus/numeric-enum-macro#20aef288)\n    Checking static_assertions v1.1.0\n    Checking scopeguard v1.2.0\n    Checking bitflags v2.6.0\n   Compiling percpu v0.1.0 (https://github.com/Starry-OS/percpu.git#85e6d8a7)\n    Checking spin v0.9.8\n   Compiling glob v0.3.1\n    Checking lazy_static v1.5.0\n    Checking fdt v0.1.5\n   Compiling clang-sys v1.8.1\n    Checking of v0.1.0 (https://github.com/Starry-OS/of.git#45a65508)\n    Checking page_table_entry v0.1.0 (https://github.com/Starry-OS/page_table_entry.git#8a871b43)\n    Checking arm_gic v0.1.0 (https://github.com/Starry-OS/arm_gic.git#b6dfcc32)\n   Compiling axconfig v0.1.0 (/home/runner/check/batch_1/Starry-OS/Starry-Old/modules/axconfig)\n   Compiling axconfig v0.1.0 (https://github.com/Starry-OS/axconfig.git#2a880338)\nerror[E0787]: the `asm!` macro is not allowed in naked functions\n   --> /home/runner/.cargo/git/checkouts/taskctx-38ebba1102c121c2/3c3ad2f/src/arch/aarch64.rs:86:5\n    |\n86  | /     asm!(\n87  | |         \"\n88  | |         // save old context (callee-saved registers)\n89  | |         stp     x29, x30, [x0, 12 * 8]\n...   |\n111 | |         options(noreturn),\n112 | |     )\n    | |_____^ consider using the `naked_asm!` macro instead\n\nFor more information about this error, try `rustc --explain E0787`.\nerror: could not compile `taskctx` (lib) due to 1 previous error\nwarning: build failed, waiting for other jobs to finish...\n02:41:22|RAP|ERROR|: Finished with non-zero exit code.\n"]}},{"file":"(virtual) semver-checks","count":1,"kinds":{"Cargo":["// pkg_name=arceos_posix_api, checker=SemverChecks\n// toolchain=nightly-2024-05-02, target=aarch64-unknown-none\n// pkg_dir=/home/runner/check/batch_1/Starry-OS/Starry-Old/api/arceos_posix_api\n// cmd=cargo +nightly-2025-01-07-x86_64-unknown-linux-gnu semver-checks --target aarch64-unknown-none\n// timestamp=2025-01-10 10:27:18.688039035 +08:00:00\n    Building arceos_posix_api v0.1.0 (current)\nerror: running cargo-doc on crate 'arceos_posix_api' failed with output:\n-----\n   Compiling proc-macro2 v1.0.92\n   Compiling unicode-ident v1.0.14\n    Checking log v0.4.22\n   Compiling equivalent v1.0.1\nerror[E0463]: can't find crate for `core`\n  |\n  = note: the `aarch64-unknown-none` target may not be installed\n  = help: consider downloading the target with `rustup target add aarch64-unknown-none`\n  = help: consider building the standard library from source with `cargo build -Zbuild-std`\n\nFor more information about this error, try `rustc --explain E0463`.\n   Compiling hashbrown v0.15.2\nerror: could not compile `log` (lib) due to 1 previous error\nwarning: build failed, waiting for other jobs to finish...\n\n-----\n\nerror: failed to build rustdoc for crate arceos_posix_api v0.1.0\nnote: this is usually due to a compilation error in the crate,\n      and is unlikely to be a bug in cargo-semver-checks\nnote: the following command can be used to reproduce the compilation error:\n      cargo new --lib example &&\n          cd example &&\n          echo '[workspace]' >> Cargo.toml &&\n          cargo add --path /home/runner/check/batch_1/Starry-OS/Starry-Old/api/arceos_posix_api --features alloc,axtask,default,epoll,fd,fs,irq,multitask,net,pipe,select,smp &&\n          cargo check\n\nerror: aborting due to failure to build rustdoc for crate arceos_posix_api v0.1.0\n"]}},{"file":"[outdated direct dependencies]","count":1,"kinds":{"Outdated":["pkg=arceos_posix_api, checker=Outdated\ntoolchain=nightly-2024-05-02, target=aarch64-unknown-none\npkg_dir=/home/runner/check/batch_1/Starry-OS/Starry-Old/api/arceos_posix_api\ncmd=cargo +nightly-2025-01-07-x86_64-unknown-linux-gnu outdated -R --exit-code=2\ntimestamp=2025-01-10 11:07:36.689682094 +08:00:00\n\nName     Project  Compat  Latest  Kind   Platform\n----     -------  ------  ------  ----   --------\nbindgen  0.69.5   ---     0.71.1  Build  ---\n"]}},{"file":"[semver checks]","count":1,"kinds":{"Semver Violation":["pkg=arceos_posix_api, checker=SemverChecks\ntoolchain=nightly-2024-05-02, target=aarch64-unknown-none\npkg_dir=/home/runner/check/batch_1/Starry-OS/Starry-Old/api/arceos_posix_api\ncmd=cargo +nightly-2025-01-07-x86_64-unknown-linux-gnu semver-checks --target aarch64-unknown-none\ntimestamp=2025-01-10 10:27:27.19011103 +08:00:00\n\n\nstdout:\n\nstderr:\n    Building arceos_posix_api v0.1.0 (current)\nerror: running cargo-doc on crate 'arceos_posix_api' failed with output:\n-----\n   Compiling proc-macro2 v1.0.92\n   Compiling unicode-ident v1.0.14\n    Checking log v0.4.22\n   Compiling equivalent v1.0.1\nerror[E0463]: can't find crate for `core`\n  |\n  = note: the `aarch64-unknown-none` target may not be installed\n  = help: consider downloading the target with `rustup target add aarch64-unknown-none`\n  = help: consider building the standard library from source with `cargo build -Zbuild-std`\n\nFor more information about this error, try `rustc --explain E0463`.\n   Compiling hashbrown v0.15.2\nerror: could not compile `log` (lib) due to 1 previous error\nwarning: build failed, waiting for other jobs to finish...\n\n-----\n\nerror: failed to build rustdoc for crate arceos_posix_api v0.1.0\nnote: this is usually due to a compilation error in the crate,\n      and is unlikely to be a bug in cargo-semver-checks\nnote: the following command can be used to reproduce the compilation error:\n      cargo new --lib example &&\n          cd example &&\n          echo '[workspace]' >> Cargo.toml &&\n          cargo add --path /home/runner/check/batch_1/Starry-OS/Starry-Old/api/arceos_posix_api --features alloc,axtask,default,epoll,fd,fs,irq,multitask,net,pipe,select,smp &&\n          cargo check\n\nerror: aborting due to failure to build rustdoc for crate arceos_posix_api v0.1.0\n"]}}]},{"user":"Starry-OS","repo":"Starry-Old","pkg":"arch_boot","count":5,"raw_reports":[{"file":"(virtual) lockbud","count":1,"kinds":{"Cargo":["// pkg_name=arch_boot, checker=Lockbud\n// toolchain=nightly-2024-05-02, target=aarch64-unknown-none\n// pkg_dir=/home/runner/check/batch_1/Starry-OS/Starry-Old/modules/arch_boot\n// cmd=cargo +nightly-2024-12-01 lockbud -k all -- --target aarch64-unknown-none\n// timestamp=2025-01-10 10:38:57.97967102 +08:00:00\n[2025-01-10T02:38:25Z WARN  lockbud::callbacks] [\n      {\n        \"AtomicityViolation\": {\n          \"bug_kind\": \"AtomicityViolation\",\n          \"possibility\": \"Possibly\",\n          \"diagnosis\": {\n            \"fn_name\": \"set_logger_racy\",\n            \"atomic_reader\": \"/home/runner/.cargo/registry/src/index.crates.io-6f17d22bba15001f/log-0.4.21/src/lib.rs:1408:11: 1408:39 (#0)\",\n            \"atomic_writer\": \"/home/runner/.cargo/registry/src/index.crates.io-6f17d22bba15001f/log-0.4.21/src/lib.rs:1411:13: 1411:55 (#0)\",\n            \"dep_kind\": \"Control\"\n          },\n          \"explanation\": \"atomic::store is data/control dependent on atomic::load\"\n        }\n      }\n    ]\n[2025-01-10T02:38:25Z WARN  lockbud::callbacks] crate log contains bugs: { probably: 0, possibly: 0 }, conflictlock: { probably: 0, possibly: 0 }, condvar_deadlock: { probably: 0, possibly: 0 }, atomicity_violation: { possibly: 1 }, invalid_free: { possibly: 0 }, use_after_free: { possibly: 0 }\n   Compiling taskctx v0.1.0 (https://github.com/Starry-OS/taskctx.git#3c3ad2fb)\n   Compiling lazy_static v1.5.0\n   Compiling axhal v0.1.0 (/home/runner/check/batch_1/Starry-OS/Starry-Old/modules/axhal)\n   Compiling arm_gic v0.1.0 (https://github.com/Starry-OS/arm_gic.git#b6dfcc32)\n   Compiling arm_pl011 v0.1.0 (https://github.com/Starry-OS/arm_pl011.git#cba8ce63)\nerror[E0787]: the `asm!` macro is not allowed in naked functions\n   --> /home/runner/.cargo/git/checkouts/taskctx-38ebba1102c121c2/3c3ad2f/src/arch/aarch64.rs:86:5\n    |\n86  | /     asm!(\n87  | |         \"\n88  | |         // save old context (callee-saved registers)\n89  | |         stp     x29, x30, [x0, 12 * 8]\n...   |\n111 | |         options(noreturn),\n112 | |     )\n    | |_____^ consider using the `naked_asm!` macro instead\n\n   Compiling of v0.1.0 (https://github.com/Starry-OS/of.git#45a65508)\nFor more information about this error, try `rustc --explain E0787`.\nerror: could not compile `taskctx` (lib) due to 1 previous error\nwarning: build failed, waiting for other jobs to finish...\n"]}},{"file":"(virtual) rapx","count":1,"kinds":{"Cargo":["// pkg_name=arch_boot, checker=Rapx\n// toolchain=nightly-2024-05-02, target=aarch64-unknown-none\n// pkg_dir=/home/runner/check/batch_1/Starry-OS/Starry-Old/modules/arch_boot\n// cmd=cargo +nightly-2024-10-12 rapx -F -M -- --target aarch64-unknown-none\n// timestamp=2025-01-10 10:41:46.434245492 +08:00:00\n   Compiling serde v1.0.215\n   Compiling hashbrown v0.15.2\n   Compiling equivalent v1.0.1\n   Compiling toml_datetime v0.6.8\n   Compiling winnow v0.6.20\n    Checking tock-registers v0.8.1\n   Compiling proc-macro2 v1.0.92\n   Compiling indexmap v2.7.0\n    Checking cfg-if v1.0.0\n   Compiling unicode-ident v1.0.14\n    Checking aarch64-cpu v9.4.0\n   Compiling toml_edit v0.22.22\n   Compiling quote v1.0.37\n    Checking log v0.4.21\n   Compiling taskctx v0.1.0 (https://github.com/Starry-OS/taskctx.git#3c3ad2fb)\n    Checking memory_addr v0.1.0 (https://github.com/Starry-OS/memory_addr.git#a5be547a)\n   Compiling syn v2.0.90\n    Checking numeric-enum-macro v0.2.0 (https://github.com/mexus/numeric-enum-macro#20aef288)\n    Checking static_assertions v1.1.0\n    Checking spin v0.9.8\n    Checking bitflags v2.6.0\n   Compiling percpu v0.1.0 (https://github.com/Starry-OS/percpu.git#85e6d8a7)\n    Checking lazy_static v1.5.0\n    Checking fdt v0.1.5\n    Checking page_table_entry v0.1.0 (https://github.com/Starry-OS/page_table_entry.git#8a871b43)\n    Checking of v0.1.0 (https://github.com/Starry-OS/of.git#45a65508)\n    Checking arm_gic v0.1.0 (https://github.com/Starry-OS/arm_gic.git#b6dfcc32)\n    Checking arm_pl011 v0.1.0 (https://github.com/Starry-OS/arm_pl011.git#cba8ce63)\n    Checking dw_apb_uart v0.1.0 (https://github.com/Starry-OS/dw_apb_uart.git#15d6fb0f)\n    Checking lazy_init v0.1.0 (https://github.com/Starry-OS/lazy_init.git#d0e87c05)\n    Checking handler_table v0.1.0 (https://github.com/Starry-OS/handler_table.git#d6495e7d)\n    Checking ratio v0.1.0 (https://github.com/Starry-OS/ratio.git#0c8da4c3)\n    Checking either v1.13.0\n    Checking axbacktrace v0.1.0 (https://github.com/kern-crates/axbacktrace.git#c0371ca8)\n    Checking linked_list v0.1.0 (https://github.com/Starry-OS/linked_list.git#283dddc4)\n   Compiling axconfig v0.1.0 (/home/runner/check/batch_1/Starry-OS/Starry-Old/modules/axconfig)\n   Compiling axconfig v0.1.0 (https://github.com/Starry-OS/axconfig.git#2a880338)\nerror[E0787]: the `asm!` macro is not allowed in naked functions\n   --> /home/runner/.cargo/git/checkouts/taskctx-38ebba1102c121c2/3c3ad2f/src/arch/aarch64.rs:86:5\n    |\n86  | /     asm!(\n87  | |         \"\n88  | |         // save old context (callee-saved registers)\n89  | |         stp     x29, x30, [x0, 12 * 8]\n...   |\n111 | |         options(noreturn),\n112 | |     )\n    | |_____^ consider using the `naked_asm!` macro instead\n\nFor more information about this error, try `rustc --explain E0787`.\nerror: could not compile `taskctx` (lib) due to 1 previous error\nwarning: build failed, waiting for other jobs to finish...\n02:41:53|RAP|ERROR|: Finished with non-zero exit code.\n"]}},{"file":"(virtual) semver-checks","count":1,"kinds":{"Cargo":["// pkg_name=arch_boot, checker=SemverChecks\n// toolchain=nightly-2024-05-02, target=aarch64-unknown-none\n// pkg_dir=/home/runner/check/batch_1/Starry-OS/Starry-Old/modules/arch_boot\n// cmd=cargo +nightly-2025-01-07-x86_64-unknown-linux-gnu semver-checks --target aarch64-unknown-none\n// timestamp=2025-01-10 10:27:54.770284624 +08:00:00\n    Building arch_boot v0.1.0 (current)\nerror: running cargo-doc on crate 'arch_boot' failed with output:\n-----\n    Checking log v0.4.22\n   Compiling proc-macro2 v1.0.92\n   Compiling hashbrown v0.15.2\n   Compiling equivalent v1.0.1\nerror[E0463]: can't find crate for `core`\n  |\n  = note: the `aarch64-unknown-none` target may not be installed\n  = help: consider downloading the target with `rustup target add aarch64-unknown-none`\n  = help: consider building the standard library from source with `cargo build -Zbuild-std`\n\nFor more information about this error, try `rustc --explain E0463`.\nerror: could not compile `log` (lib) due to 1 previous error\nwarning: build failed, waiting for other jobs to finish...\n\n-----\n\nerror: failed to build rustdoc for crate arch_boot v0.1.0\nnote: this is usually due to a compilation error in the crate,\n      and is unlikely to be a bug in cargo-semver-checks\nnote: the following command can be used to reproduce the compilation error:\n      cargo new --lib example &&\n          cd example &&\n          echo '[workspace]' >> Cargo.toml &&\n          cargo add --path /home/runner/check/batch_1/Starry-OS/Starry-Old/modules/arch_boot --features axalloc,default,fp_simd,irq,monolithic,preempt,smp &&\n          cargo check\n\nerror: aborting due to failure to build rustdoc for crate arch_boot v0.1.0\n"]}},{"file":"[outdated direct dependencies]","count":1,"kinds":{"Outdated":["pkg=arch_boot, checker=Outdated\ntoolchain=nightly-2024-05-02, target=aarch64-unknown-none\npkg_dir=/home/runner/check/batch_1/Starry-OS/Starry-Old/modules/arch_boot\ncmd=cargo +nightly-2025-01-07-x86_64-unknown-linux-gnu outdated -R --exit-code=2\ntimestamp=2025-01-10 11:10:11.785590182 +08:00:00\n\nName            Project  Compat  Latest  Kind    Platform\n----            -------  ------  ------  ----    --------\naarch64-cpu     9.4.0    ---     10.0.0  Normal  cfg(target_arch = \"aarch64\")\nlog             0.4.21   0.4.22  0.4.22  Normal  ---\nriscv           0.10.1   ---     0.12.1  Normal  cfg(any(target_arch = \"riscv32\", target_arch = \"riscv64\"))\nsbi-rt          0.0.2    ---     0.0.3   Normal  cfg(any(target_arch = \"riscv32\", target_arch = \"riscv64\"))\ntock-registers  0.8.1    ---     0.9.0   Normal  cfg(target_arch = \"aarch64\")\nx86_64          0.15.1   0.15.2  0.15.2  Normal  cfg(target_arch = \"x86_64\")\n"]}},{"file":"[semver checks]","count":1,"kinds":{"Semver Violation":["pkg=arch_boot, checker=SemverChecks\ntoolchain=nightly-2024-05-02, target=aarch64-unknown-none\npkg_dir=/home/runner/check/batch_1/Starry-OS/Starry-Old/modules/arch_boot\ncmd=cargo +nightly-2025-01-07-x86_64-unknown-linux-gnu semver-checks --target aarch64-unknown-none\ntimestamp=2025-01-10 10:28:03.420960181 +08:00:00\n\n\nstdout:\n\nstderr:\n    Building arch_boot v0.1.0 (current)\nerror: running cargo-doc on crate 'arch_boot' failed with output:\n-----\n    Checking log v0.4.22\n   Compiling proc-macro2 v1.0.92\n   Compiling hashbrown v0.15.2\n   Compiling equivalent v1.0.1\nerror[E0463]: can't find crate for `core`\n  |\n  = note: the `aarch64-unknown-none` target may not be installed\n  = help: consider downloading the target with `rustup target add aarch64-unknown-none`\n  = help: consider building the standard library from source with `cargo build -Zbuild-std`\n\nFor more information about this error, try `rustc --explain E0463`.\nerror: could not compile `log` (lib) due to 1 previous error\nwarning: build failed, waiting for other jobs to finish...\n\n-----\n\nerror: failed to build rustdoc for crate arch_boot v0.1.0\nnote: this is usually due to a compilation error in the crate,\n      and is unlikely to be a bug in cargo-semver-checks\nnote: the following command can be used to reproduce the compilation error:\n      cargo new --lib example &&\n          cd example &&\n          echo '[workspace]' >> Cargo.toml &&\n          cargo add --path /home/runner/check/batch_1/Starry-OS/Starry-Old/modules/arch_boot --features axalloc,default,fp_simd,irq,monolithic,preempt,smp &&\n          cargo check\n\nerror: aborting due to failure to build rustdoc for crate arch_boot v0.1.0\n"]}}]},{"user":"Starry-OS","repo":"Starry-Old","pkg":"axalloc","count":5,"raw_reports":[{"file":"(virtual) lockbud","count":1,"kinds":{"Cargo":["// pkg_name=axalloc, checker=Lockbud\n// toolchain=nightly-2024-05-02, target=aarch64-unknown-none\n// pkg_dir=/home/runner/check/batch_1/Starry-OS/Starry-Old/modules/axalloc\n// cmd=cargo +nightly-2024-12-01 lockbud -k all -- --target aarch64-unknown-none\n// timestamp=2025-01-10 10:39:00.227552557 +08:00:00\n[2025-01-10T02:38:25Z WARN  lockbud::callbacks] [\n      {\n        \"AtomicityViolation\": {\n          \"bug_kind\": \"AtomicityViolation\",\n          \"possibility\": \"Possibly\",\n          \"diagnosis\": {\n            \"fn_name\": \"set_logger_racy\",\n            \"atomic_reader\": \"/home/runner/.cargo/registry/src/index.crates.io-6f17d22bba15001f/log-0.4.21/src/lib.rs:1408:11: 1408:39 (#0)\",\n            \"atomic_writer\": \"/home/runner/.cargo/registry/src/index.crates.io-6f17d22bba15001f/log-0.4.21/src/lib.rs:1411:13: 1411:55 (#0)\",\n            \"dep_kind\": \"Control\"\n          },\n          \"explanation\": \"atomic::store is data/control dependent on atomic::load\"\n        }\n      }\n    ]\n[2025-01-10T02:38:25Z WARN  lockbud::callbacks] crate log contains bugs: { probably: 0, possibly: 0 }, conflictlock: { probably: 0, possibly: 0 }, condvar_deadlock: { probably: 0, possibly: 0 }, atomicity_violation: { possibly: 1 }, invalid_free: { possibly: 0 }, use_after_free: { possibly: 0 }\n   Compiling taskctx v0.1.0 (https://github.com/Starry-OS/taskctx.git#3c3ad2fb)\n   Compiling rlsf v0.2.1\nerror[E0787]: the `asm!` macro is not allowed in naked functions\n   --> /home/runner/.cargo/git/checkouts/taskctx-38ebba1102c121c2/3c3ad2f/src/arch/aarch64.rs:86:5\n    |\n86  | /     asm!(\n87  | |         \"\n88  | |         // save old context (callee-saved registers)\n89  | |         stp     x29, x30, [x0, 12 * 8]\n...   |\n111 | |         options(noreturn),\n112 | |     )\n    | |_____^ consider using the `naked_asm!` macro instead\n\nFor more information about this error, try `rustc --explain E0787`.\nerror: could not compile `taskctx` (lib) due to 1 previous error\nwarning: build failed, waiting for other jobs to finish...\n"]}},{"file":"(virtual) rapx","count":1,"kinds":{"Cargo":["// pkg_name=axalloc, checker=Rapx\n// toolchain=nightly-2024-05-02, target=aarch64-unknown-none\n// pkg_dir=/home/runner/check/batch_1/Starry-OS/Starry-Old/modules/axalloc\n// cmd=cargo +nightly-2024-10-12 rapx -F -M -- --target aarch64-unknown-none\n// timestamp=2025-01-10 10:42:14.932217495 +08:00:00\n   Compiling serde v1.0.215\n   Compiling equivalent v1.0.1\n   Compiling hashbrown v0.15.2\n   Compiling toml_datetime v0.6.8\n   Compiling winnow v0.6.20\n   Compiling proc-macro2 v1.0.92\n   Compiling indexmap v2.7.0\n   Compiling unicode-ident v1.0.14\n    Checking cfg-if v1.0.0\n   Compiling syn v1.0.109\n   Compiling quote v1.0.37\n   Compiling toml_edit v0.22.22\n    Checking log v0.4.21\n   Compiling taskctx v0.1.0 (https://github.com/Starry-OS/taskctx.git#3c3ad2fb)\n    Checking tock-registers v0.8.1\n    Checking aarch64-cpu v9.4.0\n    Checking memory_addr v0.1.0 (https://github.com/Starry-OS/memory_addr.git#a5be547a)\n   Compiling unicode-width v0.1.14\n    Checking numeric-enum-macro v0.2.0 (https://github.com/mexus/numeric-enum-macro#20aef288)\n    Checking static_assertions v1.1.0\n   Compiling base64 v0.13.1\n    Checking bit_field v0.10.2\n    Checking const-default v1.0.0\n   Compiling axerrno v0.1.0 (https://github.com/Starry-OS/axerrno.git#3e2372cd)\n    Checking bitmap-allocator v0.1.0 (https://github.com/rcore-os/bitmap-allocator.git?rev=88e871a#88e871a5)\n   Compiling svgbobdoc v0.3.0\n   Compiling axconfig v0.1.0 (https://github.com/Starry-OS/axconfig.git#2a880338)\n    Checking rlsf v0.2.1\n    Checking allocator v0.1.0 (https://github.com/Starry-OS/allocator.git#7c9f5b83)\nerror[E0787]: the `asm!` macro is not allowed in naked functions\n   --> /home/runner/.cargo/git/checkouts/taskctx-38ebba1102c121c2/3c3ad2f/src/arch/aarch64.rs:86:5\n    |\n86  | /     asm!(\n87  | |         \"\n88  | |         // save old context (callee-saved registers)\n89  | |         stp     x29, x30, [x0, 12 * 8]\n...   |\n111 | |         options(noreturn),\n112 | |     )\n    | |_____^ consider using the `naked_asm!` macro instead\n\nFor more information about this error, try `rustc --explain E0787`.\nerror: could not compile `taskctx` (lib) due to 1 previous error\n02:42:21|RAP|ERROR|: Finished with non-zero exit code.\n"]}},{"file":"(virtual) semver-checks","count":1,"kinds":{"Cargo":["// pkg_name=axalloc, checker=SemverChecks\n// toolchain=nightly-2024-05-02, target=aarch64-unknown-none\n// pkg_dir=/home/runner/check/batch_1/Starry-OS/Starry-Old/modules/axalloc\n// cmd=cargo +nightly-2025-01-07-x86_64-unknown-linux-gnu semver-checks --target aarch64-unknown-none\n// timestamp=2025-01-10 10:28:30.887693182 +08:00:00\n    Building axalloc v0.1.0 (current)\nerror: running cargo-doc on crate 'axalloc' failed with output:\n-----\n   Compiling serde v1.0.217\n   Compiling hashbrown v0.15.2\n   Compiling equivalent v1.0.1\n   Compiling toml_datetime v0.6.8\n   Compiling proc-macro2 v1.0.92\n   Compiling winnow v0.6.22\n   Compiling unicode-ident v1.0.14\n   Compiling indexmap v2.7.0\n    Checking cfg-if v1.0.0\nerror[E0463]: can't find crate for `core`\n  |\n  = note: the `aarch64-unknown-none` target may not be installed\n  = help: consider downloading the target with `rustup target add aarch64-unknown-none`\n  = help: consider building the standard library from source with `cargo build -Zbuild-std`\n\nFor more information about this error, try `rustc --explain E0463`.\n   Compiling syn v1.0.109\nerror: could not compile `cfg-if` (lib) due to 1 previous error\nwarning: build failed, waiting for other jobs to finish...\n\n-----\n\nerror: failed to build rustdoc for crate axalloc v0.1.0\nnote: this is usually due to a compilation error in the crate,\n      and is unlikely to be a bug in cargo-semver-checks\nnote: the following command can be used to reproduce the compilation error:\n      cargo new --lib example &&\n          cd example &&\n          echo '[workspace]' >> Cargo.toml &&\n          cargo add --path /home/runner/check/batch_1/Starry-OS/Starry-Old/modules/axalloc --features buddy,default,slab,tlsf &&\n          cargo check\n\nerror: aborting due to failure to build rustdoc for crate axalloc v0.1.0\n"]}},{"file":"[outdated direct dependencies]","count":1,"kinds":{"Outdated":["pkg=axalloc, checker=Outdated\ntoolchain=nightly-2024-05-02, target=aarch64-unknown-none\npkg_dir=/home/runner/check/batch_1/Starry-OS/Starry-Old/modules/axalloc\ncmd=cargo +nightly-2025-01-07-x86_64-unknown-linux-gnu outdated -R --exit-code=2\ntimestamp=2025-01-10 11:12:46.07398367 +08:00:00\n\nName  Project  Compat  Latest  Kind    Platform\n----  -------  ------  ------  ----    --------\nlog   0.4.21   0.4.22  0.4.22  Normal  ---\n"]}},{"file":"[semver checks]","count":1,"kinds":{"Semver Violation":["pkg=axalloc, checker=SemverChecks\ntoolchain=nightly-2024-05-02, target=aarch64-unknown-none\npkg_dir=/home/runner/check/batch_1/Starry-OS/Starry-Old/modules/axalloc\ncmd=cargo +nightly-2025-01-07-x86_64-unknown-linux-gnu semver-checks --target aarch64-unknown-none\ntimestamp=2025-01-10 10:28:35.825039834 +08:00:00\n\n\nstdout:\n\nstderr:\n    Building axalloc v0.1.0 (current)\nerror: running cargo-doc on crate 'axalloc' failed with output:\n-----\n   Compiling serde v1.0.217\n   Compiling hashbrown v0.15.2\n   Compiling equivalent v1.0.1\n   Compiling toml_datetime v0.6.8\n   Compiling proc-macro2 v1.0.92\n   Compiling winnow v0.6.22\n   Compiling unicode-ident v1.0.14\n   Compiling indexmap v2.7.0\n    Checking cfg-if v1.0.0\nerror[E0463]: can't find crate for `core`\n  |\n  = note: the `aarch64-unknown-none` target may not be installed\n  = help: consider downloading the target with `rustup target add aarch64-unknown-none`\n  = help: consider building the standard library from source with `cargo build -Zbuild-std`\n\nFor more information about this error, try `rustc --explain E0463`.\n   Compiling syn v1.0.109\nerror: could not compile `cfg-if` (lib) due to 1 previous error\nwarning: build failed, waiting for other jobs to finish...\n\n-----\n\nerror: failed to build rustdoc for crate axalloc v0.1.0\nnote: this is usually due to a compilation error in the crate,\n      and is unlikely to be a bug in cargo-semver-checks\nnote: the following command can be used to reproduce the compilation error:\n      cargo new --lib example &&\n          cd example &&\n          echo '[workspace]' >> Cargo.toml &&\n          cargo add --path /home/runner/check/batch_1/Starry-OS/Starry-Old/modules/axalloc --features buddy,default,slab,tlsf &&\n          cargo check\n\nerror: aborting due to failure to build rustdoc for crate axalloc v0.1.0\n"]}}]},{"user":"Starry-OS","repo":"Starry-Old","pkg":"axdisplay","count":5,"raw_reports":[{"file":"(virtual) lockbud","count":1,"kinds":{"Cargo":["// pkg_name=axdisplay, checker=Lockbud\n// toolchain=nightly-2024-05-02, target=aarch64-unknown-none\n// pkg_dir=/home/runner/check/batch_1/Starry-OS/Starry-Old/modules/axdisplay\n// cmd=cargo +nightly-2024-12-01 lockbud -k all -- --target aarch64-unknown-none\n// timestamp=2025-01-10 10:39:01.753700631 +08:00:00\n[2025-01-10T02:38:25Z WARN  lockbud::callbacks] [\n      {\n        \"AtomicityViolation\": {\n          \"bug_kind\": \"AtomicityViolation\",\n          \"possibility\": \"Possibly\",\n          \"diagnosis\": {\n            \"fn_name\": \"set_logger_racy\",\n            \"atomic_reader\": \"/home/runner/.cargo/registry/src/index.crates.io-6f17d22bba15001f/log-0.4.21/src/lib.rs:1408:11: 1408:39 (#0)\",\n            \"atomic_writer\": \"/home/runner/.cargo/registry/src/index.crates.io-6f17d22bba15001f/log-0.4.21/src/lib.rs:1411:13: 1411:55 (#0)\",\n            \"dep_kind\": \"Control\"\n          },\n          \"explanation\": \"atomic::store is data/control dependent on atomic::load\"\n        }\n      }\n    ]\n[2025-01-10T02:38:25Z WARN  lockbud::callbacks] crate log contains bugs: { probably: 0, possibly: 0 }, conflictlock: { probably: 0, possibly: 0 }, condvar_deadlock: { probably: 0, possibly: 0 }, atomicity_violation: { possibly: 1 }, invalid_free: { possibly: 0 }, use_after_free: { possibly: 0 }\n   Compiling taskctx v0.1.0 (https://github.com/Starry-OS/taskctx.git#3c3ad2fb)\n   Compiling dw_apb_uart v0.1.0 (https://github.com/Starry-OS/dw_apb_uart.git#15d6fb0f)\n   Compiling either v1.13.0\n   Compiling ratio v0.1.0 (https://github.com/Starry-OS/ratio.git#0c8da4c3)\nerror[E0787]: the `asm!` macro is not allowed in naked functions\n   --> /home/runner/.cargo/git/checkouts/taskctx-38ebba1102c121c2/3c3ad2f/src/arch/aarch64.rs:86:5\n    |\n86  | /     asm!(\n87  | |         \"\n88  | |         // save old context (callee-saved registers)\n89  | |         stp     x29, x30, [x0, 12 * 8]\n...   |\n111 | |         options(noreturn),\n112 | |     )\n    | |_____^ consider using the `naked_asm!` macro instead\n\nFor more information about this error, try `rustc --explain E0787`.\nerror: could not compile `taskctx` (lib) due to 1 previous error\nwarning: build failed, waiting for other jobs to finish...\n"]}},{"file":"(virtual) rapx","count":1,"kinds":{"Cargo":["// pkg_name=axdisplay, checker=Rapx\n// toolchain=nightly-2024-05-02, target=aarch64-unknown-none\n// pkg_dir=/home/runner/check/batch_1/Starry-OS/Starry-Old/modules/axdisplay\n// cmd=cargo +nightly-2024-10-12 rapx -F -M -- --target aarch64-unknown-none\n// timestamp=2025-01-10 10:42:54.267029574 +08:00:00\n   Compiling serde v1.0.215\n   Compiling hashbrown v0.15.2\n   Compiling equivalent v1.0.1\n   Compiling toml_datetime v0.6.8\n   Compiling winnow v0.6.20\n   Compiling proc-macro2 v1.0.92\n   Compiling indexmap v2.7.0\n   Compiling unicode-ident v1.0.14\n    Checking tock-registers v0.8.1\n   Compiling quote v1.0.37\n   Compiling syn v2.0.90\n    Checking cfg-if v1.0.0\n   Compiling toml_edit v0.22.22\n    Checking log v0.4.21\n    Checking aarch64-cpu v9.4.0\n   Compiling taskctx v0.1.0 (https://github.com/Starry-OS/taskctx.git#3c3ad2fb)\n    Checking memory_addr v0.1.0 (https://github.com/Starry-OS/memory_addr.git#a5be547a)\n    Checking static_assertions v1.1.0\n    Checking numeric-enum-macro v0.2.0 (https://github.com/mexus/numeric-enum-macro#20aef288)\n    Checking bitflags v2.6.0\n    Checking spin v0.9.8\n   Compiling percpu v0.1.0 (https://github.com/Starry-OS/percpu.git#85e6d8a7)\n    Checking lazy_static v1.5.0\n    Checking fdt v0.1.5\n    Checking page_table_entry v0.1.0 (https://github.com/Starry-OS/page_table_entry.git#8a871b43)\n    Checking of v0.1.0 (https://github.com/Starry-OS/of.git#45a65508)\n    Checking arm_gic v0.1.0 (https://github.com/Starry-OS/arm_gic.git#b6dfcc32)\n    Checking arm_pl011 v0.1.0 (https://github.com/Starry-OS/arm_pl011.git#cba8ce63)\n    Checking dw_apb_uart v0.1.0 (https://github.com/Starry-OS/dw_apb_uart.git#15d6fb0f)\n    Checking ratio v0.1.0 (https://github.com/Starry-OS/ratio.git#0c8da4c3)\n    Checking either v1.13.0\n    Checking lazy_init v0.1.0 (https://github.com/Starry-OS/lazy_init.git#d0e87c05)\n    Checking handler_table v0.1.0 (https://github.com/Starry-OS/handler_table.git#d6495e7d)\n    Checking byteorder v1.5.0\n    Checking axbacktrace v0.1.0 (https://github.com/kern-crates/axbacktrace.git#c0371ca8)\n   Compiling axdriver v0.1.0 (/home/runner/check/batch_1/Starry-OS/Starry-Old/modules/axdriver)\n    Checking linked_list v0.1.0 (https://github.com/Starry-OS/linked_list.git#283dddc4)\n    Checking driver_common v0.1.0 (https://github.com/Starry-OS/driver_common.git#6f1d6712)\n    Checking driver_display v0.1.0 (https://github.com/Starry-OS/driver_display.git#61125d7b)\n   Compiling axconfig v0.1.0 (/home/runner/check/batch_1/Starry-OS/Starry-Old/modules/axconfig)\n   Compiling axconfig v0.1.0 (https://github.com/Starry-OS/axconfig.git#2a880338)\n   Compiling percpu_macros v0.1.0 (https://github.com/Starry-OS/percpu_macros.git#b785b814)\nerror[E0787]: the `asm!` macro is not allowed in naked functions\n   --> /home/runner/.cargo/git/checkouts/taskctx-38ebba1102c121c2/3c3ad2f/src/arch/aarch64.rs:86:5\n    |\n86  | /     asm!(\n87  | |         \"\n88  | |         // save old context (callee-saved registers)\n89  | |         stp     x29, x30, [x0, 12 * 8]\n...   |\n111 | |         options(noreturn),\n112 | |     )\n    | |_____^ consider using the `naked_asm!` macro instead\n\nFor more information about this error, try `rustc --explain E0787`.\nerror: could not compile `taskctx` (lib) due to 1 previous error\nwarning: build failed, waiting for other jobs to finish...\n02:43:01|RAP|ERROR|: Finished with non-zero exit code.\n"]}},{"file":"(virtual) semver-checks","count":1,"kinds":{"Cargo":["// pkg_name=axdisplay, checker=SemverChecks\n// toolchain=nightly-2024-05-02, target=aarch64-unknown-none\n// pkg_dir=/home/runner/check/batch_1/Starry-OS/Starry-Old/modules/axdisplay\n// cmd=cargo +nightly-2025-01-07-x86_64-unknown-linux-gnu semver-checks --target aarch64-unknown-none\n// timestamp=2025-01-10 10:28:49.622967555 +08:00:00\n    Building axdisplay v0.1.0 (current)\nerror: running cargo-doc on crate 'axdisplay' failed with output:\n-----\n   Compiling equivalent v1.0.1\n   Compiling hashbrown v0.15.2\n   Compiling serde v1.0.217\n   Compiling winnow v0.6.22\n   Compiling toml_datetime v0.6.8\n   Compiling proc-macro2 v1.0.92\n   Compiling unicode-ident v1.0.14\n   Compiling indexmap v2.7.0\n   Compiling quote v1.0.38\n   Compiling syn v2.0.96\n    Checking log v0.4.22\nerror[E0463]: can't find crate for `core`\n  |\n  = note: the `aarch64-unknown-none` target may not be installed\n  = help: consider downloading the target with `rustup target add aarch64-unknown-none`\n  = help: consider building the standard library from source with `cargo build -Zbuild-std`\n\nFor more information about this error, try `rustc --explain E0463`.\nerror: could not compile `log` (lib) due to 1 previous error\nwarning: build failed, waiting for other jobs to finish...\n\n-----\n\nerror: failed to build rustdoc for crate axdisplay v0.1.0\nnote: this is usually due to a compilation error in the crate,\n      and is unlikely to be a bug in cargo-semver-checks\nnote: the following command can be used to reproduce the compilation error:\n      cargo new --lib example &&\n          cd example &&\n          echo '[workspace]' >> Cargo.toml &&\n          cargo add --path /home/runner/check/batch_1/Starry-OS/Starry-Old/modules/axdisplay &&\n          cargo check\n\nerror: aborting due to failure to build rustdoc for crate axdisplay v0.1.0\n"]}},{"file":"[outdated direct dependencies]","count":1,"kinds":{"Outdated":["pkg=axdisplay, checker=Outdated\ntoolchain=nightly-2024-05-02, target=aarch64-unknown-none\npkg_dir=/home/runner/check/batch_1/Starry-OS/Starry-Old/modules/axdisplay\ncmd=cargo +nightly-2025-01-07-x86_64-unknown-linux-gnu outdated -R --exit-code=2\ntimestamp=2025-01-10 11:17:52.985980332 +08:00:00\n\nName  Project  Compat  Latest  Kind    Platform\n----  -------  ------  ------  ----    --------\nlog   0.4.21   0.4.22  0.4.22  Normal  ---\n"]}},{"file":"[semver checks]","count":1,"kinds":{"Semver Violation":["pkg=axdisplay, checker=SemverChecks\ntoolchain=nightly-2024-05-02, target=aarch64-unknown-none\npkg_dir=/home/runner/check/batch_1/Starry-OS/Starry-Old/modules/axdisplay\ncmd=cargo +nightly-2025-01-07-x86_64-unknown-linux-gnu semver-checks --target aarch64-unknown-none\ntimestamp=2025-01-10 10:28:58.142265213 +08:00:00\n\n\nstdout:\n\nstderr:\n    Building axdisplay v0.1.0 (current)\nerror: running cargo-doc on crate 'axdisplay' failed with output:\n-----\n   Compiling equivalent v1.0.1\n   Compiling hashbrown v0.15.2\n   Compiling serde v1.0.217\n   Compiling winnow v0.6.22\n   Compiling toml_datetime v0.6.8\n   Compiling proc-macro2 v1.0.92\n   Compiling unicode-ident v1.0.14\n   Compiling indexmap v2.7.0\n   Compiling quote v1.0.38\n   Compiling syn v2.0.96\n    Checking log v0.4.22\nerror[E0463]: can't find crate for `core`\n  |\n  = note: the `aarch64-unknown-none` target may not be installed\n  = help: consider downloading the target with `rustup target add aarch64-unknown-none`\n  = help: consider building the standard library from source with `cargo build -Zbuild-std`\n\nFor more information about this error, try `rustc --explain E0463`.\nerror: could not compile `log` (lib) due to 1 previous error\nwarning: build failed, waiting for other jobs to finish...\n\n-----\n\nerror: failed to build rustdoc for crate axdisplay v0.1.0\nnote: this is usually due to a compilation error in the crate,\n      and is unlikely to be a bug in cargo-semver-checks\nnote: the following command can be used to reproduce the compilation error:\n      cargo new --lib example &&\n          cd example &&\n          echo '[workspace]' >> Cargo.toml &&\n          cargo add --path /home/runner/check/batch_1/Starry-OS/Starry-Old/modules/axdisplay &&\n          cargo check\n\nerror: aborting due to failure to build rustdoc for crate axdisplay v0.1.0\n"]}}]},{"user":"Starry-OS","repo":"Starry-Old","pkg":"axdriver","count":5,"raw_reports":[{"file":"(virtual) lockbud","count":1,"kinds":{"Cargo":["// pkg_name=axdriver, checker=Lockbud\n// toolchain=nightly-2024-05-02, target=aarch64-unknown-none\n// pkg_dir=/home/runner/check/batch_1/Starry-OS/Starry-Old/modules/axdriver\n// cmd=cargo +nightly-2024-12-01 lockbud -k all -- --target aarch64-unknown-none\n// timestamp=2025-01-10 10:39:03.963308273 +08:00:00\n[2025-01-10T02:38:25Z WARN  lockbud::callbacks] [\n      {\n        \"AtomicityViolation\": {\n          \"bug_kind\": \"AtomicityViolation\",\n          \"possibility\": \"Possibly\",\n          \"diagnosis\": {\n            \"fn_name\": \"set_logger_racy\",\n            \"atomic_reader\": \"/home/runner/.cargo/registry/src/index.crates.io-6f17d22bba15001f/log-0.4.21/src/lib.rs:1408:11: 1408:39 (#0)\",\n            \"atomic_writer\": \"/home/runner/.cargo/registry/src/index.crates.io-6f17d22bba15001f/log-0.4.21/src/lib.rs:1411:13: 1411:55 (#0)\",\n            \"dep_kind\": \"Control\"\n          },\n          \"explanation\": \"atomic::store is data/control dependent on atomic::load\"\n        }\n      }\n    ]\n[2025-01-10T02:38:25Z WARN  lockbud::callbacks] crate log contains bugs: { probably: 0, possibly: 0 }, conflictlock: { probably: 0, possibly: 0 }, condvar_deadlock: { probably: 0, possibly: 0 }, atomicity_violation: { possibly: 1 }, invalid_free: { possibly: 0 }, use_after_free: { possibly: 0 }\n   Compiling taskctx v0.1.0 (https://github.com/Starry-OS/taskctx.git#3c3ad2fb)\n   Compiling zerocopy v0.7.35\n   Compiling axdriver v0.1.0 (/home/runner/check/batch_1/Starry-OS/Starry-Old/modules/axdriver)\n   Compiling lazy_init v0.1.0 (https://github.com/Starry-OS/lazy_init.git#d0e87c05)\nerror[E0787]: the `asm!` macro is not allowed in naked functions\n   --> /home/runner/.cargo/git/checkouts/taskctx-38ebba1102c121c2/3c3ad2f/src/arch/aarch64.rs:86:5\n    |\n86  | /     asm!(\n87  | |         \"\n88  | |         // save old context (callee-saved registers)\n89  | |         stp     x29, x30, [x0, 12 * 8]\n...   |\n111 | |         options(noreturn),\n112 | |     )\n    | |_____^ consider using the `naked_asm!` macro instead\n\n   Compiling handler_table v0.1.0 (https://github.com/Starry-OS/handler_table.git#d6495e7d)\nFor more information about this error, try `rustc --explain E0787`.\nerror: could not compile `taskctx` (lib) due to 1 previous error\nwarning: build failed, waiting for other jobs to finish...\n"]}},{"file":"(virtual) rapx","count":1,"kinds":{"Cargo":["// pkg_name=axdriver, checker=Rapx\n// toolchain=nightly-2024-05-02, target=aarch64-unknown-none\n// pkg_dir=/home/runner/check/batch_1/Starry-OS/Starry-Old/modules/axdriver\n// cmd=cargo +nightly-2024-10-12 rapx -F -M -- --target aarch64-unknown-none\n// timestamp=2025-01-10 10:43:23.394696399 +08:00:00\n   Compiling equivalent v1.0.1\n   Compiling hashbrown v0.15.2\n   Compiling serde v1.0.215\n   Compiling toml_datetime v0.6.8\n   Compiling winnow v0.6.20\n   Compiling proc-macro2 v1.0.92\n   Compiling indexmap v2.7.0\n   Compiling unicode-ident v1.0.14\n    Checking tock-registers v0.8.1\n   Compiling quote v1.0.37\n   Compiling toml_edit v0.22.22\n   Compiling syn v2.0.90\n    Checking aarch64-cpu v9.4.0\n    Checking cfg-if v1.0.0\n    Checking log v0.4.21\n   Compiling taskctx v0.1.0 (https://github.com/Starry-OS/taskctx.git#3c3ad2fb)\n    Checking memory_addr v0.1.0 (https://github.com/Starry-OS/memory_addr.git#a5be547a)\n    Checking static_assertions v1.1.0\n    Checking bitflags v2.6.0\n    Checking numeric-enum-macro v0.2.0 (https://github.com/mexus/numeric-enum-macro#20aef288)\n   Compiling percpu v0.1.0 (https://github.com/Starry-OS/percpu.git#85e6d8a7)\n    Checking spin v0.9.8\n    Checking byteorder v1.5.0\n    Checking lazy_static v1.5.0\n    Checking fdt v0.1.5\n    Checking arm_gic v0.1.0 (https://github.com/Starry-OS/arm_gic.git#b6dfcc32)\n    Checking of v0.1.0 (https://github.com/Starry-OS/of.git#45a65508)\n    Checking page_table_entry v0.1.0 (https://github.com/Starry-OS/page_table_entry.git#8a871b43)\n    Checking dw_apb_uart v0.1.0 (https://github.com/Starry-OS/dw_apb_uart.git#15d6fb0f)\n    Checking arm_pl011 v0.1.0 (https://github.com/Starry-OS/arm_pl011.git#cba8ce63)\n   Compiling axdriver v0.1.0 (/home/runner/check/batch_1/Starry-OS/Starry-Old/modules/axdriver)\n    Checking ratio v0.1.0 (https://github.com/Starry-OS/ratio.git#0c8da4c3)\n    Checking lazy_init v0.1.0 (https://github.com/Starry-OS/lazy_init.git#d0e87c05)\n    Checking either v1.13.0\n    Checking handler_table v0.1.0 (https://github.com/Starry-OS/handler_table.git#d6495e7d)\n    Checking driver_common v0.1.0 (https://github.com/Starry-OS/driver_common.git#6f1d6712)\n   Compiling axconfig v0.1.0 (https://github.com/Starry-OS/axconfig.git#2a880338)\n   Compiling axconfig v0.1.0 (/home/runner/check/batch_1/Starry-OS/Starry-Old/modules/axconfig)\n   Compiling zerocopy-derive v0.7.35\nerror[E0787]: the `asm!` macro is not allowed in naked functions\n   --> /home/runner/.cargo/git/checkouts/taskctx-38ebba1102c121c2/3c3ad2f/src/arch/aarch64.rs:86:5\n    |\n86  | /     asm!(\n87  | |         \"\n88  | |         // save old context (callee-saved registers)\n89  | |         stp     x29, x30, [x0, 12 * 8]\n...   |\n111 | |         options(noreturn),\n112 | |     )\n    | |_____^ consider using the `naked_asm!` macro instead\n\nFor more information about this error, try `rustc --explain E0787`.\nerror: could not compile `taskctx` (lib) due to 1 previous error\nwarning: build failed, waiting for other jobs to finish...\n02:43:30|RAP|ERROR|: Finished with non-zero exit code.\n"]}},{"file":"(virtual) semver-checks","count":1,"kinds":{"Cargo":["// pkg_name=axdriver, checker=SemverChecks\n// toolchain=nightly-2024-05-02, target=aarch64-unknown-none\n// pkg_dir=/home/runner/check/batch_1/Starry-OS/Starry-Old/modules/axdriver\n// cmd=cargo +nightly-2025-01-07-x86_64-unknown-linux-gnu semver-checks --target aarch64-unknown-none\n// timestamp=2025-01-10 10:29:14.973525038 +08:00:00\n    Building axdriver v0.1.0 (current)\nerror: running cargo-doc on crate 'axdriver' failed with output:\n-----\n   Compiling proc-macro2 v1.0.92\n   Compiling unicode-ident v1.0.14\n   Compiling serde v1.0.217\n   Compiling equivalent v1.0.1\n   Compiling hashbrown v0.15.2\n   Compiling toml_datetime v0.6.8\n   Compiling winnow v0.6.22\n   Compiling indexmap v2.7.0\n   Compiling quote v1.0.38\n    Checking log v0.4.22\nerror[E0463]: can't find crate for `core`\n  |\n  = note: the `aarch64-unknown-none` target may not be installed\n  = help: consider downloading the target with `rustup target add aarch64-unknown-none`\n  = help: consider building the standard library from source with `cargo build -Zbuild-std`\n\nFor more information about this error, try `rustc --explain E0463`.\nerror: could not compile `log` (lib) due to 1 previous error\nwarning: build failed, waiting for other jobs to finish...\n\n-----\n\nerror: failed to build rustdoc for crate axdriver v0.1.0\nnote: this is usually due to a compilation error in the crate,\n      and is unlikely to be a bug in cargo-semver-checks\nnote: the following command can be used to reproduce the compilation error:\n      cargo new --lib example &&\n          cd example &&\n          echo '[workspace]' >> Cargo.toml &&\n          cargo add --path /home/runner/check/batch_1/Starry-OS/Starry-Old/modules/axdriver --features bcm2835-sdhci,block,bus-mmio,bus-pci,default,display,driver_block,driver_display,driver_net,driver_virtio,dyn,e1000,img,ixgbe,net,ramdisk,virtio,virtio-blk,virtio-gpu,virtio-net &&\n          cargo check\n\nerror: aborting due to failure to build rustdoc for crate axdriver v0.1.0\n"]}},{"file":"[outdated direct dependencies]","count":1,"kinds":{"Outdated":["pkg=axdriver, checker=Outdated\ntoolchain=nightly-2024-05-02, target=aarch64-unknown-none\npkg_dir=/home/runner/check/batch_1/Starry-OS/Starry-Old/modules/axdriver\ncmd=cargo +nightly-2025-01-07-x86_64-unknown-linux-gnu outdated -R --exit-code=2\ntimestamp=2025-01-10 11:20:25.800927887 +08:00:00\n\nName  Project  Compat  Latest  Kind    Platform\n----  -------  ------  ------  ----    --------\nlog   0.4.21   0.4.22  0.4.22  Normal  ---\n"]}},{"file":"[semver checks]","count":1,"kinds":{"Semver Violation":["pkg=axdriver, checker=SemverChecks\ntoolchain=nightly-2024-05-02, target=aarch64-unknown-none\npkg_dir=/home/runner/check/batch_1/Starry-OS/Starry-Old/modules/axdriver\ncmd=cargo +nightly-2025-01-07-x86_64-unknown-linux-gnu semver-checks --target aarch64-unknown-none\ntimestamp=2025-01-10 10:29:23.07468008 +08:00:00\n\n\nstdout:\n\nstderr:\n    Building axdriver v0.1.0 (current)\nerror: running cargo-doc on crate 'axdriver' failed with output:\n-----\n   Compiling proc-macro2 v1.0.92\n   Compiling unicode-ident v1.0.14\n   Compiling serde v1.0.217\n   Compiling equivalent v1.0.1\n   Compiling hashbrown v0.15.2\n   Compiling toml_datetime v0.6.8\n   Compiling winnow v0.6.22\n   Compiling indexmap v2.7.0\n   Compiling quote v1.0.38\n    Checking log v0.4.22\nerror[E0463]: can't find crate for `core`\n  |\n  = note: the `aarch64-unknown-none` target may not be installed\n  = help: consider downloading the target with `rustup target add aarch64-unknown-none`\n  = help: consider building the standard library from source with `cargo build -Zbuild-std`\n\nFor more information about this error, try `rustc --explain E0463`.\nerror: could not compile `log` (lib) due to 1 previous error\nwarning: build failed, waiting for other jobs to finish...\n\n-----\n\nerror: failed to build rustdoc for crate axdriver v0.1.0\nnote: this is usually due to a compilation error in the crate,\n      and is unlikely to be a bug in cargo-semver-checks\nnote: the following command can be used to reproduce the compilation error:\n      cargo new --lib example &&\n          cd example &&\n          echo '[workspace]' >> Cargo.toml &&\n          cargo add --path /home/runner/check/batch_1/Starry-OS/Starry-Old/modules/axdriver --features bcm2835-sdhci,block,bus-mmio,bus-pci,default,display,driver_block,driver_display,driver_net,driver_virtio,dyn,e1000,img,ixgbe,net,ramdisk,virtio,virtio-blk,virtio-gpu,virtio-net &&\n          cargo check\n\nerror: aborting due to failure to build rustdoc for crate axdriver v0.1.0\n"]}}]},{"user":"Starry-OS","repo":"Starry-Old","pkg":"axhal","count":5,"raw_reports":[{"file":"(virtual) lockbud","count":1,"kinds":{"Cargo":["// pkg_name=axhal, checker=Lockbud\n// toolchain=nightly-2024-05-02, target=aarch64-unknown-none\n// pkg_dir=/home/runner/check/batch_1/Starry-OS/Starry-Old/modules/axhal\n// cmd=cargo +nightly-2024-12-01 lockbud -k all -- --target aarch64-unknown-none\n// timestamp=2025-01-10 10:39:14.95884498 +08:00:00\n[2025-01-10T02:38:25Z WARN  lockbud::callbacks] [\n      {\n        \"AtomicityViolation\": {\n          \"bug_kind\": \"AtomicityViolation\",\n          \"possibility\": \"Possibly\",\n          \"diagnosis\": {\n            \"fn_name\": \"set_logger_racy\",\n            \"atomic_reader\": \"/home/runner/.cargo/registry/src/index.crates.io-6f17d22bba15001f/log-0.4.21/src/lib.rs:1408:11: 1408:39 (#0)\",\n            \"atomic_writer\": \"/home/runner/.cargo/registry/src/index.crates.io-6f17d22bba15001f/log-0.4.21/src/lib.rs:1411:13: 1411:55 (#0)\",\n            \"dep_kind\": \"Control\"\n          },\n          \"explanation\": \"atomic::store is data/control dependent on atomic::load\"\n        }\n      }\n    ]\n[2025-01-10T02:38:25Z WARN  lockbud::callbacks] crate log contains bugs: { probably: 0, possibly: 0 }, conflictlock: { probably: 0, possibly: 0 }, condvar_deadlock: { probably: 0, possibly: 0 }, atomicity_violation: { possibly: 1 }, invalid_free: { possibly: 0 }, use_after_free: { possibly: 0 }\n   Compiling taskctx v0.1.0 (https://github.com/Starry-OS/taskctx.git#3c3ad2fb)\nerror[E0787]: the `asm!` macro is not allowed in naked functions\n   --> /home/runner/.cargo/git/checkouts/taskctx-38ebba1102c121c2/3c3ad2f/src/arch/aarch64.rs:86:5\n    |\n86  | /     asm!(\n87  | |         \"\n88  | |         // save old context (callee-saved registers)\n89  | |         stp     x29, x30, [x0, 12 * 8]\n...   |\n111 | |         options(noreturn),\n112 | |     )\n    | |_____^ consider using the `naked_asm!` macro instead\n\nFor more information about this error, try `rustc --explain E0787`.\nerror: could not compile `taskctx` (lib) due to 1 previous error\n"]}},{"file":"(virtual) rapx","count":1,"kinds":{"Cargo":["// pkg_name=axhal, checker=Rapx\n// toolchain=nightly-2024-05-02, target=aarch64-unknown-none\n// pkg_dir=/home/runner/check/batch_1/Starry-OS/Starry-Old/modules/axhal\n// cmd=cargo +nightly-2024-10-12 rapx -F -M -- --target aarch64-unknown-none\n// timestamp=2025-01-10 10:45:22.434998145 +08:00:00\n   Compiling hashbrown v0.15.2\n   Compiling serde v1.0.215\n   Compiling equivalent v1.0.1\n   Compiling toml_datetime v0.6.8\n   Compiling winnow v0.6.20\n    Checking tock-registers v0.8.1\n   Compiling proc-macro2 v1.0.92\n   Compiling indexmap v2.7.0\n   Compiling unicode-ident v1.0.14\n    Checking aarch64-cpu v9.4.0\n   Compiling toml_edit v0.22.22\n    Checking cfg-if v1.0.0\n   Compiling quote v1.0.37\n    Checking memory_addr v0.1.0 (https://github.com/Starry-OS/memory_addr.git#a5be547a)\n   Compiling taskctx v0.1.0 (https://github.com/Starry-OS/taskctx.git#3c3ad2fb)\n   Compiling syn v2.0.90\n    Checking static_assertions v1.1.0\n    Checking log v0.4.21\n    Checking numeric-enum-macro v0.2.0 (https://github.com/mexus/numeric-enum-macro#20aef288)\n   Compiling percpu v0.1.0 (https://github.com/Starry-OS/percpu.git#85e6d8a7)\n    Checking spin v0.9.8\n    Checking bitflags v2.6.0\n    Checking lazy_static v1.5.0\n    Checking fdt v0.1.5\n    Checking arm_gic v0.1.0 (https://github.com/Starry-OS/arm_gic.git#b6dfcc32)\n    Checking of v0.1.0 (https://github.com/Starry-OS/of.git#45a65508)\n    Checking page_table_entry v0.1.0 (https://github.com/Starry-OS/page_table_entry.git#8a871b43)\n    Checking arm_pl011 v0.1.0 (https://github.com/Starry-OS/arm_pl011.git#cba8ce63)\n    Checking dw_apb_uart v0.1.0 (https://github.com/Starry-OS/dw_apb_uart.git#15d6fb0f)\n    Checking handler_table v0.1.0 (https://github.com/Starry-OS/handler_table.git#d6495e7d)\n    Checking ratio v0.1.0 (https://github.com/Starry-OS/ratio.git#0c8da4c3)\n    Checking lazy_init v0.1.0 (https://github.com/Starry-OS/lazy_init.git#d0e87c05)\n    Checking either v1.13.0\n   Compiling axconfig v0.1.0 (https://github.com/Starry-OS/axconfig.git#2a880338)\n   Compiling axconfig v0.1.0 (/home/runner/check/batch_1/Starry-OS/Starry-Old/modules/axconfig)\nerror[E0787]: the `asm!` macro is not allowed in naked functions\n   --> /home/runner/.cargo/git/checkouts/taskctx-38ebba1102c121c2/3c3ad2f/src/arch/aarch64.rs:86:5\n    |\n86  | /     asm!(\n87  | |         \"\n88  | |         // save old context (callee-saved registers)\n89  | |         stp     x29, x30, [x0, 12 * 8]\n...   |\n111 | |         options(noreturn),\n112 | |     )\n    | |_____^ consider using the `naked_asm!` macro instead\n\nFor more information about this error, try `rustc --explain E0787`.\nerror: could not compile `taskctx` (lib) due to 1 previous error\nwarning: build failed, waiting for other jobs to finish...\n02:45:29|RAP|ERROR|: Finished with non-zero exit code.\n"]}},{"file":"(virtual) semver-checks","count":1,"kinds":{"Cargo":["// pkg_name=axhal, checker=SemverChecks\n// toolchain=nightly-2024-05-02, target=aarch64-unknown-none\n// pkg_dir=/home/runner/check/batch_1/Starry-OS/Starry-Old/modules/axhal\n// cmd=cargo +nightly-2025-01-07-x86_64-unknown-linux-gnu semver-checks --target aarch64-unknown-none\n// timestamp=2025-01-10 10:31:23.795258263 +08:00:00\n    Building axhal v0.1.0 (current)\nerror: running cargo-doc on crate 'axhal' failed with output:\n-----\n   Compiling serde v1.0.217\n   Compiling equivalent v1.0.1\n   Compiling hashbrown v0.15.2\n   Compiling winnow v0.6.22\n   Compiling toml_datetime v0.6.8\n   Compiling proc-macro2 v1.0.92\n   Compiling indexmap v2.7.0\n   Compiling unicode-ident v1.0.14\n   Compiling quote v1.0.38\n    Checking cfg-if v1.0.0\n    Checking log v0.4.22\nerror[E0463]: can't find crate for `core`\n  |\n  = note: the `aarch64-unknown-none` target may not be installed\n  = help: consider downloading the target with `rustup target add aarch64-unknown-none`\n  = help: consider building the standard library from source with `cargo build -Zbuild-std`\n\nFor more information about this error, try `rustc --explain E0463`.\nerror: could not compile `cfg-if` (lib) due to 1 previous error\nwarning: build failed, waiting for other jobs to finish...\nerror: could not compile `log` (lib) due to 1 previous error\n\n-----\n\nerror: failed to build rustdoc for crate axhal v0.1.0\nnote: this is usually due to a compilation error in the crate,\n      and is unlikely to be a bug in cargo-semver-checks\nnote: the following command can be used to reproduce the compilation error:\n      cargo new --lib example &&\n          cd example &&\n          echo '[workspace]' >> Cargo.toml &&\n          cargo add --path /home/runner/check/batch_1/Starry-OS/Starry-Old/modules/axhal --features alloc,axalloc,default,fp_simd,irq,monolithic,page_table,paging,smp,tls &&\n          cargo check\n\nerror: aborting due to failure to build rustdoc for crate axhal v0.1.0\n"]}},{"file":"[outdated direct dependencies]","count":1,"kinds":{"Outdated":["pkg=axhal, checker=Outdated\ntoolchain=nightly-2024-05-02, target=aarch64-unknown-none\npkg_dir=/home/runner/check/batch_1/Starry-OS/Starry-Old/modules/axhal\ncmd=cargo +nightly-2025-01-07-x86_64-unknown-linux-gnu outdated -R --exit-code=2\ntimestamp=2025-01-10 11:30:40.374169133 +08:00:00\n\nName            Project  Compat  Latest  Kind    Platform\n----            -------  ------  ------  ----    --------\naarch64-cpu     9.4.0    ---     10.0.0  Normal  cfg(target_arch = \"aarch64\")\nbitflags        2.6.0    2.7.0   2.7.0   Normal  ---\nlog             0.4.21   0.4.22  0.4.22  Normal  ---\nriscv           0.11.1   ---     0.12.1  Normal  cfg(any(target_arch = \"riscv32\", target_arch = \"riscv64\"))\ntock-registers  0.8.1    ---     0.9.0   Normal  cfg(target_arch = \"aarch64\")\nx86_64          0.15.1   0.15.2  0.15.2  Normal  cfg(target_arch = \"x86_64\")\n"]}},{"file":"[semver checks]","count":1,"kinds":{"Semver Violation":["pkg=axhal, checker=SemverChecks\ntoolchain=nightly-2024-05-02, target=aarch64-unknown-none\npkg_dir=/home/runner/check/batch_1/Starry-OS/Starry-Old/modules/axhal\ncmd=cargo +nightly-2025-01-07-x86_64-unknown-linux-gnu semver-checks --target aarch64-unknown-none\ntimestamp=2025-01-10 10:31:31.228486004 +08:00:00\n\n\nstdout:\n\nstderr:\n    Building axhal v0.1.0 (current)\nerror: running cargo-doc on crate 'axhal' failed with output:\n-----\n   Compiling serde v1.0.217\n   Compiling equivalent v1.0.1\n   Compiling hashbrown v0.15.2\n   Compiling winnow v0.6.22\n   Compiling toml_datetime v0.6.8\n   Compiling proc-macro2 v1.0.92\n   Compiling indexmap v2.7.0\n   Compiling unicode-ident v1.0.14\n   Compiling quote v1.0.38\n    Checking cfg-if v1.0.0\n    Checking log v0.4.22\nerror[E0463]: can't find crate for `core`\n  |\n  = note: the `aarch64-unknown-none` target may not be installed\n  = help: consider downloading the target with `rustup target add aarch64-unknown-none`\n  = help: consider building the standard library from source with `cargo build -Zbuild-std`\n\nFor more information about this error, try `rustc --explain E0463`.\nerror: could not compile `cfg-if` (lib) due to 1 previous error\nwarning: build failed, waiting for other jobs to finish...\nerror: could not compile `log` (lib) due to 1 previous error\n\n-----\n\nerror: failed to build rustdoc for crate axhal v0.1.0\nnote: this is usually due to a compilation error in the crate,\n      and is unlikely to be a bug in cargo-semver-checks\nnote: the following command can be used to reproduce the compilation error:\n      cargo new --lib example &&\n          cd example &&\n          echo '[workspace]' >> Cargo.toml &&\n          cargo add --path /home/runner/check/batch_1/Starry-OS/Starry-Old/modules/axhal --features alloc,axalloc,default,fp_simd,irq,monolithic,page_table,paging,smp,tls &&\n          cargo check\n\nerror: aborting due to failure to build rustdoc for crate axhal v0.1.0\n"]}}]},{"user":"Starry-OS","repo":"Starry-Old","pkg":"axlibc","count":5,"raw_reports":[{"file":"(virtual) lockbud","count":1,"kinds":{"Cargo":["// pkg_name=axlibc, checker=Lockbud\n// toolchain=nightly-2024-05-02, target=aarch64-unknown-none\n// pkg_dir=/home/runner/check/batch_1/Starry-OS/Starry-Old/ulib/axlibc\n// cmd=cargo +nightly-2024-12-01 lockbud -k all -- --target aarch64-unknown-none\n// timestamp=2025-01-10 10:39:17.080358726 +08:00:00\n[2025-01-10T02:38:25Z WARN  lockbud::callbacks] [\n      {\n        \"AtomicityViolation\": {\n          \"bug_kind\": \"AtomicityViolation\",\n          \"possibility\": \"Possibly\",\n          \"diagnosis\": {\n            \"fn_name\": \"set_logger_racy\",\n            \"atomic_reader\": \"/home/runner/.cargo/registry/src/index.crates.io-6f17d22bba15001f/log-0.4.21/src/lib.rs:1408:11: 1408:39 (#0)\",\n            \"atomic_writer\": \"/home/runner/.cargo/registry/src/index.crates.io-6f17d22bba15001f/log-0.4.21/src/lib.rs:1411:13: 1411:55 (#0)\",\n            \"dep_kind\": \"Control\"\n          },\n          \"explanation\": \"atomic::store is data/control dependent on atomic::load\"\n        }\n      }\n    ]\n[2025-01-10T02:38:25Z WARN  lockbud::callbacks] crate log contains bugs: { probably: 0, possibly: 0 }, conflictlock: { probably: 0, possibly: 0 }, condvar_deadlock: { probably: 0, possibly: 0 }, atomicity_violation: { possibly: 1 }, invalid_free: { possibly: 0 }, use_after_free: { possibly: 0 }\n   Compiling taskctx v0.1.0 (https://github.com/Starry-OS/taskctx.git#3c3ad2fb)\n   Compiling percpu v0.1.0 (https://github.com/Starry-OS/percpu.git#85e6d8a7)\n   Compiling rustix v0.38.41\n   Compiling libc v0.2.167\nerror[E0787]: the `asm!` macro is not allowed in naked functions\n   --> /home/runner/.cargo/git/checkouts/taskctx-38ebba1102c121c2/3c3ad2f/src/arch/aarch64.rs:86:5\n    |\n86  | /     asm!(\n87  | |         \"\n88  | |         // save old context (callee-saved registers)\n89  | |         stp     x29, x30, [x0, 12 * 8]\n...   |\n111 | |         options(noreturn),\n112 | |     )\n    | |_____^ consider using the `naked_asm!` macro instead\n\nFor more information about this error, try `rustc --explain E0787`.\n   Compiling prettyplease v0.2.25\nerror: could not compile `taskctx` (lib) due to 1 previous error\nwarning: build failed, waiting for other jobs to finish...\n"]}},{"file":"(virtual) rapx","count":1,"kinds":{"Cargo":["// pkg_name=axlibc, checker=Rapx\n// toolchain=nightly-2024-05-02, target=aarch64-unknown-none\n// pkg_dir=/home/runner/check/batch_1/Starry-OS/Starry-Old/ulib/axlibc\n// cmd=cargo +nightly-2024-10-12 rapx -F -M -- --target aarch64-unknown-none\n// timestamp=2025-01-10 10:45:50.575632061 +08:00:00\n   Compiling hashbrown v0.15.2\n   Compiling serde v1.0.215\n   Compiling equivalent v1.0.1\n   Compiling toml_datetime v0.6.8\n   Compiling winnow v0.6.20\n   Compiling proc-macro2 v1.0.92\n   Compiling indexmap v2.7.0\n   Compiling unicode-ident v1.0.14\n    Checking tock-registers v0.8.1\n    Checking cfg-if v1.0.0\n   Compiling quote v1.0.37\n   Compiling toml_edit v0.22.22\n   Compiling syn v2.0.90\n    Checking log v0.4.21\n    Checking aarch64-cpu v9.4.0\n   Compiling autocfg v1.4.0\n   Compiling lock_api v0.4.12\n   Compiling taskctx v0.1.0 (https://github.com/Starry-OS/taskctx.git#3c3ad2fb)\n    Checking memory_addr v0.1.0 (https://github.com/Starry-OS/memory_addr.git#a5be547a)\n    Checking static_assertions v1.1.0\n    Checking numeric-enum-macro v0.2.0 (https://github.com/mexus/numeric-enum-macro#20aef288)\n    Checking scopeguard v1.2.0\n   Compiling percpu v0.1.0 (https://github.com/Starry-OS/percpu.git#85e6d8a7)\n    Checking bitflags v2.6.0\n    Checking spin v0.9.8\n    Checking fdt v0.1.5\n    Checking lazy_static v1.5.0\n   Compiling glob v0.3.1\n    Checking of v0.1.0 (https://github.com/Starry-OS/of.git#45a65508)\n    Checking arm_gic v0.1.0 (https://github.com/Starry-OS/arm_gic.git#b6dfcc32)\n   Compiling clang-sys v1.8.1\n    Checking page_table_entry v0.1.0 (https://github.com/Starry-OS/page_table_entry.git#8a871b43)\n   Compiling axconfig v0.1.0 (/home/runner/check/batch_1/Starry-OS/Starry-Old/modules/axconfig)\n   Compiling axconfig v0.1.0 (https://github.com/Starry-OS/axconfig.git#2a880338)\n    Checking dw_apb_uart v0.1.0 (https://github.com/Starry-OS/dw_apb_uart.git#15d6fb0f)\n    Checking arm_pl011 v0.1.0 (https://github.com/Starry-OS/arm_pl011.git#cba8ce63)\nerror[E0787]: the `asm!` macro is not allowed in naked functions\n   --> /home/runner/.cargo/git/checkouts/taskctx-38ebba1102c121c2/3c3ad2f/src/arch/aarch64.rs:86:5\n    |\n86  | /     asm!(\n87  | |         \"\n88  | |         // save old context (callee-saved registers)\n89  | |         stp     x29, x30, [x0, 12 * 8]\n...   |\n111 | |         options(noreturn),\n112 | |     )\n    | |_____^ consider using the `naked_asm!` macro instead\n\nFor more information about this error, try `rustc --explain E0787`.\nerror: could not compile `taskctx` (lib) due to 1 previous error\nwarning: build failed, waiting for other jobs to finish...\n02:45:58|RAP|ERROR|: Finished with non-zero exit code.\n"]}},{"file":"(virtual) semver-checks","count":1,"kinds":{"Cargo":["// pkg_name=axlibc, checker=SemverChecks\n// toolchain=nightly-2024-05-02, target=aarch64-unknown-none\n// pkg_dir=/home/runner/check/batch_1/Starry-OS/Starry-Old/ulib/axlibc\n// cmd=cargo +nightly-2025-01-07-x86_64-unknown-linux-gnu semver-checks --target aarch64-unknown-none\n// timestamp=2025-01-10 10:31:48.045462595 +08:00:00\n    Building axlibc v0.1.0 (current)\nerror: running cargo-doc on crate 'axlibc' failed with output:\n-----\n   Compiling proc-macro2 v1.0.92\n   Compiling unicode-ident v1.0.14\n    Checking log v0.4.22\n   Compiling hashbrown v0.15.2\nerror[E0463]: can't find crate for `core`\n  |\n  = note: the `aarch64-unknown-none` target may not be installed\n  = help: consider downloading the target with `rustup target add aarch64-unknown-none`\n  = help: consider building the standard library from source with `cargo build -Zbuild-std`\n\nFor more information about this error, try `rustc --explain E0463`.\nerror: could not compile `log` (lib) due to 1 previous error\nwarning: build failed, waiting for other jobs to finish...\n\n-----\n\nerror: failed to build rustdoc for crate axlibc v0.1.0\nnote: this is usually due to a compilation error in the crate,\n      and is unlikely to be a bug in cargo-semver-checks\nnote: the following command can be used to reproduce the compilation error:\n      cargo new --lib example &&\n          cd example &&\n          echo '[workspace]' >> Cargo.toml &&\n          cargo add --path /home/runner/check/batch_1/Starry-OS/Starry-Old/ulib/axlibc --features alloc,default,epoll,fd,fp_simd,fs,irq,multitask,net,pipe,sched_cfs,sched_rr,select,smp,tls &&\n          cargo check\n\nerror: aborting due to failure to build rustdoc for crate axlibc v0.1.0\n"]}},{"file":"[outdated direct dependencies]","count":1,"kinds":{"Outdated":["pkg=axlibc, checker=Outdated\ntoolchain=nightly-2024-05-02, target=aarch64-unknown-none\npkg_dir=/home/runner/check/batch_1/Starry-OS/Starry-Old/ulib/axlibc\ncmd=cargo +nightly-2025-01-07-x86_64-unknown-linux-gnu outdated -R --exit-code=2\ntimestamp=2025-01-10 11:33:13.024071541 +08:00:00\n\nName     Project  Compat  Latest  Kind   Platform\n----     -------  ------  ------  ----   --------\nbindgen  0.69.5   ---     0.71.1  Build  ---\n"]}},{"file":"[semver checks]","count":1,"kinds":{"Semver Violation":["pkg=axlibc, checker=SemverChecks\ntoolchain=nightly-2024-05-02, target=aarch64-unknown-none\npkg_dir=/home/runner/check/batch_1/Starry-OS/Starry-Old/ulib/axlibc\ncmd=cargo +nightly-2025-01-07-x86_64-unknown-linux-gnu semver-checks --target aarch64-unknown-none\ntimestamp=2025-01-10 10:31:56.283238211 +08:00:00\n\n\nstdout:\n\nstderr:\n    Building axlibc v0.1.0 (current)\nerror: running cargo-doc on crate 'axlibc' failed with output:\n-----\n   Compiling proc-macro2 v1.0.92\n   Compiling unicode-ident v1.0.14\n    Checking log v0.4.22\n   Compiling hashbrown v0.15.2\nerror[E0463]: can't find crate for `core`\n  |\n  = note: the `aarch64-unknown-none` target may not be installed\n  = help: consider downloading the target with `rustup target add aarch64-unknown-none`\n  = help: consider building the standard library from source with `cargo build -Zbuild-std`\n\nFor more information about this error, try `rustc --explain E0463`.\nerror: could not compile `log` (lib) due to 1 previous error\nwarning: build failed, waiting for other jobs to finish...\n\n-----\n\nerror: failed to build rustdoc for crate axlibc v0.1.0\nnote: this is usually due to a compilation error in the crate,\n      and is unlikely to be a bug in cargo-semver-checks\nnote: the following command can be used to reproduce the compilation error:\n      cargo new --lib example &&\n          cd example &&\n          echo '[workspace]' >> Cargo.toml &&\n          cargo add --path /home/runner/check/batch_1/Starry-OS/Starry-Old/ulib/axlibc --features alloc,default,epoll,fd,fp_simd,fs,irq,multitask,net,pipe,sched_cfs,sched_rr,select,smp,tls &&\n          cargo check\n\nerror: aborting due to failure to build rustdoc for crate axlibc v0.1.0\n"]}}]},{"user":"Starry-OS","repo":"Starry-Old","pkg":"axlog","count":5,"raw_reports":[{"file":"(virtual) lockbud","count":1,"kinds":{"Cargo":["// pkg_name=axlog, checker=Lockbud\n// toolchain=nightly-2024-05-02, target=aarch64-unknown-none\n// pkg_dir=/home/runner/check/batch_1/Starry-OS/Starry-Old/modules/axlog\n// cmd=cargo +nightly-2024-12-01 lockbud -k all -- --target aarch64-unknown-none\n// timestamp=2025-01-10 10:39:20.741776592 +08:00:00\n[2025-01-10T02:38:25Z WARN  lockbud::callbacks] [\n      {\n        \"AtomicityViolation\": {\n          \"bug_kind\": \"AtomicityViolation\",\n          \"possibility\": \"Possibly\",\n          \"diagnosis\": {\n            \"fn_name\": \"set_logger_racy\",\n            \"atomic_reader\": \"/home/runner/.cargo/registry/src/index.crates.io-6f17d22bba15001f/log-0.4.21/src/lib.rs:1408:11: 1408:39 (#0)\",\n            \"atomic_writer\": \"/home/runner/.cargo/registry/src/index.crates.io-6f17d22bba15001f/log-0.4.21/src/lib.rs:1411:13: 1411:55 (#0)\",\n            \"dep_kind\": \"Control\"\n          },\n          \"explanation\": \"atomic::store is data/control dependent on atomic::load\"\n        }\n      }\n    ]\n[2025-01-10T02:38:25Z WARN  lockbud::callbacks] crate log contains bugs: { probably: 0, possibly: 0 }, conflictlock: { probably: 0, possibly: 0 }, condvar_deadlock: { probably: 0, possibly: 0 }, atomicity_violation: { possibly: 1 }, invalid_free: { possibly: 0 }, use_after_free: { possibly: 0 }\n   Compiling taskctx v0.1.0 (https://github.com/Starry-OS/taskctx.git#3c3ad2fb)\nerror[E0787]: the `asm!` macro is not allowed in naked functions\n   --> /home/runner/.cargo/git/checkouts/taskctx-38ebba1102c121c2/3c3ad2f/src/arch/aarch64.rs:86:5\n    |\n86  | /     asm!(\n87  | |         \"\n88  | |         // save old context (callee-saved registers)\n89  | |         stp     x29, x30, [x0, 12 * 8]\n...   |\n111 | |         options(noreturn),\n112 | |     )\n    | |_____^ consider using the `naked_asm!` macro instead\n\nFor more information about this error, try `rustc --explain E0787`.\nerror: could not compile `taskctx` (lib) due to 1 previous error\n"]}},{"file":"(virtual) rapx","count":1,"kinds":{"Cargo":["// pkg_name=axlog, checker=Rapx\n// toolchain=nightly-2024-05-02, target=aarch64-unknown-none\n// pkg_dir=/home/runner/check/batch_1/Starry-OS/Starry-Old/modules/axlog\n// cmd=cargo +nightly-2024-10-12 rapx -F -M -- --target aarch64-unknown-none\n// timestamp=2025-01-10 10:46:22.205513876 +08:00:00\n   Compiling equivalent v1.0.1\n   Compiling hashbrown v0.15.2\n   Compiling serde v1.0.215\n   Compiling toml_datetime v0.6.8\n   Compiling winnow v0.6.20\n   Compiling proc-macro2 v1.0.92\n   Compiling indexmap v2.7.0\n    Checking tock-registers v0.8.1\n   Compiling taskctx v0.1.0 (https://github.com/Starry-OS/taskctx.git#3c3ad2fb)\n   Compiling unicode-ident v1.0.14\n    Checking aarch64-cpu v9.4.0\n   Compiling toml_edit v0.22.22\n    Checking cfg-if v1.0.0\n    Checking log v0.4.21\n    Checking numeric-enum-macro v0.2.0 (https://github.com/mexus/numeric-enum-macro#20aef288)\n    Checking static_assertions v1.1.0\n    Checking memory_addr v0.1.0 (https://github.com/Starry-OS/memory_addr.git#a5be547a)\n   Compiling quote v1.0.37\n   Compiling syn v2.0.90\n   Compiling axconfig v0.1.0 (https://github.com/Starry-OS/axconfig.git#2a880338)\nerror[E0787]: the `asm!` macro is not allowed in naked functions\n   --> /home/runner/.cargo/git/checkouts/taskctx-38ebba1102c121c2/3c3ad2f/src/arch/aarch64.rs:86:5\n    |\n86  | /     asm!(\n87  | |         \"\n88  | |         // save old context (callee-saved registers)\n89  | |         stp     x29, x30, [x0, 12 * 8]\n...   |\n111 | |         options(noreturn),\n112 | |     )\n    | |_____^ consider using the `naked_asm!` macro instead\n\nFor more information about this error, try `rustc --explain E0787`.\nerror: could not compile `taskctx` (lib) due to 1 previous error\nwarning: build failed, waiting for other jobs to finish...\n02:46:28|RAP|ERROR|: Finished with non-zero exit code.\n"]}},{"file":"(virtual) semver-checks","count":1,"kinds":{"Cargo":["// pkg_name=axlog, checker=SemverChecks\n// toolchain=nightly-2024-05-02, target=aarch64-unknown-none\n// pkg_dir=/home/runner/check/batch_1/Starry-OS/Starry-Old/modules/axlog\n// cmd=cargo +nightly-2025-01-07-x86_64-unknown-linux-gnu semver-checks --target aarch64-unknown-none\n// timestamp=2025-01-10 10:32:23.323416336 +08:00:00\n    Building axlog v0.1.0 (current)\nerror: running cargo-doc on crate 'axlog' failed with output:\n-----\n   Compiling serde v1.0.217\n   Compiling equivalent v1.0.1\n   Compiling hashbrown v0.15.2\n   Compiling toml_datetime v0.6.8\n   Compiling winnow v0.6.22\n   Compiling proc-macro2 v1.0.92\n   Compiling unicode-ident v1.0.14\n   Compiling indexmap v2.7.0\n    Checking tock-registers v0.9.0\nerror[E0463]: can't find crate for `core`\n  |\n  = note: the `aarch64-unknown-none` target may not be installed\n  = help: consider downloading the target with `rustup target add aarch64-unknown-none`\n  = help: consider building the standard library from source with `cargo build -Zbuild-std`\n\nFor more information about this error, try `rustc --explain E0463`.\nerror: could not compile `tock-registers` (lib) due to 1 previous error\nwarning: build failed, waiting for other jobs to finish...\n\n-----\n\nerror: failed to build rustdoc for crate axlog v0.1.0\nnote: this is usually due to a compilation error in the crate,\n      and is unlikely to be a bug in cargo-semver-checks\nnote: the following command can be used to reproduce the compilation error:\n      cargo new --lib example &&\n          cd example &&\n          echo '[workspace]' >> Cargo.toml &&\n          cargo add --path /home/runner/check/batch_1/Starry-OS/Starry-Old/modules/axlog --features default,log-level-debug,log-level-error,log-level-info,log-level-off,log-level-trace,log-level-warn,std &&\n          cargo check\n\nerror: aborting due to failure to build rustdoc for crate axlog v0.1.0\n"]}},{"file":"[outdated direct dependencies]","count":1,"kinds":{"Outdated":["pkg=axlog, checker=Outdated\ntoolchain=nightly-2024-05-02, target=aarch64-unknown-none\npkg_dir=/home/runner/check/batch_1/Starry-OS/Starry-Old/modules/axlog\ncmd=cargo +nightly-2025-01-07-x86_64-unknown-linux-gnu outdated -R --exit-code=2\ntimestamp=2025-01-10 11:35:46.827871469 +08:00:00\n\nName    Project  Compat  Latest  Kind    Platform\n----    -------  ------  ------  ----    --------\nchrono  0.4.38   0.4.39  0.4.39  Normal  ---\nlog     0.4.21   0.4.22  0.4.22  Normal  ---\n"]}},{"file":"[semver checks]","count":1,"kinds":{"Semver Violation":["pkg=axlog, checker=SemverChecks\ntoolchain=nightly-2024-05-02, target=aarch64-unknown-none\npkg_dir=/home/runner/check/batch_1/Starry-OS/Starry-Old/modules/axlog\ncmd=cargo +nightly-2025-01-07-x86_64-unknown-linux-gnu semver-checks --target aarch64-unknown-none\ntimestamp=2025-01-10 10:32:27.642989398 +08:00:00\n\n\nstdout:\n\nstderr:\n    Building axlog v0.1.0 (current)\nerror: running cargo-doc on crate 'axlog' failed with output:\n-----\n   Compiling serde v1.0.217\n   Compiling equivalent v1.0.1\n   Compiling hashbrown v0.15.2\n   Compiling toml_datetime v0.6.8\n   Compiling winnow v0.6.22\n   Compiling proc-macro2 v1.0.92\n   Compiling unicode-ident v1.0.14\n   Compiling indexmap v2.7.0\n    Checking tock-registers v0.9.0\nerror[E0463]: can't find crate for `core`\n  |\n  = note: the `aarch64-unknown-none` target may not be installed\n  = help: consider downloading the target with `rustup target add aarch64-unknown-none`\n  = help: consider building the standard library from source with `cargo build -Zbuild-std`\n\nFor more information about this error, try `rustc --explain E0463`.\nerror: could not compile `tock-registers` (lib) due to 1 previous error\nwarning: build failed, waiting for other jobs to finish...\n\n-----\n\nerror: failed to build rustdoc for crate axlog v0.1.0\nnote: this is usually due to a compilation error in the crate,\n      and is unlikely to be a bug in cargo-semver-checks\nnote: the following command can be used to reproduce the compilation error:\n      cargo new --lib example &&\n          cd example &&\n          echo '[workspace]' >> Cargo.toml &&\n          cargo add --path /home/runner/check/batch_1/Starry-OS/Starry-Old/modules/axlog --features default,log-level-debug,log-level-error,log-level-info,log-level-off,log-level-trace,log-level-warn,std &&\n          cargo check\n\nerror: aborting due to failure to build rustdoc for crate axlog v0.1.0\n"]}}]},{"user":"Starry-OS","repo":"Starry-Old","pkg":"axmem","count":5,"raw_reports":[{"file":"(virtual) lockbud","count":1,"kinds":{"Cargo":["// pkg_name=axmem, checker=Lockbud\n// toolchain=nightly-2024-05-02, target=aarch64-unknown-none\n// pkg_dir=/home/runner/check/batch_1/Starry-OS/Starry-Old/modules/axmem\n// cmd=cargo +nightly-2024-12-01 lockbud -k all -- --target aarch64-unknown-none\n// timestamp=2025-01-10 10:39:21.420915164 +08:00:00\n[2025-01-10T02:38:25Z WARN  lockbud::callbacks] [\n      {\n        \"AtomicityViolation\": {\n          \"bug_kind\": \"AtomicityViolation\",\n          \"possibility\": \"Possibly\",\n          \"diagnosis\": {\n            \"fn_name\": \"set_logger_racy\",\n            \"atomic_reader\": \"/home/runner/.cargo/registry/src/index.crates.io-6f17d22bba15001f/log-0.4.21/src/lib.rs:1408:11: 1408:39 (#0)\",\n            \"atomic_writer\": \"/home/runner/.cargo/registry/src/index.crates.io-6f17d22bba15001f/log-0.4.21/src/lib.rs:1411:13: 1411:55 (#0)\",\n            \"dep_kind\": \"Control\"\n          },\n          \"explanation\": \"atomic::store is data/control dependent on atomic::load\"\n        }\n      }\n    ]\n[2025-01-10T02:38:25Z WARN  lockbud::callbacks] crate log contains bugs: { probably: 0, possibly: 0 }, conflictlock: { probably: 0, possibly: 0 }, condvar_deadlock: { probably: 0, possibly: 0 }, atomicity_violation: { possibly: 1 }, invalid_free: { possibly: 0 }, use_after_free: { possibly: 0 }\n   Compiling taskctx v0.1.0 (https://github.com/Starry-OS/taskctx.git#3c3ad2fb)\n   Compiling axhal v0.1.0 (/home/runner/check/batch_1/Starry-OS/Starry-Old/modules/axhal)\n   Compiling nb v1.1.0\n   Compiling rand v0.8.5\n   Compiling driver_pci v0.1.0 (https://github.com/Starry-OS/driver_pci.git#ea1078c9)\nerror[E0787]: the `asm!` macro is not allowed in naked functions\n   --> /home/runner/.cargo/git/checkouts/taskctx-38ebba1102c121c2/3c3ad2f/src/arch/aarch64.rs:86:5\n    |\n86  | /     asm!(\n87  | |         \"\n88  | |         // save old context (callee-saved registers)\n89  | |         stp     x29, x30, [x0, 12 * 8]\n...   |\n111 | |         options(noreturn),\n112 | |     )\n    | |_____^ consider using the `naked_asm!` macro instead\n\n   Compiling nb v0.1.3\n   Compiling riscv v0.10.1\nFor more information about this error, try `rustc --explain E0787`.\nerror: could not compile `taskctx` (lib) due to 1 previous error\nwarning: build failed, waiting for other jobs to finish...\n"]}},{"file":"(virtual) rapx","count":1,"kinds":{"Cargo":["// pkg_name=axmem, checker=Rapx\n// toolchain=nightly-2024-05-02, target=aarch64-unknown-none\n// pkg_dir=/home/runner/check/batch_1/Starry-OS/Starry-Old/modules/axmem\n// cmd=cargo +nightly-2024-10-12 rapx -F -M -- --target aarch64-unknown-none\n// timestamp=2025-01-10 10:46:46.37743757 +08:00:00\n    Checking log v0.4.21\n   Compiling proc-macro2 v1.0.92\n   Compiling hashbrown v0.15.2\n   Compiling equivalent v1.0.1\n   Compiling serde v1.0.215\n   Compiling winnow v0.6.20\n   Compiling toml_datetime v0.6.8\n   Compiling unicode-ident v1.0.14\n   Compiling indexmap v2.7.0\n   Compiling quote v1.0.37\n    Checking tock-registers v0.8.1\n    Checking bitflags v2.6.0\n    Checking cfg-if v1.0.0\n    Checking aarch64-cpu v9.4.0\n   Compiling axerrno v0.1.0 (https://github.com/Starry-OS/axerrno.git#3e2372cd)\n   Compiling toml_edit v0.22.22\n   Compiling syn v2.0.90\n    Checking memory_addr v0.1.0 (https://github.com/Starry-OS/memory_addr.git#a5be547a)\n   Compiling autocfg v1.4.0\n   Compiling syn v1.0.109\n   Compiling lock_api v0.4.12\n   Compiling taskctx v0.1.0 (https://github.com/Starry-OS/taskctx.git#3c3ad2fb)\n    Checking scopeguard v1.2.0\n    Checking numeric-enum-macro v0.2.0 (https://github.com/mexus/numeric-enum-macro#20aef288)\n    Checking static_assertions v1.1.0\n    Checking spin v0.9.8\n   Compiling base64 v0.13.1\n   Compiling unicode-width v0.1.14\n    Checking bit_field v0.10.2\n    Checking const-default v1.0.0\n    Checking bitmap-allocator v0.1.0 (https://github.com/rcore-os/bitmap-allocator.git?rev=88e871a#88e871a5)\n   Compiling axconfig v0.1.0 (https://github.com/Starry-OS/axconfig.git#2a880338)\n   Compiling axconfig v0.1.0 (/home/runner/check/batch_1/Starry-OS/Starry-Old/modules/axconfig)\nerror[E0787]: the `asm!` macro is not allowed in naked functions\n   --> /home/runner/.cargo/git/checkouts/taskctx-38ebba1102c121c2/3c3ad2f/src/arch/aarch64.rs:86:5\n    |\n86  | /     asm!(\n87  | |         \"\n88  | |         // save old context (callee-saved registers)\n89  | |         stp     x29, x30, [x0, 12 * 8]\n...   |\n111 | |         options(noreturn),\n112 | |     )\n    | |_____^ consider using the `naked_asm!` macro instead\n\nFor more information about this error, try `rustc --explain E0787`.\nerror: could not compile `taskctx` (lib) due to 1 previous error\nwarning: build failed, waiting for other jobs to finish...\n02:46:54|RAP|ERROR|: Finished with non-zero exit code.\n"]}},{"file":"(virtual) semver-checks","count":1,"kinds":{"Cargo":["// pkg_name=axmem, checker=SemverChecks\n// toolchain=nightly-2024-05-02, target=aarch64-unknown-none\n// pkg_dir=/home/runner/check/batch_1/Starry-OS/Starry-Old/modules/axmem\n// cmd=cargo +nightly-2025-01-07-x86_64-unknown-linux-gnu semver-checks --target aarch64-unknown-none\n// timestamp=2025-01-10 10:32:35.818307412 +08:00:00\n    Building axmem v0.1.0 (current)\nerror: running cargo-doc on crate 'axmem' failed with output:\n-----\n   Compiling proc-macro2 v1.0.92\n    Checking log v0.4.22\n   Compiling unicode-ident v1.0.14\n   Compiling serde v1.0.217\nerror[E0463]: can't find crate for `core`\n  |\n  = note: the `aarch64-unknown-none` target may not be installed\n  = help: consider downloading the target with `rustup target add aarch64-unknown-none`\n  = help: consider building the standard library from source with `cargo build -Zbuild-std`\n\nFor more information about this error, try `rustc --explain E0463`.\nerror: could not compile `log` (lib) due to 1 previous error\nwarning: build failed, waiting for other jobs to finish...\n\n-----\n\nerror: failed to build rustdoc for crate axmem v0.1.0\nnote: this is usually due to a compilation error in the crate,\n      and is unlikely to be a bug in cargo-semver-checks\nnote: the following command can be used to reproduce the compilation error:\n      cargo new --lib example &&\n          cd example &&\n          echo '[workspace]' >> Cargo.toml &&\n          cargo add --path /home/runner/check/batch_1/Starry-OS/Starry-Old/modules/axmem --features default,monolithic &&\n          cargo check\n\nerror: aborting due to failure to build rustdoc for crate axmem v0.1.0\n"]}},{"file":"[outdated direct dependencies]","count":1,"kinds":{"Outdated":["pkg=axmem, checker=Outdated\ntoolchain=nightly-2024-05-02, target=aarch64-unknown-none\npkg_dir=/home/runner/check/batch_1/Starry-OS/Starry-Old/modules/axmem\ncmd=cargo +nightly-2025-01-07-x86_64-unknown-linux-gnu outdated -R --exit-code=2\ntimestamp=2025-01-10 11:38:22.231184527 +08:00:00\n\nName   Project  Compat  Latest  Kind    Platform\n----   -------  ------  ------  ----    --------\nlog    0.4.21   0.4.22  0.4.22  Normal  ---\nriscv  0.10.1   ---     0.12.1  Normal  ---\n"]}},{"file":"[semver checks]","count":1,"kinds":{"Semver Violation":["pkg=axmem, checker=SemverChecks\ntoolchain=nightly-2024-05-02, target=aarch64-unknown-none\npkg_dir=/home/runner/check/batch_1/Starry-OS/Starry-Old/modules/axmem\ncmd=cargo +nightly-2025-01-07-x86_64-unknown-linux-gnu semver-checks --target aarch64-unknown-none\ntimestamp=2025-01-10 10:32:43.423100384 +08:00:00\n\n\nstdout:\n\nstderr:\n    Building axmem v0.1.0 (current)\nerror: running cargo-doc on crate 'axmem' failed with output:\n-----\n   Compiling proc-macro2 v1.0.92\n    Checking log v0.4.22\n   Compiling unicode-ident v1.0.14\n   Compiling serde v1.0.217\nerror[E0463]: can't find crate for `core`\n  |\n  = note: the `aarch64-unknown-none` target may not be installed\n  = help: consider downloading the target with `rustup target add aarch64-unknown-none`\n  = help: consider building the standard library from source with `cargo build -Zbuild-std`\n\nFor more information about this error, try `rustc --explain E0463`.\nerror: could not compile `log` (lib) due to 1 previous error\nwarning: build failed, waiting for other jobs to finish...\n\n-----\n\nerror: failed to build rustdoc for crate axmem v0.1.0\nnote: this is usually due to a compilation error in the crate,\n      and is unlikely to be a bug in cargo-semver-checks\nnote: the following command can be used to reproduce the compilation error:\n      cargo new --lib example &&\n          cd example &&\n          echo '[workspace]' >> Cargo.toml &&\n          cargo add --path /home/runner/check/batch_1/Starry-OS/Starry-Old/modules/axmem --features default,monolithic &&\n          cargo check\n\nerror: aborting due to failure to build rustdoc for crate axmem v0.1.0\n"]}}]},{"user":"Starry-OS","repo":"Starry-Old","pkg":"axsignal","count":5,"raw_reports":[{"file":"(virtual) lockbud","count":1,"kinds":{"Cargo":["// pkg_name=axsignal, checker=Lockbud\n// toolchain=nightly-2024-05-02, target=aarch64-unknown-none\n// pkg_dir=/home/runner/check/batch_1/Starry-OS/Starry-Old/modules/axsignal\n// cmd=cargo +nightly-2024-12-01 lockbud -k all -- --target aarch64-unknown-none\n// timestamp=2025-01-10 10:39:32.684596562 +08:00:00\n[2025-01-10T02:38:25Z WARN  lockbud::callbacks] [\n      {\n        \"AtomicityViolation\": {\n          \"bug_kind\": \"AtomicityViolation\",\n          \"possibility\": \"Possibly\",\n          \"diagnosis\": {\n            \"fn_name\": \"set_logger_racy\",\n            \"atomic_reader\": \"/home/runner/.cargo/registry/src/index.crates.io-6f17d22bba15001f/log-0.4.21/src/lib.rs:1408:11: 1408:39 (#0)\",\n            \"atomic_writer\": \"/home/runner/.cargo/registry/src/index.crates.io-6f17d22bba15001f/log-0.4.21/src/lib.rs:1411:13: 1411:55 (#0)\",\n            \"dep_kind\": \"Control\"\n          },\n          \"explanation\": \"atomic::store is data/control dependent on atomic::load\"\n        }\n      }\n    ]\n[2025-01-10T02:38:25Z WARN  lockbud::callbacks] crate log contains bugs: { probably: 0, possibly: 0 }, conflictlock: { probably: 0, possibly: 0 }, condvar_deadlock: { probably: 0, possibly: 0 }, atomicity_violation: { possibly: 1 }, invalid_free: { possibly: 0 }, use_after_free: { possibly: 0 }\n   Compiling taskctx v0.1.0 (https://github.com/Starry-OS/taskctx.git#3c3ad2fb)\nerror[E0787]: the `asm!` macro is not allowed in naked functions\n   --> /home/runner/.cargo/git/checkouts/taskctx-38ebba1102c121c2/3c3ad2f/src/arch/aarch64.rs:86:5\n    |\n86  | /     asm!(\n87  | |         \"\n88  | |         // save old context (callee-saved registers)\n89  | |         stp     x29, x30, [x0, 12 * 8]\n...   |\n111 | |         options(noreturn),\n112 | |     )\n    | |_____^ consider using the `naked_asm!` macro instead\n\nFor more information about this error, try `rustc --explain E0787`.\nerror: could not compile `taskctx` (lib) due to 1 previous error\n"]}},{"file":"(virtual) rapx","count":1,"kinds":{"Cargo":["// pkg_name=axsignal, checker=Rapx\n// toolchain=nightly-2024-05-02, target=aarch64-unknown-none\n// pkg_dir=/home/runner/check/batch_1/Starry-OS/Starry-Old/modules/axsignal\n// cmd=cargo +nightly-2024-10-12 rapx -F -M -- --target aarch64-unknown-none\n// timestamp=2025-01-10 10:48:47.399618897 +08:00:00\n   Compiling serde v1.0.215\n   Compiling equivalent v1.0.1\n   Compiling hashbrown v0.15.2\n   Compiling toml_datetime v0.6.8\n   Compiling winnow v0.6.20\n    Checking tock-registers v0.8.1\n   Compiling proc-macro2 v1.0.92\n   Compiling indexmap v2.7.0\n   Compiling unicode-ident v1.0.14\n    Checking aarch64-cpu v9.4.0\n   Compiling toml_edit v0.22.22\n    Checking cfg-if v1.0.0\n   Compiling quote v1.0.37\n    Checking memory_addr v0.1.0 (https://github.com/Starry-OS/memory_addr.git#a5be547a)\n   Compiling taskctx v0.1.0 (https://github.com/Starry-OS/taskctx.git#3c3ad2fb)\n   Compiling syn v2.0.90\n    Checking static_assertions v1.1.0\n    Checking log v0.4.21\n    Checking numeric-enum-macro v0.2.0 (https://github.com/mexus/numeric-enum-macro#20aef288)\n   Compiling percpu v0.1.0 (https://github.com/Starry-OS/percpu.git#85e6d8a7)\n    Checking spin v0.9.8\n    Checking bitflags v2.6.0\n    Checking lazy_static v1.5.0\n    Checking fdt v0.1.5\n    Checking arm_gic v0.1.0 (https://github.com/Starry-OS/arm_gic.git#b6dfcc32)\n    Checking of v0.1.0 (https://github.com/Starry-OS/of.git#45a65508)\n    Checking page_table_entry v0.1.0 (https://github.com/Starry-OS/page_table_entry.git#8a871b43)\n    Checking arm_pl011 v0.1.0 (https://github.com/Starry-OS/arm_pl011.git#cba8ce63)\n    Checking dw_apb_uart v0.1.0 (https://github.com/Starry-OS/dw_apb_uart.git#15d6fb0f)\n    Checking handler_table v0.1.0 (https://github.com/Starry-OS/handler_table.git#d6495e7d)\n    Checking either v1.13.0\n    Checking lazy_init v0.1.0 (https://github.com/Starry-OS/lazy_init.git#d0e87c05)\n    Checking ratio v0.1.0 (https://github.com/Starry-OS/ratio.git#0c8da4c3)\n   Compiling axconfig v0.1.0 (/home/runner/check/batch_1/Starry-OS/Starry-Old/modules/axconfig)\n   Compiling axconfig v0.1.0 (https://github.com/Starry-OS/axconfig.git#2a880338)\n   Compiling axhal v0.1.0 (/home/runner/check/batch_1/Starry-OS/Starry-Old/modules/axhal)\nerror[E0787]: the `asm!` macro is not allowed in naked functions\n   --> /home/runner/.cargo/git/checkouts/taskctx-38ebba1102c121c2/3c3ad2f/src/arch/aarch64.rs:86:5\n    |\n86  | /     asm!(\n87  | |         \"\n88  | |         // save old context (callee-saved registers)\n89  | |         stp     x29, x30, [x0, 12 * 8]\n...   |\n111 | |         options(noreturn),\n112 | |     )\n    | |_____^ consider using the `naked_asm!` macro instead\n\nFor more information about this error, try `rustc --explain E0787`.\nerror: could not compile `taskctx` (lib) due to 1 previous error\nwarning: build failed, waiting for other jobs to finish...\n02:48:54|RAP|ERROR|: Finished with non-zero exit code.\n"]}},{"file":"(virtual) semver-checks","count":1,"kinds":{"Cargo":["// pkg_name=axsignal, checker=SemverChecks\n// toolchain=nightly-2024-05-02, target=aarch64-unknown-none\n// pkg_dir=/home/runner/check/batch_1/Starry-OS/Starry-Old/modules/axsignal\n// cmd=cargo +nightly-2025-01-07-x86_64-unknown-linux-gnu semver-checks --target aarch64-unknown-none\n// timestamp=2025-01-10 10:34:46.596474537 +08:00:00\n    Building axsignal v0.1.0 (current)\nerror: running cargo-doc on crate 'axsignal' failed with output:\n-----\n   Compiling equivalent v1.0.1\n   Compiling serde v1.0.217\n   Compiling hashbrown v0.15.2\n   Compiling toml_datetime v0.6.8\n   Compiling winnow v0.6.22\n   Compiling proc-macro2 v1.0.92\n   Compiling unicode-ident v1.0.14\n   Compiling indexmap v2.7.0\n    Checking cfg-if v1.0.0\nerror[E0463]: can't find crate for `core`\n  |\n  = note: the `aarch64-unknown-none` target may not be installed\n  = help: consider downloading the target with `rustup target add aarch64-unknown-none`\n  = help: consider building the standard library from source with `cargo build -Zbuild-std`\n\nFor more information about this error, try `rustc --explain E0463`.\nerror: could not compile `cfg-if` (lib) due to 1 previous error\nwarning: build failed, waiting for other jobs to finish...\n\n-----\n\nerror: failed to build rustdoc for crate axsignal v0.1.0\nnote: this is usually due to a compilation error in the crate,\n      and is unlikely to be a bug in cargo-semver-checks\nnote: the following command can be used to reproduce the compilation error:\n      cargo new --lib example &&\n          cd example &&\n          echo '[workspace]' >> Cargo.toml &&\n          cargo add --path /home/runner/check/batch_1/Starry-OS/Starry-Old/modules/axsignal --features default &&\n          cargo check\n\nerror: aborting due to failure to build rustdoc for crate axsignal v0.1.0\n"]}},{"file":"[outdated direct dependencies]","count":1,"kinds":{"Outdated":["pkg=axsignal, checker=Outdated\ntoolchain=nightly-2024-05-02, target=aarch64-unknown-none\npkg_dir=/home/runner/check/batch_1/Starry-OS/Starry-Old/modules/axsignal\ncmd=cargo +nightly-2025-01-07-x86_64-unknown-linux-gnu outdated -R --exit-code=2\ntimestamp=2025-01-10 11:48:37.500526015 +08:00:00\n\nName      Project  Compat  Latest  Kind    Platform\n----      -------  ------  ------  ----    --------\nbitflags  2.6.0    2.7.0   2.7.0   Normal  ---\n"]}},{"file":"[semver checks]","count":1,"kinds":{"Semver Violation":["pkg=axsignal, checker=SemverChecks\ntoolchain=nightly-2024-05-02, target=aarch64-unknown-none\npkg_dir=/home/runner/check/batch_1/Starry-OS/Starry-Old/modules/axsignal\ncmd=cargo +nightly-2025-01-07-x86_64-unknown-linux-gnu semver-checks --target aarch64-unknown-none\ntimestamp=2025-01-10 10:34:53.116781641 +08:00:00\n\n\nstdout:\n\nstderr:\n    Building axsignal v0.1.0 (current)\nerror: running cargo-doc on crate 'axsignal' failed with output:\n-----\n   Compiling equivalent v1.0.1\n   Compiling serde v1.0.217\n   Compiling hashbrown v0.15.2\n   Compiling toml_datetime v0.6.8\n   Compiling winnow v0.6.22\n   Compiling proc-macro2 v1.0.92\n   Compiling unicode-ident v1.0.14\n   Compiling indexmap v2.7.0\n    Checking cfg-if v1.0.0\nerror[E0463]: can't find crate for `core`\n  |\n  = note: the `aarch64-unknown-none` target may not be installed\n  = help: consider downloading the target with `rustup target add aarch64-unknown-none`\n  = help: consider building the standard library from source with `cargo build -Zbuild-std`\n\nFor more information about this error, try `rustc --explain E0463`.\nerror: could not compile `cfg-if` (lib) due to 1 previous error\nwarning: build failed, waiting for other jobs to finish...\n\n-----\n\nerror: failed to build rustdoc for crate axsignal v0.1.0\nnote: this is usually due to a compilation error in the crate,\n      and is unlikely to be a bug in cargo-semver-checks\nnote: the following command can be used to reproduce the compilation error:\n      cargo new --lib example &&\n          cd example &&\n          echo '[workspace]' >> Cargo.toml &&\n          cargo add --path /home/runner/check/batch_1/Starry-OS/Starry-Old/modules/axsignal --features default &&\n          cargo check\n\nerror: aborting due to failure to build rustdoc for crate axsignal v0.1.0\n"]}}]},{"user":"Starry-OS","repo":"Starry-Old","pkg":"axtask","count":5,"raw_reports":[{"file":"(virtual) lockbud","count":1,"kinds":{"Cargo":["// pkg_name=axtask, checker=Lockbud\n// toolchain=nightly-2024-05-02, target=aarch64-unknown-none\n// pkg_dir=/home/runner/check/batch_1/Starry-OS/Starry-Old/modules/axtask\n// cmd=cargo +nightly-2024-12-01 lockbud -k all -- --target aarch64-unknown-none\n// timestamp=2025-01-10 10:39:40.614455805 +08:00:00\n[2025-01-10T02:38:25Z WARN  lockbud::callbacks] [\n      {\n        \"AtomicityViolation\": {\n          \"bug_kind\": \"AtomicityViolation\",\n          \"possibility\": \"Possibly\",\n          \"diagnosis\": {\n            \"fn_name\": \"set_logger_racy\",\n            \"atomic_reader\": \"/home/runner/.cargo/registry/src/index.crates.io-6f17d22bba15001f/log-0.4.21/src/lib.rs:1408:11: 1408:39 (#0)\",\n            \"atomic_writer\": \"/home/runner/.cargo/registry/src/index.crates.io-6f17d22bba15001f/log-0.4.21/src/lib.rs:1411:13: 1411:55 (#0)\",\n            \"dep_kind\": \"Control\"\n          },\n          \"explanation\": \"atomic::store is data/control dependent on atomic::load\"\n        }\n      }\n    ]\n[2025-01-10T02:38:25Z WARN  lockbud::callbacks] crate log contains bugs: { probably: 0, possibly: 0 }, conflictlock: { probably: 0, possibly: 0 }, condvar_deadlock: { probably: 0, possibly: 0 }, atomicity_violation: { possibly: 1 }, invalid_free: { possibly: 0 }, use_after_free: { possibly: 0 }\n   Compiling taskctx v0.1.0 (https://github.com/Starry-OS/taskctx.git#3c3ad2fb)\nerror[E0787]: the `asm!` macro is not allowed in naked functions\n   --> /home/runner/.cargo/git/checkouts/taskctx-38ebba1102c121c2/3c3ad2f/src/arch/aarch64.rs:86:5\n    |\n86  | /     asm!(\n87  | |         \"\n88  | |         // save old context (callee-saved registers)\n89  | |         stp     x29, x30, [x0, 12 * 8]\n...   |\n111 | |         options(noreturn),\n112 | |     )\n    | |_____^ consider using the `naked_asm!` macro instead\n\nFor more information about this error, try `rustc --explain E0787`.\nerror: could not compile `taskctx` (lib) due to 1 previous error\n"]}},{"file":"(virtual) rapx","count":1,"kinds":{"Cargo":["// pkg_name=axtask, checker=Rapx\n// toolchain=nightly-2024-05-02, target=aarch64-unknown-none\n// pkg_dir=/home/runner/check/batch_1/Starry-OS/Starry-Old/modules/axtask\n// cmd=cargo +nightly-2024-10-12 rapx -F -M -- --target aarch64-unknown-none\n// timestamp=2025-01-10 10:50:44.312683153 +08:00:00\n   Compiling serde v1.0.215\n   Compiling equivalent v1.0.1\n   Compiling hashbrown v0.15.2\n   Compiling toml_datetime v0.6.8\n   Compiling winnow v0.6.20\n    Checking tock-registers v0.8.1\n   Compiling proc-macro2 v1.0.92\n   Compiling indexmap v2.7.0\n    Checking cfg-if v1.0.0\n   Compiling unicode-ident v1.0.14\n    Checking aarch64-cpu v9.4.0\n   Compiling toml_edit v0.22.22\n   Compiling quote v1.0.37\n   Compiling taskctx v0.1.0 (https://github.com/Starry-OS/taskctx.git#3c3ad2fb)\n    Checking memory_addr v0.1.0 (https://github.com/Starry-OS/memory_addr.git#a5be547a)\n    Checking log v0.4.21\n   Compiling syn v2.0.90\n    Checking numeric-enum-macro v0.2.0 (https://github.com/mexus/numeric-enum-macro#20aef288)\n    Checking static_assertions v1.1.0\n    Checking spin v0.9.8\n    Checking bitflags v2.6.0\n   Compiling percpu v0.1.0 (https://github.com/Starry-OS/percpu.git#85e6d8a7)\n    Checking lazy_static v1.5.0\n    Checking fdt v0.1.5\n    Checking arm_gic v0.1.0 (https://github.com/Starry-OS/arm_gic.git#b6dfcc32)\n    Checking of v0.1.0 (https://github.com/Starry-OS/of.git#45a65508)\n    Checking page_table_entry v0.1.0 (https://github.com/Starry-OS/page_table_entry.git#8a871b43)\n    Checking dw_apb_uart v0.1.0 (https://github.com/Starry-OS/dw_apb_uart.git#15d6fb0f)\n    Checking arm_pl011 v0.1.0 (https://github.com/Starry-OS/arm_pl011.git#cba8ce63)\n    Checking ratio v0.1.0 (https://github.com/Starry-OS/ratio.git#0c8da4c3)\n    Checking either v1.13.0\n    Checking lazy_init v0.1.0 (https://github.com/Starry-OS/lazy_init.git#d0e87c05)\n    Checking handler_table v0.1.0 (https://github.com/Starry-OS/handler_table.git#d6495e7d)\n    Checking axbacktrace v0.1.0 (https://github.com/kern-crates/axbacktrace.git#c0371ca8)\n    Checking linked_list v0.1.0 (https://github.com/Starry-OS/linked_list.git#283dddc4)\n   Compiling axconfig v0.1.0 (https://github.com/Starry-OS/axconfig.git#2a880338)\n   Compiling axconfig v0.1.0 (/home/runner/check/batch_1/Starry-OS/Starry-Old/modules/axconfig)\nerror[E0787]: the `asm!` macro is not allowed in naked functions\n   --> /home/runner/.cargo/git/checkouts/taskctx-38ebba1102c121c2/3c3ad2f/src/arch/aarch64.rs:86:5\n    |\n86  | /     asm!(\n87  | |         \"\n88  | |         // save old context (callee-saved registers)\n89  | |         stp     x29, x30, [x0, 12 * 8]\n...   |\n111 | |         options(noreturn),\n112 | |     )\n    | |_____^ consider using the `naked_asm!` macro instead\n\nFor more information about this error, try `rustc --explain E0787`.\nerror: could not compile `taskctx` (lib) due to 1 previous error\nwarning: build failed, waiting for other jobs to finish...\n02:50:51|RAP|ERROR|: Finished with non-zero exit code.\n"]}},{"file":"(virtual) semver-checks","count":1,"kinds":{"Cargo":["// pkg_name=axtask, checker=SemverChecks\n// toolchain=nightly-2024-05-02, target=aarch64-unknown-none\n// pkg_dir=/home/runner/check/batch_1/Starry-OS/Starry-Old/modules/axtask\n// cmd=cargo +nightly-2025-01-07-x86_64-unknown-linux-gnu semver-checks --target aarch64-unknown-none\n// timestamp=2025-01-10 10:36:45.217003143 +08:00:00\n    Building axtask v0.1.0 (current)\nerror: running cargo-doc on crate 'axtask' failed with output:\n-----\n   Compiling hashbrown v0.15.2\n   Compiling serde v1.0.217\n   Compiling equivalent v1.0.1\n   Compiling toml_datetime v0.6.8\n   Compiling winnow v0.6.22\n   Compiling proc-macro2 v1.0.92\n   Compiling unicode-ident v1.0.14\n   Compiling indexmap v2.7.0\n    Checking log v0.4.22\nerror[E0463]: can't find crate for `core`\n  |\n  = note: the `aarch64-unknown-none` target may not be installed\n  = help: consider downloading the target with `rustup target add aarch64-unknown-none`\n  = help: consider building the standard library from source with `cargo build -Zbuild-std`\n\nFor more information about this error, try `rustc --explain E0463`.\nerror: could not compile `log` (lib) due to 1 previous error\nwarning: build failed, waiting for other jobs to finish...\n\n-----\n\nerror: failed to build rustdoc for crate axtask v0.1.0\nnote: this is usually due to a compilation error in the crate,\n      and is unlikely to be a bug in cargo-semver-checks\nnote: the following command can be used to reproduce the compilation error:\n      cargo new --lib example &&\n          cd example &&\n          echo '[workspace]' >> Cargo.toml &&\n          cargo add --path /home/runner/check/batch_1/Starry-OS/Starry-Old/modules/axtask --features default,irq,kernel_guard,monolithic,multitask,preempt,sched_cfs,sched_fifo,sched_rr,test,tls &&\n          cargo check\n\nerror: aborting due to failure to build rustdoc for crate axtask v0.1.0\n"]}},{"file":"[outdated direct dependencies]","count":1,"kinds":{"Outdated":["pkg=axtask, checker=Outdated\ntoolchain=nightly-2024-05-02, target=aarch64-unknown-none\npkg_dir=/home/runner/check/batch_1/Starry-OS/Starry-Old/modules/axtask\ncmd=cargo +nightly-2025-01-07-x86_64-unknown-linux-gnu outdated -R --exit-code=2\ntimestamp=2025-01-10 11:58:54.186365525 +08:00:00\n\nName  Project  Compat  Latest  Kind    Platform\n----  -------  ------  ------  ----    --------\nlog   0.4.21   0.4.22  0.4.22  Normal  ---\n"]}},{"file":"[semver checks]","count":1,"kinds":{"Semver Violation":["pkg=axtask, checker=SemverChecks\ntoolchain=nightly-2024-05-02, target=aarch64-unknown-none\npkg_dir=/home/runner/check/batch_1/Starry-OS/Starry-Old/modules/axtask\ncmd=cargo +nightly-2025-01-07-x86_64-unknown-linux-gnu semver-checks --target aarch64-unknown-none\ntimestamp=2025-01-10 10:36:53.243905117 +08:00:00\n\n\nstdout:\n\nstderr:\n    Building axtask v0.1.0 (current)\nerror: running cargo-doc on crate 'axtask' failed with output:\n-----\n   Compiling hashbrown v0.15.2\n   Compiling serde v1.0.217\n   Compiling equivalent v1.0.1\n   Compiling toml_datetime v0.6.8\n   Compiling winnow v0.6.22\n   Compiling proc-macro2 v1.0.92\n   Compiling unicode-ident v1.0.14\n   Compiling indexmap v2.7.0\n    Checking log v0.4.22\nerror[E0463]: can't find crate for `core`\n  |\n  = note: the `aarch64-unknown-none` target may not be installed\n  = help: consider downloading the target with `rustup target add aarch64-unknown-none`\n  = help: consider building the standard library from source with `cargo build -Zbuild-std`\n\nFor more information about this error, try `rustc --explain E0463`.\nerror: could not compile `log` (lib) due to 1 previous error\nwarning: build failed, waiting for other jobs to finish...\n\n-----\n\nerror: failed to build rustdoc for crate axtask v0.1.0\nnote: this is usually due to a compilation error in the crate,\n      and is unlikely to be a bug in cargo-semver-checks\nnote: the following command can be used to reproduce the compilation error:\n      cargo new --lib example &&\n          cd example &&\n          echo '[workspace]' >> Cargo.toml &&\n          cargo add --path /home/runner/check/batch_1/Starry-OS/Starry-Old/modules/axtask --features default,irq,kernel_guard,monolithic,multitask,preempt,sched_cfs,sched_fifo,sched_rr,test,tls &&\n          cargo check\n\nerror: aborting due to failure to build rustdoc for crate axtask v0.1.0\n"]}}]},{"user":"Starry-OS","repo":"Starry-Old","pkg":"axtrap","count":5,"raw_reports":[{"file":"(virtual) lockbud","count":1,"kinds":{"Cargo":["// pkg_name=axtrap, checker=Lockbud\n// toolchain=nightly-2024-05-02, target=aarch64-unknown-none\n// pkg_dir=/home/runner/check/batch_1/Starry-OS/Starry-Old/modules/axtrap\n// cmd=cargo +nightly-2024-12-01 lockbud -k all -- --target aarch64-unknown-none\n// timestamp=2025-01-10 10:39:42.025846969 +08:00:00\n[2025-01-10T02:38:25Z WARN  lockbud::callbacks] [\n      {\n        \"AtomicityViolation\": {\n          \"bug_kind\": \"AtomicityViolation\",\n          \"possibility\": \"Possibly\",\n          \"diagnosis\": {\n            \"fn_name\": \"set_logger_racy\",\n            \"atomic_reader\": \"/home/runner/.cargo/registry/src/index.crates.io-6f17d22bba15001f/log-0.4.21/src/lib.rs:1408:11: 1408:39 (#0)\",\n            \"atomic_writer\": \"/home/runner/.cargo/registry/src/index.crates.io-6f17d22bba15001f/log-0.4.21/src/lib.rs:1411:13: 1411:55 (#0)\",\n            \"dep_kind\": \"Control\"\n          },\n          \"explanation\": \"atomic::store is data/control dependent on atomic::load\"\n        }\n      }\n    ]\n[2025-01-10T02:38:25Z WARN  lockbud::callbacks] crate log contains bugs: { probably: 0, possibly: 0 }, conflictlock: { probably: 0, possibly: 0 }, condvar_deadlock: { probably: 0, possibly: 0 }, atomicity_violation: { possibly: 1 }, invalid_free: { possibly: 0 }, use_after_free: { possibly: 0 }\n   Compiling taskctx v0.1.0 (https://github.com/Starry-OS/taskctx.git#3c3ad2fb)\nerror[E0787]: the `asm!` macro is not allowed in naked functions\n   --> /home/runner/.cargo/git/checkouts/taskctx-38ebba1102c121c2/3c3ad2f/src/arch/aarch64.rs:86:5\n    |\n86  | /     asm!(\n87  | |         \"\n88  | |         // save old context (callee-saved registers)\n89  | |         stp     x29, x30, [x0, 12 * 8]\n...   |\n111 | |         options(noreturn),\n112 | |     )\n    | |_____^ consider using the `naked_asm!` macro instead\n\nFor more information about this error, try `rustc --explain E0787`.\nerror: could not compile `taskctx` (lib) due to 1 previous error\n"]}},{"file":"(virtual) rapx","count":1,"kinds":{"Cargo":["// pkg_name=axtrap, checker=Rapx\n// toolchain=nightly-2024-05-02, target=aarch64-unknown-none\n// pkg_dir=/home/runner/check/batch_1/Starry-OS/Starry-Old/modules/axtrap\n// cmd=cargo +nightly-2024-10-12 rapx -F -M -- --target aarch64-unknown-none\n// timestamp=2025-01-10 10:51:13.293008789 +08:00:00\n   Compiling equivalent v1.0.1\n   Compiling serde v1.0.215\n   Compiling hashbrown v0.15.2\n   Compiling winnow v0.6.20\n   Compiling toml_datetime v0.6.8\n    Checking tock-registers v0.8.1\n   Compiling proc-macro2 v1.0.92\n   Compiling indexmap v2.7.0\n   Compiling unicode-ident v1.0.14\n    Checking aarch64-cpu v9.4.0\n   Compiling toml_edit v0.22.22\n    Checking cfg-if v1.0.0\n   Compiling quote v1.0.37\n    Checking memory_addr v0.1.0 (https://github.com/Starry-OS/memory_addr.git#a5be547a)\n   Compiling taskctx v0.1.0 (https://github.com/Starry-OS/taskctx.git#3c3ad2fb)\n   Compiling syn v2.0.90\n    Checking static_assertions v1.1.0\n    Checking log v0.4.21\n    Checking numeric-enum-macro v0.2.0 (https://github.com/mexus/numeric-enum-macro#20aef288)\n    Checking bitflags v2.6.0\n   Compiling percpu v0.1.0 (https://github.com/Starry-OS/percpu.git#85e6d8a7)\n    Checking spin v0.9.8\n    Checking fdt v0.1.5\n    Checking lazy_static v1.5.0\n    Checking arm_gic v0.1.0 (https://github.com/Starry-OS/arm_gic.git#b6dfcc32)\n    Checking of v0.1.0 (https://github.com/Starry-OS/of.git#45a65508)\n    Checking page_table_entry v0.1.0 (https://github.com/Starry-OS/page_table_entry.git#8a871b43)\n    Checking dw_apb_uart v0.1.0 (https://github.com/Starry-OS/dw_apb_uart.git#15d6fb0f)\n    Checking arm_pl011 v0.1.0 (https://github.com/Starry-OS/arm_pl011.git#cba8ce63)\n    Checking handler_table v0.1.0 (https://github.com/Starry-OS/handler_table.git#d6495e7d)\n    Checking ratio v0.1.0 (https://github.com/Starry-OS/ratio.git#0c8da4c3)\n    Checking either v1.13.0\n    Checking lazy_init v0.1.0 (https://github.com/Starry-OS/lazy_init.git#d0e87c05)\n   Compiling axconfig v0.1.0 (/home/runner/check/batch_1/Starry-OS/Starry-Old/modules/axconfig)\n   Compiling axconfig v0.1.0 (https://github.com/Starry-OS/axconfig.git#2a880338)\nerror[E0787]: the `asm!` macro is not allowed in naked functions\n   --> /home/runner/.cargo/git/checkouts/taskctx-38ebba1102c121c2/3c3ad2f/src/arch/aarch64.rs:86:5\n    |\n86  | /     asm!(\n87  | |         \"\n88  | |         // save old context (callee-saved registers)\n89  | |         stp     x29, x30, [x0, 12 * 8]\n...   |\n111 | |         options(noreturn),\n112 | |     )\n    | |_____^ consider using the `naked_asm!` macro instead\n\nFor more information about this error, try `rustc --explain E0787`.\nerror: could not compile `taskctx` (lib) due to 1 previous error\nwarning: build failed, waiting for other jobs to finish...\n02:51:20|RAP|ERROR|: Finished with non-zero exit code.\n"]}},{"file":"(virtual) semver-checks","count":1,"kinds":{"Cargo":["// pkg_name=axtrap, checker=SemverChecks\n// toolchain=nightly-2024-05-02, target=aarch64-unknown-none\n// pkg_dir=/home/runner/check/batch_1/Starry-OS/Starry-Old/modules/axtrap\n// cmd=cargo +nightly-2025-01-07-x86_64-unknown-linux-gnu semver-checks --target aarch64-unknown-none\n// timestamp=2025-01-10 10:37:12.343670945 +08:00:00\n    Building axtrap v0.1.0 (current)\nerror: running cargo-doc on crate 'axtrap' failed with output:\n-----\n    Checking log v0.4.22\n   Compiling proc-macro2 v1.0.92\n   Compiling unicode-ident v1.0.14\n   Compiling equivalent v1.0.1\nerror[E0463]: can't find crate for `core`\n  |\n  = note: the `aarch64-unknown-none` target may not be installed\n  = help: consider downloading the target with `rustup target add aarch64-unknown-none`\n  = help: consider building the standard library from source with `cargo build -Zbuild-std`\n\nFor more information about this error, try `rustc --explain E0463`.\nerror: could not compile `log` (lib) due to 1 previous error\nwarning: build failed, waiting for other jobs to finish...\n\n-----\n\nerror: failed to build rustdoc for crate axtrap v0.1.0\nnote: this is usually due to a compilation error in the crate,\n      and is unlikely to be a bug in cargo-semver-checks\nnote: the following command can be used to reproduce the compilation error:\n      cargo new --lib example &&\n          cd example &&\n          echo '[workspace]' >> Cargo.toml &&\n          cargo add --path /home/runner/check/batch_1/Starry-OS/Starry-Old/modules/axtrap --features axtask,default,irq,monolithic,preempt &&\n          cargo check\n\nerror: aborting due to failure to build rustdoc for crate axtrap v0.1.0\n"]}},{"file":"[outdated direct dependencies]","count":1,"kinds":{"Outdated":["pkg=axtrap, checker=Outdated\ntoolchain=nightly-2024-05-02, target=aarch64-unknown-none\npkg_dir=/home/runner/check/batch_1/Starry-OS/Starry-Old/modules/axtrap\ncmd=cargo +nightly-2025-01-07-x86_64-unknown-linux-gnu outdated -R --exit-code=2\ntimestamp=2025-01-10 12:01:27.712423716 +08:00:00\n\nName            Project  Compat  Latest  Kind    Platform\n----            -------  ------  ------  ----    --------\naarch64-cpu     9.4.0    ---     10.0.0  Normal  cfg(target_arch = \"aarch64\")\nlog             0.4.21   0.4.22  0.4.22  Normal  ---\nriscv           0.10.1   ---     0.12.1  Normal  cfg(any(target_arch = \"riscv32\", target_arch = \"riscv64\"))\ntock-registers  0.8.1    ---     0.9.0   Normal  cfg(target_arch = \"aarch64\")\nx86_64          0.15.1   0.15.2  0.15.2  Normal  cfg(target_arch = \"x86_64\")\n"]}},{"file":"[semver checks]","count":1,"kinds":{"Semver Violation":["pkg=axtrap, checker=SemverChecks\ntoolchain=nightly-2024-05-02, target=aarch64-unknown-none\npkg_dir=/home/runner/check/batch_1/Starry-OS/Starry-Old/modules/axtrap\ncmd=cargo +nightly-2025-01-07-x86_64-unknown-linux-gnu semver-checks --target aarch64-unknown-none\ntimestamp=2025-01-10 10:37:20.640977487 +08:00:00\n\n\nstdout:\n\nstderr:\n    Building axtrap v0.1.0 (current)\nerror: running cargo-doc on crate 'axtrap' failed with output:\n-----\n    Checking log v0.4.22\n   Compiling proc-macro2 v1.0.92\n   Compiling unicode-ident v1.0.14\n   Compiling equivalent v1.0.1\nerror[E0463]: can't find crate for `core`\n  |\n  = note: the `aarch64-unknown-none` target may not be installed\n  = help: consider downloading the target with `rustup target add aarch64-unknown-none`\n  = help: consider building the standard library from source with `cargo build -Zbuild-std`\n\nFor more information about this error, try `rustc --explain E0463`.\nerror: could not compile `log` (lib) due to 1 previous error\nwarning: build failed, waiting for other jobs to finish...\n\n-----\n\nerror: failed to build rustdoc for crate axtrap v0.1.0\nnote: this is usually due to a compilation error in the crate,\n      and is unlikely to be a bug in cargo-semver-checks\nnote: the following command can be used to reproduce the compilation error:\n      cargo new --lib example &&\n          cd example &&\n          echo '[workspace]' >> Cargo.toml &&\n          cargo add --path /home/runner/check/batch_1/Starry-OS/Starry-Old/modules/axtrap --features axtask,default,irq,monolithic,preempt &&\n          cargo check\n\nerror: aborting due to failure to build rustdoc for crate axtrap v0.1.0\n"]}}]},{"user":"Starry-OS","repo":"Starry-Old","pkg":"arceos_api","count":4,"raw_reports":[{"file":"(virtual) lockbud","count":1,"kinds":{"Cargo":["// pkg_name=arceos_api, checker=Lockbud\n// toolchain=nightly-2024-05-02, target=aarch64-unknown-none\n// pkg_dir=/home/runner/check/batch_1/Starry-OS/Starry-Old/api/arceos_api\n// cmd=cargo +nightly-2024-12-01 lockbud -k all -- --target aarch64-unknown-none\n// timestamp=2025-01-10 10:38:48.414562497 +08:00:00\n[2025-01-10T02:38:25Z WARN  lockbud::callbacks] [\n      {\n        \"AtomicityViolation\": {\n          \"bug_kind\": \"AtomicityViolation\",\n          \"possibility\": \"Possibly\",\n          \"diagnosis\": {\n            \"fn_name\": \"set_logger_racy\",\n            \"atomic_reader\": \"/home/runner/.cargo/registry/src/index.crates.io-6f17d22bba15001f/log-0.4.21/src/lib.rs:1408:11: 1408:39 (#0)\",\n            \"atomic_writer\": \"/home/runner/.cargo/registry/src/index.crates.io-6f17d22bba15001f/log-0.4.21/src/lib.rs:1411:13: 1411:55 (#0)\",\n            \"dep_kind\": \"Control\"\n          },\n          \"explanation\": \"atomic::store is data/control dependent on atomic::load\"\n        }\n      }\n    ]\n[2025-01-10T02:38:25Z WARN  lockbud::callbacks] crate log contains bugs: { probably: 0, possibly: 0 }, conflictlock: { probably: 0, possibly: 0 }, condvar_deadlock: { probably: 0, possibly: 0 }, atomicity_violation: { possibly: 1 }, invalid_free: { possibly: 0 }, use_after_free: { possibly: 0 }\n   Compiling taskctx v0.1.0 (https://github.com/Starry-OS/taskctx.git#3c3ad2fb)\n   Compiling spin v0.9.8\n   Compiling axhal v0.1.0 (/home/runner/check/batch_1/Starry-OS/Starry-Old/modules/axhal)\n   Compiling axconfig v0.1.0 (/home/runner/check/batch_1/Starry-OS/Starry-Old/modules/axconfig)\nerror[E0787]: the `asm!` macro is not allowed in naked functions\n   --> /home/runner/.cargo/git/checkouts/taskctx-38ebba1102c121c2/3c3ad2f/src/arch/aarch64.rs:86:5\n    |\n86  | /     asm!(\n87  | |         \"\n88  | |         // save old context (callee-saved registers)\n89  | |         stp     x29, x30, [x0, 12 * 8]\n...   |\n111 | |         options(noreturn),\n112 | |     )\n    | |_____^ consider using the `naked_asm!` macro instead\n\n   Compiling percpu v0.1.0 (https://github.com/Starry-OS/percpu.git#85e6d8a7)\nFor more information about this error, try `rustc --explain E0787`.\nerror: could not compile `taskctx` (lib) due to 1 previous error\nwarning: build failed, waiting for other jobs to finish...\n"]}},{"file":"(virtual) rapx","count":1,"kinds":{"Cargo":["// pkg_name=arceos_api, checker=Rapx\n// toolchain=nightly-2024-05-02, target=aarch64-unknown-none\n// pkg_dir=/home/runner/check/batch_1/Starry-OS/Starry-Old/api/arceos_api\n// cmd=cargo +nightly-2024-10-12 rapx -F -M -- --target aarch64-unknown-none\n// timestamp=2025-01-10 10:40:46.505126678 +08:00:00\n   Compiling serde v1.0.215\n   Compiling hashbrown v0.15.2\n   Compiling equivalent v1.0.1\n   Compiling winnow v0.6.20\n   Compiling toml_datetime v0.6.8\n    Checking tock-registers v0.8.1\n   Compiling proc-macro2 v1.0.92\n   Compiling indexmap v2.7.0\n    Checking cfg-if v1.0.0\n   Compiling unicode-ident v1.0.14\n    Checking log v0.4.21\n    Checking aarch64-cpu v9.4.0\n   Compiling toml_edit v0.22.22\n   Compiling quote v1.0.37\n    Checking memory_addr v0.1.0 (https://github.com/Starry-OS/memory_addr.git#a5be547a)\n   Compiling taskctx v0.1.0 (https://github.com/Starry-OS/taskctx.git#3c3ad2fb)\n   Compiling syn v2.0.90\n    Checking static_assertions v1.1.0\n    Checking numeric-enum-macro v0.2.0 (https://github.com/mexus/numeric-enum-macro#20aef288)\n    Checking bitflags v2.6.0\n   Compiling percpu v0.1.0 (https://github.com/Starry-OS/percpu.git#85e6d8a7)\n    Checking spin v0.9.8\n    Checking lazy_static v1.5.0\n    Checking fdt v0.1.5\n    Checking arm_gic v0.1.0 (https://github.com/Starry-OS/arm_gic.git#b6dfcc32)\n    Checking of v0.1.0 (https://github.com/Starry-OS/of.git#45a65508)\n    Checking page_table_entry v0.1.0 (https://github.com/Starry-OS/page_table_entry.git#8a871b43)\n    Checking arm_pl011 v0.1.0 (https://github.com/Starry-OS/arm_pl011.git#cba8ce63)\n    Checking dw_apb_uart v0.1.0 (https://github.com/Starry-OS/dw_apb_uart.git#15d6fb0f)\n    Checking lazy_init v0.1.0 (https://github.com/Starry-OS/lazy_init.git#d0e87c05)\n    Checking handler_table v0.1.0 (https://github.com/Starry-OS/handler_table.git#d6495e7d)\n    Checking either v1.13.0\n    Checking ratio v0.1.0 (https://github.com/Starry-OS/ratio.git#0c8da4c3)\n    Checking axbacktrace v0.1.0 (https://github.com/kern-crates/axbacktrace.git#c0371ca8)\n    Checking linked_list v0.1.0 (https://github.com/Starry-OS/linked_list.git#283dddc4)\n   Compiling axerrno v0.1.0 (https://github.com/Starry-OS/axerrno.git#3e2372cd)\n    Checking axio v0.1.0 (https://github.com/Starry-OS/axio.git#010ddddb)\n   Compiling axconfig v0.1.0 (https://github.com/Starry-OS/axconfig.git#2a880338)\n   Compiling axconfig v0.1.0 (/home/runner/check/batch_1/Starry-OS/Starry-Old/modules/axconfig)\nerror[E0787]: the `asm!` macro is not allowed in naked functions\n   --> /home/runner/.cargo/git/checkouts/taskctx-38ebba1102c121c2/3c3ad2f/src/arch/aarch64.rs:86:5\n    |\n86  | /     asm!(\n87  | |         \"\n88  | |         // save old context (callee-saved registers)\n89  | |         stp     x29, x30, [x0, 12 * 8]\n...   |\n111 | |         options(noreturn),\n112 | |     )\n    | |_____^ consider using the `naked_asm!` macro instead\n\nFor more information about this error, try `rustc --explain E0787`.\nerror: could not compile `taskctx` (lib) due to 1 previous error\nwarning: build failed, waiting for other jobs to finish...\n02:40:53|RAP|ERROR|: Finished with non-zero exit code.\n"]}},{"file":"(virtual) semver-checks","count":1,"kinds":{"Cargo":["// pkg_name=arceos_api, checker=SemverChecks\n// toolchain=nightly-2024-05-02, target=aarch64-unknown-none\n// pkg_dir=/home/runner/check/batch_1/Starry-OS/Starry-Old/api/arceos_api\n// cmd=cargo +nightly-2025-01-07-x86_64-unknown-linux-gnu semver-checks --target aarch64-unknown-none\n// timestamp=2025-01-10 10:26:42.130819063 +08:00:00\n    Building arceos_api v0.1.0 (current)\nerror: running cargo-doc on crate 'arceos_api' failed with output:\n-----\n    Checking log v0.4.22\n   Compiling proc-macro2 v1.0.92\n   Compiling unicode-ident v1.0.14\n   Compiling equivalent v1.0.1\nerror[E0463]: can't find crate for `core`\n  |\n  = note: the `aarch64-unknown-none` target may not be installed\n  = help: consider downloading the target with `rustup target add aarch64-unknown-none`\n  = help: consider building the standard library from source with `cargo build -Zbuild-std`\n\nFor more information about this error, try `rustc --explain E0463`.\n   Compiling hashbrown v0.15.2\nerror: could not compile `log` (lib) due to 1 previous error\nwarning: build failed, waiting for other jobs to finish...\n\n-----\n\nerror: failed to build rustdoc for crate arceos_api v0.1.0\nnote: this is usually due to a compilation error in the crate,\n      and is unlikely to be a bug in cargo-semver-checks\nnote: the following command can be used to reproduce the compilation error:\n      cargo new --lib example &&\n          cd example &&\n          echo '[workspace]' >> Cargo.toml &&\n          cargo add --path /home/runner/check/batch_1/Starry-OS/Starry-Old/api/arceos_api --features alloc,axtask,default,display,dummy-if-not-enabled,fs,irq,multitask,myfs,net &&\n          cargo check\n\nerror: aborting due to failure to build rustdoc for crate arceos_api v0.1.0\n"]}},{"file":"[semver checks]","count":1,"kinds":{"Semver Violation":["pkg=arceos_api, checker=SemverChecks\ntoolchain=nightly-2024-05-02, target=aarch64-unknown-none\npkg_dir=/home/runner/check/batch_1/Starry-OS/Starry-Old/api/arceos_api\ncmd=cargo +nightly-2025-01-07-x86_64-unknown-linux-gnu semver-checks --target aarch64-unknown-none\ntimestamp=2025-01-10 10:26:52.136509806 +08:00:00\n\n\nstdout:\n\nstderr:\n    Building arceos_api v0.1.0 (current)\nerror: running cargo-doc on crate 'arceos_api' failed with output:\n-----\n    Checking log v0.4.22\n   Compiling proc-macro2 v1.0.92\n   Compiling unicode-ident v1.0.14\n   Compiling equivalent v1.0.1\nerror[E0463]: can't find crate for `core`\n  |\n  = note: the `aarch64-unknown-none` target may not be installed\n  = help: consider downloading the target with `rustup target add aarch64-unknown-none`\n  = help: consider building the standard library from source with `cargo build -Zbuild-std`\n\nFor more information about this error, try `rustc --explain E0463`.\n   Compiling hashbrown v0.15.2\nerror: could not compile `log` (lib) due to 1 previous error\nwarning: build failed, waiting for other jobs to finish...\n\n-----\n\nerror: failed to build rustdoc for crate arceos_api v0.1.0\nnote: this is usually due to a compilation error in the crate,\n      and is unlikely to be a bug in cargo-semver-checks\nnote: the following command can be used to reproduce the compilation error:\n      cargo new --lib example &&\n          cd example &&\n          echo '[workspace]' >> Cargo.toml &&\n          cargo add --path /home/runner/check/batch_1/Starry-OS/Starry-Old/api/arceos_api --features alloc,axtask,default,display,dummy-if-not-enabled,fs,irq,multitask,myfs,net &&\n          cargo check\n\nerror: aborting due to failure to build rustdoc for crate arceos_api v0.1.0\n"]}}]},{"user":"Starry-OS","repo":"Starry-Old","pkg":"axfeat","count":4,"raw_reports":[{"file":"(virtual) lockbud","count":1,"kinds":{"Cargo":["// pkg_name=axfeat, checker=Lockbud\n// toolchain=nightly-2024-05-02, target=aarch64-unknown-none\n// pkg_dir=/home/runner/check/batch_1/Starry-OS/Starry-Old/api/axfeat\n// cmd=cargo +nightly-2024-12-01 lockbud -k all -- --target aarch64-unknown-none\n// timestamp=2025-01-10 10:39:07.153637543 +08:00:00\n[2025-01-10T02:38:25Z WARN  lockbud::callbacks] [\n      {\n        \"AtomicityViolation\": {\n          \"bug_kind\": \"AtomicityViolation\",\n          \"possibility\": \"Possibly\",\n          \"diagnosis\": {\n            \"fn_name\": \"set_logger_racy\",\n            \"atomic_reader\": \"/home/runner/.cargo/registry/src/index.crates.io-6f17d22bba15001f/log-0.4.21/src/lib.rs:1408:11: 1408:39 (#0)\",\n            \"atomic_writer\": \"/home/runner/.cargo/registry/src/index.crates.io-6f17d22bba15001f/log-0.4.21/src/lib.rs:1411:13: 1411:55 (#0)\",\n            \"dep_kind\": \"Control\"\n          },\n          \"explanation\": \"atomic::store is data/control dependent on atomic::load\"\n        }\n      }\n    ]\n[2025-01-10T02:38:25Z WARN  lockbud::callbacks] crate log contains bugs: { probably: 0, possibly: 0 }, conflictlock: { probably: 0, possibly: 0 }, condvar_deadlock: { probably: 0, possibly: 0 }, atomicity_violation: { possibly: 1 }, invalid_free: { possibly: 0 }, use_after_free: { possibly: 0 }\n   Compiling taskctx v0.1.0 (https://github.com/Starry-OS/taskctx.git#3c3ad2fb)\n   Compiling axbacktrace v0.1.0 (https://github.com/kern-crates/axbacktrace.git#c0371ca8)\n   Compiling linked_list v0.1.0 (https://github.com/Starry-OS/linked_list.git#283dddc4)\nerror[E0787]: the `asm!` macro is not allowed in naked functions\n   --> /home/runner/.cargo/git/checkouts/taskctx-38ebba1102c121c2/3c3ad2f/src/arch/aarch64.rs:86:5\n    |\n86  | /     asm!(\n87  | |         \"\n88  | |         // save old context (callee-saved registers)\n89  | |         stp     x29, x30, [x0, 12 * 8]\n...   |\n111 | |         options(noreturn),\n112 | |     )\n    | |_____^ consider using the `naked_asm!` macro instead\n\nFor more information about this error, try `rustc --explain E0787`.\nerror: could not compile `taskctx` (lib) due to 1 previous error\nwarning: build failed, waiting for other jobs to finish...\n"]}},{"file":"(virtual) rapx","count":1,"kinds":{"Cargo":["// pkg_name=axfeat, checker=Rapx\n// toolchain=nightly-2024-05-02, target=aarch64-unknown-none\n// pkg_dir=/home/runner/check/batch_1/Starry-OS/Starry-Old/api/axfeat\n// cmd=cargo +nightly-2024-10-12 rapx -F -M -- --target aarch64-unknown-none\n// timestamp=2025-01-10 10:43:53.118394492 +08:00:00\n   Compiling serde v1.0.215\n   Compiling hashbrown v0.15.2\n   Compiling equivalent v1.0.1\n   Compiling winnow v0.6.20\n   Compiling toml_datetime v0.6.8\n    Checking tock-registers v0.8.1\n   Compiling proc-macro2 v1.0.92\n   Compiling indexmap v2.7.0\n   Compiling unicode-ident v1.0.14\n    Checking cfg-if v1.0.0\n    Checking aarch64-cpu v9.4.0\n   Compiling toml_edit v0.22.22\n   Compiling quote v1.0.37\n    Checking log v0.4.21\n    Checking memory_addr v0.1.0 (https://github.com/Starry-OS/memory_addr.git#a5be547a)\n   Compiling taskctx v0.1.0 (https://github.com/Starry-OS/taskctx.git#3c3ad2fb)\n   Compiling syn v2.0.90\n    Checking numeric-enum-macro v0.2.0 (https://github.com/mexus/numeric-enum-macro#20aef288)\n    Checking static_assertions v1.1.0\n    Checking bitflags v2.6.0\n   Compiling percpu v0.1.0 (https://github.com/Starry-OS/percpu.git#85e6d8a7)\n    Checking spin v0.9.8\n    Checking fdt v0.1.5\n    Checking lazy_static v1.5.0\n    Checking arm_gic v0.1.0 (https://github.com/Starry-OS/arm_gic.git#b6dfcc32)\n    Checking of v0.1.0 (https://github.com/Starry-OS/of.git#45a65508)\n    Checking page_table_entry v0.1.0 (https://github.com/Starry-OS/page_table_entry.git#8a871b43)\n    Checking arm_pl011 v0.1.0 (https://github.com/Starry-OS/arm_pl011.git#cba8ce63)\n    Checking dw_apb_uart v0.1.0 (https://github.com/Starry-OS/dw_apb_uart.git#15d6fb0f)\n    Checking lazy_init v0.1.0 (https://github.com/Starry-OS/lazy_init.git#d0e87c05)\n    Checking either v1.13.0\n    Checking ratio v0.1.0 (https://github.com/Starry-OS/ratio.git#0c8da4c3)\n    Checking handler_table v0.1.0 (https://github.com/Starry-OS/handler_table.git#d6495e7d)\n    Checking axbacktrace v0.1.0 (https://github.com/kern-crates/axbacktrace.git#c0371ca8)\n    Checking linked_list v0.1.0 (https://github.com/Starry-OS/linked_list.git#283dddc4)\n   Compiling axconfig v0.1.0 (/home/runner/check/batch_1/Starry-OS/Starry-Old/modules/axconfig)\n   Compiling axconfig v0.1.0 (https://github.com/Starry-OS/axconfig.git#2a880338)\nerror[E0787]: the `asm!` macro is not allowed in naked functions\n   --> /home/runner/.cargo/git/checkouts/taskctx-38ebba1102c121c2/3c3ad2f/src/arch/aarch64.rs:86:5\n    |\n86  | /     asm!(\n87  | |         \"\n88  | |         // save old context (callee-saved registers)\n89  | |         stp     x29, x30, [x0, 12 * 8]\n...   |\n111 | |         options(noreturn),\n112 | |     )\n    | |_____^ consider using the `naked_asm!` macro instead\n\nFor more information about this error, try `rustc --explain E0787`.\nerror: could not compile `taskctx` (lib) due to 1 previous error\nwarning: build failed, waiting for other jobs to finish...\n02:43:59|RAP|ERROR|: Finished with non-zero exit code.\n"]}},{"file":"(virtual) semver-checks","count":1,"kinds":{"Cargo":["// pkg_name=axfeat, checker=SemverChecks\n// toolchain=nightly-2024-05-02, target=aarch64-unknown-none\n// pkg_dir=/home/runner/check/batch_1/Starry-OS/Starry-Old/api/axfeat\n// cmd=cargo +nightly-2025-01-07-x86_64-unknown-linux-gnu semver-checks --target aarch64-unknown-none\n// timestamp=2025-01-10 10:29:42.908940379 +08:00:00\n    Building axfeat v0.1.0 (current)\nerror: running cargo-doc on crate 'axfeat' failed with output:\n-----\n    Checking log v0.4.22\n   Compiling proc-macro2 v1.0.92\n   Compiling serde v1.0.217\n   Compiling hashbrown v0.15.2\nerror[E0463]: can't find crate for `core`\n  |\n  = note: the `aarch64-unknown-none` target may not be installed\n  = help: consider downloading the target with `rustup target add aarch64-unknown-none`\n  = help: consider building the standard library from source with `cargo build -Zbuild-std`\n\nFor more information about this error, try `rustc --explain E0463`.\nerror: could not compile `log` (lib) due to 1 previous error\nwarning: build failed, waiting for other jobs to finish...\n\n-----\n\nerror: failed to build rustdoc for crate axfeat v0.1.0\nnote: this is usually due to a compilation error in the crate,\n      and is unlikely to be a bug in cargo-semver-checks\nnote: the following command can be used to reproduce the compilation error:\n      cargo new --lib example &&\n          cd example &&\n          echo '[workspace]' >> Cargo.toml &&\n          cargo add --path /home/runner/check/batch_1/Starry-OS/Starry-Old/api/axfeat --features alloc,alloc-buddy,alloc-slab,alloc-tlsf,another_ext4,axalloc,axdriver,axsync,axtask,bus-mmio,bus-pci,default,display,driver-bcm2835-sdhci,driver-e1000,driver-ixgbe,driver-ramdisk,ext4_rs,fatfs,fp_simd,fs,img,irq,log-level-debug,log-level-error,log-level-info,log-level-off,log-level-trace,log-level-warn,lwext4_rust,monolithic,multitask,myfs,net,paging,sched_cfs,sched_fifo,sched_rr,smp,spinlock,taskctx,tls &&\n          cargo check\n\nerror: aborting due to failure to build rustdoc for crate axfeat v0.1.0\n"]}},{"file":"[semver checks]","count":1,"kinds":{"Semver Violation":["pkg=axfeat, checker=SemverChecks\ntoolchain=nightly-2024-05-02, target=aarch64-unknown-none\npkg_dir=/home/runner/check/batch_1/Starry-OS/Starry-Old/api/axfeat\ncmd=cargo +nightly-2025-01-07-x86_64-unknown-linux-gnu semver-checks --target aarch64-unknown-none\ntimestamp=2025-01-10 10:29:52.336504699 +08:00:00\n\n\nstdout:\n\nstderr:\n    Building axfeat v0.1.0 (current)\nerror: running cargo-doc on crate 'axfeat' failed with output:\n-----\n    Checking log v0.4.22\n   Compiling proc-macro2 v1.0.92\n   Compiling serde v1.0.217\n   Compiling hashbrown v0.15.2\nerror[E0463]: can't find crate for `core`\n  |\n  = note: the `aarch64-unknown-none` target may not be installed\n  = help: consider downloading the target with `rustup target add aarch64-unknown-none`\n  = help: consider building the standard library from source with `cargo build -Zbuild-std`\n\nFor more information about this error, try `rustc --explain E0463`.\nerror: could not compile `log` (lib) due to 1 previous error\nwarning: build failed, waiting for other jobs to finish...\n\n-----\n\nerror: failed to build rustdoc for crate axfeat v0.1.0\nnote: this is usually due to a compilation error in the crate,\n      and is unlikely to be a bug in cargo-semver-checks\nnote: the following command can be used to reproduce the compilation error:\n      cargo new --lib example &&\n          cd example &&\n          echo '[workspace]' >> Cargo.toml &&\n          cargo add --path /home/runner/check/batch_1/Starry-OS/Starry-Old/api/axfeat --features alloc,alloc-buddy,alloc-slab,alloc-tlsf,another_ext4,axalloc,axdriver,axsync,axtask,bus-mmio,bus-pci,default,display,driver-bcm2835-sdhci,driver-e1000,driver-ixgbe,driver-ramdisk,ext4_rs,fatfs,fp_simd,fs,img,irq,log-level-debug,log-level-error,log-level-info,log-level-off,log-level-trace,log-level-warn,lwext4_rust,monolithic,multitask,myfs,net,paging,sched_cfs,sched_fifo,sched_rr,smp,spinlock,taskctx,tls &&\n          cargo check\n\nerror: aborting due to failure to build rustdoc for crate axfeat v0.1.0\n"]}}]},{"user":"Starry-OS","repo":"Starry-Old","pkg":"axruntime","count":4,"raw_reports":[{"file":"(virtual) lockbud","count":1,"kinds":{"Cargo":["// pkg_name=axruntime, checker=Lockbud\n// toolchain=nightly-2024-05-02, target=aarch64-unknown-none\n// pkg_dir=/home/runner/check/batch_1/Starry-OS/Starry-Old/modules/axruntime\n// cmd=cargo +nightly-2024-12-01 lockbud -k all -- --target aarch64-unknown-none\n// timestamp=2025-01-10 10:39:31.252866937 +08:00:00\n[2025-01-10T02:38:25Z WARN  lockbud::callbacks] [\n      {\n        \"AtomicityViolation\": {\n          \"bug_kind\": \"AtomicityViolation\",\n          \"possibility\": \"Possibly\",\n          \"diagnosis\": {\n            \"fn_name\": \"set_logger_racy\",\n            \"atomic_reader\": \"/home/runner/.cargo/registry/src/index.crates.io-6f17d22bba15001f/log-0.4.21/src/lib.rs:1408:11: 1408:39 (#0)\",\n            \"atomic_writer\": \"/home/runner/.cargo/registry/src/index.crates.io-6f17d22bba15001f/log-0.4.21/src/lib.rs:1411:13: 1411:55 (#0)\",\n            \"dep_kind\": \"Control\"\n          },\n          \"explanation\": \"atomic::store is data/control dependent on atomic::load\"\n        }\n      }\n    ]\n[2025-01-10T02:38:25Z WARN  lockbud::callbacks] crate log contains bugs: { probably: 0, possibly: 0 }, conflictlock: { probably: 0, possibly: 0 }, condvar_deadlock: { probably: 0, possibly: 0 }, atomicity_violation: { possibly: 1 }, invalid_free: { possibly: 0 }, use_after_free: { possibly: 0 }\n   Compiling taskctx v0.1.0 (https://github.com/Starry-OS/taskctx.git#3c3ad2fb)\nerror[E0787]: the `asm!` macro is not allowed in naked functions\n   --> /home/runner/.cargo/git/checkouts/taskctx-38ebba1102c121c2/3c3ad2f/src/arch/aarch64.rs:86:5\n    |\n86  | /     asm!(\n87  | |         \"\n88  | |         // save old context (callee-saved registers)\n89  | |         stp     x29, x30, [x0, 12 * 8]\n...   |\n111 | |         options(noreturn),\n112 | |     )\n    | |_____^ consider using the `naked_asm!` macro instead\n\nFor more information about this error, try `rustc --explain E0787`.\nerror: could not compile `taskctx` (lib) due to 1 previous error\n"]}},{"file":"(virtual) rapx","count":1,"kinds":{"Cargo":["// pkg_name=axruntime, checker=Rapx\n// toolchain=nightly-2024-05-02, target=aarch64-unknown-none\n// pkg_dir=/home/runner/check/batch_1/Starry-OS/Starry-Old/modules/axruntime\n// cmd=cargo +nightly-2024-10-12 rapx -F -M -- --target aarch64-unknown-none\n// timestamp=2025-01-10 10:48:19.150214311 +08:00:00\n   Compiling hashbrown v0.15.2\n   Compiling equivalent v1.0.1\n   Compiling serde v1.0.215\n   Compiling toml_datetime v0.6.8\n   Compiling winnow v0.6.20\n    Checking tock-registers v0.8.1\n   Compiling proc-macro2 v1.0.92\n   Compiling indexmap v2.7.0\n   Compiling unicode-ident v1.0.14\n    Checking cfg-if v1.0.0\n    Checking aarch64-cpu v9.4.0\n   Compiling toml_edit v0.22.22\n   Compiling quote v1.0.37\n   Compiling taskctx v0.1.0 (https://github.com/Starry-OS/taskctx.git#3c3ad2fb)\n    Checking memory_addr v0.1.0 (https://github.com/Starry-OS/memory_addr.git#a5be547a)\n    Checking log v0.4.21\n   Compiling syn v2.0.90\n    Checking static_assertions v1.1.0\n    Checking numeric-enum-macro v0.2.0 (https://github.com/mexus/numeric-enum-macro#20aef288)\n    Checking bitflags v2.6.0\n   Compiling percpu v0.1.0 (https://github.com/Starry-OS/percpu.git#85e6d8a7)\n    Checking spin v0.9.8\n    Checking fdt v0.1.5\n    Checking lazy_static v1.5.0\n    Checking arm_gic v0.1.0 (https://github.com/Starry-OS/arm_gic.git#b6dfcc32)\n    Checking of v0.1.0 (https://github.com/Starry-OS/of.git#45a65508)\n    Checking page_table_entry v0.1.0 (https://github.com/Starry-OS/page_table_entry.git#8a871b43)\n    Checking dw_apb_uart v0.1.0 (https://github.com/Starry-OS/dw_apb_uart.git#15d6fb0f)\n    Checking arm_pl011 v0.1.0 (https://github.com/Starry-OS/arm_pl011.git#cba8ce63)\n    Checking ratio v0.1.0 (https://github.com/Starry-OS/ratio.git#0c8da4c3)\n    Checking lazy_init v0.1.0 (https://github.com/Starry-OS/lazy_init.git#d0e87c05)\n    Checking handler_table v0.1.0 (https://github.com/Starry-OS/handler_table.git#d6495e7d)\n    Checking either v1.13.0\n    Checking axbacktrace v0.1.0 (https://github.com/kern-crates/axbacktrace.git#c0371ca8)\n    Checking linked_list v0.1.0 (https://github.com/Starry-OS/linked_list.git#283dddc4)\n   Compiling axconfig v0.1.0 (/home/runner/check/batch_1/Starry-OS/Starry-Old/modules/axconfig)\n   Compiling axconfig v0.1.0 (https://github.com/Starry-OS/axconfig.git#2a880338)\nerror[E0787]: the `asm!` macro is not allowed in naked functions\n   --> /home/runner/.cargo/git/checkouts/taskctx-38ebba1102c121c2/3c3ad2f/src/arch/aarch64.rs:86:5\n    |\n86  | /     asm!(\n87  | |         \"\n88  | |         // save old context (callee-saved registers)\n89  | |         stp     x29, x30, [x0, 12 * 8]\n...   |\n111 | |         options(noreturn),\n112 | |     )\n    | |_____^ consider using the `naked_asm!` macro instead\n\nFor more information about this error, try `rustc --explain E0787`.\nerror: could not compile `taskctx` (lib) due to 1 previous error\nwarning: build failed, waiting for other jobs to finish...\n02:48:26|RAP|ERROR|: Finished with non-zero exit code.\n"]}},{"file":"(virtual) semver-checks","count":1,"kinds":{"Cargo":["// pkg_name=axruntime, checker=SemverChecks\n// toolchain=nightly-2024-05-02, target=aarch64-unknown-none\n// pkg_dir=/home/runner/check/batch_1/Starry-OS/Starry-Old/modules/axruntime\n// cmd=cargo +nightly-2025-01-07-x86_64-unknown-linux-gnu semver-checks --target aarch64-unknown-none\n// timestamp=2025-01-10 10:34:12.932165911 +08:00:00\n    Building axruntime v0.1.0 (current)\nerror: running cargo-doc on crate 'axruntime' failed with output:\n-----\n    Checking log v0.4.22\n   Compiling proc-macro2 v1.0.92\n   Compiling equivalent v1.0.1\n   Compiling unicode-ident v1.0.14\nerror[E0463]: can't find crate for `core`\n  |\n  = note: the `aarch64-unknown-none` target may not be installed\n  = help: consider downloading the target with `rustup target add aarch64-unknown-none`\n  = help: consider building the standard library from source with `cargo build -Zbuild-std`\n\nFor more information about this error, try `rustc --explain E0463`.\nerror: could not compile `log` (lib) due to 1 previous error\nwarning: build failed, waiting for other jobs to finish...\n\n-----\n\nerror: failed to build rustdoc for crate axruntime v0.1.0\nnote: this is usually due to a compilation error in the crate,\n      and is unlikely to be a bug in cargo-semver-checks\nnote: the following command can be used to reproduce the compilation error:\n      cargo new --lib example &&\n          cd example &&\n          echo '[workspace]' >> Cargo.toml &&\n          cargo add --path /home/runner/check/batch_1/Starry-OS/Starry-Old/modules/axruntime --features alloc,axalloc,axdisplay,axdriver,axfs,axmem,axnet,axprocess,default,display,fs,img,irq,kernel_guard,lazy_init,monolithic,multitask,net,paging,percpu,smp,tls &&\n          cargo check\n\nerror: aborting due to failure to build rustdoc for crate axruntime v0.1.0\n"]}},{"file":"[semver checks]","count":1,"kinds":{"Semver Violation":["pkg=axruntime, checker=SemverChecks\ntoolchain=nightly-2024-05-02, target=aarch64-unknown-none\npkg_dir=/home/runner/check/batch_1/Starry-OS/Starry-Old/modules/axruntime\ncmd=cargo +nightly-2025-01-07-x86_64-unknown-linux-gnu semver-checks --target aarch64-unknown-none\ntimestamp=2025-01-10 10:34:21.232299472 +08:00:00\n\n\nstdout:\n\nstderr:\n    Building axruntime v0.1.0 (current)\nerror: running cargo-doc on crate 'axruntime' failed with output:\n-----\n    Checking log v0.4.22\n   Compiling proc-macro2 v1.0.92\n   Compiling equivalent v1.0.1\n   Compiling unicode-ident v1.0.14\nerror[E0463]: can't find crate for `core`\n  |\n  = note: the `aarch64-unknown-none` target may not be installed\n  = help: consider downloading the target with `rustup target add aarch64-unknown-none`\n  = help: consider building the standard library from source with `cargo build -Zbuild-std`\n\nFor more information about this error, try `rustc --explain E0463`.\nerror: could not compile `log` (lib) due to 1 previous error\nwarning: build failed, waiting for other jobs to finish...\n\n-----\n\nerror: failed to build rustdoc for crate axruntime v0.1.0\nnote: this is usually due to a compilation error in the crate,\n      and is unlikely to be a bug in cargo-semver-checks\nnote: the following command can be used to reproduce the compilation error:\n      cargo new --lib example &&\n          cd example &&\n          echo '[workspace]' >> Cargo.toml &&\n          cargo add --path /home/runner/check/batch_1/Starry-OS/Starry-Old/modules/axruntime --features alloc,axalloc,axdisplay,axdriver,axfs,axmem,axnet,axprocess,default,display,fs,img,irq,kernel_guard,lazy_init,monolithic,multitask,net,paging,percpu,smp,tls &&\n          cargo check\n\nerror: aborting due to failure to build rustdoc for crate axruntime v0.1.0\n"]}}]},{"user":"Starry-OS","repo":"Starry-Old","pkg":"axstarry","count":4,"raw_reports":[{"file":"(virtual) lockbud","count":1,"kinds":{"Cargo":["// pkg_name=axstarry, checker=Lockbud\n// toolchain=nightly-2024-05-02, target=aarch64-unknown-none\n// pkg_dir=/home/runner/check/batch_1/Starry-OS/Starry-Old/ulib/axstarry\n// cmd=cargo +nightly-2024-12-01 lockbud -k all -- --target aarch64-unknown-none\n// timestamp=2025-01-10 10:39:34.102038502 +08:00:00\n[2025-01-10T02:38:25Z WARN  lockbud::callbacks] [\n      {\n        \"AtomicityViolation\": {\n          \"bug_kind\": \"AtomicityViolation\",\n          \"possibility\": \"Possibly\",\n          \"diagnosis\": {\n            \"fn_name\": \"set_logger_racy\",\n            \"atomic_reader\": \"/home/runner/.cargo/registry/src/index.crates.io-6f17d22bba15001f/log-0.4.21/src/lib.rs:1408:11: 1408:39 (#0)\",\n            \"atomic_writer\": \"/home/runner/.cargo/registry/src/index.crates.io-6f17d22bba15001f/log-0.4.21/src/lib.rs:1411:13: 1411:55 (#0)\",\n            \"dep_kind\": \"Control\"\n          },\n          \"explanation\": \"atomic::store is data/control dependent on atomic::load\"\n        }\n      }\n    ]\n[2025-01-10T02:38:25Z WARN  lockbud::callbacks] crate log contains bugs: { probably: 0, possibly: 0 }, conflictlock: { probably: 0, possibly: 0 }, condvar_deadlock: { probably: 0, possibly: 0 }, atomicity_violation: { possibly: 1 }, invalid_free: { possibly: 0 }, use_after_free: { possibly: 0 }\n   Compiling taskctx v0.1.0 (https://github.com/Starry-OS/taskctx.git#3c3ad2fb)\n   Compiling axhal v0.1.0 (/home/runner/check/batch_1/Starry-OS/Starry-Old/modules/axhal)\n   Compiling axdriver v0.1.0 (/home/runner/check/batch_1/Starry-OS/Starry-Old/modules/axdriver)\n   Compiling driver_virtio v0.1.0 (https://github.com/Starry-OS/driver_virtio.git#a223bf1e)\nerror[E0787]: the `asm!` macro is not allowed in naked functions\n   --> /home/runner/.cargo/git/checkouts/taskctx-38ebba1102c121c2/3c3ad2f/src/arch/aarch64.rs:86:5\n    |\n86  | /     asm!(\n87  | |         \"\n88  | |         // save old context (callee-saved registers)\n89  | |         stp     x29, x30, [x0, 12 * 8]\n...   |\n111 | |         options(noreturn),\n112 | |     )\n    | |_____^ consider using the `naked_asm!` macro instead\n\n   Compiling fatfs v0.4.0 (https://github.com/rafalh/rust-fatfs?rev=85f06e0#85f06e08)\nFor more information about this error, try `rustc --explain E0787`.\nerror: could not compile `taskctx` (lib) due to 1 previous error\nwarning: build failed, waiting for other jobs to finish...\n"]}},{"file":"(virtual) rapx","count":1,"kinds":{"Cargo":["// pkg_name=axstarry, checker=Rapx\n// toolchain=nightly-2024-05-02, target=aarch64-unknown-none\n// pkg_dir=/home/runner/check/batch_1/Starry-OS/Starry-Old/ulib/axstarry\n// cmd=cargo +nightly-2024-10-12 rapx -F -M -- --target aarch64-unknown-none\n// timestamp=2025-01-10 10:49:15.670316828 +08:00:00\n    Checking log v0.4.21\n   Compiling proc-macro2 v1.0.92\n   Compiling equivalent v1.0.1\n   Compiling serde v1.0.215\n   Compiling unicode-ident v1.0.14\n   Compiling hashbrown v0.15.2\n   Compiling toml_datetime v0.6.8\n   Compiling winnow v0.6.20\n   Compiling indexmap v2.7.0\n   Compiling quote v1.0.37\n    Checking tock-registers v0.8.1\n    Checking cfg-if v1.0.0\n    Checking bitflags v2.6.0\n   Compiling syn v2.0.90\n    Checking aarch64-cpu v9.4.0\n   Compiling toml_edit v0.22.22\n   Compiling autocfg v1.4.0\n   Compiling lock_api v0.4.12\n    Checking memory_addr v0.1.0 (https://github.com/Starry-OS/memory_addr.git#a5be547a)\n   Compiling axerrno v0.1.0 (https://github.com/Starry-OS/axerrno.git#3e2372cd)\n   Compiling syn v1.0.109\n    Checking scopeguard v1.2.0\n   Compiling taskctx v0.1.0 (https://github.com/Starry-OS/taskctx.git#3c3ad2fb)\n    Checking spin v0.9.8\n    Checking static_assertions v1.1.0\n    Checking numeric-enum-macro v0.2.0 (https://github.com/mexus/numeric-enum-macro#20aef288)\n   Compiling base64 v0.13.1\n   Compiling unicode-width v0.1.14\n    Checking bit_field v0.10.2\n    Checking const-default v1.0.0\n    Checking byteorder v1.5.0\n   Compiling axconfig v0.1.0 (/home/runner/check/batch_1/Starry-OS/Starry-Old/modules/axconfig)\n   Compiling axconfig v0.1.0 (https://github.com/Starry-OS/axconfig.git#2a880338)\nerror[E0787]: the `asm!` macro is not allowed in naked functions\n   --> /home/runner/.cargo/git/checkouts/taskctx-38ebba1102c121c2/3c3ad2f/src/arch/aarch64.rs:86:5\n    |\n86  | /     asm!(\n87  | |         \"\n88  | |         // save old context (callee-saved registers)\n89  | |         stp     x29, x30, [x0, 12 * 8]\n...   |\n111 | |         options(noreturn),\n112 | |     )\n    | |_____^ consider using the `naked_asm!` macro instead\n\nFor more information about this error, try `rustc --explain E0787`.\nerror: could not compile `taskctx` (lib) due to 1 previous error\nwarning: build failed, waiting for other jobs to finish...\n02:49:23|RAP|ERROR|: Finished with non-zero exit code.\n"]}},{"file":"(virtual) semver-checks","count":1,"kinds":{"Cargo":["// pkg_name=axstarry, checker=SemverChecks\n// toolchain=nightly-2024-05-02, target=aarch64-unknown-none\n// pkg_dir=/home/runner/check/batch_1/Starry-OS/Starry-Old/ulib/axstarry\n// cmd=cargo +nightly-2025-01-07-x86_64-unknown-linux-gnu semver-checks --target aarch64-unknown-none\n// timestamp=2025-01-10 10:35:06.800440729 +08:00:00\n    Building axstarry v0.1.0 (current)\nerror: running cargo-doc on crate 'axstarry' failed with output:\n-----\n    Checking log v0.4.22\n   Compiling proc-macro2 v1.0.92\n   Compiling equivalent v1.0.1\n   Compiling serde v1.0.217\nerror[E0463]: can't find crate for `core`\n  |\n  = note: the `aarch64-unknown-none` target may not be installed\n  = help: consider downloading the target with `rustup target add aarch64-unknown-none`\n  = help: consider building the standard library from source with `cargo build -Zbuild-std`\n\nFor more information about this error, try `rustc --explain E0463`.\n   Compiling unicode-ident v1.0.14\nerror: could not compile `log` (lib) due to 1 previous error\nwarning: build failed, waiting for other jobs to finish...\n\n-----\n\nerror: failed to build rustdoc for crate axstarry v0.1.0\nnote: this is usually due to a compilation error in the crate,\n      and is unlikely to be a bug in cargo-semver-checks\nnote: the following command can be used to reproduce the compilation error:\n      cargo new --lib example &&\n          cd example &&\n          echo '[workspace]' >> Cargo.toml &&\n          cargo add --path /home/runner/check/batch_1/Starry-OS/Starry-Old/ulib/axstarry --features alloc,another_ext4,bus-pci,default,devfs,display,e1000_net,ext4_rs,fatfs,fp_simd,fs,img,irq,ixgbe_net,log-level-debug,log-level-error,log-level-info,log-level-off,log-level-trace,log-level-warn,lwext4_rust,monolithic,multitask,myfs,net,paging,sched_cfs,sched_fifo,sched_rr,smp,tls &&\n          cargo check\n\nerror: aborting due to failure to build rustdoc for crate axstarry v0.1.0\n"]}},{"file":"[semver checks]","count":1,"kinds":{"Semver Violation":["pkg=axstarry, checker=SemverChecks\ntoolchain=nightly-2024-05-02, target=aarch64-unknown-none\npkg_dir=/home/runner/check/batch_1/Starry-OS/Starry-Old/ulib/axstarry\ncmd=cargo +nightly-2025-01-07-x86_64-unknown-linux-gnu semver-checks --target aarch64-unknown-none\ntimestamp=2025-01-10 10:35:15.974217457 +08:00:00\n\n\nstdout:\n\nstderr:\n    Building axstarry v0.1.0 (current)\nerror: running cargo-doc on crate 'axstarry' failed with output:\n-----\n    Checking log v0.4.22\n   Compiling proc-macro2 v1.0.92\n   Compiling equivalent v1.0.1\n   Compiling serde v1.0.217\nerror[E0463]: can't find crate for `core`\n  |\n  = note: the `aarch64-unknown-none` target may not be installed\n  = help: consider downloading the target with `rustup target add aarch64-unknown-none`\n  = help: consider building the standard library from source with `cargo build -Zbuild-std`\n\nFor more information about this error, try `rustc --explain E0463`.\n   Compiling unicode-ident v1.0.14\nerror: could not compile `log` (lib) due to 1 previous error\nwarning: build failed, waiting for other jobs to finish...\n\n-----\n\nerror: failed to build rustdoc for crate axstarry v0.1.0\nnote: this is usually due to a compilation error in the crate,\n      and is unlikely to be a bug in cargo-semver-checks\nnote: the following command can be used to reproduce the compilation error:\n      cargo new --lib example &&\n          cd example &&\n          echo '[workspace]' >> Cargo.toml &&\n          cargo add --path /home/runner/check/batch_1/Starry-OS/Starry-Old/ulib/axstarry --features alloc,another_ext4,bus-pci,default,devfs,display,e1000_net,ext4_rs,fatfs,fp_simd,fs,img,irq,ixgbe_net,log-level-debug,log-level-error,log-level-info,log-level-off,log-level-trace,log-level-warn,lwext4_rust,monolithic,multitask,myfs,net,paging,sched_cfs,sched_fifo,sched_rr,smp,tls &&\n          cargo check\n\nerror: aborting due to failure to build rustdoc for crate axstarry v0.1.0\n"]}}]},{"user":"Starry-OS","repo":"Starry-Old","pkg":"axstd","count":4,"raw_reports":[{"file":"(virtual) lockbud","count":1,"kinds":{"Cargo":["// pkg_name=axstd, checker=Lockbud\n// toolchain=nightly-2024-05-02, target=aarch64-unknown-none\n// pkg_dir=/home/runner/check/batch_1/Starry-OS/Starry-Old/ulib/axstd\n// cmd=cargo +nightly-2024-12-01 lockbud -k all -- --target aarch64-unknown-none\n// timestamp=2025-01-10 10:39:37.606861427 +08:00:00\n[2025-01-10T02:38:25Z WARN  lockbud::callbacks] [\n      {\n        \"AtomicityViolation\": {\n          \"bug_kind\": \"AtomicityViolation\",\n          \"possibility\": \"Possibly\",\n          \"diagnosis\": {\n            \"fn_name\": \"set_logger_racy\",\n            \"atomic_reader\": \"/home/runner/.cargo/registry/src/index.crates.io-6f17d22bba15001f/log-0.4.21/src/lib.rs:1408:11: 1408:39 (#0)\",\n            \"atomic_writer\": \"/home/runner/.cargo/registry/src/index.crates.io-6f17d22bba15001f/log-0.4.21/src/lib.rs:1411:13: 1411:55 (#0)\",\n            \"dep_kind\": \"Control\"\n          },\n          \"explanation\": \"atomic::store is data/control dependent on atomic::load\"\n        }\n      }\n    ]\n[2025-01-10T02:38:25Z WARN  lockbud::callbacks] crate log contains bugs: { probably: 0, possibly: 0 }, conflictlock: { probably: 0, possibly: 0 }, condvar_deadlock: { probably: 0, possibly: 0 }, atomicity_violation: { possibly: 1 }, invalid_free: { possibly: 0 }, use_after_free: { possibly: 0 }\n   Compiling taskctx v0.1.0 (https://github.com/Starry-OS/taskctx.git#3c3ad2fb)\n   Compiling arch_boot v0.1.0 (/home/runner/check/batch_1/Starry-OS/Starry-Old/modules/arch_boot)\n   Compiling axio v0.1.0 (https://github.com/Starry-OS/axio.git#010ddddb)\nerror[E0787]: the `asm!` macro is not allowed in naked functions\n   --> /home/runner/.cargo/git/checkouts/taskctx-38ebba1102c121c2/3c3ad2f/src/arch/aarch64.rs:86:5\n    |\n86  | /     asm!(\n87  | |         \"\n88  | |         // save old context (callee-saved registers)\n89  | |         stp     x29, x30, [x0, 12 * 8]\n...   |\n111 | |         options(noreturn),\n112 | |     )\n    | |_____^ consider using the `naked_asm!` macro instead\n\nFor more information about this error, try `rustc --explain E0787`.\nerror: could not compile `taskctx` (lib) due to 1 previous error\nwarning: build failed, waiting for other jobs to finish...\n"]}},{"file":"(virtual) rapx","count":1,"kinds":{"Cargo":["// pkg_name=axstd, checker=Rapx\n// toolchain=nightly-2024-05-02, target=aarch64-unknown-none\n// pkg_dir=/home/runner/check/batch_1/Starry-OS/Starry-Old/ulib/axstd\n// cmd=cargo +nightly-2024-10-12 rapx -F -M -- --target aarch64-unknown-none\n// timestamp=2025-01-10 10:49:46.956311992 +08:00:00\n   Compiling equivalent v1.0.1\n   Compiling hashbrown v0.15.2\n   Compiling serde v1.0.215\n   Compiling toml_datetime v0.6.8\n   Compiling winnow v0.6.20\n    Checking tock-registers v0.8.1\n   Compiling proc-macro2 v1.0.92\n   Compiling indexmap v2.7.0\n    Checking cfg-if v1.0.0\n    Checking log v0.4.21\n   Compiling unicode-ident v1.0.14\n    Checking aarch64-cpu v9.4.0\n   Compiling toml_edit v0.22.22\n   Compiling quote v1.0.37\n   Compiling taskctx v0.1.0 (https://github.com/Starry-OS/taskctx.git#3c3ad2fb)\n    Checking memory_addr v0.1.0 (https://github.com/Starry-OS/memory_addr.git#a5be547a)\n   Compiling syn v2.0.90\n    Checking numeric-enum-macro v0.2.0 (https://github.com/mexus/numeric-enum-macro#20aef288)\n    Checking static_assertions v1.1.0\n   Compiling percpu v0.1.0 (https://github.com/Starry-OS/percpu.git#85e6d8a7)\n    Checking bitflags v2.6.0\n    Checking spin v0.9.8\n    Checking fdt v0.1.5\n    Checking lazy_static v1.5.0\n    Checking page_table_entry v0.1.0 (https://github.com/Starry-OS/page_table_entry.git#8a871b43)\n    Checking of v0.1.0 (https://github.com/Starry-OS/of.git#45a65508)\n    Checking arm_gic v0.1.0 (https://github.com/Starry-OS/arm_gic.git#b6dfcc32)\n    Checking arm_pl011 v0.1.0 (https://github.com/Starry-OS/arm_pl011.git#cba8ce63)\n    Checking dw_apb_uart v0.1.0 (https://github.com/Starry-OS/dw_apb_uart.git#15d6fb0f)\n    Checking either v1.13.0\n    Checking handler_table v0.1.0 (https://github.com/Starry-OS/handler_table.git#d6495e7d)\n    Checking lazy_init v0.1.0 (https://github.com/Starry-OS/lazy_init.git#d0e87c05)\n    Checking ratio v0.1.0 (https://github.com/Starry-OS/ratio.git#0c8da4c3)\n    Checking axbacktrace v0.1.0 (https://github.com/kern-crates/axbacktrace.git#c0371ca8)\n    Checking linked_list v0.1.0 (https://github.com/Starry-OS/linked_list.git#283dddc4)\n   Compiling axerrno v0.1.0 (https://github.com/Starry-OS/axerrno.git#3e2372cd)\n    Checking axio v0.1.0 (https://github.com/Starry-OS/axio.git#010ddddb)\n   Compiling axconfig v0.1.0 (/home/runner/check/batch_1/Starry-OS/Starry-Old/modules/axconfig)\n   Compiling axconfig v0.1.0 (https://github.com/Starry-OS/axconfig.git#2a880338)\nerror[E0787]: the `asm!` macro is not allowed in naked functions\n   --> /home/runner/.cargo/git/checkouts/taskctx-38ebba1102c121c2/3c3ad2f/src/arch/aarch64.rs:86:5\n    |\n86  | /     asm!(\n87  | |         \"\n88  | |         // save old context (callee-saved registers)\n89  | |         stp     x29, x30, [x0, 12 * 8]\n...   |\n111 | |         options(noreturn),\n112 | |     )\n    | |_____^ consider using the `naked_asm!` macro instead\n\nFor more information about this error, try `rustc --explain E0787`.\nerror: could not compile `taskctx` (lib) due to 1 previous error\nwarning: build failed, waiting for other jobs to finish...\n02:49:53|RAP|ERROR|: Finished with non-zero exit code.\n"]}},{"file":"(virtual) semver-checks","count":1,"kinds":{"Cargo":["// pkg_name=axstd, checker=SemverChecks\n// toolchain=nightly-2024-05-02, target=aarch64-unknown-none\n// pkg_dir=/home/runner/check/batch_1/Starry-OS/Starry-Old/ulib/axstd\n// cmd=cargo +nightly-2025-01-07-x86_64-unknown-linux-gnu semver-checks --target aarch64-unknown-none\n// timestamp=2025-01-10 10:35:45.138681361 +08:00:00\n    Building axstd v0.1.0 (current)\nerror: running cargo-doc on crate 'axstd' failed with output:\n-----\n    Checking log v0.4.22\n   Compiling hashbrown v0.15.2\n   Compiling serde v1.0.217\n   Compiling equivalent v1.0.1\nerror[E0463]: can't find crate for `core`\n  |\n  = note: the `aarch64-unknown-none` target may not be installed\n  = help: consider downloading the target with `rustup target add aarch64-unknown-none`\n  = help: consider building the standard library from source with `cargo build -Zbuild-std`\n\nFor more information about this error, try `rustc --explain E0463`.\nerror: could not compile `log` (lib) due to 1 previous error\nwarning: build failed, waiting for other jobs to finish...\n\n-----\n\nerror: failed to build rustdoc for crate axstd v0.1.0\nnote: this is usually due to a compilation error in the crate,\n      and is unlikely to be a bug in cargo-semver-checks\nnote: the following command can be used to reproduce the compilation error:\n      cargo new --lib example &&\n          cd example &&\n          echo '[workspace]' >> Cargo.toml &&\n          cargo add --path /home/runner/check/batch_1/Starry-OS/Starry-Old/ulib/axstd --features alloc,alloc-buddy,alloc-slab,alloc-tlsf,bus-mmio,bus-pci,default,display,dns,driver-bcm2835-sdhci,driver-ixgbe,driver-ramdisk,fatfs,fp_simd,fs,irq,log-level-debug,log-level-error,log-level-info,log-level-off,log-level-trace,log-level-warn,lwext4_rust,multitask,myfs,net,paging,sched_cfs,sched_fifo,sched_rr,smp,tls &&\n          cargo check\n\nerror: aborting due to failure to build rustdoc for crate axstd v0.1.0\n"]}},{"file":"[semver checks]","count":1,"kinds":{"Semver Violation":["pkg=axstd, checker=SemverChecks\ntoolchain=nightly-2024-05-02, target=aarch64-unknown-none\npkg_dir=/home/runner/check/batch_1/Starry-OS/Starry-Old/ulib/axstd\ncmd=cargo +nightly-2025-01-07-x86_64-unknown-linux-gnu semver-checks --target aarch64-unknown-none\ntimestamp=2025-01-10 10:35:53.653624137 +08:00:00\n\n\nstdout:\n\nstderr:\n    Building axstd v0.1.0 (current)\nerror: running cargo-doc on crate 'axstd' failed with output:\n-----\n    Checking log v0.4.22\n   Compiling hashbrown v0.15.2\n   Compiling serde v1.0.217\n   Compiling equivalent v1.0.1\nerror[E0463]: can't find crate for `core`\n  |\n  = note: the `aarch64-unknown-none` target may not be installed\n  = help: consider downloading the target with `rustup target add aarch64-unknown-none`\n  = help: consider building the standard library from source with `cargo build -Zbuild-std`\n\nFor more information about this error, try `rustc --explain E0463`.\nerror: could not compile `log` (lib) due to 1 previous error\nwarning: build failed, waiting for other jobs to finish...\n\n-----\n\nerror: failed to build rustdoc for crate axstd v0.1.0\nnote: this is usually due to a compilation error in the crate,\n      and is unlikely to be a bug in cargo-semver-checks\nnote: the following command can be used to reproduce the compilation error:\n      cargo new --lib example &&\n          cd example &&\n          echo '[workspace]' >> Cargo.toml &&\n          cargo add --path /home/runner/check/batch_1/Starry-OS/Starry-Old/ulib/axstd --features alloc,alloc-buddy,alloc-slab,alloc-tlsf,bus-mmio,bus-pci,default,display,dns,driver-bcm2835-sdhci,driver-ixgbe,driver-ramdisk,fatfs,fp_simd,fs,irq,log-level-debug,log-level-error,log-level-info,log-level-off,log-level-trace,log-level-warn,lwext4_rust,multitask,myfs,net,paging,sched_cfs,sched_fifo,sched_rr,smp,tls &&\n          cargo check\n\nerror: aborting due to failure to build rustdoc for crate axstd v0.1.0\n"]}}]},{"user":"Starry-OS","repo":"Starry-Old","pkg":"axsync","count":4,"raw_reports":[{"file":"(virtual) lockbud","count":1,"kinds":{"Cargo":["// pkg_name=axsync, checker=Lockbud\n// toolchain=nightly-2024-05-02, target=aarch64-unknown-none\n// pkg_dir=/home/runner/check/batch_1/Starry-OS/Starry-Old/modules/axsync\n// cmd=cargo +nightly-2024-12-01 lockbud -k all -- --target aarch64-unknown-none\n// timestamp=2025-01-10 10:39:39.206353487 +08:00:00\n[2025-01-10T02:38:25Z WARN  lockbud::callbacks] [\n      {\n        \"AtomicityViolation\": {\n          \"bug_kind\": \"AtomicityViolation\",\n          \"possibility\": \"Possibly\",\n          \"diagnosis\": {\n            \"fn_name\": \"set_logger_racy\",\n            \"atomic_reader\": \"/home/runner/.cargo/registry/src/index.crates.io-6f17d22bba15001f/log-0.4.21/src/lib.rs:1408:11: 1408:39 (#0)\",\n            \"atomic_writer\": \"/home/runner/.cargo/registry/src/index.crates.io-6f17d22bba15001f/log-0.4.21/src/lib.rs:1411:13: 1411:55 (#0)\",\n            \"dep_kind\": \"Control\"\n          },\n          \"explanation\": \"atomic::store is data/control dependent on atomic::load\"\n        }\n      }\n    ]\n[2025-01-10T02:38:25Z WARN  lockbud::callbacks] crate log contains bugs: { probably: 0, possibly: 0 }, conflictlock: { probably: 0, possibly: 0 }, condvar_deadlock: { probably: 0, possibly: 0 }, atomicity_violation: { possibly: 1 }, invalid_free: { possibly: 0 }, use_after_free: { possibly: 0 }\n   Compiling taskctx v0.1.0 (https://github.com/Starry-OS/taskctx.git#3c3ad2fb)\nerror[E0787]: the `asm!` macro is not allowed in naked functions\n   --> /home/runner/.cargo/git/checkouts/taskctx-38ebba1102c121c2/3c3ad2f/src/arch/aarch64.rs:86:5\n    |\n86  | /     asm!(\n87  | |         \"\n88  | |         // save old context (callee-saved registers)\n89  | |         stp     x29, x30, [x0, 12 * 8]\n...   |\n111 | |         options(noreturn),\n112 | |     )\n    | |_____^ consider using the `naked_asm!` macro instead\n\nFor more information about this error, try `rustc --explain E0787`.\nerror: could not compile `taskctx` (lib) due to 1 previous error\n"]}},{"file":"(virtual) rapx","count":1,"kinds":{"Cargo":["// pkg_name=axsync, checker=Rapx\n// toolchain=nightly-2024-05-02, target=aarch64-unknown-none\n// pkg_dir=/home/runner/check/batch_1/Starry-OS/Starry-Old/modules/axsync\n// cmd=cargo +nightly-2024-10-12 rapx -F -M -- --target aarch64-unknown-none\n// timestamp=2025-01-10 10:50:16.255700301 +08:00:00\n   Compiling hashbrown v0.15.2\n   Compiling equivalent v1.0.1\n   Compiling serde v1.0.215\n   Compiling winnow v0.6.20\n   Compiling toml_datetime v0.6.8\n    Checking tock-registers v0.8.1\n   Compiling proc-macro2 v1.0.92\n   Compiling indexmap v2.7.0\n    Checking cfg-if v1.0.0\n   Compiling unicode-ident v1.0.14\n    Checking aarch64-cpu v9.4.0\n   Compiling toml_edit v0.22.22\n   Compiling quote v1.0.37\n   Compiling taskctx v0.1.0 (https://github.com/Starry-OS/taskctx.git#3c3ad2fb)\n    Checking log v0.4.21\n    Checking memory_addr v0.1.0 (https://github.com/Starry-OS/memory_addr.git#a5be547a)\n   Compiling syn v2.0.90\n    Checking numeric-enum-macro v0.2.0 (https://github.com/mexus/numeric-enum-macro#20aef288)\n    Checking static_assertions v1.1.0\n   Compiling percpu v0.1.0 (https://github.com/Starry-OS/percpu.git#85e6d8a7)\n    Checking bitflags v2.6.0\n    Checking spin v0.9.8\n    Checking fdt v0.1.5\n    Checking lazy_static v1.5.0\n    Checking page_table_entry v0.1.0 (https://github.com/Starry-OS/page_table_entry.git#8a871b43)\n    Checking of v0.1.0 (https://github.com/Starry-OS/of.git#45a65508)\n    Checking arm_gic v0.1.0 (https://github.com/Starry-OS/arm_gic.git#b6dfcc32)\n    Checking arm_pl011 v0.1.0 (https://github.com/Starry-OS/arm_pl011.git#cba8ce63)\n    Checking dw_apb_uart v0.1.0 (https://github.com/Starry-OS/dw_apb_uart.git#15d6fb0f)\n    Checking either v1.13.0\n    Checking handler_table v0.1.0 (https://github.com/Starry-OS/handler_table.git#d6495e7d)\n    Checking ratio v0.1.0 (https://github.com/Starry-OS/ratio.git#0c8da4c3)\n    Checking lazy_init v0.1.0 (https://github.com/Starry-OS/lazy_init.git#d0e87c05)\n    Checking axbacktrace v0.1.0 (https://github.com/kern-crates/axbacktrace.git#c0371ca8)\n    Checking linked_list v0.1.0 (https://github.com/Starry-OS/linked_list.git#283dddc4)\n   Compiling axconfig v0.1.0 (/home/runner/check/batch_1/Starry-OS/Starry-Old/modules/axconfig)\n   Compiling axconfig v0.1.0 (https://github.com/Starry-OS/axconfig.git#2a880338)\nerror[E0787]: the `asm!` macro is not allowed in naked functions\n   --> /home/runner/.cargo/git/checkouts/taskctx-38ebba1102c121c2/3c3ad2f/src/arch/aarch64.rs:86:5\n    |\n86  | /     asm!(\n87  | |         \"\n88  | |         // save old context (callee-saved registers)\n89  | |         stp     x29, x30, [x0, 12 * 8]\n...   |\n111 | |         options(noreturn),\n112 | |     )\n    | |_____^ consider using the `naked_asm!` macro instead\n\nFor more information about this error, try `rustc --explain E0787`.\nerror: could not compile `taskctx` (lib) due to 1 previous error\nwarning: build failed, waiting for other jobs to finish...\n02:50:23|RAP|ERROR|: Finished with non-zero exit code.\n"]}},{"file":"(virtual) semver-checks","count":1,"kinds":{"Cargo":["// pkg_name=axsync, checker=SemverChecks\n// toolchain=nightly-2024-05-02, target=aarch64-unknown-none\n// pkg_dir=/home/runner/check/batch_1/Starry-OS/Starry-Old/modules/axsync\n// cmd=cargo +nightly-2025-01-07-x86_64-unknown-linux-gnu semver-checks --target aarch64-unknown-none\n// timestamp=2025-01-10 10:36:21.824367197 +08:00:00\n    Building axsync v0.1.0 (current)\nerror: running cargo-doc on crate 'axsync' failed with output:\n-----\n   Compiling serde v1.0.217\n   Compiling hashbrown v0.15.2\n   Compiling equivalent v1.0.1\n   Compiling winnow v0.6.22\n   Compiling toml_datetime v0.6.8\n   Compiling proc-macro2 v1.0.92\n   Compiling indexmap v2.7.0\n    Checking cfg-if v1.0.0\nerror[E0463]: can't find crate for `core`\n  |\n  = note: the `aarch64-unknown-none` target may not be installed\n  = help: consider downloading the target with `rustup target add aarch64-unknown-none`\n  = help: consider building the standard library from source with `cargo build -Zbuild-std`\n\nFor more information about this error, try `rustc --explain E0463`.\nerror: could not compile `cfg-if` (lib) due to 1 previous error\nwarning: build failed, waiting for other jobs to finish...\n\n-----\n\nerror: failed to build rustdoc for crate axsync v0.1.0\nnote: this is usually due to a compilation error in the crate,\n      and is unlikely to be a bug in cargo-semver-checks\nnote: the following command can be used to reproduce the compilation error:\n      cargo new --lib example &&\n          cd example &&\n          echo '[workspace]' >> Cargo.toml &&\n          cargo add --path /home/runner/check/batch_1/Starry-OS/Starry-Old/modules/axsync --features default,irq,multitask &&\n          cargo check\n\nerror: aborting due to failure to build rustdoc for crate axsync v0.1.0\n"]}},{"file":"[semver checks]","count":1,"kinds":{"Semver Violation":["pkg=axsync, checker=SemverChecks\ntoolchain=nightly-2024-05-02, target=aarch64-unknown-none\npkg_dir=/home/runner/check/batch_1/Starry-OS/Starry-Old/modules/axsync\ncmd=cargo +nightly-2025-01-07-x86_64-unknown-linux-gnu semver-checks --target aarch64-unknown-none\ntimestamp=2025-01-10 10:36:28.727640284 +08:00:00\n\n\nstdout:\n\nstderr:\n    Building axsync v0.1.0 (current)\nerror: running cargo-doc on crate 'axsync' failed with output:\n-----\n   Compiling serde v1.0.217\n   Compiling hashbrown v0.15.2\n   Compiling equivalent v1.0.1\n   Compiling winnow v0.6.22\n   Compiling toml_datetime v0.6.8\n   Compiling proc-macro2 v1.0.92\n   Compiling indexmap v2.7.0\n    Checking cfg-if v1.0.0\nerror[E0463]: can't find crate for `core`\n  |\n  = note: the `aarch64-unknown-none` target may not be installed\n  = help: consider downloading the target with `rustup target add aarch64-unknown-none`\n  = help: consider building the standard library from source with `cargo build -Zbuild-std`\n\nFor more information about this error, try `rustc --explain E0463`.\nerror: could not compile `cfg-if` (lib) due to 1 previous error\nwarning: build failed, waiting for other jobs to finish...\n\n-----\n\nerror: failed to build rustdoc for crate axsync v0.1.0\nnote: this is usually due to a compilation error in the crate,\n      and is unlikely to be a bug in cargo-semver-checks\nnote: the following command can be used to reproduce the compilation error:\n      cargo new --lib example &&\n          cd example &&\n          echo '[workspace]' >> Cargo.toml &&\n          cargo add --path /home/runner/check/batch_1/Starry-OS/Starry-Old/modules/axsync --features default,irq,multitask &&\n          cargo check\n\nerror: aborting due to failure to build rustdoc for crate axsync v0.1.0\n"]}}]},{"user":"Starry-OS","repo":"Starry-Old","pkg":"axconfig","count":3,"raw_reports":[{"file":"(virtual) semver-checks","count":1,"kinds":{"Cargo":["// pkg_name=axconfig, checker=SemverChecks\n// toolchain=nightly-2024-05-02, target=aarch64-unknown-none\n// pkg_dir=/home/runner/check/batch_1/Starry-OS/Starry-Old/modules/axconfig\n// cmd=cargo +nightly-2025-01-07-x86_64-unknown-linux-gnu semver-checks --target aarch64-unknown-none\n// timestamp=2025-01-10 10:28:44.710622876 +08:00:00\n    Building axconfig v0.1.0 (current)\nerror: running cargo-doc on crate 'axconfig' failed with output:\n-----\n   Compiling serde v1.0.217\n   Compiling hashbrown v0.15.2\n   Compiling equivalent v1.0.1\n   Compiling winnow v0.6.22\n   Compiling toml_datetime v0.6.8\n   Compiling indexmap v2.7.0\n   Compiling toml_edit v0.22.22\n   Compiling axconfig v0.1.0 (/home/runner/check/batch_1/Starry-OS/Starry-Old/modules/axconfig)\n Documenting axconfig v0.1.0 (/home/runner/check/batch_1/Starry-OS/Starry-Old/modules/axconfig)\nerror[E0463]: can't find crate for `core`\n  |\n  = note: the `aarch64-unknown-none` target may not be installed\n  = help: consider downloading the target with `rustup target add aarch64-unknown-none`\n  = help: consider building the standard library from source with `cargo build -Zbuild-std`\n\nFor more information about this error, try `rustc --explain E0463`.\nerror: could not document `axconfig`\n\n-----\n\nerror: failed to build rustdoc for crate axconfig v0.1.0\nnote: this is usually due to a compilation error in the crate,\n      and is unlikely to be a bug in cargo-semver-checks\nnote: the following command can be used to reproduce the compilation error:\n      cargo new --lib example &&\n          cd example &&\n          echo '[workspace]' >> Cargo.toml &&\n          cargo add --path /home/runner/check/batch_1/Starry-OS/Starry-Old/modules/axconfig &&\n          cargo check\n\nerror: aborting due to failure to build rustdoc for crate axconfig v0.1.0\n"]}},{"file":"[outdated direct dependencies]","count":1,"kinds":{"Outdated":["pkg=axconfig, checker=Outdated\ntoolchain=nightly-2024-05-02, target=aarch64-unknown-none\npkg_dir=/home/runner/check/batch_1/Starry-OS/Starry-Old/modules/axconfig\ncmd=cargo +nightly-2025-01-07-x86_64-unknown-linux-gnu outdated -R --exit-code=2\ntimestamp=2025-01-10 11:15:19.693649683 +08:00:00\n\nName   Project  Compat   Latest   Kind   Platform\n----   -------  ------   ------   ----   --------\nserde  1.0.215  1.0.217  1.0.217  Build  ---\n"]}},{"file":"[semver checks]","count":1,"kinds":{"Semver Violation":["pkg=axconfig, checker=SemverChecks\ntoolchain=nightly-2024-05-02, target=aarch64-unknown-none\npkg_dir=/home/runner/check/batch_1/Starry-OS/Starry-Old/modules/axconfig\ncmd=cargo +nightly-2025-01-07-x86_64-unknown-linux-gnu semver-checks --target aarch64-unknown-none\ntimestamp=2025-01-10 10:28:48.270527918 +08:00:00\n\n\nstdout:\n\nstderr:\n    Building axconfig v0.1.0 (current)\nerror: running cargo-doc on crate 'axconfig' failed with output:\n-----\n   Compiling serde v1.0.217\n   Compiling hashbrown v0.15.2\n   Compiling equivalent v1.0.1\n   Compiling winnow v0.6.22\n   Compiling toml_datetime v0.6.8\n   Compiling indexmap v2.7.0\n   Compiling toml_edit v0.22.22\n   Compiling axconfig v0.1.0 (/home/runner/check/batch_1/Starry-OS/Starry-Old/modules/axconfig)\n Documenting axconfig v0.1.0 (/home/runner/check/batch_1/Starry-OS/Starry-Old/modules/axconfig)\nerror[E0463]: can't find crate for `core`\n  |\n  = note: the `aarch64-unknown-none` target may not be installed\n  = help: consider downloading the target with `rustup target add aarch64-unknown-none`\n  = help: consider building the standard library from source with `cargo build -Zbuild-std`\n\nFor more information about this error, try `rustc --explain E0463`.\nerror: could not document `axconfig`\n\n-----\n\nerror: failed to build rustdoc for crate axconfig v0.1.0\nnote: this is usually due to a compilation error in the crate,\n      and is unlikely to be a bug in cargo-semver-checks\nnote: the following command can be used to reproduce the compilation error:\n      cargo new --lib example &&\n          cd example &&\n          echo '[workspace]' >> Cargo.toml &&\n          cargo add --path /home/runner/check/batch_1/Starry-OS/Starry-Old/modules/axconfig &&\n          cargo check\n\nerror: aborting due to failure to build rustdoc for crate axconfig v0.1.0\n"]}}]},{"user":"Starry-OS","repo":"Starry-Old","pkg":"arceos-bwbench","count":2,"raw_reports":[{"file":"(virtual) lockbud","count":1,"kinds":{"Cargo":["// pkg_name=arceos-bwbench, checker=Lockbud\n// toolchain=nightly-2024-05-02, target=aarch64-unknown-none\n// pkg_dir=/home/runner/check/batch_1/Starry-OS/Starry-Old/apps/net/bwbench\n// cmd=cargo +nightly-2024-12-01 lockbud -k all -- --target aarch64-unknown-none\n// timestamp=2025-01-10 10:38:23.790551485 +08:00:00\n   Compiling serde v1.0.215\n   Compiling hashbrown v0.15.2\n   Compiling equivalent v1.0.1\n   Compiling toml_datetime v0.6.8\n   Compiling winnow v0.6.20\n   Compiling proc-macro2 v1.0.92\n   Compiling unicode-ident v1.0.14\n   Compiling indexmap v2.7.0\n   Compiling quote v1.0.37\n   Compiling log v0.4.21\n   Compiling tock-registers v0.8.1\n[2025-01-10T02:38:25Z WARN  lockbud::callbacks] [\n      {\n        \"AtomicityViolation\": {\n          \"bug_kind\": \"AtomicityViolation\",\n          \"possibility\": \"Possibly\",\n          \"diagnosis\": {\n            \"fn_name\": \"set_logger_racy\",\n            \"atomic_reader\": \"/home/runner/.cargo/registry/src/index.crates.io-6f17d22bba15001f/log-0.4.21/src/lib.rs:1408:11: 1408:39 (#0)\",\n            \"atomic_writer\": \"/home/runner/.cargo/registry/src/index.crates.io-6f17d22bba15001f/log-0.4.21/src/lib.rs:1411:13: 1411:55 (#0)\",\n            \"dep_kind\": \"Control\"\n          },\n          \"explanation\": \"atomic::store is data/control dependent on atomic::load\"\n        }\n      }\n    ]\n[2025-01-10T02:38:25Z WARN  lockbud::callbacks] crate log contains bugs: { probably: 0, possibly: 0 }, conflictlock: { probably: 0, possibly: 0 }, condvar_deadlock: { probably: 0, possibly: 0 }, atomicity_violation: { possibly: 1 }, invalid_free: { possibly: 0 }, use_after_free: { possibly: 0 }\n   Compiling cfg-if v1.0.0\n   Compiling syn v2.0.90\n   Compiling aarch64-cpu v9.4.0\n   Compiling toml_edit v0.22.22\n   Compiling autocfg v1.4.0\n   Compiling lock_api v0.4.12\n   Compiling memory_addr v0.1.0 (https://github.com/Starry-OS/memory_addr.git#a5be547a)\n   Compiling syn v1.0.109\n   Compiling taskctx v0.1.0 (https://github.com/Starry-OS/taskctx.git#3c3ad2fb)\n   Compiling bitflags v2.6.0\n   Compiling scopeguard v1.2.0\n   Compiling static_assertions v1.1.0\n   Compiling numeric-enum-macro v0.2.0 (https://github.com/mexus/numeric-enum-macro#20aef288)\n   Compiling spin v0.9.8\n   Compiling axerrno v0.1.0 (https://github.com/Starry-OS/axerrno.git#3e2372cd)\n   Compiling base64 v0.13.1\n   Compiling unicode-width v0.1.14\n   Compiling const-default v1.0.0\n   Compiling bit_field v0.10.2\n   Compiling bitmap-allocator v0.1.0 (https://github.com/rcore-os/bitmap-allocator.git?rev=88e871a#88e871a5)\n   Compiling byteorder v1.5.0\n   Compiling percpu v0.1.0 (https://github.com/Starry-OS/percpu.git#85e6d8a7)\n   Compiling lazy_static v1.5.0\n   Compiling page_table_entry v0.1.0 (https://github.com/Starry-OS/page_table_entry.git#8a871b43)\n   Compiling axconfig v0.1.0 (/home/runner/check/batch_1/Starry-OS/Starry-Old/modules/axconfig)\n   Compiling axconfig v0.1.0 (https://github.com/Starry-OS/axconfig.git#2a880338)\n   Compiling axhal v0.1.0 (/home/runner/check/batch_1/Starry-OS/Starry-Old/modules/axhal)\n   Compiling fdt v0.1.5\nerror[E0787]: the `asm!` macro is not allowed in naked functions\n   --> /home/runner/.cargo/git/checkouts/taskctx-38ebba1102c121c2/3c3ad2f/src/arch/aarch64.rs:86:5\n    |\n86  | /     asm!(\n87  | |         \"\n88  | |         // save old context (callee-saved registers)\n89  | |         stp     x29, x30, [x0, 12 * 8]\n...   |\n111 | |         options(noreturn),\n112 | |     )\n    | |_____^ consider using the `naked_asm!` macro instead\n\nFor more information about this error, try `rustc --explain E0787`.\nerror: could not compile `taskctx` (lib) due to 1 previous error\nwarning: build failed, waiting for other jobs to finish...\n"]}},{"file":"(virtual) rapx","count":1,"kinds":{"Cargo":["// pkg_name=arceos-bwbench, checker=Rapx\n// toolchain=nightly-2024-05-02, target=aarch64-unknown-none\n// pkg_dir=/home/runner/check/batch_1/Starry-OS/Starry-Old/apps/net/bwbench\n// cmd=cargo +nightly-2024-10-12 rapx -F -M -- --target aarch64-unknown-none\n// timestamp=2025-01-10 10:39:57.540567422 +08:00:00\n   Compiling serde v1.0.215\n   Compiling hashbrown v0.15.2\n   Compiling equivalent v1.0.1\n   Compiling proc-macro2 v1.0.92\n   Compiling toml_datetime v0.6.8\n   Compiling winnow v0.6.20\n   Compiling indexmap v2.7.0\n   Compiling unicode-ident v1.0.14\n    Checking log v0.4.21\n    Checking tock-registers v0.8.1\n    Checking cfg-if v1.0.0\n    Checking aarch64-cpu v9.4.0\n   Compiling toml_edit v0.22.22\n   Compiling quote v1.0.37\n   Compiling syn v2.0.90\n   Compiling autocfg v1.4.0\n   Compiling lock_api v0.4.12\n    Checking memory_addr v0.1.0 (https://github.com/Starry-OS/memory_addr.git#a5be547a)\n   Compiling syn v1.0.109\n   Compiling taskctx v0.1.0 (https://github.com/Starry-OS/taskctx.git#3c3ad2fb)\n    Checking scopeguard v1.2.0\n    Checking bitflags v2.6.0\n    Checking static_assertions v1.1.0\n    Checking numeric-enum-macro v0.2.0 (https://github.com/mexus/numeric-enum-macro#20aef288)\n    Checking spin v0.9.8\n   Compiling axerrno v0.1.0 (https://github.com/Starry-OS/axerrno.git#3e2372cd)\n   Compiling unicode-width v0.1.14\n   Compiling base64 v0.13.1\n    Checking bit_field v0.10.2\n    Checking const-default v1.0.0\n   Compiling axconfig v0.1.0 (/home/runner/check/batch_1/Starry-OS/Starry-Old/modules/axconfig)\n   Compiling axconfig v0.1.0 (https://github.com/Starry-OS/axconfig.git#2a880338)\nerror[E0787]: the `asm!` macro is not allowed in naked functions\n   --> /home/runner/.cargo/git/checkouts/taskctx-38ebba1102c121c2/3c3ad2f/src/arch/aarch64.rs:86:5\n    |\n86  | /     asm!(\n87  | |         \"\n88  | |         // save old context (callee-saved registers)\n89  | |         stp     x29, x30, [x0, 12 * 8]\n...   |\n111 | |         options(noreturn),\n112 | |     )\n    | |_____^ consider using the `naked_asm!` macro instead\n\nFor more information about this error, try `rustc --explain E0787`.\nerror: could not compile `taskctx` (lib) due to 1 previous error\nwarning: build failed, waiting for other jobs to finish...\n02:40:05|RAP|ERROR|: Finished with non-zero exit code.\n"]}}]},{"user":"Starry-OS","repo":"Starry-Old","pkg":"monolithic_userboot","count":2,"raw_reports":[{"file":"(virtual) lockbud","count":1,"kinds":{"Cargo":["// pkg_name=monolithic_userboot, checker=Lockbud\n// toolchain=nightly-2024-05-02, target=aarch64-unknown-none\n// pkg_dir=/home/runner/check/batch_1/Starry-OS/Starry-Old/apps/monolithic_userboot\n// cmd=cargo +nightly-2024-12-01 lockbud -k all -- --target aarch64-unknown-none\n// timestamp=2025-01-10 10:39:52.835915896 +08:00:00\n[2025-01-10T02:38:25Z WARN  lockbud::callbacks] [\n      {\n        \"AtomicityViolation\": {\n          \"bug_kind\": \"AtomicityViolation\",\n          \"possibility\": \"Possibly\",\n          \"diagnosis\": {\n            \"fn_name\": \"set_logger_racy\",\n            \"atomic_reader\": \"/home/runner/.cargo/registry/src/index.crates.io-6f17d22bba15001f/log-0.4.21/src/lib.rs:1408:11: 1408:39 (#0)\",\n            \"atomic_writer\": \"/home/runner/.cargo/registry/src/index.crates.io-6f17d22bba15001f/log-0.4.21/src/lib.rs:1411:13: 1411:55 (#0)\",\n            \"dep_kind\": \"Control\"\n          },\n          \"explanation\": \"atomic::store is data/control dependent on atomic::load\"\n        }\n      }\n    ]\n[2025-01-10T02:38:25Z WARN  lockbud::callbacks] crate log contains bugs: { probably: 0, possibly: 0 }, conflictlock: { probably: 0, possibly: 0 }, condvar_deadlock: { probably: 0, possibly: 0 }, atomicity_violation: { possibly: 1 }, invalid_free: { possibly: 0 }, use_after_free: { possibly: 0 }\n   Compiling taskctx v0.1.0 (https://github.com/Starry-OS/taskctx.git#3c3ad2fb)\n   Compiling axdriver v0.1.0 (/home/runner/check/batch_1/Starry-OS/Starry-Old/modules/axdriver)\n   Compiling embedded-hal v0.2.7\n   Compiling riscv v0.10.1\n   Compiling ahash v0.7.8\n   Compiling xmas-elf v0.9.1\nerror[E0787]: the `asm!` macro is not allowed in naked functions\n   --> /home/runner/.cargo/git/checkouts/taskctx-38ebba1102c121c2/3c3ad2f/src/arch/aarch64.rs:86:5\n    |\n86  | /     asm!(\n87  | |         \"\n88  | |         // save old context (callee-saved registers)\n89  | |         stp     x29, x30, [x0, 12 * 8]\n...   |\n111 | |         options(noreturn),\n112 | |     )\n    | |_____^ consider using the `naked_asm!` macro instead\n\nFor more information about this error, try `rustc --explain E0787`.\nerror: could not compile `taskctx` (lib) due to 1 previous error\nwarning: build failed, waiting for other jobs to finish...\n"]}},{"file":"(virtual) rapx","count":1,"kinds":{"Cargo":["// pkg_name=monolithic_userboot, checker=Rapx\n// toolchain=nightly-2024-05-02, target=aarch64-unknown-none\n// pkg_dir=/home/runner/check/batch_1/Starry-OS/Starry-Old/apps/monolithic_userboot\n// cmd=cargo +nightly-2024-10-12 rapx -F -M -- --target aarch64-unknown-none\n// timestamp=2025-01-10 10:52:18.167430924 +08:00:00\n    Checking log v0.4.21\n   Compiling proc-macro2 v1.0.92\n   Compiling serde v1.0.215\n   Compiling hashbrown v0.15.2\n   Compiling unicode-ident v1.0.14\n   Compiling equivalent v1.0.1\n   Compiling winnow v0.6.20\n   Compiling toml_datetime v0.6.8\n   Compiling indexmap v2.7.0\n   Compiling quote v1.0.37\n    Checking tock-registers v0.8.1\n    Checking cfg-if v1.0.0\n    Checking bitflags v2.6.0\n    Checking aarch64-cpu v9.4.0\n   Compiling syn v2.0.90\n   Compiling toml_edit v0.22.22\n   Compiling autocfg v1.4.0\n   Compiling axerrno v0.1.0 (https://github.com/Starry-OS/axerrno.git#3e2372cd)\n    Checking memory_addr v0.1.0 (https://github.com/Starry-OS/memory_addr.git#a5be547a)\n   Compiling lock_api v0.4.12\n    Checking scopeguard v1.2.0\n   Compiling syn v1.0.109\n   Compiling taskctx v0.1.0 (https://github.com/Starry-OS/taskctx.git#3c3ad2fb)\n    Checking spin v0.9.8\n    Checking static_assertions v1.1.0\n    Checking numeric-enum-macro v0.2.0 (https://github.com/mexus/numeric-enum-macro#20aef288)\n   Compiling base64 v0.13.1\n    Checking bit_field v0.10.2\n   Compiling unicode-width v0.1.14\n    Checking const-default v1.0.0\n   Compiling axconfig v0.1.0 (/home/runner/check/batch_1/Starry-OS/Starry-Old/modules/axconfig)\n   Compiling axconfig v0.1.0 (https://github.com/Starry-OS/axconfig.git#2a880338)\nerror[E0787]: the `asm!` macro is not allowed in naked functions\n   --> /home/runner/.cargo/git/checkouts/taskctx-38ebba1102c121c2/3c3ad2f/src/arch/aarch64.rs:86:5\n    |\n86  | /     asm!(\n87  | |         \"\n88  | |         // save old context (callee-saved registers)\n89  | |         stp     x29, x30, [x0, 12 * 8]\n...   |\n111 | |         options(noreturn),\n112 | |     )\n    | |_____^ consider using the `naked_asm!` macro instead\n\nFor more information about this error, try `rustc --explain E0787`.\nerror: could not compile `taskctx` (lib) due to 1 previous error\nwarning: build failed, waiting for other jobs to finish...\n02:52:25|RAP|ERROR|: Finished with non-zero exit code.\n"]}}]}],"kinds_order":["Cargo","Clippy(Error)","Clippy(Warn)","Semver Violation","Audit","Mirai","Rapx","Rudra","Lockbud(Probably)","Lockbud(Possibly)","Outdated","Geiger","Unformatted"]}