{"repo":{"user":"Starry-OS","repo":"Starry-Old"},"data":[{"user":"Starry-OS","repo":"Starry-Old","pkg":"axnet","count":10,"raw_reports":[{"file":"modules/axnet/src/smoltcp_impl/addr.rs","count":2,"kinds":{"Clippy(Warn)":["warning: transmute used without annotations\n  --> modules/axnet/src/smoltcp_impl/addr.rs:13:65\n   |\n13 |         IpAddress::Ipv4(ipv4) => IpAddr::V4(unsafe { core::mem::transmute(ipv4.0) }),\n   |                                                                 ^^^^^^^^^ help: consider adding missing annotations: `transmute::<[u8; 4], core::net::Ipv4Addr>`\n   |\n   = help: for further information visit https://rust-lang.github.io/rust-clippy/master/index.html#missing_transmute_annotations\n   = note: `#[warn(clippy::missing_transmute_annotations)]` on by default\n\n","warning: transmute used without annotations\n  --> modules/axnet/src/smoltcp_impl/addr.rs:14:65\n   |\n14 |         IpAddress::Ipv6(ipv6) => IpAddr::V6(unsafe { core::mem::transmute(ipv6.0) }),\n   |                                                                 ^^^^^^^^^ help: consider adding missing annotations: `transmute::<[u8; 16], core::net::Ipv6Addr>`\n   |\n   = help: for further information visit https://rust-lang.github.io/rust-clippy/master/index.html#missing_transmute_annotations\n\n"]}},{"file":"(virtual) lockbud","count":1,"kinds":{"Cargo":["// pkg_name=axnet, checker=Lockbud\n// toolchain=nightly-2024-05-02, target=riscv64gc-unknown-none-elf\n// pkg_dir=/home/runner/check/batch_1/Starry-OS/Starry-Old/modules/axnet\n// cmd=cargo +nightly-2024-12-01 lockbud -k all -- --target riscv64gc-unknown-none-elf\n// timestamp=2025-01-10 10:39:27.073585866 +08:00:00\n[2025-01-10T02:38:35Z WARN  lockbud::callbacks] [\n      {\n        \"AtomicityViolation\": {\n          \"bug_kind\": \"AtomicityViolation\",\n          \"possibility\": \"Possibly\",\n          \"diagnosis\": {\n            \"fn_name\": \"set_logger_racy\",\n            \"atomic_reader\": \"/home/runner/.cargo/registry/src/index.crates.io-6f17d22bba15001f/log-0.4.21/src/lib.rs:1408:11: 1408:39 (#0)\",\n            \"atomic_writer\": \"/home/runner/.cargo/registry/src/index.crates.io-6f17d22bba15001f/log-0.4.21/src/lib.rs:1411:13: 1411:55 (#0)\",\n            \"dep_kind\": \"Control\"\n          },\n          \"explanation\": \"atomic::store is data/control dependent on atomic::load\"\n        }\n      }\n    ]\n[2025-01-10T02:38:35Z WARN  lockbud::callbacks] crate log contains bugs: { probably: 0, possibly: 0 }, conflictlock: { probably: 0, possibly: 0 }, condvar_deadlock: { probably: 0, possibly: 0 }, atomicity_violation: { possibly: 1 }, invalid_free: { possibly: 0 }, use_after_free: { possibly: 0 }\n   Compiling taskctx v0.1.0 (https://github.com/Starry-OS/taskctx.git#3c3ad2fb)\n   Compiling heapless v0.8.0\n   Compiling hash32 v0.3.1\n   Compiling stable_deref_trait v1.2.0\n   Compiling axdriver v0.1.0 (/home/runner/check/batch_1/Starry-OS/Starry-Old/modules/axdriver)\nerror[E0787]: the `asm!` macro is not allowed in naked functions\n   --> /home/runner/.cargo/git/checkouts/taskctx-38ebba1102c121c2/3c3ad2f/src/arch/riscv.rs:102:5\n    |\n102 | /     asm!(\n103 | |         \"\n104 | |         // save old context (callee-saved registers)\n105 | |         STR     ra, a0, 0\n...   |\n137 | |         options(noreturn),\n138 | |     )\n    | |_____^ consider using the `naked_asm!` macro instead\n\n   Compiling driver_net v0.1.0 (https://github.com/Starry-OS/driver_net.git#5d16bf2f)\n   Compiling smoltcp v0.11.0 (https://github.com/rcore-os/smoltcp.git?rev=8bf9a9a#8bf9a9a6)\n   Compiling driver_pci v0.1.0 (https://github.com/Starry-OS/driver_pci.git#ea1078c9)\nFor more information about this error, try `rustc --explain E0787`.\nerror: could not compile `taskctx` (lib) due to 1 previous error\nwarning: build failed, waiting for other jobs to finish...\n"]}},{"file":"(virtual) rapx","count":1,"kinds":{"Cargo":["// pkg_name=axnet, checker=Rapx\n// toolchain=nightly-2024-05-02, target=riscv64gc-unknown-none-elf\n// pkg_dir=/home/runner/check/batch_1/Starry-OS/Starry-Old/modules/axnet\n// cmd=cargo +nightly-2024-10-12 rapx -F -M -- --target riscv64gc-unknown-none-elf\n// timestamp=2025-01-10 10:47:32.890537311 +08:00:00\n   Compiling hashbrown v0.15.2\n   Compiling equivalent v1.0.1\n   Compiling serde v1.0.215\n   Compiling toml_datetime v0.6.8\n   Compiling winnow v0.6.20\n   Compiling proc-macro2 v1.0.92\n   Compiling indexmap v2.7.0\n    Checking log v0.4.21\n   Compiling unicode-ident v1.0.14\n   Compiling autocfg v1.4.0\n   Compiling toml_edit v0.22.22\n   Compiling quote v1.0.37\n    Checking cfg-if v1.0.0\n   Compiling syn v2.0.90\n   Compiling lock_api v0.4.12\n   Compiling taskctx v0.1.0 (https://github.com/Starry-OS/taskctx.git#3c3ad2fb)\n    Checking memory_addr v0.1.0 (https://github.com/Starry-OS/memory_addr.git#a5be547a)\n    Checking scopeguard v1.2.0\n    Checking numeric-enum-macro v0.2.0 (https://github.com/mexus/numeric-enum-macro#20aef288)\n    Checking static_assertions v1.1.0\n    Checking bitflags v2.6.0\n    Checking spin v0.9.8\n    Checking byteorder v1.5.0\n   Compiling percpu v0.1.0 (https://github.com/Starry-OS/percpu.git#85e6d8a7)\n    Checking tock-registers v0.8.1\n   Compiling riscv v0.11.1\n    Checking aarch64-cpu v9.4.0\n    Checking lazy_static v1.5.0\n    Checking sbi-spec v0.0.7\n    Checking critical-section v1.2.0\n    Checking embedded-hal v1.0.0\n    Checking fdt v0.1.5\n    Checking of v0.1.0 (https://github.com/Starry-OS/of.git#45a65508)\n    Checking sbi-rt v0.0.3\n    Checking handler_table v0.1.0 (https://github.com/Starry-OS/handler_table.git#d6495e7d)\n    Checking lazy_init v0.1.0 (https://github.com/Starry-OS/lazy_init.git#d0e87c05)\n    Checking ratio v0.1.0 (https://github.com/Starry-OS/ratio.git#0c8da4c3)\n   Compiling axerrno v0.1.0 (https://github.com/Starry-OS/axerrno.git#3e2372cd)\n   Compiling axconfig v0.1.0 (/home/runner/check/batch_1/Starry-OS/Starry-Old/modules/axconfig)\n   Compiling axconfig v0.1.0 (https://github.com/Starry-OS/axconfig.git#2a880338)\n    Checking page_table_entry v0.1.0 (https://github.com/Starry-OS/page_table_entry.git#8a871b43)\n   Compiling heapless v0.8.0\nerror[E0787]: the `asm!` macro is not allowed in naked functions\n   --> /home/runner/.cargo/git/checkouts/taskctx-38ebba1102c121c2/3c3ad2f/src/arch/riscv.rs:102:5\n    |\n102 | /     asm!(\n103 | |         \"\n104 | |         // save old context (callee-saved registers)\n105 | |         STR     ra, a0, 0\n...   |\n137 | |         options(noreturn),\n138 | |     )\n    | |_____^ consider using the `naked_asm!` macro instead\n\nFor more information about this error, try `rustc --explain E0787`.\nerror: could not compile `taskctx` (lib) due to 1 previous error\nwarning: build failed, waiting for other jobs to finish...\n02:47:40|RAP|ERROR|: Finished with non-zero exit code.\n"]}},{"file":"(virtual) semver-checks","count":1,"kinds":{"Cargo":["// pkg_name=axnet, checker=SemverChecks\n// toolchain=nightly-2024-05-02, target=riscv64gc-unknown-none-elf\n// pkg_dir=/home/runner/check/batch_1/Starry-OS/Starry-Old/modules/axnet\n// cmd=cargo +nightly-2025-01-07-x86_64-unknown-linux-gnu semver-checks --target riscv64gc-unknown-none-elf\n// timestamp=2025-01-10 10:33:22.261086393 +08:00:00\n    Building axnet v0.1.0 (current)\nerror: running cargo-doc on crate 'axnet' failed with output:\n-----\n    Checking log v0.4.22\n   Compiling indexmap v2.7.0\n   Compiling proc-macro2 v1.0.92\n   Compiling serde v1.0.217\n   Compiling winnow v0.6.22\nerror[E0463]: can't find crate for `core`\n  |\n  = note: the `riscv64gc-unknown-none-elf` target may not be installed\n  = help: consider downloading the target with `rustup target add riscv64gc-unknown-none-elf`\n  = help: consider building the standard library from source with `cargo build -Zbuild-std`\n\nFor more information about this error, try `rustc --explain E0463`.\nerror: could not compile `log` (lib) due to 1 previous error\nwarning: build failed, waiting for other jobs to finish...\n\n-----\n\nerror: failed to build rustdoc for crate axnet v0.1.0\nnote: this is usually due to a compilation error in the crate,\n      and is unlikely to be a bug in cargo-semver-checks\nnote: the following command can be used to reproduce the compilation error:\n      cargo new --lib example &&\n          cd example &&\n          echo '[workspace]' >> Cargo.toml &&\n          cargo add --path /home/runner/check/batch_1/Starry-OS/Starry-Old/modules/axnet --features default,ip,monolithic,smoltcp &&\n          cargo check\n\nerror: aborting due to failure to build rustdoc for crate axnet v0.1.0\n"]}},{"file":"[outdated direct dependencies]","count":1,"kinds":{"Outdated":["pkg=axnet, checker=Outdated\ntoolchain=nightly-2024-05-02, target=riscv64gc-unknown-none-elf\npkg_dir=/home/runner/check/batch_1/Starry-OS/Starry-Old/modules/axnet\ncmd=cargo +nightly-2025-01-07-x86_64-unknown-linux-gnu outdated -R --exit-code=2\ntimestamp=2025-01-10 11:42:11.230865705 +08:00:00\n\nName  Project  Compat  Latest  Kind    Platform\n----  -------  ------  ------  ----    --------\nlog   0.4.21   0.4.22  0.4.22  Normal  ---\n"]}},{"file":"[semver checks]","count":1,"kinds":{"Semver Violation":["pkg=axnet, checker=SemverChecks\ntoolchain=nightly-2024-05-02, target=riscv64gc-unknown-none-elf\npkg_dir=/home/runner/check/batch_1/Starry-OS/Starry-Old/modules/axnet\ncmd=cargo +nightly-2025-01-07-x86_64-unknown-linux-gnu semver-checks --target riscv64gc-unknown-none-elf\ntimestamp=2025-01-10 10:33:31.047202467 +08:00:00\n\n\nstdout:\n\nstderr:\n    Building axnet v0.1.0 (current)\nerror: running cargo-doc on crate 'axnet' failed with output:\n-----\n    Checking log v0.4.22\n   Compiling indexmap v2.7.0\n   Compiling proc-macro2 v1.0.92\n   Compiling serde v1.0.217\n   Compiling winnow v0.6.22\nerror[E0463]: can't find crate for `core`\n  |\n  = note: the `riscv64gc-unknown-none-elf` target may not be installed\n  = help: consider downloading the target with `rustup target add riscv64gc-unknown-none-elf`\n  = help: consider building the standard library from source with `cargo build -Zbuild-std`\n\nFor more information about this error, try `rustc --explain E0463`.\nerror: could not compile `log` (lib) due to 1 previous error\nwarning: build failed, waiting for other jobs to finish...\n\n-----\n\nerror: failed to build rustdoc for crate axnet v0.1.0\nnote: this is usually due to a compilation error in the crate,\n      and is unlikely to be a bug in cargo-semver-checks\nnote: the following command can be used to reproduce the compilation error:\n      cargo new --lib example &&\n          cd example &&\n          echo '[workspace]' >> Cargo.toml &&\n          cargo add --path /home/runner/check/batch_1/Starry-OS/Starry-Old/modules/axnet --features default,ip,monolithic,smoltcp &&\n          cargo check\n\nerror: aborting due to failure to build rustdoc for crate axnet v0.1.0\n"]}},{"file":"modules/axnet/src/smoltcp_impl/listen_table.rs","count":1,"kinds":{"Clippy(Warn)":["warning: unnecessary closure used with `bool::then`\n  --> modules/axnet/src/smoltcp_impl/listen_table.rs:95:44\n   |\n95 |                 .find_map(|(idx, &handle)| is_connected(handle).then(|| idx))\n   |                                            ^^^^^^^^^^^^^^^^^^^^^------------\n   |                                                                 |\n   |                                                                 help: use `then_some(..)` instead: `then_some(idx)`\n   |\n   = help: for further information visit https://rust-lang.github.io/rust-clippy/master/index.html#unnecessary_lazy_evaluations\n   = note: `#[warn(clippy::unnecessary_lazy_evaluations)]` on by default\n\n"]}},{"file":"modules/axnet/src/smoltcp_impl/tcp.rs","count":1,"kinds":{"Clippy(Warn)":["warning: you should consider adding a `Default` implementation for `TcpSocket`\n  --> modules/axnet/src/smoltcp_impl/tcp.rs:53:5\n   |\n53 | /     pub const fn new() -> Self {\n54 | |         Self {\n55 | |             state: AtomicU8::new(STATE_CLOSED),\n56 | |             handle: UnsafeCell::new(None),\n...  |\n61 | |         }\n62 | |     }\n   | |_____^\n   |\n   = help: for further information visit https://rust-lang.github.io/rust-clippy/master/index.html#new_without_default\n   = note: `#[warn(clippy::new_without_default)]` on by default\nhelp: try adding this\n   |\n51 + impl Default for TcpSocket {\n52 +     fn default() -> Self {\n53 +         Self::new()\n54 +     }\n55 + }\n   |\n\n"]}},{"file":"src/smoltcp_impl/mod.rs","count":1,"kinds":{"Unformatted":["file: /home/runner/check/batch_1/Starry-OS/Starry-Old/modules/axnet/src/smoltcp_impl/mod.rs (original lines from 228 to 229)\n-    type RxToken<'a> = AxNetRxToken<'a> where Self: 'a;\n-    type TxToken<'a> = AxNetTxToken<'a> where Self: 'a;\n+    type RxToken<'a>\n+        = AxNetRxToken<'a>\n+    where\n+        Self: 'a;\n+    type TxToken<'a>\n+        = AxNetTxToken<'a>\n+    where\n+        Self: 'a;\n"]}}]},{"user":"Starry-OS","repo":"Starry-Old","pkg":"axfs","count":9,"raw_reports":[{"file":"modules/axfs/src/fs/fatfs.rs","count":2,"kinds":{"Clippy(Warn)":["warning: this block may be rewritten with the `?` operator\n  --> modules/axfs/src/fs/fatfs.rs:88:13\n   |\n88 | /             if ans.is_err() {\n89 | |                 return ans;\n90 | |             }\n   | |_____________^ help: replace it with: `ans?;`\n   |\n   = help: for further information visit https://rust-lang.github.io/rust-clippy/master/index.html#question_mark\n   = note: `#[warn(clippy::question_mark)]` on by default\n\n","warning: this block may be rewritten with the `?` operator\n   --> modules/axfs/src/fs/fatfs.rs:115:13\n    |\n115 | /             if ans.is_err() {\n116 | |                 return ans;\n117 | |             }\n    | |_____________^ help: replace it with: `ans?;`\n    |\n    = help: for further information visit https://rust-lang.github.io/rust-clippy/master/index.html#question_mark\n\n"]}},{"file":"(virtual) lockbud","count":1,"kinds":{"Cargo":["// pkg_name=axfs, checker=Lockbud\n// toolchain=nightly-2024-05-02, target=riscv64gc-unknown-none-elf\n// pkg_dir=/home/runner/check/batch_1/Starry-OS/Starry-Old/modules/axfs\n// cmd=cargo +nightly-2024-12-01 lockbud -k all -- --target riscv64gc-unknown-none-elf\n// timestamp=2025-01-10 10:39:10.316943009 +08:00:00\n[2025-01-10T02:38:35Z WARN  lockbud::callbacks] [\n      {\n        \"AtomicityViolation\": {\n          \"bug_kind\": \"AtomicityViolation\",\n          \"possibility\": \"Possibly\",\n          \"diagnosis\": {\n            \"fn_name\": \"set_logger_racy\",\n            \"atomic_reader\": \"/home/runner/.cargo/registry/src/index.crates.io-6f17d22bba15001f/log-0.4.21/src/lib.rs:1408:11: 1408:39 (#0)\",\n            \"atomic_writer\": \"/home/runner/.cargo/registry/src/index.crates.io-6f17d22bba15001f/log-0.4.21/src/lib.rs:1411:13: 1411:55 (#0)\",\n            \"dep_kind\": \"Control\"\n          },\n          \"explanation\": \"atomic::store is data/control dependent on atomic::load\"\n        }\n      }\n    ]\n[2025-01-10T02:38:35Z WARN  lockbud::callbacks] crate log contains bugs: { probably: 0, possibly: 0 }, conflictlock: { probably: 0, possibly: 0 }, condvar_deadlock: { probably: 0, possibly: 0 }, atomicity_violation: { possibly: 1 }, invalid_free: { possibly: 0 }, use_after_free: { possibly: 0 }\n   Compiling taskctx v0.1.0 (https://github.com/Starry-OS/taskctx.git#3c3ad2fb)\n   Compiling lazy_static v1.5.0\n   Compiling zerocopy v0.7.35\n   Compiling axfs_vfs v0.1.0 (https://github.com/Starry-OS/axfs_vfs.git#cd00e108)\nerror[E0787]: the `asm!` macro is not allowed in naked functions\n   --> /home/runner/.cargo/git/checkouts/taskctx-38ebba1102c121c2/3c3ad2f/src/arch/riscv.rs:102:5\n    |\n102 | /     asm!(\n103 | |         \"\n104 | |         // save old context (callee-saved registers)\n105 | |         STR     ra, a0, 0\n...   |\n137 | |         options(noreturn),\n138 | |     )\n    | |_____^ consider using the `naked_asm!` macro instead\n\n   Compiling of v0.1.0 (https://github.com/Starry-OS/of.git#45a65508)\nFor more information about this error, try `rustc --explain E0787`.\nerror: could not compile `taskctx` (lib) due to 1 previous error\nwarning: build failed, waiting for other jobs to finish...\n"]}},{"file":"(virtual) rapx","count":1,"kinds":{"Cargo":["// pkg_name=axfs, checker=Rapx\n// toolchain=nightly-2024-05-02, target=riscv64gc-unknown-none-elf\n// pkg_dir=/home/runner/check/batch_1/Starry-OS/Starry-Old/modules/axfs\n// cmd=cargo +nightly-2024-10-12 rapx -F -M -- --target riscv64gc-unknown-none-elf\n// timestamp=2025-01-10 10:44:35.776029777 +08:00:00\n   Compiling equivalent v1.0.1\n   Compiling hashbrown v0.15.2\n   Compiling serde v1.0.215\n    Checking log v0.4.21\n   Compiling winnow v0.6.20\n   Compiling toml_datetime v0.6.8\n   Compiling proc-macro2 v1.0.92\n   Compiling indexmap v2.7.0\n   Compiling unicode-ident v1.0.14\n    Checking bitflags v2.6.0\n   Compiling autocfg v1.4.0\n   Compiling toml_edit v0.22.22\n   Compiling quote v1.0.37\n   Compiling lock_api v0.4.12\n   Compiling syn v2.0.90\n    Checking cfg-if v1.0.0\n    Checking scopeguard v1.2.0\n    Checking memory_addr v0.1.0 (https://github.com/Starry-OS/memory_addr.git#a5be547a)\n   Compiling taskctx v0.1.0 (https://github.com/Starry-OS/taskctx.git#3c3ad2fb)\n    Checking spin v0.9.8\n    Checking numeric-enum-macro v0.2.0 (https://github.com/mexus/numeric-enum-macro#20aef288)\n    Checking static_assertions v1.1.0\n    Checking lazy_static v1.5.0\n   Compiling riscv v0.11.1\n    Checking tock-registers v0.8.1\n   Compiling axerrno v0.1.0 (https://github.com/Starry-OS/axerrno.git#3e2372cd)\n   Compiling percpu v0.1.0 (https://github.com/Starry-OS/percpu.git#85e6d8a7)\n    Checking aarch64-cpu v9.4.0\n    Checking sbi-spec v0.0.7\n    Checking embedded-hal v1.0.0\n    Checking critical-section v1.2.0\n    Checking fdt v0.1.5\n    Checking of v0.1.0 (https://github.com/Starry-OS/of.git#45a65508)\n    Checking sbi-rt v0.0.3\n    Checking handler_table v0.1.0 (https://github.com/Starry-OS/handler_table.git#d6495e7d)\n    Checking lazy_init v0.1.0 (https://github.com/Starry-OS/lazy_init.git#d0e87c05)\n    Checking ratio v0.1.0 (https://github.com/Starry-OS/ratio.git#0c8da4c3)\n    Checking byteorder v1.5.0\n    Checking axfs_vfs v0.1.0 (https://github.com/Starry-OS/axfs_vfs.git#cd00e108)\n    Checking page_table_entry v0.1.0 (https://github.com/Starry-OS/page_table_entry.git#8a871b43)\n   Compiling axconfig v0.1.0 (https://github.com/Starry-OS/axconfig.git#2a880338)\n   Compiling axconfig v0.1.0 (/home/runner/check/batch_1/Starry-OS/Starry-Old/modules/axconfig)\n    Checking axbacktrace v0.1.0 (https://github.com/kern-crates/axbacktrace.git#c0371ca8)\n    Checking rand_core v0.6.4\nerror[E0787]: the `asm!` macro is not allowed in naked functions\n   --> /home/runner/.cargo/git/checkouts/taskctx-38ebba1102c121c2/3c3ad2f/src/arch/riscv.rs:102:5\n    |\n102 | /     asm!(\n103 | |         \"\n104 | |         // save old context (callee-saved registers)\n105 | |         STR     ra, a0, 0\n...   |\n137 | |         options(noreturn),\n138 | |     )\n    | |_____^ consider using the `naked_asm!` macro instead\n\nFor more information about this error, try `rustc --explain E0787`.\nerror: could not compile `taskctx` (lib) due to 1 previous error\nwarning: build failed, waiting for other jobs to finish...\n02:44:43|RAP|ERROR|: Finished with non-zero exit code.\n"]}},{"file":"(virtual) semver-checks","count":1,"kinds":{"Cargo":["// pkg_name=axfs, checker=SemverChecks\n// toolchain=nightly-2024-05-02, target=riscv64gc-unknown-none-elf\n// pkg_dir=/home/runner/check/batch_1/Starry-OS/Starry-Old/modules/axfs\n// cmd=cargo +nightly-2025-01-07-x86_64-unknown-linux-gnu semver-checks --target riscv64gc-unknown-none-elf\n// timestamp=2025-01-10 10:30:36.482138886 +08:00:00\n    Building axfs v0.1.0 (current)\nerror: running cargo-doc on crate 'axfs' failed with output:\n-----\n    Checking log v0.4.22\n   Compiling serde v1.0.217\n   Compiling proc-macro2 v1.0.92\n   Compiling toml_edit v0.22.22\nerror[E0463]: can't find crate for `core`\n  |\n  = note: the `riscv64gc-unknown-none-elf` target may not be installed\n  = help: consider downloading the target with `rustup target add riscv64gc-unknown-none-elf`\n  = help: consider building the standard library from source with `cargo build -Zbuild-std`\n\nFor more information about this error, try `rustc --explain E0463`.\nerror: could not compile `log` (lib) due to 1 previous error\nwarning: build failed, waiting for other jobs to finish...\n\n-----\n\nerror: failed to build rustdoc for crate axfs v0.1.0\nnote: this is usually due to a compilation error in the crate,\n      and is unlikely to be a bug in cargo-semver-checks\nnote: the following command can be used to reproduce the compilation error:\n      cargo new --lib example &&\n          cd example &&\n          echo '[workspace]' >> Cargo.toml &&\n          cargo add --path /home/runner/check/batch_1/Starry-OS/Starry-Old/modules/axfs --features another_ext4,default,devfs,ext4_rs,fatfs,lwext4_rust,monolithic,myfs,procfs,ramfs,sysfs,use-ramdisk &&\n          cargo check\n\nerror: aborting due to failure to build rustdoc for crate axfs v0.1.0\n"]}},{"file":"[outdated direct dependencies]","count":1,"kinds":{"Outdated":["pkg=axfs, checker=Outdated\ntoolchain=nightly-2024-05-02, target=riscv64gc-unknown-none-elf\npkg_dir=/home/runner/check/batch_1/Starry-OS/Starry-Old/modules/axfs\ncmd=cargo +nightly-2025-01-07-x86_64-unknown-linux-gnu outdated -R --exit-code=2\ntimestamp=2025-01-10 11:26:47.339290553 +08:00:00\n\nName      Project  Compat  Latest  Kind    Platform\n----      -------  ------  ------  ----    --------\nbitflags  2.6.0    2.7.0   2.7.0   Normal  ---\nlog       0.4.21   0.4.22  0.4.22  Normal  ---\n"]}},{"file":"[semver checks]","count":1,"kinds":{"Semver Violation":["pkg=axfs, checker=SemverChecks\ntoolchain=nightly-2024-05-02, target=riscv64gc-unknown-none-elf\npkg_dir=/home/runner/check/batch_1/Starry-OS/Starry-Old/modules/axfs\ncmd=cargo +nightly-2025-01-07-x86_64-unknown-linux-gnu semver-checks --target riscv64gc-unknown-none-elf\ntimestamp=2025-01-10 10:30:45.254107605 +08:00:00\n\n\nstdout:\n\nstderr:\n    Building axfs v0.1.0 (current)\nerror: running cargo-doc on crate 'axfs' failed with output:\n-----\n    Checking log v0.4.22\n   Compiling serde v1.0.217\n   Compiling proc-macro2 v1.0.92\n   Compiling toml_edit v0.22.22\nerror[E0463]: can't find crate for `core`\n  |\n  = note: the `riscv64gc-unknown-none-elf` target may not be installed\n  = help: consider downloading the target with `rustup target add riscv64gc-unknown-none-elf`\n  = help: consider building the standard library from source with `cargo build -Zbuild-std`\n\nFor more information about this error, try `rustc --explain E0463`.\nerror: could not compile `log` (lib) due to 1 previous error\nwarning: build failed, waiting for other jobs to finish...\n\n-----\n\nerror: failed to build rustdoc for crate axfs v0.1.0\nnote: this is usually due to a compilation error in the crate,\n      and is unlikely to be a bug in cargo-semver-checks\nnote: the following command can be used to reproduce the compilation error:\n      cargo new --lib example &&\n          cd example &&\n          echo '[workspace]' >> Cargo.toml &&\n          cargo add --path /home/runner/check/batch_1/Starry-OS/Starry-Old/modules/axfs --features another_ext4,default,devfs,ext4_rs,fatfs,lwext4_rust,monolithic,myfs,procfs,ramfs,sysfs,use-ramdisk &&\n          cargo check\n\nerror: aborting due to failure to build rustdoc for crate axfs v0.1.0\n"]}},{"file":"modules/axfs/src/api/file.rs","count":1,"kinds":{"Clippy(Warn)":["warning: you should consider adding a `Default` implementation for `OpenOptions`\n  --> modules/axfs/src/api/file.rs:29:5\n   |\n29 | /     pub const fn new() -> Self {\n30 | |         OpenOptions(fops::OpenOptions::new())\n31 | |     }\n   | |_____^\n   |\n   = help: for further information visit https://rust-lang.github.io/rust-clippy/master/index.html#new_without_default\n   = note: `#[warn(clippy::new_without_default)]` on by default\nhelp: try adding this\n   |\n27 + impl Default for OpenOptions {\n28 +     fn default() -> Self {\n29 +         Self::new()\n30 +     }\n31 + }\n   |\n\n"]}},{"file":"modules/axfs/src/fops.rs","count":1,"kinds":{"Clippy(Warn)":["warning: you should consider adding a `Default` implementation for `OpenOptions`\n  --> modules/axfs/src/fops.rs:55:5\n   |\n55 | /     pub const fn new() -> Self {\n56 | |         Self {\n57 | |             // generic\n58 | |             read: false,\n...  |\n67 | |         }\n68 | |     }\n   | |_____^\n   |\n   = help: for further information visit https://rust-lang.github.io/rust-clippy/master/index.html#new_without_default\nhelp: try adding this\n   |\n53 + impl Default for OpenOptions {\n54 +     fn default() -> Self {\n55 +         Self::new()\n56 +     }\n57 + }\n   |\n\n"]}}]},{"user":"Starry-OS","repo":"Starry-Old","pkg":"axprocess","count":9,"raw_reports":[{"file":"modules/axtask/src/task.rs","count":2,"kinds":{"Clippy(Warn)":["warning: unused import: `Ordering`\n  --> modules/axtask/src/task.rs:18:38\n   |\n18 | use core::sync::atomic::{AtomicBool, Ordering};\n   |                                      ^^^^^^^^\n   |\n   = note: `#[warn(unused_imports)]` on by default\n\n","warning: field `irq_state` is never read\n  --> modules/axtask/src/task.rs:46:5\n   |\n43 | pub struct ScheduleTask {\n   |            ------------ field in this struct\n...\n46 |     irq_state: AtomicBool,\n   |     ^^^^^^^^^\n\n"]}},{"file":"(virtual) lockbud","count":1,"kinds":{"Cargo":["// pkg_name=axprocess, checker=Lockbud\n// toolchain=nightly-2024-05-02, target=riscv64gc-unknown-none-elf\n// pkg_dir=/home/runner/check/batch_1/Starry-OS/Starry-Old/modules/axprocess\n// cmd=cargo +nightly-2024-12-01 lockbud -k all -- --target riscv64gc-unknown-none-elf\n// timestamp=2025-01-10 10:39:29.594751427 +08:00:00\n[2025-01-10T02:38:35Z WARN  lockbud::callbacks] [\n      {\n        \"AtomicityViolation\": {\n          \"bug_kind\": \"AtomicityViolation\",\n          \"possibility\": \"Possibly\",\n          \"diagnosis\": {\n            \"fn_name\": \"set_logger_racy\",\n            \"atomic_reader\": \"/home/runner/.cargo/registry/src/index.crates.io-6f17d22bba15001f/log-0.4.21/src/lib.rs:1408:11: 1408:39 (#0)\",\n            \"atomic_writer\": \"/home/runner/.cargo/registry/src/index.crates.io-6f17d22bba15001f/log-0.4.21/src/lib.rs:1411:13: 1411:55 (#0)\",\n            \"dep_kind\": \"Control\"\n          },\n          \"explanation\": \"atomic::store is data/control dependent on atomic::load\"\n        }\n      }\n    ]\n[2025-01-10T02:38:35Z WARN  lockbud::callbacks] crate log contains bugs: { probably: 0, possibly: 0 }, conflictlock: { probably: 0, possibly: 0 }, condvar_deadlock: { probably: 0, possibly: 0 }, atomicity_violation: { possibly: 1 }, invalid_free: { possibly: 0 }, use_after_free: { possibly: 0 }\n   Compiling taskctx v0.1.0 (https://github.com/Starry-OS/taskctx.git#3c3ad2fb)\n   Compiling scheduler v0.1.0 (https://github.com/Starry-OS/scheduler.git#036a0299)\n   Compiling timer_list v0.1.0 (https://github.com/Starry-OS/timer_list.git#1dc25aad)\n   Compiling driver_block v0.1.0 (https://github.com/Starry-OS/driver_block.git#077ab12e)\n   Compiling axdriver v0.1.0 (/home/runner/check/batch_1/Starry-OS/Starry-Old/modules/axdriver)\n   Compiling rand v0.8.5\nerror[E0787]: the `asm!` macro is not allowed in naked functions\n   --> /home/runner/.cargo/git/checkouts/taskctx-38ebba1102c121c2/3c3ad2f/src/arch/riscv.rs:102:5\n    |\n102 | /     asm!(\n103 | |         \"\n104 | |         // save old context (callee-saved registers)\n105 | |         STR     ra, a0, 0\n...   |\n137 | |         options(noreturn),\n138 | |     )\n    | |_____^ consider using the `naked_asm!` macro instead\n\n   Compiling nb v0.1.3\n   Compiling ahash v0.7.8\n   Compiling axio v0.1.0 (https://github.com/Starry-OS/axio.git#010ddddb)\nFor more information about this error, try `rustc --explain E0787`.\n   Compiling capability v0.1.0 (https://github.com/Starry-OS/capability.git#2c0f89a9)\nerror: could not compile `taskctx` (lib) due to 1 previous error\nwarning: build failed, waiting for other jobs to finish...\n"]}},{"file":"(virtual) rapx","count":1,"kinds":{"Cargo":["// pkg_name=axprocess, checker=Rapx\n// toolchain=nightly-2024-05-02, target=riscv64gc-unknown-none-elf\n// pkg_dir=/home/runner/check/batch_1/Starry-OS/Starry-Old/modules/axprocess\n// cmd=cargo +nightly-2024-10-12 rapx -F -M -- --target riscv64gc-unknown-none-elf\n// timestamp=2025-01-10 10:48:03.536321063 +08:00:00\n    Checking log v0.4.21\n   Compiling serde v1.0.215\n   Compiling equivalent v1.0.1\n   Compiling hashbrown v0.15.2\n   Compiling proc-macro2 v1.0.92\n   Compiling toml_datetime v0.6.8\n   Compiling unicode-ident v1.0.14\n   Compiling winnow v0.6.20\n   Compiling indexmap v2.7.0\n   Compiling quote v1.0.37\n    Checking cfg-if v1.0.0\n    Checking bitflags v2.6.0\n   Compiling syn v2.0.90\n   Compiling axerrno v0.1.0 (https://github.com/Starry-OS/axerrno.git#3e2372cd)\n   Compiling toml_edit v0.22.22\n    Checking memory_addr v0.1.0 (https://github.com/Starry-OS/memory_addr.git#a5be547a)\n   Compiling autocfg v1.4.0\n   Compiling lock_api v0.4.12\n   Compiling taskctx v0.1.0 (https://github.com/Starry-OS/taskctx.git#3c3ad2fb)\n    Checking static_assertions v1.1.0\n   Compiling syn v1.0.109\n    Checking numeric-enum-macro v0.2.0 (https://github.com/mexus/numeric-enum-macro#20aef288)\n    Checking scopeguard v1.2.0\n    Checking spin v0.9.8\n   Compiling base64 v0.13.1\n    Checking tock-registers v0.8.1\n   Compiling unicode-width v0.1.14\n    Checking bit_field v0.10.2\n    Checking aarch64-cpu v9.4.0\n   Compiling axconfig v0.1.0 (https://github.com/Starry-OS/axconfig.git#2a880338)\n   Compiling axconfig v0.1.0 (/home/runner/check/batch_1/Starry-OS/Starry-Old/modules/axconfig)\n   Compiling svgbobdoc v0.3.0\nerror[E0787]: the `asm!` macro is not allowed in naked functions\n   --> /home/runner/.cargo/git/checkouts/taskctx-38ebba1102c121c2/3c3ad2f/src/arch/riscv.rs:102:5\n    |\n102 | /     asm!(\n103 | |         \"\n104 | |         // save old context (callee-saved registers)\n105 | |         STR     ra, a0, 0\n...   |\n137 | |         options(noreturn),\n138 | |     )\n    | |_____^ consider using the `naked_asm!` macro instead\n\n    Checking const-default v1.0.0\n    Checking page_table_entry v0.1.0 (https://github.com/Starry-OS/page_table_entry.git#8a871b43)\nFor more information about this error, try `rustc --explain E0787`.\nerror: could not compile `taskctx` (lib) due to 1 previous error\nwarning: build failed, waiting for other jobs to finish...\n02:48:11|RAP|ERROR|: Finished with non-zero exit code.\n"]}},{"file":"(virtual) semver-checks","count":1,"kinds":{"Cargo":["// pkg_name=axprocess, checker=SemverChecks\n// toolchain=nightly-2024-05-02, target=riscv64gc-unknown-none-elf\n// pkg_dir=/home/runner/check/batch_1/Starry-OS/Starry-Old/modules/axprocess\n// cmd=cargo +nightly-2025-01-07-x86_64-unknown-linux-gnu semver-checks --target riscv64gc-unknown-none-elf\n// timestamp=2025-01-10 10:33:55.897118788 +08:00:00\n    Building axprocess v0.1.0 (current)\nerror: running cargo-doc on crate 'axprocess' failed with output:\n-----\n    Checking log v0.4.22\n   Compiling serde v1.0.217\n   Compiling proc-macro2 v1.0.92\n   Compiling indexmap v2.7.0\n   Compiling toml_datetime v0.6.8\nerror[E0463]: can't find crate for `core`\n  |\n  = note: the `riscv64gc-unknown-none-elf` target may not be installed\n  = help: consider downloading the target with `rustup target add riscv64gc-unknown-none-elf`\n  = help: consider building the standard library from source with `cargo build -Zbuild-std`\n\nFor more information about this error, try `rustc --explain E0463`.\nerror: could not compile `log` (lib) due to 1 previous error\nwarning: build failed, waiting for other jobs to finish...\n\n-----\n\nerror: failed to build rustdoc for crate axprocess v0.1.0\nnote: this is usually due to a compilation error in the crate,\n      and is unlikely to be a bug in cargo-semver-checks\nnote: the following command can be used to reproduce the compilation error:\n      cargo new --lib example &&\n          cd example &&\n          echo '[workspace]' >> Cargo.toml &&\n          cargo add --path /home/runner/check/batch_1/Starry-OS/Starry-Old/modules/axprocess --features axfs,default,fs,monolithic &&\n          cargo check\n\nerror: aborting due to failure to build rustdoc for crate axprocess v0.1.0\n"]}},{"file":"[outdated direct dependencies]","count":1,"kinds":{"Outdated":["pkg=axprocess, checker=Outdated\ntoolchain=nightly-2024-05-02, target=riscv64gc-unknown-none-elf\npkg_dir=/home/runner/check/batch_1/Starry-OS/Starry-Old/modules/axprocess\ncmd=cargo +nightly-2025-01-07-x86_64-unknown-linux-gnu outdated -R --exit-code=2\ntimestamp=2025-01-10 11:44:44.858081293 +08:00:00\n\nName      Project  Compat  Latest  Kind    Platform\n----      -------  ------  ------  ----    --------\nbitflags  2.6.0    2.7.0   2.7.0   Normal  ---\nriscv     0.10.1   ---     0.12.1  Normal  ---\n"]}},{"file":"[semver checks]","count":1,"kinds":{"Semver Violation":["pkg=axprocess, checker=SemverChecks\ntoolchain=nightly-2024-05-02, target=riscv64gc-unknown-none-elf\npkg_dir=/home/runner/check/batch_1/Starry-OS/Starry-Old/modules/axprocess\ncmd=cargo +nightly-2025-01-07-x86_64-unknown-linux-gnu semver-checks --target riscv64gc-unknown-none-elf\ntimestamp=2025-01-10 10:34:03.873067265 +08:00:00\n\n\nstdout:\n\nstderr:\n    Building axprocess v0.1.0 (current)\nerror: running cargo-doc on crate 'axprocess' failed with output:\n-----\n    Checking log v0.4.22\n   Compiling serde v1.0.217\n   Compiling proc-macro2 v1.0.92\n   Compiling indexmap v2.7.0\n   Compiling toml_datetime v0.6.8\nerror[E0463]: can't find crate for `core`\n  |\n  = note: the `riscv64gc-unknown-none-elf` target may not be installed\n  = help: consider downloading the target with `rustup target add riscv64gc-unknown-none-elf`\n  = help: consider building the standard library from source with `cargo build -Zbuild-std`\n\nFor more information about this error, try `rustc --explain E0463`.\nerror: could not compile `log` (lib) due to 1 previous error\nwarning: build failed, waiting for other jobs to finish...\n\n-----\n\nerror: failed to build rustdoc for crate axprocess v0.1.0\nnote: this is usually due to a compilation error in the crate,\n      and is unlikely to be a bug in cargo-semver-checks\nnote: the following command can be used to reproduce the compilation error:\n      cargo new --lib example &&\n          cd example &&\n          echo '[workspace]' >> Cargo.toml &&\n          cargo add --path /home/runner/check/batch_1/Starry-OS/Starry-Old/modules/axprocess --features axfs,default,fs,monolithic &&\n          cargo check\n\nerror: aborting due to failure to build rustdoc for crate axprocess v0.1.0\n"]}},{"file":"modules/axprocess/src/process.rs","count":1,"kinds":{"Clippy(Warn)":["warning: this function has too many arguments (8/7)\n   --> modules/axprocess/src/process.rs:195:5\n    |\n195 | /     pub fn new(\n196 | |         pid: u64,\n197 | |         stack_size: u64,\n198 | |         parent: u64,\n...   |\n203 | |         fd_table: FdTable,\n204 | |     ) -> Self {\n    | |_____________^\n    |\n    = help: for further information visit https://rust-lang.github.io/rust-clippy/master/index.html#too_many_arguments\n    = note: `#[warn(clippy::too_many_arguments)]` on by default\n\n"]}},{"file":"modules/axtask/src/processor.rs","count":1,"kinds":{"Clippy(Warn)":["warning: method `task_tick` is never used\n   --> modules/axtask/src/processor.rs:126:19\n    |\n43  | impl Processor {\n    | -------------- method in this implementation\n...\n126 |     pub(crate) fn task_tick(&self, task: &AxTaskRef) -> bool {\n    |                   ^^^^^^^^^\n    |\n    = note: `#[warn(dead_code)]` on by default\n\n"]}}]},{"user":"Starry-OS","repo":"Starry-Old","pkg":"linux_syscall_api","count":9,"raw_reports":[{"file":"api/linux_syscall_api/src/syscall_fs/imp/ctl.rs","count":2,"kinds":{"Clippy(Warn)":["warning: assigning the result of `Clone::clone()` may be inefficient\n   --> api/linux_syscall_api/src/syscall_fs/imp/ctl.rs:377:13\n    |\n377 |             fd_table[new_fd] = fd_table[fd].clone();\n    |             ^^^^^^^^^^^^^^^^^^^^^^^^^^^^^^^^^^^^^^^ help: use `clone_from()`: `fd_table[new_fd].clone_from(&fd_table[fd])`\n    |\n    = help: for further information visit https://rust-lang.github.io/rust-clippy/master/index.html#assigning_clones\n    = note: `#[warn(clippy::assigning_clones)]` on by default\n\n","warning: assigning the result of `Clone::clone()` may be inefficient\n   --> api/linux_syscall_api/src/syscall_fs/imp/ctl.rs:413:17\n    |\n413 |                 fd_table[new_fd] = fd_table[fd].clone();\n    |                 ^^^^^^^^^^^^^^^^^^^^^^^^^^^^^^^^^^^^^^^ help: use `clone_from()`: `fd_table[new_fd].clone_from(&fd_table[fd])`\n    |\n    = help: for further information visit https://rust-lang.github.io/rust-clippy/master/index.html#assigning_clones\n\n"]}},{"file":"api/linux_syscall_api/src/syscall_fs/imp/io.rs","count":2,"kinds":{"Clippy(Warn)":["warning: assigning the result of `Clone::clone()` may be inefficient\n   --> api/linux_syscall_api/src/syscall_fs/imp/io.rs:288:5\n    |\n288 |     fd_table[new_fd] = fd_table[fd].clone();\n    |     ^^^^^^^^^^^^^^^^^^^^^^^^^^^^^^^^^^^^^^^ help: use `clone_from()`: `fd_table[new_fd].clone_from(&fd_table[fd])`\n    |\n    = help: for further information visit https://rust-lang.github.io/rust-clippy/master/index.html#assigning_clones\n\n","warning: assigning the result of `Clone::clone()` may be inefficient\n   --> api/linux_syscall_api/src/syscall_fs/imp/io.rs:365:5\n    |\n365 |     fd_table[new_fd] = fd_table[fd].clone();\n    |     ^^^^^^^^^^^^^^^^^^^^^^^^^^^^^^^^^^^^^^^ help: use `clone_from()`: `fd_table[new_fd].clone_from(&fd_table[fd])`\n    |\n    = help: for further information visit https://rust-lang.github.io/rust-clippy/master/index.html#assigning_clones\n\n"]}},{"file":"(virtual) lockbud","count":1,"kinds":{"Cargo":["// pkg_name=linux_syscall_api, checker=Lockbud\n// toolchain=nightly-2024-05-02, target=riscv64gc-unknown-none-elf\n// pkg_dir=/home/runner/check/batch_1/Starry-OS/Starry-Old/api/linux_syscall_api\n// cmd=cargo +nightly-2024-12-01 lockbud -k all -- --target riscv64gc-unknown-none-elf\n// timestamp=2025-01-10 10:39:49.702047604 +08:00:00\n[2025-01-10T02:38:35Z WARN  lockbud::callbacks] [\n      {\n        \"AtomicityViolation\": {\n          \"bug_kind\": \"AtomicityViolation\",\n          \"possibility\": \"Possibly\",\n          \"diagnosis\": {\n            \"fn_name\": \"set_logger_racy\",\n            \"atomic_reader\": \"/home/runner/.cargo/registry/src/index.crates.io-6f17d22bba15001f/log-0.4.21/src/lib.rs:1408:11: 1408:39 (#0)\",\n            \"atomic_writer\": \"/home/runner/.cargo/registry/src/index.crates.io-6f17d22bba15001f/log-0.4.21/src/lib.rs:1411:13: 1411:55 (#0)\",\n            \"dep_kind\": \"Control\"\n          },\n          \"explanation\": \"atomic::store is data/control dependent on atomic::load\"\n        }\n      }\n    ]\n[2025-01-10T02:38:35Z WARN  lockbud::callbacks] crate log contains bugs: { probably: 0, possibly: 0 }, conflictlock: { probably: 0, possibly: 0 }, condvar_deadlock: { probably: 0, possibly: 0 }, atomicity_violation: { possibly: 1 }, invalid_free: { possibly: 0 }, use_after_free: { possibly: 0 }\n   Compiling taskctx v0.1.0 (https://github.com/Starry-OS/taskctx.git#3c3ad2fb)\n   Compiling axdriver v0.1.0 (/home/runner/check/batch_1/Starry-OS/Starry-Old/modules/axdriver)\n   Compiling driver_virtio v0.1.0 (https://github.com/Starry-OS/driver_virtio.git#a223bf1e)\n   Compiling zero v0.1.3\n   Compiling ahash v0.7.8\nerror[E0787]: the `asm!` macro is not allowed in naked functions\n   --> /home/runner/.cargo/git/checkouts/taskctx-38ebba1102c121c2/3c3ad2f/src/arch/riscv.rs:102:5\n    |\n102 | /     asm!(\n103 | |         \"\n104 | |         // save old context (callee-saved registers)\n105 | |         STR     ra, a0, 0\n...   |\n137 | |         options(noreturn),\n138 | |     )\n    | |_____^ consider using the `naked_asm!` macro instead\n\n   Compiling xmas-elf v0.9.1\n   Compiling heapless v0.8.0\nFor more information about this error, try `rustc --explain E0787`.\nerror: could not compile `taskctx` (lib) due to 1 previous error\nwarning: build failed, waiting for other jobs to finish...\n"]}},{"file":"(virtual) rapx","count":1,"kinds":{"Cargo":["// pkg_name=linux_syscall_api, checker=Rapx\n// toolchain=nightly-2024-05-02, target=riscv64gc-unknown-none-elf\n// pkg_dir=/home/runner/check/batch_1/Starry-OS/Starry-Old/api/linux_syscall_api\n// cmd=cargo +nightly-2024-10-12 rapx -F -M -- --target riscv64gc-unknown-none-elf\n// timestamp=2025-01-10 10:52:01.306806571 +08:00:00\n    Checking log v0.4.21\n   Compiling proc-macro2 v1.0.92\n   Compiling unicode-ident v1.0.14\n   Compiling hashbrown v0.15.2\n   Compiling equivalent v1.0.1\n   Compiling serde v1.0.215\n   Compiling toml_datetime v0.6.8\n   Compiling winnow v0.6.20\n   Compiling indexmap v2.7.0\n   Compiling quote v1.0.37\n    Checking cfg-if v1.0.0\n    Checking bitflags v2.6.0\n   Compiling syn v2.0.90\n   Compiling axerrno v0.1.0 (https://github.com/Starry-OS/axerrno.git#3e2372cd)\n    Checking memory_addr v0.1.0 (https://github.com/Starry-OS/memory_addr.git#a5be547a)\n   Compiling toml_edit v0.22.22\n   Compiling autocfg v1.4.0\n   Compiling lock_api v0.4.12\n   Compiling syn v1.0.109\n    Checking scopeguard v1.2.0\n   Compiling taskctx v0.1.0 (https://github.com/Starry-OS/taskctx.git#3c3ad2fb)\n    Checking static_assertions v1.1.0\n    Checking numeric-enum-macro v0.2.0 (https://github.com/mexus/numeric-enum-macro#20aef288)\n    Checking spin v0.9.8\n   Compiling base64 v0.13.1\n   Compiling unicode-width v0.1.14\n    Checking bit_field v0.10.2\n    Checking tock-registers v0.8.1\n    Checking aarch64-cpu v9.4.0\n   Compiling axconfig v0.1.0 (https://github.com/Starry-OS/axconfig.git#2a880338)\n   Compiling axconfig v0.1.0 (/home/runner/check/batch_1/Starry-OS/Starry-Old/modules/axconfig)\n   Compiling svgbobdoc v0.3.0\nerror[E0787]: the `asm!` macro is not allowed in naked functions\n   --> /home/runner/.cargo/git/checkouts/taskctx-38ebba1102c121c2/3c3ad2f/src/arch/riscv.rs:102:5\n    |\n102 | /     asm!(\n103 | |         \"\n104 | |         // save old context (callee-saved registers)\n105 | |         STR     ra, a0, 0\n...   |\n137 | |         options(noreturn),\n138 | |     )\n    | |_____^ consider using the `naked_asm!` macro instead\n\n    Checking const-default v1.0.0\nFor more information about this error, try `rustc --explain E0787`.\nerror: could not compile `taskctx` (lib) due to 1 previous error\nwarning: build failed, waiting for other jobs to finish...\n02:52:09|RAP|ERROR|: Finished with non-zero exit code.\n"]}},{"file":"(virtual) semver-checks","count":1,"kinds":{"Cargo":["// pkg_name=linux_syscall_api, checker=SemverChecks\n// toolchain=nightly-2024-05-02, target=riscv64gc-unknown-none-elf\n// pkg_dir=/home/runner/check/batch_1/Starry-OS/Starry-Old/api/linux_syscall_api\n// cmd=cargo +nightly-2025-01-07-x86_64-unknown-linux-gnu semver-checks --target riscv64gc-unknown-none-elf\n// timestamp=2025-01-10 10:38:06.199802542 +08:00:00\n    Building linux_syscall_api v0.1.0 (current)\nerror: running cargo-doc on crate 'linux_syscall_api' failed with output:\n-----\n    Checking log v0.4.22\n   Compiling proc-macro2 v1.0.92\n   Compiling indexmap v2.7.0\n   Compiling serde v1.0.217\n   Compiling winnow v0.6.22\nerror[E0463]: can't find crate for `core`\n  |\n  = note: the `riscv64gc-unknown-none-elf` target may not be installed\n  = help: consider downloading the target with `rustup target add riscv64gc-unknown-none-elf`\n  = help: consider building the standard library from source with `cargo build -Zbuild-std`\n\nFor more information about this error, try `rustc --explain E0463`.\nerror: could not compile `log` (lib) due to 1 previous error\nwarning: build failed, waiting for other jobs to finish...\n\n-----\n\nerror: failed to build rustdoc for crate linux_syscall_api v0.1.0\nnote: this is usually due to a compilation error in the crate,\n      and is unlikely to be a bug in cargo-semver-checks\nnote: the following command can be used to reproduce the compilation error:\n      cargo new --lib example &&\n          cd example &&\n          echo '[workspace]' >> Cargo.toml &&\n          cargo add --path /home/runner/check/batch_1/Starry-OS/Starry-Old/api/linux_syscall_api --features default,fs,ip,irq,monolithic,multitask,net,paging &&\n          cargo check\n\nerror: aborting due to failure to build rustdoc for crate linux_syscall_api v0.1.0\n"]}},{"file":"[outdated direct dependencies]","count":1,"kinds":{"Outdated":["pkg=linux_syscall_api, checker=Outdated\ntoolchain=nightly-2024-05-02, target=riscv64gc-unknown-none-elf\npkg_dir=/home/runner/check/batch_1/Starry-OS/Starry-Old/api/linux_syscall_api\ncmd=cargo +nightly-2025-01-07-x86_64-unknown-linux-gnu outdated -R --exit-code=2\ntimestamp=2025-01-10 12:05:18.302553783 +08:00:00\n\nName      Project  Compat  Latest  Kind    Platform\n----      -------  ------  ------  ----    --------\nbitflags  2.6.0    2.7.0   2.7.0   Normal  ---\nnum_enum  0.5.11   ---     0.7.3   Normal  ---\n"]}},{"file":"[semver checks]","count":1,"kinds":{"Semver Violation":["pkg=linux_syscall_api, checker=SemverChecks\ntoolchain=nightly-2024-05-02, target=riscv64gc-unknown-none-elf\npkg_dir=/home/runner/check/batch_1/Starry-OS/Starry-Old/api/linux_syscall_api\ncmd=cargo +nightly-2025-01-07-x86_64-unknown-linux-gnu semver-checks --target riscv64gc-unknown-none-elf\ntimestamp=2025-01-10 10:38:15.68614097 +08:00:00\n\n\nstdout:\n\nstderr:\n    Building linux_syscall_api v0.1.0 (current)\nerror: running cargo-doc on crate 'linux_syscall_api' failed with output:\n-----\n    Checking log v0.4.22\n   Compiling proc-macro2 v1.0.92\n   Compiling indexmap v2.7.0\n   Compiling serde v1.0.217\n   Compiling winnow v0.6.22\nerror[E0463]: can't find crate for `core`\n  |\n  = note: the `riscv64gc-unknown-none-elf` target may not be installed\n  = help: consider downloading the target with `rustup target add riscv64gc-unknown-none-elf`\n  = help: consider building the standard library from source with `cargo build -Zbuild-std`\n\nFor more information about this error, try `rustc --explain E0463`.\nerror: could not compile `log` (lib) due to 1 previous error\nwarning: build failed, waiting for other jobs to finish...\n\n-----\n\nerror: failed to build rustdoc for crate linux_syscall_api v0.1.0\nnote: this is usually due to a compilation error in the crate,\n      and is unlikely to be a bug in cargo-semver-checks\nnote: the following command can be used to reproduce the compilation error:\n      cargo new --lib example &&\n          cd example &&\n          echo '[workspace]' >> Cargo.toml &&\n          cargo add --path /home/runner/check/batch_1/Starry-OS/Starry-Old/api/linux_syscall_api --features default,fs,ip,irq,monolithic,multitask,net,paging &&\n          cargo check\n\nerror: aborting due to failure to build rustdoc for crate linux_syscall_api v0.1.0\n"]}}]},{"user":"Starry-OS","repo":"Starry-Old","pkg":"axfutex","count":8,"raw_reports":[{"file":"modules/axtask/src/task.rs","count":2,"kinds":{"Clippy(Warn)":["warning: unused import: `Ordering`\n  --> modules/axtask/src/task.rs:18:38\n   |\n18 | use core::sync::atomic::{AtomicBool, Ordering};\n   |                                      ^^^^^^^^\n   |\n   = note: `#[warn(unused_imports)]` on by default\n\n","warning: field `irq_state` is never read\n  --> modules/axtask/src/task.rs:46:5\n   |\n43 | pub struct ScheduleTask {\n   |            ------------ field in this struct\n...\n46 |     irq_state: AtomicBool,\n   |     ^^^^^^^^^\n\n"]}},{"file":"(virtual) lockbud","count":1,"kinds":{"Cargo":["// pkg_name=axfutex, checker=Lockbud\n// toolchain=nightly-2024-05-02, target=riscv64gc-unknown-none-elf\n// pkg_dir=/home/runner/check/batch_1/Starry-OS/Starry-Old/modules/axfutex\n// cmd=cargo +nightly-2024-12-01 lockbud -k all -- --target riscv64gc-unknown-none-elf\n// timestamp=2025-01-10 10:39:13.477547413 +08:00:00\n[2025-01-10T02:38:35Z WARN  lockbud::callbacks] [\n      {\n        \"AtomicityViolation\": {\n          \"bug_kind\": \"AtomicityViolation\",\n          \"possibility\": \"Possibly\",\n          \"diagnosis\": {\n            \"fn_name\": \"set_logger_racy\",\n            \"atomic_reader\": \"/home/runner/.cargo/registry/src/index.crates.io-6f17d22bba15001f/log-0.4.21/src/lib.rs:1408:11: 1408:39 (#0)\",\n            \"atomic_writer\": \"/home/runner/.cargo/registry/src/index.crates.io-6f17d22bba15001f/log-0.4.21/src/lib.rs:1411:13: 1411:55 (#0)\",\n            \"dep_kind\": \"Control\"\n          },\n          \"explanation\": \"atomic::store is data/control dependent on atomic::load\"\n        }\n      }\n    ]\n[2025-01-10T02:38:35Z WARN  lockbud::callbacks] crate log contains bugs: { probably: 0, possibly: 0 }, conflictlock: { probably: 0, possibly: 0 }, condvar_deadlock: { probably: 0, possibly: 0 }, atomicity_violation: { possibly: 1 }, invalid_free: { possibly: 0 }, use_after_free: { possibly: 0 }\n   Compiling taskctx v0.1.0 (https://github.com/Starry-OS/taskctx.git#3c3ad2fb)\n   Compiling allocator v0.1.0 (https://github.com/Starry-OS/allocator.git#7c9f5b83)\n   Compiling page_table v0.1.0 (https://github.com/Starry-OS/page_table.git#f183d542)\n   Compiling axhal v0.1.0 (/home/runner/check/batch_1/Starry-OS/Starry-Old/modules/axhal)\n   Compiling axfs_ramfs v0.1.0 (https://github.com/Starry-OS/axfs_ramfs.git#9d217ede)\nerror[E0787]: the `asm!` macro is not allowed in naked functions\n   --> /home/runner/.cargo/git/checkouts/taskctx-38ebba1102c121c2/3c3ad2f/src/arch/riscv.rs:102:5\n    |\n102 | /     asm!(\n103 | |         \"\n104 | |         // save old context (callee-saved registers)\n105 | |         STR     ra, a0, 0\n...   |\n137 | |         options(noreturn),\n138 | |     )\n    | |_____^ consider using the `naked_asm!` macro instead\n\nFor more information about this error, try `rustc --explain E0787`.\nerror: could not compile `taskctx` (lib) due to 1 previous error\nwarning: build failed, waiting for other jobs to finish...\n"]}},{"file":"(virtual) rapx","count":1,"kinds":{"Cargo":["// pkg_name=axfutex, checker=Rapx\n// toolchain=nightly-2024-05-02, target=riscv64gc-unknown-none-elf\n// pkg_dir=/home/runner/check/batch_1/Starry-OS/Starry-Old/modules/axfutex\n// cmd=cargo +nightly-2024-10-12 rapx -F -M -- --target riscv64gc-unknown-none-elf\n// timestamp=2025-01-10 10:45:06.731228619 +08:00:00\n   Compiling serde v1.0.215\n   Compiling proc-macro2 v1.0.92\n   Compiling equivalent v1.0.1\n    Checking log v0.4.21\n   Compiling hashbrown v0.15.2\n   Compiling winnow v0.6.20\n   Compiling unicode-ident v1.0.14\n   Compiling toml_datetime v0.6.8\n   Compiling indexmap v2.7.0\n   Compiling quote v1.0.37\n    Checking cfg-if v1.0.0\n    Checking bitflags v2.6.0\n   Compiling syn v2.0.90\n   Compiling axerrno v0.1.0 (https://github.com/Starry-OS/axerrno.git#3e2372cd)\n   Compiling toml_edit v0.22.22\n   Compiling autocfg v1.4.0\n    Checking memory_addr v0.1.0 (https://github.com/Starry-OS/memory_addr.git#a5be547a)\n   Compiling lock_api v0.4.12\n   Compiling taskctx v0.1.0 (https://github.com/Starry-OS/taskctx.git#3c3ad2fb)\n    Checking numeric-enum-macro v0.2.0 (https://github.com/mexus/numeric-enum-macro#20aef288)\n    Checking scopeguard v1.2.0\n    Checking static_assertions v1.1.0\n   Compiling syn v1.0.109\n    Checking spin v0.9.8\n   Compiling unicode-width v0.1.14\n   Compiling base64 v0.13.1\n    Checking const-default v1.0.0\n    Checking bit_field v0.10.2\n    Checking tock-registers v0.8.1\n    Checking aarch64-cpu v9.4.0\n   Compiling axconfig v0.1.0 (https://github.com/Starry-OS/axconfig.git#2a880338)\n   Compiling axconfig v0.1.0 (/home/runner/check/batch_1/Starry-OS/Starry-Old/modules/axconfig)\nerror[E0787]: the `asm!` macro is not allowed in naked functions\n   --> /home/runner/.cargo/git/checkouts/taskctx-38ebba1102c121c2/3c3ad2f/src/arch/riscv.rs:102:5\n    |\n102 | /     asm!(\n103 | |         \"\n104 | |         // save old context (callee-saved registers)\n105 | |         STR     ra, a0, 0\n...   |\n137 | |         options(noreturn),\n138 | |     )\n    | |_____^ consider using the `naked_asm!` macro instead\n\nFor more information about this error, try `rustc --explain E0787`.\nerror: could not compile `taskctx` (lib) due to 1 previous error\nwarning: build failed, waiting for other jobs to finish...\n02:45:14|RAP|ERROR|: Finished with non-zero exit code.\n"]}},{"file":"(virtual) semver-checks","count":1,"kinds":{"Cargo":["// pkg_name=axfutex, checker=SemverChecks\n// toolchain=nightly-2024-05-02, target=riscv64gc-unknown-none-elf\n// pkg_dir=/home/runner/check/batch_1/Starry-OS/Starry-Old/modules/axfutex\n// cmd=cargo +nightly-2025-01-07-x86_64-unknown-linux-gnu semver-checks --target riscv64gc-unknown-none-elf\n// timestamp=2025-01-10 10:31:07.176356337 +08:00:00\n    Building axfutex v0.1.0 (current)\nerror: running cargo-doc on crate 'axfutex' failed with output:\n-----\n    Checking log v0.4.22\n   Compiling serde v1.0.217\n   Compiling indexmap v2.7.0\n   Compiling proc-macro2 v1.0.92\n   Compiling toml_datetime v0.6.8\nerror[E0463]: can't find crate for `core`\n  |\n  = note: the `riscv64gc-unknown-none-elf` target may not be installed\n  = help: consider downloading the target with `rustup target add riscv64gc-unknown-none-elf`\n  = help: consider building the standard library from source with `cargo build -Zbuild-std`\n\nFor more information about this error, try `rustc --explain E0463`.\nerror: could not compile `log` (lib) due to 1 previous error\nwarning: build failed, waiting for other jobs to finish...\n\n-----\n\nerror: failed to build rustdoc for crate axfutex v0.1.0\nnote: this is usually due to a compilation error in the crate,\n      and is unlikely to be a bug in cargo-semver-checks\nnote: the following command can be used to reproduce the compilation error:\n      cargo new --lib example &&\n          cd example &&\n          echo '[workspace]' >> Cargo.toml &&\n          cargo add --path /home/runner/check/batch_1/Starry-OS/Starry-Old/modules/axfutex --features axfs,default,fs,monolithic &&\n          cargo check\n\nerror: aborting due to failure to build rustdoc for crate axfutex v0.1.0\n"]}},{"file":"[outdated direct dependencies]","count":1,"kinds":{"Outdated":["pkg=axfutex, checker=Outdated\ntoolchain=nightly-2024-05-02, target=riscv64gc-unknown-none-elf\npkg_dir=/home/runner/check/batch_1/Starry-OS/Starry-Old/modules/axfutex\ncmd=cargo +nightly-2025-01-07-x86_64-unknown-linux-gnu outdated -R --exit-code=2\ntimestamp=2025-01-10 11:29:23.803616986 +08:00:00\n\nName       Project  Compat  Latest  Kind    Platform\n----       -------  ------  ------  ----    --------\nbitflags   2.6.0    2.7.0   2.7.0   Normal  ---\nhashbrown  0.11.2   ---     0.15.2  Normal  ---\nlog        0.4.21   0.4.22  0.4.22  Normal  ---\n"]}},{"file":"[semver checks]","count":1,"kinds":{"Semver Violation":["pkg=axfutex, checker=SemverChecks\ntoolchain=nightly-2024-05-02, target=riscv64gc-unknown-none-elf\npkg_dir=/home/runner/check/batch_1/Starry-OS/Starry-Old/modules/axfutex\ncmd=cargo +nightly-2025-01-07-x86_64-unknown-linux-gnu semver-checks --target riscv64gc-unknown-none-elf\ntimestamp=2025-01-10 10:31:14.953338009 +08:00:00\n\n\nstdout:\n\nstderr:\n    Building axfutex v0.1.0 (current)\nerror: running cargo-doc on crate 'axfutex' failed with output:\n-----\n    Checking log v0.4.22\n   Compiling serde v1.0.217\n   Compiling indexmap v2.7.0\n   Compiling proc-macro2 v1.0.92\n   Compiling toml_datetime v0.6.8\nerror[E0463]: can't find crate for `core`\n  |\n  = note: the `riscv64gc-unknown-none-elf` target may not be installed\n  = help: consider downloading the target with `rustup target add riscv64gc-unknown-none-elf`\n  = help: consider building the standard library from source with `cargo build -Zbuild-std`\n\nFor more information about this error, try `rustc --explain E0463`.\nerror: could not compile `log` (lib) due to 1 previous error\nwarning: build failed, waiting for other jobs to finish...\n\n-----\n\nerror: failed to build rustdoc for crate axfutex v0.1.0\nnote: this is usually due to a compilation error in the crate,\n      and is unlikely to be a bug in cargo-semver-checks\nnote: the following command can be used to reproduce the compilation error:\n      cargo new --lib example &&\n          cd example &&\n          echo '[workspace]' >> Cargo.toml &&\n          cargo add --path /home/runner/check/batch_1/Starry-OS/Starry-Old/modules/axfutex --features axfs,default,fs,monolithic &&\n          cargo check\n\nerror: aborting due to failure to build rustdoc for crate axfutex v0.1.0\n"]}},{"file":"modules/axtask/src/processor.rs","count":1,"kinds":{"Clippy(Warn)":["warning: method `task_tick` is never used\n   --> modules/axtask/src/processor.rs:126:19\n    |\n43  | impl Processor {\n    | -------------- method in this implementation\n...\n126 |     pub(crate) fn task_tick(&self, task: &AxTaskRef) -> bool {\n    |                   ^^^^^^^^^\n    |\n    = note: `#[warn(dead_code)]` on by default\n\n"]}}]},{"user":"Starry-OS","repo":"Starry-Old","pkg":"arch_boot","count":6,"raw_reports":[{"file":"(virtual) lockbud","count":1,"kinds":{"Cargo":["// pkg_name=arch_boot, checker=Lockbud\n// toolchain=nightly-2024-05-02, target=riscv64gc-unknown-none-elf\n// pkg_dir=/home/runner/check/batch_1/Starry-OS/Starry-Old/modules/arch_boot\n// cmd=cargo +nightly-2024-12-01 lockbud -k all -- --target riscv64gc-unknown-none-elf\n// timestamp=2025-01-10 10:38:58.979139852 +08:00:00\n[2025-01-10T02:38:35Z WARN  lockbud::callbacks] [\n      {\n        \"AtomicityViolation\": {\n          \"bug_kind\": \"AtomicityViolation\",\n          \"possibility\": \"Possibly\",\n          \"diagnosis\": {\n            \"fn_name\": \"set_logger_racy\",\n            \"atomic_reader\": \"/home/runner/.cargo/registry/src/index.crates.io-6f17d22bba15001f/log-0.4.21/src/lib.rs:1408:11: 1408:39 (#0)\",\n            \"atomic_writer\": \"/home/runner/.cargo/registry/src/index.crates.io-6f17d22bba15001f/log-0.4.21/src/lib.rs:1411:13: 1411:55 (#0)\",\n            \"dep_kind\": \"Control\"\n          },\n          \"explanation\": \"atomic::store is data/control dependent on atomic::load\"\n        }\n      }\n    ]\n[2025-01-10T02:38:35Z WARN  lockbud::callbacks] crate log contains bugs: { probably: 0, possibly: 0 }, conflictlock: { probably: 0, possibly: 0 }, condvar_deadlock: { probably: 0, possibly: 0 }, atomicity_violation: { possibly: 1 }, invalid_free: { possibly: 0 }, use_after_free: { possibly: 0 }\n   Compiling taskctx v0.1.0 (https://github.com/Starry-OS/taskctx.git#3c3ad2fb)\n   Compiling critical-section v1.2.0\n   Compiling lazy_static v1.5.0\n   Compiling embedded-hal v1.0.0\nerror[E0787]: the `asm!` macro is not allowed in naked functions\n   --> /home/runner/.cargo/git/checkouts/taskctx-38ebba1102c121c2/3c3ad2f/src/arch/riscv.rs:102:5\n    |\n102 | /     asm!(\n103 | |         \"\n104 | |         // save old context (callee-saved registers)\n105 | |         STR     ra, a0, 0\n...   |\n137 | |         options(noreturn),\n138 | |     )\n    | |_____^ consider using the `naked_asm!` macro instead\n\n   Compiling sbi-spec v0.0.7\n   Compiling of v0.1.0 (https://github.com/Starry-OS/of.git#45a65508)\nFor more information about this error, try `rustc --explain E0787`.\nerror: could not compile `taskctx` (lib) due to 1 previous error\nwarning: build failed, waiting for other jobs to finish...\n"]}},{"file":"(virtual) rapx","count":1,"kinds":{"Cargo":["// pkg_name=arch_boot, checker=Rapx\n// toolchain=nightly-2024-05-02, target=riscv64gc-unknown-none-elf\n// pkg_dir=/home/runner/check/batch_1/Starry-OS/Starry-Old/modules/arch_boot\n// cmd=cargo +nightly-2024-10-12 rapx -F -M -- --target riscv64gc-unknown-none-elf\n// timestamp=2025-01-10 10:41:59.963537921 +08:00:00\n   Compiling equivalent v1.0.1\n   Compiling serde v1.0.215\n   Compiling hashbrown v0.15.2\n   Compiling toml_datetime v0.6.8\n   Compiling winnow v0.6.20\n   Compiling proc-macro2 v1.0.92\n   Compiling indexmap v2.7.0\n   Compiling unicode-ident v1.0.14\n    Checking static_assertions v1.1.0\n    Checking cfg-if v1.0.0\n   Compiling quote v1.0.37\n   Compiling toml_edit v0.22.22\n    Checking log v0.4.21\n    Checking memory_addr v0.1.0 (https://github.com/Starry-OS/memory_addr.git#a5be547a)\n   Compiling taskctx v0.1.0 (https://github.com/Starry-OS/taskctx.git#3c3ad2fb)\n   Compiling syn v2.0.90\n    Checking numeric-enum-macro v0.2.0 (https://github.com/mexus/numeric-enum-macro#20aef288)\n    Checking tock-registers v0.8.1\n   Compiling percpu v0.1.0 (https://github.com/Starry-OS/percpu.git#85e6d8a7)\n   Compiling riscv v0.11.1\n    Checking spin v0.9.8\n    Checking critical-section v1.2.0\n    Checking lazy_static v1.5.0\n    Checking aarch64-cpu v9.4.0\n    Checking embedded-hal v1.0.0\n    Checking fdt v0.1.5\n    Checking sbi-spec v0.0.7\n    Checking bitflags v2.6.0\n    Checking sbi-rt v0.0.3\n    Checking of v0.1.0 (https://github.com/Starry-OS/of.git#45a65508)\n    Checking ratio v0.1.0 (https://github.com/Starry-OS/ratio.git#0c8da4c3)\n    Checking handler_table v0.1.0 (https://github.com/Starry-OS/handler_table.git#d6495e7d)\n    Checking lazy_init v0.1.0 (https://github.com/Starry-OS/lazy_init.git#d0e87c05)\n    Checking nb v1.1.0\n    Checking nb v0.1.3\n   Compiling riscv v0.10.1\n    Checking void v1.0.2\n    Checking page_table_entry v0.1.0 (https://github.com/Starry-OS/page_table_entry.git#8a871b43)\n    Checking embedded-hal v0.2.7\n    Checking axbacktrace v0.1.0 (https://github.com/kern-crates/axbacktrace.git#c0371ca8)\n    Checking bit_field v0.10.2\n    Checking linked_list v0.1.0 (https://github.com/Starry-OS/linked_list.git#283dddc4)\n    Checking sbi-spec v0.0.4\n    Checking sbi-rt v0.0.2\n   Compiling axconfig v0.1.0 (/home/runner/check/batch_1/Starry-OS/Starry-Old/modules/axconfig)\n   Compiling axconfig v0.1.0 (https://github.com/Starry-OS/axconfig.git#2a880338)\nerror[E0787]: the `asm!` macro is not allowed in naked functions\n   --> /home/runner/.cargo/git/checkouts/taskctx-38ebba1102c121c2/3c3ad2f/src/arch/riscv.rs:102:5\n    |\n102 | /     asm!(\n103 | |         \"\n104 | |         // save old context (callee-saved registers)\n105 | |         STR     ra, a0, 0\n...   |\n137 | |         options(noreturn),\n138 | |     )\n    | |_____^ consider using the `naked_asm!` macro instead\n\nFor more information about this error, try `rustc --explain E0787`.\nerror: could not compile `taskctx` (lib) due to 1 previous error\nwarning: build failed, waiting for other jobs to finish...\n02:42:07|RAP|ERROR|: Finished with non-zero exit code.\n"]}},{"file":"(virtual) semver-checks","count":1,"kinds":{"Cargo":["// pkg_name=arch_boot, checker=SemverChecks\n// toolchain=nightly-2024-05-02, target=riscv64gc-unknown-none-elf\n// pkg_dir=/home/runner/check/batch_1/Starry-OS/Starry-Old/modules/arch_boot\n// cmd=cargo +nightly-2025-01-07-x86_64-unknown-linux-gnu semver-checks --target riscv64gc-unknown-none-elf\n// timestamp=2025-01-10 10:28:11.631069837 +08:00:00\n    Building arch_boot v0.1.0 (current)\nerror: running cargo-doc on crate 'arch_boot' failed with output:\n-----\n    Checking log v0.4.22\n   Compiling indexmap v2.7.0\n   Compiling proc-macro2 v1.0.92\n   Compiling serde v1.0.217\n   Compiling winnow v0.6.22\nerror[E0463]: can't find crate for `core`\n  |\n  = note: the `riscv64gc-unknown-none-elf` target may not be installed\n  = help: consider downloading the target with `rustup target add riscv64gc-unknown-none-elf`\n  = help: consider building the standard library from source with `cargo build -Zbuild-std`\n\nFor more information about this error, try `rustc --explain E0463`.\nerror: could not compile `log` (lib) due to 1 previous error\nwarning: build failed, waiting for other jobs to finish...\n\n-----\n\nerror: failed to build rustdoc for crate arch_boot v0.1.0\nnote: this is usually due to a compilation error in the crate,\n      and is unlikely to be a bug in cargo-semver-checks\nnote: the following command can be used to reproduce the compilation error:\n      cargo new --lib example &&\n          cd example &&\n          echo '[workspace]' >> Cargo.toml &&\n          cargo add --path /home/runner/check/batch_1/Starry-OS/Starry-Old/modules/arch_boot --features axalloc,default,fp_simd,irq,monolithic,preempt,smp &&\n          cargo check\n\nerror: aborting due to failure to build rustdoc for crate arch_boot v0.1.0\n"]}},{"file":"[outdated direct dependencies]","count":1,"kinds":{"Outdated":["pkg=arch_boot, checker=Outdated\ntoolchain=nightly-2024-05-02, target=riscv64gc-unknown-none-elf\npkg_dir=/home/runner/check/batch_1/Starry-OS/Starry-Old/modules/arch_boot\ncmd=cargo +nightly-2025-01-07-x86_64-unknown-linux-gnu outdated -R --exit-code=2\ntimestamp=2025-01-10 11:11:28.865568478 +08:00:00\n\nName            Project  Compat  Latest  Kind    Platform\n----            -------  ------  ------  ----    --------\naarch64-cpu     9.4.0    ---     10.0.0  Normal  cfg(target_arch = \"aarch64\")\nlog             0.4.21   0.4.22  0.4.22  Normal  ---\nriscv           0.10.1   ---     0.12.1  Normal  cfg(any(target_arch = \"riscv32\", target_arch = \"riscv64\"))\nsbi-rt          0.0.2    ---     0.0.3   Normal  cfg(any(target_arch = \"riscv32\", target_arch = \"riscv64\"))\ntock-registers  0.8.1    ---     0.9.0   Normal  cfg(target_arch = \"aarch64\")\nx86_64          0.15.1   0.15.2  0.15.2  Normal  cfg(target_arch = \"x86_64\")\n"]}},{"file":"[semver checks]","count":1,"kinds":{"Semver Violation":["pkg=arch_boot, checker=SemverChecks\ntoolchain=nightly-2024-05-02, target=riscv64gc-unknown-none-elf\npkg_dir=/home/runner/check/batch_1/Starry-OS/Starry-Old/modules/arch_boot\ncmd=cargo +nightly-2025-01-07-x86_64-unknown-linux-gnu semver-checks --target riscv64gc-unknown-none-elf\ntimestamp=2025-01-10 10:28:21.070159718 +08:00:00\n\n\nstdout:\n\nstderr:\n    Building arch_boot v0.1.0 (current)\nerror: running cargo-doc on crate 'arch_boot' failed with output:\n-----\n    Checking log v0.4.22\n   Compiling indexmap v2.7.0\n   Compiling proc-macro2 v1.0.92\n   Compiling serde v1.0.217\n   Compiling winnow v0.6.22\nerror[E0463]: can't find crate for `core`\n  |\n  = note: the `riscv64gc-unknown-none-elf` target may not be installed\n  = help: consider downloading the target with `rustup target add riscv64gc-unknown-none-elf`\n  = help: consider building the standard library from source with `cargo build -Zbuild-std`\n\nFor more information about this error, try `rustc --explain E0463`.\nerror: could not compile `log` (lib) due to 1 previous error\nwarning: build failed, waiting for other jobs to finish...\n\n-----\n\nerror: failed to build rustdoc for crate arch_boot v0.1.0\nnote: this is usually due to a compilation error in the crate,\n      and is unlikely to be a bug in cargo-semver-checks\nnote: the following command can be used to reproduce the compilation error:\n      cargo new --lib example &&\n          cd example &&\n          echo '[workspace]' >> Cargo.toml &&\n          cargo add --path /home/runner/check/batch_1/Starry-OS/Starry-Old/modules/arch_boot --features axalloc,default,fp_simd,irq,monolithic,preempt,smp &&\n          cargo check\n\nerror: aborting due to failure to build rustdoc for crate arch_boot v0.1.0\n"]}},{"file":"modules/axtrap/src/arch/riscv/mod.rs","count":1,"kinds":{"Clippy(Warn)":["warning: unused variable: `stval`\n  --> modules/axtrap/src/arch/riscv/mod.rs:45:9\n   |\n45 |     let stval = riscv::register::stval::read();\n   |         ^^^^^ help: if this is intentional, prefix it with an underscore: `_stval`\n   |\n   = note: `#[warn(unused_variables)]` on by default\n\n"]}}]},{"user":"Starry-OS","repo":"Starry-Old","pkg":"axlibc","count":6,"raw_reports":[{"file":"(virtual) lockbud","count":1,"kinds":{"Cargo":["// pkg_name=axlibc, checker=Lockbud\n// toolchain=nightly-2024-05-02, target=riscv64gc-unknown-none-elf\n// pkg_dir=/home/runner/check/batch_1/Starry-OS/Starry-Old/ulib/axlibc\n// cmd=cargo +nightly-2024-12-01 lockbud -k all -- --target riscv64gc-unknown-none-elf\n// timestamp=2025-01-10 10:39:18.180083007 +08:00:00\n[2025-01-10T02:38:35Z WARN  lockbud::callbacks] [\n      {\n        \"AtomicityViolation\": {\n          \"bug_kind\": \"AtomicityViolation\",\n          \"possibility\": \"Possibly\",\n          \"diagnosis\": {\n            \"fn_name\": \"set_logger_racy\",\n            \"atomic_reader\": \"/home/runner/.cargo/registry/src/index.crates.io-6f17d22bba15001f/log-0.4.21/src/lib.rs:1408:11: 1408:39 (#0)\",\n            \"atomic_writer\": \"/home/runner/.cargo/registry/src/index.crates.io-6f17d22bba15001f/log-0.4.21/src/lib.rs:1411:13: 1411:55 (#0)\",\n            \"dep_kind\": \"Control\"\n          },\n          \"explanation\": \"atomic::store is data/control dependent on atomic::load\"\n        }\n      }\n    ]\n[2025-01-10T02:38:35Z WARN  lockbud::callbacks] crate log contains bugs: { probably: 0, possibly: 0 }, conflictlock: { probably: 0, possibly: 0 }, condvar_deadlock: { probably: 0, possibly: 0 }, atomicity_violation: { possibly: 1 }, invalid_free: { possibly: 0 }, use_after_free: { possibly: 0 }\n   Compiling taskctx v0.1.0 (https://github.com/Starry-OS/taskctx.git#3c3ad2fb)\n   Compiling percpu v0.1.0 (https://github.com/Starry-OS/percpu.git#85e6d8a7)\n   Compiling either v1.13.0\n   Compiling bitflags v2.6.0\nerror[E0787]: the `asm!` macro is not allowed in naked functions\n   --> /home/runner/.cargo/git/checkouts/taskctx-38ebba1102c121c2/3c3ad2f/src/arch/riscv.rs:102:5\n    |\n102 | /     asm!(\n103 | |         \"\n104 | |         // save old context (callee-saved registers)\n105 | |         STR     ra, a0, 0\n...   |\n137 | |         options(noreturn),\n138 | |     )\n    | |_____^ consider using the `naked_asm!` macro instead\n\nFor more information about this error, try `rustc --explain E0787`.\n   Compiling regex-syntax v0.8.5\nerror: could not compile `taskctx` (lib) due to 1 previous error\nwarning: build failed, waiting for other jobs to finish...\n"]}},{"file":"(virtual) rapx","count":1,"kinds":{"Cargo":["// pkg_name=axlibc, checker=Rapx\n// toolchain=nightly-2024-05-02, target=riscv64gc-unknown-none-elf\n// pkg_dir=/home/runner/check/batch_1/Starry-OS/Starry-Old/ulib/axlibc\n// cmd=cargo +nightly-2024-10-12 rapx -F -M -- --target riscv64gc-unknown-none-elf\n// timestamp=2025-01-10 10:46:06.104539319 +08:00:00\n   Compiling serde v1.0.215\n   Compiling equivalent v1.0.1\n   Compiling hashbrown v0.15.2\n   Compiling toml_datetime v0.6.8\n   Compiling winnow v0.6.20\n   Compiling proc-macro2 v1.0.92\n   Compiling indexmap v2.7.0\n   Compiling unicode-ident v1.0.14\n    Checking log v0.4.21\n   Compiling quote v1.0.37\n   Compiling toml_edit v0.22.22\n   Compiling syn v2.0.90\n    Checking cfg-if v1.0.0\n   Compiling autocfg v1.4.0\n    Checking static_assertions v1.1.0\n   Compiling lock_api v0.4.12\n    Checking memory_addr v0.1.0 (https://github.com/Starry-OS/memory_addr.git#a5be547a)\n   Compiling taskctx v0.1.0 (https://github.com/Starry-OS/taskctx.git#3c3ad2fb)\n    Checking scopeguard v1.2.0\n    Checking numeric-enum-macro v0.2.0 (https://github.com/mexus/numeric-enum-macro#20aef288)\n   Compiling riscv v0.11.1\n    Checking spin v0.9.8\n    Checking critical-section v1.2.0\n    Checking tock-registers v0.8.1\n   Compiling percpu v0.1.0 (https://github.com/Starry-OS/percpu.git#85e6d8a7)\n    Checking aarch64-cpu v9.4.0\n    Checking lazy_static v1.5.0\n    Checking embedded-hal v1.0.0\n   Compiling glob v0.3.1\n    Checking sbi-spec v0.0.7\n    Checking bitflags v2.6.0\n    Checking fdt v0.1.5\n    Checking of v0.1.0 (https://github.com/Starry-OS/of.git#45a65508)\n    Checking sbi-rt v0.0.3\n   Compiling clang-sys v1.8.1\n    Checking page_table_entry v0.1.0 (https://github.com/Starry-OS/page_table_entry.git#8a871b43)\n   Compiling axconfig v0.1.0 (/home/runner/check/batch_1/Starry-OS/Starry-Old/modules/axconfig)\n   Compiling axconfig v0.1.0 (https://github.com/Starry-OS/axconfig.git#2a880338)\nerror[E0787]: the `asm!` macro is not allowed in naked functions\n   --> /home/runner/.cargo/git/checkouts/taskctx-38ebba1102c121c2/3c3ad2f/src/arch/riscv.rs:102:5\n    |\n102 | /     asm!(\n103 | |         \"\n104 | |         // save old context (callee-saved registers)\n105 | |         STR     ra, a0, 0\n...   |\n137 | |         options(noreturn),\n138 | |     )\n    | |_____^ consider using the `naked_asm!` macro instead\n\nFor more information about this error, try `rustc --explain E0787`.\nerror: could not compile `taskctx` (lib) due to 1 previous error\nwarning: build failed, waiting for other jobs to finish...\n02:46:13|RAP|ERROR|: Finished with non-zero exit code.\n"]}},{"file":"(virtual) semver-checks","count":1,"kinds":{"Cargo":["// pkg_name=axlibc, checker=SemverChecks\n// toolchain=nightly-2024-05-02, target=riscv64gc-unknown-none-elf\n// pkg_dir=/home/runner/check/batch_1/Starry-OS/Starry-Old/ulib/axlibc\n// cmd=cargo +nightly-2025-01-07-x86_64-unknown-linux-gnu semver-checks --target riscv64gc-unknown-none-elf\n// timestamp=2025-01-10 10:32:04.398914907 +08:00:00\n    Building axlibc v0.1.0 (current)\nerror: running cargo-doc on crate 'axlibc' failed with output:\n-----\n    Checking log v0.4.22\n   Compiling proc-macro2 v1.0.92\n   Compiling serde v1.0.217\n   Compiling indexmap v2.7.0\n   Compiling winnow v0.6.22\nerror[E0463]: can't find crate for `core`\n  |\n  = note: the `riscv64gc-unknown-none-elf` target may not be installed\n  = help: consider downloading the target with `rustup target add riscv64gc-unknown-none-elf`\n  = help: consider building the standard library from source with `cargo build -Zbuild-std`\n\nFor more information about this error, try `rustc --explain E0463`.\nerror: could not compile `log` (lib) due to 1 previous error\nwarning: build failed, waiting for other jobs to finish...\n\n-----\n\nerror: failed to build rustdoc for crate axlibc v0.1.0\nnote: this is usually due to a compilation error in the crate,\n      and is unlikely to be a bug in cargo-semver-checks\nnote: the following command can be used to reproduce the compilation error:\n      cargo new --lib example &&\n          cd example &&\n          echo '[workspace]' >> Cargo.toml &&\n          cargo add --path /home/runner/check/batch_1/Starry-OS/Starry-Old/ulib/axlibc --features alloc,default,epoll,fd,fp_simd,fs,irq,multitask,net,pipe,sched_cfs,sched_rr,select,smp,tls &&\n          cargo check\n\nerror: aborting due to failure to build rustdoc for crate axlibc v0.1.0\n"]}},{"file":"[outdated direct dependencies]","count":1,"kinds":{"Outdated":["pkg=axlibc, checker=Outdated\ntoolchain=nightly-2024-05-02, target=riscv64gc-unknown-none-elf\npkg_dir=/home/runner/check/batch_1/Starry-OS/Starry-Old/ulib/axlibc\ncmd=cargo +nightly-2025-01-07-x86_64-unknown-linux-gnu outdated -R --exit-code=2\ntimestamp=2025-01-10 11:34:29.648319379 +08:00:00\n\nName     Project  Compat  Latest  Kind   Platform\n----     -------  ------  ------  ----   --------\nbindgen  0.69.5   ---     0.71.1  Build  ---\n"]}},{"file":"[semver checks]","count":1,"kinds":{"Semver Violation":["pkg=axlibc, checker=SemverChecks\ntoolchain=nightly-2024-05-02, target=riscv64gc-unknown-none-elf\npkg_dir=/home/runner/check/batch_1/Starry-OS/Starry-Old/ulib/axlibc\ncmd=cargo +nightly-2025-01-07-x86_64-unknown-linux-gnu semver-checks --target riscv64gc-unknown-none-elf\ntimestamp=2025-01-10 10:32:13.490428616 +08:00:00\n\n\nstdout:\n\nstderr:\n    Building axlibc v0.1.0 (current)\nerror: running cargo-doc on crate 'axlibc' failed with output:\n-----\n    Checking log v0.4.22\n   Compiling proc-macro2 v1.0.92\n   Compiling serde v1.0.217\n   Compiling indexmap v2.7.0\n   Compiling winnow v0.6.22\nerror[E0463]: can't find crate for `core`\n  |\n  = note: the `riscv64gc-unknown-none-elf` target may not be installed\n  = help: consider downloading the target with `rustup target add riscv64gc-unknown-none-elf`\n  = help: consider building the standard library from source with `cargo build -Zbuild-std`\n\nFor more information about this error, try `rustc --explain E0463`.\nerror: could not compile `log` (lib) due to 1 previous error\nwarning: build failed, waiting for other jobs to finish...\n\n-----\n\nerror: failed to build rustdoc for crate axlibc v0.1.0\nnote: this is usually due to a compilation error in the crate,\n      and is unlikely to be a bug in cargo-semver-checks\nnote: the following command can be used to reproduce the compilation error:\n      cargo new --lib example &&\n          cd example &&\n          echo '[workspace]' >> Cargo.toml &&\n          cargo add --path /home/runner/check/batch_1/Starry-OS/Starry-Old/ulib/axlibc --features alloc,default,epoll,fd,fp_simd,fs,irq,multitask,net,pipe,sched_cfs,sched_rr,select,smp,tls &&\n          cargo check\n\nerror: aborting due to failure to build rustdoc for crate axlibc v0.1.0\n"]}},{"file":"modules/axtrap/src/arch/riscv/mod.rs","count":1,"kinds":{"Clippy(Warn)":["warning: unused variable: `stval`\n  --> modules/axtrap/src/arch/riscv/mod.rs:45:9\n   |\n45 |     let stval = riscv::register::stval::read();\n   |         ^^^^^ help: if this is intentional, prefix it with an underscore: `_stval`\n   |\n   = note: `#[warn(unused_variables)]` on by default\n\n"]}}]},{"user":"Starry-OS","repo":"Starry-Old","pkg":"axtrap","count":6,"raw_reports":[{"file":"(virtual) lockbud","count":1,"kinds":{"Cargo":["// pkg_name=axtrap, checker=Lockbud\n// toolchain=nightly-2024-05-02, target=riscv64gc-unknown-none-elf\n// pkg_dir=/home/runner/check/batch_1/Starry-OS/Starry-Old/modules/axtrap\n// cmd=cargo +nightly-2024-12-01 lockbud -k all -- --target riscv64gc-unknown-none-elf\n// timestamp=2025-01-10 10:39:42.382859387 +08:00:00\n[2025-01-10T02:38:35Z WARN  lockbud::callbacks] [\n      {\n        \"AtomicityViolation\": {\n          \"bug_kind\": \"AtomicityViolation\",\n          \"possibility\": \"Possibly\",\n          \"diagnosis\": {\n            \"fn_name\": \"set_logger_racy\",\n            \"atomic_reader\": \"/home/runner/.cargo/registry/src/index.crates.io-6f17d22bba15001f/log-0.4.21/src/lib.rs:1408:11: 1408:39 (#0)\",\n            \"atomic_writer\": \"/home/runner/.cargo/registry/src/index.crates.io-6f17d22bba15001f/log-0.4.21/src/lib.rs:1411:13: 1411:55 (#0)\",\n            \"dep_kind\": \"Control\"\n          },\n          \"explanation\": \"atomic::store is data/control dependent on atomic::load\"\n        }\n      }\n    ]\n[2025-01-10T02:38:35Z WARN  lockbud::callbacks] crate log contains bugs: { probably: 0, possibly: 0 }, conflictlock: { probably: 0, possibly: 0 }, condvar_deadlock: { probably: 0, possibly: 0 }, atomicity_violation: { possibly: 1 }, invalid_free: { possibly: 0 }, use_after_free: { possibly: 0 }\n   Compiling taskctx v0.1.0 (https://github.com/Starry-OS/taskctx.git#3c3ad2fb)\n   Compiling riscv v0.10.1\nerror[E0787]: the `asm!` macro is not allowed in naked functions\n   --> /home/runner/.cargo/git/checkouts/taskctx-38ebba1102c121c2/3c3ad2f/src/arch/riscv.rs:102:5\n    |\n102 | /     asm!(\n103 | |         \"\n104 | |         // save old context (callee-saved registers)\n105 | |         STR     ra, a0, 0\n...   |\n137 | |         options(noreturn),\n138 | |     )\n    | |_____^ consider using the `naked_asm!` macro instead\n\nFor more information about this error, try `rustc --explain E0787`.\nerror: could not compile `taskctx` (lib) due to 1 previous error\nwarning: build failed, waiting for other jobs to finish...\n"]}},{"file":"(virtual) rapx","count":1,"kinds":{"Cargo":["// pkg_name=axtrap, checker=Rapx\n// toolchain=nightly-2024-05-02, target=riscv64gc-unknown-none-elf\n// pkg_dir=/home/runner/check/batch_1/Starry-OS/Starry-Old/modules/axtrap\n// cmd=cargo +nightly-2024-10-12 rapx -F -M -- --target riscv64gc-unknown-none-elf\n// timestamp=2025-01-10 10:51:26.854288961 +08:00:00\n   Compiling hashbrown v0.15.2\n   Compiling serde v1.0.215\n   Compiling equivalent v1.0.1\n   Compiling toml_datetime v0.6.8\n   Compiling winnow v0.6.20\n   Compiling proc-macro2 v1.0.92\n   Compiling indexmap v2.7.0\n   Compiling unicode-ident v1.0.14\n   Compiling taskctx v0.1.0 (https://github.com/Starry-OS/taskctx.git#3c3ad2fb)\n   Compiling quote v1.0.37\n   Compiling toml_edit v0.22.22\n    Checking memory_addr v0.1.0 (https://github.com/Starry-OS/memory_addr.git#a5be547a)\n    Checking cfg-if v1.0.0\n   Compiling syn v2.0.90\n    Checking static_assertions v1.1.0\n    Checking numeric-enum-macro v0.2.0 (https://github.com/mexus/numeric-enum-macro#20aef288)\n    Checking log v0.4.21\n    Checking nb v1.1.0\n    Checking tock-registers v0.8.1\n    Checking spin v0.9.8\n   Compiling riscv v0.11.1\n   Compiling percpu v0.1.0 (https://github.com/Starry-OS/percpu.git#85e6d8a7)\n    Checking critical-section v1.2.0\n    Checking lazy_static v1.5.0\n    Checking aarch64-cpu v9.4.0\n    Checking nb v0.1.3\n    Checking bitflags v2.6.0\n    Checking fdt v0.1.5\n    Checking embedded-hal v1.0.0\n    Checking void v1.0.2\n    Checking sbi-spec v0.0.7\n   Compiling riscv v0.10.1\n    Checking sbi-rt v0.0.3\n    Checking embedded-hal v0.2.7\n    Checking of v0.1.0 (https://github.com/Starry-OS/of.git#45a65508)\n    Checking lazy_init v0.1.0 (https://github.com/Starry-OS/lazy_init.git#d0e87c05)\n    Checking ratio v0.1.0 (https://github.com/Starry-OS/ratio.git#0c8da4c3)\n    Checking page_table_entry v0.1.0 (https://github.com/Starry-OS/page_table_entry.git#8a871b43)\n    Checking handler_table v0.1.0 (https://github.com/Starry-OS/handler_table.git#d6495e7d)\n    Checking bit_field v0.10.2\n   Compiling axconfig v0.1.0 (https://github.com/Starry-OS/axconfig.git#2a880338)\n   Compiling axconfig v0.1.0 (/home/runner/check/batch_1/Starry-OS/Starry-Old/modules/axconfig)\nerror[E0787]: the `asm!` macro is not allowed in naked functions\n   --> /home/runner/.cargo/git/checkouts/taskctx-38ebba1102c121c2/3c3ad2f/src/arch/riscv.rs:102:5\n    |\n102 | /     asm!(\n103 | |         \"\n104 | |         // save old context (callee-saved registers)\n105 | |         STR     ra, a0, 0\n...   |\n137 | |         options(noreturn),\n138 | |     )\n    | |_____^ consider using the `naked_asm!` macro instead\n\nFor more information about this error, try `rustc --explain E0787`.\nerror: could not compile `taskctx` (lib) due to 1 previous error\nwarning: build failed, waiting for other jobs to finish...\n02:51:33|RAP|ERROR|: Finished with non-zero exit code.\n"]}},{"file":"(virtual) semver-checks","count":1,"kinds":{"Cargo":["// pkg_name=axtrap, checker=SemverChecks\n// toolchain=nightly-2024-05-02, target=riscv64gc-unknown-none-elf\n// pkg_dir=/home/runner/check/batch_1/Starry-OS/Starry-Old/modules/axtrap\n// cmd=cargo +nightly-2025-01-07-x86_64-unknown-linux-gnu semver-checks --target riscv64gc-unknown-none-elf\n// timestamp=2025-01-10 10:37:29.20426704 +08:00:00\n    Building axtrap v0.1.0 (current)\nerror: running cargo-doc on crate 'axtrap' failed with output:\n-----\n    Checking log v0.4.22\n   Compiling proc-macro2 v1.0.92\n   Compiling indexmap v2.7.0\n   Compiling serde v1.0.217\nerror[E0463]: can't find crate for `core`\n  |\n  = note: the `riscv64gc-unknown-none-elf` target may not be installed\n  = help: consider downloading the target with `rustup target add riscv64gc-unknown-none-elf`\n  = help: consider building the standard library from source with `cargo build -Zbuild-std`\n\nFor more information about this error, try `rustc --explain E0463`.\n   Compiling winnow v0.6.22\nerror: could not compile `log` (lib) due to 1 previous error\nwarning: build failed, waiting for other jobs to finish...\n\n-----\n\nerror: failed to build rustdoc for crate axtrap v0.1.0\nnote: this is usually due to a compilation error in the crate,\n      and is unlikely to be a bug in cargo-semver-checks\nnote: the following command can be used to reproduce the compilation error:\n      cargo new --lib example &&\n          cd example &&\n          echo '[workspace]' >> Cargo.toml &&\n          cargo add --path /home/runner/check/batch_1/Starry-OS/Starry-Old/modules/axtrap --features axtask,default,irq,monolithic,preempt &&\n          cargo check\n\nerror: aborting due to failure to build rustdoc for crate axtrap v0.1.0\n"]}},{"file":"[outdated direct dependencies]","count":1,"kinds":{"Outdated":["pkg=axtrap, checker=Outdated\ntoolchain=nightly-2024-05-02, target=riscv64gc-unknown-none-elf\npkg_dir=/home/runner/check/batch_1/Starry-OS/Starry-Old/modules/axtrap\ncmd=cargo +nightly-2025-01-07-x86_64-unknown-linux-gnu outdated -R --exit-code=2\ntimestamp=2025-01-10 12:02:43.981372282 +08:00:00\n\nName            Project  Compat  Latest  Kind    Platform\n----            -------  ------  ------  ----    --------\naarch64-cpu     9.4.0    ---     10.0.0  Normal  cfg(target_arch = \"aarch64\")\nlog             0.4.21   0.4.22  0.4.22  Normal  ---\nriscv           0.10.1   ---     0.12.1  Normal  cfg(any(target_arch = \"riscv32\", target_arch = \"riscv64\"))\ntock-registers  0.8.1    ---     0.9.0   Normal  cfg(target_arch = \"aarch64\")\nx86_64          0.15.1   0.15.2  0.15.2  Normal  cfg(target_arch = \"x86_64\")\n"]}},{"file":"[semver checks]","count":1,"kinds":{"Semver Violation":["pkg=axtrap, checker=SemverChecks\ntoolchain=nightly-2024-05-02, target=riscv64gc-unknown-none-elf\npkg_dir=/home/runner/check/batch_1/Starry-OS/Starry-Old/modules/axtrap\ncmd=cargo +nightly-2025-01-07-x86_64-unknown-linux-gnu semver-checks --target riscv64gc-unknown-none-elf\ntimestamp=2025-01-10 10:37:38.262172703 +08:00:00\n\n\nstdout:\n\nstderr:\n    Building axtrap v0.1.0 (current)\nerror: running cargo-doc on crate 'axtrap' failed with output:\n-----\n    Checking log v0.4.22\n   Compiling proc-macro2 v1.0.92\n   Compiling indexmap v2.7.0\n   Compiling serde v1.0.217\nerror[E0463]: can't find crate for `core`\n  |\n  = note: the `riscv64gc-unknown-none-elf` target may not be installed\n  = help: consider downloading the target with `rustup target add riscv64gc-unknown-none-elf`\n  = help: consider building the standard library from source with `cargo build -Zbuild-std`\n\nFor more information about this error, try `rustc --explain E0463`.\n   Compiling winnow v0.6.22\nerror: could not compile `log` (lib) due to 1 previous error\nwarning: build failed, waiting for other jobs to finish...\n\n-----\n\nerror: failed to build rustdoc for crate axtrap v0.1.0\nnote: this is usually due to a compilation error in the crate,\n      and is unlikely to be a bug in cargo-semver-checks\nnote: the following command can be used to reproduce the compilation error:\n      cargo new --lib example &&\n          cd example &&\n          echo '[workspace]' >> Cargo.toml &&\n          cargo add --path /home/runner/check/batch_1/Starry-OS/Starry-Old/modules/axtrap --features axtask,default,irq,monolithic,preempt &&\n          cargo check\n\nerror: aborting due to failure to build rustdoc for crate axtrap v0.1.0\n"]}},{"file":"modules/axtrap/src/arch/riscv/mod.rs","count":1,"kinds":{"Clippy(Warn)":["warning: unused variable: `stval`\n  --> modules/axtrap/src/arch/riscv/mod.rs:45:9\n   |\n45 |     let stval = riscv::register::stval::read();\n   |         ^^^^^ help: if this is intentional, prefix it with an underscore: `_stval`\n   |\n   = note: `#[warn(unused_variables)]` on by default\n\n"]}}]},{"user":"Starry-OS","repo":"Starry-Old","pkg":"arceos_posix_api","count":5,"raw_reports":[{"file":"(virtual) lockbud","count":1,"kinds":{"Cargo":["// pkg_name=arceos_posix_api, checker=Lockbud\n// toolchain=nightly-2024-05-02, target=riscv64gc-unknown-none-elf\n// pkg_dir=/home/runner/check/batch_1/Starry-OS/Starry-Old/api/arceos_posix_api\n// cmd=cargo +nightly-2024-12-01 lockbud -k all -- --target riscv64gc-unknown-none-elf\n// timestamp=2025-01-10 10:38:54.984940189 +08:00:00\n[2025-01-10T02:38:35Z WARN  lockbud::callbacks] [\n      {\n        \"AtomicityViolation\": {\n          \"bug_kind\": \"AtomicityViolation\",\n          \"possibility\": \"Possibly\",\n          \"diagnosis\": {\n            \"fn_name\": \"set_logger_racy\",\n            \"atomic_reader\": \"/home/runner/.cargo/registry/src/index.crates.io-6f17d22bba15001f/log-0.4.21/src/lib.rs:1408:11: 1408:39 (#0)\",\n            \"atomic_writer\": \"/home/runner/.cargo/registry/src/index.crates.io-6f17d22bba15001f/log-0.4.21/src/lib.rs:1411:13: 1411:55 (#0)\",\n            \"dep_kind\": \"Control\"\n          },\n          \"explanation\": \"atomic::store is data/control dependent on atomic::load\"\n        }\n      }\n    ]\n[2025-01-10T02:38:35Z WARN  lockbud::callbacks] crate log contains bugs: { probably: 0, possibly: 0 }, conflictlock: { probably: 0, possibly: 0 }, condvar_deadlock: { probably: 0, possibly: 0 }, atomicity_violation: { possibly: 1 }, invalid_free: { possibly: 0 }, use_after_free: { possibly: 0 }\n   Compiling taskctx v0.1.0 (https://github.com/Starry-OS/taskctx.git#3c3ad2fb)\n   Compiling spin v0.9.8\n   Compiling riscv v0.11.1\n   Compiling percpu v0.1.0 (https://github.com/Starry-OS/percpu.git#85e6d8a7)\n   Compiling aarch64-cpu v9.4.0\n   Compiling axconfig v0.1.0 (/home/runner/check/batch_1/Starry-OS/Starry-Old/modules/axconfig)\n   Compiling fdt v0.1.5\nerror[E0787]: the `asm!` macro is not allowed in naked functions\n   --> /home/runner/.cargo/git/checkouts/taskctx-38ebba1102c121c2/3c3ad2f/src/arch/riscv.rs:102:5\n    |\n102 | /     asm!(\n103 | |         \"\n104 | |         // save old context (callee-saved registers)\n105 | |         STR     ra, a0, 0\n...   |\n137 | |         options(noreturn),\n138 | |     )\n    | |_____^ consider using the `naked_asm!` macro instead\n\nFor more information about this error, try `rustc --explain E0787`.\nerror: could not compile `taskctx` (lib) due to 1 previous error\nwarning: build failed, waiting for other jobs to finish...\n"]}},{"file":"(virtual) rapx","count":1,"kinds":{"Cargo":["// pkg_name=arceos_posix_api, checker=Rapx\n// toolchain=nightly-2024-05-02, target=riscv64gc-unknown-none-elf\n// pkg_dir=/home/runner/check/batch_1/Starry-OS/Starry-Old/api/arceos_posix_api\n// cmd=cargo +nightly-2024-10-12 rapx -F -M -- --target riscv64gc-unknown-none-elf\n// timestamp=2025-01-10 10:41:30.762609702 +08:00:00\n   Compiling serde v1.0.215\n   Compiling hashbrown v0.15.2\n   Compiling equivalent v1.0.1\n   Compiling toml_datetime v0.6.8\n   Compiling winnow v0.6.20\n   Compiling proc-macro2 v1.0.92\n   Compiling indexmap v2.7.0\n   Compiling unicode-ident v1.0.14\n    Checking log v0.4.21\n   Compiling quote v1.0.37\n   Compiling syn v2.0.90\n   Compiling toml_edit v0.22.22\n   Compiling autocfg v1.4.0\n    Checking cfg-if v1.0.0\n   Compiling lock_api v0.4.12\n   Compiling taskctx v0.1.0 (https://github.com/Starry-OS/taskctx.git#3c3ad2fb)\n    Checking memory_addr v0.1.0 (https://github.com/Starry-OS/memory_addr.git#a5be547a)\n    Checking static_assertions v1.1.0\n    Checking numeric-enum-macro v0.2.0 (https://github.com/mexus/numeric-enum-macro#20aef288)\n    Checking scopeguard v1.2.0\n    Checking tock-registers v0.8.1\n   Compiling percpu v0.1.0 (https://github.com/Starry-OS/percpu.git#85e6d8a7)\n    Checking spin v0.9.8\n   Compiling riscv v0.11.1\n    Checking lazy_static v1.5.0\n    Checking aarch64-cpu v9.4.0\n    Checking sbi-spec v0.0.7\n    Checking fdt v0.1.5\n   Compiling glob v0.3.1\n    Checking critical-section v1.2.0\n    Checking bitflags v2.6.0\n    Checking embedded-hal v1.0.0\n   Compiling clang-sys v1.8.1\n   Compiling axconfig v0.1.0 (/home/runner/check/batch_1/Starry-OS/Starry-Old/modules/axconfig)\n   Compiling axconfig v0.1.0 (https://github.com/Starry-OS/axconfig.git#2a880338)\n    Checking page_table_entry v0.1.0 (https://github.com/Starry-OS/page_table_entry.git#8a871b43)\nerror[E0787]: the `asm!` macro is not allowed in naked functions\n   --> /home/runner/.cargo/git/checkouts/taskctx-38ebba1102c121c2/3c3ad2f/src/arch/riscv.rs:102:5\n    |\n102 | /     asm!(\n103 | |         \"\n104 | |         // save old context (callee-saved registers)\n105 | |         STR     ra, a0, 0\n...   |\n137 | |         options(noreturn),\n138 | |     )\n    | |_____^ consider using the `naked_asm!` macro instead\n\nFor more information about this error, try `rustc --explain E0787`.\nerror: could not compile `taskctx` (lib) due to 1 previous error\nwarning: build failed, waiting for other jobs to finish...\n02:41:38|RAP|ERROR|: Finished with non-zero exit code.\n"]}},{"file":"(virtual) semver-checks","count":1,"kinds":{"Cargo":["// pkg_name=arceos_posix_api, checker=SemverChecks\n// toolchain=nightly-2024-05-02, target=riscv64gc-unknown-none-elf\n// pkg_dir=/home/runner/check/batch_1/Starry-OS/Starry-Old/api/arceos_posix_api\n// cmd=cargo +nightly-2025-01-07-x86_64-unknown-linux-gnu semver-checks --target riscv64gc-unknown-none-elf\n// timestamp=2025-01-10 10:27:35.324768145 +08:00:00\n    Building arceos_posix_api v0.1.0 (current)\nerror: running cargo-doc on crate 'arceos_posix_api' failed with output:\n-----\n    Checking log v0.4.22\n   Compiling proc-macro2 v1.0.92\n   Compiling serde v1.0.217\n   Compiling toml_datetime v0.6.8\n   Compiling winnow v0.6.22\nerror[E0463]: can't find crate for `core`\n  |\n  = note: the `riscv64gc-unknown-none-elf` target may not be installed\n  = help: consider downloading the target with `rustup target add riscv64gc-unknown-none-elf`\n  = help: consider building the standard library from source with `cargo build -Zbuild-std`\n\nFor more information about this error, try `rustc --explain E0463`.\nerror: could not compile `log` (lib) due to 1 previous error\nwarning: build failed, waiting for other jobs to finish...\n\n-----\n\nerror: failed to build rustdoc for crate arceos_posix_api v0.1.0\nnote: this is usually due to a compilation error in the crate,\n      and is unlikely to be a bug in cargo-semver-checks\nnote: the following command can be used to reproduce the compilation error:\n      cargo new --lib example &&\n          cd example &&\n          echo '[workspace]' >> Cargo.toml &&\n          cargo add --path /home/runner/check/batch_1/Starry-OS/Starry-Old/api/arceos_posix_api --features alloc,axtask,default,epoll,fd,fs,irq,multitask,net,pipe,select,smp &&\n          cargo check\n\nerror: aborting due to failure to build rustdoc for crate arceos_posix_api v0.1.0\n"]}},{"file":"[outdated direct dependencies]","count":1,"kinds":{"Outdated":["pkg=arceos_posix_api, checker=Outdated\ntoolchain=nightly-2024-05-02, target=riscv64gc-unknown-none-elf\npkg_dir=/home/runner/check/batch_1/Starry-OS/Starry-Old/api/arceos_posix_api\ncmd=cargo +nightly-2025-01-07-x86_64-unknown-linux-gnu outdated -R --exit-code=2\ntimestamp=2025-01-10 11:08:53.397241626 +08:00:00\n\nName     Project  Compat  Latest  Kind   Platform\n----     -------  ------  ------  ----   --------\nbindgen  0.69.5   ---     0.71.1  Build  ---\n"]}},{"file":"[semver checks]","count":1,"kinds":{"Semver Violation":["pkg=arceos_posix_api, checker=SemverChecks\ntoolchain=nightly-2024-05-02, target=riscv64gc-unknown-none-elf\npkg_dir=/home/runner/check/batch_1/Starry-OS/Starry-Old/api/arceos_posix_api\ncmd=cargo +nightly-2025-01-07-x86_64-unknown-linux-gnu semver-checks --target riscv64gc-unknown-none-elf\ntimestamp=2025-01-10 10:27:45.0070035 +08:00:00\n\n\nstdout:\n\nstderr:\n    Building arceos_posix_api v0.1.0 (current)\nerror: running cargo-doc on crate 'arceos_posix_api' failed with output:\n-----\n    Checking log v0.4.22\n   Compiling proc-macro2 v1.0.92\n   Compiling serde v1.0.217\n   Compiling toml_datetime v0.6.8\n   Compiling winnow v0.6.22\nerror[E0463]: can't find crate for `core`\n  |\n  = note: the `riscv64gc-unknown-none-elf` target may not be installed\n  = help: consider downloading the target with `rustup target add riscv64gc-unknown-none-elf`\n  = help: consider building the standard library from source with `cargo build -Zbuild-std`\n\nFor more information about this error, try `rustc --explain E0463`.\nerror: could not compile `log` (lib) due to 1 previous error\nwarning: build failed, waiting for other jobs to finish...\n\n-----\n\nerror: failed to build rustdoc for crate arceos_posix_api v0.1.0\nnote: this is usually due to a compilation error in the crate,\n      and is unlikely to be a bug in cargo-semver-checks\nnote: the following command can be used to reproduce the compilation error:\n      cargo new --lib example &&\n          cd example &&\n          echo '[workspace]' >> Cargo.toml &&\n          cargo add --path /home/runner/check/batch_1/Starry-OS/Starry-Old/api/arceos_posix_api --features alloc,axtask,default,epoll,fd,fs,irq,multitask,net,pipe,select,smp &&\n          cargo check\n\nerror: aborting due to failure to build rustdoc for crate arceos_posix_api v0.1.0\n"]}}]},{"user":"Starry-OS","repo":"Starry-Old","pkg":"axalloc","count":5,"raw_reports":[{"file":"(virtual) lockbud","count":1,"kinds":{"Cargo":["// pkg_name=axalloc, checker=Lockbud\n// toolchain=nightly-2024-05-02, target=riscv64gc-unknown-none-elf\n// pkg_dir=/home/runner/check/batch_1/Starry-OS/Starry-Old/modules/axalloc\n// cmd=cargo +nightly-2024-12-01 lockbud -k all -- --target riscv64gc-unknown-none-elf\n// timestamp=2025-01-10 10:39:00.687606995 +08:00:00\n[2025-01-10T02:38:35Z WARN  lockbud::callbacks] [\n      {\n        \"AtomicityViolation\": {\n          \"bug_kind\": \"AtomicityViolation\",\n          \"possibility\": \"Possibly\",\n          \"diagnosis\": {\n            \"fn_name\": \"set_logger_racy\",\n            \"atomic_reader\": \"/home/runner/.cargo/registry/src/index.crates.io-6f17d22bba15001f/log-0.4.21/src/lib.rs:1408:11: 1408:39 (#0)\",\n            \"atomic_writer\": \"/home/runner/.cargo/registry/src/index.crates.io-6f17d22bba15001f/log-0.4.21/src/lib.rs:1411:13: 1411:55 (#0)\",\n            \"dep_kind\": \"Control\"\n          },\n          \"explanation\": \"atomic::store is data/control dependent on atomic::load\"\n        }\n      }\n    ]\n[2025-01-10T02:38:35Z WARN  lockbud::callbacks] crate log contains bugs: { probably: 0, possibly: 0 }, conflictlock: { probably: 0, possibly: 0 }, condvar_deadlock: { probably: 0, possibly: 0 }, atomicity_violation: { possibly: 1 }, invalid_free: { possibly: 0 }, use_after_free: { possibly: 0 }\n   Compiling taskctx v0.1.0 (https://github.com/Starry-OS/taskctx.git#3c3ad2fb)\n   Compiling const-default v1.0.0\n   Compiling bitmap-allocator v0.1.0 (https://github.com/rcore-os/bitmap-allocator.git?rev=88e871a#88e871a5)\n   Compiling axerrno v0.1.0 (https://github.com/Starry-OS/axerrno.git#3e2372cd)\nerror[E0787]: the `asm!` macro is not allowed in naked functions\n   --> /home/runner/.cargo/git/checkouts/taskctx-38ebba1102c121c2/3c3ad2f/src/arch/riscv.rs:102:5\n    |\n102 | /     asm!(\n103 | |         \"\n104 | |         // save old context (callee-saved registers)\n105 | |         STR     ra, a0, 0\n...   |\n137 | |         options(noreturn),\n138 | |     )\n    | |_____^ consider using the `naked_asm!` macro instead\n\n   Compiling rlsf v0.2.1\nFor more information about this error, try `rustc --explain E0787`.\nerror: could not compile `taskctx` (lib) due to 1 previous error\nwarning: build failed, waiting for other jobs to finish...\n"]}},{"file":"(virtual) rapx","count":1,"kinds":{"Cargo":["// pkg_name=axalloc, checker=Rapx\n// toolchain=nightly-2024-05-02, target=riscv64gc-unknown-none-elf\n// pkg_dir=/home/runner/check/batch_1/Starry-OS/Starry-Old/modules/axalloc\n// cmd=cargo +nightly-2024-10-12 rapx -F -M -- --target riscv64gc-unknown-none-elf\n// timestamp=2025-01-10 10:42:27.13757923 +08:00:00\n   Compiling serde v1.0.215\n   Compiling hashbrown v0.15.2\n   Compiling equivalent v1.0.1\n   Compiling toml_datetime v0.6.8\n   Compiling proc-macro2 v1.0.92\n   Compiling winnow v0.6.20\n   Compiling indexmap v2.7.0\n   Compiling unicode-ident v1.0.14\n    Checking cfg-if v1.0.0\n   Compiling syn v1.0.109\n   Compiling quote v1.0.37\n   Compiling taskctx v0.1.0 (https://github.com/Starry-OS/taskctx.git#3c3ad2fb)\n   Compiling toml_edit v0.22.22\n    Checking log v0.4.21\n   Compiling unicode-width v0.1.14\n    Checking numeric-enum-macro v0.2.0 (https://github.com/mexus/numeric-enum-macro#20aef288)\n    Checking static_assertions v1.1.0\n    Checking memory_addr v0.1.0 (https://github.com/Starry-OS/memory_addr.git#a5be547a)\n   Compiling base64 v0.13.1\n    Checking const-default v1.0.0\n   Compiling axerrno v0.1.0 (https://github.com/Starry-OS/axerrno.git#3e2372cd)\n    Checking bit_field v0.10.2\n    Checking bitmap-allocator v0.1.0 (https://github.com/rcore-os/bitmap-allocator.git?rev=88e871a#88e871a5)\n   Compiling svgbobdoc v0.3.0\n   Compiling axconfig v0.1.0 (https://github.com/Starry-OS/axconfig.git#2a880338)\n    Checking rlsf v0.2.1\n    Checking allocator v0.1.0 (https://github.com/Starry-OS/allocator.git#7c9f5b83)\nerror[E0787]: the `asm!` macro is not allowed in naked functions\n   --> /home/runner/.cargo/git/checkouts/taskctx-38ebba1102c121c2/3c3ad2f/src/arch/riscv.rs:102:5\n    |\n102 | /     asm!(\n103 | |         \"\n104 | |         // save old context (callee-saved registers)\n105 | |         STR     ra, a0, 0\n...   |\n137 | |         options(noreturn),\n138 | |     )\n    | |_____^ consider using the `naked_asm!` macro instead\n\nFor more information about this error, try `rustc --explain E0787`.\nerror: could not compile `taskctx` (lib) due to 1 previous error\n02:42:32|RAP|ERROR|: Finished with non-zero exit code.\n"]}},{"file":"(virtual) semver-checks","count":1,"kinds":{"Cargo":["// pkg_name=axalloc, checker=SemverChecks\n// toolchain=nightly-2024-05-02, target=riscv64gc-unknown-none-elf\n// pkg_dir=/home/runner/check/batch_1/Starry-OS/Starry-Old/modules/axalloc\n// cmd=cargo +nightly-2025-01-07-x86_64-unknown-linux-gnu semver-checks --target riscv64gc-unknown-none-elf\n// timestamp=2025-01-10 10:28:39.767204947 +08:00:00\n    Building axalloc v0.1.0 (current)\nerror: running cargo-doc on crate 'axalloc' failed with output:\n-----\n   Compiling axconfig v0.1.0 (https://github.com/Starry-OS/axconfig.git#2a880338)\n    Checking cfg-if v1.0.0\n    Checking log v0.4.22\n   Compiling taskctx v0.1.0 (https://github.com/Starry-OS/taskctx.git#bee485a8)\nerror[E0463]: can't find crate for `core`\n  |\n  = note: the `riscv64gc-unknown-none-elf` target may not be installed\n  = help: consider downloading the target with `rustup target add riscv64gc-unknown-none-elf`\n  = help: consider building the standard library from source with `cargo build -Zbuild-std`\n\nFor more information about this error, try `rustc --explain E0463`.\nerror: could not compile `cfg-if` (lib) due to 1 previous error\nwarning: build failed, waiting for other jobs to finish...\nerror: could not compile `log` (lib) due to 1 previous error\n\n-----\n\nerror: failed to build rustdoc for crate axalloc v0.1.0\nnote: this is usually due to a compilation error in the crate,\n      and is unlikely to be a bug in cargo-semver-checks\nnote: the following command can be used to reproduce the compilation error:\n      cargo new --lib example &&\n          cd example &&\n          echo '[workspace]' >> Cargo.toml &&\n          cargo add --path /home/runner/check/batch_1/Starry-OS/Starry-Old/modules/axalloc --features buddy,default,slab,tlsf &&\n          cargo check\n\nerror: aborting due to failure to build rustdoc for crate axalloc v0.1.0\n"]}},{"file":"[outdated direct dependencies]","count":1,"kinds":{"Outdated":["pkg=axalloc, checker=Outdated\ntoolchain=nightly-2024-05-02, target=riscv64gc-unknown-none-elf\npkg_dir=/home/runner/check/batch_1/Starry-OS/Starry-Old/modules/axalloc\ncmd=cargo +nightly-2025-01-07-x86_64-unknown-linux-gnu outdated -R --exit-code=2\ntimestamp=2025-01-10 11:14:02.828900732 +08:00:00\n\nName  Project  Compat  Latest  Kind    Platform\n----  -------  ------  ------  ----    --------\nlog   0.4.21   0.4.22  0.4.22  Normal  ---\n"]}},{"file":"[semver checks]","count":1,"kinds":{"Semver Violation":["pkg=axalloc, checker=SemverChecks\ntoolchain=nightly-2024-05-02, target=riscv64gc-unknown-none-elf\npkg_dir=/home/runner/check/batch_1/Starry-OS/Starry-Old/modules/axalloc\ncmd=cargo +nightly-2025-01-07-x86_64-unknown-linux-gnu semver-checks --target riscv64gc-unknown-none-elf\ntimestamp=2025-01-10 10:28:42.178801084 +08:00:00\n\n\nstdout:\n\nstderr:\n    Building axalloc v0.1.0 (current)\nerror: running cargo-doc on crate 'axalloc' failed with output:\n-----\n   Compiling axconfig v0.1.0 (https://github.com/Starry-OS/axconfig.git#2a880338)\n    Checking cfg-if v1.0.0\n    Checking log v0.4.22\n   Compiling taskctx v0.1.0 (https://github.com/Starry-OS/taskctx.git#bee485a8)\nerror[E0463]: can't find crate for `core`\n  |\n  = note: the `riscv64gc-unknown-none-elf` target may not be installed\n  = help: consider downloading the target with `rustup target add riscv64gc-unknown-none-elf`\n  = help: consider building the standard library from source with `cargo build -Zbuild-std`\n\nFor more information about this error, try `rustc --explain E0463`.\nerror: could not compile `cfg-if` (lib) due to 1 previous error\nwarning: build failed, waiting for other jobs to finish...\nerror: could not compile `log` (lib) due to 1 previous error\n\n-----\n\nerror: failed to build rustdoc for crate axalloc v0.1.0\nnote: this is usually due to a compilation error in the crate,\n      and is unlikely to be a bug in cargo-semver-checks\nnote: the following command can be used to reproduce the compilation error:\n      cargo new --lib example &&\n          cd example &&\n          echo '[workspace]' >> Cargo.toml &&\n          cargo add --path /home/runner/check/batch_1/Starry-OS/Starry-Old/modules/axalloc --features buddy,default,slab,tlsf &&\n          cargo check\n\nerror: aborting due to failure to build rustdoc for crate axalloc v0.1.0\n"]}}]},{"user":"Starry-OS","repo":"Starry-Old","pkg":"axdisplay","count":5,"raw_reports":[{"file":"(virtual) lockbud","count":1,"kinds":{"Cargo":["// pkg_name=axdisplay, checker=Lockbud\n// toolchain=nightly-2024-05-02, target=riscv64gc-unknown-none-elf\n// pkg_dir=/home/runner/check/batch_1/Starry-OS/Starry-Old/modules/axdisplay\n// cmd=cargo +nightly-2024-12-01 lockbud -k all -- --target riscv64gc-unknown-none-elf\n// timestamp=2025-01-10 10:39:02.588064055 +08:00:00\n[2025-01-10T02:38:35Z WARN  lockbud::callbacks] [\n      {\n        \"AtomicityViolation\": {\n          \"bug_kind\": \"AtomicityViolation\",\n          \"possibility\": \"Possibly\",\n          \"diagnosis\": {\n            \"fn_name\": \"set_logger_racy\",\n            \"atomic_reader\": \"/home/runner/.cargo/registry/src/index.crates.io-6f17d22bba15001f/log-0.4.21/src/lib.rs:1408:11: 1408:39 (#0)\",\n            \"atomic_writer\": \"/home/runner/.cargo/registry/src/index.crates.io-6f17d22bba15001f/log-0.4.21/src/lib.rs:1411:13: 1411:55 (#0)\",\n            \"dep_kind\": \"Control\"\n          },\n          \"explanation\": \"atomic::store is data/control dependent on atomic::load\"\n        }\n      }\n    ]\n[2025-01-10T02:38:35Z WARN  lockbud::callbacks] crate log contains bugs: { probably: 0, possibly: 0 }, conflictlock: { probably: 0, possibly: 0 }, condvar_deadlock: { probably: 0, possibly: 0 }, atomicity_violation: { possibly: 1 }, invalid_free: { possibly: 0 }, use_after_free: { possibly: 0 }\n   Compiling taskctx v0.1.0 (https://github.com/Starry-OS/taskctx.git#3c3ad2fb)\n   Compiling riscv v0.11.1\n   Compiling sbi-rt v0.0.3\n   Compiling percpu v0.1.0 (https://github.com/Starry-OS/percpu.git#85e6d8a7)\nerror[E0787]: the `asm!` macro is not allowed in naked functions\n   --> /home/runner/.cargo/git/checkouts/taskctx-38ebba1102c121c2/3c3ad2f/src/arch/riscv.rs:102:5\n    |\n102 | /     asm!(\n103 | |         \"\n104 | |         // save old context (callee-saved registers)\n105 | |         STR     ra, a0, 0\n...   |\n137 | |         options(noreturn),\n138 | |     )\n    | |_____^ consider using the `naked_asm!` macro instead\n\nFor more information about this error, try `rustc --explain E0787`.\n   Compiling page_table_entry v0.1.0 (https://github.com/Starry-OS/page_table_entry.git#8a871b43)\nerror: could not compile `taskctx` (lib) due to 1 previous error\nwarning: build failed, waiting for other jobs to finish...\n"]}},{"file":"(virtual) rapx","count":1,"kinds":{"Cargo":["// pkg_name=axdisplay, checker=Rapx\n// toolchain=nightly-2024-05-02, target=riscv64gc-unknown-none-elf\n// pkg_dir=/home/runner/check/batch_1/Starry-OS/Starry-Old/modules/axdisplay\n// cmd=cargo +nightly-2024-10-12 rapx -F -M -- --target riscv64gc-unknown-none-elf\n// timestamp=2025-01-10 10:43:08.607469963 +08:00:00\n   Compiling hashbrown v0.15.2\n   Compiling serde v1.0.215\n   Compiling equivalent v1.0.1\n   Compiling winnow v0.6.20\n   Compiling toml_datetime v0.6.8\n   Compiling proc-macro2 v1.0.92\n   Compiling indexmap v2.7.0\n   Compiling unicode-ident v1.0.14\n    Checking log v0.4.21\n    Checking cfg-if v1.0.0\n   Compiling quote v1.0.37\n   Compiling toml_edit v0.22.22\n   Compiling syn v2.0.90\n   Compiling taskctx v0.1.0 (https://github.com/Starry-OS/taskctx.git#3c3ad2fb)\n    Checking memory_addr v0.1.0 (https://github.com/Starry-OS/memory_addr.git#a5be547a)\n    Checking numeric-enum-macro v0.2.0 (https://github.com/mexus/numeric-enum-macro#20aef288)\n    Checking static_assertions v1.1.0\n    Checking bitflags v2.6.0\n   Compiling percpu v0.1.0 (https://github.com/Starry-OS/percpu.git#85e6d8a7)\n   Compiling riscv v0.11.1\n    Checking spin v0.9.8\n    Checking tock-registers v0.8.1\n    Checking lazy_static v1.5.0\n    Checking aarch64-cpu v9.4.0\n    Checking sbi-spec v0.0.7\n    Checking fdt v0.1.5\n    Checking critical-section v1.2.0\n    Checking embedded-hal v1.0.0\n    Checking of v0.1.0 (https://github.com/Starry-OS/of.git#45a65508)\n    Checking sbi-rt v0.0.3\n    Checking handler_table v0.1.0 (https://github.com/Starry-OS/handler_table.git#d6495e7d)\n    Checking ratio v0.1.0 (https://github.com/Starry-OS/ratio.git#0c8da4c3)\n    Checking lazy_init v0.1.0 (https://github.com/Starry-OS/lazy_init.git#d0e87c05)\n    Checking byteorder v1.5.0\n    Checking axbacktrace v0.1.0 (https://github.com/kern-crates/axbacktrace.git#c0371ca8)\n    Checking linked_list v0.1.0 (https://github.com/Starry-OS/linked_list.git#283dddc4)\n    Checking page_table_entry v0.1.0 (https://github.com/Starry-OS/page_table_entry.git#8a871b43)\n    Checking driver_common v0.1.0 (https://github.com/Starry-OS/driver_common.git#6f1d6712)\n   Compiling axdriver v0.1.0 (/home/runner/check/batch_1/Starry-OS/Starry-Old/modules/axdriver)\n    Checking driver_display v0.1.0 (https://github.com/Starry-OS/driver_display.git#61125d7b)\n   Compiling axconfig v0.1.0 (/home/runner/check/batch_1/Starry-OS/Starry-Old/modules/axconfig)\n   Compiling axconfig v0.1.0 (https://github.com/Starry-OS/axconfig.git#2a880338)\n   Compiling percpu_macros v0.1.0 (https://github.com/Starry-OS/percpu_macros.git#b785b814)\nerror[E0787]: the `asm!` macro is not allowed in naked functions\n   --> /home/runner/.cargo/git/checkouts/taskctx-38ebba1102c121c2/3c3ad2f/src/arch/riscv.rs:102:5\n    |\n102 | /     asm!(\n103 | |         \"\n104 | |         // save old context (callee-saved registers)\n105 | |         STR     ra, a0, 0\n...   |\n137 | |         options(noreturn),\n138 | |     )\n    | |_____^ consider using the `naked_asm!` macro instead\n\nFor more information about this error, try `rustc --explain E0787`.\nerror: could not compile `taskctx` (lib) due to 1 previous error\nwarning: build failed, waiting for other jobs to finish...\n02:43:15|RAP|ERROR|: Finished with non-zero exit code.\n"]}},{"file":"(virtual) semver-checks","count":1,"kinds":{"Cargo":["// pkg_name=axdisplay, checker=SemverChecks\n// toolchain=nightly-2024-05-02, target=riscv64gc-unknown-none-elf\n// pkg_dir=/home/runner/check/batch_1/Starry-OS/Starry-Old/modules/axdisplay\n// cmd=cargo +nightly-2025-01-07-x86_64-unknown-linux-gnu semver-checks --target riscv64gc-unknown-none-elf\n// timestamp=2025-01-10 10:29:04.689102434 +08:00:00\n    Building axdisplay v0.1.0 (current)\nerror: running cargo-doc on crate 'axdisplay' failed with output:\n-----\n    Checking log v0.4.22\n    Checking cfg-if v1.0.0\n   Compiling axconfig v0.1.0 (https://github.com/Starry-OS/axconfig.git#2a880338)\n   Compiling axconfig v0.1.0 (/home/runner/check/batch_1/Starry-OS/Starry-Old/modules/axconfig)\nerror[E0463]: can't find crate for `core`\n  |\n  = note: the `riscv64gc-unknown-none-elf` target may not be installed\n  = help: consider downloading the target with `rustup target add riscv64gc-unknown-none-elf`\n  = help: consider building the standard library from source with `cargo build -Zbuild-std`\n\nFor more information about this error, try `rustc --explain E0463`.\nerror: could not compile `cfg-if` (lib) due to 1 previous error\nwarning: build failed, waiting for other jobs to finish...\nerror: could not compile `log` (lib) due to 1 previous error\n\n-----\n\nerror: failed to build rustdoc for crate axdisplay v0.1.0\nnote: this is usually due to a compilation error in the crate,\n      and is unlikely to be a bug in cargo-semver-checks\nnote: the following command can be used to reproduce the compilation error:\n      cargo new --lib example &&\n          cd example &&\n          echo '[workspace]' >> Cargo.toml &&\n          cargo add --path /home/runner/check/batch_1/Starry-OS/Starry-Old/modules/axdisplay &&\n          cargo check\n\nerror: aborting due to failure to build rustdoc for crate axdisplay v0.1.0\n"]}},{"file":"[outdated direct dependencies]","count":1,"kinds":{"Outdated":["pkg=axdisplay, checker=Outdated\ntoolchain=nightly-2024-05-02, target=riscv64gc-unknown-none-elf\npkg_dir=/home/runner/check/batch_1/Starry-OS/Starry-Old/modules/axdisplay\ncmd=cargo +nightly-2025-01-07-x86_64-unknown-linux-gnu outdated -R --exit-code=2\ntimestamp=2025-01-10 11:19:09.280298484 +08:00:00\n\nName  Project  Compat  Latest  Kind    Platform\n----  -------  ------  ------  ----    --------\nlog   0.4.21   0.4.22  0.4.22  Normal  ---\n"]}},{"file":"[semver checks]","count":1,"kinds":{"Semver Violation":["pkg=axdisplay, checker=SemverChecks\ntoolchain=nightly-2024-05-02, target=riscv64gc-unknown-none-elf\npkg_dir=/home/runner/check/batch_1/Starry-OS/Starry-Old/modules/axdisplay\ncmd=cargo +nightly-2025-01-07-x86_64-unknown-linux-gnu semver-checks --target riscv64gc-unknown-none-elf\ntimestamp=2025-01-10 10:29:09.903399025 +08:00:00\n\n\nstdout:\n\nstderr:\n    Building axdisplay v0.1.0 (current)\nerror: running cargo-doc on crate 'axdisplay' failed with output:\n-----\n    Checking log v0.4.22\n    Checking cfg-if v1.0.0\n   Compiling axconfig v0.1.0 (https://github.com/Starry-OS/axconfig.git#2a880338)\n   Compiling axconfig v0.1.0 (/home/runner/check/batch_1/Starry-OS/Starry-Old/modules/axconfig)\nerror[E0463]: can't find crate for `core`\n  |\n  = note: the `riscv64gc-unknown-none-elf` target may not be installed\n  = help: consider downloading the target with `rustup target add riscv64gc-unknown-none-elf`\n  = help: consider building the standard library from source with `cargo build -Zbuild-std`\n\nFor more information about this error, try `rustc --explain E0463`.\nerror: could not compile `cfg-if` (lib) due to 1 previous error\nwarning: build failed, waiting for other jobs to finish...\nerror: could not compile `log` (lib) due to 1 previous error\n\n-----\n\nerror: failed to build rustdoc for crate axdisplay v0.1.0\nnote: this is usually due to a compilation error in the crate,\n      and is unlikely to be a bug in cargo-semver-checks\nnote: the following command can be used to reproduce the compilation error:\n      cargo new --lib example &&\n          cd example &&\n          echo '[workspace]' >> Cargo.toml &&\n          cargo add --path /home/runner/check/batch_1/Starry-OS/Starry-Old/modules/axdisplay &&\n          cargo check\n\nerror: aborting due to failure to build rustdoc for crate axdisplay v0.1.0\n"]}}]},{"user":"Starry-OS","repo":"Starry-Old","pkg":"axdriver","count":5,"raw_reports":[{"file":"(virtual) lockbud","count":1,"kinds":{"Cargo":["// pkg_name=axdriver, checker=Lockbud\n// toolchain=nightly-2024-05-02, target=riscv64gc-unknown-none-elf\n// pkg_dir=/home/runner/check/batch_1/Starry-OS/Starry-Old/modules/axdriver\n// cmd=cargo +nightly-2024-12-01 lockbud -k all -- --target riscv64gc-unknown-none-elf\n// timestamp=2025-01-10 10:39:05.753309736 +08:00:00\n[2025-01-10T02:38:35Z WARN  lockbud::callbacks] [\n      {\n        \"AtomicityViolation\": {\n          \"bug_kind\": \"AtomicityViolation\",\n          \"possibility\": \"Possibly\",\n          \"diagnosis\": {\n            \"fn_name\": \"set_logger_racy\",\n            \"atomic_reader\": \"/home/runner/.cargo/registry/src/index.crates.io-6f17d22bba15001f/log-0.4.21/src/lib.rs:1408:11: 1408:39 (#0)\",\n            \"atomic_writer\": \"/home/runner/.cargo/registry/src/index.crates.io-6f17d22bba15001f/log-0.4.21/src/lib.rs:1411:13: 1411:55 (#0)\",\n            \"dep_kind\": \"Control\"\n          },\n          \"explanation\": \"atomic::store is data/control dependent on atomic::load\"\n        }\n      }\n    ]\n[2025-01-10T02:38:35Z WARN  lockbud::callbacks] crate log contains bugs: { probably: 0, possibly: 0 }, conflictlock: { probably: 0, possibly: 0 }, condvar_deadlock: { probably: 0, possibly: 0 }, atomicity_violation: { possibly: 1 }, invalid_free: { possibly: 0 }, use_after_free: { possibly: 0 }\n   Compiling taskctx v0.1.0 (https://github.com/Starry-OS/taskctx.git#3c3ad2fb)\n   Compiling byteorder v1.5.0\n   Compiling axhal v0.1.0 (/home/runner/check/batch_1/Starry-OS/Starry-Old/modules/axhal)\n   Compiling ratio v0.1.0 (https://github.com/Starry-OS/ratio.git#0c8da4c3)\n   Compiling lazy_init v0.1.0 (https://github.com/Starry-OS/lazy_init.git#d0e87c05)\nerror[E0787]: the `asm!` macro is not allowed in naked functions\n   --> /home/runner/.cargo/git/checkouts/taskctx-38ebba1102c121c2/3c3ad2f/src/arch/riscv.rs:102:5\n    |\n102 | /     asm!(\n103 | |         \"\n104 | |         // save old context (callee-saved registers)\n105 | |         STR     ra, a0, 0\n...   |\n137 | |         options(noreturn),\n138 | |     )\n    | |_____^ consider using the `naked_asm!` macro instead\n\n   Compiling handler_table v0.1.0 (https://github.com/Starry-OS/handler_table.git#d6495e7d)\nFor more information about this error, try `rustc --explain E0787`.\nerror: could not compile `taskctx` (lib) due to 1 previous error\nwarning: build failed, waiting for other jobs to finish...\n"]}},{"file":"(virtual) rapx","count":1,"kinds":{"Cargo":["// pkg_name=axdriver, checker=Rapx\n// toolchain=nightly-2024-05-02, target=riscv64gc-unknown-none-elf\n// pkg_dir=/home/runner/check/batch_1/Starry-OS/Starry-Old/modules/axdriver\n// cmd=cargo +nightly-2024-10-12 rapx -F -M -- --target riscv64gc-unknown-none-elf\n// timestamp=2025-01-10 10:43:38.219380759 +08:00:00\n   Compiling equivalent v1.0.1\n   Compiling serde v1.0.215\n   Compiling hashbrown v0.15.2\n   Compiling winnow v0.6.20\n   Compiling toml_datetime v0.6.8\n   Compiling proc-macro2 v1.0.92\n   Compiling indexmap v2.7.0\n   Compiling unicode-ident v1.0.14\n    Checking log v0.4.21\n    Checking cfg-if v1.0.0\n   Compiling quote v1.0.37\n   Compiling toml_edit v0.22.22\n   Compiling syn v2.0.90\n    Checking memory_addr v0.1.0 (https://github.com/Starry-OS/memory_addr.git#a5be547a)\n   Compiling taskctx v0.1.0 (https://github.com/Starry-OS/taskctx.git#3c3ad2fb)\n    Checking static_assertions v1.1.0\n    Checking numeric-enum-macro v0.2.0 (https://github.com/mexus/numeric-enum-macro#20aef288)\n    Checking bitflags v2.6.0\n   Compiling percpu v0.1.0 (https://github.com/Starry-OS/percpu.git#85e6d8a7)\n    Checking tock-registers v0.8.1\n    Checking byteorder v1.5.0\n    Checking spin v0.9.8\n   Compiling riscv v0.11.1\n    Checking lazy_static v1.5.0\n    Checking aarch64-cpu v9.4.0\n    Checking fdt v0.1.5\n    Checking embedded-hal v1.0.0\n    Checking critical-section v1.2.0\n    Checking sbi-spec v0.0.7\n    Checking sbi-rt v0.0.3\n    Checking of v0.1.0 (https://github.com/Starry-OS/of.git#45a65508)\n    Checking ratio v0.1.0 (https://github.com/Starry-OS/ratio.git#0c8da4c3)\n   Compiling axdriver v0.1.0 (/home/runner/check/batch_1/Starry-OS/Starry-Old/modules/axdriver)\n    Checking lazy_init v0.1.0 (https://github.com/Starry-OS/lazy_init.git#d0e87c05)\n    Checking handler_table v0.1.0 (https://github.com/Starry-OS/handler_table.git#d6495e7d)\n    Checking driver_common v0.1.0 (https://github.com/Starry-OS/driver_common.git#6f1d6712)\n    Checking page_table_entry v0.1.0 (https://github.com/Starry-OS/page_table_entry.git#8a871b43)\n   Compiling axconfig v0.1.0 (/home/runner/check/batch_1/Starry-OS/Starry-Old/modules/axconfig)\n   Compiling axconfig v0.1.0 (https://github.com/Starry-OS/axconfig.git#2a880338)\n   Compiling zerocopy-derive v0.7.35\nerror[E0787]: the `asm!` macro is not allowed in naked functions\n   --> /home/runner/.cargo/git/checkouts/taskctx-38ebba1102c121c2/3c3ad2f/src/arch/riscv.rs:102:5\n    |\n102 | /     asm!(\n103 | |         \"\n104 | |         // save old context (callee-saved registers)\n105 | |         STR     ra, a0, 0\n...   |\n137 | |         options(noreturn),\n138 | |     )\n    | |_____^ consider using the `naked_asm!` macro instead\n\nFor more information about this error, try `rustc --explain E0787`.\nerror: could not compile `taskctx` (lib) due to 1 previous error\nwarning: build failed, waiting for other jobs to finish...\n02:43:45|RAP|ERROR|: Finished with non-zero exit code.\n"]}},{"file":"(virtual) semver-checks","count":1,"kinds":{"Cargo":["// pkg_name=axdriver, checker=SemverChecks\n// toolchain=nightly-2024-05-02, target=riscv64gc-unknown-none-elf\n// pkg_dir=/home/runner/check/batch_1/Starry-OS/Starry-Old/modules/axdriver\n// cmd=cargo +nightly-2025-01-07-x86_64-unknown-linux-gnu semver-checks --target riscv64gc-unknown-none-elf\n// timestamp=2025-01-10 10:29:31.223413357 +08:00:00\n    Building axdriver v0.1.0 (current)\nerror: running cargo-doc on crate 'axdriver' failed with output:\n-----\n    Checking log v0.4.22\n    Checking cfg-if v1.0.0\n   Compiling semver v1.0.24\n   Compiling autocfg v1.4.0\nerror[E0463]: can't find crate for `core`\n  |\n  = note: the `riscv64gc-unknown-none-elf` target may not be installed\n  = help: consider downloading the target with `rustup target add riscv64gc-unknown-none-elf`\n  = help: consider building the standard library from source with `cargo build -Zbuild-std`\n\nFor more information about this error, try `rustc --explain E0463`.\nerror: could not compile `cfg-if` (lib) due to 1 previous error\nwarning: build failed, waiting for other jobs to finish...\nerror: could not compile `log` (lib) due to 1 previous error\n\n-----\n\nerror: failed to build rustdoc for crate axdriver v0.1.0\nnote: this is usually due to a compilation error in the crate,\n      and is unlikely to be a bug in cargo-semver-checks\nnote: the following command can be used to reproduce the compilation error:\n      cargo new --lib example &&\n          cd example &&\n          echo '[workspace]' >> Cargo.toml &&\n          cargo add --path /home/runner/check/batch_1/Starry-OS/Starry-Old/modules/axdriver --features bcm2835-sdhci,block,bus-mmio,bus-pci,default,display,driver_block,driver_display,driver_net,driver_virtio,dyn,e1000,img,ixgbe,net,ramdisk,virtio,virtio-blk,virtio-gpu,virtio-net &&\n          cargo check\n\nerror: aborting due to failure to build rustdoc for crate axdriver v0.1.0\n"]}},{"file":"[outdated direct dependencies]","count":1,"kinds":{"Outdated":["pkg=axdriver, checker=Outdated\ntoolchain=nightly-2024-05-02, target=riscv64gc-unknown-none-elf\npkg_dir=/home/runner/check/batch_1/Starry-OS/Starry-Old/modules/axdriver\ncmd=cargo +nightly-2025-01-07-x86_64-unknown-linux-gnu outdated -R --exit-code=2\ntimestamp=2025-01-10 11:21:43.478279986 +08:00:00\n\nName  Project  Compat  Latest  Kind    Platform\n----  -------  ------  ------  ----    --------\nlog   0.4.21   0.4.22  0.4.22  Normal  ---\n"]}},{"file":"[semver checks]","count":1,"kinds":{"Semver Violation":["pkg=axdriver, checker=SemverChecks\ntoolchain=nightly-2024-05-02, target=riscv64gc-unknown-none-elf\npkg_dir=/home/runner/check/batch_1/Starry-OS/Starry-Old/modules/axdriver\ncmd=cargo +nightly-2025-01-07-x86_64-unknown-linux-gnu semver-checks --target riscv64gc-unknown-none-elf\ntimestamp=2025-01-10 10:29:37.160317795 +08:00:00\n\n\nstdout:\n\nstderr:\n    Building axdriver v0.1.0 (current)\nerror: running cargo-doc on crate 'axdriver' failed with output:\n-----\n    Checking log v0.4.22\n    Checking cfg-if v1.0.0\n   Compiling semver v1.0.24\n   Compiling autocfg v1.4.0\nerror[E0463]: can't find crate for `core`\n  |\n  = note: the `riscv64gc-unknown-none-elf` target may not be installed\n  = help: consider downloading the target with `rustup target add riscv64gc-unknown-none-elf`\n  = help: consider building the standard library from source with `cargo build -Zbuild-std`\n\nFor more information about this error, try `rustc --explain E0463`.\nerror: could not compile `cfg-if` (lib) due to 1 previous error\nwarning: build failed, waiting for other jobs to finish...\nerror: could not compile `log` (lib) due to 1 previous error\n\n-----\n\nerror: failed to build rustdoc for crate axdriver v0.1.0\nnote: this is usually due to a compilation error in the crate,\n      and is unlikely to be a bug in cargo-semver-checks\nnote: the following command can be used to reproduce the compilation error:\n      cargo new --lib example &&\n          cd example &&\n          echo '[workspace]' >> Cargo.toml &&\n          cargo add --path /home/runner/check/batch_1/Starry-OS/Starry-Old/modules/axdriver --features bcm2835-sdhci,block,bus-mmio,bus-pci,default,display,driver_block,driver_display,driver_net,driver_virtio,dyn,e1000,img,ixgbe,net,ramdisk,virtio,virtio-blk,virtio-gpu,virtio-net &&\n          cargo check\n\nerror: aborting due to failure to build rustdoc for crate axdriver v0.1.0\n"]}}]},{"user":"Starry-OS","repo":"Starry-Old","pkg":"axhal","count":5,"raw_reports":[{"file":"(virtual) lockbud","count":1,"kinds":{"Cargo":["// pkg_name=axhal, checker=Lockbud\n// toolchain=nightly-2024-05-02, target=riscv64gc-unknown-none-elf\n// pkg_dir=/home/runner/check/batch_1/Starry-OS/Starry-Old/modules/axhal\n// cmd=cargo +nightly-2024-12-01 lockbud -k all -- --target riscv64gc-unknown-none-elf\n// timestamp=2025-01-10 10:39:15.311054581 +08:00:00\n[2025-01-10T02:38:35Z WARN  lockbud::callbacks] [\n      {\n        \"AtomicityViolation\": {\n          \"bug_kind\": \"AtomicityViolation\",\n          \"possibility\": \"Possibly\",\n          \"diagnosis\": {\n            \"fn_name\": \"set_logger_racy\",\n            \"atomic_reader\": \"/home/runner/.cargo/registry/src/index.crates.io-6f17d22bba15001f/log-0.4.21/src/lib.rs:1408:11: 1408:39 (#0)\",\n            \"atomic_writer\": \"/home/runner/.cargo/registry/src/index.crates.io-6f17d22bba15001f/log-0.4.21/src/lib.rs:1411:13: 1411:55 (#0)\",\n            \"dep_kind\": \"Control\"\n          },\n          \"explanation\": \"atomic::store is data/control dependent on atomic::load\"\n        }\n      }\n    ]\n[2025-01-10T02:38:35Z WARN  lockbud::callbacks] crate log contains bugs: { probably: 0, possibly: 0 }, conflictlock: { probably: 0, possibly: 0 }, condvar_deadlock: { probably: 0, possibly: 0 }, atomicity_violation: { possibly: 1 }, invalid_free: { possibly: 0 }, use_after_free: { possibly: 0 }\n   Compiling taskctx v0.1.0 (https://github.com/Starry-OS/taskctx.git#3c3ad2fb)\nerror[E0787]: the `asm!` macro is not allowed in naked functions\n   --> /home/runner/.cargo/git/checkouts/taskctx-38ebba1102c121c2/3c3ad2f/src/arch/riscv.rs:102:5\n    |\n102 | /     asm!(\n103 | |         \"\n104 | |         // save old context (callee-saved registers)\n105 | |         STR     ra, a0, 0\n...   |\n137 | |         options(noreturn),\n138 | |     )\n    | |_____^ consider using the `naked_asm!` macro instead\n\nFor more information about this error, try `rustc --explain E0787`.\nerror: could not compile `taskctx` (lib) due to 1 previous error\n"]}},{"file":"(virtual) rapx","count":1,"kinds":{"Cargo":["// pkg_name=axhal, checker=Rapx\n// toolchain=nightly-2024-05-02, target=riscv64gc-unknown-none-elf\n// pkg_dir=/home/runner/check/batch_1/Starry-OS/Starry-Old/modules/axhal\n// cmd=cargo +nightly-2024-10-12 rapx -F -M -- --target riscv64gc-unknown-none-elf\n// timestamp=2025-01-10 10:45:36.294277994 +08:00:00\n   Compiling serde v1.0.215\n   Compiling equivalent v1.0.1\n   Compiling hashbrown v0.15.2\n   Compiling winnow v0.6.20\n   Compiling toml_datetime v0.6.8\n   Compiling proc-macro2 v1.0.92\n   Compiling indexmap v2.7.0\n   Compiling unicode-ident v1.0.14\n   Compiling taskctx v0.1.0 (https://github.com/Starry-OS/taskctx.git#3c3ad2fb)\n   Compiling quote v1.0.37\n   Compiling toml_edit v0.22.22\n    Checking memory_addr v0.1.0 (https://github.com/Starry-OS/memory_addr.git#a5be547a)\n    Checking cfg-if v1.0.0\n   Compiling syn v2.0.90\n    Checking static_assertions v1.1.0\n    Checking log v0.4.21\n    Checking numeric-enum-macro v0.2.0 (https://github.com/mexus/numeric-enum-macro#20aef288)\n   Compiling percpu v0.1.0 (https://github.com/Starry-OS/percpu.git#85e6d8a7)\n    Checking tock-registers v0.8.1\n    Checking spin v0.9.8\n   Compiling riscv v0.11.1\n    Checking lazy_static v1.5.0\n    Checking aarch64-cpu v9.4.0\n    Checking critical-section v1.2.0\n    Checking bitflags v2.6.0\n    Checking sbi-spec v0.0.7\n    Checking embedded-hal v1.0.0\n    Checking fdt v0.1.5\n    Checking of v0.1.0 (https://github.com/Starry-OS/of.git#45a65508)\n    Checking sbi-rt v0.0.3\n    Checking ratio v0.1.0 (https://github.com/Starry-OS/ratio.git#0c8da4c3)\n    Checking handler_table v0.1.0 (https://github.com/Starry-OS/handler_table.git#d6495e7d)\n    Checking lazy_init v0.1.0 (https://github.com/Starry-OS/lazy_init.git#d0e87c05)\n    Checking page_table_entry v0.1.0 (https://github.com/Starry-OS/page_table_entry.git#8a871b43)\n   Compiling axconfig v0.1.0 (https://github.com/Starry-OS/axconfig.git#2a880338)\n   Compiling axconfig v0.1.0 (/home/runner/check/batch_1/Starry-OS/Starry-Old/modules/axconfig)\nerror[E0787]: the `asm!` macro is not allowed in naked functions\n   --> /home/runner/.cargo/git/checkouts/taskctx-38ebba1102c121c2/3c3ad2f/src/arch/riscv.rs:102:5\n    |\n102 | /     asm!(\n103 | |         \"\n104 | |         // save old context (callee-saved registers)\n105 | |         STR     ra, a0, 0\n...   |\n137 | |         options(noreturn),\n138 | |     )\n    | |_____^ consider using the `naked_asm!` macro instead\n\nFor more information about this error, try `rustc --explain E0787`.\nerror: could not compile `taskctx` (lib) due to 1 previous error\nwarning: build failed, waiting for other jobs to finish...\n02:45:42|RAP|ERROR|: Finished with non-zero exit code.\n"]}},{"file":"(virtual) semver-checks","count":1,"kinds":{"Cargo":["// pkg_name=axhal, checker=SemverChecks\n// toolchain=nightly-2024-05-02, target=riscv64gc-unknown-none-elf\n// pkg_dir=/home/runner/check/batch_1/Starry-OS/Starry-Old/modules/axhal\n// cmd=cargo +nightly-2025-01-07-x86_64-unknown-linux-gnu semver-checks --target riscv64gc-unknown-none-elf\n// timestamp=2025-01-10 10:31:37.699897155 +08:00:00\n    Building axhal v0.1.0 (current)\nerror: running cargo-doc on crate 'axhal' failed with output:\n-----\n    Checking log v0.4.22\n    Checking cfg-if v1.0.0\n   Compiling axconfig v0.1.0 (https://github.com/Starry-OS/axconfig.git#2a880338)\n    Checking memory_addr v0.1.0 (https://github.com/Starry-OS/memory_addr.git#a5be547a)\nerror[E0463]: can't find crate for `core`\n  |\n  = note: the `riscv64gc-unknown-none-elf` target may not be installed\n  = help: consider downloading the target with `rustup target add riscv64gc-unknown-none-elf`\n  = help: consider building the standard library from source with `cargo build -Zbuild-std`\n\nFor more information about this error, try `rustc --explain E0463`.\nerror: could not compile `cfg-if` (lib) due to 1 previous error\nwarning: build failed, waiting for other jobs to finish...\nerror: could not compile `memory_addr` (lib) due to 1 previous error\nerror: could not compile `log` (lib) due to 1 previous error\n\n-----\n\nerror: failed to build rustdoc for crate axhal v0.1.0\nnote: this is usually due to a compilation error in the crate,\n      and is unlikely to be a bug in cargo-semver-checks\nnote: the following command can be used to reproduce the compilation error:\n      cargo new --lib example &&\n          cd example &&\n          echo '[workspace]' >> Cargo.toml &&\n          cargo add --path /home/runner/check/batch_1/Starry-OS/Starry-Old/modules/axhal --features alloc,axalloc,default,fp_simd,irq,monolithic,page_table,paging,smp,tls &&\n          cargo check\n\nerror: aborting due to failure to build rustdoc for crate axhal v0.1.0\n"]}},{"file":"[outdated direct dependencies]","count":1,"kinds":{"Outdated":["pkg=axhal, checker=Outdated\ntoolchain=nightly-2024-05-02, target=riscv64gc-unknown-none-elf\npkg_dir=/home/runner/check/batch_1/Starry-OS/Starry-Old/modules/axhal\ncmd=cargo +nightly-2025-01-07-x86_64-unknown-linux-gnu outdated -R --exit-code=2\ntimestamp=2025-01-10 11:31:57.180593904 +08:00:00\n\nName            Project  Compat  Latest  Kind    Platform\n----            -------  ------  ------  ----    --------\naarch64-cpu     9.4.0    ---     10.0.0  Normal  cfg(target_arch = \"aarch64\")\nbitflags        2.6.0    2.7.0   2.7.0   Normal  ---\nlog             0.4.21   0.4.22  0.4.22  Normal  ---\nriscv           0.11.1   ---     0.12.1  Normal  cfg(any(target_arch = \"riscv32\", target_arch = \"riscv64\"))\ntock-registers  0.8.1    ---     0.9.0   Normal  cfg(target_arch = \"aarch64\")\nx86_64          0.15.1   0.15.2  0.15.2  Normal  cfg(target_arch = \"x86_64\")\n"]}},{"file":"[semver checks]","count":1,"kinds":{"Semver Violation":["pkg=axhal, checker=SemverChecks\ntoolchain=nightly-2024-05-02, target=riscv64gc-unknown-none-elf\npkg_dir=/home/runner/check/batch_1/Starry-OS/Starry-Old/modules/axhal\ncmd=cargo +nightly-2025-01-07-x86_64-unknown-linux-gnu semver-checks --target riscv64gc-unknown-none-elf\ntimestamp=2025-01-10 10:31:42.953370915 +08:00:00\n\n\nstdout:\n\nstderr:\n    Building axhal v0.1.0 (current)\nerror: running cargo-doc on crate 'axhal' failed with output:\n-----\n    Checking log v0.4.22\n    Checking cfg-if v1.0.0\n   Compiling axconfig v0.1.0 (https://github.com/Starry-OS/axconfig.git#2a880338)\n    Checking memory_addr v0.1.0 (https://github.com/Starry-OS/memory_addr.git#a5be547a)\nerror[E0463]: can't find crate for `core`\n  |\n  = note: the `riscv64gc-unknown-none-elf` target may not be installed\n  = help: consider downloading the target with `rustup target add riscv64gc-unknown-none-elf`\n  = help: consider building the standard library from source with `cargo build -Zbuild-std`\n\nFor more information about this error, try `rustc --explain E0463`.\nerror: could not compile `cfg-if` (lib) due to 1 previous error\nwarning: build failed, waiting for other jobs to finish...\nerror: could not compile `memory_addr` (lib) due to 1 previous error\nerror: could not compile `log` (lib) due to 1 previous error\n\n-----\n\nerror: failed to build rustdoc for crate axhal v0.1.0\nnote: this is usually due to a compilation error in the crate,\n      and is unlikely to be a bug in cargo-semver-checks\nnote: the following command can be used to reproduce the compilation error:\n      cargo new --lib example &&\n          cd example &&\n          echo '[workspace]' >> Cargo.toml &&\n          cargo add --path /home/runner/check/batch_1/Starry-OS/Starry-Old/modules/axhal --features alloc,axalloc,default,fp_simd,irq,monolithic,page_table,paging,smp,tls &&\n          cargo check\n\nerror: aborting due to failure to build rustdoc for crate axhal v0.1.0\n"]}}]},{"user":"Starry-OS","repo":"Starry-Old","pkg":"axlog","count":5,"raw_reports":[{"file":"(virtual) lockbud","count":1,"kinds":{"Cargo":["// pkg_name=axlog, checker=Lockbud\n// toolchain=nightly-2024-05-02, target=riscv64gc-unknown-none-elf\n// pkg_dir=/home/runner/check/batch_1/Starry-OS/Starry-Old/modules/axlog\n// cmd=cargo +nightly-2024-12-01 lockbud -k all -- --target riscv64gc-unknown-none-elf\n// timestamp=2025-01-10 10:39:21.085936139 +08:00:00\n[2025-01-10T02:38:35Z WARN  lockbud::callbacks] [\n      {\n        \"AtomicityViolation\": {\n          \"bug_kind\": \"AtomicityViolation\",\n          \"possibility\": \"Possibly\",\n          \"diagnosis\": {\n            \"fn_name\": \"set_logger_racy\",\n            \"atomic_reader\": \"/home/runner/.cargo/registry/src/index.crates.io-6f17d22bba15001f/log-0.4.21/src/lib.rs:1408:11: 1408:39 (#0)\",\n            \"atomic_writer\": \"/home/runner/.cargo/registry/src/index.crates.io-6f17d22bba15001f/log-0.4.21/src/lib.rs:1411:13: 1411:55 (#0)\",\n            \"dep_kind\": \"Control\"\n          },\n          \"explanation\": \"atomic::store is data/control dependent on atomic::load\"\n        }\n      }\n    ]\n[2025-01-10T02:38:35Z WARN  lockbud::callbacks] crate log contains bugs: { probably: 0, possibly: 0 }, conflictlock: { probably: 0, possibly: 0 }, condvar_deadlock: { probably: 0, possibly: 0 }, atomicity_violation: { possibly: 1 }, invalid_free: { possibly: 0 }, use_after_free: { possibly: 0 }\n   Compiling taskctx v0.1.0 (https://github.com/Starry-OS/taskctx.git#3c3ad2fb)\nerror[E0787]: the `asm!` macro is not allowed in naked functions\n   --> /home/runner/.cargo/git/checkouts/taskctx-38ebba1102c121c2/3c3ad2f/src/arch/riscv.rs:102:5\n    |\n102 | /     asm!(\n103 | |         \"\n104 | |         // save old context (callee-saved registers)\n105 | |         STR     ra, a0, 0\n...   |\n137 | |         options(noreturn),\n138 | |     )\n    | |_____^ consider using the `naked_asm!` macro instead\n\nFor more information about this error, try `rustc --explain E0787`.\nerror: could not compile `taskctx` (lib) due to 1 previous error\n"]}},{"file":"(virtual) rapx","count":1,"kinds":{"Cargo":["// pkg_name=axlog, checker=Rapx\n// toolchain=nightly-2024-05-02, target=riscv64gc-unknown-none-elf\n// pkg_dir=/home/runner/check/batch_1/Starry-OS/Starry-Old/modules/axlog\n// cmd=cargo +nightly-2024-10-12 rapx -F -M -- --target riscv64gc-unknown-none-elf\n// timestamp=2025-01-10 10:46:34.713728953 +08:00:00\n   Compiling equivalent v1.0.1\n   Compiling serde v1.0.215\n   Compiling hashbrown v0.15.2\n   Compiling toml_datetime v0.6.8\n   Compiling winnow v0.6.20\n   Compiling proc-macro2 v1.0.92\n   Compiling indexmap v2.7.0\n   Compiling unicode-ident v1.0.14\n   Compiling taskctx v0.1.0 (https://github.com/Starry-OS/taskctx.git#3c3ad2fb)\n    Checking numeric-enum-macro v0.2.0 (https://github.com/mexus/numeric-enum-macro#20aef288)\n    Checking log v0.4.21\n    Checking static_assertions v1.1.0\n    Checking cfg-if v1.0.0\n    Checking memory_addr v0.1.0 (https://github.com/Starry-OS/memory_addr.git#a5be547a)\n   Compiling toml_edit v0.22.22\n   Compiling quote v1.0.37\n   Compiling syn v2.0.90\n   Compiling axconfig v0.1.0 (https://github.com/Starry-OS/axconfig.git#2a880338)\nerror[E0787]: the `asm!` macro is not allowed in naked functions\n   --> /home/runner/.cargo/git/checkouts/taskctx-38ebba1102c121c2/3c3ad2f/src/arch/riscv.rs:102:5\n    |\n102 | /     asm!(\n103 | |         \"\n104 | |         // save old context (callee-saved registers)\n105 | |         STR     ra, a0, 0\n...   |\n137 | |         options(noreturn),\n138 | |     )\n    | |_____^ consider using the `naked_asm!` macro instead\n\nFor more information about this error, try `rustc --explain E0787`.\nerror: could not compile `taskctx` (lib) due to 1 previous error\nwarning: build failed, waiting for other jobs to finish...\n02:46:40|RAP|ERROR|: Finished with non-zero exit code.\n"]}},{"file":"(virtual) semver-checks","count":1,"kinds":{"Cargo":["// pkg_name=axlog, checker=SemverChecks\n// toolchain=nightly-2024-05-02, target=riscv64gc-unknown-none-elf\n// pkg_dir=/home/runner/check/batch_1/Starry-OS/Starry-Old/modules/axlog\n// cmd=cargo +nightly-2025-01-07-x86_64-unknown-linux-gnu semver-checks --target riscv64gc-unknown-none-elf\n// timestamp=2025-01-10 10:32:31.253858263 +08:00:00\n    Building axlog v0.1.0 (current)\nerror: running cargo-doc on crate 'axlog' failed with output:\n-----\n   Compiling axconfig v0.1.0 (https://github.com/Starry-OS/axconfig.git#2a880338)\n   Compiling proc-macro2 v1.0.92\n   Compiling num-traits v0.2.19\n   Compiling taskctx v0.1.0 (https://github.com/Starry-OS/taskctx.git#bee485a8)\n    Checking cfg-if v1.0.0\nerror[E0463]: can't find crate for `core`\n  |\n  = note: the `riscv64gc-unknown-none-elf` target may not be installed\n  = help: consider downloading the target with `rustup target add riscv64gc-unknown-none-elf`\n  = help: consider building the standard library from source with `cargo build -Zbuild-std`\n\nFor more information about this error, try `rustc --explain E0463`.\nerror: could not compile `cfg-if` (lib) due to 1 previous error\nwarning: build failed, waiting for other jobs to finish...\n\n-----\n\nerror: failed to build rustdoc for crate axlog v0.1.0\nnote: this is usually due to a compilation error in the crate,\n      and is unlikely to be a bug in cargo-semver-checks\nnote: the following command can be used to reproduce the compilation error:\n      cargo new --lib example &&\n          cd example &&\n          echo '[workspace]' >> Cargo.toml &&\n          cargo add --path /home/runner/check/batch_1/Starry-OS/Starry-Old/modules/axlog --features default,log-level-debug,log-level-error,log-level-info,log-level-off,log-level-trace,log-level-warn,std &&\n          cargo check\n\nerror: aborting due to failure to build rustdoc for crate axlog v0.1.0\n"]}},{"file":"[outdated direct dependencies]","count":1,"kinds":{"Outdated":["pkg=axlog, checker=Outdated\ntoolchain=nightly-2024-05-02, target=riscv64gc-unknown-none-elf\npkg_dir=/home/runner/check/batch_1/Starry-OS/Starry-Old/modules/axlog\ncmd=cargo +nightly-2025-01-07-x86_64-unknown-linux-gnu outdated -R --exit-code=2\ntimestamp=2025-01-10 11:37:05.123215006 +08:00:00\n\nName    Project  Compat  Latest  Kind    Platform\n----    -------  ------  ------  ----    --------\nchrono  0.4.38   0.4.39  0.4.39  Normal  ---\nlog     0.4.21   0.4.22  0.4.22  Normal  ---\n"]}},{"file":"[semver checks]","count":1,"kinds":{"Semver Violation":["pkg=axlog, checker=SemverChecks\ntoolchain=nightly-2024-05-02, target=riscv64gc-unknown-none-elf\npkg_dir=/home/runner/check/batch_1/Starry-OS/Starry-Old/modules/axlog\ncmd=cargo +nightly-2025-01-07-x86_64-unknown-linux-gnu semver-checks --target riscv64gc-unknown-none-elf\ntimestamp=2025-01-10 10:32:33.674256382 +08:00:00\n\n\nstdout:\n\nstderr:\n    Building axlog v0.1.0 (current)\nerror: running cargo-doc on crate 'axlog' failed with output:\n-----\n   Compiling axconfig v0.1.0 (https://github.com/Starry-OS/axconfig.git#2a880338)\n   Compiling proc-macro2 v1.0.92\n   Compiling num-traits v0.2.19\n   Compiling taskctx v0.1.0 (https://github.com/Starry-OS/taskctx.git#bee485a8)\n    Checking cfg-if v1.0.0\nerror[E0463]: can't find crate for `core`\n  |\n  = note: the `riscv64gc-unknown-none-elf` target may not be installed\n  = help: consider downloading the target with `rustup target add riscv64gc-unknown-none-elf`\n  = help: consider building the standard library from source with `cargo build -Zbuild-std`\n\nFor more information about this error, try `rustc --explain E0463`.\nerror: could not compile `cfg-if` (lib) due to 1 previous error\nwarning: build failed, waiting for other jobs to finish...\n\n-----\n\nerror: failed to build rustdoc for crate axlog v0.1.0\nnote: this is usually due to a compilation error in the crate,\n      and is unlikely to be a bug in cargo-semver-checks\nnote: the following command can be used to reproduce the compilation error:\n      cargo new --lib example &&\n          cd example &&\n          echo '[workspace]' >> Cargo.toml &&\n          cargo add --path /home/runner/check/batch_1/Starry-OS/Starry-Old/modules/axlog --features default,log-level-debug,log-level-error,log-level-info,log-level-off,log-level-trace,log-level-warn,std &&\n          cargo check\n\nerror: aborting due to failure to build rustdoc for crate axlog v0.1.0\n"]}}]},{"user":"Starry-OS","repo":"Starry-Old","pkg":"axmem","count":5,"raw_reports":[{"file":"(virtual) lockbud","count":1,"kinds":{"Cargo":["// pkg_name=axmem, checker=Lockbud\n// toolchain=nightly-2024-05-02, target=riscv64gc-unknown-none-elf\n// pkg_dir=/home/runner/check/batch_1/Starry-OS/Starry-Old/modules/axmem\n// cmd=cargo +nightly-2024-12-01 lockbud -k all -- --target riscv64gc-unknown-none-elf\n// timestamp=2025-01-10 10:39:22.492936874 +08:00:00\n[2025-01-10T02:38:35Z WARN  lockbud::callbacks] [\n      {\n        \"AtomicityViolation\": {\n          \"bug_kind\": \"AtomicityViolation\",\n          \"possibility\": \"Possibly\",\n          \"diagnosis\": {\n            \"fn_name\": \"set_logger_racy\",\n            \"atomic_reader\": \"/home/runner/.cargo/registry/src/index.crates.io-6f17d22bba15001f/log-0.4.21/src/lib.rs:1408:11: 1408:39 (#0)\",\n            \"atomic_writer\": \"/home/runner/.cargo/registry/src/index.crates.io-6f17d22bba15001f/log-0.4.21/src/lib.rs:1411:13: 1411:55 (#0)\",\n            \"dep_kind\": \"Control\"\n          },\n          \"explanation\": \"atomic::store is data/control dependent on atomic::load\"\n        }\n      }\n    ]\n[2025-01-10T02:38:35Z WARN  lockbud::callbacks] crate log contains bugs: { probably: 0, possibly: 0 }, conflictlock: { probably: 0, possibly: 0 }, condvar_deadlock: { probably: 0, possibly: 0 }, atomicity_violation: { possibly: 1 }, invalid_free: { possibly: 0 }, use_after_free: { possibly: 0 }\n   Compiling taskctx v0.1.0 (https://github.com/Starry-OS/taskctx.git#3c3ad2fb)\n   Compiling axhal v0.1.0 (/home/runner/check/batch_1/Starry-OS/Starry-Old/modules/axhal)\n   Compiling virtio-drivers v0.7.4\n   Compiling driver_common v0.1.0 (https://github.com/Starry-OS/driver_common.git#6f1d6712)\n   Compiling rand_core v0.6.4\nerror[E0787]: the `asm!` macro is not allowed in naked functions\n   --> /home/runner/.cargo/git/checkouts/taskctx-38ebba1102c121c2/3c3ad2f/src/arch/riscv.rs:102:5\n    |\n102 | /     asm!(\n103 | |         \"\n104 | |         // save old context (callee-saved registers)\n105 | |         STR     ra, a0, 0\n...   |\n137 | |         options(noreturn),\n138 | |     )\n    | |_____^ consider using the `naked_asm!` macro instead\n\n   Compiling nb v1.1.0\nFor more information about this error, try `rustc --explain E0787`.\nerror: could not compile `taskctx` (lib) due to 1 previous error\nwarning: build failed, waiting for other jobs to finish...\n"]}},{"file":"(virtual) rapx","count":1,"kinds":{"Cargo":["// pkg_name=axmem, checker=Rapx\n// toolchain=nightly-2024-05-02, target=riscv64gc-unknown-none-elf\n// pkg_dir=/home/runner/check/batch_1/Starry-OS/Starry-Old/modules/axmem\n// cmd=cargo +nightly-2024-10-12 rapx -F -M -- --target riscv64gc-unknown-none-elf\n// timestamp=2025-01-10 10:47:01.725619392 +08:00:00\n    Checking log v0.4.21\n   Compiling serde v1.0.215\n   Compiling proc-macro2 v1.0.92\n   Compiling equivalent v1.0.1\n   Compiling hashbrown v0.15.2\n   Compiling toml_datetime v0.6.8\n   Compiling winnow v0.6.20\n   Compiling unicode-ident v1.0.14\n   Compiling indexmap v2.7.0\n   Compiling quote v1.0.37\n    Checking cfg-if v1.0.0\n    Checking bitflags v2.6.0\n   Compiling axerrno v0.1.0 (https://github.com/Starry-OS/axerrno.git#3e2372cd)\n   Compiling syn v2.0.90\n   Compiling toml_edit v0.22.22\n    Checking memory_addr v0.1.0 (https://github.com/Starry-OS/memory_addr.git#a5be547a)\n   Compiling autocfg v1.4.0\n   Compiling lock_api v0.4.12\n   Compiling syn v1.0.109\n   Compiling taskctx v0.1.0 (https://github.com/Starry-OS/taskctx.git#3c3ad2fb)\n    Checking scopeguard v1.2.0\n    Checking static_assertions v1.1.0\n    Checking numeric-enum-macro v0.2.0 (https://github.com/mexus/numeric-enum-macro#20aef288)\n    Checking spin v0.9.8\n   Compiling base64 v0.13.1\n    Checking tock-registers v0.8.1\n    Checking bit_field v0.10.2\n   Compiling unicode-width v0.1.14\n    Checking aarch64-cpu v9.4.0\n   Compiling axconfig v0.1.0 (https://github.com/Starry-OS/axconfig.git#2a880338)\n   Compiling axconfig v0.1.0 (/home/runner/check/batch_1/Starry-OS/Starry-Old/modules/axconfig)\n    Checking const-default v1.0.0\n   Compiling svgbobdoc v0.3.0\nerror[E0787]: the `asm!` macro is not allowed in naked functions\n   --> /home/runner/.cargo/git/checkouts/taskctx-38ebba1102c121c2/3c3ad2f/src/arch/riscv.rs:102:5\n    |\n102 | /     asm!(\n103 | |         \"\n104 | |         // save old context (callee-saved registers)\n105 | |         STR     ra, a0, 0\n...   |\n137 | |         options(noreturn),\n138 | |     )\n    | |_____^ consider using the `naked_asm!` macro instead\n\nFor more information about this error, try `rustc --explain E0787`.\nerror: could not compile `taskctx` (lib) due to 1 previous error\nwarning: build failed, waiting for other jobs to finish...\n02:47:09|RAP|ERROR|: Finished with non-zero exit code.\n"]}},{"file":"(virtual) semver-checks","count":1,"kinds":{"Cargo":["// pkg_name=axmem, checker=SemverChecks\n// toolchain=nightly-2024-05-02, target=riscv64gc-unknown-none-elf\n// pkg_dir=/home/runner/check/batch_1/Starry-OS/Starry-Old/modules/axmem\n// cmd=cargo +nightly-2025-01-07-x86_64-unknown-linux-gnu semver-checks --target riscv64gc-unknown-none-elf\n// timestamp=2025-01-10 10:32:50.80155909 +08:00:00\n    Building axmem v0.1.0 (current)\nerror: running cargo-doc on crate 'axmem' failed with output:\n-----\n    Checking log v0.4.22\n   Compiling indexmap v2.7.0\n   Compiling proc-macro2 v1.0.92\n   Compiling serde v1.0.217\n   Compiling winnow v0.6.22\nerror[E0463]: can't find crate for `core`\n  |\n  = note: the `riscv64gc-unknown-none-elf` target may not be installed\n  = help: consider downloading the target with `rustup target add riscv64gc-unknown-none-elf`\n  = help: consider building the standard library from source with `cargo build -Zbuild-std`\n\nFor more information about this error, try `rustc --explain E0463`.\nerror: could not compile `log` (lib) due to 1 previous error\nwarning: build failed, waiting for other jobs to finish...\n\n-----\n\nerror: failed to build rustdoc for crate axmem v0.1.0\nnote: this is usually due to a compilation error in the crate,\n      and is unlikely to be a bug in cargo-semver-checks\nnote: the following command can be used to reproduce the compilation error:\n      cargo new --lib example &&\n          cd example &&\n          echo '[workspace]' >> Cargo.toml &&\n          cargo add --path /home/runner/check/batch_1/Starry-OS/Starry-Old/modules/axmem --features default,monolithic &&\n          cargo check\n\nerror: aborting due to failure to build rustdoc for crate axmem v0.1.0\n"]}},{"file":"[outdated direct dependencies]","count":1,"kinds":{"Outdated":["pkg=axmem, checker=Outdated\ntoolchain=nightly-2024-05-02, target=riscv64gc-unknown-none-elf\npkg_dir=/home/runner/check/batch_1/Starry-OS/Starry-Old/modules/axmem\ncmd=cargo +nightly-2025-01-07-x86_64-unknown-linux-gnu outdated -R --exit-code=2\ntimestamp=2025-01-10 11:39:38.60574534 +08:00:00\n\nName   Project  Compat  Latest  Kind    Platform\n----   -------  ------  ------  ----    --------\nlog    0.4.21   0.4.22  0.4.22  Normal  ---\nriscv  0.10.1   ---     0.12.1  Normal  ---\n"]}},{"file":"[semver checks]","count":1,"kinds":{"Semver Violation":["pkg=axmem, checker=SemverChecks\ntoolchain=nightly-2024-05-02, target=riscv64gc-unknown-none-elf\npkg_dir=/home/runner/check/batch_1/Starry-OS/Starry-Old/modules/axmem\ncmd=cargo +nightly-2025-01-07-x86_64-unknown-linux-gnu semver-checks --target riscv64gc-unknown-none-elf\ntimestamp=2025-01-10 10:32:58.979143755 +08:00:00\n\n\nstdout:\n\nstderr:\n    Building axmem v0.1.0 (current)\nerror: running cargo-doc on crate 'axmem' failed with output:\n-----\n    Checking log v0.4.22\n   Compiling indexmap v2.7.0\n   Compiling proc-macro2 v1.0.92\n   Compiling serde v1.0.217\n   Compiling winnow v0.6.22\nerror[E0463]: can't find crate for `core`\n  |\n  = note: the `riscv64gc-unknown-none-elf` target may not be installed\n  = help: consider downloading the target with `rustup target add riscv64gc-unknown-none-elf`\n  = help: consider building the standard library from source with `cargo build -Zbuild-std`\n\nFor more information about this error, try `rustc --explain E0463`.\nerror: could not compile `log` (lib) due to 1 previous error\nwarning: build failed, waiting for other jobs to finish...\n\n-----\n\nerror: failed to build rustdoc for crate axmem v0.1.0\nnote: this is usually due to a compilation error in the crate,\n      and is unlikely to be a bug in cargo-semver-checks\nnote: the following command can be used to reproduce the compilation error:\n      cargo new --lib example &&\n          cd example &&\n          echo '[workspace]' >> Cargo.toml &&\n          cargo add --path /home/runner/check/batch_1/Starry-OS/Starry-Old/modules/axmem --features default,monolithic &&\n          cargo check\n\nerror: aborting due to failure to build rustdoc for crate axmem v0.1.0\n"]}}]},{"user":"Starry-OS","repo":"Starry-Old","pkg":"axsignal","count":5,"raw_reports":[{"file":"(virtual) lockbud","count":1,"kinds":{"Cargo":["// pkg_name=axsignal, checker=Lockbud\n// toolchain=nightly-2024-05-02, target=riscv64gc-unknown-none-elf\n// pkg_dir=/home/runner/check/batch_1/Starry-OS/Starry-Old/modules/axsignal\n// cmd=cargo +nightly-2024-12-01 lockbud -k all -- --target riscv64gc-unknown-none-elf\n// timestamp=2025-01-10 10:39:33.03727797 +08:00:00\n[2025-01-10T02:38:35Z WARN  lockbud::callbacks] [\n      {\n        \"AtomicityViolation\": {\n          \"bug_kind\": \"AtomicityViolation\",\n          \"possibility\": \"Possibly\",\n          \"diagnosis\": {\n            \"fn_name\": \"set_logger_racy\",\n            \"atomic_reader\": \"/home/runner/.cargo/registry/src/index.crates.io-6f17d22bba15001f/log-0.4.21/src/lib.rs:1408:11: 1408:39 (#0)\",\n            \"atomic_writer\": \"/home/runner/.cargo/registry/src/index.crates.io-6f17d22bba15001f/log-0.4.21/src/lib.rs:1411:13: 1411:55 (#0)\",\n            \"dep_kind\": \"Control\"\n          },\n          \"explanation\": \"atomic::store is data/control dependent on atomic::load\"\n        }\n      }\n    ]\n[2025-01-10T02:38:35Z WARN  lockbud::callbacks] crate log contains bugs: { probably: 0, possibly: 0 }, conflictlock: { probably: 0, possibly: 0 }, condvar_deadlock: { probably: 0, possibly: 0 }, atomicity_violation: { possibly: 1 }, invalid_free: { possibly: 0 }, use_after_free: { possibly: 0 }\n   Compiling taskctx v0.1.0 (https://github.com/Starry-OS/taskctx.git#3c3ad2fb)\nerror[E0787]: the `asm!` macro is not allowed in naked functions\n   --> /home/runner/.cargo/git/checkouts/taskctx-38ebba1102c121c2/3c3ad2f/src/arch/riscv.rs:102:5\n    |\n102 | /     asm!(\n103 | |         \"\n104 | |         // save old context (callee-saved registers)\n105 | |         STR     ra, a0, 0\n...   |\n137 | |         options(noreturn),\n138 | |     )\n    | |_____^ consider using the `naked_asm!` macro instead\n\nFor more information about this error, try `rustc --explain E0787`.\nerror: could not compile `taskctx` (lib) due to 1 previous error\n"]}},{"file":"(virtual) rapx","count":1,"kinds":{"Cargo":["// pkg_name=axsignal, checker=Rapx\n// toolchain=nightly-2024-05-02, target=riscv64gc-unknown-none-elf\n// pkg_dir=/home/runner/check/batch_1/Starry-OS/Starry-Old/modules/axsignal\n// cmd=cargo +nightly-2024-10-12 rapx -F -M -- --target riscv64gc-unknown-none-elf\n// timestamp=2025-01-10 10:49:01.146617499 +08:00:00\n   Compiling hashbrown v0.15.2\n   Compiling equivalent v1.0.1\n   Compiling serde v1.0.215\n   Compiling winnow v0.6.20\n   Compiling toml_datetime v0.6.8\n   Compiling proc-macro2 v1.0.92\n   Compiling indexmap v2.7.0\n   Compiling unicode-ident v1.0.14\n    Checking cfg-if v1.0.0\n   Compiling taskctx v0.1.0 (https://github.com/Starry-OS/taskctx.git#3c3ad2fb)\n   Compiling toml_edit v0.22.22\n   Compiling quote v1.0.37\n    Checking memory_addr v0.1.0 (https://github.com/Starry-OS/memory_addr.git#a5be547a)\n   Compiling syn v2.0.90\n    Checking log v0.4.21\n    Checking static_assertions v1.1.0\n    Checking numeric-enum-macro v0.2.0 (https://github.com/mexus/numeric-enum-macro#20aef288)\n   Compiling percpu v0.1.0 (https://github.com/Starry-OS/percpu.git#85e6d8a7)\n   Compiling riscv v0.11.1\n    Checking spin v0.9.8\n    Checking tock-registers v0.8.1\n    Checking aarch64-cpu v9.4.0\n    Checking lazy_static v1.5.0\n    Checking critical-section v1.2.0\n    Checking fdt v0.1.5\n    Checking embedded-hal v1.0.0\n    Checking bitflags v2.6.0\n    Checking sbi-spec v0.0.7\n    Checking sbi-rt v0.0.3\n    Checking of v0.1.0 (https://github.com/Starry-OS/of.git#45a65508)\n    Checking ratio v0.1.0 (https://github.com/Starry-OS/ratio.git#0c8da4c3)\n    Checking lazy_init v0.1.0 (https://github.com/Starry-OS/lazy_init.git#d0e87c05)\n    Checking handler_table v0.1.0 (https://github.com/Starry-OS/handler_table.git#d6495e7d)\n    Checking page_table_entry v0.1.0 (https://github.com/Starry-OS/page_table_entry.git#8a871b43)\n   Compiling axconfig v0.1.0 (/home/runner/check/batch_1/Starry-OS/Starry-Old/modules/axconfig)\n   Compiling axconfig v0.1.0 (https://github.com/Starry-OS/axconfig.git#2a880338)\nerror[E0787]: the `asm!` macro is not allowed in naked functions\n   --> /home/runner/.cargo/git/checkouts/taskctx-38ebba1102c121c2/3c3ad2f/src/arch/riscv.rs:102:5\n    |\n102 | /     asm!(\n103 | |         \"\n104 | |         // save old context (callee-saved registers)\n105 | |         STR     ra, a0, 0\n...   |\n137 | |         options(noreturn),\n138 | |     )\n    | |_____^ consider using the `naked_asm!` macro instead\n\nFor more information about this error, try `rustc --explain E0787`.\nerror: could not compile `taskctx` (lib) due to 1 previous error\nwarning: build failed, waiting for other jobs to finish...\n02:49:07|RAP|ERROR|: Finished with non-zero exit code.\n"]}},{"file":"(virtual) semver-checks","count":1,"kinds":{"Cargo":["// pkg_name=axsignal, checker=SemverChecks\n// toolchain=nightly-2024-05-02, target=riscv64gc-unknown-none-elf\n// pkg_dir=/home/runner/check/batch_1/Starry-OS/Starry-Old/modules/axsignal\n// cmd=cargo +nightly-2025-01-07-x86_64-unknown-linux-gnu semver-checks --target riscv64gc-unknown-none-elf\n// timestamp=2025-01-10 10:34:58.711405985 +08:00:00\n    Building axsignal v0.1.0 (current)\nerror: running cargo-doc on crate 'axsignal' failed with output:\n-----\n   Compiling axconfig v0.1.0 (https://github.com/Starry-OS/axconfig.git#2a880338)\n   Compiling axconfig v0.1.0 (/home/runner/check/batch_1/Starry-OS/Starry-Old/modules/axconfig)\n    Checking memory_addr v0.1.0 (https://github.com/Starry-OS/memory_addr.git#a5be547a)\n    Checking cfg-if v1.0.0\nerror[E0463]: can't find crate for `core`\n  |\n  = note: the `riscv64gc-unknown-none-elf` target may not be installed\n  = help: consider downloading the target with `rustup target add riscv64gc-unknown-none-elf`\n  = help: consider building the standard library from source with `cargo build -Zbuild-std`\n\nFor more information about this error, try `rustc --explain E0463`.\nerror: could not compile `memory_addr` (lib) due to 1 previous error\nwarning: build failed, waiting for other jobs to finish...\nerror: could not compile `cfg-if` (lib) due to 1 previous error\n\n-----\n\nerror: failed to build rustdoc for crate axsignal v0.1.0\nnote: this is usually due to a compilation error in the crate,\n      and is unlikely to be a bug in cargo-semver-checks\nnote: the following command can be used to reproduce the compilation error:\n      cargo new --lib example &&\n          cd example &&\n          echo '[workspace]' >> Cargo.toml &&\n          cargo add --path /home/runner/check/batch_1/Starry-OS/Starry-Old/modules/axsignal --features default &&\n          cargo check\n\nerror: aborting due to failure to build rustdoc for crate axsignal v0.1.0\n"]}},{"file":"[outdated direct dependencies]","count":1,"kinds":{"Outdated":["pkg=axsignal, checker=Outdated\ntoolchain=nightly-2024-05-02, target=riscv64gc-unknown-none-elf\npkg_dir=/home/runner/check/batch_1/Starry-OS/Starry-Old/modules/axsignal\ncmd=cargo +nightly-2025-01-07-x86_64-unknown-linux-gnu outdated -R --exit-code=2\ntimestamp=2025-01-10 11:49:55.405361749 +08:00:00\n\nName      Project  Compat  Latest  Kind    Platform\n----      -------  ------  ------  ----    --------\nbitflags  2.6.0    2.7.0   2.7.0   Normal  ---\n"]}},{"file":"[semver checks]","count":1,"kinds":{"Semver Violation":["pkg=axsignal, checker=SemverChecks\ntoolchain=nightly-2024-05-02, target=riscv64gc-unknown-none-elf\npkg_dir=/home/runner/check/batch_1/Starry-OS/Starry-Old/modules/axsignal\ncmd=cargo +nightly-2025-01-07-x86_64-unknown-linux-gnu semver-checks --target riscv64gc-unknown-none-elf\ntimestamp=2025-01-10 10:35:02.830312093 +08:00:00\n\n\nstdout:\n\nstderr:\n    Building axsignal v0.1.0 (current)\nerror: running cargo-doc on crate 'axsignal' failed with output:\n-----\n   Compiling axconfig v0.1.0 (https://github.com/Starry-OS/axconfig.git#2a880338)\n   Compiling axconfig v0.1.0 (/home/runner/check/batch_1/Starry-OS/Starry-Old/modules/axconfig)\n    Checking memory_addr v0.1.0 (https://github.com/Starry-OS/memory_addr.git#a5be547a)\n    Checking cfg-if v1.0.0\nerror[E0463]: can't find crate for `core`\n  |\n  = note: the `riscv64gc-unknown-none-elf` target may not be installed\n  = help: consider downloading the target with `rustup target add riscv64gc-unknown-none-elf`\n  = help: consider building the standard library from source with `cargo build -Zbuild-std`\n\nFor more information about this error, try `rustc --explain E0463`.\nerror: could not compile `memory_addr` (lib) due to 1 previous error\nwarning: build failed, waiting for other jobs to finish...\nerror: could not compile `cfg-if` (lib) due to 1 previous error\n\n-----\n\nerror: failed to build rustdoc for crate axsignal v0.1.0\nnote: this is usually due to a compilation error in the crate,\n      and is unlikely to be a bug in cargo-semver-checks\nnote: the following command can be used to reproduce the compilation error:\n      cargo new --lib example &&\n          cd example &&\n          echo '[workspace]' >> Cargo.toml &&\n          cargo add --path /home/runner/check/batch_1/Starry-OS/Starry-Old/modules/axsignal --features default &&\n          cargo check\n\nerror: aborting due to failure to build rustdoc for crate axsignal v0.1.0\n"]}}]},{"user":"Starry-OS","repo":"Starry-Old","pkg":"axstd","count":5,"raw_reports":[{"file":"(virtual) lockbud","count":1,"kinds":{"Cargo":["// pkg_name=axstd, checker=Lockbud\n// toolchain=nightly-2024-05-02, target=riscv64gc-unknown-none-elf\n// pkg_dir=/home/runner/check/batch_1/Starry-OS/Starry-Old/ulib/axstd\n// cmd=cargo +nightly-2024-12-01 lockbud -k all -- --target riscv64gc-unknown-none-elf\n// timestamp=2025-01-10 10:39:37.975988635 +08:00:00\n[2025-01-10T02:38:35Z WARN  lockbud::callbacks] [\n      {\n        \"AtomicityViolation\": {\n          \"bug_kind\": \"AtomicityViolation\",\n          \"possibility\": \"Possibly\",\n          \"diagnosis\": {\n            \"fn_name\": \"set_logger_racy\",\n            \"atomic_reader\": \"/home/runner/.cargo/registry/src/index.crates.io-6f17d22bba15001f/log-0.4.21/src/lib.rs:1408:11: 1408:39 (#0)\",\n            \"atomic_writer\": \"/home/runner/.cargo/registry/src/index.crates.io-6f17d22bba15001f/log-0.4.21/src/lib.rs:1411:13: 1411:55 (#0)\",\n            \"dep_kind\": \"Control\"\n          },\n          \"explanation\": \"atomic::store is data/control dependent on atomic::load\"\n        }\n      }\n    ]\n[2025-01-10T02:38:35Z WARN  lockbud::callbacks] crate log contains bugs: { probably: 0, possibly: 0 }, conflictlock: { probably: 0, possibly: 0 }, condvar_deadlock: { probably: 0, possibly: 0 }, atomicity_violation: { possibly: 1 }, invalid_free: { possibly: 0 }, use_after_free: { possibly: 0 }\n   Compiling taskctx v0.1.0 (https://github.com/Starry-OS/taskctx.git#3c3ad2fb)\n   Compiling void v1.0.2\n   Compiling riscv v0.10.1\n   Compiling sbi-spec v0.0.4\n   Compiling arch_boot v0.1.0 (/home/runner/check/batch_1/Starry-OS/Starry-Old/modules/arch_boot)\n   Compiling axio v0.1.0 (https://github.com/Starry-OS/axio.git#010ddddb)\nerror[E0787]: the `asm!` macro is not allowed in naked functions\n   --> /home/runner/.cargo/git/checkouts/taskctx-38ebba1102c121c2/3c3ad2f/src/arch/riscv.rs:102:5\n    |\n102 | /     asm!(\n103 | |         \"\n104 | |         // save old context (callee-saved registers)\n105 | |         STR     ra, a0, 0\n...   |\n137 | |         options(noreturn),\n138 | |     )\n    | |_____^ consider using the `naked_asm!` macro instead\n\n   Compiling embedded-hal v0.2.7\nFor more information about this error, try `rustc --explain E0787`.\nerror: could not compile `taskctx` (lib) due to 1 previous error\nwarning: build failed, waiting for other jobs to finish...\n"]}},{"file":"(virtual) rapx","count":1,"kinds":{"Cargo":["// pkg_name=axstd, checker=Rapx\n// toolchain=nightly-2024-05-02, target=riscv64gc-unknown-none-elf\n// pkg_dir=/home/runner/check/batch_1/Starry-OS/Starry-Old/ulib/axstd\n// cmd=cargo +nightly-2024-10-12 rapx -F -M -- --target riscv64gc-unknown-none-elf\n// timestamp=2025-01-10 10:50:01.025221607 +08:00:00\n   Compiling equivalent v1.0.1\n   Compiling serde v1.0.215\n   Compiling hashbrown v0.15.2\n   Compiling toml_datetime v0.6.8\n   Compiling winnow v0.6.20\n   Compiling proc-macro2 v1.0.92\n   Compiling indexmap v2.7.0\n    Checking log v0.4.21\n   Compiling unicode-ident v1.0.14\n    Checking static_assertions v1.1.0\n    Checking cfg-if v1.0.0\n   Compiling quote v1.0.37\n   Compiling toml_edit v0.22.22\n   Compiling taskctx v0.1.0 (https://github.com/Starry-OS/taskctx.git#3c3ad2fb)\n    Checking memory_addr v0.1.0 (https://github.com/Starry-OS/memory_addr.git#a5be547a)\n   Compiling syn v2.0.90\n    Checking numeric-enum-macro v0.2.0 (https://github.com/mexus/numeric-enum-macro#20aef288)\n    Checking critical-section v1.2.0\n    Checking spin v0.9.8\n   Compiling percpu v0.1.0 (https://github.com/Starry-OS/percpu.git#85e6d8a7)\n    Checking tock-registers v0.8.1\n   Compiling riscv v0.11.1\n    Checking aarch64-cpu v9.4.0\n    Checking lazy_static v1.5.0\n    Checking bitflags v2.6.0\n    Checking embedded-hal v1.0.0\n    Checking sbi-spec v0.0.7\n    Checking fdt v0.1.5\n    Checking of v0.1.0 (https://github.com/Starry-OS/of.git#45a65508)\n    Checking sbi-rt v0.0.3\n    Checking handler_table v0.1.0 (https://github.com/Starry-OS/handler_table.git#d6495e7d)\n    Checking ratio v0.1.0 (https://github.com/Starry-OS/ratio.git#0c8da4c3)\n    Checking lazy_init v0.1.0 (https://github.com/Starry-OS/lazy_init.git#d0e87c05)\n    Checking axbacktrace v0.1.0 (https://github.com/kern-crates/axbacktrace.git#c0371ca8)\n    Checking linked_list v0.1.0 (https://github.com/Starry-OS/linked_list.git#283dddc4)\n    Checking nb v1.1.0\n    Checking page_table_entry v0.1.0 (https://github.com/Starry-OS/page_table_entry.git#8a871b43)\n    Checking nb v0.1.3\n   Compiling riscv v0.10.1\n    Checking void v1.0.2\n   Compiling axerrno v0.1.0 (https://github.com/Starry-OS/axerrno.git#3e2372cd)\n    Checking embedded-hal v0.2.7\n    Checking bit_field v0.10.2\n    Checking sbi-spec v0.0.4\n   Compiling axconfig v0.1.0 (/home/runner/check/batch_1/Starry-OS/Starry-Old/modules/axconfig)\n   Compiling axconfig v0.1.0 (https://github.com/Starry-OS/axconfig.git#2a880338)\n    Checking sbi-rt v0.0.2\n    Checking axio v0.1.0 (https://github.com/Starry-OS/axio.git#010ddddb)\nerror[E0787]: the `asm!` macro is not allowed in naked functions\n   --> /home/runner/.cargo/git/checkouts/taskctx-38ebba1102c121c2/3c3ad2f/src/arch/riscv.rs:102:5\n    |\n102 | /     asm!(\n103 | |         \"\n104 | |         // save old context (callee-saved registers)\n105 | |         STR     ra, a0, 0\n...   |\n137 | |         options(noreturn),\n138 | |     )\n    | |_____^ consider using the `naked_asm!` macro instead\n\nFor more information about this error, try `rustc --explain E0787`.\nerror: could not compile `taskctx` (lib) due to 1 previous error\nwarning: build failed, waiting for other jobs to finish...\n02:50:08|RAP|ERROR|: Finished with non-zero exit code.\n"]}},{"file":"(virtual) semver-checks","count":1,"kinds":{"Cargo":["// pkg_name=axstd, checker=SemverChecks\n// toolchain=nightly-2024-05-02, target=riscv64gc-unknown-none-elf\n// pkg_dir=/home/runner/check/batch_1/Starry-OS/Starry-Old/ulib/axstd\n// cmd=cargo +nightly-2025-01-07-x86_64-unknown-linux-gnu semver-checks --target riscv64gc-unknown-none-elf\n// timestamp=2025-01-10 10:36:02.269752184 +08:00:00\n    Building axstd v0.1.0 (current)\nerror: running cargo-doc on crate 'axstd' failed with output:\n-----\n    Checking log v0.4.22\n   Compiling winnow v0.6.22\n   Compiling serde v1.0.217\n   Compiling proc-macro2 v1.0.92\nerror[E0463]: can't find crate for `core`\n  |\n  = note: the `riscv64gc-unknown-none-elf` target may not be installed\n  = help: consider downloading the target with `rustup target add riscv64gc-unknown-none-elf`\n  = help: consider building the standard library from source with `cargo build -Zbuild-std`\n\nFor more information about this error, try `rustc --explain E0463`.\nerror: could not compile `log` (lib) due to 1 previous error\nwarning: build failed, waiting for other jobs to finish...\n\n-----\n\nerror: failed to build rustdoc for crate axstd v0.1.0\nnote: this is usually due to a compilation error in the crate,\n      and is unlikely to be a bug in cargo-semver-checks\nnote: the following command can be used to reproduce the compilation error:\n      cargo new --lib example &&\n          cd example &&\n          echo '[workspace]' >> Cargo.toml &&\n          cargo add --path /home/runner/check/batch_1/Starry-OS/Starry-Old/ulib/axstd --features alloc,alloc-buddy,alloc-slab,alloc-tlsf,bus-mmio,bus-pci,default,display,dns,driver-bcm2835-sdhci,driver-ixgbe,driver-ramdisk,fatfs,fp_simd,fs,irq,log-level-debug,log-level-error,log-level-info,log-level-off,log-level-trace,log-level-warn,lwext4_rust,multitask,myfs,net,paging,sched_cfs,sched_fifo,sched_rr,smp,tls &&\n          cargo check\n\nerror: aborting due to failure to build rustdoc for crate axstd v0.1.0\n"]}},{"file":"[semver checks]","count":1,"kinds":{"Semver Violation":["pkg=axstd, checker=SemverChecks\ntoolchain=nightly-2024-05-02, target=riscv64gc-unknown-none-elf\npkg_dir=/home/runner/check/batch_1/Starry-OS/Starry-Old/ulib/axstd\ncmd=cargo +nightly-2025-01-07-x86_64-unknown-linux-gnu semver-checks --target riscv64gc-unknown-none-elf\ntimestamp=2025-01-10 10:36:11.978438923 +08:00:00\n\n\nstdout:\n\nstderr:\n    Building axstd v0.1.0 (current)\nerror: running cargo-doc on crate 'axstd' failed with output:\n-----\n    Checking log v0.4.22\n   Compiling winnow v0.6.22\n   Compiling serde v1.0.217\n   Compiling proc-macro2 v1.0.92\nerror[E0463]: can't find crate for `core`\n  |\n  = note: the `riscv64gc-unknown-none-elf` target may not be installed\n  = help: consider downloading the target with `rustup target add riscv64gc-unknown-none-elf`\n  = help: consider building the standard library from source with `cargo build -Zbuild-std`\n\nFor more information about this error, try `rustc --explain E0463`.\nerror: could not compile `log` (lib) due to 1 previous error\nwarning: build failed, waiting for other jobs to finish...\n\n-----\n\nerror: failed to build rustdoc for crate axstd v0.1.0\nnote: this is usually due to a compilation error in the crate,\n      and is unlikely to be a bug in cargo-semver-checks\nnote: the following command can be used to reproduce the compilation error:\n      cargo new --lib example &&\n          cd example &&\n          echo '[workspace]' >> Cargo.toml &&\n          cargo add --path /home/runner/check/batch_1/Starry-OS/Starry-Old/ulib/axstd --features alloc,alloc-buddy,alloc-slab,alloc-tlsf,bus-mmio,bus-pci,default,display,dns,driver-bcm2835-sdhci,driver-ixgbe,driver-ramdisk,fatfs,fp_simd,fs,irq,log-level-debug,log-level-error,log-level-info,log-level-off,log-level-trace,log-level-warn,lwext4_rust,multitask,myfs,net,paging,sched_cfs,sched_fifo,sched_rr,smp,tls &&\n          cargo check\n\nerror: aborting due to failure to build rustdoc for crate axstd v0.1.0\n"]}},{"file":"modules/axtrap/src/arch/riscv/mod.rs","count":1,"kinds":{"Clippy(Warn)":["warning: unused variable: `stval`\n  --> modules/axtrap/src/arch/riscv/mod.rs:45:9\n   |\n45 |     let stval = riscv::register::stval::read();\n   |         ^^^^^ help: if this is intentional, prefix it with an underscore: `_stval`\n   |\n   = note: `#[warn(unused_variables)]` on by default\n\n"]}}]},{"user":"Starry-OS","repo":"Starry-Old","pkg":"axtask","count":5,"raw_reports":[{"file":"(virtual) lockbud","count":1,"kinds":{"Cargo":["// pkg_name=axtask, checker=Lockbud\n// toolchain=nightly-2024-05-02, target=riscv64gc-unknown-none-elf\n// pkg_dir=/home/runner/check/batch_1/Starry-OS/Starry-Old/modules/axtask\n// cmd=cargo +nightly-2024-12-01 lockbud -k all -- --target riscv64gc-unknown-none-elf\n// timestamp=2025-01-10 10:39:40.969221499 +08:00:00\n[2025-01-10T02:38:35Z WARN  lockbud::callbacks] [\n      {\n        \"AtomicityViolation\": {\n          \"bug_kind\": \"AtomicityViolation\",\n          \"possibility\": \"Possibly\",\n          \"diagnosis\": {\n            \"fn_name\": \"set_logger_racy\",\n            \"atomic_reader\": \"/home/runner/.cargo/registry/src/index.crates.io-6f17d22bba15001f/log-0.4.21/src/lib.rs:1408:11: 1408:39 (#0)\",\n            \"atomic_writer\": \"/home/runner/.cargo/registry/src/index.crates.io-6f17d22bba15001f/log-0.4.21/src/lib.rs:1411:13: 1411:55 (#0)\",\n            \"dep_kind\": \"Control\"\n          },\n          \"explanation\": \"atomic::store is data/control dependent on atomic::load\"\n        }\n      }\n    ]\n[2025-01-10T02:38:35Z WARN  lockbud::callbacks] crate log contains bugs: { probably: 0, possibly: 0 }, conflictlock: { probably: 0, possibly: 0 }, condvar_deadlock: { probably: 0, possibly: 0 }, atomicity_violation: { possibly: 1 }, invalid_free: { possibly: 0 }, use_after_free: { possibly: 0 }\n   Compiling taskctx v0.1.0 (https://github.com/Starry-OS/taskctx.git#3c3ad2fb)\nerror[E0787]: the `asm!` macro is not allowed in naked functions\n   --> /home/runner/.cargo/git/checkouts/taskctx-38ebba1102c121c2/3c3ad2f/src/arch/riscv.rs:102:5\n    |\n102 | /     asm!(\n103 | |         \"\n104 | |         // save old context (callee-saved registers)\n105 | |         STR     ra, a0, 0\n...   |\n137 | |         options(noreturn),\n138 | |     )\n    | |_____^ consider using the `naked_asm!` macro instead\n\nFor more information about this error, try `rustc --explain E0787`.\nerror: could not compile `taskctx` (lib) due to 1 previous error\n"]}},{"file":"(virtual) rapx","count":1,"kinds":{"Cargo":["// pkg_name=axtask, checker=Rapx\n// toolchain=nightly-2024-05-02, target=riscv64gc-unknown-none-elf\n// pkg_dir=/home/runner/check/batch_1/Starry-OS/Starry-Old/modules/axtask\n// cmd=cargo +nightly-2024-10-12 rapx -F -M -- --target riscv64gc-unknown-none-elf\n// timestamp=2025-01-10 10:50:58.322769281 +08:00:00\n   Compiling equivalent v1.0.1\n   Compiling serde v1.0.215\n   Compiling hashbrown v0.15.2\n   Compiling toml_datetime v0.6.8\n   Compiling winnow v0.6.20\n   Compiling proc-macro2 v1.0.92\n   Compiling indexmap v2.7.0\n   Compiling unicode-ident v1.0.14\n    Checking cfg-if v1.0.0\n    Checking log v0.4.21\n   Compiling quote v1.0.37\n   Compiling toml_edit v0.22.22\n   Compiling taskctx v0.1.0 (https://github.com/Starry-OS/taskctx.git#3c3ad2fb)\n    Checking memory_addr v0.1.0 (https://github.com/Starry-OS/memory_addr.git#a5be547a)\n   Compiling syn v2.0.90\n    Checking static_assertions v1.1.0\n    Checking numeric-enum-macro v0.2.0 (https://github.com/mexus/numeric-enum-macro#20aef288)\n   Compiling riscv v0.11.1\n    Checking tock-registers v0.8.1\n   Compiling percpu v0.1.0 (https://github.com/Starry-OS/percpu.git#85e6d8a7)\n    Checking spin v0.9.8\n    Checking lazy_static v1.5.0\n    Checking aarch64-cpu v9.4.0\n    Checking fdt v0.1.5\n    Checking critical-section v1.2.0\n    Checking embedded-hal v1.0.0\n    Checking sbi-spec v0.0.7\n    Checking bitflags v2.6.0\n    Checking sbi-rt v0.0.3\n    Checking of v0.1.0 (https://github.com/Starry-OS/of.git#45a65508)\n    Checking lazy_init v0.1.0 (https://github.com/Starry-OS/lazy_init.git#d0e87c05)\n    Checking ratio v0.1.0 (https://github.com/Starry-OS/ratio.git#0c8da4c3)\n    Checking handler_table v0.1.0 (https://github.com/Starry-OS/handler_table.git#d6495e7d)\n    Checking axbacktrace v0.1.0 (https://github.com/kern-crates/axbacktrace.git#c0371ca8)\n    Checking linked_list v0.1.0 (https://github.com/Starry-OS/linked_list.git#283dddc4)\n    Checking page_table_entry v0.1.0 (https://github.com/Starry-OS/page_table_entry.git#8a871b43)\n   Compiling axconfig v0.1.0 (/home/runner/check/batch_1/Starry-OS/Starry-Old/modules/axconfig)\n   Compiling axconfig v0.1.0 (https://github.com/Starry-OS/axconfig.git#2a880338)\n   Compiling crate_interface v0.1.1 (https://github.com/Starry-OS/crate_interface.git#d27dd960)\nerror[E0787]: the `asm!` macro is not allowed in naked functions\n   --> /home/runner/.cargo/git/checkouts/taskctx-38ebba1102c121c2/3c3ad2f/src/arch/riscv.rs:102:5\n    |\n102 | /     asm!(\n103 | |         \"\n104 | |         // save old context (callee-saved registers)\n105 | |         STR     ra, a0, 0\n...   |\n137 | |         options(noreturn),\n138 | |     )\n    | |_____^ consider using the `naked_asm!` macro instead\n\nFor more information about this error, try `rustc --explain E0787`.\nerror: could not compile `taskctx` (lib) due to 1 previous error\nwarning: build failed, waiting for other jobs to finish...\n02:51:05|RAP|ERROR|: Finished with non-zero exit code.\n"]}},{"file":"(virtual) semver-checks","count":1,"kinds":{"Cargo":["// pkg_name=axtask, checker=SemverChecks\n// toolchain=nightly-2024-05-02, target=riscv64gc-unknown-none-elf\n// pkg_dir=/home/runner/check/batch_1/Starry-OS/Starry-Old/modules/axtask\n// cmd=cargo +nightly-2025-01-07-x86_64-unknown-linux-gnu semver-checks --target riscv64gc-unknown-none-elf\n// timestamp=2025-01-10 10:37:00.627743924 +08:00:00\n    Building axtask v0.1.0 (current)\nerror: running cargo-doc on crate 'axtask' failed with output:\n-----\n    Checking log v0.4.22\n    Checking cfg-if v1.0.0\n   Compiling axconfig v0.1.0 (https://github.com/Starry-OS/axconfig.git#2a880338)\n    Checking memory_addr v0.1.0 (https://github.com/Starry-OS/memory_addr.git#a5be547a)\nerror[E0463]: can't find crate for `core`\n  |\n  = note: the `riscv64gc-unknown-none-elf` target may not be installed\n  = help: consider downloading the target with `rustup target add riscv64gc-unknown-none-elf`\n  = help: consider building the standard library from source with `cargo build -Zbuild-std`\n\nFor more information about this error, try `rustc --explain E0463`.\nerror: could not compile `cfg-if` (lib) due to 1 previous error\nwarning: build failed, waiting for other jobs to finish...\nerror: could not compile `memory_addr` (lib) due to 1 previous error\nerror: could not compile `log` (lib) due to 1 previous error\n\n-----\n\nerror: failed to build rustdoc for crate axtask v0.1.0\nnote: this is usually due to a compilation error in the crate,\n      and is unlikely to be a bug in cargo-semver-checks\nnote: the following command can be used to reproduce the compilation error:\n      cargo new --lib example &&\n          cd example &&\n          echo '[workspace]' >> Cargo.toml &&\n          cargo add --path /home/runner/check/batch_1/Starry-OS/Starry-Old/modules/axtask --features default,irq,kernel_guard,monolithic,multitask,preempt,sched_cfs,sched_fifo,sched_rr,test,tls &&\n          cargo check\n\nerror: aborting due to failure to build rustdoc for crate axtask v0.1.0\n"]}},{"file":"[outdated direct dependencies]","count":1,"kinds":{"Outdated":["pkg=axtask, checker=Outdated\ntoolchain=nightly-2024-05-02, target=riscv64gc-unknown-none-elf\npkg_dir=/home/runner/check/batch_1/Starry-OS/Starry-Old/modules/axtask\ncmd=cargo +nightly-2025-01-07-x86_64-unknown-linux-gnu outdated -R --exit-code=2\ntimestamp=2025-01-10 12:00:10.618144991 +08:00:00\n\nName  Project  Compat  Latest  Kind    Platform\n----  -------  ------  ------  ----    --------\nlog   0.4.21   0.4.22  0.4.22  Normal  ---\n"]}},{"file":"[semver checks]","count":1,"kinds":{"Semver Violation":["pkg=axtask, checker=SemverChecks\ntoolchain=nightly-2024-05-02, target=riscv64gc-unknown-none-elf\npkg_dir=/home/runner/check/batch_1/Starry-OS/Starry-Old/modules/axtask\ncmd=cargo +nightly-2025-01-07-x86_64-unknown-linux-gnu semver-checks --target riscv64gc-unknown-none-elf\ntimestamp=2025-01-10 10:37:06.537192222 +08:00:00\n\n\nstdout:\n\nstderr:\n    Building axtask v0.1.0 (current)\nerror: running cargo-doc on crate 'axtask' failed with output:\n-----\n    Checking log v0.4.22\n    Checking cfg-if v1.0.0\n   Compiling axconfig v0.1.0 (https://github.com/Starry-OS/axconfig.git#2a880338)\n    Checking memory_addr v0.1.0 (https://github.com/Starry-OS/memory_addr.git#a5be547a)\nerror[E0463]: can't find crate for `core`\n  |\n  = note: the `riscv64gc-unknown-none-elf` target may not be installed\n  = help: consider downloading the target with `rustup target add riscv64gc-unknown-none-elf`\n  = help: consider building the standard library from source with `cargo build -Zbuild-std`\n\nFor more information about this error, try `rustc --explain E0463`.\nerror: could not compile `cfg-if` (lib) due to 1 previous error\nwarning: build failed, waiting for other jobs to finish...\nerror: could not compile `memory_addr` (lib) due to 1 previous error\nerror: could not compile `log` (lib) due to 1 previous error\n\n-----\n\nerror: failed to build rustdoc for crate axtask v0.1.0\nnote: this is usually due to a compilation error in the crate,\n      and is unlikely to be a bug in cargo-semver-checks\nnote: the following command can be used to reproduce the compilation error:\n      cargo new --lib example &&\n          cd example &&\n          echo '[workspace]' >> Cargo.toml &&\n          cargo add --path /home/runner/check/batch_1/Starry-OS/Starry-Old/modules/axtask --features default,irq,kernel_guard,monolithic,multitask,preempt,sched_cfs,sched_fifo,sched_rr,test,tls &&\n          cargo check\n\nerror: aborting due to failure to build rustdoc for crate axtask v0.1.0\n"]}}]},{"user":"Starry-OS","repo":"Starry-Old","pkg":"arceos_api","count":4,"raw_reports":[{"file":"(virtual) lockbud","count":1,"kinds":{"Cargo":["// pkg_name=arceos_api, checker=Lockbud\n// toolchain=nightly-2024-05-02, target=riscv64gc-unknown-none-elf\n// pkg_dir=/home/runner/check/batch_1/Starry-OS/Starry-Old/api/arceos_api\n// cmd=cargo +nightly-2024-12-01 lockbud -k all -- --target riscv64gc-unknown-none-elf\n// timestamp=2025-01-10 10:38:49.36199511 +08:00:00\n[2025-01-10T02:38:35Z WARN  lockbud::callbacks] [\n      {\n        \"AtomicityViolation\": {\n          \"bug_kind\": \"AtomicityViolation\",\n          \"possibility\": \"Possibly\",\n          \"diagnosis\": {\n            \"fn_name\": \"set_logger_racy\",\n            \"atomic_reader\": \"/home/runner/.cargo/registry/src/index.crates.io-6f17d22bba15001f/log-0.4.21/src/lib.rs:1408:11: 1408:39 (#0)\",\n            \"atomic_writer\": \"/home/runner/.cargo/registry/src/index.crates.io-6f17d22bba15001f/log-0.4.21/src/lib.rs:1411:13: 1411:55 (#0)\",\n            \"dep_kind\": \"Control\"\n          },\n          \"explanation\": \"atomic::store is data/control dependent on atomic::load\"\n        }\n      }\n    ]\n[2025-01-10T02:38:35Z WARN  lockbud::callbacks] crate log contains bugs: { probably: 0, possibly: 0 }, conflictlock: { probably: 0, possibly: 0 }, condvar_deadlock: { probably: 0, possibly: 0 }, atomicity_violation: { possibly: 1 }, invalid_free: { possibly: 0 }, use_after_free: { possibly: 0 }\n   Compiling tock-registers v0.8.1\n   Compiling taskctx v0.1.0 (https://github.com/Starry-OS/taskctx.git#3c3ad2fb)\n   Compiling riscv v0.11.1\n   Compiling spin v0.9.8\nerror[E0787]: the `asm!` macro is not allowed in naked functions\n   --> /home/runner/.cargo/git/checkouts/taskctx-38ebba1102c121c2/3c3ad2f/src/arch/riscv.rs:102:5\n    |\n102 | /     asm!(\n103 | |         \"\n104 | |         // save old context (callee-saved registers)\n105 | |         STR     ra, a0, 0\n...   |\n137 | |         options(noreturn),\n138 | |     )\n    | |_____^ consider using the `naked_asm!` macro instead\n\nFor more information about this error, try `rustc --explain E0787`.\nerror: could not compile `taskctx` (lib) due to 1 previous error\nwarning: build failed, waiting for other jobs to finish...\n"]}},{"file":"(virtual) rapx","count":1,"kinds":{"Cargo":["// pkg_name=arceos_api, checker=Rapx\n// toolchain=nightly-2024-05-02, target=riscv64gc-unknown-none-elf\n// pkg_dir=/home/runner/check/batch_1/Starry-OS/Starry-Old/api/arceos_api\n// cmd=cargo +nightly-2024-10-12 rapx -F -M -- --target riscv64gc-unknown-none-elf\n// timestamp=2025-01-10 10:41:00.31346886 +08:00:00\n   Compiling equivalent v1.0.1\n   Compiling serde v1.0.215\n   Compiling hashbrown v0.15.2\n   Compiling toml_datetime v0.6.8\n   Compiling winnow v0.6.20\n   Compiling proc-macro2 v1.0.92\n   Compiling indexmap v2.7.0\n    Checking log v0.4.21\n   Compiling unicode-ident v1.0.14\n    Checking cfg-if v1.0.0\n   Compiling taskctx v0.1.0 (https://github.com/Starry-OS/taskctx.git#3c3ad2fb)\n   Compiling quote v1.0.37\n   Compiling toml_edit v0.22.22\n    Checking memory_addr v0.1.0 (https://github.com/Starry-OS/memory_addr.git#a5be547a)\n   Compiling syn v2.0.90\n    Checking static_assertions v1.1.0\n    Checking numeric-enum-macro v0.2.0 (https://github.com/mexus/numeric-enum-macro#20aef288)\n   Compiling riscv v0.11.1\n   Compiling percpu v0.1.0 (https://github.com/Starry-OS/percpu.git#85e6d8a7)\n    Checking spin v0.9.8\n    Checking tock-registers v0.8.1\n    Checking aarch64-cpu v9.4.0\n    Checking lazy_static v1.5.0\n    Checking sbi-spec v0.0.7\n    Checking bitflags v2.6.0\n    Checking critical-section v1.2.0\n    Checking fdt v0.1.5\n    Checking embedded-hal v1.0.0\n    Checking of v0.1.0 (https://github.com/Starry-OS/of.git#45a65508)\n    Checking sbi-rt v0.0.3\n    Checking lazy_init v0.1.0 (https://github.com/Starry-OS/lazy_init.git#d0e87c05)\n    Checking ratio v0.1.0 (https://github.com/Starry-OS/ratio.git#0c8da4c3)\n    Checking handler_table v0.1.0 (https://github.com/Starry-OS/handler_table.git#d6495e7d)\n    Checking axbacktrace v0.1.0 (https://github.com/kern-crates/axbacktrace.git#c0371ca8)\n    Checking page_table_entry v0.1.0 (https://github.com/Starry-OS/page_table_entry.git#8a871b43)\n   Compiling axerrno v0.1.0 (https://github.com/Starry-OS/axerrno.git#3e2372cd)\n    Checking linked_list v0.1.0 (https://github.com/Starry-OS/linked_list.git#283dddc4)\n    Checking axio v0.1.0 (https://github.com/Starry-OS/axio.git#010ddddb)\n   Compiling axconfig v0.1.0 (https://github.com/Starry-OS/axconfig.git#2a880338)\n   Compiling axconfig v0.1.0 (/home/runner/check/batch_1/Starry-OS/Starry-Old/modules/axconfig)\n   Compiling crate_interface v0.1.1 (https://github.com/Starry-OS/crate_interface.git#d27dd960)\n   Compiling percpu_macros v0.1.0 (https://github.com/Starry-OS/percpu_macros.git#b785b814)\nerror[E0787]: the `asm!` macro is not allowed in naked functions\n   --> /home/runner/.cargo/git/checkouts/taskctx-38ebba1102c121c2/3c3ad2f/src/arch/riscv.rs:102:5\n    |\n102 | /     asm!(\n103 | |         \"\n104 | |         // save old context (callee-saved registers)\n105 | |         STR     ra, a0, 0\n...   |\n137 | |         options(noreturn),\n138 | |     )\n    | |_____^ consider using the `naked_asm!` macro instead\n\nFor more information about this error, try `rustc --explain E0787`.\nerror: could not compile `taskctx` (lib) due to 1 previous error\nwarning: build failed, waiting for other jobs to finish...\n02:41:07|RAP|ERROR|: Finished with non-zero exit code.\n"]}},{"file":"(virtual) semver-checks","count":1,"kinds":{"Cargo":["// pkg_name=arceos_api, checker=SemverChecks\n// toolchain=nightly-2024-05-02, target=riscv64gc-unknown-none-elf\n// pkg_dir=/home/runner/check/batch_1/Starry-OS/Starry-Old/api/arceos_api\n// cmd=cargo +nightly-2025-01-07-x86_64-unknown-linux-gnu semver-checks --target riscv64gc-unknown-none-elf\n// timestamp=2025-01-10 10:27:00.334671772 +08:00:00\n    Building arceos_api v0.1.0 (current)\nerror: running cargo-doc on crate 'arceos_api' failed with output:\n-----\n    Checking log v0.4.22\n   Compiling proc-macro2 v1.0.92\n   Compiling serde v1.0.217\n   Compiling toml_datetime v0.6.8\n   Compiling winnow v0.6.22\nerror[E0463]: can't find crate for `core`\n  |\n  = note: the `riscv64gc-unknown-none-elf` target may not be installed\n  = help: consider downloading the target with `rustup target add riscv64gc-unknown-none-elf`\n  = help: consider building the standard library from source with `cargo build -Zbuild-std`\n\nFor more information about this error, try `rustc --explain E0463`.\nerror: could not compile `log` (lib) due to 1 previous error\nwarning: build failed, waiting for other jobs to finish...\n\n-----\n\nerror: failed to build rustdoc for crate arceos_api v0.1.0\nnote: this is usually due to a compilation error in the crate,\n      and is unlikely to be a bug in cargo-semver-checks\nnote: the following command can be used to reproduce the compilation error:\n      cargo new --lib example &&\n          cd example &&\n          echo '[workspace]' >> Cargo.toml &&\n          cargo add --path /home/runner/check/batch_1/Starry-OS/Starry-Old/api/arceos_api --features alloc,axtask,default,display,dummy-if-not-enabled,fs,irq,multitask,myfs,net &&\n          cargo check\n\nerror: aborting due to failure to build rustdoc for crate arceos_api v0.1.0\n"]}},{"file":"[semver checks]","count":1,"kinds":{"Semver Violation":["pkg=arceos_api, checker=SemverChecks\ntoolchain=nightly-2024-05-02, target=riscv64gc-unknown-none-elf\npkg_dir=/home/runner/check/batch_1/Starry-OS/Starry-Old/api/arceos_api\ncmd=cargo +nightly-2025-01-07-x86_64-unknown-linux-gnu semver-checks --target riscv64gc-unknown-none-elf\ntimestamp=2025-01-10 10:27:09.190161678 +08:00:00\n\n\nstdout:\n\nstderr:\n    Building arceos_api v0.1.0 (current)\nerror: running cargo-doc on crate 'arceos_api' failed with output:\n-----\n    Checking log v0.4.22\n   Compiling proc-macro2 v1.0.92\n   Compiling serde v1.0.217\n   Compiling toml_datetime v0.6.8\n   Compiling winnow v0.6.22\nerror[E0463]: can't find crate for `core`\n  |\n  = note: the `riscv64gc-unknown-none-elf` target may not be installed\n  = help: consider downloading the target with `rustup target add riscv64gc-unknown-none-elf`\n  = help: consider building the standard library from source with `cargo build -Zbuild-std`\n\nFor more information about this error, try `rustc --explain E0463`.\nerror: could not compile `log` (lib) due to 1 previous error\nwarning: build failed, waiting for other jobs to finish...\n\n-----\n\nerror: failed to build rustdoc for crate arceos_api v0.1.0\nnote: this is usually due to a compilation error in the crate,\n      and is unlikely to be a bug in cargo-semver-checks\nnote: the following command can be used to reproduce the compilation error:\n      cargo new --lib example &&\n          cd example &&\n          echo '[workspace]' >> Cargo.toml &&\n          cargo add --path /home/runner/check/batch_1/Starry-OS/Starry-Old/api/arceos_api --features alloc,axtask,default,display,dummy-if-not-enabled,fs,irq,multitask,myfs,net &&\n          cargo check\n\nerror: aborting due to failure to build rustdoc for crate arceos_api v0.1.0\n"]}}]},{"user":"Starry-OS","repo":"Starry-Old","pkg":"axfeat","count":4,"raw_reports":[{"file":"(virtual) lockbud","count":1,"kinds":{"Cargo":["// pkg_name=axfeat, checker=Lockbud\n// toolchain=nightly-2024-05-02, target=riscv64gc-unknown-none-elf\n// pkg_dir=/home/runner/check/batch_1/Starry-OS/Starry-Old/api/axfeat\n// cmd=cargo +nightly-2024-12-01 lockbud -k all -- --target riscv64gc-unknown-none-elf\n// timestamp=2025-01-10 10:39:07.52825244 +08:00:00\n[2025-01-10T02:38:35Z WARN  lockbud::callbacks] [\n      {\n        \"AtomicityViolation\": {\n          \"bug_kind\": \"AtomicityViolation\",\n          \"possibility\": \"Possibly\",\n          \"diagnosis\": {\n            \"fn_name\": \"set_logger_racy\",\n            \"atomic_reader\": \"/home/runner/.cargo/registry/src/index.crates.io-6f17d22bba15001f/log-0.4.21/src/lib.rs:1408:11: 1408:39 (#0)\",\n            \"atomic_writer\": \"/home/runner/.cargo/registry/src/index.crates.io-6f17d22bba15001f/log-0.4.21/src/lib.rs:1411:13: 1411:55 (#0)\",\n            \"dep_kind\": \"Control\"\n          },\n          \"explanation\": \"atomic::store is data/control dependent on atomic::load\"\n        }\n      }\n    ]\n[2025-01-10T02:38:35Z WARN  lockbud::callbacks] crate log contains bugs: { probably: 0, possibly: 0 }, conflictlock: { probably: 0, possibly: 0 }, condvar_deadlock: { probably: 0, possibly: 0 }, atomicity_violation: { possibly: 1 }, invalid_free: { possibly: 0 }, use_after_free: { possibly: 0 }\n   Compiling taskctx v0.1.0 (https://github.com/Starry-OS/taskctx.git#3c3ad2fb)\n   Compiling axbacktrace v0.1.0 (https://github.com/kern-crates/axbacktrace.git#c0371ca8)\n   Compiling linked_list v0.1.0 (https://github.com/Starry-OS/linked_list.git#283dddc4)\nerror[E0787]: the `asm!` macro is not allowed in naked functions\n   --> /home/runner/.cargo/git/checkouts/taskctx-38ebba1102c121c2/3c3ad2f/src/arch/riscv.rs:102:5\n    |\n102 | /     asm!(\n103 | |         \"\n104 | |         // save old context (callee-saved registers)\n105 | |         STR     ra, a0, 0\n...   |\n137 | |         options(noreturn),\n138 | |     )\n    | |_____^ consider using the `naked_asm!` macro instead\n\nFor more information about this error, try `rustc --explain E0787`.\nerror: could not compile `taskctx` (lib) due to 1 previous error\nwarning: build failed, waiting for other jobs to finish...\n"]}},{"file":"(virtual) rapx","count":1,"kinds":{"Cargo":["// pkg_name=axfeat, checker=Rapx\n// toolchain=nightly-2024-05-02, target=riscv64gc-unknown-none-elf\n// pkg_dir=/home/runner/check/batch_1/Starry-OS/Starry-Old/api/axfeat\n// cmd=cargo +nightly-2024-10-12 rapx -F -M -- --target riscv64gc-unknown-none-elf\n// timestamp=2025-01-10 10:44:06.722902122 +08:00:00\n   Compiling serde v1.0.215\n   Compiling equivalent v1.0.1\n   Compiling hashbrown v0.15.2\n   Compiling toml_datetime v0.6.8\n   Compiling winnow v0.6.20\n   Compiling proc-macro2 v1.0.92\n   Compiling indexmap v2.7.0\n   Compiling unicode-ident v1.0.14\n    Checking cfg-if v1.0.0\n   Compiling quote v1.0.37\n    Checking memory_addr v0.1.0 (https://github.com/Starry-OS/memory_addr.git#a5be547a)\n   Compiling toml_edit v0.22.22\n    Checking log v0.4.21\n   Compiling taskctx v0.1.0 (https://github.com/Starry-OS/taskctx.git#3c3ad2fb)\n   Compiling syn v2.0.90\n    Checking static_assertions v1.1.0\n    Checking numeric-enum-macro v0.2.0 (https://github.com/mexus/numeric-enum-macro#20aef288)\n    Checking spin v0.9.8\n   Compiling percpu v0.1.0 (https://github.com/Starry-OS/percpu.git#85e6d8a7)\n    Checking tock-registers v0.8.1\n   Compiling riscv v0.11.1\n    Checking aarch64-cpu v9.4.0\n    Checking lazy_static v1.5.0\n    Checking fdt v0.1.5\n    Checking critical-section v1.2.0\n    Checking sbi-spec v0.0.7\n    Checking bitflags v2.6.0\n    Checking embedded-hal v1.0.0\n    Checking sbi-rt v0.0.3\n    Checking of v0.1.0 (https://github.com/Starry-OS/of.git#45a65508)\n    Checking handler_table v0.1.0 (https://github.com/Starry-OS/handler_table.git#d6495e7d)\n    Checking lazy_init v0.1.0 (https://github.com/Starry-OS/lazy_init.git#d0e87c05)\n    Checking ratio v0.1.0 (https://github.com/Starry-OS/ratio.git#0c8da4c3)\n    Checking axbacktrace v0.1.0 (https://github.com/kern-crates/axbacktrace.git#c0371ca8)\n    Checking linked_list v0.1.0 (https://github.com/Starry-OS/linked_list.git#283dddc4)\n    Checking page_table_entry v0.1.0 (https://github.com/Starry-OS/page_table_entry.git#8a871b43)\n   Compiling axconfig v0.1.0 (https://github.com/Starry-OS/axconfig.git#2a880338)\n   Compiling axconfig v0.1.0 (/home/runner/check/batch_1/Starry-OS/Starry-Old/modules/axconfig)\nerror[E0787]: the `asm!` macro is not allowed in naked functions\n   --> /home/runner/.cargo/git/checkouts/taskctx-38ebba1102c121c2/3c3ad2f/src/arch/riscv.rs:102:5\n    |\n102 | /     asm!(\n103 | |         \"\n104 | |         // save old context (callee-saved registers)\n105 | |         STR     ra, a0, 0\n...   |\n137 | |         options(noreturn),\n138 | |     )\n    | |_____^ consider using the `naked_asm!` macro instead\n\nFor more information about this error, try `rustc --explain E0787`.\nerror: could not compile `taskctx` (lib) due to 1 previous error\nwarning: build failed, waiting for other jobs to finish...\n02:44:13|RAP|ERROR|: Finished with non-zero exit code.\n"]}},{"file":"(virtual) semver-checks","count":1,"kinds":{"Cargo":["// pkg_name=axfeat, checker=SemverChecks\n// toolchain=nightly-2024-05-02, target=riscv64gc-unknown-none-elf\n// pkg_dir=/home/runner/check/batch_1/Starry-OS/Starry-Old/api/axfeat\n// cmd=cargo +nightly-2025-01-07-x86_64-unknown-linux-gnu semver-checks --target riscv64gc-unknown-none-elf\n// timestamp=2025-01-10 10:30:01.277598978 +08:00:00\n    Building axfeat v0.1.0 (current)\nerror: running cargo-doc on crate 'axfeat' failed with output:\n-----\n    Checking log v0.4.22\n   Compiling indexmap v2.7.0\n   Compiling proc-macro2 v1.0.92\n   Compiling winnow v0.6.22\nerror[E0463]: can't find crate for `core`\n  |\n  = note: the `riscv64gc-unknown-none-elf` target may not be installed\n  = help: consider downloading the target with `rustup target add riscv64gc-unknown-none-elf`\n  = help: consider building the standard library from source with `cargo build -Zbuild-std`\n\nFor more information about this error, try `rustc --explain E0463`.\nerror: could not compile `log` (lib) due to 1 previous error\nwarning: build failed, waiting for other jobs to finish...\n\n-----\n\nerror: failed to build rustdoc for crate axfeat v0.1.0\nnote: this is usually due to a compilation error in the crate,\n      and is unlikely to be a bug in cargo-semver-checks\nnote: the following command can be used to reproduce the compilation error:\n      cargo new --lib example &&\n          cd example &&\n          echo '[workspace]' >> Cargo.toml &&\n          cargo add --path /home/runner/check/batch_1/Starry-OS/Starry-Old/api/axfeat --features alloc,alloc-buddy,alloc-slab,alloc-tlsf,another_ext4,axalloc,axdriver,axsync,axtask,bus-mmio,bus-pci,default,display,driver-bcm2835-sdhci,driver-e1000,driver-ixgbe,driver-ramdisk,ext4_rs,fatfs,fp_simd,fs,img,irq,log-level-debug,log-level-error,log-level-info,log-level-off,log-level-trace,log-level-warn,lwext4_rust,monolithic,multitask,myfs,net,paging,sched_cfs,sched_fifo,sched_rr,smp,spinlock,taskctx,tls &&\n          cargo check\n\nerror: aborting due to failure to build rustdoc for crate axfeat v0.1.0\n"]}},{"file":"[semver checks]","count":1,"kinds":{"Semver Violation":["pkg=axfeat, checker=SemverChecks\ntoolchain=nightly-2024-05-02, target=riscv64gc-unknown-none-elf\npkg_dir=/home/runner/check/batch_1/Starry-OS/Starry-Old/api/axfeat\ncmd=cargo +nightly-2025-01-07-x86_64-unknown-linux-gnu semver-checks --target riscv64gc-unknown-none-elf\ntimestamp=2025-01-10 10:30:11.351489043 +08:00:00\n\n\nstdout:\n\nstderr:\n    Building axfeat v0.1.0 (current)\nerror: running cargo-doc on crate 'axfeat' failed with output:\n-----\n    Checking log v0.4.22\n   Compiling indexmap v2.7.0\n   Compiling proc-macro2 v1.0.92\n   Compiling winnow v0.6.22\nerror[E0463]: can't find crate for `core`\n  |\n  = note: the `riscv64gc-unknown-none-elf` target may not be installed\n  = help: consider downloading the target with `rustup target add riscv64gc-unknown-none-elf`\n  = help: consider building the standard library from source with `cargo build -Zbuild-std`\n\nFor more information about this error, try `rustc --explain E0463`.\nerror: could not compile `log` (lib) due to 1 previous error\nwarning: build failed, waiting for other jobs to finish...\n\n-----\n\nerror: failed to build rustdoc for crate axfeat v0.1.0\nnote: this is usually due to a compilation error in the crate,\n      and is unlikely to be a bug in cargo-semver-checks\nnote: the following command can be used to reproduce the compilation error:\n      cargo new --lib example &&\n          cd example &&\n          echo '[workspace]' >> Cargo.toml &&\n          cargo add --path /home/runner/check/batch_1/Starry-OS/Starry-Old/api/axfeat --features alloc,alloc-buddy,alloc-slab,alloc-tlsf,another_ext4,axalloc,axdriver,axsync,axtask,bus-mmio,bus-pci,default,display,driver-bcm2835-sdhci,driver-e1000,driver-ixgbe,driver-ramdisk,ext4_rs,fatfs,fp_simd,fs,img,irq,log-level-debug,log-level-error,log-level-info,log-level-off,log-level-trace,log-level-warn,lwext4_rust,monolithic,multitask,myfs,net,paging,sched_cfs,sched_fifo,sched_rr,smp,spinlock,taskctx,tls &&\n          cargo check\n\nerror: aborting due to failure to build rustdoc for crate axfeat v0.1.0\n"]}}]},{"user":"Starry-OS","repo":"Starry-Old","pkg":"axruntime","count":4,"raw_reports":[{"file":"(virtual) lockbud","count":1,"kinds":{"Cargo":["// pkg_name=axruntime, checker=Lockbud\n// toolchain=nightly-2024-05-02, target=riscv64gc-unknown-none-elf\n// pkg_dir=/home/runner/check/batch_1/Starry-OS/Starry-Old/modules/axruntime\n// cmd=cargo +nightly-2024-12-01 lockbud -k all -- --target riscv64gc-unknown-none-elf\n// timestamp=2025-01-10 10:39:31.606762407 +08:00:00\n[2025-01-10T02:38:35Z WARN  lockbud::callbacks] [\n      {\n        \"AtomicityViolation\": {\n          \"bug_kind\": \"AtomicityViolation\",\n          \"possibility\": \"Possibly\",\n          \"diagnosis\": {\n            \"fn_name\": \"set_logger_racy\",\n            \"atomic_reader\": \"/home/runner/.cargo/registry/src/index.crates.io-6f17d22bba15001f/log-0.4.21/src/lib.rs:1408:11: 1408:39 (#0)\",\n            \"atomic_writer\": \"/home/runner/.cargo/registry/src/index.crates.io-6f17d22bba15001f/log-0.4.21/src/lib.rs:1411:13: 1411:55 (#0)\",\n            \"dep_kind\": \"Control\"\n          },\n          \"explanation\": \"atomic::store is data/control dependent on atomic::load\"\n        }\n      }\n    ]\n[2025-01-10T02:38:35Z WARN  lockbud::callbacks] crate log contains bugs: { probably: 0, possibly: 0 }, conflictlock: { probably: 0, possibly: 0 }, condvar_deadlock: { probably: 0, possibly: 0 }, atomicity_violation: { possibly: 1 }, invalid_free: { possibly: 0 }, use_after_free: { possibly: 0 }\n   Compiling taskctx v0.1.0 (https://github.com/Starry-OS/taskctx.git#3c3ad2fb)\nerror[E0787]: the `asm!` macro is not allowed in naked functions\n   --> /home/runner/.cargo/git/checkouts/taskctx-38ebba1102c121c2/3c3ad2f/src/arch/riscv.rs:102:5\n    |\n102 | /     asm!(\n103 | |         \"\n104 | |         // save old context (callee-saved registers)\n105 | |         STR     ra, a0, 0\n...   |\n137 | |         options(noreturn),\n138 | |     )\n    | |_____^ consider using the `naked_asm!` macro instead\n\nFor more information about this error, try `rustc --explain E0787`.\nerror: could not compile `taskctx` (lib) due to 1 previous error\n"]}},{"file":"(virtual) rapx","count":1,"kinds":{"Cargo":["// pkg_name=axruntime, checker=Rapx\n// toolchain=nightly-2024-05-02, target=riscv64gc-unknown-none-elf\n// pkg_dir=/home/runner/check/batch_1/Starry-OS/Starry-Old/modules/axruntime\n// cmd=cargo +nightly-2024-10-12 rapx -F -M -- --target riscv64gc-unknown-none-elf\n// timestamp=2025-01-10 10:48:32.949601527 +08:00:00\n   Compiling equivalent v1.0.1\n   Compiling hashbrown v0.15.2\n   Compiling serde v1.0.215\n   Compiling toml_datetime v0.6.8\n   Compiling winnow v0.6.20\n   Compiling proc-macro2 v1.0.92\n   Compiling indexmap v2.7.0\n   Compiling unicode-ident v1.0.14\n    Checking cfg-if v1.0.0\n    Checking log v0.4.21\n   Compiling quote v1.0.37\n   Compiling toml_edit v0.22.22\n    Checking memory_addr v0.1.0 (https://github.com/Starry-OS/memory_addr.git#a5be547a)\n   Compiling taskctx v0.1.0 (https://github.com/Starry-OS/taskctx.git#3c3ad2fb)\n   Compiling syn v2.0.90\n    Checking static_assertions v1.1.0\n    Checking numeric-enum-macro v0.2.0 (https://github.com/mexus/numeric-enum-macro#20aef288)\n    Checking spin v0.9.8\n   Compiling riscv v0.11.1\n   Compiling percpu v0.1.0 (https://github.com/Starry-OS/percpu.git#85e6d8a7)\n    Checking tock-registers v0.8.1\n    Checking aarch64-cpu v9.4.0\n    Checking lazy_static v1.5.0\n    Checking bitflags v2.6.0\n    Checking embedded-hal v1.0.0\n    Checking sbi-spec v0.0.7\n    Checking fdt v0.1.5\n    Checking critical-section v1.2.0\n    Checking of v0.1.0 (https://github.com/Starry-OS/of.git#45a65508)\n    Checking sbi-rt v0.0.3\n    Checking lazy_init v0.1.0 (https://github.com/Starry-OS/lazy_init.git#d0e87c05)\n    Checking handler_table v0.1.0 (https://github.com/Starry-OS/handler_table.git#d6495e7d)\n    Checking ratio v0.1.0 (https://github.com/Starry-OS/ratio.git#0c8da4c3)\n    Checking axbacktrace v0.1.0 (https://github.com/kern-crates/axbacktrace.git#c0371ca8)\n    Checking page_table_entry v0.1.0 (https://github.com/Starry-OS/page_table_entry.git#8a871b43)\n    Checking linked_list v0.1.0 (https://github.com/Starry-OS/linked_list.git#283dddc4)\n   Compiling axconfig v0.1.0 (/home/runner/check/batch_1/Starry-OS/Starry-Old/modules/axconfig)\n   Compiling axconfig v0.1.0 (https://github.com/Starry-OS/axconfig.git#2a880338)\n   Compiling percpu_macros v0.1.0 (https://github.com/Starry-OS/percpu_macros.git#b785b814)\nerror[E0787]: the `asm!` macro is not allowed in naked functions\n   --> /home/runner/.cargo/git/checkouts/taskctx-38ebba1102c121c2/3c3ad2f/src/arch/riscv.rs:102:5\n    |\n102 | /     asm!(\n103 | |         \"\n104 | |         // save old context (callee-saved registers)\n105 | |         STR     ra, a0, 0\n...   |\n137 | |         options(noreturn),\n138 | |     )\n    | |_____^ consider using the `naked_asm!` macro instead\n\nFor more information about this error, try `rustc --explain E0787`.\nerror: could not compile `taskctx` (lib) due to 1 previous error\nwarning: build failed, waiting for other jobs to finish...\n02:48:39|RAP|ERROR|: Finished with non-zero exit code.\n"]}},{"file":"(virtual) semver-checks","count":1,"kinds":{"Cargo":["// pkg_name=axruntime, checker=SemverChecks\n// toolchain=nightly-2024-05-02, target=riscv64gc-unknown-none-elf\n// pkg_dir=/home/runner/check/batch_1/Starry-OS/Starry-Old/modules/axruntime\n// cmd=cargo +nightly-2025-01-07-x86_64-unknown-linux-gnu semver-checks --target riscv64gc-unknown-none-elf\n// timestamp=2025-01-10 10:34:29.339436506 +08:00:00\n    Building axruntime v0.1.0 (current)\nerror: running cargo-doc on crate 'axruntime' failed with output:\n-----\n    Checking log v0.4.22\n   Compiling serde v1.0.217\n   Compiling proc-macro2 v1.0.92\n   Compiling indexmap v2.7.0\n   Compiling winnow v0.6.22\nerror[E0463]: can't find crate for `core`\n  |\n  = note: the `riscv64gc-unknown-none-elf` target may not be installed\n  = help: consider downloading the target with `rustup target add riscv64gc-unknown-none-elf`\n  = help: consider building the standard library from source with `cargo build -Zbuild-std`\n\nFor more information about this error, try `rustc --explain E0463`.\nerror: could not compile `log` (lib) due to 1 previous error\nwarning: build failed, waiting for other jobs to finish...\n\n-----\n\nerror: failed to build rustdoc for crate axruntime v0.1.0\nnote: this is usually due to a compilation error in the crate,\n      and is unlikely to be a bug in cargo-semver-checks\nnote: the following command can be used to reproduce the compilation error:\n      cargo new --lib example &&\n          cd example &&\n          echo '[workspace]' >> Cargo.toml &&\n          cargo add --path /home/runner/check/batch_1/Starry-OS/Starry-Old/modules/axruntime --features alloc,axalloc,axdisplay,axdriver,axfs,axmem,axnet,axprocess,default,display,fs,img,irq,kernel_guard,lazy_init,monolithic,multitask,net,paging,percpu,smp,tls &&\n          cargo check\n\nerror: aborting due to failure to build rustdoc for crate axruntime v0.1.0\n"]}},{"file":"[semver checks]","count":1,"kinds":{"Semver Violation":["pkg=axruntime, checker=SemverChecks\ntoolchain=nightly-2024-05-02, target=riscv64gc-unknown-none-elf\npkg_dir=/home/runner/check/batch_1/Starry-OS/Starry-Old/modules/axruntime\ncmd=cargo +nightly-2025-01-07-x86_64-unknown-linux-gnu semver-checks --target riscv64gc-unknown-none-elf\ntimestamp=2025-01-10 10:34:38.379440659 +08:00:00\n\n\nstdout:\n\nstderr:\n    Building axruntime v0.1.0 (current)\nerror: running cargo-doc on crate 'axruntime' failed with output:\n-----\n    Checking log v0.4.22\n   Compiling serde v1.0.217\n   Compiling proc-macro2 v1.0.92\n   Compiling indexmap v2.7.0\n   Compiling winnow v0.6.22\nerror[E0463]: can't find crate for `core`\n  |\n  = note: the `riscv64gc-unknown-none-elf` target may not be installed\n  = help: consider downloading the target with `rustup target add riscv64gc-unknown-none-elf`\n  = help: consider building the standard library from source with `cargo build -Zbuild-std`\n\nFor more information about this error, try `rustc --explain E0463`.\nerror: could not compile `log` (lib) due to 1 previous error\nwarning: build failed, waiting for other jobs to finish...\n\n-----\n\nerror: failed to build rustdoc for crate axruntime v0.1.0\nnote: this is usually due to a compilation error in the crate,\n      and is unlikely to be a bug in cargo-semver-checks\nnote: the following command can be used to reproduce the compilation error:\n      cargo new --lib example &&\n          cd example &&\n          echo '[workspace]' >> Cargo.toml &&\n          cargo add --path /home/runner/check/batch_1/Starry-OS/Starry-Old/modules/axruntime --features alloc,axalloc,axdisplay,axdriver,axfs,axmem,axnet,axprocess,default,display,fs,img,irq,kernel_guard,lazy_init,monolithic,multitask,net,paging,percpu,smp,tls &&\n          cargo check\n\nerror: aborting due to failure to build rustdoc for crate axruntime v0.1.0\n"]}}]},{"user":"Starry-OS","repo":"Starry-Old","pkg":"axstarry","count":4,"raw_reports":[{"file":"(virtual) lockbud","count":1,"kinds":{"Cargo":["// pkg_name=axstarry, checker=Lockbud\n// toolchain=nightly-2024-05-02, target=riscv64gc-unknown-none-elf\n// pkg_dir=/home/runner/check/batch_1/Starry-OS/Starry-Old/ulib/axstarry\n// cmd=cargo +nightly-2024-12-01 lockbud -k all -- --target riscv64gc-unknown-none-elf\n// timestamp=2025-01-10 10:39:35.389717491 +08:00:00\n[2025-01-10T02:38:35Z WARN  lockbud::callbacks] [\n      {\n        \"AtomicityViolation\": {\n          \"bug_kind\": \"AtomicityViolation\",\n          \"possibility\": \"Possibly\",\n          \"diagnosis\": {\n            \"fn_name\": \"set_logger_racy\",\n            \"atomic_reader\": \"/home/runner/.cargo/registry/src/index.crates.io-6f17d22bba15001f/log-0.4.21/src/lib.rs:1408:11: 1408:39 (#0)\",\n            \"atomic_writer\": \"/home/runner/.cargo/registry/src/index.crates.io-6f17d22bba15001f/log-0.4.21/src/lib.rs:1411:13: 1411:55 (#0)\",\n            \"dep_kind\": \"Control\"\n          },\n          \"explanation\": \"atomic::store is data/control dependent on atomic::load\"\n        }\n      }\n    ]\n[2025-01-10T02:38:35Z WARN  lockbud::callbacks] crate log contains bugs: { probably: 0, possibly: 0 }, conflictlock: { probably: 0, possibly: 0 }, condvar_deadlock: { probably: 0, possibly: 0 }, atomicity_violation: { possibly: 1 }, invalid_free: { possibly: 0 }, use_after_free: { possibly: 0 }\n   Compiling taskctx v0.1.0 (https://github.com/Starry-OS/taskctx.git#3c3ad2fb)\n   Compiling axhal v0.1.0 (/home/runner/check/batch_1/Starry-OS/Starry-Old/modules/axhal)\n   Compiling axdriver v0.1.0 (/home/runner/check/batch_1/Starry-OS/Starry-Old/modules/axdriver)\n   Compiling driver_virtio v0.1.0 (https://github.com/Starry-OS/driver_virtio.git#a223bf1e)\n   Compiling axfs_devfs v0.1.0 (https://github.com/Starry-OS/axfs_devfs.git#4ca42206)\n   Compiling fatfs v0.4.0 (https://github.com/rafalh/rust-fatfs?rev=85f06e0#85f06e08)\nerror[E0787]: the `asm!` macro is not allowed in naked functions\n   --> /home/runner/.cargo/git/checkouts/taskctx-38ebba1102c121c2/3c3ad2f/src/arch/riscv.rs:102:5\n    |\n102 | /     asm!(\n103 | |         \"\n104 | |         // save old context (callee-saved registers)\n105 | |         STR     ra, a0, 0\n...   |\n137 | |         options(noreturn),\n138 | |     )\n    | |_____^ consider using the `naked_asm!` macro instead\n\nFor more information about this error, try `rustc --explain E0787`.\n   Compiling once_cell v1.20.2\nerror: could not compile `taskctx` (lib) due to 1 previous error\nwarning: build failed, waiting for other jobs to finish...\n"]}},{"file":"(virtual) rapx","count":1,"kinds":{"Cargo":["// pkg_name=axstarry, checker=Rapx\n// toolchain=nightly-2024-05-02, target=riscv64gc-unknown-none-elf\n// pkg_dir=/home/runner/check/batch_1/Starry-OS/Starry-Old/ulib/axstarry\n// cmd=cargo +nightly-2024-10-12 rapx -F -M -- --target riscv64gc-unknown-none-elf\n// timestamp=2025-01-10 10:49:31.113748186 +08:00:00\n    Checking log v0.4.21\n   Compiling proc-macro2 v1.0.92\n   Compiling hashbrown v0.15.2\n   Compiling equivalent v1.0.1\n   Compiling serde v1.0.215\n   Compiling unicode-ident v1.0.14\n   Compiling winnow v0.6.20\n   Compiling toml_datetime v0.6.8\n   Compiling indexmap v2.7.0\n   Compiling quote v1.0.37\n    Checking cfg-if v1.0.0\n    Checking bitflags v2.6.0\n   Compiling syn v2.0.90\n   Compiling autocfg v1.4.0\n   Compiling toml_edit v0.22.22\n   Compiling lock_api v0.4.12\n    Checking memory_addr v0.1.0 (https://github.com/Starry-OS/memory_addr.git#a5be547a)\n   Compiling axerrno v0.1.0 (https://github.com/Starry-OS/axerrno.git#3e2372cd)\n   Compiling syn v1.0.109\n    Checking static_assertions v1.1.0\n    Checking scopeguard v1.2.0\n   Compiling taskctx v0.1.0 (https://github.com/Starry-OS/taskctx.git#3c3ad2fb)\n    Checking spin v0.9.8\n    Checking numeric-enum-macro v0.2.0 (https://github.com/mexus/numeric-enum-macro#20aef288)\n    Checking tock-registers v0.8.1\n   Compiling unicode-width v0.1.14\n    Checking bit_field v0.10.2\n   Compiling base64 v0.13.1\n    Checking aarch64-cpu v9.4.0\n   Compiling axconfig v0.1.0 (/home/runner/check/batch_1/Starry-OS/Starry-Old/modules/axconfig)\n   Compiling axconfig v0.1.0 (https://github.com/Starry-OS/axconfig.git#2a880338)\n    Checking const-default v1.0.0\n   Compiling svgbobdoc v0.3.0\n    Checking byteorder v1.5.0\nerror[E0787]: the `asm!` macro is not allowed in naked functions\n   --> /home/runner/.cargo/git/checkouts/taskctx-38ebba1102c121c2/3c3ad2f/src/arch/riscv.rs:102:5\n    |\n102 | /     asm!(\n103 | |         \"\n104 | |         // save old context (callee-saved registers)\n105 | |         STR     ra, a0, 0\n...   |\n137 | |         options(noreturn),\n138 | |     )\n    | |_____^ consider using the `naked_asm!` macro instead\n\nFor more information about this error, try `rustc --explain E0787`.\nerror: could not compile `taskctx` (lib) due to 1 previous error\nwarning: build failed, waiting for other jobs to finish...\n02:49:39|RAP|ERROR|: Finished with non-zero exit code.\n"]}},{"file":"(virtual) semver-checks","count":1,"kinds":{"Cargo":["// pkg_name=axstarry, checker=SemverChecks\n// toolchain=nightly-2024-05-02, target=riscv64gc-unknown-none-elf\n// pkg_dir=/home/runner/check/batch_1/Starry-OS/Starry-Old/ulib/axstarry\n// cmd=cargo +nightly-2025-01-07-x86_64-unknown-linux-gnu semver-checks --target riscv64gc-unknown-none-elf\n// timestamp=2025-01-10 10:35:24.850936805 +08:00:00\n    Building axstarry v0.1.0 (current)\nerror: running cargo-doc on crate 'axstarry' failed with output:\n-----\n    Checking log v0.4.22\n   Compiling proc-macro2 v1.0.92\n   Compiling indexmap v2.7.0\n   Compiling winnow v0.6.22\nerror[E0463]: can't find crate for `core`\n  |\n  = note: the `riscv64gc-unknown-none-elf` target may not be installed\n  = help: consider downloading the target with `rustup target add riscv64gc-unknown-none-elf`\n  = help: consider building the standard library from source with `cargo build -Zbuild-std`\n\nFor more information about this error, try `rustc --explain E0463`.\nerror: could not compile `log` (lib) due to 1 previous error\nwarning: build failed, waiting for other jobs to finish...\n\n-----\n\nerror: failed to build rustdoc for crate axstarry v0.1.0\nnote: this is usually due to a compilation error in the crate,\n      and is unlikely to be a bug in cargo-semver-checks\nnote: the following command can be used to reproduce the compilation error:\n      cargo new --lib example &&\n          cd example &&\n          echo '[workspace]' >> Cargo.toml &&\n          cargo add --path /home/runner/check/batch_1/Starry-OS/Starry-Old/ulib/axstarry --features alloc,another_ext4,bus-pci,default,devfs,display,e1000_net,ext4_rs,fatfs,fp_simd,fs,img,irq,ixgbe_net,log-level-debug,log-level-error,log-level-info,log-level-off,log-level-trace,log-level-warn,lwext4_rust,monolithic,multitask,myfs,net,paging,sched_cfs,sched_fifo,sched_rr,smp,tls &&\n          cargo check\n\nerror: aborting due to failure to build rustdoc for crate axstarry v0.1.0\n"]}},{"file":"[semver checks]","count":1,"kinds":{"Semver Violation":["pkg=axstarry, checker=SemverChecks\ntoolchain=nightly-2024-05-02, target=riscv64gc-unknown-none-elf\npkg_dir=/home/runner/check/batch_1/Starry-OS/Starry-Old/ulib/axstarry\ncmd=cargo +nightly-2025-01-07-x86_64-unknown-linux-gnu semver-checks --target riscv64gc-unknown-none-elf\ntimestamp=2025-01-10 10:35:34.783403256 +08:00:00\n\n\nstdout:\n\nstderr:\n    Building axstarry v0.1.0 (current)\nerror: running cargo-doc on crate 'axstarry' failed with output:\n-----\n    Checking log v0.4.22\n   Compiling proc-macro2 v1.0.92\n   Compiling indexmap v2.7.0\n   Compiling winnow v0.6.22\nerror[E0463]: can't find crate for `core`\n  |\n  = note: the `riscv64gc-unknown-none-elf` target may not be installed\n  = help: consider downloading the target with `rustup target add riscv64gc-unknown-none-elf`\n  = help: consider building the standard library from source with `cargo build -Zbuild-std`\n\nFor more information about this error, try `rustc --explain E0463`.\nerror: could not compile `log` (lib) due to 1 previous error\nwarning: build failed, waiting for other jobs to finish...\n\n-----\n\nerror: failed to build rustdoc for crate axstarry v0.1.0\nnote: this is usually due to a compilation error in the crate,\n      and is unlikely to be a bug in cargo-semver-checks\nnote: the following command can be used to reproduce the compilation error:\n      cargo new --lib example &&\n          cd example &&\n          echo '[workspace]' >> Cargo.toml &&\n          cargo add --path /home/runner/check/batch_1/Starry-OS/Starry-Old/ulib/axstarry --features alloc,another_ext4,bus-pci,default,devfs,display,e1000_net,ext4_rs,fatfs,fp_simd,fs,img,irq,ixgbe_net,log-level-debug,log-level-error,log-level-info,log-level-off,log-level-trace,log-level-warn,lwext4_rust,monolithic,multitask,myfs,net,paging,sched_cfs,sched_fifo,sched_rr,smp,tls &&\n          cargo check\n\nerror: aborting due to failure to build rustdoc for crate axstarry v0.1.0\n"]}}]},{"user":"Starry-OS","repo":"Starry-Old","pkg":"axsync","count":4,"raw_reports":[{"file":"(virtual) lockbud","count":1,"kinds":{"Cargo":["// pkg_name=axsync, checker=Lockbud\n// toolchain=nightly-2024-05-02, target=riscv64gc-unknown-none-elf\n// pkg_dir=/home/runner/check/batch_1/Starry-OS/Starry-Old/modules/axsync\n// cmd=cargo +nightly-2024-12-01 lockbud -k all -- --target riscv64gc-unknown-none-elf\n// timestamp=2025-01-10 10:39:39.564529094 +08:00:00\n[2025-01-10T02:38:35Z WARN  lockbud::callbacks] [\n      {\n        \"AtomicityViolation\": {\n          \"bug_kind\": \"AtomicityViolation\",\n          \"possibility\": \"Possibly\",\n          \"diagnosis\": {\n            \"fn_name\": \"set_logger_racy\",\n            \"atomic_reader\": \"/home/runner/.cargo/registry/src/index.crates.io-6f17d22bba15001f/log-0.4.21/src/lib.rs:1408:11: 1408:39 (#0)\",\n            \"atomic_writer\": \"/home/runner/.cargo/registry/src/index.crates.io-6f17d22bba15001f/log-0.4.21/src/lib.rs:1411:13: 1411:55 (#0)\",\n            \"dep_kind\": \"Control\"\n          },\n          \"explanation\": \"atomic::store is data/control dependent on atomic::load\"\n        }\n      }\n    ]\n[2025-01-10T02:38:35Z WARN  lockbud::callbacks] crate log contains bugs: { probably: 0, possibly: 0 }, conflictlock: { probably: 0, possibly: 0 }, condvar_deadlock: { probably: 0, possibly: 0 }, atomicity_violation: { possibly: 1 }, invalid_free: { possibly: 0 }, use_after_free: { possibly: 0 }\n   Compiling taskctx v0.1.0 (https://github.com/Starry-OS/taskctx.git#3c3ad2fb)\nerror[E0787]: the `asm!` macro is not allowed in naked functions\n   --> /home/runner/.cargo/git/checkouts/taskctx-38ebba1102c121c2/3c3ad2f/src/arch/riscv.rs:102:5\n    |\n102 | /     asm!(\n103 | |         \"\n104 | |         // save old context (callee-saved registers)\n105 | |         STR     ra, a0, 0\n...   |\n137 | |         options(noreturn),\n138 | |     )\n    | |_____^ consider using the `naked_asm!` macro instead\n\nFor more information about this error, try `rustc --explain E0787`.\nerror: could not compile `taskctx` (lib) due to 1 previous error\n"]}},{"file":"(virtual) rapx","count":1,"kinds":{"Cargo":["// pkg_name=axsync, checker=Rapx\n// toolchain=nightly-2024-05-02, target=riscv64gc-unknown-none-elf\n// pkg_dir=/home/runner/check/batch_1/Starry-OS/Starry-Old/modules/axsync\n// cmd=cargo +nightly-2024-10-12 rapx -F -M -- --target riscv64gc-unknown-none-elf\n// timestamp=2025-01-10 10:50:29.853770765 +08:00:00\n   Compiling equivalent v1.0.1\n   Compiling serde v1.0.215\n   Compiling hashbrown v0.15.2\n   Compiling toml_datetime v0.6.8\n   Compiling winnow v0.6.20\n   Compiling proc-macro2 v1.0.92\n   Compiling indexmap v2.7.0\n   Compiling unicode-ident v1.0.14\n    Checking cfg-if v1.0.0\n    Checking log v0.4.21\n   Compiling quote v1.0.37\n   Compiling toml_edit v0.22.22\n   Compiling taskctx v0.1.0 (https://github.com/Starry-OS/taskctx.git#3c3ad2fb)\n    Checking memory_addr v0.1.0 (https://github.com/Starry-OS/memory_addr.git#a5be547a)\n   Compiling syn v2.0.90\n    Checking numeric-enum-macro v0.2.0 (https://github.com/mexus/numeric-enum-macro#20aef288)\n    Checking static_assertions v1.1.0\n   Compiling riscv v0.11.1\n    Checking spin v0.9.8\n    Checking tock-registers v0.8.1\n   Compiling percpu v0.1.0 (https://github.com/Starry-OS/percpu.git#85e6d8a7)\n    Checking aarch64-cpu v9.4.0\n    Checking lazy_static v1.5.0\n    Checking critical-section v1.2.0\n    Checking fdt v0.1.5\n    Checking sbi-spec v0.0.7\n    Checking embedded-hal v1.0.0\n    Checking bitflags v2.6.0\n    Checking sbi-rt v0.0.3\n    Checking of v0.1.0 (https://github.com/Starry-OS/of.git#45a65508)\n    Checking lazy_init v0.1.0 (https://github.com/Starry-OS/lazy_init.git#d0e87c05)\n    Checking handler_table v0.1.0 (https://github.com/Starry-OS/handler_table.git#d6495e7d)\n    Checking ratio v0.1.0 (https://github.com/Starry-OS/ratio.git#0c8da4c3)\n    Checking axbacktrace v0.1.0 (https://github.com/kern-crates/axbacktrace.git#c0371ca8)\n    Checking linked_list v0.1.0 (https://github.com/Starry-OS/linked_list.git#283dddc4)\n    Checking page_table_entry v0.1.0 (https://github.com/Starry-OS/page_table_entry.git#8a871b43)\n   Compiling axconfig v0.1.0 (/home/runner/check/batch_1/Starry-OS/Starry-Old/modules/axconfig)\n   Compiling axconfig v0.1.0 (https://github.com/Starry-OS/axconfig.git#2a880338)\n   Compiling crate_interface v0.1.1 (https://github.com/Starry-OS/crate_interface.git#d27dd960)\nerror[E0787]: the `asm!` macro is not allowed in naked functions\n   --> /home/runner/.cargo/git/checkouts/taskctx-38ebba1102c121c2/3c3ad2f/src/arch/riscv.rs:102:5\n    |\n102 | /     asm!(\n103 | |         \"\n104 | |         // save old context (callee-saved registers)\n105 | |         STR     ra, a0, 0\n...   |\n137 | |         options(noreturn),\n138 | |     )\n    | |_____^ consider using the `naked_asm!` macro instead\n\nFor more information about this error, try `rustc --explain E0787`.\nerror: could not compile `taskctx` (lib) due to 1 previous error\nwarning: build failed, waiting for other jobs to finish...\n02:50:36|RAP|ERROR|: Finished with non-zero exit code.\n"]}},{"file":"(virtual) semver-checks","count":1,"kinds":{"Cargo":["// pkg_name=axsync, checker=SemverChecks\n// toolchain=nightly-2024-05-02, target=riscv64gc-unknown-none-elf\n// pkg_dir=/home/runner/check/batch_1/Starry-OS/Starry-Old/modules/axsync\n// cmd=cargo +nightly-2025-01-07-x86_64-unknown-linux-gnu semver-checks --target riscv64gc-unknown-none-elf\n// timestamp=2025-01-10 10:36:35.186157919 +08:00:00\n    Building axsync v0.1.0 (current)\nerror: running cargo-doc on crate 'axsync' failed with output:\n-----\n    Checking cfg-if v1.0.0\n   Compiling proc-macro2 v1.0.92\n   Compiling axconfig v0.1.0 (https://github.com/Starry-OS/axconfig.git#2a880338)\n   Compiling axconfig v0.1.0 (/home/runner/check/batch_1/Starry-OS/Starry-Old/modules/axconfig)\nerror[E0463]: can't find crate for `core`\n  |\n  = note: the `riscv64gc-unknown-none-elf` target may not be installed\n  = help: consider downloading the target with `rustup target add riscv64gc-unknown-none-elf`\n  = help: consider building the standard library from source with `cargo build -Zbuild-std`\n\nFor more information about this error, try `rustc --explain E0463`.\nerror: could not compile `cfg-if` (lib) due to 1 previous error\nwarning: build failed, waiting for other jobs to finish...\n\n-----\n\nerror: failed to build rustdoc for crate axsync v0.1.0\nnote: this is usually due to a compilation error in the crate,\n      and is unlikely to be a bug in cargo-semver-checks\nnote: the following command can be used to reproduce the compilation error:\n      cargo new --lib example &&\n          cd example &&\n          echo '[workspace]' >> Cargo.toml &&\n          cargo add --path /home/runner/check/batch_1/Starry-OS/Starry-Old/modules/axsync --features default,irq,multitask &&\n          cargo check\n\nerror: aborting due to failure to build rustdoc for crate axsync v0.1.0\n"]}},{"file":"[semver checks]","count":1,"kinds":{"Semver Violation":["pkg=axsync, checker=SemverChecks\ntoolchain=nightly-2024-05-02, target=riscv64gc-unknown-none-elf\npkg_dir=/home/runner/check/batch_1/Starry-OS/Starry-Old/modules/axsync\ncmd=cargo +nightly-2025-01-07-x86_64-unknown-linux-gnu semver-checks --target riscv64gc-unknown-none-elf\ntimestamp=2025-01-10 10:36:40.465143947 +08:00:00\n\n\nstdout:\n\nstderr:\n    Building axsync v0.1.0 (current)\nerror: running cargo-doc on crate 'axsync' failed with output:\n-----\n    Checking cfg-if v1.0.0\n   Compiling proc-macro2 v1.0.92\n   Compiling axconfig v0.1.0 (https://github.com/Starry-OS/axconfig.git#2a880338)\n   Compiling axconfig v0.1.0 (/home/runner/check/batch_1/Starry-OS/Starry-Old/modules/axconfig)\nerror[E0463]: can't find crate for `core`\n  |\n  = note: the `riscv64gc-unknown-none-elf` target may not be installed\n  = help: consider downloading the target with `rustup target add riscv64gc-unknown-none-elf`\n  = help: consider building the standard library from source with `cargo build -Zbuild-std`\n\nFor more information about this error, try `rustc --explain E0463`.\nerror: could not compile `cfg-if` (lib) due to 1 previous error\nwarning: build failed, waiting for other jobs to finish...\n\n-----\n\nerror: failed to build rustdoc for crate axsync v0.1.0\nnote: this is usually due to a compilation error in the crate,\n      and is unlikely to be a bug in cargo-semver-checks\nnote: the following command can be used to reproduce the compilation error:\n      cargo new --lib example &&\n          cd example &&\n          echo '[workspace]' >> Cargo.toml &&\n          cargo add --path /home/runner/check/batch_1/Starry-OS/Starry-Old/modules/axsync --features default,irq,multitask &&\n          cargo check\n\nerror: aborting due to failure to build rustdoc for crate axsync v0.1.0\n"]}}]},{"user":"Starry-OS","repo":"Starry-Old","pkg":"arceos-bwbench","count":3,"raw_reports":[{"file":"(virtual) lockbud","count":1,"kinds":{"Cargo":["// pkg_name=arceos-bwbench, checker=Lockbud\n// toolchain=nightly-2024-05-02, target=riscv64gc-unknown-none-elf\n// pkg_dir=/home/runner/check/batch_1/Starry-OS/Starry-Old/apps/net/bwbench\n// cmd=cargo +nightly-2024-12-01 lockbud -k all -- --target riscv64gc-unknown-none-elf\n// timestamp=2025-01-10 10:38:35.481457891 +08:00:00\n   Compiling log v0.4.21\n   Compiling cfg-if v1.0.0\n   Compiling static_assertions v1.1.0\n   Compiling memory_addr v0.1.0 (https://github.com/Starry-OS/memory_addr.git#a5be547a)\n   Compiling axconfig v0.1.0 (https://github.com/Starry-OS/axconfig.git#2a880338)\n   Compiling lock_api v0.4.12\n   Compiling scopeguard v1.2.0\n   Compiling taskctx v0.1.0 (https://github.com/Starry-OS/taskctx.git#3c3ad2fb)\n   Compiling bitflags v2.6.0\n[2025-01-10T02:38:35Z WARN  lockbud::callbacks] [\n      {\n        \"AtomicityViolation\": {\n          \"bug_kind\": \"AtomicityViolation\",\n          \"possibility\": \"Possibly\",\n          \"diagnosis\": {\n            \"fn_name\": \"set_logger_racy\",\n            \"atomic_reader\": \"/home/runner/.cargo/registry/src/index.crates.io-6f17d22bba15001f/log-0.4.21/src/lib.rs:1408:11: 1408:39 (#0)\",\n            \"atomic_writer\": \"/home/runner/.cargo/registry/src/index.crates.io-6f17d22bba15001f/log-0.4.21/src/lib.rs:1411:13: 1411:55 (#0)\",\n            \"dep_kind\": \"Control\"\n          },\n          \"explanation\": \"atomic::store is data/control dependent on atomic::load\"\n        }\n      }\n    ]\n[2025-01-10T02:38:35Z WARN  lockbud::callbacks] crate log contains bugs: { probably: 0, possibly: 0 }, conflictlock: { probably: 0, possibly: 0 }, condvar_deadlock: { probably: 0, possibly: 0 }, atomicity_violation: { possibly: 1 }, invalid_free: { possibly: 0 }, use_after_free: { possibly: 0 }\n   Compiling numeric-enum-macro v0.2.0 (https://github.com/mexus/numeric-enum-macro#20aef288)\n   Compiling bit_field v0.10.2\nerror[E0787]: the `asm!` macro is not allowed in naked functions\n   --> /home/runner/.cargo/git/checkouts/taskctx-38ebba1102c121c2/3c3ad2f/src/arch/riscv.rs:102:5\n    |\n102 | /     asm!(\n103 | |         \"\n104 | |         // save old context (callee-saved registers)\n105 | |         STR     ra, a0, 0\n...   |\n137 | |         options(noreturn),\n138 | |     )\n    | |_____^ consider using the `naked_asm!` macro instead\n\nFor more information about this error, try `rustc --explain E0787`.\nerror: could not compile `taskctx` (lib) due to 1 previous error\nwarning: build failed, waiting for other jobs to finish...\n"]}},{"file":"(virtual) rapx","count":1,"kinds":{"Cargo":["// pkg_name=arceos-bwbench, checker=Rapx\n// toolchain=nightly-2024-05-02, target=riscv64gc-unknown-none-elf\n// pkg_dir=/home/runner/check/batch_1/Starry-OS/Starry-Old/apps/net/bwbench\n// cmd=cargo +nightly-2024-10-12 rapx -F -M -- --target riscv64gc-unknown-none-elf\n// timestamp=2025-01-10 10:40:12.968187432 +08:00:00\n   Compiling hashbrown v0.15.2\n   Compiling equivalent v1.0.1\n   Compiling serde v1.0.215\n   Compiling winnow v0.6.20\n   Compiling proc-macro2 v1.0.92\n   Compiling toml_datetime v0.6.8\n   Compiling indexmap v2.7.0\n   Compiling unicode-ident v1.0.14\n   Compiling quote v1.0.37\n    Checking log v0.4.21\n   Compiling toml_edit v0.22.22\n    Checking cfg-if v1.0.0\n   Compiling syn v2.0.90\n   Compiling autocfg v1.4.0\n   Compiling lock_api v0.4.12\n    Checking static_assertions v1.1.0\n    Checking memory_addr v0.1.0 (https://github.com/Starry-OS/memory_addr.git#a5be547a)\n   Compiling syn v1.0.109\n    Checking scopeguard v1.2.0\n   Compiling taskctx v0.1.0 (https://github.com/Starry-OS/taskctx.git#3c3ad2fb)\n    Checking bitflags v2.6.0\n    Checking numeric-enum-macro v0.2.0 (https://github.com/mexus/numeric-enum-macro#20aef288)\n    Checking spin v0.9.8\n    Checking bit_field v0.10.2\n   Compiling axerrno v0.1.0 (https://github.com/Starry-OS/axerrno.git#3e2372cd)\n   Compiling unicode-width v0.1.14\n   Compiling base64 v0.13.1\n    Checking tock-registers v0.8.1\n    Checking const-default v1.0.0\n    Checking aarch64-cpu v9.4.0\n   Compiling axconfig v0.1.0 (/home/runner/check/batch_1/Starry-OS/Starry-Old/modules/axconfig)\n   Compiling axconfig v0.1.0 (https://github.com/Starry-OS/axconfig.git#2a880338)\nerror[E0787]: the `asm!` macro is not allowed in naked functions\n   --> /home/runner/.cargo/git/checkouts/taskctx-38ebba1102c121c2/3c3ad2f/src/arch/riscv.rs:102:5\n    |\n102 | /     asm!(\n103 | |         \"\n104 | |         // save old context (callee-saved registers)\n105 | |         STR     ra, a0, 0\n...   |\n137 | |         options(noreturn),\n138 | |     )\n    | |_____^ consider using the `naked_asm!` macro instead\n\n   Compiling svgbobdoc v0.3.0\nFor more information about this error, try `rustc --explain E0787`.\nerror: could not compile `taskctx` (lib) due to 1 previous error\nwarning: build failed, waiting for other jobs to finish...\n02:40:20|RAP|ERROR|: Finished with non-zero exit code.\n"]}},{"file":"modules/axtrap/src/arch/riscv/mod.rs","count":1,"kinds":{"Clippy(Warn)":["warning: unused variable: `stval`\n  --> modules/axtrap/src/arch/riscv/mod.rs:45:9\n   |\n45 |     let stval = riscv::register::stval::read();\n   |         ^^^^^ help: if this is intentional, prefix it with an underscore: `_stval`\n   |\n   = note: `#[warn(unused_variables)]` on by default\n\n"]}}]},{"user":"Starry-OS","repo":"Starry-Old","pkg":"axconfig","count":3,"raw_reports":[{"file":"(virtual) semver-checks","count":1,"kinds":{"Cargo":["// pkg_name=axconfig, checker=SemverChecks\n// toolchain=nightly-2024-05-02, target=riscv64gc-unknown-none-elf\n// pkg_dir=/home/runner/check/batch_1/Starry-OS/Starry-Old/modules/axconfig\n// cmd=cargo +nightly-2025-01-07-x86_64-unknown-linux-gnu semver-checks --target riscv64gc-unknown-none-elf\n// timestamp=2025-01-10 10:28:48.723479246 +08:00:00\n    Building axconfig v0.1.0 (current)\nerror: running cargo-doc on crate 'axconfig' failed with output:\n-----\n   Compiling axconfig v0.1.0 (/home/runner/check/batch_1/Starry-OS/Starry-Old/modules/axconfig)\n Documenting axconfig v0.1.0 (/home/runner/check/batch_1/Starry-OS/Starry-Old/modules/axconfig)\nerror[E0463]: can't find crate for `core`\n  |\n  = note: the `riscv64gc-unknown-none-elf` target may not be installed\n  = help: consider downloading the target with `rustup target add riscv64gc-unknown-none-elf`\n  = help: consider building the standard library from source with `cargo build -Zbuild-std`\n\nFor more information about this error, try `rustc --explain E0463`.\nerror: could not document `axconfig`\n\n-----\n\nerror: failed to build rustdoc for crate axconfig v0.1.0\nnote: this is usually due to a compilation error in the crate,\n      and is unlikely to be a bug in cargo-semver-checks\nnote: the following command can be used to reproduce the compilation error:\n      cargo new --lib example &&\n          cd example &&\n          echo '[workspace]' >> Cargo.toml &&\n          cargo add --path /home/runner/check/batch_1/Starry-OS/Starry-Old/modules/axconfig &&\n          cargo check\n\nerror: aborting due to failure to build rustdoc for crate axconfig v0.1.0\n"]}},{"file":"[outdated direct dependencies]","count":1,"kinds":{"Outdated":["pkg=axconfig, checker=Outdated\ntoolchain=nightly-2024-05-02, target=riscv64gc-unknown-none-elf\npkg_dir=/home/runner/check/batch_1/Starry-OS/Starry-Old/modules/axconfig\ncmd=cargo +nightly-2025-01-07-x86_64-unknown-linux-gnu outdated -R --exit-code=2\ntimestamp=2025-01-10 11:16:36.114983497 +08:00:00\n\nName   Project  Compat   Latest   Kind   Platform\n----   -------  ------   ------   ----   --------\nserde  1.0.215  1.0.217  1.0.217  Build  ---\n"]}},{"file":"[semver checks]","count":1,"kinds":{"Semver Violation":["pkg=axconfig, checker=SemverChecks\ntoolchain=nightly-2024-05-02, target=riscv64gc-unknown-none-elf\npkg_dir=/home/runner/check/batch_1/Starry-OS/Starry-Old/modules/axconfig\ncmd=cargo +nightly-2025-01-07-x86_64-unknown-linux-gnu semver-checks --target riscv64gc-unknown-none-elf\ntimestamp=2025-01-10 10:28:49.172939095 +08:00:00\n\n\nstdout:\n\nstderr:\n    Building axconfig v0.1.0 (current)\nerror: running cargo-doc on crate 'axconfig' failed with output:\n-----\n   Compiling axconfig v0.1.0 (/home/runner/check/batch_1/Starry-OS/Starry-Old/modules/axconfig)\n Documenting axconfig v0.1.0 (/home/runner/check/batch_1/Starry-OS/Starry-Old/modules/axconfig)\nerror[E0463]: can't find crate for `core`\n  |\n  = note: the `riscv64gc-unknown-none-elf` target may not be installed\n  = help: consider downloading the target with `rustup target add riscv64gc-unknown-none-elf`\n  = help: consider building the standard library from source with `cargo build -Zbuild-std`\n\nFor more information about this error, try `rustc --explain E0463`.\nerror: could not document `axconfig`\n\n-----\n\nerror: failed to build rustdoc for crate axconfig v0.1.0\nnote: this is usually due to a compilation error in the crate,\n      and is unlikely to be a bug in cargo-semver-checks\nnote: the following command can be used to reproduce the compilation error:\n      cargo new --lib example &&\n          cd example &&\n          echo '[workspace]' >> Cargo.toml &&\n          cargo add --path /home/runner/check/batch_1/Starry-OS/Starry-Old/modules/axconfig &&\n          cargo check\n\nerror: aborting due to failure to build rustdoc for crate axconfig v0.1.0\n"]}}]},{"user":"Starry-OS","repo":"Starry-Old","pkg":"monolithic_userboot","count":2,"raw_reports":[{"file":"(virtual) lockbud","count":1,"kinds":{"Cargo":["// pkg_name=monolithic_userboot, checker=Lockbud\n// toolchain=nightly-2024-05-02, target=riscv64gc-unknown-none-elf\n// pkg_dir=/home/runner/check/batch_1/Starry-OS/Starry-Old/apps/monolithic_userboot\n// cmd=cargo +nightly-2024-12-01 lockbud -k all -- --target riscv64gc-unknown-none-elf\n// timestamp=2025-01-10 10:39:54.153725538 +08:00:00\n[2025-01-10T02:38:35Z WARN  lockbud::callbacks] [\n      {\n        \"AtomicityViolation\": {\n          \"bug_kind\": \"AtomicityViolation\",\n          \"possibility\": \"Possibly\",\n          \"diagnosis\": {\n            \"fn_name\": \"set_logger_racy\",\n            \"atomic_reader\": \"/home/runner/.cargo/registry/src/index.crates.io-6f17d22bba15001f/log-0.4.21/src/lib.rs:1408:11: 1408:39 (#0)\",\n            \"atomic_writer\": \"/home/runner/.cargo/registry/src/index.crates.io-6f17d22bba15001f/log-0.4.21/src/lib.rs:1411:13: 1411:55 (#0)\",\n            \"dep_kind\": \"Control\"\n          },\n          \"explanation\": \"atomic::store is data/control dependent on atomic::load\"\n        }\n      }\n    ]\n[2025-01-10T02:38:35Z WARN  lockbud::callbacks] crate log contains bugs: { probably: 0, possibly: 0 }, conflictlock: { probably: 0, possibly: 0 }, condvar_deadlock: { probably: 0, possibly: 0 }, atomicity_violation: { possibly: 1 }, invalid_free: { possibly: 0 }, use_after_free: { possibly: 0 }\n   Compiling taskctx v0.1.0 (https://github.com/Starry-OS/taskctx.git#3c3ad2fb)\n   Compiling hashbrown v0.11.2\n   Compiling elf_parser v0.1.0 (https://github.com/Starry-OS/elf_parser.git#061cec5c)\n   Compiling bitflags v1.3.2\n   Compiling managed v0.8.0\nerror[E0787]: the `asm!` macro is not allowed in naked functions\n   --> /home/runner/.cargo/git/checkouts/taskctx-38ebba1102c121c2/3c3ad2f/src/arch/riscv.rs:102:5\n    |\n102 | /     asm!(\n103 | |         \"\n104 | |         // save old context (callee-saved registers)\n105 | |         STR     ra, a0, 0\n...   |\n137 | |         options(noreturn),\n138 | |     )\n    | |_____^ consider using the `naked_asm!` macro instead\n\nFor more information about this error, try `rustc --explain E0787`.\nerror: could not compile `taskctx` (lib) due to 1 previous error\nwarning: build failed, waiting for other jobs to finish...\n"]}},{"file":"(virtual) rapx","count":1,"kinds":{"Cargo":["// pkg_name=monolithic_userboot, checker=Rapx\n// toolchain=nightly-2024-05-02, target=riscv64gc-unknown-none-elf\n// pkg_dir=/home/runner/check/batch_1/Starry-OS/Starry-Old/apps/monolithic_userboot\n// cmd=cargo +nightly-2024-10-12 rapx -F -M -- --target riscv64gc-unknown-none-elf\n// timestamp=2025-01-10 10:52:33.652056906 +08:00:00\n    Checking log v0.4.21\n   Compiling proc-macro2 v1.0.92\n   Compiling serde v1.0.215\n   Compiling equivalent v1.0.1\n   Compiling unicode-ident v1.0.14\n   Compiling hashbrown v0.15.2\n   Compiling winnow v0.6.20\n   Compiling toml_datetime v0.6.8\n   Compiling indexmap v2.7.0\n   Compiling quote v1.0.37\n    Checking cfg-if v1.0.0\n    Checking bitflags v2.6.0\n   Compiling syn v2.0.90\n   Compiling autocfg v1.4.0\n   Compiling toml_edit v0.22.22\n   Compiling lock_api v0.4.12\n   Compiling axerrno v0.1.0 (https://github.com/Starry-OS/axerrno.git#3e2372cd)\n    Checking memory_addr v0.1.0 (https://github.com/Starry-OS/memory_addr.git#a5be547a)\n    Checking static_assertions v1.1.0\n    Checking scopeguard v1.2.0\n   Compiling syn v1.0.109\n   Compiling taskctx v0.1.0 (https://github.com/Starry-OS/taskctx.git#3c3ad2fb)\n    Checking spin v0.9.8\n    Checking numeric-enum-macro v0.2.0 (https://github.com/mexus/numeric-enum-macro#20aef288)\n    Checking bit_field v0.10.2\n   Compiling unicode-width v0.1.14\n    Checking tock-registers v0.8.1\n   Compiling base64 v0.13.1\n    Checking aarch64-cpu v9.4.0\n   Compiling axconfig v0.1.0 (https://github.com/Starry-OS/axconfig.git#2a880338)\n   Compiling axconfig v0.1.0 (/home/runner/check/batch_1/Starry-OS/Starry-Old/modules/axconfig)\n   Compiling svgbobdoc v0.3.0\nerror[E0787]: the `asm!` macro is not allowed in naked functions\n   --> /home/runner/.cargo/git/checkouts/taskctx-38ebba1102c121c2/3c3ad2f/src/arch/riscv.rs:102:5\n    |\n102 | /     asm!(\n103 | |         \"\n104 | |         // save old context (callee-saved registers)\n105 | |         STR     ra, a0, 0\n...   |\n137 | |         options(noreturn),\n138 | |     )\n    | |_____^ consider using the `naked_asm!` macro instead\n\n    Checking byteorder v1.5.0\nFor more information about this error, try `rustc --explain E0787`.\nerror: could not compile `taskctx` (lib) due to 1 previous error\nwarning: build failed, waiting for other jobs to finish...\n02:52:41|RAP|ERROR|: Finished with non-zero exit code.\n"]}}]}],"kinds_order":["Cargo","Clippy(Error)","Clippy(Warn)","Semver Violation","Audit","Mirai","Rapx","Rudra","Lockbud(Probably)","Lockbud(Possibly)","Outdated","Geiger","Unformatted"]}