{
  "repo": {
    "user": "rcore-os",
    "repo": "any-uart"
  },
  "data": [
    {
      "user": "rcore-os",
      "repo": "any-uart",
      "pkg": "hello",
      "count": 6,
      "raw_reports": [
        {
          "file": "(virtual) lockbud",
          "features": "",
          "count": 1,
          "kinds": {
            "Cargo": [
              "// pkg_name=hello, checker=Lockbud\n// toolchain=nightly, target=aarch64-unknown-none\n// features=\n// pkg_dir=/home/runner/check/batch_5/rcore-os/any-uart/hello\n// cmd=cargo +nightly-2025-02-01 lockbud -k all -- --target aarch64-unknown-none \n// timestamp=2025-07-09 18:13:24.351244223 +08:00:00\n   Compiling tock-registers v0.9.0\n   Compiling hello v0.1.0 (/home/runner/check/batch_5/rcore-os/any-uart/hello)\n   Compiling smccc v0.1.1\n   Compiling aarch64-cpu v10.0.0\nerror[E0658]: use of unstable library feature `naked_functions`\n  --> hello/src/lib.rs:23:5\n   |\n23 |     naked_asm!(\n   |     ^^^^^^^^^\n   |\n   = note: see issue #90957 <https://github.com/rust-lang/rust/issues/90957> for more information\n   = help: add `#![feature(naked_functions)]` to the crate attributes to enable\n   = note: this compiler was built on 2025-01-31; consider upgrading it if it is out of date\n\nerror[E0658]: use of unstable library feature `naked_functions`\n  --> hello/src/lib.rs:50:5\n   |\n50 |     naked_asm!(\n   |     ^^^^^^^^^\n   |\n   = note: see issue #90957 <https://github.com/rust-lang/rust/issues/90957> for more information\n   = help: add `#![feature(naked_functions)]` to the crate attributes to enable\n   = note: this compiler was built on 2025-01-31; consider upgrading it if it is out of date\n\nerror: `naked` is not an unsafe attribute\n  --> hello/src/lib.rs:18:3\n   |\n18 | #[unsafe(naked)]\n   |   ^^^^^^ this is not an unsafe attribute\n   |\n   = note: extraneous unsafe is not allowed in attributes\n\nerror: `naked` is not an unsafe attribute\n  --> hello/src/lib.rs:46:3\n   |\n46 | #[unsafe(naked)]\n   |   ^^^^^^ this is not an unsafe attribute\n   |\n   = note: extraneous unsafe is not allowed in attributes\n\nerror[E0658]: the `#[naked]` attribute is an experimental feature\n  --> hello/src/lib.rs:18:1\n   |\n18 | #[unsafe(naked)]\n   | ^^^^^^^^^^^^^^^^\n   |\n   = note: see issue #90957 <https://github.com/rust-lang/rust/issues/90957> for more information\n   = help: add `#![feature(naked_functions)]` to the crate attributes to enable\n   = note: this compiler was built on 2025-01-31; consider upgrading it if it is out of date\n\nerror[E0658]: the `#[naked]` attribute is an experimental feature\n  --> hello/src/lib.rs:46:1\n   |\n46 | #[unsafe(naked)]\n   | ^^^^^^^^^^^^^^^^\n   |\n   = note: see issue #90957 <https://github.com/rust-lang/rust/issues/90957> for more information\n   = help: add `#![feature(naked_functions)]` to the crate attributes to enable\n   = note: this compiler was built on 2025-01-31; consider upgrading it if it is out of date\n\nerror[E0658]: use of unstable library feature `naked_functions`\n --> hello/src/lib.rs:5:5\n  |\n5 |     arch::naked_asm,\n  |     ^^^^^^^^^^^^^^^\n  |\n  = note: see issue #90957 <https://github.com/rust-lang/rust/issues/90957> for more information\n  = help: add `#![feature(naked_functions)]` to the crate attributes to enable\n  = note: this compiler was built on 2025-01-31; consider upgrading it if it is out of date\n\nwarning[E0133]: use of inline assembly is unsafe and requires unsafe block\n  --> hello/src/lib.rs:23:5\n   |\n23 | /     naked_asm!(\n24 | |         // code0/code1\n25 | |         \"nop\",\n26 | |         \"bl {entry}\",\n...  |\n42 | |         entry = sym primary_entry,\n43 | |     )\n   | |_____^ use of inline assembly\n   |\n   = note: for more information, see <https://doc.rust-lang.org/nightly/edition-guide/rust-2024/unsafe-op-in-unsafe-fn.html>\n   = note: inline assembly is entirely unchecked and can cause undefined behavior\nnote: an unsafe function restricts its caller, but its body is safe by default\n  --> hello/src/lib.rs:22:1\n   |\n22 | unsafe extern \"C\" fn _start() -> ! {\n   | ^^^^^^^^^^^^^^^^^^^^^^^^^^^^^^^^^^\n   = note: `#[warn(unsafe_op_in_unsafe_fn)]` on by default\n\nwarning[E0133]: use of inline assembly is unsafe and requires unsafe block\n  --> hello/src/lib.rs:50:5\n   |\n50 | /     naked_asm!(\n51 | |         \"ADR      x11, .\",\n52 | |         \"LDR      x10, ={this_func}\",\n53 | |         \"SUB      x18, x10, x11\", // x18 = va_offset\n...  |\n66 | |         entry = sym rust_entry,\n67 | |     )\n   | |_____^ use of inline assembly\n   |\n   = note: for more information, see <https://doc.rust-lang.org/nightly/edition-guide/rust-2024/unsafe-op-in-unsafe-fn.html>\n   = note: inline assembly is entirely unchecked and can cause undefined behavior\nnote: an unsafe function restricts its caller, but its body is safe by default\n  --> hello/src/lib.rs:49:1\n   |\n49 | unsafe extern \"C\" fn primary_entry() -> ! {\n   | ^^^^^^^^^^^^^^^^^^^^^^^^^^^^^^^^^^^^^^^^^\n\nSome errors have detailed explanations: E0133, E0658.\nFor more information about an error, try `rustc --explain E0133`.\nwarning: `hello` (lib) generated 2 warnings\nerror: could not compile `hello` (lib) due to 7 previous errors; 2 warnings emitted\nwarning: build failed, waiting for other jobs to finish...\n"
            ]
          }
        },
        {
          "file": "(virtual) semver-checks",
          "features": "",
          "count": 1,
          "kinds": {
            "Cargo": [
              "// pkg_name=hello, checker=SemverChecks\n// toolchain=nightly, target=aarch64-unknown-none\n// features=\n// pkg_dir=/home/runner/check/batch_5/rcore-os/any-uart/hello\n// cmd=cargo +nightly-2025-06-26-x86_64-unknown-linux-gnu semver-checks --target aarch64-unknown-none \n// timestamp=2025-07-09 18:13:22.877325174 +08:00:00\n    Building hello v0.1.0 (current)\nerror: running cargo-doc on crate 'hello' failed with output:\n-----\n    Checking nb v1.1.0\n    Checking embedded-hal v1.0.0\n    Checking tock-registers v0.9.0\n    Checking fdt-parser v0.4.17\nerror[E0463]: can't find crate for `core`\n  |\n  = note: the `aarch64-unknown-none` target may not be installed\n  = help: consider downloading the target with `rustup target add aarch64-unknown-none`\n  = help: consider building the standard library from source with `cargo build -Zbuild-std`\n\nFor more information about this error, try `rustc --explain E0463`.\nerror: could not compile `nb` (lib) due to 1 previous error\nwarning: build failed, waiting for other jobs to finish...\nerror: could not compile `embedded-hal` (lib) due to 1 previous error\nerror: could not compile `fdt-parser` (lib) due to 1 previous error\nerror: could not compile `tock-registers` (lib) due to 1 previous error\n\n-----\n\nerror: failed to build rustdoc for crate hello v0.1.0\nnote: this is usually due to a compilation error in the crate,\n      and is unlikely to be a bug in cargo-semver-checks\nnote: the following command can be used to reproduce the compilation error:\n      cargo new --lib example &&\n          cd example &&\n          echo '[workspace]' >> Cargo.toml &&\n          cargo add --path /home/runner/check/batch_5/rcore-os/any-uart/hello &&\n          cargo check\n\nerror: aborting due to failure to build rustdoc for crate hello v0.1.0\n"
            ]
          }
        },
        {
          "file": "(virtual) udeps",
          "features": "",
          "count": 1,
          "kinds": {
            "Cargo": [
              "// pkg_name=hello, checker=Udeps\n// toolchain=nightly, target=aarch64-unknown-none\n// features=\n// pkg_dir=/home/runner/check/batch_5/rcore-os/any-uart/hello\n// cmd=cargo +nightly-2025-06-26-x86_64-unknown-linux-gnu udeps --target aarch64-unknown-none \n// timestamp=2025-07-09 18:13:27.558333955 +08:00:00\n    Checking nb v1.1.0\n    Checking embedded-hal v1.0.0\n    Checking fdt-parser v0.4.17\n    Checking bitflags v2.9.1\nerror[E0463]: can't find crate for `core`\n  |\n  = note: the `aarch64-unknown-none` target may not be installed\n  = help: consider downloading the target with `rustup target add aarch64-unknown-none`\n  = help: consider building the standard library from source with `cargo build -Zbuild-std`\n\nFor more information about this error, try `rustc --explain E0463`.\nerror: could not compile `nb` (lib) due to 1 previous error\nwarning: build failed, waiting for other jobs to finish...\nerror: could not compile `bitflags` (lib) due to 1 previous error\nerror: could not compile `fdt-parser` (lib) due to 1 previous error\nerror: could not compile `embedded-hal` (lib) due to 1 previous error\n"
            ]
          }
        },
        {
          "file": "[Udeps] Unused dependencies",
          "features": "",
          "count": 1,
          "kinds": {
            "Unused Deps": [
              "pkg=hello, checker=Udeps\ntoolchain=nightly, target=aarch64-unknown-none\nfeatures=\npkg_dir=/home/runner/check/batch_5/rcore-os/any-uart/hello\ncmd=cargo +nightly-2025-06-26-x86_64-unknown-linux-gnu udeps --target aarch64-unknown-none \ntimestamp=2025-07-09 18:13:27.644814188 +08:00:00\n\n\nstdout:\n\nstderr:\n    Checking nb v1.1.0\n    Checking embedded-hal v1.0.0\n    Checking fdt-parser v0.4.17\n    Checking bitflags v2.9.1\nerror[E0463]: can't find crate for `core`\n  |\n  = note: the `aarch64-unknown-none` target may not be installed\n  = help: consider downloading the target with `rustup target add aarch64-unknown-none`\n  = help: consider building the standard library from source with `cargo build -Zbuild-std`\n\nFor more information about this error, try `rustc --explain E0463`.\nerror: could not compile `nb` (lib) due to 1 previous error\nwarning: build failed, waiting for other jobs to finish...\nerror: could not compile `bitflags` (lib) due to 1 previous error\nerror: could not compile `fdt-parser` (lib) due to 1 previous error\nerror: could not compile `embedded-hal` (lib) due to 1 previous error\n"
            ]
          }
        },
        {
          "file": "[outdated direct dependencies]",
          "features": "",
          "count": 1,
          "kinds": {
            "Outdated": [
              "pkg=hello, checker=Outdated\ntoolchain=nightly, target=aarch64-unknown-none\nfeatures=\npkg_dir=/home/runner/check/batch_5/rcore-os/any-uart/hello\ncmd=cargo +nightly-2025-06-26-x86_64-unknown-linux-gnu outdated -R --exit-code=2\ntimestamp=2025-07-09 18:13:27.361497465 +08:00:00\n\nName   Project  Compat  Latest  Kind    Platform\n----   -------  ------  ------  ----    --------\nsmccc  0.1.1    ---     0.2.2   Normal  cfg(target_arch = \"aarch64\")\n"
            ]
          }
        },
        {
          "file": "[semver checks violation]",
          "features": "",
          "count": 1,
          "kinds": {
            "Semver Violation": [
              "pkg=hello, checker=SemverChecks\ntoolchain=nightly, target=aarch64-unknown-none\nfeatures=\npkg_dir=/home/runner/check/batch_5/rcore-os/any-uart/hello\ncmd=cargo +nightly-2025-06-26-x86_64-unknown-linux-gnu semver-checks --target aarch64-unknown-none \ntimestamp=2025-07-09 18:13:23.298297159 +08:00:00\n\n\nstdout:\n\nstderr:\n    Building hello v0.1.0 (current)\nerror: running cargo-doc on crate 'hello' failed with output:\n-----\n    Checking nb v1.1.0\n    Checking embedded-hal v1.0.0\n    Checking tock-registers v0.9.0\n    Checking fdt-parser v0.4.17\nerror[E0463]: can't find crate for `core`\n  |\n  = note: the `aarch64-unknown-none` target may not be installed\n  = help: consider downloading the target with `rustup target add aarch64-unknown-none`\n  = help: consider building the standard library from source with `cargo build -Zbuild-std`\n\nFor more information about this error, try `rustc --explain E0463`.\nerror: could not compile `nb` (lib) due to 1 previous error\nwarning: build failed, waiting for other jobs to finish...\nerror: could not compile `embedded-hal` (lib) due to 1 previous error\nerror: could not compile `fdt-parser` (lib) due to 1 previous error\nerror: could not compile `tock-registers` (lib) due to 1 previous error\n\n-----\n\nerror: failed to build rustdoc for crate hello v0.1.0\nnote: this is usually due to a compilation error in the crate,\n      and is unlikely to be a bug in cargo-semver-checks\nnote: the following command can be used to reproduce the compilation error:\n      cargo new --lib example &&\n          cd example &&\n          echo '[workspace]' >> Cargo.toml &&\n          cargo add --path /home/runner/check/batch_5/rcore-os/any-uart/hello &&\n          cargo check\n\nerror: aborting due to failure to build rustdoc for crate hello v0.1.0\n"
            ]
          }
        }
      ]
    },
    {
      "user": "rcore-os",
      "repo": "any-uart",
      "pkg": "any-uart",
      "count": 4,
      "raw_reports": [
        {
          "file": "(virtual) semver-checks",
          "features": "",
          "count": 1,
          "kinds": {
            "Cargo": [
              "// pkg_name=any-uart, checker=SemverChecks\n// toolchain=nightly, target=aarch64-unknown-none\n// features=\n// pkg_dir=/home/runner/check/batch_5/rcore-os/any-uart/any-uart\n// cmd=cargo +nightly-2025-06-26-x86_64-unknown-linux-gnu semver-checks --target aarch64-unknown-none \n// timestamp=2025-07-09 18:13:22.430880576 +08:00:00\n    Building any-uart v0.2.11 (current)\nerror: running cargo-doc on crate 'any-uart' failed with output:\n-----\n    Checking embedded-hal v1.0.0\n    Checking nb v1.1.0\n    Checking fdt-parser v0.4.17\n    Checking bitflags v2.9.1\nerror[E0463]: can't find crate for `core`\n  |\n  = note: the `aarch64-unknown-none` target may not be installed\n  = help: consider downloading the target with `rustup target add aarch64-unknown-none`\n  = help: consider building the standard library from source with `cargo build -Zbuild-std`\n\nFor more information about this error, try `rustc --explain E0463`.\nerror: could not compile `nb` (lib) due to 1 previous error\nwarning: build failed, waiting for other jobs to finish...\nerror: could not compile `embedded-hal` (lib) due to 1 previous error\nerror: could not compile `bitflags` (lib) due to 1 previous error\nerror: could not compile `fdt-parser` (lib) due to 1 previous error\n\n-----\n\nerror: failed to build rustdoc for crate any-uart v0.2.11\nnote: this is usually due to a compilation error in the crate,\n      and is unlikely to be a bug in cargo-semver-checks\nnote: the following command can be used to reproduce the compilation error:\n      cargo new --lib example &&\n          cd example &&\n          echo '[workspace]' >> Cargo.toml &&\n          cargo add --path /home/runner/check/batch_5/rcore-os/any-uart/any-uart --features alloc &&\n          cargo check\n\nerror: aborting due to failure to build rustdoc for crate any-uart v0.2.11\n"
            ]
          }
        },
        {
          "file": "(virtual) udeps",
          "features": "",
          "count": 1,
          "kinds": {
            "Cargo": [
              "// pkg_name=any-uart, checker=Udeps\n// toolchain=nightly, target=aarch64-unknown-none\n// features=\n// pkg_dir=/home/runner/check/batch_5/rcore-os/any-uart/any-uart\n// cmd=cargo +nightly-2025-06-26-x86_64-unknown-linux-gnu udeps --target aarch64-unknown-none \n// timestamp=2025-07-09 18:13:27.362498066 +08:00:00\n    Checking nb v1.1.0\n    Checking embedded-hal v1.0.0\n    Checking cfg-if v1.0.1\n    Checking bitflags v2.9.1\nerror[E0463]: can't find crate for `core`\n  |\n  = note: the `aarch64-unknown-none` target may not be installed\n  = help: consider downloading the target with `rustup target add aarch64-unknown-none`\n  = help: consider building the standard library from source with `cargo build -Zbuild-std`\n\nFor more information about this error, try `rustc --explain E0463`.\nerror: could not compile `cfg-if` (lib) due to 1 previous error\nwarning: build failed, waiting for other jobs to finish...\nerror: could not compile `nb` (lib) due to 1 previous error\nerror: could not compile `embedded-hal` (lib) due to 1 previous error\nerror: could not compile `bitflags` (lib) due to 1 previous error\n"
            ]
          }
        },
        {
          "file": "[Udeps] Unused dependencies",
          "features": "",
          "count": 1,
          "kinds": {
            "Unused Deps": [
              "pkg=any-uart, checker=Udeps\ntoolchain=nightly, target=aarch64-unknown-none\nfeatures=\npkg_dir=/home/runner/check/batch_5/rcore-os/any-uart/any-uart\ncmd=cargo +nightly-2025-06-26-x86_64-unknown-linux-gnu udeps --target aarch64-unknown-none \ntimestamp=2025-07-09 18:13:27.556783004 +08:00:00\n\n\nstdout:\n\nstderr:\n    Checking nb v1.1.0\n    Checking embedded-hal v1.0.0\n    Checking cfg-if v1.0.1\n    Checking bitflags v2.9.1\nerror[E0463]: can't find crate for `core`\n  |\n  = note: the `aarch64-unknown-none` target may not be installed\n  = help: consider downloading the target with `rustup target add aarch64-unknown-none`\n  = help: consider building the standard library from source with `cargo build -Zbuild-std`\n\nFor more information about this error, try `rustc --explain E0463`.\nerror: could not compile `cfg-if` (lib) due to 1 previous error\nwarning: build failed, waiting for other jobs to finish...\nerror: could not compile `nb` (lib) due to 1 previous error\nerror: could not compile `embedded-hal` (lib) due to 1 previous error\nerror: could not compile `bitflags` (lib) due to 1 previous error\n"
            ]
          }
        },
        {
          "file": "[semver checks violation]",
          "features": "",
          "count": 1,
          "kinds": {
            "Semver Violation": [
              "pkg=any-uart, checker=SemverChecks\ntoolchain=nightly, target=aarch64-unknown-none\nfeatures=\npkg_dir=/home/runner/check/batch_5/rcore-os/any-uart/any-uart\ncmd=cargo +nightly-2025-06-26-x86_64-unknown-linux-gnu semver-checks --target aarch64-unknown-none \ntimestamp=2025-07-09 18:13:22.875731913 +08:00:00\n\n\nstdout:\n\nstderr:\n    Building any-uart v0.2.11 (current)\nerror: running cargo-doc on crate 'any-uart' failed with output:\n-----\n    Checking embedded-hal v1.0.0\n    Checking nb v1.1.0\n    Checking fdt-parser v0.4.17\n    Checking bitflags v2.9.1\nerror[E0463]: can't find crate for `core`\n  |\n  = note: the `aarch64-unknown-none` target may not be installed\n  = help: consider downloading the target with `rustup target add aarch64-unknown-none`\n  = help: consider building the standard library from source with `cargo build -Zbuild-std`\n\nFor more information about this error, try `rustc --explain E0463`.\nerror: could not compile `nb` (lib) due to 1 previous error\nwarning: build failed, waiting for other jobs to finish...\nerror: could not compile `embedded-hal` (lib) due to 1 previous error\nerror: could not compile `bitflags` (lib) due to 1 previous error\nerror: could not compile `fdt-parser` (lib) due to 1 previous error\n\n-----\n\nerror: failed to build rustdoc for crate any-uart v0.2.11\nnote: this is usually due to a compilation error in the crate,\n      and is unlikely to be a bug in cargo-semver-checks\nnote: the following command can be used to reproduce the compilation error:\n      cargo new --lib example &&\n          cd example &&\n          echo '[workspace]' >> Cargo.toml &&\n          cargo add --path /home/runner/check/batch_5/rcore-os/any-uart/any-uart --features alloc &&\n          cargo check\n\nerror: aborting due to failure to build rustdoc for crate any-uart v0.2.11\n"
            ]
          }
        }
      ]
    }
  ],
  "kinds_order": [
    "Cargo",
    "Clippy(Error)",
    "Clippy(Warn)",
    "Semver Violation",
    "Audit",
    "Mirai",
    "Rapx",
    "Rudra",
    "Lockbud(Probably)",
    "Lockbud(Possibly)",
    "Atomvchecker",
    "Outdated",
    "Geiger",
    "Unused Deps",
    "Unformatted"
  ]
}