{"repo":{"user":"shilei-massclouds","repo":"spinpreempt"},"data":[{"user":"shilei-massclouds","repo":"spinpreempt","pkg":"spinpreempt","count":12,"raw_reports":[{"file":"/home/runner/.cargo/git/checkouts/early_console-27aa013ee5514833/8bc0d21/early_console/src/lib.rs","count":5,"kinds":{"Clippy(Error)":["error[E0432]: unresolved imports `platform::getchar`, `platform::putchar`\n  --> /home/runner/.cargo/git/checkouts/early_console-27aa013ee5514833/8bc0d21/early_console/src/lib.rs:12:20\n   |\n12 | pub use platform::{getchar, putchar};\n   |                    ^^^^^^^  ^^^^^^^ no `putchar` in `platform`\n   |                    |\n   |                    no `getchar` in `platform`\n\n","error[E0432]: unresolved imports `platform::getchar`, `platform::putchar`\n  --> /home/runner/.cargo/git/checkouts/early_console-27aa013ee5514833/8bc0d21/early_console/src/lib.rs:12:20\n   |\n12 | pub use platform::{getchar, putchar};\n   |                    ^^^^^^^  ^^^^^^^ no `putchar` in `platform`\n   |                    |\n   |                    no `getchar` in `platform`\n\n","error[E0425]: cannot find function `console_init` in module `platform`\n  --> /home/runner/.cargo/git/checkouts/early_console-27aa013ee5514833/8bc0d21/early_console/src/lib.rs:17:15\n   |\n17 |     platform::console_init();\n   |               ^^^^^^^^^^^^ not found in `platform`\n\n","error[E0425]: cannot find function `putchar` in module `platform`\n  --> /home/runner/.cargo/git/checkouts/early_console-27aa013ee5514833/8bc0d21/early_console/src/lib.rs:23:19\n   |\n23 |         platform::putchar(*c);\n   |                   ^^^^^^^ not found in `platform`\n   |\nhelp: consider importing this function\n   |\n12 + use crate::platform::console::putchar;\n   |\nhelp: if you import `putchar`, refer to it directly\n   |\n23 -         platform::putchar(*c);\n23 +         putchar(*c);\n   |\n\n","error[E0425]: cannot find function `getchar` in module `platform`\n  --> /home/runner/.cargo/git/checkouts/early_console-27aa013ee5514833/8bc0d21/early_console/src/lib.rs:31:36\n   |\n31 |         if let Some(c) = platform::getchar() {\n   |                                    ^^^^^^^ not found in `platform`\n   |\nhelp: consider importing this function\n   |\n12 + use crate::platform::console::getchar;\n   |\nhelp: if you import `getchar`, refer to it directly\n   |\n31 -         if let Some(c) = platform::getchar() {\n31 +         if let Some(c) = getchar() {\n   |\n\n"]}},{"file":"/home/runner/.cargo/git/checkouts/early_console-27aa013ee5514833/8bc0d21/early_console/src/platform/dummy/mod.rs","count":1,"kinds":{"Clippy(Error)":["error[E0433]: failed to resolve: unresolved import\n  --> /home/runner/.cargo/git/checkouts/early_console-27aa013ee5514833/8bc0d21/early_console/src/platform/dummy/mod.rs:31:69\n   |\n31 |     pub(crate) fn platform_regions() -> impl Iterator<Item = crate::mem::MemRegion> {\n   |                                                                     ^^^\n   |                                                                     |\n   |                                                                     unresolved import\n   |                                                                     help: a similar path exists: `core::mem`\n\n"]}},{"file":"(virtual) clippy","count":1,"kinds":{"Cargo":["// pkg_name=spinpreempt, checker=Clippy\n// toolchain=nightly-2024-12-26-x86_64-unknown-linux-gnu, target=x86_64-unknown-linux-gnu\n// pkg_dir=/home/runner/check/batch_18/shilei-massclouds/spinpreempt/spinpreempt\n// cmd=cargo clippy --target x86_64-unknown-linux-gnu --no-deps --message-format=json\n// timestamp=2024-12-29 2:33:22.208003709 +08:00:00\n   Compiling serde v1.0.217\n   Compiling hashbrown v0.15.2\n   Compiling equivalent v1.0.1\n   Compiling toml_datetime v0.6.8\n   Compiling winnow v0.5.40\n   Compiling proc-macro2 v1.0.92\n   Compiling unicode-ident v1.0.14\n   Compiling indexmap v2.7.0\n    Checking bit_field v0.10.2\n   Compiling quote v1.0.38\n    Checking cfg-if v1.0.0\n   Compiling rustversion v1.0.19\n   Compiling autocfg v1.4.0\n    Checking bitflags v2.6.0\n   Compiling toml_edit v0.19.15\n   Compiling lock_api v0.4.12\n    Checking bitflags v1.3.2\n    Checking volatile v0.4.6\n    Checking raw-cpuid v10.7.0\n    Checking x86_64 v0.14.13\n    Checking kernel_guard_base v0.1.0 (ssh://git@github.com/shilei-massclouds/kernel_guard_base.git#4e672f3e)\n    Checking log v0.4.22\n    Checking scopeguard v1.2.0\n   Compiling paste v1.0.15\n   Compiling syn v1.0.109\n   Compiling x86 v0.52.0\n    Checking spinbase v0.1.0 (ssh://git@github.com/shilei-massclouds/spinbase.git#a3496db8)\n   Compiling syn v2.0.92\n   Compiling percpu2 v0.1.0 (ssh://git@github.com/shilei-massclouds/percpu2#2fa7f00e)\n   Compiling axerrno v0.1.0 (ssh://git@github.com/shilei-massclouds/axerrno#892169aa)\n   Compiling libc v0.2.169\n    Checking spin v0.9.8\n   Compiling axconfig v0.1.0 (ssh://git@github.com/shilei-massclouds/axconfig#51b81e4a)\n    Checking bit v0.1.1\n   Compiling base64 v0.13.1\n   Compiling early_console v0.1.0 (ssh://git@github.com/shilei-massclouds/early_console#8bc0d219)\n   Compiling axhal v0.1.0 (ssh://git@github.com/shilei-massclouds/axhal.git#db90ff50)\n   Compiling unicode-width v0.1.14\nerror: could not compile `early_console` (lib) due to 5 previous errors\nwarning: build failed, waiting for other jobs to finish...\n"]}},{"file":"(virtual) lockbud","count":1,"kinds":{"Cargo":["// pkg_name=spinpreempt, checker=Lockbud\n// toolchain=nightly-2024-12-26-x86_64-unknown-linux-gnu, target=x86_64-unknown-linux-gnu\n// pkg_dir=/home/runner/check/batch_18/shilei-massclouds/spinpreempt/spinpreempt\n// cmd=cargo +nightly-2024-10-05 lockbud -k all -- --target x86_64-unknown-linux-gnu\n// timestamp=2024-12-29 2:33:42.426483709 +08:00:00\n   Compiling serde v1.0.217\n   Compiling hashbrown v0.15.2\n   Compiling equivalent v1.0.1\n   Compiling toml_datetime v0.6.8\n   Compiling winnow v0.5.40\n   Compiling proc-macro2 v1.0.92\n   Compiling unicode-ident v1.0.14\n   Compiling indexmap v2.7.0\n   Compiling bit_field v0.10.2\n   Compiling quote v1.0.38\n   Compiling cfg-if v1.0.0\n   Compiling rustversion v1.0.19\n   Compiling autocfg v1.4.0\n   Compiling bitflags v2.6.0\n   Compiling toml_edit v0.19.15\n   Compiling lock_api v0.4.12\n   Compiling volatile v0.4.6\n   Compiling bitflags v1.3.2\n   Compiling raw-cpuid v10.7.0\n   Compiling x86_64 v0.14.13\nerror[E0053]: method `steps_between` has an incompatible type for trait\n   --> /home/runner/.cargo/registry/src/index.crates.io-6f17d22bba15001f/x86_64-0.14.13/src/addr.rs:387:51\n    |\n387 |     fn steps_between(start: &Self, end: &Self) -> (usize, Option<usize>) {\n    |                                                   ^^^^^^^^^^^^^^^^^^^^^^ expected `core::option::Option<usize>`, found `(usize, Option<usize>)`\n    |\n    = note: expected signature `fn(&addr::VirtAddr, &addr::VirtAddr) -> core::option::Option<usize>`\n               found signature `fn(&addr::VirtAddr, &addr::VirtAddr) -> (usize, core::option::Option<usize>)`\nhelp: change the output type to match the trait\n    |\n387 |     fn steps_between(start: &Self, end: &Self) -> core::option::Option<usize> {\n    |                                                   ~~~~~~~~~~~~~~~~~~~~~~~~~~~\n\nerror[E0053]: method `steps_between` has an incompatible type for trait\n   --> /home/runner/.cargo/registry/src/index.crates.io-6f17d22bba15001f/x86_64-0.14.13/src/structures/paging/page.rs:284:51\n    |\n284 |     fn steps_between(start: &Self, end: &Self) -> (usize, Option<usize>) {\n    |                                                   ^^^^^^^^^^^^^^^^^^^^^^ expected `core::option::Option<usize>`, found `(usize, Option<usize>)`\n    |\n    = note: expected signature `fn(&structures::paging::page::Page<_>, &structures::paging::page::Page<_>) -> core::option::Option<usize>`\n               found signature `fn(&structures::paging::page::Page<_>, &structures::paging::page::Page<_>) -> (usize, core::option::Option<usize>)`\nhelp: change the output type to match the trait\n    |\n284 |     fn steps_between(start: &Self, end: &Self) -> core::option::Option<usize> {\n    |                                                   ~~~~~~~~~~~~~~~~~~~~~~~~~~~\n\n   Compiling kernel_guard_base v0.1.0 (ssh://git@github.com/shilei-massclouds/kernel_guard_base.git#4e672f3e)\n   Compiling scopeguard v1.2.0\n   Compiling log v0.4.22\n[2024-12-28T18:33:46Z WARN  lockbud::callbacks] [\n      {\n        \"AtomicityViolation\": {\n          \"bug_kind\": \"AtomicityViolation\",\n          \"possibility\": \"Possibly\",\n          \"diagnosis\": {\n            \"fn_name\": \"set_logger_racy\",\n            \"atomic_reader\": \"/home/runner/.cargo/registry/src/index.crates.io-6f17d22bba15001f/log-0.4.22/src/lib.rs:1447:11: 1447:40 (#0)\",\n            \"atomic_writer\": \"/home/runner/.cargo/registry/src/index.crates.io-6f17d22bba15001f/log-0.4.22/src/lib.rs:1450:13: 1450:56 (#0)\",\n            \"dep_kind\": \"Control\"\n          },\n          \"explanation\": \"atomic::store is data/control dependent on atomic::load\"\n        }\n      }\n    ]\n[2024-12-28T18:33:46Z WARN  lockbud::callbacks] crate log contains bugs: { probably: 0, possibly: 0 }, conflictlock: { probably: 0, possibly: 0 }, condvar_deadlock: { probably: 0, possibly: 0 }, atomicity_violation: { possibly: 1 }, invalid_free: { possibly: 0 }, use_after_free: { possibly: 0 }\n   Compiling paste v1.0.15\n   Compiling x86 v0.52.0\nFor more information about this error, try `rustc --explain E0053`.\nerror: could not compile `x86_64` (lib) due to 2 previous errors\nwarning: build failed, waiting for other jobs to finish...\n"]}},{"file":"(virtual) rap","count":1,"kinds":{"Cargo":["// pkg_name=spinpreempt, checker=Rap\n// toolchain=nightly-2024-12-26-x86_64-unknown-linux-gnu, target=x86_64-unknown-linux-gnu\n// pkg_dir=/home/runner/check/batch_18/shilei-massclouds/spinpreempt/spinpreempt\n// cmd=cargo +nightly-2024-10-12 rap -F -M -- --target x86_64-unknown-linux-gnu\n// timestamp=2024-12-29 2:33:47.789199929 +08:00:00\n   Compiling serde v1.0.217\n   Compiling hashbrown v0.15.2\n   Compiling equivalent v1.0.1\n   Compiling winnow v0.5.40\n   Compiling toml_datetime v0.6.8\n   Compiling proc-macro2 v1.0.92\n   Compiling indexmap v2.7.0\n   Compiling unicode-ident v1.0.14\n    Checking bit_field v0.10.2\n    Checking cfg-if v1.0.0\n   Compiling quote v1.0.38\n   Compiling toml_edit v0.19.15\n   Compiling rustversion v1.0.19\n   Compiling autocfg v1.4.0\n    Checking bitflags v2.6.0\n   Compiling lock_api v0.4.12\n    Checking bitflags v1.3.2\n    Checking volatile v0.4.6\n    Checking raw-cpuid v10.7.0\n    Checking x86_64 v0.14.13\n    Checking kernel_guard_base v0.1.0 (ssh://git@github.com/shilei-massclouds/kernel_guard_base.git#4e672f3e)\n    Checking log v0.4.22\nerror[E0053]: method `steps_between` has an incompatible type for trait\n   --> /home/runner/.cargo/registry/src/index.crates.io-6f17d22bba15001f/x86_64-0.14.13/src/addr.rs:387:51\n    |\n387 |     fn steps_between(start: &Self, end: &Self) -> (usize, Option<usize>) {\n    |                                                   ^^^^^^^^^^^^^^^^^^^^^^ expected `Option<usize>`, found `(usize, Option<usize>)`\n    |\n    = note: expected signature `fn(&addr::VirtAddr, &addr::VirtAddr) -> Option<usize>`\n               found signature `fn(&addr::VirtAddr, &addr::VirtAddr) -> (usize, Option<usize>)`\nhelp: change the output type to match the trait\n    |\n387 |     fn steps_between(start: &Self, end: &Self) -> Option<usize> {\n    |                                                   ~~~~~~~~~~~~~\n\n    Checking scopeguard v1.2.0\nerror[E0053]: method `steps_between` has an incompatible type for trait\n   --> /home/runner/.cargo/registry/src/index.crates.io-6f17d22bba15001f/x86_64-0.14.13/src/structures/paging/page.rs:284:51\n    |\n284 |     fn steps_between(start: &Self, end: &Self) -> (usize, Option<usize>) {\n    |                                                   ^^^^^^^^^^^^^^^^^^^^^^ expected `Option<usize>`, found `(usize, Option<usize>)`\n    |\n    = note: expected signature `fn(&Page<_>, &Page<_>) -> Option<usize>`\n               found signature `fn(&Page<_>, &Page<_>) -> (usize, Option<usize>)`\nhelp: change the output type to match the trait\n    |\n284 |     fn steps_between(start: &Self, end: &Self) -> Option<usize> {\n    |                                                   ~~~~~~~~~~~~~\n\n   Compiling x86 v0.52.0\n   Compiling paste v1.0.15\n   Compiling syn v1.0.109\n    Checking spinbase v0.1.0 (ssh://git@github.com/shilei-massclouds/spinbase.git#a3496db8)\nFor more information about this error, try `rustc --explain E0053`.\nerror: could not compile `x86_64` (lib) due to 2 previous errors\nwarning: build failed, waiting for other jobs to finish...\n18:33:53|RAP|ERROR|: Finished with non-zero exit code.\n"]}},{"file":"(virtual) semver-checks","count":1,"kinds":{"Cargo":["// pkg_name=spinpreempt, checker=SemverChecks\n// toolchain=nightly-2024-12-26-x86_64-unknown-linux-gnu, target=x86_64-unknown-linux-gnu\n// pkg_dir=/home/runner/check/batch_18/shilei-massclouds/spinpreempt/spinpreempt\n// cmd=cargo +nightly-2024-12-26-x86_64-unknown-linux-gnu semver-checks --target x86_64-unknown-linux-gnu\n// timestamp=2024-12-29 2:33:29.590517522 +08:00:00\n    Building spinpreempt v0.1.0 (current)\nerror: running cargo-doc on crate 'spinpreempt' failed with output:\n-----\n   Compiling serde v1.0.217\n   Compiling hashbrown v0.15.2\n   Compiling equivalent v1.0.1\n   Compiling toml_datetime v0.6.8\n   Compiling winnow v0.5.40\n   Compiling proc-macro2 v1.0.92\n   Compiling unicode-ident v1.0.14\n   Compiling indexmap v2.7.0\n    Checking bit_field v0.10.2\n   Compiling quote v1.0.38\n    Checking cfg-if v1.0.0\n   Compiling rustversion v1.0.19\n   Compiling autocfg v1.4.0\n    Checking bitflags v2.6.0\n   Compiling toml_edit v0.19.15\n   Compiling lock_api v0.4.12\n    Checking bitflags v1.3.2\n    Checking volatile v0.4.6\n    Checking raw-cpuid v10.7.0\n    Checking x86_64 v0.14.13\n    Checking kernel_guard_base v0.1.0 (ssh://git@github.com/shilei-massclouds/kernel_guard_base.git#4e672f3e)\n   Compiling syn v1.0.109\n   Compiling x86 v0.52.0\n    Checking scopeguard v1.2.0\n   Compiling paste v1.0.15\n    Checking log v0.4.22\n    Checking spinbase v0.1.0 (ssh://git@github.com/shilei-massclouds/spinbase.git#a3496db8)\n   Compiling syn v2.0.92\n   Compiling libc v0.2.169\n   Compiling percpu2 v0.1.0 (ssh://git@github.com/shilei-massclouds/percpu2#2fa7f00e)\n   Compiling axerrno v0.1.0 (ssh://git@github.com/shilei-massclouds/axerrno#892169aa)\n    Checking spin v0.9.8\n   Compiling unicode-width v0.1.14\n   Compiling axconfig v0.1.0 (ssh://git@github.com/shilei-massclouds/axconfig#51b81e4a)\n   Compiling base64 v0.13.1\n   Compiling early_console v0.1.0 (ssh://git@github.com/shilei-massclouds/early_console#8bc0d219)\n   Compiling axhal v0.1.0 (ssh://git@github.com/shilei-massclouds/axhal.git#db90ff50)\nerror[E0432]: unresolved imports `platform::getchar`, `platform::putchar`\n  --> /home/runner/.cargo/git/checkouts/early_console-27aa013ee5514833/8bc0d21/early_console/src/lib.rs:12:20\n   |\n12 | pub use platform::{getchar, putchar};\n   |                    ^^^^^^^  ^^^^^^^ no `putchar` in `platform`\n   |                    |\n   |                    no `getchar` in `platform`\n\nerror[E0433]: failed to resolve: unresolved import\n  --> /home/runner/.cargo/git/checkouts/early_console-27aa013ee5514833/8bc0d21/early_console/src/platform/dummy/mod.rs:31:69\n   |\n31 |     pub(crate) fn platform_regions() -> impl Iterator<Item = crate::mem::MemRegion> {\n   |                                                                     ^^^\n   |                                                                     |\n   |                                                                     unresolved import\n   |                                                                     help: a similar path exists: `core::mem`\n\nerror[E0425]: cannot find function `console_init` in module `platform`\n  --> /home/runner/.cargo/git/checkouts/early_console-27aa013ee5514833/8bc0d21/early_console/src/lib.rs:17:15\n   |\n17 |     platform::console_init();\n   |               ^^^^^^^^^^^^ not found in `platform`\n\nerror[E0425]: cannot find function `putchar` in module `platform`\n  --> /home/runner/.cargo/git/checkouts/early_console-27aa013ee5514833/8bc0d21/early_console/src/lib.rs:23:19\n   |\n23 |         platform::putchar(*c);\n   |                   ^^^^^^^ not found in `platform`\n   |\nhelp: consider importing this function\n   |\n12 + use crate::platform::console::putchar;\n   |\nhelp: if you import `putchar`, refer to it directly\n   |\n23 -         platform::putchar(*c);\n23 +         putchar(*c);\n   |\n\nerror[E0425]: cannot find function `getchar` in module `platform`\n  --> /home/runner/.cargo/git/checkouts/early_console-27aa013ee5514833/8bc0d21/early_console/src/lib.rs:31:36\n   |\n31 |         if let Some(c) = platform::getchar() {\n   |                                    ^^^^^^^ not found in `platform`\n   |\nhelp: consider importing this function\n   |\n12 + use crate::platform::console::getchar;\n   |\nhelp: if you import `getchar`, refer to it directly\n   |\n31 -         if let Some(c) = platform::getchar() {\n31 +         if let Some(c) = getchar() {\n   |\n\nSome errors have detailed explanations: E0425, E0432, E0433.\nFor more information about an error, try `rustc --explain E0425`.\nerror: could not compile `early_console` (lib) due to 5 previous errors\nwarning: build failed, waiting for other jobs to finish...\n\n-----\n\nerror: failed to build rustdoc for crate spinpreempt v0.1.0\nnote: this is usually due to a compilation error in the crate,\n      and is unlikely to be a bug in cargo-semver-checks\nnote: the following command can be used to reproduce the compilation error:\n      cargo new --lib example &&\n          cd example &&\n          echo '[workspace]' >> Cargo.toml &&\n          cargo add --path /home/runner/check/batch_18/shilei-massclouds/spinpreempt/spinpreempt --features default,smp &&\n          cargo check\n\nerror: aborting due to failure to build rustdoc for crate spinpreempt v0.1.0\n"]}},{"file":"[lockbud] Not supported to display yet.","count":1,"kinds":{"Lockbud(Possibly)":["[2024-12-28T18:33:46Z WARN  lockbud::callbacks] [\n      {\n        \"AtomicityViolation\": {\n          \"bug_kind\": \"AtomicityViolation\",\n          \"possibility\": \"Possibly\",\n          \"diagnosis\": {\n            \"fn_name\": \"set_logger_racy\",\n            \"atomic_reader\": \"/home/runner/.cargo/registry/src/index.crates.io-6f17d22bba15001f/log-0.4.22/src/lib.rs:1447:11: 1447:40 (#0)\",\n            \"atomic_writer\": \"/home/runner/.cargo/registry/src/index.crates.io-6f17d22bba15001f/log-0.4.22/src/lib.rs:1450:13: 1450:56 (#0)\",\n            \"dep_kind\": \"Control\"\n          },\n          \"explanation\": \"atomic::store is data/control dependent on atomic::load\"\n        }\n      }\n    ]\n[2024-12-28T18:33:46Z WARN  lockbud::callbacks] crate log contains bugs: { probably: 0, possibly: 0 }, conflictlock: { probably: 0, possibly: 0 }, condvar_deadlock: { probably: 0, possibly: 0 }, atomicity_violation: { possibly: 1 }, invalid_free: { possibly: 0 }, use_after_free: { possibly: 0 }"]}},{"file":"[semver checks]","count":1,"kinds":{"Semver Violation":["pkg=spinpreempt, checker=SemverChecks\ntoolchain=nightly-2024-12-26-x86_64-unknown-linux-gnu, target=x86_64-unknown-linux-gnu\npkg_dir=/home/runner/check/batch_18/shilei-massclouds/spinpreempt/spinpreempt\ncmd=cargo +nightly-2024-12-26-x86_64-unknown-linux-gnu semver-checks --target x86_64-unknown-linux-gnu\n\n\nstdout:\n\nstderr:\n    Building spinpreempt v0.1.0 (current)\nerror: running cargo-doc on crate 'spinpreempt' failed with output:\n-----\n   Compiling serde v1.0.217\n   Compiling hashbrown v0.15.2\n   Compiling equivalent v1.0.1\n   Compiling toml_datetime v0.6.8\n   Compiling winnow v0.5.40\n   Compiling proc-macro2 v1.0.92\n   Compiling unicode-ident v1.0.14\n   Compiling indexmap v2.7.0\n    Checking bit_field v0.10.2\n   Compiling quote v1.0.38\n    Checking cfg-if v1.0.0\n   Compiling rustversion v1.0.19\n   Compiling autocfg v1.4.0\n    Checking bitflags v2.6.0\n   Compiling toml_edit v0.19.15\n   Compiling lock_api v0.4.12\n    Checking bitflags v1.3.2\n    Checking volatile v0.4.6\n    Checking raw-cpuid v10.7.0\n    Checking x86_64 v0.14.13\n    Checking kernel_guard_base v0.1.0 (ssh://git@github.com/shilei-massclouds/kernel_guard_base.git#4e672f3e)\n   Compiling syn v1.0.109\n   Compiling x86 v0.52.0\n    Checking scopeguard v1.2.0\n   Compiling paste v1.0.15\n    Checking log v0.4.22\n    Checking spinbase v0.1.0 (ssh://git@github.com/shilei-massclouds/spinbase.git#a3496db8)\n   Compiling syn v2.0.92\n   Compiling libc v0.2.169\n   Compiling percpu2 v0.1.0 (ssh://git@github.com/shilei-massclouds/percpu2#2fa7f00e)\n   Compiling axerrno v0.1.0 (ssh://git@github.com/shilei-massclouds/axerrno#892169aa)\n    Checking spin v0.9.8\n   Compiling unicode-width v0.1.14\n   Compiling axconfig v0.1.0 (ssh://git@github.com/shilei-massclouds/axconfig#51b81e4a)\n   Compiling base64 v0.13.1\n   Compiling early_console v0.1.0 (ssh://git@github.com/shilei-massclouds/early_console#8bc0d219)\n   Compiling axhal v0.1.0 (ssh://git@github.com/shilei-massclouds/axhal.git#db90ff50)\nerror[E0432]: unresolved imports `platform::getchar`, `platform::putchar`\n  --> /home/runner/.cargo/git/checkouts/early_console-27aa013ee5514833/8bc0d21/early_console/src/lib.rs:12:20\n   |\n12 | pub use platform::{getchar, putchar};\n   |                    ^^^^^^^  ^^^^^^^ no `putchar` in `platform`\n   |                    |\n   |                    no `getchar` in `platform`\n\nerror[E0433]: failed to resolve: unresolved import\n  --> /home/runner/.cargo/git/checkouts/early_console-27aa013ee5514833/8bc0d21/early_console/src/platform/dummy/mod.rs:31:69\n   |\n31 |     pub(crate) fn platform_regions() -> impl Iterator<Item = crate::mem::MemRegion> {\n   |                                                                     ^^^\n   |                                                                     |\n   |                                                                     unresolved import\n   |                                                                     help: a similar path exists: `core::mem`\n\nerror[E0425]: cannot find function `console_init` in module `platform`\n  --> /home/runner/.cargo/git/checkouts/early_console-27aa013ee5514833/8bc0d21/early_console/src/lib.rs:17:15\n   |\n17 |     platform::console_init();\n   |               ^^^^^^^^^^^^ not found in `platform`\n\nerror[E0425]: cannot find function `putchar` in module `platform`\n  --> /home/runner/.cargo/git/checkouts/early_console-27aa013ee5514833/8bc0d21/early_console/src/lib.rs:23:19\n   |\n23 |         platform::putchar(*c);\n   |                   ^^^^^^^ not found in `platform`\n   |\nhelp: consider importing this function\n   |\n12 + use crate::platform::console::putchar;\n   |\nhelp: if you import `putchar`, refer to it directly\n   |\n23 -         platform::putchar(*c);\n23 +         putchar(*c);\n   |\n\nerror[E0425]: cannot find function `getchar` in module `platform`\n  --> /home/runner/.cargo/git/checkouts/early_console-27aa013ee5514833/8bc0d21/early_console/src/lib.rs:31:36\n   |\n31 |         if let Some(c) = platform::getchar() {\n   |                                    ^^^^^^^ not found in `platform`\n   |\nhelp: consider importing this function\n   |\n12 + use crate::platform::console::getchar;\n   |\nhelp: if you import `getchar`, refer to it directly\n   |\n31 -         if let Some(c) = platform::getchar() {\n31 +         if let Some(c) = getchar() {\n   |\n\nSome errors have detailed explanations: E0425, E0432, E0433.\nFor more information about an error, try `rustc --explain E0425`.\nerror: could not compile `early_console` (lib) due to 5 previous errors\nwarning: build failed, waiting for other jobs to finish...\n\n-----\n\nerror: failed to build rustdoc for crate spinpreempt v0.1.0\nnote: this is usually due to a compilation error in the crate,\n      and is unlikely to be a bug in cargo-semver-checks\nnote: the following command can be used to reproduce the compilation error:\n      cargo new --lib example &&\n          cd example &&\n          echo '[workspace]' >> Cargo.toml &&\n          cargo add --path /home/runner/check/batch_18/shilei-massclouds/spinpreempt/spinpreempt --features default,smp &&\n          cargo check\n\nerror: aborting due to failure to build rustdoc for crate spinpreempt v0.1.0\n"]}}]}],"kinds_order":["Cargo","Clippy(Error)","Clippy(Warn)","Semver Violation","Audit","Mirai","Rap","Rudra","Lockbud(Probably)","Lockbud(Possibly)","Outdated","Geiger","Unformatted"]}