{"repo":{"user":"Starry-OS","repo":"axprocess"},"data":[{"user":"Starry-OS","repo":"axprocess","pkg":"axprocess","count":12,"raw_reports":[{"file":"src/process.rs","count":2,"kinds":{"Unformatted":["file: /home/runner/check/batch_2/Starry-OS/axprocess/src/process.rs (original lines from 3 to 3)\n+use alloc::format;\n","file: /home/runner/check/batch_2/Starry-OS/axprocess/src/process.rs (original lines from 5 to 5)\n-use alloc::format;\n"]}},{"file":"src/stdio.rs","count":2,"kinds":{"Unformatted":["file: /home/runner/check/batch_2/Starry-OS/axprocess/src/stdio.rs (original lines from 59 to 60)\n-    } \n-    else {\n+    } else {\n","file: /home/runner/check/batch_2/Starry-OS/axprocess/src/stdio.rs (original lines from 80 to 80)\n-                        // echo \n+                        // echo\n"]}},{"file":"/home/runner/.cargo/git/checkouts/taskctx-00ed8d16ef39a8b8/3c3ad2f/src/arch/x86_64.rs","count":1,"kinds":{"Clippy(Error)":["error[E0787]: the `asm!` macro is not allowed in naked functions\n   --> /home/runner/.cargo/git/checkouts/taskctx-00ed8d16ef39a8b8/3c3ad2f/src/arch/x86_64.rs:162:5\n    |\n162 | /     asm!(\n163 | |         \"\n164 | |         push    rbp\n165 | |         push    rbx\n...   |\n180 | |         options(noreturn),\n181 | |     )\n    | |_____^ consider using the `naked_asm!` macro instead\n\n"]}},{"file":"(virtual) clippy","count":1,"kinds":{"Cargo":["// pkg_name=axprocess, checker=Clippy\n// toolchain=nightly-2024-12-24-x86_64-unknown-linux-gnu, target=x86_64-unknown-linux-gnu\n// pkg_dir=/home/runner/check/batch_2/Starry-OS/axprocess\n// cmd=cargo clippy --target x86_64-unknown-linux-gnu --no-deps --message-format=json\n   Compiling proc-macro2 v1.0.92\n    Checking log v0.4.22\n   Compiling unicode-ident v1.0.14\n    Checking bit_field v0.10.2\n   Compiling serde v1.0.216\n   Compiling equivalent v1.0.1\n    Checking bitflags v2.6.0\n   Compiling hashbrown v0.15.2\n   Compiling toml_datetime v0.6.8\n   Compiling winnow v0.6.20\n    Checking cfg-if v1.0.0\n   Compiling indexmap v2.7.0\n   Compiling quote v1.0.37\n   Compiling axerrno v0.1.0 (https://github.com/Starry-OS/axerrno.git#3e2372cd)\n   Compiling syn v2.0.91\n    Checking bitflags v1.3.2\n   Compiling autocfg v1.4.0\n   Compiling toml_edit v0.22.22\n   Compiling lock_api v0.4.12\n    Checking raw-cpuid v10.7.0\n   Compiling libc v0.2.169\n   Compiling rustversion v1.0.18\n    Checking memory_addr v0.1.0 (https://github.com/Starry-OS/memory_addr.git#a5be547a)\n   Compiling x86 v0.52.0\n    Checking scopeguard v1.2.0\n   Compiling syn v1.0.109\n    Checking volatile v0.4.6\n   Compiling taskctx v0.1.0 (https://github.com/Starry-OS/taskctx.git#3c3ad2fb)\n    Checking spin v0.9.8\n    Checking numeric-enum-macro v0.2.0 (https://github.com/mexus/numeric-enum-macro#20aef288)\n    Checking static_assertions v1.1.0\n    Checking tock-registers v0.8.1\n   Compiling base64 v0.13.1\n   Compiling unicode-width v0.1.14\n    Checking aarch64-cpu v9.4.0\n   Compiling axconfig v0.1.0 (https://github.com/Starry-OS/axconfig.git#2a880338)\nerror: could not compile `taskctx` (lib) due to 1 previous error\nwarning: build failed, waiting for other jobs to finish...\n"]}},{"file":"(virtual) lockbud","count":1,"kinds":{"Cargo":["// pkg_name=axprocess, checker=Lockbud\n// toolchain=nightly-2024-12-24-x86_64-unknown-linux-gnu, target=x86_64-unknown-linux-gnu\n// pkg_dir=/home/runner/check/batch_2/Starry-OS/axprocess\n// cmd=cargo +nightly-2024-10-05 lockbud -k all -- --target x86_64-unknown-linux-gnu\n    Updating git repository `https://github.com/Starry-OS/axalloc.git`\n    Updating git repository `https://github.com/Starry-OS/axfs.git`\n    Updating git repository `https://github.com/Starry-OS/axfutex.git`\n    Updating git repository `https://github.com/Starry-OS/axmem.git`\n    Updating git repository `https://github.com/Starry-OS/axdriver.git`\n Downloading crates ...\n  Downloaded fdt v0.1.5\n  Downloaded void v1.0.2\n  Downloaded riscv v0.10.1\n  Downloaded nb v1.1.0\n  Downloaded ahash v0.7.8\n  Downloaded nb v0.1.3\n  Downloaded embedded-hal v0.2.7\n  Downloaded hashbrown v0.11.2\n   Compiling log v0.4.22\n   Compiling proc-macro2 v1.0.92\n   Compiling unicode-ident v1.0.14\n   Compiling bit_field v0.10.2\n   Compiling serde v1.0.216\n   Compiling equivalent v1.0.1\n[2024-12-25T05:41:22Z WARN  lockbud::callbacks] [\n      {\n        \"AtomicityViolation\": {\n          \"bug_kind\": \"AtomicityViolation\",\n          \"possibility\": \"Possibly\",\n          \"diagnosis\": {\n            \"fn_name\": \"set_logger_racy\",\n            \"atomic_reader\": \"/home/runner/.cargo/registry/src/index.crates.io-6f17d22bba15001f/log-0.4.22/src/lib.rs:1447:11: 1447:40 (#0)\",\n            \"atomic_writer\": \"/home/runner/.cargo/registry/src/index.crates.io-6f17d22bba15001f/log-0.4.22/src/lib.rs:1450:13: 1450:56 (#0)\",\n            \"dep_kind\": \"Control\"\n          },\n          \"explanation\": \"atomic::store is data/control dependent on atomic::load\"\n        }\n      }\n    ]\n[2024-12-25T05:41:22Z WARN  lockbud::callbacks] crate log contains bugs: { probably: 0, possibly: 0 }, conflictlock: { probably: 0, possibly: 0 }, condvar_deadlock: { probably: 0, possibly: 0 }, atomicity_violation: { possibly: 1 }, invalid_free: { possibly: 0 }, use_after_free: { possibly: 0 }\n   Compiling bitflags v2.6.0\n   Compiling hashbrown v0.15.2\n   Compiling cfg-if v1.0.0\n   Compiling winnow v0.6.20\n   Compiling toml_datetime v0.6.8\n   Compiling quote v1.0.37\n   Compiling indexmap v2.7.0\n   Compiling syn v2.0.91\n   Compiling axerrno v0.1.0 (https://github.com/Starry-OS/axerrno.git#3e2372cd)\n   Compiling bitflags v1.3.2\n   Compiling autocfg v1.4.0\n   Compiling toml_edit v0.22.22\n   Compiling lock_api v0.4.12\n   Compiling raw-cpuid v10.7.0\n   Compiling libc v0.2.169\n   Compiling memory_addr v0.1.0 (https://github.com/Starry-OS/memory_addr.git#a5be547a)\n   Compiling x86 v0.52.0\n   Compiling rustversion v1.0.18\n   Compiling scopeguard v1.2.0\n   Compiling volatile v0.4.6\n   Compiling taskctx v0.1.0 (https://github.com/Starry-OS/taskctx.git#3c3ad2fb)\n   Compiling syn v1.0.109\n   Compiling spin v0.9.8\n   Compiling static_assertions v1.1.0\n   Compiling numeric-enum-macro v0.2.0 (https://github.com/mexus/numeric-enum-macro#20aef288)\n   Compiling base64 v0.13.1\n   Compiling axconfig v0.1.0 (https://github.com/Starry-OS/axconfig.git#2a880338)\n   Compiling unicode-width v0.1.14\n   Compiling tock-registers v0.8.1\n   Compiling aarch64-cpu v9.4.0\n   Compiling x86_64 v0.15.2\n   Compiling kernel_guard v0.1.0 (https://github.com/Starry-OS/kernel_guard.git#72e00672)\n   Compiling paste v1.0.15\nerror[E0053]: method `steps_between` has an incompatible type for trait\n   --> /home/runner/.cargo/registry/src/index.crates.io-6f17d22bba15001f/x86_64-0.15.2/src/addr.rs:406:51\n    |\n406 |     fn steps_between(start: &Self, end: &Self) -> (usize, Option<usize>) {\n    |                                                   ^^^^^^^^^^^^^^^^^^^^^^ expected `core::option::Option<usize>`, found `(usize, Option<usize>)`\n    |\n    = note: expected signature `fn(&addr::VirtAddr, &addr::VirtAddr) -> core::option::Option<usize>`\n               found signature `fn(&addr::VirtAddr, &addr::VirtAddr) -> (usize, core::option::Option<usize>)`\nhelp: change the output type to match the trait\n    |\n406 |     fn steps_between(start: &Self, end: &Self) -> core::option::Option<usize> {\n    |                                                   ~~~~~~~~~~~~~~~~~~~~~~~~~~~\n\n   Compiling const-default v1.0.0\nerror[E0053]: method `steps_between` has an incompatible type for trait\n   --> /home/runner/.cargo/registry/src/index.crates.io-6f17d22bba15001f/x86_64-0.15.2/src/structures/paging/page.rs:307:51\n    |\n307 |     fn steps_between(start: &Self, end: &Self) -> (usize, Option<usize>) {\n    |                                                   ^^^^^^^^^^^^^^^^^^^^^^ expected `core::option::Option<usize>`, found `(usize, Option<usize>)`\n    |\n    = note: expected signature `fn(&structures::paging::page::Page<_>, &structures::paging::page::Page<_>) -> core::option::Option<usize>`\n               found signature `fn(&structures::paging::page::Page<_>, &structures::paging::page::Page<_>) -> (usize, core::option::Option<usize>)`\nhelp: change the output type to match the trait\n    |\n307 |     fn steps_between(start: &Self, end: &Self) -> core::option::Option<usize> {\n    |                                                   ~~~~~~~~~~~~~~~~~~~~~~~~~~~\n\nerror[E0053]: method `steps_between` has an incompatible type for trait\n   --> /home/runner/.cargo/registry/src/index.crates.io-6f17d22bba15001f/x86_64-0.15.2/src/structures/paging/page_table.rs:356:51\n    |\n356 |     fn steps_between(start: &Self, end: &Self) -> (usize, Option<usize>) {\n    |                                                   ^^^^^^^^^^^^^^^^^^^^^^ expected `core::option::Option<usize>`, found `(usize, Option<usize>)`\n    |\n    = note: expected signature `fn(&structures::paging::page_table::PageTableIndex, &structures::paging::page_table::PageTableIndex) -> core::option::Option<usize>`\n               found signature `fn(&structures::paging::page_table::PageTableIndex, &structures::paging::page_table::PageTableIndex) -> (usize, core::option::Option<usize>)`\nhelp: change the output type to match the trait\n    |\n356 |     fn steps_between(start: &Self, end: &Self) -> core::option::Option<usize> {\n    |                                                   ~~~~~~~~~~~~~~~~~~~~~~~~~~~\n\n   Compiling spinlock v0.1.0 (https://github.com/Starry-OS/spinlock.git#0149e52d)\n   Compiling lazy_static v1.5.0\n   Compiling axfs_vfs v0.1.0 (https://github.com/Starry-OS/axfs_vfs.git#cd00e108)\nerror[E0308]: mismatched types\n   --> /home/runner/.cargo/registry/src/index.crates.io-6f17d22bba15001f/x86_64-0.15.2/src/structures/paging/page_table.rs:357:9\n    |\n356 |     fn steps_between(start: &Self, end: &Self) -> (usize, Option<usize>) {\n    |                                                   ---------------------- expected `(usize, core::option::Option<usize>)` because of return type\n357 |         Step::steps_between(&start.0, &end.0)\n    |         ^^^^^^^^^^^^^^^^^^^^^^^^^^^^^^^^^^^^^ expected `(usize, Option<usize>)`, found `Option<usize>`\n    |\n    = note: expected tuple `(usize, core::option::Option<usize>)`\n                found enum `core::option::Option<usize>`\n\n   Compiling bitmap-allocator v0.1.0 (https://github.com/rcore-os/bitmap-allocator.git?rev=88e871a#88e871a5)\n   Compiling percpu v0.1.0 (https://github.com/Starry-OS/percpu.git#85e6d8a7)\n   Compiling axhal v0.1.0 (https://github.com/Starry-OS/axhal.git#8bed6725)\nSome errors have detailed explanations: E0053, E0308.\nFor more information about an error, try `rustc --explain E0053`.\nerror: could not compile `x86_64` (lib) due to 4 previous errors\nwarning: build failed, waiting for other jobs to finish...\n"]}},{"file":"(virtual) rap","count":1,"kinds":{"Cargo":["// pkg_name=axprocess, checker=Rap\n// toolchain=nightly-2024-12-24-x86_64-unknown-linux-gnu, target=x86_64-unknown-linux-gnu\n// pkg_dir=/home/runner/check/batch_2/Starry-OS/axprocess\n// cmd=cargo +nightly-2024-10-12 rap -F -M\n    Checking log v0.4.22\n   Compiling proc-macro2 v1.0.92\n   Compiling unicode-ident v1.0.14\n    Checking bit_field v0.10.2\n    Checking bitflags v2.6.0\n   Compiling hashbrown v0.15.2\n    Checking cfg-if v1.0.0\n   Compiling serde v1.0.216\n   Compiling equivalent v1.0.1\n   Compiling toml_datetime v0.6.8\n   Compiling winnow v0.6.20\n   Compiling indexmap v2.7.0\n   Compiling quote v1.0.37\n   Compiling syn v2.0.91\n    Checking bitflags v1.3.2\n   Compiling axerrno v0.1.0 (https://github.com/Starry-OS/axerrno.git#3e2372cd)\n   Compiling autocfg v1.4.0\n   Compiling toml_edit v0.22.22\n   Compiling lock_api v0.4.12\n    Checking raw-cpuid v10.7.0\n    Checking memory_addr v0.1.0 (https://github.com/Starry-OS/memory_addr.git#a5be547a)\n   Compiling rustversion v1.0.18\n   Compiling x86 v0.52.0\n   Compiling libc v0.2.169\n    Checking scopeguard v1.2.0\n   Compiling taskctx v0.1.0 (https://github.com/Starry-OS/taskctx.git#3c3ad2fb)\n   Compiling axconfig v0.1.0 (https://github.com/Starry-OS/axconfig.git#2a880338)\n    Checking volatile v0.4.6\n   Compiling syn v1.0.109\n    Checking spin v0.9.8\n    Checking numeric-enum-macro v0.2.0 (https://github.com/mexus/numeric-enum-macro#20aef288)\n    Checking static_assertions v1.1.0\n   Compiling base64 v0.13.1\n    Checking tock-registers v0.8.1\n   Compiling unicode-width v0.1.14\nerror[E0787]: the `asm!` macro is not allowed in naked functions\n   --> /home/runner/.cargo/git/checkouts/taskctx-38ebba1102c121c2/3c3ad2f/src/arch/x86_64.rs:162:5\n    |\n162 | /     asm!(\n163 | |         \"\n164 | |         push    rbp\n165 | |         push    rbx\n...   |\n180 | |         options(noreturn),\n181 | |     )\n    | |_____^ consider using the `naked_asm!` macro instead\n\nFor more information about this error, try `rustc --explain E0787`.\nerror: could not compile `taskctx` (lib) due to 1 previous error\nwarning: build failed, waiting for other jobs to finish...\n05:41:39|RAP|ERROR|: Finished with non-zero exit code.\n"]}},{"file":"(virtual) semver-checks","count":1,"kinds":{"Cargo":["// pkg_name=axprocess, checker=SemverChecks\n// toolchain=nightly-2024-12-24-x86_64-unknown-linux-gnu, target=x86_64-unknown-linux-gnu\n// pkg_dir=/home/runner/check/batch_2/Starry-OS/axprocess\n// cmd=cargo +nightly-2024-12-24-x86_64-unknown-linux-gnu semver-checks --target x86_64-unknown-linux-gnu\n    Building axprocess v0.1.0 (current)\nerror: running cargo-doc on crate 'axprocess' failed with output:\n-----\n    Checking log v0.4.22\n   Compiling proc-macro2 v1.0.92\n   Compiling unicode-ident v1.0.14\n    Checking bit_field v0.10.2\n    Checking bitflags v2.6.0\n   Compiling equivalent v1.0.1\n   Compiling hashbrown v0.15.2\n   Compiling serde v1.0.216\n   Compiling toml_datetime v0.6.8\n    Checking cfg-if v1.0.0\n   Compiling winnow v0.6.20\n   Compiling indexmap v2.7.0\n   Compiling quote v1.0.37\n    Checking bitflags v1.3.2\n   Compiling syn v2.0.91\n   Compiling axerrno v0.1.0 (https://github.com/Starry-OS/axerrno.git#3e2372cd)\n   Compiling autocfg v1.4.0\n   Compiling toml_edit v0.22.22\n   Compiling lock_api v0.4.12\n    Checking raw-cpuid v10.7.0\n   Compiling libc v0.2.169\n    Checking memory_addr v0.1.0 (https://github.com/Starry-OS/memory_addr.git#a5be547a)\n   Compiling x86 v0.52.0\n   Compiling rustversion v1.0.18\n    Checking scopeguard v1.2.0\n    Checking volatile v0.4.6\n   Compiling syn v1.0.109\n   Compiling taskctx v0.1.0 (https://github.com/Starry-OS/taskctx.git#3c3ad2fb)\n    Checking spin v0.9.8\n    Checking numeric-enum-macro v0.2.0 (https://github.com/mexus/numeric-enum-macro#20aef288)\n    Checking static_assertions v1.1.0\n    Checking tock-registers v0.8.1\n   Compiling base64 v0.13.1\n   Compiling unicode-width v0.1.14\n    Checking aarch64-cpu v9.4.0\n   Compiling axconfig v0.1.0 (https://github.com/Starry-OS/axconfig.git#2a880338)\n    Checking x86_64 v0.15.2\nerror[E0787]: the `asm!` macro is not allowed in naked functions\n   --> /home/runner/.cargo/git/checkouts/taskctx-00ed8d16ef39a8b8/3c3ad2f/src/arch/x86_64.rs:162:5\n    |\n162 | /     asm!(\n163 | |         \"\n164 | |         push    rbp\n165 | |         push    rbx\n...   |\n180 | |         options(noreturn),\n181 | |     )\n    | |_____^ consider using the `naked_asm!` macro instead\n\nFor more information about this error, try `rustc --explain E0787`.\nerror: could not compile `taskctx` (lib) due to 1 previous error\nwarning: build failed, waiting for other jobs to finish...\n\n-----\n\nerror: failed to build rustdoc for crate axprocess v0.1.0\nnote: this is usually due to a compilation error in the crate,\n      and is unlikely to be a bug in cargo-semver-checks\nnote: the following command can be used to reproduce the compilation error:\n      cargo new --lib example &&\n          cd example &&\n          echo '[workspace]' >> Cargo.toml &&\n          cargo add --path /home/runner/check/batch_2/Starry-OS/axprocess --features axfs,default,fs,monolithic &&\n          cargo check\n\nerror: aborting due to failure to build rustdoc for crate axprocess v0.1.0\n"]}},{"file":"[lockbud] Not supported to display yet.","count":1,"kinds":{"Lockbud(Possibly)":["[2024-12-25T05:41:22Z WARN  lockbud::callbacks] [\n      {\n        \"AtomicityViolation\": {\n          \"bug_kind\": \"AtomicityViolation\",\n          \"possibility\": \"Possibly\",\n          \"diagnosis\": {\n            \"fn_name\": \"set_logger_racy\",\n            \"atomic_reader\": \"/home/runner/.cargo/registry/src/index.crates.io-6f17d22bba15001f/log-0.4.22/src/lib.rs:1447:11: 1447:40 (#0)\",\n            \"atomic_writer\": \"/home/runner/.cargo/registry/src/index.crates.io-6f17d22bba15001f/log-0.4.22/src/lib.rs:1450:13: 1450:56 (#0)\",\n            \"dep_kind\": \"Control\"\n          },\n          \"explanation\": \"atomic::store is data/control dependent on atomic::load\"\n        }\n      }\n    ]\n[2024-12-25T05:41:22Z WARN  lockbud::callbacks] crate log contains bugs: { probably: 0, possibly: 0 }, conflictlock: { probably: 0, possibly: 0 }, condvar_deadlock: { probably: 0, possibly: 0 }, atomicity_violation: { possibly: 1 }, invalid_free: { possibly: 0 }, use_after_free: { possibly: 0 }"]}},{"file":"[outdated direct dependencies]","count":1,"kinds":{"Outdated":["pkg=axprocess, checker=Outdated\ntoolchain=nightly-2024-12-24-x86_64-unknown-linux-gnu, target=x86_64-unknown-linux-gnu\npkg_dir=/home/runner/check/batch_2/Starry-OS/axprocess\ncmd=cargo +nightly-2024-12-24-x86_64-unknown-linux-gnu outdated -R --exit-code=2\n\nName   Project  Compat  Latest  Kind    Platform\n----   -------  ------  ------  ----    --------\nriscv  0.10.1   ---     0.12.1  Normal  ---\n"]}},{"file":"[semver checks]","count":1,"kinds":{"Semver Violation":["pkg=axprocess, checker=SemverChecks\ntoolchain=nightly-2024-12-24-x86_64-unknown-linux-gnu, target=x86_64-unknown-linux-gnu\npkg_dir=/home/runner/check/batch_2/Starry-OS/axprocess\ncmd=cargo +nightly-2024-12-24-x86_64-unknown-linux-gnu semver-checks --target x86_64-unknown-linux-gnu\n\n\nstdout:\n\nstderr:\n    Building axprocess v0.1.0 (current)\nerror: running cargo-doc on crate 'axprocess' failed with output:\n-----\n    Checking log v0.4.22\n   Compiling proc-macro2 v1.0.92\n   Compiling unicode-ident v1.0.14\n    Checking bit_field v0.10.2\n    Checking bitflags v2.6.0\n   Compiling equivalent v1.0.1\n   Compiling hashbrown v0.15.2\n   Compiling serde v1.0.216\n   Compiling toml_datetime v0.6.8\n    Checking cfg-if v1.0.0\n   Compiling winnow v0.6.20\n   Compiling indexmap v2.7.0\n   Compiling quote v1.0.37\n    Checking bitflags v1.3.2\n   Compiling syn v2.0.91\n   Compiling axerrno v0.1.0 (https://github.com/Starry-OS/axerrno.git#3e2372cd)\n   Compiling autocfg v1.4.0\n   Compiling toml_edit v0.22.22\n   Compiling lock_api v0.4.12\n    Checking raw-cpuid v10.7.0\n   Compiling libc v0.2.169\n    Checking memory_addr v0.1.0 (https://github.com/Starry-OS/memory_addr.git#a5be547a)\n   Compiling x86 v0.52.0\n   Compiling rustversion v1.0.18\n    Checking scopeguard v1.2.0\n    Checking volatile v0.4.6\n   Compiling syn v1.0.109\n   Compiling taskctx v0.1.0 (https://github.com/Starry-OS/taskctx.git#3c3ad2fb)\n    Checking spin v0.9.8\n    Checking numeric-enum-macro v0.2.0 (https://github.com/mexus/numeric-enum-macro#20aef288)\n    Checking static_assertions v1.1.0\n    Checking tock-registers v0.8.1\n   Compiling base64 v0.13.1\n   Compiling unicode-width v0.1.14\n    Checking aarch64-cpu v9.4.0\n   Compiling axconfig v0.1.0 (https://github.com/Starry-OS/axconfig.git#2a880338)\n    Checking x86_64 v0.15.2\nerror[E0787]: the `asm!` macro is not allowed in naked functions\n   --> /home/runner/.cargo/git/checkouts/taskctx-00ed8d16ef39a8b8/3c3ad2f/src/arch/x86_64.rs:162:5\n    |\n162 | /     asm!(\n163 | |         \"\n164 | |         push    rbp\n165 | |         push    rbx\n...   |\n180 | |         options(noreturn),\n181 | |     )\n    | |_____^ consider using the `naked_asm!` macro instead\n\nFor more information about this error, try `rustc --explain E0787`.\nerror: could not compile `taskctx` (lib) due to 1 previous error\nwarning: build failed, waiting for other jobs to finish...\n\n-----\n\nerror: failed to build rustdoc for crate axprocess v0.1.0\nnote: this is usually due to a compilation error in the crate,\n      and is unlikely to be a bug in cargo-semver-checks\nnote: the following command can be used to reproduce the compilation error:\n      cargo new --lib example &&\n          cd example &&\n          echo '[workspace]' >> Cargo.toml &&\n          cargo add --path /home/runner/check/batch_2/Starry-OS/axprocess --features axfs,default,fs,monolithic &&\n          cargo check\n\nerror: aborting due to failure to build rustdoc for crate axprocess v0.1.0\n"]}}]}],"kinds_order":["Cargo","Clippy(Error)","Clippy(Warn)","Semver Violation","Audit","Mirai","Rap","Rudra","Lockbud(Probably)","Lockbud(Possibly)","Outdated","Geiger","Unformatted"]}