{"repo":{"user":"Byte-OS","repo":"polyhal"},"data":[{"user":"Byte-OS","repo":"polyhal","pkg":"polyhal","count":122,"raw_reports":[{"file":"/home/runner/.cargo/registry/src/index.crates.io-6f17d22bba15001f/bitflags-2.5.0/src/traits.rs","count":26,"kinds":{"Clippy(Error)":["error[E0463]: can't find crate for `core`\n --> /home/runner/.cargo/registry/src/index.crates.io-6f17d22bba15001f/bitflags-2.5.0/src/traits.rs:1:5\n  |\n1 | use core::{\n  |     ^^^^ can't find crate\n  |\n  = note: the `aarch64-unknown-none` target may not be installed\n  = help: consider downloading the target with `rustup target add aarch64-unknown-none`\n  = help: consider building the standard library from source with `cargo build -Zbuild-std`\n\n","error: cannot find attribute `derive` in this scope\n  --> /home/runner/.cargo/registry/src/index.crates.io-6f17d22bba15001f/bitflags-2.5.0/src/traits.rs:14:3\n   |\n14 | #[derive(Debug)]\n   |   ^^^^^^\n\n","error: cannot find macro `write` in this scope\n   --> /home/runner/.cargo/registry/src/index.crates.io-6f17d22bba15001f/bitflags-2.5.0/src/traits.rs:369:21\n    |\n369 |                       write!(writer, \"{:x}\", self)\n    |                       ^^^^^\n...\n385 | / impl_bits! {\n386 | |     u8, i8,\n387 | |     u16, i16,\n388 | |     u32, i32,\n...   |\n391 | |     usize, isize,\n392 | | }\n    | |_- in this macro invocation\n    |\n    = note: this error originates in the macro `impl_bits` (in Nightly builds, run with -Z macro-backtrace for more info)\n\n","error: cannot find macro `write` in this scope\n   --> /home/runner/.cargo/registry/src/index.crates.io-6f17d22bba15001f/bitflags-2.5.0/src/traits.rs:375:21\n    |\n375 |                       write!(writer, \"{:x}\", self)\n    |                       ^^^^^\n...\n385 | / impl_bits! {\n386 | |     u8, i8,\n387 | |     u16, i16,\n388 | |     u32, i32,\n...   |\n391 | |     usize, isize,\n392 | | }\n    | |_- in this macro invocation\n    |\n    = note: this error originates in the macro `impl_bits` (in Nightly builds, run with -Z macro-backtrace for more info)\n\n","error[E0405]: cannot find trait `Sized` in this scope\n   --> /home/runner/.cargo/registry/src/index.crates.io-6f17d22bba15001f/bitflags-2.5.0/src/traits.rs:132:18\n    |\n132 | pub trait Flags: Sized + 'static {\n    |                  ^^^^^ not found in this scope\n\n","error[E0412]: cannot find type `Option` in this scope\n   --> /home/runner/.cargo/registry/src/index.crates.io-6f17d22bba15001f/bitflags-2.5.0/src/traits.rs:163:39\n    |\n163 |     fn from_bits(bits: Self::Bits) -> Option<Self> {\n    |                                       ^^^^^^ not found in this scope\n\n","error[E0425]: cannot find value `None` in this scope\n   --> /home/runner/.cargo/registry/src/index.crates.io-6f17d22bba15001f/bitflags-2.5.0/src/traits.rs:169:13\n    |\n169 |             None\n    |             ^^^^ not found in this scope\n\n","error[E0412]: cannot find type `Option` in this scope\n   --> /home/runner/.cargo/registry/src/index.crates.io-6f17d22bba15001f/bitflags-2.5.0/src/traits.rs:185:33\n    |\n185 |     fn from_name(name: &str) -> Option<Self> {\n    |                                 ^^^^^^ not found in this scope\n\n","error[E0425]: cannot find value `None` in this scope\n   --> /home/runner/.cargo/registry/src/index.crates.io-6f17d22bba15001f/bitflags-2.5.0/src/traits.rs:188:20\n    |\n188 |             return None;\n    |                    ^^^^ not found in this scope\n\n","error[E0425]: cannot find value `None` in this scope\n   --> /home/runner/.cargo/registry/src/index.crates.io-6f17d22bba15001f/bitflags-2.5.0/src/traits.rs:197:9\n    |\n197 |         None\n    |         ^^^^ not found in this scope\n\n","error[E0405]: cannot find trait `Sized` in this scope\n   --> /home/runner/.cargo/registry/src/index.crates.io-6f17d22bba15001f/bitflags-2.5.0/src/traits.rs:231:15\n    |\n231 |         Self: Sized,\n    |               ^^^^^ not found in this scope\n\n","error[E0405]: cannot find trait `Sized` in this scope\n   --> /home/runner/.cargo/registry/src/index.crates.io-6f17d22bba15001f/bitflags-2.5.0/src/traits.rs:239:15\n    |\n239 |         Self: Sized,\n    |               ^^^^^ not found in this scope\n\n","error[E0405]: cannot find trait `Sized` in this scope\n   --> /home/runner/.cargo/registry/src/index.crates.io-6f17d22bba15001f/bitflags-2.5.0/src/traits.rs:247:15\n    |\n247 |         Self: Sized,\n    |               ^^^^^ not found in this scope\n\n","error[E0405]: cannot find trait `Sized` in this scope\n   --> /home/runner/.cargo/registry/src/index.crates.io-6f17d22bba15001f/bitflags-2.5.0/src/traits.rs:258:15\n    |\n258 |         Self: Sized,\n    |               ^^^^^ not found in this scope\n\n","error[E0405]: cannot find trait `Sized` in this scope\n   --> /home/runner/.cargo/registry/src/index.crates.io-6f17d22bba15001f/bitflags-2.5.0/src/traits.rs:266:15\n    |\n266 |         Self: Sized,\n    |               ^^^^^ not found in this scope\n\n","error[E0405]: cannot find trait `Sized` in this scope\n   --> /home/runner/.cargo/registry/src/index.crates.io-6f17d22bba15001f/bitflags-2.5.0/src/traits.rs:274:15\n    |\n274 |         Self: Sized,\n    |               ^^^^^ not found in this scope\n\n","error[E0405]: cannot find trait `Clone` in this scope\n   --> /home/runner/.cargo/registry/src/index.crates.io-6f17d22bba15001f/bitflags-2.5.0/src/traits.rs:321:5\n    |\n321 |     Clone\n    |     ^^^^^ not found in this scope\n\n","error[E0405]: cannot find trait `Copy` in this scope\n   --> /home/runner/.cargo/registry/src/index.crates.io-6f17d22bba15001f/bitflags-2.5.0/src/traits.rs:322:7\n    |\n322 |     + Copy\n    |       ^^^^ not found in this scope\n\n","error[E0405]: cannot find trait `PartialEq` in this scope\n   --> /home/runner/.cargo/registry/src/index.crates.io-6f17d22bba15001f/bitflags-2.5.0/src/traits.rs:323:7\n    |\n323 |     + PartialEq\n    |       ^^^^^^^^^ not found in this scope\n\n","error[E0405]: cannot find trait `Sized` in this scope\n   --> /home/runner/.cargo/registry/src/index.crates.io-6f17d22bba15001f/bitflags-2.5.0/src/traits.rs:328:7\n    |\n328 |     + Sized\n    |       ^^^^^ not found in this scope\n\n","error[E0412]: cannot find type `Result` in this scope\n   --> /home/runner/.cargo/registry/src/index.crates.io-6f17d22bba15001f/bitflags-2.5.0/src/traits.rs:356:46\n    |\n356 |                   fn parse_hex(input: &str) -> Result<Self, ParseError> {\n    |                                                ^^^^^^ not found in this scope\n...\n385 | / impl_bits! {\n386 | |     u8, i8,\n387 | |     u16, i16,\n388 | |     u32, i32,\n...   |\n391 | |     usize, isize,\n392 | | }\n    | |_- in this macro invocation\n    |\n    = note: this error originates in the macro `impl_bits` (in Nightly builds, run with -Z macro-backtrace for more info)\n\n","error[E0412]: cannot find type `Result` in this scope\n   --> /home/runner/.cargo/registry/src/index.crates.io-6f17d22bba15001f/bitflags-2.5.0/src/traits.rs:362:46\n    |\n362 |                   fn parse_hex(input: &str) -> Result<Self, ParseError> {\n    |                                                ^^^^^^ not found in this scope\n...\n385 | / impl_bits! {\n386 | |     u8, i8,\n387 | |     u16, i16,\n388 | |     u32, i32,\n...   |\n391 | |     usize, isize,\n392 | | }\n    | |_- in this macro invocation\n    |\n    = note: this error originates in the macro `impl_bits` (in Nightly builds, run with -Z macro-backtrace for more info)\n\n","error[E0405]: cannot find trait `Iterator` in this scope\n   --> /home/runner/.cargo/registry/src/index.crates.io-6f17d22bba15001f/bitflags-2.5.0/src/traits.rs:408:16\n    |\n408 |     type Iter: Iterator<Item = Self>;\n    |                ^^^^^^^^ not found in this scope\n\n","error[E0405]: cannot find trait `Iterator` in this scope\n   --> /home/runner/.cargo/registry/src/index.crates.io-6f17d22bba15001f/bitflags-2.5.0/src/traits.rs:411:21\n    |\n411 |     type IterNames: Iterator<Item = (&'static str, Self)>;\n    |                     ^^^^^^^^ not found in this scope\n\n","error[E0425]: cannot find function, tuple struct or tuple variant `Some` in this scope\n   --> /home/runner/.cargo/registry/src/index.crates.io-6f17d22bba15001f/bitflags-2.5.0/src/traits.rs:167:13\n    |\n167 |             Some(truncated)\n    |             ^^^^ not found in this scope\n\n","error[E0425]: cannot find function, tuple struct or tuple variant `Some` in this scope\n   --> /home/runner/.cargo/registry/src/index.crates.io-6f17d22bba15001f/bitflags-2.5.0/src/traits.rs:193:24\n    |\n193 |                 return Some(Self::from_bits_retain(flag.value().bits()));\n    |                        ^^^^ not found in this scope\n\n"]}},{"file":"/home/runner/.cargo/registry/src/index.crates.io-6f17d22bba15001f/bitflags-2.5.0/src/parser.rs","count":24,"kinds":{"Clippy(Error)":["error[E0463]: can't find crate for `core`\n  --> /home/runner/.cargo/registry/src/index.crates.io-6f17d22bba15001f/bitflags-2.5.0/src/parser.rs:33:5\n   |\n33 | use core::fmt::{self, Write};\n   |     ^^^^ can't find crate\n   |\n   = note: the `aarch64-unknown-none` target may not be installed\n   = help: consider downloading the target with `rustup target add aarch64-unknown-none`\n   = help: consider building the standard library from source with `cargo build -Zbuild-std`\n\n","error: cannot find attribute `derive` in this scope\n   --> /home/runner/.cargo/registry/src/index.crates.io-6f17d22bba15001f/bitflags-2.5.0/src/parser.rs:243:3\n    |\n243 | #[derive(Debug)]\n    |   ^^^^^^\n\n","error: cannot find attribute `derive` in this scope\n   --> /home/runner/.cargo/registry/src/index.crates.io-6f17d22bba15001f/bitflags-2.5.0/src/parser.rs:246:3\n    |\n246 | #[derive(Debug)]\n    |   ^^^^^^\n\n","error: cannot find macro `write` in this scope\n   --> /home/runner/.cargo/registry/src/index.crates.io-6f17d22bba15001f/bitflags-2.5.0/src/parser.rs:305:17\n    |\n305 |                 write!(f, \"unrecognized named flag\")?;\n    |                 ^^^^^\n\n","error: cannot find macro `write` in this scope\n   --> /home/runner/.cargo/registry/src/index.crates.io-6f17d22bba15001f/bitflags-2.5.0/src/parser.rs:315:17\n    |\n315 |                 write!(f, \"invalid hex flag\")?;\n    |                 ^^^^^\n\n","error: cannot find macro `write` in this scope\n   --> /home/runner/.cargo/registry/src/index.crates.io-6f17d22bba15001f/bitflags-2.5.0/src/parser.rs:323:17\n    |\n323 |                 write!(f, \"encountered empty flag\")?;\n    |                 ^^^^^\n\n","error[E0412]: cannot find type `Result` in this scope\n  --> /home/runner/.cargo/registry/src/index.crates.io-6f17d22bba15001f/bitflags-2.5.0/src/parser.rs:42:66\n   |\n42 | pub fn to_writer<B: Flags>(flags: &B, mut writer: impl Write) -> Result<(), fmt::Error>\n   |                                                                  ^^^^^^ not found in this scope\n\n","error[E0412]: cannot find type `Result` in this scope\n  --> /home/runner/.cargo/registry/src/index.crates.io-6f17d22bba15001f/bitflags-2.5.0/src/parser.rs:99:43\n   |\n99 | pub fn from_str<B: Flags>(input: &str) -> Result<B, ParseError>\n   |                                           ^^^^^^ not found in this scope\n\n","error[E0531]: cannot find tuple struct or tuple variant `Some` in this scope\n   --> /home/runner/.cargo/registry/src/index.crates.io-6f17d22bba15001f/bitflags-2.5.0/src/parser.rs:120:34\n    |\n120 |         let parsed_flag = if let Some(flag) = flag.strip_prefix(\"0x\") {\n    |                                  ^^^^ not found in this scope\n\n","error[E0412]: cannot find type `Result` in this scope\n   --> /home/runner/.cargo/registry/src/index.crates.io-6f17d22bba15001f/bitflags-2.5.0/src/parser.rs:142:71\n    |\n142 | pub fn to_writer_truncate<B: Flags>(flags: &B, writer: impl Write) -> Result<(), fmt::Error>\n    |                                                                       ^^^^^^ not found in this scope\n\n","error[E0412]: cannot find type `Result` in this scope\n   --> /home/runner/.cargo/registry/src/index.crates.io-6f17d22bba15001f/bitflags-2.5.0/src/parser.rs:155:52\n    |\n155 | pub fn from_str_truncate<B: Flags>(input: &str) -> Result<B, ParseError>\n    |                                                    ^^^^^^ not found in this scope\n\n","error[E0412]: cannot find type `Result` in this scope\n   --> /home/runner/.cargo/registry/src/index.crates.io-6f17d22bba15001f/bitflags-2.5.0/src/parser.rs:165:73\n    |\n165 | pub fn to_writer_strict<B: Flags>(flags: &B, mut writer: impl Write) -> Result<(), fmt::Error> {\n    |                                                                         ^^^^^^ not found in this scope\n\n","error[E0412]: cannot find type `Result` in this scope\n   --> /home/runner/.cargo/registry/src/index.crates.io-6f17d22bba15001f/bitflags-2.5.0/src/parser.rs:189:50\n    |\n189 | pub fn from_str_strict<B: Flags>(input: &str) -> Result<B, ParseError> {\n    |                                                  ^^^^^^ not found in this scope\n\n","error[E0405]: cannot find trait `Sized` in this scope\n   --> /home/runner/.cargo/registry/src/index.crates.io-6f17d22bba15001f/bitflags-2.5.0/src/parser.rs:239:15\n    |\n239 |         Self: Sized;\n    |               ^^^^^ not found in this scope\n\n","error[E0412]: cannot find type `Result` in this scope\n   --> /home/runner/.cargo/registry/src/index.crates.io-6f17d22bba15001f/bitflags-2.5.0/src/parser.rs:237:34\n    |\n237 |     fn parse_hex(input: &str) -> Result<Self, ParseError>\n    |                                  ^^^^^^ not found in this scope\n\n","error[E0425]: cannot find function, tuple struct or tuple variant `Ok` in this scope\n   --> /home/runner/.cargo/registry/src/index.crates.io-6f17d22bba15001f/bitflags-2.5.0/src/parser.rs:107:16\n    |\n107 |         return Ok(parsed_flags);\n    |                ^^ not found in this scope\n\n","error[E0425]: cannot find function, tuple struct or tuple variant `Err` in this scope\n   --> /home/runner/.cargo/registry/src/index.crates.io-6f17d22bba15001f/bitflags-2.5.0/src/parser.rs:115:20\n    |\n115 |             return Err(ParseError::empty_flag());\n    |                    ^^^ not found in this scope\n\n","error[E0425]: cannot find function, tuple struct or tuple variant `Ok` in this scope\n   --> /home/runner/.cargo/registry/src/index.crates.io-6f17d22bba15001f/bitflags-2.5.0/src/parser.rs:136:5\n    |\n136 |     Ok(parsed_flags)\n    |     ^^ not found in this scope\n\n","error[E0425]: cannot find function, tuple struct or tuple variant `Ok` in this scope\n   --> /home/runner/.cargo/registry/src/index.crates.io-6f17d22bba15001f/bitflags-2.5.0/src/parser.rs:159:5\n    |\n159 |     Ok(B::from_bits_truncate(from_str::<B>(input)?.bits()))\n    |     ^^ not found in this scope\n\n","error[E0425]: cannot find function, tuple struct or tuple variant `Ok` in this scope\n   --> /home/runner/.cargo/registry/src/index.crates.io-6f17d22bba15001f/bitflags-2.5.0/src/parser.rs:197:16\n    |\n197 |         return Ok(parsed_flags);\n    |                ^^ not found in this scope\n\n","error[E0425]: cannot find function, tuple struct or tuple variant `Err` in this scope\n   --> /home/runner/.cargo/registry/src/index.crates.io-6f17d22bba15001f/bitflags-2.5.0/src/parser.rs:205:20\n    |\n205 |             return Err(ParseError::empty_flag());\n    |                    ^^^ not found in this scope\n\n","error[E0425]: cannot find function, tuple struct or tuple variant `Err` in this scope\n   --> /home/runner/.cargo/registry/src/index.crates.io-6f17d22bba15001f/bitflags-2.5.0/src/parser.rs:211:20\n    |\n211 |             return Err(ParseError::invalid_hex_flag(\"unsupported hex flag value\"));\n    |                    ^^^ not found in this scope\n\n","error[E0425]: cannot find function, tuple struct or tuple variant `Ok` in this scope\n   --> /home/runner/.cargo/registry/src/index.crates.io-6f17d22bba15001f/bitflags-2.5.0/src/parser.rs:219:5\n    |\n219 |     Ok(parsed_flags)\n    |     ^^ not found in this scope\n\n","error[E0425]: cannot find function, tuple struct or tuple variant `Ok` in this scope\n   --> /home/runner/.cargo/registry/src/index.crates.io-6f17d22bba15001f/bitflags-2.5.0/src/parser.rs:327:9\n    |\n327 |         Ok(())\n    |         ^^ not found in this scope\n\n"]}},{"file":"/home/runner/.cargo/registry/src/index.crates.io-6f17d22bba15001f/scopeguard-1.2.0/src/lib.rs","count":16,"kinds":{"Clippy(Error)":["error[E0463]: can't find crate for `core`\n  |\n  = note: the `aarch64-unknown-none` target may not be installed\n  = help: consider downloading the target with `rustup target add aarch64-unknown-none`\n  = help: consider building the standard library from source with `cargo build -Zbuild-std`\n\n","error[E0463]: can't find crate for `compiler_builtins`\n\n","error[E0463]: can't find crate for `core`\n   --> /home/runner/.cargo/registry/src/index.crates.io-6f17d22bba15001f/scopeguard-1.2.0/src/lib.rs:192:1\n    |\n192 | extern crate core as std;\n    | ^^^^^^^^^^^^^^^^^^^^^^^^^ can't find crate\n    |\n    = note: the `aarch64-unknown-none` target may not be installed\n    = help: consider downloading the target with `rustup target add aarch64-unknown-none`\n    = help: consider building the standard library from source with `cargo build -Zbuild-std`\n\n","error: cannot find macro `stringify` in this scope\n   --> /home/runner/.cargo/registry/src/index.crates.io-6f17d22bba15001f/scopeguard-1.2.0/src/lib.rs:487:24\n    |\n487 |         f.debug_struct(stringify!(ScopeGuard))\n    |                        ^^^^^^^^^\n\n","error: cannot find attribute `derive` in this scope\n   --> /home/runner/.cargo/registry/src/index.crates.io-6f17d22bba15001f/scopeguard-1.2.0/src/lib.rs:212:3\n    |\n212 | #[derive(Debug)]\n    |   ^^^^^^\n\n","error[E0405]: cannot find trait `FnOnce` in this scope\n   --> /home/runner/.cargo/registry/src/index.crates.io-6f17d22bba15001f/scopeguard-1.2.0/src/lib.rs:306:8\n    |\n306 |     F: FnOnce(T),\n    |        ^^^^^^ not found in this scope\n\n","error[E0405]: cannot find trait `FnOnce` in this scope\n   --> /home/runner/.cargo/registry/src/index.crates.io-6f17d22bba15001f/scopeguard-1.2.0/src/lib.rs:317:8\n    |\n317 |     F: FnOnce(T),\n    |        ^^^^^^ not found in this scope\n\n","error[E0405]: cannot find trait `FnOnce` in this scope\n   --> /home/runner/.cargo/registry/src/index.crates.io-6f17d22bba15001f/scopeguard-1.2.0/src/lib.rs:377:8\n    |\n377 |     F: FnOnce(T),\n    |        ^^^^^^ not found in this scope\n\n","error[E0405]: cannot find trait `Sync` in this scope\n   --> /home/runner/.cargo/registry/src/index.crates.io-6f17d22bba15001f/scopeguard-1.2.0/src/lib.rs:435:22\n    |\n435 | unsafe impl<T, F, S> Sync for ScopeGuard<T, F, S>\n    |                      ^^^^ not found in this scope\n\n","error[E0405]: cannot find trait `Sync` in this scope\n   --> /home/runner/.cargo/registry/src/index.crates.io-6f17d22bba15001f/scopeguard-1.2.0/src/lib.rs:437:8\n    |\n437 |     T: Sync,\n    |        ^^^^ not found in this scope\n\n","error[E0405]: cannot find trait `FnOnce` in this scope\n   --> /home/runner/.cargo/registry/src/index.crates.io-6f17d22bba15001f/scopeguard-1.2.0/src/lib.rs:438:8\n    |\n438 |     F: FnOnce(T),\n    |        ^^^^^^ not found in this scope\n\n","error[E0405]: cannot find trait `FnOnce` in this scope\n   --> /home/runner/.cargo/registry/src/index.crates.io-6f17d22bba15001f/scopeguard-1.2.0/src/lib.rs:445:8\n    |\n445 |     F: FnOnce(T),\n    |        ^^^^^^ not found in this scope\n\n","error[E0405]: cannot find trait `FnOnce` in this scope\n   --> /home/runner/.cargo/registry/src/index.crates.io-6f17d22bba15001f/scopeguard-1.2.0/src/lib.rs:457:8\n    |\n457 |     F: FnOnce(T),\n    |        ^^^^^^ not found in this scope\n\n","error[E0405]: cannot find trait `Drop` in this scope\n   --> /home/runner/.cargo/registry/src/index.crates.io-6f17d22bba15001f/scopeguard-1.2.0/src/lib.rs:465:15\n    |\n465 | impl<T, F, S> Drop for ScopeGuard<T, F, S>\n    |               ^^^^ not found in this scope\n\n","error[E0405]: cannot find trait `FnOnce` in this scope\n   --> /home/runner/.cargo/registry/src/index.crates.io-6f17d22bba15001f/scopeguard-1.2.0/src/lib.rs:467:8\n    |\n467 |     F: FnOnce(T),\n    |        ^^^^^^ not found in this scope\n\n","error[E0405]: cannot find trait `FnOnce` in this scope\n   --> /home/runner/.cargo/registry/src/index.crates.io-6f17d22bba15001f/scopeguard-1.2.0/src/lib.rs:483:8\n    |\n483 |     F: FnOnce(T),\n    |        ^^^^^^ not found in this scope\n\n"]}},{"file":"/home/runner/.cargo/registry/src/index.crates.io-6f17d22bba15001f/tock-registers-0.8.1/src/fields.rs","count":13,"kinds":{"Clippy(Error)":["error[E0463]: can't find crate for `core`\n  --> /home/runner/.cargo/registry/src/index.crates.io-6f17d22bba15001f/tock-registers-0.8.1/src/fields.rs:68:5\n   |\n68 | use core::marker::PhantomData;\n   |     ^^^^ can't find crate\n   |\n   = note: the `aarch64-unknown-none` target may not be installed\n   = help: consider downloading the target with `rustup target add aarch64-unknown-none`\n   = help: consider building the standard library from source with `cargo build -Zbuild-std`\n\n","error[E0463]: can't find crate for `core`\n  --> /home/runner/.cargo/registry/src/index.crates.io-6f17d22bba15001f/tock-registers-0.8.1/src/fields.rs:69:5\n   |\n69 | use core::ops::{Add, AddAssign};\n   |     ^^^^ can't find crate\n   |\n   = note: the `aarch64-unknown-none` target may not be installed\n   = help: consider downloading the target with `rustup target add aarch64-unknown-none`\n   = help: consider building the standard library from source with `cargo build -Zbuild-std`\n\n","error: cannot find attribute `derive` in this scope\n   --> /home/runner/.cargo/registry/src/index.crates.io-6f17d22bba15001f/tock-registers-0.8.1/src/fields.rs:193:3\n    |\n193 | #[derive(Copy, Clone)]\n    |   ^^^^^^\n\n","error[E0412]: cannot find type `Option` in this scope\n   --> /home/runner/.cargo/registry/src/index.crates.io-6f17d22bba15001f/tock-registers-0.8.1/src/fields.rs:140:76\n    |\n140 |     pub fn read_as_enum<E: TryFromValue<T, EnumType = E>>(self, val: T) -> Option<E> {\n    |                                                                            ^^^^^^ not found in this scope\n\n","error[E0405]: cannot find trait `Clone` in this scope\n   --> /home/runner/.cargo/registry/src/index.crates.io-6f17d22bba15001f/tock-registers-0.8.1/src/fields.rs:161:40\n    |\n161 | impl<T: UIntLike, R: RegisterLongName> Clone for Field<T, R> {\n    |                                        ^^^^^ not found in this scope\n\n","error[E0405]: cannot find trait `Copy` in this scope\n   --> /home/runner/.cargo/registry/src/index.crates.io-6f17d22bba15001f/tock-registers-0.8.1/src/fields.rs:170:40\n    |\n170 | impl<T: UIntLike, R: RegisterLongName> Copy for Field<T, R> {}\n    |                                        ^^^^ not found in this scope\n\n","error[E0405]: cannot find trait `From` in this scope\n   --> /home/runner/.cargo/registry/src/index.crates.io-6f17d22bba15001f/tock-registers-0.8.1/src/fields.rs:217:35\n    |\n217 |         impl<R: RegisterLongName> From<FieldValue<$type, R>> for $type {\n    |                                   ^^^^ not found in this scope\n...\n225 | FieldValue_impl_for!(u8);\n    | ------------------------ in this macro invocation\n    |\n    = note: this error originates in the macro `FieldValue_impl_for` (in Nightly builds, run with -Z macro-backtrace for more info)\n\n","error[E0405]: cannot find trait `From` in this scope\n   --> /home/runner/.cargo/registry/src/index.crates.io-6f17d22bba15001f/tock-registers-0.8.1/src/fields.rs:217:35\n    |\n217 |         impl<R: RegisterLongName> From<FieldValue<$type, R>> for $type {\n    |                                   ^^^^ not found in this scope\n...\n226 | FieldValue_impl_for!(u16);\n    | ------------------------- in this macro invocation\n    |\n    = note: this error originates in the macro `FieldValue_impl_for` (in Nightly builds, run with -Z macro-backtrace for more info)\n\n","error[E0405]: cannot find trait `From` in this scope\n   --> /home/runner/.cargo/registry/src/index.crates.io-6f17d22bba15001f/tock-registers-0.8.1/src/fields.rs:217:35\n    |\n217 |         impl<R: RegisterLongName> From<FieldValue<$type, R>> for $type {\n    |                                   ^^^^ not found in this scope\n...\n227 | FieldValue_impl_for!(u32);\n    | ------------------------- in this macro invocation\n    |\n    = note: this error originates in the macro `FieldValue_impl_for` (in Nightly builds, run with -Z macro-backtrace for more info)\n\n","error[E0405]: cannot find trait `From` in this scope\n   --> /home/runner/.cargo/registry/src/index.crates.io-6f17d22bba15001f/tock-registers-0.8.1/src/fields.rs:217:35\n    |\n217 |         impl<R: RegisterLongName> From<FieldValue<$type, R>> for $type {\n    |                                   ^^^^ not found in this scope\n...\n228 | FieldValue_impl_for!(u64);\n    | ------------------------- in this macro invocation\n    |\n    = note: this error originates in the macro `FieldValue_impl_for` (in Nightly builds, run with -Z macro-backtrace for more info)\n\n","error[E0405]: cannot find trait `From` in this scope\n   --> /home/runner/.cargo/registry/src/index.crates.io-6f17d22bba15001f/tock-registers-0.8.1/src/fields.rs:217:35\n    |\n217 |         impl<R: RegisterLongName> From<FieldValue<$type, R>> for $type {\n    |                                   ^^^^ not found in this scope\n...\n229 | FieldValue_impl_for!(u128);\n    | -------------------------- in this macro invocation\n    |\n    = note: this error originates in the macro `FieldValue_impl_for` (in Nightly builds, run with -Z macro-backtrace for more info)\n\n","error[E0405]: cannot find trait `From` in this scope\n   --> /home/runner/.cargo/registry/src/index.crates.io-6f17d22bba15001f/tock-registers-0.8.1/src/fields.rs:217:35\n    |\n217 |         impl<R: RegisterLongName> From<FieldValue<$type, R>> for $type {\n    |                                   ^^^^ not found in this scope\n...\n230 | FieldValue_impl_for!(usize);\n    | --------------------------- in this macro invocation\n    |\n    = note: this error originates in the macro `FieldValue_impl_for` (in Nightly builds, run with -Z macro-backtrace for more info)\n\n","error[E0412]: cannot find type `Option` in this scope\n   --> /home/runner/.cargo/registry/src/index.crates.io-6f17d22bba15001f/tock-registers-0.8.1/src/fields.rs:300:32\n    |\n300 |     fn try_from_value(v: V) -> Option<Self::EnumType>;\n    |                                ^^^^^^ not found in this scope\n\n"]}},{"file":"/home/runner/.cargo/registry/src/index.crates.io-6f17d22bba15001f/bitflags-2.5.0/src/iter.rs","count":11,"kinds":{"Clippy(Error)":["error[E0405]: cannot find trait `Iterator` in this scope\n  --> /home/runner/.cargo/registry/src/index.crates.io-6f17d22bba15001f/bitflags-2.5.0/src/iter.rs:38:16\n   |\n38 | impl<B: Flags> Iterator for Iter<B> {\n   |                ^^^^^^^^ not found in this scope\n\n","error[E0412]: cannot find type `Option` in this scope\n  --> /home/runner/.cargo/registry/src/index.crates.io-6f17d22bba15001f/bitflags-2.5.0/src/iter.rs:41:27\n   |\n41 |     fn next(&mut self) -> Option<Self::Item> {\n   |                           ^^^^^^ not found in this scope\n\n","error[E0531]: cannot find tuple struct or tuple variant `Some` in this scope\n  --> /home/runner/.cargo/registry/src/index.crates.io-6f17d22bba15001f/bitflags-2.5.0/src/iter.rs:43:13\n   |\n43 |             Some((_, flag)) => Some(flag),\n   |             ^^^^ not found in this scope\n\n","error[E0405]: cannot find trait `Iterator` in this scope\n   --> /home/runner/.cargo/registry/src/index.crates.io-6f17d22bba15001f/bitflags-2.5.0/src/iter.rs:107:16\n    |\n107 | impl<B: Flags> Iterator for IterNames<B> {\n    |                ^^^^^^^^ not found in this scope\n\n","error[E0412]: cannot find type `Option` in this scope\n   --> /home/runner/.cargo/registry/src/index.crates.io-6f17d22bba15001f/bitflags-2.5.0/src/iter.rs:110:27\n    |\n110 |     fn next(&mut self) -> Option<Self::Item> {\n    |                           ^^^^^^ not found in this scope\n\n","error[E0531]: cannot find tuple struct or tuple variant `Some` in this scope\n   --> /home/runner/.cargo/registry/src/index.crates.io-6f17d22bba15001f/bitflags-2.5.0/src/iter.rs:111:19\n    |\n111 |         while let Some(flag) = self.flags.get(self.idx) {\n    |                   ^^^^ not found in this scope\n\n","error[E0425]: cannot find value `None` in this scope\n   --> /home/runner/.cargo/registry/src/index.crates.io-6f17d22bba15001f/bitflags-2.5.0/src/iter.rs:114:24\n    |\n114 |                 return None;\n    |                        ^^^^ not found in this scope\n\n","error[E0425]: cannot find value `None` in this scope\n   --> /home/runner/.cargo/registry/src/index.crates.io-6f17d22bba15001f/bitflags-2.5.0/src/iter.rs:143:9\n    |\n143 |         None\n    |         ^^^^ not found in this scope\n\n","error[E0425]: cannot find function, tuple struct or tuple variant `Some` in this scope\n  --> /home/runner/.cargo/registry/src/index.crates.io-6f17d22bba15001f/bitflags-2.5.0/src/iter.rs:43:32\n   |\n43 |             Some((_, flag)) => Some(flag),\n   |                                ^^^^ not found in this scope\n\n","error[E0425]: cannot find function, tuple struct or tuple variant `Some` in this scope\n  --> /home/runner/.cargo/registry/src/index.crates.io-6f17d22bba15001f/bitflags-2.5.0/src/iter.rs:51:21\n   |\n51 |                     Some(B::from_bits_retain(self.inner.remaining.bits()))\n   |                     ^^^^ not found in this scope\n\n","error[E0425]: cannot find function, tuple struct or tuple variant `Some` in this scope\n   --> /home/runner/.cargo/registry/src/index.crates.io-6f17d22bba15001f/bitflags-2.5.0/src/iter.rs:139:24\n    |\n139 |                 return Some((flag.name(), B::from_bits_retain(bits)));\n    |                        ^^^^ not found in this scope\n\n"]}},{"file":"/home/runner/.cargo/registry/src/index.crates.io-6f17d22bba15001f/tock-registers-0.8.1/src/local_register.rs","count":11,"kinds":{"Clippy(Error)":["error[E0463]: can't find crate for `core`\n --> /home/runner/.cargo/registry/src/index.crates.io-6f17d22bba15001f/tock-registers-0.8.1/src/local_register.rs:4:5\n  |\n4 | use core::fmt;\n  |     ^^^^ can't find crate\n  |\n  = note: the `aarch64-unknown-none` target may not be installed\n  = help: consider downloading the target with `rustup target add aarch64-unknown-none`\n  = help: consider building the standard library from source with `cargo build -Zbuild-std`\n\n","error[E0463]: can't find crate for `core`\n --> /home/runner/.cargo/registry/src/index.crates.io-6f17d22bba15001f/tock-registers-0.8.1/src/local_register.rs:5:5\n  |\n5 | use core::marker::PhantomData;\n  |     ^^^^ can't find crate\n  |\n  = note: the `aarch64-unknown-none` target may not be installed\n  = help: consider downloading the target with `rustup target add aarch64-unknown-none`\n  = help: consider building the standard library from source with `cargo build -Zbuild-std`\n\n","error: cannot find attribute `derive` in this scope\n  --> /home/runner/.cargo/registry/src/index.crates.io-6f17d22bba15001f/tock-registers-0.8.1/src/local_register.rs:30:3\n   |\n30 | #[derive(Copy, Clone)]\n   |   ^^^^^^\n\n","error: cannot find macro `write` in this scope\n   --> /home/runner/.cargo/registry/src/index.crates.io-6f17d22bba15001f/tock-registers-0.8.1/src/local_register.rs:108:9\n    |\n108 |         write!(f, \"{:?}\", self.value)\n    |         ^^^^^\n\n","error[E0412]: cannot find type `Option` in this scope\n  --> /home/runner/.cargo/registry/src/index.crates.io-6f17d22bba15001f/tock-registers-0.8.1/src/local_register.rs:64:89\n   |\n64 |     pub fn read_as_enum<E: TryFromValue<T, EnumType = E>>(&self, field: Field<T, R>) -> Option<E> {\n   |                                                                                         ^^^^^^ not found in this scope\n\n","error[E0405]: cannot find trait `From` in this scope\n   --> /home/runner/.cargo/registry/src/index.crates.io-6f17d22bba15001f/tock-registers-0.8.1/src/local_register.rs:116:35\n    |\n116 |         impl<R: RegisterLongName> From<LocalRegisterCopy<$type, R>> for $type {\n    |                                   ^^^^ not found in this scope\n...\n124 | From_impl_for!(u8);\n    | ------------------ in this macro invocation\n    |\n    = note: this error originates in the macro `From_impl_for` (in Nightly builds, run with -Z macro-backtrace for more info)\n\n","error[E0405]: cannot find trait `From` in this scope\n   --> /home/runner/.cargo/registry/src/index.crates.io-6f17d22bba15001f/tock-registers-0.8.1/src/local_register.rs:116:35\n    |\n116 |         impl<R: RegisterLongName> From<LocalRegisterCopy<$type, R>> for $type {\n    |                                   ^^^^ not found in this scope\n...\n125 | From_impl_for!(u16);\n    | ------------------- in this macro invocation\n    |\n    = note: this error originates in the macro `From_impl_for` (in Nightly builds, run with -Z macro-backtrace for more info)\n\n","error[E0405]: cannot find trait `From` in this scope\n   --> /home/runner/.cargo/registry/src/index.crates.io-6f17d22bba15001f/tock-registers-0.8.1/src/local_register.rs:116:35\n    |\n116 |         impl<R: RegisterLongName> From<LocalRegisterCopy<$type, R>> for $type {\n    |                                   ^^^^ not found in this scope\n...\n126 | From_impl_for!(u32);\n    | ------------------- in this macro invocation\n    |\n    = note: this error originates in the macro `From_impl_for` (in Nightly builds, run with -Z macro-backtrace for more info)\n\n","error[E0405]: cannot find trait `From` in this scope\n   --> /home/runner/.cargo/registry/src/index.crates.io-6f17d22bba15001f/tock-registers-0.8.1/src/local_register.rs:116:35\n    |\n116 |         impl<R: RegisterLongName> From<LocalRegisterCopy<$type, R>> for $type {\n    |                                   ^^^^ not found in this scope\n...\n127 | From_impl_for!(u64);\n    | ------------------- in this macro invocation\n    |\n    = note: this error originates in the macro `From_impl_for` (in Nightly builds, run with -Z macro-backtrace for more info)\n\n","error[E0405]: cannot find trait `From` in this scope\n   --> /home/runner/.cargo/registry/src/index.crates.io-6f17d22bba15001f/tock-registers-0.8.1/src/local_register.rs:116:35\n    |\n116 |         impl<R: RegisterLongName> From<LocalRegisterCopy<$type, R>> for $type {\n    |                                   ^^^^ not found in this scope\n...\n128 | From_impl_for!(u128);\n    | -------------------- in this macro invocation\n    |\n    = note: this error originates in the macro `From_impl_for` (in Nightly builds, run with -Z macro-backtrace for more info)\n\n","error[E0405]: cannot find trait `From` in this scope\n   --> /home/runner/.cargo/registry/src/index.crates.io-6f17d22bba15001f/tock-registers-0.8.1/src/local_register.rs:116:35\n    |\n116 |         impl<R: RegisterLongName> From<LocalRegisterCopy<$type, R>> for $type {\n    |                                   ^^^^ not found in this scope\n...\n129 | From_impl_for!(usize);\n    | --------------------- in this macro invocation\n    |\n    = note: this error originates in the macro `From_impl_for` (in Nightly builds, run with -Z macro-backtrace for more info)\n\n"]}},{"file":"/home/runner/.cargo/registry/src/index.crates.io-6f17d22bba15001f/tock-registers-0.8.1/src/registers.rs","count":10,"kinds":{"Clippy(Error)":["error[E0463]: can't find crate for `core`\n  --> /home/runner/.cargo/registry/src/index.crates.io-6f17d22bba15001f/tock-registers-0.8.1/src/registers.rs:19:5\n   |\n19 | use core::cell::UnsafeCell;\n   |     ^^^^ can't find crate\n   |\n   = note: the `aarch64-unknown-none` target may not be installed\n   = help: consider downloading the target with `rustup target add aarch64-unknown-none`\n   = help: consider building the standard library from source with `cargo build -Zbuild-std`\n\n","error[E0463]: can't find crate for `core`\n  --> /home/runner/.cargo/registry/src/index.crates.io-6f17d22bba15001f/tock-registers-0.8.1/src/registers.rs:20:5\n   |\n20 | use core::marker::PhantomData;\n   |     ^^^^ can't find crate\n   |\n   = note: the `aarch64-unknown-none` target may not be installed\n   = help: consider downloading the target with `rustup target add aarch64-unknown-none`\n   = help: consider building the standard library from source with `cargo build -Zbuild-std`\n\n","error[E0463]: can't find crate for `core`\n  --> /home/runner/.cargo/registry/src/index.crates.io-6f17d22bba15001f/tock-registers-0.8.1/src/registers.rs:44:20\n   |\n44 |         unsafe { ::core::ptr::read_volatile(self.value.get()) }\n   |                    ^^^^ can't find crate\n   |\n   = note: the `aarch64-unknown-none` target may not be installed\n   = help: consider downloading the target with `rustup target add aarch64-unknown-none`\n   = help: consider building the standard library from source with `cargo build -Zbuild-std`\n\n","error[E0463]: can't find crate for `core`\n  --> /home/runner/.cargo/registry/src/index.crates.io-6f17d22bba15001f/tock-registers-0.8.1/src/registers.rs:53:20\n   |\n53 |         unsafe { ::core::ptr::write_volatile(self.value.get(), value) }\n   |                    ^^^^ can't find crate\n   |\n   = note: the `aarch64-unknown-none` target may not be installed\n   = help: consider downloading the target with `rustup target add aarch64-unknown-none`\n   = help: consider building the standard library from source with `cargo build -Zbuild-std`\n\n","error[E0463]: can't find crate for `core`\n  --> /home/runner/.cargo/registry/src/index.crates.io-6f17d22bba15001f/tock-registers-0.8.1/src/registers.rs:74:20\n   |\n74 |         unsafe { ::core::ptr::read_volatile(&self.value) }\n   |                    ^^^^ can't find crate\n   |\n   = note: the `aarch64-unknown-none` target may not be installed\n   = help: consider downloading the target with `rustup target add aarch64-unknown-none`\n   = help: consider building the standard library from source with `cargo build -Zbuild-std`\n\n","error[E0463]: can't find crate for `core`\n  --> /home/runner/.cargo/registry/src/index.crates.io-6f17d22bba15001f/tock-registers-0.8.1/src/registers.rs:95:20\n   |\n95 |         unsafe { ::core::ptr::write_volatile(self.value.get(), value) }\n   |                    ^^^^ can't find crate\n   |\n   = note: the `aarch64-unknown-none` target may not be installed\n   = help: consider downloading the target with `rustup target add aarch64-unknown-none`\n   = help: consider building the standard library from source with `cargo build -Zbuild-std`\n\n","error[E0463]: can't find crate for `core`\n   --> /home/runner/.cargo/registry/src/index.crates.io-6f17d22bba15001f/tock-registers-0.8.1/src/registers.rs:125:20\n    |\n125 |         unsafe { ::core::ptr::read_volatile(self.value.get()) }\n    |                    ^^^^ can't find crate\n    |\n    = note: the `aarch64-unknown-none` target may not be installed\n    = help: consider downloading the target with `rustup target add aarch64-unknown-none`\n    = help: consider building the standard library from source with `cargo build -Zbuild-std`\n\n","error[E0463]: can't find crate for `core`\n   --> /home/runner/.cargo/registry/src/index.crates.io-6f17d22bba15001f/tock-registers-0.8.1/src/registers.rs:134:20\n    |\n134 |         unsafe { ::core::ptr::write_volatile(self.value.get(), value) }\n    |                    ^^^^ can't find crate\n    |\n    = note: the `aarch64-unknown-none` target may not be installed\n    = help: consider downloading the target with `rustup target add aarch64-unknown-none`\n    = help: consider building the standard library from source with `cargo build -Zbuild-std`\n\n","error[E0463]: can't find crate for `core`\n   --> /home/runner/.cargo/registry/src/index.crates.io-6f17d22bba15001f/tock-registers-0.8.1/src/registers.rs:170:20\n    |\n170 |         unsafe { ::core::ptr::read_volatile(self.value.get()) }\n    |                    ^^^^ can't find crate\n    |\n    = note: the `aarch64-unknown-none` target may not be installed\n    = help: consider downloading the target with `rustup target add aarch64-unknown-none`\n    = help: consider building the standard library from source with `cargo build -Zbuild-std`\n\n","error[E0463]: can't find crate for `core`\n   --> /home/runner/.cargo/registry/src/index.crates.io-6f17d22bba15001f/tock-registers-0.8.1/src/registers.rs:179:20\n    |\n179 |         unsafe { ::core::ptr::write_volatile(self.value.get(), value) }\n    |                    ^^^^ can't find crate\n    |\n    = note: the `aarch64-unknown-none` target may not be installed\n    = help: consider downloading the target with `rustup target add aarch64-unknown-none`\n    = help: consider building the standard library from source with `cargo build -Zbuild-std`\n\n"]}},{"file":"/home/runner/.cargo/registry/src/index.crates.io-6f17d22bba15001f/tock-registers-0.8.1/src/lib.rs","count":6,"kinds":{"Clippy(Error)":["error[E0463]: can't find crate for `core`\n  |\n  = note: the `aarch64-unknown-none` target may not be installed\n  = help: consider downloading the target with `rustup target add aarch64-unknown-none`\n  = help: consider building the standard library from source with `cargo build -Zbuild-std`\n\n","error[E0463]: can't find crate for `compiler_builtins`\n\n","error[E0463]: can't find crate for `core`\n  --> /home/runner/.cargo/registry/src/index.crates.io-6f17d22bba15001f/tock-registers-0.8.1/src/lib.rs:71:5\n   |\n71 | use core::ops::{BitAnd, BitOr, BitOrAssign, Not, Shl, Shr};\n   |     ^^^^ can't find crate\n   |\n   = note: the `aarch64-unknown-none` target may not be installed\n   = help: consider downloading the target with `rustup target add aarch64-unknown-none`\n   = help: consider building the standard library from source with `cargo build -Zbuild-std`\n\n","error[E0405]: cannot find trait `Eq` in this scope\n  --> /home/runner/.cargo/registry/src/index.crates.io-6f17d22bba15001f/tock-registers-0.8.1/src/lib.rs:87:7\n   |\n87 |     + Eq\n   |       ^^ not found in this scope\n\n","error[E0405]: cannot find trait `Copy` in this scope\n  --> /home/runner/.cargo/registry/src/index.crates.io-6f17d22bba15001f/tock-registers-0.8.1/src/lib.rs:90:7\n   |\n90 |     + Copy\n   |       ^^^^ not found in this scope\n\n","error[E0405]: cannot find trait `Clone` in this scope\n  --> /home/runner/.cargo/registry/src/index.crates.io-6f17d22bba15001f/tock-registers-0.8.1/src/lib.rs:91:7\n   |\n91 |     + Clone\n   |       ^^^^^ not found in this scope\n\n"]}},{"file":"/home/runner/.cargo/registry/src/index.crates.io-6f17d22bba15001f/bitflags-2.5.0/src/lib.rs","count":3,"kinds":{"Clippy(Error)":["error[E0463]: can't find crate for `core`\n  |\n  = note: the `aarch64-unknown-none` target may not be installed\n  = help: consider downloading the target with `rustup target add aarch64-unknown-none`\n  = help: consider building the standard library from source with `cargo build -Zbuild-std`\n\n","error[E0463]: can't find crate for `compiler_builtins`\n\n","error[E0463]: can't find crate for `core`\n   --> /home/runner/.cargo/registry/src/index.crates.io-6f17d22bba15001f/bitflags-2.5.0/src/lib.rs:259:13\n    |\n259 |     pub use core;\n    |             ^^^^ can't find crate\n    |\n    = note: the `aarch64-unknown-none` target may not be installed\n    = help: consider downloading the target with `rustup target add aarch64-unknown-none`\n    = help: consider building the standard library from source with `cargo build -Zbuild-std`\n\n"]}},{"file":"/home/runner/.cargo/registry/src/index.crates.io-6f17d22bba15001f/tock-registers-0.8.1/src/interfaces.rs","count":1,"kinds":{"Clippy(Error)":["error[E0412]: cannot find type `Option` in this scope\n   --> /home/runner/.cargo/registry/src/index.crates.io-6f17d22bba15001f/tock-registers-0.8.1/src/interfaces.rs:217:10\n    |\n217 |     ) -> Option<E> {\n    |          ^^^^^^ not found in this scope\n\n"]}},{"file":"(virtual) clippy","count":1,"kinds":{"Cargo":["// pkg_name=polyhal, checker=Clippy\n// toolchain=nightly-x86_64-unknown-linux-gnu (default), target=aarch64-unknown-none\n// pkg_dir=/home/runner/check/batch_1/Byte-OS/polyhal\n// cmd=cargo clippy --target aarch64-unknown-none --no-deps --message-format=json\n    Checking tock-registers v0.8.1\n   Compiling lock_api v0.4.11\n    Checking scopeguard v1.2.0\n    Checking bitflags v2.5.0\nerror: could not compile `scopeguard` (lib) due to 17 previous errors\nwarning: build failed, waiting for other jobs to finish...\nerror: could not compile `bitflags` (lib) due to 65 previous errors\nerror: could not compile `tock-registers` (lib) due to 42 previous errors\n"]}}]},{"user":"Byte-OS","repo":"polyhal","pkg":"example","count":119,"raw_reports":[{"file":"/home/runner/.cargo/registry/src/index.crates.io-6f17d22bba15001f/byteorder-1.5.0/src/lib.rs","count":60,"kinds":{"Clippy(Error)":["error[E0463]: can't find crate for `core`\n  |\n  = note: the `aarch64-unknown-none` target may not be installed\n  = help: consider downloading the target with `rustup target add aarch64-unknown-none`\n  = help: consider building the standard library from source with `cargo build -Zbuild-std`\n\n","error[E0463]: can't find crate for `compiler_builtins`\n\n","error[E0463]: can't find crate for `core`\n  --> /home/runner/.cargo/registry/src/index.crates.io-6f17d22bba15001f/byteorder-1.5.0/src/lib.rs:76:5\n   |\n76 | use core::{\n   |     ^^^^ can't find crate\n   |\n   = note: the `aarch64-unknown-none` target may not be installed\n   = help: consider downloading the target with `rustup target add aarch64-unknown-none`\n   = help: consider building the standard library from source with `cargo build -Zbuild-std`\n\n","error: cannot find macro `assert` in this scope\n    --> /home/runner/.cargo/registry/src/index.crates.io-6f17d22bba15001f/byteorder-1.5.0/src/lib.rs:1209:27\n     |\n1209 |             const _: () = assert!(align_of::<u32>() <= align_of::<f32>());\n     |                           ^^^^^^\n\n","error: cannot find macro `assert` in this scope\n    --> /home/runner/.cargo/registry/src/index.crates.io-6f17d22bba15001f/byteorder-1.5.0/src/lib.rs:1271:27\n     |\n1271 |             const _: () = assert!(align_of::<u64>() <= align_of::<f64>());\n     |                           ^^^^^^\n\n","error: cannot find attribute `derive` in this scope\n    --> /home/runner/.cargo/registry/src/index.crates.io-6f17d22bba15001f/byteorder-1.5.0/src/lib.rs:1812:3\n     |\n1812 | #[derive(Clone, Copy, Debug, Eq, Hash, Ord, PartialEq, PartialOrd)]\n     |   ^^^^^^\n\n","error: cannot find macro `panic` in this scope\n    --> /home/runner/.cargo/registry/src/index.crates.io-6f17d22bba15001f/byteorder-1.5.0/src/lib.rs:1817:9\n     |\n1817 |         panic!(\"BigEndian default\")\n     |         ^^^^^\n\n","error: cannot find attribute `derive` in this scope\n    --> /home/runner/.cargo/registry/src/index.crates.io-6f17d22bba15001f/byteorder-1.5.0/src/lib.rs:1842:3\n     |\n1842 | #[derive(Clone, Copy, Debug, Eq, Hash, Ord, PartialEq, PartialOrd)]\n     |   ^^^^^^\n\n","error: cannot find macro `panic` in this scope\n    --> /home/runner/.cargo/registry/src/index.crates.io-6f17d22bba15001f/byteorder-1.5.0/src/lib.rs:1847:9\n     |\n1847 |         panic!(\"LittleEndian default\")\n     |         ^^^^^\n\n","error: cannot find macro `assert` in this scope\n    --> /home/runner/.cargo/registry/src/index.crates.io-6f17d22bba15001f/byteorder-1.5.0/src/lib.rs:1962:9\n     |\n1962 |         assert!(1 <= nbytes && nbytes <= out.len() && nbytes <= buf.len());\n     |         ^^^^^^\n\n","error: cannot find macro `assert` in this scope\n    --> /home/runner/.cargo/registry/src/index.crates.io-6f17d22bba15001f/byteorder-1.5.0/src/lib.rs:1971:9\n     |\n1971 |         assert!(1 <= nbytes && nbytes <= out.len() && nbytes <= buf.len());\n     |         ^^^^^^\n\n","error: cannot find macro `assert` in this scope\n    --> /home/runner/.cargo/registry/src/index.crates.io-6f17d22bba15001f/byteorder-1.5.0/src/lib.rs:1999:9\n     |\n1999 |         assert!(pack_size(n) <= nbytes && nbytes <= 8);\n     |         ^^^^^^\n\n","error: cannot find macro `assert` in this scope\n    --> /home/runner/.cargo/registry/src/index.crates.io-6f17d22bba15001f/byteorder-1.5.0/src/lib.rs:2000:9\n     |\n2000 |         assert!(nbytes <= buf.len());\n     |         ^^^^^^\n\n","error: cannot find macro `assert` in this scope\n    --> /home/runner/.cargo/registry/src/index.crates.io-6f17d22bba15001f/byteorder-1.5.0/src/lib.rs:2013:9\n     |\n2013 |         assert!(pack_size128(n) <= nbytes && nbytes <= 16);\n     |         ^^^^^^\n\n","error: cannot find macro `assert` in this scope\n    --> /home/runner/.cargo/registry/src/index.crates.io-6f17d22bba15001f/byteorder-1.5.0/src/lib.rs:2014:9\n     |\n2014 |         assert!(nbytes <= buf.len());\n     |         ^^^^^^\n\n","error: cannot find macro `assert_eq` in this scope\n    --> /home/runner/.cargo/registry/src/index.crates.io-6f17d22bba15001f/byteorder-1.5.0/src/lib.rs:1914:9\n     |\n1914 |         assert_eq!(src.len(), dst.len() * SIZE);\n     |         ^^^^^^^^^\n...\n2027 |         read_slice!(src, dst, u16, from_be_bytes);\n     |         ----------------------------------------- in this macro invocation\n     |\n     = note: this error originates in the macro `read_slice` (in Nightly builds, run with -Z macro-backtrace for more info)\n\n","error: cannot find macro `assert_eq` in this scope\n    --> /home/runner/.cargo/registry/src/index.crates.io-6f17d22bba15001f/byteorder-1.5.0/src/lib.rs:1914:9\n     |\n1914 |         assert_eq!(src.len(), dst.len() * SIZE);\n     |         ^^^^^^^^^\n...\n2032 |         read_slice!(src, dst, u32, from_be_bytes);\n     |         ----------------------------------------- in this macro invocation\n     |\n     = note: this error originates in the macro `read_slice` (in Nightly builds, run with -Z macro-backtrace for more info)\n\n","error: cannot find macro `assert_eq` in this scope\n    --> /home/runner/.cargo/registry/src/index.crates.io-6f17d22bba15001f/byteorder-1.5.0/src/lib.rs:1914:9\n     |\n1914 |         assert_eq!(src.len(), dst.len() * SIZE);\n     |         ^^^^^^^^^\n...\n2037 |         read_slice!(src, dst, u64, from_be_bytes);\n     |         ----------------------------------------- in this macro invocation\n     |\n     = note: this error originates in the macro `read_slice` (in Nightly builds, run with -Z macro-backtrace for more info)\n\n","error: cannot find macro `assert_eq` in this scope\n    --> /home/runner/.cargo/registry/src/index.crates.io-6f17d22bba15001f/byteorder-1.5.0/src/lib.rs:1914:9\n     |\n1914 |         assert_eq!(src.len(), dst.len() * SIZE);\n     |         ^^^^^^^^^\n...\n2042 |         read_slice!(src, dst, u128, from_be_bytes);\n     |         ------------------------------------------ in this macro invocation\n     |\n     = note: this error originates in the macro `read_slice` (in Nightly builds, run with -Z macro-backtrace for more info)\n\n","error: cannot find macro `assert_eq` in this scope\n    --> /home/runner/.cargo/registry/src/index.crates.io-6f17d22bba15001f/byteorder-1.5.0/src/lib.rs:1931:9\n     |\n1931 |         assert_eq!(src.len() * SIZE, dst.len());\n     |         ^^^^^^^^^\n...\n2047 |         write_slice!(src, dst, u16, to_be_bytes);\n     |         ---------------------------------------- in this macro invocation\n     |\n     = note: this error originates in the macro `write_slice` (in Nightly builds, run with -Z macro-backtrace for more info)\n\n","error: cannot find macro `assert_eq` in this scope\n    --> /home/runner/.cargo/registry/src/index.crates.io-6f17d22bba15001f/byteorder-1.5.0/src/lib.rs:1931:9\n     |\n1931 |         assert_eq!(src.len() * SIZE, dst.len());\n     |         ^^^^^^^^^\n...\n2052 |         write_slice!(src, dst, u32, to_be_bytes);\n     |         ---------------------------------------- in this macro invocation\n     |\n     = note: this error originates in the macro `write_slice` (in Nightly builds, run with -Z macro-backtrace for more info)\n\n","error: cannot find macro `assert_eq` in this scope\n    --> /home/runner/.cargo/registry/src/index.crates.io-6f17d22bba15001f/byteorder-1.5.0/src/lib.rs:1931:9\n     |\n1931 |         assert_eq!(src.len() * SIZE, dst.len());\n     |         ^^^^^^^^^\n...\n2057 |         write_slice!(src, dst, u64, to_be_bytes);\n     |         ---------------------------------------- in this macro invocation\n     |\n     = note: this error originates in the macro `write_slice` (in Nightly builds, run with -Z macro-backtrace for more info)\n\n","error: cannot find macro `assert_eq` in this scope\n    --> /home/runner/.cargo/registry/src/index.crates.io-6f17d22bba15001f/byteorder-1.5.0/src/lib.rs:1931:9\n     |\n1931 |         assert_eq!(src.len() * SIZE, dst.len());\n     |         ^^^^^^^^^\n...\n2062 |         write_slice!(src, dst, u128, to_be_bytes);\n     |         ----------------------------------------- in this macro invocation\n     |\n     = note: this error originates in the macro `write_slice` (in Nightly builds, run with -Z macro-backtrace for more info)\n\n","error: cannot find macro `cfg` in this scope\n    --> /home/runner/.cargo/registry/src/index.crates.io-6f17d22bba15001f/byteorder-1.5.0/src/lib.rs:2067:12\n     |\n2067 |         if cfg!(target_endian = \"little\") {\n     |            ^^^\n     |\n     = note: `cfg` is in scope, but it is an attribute: `#[cfg]`\n\n","error: cannot find macro `cfg` in this scope\n    --> /home/runner/.cargo/registry/src/index.crates.io-6f17d22bba15001f/byteorder-1.5.0/src/lib.rs:2076:12\n     |\n2076 |         if cfg!(target_endian = \"little\") {\n     |            ^^^\n     |\n     = note: `cfg` is in scope, but it is an attribute: `#[cfg]`\n\n","error: cannot find macro `cfg` in this scope\n    --> /home/runner/.cargo/registry/src/index.crates.io-6f17d22bba15001f/byteorder-1.5.0/src/lib.rs:2085:12\n     |\n2085 |         if cfg!(target_endian = \"little\") {\n     |            ^^^\n     |\n     = note: `cfg` is in scope, but it is an attribute: `#[cfg]`\n\n","error: cannot find macro `cfg` in this scope\n    --> /home/runner/.cargo/registry/src/index.crates.io-6f17d22bba15001f/byteorder-1.5.0/src/lib.rs:2094:12\n     |\n2094 |         if cfg!(target_endian = \"little\") {\n     |            ^^^\n     |\n     = note: `cfg` is in scope, but it is an attribute: `#[cfg]`\n\n","error: cannot find macro `cfg` in this scope\n    --> /home/runner/.cargo/registry/src/index.crates.io-6f17d22bba15001f/byteorder-1.5.0/src/lib.rs:2103:12\n     |\n2103 |         if cfg!(target_endian = \"little\") {\n     |            ^^^\n     |\n     = note: `cfg` is in scope, but it is an attribute: `#[cfg]`\n\n","error: cannot find macro `cfg` in this scope\n    --> /home/runner/.cargo/registry/src/index.crates.io-6f17d22bba15001f/byteorder-1.5.0/src/lib.rs:2115:12\n     |\n2115 |         if cfg!(target_endian = \"little\") {\n     |            ^^^\n     |\n     = note: `cfg` is in scope, but it is an attribute: `#[cfg]`\n\n","error: cannot find macro `assert` in this scope\n    --> /home/runner/.cargo/registry/src/index.crates.io-6f17d22bba15001f/byteorder-1.5.0/src/lib.rs:2150:9\n     |\n2150 |         assert!(1 <= nbytes && nbytes <= out.len() && nbytes <= buf.len());\n     |         ^^^^^^\n\n","error: cannot find macro `assert` in this scope\n    --> /home/runner/.cargo/registry/src/index.crates.io-6f17d22bba15001f/byteorder-1.5.0/src/lib.rs:2158:9\n     |\n2158 |         assert!(1 <= nbytes && nbytes <= out.len() && nbytes <= buf.len());\n     |         ^^^^^^\n\n","error: cannot find macro `assert` in this scope\n    --> /home/runner/.cargo/registry/src/index.crates.io-6f17d22bba15001f/byteorder-1.5.0/src/lib.rs:2185:9\n     |\n2185 |         assert!(pack_size(n as u64) <= nbytes && nbytes <= 8);\n     |         ^^^^^^\n\n","error: cannot find macro `assert` in this scope\n    --> /home/runner/.cargo/registry/src/index.crates.io-6f17d22bba15001f/byteorder-1.5.0/src/lib.rs:2186:9\n     |\n2186 |         assert!(nbytes <= buf.len());\n     |         ^^^^^^\n\n","error: cannot find macro `assert` in this scope\n    --> /home/runner/.cargo/registry/src/index.crates.io-6f17d22bba15001f/byteorder-1.5.0/src/lib.rs:2195:9\n     |\n2195 |         assert!(pack_size128(n as u128) <= nbytes && nbytes <= 16);\n     |         ^^^^^^\n\n","error: cannot find macro `assert` in this scope\n    --> /home/runner/.cargo/registry/src/index.crates.io-6f17d22bba15001f/byteorder-1.5.0/src/lib.rs:2196:9\n     |\n2196 |         assert!(nbytes <= buf.len());\n     |         ^^^^^^\n\n","error: cannot find macro `assert_eq` in this scope\n    --> /home/runner/.cargo/registry/src/index.crates.io-6f17d22bba15001f/byteorder-1.5.0/src/lib.rs:1914:9\n     |\n1914 |         assert_eq!(src.len(), dst.len() * SIZE);\n     |         ^^^^^^^^^\n...\n2205 |         read_slice!(src, dst, u16, from_le_bytes);\n     |         ----------------------------------------- in this macro invocation\n     |\n     = note: this error originates in the macro `read_slice` (in Nightly builds, run with -Z macro-backtrace for more info)\n\n","error: cannot find macro `assert_eq` in this scope\n    --> /home/runner/.cargo/registry/src/index.crates.io-6f17d22bba15001f/byteorder-1.5.0/src/lib.rs:1914:9\n     |\n1914 |         assert_eq!(src.len(), dst.len() * SIZE);\n     |         ^^^^^^^^^\n...\n2210 |         read_slice!(src, dst, u32, from_le_bytes);\n     |         ----------------------------------------- in this macro invocation\n     |\n     = note: this error originates in the macro `read_slice` (in Nightly builds, run with -Z macro-backtrace for more info)\n\n","error: cannot find macro `assert_eq` in this scope\n    --> /home/runner/.cargo/registry/src/index.crates.io-6f17d22bba15001f/byteorder-1.5.0/src/lib.rs:1914:9\n     |\n1914 |         assert_eq!(src.len(), dst.len() * SIZE);\n     |         ^^^^^^^^^\n...\n2215 |         read_slice!(src, dst, u64, from_le_bytes);\n     |         ----------------------------------------- in this macro invocation\n     |\n     = note: this error originates in the macro `read_slice` (in Nightly builds, run with -Z macro-backtrace for more info)\n\n","error: cannot find macro `assert_eq` in this scope\n    --> /home/runner/.cargo/registry/src/index.crates.io-6f17d22bba15001f/byteorder-1.5.0/src/lib.rs:1914:9\n     |\n1914 |         assert_eq!(src.len(), dst.len() * SIZE);\n     |         ^^^^^^^^^\n...\n2220 |         read_slice!(src, dst, u128, from_le_bytes);\n     |         ------------------------------------------ in this macro invocation\n     |\n     = note: this error originates in the macro `read_slice` (in Nightly builds, run with -Z macro-backtrace for more info)\n\n","error: cannot find macro `assert_eq` in this scope\n    --> /home/runner/.cargo/registry/src/index.crates.io-6f17d22bba15001f/byteorder-1.5.0/src/lib.rs:1931:9\n     |\n1931 |         assert_eq!(src.len() * SIZE, dst.len());\n     |         ^^^^^^^^^\n...\n2225 |         write_slice!(src, dst, u16, to_le_bytes);\n     |         ---------------------------------------- in this macro invocation\n     |\n     = note: this error originates in the macro `write_slice` (in Nightly builds, run with -Z macro-backtrace for more info)\n\n","error: cannot find macro `assert_eq` in this scope\n    --> /home/runner/.cargo/registry/src/index.crates.io-6f17d22bba15001f/byteorder-1.5.0/src/lib.rs:1931:9\n     |\n1931 |         assert_eq!(src.len() * SIZE, dst.len());\n     |         ^^^^^^^^^\n...\n2230 |         write_slice!(src, dst, u32, to_le_bytes);\n     |         ---------------------------------------- in this macro invocation\n     |\n     = note: this error originates in the macro `write_slice` (in Nightly builds, run with -Z macro-backtrace for more info)\n\n","error: cannot find macro `assert_eq` in this scope\n    --> /home/runner/.cargo/registry/src/index.crates.io-6f17d22bba15001f/byteorder-1.5.0/src/lib.rs:1931:9\n     |\n1931 |         assert_eq!(src.len() * SIZE, dst.len());\n     |         ^^^^^^^^^\n...\n2235 |         write_slice!(src, dst, u64, to_le_bytes);\n     |         ---------------------------------------- in this macro invocation\n     |\n     = note: this error originates in the macro `write_slice` (in Nightly builds, run with -Z macro-backtrace for more info)\n\n","error: cannot find macro `assert_eq` in this scope\n    --> /home/runner/.cargo/registry/src/index.crates.io-6f17d22bba15001f/byteorder-1.5.0/src/lib.rs:1931:9\n     |\n1931 |         assert_eq!(src.len() * SIZE, dst.len());\n     |         ^^^^^^^^^\n...\n2240 |         write_slice!(src, dst, u128, to_le_bytes);\n     |         ----------------------------------------- in this macro invocation\n     |\n     = note: this error originates in the macro `write_slice` (in Nightly builds, run with -Z macro-backtrace for more info)\n\n","error: cannot find macro `cfg` in this scope\n    --> /home/runner/.cargo/registry/src/index.crates.io-6f17d22bba15001f/byteorder-1.5.0/src/lib.rs:2245:12\n     |\n2245 |         if cfg!(target_endian = \"big\") {\n     |            ^^^\n     |\n     = note: `cfg` is in scope, but it is an attribute: `#[cfg]`\n\n","error: cannot find macro `cfg` in this scope\n    --> /home/runner/.cargo/registry/src/index.crates.io-6f17d22bba15001f/byteorder-1.5.0/src/lib.rs:2254:12\n     |\n2254 |         if cfg!(target_endian = \"big\") {\n     |            ^^^\n     |\n     = note: `cfg` is in scope, but it is an attribute: `#[cfg]`\n\n","error: cannot find macro `cfg` in this scope\n    --> /home/runner/.cargo/registry/src/index.crates.io-6f17d22bba15001f/byteorder-1.5.0/src/lib.rs:2263:12\n     |\n2263 |         if cfg!(target_endian = \"big\") {\n     |            ^^^\n     |\n     = note: `cfg` is in scope, but it is an attribute: `#[cfg]`\n\n","error: cannot find macro `cfg` in this scope\n    --> /home/runner/.cargo/registry/src/index.crates.io-6f17d22bba15001f/byteorder-1.5.0/src/lib.rs:2272:12\n     |\n2272 |         if cfg!(target_endian = \"big\") {\n     |            ^^^\n     |\n     = note: `cfg` is in scope, but it is an attribute: `#[cfg]`\n\n","error: cannot find macro `cfg` in this scope\n    --> /home/runner/.cargo/registry/src/index.crates.io-6f17d22bba15001f/byteorder-1.5.0/src/lib.rs:2281:12\n     |\n2281 |         if cfg!(target_endian = \"big\") {\n     |            ^^^\n     |\n     = note: `cfg` is in scope, but it is an attribute: `#[cfg]`\n\n","error: cannot find macro `cfg` in this scope\n    --> /home/runner/.cargo/registry/src/index.crates.io-6f17d22bba15001f/byteorder-1.5.0/src/lib.rs:2293:12\n     |\n2293 |         if cfg!(target_endian = \"big\") {\n     |            ^^^\n     |\n     = note: `cfg` is in scope, but it is an attribute: `#[cfg]`\n\n","error[E0463]: can't find crate for `core`\n    --> /home/runner/.cargo/registry/src/index.crates.io-6f17d22bba15001f/byteorder-1.5.0/src/lib.rs:1910:29\n     |\n1910 |         const SIZE: usize = core::mem::size_of::<$ty>();\n     |                             ^^^^ can't find crate\n     |\n     = note: the `aarch64-unknown-none` target may not be installed\n     = help: consider downloading the target with `rustup target add aarch64-unknown-none`\n     = help: consider building the standard library from source with `cargo build -Zbuild-std`\n\n","error[E0463]: can't find crate for `core`\n    --> /home/runner/.cargo/registry/src/index.crates.io-6f17d22bba15001f/byteorder-1.5.0/src/lib.rs:1927:29\n     |\n1927 |         const SIZE: usize = core::mem::size_of::<$ty>();\n     |                             ^^^^ can't find crate\n     |\n     = note: the `aarch64-unknown-none` target may not be installed\n     = help: consider downloading the target with `rustup target add aarch64-unknown-none`\n     = help: consider building the standard library from source with `cargo build -Zbuild-std`\n\n","error[E0405]: cannot find trait `Clone` in this scope\n   --> /home/runner/.cargo/registry/src/index.crates.io-6f17d22bba15001f/byteorder-1.5.0/src/lib.rs:213:5\n    |\n213 |     Clone\n    |     ^^^^^ not found in this scope\n\n","error[E0405]: cannot find trait `Copy` in this scope\n   --> /home/runner/.cargo/registry/src/index.crates.io-6f17d22bba15001f/byteorder-1.5.0/src/lib.rs:214:7\n    |\n214 |     + Copy\n    |       ^^^^ not found in this scope\n\n","error[E0405]: cannot find trait `Default` in this scope\n   --> /home/runner/.cargo/registry/src/index.crates.io-6f17d22bba15001f/byteorder-1.5.0/src/lib.rs:216:7\n    |\n216 |     + Default\n    |       ^^^^^^^ not found in this scope\n\n","error[E0405]: cannot find trait `Eq` in this scope\n   --> /home/runner/.cargo/registry/src/index.crates.io-6f17d22bba15001f/byteorder-1.5.0/src/lib.rs:217:7\n    |\n217 |     + Eq\n    |       ^^ not found in this scope\n\n","error[E0405]: cannot find trait `Ord` in this scope\n   --> /home/runner/.cargo/registry/src/index.crates.io-6f17d22bba15001f/byteorder-1.5.0/src/lib.rs:219:7\n    |\n219 |     + Ord\n    |       ^^^ not found in this scope\n\n","error[E0405]: cannot find trait `PartialEq` in this scope\n   --> /home/runner/.cargo/registry/src/index.crates.io-6f17d22bba15001f/byteorder-1.5.0/src/lib.rs:220:7\n    |\n220 |     + PartialEq\n    |       ^^^^^^^^^ not found in this scope\n\n","error[E0405]: cannot find trait `PartialOrd` in this scope\n   --> /home/runner/.cargo/registry/src/index.crates.io-6f17d22bba15001f/byteorder-1.5.0/src/lib.rs:221:7\n    |\n221 |     + PartialOrd\n    |       ^^^^^^^^^^ not found in this scope\n\n","error[E0405]: cannot find trait `Default` in this scope\n    --> /home/runner/.cargo/registry/src/index.crates.io-6f17d22bba15001f/byteorder-1.5.0/src/lib.rs:1815:6\n     |\n1815 | impl Default for BigEndian {\n     |      ^^^^^^^ not found in this scope\n\n","error[E0405]: cannot find trait `Default` in this scope\n    --> /home/runner/.cargo/registry/src/index.crates.io-6f17d22bba15001f/byteorder-1.5.0/src/lib.rs:1845:6\n     |\n1845 | impl Default for LittleEndian {\n     |      ^^^^^^^ not found in this scope\n\n"]}},{"file":"/home/runner/.cargo/registry/src/index.crates.io-6f17d22bba15001f/scopeguard-1.2.0/src/lib.rs","count":16,"kinds":{"Clippy(Error)":["error[E0463]: can't find crate for `core`\n  |\n  = note: the `aarch64-unknown-none` target may not be installed\n  = help: consider downloading the target with `rustup target add aarch64-unknown-none`\n  = help: consider building the standard library from source with `cargo build -Zbuild-std`\n\n","error[E0463]: can't find crate for `compiler_builtins`\n\n","error[E0463]: can't find crate for `core`\n   --> /home/runner/.cargo/registry/src/index.crates.io-6f17d22bba15001f/scopeguard-1.2.0/src/lib.rs:192:1\n    |\n192 | extern crate core as std;\n    | ^^^^^^^^^^^^^^^^^^^^^^^^^ can't find crate\n    |\n    = note: the `aarch64-unknown-none` target may not be installed\n    = help: consider downloading the target with `rustup target add aarch64-unknown-none`\n    = help: consider building the standard library from source with `cargo build -Zbuild-std`\n\n","error: cannot find macro `stringify` in this scope\n   --> /home/runner/.cargo/registry/src/index.crates.io-6f17d22bba15001f/scopeguard-1.2.0/src/lib.rs:487:24\n    |\n487 |         f.debug_struct(stringify!(ScopeGuard))\n    |                        ^^^^^^^^^\n\n","error: cannot find attribute `derive` in this scope\n   --> /home/runner/.cargo/registry/src/index.crates.io-6f17d22bba15001f/scopeguard-1.2.0/src/lib.rs:212:3\n    |\n212 | #[derive(Debug)]\n    |   ^^^^^^\n\n","error[E0405]: cannot find trait `FnOnce` in this scope\n   --> /home/runner/.cargo/registry/src/index.crates.io-6f17d22bba15001f/scopeguard-1.2.0/src/lib.rs:306:8\n    |\n306 |     F: FnOnce(T),\n    |        ^^^^^^ not found in this scope\n\n","error[E0405]: cannot find trait `FnOnce` in this scope\n   --> /home/runner/.cargo/registry/src/index.crates.io-6f17d22bba15001f/scopeguard-1.2.0/src/lib.rs:317:8\n    |\n317 |     F: FnOnce(T),\n    |        ^^^^^^ not found in this scope\n\n","error[E0405]: cannot find trait `FnOnce` in this scope\n   --> /home/runner/.cargo/registry/src/index.crates.io-6f17d22bba15001f/scopeguard-1.2.0/src/lib.rs:377:8\n    |\n377 |     F: FnOnce(T),\n    |        ^^^^^^ not found in this scope\n\n","error[E0405]: cannot find trait `Sync` in this scope\n   --> /home/runner/.cargo/registry/src/index.crates.io-6f17d22bba15001f/scopeguard-1.2.0/src/lib.rs:435:22\n    |\n435 | unsafe impl<T, F, S> Sync for ScopeGuard<T, F, S>\n    |                      ^^^^ not found in this scope\n\n","error[E0405]: cannot find trait `Sync` in this scope\n   --> /home/runner/.cargo/registry/src/index.crates.io-6f17d22bba15001f/scopeguard-1.2.0/src/lib.rs:437:8\n    |\n437 |     T: Sync,\n    |        ^^^^ not found in this scope\n\n","error[E0405]: cannot find trait `FnOnce` in this scope\n   --> /home/runner/.cargo/registry/src/index.crates.io-6f17d22bba15001f/scopeguard-1.2.0/src/lib.rs:438:8\n    |\n438 |     F: FnOnce(T),\n    |        ^^^^^^ not found in this scope\n\n","error[E0405]: cannot find trait `FnOnce` in this scope\n   --> /home/runner/.cargo/registry/src/index.crates.io-6f17d22bba15001f/scopeguard-1.2.0/src/lib.rs:445:8\n    |\n445 |     F: FnOnce(T),\n    |        ^^^^^^ not found in this scope\n\n","error[E0405]: cannot find trait `FnOnce` in this scope\n   --> /home/runner/.cargo/registry/src/index.crates.io-6f17d22bba15001f/scopeguard-1.2.0/src/lib.rs:457:8\n    |\n457 |     F: FnOnce(T),\n    |        ^^^^^^ not found in this scope\n\n","error[E0405]: cannot find trait `Drop` in this scope\n   --> /home/runner/.cargo/registry/src/index.crates.io-6f17d22bba15001f/scopeguard-1.2.0/src/lib.rs:465:15\n    |\n465 | impl<T, F, S> Drop for ScopeGuard<T, F, S>\n    |               ^^^^ not found in this scope\n\n","error[E0405]: cannot find trait `FnOnce` in this scope\n   --> /home/runner/.cargo/registry/src/index.crates.io-6f17d22bba15001f/scopeguard-1.2.0/src/lib.rs:467:8\n    |\n467 |     F: FnOnce(T),\n    |        ^^^^^^ not found in this scope\n\n","error[E0405]: cannot find trait `FnOnce` in this scope\n   --> /home/runner/.cargo/registry/src/index.crates.io-6f17d22bba15001f/scopeguard-1.2.0/src/lib.rs:483:8\n    |\n483 |     F: FnOnce(T),\n    |        ^^^^^^ not found in this scope\n\n"]}},{"file":"/home/runner/.cargo/registry/src/index.crates.io-6f17d22bba15001f/tock-registers-0.8.1/src/fields.rs","count":13,"kinds":{"Clippy(Error)":["error[E0463]: can't find crate for `core`\n  --> /home/runner/.cargo/registry/src/index.crates.io-6f17d22bba15001f/tock-registers-0.8.1/src/fields.rs:68:5\n   |\n68 | use core::marker::PhantomData;\n   |     ^^^^ can't find crate\n   |\n   = note: the `aarch64-unknown-none` target may not be installed\n   = help: consider downloading the target with `rustup target add aarch64-unknown-none`\n   = help: consider building the standard library from source with `cargo build -Zbuild-std`\n\n","error[E0463]: can't find crate for `core`\n  --> /home/runner/.cargo/registry/src/index.crates.io-6f17d22bba15001f/tock-registers-0.8.1/src/fields.rs:69:5\n   |\n69 | use core::ops::{Add, AddAssign};\n   |     ^^^^ can't find crate\n   |\n   = note: the `aarch64-unknown-none` target may not be installed\n   = help: consider downloading the target with `rustup target add aarch64-unknown-none`\n   = help: consider building the standard library from source with `cargo build -Zbuild-std`\n\n","error: cannot find attribute `derive` in this scope\n   --> /home/runner/.cargo/registry/src/index.crates.io-6f17d22bba15001f/tock-registers-0.8.1/src/fields.rs:193:3\n    |\n193 | #[derive(Copy, Clone)]\n    |   ^^^^^^\n\n","error[E0412]: cannot find type `Option` in this scope\n   --> /home/runner/.cargo/registry/src/index.crates.io-6f17d22bba15001f/tock-registers-0.8.1/src/fields.rs:140:76\n    |\n140 |     pub fn read_as_enum<E: TryFromValue<T, EnumType = E>>(self, val: T) -> Option<E> {\n    |                                                                            ^^^^^^ not found in this scope\n\n","error[E0405]: cannot find trait `Clone` in this scope\n   --> /home/runner/.cargo/registry/src/index.crates.io-6f17d22bba15001f/tock-registers-0.8.1/src/fields.rs:161:40\n    |\n161 | impl<T: UIntLike, R: RegisterLongName> Clone for Field<T, R> {\n    |                                        ^^^^^ not found in this scope\n\n","error[E0405]: cannot find trait `Copy` in this scope\n   --> /home/runner/.cargo/registry/src/index.crates.io-6f17d22bba15001f/tock-registers-0.8.1/src/fields.rs:170:40\n    |\n170 | impl<T: UIntLike, R: RegisterLongName> Copy for Field<T, R> {}\n    |                                        ^^^^ not found in this scope\n\n","error[E0405]: cannot find trait `From` in this scope\n   --> /home/runner/.cargo/registry/src/index.crates.io-6f17d22bba15001f/tock-registers-0.8.1/src/fields.rs:217:35\n    |\n217 |         impl<R: RegisterLongName> From<FieldValue<$type, R>> for $type {\n    |                                   ^^^^ not found in this scope\n...\n225 | FieldValue_impl_for!(u8);\n    | ------------------------ in this macro invocation\n    |\n    = note: this error originates in the macro `FieldValue_impl_for` (in Nightly builds, run with -Z macro-backtrace for more info)\n\n","error[E0405]: cannot find trait `From` in this scope\n   --> /home/runner/.cargo/registry/src/index.crates.io-6f17d22bba15001f/tock-registers-0.8.1/src/fields.rs:217:35\n    |\n217 |         impl<R: RegisterLongName> From<FieldValue<$type, R>> for $type {\n    |                                   ^^^^ not found in this scope\n...\n226 | FieldValue_impl_for!(u16);\n    | ------------------------- in this macro invocation\n    |\n    = note: this error originates in the macro `FieldValue_impl_for` (in Nightly builds, run with -Z macro-backtrace for more info)\n\n","error[E0405]: cannot find trait `From` in this scope\n   --> /home/runner/.cargo/registry/src/index.crates.io-6f17d22bba15001f/tock-registers-0.8.1/src/fields.rs:217:35\n    |\n217 |         impl<R: RegisterLongName> From<FieldValue<$type, R>> for $type {\n    |                                   ^^^^ not found in this scope\n...\n227 | FieldValue_impl_for!(u32);\n    | ------------------------- in this macro invocation\n    |\n    = note: this error originates in the macro `FieldValue_impl_for` (in Nightly builds, run with -Z macro-backtrace for more info)\n\n","error[E0405]: cannot find trait `From` in this scope\n   --> /home/runner/.cargo/registry/src/index.crates.io-6f17d22bba15001f/tock-registers-0.8.1/src/fields.rs:217:35\n    |\n217 |         impl<R: RegisterLongName> From<FieldValue<$type, R>> for $type {\n    |                                   ^^^^ not found in this scope\n...\n228 | FieldValue_impl_for!(u64);\n    | ------------------------- in this macro invocation\n    |\n    = note: this error originates in the macro `FieldValue_impl_for` (in Nightly builds, run with -Z macro-backtrace for more info)\n\n","error[E0405]: cannot find trait `From` in this scope\n   --> /home/runner/.cargo/registry/src/index.crates.io-6f17d22bba15001f/tock-registers-0.8.1/src/fields.rs:217:35\n    |\n217 |         impl<R: RegisterLongName> From<FieldValue<$type, R>> for $type {\n    |                                   ^^^^ not found in this scope\n...\n229 | FieldValue_impl_for!(u128);\n    | -------------------------- in this macro invocation\n    |\n    = note: this error originates in the macro `FieldValue_impl_for` (in Nightly builds, run with -Z macro-backtrace for more info)\n\n","error[E0405]: cannot find trait `From` in this scope\n   --> /home/runner/.cargo/registry/src/index.crates.io-6f17d22bba15001f/tock-registers-0.8.1/src/fields.rs:217:35\n    |\n217 |         impl<R: RegisterLongName> From<FieldValue<$type, R>> for $type {\n    |                                   ^^^^ not found in this scope\n...\n230 | FieldValue_impl_for!(usize);\n    | --------------------------- in this macro invocation\n    |\n    = note: this error originates in the macro `FieldValue_impl_for` (in Nightly builds, run with -Z macro-backtrace for more info)\n\n","error[E0412]: cannot find type `Option` in this scope\n   --> /home/runner/.cargo/registry/src/index.crates.io-6f17d22bba15001f/tock-registers-0.8.1/src/fields.rs:300:32\n    |\n300 |     fn try_from_value(v: V) -> Option<Self::EnumType>;\n    |                                ^^^^^^ not found in this scope\n\n"]}},{"file":"/home/runner/.cargo/registry/src/index.crates.io-6f17d22bba15001f/tock-registers-0.8.1/src/local_register.rs","count":11,"kinds":{"Clippy(Error)":["error[E0463]: can't find crate for `core`\n --> /home/runner/.cargo/registry/src/index.crates.io-6f17d22bba15001f/tock-registers-0.8.1/src/local_register.rs:4:5\n  |\n4 | use core::fmt;\n  |     ^^^^ can't find crate\n  |\n  = note: the `aarch64-unknown-none` target may not be installed\n  = help: consider downloading the target with `rustup target add aarch64-unknown-none`\n  = help: consider building the standard library from source with `cargo build -Zbuild-std`\n\n","error[E0463]: can't find crate for `core`\n --> /home/runner/.cargo/registry/src/index.crates.io-6f17d22bba15001f/tock-registers-0.8.1/src/local_register.rs:5:5\n  |\n5 | use core::marker::PhantomData;\n  |     ^^^^ can't find crate\n  |\n  = note: the `aarch64-unknown-none` target may not be installed\n  = help: consider downloading the target with `rustup target add aarch64-unknown-none`\n  = help: consider building the standard library from source with `cargo build -Zbuild-std`\n\n","error: cannot find attribute `derive` in this scope\n  --> /home/runner/.cargo/registry/src/index.crates.io-6f17d22bba15001f/tock-registers-0.8.1/src/local_register.rs:30:3\n   |\n30 | #[derive(Copy, Clone)]\n   |   ^^^^^^\n\n","error: cannot find macro `write` in this scope\n   --> /home/runner/.cargo/registry/src/index.crates.io-6f17d22bba15001f/tock-registers-0.8.1/src/local_register.rs:108:9\n    |\n108 |         write!(f, \"{:?}\", self.value)\n    |         ^^^^^\n\n","error[E0412]: cannot find type `Option` in this scope\n  --> /home/runner/.cargo/registry/src/index.crates.io-6f17d22bba15001f/tock-registers-0.8.1/src/local_register.rs:64:89\n   |\n64 |     pub fn read_as_enum<E: TryFromValue<T, EnumType = E>>(&self, field: Field<T, R>) -> Option<E> {\n   |                                                                                         ^^^^^^ not found in this scope\n\n","error[E0405]: cannot find trait `From` in this scope\n   --> /home/runner/.cargo/registry/src/index.crates.io-6f17d22bba15001f/tock-registers-0.8.1/src/local_register.rs:116:35\n    |\n116 |         impl<R: RegisterLongName> From<LocalRegisterCopy<$type, R>> for $type {\n    |                                   ^^^^ not found in this scope\n...\n124 | From_impl_for!(u8);\n    | ------------------ in this macro invocation\n    |\n    = note: this error originates in the macro `From_impl_for` (in Nightly builds, run with -Z macro-backtrace for more info)\n\n","error[E0405]: cannot find trait `From` in this scope\n   --> /home/runner/.cargo/registry/src/index.crates.io-6f17d22bba15001f/tock-registers-0.8.1/src/local_register.rs:116:35\n    |\n116 |         impl<R: RegisterLongName> From<LocalRegisterCopy<$type, R>> for $type {\n    |                                   ^^^^ not found in this scope\n...\n125 | From_impl_for!(u16);\n    | ------------------- in this macro invocation\n    |\n    = note: this error originates in the macro `From_impl_for` (in Nightly builds, run with -Z macro-backtrace for more info)\n\n","error[E0405]: cannot find trait `From` in this scope\n   --> /home/runner/.cargo/registry/src/index.crates.io-6f17d22bba15001f/tock-registers-0.8.1/src/local_register.rs:116:35\n    |\n116 |         impl<R: RegisterLongName> From<LocalRegisterCopy<$type, R>> for $type {\n    |                                   ^^^^ not found in this scope\n...\n126 | From_impl_for!(u32);\n    | ------------------- in this macro invocation\n    |\n    = note: this error originates in the macro `From_impl_for` (in Nightly builds, run with -Z macro-backtrace for more info)\n\n","error[E0405]: cannot find trait `From` in this scope\n   --> /home/runner/.cargo/registry/src/index.crates.io-6f17d22bba15001f/tock-registers-0.8.1/src/local_register.rs:116:35\n    |\n116 |         impl<R: RegisterLongName> From<LocalRegisterCopy<$type, R>> for $type {\n    |                                   ^^^^ not found in this scope\n...\n127 | From_impl_for!(u64);\n    | ------------------- in this macro invocation\n    |\n    = note: this error originates in the macro `From_impl_for` (in Nightly builds, run with -Z macro-backtrace for more info)\n\n","error[E0405]: cannot find trait `From` in this scope\n   --> /home/runner/.cargo/registry/src/index.crates.io-6f17d22bba15001f/tock-registers-0.8.1/src/local_register.rs:116:35\n    |\n116 |         impl<R: RegisterLongName> From<LocalRegisterCopy<$type, R>> for $type {\n    |                                   ^^^^ not found in this scope\n...\n128 | From_impl_for!(u128);\n    | -------------------- in this macro invocation\n    |\n    = note: this error originates in the macro `From_impl_for` (in Nightly builds, run with -Z macro-backtrace for more info)\n\n","error[E0405]: cannot find trait `From` in this scope\n   --> /home/runner/.cargo/registry/src/index.crates.io-6f17d22bba15001f/tock-registers-0.8.1/src/local_register.rs:116:35\n    |\n116 |         impl<R: RegisterLongName> From<LocalRegisterCopy<$type, R>> for $type {\n    |                                   ^^^^ not found in this scope\n...\n129 | From_impl_for!(usize);\n    | --------------------- in this macro invocation\n    |\n    = note: this error originates in the macro `From_impl_for` (in Nightly builds, run with -Z macro-backtrace for more info)\n\n"]}},{"file":"/home/runner/.cargo/registry/src/index.crates.io-6f17d22bba15001f/tock-registers-0.8.1/src/registers.rs","count":10,"kinds":{"Clippy(Error)":["error[E0463]: can't find crate for `core`\n  --> /home/runner/.cargo/registry/src/index.crates.io-6f17d22bba15001f/tock-registers-0.8.1/src/registers.rs:19:5\n   |\n19 | use core::cell::UnsafeCell;\n   |     ^^^^ can't find crate\n   |\n   = note: the `aarch64-unknown-none` target may not be installed\n   = help: consider downloading the target with `rustup target add aarch64-unknown-none`\n   = help: consider building the standard library from source with `cargo build -Zbuild-std`\n\n","error[E0463]: can't find crate for `core`\n  --> /home/runner/.cargo/registry/src/index.crates.io-6f17d22bba15001f/tock-registers-0.8.1/src/registers.rs:20:5\n   |\n20 | use core::marker::PhantomData;\n   |     ^^^^ can't find crate\n   |\n   = note: the `aarch64-unknown-none` target may not be installed\n   = help: consider downloading the target with `rustup target add aarch64-unknown-none`\n   = help: consider building the standard library from source with `cargo build -Zbuild-std`\n\n","error[E0463]: can't find crate for `core`\n  --> /home/runner/.cargo/registry/src/index.crates.io-6f17d22bba15001f/tock-registers-0.8.1/src/registers.rs:44:20\n   |\n44 |         unsafe { ::core::ptr::read_volatile(self.value.get()) }\n   |                    ^^^^ can't find crate\n   |\n   = note: the `aarch64-unknown-none` target may not be installed\n   = help: consider downloading the target with `rustup target add aarch64-unknown-none`\n   = help: consider building the standard library from source with `cargo build -Zbuild-std`\n\n","error[E0463]: can't find crate for `core`\n  --> /home/runner/.cargo/registry/src/index.crates.io-6f17d22bba15001f/tock-registers-0.8.1/src/registers.rs:53:20\n   |\n53 |         unsafe { ::core::ptr::write_volatile(self.value.get(), value) }\n   |                    ^^^^ can't find crate\n   |\n   = note: the `aarch64-unknown-none` target may not be installed\n   = help: consider downloading the target with `rustup target add aarch64-unknown-none`\n   = help: consider building the standard library from source with `cargo build -Zbuild-std`\n\n","error[E0463]: can't find crate for `core`\n  --> /home/runner/.cargo/registry/src/index.crates.io-6f17d22bba15001f/tock-registers-0.8.1/src/registers.rs:74:20\n   |\n74 |         unsafe { ::core::ptr::read_volatile(&self.value) }\n   |                    ^^^^ can't find crate\n   |\n   = note: the `aarch64-unknown-none` target may not be installed\n   = help: consider downloading the target with `rustup target add aarch64-unknown-none`\n   = help: consider building the standard library from source with `cargo build -Zbuild-std`\n\n","error[E0463]: can't find crate for `core`\n  --> /home/runner/.cargo/registry/src/index.crates.io-6f17d22bba15001f/tock-registers-0.8.1/src/registers.rs:95:20\n   |\n95 |         unsafe { ::core::ptr::write_volatile(self.value.get(), value) }\n   |                    ^^^^ can't find crate\n   |\n   = note: the `aarch64-unknown-none` target may not be installed\n   = help: consider downloading the target with `rustup target add aarch64-unknown-none`\n   = help: consider building the standard library from source with `cargo build -Zbuild-std`\n\n","error[E0463]: can't find crate for `core`\n   --> /home/runner/.cargo/registry/src/index.crates.io-6f17d22bba15001f/tock-registers-0.8.1/src/registers.rs:125:20\n    |\n125 |         unsafe { ::core::ptr::read_volatile(self.value.get()) }\n    |                    ^^^^ can't find crate\n    |\n    = note: the `aarch64-unknown-none` target may not be installed\n    = help: consider downloading the target with `rustup target add aarch64-unknown-none`\n    = help: consider building the standard library from source with `cargo build -Zbuild-std`\n\n","error[E0463]: can't find crate for `core`\n   --> /home/runner/.cargo/registry/src/index.crates.io-6f17d22bba15001f/tock-registers-0.8.1/src/registers.rs:134:20\n    |\n134 |         unsafe { ::core::ptr::write_volatile(self.value.get(), value) }\n    |                    ^^^^ can't find crate\n    |\n    = note: the `aarch64-unknown-none` target may not be installed\n    = help: consider downloading the target with `rustup target add aarch64-unknown-none`\n    = help: consider building the standard library from source with `cargo build -Zbuild-std`\n\n","error[E0463]: can't find crate for `core`\n   --> /home/runner/.cargo/registry/src/index.crates.io-6f17d22bba15001f/tock-registers-0.8.1/src/registers.rs:170:20\n    |\n170 |         unsafe { ::core::ptr::read_volatile(self.value.get()) }\n    |                    ^^^^ can't find crate\n    |\n    = note: the `aarch64-unknown-none` target may not be installed\n    = help: consider downloading the target with `rustup target add aarch64-unknown-none`\n    = help: consider building the standard library from source with `cargo build -Zbuild-std`\n\n","error[E0463]: can't find crate for `core`\n   --> /home/runner/.cargo/registry/src/index.crates.io-6f17d22bba15001f/tock-registers-0.8.1/src/registers.rs:179:20\n    |\n179 |         unsafe { ::core::ptr::write_volatile(self.value.get(), value) }\n    |                    ^^^^ can't find crate\n    |\n    = note: the `aarch64-unknown-none` target may not be installed\n    = help: consider downloading the target with `rustup target add aarch64-unknown-none`\n    = help: consider building the standard library from source with `cargo build -Zbuild-std`\n\n"]}},{"file":"/home/runner/.cargo/registry/src/index.crates.io-6f17d22bba15001f/tock-registers-0.8.1/src/lib.rs","count":6,"kinds":{"Clippy(Error)":["error[E0463]: can't find crate for `core`\n  |\n  = note: the `aarch64-unknown-none` target may not be installed\n  = help: consider downloading the target with `rustup target add aarch64-unknown-none`\n  = help: consider building the standard library from source with `cargo build -Zbuild-std`\n\n","error[E0463]: can't find crate for `compiler_builtins`\n\n","error[E0463]: can't find crate for `core`\n  --> /home/runner/.cargo/registry/src/index.crates.io-6f17d22bba15001f/tock-registers-0.8.1/src/lib.rs:71:5\n   |\n71 | use core::ops::{BitAnd, BitOr, BitOrAssign, Not, Shl, Shr};\n   |     ^^^^ can't find crate\n   |\n   = note: the `aarch64-unknown-none` target may not be installed\n   = help: consider downloading the target with `rustup target add aarch64-unknown-none`\n   = help: consider building the standard library from source with `cargo build -Zbuild-std`\n\n","error[E0405]: cannot find trait `Eq` in this scope\n  --> /home/runner/.cargo/registry/src/index.crates.io-6f17d22bba15001f/tock-registers-0.8.1/src/lib.rs:87:7\n   |\n87 |     + Eq\n   |       ^^ not found in this scope\n\n","error[E0405]: cannot find trait `Copy` in this scope\n  --> /home/runner/.cargo/registry/src/index.crates.io-6f17d22bba15001f/tock-registers-0.8.1/src/lib.rs:90:7\n   |\n90 |     + Copy\n   |       ^^^^ not found in this scope\n\n","error[E0405]: cannot find trait `Clone` in this scope\n  --> /home/runner/.cargo/registry/src/index.crates.io-6f17d22bba15001f/tock-registers-0.8.1/src/lib.rs:91:7\n   |\n91 |     + Clone\n   |       ^^^^^ not found in this scope\n\n"]}},{"file":"/home/runner/.cargo/registry/src/index.crates.io-6f17d22bba15001f/tock-registers-0.8.1/src/interfaces.rs","count":1,"kinds":{"Clippy(Error)":["error[E0412]: cannot find type `Option` in this scope\n   --> /home/runner/.cargo/registry/src/index.crates.io-6f17d22bba15001f/tock-registers-0.8.1/src/interfaces.rs:217:10\n    |\n217 |     ) -> Option<E> {\n    |          ^^^^^^ not found in this scope\n\n"]}},{"file":"(virtual) clippy","count":1,"kinds":{"Cargo":["// pkg_name=example, checker=Clippy\n// toolchain=nightly-2023-12-01, target=aarch64-unknown-none\n// pkg_dir=/home/runner/check/batch_1/Byte-OS/polyhal/example\n// cmd=cargo clippy --target aarch64-unknown-none --no-deps --message-format=json\n    Blocking waiting for file lock on package cache\n    Blocking waiting for file lock on package cache\n   Compiling lock_api v0.4.11\n    Checking tock-registers v0.8.1\n    Checking scopeguard v1.2.0\n    Checking byteorder v1.5.0\nerror: could not compile `scopeguard` (lib) due to 17 previous errors\nwarning: build failed, waiting for other jobs to finish...\nerror: could not compile `tock-registers` (lib) due to 42 previous errors\nerror: could not compile `byteorder` (lib) due to 61 previous errors\n"]}},{"file":"(virtual) lockbud","count":1,"kinds":{"Cargo":["// pkg_name=example, checker=Lockbud\n// toolchain=nightly-2023-12-01, target=aarch64-unknown-none\n// pkg_dir=/home/runner/check/batch_1/Byte-OS/polyhal/example\n// cmd=cargo +nightly-2024-05-21 lockbud -k all -- --target aarch64-unknown-none\n   Compiling lock_api v0.4.11\n   Compiling scopeguard v1.2.0\n   Compiling tock-registers v0.8.1\n   Compiling bitflags v2.6.0\n   Compiling byteorder v1.5.0\n   Compiling log v0.4.22\n   Compiling aarch64-cpu v9.4.0\n   Compiling spin v0.9.8\n   Compiling zerocopy v0.7.35\n   Compiling arm_pl011 v0.1.0\n   Compiling arm_gicv2 v0.1.0\n   Compiling fdt v0.1.5\n   Compiling cfg-if v1.0.0\n   Compiling buddy_system_allocator v0.9.1\n   Compiling virtio-drivers v0.7.5\n   Compiling polyhal v0.1.3 (/home/runner/check/batch_1/Byte-OS/polyhal)\nwarning: unexpected `cfg` condition name: `c906`\n   --> /home/runner/check/batch_1/Byte-OS/polyhal/src/addr.rs:219:15\n    |\n219 |         #[cfg(c906)]\n    |               ^^^^\n    |\n    = help: expected names are: `clippy`, `debug_assertions`, `doc`, `docsrs`, `doctest`, `feature`, `miri`, `overflow_checks`, `panic`, `proc_macro`, `relocation_model`, `rustfmt`, `sanitize`, `sanitizer_cfi_generalize_pointers`, `sanitizer_cfi_normalize_integers`, `target_abi`, `target_arch`, `target_endian`, `target_env`, `target_family`, `target_feature`, `target_has_atomic`, `target_has_atomic_equal_alignment`, `target_has_atomic_load_store`, `target_os`, `target_pointer_width`, `target_thread_local`, `target_vendor`, `test`, `ub_checks`, `unix`, `windows`\n    = help: consider using a Cargo feature instead\n    = help: or consider adding in `Cargo.toml` the `check-cfg` lint config for the lint:\n             [lints.rust]\n             unexpected_cfgs = { level = \"warn\", check-cfg = ['cfg(c906)'] }\n    = help: or consider adding `println!(\"cargo::rustc-check-cfg=cfg(c906)\");` to the top of the `build.rs`\n    = note: see <https://doc.rust-lang.org/nightly/rustc/check-cfg/cargo-specifics.html> for more information about checking conditional configuration\n    = note: `#[warn(unexpected_cfgs)]` on by default\n\nwarning: unexpected `cfg` condition name: `board`\n   --> /home/runner/check/batch_1/Byte-OS/polyhal/src/addr.rs:224:15\n    |\n224 |         #[cfg(board = \"2k1000\")]\n    |               ^^^^^^^^^^^^^^^^\n    |\n    = help: consider using a Cargo feature instead\n    = help: or consider adding in `Cargo.toml` the `check-cfg` lint config for the lint:\n             [lints.rust]\n             unexpected_cfgs = { level = \"warn\", check-cfg = ['cfg(board, values(\"2k1000\"))'] }\n    = help: or consider adding `println!(\"cargo::rustc-check-cfg=cfg(board, values(\\\"2k1000\\\"))\");` to the top of the `build.rs`\n    = note: see <https://doc.rust-lang.org/nightly/rustc/check-cfg/cargo-specifics.html> for more information about checking conditional configuration\n\nwarning: unexpected `cfg` condition name: `board`\n   --> /home/runner/check/batch_1/Byte-OS/polyhal/src/addr.rs:240:15\n    |\n240 |         #[cfg(board = \"2k1000\")]\n    |               ^^^^^^^^^^^^^^^^\n    |\n    = help: consider using a Cargo feature instead\n    = help: or consider adding in `Cargo.toml` the `check-cfg` lint config for the lint:\n             [lints.rust]\n             unexpected_cfgs = { level = \"warn\", check-cfg = ['cfg(board, values(\"2k1000\"))'] }\n    = help: or consider adding `println!(\"cargo::rustc-check-cfg=cfg(board, values(\\\"2k1000\\\"))\");` to the top of the `build.rs`\n    = note: see <https://doc.rust-lang.org/nightly/rustc/check-cfg/cargo-specifics.html> for more information about checking conditional configuration\n\nwarning: unexpected `cfg` condition name: `c906`\n   --> /home/runner/check/batch_1/Byte-OS/polyhal/src/addr.rs:244:15\n    |\n244 |         #[cfg(c906)]\n    |               ^^^^\n    |\n    = help: consider using a Cargo feature instead\n    = help: or consider adding in `Cargo.toml` the `check-cfg` lint config for the lint:\n             [lints.rust]\n             unexpected_cfgs = { level = \"warn\", check-cfg = ['cfg(c906)'] }\n    = help: or consider adding `println!(\"cargo::rustc-check-cfg=cfg(c906)\");` to the top of the `build.rs`\n    = note: see <https://doc.rust-lang.org/nightly/rustc/check-cfg/cargo-specifics.html> for more information about checking conditional configuration\n\nwarning: the feature `offset_of` has been stable since 1.77.0 and no longer requires an attribute to enable\n --> /home/runner/check/batch_1/Byte-OS/polyhal/src/lib.rs:8:12\n  |\n8 | #![feature(offset_of)]\n  |            ^^^^^^^^^\n  |\n  = note: `#[warn(stable_features)]` on by default\n\nwarning: field `0` is never read\n  --> /home/runner/check/batch_1/Byte-OS/polyhal/src/components/percpu/mod.rs:15:19\n   |\n15 | struct PerCPUDATA([u8; PAGE_SIZE]);\n   |        ---------- ^^^^^^^^^^^^^^^\n   |        |\n   |        field in this struct\n   |\n   = note: `#[warn(dead_code)]` on by default\nhelp: consider changing the field to be of unit type to suppress this warning while preserving the field numbering, or remove the field\n   |\n15 | struct PerCPUDATA(());\n   |                   ~~\n\nwarning: `polyhal` (lib) generated 6 warnings\n   Compiling example v0.1.0 (/home/runner/check/batch_1/Byte-OS/polyhal/example)\nwarning: unreachable statement\n  --> src/main.rs:87:5\n   |\n81 | /     loop {\n82 | |         if let Some(c) = DebugConsole::getchar() {\n83 | |             DebugConsole::putchar(c);\n84 | |         }\n85 | |     }\n   | |_____- any code following this expression is unreachable\n86 |\n87 |       log::info!(\"Run END. Shutdown successfully.\");\n   |       ^^^^^^^^^^^^^^^^^^^^^^^^^^^^^^^^^^^^^^^^^^^^^ unreachable statement\n   |\n   = note: `#[warn(unreachable_code)]` on by default\n   = note: this warning originates in the macro `$crate::log` which comes from the expansion of the macro `log::info` (in Nightly builds, run with -Z macro-backtrace for more info)\n\nwarning: unused variable: `addr`\n  --> src/pci.rs:64:18\n   |\n64 |     if let Some((addr, size)) = bar_info.memory_address_size() {\n   |                  ^^^^ help: if this is intentional, prefix it with an underscore: `_addr`\n   |\n   = note: `#[warn(unused_variables)]` on by default\n\nwarning: function `add_frame_range` is never used\n --> src/frame.rs:8:8\n  |\n8 | pub fn add_frame_range(mm_start: usize, mm_end: usize) {\n  |        ^^^^^^^^^^^^^^^\n  |\n  = note: `#[warn(dead_code)]` on by default\n\nerror: linking with `rust-lld` failed: exit status: 1\n  |\n  = note: LC_ALL=\"C\" PATH=\"/home/runner/.rustup/toolchains/nightly-2024-05-21-x86_64-unknown-linux-gnu/lib/rustlib/x86_64-unknown-linux-gnu/bin:/opt/hostedtoolcache/sccache/0.8.1/x64:/snap/bin:/home/runner/.local/bin:/opt/pipx_bin:/home/runner/.cargo/bin:/home/runner/.config/composer/vendor/bin:/usr/local/.ghcup/bin:/home/runner/.dotnet/tools:/usr/local/sbin:/usr/local/bin:/usr/sbin:/usr/bin:/sbin:/bin:/usr/games:/usr/local/games:/snap/bin\" VSLANG=\"1033\" \"rust-lld\" \"-flavor\" \"gnu\" \"--fix-cortex-a53-843419\" \"/tmp/rustcOamCLC/symbols.o\" \"/home/runner/check/batch_1/Byte-OS/polyhal/example/target/aarch64-unknown-none/debug/deps/example-117d8dbeafa3a892.example.13cb11107d09ef78-cgu.0.rcgu.o\" \"/home/runner/check/batch_1/Byte-OS/polyhal/example/target/aarch64-unknown-none/debug/deps/example-117d8dbeafa3a892.example.13cb11107d09ef78-cgu.1.rcgu.o\" \"/home/runner/check/batch_1/Byte-OS/polyhal/example/target/aarch64-unknown-none/debug/deps/example-117d8dbeafa3a892.example.13cb11107d09ef78-cgu.2.rcgu.o\" \"/home/runner/check/batch_1/Byte-OS/polyhal/example/target/aarch64-unknown-none/debug/deps/example-117d8dbeafa3a892.0kydy5nwzeeic8po2mlhsa5a7.rcgu.o\" \"--as-needed\" \"-L\" \"/home/runner/check/batch_1/Byte-OS/polyhal/example/target/aarch64-unknown-none/debug/deps\" \"-L\" \"/home/runner/check/batch_1/Byte-OS/polyhal/example/target/debug/deps\" \"-L\" \"/home/runner/.rustup/toolchains/nightly-2024-05-21-x86_64-unknown-linux-gnu/lib/rustlib/aarch64-unknown-none/lib\" \"-Bstatic\" \"/home/runner/check/batch_1/Byte-OS/polyhal/example/target/aarch64-unknown-none/debug/deps/libvirtio_drivers-7205d20d3c85167f.rlib\" \"/home/runner/check/batch_1/Byte-OS/polyhal/example/target/aarch64-unknown-none/debug/deps/libzerocopy-00f6727730b34584.rlib\" \"/home/runner/check/batch_1/Byte-OS/polyhal/example/target/aarch64-unknown-none/debug/deps/libbyteorder-6251f93bd70992ab.rlib\" \"/home/runner/check/batch_1/Byte-OS/polyhal/example/target/aarch64-unknown-none/debug/deps/libpolyhal-1cb718896e8e516b.rlib\" \"/home/runner/check/batch_1/Byte-OS/polyhal/example/target/aarch64-unknown-none/debug/deps/libarm_gicv2-9c3e5d2b8b907842.rlib\" \"/home/runner/check/batch_1/Byte-OS/polyhal/example/target/aarch64-unknown-none/debug/deps/libarm_pl011-c5b8dedabc130c76.rlib\" \"/home/runner/check/batch_1/Byte-OS/polyhal/example/target/aarch64-unknown-none/debug/deps/libaarch64_cpu-ad3948c631827945.rlib\" \"/home/runner/check/batch_1/Byte-OS/polyhal/example/target/aarch64-unknown-none/debug/deps/libtock_registers-871317267119ad1e.rlib\" \"/home/runner/check/batch_1/Byte-OS/polyhal/example/target/aarch64-unknown-none/debug/deps/libcfg_if-51d5ccf19a0009d3.rlib\" \"/home/runner/check/batch_1/Byte-OS/polyhal/example/target/aarch64-unknown-none/debug/deps/libbitflags-a5ce44a6c55cc69a.rlib\" \"/home/runner/check/batch_1/Byte-OS/polyhal/example/target/aarch64-unknown-none/debug/deps/libfdt-80c4b13ca541a733.rlib\" \"/home/runner/check/batch_1/Byte-OS/polyhal/example/target/aarch64-unknown-none/debug/deps/liblog-fdc3a78364d41b4d.rlib\" \"/home/runner/check/batch_1/Byte-OS/polyhal/example/target/aarch64-unknown-none/debug/deps/libbuddy_system_allocator-1b5fa0b34d369ebb.rlib\" \"/home/runner/.rustup/toolchains/nightly-2024-05-21-x86_64-unknown-linux-gnu/lib/rustlib/aarch64-unknown-none/lib/liballoc-dfa46a1477c2b5e1.rlib\" \"/home/runner/check/batch_1/Byte-OS/polyhal/example/target/aarch64-unknown-none/debug/deps/libspin-892e798bcf4d11e9.rlib\" \"/home/runner/check/batch_1/Byte-OS/polyhal/example/target/aarch64-unknown-none/debug/deps/liblock_api-b34245d8f1f66b77.rlib\" \"/home/runner/check/batch_1/Byte-OS/polyhal/example/target/aarch64-unknown-none/debug/deps/libscopeguard-890219094bd4fd6e.rlib\" \"/home/runner/.rustup/toolchains/nightly-2024-05-21-x86_64-unknown-linux-gnu/lib/rustlib/aarch64-unknown-none/lib/librustc_std_workspace_core-97b04805942f7790.rlib\" \"/home/runner/.rustup/toolchains/nightly-2024-05-21-x86_64-unknown-linux-gnu/lib/rustlib/aarch64-unknown-none/lib/libcore-9af6731f468db4d1.rlib\" \"/home/runner/.rustup/toolchains/nightly-2024-05-21-x86_64-unknown-linux-gnu/lib/rustlib/aarch64-unknown-none/lib/libcompiler_builtins-ba9ccc0c4e3e7a25.rlib\" \"-Bdynamic\" \"--eh-frame-hdr\" \"-z\" \"noexecstack\" \"-L\" \"/home/runner/.rustup/toolchains/nightly-2024-05-21-x86_64-unknown-linux-gnu/lib/rustlib/aarch64-unknown-none/lib\" \"-o\" \"/home/runner/check/batch_1/Byte-OS/polyhal/example/target/aarch64-unknown-none/debug/deps/example-117d8dbeafa3a892\" \"--gc-sections\"\n  = note: rust-lld: error: undefined symbol: _sbss\n          >>> referenced by lib.rs:178 (src/lib.rs:178)\n          >>>               polyhal-1cb718896e8e516b.polyhal.f8e915ff82ccaf0a-cgu.0.rcgu.o:(polyhal::clear_bss::h416a1a1dec5f8ccb) in archive /home/runner/check/batch_1/Byte-OS/polyhal/example/target/aarch64-unknown-none/debug/deps/libpolyhal-1cb718896e8e516b.rlib\n          >>> referenced by lib.rs:178 (src/lib.rs:178)\n          >>>               polyhal-1cb718896e8e516b.polyhal.f8e915ff82ccaf0a-cgu.0.rcgu.o:(polyhal::clear_bss::h416a1a1dec5f8ccb) in archive /home/runner/check/batch_1/Byte-OS/polyhal/example/target/aarch64-unknown-none/debug/deps/libpolyhal-1cb718896e8e516b.rlib\n          >>> referenced by lib.rs:178 (src/lib.rs:178)\n          >>>               polyhal-1cb718896e8e516b.polyhal.f8e915ff82ccaf0a-cgu.0.rcgu.o:(polyhal::clear_bss::h416a1a1dec5f8ccb) in archive /home/runner/check/batch_1/Byte-OS/polyhal/example/target/aarch64-unknown-none/debug/deps/libpolyhal-1cb718896e8e516b.rlib\n          >>> referenced 1 more times\n          \n          rust-lld: error: undefined symbol: _ebss\n          >>> referenced by lib.rs:178 (src/lib.rs:178)\n          >>>               polyhal-1cb718896e8e516b.polyhal.f8e915ff82ccaf0a-cgu.0.rcgu.o:(polyhal::clear_bss::h416a1a1dec5f8ccb) in archive /home/runner/check/batch_1/Byte-OS/polyhal/example/target/aarch64-unknown-none/debug/deps/libpolyhal-1cb718896e8e516b.rlib\n          >>> referenced by lib.rs:178 (src/lib.rs:178)\n          >>>               polyhal-1cb718896e8e516b.polyhal.f8e915ff82ccaf0a-cgu.0.rcgu.o:(polyhal::clear_bss::h416a1a1dec5f8ccb) in archive /home/runner/check/batch_1/Byte-OS/polyhal/example/target/aarch64-unknown-none/debug/deps/libpolyhal-1cb718896e8e516b.rlib\n          >>> referenced by lib.rs:178 (src/lib.rs:178)\n          >>>               polyhal-1cb718896e8e516b.polyhal.f8e915ff82ccaf0a-cgu.0.rcgu.o:(polyhal::clear_bss::h416a1a1dec5f8ccb) in archive /home/runner/check/batch_1/Byte-OS/polyhal/example/target/aarch64-unknown-none/debug/deps/libpolyhal-1cb718896e8e516b.rlib\n          >>> referenced 1 more times\n          \n\nwarning: `example` (bin \"example\") generated 3 warnings\nerror: could not compile `example` (bin \"example\") due to 1 previous error; 3 warnings emitted\n"]}}]}],"kinds_order":["Cargo","Clippy(Error)","Clippy(Warn)","Lockbud(Probably)","Lockbud(Possibly)","Unformatted"]}