{"repo":{"user":"Byte-OS","repo":"polyhal"},"data":[{"user":"Byte-OS","repo":"polyhal","pkg":"polyhal","count":366,"raw_reports":[{"file":"/home/runner/.cargo/registry/src/index.crates.io-6f17d22bba15001f/fdt-0.1.5/src/node.rs","count":94,"kinds":{"Clippy(Error)":["error: cannot find attribute `derive` in this scope\n   --> /home/runner/.cargo/registry/src/index.crates.io-6f17d22bba15001f/fdt-0.1.5/src/node.rs:517:3\n    |\n517 | #[derive(Debug)]\n    |   ^^^^^^\n\n","error: cannot find macro `panic` in this scope\n   --> /home/runner/.cargo/registry/src/index.crates.io-6f17d22bba15001f/fdt-0.1.5/src/node.rs:502:22\n    |\n502 |             other => panic!(\"bad prop, tag: {}\", other),\n    |                      ^^^^^\n\n","error: cannot find attribute `derive` in this scope\n   --> /home/runner/.cargo/registry/src/index.crates.io-6f17d22bba15001f/fdt-0.1.5/src/node.rs:476:3\n    |\n476 | #[derive(Debug, Clone, Copy)]\n    |   ^^^^^^\n\n","error: cannot find macro `assert_eq` in this scope\n   --> /home/runner/.cargo/registry/src/index.crates.io-6f17d22bba15001f/fdt-0.1.5/src/node.rs:472:5\n    |\n472 |     assert_eq!(stream.u32().unwrap().get(), FDT_END_NODE, \"bad node\");\n    |     ^^^^^^^^^\n\n","error: cannot find macro `assert_eq` in this scope\n   --> /home/runner/.cargo/registry/src/index.crates.io-6f17d22bba15001f/fdt-0.1.5/src/node.rs:456:5\n    |\n456 |     assert_eq!(stream.u32().unwrap().get(), FDT_BEGIN_NODE, \"bad node\");\n    |     ^^^^^^^^^\n\n","error: cannot find attribute `derive` in this scope\n   --> /home/runner/.cargo/registry/src/index.crates.io-6f17d22bba15001f/fdt-0.1.5/src/node.rs:321:3\n    |\n321 | #[derive(Debug, Clone, Copy, PartialEq)]\n    |   ^^^^^^\n\n","error: cannot find attribute `derive` in this scope\n   --> /home/runner/.cargo/registry/src/index.crates.io-6f17d22bba15001f/fdt-0.1.5/src/node.rs:306:3\n    |\n306 | #[derive(Debug, Clone, Copy)]\n    |   ^^^^^^\n\n","error: cannot find attribute `derive` in this scope\n  --> /home/runner/.cargo/registry/src/index.crates.io-6f17d22bba15001f/fdt-0.1.5/src/node.rs:34:3\n   |\n34 | #[derive(Debug, Clone, Copy)]\n   |   ^^^^^^\n\n","error: cannot find attribute `derive` in this scope\n  --> /home/runner/.cargo/registry/src/index.crates.io-6f17d22bba15001f/fdt-0.1.5/src/node.rs:17:3\n   |\n17 | #[derive(Debug, Clone, Copy)]\n   |   ^^^^^^\n\n","error[E0463]: can't find crate for `core`\n  --> /home/runner/.cargo/registry/src/index.crates.io-6f17d22bba15001f/fdt-0.1.5/src/node.rs:57:9\n   |\n57 |         core::iter::from_fn(move || {\n   |         ^^^^ can't find crate\n   |\n   = note: the `aarch64-unknown-none` target may not be installed\n   = help: consider downloading the target with `rustup target add aarch64-unknown-none`\n   = help: consider building the standard library from source with `cargo build -Zbuild-std`\n\n","error[E0463]: can't find crate for `core`\n  --> /home/runner/.cargo/registry/src/index.crates.io-6f17d22bba15001f/fdt-0.1.5/src/node.rs:94:9\n   |\n94 |         core::iter::from_fn(move || {\n   |         ^^^^ can't find crate\n   |\n   = note: the `aarch64-unknown-none` target may not be installed\n   = help: consider downloading the target with `rustup target add aarch64-unknown-none`\n   = help: consider building the standard library from source with `cargo build -Zbuild-std`\n\n","error[E0463]: can't find crate for `core`\n   --> /home/runner/.cargo/registry/src/index.crates.io-6f17d22bba15001f/fdt-0.1.5/src/node.rs:153:28\n    |\n153 |                 reg = Some(core::iter::from_fn(move || {\n    |                            ^^^^ can't find crate\n    |\n    = note: the `aarch64-unknown-none` target may not be installed\n    = help: consider downloading the target with `rustup target add aarch64-unknown-none`\n    = help: consider building the standard library from source with `cargo build -Zbuild-std`\n\n","error[E0463]: can't find crate for `core`\n   --> /home/runner/.cargo/registry/src/index.crates.io-6f17d22bba15001f/fdt-0.1.5/src/node.rs:183:25\n    |\n183 |             return Some(core::iter::from_fn(move || {\n    |                         ^^^^ can't find crate\n    |\n    = note: the `aarch64-unknown-none` target may not be installed\n    = help: consider downloading the target with `rustup target add aarch64-unknown-none`\n    = help: consider building the standard library from source with `cargo build -Zbuild-std`\n\n","error[E0463]: can't find crate for `core`\n   --> /home/runner/.cargo/registry/src/index.crates.io-6f17d22bba15001f/fdt-0.1.5/src/node.rs:255:34\n    |\n255 |                 interrupt = Some(core::iter::from_fn(move || {\n    |                                  ^^^^ can't find crate\n    |\n    = note: the `aarch64-unknown-none` target may not be installed\n    = help: consider downloading the target with `rustup target add aarch64-unknown-none`\n    = help: consider building the standard library from source with `cargo build -Zbuild-std`\n\n","error[E0408]: variable `None` is not bound in all patterns\n   --> /home/runner/.cargo/registry/src/index.crates.io-6f17d22bba15001f/fdt-0.1.5/src/node.rs:366:16\n    |\n366 |         None | Some(\"\") => {\n    |         ----   ^^^^^^^^ pattern doesn't bind `None`\n    |         |\n    |         variable not in all patterns\n    |\nhelp: if you meant to match on a variant or a `const` item, consider making the path in the pattern qualified: `path::to::ModOrType::None`\n   --> /home/runner/.cargo/registry/src/index.crates.io-6f17d22bba15001f/fdt-0.1.5/src/node.rs:366:9\n    |\n366 |         None | Some(\"\") => {\n    |         ^^^^\n\n","error[E0463]: can't find crate for `core`\n   --> /home/runner/.cargo/registry/src/index.crates.io-6f17d22bba15001f/fdt-0.1.5/src/node.rs:402:5\n    |\n402 |     core::iter::from_fn(move || {\n    |     ^^^^ can't find crate\n    |\n    = note: the `aarch64-unknown-none` target may not be installed\n    = help: consider downloading the target with `rustup target add aarch64-unknown-none`\n    = help: consider building the standard library from source with `cargo build -Zbuild-std`\n\n","error[E0463]: can't find crate for `core`\n   --> /home/runner/.cargo/registry/src/index.crates.io-6f17d22bba15001f/fdt-0.1.5/src/node.rs:496:9\n    |\n496 |         core::str::from_utf8(self.value).map(|s| s.trim_end_matches('\\0')).ok()\n    |         ^^^^ can't find crate\n    |\n    = note: the `aarch64-unknown-none` target may not be installed\n    = help: consider downloading the target with `rustup target add aarch64-unknown-none`\n    = help: consider building the standard library from source with `cargo build -Zbuild-std`\n\n","error[E0412]: cannot find type `Option` in this scope\n  --> /home/runner/.cargo/registry/src/index.crates.io-6f17d22bba15001f/fdt-0.1.5/src/node.rs:25:47\n   |\n25 |     fn from_bytes(bytes: &mut FdtData<'_>) -> Option<Self> {\n   |                                               ^^^^^^ not found in this scope\n\n","error[E0412]: cannot find type `Option` in this scope\n  --> /home/runner/.cargo/registry/src/index.crates.io-6f17d22bba15001f/fdt-0.1.5/src/node.rs:39:19\n   |\n39 |     parent_props: Option<&'a [u8]>,\n   |                   ^^^^^^ not found in this scope\n\n","error[E0412]: cannot find type `Option` in this scope\n  --> /home/runner/.cargo/registry/src/index.crates.io-6f17d22bba15001f/fdt-0.1.5/src/node.rs:47:23\n   |\n47 |         parent_props: Option<&'a [u8]>,\n   |                       ^^^^^^ not found in this scope\n\n","error[E0405]: cannot find trait `Iterator` in this scope\n  --> /home/runner/.cargo/registry/src/index.crates.io-6f17d22bba15001f/fdt-0.1.5/src/node.rs:53:37\n   |\n53 |     pub fn properties(self) -> impl Iterator<Item = NodeProperty<'a>> + 'b {\n   |                                     ^^^^^^^^ not found in this scope\n\n","error[E0425]: cannot find value `None` in this scope\n  --> /home/runner/.cargo/registry/src/index.crates.io-6f17d22bba15001f/fdt-0.1.5/src/node.rs:59:24\n   |\n59 |                 return None;\n   |                        ^^^^ help: a local variable with a similar name exists: `done`\n\n","error[E0425]: cannot find value `None` in this scope\n  --> /home/runner/.cargo/registry/src/index.crates.io-6f17d22bba15001f/fdt-0.1.5/src/node.rs:70:17\n   |\n70 |                 None\n   |                 ^^^^ help: a local variable with a similar name exists: `done`\n\n","error[E0412]: cannot find type `Option` in this scope\n  --> /home/runner/.cargo/registry/src/index.crates.io-6f17d22bba15001f/fdt-0.1.5/src/node.rs:76:42\n   |\n76 |     pub fn property(self, name: &str) -> Option<NodeProperty<'a>> {\n   |                                          ^^^^^^ not found in this scope\n\n","error[E0405]: cannot find trait `Iterator` in this scope\n  --> /home/runner/.cargo/registry/src/index.crates.io-6f17d22bba15001f/fdt-0.1.5/src/node.rs:81:35\n   |\n81 |     pub fn children(self) -> impl Iterator<Item = FdtNode<'b, 'a>> {\n   |                                   ^^^^^^^^ not found in this scope\n\n","error[E0425]: cannot find value `None` in this scope\n  --> /home/runner/.cargo/registry/src/index.crates.io-6f17d22bba15001f/fdt-0.1.5/src/node.rs:96:24\n   |\n96 |                 return None;\n   |                        ^^^^ help: a local variable with a similar name exists: `done`\n\n","error[E0425]: cannot find value `None` in this scope\n   --> /home/runner/.cargo/registry/src/index.crates.io-6f17d22bba15001f/fdt-0.1.5/src/node.rs:125:17\n    |\n125 |                 None\n    |                 ^^^^ help: a local variable with a similar name exists: `done`\n\n","error[E0412]: cannot find type `Option` in this scope\n   --> /home/runner/.cargo/registry/src/index.crates.io-6f17d22bba15001f/fdt-0.1.5/src/node.rs:143:25\n    |\n143 |     pub fn reg(self) -> Option<impl Iterator<Item = crate::MemoryRegion> + 'a> {\n    |                         ^^^^^^ not found in this scope\n\n","error[E0405]: cannot find trait `Iterator` in this scope\n   --> /home/runner/.cargo/registry/src/index.crates.io-6f17d22bba15001f/fdt-0.1.5/src/node.rs:143:37\n    |\n143 |     pub fn reg(self) -> Option<impl Iterator<Item = crate::MemoryRegion> + 'a> {\n    |                                     ^^^^^^^^ not found in this scope\n\n","error[E0425]: cannot find value `None` in this scope\n   --> /home/runner/.cargo/registry/src/index.crates.io-6f17d22bba15001f/fdt-0.1.5/src/node.rs:146:20\n    |\n146 |             return None;\n    |                    ^^^^ not found in this scope\n\n","error[E0425]: cannot find value `None` in this scope\n   --> /home/runner/.cargo/registry/src/index.crates.io-6f17d22bba15001f/fdt-0.1.5/src/node.rs:149:23\n    |\n149 |         let mut reg = None;\n    |                       ^^^^ not found in this scope\n\n","error[E0425]: cannot find value `None` in this scope\n   --> /home/runner/.cargo/registry/src/index.crates.io-6f17d22bba15001f/fdt-0.1.5/src/node.rs:157:37\n    |\n157 |                         _ => return None,\n    |                                     ^^^^ not found in this scope\n\n","error[E0425]: cannot find value `None` in this scope\n   --> /home/runner/.cargo/registry/src/index.crates.io-6f17d22bba15001f/fdt-0.1.5/src/node.rs:161:30\n    |\n161 |                         0 => None,\n    |                              ^^^^ not found in this scope\n\n","error[E0425]: cannot find value `None` in this scope\n   --> /home/runner/.cargo/registry/src/index.crates.io-6f17d22bba15001f/fdt-0.1.5/src/node.rs:164:37\n    |\n164 |                         _ => return None,\n    |                                     ^^^^ not found in this scope\n\n","error[E0412]: cannot find type `Option` in this scope\n   --> /home/runner/.cargo/registry/src/index.crates.io-6f17d22bba15001f/fdt-0.1.5/src/node.rs:178:29\n    |\n178 |     pub fn raw_reg(self) -> Option<impl Iterator<Item = RawReg<'a>> + 'a> {\n    |                             ^^^^^^ not found in this scope\n\n","error[E0405]: cannot find trait `Iterator` in this scope\n   --> /home/runner/.cargo/registry/src/index.crates.io-6f17d22bba15001f/fdt-0.1.5/src/node.rs:178:41\n    |\n178 |     pub fn raw_reg(self) -> Option<impl Iterator<Item = RawReg<'a>> + 'a> {\n    |                                         ^^^^^^^^ not found in this scope\n\n","error[E0531]: cannot find tuple struct or tuple variant `Some` in this scope\n   --> /home/runner/.cargo/registry/src/index.crates.io-6f17d22bba15001f/fdt-0.1.5/src/node.rs:181:16\n    |\n181 |         if let Some(prop) = self.property(\"reg\") {\n    |                ^^^^ not found in this scope\n\n","error[E0425]: cannot find value `None` in this scope\n   --> /home/runner/.cargo/registry/src/index.crates.io-6f17d22bba15001f/fdt-0.1.5/src/node.rs:191:9\n    |\n191 |         None\n    |         ^^^^ not found in this scope\n\n","error[E0412]: cannot find type `Option` in this scope\n   --> /home/runner/.cargo/registry/src/index.crates.io-6f17d22bba15001f/fdt-0.1.5/src/node.rs:195:32\n    |\n195 |     pub fn compatible(self) -> Option<Compatible<'a>> {\n    |                                ^^^^^^ not found in this scope\n\n","error[E0425]: cannot find value `None` in this scope\n   --> /home/runner/.cargo/registry/src/index.crates.io-6f17d22bba15001f/fdt-0.1.5/src/node.rs:196:21\n    |\n196 |         let mut s = None;\n    |                     ^^^^ not found in this scope\n\n","error[E0412]: cannot find type `Option` in this scope\n   --> /home/runner/.cargo/registry/src/index.crates.io-6f17d22bba15001f/fdt-0.1.5/src/node.rs:230:38\n    |\n230 |     pub fn interrupt_parent(self) -> Option<FdtNode<'b, 'a>> {\n    |                                      ^^^^^^ not found in this scope\n\n","error[E0412]: cannot find type `Option` in this scope\n   --> /home/runner/.cargo/registry/src/index.crates.io-6f17d22bba15001f/fdt-0.1.5/src/node.rs:237:37\n    |\n237 |     pub fn interrupt_cells(self) -> Option<usize> {\n    |                                     ^^^^^^ not found in this scope\n\n","error[E0425]: cannot find value `None` in this scope\n   --> /home/runner/.cargo/registry/src/index.crates.io-6f17d22bba15001f/fdt-0.1.5/src/node.rs:238:35\n    |\n238 |         let mut interrupt_cells = None;\n    |                                   ^^^^ not found in this scope\n\n","error[E0531]: cannot find tuple struct or tuple variant `Some` in this scope\n   --> /home/runner/.cargo/registry/src/index.crates.io-6f17d22bba15001f/fdt-0.1.5/src/node.rs:240:16\n    |\n240 |         if let Some(prop) = self.property(\"#interrupt-cells\") {\n    |                ^^^^ not found in this scope\n\n","error[E0412]: cannot find type `Option` in this scope\n   --> /home/runner/.cargo/registry/src/index.crates.io-6f17d22bba15001f/fdt-0.1.5/src/node.rs:248:32\n    |\n248 |     pub fn interrupts(self) -> Option<impl Iterator<Item = usize> + 'a> {\n    |                                ^^^^^^ not found in this scope\n\n","error[E0405]: cannot find trait `Iterator` in this scope\n   --> /home/runner/.cargo/registry/src/index.crates.io-6f17d22bba15001f/fdt-0.1.5/src/node.rs:248:44\n    |\n248 |     pub fn interrupts(self) -> Option<impl Iterator<Item = usize> + 'a> {\n    |                                            ^^^^^^^^ not found in this scope\n\n","error[E0425]: cannot find value `None` in this scope\n   --> /home/runner/.cargo/registry/src/index.crates.io-6f17d22bba15001f/fdt-0.1.5/src/node.rs:251:29\n    |\n251 |         let mut interrupt = None;\n    |                             ^^^^ not found in this scope\n\n","error[E0425]: cannot find value `None` in this scope\n   --> /home/runner/.cargo/registry/src/index.crates.io-6f17d22bba15001f/fdt-0.1.5/src/node.rs:259:37\n    |\n259 |                         _ => return None,\n    |                                     ^^^^ not found in this scope\n\n","error[E0531]: cannot find tuple struct or tuple variant `Some` in this scope\n   --> /home/runner/.cargo/registry/src/index.crates.io-6f17d22bba15001f/fdt-0.1.5/src/node.rs:274:16\n    |\n274 |         if let Some(parent) = self.parent_props {\n    |                ^^^^ not found in this scope\n\n","error[E0425]: cannot find value `None` in this scope\n   --> /home/runner/.cargo/registry/src/index.crates.io-6f17d22bba15001f/fdt-0.1.5/src/node.rs:276:87\n    |\n276 |                 FdtNode { name: \"\", props: parent, header: self.header, parent_props: None };\n    |                                                                                       ^^^^ not found in this scope\n\n","error[E0412]: cannot find type `Option` in this scope\n   --> /home/runner/.cargo/registry/src/index.crates.io-6f17d22bba15001f/fdt-0.1.5/src/node.rs:283:51\n    |\n283 |     pub(crate) fn parent_interrupt_cells(self) -> Option<usize> {\n    |                                                   ^^^^^^ not found in this scope\n\n","error[E0425]: cannot find value `None` in this scope\n   --> /home/runner/.cargo/registry/src/index.crates.io-6f17d22bba15001f/fdt-0.1.5/src/node.rs:284:35\n    |\n284 |         let mut interrupt_cells = None;\n    |                                   ^^^^ not found in this scope\n\n","error[E0425]: cannot find value `None` in this scope\n   --> /home/runner/.cargo/registry/src/index.crates.io-6f17d22bba15001f/fdt-0.1.5/src/node.rs:293:35\n    |\n293 |                     parent_props: None,\n    |                                   ^^^^ not found in this scope\n\n","error[E0531]: cannot find tuple struct or tuple variant `Some` in this scope\n   --> /home/runner/.cargo/registry/src/index.crates.io-6f17d22bba15001f/fdt-0.1.5/src/node.rs:297:16\n    |\n297 |         if let Some(size) = parent.and_then(|parent| parent.interrupt_cells()) {\n    |                ^^^^ not found in this scope\n\n","error[E0405]: cannot find trait `Default` in this scope\n   --> /home/runner/.cargo/registry/src/index.crates.io-6f17d22bba15001f/fdt-0.1.5/src/node.rs:314:6\n    |\n314 | impl Default for CellSizes {\n    |      ^^^^^^^ not found in this scope\n\n","error[E0412]: cannot find type `Option` in this scope\n   --> /home/runner/.cargo/registry/src/index.crates.io-6f17d22bba15001f/fdt-0.1.5/src/node.rs:335:19\n    |\n335 |     parent_props: Option<&'a [u8]>,\n    |                   ^^^^^^ not found in this scope\n\n","error[E0412]: cannot find type `Option` in this scope\n   --> /home/runner/.cargo/registry/src/index.crates.io-6f17d22bba15001f/fdt-0.1.5/src/node.rs:336:6\n    |\n336 | ) -> Option<FdtNode<'b, 'a>> {\n    |      ^^^^^^ not found in this scope\n\n","error[E0425]: cannot find value `None` in this scope\n   --> /home/runner/.cargo/registry/src/index.crates.io-6f17d22bba15001f/fdt-0.1.5/src/node.rs:346:21\n    |\n346 |         _ => return None,\n    |                     ^^^^ not found in this scope\n\n","error[E0425]: cannot find value `None` in this scope\n   --> /home/runner/.cargo/registry/src/index.crates.io-6f17d22bba15001f/fdt-0.1.5/src/node.rs:362:16\n    |\n362 |         return None;\n    |                ^^^^ not found in this scope\n\n","error[E0531]: cannot find tuple struct or tuple variant `Some` in this scope\n   --> /home/runner/.cargo/registry/src/index.crates.io-6f17d22bba15001f/fdt-0.1.5/src/node.rs:366:16\n    |\n366 |         None | Some(\"\") => {\n    |                ^^^^ not found in this scope\n\n","error[E0531]: cannot find tuple struct or tuple variant `Some` in this scope\n   --> /home/runner/.cargo/registry/src/index.crates.io-6f17d22bba15001f/fdt-0.1.5/src/node.rs:369:9\n    |\n369 |         Some(part) => part,\n    |         ^^^^ not found in this scope\n\n","error[E0531]: cannot find tuple struct or tuple variant `Some` in this scope\n   --> /home/runner/.cargo/registry/src/index.crates.io-6f17d22bba15001f/fdt-0.1.5/src/node.rs:381:16\n    |\n381 |         if let Some(p) = find_node(stream, next_part, header, parent_props) {\n    |                ^^^^ not found in this scope\n\n","error[E0425]: cannot find value `None` in this scope\n   --> /home/runner/.cargo/registry/src/index.crates.io-6f17d22bba15001f/fdt-0.1.5/src/node.rs:389:16\n    |\n389 |         return None;\n    |                ^^^^ not found in this scope\n\n","error[E0425]: cannot find value `None` in this scope\n   --> /home/runner/.cargo/registry/src/index.crates.io-6f17d22bba15001f/fdt-0.1.5/src/node.rs:392:5\n    |\n392 |     None\n    |     ^^^^ not found in this scope\n\n","error[E0405]: cannot find trait `Iterator` in this scope\n   --> /home/runner/.cargo/registry/src/index.crates.io-6f17d22bba15001f/fdt-0.1.5/src/node.rs:396:66\n    |\n396 | pub(crate) fn all_nodes<'b, 'a: 'b>(header: &'b Fdt<'a>) -> impl Iterator<Item = FdtNode<'b, 'a>> {\n    |                                                                  ^^^^^^^^ not found in this scope\n\n","error[E0425]: cannot find value `None` in this scope\n   --> /home/runner/.cargo/registry/src/index.crates.io-6f17d22bba15001f/fdt-0.1.5/src/node.rs:404:20\n    |\n404 |             return None;\n    |                    ^^^^ help: a local variable with a similar name exists: `done`\n\n","error[E0425]: cannot find value `None` in this scope\n   --> /home/runner/.cargo/registry/src/index.crates.io-6f17d22bba15001f/fdt-0.1.5/src/node.rs:414:20\n    |\n414 |             return None;\n    |                    ^^^^ help: a local variable with a similar name exists: `done`\n\n","error[E0425]: cannot find value `None` in this scope\n   --> /home/runner/.cargo/registry/src/index.crates.io-6f17d22bba15001f/fdt-0.1.5/src/node.rs:423:25\n    |\n423 |             _ => return None,\n    |                         ^^^^ help: a local variable with a similar name exists: `done`\n\n","error[E0425]: cannot find value `None` in this scope\n   --> /home/runner/.cargo/registry/src/index.crates.io-6f17d22bba15001f/fdt-0.1.5/src/node.rs:447:22\n    |\n447 |                 1 => None,\n    |                      ^^^^ help: a local variable with a similar name exists: `done`\n\n","error[E0412]: cannot find type `Option` in this scope\n   --> /home/runner/.cargo/registry/src/index.crates.io-6f17d22bba15001f/fdt-0.1.5/src/node.rs:486:30\n    |\n486 |     pub fn as_usize(self) -> Option<usize> {\n    |                              ^^^^^^ not found in this scope\n\n","error[E0425]: cannot find value `None` in this scope\n   --> /home/runner/.cargo/registry/src/index.crates.io-6f17d22bba15001f/fdt-0.1.5/src/node.rs:490:18\n    |\n490 |             _ => None,\n    |                  ^^^^ not found in this scope\n\n","error[E0412]: cannot find type `Option` in this scope\n   --> /home/runner/.cargo/registry/src/index.crates.io-6f17d22bba15001f/fdt-0.1.5/src/node.rs:495:28\n    |\n495 |     pub fn as_str(self) -> Option<&'a str> {\n    |                            ^^^^^^ not found in this scope\n\n","error[E0412]: cannot find type `Option` in this scope\n   --> /home/runner/.cargo/registry/src/index.crates.io-6f17d22bba15001f/fdt-0.1.5/src/node.rs:535:58\n    |\n535 |     pub(crate) fn from_bytes(bytes: &mut FdtData<'_>) -> Option<Self> {\n    |                                                          ^^^^^^ not found in this scope\n\n","error[E0425]: cannot find function, tuple struct or tuple variant `Some` in this scope\n  --> /home/runner/.cargo/registry/src/index.crates.io-6f17d22bba15001f/fdt-0.1.5/src/node.rs:29:9\n   |\n29 |         Some(Self { len, name_offset })\n   |         ^^^^ not found in this scope\n\n","error[E0425]: cannot find function, tuple struct or tuple variant `Some` in this scope\n  --> /home/runner/.cargo/registry/src/index.crates.io-6f17d22bba15001f/fdt-0.1.5/src/node.rs:67:17\n   |\n67 |                 Some(NodeProperty::parse(&mut stream, self.header))\n   |                 ^^^^ not found in this scope\n\n","error[E0425]: cannot find function, tuple struct or tuple variant `Some` in this scope\n   --> /home/runner/.cargo/registry/src/index.crates.io-6f17d22bba15001f/fdt-0.1.5/src/node.rs:115:21\n    |\n115 |                     Some(Self::new(unit_name, self.header, stream.remaining(), Some(self.props)))\n    |                     ^^^^ not found in this scope\n\n","error[E0425]: cannot find function, tuple struct or tuple variant `Some` in this scope\n   --> /home/runner/.cargo/registry/src/index.crates.io-6f17d22bba15001f/fdt-0.1.5/src/node.rs:115:80\n    |\n115 |                     Some(Self::new(unit_name, self.header, stream.remaining(), Some(self.props)))\n    |                                                                                ^^^^ not found in this scope\n\n","error[E0425]: cannot find function, tuple struct or tuple variant `Some` in this scope\n   --> /home/runner/.cargo/registry/src/index.crates.io-6f17d22bba15001f/fdt-0.1.5/src/node.rs:153:23\n    |\n153 |                 reg = Some(core::iter::from_fn(move || {\n    |                       ^^^^ not found in this scope\n\n","error[E0425]: cannot find function, tuple struct or tuple variant `Some` in this scope\n   --> /home/runner/.cargo/registry/src/index.crates.io-6f17d22bba15001f/fdt-0.1.5/src/node.rs:162:30\n    |\n162 |                         1 => Some(stream.u32()?.get() as usize),\n    |                              ^^^^ not found in this scope\n\n","error[E0425]: cannot find function, tuple struct or tuple variant `Some` in this scope\n   --> /home/runner/.cargo/registry/src/index.crates.io-6f17d22bba15001f/fdt-0.1.5/src/node.rs:163:30\n    |\n163 |                         2 => Some(stream.u64()?.get() as usize),\n    |                              ^^^^ not found in this scope\n\n","error[E0425]: cannot find function, tuple struct or tuple variant `Some` in this scope\n   --> /home/runner/.cargo/registry/src/index.crates.io-6f17d22bba15001f/fdt-0.1.5/src/node.rs:167:21\n    |\n167 |                     Some(MemoryRegion { starting_address, size })\n    |                     ^^^^ not found in this scope\n\n","error[E0425]: cannot find function, tuple struct or tuple variant `Some` in this scope\n   --> /home/runner/.cargo/registry/src/index.crates.io-6f17d22bba15001f/fdt-0.1.5/src/node.rs:183:20\n    |\n183 |             return Some(core::iter::from_fn(move || {\n    |                    ^^^^ not found in this scope\n\n","error[E0425]: cannot find function, tuple struct or tuple variant `Some` in this scope\n   --> /home/runner/.cargo/registry/src/index.crates.io-6f17d22bba15001f/fdt-0.1.5/src/node.rs:184:17\n    |\n184 |                 Some(RawReg {\n    |                 ^^^^ not found in this scope\n\n","error[E0425]: cannot find function, tuple struct or tuple variant `Some` in this scope\n   --> /home/runner/.cargo/registry/src/index.crates.io-6f17d22bba15001f/fdt-0.1.5/src/node.rs:199:21\n    |\n199 |                 s = Some(Compatible { data: prop.value });\n    |                     ^^^^ not found in this scope\n\n","error[E0425]: cannot find function, tuple struct or tuple variant `Some` in this scope\n   --> /home/runner/.cargo/registry/src/index.crates.io-6f17d22bba15001f/fdt-0.1.5/src/node.rs:255:29\n    |\n255 |                 interrupt = Some(core::iter::from_fn(move || {\n    |                             ^^^^ not found in this scope\n\n","error[E0425]: cannot find function, tuple struct or tuple variant `Some` in this scope\n   --> /home/runner/.cargo/registry/src/index.crates.io-6f17d22bba15001f/fdt-0.1.5/src/node.rs:262:21\n    |\n262 |                     Some(interrupt)\n    |                     ^^^^ not found in this scope\n\n","error[E0425]: cannot find function, tuple struct or tuple variant `Some` in this scope\n   --> /home/runner/.cargo/registry/src/index.crates.io-6f17d22bba15001f/fdt-0.1.5/src/node.rs:289:17\n    |\n289 |                 Some(FdtNode {\n    |                 ^^^^ not found in this scope\n\n","error[E0425]: cannot find function, tuple struct or tuple variant `Some` in this scope\n   --> /home/runner/.cargo/registry/src/index.crates.io-6f17d22bba15001f/fdt-0.1.5/src/node.rs:298:31\n    |\n298 |             interrupt_cells = Some(size);\n    |                               ^^^^ not found in this scope\n\n","error[E0425]: cannot find function, tuple struct or tuple variant `Some` in this scope\n   --> /home/runner/.cargo/registry/src/index.crates.io-6f17d22bba15001f/fdt-0.1.5/src/node.rs:367:20\n    |\n367 |             return Some(FdtNode::new(unit_name, header, stream.remaining(), parent_props))\n    |                    ^^^^ not found in this scope\n\n","error[E0425]: cannot find function, tuple struct or tuple variant `Some` in this scope\n   --> /home/runner/.cargo/registry/src/index.crates.io-6f17d22bba15001f/fdt-0.1.5/src/node.rs:374:24\n    |\n374 |     let parent_props = Some(stream.remaining());\n    |                        ^^^^ not found in this scope\n\n","error[E0425]: cannot find function, tuple struct or tuple variant `Some` in this scope\n   --> /home/runner/.cargo/registry/src/index.crates.io-6f17d22bba15001f/fdt-0.1.5/src/node.rs:382:20\n    |\n382 |             return Some(p);\n    |                    ^^^^ not found in this scope\n\n","error[E0425]: cannot find function, tuple struct or tuple variant `Some` in this scope\n   --> /home/runner/.cargo/registry/src/index.crates.io-6f17d22bba15001f/fdt-0.1.5/src/node.rs:443:9\n    |\n443 |         Some(FdtNode {\n    |         ^^^^ not found in this scope\n\n","error[E0425]: cannot find function, tuple struct or tuple variant `Some` in this scope\n   --> /home/runner/.cargo/registry/src/index.crates.io-6f17d22bba15001f/fdt-0.1.5/src/node.rs:448:22\n    |\n448 |                 _ => Some(parents[parent_index - 1]),\n    |                      ^^^^ not found in this scope\n\n","error[E0425]: cannot find function, tuple struct or tuple variant `Some` in this scope\n   --> /home/runner/.cargo/registry/src/index.crates.io-6f17d22bba15001f/fdt-0.1.5/src/node.rs:539:9\n    |\n539 |         Some(Self { address, size })\n    |         ^^^^ not found in this scope\n\n"]}},{"file":"/home/runner/.cargo/registry/src/index.crates.io-6f17d22bba15001f/fdt-0.1.5/src/lib.rs","count":58,"kinds":{"Clippy(Error)":["error[E0463]: can't find crate for `core`\n  |\n  = note: the `aarch64-unknown-none` target may not be installed\n  = help: consider downloading the target with `rustup target add aarch64-unknown-none`\n  = help: consider building the standard library from source with `cargo build -Zbuild-std`\n\n","error[E0463]: can't find crate for `compiler_builtins`\n\n","error: cannot find attribute `derive` in this scope\n   --> /home/runner/.cargo/registry/src/index.crates.io-6f17d22bba15001f/fdt-0.1.5/src/lib.rs:115:3\n    |\n115 | #[derive(Debug, Clone, Copy)]\n    |   ^^^^^^\n\n","error: cannot find attribute `derive` in this scope\n  --> /home/runner/.cargo/registry/src/index.crates.io-6f17d22bba15001f/fdt-0.1.5/src/lib.rs:97:3\n   |\n97 | #[derive(Clone, Copy)]\n   |   ^^^^^^\n\n","error: cannot find macro `write` in this scope\n  --> /home/runner/.cargo/registry/src/index.crates.io-6f17d22bba15001f/fdt-0.1.5/src/lib.rs:86:17\n   |\n86 |                 write!(f, \"the given buffer was too small to contain a FDT header\")\n   |                 ^^^^^\n\n","error: cannot find macro `write` in this scope\n  --> /home/runner/.cargo/registry/src/index.crates.io-6f17d22bba15001f/fdt-0.1.5/src/lib.rs:84:33\n   |\n84 |             FdtError::BadPtr => write!(f, \"an invalid pointer was passed\"),\n   |                                 ^^^^^\n\n","error: cannot find macro `write` in this scope\n  --> /home/runner/.cargo/registry/src/index.crates.io-6f17d22bba15001f/fdt-0.1.5/src/lib.rs:83:35\n   |\n83 |             FdtError::BadMagic => write!(f, \"bad FDT magic value\"),\n   |                                   ^^^^^\n\n","error: cannot find attribute `derive` in this scope\n  --> /home/runner/.cargo/registry/src/index.crates.io-6f17d22bba15001f/fdt-0.1.5/src/lib.rs:69:3\n   |\n69 | #[derive(Debug, Clone, Copy, PartialEq)]\n   |   ^^^^^^\n\n","error[E0463]: can't find crate for `core`\n  --> /home/runner/.cargo/registry/src/index.crates.io-6f17d22bba15001f/fdt-0.1.5/src/lib.rs:80:6\n   |\n80 | impl core::fmt::Display for FdtError {\n   |      ^^^^ can't find crate\n   |\n   = note: the `aarch64-unknown-none` target may not be installed\n   = help: consider downloading the target with `rustup target add aarch64-unknown-none`\n   = help: consider building the standard library from source with `cargo build -Zbuild-std`\n\n","error[E0463]: can't find crate for `core`\n  --> /home/runner/.cargo/registry/src/index.crates.io-6f17d22bba15001f/fdt-0.1.5/src/lib.rs:81:27\n   |\n81 |     fn fmt(&self, f: &mut core::fmt::Formatter<'_>) -> core::fmt::Result {\n   |                           ^^^^ can't find crate\n   |\n   = note: the `aarch64-unknown-none` target may not be installed\n   = help: consider downloading the target with `rustup target add aarch64-unknown-none`\n   = help: consider building the standard library from source with `cargo build -Zbuild-std`\n\n","error[E0463]: can't find crate for `core`\n  --> /home/runner/.cargo/registry/src/index.crates.io-6f17d22bba15001f/fdt-0.1.5/src/lib.rs:81:56\n   |\n81 |     fn fmt(&self, f: &mut core::fmt::Formatter<'_>) -> core::fmt::Result {\n   |                                                        ^^^^ can't find crate\n   |\n   = note: the `aarch64-unknown-none` target may not be installed\n   = help: consider downloading the target with `rustup target add aarch64-unknown-none`\n   = help: consider building the standard library from source with `cargo build -Zbuild-std`\n\n","error[E0463]: can't find crate for `core`\n   --> /home/runner/.cargo/registry/src/index.crates.io-6f17d22bba15001f/fdt-0.1.5/src/lib.rs:103:6\n    |\n103 | impl core::fmt::Debug for Fdt<'_> {\n    |      ^^^^ can't find crate\n    |\n    = note: the `aarch64-unknown-none` target may not be installed\n    = help: consider downloading the target with `rustup target add aarch64-unknown-none`\n    = help: consider building the standard library from source with `cargo build -Zbuild-std`\n\n","error[E0463]: can't find crate for `core`\n   --> /home/runner/.cargo/registry/src/index.crates.io-6f17d22bba15001f/fdt-0.1.5/src/lib.rs:104:27\n    |\n104 |     fn fmt(&self, f: &mut core::fmt::Formatter<'_>) -> core::fmt::Result {\n    |                           ^^^^ can't find crate\n    |\n    = note: the `aarch64-unknown-none` target may not be installed\n    = help: consider downloading the target with `rustup target add aarch64-unknown-none`\n    = help: consider building the standard library from source with `cargo build -Zbuild-std`\n\n","error[E0463]: can't find crate for `core`\n   --> /home/runner/.cargo/registry/src/index.crates.io-6f17d22bba15001f/fdt-0.1.5/src/lib.rs:104:56\n    |\n104 |     fn fmt(&self, f: &mut core::fmt::Formatter<'_>) -> core::fmt::Result {\n    |                                                        ^^^^ can't find crate\n    |\n    = note: the `aarch64-unknown-none` target may not be installed\n    = help: consider downloading the target with `rustup target add aarch64-unknown-none`\n    = help: consider building the standard library from source with `cargo build -Zbuild-std`\n\n","error[E0463]: can't find crate for `core`\n   --> /home/runner/.cargo/registry/src/index.crates.io-6f17d22bba15001f/fdt-0.1.5/src/lib.rs:146:31\n    |\n146 |     fn struct_range(&self) -> core::ops::Range<usize> {\n    |                               ^^^^ can't find crate\n    |\n    = note: the `aarch64-unknown-none` target may not be installed\n    = help: consider downloading the target with `rustup target add aarch64-unknown-none`\n    = help: consider building the standard library from source with `cargo build -Zbuild-std`\n\n","error[E0463]: can't find crate for `core`\n   --> /home/runner/.cargo/registry/src/index.crates.io-6f17d22bba15001f/fdt-0.1.5/src/lib.rs:153:32\n    |\n153 |     fn strings_range(&self) -> core::ops::Range<usize> {\n    |                                ^^^^ can't find crate\n    |\n    = note: the `aarch64-unknown-none` target may not be installed\n    = help: consider downloading the target with `rustup target add aarch64-unknown-none`\n    = help: consider building the standard library from source with `cargo build -Zbuild-std`\n\n","error[E0463]: can't find crate for `core`\n   --> /home/runner/.cargo/registry/src/index.crates.io-6f17d22bba15001f/fdt-0.1.5/src/lib.rs:205:26\n    |\n205 |         let tmp_header = core::slice::from_raw_parts(ptr, core::mem::size_of::<FdtHeader>());\n    |                          ^^^^ can't find crate\n    |\n    = note: the `aarch64-unknown-none` target may not be installed\n    = help: consider downloading the target with `rustup target add aarch64-unknown-none`\n    = help: consider building the standard library from source with `cargo build -Zbuild-std`\n\n","error[E0463]: can't find crate for `core`\n   --> /home/runner/.cargo/registry/src/index.crates.io-6f17d22bba15001f/fdt-0.1.5/src/lib.rs:205:59\n    |\n205 |         let tmp_header = core::slice::from_raw_parts(ptr, core::mem::size_of::<FdtHeader>());\n    |                                                           ^^^^ can't find crate\n    |\n    = note: the `aarch64-unknown-none` target may not be installed\n    = help: consider downloading the target with `rustup target add aarch64-unknown-none`\n    = help: consider building the standard library from source with `cargo build -Zbuild-std`\n\n","error[E0463]: can't find crate for `core`\n   --> /home/runner/.cargo/registry/src/index.crates.io-6f17d22bba15001f/fdt-0.1.5/src/lib.rs:209:19\n    |\n209 |         Self::new(core::slice::from_raw_parts(ptr, real_size))\n    |                   ^^^^ can't find crate\n    |\n    = note: the `aarch64-unknown-none` target may not be installed\n    = help: consider downloading the target with `rustup target add aarch64-unknown-none`\n    = help: consider building the standard library from source with `cargo build -Zbuild-std`\n\n","error[E0463]: can't find crate for `core`\n   --> /home/runner/.cargo/registry/src/index.crates.io-6f17d22bba15001f/fdt-0.1.5/src/lib.rs:247:9\n    |\n247 |         core::iter::from_fn(move || {\n    |         ^^^^ can't find crate\n    |\n    = note: the `aarch64-unknown-none` target may not be installed\n    = help: consider downloading the target with `rustup target add aarch64-unknown-none`\n    = help: consider building the standard library from source with `cargo build -Zbuild-std`\n\n","error[E0463]: can't find crate for `core`\n   --> /home/runner/.cargo/registry/src/index.crates.io-6f17d22bba15001f/fdt-0.1.5/src/lib.rs:349:9\n    |\n349 |         core::iter::from_fn(move || {\n    |         ^^^^ can't find crate\n    |\n    = note: the `aarch64-unknown-none` target may not be installed\n    = help: consider downloading the target with `rustup target add aarch64-unknown-none`\n    = help: consider building the standard library from source with `cargo build -Zbuild-std`\n\n","error[E0463]: can't find crate for `core`\n   --> /home/runner/.cargo/registry/src/index.crates.io-6f17d22bba15001f/fdt-0.1.5/src/lib.rs:382:9\n    |\n382 |         core::iter::from_fn(move || {\n    |         ^^^^ can't find crate\n    |\n    = note: the `aarch64-unknown-none` target may not be installed\n    = help: consider downloading the target with `rustup target add aarch64-unknown-none`\n    = help: consider building the standard library from source with `cargo build -Zbuild-std`\n\n","error[E0412]: cannot find type `Option` in this scope\n   --> /home/runner/.cargo/registry/src/index.crates.io-6f17d22bba15001f/fdt-0.1.5/src/lib.rs:160:47\n    |\n160 |     fn from_bytes(bytes: &mut FdtData<'_>) -> Option<Self> {\n    |                                               ^^^^^^ not found in this scope\n\n","error[E0412]: cannot find type `Result` in this scope\n   --> /home/runner/.cargo/registry/src/index.crates.io-6f17d22bba15001f/fdt-0.1.5/src/lib.rs:181:35\n    |\n181 |     pub fn new(data: &'a [u8]) -> Result<Self, FdtError> {\n    |                                   ^^^^^^ not found in this scope\n\n","error[E0412]: cannot find type `Result` in this scope\n   --> /home/runner/.cargo/registry/src/index.crates.io-6f17d22bba15001f/fdt-0.1.5/src/lib.rs:200:47\n    |\n200 |     pub unsafe fn from_ptr(ptr: *const u8) -> Result<Self, FdtError> {\n    |                                               ^^^^^^ not found in this scope\n\n","error[E0412]: cannot find type `Option` in this scope\n   --> /home/runner/.cargo/registry/src/index.crates.io-6f17d22bba15001f/fdt-0.1.5/src/lib.rs:213:30\n    |\n213 |     pub fn aliases(&self) -> Option<Aliases<'_, 'a>> {\n    |                              ^^^^^^ not found in this scope\n\n","error[E0425]: cannot find value `None` in this scope\n   --> /home/runner/.cargo/registry/src/index.crates.io-6f17d22bba15001f/fdt-0.1.5/src/lib.rs:215:94\n    |\n215 |             node: node::find_node(&mut FdtData::new(self.structs_block()), \"/aliases\", self, None)?,\n    |                                                                                              ^^^^ not found in this scope\n\n","error[E0425]: cannot find value `None` in this scope\n   --> /home/runner/.cargo/registry/src/index.crates.io-6f17d22bba15001f/fdt-0.1.5/src/lib.rs:222:83\n    |\n222 |         node::find_node(&mut FdtData::new(self.structs_block()), \"/chosen\", self, None)\n    |                                                                                   ^^^^ not found in this scope\n\n","error[E0405]: cannot find trait `Iterator` in this scope\n   --> /home/runner/.cargo/registry/src/index.crates.io-6f17d22bba15001f/fdt-0.1.5/src/lib.rs:228:32\n    |\n228 |     pub fn cpus(&self) -> impl Iterator<Item = Cpu<'_, 'a>> {\n    |                                ^^^^^^^^ not found in this scope\n\n","error[E0405]: cannot find trait `Iterator` in this scope\n   --> /home/runner/.cargo/registry/src/index.crates.io-6f17d22bba15001f/fdt-0.1.5/src/lib.rs:243:47\n    |\n243 |     pub fn memory_reservations(&self) -> impl Iterator<Item = MemoryReservation> + 'a {\n    |                                               ^^^^^^^^ not found in this scope\n\n","error[E0425]: cannot find value `None` in this scope\n   --> /home/runner/.cargo/registry/src/index.crates.io-6f17d22bba15001f/fdt-0.1.5/src/lib.rs:249:24\n    |\n249 |                 return None;\n    |                        ^^^^ help: a local variable with a similar name exists: `done`\n\n","error[E0425]: cannot find value `None` in this scope\n   --> /home/runner/.cargo/registry/src/index.crates.io-6f17d22bba15001f/fdt-0.1.5/src/lib.rs:256:24\n    |\n256 |                 return None;\n    |                        ^^^^ help: a local variable with a similar name exists: `done`\n\n","error[E0412]: cannot find type `Option` in this scope\n   --> /home/runner/.cargo/registry/src/index.crates.io-6f17d22bba15001f/fdt-0.1.5/src/lib.rs:279:44\n    |\n279 |     pub fn find_node(&self, path: &str) -> Option<node::FdtNode<'_, 'a>> {\n    |                                            ^^^^^^ not found in this scope\n\n","error[E0425]: cannot find value `None` in this scope\n   --> /home/runner/.cargo/registry/src/index.crates.io-6f17d22bba15001f/fdt-0.1.5/src/lib.rs:280:89\n    |\n280 |         let node = node::find_node(&mut FdtData::new(self.structs_block()), path, self, None);\n    |                                                                                         ^^^^ not found in this scope\n\n","error[E0412]: cannot find type `Option` in this scope\n   --> /home/runner/.cargo/registry/src/index.crates.io-6f17d22bba15001f/fdt-0.1.5/src/lib.rs:286:53\n    |\n286 |     pub fn find_compatible(&self, with: &[&str]) -> Option<node::FdtNode<'_, 'a>> {\n    |                                                     ^^^^^^ not found in this scope\n\n","error[E0412]: cannot find type `Option` in this scope\n   --> /home/runner/.cargo/registry/src/index.crates.io-6f17d22bba15001f/fdt-0.1.5/src/lib.rs:293:49\n    |\n293 |     pub fn find_phandle(&self, phandle: u32) -> Option<node::FdtNode<'_, 'a>> {\n    |                                                 ^^^^^^ not found in this scope\n\n","error[E0405]: cannot find trait `Iterator` in this scope\n   --> /home/runner/.cargo/registry/src/index.crates.io-6f17d22bba15001f/fdt-0.1.5/src/lib.rs:329:57\n    |\n329 |     pub fn find_all_nodes(&self, path: &'a str) -> impl Iterator<Item = node::FdtNode<'_, 'a>> {\n    |                                                         ^^^^^^^^ not found in this scope\n\n","error[E0531]: cannot find tuple struct or tuple variant `Some` in this scope\n   --> /home/runner/.cargo/registry/src/index.crates.io-6f17d22bba15001f/fdt-0.1.5/src/lib.rs:337:13\n    |\n337 |             Some(\"\") => Some(self.root().node),\n    |             ^^^^ not found in this scope\n\n","error[E0531]: cannot find tuple struct or tuple variant `Some` in this scope\n   --> /home/runner/.cargo/registry/src/index.crates.io-6f17d22bba15001f/fdt-0.1.5/src/lib.rs:338:13\n    |\n338 |             Some(s) => node::find_node(&mut FdtData::new(self.structs_block()), s, self, None),\n    |             ^^^^ not found in this scope\n\n","error[E0425]: cannot find value `None` in this scope\n   --> /home/runner/.cargo/registry/src/index.crates.io-6f17d22bba15001f/fdt-0.1.5/src/lib.rs:338:90\n    |\n338 |             Some(s) => node::find_node(&mut FdtData::new(self.structs_block()), s, self, None),\n    |                                                                                          ^^^^ help: a local variable with a similar name exists: `done`\n\n","error[E0531]: cannot find tuple struct or tuple variant `Some` in this scope\n   --> /home/runner/.cargo/registry/src/index.crates.io-6f17d22bba15001f/fdt-0.1.5/src/lib.rs:343:13\n    |\n343 |             Some(parent) => (parent, false),\n    |             ^^^^ not found in this scope\n\n","error[E0425]: cannot find value `None` in this scope\n   --> /home/runner/.cargo/registry/src/index.crates.io-6f17d22bba15001f/fdt-0.1.5/src/lib.rs:351:24\n    |\n351 |                 return None;\n    |                        ^^^^ help: a local variable with a similar name exists: `done`\n\n","error[E0425]: cannot find value `None` in this scope\n   --> /home/runner/.cargo/registry/src/index.crates.io-6f17d22bba15001f/fdt-0.1.5/src/lib.rs:359:27\n    |\n359 |             let mut ret = None;\n    |                           ^^^^ help: a local variable with a similar name exists: `done`\n\n","error[E0531]: cannot find tuple struct or tuple variant `Some` in this scope\n   --> /home/runner/.cargo/registry/src/index.crates.io-6f17d22bba15001f/fdt-0.1.5/src/lib.rs:362:23\n    |\n362 |             while let Some(child) = child_iter.next() {\n    |                       ^^^^ not found in this scope\n\n","error[E0405]: cannot find trait `Iterator` in this scope\n   --> /home/runner/.cargo/registry/src/index.crates.io-6f17d22bba15001f/fdt-0.1.5/src/lib.rs:374:37\n    |\n374 |     pub fn all_nodes(&self) -> impl Iterator<Item = node::FdtNode<'_, 'a>> {\n    |                                     ^^^^^^^^ not found in this scope\n\n","error[E0405]: cannot find trait `Iterator` in this scope\n   --> /home/runner/.cargo/registry/src/index.crates.io-6f17d22bba15001f/fdt-0.1.5/src/lib.rs:379:35\n    |\n379 |     pub fn strings(&self) -> impl Iterator<Item = &'a str> {\n    |                                   ^^^^^^^^ not found in this scope\n\n","error[E0425]: cannot find value `None` in this scope\n   --> /home/runner/.cargo/registry/src/index.crates.io-6f17d22bba15001f/fdt-0.1.5/src/lib.rs:384:24\n    |\n384 |                 return None;\n    |                        ^^^^ not found in this scope\n\n","error[E0425]: cannot find function, tuple struct or tuple variant `Ok` in this scope\n   --> /home/runner/.cargo/registry/src/index.crates.io-6f17d22bba15001f/fdt-0.1.5/src/lib.rs:111:9\n    |\n111 |         Ok(())\n    |         ^^ not found in this scope\n\n","error[E0425]: cannot find function, tuple struct or tuple variant `Some` in this scope\n   --> /home/runner/.cargo/registry/src/index.crates.io-6f17d22bba15001f/fdt-0.1.5/src/lib.rs:161:9\n    |\n161 |         Some(Self {\n    |         ^^^^ not found in this scope\n\n","error[E0425]: cannot find function, tuple struct or tuple variant `Err` in this scope\n   --> /home/runner/.cargo/registry/src/index.crates.io-6f17d22bba15001f/fdt-0.1.5/src/lib.rs:186:20\n    |\n186 |             return Err(FdtError::BadMagic);\n    |                    ^^^ not found in this scope\n\n","error[E0425]: cannot find function, tuple struct or tuple variant `Err` in this scope\n   --> /home/runner/.cargo/registry/src/index.crates.io-6f17d22bba15001f/fdt-0.1.5/src/lib.rs:188:20\n    |\n188 |             return Err(FdtError::BufferTooSmall);\n    |                    ^^^ not found in this scope\n\n","error[E0425]: cannot find function, tuple struct or tuple variant `Ok` in this scope\n   --> /home/runner/.cargo/registry/src/index.crates.io-6f17d22bba15001f/fdt-0.1.5/src/lib.rs:191:9\n    |\n191 |         Ok(Self { data, header })\n    |         ^^ not found in this scope\n\n","error[E0425]: cannot find function, tuple struct or tuple variant `Err` in this scope\n   --> /home/runner/.cargo/registry/src/index.crates.io-6f17d22bba15001f/fdt-0.1.5/src/lib.rs:202:20\n    |\n202 |             return Err(FdtError::BadPtr);\n    |                    ^^^ not found in this scope\n\n","error[E0425]: cannot find function, tuple struct or tuple variant `Some` in this scope\n   --> /home/runner/.cargo/registry/src/index.crates.io-6f17d22bba15001f/fdt-0.1.5/src/lib.rs:214:9\n    |\n214 |         Some(Aliases {\n    |         ^^^^ not found in this scope\n\n","error[E0425]: cannot find function, tuple struct or tuple variant `Some` in this scope\n   --> /home/runner/.cargo/registry/src/index.crates.io-6f17d22bba15001f/fdt-0.1.5/src/lib.rs:259:13\n    |\n259 |             Some(res)\n    |             ^^^^ not found in this scope\n\n","error[E0425]: cannot find function, tuple struct or tuple variant `Some` in this scope\n   --> /home/runner/.cargo/registry/src/index.crates.io-6f17d22bba15001f/fdt-0.1.5/src/lib.rs:297:31\n    |\n297 |                 .and_then(|p| Some(BigEndianU32::from_bytes(p.value)?.get() == phandle))\n    |                               ^^^^ not found in this scope\n\n","error[E0425]: cannot find function, tuple struct or tuple variant `Some` in this scope\n   --> /home/runner/.cargo/registry/src/index.crates.io-6f17d22bba15001f/fdt-0.1.5/src/lib.rs:337:25\n    |\n337 |             Some(\"\") => Some(self.root().node),\n    |                         ^^^^ not found in this scope\n\n","error[E0425]: cannot find function, tuple struct or tuple variant `Some` in this scope\n   --> /home/runner/.cargo/registry/src/index.crates.io-6f17d22bba15001f/fdt-0.1.5/src/lib.rs:364:27\n    |\n364 |                     ret = Some(child);\n    |                           ^^^^ not found in this scope\n\n"]}},{"file":"/home/runner/.cargo/registry/src/index.crates.io-6f17d22bba15001f/fdt-0.1.5/src/standard_nodes.rs","count":48,"kinds":{"Clippy(Error)":["error: cannot find attribute `derive` in this scope\n   --> /home/runner/.cargo/registry/src/index.crates.io-6f17d22bba15001f/fdt-0.1.5/src/standard_nodes.rs:294:3\n    |\n294 | #[derive(Debug, Clone, Copy, PartialEq)]\n    |   ^^^^^^\n\n","error: cannot find attribute `derive` in this scope\n   --> /home/runner/.cargo/registry/src/index.crates.io-6f17d22bba15001f/fdt-0.1.5/src/standard_nodes.rs:282:3\n    |\n282 | #[derive(Debug, Clone, Copy, PartialEq)]\n    |   ^^^^^^\n\n","error: cannot find attribute `derive` in this scope\n   --> /home/runner/.cargo/registry/src/index.crates.io-6f17d22bba15001f/fdt-0.1.5/src/standard_nodes.rs:248:3\n    |\n248 | #[derive(Debug, Clone, Copy)]\n    |   ^^^^^^\n\n","error: cannot find attribute `derive` in this scope\n   --> /home/runner/.cargo/registry/src/index.crates.io-6f17d22bba15001f/fdt-0.1.5/src/standard_nodes.rs:210:3\n    |\n210 | #[derive(Clone, Copy)]\n    |   ^^^^^^\n\n","error: cannot find macro `panic` in this scope\n   --> /home/runner/.cargo/registry/src/index.crates.io-6f17d22bba15001f/fdt-0.1.5/src/standard_nodes.rs:203:22\n    |\n203 |                 n => panic!(\"address-cells of size {} is currently not supported\", n),\n    |                      ^^^^^\n\n","error: cannot find macro `panic` in this scope\n   --> /home/runner/.cargo/registry/src/index.crates.io-6f17d22bba15001f/fdt-0.1.5/src/standard_nodes.rs:191:18\n    |\n191 |             n => panic!(\"address-cells of size {} is currently not supported\", n),\n    |                  ^^^^^\n\n","error: cannot find attribute `derive` in this scope\n   --> /home/runner/.cargo/registry/src/index.crates.io-6f17d22bba15001f/fdt-0.1.5/src/standard_nodes.rs:179:3\n    |\n179 | #[derive(Debug, Clone, Copy)]\n    |   ^^^^^^\n\n","error: cannot find macro `unreachable` in this scope\n   --> /home/runner/.cargo/registry/src/index.crates.io-6f17d22bba15001f/fdt-0.1.5/src/standard_nodes.rs:161:22\n    |\n161 |                 _ => unreachable!(),\n    |                      ^^^^^^^^^^^\n\n","error: cannot find macro `unreachable` in this scope\n   --> /home/runner/.cargo/registry/src/index.crates.io-6f17d22bba15001f/fdt-0.1.5/src/standard_nodes.rs:147:22\n    |\n147 |                 _ => unreachable!(),\n    |                      ^^^^^^^^^^^\n\n","error: cannot find attribute `derive` in this scope\n   --> /home/runner/.cargo/registry/src/index.crates.io-6f17d22bba15001f/fdt-0.1.5/src/standard_nodes.rs:117:3\n    |\n117 | #[derive(Debug, Clone, Copy)]\n    |   ^^^^^^\n\n","error: cannot find attribute `derive` in this scope\n  --> /home/runner/.cargo/registry/src/index.crates.io-6f17d22bba15001f/fdt-0.1.5/src/standard_nodes.rs:88:3\n   |\n88 | #[derive(Debug, Clone, Copy)]\n   |   ^^^^^^\n\n","error: cannot find attribute `derive` in this scope\n  --> /home/runner/.cargo/registry/src/index.crates.io-6f17d22bba15001f/fdt-0.1.5/src/standard_nodes.rs:51:3\n   |\n51 | #[derive(Debug, Clone, Copy)]\n   |   ^^^^^^\n\n","error: cannot find attribute `derive` in this scope\n  --> /home/runner/.cargo/registry/src/index.crates.io-6f17d22bba15001f/fdt-0.1.5/src/standard_nodes.rs:12:3\n   |\n12 | #[derive(Debug, Clone, Copy)]\n   |   ^^^^^^\n\n","error[E0463]: can't find crate for `core`\n  --> /home/runner/.cargo/registry/src/index.crates.io-6f17d22bba15001f/fdt-0.1.5/src/standard_nodes.rs:23:27\n   |\n23 |             .and_then(|n| core::str::from_utf8(&n.value[..n.value.len() - 1]).ok())\n   |                           ^^^^ can't find crate\n   |\n   = note: the `aarch64-unknown-none` target may not be installed\n   = help: consider downloading the target with `rustup target add aarch64-unknown-none`\n   = help: consider building the standard library from source with `cargo build -Zbuild-std`\n\n","error[E0463]: can't find crate for `core`\n  --> /home/runner/.cargo/registry/src/index.crates.io-6f17d22bba15001f/fdt-0.1.5/src/standard_nodes.rs:32:27\n   |\n32 |             .and_then(|n| core::str::from_utf8(&n.value[..n.value.len() - 1]).ok())\n   |                           ^^^^ can't find crate\n   |\n   = note: the `aarch64-unknown-none` target may not be installed\n   = help: consider downloading the target with `rustup target add aarch64-unknown-none`\n   = help: consider building the standard library from source with `cargo build -Zbuild-std`\n\n","error[E0463]: can't find crate for `core`\n  --> /home/runner/.cargo/registry/src/index.crates.io-6f17d22bba15001f/fdt-0.1.5/src/standard_nodes.rs:44:27\n   |\n44 |             .and_then(|n| core::str::from_utf8(&n.value[..n.value.len() - 1]).ok())\n   |                           ^^^^ can't find crate\n   |\n   = note: the `aarch64-unknown-none` target may not be installed\n   = help: consider downloading the target with `rustup target add aarch64-unknown-none`\n   = help: consider building the standard library from source with `cargo build -Zbuild-std`\n\n","error[E0463]: can't find crate for `core`\n  --> /home/runner/.cargo/registry/src/index.crates.io-6f17d22bba15001f/fdt-0.1.5/src/standard_nodes.rs:67:27\n   |\n67 |             .and_then(|p| core::str::from_utf8(p.value).map(|s| s.trim_end_matches('\\0')).ok())\n   |                           ^^^^ can't find crate\n   |\n   = note: the `aarch64-unknown-none` target may not be installed\n   = help: consider downloading the target with `rustup target add aarch64-unknown-none`\n   = help: consider building the standard library from source with `cargo build -Zbuild-std`\n\n","error[E0463]: can't find crate for `core`\n   --> /home/runner/.cargo/registry/src/index.crates.io-6f17d22bba15001f/fdt-0.1.5/src/standard_nodes.rs:100:27\n    |\n100 |             .and_then(|p| core::str::from_utf8(p.value).map(|s| s.trim_end_matches('\\0')).ok())\n    |                           ^^^^ can't find crate\n    |\n    = note: the `aarch64-unknown-none` target may not be installed\n    = help: consider downloading the target with `rustup target add aarch64-unknown-none`\n    = help: consider building the standard library from source with `cargo build -Zbuild-std`\n\n","error[E0463]: can't find crate for `core`\n   --> /home/runner/.cargo/registry/src/index.crates.io-6f17d22bba15001f/fdt-0.1.5/src/standard_nodes.rs:111:27\n    |\n111 |             Some((p.name, core::str::from_utf8(p.value).map(|s| s.trim_end_matches('\\0')).ok()?))\n    |                           ^^^^ can't find crate\n    |\n    = note: the `aarch64-unknown-none` target may not be installed\n    = help: consider downloading the target with `rustup target add aarch64-unknown-none`\n    = help: consider building the standard library from source with `cargo build -Zbuild-std`\n\n","error[E0463]: can't find crate for `core`\n   --> /home/runner/.cargo/registry/src/index.crates.io-6f17d22bba15001f/fdt-0.1.5/src/standard_nodes.rs:198:9\n    |\n198 |         core::iter::from_fn(move || match vals.remaining() {\n    |         ^^^^ can't find crate\n    |\n    = note: the `aarch64-unknown-none` target may not be installed\n    = help: consider downloading the target with `rustup target add aarch64-unknown-none`\n    = help: consider building the standard library from source with `cargo build -Zbuild-std`\n\n","error[E0463]: can't find crate for `core`\n   --> /home/runner/.cargo/registry/src/index.crates.io-6f17d22bba15001f/fdt-0.1.5/src/standard_nodes.rs:224:9\n    |\n224 |         core::iter::from_fn(move || {\n    |         ^^^^ can't find crate\n    |\n    = note: the `aarch64-unknown-none` target may not be installed\n    = help: consider downloading the target with `rustup target add aarch64-unknown-none`\n    = help: consider building the standard library from source with `cargo build -Zbuild-std`\n\n","error[E0463]: can't find crate for `core`\n   --> /home/runner/.cargo/registry/src/index.crates.io-6f17d22bba15001f/fdt-0.1.5/src/standard_nodes.rs:231:36\n    |\n231 |                     let ret = Some(core::str::from_utf8(&data[..idx]).ok()?);\n    |                                    ^^^^ can't find crate\n    |\n    = note: the `aarch64-unknown-none` target may not be installed\n    = help: consider downloading the target with `rustup target add aarch64-unknown-none`\n    = help: consider building the standard library from source with `cargo build -Zbuild-std`\n\n","error[E0463]: can't find crate for `core`\n   --> /home/runner/.cargo/registry/src/index.crates.io-6f17d22bba15001f/fdt-0.1.5/src/standard_nodes.rs:237:36\n    |\n237 |                     let ret = Some(core::str::from_utf8(data).ok()?);\n    |                                    ^^^^ can't find crate\n    |\n    = note: the `aarch64-unknown-none` target may not be installed\n    = help: consider downloading the target with `rustup target add aarch64-unknown-none`\n    = help: consider building the standard library from source with `cargo build -Zbuild-std`\n\n","error[E0412]: cannot find type `Option` in this scope\n  --> /home/runner/.cargo/registry/src/index.crates.io-6f17d22bba15001f/fdt-0.1.5/src/standard_nodes.rs:19:30\n   |\n19 |     pub fn bootargs(self) -> Option<&'a str> {\n   |                              ^^^^^^ not found in this scope\n\n","error[E0412]: cannot find type `Option` in this scope\n  --> /home/runner/.cargo/registry/src/index.crates.io-6f17d22bba15001f/fdt-0.1.5/src/standard_nodes.rs:28:28\n   |\n28 |     pub fn stdout(self) -> Option<FdtNode<'b, 'a>> {\n   |                            ^^^^^^ not found in this scope\n\n","error[E0412]: cannot find type `Option` in this scope\n  --> /home/runner/.cargo/registry/src/index.crates.io-6f17d22bba15001f/fdt-0.1.5/src/standard_nodes.rs:40:27\n   |\n40 |     pub fn stdin(self) -> Option<FdtNode<'b, 'a>> {\n   |                           ^^^^^^ not found in this scope\n\n","error[E0405]: cannot find trait `Iterator` in this scope\n  --> /home/runner/.cargo/registry/src/index.crates.io-6f17d22bba15001f/fdt-0.1.5/src/standard_nodes.rs:77:37\n   |\n77 |     pub fn properties(self) -> impl Iterator<Item = NodeProperty<'a>> + 'b {\n   |                                     ^^^^^^^^ not found in this scope\n\n","error[E0412]: cannot find type `Option` in this scope\n  --> /home/runner/.cargo/registry/src/index.crates.io-6f17d22bba15001f/fdt-0.1.5/src/standard_nodes.rs:82:42\n   |\n82 |     pub fn property(self, name: &str) -> Option<NodeProperty<'a>> {\n   |                                          ^^^^^^ not found in this scope\n\n","error[E0412]: cannot find type `Option` in this scope\n  --> /home/runner/.cargo/registry/src/index.crates.io-6f17d22bba15001f/fdt-0.1.5/src/standard_nodes.rs:96:42\n   |\n96 |     pub fn resolve(self, alias: &str) -> Option<&'a str> {\n   |                                          ^^^^^^ not found in this scope\n\n","error[E0412]: cannot find type `Option` in this scope\n   --> /home/runner/.cargo/registry/src/index.crates.io-6f17d22bba15001f/fdt-0.1.5/src/standard_nodes.rs:104:47\n    |\n104 |     pub fn resolve_node(self, alias: &str) -> Option<FdtNode<'b, 'a>> {\n    |                                               ^^^^^^ not found in this scope\n\n","error[E0405]: cannot find trait `Iterator` in this scope\n   --> /home/runner/.cargo/registry/src/index.crates.io-6f17d22bba15001f/fdt-0.1.5/src/standard_nodes.rs:109:30\n    |\n109 |     pub fn all(self) -> impl Iterator<Item = (&'a str, &'a str)> + 'b {\n    |                              ^^^^^^^^ not found in this scope\n\n","error[E0405]: cannot find trait `Iterator` in this scope\n   --> /home/runner/.cargo/registry/src/index.crates.io-6f17d22bba15001f/fdt-0.1.5/src/standard_nodes.rs:167:37\n    |\n167 |     pub fn properties(self) -> impl Iterator<Item = NodeProperty<'a>> + 'b {\n    |                                     ^^^^^^^^ not found in this scope\n\n","error[E0412]: cannot find type `Option` in this scope\n   --> /home/runner/.cargo/registry/src/index.crates.io-6f17d22bba15001f/fdt-0.1.5/src/standard_nodes.rs:172:42\n    |\n172 |     pub fn property(self, name: &str) -> Option<NodeProperty<'a>> {\n    |                                          ^^^^^^ not found in this scope\n\n","error[E0405]: cannot find trait `Iterator` in this scope\n   --> /home/runner/.cargo/registry/src/index.crates.io-6f17d22bba15001f/fdt-0.1.5/src/standard_nodes.rs:196:30\n    |\n196 |     pub fn all(self) -> impl Iterator<Item = usize> + 'a {\n    |                              ^^^^^^^^ not found in this scope\n\n","error[E0425]: cannot find value `None` in this scope\n   --> /home/runner/.cargo/registry/src/index.crates.io-6f17d22bba15001f/fdt-0.1.5/src/standard_nodes.rs:199:19\n    |\n199 |             [] => None,\n    |                   ^^^^ not found in this scope\n\n","error[E0405]: cannot find trait `Iterator` in this scope\n   --> /home/runner/.cargo/registry/src/index.crates.io-6f17d22bba15001f/fdt-0.1.5/src/standard_nodes.rs:222:30\n    |\n222 |     pub fn all(self) -> impl Iterator<Item = &'a str> {\n    |                              ^^^^^^^^ not found in this scope\n\n","error[E0425]: cannot find value `None` in this scope\n   --> /home/runner/.cargo/registry/src/index.crates.io-6f17d22bba15001f/fdt-0.1.5/src/standard_nodes.rs:226:24\n    |\n226 |                 return None;\n    |                        ^^^^ not found in this scope\n\n","error[E0531]: cannot find tuple struct or tuple variant `Some` in this scope\n   --> /home/runner/.cargo/registry/src/index.crates.io-6f17d22bba15001f/fdt-0.1.5/src/standard_nodes.rs:230:17\n    |\n230 |                 Some(idx) => {\n    |                 ^^^^ not found in this scope\n\n","error[E0405]: cannot find trait `Iterator` in this scope\n   --> /home/runner/.cargo/registry/src/index.crates.io-6f17d22bba15001f/fdt-0.1.5/src/standard_nodes.rs:255:35\n    |\n255 |     pub fn regions(&self) -> impl Iterator<Item = MemoryRegion> + '_ {\n    |                                   ^^^^^^^^ not found in this scope\n\n","error[E0412]: cannot find type `Option` in this scope\n   --> /home/runner/.cargo/registry/src/index.crates.io-6f17d22bba15001f/fdt-0.1.5/src/standard_nodes.rs:260:42\n    |\n260 |     pub fn initial_mapped_area(&self) -> Option<MappedArea> {\n    |                                          ^^^^^^ not found in this scope\n\n","error[E0425]: cannot find value `None` in this scope\n   --> /home/runner/.cargo/registry/src/index.crates.io-6f17d22bba15001f/fdt-0.1.5/src/standard_nodes.rs:261:31\n    |\n261 |         let mut mapped_area = None;\n    |                               ^^^^ not found in this scope\n\n","error[E0531]: cannot find tuple struct or tuple variant `Some` in this scope\n   --> /home/runner/.cargo/registry/src/index.crates.io-6f17d22bba15001f/fdt-0.1.5/src/standard_nodes.rs:263:16\n    |\n263 |         if let Some(init_mapped_area) = self.node.property(\"initial_mapped_area\") {\n    |                ^^^^ not found in this scope\n\n","error[E0412]: cannot find type `Option` in this scope\n   --> /home/runner/.cargo/registry/src/index.crates.io-6f17d22bba15001f/fdt-0.1.5/src/standard_nodes.rs:299:15\n    |\n299 |     pub size: Option<usize>,\n    |               ^^^^^^ not found in this scope\n\n","error[E0425]: cannot find function, tuple struct or tuple variant `Some` in this scope\n   --> /home/runner/.cargo/registry/src/index.crates.io-6f17d22bba15001f/fdt-0.1.5/src/standard_nodes.rs:111:13\n    |\n111 |             Some((p.name, core::str::from_utf8(p.value).map(|s| s.trim_end_matches('\\0')).ok()?))\n    |             ^^^^ not found in this scope\n\n","error[E0425]: cannot find function, tuple struct or tuple variant `Some` in this scope\n   --> /home/runner/.cargo/registry/src/index.crates.io-6f17d22bba15001f/fdt-0.1.5/src/standard_nodes.rs:200:18\n    |\n200 |             _ => Some(match self.address_cells {\n    |                  ^^^^ not found in this scope\n\n","error[E0425]: cannot find function, tuple struct or tuple variant `Some` in this scope\n   --> /home/runner/.cargo/registry/src/index.crates.io-6f17d22bba15001f/fdt-0.1.5/src/standard_nodes.rs:231:31\n    |\n231 |                     let ret = Some(core::str::from_utf8(&data[..idx]).ok()?);\n    |                               ^^^^ not found in this scope\n\n","error[E0425]: cannot find function, tuple struct or tuple variant `Some` in this scope\n   --> /home/runner/.cargo/registry/src/index.crates.io-6f17d22bba15001f/fdt-0.1.5/src/standard_nodes.rs:237:31\n    |\n237 |                     let ret = Some(core::str::from_utf8(data).ok()?);\n    |                               ^^^^ not found in this scope\n\n","error[E0425]: cannot find function, tuple struct or tuple variant `Some` in this scope\n   --> /home/runner/.cargo/registry/src/index.crates.io-6f17d22bba15001f/fdt-0.1.5/src/standard_nodes.rs:269:27\n    |\n269 |             mapped_area = Some(MappedArea {\n    |                           ^^^^ not found in this scope\n\n"]}},{"file":"src/utils/mutex_no_irq.rs","count":27,"kinds":{"Clippy(Warn)":["warning: unsafe function's docs miss `# Safety` section\n  --> src/utils/mutex_no_irq.rs:59:5\n   |\n59 |     pub unsafe fn force_unlock(&self) {\n   |     ^^^^^^^^^^^^^^^^^^^^^^^^^^^^^^^^^\n   |\n   = help: for further information visit https://rust-lang.github.io/rust-clippy/master/index.html#missing_safety_doc\n\n","warning: the following explicit lifetimes could be elided: 'b\n  --> src/utils/mutex_no_irq.rs:87:14\n   |\n87 |     fn deref<'b>(&'b self) -> &'b T {\n   |              ^^   ^^           ^^\n   |\n   = help: for further information visit https://rust-lang.github.io/rust-clippy/master/index.html#needless_lifetimes\n   = note: `#[warn(clippy::needless_lifetimes)]` on by default\nhelp: elide the lifetimes\n   |\n87 -     fn deref<'b>(&'b self) -> &'b T {\n87 +     fn deref(&self) -> &T {\n   |\n\n","warning: the following explicit lifetimes could be elided: 'b\n  --> src/utils/mutex_no_irq.rs:87:14\n   |\n87 |     fn deref<'b>(&'b self) -> &'b T {\n   |              ^^   ^^           ^^\n   |\n   = help: for further information visit https://rust-lang.github.io/rust-clippy/master/index.html#needless_lifetimes\n   = note: `#[warn(clippy::needless_lifetimes)]` on by default\nhelp: elide the lifetimes\n   |\n87 -     fn deref<'b>(&'b self) -> &'b T {\n87 +     fn deref(&self) -> &T {\n   |\n\n","warning: the following explicit lifetimes could be elided: 'b\n  --> src/utils/mutex_no_irq.rs:87:14\n   |\n87 |     fn deref<'b>(&'b self) -> &'b T {\n   |              ^^   ^^           ^^\n   |\n   = help: for further information visit https://rust-lang.github.io/rust-clippy/master/index.html#needless_lifetimes\n   = note: `#[warn(clippy::needless_lifetimes)]` on by default\nhelp: elide the lifetimes\n   |\n87 -     fn deref<'b>(&'b self) -> &'b T {\n87 +     fn deref(&self) -> &T {\n   |\n\n","warning: deref which would be done by auto-deref\n  --> src/utils/mutex_no_irq.rs:88:9\n   |\n88 |         &*(self.guard)\n   |         ^^^^^^^^^^^^^^ help: try: `&(self.guard)`\n   |\n   = help: for further information visit https://rust-lang.github.io/rust-clippy/master/index.html#explicit_auto_deref\n   = note: `#[warn(clippy::explicit_auto_deref)]` on by default\n\n","warning: the following explicit lifetimes could be elided: 'b\n  --> src/utils/mutex_no_irq.rs:93:18\n   |\n93 |     fn deref_mut<'b>(&'b mut self) -> &'b mut T {\n   |                  ^^   ^^               ^^\n   |\n   = help: for further information visit https://rust-lang.github.io/rust-clippy/master/index.html#needless_lifetimes\nhelp: elide the lifetimes\n   |\n93 -     fn deref_mut<'b>(&'b mut self) -> &'b mut T {\n93 +     fn deref_mut(&mut self) -> &mut T {\n   |\n\n","warning: the following explicit lifetimes could be elided: 'b\n  --> src/utils/mutex_no_irq.rs:93:18\n   |\n93 |     fn deref_mut<'b>(&'b mut self) -> &'b mut T {\n   |                  ^^   ^^               ^^\n   |\n   = help: for further information visit https://rust-lang.github.io/rust-clippy/master/index.html#needless_lifetimes\nhelp: elide the lifetimes\n   |\n93 -     fn deref_mut<'b>(&'b mut self) -> &'b mut T {\n93 +     fn deref_mut(&mut self) -> &mut T {\n   |\n\n","warning: the following explicit lifetimes could be elided: 'b\n  --> src/utils/mutex_no_irq.rs:93:18\n   |\n93 |     fn deref_mut<'b>(&'b mut self) -> &'b mut T {\n   |                  ^^   ^^               ^^\n   |\n   = help: for further information visit https://rust-lang.github.io/rust-clippy/master/index.html#needless_lifetimes\nhelp: elide the lifetimes\n   |\n93 -     fn deref_mut<'b>(&'b mut self) -> &'b mut T {\n93 +     fn deref_mut(&mut self) -> &mut T {\n   |\n\n","warning: deref which would be done by auto-deref\n  --> src/utils/mutex_no_irq.rs:94:9\n   |\n94 |         &mut *(self.guard)\n   |         ^^^^^^^^^^^^^^^^^^ help: try: `&mut (self.guard)`\n   |\n   = help: for further information visit https://rust-lang.github.io/rust-clippy/master/index.html#explicit_auto_deref\n\n","warning: unsafe function's docs miss `# Safety` section\n  --> src/utils/mutex_no_irq.rs:59:5\n   |\n59 |     pub unsafe fn force_unlock(&self) {\n   |     ^^^^^^^^^^^^^^^^^^^^^^^^^^^^^^^^^\n   |\n   = help: for further information visit https://rust-lang.github.io/rust-clippy/master/index.html#missing_safety_doc\n\n","warning: the following explicit lifetimes could be elided: 'b\n  --> src/utils/mutex_no_irq.rs:87:14\n   |\n87 |     fn deref<'b>(&'b self) -> &'b T {\n   |              ^^   ^^           ^^\n   |\n   = help: for further information visit https://rust-lang.github.io/rust-clippy/master/index.html#needless_lifetimes\n   = note: `#[warn(clippy::needless_lifetimes)]` on by default\nhelp: elide the lifetimes\n   |\n87 -     fn deref<'b>(&'b self) -> &'b T {\n87 +     fn deref(&self) -> &T {\n   |\n\n","warning: the following explicit lifetimes could be elided: 'b\n  --> src/utils/mutex_no_irq.rs:87:14\n   |\n87 |     fn deref<'b>(&'b self) -> &'b T {\n   |              ^^   ^^           ^^\n   |\n   = help: for further information visit https://rust-lang.github.io/rust-clippy/master/index.html#needless_lifetimes\n   = note: `#[warn(clippy::needless_lifetimes)]` on by default\nhelp: elide the lifetimes\n   |\n87 -     fn deref<'b>(&'b self) -> &'b T {\n87 +     fn deref(&self) -> &T {\n   |\n\n","warning: the following explicit lifetimes could be elided: 'b\n  --> src/utils/mutex_no_irq.rs:87:14\n   |\n87 |     fn deref<'b>(&'b self) -> &'b T {\n   |              ^^   ^^           ^^\n   |\n   = help: for further information visit https://rust-lang.github.io/rust-clippy/master/index.html#needless_lifetimes\n   = note: `#[warn(clippy::needless_lifetimes)]` on by default\nhelp: elide the lifetimes\n   |\n87 -     fn deref<'b>(&'b self) -> &'b T {\n87 +     fn deref(&self) -> &T {\n   |\n\n","warning: deref which would be done by auto-deref\n  --> src/utils/mutex_no_irq.rs:88:9\n   |\n88 |         &*(self.guard)\n   |         ^^^^^^^^^^^^^^ help: try: `&(self.guard)`\n   |\n   = help: for further information visit https://rust-lang.github.io/rust-clippy/master/index.html#explicit_auto_deref\n   = note: `#[warn(clippy::explicit_auto_deref)]` on by default\n\n","warning: the following explicit lifetimes could be elided: 'b\n  --> src/utils/mutex_no_irq.rs:93:18\n   |\n93 |     fn deref_mut<'b>(&'b mut self) -> &'b mut T {\n   |                  ^^   ^^               ^^\n   |\n   = help: for further information visit https://rust-lang.github.io/rust-clippy/master/index.html#needless_lifetimes\nhelp: elide the lifetimes\n   |\n93 -     fn deref_mut<'b>(&'b mut self) -> &'b mut T {\n93 +     fn deref_mut(&mut self) -> &mut T {\n   |\n\n","warning: the following explicit lifetimes could be elided: 'b\n  --> src/utils/mutex_no_irq.rs:93:18\n   |\n93 |     fn deref_mut<'b>(&'b mut self) -> &'b mut T {\n   |                  ^^   ^^               ^^\n   |\n   = help: for further information visit https://rust-lang.github.io/rust-clippy/master/index.html#needless_lifetimes\nhelp: elide the lifetimes\n   |\n93 -     fn deref_mut<'b>(&'b mut self) -> &'b mut T {\n93 +     fn deref_mut(&mut self) -> &mut T {\n   |\n\n","warning: the following explicit lifetimes could be elided: 'b\n  --> src/utils/mutex_no_irq.rs:93:18\n   |\n93 |     fn deref_mut<'b>(&'b mut self) -> &'b mut T {\n   |                  ^^   ^^               ^^\n   |\n   = help: for further information visit https://rust-lang.github.io/rust-clippy/master/index.html#needless_lifetimes\nhelp: elide the lifetimes\n   |\n93 -     fn deref_mut<'b>(&'b mut self) -> &'b mut T {\n93 +     fn deref_mut(&mut self) -> &mut T {\n   |\n\n","warning: deref which would be done by auto-deref\n  --> src/utils/mutex_no_irq.rs:94:9\n   |\n94 |         &mut *(self.guard)\n   |         ^^^^^^^^^^^^^^^^^^ help: try: `&mut (self.guard)`\n   |\n   = help: for further information visit https://rust-lang.github.io/rust-clippy/master/index.html#explicit_auto_deref\n\n","warning: unsafe function's docs miss `# Safety` section\n  --> src/utils/mutex_no_irq.rs:59:5\n   |\n59 |     pub unsafe fn force_unlock(&self) {\n   |     ^^^^^^^^^^^^^^^^^^^^^^^^^^^^^^^^^\n   |\n   = help: for further information visit https://rust-lang.github.io/rust-clippy/master/index.html#missing_safety_doc\n\n","warning: the following explicit lifetimes could be elided: 'b\n  --> src/utils/mutex_no_irq.rs:87:14\n   |\n87 |     fn deref<'b>(&'b self) -> &'b T {\n   |              ^^   ^^           ^^\n   |\n   = help: for further information visit https://rust-lang.github.io/rust-clippy/master/index.html#needless_lifetimes\n   = note: `#[warn(clippy::needless_lifetimes)]` on by default\nhelp: elide the lifetimes\n   |\n87 -     fn deref<'b>(&'b self) -> &'b T {\n87 +     fn deref(&self) -> &T {\n   |\n\n","warning: the following explicit lifetimes could be elided: 'b\n  --> src/utils/mutex_no_irq.rs:87:14\n   |\n87 |     fn deref<'b>(&'b self) -> &'b T {\n   |              ^^   ^^           ^^\n   |\n   = help: for further information visit https://rust-lang.github.io/rust-clippy/master/index.html#needless_lifetimes\n   = note: `#[warn(clippy::needless_lifetimes)]` on by default\nhelp: elide the lifetimes\n   |\n87 -     fn deref<'b>(&'b self) -> &'b T {\n87 +     fn deref(&self) -> &T {\n   |\n\n","warning: the following explicit lifetimes could be elided: 'b\n  --> src/utils/mutex_no_irq.rs:87:14\n   |\n87 |     fn deref<'b>(&'b self) -> &'b T {\n   |              ^^   ^^           ^^\n   |\n   = help: for further information visit https://rust-lang.github.io/rust-clippy/master/index.html#needless_lifetimes\n   = note: `#[warn(clippy::needless_lifetimes)]` on by default\nhelp: elide the lifetimes\n   |\n87 -     fn deref<'b>(&'b self) -> &'b T {\n87 +     fn deref(&self) -> &T {\n   |\n\n","warning: deref which would be done by auto-deref\n  --> src/utils/mutex_no_irq.rs:88:9\n   |\n88 |         &*(self.guard)\n   |         ^^^^^^^^^^^^^^ help: try: `&(self.guard)`\n   |\n   = help: for further information visit https://rust-lang.github.io/rust-clippy/master/index.html#explicit_auto_deref\n   = note: `#[warn(clippy::explicit_auto_deref)]` on by default\n\n","warning: the following explicit lifetimes could be elided: 'b\n  --> src/utils/mutex_no_irq.rs:93:18\n   |\n93 |     fn deref_mut<'b>(&'b mut self) -> &'b mut T {\n   |                  ^^   ^^               ^^\n   |\n   = help: for further information visit https://rust-lang.github.io/rust-clippy/master/index.html#needless_lifetimes\nhelp: elide the lifetimes\n   |\n93 -     fn deref_mut<'b>(&'b mut self) -> &'b mut T {\n93 +     fn deref_mut(&mut self) -> &mut T {\n   |\n\n","warning: the following explicit lifetimes could be elided: 'b\n  --> src/utils/mutex_no_irq.rs:93:18\n   |\n93 |     fn deref_mut<'b>(&'b mut self) -> &'b mut T {\n   |                  ^^   ^^               ^^\n   |\n   = help: for further information visit https://rust-lang.github.io/rust-clippy/master/index.html#needless_lifetimes\nhelp: elide the lifetimes\n   |\n93 -     fn deref_mut<'b>(&'b mut self) -> &'b mut T {\n93 +     fn deref_mut(&mut self) -> &mut T {\n   |\n\n","warning: the following explicit lifetimes could be elided: 'b\n  --> src/utils/mutex_no_irq.rs:93:18\n   |\n93 |     fn deref_mut<'b>(&'b mut self) -> &'b mut T {\n   |                  ^^   ^^               ^^\n   |\n   = help: for further information visit https://rust-lang.github.io/rust-clippy/master/index.html#needless_lifetimes\nhelp: elide the lifetimes\n   |\n93 -     fn deref_mut<'b>(&'b mut self) -> &'b mut T {\n93 +     fn deref_mut(&mut self) -> &mut T {\n   |\n\n","warning: deref which would be done by auto-deref\n  --> src/utils/mutex_no_irq.rs:94:9\n   |\n94 |         &mut *(self.guard)\n   |         ^^^^^^^^^^^^^^^^^^ help: try: `&mut (self.guard)`\n   |\n   = help: for further information visit https://rust-lang.github.io/rust-clippy/master/index.html#explicit_auto_deref\n\n"]}},{"file":"/home/runner/.cargo/registry/src/index.crates.io-6f17d22bba15001f/fdt-0.1.5/src/parsing.rs","count":21,"kinds":{"Clippy(Error)":["error[E0463]: can't find crate for `core`\n --> /home/runner/.cargo/registry/src/index.crates.io-6f17d22bba15001f/fdt-0.1.5/src/parsing.rs:5:5\n  |\n5 | use core::convert::TryInto;\n  |     ^^^^ can't find crate\n  |\n  = note: the `aarch64-unknown-none` target may not be installed\n  = help: consider downloading the target with `rustup target add aarch64-unknown-none`\n  = help: consider building the standard library from source with `cargo build -Zbuild-std`\n\n","error: cannot find attribute `derive` in this scope\n  --> /home/runner/.cargo/registry/src/index.crates.io-6f17d22bba15001f/fdt-0.1.5/src/parsing.rs:52:3\n   |\n52 | #[derive(Debug, Clone, Copy)]\n   |   ^^^^^^\n\n","error: cannot find attribute `derive` in this scope\n  --> /home/runner/.cargo/registry/src/index.crates.io-6f17d22bba15001f/fdt-0.1.5/src/parsing.rs:38:3\n   |\n38 | #[derive(Debug, Clone, Copy)]\n   |   ^^^^^^\n\n","error: cannot find attribute `derive` in this scope\n  --> /home/runner/.cargo/registry/src/index.crates.io-6f17d22bba15001f/fdt-0.1.5/src/parsing.rs:24:3\n   |\n24 | #[derive(Debug, Clone, Copy)]\n   |   ^^^^^^\n\n","error[E0463]: can't find crate for `core`\n  --> /home/runner/.cargo/registry/src/index.crates.io-6f17d22bba15001f/fdt-0.1.5/src/parsing.rs:20:9\n   |\n20 |         core::str::from_utf8(self.0).ok()\n   |         ^^^^ can't find crate\n   |\n   = note: the `aarch64-unknown-none` target may not be installed\n   = help: consider downloading the target with `rustup target add aarch64-unknown-none`\n   = help: consider building the standard library from source with `cargo build -Zbuild-std`\n\n","error[E0412]: cannot find type `Option` in this scope\n --> /home/runner/.cargo/registry/src/index.crates.io-6f17d22bba15001f/fdt-0.1.5/src/parsing.rs:9:35\n  |\n9 |     pub fn new(data: &'a [u8]) -> Option<Self> {\n  |                                   ^^^^^^ not found in this scope\n\n","error[E0412]: cannot find type `Option` in this scope\n  --> /home/runner/.cargo/registry/src/index.crates.io-6f17d22bba15001f/fdt-0.1.5/src/parsing.rs:19:29\n   |\n19 |     pub fn as_str(&self) -> Option<&'a str> {\n   |                             ^^^^^^ not found in this scope\n\n","error[E0412]: cannot find type `Option` in this scope\n  --> /home/runner/.cargo/registry/src/index.crates.io-6f17d22bba15001f/fdt-0.1.5/src/parsing.rs:33:47\n   |\n33 |     pub(crate) fn from_bytes(bytes: &[u8]) -> Option<Self> {\n   |                                               ^^^^^^ not found in this scope\n\n","error[E0412]: cannot find type `Option` in this scope\n  --> /home/runner/.cargo/registry/src/index.crates.io-6f17d22bba15001f/fdt-0.1.5/src/parsing.rs:47:47\n   |\n47 |     pub(crate) fn from_bytes(bytes: &[u8]) -> Option<Self> {\n   |                                               ^^^^^^ not found in this scope\n\n","error[E0412]: cannot find type `Option` in this scope\n  --> /home/runner/.cargo/registry/src/index.crates.io-6f17d22bba15001f/fdt-0.1.5/src/parsing.rs:62:30\n   |\n62 |     pub fn u32(&mut self) -> Option<BigEndianU32> {\n   |                              ^^^^^^ not found in this scope\n\n","error[E0412]: cannot find type `Option` in this scope\n  --> /home/runner/.cargo/registry/src/index.crates.io-6f17d22bba15001f/fdt-0.1.5/src/parsing.rs:69:30\n   |\n69 |     pub fn u64(&mut self) -> Option<BigEndianU64> {\n   |                              ^^^^^^ not found in this scope\n\n","error[E0412]: cannot find type `Option` in this scope\n  --> /home/runner/.cargo/registry/src/index.crates.io-6f17d22bba15001f/fdt-0.1.5/src/parsing.rs:84:31\n   |\n84 |     pub fn peek_u32(&self) -> Option<BigEndianU32> {\n   |                               ^^^^^^ not found in this scope\n\n","error[E0531]: cannot find tuple struct or tuple variant `Some` in this scope\n  --> /home/runner/.cargo/registry/src/index.crates.io-6f17d22bba15001f/fdt-0.1.5/src/parsing.rs:93:19\n   |\n93 |         while let Some(crate::node::FDT_NOP) = self.peek_u32().map(|n| n.get()) {\n   |                   ^^^^ not found in this scope\n\n","error[E0412]: cannot find type `Option` in this scope\n  --> /home/runner/.cargo/registry/src/index.crates.io-6f17d22bba15001f/fdt-0.1.5/src/parsing.rs:98:45\n   |\n98 |     pub fn take(&mut self, bytes: usize) -> Option<&'a [u8]> {\n   |                                             ^^^^^^ not found in this scope\n\n","error[E0425]: cannot find value `None` in this scope\n   --> /home/runner/.cargo/registry/src/index.crates.io-6f17d22bba15001f/fdt-0.1.5/src/parsing.rs:106:9\n    |\n106 |         None\n    |         ^^^^ not found in this scope\n\n","error[E0425]: cannot find function, tuple struct or tuple variant `Some` in this scope\n  --> /home/runner/.cargo/registry/src/index.crates.io-6f17d22bba15001f/fdt-0.1.5/src/parsing.rs:11:9\n   |\n11 |         Some(Self(&data[..end]))\n   |         ^^^^ not found in this scope\n\n","error[E0425]: cannot find function, tuple struct or tuple variant `Some` in this scope\n  --> /home/runner/.cargo/registry/src/index.crates.io-6f17d22bba15001f/fdt-0.1.5/src/parsing.rs:34:9\n   |\n34 |         Some(BigEndianU32(u32::from_be_bytes(bytes.get(..4)?.try_into().unwrap())))\n   |         ^^^^ not found in this scope\n\n","error[E0425]: cannot find function, tuple struct or tuple variant `Some` in this scope\n  --> /home/runner/.cargo/registry/src/index.crates.io-6f17d22bba15001f/fdt-0.1.5/src/parsing.rs:48:9\n   |\n48 |         Some(BigEndianU64(u64::from_be_bytes(bytes.get(..8)?.try_into().unwrap())))\n   |         ^^^^ not found in this scope\n\n","error[E0425]: cannot find function, tuple struct or tuple variant `Some` in this scope\n  --> /home/runner/.cargo/registry/src/index.crates.io-6f17d22bba15001f/fdt-0.1.5/src/parsing.rs:66:9\n   |\n66 |         Some(ret)\n   |         ^^^^ not found in this scope\n\n","error[E0425]: cannot find function, tuple struct or tuple variant `Some` in this scope\n  --> /home/runner/.cargo/registry/src/index.crates.io-6f17d22bba15001f/fdt-0.1.5/src/parsing.rs:73:9\n   |\n73 |         Some(ret)\n   |         ^^^^ not found in this scope\n\n","error[E0425]: cannot find function, tuple struct or tuple variant `Some` in this scope\n   --> /home/runner/.cargo/registry/src/index.crates.io-6f17d22bba15001f/fdt-0.1.5/src/parsing.rs:103:20\n    |\n103 |             return Some(ret);\n    |                    ^^^^ not found in this scope\n\n"]}},{"file":"/home/runner/.cargo/registry/src/index.crates.io-6f17d22bba15001f/scopeguard-1.2.0/src/lib.rs","count":16,"kinds":{"Clippy(Error)":["error[E0463]: can't find crate for `core`\n  |\n  = note: the `aarch64-unknown-none` target may not be installed\n  = help: consider downloading the target with `rustup target add aarch64-unknown-none`\n  = help: consider building the standard library from source with `cargo build -Zbuild-std`\n\n","error[E0463]: can't find crate for `compiler_builtins`\n\n","error[E0463]: can't find crate for `core`\n   --> /home/runner/.cargo/registry/src/index.crates.io-6f17d22bba15001f/scopeguard-1.2.0/src/lib.rs:192:1\n    |\n192 | extern crate core as std;\n    | ^^^^^^^^^^^^^^^^^^^^^^^^^ can't find crate\n    |\n    = note: the `aarch64-unknown-none` target may not be installed\n    = help: consider downloading the target with `rustup target add aarch64-unknown-none`\n    = help: consider building the standard library from source with `cargo build -Zbuild-std`\n\n","error: cannot find macro `stringify` in this scope\n   --> /home/runner/.cargo/registry/src/index.crates.io-6f17d22bba15001f/scopeguard-1.2.0/src/lib.rs:487:24\n    |\n487 |         f.debug_struct(stringify!(ScopeGuard))\n    |                        ^^^^^^^^^\n\n","error: cannot find attribute `derive` in this scope\n   --> /home/runner/.cargo/registry/src/index.crates.io-6f17d22bba15001f/scopeguard-1.2.0/src/lib.rs:212:3\n    |\n212 | #[derive(Debug)]\n    |   ^^^^^^\n\n","error[E0405]: cannot find trait `FnOnce` in this scope\n   --> /home/runner/.cargo/registry/src/index.crates.io-6f17d22bba15001f/scopeguard-1.2.0/src/lib.rs:306:8\n    |\n306 |     F: FnOnce(T),\n    |        ^^^^^^ not found in this scope\n\n","error[E0405]: cannot find trait `FnOnce` in this scope\n   --> /home/runner/.cargo/registry/src/index.crates.io-6f17d22bba15001f/scopeguard-1.2.0/src/lib.rs:317:8\n    |\n317 |     F: FnOnce(T),\n    |        ^^^^^^ not found in this scope\n\n","error[E0405]: cannot find trait `FnOnce` in this scope\n   --> /home/runner/.cargo/registry/src/index.crates.io-6f17d22bba15001f/scopeguard-1.2.0/src/lib.rs:377:8\n    |\n377 |     F: FnOnce(T),\n    |        ^^^^^^ not found in this scope\n\n","error[E0405]: cannot find trait `Sync` in this scope\n   --> /home/runner/.cargo/registry/src/index.crates.io-6f17d22bba15001f/scopeguard-1.2.0/src/lib.rs:435:22\n    |\n435 | unsafe impl<T, F, S> Sync for ScopeGuard<T, F, S>\n    |                      ^^^^ not found in this scope\n\n","error[E0405]: cannot find trait `Sync` in this scope\n   --> /home/runner/.cargo/registry/src/index.crates.io-6f17d22bba15001f/scopeguard-1.2.0/src/lib.rs:437:8\n    |\n437 |     T: Sync,\n    |        ^^^^ not found in this scope\n\n","error[E0405]: cannot find trait `FnOnce` in this scope\n   --> /home/runner/.cargo/registry/src/index.crates.io-6f17d22bba15001f/scopeguard-1.2.0/src/lib.rs:438:8\n    |\n438 |     F: FnOnce(T),\n    |        ^^^^^^ not found in this scope\n\n","error[E0405]: cannot find trait `FnOnce` in this scope\n   --> /home/runner/.cargo/registry/src/index.crates.io-6f17d22bba15001f/scopeguard-1.2.0/src/lib.rs:445:8\n    |\n445 |     F: FnOnce(T),\n    |        ^^^^^^ not found in this scope\n\n","error[E0405]: cannot find trait `FnOnce` in this scope\n   --> /home/runner/.cargo/registry/src/index.crates.io-6f17d22bba15001f/scopeguard-1.2.0/src/lib.rs:457:8\n    |\n457 |     F: FnOnce(T),\n    |        ^^^^^^ not found in this scope\n\n","error[E0405]: cannot find trait `Drop` in this scope\n   --> /home/runner/.cargo/registry/src/index.crates.io-6f17d22bba15001f/scopeguard-1.2.0/src/lib.rs:465:15\n    |\n465 | impl<T, F, S> Drop for ScopeGuard<T, F, S>\n    |               ^^^^ not found in this scope\n\n","error[E0405]: cannot find trait `FnOnce` in this scope\n   --> /home/runner/.cargo/registry/src/index.crates.io-6f17d22bba15001f/scopeguard-1.2.0/src/lib.rs:467:8\n    |\n467 |     F: FnOnce(T),\n    |        ^^^^^^ not found in this scope\n\n","error[E0405]: cannot find trait `FnOnce` in this scope\n   --> /home/runner/.cargo/registry/src/index.crates.io-6f17d22bba15001f/scopeguard-1.2.0/src/lib.rs:483:8\n    |\n483 |     F: FnOnce(T),\n    |        ^^^^^^ not found in this scope\n\n"]}},{"file":"/home/runner/.cargo/registry/src/index.crates.io-6f17d22bba15001f/tock-registers-0.8.1/src/fields.rs","count":13,"kinds":{"Clippy(Error)":["error[E0463]: can't find crate for `core`\n  --> /home/runner/.cargo/registry/src/index.crates.io-6f17d22bba15001f/tock-registers-0.8.1/src/fields.rs:68:5\n   |\n68 | use core::marker::PhantomData;\n   |     ^^^^ can't find crate\n   |\n   = note: the `aarch64-unknown-none` target may not be installed\n   = help: consider downloading the target with `rustup target add aarch64-unknown-none`\n   = help: consider building the standard library from source with `cargo build -Zbuild-std`\n\n","error[E0463]: can't find crate for `core`\n  --> /home/runner/.cargo/registry/src/index.crates.io-6f17d22bba15001f/tock-registers-0.8.1/src/fields.rs:69:5\n   |\n69 | use core::ops::{Add, AddAssign};\n   |     ^^^^ can't find crate\n   |\n   = note: the `aarch64-unknown-none` target may not be installed\n   = help: consider downloading the target with `rustup target add aarch64-unknown-none`\n   = help: consider building the standard library from source with `cargo build -Zbuild-std`\n\n","error: cannot find attribute `derive` in this scope\n   --> /home/runner/.cargo/registry/src/index.crates.io-6f17d22bba15001f/tock-registers-0.8.1/src/fields.rs:193:3\n    |\n193 | #[derive(Copy, Clone)]\n    |   ^^^^^^\n\n","error[E0412]: cannot find type `Option` in this scope\n   --> /home/runner/.cargo/registry/src/index.crates.io-6f17d22bba15001f/tock-registers-0.8.1/src/fields.rs:140:76\n    |\n140 |     pub fn read_as_enum<E: TryFromValue<T, EnumType = E>>(self, val: T) -> Option<E> {\n    |                                                                            ^^^^^^ not found in this scope\n\n","error[E0405]: cannot find trait `Clone` in this scope\n   --> /home/runner/.cargo/registry/src/index.crates.io-6f17d22bba15001f/tock-registers-0.8.1/src/fields.rs:161:40\n    |\n161 | impl<T: UIntLike, R: RegisterLongName> Clone for Field<T, R> {\n    |                                        ^^^^^ not found in this scope\n\n","error[E0405]: cannot find trait `Copy` in this scope\n   --> /home/runner/.cargo/registry/src/index.crates.io-6f17d22bba15001f/tock-registers-0.8.1/src/fields.rs:170:40\n    |\n170 | impl<T: UIntLike, R: RegisterLongName> Copy for Field<T, R> {}\n    |                                        ^^^^ not found in this scope\n\n","error[E0405]: cannot find trait `From` in this scope\n   --> /home/runner/.cargo/registry/src/index.crates.io-6f17d22bba15001f/tock-registers-0.8.1/src/fields.rs:217:35\n    |\n217 |         impl<R: RegisterLongName> From<FieldValue<$type, R>> for $type {\n    |                                   ^^^^ not found in this scope\n...\n225 | FieldValue_impl_for!(u8);\n    | ------------------------ in this macro invocation\n    |\n    = note: this error originates in the macro `FieldValue_impl_for` (in Nightly builds, run with -Z macro-backtrace for more info)\n\n","error[E0405]: cannot find trait `From` in this scope\n   --> /home/runner/.cargo/registry/src/index.crates.io-6f17d22bba15001f/tock-registers-0.8.1/src/fields.rs:217:35\n    |\n217 |         impl<R: RegisterLongName> From<FieldValue<$type, R>> for $type {\n    |                                   ^^^^ not found in this scope\n...\n226 | FieldValue_impl_for!(u16);\n    | ------------------------- in this macro invocation\n    |\n    = note: this error originates in the macro `FieldValue_impl_for` (in Nightly builds, run with -Z macro-backtrace for more info)\n\n","error[E0405]: cannot find trait `From` in this scope\n   --> /home/runner/.cargo/registry/src/index.crates.io-6f17d22bba15001f/tock-registers-0.8.1/src/fields.rs:217:35\n    |\n217 |         impl<R: RegisterLongName> From<FieldValue<$type, R>> for $type {\n    |                                   ^^^^ not found in this scope\n...\n227 | FieldValue_impl_for!(u32);\n    | ------------------------- in this macro invocation\n    |\n    = note: this error originates in the macro `FieldValue_impl_for` (in Nightly builds, run with -Z macro-backtrace for more info)\n\n","error[E0405]: cannot find trait `From` in this scope\n   --> /home/runner/.cargo/registry/src/index.crates.io-6f17d22bba15001f/tock-registers-0.8.1/src/fields.rs:217:35\n    |\n217 |         impl<R: RegisterLongName> From<FieldValue<$type, R>> for $type {\n    |                                   ^^^^ not found in this scope\n...\n228 | FieldValue_impl_for!(u64);\n    | ------------------------- in this macro invocation\n    |\n    = note: this error originates in the macro `FieldValue_impl_for` (in Nightly builds, run with -Z macro-backtrace for more info)\n\n","error[E0405]: cannot find trait `From` in this scope\n   --> /home/runner/.cargo/registry/src/index.crates.io-6f17d22bba15001f/tock-registers-0.8.1/src/fields.rs:217:35\n    |\n217 |         impl<R: RegisterLongName> From<FieldValue<$type, R>> for $type {\n    |                                   ^^^^ not found in this scope\n...\n229 | FieldValue_impl_for!(u128);\n    | -------------------------- in this macro invocation\n    |\n    = note: this error originates in the macro `FieldValue_impl_for` (in Nightly builds, run with -Z macro-backtrace for more info)\n\n","error[E0405]: cannot find trait `From` in this scope\n   --> /home/runner/.cargo/registry/src/index.crates.io-6f17d22bba15001f/tock-registers-0.8.1/src/fields.rs:217:35\n    |\n217 |         impl<R: RegisterLongName> From<FieldValue<$type, R>> for $type {\n    |                                   ^^^^ not found in this scope\n...\n230 | FieldValue_impl_for!(usize);\n    | --------------------------- in this macro invocation\n    |\n    = note: this error originates in the macro `FieldValue_impl_for` (in Nightly builds, run with -Z macro-backtrace for more info)\n\n","error[E0412]: cannot find type `Option` in this scope\n   --> /home/runner/.cargo/registry/src/index.crates.io-6f17d22bba15001f/tock-registers-0.8.1/src/fields.rs:300:32\n    |\n300 |     fn try_from_value(v: V) -> Option<Self::EnumType>;\n    |                                ^^^^^^ not found in this scope\n\n"]}},{"file":"/home/runner/.cargo/registry/src/index.crates.io-6f17d22bba15001f/tock-registers-0.8.1/src/local_register.rs","count":11,"kinds":{"Clippy(Error)":["error[E0463]: can't find crate for `core`\n --> /home/runner/.cargo/registry/src/index.crates.io-6f17d22bba15001f/tock-registers-0.8.1/src/local_register.rs:4:5\n  |\n4 | use core::fmt;\n  |     ^^^^ can't find crate\n  |\n  = note: the `aarch64-unknown-none` target may not be installed\n  = help: consider downloading the target with `rustup target add aarch64-unknown-none`\n  = help: consider building the standard library from source with `cargo build -Zbuild-std`\n\n","error[E0463]: can't find crate for `core`\n --> /home/runner/.cargo/registry/src/index.crates.io-6f17d22bba15001f/tock-registers-0.8.1/src/local_register.rs:5:5\n  |\n5 | use core::marker::PhantomData;\n  |     ^^^^ can't find crate\n  |\n  = note: the `aarch64-unknown-none` target may not be installed\n  = help: consider downloading the target with `rustup target add aarch64-unknown-none`\n  = help: consider building the standard library from source with `cargo build -Zbuild-std`\n\n","error: cannot find attribute `derive` in this scope\n  --> /home/runner/.cargo/registry/src/index.crates.io-6f17d22bba15001f/tock-registers-0.8.1/src/local_register.rs:30:3\n   |\n30 | #[derive(Copy, Clone)]\n   |   ^^^^^^\n\n","error: cannot find macro `write` in this scope\n   --> /home/runner/.cargo/registry/src/index.crates.io-6f17d22bba15001f/tock-registers-0.8.1/src/local_register.rs:108:9\n    |\n108 |         write!(f, \"{:?}\", self.value)\n    |         ^^^^^\n\n","error[E0412]: cannot find type `Option` in this scope\n  --> /home/runner/.cargo/registry/src/index.crates.io-6f17d22bba15001f/tock-registers-0.8.1/src/local_register.rs:64:89\n   |\n64 |     pub fn read_as_enum<E: TryFromValue<T, EnumType = E>>(&self, field: Field<T, R>) -> Option<E> {\n   |                                                                                         ^^^^^^ not found in this scope\n\n","error[E0405]: cannot find trait `From` in this scope\n   --> /home/runner/.cargo/registry/src/index.crates.io-6f17d22bba15001f/tock-registers-0.8.1/src/local_register.rs:116:35\n    |\n116 |         impl<R: RegisterLongName> From<LocalRegisterCopy<$type, R>> for $type {\n    |                                   ^^^^ not found in this scope\n...\n124 | From_impl_for!(u8);\n    | ------------------ in this macro invocation\n    |\n    = note: this error originates in the macro `From_impl_for` (in Nightly builds, run with -Z macro-backtrace for more info)\n\n","error[E0405]: cannot find trait `From` in this scope\n   --> /home/runner/.cargo/registry/src/index.crates.io-6f17d22bba15001f/tock-registers-0.8.1/src/local_register.rs:116:35\n    |\n116 |         impl<R: RegisterLongName> From<LocalRegisterCopy<$type, R>> for $type {\n    |                                   ^^^^ not found in this scope\n...\n125 | From_impl_for!(u16);\n    | ------------------- in this macro invocation\n    |\n    = note: this error originates in the macro `From_impl_for` (in Nightly builds, run with -Z macro-backtrace for more info)\n\n","error[E0405]: cannot find trait `From` in this scope\n   --> /home/runner/.cargo/registry/src/index.crates.io-6f17d22bba15001f/tock-registers-0.8.1/src/local_register.rs:116:35\n    |\n116 |         impl<R: RegisterLongName> From<LocalRegisterCopy<$type, R>> for $type {\n    |                                   ^^^^ not found in this scope\n...\n126 | From_impl_for!(u32);\n    | ------------------- in this macro invocation\n    |\n    = note: this error originates in the macro `From_impl_for` (in Nightly builds, run with -Z macro-backtrace for more info)\n\n","error[E0405]: cannot find trait `From` in this scope\n   --> /home/runner/.cargo/registry/src/index.crates.io-6f17d22bba15001f/tock-registers-0.8.1/src/local_register.rs:116:35\n    |\n116 |         impl<R: RegisterLongName> From<LocalRegisterCopy<$type, R>> for $type {\n    |                                   ^^^^ not found in this scope\n...\n127 | From_impl_for!(u64);\n    | ------------------- in this macro invocation\n    |\n    = note: this error originates in the macro `From_impl_for` (in Nightly builds, run with -Z macro-backtrace for more info)\n\n","error[E0405]: cannot find trait `From` in this scope\n   --> /home/runner/.cargo/registry/src/index.crates.io-6f17d22bba15001f/tock-registers-0.8.1/src/local_register.rs:116:35\n    |\n116 |         impl<R: RegisterLongName> From<LocalRegisterCopy<$type, R>> for $type {\n    |                                   ^^^^ not found in this scope\n...\n128 | From_impl_for!(u128);\n    | -------------------- in this macro invocation\n    |\n    = note: this error originates in the macro `From_impl_for` (in Nightly builds, run with -Z macro-backtrace for more info)\n\n","error[E0405]: cannot find trait `From` in this scope\n   --> /home/runner/.cargo/registry/src/index.crates.io-6f17d22bba15001f/tock-registers-0.8.1/src/local_register.rs:116:35\n    |\n116 |         impl<R: RegisterLongName> From<LocalRegisterCopy<$type, R>> for $type {\n    |                                   ^^^^ not found in this scope\n...\n129 | From_impl_for!(usize);\n    | --------------------- in this macro invocation\n    |\n    = note: this error originates in the macro `From_impl_for` (in Nightly builds, run with -Z macro-backtrace for more info)\n\n"]}},{"file":"/home/runner/.cargo/registry/src/index.crates.io-6f17d22bba15001f/tock-registers-0.8.1/src/registers.rs","count":10,"kinds":{"Clippy(Error)":["error[E0463]: can't find crate for `core`\n  --> /home/runner/.cargo/registry/src/index.crates.io-6f17d22bba15001f/tock-registers-0.8.1/src/registers.rs:19:5\n   |\n19 | use core::cell::UnsafeCell;\n   |     ^^^^ can't find crate\n   |\n   = note: the `aarch64-unknown-none` target may not be installed\n   = help: consider downloading the target with `rustup target add aarch64-unknown-none`\n   = help: consider building the standard library from source with `cargo build -Zbuild-std`\n\n","error[E0463]: can't find crate for `core`\n  --> /home/runner/.cargo/registry/src/index.crates.io-6f17d22bba15001f/tock-registers-0.8.1/src/registers.rs:20:5\n   |\n20 | use core::marker::PhantomData;\n   |     ^^^^ can't find crate\n   |\n   = note: the `aarch64-unknown-none` target may not be installed\n   = help: consider downloading the target with `rustup target add aarch64-unknown-none`\n   = help: consider building the standard library from source with `cargo build -Zbuild-std`\n\n","error[E0463]: can't find crate for `core`\n  --> /home/runner/.cargo/registry/src/index.crates.io-6f17d22bba15001f/tock-registers-0.8.1/src/registers.rs:44:20\n   |\n44 |         unsafe { ::core::ptr::read_volatile(self.value.get()) }\n   |                    ^^^^ can't find crate\n   |\n   = note: the `aarch64-unknown-none` target may not be installed\n   = help: consider downloading the target with `rustup target add aarch64-unknown-none`\n   = help: consider building the standard library from source with `cargo build -Zbuild-std`\n\n","error[E0463]: can't find crate for `core`\n  --> /home/runner/.cargo/registry/src/index.crates.io-6f17d22bba15001f/tock-registers-0.8.1/src/registers.rs:53:20\n   |\n53 |         unsafe { ::core::ptr::write_volatile(self.value.get(), value) }\n   |                    ^^^^ can't find crate\n   |\n   = note: the `aarch64-unknown-none` target may not be installed\n   = help: consider downloading the target with `rustup target add aarch64-unknown-none`\n   = help: consider building the standard library from source with `cargo build -Zbuild-std`\n\n","error[E0463]: can't find crate for `core`\n  --> /home/runner/.cargo/registry/src/index.crates.io-6f17d22bba15001f/tock-registers-0.8.1/src/registers.rs:74:20\n   |\n74 |         unsafe { ::core::ptr::read_volatile(&self.value) }\n   |                    ^^^^ can't find crate\n   |\n   = note: the `aarch64-unknown-none` target may not be installed\n   = help: consider downloading the target with `rustup target add aarch64-unknown-none`\n   = help: consider building the standard library from source with `cargo build -Zbuild-std`\n\n","error[E0463]: can't find crate for `core`\n  --> /home/runner/.cargo/registry/src/index.crates.io-6f17d22bba15001f/tock-registers-0.8.1/src/registers.rs:95:20\n   |\n95 |         unsafe { ::core::ptr::write_volatile(self.value.get(), value) }\n   |                    ^^^^ can't find crate\n   |\n   = note: the `aarch64-unknown-none` target may not be installed\n   = help: consider downloading the target with `rustup target add aarch64-unknown-none`\n   = help: consider building the standard library from source with `cargo build -Zbuild-std`\n\n","error[E0463]: can't find crate for `core`\n   --> /home/runner/.cargo/registry/src/index.crates.io-6f17d22bba15001f/tock-registers-0.8.1/src/registers.rs:125:20\n    |\n125 |         unsafe { ::core::ptr::read_volatile(self.value.get()) }\n    |                    ^^^^ can't find crate\n    |\n    = note: the `aarch64-unknown-none` target may not be installed\n    = help: consider downloading the target with `rustup target add aarch64-unknown-none`\n    = help: consider building the standard library from source with `cargo build -Zbuild-std`\n\n","error[E0463]: can't find crate for `core`\n   --> /home/runner/.cargo/registry/src/index.crates.io-6f17d22bba15001f/tock-registers-0.8.1/src/registers.rs:134:20\n    |\n134 |         unsafe { ::core::ptr::write_volatile(self.value.get(), value) }\n    |                    ^^^^ can't find crate\n    |\n    = note: the `aarch64-unknown-none` target may not be installed\n    = help: consider downloading the target with `rustup target add aarch64-unknown-none`\n    = help: consider building the standard library from source with `cargo build -Zbuild-std`\n\n","error[E0463]: can't find crate for `core`\n   --> /home/runner/.cargo/registry/src/index.crates.io-6f17d22bba15001f/tock-registers-0.8.1/src/registers.rs:170:20\n    |\n170 |         unsafe { ::core::ptr::read_volatile(self.value.get()) }\n    |                    ^^^^ can't find crate\n    |\n    = note: the `aarch64-unknown-none` target may not be installed\n    = help: consider downloading the target with `rustup target add aarch64-unknown-none`\n    = help: consider building the standard library from source with `cargo build -Zbuild-std`\n\n","error[E0463]: can't find crate for `core`\n   --> /home/runner/.cargo/registry/src/index.crates.io-6f17d22bba15001f/tock-registers-0.8.1/src/registers.rs:179:20\n    |\n179 |         unsafe { ::core::ptr::write_volatile(self.value.get(), value) }\n    |                    ^^^^ can't find crate\n    |\n    = note: the `aarch64-unknown-none` target may not be installed\n    = help: consider downloading the target with `rustup target add aarch64-unknown-none`\n    = help: consider building the standard library from source with `cargo build -Zbuild-std`\n\n"]}},{"file":"src/components/pagetable/mod.rs","count":9,"kinds":{"Clippy(Warn)":["warning: name `PTE` contains a capitalized acronym\n  --> src/components/pagetable/mod.rs:18:19\n   |\n18 | pub(crate) struct PTE(pub usize);\n   |                   ^^^ help: consider making the acronym lowercase, except the initial letter: `Pte`\n   |\n   = help: for further information visit https://rust-lang.github.io/rust-clippy/master/index.html#upper_case_acronyms\n   = note: `#[warn(clippy::upper_case_acronyms)]` on by default\n\n","warning: `assert!(true)` will be optimized out by the compiler\n  --> src/components/pagetable/mod.rs:52:9\n   |\n52 |         assert!(Self::PAGE_LEVEL >= 3, \"Just level >= 3 supported currently\");\n   |         ^^^^^^^^^^^^^^^^^^^^^^^^^^^^^^^^^^^^^^^^^^^^^^^^^^^^^^^^^^^^^^^^^^^^^\n   |\n   = help: remove it\n   = help: for further information visit https://rust-lang.github.io/rust-clippy/master/index.html#assertions_on_constants\n   = note: `#[warn(clippy::assertions_on_constants)]` on by default\n\n","warning: `assert!(true)` will be optimized out by the compiler\n   --> src/components/pagetable/mod.rs:105:9\n    |\n105 |         assert!(Self::PAGE_LEVEL >= 3, \"Just level >= 3 supported currently\");\n    |         ^^^^^^^^^^^^^^^^^^^^^^^^^^^^^^^^^^^^^^^^^^^^^^^^^^^^^^^^^^^^^^^^^^^^^\n    |\n    = help: remove it\n    = help: for further information visit https://rust-lang.github.io/rust-clippy/master/index.html#assertions_on_constants\n\n","warning: name `PTE` contains a capitalized acronym\n  --> src/components/pagetable/mod.rs:18:19\n   |\n18 | pub(crate) struct PTE(pub usize);\n   |                   ^^^ help: consider making the acronym lowercase, except the initial letter: `Pte`\n   |\n   = help: for further information visit https://rust-lang.github.io/rust-clippy/master/index.html#upper_case_acronyms\n   = note: `#[warn(clippy::upper_case_acronyms)]` on by default\n\n","warning: `assert!(true)` will be optimized out by the compiler\n  --> src/components/pagetable/mod.rs:52:9\n   |\n52 |         assert!(Self::PAGE_LEVEL >= 3, \"Just level >= 3 supported currently\");\n   |         ^^^^^^^^^^^^^^^^^^^^^^^^^^^^^^^^^^^^^^^^^^^^^^^^^^^^^^^^^^^^^^^^^^^^^\n   |\n   = help: remove it\n   = help: for further information visit https://rust-lang.github.io/rust-clippy/master/index.html#assertions_on_constants\n   = note: `#[warn(clippy::assertions_on_constants)]` on by default\n\n","warning: `assert!(true)` will be optimized out by the compiler\n   --> src/components/pagetable/mod.rs:105:9\n    |\n105 |         assert!(Self::PAGE_LEVEL >= 3, \"Just level >= 3 supported currently\");\n    |         ^^^^^^^^^^^^^^^^^^^^^^^^^^^^^^^^^^^^^^^^^^^^^^^^^^^^^^^^^^^^^^^^^^^^^\n    |\n    = help: remove it\n    = help: for further information visit https://rust-lang.github.io/rust-clippy/master/index.html#assertions_on_constants\n\n","warning: name `PTE` contains a capitalized acronym\n  --> src/components/pagetable/mod.rs:18:19\n   |\n18 | pub(crate) struct PTE(pub usize);\n   |                   ^^^ help: consider making the acronym lowercase, except the initial letter: `Pte`\n   |\n   = help: for further information visit https://rust-lang.github.io/rust-clippy/master/index.html#upper_case_acronyms\n   = note: `#[warn(clippy::upper_case_acronyms)]` on by default\n\n","warning: `assert!(true)` will be optimized out by the compiler\n  --> src/components/pagetable/mod.rs:52:9\n   |\n52 |         assert!(Self::PAGE_LEVEL >= 3, \"Just level >= 3 supported currently\");\n   |         ^^^^^^^^^^^^^^^^^^^^^^^^^^^^^^^^^^^^^^^^^^^^^^^^^^^^^^^^^^^^^^^^^^^^^\n   |\n   = help: remove it\n   = help: for further information visit https://rust-lang.github.io/rust-clippy/master/index.html#assertions_on_constants\n   = note: `#[warn(clippy::assertions_on_constants)]` on by default\n\n","warning: `assert!(true)` will be optimized out by the compiler\n   --> src/components/pagetable/mod.rs:105:9\n    |\n105 |         assert!(Self::PAGE_LEVEL >= 3, \"Just level >= 3 supported currently\");\n    |         ^^^^^^^^^^^^^^^^^^^^^^^^^^^^^^^^^^^^^^^^^^^^^^^^^^^^^^^^^^^^^^^^^^^^^\n    |\n    = help: remove it\n    = help: for further information visit https://rust-lang.github.io/rust-clippy/master/index.html#assertions_on_constants\n\n"]}},{"file":"src/time.rs","count":6,"kinds":{"Clippy(Warn)":["warning: digits grouped inconsistently by underscores\n  --> src/time.rs:52:18\n   |\n52 |         self.0 * 1000_000 / Self::get_freq()\n   |                  ^^^^^^^^ help: consider: `1_000_000`\n   |\n   = help: for further information visit https://rust-lang.github.io/rust-clippy/master/index.html#inconsistent_digit_grouping\n   = note: `#[warn(clippy::inconsistent_digit_grouping)]` on by default\n\n","warning: digits grouped inconsistently by underscores\n  --> src/time.rs:58:18\n   |\n58 |         self.0 * 1000_000_000 / Self::get_freq()\n   |                  ^^^^^^^^^^^^ help: consider: `1_000_000_000`\n   |\n   = help: for further information visit https://rust-lang.github.io/rust-clippy/master/index.html#inconsistent_digit_grouping\n\n","warning: digits grouped inconsistently by underscores\n  --> src/time.rs:52:18\n   |\n52 |         self.0 * 1000_000 / Self::get_freq()\n   |                  ^^^^^^^^ help: consider: `1_000_000`\n   |\n   = help: for further information visit https://rust-lang.github.io/rust-clippy/master/index.html#inconsistent_digit_grouping\n\n","warning: digits grouped inconsistently by underscores\n  --> src/time.rs:58:18\n   |\n58 |         self.0 * 1000_000_000 / Self::get_freq()\n   |                  ^^^^^^^^^^^^ help: consider: `1_000_000_000`\n   |\n   = help: for further information visit https://rust-lang.github.io/rust-clippy/master/index.html#inconsistent_digit_grouping\n\n","warning: digits grouped inconsistently by underscores\n  --> src/time.rs:52:18\n   |\n52 |         self.0 * 1000_000 / Self::get_freq()\n   |                  ^^^^^^^^ help: consider: `1_000_000`\n   |\n   = help: for further information visit https://rust-lang.github.io/rust-clippy/master/index.html#inconsistent_digit_grouping\n   = note: `#[warn(clippy::inconsistent_digit_grouping)]` on by default\n\n","warning: digits grouped inconsistently by underscores\n  --> src/time.rs:58:18\n   |\n58 |         self.0 * 1000_000_000 / Self::get_freq()\n   |                  ^^^^^^^^^^^^ help: consider: `1_000_000_000`\n   |\n   = help: for further information visit https://rust-lang.github.io/rust-clippy/master/index.html#inconsistent_digit_grouping\n\n"]}},{"file":"/home/runner/.cargo/registry/src/index.crates.io-6f17d22bba15001f/tock-registers-0.8.1/src/lib.rs","count":6,"kinds":{"Clippy(Error)":["error[E0463]: can't find crate for `core`\n  |\n  = note: the `aarch64-unknown-none` target may not be installed\n  = help: consider downloading the target with `rustup target add aarch64-unknown-none`\n  = help: consider building the standard library from source with `cargo build -Zbuild-std`\n\n","error[E0463]: can't find crate for `compiler_builtins`\n\n","error[E0463]: can't find crate for `core`\n  --> /home/runner/.cargo/registry/src/index.crates.io-6f17d22bba15001f/tock-registers-0.8.1/src/lib.rs:71:5\n   |\n71 | use core::ops::{BitAnd, BitOr, BitOrAssign, Not, Shl, Shr};\n   |     ^^^^ can't find crate\n   |\n   = note: the `aarch64-unknown-none` target may not be installed\n   = help: consider downloading the target with `rustup target add aarch64-unknown-none`\n   = help: consider building the standard library from source with `cargo build -Zbuild-std`\n\n","error[E0405]: cannot find trait `Eq` in this scope\n  --> /home/runner/.cargo/registry/src/index.crates.io-6f17d22bba15001f/tock-registers-0.8.1/src/lib.rs:87:7\n   |\n87 |     + Eq\n   |       ^^ not found in this scope\n\n","error[E0405]: cannot find trait `Copy` in this scope\n  --> /home/runner/.cargo/registry/src/index.crates.io-6f17d22bba15001f/tock-registers-0.8.1/src/lib.rs:90:7\n   |\n90 |     + Copy\n   |       ^^^^ not found in this scope\n\n","error[E0405]: cannot find trait `Clone` in this scope\n  --> /home/runner/.cargo/registry/src/index.crates.io-6f17d22bba15001f/tock-registers-0.8.1/src/lib.rs:91:7\n   |\n91 |     + Clone\n   |       ^^^^^ not found in this scope\n\n"]}},{"file":"src/components/arch/x86_64/idt.rs","count":5,"kinds":{"Clippy(Warn)":["warning: unused imports: `Entry`, `HandlerFunc`\n --> src/components/arch/x86_64/idt.rs:2:31\n  |\n2 | use x86_64::structures::idt::{Entry, HandlerFunc, InterruptDescriptorTable};\n  |                               ^^^^^  ^^^^^^^^^^^\n  |\n  = note: `#[warn(unused_imports)]` on by default\n\n","warning: unused imports: `Entry`, `HandlerFunc`\n --> src/components/arch/x86_64/idt.rs:2:31\n  |\n2 | use x86_64::structures::idt::{Entry, HandlerFunc, InterruptDescriptorTable};\n  |                               ^^^^^  ^^^^^^^^^^^\n  |\n  = note: `#[warn(unused_imports)]` on by default\n\n","warning: variable does not need to be mutable\n  --> src/components/arch/x86_64/idt.rs:22:13\n   |\n22 |         let mut idt = Self(InterruptDescriptorTable::new());\n   |             ----^^^\n   |             |\n   |             help: remove this `mut`\n   |\n   = note: `#[warn(unused_mut)]` on by default\n\n","warning: constant `NUM_INT` is never used\n --> src/components/arch/x86_64/idt.rs:4:7\n  |\n4 | const NUM_INT: usize = 256;\n  |       ^^^^^^^\n  |\n  = note: `#[warn(dead_code)]` on by default\n\n","warning: returning the result of a `let` binding from a block\n  --> src/components/arch/x86_64/idt.rs:35:9\n   |\n22 |         let mut idt = Self(InterruptDescriptorTable::new());\n   |         ---------------------------------------------------- unnecessary `let` binding\n...\n35 |         idt\n   |         ^^^\n   |\n   = help: for further information visit https://rust-lang.github.io/rust-clippy/master/index.html#let_and_return\n   = note: `#[warn(clippy::let_and_return)]` on by default\nhelp: return the expression directly\n   |\n22 ~         \n23 | \n ...\n34 |         }\n35 ~         Self(InterruptDescriptorTable::new())\n   |\n\n"]}},{"file":"src/components/boot/x86_64.rs","count":3,"kinds":{"Clippy(Warn)":["warning: transmute from an integer to a pointer\n  --> src/components/boot/x86_64.rs:66:19\n   |\n66 |         let ptr = mem::transmute(addr | VIRT_ADDR_START as u64);\n   |                   ^^^^^^^^^^^^^^^^^^^^^^^^^^^^^^^^^^^^^^^^^^^^^ help: try: `(addr | VIRT_ADDR_START as u64) as *const u8`\n   |\n   = help: for further information visit https://rust-lang.github.io/rust-clippy/master/index.html#useless_transmute\n   = note: `#[warn(clippy::useless_transmute)]` on by default\n\n","warning: called `map(f)` on an `Option` value where `f` is a closure that returns the unit type `()`\n   --> src/components/boot/x86_64.rs:140:5\n    |\n140 | //     CpuId::new().get_feature_info().map(|features| {\n141 | ||         // Add OSXSave flag to cr4 register if supported\n142 | ||         if features.has_xsave() {\n143 | ||             unsafe {\n...   ||\n151 | ||         }\n152 | ||     });\n    | ||______^- help: try: `if let Some(features) = CpuId::new().get_feature_info() { ... }`\n    |  |______|\n    | \n    |\n    = help: for further information visit https://rust-lang.github.io/rust-clippy/master/index.html#option_map_unit_fn\n    = note: `#[warn(clippy::option_map_unit_fn)]` on by default\n\n","warning: `filter` for `Some` followed by `unwrap`\n   --> src/components/boot/x86_64.rs:181:10\n    |\n181 |           .filter(Option::is_some)\n    |  __________^\n182 | |         .map(Option::unwrap)\n    | |____________________________^ help: consider using `flatten` instead: `flatten()`\n    |\n    = help: for further information visit https://rust-lang.github.io/rust-clippy/master/index.html#option_filter_map\n    = note: `#[warn(clippy::option_filter_map)]` on by default\n\n"]}},{"file":"src/components/pagetable/loongarch64.rs","count":3,"kinds":{"Clippy(Warn)":["warning: operator precedence can trip the unwary\n   --> src/components/pagetable/loongarch64.rs:178:10\n    |\n178 |         (self.0 >> 9 * n) & 0x1ff\n    |          ^^^^^^^^^^^^^^^ help: consider parenthesizing your expression: `self.0 >> (9 * n)`\n    |\n    = help: for further information visit https://rust-lang.github.io/rust-clippy/master/index.html#precedence\n    = note: `#[warn(clippy::precedence)]` on by default\n\n","warning: casting to the same type is unnecessary (`usize` -> `usize`)\n  --> src/components/pagetable/loongarch64.rs:36:30\n   |\n36 |         Self(ppn.to_addr() | flags.bits() as usize)\n   |                              ^^^^^^^^^^^^^^^^^^^^^ help: try: `flags.bits()`\n   |\n   = help: for further information visit https://rust-lang.github.io/rust-clippy/master/index.html#unnecessary_cast\n   = note: `#[warn(clippy::unnecessary_cast)]` on by default\n\n","warning: an implementation of `From` is preferred since it gives you `Into<_>` for free where the reverse isn't true\n  --> src/components/pagetable/loongarch64.rs:58:1\n   |\n58 | impl Into<MappingFlags> for PTEFlags {\n   | ^^^^^^^^^^^^^^^^^^^^^^^^^^^^^^^^^^^^\n   |\n   = help: for further information visit https://rust-lang.github.io/rust-clippy/master/index.html#from_over_into\n   = note: `#[warn(clippy::from_over_into)]` on by default\nhelp: replace the `Into` implementation with `From<components::pagetable::loongarch64::PTEFlags>`\n   |\n58 ~ impl From<PTEFlags> for MappingFlags {\n59 ~     fn from(val: PTEFlags) -> Self {\n60 |         let mut flags = MappingFlags::empty();\n61 ~         if val.contains(PTEFlags::W) {\n62 |             flags |= MappingFlags::W;\n63 |         }\n64 | \n65 ~         if val.contains(PTEFlags::D) {\n66 |             flags |= MappingFlags::D;\n ...\n72 | \n73 ~         if val.contains(PTEFlags::PLV_USER) {\n   |\n\n"]}},{"file":"src/components/consts/mod.rs","count":3,"kinds":{"Clippy(Warn)":["warning: unnecessary `pub(self)`\n  --> src/components/consts/mod.rs:14:1\n   |\n14 | pub(self) trait ConfigTrait {\n   | ^^^^^^^^^ help: remove it\n   |\n   = help: for further information visit https://rust-lang.github.io/rust-clippy/master/index.html#needless_pub_self\n   = note: `#[warn(clippy::needless_pub_self)]` on by default\n\n","warning: unnecessary `pub(self)`\n  --> src/components/consts/mod.rs:14:1\n   |\n14 | pub(self) trait ConfigTrait {\n   | ^^^^^^^^^ help: remove it\n   |\n   = help: for further information visit https://rust-lang.github.io/rust-clippy/master/index.html#needless_pub_self\n   = note: `#[warn(clippy::needless_pub_self)]` on by default\n\n","warning: unnecessary `pub(self)`\n  --> src/components/consts/mod.rs:14:1\n   |\n14 | pub(self) trait ConfigTrait {\n   | ^^^^^^^^^ help: remove it\n   |\n   = help: for further information visit https://rust-lang.github.io/rust-clippy/master/index.html#needless_pub_self\n   = note: `#[warn(clippy::needless_pub_self)]` on by default\n\n"]}},{"file":"src/components/pagetable/x86_64.rs","count":3,"kinds":{"Clippy(Warn)":["warning: operator precedence can trip the unwary\n   --> src/components/pagetable/x86_64.rs:179:10\n    |\n179 |         (self.0 >> 9 * n) & 0x1ff\n    |          ^^^^^^^^^^^^^^^ help: consider parenthesizing your expression: `self.0 >> (9 * n)`\n    |\n    = help: for further information visit https://rust-lang.github.io/rust-clippy/master/index.html#precedence\n    = note: `#[warn(clippy::precedence)]` on by default\n\n","warning: an implementation of `From` is preferred since it gives you `Into<_>` for free where the reverse isn't true\n  --> src/components/pagetable/x86_64.rs:64:1\n   |\n64 | impl Into<MappingFlags> for PTEFlags {\n   | ^^^^^^^^^^^^^^^^^^^^^^^^^^^^^^^^^^^^\n   |\n   = help: for further information visit https://rust-lang.github.io/rust-clippy/master/index.html#from_over_into\n   = note: `#[warn(clippy::from_over_into)]` on by default\nhelp: replace the `Into` implementation with `From<components::pagetable::x86_64::PTEFlags>`\n   |\n64 ~ impl From<PTEFlags> for MappingFlags {\n65 ~     fn from(val: PTEFlags) -> Self {\n66 |         let mut res = MappingFlags::empty();\n67 ~         if val.contains(PTEFlags::RW) {\n68 |             res |= MappingFlags::W\n69 |         };\n70 ~         if val.contains(PTEFlags::US) {\n71 |             res |= MappingFlags::U\n72 |         };\n73 ~         if val.contains(PTEFlags::A) {\n74 |             res |= MappingFlags::A;\n75 |         }\n76 ~         if val.contains(PTEFlags::D) {\n77 |             res |= MappingFlags::D;\n78 |         }\n79 ~         if !val.contains(PTEFlags::XD) {\n   |\n\n","warning: casting to the same type is unnecessary (`usize` -> `usize`)\n   --> src/components/pagetable/x86_64.rs:136:58\n    |\n136 |         pml4[0x1ff] = PTE((_boot_mapping_pdpt as usize - VIRT_ADDR_START as usize) | 0x3);\n    |                                                          ^^^^^^^^^^^^^^^^^^^^^^^^ help: try: `VIRT_ADDR_START`\n    |\n    = help: for further information visit https://rust-lang.github.io/rust-clippy/master/index.html#unnecessary_cast\n    = note: `#[warn(clippy::unnecessary_cast)]` on by default\n\n"]}},{"file":"src/addr.rs","count":3,"kinds":{"Clippy(Warn)":["warning: this expression creates a reference which is immediately dereferenced by the compiler\n   --> src/addr.rs:218:43\n    |\n218 |         self.get_buffer().copy_from_slice(&ppn.get_buffer());\n    |                                           ^^^^^^^^^^^^^^^^^ help: change this to: `ppn.get_buffer()`\n    |\n    = help: for further information visit https://rust-lang.github.io/rust-clippy/master/index.html#needless_borrow\n    = note: `#[warn(clippy::needless_borrow)]` on by default\n\n","warning: this expression creates a reference which is immediately dereferenced by the compiler\n   --> src/addr.rs:218:43\n    |\n218 |         self.get_buffer().copy_from_slice(&ppn.get_buffer());\n    |                                           ^^^^^^^^^^^^^^^^^ help: change this to: `ppn.get_buffer()`\n    |\n    = help: for further information visit https://rust-lang.github.io/rust-clippy/master/index.html#needless_borrow\n    = note: `#[warn(clippy::needless_borrow)]` on by default\n\n","warning: this expression creates a reference which is immediately dereferenced by the compiler\n   --> src/addr.rs:218:43\n    |\n218 |         self.get_buffer().copy_from_slice(&ppn.get_buffer());\n    |                                           ^^^^^^^^^^^^^^^^^ help: change this to: `ppn.get_buffer()`\n    |\n    = help: for further information visit https://rust-lang.github.io/rust-clippy/master/index.html#needless_borrow\n    = note: `#[warn(clippy::needless_borrow)]` on by default\n\n"]}},{"file":"src/components/mod.rs","count":3,"kinds":{"Clippy(Warn)":["warning: unnecessary `pub(self)`\n  --> src/components/mod.rs:23:1\n   |\n23 | pub(self) use polyhal_macro::define_arch_mods;\n   | ^^^^^^^^^ help: remove it\n   |\n   = help: for further information visit https://rust-lang.github.io/rust-clippy/master/index.html#needless_pub_self\n\n","warning: unnecessary `pub(self)`\n  --> src/components/mod.rs:23:1\n   |\n23 | pub(self) use polyhal_macro::define_arch_mods;\n   | ^^^^^^^^^ help: remove it\n   |\n   = help: for further information visit https://rust-lang.github.io/rust-clippy/master/index.html#needless_pub_self\n\n","warning: unnecessary `pub(self)`\n  --> src/components/mod.rs:23:1\n   |\n23 | pub(self) use polyhal_macro::define_arch_mods;\n   | ^^^^^^^^^ help: remove it\n   |\n   = help: for further information visit https://rust-lang.github.io/rust-clippy/master/index.html#needless_pub_self\n\n"]}},{"file":"src/components/debug_console/mod.rs","count":3,"kinds":{"Clippy(Warn)":["warning: this `.into_iter()` call is equivalent to `.iter()` and will not consume the `slice`\n  --> src/components/debug_console/mod.rs:53:22\n   |\n53 |         s.as_bytes().into_iter().for_each(|x| Self::putchar(*x));\n   |                      ^^^^^^^^^ help: call directly: `iter`\n   |\n   = help: for further information visit https://rust-lang.github.io/rust-clippy/master/index.html#into_iter_on_ref\n   = note: `#[warn(clippy::into_iter_on_ref)]` on by default\n\n","warning: this `.into_iter()` call is equivalent to `.iter()` and will not consume the `slice`\n  --> src/components/debug_console/mod.rs:53:22\n   |\n53 |         s.as_bytes().into_iter().for_each(|x| Self::putchar(*x));\n   |                      ^^^^^^^^^ help: call directly: `iter`\n   |\n   = help: for further information visit https://rust-lang.github.io/rust-clippy/master/index.html#into_iter_on_ref\n   = note: `#[warn(clippy::into_iter_on_ref)]` on by default\n\n","warning: this `.into_iter()` call is equivalent to `.iter()` and will not consume the `slice`\n  --> src/components/debug_console/mod.rs:53:22\n   |\n53 |         s.as_bytes().into_iter().for_each(|x| Self::putchar(*x));\n   |                      ^^^^^^^^^ help: call directly: `iter`\n   |\n   = help: for further information visit https://rust-lang.github.io/rust-clippy/master/index.html#into_iter_on_ref\n   = note: `#[warn(clippy::into_iter_on_ref)]` on by default\n\n"]}},{"file":"src/components/kcontext/riscv64.rs","count":2,"kinds":{"Clippy(Warn)":["warning: unsafe function's docs miss `# Safety` section\n   --> src/components/kcontext/riscv64.rs:150:1\n    |\n150 | pub unsafe extern \"C\" fn context_switch(from: *mut KContext, to: *const KContext) {\n    | ^^^^^^^^^^^^^^^^^^^^^^^^^^^^^^^^^^^^^^^^^^^^^^^^^^^^^^^^^^^^^^^^^^^^^^^^^^^^^^^^^\n    |\n    = help: for further information visit https://rust-lang.github.io/rust-clippy/master/index.html#missing_safety_doc\n    = note: `#[warn(clippy::missing_safety_doc)]` on by default\n\n","warning: unsafe function's docs miss `# Safety` section\n   --> src/components/kcontext/riscv64.rs:166:1\n    |\n166 | / pub unsafe extern \"C\" fn context_switch_pt(\n167 | |     from: *mut KContext,\n168 | |     to: *const KContext,\n169 | |     pt_token: PageTable,\n170 | | ) {\n    | |_^\n    |\n    = help: for further information visit https://rust-lang.github.io/rust-clippy/master/index.html#missing_safety_doc\n\n"]}},{"file":"src/components/kcontext/x86_64.rs","count":2,"kinds":{"Clippy(Warn)":["warning: unsafe function's docs miss `# Safety` section\n   --> src/components/kcontext/x86_64.rs:108:1\n    |\n108 | pub unsafe extern \"C\" fn context_switch(from: *mut KContext, to: *const KContext) {\n    | ^^^^^^^^^^^^^^^^^^^^^^^^^^^^^^^^^^^^^^^^^^^^^^^^^^^^^^^^^^^^^^^^^^^^^^^^^^^^^^^^^\n    |\n    = help: for further information visit https://rust-lang.github.io/rust-clippy/master/index.html#missing_safety_doc\n    = note: `#[warn(clippy::missing_safety_doc)]` on by default\n\n","warning: unsafe function's docs miss `# Safety` section\n   --> src/components/kcontext/x86_64.rs:154:1\n    |\n154 | / pub unsafe extern \"C\" fn context_switch_pt(\n155 | |     from: *mut KContext,\n156 | |     to: *const KContext,\n157 | |     pt_token: PageTable,\n158 | | ) {\n    | |_^\n    |\n    = help: for further information visit https://rust-lang.github.io/rust-clippy/master/index.html#missing_safety_doc\n\n"]}},{"file":"src/components/percpu/riscv64.rs","count":2,"kinds":{"Clippy(Warn)":["warning: unused macro definition: `PerCPUReservedOffset`\n  --> src/components/percpu/riscv64.rs:18:18\n   |\n18 | pub(crate) macro PerCPUReservedOffset($field: ident) {\n   |                  ^^^^^^^^^^^^^^^^^^^^\n   |\n   = note: `#[warn(unused_macros)]` on by default\n\n","warning: struct `PerCPUReserved` is never constructed\n --> src/components/percpu/riscv64.rs:5:19\n  |\n5 | pub(crate) struct PerCPUReserved {\n  |                   ^^^^^^^^^^^^^^\n  |\n  = note: `#[warn(dead_code)]` on by default\n\n"]}},{"file":"src/components/kcontext/loongarch64.rs","count":2,"kinds":{"Clippy(Warn)":["warning: unsafe function's docs miss `# Safety` section\n  --> src/components/kcontext/loongarch64.rs:92:1\n   |\n92 | pub unsafe extern \"C\" fn context_switch(from: *mut KContext, to: *const KContext) {\n   | ^^^^^^^^^^^^^^^^^^^^^^^^^^^^^^^^^^^^^^^^^^^^^^^^^^^^^^^^^^^^^^^^^^^^^^^^^^^^^^^^^\n   |\n   = help: for further information visit https://rust-lang.github.io/rust-clippy/master/index.html#missing_safety_doc\n   = note: `#[warn(clippy::missing_safety_doc)]` on by default\n\n","warning: unsafe function's docs miss `# Safety` section\n   --> src/components/kcontext/loongarch64.rs:135:1\n    |\n135 | / pub unsafe extern \"C\" fn context_switch_pt(\n136 | |     from: *mut KContext,\n137 | |     to: *const KContext,\n138 | |     pt_token: PageTable,\n139 | | ) {\n    | |_^\n    |\n    = help: for further information visit https://rust-lang.github.io/rust-clippy/master/index.html#missing_safety_doc\n\n"]}},{"file":"src/components/pagetable/riscv64.rs","count":2,"kinds":{"Clippy(Warn)":["warning: operator precedence can trip the unwary\n   --> src/components/pagetable/riscv64.rs:205:10\n    |\n205 |         (self.0 >> 9 * n) & 0x1ff\n    |          ^^^^^^^^^^^^^^^ help: consider parenthesizing your expression: `self.0 >> (9 * n)`\n    |\n    = help: for further information visit https://rust-lang.github.io/rust-clippy/master/index.html#precedence\n    = note: `#[warn(clippy::precedence)]` on by default\n\n","warning: unneeded `return` statement\n  --> src/components/pagetable/riscv64.rs:60:9\n   |\n60 | /         return self.flags().contains(PTEFlags::V)\n61 | |             && !(self.flags().contains(PTEFlags::R)\n62 | |                 || self.flags().contains(PTEFlags::W)\n63 | |                 || self.flags().contains(PTEFlags::X));\n   | |______________________________________________________^\n   |\n   = help: for further information visit https://rust-lang.github.io/rust-clippy/master/index.html#needless_return\n   = note: `#[warn(clippy::needless_return)]` on by default\nhelp: remove `return`\n   |\n60 ~         self.flags().contains(PTEFlags::V)\n61 +             && !(self.flags().contains(PTEFlags::R)\n62 +                 || self.flags().contains(PTEFlags::W)\n63 ~                 || self.flags().contains(PTEFlags::X))\n   |\n\n"]}},{"file":"src/components/trapframe/x86_64.rs","count":2,"kinds":{"Clippy(Warn)":["warning: methods `save` and `restore` are never used\n  --> src/components/trapframe/x86_64.rs:28:19\n   |\n26 | impl FxsaveArea {\n   | --------------- methods in this implementation\n27 |     #[inline]\n28 |     pub(crate) fn save(&mut self) {\n   |                   ^^^^\n...\n33 |     pub(crate) fn restore(&self) {\n   |                   ^^^^^^^\n\n","warning: methods `save` and `restore` are never used\n  --> src/components/trapframe/x86_64.rs:28:19\n   |\n26 | impl FxsaveArea {\n   | --------------- methods in this implementation\n27 |     #[inline]\n28 |     pub(crate) fn save(&mut self) {\n   |                   ^^^^\n...\n33 |     pub(crate) fn restore(&self) {\n   |                   ^^^^^^^\n\n"]}},{"file":"src/lib.rs","count":1,"kinds":{"Clippy(Warn)":["warning: unused `#[macro_use]` import\n   --> src/lib.rs:148:1\n    |\n148 | #[macro_use]\n    | ^^^^^^^^^^^^\n    |\n    = note: `#[warn(unused_imports)]` on by default\n\n"]}},{"file":"src/components/arch/loongarch64.rs","count":1,"kinds":{"Clippy(Warn)":["warning: calls to `push` immediately after creation\n  --> src/components/arch/loongarch64.rs:9:9\n   |\n9  | /         let mut mem_area = Vec::new();\n10 | |         // This is just temporary solution until we find a better way to detect memory areas.\n11 | |         mem_area.push((VIRT_ADDR_START | 0x9000_0000, 0x2000_0000));\n   | |____________________________________________________________________^ help: consider using the `vec![]` macro: `let mem_area = vec![..];`\n   |\n   = help: for further information visit https://rust-lang.github.io/rust-clippy/master/index.html#vec_init_then_push\n   = note: `#[warn(clippy::vec_init_then_push)]` on by default\n\n"]}},{"file":"/home/runner/.cargo/registry/src/index.crates.io-6f17d22bba15001f/tock-registers-0.8.1/src/interfaces.rs","count":1,"kinds":{"Clippy(Error)":["error[E0412]: cannot find type `Option` in this scope\n   --> /home/runner/.cargo/registry/src/index.crates.io-6f17d22bba15001f/tock-registers-0.8.1/src/interfaces.rs:217:10\n    |\n217 |     ) -> Option<E> {\n    |          ^^^^^^ not found in this scope\n\n"]}},{"file":"src/components/arch/x86_64/gdt.rs","count":1,"kinds":{"Clippy(Warn)":["warning: redundant closure\n   --> src/components/arch/x86_64/gdt.rs:102:23\n    |\n102 |         tss.call_once(|| TaskStateSegment::new());\n    |                       ^^^^^^^^^^^^^^^^^^^^^^^^^^ help: replace the closure with the function itself: `TaskStateSegment::new`\n    |\n    = help: for further information visit https://rust-lang.github.io/rust-clippy/master/index.html#redundant_closure\n    = note: `#[warn(clippy::redundant_closure)]` on by default\n\n"]}},{"file":"src/components/timer/x86_64.rs","count":1,"kinds":{"Clippy(Warn)":["warning: digits grouped inconsistently by underscores\n --> src/components/timer/x86_64.rs:6:34\n  |\n6 | static mut CPU_FREQ_MHZ: usize = 4000_000_000;\n  |                                  ^^^^^^^^^^^^ help: consider: `4_000_000_000`\n  |\n  = help: for further information visit https://rust-lang.github.io/rust-clippy/master/index.html#inconsistent_digit_grouping\n  = note: `#[warn(clippy::inconsistent_digit_grouping)]` on by default\n\n"]}},{"file":"src/components/instruction/x86_64/shutdown.rs","count":1,"kinds":{"Clippy(Warn)":["warning: empty `loop {}` wastes CPU cycles\n --> src/components/instruction/x86_64/shutdown.rs:9:9\n  |\n9 |         loop {}\n  |         ^^^^^^^\n  |\n  = help: you should either use `panic!()` or add a call pausing or sleeping the thread to the loop body\n  = help: for further information visit https://rust-lang.github.io/rust-clippy/master/index.html#empty_loop\n  = note: `#[warn(clippy::empty_loop)]` on by default\n\n"]}},{"file":"src/components/trapframe/riscv64.rs","count":1,"kinds":{"Clippy(Warn)":["warning: you should consider adding a `Default` implementation for `TrapFrame`\n  --> src/components/trapframe/riscv64.rs:64:5\n   |\n64 | /     pub fn new() -> Self {\n65 | |         TrapFrame {\n66 | |             x: [0usize; 32],\n67 | |             sstatus: sstatus::read(),\n...  |\n70 | |         }\n71 | |     }\n   | |_____^\n   |\n   = help: for further information visit https://rust-lang.github.io/rust-clippy/master/index.html#new_without_default\n   = note: `#[warn(clippy::new_without_default)]` on by default\nhelp: try adding this\n   |\n61 + impl Default for TrapFrame {\n62 +     fn default() -> Self {\n63 +         Self::new()\n64 +     }\n65 + }\n   |\n\n"]}},{"file":"(virtual) clippy","count":1,"kinds":{"Cargo":["// pkg_name=polyhal, checker=Clippy\n// toolchain=nightly-x86_64-unknown-linux-gnu (default), target=aarch64-unknown-none\n// pkg_dir=/home/runner/check/batch_1/Byte-OS/polyhal\n// cmd=cargo clippy --target aarch64-unknown-none --no-deps --message-format=json\n    Blocking waiting for file lock on package cache\n    Checking tock-registers v0.8.1\n   Compiling lock_api v0.4.11\n    Checking scopeguard v1.2.0\n    Checking fdt v0.1.5\nerror: could not compile `scopeguard` (lib) due to 17 previous errors\nwarning: build failed, waiting for other jobs to finish...\nerror: could not compile `tock-registers` (lib) due to 42 previous errors\nerror: could not compile `fdt` (lib) due to 222 previous errors\n"]}},{"file":"src/components/timer/loongarch64.rs","count":1,"kinds":{"Clippy(Warn)":["warning: redundant closure\n --> src/components/timer/loongarch64.rs:8:38\n  |\n8 | static FREQ: Lazy<usize> = Lazy::new(|| get_timer_freq());\n  |                                      ^^^^^^^^^^^^^^^^^^^ help: replace the closure with the function itself: `get_timer_freq`\n  |\n  = help: for further information visit https://rust-lang.github.io/rust-clippy/master/index.html#redundant_closure\n  = note: `#[warn(clippy::redundant_closure)]` on by default\n\n"]}}]},{"user":"Byte-OS","repo":"polyhal","pkg":"example","count":141,"raw_reports":[{"file":"/home/runner/.cargo/registry/src/index.crates.io-6f17d22bba15001f/bitflags-2.6.0/src/traits.rs","count":26,"kinds":{"Clippy(Error)":["error[E0463]: can't find crate for `core`\n --> /home/runner/.cargo/registry/src/index.crates.io-6f17d22bba15001f/bitflags-2.6.0/src/traits.rs:1:5\n  |\n1 | use core::{\n  |     ^^^^ can't find crate\n  |\n  = note: the `aarch64-unknown-none` target may not be installed\n  = help: consider downloading the target with `rustup target add aarch64-unknown-none`\n  = help: consider building the standard library from source with `cargo build -Zbuild-std`\n\n","error: cannot find attribute `derive` in this scope\n  --> /home/runner/.cargo/registry/src/index.crates.io-6f17d22bba15001f/bitflags-2.6.0/src/traits.rs:14:3\n   |\n14 | #[derive(Debug)]\n   |   ^^^^^^\n\n","error: cannot find macro `write` in this scope\n   --> /home/runner/.cargo/registry/src/index.crates.io-6f17d22bba15001f/bitflags-2.6.0/src/traits.rs:369:21\n    |\n369 |                       write!(writer, \"{:x}\", self)\n    |                       ^^^^^\n...\n385 | / impl_bits! {\n386 | |     u8, i8,\n387 | |     u16, i16,\n388 | |     u32, i32,\n...   |\n391 | |     usize, isize,\n392 | | }\n    | |_- in this macro invocation\n    |\n    = note: this error originates in the macro `impl_bits` (in Nightly builds, run with -Z macro-backtrace for more info)\n\n","error: cannot find macro `write` in this scope\n   --> /home/runner/.cargo/registry/src/index.crates.io-6f17d22bba15001f/bitflags-2.6.0/src/traits.rs:375:21\n    |\n375 |                       write!(writer, \"{:x}\", self)\n    |                       ^^^^^\n...\n385 | / impl_bits! {\n386 | |     u8, i8,\n387 | |     u16, i16,\n388 | |     u32, i32,\n...   |\n391 | |     usize, isize,\n392 | | }\n    | |_- in this macro invocation\n    |\n    = note: this error originates in the macro `impl_bits` (in Nightly builds, run with -Z macro-backtrace for more info)\n\n","error[E0405]: cannot find trait `Sized` in this scope\n   --> /home/runner/.cargo/registry/src/index.crates.io-6f17d22bba15001f/bitflags-2.6.0/src/traits.rs:132:18\n    |\n132 | pub trait Flags: Sized + 'static {\n    |                  ^^^^^ not found in this scope\n\n","error[E0412]: cannot find type `Option` in this scope\n   --> /home/runner/.cargo/registry/src/index.crates.io-6f17d22bba15001f/bitflags-2.6.0/src/traits.rs:163:39\n    |\n163 |     fn from_bits(bits: Self::Bits) -> Option<Self> {\n    |                                       ^^^^^^ not found in this scope\n\n","error[E0425]: cannot find value `None` in this scope\n   --> /home/runner/.cargo/registry/src/index.crates.io-6f17d22bba15001f/bitflags-2.6.0/src/traits.rs:169:13\n    |\n169 |             None\n    |             ^^^^ not found in this scope\n\n","error[E0412]: cannot find type `Option` in this scope\n   --> /home/runner/.cargo/registry/src/index.crates.io-6f17d22bba15001f/bitflags-2.6.0/src/traits.rs:185:33\n    |\n185 |     fn from_name(name: &str) -> Option<Self> {\n    |                                 ^^^^^^ not found in this scope\n\n","error[E0425]: cannot find value `None` in this scope\n   --> /home/runner/.cargo/registry/src/index.crates.io-6f17d22bba15001f/bitflags-2.6.0/src/traits.rs:188:20\n    |\n188 |             return None;\n    |                    ^^^^ not found in this scope\n\n","error[E0425]: cannot find value `None` in this scope\n   --> /home/runner/.cargo/registry/src/index.crates.io-6f17d22bba15001f/bitflags-2.6.0/src/traits.rs:197:9\n    |\n197 |         None\n    |         ^^^^ not found in this scope\n\n","error[E0405]: cannot find trait `Sized` in this scope\n   --> /home/runner/.cargo/registry/src/index.crates.io-6f17d22bba15001f/bitflags-2.6.0/src/traits.rs:231:15\n    |\n231 |         Self: Sized,\n    |               ^^^^^ not found in this scope\n\n","error[E0405]: cannot find trait `Sized` in this scope\n   --> /home/runner/.cargo/registry/src/index.crates.io-6f17d22bba15001f/bitflags-2.6.0/src/traits.rs:239:15\n    |\n239 |         Self: Sized,\n    |               ^^^^^ not found in this scope\n\n","error[E0405]: cannot find trait `Sized` in this scope\n   --> /home/runner/.cargo/registry/src/index.crates.io-6f17d22bba15001f/bitflags-2.6.0/src/traits.rs:247:15\n    |\n247 |         Self: Sized,\n    |               ^^^^^ not found in this scope\n\n","error[E0405]: cannot find trait `Sized` in this scope\n   --> /home/runner/.cargo/registry/src/index.crates.io-6f17d22bba15001f/bitflags-2.6.0/src/traits.rs:258:15\n    |\n258 |         Self: Sized,\n    |               ^^^^^ not found in this scope\n\n","error[E0405]: cannot find trait `Sized` in this scope\n   --> /home/runner/.cargo/registry/src/index.crates.io-6f17d22bba15001f/bitflags-2.6.0/src/traits.rs:266:15\n    |\n266 |         Self: Sized,\n    |               ^^^^^ not found in this scope\n\n","error[E0405]: cannot find trait `Sized` in this scope\n   --> /home/runner/.cargo/registry/src/index.crates.io-6f17d22bba15001f/bitflags-2.6.0/src/traits.rs:274:15\n    |\n274 |         Self: Sized,\n    |               ^^^^^ not found in this scope\n\n","error[E0405]: cannot find trait `Clone` in this scope\n   --> /home/runner/.cargo/registry/src/index.crates.io-6f17d22bba15001f/bitflags-2.6.0/src/traits.rs:321:5\n    |\n321 |     Clone\n    |     ^^^^^ not found in this scope\n\n","error[E0405]: cannot find trait `Copy` in this scope\n   --> /home/runner/.cargo/registry/src/index.crates.io-6f17d22bba15001f/bitflags-2.6.0/src/traits.rs:322:7\n    |\n322 |     + Copy\n    |       ^^^^ not found in this scope\n\n","error[E0405]: cannot find trait `PartialEq` in this scope\n   --> /home/runner/.cargo/registry/src/index.crates.io-6f17d22bba15001f/bitflags-2.6.0/src/traits.rs:323:7\n    |\n323 |     + PartialEq\n    |       ^^^^^^^^^ not found in this scope\n\n","error[E0405]: cannot find trait `Sized` in this scope\n   --> /home/runner/.cargo/registry/src/index.crates.io-6f17d22bba15001f/bitflags-2.6.0/src/traits.rs:328:7\n    |\n328 |     + Sized\n    |       ^^^^^ not found in this scope\n\n","error[E0412]: cannot find type `Result` in this scope\n   --> /home/runner/.cargo/registry/src/index.crates.io-6f17d22bba15001f/bitflags-2.6.0/src/traits.rs:356:46\n    |\n356 |                   fn parse_hex(input: &str) -> Result<Self, ParseError> {\n    |                                                ^^^^^^ not found in this scope\n...\n385 | / impl_bits! {\n386 | |     u8, i8,\n387 | |     u16, i16,\n388 | |     u32, i32,\n...   |\n391 | |     usize, isize,\n392 | | }\n    | |_- in this macro invocation\n    |\n    = note: this error originates in the macro `impl_bits` (in Nightly builds, run with -Z macro-backtrace for more info)\n\n","error[E0412]: cannot find type `Result` in this scope\n   --> /home/runner/.cargo/registry/src/index.crates.io-6f17d22bba15001f/bitflags-2.6.0/src/traits.rs:362:46\n    |\n362 |                   fn parse_hex(input: &str) -> Result<Self, ParseError> {\n    |                                                ^^^^^^ not found in this scope\n...\n385 | / impl_bits! {\n386 | |     u8, i8,\n387 | |     u16, i16,\n388 | |     u32, i32,\n...   |\n391 | |     usize, isize,\n392 | | }\n    | |_- in this macro invocation\n    |\n    = note: this error originates in the macro `impl_bits` (in Nightly builds, run with -Z macro-backtrace for more info)\n\n","error[E0405]: cannot find trait `Iterator` in this scope\n   --> /home/runner/.cargo/registry/src/index.crates.io-6f17d22bba15001f/bitflags-2.6.0/src/traits.rs:408:16\n    |\n408 |     type Iter: Iterator<Item = Self>;\n    |                ^^^^^^^^ not found in this scope\n\n","error[E0405]: cannot find trait `Iterator` in this scope\n   --> /home/runner/.cargo/registry/src/index.crates.io-6f17d22bba15001f/bitflags-2.6.0/src/traits.rs:411:21\n    |\n411 |     type IterNames: Iterator<Item = (&'static str, Self)>;\n    |                     ^^^^^^^^ not found in this scope\n\n","error[E0425]: cannot find function, tuple struct or tuple variant `Some` in this scope\n   --> /home/runner/.cargo/registry/src/index.crates.io-6f17d22bba15001f/bitflags-2.6.0/src/traits.rs:167:13\n    |\n167 |             Some(truncated)\n    |             ^^^^ not found in this scope\n\n","error[E0425]: cannot find function, tuple struct or tuple variant `Some` in this scope\n   --> /home/runner/.cargo/registry/src/index.crates.io-6f17d22bba15001f/bitflags-2.6.0/src/traits.rs:193:24\n    |\n193 |                 return Some(Self::from_bits_retain(flag.value().bits()));\n    |                        ^^^^ not found in this scope\n\n"]}},{"file":"/home/runner/.cargo/registry/src/index.crates.io-6f17d22bba15001f/bitflags-2.6.0/src/parser.rs","count":24,"kinds":{"Clippy(Error)":["error[E0463]: can't find crate for `core`\n  --> /home/runner/.cargo/registry/src/index.crates.io-6f17d22bba15001f/bitflags-2.6.0/src/parser.rs:33:5\n   |\n33 | use core::fmt::{self, Write};\n   |     ^^^^ can't find crate\n   |\n   = note: the `aarch64-unknown-none` target may not be installed\n   = help: consider downloading the target with `rustup target add aarch64-unknown-none`\n   = help: consider building the standard library from source with `cargo build -Zbuild-std`\n\n","error: cannot find attribute `derive` in this scope\n   --> /home/runner/.cargo/registry/src/index.crates.io-6f17d22bba15001f/bitflags-2.6.0/src/parser.rs:243:3\n    |\n243 | #[derive(Debug)]\n    |   ^^^^^^\n\n","error: cannot find attribute `derive` in this scope\n   --> /home/runner/.cargo/registry/src/index.crates.io-6f17d22bba15001f/bitflags-2.6.0/src/parser.rs:246:3\n    |\n246 | #[derive(Debug)]\n    |   ^^^^^^\n\n","error: cannot find macro `write` in this scope\n   --> /home/runner/.cargo/registry/src/index.crates.io-6f17d22bba15001f/bitflags-2.6.0/src/parser.rs:305:17\n    |\n305 |                 write!(f, \"unrecognized named flag\")?;\n    |                 ^^^^^\n\n","error: cannot find macro `write` in this scope\n   --> /home/runner/.cargo/registry/src/index.crates.io-6f17d22bba15001f/bitflags-2.6.0/src/parser.rs:315:17\n    |\n315 |                 write!(f, \"invalid hex flag\")?;\n    |                 ^^^^^\n\n","error: cannot find macro `write` in this scope\n   --> /home/runner/.cargo/registry/src/index.crates.io-6f17d22bba15001f/bitflags-2.6.0/src/parser.rs:323:17\n    |\n323 |                 write!(f, \"encountered empty flag\")?;\n    |                 ^^^^^\n\n","error[E0412]: cannot find type `Result` in this scope\n  --> /home/runner/.cargo/registry/src/index.crates.io-6f17d22bba15001f/bitflags-2.6.0/src/parser.rs:42:66\n   |\n42 | pub fn to_writer<B: Flags>(flags: &B, mut writer: impl Write) -> Result<(), fmt::Error>\n   |                                                                  ^^^^^^ not found in this scope\n\n","error[E0412]: cannot find type `Result` in this scope\n  --> /home/runner/.cargo/registry/src/index.crates.io-6f17d22bba15001f/bitflags-2.6.0/src/parser.rs:99:43\n   |\n99 | pub fn from_str<B: Flags>(input: &str) -> Result<B, ParseError>\n   |                                           ^^^^^^ not found in this scope\n\n","error[E0531]: cannot find tuple struct or tuple variant `Some` in this scope\n   --> /home/runner/.cargo/registry/src/index.crates.io-6f17d22bba15001f/bitflags-2.6.0/src/parser.rs:120:34\n    |\n120 |         let parsed_flag = if let Some(flag) = flag.strip_prefix(\"0x\") {\n    |                                  ^^^^ not found in this scope\n\n","error[E0412]: cannot find type `Result` in this scope\n   --> /home/runner/.cargo/registry/src/index.crates.io-6f17d22bba15001f/bitflags-2.6.0/src/parser.rs:142:71\n    |\n142 | pub fn to_writer_truncate<B: Flags>(flags: &B, writer: impl Write) -> Result<(), fmt::Error>\n    |                                                                       ^^^^^^ not found in this scope\n\n","error[E0412]: cannot find type `Result` in this scope\n   --> /home/runner/.cargo/registry/src/index.crates.io-6f17d22bba15001f/bitflags-2.6.0/src/parser.rs:155:52\n    |\n155 | pub fn from_str_truncate<B: Flags>(input: &str) -> Result<B, ParseError>\n    |                                                    ^^^^^^ not found in this scope\n\n","error[E0412]: cannot find type `Result` in this scope\n   --> /home/runner/.cargo/registry/src/index.crates.io-6f17d22bba15001f/bitflags-2.6.0/src/parser.rs:165:73\n    |\n165 | pub fn to_writer_strict<B: Flags>(flags: &B, mut writer: impl Write) -> Result<(), fmt::Error> {\n    |                                                                         ^^^^^^ not found in this scope\n\n","error[E0412]: cannot find type `Result` in this scope\n   --> /home/runner/.cargo/registry/src/index.crates.io-6f17d22bba15001f/bitflags-2.6.0/src/parser.rs:189:50\n    |\n189 | pub fn from_str_strict<B: Flags>(input: &str) -> Result<B, ParseError> {\n    |                                                  ^^^^^^ not found in this scope\n\n","error[E0405]: cannot find trait `Sized` in this scope\n   --> /home/runner/.cargo/registry/src/index.crates.io-6f17d22bba15001f/bitflags-2.6.0/src/parser.rs:239:15\n    |\n239 |         Self: Sized;\n    |               ^^^^^ not found in this scope\n\n","error[E0412]: cannot find type `Result` in this scope\n   --> /home/runner/.cargo/registry/src/index.crates.io-6f17d22bba15001f/bitflags-2.6.0/src/parser.rs:237:34\n    |\n237 |     fn parse_hex(input: &str) -> Result<Self, ParseError>\n    |                                  ^^^^^^ not found in this scope\n\n","error[E0425]: cannot find function, tuple struct or tuple variant `Ok` in this scope\n   --> /home/runner/.cargo/registry/src/index.crates.io-6f17d22bba15001f/bitflags-2.6.0/src/parser.rs:107:16\n    |\n107 |         return Ok(parsed_flags);\n    |                ^^ not found in this scope\n\n","error[E0425]: cannot find function, tuple struct or tuple variant `Err` in this scope\n   --> /home/runner/.cargo/registry/src/index.crates.io-6f17d22bba15001f/bitflags-2.6.0/src/parser.rs:115:20\n    |\n115 |             return Err(ParseError::empty_flag());\n    |                    ^^^ not found in this scope\n\n","error[E0425]: cannot find function, tuple struct or tuple variant `Ok` in this scope\n   --> /home/runner/.cargo/registry/src/index.crates.io-6f17d22bba15001f/bitflags-2.6.0/src/parser.rs:136:5\n    |\n136 |     Ok(parsed_flags)\n    |     ^^ not found in this scope\n\n","error[E0425]: cannot find function, tuple struct or tuple variant `Ok` in this scope\n   --> /home/runner/.cargo/registry/src/index.crates.io-6f17d22bba15001f/bitflags-2.6.0/src/parser.rs:159:5\n    |\n159 |     Ok(B::from_bits_truncate(from_str::<B>(input)?.bits()))\n    |     ^^ not found in this scope\n\n","error[E0425]: cannot find function, tuple struct or tuple variant `Ok` in this scope\n   --> /home/runner/.cargo/registry/src/index.crates.io-6f17d22bba15001f/bitflags-2.6.0/src/parser.rs:197:16\n    |\n197 |         return Ok(parsed_flags);\n    |                ^^ not found in this scope\n\n","error[E0425]: cannot find function, tuple struct or tuple variant `Err` in this scope\n   --> /home/runner/.cargo/registry/src/index.crates.io-6f17d22bba15001f/bitflags-2.6.0/src/parser.rs:205:20\n    |\n205 |             return Err(ParseError::empty_flag());\n    |                    ^^^ not found in this scope\n\n","error[E0425]: cannot find function, tuple struct or tuple variant `Err` in this scope\n   --> /home/runner/.cargo/registry/src/index.crates.io-6f17d22bba15001f/bitflags-2.6.0/src/parser.rs:211:20\n    |\n211 |             return Err(ParseError::invalid_hex_flag(\"unsupported hex flag value\"));\n    |                    ^^^ not found in this scope\n\n","error[E0425]: cannot find function, tuple struct or tuple variant `Ok` in this scope\n   --> /home/runner/.cargo/registry/src/index.crates.io-6f17d22bba15001f/bitflags-2.6.0/src/parser.rs:219:5\n    |\n219 |     Ok(parsed_flags)\n    |     ^^ not found in this scope\n\n","error[E0425]: cannot find function, tuple struct or tuple variant `Ok` in this scope\n   --> /home/runner/.cargo/registry/src/index.crates.io-6f17d22bba15001f/bitflags-2.6.0/src/parser.rs:327:9\n    |\n327 |         Ok(())\n    |         ^^ not found in this scope\n\n"]}},{"file":"/home/runner/.cargo/registry/src/index.crates.io-6f17d22bba15001f/scopeguard-1.2.0/src/lib.rs","count":16,"kinds":{"Clippy(Error)":["error[E0463]: can't find crate for `core`\n  |\n  = note: the `aarch64-unknown-none` target may not be installed\n  = help: consider downloading the target with `rustup target add aarch64-unknown-none`\n  = help: consider building the standard library from source with `cargo build -Zbuild-std`\n\n","error[E0463]: can't find crate for `compiler_builtins`\n\n","error[E0463]: can't find crate for `core`\n   --> /home/runner/.cargo/registry/src/index.crates.io-6f17d22bba15001f/scopeguard-1.2.0/src/lib.rs:192:1\n    |\n192 | extern crate core as std;\n    | ^^^^^^^^^^^^^^^^^^^^^^^^^ can't find crate\n    |\n    = note: the `aarch64-unknown-none` target may not be installed\n    = help: consider downloading the target with `rustup target add aarch64-unknown-none`\n    = help: consider building the standard library from source with `cargo build -Zbuild-std`\n\n","error: cannot find macro `stringify` in this scope\n   --> /home/runner/.cargo/registry/src/index.crates.io-6f17d22bba15001f/scopeguard-1.2.0/src/lib.rs:487:24\n    |\n487 |         f.debug_struct(stringify!(ScopeGuard))\n    |                        ^^^^^^^^^\n\n","error: cannot find attribute `derive` in this scope\n   --> /home/runner/.cargo/registry/src/index.crates.io-6f17d22bba15001f/scopeguard-1.2.0/src/lib.rs:212:3\n    |\n212 | #[derive(Debug)]\n    |   ^^^^^^\n\n","error[E0405]: cannot find trait `FnOnce` in this scope\n   --> /home/runner/.cargo/registry/src/index.crates.io-6f17d22bba15001f/scopeguard-1.2.0/src/lib.rs:306:8\n    |\n306 |     F: FnOnce(T),\n    |        ^^^^^^ not found in this scope\n\n","error[E0405]: cannot find trait `FnOnce` in this scope\n   --> /home/runner/.cargo/registry/src/index.crates.io-6f17d22bba15001f/scopeguard-1.2.0/src/lib.rs:317:8\n    |\n317 |     F: FnOnce(T),\n    |        ^^^^^^ not found in this scope\n\n","error[E0405]: cannot find trait `FnOnce` in this scope\n   --> /home/runner/.cargo/registry/src/index.crates.io-6f17d22bba15001f/scopeguard-1.2.0/src/lib.rs:377:8\n    |\n377 |     F: FnOnce(T),\n    |        ^^^^^^ not found in this scope\n\n","error[E0405]: cannot find trait `Sync` in this scope\n   --> /home/runner/.cargo/registry/src/index.crates.io-6f17d22bba15001f/scopeguard-1.2.0/src/lib.rs:435:22\n    |\n435 | unsafe impl<T, F, S> Sync for ScopeGuard<T, F, S>\n    |                      ^^^^ not found in this scope\n\n","error[E0405]: cannot find trait `Sync` in this scope\n   --> /home/runner/.cargo/registry/src/index.crates.io-6f17d22bba15001f/scopeguard-1.2.0/src/lib.rs:437:8\n    |\n437 |     T: Sync,\n    |        ^^^^ not found in this scope\n\n","error[E0405]: cannot find trait `FnOnce` in this scope\n   --> /home/runner/.cargo/registry/src/index.crates.io-6f17d22bba15001f/scopeguard-1.2.0/src/lib.rs:438:8\n    |\n438 |     F: FnOnce(T),\n    |        ^^^^^^ not found in this scope\n\n","error[E0405]: cannot find trait `FnOnce` in this scope\n   --> /home/runner/.cargo/registry/src/index.crates.io-6f17d22bba15001f/scopeguard-1.2.0/src/lib.rs:445:8\n    |\n445 |     F: FnOnce(T),\n    |        ^^^^^^ not found in this scope\n\n","error[E0405]: cannot find trait `FnOnce` in this scope\n   --> /home/runner/.cargo/registry/src/index.crates.io-6f17d22bba15001f/scopeguard-1.2.0/src/lib.rs:457:8\n    |\n457 |     F: FnOnce(T),\n    |        ^^^^^^ not found in this scope\n\n","error[E0405]: cannot find trait `Drop` in this scope\n   --> /home/runner/.cargo/registry/src/index.crates.io-6f17d22bba15001f/scopeguard-1.2.0/src/lib.rs:465:15\n    |\n465 | impl<T, F, S> Drop for ScopeGuard<T, F, S>\n    |               ^^^^ not found in this scope\n\n","error[E0405]: cannot find trait `FnOnce` in this scope\n   --> /home/runner/.cargo/registry/src/index.crates.io-6f17d22bba15001f/scopeguard-1.2.0/src/lib.rs:467:8\n    |\n467 |     F: FnOnce(T),\n    |        ^^^^^^ not found in this scope\n\n","error[E0405]: cannot find trait `FnOnce` in this scope\n   --> /home/runner/.cargo/registry/src/index.crates.io-6f17d22bba15001f/scopeguard-1.2.0/src/lib.rs:483:8\n    |\n483 |     F: FnOnce(T),\n    |        ^^^^^^ not found in this scope\n\n"]}},{"file":"/home/runner/.cargo/registry/src/index.crates.io-6f17d22bba15001f/tock-registers-0.8.1/src/fields.rs","count":13,"kinds":{"Clippy(Error)":["error[E0463]: can't find crate for `core`\n  --> /home/runner/.cargo/registry/src/index.crates.io-6f17d22bba15001f/tock-registers-0.8.1/src/fields.rs:68:5\n   |\n68 | use core::marker::PhantomData;\n   |     ^^^^ can't find crate\n   |\n   = note: the `aarch64-unknown-none` target may not be installed\n   = help: consider downloading the target with `rustup target add aarch64-unknown-none`\n   = help: consider building the standard library from source with `cargo build -Zbuild-std`\n\n","error[E0463]: can't find crate for `core`\n  --> /home/runner/.cargo/registry/src/index.crates.io-6f17d22bba15001f/tock-registers-0.8.1/src/fields.rs:69:5\n   |\n69 | use core::ops::{Add, AddAssign};\n   |     ^^^^ can't find crate\n   |\n   = note: the `aarch64-unknown-none` target may not be installed\n   = help: consider downloading the target with `rustup target add aarch64-unknown-none`\n   = help: consider building the standard library from source with `cargo build -Zbuild-std`\n\n","error: cannot find attribute `derive` in this scope\n   --> /home/runner/.cargo/registry/src/index.crates.io-6f17d22bba15001f/tock-registers-0.8.1/src/fields.rs:193:3\n    |\n193 | #[derive(Copy, Clone)]\n    |   ^^^^^^\n\n","error[E0412]: cannot find type `Option` in this scope\n   --> /home/runner/.cargo/registry/src/index.crates.io-6f17d22bba15001f/tock-registers-0.8.1/src/fields.rs:140:76\n    |\n140 |     pub fn read_as_enum<E: TryFromValue<T, EnumType = E>>(self, val: T) -> Option<E> {\n    |                                                                            ^^^^^^ not found in this scope\n\n","error[E0405]: cannot find trait `Clone` in this scope\n   --> /home/runner/.cargo/registry/src/index.crates.io-6f17d22bba15001f/tock-registers-0.8.1/src/fields.rs:161:40\n    |\n161 | impl<T: UIntLike, R: RegisterLongName> Clone for Field<T, R> {\n    |                                        ^^^^^ not found in this scope\n\n","error[E0405]: cannot find trait `Copy` in this scope\n   --> /home/runner/.cargo/registry/src/index.crates.io-6f17d22bba15001f/tock-registers-0.8.1/src/fields.rs:170:40\n    |\n170 | impl<T: UIntLike, R: RegisterLongName> Copy for Field<T, R> {}\n    |                                        ^^^^ not found in this scope\n\n","error[E0405]: cannot find trait `From` in this scope\n   --> /home/runner/.cargo/registry/src/index.crates.io-6f17d22bba15001f/tock-registers-0.8.1/src/fields.rs:217:35\n    |\n217 |         impl<R: RegisterLongName> From<FieldValue<$type, R>> for $type {\n    |                                   ^^^^ not found in this scope\n...\n225 | FieldValue_impl_for!(u8);\n    | ------------------------ in this macro invocation\n    |\n    = note: this error originates in the macro `FieldValue_impl_for` (in Nightly builds, run with -Z macro-backtrace for more info)\n\n","error[E0405]: cannot find trait `From` in this scope\n   --> /home/runner/.cargo/registry/src/index.crates.io-6f17d22bba15001f/tock-registers-0.8.1/src/fields.rs:217:35\n    |\n217 |         impl<R: RegisterLongName> From<FieldValue<$type, R>> for $type {\n    |                                   ^^^^ not found in this scope\n...\n226 | FieldValue_impl_for!(u16);\n    | ------------------------- in this macro invocation\n    |\n    = note: this error originates in the macro `FieldValue_impl_for` (in Nightly builds, run with -Z macro-backtrace for more info)\n\n","error[E0405]: cannot find trait `From` in this scope\n   --> /home/runner/.cargo/registry/src/index.crates.io-6f17d22bba15001f/tock-registers-0.8.1/src/fields.rs:217:35\n    |\n217 |         impl<R: RegisterLongName> From<FieldValue<$type, R>> for $type {\n    |                                   ^^^^ not found in this scope\n...\n227 | FieldValue_impl_for!(u32);\n    | ------------------------- in this macro invocation\n    |\n    = note: this error originates in the macro `FieldValue_impl_for` (in Nightly builds, run with -Z macro-backtrace for more info)\n\n","error[E0405]: cannot find trait `From` in this scope\n   --> /home/runner/.cargo/registry/src/index.crates.io-6f17d22bba15001f/tock-registers-0.8.1/src/fields.rs:217:35\n    |\n217 |         impl<R: RegisterLongName> From<FieldValue<$type, R>> for $type {\n    |                                   ^^^^ not found in this scope\n...\n228 | FieldValue_impl_for!(u64);\n    | ------------------------- in this macro invocation\n    |\n    = note: this error originates in the macro `FieldValue_impl_for` (in Nightly builds, run with -Z macro-backtrace for more info)\n\n","error[E0405]: cannot find trait `From` in this scope\n   --> /home/runner/.cargo/registry/src/index.crates.io-6f17d22bba15001f/tock-registers-0.8.1/src/fields.rs:217:35\n    |\n217 |         impl<R: RegisterLongName> From<FieldValue<$type, R>> for $type {\n    |                                   ^^^^ not found in this scope\n...\n229 | FieldValue_impl_for!(u128);\n    | -------------------------- in this macro invocation\n    |\n    = note: this error originates in the macro `FieldValue_impl_for` (in Nightly builds, run with -Z macro-backtrace for more info)\n\n","error[E0405]: cannot find trait `From` in this scope\n   --> /home/runner/.cargo/registry/src/index.crates.io-6f17d22bba15001f/tock-registers-0.8.1/src/fields.rs:217:35\n    |\n217 |         impl<R: RegisterLongName> From<FieldValue<$type, R>> for $type {\n    |                                   ^^^^ not found in this scope\n...\n230 | FieldValue_impl_for!(usize);\n    | --------------------------- in this macro invocation\n    |\n    = note: this error originates in the macro `FieldValue_impl_for` (in Nightly builds, run with -Z macro-backtrace for more info)\n\n","error[E0412]: cannot find type `Option` in this scope\n   --> /home/runner/.cargo/registry/src/index.crates.io-6f17d22bba15001f/tock-registers-0.8.1/src/fields.rs:300:32\n    |\n300 |     fn try_from_value(v: V) -> Option<Self::EnumType>;\n    |                                ^^^^^^ not found in this scope\n\n"]}},{"file":"/home/runner/.cargo/registry/src/index.crates.io-6f17d22bba15001f/tock-registers-0.8.1/src/local_register.rs","count":11,"kinds":{"Clippy(Error)":["error[E0463]: can't find crate for `core`\n --> /home/runner/.cargo/registry/src/index.crates.io-6f17d22bba15001f/tock-registers-0.8.1/src/local_register.rs:4:5\n  |\n4 | use core::fmt;\n  |     ^^^^ can't find crate\n  |\n  = note: the `aarch64-unknown-none` target may not be installed\n  = help: consider downloading the target with `rustup target add aarch64-unknown-none`\n  = help: consider building the standard library from source with `cargo build -Zbuild-std`\n\n","error[E0463]: can't find crate for `core`\n --> /home/runner/.cargo/registry/src/index.crates.io-6f17d22bba15001f/tock-registers-0.8.1/src/local_register.rs:5:5\n  |\n5 | use core::marker::PhantomData;\n  |     ^^^^ can't find crate\n  |\n  = note: the `aarch64-unknown-none` target may not be installed\n  = help: consider downloading the target with `rustup target add aarch64-unknown-none`\n  = help: consider building the standard library from source with `cargo build -Zbuild-std`\n\n","error: cannot find attribute `derive` in this scope\n  --> /home/runner/.cargo/registry/src/index.crates.io-6f17d22bba15001f/tock-registers-0.8.1/src/local_register.rs:30:3\n   |\n30 | #[derive(Copy, Clone)]\n   |   ^^^^^^\n\n","error: cannot find macro `write` in this scope\n   --> /home/runner/.cargo/registry/src/index.crates.io-6f17d22bba15001f/tock-registers-0.8.1/src/local_register.rs:108:9\n    |\n108 |         write!(f, \"{:?}\", self.value)\n    |         ^^^^^\n\n","error[E0412]: cannot find type `Option` in this scope\n  --> /home/runner/.cargo/registry/src/index.crates.io-6f17d22bba15001f/tock-registers-0.8.1/src/local_register.rs:64:89\n   |\n64 |     pub fn read_as_enum<E: TryFromValue<T, EnumType = E>>(&self, field: Field<T, R>) -> Option<E> {\n   |                                                                                         ^^^^^^ not found in this scope\n\n","error[E0405]: cannot find trait `From` in this scope\n   --> /home/runner/.cargo/registry/src/index.crates.io-6f17d22bba15001f/tock-registers-0.8.1/src/local_register.rs:116:35\n    |\n116 |         impl<R: RegisterLongName> From<LocalRegisterCopy<$type, R>> for $type {\n    |                                   ^^^^ not found in this scope\n...\n124 | From_impl_for!(u8);\n    | ------------------ in this macro invocation\n    |\n    = note: this error originates in the macro `From_impl_for` (in Nightly builds, run with -Z macro-backtrace for more info)\n\n","error[E0405]: cannot find trait `From` in this scope\n   --> /home/runner/.cargo/registry/src/index.crates.io-6f17d22bba15001f/tock-registers-0.8.1/src/local_register.rs:116:35\n    |\n116 |         impl<R: RegisterLongName> From<LocalRegisterCopy<$type, R>> for $type {\n    |                                   ^^^^ not found in this scope\n...\n125 | From_impl_for!(u16);\n    | ------------------- in this macro invocation\n    |\n    = note: this error originates in the macro `From_impl_for` (in Nightly builds, run with -Z macro-backtrace for more info)\n\n","error[E0405]: cannot find trait `From` in this scope\n   --> /home/runner/.cargo/registry/src/index.crates.io-6f17d22bba15001f/tock-registers-0.8.1/src/local_register.rs:116:35\n    |\n116 |         impl<R: RegisterLongName> From<LocalRegisterCopy<$type, R>> for $type {\n    |                                   ^^^^ not found in this scope\n...\n126 | From_impl_for!(u32);\n    | ------------------- in this macro invocation\n    |\n    = note: this error originates in the macro `From_impl_for` (in Nightly builds, run with -Z macro-backtrace for more info)\n\n","error[E0405]: cannot find trait `From` in this scope\n   --> /home/runner/.cargo/registry/src/index.crates.io-6f17d22bba15001f/tock-registers-0.8.1/src/local_register.rs:116:35\n    |\n116 |         impl<R: RegisterLongName> From<LocalRegisterCopy<$type, R>> for $type {\n    |                                   ^^^^ not found in this scope\n...\n127 | From_impl_for!(u64);\n    | ------------------- in this macro invocation\n    |\n    = note: this error originates in the macro `From_impl_for` (in Nightly builds, run with -Z macro-backtrace for more info)\n\n","error[E0405]: cannot find trait `From` in this scope\n   --> /home/runner/.cargo/registry/src/index.crates.io-6f17d22bba15001f/tock-registers-0.8.1/src/local_register.rs:116:35\n    |\n116 |         impl<R: RegisterLongName> From<LocalRegisterCopy<$type, R>> for $type {\n    |                                   ^^^^ not found in this scope\n...\n128 | From_impl_for!(u128);\n    | -------------------- in this macro invocation\n    |\n    = note: this error originates in the macro `From_impl_for` (in Nightly builds, run with -Z macro-backtrace for more info)\n\n","error[E0405]: cannot find trait `From` in this scope\n   --> /home/runner/.cargo/registry/src/index.crates.io-6f17d22bba15001f/tock-registers-0.8.1/src/local_register.rs:116:35\n    |\n116 |         impl<R: RegisterLongName> From<LocalRegisterCopy<$type, R>> for $type {\n    |                                   ^^^^ not found in this scope\n...\n129 | From_impl_for!(usize);\n    | --------------------- in this macro invocation\n    |\n    = note: this error originates in the macro `From_impl_for` (in Nightly builds, run with -Z macro-backtrace for more info)\n\n"]}},{"file":"/home/runner/.cargo/registry/src/index.crates.io-6f17d22bba15001f/bitflags-2.6.0/src/iter.rs","count":11,"kinds":{"Clippy(Error)":["error[E0405]: cannot find trait `Iterator` in this scope\n  --> /home/runner/.cargo/registry/src/index.crates.io-6f17d22bba15001f/bitflags-2.6.0/src/iter.rs:38:16\n   |\n38 | impl<B: Flags> Iterator for Iter<B> {\n   |                ^^^^^^^^ not found in this scope\n\n","error[E0412]: cannot find type `Option` in this scope\n  --> /home/runner/.cargo/registry/src/index.crates.io-6f17d22bba15001f/bitflags-2.6.0/src/iter.rs:41:27\n   |\n41 |     fn next(&mut self) -> Option<Self::Item> {\n   |                           ^^^^^^ not found in this scope\n\n","error[E0531]: cannot find tuple struct or tuple variant `Some` in this scope\n  --> /home/runner/.cargo/registry/src/index.crates.io-6f17d22bba15001f/bitflags-2.6.0/src/iter.rs:43:13\n   |\n43 |             Some((_, flag)) => Some(flag),\n   |             ^^^^ not found in this scope\n\n","error[E0405]: cannot find trait `Iterator` in this scope\n   --> /home/runner/.cargo/registry/src/index.crates.io-6f17d22bba15001f/bitflags-2.6.0/src/iter.rs:107:16\n    |\n107 | impl<B: Flags> Iterator for IterNames<B> {\n    |                ^^^^^^^^ not found in this scope\n\n","error[E0412]: cannot find type `Option` in this scope\n   --> /home/runner/.cargo/registry/src/index.crates.io-6f17d22bba15001f/bitflags-2.6.0/src/iter.rs:110:27\n    |\n110 |     fn next(&mut self) -> Option<Self::Item> {\n    |                           ^^^^^^ not found in this scope\n\n","error[E0531]: cannot find tuple struct or tuple variant `Some` in this scope\n   --> /home/runner/.cargo/registry/src/index.crates.io-6f17d22bba15001f/bitflags-2.6.0/src/iter.rs:111:19\n    |\n111 |         while let Some(flag) = self.flags.get(self.idx) {\n    |                   ^^^^ not found in this scope\n\n","error[E0425]: cannot find value `None` in this scope\n   --> /home/runner/.cargo/registry/src/index.crates.io-6f17d22bba15001f/bitflags-2.6.0/src/iter.rs:114:24\n    |\n114 |                 return None;\n    |                        ^^^^ not found in this scope\n\n","error[E0425]: cannot find value `None` in this scope\n   --> /home/runner/.cargo/registry/src/index.crates.io-6f17d22bba15001f/bitflags-2.6.0/src/iter.rs:143:9\n    |\n143 |         None\n    |         ^^^^ not found in this scope\n\n","error[E0425]: cannot find function, tuple struct or tuple variant `Some` in this scope\n  --> /home/runner/.cargo/registry/src/index.crates.io-6f17d22bba15001f/bitflags-2.6.0/src/iter.rs:43:32\n   |\n43 |             Some((_, flag)) => Some(flag),\n   |                                ^^^^ not found in this scope\n\n","error[E0425]: cannot find function, tuple struct or tuple variant `Some` in this scope\n  --> /home/runner/.cargo/registry/src/index.crates.io-6f17d22bba15001f/bitflags-2.6.0/src/iter.rs:51:21\n   |\n51 |                     Some(B::from_bits_retain(self.inner.remaining.bits()))\n   |                     ^^^^ not found in this scope\n\n","error[E0425]: cannot find function, tuple struct or tuple variant `Some` in this scope\n   --> /home/runner/.cargo/registry/src/index.crates.io-6f17d22bba15001f/bitflags-2.6.0/src/iter.rs:139:24\n    |\n139 |                 return Some((flag.name(), B::from_bits_retain(bits)));\n    |                        ^^^^ not found in this scope\n\n"]}},{"file":"/home/runner/.cargo/registry/src/index.crates.io-6f17d22bba15001f/tock-registers-0.8.1/src/registers.rs","count":10,"kinds":{"Clippy(Error)":["error[E0463]: can't find crate for `core`\n  --> /home/runner/.cargo/registry/src/index.crates.io-6f17d22bba15001f/tock-registers-0.8.1/src/registers.rs:19:5\n   |\n19 | use core::cell::UnsafeCell;\n   |     ^^^^ can't find crate\n   |\n   = note: the `aarch64-unknown-none` target may not be installed\n   = help: consider downloading the target with `rustup target add aarch64-unknown-none`\n   = help: consider building the standard library from source with `cargo build -Zbuild-std`\n\n","error[E0463]: can't find crate for `core`\n  --> /home/runner/.cargo/registry/src/index.crates.io-6f17d22bba15001f/tock-registers-0.8.1/src/registers.rs:20:5\n   |\n20 | use core::marker::PhantomData;\n   |     ^^^^ can't find crate\n   |\n   = note: the `aarch64-unknown-none` target may not be installed\n   = help: consider downloading the target with `rustup target add aarch64-unknown-none`\n   = help: consider building the standard library from source with `cargo build -Zbuild-std`\n\n","error[E0463]: can't find crate for `core`\n  --> /home/runner/.cargo/registry/src/index.crates.io-6f17d22bba15001f/tock-registers-0.8.1/src/registers.rs:44:20\n   |\n44 |         unsafe { ::core::ptr::read_volatile(self.value.get()) }\n   |                    ^^^^ can't find crate\n   |\n   = note: the `aarch64-unknown-none` target may not be installed\n   = help: consider downloading the target with `rustup target add aarch64-unknown-none`\n   = help: consider building the standard library from source with `cargo build -Zbuild-std`\n\n","error[E0463]: can't find crate for `core`\n  --> /home/runner/.cargo/registry/src/index.crates.io-6f17d22bba15001f/tock-registers-0.8.1/src/registers.rs:53:20\n   |\n53 |         unsafe { ::core::ptr::write_volatile(self.value.get(), value) }\n   |                    ^^^^ can't find crate\n   |\n   = note: the `aarch64-unknown-none` target may not be installed\n   = help: consider downloading the target with `rustup target add aarch64-unknown-none`\n   = help: consider building the standard library from source with `cargo build -Zbuild-std`\n\n","error[E0463]: can't find crate for `core`\n  --> /home/runner/.cargo/registry/src/index.crates.io-6f17d22bba15001f/tock-registers-0.8.1/src/registers.rs:74:20\n   |\n74 |         unsafe { ::core::ptr::read_volatile(&self.value) }\n   |                    ^^^^ can't find crate\n   |\n   = note: the `aarch64-unknown-none` target may not be installed\n   = help: consider downloading the target with `rustup target add aarch64-unknown-none`\n   = help: consider building the standard library from source with `cargo build -Zbuild-std`\n\n","error[E0463]: can't find crate for `core`\n  --> /home/runner/.cargo/registry/src/index.crates.io-6f17d22bba15001f/tock-registers-0.8.1/src/registers.rs:95:20\n   |\n95 |         unsafe { ::core::ptr::write_volatile(self.value.get(), value) }\n   |                    ^^^^ can't find crate\n   |\n   = note: the `aarch64-unknown-none` target may not be installed\n   = help: consider downloading the target with `rustup target add aarch64-unknown-none`\n   = help: consider building the standard library from source with `cargo build -Zbuild-std`\n\n","error[E0463]: can't find crate for `core`\n   --> /home/runner/.cargo/registry/src/index.crates.io-6f17d22bba15001f/tock-registers-0.8.1/src/registers.rs:125:20\n    |\n125 |         unsafe { ::core::ptr::read_volatile(self.value.get()) }\n    |                    ^^^^ can't find crate\n    |\n    = note: the `aarch64-unknown-none` target may not be installed\n    = help: consider downloading the target with `rustup target add aarch64-unknown-none`\n    = help: consider building the standard library from source with `cargo build -Zbuild-std`\n\n","error[E0463]: can't find crate for `core`\n   --> /home/runner/.cargo/registry/src/index.crates.io-6f17d22bba15001f/tock-registers-0.8.1/src/registers.rs:134:20\n    |\n134 |         unsafe { ::core::ptr::write_volatile(self.value.get(), value) }\n    |                    ^^^^ can't find crate\n    |\n    = note: the `aarch64-unknown-none` target may not be installed\n    = help: consider downloading the target with `rustup target add aarch64-unknown-none`\n    = help: consider building the standard library from source with `cargo build -Zbuild-std`\n\n","error[E0463]: can't find crate for `core`\n   --> /home/runner/.cargo/registry/src/index.crates.io-6f17d22bba15001f/tock-registers-0.8.1/src/registers.rs:170:20\n    |\n170 |         unsafe { ::core::ptr::read_volatile(self.value.get()) }\n    |                    ^^^^ can't find crate\n    |\n    = note: the `aarch64-unknown-none` target may not be installed\n    = help: consider downloading the target with `rustup target add aarch64-unknown-none`\n    = help: consider building the standard library from source with `cargo build -Zbuild-std`\n\n","error[E0463]: can't find crate for `core`\n   --> /home/runner/.cargo/registry/src/index.crates.io-6f17d22bba15001f/tock-registers-0.8.1/src/registers.rs:179:20\n    |\n179 |         unsafe { ::core::ptr::write_volatile(self.value.get(), value) }\n    |                    ^^^^ can't find crate\n    |\n    = note: the `aarch64-unknown-none` target may not be installed\n    = help: consider downloading the target with `rustup target add aarch64-unknown-none`\n    = help: consider building the standard library from source with `cargo build -Zbuild-std`\n\n"]}},{"file":"/home/runner/.cargo/registry/src/index.crates.io-6f17d22bba15001f/tock-registers-0.8.1/src/lib.rs","count":6,"kinds":{"Clippy(Error)":["error[E0463]: can't find crate for `core`\n  |\n  = note: the `aarch64-unknown-none` target may not be installed\n  = help: consider downloading the target with `rustup target add aarch64-unknown-none`\n  = help: consider building the standard library from source with `cargo build -Zbuild-std`\n\n","error[E0463]: can't find crate for `compiler_builtins`\n\n","error[E0463]: can't find crate for `core`\n  --> /home/runner/.cargo/registry/src/index.crates.io-6f17d22bba15001f/tock-registers-0.8.1/src/lib.rs:71:5\n   |\n71 | use core::ops::{BitAnd, BitOr, BitOrAssign, Not, Shl, Shr};\n   |     ^^^^ can't find crate\n   |\n   = note: the `aarch64-unknown-none` target may not be installed\n   = help: consider downloading the target with `rustup target add aarch64-unknown-none`\n   = help: consider building the standard library from source with `cargo build -Zbuild-std`\n\n","error[E0405]: cannot find trait `Eq` in this scope\n  --> /home/runner/.cargo/registry/src/index.crates.io-6f17d22bba15001f/tock-registers-0.8.1/src/lib.rs:87:7\n   |\n87 |     + Eq\n   |       ^^ not found in this scope\n\n","error[E0405]: cannot find trait `Copy` in this scope\n  --> /home/runner/.cargo/registry/src/index.crates.io-6f17d22bba15001f/tock-registers-0.8.1/src/lib.rs:90:7\n   |\n90 |     + Copy\n   |       ^^^^ not found in this scope\n\n","error[E0405]: cannot find trait `Clone` in this scope\n  --> /home/runner/.cargo/registry/src/index.crates.io-6f17d22bba15001f/tock-registers-0.8.1/src/lib.rs:91:7\n   |\n91 |     + Clone\n   |       ^^^^^ not found in this scope\n\n"]}},{"file":"src/frame.rs","count":6,"kinds":{"Clippy(Warn)":["warning: function `add_frame_range` is never used\n --> src/frame.rs:8:8\n  |\n8 | pub fn add_frame_range(mm_start: usize, mm_end: usize) {\n  |        ^^^^^^^^^^^^^^^\n  |\n  = note: `#[warn(dead_code)]` on by default\n\n","warning: redundant closure\n --> src/frame.rs:6:15\n  |\n6 |     Lazy::new(|| LockedFrameAllocator::new());\n  |               ^^^^^^^^^^^^^^^^^^^^^^^^^^^^^^ help: replace the closure with the function itself: `LockedFrameAllocator::new`\n  |\n  = help: for further information visit https://rust-lang.github.io/rust-clippy/master/index.html#redundant_closure\n  = note: `#[warn(clippy::redundant_closure)]` on by default\n\n","warning: function `add_frame_range` is never used\n --> src/frame.rs:8:8\n  |\n8 | pub fn add_frame_range(mm_start: usize, mm_end: usize) {\n  |        ^^^^^^^^^^^^^^^\n  |\n  = note: `#[warn(dead_code)]` on by default\n\n","warning: redundant closure\n --> src/frame.rs:6:15\n  |\n6 |     Lazy::new(|| LockedFrameAllocator::new());\n  |               ^^^^^^^^^^^^^^^^^^^^^^^^^^^^^^ help: replace the closure with the function itself: `LockedFrameAllocator::new`\n  |\n  = help: for further information visit https://rust-lang.github.io/rust-clippy/master/index.html#redundant_closure\n  = note: `#[warn(clippy::redundant_closure)]` on by default\n\n","warning: function `add_frame_range` is never used\n --> src/frame.rs:8:8\n  |\n8 | pub fn add_frame_range(mm_start: usize, mm_end: usize) {\n  |        ^^^^^^^^^^^^^^^\n  |\n  = note: `#[warn(dead_code)]` on by default\n\n","warning: redundant closure\n --> src/frame.rs:6:15\n  |\n6 |     Lazy::new(|| LockedFrameAllocator::new());\n  |               ^^^^^^^^^^^^^^^^^^^^^^^^^^^^^^ help: replace the closure with the function itself: `LockedFrameAllocator::new`\n  |\n  = help: for further information visit https://rust-lang.github.io/rust-clippy/master/index.html#redundant_closure\n  = note: `#[warn(clippy::redundant_closure)]` on by default\n\n"]}},{"file":"src/pci.rs","count":3,"kinds":{"Clippy(Warn)":["warning: unused variable: `addr`\n  --> src/pci.rs:64:18\n   |\n64 |     if let Some((addr, size)) = bar_info.memory_address_size() {\n   |                  ^^^^ help: if this is intentional, prefix it with an underscore: `_addr`\n   |\n   = note: `#[warn(unused_variables)]` on by default\n\n","warning: unused variable: `addr`\n  --> src/pci.rs:64:18\n   |\n64 |     if let Some((addr, size)) = bar_info.memory_address_size() {\n   |                  ^^^^ help: if this is intentional, prefix it with an underscore: `_addr`\n   |\n   = note: `#[warn(unused_variables)]` on by default\n\n","warning: unused variable: `addr`\n  --> src/pci.rs:64:18\n   |\n64 |     if let Some((addr, size)) = bar_info.memory_address_size() {\n   |                  ^^^^ help: if this is intentional, prefix it with an underscore: `_addr`\n   |\n   = note: `#[warn(unused_variables)]` on by default\n\n"]}},{"file":"/home/runner/.cargo/registry/src/index.crates.io-6f17d22bba15001f/bitflags-2.6.0/src/lib.rs","count":3,"kinds":{"Clippy(Error)":["error[E0463]: can't find crate for `core`\n  |\n  = note: the `aarch64-unknown-none` target may not be installed\n  = help: consider downloading the target with `rustup target add aarch64-unknown-none`\n  = help: consider building the standard library from source with `cargo build -Zbuild-std`\n\n","error[E0463]: can't find crate for `compiler_builtins`\n\n","error[E0463]: can't find crate for `core`\n   --> /home/runner/.cargo/registry/src/index.crates.io-6f17d22bba15001f/bitflags-2.6.0/src/lib.rs:259:13\n    |\n259 |     pub use core;\n    |             ^^^^ can't find crate\n    |\n    = note: the `aarch64-unknown-none` target may not be installed\n    = help: consider downloading the target with `rustup target add aarch64-unknown-none`\n    = help: consider building the standard library from source with `cargo build -Zbuild-std`\n\n"]}},{"file":"/home/runner/.cargo/registry/src/index.crates.io-6f17d22bba15001f/log-0.4.22/src/macros.rs","count":3,"kinds":{"Clippy(Warn)":["warning: unreachable statement\n  --> src/main.rs:87:5\n   |\n81 | /     loop {\n82 | |         if let Some(c) = DebugConsole::getchar() {\n83 | |             DebugConsole::putchar(c);\n84 | |         }\n85 | |     }\n   | |_____- any code following this expression is unreachable\n86 |\n87 |       log::info!(\"Run END. Shutdown successfully.\");\n   |       ^^^^^^^^^^^^^^^^^^^^^^^^^^^^^^^^^^^^^^^^^^^^^ unreachable statement\n   |\n   = note: `#[warn(unreachable_code)]` on by default\n   = note: this warning originates in the macro `$crate::log` which comes from the expansion of the macro `log::info` (in Nightly builds, run with -Z macro-backtrace for more info)\n\n","warning: unreachable statement\n  --> src/main.rs:87:5\n   |\n81 | /     loop {\n82 | |         if let Some(c) = DebugConsole::getchar() {\n83 | |             DebugConsole::putchar(c);\n84 | |         }\n85 | |     }\n   | |_____- any code following this expression is unreachable\n86 |\n87 |       log::info!(\"Run END. Shutdown successfully.\");\n   |       ^^^^^^^^^^^^^^^^^^^^^^^^^^^^^^^^^^^^^^^^^^^^^ unreachable statement\n   |\n   = note: `#[warn(unreachable_code)]` on by default\n   = note: this warning originates in the macro `$crate::log` which comes from the expansion of the macro `log::info` (in Nightly builds, run with -Z macro-backtrace for more info)\n\n","warning: unreachable statement\n  --> src/main.rs:87:5\n   |\n81 | /     loop {\n82 | |         if let Some(c) = DebugConsole::getchar() {\n83 | |             DebugConsole::putchar(c);\n84 | |         }\n85 | |     }\n   | |_____- any code following this expression is unreachable\n86 |\n87 |       log::info!(\"Run END. Shutdown successfully.\");\n   |       ^^^^^^^^^^^^^^^^^^^^^^^^^^^^^^^^^^^^^^^^^^^^^ unreachable statement\n   |\n   = note: `#[warn(unreachable_code)]` on by default\n   = note: this warning originates in the macro `$crate::log` which comes from the expansion of the macro `log::info` (in Nightly builds, run with -Z macro-backtrace for more info)\n\n"]}},{"file":"src/main.rs","count":3,"kinds":{"Clippy(Warn)":["warning: unneeded `return` statement\n  --> src/main.rs:36:23\n   |\n36 |         Breakpoint => return,\n   |                       ^^^^^^\n   |\n   = help: for further information visit https://rust-lang.github.io/rust-clippy/master/index.html#needless_return\n   = note: `#[warn(clippy::needless_return)]` on by default\nhelp: replace `return` with a unit value\n   |\n36 |         Breakpoint => (),\n   |                       ~~\n\n","warning: unneeded `return` statement\n  --> src/main.rs:36:23\n   |\n36 |         Breakpoint => return,\n   |                       ^^^^^^\n   |\n   = help: for further information visit https://rust-lang.github.io/rust-clippy/master/index.html#needless_return\n   = note: `#[warn(clippy::needless_return)]` on by default\nhelp: replace `return` with a unit value\n   |\n36 |         Breakpoint => (),\n   |                       ~~\n\n","warning: unneeded `return` statement\n  --> src/main.rs:36:23\n   |\n36 |         Breakpoint => return,\n   |                       ^^^^^^\n   |\n   = help: for further information visit https://rust-lang.github.io/rust-clippy/master/index.html#needless_return\n   = note: `#[warn(clippy::needless_return)]` on by default\nhelp: replace `return` with a unit value\n   |\n36 |         Breakpoint => (),\n   |                       ~~\n\n"]}},{"file":"(virtual) lockbud","count":2,"kinds":{"Cargo":["// pkg_name=example, checker=Lockbud\n// toolchain=nightly-2023-12-01, target=aarch64-unknown-none\n// pkg_dir=/home/runner/check/batch_1/Byte-OS/polyhal/example\n// cmd=cargo +nightly-2024-05-21 lockbud -k all -- --target aarch64-unknown-none\n   Compiling lock_api v0.4.11\n   Compiling scopeguard v1.2.0\n   Compiling tock-registers v0.8.1\n   Compiling log v0.4.22\n   Compiling bitflags v2.6.0\n   Compiling byteorder v1.5.0\n   Compiling arm_pl011 v0.1.0\n   Compiling zerocopy v0.7.35\n   Compiling aarch64-cpu v9.4.0\n   Compiling arm_gicv2 v0.1.0\n   Compiling spin v0.9.8\n   Compiling cfg-if v1.0.0\n   Compiling fdt v0.1.5\n   Compiling buddy_system_allocator v0.9.1\n   Compiling virtio-drivers v0.7.5\n   Compiling polyhal v0.1.3 (/home/runner/check/batch_1/Byte-OS/polyhal)\nwarning: unexpected `cfg` condition name: `c906`\n   --> /home/runner/check/batch_1/Byte-OS/polyhal/src/addr.rs:219:15\n    |\n219 |         #[cfg(c906)]\n    |               ^^^^\n    |\n    = help: expected names are: `clippy`, `debug_assertions`, `doc`, `docsrs`, `doctest`, `feature`, `miri`, `overflow_checks`, `panic`, `proc_macro`, `relocation_model`, `rustfmt`, `sanitize`, `sanitizer_cfi_generalize_pointers`, `sanitizer_cfi_normalize_integers`, `target_abi`, `target_arch`, `target_endian`, `target_env`, `target_family`, `target_feature`, `target_has_atomic`, `target_has_atomic_equal_alignment`, `target_has_atomic_load_store`, `target_os`, `target_pointer_width`, `target_thread_local`, `target_vendor`, `test`, `ub_checks`, `unix`, `windows`\n    = help: consider using a Cargo feature instead\n    = help: or consider adding in `Cargo.toml` the `check-cfg` lint config for the lint:\n             [lints.rust]\n             unexpected_cfgs = { level = \"warn\", check-cfg = ['cfg(c906)'] }\n    = help: or consider adding `println!(\"cargo::rustc-check-cfg=cfg(c906)\");` to the top of the `build.rs`\n    = note: see <https://doc.rust-lang.org/nightly/rustc/check-cfg/cargo-specifics.html> for more information about checking conditional configuration\n    = note: `#[warn(unexpected_cfgs)]` on by default\n\nwarning: unexpected `cfg` condition name: `board`\n   --> /home/runner/check/batch_1/Byte-OS/polyhal/src/addr.rs:224:15\n    |\n224 |         #[cfg(board = \"2k1000\")]\n    |               ^^^^^^^^^^^^^^^^\n    |\n    = help: consider using a Cargo feature instead\n    = help: or consider adding in `Cargo.toml` the `check-cfg` lint config for the lint:\n             [lints.rust]\n             unexpected_cfgs = { level = \"warn\", check-cfg = ['cfg(board, values(\"2k1000\"))'] }\n    = help: or consider adding `println!(\"cargo::rustc-check-cfg=cfg(board, values(\\\"2k1000\\\"))\");` to the top of the `build.rs`\n    = note: see <https://doc.rust-lang.org/nightly/rustc/check-cfg/cargo-specifics.html> for more information about checking conditional configuration\n\nwarning: unexpected `cfg` condition name: `board`\n   --> /home/runner/check/batch_1/Byte-OS/polyhal/src/addr.rs:240:15\n    |\n240 |         #[cfg(board = \"2k1000\")]\n    |               ^^^^^^^^^^^^^^^^\n    |\n    = help: consider using a Cargo feature instead\n    = help: or consider adding in `Cargo.toml` the `check-cfg` lint config for the lint:\n             [lints.rust]\n             unexpected_cfgs = { level = \"warn\", check-cfg = ['cfg(board, values(\"2k1000\"))'] }\n    = help: or consider adding `println!(\"cargo::rustc-check-cfg=cfg(board, values(\\\"2k1000\\\"))\");` to the top of the `build.rs`\n    = note: see <https://doc.rust-lang.org/nightly/rustc/check-cfg/cargo-specifics.html> for more information about checking conditional configuration\n\nwarning: unexpected `cfg` condition name: `c906`\n   --> /home/runner/check/batch_1/Byte-OS/polyhal/src/addr.rs:244:15\n    |\n244 |         #[cfg(c906)]\n    |               ^^^^\n    |\n    = help: consider using a Cargo feature instead\n    = help: or consider adding in `Cargo.toml` the `check-cfg` lint config for the lint:\n             [lints.rust]\n             unexpected_cfgs = { level = \"warn\", check-cfg = ['cfg(c906)'] }\n    = help: or consider adding `println!(\"cargo::rustc-check-cfg=cfg(c906)\");` to the top of the `build.rs`\n    = note: see <https://doc.rust-lang.org/nightly/rustc/check-cfg/cargo-specifics.html> for more information about checking conditional configuration\n\nwarning: the feature `offset_of` has been stable since 1.77.0 and no longer requires an attribute to enable\n --> /home/runner/check/batch_1/Byte-OS/polyhal/src/lib.rs:8:12\n  |\n8 | #![feature(offset_of)]\n  |            ^^^^^^^^^\n  |\n  = note: `#[warn(stable_features)]` on by default\n\nwarning: field `0` is never read\n  --> /home/runner/check/batch_1/Byte-OS/polyhal/src/components/percpu/mod.rs:15:19\n   |\n15 | struct PerCPUDATA([u8; PAGE_SIZE]);\n   |        ---------- ^^^^^^^^^^^^^^^\n   |        |\n   |        field in this struct\n   |\n   = note: `#[warn(dead_code)]` on by default\nhelp: consider changing the field to be of unit type to suppress this warning while preserving the field numbering, or remove the field\n   |\n15 | struct PerCPUDATA(());\n   |                   ~~\n\nwarning: `polyhal` (lib) generated 6 warnings\n   Compiling example v0.1.0 (/home/runner/check/batch_1/Byte-OS/polyhal/example)\nwarning: unreachable statement\n  --> src/main.rs:87:5\n   |\n81 | /     loop {\n82 | |         if let Some(c) = DebugConsole::getchar() {\n83 | |             DebugConsole::putchar(c);\n84 | |         }\n85 | |     }\n   | |_____- any code following this expression is unreachable\n86 |\n87 |       log::info!(\"Run END. Shutdown successfully.\");\n   |       ^^^^^^^^^^^^^^^^^^^^^^^^^^^^^^^^^^^^^^^^^^^^^ unreachable statement\n   |\n   = note: `#[warn(unreachable_code)]` on by default\n   = note: this warning originates in the macro `$crate::log` which comes from the expansion of the macro `log::info` (in Nightly builds, run with -Z macro-backtrace for more info)\n\nwarning: unused variable: `addr`\n  --> src/pci.rs:64:18\n   |\n64 |     if let Some((addr, size)) = bar_info.memory_address_size() {\n   |                  ^^^^ help: if this is intentional, prefix it with an underscore: `_addr`\n   |\n   = note: `#[warn(unused_variables)]` on by default\n\nwarning: function `add_frame_range` is never used\n --> src/frame.rs:8:8\n  |\n8 | pub fn add_frame_range(mm_start: usize, mm_end: usize) {\n  |        ^^^^^^^^^^^^^^^\n  |\n  = note: `#[warn(dead_code)]` on by default\n\nerror: linking with `rust-lld` failed: exit status: 1\n  |\n  = note: LC_ALL=\"C\" PATH=\"/home/runner/.rustup/toolchains/nightly-2024-05-21-x86_64-unknown-linux-gnu/lib/rustlib/x86_64-unknown-linux-gnu/bin:/opt/hostedtoolcache/sccache/0.8.1/x64:/snap/bin:/home/runner/.local/bin:/opt/pipx_bin:/home/runner/.cargo/bin:/home/runner/.config/composer/vendor/bin:/usr/local/.ghcup/bin:/home/runner/.dotnet/tools:/usr/local/sbin:/usr/local/bin:/usr/sbin:/usr/bin:/sbin:/bin:/usr/games:/usr/local/games:/snap/bin\" VSLANG=\"1033\" \"rust-lld\" \"-flavor\" \"gnu\" \"--fix-cortex-a53-843419\" \"/tmp/rustcgCWeyc/symbols.o\" \"/home/runner/check/batch_1/Byte-OS/polyhal/example/target/aarch64-unknown-none/debug/deps/example-117d8dbeafa3a892.example.13cb11107d09ef78-cgu.0.rcgu.o\" \"/home/runner/check/batch_1/Byte-OS/polyhal/example/target/aarch64-unknown-none/debug/deps/example-117d8dbeafa3a892.example.13cb11107d09ef78-cgu.1.rcgu.o\" \"/home/runner/check/batch_1/Byte-OS/polyhal/example/target/aarch64-unknown-none/debug/deps/example-117d8dbeafa3a892.example.13cb11107d09ef78-cgu.2.rcgu.o\" \"/home/runner/check/batch_1/Byte-OS/polyhal/example/target/aarch64-unknown-none/debug/deps/example-117d8dbeafa3a892.0kydy5nwzeeic8po2mlhsa5a7.rcgu.o\" \"--as-needed\" \"-L\" \"/home/runner/check/batch_1/Byte-OS/polyhal/example/target/aarch64-unknown-none/debug/deps\" \"-L\" \"/home/runner/check/batch_1/Byte-OS/polyhal/example/target/debug/deps\" \"-L\" \"/home/runner/.rustup/toolchains/nightly-2024-05-21-x86_64-unknown-linux-gnu/lib/rustlib/aarch64-unknown-none/lib\" \"-Bstatic\" \"/home/runner/check/batch_1/Byte-OS/polyhal/example/target/aarch64-unknown-none/debug/deps/libvirtio_drivers-7205d20d3c85167f.rlib\" \"/home/runner/check/batch_1/Byte-OS/polyhal/example/target/aarch64-unknown-none/debug/deps/libzerocopy-00f6727730b34584.rlib\" \"/home/runner/check/batch_1/Byte-OS/polyhal/example/target/aarch64-unknown-none/debug/deps/libbyteorder-6251f93bd70992ab.rlib\" \"/home/runner/check/batch_1/Byte-OS/polyhal/example/target/aarch64-unknown-none/debug/deps/libpolyhal-1cb718896e8e516b.rlib\" \"/home/runner/check/batch_1/Byte-OS/polyhal/example/target/aarch64-unknown-none/debug/deps/libarm_gicv2-9c3e5d2b8b907842.rlib\" \"/home/runner/check/batch_1/Byte-OS/polyhal/example/target/aarch64-unknown-none/debug/deps/libarm_pl011-c5b8dedabc130c76.rlib\" \"/home/runner/check/batch_1/Byte-OS/polyhal/example/target/aarch64-unknown-none/debug/deps/libaarch64_cpu-ad3948c631827945.rlib\" \"/home/runner/check/batch_1/Byte-OS/polyhal/example/target/aarch64-unknown-none/debug/deps/libtock_registers-871317267119ad1e.rlib\" \"/home/runner/check/batch_1/Byte-OS/polyhal/example/target/aarch64-unknown-none/debug/deps/libcfg_if-51d5ccf19a0009d3.rlib\" \"/home/runner/check/batch_1/Byte-OS/polyhal/example/target/aarch64-unknown-none/debug/deps/libbitflags-a5ce44a6c55cc69a.rlib\" \"/home/runner/check/batch_1/Byte-OS/polyhal/example/target/aarch64-unknown-none/debug/deps/libfdt-80c4b13ca541a733.rlib\" \"/home/runner/check/batch_1/Byte-OS/polyhal/example/target/aarch64-unknown-none/debug/deps/liblog-fdc3a78364d41b4d.rlib\" \"/home/runner/check/batch_1/Byte-OS/polyhal/example/target/aarch64-unknown-none/debug/deps/libbuddy_system_allocator-1b5fa0b34d369ebb.rlib\" \"/home/runner/.rustup/toolchains/nightly-2024-05-21-x86_64-unknown-linux-gnu/lib/rustlib/aarch64-unknown-none/lib/liballoc-dfa46a1477c2b5e1.rlib\" \"/home/runner/check/batch_1/Byte-OS/polyhal/example/target/aarch64-unknown-none/debug/deps/libspin-892e798bcf4d11e9.rlib\" \"/home/runner/check/batch_1/Byte-OS/polyhal/example/target/aarch64-unknown-none/debug/deps/liblock_api-b34245d8f1f66b77.rlib\" \"/home/runner/check/batch_1/Byte-OS/polyhal/example/target/aarch64-unknown-none/debug/deps/libscopeguard-890219094bd4fd6e.rlib\" \"/home/runner/.rustup/toolchains/nightly-2024-05-21-x86_64-unknown-linux-gnu/lib/rustlib/aarch64-unknown-none/lib/librustc_std_workspace_core-97b04805942f7790.rlib\" \"/home/runner/.rustup/toolchains/nightly-2024-05-21-x86_64-unknown-linux-gnu/lib/rustlib/aarch64-unknown-none/lib/libcore-9af6731f468db4d1.rlib\" \"/home/runner/.rustup/toolchains/nightly-2024-05-21-x86_64-unknown-linux-gnu/lib/rustlib/aarch64-unknown-none/lib/libcompiler_builtins-ba9ccc0c4e3e7a25.rlib\" \"-Bdynamic\" \"--eh-frame-hdr\" \"-z\" \"noexecstack\" \"-L\" \"/home/runner/.rustup/toolchains/nightly-2024-05-21-x86_64-unknown-linux-gnu/lib/rustlib/aarch64-unknown-none/lib\" \"-o\" \"/home/runner/check/batch_1/Byte-OS/polyhal/example/target/aarch64-unknown-none/debug/deps/example-117d8dbeafa3a892\" \"--gc-sections\"\n  = note: rust-lld: error: undefined symbol: _sbss\n          >>> referenced by lib.rs:178 (src/lib.rs:178)\n          >>>               polyhal-1cb718896e8e516b.polyhal.f8e915ff82ccaf0a-cgu.0.rcgu.o:(polyhal::clear_bss::h416a1a1dec5f8ccb) in archive /home/runner/check/batch_1/Byte-OS/polyhal/example/target/aarch64-unknown-none/debug/deps/libpolyhal-1cb718896e8e516b.rlib\n          >>> referenced by lib.rs:178 (src/lib.rs:178)\n          >>>               polyhal-1cb718896e8e516b.polyhal.f8e915ff82ccaf0a-cgu.0.rcgu.o:(polyhal::clear_bss::h416a1a1dec5f8ccb) in archive /home/runner/check/batch_1/Byte-OS/polyhal/example/target/aarch64-unknown-none/debug/deps/libpolyhal-1cb718896e8e516b.rlib\n          >>> referenced by lib.rs:178 (src/lib.rs:178)\n          >>>               polyhal-1cb718896e8e516b.polyhal.f8e915ff82ccaf0a-cgu.0.rcgu.o:(polyhal::clear_bss::h416a1a1dec5f8ccb) in archive /home/runner/check/batch_1/Byte-OS/polyhal/example/target/aarch64-unknown-none/debug/deps/libpolyhal-1cb718896e8e516b.rlib\n          >>> referenced 1 more times\n          \n          rust-lld: error: undefined symbol: _ebss\n          >>> referenced by lib.rs:178 (src/lib.rs:178)\n          >>>               polyhal-1cb718896e8e516b.polyhal.f8e915ff82ccaf0a-cgu.0.rcgu.o:(polyhal::clear_bss::h416a1a1dec5f8ccb) in archive /home/runner/check/batch_1/Byte-OS/polyhal/example/target/aarch64-unknown-none/debug/deps/libpolyhal-1cb718896e8e516b.rlib\n          >>> referenced by lib.rs:178 (src/lib.rs:178)\n          >>>               polyhal-1cb718896e8e516b.polyhal.f8e915ff82ccaf0a-cgu.0.rcgu.o:(polyhal::clear_bss::h416a1a1dec5f8ccb) in archive /home/runner/check/batch_1/Byte-OS/polyhal/example/target/aarch64-unknown-none/debug/deps/libpolyhal-1cb718896e8e516b.rlib\n          >>> referenced by lib.rs:178 (src/lib.rs:178)\n          >>>               polyhal-1cb718896e8e516b.polyhal.f8e915ff82ccaf0a-cgu.0.rcgu.o:(polyhal::clear_bss::h416a1a1dec5f8ccb) in archive /home/runner/check/batch_1/Byte-OS/polyhal/example/target/aarch64-unknown-none/debug/deps/libpolyhal-1cb718896e8e516b.rlib\n          >>> referenced 1 more times\n          \n\nwarning: `example` (bin \"example\") generated 3 warnings\nerror: could not compile `example` (bin \"example\") due to 1 previous error; 3 warnings emitted\n","// pkg_name=example, checker=Lockbud\n// toolchain=nightly-2023-12-01, target=loongarch64-unknown-none\n// pkg_dir=/home/runner/check/batch_1/Byte-OS/polyhal/example\n// cmd=cargo +nightly-2024-05-21 lockbud -k all -- --target loongarch64-unknown-none\n   Compiling lock_api v0.4.11\n   Compiling scopeguard v1.2.0\n   Compiling log v0.4.22\n   Compiling bitflags v1.3.2\n   Compiling bitflags v2.6.0\n   Compiling byteorder v1.5.0\n   Compiling bit_field v0.10.2\n   Compiling cfg-if v1.0.0\n   Compiling zerocopy v0.7.35\n   Compiling fdt v0.1.5\n   Compiling spin v0.9.8\n   Compiling loongArch64 v0.2.2\n   Compiling buddy_system_allocator v0.9.1\n   Compiling polyhal v0.1.3 (/home/runner/check/batch_1/Byte-OS/polyhal)\nwarning: unexpected `cfg` condition name: `c906`\n   --> /home/runner/check/batch_1/Byte-OS/polyhal/src/addr.rs:219:15\n    |\n219 |         #[cfg(c906)]\n    |               ^^^^\n    |\n    = help: expected names are: `clippy`, `debug_assertions`, `doc`, `docsrs`, `doctest`, `feature`, `miri`, `overflow_checks`, `panic`, `proc_macro`, `relocation_model`, `rustfmt`, `sanitize`, `sanitizer_cfi_generalize_pointers`, `sanitizer_cfi_normalize_integers`, `target_abi`, `target_arch`, `target_endian`, `target_env`, `target_family`, `target_feature`, `target_has_atomic`, `target_has_atomic_equal_alignment`, `target_has_atomic_load_store`, `target_os`, `target_pointer_width`, `target_thread_local`, `target_vendor`, `test`, `ub_checks`, `unix`, `windows`\n    = help: consider using a Cargo feature instead\n    = help: or consider adding in `Cargo.toml` the `check-cfg` lint config for the lint:\n             [lints.rust]\n             unexpected_cfgs = { level = \"warn\", check-cfg = ['cfg(c906)'] }\n    = help: or consider adding `println!(\"cargo::rustc-check-cfg=cfg(c906)\");` to the top of the `build.rs`\n    = note: see <https://doc.rust-lang.org/nightly/rustc/check-cfg/cargo-specifics.html> for more information about checking conditional configuration\n    = note: `#[warn(unexpected_cfgs)]` on by default\n\nwarning: unexpected `cfg` condition name: `board`\n   --> /home/runner/check/batch_1/Byte-OS/polyhal/src/addr.rs:224:15\n    |\n224 |         #[cfg(board = \"2k1000\")]\n    |               ^^^^^^^^^^^^^^^^\n    |\n    = help: consider using a Cargo feature instead\n    = help: or consider adding in `Cargo.toml` the `check-cfg` lint config for the lint:\n             [lints.rust]\n             unexpected_cfgs = { level = \"warn\", check-cfg = ['cfg(board, values(\"2k1000\"))'] }\n    = help: or consider adding `println!(\"cargo::rustc-check-cfg=cfg(board, values(\\\"2k1000\\\"))\");` to the top of the `build.rs`\n    = note: see <https://doc.rust-lang.org/nightly/rustc/check-cfg/cargo-specifics.html> for more information about checking conditional configuration\n\nwarning: unexpected `cfg` condition name: `board`\n   --> /home/runner/check/batch_1/Byte-OS/polyhal/src/addr.rs:240:15\n    |\n240 |         #[cfg(board = \"2k1000\")]\n    |               ^^^^^^^^^^^^^^^^\n    |\n    = help: consider using a Cargo feature instead\n    = help: or consider adding in `Cargo.toml` the `check-cfg` lint config for the lint:\n             [lints.rust]\n             unexpected_cfgs = { level = \"warn\", check-cfg = ['cfg(board, values(\"2k1000\"))'] }\n    = help: or consider adding `println!(\"cargo::rustc-check-cfg=cfg(board, values(\\\"2k1000\\\"))\");` to the top of the `build.rs`\n    = note: see <https://doc.rust-lang.org/nightly/rustc/check-cfg/cargo-specifics.html> for more information about checking conditional configuration\n\nwarning: unexpected `cfg` condition name: `c906`\n   --> /home/runner/check/batch_1/Byte-OS/polyhal/src/addr.rs:244:15\n    |\n244 |         #[cfg(c906)]\n    |               ^^^^\n    |\n    = help: consider using a Cargo feature instead\n    = help: or consider adding in `Cargo.toml` the `check-cfg` lint config for the lint:\n             [lints.rust]\n             unexpected_cfgs = { level = \"warn\", check-cfg = ['cfg(c906)'] }\n    = help: or consider adding `println!(\"cargo::rustc-check-cfg=cfg(c906)\");` to the top of the `build.rs`\n    = note: see <https://doc.rust-lang.org/nightly/rustc/check-cfg/cargo-specifics.html> for more information about checking conditional configuration\n\nwarning: unexpected `cfg` condition name: `board`\n --> /home/runner/check/batch_1/Byte-OS/polyhal/src/components/debug_console/loongarch64.rs:5:11\n  |\n5 | #[cfg(not(board = \"2k1000\"))]\n  |           ^^^^^^^^^^^^^^^^\n  |\n  = help: consider using a Cargo feature instead\n  = help: or consider adding in `Cargo.toml` the `check-cfg` lint config for the lint:\n           [lints.rust]\n           unexpected_cfgs = { level = \"warn\", check-cfg = ['cfg(board, values(\"2k1000\"))'] }\n  = help: or consider adding `println!(\"cargo::rustc-check-cfg=cfg(board, values(\\\"2k1000\\\"))\");` to the top of the `build.rs`\n  = note: see <https://doc.rust-lang.org/nightly/rustc/check-cfg/cargo-specifics.html> for more information about checking conditional configuration\n\nwarning: unexpected `cfg` condition name: `board`\n --> /home/runner/check/batch_1/Byte-OS/polyhal/src/components/debug_console/loongarch64.rs:7:7\n  |\n7 | #[cfg(board = \"2k1000\")]\n  |       ^^^^^^^^^^^^^^^^\n  |\n  = help: consider using a Cargo feature instead\n  = help: or consider adding in `Cargo.toml` the `check-cfg` lint config for the lint:\n           [lints.rust]\n           unexpected_cfgs = { level = \"warn\", check-cfg = ['cfg(board, values(\"2k1000\"))'] }\n  = help: or consider adding `println!(\"cargo::rustc-check-cfg=cfg(board, values(\\\"2k1000\\\"))\");` to the top of the `build.rs`\n  = note: see <https://doc.rust-lang.org/nightly/rustc/check-cfg/cargo-specifics.html> for more information about checking conditional configuration\n\nwarning: the feature `offset_of` has been stable since 1.77.0 and no longer requires an attribute to enable\n --> /home/runner/check/batch_1/Byte-OS/polyhal/src/lib.rs:8:12\n  |\n8 | #![feature(offset_of)]\n  |            ^^^^^^^^^\n  |\n  = note: `#[warn(stable_features)]` on by default\n\n   Compiling virtio-drivers v0.7.5\nwarning: field `0` is never read\n  --> /home/runner/check/batch_1/Byte-OS/polyhal/src/components/irq/mod.rs:35:22\n   |\n35 | pub struct IRQVector(pub(crate) usize);\n   |            --------- ^^^^^^^^^^^^^^^^\n   |            |\n   |            field in this struct\n   |\n   = note: `IRQVector` has derived impls for the traits `Clone` and `Debug`, but these are intentionally ignored during dead code analysis\n   = note: `#[warn(dead_code)]` on by default\nhelp: consider changing the field to be of unit type to suppress this warning while preserving the field numbering, or remove the field\n   |\n35 | pub struct IRQVector(());\n   |                      ~~\n\nwarning: field `0` is never read\n  --> /home/runner/check/batch_1/Byte-OS/polyhal/src/components/percpu/mod.rs:15:19\n   |\n15 | struct PerCPUDATA([u8; PAGE_SIZE]);\n   |        ---------- ^^^^^^^^^^^^^^^\n   |        |\n   |        field in this struct\n   |\nhelp: consider changing the field to be of unit type to suppress this warning while preserving the field numbering, or remove the field\n   |\n15 | struct PerCPUDATA(());\n   |                   ~~\n\nwarning: `polyhal` (lib) generated 9 warnings\n   Compiling example v0.1.0 (/home/runner/check/batch_1/Byte-OS/polyhal/example)\nwarning: unreachable statement\n  --> src/main.rs:87:5\n   |\n81 | /     loop {\n82 | |         if let Some(c) = DebugConsole::getchar() {\n83 | |             DebugConsole::putchar(c);\n84 | |         }\n85 | |     }\n   | |_____- any code following this expression is unreachable\n86 |\n87 |       log::info!(\"Run END. Shutdown successfully.\");\n   |       ^^^^^^^^^^^^^^^^^^^^^^^^^^^^^^^^^^^^^^^^^^^^^ unreachable statement\n   |\n   = note: `#[warn(unreachable_code)]` on by default\n   = note: this warning originates in the macro `$crate::log` which comes from the expansion of the macro `log::info` (in Nightly builds, run with -Z macro-backtrace for more info)\n\nwarning: unused variable: `addr`\n  --> src/pci.rs:64:18\n   |\n64 |     if let Some((addr, size)) = bar_info.memory_address_size() {\n   |                  ^^^^ help: if this is intentional, prefix it with an underscore: `_addr`\n   |\n   = note: `#[warn(unused_variables)]` on by default\n\nwarning: function `add_frame_range` is never used\n --> src/frame.rs:8:8\n  |\n8 | pub fn add_frame_range(mm_start: usize, mm_end: usize) {\n  |        ^^^^^^^^^^^^^^^\n  |\n  = note: `#[warn(dead_code)]` on by default\n\nerror: linking with `rust-lld` failed: exit status: 1\n  |\n  = note: LC_ALL=\"C\" PATH=\"/home/runner/.rustup/toolchains/nightly-2024-05-21-x86_64-unknown-linux-gnu/lib/rustlib/x86_64-unknown-linux-gnu/bin:/opt/hostedtoolcache/sccache/0.8.1/x64:/snap/bin:/home/runner/.local/bin:/opt/pipx_bin:/home/runner/.cargo/bin:/home/runner/.config/composer/vendor/bin:/usr/local/.ghcup/bin:/home/runner/.dotnet/tools:/usr/local/sbin:/usr/local/bin:/usr/sbin:/usr/bin:/sbin:/bin:/usr/games:/usr/local/games:/snap/bin\" VSLANG=\"1033\" \"rust-lld\" \"-flavor\" \"gnu\" \"/tmp/rustcplzBmc/symbols.o\" \"/home/runner/check/batch_1/Byte-OS/polyhal/example/target/loongarch64-unknown-none/debug/deps/example-46bf1524e5424e03.example.2a7541773a7853c9-cgu.0.rcgu.o\" \"/home/runner/check/batch_1/Byte-OS/polyhal/example/target/loongarch64-unknown-none/debug/deps/example-46bf1524e5424e03.example.2a7541773a7853c9-cgu.1.rcgu.o\" \"/home/runner/check/batch_1/Byte-OS/polyhal/example/target/loongarch64-unknown-none/debug/deps/example-46bf1524e5424e03.example.2a7541773a7853c9-cgu.2.rcgu.o\" \"/home/runner/check/batch_1/Byte-OS/polyhal/example/target/loongarch64-unknown-none/debug/deps/example-46bf1524e5424e03.1dyeys17jnya82yrzwpvllz3v.rcgu.o\" \"--as-needed\" \"-L\" \"/home/runner/check/batch_1/Byte-OS/polyhal/example/target/loongarch64-unknown-none/debug/deps\" \"-L\" \"/home/runner/check/batch_1/Byte-OS/polyhal/example/target/debug/deps\" \"-L\" \"/home/runner/.rustup/toolchains/nightly-2024-05-21-x86_64-unknown-linux-gnu/lib/rustlib/loongarch64-unknown-none/lib\" \"-Bstatic\" \"/home/runner/check/batch_1/Byte-OS/polyhal/example/target/loongarch64-unknown-none/debug/deps/libvirtio_drivers-c71b4244ead45a74.rlib\" \"/home/runner/check/batch_1/Byte-OS/polyhal/example/target/loongarch64-unknown-none/debug/deps/libzerocopy-b65a73bda5dd105a.rlib\" \"/home/runner/check/batch_1/Byte-OS/polyhal/example/target/loongarch64-unknown-none/debug/deps/libbyteorder-a6608e82b803455e.rlib\" \"/home/runner/check/batch_1/Byte-OS/polyhal/example/target/loongarch64-unknown-none/debug/deps/libpolyhal-2b527d3728be4062.rlib\" \"/home/runner/check/batch_1/Byte-OS/polyhal/example/target/loongarch64-unknown-none/debug/deps/libloongArch64-63ff8d9558004182.rlib\" \"/home/runner/check/batch_1/Byte-OS/polyhal/example/target/loongarch64-unknown-none/debug/deps/libbitflags-7d4c229935312c2e.rlib\" \"/home/runner/check/batch_1/Byte-OS/polyhal/example/target/loongarch64-unknown-none/debug/deps/libbit_field-f205bae68304904b.rlib\" \"/home/runner/check/batch_1/Byte-OS/polyhal/example/target/loongarch64-unknown-none/debug/deps/libcfg_if-e5b2c08080a8d0bd.rlib\" \"/home/runner/check/batch_1/Byte-OS/polyhal/example/target/loongarch64-unknown-none/debug/deps/libbitflags-a49aa3b7c7494a35.rlib\" \"/home/runner/check/batch_1/Byte-OS/polyhal/example/target/loongarch64-unknown-none/debug/deps/libfdt-45db0bc4944b4493.rlib\" \"/home/runner/check/batch_1/Byte-OS/polyhal/example/target/loongarch64-unknown-none/debug/deps/liblog-531edc9e0960d321.rlib\" \"/home/runner/check/batch_1/Byte-OS/polyhal/example/target/loongarch64-unknown-none/debug/deps/libbuddy_system_allocator-0f74cc2c33704f4a.rlib\" \"/home/runner/.rustup/toolchains/nightly-2024-05-21-x86_64-unknown-linux-gnu/lib/rustlib/loongarch64-unknown-none/lib/liballoc-cf622d6ac0c1207e.rlib\" \"/home/runner/check/batch_1/Byte-OS/polyhal/example/target/loongarch64-unknown-none/debug/deps/libspin-e73be5f20d839958.rlib\" \"/home/runner/check/batch_1/Byte-OS/polyhal/example/target/loongarch64-unknown-none/debug/deps/liblock_api-cb5b9691a0c0d257.rlib\" \"/home/runner/check/batch_1/Byte-OS/polyhal/example/target/loongarch64-unknown-none/debug/deps/libscopeguard-e4c379832e03342e.rlib\" \"/home/runner/.rustup/toolchains/nightly-2024-05-21-x86_64-unknown-linux-gnu/lib/rustlib/loongarch64-unknown-none/lib/librustc_std_workspace_core-3b1e26e39e9a51e8.rlib\" \"/home/runner/.rustup/toolchains/nightly-2024-05-21-x86_64-unknown-linux-gnu/lib/rustlib/loongarch64-unknown-none/lib/libcore-d6c82fdbb3df4fe1.rlib\" \"/home/runner/.rustup/toolchains/nightly-2024-05-21-x86_64-unknown-linux-gnu/lib/rustlib/loongarch64-unknown-none/lib/libcompiler_builtins-1c0eeb3885babbe8.rlib\" \"-Bdynamic\" \"--eh-frame-hdr\" \"-z\" \"noexecstack\" \"-L\" \"/home/runner/.rustup/toolchains/nightly-2024-05-21-x86_64-unknown-linux-gnu/lib/rustlib/loongarch64-unknown-none/lib\" \"-o\" \"/home/runner/check/batch_1/Byte-OS/polyhal/example/target/loongarch64-unknown-none/debug/deps/example-46bf1524e5424e03\" \"--gc-sections\" \"-Tlinker/linker-loongarch64.ld\"\n  = note: rust-lld: error: /home/runner/.rustup/toolchains/nightly-2024-05-21-x86_64-unknown-linux-gnu/lib/rustlib/loongarch64-unknown-none/lib/libcompiler_builtins-1c0eeb3885babbe8.rlib(45c91108d938afe8-absvdi2.o) is incompatible with /tmp/rustcplzBmc/symbols.o\n          rust-lld: error: /home/runner/.rustup/toolchains/nightly-2024-05-21-x86_64-unknown-linux-gnu/lib/rustlib/loongarch64-unknown-none/lib/libcompiler_builtins-1c0eeb3885babbe8.rlib(45c91108d938afe8-absvsi2.o) is incompatible with /tmp/rustcplzBmc/symbols.o\n          rust-lld: error: /home/runner/.rustup/toolchains/nightly-2024-05-21-x86_64-unknown-linux-gnu/lib/rustlib/loongarch64-unknown-none/lib/libcompiler_builtins-1c0eeb3885babbe8.rlib(45c91108d938afe8-absvti2.o) is incompatible with /tmp/rustcplzBmc/symbols.o\n          rust-lld: error: /home/runner/.rustup/toolchains/nightly-2024-05-21-x86_64-unknown-linux-gnu/lib/rustlib/loongarch64-unknown-none/lib/libcompiler_builtins-1c0eeb3885babbe8.rlib(45c91108d938afe8-addtf3.o) is incompatible with /tmp/rustcplzBmc/symbols.o\n          rust-lld: error: /home/runner/.rustup/toolchains/nightly-2024-05-21-x86_64-unknown-linux-gnu/lib/rustlib/loongarch64-unknown-none/lib/libcompiler_builtins-1c0eeb3885babbe8.rlib(45c91108d938afe8-addvdi3.o) is incompatible with /tmp/rustcplzBmc/symbols.o\n          rust-lld: error: /home/runner/.rustup/toolchains/nightly-2024-05-21-x86_64-unknown-linux-gnu/lib/rustlib/loongarch64-unknown-none/lib/libcompiler_builtins-1c0eeb3885babbe8.rlib(45c91108d938afe8-addvsi3.o) is incompatible with /tmp/rustcplzBmc/symbols.o\n          rust-lld: error: /home/runner/.rustup/toolchains/nightly-2024-05-21-x86_64-unknown-linux-gnu/lib/rustlib/loongarch64-unknown-none/lib/libcompiler_builtins-1c0eeb3885babbe8.rlib(45c91108d938afe8-addvti3.o) is incompatible with /tmp/rustcplzBmc/symbols.o\n          rust-lld: error: /home/runner/.rustup/toolchains/nightly-2024-05-21-x86_64-unknown-linux-gnu/lib/rustlib/loongarch64-unknown-none/lib/libcompiler_builtins-1c0eeb3885babbe8.rlib(45c91108d938afe8-clzdi2.o) is incompatible with /tmp/rustcplzBmc/symbols.o\n          rust-lld: error: /home/runner/.rustup/toolchains/nightly-2024-05-21-x86_64-unknown-linux-gnu/lib/rustlib/loongarch64-unknown-none/lib/libcompiler_builtins-1c0eeb3885babbe8.rlib(45c91108d938afe8-clzsi2.o) is incompatible with /tmp/rustcplzBmc/symbols.o\n          rust-lld: error: /home/runner/.rustup/toolchains/nightly-2024-05-21-x86_64-unknown-linux-gnu/lib/rustlib/loongarch64-unknown-none/lib/libcompiler_builtins-1c0eeb3885babbe8.rlib(45c91108d938afe8-clzti2.o) is incompatible with /tmp/rustcplzBmc/symbols.o\n          rust-lld: error: /home/runner/.rustup/toolchains/nightly-2024-05-21-x86_64-unknown-linux-gnu/lib/rustlib/loongarch64-unknown-none/lib/libcompiler_builtins-1c0eeb3885babbe8.rlib(45c91108d938afe8-cmpdi2.o) is incompatible with /tmp/rustcplzBmc/symbols.o\n          rust-lld: error: /home/runner/.rustup/toolchains/nightly-2024-05-21-x86_64-unknown-linux-gnu/lib/rustlib/loongarch64-unknown-none/lib/libcompiler_builtins-1c0eeb3885babbe8.rlib(45c91108d938afe8-cmpti2.o) is incompatible with /tmp/rustcplzBmc/symbols.o\n          rust-lld: error: /home/runner/.rustup/toolchains/nightly-2024-05-21-x86_64-unknown-linux-gnu/lib/rustlib/loongarch64-unknown-none/lib/libcompiler_builtins-1c0eeb3885babbe8.rlib(45c91108d938afe8-ctzdi2.o) is incompatible with /tmp/rustcplzBmc/symbols.o\n          rust-lld: error: /home/runner/.rustup/toolchains/nightly-2024-05-21-x86_64-unknown-linux-gnu/lib/rustlib/loongarch64-unknown-none/lib/libcompiler_builtins-1c0eeb3885babbe8.rlib(45c91108d938afe8-ctzsi2.o) is incompatible with /tmp/rustcplzBmc/symbols.o\n          rust-lld: error: /home/runner/.rustup/toolchains/nightly-2024-05-21-x86_64-unknown-linux-gnu/lib/rustlib/loongarch64-unknown-none/lib/libcompiler_builtins-1c0eeb3885babbe8.rlib(45c91108d938afe8-ctzti2.o) is incompatible with /tmp/rustcplzBmc/symbols.o\n          rust-lld: error: /home/runner/.rustup/toolchains/nightly-2024-05-21-x86_64-unknown-linux-gnu/lib/rustlib/loongarch64-unknown-none/lib/libcompiler_builtins-1c0eeb3885babbe8.rlib(45c91108d938afe8-divdc3.o) is incompatible with /tmp/rustcplzBmc/symbols.o\n          rust-lld: error: /home/runner/.rustup/toolchains/nightly-2024-05-21-x86_64-unknown-linux-gnu/lib/rustlib/loongarch64-unknown-none/lib/libcompiler_builtins-1c0eeb3885babbe8.rlib(45c91108d938afe8-divsc3.o) is incompatible with /tmp/rustcplzBmc/symbols.o\n          rust-lld: error: /home/runner/.rustup/toolchains/nightly-2024-05-21-x86_64-unknown-linux-gnu/lib/rustlib/loongarch64-unknown-none/lib/libcompiler_builtins-1c0eeb3885babbe8.rlib(45c91108d938afe8-divtf3.o) is incompatible with /tmp/rustcplzBmc/symbols.o\n          rust-lld: error: /home/runner/.rustup/toolchains/nightly-2024-05-21-x86_64-unknown-linux-gnu/lib/rustlib/loongarch64-unknown-none/lib/libcompiler_builtins-1c0eeb3885babbe8.rlib(45c91108d938afe8-extenddftf2.o) is incompatible with /tmp/rustcplzBmc/symbols.o\n          rust-lld: error: /home/runner/.rustup/toolchains/nightly-2024-05-21-x86_64-unknown-linux-gnu/lib/rustlib/loongarch64-unknown-none/lib/libcompiler_builtins-1c0eeb3885babbe8.rlib(45c91108d938afe8-extendhfsf2.o) is incompatible with /tmp/rustcplzBmc/symbols.o\n          rust-lld: error: too many errors emitted, stopping now (use --error-limit=0 to see all errors)\n          \n\nwarning: `example` (bin \"example\") generated 3 warnings\nerror: could not compile `example` (bin \"example\") due to 1 previous error; 3 warnings emitted\n"]}},{"file":"/home/runner/check/batch_1/Byte-OS/polyhal/src/components/percpu/riscv64.rs","count":2,"kinds":{"Clippy(Warn)":["warning: unused macro definition: `PerCPUReservedOffset`\n  --> /home/runner/check/batch_1/Byte-OS/polyhal/src/components/percpu/riscv64.rs:18:18\n   |\n18 | pub(crate) macro PerCPUReservedOffset($field: ident) {\n   |                  ^^^^^^^^^^^^^^^^^^^^\n   |\n   = note: `#[warn(unused_macros)]` on by default\n\n","warning: struct `PerCPUReserved` is never constructed\n --> /home/runner/check/batch_1/Byte-OS/polyhal/src/components/percpu/riscv64.rs:5:19\n  |\n5 | pub(crate) struct PerCPUReserved {\n  |                   ^^^^^^^^^^^^^^\n  |\n  = note: `#[warn(dead_code)]` on by default\n\n"]}},{"file":"/home/runner/.cargo/registry/src/index.crates.io-6f17d22bba15001f/tock-registers-0.8.1/src/interfaces.rs","count":1,"kinds":{"Clippy(Error)":["error[E0412]: cannot find type `Option` in this scope\n   --> /home/runner/.cargo/registry/src/index.crates.io-6f17d22bba15001f/tock-registers-0.8.1/src/interfaces.rs:217:10\n    |\n217 |     ) -> Option<E> {\n    |          ^^^^^^ not found in this scope\n\n"]}},{"file":"(virtual) clippy","count":1,"kinds":{"Cargo":["// pkg_name=example, checker=Clippy\n// toolchain=nightly-2023-12-01, target=aarch64-unknown-none\n// pkg_dir=/home/runner/check/batch_1/Byte-OS/polyhal/example\n// cmd=cargo clippy --target aarch64-unknown-none --no-deps --message-format=json\n Downloading crates ...\n  Downloaded arm_pl011 v0.1.0\n  Downloaded arm_gicv2 v0.1.0\n   Compiling lock_api v0.4.11\n    Checking tock-registers v0.8.1\n    Checking scopeguard v1.2.0\n    Checking bitflags v2.6.0\nerror: could not compile `tock-registers` (lib) due to 42 previous errors\nwarning: build failed, waiting for other jobs to finish...\nerror: could not compile `scopeguard` (lib) due to 17 previous errors\nerror: could not compile `bitflags` (lib) due to 65 previous errors\n"]}}]}],"kinds_order":["Cargo","Clippy(Error)","Clippy(Warn)","Lockbud(Probably)","Lockbud(Possibly)","Unformatted"]}