{"repo":{"user":"arceos-hypervisor","repo":"arm_vgic"},"data":[{"user":"arceos-hypervisor","repo":"arm_vgic","pkg":"arm_vgic","count":18,"raw_reports":[{"file":"src/vgic.rs","count":6,"kinds":{"Unformatted":["file: /home/runner/check/batch_3/arceos-hypervisor/arm_vgic/src/vgic.rs (original lines from 95 to 95)\n-            },\n+            }\n","file: /home/runner/check/batch_3/arceos-hypervisor/arm_vgic/src/vgic.rs (original lines from 98 to 101)\n-            },\n-            VGICD_ISENABLER_SPI..=VGICD_ICENABLER_SGI_PPI => {\n-                \n-            },\n+            }\n+            VGICD_ISENABLER_SPI..=VGICD_ICENABLER_SGI_PPI => {}\n","file: /home/runner/check/batch_3/arceos-hypervisor/arm_vgic/src/vgic.rs (original lines from 113 to 113)\n-            },\n+            }\n","file: /home/runner/check/batch_3/arceos-hypervisor/arm_vgic/src/vgic.rs (original lines from 116 to 117)\n-            },\n-            \n+            }\n","file: /home/runner/check/batch_3/arceos-hypervisor/arm_vgic/src/vgic.rs (original lines from 126 to 126)\n-            },\n+            }\n","file: /home/runner/check/batch_3/arceos-hypervisor/arm_vgic/src/vgic.rs (original lines from 129 to 130)\n-            },\n-            \n+            }\n"]}},{"file":"src/lib.rs","count":2,"kinds":{"Unformatted":["file: /home/runner/check/batch_3/arceos-hypervisor/arm_vgic/src/lib.rs (original lines from 5 to 5)\n-\n","file: /home/runner/check/batch_3/arceos-hypervisor/arm_vgic/src/lib.rs (original lines from 11 to 11)\n+\n"]}},{"file":"/home/runner/.cargo/registry/src/index.crates.io-1949cf8c6b5b557f/x86_64-0.15.1/src/addr.rs","count":1,"kinds":{"Clippy(Error)":["error[E0053]: method `steps_between` has an incompatible type for trait\n   --> /home/runner/.cargo/registry/src/index.crates.io-1949cf8c6b5b557f/x86_64-0.15.1/src/addr.rs:362:51\n    |\n362 |     fn steps_between(start: &Self, end: &Self) -> Option<usize> {\n    |                                                   ^^^^^^^^^^^^^ expected `(usize, Option<usize>)`, found `Option<usize>`\n    |\n    = note: expected signature `fn(&addr::VirtAddr, &addr::VirtAddr) -> (usize, Option<usize>)`\n               found signature `fn(&addr::VirtAddr, &addr::VirtAddr) -> Option<usize>`\nhelp: change the output type to match the trait\n    |\n362 |     fn steps_between(start: &Self, end: &Self) -> (usize, Option<usize>) {\n    |                                                   ~~~~~~~~~~~~~~~~~~~~~~\n\n"]}},{"file":"/home/runner/.cargo/registry/src/index.crates.io-1949cf8c6b5b557f/x86_64-0.15.1/src/structures/paging/page.rs","count":1,"kinds":{"Clippy(Error)":["error[E0053]: method `steps_between` has an incompatible type for trait\n   --> /home/runner/.cargo/registry/src/index.crates.io-1949cf8c6b5b557f/x86_64-0.15.1/src/structures/paging/page.rs:294:51\n    |\n294 |     fn steps_between(start: &Self, end: &Self) -> Option<usize> {\n    |                                                   ^^^^^^^^^^^^^ expected `(usize, Option<usize>)`, found `Option<usize>`\n    |\n    = note: expected signature `fn(&Page<_>, &Page<_>) -> (usize, Option<usize>)`\n               found signature `fn(&Page<_>, &Page<_>) -> Option<usize>`\nhelp: change the output type to match the trait\n    |\n294 |     fn steps_between(start: &Self, end: &Self) -> (usize, Option<usize>) {\n    |                                                   ~~~~~~~~~~~~~~~~~~~~~~\n\n"]}},{"file":"/home/runner/.cargo/registry/src/index.crates.io-1949cf8c6b5b557f/x86_64-0.15.1/src/structures/paging/page_table.rs","count":1,"kinds":{"Clippy(Error)":["error[E0053]: method `steps_between` has an incompatible type for trait\n   --> /home/runner/.cargo/registry/src/index.crates.io-1949cf8c6b5b557f/x86_64-0.15.1/src/structures/paging/page_table.rs:349:51\n    |\n349 |     fn steps_between(start: &Self, end: &Self) -> Option<usize> {\n    |                                                   ^^^^^^^^^^^^^ expected `(usize, Option<usize>)`, found `Option<usize>`\n    |\n    = note: expected signature `fn(&PageTableIndex, &PageTableIndex) -> (usize, Option<usize>)`\n               found signature `fn(&PageTableIndex, &PageTableIndex) -> Option<usize>`\nhelp: change the output type to match the trait\n    |\n349 |     fn steps_between(start: &Self, end: &Self) -> (usize, Option<usize>) {\n    |                                                   ~~~~~~~~~~~~~~~~~~~~~~\n\n"]}},{"file":"(virtual) clippy","count":1,"kinds":{"Cargo":["// pkg_name=arm_vgic, checker=Clippy\n// toolchain=nightly-2024-12-25-x86_64-unknown-linux-gnu, target=x86_64-unknown-linux-gnu\n// pkg_dir=/home/runner/check/batch_3/arceos-hypervisor/arm_vgic\n// cmd=cargo clippy --target x86_64-unknown-linux-gnu --no-deps --message-format=json\n// timestamp=2024-12-27 8:10:45.576378217 +08:00:00\n   Compiling proc-macro2 v1.0.86\n   Compiling unicode-ident v1.0.13\n   Compiling rustversion v1.0.17\n    Checking bit_field v0.10.2\n    Checking memory_addr v0.3.0\n    Checking volatile v0.4.6\n    Checking bitflags v2.6.0\n    Checking bitflags v1.3.2\n   Compiling x86 v0.52.0\n    Checking raw-cpuid v10.7.0\n   Compiling autocfg v1.3.0\n   Compiling quote v1.0.37\n   Compiling syn v2.0.77\n    Checking x86_64 v0.15.1\n    Checking log v0.4.22\n   Compiling axerrno v0.1.0\n   Compiling lock_api v0.4.12\n   Compiling serde v1.0.210\n    Checking memory_set v0.3.1\n    Checking scopeguard v1.2.0\n    Checking cfg-if v1.0.0\n    Checking numeric-enum-macro v0.2.0\n    Checking lazyinit v0.2.1\nerror: could not compile `x86_64` (lib) due to 3 previous errors\nwarning: build failed, waiting for other jobs to finish...\n"]}},{"file":"(virtual) semver-checks","count":1,"kinds":{"Cargo":["// pkg_name=arm_vgic, checker=SemverChecks\n// toolchain=nightly-2024-12-25-x86_64-unknown-linux-gnu, target=x86_64-unknown-linux-gnu\n// pkg_dir=/home/runner/check/batch_3/arceos-hypervisor/arm_vgic\n// cmd=cargo +nightly-2024-12-25-x86_64-unknown-linux-gnu semver-checks --target x86_64-unknown-linux-gnu\n// timestamp=2024-12-27 8:10:49.286661284 +08:00:00\n    Building arm_vgic v0.0.0 (current)\nerror: running cargo-doc on crate 'arm_vgic' failed with output:\n-----\n   Compiling proc-macro2 v1.0.92\n   Compiling unicode-ident v1.0.14\n   Compiling rustversion v1.0.19\n    Checking bit_field v0.10.2\n   Compiling x86 v0.52.0\n    Checking bitflags v2.6.0\n    Checking memory_addr v0.3.1\n    Checking volatile v0.4.6\n    Checking bitflags v1.3.2\n    Checking log v0.4.22\n    Checking raw-cpuid v10.7.0\n   Compiling autocfg v1.4.0\n   Compiling quote v1.0.38\n    Checking x86_64 v0.15.1\n   Compiling syn v2.0.92\n   Compiling axerrno v0.1.0\nerror[E0053]: method `steps_between` has an incompatible type for trait\n   --> /home/runner/.cargo/registry/src/index.crates.io-1949cf8c6b5b557f/x86_64-0.15.1/src/addr.rs:362:51\n    |\n362 |     fn steps_between(start: &Self, end: &Self) -> Option<usize> {\n    |                                                   ^^^^^^^^^^^^^ expected `(usize, Option<usize>)`, found `Option<usize>`\n    |\n    = note: expected signature `fn(&addr::VirtAddr, &addr::VirtAddr) -> (usize, Option<usize>)`\n               found signature `fn(&addr::VirtAddr, &addr::VirtAddr) -> Option<usize>`\nhelp: change the output type to match the trait\n    |\n362 |     fn steps_between(start: &Self, end: &Self) -> (usize, Option<usize>) {\n    |                                                   ~~~~~~~~~~~~~~~~~~~~~~\n\nerror[E0053]: method `steps_between` has an incompatible type for trait\n   --> /home/runner/.cargo/registry/src/index.crates.io-1949cf8c6b5b557f/x86_64-0.15.1/src/structures/paging/page.rs:294:51\n    |\n294 |     fn steps_between(start: &Self, end: &Self) -> Option<usize> {\n    |                                                   ^^^^^^^^^^^^^ expected `(usize, Option<usize>)`, found `Option<usize>`\n    |\n    = note: expected signature `fn(&Page<_>, &Page<_>) -> (usize, Option<usize>)`\n               found signature `fn(&Page<_>, &Page<_>) -> Option<usize>`\nhelp: change the output type to match the trait\n    |\n294 |     fn steps_between(start: &Self, end: &Self) -> (usize, Option<usize>) {\n    |                                                   ~~~~~~~~~~~~~~~~~~~~~~\n\nerror[E0053]: method `steps_between` has an incompatible type for trait\n   --> /home/runner/.cargo/registry/src/index.crates.io-1949cf8c6b5b557f/x86_64-0.15.1/src/structures/paging/page_table.rs:349:51\n    |\n349 |     fn steps_between(start: &Self, end: &Self) -> Option<usize> {\n    |                                                   ^^^^^^^^^^^^^ expected `(usize, Option<usize>)`, found `Option<usize>`\n    |\n    = note: expected signature `fn(&PageTableIndex, &PageTableIndex) -> (usize, Option<usize>)`\n               found signature `fn(&PageTableIndex, &PageTableIndex) -> Option<usize>`\nhelp: change the output type to match the trait\n    |\n349 |     fn steps_between(start: &Self, end: &Self) -> (usize, Option<usize>) {\n    |                                                   ~~~~~~~~~~~~~~~~~~~~~~\n\n   Compiling lock_api v0.4.12\n   Compiling serde v1.0.216\n    Checking memory_set v0.3.1\n    Checking lazyinit v0.2.1\n    Checking numeric-enum-macro v0.2.0\nFor more information about this error, try `rustc --explain E0053`.\n    Checking cfg-if v1.0.0\nerror: could not compile `x86_64` (lib) due to 3 previous errors\nwarning: build failed, waiting for other jobs to finish...\n\n-----\n\nerror: failed to build rustdoc for crate arm_vgic v0.0.0\nnote: this is usually due to a compilation error in the crate,\n      and is unlikely to be a bug in cargo-semver-checks\nnote: the following command can be used to reproduce the compilation error:\n      cargo new --lib example &&\n          cd example &&\n          echo '[workspace]' >> Cargo.toml &&\n          cargo add --path /home/runner/check/batch_3/arceos-hypervisor/arm_vgic &&\n          cargo check\n\nerror: aborting due to failure to build rustdoc for crate arm_vgic v0.0.0\n"]}},{"file":"Cargo.lock","count":1,"kinds":{"Audit":["    Fetching advisory database from `https://github.com/RustSec/advisory-db.git`\n      Loaded 720 security advisories (from /home/runner/.cargo/advisory-db)\n    Updating crates.io index\n    Scanning Cargo.lock for vulnerabilities (37 crate dependencies)\nCrate:     critical-section\nVersion:   1.1.3\nWarning:   yanked\nDependency tree:\ncritical-section 1.1.3\n└── riscv 0.11.1\n    └── page_table_multiarch 0.4.2\n        └── axaddrspace 0.1.0\n            ├── axdevice_base 0.1.0\n            │   └── arm_vgic 0.0.0\n            └── arm_vgic 0.0.0\n\nwarning: 1 allowed warning found\n\n{\n  \"database\": {\n    \"advisory-count\": 720,\n    \"last-commit\": \"b02b7ca7c98eee7fe26ac18277040c3fc814b52d\",\n    \"last-updated\": \"2024-12-23T13:51:50Z\"\n  },\n  \"lockfile\": {\n    \"dependency-count\": 37\n  },\n  \"settings\": {\n    \"target_arch\": [],\n    \"target_os\": [],\n    \"severity\": null,\n    \"ignore\": [],\n    \"informational_warnings\": [\n      \"unmaintained\",\n      \"unsound\",\n      \"notice\"\n    ]\n  },\n  \"vulnerabilities\": {\n    \"found\": false,\n    \"count\": 0,\n    \"list\": []\n  },\n  \"warnings\": {\n    \"yanked\": [\n      {\n        \"kind\": \"yanked\",\n        \"package\": {\n          \"name\": \"critical-section\",\n          \"version\": \"1.1.3\",\n          \"source\": \"registry+https://github.com/rust-lang/crates.io-index\",\n          \"checksum\": \"f64009896348fc5af4222e9cf7d7d82a95a256c634ebcf61c53e4ea461422242\",\n          \"replace\": null\n        },\n        \"advisory\": null,\n        \"affected\": null,\n        \"versions\": null\n      }\n    ]\n  }\n}"]}},{"file":"[lockbud] Not supported to display yet.","count":1,"kinds":{"Lockbud(Possibly)":["[2024-12-27T00:10:56Z WARN  lockbud::callbacks] [\n      {\n        \"AtomicityViolation\": {\n          \"bug_kind\": \"AtomicityViolation\",\n          \"possibility\": \"Possibly\",\n          \"diagnosis\": {\n            \"fn_name\": \"set_logger_racy\",\n            \"atomic_reader\": \"/home/runner/.cargo/registry/src/index.crates.io-6f17d22bba15001f/log-0.4.22/src/lib.rs:1447:11: 1447:40 (#0)\",\n            \"atomic_writer\": \"/home/runner/.cargo/registry/src/index.crates.io-6f17d22bba15001f/log-0.4.22/src/lib.rs:1450:13: 1450:56 (#0)\",\n            \"dep_kind\": \"Control\"\n          },\n          \"explanation\": \"atomic::store is data/control dependent on atomic::load\"\n        }\n      }\n    ]\n[2024-12-27T00:10:56Z WARN  lockbud::callbacks] crate log contains bugs: { probably: 0, possibly: 0 }, conflictlock: { probably: 0, possibly: 0 }, condvar_deadlock: { probably: 0, possibly: 0 }, atomicity_violation: { possibly: 1 }, invalid_free: { possibly: 0 }, use_after_free: { possibly: 0 }"]}},{"file":"[outdated direct dependencies]","count":1,"kinds":{"Outdated":["pkg=arm_vgic, checker=Outdated\ntoolchain=nightly-2024-12-25-x86_64-unknown-linux-gnu, target=x86_64-unknown-linux-gnu\npkg_dir=/home/runner/check/batch_3/arceos-hypervisor/arm_vgic\ncmd=cargo +nightly-2024-12-25-x86_64-unknown-linux-gnu outdated -R --exit-code=2\n\nName         Project  Compat  Latest  Kind    Platform\n----         -------  ------  ------  ----    --------\nmemory_addr  0.3.0    0.3.1   0.3.1   Normal  ---\n"]}},{"file":"[semver checks]","count":1,"kinds":{"Semver Violation":["pkg=arm_vgic, checker=SemverChecks\ntoolchain=nightly-2024-12-25-x86_64-unknown-linux-gnu, target=x86_64-unknown-linux-gnu\npkg_dir=/home/runner/check/batch_3/arceos-hypervisor/arm_vgic\ncmd=cargo +nightly-2024-12-25-x86_64-unknown-linux-gnu semver-checks --target x86_64-unknown-linux-gnu\n\n\nstdout:\n\nstderr:\n    Building arm_vgic v0.0.0 (current)\nerror: running cargo-doc on crate 'arm_vgic' failed with output:\n-----\n   Compiling proc-macro2 v1.0.92\n   Compiling unicode-ident v1.0.14\n   Compiling rustversion v1.0.19\n    Checking bit_field v0.10.2\n   Compiling x86 v0.52.0\n    Checking bitflags v2.6.0\n    Checking memory_addr v0.3.1\n    Checking volatile v0.4.6\n    Checking bitflags v1.3.2\n    Checking log v0.4.22\n    Checking raw-cpuid v10.7.0\n   Compiling autocfg v1.4.0\n   Compiling quote v1.0.38\n    Checking x86_64 v0.15.1\n   Compiling syn v2.0.92\n   Compiling axerrno v0.1.0\nerror[E0053]: method `steps_between` has an incompatible type for trait\n   --> /home/runner/.cargo/registry/src/index.crates.io-1949cf8c6b5b557f/x86_64-0.15.1/src/addr.rs:362:51\n    |\n362 |     fn steps_between(start: &Self, end: &Self) -> Option<usize> {\n    |                                                   ^^^^^^^^^^^^^ expected `(usize, Option<usize>)`, found `Option<usize>`\n    |\n    = note: expected signature `fn(&addr::VirtAddr, &addr::VirtAddr) -> (usize, Option<usize>)`\n               found signature `fn(&addr::VirtAddr, &addr::VirtAddr) -> Option<usize>`\nhelp: change the output type to match the trait\n    |\n362 |     fn steps_between(start: &Self, end: &Self) -> (usize, Option<usize>) {\n    |                                                   ~~~~~~~~~~~~~~~~~~~~~~\n\nerror[E0053]: method `steps_between` has an incompatible type for trait\n   --> /home/runner/.cargo/registry/src/index.crates.io-1949cf8c6b5b557f/x86_64-0.15.1/src/structures/paging/page.rs:294:51\n    |\n294 |     fn steps_between(start: &Self, end: &Self) -> Option<usize> {\n    |                                                   ^^^^^^^^^^^^^ expected `(usize, Option<usize>)`, found `Option<usize>`\n    |\n    = note: expected signature `fn(&Page<_>, &Page<_>) -> (usize, Option<usize>)`\n               found signature `fn(&Page<_>, &Page<_>) -> Option<usize>`\nhelp: change the output type to match the trait\n    |\n294 |     fn steps_between(start: &Self, end: &Self) -> (usize, Option<usize>) {\n    |                                                   ~~~~~~~~~~~~~~~~~~~~~~\n\nerror[E0053]: method `steps_between` has an incompatible type for trait\n   --> /home/runner/.cargo/registry/src/index.crates.io-1949cf8c6b5b557f/x86_64-0.15.1/src/structures/paging/page_table.rs:349:51\n    |\n349 |     fn steps_between(start: &Self, end: &Self) -> Option<usize> {\n    |                                                   ^^^^^^^^^^^^^ expected `(usize, Option<usize>)`, found `Option<usize>`\n    |\n    = note: expected signature `fn(&PageTableIndex, &PageTableIndex) -> (usize, Option<usize>)`\n               found signature `fn(&PageTableIndex, &PageTableIndex) -> Option<usize>`\nhelp: change the output type to match the trait\n    |\n349 |     fn steps_between(start: &Self, end: &Self) -> (usize, Option<usize>) {\n    |                                                   ~~~~~~~~~~~~~~~~~~~~~~\n\n   Compiling lock_api v0.4.12\n   Compiling serde v1.0.216\n    Checking memory_set v0.3.1\n    Checking lazyinit v0.2.1\n    Checking numeric-enum-macro v0.2.0\nFor more information about this error, try `rustc --explain E0053`.\n    Checking cfg-if v1.0.0\nerror: could not compile `x86_64` (lib) due to 3 previous errors\nwarning: build failed, waiting for other jobs to finish...\n\n-----\n\nerror: failed to build rustdoc for crate arm_vgic v0.0.0\nnote: this is usually due to a compilation error in the crate,\n      and is unlikely to be a bug in cargo-semver-checks\nnote: the following command can be used to reproduce the compilation error:\n      cargo new --lib example &&\n          cd example &&\n          echo '[workspace]' >> Cargo.toml &&\n          cargo add --path /home/runner/check/batch_3/arceos-hypervisor/arm_vgic &&\n          cargo check\n\nerror: aborting due to failure to build rustdoc for crate arm_vgic v0.0.0\n"]}},{"file":"src/vgicc.rs","count":1,"kinds":{"Unformatted":["file: /home/runner/check/batch_3/arceos-hypervisor/arm_vgic/src/vgicc.rs (original lines from 1 to 1)\n-\n"]}}]}],"kinds_order":["Cargo","Clippy(Error)","Clippy(Warn)","Semver Violation","Audit","Mirai","Rap","Rudra","Lockbud(Probably)","Lockbud(Possibly)","Outdated","Geiger","Unformatted"]}