{
  "repo": {
    "user": "rel4team",
    "repo": "sel4_cspace"
  },
  "data": [
    {
      "user": "rel4team",
      "repo": "sel4_cspace",
      "pkg": "sel4_cspace",
      "count": 15,
      "raw_reports": [
        {
          "file": "src/arch/riscv64/mod.rs",
          "features": "",
          "count": 2,
          "kinds": {
            "Clippy(Error)": [
              "error[E0432]: unresolved imports `sel4_common::shared_types_bf_gen`, `sel4_common::structures_gen`\n --> src/arch/riscv64/mod.rs:3:5\n  |\n3 |     shared_types_bf_gen::seL4_CapRights,\n  |     ^^^^^^^^^^^^^^^^^^^ could not find `shared_types_bf_gen` in `sel4_common`\n4 |     structures::exception_t,\n5 |     structures_gen::{cap, cap_null_cap, cap_tag},\n  |     ^^^^^^^^^^^^^^ could not find `structures_gen` in `sel4_common`\n\n",
              "error[E0432]: unresolved imports `sel4_common::shared_types_bf_gen`, `sel4_common::structures_gen`\n --> src/arch/riscv64/mod.rs:3:5\n  |\n3 |     shared_types_bf_gen::seL4_CapRights,\n  |     ^^^^^^^^^^^^^^^^^^^ could not find `shared_types_bf_gen` in `sel4_common`\n4 |     structures::exception_t,\n5 |     structures_gen::{cap, cap_null_cap, cap_tag},\n  |     ^^^^^^^^^^^^^^ could not find `structures_gen` in `sel4_common`\n\n"
            ]
          }
        },
        {
          "file": "src/cte.rs",
          "features": "",
          "count": 2,
          "kinds": {
            "Clippy(Error)": [
              "error[E0432]: unresolved imports `sel4_common::sel4_bitfield_types`, `sel4_common::structures_gen`\n  --> src/cte.rs:15:5\n   |\n15 |     sel4_bitfield_types::Bitfield,\n   |     ^^^^^^^^^^^^^^^^^^^ could not find `sel4_bitfield_types` in `sel4_common`\n16 |     structures_gen::{cap, cap_cnode_cap, cap_null_cap, cap_tag, mdb_node},\n   |     ^^^^^^^^^^^^^^ could not find `structures_gen` in `sel4_common`\n\n",
              "error[E0432]: unresolved imports `sel4_common::sel4_bitfield_types`, `sel4_common::structures_gen`\n  --> src/cte.rs:15:5\n   |\n15 |     sel4_bitfield_types::Bitfield,\n   |     ^^^^^^^^^^^^^^^^^^^ could not find `sel4_bitfield_types` in `sel4_common`\n16 |     structures_gen::{cap, cap_cnode_cap, cap_null_cap, cap_tag, mdb_node},\n   |     ^^^^^^^^^^^^^^ could not find `structures_gen` in `sel4_common`\n\n"
            ]
          }
        },
        {
          "file": "(virtual) clippy",
          "features": "",
          "count": 1,
          "kinds": {
            "Cargo": [
              "// pkg_name=sel4_cspace, checker=Clippy\n// toolchain=nightly-2025-01-26-x86_64-unknown-linux-gnu, target=riscv64gc-unknown-none-elf\n// features=\n// pkg_dir=/home/runner/check/batch_46/rel4team/sel4_cspace\n// cmd=cargo clippy --target riscv64gc-unknown-none-elf  --no-deps\n// timestamp=2025-02-16 23:38:26.622002637 +08:00:00\n   Compiling memchr v2.7.4\n   Compiling semver-parser v0.7.0\n   Compiling regex-syntax v0.8.4\n   Compiling autocfg v1.3.0\n   Compiling semver v0.9.0\n   Compiling lazy_static v1.5.0\n   Compiling aho-corasick v1.1.3\n   Compiling rustc_version v0.2.3\n   Compiling bare-metal v0.2.5\n   Compiling lock_api v0.4.12\n    Checking serial-frame v0.1.0 (https://github.com/rel4team/serial-frame.git?branch=mi_dev#84501a76)\n    Checking scopeguard v1.2.0\n    Checking tock-registers v0.9.0\n    Checking serial-impl-pl011 v0.1.0 (https://github.com/rel4team/serial-impl-pl011.git?branch=mi_dev#83e073e1)\n    Checking serial-impl-sbi v0.1.0 (https://github.com/rel4team/serial-impl-sbi.git?branch=mi_dev#4face963)\n    Checking log v0.4.22\n    Checking bit_field v0.10.2\n    Checking cfg-if v1.0.0\n    Checking bitflags v1.3.2\n    Checking driver-collect v0.1.0 (https://github.com/rel4team/driver-collect.git?branch=mi_dev#3667ef6a)\n    Checking spin v0.9.8\n   Compiling regex-automata v0.4.7\n   Compiling regex v1.10.6\n   Compiling riscv-target v0.1.2\n   Compiling riscv v0.6.0 (https://github.com/rcore-os/riscv#11d43cf7)\n    Checking sel4_common v0.1.0 (https://github.com/rel4team/sel4_common.git?branch=mi_dev#21a53113)\n    Checking sel4_cspace v0.1.0 (/home/runner/check/batch_46/rel4team/sel4_cspace)\nerror: could not compile `sel4_cspace` (lib) due to 6 previous errors; 1 warning emitted\n"
            ]
          }
        },
        {
          "file": "(virtual) lockbud",
          "features": "",
          "count": 1,
          "kinds": {
            "Cargo": [
              "// pkg_name=sel4_cspace, checker=Lockbud\n// toolchain=nightly-2025-01-26-x86_64-unknown-linux-gnu, target=riscv64gc-unknown-none-elf\n// features=\n// pkg_dir=/home/runner/check/batch_6/rel4team/sel4_cspace\n// cmd=cargo +nightly-2025-02-01 lockbud -k all -- --target riscv64gc-unknown-none-elf \n// timestamp=2025-03-07 21:12:33.764503684 +08:00:00\n   Compiling memchr v2.7.4\n   Compiling semver-parser v0.7.0\n   Compiling regex-syntax v0.8.4\n   Compiling autocfg v1.3.0\n   Compiling semver v0.9.0\n   Compiling lazy_static v1.5.0\n   Compiling rustc_version v0.2.3\n   Compiling aho-corasick v1.1.3\n   Compiling bare-metal v0.2.5\n   Compiling lock_api v0.4.12\n   Compiling serial-frame v0.1.0 (https://github.com/rel4team/serial-frame.git?branch=mi_dev#84501a76)\n   Compiling tock-registers v0.9.0\n   Compiling scopeguard v1.2.0\n   Compiling serial-impl-pl011 v0.1.0 (https://github.com/rel4team/serial-impl-pl011.git?branch=mi_dev#83e073e1)\n   Compiling serial-impl-sbi v0.1.0 (https://github.com/rel4team/serial-impl-sbi.git?branch=mi_dev#4face963)\n   Compiling cfg-if v1.0.0\n   Compiling bitflags v1.3.2\n   Compiling log v0.4.22\n   Compiling bit_field v0.10.2\n[2025-03-07T13:12:35Z WARN  lockbud::callbacks] [\n      {\n        \"AtomicityViolation\": {\n          \"bug_kind\": \"AtomicityViolation\",\n          \"possibility\": \"Possibly\",\n          \"diagnosis\": {\n            \"fn_name\": \"set_logger_racy\",\n            \"atomic_reader\": \"/home/runner/.cargo/registry/src/index.crates.io-1949cf8c6b5b557f/log-0.4.22/src/lib.rs:1447:11: 1447:40 (#0)\",\n            \"atomic_writer\": \"/home/runner/.cargo/registry/src/index.crates.io-1949cf8c6b5b557f/log-0.4.22/src/lib.rs:1450:13: 1450:56 (#0)\",\n            \"dep_kind\": \"Control\"\n          },\n          \"explanation\": \"atomic::store is data/control dependent on atomic::load\"\n        }\n      }\n    ]\n[2025-03-07T13:12:35Z WARN  lockbud::callbacks] crate log contains bugs: { probably: 0, possibly: 0 }, conflictlock: { probably: 0, possibly: 0 }, condvar_deadlock: { probably: 0, possibly: 0 }, atomicity_violation: { possibly: 1 }, invalid_free: { possibly: 0 }, use_after_free: { possibly: 0 }\n   Compiling driver-collect v0.1.0 (https://github.com/rel4team/driver-collect.git?branch=mi_dev#3667ef6a)\n   Compiling spin v0.9.8\n   Compiling regex-automata v0.4.7\n   Compiling regex v1.10.6\n   Compiling riscv-target v0.1.2\n[2025-03-07T13:12:38Z WARN  lockbud::callbacks] [\n      {\n        \"AtomicityViolation\": {\n          \"bug_kind\": \"AtomicityViolation\",\n          \"possibility\": \"Possibly\",\n          \"diagnosis\": {\n            \"fn_name\": \"regex_automata::util::pool::inner::Pool::<T, F>::get\",\n            \"atomic_reader\": \"/home/runner/.cargo/registry/src/index.crates.io-1949cf8c6b5b557f/regex-automata-0.4.7/src/util/pool.rs:525:25: 525:59 (#0)\",\n            \"atomic_writer\": \"/home/runner/.cargo/registry/src/index.crates.io-1949cf8c6b5b557f/regex-automata-0.4.7/src/util/pool.rs:530:17: 530:69 (#0)\",\n            \"dep_kind\": \"Control\"\n          },\n          \"explanation\": \"atomic::store is data/control dependent on atomic::load\"\n        }\n      }\n    ]\n[2025-03-07T13:12:38Z WARN  lockbud::callbacks] crate riscv_target contains bugs: { probably: 0, possibly: 0 }, conflictlock: { probably: 0, possibly: 0 }, condvar_deadlock: { probably: 0, possibly: 0 }, atomicity_violation: { possibly: 1 }, invalid_free: { possibly: 0 }, use_after_free: { possibly: 0 }\n   Compiling riscv v0.6.0 (https://github.com/rcore-os/riscv#11d43cf7)\n   Compiling sel4_common v0.1.0 (https://github.com/rel4team/sel4_common.git?branch=mi_dev#21a53113)\n   Compiling sel4_cspace v0.1.0 (/home/runner/check/batch_6/rel4team/sel4_cspace)\nerror[E0432]: unresolved import `sel4_common::structures_gen`\n --> src/capability/zombie.rs:5:18\n  |\n5 | use sel4_common::structures_gen::{cap, cap_tag, cap_zombie_cap};\n  |                  ^^^^^^^^^^^^^^ could not find `structures_gen` in `sel4_common`\n\nerror[E0432]: unresolved import `sel4_common::structures_gen`\n  --> src/capability/mod.rs:16:18\n   |\n16 | use sel4_common::structures_gen::{cap, cap_null_cap, cap_tag};\n   |                  ^^^^^^^^^^^^^^ could not find `structures_gen` in `sel4_common`\n\nerror[E0432]: unresolved imports `sel4_common::sel4_bitfield_types`, `sel4_common::structures_gen`\n  --> src/cte.rs:15:5\n   |\n15 |     sel4_bitfield_types::Bitfield,\n   |     ^^^^^^^^^^^^^^^^^^^ could not find `sel4_bitfield_types` in `sel4_common`\n16 |     structures_gen::{cap, cap_cnode_cap, cap_null_cap, cap_tag, mdb_node},\n   |     ^^^^^^^^^^^^^^ could not find `structures_gen` in `sel4_common`\n\nerror[E0432]: unresolved import `sel4_common::structures_gen`\n --> src/structures.rs:4:5\n  |\n4 |     structures_gen::{cap, cap_null_cap},\n  |     ^^^^^^^^^^^^^^ could not find `structures_gen` in `sel4_common`\n\nerror[E0432]: unresolved import `sel4_common::structures_gen`\n --> src/deps.rs:2:44\n  |\n2 | use sel4_common::{structures::exception_t, structures_gen::cap};\n  |                                            ^^^^^^^^^^^^^^ could not find `structures_gen` in `sel4_common`\n\nerror[E0432]: unresolved imports `sel4_common::shared_types_bf_gen`, `sel4_common::structures_gen`\n --> src/arch/riscv64/mod.rs:3:5\n  |\n3 |     shared_types_bf_gen::seL4_CapRights,\n  |     ^^^^^^^^^^^^^^^^^^^ could not find `shared_types_bf_gen` in `sel4_common`\n4 |     structures::exception_t,\n5 |     structures_gen::{cap, cap_null_cap, cap_tag},\n  |     ^^^^^^^^^^^^^^ could not find `structures_gen` in `sel4_common`\n\nwarning: the feature `asm_const` has been stable since 1.82.0 and no longer requires an attribute to enable\n --> src/lib.rs:4:12\n  |\n4 | #![feature(asm_const)]\n  |            ^^^^^^^^^\n  |\n  = note: `#[warn(stable_features)]` on by default\n\nFor more information about this error, try `rustc --explain E0432`.\nwarning: `sel4_cspace` (lib) generated 1 warning\nerror: could not compile `sel4_cspace` (lib) due to 6 previous errors; 1 warning emitted\n"
            ]
          }
        },
        {
          "file": "(virtual) rapx",
          "features": "",
          "count": 1,
          "kinds": {
            "Cargo": [
              "// pkg_name=sel4_cspace, checker=Rapx\n// toolchain=nightly-2025-01-26-x86_64-unknown-linux-gnu, target=riscv64gc-unknown-none-elf\n// features=\n// pkg_dir=/home/runner/check/batch_46/rel4team/sel4_cspace\n// cmd=cargo +nightly-2024-10-12 rapx -F -M -- --target riscv64gc-unknown-none-elf \n// timestamp=2025-02-16 23:38:49.212521141 +08:00:00\n   Compiling memchr v2.7.4\n   Compiling semver-parser v0.7.0\n   Compiling regex-syntax v0.8.4\n   Compiling lazy_static v1.5.0\n   Compiling autocfg v1.3.0\n   Compiling semver v0.9.0\n   Compiling aho-corasick v1.1.3\n   Compiling rustc_version v0.2.3\n   Compiling lock_api v0.4.12\n   Compiling bare-metal v0.2.5\n    Checking serial-frame v0.1.0 (https://github.com/rel4team/serial-frame.git?branch=mi_dev#84501a76)\n    Checking tock-registers v0.9.0\n    Checking scopeguard v1.2.0\n    Checking serial-impl-pl011 v0.1.0 (https://github.com/rel4team/serial-impl-pl011.git?branch=mi_dev#83e073e1)\n    Checking serial-impl-sbi v0.1.0 (https://github.com/rel4team/serial-impl-sbi.git?branch=mi_dev#4face963)\n    Checking cfg-if v1.0.0\n    Checking bit_field v0.10.2\n    Checking log v0.4.22\n   Compiling regex-automata v0.4.7\n    Checking bitflags v1.3.2\n    Checking driver-collect v0.1.0 (https://github.com/rel4team/driver-collect.git?branch=mi_dev#3667ef6a)\n    Checking spin v0.9.8\n   Compiling regex v1.10.6\n   Compiling riscv-target v0.1.2\n   Compiling riscv v0.6.0 (https://github.com/rcore-os/riscv#11d43cf7)\n    Checking sel4_common v0.1.0 (https://github.com/rel4team/sel4_common.git?branch=mi_dev#21a53113)\n    Checking sel4_cspace v0.1.0 (/home/runner/check/batch_46/rel4team/sel4_cspace)\nerror[E0432]: unresolved import `sel4_common::structures_gen`\n --> src/capability/zombie.rs:5:18\n  |\n5 | use sel4_common::structures_gen::{cap, cap_tag, cap_zombie_cap};\n  |                  ^^^^^^^^^^^^^^ could not find `structures_gen` in `sel4_common`\n\nerror[E0432]: unresolved import `sel4_common::structures_gen`\n  --> src/capability/mod.rs:16:18\n   |\n16 | use sel4_common::structures_gen::{cap, cap_null_cap, cap_tag};\n   |                  ^^^^^^^^^^^^^^ could not find `structures_gen` in `sel4_common`\n\nerror[E0432]: unresolved imports `sel4_common::sel4_bitfield_types`, `sel4_common::structures_gen`\n  --> src/cte.rs:15:5\n   |\n15 |     sel4_bitfield_types::Bitfield,\n   |     ^^^^^^^^^^^^^^^^^^^ could not find `sel4_bitfield_types` in `sel4_common`\n16 |     structures_gen::{cap, cap_cnode_cap, cap_null_cap, cap_tag, mdb_node},\n   |     ^^^^^^^^^^^^^^ could not find `structures_gen` in `sel4_common`\n\nerror[E0432]: unresolved import `sel4_common::structures_gen`\n --> src/structures.rs:4:5\n  |\n4 |     structures_gen::{cap, cap_null_cap},\n  |     ^^^^^^^^^^^^^^ could not find `structures_gen` in `sel4_common`\n\nerror[E0432]: unresolved import `sel4_common::structures_gen`\n --> src/deps.rs:2:44\n  |\n2 | use sel4_common::{structures::exception_t, structures_gen::cap};\n  |                                            ^^^^^^^^^^^^^^ could not find `structures_gen` in `sel4_common`\n\nerror[E0432]: unresolved imports `sel4_common::shared_types_bf_gen`, `sel4_common::structures_gen`\n --> src/arch/riscv64/mod.rs:3:5\n  |\n3 |     shared_types_bf_gen::seL4_CapRights,\n  |     ^^^^^^^^^^^^^^^^^^^ could not find `shared_types_bf_gen` in `sel4_common`\n4 |     structures::exception_t,\n5 |     structures_gen::{cap, cap_null_cap, cap_tag},\n  |     ^^^^^^^^^^^^^^ could not find `structures_gen` in `sel4_common`\n\nwarning: the feature `asm_const` has been stable since 1.82.0 and no longer requires an attribute to enable\n --> src/lib.rs:4:12\n  |\n4 | #![feature(asm_const)]\n  |            ^^^^^^^^^\n  |\n  = note: `#[warn(stable_features)]` on by default\n\nerror[E0271]: type mismatch resolving `<cte_t as Pointee>::Metadata == ()`\n  --> src/structures.rs:54:41\n   |\n54 |             slot: core::ptr::null_mut::<cte_t>(),\n   |                                         ^^^^^ expected `()`, found associated type\n   |\n   = note:    expected unit type `()`\n           found associated type `<cte::cte_t as core::ptr::Pointee>::Metadata`\n   = help: consider constraining the associated type `<cte::cte_t as core::ptr::Pointee>::Metadata` to `()`\n   = note: for more information, visit https://doc.rust-lang.org/book/ch19-03-advanced-traits.html\n   = note: required for `cte::cte_t` to implement `core::ptr::Thin`\nnote: required by a bound in `core::ptr::null_mut`\n  --> /rustc/1bc403daadbebb553ccc211a0a8eebb73989665f/library/core/src/ptr/mod.rs:628:1\n\nwarning: unused import: `cap_func`\n --> src/cte.rs:8:5\n  |\n8 |     cap_func,\n  |     ^^^^^^^^\n  |\n  = note: `#[warn(unused_imports)]` on by default\n\nwarning: unused import: `zombie_func`\n --> src/cte.rs:9:31\n  |\n9 |     zombie::{capCyclicZombie, zombie_func},\n  |                               ^^^^^^^^^^^\n\nwarning: unused import: `zombie::zombie_func`\n  --> src/arch/riscv64/mod.rs:12:33\n   |\n12 |     capability::{cap_arch_func, zombie::zombie_func},\n   |                                 ^^^^^^^^^^^^^^^^^^^\n\nSome errors have detailed explanations: E0271, E0432.\nFor more information about an error, try `rustc --explain E0271`.\nwarning: `sel4_cspace` (lib) generated 4 warnings\nerror: could not compile `sel4_cspace` (lib) due to 7 previous errors; 4 warnings emitted\n15:38:54|RAP|ERROR|: Finished with non-zero exit code.\n"
            ]
          }
        },
        {
          "file": "(virtual) semver-checks",
          "features": "",
          "count": 1,
          "kinds": {
            "Cargo": [
              "// pkg_name=sel4_cspace, checker=SemverChecks\n// toolchain=nightly-2025-01-26-x86_64-unknown-linux-gnu, target=riscv64gc-unknown-none-elf\n// features=\n// pkg_dir=/home/runner/check/batch_47/rel4team/sel4_cspace\n// cmd=cargo +nightly-2025-01-26-x86_64-unknown-linux-gnu semver-checks --target riscv64gc-unknown-none-elf \n// timestamp=2025-03-07 17:25:03.514771401 +08:00:00\n    Building sel4_cspace v0.1.0 (current)\nerror: running cargo-doc on crate 'sel4_cspace' failed with output:\n-----\n   Compiling memchr v2.7.4\n   Compiling proc-macro2 v1.0.94\n   Compiling unicode-ident v1.0.18\n   Compiling thiserror v2.0.12\n   Compiling regex-syntax v0.8.5\n   Compiling ucd-trie v0.1.7\n   Compiling aho-corasick v1.1.3\n   Compiling quote v1.0.39\n   Compiling syn v2.0.99\n   Compiling rustix v0.38.44\n   Compiling once_cell v1.20.3\n   Compiling semver-parser v0.7.0\n   Compiling bitflags v2.9.0\n   Compiling regex-automata v0.4.9\n   Compiling linux-raw-sys v0.4.15\n   Compiling semver v0.9.0\n   Compiling home v0.5.11\n   Compiling syn v1.0.109\n   Compiling either v1.15.0\n   Compiling regex v1.11.1\n   Compiling thiserror-impl v2.0.12\n   Compiling rustc_version v0.2.3\n   Compiling autocfg v1.4.0\n   Compiling which v4.4.2\n   Compiling lazy_static v1.5.0\n   Compiling riscv-target v0.1.2\n   Compiling sel4-rustfmt-helper v0.1.0 (https://github.com/rel4team/rust_sel4_pbf_parser/?branch=mi_dev#34240530)\n   Compiling lock_api v0.4.12\n   Compiling bare-metal v0.2.5\n   Compiling glob v0.3.2\n   Compiling pest v2.7.15\n   Compiling sel4-bitfield-types v0.1.0 (https://github.com/rel4team/rust_sel4_pbf_parser/?branch=mi_dev#34240530)\n    Checking serial-frame v0.1.0 (https://github.com/rel4team/serial-frame.git?branch=mi_dev#84501a76)\n   Compiling riscv v0.6.0 (https://github.com/rcore-os/riscv#11d43cf7)\n    Checking scopeguard v1.2.0\n    Checking tock-registers v0.9.0\n    Checking serial-impl-pl011 v0.1.0 (https://github.com/rel4team/serial-impl-pl011.git?branch=mi_dev#83e073e1)\n    Checking serial-impl-sbi v0.1.0 (https://github.com/rel4team/serial-impl-sbi.git?branch=mi_dev#4face963)\n    Checking log v0.4.26\n    Checking tock-registers v0.8.1\n    Checking bit_field v0.10.2\n    Checking bitflags v1.3.2\n    Checking cfg-if v1.0.0\n    Checking driver-collect v0.1.0 (https://github.com/rel4team/driver-collect.git?branch=mi_dev#3667ef6a)\n    Checking aarch64-cpu v9.4.0\n   Compiling pest_meta v2.7.15\n    Checking spin v0.9.8\n   Compiling pest_generator v2.7.15\n   Compiling pest_derive v2.7.15\n   Compiling sel4-bitfield-parser v0.1.0 (https://github.com/rel4team/rust_sel4_pbf_parser/?branch=mi_dev#34240530)\n   Compiling rust_sel4_pbf_parser v0.1.0 (https://github.com/rel4team/rust_sel4_pbf_parser/?branch=mi_dev#34240530)\n   Compiling sel4_common v0.1.0 (https://github.com/rel4team/sel4_common.git?branch=mi_dev#bfc7c3c7)\nerror: failed to run custom build command for `sel4_common v0.1.0 (https://github.com/rel4team/sel4_common.git?branch=mi_dev#bfc7c3c7)`\n\nCaused by:\n  process didn't exit successfully: `/home/runner/check/batch_47/rel4team/sel4_cspace/target/semver-checks/local-sel4_cspace-0_1_0-1fb5676434a6a880/target/debug/build/sel4_common-53d762288e46c099/build-script-build` (exit status: 1)\n  --- stdout\n  dir /home/runner/check/batch_47/rel4team/sel4_cspace/target/semver-checks/local-sel4_cspace-0_1_0-1fb5676434a6a880/target/riscv64gc-unknown-none-elf/debug/build/sel4_common-d3b46812d071b9d3/out/pbf not exist, and no need to del\n  Directory created successfully: /home/runner/check/batch_47/rel4team/sel4_cspace/target/semver-checks/local-sel4_cspace-0_1_0-1fb5676434a6a880/target/riscv64gc-unknown-none-elf/debug/build/sel4_common-d3b46812d071b9d3/out/pbf\n\n  --- stderr\n  Failed to copy file: No such file or directory (os error 2)\n\n-----\n\nerror: failed to build rustdoc for crate sel4_cspace v0.1.0\nnote: this is usually due to a compilation error in the crate,\n      and is unlikely to be a bug in cargo-semver-checks\nnote: the following command can be used to reproduce the compilation error:\n      cargo new --lib example &&\n          cd example &&\n          echo '[workspace]' >> Cargo.toml &&\n          cargo add --path /home/runner/check/batch_47/rel4team/sel4_cspace --features KERNEL_MCS &&\n          cargo check\n\nerror: aborting due to failure to build rustdoc for crate sel4_cspace v0.1.0\n"
            ]
          }
        },
        {
          "file": "[outdated direct dependencies]",
          "features": "",
          "count": 1,
          "kinds": {
            "Outdated": [
              "pkg=sel4_cspace, checker=Outdated\ntoolchain=nightly-2025-01-26-x86_64-unknown-linux-gnu, target=riscv64gc-unknown-none-elf\nfeatures=\npkg_dir=/home/runner/check/batch_46/rel4team/sel4_cspace\ncmd=cargo +nightly-2025-01-26-x86_64-unknown-linux-gnu outdated -R --exit-code=2\ntimestamp=2025-02-16 23:38:56.339146484 +08:00:00\n\nName  Project  Compat  Latest  Kind    Platform\n----  -------  ------  ------  ----    --------\nlog   0.4.22   0.4.25  0.4.25  Normal  ---\n"
            ]
          }
        },
        {
          "file": "[semver checks]",
          "features": "",
          "count": 1,
          "kinds": {
            "Semver Violation": [
              "pkg=sel4_cspace, checker=SemverChecks\ntoolchain=nightly-2025-01-26-x86_64-unknown-linux-gnu, target=riscv64gc-unknown-none-elf\nfeatures=\npkg_dir=/home/runner/check/batch_47/rel4team/sel4_cspace\ncmd=cargo +nightly-2025-01-26-x86_64-unknown-linux-gnu semver-checks --target riscv64gc-unknown-none-elf \ntimestamp=2025-03-07 17:25:15.963789672 +08:00:00\n\n\nstdout:\n\nstderr:\n    Building sel4_cspace v0.1.0 (current)\nerror: running cargo-doc on crate 'sel4_cspace' failed with output:\n-----\n   Compiling memchr v2.7.4\n   Compiling proc-macro2 v1.0.94\n   Compiling unicode-ident v1.0.18\n   Compiling thiserror v2.0.12\n   Compiling regex-syntax v0.8.5\n   Compiling ucd-trie v0.1.7\n   Compiling aho-corasick v1.1.3\n   Compiling quote v1.0.39\n   Compiling syn v2.0.99\n   Compiling rustix v0.38.44\n   Compiling once_cell v1.20.3\n   Compiling semver-parser v0.7.0\n   Compiling bitflags v2.9.0\n   Compiling regex-automata v0.4.9\n   Compiling linux-raw-sys v0.4.15\n   Compiling semver v0.9.0\n   Compiling home v0.5.11\n   Compiling syn v1.0.109\n   Compiling either v1.15.0\n   Compiling regex v1.11.1\n   Compiling thiserror-impl v2.0.12\n   Compiling rustc_version v0.2.3\n   Compiling autocfg v1.4.0\n   Compiling which v4.4.2\n   Compiling lazy_static v1.5.0\n   Compiling riscv-target v0.1.2\n   Compiling sel4-rustfmt-helper v0.1.0 (https://github.com/rel4team/rust_sel4_pbf_parser/?branch=mi_dev#34240530)\n   Compiling lock_api v0.4.12\n   Compiling bare-metal v0.2.5\n   Compiling glob v0.3.2\n   Compiling pest v2.7.15\n   Compiling sel4-bitfield-types v0.1.0 (https://github.com/rel4team/rust_sel4_pbf_parser/?branch=mi_dev#34240530)\n    Checking serial-frame v0.1.0 (https://github.com/rel4team/serial-frame.git?branch=mi_dev#84501a76)\n   Compiling riscv v0.6.0 (https://github.com/rcore-os/riscv#11d43cf7)\n    Checking scopeguard v1.2.0\n    Checking tock-registers v0.9.0\n    Checking serial-impl-pl011 v0.1.0 (https://github.com/rel4team/serial-impl-pl011.git?branch=mi_dev#83e073e1)\n    Checking serial-impl-sbi v0.1.0 (https://github.com/rel4team/serial-impl-sbi.git?branch=mi_dev#4face963)\n    Checking log v0.4.26\n    Checking tock-registers v0.8.1\n    Checking bit_field v0.10.2\n    Checking bitflags v1.3.2\n    Checking cfg-if v1.0.0\n    Checking driver-collect v0.1.0 (https://github.com/rel4team/driver-collect.git?branch=mi_dev#3667ef6a)\n    Checking aarch64-cpu v9.4.0\n   Compiling pest_meta v2.7.15\n    Checking spin v0.9.8\n   Compiling pest_generator v2.7.15\n   Compiling pest_derive v2.7.15\n   Compiling sel4-bitfield-parser v0.1.0 (https://github.com/rel4team/rust_sel4_pbf_parser/?branch=mi_dev#34240530)\n   Compiling rust_sel4_pbf_parser v0.1.0 (https://github.com/rel4team/rust_sel4_pbf_parser/?branch=mi_dev#34240530)\n   Compiling sel4_common v0.1.0 (https://github.com/rel4team/sel4_common.git?branch=mi_dev#bfc7c3c7)\nerror: failed to run custom build command for `sel4_common v0.1.0 (https://github.com/rel4team/sel4_common.git?branch=mi_dev#bfc7c3c7)`\n\nCaused by:\n  process didn't exit successfully: `/home/runner/check/batch_47/rel4team/sel4_cspace/target/semver-checks/local-sel4_cspace-0_1_0-1fb5676434a6a880/target/debug/build/sel4_common-53d762288e46c099/build-script-build` (exit status: 1)\n  --- stdout\n  dir /home/runner/check/batch_47/rel4team/sel4_cspace/target/semver-checks/local-sel4_cspace-0_1_0-1fb5676434a6a880/target/riscv64gc-unknown-none-elf/debug/build/sel4_common-d3b46812d071b9d3/out/pbf not exist, and no need to del\n  Directory created successfully: /home/runner/check/batch_47/rel4team/sel4_cspace/target/semver-checks/local-sel4_cspace-0_1_0-1fb5676434a6a880/target/riscv64gc-unknown-none-elf/debug/build/sel4_common-d3b46812d071b9d3/out/pbf\n\n  --- stderr\n  Failed to copy file: No such file or directory (os error 2)\n\n-----\n\nerror: failed to build rustdoc for crate sel4_cspace v0.1.0\nnote: this is usually due to a compilation error in the crate,\n      and is unlikely to be a bug in cargo-semver-checks\nnote: the following command can be used to reproduce the compilation error:\n      cargo new --lib example &&\n          cd example &&\n          echo '[workspace]' >> Cargo.toml &&\n          cargo add --path /home/runner/check/batch_47/rel4team/sel4_cspace --features KERNEL_MCS &&\n          cargo check\n\nerror: aborting due to failure to build rustdoc for crate sel4_cspace v0.1.0\n"
            ]
          }
        },
        {
          "file": "src/capability/mod.rs",
          "features": "",
          "count": 1,
          "kinds": {
            "Clippy(Error)": [
              "error[E0432]: unresolved import `sel4_common::structures_gen`\n  --> src/capability/mod.rs:16:18\n   |\n16 | use sel4_common::structures_gen::{cap, cap_null_cap, cap_tag};\n   |                  ^^^^^^^^^^^^^^ could not find `structures_gen` in `sel4_common`\n\n"
            ]
          }
        },
        {
          "file": "src/capability/zombie.rs",
          "features": "",
          "count": 1,
          "kinds": {
            "Clippy(Error)": [
              "error[E0432]: unresolved import `sel4_common::structures_gen`\n --> src/capability/zombie.rs:5:18\n  |\n5 | use sel4_common::structures_gen::{cap, cap_tag, cap_zombie_cap};\n  |                  ^^^^^^^^^^^^^^ could not find `structures_gen` in `sel4_common`\n\n"
            ]
          }
        },
        {
          "file": "src/deps.rs",
          "features": "",
          "count": 1,
          "kinds": {
            "Clippy(Error)": [
              "error[E0432]: unresolved import `sel4_common::structures_gen`\n --> src/deps.rs:2:44\n  |\n2 | use sel4_common::{structures::exception_t, structures_gen::cap};\n  |                                            ^^^^^^^^^^^^^^ could not find `structures_gen` in `sel4_common`\n\n"
            ]
          }
        },
        {
          "file": "src/lib.rs",
          "features": "",
          "count": 1,
          "kinds": {
            "Clippy(Warn)": [
              "warning: the feature `asm_const` has been stable since 1.82.0 and no longer requires an attribute to enable\n --> src/lib.rs:4:12\n  |\n4 | #![feature(asm_const)]\n  |            ^^^^^^^^^\n  |\n  = note: `#[warn(stable_features)]` on by default\n\n"
            ]
          }
        },
        {
          "file": "src/structures.rs",
          "features": "",
          "count": 1,
          "kinds": {
            "Clippy(Error)": [
              "error[E0432]: unresolved import `sel4_common::structures_gen`\n --> src/structures.rs:4:5\n  |\n4 |     structures_gen::{cap, cap_null_cap},\n  |     ^^^^^^^^^^^^^^ could not find `structures_gen` in `sel4_common`\n\n"
            ]
          }
        }
      ]
    }
  ],
  "kinds_order": [
    "Cargo",
    "Clippy(Error)",
    "Clippy(Warn)",
    "Semver Violation",
    "Audit",
    "Mirai",
    "Rapx",
    "Rudra",
    "Lockbud(Probably)",
    "Lockbud(Possibly)",
    "Outdated",
    "Geiger",
    "Unformatted"
  ]
}