{"repo":{"user":"arceos-org","repo":"allocator"},"data":[{"user":"arceos-org","repo":"allocator","pkg":"allocator","count":27,"raw_reports":[{"file":"src/lib.rs","count":12,"kinds":{"Clippy(Warn)":["warning: function `align_down` is never used\n   --> src/lib.rs:134:10\n    |\n134 | const fn align_down(pos: usize, align: usize) -> usize {\n    |          ^^^^^^^^^^\n    |\n    = note: `#[warn(dead_code)]` on by default\n\n","warning: function `align_up` is never used\n   --> src/lib.rs:139:10\n    |\n139 | const fn align_up(pos: usize, align: usize) -> usize {\n    |          ^^^^^^^^\n\n","warning: function `is_aligned` is never used\n   --> src/lib.rs:147:10\n    |\n147 | const fn is_aligned(base_addr: usize, align: usize) -> bool {\n    |          ^^^^^^^^^^\n\n","warning: function `align_down` is never used\n   --> src/lib.rs:134:10\n    |\n134 | const fn align_down(pos: usize, align: usize) -> usize {\n    |          ^^^^^^^^^^\n    |\n    = note: `#[warn(dead_code)]` on by default\n\n","warning: function `align_up` is never used\n   --> src/lib.rs:139:10\n    |\n139 | const fn align_up(pos: usize, align: usize) -> usize {\n    |          ^^^^^^^^\n\n","warning: function `is_aligned` is never used\n   --> src/lib.rs:147:10\n    |\n147 | const fn is_aligned(base_addr: usize, align: usize) -> bool {\n    |          ^^^^^^^^^^\n\n","warning: function `align_down` is never used\n   --> src/lib.rs:134:10\n    |\n134 | const fn align_down(pos: usize, align: usize) -> usize {\n    |          ^^^^^^^^^^\n    |\n    = note: `#[warn(dead_code)]` on by default\n\n","warning: function `align_up` is never used\n   --> src/lib.rs:139:10\n    |\n139 | const fn align_up(pos: usize, align: usize) -> usize {\n    |          ^^^^^^^^\n\n","warning: function `is_aligned` is never used\n   --> src/lib.rs:147:10\n    |\n147 | const fn is_aligned(base_addr: usize, align: usize) -> bool {\n    |          ^^^^^^^^^^\n\n","warning: function `align_down` is never used\n   --> src/lib.rs:134:10\n    |\n134 | const fn align_down(pos: usize, align: usize) -> usize {\n    |          ^^^^^^^^^^\n    |\n    = note: `#[warn(dead_code)]` on by default\n\n","warning: function `align_up` is never used\n   --> src/lib.rs:139:10\n    |\n139 | const fn align_up(pos: usize, align: usize) -> usize {\n    |          ^^^^^^^^\n\n","warning: function `is_aligned` is never used\n   --> src/lib.rs:147:10\n    |\n147 | const fn is_aligned(base_addr: usize, align: usize) -> bool {\n    |          ^^^^^^^^^^\n\n"]}},{"file":"(virtual) semver-checks","count":4,"kinds":{"Cargo":["// pkg_name=allocator, checker=SemverChecks\n// toolchain=nightly-2024-12-25-x86_64-unknown-linux-gnu, target=x86_64-unknown-linux-gnu\n// pkg_dir=/home/runner/check/batch_4/arceos-org/allocator\n// cmd=cargo +nightly-2024-12-25-x86_64-unknown-linux-gnu semver-checks --target x86_64-unknown-linux-gnu\n// timestamp=2024-12-26 23:48:16.024060221 +08:00:00\n    Building allocator v0.1.1 (current)\n       Built [   2.824s] (current)\n     Parsing allocator v0.1.1 (current)\n      Parsed [   0.002s] (current)\n    Building allocator v0.0.2 (baseline)\nerror: running cargo-doc on crate 'allocator' failed with output:\n-----\n    Checking checked_cast v0.0.3\n Documenting allocator v0.0.2\nerror: expected one of `!`, `(`, `+`, `::`, `;`, `<`, or `]`, found `,`\n  --> /home/runner/.cargo/registry/src/index.crates.io-1949cf8c6b5b557f/allocator-0.0.2/src/allocator.rs:53:19\n   |\n53 | static SIZES: [u64, ..58] = [\n   |                   ^ expected one of 7 possible tokens\n\nerror[E0259]: the name `core` is defined multiple times\n --> /home/runner/.cargo/registry/src/index.crates.io-1949cf8c6b5b557f/allocator-0.0.2/src/lib.rs:9:1\n  |\n9 | extern crate core;\n  | ^^^^^^^^^^^^^^^^^^ `core` reimported here\n  |\n  = note: `core` must be defined only once in the type namespace of this module\nhelp: you can use `as` to change the binding name of the import\n  |\n9 | extern crate core as other_core;\n  |\n\nerror[E0432]: unresolved import `core::num::Int`\n --> /home/runner/.cargo/registry/src/index.crates.io-1949cf8c6b5b557f/allocator-0.0.2/src/noop.rs:7:5\n  |\n7 | use core::num::Int;\n  |     ^^^^^^^^^^^^^^ no `Int` in `num`\n\nerror[E0432]: unresolved import `core::num::Int`\n --> /home/runner/.cargo/registry/src/index.crates.io-1949cf8c6b5b557f/allocator-0.0.2/src/malloc.rs:8:5\n  |\n8 | use core::num::Int;\n  |     ^^^^^^^^^^^^^^ no `Int` in `num`\n\nerror[E0432]: unresolved import `core::kinds`\n  --> /home/runner/.cargo/registry/src/index.crates.io-1949cf8c6b5b557f/allocator-0.0.2/src/arena.rs:13:11\n   |\n13 | use core::kinds::marker;\n   |           ^^^^^ could not find `kinds` in `core`\n\nerror[E0432]: unresolved import `core::num::Int`\n  --> /home/runner/.cargo/registry/src/index.crates.io-1949cf8c6b5b557f/allocator-0.0.2/src/arena.rs:14:5\n   |\n14 | use core::num::Int;\n   |     ^^^^^^^^^^^^^^ no `Int` in `num`\n\nerror[E0432]: unresolved import `core::num::Int`\n --> /home/runner/.cargo/registry/src/index.crates.io-1949cf8c6b5b557f/allocator-0.0.2/src/rustalloc.rs:5:5\n  |\n5 | use core::num::Int;\n  |     ^^^^^^^^^^^^^^ no `Int` in `num`\n\nerror[E0432]: unresolved import `alloc::heap`\n --> /home/runner/.cargo/registry/src/index.crates.io-1949cf8c6b5b557f/allocator-0.0.2/src/rustalloc.rs:7:5\n  |\n7 | use alloc::heap;\n  |     ^^^^^^^^^^^ no `heap` in the root\n\nerror: cannot find attribute `phase` in this scope\n  --> /home/runner/.cargo/registry/src/index.crates.io-1949cf8c6b5b557f/allocator-0.0.2/src/lib.rs:14:3\n   |\n14 | #[phase(plugin)] extern crate checked_cast;\n   |   ^^^^^\n\nerror: cannot find macro `checked_cast` in this scope\n  --> /home/runner/.cargo/registry/src/index.crates.io-1949cf8c6b5b557f/allocator-0.0.2/src/malloc.rs:21:37\n   |\n21 |         let p: *mut T = malloc(try!(checked_cast!(count, size_t))) as *mut T;\n   |                                     ^^^^^^^^^^^^\n   |\nnote: `checked_cast` is imported here, but it is a crate, not a macro\n  --> /home/runner/.cargo/registry/src/index.crates.io-1949cf8c6b5b557f/allocator-0.0.2/src/lib.rs:14:18\n   |\n14 | #[phase(plugin)] extern crate checked_cast;\n   |                  ^^^^^^^^^^^^^^^^^^^^^^^^^^\nhelp: consider importing this macro\n   |\n4  + use checked_cast::checked_cast;\n   |\n\nerror: cannot find attribute `unsafe_destructor` in this scope\n  --> /home/runner/.cargo/registry/src/index.crates.io-1949cf8c6b5b557f/allocator-0.0.2/src/arena.rs:55:3\n   |\n55 | #[unsafe_destructor]\n   |   ^^^^^^^^^^^^^^^^^\n\nerror: cannot find attribute `unsafe_destructor` in this scope\n   --> /home/runner/.cargo/registry/src/index.crates.io-1949cf8c6b5b557f/allocator-0.0.2/src/arena.rs:153:3\n    |\n153 | #[unsafe_destructor]\n    |   ^^^^^^^^^^^^^^^^^\n\nerror[E0412]: cannot find type `uint` in this scope\n  --> /home/runner/.cargo/registry/src/index.crates.io-1949cf8c6b5b557f/allocator-0.0.2/src/noop.rs:15:43\n   |\n15 |     unsafe fn alloc<T>(&mut self, _count: uint) -> Option<*mut T> { \n   |                                           ^^^^ not found in this scope\n\nerror[E0412]: cannot find type `uint` in this scope\n  --> /home/runner/.cargo/registry/src/index.crates.io-1949cf8c6b5b557f/allocator-0.0.2/src/noop.rs:19:44\n   |\n19 |     unsafe fn calloc<T>(&mut self, _items: uint) -> Option<*mut T> { \n   |                                            ^^^^ not found in this scope\n\nerror[E0412]: cannot find type `uint` in this scope\n  --> /home/runner/.cargo/registry/src/index.crates.io-1949cf8c6b5b557f/allocator-0.0.2/src/noop.rs:23:65\n   |\n23 |     unsafe fn realloc<T>(&mut self, _buf: &mut *mut T, current: uint, items: uint) -> Option<uint> {\n   |                                                                 ^^^^ not found in this scope\n\nerror[E0412]: cannot find type `uint` in this scope\n  --> /home/runner/.cargo/registry/src/index.crates.io-1949cf8c6b5b557f/allocator-0.0.2/src/noop.rs:23:78\n   |\n23 |     unsafe fn realloc<T>(&mut self, _buf: &mut *mut T, current: uint, items: uint) -> Option<uint> {\n   |                                                                              ^^^^ not found in this scope\n\nerror[E0412]: cannot find type `uint` in this scope\n  --> /home/runner/.cargo/registry/src/index.crates.io-1949cf8c6b5b557f/allocator-0.0.2/src/noop.rs:23:94\n   |\n23 |     unsafe fn realloc<T>(&mut self, _buf: &mut *mut T, current: uint, items: uint) -> Option<uint> {\n   |                                                                                              ^^^^ not found in this scope\n   |\nhelp: you might be missing a type parameter\n   |\n14 | impl<uint> Allocator for NoopAlloc {\n   |     ++++++\n\nerror[E0412]: cannot find type `uint` in this scope\n  --> /home/runner/.cargo/registry/src/index.crates.io-1949cf8c6b5b557f/allocator-0.0.2/src/noop.rs:31:64\n   |\n31 |     unsafe fn ensure<T>(&mut self, _buf: &mut *mut T, current: uint, min: uint) -> Option<uint> {\n   |                                                                ^^^^ not found in this scope\n\nerror[E0412]: cannot find type `uint` in this scope\n  --> /home/runner/.cargo/registry/src/index.crates.io-1949cf8c6b5b557f/allocator-0.0.2/src/noop.rs:31:75\n   |\n31 |     unsafe fn ensure<T>(&mut self, _buf: &mut *mut T, current: uint, min: uint) -> Option<uint> {\n   |                                                                           ^^^^ not found in this scope\n\nerror[E0412]: cannot find type `uint` in this scope\n  --> /home/runner/.cargo/registry/src/index.crates.io-1949cf8c6b5b557f/allocator-0.0.2/src/noop.rs:31:91\n   |\n31 |     unsafe fn ensure<T>(&mut self, _buf: &mut *mut T, current: uint, min: uint) -> Option<uint> {\n   |                                                                                           ^^^^ not found in this scope\n   |\nhelp: you might be missing a type parameter\n   |\n14 | impl<uint> Allocator for NoopAlloc {\n   |     ++++++\n\nerror[E0412]: cannot find type `uint` in this scope\n  --> /home/runner/.cargo/registry/src/index.crates.io-1949cf8c6b5b557f/allocator-0.0.2/src/noop.rs:39:56\n   |\n39 |     unsafe fn free<T>(&mut self, _buf: *mut T, _count: uint) {}\n   |                                                        ^^^^ not found in this scope\n\nerror[E0412]: cannot find type `uint` in this scope\n  --> /home/runner/.cargo/registry/src/index.crates.io-1949cf8c6b5b557f/allocator-0.0.2/src/malloc.rs:17:42\n   |\n17 |     unsafe fn alloc<T>(&mut self, count: uint) -> Option<*mut T> { #![inline]\n   |                                          ^^^^ not found in this scope\n\nerror[E0412]: cannot find type `uint` in this scope\n  --> /home/runner/.cargo/registry/src/index.crates.io-1949cf8c6b5b557f/allocator-0.0.2/src/malloc.rs:26:43\n   |\n26 |     unsafe fn calloc<T>(&mut self, count: uint) -> Option<*mut T> { #![inline]\n   |                                           ^^^^ not found in this scope\n\nerror[E0412]: cannot find type `uint` in this scope\n  --> /home/runner/.cargo/registry/src/index.crates.io-1949cf8c6b5b557f/allocator-0.0.2/src/malloc.rs:32:65\n   |\n32 |     unsafe fn realloc<T>(&mut self, buf: &mut *mut T, _current: uint, count: uint) -> Option<uint> { #![inline]\n   |                                                                 ^^^^ not found in this scope\n\nerror[E0412]: cannot find type `uint` in this scope\n  --> /home/runner/.cargo/registry/src/index.crates.io-1949cf8c6b5b557f/allocator-0.0.2/src/malloc.rs:32:78\n   |\n32 |     unsafe fn realloc<T>(&mut self, buf: &mut *mut T, _current: uint, count: uint) -> Option<uint> { #![inline]\n   |                                                                              ^^^^ not found in this scope\n\nerror[E0412]: cannot find type `uint` in this scope\n  --> /home/runner/.cargo/registry/src/index.crates.io-1949cf8c6b5b557f/allocator-0.0.2/src/malloc.rs:32:94\n   |\n32 |     unsafe fn realloc<T>(&mut self, buf: &mut *mut T, _current: uint, count: uint) -> Option<uint> { #![inline]\n   |                                                                                              ^^^^ not found in this scope\n   |\nhelp: you might be missing a type parameter\n   |\n16 | impl<uint> Allocator for Malloc {\n   |     ++++++\n\nerror[E0412]: cannot find type `uint` in this scope\n  --> /home/runner/.cargo/registry/src/index.crates.io-1949cf8c6b5b557f/allocator-0.0.2/src/malloc.rs:42:56\n   |\n42 |     unsafe fn free<T>(&mut self, _buf: *mut T, _count: uint) { #![inline]\n   |                                                        ^^^^ not found in this scope\n\nerror[E0412]: cannot find type `uint` in this scope\n  --> /home/runner/.cargo/registry/src/index.crates.io-1949cf8c6b5b557f/allocator-0.0.2/src/arena.rs:22:17\n   |\n22 |     chunk_size: uint,\n   |                 ^^^^ not found in this scope\n\nerror[E0412]: cannot find type `uint` in this scope\n  --> /home/runner/.cargo/registry/src/index.crates.io-1949cf8c6b5b557f/allocator-0.0.2/src/arena.rs:23:13\n   |\n23 |     chunks: uint,\n   |             ^^^^ not found in this scope\n\nerror[E0412]: cannot find type `uint` in this scope\n  --> /home/runner/.cargo/registry/src/index.crates.io-1949cf8c6b5b557f/allocator-0.0.2/src/arena.rs:24:17\n   |\n24 |     first_free: uint,\n   |                 ^^^^ not found in this scope\n\nerror[E0412]: cannot find type `uint` in this scope\n  --> /home/runner/.cargo/registry/src/index.crates.io-1949cf8c6b5b557f/allocator-0.0.2/src/arena.rs:31:28\n   |\n31 |     pub fn new(chunk_size: uint) -> Arena { Arena {\n   |                            ^^^^ not found in this scope\n\nerror[E0412]: cannot find type `uint` in this scope\n  --> /home/runner/.cargo/registry/src/index.crates.io-1949cf8c6b5b557f/allocator-0.0.2/src/arena.rs:45:42\n   |\n45 |     fn add_custom_chunk(&mut self, size: uint, align: uint) -> Option<&mut Chunk> { unsafe {\n   |                                          ^^^^ not found in this scope\n\nerror[E0412]: cannot find type `uint` in this scope\n  --> /home/runner/.cargo/registry/src/index.crates.io-1949cf8c6b5b557f/allocator-0.0.2/src/arena.rs:45:55\n   |\n45 |     fn add_custom_chunk(&mut self, size: uint, align: uint) -> Option<&mut Chunk> { unsafe {\n   |                                                       ^^^^ not found in this scope\n\nerror[E0412]: cannot find type `uint` in this scope\n  --> /home/runner/.cargo/registry/src/index.crates.io-1949cf8c6b5b557f/allocator-0.0.2/src/arena.rs:66:42\n   |\n66 |     unsafe fn alloc<T>(&mut self, count: uint) -> Option<*mut T> {\n   |                                          ^^^^ not found in this scope\n\nerror[E0412]: cannot find type `uint` in this scope\n  --> /home/runner/.cargo/registry/src/index.crates.io-1949cf8c6b5b557f/allocator-0.0.2/src/arena.rs:99:65\n   |\n99 |     unsafe fn realloc<T>(&mut self, _buf: &mut *mut T, current: uint, items: uint) -> Option<uint> {\n   |                                                                 ^^^^ not found in this scope\n\nerror[E0412]: cannot find type `uint` in this scope\n  --> /home/runner/.cargo/registry/src/index.crates.io-1949cf8c6b5b557f/allocator-0.0.2/src/arena.rs:99:78\n   |\n99 |     unsafe fn realloc<T>(&mut self, _buf: &mut *mut T, current: uint, items: uint) -> Option<uint> {\n   |                                                                              ^^^^ not found in this scope\n\nerror[E0412]: cannot find type `uint` in this scope\n  --> /home/runner/.cargo/registry/src/index.crates.io-1949cf8c6b5b557f/allocator-0.0.2/src/arena.rs:99:94\n   |\n99 |     unsafe fn realloc<T>(&mut self, _buf: &mut *mut T, current: uint, items: uint) -> Option<uint> {\n   |                                                                                              ^^^^ not found in this scope\n   |\nhelp: you might be missing a type parameter\n   |\n65 | impl<uint> Allocator for Arena {\n   |     ++++++\n\nerror[E0412]: cannot find type `uint` in this scope\n   --> /home/runner/.cargo/registry/src/index.crates.io-1949cf8c6b5b557f/allocator-0.0.2/src/arena.rs:107:64\n    |\n107 |     unsafe fn ensure<T>(&mut self, _buf: &mut *mut T, current: uint, min: uint) -> Option<uint> {\n    |                                                                ^^^^ not found in this scope\n\nerror[E0412]: cannot find type `uint` in this scope\n   --> /home/runner/.cargo/registry/src/index.crates.io-1949cf8c6b5b557f/allocator-0.0.2/src/arena.rs:107:75\n    |\n107 |     unsafe fn ensure<T>(&mut self, _buf: &mut *mut T, current: uint, min: uint) -> Option<uint> {\n    |                                                                           ^^^^ not found in this scope\n\nerror[E0412]: cannot find type `uint` in this scope\n   --> /home/runner/.cargo/registry/src/index.crates.io-1949cf8c6b5b557f/allocator-0.0.2/src/arena.rs:107:91\n    |\n107 |     unsafe fn ensure<T>(&mut self, _buf: &mut *mut T, current: uint, min: uint) -> Option<uint> {\n    |                                                                                           ^^^^ not found in this scope\n    |\nhelp: you might be missing a type parameter\n    |\n65  | impl<uint> Allocator for Arena {\n    |     ++++++\n\nerror[E0412]: cannot find type `uint` in this scope\n   --> /home/runner/.cargo/registry/src/index.crates.io-1949cf8c6b5b557f/allocator-0.0.2/src/arena.rs:115:56\n    |\n115 |     unsafe fn free<T>(&mut self, _buf: *mut T, _count: uint) {\n    |                                                        ^^^^ not found in this scope\n\nerror[E0412]: cannot find type `uint` in this scope\n   --> /home/runner/.cargo/registry/src/index.crates.io-1949cf8c6b5b557f/allocator-0.0.2/src/arena.rs:124:10\n    |\n124 |     cap: uint,\n    |          ^^^^ not found in this scope\n\nerror[E0412]: cannot find type `uint` in this scope\n   --> /home/runner/.cargo/registry/src/index.crates.io-1949cf8c6b5b557f/allocator-0.0.2/src/arena.rs:125:10\n    |\n125 |     end: uint,\n    |          ^^^^ not found in this scope\n\nerror[E0412]: cannot find type `uint` in this scope\n   --> /home/runner/.cargo/registry/src/index.crates.io-1949cf8c6b5b557f/allocator-0.0.2/src/arena.rs:132:34\n    |\n132 |     fn fill(c: *mut Chunk, size: uint) -> Option<()> { #![inline] unsafe {\n    |                                  ^^^^ not found in this scope\n\nerror[E0412]: cannot find type `uint` in this scope\n   --> /home/runner/.cargo/registry/src/index.crates.io-1949cf8c6b5b557f/allocator-0.0.2/src/arena.rs:140:31\n    |\n140 |     fn alloc(&mut self, size: uint, align: uint) -> Option<*mut u8> { #![inline] unsafe {\n    |                               ^^^^ not found in this scope\n\nerror[E0412]: cannot find type `uint` in this scope\n   --> /home/runner/.cargo/registry/src/index.crates.io-1949cf8c6b5b557f/allocator-0.0.2/src/arena.rs:140:44\n    |\n140 |     fn alloc(&mut self, size: uint, align: uint) -> Option<*mut u8> { #![inline] unsafe {\n    |                                            ^^^^ not found in this scope\n\nerror[E0412]: cannot find type `uint` in this scope\n  --> /home/runner/.cargo/registry/src/index.crates.io-1949cf8c6b5b557f/allocator-0.0.2/src/rustalloc.rs:14:42\n   |\n14 |     unsafe fn alloc<T>(&mut self, items: uint) -> Option<*mut T> { #![inline]\n   |                                          ^^^^ not found in this scope\n\nerror[E0412]: cannot find type `uint` in this scope\n  --> /home/runner/.cargo/registry/src/index.crates.io-1949cf8c6b5b557f/allocator-0.0.2/src/rustalloc.rs:23:64\n   |\n23 |     unsafe fn realloc<T>(&mut self, buf: &mut *mut T, current: uint, exact: uint) -> Option<uint> { #![inline]\n   |                                                                ^^^^ not found in this scope\n\nerror[E0412]: cannot find type `uint` in this scope\n  --> /home/runner/.cargo/registry/src/index.crates.io-1949cf8c6b5b557f/allocator-0.0.2/src/rustalloc.rs:23:77\n   |\n23 |     unsafe fn realloc<T>(&mut self, buf: &mut *mut T, current: uint, exact: uint) -> Option<uint> { #![inline]\n   |                                                                             ^^^^ not found in this scope\n\nerror[E0412]: cannot find type `uint` in this scope\n  --> /home/runner/.cargo/registry/src/index.crates.io-1949cf8c6b5b557f/allocator-0.0.2/src/rustalloc.rs:23:93\n   |\n23 |     unsafe fn realloc<T>(&mut self, buf: &mut *mut T, current: uint, exact: uint) -> Option<uint> { #![inline]\n   |                                                                                             ^^^^ not found in this scope\n   |\nhelp: you might be missing a type parameter\n   |\n13 | impl<uint> Allocator for RustAlloc {\n   |     ++++++\n\nerror[E0412]: cannot find type `uint` in this scope\n  --> /home/runner/.cargo/registry/src/index.crates.io-1949cf8c6b5b557f/allocator-0.0.2/src/rustalloc.rs:35:54\n   |\n35 |     unsafe fn free<T>(&mut self, buf: *mut T, items: uint) { #![inline]\n   |                                                      ^^^^ not found in this scope\n\nerror[E0184]: the trait `Copy` cannot be implemented for this type; the type has a destructor\n   --> /home/runner/.cargo/registry/src/index.crates.io-1949cf8c6b5b557f/allocator-0.0.2/src/arena.rs:129:15\n    |\n129 | impl Copy for Chunk {}\n    |               ^^^^^ `Copy` not allowed on types with destructors\n\nSome errors have detailed explanations: E0184, E0259, E0412, E0432.\nFor more information about an error, try `rustc --explain E0184`.\nerror: could not document `allocator`\n\n-----\n\nerror: failed to build rustdoc for crate allocator v0.0.2\nnote: this is usually due to a compilation error in the crate,\n      and is unlikely to be a bug in cargo-semver-checks\nnote: the following command can be used to reproduce the compilation error:\n      cargo new --lib example &&\n          cd example &&\n          echo '[workspace]' >> Cargo.toml &&\n          cargo add allocator@=0.0.2 --features default,libc,std &&\n          cargo check\n\nerror: aborting due to failure to build rustdoc for crate allocator v0.0.2\n","// pkg_name=allocator, checker=SemverChecks\n// toolchain=nightly-2024-12-25-x86_64-unknown-linux-gnu, target=riscv64gc-unknown-none-elf\n// pkg_dir=/home/runner/check/batch_4/arceos-org/allocator\n// cmd=cargo +nightly-2024-12-25-x86_64-unknown-linux-gnu semver-checks --target riscv64gc-unknown-none-elf\n// timestamp=2024-12-26 23:48:20.625168068 +08:00:00\n    Building allocator v0.1.1 (current)\nerror: running cargo-doc on crate 'allocator' failed with output:\n-----\nerror: output of --print=file-names missing when learning about target-specific information from rustc\ncommand was: `/home/runner/.rustup/toolchains/nightly-2024-12-25-x86_64-unknown-linux-gnu/bin/rustc - --crate-name ___ --print=file-names --cap-lints=allow --target riscv64gc-unknown-none-elf --crate-type bin --crate-type rlib --crate-type dylib --crate-type cdylib --crate-type staticlib --crate-type proc-macro --print=sysroot --print=split-debuginfo --print=crate-name --print=cfg`\n\n--- stdout\n___\nlib___.rlib\nlib___.a\n/home/runner/.rustup/toolchains/nightly-2024-12-25-x86_64-unknown-linux-gnu\noff\n___\ndebug_assertions\nfmt_debug=\"full\"\noverflow_checks\npanic=\"abort\"\nproc_macro\nrelocation_model=\"static\"\ntarget_abi=\"\"\ntarget_arch=\"riscv64\"\ntarget_endian=\"little\"\ntarget_env=\"\"\ntarget_feature=\"a\"\ntarget_feature=\"c\"\ntarget_feature=\"d\"\ntarget_feature=\"f\"\ntarget_feature=\"m\"\ntarget_has_atomic\ntarget_has_atomic=\"16\"\ntarget_has_atomic=\"32\"\ntarget_has_atomic=\"64\"\ntarget_has_atomic=\"8\"\ntarget_has_atomic=\"ptr\"\ntarget_has_atomic_equal_alignment=\"16\"\ntarget_has_atomic_equal_alignment=\"32\"\ntarget_has_atomic_equal_alignment=\"64\"\ntarget_has_atomic_equal_alignment=\"8\"\ntarget_has_atomic_equal_alignment=\"ptr\"\ntarget_has_atomic_load_store\ntarget_has_atomic_load_store=\"16\"\ntarget_has_atomic_load_store=\"32\"\ntarget_has_atomic_load_store=\"64\"\ntarget_has_atomic_load_store=\"8\"\ntarget_has_atomic_load_store=\"ptr\"\ntarget_os=\"none\"\ntarget_pointer_width=\"64\"\ntarget_vendor=\"unknown\"\nub_checks\n\n\n-----\n\nerror: failed to build rustdoc for crate allocator v0.1.1\nnote: this is usually due to a compilation error in the crate,\n      and is unlikely to be a bug in cargo-semver-checks\nnote: the following command can be used to reproduce the compilation error:\n      cargo new --lib example &&\n          cd example &&\n          echo '[workspace]' >> Cargo.toml &&\n          cargo add --path /home/runner/check/batch_4/arceos-org/allocator --features allocator_api,bitmap,buddy,default,full,page-alloc-1t,page-alloc-256m,page-alloc-4g,page-alloc-64g,slab,tlsf &&\n          cargo check\n\nerror: aborting due to failure to build rustdoc for crate allocator v0.1.1\n","// pkg_name=allocator, checker=SemverChecks\n// toolchain=nightly-2024-12-25-x86_64-unknown-linux-gnu, target=x86_64-unknown-none\n// pkg_dir=/home/runner/check/batch_4/arceos-org/allocator\n// cmd=cargo +nightly-2024-12-25-x86_64-unknown-linux-gnu semver-checks --target x86_64-unknown-none\n// timestamp=2024-12-26 23:48:20.048756195 +08:00:00\n    Building allocator v0.1.1 (current)\nerror: running cargo-doc on crate 'allocator' failed with output:\n-----\nerror: output of --print=file-names missing when learning about target-specific information from rustc\ncommand was: `/home/runner/.rustup/toolchains/nightly-2024-12-25-x86_64-unknown-linux-gnu/bin/rustc - --crate-name ___ --print=file-names --cap-lints=allow --target x86_64-unknown-none --crate-type bin --crate-type rlib --crate-type dylib --crate-type cdylib --crate-type staticlib --crate-type proc-macro --print=sysroot --print=split-debuginfo --print=crate-name --print=cfg`\n\n--- stdout\n___\nlib___.rlib\nlib___.a\n/home/runner/.rustup/toolchains/nightly-2024-12-25-x86_64-unknown-linux-gnu\noff\n___\ndebug_assertions\nfmt_debug=\"full\"\noverflow_checks\npanic=\"abort\"\nproc_macro\nrelocation_model=\"pic\"\ntarget_abi=\"\"\ntarget_arch=\"x86_64\"\ntarget_endian=\"little\"\ntarget_env=\"\"\ntarget_feature=\"fxsr\"\ntarget_feature=\"x87\"\ntarget_has_atomic\ntarget_has_atomic=\"16\"\ntarget_has_atomic=\"32\"\ntarget_has_atomic=\"64\"\ntarget_has_atomic=\"8\"\ntarget_has_atomic=\"ptr\"\ntarget_has_atomic_equal_alignment=\"16\"\ntarget_has_atomic_equal_alignment=\"32\"\ntarget_has_atomic_equal_alignment=\"64\"\ntarget_has_atomic_equal_alignment=\"8\"\ntarget_has_atomic_equal_alignment=\"ptr\"\ntarget_has_atomic_load_store\ntarget_has_atomic_load_store=\"16\"\ntarget_has_atomic_load_store=\"32\"\ntarget_has_atomic_load_store=\"64\"\ntarget_has_atomic_load_store=\"8\"\ntarget_has_atomic_load_store=\"ptr\"\ntarget_os=\"none\"\ntarget_pointer_width=\"64\"\ntarget_vendor=\"unknown\"\nub_checks\n\n\n-----\n\nerror: failed to build rustdoc for crate allocator v0.1.1\nnote: this is usually due to a compilation error in the crate,\n      and is unlikely to be a bug in cargo-semver-checks\nnote: the following command can be used to reproduce the compilation error:\n      cargo new --lib example &&\n          cd example &&\n          echo '[workspace]' >> Cargo.toml &&\n          cargo add --path /home/runner/check/batch_4/arceos-org/allocator --features allocator_api,bitmap,buddy,default,full,page-alloc-1t,page-alloc-256m,page-alloc-4g,page-alloc-64g,slab,tlsf &&\n          cargo check\n\nerror: aborting due to failure to build rustdoc for crate allocator v0.1.1\n","// pkg_name=allocator, checker=SemverChecks\n// toolchain=nightly-2024-12-25-x86_64-unknown-linux-gnu, target=aarch64-unknown-none\n// pkg_dir=/home/runner/check/batch_4/arceos-org/allocator\n// cmd=cargo +nightly-2024-12-25-x86_64-unknown-linux-gnu semver-checks --target aarch64-unknown-none\n// timestamp=2024-12-26 23:48:21.186125195 +08:00:00\n    Building allocator v0.1.1 (current)\nerror: running cargo-doc on crate 'allocator' failed with output:\n-----\nerror: output of --print=file-names missing when learning about target-specific information from rustc\ncommand was: `/home/runner/.rustup/toolchains/nightly-2024-12-25-x86_64-unknown-linux-gnu/bin/rustc - --crate-name ___ --print=file-names --cap-lints=allow --target aarch64-unknown-none --crate-type bin --crate-type rlib --crate-type dylib --crate-type cdylib --crate-type staticlib --crate-type proc-macro --print=sysroot --print=split-debuginfo --print=crate-name --print=cfg`\n\n--- stdout\n___\nlib___.rlib\nlib___.a\n/home/runner/.rustup/toolchains/nightly-2024-12-25-x86_64-unknown-linux-gnu\noff\n___\ndebug_assertions\nfmt_debug=\"full\"\noverflow_checks\npanic=\"abort\"\nproc_macro\nrelocation_model=\"static\"\ntarget_abi=\"\"\ntarget_arch=\"aarch64\"\ntarget_endian=\"little\"\ntarget_env=\"\"\ntarget_feature=\"neon\"\ntarget_has_atomic\ntarget_has_atomic=\"128\"\ntarget_has_atomic=\"16\"\ntarget_has_atomic=\"32\"\ntarget_has_atomic=\"64\"\ntarget_has_atomic=\"8\"\ntarget_has_atomic=\"ptr\"\ntarget_has_atomic_equal_alignment=\"128\"\ntarget_has_atomic_equal_alignment=\"16\"\ntarget_has_atomic_equal_alignment=\"32\"\ntarget_has_atomic_equal_alignment=\"64\"\ntarget_has_atomic_equal_alignment=\"8\"\ntarget_has_atomic_equal_alignment=\"ptr\"\ntarget_has_atomic_load_store\ntarget_has_atomic_load_store=\"128\"\ntarget_has_atomic_load_store=\"16\"\ntarget_has_atomic_load_store=\"32\"\ntarget_has_atomic_load_store=\"64\"\ntarget_has_atomic_load_store=\"8\"\ntarget_has_atomic_load_store=\"ptr\"\ntarget_os=\"none\"\ntarget_pointer_width=\"64\"\ntarget_vendor=\"unknown\"\nub_checks\n\n\n-----\n\nerror: failed to build rustdoc for crate allocator v0.1.1\nnote: this is usually due to a compilation error in the crate,\n      and is unlikely to be a bug in cargo-semver-checks\nnote: the following command can be used to reproduce the compilation error:\n      cargo new --lib example &&\n          cd example &&\n          echo '[workspace]' >> Cargo.toml &&\n          cargo add --path /home/runner/check/batch_4/arceos-org/allocator --features allocator_api,bitmap,buddy,default,full,page-alloc-1t,page-alloc-256m,page-alloc-4g,page-alloc-64g,slab,tlsf &&\n          cargo check\n\nerror: aborting due to failure to build rustdoc for crate allocator v0.1.1\n"]}},{"file":"[outdated direct dependencies]","count":4,"kinds":{"Outdated":["pkg=allocator, checker=Outdated\ntoolchain=nightly-2024-12-25-x86_64-unknown-linux-gnu, target=aarch64-unknown-none\npkg_dir=/home/runner/check/batch_4/arceos-org/allocator\ncmd=cargo +nightly-2024-12-25-x86_64-unknown-linux-gnu outdated -R --exit-code=2\n\nName                    Project  Compat  Latest  Kind    Platform\n----                    -------  ------  ------  ----    --------\nbuddy_system_allocator  0.10.0   ---     0.11.0  Normal  ---\n","pkg=allocator, checker=Outdated\ntoolchain=nightly-2024-12-25-x86_64-unknown-linux-gnu, target=riscv64gc-unknown-none-elf\npkg_dir=/home/runner/check/batch_4/arceos-org/allocator\ncmd=cargo +nightly-2024-12-25-x86_64-unknown-linux-gnu outdated -R --exit-code=2\n\nName                    Project  Compat  Latest  Kind    Platform\n----                    -------  ------  ------  ----    --------\nbuddy_system_allocator  0.10.0   ---     0.11.0  Normal  ---\n","pkg=allocator, checker=Outdated\ntoolchain=nightly-2024-12-25-x86_64-unknown-linux-gnu, target=x86_64-unknown-none\npkg_dir=/home/runner/check/batch_4/arceos-org/allocator\ncmd=cargo +nightly-2024-12-25-x86_64-unknown-linux-gnu outdated -R --exit-code=2\n\nName                    Project  Compat  Latest  Kind    Platform\n----                    -------  ------  ------  ----    --------\nbuddy_system_allocator  0.10.0   ---     0.11.0  Normal  ---\n","pkg=allocator, checker=Outdated\ntoolchain=nightly-2024-12-25-x86_64-unknown-linux-gnu, target=x86_64-unknown-linux-gnu\npkg_dir=/home/runner/check/batch_4/arceos-org/allocator\ncmd=cargo +nightly-2024-12-25-x86_64-unknown-linux-gnu outdated -R --exit-code=2\n\nName                    Project  Compat  Latest  Kind    Platform\n----                    -------  ------  ------  ----    --------\nbuddy_system_allocator  0.10.0   ---     0.11.0  Normal  ---\n"]}},{"file":"[semver checks]","count":4,"kinds":{"Semver Violation":["pkg=allocator, checker=SemverChecks\ntoolchain=nightly-2024-12-25-x86_64-unknown-linux-gnu, target=riscv64gc-unknown-none-elf\npkg_dir=/home/runner/check/batch_4/arceos-org/allocator\ncmd=cargo +nightly-2024-12-25-x86_64-unknown-linux-gnu semver-checks --target riscv64gc-unknown-none-elf\n\n\nstdout:\n\nstderr:\n    Building allocator v0.1.1 (current)\nerror: running cargo-doc on crate 'allocator' failed with output:\n-----\nerror: output of --print=file-names missing when learning about target-specific information from rustc\ncommand was: `/home/runner/.rustup/toolchains/nightly-2024-12-25-x86_64-unknown-linux-gnu/bin/rustc - --crate-name ___ --print=file-names --cap-lints=allow --target riscv64gc-unknown-none-elf --crate-type bin --crate-type rlib --crate-type dylib --crate-type cdylib --crate-type staticlib --crate-type proc-macro --print=sysroot --print=split-debuginfo --print=crate-name --print=cfg`\n\n--- stdout\n___\nlib___.rlib\nlib___.a\n/home/runner/.rustup/toolchains/nightly-2024-12-25-x86_64-unknown-linux-gnu\noff\n___\ndebug_assertions\nfmt_debug=\"full\"\noverflow_checks\npanic=\"abort\"\nproc_macro\nrelocation_model=\"static\"\ntarget_abi=\"\"\ntarget_arch=\"riscv64\"\ntarget_endian=\"little\"\ntarget_env=\"\"\ntarget_feature=\"a\"\ntarget_feature=\"c\"\ntarget_feature=\"d\"\ntarget_feature=\"f\"\ntarget_feature=\"m\"\ntarget_has_atomic\ntarget_has_atomic=\"16\"\ntarget_has_atomic=\"32\"\ntarget_has_atomic=\"64\"\ntarget_has_atomic=\"8\"\ntarget_has_atomic=\"ptr\"\ntarget_has_atomic_equal_alignment=\"16\"\ntarget_has_atomic_equal_alignment=\"32\"\ntarget_has_atomic_equal_alignment=\"64\"\ntarget_has_atomic_equal_alignment=\"8\"\ntarget_has_atomic_equal_alignment=\"ptr\"\ntarget_has_atomic_load_store\ntarget_has_atomic_load_store=\"16\"\ntarget_has_atomic_load_store=\"32\"\ntarget_has_atomic_load_store=\"64\"\ntarget_has_atomic_load_store=\"8\"\ntarget_has_atomic_load_store=\"ptr\"\ntarget_os=\"none\"\ntarget_pointer_width=\"64\"\ntarget_vendor=\"unknown\"\nub_checks\n\n\n-----\n\nerror: failed to build rustdoc for crate allocator v0.1.1\nnote: this is usually due to a compilation error in the crate,\n      and is unlikely to be a bug in cargo-semver-checks\nnote: the following command can be used to reproduce the compilation error:\n      cargo new --lib example &&\n          cd example &&\n          echo '[workspace]' >> Cargo.toml &&\n          cargo add --path /home/runner/check/batch_4/arceos-org/allocator --features allocator_api,bitmap,buddy,default,full,page-alloc-1t,page-alloc-256m,page-alloc-4g,page-alloc-64g,slab,tlsf &&\n          cargo check\n\nerror: aborting due to failure to build rustdoc for crate allocator v0.1.1\n","pkg=allocator, checker=SemverChecks\ntoolchain=nightly-2024-12-25-x86_64-unknown-linux-gnu, target=x86_64-unknown-linux-gnu\npkg_dir=/home/runner/check/batch_4/arceos-org/allocator\ncmd=cargo +nightly-2024-12-25-x86_64-unknown-linux-gnu semver-checks --target x86_64-unknown-linux-gnu\n\n\nstdout:\n\nstderr:\n    Building allocator v0.1.1 (current)\n       Built [   2.824s] (current)\n     Parsing allocator v0.1.1 (current)\n      Parsed [   0.002s] (current)\n    Building allocator v0.0.2 (baseline)\nerror: running cargo-doc on crate 'allocator' failed with output:\n-----\n    Checking checked_cast v0.0.3\n Documenting allocator v0.0.2\nerror: expected one of `!`, `(`, `+`, `::`, `;`, `<`, or `]`, found `,`\n  --> /home/runner/.cargo/registry/src/index.crates.io-1949cf8c6b5b557f/allocator-0.0.2/src/allocator.rs:53:19\n   |\n53 | static SIZES: [u64, ..58] = [\n   |                   ^ expected one of 7 possible tokens\n\nerror[E0259]: the name `core` is defined multiple times\n --> /home/runner/.cargo/registry/src/index.crates.io-1949cf8c6b5b557f/allocator-0.0.2/src/lib.rs:9:1\n  |\n9 | extern crate core;\n  | ^^^^^^^^^^^^^^^^^^ `core` reimported here\n  |\n  = note: `core` must be defined only once in the type namespace of this module\nhelp: you can use `as` to change the binding name of the import\n  |\n9 | extern crate core as other_core;\n  |\n\nerror[E0432]: unresolved import `core::num::Int`\n --> /home/runner/.cargo/registry/src/index.crates.io-1949cf8c6b5b557f/allocator-0.0.2/src/noop.rs:7:5\n  |\n7 | use core::num::Int;\n  |     ^^^^^^^^^^^^^^ no `Int` in `num`\n\nerror[E0432]: unresolved import `core::num::Int`\n --> /home/runner/.cargo/registry/src/index.crates.io-1949cf8c6b5b557f/allocator-0.0.2/src/malloc.rs:8:5\n  |\n8 | use core::num::Int;\n  |     ^^^^^^^^^^^^^^ no `Int` in `num`\n\nerror[E0432]: unresolved import `core::kinds`\n  --> /home/runner/.cargo/registry/src/index.crates.io-1949cf8c6b5b557f/allocator-0.0.2/src/arena.rs:13:11\n   |\n13 | use core::kinds::marker;\n   |           ^^^^^ could not find `kinds` in `core`\n\nerror[E0432]: unresolved import `core::num::Int`\n  --> /home/runner/.cargo/registry/src/index.crates.io-1949cf8c6b5b557f/allocator-0.0.2/src/arena.rs:14:5\n   |\n14 | use core::num::Int;\n   |     ^^^^^^^^^^^^^^ no `Int` in `num`\n\nerror[E0432]: unresolved import `core::num::Int`\n --> /home/runner/.cargo/registry/src/index.crates.io-1949cf8c6b5b557f/allocator-0.0.2/src/rustalloc.rs:5:5\n  |\n5 | use core::num::Int;\n  |     ^^^^^^^^^^^^^^ no `Int` in `num`\n\nerror[E0432]: unresolved import `alloc::heap`\n --> /home/runner/.cargo/registry/src/index.crates.io-1949cf8c6b5b557f/allocator-0.0.2/src/rustalloc.rs:7:5\n  |\n7 | use alloc::heap;\n  |     ^^^^^^^^^^^ no `heap` in the root\n\nerror: cannot find attribute `phase` in this scope\n  --> /home/runner/.cargo/registry/src/index.crates.io-1949cf8c6b5b557f/allocator-0.0.2/src/lib.rs:14:3\n   |\n14 | #[phase(plugin)] extern crate checked_cast;\n   |   ^^^^^\n\nerror: cannot find macro `checked_cast` in this scope\n  --> /home/runner/.cargo/registry/src/index.crates.io-1949cf8c6b5b557f/allocator-0.0.2/src/malloc.rs:21:37\n   |\n21 |         let p: *mut T = malloc(try!(checked_cast!(count, size_t))) as *mut T;\n   |                                     ^^^^^^^^^^^^\n   |\nnote: `checked_cast` is imported here, but it is a crate, not a macro\n  --> /home/runner/.cargo/registry/src/index.crates.io-1949cf8c6b5b557f/allocator-0.0.2/src/lib.rs:14:18\n   |\n14 | #[phase(plugin)] extern crate checked_cast;\n   |                  ^^^^^^^^^^^^^^^^^^^^^^^^^^\nhelp: consider importing this macro\n   |\n4  + use checked_cast::checked_cast;\n   |\n\nerror: cannot find attribute `unsafe_destructor` in this scope\n  --> /home/runner/.cargo/registry/src/index.crates.io-1949cf8c6b5b557f/allocator-0.0.2/src/arena.rs:55:3\n   |\n55 | #[unsafe_destructor]\n   |   ^^^^^^^^^^^^^^^^^\n\nerror: cannot find attribute `unsafe_destructor` in this scope\n   --> /home/runner/.cargo/registry/src/index.crates.io-1949cf8c6b5b557f/allocator-0.0.2/src/arena.rs:153:3\n    |\n153 | #[unsafe_destructor]\n    |   ^^^^^^^^^^^^^^^^^\n\nerror[E0412]: cannot find type `uint` in this scope\n  --> /home/runner/.cargo/registry/src/index.crates.io-1949cf8c6b5b557f/allocator-0.0.2/src/noop.rs:15:43\n   |\n15 |     unsafe fn alloc<T>(&mut self, _count: uint) -> Option<*mut T> { \n   |                                           ^^^^ not found in this scope\n\nerror[E0412]: cannot find type `uint` in this scope\n  --> /home/runner/.cargo/registry/src/index.crates.io-1949cf8c6b5b557f/allocator-0.0.2/src/noop.rs:19:44\n   |\n19 |     unsafe fn calloc<T>(&mut self, _items: uint) -> Option<*mut T> { \n   |                                            ^^^^ not found in this scope\n\nerror[E0412]: cannot find type `uint` in this scope\n  --> /home/runner/.cargo/registry/src/index.crates.io-1949cf8c6b5b557f/allocator-0.0.2/src/noop.rs:23:65\n   |\n23 |     unsafe fn realloc<T>(&mut self, _buf: &mut *mut T, current: uint, items: uint) -> Option<uint> {\n   |                                                                 ^^^^ not found in this scope\n\nerror[E0412]: cannot find type `uint` in this scope\n  --> /home/runner/.cargo/registry/src/index.crates.io-1949cf8c6b5b557f/allocator-0.0.2/src/noop.rs:23:78\n   |\n23 |     unsafe fn realloc<T>(&mut self, _buf: &mut *mut T, current: uint, items: uint) -> Option<uint> {\n   |                                                                              ^^^^ not found in this scope\n\nerror[E0412]: cannot find type `uint` in this scope\n  --> /home/runner/.cargo/registry/src/index.crates.io-1949cf8c6b5b557f/allocator-0.0.2/src/noop.rs:23:94\n   |\n23 |     unsafe fn realloc<T>(&mut self, _buf: &mut *mut T, current: uint, items: uint) -> Option<uint> {\n   |                                                                                              ^^^^ not found in this scope\n   |\nhelp: you might be missing a type parameter\n   |\n14 | impl<uint> Allocator for NoopAlloc {\n   |     ++++++\n\nerror[E0412]: cannot find type `uint` in this scope\n  --> /home/runner/.cargo/registry/src/index.crates.io-1949cf8c6b5b557f/allocator-0.0.2/src/noop.rs:31:64\n   |\n31 |     unsafe fn ensure<T>(&mut self, _buf: &mut *mut T, current: uint, min: uint) -> Option<uint> {\n   |                                                                ^^^^ not found in this scope\n\nerror[E0412]: cannot find type `uint` in this scope\n  --> /home/runner/.cargo/registry/src/index.crates.io-1949cf8c6b5b557f/allocator-0.0.2/src/noop.rs:31:75\n   |\n31 |     unsafe fn ensure<T>(&mut self, _buf: &mut *mut T, current: uint, min: uint) -> Option<uint> {\n   |                                                                           ^^^^ not found in this scope\n\nerror[E0412]: cannot find type `uint` in this scope\n  --> /home/runner/.cargo/registry/src/index.crates.io-1949cf8c6b5b557f/allocator-0.0.2/src/noop.rs:31:91\n   |\n31 |     unsafe fn ensure<T>(&mut self, _buf: &mut *mut T, current: uint, min: uint) -> Option<uint> {\n   |                                                                                           ^^^^ not found in this scope\n   |\nhelp: you might be missing a type parameter\n   |\n14 | impl<uint> Allocator for NoopAlloc {\n   |     ++++++\n\nerror[E0412]: cannot find type `uint` in this scope\n  --> /home/runner/.cargo/registry/src/index.crates.io-1949cf8c6b5b557f/allocator-0.0.2/src/noop.rs:39:56\n   |\n39 |     unsafe fn free<T>(&mut self, _buf: *mut T, _count: uint) {}\n   |                                                        ^^^^ not found in this scope\n\nerror[E0412]: cannot find type `uint` in this scope\n  --> /home/runner/.cargo/registry/src/index.crates.io-1949cf8c6b5b557f/allocator-0.0.2/src/malloc.rs:17:42\n   |\n17 |     unsafe fn alloc<T>(&mut self, count: uint) -> Option<*mut T> { #![inline]\n   |                                          ^^^^ not found in this scope\n\nerror[E0412]: cannot find type `uint` in this scope\n  --> /home/runner/.cargo/registry/src/index.crates.io-1949cf8c6b5b557f/allocator-0.0.2/src/malloc.rs:26:43\n   |\n26 |     unsafe fn calloc<T>(&mut self, count: uint) -> Option<*mut T> { #![inline]\n   |                                           ^^^^ not found in this scope\n\nerror[E0412]: cannot find type `uint` in this scope\n  --> /home/runner/.cargo/registry/src/index.crates.io-1949cf8c6b5b557f/allocator-0.0.2/src/malloc.rs:32:65\n   |\n32 |     unsafe fn realloc<T>(&mut self, buf: &mut *mut T, _current: uint, count: uint) -> Option<uint> { #![inline]\n   |                                                                 ^^^^ not found in this scope\n\nerror[E0412]: cannot find type `uint` in this scope\n  --> /home/runner/.cargo/registry/src/index.crates.io-1949cf8c6b5b557f/allocator-0.0.2/src/malloc.rs:32:78\n   |\n32 |     unsafe fn realloc<T>(&mut self, buf: &mut *mut T, _current: uint, count: uint) -> Option<uint> { #![inline]\n   |                                                                              ^^^^ not found in this scope\n\nerror[E0412]: cannot find type `uint` in this scope\n  --> /home/runner/.cargo/registry/src/index.crates.io-1949cf8c6b5b557f/allocator-0.0.2/src/malloc.rs:32:94\n   |\n32 |     unsafe fn realloc<T>(&mut self, buf: &mut *mut T, _current: uint, count: uint) -> Option<uint> { #![inline]\n   |                                                                                              ^^^^ not found in this scope\n   |\nhelp: you might be missing a type parameter\n   |\n16 | impl<uint> Allocator for Malloc {\n   |     ++++++\n\nerror[E0412]: cannot find type `uint` in this scope\n  --> /home/runner/.cargo/registry/src/index.crates.io-1949cf8c6b5b557f/allocator-0.0.2/src/malloc.rs:42:56\n   |\n42 |     unsafe fn free<T>(&mut self, _buf: *mut T, _count: uint) { #![inline]\n   |                                                        ^^^^ not found in this scope\n\nerror[E0412]: cannot find type `uint` in this scope\n  --> /home/runner/.cargo/registry/src/index.crates.io-1949cf8c6b5b557f/allocator-0.0.2/src/arena.rs:22:17\n   |\n22 |     chunk_size: uint,\n   |                 ^^^^ not found in this scope\n\nerror[E0412]: cannot find type `uint` in this scope\n  --> /home/runner/.cargo/registry/src/index.crates.io-1949cf8c6b5b557f/allocator-0.0.2/src/arena.rs:23:13\n   |\n23 |     chunks: uint,\n   |             ^^^^ not found in this scope\n\nerror[E0412]: cannot find type `uint` in this scope\n  --> /home/runner/.cargo/registry/src/index.crates.io-1949cf8c6b5b557f/allocator-0.0.2/src/arena.rs:24:17\n   |\n24 |     first_free: uint,\n   |                 ^^^^ not found in this scope\n\nerror[E0412]: cannot find type `uint` in this scope\n  --> /home/runner/.cargo/registry/src/index.crates.io-1949cf8c6b5b557f/allocator-0.0.2/src/arena.rs:31:28\n   |\n31 |     pub fn new(chunk_size: uint) -> Arena { Arena {\n   |                            ^^^^ not found in this scope\n\nerror[E0412]: cannot find type `uint` in this scope\n  --> /home/runner/.cargo/registry/src/index.crates.io-1949cf8c6b5b557f/allocator-0.0.2/src/arena.rs:45:42\n   |\n45 |     fn add_custom_chunk(&mut self, size: uint, align: uint) -> Option<&mut Chunk> { unsafe {\n   |                                          ^^^^ not found in this scope\n\nerror[E0412]: cannot find type `uint` in this scope\n  --> /home/runner/.cargo/registry/src/index.crates.io-1949cf8c6b5b557f/allocator-0.0.2/src/arena.rs:45:55\n   |\n45 |     fn add_custom_chunk(&mut self, size: uint, align: uint) -> Option<&mut Chunk> { unsafe {\n   |                                                       ^^^^ not found in this scope\n\nerror[E0412]: cannot find type `uint` in this scope\n  --> /home/runner/.cargo/registry/src/index.crates.io-1949cf8c6b5b557f/allocator-0.0.2/src/arena.rs:66:42\n   |\n66 |     unsafe fn alloc<T>(&mut self, count: uint) -> Option<*mut T> {\n   |                                          ^^^^ not found in this scope\n\nerror[E0412]: cannot find type `uint` in this scope\n  --> /home/runner/.cargo/registry/src/index.crates.io-1949cf8c6b5b557f/allocator-0.0.2/src/arena.rs:99:65\n   |\n99 |     unsafe fn realloc<T>(&mut self, _buf: &mut *mut T, current: uint, items: uint) -> Option<uint> {\n   |                                                                 ^^^^ not found in this scope\n\nerror[E0412]: cannot find type `uint` in this scope\n  --> /home/runner/.cargo/registry/src/index.crates.io-1949cf8c6b5b557f/allocator-0.0.2/src/arena.rs:99:78\n   |\n99 |     unsafe fn realloc<T>(&mut self, _buf: &mut *mut T, current: uint, items: uint) -> Option<uint> {\n   |                                                                              ^^^^ not found in this scope\n\nerror[E0412]: cannot find type `uint` in this scope\n  --> /home/runner/.cargo/registry/src/index.crates.io-1949cf8c6b5b557f/allocator-0.0.2/src/arena.rs:99:94\n   |\n99 |     unsafe fn realloc<T>(&mut self, _buf: &mut *mut T, current: uint, items: uint) -> Option<uint> {\n   |                                                                                              ^^^^ not found in this scope\n   |\nhelp: you might be missing a type parameter\n   |\n65 | impl<uint> Allocator for Arena {\n   |     ++++++\n\nerror[E0412]: cannot find type `uint` in this scope\n   --> /home/runner/.cargo/registry/src/index.crates.io-1949cf8c6b5b557f/allocator-0.0.2/src/arena.rs:107:64\n    |\n107 |     unsafe fn ensure<T>(&mut self, _buf: &mut *mut T, current: uint, min: uint) -> Option<uint> {\n    |                                                                ^^^^ not found in this scope\n\nerror[E0412]: cannot find type `uint` in this scope\n   --> /home/runner/.cargo/registry/src/index.crates.io-1949cf8c6b5b557f/allocator-0.0.2/src/arena.rs:107:75\n    |\n107 |     unsafe fn ensure<T>(&mut self, _buf: &mut *mut T, current: uint, min: uint) -> Option<uint> {\n    |                                                                           ^^^^ not found in this scope\n\nerror[E0412]: cannot find type `uint` in this scope\n   --> /home/runner/.cargo/registry/src/index.crates.io-1949cf8c6b5b557f/allocator-0.0.2/src/arena.rs:107:91\n    |\n107 |     unsafe fn ensure<T>(&mut self, _buf: &mut *mut T, current: uint, min: uint) -> Option<uint> {\n    |                                                                                           ^^^^ not found in this scope\n    |\nhelp: you might be missing a type parameter\n    |\n65  | impl<uint> Allocator for Arena {\n    |     ++++++\n\nerror[E0412]: cannot find type `uint` in this scope\n   --> /home/runner/.cargo/registry/src/index.crates.io-1949cf8c6b5b557f/allocator-0.0.2/src/arena.rs:115:56\n    |\n115 |     unsafe fn free<T>(&mut self, _buf: *mut T, _count: uint) {\n    |                                                        ^^^^ not found in this scope\n\nerror[E0412]: cannot find type `uint` in this scope\n   --> /home/runner/.cargo/registry/src/index.crates.io-1949cf8c6b5b557f/allocator-0.0.2/src/arena.rs:124:10\n    |\n124 |     cap: uint,\n    |          ^^^^ not found in this scope\n\nerror[E0412]: cannot find type `uint` in this scope\n   --> /home/runner/.cargo/registry/src/index.crates.io-1949cf8c6b5b557f/allocator-0.0.2/src/arena.rs:125:10\n    |\n125 |     end: uint,\n    |          ^^^^ not found in this scope\n\nerror[E0412]: cannot find type `uint` in this scope\n   --> /home/runner/.cargo/registry/src/index.crates.io-1949cf8c6b5b557f/allocator-0.0.2/src/arena.rs:132:34\n    |\n132 |     fn fill(c: *mut Chunk, size: uint) -> Option<()> { #![inline] unsafe {\n    |                                  ^^^^ not found in this scope\n\nerror[E0412]: cannot find type `uint` in this scope\n   --> /home/runner/.cargo/registry/src/index.crates.io-1949cf8c6b5b557f/allocator-0.0.2/src/arena.rs:140:31\n    |\n140 |     fn alloc(&mut self, size: uint, align: uint) -> Option<*mut u8> { #![inline] unsafe {\n    |                               ^^^^ not found in this scope\n\nerror[E0412]: cannot find type `uint` in this scope\n   --> /home/runner/.cargo/registry/src/index.crates.io-1949cf8c6b5b557f/allocator-0.0.2/src/arena.rs:140:44\n    |\n140 |     fn alloc(&mut self, size: uint, align: uint) -> Option<*mut u8> { #![inline] unsafe {\n    |                                            ^^^^ not found in this scope\n\nerror[E0412]: cannot find type `uint` in this scope\n  --> /home/runner/.cargo/registry/src/index.crates.io-1949cf8c6b5b557f/allocator-0.0.2/src/rustalloc.rs:14:42\n   |\n14 |     unsafe fn alloc<T>(&mut self, items: uint) -> Option<*mut T> { #![inline]\n   |                                          ^^^^ not found in this scope\n\nerror[E0412]: cannot find type `uint` in this scope\n  --> /home/runner/.cargo/registry/src/index.crates.io-1949cf8c6b5b557f/allocator-0.0.2/src/rustalloc.rs:23:64\n   |\n23 |     unsafe fn realloc<T>(&mut self, buf: &mut *mut T, current: uint, exact: uint) -> Option<uint> { #![inline]\n   |                                                                ^^^^ not found in this scope\n\nerror[E0412]: cannot find type `uint` in this scope\n  --> /home/runner/.cargo/registry/src/index.crates.io-1949cf8c6b5b557f/allocator-0.0.2/src/rustalloc.rs:23:77\n   |\n23 |     unsafe fn realloc<T>(&mut self, buf: &mut *mut T, current: uint, exact: uint) -> Option<uint> { #![inline]\n   |                                                                             ^^^^ not found in this scope\n\nerror[E0412]: cannot find type `uint` in this scope\n  --> /home/runner/.cargo/registry/src/index.crates.io-1949cf8c6b5b557f/allocator-0.0.2/src/rustalloc.rs:23:93\n   |\n23 |     unsafe fn realloc<T>(&mut self, buf: &mut *mut T, current: uint, exact: uint) -> Option<uint> { #![inline]\n   |                                                                                             ^^^^ not found in this scope\n   |\nhelp: you might be missing a type parameter\n   |\n13 | impl<uint> Allocator for RustAlloc {\n   |     ++++++\n\nerror[E0412]: cannot find type `uint` in this scope\n  --> /home/runner/.cargo/registry/src/index.crates.io-1949cf8c6b5b557f/allocator-0.0.2/src/rustalloc.rs:35:54\n   |\n35 |     unsafe fn free<T>(&mut self, buf: *mut T, items: uint) { #![inline]\n   |                                                      ^^^^ not found in this scope\n\nerror[E0184]: the trait `Copy` cannot be implemented for this type; the type has a destructor\n   --> /home/runner/.cargo/registry/src/index.crates.io-1949cf8c6b5b557f/allocator-0.0.2/src/arena.rs:129:15\n    |\n129 | impl Copy for Chunk {}\n    |               ^^^^^ `Copy` not allowed on types with destructors\n\nSome errors have detailed explanations: E0184, E0259, E0412, E0432.\nFor more information about an error, try `rustc --explain E0184`.\nerror: could not document `allocator`\n\n-----\n\nerror: failed to build rustdoc for crate allocator v0.0.2\nnote: this is usually due to a compilation error in the crate,\n      and is unlikely to be a bug in cargo-semver-checks\nnote: the following command can be used to reproduce the compilation error:\n      cargo new --lib example &&\n          cd example &&\n          echo '[workspace]' >> Cargo.toml &&\n          cargo add allocator@=0.0.2 --features default,libc,std &&\n          cargo check\n\nerror: aborting due to failure to build rustdoc for crate allocator v0.0.2\n","pkg=allocator, checker=SemverChecks\ntoolchain=nightly-2024-12-25-x86_64-unknown-linux-gnu, target=x86_64-unknown-none\npkg_dir=/home/runner/check/batch_4/arceos-org/allocator\ncmd=cargo +nightly-2024-12-25-x86_64-unknown-linux-gnu semver-checks --target x86_64-unknown-none\n\n\nstdout:\n\nstderr:\n    Building allocator v0.1.1 (current)\nerror: running cargo-doc on crate 'allocator' failed with output:\n-----\nerror: output of --print=file-names missing when learning about target-specific information from rustc\ncommand was: `/home/runner/.rustup/toolchains/nightly-2024-12-25-x86_64-unknown-linux-gnu/bin/rustc - --crate-name ___ --print=file-names --cap-lints=allow --target x86_64-unknown-none --crate-type bin --crate-type rlib --crate-type dylib --crate-type cdylib --crate-type staticlib --crate-type proc-macro --print=sysroot --print=split-debuginfo --print=crate-name --print=cfg`\n\n--- stdout\n___\nlib___.rlib\nlib___.a\n/home/runner/.rustup/toolchains/nightly-2024-12-25-x86_64-unknown-linux-gnu\noff\n___\ndebug_assertions\nfmt_debug=\"full\"\noverflow_checks\npanic=\"abort\"\nproc_macro\nrelocation_model=\"pic\"\ntarget_abi=\"\"\ntarget_arch=\"x86_64\"\ntarget_endian=\"little\"\ntarget_env=\"\"\ntarget_feature=\"fxsr\"\ntarget_feature=\"x87\"\ntarget_has_atomic\ntarget_has_atomic=\"16\"\ntarget_has_atomic=\"32\"\ntarget_has_atomic=\"64\"\ntarget_has_atomic=\"8\"\ntarget_has_atomic=\"ptr\"\ntarget_has_atomic_equal_alignment=\"16\"\ntarget_has_atomic_equal_alignment=\"32\"\ntarget_has_atomic_equal_alignment=\"64\"\ntarget_has_atomic_equal_alignment=\"8\"\ntarget_has_atomic_equal_alignment=\"ptr\"\ntarget_has_atomic_load_store\ntarget_has_atomic_load_store=\"16\"\ntarget_has_atomic_load_store=\"32\"\ntarget_has_atomic_load_store=\"64\"\ntarget_has_atomic_load_store=\"8\"\ntarget_has_atomic_load_store=\"ptr\"\ntarget_os=\"none\"\ntarget_pointer_width=\"64\"\ntarget_vendor=\"unknown\"\nub_checks\n\n\n-----\n\nerror: failed to build rustdoc for crate allocator v0.1.1\nnote: this is usually due to a compilation error in the crate,\n      and is unlikely to be a bug in cargo-semver-checks\nnote: the following command can be used to reproduce the compilation error:\n      cargo new --lib example &&\n          cd example &&\n          echo '[workspace]' >> Cargo.toml &&\n          cargo add --path /home/runner/check/batch_4/arceos-org/allocator --features allocator_api,bitmap,buddy,default,full,page-alloc-1t,page-alloc-256m,page-alloc-4g,page-alloc-64g,slab,tlsf &&\n          cargo check\n\nerror: aborting due to failure to build rustdoc for crate allocator v0.1.1\n","pkg=allocator, checker=SemverChecks\ntoolchain=nightly-2024-12-25-x86_64-unknown-linux-gnu, target=aarch64-unknown-none\npkg_dir=/home/runner/check/batch_4/arceos-org/allocator\ncmd=cargo +nightly-2024-12-25-x86_64-unknown-linux-gnu semver-checks --target aarch64-unknown-none\n\n\nstdout:\n\nstderr:\n    Building allocator v0.1.1 (current)\nerror: running cargo-doc on crate 'allocator' failed with output:\n-----\nerror: output of --print=file-names missing when learning about target-specific information from rustc\ncommand was: `/home/runner/.rustup/toolchains/nightly-2024-12-25-x86_64-unknown-linux-gnu/bin/rustc - --crate-name ___ --print=file-names --cap-lints=allow --target aarch64-unknown-none --crate-type bin --crate-type rlib --crate-type dylib --crate-type cdylib --crate-type staticlib --crate-type proc-macro --print=sysroot --print=split-debuginfo --print=crate-name --print=cfg`\n\n--- stdout\n___\nlib___.rlib\nlib___.a\n/home/runner/.rustup/toolchains/nightly-2024-12-25-x86_64-unknown-linux-gnu\noff\n___\ndebug_assertions\nfmt_debug=\"full\"\noverflow_checks\npanic=\"abort\"\nproc_macro\nrelocation_model=\"static\"\ntarget_abi=\"\"\ntarget_arch=\"aarch64\"\ntarget_endian=\"little\"\ntarget_env=\"\"\ntarget_feature=\"neon\"\ntarget_has_atomic\ntarget_has_atomic=\"128\"\ntarget_has_atomic=\"16\"\ntarget_has_atomic=\"32\"\ntarget_has_atomic=\"64\"\ntarget_has_atomic=\"8\"\ntarget_has_atomic=\"ptr\"\ntarget_has_atomic_equal_alignment=\"128\"\ntarget_has_atomic_equal_alignment=\"16\"\ntarget_has_atomic_equal_alignment=\"32\"\ntarget_has_atomic_equal_alignment=\"64\"\ntarget_has_atomic_equal_alignment=\"8\"\ntarget_has_atomic_equal_alignment=\"ptr\"\ntarget_has_atomic_load_store\ntarget_has_atomic_load_store=\"128\"\ntarget_has_atomic_load_store=\"16\"\ntarget_has_atomic_load_store=\"32\"\ntarget_has_atomic_load_store=\"64\"\ntarget_has_atomic_load_store=\"8\"\ntarget_has_atomic_load_store=\"ptr\"\ntarget_os=\"none\"\ntarget_pointer_width=\"64\"\ntarget_vendor=\"unknown\"\nub_checks\n\n\n-----\n\nerror: failed to build rustdoc for crate allocator v0.1.1\nnote: this is usually due to a compilation error in the crate,\n      and is unlikely to be a bug in cargo-semver-checks\nnote: the following command can be used to reproduce the compilation error:\n      cargo new --lib example &&\n          cd example &&\n          echo '[workspace]' >> Cargo.toml &&\n          cargo add --path /home/runner/check/batch_4/arceos-org/allocator --features allocator_api,bitmap,buddy,default,full,page-alloc-1t,page-alloc-256m,page-alloc-4g,page-alloc-64g,slab,tlsf &&\n          cargo check\n\nerror: aborting due to failure to build rustdoc for crate allocator v0.1.1\n"]}},{"file":"(virtual) rap","count":3,"kinds":{"Cargo":["// pkg_name=allocator, checker=Rap\n// toolchain=nightly-2024-12-25-x86_64-unknown-linux-gnu, target=aarch64-unknown-none\n// pkg_dir=/home/runner/check/batch_4/arceos-org/allocator\n// cmd=cargo +nightly-2024-10-12 rap -F -M -- --target aarch64-unknown-none\n// timestamp=2024-12-26 23:48:24.113711831 +08:00:00\n    Checking cfg-if v1.0.0\nerror[E0463]: can't find crate for `core`\n  |\n  = note: the `aarch64-unknown-none` target may not be installed\n  = help: consider downloading the target with `rustup target add aarch64-unknown-none`\n  = help: consider building the standard library from source with `cargo build -Zbuild-std`\n\nFor more information about this error, try `rustc --explain E0463`.\nerror: could not compile `cfg-if` (lib) due to 1 previous error\n15:48:24|RAP|ERROR|: Finished with non-zero exit code.\n","// pkg_name=allocator, checker=Rap\n// toolchain=nightly-2024-12-25-x86_64-unknown-linux-gnu, target=riscv64gc-unknown-none-elf\n// pkg_dir=/home/runner/check/batch_4/arceos-org/allocator\n// cmd=cargo +nightly-2024-10-12 rap -F -M -- --target riscv64gc-unknown-none-elf\n// timestamp=2024-12-26 23:48:23.690977633 +08:00:00\n    Checking cfg-if v1.0.0\nerror[E0463]: can't find crate for `core`\n  |\n  = note: the `riscv64gc-unknown-none-elf` target may not be installed\n  = help: consider downloading the target with `rustup target add riscv64gc-unknown-none-elf`\n  = help: consider building the standard library from source with `cargo build -Zbuild-std`\n\nFor more information about this error, try `rustc --explain E0463`.\nerror: could not compile `cfg-if` (lib) due to 1 previous error\n15:48:24|RAP|ERROR|: Finished with non-zero exit code.\n","// pkg_name=allocator, checker=Rap\n// toolchain=nightly-2024-12-25-x86_64-unknown-linux-gnu, target=x86_64-unknown-none\n// pkg_dir=/home/runner/check/batch_4/arceos-org/allocator\n// cmd=cargo +nightly-2024-10-12 rap -F -M -- --target x86_64-unknown-none\n// timestamp=2024-12-26 23:48:23.271912832 +08:00:00\n    Checking cfg-if v1.0.0\nerror[E0463]: can't find crate for `core`\n  |\n  = note: the `x86_64-unknown-none` target may not be installed\n  = help: consider downloading the target with `rustup target add x86_64-unknown-none`\n  = help: consider building the standard library from source with `cargo build -Zbuild-std`\n\nFor more information about this error, try `rustc --explain E0463`.\nerror: could not compile `cfg-if` (lib) due to 1 previous error\n15:48:23|RAP|ERROR|: Finished with non-zero exit code.\n"]}}]}],"kinds_order":["Cargo","Clippy(Error)","Clippy(Warn)","Semver Violation","Audit","Mirai","Rap","Rudra","Lockbud(Probably)","Lockbud(Possibly)","Outdated","Geiger","Unformatted"]}