{
  "repo": {
    "user": "arceos-org",
    "repo": "allocator"
  },
  "data": [
    {
      "user": "arceos-org",
      "repo": "allocator",
      "pkg": "allocator",
      "count": 7,
      "raw_reports": [
        {
          "file": "(virtual) mirai",
          "features": "",
          "count": 1,
          "kinds": {
            "Cargo": [
              "// pkg_name=allocator, checker=Mirai\n// toolchain=nightly-2025-12-06-x86_64-unknown-linux-gnu, target=x86_64-unknown-linux-gnu\n// features=\n// pkg_dir=/mnt/check/batch_2/arceos-org/allocator\n// cmd=cargo +nightly-2025-01-10 mirai --target x86_64-unknown-linux-gnu \n// timestamp=2025-12-24 23:03:28.469031637 +08:00:00\n    Checking cfg-if v1.0.4\n    Checking allocator v0.1.2 (/mnt/check/batch_2/arceos-org/allocator)\n    Finished `dev` profile [unoptimized + debuginfo] target(s) in 0.15s\n   Compiling proc-macro2 v1.0.103\n   Compiling unicode-ident v1.0.22\n   Compiling quote v1.0.42\n   Compiling cfg-if v1.0.4\n   Compiling libc v0.2.178\n   Compiling zerocopy v0.8.31\n   Compiling crossbeam-utils v0.8.21\n   Compiling serde_core v1.0.228\n   Compiling serde v1.0.228\n   Compiling syn v2.0.111\n   Compiling autocfg v1.5.0\n   Compiling syn v1.0.109\n   Compiling crossbeam-epoch v0.9.18\n   Compiling num-traits v0.2.19\n   Compiling either v1.15.0\n   Compiling serde_json v1.0.147\n   Compiling rayon-core v1.13.0\n   Compiling crossbeam-deque v0.8.6\n   Compiling getrandom v0.2.16\n   Compiling base64 v0.13.1\n   Compiling zmij v0.1.7\n   Compiling clap_lex v0.7.6\n   Compiling itoa v1.0.16\n   Compiling anstyle v1.0.13\n   Compiling plotters-backend v0.3.7\n   Compiling unicode-width v0.1.14\n   Compiling ciborium-io v0.2.2\n   Compiling memchr v2.7.6\n   Compiling regex-syntax v0.8.8\n   Compiling svgbobdoc v0.3.0\n   Compiling regex-automata v0.4.13\n   Compiling plotters-svg v0.3.7\n   Compiling clap_builder v4.5.53\n   Compiling rand_core v0.6.4\n   Compiling zerocopy-derive v0.8.31\n   Compiling serde_derive v1.0.228\n   Compiling itertools v0.10.5\n   Compiling same-file v1.0.6\n   Compiling bit_field v0.10.3\n   Compiling const-default v1.0.0\n   Compiling cast v0.3.0\n   Compiling buddy_system_allocator v0.10.0\n   Compiling slab_allocator v0.3.1 (https://github.com/arceos-org/slab_allocator.git?tag=v0.3.1#3c13499d)\n   Compiling rlsf v0.2.1\n   Compiling half v2.7.1\n   Compiling ppv-lite86 v0.2.21\n   Compiling ciborium-ll v0.2.2\n   Compiling criterion-plot v0.5.0\n   Compiling rand_chacha v0.3.1\n   Compiling bitmap-allocator v0.2.1\n   Compiling walkdir v2.5.0\n   Compiling plotters v0.3.7\n   Compiling clap v4.5.53\n   Compiling regex v1.12.2\n   Compiling rayon v1.11.0\n   Compiling is-terminal v0.4.17\n   Compiling anes v0.1.6\n   Compiling oorandom v11.1.5\n   Compiling once_cell v1.21.3\n   Compiling tinytemplate v1.2.1\n   Compiling ciborium v0.2.2\n   Compiling rand v0.8.5\n   Compiling allocator v0.1.2 (/mnt/check/batch_2/arceos-org/allocator)\n   Compiling criterion v0.5.1\nerror: could not compile `allocator` (test \"allocator\") due to 1 previous error\n"
            ]
          }
        },
        {
          "file": "(virtual) semver-checks",
          "features": "",
          "count": 1,
          "kinds": {
            "Cargo": [
              "// pkg_name=allocator, checker=SemverChecks\n// toolchain=nightly-2025-12-06-x86_64-unknown-linux-gnu, target=x86_64-unknown-linux-gnu\n// features=\n// pkg_dir=/mnt/check/batch_2/arceos-org/allocator\n// cmd=cargo +nightly-2025-12-06-x86_64-unknown-linux-gnu semver-checks --target x86_64-unknown-linux-gnu \n// timestamp=2025-12-24 23:03:08.10289335 +08:00:00\n    Building allocator v0.1.2 (current)\n       Built [   4.047s] (current)\n     Parsing allocator v0.1.2 (current)\n      Parsed [   0.001s] (current)\n    Building allocator v0.0.2 (baseline)\nerror: running cargo-doc on crate 'allocator' failed with output:\n-----\n    Checking checked_cast v0.0.3\n Documenting allocator v0.0.2\nerror: expected `;` or `]`, found `,`\n  --> /home/runner/.cargo/registry/src/index.crates.io-1949cf8c6b5b557f/allocator-0.0.2/src/allocator.rs:53:19\n   |\n53 | static SIZES: [u64, ..58] = [\n   |                   ^ expected `;` or `]`\n   |\nhelp: you might have meant to use `;` as the separator\n   |\n53 - static SIZES: [u64, ..58] = [\n53 + static SIZES: [u64; ..58] = [\n   |\n\nerror[E0259]: the name `core` is defined multiple times\n --> /home/runner/.cargo/registry/src/index.crates.io-1949cf8c6b5b557f/allocator-0.0.2/src/lib.rs:9:1\n  |\n9 | extern crate core;\n  | ^^^^^^^^^^^^^^^^^^ `core` reimported here\n  |\n  = note: `core` must be defined only once in the type namespace of this module\nhelp: you can use `as` to change the binding name of the import\n  |\n9 | extern crate core as other_core;\n  |                   +++++++++++++\n\nerror[E0432]: unresolved import `core::num::Int`\n --> /home/runner/.cargo/registry/src/index.crates.io-1949cf8c6b5b557f/allocator-0.0.2/src/allocator.rs:7:5\n  |\n7 | use core::num::Int;\n  |     ^^^^^^^^^^^^^^ no `Int` in `num`\n\nerror[E0432]: unresolved import `core::num::Int`\n --> /home/runner/.cargo/registry/src/index.crates.io-1949cf8c6b5b557f/allocator-0.0.2/src/noop.rs:7:5\n  |\n7 | use core::num::Int;\n  |     ^^^^^^^^^^^^^^ no `Int` in `num`\n\nerror[E0432]: unresolved import `core::num::Int`\n --> /home/runner/.cargo/registry/src/index.crates.io-1949cf8c6b5b557f/allocator-0.0.2/src/malloc.rs:8:5\n  |\n8 | use core::num::Int;\n  |     ^^^^^^^^^^^^^^ no `Int` in `num`\n\nerror[E0432]: unresolved import `core::kinds`\n  --> /home/runner/.cargo/registry/src/index.crates.io-1949cf8c6b5b557f/allocator-0.0.2/src/arena.rs:13:11\n   |\n13 | use core::kinds::marker;\n   |           ^^^^^ could not find `kinds` in `core`\n\nerror[E0432]: unresolved import `core::num::Int`\n  --> /home/runner/.cargo/registry/src/index.crates.io-1949cf8c6b5b557f/allocator-0.0.2/src/arena.rs:14:5\n   |\n14 | use core::num::Int;\n   |     ^^^^^^^^^^^^^^ no `Int` in `num`\n\nerror[E0432]: unresolved import `core::num::Int`\n --> /home/runner/.cargo/registry/src/index.crates.io-1949cf8c6b5b557f/allocator-0.0.2/src/rustalloc.rs:5:5\n  |\n5 | use core::num::Int;\n  |     ^^^^^^^^^^^^^^ no `Int` in `num`\n\nerror[E0432]: unresolved import `alloc::heap`\n --> /home/runner/.cargo/registry/src/index.crates.io-1949cf8c6b5b557f/allocator-0.0.2/src/rustalloc.rs:7:5\n  |\n7 | use alloc::heap;\n  |     ^^^^^^^^^^^ no `heap` in the root\n\nerror: cannot find attribute `phase` in this scope\n  --> /home/runner/.cargo/registry/src/index.crates.io-1949cf8c6b5b557f/allocator-0.0.2/src/lib.rs:14:3\n   |\n14 | #[phase(plugin)] extern crate checked_cast;\n   |   ^^^^^\n\nerror: cannot find macro `checked_cast` in this scope\n  --> /home/runner/.cargo/registry/src/index.crates.io-1949cf8c6b5b557f/allocator-0.0.2/src/allocator.rs:38:29\n   |\n38 |         let newcount = try!(checked_cast!(newcount, uint));\n   |                             ^^^^^^^^^^^^\n   |\nnote: `checked_cast` is imported here, but it is a crate, not a macro\n  --> /home/runner/.cargo/registry/src/index.crates.io-1949cf8c6b5b557f/allocator-0.0.2/src/lib.rs:14:18\n   |\n14 | #[phase(plugin)] extern crate checked_cast;\n   |                  ^^^^^^^^^^^^^^^^^^^^^^^^^^\nhelp: consider importing this macro\n   |\n 4 + use checked_cast::checked_cast;\n   |\n\nerror: cannot find macro `checked_cast` in this scope\n  --> /home/runner/.cargo/registry/src/index.crates.io-1949cf8c6b5b557f/allocator-0.0.2/src/malloc.rs:21:37\n   |\n21 |         let p: *mut T = malloc(try!(checked_cast!(count, size_t))) as *mut T;\n   |                                     ^^^^^^^^^^^^\n   |\nnote: `checked_cast` is imported here, but it is a crate, not a macro\n  --> /home/runner/.cargo/registry/src/index.crates.io-1949cf8c6b5b557f/allocator-0.0.2/src/lib.rs:14:18\n   |\n14 | #[phase(plugin)] extern crate checked_cast;\n   |                  ^^^^^^^^^^^^^^^^^^^^^^^^^^\nhelp: consider importing this macro\n   |\n 4 + use checked_cast::checked_cast;\n   |\n\nerror: cannot find attribute `unsafe_destructor` in this scope\n  --> /home/runner/.cargo/registry/src/index.crates.io-1949cf8c6b5b557f/allocator-0.0.2/src/arena.rs:55:3\n   |\n55 | #[unsafe_destructor]\n   |   ^^^^^^^^^^^^^^^^^\n\nerror: cannot find attribute `unsafe_destructor` in this scope\n   --> /home/runner/.cargo/registry/src/index.crates.io-1949cf8c6b5b557f/allocator-0.0.2/src/arena.rs:153:3\n    |\n153 | #[unsafe_destructor]\n    |   ^^^^^^^^^^^^^^^^^\n\nerror[E0425]: cannot find type `uint` in this scope\n  --> /home/runner/.cargo/registry/src/index.crates.io-1949cf8c6b5b557f/allocator-0.0.2/src/allocator.rs:14:42\n   |\n14 |     unsafe fn alloc<T>(&mut self, items: uint) -> Option<*mut T>;\n   |                                          ^^^^ not found in this scope\n\nerror[E0425]: cannot find type `uint` in this scope\n  --> /home/runner/.cargo/registry/src/index.crates.io-1949cf8c6b5b557f/allocator-0.0.2/src/allocator.rs:16:43\n   |\n16 |     unsafe fn calloc<T>(&mut self, items: uint) -> Option<*mut T> { #![inline]\n   |                                           ^^^^ not found in this scope\n\nerror[E0425]: cannot find type `uint` in this scope\n  --> /home/runner/.cargo/registry/src/index.crates.io-1949cf8c6b5b557f/allocator-0.0.2/src/allocator.rs:26:64\n   |\n26 |     unsafe fn realloc<T>(&mut self, buf: &mut *mut T, current: uint, exact: uint) -> Option<uint>;\n   |                                                                ^^^^ not found in this scope\n\nerror[E0425]: cannot find type `uint` in this scope\n  --> /home/runner/.cargo/registry/src/index.crates.io-1949cf8c6b5b557f/allocator-0.0.2/src/allocator.rs:26:77\n   |\n26 |     unsafe fn realloc<T>(&mut self, buf: &mut *mut T, current: uint, exact: uint) -> Option<uint>;\n   |                                                                             ^^^^ not found in this scope\n\nerror[E0425]: cannot find type `uint` in this scope\n  --> /home/runner/.cargo/registry/src/index.crates.io-1949cf8c6b5b557f/allocator-0.0.2/src/allocator.rs:26:93\n   |\n26 |     unsafe fn realloc<T>(&mut self, buf: &mut *mut T, current: uint, exact: uint) -> Option<uint>;\n   |                                                                                             ^^^^ not found in this scope\n   |\nhelp: you might be missing a type parameter\n   |\n13 | pub trait Allocator<uint> {\n   |                    ++++++\n\nerror[E0425]: cannot find type `uint` in this scope\n  --> /home/runner/.cargo/registry/src/index.crates.io-1949cf8c6b5b557f/allocator-0.0.2/src/allocator.rs:28:54\n   |\n28 |     unsafe fn free<T>(&mut self, buf: *mut T, items: uint);\n   |                                                      ^^^^ not found in this scope\n\nerror[E0425]: cannot find type `uint` in this scope\n  --> /home/runner/.cargo/registry/src/index.crates.io-1949cf8c6b5b557f/allocator-0.0.2/src/allocator.rs:35:63\n   |\n35 |     unsafe fn ensure<T>(&mut self, buf: &mut *mut T, current: uint, min: uint) -> Option<uint> {\n   |                                                               ^^^^ not found in this scope\n\nerror[E0425]: cannot find type `uint` in this scope\n  --> /home/runner/.cargo/registry/src/index.crates.io-1949cf8c6b5b557f/allocator-0.0.2/src/allocator.rs:35:74\n   |\n35 |     unsafe fn ensure<T>(&mut self, buf: &mut *mut T, current: uint, min: uint) -> Option<uint> {\n   |                                                                          ^^^^ not found in this scope\n\nerror[E0425]: cannot find type `uint` in this scope\n  --> /home/runner/.cargo/registry/src/index.crates.io-1949cf8c6b5b557f/allocator-0.0.2/src/allocator.rs:35:90\n   |\n35 |     unsafe fn ensure<T>(&mut self, buf: &mut *mut T, current: uint, min: uint) -> Option<uint> {\n   |                                                                                          ^^^^ not found in this scope\n   |\nhelp: you might be missing a type parameter\n   |\n13 | pub trait Allocator<uint> {\n   |                    ++++++\n\nerror[E0425]: cannot find type `uint` in this scope\n  --> /home/runner/.cargo/registry/src/index.crates.io-1949cf8c6b5b557f/allocator-0.0.2/src/noop.rs:15:43\n   |\n15 |     unsafe fn alloc<T>(&mut self, _count: uint) -> Option<*mut T> { \n   |                                           ^^^^ not found in this scope\n\nerror[E0425]: cannot find type `uint` in this scope\n  --> /home/runner/.cargo/registry/src/index.crates.io-1949cf8c6b5b557f/allocator-0.0.2/src/noop.rs:19:44\n   |\n19 |     unsafe fn calloc<T>(&mut self, _items: uint) -> Option<*mut T> { \n   |                                            ^^^^ not found in this scope\n\nerror[E0425]: cannot find type `uint` in this scope\n  --> /home/runner/.cargo/registry/src/index.crates.io-1949cf8c6b5b557f/allocator-0.0.2/src/noop.rs:23:65\n   |\n23 |     unsafe fn realloc<T>(&mut self, _buf: &mut *mut T, current: uint, items: uint) -> Option<uint> {\n   |                                                                 ^^^^ not found in this scope\n\nerror[E0425]: cannot find type `uint` in this scope\n  --> /home/runner/.cargo/registry/src/index.crates.io-1949cf8c6b5b557f/allocator-0.0.2/src/noop.rs:23:78\n   |\n23 |     unsafe fn realloc<T>(&mut self, _buf: &mut *mut T, current: uint, items: uint) -> Option<uint> {\n   |                                                                              ^^^^ not found in this scope\n\nerror[E0425]: cannot find type `uint` in this scope\n  --> /home/runner/.cargo/registry/src/index.crates.io-1949cf8c6b5b557f/allocator-0.0.2/src/noop.rs:23:94\n   |\n23 |     unsafe fn realloc<T>(&mut self, _buf: &mut *mut T, current: uint, items: uint) -> Option<uint> {\n   |                                                                                              ^^^^ not found in this scope\n   |\nhelp: you might be missing a type parameter\n   |\n14 | impl<uint> Allocator for NoopAlloc {\n   |     ++++++\n\nerror[E0425]: cannot find type `uint` in this scope\n  --> /home/runner/.cargo/registry/src/index.crates.io-1949cf8c6b5b557f/allocator-0.0.2/src/noop.rs:31:64\n   |\n31 |     unsafe fn ensure<T>(&mut self, _buf: &mut *mut T, current: uint, min: uint) -> Option<uint> {\n   |                                                                ^^^^ not found in this scope\n\nerror[E0425]: cannot find type `uint` in this scope\n  --> /home/runner/.cargo/registry/src/index.crates.io-1949cf8c6b5b557f/allocator-0.0.2/src/noop.rs:31:75\n   |\n31 |     unsafe fn ensure<T>(&mut self, _buf: &mut *mut T, current: uint, min: uint) -> Option<uint> {\n   |                                                                           ^^^^ not found in this scope\n\nerror[E0425]: cannot find type `uint` in this scope\n  --> /home/runner/.cargo/registry/src/index.crates.io-1949cf8c6b5b557f/allocator-0.0.2/src/noop.rs:31:91\n   |\n31 |     unsafe fn ensure<T>(&mut self, _buf: &mut *mut T, current: uint, min: uint) -> Option<uint> {\n   |                                                                                           ^^^^ not found in this scope\n   |\nhelp: you might be missing a type parameter\n   |\n14 | impl<uint> Allocator for NoopAlloc {\n   |     ++++++\n\nerror[E0425]: cannot find type `uint` in this scope\n  --> /home/runner/.cargo/registry/src/index.crates.io-1949cf8c6b5b557f/allocator-0.0.2/src/noop.rs:39:56\n   |\n39 |     unsafe fn free<T>(&mut self, _buf: *mut T, _count: uint) {}\n   |                                                        ^^^^ not found in this scope\n\nerror[E0425]: cannot find type `uint` in this scope\n  --> /home/runner/.cargo/registry/src/index.crates.io-1949cf8c6b5b557f/allocator-0.0.2/src/malloc.rs:17:42\n   |\n17 |     unsafe fn alloc<T>(&mut self, count: uint) -> Option<*mut T> { #![inline]\n   |                                          ^^^^ not found in this scope\n\nerror[E0425]: cannot find type `uint` in this scope\n  --> /home/runner/.cargo/registry/src/index.crates.io-1949cf8c6b5b557f/allocator-0.0.2/src/malloc.rs:26:43\n   |\n26 |     unsafe fn calloc<T>(&mut self, count: uint) -> Option<*mut T> { #![inline]\n   |                                           ^^^^ not found in this scope\n\nerror[E0425]: cannot find type `uint` in this scope\n  --> /home/runner/.cargo/registry/src/index.crates.io-1949cf8c6b5b557f/allocator-0.0.2/src/malloc.rs:32:65\n   |\n32 |     unsafe fn realloc<T>(&mut self, buf: &mut *mut T, _current: uint, count: uint) -> Option<uint> { #![inline]\n   |                                                                 ^^^^ not found in this scope\n\nerror[E0425]: cannot find type `uint` in this scope\n  --> /home/runner/.cargo/registry/src/index.crates.io-1949cf8c6b5b557f/allocator-0.0.2/src/malloc.rs:32:78\n   |\n32 |     unsafe fn realloc<T>(&mut self, buf: &mut *mut T, _current: uint, count: uint) -> Option<uint> { #![inline]\n   |                                                                              ^^^^ not found in this scope\n\nerror[E0425]: cannot find type `uint` in this scope\n  --> /home/runner/.cargo/registry/src/index.crates.io-1949cf8c6b5b557f/allocator-0.0.2/src/malloc.rs:32:94\n   |\n32 |     unsafe fn realloc<T>(&mut self, buf: &mut *mut T, _current: uint, count: uint) -> Option<uint> { #![inline]\n   |                                                                                              ^^^^ not found in this scope\n   |\nhelp: you might be missing a type parameter\n   |\n16 | impl<uint> Allocator for Malloc {\n   |     ++++++\n\nerror[E0425]: cannot find type `uint` in this scope\n  --> /home/runner/.cargo/registry/src/index.crates.io-1949cf8c6b5b557f/allocator-0.0.2/src/malloc.rs:42:56\n   |\n42 |     unsafe fn free<T>(&mut self, _buf: *mut T, _count: uint) { #![inline]\n   |                                                        ^^^^ not found in this scope\n\nerror[E0425]: cannot find type `uint` in this scope\n  --> /home/runner/.cargo/registry/src/index.crates.io-1949cf8c6b5b557f/allocator-0.0.2/src/arena.rs:22:17\n   |\n22 |     chunk_size: uint,\n   |                 ^^^^ not found in this scope\n\nerror[E0425]: cannot find type `uint` in this scope\n  --> /home/runner/.cargo/registry/src/index.crates.io-1949cf8c6b5b557f/allocator-0.0.2/src/arena.rs:23:13\n   |\n23 |     chunks: uint,\n   |             ^^^^ not found in this scope\n\nerror[E0425]: cannot find type `uint` in this scope\n  --> /home/runner/.cargo/registry/src/index.crates.io-1949cf8c6b5b557f/allocator-0.0.2/src/arena.rs:24:17\n   |\n24 |     first_free: uint,\n   |                 ^^^^ not found in this scope\n\nerror[E0425]: cannot find type `uint` in this scope\n  --> /home/runner/.cargo/registry/src/index.crates.io-1949cf8c6b5b557f/allocator-0.0.2/src/arena.rs:31:28\n   |\n31 |     pub fn new(chunk_size: uint) -> Arena { Arena {\n   |                            ^^^^ not found in this scope\n\nerror[E0425]: cannot find type `uint` in this scope\n  --> /home/runner/.cargo/registry/src/index.crates.io-1949cf8c6b5b557f/allocator-0.0.2/src/arena.rs:45:42\n   |\n45 |     fn add_custom_chunk(&mut self, size: uint, align: uint) -> Option<&mut Chunk> { unsafe {\n   |                                          ^^^^ not found in this scope\n\nerror[E0425]: cannot find type `uint` in this scope\n  --> /home/runner/.cargo/registry/src/index.crates.io-1949cf8c6b5b557f/allocator-0.0.2/src/arena.rs:45:55\n   |\n45 |     fn add_custom_chunk(&mut self, size: uint, align: uint) -> Option<&mut Chunk> { unsafe {\n   |                                                       ^^^^ not found in this scope\n\nerror[E0425]: cannot find type `uint` in this scope\n  --> /home/runner/.cargo/registry/src/index.crates.io-1949cf8c6b5b557f/allocator-0.0.2/src/arena.rs:66:42\n   |\n66 |     unsafe fn alloc<T>(&mut self, count: uint) -> Option<*mut T> {\n   |                                          ^^^^ not found in this scope\n\nerror[E0425]: cannot find type `uint` in this scope\n  --> /home/runner/.cargo/registry/src/index.crates.io-1949cf8c6b5b557f/allocator-0.0.2/src/arena.rs:99:65\n   |\n99 |     unsafe fn realloc<T>(&mut self, _buf: &mut *mut T, current: uint, items: uint) -> Option<uint> {\n   |                                                                 ^^^^ not found in this scope\n\nerror[E0425]: cannot find type `uint` in this scope\n  --> /home/runner/.cargo/registry/src/index.crates.io-1949cf8c6b5b557f/allocator-0.0.2/src/arena.rs:99:78\n   |\n99 |     unsafe fn realloc<T>(&mut self, _buf: &mut *mut T, current: uint, items: uint) -> Option<uint> {\n   |                                                                              ^^^^ not found in this scope\n\nerror[E0425]: cannot find type `uint` in this scope\n  --> /home/runner/.cargo/registry/src/index.crates.io-1949cf8c6b5b557f/allocator-0.0.2/src/arena.rs:99:94\n   |\n99 |     unsafe fn realloc<T>(&mut self, _buf: &mut *mut T, current: uint, items: uint) -> Option<uint> {\n   |                                                                                              ^^^^ not found in this scope\n   |\nhelp: you might be missing a type parameter\n   |\n65 | impl<uint> Allocator for Arena {\n   |     ++++++\n\nerror[E0425]: cannot find type `uint` in this scope\n   --> /home/runner/.cargo/registry/src/index.crates.io-1949cf8c6b5b557f/allocator-0.0.2/src/arena.rs:107:64\n    |\n107 |     unsafe fn ensure<T>(&mut self, _buf: &mut *mut T, current: uint, min: uint) -> Option<uint> {\n    |                                                                ^^^^ not found in this scope\n\nerror[E0425]: cannot find type `uint` in this scope\n   --> /home/runner/.cargo/registry/src/index.crates.io-1949cf8c6b5b557f/allocator-0.0.2/src/arena.rs:107:75\n    |\n107 |     unsafe fn ensure<T>(&mut self, _buf: &mut *mut T, current: uint, min: uint) -> Option<uint> {\n    |                                                                           ^^^^ not found in this scope\n\nerror[E0425]: cannot find type `uint` in this scope\n   --> /home/runner/.cargo/registry/src/index.crates.io-1949cf8c6b5b557f/allocator-0.0.2/src/arena.rs:107:91\n    |\n107 |     unsafe fn ensure<T>(&mut self, _buf: &mut *mut T, current: uint, min: uint) -> Option<uint> {\n    |                                                                                           ^^^^ not found in this scope\n    |\nhelp: you might be missing a type parameter\n    |\n 65 | impl<uint> Allocator for Arena {\n    |     ++++++\n\nerror[E0425]: cannot find type `uint` in this scope\n   --> /home/runner/.cargo/registry/src/index.crates.io-1949cf8c6b5b557f/allocator-0.0.2/src/arena.rs:115:56\n    |\n115 |     unsafe fn free<T>(&mut self, _buf: *mut T, _count: uint) {\n    |                                                        ^^^^ not found in this scope\n\nerror[E0425]: cannot find type `uint` in this scope\n   --> /home/runner/.cargo/registry/src/index.crates.io-1949cf8c6b5b557f/allocator-0.0.2/src/arena.rs:124:10\n    |\n124 |     cap: uint,\n    |          ^^^^ not found in this scope\n\nerror[E0425]: cannot find type `uint` in this scope\n   --> /home/runner/.cargo/registry/src/index.crates.io-1949cf8c6b5b557f/allocator-0.0.2/src/arena.rs:125:10\n    |\n125 |     end: uint,\n    |          ^^^^ not found in this scope\n\nerror[E0425]: cannot find type `uint` in this scope\n   --> /home/runner/.cargo/registry/src/index.crates.io-1949cf8c6b5b557f/allocator-0.0.2/src/arena.rs:132:34\n    |\n132 |     fn fill(c: *mut Chunk, size: uint) -> Option<()> { #![inline] unsafe {\n    |                                  ^^^^ not found in this scope\n\nerror[E0425]: cannot find type `uint` in this scope\n   --> /home/runner/.cargo/registry/src/index.crates.io-1949cf8c6b5b557f/allocator-0.0.2/src/arena.rs:140:31\n    |\n140 |     fn alloc(&mut self, size: uint, align: uint) -> Option<*mut u8> { #![inline] unsafe {\n    |                               ^^^^ not found in this scope\n\nerror[E0425]: cannot find type `uint` in this scope\n   --> /home/runner/.cargo/registry/src/index.crates.io-1949cf8c6b5b557f/allocator-0.0.2/src/arena.rs:140:44\n    |\n140 |     fn alloc(&mut self, size: uint, align: uint) -> Option<*mut u8> { #![inline] unsafe {\n    |                                            ^^^^ not found in this scope\n\nerror[E0425]: cannot find type `uint` in this scope\n  --> /home/runner/.cargo/registry/src/index.crates.io-1949cf8c6b5b557f/allocator-0.0.2/src/rustalloc.rs:14:42\n   |\n14 |     unsafe fn alloc<T>(&mut self, items: uint) -> Option<*mut T> { #![inline]\n   |                                          ^^^^ not found in this scope\n\nerror[E0425]: cannot find type `uint` in this scope\n  --> /home/runner/.cargo/registry/src/index.crates.io-1949cf8c6b5b557f/allocator-0.0.2/src/rustalloc.rs:23:64\n   |\n23 |     unsafe fn realloc<T>(&mut self, buf: &mut *mut T, current: uint, exact: uint) -> Option<uint> { #![inline]\n   |                                                                ^^^^ not found in this scope\n\nerror[E0425]: cannot find type `uint` in this scope\n  --> /home/runner/.cargo/registry/src/index.crates.io-1949cf8c6b5b557f/allocator-0.0.2/src/rustalloc.rs:23:77\n   |\n23 |     unsafe fn realloc<T>(&mut self, buf: &mut *mut T, current: uint, exact: uint) -> Option<uint> { #![inline]\n   |                                                                             ^^^^ not found in this scope\n\nerror[E0425]: cannot find type `uint` in this scope\n  --> /home/runner/.cargo/registry/src/index.crates.io-1949cf8c6b5b557f/allocator-0.0.2/src/rustalloc.rs:23:93\n   |\n23 |     unsafe fn realloc<T>(&mut self, buf: &mut *mut T, current: uint, exact: uint) -> Option<uint> { #![inline]\n   |                                                                                             ^^^^ not found in this scope\n   |\nhelp: you might be missing a type parameter\n   |\n13 | impl<uint> Allocator for RustAlloc {\n   |     ++++++\n\nerror[E0425]: cannot find type `uint` in this scope\n  --> /home/runner/.cargo/registry/src/index.crates.io-1949cf8c6b5b557f/allocator-0.0.2/src/rustalloc.rs:35:54\n   |\n35 |     unsafe fn free<T>(&mut self, buf: *mut T, items: uint) { #![inline]\n   |                                                      ^^^^ not found in this scope\n\nerror[E0308]: mismatched types\n  --> /home/runner/.cargo/registry/src/index.crates.io-1949cf8c6b5b557f/allocator-0.0.2/src/allocator.rs:53:21\n   |\n53 | static SIZES: [u64, ..58] = [\n   |                     ^^^^ expected `usize`, found `RangeTo<{integer}>`\n   |\n   = note: expected type `usize`\n            found struct `core::ops::RangeTo<{integer}>`\n\nerror[E0184]: the trait `Copy` cannot be implemented for this type; the type has a destructor\n   --> /home/runner/.cargo/registry/src/index.crates.io-1949cf8c6b5b557f/allocator-0.0.2/src/arena.rs:129:15\n    |\n129 | impl Copy for Chunk {}\n    |               ^^^^^ `Copy` not allowed on types with destructors\n\nSome errors have detailed explanations: E0184, E0259, E0308, E0425, E0432.\nFor more information about an error, try `rustc --explain E0184`.\nerror: could not document `allocator`\n\n-----\n\nerror: failed to build rustdoc for crate allocator v0.0.2\nnote: this is usually due to a compilation error in the crate,\n      and is unlikely to be a bug in cargo-semver-checks\nnote: the following command can be used to reproduce the error:\n      cargo new --lib example &&\n          cd example &&\n          echo '[workspace]' >> Cargo.toml &&\n          cargo add allocator@=0.0.2 --features default,libc,std &&\n          cargo check --target x86_64-unknown-linux-gnu &&\n          cargo doc --target x86_64-unknown-linux-gnu\n\nerror: aborting due to failure to build rustdoc for crate allocator v0.0.2\n"
            ]
          }
        },
        {
          "file": "[Geiger] Unsafe code statistics",
          "features": "",
          "count": 1,
          "kinds": {
            "Geiger": [
              "pkg=allocator, checker=Geiger\ntoolchain=nightly-2025-12-06-x86_64-unknown-linux-gnu, target=x86_64-unknown-linux-gnu\nfeatures=\npkg_dir=/mnt/check/batch_2/arceos-org/allocator\ncmd=cargo +nightly-2025-12-06-x86_64-unknown-linux-gnu geiger --output-format Ascii\ntimestamp=2025-12-24 23:03:54.363068021 +08:00:00\n\n\nMetric output format: x/y\n    x = unsafe code used by the build\n    y = total unsafe code found in the crate\n\nSymbols:\n    :) = No `unsafe` usage found, declares #![forbid(unsafe_code)]\n    ?  = No `unsafe` usage found, missing #![forbid(unsafe_code)]\n    !  = `unsafe` usage found\n\nFunctions  Expressions  Impls  Traits  Methods  Dependency\n\n0/0        3/57         1/1    0/0     1/1      !  allocator 0.1.2\n0/0        0/100        0/0    0/0     0/7      ?  |-- slab_allocator 0.3.1\n0/0        0/161        0/3    0/0     0/7      ?  |   `-- buddy_system_allocator 0.10.0\n0/0        0/0          0/0    0/0     0/0      ?  |-- bitmap-allocator 0.2.1\n0/0        0/0          0/0    0/0     0/0      ?  |   `-- bit_field 0.10.3\n0/0        0/161        0/3    0/0     0/7      ?  |-- buddy_system_allocator 0.10.0\n0/0        0/0          0/0    0/0     0/0      ?  |-- cfg-if 1.0.4\n0/1        0/1069       0/13   0/2     0/40     ?  `-- rlsf 0.2.1\n0/0        0/0          0/0    0/0     0/0      ?      |-- cfg-if 1.0.4\n0/0        0/0          0/0    0/0     0/0      ?      |-- const-default 1.0.0\n0/90       0/687        0/2    0/0     0/92     ?      |-- libc 0.2.178\n0/0        0/0          0/0    0/0     0/0      ?      `-- svgbobdoc 0.3.0\n0/0        0/0          0/0    0/0     0/0      :)         |-- base64 0.13.1\n0/0        0/14         0/0    0/0     0/3      ?          |-- proc-macro2 1.0.103\n0/0        0/4          0/0    0/0     0/0      ?          |   `-- unicode-ident 1.0.22\n0/0        0/0          0/0    0/0     0/0      ?          |-- quote 1.0.42\n0/0        0/14         0/0    0/0     0/3      ?          |   `-- proc-macro2 1.0.103\n0/0        0/69         0/3    0/0     0/2      ?          |-- syn 1.0.109\n0/0        0/14         0/0    0/0     0/3      ?          |   |-- proc-macro2 1.0.103\n0/0        0/0          0/0    0/0     0/0      ?          |   |-- quote 1.0.42\n0/0        0/4          0/0    0/0     0/0      ?          |   `-- unicode-ident 1.0.22\n0/0        0/0          0/0    0/0     0/0      :)         `-- unicode-width 0.1.14\n\n0/91       3/2161       1/22   0/2     1/152\n\n"
            ]
          }
        },
        {
          "file": "[Udeps] Unused dependencies",
          "features": "",
          "count": 1,
          "kinds": {
            "Unused Deps": [
              "pkg=allocator, checker=Udeps\ntoolchain=nightly-2025-12-06-x86_64-unknown-linux-gnu, target=x86_64-unknown-linux-gnu\nfeatures=\npkg_dir=/mnt/check/batch_2/arceos-org/allocator\ncmd=cargo +nightly-2025-12-06-x86_64-unknown-linux-gnu udeps --target x86_64-unknown-linux-gnu \ntimestamp=2025-12-24 23:03:54.549687859 +08:00:00\n\n\nstdout:\nunused dependencies:\n`allocator v0.1.2 (/mnt/check/batch_2/arceos-org/allocator)`\n└─── dependencies\n     └─── \"cfg-if\"\nNote: These dependencies might be used by other targets.\n      To find dependencies that are not used by any target, enable `--all-targets`.\nNote: They might be false-positive.\n      For example, `cargo-udeps` cannot detect usage of crates that are only used in doc-tests.\n      To ignore some dependencies, write `package.metadata.cargo-udeps.ignore` in Cargo.toml.\n\nstderr:\n    Checking cfg-if v1.0.4\n    Checking allocator v0.1.2 (/mnt/check/batch_2/arceos-org/allocator)\n    Finished `dev` profile [unoptimized + debuginfo] target(s) in 0.15s\ninfo: Loading depinfo from \"/mnt/check/batch_2/arceos-org/allocator/target/x86_64-unknown-linux-gnu/debug/deps/allocator-ba45ea6d3db46c7f.d\"\n"
            ]
          }
        },
        {
          "file": "[outdated direct dependencies]",
          "features": "",
          "count": 1,
          "kinds": {
            "Outdated": [
              "pkg=allocator, checker=Outdated\ntoolchain=nightly-2025-12-06-x86_64-unknown-linux-gnu, target=x86_64-unknown-linux-gnu\nfeatures=\npkg_dir=/mnt/check/batch_2/arceos-org/allocator\ncmd=cargo +nightly-2025-12-06-x86_64-unknown-linux-gnu outdated -R --exit-code=2\ntimestamp=2025-12-24 23:03:46.988510739 +08:00:00\n\nName                    Project  Compat  Latest  Kind         Platform\n----                    -------  ------  ------  ----         --------\naxerrno                 0.1.2    ---     0.2.2   Normal       ---\nbuddy_system_allocator  0.10.0   ---     0.11.0  Normal       ---\ncriterion               0.5.1    ---     0.8.1   Development  ---\nrand                    0.8.5    ---     0.9.2   Development  ---\n"
            ]
          }
        },
        {
          "file": "[semver checks violation]",
          "features": "",
          "count": 1,
          "kinds": {
            "Semver Violation": [
              "pkg=allocator, checker=SemverChecks\ntoolchain=nightly-2025-12-06-x86_64-unknown-linux-gnu, target=x86_64-unknown-linux-gnu\nfeatures=\npkg_dir=/mnt/check/batch_2/arceos-org/allocator\ncmd=cargo +nightly-2025-12-06-x86_64-unknown-linux-gnu semver-checks --target x86_64-unknown-linux-gnu \ntimestamp=2025-12-24 23:03:13.994926855 +08:00:00\n\n\nstdout:\n\nstderr:\n    Building allocator v0.1.2 (current)\n       Built [   4.047s] (current)\n     Parsing allocator v0.1.2 (current)\n      Parsed [   0.001s] (current)\n    Building allocator v0.0.2 (baseline)\nerror: running cargo-doc on crate 'allocator' failed with output:\n-----\n    Checking checked_cast v0.0.3\n Documenting allocator v0.0.2\nerror: expected `;` or `]`, found `,`\n  --> /home/runner/.cargo/registry/src/index.crates.io-1949cf8c6b5b557f/allocator-0.0.2/src/allocator.rs:53:19\n   |\n53 | static SIZES: [u64, ..58] = [\n   |                   ^ expected `;` or `]`\n   |\nhelp: you might have meant to use `;` as the separator\n   |\n53 - static SIZES: [u64, ..58] = [\n53 + static SIZES: [u64; ..58] = [\n   |\n\nerror[E0259]: the name `core` is defined multiple times\n --> /home/runner/.cargo/registry/src/index.crates.io-1949cf8c6b5b557f/allocator-0.0.2/src/lib.rs:9:1\n  |\n9 | extern crate core;\n  | ^^^^^^^^^^^^^^^^^^ `core` reimported here\n  |\n  = note: `core` must be defined only once in the type namespace of this module\nhelp: you can use `as` to change the binding name of the import\n  |\n9 | extern crate core as other_core;\n  |                   +++++++++++++\n\nerror[E0432]: unresolved import `core::num::Int`\n --> /home/runner/.cargo/registry/src/index.crates.io-1949cf8c6b5b557f/allocator-0.0.2/src/allocator.rs:7:5\n  |\n7 | use core::num::Int;\n  |     ^^^^^^^^^^^^^^ no `Int` in `num`\n\nerror[E0432]: unresolved import `core::num::Int`\n --> /home/runner/.cargo/registry/src/index.crates.io-1949cf8c6b5b557f/allocator-0.0.2/src/noop.rs:7:5\n  |\n7 | use core::num::Int;\n  |     ^^^^^^^^^^^^^^ no `Int` in `num`\n\nerror[E0432]: unresolved import `core::num::Int`\n --> /home/runner/.cargo/registry/src/index.crates.io-1949cf8c6b5b557f/allocator-0.0.2/src/malloc.rs:8:5\n  |\n8 | use core::num::Int;\n  |     ^^^^^^^^^^^^^^ no `Int` in `num`\n\nerror[E0432]: unresolved import `core::kinds`\n  --> /home/runner/.cargo/registry/src/index.crates.io-1949cf8c6b5b557f/allocator-0.0.2/src/arena.rs:13:11\n   |\n13 | use core::kinds::marker;\n   |           ^^^^^ could not find `kinds` in `core`\n\nerror[E0432]: unresolved import `core::num::Int`\n  --> /home/runner/.cargo/registry/src/index.crates.io-1949cf8c6b5b557f/allocator-0.0.2/src/arena.rs:14:5\n   |\n14 | use core::num::Int;\n   |     ^^^^^^^^^^^^^^ no `Int` in `num`\n\nerror[E0432]: unresolved import `core::num::Int`\n --> /home/runner/.cargo/registry/src/index.crates.io-1949cf8c6b5b557f/allocator-0.0.2/src/rustalloc.rs:5:5\n  |\n5 | use core::num::Int;\n  |     ^^^^^^^^^^^^^^ no `Int` in `num`\n\nerror[E0432]: unresolved import `alloc::heap`\n --> /home/runner/.cargo/registry/src/index.crates.io-1949cf8c6b5b557f/allocator-0.0.2/src/rustalloc.rs:7:5\n  |\n7 | use alloc::heap;\n  |     ^^^^^^^^^^^ no `heap` in the root\n\nerror: cannot find attribute `phase` in this scope\n  --> /home/runner/.cargo/registry/src/index.crates.io-1949cf8c6b5b557f/allocator-0.0.2/src/lib.rs:14:3\n   |\n14 | #[phase(plugin)] extern crate checked_cast;\n   |   ^^^^^\n\nerror: cannot find macro `checked_cast` in this scope\n  --> /home/runner/.cargo/registry/src/index.crates.io-1949cf8c6b5b557f/allocator-0.0.2/src/allocator.rs:38:29\n   |\n38 |         let newcount = try!(checked_cast!(newcount, uint));\n   |                             ^^^^^^^^^^^^\n   |\nnote: `checked_cast` is imported here, but it is a crate, not a macro\n  --> /home/runner/.cargo/registry/src/index.crates.io-1949cf8c6b5b557f/allocator-0.0.2/src/lib.rs:14:18\n   |\n14 | #[phase(plugin)] extern crate checked_cast;\n   |                  ^^^^^^^^^^^^^^^^^^^^^^^^^^\nhelp: consider importing this macro\n   |\n 4 + use checked_cast::checked_cast;\n   |\n\nerror: cannot find macro `checked_cast` in this scope\n  --> /home/runner/.cargo/registry/src/index.crates.io-1949cf8c6b5b557f/allocator-0.0.2/src/malloc.rs:21:37\n   |\n21 |         let p: *mut T = malloc(try!(checked_cast!(count, size_t))) as *mut T;\n   |                                     ^^^^^^^^^^^^\n   |\nnote: `checked_cast` is imported here, but it is a crate, not a macro\n  --> /home/runner/.cargo/registry/src/index.crates.io-1949cf8c6b5b557f/allocator-0.0.2/src/lib.rs:14:18\n   |\n14 | #[phase(plugin)] extern crate checked_cast;\n   |                  ^^^^^^^^^^^^^^^^^^^^^^^^^^\nhelp: consider importing this macro\n   |\n 4 + use checked_cast::checked_cast;\n   |\n\nerror: cannot find attribute `unsafe_destructor` in this scope\n  --> /home/runner/.cargo/registry/src/index.crates.io-1949cf8c6b5b557f/allocator-0.0.2/src/arena.rs:55:3\n   |\n55 | #[unsafe_destructor]\n   |   ^^^^^^^^^^^^^^^^^\n\nerror: cannot find attribute `unsafe_destructor` in this scope\n   --> /home/runner/.cargo/registry/src/index.crates.io-1949cf8c6b5b557f/allocator-0.0.2/src/arena.rs:153:3\n    |\n153 | #[unsafe_destructor]\n    |   ^^^^^^^^^^^^^^^^^\n\nerror[E0425]: cannot find type `uint` in this scope\n  --> /home/runner/.cargo/registry/src/index.crates.io-1949cf8c6b5b557f/allocator-0.0.2/src/allocator.rs:14:42\n   |\n14 |     unsafe fn alloc<T>(&mut self, items: uint) -> Option<*mut T>;\n   |                                          ^^^^ not found in this scope\n\nerror[E0425]: cannot find type `uint` in this scope\n  --> /home/runner/.cargo/registry/src/index.crates.io-1949cf8c6b5b557f/allocator-0.0.2/src/allocator.rs:16:43\n   |\n16 |     unsafe fn calloc<T>(&mut self, items: uint) -> Option<*mut T> { #![inline]\n   |                                           ^^^^ not found in this scope\n\nerror[E0425]: cannot find type `uint` in this scope\n  --> /home/runner/.cargo/registry/src/index.crates.io-1949cf8c6b5b557f/allocator-0.0.2/src/allocator.rs:26:64\n   |\n26 |     unsafe fn realloc<T>(&mut self, buf: &mut *mut T, current: uint, exact: uint) -> Option<uint>;\n   |                                                                ^^^^ not found in this scope\n\nerror[E0425]: cannot find type `uint` in this scope\n  --> /home/runner/.cargo/registry/src/index.crates.io-1949cf8c6b5b557f/allocator-0.0.2/src/allocator.rs:26:77\n   |\n26 |     unsafe fn realloc<T>(&mut self, buf: &mut *mut T, current: uint, exact: uint) -> Option<uint>;\n   |                                                                             ^^^^ not found in this scope\n\nerror[E0425]: cannot find type `uint` in this scope\n  --> /home/runner/.cargo/registry/src/index.crates.io-1949cf8c6b5b557f/allocator-0.0.2/src/allocator.rs:26:93\n   |\n26 |     unsafe fn realloc<T>(&mut self, buf: &mut *mut T, current: uint, exact: uint) -> Option<uint>;\n   |                                                                                             ^^^^ not found in this scope\n   |\nhelp: you might be missing a type parameter\n   |\n13 | pub trait Allocator<uint> {\n   |                    ++++++\n\nerror[E0425]: cannot find type `uint` in this scope\n  --> /home/runner/.cargo/registry/src/index.crates.io-1949cf8c6b5b557f/allocator-0.0.2/src/allocator.rs:28:54\n   |\n28 |     unsafe fn free<T>(&mut self, buf: *mut T, items: uint);\n   |                                                      ^^^^ not found in this scope\n\nerror[E0425]: cannot find type `uint` in this scope\n  --> /home/runner/.cargo/registry/src/index.crates.io-1949cf8c6b5b557f/allocator-0.0.2/src/allocator.rs:35:63\n   |\n35 |     unsafe fn ensure<T>(&mut self, buf: &mut *mut T, current: uint, min: uint) -> Option<uint> {\n   |                                                               ^^^^ not found in this scope\n\nerror[E0425]: cannot find type `uint` in this scope\n  --> /home/runner/.cargo/registry/src/index.crates.io-1949cf8c6b5b557f/allocator-0.0.2/src/allocator.rs:35:74\n   |\n35 |     unsafe fn ensure<T>(&mut self, buf: &mut *mut T, current: uint, min: uint) -> Option<uint> {\n   |                                                                          ^^^^ not found in this scope\n\nerror[E0425]: cannot find type `uint` in this scope\n  --> /home/runner/.cargo/registry/src/index.crates.io-1949cf8c6b5b557f/allocator-0.0.2/src/allocator.rs:35:90\n   |\n35 |     unsafe fn ensure<T>(&mut self, buf: &mut *mut T, current: uint, min: uint) -> Option<uint> {\n   |                                                                                          ^^^^ not found in this scope\n   |\nhelp: you might be missing a type parameter\n   |\n13 | pub trait Allocator<uint> {\n   |                    ++++++\n\nerror[E0425]: cannot find type `uint` in this scope\n  --> /home/runner/.cargo/registry/src/index.crates.io-1949cf8c6b5b557f/allocator-0.0.2/src/noop.rs:15:43\n   |\n15 |     unsafe fn alloc<T>(&mut self, _count: uint) -> Option<*mut T> { \n   |                                           ^^^^ not found in this scope\n\nerror[E0425]: cannot find type `uint` in this scope\n  --> /home/runner/.cargo/registry/src/index.crates.io-1949cf8c6b5b557f/allocator-0.0.2/src/noop.rs:19:44\n   |\n19 |     unsafe fn calloc<T>(&mut self, _items: uint) -> Option<*mut T> { \n   |                                            ^^^^ not found in this scope\n\nerror[E0425]: cannot find type `uint` in this scope\n  --> /home/runner/.cargo/registry/src/index.crates.io-1949cf8c6b5b557f/allocator-0.0.2/src/noop.rs:23:65\n   |\n23 |     unsafe fn realloc<T>(&mut self, _buf: &mut *mut T, current: uint, items: uint) -> Option<uint> {\n   |                                                                 ^^^^ not found in this scope\n\nerror[E0425]: cannot find type `uint` in this scope\n  --> /home/runner/.cargo/registry/src/index.crates.io-1949cf8c6b5b557f/allocator-0.0.2/src/noop.rs:23:78\n   |\n23 |     unsafe fn realloc<T>(&mut self, _buf: &mut *mut T, current: uint, items: uint) -> Option<uint> {\n   |                                                                              ^^^^ not found in this scope\n\nerror[E0425]: cannot find type `uint` in this scope\n  --> /home/runner/.cargo/registry/src/index.crates.io-1949cf8c6b5b557f/allocator-0.0.2/src/noop.rs:23:94\n   |\n23 |     unsafe fn realloc<T>(&mut self, _buf: &mut *mut T, current: uint, items: uint) -> Option<uint> {\n   |                                                                                              ^^^^ not found in this scope\n   |\nhelp: you might be missing a type parameter\n   |\n14 | impl<uint> Allocator for NoopAlloc {\n   |     ++++++\n\nerror[E0425]: cannot find type `uint` in this scope\n  --> /home/runner/.cargo/registry/src/index.crates.io-1949cf8c6b5b557f/allocator-0.0.2/src/noop.rs:31:64\n   |\n31 |     unsafe fn ensure<T>(&mut self, _buf: &mut *mut T, current: uint, min: uint) -> Option<uint> {\n   |                                                                ^^^^ not found in this scope\n\nerror[E0425]: cannot find type `uint` in this scope\n  --> /home/runner/.cargo/registry/src/index.crates.io-1949cf8c6b5b557f/allocator-0.0.2/src/noop.rs:31:75\n   |\n31 |     unsafe fn ensure<T>(&mut self, _buf: &mut *mut T, current: uint, min: uint) -> Option<uint> {\n   |                                                                           ^^^^ not found in this scope\n\nerror[E0425]: cannot find type `uint` in this scope\n  --> /home/runner/.cargo/registry/src/index.crates.io-1949cf8c6b5b557f/allocator-0.0.2/src/noop.rs:31:91\n   |\n31 |     unsafe fn ensure<T>(&mut self, _buf: &mut *mut T, current: uint, min: uint) -> Option<uint> {\n   |                                                                                           ^^^^ not found in this scope\n   |\nhelp: you might be missing a type parameter\n   |\n14 | impl<uint> Allocator for NoopAlloc {\n   |     ++++++\n\nerror[E0425]: cannot find type `uint` in this scope\n  --> /home/runner/.cargo/registry/src/index.crates.io-1949cf8c6b5b557f/allocator-0.0.2/src/noop.rs:39:56\n   |\n39 |     unsafe fn free<T>(&mut self, _buf: *mut T, _count: uint) {}\n   |                                                        ^^^^ not found in this scope\n\nerror[E0425]: cannot find type `uint` in this scope\n  --> /home/runner/.cargo/registry/src/index.crates.io-1949cf8c6b5b557f/allocator-0.0.2/src/malloc.rs:17:42\n   |\n17 |     unsafe fn alloc<T>(&mut self, count: uint) -> Option<*mut T> { #![inline]\n   |                                          ^^^^ not found in this scope\n\nerror[E0425]: cannot find type `uint` in this scope\n  --> /home/runner/.cargo/registry/src/index.crates.io-1949cf8c6b5b557f/allocator-0.0.2/src/malloc.rs:26:43\n   |\n26 |     unsafe fn calloc<T>(&mut self, count: uint) -> Option<*mut T> { #![inline]\n   |                                           ^^^^ not found in this scope\n\nerror[E0425]: cannot find type `uint` in this scope\n  --> /home/runner/.cargo/registry/src/index.crates.io-1949cf8c6b5b557f/allocator-0.0.2/src/malloc.rs:32:65\n   |\n32 |     unsafe fn realloc<T>(&mut self, buf: &mut *mut T, _current: uint, count: uint) -> Option<uint> { #![inline]\n   |                                                                 ^^^^ not found in this scope\n\nerror[E0425]: cannot find type `uint` in this scope\n  --> /home/runner/.cargo/registry/src/index.crates.io-1949cf8c6b5b557f/allocator-0.0.2/src/malloc.rs:32:78\n   |\n32 |     unsafe fn realloc<T>(&mut self, buf: &mut *mut T, _current: uint, count: uint) -> Option<uint> { #![inline]\n   |                                                                              ^^^^ not found in this scope\n\nerror[E0425]: cannot find type `uint` in this scope\n  --> /home/runner/.cargo/registry/src/index.crates.io-1949cf8c6b5b557f/allocator-0.0.2/src/malloc.rs:32:94\n   |\n32 |     unsafe fn realloc<T>(&mut self, buf: &mut *mut T, _current: uint, count: uint) -> Option<uint> { #![inline]\n   |                                                                                              ^^^^ not found in this scope\n   |\nhelp: you might be missing a type parameter\n   |\n16 | impl<uint> Allocator for Malloc {\n   |     ++++++\n\nerror[E0425]: cannot find type `uint` in this scope\n  --> /home/runner/.cargo/registry/src/index.crates.io-1949cf8c6b5b557f/allocator-0.0.2/src/malloc.rs:42:56\n   |\n42 |     unsafe fn free<T>(&mut self, _buf: *mut T, _count: uint) { #![inline]\n   |                                                        ^^^^ not found in this scope\n\nerror[E0425]: cannot find type `uint` in this scope\n  --> /home/runner/.cargo/registry/src/index.crates.io-1949cf8c6b5b557f/allocator-0.0.2/src/arena.rs:22:17\n   |\n22 |     chunk_size: uint,\n   |                 ^^^^ not found in this scope\n\nerror[E0425]: cannot find type `uint` in this scope\n  --> /home/runner/.cargo/registry/src/index.crates.io-1949cf8c6b5b557f/allocator-0.0.2/src/arena.rs:23:13\n   |\n23 |     chunks: uint,\n   |             ^^^^ not found in this scope\n\nerror[E0425]: cannot find type `uint` in this scope\n  --> /home/runner/.cargo/registry/src/index.crates.io-1949cf8c6b5b557f/allocator-0.0.2/src/arena.rs:24:17\n   |\n24 |     first_free: uint,\n   |                 ^^^^ not found in this scope\n\nerror[E0425]: cannot find type `uint` in this scope\n  --> /home/runner/.cargo/registry/src/index.crates.io-1949cf8c6b5b557f/allocator-0.0.2/src/arena.rs:31:28\n   |\n31 |     pub fn new(chunk_size: uint) -> Arena { Arena {\n   |                            ^^^^ not found in this scope\n\nerror[E0425]: cannot find type `uint` in this scope\n  --> /home/runner/.cargo/registry/src/index.crates.io-1949cf8c6b5b557f/allocator-0.0.2/src/arena.rs:45:42\n   |\n45 |     fn add_custom_chunk(&mut self, size: uint, align: uint) -> Option<&mut Chunk> { unsafe {\n   |                                          ^^^^ not found in this scope\n\nerror[E0425]: cannot find type `uint` in this scope\n  --> /home/runner/.cargo/registry/src/index.crates.io-1949cf8c6b5b557f/allocator-0.0.2/src/arena.rs:45:55\n   |\n45 |     fn add_custom_chunk(&mut self, size: uint, align: uint) -> Option<&mut Chunk> { unsafe {\n   |                                                       ^^^^ not found in this scope\n\nerror[E0425]: cannot find type `uint` in this scope\n  --> /home/runner/.cargo/registry/src/index.crates.io-1949cf8c6b5b557f/allocator-0.0.2/src/arena.rs:66:42\n   |\n66 |     unsafe fn alloc<T>(&mut self, count: uint) -> Option<*mut T> {\n   |                                          ^^^^ not found in this scope\n\nerror[E0425]: cannot find type `uint` in this scope\n  --> /home/runner/.cargo/registry/src/index.crates.io-1949cf8c6b5b557f/allocator-0.0.2/src/arena.rs:99:65\n   |\n99 |     unsafe fn realloc<T>(&mut self, _buf: &mut *mut T, current: uint, items: uint) -> Option<uint> {\n   |                                                                 ^^^^ not found in this scope\n\nerror[E0425]: cannot find type `uint` in this scope\n  --> /home/runner/.cargo/registry/src/index.crates.io-1949cf8c6b5b557f/allocator-0.0.2/src/arena.rs:99:78\n   |\n99 |     unsafe fn realloc<T>(&mut self, _buf: &mut *mut T, current: uint, items: uint) -> Option<uint> {\n   |                                                                              ^^^^ not found in this scope\n\nerror[E0425]: cannot find type `uint` in this scope\n  --> /home/runner/.cargo/registry/src/index.crates.io-1949cf8c6b5b557f/allocator-0.0.2/src/arena.rs:99:94\n   |\n99 |     unsafe fn realloc<T>(&mut self, _buf: &mut *mut T, current: uint, items: uint) -> Option<uint> {\n   |                                                                                              ^^^^ not found in this scope\n   |\nhelp: you might be missing a type parameter\n   |\n65 | impl<uint> Allocator for Arena {\n   |     ++++++\n\nerror[E0425]: cannot find type `uint` in this scope\n   --> /home/runner/.cargo/registry/src/index.crates.io-1949cf8c6b5b557f/allocator-0.0.2/src/arena.rs:107:64\n    |\n107 |     unsafe fn ensure<T>(&mut self, _buf: &mut *mut T, current: uint, min: uint) -> Option<uint> {\n    |                                                                ^^^^ not found in this scope\n\nerror[E0425]: cannot find type `uint` in this scope\n   --> /home/runner/.cargo/registry/src/index.crates.io-1949cf8c6b5b557f/allocator-0.0.2/src/arena.rs:107:75\n    |\n107 |     unsafe fn ensure<T>(&mut self, _buf: &mut *mut T, current: uint, min: uint) -> Option<uint> {\n    |                                                                           ^^^^ not found in this scope\n\nerror[E0425]: cannot find type `uint` in this scope\n   --> /home/runner/.cargo/registry/src/index.crates.io-1949cf8c6b5b557f/allocator-0.0.2/src/arena.rs:107:91\n    |\n107 |     unsafe fn ensure<T>(&mut self, _buf: &mut *mut T, current: uint, min: uint) -> Option<uint> {\n    |                                                                                           ^^^^ not found in this scope\n    |\nhelp: you might be missing a type parameter\n    |\n 65 | impl<uint> Allocator for Arena {\n    |     ++++++\n\nerror[E0425]: cannot find type `uint` in this scope\n   --> /home/runner/.cargo/registry/src/index.crates.io-1949cf8c6b5b557f/allocator-0.0.2/src/arena.rs:115:56\n    |\n115 |     unsafe fn free<T>(&mut self, _buf: *mut T, _count: uint) {\n    |                                                        ^^^^ not found in this scope\n\nerror[E0425]: cannot find type `uint` in this scope\n   --> /home/runner/.cargo/registry/src/index.crates.io-1949cf8c6b5b557f/allocator-0.0.2/src/arena.rs:124:10\n    |\n124 |     cap: uint,\n    |          ^^^^ not found in this scope\n\nerror[E0425]: cannot find type `uint` in this scope\n   --> /home/runner/.cargo/registry/src/index.crates.io-1949cf8c6b5b557f/allocator-0.0.2/src/arena.rs:125:10\n    |\n125 |     end: uint,\n    |          ^^^^ not found in this scope\n\nerror[E0425]: cannot find type `uint` in this scope\n   --> /home/runner/.cargo/registry/src/index.crates.io-1949cf8c6b5b557f/allocator-0.0.2/src/arena.rs:132:34\n    |\n132 |     fn fill(c: *mut Chunk, size: uint) -> Option<()> { #![inline] unsafe {\n    |                                  ^^^^ not found in this scope\n\nerror[E0425]: cannot find type `uint` in this scope\n   --> /home/runner/.cargo/registry/src/index.crates.io-1949cf8c6b5b557f/allocator-0.0.2/src/arena.rs:140:31\n    |\n140 |     fn alloc(&mut self, size: uint, align: uint) -> Option<*mut u8> { #![inline] unsafe {\n    |                               ^^^^ not found in this scope\n\nerror[E0425]: cannot find type `uint` in this scope\n   --> /home/runner/.cargo/registry/src/index.crates.io-1949cf8c6b5b557f/allocator-0.0.2/src/arena.rs:140:44\n    |\n140 |     fn alloc(&mut self, size: uint, align: uint) -> Option<*mut u8> { #![inline] unsafe {\n    |                                            ^^^^ not found in this scope\n\nerror[E0425]: cannot find type `uint` in this scope\n  --> /home/runner/.cargo/registry/src/index.crates.io-1949cf8c6b5b557f/allocator-0.0.2/src/rustalloc.rs:14:42\n   |\n14 |     unsafe fn alloc<T>(&mut self, items: uint) -> Option<*mut T> { #![inline]\n   |                                          ^^^^ not found in this scope\n\nerror[E0425]: cannot find type `uint` in this scope\n  --> /home/runner/.cargo/registry/src/index.crates.io-1949cf8c6b5b557f/allocator-0.0.2/src/rustalloc.rs:23:64\n   |\n23 |     unsafe fn realloc<T>(&mut self, buf: &mut *mut T, current: uint, exact: uint) -> Option<uint> { #![inline]\n   |                                                                ^^^^ not found in this scope\n\nerror[E0425]: cannot find type `uint` in this scope\n  --> /home/runner/.cargo/registry/src/index.crates.io-1949cf8c6b5b557f/allocator-0.0.2/src/rustalloc.rs:23:77\n   |\n23 |     unsafe fn realloc<T>(&mut self, buf: &mut *mut T, current: uint, exact: uint) -> Option<uint> { #![inline]\n   |                                                                             ^^^^ not found in this scope\n\nerror[E0425]: cannot find type `uint` in this scope\n  --> /home/runner/.cargo/registry/src/index.crates.io-1949cf8c6b5b557f/allocator-0.0.2/src/rustalloc.rs:23:93\n   |\n23 |     unsafe fn realloc<T>(&mut self, buf: &mut *mut T, current: uint, exact: uint) -> Option<uint> { #![inline]\n   |                                                                                             ^^^^ not found in this scope\n   |\nhelp: you might be missing a type parameter\n   |\n13 | impl<uint> Allocator for RustAlloc {\n   |     ++++++\n\nerror[E0425]: cannot find type `uint` in this scope\n  --> /home/runner/.cargo/registry/src/index.crates.io-1949cf8c6b5b557f/allocator-0.0.2/src/rustalloc.rs:35:54\n   |\n35 |     unsafe fn free<T>(&mut self, buf: *mut T, items: uint) { #![inline]\n   |                                                      ^^^^ not found in this scope\n\nerror[E0308]: mismatched types\n  --> /home/runner/.cargo/registry/src/index.crates.io-1949cf8c6b5b557f/allocator-0.0.2/src/allocator.rs:53:21\n   |\n53 | static SIZES: [u64, ..58] = [\n   |                     ^^^^ expected `usize`, found `RangeTo<{integer}>`\n   |\n   = note: expected type `usize`\n            found struct `core::ops::RangeTo<{integer}>`\n\nerror[E0184]: the trait `Copy` cannot be implemented for this type; the type has a destructor\n   --> /home/runner/.cargo/registry/src/index.crates.io-1949cf8c6b5b557f/allocator-0.0.2/src/arena.rs:129:15\n    |\n129 | impl Copy for Chunk {}\n    |               ^^^^^ `Copy` not allowed on types with destructors\n\nSome errors have detailed explanations: E0184, E0259, E0308, E0425, E0432.\nFor more information about an error, try `rustc --explain E0184`.\nerror: could not document `allocator`\n\n-----\n\nerror: failed to build rustdoc for crate allocator v0.0.2\nnote: this is usually due to a compilation error in the crate,\n      and is unlikely to be a bug in cargo-semver-checks\nnote: the following command can be used to reproduce the error:\n      cargo new --lib example &&\n          cd example &&\n          echo '[workspace]' >> Cargo.toml &&\n          cargo add allocator@=0.0.2 --features default,libc,std &&\n          cargo check --target x86_64-unknown-linux-gnu &&\n          cargo doc --target x86_64-unknown-linux-gnu\n\nerror: aborting due to failure to build rustdoc for crate allocator v0.0.2\n"
            ]
          }
        },
        {
          "file": "tests/allocator.rs",
          "features": "",
          "count": 1,
          "kinds": {
            "Mirai": [
              "error: extern location for allocator does not exist: /mnt/check/batch_2/arceos-org/allocator/target/x86_64-unknown-linux-gnu/debug/deps/liballocator-4e5be147097096c3.rlib\n --> tests/allocator.rs:8:5\n  |\n8 | use allocator::{AllocatorRc, BuddyByteAllocator, SlabByteAllocator, TlsfByteAllocator};\n  |     ^^^^^^^^^\n\n"
            ]
          }
        }
      ]
    }
  ],
  "kinds_order": [
    "Cargo",
    "Clippy(Error)",
    "Clippy(Warn)",
    "Semver Violation",
    "Audit",
    "Mirai",
    "Rapx",
    "Rudra",
    "Lockbud(Probably)",
    "Lockbud(Possibly)",
    "Atomvchecker",
    "Outdated",
    "Geiger",
    "Unused Deps",
    "Unformatted"
  ]
}