{"repo":{"user":"arceos-org","repo":"cap_access"},"data":[{"user":"arceos-org","repo":"cap_access","pkg":"cap_access","count":9,"raw_reports":[{"file":"(virtual) rap","count":3,"kinds":{"Cargo":["// pkg_name=cap_access, checker=Rap\n// toolchain=nightly-2024-12-25-x86_64-unknown-linux-gnu, target=x86_64-unknown-none\n// pkg_dir=/home/runner/check/batch_6/arceos-org/cap_access\n// cmd=cargo +nightly-2024-10-12 rap -F -M -- --target x86_64-unknown-none\n// timestamp=2024-12-27 8:51:02.194990767 +08:00:00\n    Checking bitflags v2.6.0\nerror[E0463]: can't find crate for `core`\n  |\n  = note: the `x86_64-unknown-none` target may not be installed\n  = help: consider downloading the target with `rustup target add x86_64-unknown-none`\n  = help: consider building the standard library from source with `cargo build -Zbuild-std`\n\nFor more information about this error, try `rustc --explain E0463`.\nerror: could not compile `bitflags` (lib) due to 1 previous error\n00:51:02|RAP|ERROR|: Finished with non-zero exit code.\n","// pkg_name=cap_access, checker=Rap\n// toolchain=nightly-2024-12-25-x86_64-unknown-linux-gnu, target=aarch64-unknown-none\n// pkg_dir=/home/runner/check/batch_6/arceos-org/cap_access\n// cmd=cargo +nightly-2024-10-12 rap -F -M -- --target aarch64-unknown-none\n// timestamp=2024-12-27 8:51:02.982825619 +08:00:00\n    Checking bitflags v2.6.0\nerror[E0463]: can't find crate for `core`\n  |\n  = note: the `aarch64-unknown-none` target may not be installed\n  = help: consider downloading the target with `rustup target add aarch64-unknown-none`\n  = help: consider building the standard library from source with `cargo build -Zbuild-std`\n\nFor more information about this error, try `rustc --explain E0463`.\nerror: could not compile `bitflags` (lib) due to 1 previous error\n00:51:03|RAP|ERROR|: Finished with non-zero exit code.\n","// pkg_name=cap_access, checker=Rap\n// toolchain=nightly-2024-12-25-x86_64-unknown-linux-gnu, target=riscv64gc-unknown-none-elf\n// pkg_dir=/home/runner/check/batch_6/arceos-org/cap_access\n// cmd=cargo +nightly-2024-10-12 rap -F -M -- --target riscv64gc-unknown-none-elf\n// timestamp=2024-12-27 8:51:02.588262293 +08:00:00\n    Checking bitflags v2.6.0\nerror[E0463]: can't find crate for `core`\n  |\n  = note: the `riscv64gc-unknown-none-elf` target may not be installed\n  = help: consider downloading the target with `rustup target add riscv64gc-unknown-none-elf`\n  = help: consider building the standard library from source with `cargo build -Zbuild-std`\n\nFor more information about this error, try `rustc --explain E0463`.\nerror: could not compile `bitflags` (lib) due to 1 previous error\n00:51:02|RAP|ERROR|: Finished with non-zero exit code.\n"]}},{"file":"(virtual) semver-checks","count":3,"kinds":{"Cargo":["// pkg_name=cap_access, checker=SemverChecks\n// toolchain=nightly-2024-12-25-x86_64-unknown-linux-gnu, target=x86_64-unknown-none\n// pkg_dir=/home/runner/check/batch_6/arceos-org/cap_access\n// cmd=cargo +nightly-2024-12-25-x86_64-unknown-linux-gnu semver-checks --target x86_64-unknown-none\n// timestamp=2024-12-27 8:50:59.043689416 +08:00:00\n    Building cap_access v0.1.0 (current)\nerror: running cargo-doc on crate 'cap_access' failed with output:\n-----\nerror: output of --print=file-names missing when learning about target-specific information from rustc\ncommand was: `/home/runner/.rustup/toolchains/nightly-2024-12-25-x86_64-unknown-linux-gnu/bin/rustc - --crate-name ___ --print=file-names --cap-lints=allow --target x86_64-unknown-none --crate-type bin --crate-type rlib --crate-type dylib --crate-type cdylib --crate-type staticlib --crate-type proc-macro --print=sysroot --print=split-debuginfo --print=crate-name --print=cfg`\n\n--- stdout\n___\nlib___.rlib\nlib___.a\n/home/runner/.rustup/toolchains/nightly-2024-12-25-x86_64-unknown-linux-gnu\noff\n___\ndebug_assertions\nfmt_debug=\"full\"\noverflow_checks\npanic=\"abort\"\nproc_macro\nrelocation_model=\"pic\"\ntarget_abi=\"\"\ntarget_arch=\"x86_64\"\ntarget_endian=\"little\"\ntarget_env=\"\"\ntarget_feature=\"fxsr\"\ntarget_feature=\"x87\"\ntarget_has_atomic\ntarget_has_atomic=\"16\"\ntarget_has_atomic=\"32\"\ntarget_has_atomic=\"64\"\ntarget_has_atomic=\"8\"\ntarget_has_atomic=\"ptr\"\ntarget_has_atomic_equal_alignment=\"16\"\ntarget_has_atomic_equal_alignment=\"32\"\ntarget_has_atomic_equal_alignment=\"64\"\ntarget_has_atomic_equal_alignment=\"8\"\ntarget_has_atomic_equal_alignment=\"ptr\"\ntarget_has_atomic_load_store\ntarget_has_atomic_load_store=\"16\"\ntarget_has_atomic_load_store=\"32\"\ntarget_has_atomic_load_store=\"64\"\ntarget_has_atomic_load_store=\"8\"\ntarget_has_atomic_load_store=\"ptr\"\ntarget_os=\"none\"\ntarget_pointer_width=\"64\"\ntarget_vendor=\"unknown\"\nub_checks\n\n\n-----\n\nerror: failed to build rustdoc for crate cap_access v0.1.0\nnote: this is usually due to a compilation error in the crate,\n      and is unlikely to be a bug in cargo-semver-checks\nnote: the following command can be used to reproduce the compilation error:\n      cargo new --lib example &&\n          cd example &&\n          echo '[workspace]' >> Cargo.toml &&\n          cargo add --path /home/runner/check/batch_6/arceos-org/cap_access &&\n          cargo check\n\nerror: aborting due to failure to build rustdoc for crate cap_access v0.1.0\n","// pkg_name=cap_access, checker=SemverChecks\n// toolchain=nightly-2024-12-25-x86_64-unknown-linux-gnu, target=aarch64-unknown-none\n// pkg_dir=/home/runner/check/batch_6/arceos-org/cap_access\n// cmd=cargo +nightly-2024-12-25-x86_64-unknown-linux-gnu semver-checks --target aarch64-unknown-none\n// timestamp=2024-12-27 8:50:59.546552709 +08:00:00\n    Building cap_access v0.1.0 (current)\nerror: running cargo-doc on crate 'cap_access' failed with output:\n-----\nerror: output of --print=file-names missing when learning about target-specific information from rustc\ncommand was: `/home/runner/.rustup/toolchains/nightly-2024-12-25-x86_64-unknown-linux-gnu/bin/rustc - --crate-name ___ --print=file-names --cap-lints=allow --target aarch64-unknown-none --crate-type bin --crate-type rlib --crate-type dylib --crate-type cdylib --crate-type staticlib --crate-type proc-macro --print=sysroot --print=split-debuginfo --print=crate-name --print=cfg`\n\n--- stdout\n___\nlib___.rlib\nlib___.a\n/home/runner/.rustup/toolchains/nightly-2024-12-25-x86_64-unknown-linux-gnu\noff\n___\ndebug_assertions\nfmt_debug=\"full\"\noverflow_checks\npanic=\"abort\"\nproc_macro\nrelocation_model=\"static\"\ntarget_abi=\"\"\ntarget_arch=\"aarch64\"\ntarget_endian=\"little\"\ntarget_env=\"\"\ntarget_feature=\"neon\"\ntarget_has_atomic\ntarget_has_atomic=\"128\"\ntarget_has_atomic=\"16\"\ntarget_has_atomic=\"32\"\ntarget_has_atomic=\"64\"\ntarget_has_atomic=\"8\"\ntarget_has_atomic=\"ptr\"\ntarget_has_atomic_equal_alignment=\"128\"\ntarget_has_atomic_equal_alignment=\"16\"\ntarget_has_atomic_equal_alignment=\"32\"\ntarget_has_atomic_equal_alignment=\"64\"\ntarget_has_atomic_equal_alignment=\"8\"\ntarget_has_atomic_equal_alignment=\"ptr\"\ntarget_has_atomic_load_store\ntarget_has_atomic_load_store=\"128\"\ntarget_has_atomic_load_store=\"16\"\ntarget_has_atomic_load_store=\"32\"\ntarget_has_atomic_load_store=\"64\"\ntarget_has_atomic_load_store=\"8\"\ntarget_has_atomic_load_store=\"ptr\"\ntarget_os=\"none\"\ntarget_pointer_width=\"64\"\ntarget_vendor=\"unknown\"\nub_checks\n\n\n-----\n\nerror: failed to build rustdoc for crate cap_access v0.1.0\nnote: this is usually due to a compilation error in the crate,\n      and is unlikely to be a bug in cargo-semver-checks\nnote: the following command can be used to reproduce the compilation error:\n      cargo new --lib example &&\n          cd example &&\n          echo '[workspace]' >> Cargo.toml &&\n          cargo add --path /home/runner/check/batch_6/arceos-org/cap_access &&\n          cargo check\n\nerror: aborting due to failure to build rustdoc for crate cap_access v0.1.0\n","// pkg_name=cap_access, checker=SemverChecks\n// toolchain=nightly-2024-12-25-x86_64-unknown-linux-gnu, target=riscv64gc-unknown-none-elf\n// pkg_dir=/home/runner/check/batch_6/arceos-org/cap_access\n// cmd=cargo +nightly-2024-12-25-x86_64-unknown-linux-gnu semver-checks --target riscv64gc-unknown-none-elf\n// timestamp=2024-12-27 8:50:59.299147862 +08:00:00\n    Building cap_access v0.1.0 (current)\nerror: running cargo-doc on crate 'cap_access' failed with output:\n-----\nerror: output of --print=file-names missing when learning about target-specific information from rustc\ncommand was: `/home/runner/.rustup/toolchains/nightly-2024-12-25-x86_64-unknown-linux-gnu/bin/rustc - --crate-name ___ --print=file-names --cap-lints=allow --target riscv64gc-unknown-none-elf --crate-type bin --crate-type rlib --crate-type dylib --crate-type cdylib --crate-type staticlib --crate-type proc-macro --print=sysroot --print=split-debuginfo --print=crate-name --print=cfg`\n\n--- stdout\n___\nlib___.rlib\nlib___.a\n/home/runner/.rustup/toolchains/nightly-2024-12-25-x86_64-unknown-linux-gnu\noff\n___\ndebug_assertions\nfmt_debug=\"full\"\noverflow_checks\npanic=\"abort\"\nproc_macro\nrelocation_model=\"static\"\ntarget_abi=\"\"\ntarget_arch=\"riscv64\"\ntarget_endian=\"little\"\ntarget_env=\"\"\ntarget_feature=\"a\"\ntarget_feature=\"c\"\ntarget_feature=\"d\"\ntarget_feature=\"f\"\ntarget_feature=\"m\"\ntarget_has_atomic\ntarget_has_atomic=\"16\"\ntarget_has_atomic=\"32\"\ntarget_has_atomic=\"64\"\ntarget_has_atomic=\"8\"\ntarget_has_atomic=\"ptr\"\ntarget_has_atomic_equal_alignment=\"16\"\ntarget_has_atomic_equal_alignment=\"32\"\ntarget_has_atomic_equal_alignment=\"64\"\ntarget_has_atomic_equal_alignment=\"8\"\ntarget_has_atomic_equal_alignment=\"ptr\"\ntarget_has_atomic_load_store\ntarget_has_atomic_load_store=\"16\"\ntarget_has_atomic_load_store=\"32\"\ntarget_has_atomic_load_store=\"64\"\ntarget_has_atomic_load_store=\"8\"\ntarget_has_atomic_load_store=\"ptr\"\ntarget_os=\"none\"\ntarget_pointer_width=\"64\"\ntarget_vendor=\"unknown\"\nub_checks\n\n\n-----\n\nerror: failed to build rustdoc for crate cap_access v0.1.0\nnote: this is usually due to a compilation error in the crate,\n      and is unlikely to be a bug in cargo-semver-checks\nnote: the following command can be used to reproduce the compilation error:\n      cargo new --lib example &&\n          cd example &&\n          echo '[workspace]' >> Cargo.toml &&\n          cargo add --path /home/runner/check/batch_6/arceos-org/cap_access &&\n          cargo check\n\nerror: aborting due to failure to build rustdoc for crate cap_access v0.1.0\n"]}},{"file":"[semver checks]","count":3,"kinds":{"Semver Violation":["pkg=cap_access, checker=SemverChecks\ntoolchain=nightly-2024-12-25-x86_64-unknown-linux-gnu, target=aarch64-unknown-none\npkg_dir=/home/runner/check/batch_6/arceos-org/cap_access\ncmd=cargo +nightly-2024-12-25-x86_64-unknown-linux-gnu semver-checks --target aarch64-unknown-none\n\n\nstdout:\n\nstderr:\n    Building cap_access v0.1.0 (current)\nerror: running cargo-doc on crate 'cap_access' failed with output:\n-----\nerror: output of --print=file-names missing when learning about target-specific information from rustc\ncommand was: `/home/runner/.rustup/toolchains/nightly-2024-12-25-x86_64-unknown-linux-gnu/bin/rustc - --crate-name ___ --print=file-names --cap-lints=allow --target aarch64-unknown-none --crate-type bin --crate-type rlib --crate-type dylib --crate-type cdylib --crate-type staticlib --crate-type proc-macro --print=sysroot --print=split-debuginfo --print=crate-name --print=cfg`\n\n--- stdout\n___\nlib___.rlib\nlib___.a\n/home/runner/.rustup/toolchains/nightly-2024-12-25-x86_64-unknown-linux-gnu\noff\n___\ndebug_assertions\nfmt_debug=\"full\"\noverflow_checks\npanic=\"abort\"\nproc_macro\nrelocation_model=\"static\"\ntarget_abi=\"\"\ntarget_arch=\"aarch64\"\ntarget_endian=\"little\"\ntarget_env=\"\"\ntarget_feature=\"neon\"\ntarget_has_atomic\ntarget_has_atomic=\"128\"\ntarget_has_atomic=\"16\"\ntarget_has_atomic=\"32\"\ntarget_has_atomic=\"64\"\ntarget_has_atomic=\"8\"\ntarget_has_atomic=\"ptr\"\ntarget_has_atomic_equal_alignment=\"128\"\ntarget_has_atomic_equal_alignment=\"16\"\ntarget_has_atomic_equal_alignment=\"32\"\ntarget_has_atomic_equal_alignment=\"64\"\ntarget_has_atomic_equal_alignment=\"8\"\ntarget_has_atomic_equal_alignment=\"ptr\"\ntarget_has_atomic_load_store\ntarget_has_atomic_load_store=\"128\"\ntarget_has_atomic_load_store=\"16\"\ntarget_has_atomic_load_store=\"32\"\ntarget_has_atomic_load_store=\"64\"\ntarget_has_atomic_load_store=\"8\"\ntarget_has_atomic_load_store=\"ptr\"\ntarget_os=\"none\"\ntarget_pointer_width=\"64\"\ntarget_vendor=\"unknown\"\nub_checks\n\n\n-----\n\nerror: failed to build rustdoc for crate cap_access v0.1.0\nnote: this is usually due to a compilation error in the crate,\n      and is unlikely to be a bug in cargo-semver-checks\nnote: the following command can be used to reproduce the compilation error:\n      cargo new --lib example &&\n          cd example &&\n          echo '[workspace]' >> Cargo.toml &&\n          cargo add --path /home/runner/check/batch_6/arceos-org/cap_access &&\n          cargo check\n\nerror: aborting due to failure to build rustdoc for crate cap_access v0.1.0\n","pkg=cap_access, checker=SemverChecks\ntoolchain=nightly-2024-12-25-x86_64-unknown-linux-gnu, target=x86_64-unknown-none\npkg_dir=/home/runner/check/batch_6/arceos-org/cap_access\ncmd=cargo +nightly-2024-12-25-x86_64-unknown-linux-gnu semver-checks --target x86_64-unknown-none\n\n\nstdout:\n\nstderr:\n    Building cap_access v0.1.0 (current)\nerror: running cargo-doc on crate 'cap_access' failed with output:\n-----\nerror: output of --print=file-names missing when learning about target-specific information from rustc\ncommand was: `/home/runner/.rustup/toolchains/nightly-2024-12-25-x86_64-unknown-linux-gnu/bin/rustc - --crate-name ___ --print=file-names --cap-lints=allow --target x86_64-unknown-none --crate-type bin --crate-type rlib --crate-type dylib --crate-type cdylib --crate-type staticlib --crate-type proc-macro --print=sysroot --print=split-debuginfo --print=crate-name --print=cfg`\n\n--- stdout\n___\nlib___.rlib\nlib___.a\n/home/runner/.rustup/toolchains/nightly-2024-12-25-x86_64-unknown-linux-gnu\noff\n___\ndebug_assertions\nfmt_debug=\"full\"\noverflow_checks\npanic=\"abort\"\nproc_macro\nrelocation_model=\"pic\"\ntarget_abi=\"\"\ntarget_arch=\"x86_64\"\ntarget_endian=\"little\"\ntarget_env=\"\"\ntarget_feature=\"fxsr\"\ntarget_feature=\"x87\"\ntarget_has_atomic\ntarget_has_atomic=\"16\"\ntarget_has_atomic=\"32\"\ntarget_has_atomic=\"64\"\ntarget_has_atomic=\"8\"\ntarget_has_atomic=\"ptr\"\ntarget_has_atomic_equal_alignment=\"16\"\ntarget_has_atomic_equal_alignment=\"32\"\ntarget_has_atomic_equal_alignment=\"64\"\ntarget_has_atomic_equal_alignment=\"8\"\ntarget_has_atomic_equal_alignment=\"ptr\"\ntarget_has_atomic_load_store\ntarget_has_atomic_load_store=\"16\"\ntarget_has_atomic_load_store=\"32\"\ntarget_has_atomic_load_store=\"64\"\ntarget_has_atomic_load_store=\"8\"\ntarget_has_atomic_load_store=\"ptr\"\ntarget_os=\"none\"\ntarget_pointer_width=\"64\"\ntarget_vendor=\"unknown\"\nub_checks\n\n\n-----\n\nerror: failed to build rustdoc for crate cap_access v0.1.0\nnote: this is usually due to a compilation error in the crate,\n      and is unlikely to be a bug in cargo-semver-checks\nnote: the following command can be used to reproduce the compilation error:\n      cargo new --lib example &&\n          cd example &&\n          echo '[workspace]' >> Cargo.toml &&\n          cargo add --path /home/runner/check/batch_6/arceos-org/cap_access &&\n          cargo check\n\nerror: aborting due to failure to build rustdoc for crate cap_access v0.1.0\n","pkg=cap_access, checker=SemverChecks\ntoolchain=nightly-2024-12-25-x86_64-unknown-linux-gnu, target=riscv64gc-unknown-none-elf\npkg_dir=/home/runner/check/batch_6/arceos-org/cap_access\ncmd=cargo +nightly-2024-12-25-x86_64-unknown-linux-gnu semver-checks --target riscv64gc-unknown-none-elf\n\n\nstdout:\n\nstderr:\n    Building cap_access v0.1.0 (current)\nerror: running cargo-doc on crate 'cap_access' failed with output:\n-----\nerror: output of --print=file-names missing when learning about target-specific information from rustc\ncommand was: `/home/runner/.rustup/toolchains/nightly-2024-12-25-x86_64-unknown-linux-gnu/bin/rustc - --crate-name ___ --print=file-names --cap-lints=allow --target riscv64gc-unknown-none-elf --crate-type bin --crate-type rlib --crate-type dylib --crate-type cdylib --crate-type staticlib --crate-type proc-macro --print=sysroot --print=split-debuginfo --print=crate-name --print=cfg`\n\n--- stdout\n___\nlib___.rlib\nlib___.a\n/home/runner/.rustup/toolchains/nightly-2024-12-25-x86_64-unknown-linux-gnu\noff\n___\ndebug_assertions\nfmt_debug=\"full\"\noverflow_checks\npanic=\"abort\"\nproc_macro\nrelocation_model=\"static\"\ntarget_abi=\"\"\ntarget_arch=\"riscv64\"\ntarget_endian=\"little\"\ntarget_env=\"\"\ntarget_feature=\"a\"\ntarget_feature=\"c\"\ntarget_feature=\"d\"\ntarget_feature=\"f\"\ntarget_feature=\"m\"\ntarget_has_atomic\ntarget_has_atomic=\"16\"\ntarget_has_atomic=\"32\"\ntarget_has_atomic=\"64\"\ntarget_has_atomic=\"8\"\ntarget_has_atomic=\"ptr\"\ntarget_has_atomic_equal_alignment=\"16\"\ntarget_has_atomic_equal_alignment=\"32\"\ntarget_has_atomic_equal_alignment=\"64\"\ntarget_has_atomic_equal_alignment=\"8\"\ntarget_has_atomic_equal_alignment=\"ptr\"\ntarget_has_atomic_load_store\ntarget_has_atomic_load_store=\"16\"\ntarget_has_atomic_load_store=\"32\"\ntarget_has_atomic_load_store=\"64\"\ntarget_has_atomic_load_store=\"8\"\ntarget_has_atomic_load_store=\"ptr\"\ntarget_os=\"none\"\ntarget_pointer_width=\"64\"\ntarget_vendor=\"unknown\"\nub_checks\n\n\n-----\n\nerror: failed to build rustdoc for crate cap_access v0.1.0\nnote: this is usually due to a compilation error in the crate,\n      and is unlikely to be a bug in cargo-semver-checks\nnote: the following command can be used to reproduce the compilation error:\n      cargo new --lib example &&\n          cd example &&\n          echo '[workspace]' >> Cargo.toml &&\n          cargo add --path /home/runner/check/batch_6/arceos-org/cap_access &&\n          cargo check\n\nerror: aborting due to failure to build rustdoc for crate cap_access v0.1.0\n"]}}]}],"kinds_order":["Cargo","Clippy(Error)","Clippy(Warn)","Semver Violation","Audit","Mirai","Rap","Rudra","Lockbud(Probably)","Lockbud(Possibly)","Outdated","Geiger","Unformatted"]}