{"repo":{"user":"qclic","repo":"fdt-parser"},"data":[{"user":"qclic","repo":"fdt-parser","pkg":"dtb-tool","count":192,"raw_reports":[{"file":"/home/runner/.cargo/registry/src/index.crates.io-6f17d22bba15001f/anstyle-1.0.9/src/color.rs","count":67,"kinds":{"Clippy(Error)":["error: cannot find attribute `derive` in this scope\n --> /home/runner/.cargo/registry/src/index.crates.io-6f17d22bba15001f/anstyle-1.0.9/src/color.rs:3:3\n  |\n3 | #[derive(Copy, Clone, Debug, PartialEq, Eq, PartialOrd, Ord, Hash)]\n  |   ^^^^^^\n  |\nhelp: consider importing this attribute macro\n  |\n1 + use core::prelude::rust_2024::derive;\n  |\n\n","error: cannot find attribute `derive` in this scope\n   --> /home/runner/.cargo/registry/src/index.crates.io-6f17d22bba15001f/anstyle-1.0.9/src/color.rs:136:3\n    |\n136 | #[derive(Copy, Clone, Debug, PartialEq, Eq, PartialOrd, Ord, Hash)]\n    |   ^^^^^^\n    |\nhelp: consider importing this attribute macro\n    |\n1   + use core::prelude::rust_2024::derive;\n    |\n\n","error: cannot find attribute `derive` in this scope\n   --> /home/runner/.cargo/registry/src/index.crates.io-6f17d22bba15001f/anstyle-1.0.9/src/color.rs:350:3\n    |\n350 | #[derive(Copy, Clone, Debug, PartialEq, Eq, PartialOrd, Ord, Hash)]\n    |   ^^^^^^\n    |\nhelp: consider importing this attribute macro\n    |\n1   + use core::prelude::rust_2024::derive;\n    |\n\n","error: cannot find attribute `derive` in this scope\n   --> /home/runner/.cargo/registry/src/index.crates.io-6f17d22bba15001f/anstyle-1.0.9/src/color.rs:475:3\n    |\n475 | #[derive(Copy, Clone, Debug, PartialEq, Eq, PartialOrd, Ord, Hash)]\n    |   ^^^^^^\n    |\nhelp: consider importing this attribute macro\n    |\n1   + use core::prelude::rust_2024::derive;\n    |\n\n","error: cannot find attribute `derive` in this scope\n   --> /home/runner/.cargo/registry/src/index.crates.io-6f17d22bba15001f/anstyle-1.0.9/src/color.rs:570:3\n    |\n570 | #[derive(Copy, Clone, Default, Debug)]\n    |   ^^^^^^\n    |\nhelp: consider importing this attribute macro\n    |\n1   + use core::prelude::rust_2024::derive;\n    |\n\n","error: cannot find macro `write` in this scope\n   --> /home/runner/.cargo/registry/src/index.crates.io-6f17d22bba15001f/anstyle-1.0.9/src/color.rs:631:9\n    |\n631 |         write!(f, \"{s}\")\n    |         ^^^^^\n    |\nhelp: consider importing this macro\n    |\n1   + use core::write;\n    |\n\n","error: cannot find attribute `derive` in this scope\n   --> /home/runner/.cargo/registry/src/index.crates.io-6f17d22bba15001f/anstyle-1.0.9/src/color.rs:635:3\n    |\n635 | #[derive(Copy, Clone, Default, Debug)]\n    |   ^^^^^^\n    |\nhelp: consider importing this attribute macro\n    |\n1   + use core::prelude::rust_2024::derive;\n    |\n\n","error: cannot find macro `write` in this scope\n   --> /home/runner/.cargo/registry/src/index.crates.io-6f17d22bba15001f/anstyle-1.0.9/src/color.rs:642:9\n    |\n642 |         write!(f, \"{d}\")\n    |         ^^^^^\n    |\nhelp: consider importing this macro\n    |\n1   + use core::write;\n    |\n\n","error[E0463]: can't find crate for `std`\n  --> /home/runner/.cargo/registry/src/index.crates.io-6f17d22bba15001f/anstyle-1.0.9/src/color.rs:46:53\n   |\n46 |     pub(crate) fn write_fg_to(self, write: &mut dyn std::io::Write) -> std::io::Result<()> {\n   |                                                     ^^^ can't find crate\n   |\n   = note: the `x86_64-unknown-none` target may not support the standard library\n   = help: consider building the standard library from source with `cargo build -Zbuild-std`\n\n","error[E0463]: can't find crate for `std`\n  --> /home/runner/.cargo/registry/src/index.crates.io-6f17d22bba15001f/anstyle-1.0.9/src/color.rs:46:72\n   |\n46 |     pub(crate) fn write_fg_to(self, write: &mut dyn std::io::Write) -> std::io::Result<()> {\n   |                                                                        ^^^ can't find crate\n   |\n   = note: the `x86_64-unknown-none` target may not support the standard library\n   = help: consider building the standard library from source with `cargo build -Zbuild-std`\n\n","error[E0463]: can't find crate for `std`\n  --> /home/runner/.cargo/registry/src/index.crates.io-6f17d22bba15001f/anstyle-1.0.9/src/color.rs:67:53\n   |\n67 |     pub(crate) fn write_bg_to(self, write: &mut dyn std::io::Write) -> std::io::Result<()> {\n   |                                                     ^^^ can't find crate\n   |\n   = note: the `x86_64-unknown-none` target may not support the standard library\n   = help: consider building the standard library from source with `cargo build -Zbuild-std`\n\n","error[E0463]: can't find crate for `std`\n  --> /home/runner/.cargo/registry/src/index.crates.io-6f17d22bba15001f/anstyle-1.0.9/src/color.rs:67:72\n   |\n67 |     pub(crate) fn write_bg_to(self, write: &mut dyn std::io::Write) -> std::io::Result<()> {\n   |                                                                        ^^^ can't find crate\n   |\n   = note: the `x86_64-unknown-none` target may not support the standard library\n   = help: consider building the standard library from source with `cargo build -Zbuild-std`\n\n","error[E0463]: can't find crate for `std`\n  --> /home/runner/.cargo/registry/src/index.crates.io-6f17d22bba15001f/anstyle-1.0.9/src/color.rs:87:60\n   |\n87 |     pub(crate) fn write_underline_to(self, write: &mut dyn std::io::Write) -> std::io::Result<()> {\n   |                                                            ^^^ can't find crate\n   |\n   = note: the `x86_64-unknown-none` target may not support the standard library\n   = help: consider building the standard library from source with `cargo build -Zbuild-std`\n\n","error[E0463]: can't find crate for `std`\n  --> /home/runner/.cargo/registry/src/index.crates.io-6f17d22bba15001f/anstyle-1.0.9/src/color.rs:87:79\n   |\n87 |     pub(crate) fn write_underline_to(self, write: &mut dyn std::io::Write) -> std::io::Result<()> {\n   |                                                                               ^^^ can't find crate\n   |\n   = note: the `x86_64-unknown-none` target may not support the standard library\n   = help: consider building the standard library from source with `cargo build -Zbuild-std`\n\n","error[E0463]: can't find crate for `std`\n   --> /home/runner/.cargo/registry/src/index.crates.io-6f17d22bba15001f/anstyle-1.0.9/src/color.rs:622:39\n    |\n622 |     fn write_to(self, write: &mut dyn std::io::Write) -> std::io::Result<()> {\n    |                                       ^^^ can't find crate\n    |\n    = note: the `x86_64-unknown-none` target may not support the standard library\n    = help: consider building the standard library from source with `cargo build -Zbuild-std`\n\n","error[E0463]: can't find crate for `std`\n   --> /home/runner/.cargo/registry/src/index.crates.io-6f17d22bba15001f/anstyle-1.0.9/src/color.rs:622:58\n    |\n622 |     fn write_to(self, write: &mut dyn std::io::Write) -> std::io::Result<()> {\n    |                                                          ^^^ can't find crate\n    |\n    = note: the `x86_64-unknown-none` target may not support the standard library\n    = help: consider building the standard library from source with `cargo build -Zbuild-std`\n\n","error[E0405]: cannot find trait `Into` in this scope\n  --> /home/runner/.cargo/registry/src/index.crates.io-6f17d22bba15001f/anstyle-1.0.9/src/color.rs:22:38\n   |\n22 |     pub fn on(self, background: impl Into<Color>) -> crate::Style {\n   |                                      ^^^^ not found in this scope\n   |\nhelp: consider importing this trait\n   |\n1  + use core::convert::Into;\n   |\n\n","error[E0425]: cannot find function, tuple struct or tuple variant `Some` in this scope\n  --> /home/runner/.cargo/registry/src/index.crates.io-6f17d22bba15001f/anstyle-1.0.9/src/color.rs:24:23\n   |\n24 |             .fg_color(Some(self))\n   |                       ^^^^\n   |\nhelp: try calling `Some` as a method\n   |\n24 |             .fg_color(self.Some())\n   |                       ~~~~~~~~~~~\nhelp: consider importing this tuple variant\n   |\n1  + use core::option::Option::Some;\n   |\n\n","error[E0425]: cannot find function, tuple struct or tuple variant `Some` in this scope\n  --> /home/runner/.cargo/registry/src/index.crates.io-6f17d22bba15001f/anstyle-1.0.9/src/color.rs:25:23\n   |\n25 |             .bg_color(Some(background.into()))\n   |                       ^^^^ not found in this scope\n   |\nhelp: consider importing this tuple variant\n   |\n1  + use core::option::Option::Some;\n   |\n\n","error[E0425]: cannot find function, tuple struct or tuple variant `Some` in this scope\n  --> /home/runner/.cargo/registry/src/index.crates.io-6f17d22bba15001f/anstyle-1.0.9/src/color.rs:31:38\n   |\n31 |         crate::Style::new().fg_color(Some(self))\n   |                                      ^^^^\n   |\nhelp: try calling `Some` as a method\n   |\n31 |         crate::Style::new().fg_color(self.Some())\n   |                                      ~~~~~~~~~~~\nhelp: consider importing this tuple variant\n   |\n1  + use core::option::Option::Some;\n   |\n\n","error[E0405]: cannot find trait `Copy` in this scope\n  --> /home/runner/.cargo/registry/src/index.crates.io-6f17d22bba15001f/anstyle-1.0.9/src/color.rs:36:57\n   |\n36 |     pub fn render_fg(self) -> impl core::fmt::Display + Copy {\n   |                                                         ^^^^ not found in this scope\n   |\nhelp: consider importing this trait\n   |\n1  + use core::marker::Copy;\n   |\n\n","error[E0405]: cannot find trait `Copy` in this scope\n  --> /home/runner/.cargo/registry/src/index.crates.io-6f17d22bba15001f/anstyle-1.0.9/src/color.rs:57:57\n   |\n57 |     pub fn render_bg(self) -> impl core::fmt::Display + Copy {\n   |                                                         ^^^^ not found in this scope\n   |\nhelp: consider importing this trait\n   |\n1  + use core::marker::Copy;\n   |\n\n","error[E0405]: cannot find trait `Copy` in this scope\n  --> /home/runner/.cargo/registry/src/index.crates.io-6f17d22bba15001f/anstyle-1.0.9/src/color.rs:77:71\n   |\n77 |     pub(crate) fn render_underline(self) -> impl core::fmt::Display + Copy {\n   |                                                                       ^^^^ not found in this scope\n   |\nhelp: consider importing this trait\n   |\n1  + use core::marker::Copy;\n   |\n\n","error[E0405]: cannot find trait `From` in this scope\n  --> /home/runner/.cargo/registry/src/index.crates.io-6f17d22bba15001f/anstyle-1.0.9/src/color.rs:97:6\n   |\n97 | impl From<AnsiColor> for Color {\n   |      ^^^^ not found in this scope\n   |\nhelp: consider importing this trait\n   |\n1  + use core::convert::From;\n   |\n\n","error[E0405]: cannot find trait `From` in this scope\n   --> /home/runner/.cargo/registry/src/index.crates.io-6f17d22bba15001f/anstyle-1.0.9/src/color.rs:104:6\n    |\n104 | impl From<Ansi256Color> for Color {\n    |      ^^^^ not found in this scope\n    |\nhelp: consider importing this trait\n    |\n1   + use core::convert::From;\n    |\n\n","error[E0405]: cannot find trait `From` in this scope\n   --> /home/runner/.cargo/registry/src/index.crates.io-6f17d22bba15001f/anstyle-1.0.9/src/color.rs:111:6\n    |\n111 | impl From<RgbColor> for Color {\n    |      ^^^^ not found in this scope\n    |\nhelp: consider importing this trait\n    |\n1   + use core::convert::From;\n    |\n\n","error[E0405]: cannot find trait `From` in this scope\n   --> /home/runner/.cargo/registry/src/index.crates.io-6f17d22bba15001f/anstyle-1.0.9/src/color.rs:118:6\n    |\n118 | impl From<u8> for Color {\n    |      ^^^^ not found in this scope\n    |\nhelp: consider importing this trait\n    |\n1   + use core::convert::From;\n    |\n\n","error[E0405]: cannot find trait `From` in this scope\n   --> /home/runner/.cargo/registry/src/index.crates.io-6f17d22bba15001f/anstyle-1.0.9/src/color.rs:125:6\n    |\n125 | impl From<(u8, u8, u8)> for Color {\n    |      ^^^^ not found in this scope\n    |\nhelp: consider importing this trait\n    |\n1   + use core::convert::From;\n    |\n\n","error[E0405]: cannot find trait `Into` in this scope\n   --> /home/runner/.cargo/registry/src/index.crates.io-6f17d22bba15001f/anstyle-1.0.9/src/color.rs:191:38\n    |\n191 |     pub fn on(self, background: impl Into<Color>) -> crate::Style {\n    |                                      ^^^^ not found in this scope\n    |\nhelp: consider importing this trait\n    |\n1   + use core::convert::Into;\n    |\n\n","error[E0425]: cannot find function, tuple struct or tuple variant `Some` in this scope\n   --> /home/runner/.cargo/registry/src/index.crates.io-6f17d22bba15001f/anstyle-1.0.9/src/color.rs:193:23\n    |\n193 |             .fg_color(Some(self.into()))\n    |                       ^^^^ not found in this scope\n    |\nhelp: consider importing this tuple variant\n    |\n1   + use core::option::Option::Some;\n    |\n\n","error[E0425]: cannot find function, tuple struct or tuple variant `Some` in this scope\n   --> /home/runner/.cargo/registry/src/index.crates.io-6f17d22bba15001f/anstyle-1.0.9/src/color.rs:194:23\n    |\n194 |             .bg_color(Some(background.into()))\n    |                       ^^^^ not found in this scope\n    |\nhelp: consider importing this tuple variant\n    |\n1   + use core::option::Option::Some;\n    |\n\n","error[E0425]: cannot find function, tuple struct or tuple variant `Some` in this scope\n   --> /home/runner/.cargo/registry/src/index.crates.io-6f17d22bba15001f/anstyle-1.0.9/src/color.rs:200:38\n    |\n200 |         crate::Style::new().fg_color(Some(Color::Ansi(self)))\n    |                                      ^^^^ not found in this scope\n    |\nhelp: consider importing this tuple variant\n    |\n1   + use core::option::Option::Some;\n    |\n\n","error[E0405]: cannot find trait `Copy` in this scope\n   --> /home/runner/.cargo/registry/src/index.crates.io-6f17d22bba15001f/anstyle-1.0.9/src/color.rs:205:57\n    |\n205 |     pub fn render_fg(self) -> impl core::fmt::Display + Copy {\n    |                                                         ^^^^ not found in this scope\n    |\nhelp: consider importing this trait\n    |\n1   + use core::marker::Copy;\n    |\n\n","error[E0405]: cannot find trait `Copy` in this scope\n   --> /home/runner/.cargo/registry/src/index.crates.io-6f17d22bba15001f/anstyle-1.0.9/src/color.rs:238:57\n    |\n238 |     pub fn render_bg(self) -> impl core::fmt::Display + Copy {\n    |                                                         ^^^^ not found in this scope\n    |\nhelp: consider importing this trait\n    |\n1   + use core::marker::Copy;\n    |\n\n","error[E0405]: cannot find trait `Into` in this scope\n   --> /home/runner/.cargo/registry/src/index.crates.io-6f17d22bba15001f/anstyle-1.0.9/src/color.rs:357:38\n    |\n357 |     pub fn on(self, background: impl Into<Color>) -> crate::Style {\n    |                                      ^^^^ not found in this scope\n    |\nhelp: consider importing this trait\n    |\n1   + use core::convert::Into;\n    |\n\n","error[E0425]: cannot find function, tuple struct or tuple variant `Some` in this scope\n   --> /home/runner/.cargo/registry/src/index.crates.io-6f17d22bba15001f/anstyle-1.0.9/src/color.rs:359:23\n    |\n359 |             .fg_color(Some(self.into()))\n    |                       ^^^^ not found in this scope\n    |\nhelp: consider importing this tuple variant\n    |\n1   + use core::option::Option::Some;\n    |\n\n","error[E0425]: cannot find function, tuple struct or tuple variant `Some` in this scope\n   --> /home/runner/.cargo/registry/src/index.crates.io-6f17d22bba15001f/anstyle-1.0.9/src/color.rs:360:23\n    |\n360 |             .bg_color(Some(background.into()))\n    |                       ^^^^ not found in this scope\n    |\nhelp: consider importing this tuple variant\n    |\n1   + use core::option::Option::Some;\n    |\n\n","error[E0425]: cannot find function, tuple struct or tuple variant `Some` in this scope\n   --> /home/runner/.cargo/registry/src/index.crates.io-6f17d22bba15001f/anstyle-1.0.9/src/color.rs:366:38\n    |\n366 |         crate::Style::new().fg_color(Some(Color::Ansi256(self)))\n    |                                      ^^^^ not found in this scope\n    |\nhelp: consider importing this tuple variant\n    |\n1   + use core::option::Option::Some;\n    |\n\n","error[E0412]: cannot find type `Option` in this scope\n   --> /home/runner/.cargo/registry/src/index.crates.io-6f17d22bba15001f/anstyle-1.0.9/src/color.rs:377:37\n    |\n377 |     pub const fn into_ansi(self) -> Option<AnsiColor> {\n    |                                     ^^^^^^ not found in this scope\n    |\nhelp: consider importing this enum\n    |\n1   + use core::option::Option;\n    |\n\n","error[E0425]: cannot find function, tuple struct or tuple variant `Some` in this scope\n   --> /home/runner/.cargo/registry/src/index.crates.io-6f17d22bba15001f/anstyle-1.0.9/src/color.rs:379:18\n    |\n379 |             0 => Some(AnsiColor::Black),\n    |                  ^^^^ not found in this scope\n    |\nhelp: consider importing this tuple variant\n    |\n1   + use core::option::Option::Some;\n    |\n\n","error[E0425]: cannot find function, tuple struct or tuple variant `Some` in this scope\n   --> /home/runner/.cargo/registry/src/index.crates.io-6f17d22bba15001f/anstyle-1.0.9/src/color.rs:380:18\n    |\n380 |             1 => Some(AnsiColor::Red),\n    |                  ^^^^ not found in this scope\n    |\nhelp: consider importing this tuple variant\n    |\n1   + use core::option::Option::Some;\n    |\n\n","error[E0425]: cannot find function, tuple struct or tuple variant `Some` in this scope\n   --> /home/runner/.cargo/registry/src/index.crates.io-6f17d22bba15001f/anstyle-1.0.9/src/color.rs:381:18\n    |\n381 |             2 => Some(AnsiColor::Green),\n    |                  ^^^^ not found in this scope\n    |\nhelp: consider importing this tuple variant\n    |\n1   + use core::option::Option::Some;\n    |\n\n","error[E0425]: cannot find function, tuple struct or tuple variant `Some` in this scope\n   --> /home/runner/.cargo/registry/src/index.crates.io-6f17d22bba15001f/anstyle-1.0.9/src/color.rs:382:18\n    |\n382 |             3 => Some(AnsiColor::Yellow),\n    |                  ^^^^ not found in this scope\n    |\nhelp: consider importing this tuple variant\n    |\n1   + use core::option::Option::Some;\n    |\n\n","error[E0425]: cannot find function, tuple struct or tuple variant `Some` in this scope\n   --> /home/runner/.cargo/registry/src/index.crates.io-6f17d22bba15001f/anstyle-1.0.9/src/color.rs:383:18\n    |\n383 |             4 => Some(AnsiColor::Blue),\n    |                  ^^^^ not found in this scope\n    |\nhelp: consider importing this tuple variant\n    |\n1   + use core::option::Option::Some;\n    |\n\n","error[E0425]: cannot find function, tuple struct or tuple variant `Some` in this scope\n   --> /home/runner/.cargo/registry/src/index.crates.io-6f17d22bba15001f/anstyle-1.0.9/src/color.rs:384:18\n    |\n384 |             5 => Some(AnsiColor::Magenta),\n    |                  ^^^^ not found in this scope\n    |\nhelp: consider importing this tuple variant\n    |\n1   + use core::option::Option::Some;\n    |\n\n","error[E0425]: cannot find function, tuple struct or tuple variant `Some` in this scope\n   --> /home/runner/.cargo/registry/src/index.crates.io-6f17d22bba15001f/anstyle-1.0.9/src/color.rs:385:18\n    |\n385 |             6 => Some(AnsiColor::Cyan),\n    |                  ^^^^ not found in this scope\n    |\nhelp: consider importing this tuple variant\n    |\n1   + use core::option::Option::Some;\n    |\n\n","error[E0425]: cannot find function, tuple struct or tuple variant `Some` in this scope\n   --> /home/runner/.cargo/registry/src/index.crates.io-6f17d22bba15001f/anstyle-1.0.9/src/color.rs:386:18\n    |\n386 |             7 => Some(AnsiColor::White),\n    |                  ^^^^ not found in this scope\n    |\nhelp: consider importing this tuple variant\n    |\n1   + use core::option::Option::Some;\n    |\n\n","error[E0425]: cannot find function, tuple struct or tuple variant `Some` in this scope\n   --> /home/runner/.cargo/registry/src/index.crates.io-6f17d22bba15001f/anstyle-1.0.9/src/color.rs:387:18\n    |\n387 |             8 => Some(AnsiColor::BrightBlack),\n    |                  ^^^^ not found in this scope\n    |\nhelp: consider importing this tuple variant\n    |\n1   + use core::option::Option::Some;\n    |\n\n","error[E0425]: cannot find function, tuple struct or tuple variant `Some` in this scope\n   --> /home/runner/.cargo/registry/src/index.crates.io-6f17d22bba15001f/anstyle-1.0.9/src/color.rs:388:18\n    |\n388 |             9 => Some(AnsiColor::BrightRed),\n    |                  ^^^^ not found in this scope\n    |\nhelp: consider importing this tuple variant\n    |\n1   + use core::option::Option::Some;\n    |\n\n","error[E0425]: cannot find function, tuple struct or tuple variant `Some` in this scope\n   --> /home/runner/.cargo/registry/src/index.crates.io-6f17d22bba15001f/anstyle-1.0.9/src/color.rs:389:19\n    |\n389 |             10 => Some(AnsiColor::BrightGreen),\n    |                   ^^^^ not found in this scope\n    |\nhelp: consider importing this tuple variant\n    |\n1   + use core::option::Option::Some;\n    |\n\n","error[E0425]: cannot find function, tuple struct or tuple variant `Some` in this scope\n   --> /home/runner/.cargo/registry/src/index.crates.io-6f17d22bba15001f/anstyle-1.0.9/src/color.rs:390:19\n    |\n390 |             11 => Some(AnsiColor::BrightYellow),\n    |                   ^^^^ not found in this scope\n    |\nhelp: consider importing this tuple variant\n    |\n1   + use core::option::Option::Some;\n    |\n\n","error[E0425]: cannot find function, tuple struct or tuple variant `Some` in this scope\n   --> /home/runner/.cargo/registry/src/index.crates.io-6f17d22bba15001f/anstyle-1.0.9/src/color.rs:391:19\n    |\n391 |             12 => Some(AnsiColor::BrightBlue),\n    |                   ^^^^ not found in this scope\n    |\nhelp: consider importing this tuple variant\n    |\n1   + use core::option::Option::Some;\n    |\n\n","error[E0425]: cannot find function, tuple struct or tuple variant `Some` in this scope\n   --> /home/runner/.cargo/registry/src/index.crates.io-6f17d22bba15001f/anstyle-1.0.9/src/color.rs:392:19\n    |\n392 |             13 => Some(AnsiColor::BrightMagenta),\n    |                   ^^^^ not found in this scope\n    |\nhelp: consider importing this tuple variant\n    |\n1   + use core::option::Option::Some;\n    |\n\n","error[E0425]: cannot find function, tuple struct or tuple variant `Some` in this scope\n   --> /home/runner/.cargo/registry/src/index.crates.io-6f17d22bba15001f/anstyle-1.0.9/src/color.rs:393:19\n    |\n393 |             14 => Some(AnsiColor::BrightCyan),\n    |                   ^^^^ not found in this scope\n    |\nhelp: consider importing this tuple variant\n    |\n1   + use core::option::Option::Some;\n    |\n\n","error[E0425]: cannot find function, tuple struct or tuple variant `Some` in this scope\n   --> /home/runner/.cargo/registry/src/index.crates.io-6f17d22bba15001f/anstyle-1.0.9/src/color.rs:394:19\n    |\n394 |             15 => Some(AnsiColor::BrightWhite),\n    |                   ^^^^ not found in this scope\n    |\nhelp: consider importing this tuple variant\n    |\n1   + use core::option::Option::Some;\n    |\n\n","error[E0425]: cannot find value `None` in this scope\n   --> /home/runner/.cargo/registry/src/index.crates.io-6f17d22bba15001f/anstyle-1.0.9/src/color.rs:395:18\n    |\n395 |             _ => None,\n    |                  ^^^^ not found in this scope\n    |\nhelp: consider importing this unit variant\n    |\n1   + use core::option::Option::None;\n    |\n\n","error[E0405]: cannot find trait `Copy` in this scope\n   --> /home/runner/.cargo/registry/src/index.crates.io-6f17d22bba15001f/anstyle-1.0.9/src/color.rs:424:57\n    |\n424 |     pub fn render_fg(self) -> impl core::fmt::Display + Copy {\n    |                                                         ^^^^ not found in this scope\n    |\nhelp: consider importing this trait\n    |\n1   + use core::marker::Copy;\n    |\n\n","error[E0405]: cannot find trait `Copy` in this scope\n   --> /home/runner/.cargo/registry/src/index.crates.io-6f17d22bba15001f/anstyle-1.0.9/src/color.rs:438:57\n    |\n438 |     pub fn render_bg(self) -> impl core::fmt::Display + Copy {\n    |                                                         ^^^^ not found in this scope\n    |\nhelp: consider importing this trait\n    |\n1   + use core::marker::Copy;\n    |\n\n","error[E0405]: cannot find trait `From` in this scope\n   --> /home/runner/.cargo/registry/src/index.crates.io-6f17d22bba15001f/anstyle-1.0.9/src/color.rs:459:6\n    |\n459 | impl From<u8> for Ansi256Color {\n    |      ^^^^ not found in this scope\n    |\nhelp: consider importing this trait\n    |\n1   + use core::convert::From;\n    |\n\n","error[E0405]: cannot find trait `From` in this scope\n   --> /home/runner/.cargo/registry/src/index.crates.io-6f17d22bba15001f/anstyle-1.0.9/src/color.rs:466:6\n    |\n466 | impl From<AnsiColor> for Ansi256Color {\n    |      ^^^^ not found in this scope\n    |\nhelp: consider importing this trait\n    |\n1   + use core::convert::From;\n    |\n\n","error[E0405]: cannot find trait `Into` in this scope\n   --> /home/runner/.cargo/registry/src/index.crates.io-6f17d22bba15001f/anstyle-1.0.9/src/color.rs:481:38\n    |\n481 |     pub fn on(self, background: impl Into<Color>) -> crate::Style {\n    |                                      ^^^^ not found in this scope\n    |\nhelp: consider importing this trait\n    |\n1   + use core::convert::Into;\n    |\n\n","error[E0425]: cannot find function, tuple struct or tuple variant `Some` in this scope\n   --> /home/runner/.cargo/registry/src/index.crates.io-6f17d22bba15001f/anstyle-1.0.9/src/color.rs:483:23\n    |\n483 |             .fg_color(Some(self.into()))\n    |                       ^^^^ not found in this scope\n    |\nhelp: consider importing this tuple variant\n    |\n1   + use core::option::Option::Some;\n    |\n\n","error[E0425]: cannot find function, tuple struct or tuple variant `Some` in this scope\n   --> /home/runner/.cargo/registry/src/index.crates.io-6f17d22bba15001f/anstyle-1.0.9/src/color.rs:484:23\n    |\n484 |             .bg_color(Some(background.into()))\n    |                       ^^^^ not found in this scope\n    |\nhelp: consider importing this tuple variant\n    |\n1   + use core::option::Option::Some;\n    |\n\n","error[E0425]: cannot find function, tuple struct or tuple variant `Some` in this scope\n   --> /home/runner/.cargo/registry/src/index.crates.io-6f17d22bba15001f/anstyle-1.0.9/src/color.rs:490:38\n    |\n490 |         crate::Style::new().fg_color(Some(Color::Rgb(self)))\n    |                                      ^^^^ not found in this scope\n    |\nhelp: consider importing this tuple variant\n    |\n1   + use core::option::Option::Some;\n    |\n\n","error[E0405]: cannot find trait `Copy` in this scope\n   --> /home/runner/.cargo/registry/src/index.crates.io-6f17d22bba15001f/anstyle-1.0.9/src/color.rs:513:57\n    |\n513 |     pub fn render_fg(self) -> impl core::fmt::Display + Copy {\n    |                                                         ^^^^ not found in this scope\n    |\nhelp: consider importing this trait\n    |\n1   + use core::marker::Copy;\n    |\n\n","error[E0405]: cannot find trait `Copy` in this scope\n   --> /home/runner/.cargo/registry/src/index.crates.io-6f17d22bba15001f/anstyle-1.0.9/src/color.rs:531:57\n    |\n531 |     pub fn render_bg(self) -> impl core::fmt::Display + Copy {\n    |                                                         ^^^^ not found in this scope\n    |\nhelp: consider importing this trait\n    |\n1   + use core::marker::Copy;\n    |\n\n","error[E0405]: cannot find trait `From` in this scope\n   --> /home/runner/.cargo/registry/src/index.crates.io-6f17d22bba15001f/anstyle-1.0.9/src/color.rs:560:6\n    |\n560 | impl From<(u8, u8, u8)> for RgbColor {\n    |      ^^^^ not found in this scope\n    |\nhelp: consider importing this trait\n    |\n1   + use core::convert::From;\n    |\n\n"]}},{"file":"/home/runner/.cargo/registry/src/index.crates.io-6f17d22bba15001f/anstyle-1.0.9/src/macros.rs","count":44,"kinds":{"Clippy(Error)":["error: cannot find macro `concat` in this scope\n   --> /home/runner/.cargo/registry/src/index.crates.io-6f17d22bba15001f/anstyle-1.0.9/src/macros.rs:3:9\n    |\n3   |         concat!(\"\\x1B[\", $($inner),*, \"m\")\n    |         ^^^^^^\n    |\n   ::: /home/runner/.cargo/registry/src/index.crates.io-6f17d22bba15001f/anstyle-1.0.9/src/color.rs:212:28\n    |\n212 |             Self::Black => escape!(\"3\", \"0\"),\n    |                            ----------------- in this macro invocation\n    |\n    = note: this error originates in the macro `escape` (in Nightly builds, run with -Z macro-backtrace for more info)\nhelp: consider importing this macro\n   --> /home/runner/.cargo/registry/src/index.crates.io-6f17d22bba15001f/anstyle-1.0.9/src/color.rs:1:1\n    |\n1   + use core::concat;\n    |\n\n","error: cannot find macro `concat` in this scope\n   --> /home/runner/.cargo/registry/src/index.crates.io-6f17d22bba15001f/anstyle-1.0.9/src/macros.rs:3:9\n    |\n3   |         concat!(\"\\x1B[\", $($inner),*, \"m\")\n    |         ^^^^^^\n    |\n   ::: /home/runner/.cargo/registry/src/index.crates.io-6f17d22bba15001f/anstyle-1.0.9/src/color.rs:213:26\n    |\n213 |             Self::Red => escape!(\"3\", \"1\"),\n    |                          ----------------- in this macro invocation\n    |\n    = note: this error originates in the macro `escape` (in Nightly builds, run with -Z macro-backtrace for more info)\nhelp: consider importing this macro\n   --> /home/runner/.cargo/registry/src/index.crates.io-6f17d22bba15001f/anstyle-1.0.9/src/color.rs:1:1\n    |\n1   + use core::concat;\n    |\n\n","error: cannot find macro `concat` in this scope\n   --> /home/runner/.cargo/registry/src/index.crates.io-6f17d22bba15001f/anstyle-1.0.9/src/macros.rs:3:9\n    |\n3   |         concat!(\"\\x1B[\", $($inner),*, \"m\")\n    |         ^^^^^^\n    |\n   ::: /home/runner/.cargo/registry/src/index.crates.io-6f17d22bba15001f/anstyle-1.0.9/src/color.rs:214:28\n    |\n214 |             Self::Green => escape!(\"3\", \"2\"),\n    |                            ----------------- in this macro invocation\n    |\n    = note: this error originates in the macro `escape` (in Nightly builds, run with -Z macro-backtrace for more info)\nhelp: consider importing this macro\n   --> /home/runner/.cargo/registry/src/index.crates.io-6f17d22bba15001f/anstyle-1.0.9/src/color.rs:1:1\n    |\n1   + use core::concat;\n    |\n\n","error: cannot find macro `concat` in this scope\n   --> /home/runner/.cargo/registry/src/index.crates.io-6f17d22bba15001f/anstyle-1.0.9/src/macros.rs:3:9\n    |\n3   |         concat!(\"\\x1B[\", $($inner),*, \"m\")\n    |         ^^^^^^\n    |\n   ::: /home/runner/.cargo/registry/src/index.crates.io-6f17d22bba15001f/anstyle-1.0.9/src/color.rs:215:29\n    |\n215 |             Self::Yellow => escape!(\"3\", \"3\"),\n    |                             ----------------- in this macro invocation\n    |\n    = note: this error originates in the macro `escape` (in Nightly builds, run with -Z macro-backtrace for more info)\nhelp: consider importing this macro\n   --> /home/runner/.cargo/registry/src/index.crates.io-6f17d22bba15001f/anstyle-1.0.9/src/color.rs:1:1\n    |\n1   + use core::concat;\n    |\n\n","error: cannot find macro `concat` in this scope\n   --> /home/runner/.cargo/registry/src/index.crates.io-6f17d22bba15001f/anstyle-1.0.9/src/macros.rs:3:9\n    |\n3   |         concat!(\"\\x1B[\", $($inner),*, \"m\")\n    |         ^^^^^^\n    |\n   ::: /home/runner/.cargo/registry/src/index.crates.io-6f17d22bba15001f/anstyle-1.0.9/src/color.rs:216:27\n    |\n216 |             Self::Blue => escape!(\"3\", \"4\"),\n    |                           ----------------- in this macro invocation\n    |\n    = note: this error originates in the macro `escape` (in Nightly builds, run with -Z macro-backtrace for more info)\nhelp: consider importing this macro\n   --> /home/runner/.cargo/registry/src/index.crates.io-6f17d22bba15001f/anstyle-1.0.9/src/color.rs:1:1\n    |\n1   + use core::concat;\n    |\n\n","error: cannot find macro `concat` in this scope\n   --> /home/runner/.cargo/registry/src/index.crates.io-6f17d22bba15001f/anstyle-1.0.9/src/macros.rs:3:9\n    |\n3   |         concat!(\"\\x1B[\", $($inner),*, \"m\")\n    |         ^^^^^^\n    |\n   ::: /home/runner/.cargo/registry/src/index.crates.io-6f17d22bba15001f/anstyle-1.0.9/src/color.rs:217:30\n    |\n217 |             Self::Magenta => escape!(\"3\", \"5\"),\n    |                              ----------------- in this macro invocation\n    |\n    = note: this error originates in the macro `escape` (in Nightly builds, run with -Z macro-backtrace for more info)\nhelp: consider importing this macro\n   --> /home/runner/.cargo/registry/src/index.crates.io-6f17d22bba15001f/anstyle-1.0.9/src/color.rs:1:1\n    |\n1   + use core::concat;\n    |\n\n","error: cannot find macro `concat` in this scope\n   --> /home/runner/.cargo/registry/src/index.crates.io-6f17d22bba15001f/anstyle-1.0.9/src/macros.rs:3:9\n    |\n3   |         concat!(\"\\x1B[\", $($inner),*, \"m\")\n    |         ^^^^^^\n    |\n   ::: /home/runner/.cargo/registry/src/index.crates.io-6f17d22bba15001f/anstyle-1.0.9/src/color.rs:218:27\n    |\n218 |             Self::Cyan => escape!(\"3\", \"6\"),\n    |                           ----------------- in this macro invocation\n    |\n    = note: this error originates in the macro `escape` (in Nightly builds, run with -Z macro-backtrace for more info)\nhelp: consider importing this macro\n   --> /home/runner/.cargo/registry/src/index.crates.io-6f17d22bba15001f/anstyle-1.0.9/src/color.rs:1:1\n    |\n1   + use core::concat;\n    |\n\n","error: cannot find macro `concat` in this scope\n   --> /home/runner/.cargo/registry/src/index.crates.io-6f17d22bba15001f/anstyle-1.0.9/src/macros.rs:3:9\n    |\n3   |         concat!(\"\\x1B[\", $($inner),*, \"m\")\n    |         ^^^^^^\n    |\n   ::: /home/runner/.cargo/registry/src/index.crates.io-6f17d22bba15001f/anstyle-1.0.9/src/color.rs:219:28\n    |\n219 |             Self::White => escape!(\"3\", \"7\"),\n    |                            ----------------- in this macro invocation\n    |\n    = note: this error originates in the macro `escape` (in Nightly builds, run with -Z macro-backtrace for more info)\nhelp: consider importing this macro\n   --> /home/runner/.cargo/registry/src/index.crates.io-6f17d22bba15001f/anstyle-1.0.9/src/color.rs:1:1\n    |\n1   + use core::concat;\n    |\n\n","error: cannot find macro `concat` in this scope\n   --> /home/runner/.cargo/registry/src/index.crates.io-6f17d22bba15001f/anstyle-1.0.9/src/macros.rs:3:9\n    |\n3   |         concat!(\"\\x1B[\", $($inner),*, \"m\")\n    |         ^^^^^^\n    |\n   ::: /home/runner/.cargo/registry/src/index.crates.io-6f17d22bba15001f/anstyle-1.0.9/src/color.rs:220:34\n    |\n220 |             Self::BrightBlack => escape!(\"9\", \"0\"),\n    |                                  ----------------- in this macro invocation\n    |\n    = note: this error originates in the macro `escape` (in Nightly builds, run with -Z macro-backtrace for more info)\nhelp: consider importing this macro\n   --> /home/runner/.cargo/registry/src/index.crates.io-6f17d22bba15001f/anstyle-1.0.9/src/color.rs:1:1\n    |\n1   + use core::concat;\n    |\n\n","error: cannot find macro `concat` in this scope\n   --> /home/runner/.cargo/registry/src/index.crates.io-6f17d22bba15001f/anstyle-1.0.9/src/macros.rs:3:9\n    |\n3   |         concat!(\"\\x1B[\", $($inner),*, \"m\")\n    |         ^^^^^^\n    |\n   ::: /home/runner/.cargo/registry/src/index.crates.io-6f17d22bba15001f/anstyle-1.0.9/src/color.rs:221:32\n    |\n221 |             Self::BrightRed => escape!(\"9\", \"1\"),\n    |                                ----------------- in this macro invocation\n    |\n    = note: this error originates in the macro `escape` (in Nightly builds, run with -Z macro-backtrace for more info)\nhelp: consider importing this macro\n   --> /home/runner/.cargo/registry/src/index.crates.io-6f17d22bba15001f/anstyle-1.0.9/src/color.rs:1:1\n    |\n1   + use core::concat;\n    |\n\n","error: cannot find macro `concat` in this scope\n   --> /home/runner/.cargo/registry/src/index.crates.io-6f17d22bba15001f/anstyle-1.0.9/src/macros.rs:3:9\n    |\n3   |         concat!(\"\\x1B[\", $($inner),*, \"m\")\n    |         ^^^^^^\n    |\n   ::: /home/runner/.cargo/registry/src/index.crates.io-6f17d22bba15001f/anstyle-1.0.9/src/color.rs:222:34\n    |\n222 |             Self::BrightGreen => escape!(\"9\", \"2\"),\n    |                                  ----------------- in this macro invocation\n    |\n    = note: this error originates in the macro `escape` (in Nightly builds, run with -Z macro-backtrace for more info)\nhelp: consider importing this macro\n   --> /home/runner/.cargo/registry/src/index.crates.io-6f17d22bba15001f/anstyle-1.0.9/src/color.rs:1:1\n    |\n1   + use core::concat;\n    |\n\n","error: cannot find macro `concat` in this scope\n   --> /home/runner/.cargo/registry/src/index.crates.io-6f17d22bba15001f/anstyle-1.0.9/src/macros.rs:3:9\n    |\n3   |         concat!(\"\\x1B[\", $($inner),*, \"m\")\n    |         ^^^^^^\n    |\n   ::: /home/runner/.cargo/registry/src/index.crates.io-6f17d22bba15001f/anstyle-1.0.9/src/color.rs:223:35\n    |\n223 |             Self::BrightYellow => escape!(\"9\", \"3\"),\n    |                                   ----------------- in this macro invocation\n    |\n    = note: this error originates in the macro `escape` (in Nightly builds, run with -Z macro-backtrace for more info)\nhelp: consider importing this macro\n   --> /home/runner/.cargo/registry/src/index.crates.io-6f17d22bba15001f/anstyle-1.0.9/src/color.rs:1:1\n    |\n1   + use core::concat;\n    |\n\n","error: cannot find macro `concat` in this scope\n   --> /home/runner/.cargo/registry/src/index.crates.io-6f17d22bba15001f/anstyle-1.0.9/src/macros.rs:3:9\n    |\n3   |         concat!(\"\\x1B[\", $($inner),*, \"m\")\n    |         ^^^^^^\n    |\n   ::: /home/runner/.cargo/registry/src/index.crates.io-6f17d22bba15001f/anstyle-1.0.9/src/color.rs:224:33\n    |\n224 |             Self::BrightBlue => escape!(\"9\", \"4\"),\n    |                                 ----------------- in this macro invocation\n    |\n    = note: this error originates in the macro `escape` (in Nightly builds, run with -Z macro-backtrace for more info)\nhelp: consider importing this macro\n   --> /home/runner/.cargo/registry/src/index.crates.io-6f17d22bba15001f/anstyle-1.0.9/src/color.rs:1:1\n    |\n1   + use core::concat;\n    |\n\n","error: cannot find macro `concat` in this scope\n   --> /home/runner/.cargo/registry/src/index.crates.io-6f17d22bba15001f/anstyle-1.0.9/src/macros.rs:3:9\n    |\n3   |         concat!(\"\\x1B[\", $($inner),*, \"m\")\n    |         ^^^^^^\n    |\n   ::: /home/runner/.cargo/registry/src/index.crates.io-6f17d22bba15001f/anstyle-1.0.9/src/color.rs:225:36\n    |\n225 |             Self::BrightMagenta => escape!(\"9\", \"5\"),\n    |                                    ----------------- in this macro invocation\n    |\n    = note: this error originates in the macro `escape` (in Nightly builds, run with -Z macro-backtrace for more info)\nhelp: consider importing this macro\n   --> /home/runner/.cargo/registry/src/index.crates.io-6f17d22bba15001f/anstyle-1.0.9/src/color.rs:1:1\n    |\n1   + use core::concat;\n    |\n\n","error: cannot find macro `concat` in this scope\n   --> /home/runner/.cargo/registry/src/index.crates.io-6f17d22bba15001f/anstyle-1.0.9/src/macros.rs:3:9\n    |\n3   |         concat!(\"\\x1B[\", $($inner),*, \"m\")\n    |         ^^^^^^\n    |\n   ::: /home/runner/.cargo/registry/src/index.crates.io-6f17d22bba15001f/anstyle-1.0.9/src/color.rs:226:33\n    |\n226 |             Self::BrightCyan => escape!(\"9\", \"6\"),\n    |                                 ----------------- in this macro invocation\n    |\n    = note: this error originates in the macro `escape` (in Nightly builds, run with -Z macro-backtrace for more info)\nhelp: consider importing this macro\n   --> /home/runner/.cargo/registry/src/index.crates.io-6f17d22bba15001f/anstyle-1.0.9/src/color.rs:1:1\n    |\n1   + use core::concat;\n    |\n\n","error: cannot find macro `concat` in this scope\n   --> /home/runner/.cargo/registry/src/index.crates.io-6f17d22bba15001f/anstyle-1.0.9/src/macros.rs:3:9\n    |\n3   |         concat!(\"\\x1B[\", $($inner),*, \"m\")\n    |         ^^^^^^\n    |\n   ::: /home/runner/.cargo/registry/src/index.crates.io-6f17d22bba15001f/anstyle-1.0.9/src/color.rs:227:34\n    |\n227 |             Self::BrightWhite => escape!(\"9\", \"7\"),\n    |                                  ----------------- in this macro invocation\n    |\n    = note: this error originates in the macro `escape` (in Nightly builds, run with -Z macro-backtrace for more info)\nhelp: consider importing this macro\n   --> /home/runner/.cargo/registry/src/index.crates.io-6f17d22bba15001f/anstyle-1.0.9/src/color.rs:1:1\n    |\n1   + use core::concat;\n    |\n\n","error: cannot find macro `concat` in this scope\n   --> /home/runner/.cargo/registry/src/index.crates.io-6f17d22bba15001f/anstyle-1.0.9/src/macros.rs:3:9\n    |\n3   |         concat!(\"\\x1B[\", $($inner),*, \"m\")\n    |         ^^^^^^\n    |\n   ::: /home/runner/.cargo/registry/src/index.crates.io-6f17d22bba15001f/anstyle-1.0.9/src/color.rs:245:28\n    |\n245 |             Self::Black => escape!(\"4\", \"0\"),\n    |                            ----------------- in this macro invocation\n    |\n    = note: this error originates in the macro `escape` (in Nightly builds, run with -Z macro-backtrace for more info)\nhelp: consider importing this macro\n   --> /home/runner/.cargo/registry/src/index.crates.io-6f17d22bba15001f/anstyle-1.0.9/src/color.rs:1:1\n    |\n1   + use core::concat;\n    |\n\n","error: cannot find macro `concat` in this scope\n   --> /home/runner/.cargo/registry/src/index.crates.io-6f17d22bba15001f/anstyle-1.0.9/src/macros.rs:3:9\n    |\n3   |         concat!(\"\\x1B[\", $($inner),*, \"m\")\n    |         ^^^^^^\n    |\n   ::: /home/runner/.cargo/registry/src/index.crates.io-6f17d22bba15001f/anstyle-1.0.9/src/color.rs:246:26\n    |\n246 |             Self::Red => escape!(\"4\", \"1\"),\n    |                          ----------------- in this macro invocation\n    |\n    = note: this error originates in the macro `escape` (in Nightly builds, run with -Z macro-backtrace for more info)\nhelp: consider importing this macro\n   --> /home/runner/.cargo/registry/src/index.crates.io-6f17d22bba15001f/anstyle-1.0.9/src/color.rs:1:1\n    |\n1   + use core::concat;\n    |\n\n","error: cannot find macro `concat` in this scope\n   --> /home/runner/.cargo/registry/src/index.crates.io-6f17d22bba15001f/anstyle-1.0.9/src/macros.rs:3:9\n    |\n3   |         concat!(\"\\x1B[\", $($inner),*, \"m\")\n    |         ^^^^^^\n    |\n   ::: /home/runner/.cargo/registry/src/index.crates.io-6f17d22bba15001f/anstyle-1.0.9/src/color.rs:247:28\n    |\n247 |             Self::Green => escape!(\"4\", \"2\"),\n    |                            ----------------- in this macro invocation\n    |\n    = note: this error originates in the macro `escape` (in Nightly builds, run with -Z macro-backtrace for more info)\nhelp: consider importing this macro\n   --> /home/runner/.cargo/registry/src/index.crates.io-6f17d22bba15001f/anstyle-1.0.9/src/color.rs:1:1\n    |\n1   + use core::concat;\n    |\n\n","error: cannot find macro `concat` in this scope\n   --> /home/runner/.cargo/registry/src/index.crates.io-6f17d22bba15001f/anstyle-1.0.9/src/macros.rs:3:9\n    |\n3   |         concat!(\"\\x1B[\", $($inner),*, \"m\")\n    |         ^^^^^^\n    |\n   ::: /home/runner/.cargo/registry/src/index.crates.io-6f17d22bba15001f/anstyle-1.0.9/src/color.rs:248:29\n    |\n248 |             Self::Yellow => escape!(\"4\", \"3\"),\n    |                             ----------------- in this macro invocation\n    |\n    = note: this error originates in the macro `escape` (in Nightly builds, run with -Z macro-backtrace for more info)\nhelp: consider importing this macro\n   --> /home/runner/.cargo/registry/src/index.crates.io-6f17d22bba15001f/anstyle-1.0.9/src/color.rs:1:1\n    |\n1   + use core::concat;\n    |\n\n","error: cannot find macro `concat` in this scope\n   --> /home/runner/.cargo/registry/src/index.crates.io-6f17d22bba15001f/anstyle-1.0.9/src/macros.rs:3:9\n    |\n3   |         concat!(\"\\x1B[\", $($inner),*, \"m\")\n    |         ^^^^^^\n    |\n   ::: /home/runner/.cargo/registry/src/index.crates.io-6f17d22bba15001f/anstyle-1.0.9/src/color.rs:249:27\n    |\n249 |             Self::Blue => escape!(\"4\", \"4\"),\n    |                           ----------------- in this macro invocation\n    |\n    = note: this error originates in the macro `escape` (in Nightly builds, run with -Z macro-backtrace for more info)\nhelp: consider importing this macro\n   --> /home/runner/.cargo/registry/src/index.crates.io-6f17d22bba15001f/anstyle-1.0.9/src/color.rs:1:1\n    |\n1   + use core::concat;\n    |\n\n","error: cannot find macro `concat` in this scope\n   --> /home/runner/.cargo/registry/src/index.crates.io-6f17d22bba15001f/anstyle-1.0.9/src/macros.rs:3:9\n    |\n3   |         concat!(\"\\x1B[\", $($inner),*, \"m\")\n    |         ^^^^^^\n    |\n   ::: /home/runner/.cargo/registry/src/index.crates.io-6f17d22bba15001f/anstyle-1.0.9/src/color.rs:250:30\n    |\n250 |             Self::Magenta => escape!(\"4\", \"5\"),\n    |                              ----------------- in this macro invocation\n    |\n    = note: this error originates in the macro `escape` (in Nightly builds, run with -Z macro-backtrace for more info)\nhelp: consider importing this macro\n   --> /home/runner/.cargo/registry/src/index.crates.io-6f17d22bba15001f/anstyle-1.0.9/src/color.rs:1:1\n    |\n1   + use core::concat;\n    |\n\n","error: cannot find macro `concat` in this scope\n   --> /home/runner/.cargo/registry/src/index.crates.io-6f17d22bba15001f/anstyle-1.0.9/src/macros.rs:3:9\n    |\n3   |         concat!(\"\\x1B[\", $($inner),*, \"m\")\n    |         ^^^^^^\n    |\n   ::: /home/runner/.cargo/registry/src/index.crates.io-6f17d22bba15001f/anstyle-1.0.9/src/color.rs:251:27\n    |\n251 |             Self::Cyan => escape!(\"4\", \"6\"),\n    |                           ----------------- in this macro invocation\n    |\n    = note: this error originates in the macro `escape` (in Nightly builds, run with -Z macro-backtrace for more info)\nhelp: consider importing this macro\n   --> /home/runner/.cargo/registry/src/index.crates.io-6f17d22bba15001f/anstyle-1.0.9/src/color.rs:1:1\n    |\n1   + use core::concat;\n    |\n\n","error: cannot find macro `concat` in this scope\n   --> /home/runner/.cargo/registry/src/index.crates.io-6f17d22bba15001f/anstyle-1.0.9/src/macros.rs:3:9\n    |\n3   |         concat!(\"\\x1B[\", $($inner),*, \"m\")\n    |         ^^^^^^\n    |\n   ::: /home/runner/.cargo/registry/src/index.crates.io-6f17d22bba15001f/anstyle-1.0.9/src/color.rs:252:28\n    |\n252 |             Self::White => escape!(\"4\", \"7\"),\n    |                            ----------------- in this macro invocation\n    |\n    = note: this error originates in the macro `escape` (in Nightly builds, run with -Z macro-backtrace for more info)\nhelp: consider importing this macro\n   --> /home/runner/.cargo/registry/src/index.crates.io-6f17d22bba15001f/anstyle-1.0.9/src/color.rs:1:1\n    |\n1   + use core::concat;\n    |\n\n","error: cannot find macro `concat` in this scope\n   --> /home/runner/.cargo/registry/src/index.crates.io-6f17d22bba15001f/anstyle-1.0.9/src/macros.rs:3:9\n    |\n3   |         concat!(\"\\x1B[\", $($inner),*, \"m\")\n    |         ^^^^^^\n    |\n   ::: /home/runner/.cargo/registry/src/index.crates.io-6f17d22bba15001f/anstyle-1.0.9/src/color.rs:253:34\n    |\n253 |             Self::BrightBlack => escape!(\"10\", \"0\"),\n    |                                  ------------------ in this macro invocation\n    |\n    = note: this error originates in the macro `escape` (in Nightly builds, run with -Z macro-backtrace for more info)\nhelp: consider importing this macro\n   --> /home/runner/.cargo/registry/src/index.crates.io-6f17d22bba15001f/anstyle-1.0.9/src/color.rs:1:1\n    |\n1   + use core::concat;\n    |\n\n","error: cannot find macro `concat` in this scope\n   --> /home/runner/.cargo/registry/src/index.crates.io-6f17d22bba15001f/anstyle-1.0.9/src/macros.rs:3:9\n    |\n3   |         concat!(\"\\x1B[\", $($inner),*, \"m\")\n    |         ^^^^^^\n    |\n   ::: /home/runner/.cargo/registry/src/index.crates.io-6f17d22bba15001f/anstyle-1.0.9/src/color.rs:254:32\n    |\n254 |             Self::BrightRed => escape!(\"10\", \"1\"),\n    |                                ------------------ in this macro invocation\n    |\n    = note: this error originates in the macro `escape` (in Nightly builds, run with -Z macro-backtrace for more info)\nhelp: consider importing this macro\n   --> /home/runner/.cargo/registry/src/index.crates.io-6f17d22bba15001f/anstyle-1.0.9/src/color.rs:1:1\n    |\n1   + use core::concat;\n    |\n\n","error: cannot find macro `concat` in this scope\n   --> /home/runner/.cargo/registry/src/index.crates.io-6f17d22bba15001f/anstyle-1.0.9/src/macros.rs:3:9\n    |\n3   |         concat!(\"\\x1B[\", $($inner),*, \"m\")\n    |         ^^^^^^\n    |\n   ::: /home/runner/.cargo/registry/src/index.crates.io-6f17d22bba15001f/anstyle-1.0.9/src/color.rs:255:34\n    |\n255 |             Self::BrightGreen => escape!(\"10\", \"2\"),\n    |                                  ------------------ in this macro invocation\n    |\n    = note: this error originates in the macro `escape` (in Nightly builds, run with -Z macro-backtrace for more info)\nhelp: consider importing this macro\n   --> /home/runner/.cargo/registry/src/index.crates.io-6f17d22bba15001f/anstyle-1.0.9/src/color.rs:1:1\n    |\n1   + use core::concat;\n    |\n\n","error: cannot find macro `concat` in this scope\n   --> /home/runner/.cargo/registry/src/index.crates.io-6f17d22bba15001f/anstyle-1.0.9/src/macros.rs:3:9\n    |\n3   |         concat!(\"\\x1B[\", $($inner),*, \"m\")\n    |         ^^^^^^\n    |\n   ::: /home/runner/.cargo/registry/src/index.crates.io-6f17d22bba15001f/anstyle-1.0.9/src/color.rs:256:35\n    |\n256 |             Self::BrightYellow => escape!(\"10\", \"3\"),\n    |                                   ------------------ in this macro invocation\n    |\n    = note: this error originates in the macro `escape` (in Nightly builds, run with -Z macro-backtrace for more info)\nhelp: consider importing this macro\n   --> /home/runner/.cargo/registry/src/index.crates.io-6f17d22bba15001f/anstyle-1.0.9/src/color.rs:1:1\n    |\n1   + use core::concat;\n    |\n\n","error: cannot find macro `concat` in this scope\n   --> /home/runner/.cargo/registry/src/index.crates.io-6f17d22bba15001f/anstyle-1.0.9/src/macros.rs:3:9\n    |\n3   |         concat!(\"\\x1B[\", $($inner),*, \"m\")\n    |         ^^^^^^\n    |\n   ::: /home/runner/.cargo/registry/src/index.crates.io-6f17d22bba15001f/anstyle-1.0.9/src/color.rs:257:33\n    |\n257 |             Self::BrightBlue => escape!(\"10\", \"4\"),\n    |                                 ------------------ in this macro invocation\n    |\n    = note: this error originates in the macro `escape` (in Nightly builds, run with -Z macro-backtrace for more info)\nhelp: consider importing this macro\n   --> /home/runner/.cargo/registry/src/index.crates.io-6f17d22bba15001f/anstyle-1.0.9/src/color.rs:1:1\n    |\n1   + use core::concat;\n    |\n\n","error: cannot find macro `concat` in this scope\n   --> /home/runner/.cargo/registry/src/index.crates.io-6f17d22bba15001f/anstyle-1.0.9/src/macros.rs:3:9\n    |\n3   |         concat!(\"\\x1B[\", $($inner),*, \"m\")\n    |         ^^^^^^\n    |\n   ::: /home/runner/.cargo/registry/src/index.crates.io-6f17d22bba15001f/anstyle-1.0.9/src/color.rs:258:36\n    |\n258 |             Self::BrightMagenta => escape!(\"10\", \"5\"),\n    |                                    ------------------ in this macro invocation\n    |\n    = note: this error originates in the macro `escape` (in Nightly builds, run with -Z macro-backtrace for more info)\nhelp: consider importing this macro\n   --> /home/runner/.cargo/registry/src/index.crates.io-6f17d22bba15001f/anstyle-1.0.9/src/color.rs:1:1\n    |\n1   + use core::concat;\n    |\n\n","error: cannot find macro `concat` in this scope\n   --> /home/runner/.cargo/registry/src/index.crates.io-6f17d22bba15001f/anstyle-1.0.9/src/macros.rs:3:9\n    |\n3   |         concat!(\"\\x1B[\", $($inner),*, \"m\")\n    |         ^^^^^^\n    |\n   ::: /home/runner/.cargo/registry/src/index.crates.io-6f17d22bba15001f/anstyle-1.0.9/src/color.rs:259:33\n    |\n259 |             Self::BrightCyan => escape!(\"10\", \"6\"),\n    |                                 ------------------ in this macro invocation\n    |\n    = note: this error originates in the macro `escape` (in Nightly builds, run with -Z macro-backtrace for more info)\nhelp: consider importing this macro\n   --> /home/runner/.cargo/registry/src/index.crates.io-6f17d22bba15001f/anstyle-1.0.9/src/color.rs:1:1\n    |\n1   + use core::concat;\n    |\n\n","error: cannot find macro `concat` in this scope\n   --> /home/runner/.cargo/registry/src/index.crates.io-6f17d22bba15001f/anstyle-1.0.9/src/macros.rs:3:9\n    |\n3   |         concat!(\"\\x1B[\", $($inner),*, \"m\")\n    |         ^^^^^^\n    |\n   ::: /home/runner/.cargo/registry/src/index.crates.io-6f17d22bba15001f/anstyle-1.0.9/src/color.rs:260:34\n    |\n260 |             Self::BrightWhite => escape!(\"10\", \"7\"),\n    |                                  ------------------ in this macro invocation\n    |\n    = note: this error originates in the macro `escape` (in Nightly builds, run with -Z macro-backtrace for more info)\nhelp: consider importing this macro\n   --> /home/runner/.cargo/registry/src/index.crates.io-6f17d22bba15001f/anstyle-1.0.9/src/color.rs:1:1\n    |\n1   + use core::concat;\n    |\n\n","error: cannot find macro `concat` in this scope\n   --> /home/runner/.cargo/registry/src/index.crates.io-6f17d22bba15001f/anstyle-1.0.9/src/macros.rs:3:9\n    |\n3   |         concat!(\"\\x1B[\", $($inner),*, \"m\")\n    |         ^^^^^^\n    |\n   ::: /home/runner/.cargo/registry/src/index.crates.io-6f17d22bba15001f/anstyle-1.0.9/src/effect.rs:271:17\n    |\n271 |         escape: escape!(\"1\"),\n    |                 ------------ in this macro invocation\n    |\n    = note: this error originates in the macro `escape` (in Nightly builds, run with -Z macro-backtrace for more info)\nhelp: consider importing this macro\n   --> /home/runner/.cargo/registry/src/index.crates.io-6f17d22bba15001f/anstyle-1.0.9/src/effect.rs:1:1\n    |\n1   + use core::concat;\n    |\n\n","error: cannot find macro `concat` in this scope\n   --> /home/runner/.cargo/registry/src/index.crates.io-6f17d22bba15001f/anstyle-1.0.9/src/macros.rs:3:9\n    |\n3   |         concat!(\"\\x1B[\", $($inner),*, \"m\")\n    |         ^^^^^^\n    |\n   ::: /home/runner/.cargo/registry/src/index.crates.io-6f17d22bba15001f/anstyle-1.0.9/src/effect.rs:275:17\n    |\n275 |         escape: escape!(\"2\"),\n    |                 ------------ in this macro invocation\n    |\n    = note: this error originates in the macro `escape` (in Nightly builds, run with -Z macro-backtrace for more info)\nhelp: consider importing this macro\n   --> /home/runner/.cargo/registry/src/index.crates.io-6f17d22bba15001f/anstyle-1.0.9/src/effect.rs:1:1\n    |\n1   + use core::concat;\n    |\n\n","error: cannot find macro `concat` in this scope\n   --> /home/runner/.cargo/registry/src/index.crates.io-6f17d22bba15001f/anstyle-1.0.9/src/macros.rs:3:9\n    |\n3   |         concat!(\"\\x1B[\", $($inner),*, \"m\")\n    |         ^^^^^^\n    |\n   ::: /home/runner/.cargo/registry/src/index.crates.io-6f17d22bba15001f/anstyle-1.0.9/src/effect.rs:279:17\n    |\n279 |         escape: escape!(\"3\"),\n    |                 ------------ in this macro invocation\n    |\n    = note: this error originates in the macro `escape` (in Nightly builds, run with -Z macro-backtrace for more info)\nhelp: consider importing this macro\n   --> /home/runner/.cargo/registry/src/index.crates.io-6f17d22bba15001f/anstyle-1.0.9/src/effect.rs:1:1\n    |\n1   + use core::concat;\n    |\n\n","error: cannot find macro `concat` in this scope\n   --> /home/runner/.cargo/registry/src/index.crates.io-6f17d22bba15001f/anstyle-1.0.9/src/macros.rs:3:9\n    |\n3   |         concat!(\"\\x1B[\", $($inner),*, \"m\")\n    |         ^^^^^^\n    |\n   ::: /home/runner/.cargo/registry/src/index.crates.io-6f17d22bba15001f/anstyle-1.0.9/src/effect.rs:283:17\n    |\n283 |         escape: escape!(\"4\"),\n    |                 ------------ in this macro invocation\n    |\n    = note: this error originates in the macro `escape` (in Nightly builds, run with -Z macro-backtrace for more info)\nhelp: consider importing this macro\n   --> /home/runner/.cargo/registry/src/index.crates.io-6f17d22bba15001f/anstyle-1.0.9/src/effect.rs:1:1\n    |\n1   + use core::concat;\n    |\n\n","error: cannot find macro `concat` in this scope\n   --> /home/runner/.cargo/registry/src/index.crates.io-6f17d22bba15001f/anstyle-1.0.9/src/macros.rs:3:9\n    |\n3   |         concat!(\"\\x1B[\", $($inner),*, \"m\")\n    |         ^^^^^^\n    |\n   ::: /home/runner/.cargo/registry/src/index.crates.io-6f17d22bba15001f/anstyle-1.0.9/src/effect.rs:287:17\n    |\n287 |         escape: escape!(\"21\"),\n    |                 ------------- in this macro invocation\n    |\n    = note: this error originates in the macro `escape` (in Nightly builds, run with -Z macro-backtrace for more info)\nhelp: consider importing this macro\n   --> /home/runner/.cargo/registry/src/index.crates.io-6f17d22bba15001f/anstyle-1.0.9/src/effect.rs:1:1\n    |\n1   + use core::concat;\n    |\n\n","error: cannot find macro `concat` in this scope\n   --> /home/runner/.cargo/registry/src/index.crates.io-6f17d22bba15001f/anstyle-1.0.9/src/macros.rs:3:9\n    |\n3   |         concat!(\"\\x1B[\", $($inner),*, \"m\")\n    |         ^^^^^^\n    |\n   ::: /home/runner/.cargo/registry/src/index.crates.io-6f17d22bba15001f/anstyle-1.0.9/src/effect.rs:291:17\n    |\n291 |         escape: escape!(\"4:3\"),\n    |                 -------------- in this macro invocation\n    |\n    = note: this error originates in the macro `escape` (in Nightly builds, run with -Z macro-backtrace for more info)\nhelp: consider importing this macro\n   --> /home/runner/.cargo/registry/src/index.crates.io-6f17d22bba15001f/anstyle-1.0.9/src/effect.rs:1:1\n    |\n1   + use core::concat;\n    |\n\n","error: cannot find macro `concat` in this scope\n   --> /home/runner/.cargo/registry/src/index.crates.io-6f17d22bba15001f/anstyle-1.0.9/src/macros.rs:3:9\n    |\n3   |         concat!(\"\\x1B[\", $($inner),*, \"m\")\n    |         ^^^^^^\n    |\n   ::: /home/runner/.cargo/registry/src/index.crates.io-6f17d22bba15001f/anstyle-1.0.9/src/effect.rs:295:17\n    |\n295 |         escape: escape!(\"4:4\"),\n    |                 -------------- in this macro invocation\n    |\n    = note: this error originates in the macro `escape` (in Nightly builds, run with -Z macro-backtrace for more info)\nhelp: consider importing this macro\n   --> /home/runner/.cargo/registry/src/index.crates.io-6f17d22bba15001f/anstyle-1.0.9/src/effect.rs:1:1\n    |\n1   + use core::concat;\n    |\n\n","error: cannot find macro `concat` in this scope\n   --> /home/runner/.cargo/registry/src/index.crates.io-6f17d22bba15001f/anstyle-1.0.9/src/macros.rs:3:9\n    |\n3   |         concat!(\"\\x1B[\", $($inner),*, \"m\")\n    |         ^^^^^^\n    |\n   ::: /home/runner/.cargo/registry/src/index.crates.io-6f17d22bba15001f/anstyle-1.0.9/src/effect.rs:299:17\n    |\n299 |         escape: escape!(\"4:5\"),\n    |                 -------------- in this macro invocation\n    |\n    = note: this error originates in the macro `escape` (in Nightly builds, run with -Z macro-backtrace for more info)\nhelp: consider importing this macro\n   --> /home/runner/.cargo/registry/src/index.crates.io-6f17d22bba15001f/anstyle-1.0.9/src/effect.rs:1:1\n    |\n1   + use core::concat;\n    |\n\n","error: cannot find macro `concat` in this scope\n   --> /home/runner/.cargo/registry/src/index.crates.io-6f17d22bba15001f/anstyle-1.0.9/src/macros.rs:3:9\n    |\n3   |         concat!(\"\\x1B[\", $($inner),*, \"m\")\n    |         ^^^^^^\n    |\n   ::: /home/runner/.cargo/registry/src/index.crates.io-6f17d22bba15001f/anstyle-1.0.9/src/effect.rs:303:17\n    |\n303 |         escape: escape!(\"5\"),\n    |                 ------------ in this macro invocation\n    |\n    = note: this error originates in the macro `escape` (in Nightly builds, run with -Z macro-backtrace for more info)\nhelp: consider importing this macro\n   --> /home/runner/.cargo/registry/src/index.crates.io-6f17d22bba15001f/anstyle-1.0.9/src/effect.rs:1:1\n    |\n1   + use core::concat;\n    |\n\n","error: cannot find macro `concat` in this scope\n   --> /home/runner/.cargo/registry/src/index.crates.io-6f17d22bba15001f/anstyle-1.0.9/src/macros.rs:3:9\n    |\n3   |         concat!(\"\\x1B[\", $($inner),*, \"m\")\n    |         ^^^^^^\n    |\n   ::: /home/runner/.cargo/registry/src/index.crates.io-6f17d22bba15001f/anstyle-1.0.9/src/effect.rs:307:17\n    |\n307 |         escape: escape!(\"7\"),\n    |                 ------------ in this macro invocation\n    |\n    = note: this error originates in the macro `escape` (in Nightly builds, run with -Z macro-backtrace for more info)\nhelp: consider importing this macro\n   --> /home/runner/.cargo/registry/src/index.crates.io-6f17d22bba15001f/anstyle-1.0.9/src/effect.rs:1:1\n    |\n1   + use core::concat;\n    |\n\n","error: cannot find macro `concat` in this scope\n   --> /home/runner/.cargo/registry/src/index.crates.io-6f17d22bba15001f/anstyle-1.0.9/src/macros.rs:3:9\n    |\n3   |         concat!(\"\\x1B[\", $($inner),*, \"m\")\n    |         ^^^^^^\n    |\n   ::: /home/runner/.cargo/registry/src/index.crates.io-6f17d22bba15001f/anstyle-1.0.9/src/effect.rs:311:17\n    |\n311 |         escape: escape!(\"8\"),\n    |                 ------------ in this macro invocation\n    |\n    = note: this error originates in the macro `escape` (in Nightly builds, run with -Z macro-backtrace for more info)\nhelp: consider importing this macro\n   --> /home/runner/.cargo/registry/src/index.crates.io-6f17d22bba15001f/anstyle-1.0.9/src/effect.rs:1:1\n    |\n1   + use core::concat;\n    |\n\n","error: cannot find macro `concat` in this scope\n   --> /home/runner/.cargo/registry/src/index.crates.io-6f17d22bba15001f/anstyle-1.0.9/src/macros.rs:3:9\n    |\n3   |         concat!(\"\\x1B[\", $($inner),*, \"m\")\n    |         ^^^^^^\n    |\n   ::: /home/runner/.cargo/registry/src/index.crates.io-6f17d22bba15001f/anstyle-1.0.9/src/effect.rs:315:17\n    |\n315 |         escape: escape!(\"9\"),\n    |                 ------------ in this macro invocation\n    |\n    = note: this error originates in the macro `escape` (in Nightly builds, run with -Z macro-backtrace for more info)\nhelp: consider importing this macro\n   --> /home/runner/.cargo/registry/src/index.crates.io-6f17d22bba15001f/anstyle-1.0.9/src/effect.rs:1:1\n    |\n1   + use core::concat;\n    |\n\n"]}},{"file":"/home/runner/.cargo/registry/src/index.crates.io-6f17d22bba15001f/anstyle-1.0.9/src/style.rs","count":35,"kinds":{"Clippy(Error)":["error[E0463]: can't find crate for `std`\n   --> /home/runner/.cargo/registry/src/index.crates.io-6f17d22bba15001f/anstyle-1.0.9/src/style.rs:434:9\n    |\n434 |     use std::mem::size_of;\n    |         ^^^ can't find crate\n    |\n    = note: the `x86_64-unknown-none` target may not support the standard library\n    = help: consider building the standard library from source with `cargo build -Zbuild-std`\n\n","error: cannot find attribute `derive` in this scope\n  --> /home/runner/.cargo/registry/src/index.crates.io-6f17d22bba15001f/anstyle-1.0.9/src/style.rs:17:3\n   |\n17 | #[derive(Copy, Clone, Default, Debug, PartialEq, Eq, PartialOrd, Ord, Hash)]\n   |   ^^^^^^\n   |\nhelp: consider importing this attribute macro\n   |\n1  + use core::prelude::rust_2024::derive;\n   |\n\n","error: cannot find attribute `derive` in this scope\n   --> /home/runner/.cargo/registry/src/index.crates.io-6f17d22bba15001f/anstyle-1.0.9/src/style.rs:422:3\n    |\n422 | #[derive(Copy, Clone, Default, Debug)]\n    |   ^^^^^^\n    |\nhelp: consider importing this attribute macro\n    |\n1   + use core::prelude::rust_2024::derive;\n    |\n\n","error: cannot find attribute `test` in this scope\n   --> /home/runner/.cargo/registry/src/index.crates.io-6f17d22bba15001f/anstyle-1.0.9/src/style.rs:431:3\n    |\n431 | #[test]\n    |   ^^^^\n    |\nhelp: consider importing this attribute macro\n    |\n1   + use core::prelude::rust_2024::test;\n    |\n\n","error: cannot find macro `dbg` in this scope\n   --> /home/runner/.cargo/registry/src/index.crates.io-6f17d22bba15001f/anstyle-1.0.9/src/style.rs:435:5\n    |\n435 |     dbg!(size_of::<Style>());\n    |     ^^^\n\n","error: cannot find macro `dbg` in this scope\n   --> /home/runner/.cargo/registry/src/index.crates.io-6f17d22bba15001f/anstyle-1.0.9/src/style.rs:436:5\n    |\n436 |     dbg!(size_of::<StyleDisplay>());\n    |     ^^^\n\n","error[E0463]: can't find crate for `std`\n   --> /home/runner/.cargo/registry/src/index.crates.io-6f17d22bba15001f/anstyle-1.0.9/src/style.rs:131:43\n    |\n131 |     pub fn write_to(self, write: &mut dyn std::io::Write) -> std::io::Result<()> {\n    |                                           ^^^ can't find crate\n    |\n    = note: the `x86_64-unknown-none` target may not support the standard library\n    = help: consider building the standard library from source with `cargo build -Zbuild-std`\n\n","error[E0463]: can't find crate for `std`\n   --> /home/runner/.cargo/registry/src/index.crates.io-6f17d22bba15001f/anstyle-1.0.9/src/style.rs:131:62\n    |\n131 |     pub fn write_to(self, write: &mut dyn std::io::Write) -> std::io::Result<()> {\n    |                                                              ^^^ can't find crate\n    |\n    = note: the `x86_64-unknown-none` target may not support the standard library\n    = help: consider building the standard library from source with `cargo build -Zbuild-std`\n\n","error[E0463]: can't find crate for `std`\n   --> /home/runner/.cargo/registry/src/index.crates.io-6f17d22bba15001f/anstyle-1.0.9/src/style.rs:166:49\n    |\n166 |     pub fn write_reset_to(self, write: &mut dyn std::io::Write) -> std::io::Result<()> {\n    |                                                 ^^^ can't find crate\n    |\n    = note: the `x86_64-unknown-none` target may not support the standard library\n    = help: consider building the standard library from source with `cargo build -Zbuild-std`\n\n","error[E0463]: can't find crate for `std`\n   --> /home/runner/.cargo/registry/src/index.crates.io-6f17d22bba15001f/anstyle-1.0.9/src/style.rs:166:68\n    |\n166 |     pub fn write_reset_to(self, write: &mut dyn std::io::Write) -> std::io::Result<()> {\n    |                                                                    ^^^ can't find crate\n    |\n    = note: the `x86_64-unknown-none` target may not support the standard library\n    = help: consider building the standard library from source with `cargo build -Zbuild-std`\n\n","error[E0412]: cannot find type `Option` in this scope\n  --> /home/runner/.cargo/registry/src/index.crates.io-6f17d22bba15001f/anstyle-1.0.9/src/style.rs:19:9\n   |\n19 |     fg: Option<crate::Color>,\n   |         ^^^^^^ not found in this scope\n   |\nhelp: consider importing this enum\n   |\n1  + use core::option::Option;\n   |\n\n","error[E0412]: cannot find type `Option` in this scope\n  --> /home/runner/.cargo/registry/src/index.crates.io-6f17d22bba15001f/anstyle-1.0.9/src/style.rs:20:9\n   |\n20 |     bg: Option<crate::Color>,\n   |         ^^^^^^ not found in this scope\n   |\nhelp: consider importing this enum\n   |\n1  + use core::option::Option;\n   |\n\n","error[E0412]: cannot find type `Option` in this scope\n  --> /home/runner/.cargo/registry/src/index.crates.io-6f17d22bba15001f/anstyle-1.0.9/src/style.rs:21:16\n   |\n21 |     underline: Option<crate::Color>,\n   |                ^^^^^^ not found in this scope\n   |\nhelp: consider importing this enum\n   |\n1  + use core::option::Option;\n   |\n\n","error[E0425]: cannot find value `None` in this scope\n  --> /home/runner/.cargo/registry/src/index.crates.io-6f17d22bba15001f/anstyle-1.0.9/src/style.rs:37:17\n   |\n37 |             fg: None,\n   |                 ^^^^ not found in this scope\n   |\nhelp: consider importing this unit variant\n   |\n1  + use core::option::Option::None;\n   |\n\n","error[E0425]: cannot find value `None` in this scope\n  --> /home/runner/.cargo/registry/src/index.crates.io-6f17d22bba15001f/anstyle-1.0.9/src/style.rs:38:17\n   |\n38 |             bg: None,\n   |                 ^^^^ not found in this scope\n   |\nhelp: consider importing this unit variant\n   |\n1  + use core::option::Option::None;\n   |\n\n","error[E0425]: cannot find value `None` in this scope\n  --> /home/runner/.cargo/registry/src/index.crates.io-6f17d22bba15001f/anstyle-1.0.9/src/style.rs:39:24\n   |\n39 |             underline: None,\n   |                        ^^^^ not found in this scope\n   |\nhelp: consider importing this unit variant\n   |\n1  + use core::option::Option::None;\n   |\n\n","error[E0412]: cannot find type `Option` in this scope\n  --> /home/runner/.cargo/registry/src/index.crates.io-6f17d22bba15001f/anstyle-1.0.9/src/style.rs:53:41\n   |\n53 |     pub const fn fg_color(mut self, fg: Option<crate::Color>) -> Self {\n   |                                         ^^^^^^ not found in this scope\n   |\nhelp: consider importing this enum\n   |\n1  + use core::option::Option;\n   |\n\n","error[E0412]: cannot find type `Option` in this scope\n  --> /home/runner/.cargo/registry/src/index.crates.io-6f17d22bba15001f/anstyle-1.0.9/src/style.rs:67:41\n   |\n67 |     pub const fn bg_color(mut self, bg: Option<crate::Color>) -> Self {\n   |                                         ^^^^^^ not found in this scope\n   |\nhelp: consider importing this enum\n   |\n1  + use core::option::Option;\n   |\n\n","error[E0412]: cannot find type `Option` in this scope\n  --> /home/runner/.cargo/registry/src/index.crates.io-6f17d22bba15001f/anstyle-1.0.9/src/style.rs:81:55\n   |\n81 |     pub const fn underline_color(mut self, underline: Option<crate::Color>) -> Self {\n   |                                                       ^^^^^^ not found in this scope\n   |\nhelp: consider importing this enum\n   |\n1  + use core::option::Option;\n   |\n\n","error[E0405]: cannot find trait `Copy` in this scope\n   --> /home/runner/.cargo/registry/src/index.crates.io-6f17d22bba15001f/anstyle-1.0.9/src/style.rs:104:54\n    |\n104 |     pub fn render(self) -> impl core::fmt::Display + Copy {\n    |                                                      ^^^^ not found in this scope\n    |\nhelp: consider importing this trait\n    |\n1   + use core::marker::Copy;\n    |\n\n","error[E0531]: cannot find tuple struct or tuple variant `Some` in this scope\n   --> /home/runner/.cargo/registry/src/index.crates.io-6f17d22bba15001f/anstyle-1.0.9/src/style.rs:113:16\n    |\n113 |         if let Some(fg) = self.fg {\n    |                ^^^^ not found in this scope\n    |\nhelp: consider importing this tuple variant\n    |\n1   + use core::option::Option::Some;\n    |\n\n","error[E0531]: cannot find tuple struct or tuple variant `Some` in this scope\n   --> /home/runner/.cargo/registry/src/index.crates.io-6f17d22bba15001f/anstyle-1.0.9/src/style.rs:117:16\n    |\n117 |         if let Some(bg) = self.bg {\n    |                ^^^^ not found in this scope\n    |\nhelp: consider importing this tuple variant\n    |\n1   + use core::option::Option::Some;\n    |\n\n","error[E0531]: cannot find tuple struct or tuple variant `Some` in this scope\n   --> /home/runner/.cargo/registry/src/index.crates.io-6f17d22bba15001f/anstyle-1.0.9/src/style.rs:121:16\n    |\n121 |         if let Some(underline) = self.underline {\n    |                ^^^^ not found in this scope\n    |\nhelp: consider importing this tuple variant\n    |\n1   + use core::option::Option::Some;\n    |\n\n","error[E0425]: cannot find function, tuple struct or tuple variant `Ok` in this scope\n   --> /home/runner/.cargo/registry/src/index.crates.io-6f17d22bba15001f/anstyle-1.0.9/src/style.rs:125:9\n    |\n125 |         Ok(())\n    |         ^^ not found in this scope\n    |\nhelp: consider importing this tuple variant\n    |\n1   + use core::result::Result::Ok;\n    |\n\n","error[E0531]: cannot find tuple struct or tuple variant `Some` in this scope\n   --> /home/runner/.cargo/registry/src/index.crates.io-6f17d22bba15001f/anstyle-1.0.9/src/style.rs:134:16\n    |\n134 |         if let Some(fg) = self.fg {\n    |                ^^^^ not found in this scope\n    |\nhelp: consider importing this tuple variant\n    |\n1   + use core::option::Option::Some;\n    |\n\n","error[E0531]: cannot find tuple struct or tuple variant `Some` in this scope\n   --> /home/runner/.cargo/registry/src/index.crates.io-6f17d22bba15001f/anstyle-1.0.9/src/style.rs:138:16\n    |\n138 |         if let Some(bg) = self.bg {\n    |                ^^^^ not found in this scope\n    |\nhelp: consider importing this tuple variant\n    |\n1   + use core::option::Option::Some;\n    |\n\n","error[E0531]: cannot find tuple struct or tuple variant `Some` in this scope\n   --> /home/runner/.cargo/registry/src/index.crates.io-6f17d22bba15001f/anstyle-1.0.9/src/style.rs:142:16\n    |\n142 |         if let Some(underline) = self.underline {\n    |                ^^^^ not found in this scope\n    |\nhelp: consider importing this tuple variant\n    |\n1   + use core::option::Option::Some;\n    |\n\n","error[E0425]: cannot find function, tuple struct or tuple variant `Ok` in this scope\n   --> /home/runner/.cargo/registry/src/index.crates.io-6f17d22bba15001f/anstyle-1.0.9/src/style.rs:146:9\n    |\n146 |         Ok(())\n    |         ^^ not found in this scope\n    |\nhelp: consider importing this tuple variant\n    |\n1   + use core::result::Result::Ok;\n    |\n\n","error[E0405]: cannot find trait `Copy` in this scope\n   --> /home/runner/.cargo/registry/src/index.crates.io-6f17d22bba15001f/anstyle-1.0.9/src/style.rs:153:60\n    |\n153 |     pub fn render_reset(self) -> impl core::fmt::Display + Copy {\n    |                                                            ^^^^ not found in this scope\n    |\nhelp: consider importing this trait\n    |\n1   + use core::marker::Copy;\n    |\n\n","error[E0425]: cannot find function, tuple struct or tuple variant `Ok` in this scope\n   --> /home/runner/.cargo/registry/src/index.crates.io-6f17d22bba15001f/anstyle-1.0.9/src/style.rs:170:13\n    |\n170 |             Ok(())\n    |             ^^ not found in this scope\n    |\nhelp: consider importing this tuple variant\n    |\n1   + use core::result::Result::Ok;\n    |\n\n","error[E0412]: cannot find type `Option` in this scope\n   --> /home/runner/.cargo/registry/src/index.crates.io-6f17d22bba15001f/anstyle-1.0.9/src/style.rs:294:40\n    |\n294 |     pub const fn get_fg_color(self) -> Option<crate::Color> {\n    |                                        ^^^^^^ not found in this scope\n    |\nhelp: consider importing this enum\n    |\n1   + use core::option::Option;\n    |\n\n","error[E0412]: cannot find type `Option` in this scope\n   --> /home/runner/.cargo/registry/src/index.crates.io-6f17d22bba15001f/anstyle-1.0.9/src/style.rs:301:40\n    |\n301 |     pub const fn get_bg_color(self) -> Option<crate::Color> {\n    |                                        ^^^^^^ not found in this scope\n    |\nhelp: consider importing this enum\n    |\n1   + use core::option::Option;\n    |\n\n","error[E0412]: cannot find type `Option` in this scope\n   --> /home/runner/.cargo/registry/src/index.crates.io-6f17d22bba15001f/anstyle-1.0.9/src/style.rs:307:47\n    |\n307 |     pub const fn get_underline_color(self) -> Option<crate::Color> {\n    |                                               ^^^^^^ not found in this scope\n    |\nhelp: consider importing this enum\n    |\n1   + use core::option::Option;\n    |\n\n","error[E0405]: cannot find trait `From` in this scope\n   --> /home/runner/.cargo/registry/src/index.crates.io-6f17d22bba15001f/anstyle-1.0.9/src/style.rs:332:6\n    |\n332 | impl From<crate::Effects> for Style {\n    |      ^^^^ not found in this scope\n    |\nhelp: consider importing this trait\n    |\n1   + use core::convert::From;\n    |\n\n","error[E0405]: cannot find trait `PartialEq` in this scope\n   --> /home/runner/.cargo/registry/src/index.crates.io-6f17d22bba15001f/anstyle-1.0.9/src/style.rs:403:6\n    |\n403 | impl PartialEq<crate::Effects> for Style {\n    |      ^^^^^^^^^ not found in this scope\n    |\nhelp: consider importing this trait\n    |\n1   + use core::cmp::PartialEq;\n    |\n\n"]}},{"file":"/home/runner/.cargo/registry/src/index.crates.io-6f17d22bba15001f/anstyle-1.0.9/src/effect.rs","count":23,"kinds":{"Clippy(Error)":["error: cannot find attribute `derive` in this scope\n --> /home/runner/.cargo/registry/src/index.crates.io-6f17d22bba15001f/anstyle-1.0.9/src/effect.rs:8:3\n  |\n8 | #[derive(Copy, Clone, Default, PartialEq, Eq, PartialOrd, Ord, Hash)]\n  |   ^^^^^^\n  |\nhelp: consider importing this attribute macro\n  |\n1 + use core::prelude::rust_2024::derive;\n  |\n\n","error: cannot find macro `write` in this scope\n   --> /home/runner/.cargo/registry/src/index.crates.io-6f17d22bba15001f/anstyle-1.0.9/src/effect.rs:193:9\n    |\n193 |         write!(f, \"Effects(\")?;\n    |         ^^^^^\n    |\nhelp: consider importing this macro\n    |\n1   + use core::write;\n    |\n\n","error: cannot find macro `write` in this scope\n   --> /home/runner/.cargo/registry/src/index.crates.io-6f17d22bba15001f/anstyle-1.0.9/src/effect.rs:196:17\n    |\n196 |                 write!(f, \" | \")?;\n    |                 ^^^^^\n    |\nhelp: consider importing this macro\n    |\n1   + use core::write;\n    |\n\n","error: cannot find macro `write` in this scope\n   --> /home/runner/.cargo/registry/src/index.crates.io-6f17d22bba15001f/anstyle-1.0.9/src/effect.rs:198:13\n    |\n198 |             write!(f, \"{}\", METADATA[index].name)?;\n    |             ^^^^^\n    |\nhelp: consider importing this macro\n    |\n1   + use core::write;\n    |\n\n","error: cannot find macro `write` in this scope\n   --> /home/runner/.cargo/registry/src/index.crates.io-6f17d22bba15001f/anstyle-1.0.9/src/effect.rs:200:9\n    |\n200 |         write!(f, \")\")?;\n    |         ^^^^^\n    |\nhelp: consider importing this macro\n    |\n1   + use core::write;\n    |\n\n","error: cannot find attribute `derive` in this scope\n   --> /home/runner/.cargo/registry/src/index.crates.io-6f17d22bba15001f/anstyle-1.0.9/src/effect.rs:319:3\n    |\n319 | #[derive(Copy, Clone, Default, Debug)]\n    |   ^^^^^^\n    |\nhelp: consider importing this attribute macro\n    |\n1   + use core::prelude::rust_2024::derive;\n    |\n\n","error: cannot find macro `write` in this scope\n   --> /home/runner/.cargo/registry/src/index.crates.io-6f17d22bba15001f/anstyle-1.0.9/src/effect.rs:327:13\n    |\n327 |             write!(f, \"{escape}\")?;\n    |             ^^^^^\n    |\nhelp: consider importing this macro\n    |\n1   + use core::write;\n    |\n\n","error: cannot find attribute `derive` in this scope\n   --> /home/runner/.cargo/registry/src/index.crates.io-6f17d22bba15001f/anstyle-1.0.9/src/effect.rs:334:3\n    |\n334 | #[derive(Clone, Debug, PartialEq, Eq)]\n    |   ^^^^^^\n    |\nhelp: consider importing this attribute macro\n    |\n1   + use core::prelude::rust_2024::derive;\n    |\n\n","error: cannot find attribute `derive` in this scope\n   --> /home/runner/.cargo/registry/src/index.crates.io-6f17d22bba15001f/anstyle-1.0.9/src/effect.rs:358:3\n    |\n358 | #[derive(Clone, Debug, PartialEq, Eq)]\n    |   ^^^^^^\n    |\nhelp: consider importing this attribute macro\n    |\n1   + use core::prelude::rust_2024::derive;\n    |\n\n","error[E0463]: can't find crate for `std`\n   --> /home/runner/.cargo/registry/src/index.crates.io-6f17d22bba15001f/anstyle-1.0.9/src/effect.rs:174:50\n    |\n174 |     pub(crate) fn write_to(self, write: &mut dyn std::io::Write) -> std::io::Result<()> {\n    |                                                  ^^^ can't find crate\n    |\n    = note: the `x86_64-unknown-none` target may not support the standard library\n    = help: consider building the standard library from source with `cargo build -Zbuild-std`\n\n","error[E0463]: can't find crate for `std`\n   --> /home/runner/.cargo/registry/src/index.crates.io-6f17d22bba15001f/anstyle-1.0.9/src/effect.rs:174:69\n    |\n174 |     pub(crate) fn write_to(self, write: &mut dyn std::io::Write) -> std::io::Result<()> {\n    |                                                                     ^^^ can't find crate\n    |\n    = note: the `x86_64-unknown-none` target may not support the standard library\n    = help: consider building the standard library from source with `cargo build -Zbuild-std`\n\n","error[E0405]: cannot find trait `Copy` in this scope\n   --> /home/runner/.cargo/registry/src/index.crates.io-6f17d22bba15001f/anstyle-1.0.9/src/effect.rs:168:54\n    |\n168 |     pub fn render(self) -> impl core::fmt::Display + Copy {\n    |                                                      ^^^^ not found in this scope\n    |\nhelp: consider importing this trait\n    |\n1   + use core::marker::Copy;\n    |\n\n","error[E0425]: cannot find function, tuple struct or tuple variant `Ok` in this scope\n   --> /home/runner/.cargo/registry/src/index.crates.io-6f17d22bba15001f/anstyle-1.0.9/src/effect.rs:178:9\n    |\n178 |         Ok(())\n    |         ^^ not found in this scope\n    |\nhelp: consider importing this tuple variant\n    |\n1   + use core::result::Result::Ok;\n    |\n\n","error[E0425]: cannot find function, tuple struct or tuple variant `Ok` in this scope\n   --> /home/runner/.cargo/registry/src/index.crates.io-6f17d22bba15001f/anstyle-1.0.9/src/effect.rs:201:9\n    |\n201 |         Ok(())\n    |         ^^ not found in this scope\n    |\nhelp: consider importing this tuple variant\n    |\n1   + use core::result::Result::Ok;\n    |\n\n","error[E0425]: cannot find function, tuple struct or tuple variant `Ok` in this scope\n   --> /home/runner/.cargo/registry/src/index.crates.io-6f17d22bba15001f/anstyle-1.0.9/src/effect.rs:329:9\n    |\n329 |         Ok(())\n    |         ^^ not found in this scope\n    |\nhelp: consider importing this tuple variant\n    |\n1   + use core::result::Result::Ok;\n    |\n\n","error[E0405]: cannot find trait `Iterator` in this scope\n   --> /home/runner/.cargo/registry/src/index.crates.io-6f17d22bba15001f/anstyle-1.0.9/src/effect.rs:340:6\n    |\n340 | impl Iterator for EffectIter {\n    |      ^^^^^^^^ not found in this scope\n    |\nhelp: consider importing this trait\n    |\n1   + use core::iter::Iterator;\n    |\n\n","error[E0412]: cannot find type `Option` in this scope\n   --> /home/runner/.cargo/registry/src/index.crates.io-6f17d22bba15001f/anstyle-1.0.9/src/effect.rs:343:27\n    |\n343 |     fn next(&mut self) -> Option<Self::Item> {\n    |                           ^^^^^^ not found in this scope\n    |\nhelp: consider importing this enum\n    |\n1   + use core::option::Option;\n    |\n\n","error[E0425]: cannot find function, tuple struct or tuple variant `Some` in this scope\n   --> /home/runner/.cargo/registry/src/index.crates.io-6f17d22bba15001f/anstyle-1.0.9/src/effect.rs:350:24\n    |\n350 |                 return Some(effect);\n    |                        ^^^^ not found in this scope\n    |\nhelp: consider importing this tuple variant\n    |\n1   + use core::option::Option::Some;\n    |\n\n","error[E0425]: cannot find value `None` in this scope\n   --> /home/runner/.cargo/registry/src/index.crates.io-6f17d22bba15001f/anstyle-1.0.9/src/effect.rs:354:9\n    |\n354 |         None\n    |         ^^^^ not found in this scope\n    |\nhelp: consider importing this unit variant\n    |\n1   + use core::option::Option::None;\n    |\n\n","error[E0405]: cannot find trait `Iterator` in this scope\n   --> /home/runner/.cargo/registry/src/index.crates.io-6f17d22bba15001f/anstyle-1.0.9/src/effect.rs:364:6\n    |\n364 | impl Iterator for EffectIndexIter {\n    |      ^^^^^^^^ not found in this scope\n    |\nhelp: consider importing this trait\n    |\n1   + use core::iter::Iterator;\n    |\n\n","error[E0412]: cannot find type `Option` in this scope\n   --> /home/runner/.cargo/registry/src/index.crates.io-6f17d22bba15001f/anstyle-1.0.9/src/effect.rs:367:27\n    |\n367 |     fn next(&mut self) -> Option<Self::Item> {\n    |                           ^^^^^^ not found in this scope\n    |\nhelp: consider importing this enum\n    |\n1   + use core::option::Option;\n    |\n\n","error[E0425]: cannot find function, tuple struct or tuple variant `Some` in this scope\n   --> /home/runner/.cargo/registry/src/index.crates.io-6f17d22bba15001f/anstyle-1.0.9/src/effect.rs:374:24\n    |\n374 |                 return Some(index);\n    |                        ^^^^ not found in this scope\n    |\nhelp: consider importing this tuple variant\n    |\n1   + use core::option::Option::Some;\n    |\n\n","error[E0425]: cannot find value `None` in this scope\n   --> /home/runner/.cargo/registry/src/index.crates.io-6f17d22bba15001f/anstyle-1.0.9/src/effect.rs:378:9\n    |\n378 |         None\n    |         ^^^^ not found in this scope\n    |\nhelp: consider importing this unit variant\n    |\n1   + use core::option::Option::None;\n    |\n\n"]}},{"file":"/home/runner/.cargo/registry/src/index.crates.io-6f17d22bba15001f/anstyle-query-1.1.2/src/lib.rs","count":12,"kinds":{"Clippy(Error)":["error[E0463]: can't find crate for `std`\n  |\n  = note: the `x86_64-unknown-none` target may not support the standard library\n  = note: `std` is required by `anstyle_query` because it does not declare `#![no_std]`\n  = help: consider building the standard library from source with `cargo build -Zbuild-std`\n\n","error[E0463]: can't find crate for `std`\n  --> /home/runner/.cargo/registry/src/index.crates.io-6f17d22bba15001f/anstyle-query-1.1.2/src/lib.rs:24:17\n   |\n24 |     let value = std::env::var_os(\"CLICOLOR\")?;\n   |                 ^^^ can't find crate\n   |\n   = note: the `x86_64-unknown-none` target may not support the standard library\n   = help: consider building the standard library from source with `cargo build -Zbuild-std`\n\n","error[E0463]: can't find crate for `std`\n  --> /home/runner/.cargo/registry/src/index.crates.io-6f17d22bba15001f/anstyle-query-1.1.2/src/lib.rs:35:15\n   |\n35 |     non_empty(std::env::var_os(\"CLICOLOR_FORCE\").as_deref())\n   |               ^^^ can't find crate\n   |\n   = note: the `x86_64-unknown-none` target may not support the standard library\n   = help: consider building the standard library from source with `cargo build -Zbuild-std`\n\n","error[E0463]: can't find crate for `std`\n  --> /home/runner/.cargo/registry/src/index.crates.io-6f17d22bba15001f/anstyle-query-1.1.2/src/lib.rs:50:15\n   |\n50 |     non_empty(std::env::var_os(\"NO_COLOR\").as_deref())\n   |               ^^^ can't find crate\n   |\n   = note: the `x86_64-unknown-none` target may not support the standard library\n   = help: consider building the standard library from source with `cargo build -Zbuild-std`\n\n","error[E0463]: can't find crate for `std`\n  --> /home/runner/.cargo/registry/src/index.crates.io-6f17d22bba15001f/anstyle-query-1.1.2/src/lib.rs:58:15\n   |\n58 |         match std::env::var_os(\"TERM\") {\n   |               ^^^ can't find crate\n   |\n   = note: the `x86_64-unknown-none` target may not support the standard library\n   = help: consider building the standard library from source with `cargo build -Zbuild-std`\n\n","error[E0463]: can't find crate for `std`\n   --> /home/runner/.cargo/registry/src/index.crates.io-6f17d22bba15001f/anstyle-query-1.1.2/src/lib.rs:116:17\n    |\n116 |     let value = std::env::var_os(\"COLORTERM\");\n    |                 ^^^ can't find crate\n    |\n    = note: the `x86_64-unknown-none` target may not support the standard library\n    = help: consider building the standard library from source with `cargo build -Zbuild-std`\n\n","error[E0463]: can't find crate for `std`\n   --> /home/runner/.cargo/registry/src/index.crates.io-6f17d22bba15001f/anstyle-query-1.1.2/src/lib.rs:134:5\n    |\n134 |     std::env::var_os(\"CI\").is_some()\n    |     ^^^ can't find crate\n    |\n    = note: the `x86_64-unknown-none` target may not support the standard library\n    = help: consider building the standard library from source with `cargo build -Zbuild-std`\n\n","error[E0463]: can't find crate for `std`\n   --> /home/runner/.cargo/registry/src/index.crates.io-6f17d22bba15001f/anstyle-query-1.1.2/src/lib.rs:137:27\n    |\n137 | fn non_empty(var: Option<&std::ffi::OsStr>) -> bool {\n    |                           ^^^ can't find crate\n    |\n    = note: the `x86_64-unknown-none` target may not support the standard library\n    = help: consider building the standard library from source with `cargo build -Zbuild-std`\n\n","error[E0412]: cannot find type `Option` in this scope\n  --> /home/runner/.cargo/registry/src/index.crates.io-6f17d22bba15001f/anstyle-query-1.1.2/src/lib.rs:23:22\n   |\n23 | pub fn clicolor() -> Option<bool> {\n   |                      ^^^^^^ not found in this scope\n   |\nhelp: consider importing this enum\n   |\n8  + use core::option::Option;\n   |\n\n","error[E0425]: cannot find function, tuple struct or tuple variant `Some` in this scope\n  --> /home/runner/.cargo/registry/src/index.crates.io-6f17d22bba15001f/anstyle-query-1.1.2/src/lib.rs:25:5\n   |\n25 |     Some(value != \"0\")\n   |     ^^^^ not found in this scope\n   |\nhelp: consider importing this tuple variant\n   |\n8  + use core::option::Option::Some;\n   |\n\n","error[E0531]: cannot find tuple struct or tuple variant `Some` in this scope\n  --> /home/runner/.cargo/registry/src/index.crates.io-6f17d22bba15001f/anstyle-query-1.1.2/src/lib.rs:62:13\n   |\n62 |             Some(k) => {\n   |             ^^^^ not found in this scope\n   |\nhelp: consider importing this tuple variant\n   |\n8  + use core::option::Option::Some;\n   |\n\n","error[E0412]: cannot find type `Option` in this scope\n   --> /home/runner/.cargo/registry/src/index.crates.io-6f17d22bba15001f/anstyle-query-1.1.2/src/lib.rs:137:19\n    |\n137 | fn non_empty(var: Option<&std::ffi::OsStr>) -> bool {\n    |                   ^^^^^^ not found in this scope\n    |\nhelp: consider importing this enum\n    |\n8   + use core::option::Option;\n    |\n\n"]}},{"file":"/home/runner/.cargo/registry/src/index.crates.io-6f17d22bba15001f/anstyle-1.0.9/src/reset.rs","count":3,"kinds":{"Clippy(Error)":["error: cannot find attribute `derive` in this scope\n --> /home/runner/.cargo/registry/src/index.crates.io-6f17d22bba15001f/anstyle-1.0.9/src/reset.rs:3:3\n  |\n3 | #[derive(Copy, Clone, Default, Debug, PartialEq, Eq, PartialOrd, Ord, Hash)]\n  |   ^^^^^^\n  |\nhelp: consider importing this attribute macro\n  |\n1 + use core::prelude::rust_2024::derive;\n  |\n\n","error: cannot find macro `write` in this scope\n  --> /home/runner/.cargo/registry/src/index.crates.io-6f17d22bba15001f/anstyle-1.0.9/src/reset.rs:18:9\n   |\n18 |         write!(f, \"{RESET}\")\n   |         ^^^^^\n   |\nhelp: consider importing this macro\n   |\n1  + use core::write;\n   |\n\n","error[E0405]: cannot find trait `Copy` in this scope\n  --> /home/runner/.cargo/registry/src/index.crates.io-6f17d22bba15001f/anstyle-1.0.9/src/reset.rs:11:54\n   |\n11 |     pub fn render(self) -> impl core::fmt::Display + Copy {\n   |                                                      ^^^^ not found in this scope\n   |\nhelp: consider importing this trait\n   |\n1  + use core::marker::Copy;\n   |\n\n"]}},{"file":"/home/runner/.cargo/registry/src/index.crates.io-6f17d22bba15001f/anstyle-query-1.1.2/src/windows.rs","count":3,"kinds":{"Clippy(Error)":["error[E0412]: cannot find type `Option` in this scope\n  --> /home/runner/.cargo/registry/src/index.crates.io-6f17d22bba15001f/anstyle-query-1.1.2/src/windows.rs:63:43\n   |\n63 |     pub(crate) fn enable_ansi_colors() -> Option<bool> {\n   |                                           ^^^^^^ not found in this scope\n   |\nhelp: consider importing this enum\n   |\n62 +     use core::option::Option;\n   |\n\n","error[E0425]: cannot find value `None` in this scope\n  --> /home/runner/.cargo/registry/src/index.crates.io-6f17d22bba15001f/anstyle-query-1.1.2/src/windows.rs:64:9\n   |\n64 |         None\n   |         ^^^^ not found in this scope\n   |\nhelp: consider importing this unit variant\n   |\n62 +     use core::option::Option::None;\n   |\n\n","error[E0412]: cannot find type `Option` in this scope\n  --> /home/runner/.cargo/registry/src/index.crates.io-6f17d22bba15001f/anstyle-query-1.1.2/src/windows.rs:71:32\n   |\n71 | pub fn enable_ansi_colors() -> Option<bool> {\n   |                                ^^^^^^ not found in this scope\n   |\nhelp: consider importing this enum\n   |\n3  + use core::option::Option;\n   |\n\n"]}},{"file":"/home/runner/.cargo/registry/src/index.crates.io-6f17d22bba15001f/anstyle-1.0.9/src/lib.rs","count":1,"kinds":{"Clippy(Error)":["error[E0463]: can't find crate for `std`\n  |\n  = note: the `x86_64-unknown-none` target may not support the standard library\n  = note: `std` is required by `anstyle` because it does not declare `#![no_std]`\n  = help: consider building the standard library from source with `cargo build -Zbuild-std`\n\n"]}},{"file":"/home/runner/.cargo/registry/src/index.crates.io-6f17d22bba15001f/memchr-2.7.4/src/lib.rs","count":1,"kinds":{"Clippy(Error)":["error[E0463]: can't find crate for `std`\n   --> /home/runner/.cargo/registry/src/index.crates.io-6f17d22bba15001f/memchr-2.7.4/src/lib.rs:198:1\n    |\n198 | extern crate std;\n    | ^^^^^^^^^^^^^^^^^ can't find crate\n    |\n    = note: the `x86_64-unknown-none` target may not support the standard library\n    = help: consider building the standard library from source with `cargo build -Zbuild-std`\n\n"]}},{"file":"(virtual) clippy","count":1,"kinds":{"Cargo":["// pkg_name=dtb-tool, checker=Clippy\n// toolchain=nightly-2024-10-24-x86_64-unknown-linux-gnu, target=x86_64-unknown-none\n// pkg_dir=/home/runner/check/batch_11/qclic/fdt-parser/dtb-tool\n// cmd=cargo clippy --target x86_64-unknown-none --no-deps --message-format=json\n    Checking memchr v2.7.4\n    Checking utf8parse v0.2.2\n    Checking anstyle-query v1.1.2\n    Checking anstyle v1.0.9\n    Checking anstyle-parse v0.2.6\nerror: could not compile `anstyle-query` (lib) due to 16 previous errors\nwarning: build failed, waiting for other jobs to finish...\nerror: could not compile `memchr` (lib) due to 1 previous error\nerror: could not compile `anstyle` (lib) due to 173 previous errors\n"]}},{"file":"(virtual) lockbud","count":1,"kinds":{"Cargo":["// pkg_name=dtb-tool, checker=Lockbud\n// toolchain=nightly-2024-10-24-x86_64-unknown-linux-gnu, target=x86_64-unknown-none\n// pkg_dir=/home/runner/check/batch_11/qclic/fdt-parser/dtb-tool\n// cmd=cargo +nightly-2024-05-21 lockbud -k all -- --target x86_64-unknown-none\n   Compiling memchr v2.7.4\n   Compiling utf8parse v0.2.2\n   Compiling colorchoice v1.0.3\n   Compiling anstyle v1.0.9\nerror[E0463]: can't find crate for `std`\n  |\n  = note: the `x86_64-unknown-none` target may not support the standard library\n  = note: `std` is required by `anstyle` because it does not declare `#![no_std]`\n  = help: consider building the standard library from source with `cargo build -Zbuild-std`\n\nerror[E0463]: can't find crate for `std`\n   --> /home/runner/.cargo/registry/src/index.crates.io-6f17d22bba15001f/anstyle-1.0.9/src/style.rs:434:9\n    |\n434 |     use std::mem::size_of;\n    |         ^^^ can't find crate\n    |\n    = note: the `x86_64-unknown-none` target may not support the standard library\n    = help: consider building the standard library from source with `cargo build -Zbuild-std`\n\nerror: cannot find attribute `derive` in this scope\n --> /home/runner/.cargo/registry/src/index.crates.io-6f17d22bba15001f/anstyle-1.0.9/src/color.rs:3:3\n  |\n3 | #[derive(Copy, Clone, Debug, PartialEq, Eq, PartialOrd, Ord, Hash)]\n  |   ^^^^^^\n  |\nhelp: consider importing this attribute macro\n  |\n1 + use core::prelude::rust_2024::derive;\n  |\n\nerror: cannot find attribute `derive` in this scope\n   --> /home/runner/.cargo/registry/src/index.crates.io-6f17d22bba15001f/anstyle-1.0.9/src/color.rs:136:3\n    |\n136 | #[derive(Copy, Clone, Debug, PartialEq, Eq, PartialOrd, Ord, Hash)]\n    |   ^^^^^^\n    |\nhelp: consider importing this attribute macro\n    |\n1   + use core::prelude::rust_2024::derive;\n    |\n\nerror: cannot find macro `concat` in this scope\n   --> /home/runner/.cargo/registry/src/index.crates.io-6f17d22bba15001f/anstyle-1.0.9/src/macros.rs:3:9\n    |\n3   |         concat!(\"\\x1B[\", $($inner),*, \"m\")\n    |         ^^^^^^\n    |\n   ::: /home/runner/.cargo/registry/src/index.crates.io-6f17d22bba15001f/anstyle-1.0.9/src/color.rs:212:28\n    |\n212 |             Self::Black => escape!(\"3\", \"0\"),\n    |                            ----------------- in this macro invocation\n    |\n    = note: this error originates in the macro `escape` (in Nightly builds, run with -Z macro-backtrace for more info)\nhelp: consider importing this macro\n   --> /home/runner/.cargo/registry/src/index.crates.io-6f17d22bba15001f/anstyle-1.0.9/src/color.rs:1:1\n    |\n1   + use core::concat;\n    |\n\nerror: cannot find macro `concat` in this scope\n   --> /home/runner/.cargo/registry/src/index.crates.io-6f17d22bba15001f/anstyle-1.0.9/src/macros.rs:3:9\n    |\n3   |         concat!(\"\\x1B[\", $($inner),*, \"m\")\n    |         ^^^^^^\n    |\n   ::: /home/runner/.cargo/registry/src/index.crates.io-6f17d22bba15001f/anstyle-1.0.9/src/color.rs:213:26\n    |\n213 |             Self::Red => escape!(\"3\", \"1\"),\n    |                          ----------------- in this macro invocation\n    |\n    = note: this error originates in the macro `escape` (in Nightly builds, run with -Z macro-backtrace for more info)\nhelp: consider importing this macro\n   --> /home/runner/.cargo/registry/src/index.crates.io-6f17d22bba15001f/anstyle-1.0.9/src/color.rs:1:1\n    |\n1   + use core::concat;\n    |\n\nerror: cannot find macro `concat` in this scope\n   --> /home/runner/.cargo/registry/src/index.crates.io-6f17d22bba15001f/anstyle-1.0.9/src/macros.rs:3:9\n    |\n3   |         concat!(\"\\x1B[\", $($inner),*, \"m\")\n    |         ^^^^^^\n    |\n   ::: /home/runner/.cargo/registry/src/index.crates.io-6f17d22bba15001f/anstyle-1.0.9/src/color.rs:214:28\n    |\n214 |             Self::Green => escape!(\"3\", \"2\"),\n    |                            ----------------- in this macro invocation\n    |\n    = note: this error originates in the macro `escape` (in Nightly builds, run with -Z macro-backtrace for more info)\nhelp: consider importing this macro\n   --> /home/runner/.cargo/registry/src/index.crates.io-6f17d22bba15001f/anstyle-1.0.9/src/color.rs:1:1\n    |\n1   + use core::concat;\n    |\n\nerror: cannot find macro `concat` in this scope\n   --> /home/runner/.cargo/registry/src/index.crates.io-6f17d22bba15001f/anstyle-1.0.9/src/macros.rs:3:9\n    |\n3   |         concat!(\"\\x1B[\", $($inner),*, \"m\")\n    |         ^^^^^^\n    |\n   ::: /home/runner/.cargo/registry/src/index.crates.io-6f17d22bba15001f/anstyle-1.0.9/src/color.rs:215:29\n    |\n215 |             Self::Yellow => escape!(\"3\", \"3\"),\n    |                             ----------------- in this macro invocation\n    |\n    = note: this error originates in the macro `escape` (in Nightly builds, run with -Z macro-backtrace for more info)\nhelp: consider importing this macro\n   --> /home/runner/.cargo/registry/src/index.crates.io-6f17d22bba15001f/anstyle-1.0.9/src/color.rs:1:1\n    |\n1   + use core::concat;\n    |\n\nerror: cannot find macro `concat` in this scope\n   --> /home/runner/.cargo/registry/src/index.crates.io-6f17d22bba15001f/anstyle-1.0.9/src/macros.rs:3:9\n    |\n3   |         concat!(\"\\x1B[\", $($inner),*, \"m\")\n    |         ^^^^^^\n    |\n   ::: /home/runner/.cargo/registry/src/index.crates.io-6f17d22bba15001f/anstyle-1.0.9/src/color.rs:216:27\n    |\n216 |             Self::Blue => escape!(\"3\", \"4\"),\n    |                           ----------------- in this macro invocation\n    |\n    = note: this error originates in the macro `escape` (in Nightly builds, run with -Z macro-backtrace for more info)\nhelp: consider importing this macro\n   --> /home/runner/.cargo/registry/src/index.crates.io-6f17d22bba15001f/anstyle-1.0.9/src/color.rs:1:1\n    |\n1   + use core::concat;\n    |\n\nerror: cannot find macro `concat` in this scope\n   --> /home/runner/.cargo/registry/src/index.crates.io-6f17d22bba15001f/anstyle-1.0.9/src/macros.rs:3:9\n    |\n3   |         concat!(\"\\x1B[\", $($inner),*, \"m\")\n    |         ^^^^^^\n    |\n   ::: /home/runner/.cargo/registry/src/index.crates.io-6f17d22bba15001f/anstyle-1.0.9/src/color.rs:217:30\n    |\n217 |             Self::Magenta => escape!(\"3\", \"5\"),\n    |                              ----------------- in this macro invocation\n    |\n    = note: this error originates in the macro `escape` (in Nightly builds, run with -Z macro-backtrace for more info)\nhelp: consider importing this macro\n   --> /home/runner/.cargo/registry/src/index.crates.io-6f17d22bba15001f/anstyle-1.0.9/src/color.rs:1:1\n    |\n1   + use core::concat;\n    |\n\nerror: cannot find macro `concat` in this scope\n   --> /home/runner/.cargo/registry/src/index.crates.io-6f17d22bba15001f/anstyle-1.0.9/src/macros.rs:3:9\n    |\n3   |         concat!(\"\\x1B[\", $($inner),*, \"m\")\n    |         ^^^^^^\n    |\n   ::: /home/runner/.cargo/registry/src/index.crates.io-6f17d22bba15001f/anstyle-1.0.9/src/color.rs:218:27\n    |\n218 |             Self::Cyan => escape!(\"3\", \"6\"),\n    |                           ----------------- in this macro invocation\n    |\n    = note: this error originates in the macro `escape` (in Nightly builds, run with -Z macro-backtrace for more info)\nhelp: consider importing this macro\n   --> /home/runner/.cargo/registry/src/index.crates.io-6f17d22bba15001f/anstyle-1.0.9/src/color.rs:1:1\n    |\n1   + use core::concat;\n    |\n\nerror: cannot find macro `concat` in this scope\n   --> /home/runner/.cargo/registry/src/index.crates.io-6f17d22bba15001f/anstyle-1.0.9/src/macros.rs:3:9\n    |\n3   |         concat!(\"\\x1B[\", $($inner),*, \"m\")\n    |         ^^^^^^\n    |\n   ::: /home/runner/.cargo/registry/src/index.crates.io-6f17d22bba15001f/anstyle-1.0.9/src/color.rs:219:28\n    |\n219 |             Self::White => escape!(\"3\", \"7\"),\n    |                            ----------------- in this macro invocation\n    |\n    = note: this error originates in the macro `escape` (in Nightly builds, run with -Z macro-backtrace for more info)\nhelp: consider importing this macro\n   --> /home/runner/.cargo/registry/src/index.crates.io-6f17d22bba15001f/anstyle-1.0.9/src/color.rs:1:1\n    |\n1   + use core::concat;\n    |\n\nerror: cannot find macro `concat` in this scope\n   --> /home/runner/.cargo/registry/src/index.crates.io-6f17d22bba15001f/anstyle-1.0.9/src/macros.rs:3:9\n    |\n3   |         concat!(\"\\x1B[\", $($inner),*, \"m\")\n    |         ^^^^^^\n    |\n   ::: /home/runner/.cargo/registry/src/index.crates.io-6f17d22bba15001f/anstyle-1.0.9/src/color.rs:220:34\n    |\n220 |             Self::BrightBlack => escape!(\"9\", \"0\"),\n    |                                  ----------------- in this macro invocation\n    |\n    = note: this error originates in the macro `escape` (in Nightly builds, run with -Z macro-backtrace for more info)\nhelp: consider importing this macro\n   --> /home/runner/.cargo/registry/src/index.crates.io-6f17d22bba15001f/anstyle-1.0.9/src/color.rs:1:1\n    |\n1   + use core::concat;\n    |\n\nerror: cannot find macro `concat` in this scope\n   --> /home/runner/.cargo/registry/src/index.crates.io-6f17d22bba15001f/anstyle-1.0.9/src/macros.rs:3:9\n    |\n3   |         concat!(\"\\x1B[\", $($inner),*, \"m\")\n    |         ^^^^^^\n    |\n   ::: /home/runner/.cargo/registry/src/index.crates.io-6f17d22bba15001f/anstyle-1.0.9/src/color.rs:221:32\n    |\n221 |             Self::BrightRed => escape!(\"9\", \"1\"),\n    |                                ----------------- in this macro invocation\n    |\n    = note: this error originates in the macro `escape` (in Nightly builds, run with -Z macro-backtrace for more info)\nhelp: consider importing this macro\n   --> /home/runner/.cargo/registry/src/index.crates.io-6f17d22bba15001f/anstyle-1.0.9/src/color.rs:1:1\n    |\n1   + use core::concat;\n    |\n\nerror: cannot find macro `concat` in this scope\n   --> /home/runner/.cargo/registry/src/index.crates.io-6f17d22bba15001f/anstyle-1.0.9/src/macros.rs:3:9\n    |\n3   |         concat!(\"\\x1B[\", $($inner),*, \"m\")\n    |         ^^^^^^\n    |\n   ::: /home/runner/.cargo/registry/src/index.crates.io-6f17d22bba15001f/anstyle-1.0.9/src/color.rs:222:34\n    |\n222 |             Self::BrightGreen => escape!(\"9\", \"2\"),\n    |                                  ----------------- in this macro invocation\n    |\n    = note: this error originates in the macro `escape` (in Nightly builds, run with -Z macro-backtrace for more info)\nhelp: consider importing this macro\n   --> /home/runner/.cargo/registry/src/index.crates.io-6f17d22bba15001f/anstyle-1.0.9/src/color.rs:1:1\n    |\n1   + use core::concat;\n    |\n\n   Compiling anstyle-parse v0.2.6\nerror: cannot find macro `concat` in this scope\n   --> /home/runner/.cargo/registry/src/index.crates.io-6f17d22bba15001f/anstyle-1.0.9/src/macros.rs:3:9\n    |\n3   |         concat!(\"\\x1B[\", $($inner),*, \"m\")\n    |         ^^^^^^\n    |\n   ::: /home/runner/.cargo/registry/src/index.crates.io-6f17d22bba15001f/anstyle-1.0.9/src/color.rs:223:35\n    |\n223 |             Self::BrightYellow => escape!(\"9\", \"3\"),\n    |                                   ----------------- in this macro invocation\n    |\n    = note: this error originates in the macro `escape` (in Nightly builds, run with -Z macro-backtrace for more info)\nhelp: consider importing this macro\n   --> /home/runner/.cargo/registry/src/index.crates.io-6f17d22bba15001f/anstyle-1.0.9/src/color.rs:1:1\n    |\n1   + use core::concat;\n    |\n\nerror[E0463]: can't find crate for `std`\n   --> /home/runner/.cargo/registry/src/index.crates.io-6f17d22bba15001f/memchr-2.7.4/src/lib.rs:198:1\n    |\n198 | extern crate std;\n    | ^^^^^^^^^^^^^^^^^ can't find crate\n    |\n    = note: the `x86_64-unknown-none` target may not support the standard library\n    = help: consider building the standard library from source with `cargo build -Zbuild-std`\n\nerror: cannot find macro `concat` in this scope\n   --> /home/runner/.cargo/registry/src/index.crates.io-6f17d22bba15001f/anstyle-1.0.9/src/macros.rs:3:9\n    |\n3   |         concat!(\"\\x1B[\", $($inner),*, \"m\")\n    |         ^^^^^^\n    |\n   ::: /home/runner/.cargo/registry/src/index.crates.io-6f17d22bba15001f/anstyle-1.0.9/src/color.rs:224:33\n    |\n224 |             Self::BrightBlue => escape!(\"9\", \"4\"),\n    |                                 ----------------- in this macro invocation\n    |\n    = note: this error originates in the macro `escape` (in Nightly builds, run with -Z macro-backtrace for more info)\nhelp: consider importing this macro\n   --> /home/runner/.cargo/registry/src/index.crates.io-6f17d22bba15001f/anstyle-1.0.9/src/color.rs:1:1\n    |\n1   + use core::concat;\n    |\n\nerror: cannot find macro `concat` in this scope\n   --> /home/runner/.cargo/registry/src/index.crates.io-6f17d22bba15001f/anstyle-1.0.9/src/macros.rs:3:9\n    |\n3   |         concat!(\"\\x1B[\", $($inner),*, \"m\")\n    |         ^^^^^^\n    |\n   ::: /home/runner/.cargo/registry/src/index.crates.io-6f17d22bba15001f/anstyle-1.0.9/src/color.rs:225:36\n    |\n225 |             Self::BrightMagenta => escape!(\"9\", \"5\"),\n    |                                    ----------------- in this macro invocation\n    |\n    = note: this error originates in the macro `escape` (in Nightly builds, run with -Z macro-backtrace for more info)\nhelp: consider importing this macro\n   --> /home/runner/.cargo/registry/src/index.crates.io-6f17d22bba15001f/anstyle-1.0.9/src/color.rs:1:1\n    |\n1   + use core::concat;\n    |\n\nerror: cannot find macro `concat` in this scope\n   --> /home/runner/.cargo/registry/src/index.crates.io-6f17d22bba15001f/anstyle-1.0.9/src/macros.rs:3:9\n    |\n3   |         concat!(\"\\x1B[\", $($inner),*, \"m\")\n    |         ^^^^^^\n    |\n   ::: /home/runner/.cargo/registry/src/index.crates.io-6f17d22bba15001f/anstyle-1.0.9/src/color.rs:226:33\n    |\n226 |             Self::BrightCyan => escape!(\"9\", \"6\"),\n    |                                 ----------------- in this macro invocation\n    |\n    = note: this error originates in the macro `escape` (in Nightly builds, run with -Z macro-backtrace for more info)\nhelp: consider importing this macro\n   --> /home/runner/.cargo/registry/src/index.crates.io-6f17d22bba15001f/anstyle-1.0.9/src/color.rs:1:1\n    |\n1   + use core::concat;\n    |\n\nerror: cannot find macro `concat` in this scope\n   --> /home/runner/.cargo/registry/src/index.crates.io-6f17d22bba15001f/anstyle-1.0.9/src/macros.rs:3:9\n    |\n3   |         concat!(\"\\x1B[\", $($inner),*, \"m\")\n    |         ^^^^^^\n    |\n   ::: /home/runner/.cargo/registry/src/index.crates.io-6f17d22bba15001f/anstyle-1.0.9/src/color.rs:227:34\n    |\n227 |             Self::BrightWhite => escape!(\"9\", \"7\"),\n    |                                  ----------------- in this macro invocation\n    |\n    = note: this error originates in the macro `escape` (in Nightly builds, run with -Z macro-backtrace for more info)\nhelp: consider importing this macro\n   --> /home/runner/.cargo/registry/src/index.crates.io-6f17d22bba15001f/anstyle-1.0.9/src/color.rs:1:1\n    |\n1   + use core::concat;\n    |\n\nerror: cannot find macro `concat` in this scope\n   --> /home/runner/.cargo/registry/src/index.crates.io-6f17d22bba15001f/anstyle-1.0.9/src/macros.rs:3:9\n    |\n3   |         concat!(\"\\x1B[\", $($inner),*, \"m\")\n    |         ^^^^^^\n    |\n   ::: /home/runner/.cargo/registry/src/index.crates.io-6f17d22bba15001f/anstyle-1.0.9/src/color.rs:245:28\n    |\n245 |             Self::Black => escape!(\"4\", \"0\"),\n    |                            ----------------- in this macro invocation\n    |\n    = note: this error originates in the macro `escape` (in Nightly builds, run with -Z macro-backtrace for more info)\nhelp: consider importing this macro\n   --> /home/runner/.cargo/registry/src/index.crates.io-6f17d22bba15001f/anstyle-1.0.9/src/color.rs:1:1\n    |\n1   + use core::concat;\n    |\n\nerror: cannot find macro `concat` in this scope\n   --> /home/runner/.cargo/registry/src/index.crates.io-6f17d22bba15001f/anstyle-1.0.9/src/macros.rs:3:9\n    |\n3   |         concat!(\"\\x1B[\", $($inner),*, \"m\")\n    |         ^^^^^^\n    |\n   ::: /home/runner/.cargo/registry/src/index.crates.io-6f17d22bba15001f/anstyle-1.0.9/src/color.rs:246:26\n    |\n246 |             Self::Red => escape!(\"4\", \"1\"),\n    |                          ----------------- in this macro invocation\n    |\n    = note: this error originates in the macro `escape` (in Nightly builds, run with -Z macro-backtrace for more info)\nhelp: consider importing this macro\n   --> /home/runner/.cargo/registry/src/index.crates.io-6f17d22bba15001f/anstyle-1.0.9/src/color.rs:1:1\n    |\n1   + use core::concat;\n    |\n\n   Compiling regex-syntax v0.8.5\nerror: cannot find macro `concat` in this scope\n   --> /home/runner/.cargo/registry/src/index.crates.io-6f17d22bba15001f/anstyle-1.0.9/src/macros.rs:3:9\n    |\n3   |         concat!(\"\\x1B[\", $($inner),*, \"m\")\n    |         ^^^^^^\n    |\n   ::: /home/runner/.cargo/registry/src/index.crates.io-6f17d22bba15001f/anstyle-1.0.9/src/color.rs:247:28\n    |\n247 |             Self::Green => escape!(\"4\", \"2\"),\n    |                            ----------------- in this macro invocation\n    |\n    = note: this error originates in the macro `escape` (in Nightly builds, run with -Z macro-backtrace for more info)\nhelp: consider importing this macro\n   --> /home/runner/.cargo/registry/src/index.crates.io-6f17d22bba15001f/anstyle-1.0.9/src/color.rs:1:1\n    |\n1   + use core::concat;\n    |\n\nerror: cannot find macro `concat` in this scope\n   --> /home/runner/.cargo/registry/src/index.crates.io-6f17d22bba15001f/anstyle-1.0.9/src/macros.rs:3:9\n    |\n3   |         concat!(\"\\x1B[\", $($inner),*, \"m\")\n    |         ^^^^^^\n    |\n   ::: /home/runner/.cargo/registry/src/index.crates.io-6f17d22bba15001f/anstyle-1.0.9/src/color.rs:248:29\n    |\n248 |             Self::Yellow => escape!(\"4\", \"3\"),\n    |                             ----------------- in this macro invocation\n    |\n    = note: this error originates in the macro `escape` (in Nightly builds, run with -Z macro-backtrace for more info)\nhelp: consider importing this macro\n   --> /home/runner/.cargo/registry/src/index.crates.io-6f17d22bba15001f/anstyle-1.0.9/src/color.rs:1:1\n    |\n1   + use core::concat;\n    |\n\nerror: cannot find macro `concat` in this scope\n   --> /home/runner/.cargo/registry/src/index.crates.io-6f17d22bba15001f/anstyle-1.0.9/src/macros.rs:3:9\n    |\n3   |         concat!(\"\\x1B[\", $($inner),*, \"m\")\n    |         ^^^^^^\n    |\n   ::: /home/runner/.cargo/registry/src/index.crates.io-6f17d22bba15001f/anstyle-1.0.9/src/color.rs:249:27\n    |\n249 |             Self::Blue => escape!(\"4\", \"4\"),\n    |                           ----------------- in this macro invocation\n    |\n    = note: this error originates in the macro `escape` (in Nightly builds, run with -Z macro-backtrace for more info)\nhelp: consider importing this macro\n   --> /home/runner/.cargo/registry/src/index.crates.io-6f17d22bba15001f/anstyle-1.0.9/src/color.rs:1:1\n    |\n1   + use core::concat;\n    |\n\nerror: cannot find macro `concat` in this scope\n   --> /home/runner/.cargo/registry/src/index.crates.io-6f17d22bba15001f/anstyle-1.0.9/src/macros.rs:3:9\n    |\n3   |         concat!(\"\\x1B[\", $($inner),*, \"m\")\n    |         ^^^^^^\n    |\n   ::: /home/runner/.cargo/registry/src/index.crates.io-6f17d22bba15001f/anstyle-1.0.9/src/color.rs:250:30\n    |\n250 |             Self::Magenta => escape!(\"4\", \"5\"),\n    |                              ----------------- in this macro invocation\n    |\n    = note: this error originates in the macro `escape` (in Nightly builds, run with -Z macro-backtrace for more info)\nhelp: consider importing this macro\n   --> /home/runner/.cargo/registry/src/index.crates.io-6f17d22bba15001f/anstyle-1.0.9/src/color.rs:1:1\n    |\n1   + use core::concat;\n    |\n\nerror: cannot find macro `concat` in this scope\n   --> /home/runner/.cargo/registry/src/index.crates.io-6f17d22bba15001f/anstyle-1.0.9/src/macros.rs:3:9\n    |\n3   |         concat!(\"\\x1B[\", $($inner),*, \"m\")\n    |         ^^^^^^\n    |\n   ::: /home/runner/.cargo/registry/src/index.crates.io-6f17d22bba15001f/anstyle-1.0.9/src/color.rs:251:27\n    |\n251 |             Self::Cyan => escape!(\"4\", \"6\"),\n    |                           ----------------- in this macro invocation\n    |\n    = note: this error originates in the macro `escape` (in Nightly builds, run with -Z macro-backtrace for more info)\nhelp: consider importing this macro\n   --> /home/runner/.cargo/registry/src/index.crates.io-6f17d22bba15001f/anstyle-1.0.9/src/color.rs:1:1\n    |\n1   + use core::concat;\n    |\n\nerror: cannot find macro `concat` in this scope\n   --> /home/runner/.cargo/registry/src/index.crates.io-6f17d22bba15001f/anstyle-1.0.9/src/macros.rs:3:9\n    |\n3   |         concat!(\"\\x1B[\", $($inner),*, \"m\")\n    |         ^^^^^^\n    |\n   ::: /home/runner/.cargo/registry/src/index.crates.io-6f17d22bba15001f/anstyle-1.0.9/src/color.rs:252:28\n    |\n252 |             Self::White => escape!(\"4\", \"7\"),\n    |                            ----------------- in this macro invocation\n    |\n    = note: this error originates in the macro `escape` (in Nightly builds, run with -Z macro-backtrace for more info)\nhelp: consider importing this macro\n   --> /home/runner/.cargo/registry/src/index.crates.io-6f17d22bba15001f/anstyle-1.0.9/src/color.rs:1:1\n    |\n1   + use core::concat;\n    |\n\nerror: cannot find macro `concat` in this scope\n   --> /home/runner/.cargo/registry/src/index.crates.io-6f17d22bba15001f/anstyle-1.0.9/src/macros.rs:3:9\n    |\n3   |         concat!(\"\\x1B[\", $($inner),*, \"m\")\n    |         ^^^^^^\n    |\n   ::: /home/runner/.cargo/registry/src/index.crates.io-6f17d22bba15001f/anstyle-1.0.9/src/color.rs:253:34\n    |\n253 |             Self::BrightBlack => escape!(\"10\", \"0\"),\n    |                                  ------------------ in this macro invocation\n    |\n    = note: this error originates in the macro `escape` (in Nightly builds, run with -Z macro-backtrace for more info)\nhelp: consider importing this macro\n   --> /home/runner/.cargo/registry/src/index.crates.io-6f17d22bba15001f/anstyle-1.0.9/src/color.rs:1:1\n    |\n1   + use core::concat;\n    |\n\nerror: cannot find macro `concat` in this scope\n   --> /home/runner/.cargo/registry/src/index.crates.io-6f17d22bba15001f/anstyle-1.0.9/src/macros.rs:3:9\n    |\n3   |         concat!(\"\\x1B[\", $($inner),*, \"m\")\n    |         ^^^^^^\n    |\n   ::: /home/runner/.cargo/registry/src/index.crates.io-6f17d22bba15001f/anstyle-1.0.9/src/color.rs:254:32\n    |\n254 |             Self::BrightRed => escape!(\"10\", \"1\"),\n    |                                ------------------ in this macro invocation\n    |\n    = note: this error originates in the macro `escape` (in Nightly builds, run with -Z macro-backtrace for more info)\nhelp: consider importing this macro\n   --> /home/runner/.cargo/registry/src/index.crates.io-6f17d22bba15001f/anstyle-1.0.9/src/color.rs:1:1\n    |\n1   + use core::concat;\n    |\n\nerror: cannot find macro `concat` in this scope\n   --> /home/runner/.cargo/registry/src/index.crates.io-6f17d22bba15001f/anstyle-1.0.9/src/macros.rs:3:9\n    |\n3   |         concat!(\"\\x1B[\", $($inner),*, \"m\")\n    |         ^^^^^^\n    |\n   ::: /home/runner/.cargo/registry/src/index.crates.io-6f17d22bba15001f/anstyle-1.0.9/src/color.rs:255:34\n    |\n255 |             Self::BrightGreen => escape!(\"10\", \"2\"),\n    |                                  ------------------ in this macro invocation\n    |\n    = note: this error originates in the macro `escape` (in Nightly builds, run with -Z macro-backtrace for more info)\nhelp: consider importing this macro\n   --> /home/runner/.cargo/registry/src/index.crates.io-6f17d22bba15001f/anstyle-1.0.9/src/color.rs:1:1\n    |\n1   + use core::concat;\n    |\n\nerror: cannot find macro `concat` in this scope\n   --> /home/runner/.cargo/registry/src/index.crates.io-6f17d22bba15001f/anstyle-1.0.9/src/macros.rs:3:9\n    |\n3   |         concat!(\"\\x1B[\", $($inner),*, \"m\")\n    |         ^^^^^^\n    |\n   ::: /home/runner/.cargo/registry/src/index.crates.io-6f17d22bba15001f/anstyle-1.0.9/src/color.rs:256:35\n    |\n256 |             Self::BrightYellow => escape!(\"10\", \"3\"),\n    |                                   ------------------ in this macro invocation\n    |\n    = note: this error originates in the macro `escape` (in Nightly builds, run with -Z macro-backtrace for more info)\nhelp: consider importing this macro\n   --> /home/runner/.cargo/registry/src/index.crates.io-6f17d22bba15001f/anstyle-1.0.9/src/color.rs:1:1\n    |\n1   + use core::concat;\n    |\n\nerror: cannot find macro `concat` in this scope\n   --> /home/runner/.cargo/registry/src/index.crates.io-6f17d22bba15001f/anstyle-1.0.9/src/macros.rs:3:9\n    |\n3   |         concat!(\"\\x1B[\", $($inner),*, \"m\")\n    |         ^^^^^^\n    |\n   ::: /home/runner/.cargo/registry/src/index.crates.io-6f17d22bba15001f/anstyle-1.0.9/src/color.rs:257:33\n    |\n257 |             Self::BrightBlue => escape!(\"10\", \"4\"),\n    |                                 ------------------ in this macro invocation\n    |\n    = note: this error originates in the macro `escape` (in Nightly builds, run with -Z macro-backtrace for more info)\nhelp: consider importing this macro\n   --> /home/runner/.cargo/registry/src/index.crates.io-6f17d22bba15001f/anstyle-1.0.9/src/color.rs:1:1\n    |\n1   + use core::concat;\n    |\n\nerror: cannot find macro `concat` in this scope\n   --> /home/runner/.cargo/registry/src/index.crates.io-6f17d22bba15001f/anstyle-1.0.9/src/macros.rs:3:9\n    |\n3   |         concat!(\"\\x1B[\", $($inner),*, \"m\")\n    |         ^^^^^^\n    |\n   ::: /home/runner/.cargo/registry/src/index.crates.io-6f17d22bba15001f/anstyle-1.0.9/src/color.rs:258:36\n    |\n258 |             Self::BrightMagenta => escape!(\"10\", \"5\"),\n    |                                    ------------------ in this macro invocation\n    |\n    = note: this error originates in the macro `escape` (in Nightly builds, run with -Z macro-backtrace for more info)\nhelp: consider importing this macro\n   --> /home/runner/.cargo/registry/src/index.crates.io-6f17d22bba15001f/anstyle-1.0.9/src/color.rs:1:1\n    |\n1   + use core::concat;\n    |\n\nerror: cannot find macro `concat` in this scope\n   --> /home/runner/.cargo/registry/src/index.crates.io-6f17d22bba15001f/anstyle-1.0.9/src/macros.rs:3:9\n    |\n3   |         concat!(\"\\x1B[\", $($inner),*, \"m\")\n    |         ^^^^^^\n    |\n   ::: /home/runner/.cargo/registry/src/index.crates.io-6f17d22bba15001f/anstyle-1.0.9/src/color.rs:259:33\n    |\n259 |             Self::BrightCyan => escape!(\"10\", \"6\"),\n    |                                 ------------------ in this macro invocation\n    |\n    = note: this error originates in the macro `escape` (in Nightly builds, run with -Z macro-backtrace for more info)\nhelp: consider importing this macro\n   --> /home/runner/.cargo/registry/src/index.crates.io-6f17d22bba15001f/anstyle-1.0.9/src/color.rs:1:1\n    |\n1   + use core::concat;\n    |\n\nerror: cannot find macro `concat` in this scope\n   --> /home/runner/.cargo/registry/src/index.crates.io-6f17d22bba15001f/anstyle-1.0.9/src/macros.rs:3:9\n    |\n3   |         concat!(\"\\x1B[\", $($inner),*, \"m\")\n    |         ^^^^^^\n    |\n   ::: /home/runner/.cargo/registry/src/index.crates.io-6f17d22bba15001f/anstyle-1.0.9/src/color.rs:260:34\n    |\n260 |             Self::BrightWhite => escape!(\"10\", \"7\"),\n    |                                  ------------------ in this macro invocation\n    |\n    = note: this error originates in the macro `escape` (in Nightly builds, run with -Z macro-backtrace for more info)\nhelp: consider importing this macro\n   --> /home/runner/.cargo/registry/src/index.crates.io-6f17d22bba15001f/anstyle-1.0.9/src/color.rs:1:1\n    |\n1   + use core::concat;\n    |\n\nerror: cannot find attribute `derive` in this scope\n   --> /home/runner/.cargo/registry/src/index.crates.io-6f17d22bba15001f/anstyle-1.0.9/src/color.rs:350:3\n    |\n350 | #[derive(Copy, Clone, Debug, PartialEq, Eq, PartialOrd, Ord, Hash)]\n    |   ^^^^^^\n    |\nhelp: consider importing this attribute macro\n    |\n1   + use core::prelude::rust_2024::derive;\n    |\n\nerror: cannot find attribute `derive` in this scope\n   --> /home/runner/.cargo/registry/src/index.crates.io-6f17d22bba15001f/anstyle-1.0.9/src/color.rs:475:3\n    |\n475 | #[derive(Copy, Clone, Debug, PartialEq, Eq, PartialOrd, Ord, Hash)]\n    |   ^^^^^^\n    |\nhelp: consider importing this attribute macro\n    |\n1   + use core::prelude::rust_2024::derive;\n    |\n\nerror: cannot find attribute `derive` in this scope\n   --> /home/runner/.cargo/registry/src/index.crates.io-6f17d22bba15001f/anstyle-1.0.9/src/color.rs:570:3\n    |\n570 | #[derive(Copy, Clone, Default, Debug)]\n    |   ^^^^^^\n    |\nhelp: consider importing this attribute macro\n    |\n1   + use core::prelude::rust_2024::derive;\n    |\n\nerror: cannot find macro `write` in this scope\n   --> /home/runner/.cargo/registry/src/index.crates.io-6f17d22bba15001f/anstyle-1.0.9/src/color.rs:631:9\n    |\n631 |         write!(f, \"{s}\")\n    |         ^^^^^\n    |\nhelp: consider importing this macro\n    |\n1   + use core::write;\n    |\n\nerror: cannot find attribute `derive` in this scope\n   --> /home/runner/.cargo/registry/src/index.crates.io-6f17d22bba15001f/anstyle-1.0.9/src/color.rs:635:3\n    |\n635 | #[derive(Copy, Clone, Default, Debug)]\n    |   ^^^^^^\n    |\nhelp: consider importing this attribute macro\n    |\n1   + use core::prelude::rust_2024::derive;\n    |\n\nerror: cannot find macro `write` in this scope\n   --> /home/runner/.cargo/registry/src/index.crates.io-6f17d22bba15001f/anstyle-1.0.9/src/color.rs:642:9\n    |\n642 |         write!(f, \"{d}\")\n    |         ^^^^^\n    |\nhelp: consider importing this macro\n    |\n1   + use core::write;\n    |\n\nerror: cannot find attribute `derive` in this scope\n --> /home/runner/.cargo/registry/src/index.crates.io-6f17d22bba15001f/anstyle-1.0.9/src/effect.rs:8:3\n  |\n8 | #[derive(Copy, Clone, Default, PartialEq, Eq, PartialOrd, Ord, Hash)]\n  |   ^^^^^^\n  |\nhelp: consider importing this attribute macro\n  |\n1 + use core::prelude::rust_2024::derive;\n  |\n\nerror: cannot find macro `write` in this scope\n   --> /home/runner/.cargo/registry/src/index.crates.io-6f17d22bba15001f/anstyle-1.0.9/src/effect.rs:193:9\n    |\n193 |         write!(f, \"Effects(\")?;\n    |         ^^^^^\n    |\nhelp: consider importing this macro\n    |\n1   + use core::write;\n    |\n\nerror: cannot find macro `write` in this scope\n   --> /home/runner/.cargo/registry/src/index.crates.io-6f17d22bba15001f/anstyle-1.0.9/src/effect.rs:196:17\n    |\n196 |                 write!(f, \" | \")?;\n    |                 ^^^^^\n    |\nhelp: consider importing this macro\n    |\n1   + use core::write;\n    |\n\nerror: cannot find macro `write` in this scope\n   --> /home/runner/.cargo/registry/src/index.crates.io-6f17d22bba15001f/anstyle-1.0.9/src/effect.rs:198:13\n    |\n198 |             write!(f, \"{}\", METADATA[index].name)?;\n    |             ^^^^^\n    |\nhelp: consider importing this macro\n    |\n1   + use core::write;\n    |\n\nerror: cannot find macro `write` in this scope\n   --> /home/runner/.cargo/registry/src/index.crates.io-6f17d22bba15001f/anstyle-1.0.9/src/effect.rs:200:9\n    |\n200 |         write!(f, \")\")?;\n    |         ^^^^^\n    |\nhelp: consider importing this macro\n    |\n1   + use core::write;\n    |\n\nerror: cannot find macro `concat` in this scope\n   --> /home/runner/.cargo/registry/src/index.crates.io-6f17d22bba15001f/anstyle-1.0.9/src/macros.rs:3:9\n    |\n3   |         concat!(\"\\x1B[\", $($inner),*, \"m\")\n    |         ^^^^^^\n    |\n   ::: /home/runner/.cargo/registry/src/index.crates.io-6f17d22bba15001f/anstyle-1.0.9/src/effect.rs:271:17\n    |\n271 |         escape: escape!(\"1\"),\n    |                 ------------ in this macro invocation\n    |\n    = note: this error originates in the macro `escape` (in Nightly builds, run with -Z macro-backtrace for more info)\nhelp: consider importing this macro\n   --> /home/runner/.cargo/registry/src/index.crates.io-6f17d22bba15001f/anstyle-1.0.9/src/effect.rs:1:1\n    |\n1   + use core::concat;\n    |\n\nerror: cannot find macro `concat` in this scope\n   --> /home/runner/.cargo/registry/src/index.crates.io-6f17d22bba15001f/anstyle-1.0.9/src/macros.rs:3:9\n    |\n3   |         concat!(\"\\x1B[\", $($inner),*, \"m\")\n    |         ^^^^^^\n    |\n   ::: /home/runner/.cargo/registry/src/index.crates.io-6f17d22bba15001f/anstyle-1.0.9/src/effect.rs:275:17\n    |\n275 |         escape: escape!(\"2\"),\n    |                 ------------ in this macro invocation\n    |\n    = note: this error originates in the macro `escape` (in Nightly builds, run with -Z macro-backtrace for more info)\nhelp: consider importing this macro\n   --> /home/runner/.cargo/registry/src/index.crates.io-6f17d22bba15001f/anstyle-1.0.9/src/effect.rs:1:1\n    |\n1   + use core::concat;\n    |\n\nerror: cannot find macro `concat` in this scope\n   --> /home/runner/.cargo/registry/src/index.crates.io-6f17d22bba15001f/anstyle-1.0.9/src/macros.rs:3:9\n    |\n3   |         concat!(\"\\x1B[\", $($inner),*, \"m\")\n    |         ^^^^^^\n    |\n   ::: /home/runner/.cargo/registry/src/index.crates.io-6f17d22bba15001f/anstyle-1.0.9/src/effect.rs:279:17\n    |\n279 |         escape: escape!(\"3\"),\n    |                 ------------ in this macro invocation\n    |\n    = note: this error originates in the macro `escape` (in Nightly builds, run with -Z macro-backtrace for more info)\nhelp: consider importing this macro\n   --> /home/runner/.cargo/registry/src/index.crates.io-6f17d22bba15001f/anstyle-1.0.9/src/effect.rs:1:1\n    |\n1   + use core::concat;\n    |\n\nerror: cannot find macro `concat` in this scope\n   --> /home/runner/.cargo/registry/src/index.crates.io-6f17d22bba15001f/anstyle-1.0.9/src/macros.rs:3:9\n    |\n3   |         concat!(\"\\x1B[\", $($inner),*, \"m\")\n    |         ^^^^^^\n    |\n   ::: /home/runner/.cargo/registry/src/index.crates.io-6f17d22bba15001f/anstyle-1.0.9/src/effect.rs:283:17\n    |\n283 |         escape: escape!(\"4\"),\n    |                 ------------ in this macro invocation\n    |\n    = note: this error originates in the macro `escape` (in Nightly builds, run with -Z macro-backtrace for more info)\nhelp: consider importing this macro\n   --> /home/runner/.cargo/registry/src/index.crates.io-6f17d22bba15001f/anstyle-1.0.9/src/effect.rs:1:1\n    |\n1   + use core::concat;\n    |\n\nerror: cannot find macro `concat` in this scope\n   --> /home/runner/.cargo/registry/src/index.crates.io-6f17d22bba15001f/anstyle-1.0.9/src/macros.rs:3:9\n    |\n3   |         concat!(\"\\x1B[\", $($inner),*, \"m\")\n    |         ^^^^^^\n    |\n   ::: /home/runner/.cargo/registry/src/index.crates.io-6f17d22bba15001f/anstyle-1.0.9/src/effect.rs:287:17\n    |\n287 |         escape: escape!(\"21\"),\n    |                 ------------- in this macro invocation\n    |\n    = note: this error originates in the macro `escape` (in Nightly builds, run with -Z macro-backtrace for more info)\nhelp: consider importing this macro\n   --> /home/runner/.cargo/registry/src/index.crates.io-6f17d22bba15001f/anstyle-1.0.9/src/effect.rs:1:1\n    |\n1   + use core::concat;\n    |\n\nerror: cannot find macro `concat` in this scope\n   --> /home/runner/.cargo/registry/src/index.crates.io-6f17d22bba15001f/anstyle-1.0.9/src/macros.rs:3:9\n    |\n3   |         concat!(\"\\x1B[\", $($inner),*, \"m\")\n    |         ^^^^^^\n    |\n   ::: /home/runner/.cargo/registry/src/index.crates.io-6f17d22bba15001f/anstyle-1.0.9/src/effect.rs:291:17\n    |\n291 |         escape: escape!(\"4:3\"),\n    |                 -------------- in this macro invocation\n    |\n    = note: this error originates in the macro `escape` (in Nightly builds, run with -Z macro-backtrace for more info)\nhelp: consider importing this macro\n   --> /home/runner/.cargo/registry/src/index.crates.io-6f17d22bba15001f/anstyle-1.0.9/src/effect.rs:1:1\n    |\n1   + use core::concat;\n    |\n\nerror: cannot find macro `concat` in this scope\n   --> /home/runner/.cargo/registry/src/index.crates.io-6f17d22bba15001f/anstyle-1.0.9/src/macros.rs:3:9\n    |\n3   |         concat!(\"\\x1B[\", $($inner),*, \"m\")\n    |         ^^^^^^\n    |\n   ::: /home/runner/.cargo/registry/src/index.crates.io-6f17d22bba15001f/anstyle-1.0.9/src/effect.rs:295:17\n    |\n295 |         escape: escape!(\"4:4\"),\n    |                 -------------- in this macro invocation\n    |\n    = note: this error originates in the macro `escape` (in Nightly builds, run with -Z macro-backtrace for more info)\nhelp: consider importing this macro\n   --> /home/runner/.cargo/registry/src/index.crates.io-6f17d22bba15001f/anstyle-1.0.9/src/effect.rs:1:1\n    |\n1   + use core::concat;\n    |\n\nerror: cannot find macro `concat` in this scope\n   --> /home/runner/.cargo/registry/src/index.crates.io-6f17d22bba15001f/anstyle-1.0.9/src/macros.rs:3:9\n    |\n3   |         concat!(\"\\x1B[\", $($inner),*, \"m\")\n    |         ^^^^^^\n    |\n   ::: /home/runner/.cargo/registry/src/index.crates.io-6f17d22bba15001f/anstyle-1.0.9/src/effect.rs:299:17\n    |\n299 |         escape: escape!(\"4:5\"),\n    |                 -------------- in this macro invocation\n    |\n    = note: this error originates in the macro `escape` (in Nightly builds, run with -Z macro-backtrace for more info)\nhelp: consider importing this macro\n   --> /home/runner/.cargo/registry/src/index.crates.io-6f17d22bba15001f/anstyle-1.0.9/src/effect.rs:1:1\n    |\n1   + use core::concat;\n    |\n\nerror: cannot find macro `concat` in this scope\n   --> /home/runner/.cargo/registry/src/index.crates.io-6f17d22bba15001f/anstyle-1.0.9/src/macros.rs:3:9\n    |\n3   |         concat!(\"\\x1B[\", $($inner),*, \"m\")\n    |         ^^^^^^\n    |\n   ::: /home/runner/.cargo/registry/src/index.crates.io-6f17d22bba15001f/anstyle-1.0.9/src/effect.rs:303:17\n    |\n303 |         escape: escape!(\"5\"),\n    |                 ------------ in this macro invocation\n    |\n    = note: this error originates in the macro `escape` (in Nightly builds, run with -Z macro-backtrace for more info)\nhelp: consider importing this macro\n   --> /home/runner/.cargo/registry/src/index.crates.io-6f17d22bba15001f/anstyle-1.0.9/src/effect.rs:1:1\n    |\n1   + use core::concat;\n    |\n\nerror: cannot find macro `concat` in this scope\n   --> /home/runner/.cargo/registry/src/index.crates.io-6f17d22bba15001f/anstyle-1.0.9/src/macros.rs:3:9\n    |\n3   |         concat!(\"\\x1B[\", $($inner),*, \"m\")\n    |         ^^^^^^\n    |\n   ::: /home/runner/.cargo/registry/src/index.crates.io-6f17d22bba15001f/anstyle-1.0.9/src/effect.rs:307:17\n    |\n307 |         escape: escape!(\"7\"),\n    |                 ------------ in this macro invocation\n    |\n    = note: this error originates in the macro `escape` (in Nightly builds, run with -Z macro-backtrace for more info)\nhelp: consider importing this macro\n   --> /home/runner/.cargo/registry/src/index.crates.io-6f17d22bba15001f/anstyle-1.0.9/src/effect.rs:1:1\n    |\n1   + use core::concat;\n    |\n\nerror: cannot find macro `concat` in this scope\n   --> /home/runner/.cargo/registry/src/index.crates.io-6f17d22bba15001f/anstyle-1.0.9/src/macros.rs:3:9\n    |\n3   |         concat!(\"\\x1B[\", $($inner),*, \"m\")\n    |         ^^^^^^\n    |\n   ::: /home/runner/.cargo/registry/src/index.crates.io-6f17d22bba15001f/anstyle-1.0.9/src/effect.rs:311:17\n    |\n311 |         escape: escape!(\"8\"),\n    |                 ------------ in this macro invocation\n    |\n    = note: this error originates in the macro `escape` (in Nightly builds, run with -Z macro-backtrace for more info)\nhelp: consider importing this macro\n   --> /home/runner/.cargo/registry/src/index.crates.io-6f17d22bba15001f/anstyle-1.0.9/src/effect.rs:1:1\n    |\n1   + use core::concat;\n    |\n\nerror: cannot find macro `concat` in this scope\n   --> /home/runner/.cargo/registry/src/index.crates.io-6f17d22bba15001f/anstyle-1.0.9/src/macros.rs:3:9\n    |\n3   |         concat!(\"\\x1B[\", $($inner),*, \"m\")\n    |         ^^^^^^\n    |\n   ::: /home/runner/.cargo/registry/src/index.crates.io-6f17d22bba15001f/anstyle-1.0.9/src/effect.rs:315:17\n    |\n315 |         escape: escape!(\"9\"),\n    |                 ------------ in this macro invocation\n    |\n    = note: this error originates in the macro `escape` (in Nightly builds, run with -Z macro-backtrace for more info)\nhelp: consider importing this macro\n   --> /home/runner/.cargo/registry/src/index.crates.io-6f17d22bba15001f/anstyle-1.0.9/src/effect.rs:1:1\n    |\n1   + use core::concat;\n    |\n\nerror: cannot find attribute `derive` in this scope\n   --> /home/runner/.cargo/registry/src/index.crates.io-6f17d22bba15001f/anstyle-1.0.9/src/effect.rs:319:3\n    |\n319 | #[derive(Copy, Clone, Default, Debug)]\n    |   ^^^^^^\n    |\nhelp: consider importing this attribute macro\n    |\n1   + use core::prelude::rust_2024::derive;\n    |\n\nerror: cannot find macro `write` in this scope\n   --> /home/runner/.cargo/registry/src/index.crates.io-6f17d22bba15001f/anstyle-1.0.9/src/effect.rs:327:13\n    |\n327 |             write!(f, \"{escape}\")?;\n    |             ^^^^^\n    |\nhelp: consider importing this macro\n    |\n1   + use core::write;\n    |\n\nerror: cannot find attribute `derive` in this scope\n   --> /home/runner/.cargo/registry/src/index.crates.io-6f17d22bba15001f/anstyle-1.0.9/src/effect.rs:334:3\n    |\n334 | #[derive(Clone, Debug, PartialEq, Eq)]\n    |   ^^^^^^\n    |\nhelp: consider importing this attribute macro\n    |\n1   + use core::prelude::rust_2024::derive;\n    |\n\nerror: cannot find attribute `derive` in this scope\n   --> /home/runner/.cargo/registry/src/index.crates.io-6f17d22bba15001f/anstyle-1.0.9/src/effect.rs:358:3\n    |\n358 | #[derive(Clone, Debug, PartialEq, Eq)]\n    |   ^^^^^^\n    |\nhelp: consider importing this attribute macro\n    |\n1   + use core::prelude::rust_2024::derive;\n    |\n\nerror: cannot find attribute `derive` in this scope\n --> /home/runner/.cargo/registry/src/index.crates.io-6f17d22bba15001f/anstyle-1.0.9/src/reset.rs:3:3\n  |\n3 | #[derive(Copy, Clone, Default, Debug, PartialEq, Eq, PartialOrd, Ord, Hash)]\n  |   ^^^^^^\n  |\nhelp: consider importing this attribute macro\n  |\n1 + use core::prelude::rust_2024::derive;\n  |\n\nerror: cannot find macro `write` in this scope\n  --> /home/runner/.cargo/registry/src/index.crates.io-6f17d22bba15001f/anstyle-1.0.9/src/reset.rs:18:9\n   |\n18 |         write!(f, \"{RESET}\")\n   |         ^^^^^\n   |\nhelp: consider importing this macro\n   |\n1  + use core::write;\n   |\n\nerror: cannot find attribute `derive` in this scope\n  --> /home/runner/.cargo/registry/src/index.crates.io-6f17d22bba15001f/anstyle-1.0.9/src/style.rs:17:3\n   |\n17 | #[derive(Copy, Clone, Default, Debug, PartialEq, Eq, PartialOrd, Ord, Hash)]\n   |   ^^^^^^\n   |\nhelp: consider importing this attribute macro\n   |\n1  + use core::prelude::rust_2024::derive;\n   |\n\nerror: cannot find attribute `derive` in this scope\n   --> /home/runner/.cargo/registry/src/index.crates.io-6f17d22bba15001f/anstyle-1.0.9/src/style.rs:422:3\n    |\n422 | #[derive(Copy, Clone, Default, Debug)]\n    |   ^^^^^^\n    |\nhelp: consider importing this attribute macro\n    |\n1   + use core::prelude::rust_2024::derive;\n    |\n\nerror: cannot find attribute `test` in this scope\n   --> /home/runner/.cargo/registry/src/index.crates.io-6f17d22bba15001f/anstyle-1.0.9/src/style.rs:431:3\n    |\n431 | #[test]\n    |   ^^^^\n    |\nhelp: consider importing this attribute macro\n    |\n1   + use core::prelude::rust_2024::test;\n    |\n\nerror: cannot find macro `dbg` in this scope\n   --> /home/runner/.cargo/registry/src/index.crates.io-6f17d22bba15001f/anstyle-1.0.9/src/style.rs:435:5\n    |\n435 |     dbg!(size_of::<Style>());\n    |     ^^^\n\nerror: cannot find macro `dbg` in this scope\n   --> /home/runner/.cargo/registry/src/index.crates.io-6f17d22bba15001f/anstyle-1.0.9/src/style.rs:436:5\n    |\n436 |     dbg!(size_of::<StyleDisplay>());\n    |     ^^^\n\nerror[E0463]: can't find crate for `std`\n  --> /home/runner/.cargo/registry/src/index.crates.io-6f17d22bba15001f/anstyle-1.0.9/src/color.rs:46:53\n   |\n46 |     pub(crate) fn write_fg_to(self, write: &mut dyn std::io::Write) -> std::io::Result<()> {\n   |                                                     ^^^ can't find crate\n   |\n   = note: the `x86_64-unknown-none` target may not support the standard library\n   = help: consider building the standard library from source with `cargo build -Zbuild-std`\n\nerror[E0463]: can't find crate for `std`\n  --> /home/runner/.cargo/registry/src/index.crates.io-6f17d22bba15001f/anstyle-1.0.9/src/color.rs:46:72\n   |\n46 |     pub(crate) fn write_fg_to(self, write: &mut dyn std::io::Write) -> std::io::Result<()> {\n   |                                                                        ^^^ can't find crate\n   |\n   = note: the `x86_64-unknown-none` target may not support the standard library\n   = help: consider building the standard library from source with `cargo build -Zbuild-std`\n\nerror[E0463]: can't find crate for `std`\n  --> /home/runner/.cargo/registry/src/index.crates.io-6f17d22bba15001f/anstyle-1.0.9/src/color.rs:67:53\n   |\n67 |     pub(crate) fn write_bg_to(self, write: &mut dyn std::io::Write) -> std::io::Result<()> {\n   |                                                     ^^^ can't find crate\n   |\n   = note: the `x86_64-unknown-none` target may not support the standard library\n   = help: consider building the standard library from source with `cargo build -Zbuild-std`\n\nerror[E0463]: can't find crate for `std`\n  --> /home/runner/.cargo/registry/src/index.crates.io-6f17d22bba15001f/anstyle-1.0.9/src/color.rs:67:72\n   |\n67 |     pub(crate) fn write_bg_to(self, write: &mut dyn std::io::Write) -> std::io::Result<()> {\n   |                                                                        ^^^ can't find crate\n   |\n   = note: the `x86_64-unknown-none` target may not support the standard library\n   = help: consider building the standard library from source with `cargo build -Zbuild-std`\n\nerror[E0463]: can't find crate for `std`\n  --> /home/runner/.cargo/registry/src/index.crates.io-6f17d22bba15001f/anstyle-1.0.9/src/color.rs:87:60\n   |\n87 |     pub(crate) fn write_underline_to(self, write: &mut dyn std::io::Write) -> std::io::Result<()> {\n   |                                                            ^^^ can't find crate\n   |\n   = note: the `x86_64-unknown-none` target may not support the standard library\n   = help: consider building the standard library from source with `cargo build -Zbuild-std`\n\nerror[E0463]: can't find crate for `std`\n  --> /home/runner/.cargo/registry/src/index.crates.io-6f17d22bba15001f/anstyle-1.0.9/src/color.rs:87:79\n   |\n87 |     pub(crate) fn write_underline_to(self, write: &mut dyn std::io::Write) -> std::io::Result<()> {\n   |                                                                               ^^^ can't find crate\n   |\n   = note: the `x86_64-unknown-none` target may not support the standard library\n   = help: consider building the standard library from source with `cargo build -Zbuild-std`\n\nerror[E0463]: can't find crate for `std`\n   --> /home/runner/.cargo/registry/src/index.crates.io-6f17d22bba15001f/regex-syntax-0.8.5/src/lib.rs:174:1\n    |\n174 | extern crate std;\n    | ^^^^^^^^^^^^^^^^^ can't find crate\n    |\n    = note: the `x86_64-unknown-none` target may not support the standard library\n    = help: consider building the standard library from source with `cargo build -Zbuild-std`\n\n   Compiling is_terminal_polyfill v1.70.1\nerror[E0463]: can't find crate for `std`\n   --> /home/runner/.cargo/registry/src/index.crates.io-6f17d22bba15001f/anstyle-1.0.9/src/color.rs:622:39\n    |\n622 |     fn write_to(self, write: &mut dyn std::io::Write) -> std::io::Result<()> {\n    |                                       ^^^ can't find crate\n    |\n    = note: the `x86_64-unknown-none` target may not support the standard library\n    = help: consider building the standard library from source with `cargo build -Zbuild-std`\n\nerror[E0463]: can't find crate for `std`\n   --> /home/runner/.cargo/registry/src/index.crates.io-6f17d22bba15001f/anstyle-1.0.9/src/color.rs:622:58\n    |\n622 |     fn write_to(self, write: &mut dyn std::io::Write) -> std::io::Result<()> {\n    |                                                          ^^^ can't find crate\n    |\n    = note: the `x86_64-unknown-none` target may not support the standard library\n    = help: consider building the standard library from source with `cargo build -Zbuild-std`\n\nerror[E0463]: can't find crate for `std`\n   --> /home/runner/.cargo/registry/src/index.crates.io-6f17d22bba15001f/anstyle-1.0.9/src/effect.rs:174:50\n    |\n174 |     pub(crate) fn write_to(self, write: &mut dyn std::io::Write) -> std::io::Result<()> {\n    |                                                  ^^^ can't find crate\n    |\n    = note: the `x86_64-unknown-none` target may not support the standard library\n    = help: consider building the standard library from source with `cargo build -Zbuild-std`\n\nerror[E0463]: can't find crate for `std`\n   --> /home/runner/.cargo/registry/src/index.crates.io-6f17d22bba15001f/anstyle-1.0.9/src/effect.rs:174:69\n    |\n174 |     pub(crate) fn write_to(self, write: &mut dyn std::io::Write) -> std::io::Result<()> {\n    |                                                                     ^^^ can't find crate\n    |\n    = note: the `x86_64-unknown-none` target may not support the standard library\n    = help: consider building the standard library from source with `cargo build -Zbuild-std`\n\nerror[E0463]: can't find crate for `std`\n  |\n  = note: the `x86_64-unknown-none` target may not support the standard library\n  = note: `std` is required by `is_terminal_polyfill` because it does not declare `#![no_std]`\n  = help: consider building the standard library from source with `cargo build -Zbuild-std`\n\nerror[E0463]: can't find crate for `std`\n  --> /home/runner/.cargo/registry/src/index.crates.io-6f17d22bba15001f/is_terminal_polyfill-1.70.1/src/lib.rs:44:5\n   |\n44 |     std::fs::File,\n   |     ^^^ can't find crate\n   |\n   = note: the `x86_64-unknown-none` target may not support the standard library\n   = help: consider building the standard library from source with `cargo build -Zbuild-std`\n\nerror[E0463]: can't find crate for `std`\n  --> /home/runner/.cargo/registry/src/index.crates.io-6f17d22bba15001f/is_terminal_polyfill-1.70.1/src/lib.rs:37:17\n   |\n37 |                 std::io::IsTerminal::is_terminal(self)\n   |                 ^^^ can't find crate\n   |\n   = note: the `x86_64-unknown-none` target may not support the standard library\n   = help: consider building the standard library from source with `cargo build -Zbuild-std`\n\nerror[E0463]: can't find crate for `std`\n  --> /home/runner/.cargo/registry/src/index.crates.io-6f17d22bba15001f/is_terminal_polyfill-1.70.1/src/lib.rs:45:5\n   |\n45 |     std::io::Stdin,\n   |     ^^^ can't find crate\n   |\n   = note: the `x86_64-unknown-none` target may not support the standard library\n   = help: consider building the standard library from source with `cargo build -Zbuild-std`\n\nerror[E0463]: can't find crate for `std`\n  --> /home/runner/.cargo/registry/src/index.crates.io-6f17d22bba15001f/is_terminal_polyfill-1.70.1/src/lib.rs:46:5\n   |\n46 |     std::io::StdinLock<'_>,\n   |     ^^^ can't find crate\n   |\n   = note: the `x86_64-unknown-none` target may not support the standard library\n   = help: consider building the standard library from source with `cargo build -Zbuild-std`\n\nerror[E0463]: can't find crate for `std`\n  --> /home/runner/.cargo/registry/src/index.crates.io-6f17d22bba15001f/is_terminal_polyfill-1.70.1/src/lib.rs:47:5\n   |\n47 |     std::io::Stdout,\n   |     ^^^ can't find crate\n   |\n   = note: the `x86_64-unknown-none` target may not support the standard library\n   = help: consider building the standard library from source with `cargo build -Zbuild-std`\n\nerror[E0463]: can't find crate for `std`\n  --> /home/runner/.cargo/registry/src/index.crates.io-6f17d22bba15001f/is_terminal_polyfill-1.70.1/src/lib.rs:48:5\n   |\n48 |     std::io::StdoutLock<'_>,\n   |     ^^^ can't find crate\n   |\n   = note: the `x86_64-unknown-none` target may not support the standard library\n   = help: consider building the standard library from source with `cargo build -Zbuild-std`\n\nerror[E0463]: can't find crate for `std`\n  --> /home/runner/.cargo/registry/src/index.crates.io-6f17d22bba15001f/is_terminal_polyfill-1.70.1/src/lib.rs:49:5\n   |\n49 |     std::io::Stderr,\n   |     ^^^ can't find crate\n   |\n   = note: the `x86_64-unknown-none` target may not support the standard library\n   = help: consider building the standard library from source with `cargo build -Zbuild-std`\n\nerror[E0463]: can't find crate for `std`\n  --> /home/runner/.cargo/registry/src/index.crates.io-6f17d22bba15001f/is_terminal_polyfill-1.70.1/src/lib.rs:50:5\n   |\n50 |     std::io::StderrLock<'_>\n   |     ^^^ can't find crate\n   |\n   = note: the `x86_64-unknown-none` target may not support the standard library\n   = help: consider building the standard library from source with `cargo build -Zbuild-std`\n\nerror: requires `sized` lang_item\n\nFor more information about this error, try `rustc --explain E0463`.\nerror: could not compile `is_terminal_polyfill` (lib) due to 10 previous errors\nwarning: build failed, waiting for other jobs to finish...\nerror[E0463]: can't find crate for `std`\n   --> /home/runner/.cargo/registry/src/index.crates.io-6f17d22bba15001f/anstyle-1.0.9/src/style.rs:131:43\n    |\n131 |     pub fn write_to(self, write: &mut dyn std::io::Write) -> std::io::Result<()> {\n    |                                           ^^^ can't find crate\n    |\n    = note: the `x86_64-unknown-none` target may not support the standard library\n    = help: consider building the standard library from source with `cargo build -Zbuild-std`\n\nerror[E0463]: can't find crate for `std`\n   --> /home/runner/.cargo/registry/src/index.crates.io-6f17d22bba15001f/anstyle-1.0.9/src/style.rs:131:62\n    |\n131 |     pub fn write_to(self, write: &mut dyn std::io::Write) -> std::io::Result<()> {\n    |                                                              ^^^ can't find crate\n    |\n    = note: the `x86_64-unknown-none` target may not support the standard library\n    = help: consider building the standard library from source with `cargo build -Zbuild-std`\n\nerror[E0463]: can't find crate for `std`\n   --> /home/runner/.cargo/registry/src/index.crates.io-6f17d22bba15001f/anstyle-1.0.9/src/style.rs:166:49\n    |\n166 |     pub fn write_reset_to(self, write: &mut dyn std::io::Write) -> std::io::Result<()> {\n    |                                                 ^^^ can't find crate\n    |\n    = note: the `x86_64-unknown-none` target may not support the standard library\n    = help: consider building the standard library from source with `cargo build -Zbuild-std`\n\nerror[E0463]: can't find crate for `std`\n   --> /home/runner/.cargo/registry/src/index.crates.io-6f17d22bba15001f/anstyle-1.0.9/src/style.rs:166:68\n    |\n166 |     pub fn write_reset_to(self, write: &mut dyn std::io::Write) -> std::io::Result<()> {\n    |                                                                    ^^^ can't find crate\n    |\n    = note: the `x86_64-unknown-none` target may not support the standard library\n    = help: consider building the standard library from source with `cargo build -Zbuild-std`\n\nerror[E0405]: cannot find trait `Into` in this scope\n  --> /home/runner/.cargo/registry/src/index.crates.io-6f17d22bba15001f/anstyle-1.0.9/src/color.rs:22:38\n   |\n22 |     pub fn on(self, background: impl Into<Color>) -> crate::Style {\n   |                                      ^^^^ not found in this scope\n   |\nhelp: consider importing this trait\n   |\n1  + use core::convert::Into;\n   |\n\nerror[E0425]: cannot find function, tuple struct or tuple variant `Some` in this scope\n  --> /home/runner/.cargo/registry/src/index.crates.io-6f17d22bba15001f/anstyle-1.0.9/src/color.rs:24:23\n   |\n24 |             .fg_color(Some(self))\n   |                       ^^^^\n   |\nhelp: try calling `Some` as a method\n   |\n24 |             .fg_color(self.Some())\n   |                       ~~~~~~~~~~~\nhelp: consider importing this tuple variant\n   |\n1  + use core::option::Option::Some;\n   |\n\nerror[E0425]: cannot find function, tuple struct or tuple variant `Some` in this scope\n  --> /home/runner/.cargo/registry/src/index.crates.io-6f17d22bba15001f/anstyle-1.0.9/src/color.rs:25:23\n   |\n25 |             .bg_color(Some(background.into()))\n   |                       ^^^^ not found in this scope\n   |\nhelp: consider importing this tuple variant\n   |\n1  + use core::option::Option::Some;\n   |\n\nerror[E0425]: cannot find function, tuple struct or tuple variant `Some` in this scope\n  --> /home/runner/.cargo/registry/src/index.crates.io-6f17d22bba15001f/anstyle-1.0.9/src/color.rs:31:38\n   |\n31 |         crate::Style::new().fg_color(Some(self))\n   |                                      ^^^^\n   |\nhelp: try calling `Some` as a method\n   |\n31 |         crate::Style::new().fg_color(self.Some())\n   |                                      ~~~~~~~~~~~\nhelp: consider importing this tuple variant\n   |\n1  + use core::option::Option::Some;\n   |\n\nerror[E0405]: cannot find trait `Copy` in this scope\n  --> /home/runner/.cargo/registry/src/index.crates.io-6f17d22bba15001f/anstyle-1.0.9/src/color.rs:36:57\n   |\n36 |     pub fn render_fg(self) -> impl core::fmt::Display + Copy {\n   |                                                         ^^^^ not found in this scope\n   |\nhelp: consider importing this trait\n   |\n1  + use core::marker::Copy;\n   |\n\nerror[E0405]: cannot find trait `Copy` in this scope\n  --> /home/runner/.cargo/registry/src/index.crates.io-6f17d22bba15001f/anstyle-1.0.9/src/color.rs:57:57\n   |\n57 |     pub fn render_bg(self) -> impl core::fmt::Display + Copy {\n   |                                                         ^^^^ not found in this scope\n   |\nhelp: consider importing this trait\n   |\n1  + use core::marker::Copy;\n   |\n\nerror[E0405]: cannot find trait `Copy` in this scope\n  --> /home/runner/.cargo/registry/src/index.crates.io-6f17d22bba15001f/anstyle-1.0.9/src/color.rs:77:71\n   |\n77 |     pub(crate) fn render_underline(self) -> impl core::fmt::Display + Copy {\n   |                                                                       ^^^^ not found in this scope\n   |\nhelp: consider importing this trait\n   |\n1  + use core::marker::Copy;\n   |\n\nerror[E0405]: cannot find trait `From` in this scope\n  --> /home/runner/.cargo/registry/src/index.crates.io-6f17d22bba15001f/anstyle-1.0.9/src/color.rs:97:6\n   |\n97 | impl From<AnsiColor> for Color {\n   |      ^^^^ not found in this scope\n   |\nhelp: consider importing this trait\n   |\n1  + use core::convert::From;\n   |\n\nerror[E0405]: cannot find trait `From` in this scope\n   --> /home/runner/.cargo/registry/src/index.crates.io-6f17d22bba15001f/anstyle-1.0.9/src/color.rs:104:6\n    |\n104 | impl From<Ansi256Color> for Color {\n    |      ^^^^ not found in this scope\n    |\nhelp: consider importing this trait\n    |\n1   + use core::convert::From;\n    |\n\nerror[E0405]: cannot find trait `From` in this scope\n   --> /home/runner/.cargo/registry/src/index.crates.io-6f17d22bba15001f/anstyle-1.0.9/src/color.rs:111:6\n    |\n111 | impl From<RgbColor> for Color {\n    |      ^^^^ not found in this scope\n    |\nhelp: consider importing this trait\n    |\n1   + use core::convert::From;\n    |\n\nerror[E0405]: cannot find trait `From` in this scope\n   --> /home/runner/.cargo/registry/src/index.crates.io-6f17d22bba15001f/anstyle-1.0.9/src/color.rs:118:6\n    |\n118 | impl From<u8> for Color {\n    |      ^^^^ not found in this scope\n    |\nhelp: consider importing this trait\n    |\n1   + use core::convert::From;\n    |\n\nerror[E0405]: cannot find trait `From` in this scope\n   --> /home/runner/.cargo/registry/src/index.crates.io-6f17d22bba15001f/anstyle-1.0.9/src/color.rs:125:6\n    |\n125 | impl From<(u8, u8, u8)> for Color {\n    |      ^^^^ not found in this scope\n    |\nhelp: consider importing this trait\n    |\n1   + use core::convert::From;\n    |\n\nerror[E0405]: cannot find trait `Into` in this scope\n   --> /home/runner/.cargo/registry/src/index.crates.io-6f17d22bba15001f/anstyle-1.0.9/src/color.rs:191:38\n    |\n191 |     pub fn on(self, background: impl Into<Color>) -> crate::Style {\n    |                                      ^^^^ not found in this scope\n    |\nhelp: consider importing this trait\n    |\n1   + use core::convert::Into;\n    |\n\nerror[E0425]: cannot find function, tuple struct or tuple variant `Some` in this scope\n   --> /home/runner/.cargo/registry/src/index.crates.io-6f17d22bba15001f/anstyle-1.0.9/src/color.rs:193:23\n    |\n193 |             .fg_color(Some(self.into()))\n    |                       ^^^^ not found in this scope\n    |\nhelp: consider importing this tuple variant\n    |\n1   + use core::option::Option::Some;\n    |\n\nerror[E0425]: cannot find function, tuple struct or tuple variant `Some` in this scope\n   --> /home/runner/.cargo/registry/src/index.crates.io-6f17d22bba15001f/anstyle-1.0.9/src/color.rs:194:23\n    |\n194 |             .bg_color(Some(background.into()))\n    |                       ^^^^ not found in this scope\n    |\nhelp: consider importing this tuple variant\n    |\n1   + use core::option::Option::Some;\n    |\n\nerror[E0425]: cannot find function, tuple struct or tuple variant `Some` in this scope\n   --> /home/runner/.cargo/registry/src/index.crates.io-6f17d22bba15001f/anstyle-1.0.9/src/color.rs:200:38\n    |\n200 |         crate::Style::new().fg_color(Some(Color::Ansi(self)))\n    |                                      ^^^^ not found in this scope\n    |\nhelp: consider importing this tuple variant\n    |\n1   + use core::option::Option::Some;\n    |\n\nerror[E0405]: cannot find trait `Copy` in this scope\n   --> /home/runner/.cargo/registry/src/index.crates.io-6f17d22bba15001f/anstyle-1.0.9/src/color.rs:205:57\n    |\n205 |     pub fn render_fg(self) -> impl core::fmt::Display + Copy {\n    |                                                         ^^^^ not found in this scope\n    |\nhelp: consider importing this trait\n    |\n1   + use core::marker::Copy;\n    |\n\nerror[E0405]: cannot find trait `Copy` in this scope\n   --> /home/runner/.cargo/registry/src/index.crates.io-6f17d22bba15001f/anstyle-1.0.9/src/color.rs:238:57\n    |\n238 |     pub fn render_bg(self) -> impl core::fmt::Display + Copy {\n    |                                                         ^^^^ not found in this scope\n    |\nhelp: consider importing this trait\n    |\n1   + use core::marker::Copy;\n    |\n\nerror[E0405]: cannot find trait `Into` in this scope\n   --> /home/runner/.cargo/registry/src/index.crates.io-6f17d22bba15001f/anstyle-1.0.9/src/color.rs:357:38\n    |\n357 |     pub fn on(self, background: impl Into<Color>) -> crate::Style {\n    |                                      ^^^^ not found in this scope\n    |\nhelp: consider importing this trait\n    |\n1   + use core::convert::Into;\n    |\n\nerror[E0425]: cannot find function, tuple struct or tuple variant `Some` in this scope\n   --> /home/runner/.cargo/registry/src/index.crates.io-6f17d22bba15001f/anstyle-1.0.9/src/color.rs:359:23\n    |\n359 |             .fg_color(Some(self.into()))\n    |                       ^^^^ not found in this scope\n    |\nhelp: consider importing this tuple variant\n    |\n1   + use core::option::Option::Some;\n    |\n\nerror[E0425]: cannot find function, tuple struct or tuple variant `Some` in this scope\n   --> /home/runner/.cargo/registry/src/index.crates.io-6f17d22bba15001f/anstyle-1.0.9/src/color.rs:360:23\n    |\n360 |             .bg_color(Some(background.into()))\n    |                       ^^^^ not found in this scope\n    |\nhelp: consider importing this tuple variant\n    |\n1   + use core::option::Option::Some;\n    |\n\nerror[E0425]: cannot find function, tuple struct or tuple variant `Some` in this scope\n   --> /home/runner/.cargo/registry/src/index.crates.io-6f17d22bba15001f/anstyle-1.0.9/src/color.rs:366:38\n    |\n366 |         crate::Style::new().fg_color(Some(Color::Ansi256(self)))\n    |                                      ^^^^ not found in this scope\n    |\nhelp: consider importing this tuple variant\n    |\n1   + use core::option::Option::Some;\n    |\n\nerror[E0412]: cannot find type `Option` in this scope\n   --> /home/runner/.cargo/registry/src/index.crates.io-6f17d22bba15001f/anstyle-1.0.9/src/color.rs:377:37\n    |\n377 |     pub const fn into_ansi(self) -> Option<AnsiColor> {\n    |                                     ^^^^^^ not found in this scope\n    |\nhelp: consider importing this enum\n    |\n1   + use core::option::Option;\n    |\n\nerror[E0425]: cannot find function, tuple struct or tuple variant `Some` in this scope\n   --> /home/runner/.cargo/registry/src/index.crates.io-6f17d22bba15001f/anstyle-1.0.9/src/color.rs:379:18\n    |\n379 |             0 => Some(AnsiColor::Black),\n    |                  ^^^^ not found in this scope\n    |\nhelp: consider importing this tuple variant\n    |\n1   + use core::option::Option::Some;\n    |\n\nerror[E0425]: cannot find function, tuple struct or tuple variant `Some` in this scope\n   --> /home/runner/.cargo/registry/src/index.crates.io-6f17d22bba15001f/anstyle-1.0.9/src/color.rs:380:18\n    |\n380 |             1 => Some(AnsiColor::Red),\n    |                  ^^^^ not found in this scope\n    |\nhelp: consider importing this tuple variant\n    |\n1   + use core::option::Option::Some;\n    |\n\nerror[E0425]: cannot find function, tuple struct or tuple variant `Some` in this scope\n   --> /home/runner/.cargo/registry/src/index.crates.io-6f17d22bba15001f/anstyle-1.0.9/src/color.rs:381:18\n    |\n381 |             2 => Some(AnsiColor::Green),\n    |                  ^^^^ not found in this scope\n    |\nhelp: consider importing this tuple variant\n    |\n1   + use core::option::Option::Some;\n    |\n\nerror[E0425]: cannot find function, tuple struct or tuple variant `Some` in this scope\n   --> /home/runner/.cargo/registry/src/index.crates.io-6f17d22bba15001f/anstyle-1.0.9/src/color.rs:382:18\n    |\n382 |             3 => Some(AnsiColor::Yellow),\n    |                  ^^^^ not found in this scope\n    |\nhelp: consider importing this tuple variant\n    |\n1   + use core::option::Option::Some;\n    |\n\nerror[E0425]: cannot find function, tuple struct or tuple variant `Some` in this scope\n   --> /home/runner/.cargo/registry/src/index.crates.io-6f17d22bba15001f/anstyle-1.0.9/src/color.rs:383:18\n    |\n383 |             4 => Some(AnsiColor::Blue),\n    |                  ^^^^ not found in this scope\n    |\nhelp: consider importing this tuple variant\n    |\n1   + use core::option::Option::Some;\n    |\n\nerror[E0425]: cannot find function, tuple struct or tuple variant `Some` in this scope\n   --> /home/runner/.cargo/registry/src/index.crates.io-6f17d22bba15001f/anstyle-1.0.9/src/color.rs:384:18\n    |\n384 |             5 => Some(AnsiColor::Magenta),\n    |                  ^^^^ not found in this scope\n    |\nhelp: consider importing this tuple variant\n    |\n1   + use core::option::Option::Some;\n    |\n\nerror[E0425]: cannot find function, tuple struct or tuple variant `Some` in this scope\n   --> /home/runner/.cargo/registry/src/index.crates.io-6f17d22bba15001f/anstyle-1.0.9/src/color.rs:385:18\n    |\n385 |             6 => Some(AnsiColor::Cyan),\n    |                  ^^^^ not found in this scope\n    |\nhelp: consider importing this tuple variant\n    |\n1   + use core::option::Option::Some;\n    |\n\nerror[E0425]: cannot find function, tuple struct or tuple variant `Some` in this scope\n   --> /home/runner/.cargo/registry/src/index.crates.io-6f17d22bba15001f/anstyle-1.0.9/src/color.rs:386:18\n    |\n386 |             7 => Some(AnsiColor::White),\n    |                  ^^^^ not found in this scope\n    |\nhelp: consider importing this tuple variant\n    |\n1   + use core::option::Option::Some;\n    |\n\nerror[E0425]: cannot find function, tuple struct or tuple variant `Some` in this scope\n   --> /home/runner/.cargo/registry/src/index.crates.io-6f17d22bba15001f/anstyle-1.0.9/src/color.rs:387:18\n    |\n387 |             8 => Some(AnsiColor::BrightBlack),\n    |                  ^^^^ not found in this scope\n    |\nhelp: consider importing this tuple variant\n    |\n1   + use core::option::Option::Some;\n    |\n\nerror[E0425]: cannot find function, tuple struct or tuple variant `Some` in this scope\n   --> /home/runner/.cargo/registry/src/index.crates.io-6f17d22bba15001f/anstyle-1.0.9/src/color.rs:388:18\n    |\n388 |             9 => Some(AnsiColor::BrightRed),\n    |                  ^^^^ not found in this scope\n    |\nhelp: consider importing this tuple variant\n    |\n1   + use core::option::Option::Some;\n    |\n\nerror[E0425]: cannot find function, tuple struct or tuple variant `Some` in this scope\n   --> /home/runner/.cargo/registry/src/index.crates.io-6f17d22bba15001f/anstyle-1.0.9/src/color.rs:389:19\n    |\n389 |             10 => Some(AnsiColor::BrightGreen),\n    |                   ^^^^ not found in this scope\n    |\nhelp: consider importing this tuple variant\n    |\n1   + use core::option::Option::Some;\n    |\n\nerror[E0425]: cannot find function, tuple struct or tuple variant `Some` in this scope\n   --> /home/runner/.cargo/registry/src/index.crates.io-6f17d22bba15001f/anstyle-1.0.9/src/color.rs:390:19\n    |\n390 |             11 => Some(AnsiColor::BrightYellow),\n    |                   ^^^^ not found in this scope\n    |\nhelp: consider importing this tuple variant\n    |\n1   + use core::option::Option::Some;\n    |\n\nerror[E0425]: cannot find function, tuple struct or tuple variant `Some` in this scope\n   --> /home/runner/.cargo/registry/src/index.crates.io-6f17d22bba15001f/anstyle-1.0.9/src/color.rs:391:19\n    |\n391 |             12 => Some(AnsiColor::BrightBlue),\n    |                   ^^^^ not found in this scope\n    |\nhelp: consider importing this tuple variant\n    |\n1   + use core::option::Option::Some;\n    |\n\nerror[E0425]: cannot find function, tuple struct or tuple variant `Some` in this scope\n   --> /home/runner/.cargo/registry/src/index.crates.io-6f17d22bba15001f/anstyle-1.0.9/src/color.rs:392:19\n    |\n392 |             13 => Some(AnsiColor::BrightMagenta),\n    |                   ^^^^ not found in this scope\n    |\nhelp: consider importing this tuple variant\n    |\n1   + use core::option::Option::Some;\n    |\n\nerror[E0425]: cannot find function, tuple struct or tuple variant `Some` in this scope\n   --> /home/runner/.cargo/registry/src/index.crates.io-6f17d22bba15001f/anstyle-1.0.9/src/color.rs:393:19\n    |\n393 |             14 => Some(AnsiColor::BrightCyan),\n    |                   ^^^^ not found in this scope\n    |\nhelp: consider importing this tuple variant\n    |\n1   + use core::option::Option::Some;\n    |\n\nerror[E0425]: cannot find function, tuple struct or tuple variant `Some` in this scope\n   --> /home/runner/.cargo/registry/src/index.crates.io-6f17d22bba15001f/anstyle-1.0.9/src/color.rs:394:19\n    |\n394 |             15 => Some(AnsiColor::BrightWhite),\n    |                   ^^^^ not found in this scope\n    |\nhelp: consider importing this tuple variant\n    |\n1   + use core::option::Option::Some;\n    |\n\nerror[E0425]: cannot find value `None` in this scope\n   --> /home/runner/.cargo/registry/src/index.crates.io-6f17d22bba15001f/anstyle-1.0.9/src/color.rs:395:18\n    |\n395 |             _ => None,\n    |                  ^^^^ not found in this scope\n    |\nhelp: consider importing this unit variant\n    |\n1   + use core::option::Option::None;\n    |\n\nerror[E0405]: cannot find trait `Copy` in this scope\n   --> /home/runner/.cargo/registry/src/index.crates.io-6f17d22bba15001f/anstyle-1.0.9/src/color.rs:424:57\n    |\n424 |     pub fn render_fg(self) -> impl core::fmt::Display + Copy {\n    |                                                         ^^^^ not found in this scope\n    |\nhelp: consider importing this trait\n    |\n1   + use core::marker::Copy;\n    |\n\nerror[E0405]: cannot find trait `Copy` in this scope\n   --> /home/runner/.cargo/registry/src/index.crates.io-6f17d22bba15001f/anstyle-1.0.9/src/color.rs:438:57\n    |\n438 |     pub fn render_bg(self) -> impl core::fmt::Display + Copy {\n    |                                                         ^^^^ not found in this scope\n    |\nhelp: consider importing this trait\n    |\n1   + use core::marker::Copy;\n    |\n\nerror[E0405]: cannot find trait `From` in this scope\n   --> /home/runner/.cargo/registry/src/index.crates.io-6f17d22bba15001f/anstyle-1.0.9/src/color.rs:459:6\n    |\n459 | impl From<u8> for Ansi256Color {\n    |      ^^^^ not found in this scope\n    |\nhelp: consider importing this trait\n    |\n1   + use core::convert::From;\n    |\n\nerror[E0405]: cannot find trait `From` in this scope\n   --> /home/runner/.cargo/registry/src/index.crates.io-6f17d22bba15001f/anstyle-1.0.9/src/color.rs:466:6\n    |\n466 | impl From<AnsiColor> for Ansi256Color {\n    |      ^^^^ not found in this scope\n    |\nhelp: consider importing this trait\n    |\n1   + use core::convert::From;\n    |\n\nerror[E0405]: cannot find trait `Into` in this scope\n   --> /home/runner/.cargo/registry/src/index.crates.io-6f17d22bba15001f/anstyle-1.0.9/src/color.rs:481:38\n    |\n481 |     pub fn on(self, background: impl Into<Color>) -> crate::Style {\n    |                                      ^^^^ not found in this scope\n    |\nhelp: consider importing this trait\n    |\n1   + use core::convert::Into;\n    |\n\nerror[E0425]: cannot find function, tuple struct or tuple variant `Some` in this scope\n   --> /home/runner/.cargo/registry/src/index.crates.io-6f17d22bba15001f/anstyle-1.0.9/src/color.rs:483:23\n    |\n483 |             .fg_color(Some(self.into()))\n    |                       ^^^^ not found in this scope\n    |\nhelp: consider importing this tuple variant\n    |\n1   + use core::option::Option::Some;\n    |\n\nerror[E0425]: cannot find function, tuple struct or tuple variant `Some` in this scope\n   --> /home/runner/.cargo/registry/src/index.crates.io-6f17d22bba15001f/anstyle-1.0.9/src/color.rs:484:23\n    |\n484 |             .bg_color(Some(background.into()))\n    |                       ^^^^ not found in this scope\n    |\nhelp: consider importing this tuple variant\n    |\n1   + use core::option::Option::Some;\n    |\n\nerror[E0425]: cannot find function, tuple struct or tuple variant `Some` in this scope\n   --> /home/runner/.cargo/registry/src/index.crates.io-6f17d22bba15001f/anstyle-1.0.9/src/color.rs:490:38\n    |\n490 |         crate::Style::new().fg_color(Some(Color::Rgb(self)))\n    |                                      ^^^^ not found in this scope\n    |\nhelp: consider importing this tuple variant\n    |\n1   + use core::option::Option::Some;\n    |\n\nerror[E0405]: cannot find trait `Copy` in this scope\n   --> /home/runner/.cargo/registry/src/index.crates.io-6f17d22bba15001f/anstyle-1.0.9/src/color.rs:513:57\n    |\n513 |     pub fn render_fg(self) -> impl core::fmt::Display + Copy {\n    |                                                         ^^^^ not found in this scope\n    |\nhelp: consider importing this trait\n    |\n1   + use core::marker::Copy;\n    |\n\nerror[E0405]: cannot find trait `Copy` in this scope\n   --> /home/runner/.cargo/registry/src/index.crates.io-6f17d22bba15001f/anstyle-1.0.9/src/color.rs:531:57\n    |\n531 |     pub fn render_bg(self) -> impl core::fmt::Display + Copy {\n    |                                                         ^^^^ not found in this scope\n    |\nhelp: consider importing this trait\n    |\n1   + use core::marker::Copy;\n    |\n\nerror[E0405]: cannot find trait `From` in this scope\n   --> /home/runner/.cargo/registry/src/index.crates.io-6f17d22bba15001f/anstyle-1.0.9/src/color.rs:560:6\n    |\n560 | impl From<(u8, u8, u8)> for RgbColor {\n    |      ^^^^ not found in this scope\n    |\nhelp: consider importing this trait\n    |\n1   + use core::convert::From;\n    |\n\nerror[E0405]: cannot find trait `Copy` in this scope\n   --> /home/runner/.cargo/registry/src/index.crates.io-6f17d22bba15001f/anstyle-1.0.9/src/effect.rs:168:54\n    |\n168 |     pub fn render(self) -> impl core::fmt::Display + Copy {\n    |                                                      ^^^^ not found in this scope\n    |\nhelp: consider importing this trait\n    |\n1   + use core::marker::Copy;\n    |\n\nerror[E0425]: cannot find function, tuple struct or tuple variant `Ok` in this scope\n   --> /home/runner/.cargo/registry/src/index.crates.io-6f17d22bba15001f/anstyle-1.0.9/src/effect.rs:178:9\n    |\n178 |         Ok(())\n    |         ^^ not found in this scope\n    |\nhelp: consider importing this tuple variant\n    |\n1   + use core::result::Result::Ok;\n    |\n\nerror[E0425]: cannot find function, tuple struct or tuple variant `Ok` in this scope\n   --> /home/runner/.cargo/registry/src/index.crates.io-6f17d22bba15001f/anstyle-1.0.9/src/effect.rs:201:9\n    |\n201 |         Ok(())\n    |         ^^ not found in this scope\n    |\nhelp: consider importing this tuple variant\n    |\n1   + use core::result::Result::Ok;\n    |\n\nerror[E0425]: cannot find function, tuple struct or tuple variant `Ok` in this scope\n   --> /home/runner/.cargo/registry/src/index.crates.io-6f17d22bba15001f/anstyle-1.0.9/src/effect.rs:329:9\n    |\n329 |         Ok(())\n    |         ^^ not found in this scope\n    |\nhelp: consider importing this tuple variant\n    |\n1   + use core::result::Result::Ok;\n    |\n\nerror[E0405]: cannot find trait `Iterator` in this scope\n   --> /home/runner/.cargo/registry/src/index.crates.io-6f17d22bba15001f/anstyle-1.0.9/src/effect.rs:340:6\n    |\n340 | impl Iterator for EffectIter {\n    |      ^^^^^^^^ not found in this scope\n    |\nhelp: consider importing this trait\n    |\n1   + use core::iter::Iterator;\n    |\n\nerror[E0412]: cannot find type `Option` in this scope\n   --> /home/runner/.cargo/registry/src/index.crates.io-6f17d22bba15001f/anstyle-1.0.9/src/effect.rs:343:27\n    |\n343 |     fn next(&mut self) -> Option<Self::Item> {\n    |                           ^^^^^^ not found in this scope\n    |\nhelp: consider importing this enum\n    |\n1   + use core::option::Option;\n    |\n\nerror[E0425]: cannot find function, tuple struct or tuple variant `Some` in this scope\n   --> /home/runner/.cargo/registry/src/index.crates.io-6f17d22bba15001f/anstyle-1.0.9/src/effect.rs:350:24\n    |\n350 |                 return Some(effect);\n    |                        ^^^^ not found in this scope\n    |\nhelp: consider importing this tuple variant\n    |\n1   + use core::option::Option::Some;\n    |\n\nerror[E0425]: cannot find value `None` in this scope\n   --> /home/runner/.cargo/registry/src/index.crates.io-6f17d22bba15001f/anstyle-1.0.9/src/effect.rs:354:9\n    |\n354 |         None\n    |         ^^^^ not found in this scope\n    |\nhelp: consider importing this unit variant\n    |\n1   + use core::option::Option::None;\n    |\n\nerror[E0405]: cannot find trait `Iterator` in this scope\n   --> /home/runner/.cargo/registry/src/index.crates.io-6f17d22bba15001f/anstyle-1.0.9/src/effect.rs:364:6\n    |\n364 | impl Iterator for EffectIndexIter {\n    |      ^^^^^^^^ not found in this scope\n    |\nhelp: consider importing this trait\n    |\n1   + use core::iter::Iterator;\n    |\n\nerror[E0412]: cannot find type `Option` in this scope\n   --> /home/runner/.cargo/registry/src/index.crates.io-6f17d22bba15001f/anstyle-1.0.9/src/effect.rs:367:27\n    |\n367 |     fn next(&mut self) -> Option<Self::Item> {\n    |                           ^^^^^^ not found in this scope\n    |\nhelp: consider importing this enum\n    |\n1   + use core::option::Option;\n    |\n\nerror[E0425]: cannot find function, tuple struct or tuple variant `Some` in this scope\n   --> /home/runner/.cargo/registry/src/index.crates.io-6f17d22bba15001f/anstyle-1.0.9/src/effect.rs:374:24\n    |\n374 |                 return Some(index);\n    |                        ^^^^ not found in this scope\n    |\nhelp: consider importing this tuple variant\n    |\n1   + use core::option::Option::Some;\n    |\n\nerror[E0425]: cannot find value `None` in this scope\n   --> /home/runner/.cargo/registry/src/index.crates.io-6f17d22bba15001f/anstyle-1.0.9/src/effect.rs:378:9\n    |\n378 |         None\n    |         ^^^^ not found in this scope\n    |\nhelp: consider importing this unit variant\n    |\n1   + use core::option::Option::None;\n    |\n\nerror[E0405]: cannot find trait `Copy` in this scope\n  --> /home/runner/.cargo/registry/src/index.crates.io-6f17d22bba15001f/anstyle-1.0.9/src/reset.rs:11:54\n   |\n11 |     pub fn render(self) -> impl core::fmt::Display + Copy {\n   |                                                      ^^^^ not found in this scope\n   |\nhelp: consider importing this trait\n   |\n1  + use core::marker::Copy;\n   |\n\nerror[E0412]: cannot find type `Option` in this scope\n  --> /home/runner/.cargo/registry/src/index.crates.io-6f17d22bba15001f/anstyle-1.0.9/src/style.rs:19:9\n   |\n19 |     fg: Option<crate::Color>,\n   |         ^^^^^^ not found in this scope\n   |\nhelp: consider importing this enum\n   |\n1  + use core::option::Option;\n   |\n\nerror[E0412]: cannot find type `Option` in this scope\n  --> /home/runner/.cargo/registry/src/index.crates.io-6f17d22bba15001f/anstyle-1.0.9/src/style.rs:20:9\n   |\n20 |     bg: Option<crate::Color>,\n   |         ^^^^^^ not found in this scope\n   |\nhelp: consider importing this enum\n   |\n1  + use core::option::Option;\n   |\n\nerror[E0412]: cannot find type `Option` in this scope\n  --> /home/runner/.cargo/registry/src/index.crates.io-6f17d22bba15001f/anstyle-1.0.9/src/style.rs:21:16\n   |\n21 |     underline: Option<crate::Color>,\n   |                ^^^^^^ not found in this scope\n   |\nhelp: consider importing this enum\n   |\n1  + use core::option::Option;\n   |\n\nerror[E0425]: cannot find value `None` in this scope\n  --> /home/runner/.cargo/registry/src/index.crates.io-6f17d22bba15001f/anstyle-1.0.9/src/style.rs:37:17\n   |\n37 |             fg: None,\n   |                 ^^^^ not found in this scope\n   |\nhelp: consider importing this unit variant\n   |\n1  + use core::option::Option::None;\n   |\n\nerror[E0425]: cannot find value `None` in this scope\n  --> /home/runner/.cargo/registry/src/index.crates.io-6f17d22bba15001f/anstyle-1.0.9/src/style.rs:38:17\n   |\n38 |             bg: None,\n   |                 ^^^^ not found in this scope\n   |\nhelp: consider importing this unit variant\n   |\n1  + use core::option::Option::None;\n   |\n\nerror[E0425]: cannot find value `None` in this scope\n  --> /home/runner/.cargo/registry/src/index.crates.io-6f17d22bba15001f/anstyle-1.0.9/src/style.rs:39:24\n   |\n39 |             underline: None,\n   |                        ^^^^ not found in this scope\n   |\nhelp: consider importing this unit variant\n   |\n1  + use core::option::Option::None;\n   |\n\nerror[E0412]: cannot find type `Option` in this scope\n  --> /home/runner/.cargo/registry/src/index.crates.io-6f17d22bba15001f/anstyle-1.0.9/src/style.rs:53:41\n   |\n53 |     pub const fn fg_color(mut self, fg: Option<crate::Color>) -> Self {\n   |                                         ^^^^^^ not found in this scope\n   |\nhelp: consider importing this enum\n   |\n1  + use core::option::Option;\n   |\n\nerror[E0412]: cannot find type `Option` in this scope\n  --> /home/runner/.cargo/registry/src/index.crates.io-6f17d22bba15001f/anstyle-1.0.9/src/style.rs:67:41\n   |\n67 |     pub const fn bg_color(mut self, bg: Option<crate::Color>) -> Self {\n   |                                         ^^^^^^ not found in this scope\n   |\nhelp: consider importing this enum\n   |\n1  + use core::option::Option;\n   |\n\nerror[E0412]: cannot find type `Option` in this scope\n  --> /home/runner/.cargo/registry/src/index.crates.io-6f17d22bba15001f/anstyle-1.0.9/src/style.rs:81:55\n   |\n81 |     pub const fn underline_color(mut self, underline: Option<crate::Color>) -> Self {\n   |                                                       ^^^^^^ not found in this scope\n   |\nhelp: consider importing this enum\n   |\n1  + use core::option::Option;\n   |\n\nerror[E0405]: cannot find trait `Copy` in this scope\n   --> /home/runner/.cargo/registry/src/index.crates.io-6f17d22bba15001f/anstyle-1.0.9/src/style.rs:104:54\n    |\n104 |     pub fn render(self) -> impl core::fmt::Display + Copy {\n    |                                                      ^^^^ not found in this scope\n    |\nhelp: consider importing this trait\n    |\n1   + use core::marker::Copy;\n    |\n\nerror[E0531]: cannot find tuple struct or tuple variant `Some` in this scope\n   --> /home/runner/.cargo/registry/src/index.crates.io-6f17d22bba15001f/anstyle-1.0.9/src/style.rs:113:16\n    |\n113 |         if let Some(fg) = self.fg {\n    |                ^^^^ not found in this scope\n    |\nhelp: consider importing this tuple variant\n    |\n1   + use core::option::Option::Some;\n    |\n\nerror[E0531]: cannot find tuple struct or tuple variant `Some` in this scope\n   --> /home/runner/.cargo/registry/src/index.crates.io-6f17d22bba15001f/anstyle-1.0.9/src/style.rs:117:16\n    |\n117 |         if let Some(bg) = self.bg {\n    |                ^^^^ not found in this scope\n    |\nhelp: consider importing this tuple variant\n    |\n1   + use core::option::Option::Some;\n    |\n\nerror[E0531]: cannot find tuple struct or tuple variant `Some` in this scope\n   --> /home/runner/.cargo/registry/src/index.crates.io-6f17d22bba15001f/anstyle-1.0.9/src/style.rs:121:16\n    |\n121 |         if let Some(underline) = self.underline {\n    |                ^^^^ not found in this scope\n    |\nhelp: consider importing this tuple variant\n    |\n1   + use core::option::Option::Some;\n    |\n\nerror[E0425]: cannot find function, tuple struct or tuple variant `Ok` in this scope\n   --> /home/runner/.cargo/registry/src/index.crates.io-6f17d22bba15001f/anstyle-1.0.9/src/style.rs:125:9\n    |\n125 |         Ok(())\n    |         ^^ not found in this scope\n    |\nhelp: consider importing this tuple variant\n    |\n1   + use core::result::Result::Ok;\n    |\n\nerror[E0531]: cannot find tuple struct or tuple variant `Some` in this scope\n   --> /home/runner/.cargo/registry/src/index.crates.io-6f17d22bba15001f/anstyle-1.0.9/src/style.rs:134:16\n    |\n134 |         if let Some(fg) = self.fg {\n    |                ^^^^ not found in this scope\n    |\nhelp: consider importing this tuple variant\n    |\n1   + use core::option::Option::Some;\n    |\n\nerror[E0531]: cannot find tuple struct or tuple variant `Some` in this scope\n   --> /home/runner/.cargo/registry/src/index.crates.io-6f17d22bba15001f/anstyle-1.0.9/src/style.rs:138:16\n    |\n138 |         if let Some(bg) = self.bg {\n    |                ^^^^ not found in this scope\n    |\nhelp: consider importing this tuple variant\n    |\n1   + use core::option::Option::Some;\n    |\n\nerror[E0531]: cannot find tuple struct or tuple variant `Some` in this scope\n   --> /home/runner/.cargo/registry/src/index.crates.io-6f17d22bba15001f/anstyle-1.0.9/src/style.rs:142:16\n    |\n142 |         if let Some(underline) = self.underline {\n    |                ^^^^ not found in this scope\n    |\nhelp: consider importing this tuple variant\n    |\n1   + use core::option::Option::Some;\n    |\n\nerror[E0425]: cannot find function, tuple struct or tuple variant `Ok` in this scope\n   --> /home/runner/.cargo/registry/src/index.crates.io-6f17d22bba15001f/anstyle-1.0.9/src/style.rs:146:9\n    |\n146 |         Ok(())\n    |         ^^ not found in this scope\n    |\nhelp: consider importing this tuple variant\n    |\n1   + use core::result::Result::Ok;\n    |\n\nerror[E0405]: cannot find trait `Copy` in this scope\n   --> /home/runner/.cargo/registry/src/index.crates.io-6f17d22bba15001f/anstyle-1.0.9/src/style.rs:153:60\n    |\n153 |     pub fn render_reset(self) -> impl core::fmt::Display + Copy {\n    |                                                            ^^^^ not found in this scope\n    |\nhelp: consider importing this trait\n    |\n1   + use core::marker::Copy;\n    |\n\nerror[E0425]: cannot find function, tuple struct or tuple variant `Ok` in this scope\n   --> /home/runner/.cargo/registry/src/index.crates.io-6f17d22bba15001f/anstyle-1.0.9/src/style.rs:170:13\n    |\n170 |             Ok(())\n    |             ^^ not found in this scope\n    |\nhelp: consider importing this tuple variant\n    |\n1   + use core::result::Result::Ok;\n    |\n\nerror[E0412]: cannot find type `Option` in this scope\n   --> /home/runner/.cargo/registry/src/index.crates.io-6f17d22bba15001f/anstyle-1.0.9/src/style.rs:294:40\n    |\n294 |     pub const fn get_fg_color(self) -> Option<crate::Color> {\n    |                                        ^^^^^^ not found in this scope\n    |\nhelp: consider importing this enum\n    |\n1   + use core::option::Option;\n    |\n\nerror[E0412]: cannot find type `Option` in this scope\n   --> /home/runner/.cargo/registry/src/index.crates.io-6f17d22bba15001f/anstyle-1.0.9/src/style.rs:301:40\n    |\n301 |     pub const fn get_bg_color(self) -> Option<crate::Color> {\n    |                                        ^^^^^^ not found in this scope\n    |\nhelp: consider importing this enum\n    |\n1   + use core::option::Option;\n    |\n\nerror[E0412]: cannot find type `Option` in this scope\n   --> /home/runner/.cargo/registry/src/index.crates.io-6f17d22bba15001f/anstyle-1.0.9/src/style.rs:307:47\n    |\n307 |     pub const fn get_underline_color(self) -> Option<crate::Color> {\n    |                                               ^^^^^^ not found in this scope\n    |\nhelp: consider importing this enum\n    |\n1   + use core::option::Option;\n    |\n\nerror[E0405]: cannot find trait `From` in this scope\n   --> /home/runner/.cargo/registry/src/index.crates.io-6f17d22bba15001f/anstyle-1.0.9/src/style.rs:332:6\n    |\n332 | impl From<crate::Effects> for Style {\n    |      ^^^^ not found in this scope\n    |\nhelp: consider importing this trait\n    |\n1   + use core::convert::From;\n    |\n\nerror[E0405]: cannot find trait `PartialEq` in this scope\n   --> /home/runner/.cargo/registry/src/index.crates.io-6f17d22bba15001f/anstyle-1.0.9/src/style.rs:403:6\n    |\n403 | impl PartialEq<crate::Effects> for Style {\n    |      ^^^^^^^^^ not found in this scope\n    |\nhelp: consider importing this trait\n    |\n1   + use core::cmp::PartialEq;\n    |\n\nSome errors have detailed explanations: E0405, E0412, E0425, E0463, E0531.\nFor more information about an error, try `rustc --explain E0405`.\nerror: could not compile `anstyle` (lib) due to 173 previous errors\nerror: could not compile `regex-syntax` (lib) due to 1 previous error\nerror: could not compile `memchr` (lib) due to 1 previous error\n"]}},{"file":"unkonwn-but-maybe-important","count":1,"kinds":{"Clippy(Error)":["error: requires `sized` lang_item\n\n"]}}]},{"user":"qclic","repo":"fdt-parser","pkg":"fdt-parser","count":6,"raw_reports":[{"file":"fdt-parser/src/define.rs","count":2,"kinds":{"Clippy(Warn)":["warning: the following explicit lifetimes could be elided: 'a\n   --> fdt-parser/src/define.rs:276:6\n    |\n276 | impl<'a> Iterator for FdtRangeIter<'a> {\n    |      ^^                            ^^\n    |\n    = help: for further information visit https://rust-lang.github.io/rust-clippy/master/index.html#needless_lifetimes\n    = note: `#[warn(clippy::needless_lifetimes)]` on by default\nhelp: elide the lifetimes\n    |\n276 - impl<'a> Iterator for FdtRangeIter<'a> {\n276 + impl Iterator for FdtRangeIter<'_> {\n    |\n\n","warning: the following explicit lifetimes could be elided: 'a\n   --> fdt-parser/src/define.rs:276:6\n    |\n276 | impl<'a> Iterator for FdtRangeIter<'a> {\n    |      ^^                            ^^\n    |\n    = help: for further information visit https://rust-lang.github.io/rust-clippy/master/index.html#needless_lifetimes\n    = note: `#[warn(clippy::needless_lifetimes)]` on by default\nhelp: elide the lifetimes\n    |\n276 - impl<'a> Iterator for FdtRangeIter<'a> {\n276 + impl Iterator for FdtRangeIter<'_> {\n    |\n\n"]}},{"file":"fdt-parser/src/node.rs","count":2,"kinds":{"Clippy(Warn)":["warning: the following explicit lifetimes could be elided: 'a\n   --> fdt-parser/src/node.rs:154:6\n    |\n154 | impl<'a> Iterator for RegIter<'a> {\n    |      ^^                       ^^\n    |\n    = help: for further information visit https://rust-lang.github.io/rust-clippy/master/index.html#needless_lifetimes\nhelp: elide the lifetimes\n    |\n154 - impl<'a> Iterator for RegIter<'a> {\n154 + impl Iterator for RegIter<'_> {\n    |\n\n","warning: the following explicit lifetimes could be elided: 'a\n   --> fdt-parser/src/node.rs:154:6\n    |\n154 | impl<'a> Iterator for RegIter<'a> {\n    |      ^^                       ^^\n    |\n    = help: for further information visit https://rust-lang.github.io/rust-clippy/master/index.html#needless_lifetimes\nhelp: elide the lifetimes\n    |\n154 - impl<'a> Iterator for RegIter<'a> {\n154 + impl Iterator for RegIter<'_> {\n    |\n\n"]}},{"file":"(virtual) lockbud","count":1,"kinds":{"Cargo":["// pkg_name=fdt-parser, checker=Lockbud\n// toolchain=nightly-2024-10-24-x86_64-unknown-linux-gnu, target=x86_64-unknown-none\n// pkg_dir=/home/runner/check/batch_11/qclic/fdt-parser/fdt-parser\n// cmd=cargo +nightly-2024-05-21 lockbud -k all -- --target x86_64-unknown-none\n   Compiling log v0.4.22\n[2024-10-25T12:37:14Z WARN  lockbud::callbacks] [\n      {\n        \"AtomicityViolation\": {\n          \"bug_kind\": \"AtomicityViolation\",\n          \"possibility\": \"Possibly\",\n          \"diagnosis\": {\n            \"fn_name\": \"set_logger_racy\",\n            \"atomic_reader\": \"/home/runner/.cargo/registry/src/index.crates.io-6f17d22bba15001f/log-0.4.22/src/lib.rs:1447:11: 1447:40 (#0)\",\n            \"atomic_writer\": \"/home/runner/.cargo/registry/src/index.crates.io-6f17d22bba15001f/log-0.4.22/src/lib.rs:1450:13: 1450:56 (#0)\",\n            \"dep_kind\": \"Control\"\n          },\n          \"explanation\": \"atomic::store is data/control dependent on atomic::load\"\n        }\n      }\n    ]\n[2024-10-25T12:37:14Z WARN  lockbud::callbacks] crate log contains bugs: { probably: 0, possibly: 0 }, conflictlock: { probably: 0, possibly: 0 }, condvar_deadlock: { probably: 0, possibly: 0 }, atomicity_violation: { possibly: 1 }, invalid_free: { possibly: 0 }, use_after_free: { possibly: 0 }\n   Compiling fdt-parser v0.2.1 (/home/runner/check/batch_11/qclic/fdt-parser/fdt-parser)\nerror[E0425]: cannot find function `size_of` in this scope\n   --> fdt-parser/src/define.rs:139:26\n    |\n139 |         if bytes.len() < size_of::<FdtHeader>() {\n    |                          ^^^^^^^ not found in this scope\n    |\nhelp: consider importing this function\n    |\n1   + use core::mem::size_of;\n    |\n\nFor more information about this error, try `rustc --explain E0425`.\nerror: could not compile `fdt-parser` (lib) due to 1 previous error\n"]}},{"file":"[lockbud] Not supported to display yet.","count":1,"kinds":{"Lockbud(Possibly)":["[2024-10-25T12:37:14Z WARN  lockbud::callbacks] [\n      {\n        \"AtomicityViolation\": {\n          \"bug_kind\": \"AtomicityViolation\",\n          \"possibility\": \"Possibly\",\n          \"diagnosis\": {\n            \"fn_name\": \"set_logger_racy\",\n            \"atomic_reader\": \"/home/runner/.cargo/registry/src/index.crates.io-6f17d22bba15001f/log-0.4.22/src/lib.rs:1447:11: 1447:40 (#0)\",\n            \"atomic_writer\": \"/home/runner/.cargo/registry/src/index.crates.io-6f17d22bba15001f/log-0.4.22/src/lib.rs:1450:13: 1450:56 (#0)\",\n            \"dep_kind\": \"Control\"\n          },\n          \"explanation\": \"atomic::store is data/control dependent on atomic::load\"\n        }\n      }\n    ]\n[2024-10-25T12:37:14Z WARN  lockbud::callbacks] crate log contains bugs: { probably: 0, possibly: 0 }, conflictlock: { probably: 0, possibly: 0 }, condvar_deadlock: { probably: 0, possibly: 0 }, atomicity_violation: { possibly: 1 }, invalid_free: { possibly: 0 }, use_after_free: { possibly: 0 }"]}}]}],"kinds_order":["Cargo","Clippy(Error)","Clippy(Warn)","Audit","Mirai","Rap","Lockbud(Probably)","Lockbud(Possibly)","Outdated","Unformatted"]}