{"repo":{"user":"arceos-hypervisor","repo":"arm_vcpu"},"data":[{"user":"arceos-hypervisor","repo":"arm_vcpu","pkg":"arm_vcpu","count":17,"raw_reports":[{"file":"/home/runner/.cargo/registry/src/index.crates.io-6f17d22bba15001f/x86_64-0.15.2/src/structures/paging/page_table.rs","count":2,"kinds":{"Clippy(Error)":["error[E0053]: method `steps_between` has an incompatible type for trait\n   --> /home/runner/.cargo/registry/src/index.crates.io-6f17d22bba15001f/x86_64-0.15.2/src/structures/paging/page_table.rs:356:51\n    |\n356 |     fn steps_between(start: &Self, end: &Self) -> (usize, Option<usize>) {\n    |                                                   ^^^^^^^^^^^^^^^^^^^^^^ expected `Option<usize>`, found `(usize, Option<usize>)`\n    |\n    = note: expected signature `fn(&PageTableIndex, &PageTableIndex) -> Option<usize>`\n               found signature `fn(&PageTableIndex, &PageTableIndex) -> (usize, Option<usize>)`\nhelp: change the output type to match the trait\n    |\n356 |     fn steps_between(start: &Self, end: &Self) -> Option<usize> {\n    |                                                   ~~~~~~~~~~~~~\n\n","error[E0308]: mismatched types\n   --> /home/runner/.cargo/registry/src/index.crates.io-6f17d22bba15001f/x86_64-0.15.2/src/structures/paging/page_table.rs:357:9\n    |\n356 |     fn steps_between(start: &Self, end: &Self) -> (usize, Option<usize>) {\n    |                                                   ---------------------- expected `(usize, Option<usize>)` because of return type\n357 |         Step::steps_between(&start.0, &end.0)\n    |         ^^^^^^^^^^^^^^^^^^^^^^^^^^^^^^^^^^^^^ expected `(usize, Option<usize>)`, found `Option<usize>`\n    |\n    = note: expected tuple `(usize, Option<usize>)`\n                found enum `Option<usize>`\n\n"]}},{"file":"(virtual) clippy","count":2,"kinds":{"Cargo":["// pkg_name=arm_vcpu, checker=Clippy\n// toolchain=nightly-2024-10-12-x86_64-unknown-linux-gnu, target=x86_64-unknown-linux-gnu\n// pkg_dir=/home/runner/check/batch_3/arceos-hypervisor/arm_vcpu\n// cmd=cargo clippy --target x86_64-unknown-linux-gnu --no-deps --message-format=json\n    Checking bit_field v0.10.2\n   Compiling proc-macro2 v1.0.92\n   Compiling rustversion v1.0.18\n   Compiling unicode-ident v1.0.14\n   Compiling autocfg v1.4.0\n   Compiling x86 v0.52.0\n    Checking bitflags v1.3.2\n    Checking raw-cpuid v10.7.0\n   Compiling lock_api v0.4.12\n    Checking bitflags v2.6.0\n    Checking volatile v0.4.6\n    Checking memory_addr v0.3.1\n    Checking x86_64 v0.15.2\n   Compiling quote v1.0.37\n    Checking log v0.4.22\n   Compiling axerrno v0.1.0\n    Checking scopeguard v1.2.0\n   Compiling syn v2.0.90\n    Checking cfg-if v1.0.0\n   Compiling percpu v0.1.5\n    Checking spin v0.9.8\n    Checking memory_set v0.3.1\n    Checking lazyinit v0.2.1\n    Checking numeric-enum-macro v0.2.0\n    Checking tock-registers v0.8.1\nerror: could not compile `x86_64` (lib) due to 4 previous errors\nwarning: build failed, waiting for other jobs to finish...\n","// pkg_name=arm_vcpu, checker=Clippy\n// toolchain=nightly-2024-10-12-x86_64-unknown-linux-gnu, target=aarch64-unknown-none\n// pkg_dir=/home/runner/check/batch_3/arceos-hypervisor/arm_vcpu\n// cmd=cargo clippy --target aarch64-unknown-none --no-deps --message-format=json\n    Checking memory_addr v0.3.1\n    Checking tock-registers v0.8.1\n    Checking log v0.4.22\n    Checking bitflags v2.6.0\n    Checking aarch64-cpu v9.4.0\n   Compiling axerrno v0.1.0\n    Checking cfg-if v1.0.0\n   Compiling percpu v0.1.5\n   Compiling lock_api v0.4.12\n   Compiling percpu_macros v0.1.5\n    Checking memory_set v0.3.1\n    Checking numeric-enum-macro v0.2.0\n    Checking bit_field v0.10.2\n    Checking lazyinit v0.2.1\n    Checking scopeguard v1.2.0\n    Checking aarch64_sysreg v0.1.1\n    Checking spin v0.9.8\n    Checking page_table_entry v0.4.1\n    Checking page_table_multiarch v0.4.1\n    Checking axaddrspace v0.1.0 (https://github.com/arceos-hypervisor/axaddrspace.git#0e4ddd0f)\n    Checking axvcpu v0.1.0 (https://github.com/arceos-hypervisor/axvcpu.git#4790ff63)\n    Checking arm_vcpu v0.1.0 (/home/runner/check/batch_3/arceos-hypervisor/arm_vcpu)\nerror: could not compile `arm_vcpu` (lib) due to 2 previous errors; 1 warning emitted\n"]}},{"file":"(virtual) semver-checks","count":2,"kinds":{"Cargo":["// pkg_name=arm_vcpu, checker=SemverChecks\n// toolchain=nightly-2024-10-12-x86_64-unknown-linux-gnu, target=x86_64-unknown-linux-gnu\n// pkg_dir=/home/runner/check/batch_3/arceos-hypervisor/arm_vcpu\n// cmd=cargo +nightly-2024-10-12-x86_64-unknown-linux-gnu semver-checks --target x86_64-unknown-linux-gnu\n     Parsing arm_vcpu v0.1.0 (current)\nerror: running cargo-doc on crate arm_vcpu failed with output:\n-----\n   Compiling rustversion v1.0.18\n   Compiling proc-macro2 v1.0.92\n    Checking bit_field v0.10.2\n   Compiling x86 v0.52.0\n   Compiling autocfg v1.4.0\n    Checking bitflags v1.3.2\n   Compiling unicode-ident v1.0.14\n    Checking raw-cpuid v10.7.0\n   Compiling lock_api v0.4.12\n    Checking volatile v0.4.6\n    Checking bitflags v2.6.0\n    Checking memory_addr v0.3.1\n    Checking x86_64 v0.15.2\n   Compiling quote v1.0.37\n   Compiling axerrno v0.1.0\nerror[E0053]: method `steps_between` has an incompatible type for trait\n   --> /home/runner/.cargo/registry/src/index.crates.io-6f17d22bba15001f/x86_64-0.15.2/src/addr.rs:406:51\n    |\n406 |     fn steps_between(start: &Self, end: &Self) -> (usize, Option<usize>) {\n    |                                                   ^^^^^^^^^^^^^^^^^^^^^^ expected `Option<usize>`, found `(usize, Option<usize>)`\n    |\n    = note: expected signature `fn(&addr::VirtAddr, &addr::VirtAddr) -> Option<usize>`\n               found signature `fn(&addr::VirtAddr, &addr::VirtAddr) -> (usize, Option<usize>)`\nhelp: change the output type to match the trait\n    |\n406 |     fn steps_between(start: &Self, end: &Self) -> Option<usize> {\n    |                                                   ~~~~~~~~~~~~~\n\n    Checking scopeguard v1.2.0\n    Checking log v0.4.22\nerror[E0053]: method `steps_between` has an incompatible type for trait\n   --> /home/runner/.cargo/registry/src/index.crates.io-6f17d22bba15001f/x86_64-0.15.2/src/structures/paging/page.rs:307:51\n    |\n307 |     fn steps_between(start: &Self, end: &Self) -> (usize, Option<usize>) {\n    |                                                   ^^^^^^^^^^^^^^^^^^^^^^ expected `Option<usize>`, found `(usize, Option<usize>)`\n    |\n    = note: expected signature `fn(&page::Page<_>, &page::Page<_>) -> Option<usize>`\n               found signature `fn(&page::Page<_>, &page::Page<_>) -> (usize, Option<usize>)`\nhelp: change the output type to match the trait\n    |\n307 |     fn steps_between(start: &Self, end: &Self) -> Option<usize> {\n    |                                                   ~~~~~~~~~~~~~\n\nerror[E0053]: method `steps_between` has an incompatible type for trait\n   --> /home/runner/.cargo/registry/src/index.crates.io-6f17d22bba15001f/x86_64-0.15.2/src/structures/paging/page_table.rs:356:51\n    |\n356 |     fn steps_between(start: &Self, end: &Self) -> (usize, Option<usize>) {\n    |                                                   ^^^^^^^^^^^^^^^^^^^^^^ expected `Option<usize>`, found `(usize, Option<usize>)`\n    |\n    = note: expected signature `fn(&PageTableIndex, &PageTableIndex) -> Option<usize>`\n               found signature `fn(&PageTableIndex, &PageTableIndex) -> (usize, Option<usize>)`\nhelp: change the output type to match the trait\n    |\n356 |     fn steps_between(start: &Self, end: &Self) -> Option<usize> {\n    |                                                   ~~~~~~~~~~~~~\n\n   Compiling syn v2.0.90\n   Compiling percpu v0.1.5\nerror[E0308]: mismatched types\n   --> /home/runner/.cargo/registry/src/index.crates.io-6f17d22bba15001f/x86_64-0.15.2/src/structures/paging/page_table.rs:357:9\n    |\n356 |     fn steps_between(start: &Self, end: &Self) -> (usize, Option<usize>) {\n    |                                                   ---------------------- expected `(usize, Option<usize>)` because of return type\n357 |         Step::steps_between(&start.0, &end.0)\n    |         ^^^^^^^^^^^^^^^^^^^^^^^^^^^^^^^^^^^^^ expected `(usize, Option<usize>)`, found `Option<usize>`\n    |\n    = note: expected tuple `(usize, Option<usize>)`\n                found enum `Option<usize>`\n\n    Checking cfg-if v1.0.0\n    Checking spin v0.9.8\n    Checking memory_set v0.3.1\n    Checking lazyinit v0.2.1\n    Checking numeric-enum-macro v0.2.0\nSome errors have detailed explanations: E0053, E0308.\nFor more information about an error, try `rustc --explain E0053`.\nerror: could not compile `x86_64` (lib) due to 4 previous errors\nwarning: build failed, waiting for other jobs to finish...\n\n-----\n\nerror: failed to build rustdoc for crate arm_vcpu v0.1.0\nnote: this is usually due to a compilation error in the crate,\n      and is unlikely to be a bug in cargo-semver-checks\nnote: the following command can be used to reproduce the compilation error:\n      cargo new --lib example &&\n          cd example &&\n          echo '[workspace]' >> Cargo.toml &&\n          cargo add --path /home/runner/check/batch_3/arceos-hypervisor/arm_vcpu --no-default-features &&\n          cargo check\n\nerror: aborting due to failure to build rustdoc for crate arm_vcpu v0.1.0\n","// pkg_name=arm_vcpu, checker=SemverChecks\n// toolchain=nightly-2024-10-12-x86_64-unknown-linux-gnu, target=aarch64-unknown-none\n// pkg_dir=/home/runner/check/batch_3/arceos-hypervisor/arm_vcpu\n// cmd=cargo +nightly-2024-10-12-x86_64-unknown-linux-gnu semver-checks --target aarch64-unknown-none\n     Parsing arm_vcpu v0.1.0 (current)\nerror: running cargo-doc on crate arm_vcpu failed with output:\n-----\nerror: output of --print=file-names missing when learning about target-specific information from rustc\ncommand was: `/home/runner/.rustup/toolchains/nightly-2024-10-12-x86_64-unknown-linux-gnu/bin/rustc - --crate-name ___ --print=file-names --cap-lints=allow --target aarch64-unknown-none --crate-type bin --crate-type rlib --crate-type dylib --crate-type cdylib --crate-type staticlib --crate-type proc-macro --print=sysroot --print=split-debuginfo --print=crate-name --print=cfg`\n\n--- stdout\n___\nlib___.rlib\nlib___.a\n/home/runner/.rustup/toolchains/nightly-2024-10-12-x86_64-unknown-linux-gnu\noff\n___\ndebug_assertions\nfmt_debug=\"full\"\noverflow_checks\npanic=\"abort\"\nproc_macro\nrelocation_model=\"static\"\ntarget_abi=\"\"\ntarget_arch=\"aarch64\"\ntarget_endian=\"little\"\ntarget_env=\"\"\ntarget_feature=\"neon\"\ntarget_has_atomic\ntarget_has_atomic=\"128\"\ntarget_has_atomic=\"16\"\ntarget_has_atomic=\"32\"\ntarget_has_atomic=\"64\"\ntarget_has_atomic=\"8\"\ntarget_has_atomic=\"ptr\"\ntarget_has_atomic_equal_alignment=\"128\"\ntarget_has_atomic_equal_alignment=\"16\"\ntarget_has_atomic_equal_alignment=\"32\"\ntarget_has_atomic_equal_alignment=\"64\"\ntarget_has_atomic_equal_alignment=\"8\"\ntarget_has_atomic_equal_alignment=\"ptr\"\ntarget_has_atomic_load_store\ntarget_has_atomic_load_store=\"128\"\ntarget_has_atomic_load_store=\"16\"\ntarget_has_atomic_load_store=\"32\"\ntarget_has_atomic_load_store=\"64\"\ntarget_has_atomic_load_store=\"8\"\ntarget_has_atomic_load_store=\"ptr\"\ntarget_os=\"none\"\ntarget_pointer_width=\"64\"\ntarget_vendor=\"unknown\"\nub_checks\n\n\n-----\n\nerror: failed to build rustdoc for crate arm_vcpu v0.1.0\nnote: this is usually due to a compilation error in the crate,\n      and is unlikely to be a bug in cargo-semver-checks\nnote: the following command can be used to reproduce the compilation error:\n      cargo new --lib example &&\n          cd example &&\n          echo '[workspace]' >> Cargo.toml &&\n          cargo add --path /home/runner/check/batch_3/arceos-hypervisor/arm_vcpu --no-default-features &&\n          cargo check\n\nerror: aborting due to failure to build rustdoc for crate arm_vcpu v0.1.0\n"]}},{"file":"[lockbud] Not supported to display yet.","count":2,"kinds":{"Lockbud(Possibly)":["[2024-12-06T20:33:40Z WARN  lockbud::callbacks] [\n      {\n        \"AtomicityViolation\": {\n          \"bug_kind\": \"AtomicityViolation\",\n          \"possibility\": \"Possibly\",\n          \"diagnosis\": {\n            \"fn_name\": \"set_logger_racy\",\n            \"atomic_reader\": \"/home/runner/.cargo/registry/src/index.crates.io-6f17d22bba15001f/log-0.4.22/src/lib.rs:1447:11: 1447:40 (#0)\",\n            \"atomic_writer\": \"/home/runner/.cargo/registry/src/index.crates.io-6f17d22bba15001f/log-0.4.22/src/lib.rs:1450:13: 1450:56 (#0)\",\n            \"dep_kind\": \"Control\"\n          },\n          \"explanation\": \"atomic::store is data/control dependent on atomic::load\"\n        }\n      }\n    ]\n[2024-12-06T20:33:40Z WARN  lockbud::callbacks] crate log contains bugs: { probably: 0, possibly: 0 }, conflictlock: { probably: 0, possibly: 0 }, condvar_deadlock: { probably: 0, possibly: 0 }, atomicity_violation: { possibly: 1 }, invalid_free: { possibly: 0 }, use_after_free: { possibly: 0 }","[2024-12-06T20:33:43Z WARN  lockbud::callbacks] [\n      {\n        \"AtomicityViolation\": {\n          \"bug_kind\": \"AtomicityViolation\",\n          \"possibility\": \"Possibly\",\n          \"diagnosis\": {\n            \"fn_name\": \"set_logger_racy\",\n            \"atomic_reader\": \"/home/runner/.cargo/registry/src/index.crates.io-6f17d22bba15001f/log-0.4.22/src/lib.rs:1447:11: 1447:40 (#0)\",\n            \"atomic_writer\": \"/home/runner/.cargo/registry/src/index.crates.io-6f17d22bba15001f/log-0.4.22/src/lib.rs:1450:13: 1450:56 (#0)\",\n            \"dep_kind\": \"Control\"\n          },\n          \"explanation\": \"atomic::store is data/control dependent on atomic::load\"\n        }\n      }\n    ]\n[2024-12-06T20:33:43Z WARN  lockbud::callbacks] crate log contains bugs: { probably: 0, possibly: 0 }, conflictlock: { probably: 0, possibly: 0 }, condvar_deadlock: { probably: 0, possibly: 0 }, atomicity_violation: { possibly: 1 }, invalid_free: { possibly: 0 }, use_after_free: { possibly: 0 }"]}},{"file":"[semver checks]","count":2,"kinds":{"Semver Violation":["pkg=arm_vcpu, checker=SemverChecks\ntoolchain=nightly-2024-10-12-x86_64-unknown-linux-gnu, target=x86_64-unknown-linux-gnu\npkg_dir=/home/runner/check/batch_3/arceos-hypervisor/arm_vcpu\ncmd=cargo +nightly-2024-10-12-x86_64-unknown-linux-gnu semver-checks --target x86_64-unknown-linux-gnu\n\n\nstdout:\n\nstderr:\n     Parsing arm_vcpu v0.1.0 (current)\nerror: running cargo-doc on crate arm_vcpu failed with output:\n-----\n   Compiling rustversion v1.0.18\n   Compiling proc-macro2 v1.0.92\n    Checking bit_field v0.10.2\n   Compiling x86 v0.52.0\n   Compiling autocfg v1.4.0\n    Checking bitflags v1.3.2\n   Compiling unicode-ident v1.0.14\n    Checking raw-cpuid v10.7.0\n   Compiling lock_api v0.4.12\n    Checking volatile v0.4.6\n    Checking bitflags v2.6.0\n    Checking memory_addr v0.3.1\n    Checking x86_64 v0.15.2\n   Compiling quote v1.0.37\n   Compiling axerrno v0.1.0\nerror[E0053]: method `steps_between` has an incompatible type for trait\n   --> /home/runner/.cargo/registry/src/index.crates.io-6f17d22bba15001f/x86_64-0.15.2/src/addr.rs:406:51\n    |\n406 |     fn steps_between(start: &Self, end: &Self) -> (usize, Option<usize>) {\n    |                                                   ^^^^^^^^^^^^^^^^^^^^^^ expected `Option<usize>`, found `(usize, Option<usize>)`\n    |\n    = note: expected signature `fn(&addr::VirtAddr, &addr::VirtAddr) -> Option<usize>`\n               found signature `fn(&addr::VirtAddr, &addr::VirtAddr) -> (usize, Option<usize>)`\nhelp: change the output type to match the trait\n    |\n406 |     fn steps_between(start: &Self, end: &Self) -> Option<usize> {\n    |                                                   ~~~~~~~~~~~~~\n\n    Checking scopeguard v1.2.0\n    Checking log v0.4.22\nerror[E0053]: method `steps_between` has an incompatible type for trait\n   --> /home/runner/.cargo/registry/src/index.crates.io-6f17d22bba15001f/x86_64-0.15.2/src/structures/paging/page.rs:307:51\n    |\n307 |     fn steps_between(start: &Self, end: &Self) -> (usize, Option<usize>) {\n    |                                                   ^^^^^^^^^^^^^^^^^^^^^^ expected `Option<usize>`, found `(usize, Option<usize>)`\n    |\n    = note: expected signature `fn(&page::Page<_>, &page::Page<_>) -> Option<usize>`\n               found signature `fn(&page::Page<_>, &page::Page<_>) -> (usize, Option<usize>)`\nhelp: change the output type to match the trait\n    |\n307 |     fn steps_between(start: &Self, end: &Self) -> Option<usize> {\n    |                                                   ~~~~~~~~~~~~~\n\nerror[E0053]: method `steps_between` has an incompatible type for trait\n   --> /home/runner/.cargo/registry/src/index.crates.io-6f17d22bba15001f/x86_64-0.15.2/src/structures/paging/page_table.rs:356:51\n    |\n356 |     fn steps_between(start: &Self, end: &Self) -> (usize, Option<usize>) {\n    |                                                   ^^^^^^^^^^^^^^^^^^^^^^ expected `Option<usize>`, found `(usize, Option<usize>)`\n    |\n    = note: expected signature `fn(&PageTableIndex, &PageTableIndex) -> Option<usize>`\n               found signature `fn(&PageTableIndex, &PageTableIndex) -> (usize, Option<usize>)`\nhelp: change the output type to match the trait\n    |\n356 |     fn steps_between(start: &Self, end: &Self) -> Option<usize> {\n    |                                                   ~~~~~~~~~~~~~\n\n   Compiling syn v2.0.90\n   Compiling percpu v0.1.5\nerror[E0308]: mismatched types\n   --> /home/runner/.cargo/registry/src/index.crates.io-6f17d22bba15001f/x86_64-0.15.2/src/structures/paging/page_table.rs:357:9\n    |\n356 |     fn steps_between(start: &Self, end: &Self) -> (usize, Option<usize>) {\n    |                                                   ---------------------- expected `(usize, Option<usize>)` because of return type\n357 |         Step::steps_between(&start.0, &end.0)\n    |         ^^^^^^^^^^^^^^^^^^^^^^^^^^^^^^^^^^^^^ expected `(usize, Option<usize>)`, found `Option<usize>`\n    |\n    = note: expected tuple `(usize, Option<usize>)`\n                found enum `Option<usize>`\n\n    Checking cfg-if v1.0.0\n    Checking spin v0.9.8\n    Checking memory_set v0.3.1\n    Checking lazyinit v0.2.1\n    Checking numeric-enum-macro v0.2.0\nSome errors have detailed explanations: E0053, E0308.\nFor more information about an error, try `rustc --explain E0053`.\nerror: could not compile `x86_64` (lib) due to 4 previous errors\nwarning: build failed, waiting for other jobs to finish...\n\n-----\n\nerror: failed to build rustdoc for crate arm_vcpu v0.1.0\nnote: this is usually due to a compilation error in the crate,\n      and is unlikely to be a bug in cargo-semver-checks\nnote: the following command can be used to reproduce the compilation error:\n      cargo new --lib example &&\n          cd example &&\n          echo '[workspace]' >> Cargo.toml &&\n          cargo add --path /home/runner/check/batch_3/arceos-hypervisor/arm_vcpu --no-default-features &&\n          cargo check\n\nerror: aborting due to failure to build rustdoc for crate arm_vcpu v0.1.0\n","pkg=arm_vcpu, checker=SemverChecks\ntoolchain=nightly-2024-10-12-x86_64-unknown-linux-gnu, target=aarch64-unknown-none\npkg_dir=/home/runner/check/batch_3/arceos-hypervisor/arm_vcpu\ncmd=cargo +nightly-2024-10-12-x86_64-unknown-linux-gnu semver-checks --target aarch64-unknown-none\n\n\nstdout:\n\nstderr:\n     Parsing arm_vcpu v0.1.0 (current)\nerror: running cargo-doc on crate arm_vcpu failed with output:\n-----\nerror: output of --print=file-names missing when learning about target-specific information from rustc\ncommand was: `/home/runner/.rustup/toolchains/nightly-2024-10-12-x86_64-unknown-linux-gnu/bin/rustc - --crate-name ___ --print=file-names --cap-lints=allow --target aarch64-unknown-none --crate-type bin --crate-type rlib --crate-type dylib --crate-type cdylib --crate-type staticlib --crate-type proc-macro --print=sysroot --print=split-debuginfo --print=crate-name --print=cfg`\n\n--- stdout\n___\nlib___.rlib\nlib___.a\n/home/runner/.rustup/toolchains/nightly-2024-10-12-x86_64-unknown-linux-gnu\noff\n___\ndebug_assertions\nfmt_debug=\"full\"\noverflow_checks\npanic=\"abort\"\nproc_macro\nrelocation_model=\"static\"\ntarget_abi=\"\"\ntarget_arch=\"aarch64\"\ntarget_endian=\"little\"\ntarget_env=\"\"\ntarget_feature=\"neon\"\ntarget_has_atomic\ntarget_has_atomic=\"128\"\ntarget_has_atomic=\"16\"\ntarget_has_atomic=\"32\"\ntarget_has_atomic=\"64\"\ntarget_has_atomic=\"8\"\ntarget_has_atomic=\"ptr\"\ntarget_has_atomic_equal_alignment=\"128\"\ntarget_has_atomic_equal_alignment=\"16\"\ntarget_has_atomic_equal_alignment=\"32\"\ntarget_has_atomic_equal_alignment=\"64\"\ntarget_has_atomic_equal_alignment=\"8\"\ntarget_has_atomic_equal_alignment=\"ptr\"\ntarget_has_atomic_load_store\ntarget_has_atomic_load_store=\"128\"\ntarget_has_atomic_load_store=\"16\"\ntarget_has_atomic_load_store=\"32\"\ntarget_has_atomic_load_store=\"64\"\ntarget_has_atomic_load_store=\"8\"\ntarget_has_atomic_load_store=\"ptr\"\ntarget_os=\"none\"\ntarget_pointer_width=\"64\"\ntarget_vendor=\"unknown\"\nub_checks\n\n\n-----\n\nerror: failed to build rustdoc for crate arm_vcpu v0.1.0\nnote: this is usually due to a compilation error in the crate,\n      and is unlikely to be a bug in cargo-semver-checks\nnote: the following command can be used to reproduce the compilation error:\n      cargo new --lib example &&\n          cd example &&\n          echo '[workspace]' >> Cargo.toml &&\n          cargo add --path /home/runner/check/batch_3/arceos-hypervisor/arm_vcpu --no-default-features &&\n          cargo check\n\nerror: aborting due to failure to build rustdoc for crate arm_vcpu v0.1.0\n"]}},{"file":"src/exception.rs","count":2,"kinds":{"Clippy(Error)":["error[E0787]: the `asm!` macro is not allowed in naked functions\n   --> src/exception.rs:265:5\n    |\n265 | /     core::arch::asm!(\n266 | |         \"bl {vcpu_running}\", // Check if vcpu is running.\n267 | |         // If vcpu_running returns true, jump to `return_run_guest`,\n268 | |         // after that the control flow is handed back to Aarch64VCpu.run(),\n...   |\n279 | |         options(noreturn),\n280 | |     )\n    | |_____^ consider using the `naked_asm!` macro instead\n\n","error[E0787]: the `asm!` macro is not allowed in naked functions\n   --> src/exception.rs:321:5\n    |\n321 | /     core::arch::asm!(\n322 | |         // Curretly `sp` points to the base address of `Aarch64VCpu.ctx`, which stores guest's `TrapFrame`.\n323 | |         \"add x9, sp, 34 * 8\", // Skip the exception frame.\n324 | |         // Currently `x9` points to `&Aarch64VCpu.host_stack_top`, see `run_guest()` in vcpu.rs.\n...   |\n329 | |         options(noreturn),\n330 | |     )\n    | |_____^ consider using the `naked_asm!` macro instead\n\n"]}},{"file":"/home/runner/.cargo/registry/src/index.crates.io-6f17d22bba15001f/x86_64-0.15.2/src/addr.rs","count":1,"kinds":{"Clippy(Error)":["error[E0053]: method `steps_between` has an incompatible type for trait\n   --> /home/runner/.cargo/registry/src/index.crates.io-6f17d22bba15001f/x86_64-0.15.2/src/addr.rs:406:51\n    |\n406 |     fn steps_between(start: &Self, end: &Self) -> (usize, Option<usize>) {\n    |                                                   ^^^^^^^^^^^^^^^^^^^^^^ expected `Option<usize>`, found `(usize, Option<usize>)`\n    |\n    = note: expected signature `fn(&addr::VirtAddr, &addr::VirtAddr) -> Option<usize>`\n               found signature `fn(&addr::VirtAddr, &addr::VirtAddr) -> (usize, Option<usize>)`\nhelp: change the output type to match the trait\n    |\n406 |     fn steps_between(start: &Self, end: &Self) -> Option<usize> {\n    |                                                   ~~~~~~~~~~~~~\n\n"]}},{"file":"/home/runner/.cargo/registry/src/index.crates.io-6f17d22bba15001f/x86_64-0.15.2/src/structures/paging/page.rs","count":1,"kinds":{"Clippy(Error)":["error[E0053]: method `steps_between` has an incompatible type for trait\n   --> /home/runner/.cargo/registry/src/index.crates.io-6f17d22bba15001f/x86_64-0.15.2/src/structures/paging/page.rs:307:51\n    |\n307 |     fn steps_between(start: &Self, end: &Self) -> (usize, Option<usize>) {\n    |                                                   ^^^^^^^^^^^^^^^^^^^^^^ expected `Option<usize>`, found `(usize, Option<usize>)`\n    |\n    = note: expected signature `fn(&page::Page<_>, &page::Page<_>) -> Option<usize>`\n               found signature `fn(&page::Page<_>, &page::Page<_>) -> (usize, Option<usize>)`\nhelp: change the output type to match the trait\n    |\n307 |     fn steps_between(start: &Self, end: &Self) -> Option<usize> {\n    |                                                   ~~~~~~~~~~~~~\n\n"]}},{"file":"(virtual) lockbud","count":1,"kinds":{"Cargo":["// pkg_name=arm_vcpu, checker=Lockbud\n// toolchain=nightly-2024-10-12-x86_64-unknown-linux-gnu, target=x86_64-unknown-linux-gnu\n// pkg_dir=/home/runner/check/batch_3/arceos-hypervisor/arm_vcpu\n// cmd=cargo +nightly-2024-10-05 lockbud -k all -- --target x86_64-unknown-linux-gnu\n   Compiling bit_field v0.10.2\n   Compiling proc-macro2 v1.0.92\n   Compiling rustversion v1.0.18\n   Compiling x86 v0.52.0\n   Compiling autocfg v1.4.0\n   Compiling bitflags v1.3.2\n   Compiling unicode-ident v1.0.14\n   Compiling raw-cpuid v10.7.0\n   Compiling lock_api v0.4.12\n   Compiling volatile v0.4.6\n   Compiling bitflags v2.6.0\n   Compiling memory_addr v0.3.1\n   Compiling x86_64 v0.15.2\n   Compiling quote v1.0.37\n   Compiling scopeguard v1.2.0\n   Compiling axerrno v0.1.0\nerror[E0053]: method `steps_between` has an incompatible type for trait\n   --> /home/runner/.cargo/registry/src/index.crates.io-6f17d22bba15001f/x86_64-0.15.2/src/addr.rs:406:51\n    |\n406 |     fn steps_between(start: &Self, end: &Self) -> (usize, Option<usize>) {\n    |                                                   ^^^^^^^^^^^^^^^^^^^^^^ expected `core::option::Option<usize>`, found `(usize, Option<usize>)`\n    |\n    = note: expected signature `fn(&addr::VirtAddr, &addr::VirtAddr) -> core::option::Option<usize>`\n               found signature `fn(&addr::VirtAddr, &addr::VirtAddr) -> (usize, core::option::Option<usize>)`\nhelp: change the output type to match the trait\n    |\n406 |     fn steps_between(start: &Self, end: &Self) -> core::option::Option<usize> {\n    |                                                   ~~~~~~~~~~~~~~~~~~~~~~~~~~~\n\nerror[E0053]: method `steps_between` has an incompatible type for trait\n   --> /home/runner/.cargo/registry/src/index.crates.io-6f17d22bba15001f/x86_64-0.15.2/src/structures/paging/page.rs:307:51\n    |\n307 |     fn steps_between(start: &Self, end: &Self) -> (usize, Option<usize>) {\n    |                                                   ^^^^^^^^^^^^^^^^^^^^^^ expected `core::option::Option<usize>`, found `(usize, Option<usize>)`\n    |\n    = note: expected signature `fn(&structures::paging::page::Page<_>, &structures::paging::page::Page<_>) -> core::option::Option<usize>`\n               found signature `fn(&structures::paging::page::Page<_>, &structures::paging::page::Page<_>) -> (usize, core::option::Option<usize>)`\nhelp: change the output type to match the trait\n    |\n307 |     fn steps_between(start: &Self, end: &Self) -> core::option::Option<usize> {\n    |                                                   ~~~~~~~~~~~~~~~~~~~~~~~~~~~\n\nerror[E0053]: method `steps_between` has an incompatible type for trait\n   --> /home/runner/.cargo/registry/src/index.crates.io-6f17d22bba15001f/x86_64-0.15.2/src/structures/paging/page_table.rs:356:51\n    |\n356 |     fn steps_between(start: &Self, end: &Self) -> (usize, Option<usize>) {\n    |                                                   ^^^^^^^^^^^^^^^^^^^^^^ expected `core::option::Option<usize>`, found `(usize, Option<usize>)`\n    |\n    = note: expected signature `fn(&structures::paging::page_table::PageTableIndex, &structures::paging::page_table::PageTableIndex) -> core::option::Option<usize>`\n               found signature `fn(&structures::paging::page_table::PageTableIndex, &structures::paging::page_table::PageTableIndex) -> (usize, core::option::Option<usize>)`\nhelp: change the output type to match the trait\n    |\n356 |     fn steps_between(start: &Self, end: &Self) -> core::option::Option<usize> {\n    |                                                   ~~~~~~~~~~~~~~~~~~~~~~~~~~~\n\n   Compiling log v0.4.22\n[2024-12-06T20:33:40Z WARN  lockbud::callbacks] [\n      {\n        \"AtomicityViolation\": {\n          \"bug_kind\": \"AtomicityViolation\",\n          \"possibility\": \"Possibly\",\n          \"diagnosis\": {\n            \"fn_name\": \"set_logger_racy\",\n            \"atomic_reader\": \"/home/runner/.cargo/registry/src/index.crates.io-6f17d22bba15001f/log-0.4.22/src/lib.rs:1447:11: 1447:40 (#0)\",\n            \"atomic_writer\": \"/home/runner/.cargo/registry/src/index.crates.io-6f17d22bba15001f/log-0.4.22/src/lib.rs:1450:13: 1450:56 (#0)\",\n            \"dep_kind\": \"Control\"\n          },\n          \"explanation\": \"atomic::store is data/control dependent on atomic::load\"\n        }\n      }\n    ]\n[2024-12-06T20:33:40Z WARN  lockbud::callbacks] crate log contains bugs: { probably: 0, possibly: 0 }, conflictlock: { probably: 0, possibly: 0 }, condvar_deadlock: { probably: 0, possibly: 0 }, atomicity_violation: { possibly: 1 }, invalid_free: { possibly: 0 }, use_after_free: { possibly: 0 }\n   Compiling syn v2.0.90\nerror[E0308]: mismatched types\n   --> /home/runner/.cargo/registry/src/index.crates.io-6f17d22bba15001f/x86_64-0.15.2/src/structures/paging/page_table.rs:357:9\n    |\n356 |     fn steps_between(start: &Self, end: &Self) -> (usize, Option<usize>) {\n    |                                                   ---------------------- expected `(usize, core::option::Option<usize>)` because of return type\n357 |         Step::steps_between(&start.0, &end.0)\n    |         ^^^^^^^^^^^^^^^^^^^^^^^^^^^^^^^^^^^^^ expected `(usize, Option<usize>)`, found `Option<usize>`\n    |\n    = note: expected tuple `(usize, core::option::Option<usize>)`\n                found enum `core::option::Option<usize>`\n\n   Compiling cfg-if v1.0.0\n   Compiling percpu v0.1.5\n   Compiling spin v0.9.8\nSome errors have detailed explanations: E0053, E0308.\nFor more information about an error, try `rustc --explain E0053`.\nerror: could not compile `x86_64` (lib) due to 4 previous errors\nwarning: build failed, waiting for other jobs to finish...\n"]}},{"file":"(virtual) rap","count":1,"kinds":{"Cargo":["// pkg_name=arm_vcpu, checker=Rap\n// toolchain=nightly-2024-10-12-x86_64-unknown-linux-gnu, target=x86_64-unknown-linux-gnu\n// pkg_dir=/home/runner/check/batch_3/arceos-hypervisor/arm_vcpu\n// cmd=cargo +nightly-2024-10-12 rap -F -M\n   Compiling rustversion v1.0.18\n   Compiling proc-macro2 v1.0.92\n    Checking bit_field v0.10.2\n   Compiling unicode-ident v1.0.14\n   Compiling x86 v0.52.0\n    Checking bitflags v1.3.2\n   Compiling autocfg v1.4.0\n    Checking raw-cpuid v10.7.0\n   Compiling lock_api v0.4.12\n    Checking memory_addr v0.3.1\n    Checking bitflags v2.6.0\n    Checking volatile v0.4.6\n    Checking x86_64 v0.15.2\n    Checking scopeguard v1.2.0\n   Compiling axerrno v0.1.0\nerror[E0053]: method `steps_between` has an incompatible type for trait\n   --> /home/runner/.cargo/registry/src/index.crates.io-6f17d22bba15001f/x86_64-0.15.2/src/addr.rs:406:51\n    |\n406 |     fn steps_between(start: &Self, end: &Self) -> (usize, Option<usize>) {\n    |                                                   ^^^^^^^^^^^^^^^^^^^^^^ expected `Option<usize>`, found `(usize, Option<usize>)`\n    |\n    = note: expected signature `fn(&addr::VirtAddr, &addr::VirtAddr) -> Option<usize>`\n               found signature `fn(&addr::VirtAddr, &addr::VirtAddr) -> (usize, Option<usize>)`\nhelp: change the output type to match the trait\n    |\n406 |     fn steps_between(start: &Self, end: &Self) -> Option<usize> {\n    |                                                   ~~~~~~~~~~~~~\n\nerror[E0053]: method `steps_between` has an incompatible type for trait\n   --> /home/runner/.cargo/registry/src/index.crates.io-6f17d22bba15001f/x86_64-0.15.2/src/structures/paging/page.rs:307:51\n    |\n307 |     fn steps_between(start: &Self, end: &Self) -> (usize, Option<usize>) {\n    |                                                   ^^^^^^^^^^^^^^^^^^^^^^ expected `Option<usize>`, found `(usize, Option<usize>)`\n    |\n    = note: expected signature `fn(&page::Page<_>, &page::Page<_>) -> Option<usize>`\n               found signature `fn(&page::Page<_>, &page::Page<_>) -> (usize, Option<usize>)`\nhelp: change the output type to match the trait\n    |\n307 |     fn steps_between(start: &Self, end: &Self) -> Option<usize> {\n    |                                                   ~~~~~~~~~~~~~\n\nerror[E0053]: method `steps_between` has an incompatible type for trait\n   --> /home/runner/.cargo/registry/src/index.crates.io-6f17d22bba15001f/x86_64-0.15.2/src/structures/paging/page_table.rs:356:51\n    |\n356 |     fn steps_between(start: &Self, end: &Self) -> (usize, Option<usize>) {\n    |                                                   ^^^^^^^^^^^^^^^^^^^^^^ expected `Option<usize>`, found `(usize, Option<usize>)`\n    |\n    = note: expected signature `fn(&PageTableIndex, &PageTableIndex) -> Option<usize>`\n               found signature `fn(&PageTableIndex, &PageTableIndex) -> (usize, Option<usize>)`\nhelp: change the output type to match the trait\n    |\n356 |     fn steps_between(start: &Self, end: &Self) -> Option<usize> {\n    |                                                   ~~~~~~~~~~~~~\n\n    Checking log v0.4.22\nerror[E0308]: mismatched types\n   --> /home/runner/.cargo/registry/src/index.crates.io-6f17d22bba15001f/x86_64-0.15.2/src/structures/paging/page_table.rs:357:9\n    |\n356 |     fn steps_between(start: &Self, end: &Self) -> (usize, Option<usize>) {\n    |                                                   ---------------------- expected `(usize, Option<usize>)` because of return type\n357 |         Step::steps_between(&start.0, &end.0)\n    |         ^^^^^^^^^^^^^^^^^^^^^^^^^^^^^^^^^^^^^ expected `(usize, Option<usize>)`, found `Option<usize>`\n    |\n    = note: expected tuple `(usize, Option<usize>)`\n                found enum `Option<usize>`\n\n   Compiling percpu v0.1.5\nSome errors have detailed explanations: E0053, E0308.\nFor more information about an error, try `rustc --explain E0053`.\nerror: could not compile `x86_64` (lib) due to 4 previous errors\nwarning: build failed, waiting for other jobs to finish...\n20:33:49|RAP|ERROR|: Finished with non-zero exit code.\n"]}},{"file":"src/lib.rs","count":1,"kinds":{"Clippy(Warn)":["warning: the feature `asm_const` has been stable since 1.82.0 and no longer requires an attribute to enable\n --> src/lib.rs:4:12\n  |\n4 | #![feature(asm_const)]\n  |            ^^^^^^^^^\n  |\n  = note: `#[warn(stable_features)]` on by default\n\n"]}}]}],"kinds_order":["Cargo","Clippy(Error)","Clippy(Warn)","Semver Violation","Audit","Mirai","Rap","Rudra","Lockbud(Probably)","Lockbud(Possibly)","Outdated","Geiger","Unformatted"]}