{
  "repo": {
    "user": "os-module",
    "repo": "visionfive2-sd"
  },
  "data": [
    {
      "user": "os-module",
      "repo": "visionfive2-sd",
      "pkg": "testos",
      "count": 9,
      "raw_reports": [
        {
          "file": "/home/runner/.cargo/registry/src/index.crates.io-1949cf8c6b5b557f/log-0.4.25/src/lib.rs",
          "features": "",
          "count": 1,
          "kinds": {
            "Lockbud(Possibly)": [
              "{\n  \"bug_kind\": \"AtomicityViolation\",\n  \"possibility\": \"Possibly\",\n  \"diagnosis\": {\n    \"fn_name\": \"set_logger_racy\",\n    \"atomic_reader\": \"/home/runner/.cargo/registry/src/index.crates.io-1949cf8c6b5b557f/log-0.4.25/src/lib.rs:1453:11: 1453:40 (#0)\",\n    \"atomic_writer\": \"/home/runner/.cargo/registry/src/index.crates.io-1949cf8c6b5b557f/log-0.4.25/src/lib.rs:1456:13: 1456:56 (#0)\",\n    \"dep_kind\": \"Control\"\n  },\n  \"explanation\": \"atomic::store is data/control dependent on atomic::load\"\n}"
            ]
          }
        },
        {
          "file": "(virtual) atomvchecker",
          "features": "",
          "count": 1,
          "kinds": {
            "Cargo": [
              "// pkg_name=testos, checker=Atomvchecker\n// toolchain=nightly-2024-05-01, target=riscv64gc-unknown-none-elf\n// features=\n// pkg_dir=/home/runner/check/batch_6/os-module/visionfive2-sd/example/testos\n// cmd=cargo +nightly-2023-03-09 atomvchecker -k atomicity_violation -- --target riscv64gc-unknown-none-elf \n// timestamp=2025-06-28 16:05:29.403924335 +08:00:00\n   Compiling proc-macro2 v1.0.93\n   Compiling unicode-ident v1.0.14\n   Compiling autocfg v1.4.0\n   Compiling paste v1.0.15\n   Compiling scopeguard v1.2.0\nerror[E0463]: can't find crate for `core`\n  |\n  = note: the `riscv64gc-unknown-none-elf` target may not be installed\n  = help: consider downloading the target with `rustup target add riscv64gc-unknown-none-elf`\n  = help: consider building the standard library from source with `cargo build -Zbuild-std`\n\nerror[E0463]: can't find crate for `compiler_builtins`\n\nerror[E0463]: can't find crate for `core`\n   --> /home/runner/.cargo/registry/src/index.crates.io-6f17d22bba15001f/scopeguard-1.2.0/src/lib.rs:192:1\n    |\n192 | extern crate core as std;\n    | ^^^^^^^^^^^^^^^^^^^^^^^^^ can't find crate\n    |\n    = note: the `riscv64gc-unknown-none-elf` target may not be installed\n    = help: consider downloading the target with `rustup target add riscv64gc-unknown-none-elf`\n    = help: consider building the standard library from source with `cargo build -Zbuild-std`\n\nerror: cannot find macro `stringify` in this scope\n   --> /home/runner/.cargo/registry/src/index.crates.io-6f17d22bba15001f/scopeguard-1.2.0/src/lib.rs:487:24\n    |\n487 |         f.debug_struct(stringify!(ScopeGuard))\n    |                        ^^^^^^^^^\n\nerror: cannot find attribute `derive` in this scope\n   --> /home/runner/.cargo/registry/src/index.crates.io-6f17d22bba15001f/scopeguard-1.2.0/src/lib.rs:212:3\n    |\n212 | #[derive(Debug)]\n    |   ^^^^^^\n\n   Compiling log v0.4.25\nerror[E0463]: can't find crate for `core`\n   --> /home/runner/.cargo/registry/src/index.crates.io-6f17d22bba15001f/log-0.4.25/src/lib.rs:391:1\n    |\n391 | extern crate core as std;\n    | ^^^^^^^^^^^^^^^^^^^^^^^^^ can't find crate\n    |\n    = note: the `riscv64gc-unknown-none-elf` target may not be installed\n    = help: consider downloading the target with `rustup target add riscv64gc-unknown-none-elf`\n    = help: consider building the standard library from source with `cargo build -Zbuild-std`\n\nerror: cannot determine resolution for the macro `cfg`\n    --> /home/runner/.cargo/registry/src/index.crates.io-6f17d22bba15001f/log-0.4.25/src/lib.rs:1545:10\n     |\n1545 |     _ if cfg!(feature = \"max_level_debug\") => LevelFilter::Debug,\n     |          ^^^\n     |\n     = note: import resolution is stuck, try simplifying macro imports\n\nerror: cannot determine resolution for the macro `cfg`\n    --> /home/runner/.cargo/registry/src/index.crates.io-6f17d22bba15001f/log-0.4.25/src/lib.rs:1544:10\n     |\n1544 |     _ if cfg!(feature = \"max_level_info\") => LevelFilter::Info,\n     |          ^^^\n     |\n     = note: import resolution is stuck, try simplifying macro imports\n\nerror: cannot determine resolution for the macro `cfg`\n    --> /home/runner/.cargo/registry/src/index.crates.io-6f17d22bba15001f/log-0.4.25/src/lib.rs:1543:10\n     |\n1543 |     _ if cfg!(feature = \"max_level_warn\") => LevelFilter::Warn,\n     |          ^^^\n     |\n     = note: import resolution is stuck, try simplifying macro imports\n\nerror: cannot determine resolution for the macro `cfg`\n    --> /home/runner/.cargo/registry/src/index.crates.io-6f17d22bba15001f/log-0.4.25/src/lib.rs:1542:10\n     |\n1542 |     _ if cfg!(feature = \"max_level_error\") => LevelFilter::Error,\n     |          ^^^\n     |\n     = note: import resolution is stuck, try simplifying macro imports\n\nerror: cannot determine resolution for the macro `cfg`\n    --> /home/runner/.cargo/registry/src/index.crates.io-6f17d22bba15001f/log-0.4.25/src/lib.rs:1541:10\n     |\n1541 |     _ if cfg!(feature = \"max_level_off\") => LevelFilter::Off,\n     |          ^^^\n     |\n     = note: import resolution is stuck, try simplifying macro imports\n\nerror: cannot determine resolution for the macro `cfg`\n    --> /home/runner/.cargo/registry/src/index.crates.io-6f17d22bba15001f/log-0.4.25/src/lib.rs:1540:14\n     |\n1540 |     false if cfg!(feature = \"release_max_level_trace\") => LevelFilter::Trace,\n     |              ^^^\n     |\n     = note: import resolution is stuck, try simplifying macro imports\n\nerror: cannot determine resolution for the macro `cfg`\n    --> /home/runner/.cargo/registry/src/index.crates.io-6f17d22bba15001f/log-0.4.25/src/lib.rs:1539:14\n     |\n1539 |     false if cfg!(feature = \"release_max_level_debug\") => LevelFilter::Debug,\n     |              ^^^\n     |\n     = note: import resolution is stuck, try simplifying macro imports\n\nerror: cannot determine resolution for the macro `cfg`\n    --> /home/runner/.cargo/registry/src/index.crates.io-6f17d22bba15001f/log-0.4.25/src/lib.rs:1538:14\n     |\n1538 |     false if cfg!(feature = \"release_max_level_info\") => LevelFilter::Info,\n     |              ^^^\n     |\n     = note: import resolution is stuck, try simplifying macro imports\n\nerror: cannot determine resolution for the macro `cfg`\n    --> /home/runner/.cargo/registry/src/index.crates.io-6f17d22bba15001f/log-0.4.25/src/lib.rs:1537:14\n     |\n1537 |     false if cfg!(feature = \"release_max_level_warn\") => LevelFilter::Warn,\n     |              ^^^\n     |\n     = note: import resolution is stuck, try simplifying macro imports\n\nerror: cannot determine resolution for the macro `cfg`\n    --> /home/runner/.cargo/registry/src/index.crates.io-6f17d22bba15001f/log-0.4.25/src/lib.rs:1536:14\n     |\n1536 |     false if cfg!(feature = \"release_max_level_error\") => LevelFilter::Error,\n     |              ^^^\n     |\n     = note: import resolution is stuck, try simplifying macro imports\n\nerror: cannot determine resolution for the macro `cfg`\n    --> /home/runner/.cargo/registry/src/index.crates.io-6f17d22bba15001f/log-0.4.25/src/lib.rs:1535:14\n     |\n1535 |     false if cfg!(feature = \"release_max_level_off\") => LevelFilter::Off,\n     |              ^^^\n     |\n     = note: import resolution is stuck, try simplifying macro imports\n\nerror: cannot determine resolution for the macro `cfg`\n    --> /home/runner/.cargo/registry/src/index.crates.io-6f17d22bba15001f/log-0.4.25/src/lib.rs:1534:49\n     |\n1534 | pub const STATIC_MAX_LEVEL: LevelFilter = match cfg!(debug_assertions) {\n     |                                                 ^^^\n     |\n     = note: import resolution is stuck, try simplifying macro imports\n\nerror[E0405]: cannot find trait `FnOnce` in this scope\n   --> /home/runner/.cargo/registry/src/index.crates.io-6f17d22bba15001f/scopeguard-1.2.0/src/lib.rs:306:8\n    |\n306 |     F: FnOnce(T),\n    |        ^^^^^^ not found in this scope\n\nerror[E0405]: cannot find trait `FnOnce` in this scope\n   --> /home/runner/.cargo/registry/src/index.crates.io-6f17d22bba15001f/scopeguard-1.2.0/src/lib.rs:317:8\n    |\n317 |     F: FnOnce(T),\n    |        ^^^^^^ not found in this scope\n\nerror[E0405]: cannot find trait `FnOnce` in this scope\n   --> /home/runner/.cargo/registry/src/index.crates.io-6f17d22bba15001f/scopeguard-1.2.0/src/lib.rs:377:8\n    |\n377 |     F: FnOnce(T),\n    |        ^^^^^^ not found in this scope\n\nerror[E0405]: cannot find trait `Sync` in this scope\n   --> /home/runner/.cargo/registry/src/index.crates.io-6f17d22bba15001f/scopeguard-1.2.0/src/lib.rs:435:22\n    |\n435 | unsafe impl<T, F, S> Sync for ScopeGuard<T, F, S>\n    |                      ^^^^ not found in this scope\n\nerror[E0405]: cannot find trait `Sync` in this scope\n   --> /home/runner/.cargo/registry/src/index.crates.io-6f17d22bba15001f/scopeguard-1.2.0/src/lib.rs:437:8\n    |\n437 |     T: Sync,\n    |        ^^^^ not found in this scope\n\nerror[E0405]: cannot find trait `FnOnce` in this scope\n   --> /home/runner/.cargo/registry/src/index.crates.io-6f17d22bba15001f/scopeguard-1.2.0/src/lib.rs:438:8\n    |\n438 |     F: FnOnce(T),\n    |        ^^^^^^ not found in this scope\n\nerror[E0405]: cannot find trait `FnOnce` in this scope\n   --> /home/runner/.cargo/registry/src/index.crates.io-6f17d22bba15001f/scopeguard-1.2.0/src/lib.rs:445:8\n    |\n445 |     F: FnOnce(T),\n    |        ^^^^^^ not found in this scope\n\nerror[E0405]: cannot find trait `FnOnce` in this scope\n   --> /home/runner/.cargo/registry/src/index.crates.io-6f17d22bba15001f/scopeguard-1.2.0/src/lib.rs:457:8\n    |\n457 |     F: FnOnce(T),\n    |        ^^^^^^ not found in this scope\n\nerror[E0405]: cannot find trait `Drop` in this scope\n   --> /home/runner/.cargo/registry/src/index.crates.io-6f17d22bba15001f/scopeguard-1.2.0/src/lib.rs:465:15\n    |\n465 | impl<T, F, S> Drop for ScopeGuard<T, F, S>\n    |               ^^^^ not found in this scope\n\nerror[E0405]: cannot find trait `FnOnce` in this scope\n   --> /home/runner/.cargo/registry/src/index.crates.io-6f17d22bba15001f/scopeguard-1.2.0/src/lib.rs:467:8\n    |\n467 |     F: FnOnce(T),\n    |        ^^^^^^ not found in this scope\n\nerror[E0405]: cannot find trait `FnOnce` in this scope\n   --> /home/runner/.cargo/registry/src/index.crates.io-6f17d22bba15001f/scopeguard-1.2.0/src/lib.rs:483:8\n    |\n483 |     F: FnOnce(T),\n    |        ^^^^^^ not found in this scope\n\nerror: cannot find macro `panic` in this scope\n  --> /home/runner/.cargo/registry/src/index.crates.io-6f17d22bba15001f/log-0.4.25/src/__private_api.rs:45:9\n   |\n45 |         panic!(\"key-value support is experimental and must be enabled using the `kv` feature\")\n   |         ^^^^^\n\nSome errors have detailed explanations: E0405, E0463.\nFor more information about an error, try `rustc --explain E0405`.\nerror: could not compile `scopeguard` (lib) due to 16 previous errors\nwarning: build failed, waiting for other jobs to finish...\nerror: cannot find attribute `derive` in this scope\n    --> /home/runner/.cargo/registry/src/index.crates.io-6f17d22bba15001f/log-0.4.25/src/lib.rs:1488:3\n     |\n1488 | #[derive(Debug, PartialEq, Eq)]\n     |   ^^^^^^\n\nerror: cannot find attribute `derive` in this scope\n    --> /home/runner/.cargo/registry/src/index.crates.io-6f17d22bba15001f/log-0.4.25/src/lib.rs:1471:3\n     |\n1471 | #[derive(Debug)]\n     |   ^^^^^^\n\nerror: cannot find macro `unreachable` in this scope\n    --> /home/runner/.cargo/registry/src/index.crates.io-6f17d22bba15001f/log-0.4.25/src/lib.rs:1461:13\n     |\n1461 |             unreachable!(\"set_logger_racy must not be used with other initialization functions\")\n     |             ^^^^^^^^^^^\n\nerror: cannot find attribute `derive` in this scope\n    --> /home/runner/.cargo/registry/src/index.crates.io-6f17d22bba15001f/log-0.4.25/src/lib.rs:1122:3\n     |\n1122 | #[derive(Eq, PartialEq, Ord, PartialOrd, Hash, Debug)]\n     |   ^^^^^^\n\nerror: cannot find attribute `derive` in this scope\n    --> /home/runner/.cargo/registry/src/index.crates.io-6f17d22bba15001f/log-0.4.25/src/lib.rs:1080:3\n     |\n1080 | #[derive(Clone, Eq, PartialEq, Ord, PartialOrd, Hash, Debug)]\n     |   ^^^^^^\n\nerror: cannot find macro `format_args` in this scope\n   --> /home/runner/.cargo/registry/src/index.crates.io-6f17d22bba15001f/log-0.4.25/src/lib.rs:947:23\n    |\n947 |                 args: format_args!(\"\"),\n    |                       ^^^^^^^^^^^\n\nerror: cannot find attribute `derive` in this scope\n   --> /home/runner/.cargo/registry/src/index.crates.io-6f17d22bba15001f/log-0.4.25/src/lib.rs:925:3\n    |\n925 | #[derive(Debug)]\n    |   ^^^^^^\n\nerror: cannot find attribute `derive` in this scope\n   --> /home/runner/.cargo/registry/src/index.crates.io-6f17d22bba15001f/log-0.4.25/src/lib.rs:764:3\n    |\n764 | #[derive(Clone, Debug)]\n    |   ^^^^^^\n\nerror: cannot find attribute `derive` in this scope\n   --> /home/runner/.cargo/registry/src/index.crates.io-6f17d22bba15001f/log-0.4.25/src/lib.rs:703:3\n    |\n703 | #[derive(Copy, Clone, Eq, PartialEq, Ord, PartialOrd, Hash, Debug)]\n    |   ^^^^^^\n\nerror: cannot find attribute `derive` in this scope\n   --> /home/runner/.cargo/registry/src/index.crates.io-6f17d22bba15001f/log-0.4.25/src/lib.rs:603:3\n    |\n603 | #[derive(Clone, Copy, PartialEq, Eq, PartialOrd, Ord, Debug, Hash)]\n    |   ^^^^^^\n\nerror: cannot find attribute `derive` in this scope\n   --> /home/runner/.cargo/registry/src/index.crates.io-6f17d22bba15001f/log-0.4.25/src/lib.rs:483:3\n    |\n483 | #[derive(Clone, Copy, PartialEq, Eq, PartialOrd, Ord, Debug, Hash)]\n    |   ^^^^^^\n\nerror[E0405]: cannot find trait `PartialEq` in this scope\n   --> /home/runner/.cargo/registry/src/index.crates.io-6f17d22bba15001f/log-0.4.25/src/lib.rs:510:6\n    |\n510 | impl PartialEq<LevelFilter> for Level {\n    |      ^^^^^^^^^ not found in this scope\n\nerror[E0405]: cannot find trait `PartialOrd` in this scope\n   --> /home/runner/.cargo/registry/src/index.crates.io-6f17d22bba15001f/log-0.4.25/src/lib.rs:517:6\n    |\n517 | impl PartialOrd<LevelFilter> for Level {\n    |      ^^^^^^^^^^ not found in this scope\n\nerror[E0412]: cannot find type `Option` in this scope\n   --> /home/runner/.cargo/registry/src/index.crates.io-6f17d22bba15001f/log-0.4.25/src/lib.rs:519:51\n    |\n519 |     fn partial_cmp(&self, other: &LevelFilter) -> Option<cmp::Ordering> {\n    |                                                   ^^^^^^ not found in this scope\n\nerror[E0412]: cannot find type `Result` in this scope\n   --> /home/runner/.cargo/registry/src/index.crates.io-6f17d22bba15001f/log-0.4.25/src/lib.rs:526:33\n    |\n526 |     fn from_str(level: &str) -> Result<Level, Self::Err> {\n    |                                 ^^^^^^ not found in this scope\n\nerror[E0412]: cannot find type `Option` in this scope\n   --> /home/runner/.cargo/registry/src/index.crates.io-6f17d22bba15001f/log-0.4.25/src/lib.rs:545:32\n    |\n545 |     fn from_usize(u: usize) -> Option<Level> {\n    |                                ^^^^^^ not found in this scope\n\nerror[E0425]: cannot find value `None` in this scope\n   --> /home/runner/.cargo/registry/src/index.crates.io-6f17d22bba15001f/log-0.4.25/src/lib.rs:552:18\n    |\n552 |             _ => None,\n    |                  ^^^^ not found in this scope\n\nerror[E0405]: cannot find trait `Iterator` in this scope\n   --> /home/runner/.cargo/registry/src/index.crates.io-6f17d22bba15001f/log-0.4.25/src/lib.rs:589:27\n    |\n589 |     pub fn iter() -> impl Iterator<Item = Self> {\n    |                           ^^^^^^^^ not found in this scope\n\nerror[E0405]: cannot find trait `PartialEq` in this scope\n   --> /home/runner/.cargo/registry/src/index.crates.io-6f17d22bba15001f/log-0.4.25/src/lib.rs:619:6\n    |\n619 | impl PartialEq<Level> for LevelFilter {\n    |      ^^^^^^^^^ not found in this scope\n\nerror[E0405]: cannot find trait `PartialOrd` in this scope\n   --> /home/runner/.cargo/registry/src/index.crates.io-6f17d22bba15001f/log-0.4.25/src/lib.rs:626:6\n    |\n626 | impl PartialOrd<Level> for LevelFilter {\n    |      ^^^^^^^^^^ not found in this scope\n\nerror[E0412]: cannot find type `Option` in this scope\n   --> /home/runner/.cargo/registry/src/index.crates.io-6f17d22bba15001f/log-0.4.25/src/lib.rs:628:45\n    |\n628 |     fn partial_cmp(&self, other: &Level) -> Option<cmp::Ordering> {\n    |                                             ^^^^^^ not found in this scope\n\nerror[E0412]: cannot find type `Result` in this scope\n   --> /home/runner/.cargo/registry/src/index.crates.io-6f17d22bba15001f/log-0.4.25/src/lib.rs:635:33\n    |\n635 |     fn from_str(level: &str) -> Result<LevelFilter, Self::Err> {\n    |                                 ^^^^^^ not found in this scope\n\nerror[E0412]: cannot find type `Option` in this scope\n   --> /home/runner/.cargo/registry/src/index.crates.io-6f17d22bba15001f/log-0.4.25/src/lib.rs:651:32\n    |\n651 |     fn from_usize(u: usize) -> Option<LevelFilter> {\n    |                                ^^^^^^ not found in this scope\n\nerror[E0425]: cannot find value `None` in this scope\n   --> /home/runner/.cargo/registry/src/index.crates.io-6f17d22bba15001f/log-0.4.25/src/lib.rs:659:18\n    |\n659 |             _ => None,\n    |                  ^^^^ not found in this scope\n\nerror[E0412]: cannot find type `Option` in this scope\n   --> /home/runner/.cargo/registry/src/index.crates.io-6f17d22bba15001f/log-0.4.25/src/lib.rs:673:31\n    |\n673 |     pub fn to_level(&self) -> Option<Level> {\n    |                               ^^^^^^ not found in this scope\n\nerror[E0405]: cannot find trait `Iterator` in this scope\n   --> /home/runner/.cargo/registry/src/index.crates.io-6f17d22bba15001f/log-0.4.25/src/lib.rs:698:27\n    |\n698 |     pub fn iter() -> impl Iterator<Item = Self> {\n    |                           ^^^^^^^^ not found in this scope\n\nerror[E0412]: cannot find type `Option` in this scope\n   --> /home/runner/.cargo/registry/src/index.crates.io-6f17d22bba15001f/log-0.4.25/src/lib.rs:768:18\n    |\n768 |     module_path: Option<MaybeStaticStr<'a>>,\n    |                  ^^^^^^ not found in this scope\n\nerror[E0412]: cannot find type `Option` in this scope\n   --> /home/runner/.cargo/registry/src/index.crates.io-6f17d22bba15001f/log-0.4.25/src/lib.rs:769:11\n    |\n769 |     file: Option<MaybeStaticStr<'a>>,\n    |           ^^^^^^ not found in this scope\n\nerror[E0412]: cannot find type `Option` in this scope\n   --> /home/runner/.cargo/registry/src/index.crates.io-6f17d22bba15001f/log-0.4.25/src/lib.rs:770:11\n    |\n770 |     line: Option<u32>,\n    |           ^^^^^^ not found in this scope\n\nerror[E0412]: cannot find type `Option` in this scope\n   --> /home/runner/.cargo/registry/src/index.crates.io-6f17d22bba15001f/log-0.4.25/src/lib.rs:825:34\n    |\n825 |     pub fn module_path(&self) -> Option<&'a str> {\n    |                                  ^^^^^^ not found in this scope\n\nerror[E0412]: cannot find type `Option` in this scope\n   --> /home/runner/.cargo/registry/src/index.crates.io-6f17d22bba15001f/log-0.4.25/src/lib.rs:831:41\n    |\n831 |     pub fn module_path_static(&self) -> Option<&'static str> {\n    |                                         ^^^^^^ not found in this scope\n\nerror[E0531]: cannot find tuple struct or tuple variant `Some` in this scope\n   --> /home/runner/.cargo/registry/src/index.crates.io-6f17d22bba15001f/log-0.4.25/src/lib.rs:833:13\n    |\n833 |             Some(MaybeStaticStr::Static(s)) => Some(s),\n    |             ^^^^ not found in this scope\n\nerror[E0425]: cannot find value `None` in this scope\n   --> /home/runner/.cargo/registry/src/index.crates.io-6f17d22bba15001f/log-0.4.25/src/lib.rs:834:18\n    |\n834 |             _ => None,\n    |                  ^^^^ not found in this scope\n\nerror[E0412]: cannot find type `Option` in this scope\n   --> /home/runner/.cargo/registry/src/index.crates.io-6f17d22bba15001f/log-0.4.25/src/lib.rs:840:27\n    |\n840 |     pub fn file(&self) -> Option<&'a str> {\n    |                           ^^^^^^ not found in this scope\n\nerror[E0412]: cannot find type `Option` in this scope\n   --> /home/runner/.cargo/registry/src/index.crates.io-6f17d22bba15001f/log-0.4.25/src/lib.rs:846:34\n    |\n846 |     pub fn file_static(&self) -> Option<&'static str> {\n    |                                  ^^^^^^ not found in this scope\n\nerror[E0531]: cannot find tuple struct or tuple variant `Some` in this scope\n   --> /home/runner/.cargo/registry/src/index.crates.io-6f17d22bba15001f/log-0.4.25/src/lib.rs:848:13\n    |\n848 |             Some(MaybeStaticStr::Static(s)) => Some(s),\n    |             ^^^^ not found in this scope\n\nerror[E0425]: cannot find value `None` in this scope\n   --> /home/runner/.cargo/registry/src/index.crates.io-6f17d22bba15001f/log-0.4.25/src/lib.rs:849:18\n    |\n849 |             _ => None,\n    |                  ^^^^ not found in this scope\n\nerror[E0412]: cannot find type `Option` in this scope\n   --> /home/runner/.cargo/registry/src/index.crates.io-6f17d22bba15001f/log-0.4.25/src/lib.rs:855:27\n    |\n855 |     pub fn line(&self) -> Option<u32> {\n    |                           ^^^^^^ not found in this scope\n\nerror[E0425]: cannot find value `None` in this scope\n   --> /home/runner/.cargo/registry/src/index.crates.io-6f17d22bba15001f/log-0.4.25/src/lib.rs:949:30\n    |\n949 |                 module_path: None,\n    |                              ^^^^ not found in this scope\n\nerror[E0425]: cannot find value `None` in this scope\n   --> /home/runner/.cargo/registry/src/index.crates.io-6f17d22bba15001f/log-0.4.25/src/lib.rs:950:23\n    |\n950 |                 file: None,\n    |                       ^^^^ not found in this scope\n\nerror[E0425]: cannot find value `None` in this scope\n   --> /home/runner/.cargo/registry/src/index.crates.io-6f17d22bba15001f/log-0.4.25/src/lib.rs:951:23\n    |\n951 |                 line: None,\n    |                       ^^^^ not found in this scope\n\nerror[E0412]: cannot find type `Option` in this scope\n   --> /home/runner/.cargo/registry/src/index.crates.io-6f17d22bba15001f/log-0.4.25/src/lib.rs:988:41\n    |\n988 |     pub fn module_path(&mut self, path: Option<&'a str>) -> &mut RecordBuilder<'a> {\n    |                                         ^^^^^^ not found in this scope\n\nerror[E0412]: cannot find type `Option` in this scope\n   --> /home/runner/.cargo/registry/src/index.crates.io-6f17d22bba15001f/log-0.4.25/src/lib.rs:995:48\n    |\n995 |     pub fn module_path_static(&mut self, path: Option<&'static str>) -> &mut RecordBuilder<'a> {\n    |                                                ^^^^^^ not found in this scope\n\nerror[E0412]: cannot find type `Option` in this scope\n    --> /home/runner/.cargo/registry/src/index.crates.io-6f17d22bba15001f/log-0.4.25/src/lib.rs:1002:34\n     |\n1002 |     pub fn file(&mut self, file: Option<&'a str>) -> &mut RecordBuilder<'a> {\n     |                                  ^^^^^^ not found in this scope\n\nerror[E0412]: cannot find type `Option` in this scope\n    --> /home/runner/.cargo/registry/src/index.crates.io-6f17d22bba15001f/log-0.4.25/src/lib.rs:1009:41\n     |\n1009 |     pub fn file_static(&mut self, file: Option<&'static str>) -> &mut RecordBuilder<'a> {\n     |                                         ^^^^^^ not found in this scope\n\nerror[E0412]: cannot find type `Option` in this scope\n    --> /home/runner/.cargo/registry/src/index.crates.io-6f17d22bba15001f/log-0.4.25/src/lib.rs:1016:34\n     |\n1016 |     pub fn line(&mut self, line: Option<u32>) -> &mut RecordBuilder<'a> {\n     |                                  ^^^^^^ not found in this scope\n\nerror[E0405]: cannot find trait `Default` in this scope\n    --> /home/runner/.cargo/registry/src/index.crates.io-6f17d22bba15001f/log-0.4.25/src/lib.rs:1036:10\n     |\n1036 | impl<'a> Default for RecordBuilder<'a> {\n     |          ^^^^^^^ not found in this scope\n\nerror[E0405]: cannot find trait `Default` in this scope\n    --> /home/runner/.cargo/registry/src/index.crates.io-6f17d22bba15001f/log-0.4.25/src/lib.rs:1165:10\n     |\n1165 | impl<'a> Default for MetadataBuilder<'a> {\n     |          ^^^^^^^ not found in this scope\n\nerror[E0405]: cannot find trait `Sync` in this scope\n    --> /home/runner/.cargo/registry/src/index.crates.io-6f17d22bba15001f/log-0.4.25/src/lib.rs:1172:16\n     |\n1172 | pub trait Log: Sync + Send {\n     |                ^^^^ not found in this scope\n\nerror[E0405]: cannot find trait `Send` in this scope\n    --> /home/runner/.cargo/registry/src/index.crates.io-6f17d22bba15001f/log-0.4.25/src/lib.rs:1172:23\n     |\n1172 | pub trait Log: Sync + Send {\n     |                       ^^^^ not found in this scope\n\nerror[E0405]: cannot find trait `Sized` in this scope\n    --> /home/runner/.cargo/registry/src/index.crates.io-6f17d22bba15001f/log-0.4.25/src/lib.rs:1219:9\n     |\n1219 |     T: ?Sized + Log,\n     |         ^^^^^ not found in this scope\n\nerror[E0412]: cannot find type `Result` in this scope\n    --> /home/runner/.cargo/registry/src/index.crates.io-6f17d22bba15001f/log-0.4.25/src/lib.rs:1401:48\n     |\n1401 | pub fn set_logger(logger: &'static dyn Log) -> Result<(), SetLoggerError> {\n     |                                                ^^^^^^ not found in this scope\n\nerror[E0405]: cannot find trait `FnOnce` in this scope\n    --> /home/runner/.cargo/registry/src/index.crates.io-6f17d22bba15001f/log-0.4.25/src/lib.rs:1408:8\n     |\n1408 |     F: FnOnce() -> &'static dyn Log,\n     |        ^^^^^^ not found in this scope\n\nerror[E0412]: cannot find type `Result` in this scope\n    --> /home/runner/.cargo/registry/src/index.crates.io-6f17d22bba15001f/log-0.4.25/src/lib.rs:1406:43\n     |\n1406 | fn set_logger_inner<F>(make_logger: F) -> Result<(), SetLoggerError>\n     |                                           ^^^^^^ not found in this scope\n\nerror[E0531]: cannot find tuple struct or tuple variant `Ok` in this scope\n    --> /home/runner/.cargo/registry/src/index.crates.io-6f17d22bba15001f/log-0.4.25/src/lib.rs:1416:9\n     |\n1416 |         Ok(UNINITIALIZED) => {\n     |         ^^ not found in this scope\n\nerror[E0531]: cannot find tuple struct or tuple variant `Err` in this scope\n    --> /home/runner/.cargo/registry/src/index.crates.io-6f17d22bba15001f/log-0.4.25/src/lib.rs:1423:9\n     |\n1423 |         Err(INITIALIZING) => {\n     |         ^^^ not found in this scope\n\nerror[E0412]: cannot find type `Result` in this scope\n    --> /home/runner/.cargo/registry/src/index.crates.io-6f17d22bba15001f/log-0.4.25/src/lib.rs:1452:60\n     |\n1452 | pub unsafe fn set_logger_racy(logger: &'static dyn Log) -> Result<(), SetLoggerError> {\n     |                                                            ^^^^^^ not found in this scope\n\nerror[E0412]: cannot find type `Option` in this scope\n  --> /home/runner/.cargo/registry/src/index.crates.io-6f17d22bba15001f/log-0.4.25/src/__private_api.rs:15:30\n   |\n15 |         fn into_kvs(self) -> Option<&'a [(&'a str, super::Value<'a>)]>;\n   |                              ^^^^^^ not found in this scope\n\nerror[E0412]: cannot find type `Option` in this scope\n  --> /home/runner/.cargo/registry/src/index.crates.io-6f17d22bba15001f/log-0.4.25/src/__private_api.rs:23:26\n   |\n23 |     fn into_kvs(self) -> Option<&'a [(&'a str, Value<'a>)]> {\n   |                          ^^^^^^ not found in this scope\n\nerror[E0412]: cannot find type `Option` in this scope\n  --> /home/runner/.cargo/registry/src/index.crates.io-6f17d22bba15001f/log-0.4.25/src/__private_api.rs:30:26\n   |\n30 |     fn into_kvs(self) -> Option<&'a [(&'a str, Value<'a>)]> {\n   |                          ^^^^^^ not found in this scope\n\nerror[E0425]: cannot find value `None` in this scope\n  --> /home/runner/.cargo/registry/src/index.crates.io-6f17d22bba15001f/log-0.4.25/src/__private_api.rs:31:9\n   |\n31 |         None\n   |         ^^^^ not found in this scope\n\nerror[E0412]: cannot find type `Option` in this scope\n  --> /home/runner/.cargo/registry/src/index.crates.io-6f17d22bba15001f/log-0.4.25/src/__private_api.rs:41:10\n   |\n41 |     kvs: Option<&[(&str, Value)]>,\n   |          ^^^^^^ not found in this scope\n\nerror[E0659]: `cfg` is ambiguous\n   --> /home/runner/.cargo/registry/src/index.crates.io-6f17d22bba15001f/log-0.4.25/src/lib.rs:390:3\n    |\n390 | #[cfg(all(not(feature = \"std\"), not(test)))]\n    |   ^^^ ambiguous name\n    |\n    = note: ambiguous because of a name conflict with a builtin attribute\n    = note: `cfg` could refer to a built-in attribute\nnote: `cfg` could also refer to the unresolved item imported here\n   --> /home/runner/.cargo/registry/src/index.crates.io-6f17d22bba15001f/log-0.4.25/src/lib.rs:393:5\n    |\n393 | use std::cfg;\n    |     ^^^^^^^^\n    = help: use `crate::cfg` to refer to this unresolved item unambiguously\n\nerror[E0659]: `cfg` is ambiguous\n   --> /home/runner/.cargo/registry/src/index.crates.io-6f17d22bba15001f/log-0.4.25/src/lib.rs:406:3\n    |\n406 | #[cfg(target_has_atomic = \"ptr\")]\n    |   ^^^ ambiguous name\n    |\n    = note: ambiguous because of a name conflict with a builtin attribute\n    = note: `cfg` could refer to a built-in attribute\nnote: `cfg` could also refer to the unresolved item imported here\n   --> /home/runner/.cargo/registry/src/index.crates.io-6f17d22bba15001f/log-0.4.25/src/lib.rs:393:5\n    |\n393 | use std::cfg;\n    |     ^^^^^^^^\n    = help: use `crate::cfg` to refer to this unresolved item unambiguously\n\nerror[E0659]: `cfg` is ambiguous\n    --> /home/runner/.cargo/registry/src/index.crates.io-6f17d22bba15001f/log-0.4.25/src/lib.rs:1273:3\n     |\n1273 | #[cfg(target_has_atomic = \"ptr\")]\n     |   ^^^ ambiguous name\n     |\n     = note: ambiguous because of a name conflict with a builtin attribute\n     = note: `cfg` could refer to a built-in attribute\nnote: `cfg` could also refer to the unresolved item imported here\n    --> /home/runner/.cargo/registry/src/index.crates.io-6f17d22bba15001f/log-0.4.25/src/lib.rs:393:5\n     |\n393  | use std::cfg;\n     |     ^^^^^^^^\n     = help: use `crate::cfg` to refer to this unresolved item unambiguously\n\nerror[E0659]: `cfg` is ambiguous\n    --> /home/runner/.cargo/registry/src/index.crates.io-6f17d22bba15001f/log-0.4.25/src/lib.rs:1400:3\n     |\n1400 | #[cfg(target_has_atomic = \"ptr\")]\n     |   ^^^ ambiguous name\n     |\n     = note: ambiguous because of a name conflict with a builtin attribute\n     = note: `cfg` could refer to a built-in attribute\nnote: `cfg` could also refer to the unresolved item imported here\n    --> /home/runner/.cargo/registry/src/index.crates.io-6f17d22bba15001f/log-0.4.25/src/lib.rs:393:5\n     |\n393  | use std::cfg;\n     |     ^^^^^^^^\n     = help: use `crate::cfg` to refer to this unresolved item unambiguously\n\nerror[E0659]: `cfg` is ambiguous\n    --> /home/runner/.cargo/registry/src/index.crates.io-6f17d22bba15001f/log-0.4.25/src/lib.rs:1405:3\n     |\n1405 | #[cfg(target_has_atomic = \"ptr\")]\n     |   ^^^ ambiguous name\n     |\n     = note: ambiguous because of a name conflict with a builtin attribute\n     = note: `cfg` could refer to a built-in attribute\nnote: `cfg` could also refer to the unresolved item imported here\n    --> /home/runner/.cargo/registry/src/index.crates.io-6f17d22bba15001f/log-0.4.25/src/lib.rs:393:5\n     |\n393  | use std::cfg;\n     |     ^^^^^^^^\n     = help: use `crate::cfg` to refer to this unresolved item unambiguously\n\nerror[E0425]: cannot find function, tuple struct or tuple variant `Some` in this scope\n   --> /home/runner/.cargo/registry/src/index.crates.io-6f17d22bba15001f/log-0.4.25/src/lib.rs:520:9\n    |\n520 |         Some((*self as usize).cmp(&(*other as usize)))\n    |         ^^^^ not found in this scope\n\nerror[E0425]: cannot find function, tuple struct or tuple variant `Some` in this scope\n   --> /home/runner/.cargo/registry/src/index.crates.io-6f17d22bba15001f/log-0.4.25/src/lib.rs:547:18\n    |\n547 |             1 => Some(Level::Error),\n    |                  ^^^^ not found in this scope\n\nerror[E0425]: cannot find function, tuple struct or tuple variant `Some` in this scope\n   --> /home/runner/.cargo/registry/src/index.crates.io-6f17d22bba15001f/log-0.4.25/src/lib.rs:548:18\n    |\n548 |             2 => Some(Level::Warn),\n    |                  ^^^^ not found in this scope\n\nerror[E0425]: cannot find function, tuple struct or tuple variant `Some` in this scope\n   --> /home/runner/.cargo/registry/src/index.crates.io-6f17d22bba15001f/log-0.4.25/src/lib.rs:549:18\n    |\n549 |             3 => Some(Level::Info),\n    |                  ^^^^ not found in this scope\n\nerror[E0425]: cannot find function, tuple struct or tuple variant `Some` in this scope\n   --> /home/runner/.cargo/registry/src/index.crates.io-6f17d22bba15001f/log-0.4.25/src/lib.rs:550:18\n    |\n550 |             4 => Some(Level::Debug),\n    |                  ^^^^ not found in this scope\n\nerror[E0425]: cannot find function, tuple struct or tuple variant `Some` in this scope\n   --> /home/runner/.cargo/registry/src/index.crates.io-6f17d22bba15001f/log-0.4.25/src/lib.rs:551:18\n    |\n551 |             5 => Some(Level::Trace),\n    |                  ^^^^ not found in this scope\n\nerror[E0425]: cannot find function, tuple struct or tuple variant `Some` in this scope\n   --> /home/runner/.cargo/registry/src/index.crates.io-6f17d22bba15001f/log-0.4.25/src/lib.rs:629:9\n    |\n629 |         Some((*self as usize).cmp(&(*other as usize)))\n    |         ^^^^ not found in this scope\n\nerror[E0425]: cannot find function, tuple struct or tuple variant `Some` in this scope\n   --> /home/runner/.cargo/registry/src/index.crates.io-6f17d22bba15001f/log-0.4.25/src/lib.rs:653:18\n    |\n653 |             0 => Some(LevelFilter::Off),\n    |                  ^^^^ not found in this scope\n\nerror[E0425]: cannot find function, tuple struct or tuple variant `Some` in this scope\n   --> /home/runner/.cargo/registry/src/index.crates.io-6f17d22bba15001f/log-0.4.25/src/lib.rs:654:18\n    |\n654 |             1 => Some(LevelFilter::Error),\n    |                  ^^^^ not found in this scope\n\nerror[E0425]: cannot find function, tuple struct or tuple variant `Some` in this scope\n   --> /home/runner/.cargo/registry/src/index.crates.io-6f17d22bba15001f/log-0.4.25/src/lib.rs:655:18\n    |\n655 |             2 => Some(LevelFilter::Warn),\n    |                  ^^^^ not found in this scope\n\nerror[E0425]: cannot find function, tuple struct or tuple variant `Some` in this scope\n   --> /home/runner/.cargo/registry/src/index.crates.io-6f17d22bba15001f/log-0.4.25/src/lib.rs:656:18\n    |\n656 |             3 => Some(LevelFilter::Info),\n    |                  ^^^^ not found in this scope\n\nerror[E0425]: cannot find function, tuple struct or tuple variant `Some` in this scope\n   --> /home/runner/.cargo/registry/src/index.crates.io-6f17d22bba15001f/log-0.4.25/src/lib.rs:657:18\n    |\n657 |             4 => Some(LevelFilter::Debug),\n    |                  ^^^^ not found in this scope\n\nerror[E0425]: cannot find function, tuple struct or tuple variant `Some` in this scope\n   --> /home/runner/.cargo/registry/src/index.crates.io-6f17d22bba15001f/log-0.4.25/src/lib.rs:658:18\n    |\n658 |             5 => Some(LevelFilter::Trace),\n    |                  ^^^^ not found in this scope\n\nerror[E0425]: cannot find function, tuple struct or tuple variant `Some` in this scope\n   --> /home/runner/.cargo/registry/src/index.crates.io-6f17d22bba15001f/log-0.4.25/src/lib.rs:833:48\n    |\n833 |             Some(MaybeStaticStr::Static(s)) => Some(s),\n    |                                                ^^^^ not found in this scope\n\nerror[E0425]: cannot find function, tuple struct or tuple variant `Some` in this scope\n   --> /home/runner/.cargo/registry/src/index.crates.io-6f17d22bba15001f/log-0.4.25/src/lib.rs:848:48\n    |\n848 |             Some(MaybeStaticStr::Static(s)) => Some(s),\n    |                                                ^^^^ not found in this scope\n\nerror[E0425]: cannot find function, tuple struct or tuple variant `Ok` in this scope\n    --> /home/runner/.cargo/registry/src/index.crates.io-6f17d22bba15001f/log-0.4.25/src/lib.rs:1421:13\n     |\n1421 |             Ok(())\n     |             ^^ not found in this scope\n\nerror[E0425]: cannot find function, tuple struct or tuple variant `Err` in this scope\n    --> /home/runner/.cargo/registry/src/index.crates.io-6f17d22bba15001f/log-0.4.25/src/lib.rs:1427:13\n     |\n1427 |             Err(SetLoggerError(()))\n     |             ^^^ not found in this scope\n\nerror[E0425]: cannot find function, tuple struct or tuple variant `Err` in this scope\n    --> /home/runner/.cargo/registry/src/index.crates.io-6f17d22bba15001f/log-0.4.25/src/lib.rs:1429:14\n     |\n1429 |         _ => Err(SetLoggerError(())),\n     |              ^^^ not found in this scope\n\nerror[E0425]: cannot find function, tuple struct or tuple variant `Ok` in this scope\n    --> /home/runner/.cargo/registry/src/index.crates.io-6f17d22bba15001f/log-0.4.25/src/lib.rs:1457:13\n     |\n1457 |             Ok(())\n     |             ^^ not found in this scope\n\nerror[E0425]: cannot find function, tuple struct or tuple variant `Err` in this scope\n    --> /home/runner/.cargo/registry/src/index.crates.io-6f17d22bba15001f/log-0.4.25/src/lib.rs:1463:14\n     |\n1463 |         _ => Err(SetLoggerError(())),\n     |              ^^^ not found in this scope\n\nerror[E0425]: cannot find function, tuple struct or tuple variant `Some` in this scope\n  --> /home/runner/.cargo/registry/src/index.crates.io-6f17d22bba15001f/log-0.4.25/src/__private_api.rs:24:9\n   |\n24 |         Some(self)\n   |         ^^^^------\n   |         |\n   |         help: try calling `Some` as a method: `self.Some()`\n\nerror[E0425]: cannot find function, tuple struct or tuple variant `Some` in this scope\n  --> /home/runner/.cargo/registry/src/index.crates.io-6f17d22bba15001f/log-0.4.25/src/__private_api.rs:54:29\n   |\n54 |         .module_path_static(Some(module_path))\n   |                             ^^^^ not found in this scope\n\nerror[E0425]: cannot find function, tuple struct or tuple variant `Some` in this scope\n  --> /home/runner/.cargo/registry/src/index.crates.io-6f17d22bba15001f/log-0.4.25/src/__private_api.rs:55:22\n   |\n55 |         .file_static(Some(loc.file()))\n   |                      ^^^^ not found in this scope\n\nerror[E0425]: cannot find function, tuple struct or tuple variant `Some` in this scope\n  --> /home/runner/.cargo/registry/src/index.crates.io-6f17d22bba15001f/log-0.4.25/src/__private_api.rs:56:15\n   |\n56 |         .line(Some(loc.line()));\n   |               ^^^^ not found in this scope\n\nSome errors have detailed explanations: E0405, E0412, E0425, E0463, E0531, E0659.\nerror: could not compile `log` (lib) due to 107 previous errors\n"
            ]
          }
        },
        {
          "file": "(virtual) lockbud",
          "features": "",
          "count": 1,
          "kinds": {
            "Cargo": [
              "// pkg_name=testos, checker=Lockbud\n// toolchain=nightly-2024-05-01, target=riscv64gc-unknown-none-elf\n// features=\n// pkg_dir=/home/runner/check/batch_6/os-module/visionfive2-sd/example/testos\n// cmd=cargo +nightly-2025-02-01 lockbud -k all -- --target riscv64gc-unknown-none-elf \n// timestamp=2025-06-28 16:05:18.876807502 +08:00:00\n   Compiling proc-macro2 v1.0.93\n   Compiling unicode-ident v1.0.14\n   Compiling autocfg v1.4.0\n   Compiling paste v1.0.15\n   Compiling scopeguard v1.2.0\n   Compiling riscv v0.12.1\n   Compiling log v0.4.25\n[2025-06-28T08:05:19Z WARN  lockbud::callbacks] [\n      {\n        \"AtomicityViolation\": {\n          \"bug_kind\": \"AtomicityViolation\",\n          \"possibility\": \"Possibly\",\n          \"diagnosis\": {\n            \"fn_name\": \"set_logger_racy\",\n            \"atomic_reader\": \"/home/runner/.cargo/registry/src/index.crates.io-1949cf8c6b5b557f/log-0.4.25/src/lib.rs:1453:11: 1453:40 (#0)\",\n            \"atomic_writer\": \"/home/runner/.cargo/registry/src/index.crates.io-1949cf8c6b5b557f/log-0.4.25/src/lib.rs:1456:13: 1456:56 (#0)\",\n            \"dep_kind\": \"Control\"\n          },\n          \"explanation\": \"atomic::store is data/control dependent on atomic::load\"\n        }\n      }\n    ]\n[2025-06-28T08:05:19Z WARN  lockbud::callbacks] crate log contains bugs: { probably: 0, possibly: 0 }, conflictlock: { probably: 0, possibly: 0 }, condvar_deadlock: { probably: 0, possibly: 0 }, atomicity_violation: { possibly: 1 }, invalid_free: { possibly: 0 }, use_after_free: { possibly: 0 }\n   Compiling testos v0.1.0 (/home/runner/check/batch_6/os-module/visionfive2-sd/example/testos)\n   Compiling bitflags v1.3.2\n   Compiling riscv-pac v0.2.0\n   Compiling lock_api v0.4.12\n   Compiling preprint v0.1.0\n   Compiling critical-section v1.2.0\n   Compiling embedded-hal v1.0.0\n   Compiling quote v1.0.38\n   Compiling spin v0.7.1\n   Compiling spin v0.9.8\n   Compiling syn v2.0.96\n   Compiling fatfs v0.4.0 (https://github.com/os-module/rust-fatfs.git#55d0dbac)\n   Compiling buddy_system_allocator v0.8.0\n   Compiling bitfield-struct v0.8.0\n   Compiling riscv-macros v0.1.0\n   Compiling visionfive2-sd v0.1.0 (/home/runner/check/batch_6/os-module/visionfive2-sd)\nerror[E0787]: the `asm!` macro is not allowed in naked functions\n  --> src/boot.rs:26:5\n   |\n26 | /     core::arch::asm!(\n27 | |     \"   la sp, {stack}\n28 | |         li t0, {stack_size}\n29 | |         mv t1,a0\n...  |\n40 | |     options(noreturn),\n41 | |     )\n   | |_____^ consider using the `naked_asm!` macro instead\n\nwarning: the feature `asm_const` has been stable since 1.82.0 and no longer requires an attribute to enable\n --> src/main.rs:5:12\n  |\n5 | #![feature(asm_const)]\n  |            ^^^^^^^^^\n  |\n  = note: `#[warn(stable_features)]` on by default\n\nwarning: the feature `panic_info_message` has been stable since 1.81.0 and no longer requires an attribute to enable\n --> src/main.rs:4:12\n  |\n4 | #![feature(panic_info_message)]\n  |            ^^^^^^^^^^^^^^^^^^\n\nerror[E0599]: no method named `unwrap` found for struct `core::panic::PanicMessage` in the current scope\n  --> src/main.rs:88:28\n   |\n88 |             info.message().unwrap()\n   |                            ^^^^^^ method not found in `PanicMessage<'_>`\n\nSome errors have detailed explanations: E0599, E0787.\nFor more information about an error, try `rustc --explain E0599`.\nwarning: `testos` (bin \"testos\") generated 2 warnings\nerror: could not compile `testos` (bin \"testos\") due to 2 previous errors; 2 warnings emitted\n"
            ]
          }
        },
        {
          "file": "(virtual) rapx",
          "features": "",
          "count": 1,
          "kinds": {
            "Cargo": [
              "// pkg_name=testos, checker=Rapx\n// toolchain=nightly-2024-05-01, target=riscv64gc-unknown-none-elf\n// features=\n// pkg_dir=/home/runner/check/batch_6/os-module/visionfive2-sd/example/testos\n// cmd=cargo +nightly-2024-10-12 rapx -F -M -- --target riscv64gc-unknown-none-elf \n// timestamp=2025-06-28 16:05:33.271633942 +08:00:00\n   Compiling proc-macro2 v1.0.93\n   Compiling unicode-ident v1.0.14\n   Compiling autocfg v1.4.0\n   Compiling paste v1.0.15\n    Checking scopeguard v1.2.0\n    Checking log v0.4.25\n   Compiling riscv v0.12.1\n   Compiling testos v0.1.0 (/home/runner/check/batch_6/os-module/visionfive2-sd/example/testos)\n   Compiling lock_api v0.4.12\n    Checking bitflags v1.3.2\n    Checking spin v0.7.1\n    Checking preprint v0.1.0\n   Compiling quote v1.0.38\n    Checking critical-section v1.2.0\n    Checking riscv-pac v0.2.0\n   Compiling syn v2.0.96\n    Checking spin v0.9.8\n    Checking embedded-hal v1.0.0\n    Checking buddy_system_allocator v0.8.0\n    Checking fatfs v0.4.0 (https://github.com/os-module/rust-fatfs.git#55d0dbac)\n   Compiling riscv-macros v0.1.0\n   Compiling bitfield-struct v0.8.0\n    Checking visionfive2-sd v0.1.0 (/home/runner/check/batch_6/os-module/visionfive2-sd)\nerror[E0787]: the `asm!` macro is not allowed in naked functions\n  --> src/boot.rs:26:5\n   |\n26 | /     core::arch::asm!(\n27 | |     \"   la sp, {stack}\n28 | |         li t0, {stack_size}\n29 | |         mv t1,a0\n...  |\n40 | |     options(noreturn),\n41 | |     )\n   | |_____^ consider using the `naked_asm!` macro instead\n\nwarning: the feature `asm_const` has been stable since 1.82.0 and no longer requires an attribute to enable\n --> src/main.rs:5:12\n  |\n5 | #![feature(asm_const)]\n  |            ^^^^^^^^^\n  |\n  = note: `#[warn(stable_features)]` on by default\n\nwarning: the feature `panic_info_message` has been stable since 1.81.0 and no longer requires an attribute to enable\n --> src/main.rs:4:12\n  |\n4 | #![feature(panic_info_message)]\n  |            ^^^^^^^^^^^^^^^^^^\n\nerror[E0599]: no method named `unwrap` found for struct `core::panic::PanicMessage` in the current scope\n  --> src/main.rs:88:28\n   |\n88 |             info.message().unwrap()\n   |                            ^^^^^^ method not found in `PanicMessage<'_>`\n\nSome errors have detailed explanations: E0599, E0787.\nFor more information about an error, try `rustc --explain E0599`.\nwarning: `testos` (bin \"testos\") generated 2 warnings\nerror: could not compile `testos` (bin \"testos\") due to 2 previous errors; 2 warnings emitted\n08:05:38|RAP|ERROR|: Finished with non-zero exit code.\n"
            ]
          }
        },
        {
          "file": "(virtual) udeps",
          "features": "",
          "count": 1,
          "kinds": {
            "Cargo": [
              "// pkg_name=testos, checker=Udeps\n// toolchain=nightly-2024-05-01, target=riscv64gc-unknown-none-elf\n// features=\n// pkg_dir=/home/runner/check/batch_6/os-module/visionfive2-sd/example/testos\n// cmd=cargo +nightly-2025-06-26-x86_64-unknown-linux-gnu udeps --target riscv64gc-unknown-none-elf \n// timestamp=2025-06-28 16:05:48.937952543 +08:00:00\n   Compiling proc-macro2 v1.0.93\n   Compiling unicode-ident v1.0.14\n   Compiling autocfg v1.4.0\n    Checking scopeguard v1.2.0\n   Compiling paste v1.0.15\n    Checking log v0.4.25\n   Compiling riscv v0.12.1\n   Compiling testos v0.1.0 (/home/runner/check/batch_6/os-module/visionfive2-sd/example/testos)\n    Checking riscv-pac v0.2.0\n    Checking bitflags v1.3.2\n    Checking embedded-hal v1.0.0\n   Compiling lock_api v0.4.12\n    Checking critical-section v1.2.0\n    Checking spin v0.7.1\n   Compiling quote v1.0.38\n    Checking preprint v0.1.0\n    Checking buddy_system_allocator v0.8.0\n   Compiling syn v2.0.96\n    Checking spin v0.9.8\n    Checking fatfs v0.4.0 (https://github.com/os-module/rust-fatfs.git#55d0dbac)\n   Compiling bitfield-struct v0.8.0\n   Compiling riscv-macros v0.1.0\n    Checking visionfive2-sd v0.1.0 (/home/runner/check/batch_6/os-module/visionfive2-sd)\nerror: unsafe attribute used without unsafe\n  --> src/boot.rs:20:3\n   |\n20 | #[naked]\n   |   ^^^^^ usage of unsafe attribute\n   |\nhelp: wrap the attribute in `unsafe(...)`\n   |\n20 | #[unsafe(naked)]\n   |   +++++++     +\n\nwarning: the feature `naked_functions` has been stable since 1.88.0 and no longer requires an attribute to enable\n --> src/main.rs:3:12\n  |\n3 | #![feature(naked_functions)]\n  |            ^^^^^^^^^^^^^^^\n  |\n  = note: `#[warn(stable_features)]` on by default\n\nwarning: the feature `asm_const` has been stable since 1.82.0 and no longer requires an attribute to enable\n --> src/main.rs:5:12\n  |\n5 | #![feature(asm_const)]\n  |            ^^^^^^^^^\n\nwarning: the feature `panic_info_message` has been stable since 1.81.0 and no longer requires an attribute to enable\n --> src/main.rs:4:12\n  |\n4 | #![feature(panic_info_message)]\n  |            ^^^^^^^^^^^^^^^^^^\n\nerror[E0787]: the `asm!` macro is not allowed in naked functions\n  --> src/boot.rs:26:5\n   |\n26 | /     core::arch::asm!(\n27 | |     \"   la sp, {stack}\n28 | |         li t0, {stack_size}\n29 | |         mv t1,a0\n...  |\n40 | |     options(noreturn),\n41 | |     )\n   | |_____^ consider using the `naked_asm!` macro instead\n\nerror[E0599]: no method named `unwrap` found for struct `PanicMessage` in the current scope\n  --> src/main.rs:88:28\n   |\n88 |             info.message().unwrap()\n   |                            ^^^^^^ method not found in `PanicMessage<'_>`\n\nSome errors have detailed explanations: E0599, E0787.\nFor more information about an error, try `rustc --explain E0599`.\nwarning: `testos` (bin \"testos\") generated 3 warnings\nerror: could not compile `testos` (bin \"testos\") due to 3 previous errors; 3 warnings emitted\n"
            ]
          }
        },
        {
          "file": "Cargo.lock",
          "features": "",
          "count": 1,
          "kinds": {
            "Audit": [
              "Crate:     paste\nVersion:   1.0.15\nWarning:   unmaintained\nTitle:     paste - no longer maintained\nDate:      2024-10-07\nID:        RUSTSEC-2024-0436\nURL:       https://rustsec.org/advisories/RUSTSEC-2024-0436\nDependency tree:\npaste 1.0.15\n└── riscv 0.12.1\n    └── testos 0.1.0\n\n\n{\n  \"database\": {\n    \"advisory-count\": 787,\n    \"last-commit\": \"7573f55ba337263f61167dbb0ea926cdc7c8eb5d\",\n    \"last-updated\": \"2025-06-17T11:04:25+02:00\"\n  },\n  \"lockfile\": {\n    \"dependency-count\": 23\n  },\n  \"settings\": {\n    \"target_arch\": [],\n    \"target_os\": [],\n    \"severity\": null,\n    \"ignore\": [],\n    \"informational_warnings\": [\n      \"unmaintained\",\n      \"unsound\",\n      \"notice\"\n    ]\n  },\n  \"vulnerabilities\": {\n    \"found\": false,\n    \"count\": 0,\n    \"list\": []\n  },\n  \"warnings\": {\n    \"unmaintained\": [\n      {\n        \"kind\": \"unmaintained\",\n        \"package\": {\n          \"name\": \"paste\",\n          \"version\": \"1.0.15\",\n          \"source\": \"registry+https://github.com/rust-lang/crates.io-index\",\n          \"checksum\": \"57c0d7b74b563b49d38dae00a0c37d4d6de9b432382b2892f0574ddcae73fd0a\",\n          \"replace\": null\n        },\n        \"advisory\": {\n          \"id\": \"RUSTSEC-2024-0436\",\n          \"package\": \"paste\",\n          \"title\": \"paste - no longer maintained\",\n          \"description\": \"The creator of the crate `paste` has stated in the [`README.md`](https://github.com/dtolnay/paste/blob/master/README.md) \\nthat this project is not longer maintained as well as archived the repository\",\n          \"date\": \"2024-10-07\",\n          \"aliases\": [],\n          \"related\": [],\n          \"collection\": \"crates\",\n          \"categories\": [],\n          \"keywords\": [],\n          \"cvss\": null,\n          \"informational\": \"unmaintained\",\n          \"references\": [],\n          \"source\": null,\n          \"url\": \"https://github.com/dtolnay/paste\",\n          \"withdrawn\": null,\n          \"license\": \"CC0-1.0\"\n        },\n        \"affected\": null,\n        \"versions\": {\n          \"patched\": [],\n          \"unaffected\": []\n        }\n      }\n    ]\n  }\n}"
            ]
          }
        },
        {
          "file": "[Lockbud] deadlock detection",
          "features": "",
          "count": 1,
          "kinds": {
            "Lockbud(Possibly)": [
              "[2025-06-28T08:05:19Z WARN  lockbud::callbacks] [\n      {\n        \"AtomicityViolation\": {\n          \"bug_kind\": \"AtomicityViolation\",\n          \"possibility\": \"Possibly\",\n          \"diagnosis\": {\n            \"fn_name\": \"set_logger_racy\",\n            \"atomic_reader\": \"/home/runner/.cargo/registry/src/index.crates.io-1949cf8c6b5b557f/log-0.4.25/src/lib.rs:1453:11: 1453:40 (#0)\",\n            \"atomic_writer\": \"/home/runner/.cargo/registry/src/index.crates.io-1949cf8c6b5b557f/log-0.4.25/src/lib.rs:1456:13: 1456:56 (#0)\",\n            \"dep_kind\": \"Control\"\n          },\n          \"explanation\": \"atomic::store is data/control dependent on atomic::load\"\n        }\n      }\n    ]\n[2025-06-28T08:05:19Z WARN  lockbud::callbacks] crate log contains bugs: { probably: 0, possibly: 0 }, conflictlock: { probably: 0, possibly: 0 }, condvar_deadlock: { probably: 0, possibly: 0 }, atomicity_violation: { possibly: 1 }, invalid_free: { possibly: 0 }, use_after_free: { possibly: 0 }"
            ]
          }
        },
        {
          "file": "[Udeps] Unused dependencies",
          "features": "",
          "count": 1,
          "kinds": {
            "Unused Deps": [
              "pkg=testos, checker=Udeps\ntoolchain=nightly-2024-05-01, target=riscv64gc-unknown-none-elf\nfeatures=\npkg_dir=/home/runner/check/batch_6/os-module/visionfive2-sd/example/testos\ncmd=cargo +nightly-2025-06-26-x86_64-unknown-linux-gnu udeps --target riscv64gc-unknown-none-elf \ntimestamp=2025-06-28 16:05:53.323629782 +08:00:00\n\n\nstdout:\n\nstderr:\n   Compiling proc-macro2 v1.0.93\n   Compiling unicode-ident v1.0.14\n   Compiling autocfg v1.4.0\n    Checking scopeguard v1.2.0\n   Compiling paste v1.0.15\n    Checking log v0.4.25\n   Compiling riscv v0.12.1\n   Compiling testos v0.1.0 (/home/runner/check/batch_6/os-module/visionfive2-sd/example/testos)\n    Checking riscv-pac v0.2.0\n    Checking bitflags v1.3.2\n    Checking embedded-hal v1.0.0\n   Compiling lock_api v0.4.12\n    Checking critical-section v1.2.0\n    Checking spin v0.7.1\n   Compiling quote v1.0.38\n    Checking preprint v0.1.0\n    Checking buddy_system_allocator v0.8.0\n   Compiling syn v2.0.96\n    Checking spin v0.9.8\n    Checking fatfs v0.4.0 (https://github.com/os-module/rust-fatfs.git#55d0dbac)\n   Compiling bitfield-struct v0.8.0\n   Compiling riscv-macros v0.1.0\n    Checking visionfive2-sd v0.1.0 (/home/runner/check/batch_6/os-module/visionfive2-sd)\nerror: unsafe attribute used without unsafe\n  --> src/boot.rs:20:3\n   |\n20 | #[naked]\n   |   ^^^^^ usage of unsafe attribute\n   |\nhelp: wrap the attribute in `unsafe(...)`\n   |\n20 | #[unsafe(naked)]\n   |   +++++++     +\n\nwarning: the feature `naked_functions` has been stable since 1.88.0 and no longer requires an attribute to enable\n --> src/main.rs:3:12\n  |\n3 | #![feature(naked_functions)]\n  |            ^^^^^^^^^^^^^^^\n  |\n  = note: `#[warn(stable_features)]` on by default\n\nwarning: the feature `asm_const` has been stable since 1.82.0 and no longer requires an attribute to enable\n --> src/main.rs:5:12\n  |\n5 | #![feature(asm_const)]\n  |            ^^^^^^^^^\n\nwarning: the feature `panic_info_message` has been stable since 1.81.0 and no longer requires an attribute to enable\n --> src/main.rs:4:12\n  |\n4 | #![feature(panic_info_message)]\n  |            ^^^^^^^^^^^^^^^^^^\n\nerror[E0787]: the `asm!` macro is not allowed in naked functions\n  --> src/boot.rs:26:5\n   |\n26 | /     core::arch::asm!(\n27 | |     \"   la sp, {stack}\n28 | |         li t0, {stack_size}\n29 | |         mv t1,a0\n...  |\n40 | |     options(noreturn),\n41 | |     )\n   | |_____^ consider using the `naked_asm!` macro instead\n\nerror[E0599]: no method named `unwrap` found for struct `PanicMessage` in the current scope\n  --> src/main.rs:88:28\n   |\n88 |             info.message().unwrap()\n   |                            ^^^^^^ method not found in `PanicMessage<'_>`\n\nSome errors have detailed explanations: E0599, E0787.\nFor more information about an error, try `rustc --explain E0599`.\nwarning: `testos` (bin \"testos\") generated 3 warnings\nerror: could not compile `testos` (bin \"testos\") due to 3 previous errors; 3 warnings emitted\n"
            ]
          }
        },
        {
          "file": "[outdated direct dependencies]",
          "features": "",
          "count": 1,
          "kinds": {
            "Outdated": [
              "pkg=testos, checker=Outdated\ntoolchain=nightly-2024-05-01, target=riscv64gc-unknown-none-elf\nfeatures=\npkg_dir=/home/runner/check/batch_6/os-module/visionfive2-sd/example/testos\ncmd=cargo +nightly-2025-06-26-x86_64-unknown-linux-gnu outdated -R --exit-code=2\ntimestamp=2025-06-28 16:05:48.645546772 +08:00:00\n\nName                    Project  Compat  Latest  Kind    Platform\n----                    -------  ------  ------  ----    --------\nbuddy_system_allocator  0.8.0    ---     0.11.0  Normal  ---\nlog                     0.4.25   0.4.27  0.4.27  Normal  ---\nriscv                   0.12.1   0.14.0  0.14.0  Normal  ---\nspin                    0.9.8    ---     0.10.0  Normal  ---\n"
            ]
          }
        }
      ]
    },
    {
      "user": "os-module",
      "repo": "visionfive2-sd",
      "pkg": "visionfive2-sd",
      "count": 5,
      "raw_reports": [
        {
          "file": "/home/runner/.cargo/registry/src/index.crates.io-1949cf8c6b5b557f/log-0.4.25/src/lib.rs",
          "features": "",
          "count": 1,
          "kinds": {
            "Lockbud(Possibly)": [
              "{\n  \"bug_kind\": \"AtomicityViolation\",\n  \"possibility\": \"Possibly\",\n  \"diagnosis\": {\n    \"fn_name\": \"set_logger_racy\",\n    \"atomic_reader\": \"/home/runner/.cargo/registry/src/index.crates.io-1949cf8c6b5b557f/log-0.4.25/src/lib.rs:1453:11: 1453:40 (#0)\",\n    \"atomic_writer\": \"/home/runner/.cargo/registry/src/index.crates.io-1949cf8c6b5b557f/log-0.4.25/src/lib.rs:1456:13: 1456:56 (#0)\",\n    \"dep_kind\": \"Control\"\n  },\n  \"explanation\": \"atomic::store is data/control dependent on atomic::load\"\n}"
            ]
          }
        },
        {
          "file": "(virtual) semver-checks",
          "features": "",
          "count": 1,
          "kinds": {
            "Cargo": [
              "// pkg_name=visionfive2-sd, checker=SemverChecks\n// toolchain=nightly-2025-06-26-x86_64-unknown-linux-gnu, target=riscv64gc-unknown-none-elf\n// features=\n// pkg_dir=/home/runner/check/batch_6/os-module/visionfive2-sd\n// cmd=cargo +nightly-2025-06-26-x86_64-unknown-linux-gnu semver-checks --target riscv64gc-unknown-none-elf \n// timestamp=2025-06-28 16:05:14.30998132 +08:00:00\n    Building visionfive2-sd v0.1.0 (current)\n       Built [   3.744s] (current)\n     Parsing visionfive2-sd v0.1.0 (current)\n      Parsed [   0.005s] (current)\nerror: visionfive2-sd not found in registry (crates.io). For workarounds check https://github.com/obi1kenobi/cargo-semver-checks#does-the-crate-im-checking-have-to-be-published-on-cratesio\n"
            ]
          }
        },
        {
          "file": "[Lockbud] deadlock detection",
          "features": "",
          "count": 1,
          "kinds": {
            "Lockbud(Possibly)": [
              "[2025-06-28T08:05:24Z WARN  lockbud::callbacks] [\n      {\n        \"AtomicityViolation\": {\n          \"bug_kind\": \"AtomicityViolation\",\n          \"possibility\": \"Possibly\",\n          \"diagnosis\": {\n            \"fn_name\": \"set_logger_racy\",\n            \"atomic_reader\": \"/home/runner/.cargo/registry/src/index.crates.io-1949cf8c6b5b557f/log-0.4.25/src/lib.rs:1453:11: 1453:40 (#0)\",\n            \"atomic_writer\": \"/home/runner/.cargo/registry/src/index.crates.io-1949cf8c6b5b557f/log-0.4.25/src/lib.rs:1456:13: 1456:56 (#0)\",\n            \"dep_kind\": \"Control\"\n          },\n          \"explanation\": \"atomic::store is data/control dependent on atomic::load\"\n        }\n      }\n    ]\n[2025-06-28T08:05:24Z WARN  lockbud::callbacks] crate log contains bugs: { probably: 0, possibly: 0 }, conflictlock: { probably: 0, possibly: 0 }, condvar_deadlock: { probably: 0, possibly: 0 }, atomicity_violation: { possibly: 1 }, invalid_free: { possibly: 0 }, use_after_free: { possibly: 0 }"
            ]
          }
        },
        {
          "file": "[outdated direct dependencies]",
          "features": "",
          "count": 1,
          "kinds": {
            "Outdated": [
              "pkg=visionfive2-sd, checker=Outdated\ntoolchain=nightly-2025-06-26-x86_64-unknown-linux-gnu, target=riscv64gc-unknown-none-elf\nfeatures=\npkg_dir=/home/runner/check/batch_6/os-module/visionfive2-sd\ncmd=cargo +nightly-2025-06-26-x86_64-unknown-linux-gnu outdated -R --exit-code=2\ntimestamp=2025-06-28 16:05:48.93706481 +08:00:00\n\nName             Project  Compat  Latest  Kind    Platform\n----             -------  ------  ------  ----    --------\nbitfield-struct  0.8.0    ---     0.11.0  Normal  ---\nlog              0.4.25   0.4.27  0.4.27  Normal  ---\n"
            ]
          }
        },
        {
          "file": "[semver checks violation]",
          "features": "",
          "count": 1,
          "kinds": {
            "Semver Violation": [
              "pkg=visionfive2-sd, checker=SemverChecks\ntoolchain=nightly-2025-06-26-x86_64-unknown-linux-gnu, target=riscv64gc-unknown-none-elf\nfeatures=\npkg_dir=/home/runner/check/batch_6/os-module/visionfive2-sd\ncmd=cargo +nightly-2025-06-26-x86_64-unknown-linux-gnu semver-checks --target riscv64gc-unknown-none-elf \ntimestamp=2025-06-28 16:05:18.588029387 +08:00:00\n\n\nstdout:\n\nstderr:\n    Building visionfive2-sd v0.1.0 (current)\n       Built [   3.744s] (current)\n     Parsing visionfive2-sd v0.1.0 (current)\n      Parsed [   0.005s] (current)\nerror: visionfive2-sd not found in registry (crates.io). For workarounds check https://github.com/obi1kenobi/cargo-semver-checks#does-the-crate-im-checking-have-to-be-published-on-cratesio\n"
            ]
          }
        }
      ]
    }
  ],
  "kinds_order": [
    "Cargo",
    "Clippy(Error)",
    "Clippy(Warn)",
    "Semver Violation",
    "Audit",
    "Mirai",
    "Rapx",
    "Rudra",
    "Lockbud(Probably)",
    "Lockbud(Possibly)",
    "Atomvchecker",
    "Outdated",
    "Geiger",
    "Unused Deps",
    "Unformatted"
  ]
}