{
  "repo": {
    "user": "arceos-org",
    "repo": "arceos-crates"
  },
  "data": [
    {
      "user": "arceos-org",
      "repo": "arceos-crates",
      "pkg": "allocator",
      "count": 11,
      "raw_reports": [
        {
          "file": "src/lib.rs",
          "features": "",
          "count": 6,
          "kinds": {
            "Clippy(Warn)": [
              "warning: function `align_down` is never used\n   --> src/lib.rs:134:10\n    |\n134 | const fn align_down(pos: usize, align: usize) -> usize {\n    |          ^^^^^^^^^^\n    |\n    = note: `#[warn(dead_code)]` on by default\n\n",
              "warning: function `align_up` is never used\n   --> src/lib.rs:139:10\n    |\n139 | const fn align_up(pos: usize, align: usize) -> usize {\n    |          ^^^^^^^^\n\n",
              "warning: function `is_aligned` is never used\n   --> src/lib.rs:147:10\n    |\n147 | const fn is_aligned(base_addr: usize, align: usize) -> bool {\n    |          ^^^^^^^^^^\n\n"
            ],
            "Mirai": [
              "warning: function `align_down` is never used\n   --> src/lib.rs:134:10\n    |\n134 | const fn align_down(pos: usize, align: usize) -> usize {\n    |          ^^^^^^^^^^\n    |\n    = note: `#[warn(dead_code)]` on by default\n\n",
              "warning: function `align_up` is never used\n   --> src/lib.rs:139:10\n    |\n139 | const fn align_up(pos: usize, align: usize) -> usize {\n    |          ^^^^^^^^\n\n",
              "warning: function `is_aligned` is never used\n   --> src/lib.rs:147:10\n    |\n147 | const fn is_aligned(base_addr: usize, align: usize) -> bool {\n    |          ^^^^^^^^^^\n\n"
            ]
          }
        },
        {
          "file": "(virtual) mirai",
          "features": "",
          "count": 1,
          "kinds": {
            "Cargo": [
              "// pkg_name=allocator, checker=Mirai\n// toolchain=nightly-2025-01-26-x86_64-unknown-linux-gnu, target=x86_64-unknown-linux-gnu\n// features=\n// pkg_dir=/home/runner/check/batch_2/arceos-org/arceos-crates/crates/allocator\n// cmd=cargo +nightly-2025-01-10 mirai --target x86_64-unknown-linux-gnu \n// timestamp=2025-04-03 4:34:08.037947418 +08:00:00\n    Checking cfg-if v1.0.0\n    Checking allocator v0.1.1 (/home/runner/check/batch_2/arceos-org/arceos-crates/crates/allocator)\n    Finished `dev` profile [unoptimized + debuginfo] target(s) in 0.16s\n   Compiling proc-macro2 v1.0.94\n   Compiling unicode-ident v1.0.18\n   Compiling libc v0.2.171\n   Compiling cfg-if v1.0.0\n   Compiling crossbeam-utils v0.8.21\n   Compiling serde v1.0.219\n   Compiling zerocopy v0.8.24\n   Compiling quote v1.0.40\n   Compiling autocfg v1.4.0\n   Compiling syn v2.0.100\n   Compiling syn v1.0.109\n   Compiling crossbeam-epoch v0.9.18\n   Compiling rayon-core v1.12.1\n   Compiling num-traits v0.2.19\n   Compiling serde_json v1.0.140\n   Compiling either v1.15.0\n   Compiling crossbeam-deque v0.8.6\n   Compiling getrandom v0.2.15\n   Compiling half v2.5.0\n   Compiling base64 v0.13.1\n   Compiling ciborium-io v0.2.2\n   Compiling regex-syntax v0.8.5\n   Compiling clap_lex v0.7.4\n   Compiling ryu v1.0.20\n   Compiling unicode-width v0.1.14\n   Compiling anstyle v1.0.10\n   Compiling itoa v1.0.15\n   Compiling plotters-backend v0.3.7\n   Compiling memchr v2.7.4\n   Compiling serde_derive v1.0.219\n   Compiling svgbobdoc v0.3.0\n   Compiling plotters-svg v0.3.7\n   Compiling clap_builder v4.5.35\n   Compiling regex-automata v0.4.9\n   Compiling ppv-lite86 v0.2.21\n   Compiling ciborium-ll v0.2.2\n   Compiling rand_core v0.6.4\n   Compiling itertools v0.10.5\n   Compiling same-file v1.0.6\n   Compiling buddy_system_allocator v0.10.0\n   Compiling const-default v1.0.0\n   Compiling bit_field v0.10.2\n   Compiling cast v0.3.0\n   Compiling criterion-plot v0.5.0\n   Compiling bitmap-allocator v0.2.0\n   Compiling rlsf v0.2.1\n   Compiling plotters v0.3.7\n   Compiling slab_allocator v0.3.1 (https://github.com/arceos-org/slab_allocator.git?tag=v0.3.1#3c13499d)\n   Compiling walkdir v2.5.0\n   Compiling clap v4.5.35\n   Compiling regex v1.11.1\n   Compiling rayon v1.10.0\n   Compiling rand_chacha v0.3.1\n   Compiling is-terminal v0.4.16\n   Compiling oorandom v11.1.5\n   Compiling anes v0.1.6\n   Compiling once_cell v1.21.3\n   Compiling rand v0.8.5\n   Compiling allocator v0.1.1 (/home/runner/check/batch_2/arceos-org/arceos-crates/crates/allocator)\n   Compiling ciborium v0.2.2\n   Compiling tinytemplate v1.2.1\n   Compiling criterion v0.5.1\nerror: could not compile `allocator` (test \"allocator\") due to 1 previous error\n"
            ]
          }
        },
        {
          "file": "(virtual) semver-checks",
          "features": "",
          "count": 1,
          "kinds": {
            "Cargo": [
              "// pkg_name=allocator, checker=SemverChecks\n// toolchain=nightly-2025-01-26-x86_64-unknown-linux-gnu, target=x86_64-unknown-linux-gnu\n// features=\n// pkg_dir=/home/runner/check/batch_2/arceos-org/arceos-crates/crates/allocator\n// cmd=cargo +nightly-2025-01-26-x86_64-unknown-linux-gnu semver-checks --target x86_64-unknown-linux-gnu \n// timestamp=2025-04-03 4:32:33.647957841 +08:00:00\n    Building allocator v0.1.1 (current)\n       Built [   2.755s] (current)\n     Parsing allocator v0.1.1 (current)\n      Parsed [   0.002s] (current)\n    Building allocator v0.0.2 (baseline)\nerror: running cargo-doc on crate 'allocator' failed with output:\n-----\n    Checking checked_cast v0.0.3\n Documenting allocator v0.0.2\nerror: expected one of `!`, `(`, `+`, `::`, `;`, `<`, or `]`, found `,`\n  --> /home/runner/.cargo/registry/src/index.crates.io-1949cf8c6b5b557f/allocator-0.0.2/src/allocator.rs:53:19\n   |\n53 | static SIZES: [u64, ..58] = [\n   |                   ^ expected one of 7 possible tokens\n\nerror[E0259]: the name `core` is defined multiple times\n --> /home/runner/.cargo/registry/src/index.crates.io-1949cf8c6b5b557f/allocator-0.0.2/src/lib.rs:9:1\n  |\n9 | extern crate core;\n  | ^^^^^^^^^^^^^^^^^^ `core` reimported here\n  |\n  = note: `core` must be defined only once in the type namespace of this module\nhelp: you can use `as` to change the binding name of the import\n  |\n9 | extern crate core as other_core;\n  |\n\nerror[E0432]: unresolved import `core::num::Int`\n --> /home/runner/.cargo/registry/src/index.crates.io-1949cf8c6b5b557f/allocator-0.0.2/src/noop.rs:7:5\n  |\n7 | use core::num::Int;\n  |     ^^^^^^^^^^^^^^ no `Int` in `num`\n\nerror[E0432]: unresolved import `core::num::Int`\n --> /home/runner/.cargo/registry/src/index.crates.io-1949cf8c6b5b557f/allocator-0.0.2/src/malloc.rs:8:5\n  |\n8 | use core::num::Int;\n  |     ^^^^^^^^^^^^^^ no `Int` in `num`\n\nerror[E0432]: unresolved import `core::kinds`\n  --> /home/runner/.cargo/registry/src/index.crates.io-1949cf8c6b5b557f/allocator-0.0.2/src/arena.rs:13:11\n   |\n13 | use core::kinds::marker;\n   |           ^^^^^ could not find `kinds` in `core`\n\nerror[E0432]: unresolved import `core::num::Int`\n  --> /home/runner/.cargo/registry/src/index.crates.io-1949cf8c6b5b557f/allocator-0.0.2/src/arena.rs:14:5\n   |\n14 | use core::num::Int;\n   |     ^^^^^^^^^^^^^^ no `Int` in `num`\n\nerror[E0432]: unresolved import `core::num::Int`\n --> /home/runner/.cargo/registry/src/index.crates.io-1949cf8c6b5b557f/allocator-0.0.2/src/rustalloc.rs:5:5\n  |\n5 | use core::num::Int;\n  |     ^^^^^^^^^^^^^^ no `Int` in `num`\n\nerror[E0432]: unresolved import `alloc::heap`\n --> /home/runner/.cargo/registry/src/index.crates.io-1949cf8c6b5b557f/allocator-0.0.2/src/rustalloc.rs:7:5\n  |\n7 | use alloc::heap;\n  |     ^^^^^^^^^^^ no `heap` in the root\n\nerror: cannot find attribute `phase` in this scope\n  --> /home/runner/.cargo/registry/src/index.crates.io-1949cf8c6b5b557f/allocator-0.0.2/src/lib.rs:14:3\n   |\n14 | #[phase(plugin)] extern crate checked_cast;\n   |   ^^^^^\n\nerror: cannot find macro `checked_cast` in this scope\n  --> /home/runner/.cargo/registry/src/index.crates.io-1949cf8c6b5b557f/allocator-0.0.2/src/malloc.rs:21:37\n   |\n21 |         let p: *mut T = malloc(try!(checked_cast!(count, size_t))) as *mut T;\n   |                                     ^^^^^^^^^^^^\n   |\nnote: `checked_cast` is imported here, but it is a crate, not a macro\n  --> /home/runner/.cargo/registry/src/index.crates.io-1949cf8c6b5b557f/allocator-0.0.2/src/lib.rs:14:18\n   |\n14 | #[phase(plugin)] extern crate checked_cast;\n   |                  ^^^^^^^^^^^^^^^^^^^^^^^^^^\nhelp: consider importing this macro\n   |\n4  + use checked_cast::checked_cast;\n   |\n\nerror: cannot find attribute `unsafe_destructor` in this scope\n  --> /home/runner/.cargo/registry/src/index.crates.io-1949cf8c6b5b557f/allocator-0.0.2/src/arena.rs:55:3\n   |\n55 | #[unsafe_destructor]\n   |   ^^^^^^^^^^^^^^^^^\n\nerror: cannot find attribute `unsafe_destructor` in this scope\n   --> /home/runner/.cargo/registry/src/index.crates.io-1949cf8c6b5b557f/allocator-0.0.2/src/arena.rs:153:3\n    |\n153 | #[unsafe_destructor]\n    |   ^^^^^^^^^^^^^^^^^\n\nerror[E0412]: cannot find type `uint` in this scope\n  --> /home/runner/.cargo/registry/src/index.crates.io-1949cf8c6b5b557f/allocator-0.0.2/src/noop.rs:15:43\n   |\n15 |     unsafe fn alloc<T>(&mut self, _count: uint) -> Option<*mut T> { \n   |                                           ^^^^ not found in this scope\n\nerror[E0412]: cannot find type `uint` in this scope\n  --> /home/runner/.cargo/registry/src/index.crates.io-1949cf8c6b5b557f/allocator-0.0.2/src/noop.rs:19:44\n   |\n19 |     unsafe fn calloc<T>(&mut self, _items: uint) -> Option<*mut T> { \n   |                                            ^^^^ not found in this scope\n\nerror[E0412]: cannot find type `uint` in this scope\n  --> /home/runner/.cargo/registry/src/index.crates.io-1949cf8c6b5b557f/allocator-0.0.2/src/noop.rs:23:65\n   |\n23 |     unsafe fn realloc<T>(&mut self, _buf: &mut *mut T, current: uint, items: uint) -> Option<uint> {\n   |                                                                 ^^^^ not found in this scope\n\nerror[E0412]: cannot find type `uint` in this scope\n  --> /home/runner/.cargo/registry/src/index.crates.io-1949cf8c6b5b557f/allocator-0.0.2/src/noop.rs:23:78\n   |\n23 |     unsafe fn realloc<T>(&mut self, _buf: &mut *mut T, current: uint, items: uint) -> Option<uint> {\n   |                                                                              ^^^^ not found in this scope\n\nerror[E0412]: cannot find type `uint` in this scope\n  --> /home/runner/.cargo/registry/src/index.crates.io-1949cf8c6b5b557f/allocator-0.0.2/src/noop.rs:23:94\n   |\n23 |     unsafe fn realloc<T>(&mut self, _buf: &mut *mut T, current: uint, items: uint) -> Option<uint> {\n   |                                                                                              ^^^^ not found in this scope\n   |\nhelp: you might be missing a type parameter\n   |\n14 | impl<uint> Allocator for NoopAlloc {\n   |     ++++++\n\nerror[E0412]: cannot find type `uint` in this scope\n  --> /home/runner/.cargo/registry/src/index.crates.io-1949cf8c6b5b557f/allocator-0.0.2/src/noop.rs:31:64\n   |\n31 |     unsafe fn ensure<T>(&mut self, _buf: &mut *mut T, current: uint, min: uint) -> Option<uint> {\n   |                                                                ^^^^ not found in this scope\n\nerror[E0412]: cannot find type `uint` in this scope\n  --> /home/runner/.cargo/registry/src/index.crates.io-1949cf8c6b5b557f/allocator-0.0.2/src/noop.rs:31:75\n   |\n31 |     unsafe fn ensure<T>(&mut self, _buf: &mut *mut T, current: uint, min: uint) -> Option<uint> {\n   |                                                                           ^^^^ not found in this scope\n\nerror[E0412]: cannot find type `uint` in this scope\n  --> /home/runner/.cargo/registry/src/index.crates.io-1949cf8c6b5b557f/allocator-0.0.2/src/noop.rs:31:91\n   |\n31 |     unsafe fn ensure<T>(&mut self, _buf: &mut *mut T, current: uint, min: uint) -> Option<uint> {\n   |                                                                                           ^^^^ not found in this scope\n   |\nhelp: you might be missing a type parameter\n   |\n14 | impl<uint> Allocator for NoopAlloc {\n   |     ++++++\n\nerror[E0412]: cannot find type `uint` in this scope\n  --> /home/runner/.cargo/registry/src/index.crates.io-1949cf8c6b5b557f/allocator-0.0.2/src/noop.rs:39:56\n   |\n39 |     unsafe fn free<T>(&mut self, _buf: *mut T, _count: uint) {}\n   |                                                        ^^^^ not found in this scope\n\nerror[E0412]: cannot find type `uint` in this scope\n  --> /home/runner/.cargo/registry/src/index.crates.io-1949cf8c6b5b557f/allocator-0.0.2/src/malloc.rs:17:42\n   |\n17 |     unsafe fn alloc<T>(&mut self, count: uint) -> Option<*mut T> { #![inline]\n   |                                          ^^^^ not found in this scope\n\nerror[E0412]: cannot find type `uint` in this scope\n  --> /home/runner/.cargo/registry/src/index.crates.io-1949cf8c6b5b557f/allocator-0.0.2/src/malloc.rs:26:43\n   |\n26 |     unsafe fn calloc<T>(&mut self, count: uint) -> Option<*mut T> { #![inline]\n   |                                           ^^^^ not found in this scope\n\nerror[E0412]: cannot find type `uint` in this scope\n  --> /home/runner/.cargo/registry/src/index.crates.io-1949cf8c6b5b557f/allocator-0.0.2/src/malloc.rs:32:65\n   |\n32 |     unsafe fn realloc<T>(&mut self, buf: &mut *mut T, _current: uint, count: uint) -> Option<uint> { #![inline]\n   |                                                                 ^^^^ not found in this scope\n\nerror[E0412]: cannot find type `uint` in this scope\n  --> /home/runner/.cargo/registry/src/index.crates.io-1949cf8c6b5b557f/allocator-0.0.2/src/malloc.rs:32:78\n   |\n32 |     unsafe fn realloc<T>(&mut self, buf: &mut *mut T, _current: uint, count: uint) -> Option<uint> { #![inline]\n   |                                                                              ^^^^ not found in this scope\n\nerror[E0412]: cannot find type `uint` in this scope\n  --> /home/runner/.cargo/registry/src/index.crates.io-1949cf8c6b5b557f/allocator-0.0.2/src/malloc.rs:32:94\n   |\n32 |     unsafe fn realloc<T>(&mut self, buf: &mut *mut T, _current: uint, count: uint) -> Option<uint> { #![inline]\n   |                                                                                              ^^^^ not found in this scope\n   |\nhelp: you might be missing a type parameter\n   |\n16 | impl<uint> Allocator for Malloc {\n   |     ++++++\n\nerror[E0412]: cannot find type `uint` in this scope\n  --> /home/runner/.cargo/registry/src/index.crates.io-1949cf8c6b5b557f/allocator-0.0.2/src/malloc.rs:42:56\n   |\n42 |     unsafe fn free<T>(&mut self, _buf: *mut T, _count: uint) { #![inline]\n   |                                                        ^^^^ not found in this scope\n\nerror[E0412]: cannot find type `uint` in this scope\n  --> /home/runner/.cargo/registry/src/index.crates.io-1949cf8c6b5b557f/allocator-0.0.2/src/arena.rs:22:17\n   |\n22 |     chunk_size: uint,\n   |                 ^^^^ not found in this scope\n\nerror[E0412]: cannot find type `uint` in this scope\n  --> /home/runner/.cargo/registry/src/index.crates.io-1949cf8c6b5b557f/allocator-0.0.2/src/arena.rs:23:13\n   |\n23 |     chunks: uint,\n   |             ^^^^ not found in this scope\n\nerror[E0412]: cannot find type `uint` in this scope\n  --> /home/runner/.cargo/registry/src/index.crates.io-1949cf8c6b5b557f/allocator-0.0.2/src/arena.rs:24:17\n   |\n24 |     first_free: uint,\n   |                 ^^^^ not found in this scope\n\nerror[E0412]: cannot find type `uint` in this scope\n  --> /home/runner/.cargo/registry/src/index.crates.io-1949cf8c6b5b557f/allocator-0.0.2/src/arena.rs:31:28\n   |\n31 |     pub fn new(chunk_size: uint) -> Arena { Arena {\n   |                            ^^^^ not found in this scope\n\nerror[E0412]: cannot find type `uint` in this scope\n  --> /home/runner/.cargo/registry/src/index.crates.io-1949cf8c6b5b557f/allocator-0.0.2/src/arena.rs:45:42\n   |\n45 |     fn add_custom_chunk(&mut self, size: uint, align: uint) -> Option<&mut Chunk> { unsafe {\n   |                                          ^^^^ not found in this scope\n\nerror[E0412]: cannot find type `uint` in this scope\n  --> /home/runner/.cargo/registry/src/index.crates.io-1949cf8c6b5b557f/allocator-0.0.2/src/arena.rs:45:55\n   |\n45 |     fn add_custom_chunk(&mut self, size: uint, align: uint) -> Option<&mut Chunk> { unsafe {\n   |                                                       ^^^^ not found in this scope\n\nerror[E0412]: cannot find type `uint` in this scope\n  --> /home/runner/.cargo/registry/src/index.crates.io-1949cf8c6b5b557f/allocator-0.0.2/src/arena.rs:66:42\n   |\n66 |     unsafe fn alloc<T>(&mut self, count: uint) -> Option<*mut T> {\n   |                                          ^^^^ not found in this scope\n\nerror[E0412]: cannot find type `uint` in this scope\n  --> /home/runner/.cargo/registry/src/index.crates.io-1949cf8c6b5b557f/allocator-0.0.2/src/arena.rs:99:65\n   |\n99 |     unsafe fn realloc<T>(&mut self, _buf: &mut *mut T, current: uint, items: uint) -> Option<uint> {\n   |                                                                 ^^^^ not found in this scope\n\nerror[E0412]: cannot find type `uint` in this scope\n  --> /home/runner/.cargo/registry/src/index.crates.io-1949cf8c6b5b557f/allocator-0.0.2/src/arena.rs:99:78\n   |\n99 |     unsafe fn realloc<T>(&mut self, _buf: &mut *mut T, current: uint, items: uint) -> Option<uint> {\n   |                                                                              ^^^^ not found in this scope\n\nerror[E0412]: cannot find type `uint` in this scope\n  --> /home/runner/.cargo/registry/src/index.crates.io-1949cf8c6b5b557f/allocator-0.0.2/src/arena.rs:99:94\n   |\n99 |     unsafe fn realloc<T>(&mut self, _buf: &mut *mut T, current: uint, items: uint) -> Option<uint> {\n   |                                                                                              ^^^^ not found in this scope\n   |\nhelp: you might be missing a type parameter\n   |\n65 | impl<uint> Allocator for Arena {\n   |     ++++++\n\nerror[E0412]: cannot find type `uint` in this scope\n   --> /home/runner/.cargo/registry/src/index.crates.io-1949cf8c6b5b557f/allocator-0.0.2/src/arena.rs:107:64\n    |\n107 |     unsafe fn ensure<T>(&mut self, _buf: &mut *mut T, current: uint, min: uint) -> Option<uint> {\n    |                                                                ^^^^ not found in this scope\n\nerror[E0412]: cannot find type `uint` in this scope\n   --> /home/runner/.cargo/registry/src/index.crates.io-1949cf8c6b5b557f/allocator-0.0.2/src/arena.rs:107:75\n    |\n107 |     unsafe fn ensure<T>(&mut self, _buf: &mut *mut T, current: uint, min: uint) -> Option<uint> {\n    |                                                                           ^^^^ not found in this scope\n\nerror[E0412]: cannot find type `uint` in this scope\n   --> /home/runner/.cargo/registry/src/index.crates.io-1949cf8c6b5b557f/allocator-0.0.2/src/arena.rs:107:91\n    |\n107 |     unsafe fn ensure<T>(&mut self, _buf: &mut *mut T, current: uint, min: uint) -> Option<uint> {\n    |                                                                                           ^^^^ not found in this scope\n    |\nhelp: you might be missing a type parameter\n    |\n65  | impl<uint> Allocator for Arena {\n    |     ++++++\n\nerror[E0412]: cannot find type `uint` in this scope\n   --> /home/runner/.cargo/registry/src/index.crates.io-1949cf8c6b5b557f/allocator-0.0.2/src/arena.rs:115:56\n    |\n115 |     unsafe fn free<T>(&mut self, _buf: *mut T, _count: uint) {\n    |                                                        ^^^^ not found in this scope\n\nerror[E0412]: cannot find type `uint` in this scope\n   --> /home/runner/.cargo/registry/src/index.crates.io-1949cf8c6b5b557f/allocator-0.0.2/src/arena.rs:124:10\n    |\n124 |     cap: uint,\n    |          ^^^^ not found in this scope\n\nerror[E0412]: cannot find type `uint` in this scope\n   --> /home/runner/.cargo/registry/src/index.crates.io-1949cf8c6b5b557f/allocator-0.0.2/src/arena.rs:125:10\n    |\n125 |     end: uint,\n    |          ^^^^ not found in this scope\n\nerror[E0412]: cannot find type `uint` in this scope\n   --> /home/runner/.cargo/registry/src/index.crates.io-1949cf8c6b5b557f/allocator-0.0.2/src/arena.rs:132:34\n    |\n132 |     fn fill(c: *mut Chunk, size: uint) -> Option<()> { #![inline] unsafe {\n    |                                  ^^^^ not found in this scope\n\nerror[E0412]: cannot find type `uint` in this scope\n   --> /home/runner/.cargo/registry/src/index.crates.io-1949cf8c6b5b557f/allocator-0.0.2/src/arena.rs:140:31\n    |\n140 |     fn alloc(&mut self, size: uint, align: uint) -> Option<*mut u8> { #![inline] unsafe {\n    |                               ^^^^ not found in this scope\n\nerror[E0412]: cannot find type `uint` in this scope\n   --> /home/runner/.cargo/registry/src/index.crates.io-1949cf8c6b5b557f/allocator-0.0.2/src/arena.rs:140:44\n    |\n140 |     fn alloc(&mut self, size: uint, align: uint) -> Option<*mut u8> { #![inline] unsafe {\n    |                                            ^^^^ not found in this scope\n\nerror[E0412]: cannot find type `uint` in this scope\n  --> /home/runner/.cargo/registry/src/index.crates.io-1949cf8c6b5b557f/allocator-0.0.2/src/rustalloc.rs:14:42\n   |\n14 |     unsafe fn alloc<T>(&mut self, items: uint) -> Option<*mut T> { #![inline]\n   |                                          ^^^^ not found in this scope\n\nerror[E0412]: cannot find type `uint` in this scope\n  --> /home/runner/.cargo/registry/src/index.crates.io-1949cf8c6b5b557f/allocator-0.0.2/src/rustalloc.rs:23:64\n   |\n23 |     unsafe fn realloc<T>(&mut self, buf: &mut *mut T, current: uint, exact: uint) -> Option<uint> { #![inline]\n   |                                                                ^^^^ not found in this scope\n\nerror[E0412]: cannot find type `uint` in this scope\n  --> /home/runner/.cargo/registry/src/index.crates.io-1949cf8c6b5b557f/allocator-0.0.2/src/rustalloc.rs:23:77\n   |\n23 |     unsafe fn realloc<T>(&mut self, buf: &mut *mut T, current: uint, exact: uint) -> Option<uint> { #![inline]\n   |                                                                             ^^^^ not found in this scope\n\nerror[E0412]: cannot find type `uint` in this scope\n  --> /home/runner/.cargo/registry/src/index.crates.io-1949cf8c6b5b557f/allocator-0.0.2/src/rustalloc.rs:23:93\n   |\n23 |     unsafe fn realloc<T>(&mut self, buf: &mut *mut T, current: uint, exact: uint) -> Option<uint> { #![inline]\n   |                                                                                             ^^^^ not found in this scope\n   |\nhelp: you might be missing a type parameter\n   |\n13 | impl<uint> Allocator for RustAlloc {\n   |     ++++++\n\nerror[E0412]: cannot find type `uint` in this scope\n  --> /home/runner/.cargo/registry/src/index.crates.io-1949cf8c6b5b557f/allocator-0.0.2/src/rustalloc.rs:35:54\n   |\n35 |     unsafe fn free<T>(&mut self, buf: *mut T, items: uint) { #![inline]\n   |                                                      ^^^^ not found in this scope\n\nerror[E0184]: the trait `Copy` cannot be implemented for this type; the type has a destructor\n   --> /home/runner/.cargo/registry/src/index.crates.io-1949cf8c6b5b557f/allocator-0.0.2/src/arena.rs:129:15\n    |\n129 | impl Copy for Chunk {}\n    |               ^^^^^ `Copy` not allowed on types with destructors\n\nSome errors have detailed explanations: E0184, E0259, E0412, E0432.\nFor more information about an error, try `rustc --explain E0184`.\nerror: could not document `allocator`\n\n-----\n\nerror: failed to build rustdoc for crate allocator v0.0.2\nnote: this is usually due to a compilation error in the crate,\n      and is unlikely to be a bug in cargo-semver-checks\nnote: the following command can be used to reproduce the compilation error:\n      cargo new --lib example &&\n          cd example &&\n          echo '[workspace]' >> Cargo.toml &&\n          cargo add allocator@=0.0.2 --features default,libc,std &&\n          cargo check\n\nerror: aborting due to failure to build rustdoc for crate allocator v0.0.2\n"
            ]
          }
        },
        {
          "file": "[outdated direct dependencies]",
          "features": "",
          "count": 1,
          "kinds": {
            "Outdated": [
              "pkg=allocator, checker=Outdated\ntoolchain=nightly-2025-01-26-x86_64-unknown-linux-gnu, target=x86_64-unknown-linux-gnu\nfeatures=\npkg_dir=/home/runner/check/batch_2/arceos-org/arceos-crates/crates/allocator\ncmd=cargo +nightly-2025-01-26-x86_64-unknown-linux-gnu outdated -R --exit-code=2\ntimestamp=2025-04-03 4:38:03.295951895 +08:00:00\n\nName                    Project  Compat  Latest  Kind         Platform\n----                    -------  ------  ------  ----         --------\nbuddy_system_allocator  0.10.0   ---     0.11.0  Normal       ---\nrand                    0.8.5    ---     0.9.0   Development  ---\n"
            ]
          }
        },
        {
          "file": "[semver checks]",
          "features": "",
          "count": 1,
          "kinds": {
            "Semver Violation": [
              "pkg=allocator, checker=SemverChecks\ntoolchain=nightly-2025-01-26-x86_64-unknown-linux-gnu, target=x86_64-unknown-linux-gnu\nfeatures=\npkg_dir=/home/runner/check/batch_2/arceos-org/arceos-crates/crates/allocator\ncmd=cargo +nightly-2025-01-26-x86_64-unknown-linux-gnu semver-checks --target x86_64-unknown-linux-gnu \ntimestamp=2025-04-03 4:32:37.981742091 +08:00:00\n\n\nstdout:\n\nstderr:\n    Building allocator v0.1.1 (current)\n       Built [   2.755s] (current)\n     Parsing allocator v0.1.1 (current)\n      Parsed [   0.002s] (current)\n    Building allocator v0.0.2 (baseline)\nerror: running cargo-doc on crate 'allocator' failed with output:\n-----\n    Checking checked_cast v0.0.3\n Documenting allocator v0.0.2\nerror: expected one of `!`, `(`, `+`, `::`, `;`, `<`, or `]`, found `,`\n  --> /home/runner/.cargo/registry/src/index.crates.io-1949cf8c6b5b557f/allocator-0.0.2/src/allocator.rs:53:19\n   |\n53 | static SIZES: [u64, ..58] = [\n   |                   ^ expected one of 7 possible tokens\n\nerror[E0259]: the name `core` is defined multiple times\n --> /home/runner/.cargo/registry/src/index.crates.io-1949cf8c6b5b557f/allocator-0.0.2/src/lib.rs:9:1\n  |\n9 | extern crate core;\n  | ^^^^^^^^^^^^^^^^^^ `core` reimported here\n  |\n  = note: `core` must be defined only once in the type namespace of this module\nhelp: you can use `as` to change the binding name of the import\n  |\n9 | extern crate core as other_core;\n  |\n\nerror[E0432]: unresolved import `core::num::Int`\n --> /home/runner/.cargo/registry/src/index.crates.io-1949cf8c6b5b557f/allocator-0.0.2/src/noop.rs:7:5\n  |\n7 | use core::num::Int;\n  |     ^^^^^^^^^^^^^^ no `Int` in `num`\n\nerror[E0432]: unresolved import `core::num::Int`\n --> /home/runner/.cargo/registry/src/index.crates.io-1949cf8c6b5b557f/allocator-0.0.2/src/malloc.rs:8:5\n  |\n8 | use core::num::Int;\n  |     ^^^^^^^^^^^^^^ no `Int` in `num`\n\nerror[E0432]: unresolved import `core::kinds`\n  --> /home/runner/.cargo/registry/src/index.crates.io-1949cf8c6b5b557f/allocator-0.0.2/src/arena.rs:13:11\n   |\n13 | use core::kinds::marker;\n   |           ^^^^^ could not find `kinds` in `core`\n\nerror[E0432]: unresolved import `core::num::Int`\n  --> /home/runner/.cargo/registry/src/index.crates.io-1949cf8c6b5b557f/allocator-0.0.2/src/arena.rs:14:5\n   |\n14 | use core::num::Int;\n   |     ^^^^^^^^^^^^^^ no `Int` in `num`\n\nerror[E0432]: unresolved import `core::num::Int`\n --> /home/runner/.cargo/registry/src/index.crates.io-1949cf8c6b5b557f/allocator-0.0.2/src/rustalloc.rs:5:5\n  |\n5 | use core::num::Int;\n  |     ^^^^^^^^^^^^^^ no `Int` in `num`\n\nerror[E0432]: unresolved import `alloc::heap`\n --> /home/runner/.cargo/registry/src/index.crates.io-1949cf8c6b5b557f/allocator-0.0.2/src/rustalloc.rs:7:5\n  |\n7 | use alloc::heap;\n  |     ^^^^^^^^^^^ no `heap` in the root\n\nerror: cannot find attribute `phase` in this scope\n  --> /home/runner/.cargo/registry/src/index.crates.io-1949cf8c6b5b557f/allocator-0.0.2/src/lib.rs:14:3\n   |\n14 | #[phase(plugin)] extern crate checked_cast;\n   |   ^^^^^\n\nerror: cannot find macro `checked_cast` in this scope\n  --> /home/runner/.cargo/registry/src/index.crates.io-1949cf8c6b5b557f/allocator-0.0.2/src/malloc.rs:21:37\n   |\n21 |         let p: *mut T = malloc(try!(checked_cast!(count, size_t))) as *mut T;\n   |                                     ^^^^^^^^^^^^\n   |\nnote: `checked_cast` is imported here, but it is a crate, not a macro\n  --> /home/runner/.cargo/registry/src/index.crates.io-1949cf8c6b5b557f/allocator-0.0.2/src/lib.rs:14:18\n   |\n14 | #[phase(plugin)] extern crate checked_cast;\n   |                  ^^^^^^^^^^^^^^^^^^^^^^^^^^\nhelp: consider importing this macro\n   |\n4  + use checked_cast::checked_cast;\n   |\n\nerror: cannot find attribute `unsafe_destructor` in this scope\n  --> /home/runner/.cargo/registry/src/index.crates.io-1949cf8c6b5b557f/allocator-0.0.2/src/arena.rs:55:3\n   |\n55 | #[unsafe_destructor]\n   |   ^^^^^^^^^^^^^^^^^\n\nerror: cannot find attribute `unsafe_destructor` in this scope\n   --> /home/runner/.cargo/registry/src/index.crates.io-1949cf8c6b5b557f/allocator-0.0.2/src/arena.rs:153:3\n    |\n153 | #[unsafe_destructor]\n    |   ^^^^^^^^^^^^^^^^^\n\nerror[E0412]: cannot find type `uint` in this scope\n  --> /home/runner/.cargo/registry/src/index.crates.io-1949cf8c6b5b557f/allocator-0.0.2/src/noop.rs:15:43\n   |\n15 |     unsafe fn alloc<T>(&mut self, _count: uint) -> Option<*mut T> { \n   |                                           ^^^^ not found in this scope\n\nerror[E0412]: cannot find type `uint` in this scope\n  --> /home/runner/.cargo/registry/src/index.crates.io-1949cf8c6b5b557f/allocator-0.0.2/src/noop.rs:19:44\n   |\n19 |     unsafe fn calloc<T>(&mut self, _items: uint) -> Option<*mut T> { \n   |                                            ^^^^ not found in this scope\n\nerror[E0412]: cannot find type `uint` in this scope\n  --> /home/runner/.cargo/registry/src/index.crates.io-1949cf8c6b5b557f/allocator-0.0.2/src/noop.rs:23:65\n   |\n23 |     unsafe fn realloc<T>(&mut self, _buf: &mut *mut T, current: uint, items: uint) -> Option<uint> {\n   |                                                                 ^^^^ not found in this scope\n\nerror[E0412]: cannot find type `uint` in this scope\n  --> /home/runner/.cargo/registry/src/index.crates.io-1949cf8c6b5b557f/allocator-0.0.2/src/noop.rs:23:78\n   |\n23 |     unsafe fn realloc<T>(&mut self, _buf: &mut *mut T, current: uint, items: uint) -> Option<uint> {\n   |                                                                              ^^^^ not found in this scope\n\nerror[E0412]: cannot find type `uint` in this scope\n  --> /home/runner/.cargo/registry/src/index.crates.io-1949cf8c6b5b557f/allocator-0.0.2/src/noop.rs:23:94\n   |\n23 |     unsafe fn realloc<T>(&mut self, _buf: &mut *mut T, current: uint, items: uint) -> Option<uint> {\n   |                                                                                              ^^^^ not found in this scope\n   |\nhelp: you might be missing a type parameter\n   |\n14 | impl<uint> Allocator for NoopAlloc {\n   |     ++++++\n\nerror[E0412]: cannot find type `uint` in this scope\n  --> /home/runner/.cargo/registry/src/index.crates.io-1949cf8c6b5b557f/allocator-0.0.2/src/noop.rs:31:64\n   |\n31 |     unsafe fn ensure<T>(&mut self, _buf: &mut *mut T, current: uint, min: uint) -> Option<uint> {\n   |                                                                ^^^^ not found in this scope\n\nerror[E0412]: cannot find type `uint` in this scope\n  --> /home/runner/.cargo/registry/src/index.crates.io-1949cf8c6b5b557f/allocator-0.0.2/src/noop.rs:31:75\n   |\n31 |     unsafe fn ensure<T>(&mut self, _buf: &mut *mut T, current: uint, min: uint) -> Option<uint> {\n   |                                                                           ^^^^ not found in this scope\n\nerror[E0412]: cannot find type `uint` in this scope\n  --> /home/runner/.cargo/registry/src/index.crates.io-1949cf8c6b5b557f/allocator-0.0.2/src/noop.rs:31:91\n   |\n31 |     unsafe fn ensure<T>(&mut self, _buf: &mut *mut T, current: uint, min: uint) -> Option<uint> {\n   |                                                                                           ^^^^ not found in this scope\n   |\nhelp: you might be missing a type parameter\n   |\n14 | impl<uint> Allocator for NoopAlloc {\n   |     ++++++\n\nerror[E0412]: cannot find type `uint` in this scope\n  --> /home/runner/.cargo/registry/src/index.crates.io-1949cf8c6b5b557f/allocator-0.0.2/src/noop.rs:39:56\n   |\n39 |     unsafe fn free<T>(&mut self, _buf: *mut T, _count: uint) {}\n   |                                                        ^^^^ not found in this scope\n\nerror[E0412]: cannot find type `uint` in this scope\n  --> /home/runner/.cargo/registry/src/index.crates.io-1949cf8c6b5b557f/allocator-0.0.2/src/malloc.rs:17:42\n   |\n17 |     unsafe fn alloc<T>(&mut self, count: uint) -> Option<*mut T> { #![inline]\n   |                                          ^^^^ not found in this scope\n\nerror[E0412]: cannot find type `uint` in this scope\n  --> /home/runner/.cargo/registry/src/index.crates.io-1949cf8c6b5b557f/allocator-0.0.2/src/malloc.rs:26:43\n   |\n26 |     unsafe fn calloc<T>(&mut self, count: uint) -> Option<*mut T> { #![inline]\n   |                                           ^^^^ not found in this scope\n\nerror[E0412]: cannot find type `uint` in this scope\n  --> /home/runner/.cargo/registry/src/index.crates.io-1949cf8c6b5b557f/allocator-0.0.2/src/malloc.rs:32:65\n   |\n32 |     unsafe fn realloc<T>(&mut self, buf: &mut *mut T, _current: uint, count: uint) -> Option<uint> { #![inline]\n   |                                                                 ^^^^ not found in this scope\n\nerror[E0412]: cannot find type `uint` in this scope\n  --> /home/runner/.cargo/registry/src/index.crates.io-1949cf8c6b5b557f/allocator-0.0.2/src/malloc.rs:32:78\n   |\n32 |     unsafe fn realloc<T>(&mut self, buf: &mut *mut T, _current: uint, count: uint) -> Option<uint> { #![inline]\n   |                                                                              ^^^^ not found in this scope\n\nerror[E0412]: cannot find type `uint` in this scope\n  --> /home/runner/.cargo/registry/src/index.crates.io-1949cf8c6b5b557f/allocator-0.0.2/src/malloc.rs:32:94\n   |\n32 |     unsafe fn realloc<T>(&mut self, buf: &mut *mut T, _current: uint, count: uint) -> Option<uint> { #![inline]\n   |                                                                                              ^^^^ not found in this scope\n   |\nhelp: you might be missing a type parameter\n   |\n16 | impl<uint> Allocator for Malloc {\n   |     ++++++\n\nerror[E0412]: cannot find type `uint` in this scope\n  --> /home/runner/.cargo/registry/src/index.crates.io-1949cf8c6b5b557f/allocator-0.0.2/src/malloc.rs:42:56\n   |\n42 |     unsafe fn free<T>(&mut self, _buf: *mut T, _count: uint) { #![inline]\n   |                                                        ^^^^ not found in this scope\n\nerror[E0412]: cannot find type `uint` in this scope\n  --> /home/runner/.cargo/registry/src/index.crates.io-1949cf8c6b5b557f/allocator-0.0.2/src/arena.rs:22:17\n   |\n22 |     chunk_size: uint,\n   |                 ^^^^ not found in this scope\n\nerror[E0412]: cannot find type `uint` in this scope\n  --> /home/runner/.cargo/registry/src/index.crates.io-1949cf8c6b5b557f/allocator-0.0.2/src/arena.rs:23:13\n   |\n23 |     chunks: uint,\n   |             ^^^^ not found in this scope\n\nerror[E0412]: cannot find type `uint` in this scope\n  --> /home/runner/.cargo/registry/src/index.crates.io-1949cf8c6b5b557f/allocator-0.0.2/src/arena.rs:24:17\n   |\n24 |     first_free: uint,\n   |                 ^^^^ not found in this scope\n\nerror[E0412]: cannot find type `uint` in this scope\n  --> /home/runner/.cargo/registry/src/index.crates.io-1949cf8c6b5b557f/allocator-0.0.2/src/arena.rs:31:28\n   |\n31 |     pub fn new(chunk_size: uint) -> Arena { Arena {\n   |                            ^^^^ not found in this scope\n\nerror[E0412]: cannot find type `uint` in this scope\n  --> /home/runner/.cargo/registry/src/index.crates.io-1949cf8c6b5b557f/allocator-0.0.2/src/arena.rs:45:42\n   |\n45 |     fn add_custom_chunk(&mut self, size: uint, align: uint) -> Option<&mut Chunk> { unsafe {\n   |                                          ^^^^ not found in this scope\n\nerror[E0412]: cannot find type `uint` in this scope\n  --> /home/runner/.cargo/registry/src/index.crates.io-1949cf8c6b5b557f/allocator-0.0.2/src/arena.rs:45:55\n   |\n45 |     fn add_custom_chunk(&mut self, size: uint, align: uint) -> Option<&mut Chunk> { unsafe {\n   |                                                       ^^^^ not found in this scope\n\nerror[E0412]: cannot find type `uint` in this scope\n  --> /home/runner/.cargo/registry/src/index.crates.io-1949cf8c6b5b557f/allocator-0.0.2/src/arena.rs:66:42\n   |\n66 |     unsafe fn alloc<T>(&mut self, count: uint) -> Option<*mut T> {\n   |                                          ^^^^ not found in this scope\n\nerror[E0412]: cannot find type `uint` in this scope\n  --> /home/runner/.cargo/registry/src/index.crates.io-1949cf8c6b5b557f/allocator-0.0.2/src/arena.rs:99:65\n   |\n99 |     unsafe fn realloc<T>(&mut self, _buf: &mut *mut T, current: uint, items: uint) -> Option<uint> {\n   |                                                                 ^^^^ not found in this scope\n\nerror[E0412]: cannot find type `uint` in this scope\n  --> /home/runner/.cargo/registry/src/index.crates.io-1949cf8c6b5b557f/allocator-0.0.2/src/arena.rs:99:78\n   |\n99 |     unsafe fn realloc<T>(&mut self, _buf: &mut *mut T, current: uint, items: uint) -> Option<uint> {\n   |                                                                              ^^^^ not found in this scope\n\nerror[E0412]: cannot find type `uint` in this scope\n  --> /home/runner/.cargo/registry/src/index.crates.io-1949cf8c6b5b557f/allocator-0.0.2/src/arena.rs:99:94\n   |\n99 |     unsafe fn realloc<T>(&mut self, _buf: &mut *mut T, current: uint, items: uint) -> Option<uint> {\n   |                                                                                              ^^^^ not found in this scope\n   |\nhelp: you might be missing a type parameter\n   |\n65 | impl<uint> Allocator for Arena {\n   |     ++++++\n\nerror[E0412]: cannot find type `uint` in this scope\n   --> /home/runner/.cargo/registry/src/index.crates.io-1949cf8c6b5b557f/allocator-0.0.2/src/arena.rs:107:64\n    |\n107 |     unsafe fn ensure<T>(&mut self, _buf: &mut *mut T, current: uint, min: uint) -> Option<uint> {\n    |                                                                ^^^^ not found in this scope\n\nerror[E0412]: cannot find type `uint` in this scope\n   --> /home/runner/.cargo/registry/src/index.crates.io-1949cf8c6b5b557f/allocator-0.0.2/src/arena.rs:107:75\n    |\n107 |     unsafe fn ensure<T>(&mut self, _buf: &mut *mut T, current: uint, min: uint) -> Option<uint> {\n    |                                                                           ^^^^ not found in this scope\n\nerror[E0412]: cannot find type `uint` in this scope\n   --> /home/runner/.cargo/registry/src/index.crates.io-1949cf8c6b5b557f/allocator-0.0.2/src/arena.rs:107:91\n    |\n107 |     unsafe fn ensure<T>(&mut self, _buf: &mut *mut T, current: uint, min: uint) -> Option<uint> {\n    |                                                                                           ^^^^ not found in this scope\n    |\nhelp: you might be missing a type parameter\n    |\n65  | impl<uint> Allocator for Arena {\n    |     ++++++\n\nerror[E0412]: cannot find type `uint` in this scope\n   --> /home/runner/.cargo/registry/src/index.crates.io-1949cf8c6b5b557f/allocator-0.0.2/src/arena.rs:115:56\n    |\n115 |     unsafe fn free<T>(&mut self, _buf: *mut T, _count: uint) {\n    |                                                        ^^^^ not found in this scope\n\nerror[E0412]: cannot find type `uint` in this scope\n   --> /home/runner/.cargo/registry/src/index.crates.io-1949cf8c6b5b557f/allocator-0.0.2/src/arena.rs:124:10\n    |\n124 |     cap: uint,\n    |          ^^^^ not found in this scope\n\nerror[E0412]: cannot find type `uint` in this scope\n   --> /home/runner/.cargo/registry/src/index.crates.io-1949cf8c6b5b557f/allocator-0.0.2/src/arena.rs:125:10\n    |\n125 |     end: uint,\n    |          ^^^^ not found in this scope\n\nerror[E0412]: cannot find type `uint` in this scope\n   --> /home/runner/.cargo/registry/src/index.crates.io-1949cf8c6b5b557f/allocator-0.0.2/src/arena.rs:132:34\n    |\n132 |     fn fill(c: *mut Chunk, size: uint) -> Option<()> { #![inline] unsafe {\n    |                                  ^^^^ not found in this scope\n\nerror[E0412]: cannot find type `uint` in this scope\n   --> /home/runner/.cargo/registry/src/index.crates.io-1949cf8c6b5b557f/allocator-0.0.2/src/arena.rs:140:31\n    |\n140 |     fn alloc(&mut self, size: uint, align: uint) -> Option<*mut u8> { #![inline] unsafe {\n    |                               ^^^^ not found in this scope\n\nerror[E0412]: cannot find type `uint` in this scope\n   --> /home/runner/.cargo/registry/src/index.crates.io-1949cf8c6b5b557f/allocator-0.0.2/src/arena.rs:140:44\n    |\n140 |     fn alloc(&mut self, size: uint, align: uint) -> Option<*mut u8> { #![inline] unsafe {\n    |                                            ^^^^ not found in this scope\n\nerror[E0412]: cannot find type `uint` in this scope\n  --> /home/runner/.cargo/registry/src/index.crates.io-1949cf8c6b5b557f/allocator-0.0.2/src/rustalloc.rs:14:42\n   |\n14 |     unsafe fn alloc<T>(&mut self, items: uint) -> Option<*mut T> { #![inline]\n   |                                          ^^^^ not found in this scope\n\nerror[E0412]: cannot find type `uint` in this scope\n  --> /home/runner/.cargo/registry/src/index.crates.io-1949cf8c6b5b557f/allocator-0.0.2/src/rustalloc.rs:23:64\n   |\n23 |     unsafe fn realloc<T>(&mut self, buf: &mut *mut T, current: uint, exact: uint) -> Option<uint> { #![inline]\n   |                                                                ^^^^ not found in this scope\n\nerror[E0412]: cannot find type `uint` in this scope\n  --> /home/runner/.cargo/registry/src/index.crates.io-1949cf8c6b5b557f/allocator-0.0.2/src/rustalloc.rs:23:77\n   |\n23 |     unsafe fn realloc<T>(&mut self, buf: &mut *mut T, current: uint, exact: uint) -> Option<uint> { #![inline]\n   |                                                                             ^^^^ not found in this scope\n\nerror[E0412]: cannot find type `uint` in this scope\n  --> /home/runner/.cargo/registry/src/index.crates.io-1949cf8c6b5b557f/allocator-0.0.2/src/rustalloc.rs:23:93\n   |\n23 |     unsafe fn realloc<T>(&mut self, buf: &mut *mut T, current: uint, exact: uint) -> Option<uint> { #![inline]\n   |                                                                                             ^^^^ not found in this scope\n   |\nhelp: you might be missing a type parameter\n   |\n13 | impl<uint> Allocator for RustAlloc {\n   |     ++++++\n\nerror[E0412]: cannot find type `uint` in this scope\n  --> /home/runner/.cargo/registry/src/index.crates.io-1949cf8c6b5b557f/allocator-0.0.2/src/rustalloc.rs:35:54\n   |\n35 |     unsafe fn free<T>(&mut self, buf: *mut T, items: uint) { #![inline]\n   |                                                      ^^^^ not found in this scope\n\nerror[E0184]: the trait `Copy` cannot be implemented for this type; the type has a destructor\n   --> /home/runner/.cargo/registry/src/index.crates.io-1949cf8c6b5b557f/allocator-0.0.2/src/arena.rs:129:15\n    |\n129 | impl Copy for Chunk {}\n    |               ^^^^^ `Copy` not allowed on types with destructors\n\nSome errors have detailed explanations: E0184, E0259, E0412, E0432.\nFor more information about an error, try `rustc --explain E0184`.\nerror: could not document `allocator`\n\n-----\n\nerror: failed to build rustdoc for crate allocator v0.0.2\nnote: this is usually due to a compilation error in the crate,\n      and is unlikely to be a bug in cargo-semver-checks\nnote: the following command can be used to reproduce the compilation error:\n      cargo new --lib example &&\n          cd example &&\n          echo '[workspace]' >> Cargo.toml &&\n          cargo add allocator@=0.0.2 --features default,libc,std &&\n          cargo check\n\nerror: aborting due to failure to build rustdoc for crate allocator v0.0.2\n"
            ]
          }
        },
        {
          "file": "tests/allocator.rs",
          "features": "",
          "count": 1,
          "kinds": {
            "Mirai": [
              "error: extern location for allocator does not exist: /home/runner/check/batch_2/arceos-org/arceos-crates/crates/allocator/target/x86_64-unknown-linux-gnu/debug/deps/liballocator-4fa8c52bc05d9dae.rlib\n --> tests/allocator.rs:8:5\n  |\n8 | use allocator::{AllocatorRc, BuddyByteAllocator, SlabByteAllocator, TlsfByteAllocator};\n  |     ^^^^^^^^^\n\n"
            ]
          }
        }
      ]
    },
    {
      "user": "arceos-org",
      "repo": "arceos-crates",
      "pkg": "arm_gicv2",
      "count": 7,
      "raw_reports": [
        {
          "file": "src/lib.rs",
          "features": "",
          "count": 4,
          "kinds": {
            "Clippy(Warn)": [
              "warning: the feature `const_nonnull_new` has been stable since 1.85.0 and no longer requires an attribute to enable\n --> src/lib.rs:3:12\n  |\n3 | #![feature(const_nonnull_new)]\n  |            ^^^^^^^^^^^^^^^^^\n  |\n  = note: `#[warn(stable_features)]` on by default\n\n",
              "warning: the feature `const_option` has been stable since 1.83.0 and no longer requires an attribute to enable\n --> src/lib.rs:2:12\n  |\n2 | #![feature(const_option)]\n  |            ^^^^^^^^^^^^\n\n"
            ],
            "Mirai": [
              "warning: the feature `const_nonnull_new` has been stable since 1.85.0 and no longer requires an attribute to enable\n --> src/lib.rs:3:12\n  |\n3 | #![feature(const_nonnull_new)]\n  |            ^^^^^^^^^^^^^^^^^\n  |\n  = note: `#[warn(stable_features)]` on by default\n\n",
              "warning: the feature `const_option` has been stable since 1.83.0 and no longer requires an attribute to enable\n --> src/lib.rs:2:12\n  |\n2 | #![feature(const_option)]\n  |            ^^^^^^^^^^^^\n\n"
            ]
          }
        },
        {
          "file": "src/gic_v2.rs",
          "features": "",
          "count": 2,
          "kinds": {
            "Mirai": [
              "warning: [MIRAI] possible index out of bounds\n   --> src/gic_v2.rs:193:13\n    |\n193 |             self.regs().ICENABLER[i / 32].set(u32::MAX);\n    |             ^^^^^^^^^^^^^^^^^^^^^^^^^^^^^\n\n",
              "warning: [MIRAI] possible index out of bounds\n   --> src/gic_v2.rs:199:17\n    |\n199 |                 self.regs().ITARGETSR[i / 4].set(0x01_01_01_01);\n    |                 ^^^^^^^^^^^^^^^^^^^^^^^^^^^^\n\n"
            ]
          }
        },
        {
          "file": "[outdated direct dependencies]",
          "features": "",
          "count": 1,
          "kinds": {
            "Outdated": [
              "pkg=arm_gicv2, checker=Outdated\ntoolchain=nightly-2025-01-26-x86_64-unknown-linux-gnu, target=x86_64-unknown-linux-gnu\nfeatures=\npkg_dir=/home/runner/check/batch_2/arceos-org/arceos-crates/crates/arm_gicv2\ncmd=cargo +nightly-2025-01-26-x86_64-unknown-linux-gnu outdated -R --exit-code=2\ntimestamp=2025-04-03 4:38:03.459762095 +08:00:00\n\nName            Project  Compat  Latest  Kind    Platform\n----            -------  ------  ------  ----    --------\ntock-registers  0.8.1    ---     0.9.0   Normal  ---\n"
            ]
          }
        }
      ]
    },
    {
      "user": "arceos-org",
      "repo": "arceos-crates",
      "pkg": "riscv_plic",
      "count": 6,
      "raw_reports": [
        {
          "file": "src/lib.rs",
          "features": "",
          "count": 5,
          "kinds": {
            "Clippy(Warn)": [
              "warning: operator precedence can trip the unwary\n   --> src/lib.rs:188:78\n    |\n188 |         self.regs().InterruptEnableCtxX[context].InterruptSources[group].set(value | 1 << index);\n    |                                                                              ^^^^^^^^^^^^^^^^^^ help: consider parenthesizing your expression: `value | (1 << index)`\n    |\n    = help: for further information visit https://rust-lang.github.io/rust-clippy/master/index.html#precedence\n    = note: `#[warn(clippy::precedence)]` on by default\n\n",
              "warning: the feature `const_nonnull_new` has been stable since 1.85.0 and no longer requires an attribute to enable\n --> src/lib.rs:5:12\n  |\n5 | #![feature(const_nonnull_new)]\n  |            ^^^^^^^^^^^^^^^^^\n  |\n  = note: `#[warn(stable_features)]` on by default\n\n",
              "warning: the feature `const_option` has been stable since 1.83.0 and no longer requires an attribute to enable\n --> src/lib.rs:4:12\n  |\n4 | #![feature(const_option)]\n  |            ^^^^^^^^^^^^\n\n"
            ],
            "Mirai": [
              "warning: the feature `const_nonnull_new` has been stable since 1.85.0 and no longer requires an attribute to enable\n --> src/lib.rs:5:12\n  |\n5 | #![feature(const_nonnull_new)]\n  |            ^^^^^^^^^^^^^^^^^\n  |\n  = note: `#[warn(stable_features)]` on by default\n\n",
              "warning: the feature `const_option` has been stable since 1.83.0 and no longer requires an attribute to enable\n --> src/lib.rs:4:12\n  |\n4 | #![feature(const_option)]\n  |            ^^^^^^^^^^^^\n\n"
            ]
          }
        },
        {
          "file": "[outdated direct dependencies]",
          "features": "",
          "count": 1,
          "kinds": {
            "Outdated": [
              "pkg=riscv_plic, checker=Outdated\ntoolchain=nightly-2025-01-26-x86_64-unknown-linux-gnu, target=x86_64-unknown-linux-gnu\nfeatures=\npkg_dir=/home/runner/check/batch_2/arceos-org/arceos-crates/crates/riscv_plic\ncmd=cargo +nightly-2025-01-26-x86_64-unknown-linux-gnu outdated -R --exit-code=2\ntimestamp=2025-04-03 4:38:11.551022772 +08:00:00\n\nName            Project  Compat  Latest  Kind    Platform\n----            -------  ------  ------  ----    --------\ntock-registers  0.8.1    ---     0.9.0   Normal  ---\n"
            ]
          }
        }
      ]
    },
    {
      "user": "arceos-org",
      "repo": "arceos-crates",
      "pkg": "arm_pl011",
      "count": 5,
      "raw_reports": [
        {
          "file": "src/lib.rs",
          "features": "",
          "count": 4,
          "kinds": {
            "Clippy(Warn)": [
              "warning: the feature `const_nonnull_new` has been stable since 1.85.0 and no longer requires an attribute to enable\n --> src/lib.rs:3:12\n  |\n3 | #![feature(const_nonnull_new)]\n  |            ^^^^^^^^^^^^^^^^^\n  |\n  = note: `#[warn(stable_features)]` on by default\n\n",
              "warning: the feature `const_option` has been stable since 1.83.0 and no longer requires an attribute to enable\n --> src/lib.rs:2:12\n  |\n2 | #![feature(const_option)]\n  |            ^^^^^^^^^^^^\n\n"
            ],
            "Mirai": [
              "warning: the feature `const_nonnull_new` has been stable since 1.85.0 and no longer requires an attribute to enable\n --> src/lib.rs:3:12\n  |\n3 | #![feature(const_nonnull_new)]\n  |            ^^^^^^^^^^^^^^^^^\n  |\n  = note: `#[warn(stable_features)]` on by default\n\n",
              "warning: the feature `const_option` has been stable since 1.83.0 and no longer requires an attribute to enable\n --> src/lib.rs:2:12\n  |\n2 | #![feature(const_option)]\n  |            ^^^^^^^^^^^^\n\n"
            ]
          }
        },
        {
          "file": "[outdated direct dependencies]",
          "features": "",
          "count": 1,
          "kinds": {
            "Outdated": [
              "pkg=arm_pl011, checker=Outdated\ntoolchain=nightly-2025-01-26-x86_64-unknown-linux-gnu, target=x86_64-unknown-linux-gnu\nfeatures=\npkg_dir=/home/runner/check/batch_2/arceos-org/arceos-crates/crates/arm_pl011\ncmd=cargo +nightly-2025-01-26-x86_64-unknown-linux-gnu outdated -R --exit-code=2\ntimestamp=2025-04-03 4:38:03.807423787 +08:00:00\n\nName            Project  Compat  Latest  Kind    Platform\n----            -------  ------  ------  ----    --------\ntock-registers  0.8.1    ---     0.9.0   Normal  ---\n"
            ]
          }
        }
      ]
    },
    {
      "user": "arceos-org",
      "repo": "arceos-crates",
      "pkg": "axdriver_net",
      "count": 4,
      "raw_reports": [
        {
          "file": "(virtual) semver-checks",
          "features": "",
          "count": 1,
          "kinds": {
            "Cargo": [
              "// pkg_name=axdriver_net, checker=SemverChecks\n// toolchain=nightly-2025-01-26-x86_64-unknown-linux-gnu, target=x86_64-unknown-linux-gnu\n// features=\n// pkg_dir=/home/runner/check/batch_2/arceos-org/arceos-crates/crates/axdriver_crates/axdriver_net\n// cmd=cargo +nightly-2025-01-26-x86_64-unknown-linux-gnu semver-checks --target x86_64-unknown-linux-gnu \n// timestamp=2025-04-03 4:32:47.315911185 +08:00:00\n    Building axdriver_net v0.1.2 (current)\n       Built [   4.004s] (current)\n     Parsing axdriver_net v0.1.2 (current)\n      Parsed [   0.002s] (current)\nerror: axdriver_net not found in registry (crates.io). For workarounds check https://github.com/obi1kenobi/cargo-semver-checks#does-the-crate-im-checking-have-to-be-published-on-cratesio\n"
            ]
          }
        },
        {
          "file": "[outdated direct dependencies]",
          "features": "",
          "count": 1,
          "kinds": {
            "Outdated": [
              "pkg=axdriver_net, checker=Outdated\ntoolchain=nightly-2025-01-26-x86_64-unknown-linux-gnu, target=x86_64-unknown-linux-gnu\nfeatures=\npkg_dir=/home/runner/check/batch_2/arceos-org/arceos-crates/crates/axdriver_crates/axdriver_net\ncmd=cargo +nightly-2025-01-26-x86_64-unknown-linux-gnu outdated -R --exit-code=2\ntimestamp=2025-04-03 4:38:06.167061891 +08:00:00\n\nName  Project  Compat  Latest  Kind    Platform\n----  -------  ------  ------  ----    --------\nspin  0.9.8    ---     0.10.0  Normal  ---\n"
            ]
          }
        },
        {
          "file": "[rap] Not supported to display yet.",
          "features": "",
          "count": 1,
          "kinds": {
            "Rapx": [
              "pkg=axdriver_net, checker=Rapx\ntoolchain=nightly-2025-01-26-x86_64-unknown-linux-gnu, target=x86_64-unknown-linux-gnu\nfeatures=\npkg_dir=/home/runner/check/batch_2/arceos-org/arceos-crates/crates/axdriver_crates/axdriver_net\ncmd=cargo +nightly-2024-10-12 rapx -F -M -- --target x86_64-unknown-linux-gnu \ntimestamp=2025-04-03 4:36:04.357003043 +08:00:00\n\nwarning: Memory Leak detected.\n   --> axdriver_net/src/net_buf.rs:109:26\n    |\n105 | pub fn into_buf_ptr(mut self: Box<Self>) -> NetBufPtr {\n106 |         let buf_ptr = self.packet_mut().as_mut_ptr();\n107 |         let len = self.packet_len;\n108 |         NetBufPtr::new(\n109 |             NonNull::new(Box::into_raw(self) as *mut u8).unwrap(),\n    |                          ------------------- Memory Leak Candidates.\n110 |             NonNull::new(buf_ptr).unwrap(),\n111 |             len,\n112 |         )\n113 |     }\n    |\n"
            ]
          }
        },
        {
          "file": "[semver checks]",
          "features": "",
          "count": 1,
          "kinds": {
            "Semver Violation": [
              "pkg=axdriver_net, checker=SemverChecks\ntoolchain=nightly-2025-01-26-x86_64-unknown-linux-gnu, target=x86_64-unknown-linux-gnu\nfeatures=\npkg_dir=/home/runner/check/batch_2/arceos-org/arceos-crates/crates/axdriver_crates/axdriver_net\ncmd=cargo +nightly-2025-01-26-x86_64-unknown-linux-gnu semver-checks --target x86_64-unknown-linux-gnu \ntimestamp=2025-04-03 4:32:52.186439638 +08:00:00\n\n\nstdout:\n\nstderr:\n    Building axdriver_net v0.1.2 (current)\n       Built [   4.004s] (current)\n     Parsing axdriver_net v0.1.2 (current)\n      Parsed [   0.002s] (current)\nerror: axdriver_net not found in registry (crates.io). For workarounds check https://github.com/obi1kenobi/cargo-semver-checks#does-the-crate-im-checking-have-to-be-published-on-cratesio\n"
            ]
          }
        }
      ]
    },
    {
      "user": "arceos-org",
      "repo": "arceos-crates",
      "pkg": "axdriver_virtio",
      "count": 4,
      "raw_reports": [
        {
          "file": "(virtual) geiger",
          "features": "",
          "count": 1,
          "kinds": {
            "Cargo": [
              "// pkg_name=axdriver_virtio, checker=Geiger\n// toolchain=nightly-2025-01-26-x86_64-unknown-linux-gnu, target=x86_64-unknown-linux-gnu\n// features=\n// pkg_dir=/home/runner/check/batch_2/arceos-org/arceos-crates/crates/axdriver_crates/axdriver_virtio\n// cmd=cargo +nightly-2025-01-26-x86_64-unknown-linux-gnu geiger --output-format Ascii\n// timestamp=2025-04-03 4:38:14.039849493 +08:00:00\nFailed to match (ignoring source) package: path+file:///home/runner/check/batch_2/arceos-org/arceos-crates/crates/axdriver_crates/axdriver_block#0.1.2 \nFailed to match (ignoring source) package: path+file:///home/runner/check/batch_2/arceos-org/arceos-crates/crates/axdriver_crates/axdriver_block#0.1.2 \nFailed to match (ignoring source) package: path+file:///home/runner/check/batch_2/arceos-org/arceos-crates/crates/axdriver_crates/axdriver_block#0.1.2 \nFailed to match (ignoring source) package: path+file:///home/runner/check/batch_2/arceos-org/arceos-crates/crates/axdriver_crates/axdriver_block#0.1.2 \nFailed to match (ignoring source) package: path+file:///home/runner/check/batch_2/arceos-org/arceos-crates/crates/axdriver_crates/axdriver_block#0.1.2 \nFailed to match (ignoring source) package: path+file:///home/runner/check/batch_2/arceos-org/arceos-crates/crates/axdriver_crates/axdriver_display#0.1.2 \nFailed to match (ignoring source) package: path+file:///home/runner/check/batch_2/arceos-org/arceos-crates/crates/axdriver_crates/axdriver_display#0.1.2 \nFailed to match (ignoring source) package: path+file:///home/runner/check/batch_2/arceos-org/arceos-crates/crates/axdriver_crates/axdriver_display#0.1.2 \nFailed to match (ignoring source) package: path+file:///home/runner/check/batch_2/arceos-org/arceos-crates/crates/axdriver_crates/axdriver_display#0.1.2 \nFailed to match (ignoring source) package: path+file:///home/runner/check/batch_2/arceos-org/arceos-crates/crates/axdriver_crates/axdriver_display#0.1.2 \nFailed to match (ignoring source) package: path+file:///home/runner/check/batch_2/arceos-org/arceos-crates/crates/axdriver_crates/axdriver_net#0.1.2 \nFailed to match (ignoring source) package: path+file:///home/runner/check/batch_2/arceos-org/arceos-crates/crates/axdriver_crates/axdriver_net#0.1.2 \nFailed to match (ignoring source) package: path+file:///home/runner/check/batch_2/arceos-org/arceos-crates/crates/axdriver_crates/axdriver_net#0.1.2 \nFailed to match (ignoring source) package: path+file:///home/runner/check/batch_2/arceos-org/arceos-crates/crates/axdriver_crates/axdriver_net#0.1.2 \nFailed to match (ignoring source) package: path+file:///home/runner/check/batch_2/arceos-org/arceos-crates/crates/axdriver_crates/axdriver_net#0.1.2 \nerror: Cargo(\"failed to parse lock file at: /home/runner/check/batch_2/arceos-org/arceos-crates/crates/axdriver_crates/Cargo.lock\")\n"
            ]
          }
        },
        {
          "file": "(virtual) semver-checks",
          "features": "",
          "count": 1,
          "kinds": {
            "Cargo": [
              "// pkg_name=axdriver_virtio, checker=SemverChecks\n// toolchain=nightly-2025-01-26-x86_64-unknown-linux-gnu, target=x86_64-unknown-linux-gnu\n// features=\n// pkg_dir=/home/runner/check/batch_2/arceos-org/arceos-crates/crates/axdriver_crates/axdriver_virtio\n// cmd=cargo +nightly-2025-01-26-x86_64-unknown-linux-gnu semver-checks --target x86_64-unknown-linux-gnu \n// timestamp=2025-04-03 4:32:56.668902654 +08:00:00\n    Building axdriver_virtio v0.1.2 (current)\n       Built [   4.102s] (current)\n     Parsing axdriver_virtio v0.1.2 (current)\n      Parsed [   0.002s] (current)\nerror: axdriver_virtio not found in registry (crates.io). For workarounds check https://github.com/obi1kenobi/cargo-semver-checks#does-the-crate-im-checking-have-to-be-published-on-cratesio\n"
            ]
          }
        },
        {
          "file": "[outdated direct dependencies]",
          "features": "",
          "count": 1,
          "kinds": {
            "Outdated": [
              "pkg=axdriver_virtio, checker=Outdated\ntoolchain=nightly-2025-01-26-x86_64-unknown-linux-gnu, target=x86_64-unknown-linux-gnu\nfeatures=\npkg_dir=/home/runner/check/batch_2/arceos-org/arceos-crates/crates/axdriver_crates/axdriver_virtio\ncmd=cargo +nightly-2025-01-26-x86_64-unknown-linux-gnu outdated -R --exit-code=2\ntimestamp=2025-04-03 4:38:06.940865473 +08:00:00\n\nName            Project  Compat  Latest  Kind    Platform\n----            -------  ------  ------  ----    --------\nvirtio-drivers  0.7.5    ---     0.9.0   Normal  ---\n"
            ]
          }
        },
        {
          "file": "[semver checks]",
          "features": "",
          "count": 1,
          "kinds": {
            "Semver Violation": [
              "pkg=axdriver_virtio, checker=SemverChecks\ntoolchain=nightly-2025-01-26-x86_64-unknown-linux-gnu, target=x86_64-unknown-linux-gnu\nfeatures=\npkg_dir=/home/runner/check/batch_2/arceos-org/arceos-crates/crates/axdriver_crates/axdriver_virtio\ncmd=cargo +nightly-2025-01-26-x86_64-unknown-linux-gnu semver-checks --target x86_64-unknown-linux-gnu \ntimestamp=2025-04-03 4:33:01.310089441 +08:00:00\n\n\nstdout:\n\nstderr:\n    Building axdriver_virtio v0.1.2 (current)\n       Built [   4.102s] (current)\n     Parsing axdriver_virtio v0.1.2 (current)\n      Parsed [   0.002s] (current)\nerror: axdriver_virtio not found in registry (crates.io). For workarounds check https://github.com/obi1kenobi/cargo-semver-checks#does-the-crate-im-checking-have-to-be-published-on-cratesio\n"
            ]
          }
        }
      ]
    },
    {
      "user": "arceos-org",
      "repo": "arceos-crates",
      "pkg": "cpumask",
      "count": 4,
      "raw_reports": [
        {
          "file": "src/lib.rs",
          "features": "",
          "count": 4,
          "kinds": {
            "Clippy(Warn)": [
              "warning: the following explicit lifetimes could be elided: 'a\n   --> src/lib.rs:438:6\n    |\n438 | impl<'a, const SIZE: usize> Iterator for Iter<'a, SIZE>\n    |      ^^                                       ^^\n    |\n    = help: for further information visit https://rust-lang.github.io/rust-clippy/master/index.html#needless_lifetimes\n    = note: `#[warn(clippy::needless_lifetimes)]` on by default\nhelp: elide the lifetimes\n    |\n438 - impl<'a, const SIZE: usize> Iterator for Iter<'a, SIZE>\n438 + impl<const SIZE: usize> Iterator for Iter<'_, SIZE>\n    |\n\n",
              "warning: the following explicit lifetimes could be elided: 'a\n   --> src/lib.rs:438:6\n    |\n438 | impl<'a, const SIZE: usize> Iterator for Iter<'a, SIZE>\n    |      ^^                                       ^^\n    |\n    = help: for further information visit https://rust-lang.github.io/rust-clippy/master/index.html#needless_lifetimes\n    = note: `#[warn(clippy::needless_lifetimes)]` on by default\nhelp: elide the lifetimes\n    |\n438 - impl<'a, const SIZE: usize> Iterator for Iter<'a, SIZE>\n438 + impl<const SIZE: usize> Iterator for Iter<'_, SIZE>\n    |\n\n",
              "warning: the following explicit lifetimes could be elided: 'a\n   --> src/lib.rs:482:6\n    |\n482 | impl<'a, const SIZE: usize> DoubleEndedIterator for Iter<'a, SIZE>\n    |      ^^                                                  ^^\n    |\n    = help: for further information visit https://rust-lang.github.io/rust-clippy/master/index.html#needless_lifetimes\nhelp: elide the lifetimes\n    |\n482 - impl<'a, const SIZE: usize> DoubleEndedIterator for Iter<'a, SIZE>\n482 + impl<const SIZE: usize> DoubleEndedIterator for Iter<'_, SIZE>\n    |\n\n",
              "warning: the following explicit lifetimes could be elided: 'a\n   --> src/lib.rs:482:6\n    |\n482 | impl<'a, const SIZE: usize> DoubleEndedIterator for Iter<'a, SIZE>\n    |      ^^                                                  ^^\n    |\n    = help: for further information visit https://rust-lang.github.io/rust-clippy/master/index.html#needless_lifetimes\nhelp: elide the lifetimes\n    |\n482 - impl<'a, const SIZE: usize> DoubleEndedIterator for Iter<'a, SIZE>\n482 + impl<const SIZE: usize> DoubleEndedIterator for Iter<'_, SIZE>\n    |\n\n"
            ]
          }
        }
      ]
    },
    {
      "user": "arceos-org",
      "repo": "arceos-crates",
      "pkg": "linked_list_r4l",
      "count": 4,
      "raw_reports": [
        {
          "file": "src/raw_list.rs",
          "features": "",
          "count": 3,
          "kinds": {
            "Clippy(Warn)": [
              "warning: you should consider adding a `Default` implementation for `RawList<G>`\n   --> src/raw_list.rs:99:5\n    |\n99  | /     pub const fn new() -> Self {\n100 | |         Self { head: None }\n101 | |     }\n    | |_____^\n    |\n    = help: for further information visit https://rust-lang.github.io/rust-clippy/master/index.html#new_without_default\n    = note: `#[warn(clippy::new_without_default)]` on by default\nhelp: try adding this\n    |\n97  + impl<G: GetLinks> Default for RawList<G> {\n98  +     fn default() -> Self {\n99  +         Self::new()\n100 +     }\n101 + }\n    |\n\n",
              "warning: unsafe function's docs are missing a `# Safety` section\n   --> src/raw_list.rs:186:5\n    |\n186 |     pub unsafe fn push_back(&mut self, new: &G::EntryType) -> bool {\n    |     ^^^^^^^^^^^^^^^^^^^^^^^^^^^^^^^^^^^^^^^^^^^^^^^^^^^^^^^^^^^^^^\n    |\n    = help: for further information visit https://rust-lang.github.io/rust-clippy/master/index.html#missing_safety_doc\n    = note: `#[warn(clippy::missing_safety_doc)]` on by default\n\n",
              "warning: unsafe function's docs are missing a `# Safety` section\n   --> src/raw_list.rs:195:5\n    |\n195 |     pub unsafe fn push_front(&mut self, new: &G::EntryType) -> bool {\n    |     ^^^^^^^^^^^^^^^^^^^^^^^^^^^^^^^^^^^^^^^^^^^^^^^^^^^^^^^^^^^^^^^\n    |\n    = help: for further information visit https://rust-lang.github.io/rust-clippy/master/index.html#missing_safety_doc\n\n"
            ]
          }
        },
        {
          "file": "[rap] Not supported to display yet.",
          "features": "",
          "count": 1,
          "kinds": {
            "Rapx": [
              "pkg=linked_list_r4l, checker=Rapx\ntoolchain=nightly-2025-01-26-x86_64-unknown-linux-gnu, target=x86_64-unknown-linux-gnu\nfeatures=\npkg_dir=/home/runner/check/batch_2/arceos-org/arceos-crates/crates/linked_list\ncmd=cargo +nightly-2024-10-12 rapx -F -M -- --target x86_64-unknown-linux-gnu \ntimestamp=2025-04-03 4:36:39.303085596 +08:00:00\n\nwarning: Memory Leak detected.\n  --> src/linked_list.rs:36:22\n   |\n35 | fn into_pointer(self) -> NonNull<T> {\n36 |         NonNull::new(Box::into_raw(self)).unwrap()\n   |                      ------------------- Memory Leak Candidates.\n37 |     }\n   |\n"
            ]
          }
        }
      ]
    },
    {
      "user": "arceos-org",
      "repo": "arceos-crates",
      "pkg": "page_table_multiarch",
      "count": 4,
      "raw_reports": [
        {
          "file": "/home/runner/check/batch_2/arceos-org/arceos-crates/crates/page_table_multiarch/Cargo.lock",
          "features": "",
          "count": 1,
          "kinds": {
            "Audit": [
              "Crate:     paste\nVersion:   1.0.15\nWarning:   unmaintained\nTitle:     paste - no longer maintained\nDate:      2024-10-07\nID:        RUSTSEC-2024-0436\nURL:       https://rustsec.org/advisories/RUSTSEC-2024-0436\nDependency tree:\npaste 1.0.15\n riscv 0.12.1\n     page_table_multiarch 0.5.3\n\n\n{\n  \"database\": {\n    \"advisory-count\": 748,\n    \"last-commit\": \"758fb16a52d7b9776a94856bd9d4ef6140d4946e\",\n    \"last-updated\": \"2025-04-01T10:55:37+02:00\"\n  },\n  \"lockfile\": {\n    \"dependency-count\": 19\n  },\n  \"settings\": {\n    \"target_arch\": [],\n    \"target_os\": [],\n    \"severity\": null,\n    \"ignore\": [],\n    \"informational_warnings\": [\n      \"unmaintained\",\n      \"unsound\",\n      \"notice\"\n    ]\n  },\n  \"vulnerabilities\": {\n    \"found\": false,\n    \"count\": 0,\n    \"list\": []\n  },\n  \"warnings\": {\n    \"unmaintained\": [\n      {\n        \"kind\": \"unmaintained\",\n        \"package\": {\n          \"name\": \"paste\",\n          \"version\": \"1.0.15\",\n          \"source\": \"registry+https://github.com/rust-lang/crates.io-index\",\n          \"checksum\": \"57c0d7b74b563b49d38dae00a0c37d4d6de9b432382b2892f0574ddcae73fd0a\",\n          \"replace\": null\n        },\n        \"advisory\": {\n          \"id\": \"RUSTSEC-2024-0436\",\n          \"package\": \"paste\",\n          \"title\": \"paste - no longer maintained\",\n          \"description\": \"The creator of the crate `paste` has stated in the [`README.md`](https://github.com/dtolnay/paste/blob/master/README.md) \\nthat this project is not longer maintained as well as archived the repository\",\n          \"date\": \"2024-10-07\",\n          \"aliases\": [],\n          \"related\": [],\n          \"collection\": \"crates\",\n          \"categories\": [],\n          \"keywords\": [],\n          \"cvss\": null,\n          \"informational\": \"unmaintained\",\n          \"references\": [],\n          \"source\": null,\n          \"url\": \"https://github.com/dtolnay/paste\",\n          \"withdrawn\": null,\n          \"license\": \"CC0-1.0\"\n        },\n        \"affected\": null,\n        \"versions\": {\n          \"patched\": [],\n          \"unaffected\": []\n        }\n      }\n    ]\n  }\n}"
            ]
          }
        },
        {
          "file": "(virtual) semver-checks",
          "features": "",
          "count": 1,
          "kinds": {
            "Cargo": [
              "// pkg_name=page_table_multiarch, checker=SemverChecks\n// toolchain=nightly-2025-01-26-x86_64-unknown-linux-gnu, target=x86_64-unknown-linux-gnu\n// features=\n// pkg_dir=/home/runner/check/batch_2/arceos-org/arceos-crates/crates/page_table_multiarch/page_table_multiarch\n// cmd=cargo +nightly-2025-01-26-x86_64-unknown-linux-gnu semver-checks --target x86_64-unknown-linux-gnu \n// timestamp=2025-04-03 4:33:46.536751664 +08:00:00\n    Building page_table_multiarch v0.5.3 (current)\nerror: running cargo-doc on crate 'page_table_multiarch' failed with output:\n-----\n   Compiling rustversion v1.0.20\n    Checking bit_field v0.10.2\n    Checking bitflags v2.9.0\n    Checking volatile v0.4.6\n    Checking bitflags v1.3.2\n   Compiling x86 v0.52.0\n    Checking raw-cpuid v10.7.0\n    Checking memory_addr v0.3.2\n    Checking log v0.4.27\n    Checking x86_64 v0.15.2\n    Checking page_table_entry v0.5.3 (/home/runner/check/batch_2/arceos-org/arceos-crates/crates/page_table_multiarch/page_table_entry)\n Documenting page_table_multiarch v0.5.3 (/home/runner/check/batch_2/arceos-org/arceos-crates/crates/page_table_multiarch/page_table_multiarch)\nerror[E0432]: unresolved import `page_table_entry::riscv`\n --> /home/runner/check/batch_2/arceos-org/arceos-crates/crates/page_table_multiarch/page_table_multiarch/src/arch/riscv.rs:4:23\n  |\n4 | use page_table_entry::riscv::Rv64PTE;\n  |                       ^^^^^ could not find `riscv` in `page_table_entry`\n\nerror[E0432]: unresolved import `page_table_entry::aarch64`\n --> /home/runner/check/batch_2/arceos-org/arceos-crates/crates/page_table_multiarch/page_table_multiarch/src/arch/aarch64.rs:4:23\n  |\n4 | use page_table_entry::aarch64::A64PTE;\n  |                       ^^^^^^^ could not find `aarch64` in `page_table_entry`\n\nerror[E0432]: unresolved import `page_table_entry::loongarch64`\n --> /home/runner/check/batch_2/arceos-org/arceos-crates/crates/page_table_multiarch/page_table_multiarch/src/arch/loongarch64.rs:5:23\n  |\n5 | use page_table_entry::loongarch64::LA64PTE;\n  |                       ^^^^^^^^^^^ could not find `loongarch64` in `page_table_entry`\n\nFor more information about this error, try `rustc --explain E0432`.\nerror: could not document `page_table_multiarch`\n\n-----\n\nerror: failed to build rustdoc for crate page_table_multiarch v0.5.3\nnote: this is usually due to a compilation error in the crate,\n      and is unlikely to be a bug in cargo-semver-checks\nnote: the following command can be used to reproduce the compilation error:\n      cargo new --lib example &&\n          cd example &&\n          echo '[workspace]' >> Cargo.toml &&\n          cargo add --path /home/runner/check/batch_2/arceos-org/arceos-crates/crates/page_table_multiarch/page_table_multiarch &&\n          cargo check\n\nerror: aborting due to failure to build rustdoc for crate page_table_multiarch v0.5.3\n"
            ]
          }
        },
        {
          "file": "[outdated direct dependencies]",
          "features": "",
          "count": 1,
          "kinds": {
            "Outdated": [
              "pkg=page_table_multiarch, checker=Outdated\ntoolchain=nightly-2025-01-26-x86_64-unknown-linux-gnu, target=x86_64-unknown-linux-gnu\nfeatures=\npkg_dir=/home/runner/check/batch_2/arceos-org/arceos-crates/crates/page_table_multiarch/page_table_multiarch\ncmd=cargo +nightly-2025-01-26-x86_64-unknown-linux-gnu outdated -R --exit-code=2\ntimestamp=2025-04-03 4:38:10.794351482 +08:00:00\n\nName         Project  Compat  Latest  Kind    Platform\n----         -------  ------  ------  ----    --------\nlog          0.4.25   0.4.27  0.4.27  Normal  ---\nmemory_addr  0.3.1    0.3.2   0.3.2   Normal  ---\nriscv        0.12.1   ---     0.13.0  Normal  cfg(any(target_arch = \"riscv32\", target_arch = \"riscv64\", doc))\n"
            ]
          }
        },
        {
          "file": "[semver checks]",
          "features": "",
          "count": 1,
          "kinds": {
            "Semver Violation": [
              "pkg=page_table_multiarch, checker=SemverChecks\ntoolchain=nightly-2025-01-26-x86_64-unknown-linux-gnu, target=x86_64-unknown-linux-gnu\nfeatures=\npkg_dir=/home/runner/check/batch_2/arceos-org/arceos-crates/crates/page_table_multiarch/page_table_multiarch\ncmd=cargo +nightly-2025-01-26-x86_64-unknown-linux-gnu semver-checks --target x86_64-unknown-linux-gnu \ntimestamp=2025-04-03 4:33:48.206781185 +08:00:00\n\n\nstdout:\n\nstderr:\n    Building page_table_multiarch v0.5.3 (current)\nerror: running cargo-doc on crate 'page_table_multiarch' failed with output:\n-----\n   Compiling rustversion v1.0.20\n    Checking bit_field v0.10.2\n    Checking bitflags v2.9.0\n    Checking volatile v0.4.6\n    Checking bitflags v1.3.2\n   Compiling x86 v0.52.0\n    Checking raw-cpuid v10.7.0\n    Checking memory_addr v0.3.2\n    Checking log v0.4.27\n    Checking x86_64 v0.15.2\n    Checking page_table_entry v0.5.3 (/home/runner/check/batch_2/arceos-org/arceos-crates/crates/page_table_multiarch/page_table_entry)\n Documenting page_table_multiarch v0.5.3 (/home/runner/check/batch_2/arceos-org/arceos-crates/crates/page_table_multiarch/page_table_multiarch)\nerror[E0432]: unresolved import `page_table_entry::riscv`\n --> /home/runner/check/batch_2/arceos-org/arceos-crates/crates/page_table_multiarch/page_table_multiarch/src/arch/riscv.rs:4:23\n  |\n4 | use page_table_entry::riscv::Rv64PTE;\n  |                       ^^^^^ could not find `riscv` in `page_table_entry`\n\nerror[E0432]: unresolved import `page_table_entry::aarch64`\n --> /home/runner/check/batch_2/arceos-org/arceos-crates/crates/page_table_multiarch/page_table_multiarch/src/arch/aarch64.rs:4:23\n  |\n4 | use page_table_entry::aarch64::A64PTE;\n  |                       ^^^^^^^ could not find `aarch64` in `page_table_entry`\n\nerror[E0432]: unresolved import `page_table_entry::loongarch64`\n --> /home/runner/check/batch_2/arceos-org/arceos-crates/crates/page_table_multiarch/page_table_multiarch/src/arch/loongarch64.rs:5:23\n  |\n5 | use page_table_entry::loongarch64::LA64PTE;\n  |                       ^^^^^^^^^^^ could not find `loongarch64` in `page_table_entry`\n\nFor more information about this error, try `rustc --explain E0432`.\nerror: could not document `page_table_multiarch`\n\n-----\n\nerror: failed to build rustdoc for crate page_table_multiarch v0.5.3\nnote: this is usually due to a compilation error in the crate,\n      and is unlikely to be a bug in cargo-semver-checks\nnote: the following command can be used to reproduce the compilation error:\n      cargo new --lib example &&\n          cd example &&\n          echo '[workspace]' >> Cargo.toml &&\n          cargo add --path /home/runner/check/batch_2/arceos-org/arceos-crates/crates/page_table_multiarch/page_table_multiarch &&\n          cargo check\n\nerror: aborting due to failure to build rustdoc for crate page_table_multiarch v0.5.3\n"
            ]
          }
        }
      ]
    },
    {
      "user": "arceos-org",
      "repo": "arceos-crates",
      "pkg": "percpu",
      "count": 4,
      "raw_reports": [
        {
          "file": "percpu/src/imp.rs",
          "features": "",
          "count": 3,
          "kinds": {
            "Mirai": [
              "warning: [MIRAI] Inline assembly code cannot be analyzed by MIRAI.\n  --> percpu/src/imp.rs:29:5\n   |\n29 |     percpu_symbol_offset!(_percpu_load_end) - percpu_symbol_offset!(_percpu_load_start)\n   |     ^^^^^^^^^^^^^^^^^^^^^^^^^^^^^^^^^^^^^^^\n   |\n   = note: this warning originates in the macro `percpu_symbol_offset` (in Nightly builds, run with -Z macro-backtrace for more info)\n\n",
              "warning: [MIRAI] Inline assembly code cannot be analyzed by MIRAI.\n   --> percpu/src/imp.rs:129:21\n    |\n129 | /                     core::arch::asm!(\n130 | |                         \"syscall\",\n131 | |                         in(\"eax\") SYS_ARCH_PRCTL,\n132 | |                         in(\"edi\") ARCH_SET_GS,\n133 | |                         in(\"rsi\") tp,\n134 | |                     );\n    | |_____________________^\n\n",
              "warning: [MIRAI] Inline assembly code cannot be analyzed by MIRAI.\n   --> percpu/src/imp.rs:171:1\n    |\n171 | #[percpu_macros::def_percpu]\n    | ^^^^^^^^^^^^^^^^^^^^^^^^^^^^\n    |\n    = note: this warning originates in the attribute macro `percpu_macros::def_percpu` (in Nightly builds, run with -Z macro-backtrace for more info)\n\n"
            ]
          }
        },
        {
          "file": "[outdated direct dependencies]",
          "features": "",
          "count": 1,
          "kinds": {
            "Outdated": [
              "pkg=percpu, checker=Outdated\ntoolchain=nightly-2025-01-26-x86_64-unknown-linux-gnu, target=x86_64-unknown-linux-gnu\nfeatures=\npkg_dir=/home/runner/check/batch_2/arceos-org/arceos-crates/crates/percpu/percpu\ncmd=cargo +nightly-2025-01-26-x86_64-unknown-linux-gnu outdated -R --exit-code=2\ntimestamp=2025-04-03 4:38:11.060856411 +08:00:00\n\nName  Project  Compat  Latest  Kind    Platform\n----  -------  ------  ------  ----    --------\nspin  0.9.8    ---     0.10.0  Normal  cfg(not(target_os = \"none\"))\n"
            ]
          }
        }
      ]
    },
    {
      "user": "arceos-org",
      "repo": "arceos-crates",
      "pkg": "slab_allocator",
      "count": 4,
      "raw_reports": [
        {
          "file": "(virtual) semver-checks",
          "features": "",
          "count": 1,
          "kinds": {
            "Cargo": [
              "// pkg_name=slab_allocator, checker=SemverChecks\n// toolchain=nightly-2025-01-26-x86_64-unknown-linux-gnu, target=x86_64-unknown-linux-gnu\n// features=\n// pkg_dir=/home/runner/check/batch_2/arceos-org/arceos-crates/crates/slab_allocator\n// cmd=cargo +nightly-2025-01-26-x86_64-unknown-linux-gnu semver-checks --target x86_64-unknown-linux-gnu \n// timestamp=2025-04-03 4:34:00.928827393 +08:00:00\n    Building slab_allocator v0.3.1 (current)\n       Built [   0.283s] (current)\n     Parsing slab_allocator v0.3.1 (current)\n      Parsed [   0.001s] (current)\n    Building slab_allocator v0.3.1 (baseline)\nerror: running cargo-doc on crate 'slab_allocator' failed with output:\n-----\n    Checking spin v0.4.10\nerror[E0557]: feature has been removed\n --> /home/runner/.cargo/registry/src/index.crates.io-1949cf8c6b5b557f/spin-0.4.10/src/lib.rs:6:43\n  |\n6 | #![cfg_attr(feature = \"const_fn\", feature(const_fn))]\n  |                                           ^^^^^^^^ feature has been removed\n  |\n  = note: split into finer-grained feature gates\n\nFor more information about this error, try `rustc --explain E0557`.\nerror: could not compile `spin` (lib) due to 1 previous error\n\n-----\n\nerror: failed to build rustdoc for crate slab_allocator v0.3.1\nnote: this is usually due to a compilation error in the crate,\n      and is unlikely to be a bug in cargo-semver-checks\nnote: the following command can be used to reproduce the compilation error:\n      cargo new --lib example &&\n          cd example &&\n          echo '[workspace]' >> Cargo.toml &&\n          cargo add slab_allocator@=0.3.1 &&\n          cargo check\n\nerror: aborting due to failure to build rustdoc for crate slab_allocator v0.3.1\n"
            ]
          }
        },
        {
          "file": "[outdated direct dependencies]",
          "features": "",
          "count": 1,
          "kinds": {
            "Outdated": [
              "pkg=slab_allocator, checker=Outdated\ntoolchain=nightly-2025-01-26-x86_64-unknown-linux-gnu, target=x86_64-unknown-linux-gnu\nfeatures=\npkg_dir=/home/runner/check/batch_2/arceos-org/arceos-crates/crates/slab_allocator\ncmd=cargo +nightly-2025-01-26-x86_64-unknown-linux-gnu outdated -R --exit-code=2\ntimestamp=2025-04-03 4:38:11.869385181 +08:00:00\n\nName                    Project  Compat  Latest  Kind    Platform\n----                    -------  ------  ------  ----    --------\nbuddy_system_allocator  0.10.0   ---     0.11.0  Normal  ---\n"
            ]
          }
        },
        {
          "file": "[semver checks]",
          "features": "",
          "count": 1,
          "kinds": {
            "Semver Violation": [
              "pkg=slab_allocator, checker=SemverChecks\ntoolchain=nightly-2025-01-26-x86_64-unknown-linux-gnu, target=x86_64-unknown-linux-gnu\nfeatures=\npkg_dir=/home/runner/check/batch_2/arceos-org/arceos-crates/crates/slab_allocator\ncmd=cargo +nightly-2025-01-26-x86_64-unknown-linux-gnu semver-checks --target x86_64-unknown-linux-gnu \ntimestamp=2025-04-03 4:34:02.341359105 +08:00:00\n\n\nstdout:\n\nstderr:\n    Building slab_allocator v0.3.1 (current)\n       Built [   0.283s] (current)\n     Parsing slab_allocator v0.3.1 (current)\n      Parsed [   0.001s] (current)\n    Building slab_allocator v0.3.1 (baseline)\nerror: running cargo-doc on crate 'slab_allocator' failed with output:\n-----\n    Checking spin v0.4.10\nerror[E0557]: feature has been removed\n --> /home/runner/.cargo/registry/src/index.crates.io-1949cf8c6b5b557f/spin-0.4.10/src/lib.rs:6:43\n  |\n6 | #![cfg_attr(feature = \"const_fn\", feature(const_fn))]\n  |                                           ^^^^^^^^ feature has been removed\n  |\n  = note: split into finer-grained feature gates\n\nFor more information about this error, try `rustc --explain E0557`.\nerror: could not compile `spin` (lib) due to 1 previous error\n\n-----\n\nerror: failed to build rustdoc for crate slab_allocator v0.3.1\nnote: this is usually due to a compilation error in the crate,\n      and is unlikely to be a bug in cargo-semver-checks\nnote: the following command can be used to reproduce the compilation error:\n      cargo new --lib example &&\n          cd example &&\n          echo '[workspace]' >> Cargo.toml &&\n          cargo add slab_allocator@=0.3.1 &&\n          cargo check\n\nerror: aborting due to failure to build rustdoc for crate slab_allocator v0.3.1\n"
            ]
          }
        },
        {
          "file": "src/slab.rs",
          "features": "",
          "count": 1,
          "kinds": {
            "Clippy(Warn)": [
              "warning: using `map` over `inspect`\n  --> src/slab.rs:93:26\n   |\n93 |         self.head.take().map(|node| {\n   |                          ^^^\n   |\n   = help: for further information visit https://rust-lang.github.io/rust-clippy/master/index.html#manual_inspect\n   = note: `#[warn(clippy::manual_inspect)]` on by default\nhelp: try\n   |\n93 ~         self.head.take().inspect(|node| {\n94 |             self.head = node.next.take();\n95 ~             self.len -= 1;\n   |\n\n"
            ]
          }
        }
      ]
    },
    {
      "user": "arceos-org",
      "repo": "arceos-crates",
      "pkg": "axdriver_pci",
      "count": 3,
      "raw_reports": [
        {
          "file": "(virtual) semver-checks",
          "features": "",
          "count": 1,
          "kinds": {
            "Cargo": [
              "// pkg_name=axdriver_pci, checker=SemverChecks\n// toolchain=nightly-2025-01-26-x86_64-unknown-linux-gnu, target=x86_64-unknown-linux-gnu\n// features=\n// pkg_dir=/home/runner/check/batch_2/arceos-org/arceos-crates/crates/axdriver_crates/axdriver_pci\n// cmd=cargo +nightly-2025-01-26-x86_64-unknown-linux-gnu semver-checks --target x86_64-unknown-linux-gnu \n// timestamp=2025-04-03 4:32:52.190168443 +08:00:00\n    Building axdriver_pci v0.1.2 (current)\n       Built [   3.946s] (current)\n     Parsing axdriver_pci v0.1.2 (current)\n      Parsed [   0.001s] (current)\nerror: axdriver_pci not found in registry (crates.io). For workarounds check https://github.com/obi1kenobi/cargo-semver-checks#does-the-crate-im-checking-have-to-be-published-on-cratesio\n"
            ]
          }
        },
        {
          "file": "[outdated direct dependencies]",
          "features": "",
          "count": 1,
          "kinds": {
            "Outdated": [
              "pkg=axdriver_pci, checker=Outdated\ntoolchain=nightly-2025-01-26-x86_64-unknown-linux-gnu, target=x86_64-unknown-linux-gnu\nfeatures=\npkg_dir=/home/runner/check/batch_2/arceos-org/arceos-crates/crates/axdriver_crates/axdriver_pci\ncmd=cargo +nightly-2025-01-26-x86_64-unknown-linux-gnu outdated -R --exit-code=2\ntimestamp=2025-04-03 4:38:06.558315382 +08:00:00\n\nName            Project  Compat  Latest  Kind    Platform\n----            -------  ------  ------  ----    --------\nvirtio-drivers  0.7.5    ---     0.9.0   Normal  ---\n"
            ]
          }
        },
        {
          "file": "[semver checks]",
          "features": "",
          "count": 1,
          "kinds": {
            "Semver Violation": [
              "pkg=axdriver_pci, checker=SemverChecks\ntoolchain=nightly-2025-01-26-x86_64-unknown-linux-gnu, target=x86_64-unknown-linux-gnu\nfeatures=\npkg_dir=/home/runner/check/batch_2/arceos-org/arceos-crates/crates/axdriver_crates/axdriver_pci\ncmd=cargo +nightly-2025-01-26-x86_64-unknown-linux-gnu semver-checks --target x86_64-unknown-linux-gnu \ntimestamp=2025-04-03 4:32:56.666668574 +08:00:00\n\n\nstdout:\n\nstderr:\n    Building axdriver_pci v0.1.2 (current)\n       Built [   3.946s] (current)\n     Parsing axdriver_pci v0.1.2 (current)\n      Parsed [   0.001s] (current)\nerror: axdriver_pci not found in registry (crates.io). For workarounds check https://github.com/obi1kenobi/cargo-semver-checks#does-the-crate-im-checking-have-to-be-published-on-cratesio\n"
            ]
          }
        }
      ]
    },
    {
      "user": "arceos-org",
      "repo": "arceos-crates",
      "pkg": "kernel_guard",
      "count": 3,
      "raw_reports": [
        {
          "file": "src/arch/x86.rs",
          "features": "",
          "count": 2,
          "kinds": {
            "Mirai": [
              "warning: [MIRAI] Inline assembly code cannot be analyzed by MIRAI.\n --> src/arch/x86.rs:9:14\n  |\n9 |     unsafe { asm!(\"pushf; pop {}; cli\", out(reg) flags) };\n  |              ^^^^^^^^^^^^^^^^^^^^^^^^^^^^^^^^^^^^^^^^^^\n\n",
              "warning: [MIRAI] Inline assembly code cannot be analyzed by MIRAI.\n  --> src/arch/x86.rs:16:18\n   |\n16 |         unsafe { asm!(\"sti\") };\n   |                  ^^^^^^^^^^^\n\n"
            ]
          }
        },
        {
          "file": "src/lib.rs",
          "features": "",
          "count": 1,
          "kinds": {
            "Clippy(Warn)": [
              "warning: you should consider adding a `Default` implementation for `NoOp`\n   --> src/lib.rs:121:5\n    |\n121 | /     pub const fn new() -> Self {\n122 | |         Self\n123 | |     }\n    | |_____^\n    |\n    = help: for further information visit https://rust-lang.github.io/rust-clippy/master/index.html#new_without_default\n    = note: `#[warn(clippy::new_without_default)]` on by default\nhelp: try adding this\n    |\n119 + impl Default for NoOp {\n120 +     fn default() -> Self {\n121 +         Self::new()\n122 +     }\n123 + }\n    |\n\n"
            ]
          }
        }
      ]
    },
    {
      "user": "arceos-org",
      "repo": "arceos-crates",
      "pkg": "memory_set",
      "count": 3,
      "raw_reports": [
        {
          "file": "(virtual) geiger",
          "features": "",
          "count": 1,
          "kinds": {
            "Cargo": [
              "// pkg_name=memory_set, checker=Geiger\n// toolchain=nightly-2025-01-26-x86_64-unknown-linux-gnu, target=x86_64-unknown-linux-gnu\n// features=\n// pkg_dir=/home/runner/check/batch_2/arceos-org/arceos-crates/crates/axmm_crates/memory_set\n// cmd=cargo +nightly-2025-01-26-x86_64-unknown-linux-gnu geiger --output-format Ascii\n// timestamp=2025-04-03 4:38:17.493878133 +08:00:00\n     Removed 6 files, 80.4KiB total\n    Checking memory_addr v0.3.2 (/home/runner/check/batch_2/arceos-org/arceos-crates/crates/axmm_crates/memory_addr)\n{\"$message_type\":\"artifact\",\"artifact\":\"/home/runner/check/batch_2/arceos-org/arceos-crates/crates/axmm_crates/target/debug/deps/memory_addr-8f86a350ce8526e1.d\",\"emit\":\"dep-info\"}\n{\"$message_type\":\"artifact\",\"artifact\":\"/home/runner/check/batch_2/arceos-org/arceos-crates/crates/axmm_crates/target/debug/deps/libmemory_addr-8f86a350ce8526e1.rmeta\",\"emit\":\"metadata\"}\n    Checking memory_set v0.3.2 (/home/runner/check/batch_2/arceos-org/arceos-crates/crates/axmm_crates/memory_set)\n{\"$message_type\":\"artifact\",\"artifact\":\"/home/runner/check/batch_2/arceos-org/arceos-crates/crates/axmm_crates/target/debug/deps/memory_set-01dce10709429e58.d\",\"emit\":\"dep-info\"}\n{\"$message_type\":\"artifact\",\"artifact\":\"/home/runner/check/batch_2/arceos-org/arceos-crates/crates/axmm_crates/target/debug/deps/libmemory_set-01dce10709429e58.rmeta\",\"emit\":\"metadata\"}\n    Finished dev [unoptimized + debuginfo] target(s) in 0.18s\n    Scanning done\nWARNING: Dependency file was never scanned: /home/runner/check/batch_2/arceos-org/arceos-crates/crates/axmm_crates/memory_addr/README.md\nWARNING: Dependency file was never scanned: /home/runner/check/batch_2/arceos-org/arceos-crates/crates/axmm_crates/memory_set/README.md\nerror: Found 2 warnings\n"
            ]
          }
        },
        {
          "file": "[geiger] Unsafe Code statistics",
          "features": "",
          "count": 1,
          "kinds": {
            "Geiger": [
              "pkg=memory_set, checker=Geiger\ntoolchain=nightly-2025-01-26-x86_64-unknown-linux-gnu, target=x86_64-unknown-linux-gnu\nfeatures=\npkg_dir=/home/runner/check/batch_2/arceos-org/arceos-crates/crates/axmm_crates/memory_set\ncmd=cargo +nightly-2025-01-26-x86_64-unknown-linux-gnu geiger --output-format Ascii\ntimestamp=2025-04-03 4:38:17.699281327 +08:00:00\n\n\nMetric output format: x/y\n    x = unsafe code used by the build\n    y = total unsafe code found in the crate\n\nSymbols: \n    :) = No `unsafe` usage found, declares #![forbid(unsafe_code)]\n    ?  = No `unsafe` usage found, missing #![forbid(unsafe_code)]\n    !  = `unsafe` usage found\n\nFunctions  Expressions  Impls  Traits  Methods  Dependency\n\n0/0        0/0          0/0    0/0     0/0      ?  memory_set 0.3.2\n0/0        3/3          0/0    0/0     2/2      !  `-- memory_addr 0.3.2\n\n0/0        3/3          0/0    0/0     2/2    \n\n"
            ]
          }
        },
        {
          "file": "memory_set/src/set.rs",
          "features": "",
          "count": 1,
          "kinds": {
            "Clippy(Warn)": [
              "warning: you should consider adding a `Default` implementation for `MemorySet<B>`\n  --> memory_set/src/set.rs:17:5\n   |\n17 | /     pub const fn new() -> Self {\n18 | |         Self {\n19 | |             areas: BTreeMap::new(),\n20 | |         }\n21 | |     }\n   | |_____^\n   |\n   = help: for further information visit https://rust-lang.github.io/rust-clippy/master/index.html#new_without_default\n   = note: `#[warn(clippy::new_without_default)]` on by default\nhelp: try adding this\n   |\n15 + impl<B: MappingBackend> Default for MemorySet<B> {\n16 +     fn default() -> Self {\n17 +         Self::new()\n18 +     }\n19 + }\n   |\n\n"
            ]
          }
        }
      ]
    },
    {
      "user": "arceos-org",
      "repo": "arceos-crates",
      "pkg": "page_table_entry",
      "count": 3,
      "raw_reports": [
        {
          "file": "(virtual) semver-checks",
          "features": "",
          "count": 1,
          "kinds": {
            "Cargo": [
              "// pkg_name=page_table_entry, checker=SemverChecks\n// toolchain=nightly-2025-01-26-x86_64-unknown-linux-gnu, target=x86_64-unknown-linux-gnu\n// features=\n// pkg_dir=/home/runner/check/batch_2/arceos-org/arceos-crates/crates/page_table_multiarch/page_table_entry\n// cmd=cargo +nightly-2025-01-26-x86_64-unknown-linux-gnu semver-checks --target x86_64-unknown-linux-gnu \n// timestamp=2025-04-03 4:33:44.614396805 +08:00:00\n    Building page_table_entry v0.5.3 (current)\nerror: running cargo-doc on crate 'page_table_entry' failed with output:\n-----\n   Compiling rustversion v1.0.20\n    Checking volatile v0.4.6\n    Checking bit_field v0.10.2\n    Checking bitflags v2.9.0\n    Checking memory_addr v0.3.2\n    Checking x86_64 v0.15.2\n Documenting page_table_entry v0.5.3 (/home/runner/check/batch_2/arceos-org/arceos-crates/crates/page_table_multiarch/page_table_entry)\nerror[E0433]: failed to resolve: use of unresolved module or unlinked crate `aarch64_cpu`\n --> /home/runner/check/batch_2/arceos-org/arceos-crates/crates/page_table_multiarch/page_table_entry/src/arch/aarch64.rs:3:5\n  |\n3 | use aarch64_cpu::registers::MAIR_EL1;\n  |     ^^^^^^^^^^^ use of unresolved module or unlinked crate `aarch64_cpu`\n  |\n  = help: if you wanted to use a crate named `aarch64_cpu`, use `cargo add aarch64_cpu` to add it to your `Cargo.toml`\n\nFor more information about this error, try `rustc --explain E0433`.\nerror: could not document `page_table_entry`\n\n-----\n\nerror: failed to build rustdoc for crate page_table_entry v0.5.3\nnote: this is usually due to a compilation error in the crate,\n      and is unlikely to be a bug in cargo-semver-checks\nnote: the following command can be used to reproduce the compilation error:\n      cargo new --lib example &&\n          cd example &&\n          echo '[workspace]' >> Cargo.toml &&\n          cargo add --path /home/runner/check/batch_2/arceos-org/arceos-crates/crates/page_table_multiarch/page_table_entry --features arm-el2 &&\n          cargo check\n\nerror: aborting due to failure to build rustdoc for crate page_table_entry v0.5.3\n"
            ]
          }
        },
        {
          "file": "[outdated direct dependencies]",
          "features": "",
          "count": 1,
          "kinds": {
            "Outdated": [
              "pkg=page_table_entry, checker=Outdated\ntoolchain=nightly-2025-01-26-x86_64-unknown-linux-gnu, target=x86_64-unknown-linux-gnu\nfeatures=\npkg_dir=/home/runner/check/batch_2/arceos-org/arceos-crates/crates/page_table_multiarch/page_table_entry\ncmd=cargo +nightly-2025-01-26-x86_64-unknown-linux-gnu outdated -R --exit-code=2\ntimestamp=2025-04-03 4:38:10.555491365 +08:00:00\n\nName         Project  Compat  Latest  Kind    Platform\n----         -------  ------  ------  ----    --------\nbitflags     2.8.0    2.9.0   2.9.0   Normal  ---\nmemory_addr  0.3.1    0.3.2   0.3.2   Normal  ---\n"
            ]
          }
        },
        {
          "file": "[semver checks]",
          "features": "",
          "count": 1,
          "kinds": {
            "Semver Violation": [
              "pkg=page_table_entry, checker=SemverChecks\ntoolchain=nightly-2025-01-26-x86_64-unknown-linux-gnu, target=x86_64-unknown-linux-gnu\nfeatures=\npkg_dir=/home/runner/check/batch_2/arceos-org/arceos-crates/crates/page_table_multiarch/page_table_entry\ncmd=cargo +nightly-2025-01-26-x86_64-unknown-linux-gnu semver-checks --target x86_64-unknown-linux-gnu \ntimestamp=2025-04-03 4:33:46.533803323 +08:00:00\n\n\nstdout:\n\nstderr:\n    Building page_table_entry v0.5.3 (current)\nerror: running cargo-doc on crate 'page_table_entry' failed with output:\n-----\n   Compiling rustversion v1.0.20\n    Checking volatile v0.4.6\n    Checking bit_field v0.10.2\n    Checking bitflags v2.9.0\n    Checking memory_addr v0.3.2\n    Checking x86_64 v0.15.2\n Documenting page_table_entry v0.5.3 (/home/runner/check/batch_2/arceos-org/arceos-crates/crates/page_table_multiarch/page_table_entry)\nerror[E0433]: failed to resolve: use of unresolved module or unlinked crate `aarch64_cpu`\n --> /home/runner/check/batch_2/arceos-org/arceos-crates/crates/page_table_multiarch/page_table_entry/src/arch/aarch64.rs:3:5\n  |\n3 | use aarch64_cpu::registers::MAIR_EL1;\n  |     ^^^^^^^^^^^ use of unresolved module or unlinked crate `aarch64_cpu`\n  |\n  = help: if you wanted to use a crate named `aarch64_cpu`, use `cargo add aarch64_cpu` to add it to your `Cargo.toml`\n\nFor more information about this error, try `rustc --explain E0433`.\nerror: could not document `page_table_entry`\n\n-----\n\nerror: failed to build rustdoc for crate page_table_entry v0.5.3\nnote: this is usually due to a compilation error in the crate,\n      and is unlikely to be a bug in cargo-semver-checks\nnote: the following command can be used to reproduce the compilation error:\n      cargo new --lib example &&\n          cd example &&\n          echo '[workspace]' >> Cargo.toml &&\n          cargo add --path /home/runner/check/batch_2/arceos-org/arceos-crates/crates/page_table_multiarch/page_table_entry --features arm-el2 &&\n          cargo check\n\nerror: aborting due to failure to build rustdoc for crate page_table_entry v0.5.3\n"
            ]
          }
        }
      ]
    },
    {
      "user": "arceos-org",
      "repo": "arceos-crates",
      "pkg": "scheduler",
      "count": 3,
      "raw_reports": [
        {
          "file": "src/cfs.rs",
          "features": "",
          "count": 1,
          "kinds": {
            "Clippy(Warn)": [
              "warning: you should consider adding a `Default` implementation for `CFScheduler<T>`\n   --> src/cfs.rs:111:5\n    |\n111 | /     pub const fn new() -> Self {\n112 | |         Self {\n113 | |             ready_queue: BTreeMap::new(),\n114 | |             min_vruntime: None,\n...   |\n117 | |     }\n    | |_____^\n    |\n    = help: for further information visit https://rust-lang.github.io/rust-clippy/master/index.html#new_without_default\n    = note: `#[warn(clippy::new_without_default)]` on by default\nhelp: try adding this\n    |\n109 + impl<T> Default for CFScheduler<T> {\n110 +     fn default() -> Self {\n111 +         Self::new()\n112 +     }\n113 + }\n    |\n\n"
            ]
          }
        },
        {
          "file": "src/fifo.rs",
          "features": "",
          "count": 1,
          "kinds": {
            "Clippy(Warn)": [
              "warning: you should consider adding a `Default` implementation for `FifoScheduler<T>`\n  --> src/fifo.rs:29:5\n   |\n29 | /     pub const fn new() -> Self {\n30 | |         Self {\n31 | |             ready_queue: List::new(),\n32 | |         }\n33 | |     }\n   | |_____^\n   |\n   = help: for further information visit https://rust-lang.github.io/rust-clippy/master/index.html#new_without_default\nhelp: try adding this\n   |\n27 + impl<T> Default for FifoScheduler<T> {\n28 +     fn default() -> Self {\n29 +         Self::new()\n30 +     }\n31 + }\n   |\n\n"
            ]
          }
        },
        {
          "file": "src/round_robin.rs",
          "features": "",
          "count": 1,
          "kinds": {
            "Clippy(Warn)": [
              "warning: you should consider adding a `Default` implementation for `RRScheduler<T, S>`\n  --> src/round_robin.rs:64:5\n   |\n64 | /     pub const fn new() -> Self {\n65 | |         Self {\n66 | |             ready_queue: VecDeque::new(),\n67 | |         }\n68 | |     }\n   | |_____^\n   |\n   = help: for further information visit https://rust-lang.github.io/rust-clippy/master/index.html#new_without_default\nhelp: try adding this\n   |\n62 + impl<T, const S: usize> Default for RRScheduler<T, S> {\n63 +     fn default() -> Self {\n64 +         Self::new()\n65 +     }\n66 + }\n   |\n\n"
            ]
          }
        }
      ]
    },
    {
      "user": "arceos-org",
      "repo": "arceos-crates",
      "pkg": "axdriver_base",
      "count": 2,
      "raw_reports": [
        {
          "file": "(virtual) semver-checks",
          "features": "",
          "count": 1,
          "kinds": {
            "Cargo": [
              "// pkg_name=axdriver_base, checker=SemverChecks\n// toolchain=nightly-2025-01-26-x86_64-unknown-linux-gnu, target=x86_64-unknown-linux-gnu\n// features=\n// pkg_dir=/home/runner/check/batch_2/arceos-org/arceos-crates/crates/axdriver_crates/axdriver_base\n// cmd=cargo +nightly-2025-01-26-x86_64-unknown-linux-gnu semver-checks --target x86_64-unknown-linux-gnu \n// timestamp=2025-04-03 4:32:43.744572724 +08:00:00\n    Building axdriver_base v0.1.2 (current)\n       Built [   0.233s] (current)\n     Parsing axdriver_base v0.1.2 (current)\n      Parsed [   0.001s] (current)\nerror: axdriver_base not found in registry (crates.io). For workarounds check https://github.com/obi1kenobi/cargo-semver-checks#does-the-crate-im-checking-have-to-be-published-on-cratesio\n"
            ]
          }
        },
        {
          "file": "[semver checks]",
          "features": "",
          "count": 1,
          "kinds": {
            "Semver Violation": [
              "pkg=axdriver_base, checker=SemverChecks\ntoolchain=nightly-2025-01-26-x86_64-unknown-linux-gnu, target=x86_64-unknown-linux-gnu\nfeatures=\npkg_dir=/home/runner/check/batch_2/arceos-org/arceos-crates/crates/axdriver_crates/axdriver_base\ncmd=cargo +nightly-2025-01-26-x86_64-unknown-linux-gnu semver-checks --target x86_64-unknown-linux-gnu \ntimestamp=2025-04-03 4:32:44.429523461 +08:00:00\n\n\nstdout:\n\nstderr:\n    Building axdriver_base v0.1.2 (current)\n       Built [   0.233s] (current)\n     Parsing axdriver_base v0.1.2 (current)\n      Parsed [   0.001s] (current)\nerror: axdriver_base not found in registry (crates.io). For workarounds check https://github.com/obi1kenobi/cargo-semver-checks#does-the-crate-im-checking-have-to-be-published-on-cratesio\n"
            ]
          }
        }
      ]
    },
    {
      "user": "arceos-org",
      "repo": "arceos-crates",
      "pkg": "axdriver_block",
      "count": 2,
      "raw_reports": [
        {
          "file": "(virtual) semver-checks",
          "features": "",
          "count": 1,
          "kinds": {
            "Cargo": [
              "// pkg_name=axdriver_block, checker=SemverChecks\n// toolchain=nightly-2025-01-26-x86_64-unknown-linux-gnu, target=x86_64-unknown-linux-gnu\n// features=\n// pkg_dir=/home/runner/check/batch_2/arceos-org/arceos-crates/crates/axdriver_crates/axdriver_block\n// cmd=cargo +nightly-2025-01-26-x86_64-unknown-linux-gnu semver-checks --target x86_64-unknown-linux-gnu \n// timestamp=2025-04-03 4:32:44.431676467 +08:00:00\n    Building axdriver_block v0.1.2 (current)\n       Built [   1.639s] (current)\n     Parsing axdriver_block v0.1.2 (current)\n      Parsed [   0.001s] (current)\nerror: axdriver_block not found in registry (crates.io). For workarounds check https://github.com/obi1kenobi/cargo-semver-checks#does-the-crate-im-checking-have-to-be-published-on-cratesio\n"
            ]
          }
        },
        {
          "file": "[semver checks]",
          "features": "",
          "count": 1,
          "kinds": {
            "Semver Violation": [
              "pkg=axdriver_block, checker=SemverChecks\ntoolchain=nightly-2025-01-26-x86_64-unknown-linux-gnu, target=x86_64-unknown-linux-gnu\nfeatures=\npkg_dir=/home/runner/check/batch_2/arceos-org/arceos-crates/crates/axdriver_crates/axdriver_block\ncmd=cargo +nightly-2025-01-26-x86_64-unknown-linux-gnu semver-checks --target x86_64-unknown-linux-gnu \ntimestamp=2025-04-03 4:32:46.625325104 +08:00:00\n\n\nstdout:\n\nstderr:\n    Building axdriver_block v0.1.2 (current)\n       Built [   1.639s] (current)\n     Parsing axdriver_block v0.1.2 (current)\n      Parsed [   0.001s] (current)\nerror: axdriver_block not found in registry (crates.io). For workarounds check https://github.com/obi1kenobi/cargo-semver-checks#does-the-crate-im-checking-have-to-be-published-on-cratesio\n"
            ]
          }
        }
      ]
    },
    {
      "user": "arceos-org",
      "repo": "arceos-crates",
      "pkg": "axdriver_display",
      "count": 2,
      "raw_reports": [
        {
          "file": "(virtual) semver-checks",
          "features": "",
          "count": 1,
          "kinds": {
            "Cargo": [
              "// pkg_name=axdriver_display, checker=SemverChecks\n// toolchain=nightly-2025-01-26-x86_64-unknown-linux-gnu, target=x86_64-unknown-linux-gnu\n// features=\n// pkg_dir=/home/runner/check/batch_2/arceos-org/arceos-crates/crates/axdriver_crates/axdriver_display\n// cmd=cargo +nightly-2025-01-26-x86_64-unknown-linux-gnu semver-checks --target x86_64-unknown-linux-gnu \n// timestamp=2025-04-03 4:32:46.627921156 +08:00:00\n    Building axdriver_display v0.1.2 (current)\n       Built [   0.254s] (current)\n     Parsing axdriver_display v0.1.2 (current)\n      Parsed [   0.001s] (current)\nerror: axdriver_display not found in registry (crates.io). For workarounds check https://github.com/obi1kenobi/cargo-semver-checks#does-the-crate-im-checking-have-to-be-published-on-cratesio\n"
            ]
          }
        },
        {
          "file": "[semver checks]",
          "features": "",
          "count": 1,
          "kinds": {
            "Semver Violation": [
              "pkg=axdriver_display, checker=SemverChecks\ntoolchain=nightly-2025-01-26-x86_64-unknown-linux-gnu, target=x86_64-unknown-linux-gnu\nfeatures=\npkg_dir=/home/runner/check/batch_2/arceos-org/arceos-crates/crates/axdriver_crates/axdriver_display\ncmd=cargo +nightly-2025-01-26-x86_64-unknown-linux-gnu semver-checks --target x86_64-unknown-linux-gnu \ntimestamp=2025-04-03 4:32:47.312931367 +08:00:00\n\n\nstdout:\n\nstderr:\n    Building axdriver_display v0.1.2 (current)\n       Built [   0.254s] (current)\n     Parsing axdriver_display v0.1.2 (current)\n      Parsed [   0.001s] (current)\nerror: axdriver_display not found in registry (crates.io). For workarounds check https://github.com/obi1kenobi/cargo-semver-checks#does-the-crate-im-checking-have-to-be-published-on-cratesio\n"
            ]
          }
        }
      ]
    },
    {
      "user": "arceos-org",
      "repo": "arceos-crates",
      "pkg": "axerrno",
      "count": 2,
      "raw_reports": [
        {
          "file": "src/../README.md",
          "features": "",
          "count": 2,
          "kinds": {
            "Clippy(Warn)": [
              "warning: doc list item without indentation\n  --> src/../README.md:12:1\n   |\n12 | [`std::io::ErrorKind`].\n   | ^\n   |\n   = help: if this is supposed to be its own paragraph, add a blank line\n   = help: for further information visit https://rust-lang.github.io/rust-clippy/master/index.html#doc_lazy_continuation\n   = note: `#[warn(clippy::doc_lazy_continuation)]` on by default\nhelp: indent this line\n   |\n12 |   [`std::io::ErrorKind`].\n   | ++\n\n",
              "warning: doc list item without indentation\n  --> src/../README.md:14:1\n   |\n14 | `errno.h`. It can be converted from [`AxError`].\n   | ^\n   |\n   = help: if this is supposed to be its own paragraph, add a blank line\n   = help: for further information visit https://rust-lang.github.io/rust-clippy/master/index.html#doc_lazy_continuation\nhelp: indent this line\n   |\n14 |   `errno.h`. It can be converted from [`AxError`].\n   | ++\n\n"
            ]
          }
        }
      ]
    },
    {
      "user": "arceos-org",
      "repo": "arceos-crates",
      "pkg": "axfs_devfs",
      "count": 2,
      "raw_reports": [
        {
          "file": "(virtual) mirai",
          "features": "",
          "count": 1,
          "kinds": {
            "Cargo": [
              "// pkg_name=axfs_devfs, checker=Mirai\n// toolchain=nightly-2025-01-26-x86_64-unknown-linux-gnu, target=x86_64-unknown-linux-gnu\n// features=\n// pkg_dir=/home/runner/check/batch_2/arceos-org/arceos-crates/crates/axfs_crates/axfs_devfs\n// cmd=cargo +nightly-2025-01-10 mirai --target x86_64-unknown-linux-gnu \n// timestamp=2025-04-03 4:34:32.263734595 +08:00:00\n   Compiling autocfg v1.4.0\n   Compiling axerrno v0.1.0\n    Checking log v0.4.27\n    Checking scopeguard v1.2.0\n    Checking bitflags v2.9.0\n    Checking axfs_vfs v0.1.1 (/home/runner/check/batch_2/arceos-org/arceos-crates/crates/axfs_crates/axfs_vfs)\n   Compiling lock_api v0.4.12\n    Checking spin v0.9.8\n    Checking axfs_devfs v0.1.1 (/home/runner/check/batch_2/arceos-org/arceos-crates/crates/axfs_crates/axfs_devfs)\n\nthread 'rustc' panicked at checker/src/body_visitor.rs:2455:14:\nArray length constant to have a known value\nstack backtrace:\n   0:     0x7f2ad36f225a - <std::sys::backtrace::BacktraceLock::print::DisplayBacktrace as core::fmt::Display>::fmt::haa11a086fd5cf8b6\n   1:     0x7f2ad3e12de6 - core::fmt::write::h598f5788e63ddc31\n   2:     0x7f2ad4d0dc11 - std::io::Write::write_fmt::he0f7a0bff96c4890\n   3:     0x7f2ad36f20b2 - std::sys::backtrace::BacktraceLock::print::hcf044404562459ce\n   4:     0x7f2ad36f4657 - std::panicking::default_hook::{{closure}}::hd45b8973727fed9b\n   5:     0x7f2ad36f4440 - std::panicking::default_hook::h27839ca8595913e4\n   6:     0x7f2ad28595a8 - std[592dc8b6a3639af8]::panicking::update_hook::<alloc[6e3751d14ed891ad]::boxed::Box<rustc_driver_impl[e10a489d69d85877]::install_ice_hook::{closure#1}>>::{closure#0}\n   7:     0x7f2ad36f4ea3 - std::panicking::rust_panic_with_hook::hc127df15bf80756b\n   8:     0x7f2ad36f4b9a - std::panicking::begin_panic_handler::{{closure}}::h4887e77da691e0a2\n   9:     0x7f2ad36f2739 - std::sys::backtrace::__rust_end_short_backtrace::h6a94170464f44f5b\n  10:     0x7f2ad36f485d - rust_begin_unwind\n  11:     0x7f2ad03a0f50 - core::panicking::panic_fmt::h54af93ce0afdb21b\n  12:     0x7f2ad100dacb - core::option::expect_failed::h2551ba63281db89a\n  13:     0x55da4e4348ab - core::option::Option<T>::expect::h20c83d5f95b35020\n                               at /home/runner/.rustup/toolchains/nightly-2025-01-10-x86_64-unknown-linux-gnu/lib/rustlib/src/rust/library/core/src/option.rs:933:21\n  14:     0x55da4e4348ab - mirai::body_visitor::BodyVisitor::get_array_length::h634cbaf9fe71e7ed\n                               at /home/runner/work/dockerfiles/dockerfiles/MIRAI/checker/src/body_visitor.rs:2455:14\n  15:     0x55da4e4348ab - mirai::body_visitor::BodyVisitor::try_expand_target_pattern::haf3ce36d166a983d\n                               at /home/runner/work/dockerfiles/dockerfiles/MIRAI/checker/src/body_visitor.rs:2432:26\n  16:     0x55da4e4348ab - mirai::body_visitor::BodyVisitor::copy_or_move_elements::h867e06d89ca36644\n                               at /home/runner/work/dockerfiles/dockerfiles/MIRAI/checker/src/body_visitor.rs:1757:39\n  17:     0x55da4e432ab1 - mirai::body_visitor::BodyVisitor::transfer_and_refine::hc25d8277858863df\n                               at /home/runner/work/dockerfiles/dockerfiles/MIRAI/checker/src/body_visitor.rs:1320:25\n  18:     0x55da4e3cfe06 - mirai::call_visitor::CallVisitor::transfer_and_refine_normal_return_state::h5c6f4ddb4dacd1c3\n                               at /home/runner/work/dockerfiles/dockerfiles/MIRAI/checker/src/call_visitor.rs:3063:13\n  19:     0x55da4e3cd47d - mirai::call_visitor::CallVisitor::transfer_and_refine_into_current_environment::hd21618773eab119a\n                               at /home/runner/work/dockerfiles/dockerfiles/MIRAI/checker/src/call_visitor.rs:2714:9\n  20:     0x55da4e37edde - mirai::block_visitor::BlockVisitor::visit_call::h1b6f9f4e103fb51b\n                               at /home/runner/work/dockerfiles/dockerfiles/MIRAI/checker/src/block_visitor.rs:774:13\n  21:     0x55da4e37ba5b - mirai::block_visitor::BlockVisitor::visit_terminator::h02e260b81a9ad23b\n  22:     0x55da4e37a90a - mirai::block_visitor::BlockVisitor::visit_basic_block::h428c93382bd25129\n                               at /home/runner/work/dockerfiles/dockerfiles/MIRAI/checker/src/block_visitor.rs:105:13\n  23:     0x55da4e323996 - mirai::fixed_point_visitor::FixedPointVisitor::visit_basic_block::hd135ed2565aa5de1\n                               at /home/runner/work/dockerfiles/dockerfiles/MIRAI/checker/src/fixed_point_visitor.rs:131:9\n  24:     0x55da4e3244ec - mirai::fixed_point_visitor::FixedPointVisitor::visit_loop_body::h9724cd469bf4260c\n  25:     0x55da4e3244ec - mirai::fixed_point_visitor::FixedPointVisitor::compute_fixed_point::he02875caa9599e16\n                               at /home/runner/work/dockerfiles/dockerfiles/MIRAI/checker/src/fixed_point_visitor.rs:151:26\n  26:     0x55da4e32230e - mirai::fixed_point_visitor::FixedPointVisitor::visit_blocks::h71fcc59ce07903af\n                               at /home/runner/work/dockerfiles/dockerfiles/MIRAI/checker/src/fixed_point_visitor.rs:85:21\n  27:     0x55da4e42a63d - mirai::body_visitor::BodyVisitor::visit_body::hebf14902b4da6015\n                               at /home/runner/work/dockerfiles/dockerfiles/MIRAI/checker/src/body_visitor.rs:216:9\n  28:     0x55da4e3bc861 - mirai::call_visitor::CallVisitor::create_and_cache_function_summary::h0c0bcb9d153845b8\n                               at /home/runner/work/dockerfiles/dockerfiles/MIRAI/checker/src/call_visitor.rs:142:31\n  29:     0x55da4e3bdbee - mirai::call_visitor::CallVisitor::get_function_summary::h096da366458d02a6\n                               at /home/runner/work/dockerfiles/dockerfiles/MIRAI/checker/src/call_visitor.rs:377:35\n  30:     0x55da4e37eca1 - mirai::block_visitor::BlockVisitor::visit_call::h1b6f9f4e103fb51b\n                               at /home/runner/work/dockerfiles/dockerfiles/MIRAI/checker/src/block_visitor.rs:744:32\n  31:     0x55da4e37ba5b - mirai::block_visitor::BlockVisitor::visit_terminator::h02e260b81a9ad23b\n  32:     0x55da4e37a90a - mirai::block_visitor::BlockVisitor::visit_basic_block::h428c93382bd25129\n                               at /home/runner/work/dockerfiles/dockerfiles/MIRAI/checker/src/block_visitor.rs:105:13\n  33:     0x55da4e323996 - mirai::fixed_point_visitor::FixedPointVisitor::visit_basic_block::hd135ed2565aa5de1\n                               at /home/runner/work/dockerfiles/dockerfiles/MIRAI/checker/src/fixed_point_visitor.rs:131:9\n  34:     0x55da4e3244ec - mirai::fixed_point_visitor::FixedPointVisitor::visit_loop_body::h9724cd469bf4260c\n  35:     0x55da4e3244ec - mirai::fixed_point_visitor::FixedPointVisitor::compute_fixed_point::he02875caa9599e16\n                               at /home/runner/work/dockerfiles/dockerfiles/MIRAI/checker/src/fixed_point_visitor.rs:151:26\n  36:     0x55da4e32230e - mirai::fixed_point_visitor::FixedPointVisitor::visit_blocks::h71fcc59ce07903af\n                               at /home/runner/work/dockerfiles/dockerfiles/MIRAI/checker/src/fixed_point_visitor.rs:85:21\n  37:     0x55da4e42a63d - mirai::body_visitor::BodyVisitor::visit_body::hebf14902b4da6015\n                               at /home/runner/work/dockerfiles/dockerfiles/MIRAI/checker/src/body_visitor.rs:216:9\n  38:     0x55da4e3bc861 - mirai::call_visitor::CallVisitor::create_and_cache_function_summary::h0c0bcb9d153845b8\n                               at /home/runner/work/dockerfiles/dockerfiles/MIRAI/checker/src/call_visitor.rs:142:31\n  39:     0x55da4e3bdbee - mirai::call_visitor::CallVisitor::get_function_summary::h096da366458d02a6\n                               at /home/runner/work/dockerfiles/dockerfiles/MIRAI/checker/src/call_visitor.rs:377:35\n  40:     0x55da4e37eca1 - mirai::block_visitor::BlockVisitor::visit_call::h1b6f9f4e103fb51b\n                               at /home/runner/work/dockerfiles/dockerfiles/MIRAI/checker/src/block_visitor.rs:744:32\n  41:     0x55da4e37ba5b - mirai::block_visitor::BlockVisitor::visit_terminator::h02e260b81a9ad23b\n  42:     0x55da4e37a90a - mirai::block_visitor::BlockVisitor::visit_basic_block::h428c93382bd25129\n                               at /home/runner/work/dockerfiles/dockerfiles/MIRAI/checker/src/block_visitor.rs:105:13\n  43:     0x55da4e323996 - mirai::fixed_point_visitor::FixedPointVisitor::visit_basic_block::hd135ed2565aa5de1\n                               at /home/runner/work/dockerfiles/dockerfiles/MIRAI/checker/src/fixed_point_visitor.rs:131:9\n  44:     0x55da4e3223d2 - mirai::fixed_point_visitor::FixedPointVisitor::visit_blocks::h71fcc59ce07903af\n                               at /home/runner/work/dockerfiles/dockerfiles/MIRAI/checker/src/fixed_point_visitor.rs:83:21\n  45:     0x55da4e42a63d - mirai::body_visitor::BodyVisitor::visit_body::hebf14902b4da6015\n                               at /home/runner/work/dockerfiles/dockerfiles/MIRAI/checker/src/body_visitor.rs:216:9\n  46:     0x55da4e3bc861 - mirai::call_visitor::CallVisitor::create_and_cache_function_summary::h0c0bcb9d153845b8\n                               at /home/runner/work/dockerfiles/dockerfiles/MIRAI/checker/src/call_visitor.rs:142:31\n  47:     0x55da4e3bdbee - mirai::call_visitor::CallVisitor::get_function_summary::h096da366458d02a6\n                               at /home/runner/work/dockerfiles/dockerfiles/MIRAI/checker/src/call_visitor.rs:377:35\n  48:     0x55da4e37eca1 - mirai::block_visitor::BlockVisitor::visit_call::h1b6f9f4e103fb51b\n                               at /home/runner/work/dockerfiles/dockerfiles/MIRAI/checker/src/block_visitor.rs:744:32\n  49:     0x55da4e37ba5b - mirai::block_visitor::BlockVisitor::visit_terminator::h02e260b81a9ad23b\n  50:     0x55da4e37a90a - mirai::block_visitor::BlockVisitor::visit_basic_block::h428c93382bd25129\n                               at /home/runner/work/dockerfiles/dockerfiles/MIRAI/checker/src/block_visitor.rs:105:13\n  51:     0x55da4e323996 - mirai::fixed_point_visitor::FixedPointVisitor::visit_basic_block::hd135ed2565aa5de1\n                               at /home/runner/work/dockerfiles/dockerfiles/MIRAI/checker/src/fixed_point_visitor.rs:131:9\n  52:     0x55da4e3223d2 - mirai::fixed_point_visitor::FixedPointVisitor::visit_blocks::h71fcc59ce07903af\n                               at /home/runner/work/dockerfiles/dockerfiles/MIRAI/checker/src/fixed_point_visitor.rs:83:21\n  53:     0x55da4e42a63d - mirai::body_visitor::BodyVisitor::visit_body::hebf14902b4da6015\n                               at /home/runner/work/dockerfiles/dockerfiles/MIRAI/checker/src/body_visitor.rs:216:9\n  54:     0x55da4e4007ad - mirai::crate_visitor::CrateVisitor::analyze_body::{{closure}}::ha46ecc82594f0b21\n                               at /home/runner/work/dockerfiles/dockerfiles/MIRAI/checker/src/crate_visitor.rs:184:23\n  55:     0x55da4e4007ad - mirai::crate_visitor::CrateVisitor::analyze_body::he3bf4ce647eb6222\n                               at /home/runner/work/dockerfiles/dockerfiles/MIRAI/checker/src/crate_visitor.rs:172:5\n  56:     0x55da4e4007ad - mirai::crate_visitor::CrateVisitor::analyze_some_bodies::{{closure}}::h419ca92621d8e616\n                               at /home/runner/work/dockerfiles/dockerfiles/MIRAI/checker/src/crate_visitor.rs:126:13\n  57:     0x55da4e4007ad - mirai::crate_visitor::CrateVisitor::analyze_some_bodies::h6e774dd5ab54f27f\n                               at /home/runner/work/dockerfiles/dockerfiles/MIRAI/checker/src/crate_visitor.rs:70:5\n  58:     0x55da4e3ff519 - mirai::callbacks::MiraiCallbacks::analyze_with_mirai::{{closure}}::hff00815bb4b8c357\n                               at /home/runner/work/dockerfiles/dockerfiles/MIRAI/checker/src/callbacks.rs:174:9\n  59:     0x55da4e3ff519 - mirai::callbacks::MiraiCallbacks::analyze_with_mirai::h56e0245b748ce6ee\n                               at /home/runner/work/dockerfiles/dockerfiles/MIRAI/checker/src/callbacks.rs:130:5\n  60:     0x55da4e3ff519 - <mirai::callbacks::MiraiCallbacks as rustc_driver_impl::Callbacks>::after_analysis::{{closure}}::hedead334bea57321\n                               at /home/runner/work/dockerfiles/dockerfiles/MIRAI/checker/src/callbacks.rs:117:9\n  61:     0x55da4e3ff519 - <mirai::callbacks::MiraiCallbacks as rustc_driver_impl::Callbacks>::after_analysis::hc46b9304d138ee21\n                               at /home/runner/work/dockerfiles/dockerfiles/MIRAI/checker/src/callbacks.rs:101:5\n  62:     0x7f2ad4de746b - rustc_interface[187a393bac37ad89]::passes::create_and_enter_global_ctxt::<core[e242bdff03c1a32c]::option::Option<rustc_interface[187a393bac37ad89]::queries::Linker>, rustc_driver_impl[e10a489d69d85877]::run_compiler::{closure#0}::{closure#2}>::{closure#2}::{closure#0}\n  63:     0x7f2ad4d41416 - rustc_interface[187a393bac37ad89]::interface::run_compiler::<(), rustc_driver_impl[e10a489d69d85877]::run_compiler::{closure#0}>::{closure#1}\n  64:     0x7f2ad4dc7a07 - std[592dc8b6a3639af8]::sys::backtrace::__rust_begin_short_backtrace::<rustc_interface[187a393bac37ad89]::util::run_in_thread_with_globals<rustc_interface[187a393bac37ad89]::util::run_in_thread_pool_with_globals<rustc_interface[187a393bac37ad89]::interface::run_compiler<(), rustc_driver_impl[e10a489d69d85877]::run_compiler::{closure#0}>::{closure#1}, ()>::{closure#0}, ()>::{closure#0}::{closure#0}, ()>\n  65:     0x7f2ad4dc7ea0 - <<std[592dc8b6a3639af8]::thread::Builder>::spawn_unchecked_<rustc_interface[187a393bac37ad89]::util::run_in_thread_with_globals<rustc_interface[187a393bac37ad89]::util::run_in_thread_pool_with_globals<rustc_interface[187a393bac37ad89]::interface::run_compiler<(), rustc_driver_impl[e10a489d69d85877]::run_compiler::{closure#0}>::{closure#1}, ()>::{closure#0}, ()>::{closure#0}::{closure#0}, ()>::{closure#1} as core[e242bdff03c1a32c]::ops::function::FnOnce<()>>::call_once::{shim:vtable#0}\n  66:     0x7f2ad4dc946f - std::sys::pal::unix::thread::Thread::new::thread_start::h87e1b12b66091992\n  67:     0x7f2acde9caa4 - <unknown>\n  68:     0x7f2acdf29c3c - <unknown>\n  69:                0x0 - <unknown>\n\nerror: the compiler unexpectedly panicked. this is a bug.\n\nnote: we would appreciate a bug report: https://github.com/rust-lang/rust/issues/new?labels=C-bug%2C+I-ICE%2C+T-compiler&template=ice.md\n\nnote: please make sure that you have updated to the latest nightly\n\nnote: please attach the file at `/home/runner/check/batch_2/arceos-org/arceos-crates/crates/axfs_crates/rustc-ice-2025-04-02T20_34_32-28902.txt` to your bug report\n\nnote: compiler flags: --crate-type lib -C embed-bitcode=no -C debuginfo=2 -Z always_encode_mir\n\nnote: some of the compiler flags provided by cargo are hidden\n\nquery stack during panic:\nend of query stack\nerror: could not compile `axfs_devfs` (lib)\n\nCaused by:\n  process didn't exit successfully: `/home/runner/.cargo/bin/cargo-mirai /home/runner/.rustup/toolchains/nightly-2025-01-10-x86_64-unknown-linux-gnu/bin/rustc --crate-name axfs_devfs --edition=2021 axfs_devfs/src/lib.rs --error-format=json --json=diagnostic-rendered-ansi,artifacts,future-incompat --crate-type lib --emit=dep-info,metadata -C embed-bitcode=no -C debuginfo=2 --check-cfg 'cfg(docsrs,test)' --check-cfg 'cfg(feature, values())' -C metadata=6a21d010fd9961d1 -C extra-filename=-4544dbeed30110c1 --out-dir /home/runner/check/batch_2/arceos-org/arceos-crates/crates/axfs_crates/target/x86_64-unknown-linux-gnu/debug/deps --target x86_64-unknown-linux-gnu -L dependency=/home/runner/check/batch_2/arceos-org/arceos-crates/crates/axfs_crates/target/x86_64-unknown-linux-gnu/debug/deps -L dependency=/home/runner/check/batch_2/arceos-org/arceos-crates/crates/axfs_crates/target/debug/deps --extern axfs_vfs=/home/runner/check/batch_2/arceos-org/arceos-crates/crates/axfs_crates/target/x86_64-unknown-linux-gnu/debug/deps/libaxfs_vfs-9ac22065879a46bb.rmeta --extern log=/home/runner/check/batch_2/arceos-org/arceos-crates/crates/axfs_crates/target/x86_64-unknown-linux-gnu/debug/deps/liblog-db8057b4c6ec239b.rmeta --extern spin=/home/runner/check/batch_2/arceos-org/arceos-crates/crates/axfs_crates/target/x86_64-unknown-linux-gnu/debug/deps/libspin-0ea1d3e5a5b6602b.rmeta --cfg mirai -Z always_encode_mir` (exit status: 101)\n"
            ]
          }
        },
        {
          "file": "[outdated direct dependencies]",
          "features": "",
          "count": 1,
          "kinds": {
            "Outdated": [
              "pkg=axfs_devfs, checker=Outdated\ntoolchain=nightly-2025-01-26-x86_64-unknown-linux-gnu, target=x86_64-unknown-linux-gnu\nfeatures=\npkg_dir=/home/runner/check/batch_2/arceos-org/arceos-crates/crates/axfs_crates/axfs_devfs\ncmd=cargo +nightly-2025-01-26-x86_64-unknown-linux-gnu outdated -R --exit-code=2\ntimestamp=2025-04-03 4:38:07.313380262 +08:00:00\n\nName  Project  Compat  Latest  Kind    Platform\n----  -------  ------  ------  ----    --------\nspin  0.9.8    ---     0.10.0  Normal  ---\n"
            ]
          }
        }
      ]
    },
    {
      "user": "arceos-org",
      "repo": "arceos-crates",
      "pkg": "example_crate",
      "count": 2,
      "raw_reports": [
        {
          "file": "(virtual) semver-checks",
          "features": "",
          "count": 1,
          "kinds": {
            "Cargo": [
              "// pkg_name=example_crate, checker=SemverChecks\n// toolchain=nightly-2025-01-26-x86_64-unknown-linux-gnu, target=x86_64-unknown-linux-gnu\n// features=\n// pkg_dir=/home/runner/check/batch_2/arceos-org/arceos-crates/templates\n// cmd=cargo +nightly-2025-01-26-x86_64-unknown-linux-gnu semver-checks --target x86_64-unknown-linux-gnu \n// timestamp=2025-04-03 4:33:21.816985364 +08:00:00\n    Building example_crate v0.1.0 (current)\n       Built [   0.293s] (current)\n     Parsing example_crate v0.1.0 (current)\n      Parsed [   0.002s] (current)\nerror: example_crate not found in registry (crates.io). For workarounds check https://github.com/obi1kenobi/cargo-semver-checks#does-the-crate-im-checking-have-to-be-published-on-cratesio\n"
            ]
          }
        },
        {
          "file": "[semver checks]",
          "features": "",
          "count": 1,
          "kinds": {
            "Semver Violation": [
              "pkg=example_crate, checker=SemverChecks\ntoolchain=nightly-2025-01-26-x86_64-unknown-linux-gnu, target=x86_64-unknown-linux-gnu\nfeatures=\npkg_dir=/home/runner/check/batch_2/arceos-org/arceos-crates/templates\ncmd=cargo +nightly-2025-01-26-x86_64-unknown-linux-gnu semver-checks --target x86_64-unknown-linux-gnu \ntimestamp=2025-04-03 4:33:22.555348881 +08:00:00\n\n\nstdout:\n\nstderr:\n    Building example_crate v0.1.0 (current)\n       Built [   0.293s] (current)\n     Parsing example_crate v0.1.0 (current)\n      Parsed [   0.002s] (current)\nerror: example_crate not found in registry (crates.io). For workarounds check https://github.com/obi1kenobi/cargo-semver-checks#does-the-crate-im-checking-have-to-be-published-on-cratesio\n"
            ]
          }
        }
      ]
    },
    {
      "user": "arceos-org",
      "repo": "arceos-crates",
      "pkg": "memory_addr",
      "count": 2,
      "raw_reports": [
        {
          "file": "(virtual) geiger",
          "features": "",
          "count": 1,
          "kinds": {
            "Cargo": [
              "// pkg_name=memory_addr, checker=Geiger\n// toolchain=nightly-2025-01-26-x86_64-unknown-linux-gnu, target=x86_64-unknown-linux-gnu\n// features=\n// pkg_dir=/home/runner/check/batch_2/arceos-org/arceos-crates/crates/axmm_crates/memory_addr\n// cmd=cargo +nightly-2025-01-26-x86_64-unknown-linux-gnu geiger --output-format Ascii\n// timestamp=2025-04-03 4:38:17.326766555 +08:00:00\n     Removed 0 files\n    Checking memory_addr v0.3.2 (/home/runner/check/batch_2/arceos-org/arceos-crates/crates/axmm_crates/memory_addr)\n{\"$message_type\":\"artifact\",\"artifact\":\"/home/runner/check/batch_2/arceos-org/arceos-crates/crates/axmm_crates/target/debug/deps/memory_addr-8f86a350ce8526e1.d\",\"emit\":\"dep-info\"}\n{\"$message_type\":\"artifact\",\"artifact\":\"/home/runner/check/batch_2/arceos-org/arceos-crates/crates/axmm_crates/target/debug/deps/libmemory_addr-8f86a350ce8526e1.rmeta\",\"emit\":\"metadata\"}\n    Finished dev [unoptimized + debuginfo] target(s) in 0.13s\n    Scanning done\nWARNING: Dependency file was never scanned: /home/runner/check/batch_2/arceos-org/arceos-crates/crates/axmm_crates/memory_addr/README.md\nerror: Found 1 warnings\n"
            ]
          }
        },
        {
          "file": "[geiger] Unsafe Code statistics",
          "features": "",
          "count": 1,
          "kinds": {
            "Geiger": [
              "pkg=memory_addr, checker=Geiger\ntoolchain=nightly-2025-01-26-x86_64-unknown-linux-gnu, target=x86_64-unknown-linux-gnu\nfeatures=\npkg_dir=/home/runner/check/batch_2/arceos-org/arceos-crates/crates/axmm_crates/memory_addr\ncmd=cargo +nightly-2025-01-26-x86_64-unknown-linux-gnu geiger --output-format Ascii\ntimestamp=2025-04-03 4:38:17.491022406 +08:00:00\n\n\nMetric output format: x/y\n    x = unsafe code used by the build\n    y = total unsafe code found in the crate\n\nSymbols: \n    :) = No `unsafe` usage found, declares #![forbid(unsafe_code)]\n    ?  = No `unsafe` usage found, missing #![forbid(unsafe_code)]\n    !  = `unsafe` usage found\n\nFunctions  Expressions  Impls  Traits  Methods  Dependency\n\n0/0        3/3          0/0    0/0     2/2      !  memory_addr 0.3.2\n\n0/0        3/3          0/0    0/0     2/2    \n\n"
            ]
          }
        }
      ]
    },
    {
      "user": "arceos-org",
      "repo": "arceos-crates",
      "pkg": "axfs_ramfs",
      "count": 1,
      "raw_reports": [
        {
          "file": "[outdated direct dependencies]",
          "features": "",
          "count": 1,
          "kinds": {
            "Outdated": [
              "pkg=axfs_ramfs, checker=Outdated\ntoolchain=nightly-2025-01-26-x86_64-unknown-linux-gnu, target=x86_64-unknown-linux-gnu\nfeatures=\npkg_dir=/home/runner/check/batch_2/arceos-org/arceos-crates/crates/axfs_crates/axfs_ramfs\ncmd=cargo +nightly-2025-01-26-x86_64-unknown-linux-gnu outdated -R --exit-code=2\ntimestamp=2025-04-03 4:38:07.527369723 +08:00:00\n\nName  Project  Compat  Latest  Kind    Platform\n----  -------  ------  ------  ----    --------\nspin  0.9.8    ---     0.10.0  Normal  ---\n"
            ]
          }
        }
      ]
    },
    {
      "user": "arceos-org",
      "repo": "arceos-crates",
      "pkg": "ctor_bare",
      "count": 1,
      "raw_reports": [
        {
          "file": "ctor_bare/src/lib.rs",
          "features": "",
          "count": 1,
          "kinds": {
            "Mirai": [
              "warning: [MIRAI] The union is not fully initialized by this assignment\n  --> ctor_bare/src/lib.rs:26:13\n   |\n26 | /             core::mem::transmute::<*const core::ffi::c_void, fn()>(\n27 | |                 *(ctor_ptr as *const *const core::ffi::c_void),\n28 | |             )();\n   | |_____________^\n\n"
            ]
          }
        }
      ]
    },
    {
      "user": "arceos-org",
      "repo": "arceos-crates",
      "pkg": "dw_apb_uart",
      "count": 1,
      "raw_reports": [
        {
          "file": "[outdated direct dependencies]",
          "features": "",
          "count": 1,
          "kinds": {
            "Outdated": [
              "pkg=dw_apb_uart, checker=Outdated\ntoolchain=nightly-2025-01-26-x86_64-unknown-linux-gnu, target=x86_64-unknown-linux-gnu\nfeatures=\npkg_dir=/home/runner/check/batch_2/arceos-org/arceos-crates/crates/dw_apb_uart\ncmd=cargo +nightly-2025-01-26-x86_64-unknown-linux-gnu outdated -R --exit-code=2\ntimestamp=2025-04-03 4:38:09.090524482 +08:00:00\n\nName            Project  Compat  Latest  Kind    Platform\n----            -------  ------  ------  ----    --------\ntock-registers  0.8.1    ---     0.9.0   Normal  ---\n"
            ]
          }
        }
      ]
    },
    {
      "user": "arceos-org",
      "repo": "arceos-crates",
      "pkg": "flatten_objects",
      "count": 1,
      "raw_reports": [
        {
          "file": "src/lib.rs",
          "features": "",
          "count": 1,
          "kinds": {
            "Clippy(Warn)": [
              "warning: you should consider adding a `Default` implementation for `FlattenObjects<T, CAP>`\n  --> src/lib.rs:77:5\n   |\n77 | /     pub const fn new() -> Self {\n78 | |         Self {\n79 | |             objects: [const { MaybeUninit::uninit() }; CAP],\n...  |\n84 | |     }\n   | |_____^\n   |\n   = help: for further information visit https://rust-lang.github.io/rust-clippy/master/index.html#new_without_default\n   = note: `#[warn(clippy::new_without_default)]` on by default\nhelp: try adding this\n   |\n53 + impl<T, const CAP: usize> Default for FlattenObjects<T, CAP>\n54 + where\n55 +     BitsImpl<{ CAP }>: Bits,\n56 +  {\n57 +     fn default() -> Self {\n58 +         Self::new()\n59 +     }\n60 + }\n   |\n\n"
            ]
          }
        }
      ]
    },
    {
      "user": "arceos-org",
      "repo": "arceos-crates",
      "pkg": "x86_rtc",
      "count": 1,
      "raw_reports": [
        {
          "file": "(virtual) rapx",
          "features": "",
          "count": 1,
          "kinds": {
            "Cargo": [
              "// pkg_name=x86_rtc, checker=Rapx\n// toolchain=nightly-2025-01-26-x86_64-unknown-linux-gnu, target=x86_64-unknown-linux-gnu\n// features=\n// pkg_dir=/home/runner/check/batch_2/arceos-org/arceos-crates/crates/x86_rtc\n// cmd=cargo +nightly-2024-10-12 rapx -F -M -- --target x86_64-unknown-linux-gnu \n// timestamp=2025-04-03 4:36:54.711042227 +08:00:00\n    Updating crates.io index\n Downloading crates ...\n  Downloaded volatile v0.4.6\n  Downloaded x86_64 v0.15.2\n  Downloaded rustversion v1.0.19\n  Downloaded bitflags v2.6.0\n   Compiling rustversion v1.0.19\n    Checking bitflags v2.6.0\n    Checking volatile v0.4.6\n    Checking bit_field v0.10.2\n    Checking cfg-if v1.0.0\n    Checking x86_64 v0.15.2\nerror[E0053]: method `steps_between` has an incompatible type for trait\n   --> /home/runner/.cargo/registry/src/index.crates.io-6f17d22bba15001f/x86_64-0.15.2/src/addr.rs:406:51\n    |\n406 |     fn steps_between(start: &Self, end: &Self) -> (usize, Option<usize>) {\n    |                                                   ^^^^^^^^^^^^^^^^^^^^^^ expected `Option<usize>`, found `(usize, Option<usize>)`\n    |\n    = note: expected signature `fn(&addr::VirtAddr, &addr::VirtAddr) -> Option<usize>`\n               found signature `fn(&addr::VirtAddr, &addr::VirtAddr) -> (usize, Option<usize>)`\nhelp: change the output type to match the trait\n    |\n406 |     fn steps_between(start: &Self, end: &Self) -> Option<usize> {\n    |                                                   ~~~~~~~~~~~~~\n\nerror[E0053]: method `steps_between` has an incompatible type for trait\n   --> /home/runner/.cargo/registry/src/index.crates.io-6f17d22bba15001f/x86_64-0.15.2/src/structures/paging/page.rs:307:51\n    |\n307 |     fn steps_between(start: &Self, end: &Self) -> (usize, Option<usize>) {\n    |                                                   ^^^^^^^^^^^^^^^^^^^^^^ expected `Option<usize>`, found `(usize, Option<usize>)`\n    |\n    = note: expected signature `fn(&page::Page<_>, &page::Page<_>) -> Option<usize>`\n               found signature `fn(&page::Page<_>, &page::Page<_>) -> (usize, Option<usize>)`\nhelp: change the output type to match the trait\n    |\n307 |     fn steps_between(start: &Self, end: &Self) -> Option<usize> {\n    |                                                   ~~~~~~~~~~~~~\n\nerror[E0053]: method `steps_between` has an incompatible type for trait\n   --> /home/runner/.cargo/registry/src/index.crates.io-6f17d22bba15001f/x86_64-0.15.2/src/structures/paging/page_table.rs:356:51\n    |\n356 |     fn steps_between(start: &Self, end: &Self) -> (usize, Option<usize>) {\n    |                                                   ^^^^^^^^^^^^^^^^^^^^^^ expected `Option<usize>`, found `(usize, Option<usize>)`\n    |\n    = note: expected signature `fn(&PageTableIndex, &PageTableIndex) -> Option<usize>`\n               found signature `fn(&PageTableIndex, &PageTableIndex) -> (usize, Option<usize>)`\nhelp: change the output type to match the trait\n    |\n356 |     fn steps_between(start: &Self, end: &Self) -> Option<usize> {\n    |                                                   ~~~~~~~~~~~~~\n\nerror[E0308]: mismatched types\n   --> /home/runner/.cargo/registry/src/index.crates.io-6f17d22bba15001f/x86_64-0.15.2/src/structures/paging/page_table.rs:357:9\n    |\n356 |     fn steps_between(start: &Self, end: &Self) -> (usize, Option<usize>) {\n    |                                                   ---------------------- expected `(usize, Option<usize>)` because of return type\n357 |         Step::steps_between(&start.0, &end.0)\n    |         ^^^^^^^^^^^^^^^^^^^^^^^^^^^^^^^^^^^^^ expected `(usize, Option<usize>)`, found `Option<usize>`\n    |\n    = note: expected tuple `(usize, Option<usize>)`\n                found enum `Option<usize>`\n\nSome errors have detailed explanations: E0053, E0308.\nFor more information about an error, try `rustc --explain E0053`.\nerror: could not compile `x86_64` (lib) due to 4 previous errors\n20:36:56|RAP|ERROR|: Finished with non-zero exit code.\n"
            ]
          }
        }
      ]
    }
  ],
  "kinds_order": [
    "Cargo",
    "Clippy(Error)",
    "Clippy(Warn)",
    "Semver Violation",
    "Audit",
    "Mirai",
    "Rapx",
    "Rudra",
    "Lockbud(Probably)",
    "Lockbud(Possibly)",
    "Outdated",
    "Geiger",
    "Unformatted"
  ]
}