{
  "repo": {
    "user": "arceos-org",
    "repo": "scheduler"
  },
  "data": [
    {
      "user": "arceos-org",
      "repo": "scheduler",
      "pkg": "scheduler",
      "count": 19,
      "raw_reports": [
        {
          "file": "(virtual) semver-checks",
          "features": "",
          "count": 4,
          "kinds": {
            "Cargo": [
              "// pkg_name=scheduler, checker=SemverChecks\n// toolchain=nightly-2025-01-26-x86_64-unknown-linux-gnu, target=x86_64-unknown-none\n// features=\n// pkg_dir=/home/runner/check/batch_27/arceos-org/scheduler\n// cmd=cargo +nightly-2025-01-26-x86_64-unknown-linux-gnu semver-checks --target x86_64-unknown-none \n// timestamp=2025-03-07 17:14:33.02470864 +08:00:00\n    Building scheduler v0.2.0 (current)\n       Built [   0.267s] (current)\n     Parsing scheduler v0.2.0 (current)\n      Parsed [   0.002s] (current)\n    Building scheduler v0.1.3 (baseline)\nerror: running cargo-doc on crate 'scheduler' failed with output:\n-----\n   Compiling libc v0.2.170\n    Checking errno v0.3.10\nerror[E0583]: file not found for module `sys`\n  --> /home/runner/.cargo/registry/src/index.crates.io-1949cf8c6b5b557f/errno-0.3.10/src/lib.rs:26:1\n   |\n26 | mod sys;\n   | ^^^^^^^^\n   |\n   = help: to create the module `sys`, create file \"/home/runner/.cargo/registry/src/index.crates.io-1949cf8c6b5b557f/errno-0.3.10/src/sys.rs\" or \"/home/runner/.cargo/registry/src/index.crates.io-1949cf8c6b5b557f/errno-0.3.10/src/sys/mod.rs\"\n   = note: if there is a `mod sys` elsewhere in the crate already, import it with `use crate::...` instead\n\nerror[E0463]: can't find crate for `std`\n  |\n  = note: the `x86_64-unknown-none` target may not support the standard library\n  = note: `std` is required by `errno` because it does not declare `#![no_std]`\n  = help: consider building the standard library from source with `cargo build -Zbuild-std`\n\nerror[E0463]: can't find crate for `std`\n  --> /home/runner/.cargo/registry/src/index.crates.io-1949cf8c6b5b557f/errno-0.3.10/src/lib.rs:30:5\n   |\n30 | use std::error::Error;\n   |     ^^^ can't find crate\n   |\n   = note: the `x86_64-unknown-none` target may not support the standard library\n   = help: consider building the standard library from source with `cargo build -Zbuild-std`\n\nerror[E0463]: can't find crate for `std`\n  --> /home/runner/.cargo/registry/src/index.crates.io-1949cf8c6b5b557f/errno-0.3.10/src/lib.rs:32:5\n   |\n32 | use std::io;\n   |     ^^^ can't find crate\n   |\n   = note: the `x86_64-unknown-none` target may not support the standard library\n   = help: consider building the standard library from source with `cargo build -Zbuild-std`\n\nerror: cannot find attribute `test` in this scope\n   --> /home/runner/.cargo/registry/src/index.crates.io-1949cf8c6b5b557f/errno-0.3.10/src/lib.rs:151:3\n    |\n151 | #[test]\n    |   ^^^^\n    |\nhelp: consider importing this attribute macro\n    |\n28  + use core::prelude::rust_2024::test;\n    |\n\nerror: cannot find macro `assert_eq` in this scope\n   --> /home/runner/.cargo/registry/src/index.crates.io-1949cf8c6b5b557f/errno-0.3.10/src/lib.rs:157:5\n    |\n157 |     assert_eq!(error.kind(), new_error.kind());\n    |     ^^^^^^^^^\n    |\nhelp: consider importing this macro\n    |\n28  + use core::assert_eq;\n    |\n\nerror: cannot find attribute `test` in this scope\n   --> /home/runner/.cargo/registry/src/index.crates.io-1949cf8c6b5b557f/errno-0.3.10/src/lib.rs:117:3\n    |\n117 | #[test]\n    |   ^^^^\n    |\nhelp: consider importing this attribute macro\n    |\n28  + use core::prelude::rust_2024::test;\n    |\n\nerror: cannot find macro `cfg` in this scope\n   --> /home/runner/.cargo/registry/src/index.crates.io-1949cf8c6b5b557f/errno-0.3.10/src/lib.rs:119:21\n    |\n119 |     let expect = if cfg!(windows) {\n    |                     ^^^\n    |\n    = note: `cfg` is in scope, but it is an attribute: `#[cfg]`\nhelp: consider importing this macro\n    |\n28  + use core::cfg;\n    |\n\nerror: cannot find macro `cfg` in this scope\n   --> /home/runner/.cargo/registry/src/index.crates.io-1949cf8c6b5b557f/errno-0.3.10/src/lib.rs:121:15\n    |\n121 |     } else if cfg!(target_os = \"illumos\") {\n    |               ^^^\n    |\n    = note: `cfg` is in scope, but it is an attribute: `#[cfg]`\nhelp: consider importing this macro\n    |\n28  + use core::cfg;\n    |\n\nerror: cannot find macro `cfg` in this scope\n   --> /home/runner/.cargo/registry/src/index.crates.io-1949cf8c6b5b557f/errno-0.3.10/src/lib.rs:123:15\n    |\n123 |     } else if cfg!(target_os = \"wasi\") || cfg!(target_os = \"emscripten\") {\n    |               ^^^\n    |\n    = note: `cfg` is in scope, but it is an attribute: `#[cfg]`\nhelp: consider importing this macro\n    |\n28  + use core::cfg;\n    |\n\nerror: cannot find macro `cfg` in this scope\n   --> /home/runner/.cargo/registry/src/index.crates.io-1949cf8c6b5b557f/errno-0.3.10/src/lib.rs:123:43\n    |\n123 |     } else if cfg!(target_os = \"wasi\") || cfg!(target_os = \"emscripten\") {\n    |                                           ^^^\n    |\n    = note: `cfg` is in scope, but it is an attribute: `#[cfg]`\nhelp: consider importing this macro\n    |\n28  + use core::cfg;\n    |\n\nerror: cannot find macro `cfg` in this scope\n   --> /home/runner/.cargo/registry/src/index.crates.io-1949cf8c6b5b557f/errno-0.3.10/src/lib.rs:125:15\n    |\n125 |     } else if cfg!(target_os = \"haiku\") {\n    |               ^^^\n    |\n    = note: `cfg` is in scope, but it is an attribute: `#[cfg]`\nhelp: consider importing this macro\n    |\n28  + use core::cfg;\n    |\n\nerror: cannot find macro `cfg` in this scope\n   --> /home/runner/.cargo/registry/src/index.crates.io-1949cf8c6b5b557f/errno-0.3.10/src/lib.rs:131:25\n    |\n131 |     let errno_code = if cfg!(target_os = \"haiku\") {\n    |                         ^^^\n    |\n    = note: `cfg` is in scope, but it is an attribute: `#[cfg]`\nhelp: consider importing this macro\n    |\n28  + use core::cfg;\n    |\n\nerror: cannot find macro `cfg` in this scope\n   --> /home/runner/.cargo/registry/src/index.crates.io-1949cf8c6b5b557f/errno-0.3.10/src/lib.rs:133:15\n    |\n133 |     } else if cfg!(target_os = \"hurd\") {\n    |               ^^^\n    |\n    = note: `cfg` is in scope, but it is an attribute: `#[cfg]`\nhelp: consider importing this macro\n    |\n28  + use core::cfg;\n    |\n\nerror: cannot find macro `assert_eq` in this scope\n   --> /home/runner/.cargo/registry/src/index.crates.io-1949cf8c6b5b557f/errno-0.3.10/src/lib.rs:140:5\n    |\n140 |     assert_eq!(errno().to_string(), expect);\n    |     ^^^^^^^^^\n    |\nhelp: consider importing this macro\n    |\n28  + use core::assert_eq;\n    |\n\nerror: cannot find macro `assert_eq` in this scope\n   --> /home/runner/.cargo/registry/src/index.crates.io-1949cf8c6b5b557f/errno-0.3.10/src/lib.rs:141:5\n    |\n141 |     assert_eq!(\n    |     ^^^^^^^^^\n    |\nhelp: consider importing this macro\n    |\n28  + use core::assert_eq;\n    |\n\nerror: cannot find attribute `test` in this scope\n   --> /home/runner/.cargo/registry/src/index.crates.io-1949cf8c6b5b557f/errno-0.3.10/src/lib.rs:110:3\n    |\n110 | #[test]\n    |   ^^^^\n    |\nhelp: consider importing this attribute macro\n    |\n28  + use core::prelude::rust_2024::test;\n    |\n\nerror: cannot find attribute `test` in this scope\n   --> /home/runner/.cargo/registry/src/index.crates.io-1949cf8c6b5b557f/errno-0.3.10/src/lib.rs:103:3\n    |\n103 | #[test]\n    |   ^^^^\n    |\nhelp: consider importing this attribute macro\n    |\n28  + use core::prelude::rust_2024::test;\n    |\n\nerror: cannot find macro `write` in this scope\n  --> /home/runner/.cargo/registry/src/index.crates.io-1949cf8c6b5b557f/errno-0.3.10/src/lib.rs:60:28\n   |\n60 |             Err(fm_err) => write!(\n   |                            ^^^^^\n   |\nhelp: consider importing this macro\n   |\n28 + use core::write;\n   |\n\nerror: cannot find attribute `derive` in this scope\n  --> /home/runner/.cargo/registry/src/index.crates.io-1949cf8c6b5b557f/errno-0.3.10/src/lib.rs:42:3\n   |\n42 | #[derive(Copy, Clone, Eq, Ord, PartialEq, PartialOrd, Hash)]\n   |   ^^^^^^\n   |\nhelp: consider importing this attribute macro\n   |\n28 + use core::prelude::rust_2024::derive;\n   |\n\nerror[E0531]: cannot find tuple struct or tuple variant `Ok` in this scope\n  --> /home/runner/.cargo/registry/src/index.crates.io-1949cf8c6b5b557f/errno-0.3.10/src/lib.rs:59:13\n   |\n59 |             Ok(desc) => fmt.write_str(desc),\n   |             ^^ not found in this scope\n   |\nhelp: consider importing this tuple variant\n   |\n28 + use core::result::Result::Ok;\n   |\n\nerror[E0531]: cannot find tuple struct or tuple variant `Err` in this scope\n  --> /home/runner/.cargo/registry/src/index.crates.io-1949cf8c6b5b557f/errno-0.3.10/src/lib.rs:60:13\n   |\n60 |             Err(fm_err) => write!(\n   |             ^^^ not found in this scope\n   |\nhelp: consider importing this tuple variant\n   |\n28 + use core::result::Result::Err;\n   |\n\nerror[E0405]: cannot find trait `From` in this scope\n  --> /home/runner/.cargo/registry/src/index.crates.io-1949cf8c6b5b557f/errno-0.3.10/src/lib.rs:71:6\n   |\n71 | impl From<Errno> for i32 {\n   |      ^^^^ not found in this scope\n   |\nhelp: consider importing this trait\n   |\n28 + use core::convert::From;\n   |\n\nerror[E0405]: cannot find trait `From` in this scope\n  --> /home/runner/.cargo/registry/src/index.crates.io-1949cf8c6b5b557f/errno-0.3.10/src/lib.rs:87:6\n   |\n87 | impl From<Errno> for io::Error {\n   |      ^^^^ not found in this scope\n   |\nhelp: consider importing this trait\n   |\n28 + use core::convert::From;\n   |\n\nSome errors have detailed explanations: E0405, E0463, E0531, E0583.\nFor more information about an error, try `rustc --explain E0405`.\nerror: could not compile `errno` (lib) due to 24 previous errors\nwarning: build failed, waiting for other jobs to finish...\n\n-----\n\nerror: failed to build rustdoc for crate scheduler v0.1.3\nnote: this is usually due to a compilation error in the crate,\n      and is unlikely to be a bug in cargo-semver-checks\nnote: the following command can be used to reproduce the compilation error:\n      cargo new --lib example &&\n          cd example &&\n          echo '[workspace]' >> Cargo.toml &&\n          cargo add scheduler@=0.1.3 &&\n          cargo check\n\nerror: aborting due to failure to build rustdoc for crate scheduler v0.1.3\n",
              "// pkg_name=scheduler, checker=SemverChecks\n// toolchain=nightly-2025-01-26-x86_64-unknown-linux-gnu, target=aarch64-unknown-none\n// features=\n// pkg_dir=/home/runner/check/batch_27/arceos-org/scheduler\n// cmd=cargo +nightly-2025-01-26-x86_64-unknown-linux-gnu semver-checks --target aarch64-unknown-none \n// timestamp=2025-03-07 17:14:34.405783159 +08:00:00\n    Building scheduler v0.2.0 (current)\n       Built [   0.270s] (current)\n     Parsing scheduler v0.2.0 (current)\n      Parsed [   0.002s] (current)\n    Building scheduler v0.1.3 (baseline)\nerror: running cargo-doc on crate 'scheduler' failed with output:\n-----\n   Compiling libc v0.2.170\n    Checking errno v0.3.10\nerror[E0583]: file not found for module `sys`\n  --> /home/runner/.cargo/registry/src/index.crates.io-1949cf8c6b5b557f/errno-0.3.10/src/lib.rs:26:1\n   |\n26 | mod sys;\n   | ^^^^^^^^\n   |\n   = help: to create the module `sys`, create file \"/home/runner/.cargo/registry/src/index.crates.io-1949cf8c6b5b557f/errno-0.3.10/src/sys.rs\" or \"/home/runner/.cargo/registry/src/index.crates.io-1949cf8c6b5b557f/errno-0.3.10/src/sys/mod.rs\"\n   = note: if there is a `mod sys` elsewhere in the crate already, import it with `use crate::...` instead\n\nerror[E0463]: can't find crate for `std`\n  |\n  = note: the `aarch64-unknown-none` target may not support the standard library\n  = note: `std` is required by `errno` because it does not declare `#![no_std]`\n  = help: consider building the standard library from source with `cargo build -Zbuild-std`\n\nerror[E0463]: can't find crate for `std`\n  --> /home/runner/.cargo/registry/src/index.crates.io-1949cf8c6b5b557f/errno-0.3.10/src/lib.rs:30:5\n   |\n30 | use std::error::Error;\n   |     ^^^ can't find crate\n   |\n   = note: the `aarch64-unknown-none` target may not support the standard library\n   = help: consider building the standard library from source with `cargo build -Zbuild-std`\n\nerror[E0463]: can't find crate for `std`\n  --> /home/runner/.cargo/registry/src/index.crates.io-1949cf8c6b5b557f/errno-0.3.10/src/lib.rs:32:5\n   |\n32 | use std::io;\n   |     ^^^ can't find crate\n   |\n   = note: the `aarch64-unknown-none` target may not support the standard library\n   = help: consider building the standard library from source with `cargo build -Zbuild-std`\n\nerror: cannot find attribute `test` in this scope\n   --> /home/runner/.cargo/registry/src/index.crates.io-1949cf8c6b5b557f/errno-0.3.10/src/lib.rs:151:3\n    |\n151 | #[test]\n    |   ^^^^\n    |\nhelp: consider importing this attribute macro\n    |\n28  + use core::prelude::rust_2024::test;\n    |\n\nerror: cannot find macro `assert_eq` in this scope\n   --> /home/runner/.cargo/registry/src/index.crates.io-1949cf8c6b5b557f/errno-0.3.10/src/lib.rs:157:5\n    |\n157 |     assert_eq!(error.kind(), new_error.kind());\n    |     ^^^^^^^^^\n    |\nhelp: consider importing this macro\n    |\n28  + use core::assert_eq;\n    |\n\nerror: cannot find attribute `test` in this scope\n   --> /home/runner/.cargo/registry/src/index.crates.io-1949cf8c6b5b557f/errno-0.3.10/src/lib.rs:117:3\n    |\n117 | #[test]\n    |   ^^^^\n    |\nhelp: consider importing this attribute macro\n    |\n28  + use core::prelude::rust_2024::test;\n    |\n\nerror: cannot find macro `cfg` in this scope\n   --> /home/runner/.cargo/registry/src/index.crates.io-1949cf8c6b5b557f/errno-0.3.10/src/lib.rs:119:21\n    |\n119 |     let expect = if cfg!(windows) {\n    |                     ^^^\n    |\n    = note: `cfg` is in scope, but it is an attribute: `#[cfg]`\nhelp: consider importing this macro\n    |\n28  + use core::cfg;\n    |\n\nerror: cannot find macro `cfg` in this scope\n   --> /home/runner/.cargo/registry/src/index.crates.io-1949cf8c6b5b557f/errno-0.3.10/src/lib.rs:121:15\n    |\n121 |     } else if cfg!(target_os = \"illumos\") {\n    |               ^^^\n    |\n    = note: `cfg` is in scope, but it is an attribute: `#[cfg]`\nhelp: consider importing this macro\n    |\n28  + use core::cfg;\n    |\n\nerror: cannot find macro `cfg` in this scope\n   --> /home/runner/.cargo/registry/src/index.crates.io-1949cf8c6b5b557f/errno-0.3.10/src/lib.rs:123:15\n    |\n123 |     } else if cfg!(target_os = \"wasi\") || cfg!(target_os = \"emscripten\") {\n    |               ^^^\n    |\n    = note: `cfg` is in scope, but it is an attribute: `#[cfg]`\nhelp: consider importing this macro\n    |\n28  + use core::cfg;\n    |\n\nerror: cannot find macro `cfg` in this scope\n   --> /home/runner/.cargo/registry/src/index.crates.io-1949cf8c6b5b557f/errno-0.3.10/src/lib.rs:123:43\n    |\n123 |     } else if cfg!(target_os = \"wasi\") || cfg!(target_os = \"emscripten\") {\n    |                                           ^^^\n    |\n    = note: `cfg` is in scope, but it is an attribute: `#[cfg]`\nhelp: consider importing this macro\n    |\n28  + use core::cfg;\n    |\n\nerror: cannot find macro `cfg` in this scope\n   --> /home/runner/.cargo/registry/src/index.crates.io-1949cf8c6b5b557f/errno-0.3.10/src/lib.rs:125:15\n    |\n125 |     } else if cfg!(target_os = \"haiku\") {\n    |               ^^^\n    |\n    = note: `cfg` is in scope, but it is an attribute: `#[cfg]`\nhelp: consider importing this macro\n    |\n28  + use core::cfg;\n    |\n\nerror: cannot find macro `cfg` in this scope\n   --> /home/runner/.cargo/registry/src/index.crates.io-1949cf8c6b5b557f/errno-0.3.10/src/lib.rs:131:25\n    |\n131 |     let errno_code = if cfg!(target_os = \"haiku\") {\n    |                         ^^^\n    |\n    = note: `cfg` is in scope, but it is an attribute: `#[cfg]`\nhelp: consider importing this macro\n    |\n28  + use core::cfg;\n    |\n\nerror: cannot find macro `cfg` in this scope\n   --> /home/runner/.cargo/registry/src/index.crates.io-1949cf8c6b5b557f/errno-0.3.10/src/lib.rs:133:15\n    |\n133 |     } else if cfg!(target_os = \"hurd\") {\n    |               ^^^\n    |\n    = note: `cfg` is in scope, but it is an attribute: `#[cfg]`\nhelp: consider importing this macro\n    |\n28  + use core::cfg;\n    |\n\nerror: cannot find macro `assert_eq` in this scope\n   --> /home/runner/.cargo/registry/src/index.crates.io-1949cf8c6b5b557f/errno-0.3.10/src/lib.rs:140:5\n    |\n140 |     assert_eq!(errno().to_string(), expect);\n    |     ^^^^^^^^^\n    |\nhelp: consider importing this macro\n    |\n28  + use core::assert_eq;\n    |\n\nerror: cannot find macro `assert_eq` in this scope\n   --> /home/runner/.cargo/registry/src/index.crates.io-1949cf8c6b5b557f/errno-0.3.10/src/lib.rs:141:5\n    |\n141 |     assert_eq!(\n    |     ^^^^^^^^^\n    |\nhelp: consider importing this macro\n    |\n28  + use core::assert_eq;\n    |\n\nerror: cannot find attribute `test` in this scope\n   --> /home/runner/.cargo/registry/src/index.crates.io-1949cf8c6b5b557f/errno-0.3.10/src/lib.rs:110:3\n    |\n110 | #[test]\n    |   ^^^^\n    |\nhelp: consider importing this attribute macro\n    |\n28  + use core::prelude::rust_2024::test;\n    |\n\nerror: cannot find attribute `test` in this scope\n   --> /home/runner/.cargo/registry/src/index.crates.io-1949cf8c6b5b557f/errno-0.3.10/src/lib.rs:103:3\n    |\n103 | #[test]\n    |   ^^^^\n    |\nhelp: consider importing this attribute macro\n    |\n28  + use core::prelude::rust_2024::test;\n    |\n\nerror: cannot find macro `write` in this scope\n  --> /home/runner/.cargo/registry/src/index.crates.io-1949cf8c6b5b557f/errno-0.3.10/src/lib.rs:60:28\n   |\n60 |             Err(fm_err) => write!(\n   |                            ^^^^^\n   |\nhelp: consider importing this macro\n   |\n28 + use core::write;\n   |\n\nerror: cannot find attribute `derive` in this scope\n  --> /home/runner/.cargo/registry/src/index.crates.io-1949cf8c6b5b557f/errno-0.3.10/src/lib.rs:42:3\n   |\n42 | #[derive(Copy, Clone, Eq, Ord, PartialEq, PartialOrd, Hash)]\n   |   ^^^^^^\n   |\nhelp: consider importing this attribute macro\n   |\n28 + use core::prelude::rust_2024::derive;\n   |\n\nerror[E0531]: cannot find tuple struct or tuple variant `Ok` in this scope\n  --> /home/runner/.cargo/registry/src/index.crates.io-1949cf8c6b5b557f/errno-0.3.10/src/lib.rs:59:13\n   |\n59 |             Ok(desc) => fmt.write_str(desc),\n   |             ^^ not found in this scope\n   |\nhelp: consider importing this tuple variant\n   |\n28 + use core::result::Result::Ok;\n   |\n\nerror[E0531]: cannot find tuple struct or tuple variant `Err` in this scope\n  --> /home/runner/.cargo/registry/src/index.crates.io-1949cf8c6b5b557f/errno-0.3.10/src/lib.rs:60:13\n   |\n60 |             Err(fm_err) => write!(\n   |             ^^^ not found in this scope\n   |\nhelp: consider importing this tuple variant\n   |\n28 + use core::result::Result::Err;\n   |\n\nerror[E0405]: cannot find trait `From` in this scope\n  --> /home/runner/.cargo/registry/src/index.crates.io-1949cf8c6b5b557f/errno-0.3.10/src/lib.rs:71:6\n   |\n71 | impl From<Errno> for i32 {\n   |      ^^^^ not found in this scope\n   |\nhelp: consider importing this trait\n   |\n28 + use core::convert::From;\n   |\n\nerror[E0405]: cannot find trait `From` in this scope\n  --> /home/runner/.cargo/registry/src/index.crates.io-1949cf8c6b5b557f/errno-0.3.10/src/lib.rs:87:6\n   |\n87 | impl From<Errno> for io::Error {\n   |      ^^^^ not found in this scope\n   |\nhelp: consider importing this trait\n   |\n28 + use core::convert::From;\n   |\n\nSome errors have detailed explanations: E0405, E0463, E0531, E0583.\nFor more information about an error, try `rustc --explain E0405`.\nerror: could not compile `errno` (lib) due to 24 previous errors\n\n-----\n\nerror: failed to build rustdoc for crate scheduler v0.1.3\nnote: this is usually due to a compilation error in the crate,\n      and is unlikely to be a bug in cargo-semver-checks\nnote: the following command can be used to reproduce the compilation error:\n      cargo new --lib example &&\n          cd example &&\n          echo '[workspace]' >> Cargo.toml &&\n          cargo add scheduler@=0.1.3 &&\n          cargo check\n\nerror: aborting due to failure to build rustdoc for crate scheduler v0.1.3\n",
              "// pkg_name=scheduler, checker=SemverChecks\n// toolchain=nightly-2025-01-26-x86_64-unknown-linux-gnu, target=riscv64gc-unknown-none-elf\n// features=\n// pkg_dir=/home/runner/check/batch_27/arceos-org/scheduler\n// cmd=cargo +nightly-2025-01-26-x86_64-unknown-linux-gnu semver-checks --target riscv64gc-unknown-none-elf \n// timestamp=2025-03-07 17:14:33.811134459 +08:00:00\n    Building scheduler v0.2.0 (current)\n       Built [   0.262s] (current)\n     Parsing scheduler v0.2.0 (current)\n      Parsed [   0.002s] (current)\n    Building scheduler v0.1.3 (baseline)\nerror: running cargo-doc on crate 'scheduler' failed with output:\n-----\n   Compiling libc v0.2.170\n    Checking errno v0.3.10\nerror[E0583]: file not found for module `sys`\n  --> /home/runner/.cargo/registry/src/index.crates.io-1949cf8c6b5b557f/errno-0.3.10/src/lib.rs:26:1\n   |\n26 | mod sys;\n   | ^^^^^^^^\n   |\n   = help: to create the module `sys`, create file \"/home/runner/.cargo/registry/src/index.crates.io-1949cf8c6b5b557f/errno-0.3.10/src/sys.rs\" or \"/home/runner/.cargo/registry/src/index.crates.io-1949cf8c6b5b557f/errno-0.3.10/src/sys/mod.rs\"\n   = note: if there is a `mod sys` elsewhere in the crate already, import it with `use crate::...` instead\n\nerror[E0463]: can't find crate for `std`\n  |\n  = note: the `riscv64gc-unknown-none-elf` target may not support the standard library\n  = note: `std` is required by `errno` because it does not declare `#![no_std]`\n  = help: consider building the standard library from source with `cargo build -Zbuild-std`\n\nerror[E0463]: can't find crate for `std`\n  --> /home/runner/.cargo/registry/src/index.crates.io-1949cf8c6b5b557f/errno-0.3.10/src/lib.rs:30:5\n   |\n30 | use std::error::Error;\n   |     ^^^ can't find crate\n   |\n   = note: the `riscv64gc-unknown-none-elf` target may not support the standard library\n   = help: consider building the standard library from source with `cargo build -Zbuild-std`\n\nerror[E0463]: can't find crate for `std`\n  --> /home/runner/.cargo/registry/src/index.crates.io-1949cf8c6b5b557f/errno-0.3.10/src/lib.rs:32:5\n   |\n32 | use std::io;\n   |     ^^^ can't find crate\n   |\n   = note: the `riscv64gc-unknown-none-elf` target may not support the standard library\n   = help: consider building the standard library from source with `cargo build -Zbuild-std`\n\nerror: cannot find attribute `test` in this scope\n   --> /home/runner/.cargo/registry/src/index.crates.io-1949cf8c6b5b557f/errno-0.3.10/src/lib.rs:151:3\n    |\n151 | #[test]\n    |   ^^^^\n    |\nhelp: consider importing this attribute macro\n    |\n28  + use core::prelude::rust_2024::test;\n    |\n\nerror: cannot find macro `assert_eq` in this scope\n   --> /home/runner/.cargo/registry/src/index.crates.io-1949cf8c6b5b557f/errno-0.3.10/src/lib.rs:157:5\n    |\n157 |     assert_eq!(error.kind(), new_error.kind());\n    |     ^^^^^^^^^\n    |\nhelp: consider importing this macro\n    |\n28  + use core::assert_eq;\n    |\n\nerror: cannot find attribute `test` in this scope\n   --> /home/runner/.cargo/registry/src/index.crates.io-1949cf8c6b5b557f/errno-0.3.10/src/lib.rs:117:3\n    |\n117 | #[test]\n    |   ^^^^\n    |\nhelp: consider importing this attribute macro\n    |\n28  + use core::prelude::rust_2024::test;\n    |\n\nerror: cannot find macro `cfg` in this scope\n   --> /home/runner/.cargo/registry/src/index.crates.io-1949cf8c6b5b557f/errno-0.3.10/src/lib.rs:119:21\n    |\n119 |     let expect = if cfg!(windows) {\n    |                     ^^^\n    |\n    = note: `cfg` is in scope, but it is an attribute: `#[cfg]`\nhelp: consider importing this macro\n    |\n28  + use core::cfg;\n    |\n\nerror: cannot find macro `cfg` in this scope\n   --> /home/runner/.cargo/registry/src/index.crates.io-1949cf8c6b5b557f/errno-0.3.10/src/lib.rs:121:15\n    |\n121 |     } else if cfg!(target_os = \"illumos\") {\n    |               ^^^\n    |\n    = note: `cfg` is in scope, but it is an attribute: `#[cfg]`\nhelp: consider importing this macro\n    |\n28  + use core::cfg;\n    |\n\nerror: cannot find macro `cfg` in this scope\n   --> /home/runner/.cargo/registry/src/index.crates.io-1949cf8c6b5b557f/errno-0.3.10/src/lib.rs:123:15\n    |\n123 |     } else if cfg!(target_os = \"wasi\") || cfg!(target_os = \"emscripten\") {\n    |               ^^^\n    |\n    = note: `cfg` is in scope, but it is an attribute: `#[cfg]`\nhelp: consider importing this macro\n    |\n28  + use core::cfg;\n    |\n\nerror: cannot find macro `cfg` in this scope\n   --> /home/runner/.cargo/registry/src/index.crates.io-1949cf8c6b5b557f/errno-0.3.10/src/lib.rs:123:43\n    |\n123 |     } else if cfg!(target_os = \"wasi\") || cfg!(target_os = \"emscripten\") {\n    |                                           ^^^\n    |\n    = note: `cfg` is in scope, but it is an attribute: `#[cfg]`\nhelp: consider importing this macro\n    |\n28  + use core::cfg;\n    |\n\nerror: cannot find macro `cfg` in this scope\n   --> /home/runner/.cargo/registry/src/index.crates.io-1949cf8c6b5b557f/errno-0.3.10/src/lib.rs:125:15\n    |\n125 |     } else if cfg!(target_os = \"haiku\") {\n    |               ^^^\n    |\n    = note: `cfg` is in scope, but it is an attribute: `#[cfg]`\nhelp: consider importing this macro\n    |\n28  + use core::cfg;\n    |\n\nerror: cannot find macro `cfg` in this scope\n   --> /home/runner/.cargo/registry/src/index.crates.io-1949cf8c6b5b557f/errno-0.3.10/src/lib.rs:131:25\n    |\n131 |     let errno_code = if cfg!(target_os = \"haiku\") {\n    |                         ^^^\n    |\n    = note: `cfg` is in scope, but it is an attribute: `#[cfg]`\nhelp: consider importing this macro\n    |\n28  + use core::cfg;\n    |\n\nerror: cannot find macro `cfg` in this scope\n   --> /home/runner/.cargo/registry/src/index.crates.io-1949cf8c6b5b557f/errno-0.3.10/src/lib.rs:133:15\n    |\n133 |     } else if cfg!(target_os = \"hurd\") {\n    |               ^^^\n    |\n    = note: `cfg` is in scope, but it is an attribute: `#[cfg]`\nhelp: consider importing this macro\n    |\n28  + use core::cfg;\n    |\n\nerror: cannot find macro `assert_eq` in this scope\n   --> /home/runner/.cargo/registry/src/index.crates.io-1949cf8c6b5b557f/errno-0.3.10/src/lib.rs:140:5\n    |\n140 |     assert_eq!(errno().to_string(), expect);\n    |     ^^^^^^^^^\n    |\nhelp: consider importing this macro\n    |\n28  + use core::assert_eq;\n    |\n\nerror: cannot find macro `assert_eq` in this scope\n   --> /home/runner/.cargo/registry/src/index.crates.io-1949cf8c6b5b557f/errno-0.3.10/src/lib.rs:141:5\n    |\n141 |     assert_eq!(\n    |     ^^^^^^^^^\n    |\nhelp: consider importing this macro\n    |\n28  + use core::assert_eq;\n    |\n\nerror: cannot find attribute `test` in this scope\n   --> /home/runner/.cargo/registry/src/index.crates.io-1949cf8c6b5b557f/errno-0.3.10/src/lib.rs:110:3\n    |\n110 | #[test]\n    |   ^^^^\n    |\nhelp: consider importing this attribute macro\n    |\n28  + use core::prelude::rust_2024::test;\n    |\n\nerror: cannot find attribute `test` in this scope\n   --> /home/runner/.cargo/registry/src/index.crates.io-1949cf8c6b5b557f/errno-0.3.10/src/lib.rs:103:3\n    |\n103 | #[test]\n    |   ^^^^\n    |\nhelp: consider importing this attribute macro\n    |\n28  + use core::prelude::rust_2024::test;\n    |\n\nerror: cannot find macro `write` in this scope\n  --> /home/runner/.cargo/registry/src/index.crates.io-1949cf8c6b5b557f/errno-0.3.10/src/lib.rs:60:28\n   |\n60 |             Err(fm_err) => write!(\n   |                            ^^^^^\n   |\nhelp: consider importing this macro\n   |\n28 + use core::write;\n   |\n\nerror: cannot find attribute `derive` in this scope\n  --> /home/runner/.cargo/registry/src/index.crates.io-1949cf8c6b5b557f/errno-0.3.10/src/lib.rs:42:3\n   |\n42 | #[derive(Copy, Clone, Eq, Ord, PartialEq, PartialOrd, Hash)]\n   |   ^^^^^^\n   |\nhelp: consider importing this attribute macro\n   |\n28 + use core::prelude::rust_2024::derive;\n   |\n\nerror[E0531]: cannot find tuple struct or tuple variant `Ok` in this scope\n  --> /home/runner/.cargo/registry/src/index.crates.io-1949cf8c6b5b557f/errno-0.3.10/src/lib.rs:59:13\n   |\n59 |             Ok(desc) => fmt.write_str(desc),\n   |             ^^ not found in this scope\n   |\nhelp: consider importing this tuple variant\n   |\n28 + use core::result::Result::Ok;\n   |\n\nerror[E0531]: cannot find tuple struct or tuple variant `Err` in this scope\n  --> /home/runner/.cargo/registry/src/index.crates.io-1949cf8c6b5b557f/errno-0.3.10/src/lib.rs:60:13\n   |\n60 |             Err(fm_err) => write!(\n   |             ^^^ not found in this scope\n   |\nhelp: consider importing this tuple variant\n   |\n28 + use core::result::Result::Err;\n   |\n\nerror[E0405]: cannot find trait `From` in this scope\n  --> /home/runner/.cargo/registry/src/index.crates.io-1949cf8c6b5b557f/errno-0.3.10/src/lib.rs:71:6\n   |\n71 | impl From<Errno> for i32 {\n   |      ^^^^ not found in this scope\n   |\nhelp: consider importing this trait\n   |\n28 + use core::convert::From;\n   |\n\nerror[E0405]: cannot find trait `From` in this scope\n  --> /home/runner/.cargo/registry/src/index.crates.io-1949cf8c6b5b557f/errno-0.3.10/src/lib.rs:87:6\n   |\n87 | impl From<Errno> for io::Error {\n   |      ^^^^ not found in this scope\n   |\nhelp: consider importing this trait\n   |\n28 + use core::convert::From;\n   |\n\nSome errors have detailed explanations: E0405, E0463, E0531, E0583.\nFor more information about an error, try `rustc --explain E0405`.\nerror: could not compile `errno` (lib) due to 24 previous errors\n\n-----\n\nerror: failed to build rustdoc for crate scheduler v0.1.3\nnote: this is usually due to a compilation error in the crate,\n      and is unlikely to be a bug in cargo-semver-checks\nnote: the following command can be used to reproduce the compilation error:\n      cargo new --lib example &&\n          cd example &&\n          echo '[workspace]' >> Cargo.toml &&\n          cargo add scheduler@=0.1.3 &&\n          cargo check\n\nerror: aborting due to failure to build rustdoc for crate scheduler v0.1.3\n",
              "// pkg_name=scheduler, checker=SemverChecks\n// toolchain=nightly-2025-01-26-x86_64-unknown-linux-gnu, target=x86_64-unknown-linux-gnu\n// features=\n// pkg_dir=/home/runner/check/batch_27/arceos-org/scheduler\n// cmd=cargo +nightly-2025-01-26-x86_64-unknown-linux-gnu semver-checks --target x86_64-unknown-linux-gnu \n// timestamp=2025-02-16 20:39:45.021178386 +08:00:00\n    Building scheduler v0.2.0 (current)\n       Built [   0.318s] (current)\n     Parsing scheduler v0.2.0 (current)\nerror: unsupported rustdoc format v39 for file: /home/runner/check/batch_27/arceos-org/scheduler/target/semver-checks/local-scheduler-0_2_0-01666ec060466c14/target/x86_64-unknown-linux-gnu/doc/scheduler.json\n"
            ]
          }
        },
        {
          "file": "src/cfs.rs",
          "features": "",
          "count": 4,
          "kinds": {
            "Clippy(Warn)": [
              "warning: you should consider adding a `Default` implementation for `CFScheduler<T>`\n   --> src/cfs.rs:111:5\n    |\n111 | /     pub const fn new() -> Self {\n112 | |         Self {\n113 | |             ready_queue: BTreeMap::new(),\n114 | |             min_vruntime: None,\n...   |\n117 | |     }\n    | |_____^\n    |\n    = help: for further information visit https://rust-lang.github.io/rust-clippy/master/index.html#new_without_default\n    = note: `#[warn(clippy::new_without_default)]` on by default\nhelp: try adding this\n    |\n109 + impl<T> Default for CFScheduler<T> {\n110 +     fn default() -> Self {\n111 +         Self::new()\n112 +     }\n113 + }\n    |\n\n",
              "warning: you should consider adding a `Default` implementation for `CFScheduler<T>`\n   --> src/cfs.rs:111:5\n    |\n111 | /     pub const fn new() -> Self {\n112 | |         Self {\n113 | |             ready_queue: BTreeMap::new(),\n114 | |             min_vruntime: None,\n...   |\n117 | |     }\n    | |_____^\n    |\n    = help: for further information visit https://rust-lang.github.io/rust-clippy/master/index.html#new_without_default\n    = note: `#[warn(clippy::new_without_default)]` on by default\nhelp: try adding this\n    |\n109 + impl<T> Default for CFScheduler<T> {\n110 +     fn default() -> Self {\n111 +         Self::new()\n112 +     }\n113 + }\n    |\n\n",
              "warning: you should consider adding a `Default` implementation for `CFScheduler<T>`\n   --> src/cfs.rs:111:5\n    |\n111 | /     pub const fn new() -> Self {\n112 | |         Self {\n113 | |             ready_queue: BTreeMap::new(),\n114 | |             min_vruntime: None,\n...   |\n117 | |     }\n    | |_____^\n    |\n    = help: for further information visit https://rust-lang.github.io/rust-clippy/master/index.html#new_without_default\n    = note: `#[warn(clippy::new_without_default)]` on by default\nhelp: try adding this\n    |\n109 + impl<T> Default for CFScheduler<T> {\n110 +     fn default() -> Self {\n111 +         Self::new()\n112 +     }\n113 + }\n    |\n\n",
              "warning: you should consider adding a `Default` implementation for `CFScheduler<T>`\n   --> src/cfs.rs:111:5\n    |\n111 | /     pub const fn new() -> Self {\n112 | |         Self {\n113 | |             ready_queue: BTreeMap::new(),\n114 | |             min_vruntime: None,\n...   |\n117 | |     }\n    | |_____^\n    |\n    = help: for further information visit https://rust-lang.github.io/rust-clippy/master/index.html#new_without_default\n    = note: `#[warn(clippy::new_without_default)]` on by default\nhelp: try adding this\n    |\n109 + impl<T> Default for CFScheduler<T> {\n110 +     fn default() -> Self {\n111 +         Self::new()\n112 +     }\n113 + }\n    |\n\n"
            ]
          }
        },
        {
          "file": "src/fifo.rs",
          "features": "",
          "count": 4,
          "kinds": {
            "Clippy(Warn)": [
              "warning: you should consider adding a `Default` implementation for `FifoScheduler<T>`\n  --> src/fifo.rs:29:5\n   |\n29 | /     pub const fn new() -> Self {\n30 | |         Self {\n31 | |             ready_queue: List::new(),\n32 | |         }\n33 | |     }\n   | |_____^\n   |\n   = help: for further information visit https://rust-lang.github.io/rust-clippy/master/index.html#new_without_default\nhelp: try adding this\n   |\n27 + impl<T> Default for FifoScheduler<T> {\n28 +     fn default() -> Self {\n29 +         Self::new()\n30 +     }\n31 + }\n   |\n\n",
              "warning: you should consider adding a `Default` implementation for `FifoScheduler<T>`\n  --> src/fifo.rs:29:5\n   |\n29 | /     pub const fn new() -> Self {\n30 | |         Self {\n31 | |             ready_queue: List::new(),\n32 | |         }\n33 | |     }\n   | |_____^\n   |\n   = help: for further information visit https://rust-lang.github.io/rust-clippy/master/index.html#new_without_default\nhelp: try adding this\n   |\n27 + impl<T> Default for FifoScheduler<T> {\n28 +     fn default() -> Self {\n29 +         Self::new()\n30 +     }\n31 + }\n   |\n\n",
              "warning: you should consider adding a `Default` implementation for `FifoScheduler<T>`\n  --> src/fifo.rs:29:5\n   |\n29 | /     pub const fn new() -> Self {\n30 | |         Self {\n31 | |             ready_queue: List::new(),\n32 | |         }\n33 | |     }\n   | |_____^\n   |\n   = help: for further information visit https://rust-lang.github.io/rust-clippy/master/index.html#new_without_default\nhelp: try adding this\n   |\n27 + impl<T> Default for FifoScheduler<T> {\n28 +     fn default() -> Self {\n29 +         Self::new()\n30 +     }\n31 + }\n   |\n\n",
              "warning: you should consider adding a `Default` implementation for `FifoScheduler<T>`\n  --> src/fifo.rs:29:5\n   |\n29 | /     pub const fn new() -> Self {\n30 | |         Self {\n31 | |             ready_queue: List::new(),\n32 | |         }\n33 | |     }\n   | |_____^\n   |\n   = help: for further information visit https://rust-lang.github.io/rust-clippy/master/index.html#new_without_default\nhelp: try adding this\n   |\n27 + impl<T> Default for FifoScheduler<T> {\n28 +     fn default() -> Self {\n29 +         Self::new()\n30 +     }\n31 + }\n   |\n\n"
            ]
          }
        },
        {
          "file": "src/round_robin.rs",
          "features": "",
          "count": 4,
          "kinds": {
            "Clippy(Warn)": [
              "warning: you should consider adding a `Default` implementation for `RRScheduler<T, S>`\n  --> src/round_robin.rs:64:5\n   |\n64 | /     pub const fn new() -> Self {\n65 | |         Self {\n66 | |             ready_queue: VecDeque::new(),\n67 | |         }\n68 | |     }\n   | |_____^\n   |\n   = help: for further information visit https://rust-lang.github.io/rust-clippy/master/index.html#new_without_default\nhelp: try adding this\n   |\n62 + impl<T, const S: usize> Default for RRScheduler<T, S> {\n63 +     fn default() -> Self {\n64 +         Self::new()\n65 +     }\n66 + }\n   |\n\n",
              "warning: you should consider adding a `Default` implementation for `RRScheduler<T, S>`\n  --> src/round_robin.rs:64:5\n   |\n64 | /     pub const fn new() -> Self {\n65 | |         Self {\n66 | |             ready_queue: VecDeque::new(),\n67 | |         }\n68 | |     }\n   | |_____^\n   |\n   = help: for further information visit https://rust-lang.github.io/rust-clippy/master/index.html#new_without_default\nhelp: try adding this\n   |\n62 + impl<T, const S: usize> Default for RRScheduler<T, S> {\n63 +     fn default() -> Self {\n64 +         Self::new()\n65 +     }\n66 + }\n   |\n\n",
              "warning: you should consider adding a `Default` implementation for `RRScheduler<T, S>`\n  --> src/round_robin.rs:64:5\n   |\n64 | /     pub const fn new() -> Self {\n65 | |         Self {\n66 | |             ready_queue: VecDeque::new(),\n67 | |         }\n68 | |     }\n   | |_____^\n   |\n   = help: for further information visit https://rust-lang.github.io/rust-clippy/master/index.html#new_without_default\nhelp: try adding this\n   |\n62 + impl<T, const S: usize> Default for RRScheduler<T, S> {\n63 +     fn default() -> Self {\n64 +         Self::new()\n65 +     }\n66 + }\n   |\n\n",
              "warning: you should consider adding a `Default` implementation for `RRScheduler<T, S>`\n  --> src/round_robin.rs:64:5\n   |\n64 | /     pub const fn new() -> Self {\n65 | |         Self {\n66 | |             ready_queue: VecDeque::new(),\n67 | |         }\n68 | |     }\n   | |_____^\n   |\n   = help: for further information visit https://rust-lang.github.io/rust-clippy/master/index.html#new_without_default\nhelp: try adding this\n   |\n62 + impl<T, const S: usize> Default for RRScheduler<T, S> {\n63 +     fn default() -> Self {\n64 +         Self::new()\n65 +     }\n66 + }\n   |\n\n"
            ]
          }
        },
        {
          "file": "[semver checks]",
          "features": "",
          "count": 3,
          "kinds": {
            "Semver Violation": [
              "pkg=scheduler, checker=SemverChecks\ntoolchain=nightly-2025-01-26-x86_64-unknown-linux-gnu, target=riscv64gc-unknown-none-elf\nfeatures=\npkg_dir=/home/runner/check/batch_27/arceos-org/scheduler\ncmd=cargo +nightly-2025-01-26-x86_64-unknown-linux-gnu semver-checks --target riscv64gc-unknown-none-elf \ntimestamp=2025-03-07 17:14:34.403545372 +08:00:00\n\n\nstdout:\n\nstderr:\n    Building scheduler v0.2.0 (current)\n       Built [   0.262s] (current)\n     Parsing scheduler v0.2.0 (current)\n      Parsed [   0.002s] (current)\n    Building scheduler v0.1.3 (baseline)\nerror: running cargo-doc on crate 'scheduler' failed with output:\n-----\n   Compiling libc v0.2.170\n    Checking errno v0.3.10\nerror[E0583]: file not found for module `sys`\n  --> /home/runner/.cargo/registry/src/index.crates.io-1949cf8c6b5b557f/errno-0.3.10/src/lib.rs:26:1\n   |\n26 | mod sys;\n   | ^^^^^^^^\n   |\n   = help: to create the module `sys`, create file \"/home/runner/.cargo/registry/src/index.crates.io-1949cf8c6b5b557f/errno-0.3.10/src/sys.rs\" or \"/home/runner/.cargo/registry/src/index.crates.io-1949cf8c6b5b557f/errno-0.3.10/src/sys/mod.rs\"\n   = note: if there is a `mod sys` elsewhere in the crate already, import it with `use crate::...` instead\n\nerror[E0463]: can't find crate for `std`\n  |\n  = note: the `riscv64gc-unknown-none-elf` target may not support the standard library\n  = note: `std` is required by `errno` because it does not declare `#![no_std]`\n  = help: consider building the standard library from source with `cargo build -Zbuild-std`\n\nerror[E0463]: can't find crate for `std`\n  --> /home/runner/.cargo/registry/src/index.crates.io-1949cf8c6b5b557f/errno-0.3.10/src/lib.rs:30:5\n   |\n30 | use std::error::Error;\n   |     ^^^ can't find crate\n   |\n   = note: the `riscv64gc-unknown-none-elf` target may not support the standard library\n   = help: consider building the standard library from source with `cargo build -Zbuild-std`\n\nerror[E0463]: can't find crate for `std`\n  --> /home/runner/.cargo/registry/src/index.crates.io-1949cf8c6b5b557f/errno-0.3.10/src/lib.rs:32:5\n   |\n32 | use std::io;\n   |     ^^^ can't find crate\n   |\n   = note: the `riscv64gc-unknown-none-elf` target may not support the standard library\n   = help: consider building the standard library from source with `cargo build -Zbuild-std`\n\nerror: cannot find attribute `test` in this scope\n   --> /home/runner/.cargo/registry/src/index.crates.io-1949cf8c6b5b557f/errno-0.3.10/src/lib.rs:151:3\n    |\n151 | #[test]\n    |   ^^^^\n    |\nhelp: consider importing this attribute macro\n    |\n28  + use core::prelude::rust_2024::test;\n    |\n\nerror: cannot find macro `assert_eq` in this scope\n   --> /home/runner/.cargo/registry/src/index.crates.io-1949cf8c6b5b557f/errno-0.3.10/src/lib.rs:157:5\n    |\n157 |     assert_eq!(error.kind(), new_error.kind());\n    |     ^^^^^^^^^\n    |\nhelp: consider importing this macro\n    |\n28  + use core::assert_eq;\n    |\n\nerror: cannot find attribute `test` in this scope\n   --> /home/runner/.cargo/registry/src/index.crates.io-1949cf8c6b5b557f/errno-0.3.10/src/lib.rs:117:3\n    |\n117 | #[test]\n    |   ^^^^\n    |\nhelp: consider importing this attribute macro\n    |\n28  + use core::prelude::rust_2024::test;\n    |\n\nerror: cannot find macro `cfg` in this scope\n   --> /home/runner/.cargo/registry/src/index.crates.io-1949cf8c6b5b557f/errno-0.3.10/src/lib.rs:119:21\n    |\n119 |     let expect = if cfg!(windows) {\n    |                     ^^^\n    |\n    = note: `cfg` is in scope, but it is an attribute: `#[cfg]`\nhelp: consider importing this macro\n    |\n28  + use core::cfg;\n    |\n\nerror: cannot find macro `cfg` in this scope\n   --> /home/runner/.cargo/registry/src/index.crates.io-1949cf8c6b5b557f/errno-0.3.10/src/lib.rs:121:15\n    |\n121 |     } else if cfg!(target_os = \"illumos\") {\n    |               ^^^\n    |\n    = note: `cfg` is in scope, but it is an attribute: `#[cfg]`\nhelp: consider importing this macro\n    |\n28  + use core::cfg;\n    |\n\nerror: cannot find macro `cfg` in this scope\n   --> /home/runner/.cargo/registry/src/index.crates.io-1949cf8c6b5b557f/errno-0.3.10/src/lib.rs:123:15\n    |\n123 |     } else if cfg!(target_os = \"wasi\") || cfg!(target_os = \"emscripten\") {\n    |               ^^^\n    |\n    = note: `cfg` is in scope, but it is an attribute: `#[cfg]`\nhelp: consider importing this macro\n    |\n28  + use core::cfg;\n    |\n\nerror: cannot find macro `cfg` in this scope\n   --> /home/runner/.cargo/registry/src/index.crates.io-1949cf8c6b5b557f/errno-0.3.10/src/lib.rs:123:43\n    |\n123 |     } else if cfg!(target_os = \"wasi\") || cfg!(target_os = \"emscripten\") {\n    |                                           ^^^\n    |\n    = note: `cfg` is in scope, but it is an attribute: `#[cfg]`\nhelp: consider importing this macro\n    |\n28  + use core::cfg;\n    |\n\nerror: cannot find macro `cfg` in this scope\n   --> /home/runner/.cargo/registry/src/index.crates.io-1949cf8c6b5b557f/errno-0.3.10/src/lib.rs:125:15\n    |\n125 |     } else if cfg!(target_os = \"haiku\") {\n    |               ^^^\n    |\n    = note: `cfg` is in scope, but it is an attribute: `#[cfg]`\nhelp: consider importing this macro\n    |\n28  + use core::cfg;\n    |\n\nerror: cannot find macro `cfg` in this scope\n   --> /home/runner/.cargo/registry/src/index.crates.io-1949cf8c6b5b557f/errno-0.3.10/src/lib.rs:131:25\n    |\n131 |     let errno_code = if cfg!(target_os = \"haiku\") {\n    |                         ^^^\n    |\n    = note: `cfg` is in scope, but it is an attribute: `#[cfg]`\nhelp: consider importing this macro\n    |\n28  + use core::cfg;\n    |\n\nerror: cannot find macro `cfg` in this scope\n   --> /home/runner/.cargo/registry/src/index.crates.io-1949cf8c6b5b557f/errno-0.3.10/src/lib.rs:133:15\n    |\n133 |     } else if cfg!(target_os = \"hurd\") {\n    |               ^^^\n    |\n    = note: `cfg` is in scope, but it is an attribute: `#[cfg]`\nhelp: consider importing this macro\n    |\n28  + use core::cfg;\n    |\n\nerror: cannot find macro `assert_eq` in this scope\n   --> /home/runner/.cargo/registry/src/index.crates.io-1949cf8c6b5b557f/errno-0.3.10/src/lib.rs:140:5\n    |\n140 |     assert_eq!(errno().to_string(), expect);\n    |     ^^^^^^^^^\n    |\nhelp: consider importing this macro\n    |\n28  + use core::assert_eq;\n    |\n\nerror: cannot find macro `assert_eq` in this scope\n   --> /home/runner/.cargo/registry/src/index.crates.io-1949cf8c6b5b557f/errno-0.3.10/src/lib.rs:141:5\n    |\n141 |     assert_eq!(\n    |     ^^^^^^^^^\n    |\nhelp: consider importing this macro\n    |\n28  + use core::assert_eq;\n    |\n\nerror: cannot find attribute `test` in this scope\n   --> /home/runner/.cargo/registry/src/index.crates.io-1949cf8c6b5b557f/errno-0.3.10/src/lib.rs:110:3\n    |\n110 | #[test]\n    |   ^^^^\n    |\nhelp: consider importing this attribute macro\n    |\n28  + use core::prelude::rust_2024::test;\n    |\n\nerror: cannot find attribute `test` in this scope\n   --> /home/runner/.cargo/registry/src/index.crates.io-1949cf8c6b5b557f/errno-0.3.10/src/lib.rs:103:3\n    |\n103 | #[test]\n    |   ^^^^\n    |\nhelp: consider importing this attribute macro\n    |\n28  + use core::prelude::rust_2024::test;\n    |\n\nerror: cannot find macro `write` in this scope\n  --> /home/runner/.cargo/registry/src/index.crates.io-1949cf8c6b5b557f/errno-0.3.10/src/lib.rs:60:28\n   |\n60 |             Err(fm_err) => write!(\n   |                            ^^^^^\n   |\nhelp: consider importing this macro\n   |\n28 + use core::write;\n   |\n\nerror: cannot find attribute `derive` in this scope\n  --> /home/runner/.cargo/registry/src/index.crates.io-1949cf8c6b5b557f/errno-0.3.10/src/lib.rs:42:3\n   |\n42 | #[derive(Copy, Clone, Eq, Ord, PartialEq, PartialOrd, Hash)]\n   |   ^^^^^^\n   |\nhelp: consider importing this attribute macro\n   |\n28 + use core::prelude::rust_2024::derive;\n   |\n\nerror[E0531]: cannot find tuple struct or tuple variant `Ok` in this scope\n  --> /home/runner/.cargo/registry/src/index.crates.io-1949cf8c6b5b557f/errno-0.3.10/src/lib.rs:59:13\n   |\n59 |             Ok(desc) => fmt.write_str(desc),\n   |             ^^ not found in this scope\n   |\nhelp: consider importing this tuple variant\n   |\n28 + use core::result::Result::Ok;\n   |\n\nerror[E0531]: cannot find tuple struct or tuple variant `Err` in this scope\n  --> /home/runner/.cargo/registry/src/index.crates.io-1949cf8c6b5b557f/errno-0.3.10/src/lib.rs:60:13\n   |\n60 |             Err(fm_err) => write!(\n   |             ^^^ not found in this scope\n   |\nhelp: consider importing this tuple variant\n   |\n28 + use core::result::Result::Err;\n   |\n\nerror[E0405]: cannot find trait `From` in this scope\n  --> /home/runner/.cargo/registry/src/index.crates.io-1949cf8c6b5b557f/errno-0.3.10/src/lib.rs:71:6\n   |\n71 | impl From<Errno> for i32 {\n   |      ^^^^ not found in this scope\n   |\nhelp: consider importing this trait\n   |\n28 + use core::convert::From;\n   |\n\nerror[E0405]: cannot find trait `From` in this scope\n  --> /home/runner/.cargo/registry/src/index.crates.io-1949cf8c6b5b557f/errno-0.3.10/src/lib.rs:87:6\n   |\n87 | impl From<Errno> for io::Error {\n   |      ^^^^ not found in this scope\n   |\nhelp: consider importing this trait\n   |\n28 + use core::convert::From;\n   |\n\nSome errors have detailed explanations: E0405, E0463, E0531, E0583.\nFor more information about an error, try `rustc --explain E0405`.\nerror: could not compile `errno` (lib) due to 24 previous errors\n\n-----\n\nerror: failed to build rustdoc for crate scheduler v0.1.3\nnote: this is usually due to a compilation error in the crate,\n      and is unlikely to be a bug in cargo-semver-checks\nnote: the following command can be used to reproduce the compilation error:\n      cargo new --lib example &&\n          cd example &&\n          echo '[workspace]' >> Cargo.toml &&\n          cargo add scheduler@=0.1.3 &&\n          cargo check\n\nerror: aborting due to failure to build rustdoc for crate scheduler v0.1.3\n",
              "pkg=scheduler, checker=SemverChecks\ntoolchain=nightly-2025-01-26-x86_64-unknown-linux-gnu, target=x86_64-unknown-none\nfeatures=\npkg_dir=/home/runner/check/batch_27/arceos-org/scheduler\ncmd=cargo +nightly-2025-01-26-x86_64-unknown-linux-gnu semver-checks --target x86_64-unknown-none \ntimestamp=2025-03-07 17:14:33.809376855 +08:00:00\n\n\nstdout:\n\nstderr:\n    Building scheduler v0.2.0 (current)\n       Built [   0.267s] (current)\n     Parsing scheduler v0.2.0 (current)\n      Parsed [   0.002s] (current)\n    Building scheduler v0.1.3 (baseline)\nerror: running cargo-doc on crate 'scheduler' failed with output:\n-----\n   Compiling libc v0.2.170\n    Checking errno v0.3.10\nerror[E0583]: file not found for module `sys`\n  --> /home/runner/.cargo/registry/src/index.crates.io-1949cf8c6b5b557f/errno-0.3.10/src/lib.rs:26:1\n   |\n26 | mod sys;\n   | ^^^^^^^^\n   |\n   = help: to create the module `sys`, create file \"/home/runner/.cargo/registry/src/index.crates.io-1949cf8c6b5b557f/errno-0.3.10/src/sys.rs\" or \"/home/runner/.cargo/registry/src/index.crates.io-1949cf8c6b5b557f/errno-0.3.10/src/sys/mod.rs\"\n   = note: if there is a `mod sys` elsewhere in the crate already, import it with `use crate::...` instead\n\nerror[E0463]: can't find crate for `std`\n  |\n  = note: the `x86_64-unknown-none` target may not support the standard library\n  = note: `std` is required by `errno` because it does not declare `#![no_std]`\n  = help: consider building the standard library from source with `cargo build -Zbuild-std`\n\nerror[E0463]: can't find crate for `std`\n  --> /home/runner/.cargo/registry/src/index.crates.io-1949cf8c6b5b557f/errno-0.3.10/src/lib.rs:30:5\n   |\n30 | use std::error::Error;\n   |     ^^^ can't find crate\n   |\n   = note: the `x86_64-unknown-none` target may not support the standard library\n   = help: consider building the standard library from source with `cargo build -Zbuild-std`\n\nerror[E0463]: can't find crate for `std`\n  --> /home/runner/.cargo/registry/src/index.crates.io-1949cf8c6b5b557f/errno-0.3.10/src/lib.rs:32:5\n   |\n32 | use std::io;\n   |     ^^^ can't find crate\n   |\n   = note: the `x86_64-unknown-none` target may not support the standard library\n   = help: consider building the standard library from source with `cargo build -Zbuild-std`\n\nerror: cannot find attribute `test` in this scope\n   --> /home/runner/.cargo/registry/src/index.crates.io-1949cf8c6b5b557f/errno-0.3.10/src/lib.rs:151:3\n    |\n151 | #[test]\n    |   ^^^^\n    |\nhelp: consider importing this attribute macro\n    |\n28  + use core::prelude::rust_2024::test;\n    |\n\nerror: cannot find macro `assert_eq` in this scope\n   --> /home/runner/.cargo/registry/src/index.crates.io-1949cf8c6b5b557f/errno-0.3.10/src/lib.rs:157:5\n    |\n157 |     assert_eq!(error.kind(), new_error.kind());\n    |     ^^^^^^^^^\n    |\nhelp: consider importing this macro\n    |\n28  + use core::assert_eq;\n    |\n\nerror: cannot find attribute `test` in this scope\n   --> /home/runner/.cargo/registry/src/index.crates.io-1949cf8c6b5b557f/errno-0.3.10/src/lib.rs:117:3\n    |\n117 | #[test]\n    |   ^^^^\n    |\nhelp: consider importing this attribute macro\n    |\n28  + use core::prelude::rust_2024::test;\n    |\n\nerror: cannot find macro `cfg` in this scope\n   --> /home/runner/.cargo/registry/src/index.crates.io-1949cf8c6b5b557f/errno-0.3.10/src/lib.rs:119:21\n    |\n119 |     let expect = if cfg!(windows) {\n    |                     ^^^\n    |\n    = note: `cfg` is in scope, but it is an attribute: `#[cfg]`\nhelp: consider importing this macro\n    |\n28  + use core::cfg;\n    |\n\nerror: cannot find macro `cfg` in this scope\n   --> /home/runner/.cargo/registry/src/index.crates.io-1949cf8c6b5b557f/errno-0.3.10/src/lib.rs:121:15\n    |\n121 |     } else if cfg!(target_os = \"illumos\") {\n    |               ^^^\n    |\n    = note: `cfg` is in scope, but it is an attribute: `#[cfg]`\nhelp: consider importing this macro\n    |\n28  + use core::cfg;\n    |\n\nerror: cannot find macro `cfg` in this scope\n   --> /home/runner/.cargo/registry/src/index.crates.io-1949cf8c6b5b557f/errno-0.3.10/src/lib.rs:123:15\n    |\n123 |     } else if cfg!(target_os = \"wasi\") || cfg!(target_os = \"emscripten\") {\n    |               ^^^\n    |\n    = note: `cfg` is in scope, but it is an attribute: `#[cfg]`\nhelp: consider importing this macro\n    |\n28  + use core::cfg;\n    |\n\nerror: cannot find macro `cfg` in this scope\n   --> /home/runner/.cargo/registry/src/index.crates.io-1949cf8c6b5b557f/errno-0.3.10/src/lib.rs:123:43\n    |\n123 |     } else if cfg!(target_os = \"wasi\") || cfg!(target_os = \"emscripten\") {\n    |                                           ^^^\n    |\n    = note: `cfg` is in scope, but it is an attribute: `#[cfg]`\nhelp: consider importing this macro\n    |\n28  + use core::cfg;\n    |\n\nerror: cannot find macro `cfg` in this scope\n   --> /home/runner/.cargo/registry/src/index.crates.io-1949cf8c6b5b557f/errno-0.3.10/src/lib.rs:125:15\n    |\n125 |     } else if cfg!(target_os = \"haiku\") {\n    |               ^^^\n    |\n    = note: `cfg` is in scope, but it is an attribute: `#[cfg]`\nhelp: consider importing this macro\n    |\n28  + use core::cfg;\n    |\n\nerror: cannot find macro `cfg` in this scope\n   --> /home/runner/.cargo/registry/src/index.crates.io-1949cf8c6b5b557f/errno-0.3.10/src/lib.rs:131:25\n    |\n131 |     let errno_code = if cfg!(target_os = \"haiku\") {\n    |                         ^^^\n    |\n    = note: `cfg` is in scope, but it is an attribute: `#[cfg]`\nhelp: consider importing this macro\n    |\n28  + use core::cfg;\n    |\n\nerror: cannot find macro `cfg` in this scope\n   --> /home/runner/.cargo/registry/src/index.crates.io-1949cf8c6b5b557f/errno-0.3.10/src/lib.rs:133:15\n    |\n133 |     } else if cfg!(target_os = \"hurd\") {\n    |               ^^^\n    |\n    = note: `cfg` is in scope, but it is an attribute: `#[cfg]`\nhelp: consider importing this macro\n    |\n28  + use core::cfg;\n    |\n\nerror: cannot find macro `assert_eq` in this scope\n   --> /home/runner/.cargo/registry/src/index.crates.io-1949cf8c6b5b557f/errno-0.3.10/src/lib.rs:140:5\n    |\n140 |     assert_eq!(errno().to_string(), expect);\n    |     ^^^^^^^^^\n    |\nhelp: consider importing this macro\n    |\n28  + use core::assert_eq;\n    |\n\nerror: cannot find macro `assert_eq` in this scope\n   --> /home/runner/.cargo/registry/src/index.crates.io-1949cf8c6b5b557f/errno-0.3.10/src/lib.rs:141:5\n    |\n141 |     assert_eq!(\n    |     ^^^^^^^^^\n    |\nhelp: consider importing this macro\n    |\n28  + use core::assert_eq;\n    |\n\nerror: cannot find attribute `test` in this scope\n   --> /home/runner/.cargo/registry/src/index.crates.io-1949cf8c6b5b557f/errno-0.3.10/src/lib.rs:110:3\n    |\n110 | #[test]\n    |   ^^^^\n    |\nhelp: consider importing this attribute macro\n    |\n28  + use core::prelude::rust_2024::test;\n    |\n\nerror: cannot find attribute `test` in this scope\n   --> /home/runner/.cargo/registry/src/index.crates.io-1949cf8c6b5b557f/errno-0.3.10/src/lib.rs:103:3\n    |\n103 | #[test]\n    |   ^^^^\n    |\nhelp: consider importing this attribute macro\n    |\n28  + use core::prelude::rust_2024::test;\n    |\n\nerror: cannot find macro `write` in this scope\n  --> /home/runner/.cargo/registry/src/index.crates.io-1949cf8c6b5b557f/errno-0.3.10/src/lib.rs:60:28\n   |\n60 |             Err(fm_err) => write!(\n   |                            ^^^^^\n   |\nhelp: consider importing this macro\n   |\n28 + use core::write;\n   |\n\nerror: cannot find attribute `derive` in this scope\n  --> /home/runner/.cargo/registry/src/index.crates.io-1949cf8c6b5b557f/errno-0.3.10/src/lib.rs:42:3\n   |\n42 | #[derive(Copy, Clone, Eq, Ord, PartialEq, PartialOrd, Hash)]\n   |   ^^^^^^\n   |\nhelp: consider importing this attribute macro\n   |\n28 + use core::prelude::rust_2024::derive;\n   |\n\nerror[E0531]: cannot find tuple struct or tuple variant `Ok` in this scope\n  --> /home/runner/.cargo/registry/src/index.crates.io-1949cf8c6b5b557f/errno-0.3.10/src/lib.rs:59:13\n   |\n59 |             Ok(desc) => fmt.write_str(desc),\n   |             ^^ not found in this scope\n   |\nhelp: consider importing this tuple variant\n   |\n28 + use core::result::Result::Ok;\n   |\n\nerror[E0531]: cannot find tuple struct or tuple variant `Err` in this scope\n  --> /home/runner/.cargo/registry/src/index.crates.io-1949cf8c6b5b557f/errno-0.3.10/src/lib.rs:60:13\n   |\n60 |             Err(fm_err) => write!(\n   |             ^^^ not found in this scope\n   |\nhelp: consider importing this tuple variant\n   |\n28 + use core::result::Result::Err;\n   |\n\nerror[E0405]: cannot find trait `From` in this scope\n  --> /home/runner/.cargo/registry/src/index.crates.io-1949cf8c6b5b557f/errno-0.3.10/src/lib.rs:71:6\n   |\n71 | impl From<Errno> for i32 {\n   |      ^^^^ not found in this scope\n   |\nhelp: consider importing this trait\n   |\n28 + use core::convert::From;\n   |\n\nerror[E0405]: cannot find trait `From` in this scope\n  --> /home/runner/.cargo/registry/src/index.crates.io-1949cf8c6b5b557f/errno-0.3.10/src/lib.rs:87:6\n   |\n87 | impl From<Errno> for io::Error {\n   |      ^^^^ not found in this scope\n   |\nhelp: consider importing this trait\n   |\n28 + use core::convert::From;\n   |\n\nSome errors have detailed explanations: E0405, E0463, E0531, E0583.\nFor more information about an error, try `rustc --explain E0405`.\nerror: could not compile `errno` (lib) due to 24 previous errors\nwarning: build failed, waiting for other jobs to finish...\n\n-----\n\nerror: failed to build rustdoc for crate scheduler v0.1.3\nnote: this is usually due to a compilation error in the crate,\n      and is unlikely to be a bug in cargo-semver-checks\nnote: the following command can be used to reproduce the compilation error:\n      cargo new --lib example &&\n          cd example &&\n          echo '[workspace]' >> Cargo.toml &&\n          cargo add scheduler@=0.1.3 &&\n          cargo check\n\nerror: aborting due to failure to build rustdoc for crate scheduler v0.1.3\n",
              "pkg=scheduler, checker=SemverChecks\ntoolchain=nightly-2025-01-26-x86_64-unknown-linux-gnu, target=aarch64-unknown-none\nfeatures=\npkg_dir=/home/runner/check/batch_27/arceos-org/scheduler\ncmd=cargo +nightly-2025-01-26-x86_64-unknown-linux-gnu semver-checks --target aarch64-unknown-none \ntimestamp=2025-03-07 17:14:35.014487855 +08:00:00\n\n\nstdout:\n\nstderr:\n    Building scheduler v0.2.0 (current)\n       Built [   0.270s] (current)\n     Parsing scheduler v0.2.0 (current)\n      Parsed [   0.002s] (current)\n    Building scheduler v0.1.3 (baseline)\nerror: running cargo-doc on crate 'scheduler' failed with output:\n-----\n   Compiling libc v0.2.170\n    Checking errno v0.3.10\nerror[E0583]: file not found for module `sys`\n  --> /home/runner/.cargo/registry/src/index.crates.io-1949cf8c6b5b557f/errno-0.3.10/src/lib.rs:26:1\n   |\n26 | mod sys;\n   | ^^^^^^^^\n   |\n   = help: to create the module `sys`, create file \"/home/runner/.cargo/registry/src/index.crates.io-1949cf8c6b5b557f/errno-0.3.10/src/sys.rs\" or \"/home/runner/.cargo/registry/src/index.crates.io-1949cf8c6b5b557f/errno-0.3.10/src/sys/mod.rs\"\n   = note: if there is a `mod sys` elsewhere in the crate already, import it with `use crate::...` instead\n\nerror[E0463]: can't find crate for `std`\n  |\n  = note: the `aarch64-unknown-none` target may not support the standard library\n  = note: `std` is required by `errno` because it does not declare `#![no_std]`\n  = help: consider building the standard library from source with `cargo build -Zbuild-std`\n\nerror[E0463]: can't find crate for `std`\n  --> /home/runner/.cargo/registry/src/index.crates.io-1949cf8c6b5b557f/errno-0.3.10/src/lib.rs:30:5\n   |\n30 | use std::error::Error;\n   |     ^^^ can't find crate\n   |\n   = note: the `aarch64-unknown-none` target may not support the standard library\n   = help: consider building the standard library from source with `cargo build -Zbuild-std`\n\nerror[E0463]: can't find crate for `std`\n  --> /home/runner/.cargo/registry/src/index.crates.io-1949cf8c6b5b557f/errno-0.3.10/src/lib.rs:32:5\n   |\n32 | use std::io;\n   |     ^^^ can't find crate\n   |\n   = note: the `aarch64-unknown-none` target may not support the standard library\n   = help: consider building the standard library from source with `cargo build -Zbuild-std`\n\nerror: cannot find attribute `test` in this scope\n   --> /home/runner/.cargo/registry/src/index.crates.io-1949cf8c6b5b557f/errno-0.3.10/src/lib.rs:151:3\n    |\n151 | #[test]\n    |   ^^^^\n    |\nhelp: consider importing this attribute macro\n    |\n28  + use core::prelude::rust_2024::test;\n    |\n\nerror: cannot find macro `assert_eq` in this scope\n   --> /home/runner/.cargo/registry/src/index.crates.io-1949cf8c6b5b557f/errno-0.3.10/src/lib.rs:157:5\n    |\n157 |     assert_eq!(error.kind(), new_error.kind());\n    |     ^^^^^^^^^\n    |\nhelp: consider importing this macro\n    |\n28  + use core::assert_eq;\n    |\n\nerror: cannot find attribute `test` in this scope\n   --> /home/runner/.cargo/registry/src/index.crates.io-1949cf8c6b5b557f/errno-0.3.10/src/lib.rs:117:3\n    |\n117 | #[test]\n    |   ^^^^\n    |\nhelp: consider importing this attribute macro\n    |\n28  + use core::prelude::rust_2024::test;\n    |\n\nerror: cannot find macro `cfg` in this scope\n   --> /home/runner/.cargo/registry/src/index.crates.io-1949cf8c6b5b557f/errno-0.3.10/src/lib.rs:119:21\n    |\n119 |     let expect = if cfg!(windows) {\n    |                     ^^^\n    |\n    = note: `cfg` is in scope, but it is an attribute: `#[cfg]`\nhelp: consider importing this macro\n    |\n28  + use core::cfg;\n    |\n\nerror: cannot find macro `cfg` in this scope\n   --> /home/runner/.cargo/registry/src/index.crates.io-1949cf8c6b5b557f/errno-0.3.10/src/lib.rs:121:15\n    |\n121 |     } else if cfg!(target_os = \"illumos\") {\n    |               ^^^\n    |\n    = note: `cfg` is in scope, but it is an attribute: `#[cfg]`\nhelp: consider importing this macro\n    |\n28  + use core::cfg;\n    |\n\nerror: cannot find macro `cfg` in this scope\n   --> /home/runner/.cargo/registry/src/index.crates.io-1949cf8c6b5b557f/errno-0.3.10/src/lib.rs:123:15\n    |\n123 |     } else if cfg!(target_os = \"wasi\") || cfg!(target_os = \"emscripten\") {\n    |               ^^^\n    |\n    = note: `cfg` is in scope, but it is an attribute: `#[cfg]`\nhelp: consider importing this macro\n    |\n28  + use core::cfg;\n    |\n\nerror: cannot find macro `cfg` in this scope\n   --> /home/runner/.cargo/registry/src/index.crates.io-1949cf8c6b5b557f/errno-0.3.10/src/lib.rs:123:43\n    |\n123 |     } else if cfg!(target_os = \"wasi\") || cfg!(target_os = \"emscripten\") {\n    |                                           ^^^\n    |\n    = note: `cfg` is in scope, but it is an attribute: `#[cfg]`\nhelp: consider importing this macro\n    |\n28  + use core::cfg;\n    |\n\nerror: cannot find macro `cfg` in this scope\n   --> /home/runner/.cargo/registry/src/index.crates.io-1949cf8c6b5b557f/errno-0.3.10/src/lib.rs:125:15\n    |\n125 |     } else if cfg!(target_os = \"haiku\") {\n    |               ^^^\n    |\n    = note: `cfg` is in scope, but it is an attribute: `#[cfg]`\nhelp: consider importing this macro\n    |\n28  + use core::cfg;\n    |\n\nerror: cannot find macro `cfg` in this scope\n   --> /home/runner/.cargo/registry/src/index.crates.io-1949cf8c6b5b557f/errno-0.3.10/src/lib.rs:131:25\n    |\n131 |     let errno_code = if cfg!(target_os = \"haiku\") {\n    |                         ^^^\n    |\n    = note: `cfg` is in scope, but it is an attribute: `#[cfg]`\nhelp: consider importing this macro\n    |\n28  + use core::cfg;\n    |\n\nerror: cannot find macro `cfg` in this scope\n   --> /home/runner/.cargo/registry/src/index.crates.io-1949cf8c6b5b557f/errno-0.3.10/src/lib.rs:133:15\n    |\n133 |     } else if cfg!(target_os = \"hurd\") {\n    |               ^^^\n    |\n    = note: `cfg` is in scope, but it is an attribute: `#[cfg]`\nhelp: consider importing this macro\n    |\n28  + use core::cfg;\n    |\n\nerror: cannot find macro `assert_eq` in this scope\n   --> /home/runner/.cargo/registry/src/index.crates.io-1949cf8c6b5b557f/errno-0.3.10/src/lib.rs:140:5\n    |\n140 |     assert_eq!(errno().to_string(), expect);\n    |     ^^^^^^^^^\n    |\nhelp: consider importing this macro\n    |\n28  + use core::assert_eq;\n    |\n\nerror: cannot find macro `assert_eq` in this scope\n   --> /home/runner/.cargo/registry/src/index.crates.io-1949cf8c6b5b557f/errno-0.3.10/src/lib.rs:141:5\n    |\n141 |     assert_eq!(\n    |     ^^^^^^^^^\n    |\nhelp: consider importing this macro\n    |\n28  + use core::assert_eq;\n    |\n\nerror: cannot find attribute `test` in this scope\n   --> /home/runner/.cargo/registry/src/index.crates.io-1949cf8c6b5b557f/errno-0.3.10/src/lib.rs:110:3\n    |\n110 | #[test]\n    |   ^^^^\n    |\nhelp: consider importing this attribute macro\n    |\n28  + use core::prelude::rust_2024::test;\n    |\n\nerror: cannot find attribute `test` in this scope\n   --> /home/runner/.cargo/registry/src/index.crates.io-1949cf8c6b5b557f/errno-0.3.10/src/lib.rs:103:3\n    |\n103 | #[test]\n    |   ^^^^\n    |\nhelp: consider importing this attribute macro\n    |\n28  + use core::prelude::rust_2024::test;\n    |\n\nerror: cannot find macro `write` in this scope\n  --> /home/runner/.cargo/registry/src/index.crates.io-1949cf8c6b5b557f/errno-0.3.10/src/lib.rs:60:28\n   |\n60 |             Err(fm_err) => write!(\n   |                            ^^^^^\n   |\nhelp: consider importing this macro\n   |\n28 + use core::write;\n   |\n\nerror: cannot find attribute `derive` in this scope\n  --> /home/runner/.cargo/registry/src/index.crates.io-1949cf8c6b5b557f/errno-0.3.10/src/lib.rs:42:3\n   |\n42 | #[derive(Copy, Clone, Eq, Ord, PartialEq, PartialOrd, Hash)]\n   |   ^^^^^^\n   |\nhelp: consider importing this attribute macro\n   |\n28 + use core::prelude::rust_2024::derive;\n   |\n\nerror[E0531]: cannot find tuple struct or tuple variant `Ok` in this scope\n  --> /home/runner/.cargo/registry/src/index.crates.io-1949cf8c6b5b557f/errno-0.3.10/src/lib.rs:59:13\n   |\n59 |             Ok(desc) => fmt.write_str(desc),\n   |             ^^ not found in this scope\n   |\nhelp: consider importing this tuple variant\n   |\n28 + use core::result::Result::Ok;\n   |\n\nerror[E0531]: cannot find tuple struct or tuple variant `Err` in this scope\n  --> /home/runner/.cargo/registry/src/index.crates.io-1949cf8c6b5b557f/errno-0.3.10/src/lib.rs:60:13\n   |\n60 |             Err(fm_err) => write!(\n   |             ^^^ not found in this scope\n   |\nhelp: consider importing this tuple variant\n   |\n28 + use core::result::Result::Err;\n   |\n\nerror[E0405]: cannot find trait `From` in this scope\n  --> /home/runner/.cargo/registry/src/index.crates.io-1949cf8c6b5b557f/errno-0.3.10/src/lib.rs:71:6\n   |\n71 | impl From<Errno> for i32 {\n   |      ^^^^ not found in this scope\n   |\nhelp: consider importing this trait\n   |\n28 + use core::convert::From;\n   |\n\nerror[E0405]: cannot find trait `From` in this scope\n  --> /home/runner/.cargo/registry/src/index.crates.io-1949cf8c6b5b557f/errno-0.3.10/src/lib.rs:87:6\n   |\n87 | impl From<Errno> for io::Error {\n   |      ^^^^ not found in this scope\n   |\nhelp: consider importing this trait\n   |\n28 + use core::convert::From;\n   |\n\nSome errors have detailed explanations: E0405, E0463, E0531, E0583.\nFor more information about an error, try `rustc --explain E0405`.\nerror: could not compile `errno` (lib) due to 24 previous errors\n\n-----\n\nerror: failed to build rustdoc for crate scheduler v0.1.3\nnote: this is usually due to a compilation error in the crate,\n      and is unlikely to be a bug in cargo-semver-checks\nnote: the following command can be used to reproduce the compilation error:\n      cargo new --lib example &&\n          cd example &&\n          echo '[workspace]' >> Cargo.toml &&\n          cargo add scheduler@=0.1.3 &&\n          cargo check\n\nerror: aborting due to failure to build rustdoc for crate scheduler v0.1.3\n"
            ]
          }
        }
      ]
    }
  ],
  "kinds_order": [
    "Cargo",
    "Clippy(Error)",
    "Clippy(Warn)",
    "Semver Violation",
    "Audit",
    "Mirai",
    "Rapx",
    "Rudra",
    "Lockbud(Probably)",
    "Lockbud(Possibly)",
    "Outdated",
    "Geiger",
    "Unformatted"
  ]
}