{
  "repo": {
    "user": "arceos-org",
    "repo": "scheduler"
  },
  "data": [
    {
      "user": "arceos-org",
      "repo": "scheduler",
      "pkg": "scheduler",
      "count": 6,
      "raw_reports": [
        {
          "file": "(virtual) semver-checks",
          "features": "",
          "count": 1,
          "kinds": {
            "Cargo": [
              "// pkg_name=scheduler, checker=SemverChecks\n// toolchain=nightly-2025-06-26-x86_64-unknown-linux-gnu, target=x86_64-unknown-none\n// features=\n// pkg_dir=/home/runner/check/batch_4/arceos-org/scheduler\n// cmd=cargo +nightly-2025-06-26-x86_64-unknown-linux-gnu semver-checks --target x86_64-unknown-none \n// timestamp=2025-06-28 14:18:32.117641531 +08:00:00\n    Building scheduler v0.2.1 (current)\n       Built [   0.316s] (current)\n     Parsing scheduler v0.2.1 (current)\n      Parsed [   0.002s] (current)\n    Building scheduler v0.1.3 (baseline)\nerror: running cargo-doc on crate 'scheduler' failed with output:\n-----\n   Compiling libc v0.2.174\n    Checking errno v0.3.13\nerror[E0463]: can't find crate for `std`\n  |\n  = note: the `x86_64-unknown-none` target may not support the standard library\n  = note: `std` is required by `errno` because it does not declare `#![no_std]`\n  = help: consider building the standard library from source with `cargo build -Zbuild-std`\n\nerror[E0463]: can't find crate for `std`\n  --> /home/runner/.cargo/registry/src/index.crates.io-1949cf8c6b5b557f/errno-0.3.13/src/lib.rs:30:5\n   |\n30 | use std::error::Error;\n   |     ^^^ can't find crate\n   |\n   = note: the `x86_64-unknown-none` target may not support the standard library\n   = help: consider building the standard library from source with `cargo build -Zbuild-std`\n\nerror[E0463]: can't find crate for `std`\n  --> /home/runner/.cargo/registry/src/index.crates.io-1949cf8c6b5b557f/errno-0.3.13/src/lib.rs:32:5\n   |\n32 | use std::io;\n   |     ^^^ can't find crate\n   |\n   = note: the `x86_64-unknown-none` target may not support the standard library\n   = help: consider building the standard library from source with `cargo build -Zbuild-std`\n\nerror: cannot find attribute `test` in this scope\n   --> /home/runner/.cargo/registry/src/index.crates.io-1949cf8c6b5b557f/errno-0.3.13/src/lib.rs:153:3\n    |\n153 | #[test]\n    |   ^^^^\n    |\nhelp: consider importing this attribute macro\n    |\n28  + use core::prelude::rust_2024::test;\n    |\n\nerror: cannot find macro `assert_eq` in this scope\n   --> /home/runner/.cargo/registry/src/index.crates.io-1949cf8c6b5b557f/errno-0.3.13/src/lib.rs:159:5\n    |\n159 |     assert_eq!(error.kind(), new_error.kind());\n    |     ^^^^^^^^^\n    |\nhelp: consider importing this macro\n    |\n28  + use core::assert_eq;\n    |\n\nerror: cannot find attribute `test` in this scope\n   --> /home/runner/.cargo/registry/src/index.crates.io-1949cf8c6b5b557f/errno-0.3.13/src/lib.rs:117:3\n    |\n117 | #[test]\n    |   ^^^^\n    |\nhelp: consider importing this attribute macro\n    |\n28  + use core::prelude::rust_2024::test;\n    |\n\nerror: cannot find macro `cfg` in this scope\n   --> /home/runner/.cargo/registry/src/index.crates.io-1949cf8c6b5b557f/errno-0.3.13/src/lib.rs:119:21\n    |\n119 |     let expect = if cfg!(windows) {\n    |                     ^^^\n    |\n    = note: `cfg` is in scope, but it is an attribute: `#[cfg]`\nhelp: consider importing this macro\n    |\n28  + use core::cfg;\n    |\n\nerror: cannot find macro `cfg` in this scope\n   --> /home/runner/.cargo/registry/src/index.crates.io-1949cf8c6b5b557f/errno-0.3.13/src/lib.rs:121:15\n    |\n121 |     } else if cfg!(target_os = \"illumos\") {\n    |               ^^^\n    |\n    = note: `cfg` is in scope, but it is an attribute: `#[cfg]`\nhelp: consider importing this macro\n    |\n28  + use core::cfg;\n    |\n\nerror: cannot find macro `cfg` in this scope\n   --> /home/runner/.cargo/registry/src/index.crates.io-1949cf8c6b5b557f/errno-0.3.13/src/lib.rs:123:15\n    |\n123 |     } else if cfg!(target_os = \"wasi\") || cfg!(target_os = \"emscripten\") {\n    |               ^^^\n    |\n    = note: `cfg` is in scope, but it is an attribute: `#[cfg]`\nhelp: consider importing this macro\n    |\n28  + use core::cfg;\n    |\n\nerror: cannot find macro `cfg` in this scope\n   --> /home/runner/.cargo/registry/src/index.crates.io-1949cf8c6b5b557f/errno-0.3.13/src/lib.rs:123:43\n    |\n123 |     } else if cfg!(target_os = \"wasi\") || cfg!(target_os = \"emscripten\") {\n    |                                           ^^^\n    |\n    = note: `cfg` is in scope, but it is an attribute: `#[cfg]`\nhelp: consider importing this macro\n    |\n28  + use core::cfg;\n    |\n\nerror: cannot find macro `cfg` in this scope\n   --> /home/runner/.cargo/registry/src/index.crates.io-1949cf8c6b5b557f/errno-0.3.13/src/lib.rs:125:15\n    |\n125 |     } else if cfg!(target_os = \"haiku\") {\n    |               ^^^\n    |\n    = note: `cfg` is in scope, but it is an attribute: `#[cfg]`\nhelp: consider importing this macro\n    |\n28  + use core::cfg;\n    |\n\nerror: cannot find macro `cfg` in this scope\n   --> /home/runner/.cargo/registry/src/index.crates.io-1949cf8c6b5b557f/errno-0.3.13/src/lib.rs:127:15\n    |\n127 |     } else if cfg!(target_os = \"vxworks\") {\n    |               ^^^\n    |\n    = note: `cfg` is in scope, but it is an attribute: `#[cfg]`\nhelp: consider importing this macro\n    |\n28  + use core::cfg;\n    |\n\nerror: cannot find macro `cfg` in this scope\n   --> /home/runner/.cargo/registry/src/index.crates.io-1949cf8c6b5b557f/errno-0.3.13/src/lib.rs:133:25\n    |\n133 |     let errno_code = if cfg!(target_os = \"haiku\") {\n    |                         ^^^\n    |\n    = note: `cfg` is in scope, but it is an attribute: `#[cfg]`\nhelp: consider importing this macro\n    |\n28  + use core::cfg;\n    |\n\nerror: cannot find macro `cfg` in this scope\n   --> /home/runner/.cargo/registry/src/index.crates.io-1949cf8c6b5b557f/errno-0.3.13/src/lib.rs:135:15\n    |\n135 |     } else if cfg!(target_os = \"hurd\") {\n    |               ^^^\n    |\n    = note: `cfg` is in scope, but it is an attribute: `#[cfg]`\nhelp: consider importing this macro\n    |\n28  + use core::cfg;\n    |\n\nerror: cannot find macro `assert_eq` in this scope\n   --> /home/runner/.cargo/registry/src/index.crates.io-1949cf8c6b5b557f/errno-0.3.13/src/lib.rs:142:5\n    |\n142 |     assert_eq!(errno().to_string(), expect);\n    |     ^^^^^^^^^\n    |\nhelp: consider importing this macro\n    |\n28  + use core::assert_eq;\n    |\n\nerror: cannot find macro `assert_eq` in this scope\n   --> /home/runner/.cargo/registry/src/index.crates.io-1949cf8c6b5b557f/errno-0.3.13/src/lib.rs:143:5\n    |\n143 |     assert_eq!(\n    |     ^^^^^^^^^\n    |\nhelp: consider importing this macro\n    |\n28  + use core::assert_eq;\n    |\n\nerror: cannot find attribute `test` in this scope\n   --> /home/runner/.cargo/registry/src/index.crates.io-1949cf8c6b5b557f/errno-0.3.13/src/lib.rs:110:3\n    |\n110 | #[test]\n    |   ^^^^\n    |\nhelp: consider importing this attribute macro\n    |\n28  + use core::prelude::rust_2024::test;\n    |\n\nerror: cannot find attribute `test` in this scope\n   --> /home/runner/.cargo/registry/src/index.crates.io-1949cf8c6b5b557f/errno-0.3.13/src/lib.rs:103:3\n    |\n103 | #[test]\n    |   ^^^^\n    |\nhelp: consider importing this attribute macro\n    |\n28  + use core::prelude::rust_2024::test;\n    |\n\nerror: cannot find macro `write` in this scope\n  --> /home/runner/.cargo/registry/src/index.crates.io-1949cf8c6b5b557f/errno-0.3.13/src/lib.rs:60:28\n   |\n60 |             Err(fm_err) => write!(\n   |                            ^^^^^\n   |\nhelp: consider importing this macro\n   |\n28 + use core::write;\n   |\n\nerror: cannot find attribute `derive` in this scope\n  --> /home/runner/.cargo/registry/src/index.crates.io-1949cf8c6b5b557f/errno-0.3.13/src/lib.rs:42:3\n   |\n42 | #[derive(Copy, Clone, Eq, Ord, PartialEq, PartialOrd, Hash)]\n   |   ^^^^^^\n   |\nhelp: consider importing this attribute macro\n   |\n28 + use core::prelude::rust_2024::derive;\n   |\n\nerror: cannot find macro `unreachable` in this scope\n  --> /home/runner/.cargo/registry/src/index.crates.io-1949cf8c6b5b557f/errno-0.3.13/src/sys.rs:34:5\n   |\n34 |     unreachable!()\n   |     ^^^^^^^^^^^\n   |\nhelp: consider importing this macro\n   |\n18 + use core::unreachable;\n   |\n\nerror: cannot find macro `unreachable` in this scope\n  --> /home/runner/.cargo/registry/src/index.crates.io-1949cf8c6b5b557f/errno-0.3.13/src/sys.rs:30:5\n   |\n30 |     unreachable!()\n   |     ^^^^^^^^^^^\n   |\nhelp: consider importing this macro\n   |\n18 + use core::unreachable;\n   |\n\nerror: cannot find macro `unreachable` in this scope\n  --> /home/runner/.cargo/registry/src/index.crates.io-1949cf8c6b5b557f/errno-0.3.13/src/sys.rs:24:5\n   |\n24 |     unreachable!()\n   |     ^^^^^^^^^^^\n   |\nhelp: consider importing this macro\n   |\n18 + use core::unreachable;\n   |\n\nerror: cannot find macro `compile_error` in this scope\n --> /home/runner/.cargo/registry/src/index.crates.io-1949cf8c6b5b557f/errno-0.3.13/src/sys.rs:8:1\n  |\n8 | compile_error!(\"The target OS is \\\"unknown\\\" or \\\"none\\\", so it's unsupported by the errno crate.\");\n  | ^^^^^^^^^^^^^\n  |\nhelp: consider importing this macro\n  |\n18+ use core::compile_error;\n  |\n\nerror[E0405]: cannot find trait `FnOnce` in this scope\n  --> /home/runner/.cargo/registry/src/index.crates.io-1949cf8c6b5b557f/errno-0.3.13/src/sys.rs:22:8\n   |\n22 |     F: FnOnce(Result<&str, Errno>) -> T,\n   |        ^^^^^^ not found in this scope\n   |\nhelp: consider importing this trait\n   |\n18 + use core::ops::FnOnce;\n   |\n\nerror[E0412]: cannot find type `Result` in this scope\n  --> /home/runner/.cargo/registry/src/index.crates.io-1949cf8c6b5b557f/errno-0.3.13/src/sys.rs:22:15\n   |\n22 |     F: FnOnce(Result<&str, Errno>) -> T,\n   |               ^^^^^^ not found in this scope\n   |\nhelp: consider importing one of these items\n   |\n18 + use crate::fmt::Result;\n   |\n18 + use core::fmt::Result;\n   |\n18 + use core::result::Result;\n   |\n\nerror[E0531]: cannot find tuple struct or tuple variant `Ok` in this scope\n  --> /home/runner/.cargo/registry/src/index.crates.io-1949cf8c6b5b557f/errno-0.3.13/src/lib.rs:59:13\n   |\n59 |             Ok(desc) => fmt.write_str(desc),\n   |             ^^ not found in this scope\n   |\nhelp: consider importing this tuple variant\n   |\n28 + use core::result::Result::Ok;\n   |\n\nerror[E0531]: cannot find tuple struct or tuple variant `Err` in this scope\n  --> /home/runner/.cargo/registry/src/index.crates.io-1949cf8c6b5b557f/errno-0.3.13/src/lib.rs:60:13\n   |\n60 |             Err(fm_err) => write!(\n   |             ^^^ not found in this scope\n   |\nhelp: consider importing this tuple variant\n   |\n28 + use core::result::Result::Err;\n   |\n\nerror[E0405]: cannot find trait `From` in this scope\n  --> /home/runner/.cargo/registry/src/index.crates.io-1949cf8c6b5b557f/errno-0.3.13/src/lib.rs:71:6\n   |\n71 | impl From<Errno> for i32 {\n   |      ^^^^ not found in this scope\n   |\nhelp: consider importing this trait\n   |\n28 + use core::convert::From;\n   |\n\nerror[E0405]: cannot find trait `From` in this scope\n  --> /home/runner/.cargo/registry/src/index.crates.io-1949cf8c6b5b557f/errno-0.3.13/src/lib.rs:87:6\n   |\n87 | impl From<Errno> for io::Error {\n   |      ^^^^ not found in this scope\n   |\nhelp: consider importing this trait\n   |\n28 + use core::convert::From;\n   |\n\nSome errors have detailed explanations: E0405, E0412, E0463, E0531.\nFor more information about an error, try `rustc --explain E0405`.\nerror: could not compile `errno` (lib) due to 30 previous errors\nwarning: build failed, waiting for other jobs to finish...\n\n-----\n\nerror: failed to build rustdoc for crate scheduler v0.1.3\nnote: this is usually due to a compilation error in the crate,\n      and is unlikely to be a bug in cargo-semver-checks\nnote: the following command can be used to reproduce the compilation error:\n      cargo new --lib example &&\n          cd example &&\n          echo '[workspace]' >> Cargo.toml &&\n          cargo add scheduler@=0.1.3 &&\n          cargo check\n\nerror: aborting due to failure to build rustdoc for crate scheduler v0.1.3\n"
            ]
          }
        },
        {
          "file": "[Rapx] memory safety detection",
          "features": "",
          "count": 1,
          "kinds": {
            "Rapx": [
              "pkg=scheduler, checker=Rapx\ntoolchain=nightly-2025-06-26-x86_64-unknown-linux-gnu, target=x86_64-unknown-none\nfeatures=\npkg_dir=/home/runner/check/batch_4/arceos-org/scheduler\ncmd=cargo +nightly-2024-10-12 rapx -F -M -- --target x86_64-unknown-none \ntimestamp=2025-06-28 14:18:37.858952806 +08:00:00\n\nwarning: Dangling pointer detected.\n   --> src/cfs.rs:145:1\n    |\n145 | / fn remove_task(&mut self, task: &Self::SchedItem) -> Option<Self::SchedItem> {\n146 | |         if let Some((_, tmp)) = self\n...   |\n158 | |         }\n159 | |     }\n    | |_____- Dangling pointer detected.\n    |\nwarning: Dangling pointer detected.\n   --> src/cfs.rs:161:1\n    |\n161 | / fn pick_next_task(&mut self) -> Option<Self::SchedItem> {\n162 | |         if let Some((_, v)) = self.ready_queue.pop_first() {\n...   |\n166 | |         }\n167 | |     }\n    | |_____- Dangling pointer detected.\n    |\n"
            ]
          }
        },
        {
          "file": "[semver checks violation]",
          "features": "",
          "count": 1,
          "kinds": {
            "Semver Violation": [
              "pkg=scheduler, checker=SemverChecks\ntoolchain=nightly-2025-06-26-x86_64-unknown-linux-gnu, target=x86_64-unknown-none\nfeatures=\npkg_dir=/home/runner/check/batch_4/arceos-org/scheduler\ncmd=cargo +nightly-2025-06-26-x86_64-unknown-linux-gnu semver-checks --target x86_64-unknown-none \ntimestamp=2025-06-28 14:18:33.041152916 +08:00:00\n\n\nstdout:\n\nstderr:\n    Building scheduler v0.2.1 (current)\n       Built [   0.316s] (current)\n     Parsing scheduler v0.2.1 (current)\n      Parsed [   0.002s] (current)\n    Building scheduler v0.1.3 (baseline)\nerror: running cargo-doc on crate 'scheduler' failed with output:\n-----\n   Compiling libc v0.2.174\n    Checking errno v0.3.13\nerror[E0463]: can't find crate for `std`\n  |\n  = note: the `x86_64-unknown-none` target may not support the standard library\n  = note: `std` is required by `errno` because it does not declare `#![no_std]`\n  = help: consider building the standard library from source with `cargo build -Zbuild-std`\n\nerror[E0463]: can't find crate for `std`\n  --> /home/runner/.cargo/registry/src/index.crates.io-1949cf8c6b5b557f/errno-0.3.13/src/lib.rs:30:5\n   |\n30 | use std::error::Error;\n   |     ^^^ can't find crate\n   |\n   = note: the `x86_64-unknown-none` target may not support the standard library\n   = help: consider building the standard library from source with `cargo build -Zbuild-std`\n\nerror[E0463]: can't find crate for `std`\n  --> /home/runner/.cargo/registry/src/index.crates.io-1949cf8c6b5b557f/errno-0.3.13/src/lib.rs:32:5\n   |\n32 | use std::io;\n   |     ^^^ can't find crate\n   |\n   = note: the `x86_64-unknown-none` target may not support the standard library\n   = help: consider building the standard library from source with `cargo build -Zbuild-std`\n\nerror: cannot find attribute `test` in this scope\n   --> /home/runner/.cargo/registry/src/index.crates.io-1949cf8c6b5b557f/errno-0.3.13/src/lib.rs:153:3\n    |\n153 | #[test]\n    |   ^^^^\n    |\nhelp: consider importing this attribute macro\n    |\n28  + use core::prelude::rust_2024::test;\n    |\n\nerror: cannot find macro `assert_eq` in this scope\n   --> /home/runner/.cargo/registry/src/index.crates.io-1949cf8c6b5b557f/errno-0.3.13/src/lib.rs:159:5\n    |\n159 |     assert_eq!(error.kind(), new_error.kind());\n    |     ^^^^^^^^^\n    |\nhelp: consider importing this macro\n    |\n28  + use core::assert_eq;\n    |\n\nerror: cannot find attribute `test` in this scope\n   --> /home/runner/.cargo/registry/src/index.crates.io-1949cf8c6b5b557f/errno-0.3.13/src/lib.rs:117:3\n    |\n117 | #[test]\n    |   ^^^^\n    |\nhelp: consider importing this attribute macro\n    |\n28  + use core::prelude::rust_2024::test;\n    |\n\nerror: cannot find macro `cfg` in this scope\n   --> /home/runner/.cargo/registry/src/index.crates.io-1949cf8c6b5b557f/errno-0.3.13/src/lib.rs:119:21\n    |\n119 |     let expect = if cfg!(windows) {\n    |                     ^^^\n    |\n    = note: `cfg` is in scope, but it is an attribute: `#[cfg]`\nhelp: consider importing this macro\n    |\n28  + use core::cfg;\n    |\n\nerror: cannot find macro `cfg` in this scope\n   --> /home/runner/.cargo/registry/src/index.crates.io-1949cf8c6b5b557f/errno-0.3.13/src/lib.rs:121:15\n    |\n121 |     } else if cfg!(target_os = \"illumos\") {\n    |               ^^^\n    |\n    = note: `cfg` is in scope, but it is an attribute: `#[cfg]`\nhelp: consider importing this macro\n    |\n28  + use core::cfg;\n    |\n\nerror: cannot find macro `cfg` in this scope\n   --> /home/runner/.cargo/registry/src/index.crates.io-1949cf8c6b5b557f/errno-0.3.13/src/lib.rs:123:15\n    |\n123 |     } else if cfg!(target_os = \"wasi\") || cfg!(target_os = \"emscripten\") {\n    |               ^^^\n    |\n    = note: `cfg` is in scope, but it is an attribute: `#[cfg]`\nhelp: consider importing this macro\n    |\n28  + use core::cfg;\n    |\n\nerror: cannot find macro `cfg` in this scope\n   --> /home/runner/.cargo/registry/src/index.crates.io-1949cf8c6b5b557f/errno-0.3.13/src/lib.rs:123:43\n    |\n123 |     } else if cfg!(target_os = \"wasi\") || cfg!(target_os = \"emscripten\") {\n    |                                           ^^^\n    |\n    = note: `cfg` is in scope, but it is an attribute: `#[cfg]`\nhelp: consider importing this macro\n    |\n28  + use core::cfg;\n    |\n\nerror: cannot find macro `cfg` in this scope\n   --> /home/runner/.cargo/registry/src/index.crates.io-1949cf8c6b5b557f/errno-0.3.13/src/lib.rs:125:15\n    |\n125 |     } else if cfg!(target_os = \"haiku\") {\n    |               ^^^\n    |\n    = note: `cfg` is in scope, but it is an attribute: `#[cfg]`\nhelp: consider importing this macro\n    |\n28  + use core::cfg;\n    |\n\nerror: cannot find macro `cfg` in this scope\n   --> /home/runner/.cargo/registry/src/index.crates.io-1949cf8c6b5b557f/errno-0.3.13/src/lib.rs:127:15\n    |\n127 |     } else if cfg!(target_os = \"vxworks\") {\n    |               ^^^\n    |\n    = note: `cfg` is in scope, but it is an attribute: `#[cfg]`\nhelp: consider importing this macro\n    |\n28  + use core::cfg;\n    |\n\nerror: cannot find macro `cfg` in this scope\n   --> /home/runner/.cargo/registry/src/index.crates.io-1949cf8c6b5b557f/errno-0.3.13/src/lib.rs:133:25\n    |\n133 |     let errno_code = if cfg!(target_os = \"haiku\") {\n    |                         ^^^\n    |\n    = note: `cfg` is in scope, but it is an attribute: `#[cfg]`\nhelp: consider importing this macro\n    |\n28  + use core::cfg;\n    |\n\nerror: cannot find macro `cfg` in this scope\n   --> /home/runner/.cargo/registry/src/index.crates.io-1949cf8c6b5b557f/errno-0.3.13/src/lib.rs:135:15\n    |\n135 |     } else if cfg!(target_os = \"hurd\") {\n    |               ^^^\n    |\n    = note: `cfg` is in scope, but it is an attribute: `#[cfg]`\nhelp: consider importing this macro\n    |\n28  + use core::cfg;\n    |\n\nerror: cannot find macro `assert_eq` in this scope\n   --> /home/runner/.cargo/registry/src/index.crates.io-1949cf8c6b5b557f/errno-0.3.13/src/lib.rs:142:5\n    |\n142 |     assert_eq!(errno().to_string(), expect);\n    |     ^^^^^^^^^\n    |\nhelp: consider importing this macro\n    |\n28  + use core::assert_eq;\n    |\n\nerror: cannot find macro `assert_eq` in this scope\n   --> /home/runner/.cargo/registry/src/index.crates.io-1949cf8c6b5b557f/errno-0.3.13/src/lib.rs:143:5\n    |\n143 |     assert_eq!(\n    |     ^^^^^^^^^\n    |\nhelp: consider importing this macro\n    |\n28  + use core::assert_eq;\n    |\n\nerror: cannot find attribute `test` in this scope\n   --> /home/runner/.cargo/registry/src/index.crates.io-1949cf8c6b5b557f/errno-0.3.13/src/lib.rs:110:3\n    |\n110 | #[test]\n    |   ^^^^\n    |\nhelp: consider importing this attribute macro\n    |\n28  + use core::prelude::rust_2024::test;\n    |\n\nerror: cannot find attribute `test` in this scope\n   --> /home/runner/.cargo/registry/src/index.crates.io-1949cf8c6b5b557f/errno-0.3.13/src/lib.rs:103:3\n    |\n103 | #[test]\n    |   ^^^^\n    |\nhelp: consider importing this attribute macro\n    |\n28  + use core::prelude::rust_2024::test;\n    |\n\nerror: cannot find macro `write` in this scope\n  --> /home/runner/.cargo/registry/src/index.crates.io-1949cf8c6b5b557f/errno-0.3.13/src/lib.rs:60:28\n   |\n60 |             Err(fm_err) => write!(\n   |                            ^^^^^\n   |\nhelp: consider importing this macro\n   |\n28 + use core::write;\n   |\n\nerror: cannot find attribute `derive` in this scope\n  --> /home/runner/.cargo/registry/src/index.crates.io-1949cf8c6b5b557f/errno-0.3.13/src/lib.rs:42:3\n   |\n42 | #[derive(Copy, Clone, Eq, Ord, PartialEq, PartialOrd, Hash)]\n   |   ^^^^^^\n   |\nhelp: consider importing this attribute macro\n   |\n28 + use core::prelude::rust_2024::derive;\n   |\n\nerror: cannot find macro `unreachable` in this scope\n  --> /home/runner/.cargo/registry/src/index.crates.io-1949cf8c6b5b557f/errno-0.3.13/src/sys.rs:34:5\n   |\n34 |     unreachable!()\n   |     ^^^^^^^^^^^\n   |\nhelp: consider importing this macro\n   |\n18 + use core::unreachable;\n   |\n\nerror: cannot find macro `unreachable` in this scope\n  --> /home/runner/.cargo/registry/src/index.crates.io-1949cf8c6b5b557f/errno-0.3.13/src/sys.rs:30:5\n   |\n30 |     unreachable!()\n   |     ^^^^^^^^^^^\n   |\nhelp: consider importing this macro\n   |\n18 + use core::unreachable;\n   |\n\nerror: cannot find macro `unreachable` in this scope\n  --> /home/runner/.cargo/registry/src/index.crates.io-1949cf8c6b5b557f/errno-0.3.13/src/sys.rs:24:5\n   |\n24 |     unreachable!()\n   |     ^^^^^^^^^^^\n   |\nhelp: consider importing this macro\n   |\n18 + use core::unreachable;\n   |\n\nerror: cannot find macro `compile_error` in this scope\n --> /home/runner/.cargo/registry/src/index.crates.io-1949cf8c6b5b557f/errno-0.3.13/src/sys.rs:8:1\n  |\n8 | compile_error!(\"The target OS is \\\"unknown\\\" or \\\"none\\\", so it's unsupported by the errno crate.\");\n  | ^^^^^^^^^^^^^\n  |\nhelp: consider importing this macro\n  |\n18+ use core::compile_error;\n  |\n\nerror[E0405]: cannot find trait `FnOnce` in this scope\n  --> /home/runner/.cargo/registry/src/index.crates.io-1949cf8c6b5b557f/errno-0.3.13/src/sys.rs:22:8\n   |\n22 |     F: FnOnce(Result<&str, Errno>) -> T,\n   |        ^^^^^^ not found in this scope\n   |\nhelp: consider importing this trait\n   |\n18 + use core::ops::FnOnce;\n   |\n\nerror[E0412]: cannot find type `Result` in this scope\n  --> /home/runner/.cargo/registry/src/index.crates.io-1949cf8c6b5b557f/errno-0.3.13/src/sys.rs:22:15\n   |\n22 |     F: FnOnce(Result<&str, Errno>) -> T,\n   |               ^^^^^^ not found in this scope\n   |\nhelp: consider importing one of these items\n   |\n18 + use crate::fmt::Result;\n   |\n18 + use core::fmt::Result;\n   |\n18 + use core::result::Result;\n   |\n\nerror[E0531]: cannot find tuple struct or tuple variant `Ok` in this scope\n  --> /home/runner/.cargo/registry/src/index.crates.io-1949cf8c6b5b557f/errno-0.3.13/src/lib.rs:59:13\n   |\n59 |             Ok(desc) => fmt.write_str(desc),\n   |             ^^ not found in this scope\n   |\nhelp: consider importing this tuple variant\n   |\n28 + use core::result::Result::Ok;\n   |\n\nerror[E0531]: cannot find tuple struct or tuple variant `Err` in this scope\n  --> /home/runner/.cargo/registry/src/index.crates.io-1949cf8c6b5b557f/errno-0.3.13/src/lib.rs:60:13\n   |\n60 |             Err(fm_err) => write!(\n   |             ^^^ not found in this scope\n   |\nhelp: consider importing this tuple variant\n   |\n28 + use core::result::Result::Err;\n   |\n\nerror[E0405]: cannot find trait `From` in this scope\n  --> /home/runner/.cargo/registry/src/index.crates.io-1949cf8c6b5b557f/errno-0.3.13/src/lib.rs:71:6\n   |\n71 | impl From<Errno> for i32 {\n   |      ^^^^ not found in this scope\n   |\nhelp: consider importing this trait\n   |\n28 + use core::convert::From;\n   |\n\nerror[E0405]: cannot find trait `From` in this scope\n  --> /home/runner/.cargo/registry/src/index.crates.io-1949cf8c6b5b557f/errno-0.3.13/src/lib.rs:87:6\n   |\n87 | impl From<Errno> for io::Error {\n   |      ^^^^ not found in this scope\n   |\nhelp: consider importing this trait\n   |\n28 + use core::convert::From;\n   |\n\nSome errors have detailed explanations: E0405, E0412, E0463, E0531.\nFor more information about an error, try `rustc --explain E0405`.\nerror: could not compile `errno` (lib) due to 30 previous errors\nwarning: build failed, waiting for other jobs to finish...\n\n-----\n\nerror: failed to build rustdoc for crate scheduler v0.1.3\nnote: this is usually due to a compilation error in the crate,\n      and is unlikely to be a bug in cargo-semver-checks\nnote: the following command can be used to reproduce the compilation error:\n      cargo new --lib example &&\n          cd example &&\n          echo '[workspace]' >> Cargo.toml &&\n          cargo add scheduler@=0.1.3 &&\n          cargo check\n\nerror: aborting due to failure to build rustdoc for crate scheduler v0.1.3\n"
            ]
          }
        },
        {
          "file": "src/cfs.rs",
          "features": "",
          "count": 1,
          "kinds": {
            "Clippy(Warn)": [
              "warning: you should consider adding a `Default` implementation for `CFScheduler<T>`\n   --> src/cfs.rs:111:5\n    |\n111 | /     pub const fn new() -> Self {\n112 | |         Self {\n113 | |             ready_queue: BTreeMap::new(),\n114 | |             min_vruntime: None,\n...   |\n117 | |     }\n    | |_____^\n    |\n    = help: for further information visit https://rust-lang.github.io/rust-clippy/master/index.html#new_without_default\n    = note: `#[warn(clippy::new_without_default)]` on by default\nhelp: try adding this\n    |\n109 + impl<T> Default for CFScheduler<T> {\n110 +     fn default() -> Self {\n111 +         Self::new()\n112 +     }\n113 + }\n    |\n\n"
            ]
          }
        },
        {
          "file": "src/fifo.rs",
          "features": "",
          "count": 1,
          "kinds": {
            "Clippy(Warn)": [
              "warning: you should consider adding a `Default` implementation for `FifoScheduler<T>`\n  --> src/fifo.rs:29:5\n   |\n29 | /     pub const fn new() -> Self {\n30 | |         Self {\n31 | |             ready_queue: List::new(),\n32 | |         }\n33 | |     }\n   | |_____^\n   |\n   = help: for further information visit https://rust-lang.github.io/rust-clippy/master/index.html#new_without_default\nhelp: try adding this\n   |\n27 + impl<T> Default for FifoScheduler<T> {\n28 +     fn default() -> Self {\n29 +         Self::new()\n30 +     }\n31 + }\n   |\n\n"
            ]
          }
        },
        {
          "file": "src/round_robin.rs",
          "features": "",
          "count": 1,
          "kinds": {
            "Clippy(Warn)": [
              "warning: you should consider adding a `Default` implementation for `RRScheduler<T, S>`\n  --> src/round_robin.rs:64:5\n   |\n64 | /     pub const fn new() -> Self {\n65 | |         Self {\n66 | |             ready_queue: VecDeque::new(),\n67 | |         }\n68 | |     }\n   | |_____^\n   |\n   = help: for further information visit https://rust-lang.github.io/rust-clippy/master/index.html#new_without_default\nhelp: try adding this\n   |\n62 + impl<T, const S: usize> Default for RRScheduler<T, S> {\n63 +     fn default() -> Self {\n64 +         Self::new()\n65 +     }\n66 + }\n   |\n\n"
            ]
          }
        }
      ]
    }
  ],
  "kinds_order": [
    "Cargo",
    "Clippy(Error)",
    "Clippy(Warn)",
    "Semver Violation",
    "Audit",
    "Mirai",
    "Rapx",
    "Rudra",
    "Lockbud(Probably)",
    "Lockbud(Possibly)",
    "Atomvchecker",
    "Outdated",
    "Geiger",
    "Unused Deps",
    "Unformatted"
  ]
}