{"repo":{"user":"yuoo655","repo":"ext4libtest"},"data":[{"user":"yuoo655","repo":"ext4libtest","pkg":"ext4libtest","count":13,"raw_reports":[{"file":"src/lib.rs","count":2,"kinds":{"Unformatted":["file: /home/runner/check/batch_19/yuoo655/ext4libtest/src/lib.rs (original lines from 151 to 151)\n-\n","file: /home/runner/check/batch_19/yuoo655/ext4libtest/src/lib.rs (original lines from 157 to 157)\n-        \n"]}},{"file":"src/main.rs","count":2,"kinds":{"Unformatted":["file: /home/runner/check/batch_19/yuoo655/ext4libtest/src/main.rs (original lines from 558 to 558)\n-\n","file: /home/runner/check/batch_19/yuoo655/ext4libtest/src/main.rs (original lines from 566 to 573)\n-        let inode_ref = self.ext4.fuse_mkdir_with_attr(\n-            parent,\n-            name.to_str().unwrap(),\n-            mode,\n-            umask,\n-            _req.uid(),\n-            _req.gid(),\n-        ).unwrap();\n+        let inode_ref = self\n+            .ext4\n+            .fuse_mkdir_with_attr(\n+                parent,\n+                name.to_str().unwrap(),\n+                mode,\n+                umask,\n+                _req.uid(),\n+                _req.gid(),\n+            )\n+            .unwrap();\n"]}},{"file":"(virtual) clippy","count":1,"kinds":{"Cargo":["// pkg_name=ext4libtest, checker=Clippy\n// toolchain=nightly-2024-12-24-x86_64-unknown-linux-gnu, target=x86_64-unknown-linux-gnu\n// pkg_dir=/home/runner/check/batch_19/yuoo655/ext4libtest\n// cmd=cargo clippy --target x86_64-unknown-linux-gnu --no-deps --message-format=json\n   Compiling proc-macro2 v1.0.85\n   Compiling unicode-ident v1.0.12\n   Compiling libc v0.2.155\n   Compiling cfg_aliases v0.1.1\n   Compiling nix v0.28.0\n    Checking log v0.4.21\n   Compiling pkg-config v0.3.30\n    Checking bitflags v2.5.0\n    Checking cfg-if v1.0.0\n    Checking byteorder v1.5.0\n    Checking smallvec v1.13.2\n   Compiling quote v1.0.36\n   Compiling syn v2.0.66\n   Compiling fuser v0.14.0 (https://github.com/cberner/fuser.git#99aa5280)\n    Checking memchr v2.7.2\nerror: failed to run custom build command for `fuser v0.14.0 (https://github.com/cberner/fuser.git#99aa5280)`\n\nCaused by:\n  process didn't exit successfully: `/home/runner/check/batch_19/yuoo655/ext4libtest/target/debug/build/fuser-5d3cdd4e10dee253/build-script-build` (exit status: 101)\n  --- stdout\n  cargo:rerun-if-env-changed=FUSE3_NO_PKG_CONFIG\n  cargo:rerun-if-env-changed=PKG_CONFIG_x86_64-unknown-linux-gnu\n  cargo:rerun-if-env-changed=PKG_CONFIG_x86_64_unknown_linux_gnu\n  cargo:rerun-if-env-changed=HOST_PKG_CONFIG\n  cargo:rerun-if-env-changed=PKG_CONFIG\n  cargo:rerun-if-env-changed=FUSE3_STATIC\n  cargo:rerun-if-env-changed=FUSE3_DYNAMIC\n  cargo:rerun-if-env-changed=PKG_CONFIG_ALL_STATIC\n  cargo:rerun-if-env-changed=PKG_CONFIG_ALL_DYNAMIC\n  cargo:rerun-if-env-changed=PKG_CONFIG_PATH_x86_64-unknown-linux-gnu\n  cargo:rerun-if-env-changed=PKG_CONFIG_PATH_x86_64_unknown_linux_gnu\n  cargo:rerun-if-env-changed=HOST_PKG_CONFIG_PATH\n  cargo:rerun-if-env-changed=PKG_CONFIG_PATH\n  cargo:rerun-if-env-changed=PKG_CONFIG_LIBDIR_x86_64-unknown-linux-gnu\n  cargo:rerun-if-env-changed=PKG_CONFIG_LIBDIR_x86_64_unknown_linux_gnu\n  cargo:rerun-if-env-changed=HOST_PKG_CONFIG_LIBDIR\n  cargo:rerun-if-env-changed=PKG_CONFIG_LIBDIR\n  cargo:rerun-if-env-changed=PKG_CONFIG_SYSROOT_DIR_x86_64-unknown-linux-gnu\n  cargo:rerun-if-env-changed=PKG_CONFIG_SYSROOT_DIR_x86_64_unknown_linux_gnu\n  cargo:rerun-if-env-changed=HOST_PKG_CONFIG_SYSROOT_DIR\n  cargo:rerun-if-env-changed=PKG_CONFIG_SYSROOT_DIR\n  cargo:rerun-if-env-changed=FUSE_NO_PKG_CONFIG\n  cargo:rerun-if-env-changed=PKG_CONFIG_x86_64-unknown-linux-gnu\n  cargo:rerun-if-env-changed=PKG_CONFIG_x86_64_unknown_linux_gnu\n  cargo:rerun-if-env-changed=HOST_PKG_CONFIG\n  cargo:rerun-if-env-changed=PKG_CONFIG\n  cargo:rerun-if-env-changed=FUSE_STATIC\n  cargo:rerun-if-env-changed=FUSE_DYNAMIC\n  cargo:rerun-if-env-changed=PKG_CONFIG_ALL_STATIC\n  cargo:rerun-if-env-changed=PKG_CONFIG_ALL_DYNAMIC\n  cargo:rerun-if-env-changed=PKG_CONFIG_PATH_x86_64-unknown-linux-gnu\n  cargo:rerun-if-env-changed=PKG_CONFIG_PATH_x86_64_unknown_linux_gnu\n  cargo:rerun-if-env-changed=HOST_PKG_CONFIG_PATH\n  cargo:rerun-if-env-changed=PKG_CONFIG_PATH\n  cargo:rerun-if-env-changed=PKG_CONFIG_LIBDIR_x86_64-unknown-linux-gnu\n  cargo:rerun-if-env-changed=PKG_CONFIG_LIBDIR_x86_64_unknown_linux_gnu\n  cargo:rerun-if-env-changed=HOST_PKG_CONFIG_LIBDIR\n  cargo:rerun-if-env-changed=PKG_CONFIG_LIBDIR\n  cargo:rerun-if-env-changed=PKG_CONFIG_SYSROOT_DIR_x86_64-unknown-linux-gnu\n  cargo:rerun-if-env-changed=PKG_CONFIG_SYSROOT_DIR_x86_64_unknown_linux_gnu\n  cargo:rerun-if-env-changed=HOST_PKG_CONFIG_SYSROOT_DIR\n  cargo:rerun-if-env-changed=PKG_CONFIG_SYSROOT_DIR\n\n  --- stderr\n\n  pkg-config exited with status code 1\n  > PKG_CONFIG_ALLOW_SYSTEM_LIBS=1 PKG_CONFIG_ALLOW_SYSTEM_CFLAGS=1 pkg-config --libs --cflags fuse3 fuse3 >= 3.0.0\n\n  The system library `fuse3` required by crate `fuser` was not found.\n  The file `fuse3.pc` needs to be installed and the PKG_CONFIG_PATH environment variable must contain its parent directory.\n  The PKG_CONFIG_PATH environment variable is not set.\n\n  HINT: if you have installed the library, try setting PKG_CONFIG_PATH to the directory containing `fuse3.pc`.\n\n\n  pkg-config exited with status code 1\n  > PKG_CONFIG_ALLOW_SYSTEM_LIBS=1 PKG_CONFIG_ALLOW_SYSTEM_CFLAGS=1 pkg-config --libs --cflags fuse fuse >= 2.6.0\n\n  The system library `fuse` required by crate `fuser` was not found.\n  The file `fuse.pc` needs to be installed and the PKG_CONFIG_PATH environment variable must contain its parent directory.\n  The PKG_CONFIG_PATH environment variable is not set.\n\n  HINT: if you have installed the library, try setting PKG_CONFIG_PATH to the directory containing `fuse.pc`.\n\n  thread 'main' panicked at /home/runner/.cargo/git/checkouts/fuser-363b66cea860d9b9/99aa528/build.rs:41:22:\n  called `Result::unwrap()` on an `Err` value: ()\n  note: run with `RUST_BACKTRACE=1` environment variable to display a backtrace\nwarning: build failed, waiting for other jobs to finish...\n"]}},{"file":"(virtual) geiger","count":1,"kinds":{"Cargo":["// pkg_name=ext4libtest, checker=Geiger\n// toolchain=nightly-2024-12-24-x86_64-unknown-linux-gnu, target=x86_64-unknown-linux-gnu\n// pkg_dir=/home/runner/check/batch_19/yuoo655/ext4libtest\n// cmd=cargo +nightly-2024-12-24-x86_64-unknown-linux-gnu geiger --output-format Ascii\n     Removed 0 files\n   Compiling proc-macro2 v1.0.85\n   Compiling unicode-ident v1.0.12\n   Compiling libc v0.2.155\n   Compiling cfg_aliases v0.1.1\n{\"$message_type\":\"artifact\",\"artifact\":\"/home/runner/check/batch_19/yuoo655/ext4libtest/target/debug/deps/cfg_aliases-87b16aeccf9d85fc.d\",\"emit\":\"dep-info\"}\n{\"$message_type\":\"artifact\",\"artifact\":\"/home/runner/check/batch_19/yuoo655/ext4libtest/target/debug/build/proc-macro2-cf5103ff7a9db6a4/build_script_build-cf5103ff7a9db6a4.d\",\"emit\":\"dep-info\"}\n{\"$message_type\":\"artifact\",\"artifact\":\"/home/runner/check/batch_19/yuoo655/ext4libtest/target/debug/deps/libcfg_aliases-87b16aeccf9d85fc.rmeta\",\"emit\":\"metadata\"}\n{\"$message_type\":\"artifact\",\"artifact\":\"/home/runner/check/batch_19/yuoo655/ext4libtest/target/debug/build/libc-e57b66fc79a78abe/build_script_build-e57b66fc79a78abe.d\",\"emit\":\"dep-info\"}\n{\"$message_type\":\"artifact\",\"artifact\":\"/home/runner/check/batch_19/yuoo655/ext4libtest/target/debug/deps/unicode_ident-62f822500da935ba.d\",\"emit\":\"dep-info\"}\n{\"$message_type\":\"artifact\",\"artifact\":\"/home/runner/check/batch_19/yuoo655/ext4libtest/target/debug/deps/libcfg_aliases-87b16aeccf9d85fc.rlib\",\"emit\":\"link\"}\n   Compiling nix v0.28.0\n{\"$message_type\":\"artifact\",\"artifact\":\"/home/runner/check/batch_19/yuoo655/ext4libtest/target/debug/deps/libunicode_ident-62f822500da935ba.rmeta\",\"emit\":\"metadata\"}\n{\"$message_type\":\"artifact\",\"artifact\":\"/home/runner/check/batch_19/yuoo655/ext4libtest/target/debug/build/nix-b34996e2d9d3545b/build_script_build-b34996e2d9d3545b.d\",\"emit\":\"dep-info\"}\n{\"$message_type\":\"artifact\",\"artifact\":\"/home/runner/check/batch_19/yuoo655/ext4libtest/target/debug/deps/libunicode_ident-62f822500da935ba.rlib\",\"emit\":\"link\"}\n    Checking bitflags v2.5.0\n{\"$message_type\":\"artifact\",\"artifact\":\"/home/runner/check/batch_19/yuoo655/ext4libtest/target/debug/deps/bitflags-8f40497a5e9e62da.d\",\"emit\":\"dep-info\"}\n{\"$message_type\":\"artifact\",\"artifact\":\"/home/runner/check/batch_19/yuoo655/ext4libtest/target/debug/deps/libbitflags-8f40497a5e9e62da.rmeta\",\"emit\":\"metadata\"}\n   Compiling pkg-config v0.3.30\n{\"$message_type\":\"artifact\",\"artifact\":\"/home/runner/check/batch_19/yuoo655/ext4libtest/target/debug/deps/pkg_config-8565993036a49ec0.d\",\"emit\":\"dep-info\"}\n{\"$message_type\":\"artifact\",\"artifact\":\"/home/runner/check/batch_19/yuoo655/ext4libtest/target/debug/build/proc-macro2-cf5103ff7a9db6a4/build_script_build-cf5103ff7a9db6a4\",\"emit\":\"link\"}\n{\"$message_type\":\"artifact\",\"artifact\":\"/home/runner/check/batch_19/yuoo655/ext4libtest/target/debug/build/libc-e57b66fc79a78abe/build_script_build-e57b66fc79a78abe\",\"emit\":\"link\"}\n{\"$message_type\":\"artifact\",\"artifact\":\"/home/runner/check/batch_19/yuoo655/ext4libtest/target/debug/deps/proc_macro2-73bbe20a0e24097a.d\",\"emit\":\"dep-info\"}\n{\"$message_type\":\"artifact\",\"artifact\":\"/home/runner/check/batch_19/yuoo655/ext4libtest/target/debug/build/nix-b34996e2d9d3545b/build_script_build-b34996e2d9d3545b\",\"emit\":\"link\"}\n    Checking log v0.4.21\n{\"$message_type\":\"artifact\",\"artifact\":\"/home/runner/check/batch_19/yuoo655/ext4libtest/target/debug/deps/log-20087c0c0cd98a51.d\",\"emit\":\"dep-info\"}\n{\"$message_type\":\"artifact\",\"artifact\":\"/home/runner/check/batch_19/yuoo655/ext4libtest/target/debug/deps/libpkg_config-8565993036a49ec0.rmeta\",\"emit\":\"metadata\"}\n{\"$message_type\":\"artifact\",\"artifact\":\"/home/runner/check/batch_19/yuoo655/ext4libtest/target/debug/deps/liblog-20087c0c0cd98a51.rmeta\",\"emit\":\"metadata\"}\n    Checking cfg-if v1.0.0\n{\"$message_type\":\"artifact\",\"artifact\":\"/home/runner/check/batch_19/yuoo655/ext4libtest/target/debug/deps/cfg_if-d488aff7a2e4faf1.d\",\"emit\":\"dep-info\"}\n{\"$message_type\":\"artifact\",\"artifact\":\"/home/runner/check/batch_19/yuoo655/ext4libtest/target/debug/deps/libcfg_if-d488aff7a2e4faf1.rmeta\",\"emit\":\"metadata\"}\n    Checking byteorder v1.5.0\n{\"$message_type\":\"artifact\",\"artifact\":\"/home/runner/check/batch_19/yuoo655/ext4libtest/target/debug/deps/libc-889f7b8523db19b7.d\",\"emit\":\"dep-info\"}\n{\"$message_type\":\"artifact\",\"artifact\":\"/home/runner/check/batch_19/yuoo655/ext4libtest/target/debug/deps/byteorder-56694e6c7dc71c55.d\",\"emit\":\"dep-info\"}\n{\"$message_type\":\"artifact\",\"artifact\":\"/home/runner/check/batch_19/yuoo655/ext4libtest/target/debug/deps/libbyteorder-56694e6c7dc71c55.rmeta\",\"emit\":\"metadata\"}\n    Checking memchr v2.7.2\n{\"$message_type\":\"artifact\",\"artifact\":\"/home/runner/check/batch_19/yuoo655/ext4libtest/target/debug/deps/memchr-2b3f0fe1681bec33.d\",\"emit\":\"dep-info\"}\n{\"$message_type\":\"artifact\",\"artifact\":\"/home/runner/check/batch_19/yuoo655/ext4libtest/target/debug/deps/libproc_macro2-73bbe20a0e24097a.rmeta\",\"emit\":\"metadata\"}\n{\"$message_type\":\"artifact\",\"artifact\":\"/home/runner/check/batch_19/yuoo655/ext4libtest/target/debug/deps/libpkg_config-8565993036a49ec0.rlib\",\"emit\":\"link\"}\n   Compiling fuser v0.14.0 (https://github.com/cberner/fuser.git#99aa5280)\n{\"$message_type\":\"artifact\",\"artifact\":\"/home/runner/check/batch_19/yuoo655/ext4libtest/target/debug/build/fuser-6555d29e3c90b28e/build_script_build-6555d29e3c90b28e.d\",\"emit\":\"dep-info\"}\n{\"$message_type\":\"artifact\",\"artifact\":\"/home/runner/check/batch_19/yuoo655/ext4libtest/target/debug/build/fuser-6555d29e3c90b28e/build_script_build-6555d29e3c90b28e\",\"emit\":\"link\"}\nerror: failed to run custom build command for `fuser v0.14.0 (https://github.com/cberner/fuser.git#99aa5280)`\n\nCaused by:\n  process didn't exit successfully: `/home/runner/check/batch_19/yuoo655/ext4libtest/target/debug/build/fuser-6555d29e3c90b28e/build-script-build` (exit status: 101)\n  --- stdout\n  cargo:rerun-if-env-changed=FUSE3_NO_PKG_CONFIG\n  cargo:rerun-if-env-changed=PKG_CONFIG_x86_64-unknown-linux-gnu\n  cargo:rerun-if-env-changed=PKG_CONFIG_x86_64_unknown_linux_gnu\n  cargo:rerun-if-env-changed=HOST_PKG_CONFIG\n  cargo:rerun-if-env-changed=PKG_CONFIG\n  cargo:rerun-if-env-changed=FUSE3_STATIC\n  cargo:rerun-if-env-changed=FUSE3_DYNAMIC\n  cargo:rerun-if-env-changed=PKG_CONFIG_ALL_STATIC\n  cargo:rerun-if-env-changed=PKG_CONFIG_ALL_DYNAMIC\n  cargo:rerun-if-env-changed=PKG_CONFIG_PATH_x86_64-unknown-linux-gnu\n  cargo:rerun-if-env-changed=PKG_CONFIG_PATH_x86_64_unknown_linux_gnu\n  cargo:rerun-if-env-changed=HOST_PKG_CONFIG_PATH\n  cargo:rerun-if-env-changed=PKG_CONFIG_PATH\n  cargo:rerun-if-env-changed=PKG_CONFIG_LIBDIR_x86_64-unknown-linux-gnu\n  cargo:rerun-if-env-changed=PKG_CONFIG_LIBDIR_x86_64_unknown_linux_gnu\n  cargo:rerun-if-env-changed=HOST_PKG_CONFIG_LIBDIR\n  cargo:rerun-if-env-changed=PKG_CONFIG_LIBDIR\n  cargo:rerun-if-env-changed=PKG_CONFIG_SYSROOT_DIR_x86_64-unknown-linux-gnu\n  cargo:rerun-if-env-changed=PKG_CONFIG_SYSROOT_DIR_x86_64_unknown_linux_gnu\n  cargo:rerun-if-env-changed=HOST_PKG_CONFIG_SYSROOT_DIR\n  cargo:rerun-if-env-changed=PKG_CONFIG_SYSROOT_DIR\n  cargo:rerun-if-env-changed=FUSE_NO_PKG_CONFIG\n  cargo:rerun-if-env-changed=PKG_CONFIG_x86_64-unknown-linux-gnu\n  cargo:rerun-if-env-changed=PKG_CONFIG_x86_64_unknown_linux_gnu\n  cargo:rerun-if-env-changed=HOST_PKG_CONFIG\n  cargo:rerun-if-env-changed=PKG_CONFIG\n  cargo:rerun-if-env-changed=FUSE_STATIC\n  cargo:rerun-if-env-changed=FUSE_DYNAMIC\n  cargo:rerun-if-env-changed=PKG_CONFIG_ALL_STATIC\n  cargo:rerun-if-env-changed=PKG_CONFIG_ALL_DYNAMIC\n  cargo:rerun-if-env-changed=PKG_CONFIG_PATH_x86_64-unknown-linux-gnu\n  cargo:rerun-if-env-changed=PKG_CONFIG_PATH_x86_64_unknown_linux_gnu\n  cargo:rerun-if-env-changed=HOST_PKG_CONFIG_PATH\n  cargo:rerun-if-env-changed=PKG_CONFIG_PATH\n  cargo:rerun-if-env-changed=PKG_CONFIG_LIBDIR_x86_64-unknown-linux-gnu\n  cargo:rerun-if-env-changed=PKG_CONFIG_LIBDIR_x86_64_unknown_linux_gnu\n  cargo:rerun-if-env-changed=HOST_PKG_CONFIG_LIBDIR\n  cargo:rerun-if-env-changed=PKG_CONFIG_LIBDIR\n  cargo:rerun-if-env-changed=PKG_CONFIG_SYSROOT_DIR_x86_64-unknown-linux-gnu\n  cargo:rerun-if-env-changed=PKG_CONFIG_SYSROOT_DIR_x86_64_unknown_linux_gnu\n  cargo:rerun-if-env-changed=HOST_PKG_CONFIG_SYSROOT_DIR\n  cargo:rerun-if-env-changed=PKG_CONFIG_SYSROOT_DIR\n\n  --- stderr\n\n  pkg-config exited with status code 1\n  > PKG_CONFIG_ALLOW_SYSTEM_LIBS=1 PKG_CONFIG_ALLOW_SYSTEM_CFLAGS=1 pkg-config --libs --cflags fuse3 fuse3 >= 3.0.0\n\n  The system library `fuse3` required by crate `fuser` was not found.\n  The file `fuse3.pc` needs to be installed and the PKG_CONFIG_PATH environment variable must contain its parent directory.\n  The PKG_CONFIG_PATH environment variable is not set.\n\n  HINT: if you have installed the library, try setting PKG_CONFIG_PATH to the directory containing `fuse3.pc`.\n\n\n  pkg-config exited with status code 1\n  > PKG_CONFIG_ALLOW_SYSTEM_LIBS=1 PKG_CONFIG_ALLOW_SYSTEM_CFLAGS=1 pkg-config --libs --cflags fuse fuse >= 2.6.0\n\n  The system library `fuse` required by crate `fuser` was not found.\n  The file `fuse.pc` needs to be installed and the PKG_CONFIG_PATH environment variable must contain its parent directory.\n  The PKG_CONFIG_PATH environment variable is not set.\n\n  HINT: if you have installed the library, try setting PKG_CONFIG_PATH to the directory containing `fuse.pc`.\n\n  thread 'main' panicked at /home/runner/.cargo/git/checkouts/fuser-379f3f6b680d6b6e/99aa528/build.rs:41:22:\n  called `Result::unwrap()` on an `Err` value: ()\n  note: run with `RUST_BACKTRACE=1` environment variable to display a backtrace\nwarning: build failed, waiting for other jobs to finish...\n{\"$message_type\":\"artifact\",\"artifact\":\"/home/runner/check/batch_19/yuoo655/ext4libtest/target/debug/deps/libproc_macro2-73bbe20a0e24097a.rlib\",\"emit\":\"link\"}\n{\"$message_type\":\"artifact\",\"artifact\":\"/home/runner/check/batch_19/yuoo655/ext4libtest/target/debug/deps/libmemchr-2b3f0fe1681bec33.rmeta\",\"emit\":\"metadata\"}\n{\"$message_type\":\"artifact\",\"artifact\":\"/home/runner/check/batch_19/yuoo655/ext4libtest/target/debug/deps/liblibc-889f7b8523db19b7.rmeta\",\"emit\":\"metadata\"}\nerror: Cargo(\"1 job failed\")\n"]}},{"file":"(virtual) lockbud","count":1,"kinds":{"Cargo":["// pkg_name=ext4libtest, checker=Lockbud\n// toolchain=nightly-2024-12-24-x86_64-unknown-linux-gnu, target=x86_64-unknown-linux-gnu\n// pkg_dir=/home/runner/check/batch_19/yuoo655/ext4libtest\n// cmd=cargo +nightly-2024-10-05 lockbud -k all -- --target x86_64-unknown-linux-gnu\n   Compiling proc-macro2 v1.0.85\n   Compiling unicode-ident v1.0.12\n   Compiling libc v0.2.155\n   Compiling cfg_aliases v0.1.1\n   Compiling nix v0.28.0\n   Compiling pkg-config v0.3.30\n   Compiling log v0.4.21\n[2024-12-25T04:01:04Z WARN  lockbud::callbacks] [\n      {\n        \"AtomicityViolation\": {\n          \"bug_kind\": \"AtomicityViolation\",\n          \"possibility\": \"Possibly\",\n          \"diagnosis\": {\n            \"fn_name\": \"set_logger_racy\",\n            \"atomic_reader\": \"/home/runner/.cargo/registry/src/index.crates.io-6f17d22bba15001f/log-0.4.21/src/lib.rs:1408:11: 1408:39 (#0)\",\n            \"atomic_writer\": \"/home/runner/.cargo/registry/src/index.crates.io-6f17d22bba15001f/log-0.4.21/src/lib.rs:1411:13: 1411:55 (#0)\",\n            \"dep_kind\": \"Control\"\n          },\n          \"explanation\": \"atomic::store is data/control dependent on atomic::load\"\n        }\n      }\n    ]\n[2024-12-25T04:01:04Z WARN  lockbud::callbacks] crate log contains bugs: { probably: 0, possibly: 0 }, conflictlock: { probably: 0, possibly: 0 }, condvar_deadlock: { probably: 0, possibly: 0 }, atomicity_violation: { possibly: 1 }, invalid_free: { possibly: 0 }, use_after_free: { possibly: 0 }\n   Compiling bitflags v2.5.0\n   Compiling byteorder v1.5.0\n   Compiling quote v1.0.36\n   Compiling fuser v0.14.0 (https://github.com/cberner/fuser.git#99aa5280)\n   Compiling cfg-if v1.0.0\n   Compiling syn v2.0.66\n   Compiling smallvec v1.13.2\nerror: failed to run custom build command for `fuser v0.14.0 (https://github.com/cberner/fuser.git#99aa5280)`\n\nCaused by:\n  process didn't exit successfully: `/home/runner/check/batch_19/yuoo655/ext4libtest/target/debug/build/fuser-9a80437d38652e43/build-script-build` (exit status: 101)\n  --- stdout\n  cargo:rerun-if-env-changed=FUSE3_NO_PKG_CONFIG\n  cargo:rerun-if-env-changed=PKG_CONFIG_x86_64-unknown-linux-gnu\n  cargo:rerun-if-env-changed=PKG_CONFIG_x86_64_unknown_linux_gnu\n  cargo:rerun-if-env-changed=HOST_PKG_CONFIG\n  cargo:rerun-if-env-changed=PKG_CONFIG\n  cargo:rerun-if-env-changed=FUSE3_STATIC\n  cargo:rerun-if-env-changed=FUSE3_DYNAMIC\n  cargo:rerun-if-env-changed=PKG_CONFIG_ALL_STATIC\n  cargo:rerun-if-env-changed=PKG_CONFIG_ALL_DYNAMIC\n  cargo:rerun-if-env-changed=PKG_CONFIG_PATH_x86_64-unknown-linux-gnu\n  cargo:rerun-if-env-changed=PKG_CONFIG_PATH_x86_64_unknown_linux_gnu\n  cargo:rerun-if-env-changed=HOST_PKG_CONFIG_PATH\n  cargo:rerun-if-env-changed=PKG_CONFIG_PATH\n  cargo:rerun-if-env-changed=PKG_CONFIG_LIBDIR_x86_64-unknown-linux-gnu\n  cargo:rerun-if-env-changed=PKG_CONFIG_LIBDIR_x86_64_unknown_linux_gnu\n  cargo:rerun-if-env-changed=HOST_PKG_CONFIG_LIBDIR\n  cargo:rerun-if-env-changed=PKG_CONFIG_LIBDIR\n  cargo:rerun-if-env-changed=PKG_CONFIG_SYSROOT_DIR_x86_64-unknown-linux-gnu\n  cargo:rerun-if-env-changed=PKG_CONFIG_SYSROOT_DIR_x86_64_unknown_linux_gnu\n  cargo:rerun-if-env-changed=HOST_PKG_CONFIG_SYSROOT_DIR\n  cargo:rerun-if-env-changed=PKG_CONFIG_SYSROOT_DIR\n  cargo:rerun-if-env-changed=FUSE_NO_PKG_CONFIG\n  cargo:rerun-if-env-changed=PKG_CONFIG_x86_64-unknown-linux-gnu\n  cargo:rerun-if-env-changed=PKG_CONFIG_x86_64_unknown_linux_gnu\n  cargo:rerun-if-env-changed=HOST_PKG_CONFIG\n  cargo:rerun-if-env-changed=PKG_CONFIG\n  cargo:rerun-if-env-changed=FUSE_STATIC\n  cargo:rerun-if-env-changed=FUSE_DYNAMIC\n  cargo:rerun-if-env-changed=PKG_CONFIG_ALL_STATIC\n  cargo:rerun-if-env-changed=PKG_CONFIG_ALL_DYNAMIC\n  cargo:rerun-if-env-changed=PKG_CONFIG_PATH_x86_64-unknown-linux-gnu\n  cargo:rerun-if-env-changed=PKG_CONFIG_PATH_x86_64_unknown_linux_gnu\n  cargo:rerun-if-env-changed=HOST_PKG_CONFIG_PATH\n  cargo:rerun-if-env-changed=PKG_CONFIG_PATH\n  cargo:rerun-if-env-changed=PKG_CONFIG_LIBDIR_x86_64-unknown-linux-gnu\n  cargo:rerun-if-env-changed=PKG_CONFIG_LIBDIR_x86_64_unknown_linux_gnu\n  cargo:rerun-if-env-changed=HOST_PKG_CONFIG_LIBDIR\n  cargo:rerun-if-env-changed=PKG_CONFIG_LIBDIR\n  cargo:rerun-if-env-changed=PKG_CONFIG_SYSROOT_DIR_x86_64-unknown-linux-gnu\n  cargo:rerun-if-env-changed=PKG_CONFIG_SYSROOT_DIR_x86_64_unknown_linux_gnu\n  cargo:rerun-if-env-changed=HOST_PKG_CONFIG_SYSROOT_DIR\n  cargo:rerun-if-env-changed=PKG_CONFIG_SYSROOT_DIR\n\n  --- stderr\n\n  pkg-config exited with status code 1\n  > PKG_CONFIG_ALLOW_SYSTEM_LIBS=1 PKG_CONFIG_ALLOW_SYSTEM_CFLAGS=1 pkg-config --libs --cflags fuse3 fuse3 >= 3.0.0\n\n  The system library `fuse3` required by crate `fuser` was not found.\n  The file `fuse3.pc` needs to be installed and the PKG_CONFIG_PATH environment variable must contain its parent directory.\n  The PKG_CONFIG_PATH environment variable is not set.\n\n  HINT: if you have installed the library, try setting PKG_CONFIG_PATH to the directory containing `fuse3.pc`.\n\n\n  pkg-config exited with status code 1\n  > PKG_CONFIG_ALLOW_SYSTEM_LIBS=1 PKG_CONFIG_ALLOW_SYSTEM_CFLAGS=1 pkg-config --libs --cflags fuse fuse >= 2.6.0\n\n  The system library `fuse` required by crate `fuser` was not found.\n  The file `fuse.pc` needs to be installed and the PKG_CONFIG_PATH environment variable must contain its parent directory.\n  The PKG_CONFIG_PATH environment variable is not set.\n\n  HINT: if you have installed the library, try setting PKG_CONFIG_PATH to the directory containing `fuse.pc`.\n\n  thread 'main' panicked at /home/runner/.cargo/git/checkouts/fuser-379f3f6b680d6b6e/99aa528/build.rs:41:22:\n  called `Result::unwrap()` on an `Err` value: ()\n  stack backtrace:\n     0:     0x55ec15a2708a - std::backtrace_rs::backtrace::libunwind::trace::h2b10bb8531c3a62e\n                                 at /rustc/14f303bc1430a78ddaa91b3e104bbe4c0413184e/library/std/src/../../backtrace/src/backtrace/libunwind.rs:116:5\n     1:     0x55ec15a2708a - std::backtrace_rs::backtrace::trace_unsynchronized::h492906c6a6fc7485\n                                 at /rustc/14f303bc1430a78ddaa91b3e104bbe4c0413184e/library/std/src/../../backtrace/src/backtrace/mod.rs:66:5\n     2:     0x55ec15a2708a - std::sys::backtrace::_print_fmt::h2086f51536202906\n                                 at /rustc/14f303bc1430a78ddaa91b3e104bbe4c0413184e/library/std/src/sys/backtrace.rs:66:9\n     3:     0x55ec15a2708a - <std::sys::backtrace::BacktraceLock::print::DisplayBacktrace as core::fmt::Display>::fmt::h0996035b517f5c38\n                                 at /rustc/14f303bc1430a78ddaa91b3e104bbe4c0413184e/library/std/src/sys/backtrace.rs:39:26\n     4:     0x55ec15a47bf3 - core::fmt::rt::Argument::fmt::hdb3301c90f3d6bf5\n                                 at /rustc/14f303bc1430a78ddaa91b3e104bbe4c0413184e/library/core/src/fmt/rt.rs:177:76\n     5:     0x55ec15a47bf3 - core::fmt::write::h6cc30cce70367cb2\n                                 at /rustc/14f303bc1430a78ddaa91b3e104bbe4c0413184e/library/core/src/fmt/mod.rs:1186:21\n     6:     0x55ec15a23f13 - std::io::Write::write_fmt::h10b7ccaed968d3ae\n                                 at /rustc/14f303bc1430a78ddaa91b3e104bbe4c0413184e/library/std/src/io/mod.rs:1839:15\n     7:     0x55ec15a26ed2 - std::sys::backtrace::BacktraceLock::print::h88a5c87bb7e560f9\n                                 at /rustc/14f303bc1430a78ddaa91b3e104bbe4c0413184e/library/std/src/sys/backtrace.rs:42:9\n     8:     0x55ec15a2801c - std::panicking::default_hook::{{closure}}::h9ff25818911d9a39\n                                 at /rustc/14f303bc1430a78ddaa91b3e104bbe4c0413184e/library/std/src/panicking.rs:268:22\n     9:     0x55ec15a27e62 - std::panicking::default_hook::he7da7d439faf3025\n                                 at /rustc/14f303bc1430a78ddaa91b3e104bbe4c0413184e/library/std/src/panicking.rs:295:9\n    10:     0x55ec15a28617 - std::panicking::rust_panic_with_hook::hf8b6e290fe7e1b2a\n                                 at /rustc/14f303bc1430a78ddaa91b3e104bbe4c0413184e/library/std/src/panicking.rs:801:13\n    11:     0x55ec15a284aa - std::panicking::begin_panic_handler::{{closure}}::h879940d24a249920\n                                 at /rustc/14f303bc1430a78ddaa91b3e104bbe4c0413184e/library/std/src/panicking.rs:674:13\n    12:     0x55ec15a27569 - std::sys::backtrace::__rust_end_short_backtrace::h591660fbfee02814\n                                 at /rustc/14f303bc1430a78ddaa91b3e104bbe4c0413184e/library/std/src/sys/backtrace.rs:170:18\n    13:     0x55ec15a2813c - rust_begin_unwind\n                                 at /rustc/14f303bc1430a78ddaa91b3e104bbe4c0413184e/library/std/src/panicking.rs:665:5\n    14:     0x55ec15a46da0 - core::panicking::panic_fmt::h8f6ebef3c0decdcc\n                                 at /rustc/14f303bc1430a78ddaa91b3e104bbe4c0413184e/library/core/src/panicking.rs:74:14\n    15:     0x55ec15a471b6 - core::result::unwrap_failed::hc6e0dbd23f8131f3\n                                 at /rustc/14f303bc1430a78ddaa91b3e104bbe4c0413184e/library/core/src/result.rs:1695:5\n    16:     0x55ec159d1eea - core::result::Result<T,E>::unwrap::h5709a0ba558407b1\n                                 at /rustc/14f303bc1430a78ddaa91b3e104bbe4c0413184e/library/core/src/result.rs:1103:23\n    17:     0x55ec159d1eea - build_script_build::main::h52806f7b8ee694e9\n                                 at /home/runner/.cargo/git/checkouts/fuser-379f3f6b680d6b6e/99aa528/build.rs:37:17\n    18:     0x55ec159d1a8b - core::ops::function::FnOnce::call_once::h061a83253216d894\n                                 at /rustc/14f303bc1430a78ddaa91b3e104bbe4c0413184e/library/core/src/ops/function.rs:250:5\n    19:     0x55ec159d1a0e - std::sys::backtrace::__rust_begin_short_backtrace::h16e9def5d028d67a\n                                 at /rustc/14f303bc1430a78ddaa91b3e104bbe4c0413184e/library/std/src/sys/backtrace.rs:154:18\n    20:     0x55ec159d19e1 - std::rt::lang_start::{{closure}}::h987c9ad28a587c1b\n                                 at /rustc/14f303bc1430a78ddaa91b3e104bbe4c0413184e/library/std/src/rt.rs:180:18\n    21:     0x55ec15a20cbd - core::ops::function::impls::<impl core::ops::function::FnOnce<A> for &F>::call_once::h73938bb5b8e2fce7\n                                 at /rustc/14f303bc1430a78ddaa91b3e104bbe4c0413184e/library/core/src/ops/function.rs:284:13\n    22:     0x55ec15a20cbd - std::panicking::try::do_call::he19814f60a0288b7\n                                 at /rustc/14f303bc1430a78ddaa91b3e104bbe4c0413184e/library/std/src/panicking.rs:557:40\n    23:     0x55ec15a20cbd - std::panicking::try::he1a85d7c11bbd3be\n                                 at /rustc/14f303bc1430a78ddaa91b3e104bbe4c0413184e/library/std/src/panicking.rs:520:19\n    24:     0x55ec15a20cbd - std::panic::catch_unwind::h23c5c3da40e3dca1\n                                 at /rustc/14f303bc1430a78ddaa91b3e104bbe4c0413184e/library/std/src/panic.rs:358:14\n    25:     0x55ec15a20cbd - std::rt::lang_start_internal::{{closure}}::h2f8705558ffb85ea\n                                 at /rustc/14f303bc1430a78ddaa91b3e104bbe4c0413184e/library/std/src/rt.rs:159:48\n    26:     0x55ec15a20cbd - std::panicking::try::do_call::h8edc14bc9fdcb434\n                                 at /rustc/14f303bc1430a78ddaa91b3e104bbe4c0413184e/library/std/src/panicking.rs:557:40\n    27:     0x55ec15a20cbd - std::panicking::try::h3b30ca5b208c5d5b\n                                 at /rustc/14f303bc1430a78ddaa91b3e104bbe4c0413184e/library/std/src/panicking.rs:520:19\n    28:     0x55ec15a20cbd - std::panic::catch_unwind::hfae70180bb186dc4\n                                 at /rustc/14f303bc1430a78ddaa91b3e104bbe4c0413184e/library/std/src/panic.rs:358:14\n    29:     0x55ec15a20cbd - std::rt::lang_start_internal::h867fd850ff110b94\n                                 at /rustc/14f303bc1430a78ddaa91b3e104bbe4c0413184e/library/std/src/rt.rs:159:20\n    30:     0x55ec159d19ba - std::rt::lang_start::h7609fa3178f370ec\n                                 at /rustc/14f303bc1430a78ddaa91b3e104bbe4c0413184e/library/std/src/rt.rs:179:17\n    31:     0x55ec159d21ae - main\n    32:     0x7f1178029d90 - <unknown>\n    33:     0x7f1178029e40 - __libc_start_main\n    34:     0x55ec159d18b5 - _start\n    35:                0x0 - <unknown>\nwarning: build failed, waiting for other jobs to finish...\n"]}},{"file":"(virtual) mirai","count":1,"kinds":{"Cargo":["// pkg_name=ext4libtest, checker=Mirai\n// toolchain=nightly-2024-12-24-x86_64-unknown-linux-gnu, target=x86_64-unknown-linux-gnu\n// pkg_dir=/home/runner/check/batch_19/yuoo655/ext4libtest\n// cmd=cargo +nightly-2024-02-05 mirai --target x86_64-unknown-linux-gnu --message-format=json\n   Compiling proc-macro2 v1.0.85\n   Compiling unicode-ident v1.0.12\n   Compiling libc v0.2.155\n   Compiling cfg_aliases v0.1.1\n   Compiling nix v0.28.0\n    Checking log v0.4.21\n   Compiling pkg-config v0.3.30\n    Checking bitflags v2.5.0\n    Checking byteorder v1.5.0\n    Checking cfg-if v1.0.0\n    Checking smallvec v1.13.2\n   Compiling quote v1.0.36\n   Compiling syn v2.0.66\n   Compiling fuser v0.14.0 (https://github.com/cberner/fuser.git#99aa5280)\n    Checking memchr v2.7.2\nerror: failed to run custom build command for `fuser v0.14.0 (https://github.com/cberner/fuser.git#99aa5280)`\n\nCaused by:\n  process didn't exit successfully: `/home/runner/check/batch_19/yuoo655/ext4libtest/target/debug/build/fuser-72050bbec9ca2218/build-script-build` (exit status: 101)\n  --- stdout\n  cargo:rerun-if-env-changed=FUSE3_NO_PKG_CONFIG\n  cargo:rerun-if-env-changed=PKG_CONFIG_x86_64-unknown-linux-gnu\n  cargo:rerun-if-env-changed=PKG_CONFIG_x86_64_unknown_linux_gnu\n  cargo:rerun-if-env-changed=HOST_PKG_CONFIG\n  cargo:rerun-if-env-changed=PKG_CONFIG\n  cargo:rerun-if-env-changed=FUSE3_STATIC\n  cargo:rerun-if-env-changed=FUSE3_DYNAMIC\n  cargo:rerun-if-env-changed=PKG_CONFIG_ALL_STATIC\n  cargo:rerun-if-env-changed=PKG_CONFIG_ALL_DYNAMIC\n  cargo:rerun-if-env-changed=PKG_CONFIG_PATH_x86_64-unknown-linux-gnu\n  cargo:rerun-if-env-changed=PKG_CONFIG_PATH_x86_64_unknown_linux_gnu\n  cargo:rerun-if-env-changed=HOST_PKG_CONFIG_PATH\n  cargo:rerun-if-env-changed=PKG_CONFIG_PATH\n  cargo:rerun-if-env-changed=PKG_CONFIG_LIBDIR_x86_64-unknown-linux-gnu\n  cargo:rerun-if-env-changed=PKG_CONFIG_LIBDIR_x86_64_unknown_linux_gnu\n  cargo:rerun-if-env-changed=HOST_PKG_CONFIG_LIBDIR\n  cargo:rerun-if-env-changed=PKG_CONFIG_LIBDIR\n  cargo:rerun-if-env-changed=PKG_CONFIG_SYSROOT_DIR_x86_64-unknown-linux-gnu\n  cargo:rerun-if-env-changed=PKG_CONFIG_SYSROOT_DIR_x86_64_unknown_linux_gnu\n  cargo:rerun-if-env-changed=HOST_PKG_CONFIG_SYSROOT_DIR\n  cargo:rerun-if-env-changed=PKG_CONFIG_SYSROOT_DIR\n  cargo:rerun-if-env-changed=FUSE_NO_PKG_CONFIG\n  cargo:rerun-if-env-changed=PKG_CONFIG_x86_64-unknown-linux-gnu\n  cargo:rerun-if-env-changed=PKG_CONFIG_x86_64_unknown_linux_gnu\n  cargo:rerun-if-env-changed=HOST_PKG_CONFIG\n  cargo:rerun-if-env-changed=PKG_CONFIG\n  cargo:rerun-if-env-changed=FUSE_STATIC\n  cargo:rerun-if-env-changed=FUSE_DYNAMIC\n  cargo:rerun-if-env-changed=PKG_CONFIG_ALL_STATIC\n  cargo:rerun-if-env-changed=PKG_CONFIG_ALL_DYNAMIC\n  cargo:rerun-if-env-changed=PKG_CONFIG_PATH_x86_64-unknown-linux-gnu\n  cargo:rerun-if-env-changed=PKG_CONFIG_PATH_x86_64_unknown_linux_gnu\n  cargo:rerun-if-env-changed=HOST_PKG_CONFIG_PATH\n  cargo:rerun-if-env-changed=PKG_CONFIG_PATH\n  cargo:rerun-if-env-changed=PKG_CONFIG_LIBDIR_x86_64-unknown-linux-gnu\n  cargo:rerun-if-env-changed=PKG_CONFIG_LIBDIR_x86_64_unknown_linux_gnu\n  cargo:rerun-if-env-changed=HOST_PKG_CONFIG_LIBDIR\n  cargo:rerun-if-env-changed=PKG_CONFIG_LIBDIR\n  cargo:rerun-if-env-changed=PKG_CONFIG_SYSROOT_DIR_x86_64-unknown-linux-gnu\n  cargo:rerun-if-env-changed=PKG_CONFIG_SYSROOT_DIR_x86_64_unknown_linux_gnu\n  cargo:rerun-if-env-changed=HOST_PKG_CONFIG_SYSROOT_DIR\n  cargo:rerun-if-env-changed=PKG_CONFIG_SYSROOT_DIR\n\n  --- stderr\n\n  pkg-config exited with status code 1\n  > PKG_CONFIG_ALLOW_SYSTEM_LIBS=1 PKG_CONFIG_ALLOW_SYSTEM_CFLAGS=1 pkg-config --libs --cflags fuse3 fuse3 >= 3.0.0\n\n  The system library `fuse3` required by crate `fuser` was not found.\n  The file `fuse3.pc` needs to be installed and the PKG_CONFIG_PATH environment variable must contain its parent directory.\n  The PKG_CONFIG_PATH environment variable is not set.\n\n  HINT: if you have installed the library, try setting PKG_CONFIG_PATH to the directory containing `fuse3.pc`.\n\n\n  pkg-config exited with status code 1\n  > PKG_CONFIG_ALLOW_SYSTEM_LIBS=1 PKG_CONFIG_ALLOW_SYSTEM_CFLAGS=1 pkg-config --libs --cflags fuse fuse >= 2.6.0\n\n  The system library `fuse` required by crate `fuser` was not found.\n  The file `fuse.pc` needs to be installed and the PKG_CONFIG_PATH environment variable must contain its parent directory.\n  The PKG_CONFIG_PATH environment variable is not set.\n\n  HINT: if you have installed the library, try setting PKG_CONFIG_PATH to the directory containing `fuse.pc`.\n\n  thread 'main' panicked at /home/runner/.cargo/git/checkouts/fuser-379f3f6b680d6b6e/99aa528/build.rs:41:22:\n  called `Result::unwrap()` on an `Err` value: ()\n  note: run with `RUST_BACKTRACE=1` environment variable to display a backtrace\nwarning: build failed, waiting for other jobs to finish...\n"]}},{"file":"(virtual) rap","count":1,"kinds":{"Cargo":["// pkg_name=ext4libtest, checker=Rap\n// toolchain=nightly-2024-12-24-x86_64-unknown-linux-gnu, target=x86_64-unknown-linux-gnu\n// pkg_dir=/home/runner/check/batch_19/yuoo655/ext4libtest\n// cmd=cargo +nightly-2024-10-12 rap -F -M\n   Compiling proc-macro2 v1.0.85\n   Compiling unicode-ident v1.0.12\n   Compiling libc v0.2.155\n   Compiling cfg_aliases v0.1.1\n   Compiling nix v0.28.0\n   Compiling pkg-config v0.3.30\n    Checking bitflags v2.5.0\n    Checking log v0.4.21\n   Compiling fuser v0.14.0 (https://github.com/cberner/fuser.git#99aa5280)\n    Checking cfg-if v1.0.0\n   Compiling quote v1.0.36\n    Checking byteorder v1.5.0\n   Compiling syn v2.0.66\nerror: failed to run custom build command for `fuser v0.14.0 (https://github.com/cberner/fuser.git#99aa5280)`\n\nCaused by:\n  process didn't exit successfully: `/home/runner/check/batch_19/yuoo655/ext4libtest/target/debug/build/fuser-ecd06391b078f28d/build-script-build` (exit status: 101)\n  --- stdout\n  cargo:rerun-if-env-changed=FUSE3_NO_PKG_CONFIG\n  cargo:rerun-if-env-changed=PKG_CONFIG_x86_64-unknown-linux-gnu\n  cargo:rerun-if-env-changed=PKG_CONFIG_x86_64_unknown_linux_gnu\n  cargo:rerun-if-env-changed=HOST_PKG_CONFIG\n  cargo:rerun-if-env-changed=PKG_CONFIG\n  cargo:rerun-if-env-changed=FUSE3_STATIC\n  cargo:rerun-if-env-changed=FUSE3_DYNAMIC\n  cargo:rerun-if-env-changed=PKG_CONFIG_ALL_STATIC\n  cargo:rerun-if-env-changed=PKG_CONFIG_ALL_DYNAMIC\n  cargo:rerun-if-env-changed=PKG_CONFIG_PATH_x86_64-unknown-linux-gnu\n  cargo:rerun-if-env-changed=PKG_CONFIG_PATH_x86_64_unknown_linux_gnu\n  cargo:rerun-if-env-changed=HOST_PKG_CONFIG_PATH\n  cargo:rerun-if-env-changed=PKG_CONFIG_PATH\n  cargo:rerun-if-env-changed=PKG_CONFIG_LIBDIR_x86_64-unknown-linux-gnu\n  cargo:rerun-if-env-changed=PKG_CONFIG_LIBDIR_x86_64_unknown_linux_gnu\n  cargo:rerun-if-env-changed=HOST_PKG_CONFIG_LIBDIR\n  cargo:rerun-if-env-changed=PKG_CONFIG_LIBDIR\n  cargo:rerun-if-env-changed=PKG_CONFIG_SYSROOT_DIR_x86_64-unknown-linux-gnu\n  cargo:rerun-if-env-changed=PKG_CONFIG_SYSROOT_DIR_x86_64_unknown_linux_gnu\n  cargo:rerun-if-env-changed=HOST_PKG_CONFIG_SYSROOT_DIR\n  cargo:rerun-if-env-changed=PKG_CONFIG_SYSROOT_DIR\n  cargo:rerun-if-env-changed=FUSE_NO_PKG_CONFIG\n  cargo:rerun-if-env-changed=PKG_CONFIG_x86_64-unknown-linux-gnu\n  cargo:rerun-if-env-changed=PKG_CONFIG_x86_64_unknown_linux_gnu\n  cargo:rerun-if-env-changed=HOST_PKG_CONFIG\n  cargo:rerun-if-env-changed=PKG_CONFIG\n  cargo:rerun-if-env-changed=FUSE_STATIC\n  cargo:rerun-if-env-changed=FUSE_DYNAMIC\n  cargo:rerun-if-env-changed=PKG_CONFIG_ALL_STATIC\n  cargo:rerun-if-env-changed=PKG_CONFIG_ALL_DYNAMIC\n  cargo:rerun-if-env-changed=PKG_CONFIG_PATH_x86_64-unknown-linux-gnu\n  cargo:rerun-if-env-changed=PKG_CONFIG_PATH_x86_64_unknown_linux_gnu\n  cargo:rerun-if-env-changed=HOST_PKG_CONFIG_PATH\n  cargo:rerun-if-env-changed=PKG_CONFIG_PATH\n  cargo:rerun-if-env-changed=PKG_CONFIG_LIBDIR_x86_64-unknown-linux-gnu\n  cargo:rerun-if-env-changed=PKG_CONFIG_LIBDIR_x86_64_unknown_linux_gnu\n  cargo:rerun-if-env-changed=HOST_PKG_CONFIG_LIBDIR\n  cargo:rerun-if-env-changed=PKG_CONFIG_LIBDIR\n  cargo:rerun-if-env-changed=PKG_CONFIG_SYSROOT_DIR_x86_64-unknown-linux-gnu\n  cargo:rerun-if-env-changed=PKG_CONFIG_SYSROOT_DIR_x86_64_unknown_linux_gnu\n  cargo:rerun-if-env-changed=HOST_PKG_CONFIG_SYSROOT_DIR\n  cargo:rerun-if-env-changed=PKG_CONFIG_SYSROOT_DIR\n\n  --- stderr\n\n  pkg-config exited with status code 1\n  > PKG_CONFIG_ALLOW_SYSTEM_LIBS=1 PKG_CONFIG_ALLOW_SYSTEM_CFLAGS=1 pkg-config --libs --cflags fuse3 fuse3 >= 3.0.0\n\n  The system library `fuse3` required by crate `fuser` was not found.\n  The file `fuse3.pc` needs to be installed and the PKG_CONFIG_PATH environment variable must contain its parent directory.\n  The PKG_CONFIG_PATH environment variable is not set.\n\n  HINT: if you have installed the library, try setting PKG_CONFIG_PATH to the directory containing `fuse3.pc`.\n\n\n  pkg-config exited with status code 1\n  > PKG_CONFIG_ALLOW_SYSTEM_LIBS=1 PKG_CONFIG_ALLOW_SYSTEM_CFLAGS=1 pkg-config --libs --cflags fuse fuse >= 2.6.0\n\n  The system library `fuse` required by crate `fuser` was not found.\n  The file `fuse.pc` needs to be installed and the PKG_CONFIG_PATH environment variable must contain its parent directory.\n  The PKG_CONFIG_PATH environment variable is not set.\n\n  HINT: if you have installed the library, try setting PKG_CONFIG_PATH to the directory containing `fuse.pc`.\n\n  thread 'main' panicked at /home/runner/.cargo/git/checkouts/fuser-379f3f6b680d6b6e/99aa528/build.rs:41:22:\n  called `Result::unwrap()` on an `Err` value: ()\n  note: run with `RUST_BACKTRACE=1` environment variable to display a backtrace\nwarning: build failed, waiting for other jobs to finish...\n04:01:09|RAP|ERROR|: Finished with non-zero exit code.\n"]}},{"file":"(virtual) semver-checks","count":1,"kinds":{"Cargo":["// pkg_name=ext4libtest, checker=SemverChecks\n// toolchain=nightly-2024-12-24-x86_64-unknown-linux-gnu, target=x86_64-unknown-linux-gnu\n// pkg_dir=/home/runner/check/batch_19/yuoo655/ext4libtest\n// cmd=cargo +nightly-2024-12-24-x86_64-unknown-linux-gnu semver-checks --target x86_64-unknown-linux-gnu\n    Building ext4libtest v0.1.0 (current)\nerror: running cargo-doc on crate 'ext4libtest' failed with output:\n-----\n   Compiling proc-macro2 v1.0.92\n   Compiling unicode-ident v1.0.14\n   Compiling libc v0.2.169\n   Compiling cfg_aliases v0.2.1\n   Compiling nix v0.29.0\n   Compiling zerocopy v0.8.14\n   Compiling pkg-config v0.3.31\n    Checking bitflags v2.6.0\n    Checking log v0.4.22\n    Checking cfg-if v1.0.0\n    Checking memchr v2.7.4\n   Compiling quote v1.0.37\n    Checking smallvec v1.13.2\n   Compiling fuser v0.15.1 (https://github.com/cberner/fuser.git#168705a6)\n   Compiling syn v2.0.91\nerror: failed to run custom build command for `fuser v0.15.1 (https://github.com/cberner/fuser.git#168705a6)`\n\nCaused by:\n  process didn't exit successfully: `/home/runner/check/batch_19/yuoo655/ext4libtest/target/semver-checks/local-ext4libtest-0_1_0-01666ec060466c14/target/debug/build/fuser-87f7334b7dd60320/build-script-build` (exit status: 101)\n  --- stdout\n  cargo:rustc-check-cfg=cfg(fuser_mount_impl, values(\"pure-rust\", \"libfuse2\", \"libfuse3\"))\n  cargo:rerun-if-env-changed=FUSE3_NO_PKG_CONFIG\n  cargo:rerun-if-env-changed=PKG_CONFIG_x86_64-unknown-linux-gnu\n  cargo:rerun-if-env-changed=PKG_CONFIG_x86_64_unknown_linux_gnu\n  cargo:rerun-if-env-changed=HOST_PKG_CONFIG\n  cargo:rerun-if-env-changed=PKG_CONFIG\n  cargo:rerun-if-env-changed=FUSE3_STATIC\n  cargo:rerun-if-env-changed=FUSE3_DYNAMIC\n  cargo:rerun-if-env-changed=PKG_CONFIG_ALL_STATIC\n  cargo:rerun-if-env-changed=PKG_CONFIG_ALL_DYNAMIC\n  cargo:rerun-if-env-changed=PKG_CONFIG_PATH_x86_64-unknown-linux-gnu\n  cargo:rerun-if-env-changed=PKG_CONFIG_PATH_x86_64_unknown_linux_gnu\n  cargo:rerun-if-env-changed=HOST_PKG_CONFIG_PATH\n  cargo:rerun-if-env-changed=PKG_CONFIG_PATH\n  cargo:rerun-if-env-changed=PKG_CONFIG_LIBDIR_x86_64-unknown-linux-gnu\n  cargo:rerun-if-env-changed=PKG_CONFIG_LIBDIR_x86_64_unknown_linux_gnu\n  cargo:rerun-if-env-changed=HOST_PKG_CONFIG_LIBDIR\n  cargo:rerun-if-env-changed=PKG_CONFIG_LIBDIR\n  cargo:rerun-if-env-changed=PKG_CONFIG_SYSROOT_DIR_x86_64-unknown-linux-gnu\n  cargo:rerun-if-env-changed=PKG_CONFIG_SYSROOT_DIR_x86_64_unknown_linux_gnu\n  cargo:rerun-if-env-changed=HOST_PKG_CONFIG_SYSROOT_DIR\n  cargo:rerun-if-env-changed=PKG_CONFIG_SYSROOT_DIR\n  cargo:rerun-if-env-changed=FUSE_NO_PKG_CONFIG\n  cargo:rerun-if-env-changed=PKG_CONFIG_x86_64-unknown-linux-gnu\n  cargo:rerun-if-env-changed=PKG_CONFIG_x86_64_unknown_linux_gnu\n  cargo:rerun-if-env-changed=HOST_PKG_CONFIG\n  cargo:rerun-if-env-changed=PKG_CONFIG\n  cargo:rerun-if-env-changed=FUSE_STATIC\n  cargo:rerun-if-env-changed=FUSE_DYNAMIC\n  cargo:rerun-if-env-changed=PKG_CONFIG_ALL_STATIC\n  cargo:rerun-if-env-changed=PKG_CONFIG_ALL_DYNAMIC\n  cargo:rerun-if-env-changed=PKG_CONFIG_PATH_x86_64-unknown-linux-gnu\n  cargo:rerun-if-env-changed=PKG_CONFIG_PATH_x86_64_unknown_linux_gnu\n  cargo:rerun-if-env-changed=HOST_PKG_CONFIG_PATH\n  cargo:rerun-if-env-changed=PKG_CONFIG_PATH\n  cargo:rerun-if-env-changed=PKG_CONFIG_LIBDIR_x86_64-unknown-linux-gnu\n  cargo:rerun-if-env-changed=PKG_CONFIG_LIBDIR_x86_64_unknown_linux_gnu\n  cargo:rerun-if-env-changed=HOST_PKG_CONFIG_LIBDIR\n  cargo:rerun-if-env-changed=PKG_CONFIG_LIBDIR\n  cargo:rerun-if-env-changed=PKG_CONFIG_SYSROOT_DIR_x86_64-unknown-linux-gnu\n  cargo:rerun-if-env-changed=PKG_CONFIG_SYSROOT_DIR_x86_64_unknown_linux_gnu\n  cargo:rerun-if-env-changed=HOST_PKG_CONFIG_SYSROOT_DIR\n  cargo:rerun-if-env-changed=PKG_CONFIG_SYSROOT_DIR\n\n  --- stderr\n\n  pkg-config exited with status code 1\n  > PKG_CONFIG_ALLOW_SYSTEM_LIBS=1 PKG_CONFIG_ALLOW_SYSTEM_CFLAGS=1 pkg-config --libs --cflags fuse3 fuse3 >= 3.0.0\n\n  The system library `fuse3` required by crate `fuser` was not found.\n  The file `fuse3.pc` needs to be installed and the PKG_CONFIG_PATH environment variable must contain its parent directory.\n  The PKG_CONFIG_PATH environment variable is not set.\n\n  HINT: if you have installed the library, try setting PKG_CONFIG_PATH to the directory containing `fuse3.pc`.\n\n\n  pkg-config exited with status code 1\n  > PKG_CONFIG_ALLOW_SYSTEM_LIBS=1 PKG_CONFIG_ALLOW_SYSTEM_CFLAGS=1 pkg-config --libs --cflags fuse fuse >= 2.6.0\n\n  The system library `fuse` required by crate `fuser` was not found.\n  The file `fuse.pc` needs to be installed and the PKG_CONFIG_PATH environment variable must contain its parent directory.\n  The PKG_CONFIG_PATH environment variable is not set.\n\n  HINT: if you have installed the library, try setting PKG_CONFIG_PATH to the directory containing `fuse.pc`.\n\n  thread 'main' panicked at /home/runner/.cargo/git/checkouts/fuser-363b66cea860d9b9/168705a/build.rs:47:22:\n  called `Result::unwrap()` on an `Err` value: ()\n  note: run with `RUST_BACKTRACE=1` environment variable to display a backtrace\nwarning: build failed, waiting for other jobs to finish...\n\n-----\n\nerror: failed to build rustdoc for crate ext4libtest v0.1.0\nnote: this is usually due to a compilation error in the crate,\n      and is unlikely to be a bug in cargo-semver-checks\nnote: the following command can be used to reproduce the compilation error:\n      cargo new --lib example &&\n          cd example &&\n          echo '[workspace]' >> Cargo.toml &&\n          cargo add --path /home/runner/check/batch_19/yuoo655/ext4libtest &&\n          cargo check\n\nerror: aborting due to failure to build rustdoc for crate ext4libtest v0.1.0\n"]}},{"file":"[lockbud] Not supported to display yet.","count":1,"kinds":{"Lockbud(Possibly)":["[2024-12-25T04:01:04Z WARN  lockbud::callbacks] [\n      {\n        \"AtomicityViolation\": {\n          \"bug_kind\": \"AtomicityViolation\",\n          \"possibility\": \"Possibly\",\n          \"diagnosis\": {\n            \"fn_name\": \"set_logger_racy\",\n            \"atomic_reader\": \"/home/runner/.cargo/registry/src/index.crates.io-6f17d22bba15001f/log-0.4.21/src/lib.rs:1408:11: 1408:39 (#0)\",\n            \"atomic_writer\": \"/home/runner/.cargo/registry/src/index.crates.io-6f17d22bba15001f/log-0.4.21/src/lib.rs:1411:13: 1411:55 (#0)\",\n            \"dep_kind\": \"Control\"\n          },\n          \"explanation\": \"atomic::store is data/control dependent on atomic::load\"\n        }\n      }\n    ]\n[2024-12-25T04:01:04Z WARN  lockbud::callbacks] crate log contains bugs: { probably: 0, possibly: 0 }, conflictlock: { probably: 0, possibly: 0 }, condvar_deadlock: { probably: 0, possibly: 0 }, atomicity_violation: { possibly: 1 }, invalid_free: { possibly: 0 }, use_after_free: { possibly: 0 }"]}},{"file":"[outdated direct dependencies]","count":1,"kinds":{"Outdated":["pkg=ext4libtest, checker=Outdated\ntoolchain=nightly-2024-12-24-x86_64-unknown-linux-gnu, target=x86_64-unknown-linux-gnu\npkg_dir=/home/runner/check/batch_19/yuoo655/ext4libtest\ncmd=cargo +nightly-2024-12-24-x86_64-unknown-linux-gnu outdated -R --exit-code=2\n\nName   Project  Compat  Latest  Kind    Platform\n----   -------  ------  ------  ----    --------\nfuser  0.14.0   0.15.1  0.15.1  Normal  ---\nlog    0.4.21   0.4.22  0.4.22  Normal  ---\n"]}},{"file":"[semver checks]","count":1,"kinds":{"Semver Violation":["pkg=ext4libtest, checker=SemverChecks\ntoolchain=nightly-2024-12-24-x86_64-unknown-linux-gnu, target=x86_64-unknown-linux-gnu\npkg_dir=/home/runner/check/batch_19/yuoo655/ext4libtest\ncmd=cargo +nightly-2024-12-24-x86_64-unknown-linux-gnu semver-checks --target x86_64-unknown-linux-gnu\n\n\nstdout:\n\nstderr:\n    Building ext4libtest v0.1.0 (current)\nerror: running cargo-doc on crate 'ext4libtest' failed with output:\n-----\n   Compiling proc-macro2 v1.0.92\n   Compiling unicode-ident v1.0.14\n   Compiling libc v0.2.169\n   Compiling cfg_aliases v0.2.1\n   Compiling nix v0.29.0\n   Compiling zerocopy v0.8.14\n   Compiling pkg-config v0.3.31\n    Checking bitflags v2.6.0\n    Checking log v0.4.22\n    Checking cfg-if v1.0.0\n    Checking memchr v2.7.4\n   Compiling quote v1.0.37\n    Checking smallvec v1.13.2\n   Compiling fuser v0.15.1 (https://github.com/cberner/fuser.git#168705a6)\n   Compiling syn v2.0.91\nerror: failed to run custom build command for `fuser v0.15.1 (https://github.com/cberner/fuser.git#168705a6)`\n\nCaused by:\n  process didn't exit successfully: `/home/runner/check/batch_19/yuoo655/ext4libtest/target/semver-checks/local-ext4libtest-0_1_0-01666ec060466c14/target/debug/build/fuser-87f7334b7dd60320/build-script-build` (exit status: 101)\n  --- stdout\n  cargo:rustc-check-cfg=cfg(fuser_mount_impl, values(\"pure-rust\", \"libfuse2\", \"libfuse3\"))\n  cargo:rerun-if-env-changed=FUSE3_NO_PKG_CONFIG\n  cargo:rerun-if-env-changed=PKG_CONFIG_x86_64-unknown-linux-gnu\n  cargo:rerun-if-env-changed=PKG_CONFIG_x86_64_unknown_linux_gnu\n  cargo:rerun-if-env-changed=HOST_PKG_CONFIG\n  cargo:rerun-if-env-changed=PKG_CONFIG\n  cargo:rerun-if-env-changed=FUSE3_STATIC\n  cargo:rerun-if-env-changed=FUSE3_DYNAMIC\n  cargo:rerun-if-env-changed=PKG_CONFIG_ALL_STATIC\n  cargo:rerun-if-env-changed=PKG_CONFIG_ALL_DYNAMIC\n  cargo:rerun-if-env-changed=PKG_CONFIG_PATH_x86_64-unknown-linux-gnu\n  cargo:rerun-if-env-changed=PKG_CONFIG_PATH_x86_64_unknown_linux_gnu\n  cargo:rerun-if-env-changed=HOST_PKG_CONFIG_PATH\n  cargo:rerun-if-env-changed=PKG_CONFIG_PATH\n  cargo:rerun-if-env-changed=PKG_CONFIG_LIBDIR_x86_64-unknown-linux-gnu\n  cargo:rerun-if-env-changed=PKG_CONFIG_LIBDIR_x86_64_unknown_linux_gnu\n  cargo:rerun-if-env-changed=HOST_PKG_CONFIG_LIBDIR\n  cargo:rerun-if-env-changed=PKG_CONFIG_LIBDIR\n  cargo:rerun-if-env-changed=PKG_CONFIG_SYSROOT_DIR_x86_64-unknown-linux-gnu\n  cargo:rerun-if-env-changed=PKG_CONFIG_SYSROOT_DIR_x86_64_unknown_linux_gnu\n  cargo:rerun-if-env-changed=HOST_PKG_CONFIG_SYSROOT_DIR\n  cargo:rerun-if-env-changed=PKG_CONFIG_SYSROOT_DIR\n  cargo:rerun-if-env-changed=FUSE_NO_PKG_CONFIG\n  cargo:rerun-if-env-changed=PKG_CONFIG_x86_64-unknown-linux-gnu\n  cargo:rerun-if-env-changed=PKG_CONFIG_x86_64_unknown_linux_gnu\n  cargo:rerun-if-env-changed=HOST_PKG_CONFIG\n  cargo:rerun-if-env-changed=PKG_CONFIG\n  cargo:rerun-if-env-changed=FUSE_STATIC\n  cargo:rerun-if-env-changed=FUSE_DYNAMIC\n  cargo:rerun-if-env-changed=PKG_CONFIG_ALL_STATIC\n  cargo:rerun-if-env-changed=PKG_CONFIG_ALL_DYNAMIC\n  cargo:rerun-if-env-changed=PKG_CONFIG_PATH_x86_64-unknown-linux-gnu\n  cargo:rerun-if-env-changed=PKG_CONFIG_PATH_x86_64_unknown_linux_gnu\n  cargo:rerun-if-env-changed=HOST_PKG_CONFIG_PATH\n  cargo:rerun-if-env-changed=PKG_CONFIG_PATH\n  cargo:rerun-if-env-changed=PKG_CONFIG_LIBDIR_x86_64-unknown-linux-gnu\n  cargo:rerun-if-env-changed=PKG_CONFIG_LIBDIR_x86_64_unknown_linux_gnu\n  cargo:rerun-if-env-changed=HOST_PKG_CONFIG_LIBDIR\n  cargo:rerun-if-env-changed=PKG_CONFIG_LIBDIR\n  cargo:rerun-if-env-changed=PKG_CONFIG_SYSROOT_DIR_x86_64-unknown-linux-gnu\n  cargo:rerun-if-env-changed=PKG_CONFIG_SYSROOT_DIR_x86_64_unknown_linux_gnu\n  cargo:rerun-if-env-changed=HOST_PKG_CONFIG_SYSROOT_DIR\n  cargo:rerun-if-env-changed=PKG_CONFIG_SYSROOT_DIR\n\n  --- stderr\n\n  pkg-config exited with status code 1\n  > PKG_CONFIG_ALLOW_SYSTEM_LIBS=1 PKG_CONFIG_ALLOW_SYSTEM_CFLAGS=1 pkg-config --libs --cflags fuse3 fuse3 >= 3.0.0\n\n  The system library `fuse3` required by crate `fuser` was not found.\n  The file `fuse3.pc` needs to be installed and the PKG_CONFIG_PATH environment variable must contain its parent directory.\n  The PKG_CONFIG_PATH environment variable is not set.\n\n  HINT: if you have installed the library, try setting PKG_CONFIG_PATH to the directory containing `fuse3.pc`.\n\n\n  pkg-config exited with status code 1\n  > PKG_CONFIG_ALLOW_SYSTEM_LIBS=1 PKG_CONFIG_ALLOW_SYSTEM_CFLAGS=1 pkg-config --libs --cflags fuse fuse >= 2.6.0\n\n  The system library `fuse` required by crate `fuser` was not found.\n  The file `fuse.pc` needs to be installed and the PKG_CONFIG_PATH environment variable must contain its parent directory.\n  The PKG_CONFIG_PATH environment variable is not set.\n\n  HINT: if you have installed the library, try setting PKG_CONFIG_PATH to the directory containing `fuse.pc`.\n\n  thread 'main' panicked at /home/runner/.cargo/git/checkouts/fuser-363b66cea860d9b9/168705a/build.rs:47:22:\n  called `Result::unwrap()` on an `Err` value: ()\n  note: run with `RUST_BACKTRACE=1` environment variable to display a backtrace\nwarning: build failed, waiting for other jobs to finish...\n\n-----\n\nerror: failed to build rustdoc for crate ext4libtest v0.1.0\nnote: this is usually due to a compilation error in the crate,\n      and is unlikely to be a bug in cargo-semver-checks\nnote: the following command can be used to reproduce the compilation error:\n      cargo new --lib example &&\n          cd example &&\n          echo '[workspace]' >> Cargo.toml &&\n          cargo add --path /home/runner/check/batch_19/yuoo655/ext4libtest &&\n          cargo check\n\nerror: aborting due to failure to build rustdoc for crate ext4libtest v0.1.0\n"]}}]}],"kinds_order":["Cargo","Clippy(Error)","Clippy(Warn)","Semver Violation","Audit","Mirai","Rap","Rudra","Lockbud(Probably)","Lockbud(Possibly)","Outdated","Geiger","Unformatted"]}