{"repo":{"user":"qclic","repo":"sparreal-os"},"data":[{"user":"qclic","repo":"sparreal-os","pkg":"bare-test","count":2,"raw_reports":[{"file":"(virtual) semver-checks","count":1,"kinds":{"Cargo":["// pkg_name=bare-test, checker=SemverChecks\n// toolchain=nightly, target=aarch64-unknown-none\n// pkg_dir=/home/runner/check/batch_44/qclic/sparreal-os/crates/bare-test\n// cmd=cargo +nightly-2025-01-07-x86_64-unknown-linux-gnu semver-checks --target aarch64-unknown-none\n// timestamp=2025-01-23 4:28:38.186622746 +08:00:00\n    Building bare-test v0.3.1 (current)\nerror: running cargo-doc on crate 'bare-test' failed with output:\n-----\n   Compiling proc-macro2 v1.0.93\n   Compiling autocfg v1.4.0\n   Compiling unicode-ident v1.0.14\n    Checking pin-utils v0.1.0\nerror[E0463]: can't find crate for `core`\n  |\n  = note: the `aarch64-unknown-none` target may not be installed\n  = help: consider downloading the target with `rustup target add aarch64-unknown-none`\n  = help: consider building the standard library from source with `cargo build -Zbuild-std`\n\nFor more information about this error, try `rustc --explain E0463`.\nerror: could not compile `pin-utils` (lib) due to 1 previous error\nwarning: build failed, waiting for other jobs to finish...\n\n-----\n\nerror: failed to build rustdoc for crate bare-test v0.3.1\nnote: this is usually due to a compilation error in the crate,\n      and is unlikely to be a bug in cargo-semver-checks\nnote: the following command can be used to reproduce the compilation error:\n      cargo new --lib example &&\n          cd example &&\n          echo '[workspace]' >> Cargo.toml &&\n          cargo add --path /home/runner/check/batch_44/qclic/sparreal-os/crates/bare-test --features default,rt &&\n          cargo check\n\nerror: aborting due to failure to build rustdoc for crate bare-test v0.3.1\n"]}},{"file":"[semver checks]","count":1,"kinds":{"Semver Violation":["pkg=bare-test, checker=SemverChecks\ntoolchain=nightly, target=aarch64-unknown-none\npkg_dir=/home/runner/check/batch_44/qclic/sparreal-os/crates/bare-test\ncmd=cargo +nightly-2025-01-07-x86_64-unknown-linux-gnu semver-checks --target aarch64-unknown-none\ntimestamp=2025-01-23 4:28:39.001334204 +08:00:00\n\n\nstdout:\n\nstderr:\n    Building bare-test v0.3.1 (current)\nerror: running cargo-doc on crate 'bare-test' failed with output:\n-----\n   Compiling proc-macro2 v1.0.93\n   Compiling autocfg v1.4.0\n   Compiling unicode-ident v1.0.14\n    Checking pin-utils v0.1.0\nerror[E0463]: can't find crate for `core`\n  |\n  = note: the `aarch64-unknown-none` target may not be installed\n  = help: consider downloading the target with `rustup target add aarch64-unknown-none`\n  = help: consider building the standard library from source with `cargo build -Zbuild-std`\n\nFor more information about this error, try `rustc --explain E0463`.\nerror: could not compile `pin-utils` (lib) due to 1 previous error\nwarning: build failed, waiting for other jobs to finish...\n\n-----\n\nerror: failed to build rustdoc for crate bare-test v0.3.1\nnote: this is usually due to a compilation error in the crate,\n      and is unlikely to be a bug in cargo-semver-checks\nnote: the following command can be used to reproduce the compilation error:\n      cargo new --lib example &&\n          cd example &&\n          echo '[workspace]' >> Cargo.toml &&\n          cargo add --path /home/runner/check/batch_44/qclic/sparreal-os/crates/bare-test --features default,rt &&\n          cargo check\n\nerror: aborting due to failure to build rustdoc for crate bare-test v0.3.1\n"]}}]},{"user":"qclic","repo":"sparreal-os","pkg":"driver-interface","count":2,"raw_reports":[{"file":"(virtual) semver-checks","count":1,"kinds":{"Cargo":["// pkg_name=driver-interface, checker=SemverChecks\n// toolchain=nightly, target=aarch64-unknown-none\n// pkg_dir=/home/runner/check/batch_44/qclic/sparreal-os/crates/driver-interface\n// cmd=cargo +nightly-2025-01-07-x86_64-unknown-linux-gnu semver-checks --target aarch64-unknown-none\n// timestamp=2025-01-23 4:28:45.622589754 +08:00:00\n    Building driver-interface v0.2.0 (current)\nerror: running cargo-doc on crate 'driver-interface' failed with output:\n-----\n    Checking futures-core v0.3.31\n    Checking futures-sink v0.3.31\n    Checking pin-project-lite v0.2.16\n    Checking pin-utils v0.1.0\nerror[E0463]: can't find crate for `core`\n  |\n  = note: the `aarch64-unknown-none` target may not be installed\n  = help: consider downloading the target with `rustup target add aarch64-unknown-none`\n  = help: consider building the standard library from source with `cargo build -Zbuild-std`\n\nFor more information about this error, try `rustc --explain E0463`.\nerror: could not compile `futures-sink` (lib) due to 1 previous error\nwarning: build failed, waiting for other jobs to finish...\nerror: could not compile `pin-utils` (lib) due to 1 previous error\nerror: could not compile `futures-core` (lib) due to 1 previous error\nerror: could not compile `pin-project-lite` (lib) due to 1 previous error\n\n-----\n\nerror: failed to build rustdoc for crate driver-interface v0.2.0\nnote: this is usually due to a compilation error in the crate,\n      and is unlikely to be a bug in cargo-semver-checks\nnote: the following command can be used to reproduce the compilation error:\n      cargo new --lib example &&\n          cd example &&\n          echo '[workspace]' >> Cargo.toml &&\n          cargo add --path /home/runner/check/batch_44/qclic/sparreal-os/crates/driver-interface &&\n          cargo check\n\nerror: aborting due to failure to build rustdoc for crate driver-interface v0.2.0\n"]}},{"file":"[semver checks]","count":1,"kinds":{"Semver Violation":["pkg=driver-interface, checker=SemverChecks\ntoolchain=nightly, target=aarch64-unknown-none\npkg_dir=/home/runner/check/batch_44/qclic/sparreal-os/crates/driver-interface\ncmd=cargo +nightly-2025-01-07-x86_64-unknown-linux-gnu semver-checks --target aarch64-unknown-none\ntimestamp=2025-01-23 4:28:46.058427365 +08:00:00\n\n\nstdout:\n\nstderr:\n    Building driver-interface v0.2.0 (current)\nerror: running cargo-doc on crate 'driver-interface' failed with output:\n-----\n    Checking futures-core v0.3.31\n    Checking futures-sink v0.3.31\n    Checking pin-project-lite v0.2.16\n    Checking pin-utils v0.1.0\nerror[E0463]: can't find crate for `core`\n  |\n  = note: the `aarch64-unknown-none` target may not be installed\n  = help: consider downloading the target with `rustup target add aarch64-unknown-none`\n  = help: consider building the standard library from source with `cargo build -Zbuild-std`\n\nFor more information about this error, try `rustc --explain E0463`.\nerror: could not compile `futures-sink` (lib) due to 1 previous error\nwarning: build failed, waiting for other jobs to finish...\nerror: could not compile `pin-utils` (lib) due to 1 previous error\nerror: could not compile `futures-core` (lib) due to 1 previous error\nerror: could not compile `pin-project-lite` (lib) due to 1 previous error\n\n-----\n\nerror: failed to build rustdoc for crate driver-interface v0.2.0\nnote: this is usually due to a compilation error in the crate,\n      and is unlikely to be a bug in cargo-semver-checks\nnote: the following command can be used to reproduce the compilation error:\n      cargo new --lib example &&\n          cd example &&\n          echo '[workspace]' >> Cargo.toml &&\n          cargo add --path /home/runner/check/batch_44/qclic/sparreal-os/crates/driver-interface &&\n          cargo check\n\nerror: aborting due to failure to build rustdoc for crate driver-interface v0.2.0\n"]}}]},{"user":"qclic","repo":"sparreal-os","pkg":"page-table-arm","count":2,"raw_reports":[{"file":"(virtual) semver-checks","count":1,"kinds":{"Cargo":["// pkg_name=page-table-arm, checker=SemverChecks\n// toolchain=nightly, target=aarch64-unknown-none\n// pkg_dir=/home/runner/check/batch_44/qclic/sparreal-os/crates/page-table-arm\n// cmd=cargo +nightly-2025-01-07-x86_64-unknown-linux-gnu semver-checks --target aarch64-unknown-none\n// timestamp=2025-01-23 4:28:50.171319361 +08:00:00\n    Building page-table-arm v0.1.0 (current)\nerror: running cargo-doc on crate 'page-table-arm' failed with output:\n-----\n    Checking tock-registers v0.9.0\n    Checking bitflags v2.8.0\n    Checking log v0.4.25\nerror[E0463]: can't find crate for `core`\n  |\n  = note: the `aarch64-unknown-none` target may not be installed\n  = help: consider downloading the target with `rustup target add aarch64-unknown-none`\n  = help: consider building the standard library from source with `cargo build -Zbuild-std`\n\nFor more information about this error, try `rustc --explain E0463`.\nerror: could not compile `log` (lib) due to 1 previous error\nwarning: build failed, waiting for other jobs to finish...\nerror: could not compile `tock-registers` (lib) due to 1 previous error\nerror: could not compile `bitflags` (lib) due to 1 previous error\n\n-----\n\nerror: failed to build rustdoc for crate page-table-arm v0.1.0\nnote: this is usually due to a compilation error in the crate,\n      and is unlikely to be a bug in cargo-semver-checks\nnote: the following command can be used to reproduce the compilation error:\n      cargo new --lib example &&\n          cd example &&\n          echo '[workspace]' >> Cargo.toml &&\n          cargo add --path /home/runner/check/batch_44/qclic/sparreal-os/crates/page-table-arm &&\n          cargo check\n\nerror: aborting due to failure to build rustdoc for crate page-table-arm v0.1.0\n"]}},{"file":"[semver checks]","count":1,"kinds":{"Semver Violation":["pkg=page-table-arm, checker=SemverChecks\ntoolchain=nightly, target=aarch64-unknown-none\npkg_dir=/home/runner/check/batch_44/qclic/sparreal-os/crates/page-table-arm\ncmd=cargo +nightly-2025-01-07-x86_64-unknown-linux-gnu semver-checks --target aarch64-unknown-none\ntimestamp=2025-01-23 4:28:50.574151614 +08:00:00\n\n\nstdout:\n\nstderr:\n    Building page-table-arm v0.1.0 (current)\nerror: running cargo-doc on crate 'page-table-arm' failed with output:\n-----\n    Checking tock-registers v0.9.0\n    Checking bitflags v2.8.0\n    Checking log v0.4.25\nerror[E0463]: can't find crate for `core`\n  |\n  = note: the `aarch64-unknown-none` target may not be installed\n  = help: consider downloading the target with `rustup target add aarch64-unknown-none`\n  = help: consider building the standard library from source with `cargo build -Zbuild-std`\n\nFor more information about this error, try `rustc --explain E0463`.\nerror: could not compile `log` (lib) due to 1 previous error\nwarning: build failed, waiting for other jobs to finish...\nerror: could not compile `tock-registers` (lib) due to 1 previous error\nerror: could not compile `bitflags` (lib) due to 1 previous error\n\n-----\n\nerror: failed to build rustdoc for crate page-table-arm v0.1.0\nnote: this is usually due to a compilation error in the crate,\n      and is unlikely to be a bug in cargo-semver-checks\nnote: the following command can be used to reproduce the compilation error:\n      cargo new --lib example &&\n          cd example &&\n          echo '[workspace]' >> Cargo.toml &&\n          cargo add --path /home/runner/check/batch_44/qclic/sparreal-os/crates/page-table-arm &&\n          cargo check\n\nerror: aborting due to failure to build rustdoc for crate page-table-arm v0.1.0\n"]}}]},{"user":"qclic","repo":"sparreal-os","pkg":"simple_test","count":2,"raw_reports":[{"file":"(virtual) semver-checks","count":1,"kinds":{"Cargo":["// pkg_name=simple_test, checker=SemverChecks\n// toolchain=nightly, target=aarch64-unknown-none\n// pkg_dir=/home/runner/check/batch_44/qclic/sparreal-os/app/simple_test\n// cmd=cargo +nightly-2025-01-07-x86_64-unknown-linux-gnu semver-checks --target aarch64-unknown-none\n// timestamp=2025-01-23 4:28:54.933272923 +08:00:00\n    Building simple_test v0.6.2 (current)\nerror: running cargo-doc on crate 'simple_test' failed with output:\n-----\n   Compiling proc-macro2 v1.0.93\n   Compiling unicode-ident v1.0.14\n   Compiling quote v1.0.38\n   Compiling syn v2.0.96\n   Compiling bare-test-macros v0.2.0 (/home/runner/check/batch_44/qclic/sparreal-os/crates/bare-test-macros)\n   Compiling simple_test v0.6.2 (/home/runner/check/batch_44/qclic/sparreal-os/app/simple_test)\n Documenting simple_test v0.6.2 (/home/runner/check/batch_44/qclic/sparreal-os/app/simple_test)\nerror[E0463]: can't find crate for `core`\n  |\n  = note: the `aarch64-unknown-none` target may not be installed\n  = help: consider downloading the target with `rustup target add aarch64-unknown-none`\n  = help: consider building the standard library from source with `cargo build -Zbuild-std`\n\nFor more information about this error, try `rustc --explain E0463`.\nerror: could not document `simple_test`\n\n-----\n\nerror: failed to build rustdoc for crate simple_test v0.6.2\nnote: this is usually due to a compilation error in the crate,\n      and is unlikely to be a bug in cargo-semver-checks\nnote: the following command can be used to reproduce the compilation error:\n      cargo new --lib example &&\n          cd example &&\n          echo '[workspace]' >> Cargo.toml &&\n          cargo add --path /home/runner/check/batch_44/qclic/sparreal-os/app/simple_test &&\n          cargo check\n\nerror: aborting due to failure to build rustdoc for crate simple_test v0.6.2\n"]}},{"file":"[semver checks]","count":1,"kinds":{"Semver Violation":["pkg=simple_test, checker=SemverChecks\ntoolchain=nightly, target=aarch64-unknown-none\npkg_dir=/home/runner/check/batch_44/qclic/sparreal-os/app/simple_test\ncmd=cargo +nightly-2025-01-07-x86_64-unknown-linux-gnu semver-checks --target aarch64-unknown-none\ntimestamp=2025-01-23 4:28:58.839932359 +08:00:00\n\n\nstdout:\n\nstderr:\n    Building simple_test v0.6.2 (current)\nerror: running cargo-doc on crate 'simple_test' failed with output:\n-----\n   Compiling proc-macro2 v1.0.93\n   Compiling unicode-ident v1.0.14\n   Compiling quote v1.0.38\n   Compiling syn v2.0.96\n   Compiling bare-test-macros v0.2.0 (/home/runner/check/batch_44/qclic/sparreal-os/crates/bare-test-macros)\n   Compiling simple_test v0.6.2 (/home/runner/check/batch_44/qclic/sparreal-os/app/simple_test)\n Documenting simple_test v0.6.2 (/home/runner/check/batch_44/qclic/sparreal-os/app/simple_test)\nerror[E0463]: can't find crate for `core`\n  |\n  = note: the `aarch64-unknown-none` target may not be installed\n  = help: consider downloading the target with `rustup target add aarch64-unknown-none`\n  = help: consider building the standard library from source with `cargo build -Zbuild-std`\n\nFor more information about this error, try `rustc --explain E0463`.\nerror: could not document `simple_test`\n\n-----\n\nerror: failed to build rustdoc for crate simple_test v0.6.2\nnote: this is usually due to a compilation error in the crate,\n      and is unlikely to be a bug in cargo-semver-checks\nnote: the following command can be used to reproduce the compilation error:\n      cargo new --lib example &&\n          cd example &&\n          echo '[workspace]' >> Cargo.toml &&\n          cargo add --path /home/runner/check/batch_44/qclic/sparreal-os/app/simple_test &&\n          cargo check\n\nerror: aborting due to failure to build rustdoc for crate simple_test v0.6.2\n"]}}]},{"user":"qclic","repo":"sparreal-os","pkg":"sparreal-kernel","count":2,"raw_reports":[{"file":"(virtual) semver-checks","count":1,"kinds":{"Cargo":["// pkg_name=sparreal-kernel, checker=SemverChecks\n// toolchain=nightly, target=aarch64-unknown-none\n// pkg_dir=/home/runner/check/batch_44/qclic/sparreal-os/crates/sparreal-kernel\n// cmd=cargo +nightly-2025-01-07-x86_64-unknown-linux-gnu semver-checks --target aarch64-unknown-none\n// timestamp=2025-01-23 4:28:59.544223835 +08:00:00\n    Building sparreal-kernel v0.6.2 (current)\nerror: running cargo-doc on crate 'sparreal-kernel' failed with output:\n-----\n   Compiling proc-macro2 v1.0.93\n   Compiling autocfg v1.4.0\n   Compiling unicode-ident v1.0.14\n    Checking futures-core v0.3.31\nerror[E0463]: can't find crate for `core`\n  |\n  = note: the `aarch64-unknown-none` target may not be installed\n  = help: consider downloading the target with `rustup target add aarch64-unknown-none`\n  = help: consider building the standard library from source with `cargo build -Zbuild-std`\n\nFor more information about this error, try `rustc --explain E0463`.\nerror: could not compile `futures-core` (lib) due to 1 previous error\nwarning: build failed, waiting for other jobs to finish...\n\n-----\n\nerror: failed to build rustdoc for crate sparreal-kernel v0.6.2\nnote: this is usually due to a compilation error in the crate,\n      and is unlikely to be a bug in cargo-semver-checks\nnote: the following command can be used to reproduce the compilation error:\n      cargo new --lib example &&\n          cd example &&\n          echo '[workspace]' >> Cargo.toml &&\n          cargo add --path /home/runner/check/batch_44/qclic/sparreal-os/crates/sparreal-kernel --features mmu &&\n          cargo check\n\nerror: aborting due to failure to build rustdoc for crate sparreal-kernel v0.6.2\n"]}},{"file":"[semver checks]","count":1,"kinds":{"Semver Violation":["pkg=sparreal-kernel, checker=SemverChecks\ntoolchain=nightly, target=aarch64-unknown-none\npkg_dir=/home/runner/check/batch_44/qclic/sparreal-os/crates/sparreal-kernel\ncmd=cargo +nightly-2025-01-07-x86_64-unknown-linux-gnu semver-checks --target aarch64-unknown-none\ntimestamp=2025-01-23 4:29:00.285321626 +08:00:00\n\n\nstdout:\n\nstderr:\n    Building sparreal-kernel v0.6.2 (current)\nerror: running cargo-doc on crate 'sparreal-kernel' failed with output:\n-----\n   Compiling proc-macro2 v1.0.93\n   Compiling autocfg v1.4.0\n   Compiling unicode-ident v1.0.14\n    Checking futures-core v0.3.31\nerror[E0463]: can't find crate for `core`\n  |\n  = note: the `aarch64-unknown-none` target may not be installed\n  = help: consider downloading the target with `rustup target add aarch64-unknown-none`\n  = help: consider building the standard library from source with `cargo build -Zbuild-std`\n\nFor more information about this error, try `rustc --explain E0463`.\nerror: could not compile `futures-core` (lib) due to 1 previous error\nwarning: build failed, waiting for other jobs to finish...\n\n-----\n\nerror: failed to build rustdoc for crate sparreal-kernel v0.6.2\nnote: this is usually due to a compilation error in the crate,\n      and is unlikely to be a bug in cargo-semver-checks\nnote: the following command can be used to reproduce the compilation error:\n      cargo new --lib example &&\n          cd example &&\n          echo '[workspace]' >> Cargo.toml &&\n          cargo add --path /home/runner/check/batch_44/qclic/sparreal-os/crates/sparreal-kernel --features mmu &&\n          cargo check\n\nerror: aborting due to failure to build rustdoc for crate sparreal-kernel v0.6.2\n"]}}]},{"user":"qclic","repo":"sparreal-os","pkg":"sparreal-rt","count":2,"raw_reports":[{"file":"(virtual) semver-checks","count":1,"kinds":{"Cargo":["// pkg_name=sparreal-rt, checker=SemverChecks\n// toolchain=nightly, target=aarch64-unknown-none\n// pkg_dir=/home/runner/check/batch_44/qclic/sparreal-os/crates/sparreal-rt\n// cmd=cargo +nightly-2025-01-07-x86_64-unknown-linux-gnu semver-checks --target aarch64-unknown-none\n// timestamp=2025-01-23 4:29:13.533717668 +08:00:00\n    Building sparreal-rt v0.6.2 (current)\nerror: running cargo-doc on crate 'sparreal-rt' failed with output:\n-----\n   Compiling proc-macro2 v1.0.93\n   Compiling autocfg v1.4.0\n   Compiling unicode-ident v1.0.14\n    Checking pin-utils v0.1.0\nerror[E0463]: can't find crate for `core`\n  |\n  = note: the `aarch64-unknown-none` target may not be installed\n  = help: consider downloading the target with `rustup target add aarch64-unknown-none`\n  = help: consider building the standard library from source with `cargo build -Zbuild-std`\n\nFor more information about this error, try `rustc --explain E0463`.\nerror: could not compile `pin-utils` (lib) due to 1 previous error\nwarning: build failed, waiting for other jobs to finish...\n\n-----\n\nerror: failed to build rustdoc for crate sparreal-rt v0.6.2\nnote: this is usually due to a compilation error in the crate,\n      and is unlikely to be a bug in cargo-semver-checks\nnote: the following command can be used to reproduce the compilation error:\n      cargo new --lib example &&\n          cd example &&\n          echo '[workspace]' >> Cargo.toml &&\n          cargo add --path /home/runner/check/batch_44/qclic/sparreal-os/crates/sparreal-rt --features default,early-print &&\n          cargo check\n\nerror: aborting due to failure to build rustdoc for crate sparreal-rt v0.6.2\n"]}},{"file":"[semver checks]","count":1,"kinds":{"Semver Violation":["pkg=sparreal-rt, checker=SemverChecks\ntoolchain=nightly, target=aarch64-unknown-none\npkg_dir=/home/runner/check/batch_44/qclic/sparreal-os/crates/sparreal-rt\ncmd=cargo +nightly-2025-01-07-x86_64-unknown-linux-gnu semver-checks --target aarch64-unknown-none\ntimestamp=2025-01-23 4:29:14.323388313 +08:00:00\n\n\nstdout:\n\nstderr:\n    Building sparreal-rt v0.6.2 (current)\nerror: running cargo-doc on crate 'sparreal-rt' failed with output:\n-----\n   Compiling proc-macro2 v1.0.93\n   Compiling autocfg v1.4.0\n   Compiling unicode-ident v1.0.14\n    Checking pin-utils v0.1.0\nerror[E0463]: can't find crate for `core`\n  |\n  = note: the `aarch64-unknown-none` target may not be installed\n  = help: consider downloading the target with `rustup target add aarch64-unknown-none`\n  = help: consider building the standard library from source with `cargo build -Zbuild-std`\n\nFor more information about this error, try `rustc --explain E0463`.\nerror: could not compile `pin-utils` (lib) due to 1 previous error\nwarning: build failed, waiting for other jobs to finish...\n\n-----\n\nerror: failed to build rustdoc for crate sparreal-rt v0.6.2\nnote: this is usually due to a compilation error in the crate,\n      and is unlikely to be a bug in cargo-semver-checks\nnote: the following command can be used to reproduce the compilation error:\n      cargo new --lib example &&\n          cd example &&\n          echo '[workspace]' >> Cargo.toml &&\n          cargo add --path /home/runner/check/batch_44/qclic/sparreal-os/crates/sparreal-rt --features default,early-print &&\n          cargo check\n\nerror: aborting due to failure to build rustdoc for crate sparreal-rt v0.6.2\n"]}}]},{"user":"qclic","repo":"sparreal-os","pkg":"helloworld","count":1,"raw_reports":[{"file":"(virtual) lockbud","count":1,"kinds":{"Cargo":["// pkg_name=helloworld, checker=Lockbud\n// toolchain=nightly, target=aarch64-unknown-none\n// pkg_dir=/home/runner/check/batch_44/qclic/sparreal-os/app/helloworld\n// cmd=cargo +nightly-2024-12-01 lockbud -k all -- --target aarch64-unknown-none\n// timestamp=2025-01-23 4:30:31.088288896 +08:00:00\n[2025-01-22T20:30:16Z WARN  lockbud::callbacks] [\n      {\n        \"AtomicityViolation\": {\n          \"bug_kind\": \"AtomicityViolation\",\n          \"possibility\": \"Possibly\",\n          \"diagnosis\": {\n            \"fn_name\": \"set_logger_racy\",\n            \"atomic_reader\": \"/home/runner/.cargo/registry/src/index.crates.io-6f17d22bba15001f/log-0.4.25/src/lib.rs:1453:11: 1453:40 (#0)\",\n            \"atomic_writer\": \"/home/runner/.cargo/registry/src/index.crates.io-6f17d22bba15001f/log-0.4.25/src/lib.rs:1456:13: 1456:56 (#0)\",\n            \"dep_kind\": \"Control\"\n          },\n          \"explanation\": \"atomic::store is data/control dependent on atomic::load\"\n        }\n      }\n    ]\n[2025-01-22T20:30:16Z WARN  lockbud::callbacks] crate log contains bugs: { probably: 0, possibly: 0 }, conflictlock: { probably: 0, possibly: 0 }, condvar_deadlock: { probably: 0, possibly: 0 }, atomicity_violation: { possibly: 1 }, invalid_free: { possibly: 0 }, use_after_free: { possibly: 0 }\n[2025-01-22T20:30:20Z WARN  lockbud::callbacks] [\n      {\n        \"UseAfterFree\": {\n          \"bug_kind\": \"UseAfterFree\",\n          \"possibility\": \"Possibly\",\n          \"diagnosis\": \"Raw ptr is used at /home/runner/.cargo/registry/src/index.crates.io-6f17d22bba15001f/once_cell-1.20.2/src/imp_std.rs:218:18: 218:55 (#0) after dropped at /home/runner/.cargo/registry/src/index.crates.io-6f17d22bba15001f/once_cell-1.20.2/src/imp_std.rs:238:5: 238:6 (#0)\",\n          \"explanation\": \"Raw ptr is used or escapes the current function after the pointed value is dropped\"\n        }\n      },\n      {\n        \"UseAfterFree\": {\n          \"bug_kind\": \"UseAfterFree\",\n          \"possibility\": \"Possibly\",\n          \"diagnosis\": \"Raw ptr is used at /home/runner/.cargo/registry/src/index.crates.io-6f17d22bba15001f/once_cell-1.20.2/src/imp_std.rs:222:13: 222:53 (#0) after dropped at /home/runner/.cargo/registry/src/index.crates.io-6f17d22bba15001f/once_cell-1.20.2/src/imp_std.rs:238:5: 238:6 (#0)\",\n          \"explanation\": \"Raw ptr is used or escapes the current function after the pointed value is dropped\"\n        }\n      }\n    ]\n[2025-01-22T20:30:20Z WARN  lockbud::callbacks] crate once_cell contains bugs: { probably: 0, possibly: 0 }, conflictlock: { probably: 0, possibly: 0 }, condvar_deadlock: { probably: 0, possibly: 0 }, atomicity_violation: { possibly: 0 }, invalid_free: { possibly: 0 }, use_after_free: { possibly: 2 }\n   Compiling sparreal-rt v0.6.2 (/home/runner/check/batch_44/qclic/sparreal-os/crates/sparreal-rt)\n   Compiling helloworld v0.1.0 (/home/runner/check/batch_44/qclic/sparreal-os/app/helloworld)\nerror: linking with `rust-lld` failed: exit status: 1\n  |\n  = note: LC_ALL=\"C\" PATH=\"/home/runner/.rustup/toolchains/nightly-2024-12-01-x86_64-unknown-linux-gnu/lib/rustlib/x86_64-unknown-linux-gnu/bin:/snap/bin:/home/runner/.local/bin:/opt/pipx_bin:/home/runner/.cargo/bin:/home/runner/.config/composer/vendor/bin:/usr/local/.ghcup/bin:/home/runner/.dotnet/tools:/usr/local/sbin:/usr/local/bin:/usr/sbin:/usr/bin:/sbin:/bin:/usr/games:/usr/local/games:/snap/bin\" VSLANG=\"1033\" \"rust-lld\" \"-flavor\" \"gnu\" \"--fix-cortex-a53-843419\" \"/tmp/rustcU8obku/symbols.o\" \"/home/runner/check/batch_44/qclic/sparreal-os/target/aarch64-unknown-none/debug/deps/helloworld-46fbc08e4849797c.helloworld.242dae82b71aa2d7-cgu.0.rcgu.o\" \"/home/runner/check/batch_44/qclic/sparreal-os/target/aarch64-unknown-none/debug/deps/helloworld-46fbc08e4849797c.9rzo0g4oqoy94etbhjmfv8ool.rcgu.o\" \"--as-needed\" \"-Bstatic\" \"/home/runner/check/batch_44/qclic/sparreal-os/target/aarch64-unknown-none/debug/deps/libsparreal_rt-2d7d318d3f35baf6.rlib\" \"/home/runner/check/batch_44/qclic/sparreal-os/target/aarch64-unknown-none/debug/deps/libpage_table_arm-dd429d18e1f86851.rlib\" \"/home/runner/check/batch_44/qclic/sparreal-os/target/aarch64-unknown-none/debug/deps/libarm_gic_driver-d8d95a4317a51b22.rlib\" \"/home/runner/check/batch_44/qclic/sparreal-os/target/aarch64-unknown-none/debug/deps/libaarch64_cpu-a45cc68f09b43f66.rlib\" \"/home/runner/check/batch_44/qclic/sparreal-os/target/aarch64-unknown-none/debug/deps/libtock_registers-556adaad34ab1202.rlib\" \"/home/runner/check/batch_44/qclic/sparreal-os/target/aarch64-unknown-none/debug/deps/libsparreal_kernel-46d1fcb729c33025.rlib\" \"/home/runner/check/batch_44/qclic/sparreal-os/target/aarch64-unknown-none/debug/deps/libbyte_unit-6e1d92d9131875a7.rlib\" \"/home/runner/check/batch_44/qclic/sparreal-os/target/aarch64-unknown-none/debug/deps/libutf8_width-7b5c6c6d081e64e0.rlib\" \"/home/runner/check/batch_44/qclic/sparreal-os/target/aarch64-unknown-none/debug/deps/librust_decimal-24398f71299a5ed0.rlib\" \"/home/runner/check/batch_44/qclic/sparreal-os/target/aarch64-unknown-none/debug/deps/libarrayvec-2945cc6f3b29f1a8.rlib\" \"/home/runner/check/batch_44/qclic/sparreal-os/target/aarch64-unknown-none/debug/deps/libnum_traits-b6f1b4f9845773ff.rlib\" \"/home/runner/check/batch_44/qclic/sparreal-os/target/aarch64-unknown-none/debug/deps/libpage_table_generic-05758b4ec94c657f.rlib\" \"/home/runner/check/batch_44/qclic/sparreal-os/target/aarch64-unknown-none/debug/deps/libbitflags-a458d2ae94bdc5f0.rlib\" \"/home/runner/check/batch_44/qclic/sparreal-os/target/aarch64-unknown-none/debug/deps/libdma_api-3616dd00f6d23d73.rlib\" \"/home/runner/check/batch_44/qclic/sparreal-os/target/aarch64-unknown-none/debug/deps/libbuddy_system_allocator-3b1766c3be9ff268.rlib\" \"/home/runner/check/batch_44/qclic/sparreal-os/target/aarch64-unknown-none/debug/deps/libthiserror-925a2a909d07d85f.rlib\" \"/home/runner/check/batch_44/qclic/sparreal-os/target/aarch64-unknown-none/debug/deps/libfdt_parser-11cc003d0ffb9557.rlib\" \"/home/runner/check/batch_44/qclic/sparreal-os/target/aarch64-unknown-none/debug/deps/libspin-d99e7467a0ff3e67.rlib\" \"/home/runner/check/batch_44/qclic/sparreal-os/target/aarch64-unknown-none/debug/deps/liblock_api-574798f4ec16a08c.rlib\" \"/home/runner/check/batch_44/qclic/sparreal-os/target/aarch64-unknown-none/debug/deps/libscopeguard-3f386e3fe2881fd1.rlib\" \"/home/runner/check/batch_44/qclic/sparreal-os/target/aarch64-unknown-none/debug/deps/libdriver_interface-7a4b54f613a93f5c.rlib\" \"/home/runner/check/batch_44/qclic/sparreal-os/target/aarch64-unknown-none/debug/deps/libansi_rgb-a62d7bc352ea9492.rlib\" \"/home/runner/check/batch_44/qclic/sparreal-os/target/aarch64-unknown-none/debug/deps/librgb-f8779f6baea1659d.rlib\" \"/home/runner/check/batch_44/qclic/sparreal-os/target/aarch64-unknown-none/debug/deps/libbytemuck-439b8d7e0a2075f9.rlib\" \"/home/runner/check/batch_44/qclic/sparreal-os/target/aarch64-unknown-none/debug/deps/liblog-66a2993c6ba9820e.rlib\" \"/home/runner/.rustup/toolchains/nightly-2024-12-01-x86_64-unknown-linux-gnu/lib/rustlib/aarch64-unknown-none/lib/liballoc-71cc8839518d40dc.rlib\" \"/home/runner/.rustup/toolchains/nightly-2024-12-01-x86_64-unknown-linux-gnu/lib/rustlib/aarch64-unknown-none/lib/librustc_std_workspace_core-84c97a6fc6b01f0c.rlib\" \"/home/runner/.rustup/toolchains/nightly-2024-12-01-x86_64-unknown-linux-gnu/lib/rustlib/aarch64-unknown-none/lib/libcore-1c34871c0ac06d09.rlib\" \"/home/runner/.rustup/toolchains/nightly-2024-12-01-x86_64-unknown-linux-gnu/lib/rustlib/aarch64-unknown-none/lib/libcompiler_builtins-6135238bf3e4d955.rlib\" \"-Bdynamic\" \"--eh-frame-hdr\" \"-z\" \"noexecstack\" \"-L\" \"/home/runner/check/batch_44/qclic/sparreal-os/target/aarch64-unknown-none/debug/build/sparreal-rt-a756c80dc996c684/out\" \"-o\" \"/home/runner/check/batch_44/qclic/sparreal-os/target/aarch64-unknown-none/debug/deps/helloworld-46fbc08e4849797c\" \"--gc-sections\"\n  = note: rust-lld: error: undefined symbol: _kernel_size\n          >>> referenced by sparreal_rt.5893ed8a63d5f5fd-cgu.1\n          >>>               sparreal_rt-2d7d318d3f35baf6.sparreal_rt.5893ed8a63d5f5fd-cgu.1.rcgu.o:(.text.head+0x10) in archive /home/runner/check/batch_44/qclic/sparreal-os/target/aarch64-unknown-none/debug/deps/libsparreal_rt-2d7d318d3f35baf6.rlib\n          \n          rust-lld: error: undefined symbol: _stack_top\n          >>> referenced by sparreal_rt.5893ed8a63d5f5fd-cgu.1\n          >>>               sparreal_rt-2d7d318d3f35baf6.sparreal_rt.5893ed8a63d5f5fd-cgu.1.rcgu.o:(.text.boot.start+0x50) in archive /home/runner/check/batch_44/qclic/sparreal-os/target/aarch64-unknown-none/debug/deps/libsparreal_rt-2d7d318d3f35baf6.rlib\n          \n          rust-lld: error: undefined symbol: _sbss\n          >>> referenced by mem.rs:11 (crates/sparreal-rt/src/mem.rs:11)\n          >>>               sparreal_rt-2d7d318d3f35baf6.sparreal_rt.5893ed8a63d5f5fd-cgu.1.rcgu.o:(sparreal_rt::mem::clear_bss::h067b32b360e13e54) in archive /home/runner/check/batch_44/qclic/sparreal-os/target/aarch64-unknown-none/debug/deps/libsparreal_rt-2d7d318d3f35baf6.rlib\n          >>> referenced by mem.rs:11 (crates/sparreal-rt/src/mem.rs:11)\n          >>>               sparreal_rt-2d7d318d3f35baf6.sparreal_rt.5893ed8a63d5f5fd-cgu.1.rcgu.o:(sparreal_rt::mem::clear_bss::h067b32b360e13e54) in archive /home/runner/check/batch_44/qclic/sparreal-os/target/aarch64-unknown-none/debug/deps/libsparreal_rt-2d7d318d3f35baf6.rlib\n          >>> referenced by mem.rs:11 (crates/sparreal-rt/src/mem.rs:11)\n          >>>               sparreal_rt-2d7d318d3f35baf6.sparreal_rt.5893ed8a63d5f5fd-cgu.1.rcgu.o:(sparreal_rt::mem::clear_bss::h067b32b360e13e54) in archive /home/runner/check/batch_44/qclic/sparreal-os/target/aarch64-unknown-none/debug/deps/libsparreal_rt-2d7d318d3f35baf6.rlib\n          >>> referenced 3 more times\n          \n          rust-lld: error: undefined symbol: _ebss\n          >>> referenced by mem.rs:11 (crates/sparreal-rt/src/mem.rs:11)\n          >>>               sparreal_rt-2d7d318d3f35baf6.sparreal_rt.5893ed8a63d5f5fd-cgu.1.rcgu.o:(sparreal_rt::mem::clear_bss::h067b32b360e13e54) in archive /home/runner/check/batch_44/qclic/sparreal-os/target/aarch64-unknown-none/debug/deps/libsparreal_rt-2d7d318d3f35baf6.rlib\n          >>> referenced by mem.rs:11 (crates/sparreal-rt/src/mem.rs:11)\n          >>>               sparreal_rt-2d7d318d3f35baf6.sparreal_rt.5893ed8a63d5f5fd-cgu.1.rcgu.o:(sparreal_rt::mem::clear_bss::h067b32b360e13e54) in archive /home/runner/check/batch_44/qclic/sparreal-os/target/aarch64-unknown-none/debug/deps/libsparreal_rt-2d7d318d3f35baf6.rlib\n          >>> referenced by mem.rs:11 (crates/sparreal-rt/src/mem.rs:11)\n          >>>               sparreal_rt-2d7d318d3f35baf6.sparreal_rt.5893ed8a63d5f5fd-cgu.1.rcgu.o:(sparreal_rt::mem::clear_bss::h067b32b360e13e54) in archive /home/runner/check/batch_44/qclic/sparreal-os/target/aarch64-unknown-none/debug/deps/libsparreal_rt-2d7d318d3f35baf6.rlib\n          >>> referenced 3 more times\n          \n          rust-lld: error: undefined symbol: _stext\n          >>> referenced by mem.rs:28 (crates/sparreal-rt/src/mem.rs:28)\n          >>>               sparreal_rt-2d7d318d3f35baf6.sparreal_rt.5893ed8a63d5f5fd-cgu.1.rcgu.o:(sparreal_rt::mem::kernel_regions::ha522f69f8cfab4f0) in archive /home/runner/check/batch_44/qclic/sparreal-os/target/aarch64-unknown-none/debug/deps/libsparreal_rt-2d7d318d3f35baf6.rlib\n          >>> referenced by mem.rs:28 (crates/sparreal-rt/src/mem.rs:28)\n          >>>               sparreal_rt-2d7d318d3f35baf6.sparreal_rt.5893ed8a63d5f5fd-cgu.1.rcgu.o:(sparreal_rt::mem::kernel_regions::ha522f69f8cfab4f0) in archive /home/runner/check/batch_44/qclic/sparreal-os/target/aarch64-unknown-none/debug/deps/libsparreal_rt-2d7d318d3f35baf6.rlib\n          \n          rust-lld: error: undefined symbol: _srodata\n          >>> referenced by mem.rs:28 (crates/sparreal-rt/src/mem.rs:28)\n          >>>               sparreal_rt-2d7d318d3f35baf6.sparreal_rt.5893ed8a63d5f5fd-cgu.1.rcgu.o:(sparreal_rt::mem::kernel_regions::ha522f69f8cfab4f0) in archive /home/runner/check/batch_44/qclic/sparreal-os/target/aarch64-unknown-none/debug/deps/libsparreal_rt-2d7d318d3f35baf6.rlib\n          >>> referenced by mem.rs:28 (crates/sparreal-rt/src/mem.rs:28)\n          >>>               sparreal_rt-2d7d318d3f35baf6.sparreal_rt.5893ed8a63d5f5fd-cgu.1.rcgu.o:(sparreal_rt::mem::kernel_regions::ha522f69f8cfab4f0) in archive /home/runner/check/batch_44/qclic/sparreal-os/target/aarch64-unknown-none/debug/deps/libsparreal_rt-2d7d318d3f35baf6.rlib\n          \n          rust-lld: error: undefined symbol: _erodata\n          >>> referenced by mem.rs:28 (crates/sparreal-rt/src/mem.rs:28)\n          >>>               sparreal_rt-2d7d318d3f35baf6.sparreal_rt.5893ed8a63d5f5fd-cgu.1.rcgu.o:(sparreal_rt::mem::kernel_regions::ha522f69f8cfab4f0) in archive /home/runner/check/batch_44/qclic/sparreal-os/target/aarch64-unknown-none/debug/deps/libsparreal_rt-2d7d318d3f35baf6.rlib\n          >>> referenced by mem.rs:28 (crates/sparreal-rt/src/mem.rs:28)\n          >>>               sparreal_rt-2d7d318d3f35baf6.sparreal_rt.5893ed8a63d5f5fd-cgu.1.rcgu.o:(sparreal_rt::mem::kernel_regions::ha522f69f8cfab4f0) in archive /home/runner/check/batch_44/qclic/sparreal-os/target/aarch64-unknown-none/debug/deps/libsparreal_rt-2d7d318d3f35baf6.rlib\n          \n          rust-lld: error: undefined symbol: _sdata\n          >>> referenced by mem.rs:28 (crates/sparreal-rt/src/mem.rs:28)\n          >>>               sparreal_rt-2d7d318d3f35baf6.sparreal_rt.5893ed8a63d5f5fd-cgu.1.rcgu.o:(sparreal_rt::mem::kernel_regions::ha522f69f8cfab4f0) in archive /home/runner/check/batch_44/qclic/sparreal-os/target/aarch64-unknown-none/debug/deps/libsparreal_rt-2d7d318d3f35baf6.rlib\n          >>> referenced by mem.rs:28 (crates/sparreal-rt/src/mem.rs:28)\n          >>>               sparreal_rt-2d7d318d3f35baf6.sparreal_rt.5893ed8a63d5f5fd-cgu.1.rcgu.o:(sparreal_rt::mem::kernel_regions::ha522f69f8cfab4f0) in archive /home/runner/check/batch_44/qclic/sparreal-os/target/aarch64-unknown-none/debug/deps/libsparreal_rt-2d7d318d3f35baf6.rlib\n          \n          rust-lld: error: undefined symbol: _sdriver\n          >>> referenced by mem.rs:54 (crates/sparreal-rt/src/mem.rs:54)\n          >>>               sparreal_rt-2d7d318d3f35baf6.sparreal_rt.5893ed8a63d5f5fd-cgu.1.rcgu.o:(sparreal_rt::mem::driver_registers::hbe26ac8aaa8e09e1) in archive /home/runner/check/batch_44/qclic/sparreal-os/target/aarch64-unknown-none/debug/deps/libsparreal_rt-2d7d318d3f35baf6.rlib\n          >>> referenced by mem.rs:54 (crates/sparreal-rt/src/mem.rs:54)\n          >>>               sparreal_rt-2d7d318d3f35baf6.sparreal_rt.5893ed8a63d5f5fd-cgu.1.rcgu.o:(sparreal_rt::mem::driver_registers::hbe26ac8aaa8e09e1) in archive /home/runner/check/batch_44/qclic/sparreal-os/target/aarch64-unknown-none/debug/deps/libsparreal_rt-2d7d318d3f35baf6.rlib\n          >>> referenced by mem.rs:54 (crates/sparreal-rt/src/mem.rs:54)\n          >>>               sparreal_rt-2d7d318d3f35baf6.sparreal_rt.5893ed8a63d5f5fd-cgu.1.rcgu.o:(sparreal_rt::mem::driver_registers::hbe26ac8aaa8e09e1) in archive /home/runner/check/batch_44/qclic/sparreal-os/target/aarch64-unknown-none/debug/deps/libsparreal_rt-2d7d318d3f35baf6.rlib\n          >>> referenced 1 more times\n          \n          rust-lld: error: undefined symbol: _edriver\n          >>> referenced by mem.rs:54 (crates/sparreal-rt/src/mem.rs:54)\n          >>>               sparreal_rt-2d7d318d3f35baf6.sparreal_rt.5893ed8a63d5f5fd-cgu.1.rcgu.o:(sparreal_rt::mem::driver_registers::hbe26ac8aaa8e09e1) in archive /home/runner/check/batch_44/qclic/sparreal-os/target/aarch64-unknown-none/debug/deps/libsparreal_rt-2d7d318d3f35baf6.rlib\n          >>> referenced by mem.rs:54 (crates/sparreal-rt/src/mem.rs:54)\n          >>>               sparreal_rt-2d7d318d3f35baf6.sparreal_rt.5893ed8a63d5f5fd-cgu.1.rcgu.o:(sparreal_rt::mem::driver_registers::hbe26ac8aaa8e09e1) in archive /home/runner/check/batch_44/qclic/sparreal-os/target/aarch64-unknown-none/debug/deps/libsparreal_rt-2d7d318d3f35baf6.rlib\n          >>> referenced by mem.rs:54 (crates/sparreal-rt/src/mem.rs:54)\n          >>>               sparreal_rt-2d7d318d3f35baf6.sparreal_rt.5893ed8a63d5f5fd-cgu.1.rcgu.o:(sparreal_rt::mem::driver_registers::hbe26ac8aaa8e09e1) in archive /home/runner/check/batch_44/qclic/sparreal-os/target/aarch64-unknown-none/debug/deps/libsparreal_rt-2d7d318d3f35baf6.rlib\n          >>> referenced 1 more times\n          \n\nerror: could not compile `helloworld` (bin \"helloworld\") due to 1 previous error\n"]}}]}],"kinds_order":["Cargo","Clippy(Error)","Clippy(Warn)","Semver Violation","Audit","Mirai","Rapx","Rudra","Lockbud(Probably)","Lockbud(Possibly)","Outdated","Geiger","Unformatted"]}