{
  "repo": {
    "user": "qclic",
    "repo": "sparreal-os"
  },
  "data": [
    {
      "user": "qclic",
      "repo": "sparreal-os",
      "pkg": "xtask",
      "count": 28,
      "raw_reports": [
        {
          "file": "/home/runner/.cargo/registry/src/index.crates.io-1949cf8c6b5b557f/anstyle-query-1.1.2/src/lib.rs",
          "features": "",
          "count": 20,
          "kinds": {
            "Clippy(Error)": [
              "error[E0463]: can't find crate for `std`\n  |\n  = note: the `aarch64-unknown-none` target may not support the standard library\n  = note: `std` is required by `anstyle_query` because it does not declare `#![no_std]`\n  = help: consider building the standard library from source with `cargo build -Zbuild-std`\n\n",
              "error[E0463]: can't find crate for `std`\n  --> /home/runner/.cargo/registry/src/index.crates.io-1949cf8c6b5b557f/anstyle-query-1.1.2/src/lib.rs:24:17\n   |\n24 |     let value = std::env::var_os(\"CLICOLOR\")?;\n   |                 ^^^ can't find crate\n   |\n   = note: the `aarch64-unknown-none` target may not support the standard library\n   = help: consider building the standard library from source with `cargo build -Zbuild-std`\n\n",
              "error[E0463]: can't find crate for `std`\n  --> /home/runner/.cargo/registry/src/index.crates.io-1949cf8c6b5b557f/anstyle-query-1.1.2/src/lib.rs:35:15\n   |\n35 |     non_empty(std::env::var_os(\"CLICOLOR_FORCE\").as_deref())\n   |               ^^^ can't find crate\n   |\n   = note: the `aarch64-unknown-none` target may not support the standard library\n   = help: consider building the standard library from source with `cargo build -Zbuild-std`\n\n",
              "error[E0463]: can't find crate for `std`\n  --> /home/runner/.cargo/registry/src/index.crates.io-1949cf8c6b5b557f/anstyle-query-1.1.2/src/lib.rs:50:15\n   |\n50 |     non_empty(std::env::var_os(\"NO_COLOR\").as_deref())\n   |               ^^^ can't find crate\n   |\n   = note: the `aarch64-unknown-none` target may not support the standard library\n   = help: consider building the standard library from source with `cargo build -Zbuild-std`\n\n",
              "error[E0463]: can't find crate for `std`\n  --> /home/runner/.cargo/registry/src/index.crates.io-1949cf8c6b5b557f/anstyle-query-1.1.2/src/lib.rs:58:15\n   |\n58 |         match std::env::var_os(\"TERM\") {\n   |               ^^^ can't find crate\n   |\n   = note: the `aarch64-unknown-none` target may not support the standard library\n   = help: consider building the standard library from source with `cargo build -Zbuild-std`\n\n",
              "error[E0463]: can't find crate for `std`\n   --> /home/runner/.cargo/registry/src/index.crates.io-1949cf8c6b5b557f/anstyle-query-1.1.2/src/lib.rs:116:17\n    |\n116 |     let value = std::env::var_os(\"COLORTERM\");\n    |                 ^^^ can't find crate\n    |\n    = note: the `aarch64-unknown-none` target may not support the standard library\n    = help: consider building the standard library from source with `cargo build -Zbuild-std`\n\n",
              "error[E0463]: can't find crate for `std`\n   --> /home/runner/.cargo/registry/src/index.crates.io-1949cf8c6b5b557f/anstyle-query-1.1.2/src/lib.rs:134:5\n    |\n134 |     std::env::var_os(\"CI\").is_some()\n    |     ^^^ can't find crate\n    |\n    = note: the `aarch64-unknown-none` target may not support the standard library\n    = help: consider building the standard library from source with `cargo build -Zbuild-std`\n\n",
              "error[E0463]: can't find crate for `std`\n   --> /home/runner/.cargo/registry/src/index.crates.io-1949cf8c6b5b557f/anstyle-query-1.1.2/src/lib.rs:137:27\n    |\n137 | fn non_empty(var: Option<&std::ffi::OsStr>) -> bool {\n    |                           ^^^ can't find crate\n    |\n    = note: the `aarch64-unknown-none` target may not support the standard library\n    = help: consider building the standard library from source with `cargo build -Zbuild-std`\n\n",
              "error[E0412]: cannot find type `Option` in this scope\n  --> /home/runner/.cargo/registry/src/index.crates.io-1949cf8c6b5b557f/anstyle-query-1.1.2/src/lib.rs:23:22\n   |\n23 | pub fn clicolor() -> Option<bool> {\n   |                      ^^^^^^ not found in this scope\n   |\nhelp: consider importing this enum\n   |\n8  + use core::option::Option;\n   |\n\n",
              "error[E0425]: cannot find function, tuple struct or tuple variant `Some` in this scope\n  --> /home/runner/.cargo/registry/src/index.crates.io-1949cf8c6b5b557f/anstyle-query-1.1.2/src/lib.rs:25:5\n   |\n25 |     Some(value != \"0\")\n   |     ^^^^ not found in this scope\n   |\nhelp: consider importing this tuple variant\n   |\n8  + use core::option::Option::Some;\n   |\n\n",
              "error[E0531]: cannot find tuple struct or tuple variant `Some` in this scope\n  --> /home/runner/.cargo/registry/src/index.crates.io-1949cf8c6b5b557f/anstyle-query-1.1.2/src/lib.rs:62:13\n   |\n62 |             Some(k) => {\n   |             ^^^^ not found in this scope\n   |\nhelp: consider importing this tuple variant\n   |\n8  + use core::option::Option::Some;\n   |\n\n",
              "error[E0412]: cannot find type `Option` in this scope\n   --> /home/runner/.cargo/registry/src/index.crates.io-1949cf8c6b5b557f/anstyle-query-1.1.2/src/lib.rs:137:19\n    |\n137 | fn non_empty(var: Option<&std::ffi::OsStr>) -> bool {\n    |                   ^^^^^^ not found in this scope\n    |\nhelp: consider importing this enum\n    |\n8   + use core::option::Option;\n    |\n\n",
              "error: requires `sized` lang_item\n  --> /home/runner/.cargo/registry/src/index.crates.io-1949cf8c6b5b557f/anstyle-query-1.1.2/src/lib.rs:23:22\n   |\n23 | pub fn clicolor() -> Option<bool> {\n   |                      ^^^^^^^^^^^^\n\n",
              "error: requires `sized` lang_item\n  --> /home/runner/.cargo/registry/src/index.crates.io-1949cf8c6b5b557f/anstyle-query-1.1.2/src/lib.rs:34:28\n   |\n34 | pub fn clicolor_force() -> bool {\n   |                            ^^^^\n\n",
              "error: requires `sized` lang_item\n  --> /home/runner/.cargo/registry/src/index.crates.io-1949cf8c6b5b557f/anstyle-query-1.1.2/src/lib.rs:49:22\n   |\n49 | pub fn no_color() -> bool {\n   |                      ^^^^\n\n",
              "error: requires `sized` lang_item\n  --> /home/runner/.cargo/registry/src/index.crates.io-1949cf8c6b5b557f/anstyle-query-1.1.2/src/lib.rs:55:33\n   |\n55 | pub fn term_supports_color() -> bool {\n   |                                 ^^^^\n\n",
              "error: requires `sized` lang_item\n  --> /home/runner/.cargo/registry/src/index.crates.io-1949cf8c6b5b557f/anstyle-query-1.1.2/src/lib.rs:89:38\n   |\n89 | pub fn term_supports_ansi_color() -> bool {\n   |                                      ^^^^\n\n",
              "error: requires `sized` lang_item\n   --> /home/runner/.cargo/registry/src/index.crates.io-1949cf8c6b5b557f/anstyle-query-1.1.2/src/lib.rs:115:23\n    |\n115 | pub fn truecolor() -> bool {\n    |                       ^^^^\n\n",
              "error: requires `sized` lang_item\n   --> /home/runner/.cargo/registry/src/index.crates.io-1949cf8c6b5b557f/anstyle-query-1.1.2/src/lib.rs:128:19\n    |\n128 | pub fn is_ci() -> bool {\n    |                   ^^^^\n\n",
              "error: requires `sized` lang_item\n   --> /home/runner/.cargo/registry/src/index.crates.io-1949cf8c6b5b557f/anstyle-query-1.1.2/src/lib.rs:137:48\n    |\n137 | fn non_empty(var: Option<&std::ffi::OsStr>) -> bool {\n    |                                                ^^^^\n\n"
            ]
          }
        },
        {
          "file": "/home/runner/.cargo/registry/src/index.crates.io-1949cf8c6b5b557f/anstyle-query-1.1.2/src/windows.rs",
          "features": "",
          "count": 5,
          "kinds": {
            "Clippy(Error)": [
              "error[E0412]: cannot find type `Option` in this scope\n  --> /home/runner/.cargo/registry/src/index.crates.io-1949cf8c6b5b557f/anstyle-query-1.1.2/src/windows.rs:63:43\n   |\n63 |     pub(crate) fn enable_ansi_colors() -> Option<bool> {\n   |                                           ^^^^^^ not found in this scope\n   |\nhelp: consider importing this enum\n   |\n62 +     use core::option::Option;\n   |\n\n",
              "error[E0425]: cannot find value `None` in this scope\n  --> /home/runner/.cargo/registry/src/index.crates.io-1949cf8c6b5b557f/anstyle-query-1.1.2/src/windows.rs:64:9\n   |\n64 |         None\n   |         ^^^^ not found in this scope\n   |\nhelp: consider importing this unit variant\n   |\n62 +     use core::option::Option::None;\n   |\n\n",
              "error[E0412]: cannot find type `Option` in this scope\n  --> /home/runner/.cargo/registry/src/index.crates.io-1949cf8c6b5b557f/anstyle-query-1.1.2/src/windows.rs:71:32\n   |\n71 | pub fn enable_ansi_colors() -> Option<bool> {\n   |                                ^^^^^^ not found in this scope\n   |\nhelp: consider importing this enum\n   |\n3  + use core::option::Option;\n   |\n\n",
              "error: requires `sized` lang_item\n  --> /home/runner/.cargo/registry/src/index.crates.io-1949cf8c6b5b557f/anstyle-query-1.1.2/src/windows.rs:71:32\n   |\n71 | pub fn enable_ansi_colors() -> Option<bool> {\n   |                                ^^^^^^^^^^^^\n\n",
              "error: requires `sized` lang_item\n  --> /home/runner/.cargo/registry/src/index.crates.io-1949cf8c6b5b557f/anstyle-query-1.1.2/src/windows.rs:63:43\n   |\n63 |     pub(crate) fn enable_ansi_colors() -> Option<bool> {\n   |                                           ^^^^^^^^^^^^\n\n"
            ]
          }
        },
        {
          "file": "(virtual) clippy",
          "features": "",
          "count": 1,
          "kinds": {
            "Cargo": [
              "// pkg_name=xtask, checker=Clippy\n// toolchain=nightly, target=aarch64-unknown-none\n// features=\n// pkg_dir=/home/runner/check/batch_45/qclic/sparreal-os/xtask\n// cmd=cargo clippy --target aarch64-unknown-none  --no-deps\n// timestamp=2025-02-21 22:04:50.947739461 +08:00:00\n   Compiling proc-macro2 v1.0.93\n   Compiling serde v1.0.217\n   Compiling unicode-ident v1.0.16\n    Checking utf8parse v0.2.2\n    Checking anstyle-parse v0.2.6\n    Checking anstyle-query v1.1.2\nerror: could not compile `anstyle-query` (lib) due to 25 previous errors\nwarning: build failed, waiting for other jobs to finish...\n"
            ]
          }
        },
        {
          "file": "(virtual) lockbud",
          "features": "",
          "count": 1,
          "kinds": {
            "Cargo": [
              "// pkg_name=xtask, checker=Lockbud\n// toolchain=nightly, target=aarch64-unknown-none\n// features=\n// pkg_dir=/home/runner/check/batch_45/qclic/sparreal-os/xtask\n// cmd=cargo +nightly-2024-12-01 lockbud -k all -- --target aarch64-unknown-none \n// timestamp=2025-02-21 22:06:52.56827079 +08:00:00\n Downloading crates ...\n  Downloaded colorchoice v1.0.3\n  Downloaded clap_lex v0.7.4\n  Downloaded is_terminal_polyfill v1.70.1\n  Downloaded anstyle-parse v0.2.6\n  Downloaded serde v1.0.217\n  Downloaded utf8parse v0.2.2\n  Downloaded toml_datetime v0.6.8\n  Downloaded serde_spanned v0.6.8\n  Downloaded indexmap v2.7.1\n  Downloaded toml_edit v0.22.24\n  Downloaded hashbrown v0.15.2\n  Downloaded memchr v2.7.4\n  Downloaded clap_builder v4.5.30\n  Downloaded toml v0.8.20\n  Downloaded clap v4.5.30\n  Downloaded anstream v0.6.18\n  Downloaded heck v0.5.0\n  Downloaded winnow v0.7.2\n  Downloaded clap_derive v4.5.28\n  Downloaded anstyle v1.0.10\n  Downloaded anstyle-query v1.1.2\n  Downloaded equivalent v1.0.2\n   Compiling serde v1.0.217\n   Compiling proc-macro2 v1.0.93\n   Compiling unicode-ident v1.0.16\n   Compiling utf8parse v0.2.2\n   Compiling anstyle-parse v0.2.6\n   Compiling anstyle-query v1.1.2\nerror[E0463]: can't find crate for `std`\n  |\n  = note: the `aarch64-unknown-none` target may not support the standard library\n  = note: `std` is required by `anstyle_query` because it does not declare `#![no_std]`\n  = help: consider building the standard library from source with `cargo build -Zbuild-std`\n\nerror[E0463]: can't find crate for `std`\n  --> /home/runner/.cargo/registry/src/index.crates.io-6f17d22bba15001f/anstyle-query-1.1.2/src/lib.rs:24:17\n   |\n24 |     let value = std::env::var_os(\"CLICOLOR\")?;\n   |                 ^^^ can't find crate\n   |\n   = note: the `aarch64-unknown-none` target may not support the standard library\n   = help: consider building the standard library from source with `cargo build -Zbuild-std`\n\nerror[E0463]: can't find crate for `std`\n  --> /home/runner/.cargo/registry/src/index.crates.io-6f17d22bba15001f/anstyle-query-1.1.2/src/lib.rs:35:15\n   |\n35 |     non_empty(std::env::var_os(\"CLICOLOR_FORCE\").as_deref())\n   |               ^^^ can't find crate\n   |\n   = note: the `aarch64-unknown-none` target may not support the standard library\n   = help: consider building the standard library from source with `cargo build -Zbuild-std`\n\nerror[E0463]: can't find crate for `std`\n  --> /home/runner/.cargo/registry/src/index.crates.io-6f17d22bba15001f/anstyle-query-1.1.2/src/lib.rs:50:15\n   |\n50 |     non_empty(std::env::var_os(\"NO_COLOR\").as_deref())\n   |               ^^^ can't find crate\n   |\n   = note: the `aarch64-unknown-none` target may not support the standard library\n   = help: consider building the standard library from source with `cargo build -Zbuild-std`\n\nerror[E0463]: can't find crate for `std`\n  --> /home/runner/.cargo/registry/src/index.crates.io-6f17d22bba15001f/anstyle-query-1.1.2/src/lib.rs:58:15\n   |\n58 |         match std::env::var_os(\"TERM\") {\n   |               ^^^ can't find crate\n   |\n   = note: the `aarch64-unknown-none` target may not support the standard library\n   = help: consider building the standard library from source with `cargo build -Zbuild-std`\n\nerror[E0463]: can't find crate for `std`\n   --> /home/runner/.cargo/registry/src/index.crates.io-6f17d22bba15001f/anstyle-query-1.1.2/src/lib.rs:116:17\n    |\n116 |     let value = std::env::var_os(\"COLORTERM\");\n    |                 ^^^ can't find crate\n    |\n    = note: the `aarch64-unknown-none` target may not support the standard library\n    = help: consider building the standard library from source with `cargo build -Zbuild-std`\n\nerror[E0463]: can't find crate for `std`\n   --> /home/runner/.cargo/registry/src/index.crates.io-6f17d22bba15001f/anstyle-query-1.1.2/src/lib.rs:134:5\n    |\n134 |     std::env::var_os(\"CI\").is_some()\n    |     ^^^ can't find crate\n    |\n    = note: the `aarch64-unknown-none` target may not support the standard library\n    = help: consider building the standard library from source with `cargo build -Zbuild-std`\n\nerror[E0463]: can't find crate for `std`\n   --> /home/runner/.cargo/registry/src/index.crates.io-6f17d22bba15001f/anstyle-query-1.1.2/src/lib.rs:137:27\n    |\n137 | fn non_empty(var: Option<&std::ffi::OsStr>) -> bool {\n    |                           ^^^ can't find crate\n    |\n    = note: the `aarch64-unknown-none` target may not support the standard library\n    = help: consider building the standard library from source with `cargo build -Zbuild-std`\n\nerror[E0412]: cannot find type `Option` in this scope\n  --> /home/runner/.cargo/registry/src/index.crates.io-6f17d22bba15001f/anstyle-query-1.1.2/src/windows.rs:63:43\n   |\n63 |     pub(crate) fn enable_ansi_colors() -> Option<bool> {\n   |                                           ^^^^^^ not found in this scope\n   |\nhelp: consider importing this enum\n   |\n62 +     use core::option::Option;\n   |\n\nerror[E0425]: cannot find value `None` in this scope\n  --> /home/runner/.cargo/registry/src/index.crates.io-6f17d22bba15001f/anstyle-query-1.1.2/src/windows.rs:64:9\n   |\n64 |         None\n   |         ^^^^ not found in this scope\n   |\nhelp: consider importing this unit variant\n   |\n62 +     use core::option::Option::None;\n   |\n\nerror[E0412]: cannot find type `Option` in this scope\n  --> /home/runner/.cargo/registry/src/index.crates.io-6f17d22bba15001f/anstyle-query-1.1.2/src/windows.rs:71:32\n   |\n71 | pub fn enable_ansi_colors() -> Option<bool> {\n   |                                ^^^^^^ not found in this scope\n   |\nhelp: consider importing this enum\n   |\n3  + use core::option::Option;\n   |\n\nerror[E0412]: cannot find type `Option` in this scope\n  --> /home/runner/.cargo/registry/src/index.crates.io-6f17d22bba15001f/anstyle-query-1.1.2/src/lib.rs:23:22\n   |\n23 | pub fn clicolor() -> Option<bool> {\n   |                      ^^^^^^ not found in this scope\n   |\nhelp: consider importing this enum\n   |\n8  + use core::option::Option;\n   |\n\nerror[E0425]: cannot find function, tuple struct or tuple variant `Some` in this scope\n  --> /home/runner/.cargo/registry/src/index.crates.io-6f17d22bba15001f/anstyle-query-1.1.2/src/lib.rs:25:5\n   |\n25 |     Some(value != \"0\")\n   |     ^^^^ not found in this scope\n   |\nhelp: consider importing this tuple variant\n   |\n8  + use core::option::Option::Some;\n   |\n\nerror[E0531]: cannot find tuple struct or tuple variant `Some` in this scope\n  --> /home/runner/.cargo/registry/src/index.crates.io-6f17d22bba15001f/anstyle-query-1.1.2/src/lib.rs:62:13\n   |\n62 |             Some(k) => {\n   |             ^^^^ not found in this scope\n   |\nhelp: consider importing this tuple variant\n   |\n8  + use core::option::Option::Some;\n   |\n\nerror[E0412]: cannot find type `Option` in this scope\n   --> /home/runner/.cargo/registry/src/index.crates.io-6f17d22bba15001f/anstyle-query-1.1.2/src/lib.rs:137:19\n    |\n137 | fn non_empty(var: Option<&std::ffi::OsStr>) -> bool {\n    |                   ^^^^^^ not found in this scope\n    |\nhelp: consider importing this enum\n    |\n8   + use core::option::Option;\n    |\n\nerror: requires `sized` lang_item\n\nSome errors have detailed explanations: E0412, E0425, E0463, E0531.\nFor more information about an error, try `rustc --explain E0412`.\nerror: could not compile `anstyle-query` (lib) due to 16 previous errors\nwarning: build failed, waiting for other jobs to finish...\n"
            ]
          }
        },
        {
          "file": "(virtual) rapx",
          "features": "",
          "count": 1,
          "kinds": {
            "Cargo": [
              "// pkg_name=xtask, checker=Rapx\n// toolchain=nightly, target=aarch64-unknown-none\n// features=\n// pkg_dir=/home/runner/check/batch_45/qclic/sparreal-os/xtask\n// cmd=cargo +nightly-2024-10-12 rapx -F -M -- --target aarch64-unknown-none \n// timestamp=2025-02-21 22:07:03.207405674 +08:00:00\n   Compiling serde v1.0.217\n   Compiling proc-macro2 v1.0.93\n   Compiling unicode-ident v1.0.16\n    Checking utf8parse v0.2.2\n    Checking anstyle-parse v0.2.6\n    Checking anstyle-query v1.1.2\nerror[E0463]: can't find crate for `std`\n  |\n  = note: the `aarch64-unknown-none` target may not support the standard library\n  = note: `std` is required by `anstyle_query` because it does not declare `#![no_std]`\n  = help: consider building the standard library from source with `cargo build -Zbuild-std`\n\nerror[E0463]: can't find crate for `std`\n  --> /home/runner/.cargo/registry/src/index.crates.io-6f17d22bba15001f/anstyle-query-1.1.2/src/lib.rs:24:17\n   |\n24 |     let value = std::env::var_os(\"CLICOLOR\")?;\n   |                 ^^^ can't find crate\n   |\n   = note: the `aarch64-unknown-none` target may not support the standard library\n   = help: consider building the standard library from source with `cargo build -Zbuild-std`\n\nerror[E0463]: can't find crate for `std`\n  --> /home/runner/.cargo/registry/src/index.crates.io-6f17d22bba15001f/anstyle-query-1.1.2/src/lib.rs:35:15\n   |\n35 |     non_empty(std::env::var_os(\"CLICOLOR_FORCE\").as_deref())\n   |               ^^^ can't find crate\n   |\n   = note: the `aarch64-unknown-none` target may not support the standard library\n   = help: consider building the standard library from source with `cargo build -Zbuild-std`\n\nerror[E0463]: can't find crate for `std`\n  --> /home/runner/.cargo/registry/src/index.crates.io-6f17d22bba15001f/anstyle-query-1.1.2/src/lib.rs:50:15\n   |\n50 |     non_empty(std::env::var_os(\"NO_COLOR\").as_deref())\n   |               ^^^ can't find crate\n   |\n   = note: the `aarch64-unknown-none` target may not support the standard library\n   = help: consider building the standard library from source with `cargo build -Zbuild-std`\n\nerror[E0463]: can't find crate for `std`\n  --> /home/runner/.cargo/registry/src/index.crates.io-6f17d22bba15001f/anstyle-query-1.1.2/src/lib.rs:58:15\n   |\n58 |         match std::env::var_os(\"TERM\") {\n   |               ^^^ can't find crate\n   |\n   = note: the `aarch64-unknown-none` target may not support the standard library\n   = help: consider building the standard library from source with `cargo build -Zbuild-std`\n\nerror[E0463]: can't find crate for `std`\n   --> /home/runner/.cargo/registry/src/index.crates.io-6f17d22bba15001f/anstyle-query-1.1.2/src/lib.rs:116:17\n    |\n116 |     let value = std::env::var_os(\"COLORTERM\");\n    |                 ^^^ can't find crate\n    |\n    = note: the `aarch64-unknown-none` target may not support the standard library\n    = help: consider building the standard library from source with `cargo build -Zbuild-std`\n\nerror[E0463]: can't find crate for `std`\n   --> /home/runner/.cargo/registry/src/index.crates.io-6f17d22bba15001f/anstyle-query-1.1.2/src/lib.rs:134:5\n    |\n134 |     std::env::var_os(\"CI\").is_some()\n    |     ^^^ can't find crate\n    |\n    = note: the `aarch64-unknown-none` target may not support the standard library\n    = help: consider building the standard library from source with `cargo build -Zbuild-std`\n\nerror[E0463]: can't find crate for `std`\n   --> /home/runner/.cargo/registry/src/index.crates.io-6f17d22bba15001f/anstyle-query-1.1.2/src/lib.rs:137:27\n    |\n137 | fn non_empty(var: Option<&std::ffi::OsStr>) -> bool {\n    |                           ^^^ can't find crate\n    |\n    = note: the `aarch64-unknown-none` target may not support the standard library\n    = help: consider building the standard library from source with `cargo build -Zbuild-std`\n\nerror[E0412]: cannot find type `Option` in this scope\n  --> /home/runner/.cargo/registry/src/index.crates.io-6f17d22bba15001f/anstyle-query-1.1.2/src/windows.rs:63:43\n   |\n63 |     pub(crate) fn enable_ansi_colors() -> Option<bool> {\n   |                                           ^^^^^^ not found in this scope\n   |\nhelp: consider importing this enum\n   |\n62 +     use core::option::Option;\n   |\n\nerror[E0425]: cannot find value `None` in this scope\n  --> /home/runner/.cargo/registry/src/index.crates.io-6f17d22bba15001f/anstyle-query-1.1.2/src/windows.rs:64:9\n   |\n64 |         None\n   |         ^^^^ not found in this scope\n   |\nhelp: consider importing this unit variant\n   |\n62 +     use core::option::Option::None;\n   |\n\nerror[E0412]: cannot find type `Option` in this scope\n  --> /home/runner/.cargo/registry/src/index.crates.io-6f17d22bba15001f/anstyle-query-1.1.2/src/windows.rs:71:32\n   |\n71 | pub fn enable_ansi_colors() -> Option<bool> {\n   |                                ^^^^^^ not found in this scope\n   |\nhelp: consider importing this enum\n   |\n3  + use core::option::Option;\n   |\n\nerror[E0412]: cannot find type `Option` in this scope\n  --> /home/runner/.cargo/registry/src/index.crates.io-6f17d22bba15001f/anstyle-query-1.1.2/src/lib.rs:23:22\n   |\n23 | pub fn clicolor() -> Option<bool> {\n   |                      ^^^^^^ not found in this scope\n   |\nhelp: consider importing this enum\n   |\n8  + use core::option::Option;\n   |\n\nerror[E0425]: cannot find function, tuple struct or tuple variant `Some` in this scope\n  --> /home/runner/.cargo/registry/src/index.crates.io-6f17d22bba15001f/anstyle-query-1.1.2/src/lib.rs:25:5\n   |\n25 |     Some(value != \"0\")\n   |     ^^^^ not found in this scope\n   |\nhelp: consider importing this tuple variant\n   |\n8  + use core::option::Option::Some;\n   |\n\nerror[E0531]: cannot find tuple struct or tuple variant `Some` in this scope\n  --> /home/runner/.cargo/registry/src/index.crates.io-6f17d22bba15001f/anstyle-query-1.1.2/src/lib.rs:62:13\n   |\n62 |             Some(k) => {\n   |             ^^^^ not found in this scope\n   |\nhelp: consider importing this tuple variant\n   |\n8  + use core::option::Option::Some;\n   |\n\nerror[E0412]: cannot find type `Option` in this scope\n   --> /home/runner/.cargo/registry/src/index.crates.io-6f17d22bba15001f/anstyle-query-1.1.2/src/lib.rs:137:19\n    |\n137 | fn non_empty(var: Option<&std::ffi::OsStr>) -> bool {\n    |                   ^^^^^^ not found in this scope\n    |\nhelp: consider importing this enum\n    |\n8   + use core::option::Option;\n    |\n\nerror: requires `sized` lang_item\n\nSome errors have detailed explanations: E0412, E0425, E0463, E0531.\nFor more information about an error, try `rustc --explain E0412`.\nerror: could not compile `anstyle-query` (lib) due to 16 previous errors\nwarning: build failed, waiting for other jobs to finish...\n14:07:03|RAP|ERROR|: Finished with non-zero exit code.\n"
            ]
          }
        }
      ]
    },
    {
      "user": "qclic",
      "repo": "sparreal-os",
      "pkg": "bare-test",
      "count": 11,
      "raw_reports": [
        {
          "file": "(virtual) semver-checks",
          "features": "",
          "count": 2,
          "kinds": {
            "Cargo": [
              "// pkg_name=bare-test, checker=SemverChecks\n// toolchain=nightly, target=aarch64-unknown-none\n// features=\n// pkg_dir=/home/runner/check/batch_45/qclic/sparreal-os/crates/bare-test\n// cmd=cargo +nightly-2025-01-26-x86_64-unknown-linux-gnu semver-checks --target aarch64-unknown-none \n// timestamp=2025-02-21 22:04:56.176888218 +08:00:00\n    Building bare-test v0.4.0 (current)\nerror: running cargo-doc on crate 'bare-test' failed with output:\n-----\n   Compiling proc-macro2 v1.0.93\n   Compiling unicode-ident v1.0.17\n   Compiling autocfg v1.4.0\n    Checking scopeguard v1.2.0\nerror[E0463]: can't find crate for `core`\n  |\n  = note: the `aarch64-unknown-none` target may not be installed\n  = help: consider downloading the target with `rustup target add aarch64-unknown-none`\n  = help: consider building the standard library from source with `cargo build -Zbuild-std`\n\nFor more information about this error, try `rustc --explain E0463`.\nerror: could not compile `scopeguard` (lib) due to 1 previous error\nwarning: build failed, waiting for other jobs to finish...\n\n-----\n\nerror: failed to build rustdoc for crate bare-test v0.4.0\nnote: this is usually due to a compilation error in the crate,\n      and is unlikely to be a bug in cargo-semver-checks\nnote: the following command can be used to reproduce the compilation error:\n      cargo new --lib example &&\n          cd example &&\n          echo '[workspace]' >> Cargo.toml &&\n          cargo add --path /home/runner/check/batch_45/qclic/sparreal-os/crates/bare-test --features default,rt,sparreal-rt &&\n          cargo check\n\nerror: aborting due to failure to build rustdoc for crate bare-test v0.4.0\n",
              "// pkg_name=bare-test, checker=SemverChecks\n// toolchain=nightly, target=x86_64-unknown-linux-gnu\n// features=\n// pkg_dir=/home/runner/check/batch_45/qclic/sparreal-os/crates/bare-test\n// cmd=cargo +nightly-2025-01-26-x86_64-unknown-linux-gnu semver-checks --target x86_64-unknown-linux-gnu \n// timestamp=2025-02-21 22:04:57.389513097 +08:00:00\n    Building bare-test v0.4.0 (current)\nerror: running cargo-doc on crate 'bare-test' failed with output:\n-----\n   Compiling proc-macro2 v1.0.93\n    Checking scopeguard v1.2.0\n   Compiling lock_api v0.4.12\n   Compiling num-traits v0.2.19\n   Compiling ident_case v1.0.1\n   Compiling thiserror v2.0.11\n   Compiling strsim v0.11.1\n   Compiling fnv v1.0.7\n    Checking spin v0.9.8\n   Compiling quote v1.0.38\n   Compiling rust_decimal v1.36.0\n    Checking rdif-base v0.1.4\n   Compiling syn v2.0.98\n    Checking arrayvec v0.7.6\n    Checking log v0.4.26\n    Checking futures-sink v0.3.31\n    Checking bytemuck v1.21.0\n   Compiling anyhow v1.0.96\n    Checking futures-core v0.3.31\n    Checking rgb v0.8.50\n    Checking rdif-timer v0.1.3\n    Checking rdif-intc v0.1.3\n    Checking pin-utils v0.1.0\n    Checking bitflags v2.8.0\n    Checking pin-project-lite v0.2.16\n    Checking fdt-parser v0.4.10\n    Checking futures-task v0.3.31\n    Checking utf8-width v0.1.7\n    Checking futures-util v0.3.31\n    Checking byte-unit v5.1.6\n    Checking ansi_rgb v0.2.0\n    Checking futures-channel v0.3.31\n    Checking lazy_static v1.5.0\n    Checking buddy_system_allocator v0.11.0\n    Checking pasts v0.14.3\n   Compiling sparreal-rt v0.8.1 (/home/runner/check/batch_45/qclic/sparreal-os/crates/sparreal-rt)\n    Checking dma-api v0.2.2\n    Checking futures-io v0.3.31\n    Checking memory_addr v0.3.1\n   Compiling bare-test v0.4.0 (/home/runner/check/batch_45/qclic/sparreal-os/crates/bare-test)\n    Checking futures v0.3.31\n   Compiling darling_core v0.20.10\n   Compiling abi-singleton v0.3.0\n   Compiling rdrive-macro-utils v0.1.1\n   Compiling thiserror-impl v2.0.11\n   Compiling bare-test-macros v0.2.0 (/home/runner/check/batch_45/qclic/sparreal-os/crates/bare-test-macros)\n   Compiling darling_macro v0.20.10\n   Compiling darling v0.20.10\n   Compiling sparreal-macros v0.8.1 (/home/runner/check/batch_45/qclic/sparreal-os/crates/sparreal-macros)\n    Checking rdrive v0.1.6\n    Checking page-table-generic v0.5.3\n    Checking sparreal-kernel v0.8.1 (/home/runner/check/batch_45/qclic/sparreal-os/crates/sparreal-kernel)\nerror[E0583]: file not found for module `arch`\n  --> /home/runner/check/batch_45/qclic/sparreal-os/crates/sparreal-rt/src/lib.rs:12:1\n   |\n12 | pub mod arch;\n   | ^^^^^^^^^^^^^\n   |\n   = help: to create the module `arch`, create file \"/home/runner/check/batch_45/qclic/sparreal-os/crates/sparreal-rt/src/arch.rs\" or \"/home/runner/check/batch_45/qclic/sparreal-os/crates/sparreal-rt/src/arch/mod.rs\"\n   = note: if there is a `mod arch` elsewhere in the crate already, import it with `use crate::...` instead\n\nFor more information about this error, try `rustc --explain E0583`.\nerror: could not compile `sparreal-rt` (lib) due to 1 previous error\n\n-----\n\nerror: failed to build rustdoc for crate bare-test v0.4.0\nnote: this is usually due to a compilation error in the crate,\n      and is unlikely to be a bug in cargo-semver-checks\nnote: the following command can be used to reproduce the compilation error:\n      cargo new --lib example &&\n          cd example &&\n          echo '[workspace]' >> Cargo.toml &&\n          cargo add --path /home/runner/check/batch_45/qclic/sparreal-os/crates/bare-test --features default,rt,sparreal-rt &&\n          cargo check\n\nerror: aborting due to failure to build rustdoc for crate bare-test v0.4.0\n"
            ]
          }
        },
        {
          "file": "[outdated direct dependencies]",
          "features": "",
          "count": 2,
          "kinds": {
            "Outdated": [
              "pkg=bare-test, checker=Outdated\ntoolchain=nightly, target=aarch64-unknown-none\nfeatures=\npkg_dir=/home/runner/check/batch_45/qclic/sparreal-os/crates/bare-test\ncmd=cargo +nightly-2025-01-26-x86_64-unknown-linux-gnu outdated -R --exit-code=2\ntimestamp=2025-02-21 22:07:12.224804112 +08:00:00\n\nName  Project  Compat  Latest  Kind    Platform\n----  -------  ------  ------  ----    --------\nlog   0.4.25   0.4.26  0.4.26  Normal  ---\n",
              "pkg=bare-test, checker=Outdated\ntoolchain=nightly, target=x86_64-unknown-linux-gnu\nfeatures=\npkg_dir=/home/runner/check/batch_45/qclic/sparreal-os/crates/bare-test\ncmd=cargo +nightly-2025-01-26-x86_64-unknown-linux-gnu outdated -R --exit-code=2\ntimestamp=2025-02-21 22:07:12.718201656 +08:00:00\n\nName  Project  Compat  Latest  Kind    Platform\n----  -------  ------  ------  ----    --------\nlog   0.4.25   0.4.26  0.4.26  Normal  ---\n"
            ]
          }
        },
        {
          "file": "[semver checks]",
          "features": "",
          "count": 2,
          "kinds": {
            "Semver Violation": [
              "pkg=bare-test, checker=SemverChecks\ntoolchain=nightly, target=aarch64-unknown-none\nfeatures=\npkg_dir=/home/runner/check/batch_45/qclic/sparreal-os/crates/bare-test\ncmd=cargo +nightly-2025-01-26-x86_64-unknown-linux-gnu semver-checks --target aarch64-unknown-none \ntimestamp=2025-02-21 22:04:57.387259983 +08:00:00\n\n\nstdout:\n\nstderr:\n    Building bare-test v0.4.0 (current)\nerror: running cargo-doc on crate 'bare-test' failed with output:\n-----\n   Compiling proc-macro2 v1.0.93\n   Compiling unicode-ident v1.0.17\n   Compiling autocfg v1.4.0\n    Checking scopeguard v1.2.0\nerror[E0463]: can't find crate for `core`\n  |\n  = note: the `aarch64-unknown-none` target may not be installed\n  = help: consider downloading the target with `rustup target add aarch64-unknown-none`\n  = help: consider building the standard library from source with `cargo build -Zbuild-std`\n\nFor more information about this error, try `rustc --explain E0463`.\nerror: could not compile `scopeguard` (lib) due to 1 previous error\nwarning: build failed, waiting for other jobs to finish...\n\n-----\n\nerror: failed to build rustdoc for crate bare-test v0.4.0\nnote: this is usually due to a compilation error in the crate,\n      and is unlikely to be a bug in cargo-semver-checks\nnote: the following command can be used to reproduce the compilation error:\n      cargo new --lib example &&\n          cd example &&\n          echo '[workspace]' >> Cargo.toml &&\n          cargo add --path /home/runner/check/batch_45/qclic/sparreal-os/crates/bare-test --features default,rt,sparreal-rt &&\n          cargo check\n\nerror: aborting due to failure to build rustdoc for crate bare-test v0.4.0\n",
              "pkg=bare-test, checker=SemverChecks\ntoolchain=nightly, target=x86_64-unknown-linux-gnu\nfeatures=\npkg_dir=/home/runner/check/batch_45/qclic/sparreal-os/crates/bare-test\ncmd=cargo +nightly-2025-01-26-x86_64-unknown-linux-gnu semver-checks --target x86_64-unknown-linux-gnu \ntimestamp=2025-02-21 22:05:03.6955735 +08:00:00\n\n\nstdout:\n\nstderr:\n    Building bare-test v0.4.0 (current)\nerror: running cargo-doc on crate 'bare-test' failed with output:\n-----\n   Compiling proc-macro2 v1.0.93\n    Checking scopeguard v1.2.0\n   Compiling lock_api v0.4.12\n   Compiling num-traits v0.2.19\n   Compiling ident_case v1.0.1\n   Compiling thiserror v2.0.11\n   Compiling strsim v0.11.1\n   Compiling fnv v1.0.7\n    Checking spin v0.9.8\n   Compiling quote v1.0.38\n   Compiling rust_decimal v1.36.0\n    Checking rdif-base v0.1.4\n   Compiling syn v2.0.98\n    Checking arrayvec v0.7.6\n    Checking log v0.4.26\n    Checking futures-sink v0.3.31\n    Checking bytemuck v1.21.0\n   Compiling anyhow v1.0.96\n    Checking futures-core v0.3.31\n    Checking rgb v0.8.50\n    Checking rdif-timer v0.1.3\n    Checking rdif-intc v0.1.3\n    Checking pin-utils v0.1.0\n    Checking bitflags v2.8.0\n    Checking pin-project-lite v0.2.16\n    Checking fdt-parser v0.4.10\n    Checking futures-task v0.3.31\n    Checking utf8-width v0.1.7\n    Checking futures-util v0.3.31\n    Checking byte-unit v5.1.6\n    Checking ansi_rgb v0.2.0\n    Checking futures-channel v0.3.31\n    Checking lazy_static v1.5.0\n    Checking buddy_system_allocator v0.11.0\n    Checking pasts v0.14.3\n   Compiling sparreal-rt v0.8.1 (/home/runner/check/batch_45/qclic/sparreal-os/crates/sparreal-rt)\n    Checking dma-api v0.2.2\n    Checking futures-io v0.3.31\n    Checking memory_addr v0.3.1\n   Compiling bare-test v0.4.0 (/home/runner/check/batch_45/qclic/sparreal-os/crates/bare-test)\n    Checking futures v0.3.31\n   Compiling darling_core v0.20.10\n   Compiling abi-singleton v0.3.0\n   Compiling rdrive-macro-utils v0.1.1\n   Compiling thiserror-impl v2.0.11\n   Compiling bare-test-macros v0.2.0 (/home/runner/check/batch_45/qclic/sparreal-os/crates/bare-test-macros)\n   Compiling darling_macro v0.20.10\n   Compiling darling v0.20.10\n   Compiling sparreal-macros v0.8.1 (/home/runner/check/batch_45/qclic/sparreal-os/crates/sparreal-macros)\n    Checking rdrive v0.1.6\n    Checking page-table-generic v0.5.3\n    Checking sparreal-kernel v0.8.1 (/home/runner/check/batch_45/qclic/sparreal-os/crates/sparreal-kernel)\nerror[E0583]: file not found for module `arch`\n  --> /home/runner/check/batch_45/qclic/sparreal-os/crates/sparreal-rt/src/lib.rs:12:1\n   |\n12 | pub mod arch;\n   | ^^^^^^^^^^^^^\n   |\n   = help: to create the module `arch`, create file \"/home/runner/check/batch_45/qclic/sparreal-os/crates/sparreal-rt/src/arch.rs\" or \"/home/runner/check/batch_45/qclic/sparreal-os/crates/sparreal-rt/src/arch/mod.rs\"\n   = note: if there is a `mod arch` elsewhere in the crate already, import it with `use crate::...` instead\n\nFor more information about this error, try `rustc --explain E0583`.\nerror: could not compile `sparreal-rt` (lib) due to 1 previous error\n\n-----\n\nerror: failed to build rustdoc for crate bare-test v0.4.0\nnote: this is usually due to a compilation error in the crate,\n      and is unlikely to be a bug in cargo-semver-checks\nnote: the following command can be used to reproduce the compilation error:\n      cargo new --lib example &&\n          cd example &&\n          echo '[workspace]' >> Cargo.toml &&\n          cargo add --path /home/runner/check/batch_45/qclic/sparreal-os/crates/bare-test --features default,rt,sparreal-rt &&\n          cargo check\n\nerror: aborting due to failure to build rustdoc for crate bare-test v0.4.0\n"
            ]
          }
        },
        {
          "file": "crates/sparreal-rt/src/lib.rs",
          "features": "",
          "count": 2,
          "kinds": {
            "Mirai": [
              "error[E0583]: file not found for module `arch`\n  --> crates/sparreal-rt/src/lib.rs:12:1\n   |\n12 | pub mod arch;\n   | ^^^^^^^^^^^^^\n   |\n   = help: to create the module `arch`, create file \"crates/sparreal-rt/src/arch.rs\" or \"crates/sparreal-rt/src/arch/mod.rs\"\n   = note: if there is a `mod arch` elsewhere in the crate already, import it with `use crate::...` instead\n\n"
            ],
            "Clippy(Error)": [
              "error[E0583]: file not found for module `arch`\n  --> crates/sparreal-rt/src/lib.rs:12:1\n   |\n12 | pub mod arch;\n   | ^^^^^^^^^^^^^\n   |\n   = help: to create the module `arch`, create file \"crates/sparreal-rt/src/arch.rs\" or \"crates/sparreal-rt/src/arch/mod.rs\"\n   = note: if there is a `mod arch` elsewhere in the crate already, import it with `use crate::...` instead\n\n"
            ]
          }
        },
        {
          "file": "(virtual) clippy",
          "features": "",
          "count": 1,
          "kinds": {
            "Cargo": [
              "// pkg_name=bare-test, checker=Clippy\n// toolchain=nightly, target=x86_64-unknown-linux-gnu\n// features=\n// pkg_dir=/home/runner/check/batch_45/qclic/sparreal-os/crates/bare-test\n// cmd=cargo clippy --target x86_64-unknown-linux-gnu  --no-deps\n// timestamp=2025-02-21 22:04:40.741937446 +08:00:00\n    Checking scopeguard v1.2.0\n   Compiling lock_api v0.4.12\n   Compiling thiserror v2.0.11\n   Compiling num-traits v0.2.19\n    Checking rdif-base v0.1.2\n   Compiling rust_decimal v1.36.0\n    Checking log v0.4.25\n    Checking arrayvec v0.7.6\n    Checking futures-sink v0.3.31\n    Checking spin v0.9.8\n    Checking futures-core v0.3.31\n    Checking bytemuck v1.21.0\n   Compiling anyhow v1.0.95\n    Checking rdif-intc v0.1.1\n    Checking rdif-timer v0.1.1\n    Checking utf8-width v0.1.7\n    Checking bitflags v2.8.0\n    Checking rgb v0.8.50\n    Checking fdt-parser v0.4.10\n    Checking futures-task v0.3.31\n    Checking pin-utils v0.1.0\n    Checking pin-project-lite v0.2.16\n    Checking rdrive v0.1.4\n    Checking futures-util v0.3.31\n    Checking ansi_rgb v0.2.0\n    Checking page-table-generic v0.5.3\n    Checking lazy_static v1.5.0\n    Checking buddy_system_allocator v0.11.0\n    Checking futures-channel v0.3.31\n    Checking pasts v0.14.3\n    Checking memory_addr v0.3.1\n    Checking futures-io v0.3.31\n    Checking dma-api v0.2.0\n   Compiling sparreal-rt v0.8.1 (/home/runner/check/batch_45/qclic/sparreal-os/crates/sparreal-rt)\n   Compiling bare-test v0.4.0 (/home/runner/check/batch_45/qclic/sparreal-os/crates/bare-test)\n    Checking byte-unit v5.1.6\n    Checking sparreal-kernel v0.8.1 (/home/runner/check/batch_45/qclic/sparreal-os/crates/sparreal-kernel)\n    Checking futures v0.3.31\nerror: could not compile `sparreal-rt` (lib) due to 1 previous error\n"
            ]
          }
        },
        {
          "file": "(virtual) lockbud",
          "features": "",
          "count": 1,
          "kinds": {
            "Cargo": [
              "// pkg_name=bare-test, checker=Lockbud\n// toolchain=nightly, target=x86_64-unknown-linux-gnu\n// features=\n// pkg_dir=/home/runner/check/batch_45/qclic/sparreal-os/crates/bare-test\n// cmd=cargo +nightly-2024-12-01 lockbud -k all -- --target x86_64-unknown-linux-gnu \n// timestamp=2025-02-21 22:06:42.845518583 +08:00:00\n   Compiling scopeguard v1.2.0\n   Compiling lock_api v0.4.12\n   Compiling thiserror v2.0.11\n   Compiling num-traits v0.2.19\n   Compiling rdif-base v0.1.2\n   Compiling rust_decimal v1.36.0\n   Compiling futures-core v0.3.31\n   Compiling bytemuck v1.21.0\n   Compiling arrayvec v0.7.6\n   Compiling spin v0.9.8\n   Compiling futures-sink v0.3.31\n   Compiling log v0.4.25\n   Compiling anyhow v1.0.95\n   Compiling rgb v0.8.50\n   Compiling rdif-intc v0.1.1\n[2025-02-21T14:06:43Z WARN  lockbud::callbacks] [\n      {\n        \"AtomicityViolation\": {\n          \"bug_kind\": \"AtomicityViolation\",\n          \"possibility\": \"Possibly\",\n          \"diagnosis\": {\n            \"fn_name\": \"set_logger_racy\",\n            \"atomic_reader\": \"/home/runner/.cargo/registry/src/index.crates.io-6f17d22bba15001f/log-0.4.25/src/lib.rs:1453:11: 1453:40 (#0)\",\n            \"atomic_writer\": \"/home/runner/.cargo/registry/src/index.crates.io-6f17d22bba15001f/log-0.4.25/src/lib.rs:1456:13: 1456:56 (#0)\",\n            \"dep_kind\": \"Control\"\n          },\n          \"explanation\": \"atomic::store is data/control dependent on atomic::load\"\n        }\n      }\n    ]\n[2025-02-21T14:06:43Z WARN  lockbud::callbacks] crate log contains bugs: { probably: 0, possibly: 0 }, conflictlock: { probably: 0, possibly: 0 }, condvar_deadlock: { probably: 0, possibly: 0 }, atomicity_violation: { possibly: 1 }, invalid_free: { possibly: 0 }, use_after_free: { possibly: 0 }\n   Compiling rdif-timer v0.1.1\n   Compiling utf8-width v0.1.7\n   Compiling fdt-parser v0.4.10\n   Compiling bitflags v2.8.0\n   Compiling pin-project-lite v0.2.16\n   Compiling pin-utils v0.1.0\n   Compiling futures-task v0.3.31\n   Compiling rdrive v0.1.4\n   Compiling futures-util v0.3.31\n   Compiling ansi_rgb v0.2.0\n   Compiling page-table-generic v0.5.3\n   Compiling byte-unit v5.1.6\n   Compiling buddy_system_allocator v0.11.0\n   Compiling lazy_static v1.5.0\n   Compiling futures-channel v0.3.31\n   Compiling dma-api v0.2.0\n   Compiling futures-io v0.3.31\n   Compiling memory_addr v0.3.1\n   Compiling pasts v0.14.3\n   Compiling sparreal-rt v0.8.1 (/home/runner/check/batch_45/qclic/sparreal-os/crates/sparreal-rt)\n   Compiling bare-test v0.4.0 (/home/runner/check/batch_45/qclic/sparreal-os/crates/bare-test)\n   Compiling sparreal-kernel v0.8.1 (/home/runner/check/batch_45/qclic/sparreal-os/crates/sparreal-kernel)\n   Compiling futures v0.3.31\nerror[E0583]: file not found for module `arch`\n  --> crates/sparreal-rt/src/lib.rs:12:1\n   |\n12 | pub mod arch;\n   | ^^^^^^^^^^^^^\n   |\n   = help: to create the module `arch`, create file \"crates/sparreal-rt/src/arch.rs\" or \"crates/sparreal-rt/src/arch/mod.rs\"\n   = note: if there is a `mod arch` elsewhere in the crate already, import it with `use crate::...` instead\n\nFor more information about this error, try `rustc --explain E0583`.\nerror: could not compile `sparreal-rt` (lib) due to 1 previous error\nwarning: build failed, waiting for other jobs to finish...\n"
            ]
          }
        },
        {
          "file": "(virtual) mirai",
          "features": "",
          "count": 1,
          "kinds": {
            "Cargo": [
              "// pkg_name=bare-test, checker=Mirai\n// toolchain=nightly, target=x86_64-unknown-linux-gnu\n// features=\n// pkg_dir=/home/runner/check/batch_45/qclic/sparreal-os/crates/bare-test\n// cmd=cargo +nightly-2025-01-04 mirai --target x86_64-unknown-linux-gnu \n// timestamp=2025-02-21 22:05:24.436107223 +08:00:00\n   Compiling proc-macro2 v1.0.93\n   Compiling unicode-ident v1.0.16\n   Compiling autocfg v1.4.0\n    Checking scopeguard v1.2.0\n   Compiling strsim v0.11.1\n   Compiling ident_case v1.0.1\n   Compiling fnv v1.0.7\n   Compiling thiserror v2.0.11\n   Compiling rust_decimal v1.36.0\n    Checking rdif-base v0.1.2\n   Compiling anyhow v1.0.95\n   Compiling lock_api v0.4.12\n   Compiling quote v1.0.38\n   Compiling num-traits v0.2.19\n   Compiling syn v2.0.98\n    Checking spin v0.9.8\n    Checking log v0.4.25\n    Checking arrayvec v0.7.6\n    Checking futures-core v0.3.31\n    Checking bytemuck v1.21.0\n    Checking futures-sink v0.3.31\n    Checking rdif-timer v0.1.1\n    Checking rdif-intc v0.1.1\n    Checking rgb v0.8.50\n    Checking pin-utils v0.1.0\n    Checking bitflags v2.8.0\n    Checking fdt-parser v0.4.10\n    Checking utf8-width v0.1.7\n    Checking pin-project-lite v0.2.16\n    Checking futures-task v0.3.31\n    Checking ansi_rgb v0.2.0\n    Checking futures-util v0.3.31\n    Checking futures-channel v0.3.31\n    Checking lazy_static v1.5.0\n    Checking buddy_system_allocator v0.11.0\n    Checking byte-unit v5.1.6\n    Checking futures-io v0.3.31\n    Checking dma-api v0.2.0\n    Checking pasts v0.14.3\n    Checking memory_addr v0.3.1\n   Compiling sparreal-rt v0.8.1 (/home/runner/check/batch_45/qclic/sparreal-os/crates/sparreal-rt)\n   Compiling bare-test v0.4.0 (/home/runner/check/batch_45/qclic/sparreal-os/crates/bare-test)\n    Checking futures v0.3.31\n   Compiling darling_core v0.20.10\n   Compiling abi-singleton v0.3.0\n   Compiling rdrive-macro-utils v0.1.1\n   Compiling thiserror-impl v2.0.11\n   Compiling bare-test-macros v0.2.0 (/home/runner/check/batch_45/qclic/sparreal-os/crates/bare-test-macros)\n   Compiling darling_macro v0.20.10\n    Checking rdrive v0.1.4\n    Checking page-table-generic v0.5.3\n   Compiling darling v0.20.10\n   Compiling sparreal-macros v0.8.1 (/home/runner/check/batch_45/qclic/sparreal-os/crates/sparreal-macros)\n    Checking sparreal-kernel v0.8.1 (/home/runner/check/batch_45/qclic/sparreal-os/crates/sparreal-kernel)\nerror: could not compile `sparreal-rt` (lib) due to 1 previous error\n"
            ]
          }
        }
      ]
    },
    {
      "user": "qclic",
      "repo": "sparreal-os",
      "pkg": "sparreal-kernel",
      "count": 11,
      "raw_reports": [
        {
          "file": "(virtual) semver-checks",
          "features": "",
          "count": 2,
          "kinds": {
            "Cargo": [
              "// pkg_name=sparreal-kernel, checker=SemverChecks\n// toolchain=nightly, target=aarch64-unknown-none\n// features=\n// pkg_dir=/home/runner/check/batch_45/qclic/sparreal-os/crates/sparreal-kernel\n// cmd=cargo +nightly-2025-01-26-x86_64-unknown-linux-gnu semver-checks --target aarch64-unknown-none \n// timestamp=2025-02-21 22:05:10.197525125 +08:00:00\n    Building sparreal-kernel v0.8.1 (current)\nerror: running cargo-doc on crate 'sparreal-kernel' failed with output:\n-----\n   Compiling proc-macro2 v1.0.93\n   Compiling unicode-ident v1.0.17\n   Compiling autocfg v1.4.0\n    Checking scopeguard v1.2.0\nerror[E0463]: can't find crate for `core`\n  |\n  = note: the `aarch64-unknown-none` target may not be installed\n  = help: consider downloading the target with `rustup target add aarch64-unknown-none`\n  = help: consider building the standard library from source with `cargo build -Zbuild-std`\n\nFor more information about this error, try `rustc --explain E0463`.\nerror: could not compile `scopeguard` (lib) due to 1 previous error\nwarning: build failed, waiting for other jobs to finish...\n\n-----\n\nerror: failed to build rustdoc for crate sparreal-kernel v0.8.1\nnote: this is usually due to a compilation error in the crate,\n      and is unlikely to be a bug in cargo-semver-checks\nnote: the following command can be used to reproduce the compilation error:\n      cargo new --lib example &&\n          cd example &&\n          echo '[workspace]' >> Cargo.toml &&\n          cargo add --path /home/runner/check/batch_45/qclic/sparreal-os/crates/sparreal-kernel --features mmu &&\n          cargo check\n\nerror: aborting due to failure to build rustdoc for crate sparreal-kernel v0.8.1\n",
              "// pkg_name=sparreal-kernel, checker=SemverChecks\n// toolchain=nightly, target=x86_64-unknown-linux-gnu\n// features=\n// pkg_dir=/home/runner/check/batch_45/qclic/sparreal-os/crates/sparreal-kernel\n// cmd=cargo +nightly-2025-01-26-x86_64-unknown-linux-gnu semver-checks --target x86_64-unknown-linux-gnu \n// timestamp=2025-02-21 22:05:10.978390168 +08:00:00\n    Building sparreal-kernel v0.8.1 (current)\n       Built [   5.711s] (current)\n     Parsing sparreal-kernel v0.8.1 (current)\nerror: unsupported rustdoc format v39 for file: /home/runner/check/batch_45/qclic/sparreal-os/target/semver-checks/local-sparreal_kernel-0_8_1-e805fc98d032ecc4/target/x86_64-unknown-linux-gnu/doc/sparreal_kernel.json\n"
            ]
          }
        },
        {
          "file": "[outdated direct dependencies]",
          "features": "",
          "count": 2,
          "kinds": {
            "Outdated": [
              "pkg=sparreal-kernel, checker=Outdated\ntoolchain=nightly, target=aarch64-unknown-none\nfeatures=\npkg_dir=/home/runner/check/batch_45/qclic/sparreal-os/crates/sparreal-kernel\ncmd=cargo +nightly-2025-01-26-x86_64-unknown-linux-gnu outdated -R --exit-code=2\ntimestamp=2025-02-21 22:07:17.18520746 +08:00:00\n\nName     Project  Compat  Latest  Kind    Platform\n----     -------  ------  ------  ----    --------\nanyhow   1.0.95   1.0.96  1.0.96  Normal  ---\ndma-api  0.2.0    0.2.2   0.2.2   Normal  ---\nlog      0.4.25   0.4.26  0.4.26  Normal  ---\nrdrive   0.1.4    0.1.6   0.1.6   Normal  ---\n",
              "pkg=sparreal-kernel, checker=Outdated\ntoolchain=nightly, target=x86_64-unknown-linux-gnu\nfeatures=\npkg_dir=/home/runner/check/batch_45/qclic/sparreal-os/crates/sparreal-kernel\ncmd=cargo +nightly-2025-01-26-x86_64-unknown-linux-gnu outdated -R --exit-code=2\ntimestamp=2025-02-21 22:07:17.674638535 +08:00:00\n\nName     Project  Compat  Latest  Kind    Platform\n----     -------  ------  ------  ----    --------\nanyhow   1.0.95   1.0.96  1.0.96  Normal  ---\ndma-api  0.2.0    0.2.2   0.2.2   Normal  ---\nlog      0.4.25   0.4.26  0.4.26  Normal  ---\nrdrive   0.1.4    0.1.6   0.1.6   Normal  ---\n"
            ]
          }
        },
        {
          "file": "[semver checks]",
          "features": "",
          "count": 2,
          "kinds": {
            "Semver Violation": [
              "pkg=sparreal-kernel, checker=SemverChecks\ntoolchain=nightly, target=aarch64-unknown-none\nfeatures=\npkg_dir=/home/runner/check/batch_45/qclic/sparreal-os/crates/sparreal-kernel\ncmd=cargo +nightly-2025-01-26-x86_64-unknown-linux-gnu semver-checks --target aarch64-unknown-none \ntimestamp=2025-02-21 22:05:10.905651951 +08:00:00\n\n\nstdout:\n\nstderr:\n    Building sparreal-kernel v0.8.1 (current)\nerror: running cargo-doc on crate 'sparreal-kernel' failed with output:\n-----\n   Compiling proc-macro2 v1.0.93\n   Compiling unicode-ident v1.0.17\n   Compiling autocfg v1.4.0\n    Checking scopeguard v1.2.0\nerror[E0463]: can't find crate for `core`\n  |\n  = note: the `aarch64-unknown-none` target may not be installed\n  = help: consider downloading the target with `rustup target add aarch64-unknown-none`\n  = help: consider building the standard library from source with `cargo build -Zbuild-std`\n\nFor more information about this error, try `rustc --explain E0463`.\nerror: could not compile `scopeguard` (lib) due to 1 previous error\nwarning: build failed, waiting for other jobs to finish...\n\n-----\n\nerror: failed to build rustdoc for crate sparreal-kernel v0.8.1\nnote: this is usually due to a compilation error in the crate,\n      and is unlikely to be a bug in cargo-semver-checks\nnote: the following command can be used to reproduce the compilation error:\n      cargo new --lib example &&\n          cd example &&\n          echo '[workspace]' >> Cargo.toml &&\n          cargo add --path /home/runner/check/batch_45/qclic/sparreal-os/crates/sparreal-kernel --features mmu &&\n          cargo check\n\nerror: aborting due to failure to build rustdoc for crate sparreal-kernel v0.8.1\n",
              "pkg=sparreal-kernel, checker=SemverChecks\ntoolchain=nightly, target=x86_64-unknown-linux-gnu\nfeatures=\npkg_dir=/home/runner/check/batch_45/qclic/sparreal-os/crates/sparreal-kernel\ncmd=cargo +nightly-2025-01-26-x86_64-unknown-linux-gnu semver-checks --target x86_64-unknown-linux-gnu \ntimestamp=2025-02-21 22:05:17.008231335 +08:00:00\n\n\nstdout:\n\nstderr:\n    Building sparreal-kernel v0.8.1 (current)\n       Built [   5.711s] (current)\n     Parsing sparreal-kernel v0.8.1 (current)\nerror: unsupported rustdoc format v39 for file: /home/runner/check/batch_45/qclic/sparreal-os/target/semver-checks/local-sparreal_kernel-0_8_1-e805fc98d032ecc4/target/x86_64-unknown-linux-gnu/doc/sparreal_kernel.json\n"
            ]
          }
        },
        {
          "file": "src/irq/mod.rs",
          "features": "",
          "count": 2,
          "kinds": {
            "Unformatted": [
              "file: /home/runner/check/batch_45/qclic/sparreal-os/crates/sparreal-kernel/src/irq/mod.rs (original lines from 63 to 70)\n-        globals.irq_chips.0.insert(\n-            id,\n-            Chip {\n-                device,\n-                mutex: Mutex::new(()),\n-                handlers: UnsafeCell::new(Default::default()),\n-            },\n-        );\n+        globals.irq_chips.0.insert(id, Chip {\n+            device,\n+            mutex: Mutex::new(()),\n+            handlers: UnsafeCell::new(Default::default()),\n+        });\n",
              "file: /home/runner/check/batch_45/qclic/sparreal-os/crates/sparreal-kernel/src/irq/mod.rs (original lines from 63 to 70)\n-        globals.irq_chips.0.insert(\n-            id,\n-            Chip {\n-                device,\n-                mutex: Mutex::new(()),\n-                handlers: UnsafeCell::new(Default::default()),\n-            },\n-        );\n+        globals.irq_chips.0.insert(id, Chip {\n+            device,\n+            mutex: Mutex::new(()),\n+            handlers: UnsafeCell::new(Default::default()),\n+        });\n"
            ]
          }
        },
        {
          "file": "src/time/mod.rs",
          "features": "",
          "count": 2,
          "kinds": {
            "Unformatted": [
              "file: /home/runner/check/batch_45/qclic/sparreal-os/crates/sparreal-kernel/src/time/mod.rs (original lines from 32 to 32)\n-        \n+\n",
              "file: /home/runner/check/batch_45/qclic/sparreal-os/crates/sparreal-kernel/src/time/mod.rs (original lines from 32 to 32)\n-        \n+\n"
            ]
          }
        },
        {
          "file": "(virtual) mirai",
          "features": "",
          "count": 1,
          "kinds": {
            "Cargo": [
              "// pkg_name=sparreal-kernel, checker=Mirai\n// toolchain=nightly, target=x86_64-unknown-linux-gnu\n// features=\n// pkg_dir=/home/runner/check/batch_45/qclic/sparreal-os/crates/sparreal-kernel\n// cmd=cargo +nightly-2025-01-04 mirai --target x86_64-unknown-linux-gnu \n// timestamp=2025-02-21 22:05:41.720303877 +08:00:00\n    Checking sparreal-kernel v0.8.1 (/home/runner/check/batch_45/qclic/sparreal-os/crates/sparreal-kernel)\nerror: could not compile `sparreal-kernel` (lib)\n\nCaused by:\n  process didn't exit successfully: `/home/runner/.cargo/bin/cargo-mirai /home/runner/.rustup/toolchains/nightly-2025-01-04-x86_64-unknown-linux-gnu/bin/rustc --crate-name sparreal_kernel --edition=2024 crates/sparreal-kernel/src/lib.rs --error-format=json --json=diagnostic-rendered-ansi,artifacts,future-incompat --crate-type lib --emit=dep-info,metadata -C embed-bitcode=no -C debuginfo=2 --check-cfg 'cfg(docsrs,test)' --check-cfg 'cfg(feature, values(\"mmu\"))' -C metadata=75f38d00a4c07be4 -C extra-filename=-2c8b4ad338f90006 --out-dir /home/runner/check/batch_45/qclic/sparreal-os/target/x86_64-unknown-linux-gnu/debug/deps --target x86_64-unknown-linux-gnu -L dependency=/home/runner/check/batch_45/qclic/sparreal-os/target/x86_64-unknown-linux-gnu/debug/deps -L dependency=/home/runner/check/batch_45/qclic/sparreal-os/target/debug/deps --extern ansi_rgb=/home/runner/check/batch_45/qclic/sparreal-os/target/x86_64-unknown-linux-gnu/debug/deps/libansi_rgb-bba38514cc511623.rmeta --extern anyhow=/home/runner/check/batch_45/qclic/sparreal-os/target/x86_64-unknown-linux-gnu/debug/deps/libanyhow-eba7425ecfce850e.rmeta --extern buddy_system_allocator=/home/runner/check/batch_45/qclic/sparreal-os/target/x86_64-unknown-linux-gnu/debug/deps/libbuddy_system_allocator-ef1b48831f14f040.rmeta --extern byte_unit=/home/runner/check/batch_45/qclic/sparreal-os/target/x86_64-unknown-linux-gnu/debug/deps/libbyte_unit-98997fc41e690cc7.rmeta --extern dma_api=/home/runner/check/batch_45/qclic/sparreal-os/target/x86_64-unknown-linux-gnu/debug/deps/libdma_api-8c941b66f69f77c6.rmeta --extern fdt_parser=/home/runner/check/batch_45/qclic/sparreal-os/target/x86_64-unknown-linux-gnu/debug/deps/libfdt_parser-a54b78e6d0a0ac5b.rmeta --extern lazy_static=/home/runner/check/batch_45/qclic/sparreal-os/target/x86_64-unknown-linux-gnu/debug/deps/liblazy_static-5a0fad8729c5b949.rmeta --extern lock_api=/home/runner/check/batch_45/qclic/sparreal-os/target/x86_64-unknown-linux-gnu/debug/deps/liblock_api-c5c1452ea742d8ff.rmeta --extern log=/home/runner/check/batch_45/qclic/sparreal-os/target/x86_64-unknown-linux-gnu/debug/deps/liblog-8c2c8baf35fcf0fb.rmeta --extern memory_addr=/home/runner/check/batch_45/qclic/sparreal-os/target/x86_64-unknown-linux-gnu/debug/deps/libmemory_addr-ad52795bd3f466ce.rmeta --extern page_table_generic=/home/runner/check/batch_45/qclic/sparreal-os/target/x86_64-unknown-linux-gnu/debug/deps/libpage_table_generic-4a7f468de91067d8.rmeta --extern pasts=/home/runner/check/batch_45/qclic/sparreal-os/target/x86_64-unknown-linux-gnu/debug/deps/libpasts-aeaaa6ad223862f9.rmeta --extern rdrive=/home/runner/check/batch_45/qclic/sparreal-os/target/x86_64-unknown-linux-gnu/debug/deps/librdrive-b6d1466e5ba86a3e.rmeta --extern rgb=/home/runner/check/batch_45/qclic/sparreal-os/target/x86_64-unknown-linux-gnu/debug/deps/librgb-5acf696f10628d8b.rmeta --extern sparreal_macros=/home/runner/check/batch_45/qclic/sparreal-os/target/debug/deps/libsparreal_macros-072cd3913971caa8.so --extern spin=/home/runner/check/batch_45/qclic/sparreal-os/target/x86_64-unknown-linux-gnu/debug/deps/libspin-0ea1d3e5a5b6602b.rmeta --extern thiserror=/home/runner/check/batch_45/qclic/sparreal-os/target/x86_64-unknown-linux-gnu/debug/deps/libthiserror-438a6b8c7a33c889.rmeta --cfg mirai -Z always_encode_mir` (exit status: 1)\n"
            ]
          }
        }
      ]
    },
    {
      "user": "qclic",
      "repo": "sparreal-os",
      "pkg": "sparreal-rt",
      "count": 11,
      "raw_reports": [
        {
          "file": "(virtual) semver-checks",
          "features": "",
          "count": 2,
          "kinds": {
            "Cargo": [
              "// pkg_name=sparreal-rt, checker=SemverChecks\n// toolchain=nightly, target=aarch64-unknown-none\n// features=\n// pkg_dir=/home/runner/check/batch_45/qclic/sparreal-os/crates/sparreal-rt\n// cmd=cargo +nightly-2025-01-26-x86_64-unknown-linux-gnu semver-checks --target aarch64-unknown-none \n// timestamp=2025-02-21 22:05:17.009734119 +08:00:00\n    Building sparreal-rt v0.8.1 (current)\nerror: running cargo-doc on crate 'sparreal-rt' failed with output:\n-----\n   Compiling proc-macro2 v1.0.93\n   Compiling unicode-ident v1.0.17\n   Compiling autocfg v1.4.0\n    Checking scopeguard v1.2.0\nerror[E0463]: can't find crate for `core`\n  |\n  = note: the `aarch64-unknown-none` target may not be installed\n  = help: consider downloading the target with `rustup target add aarch64-unknown-none`\n  = help: consider building the standard library from source with `cargo build -Zbuild-std`\n\nFor more information about this error, try `rustc --explain E0463`.\nerror: could not compile `scopeguard` (lib) due to 1 previous error\nwarning: build failed, waiting for other jobs to finish...\n\n-----\n\nerror: failed to build rustdoc for crate sparreal-rt v0.8.1\nnote: this is usually due to a compilation error in the crate,\n      and is unlikely to be a bug in cargo-semver-checks\nnote: the following command can be used to reproduce the compilation error:\n      cargo new --lib example &&\n          cd example &&\n          echo '[workspace]' >> Cargo.toml &&\n          cargo add --path /home/runner/check/batch_45/qclic/sparreal-os/crates/sparreal-rt --features default,early-print &&\n          cargo check\n\nerror: aborting due to failure to build rustdoc for crate sparreal-rt v0.8.1\n",
              "// pkg_name=sparreal-rt, checker=SemverChecks\n// toolchain=nightly, target=x86_64-unknown-linux-gnu\n// features=\n// pkg_dir=/home/runner/check/batch_45/qclic/sparreal-os/crates/sparreal-rt\n// cmd=cargo +nightly-2025-01-26-x86_64-unknown-linux-gnu semver-checks --target x86_64-unknown-linux-gnu \n// timestamp=2025-02-21 22:05:17.738271936 +08:00:00\n    Building sparreal-rt v0.8.1 (current)\nerror: running cargo-doc on crate 'sparreal-rt' failed with output:\n-----\n   Compiling proc-macro2 v1.0.93\n    Checking scopeguard v1.2.0\n   Compiling lock_api v0.4.12\n   Compiling num-traits v0.2.19\n   Compiling strsim v0.11.1\n   Compiling fnv v1.0.7\n   Compiling thiserror v2.0.11\n   Compiling ident_case v1.0.1\n    Checking spin v0.9.8\n   Compiling quote v1.0.38\n    Checking rdif-base v0.1.4\n   Compiling rust_decimal v1.36.0\n   Compiling syn v2.0.98\n    Checking futures-core v0.3.31\n    Checking arrayvec v0.7.6\n    Checking log v0.4.26\n   Compiling anyhow v1.0.96\n    Checking futures-sink v0.3.31\n    Checking bytemuck v1.21.0\n    Checking rgb v0.8.50\n    Checking rdif-timer v0.1.3\n    Checking rdif-intc v0.1.3\n    Checking pin-project-lite v0.2.16\n    Checking futures-task v0.3.31\n    Checking utf8-width v0.1.7\n    Checking fdt-parser v0.4.10\n    Checking bitflags v2.8.0\n    Checking pin-utils v0.1.0\n    Checking futures-util v0.3.31\n    Checking byte-unit v5.1.6\n    Checking ansi_rgb v0.2.0\n    Checking futures-channel v0.3.31\n    Checking lazy_static v1.5.0\n    Checking buddy_system_allocator v0.11.0\n   Compiling sparreal-rt v0.8.1 (/home/runner/check/batch_45/qclic/sparreal-os/crates/sparreal-rt)\n    Checking futures-io v0.3.31\n    Checking pasts v0.14.3\n    Checking memory_addr v0.3.1\n    Checking dma-api v0.2.2\n    Checking futures v0.3.31\n   Compiling darling_core v0.20.10\n   Compiling rdrive-macro-utils v0.1.1\n   Compiling abi-singleton v0.3.0\n   Compiling thiserror-impl v2.0.11\n   Compiling darling_macro v0.20.10\n    Checking page-table-generic v0.5.3\n    Checking rdrive v0.1.6\n   Compiling darling v0.20.10\n   Compiling sparreal-macros v0.8.1 (/home/runner/check/batch_45/qclic/sparreal-os/crates/sparreal-macros)\n    Checking sparreal-kernel v0.8.1 (/home/runner/check/batch_45/qclic/sparreal-os/crates/sparreal-kernel)\n Documenting sparreal-rt v0.8.1 (/home/runner/check/batch_45/qclic/sparreal-os/crates/sparreal-rt)\nerror[E0583]: file not found for module `arch`\n  --> /home/runner/check/batch_45/qclic/sparreal-os/crates/sparreal-rt/src/lib.rs:12:1\n   |\n12 | pub mod arch;\n   | ^^^^^^^^^^^^^\n   |\n   = help: to create the module `arch`, create file \"/home/runner/check/batch_45/qclic/sparreal-os/crates/sparreal-rt/src/arch.rs\" or \"/home/runner/check/batch_45/qclic/sparreal-os/crates/sparreal-rt/src/arch/mod.rs\"\n   = note: if there is a `mod arch` elsewhere in the crate already, import it with `use crate::...` instead\n\nFor more information about this error, try `rustc --explain E0583`.\nerror: could not document `sparreal-rt`\n\n-----\n\nerror: failed to build rustdoc for crate sparreal-rt v0.8.1\nnote: this is usually due to a compilation error in the crate,\n      and is unlikely to be a bug in cargo-semver-checks\nnote: the following command can be used to reproduce the compilation error:\n      cargo new --lib example &&\n          cd example &&\n          echo '[workspace]' >> Cargo.toml &&\n          cargo add --path /home/runner/check/batch_45/qclic/sparreal-os/crates/sparreal-rt --features default,early-print &&\n          cargo check\n\nerror: aborting due to failure to build rustdoc for crate sparreal-rt v0.8.1\n"
            ]
          }
        },
        {
          "file": "[outdated direct dependencies]",
          "features": "",
          "count": 2,
          "kinds": {
            "Outdated": [
              "pkg=sparreal-rt, checker=Outdated\ntoolchain=nightly, target=x86_64-unknown-linux-gnu\nfeatures=\npkg_dir=/home/runner/check/batch_45/qclic/sparreal-os/crates/sparreal-rt\ncmd=cargo +nightly-2025-01-26-x86_64-unknown-linux-gnu outdated -R --exit-code=2\ntimestamp=2025-02-21 22:07:19.182820755 +08:00:00\n\nName     Project  Compat  Latest  Kind    Platform\n----     -------  ------  ------  ----    --------\ndma-api  0.2.0    0.2.2   0.2.2   Normal  ---\nlog      0.4.25   0.4.26  0.4.26  Normal  ---\n",
              "pkg=sparreal-rt, checker=Outdated\ntoolchain=nightly, target=aarch64-unknown-none\nfeatures=\npkg_dir=/home/runner/check/batch_45/qclic/sparreal-os/crates/sparreal-rt\ncmd=cargo +nightly-2025-01-26-x86_64-unknown-linux-gnu outdated -R --exit-code=2\ntimestamp=2025-02-21 22:07:19.678736618 +08:00:00\n\nName     Project  Compat  Latest  Kind    Platform\n----     -------  ------  ------  ----    --------\ndma-api  0.2.0    0.2.2   0.2.2   Normal  ---\nlog      0.4.25   0.4.26  0.4.26  Normal  ---\n"
            ]
          }
        },
        {
          "file": "[semver checks]",
          "features": "",
          "count": 2,
          "kinds": {
            "Semver Violation": [
              "pkg=sparreal-rt, checker=SemverChecks\ntoolchain=nightly, target=aarch64-unknown-none\nfeatures=\npkg_dir=/home/runner/check/batch_45/qclic/sparreal-os/crates/sparreal-rt\ncmd=cargo +nightly-2025-01-26-x86_64-unknown-linux-gnu semver-checks --target aarch64-unknown-none \ntimestamp=2025-02-21 22:05:17.736496992 +08:00:00\n\n\nstdout:\n\nstderr:\n    Building sparreal-rt v0.8.1 (current)\nerror: running cargo-doc on crate 'sparreal-rt' failed with output:\n-----\n   Compiling proc-macro2 v1.0.93\n   Compiling unicode-ident v1.0.17\n   Compiling autocfg v1.4.0\n    Checking scopeguard v1.2.0\nerror[E0463]: can't find crate for `core`\n  |\n  = note: the `aarch64-unknown-none` target may not be installed\n  = help: consider downloading the target with `rustup target add aarch64-unknown-none`\n  = help: consider building the standard library from source with `cargo build -Zbuild-std`\n\nFor more information about this error, try `rustc --explain E0463`.\nerror: could not compile `scopeguard` (lib) due to 1 previous error\nwarning: build failed, waiting for other jobs to finish...\n\n-----\n\nerror: failed to build rustdoc for crate sparreal-rt v0.8.1\nnote: this is usually due to a compilation error in the crate,\n      and is unlikely to be a bug in cargo-semver-checks\nnote: the following command can be used to reproduce the compilation error:\n      cargo new --lib example &&\n          cd example &&\n          echo '[workspace]' >> Cargo.toml &&\n          cargo add --path /home/runner/check/batch_45/qclic/sparreal-os/crates/sparreal-rt --features default,early-print &&\n          cargo check\n\nerror: aborting due to failure to build rustdoc for crate sparreal-rt v0.8.1\n",
              "pkg=sparreal-rt, checker=SemverChecks\ntoolchain=nightly, target=x86_64-unknown-linux-gnu\nfeatures=\npkg_dir=/home/runner/check/batch_45/qclic/sparreal-os/crates/sparreal-rt\ncmd=cargo +nightly-2025-01-26-x86_64-unknown-linux-gnu semver-checks --target x86_64-unknown-linux-gnu \ntimestamp=2025-02-21 22:05:24.04440413 +08:00:00\n\n\nstdout:\n\nstderr:\n    Building sparreal-rt v0.8.1 (current)\nerror: running cargo-doc on crate 'sparreal-rt' failed with output:\n-----\n   Compiling proc-macro2 v1.0.93\n    Checking scopeguard v1.2.0\n   Compiling lock_api v0.4.12\n   Compiling num-traits v0.2.19\n   Compiling strsim v0.11.1\n   Compiling fnv v1.0.7\n   Compiling thiserror v2.0.11\n   Compiling ident_case v1.0.1\n    Checking spin v0.9.8\n   Compiling quote v1.0.38\n    Checking rdif-base v0.1.4\n   Compiling rust_decimal v1.36.0\n   Compiling syn v2.0.98\n    Checking futures-core v0.3.31\n    Checking arrayvec v0.7.6\n    Checking log v0.4.26\n   Compiling anyhow v1.0.96\n    Checking futures-sink v0.3.31\n    Checking bytemuck v1.21.0\n    Checking rgb v0.8.50\n    Checking rdif-timer v0.1.3\n    Checking rdif-intc v0.1.3\n    Checking pin-project-lite v0.2.16\n    Checking futures-task v0.3.31\n    Checking utf8-width v0.1.7\n    Checking fdt-parser v0.4.10\n    Checking bitflags v2.8.0\n    Checking pin-utils v0.1.0\n    Checking futures-util v0.3.31\n    Checking byte-unit v5.1.6\n    Checking ansi_rgb v0.2.0\n    Checking futures-channel v0.3.31\n    Checking lazy_static v1.5.0\n    Checking buddy_system_allocator v0.11.0\n   Compiling sparreal-rt v0.8.1 (/home/runner/check/batch_45/qclic/sparreal-os/crates/sparreal-rt)\n    Checking futures-io v0.3.31\n    Checking pasts v0.14.3\n    Checking memory_addr v0.3.1\n    Checking dma-api v0.2.2\n    Checking futures v0.3.31\n   Compiling darling_core v0.20.10\n   Compiling rdrive-macro-utils v0.1.1\n   Compiling abi-singleton v0.3.0\n   Compiling thiserror-impl v2.0.11\n   Compiling darling_macro v0.20.10\n    Checking page-table-generic v0.5.3\n    Checking rdrive v0.1.6\n   Compiling darling v0.20.10\n   Compiling sparreal-macros v0.8.1 (/home/runner/check/batch_45/qclic/sparreal-os/crates/sparreal-macros)\n    Checking sparreal-kernel v0.8.1 (/home/runner/check/batch_45/qclic/sparreal-os/crates/sparreal-kernel)\n Documenting sparreal-rt v0.8.1 (/home/runner/check/batch_45/qclic/sparreal-os/crates/sparreal-rt)\nerror[E0583]: file not found for module `arch`\n  --> /home/runner/check/batch_45/qclic/sparreal-os/crates/sparreal-rt/src/lib.rs:12:1\n   |\n12 | pub mod arch;\n   | ^^^^^^^^^^^^^\n   |\n   = help: to create the module `arch`, create file \"/home/runner/check/batch_45/qclic/sparreal-os/crates/sparreal-rt/src/arch.rs\" or \"/home/runner/check/batch_45/qclic/sparreal-os/crates/sparreal-rt/src/arch/mod.rs\"\n   = note: if there is a `mod arch` elsewhere in the crate already, import it with `use crate::...` instead\n\nFor more information about this error, try `rustc --explain E0583`.\nerror: could not document `sparreal-rt`\n\n-----\n\nerror: failed to build rustdoc for crate sparreal-rt v0.8.1\nnote: this is usually due to a compilation error in the crate,\n      and is unlikely to be a bug in cargo-semver-checks\nnote: the following command can be used to reproduce the compilation error:\n      cargo new --lib example &&\n          cd example &&\n          echo '[workspace]' >> Cargo.toml &&\n          cargo add --path /home/runner/check/batch_45/qclic/sparreal-os/crates/sparreal-rt --features default,early-print &&\n          cargo check\n\nerror: aborting due to failure to build rustdoc for crate sparreal-rt v0.8.1\n"
            ]
          }
        },
        {
          "file": "crates/sparreal-rt/src/lib.rs",
          "features": "",
          "count": 2,
          "kinds": {
            "Mirai": [
              "error[E0583]: file not found for module `arch`\n  --> crates/sparreal-rt/src/lib.rs:12:1\n   |\n12 | pub mod arch;\n   | ^^^^^^^^^^^^^\n   |\n   = help: to create the module `arch`, create file \"crates/sparreal-rt/src/arch.rs\" or \"crates/sparreal-rt/src/arch/mod.rs\"\n   = note: if there is a `mod arch` elsewhere in the crate already, import it with `use crate::...` instead\n\n"
            ],
            "Clippy(Error)": [
              "error[E0583]: file not found for module `arch`\n  --> crates/sparreal-rt/src/lib.rs:12:1\n   |\n12 | pub mod arch;\n   | ^^^^^^^^^^^^^\n   |\n   = help: to create the module `arch`, create file \"crates/sparreal-rt/src/arch.rs\" or \"crates/sparreal-rt/src/arch/mod.rs\"\n   = note: if there is a `mod arch` elsewhere in the crate already, import it with `use crate::...` instead\n\n"
            ]
          }
        },
        {
          "file": "(virtual) clippy",
          "features": "",
          "count": 1,
          "kinds": {
            "Cargo": [
              "// pkg_name=sparreal-rt, checker=Clippy\n// toolchain=nightly, target=x86_64-unknown-linux-gnu\n// features=\n// pkg_dir=/home/runner/check/batch_45/qclic/sparreal-os/crates/sparreal-rt\n// cmd=cargo clippy --target x86_64-unknown-linux-gnu  --no-deps\n// timestamp=2025-02-21 22:04:50.77942885 +08:00:00\n    Checking sparreal-rt v0.8.1 (/home/runner/check/batch_45/qclic/sparreal-os/crates/sparreal-rt)\nerror: could not compile `sparreal-rt` (lib) due to 1 previous error\n"
            ]
          }
        },
        {
          "file": "(virtual) lockbud",
          "features": "",
          "count": 1,
          "kinds": {
            "Cargo": [
              "// pkg_name=sparreal-rt, checker=Lockbud\n// toolchain=nightly, target=x86_64-unknown-linux-gnu\n// features=\n// pkg_dir=/home/runner/check/batch_45/qclic/sparreal-os/crates/sparreal-rt\n// cmd=cargo +nightly-2024-12-01 lockbud -k all -- --target x86_64-unknown-linux-gnu \n// timestamp=2025-02-21 22:06:52.471760335 +08:00:00\n[2025-02-21T14:06:43Z WARN  lockbud::callbacks] [\n      {\n        \"AtomicityViolation\": {\n          \"bug_kind\": \"AtomicityViolation\",\n          \"possibility\": \"Possibly\",\n          \"diagnosis\": {\n            \"fn_name\": \"set_logger_racy\",\n            \"atomic_reader\": \"/home/runner/.cargo/registry/src/index.crates.io-6f17d22bba15001f/log-0.4.25/src/lib.rs:1453:11: 1453:40 (#0)\",\n            \"atomic_writer\": \"/home/runner/.cargo/registry/src/index.crates.io-6f17d22bba15001f/log-0.4.25/src/lib.rs:1456:13: 1456:56 (#0)\",\n            \"dep_kind\": \"Control\"\n          },\n          \"explanation\": \"atomic::store is data/control dependent on atomic::load\"\n        }\n      }\n    ]\n[2025-02-21T14:06:43Z WARN  lockbud::callbacks] crate log contains bugs: { probably: 0, possibly: 0 }, conflictlock: { probably: 0, possibly: 0 }, condvar_deadlock: { probably: 0, possibly: 0 }, atomicity_violation: { possibly: 1 }, invalid_free: { possibly: 0 }, use_after_free: { possibly: 0 }\n   Compiling sparreal-rt v0.8.1 (/home/runner/check/batch_45/qclic/sparreal-os/crates/sparreal-rt)\nerror[E0583]: file not found for module `arch`\n  --> crates/sparreal-rt/src/lib.rs:12:1\n   |\n12 | pub mod arch;\n   | ^^^^^^^^^^^^^\n   |\n   = help: to create the module `arch`, create file \"crates/sparreal-rt/src/arch.rs\" or \"crates/sparreal-rt/src/arch/mod.rs\"\n   = note: if there is a `mod arch` elsewhere in the crate already, import it with `use crate::...` instead\n\nFor more information about this error, try `rustc --explain E0583`.\nerror: could not compile `sparreal-rt` (lib) due to 1 previous error\n"
            ]
          }
        },
        {
          "file": "(virtual) mirai",
          "features": "",
          "count": 1,
          "kinds": {
            "Cargo": [
              "// pkg_name=sparreal-rt, checker=Mirai\n// toolchain=nightly, target=x86_64-unknown-linux-gnu\n// features=\n// pkg_dir=/home/runner/check/batch_45/qclic/sparreal-os/crates/sparreal-rt\n// cmd=cargo +nightly-2025-01-04 mirai --target x86_64-unknown-linux-gnu \n// timestamp=2025-02-21 22:06:17.725004068 +08:00:00\n    Checking sparreal-rt v0.8.1 (/home/runner/check/batch_45/qclic/sparreal-os/crates/sparreal-rt)\nerror: could not compile `sparreal-rt` (lib) due to 1 previous error\n"
            ]
          }
        }
      ]
    },
    {
      "user": "qclic",
      "repo": "sparreal-os",
      "pkg": "helloworld",
      "count": 8,
      "raw_reports": [
        {
          "file": "(virtual) lockbud",
          "features": "",
          "count": 2,
          "kinds": {
            "Cargo": [
              "// pkg_name=helloworld, checker=Lockbud\n// toolchain=nightly, target=aarch64-unknown-none\n// features=\n// pkg_dir=/home/runner/check/batch_45/qclic/sparreal-os/app/helloworld\n// cmd=cargo +nightly-2024-12-01 lockbud -k all -- --target aarch64-unknown-none \n// timestamp=2025-02-21 22:06:45.975667167 +08:00:00\n[2025-02-21T14:06:32Z WARN  lockbud::callbacks] [\n      {\n        \"AtomicityViolation\": {\n          \"bug_kind\": \"AtomicityViolation\",\n          \"possibility\": \"Possibly\",\n          \"diagnosis\": {\n            \"fn_name\": \"set_logger_racy\",\n            \"atomic_reader\": \"/home/runner/.cargo/registry/src/index.crates.io-6f17d22bba15001f/log-0.4.25/src/lib.rs:1453:11: 1453:40 (#0)\",\n            \"atomic_writer\": \"/home/runner/.cargo/registry/src/index.crates.io-6f17d22bba15001f/log-0.4.25/src/lib.rs:1456:13: 1456:56 (#0)\",\n            \"dep_kind\": \"Control\"\n          },\n          \"explanation\": \"atomic::store is data/control dependent on atomic::load\"\n        }\n      }\n    ]\n[2025-02-21T14:06:32Z WARN  lockbud::callbacks] crate log contains bugs: { probably: 0, possibly: 0 }, conflictlock: { probably: 0, possibly: 0 }, condvar_deadlock: { probably: 0, possibly: 0 }, atomicity_violation: { possibly: 1 }, invalid_free: { possibly: 0 }, use_after_free: { possibly: 0 }\n[2025-02-21T14:06:34Z WARN  lockbud::callbacks] [\n      {\n        \"UseAfterFree\": {\n          \"bug_kind\": \"UseAfterFree\",\n          \"possibility\": \"Possibly\",\n          \"diagnosis\": \"Raw ptr is used at /home/runner/.cargo/registry/src/index.crates.io-6f17d22bba15001f/once_cell-1.20.3/src/imp_std.rs:218:18: 218:55 (#0) after dropped at /home/runner/.cargo/registry/src/index.crates.io-6f17d22bba15001f/once_cell-1.20.3/src/imp_std.rs:238:5: 238:6 (#0)\",\n          \"explanation\": \"Raw ptr is used or escapes the current function after the pointed value is dropped\"\n        }\n      },\n      {\n        \"UseAfterFree\": {\n          \"bug_kind\": \"UseAfterFree\",\n          \"possibility\": \"Possibly\",\n          \"diagnosis\": \"Raw ptr is used at /home/runner/.cargo/registry/src/index.crates.io-6f17d22bba15001f/once_cell-1.20.3/src/imp_std.rs:222:13: 222:53 (#0) after dropped at /home/runner/.cargo/registry/src/index.crates.io-6f17d22bba15001f/once_cell-1.20.3/src/imp_std.rs:238:5: 238:6 (#0)\",\n          \"explanation\": \"Raw ptr is used or escapes the current function after the pointed value is dropped\"\n        }\n      }\n    ]\n[2025-02-21T14:06:34Z WARN  lockbud::callbacks] crate once_cell contains bugs: { probably: 0, possibly: 0 }, conflictlock: { probably: 0, possibly: 0 }, condvar_deadlock: { probably: 0, possibly: 0 }, atomicity_violation: { possibly: 0 }, invalid_free: { possibly: 0 }, use_after_free: { possibly: 2 }\n   Compiling sparreal-rt v0.8.1 (/home/runner/check/batch_45/qclic/sparreal-os/crates/sparreal-rt)\n   Compiling helloworld v0.1.0 (/home/runner/check/batch_45/qclic/sparreal-os/app/helloworld)\nerror: linking with `rust-lld` failed: exit status: 1\n  |\n  = note: LC_ALL=\"C\" PATH=\"/home/runner/.rustup/toolchains/nightly-2024-12-01-x86_64-unknown-linux-gnu/lib/rustlib/x86_64-unknown-linux-gnu/bin:/snap/bin:/home/runner/.local/bin:/opt/pipx_bin:/home/runner/.cargo/bin:/home/runner/.config/composer/vendor/bin:/usr/local/.ghcup/bin:/home/runner/.dotnet/tools:/usr/local/sbin:/usr/local/bin:/usr/sbin:/usr/bin:/sbin:/bin:/usr/games:/usr/local/games:/snap/bin\" VSLANG=\"1033\" \"rust-lld\" \"-flavor\" \"gnu\" \"--fix-cortex-a53-843419\" \"/tmp/rustcAsB5BK/symbols.o\" \"/home/runner/check/batch_45/qclic/sparreal-os/target/aarch64-unknown-none/debug/deps/helloworld-c54c4c257c9db805.helloworld.6cc2a63bbeb91074-cgu.0.rcgu.o\" \"/home/runner/check/batch_45/qclic/sparreal-os/target/aarch64-unknown-none/debug/deps/helloworld-c54c4c257c9db805.c03wf27pu4xl94xfimt92vxye.rcgu.o\" \"--as-needed\" \"-Bstatic\" \"/home/runner/check/batch_45/qclic/sparreal-os/target/aarch64-unknown-none/debug/deps/libsparreal_rt-0e9d947fb9779496.rlib\" \"/home/runner/check/batch_45/qclic/sparreal-os/target/aarch64-unknown-none/debug/deps/libpage_table_arm-dd429d18e1f86851.rlib\" \"/home/runner/check/batch_45/qclic/sparreal-os/target/aarch64-unknown-none/debug/deps/libarm_gic_driver-712e476370613e7f.rlib\" \"/home/runner/check/batch_45/qclic/sparreal-os/target/aarch64-unknown-none/debug/deps/libaarch64_cpu-a45cc68f09b43f66.rlib\" \"/home/runner/check/batch_45/qclic/sparreal-os/target/aarch64-unknown-none/debug/deps/libtock_registers-556adaad34ab1202.rlib\" \"/home/runner/check/batch_45/qclic/sparreal-os/target/aarch64-unknown-none/debug/deps/libsparreal_kernel-2d7d07a82a4a2fc9.rlib\" \"/home/runner/check/batch_45/qclic/sparreal-os/target/aarch64-unknown-none/debug/deps/libbyte_unit-6e1d92d9131875a7.rlib\" \"/home/runner/check/batch_45/qclic/sparreal-os/target/aarch64-unknown-none/debug/deps/libutf8_width-7b5c6c6d081e64e0.rlib\" \"/home/runner/check/batch_45/qclic/sparreal-os/target/aarch64-unknown-none/debug/deps/librust_decimal-24398f71299a5ed0.rlib\" \"/home/runner/check/batch_45/qclic/sparreal-os/target/aarch64-unknown-none/debug/deps/libarrayvec-2945cc6f3b29f1a8.rlib\" \"/home/runner/check/batch_45/qclic/sparreal-os/target/aarch64-unknown-none/debug/deps/libnum_traits-b6f1b4f9845773ff.rlib\" \"/home/runner/check/batch_45/qclic/sparreal-os/target/aarch64-unknown-none/debug/deps/libpage_table_generic-85d77131149e2df6.rlib\" \"/home/runner/check/batch_45/qclic/sparreal-os/target/aarch64-unknown-none/debug/deps/libbitflags-a458d2ae94bdc5f0.rlib\" \"/home/runner/check/batch_45/qclic/sparreal-os/target/aarch64-unknown-none/debug/deps/libdma_api-3616dd00f6d23d73.rlib\" \"/home/runner/check/batch_45/qclic/sparreal-os/target/aarch64-unknown-none/debug/deps/libbuddy_system_allocator-3b1766c3be9ff268.rlib\" \"/home/runner/check/batch_45/qclic/sparreal-os/target/aarch64-unknown-none/debug/deps/librdrive-e97f526051f96557.rlib\" \"/home/runner/check/batch_45/qclic/sparreal-os/target/aarch64-unknown-none/debug/deps/libthiserror-340e8eb0a7929e96.rlib\" \"/home/runner/check/batch_45/qclic/sparreal-os/target/aarch64-unknown-none/debug/deps/librdif_timer-f29e401c878d572b.rlib\" \"/home/runner/check/batch_45/qclic/sparreal-os/target/aarch64-unknown-none/debug/deps/librdif_intc-7ca5cae2e93e0fcf.rlib\" \"/home/runner/check/batch_45/qclic/sparreal-os/target/aarch64-unknown-none/debug/deps/librdif_base-98f8ddcb551b6102.rlib\" \"/home/runner/check/batch_45/qclic/sparreal-os/target/aarch64-unknown-none/debug/deps/libfdt_parser-05f7def213267aca.rlib\" \"/home/runner/check/batch_45/qclic/sparreal-os/target/aarch64-unknown-none/debug/deps/libspin-d99e7467a0ff3e67.rlib\" \"/home/runner/check/batch_45/qclic/sparreal-os/target/aarch64-unknown-none/debug/deps/liblock_api-574798f4ec16a08c.rlib\" \"/home/runner/check/batch_45/qclic/sparreal-os/target/aarch64-unknown-none/debug/deps/libscopeguard-3f386e3fe2881fd1.rlib\" \"/home/runner/check/batch_45/qclic/sparreal-os/target/aarch64-unknown-none/debug/deps/libansi_rgb-a62d7bc352ea9492.rlib\" \"/home/runner/check/batch_45/qclic/sparreal-os/target/aarch64-unknown-none/debug/deps/librgb-f8779f6baea1659d.rlib\" \"/home/runner/check/batch_45/qclic/sparreal-os/target/aarch64-unknown-none/debug/deps/libbytemuck-439b8d7e0a2075f9.rlib\" \"/home/runner/check/batch_45/qclic/sparreal-os/target/aarch64-unknown-none/debug/deps/liblog-66a2993c6ba9820e.rlib\" \"/home/runner/.rustup/toolchains/nightly-2024-12-01-x86_64-unknown-linux-gnu/lib/rustlib/aarch64-unknown-none/lib/liballoc-71cc8839518d40dc.rlib\" \"/home/runner/.rustup/toolchains/nightly-2024-12-01-x86_64-unknown-linux-gnu/lib/rustlib/aarch64-unknown-none/lib/librustc_std_workspace_core-84c97a6fc6b01f0c.rlib\" \"/home/runner/.rustup/toolchains/nightly-2024-12-01-x86_64-unknown-linux-gnu/lib/rustlib/aarch64-unknown-none/lib/libcore-1c34871c0ac06d09.rlib\" \"/home/runner/.rustup/toolchains/nightly-2024-12-01-x86_64-unknown-linux-gnu/lib/rustlib/aarch64-unknown-none/lib/libcompiler_builtins-6135238bf3e4d955.rlib\" \"-Bdynamic\" \"--eh-frame-hdr\" \"-z\" \"noexecstack\" \"-L\" \"/home/runner/check/batch_45/qclic/sparreal-os/target/aarch64-unknown-none/debug/build/sparreal-rt-79eff7bfe708ddee/out\" \"-o\" \"/home/runner/check/batch_45/qclic/sparreal-os/target/aarch64-unknown-none/debug/deps/helloworld-c54c4c257c9db805\" \"--gc-sections\"\n  = note: rust-lld: error: undefined symbol: _kernel_size\n          >>> referenced by sparreal_rt.afaf0a88b0c0751c-cgu.0\n          >>>               sparreal_rt-0e9d947fb9779496.sparreal_rt.afaf0a88b0c0751c-cgu.0.rcgu.o:(.text.head+0x10) in archive /home/runner/check/batch_45/qclic/sparreal-os/target/aarch64-unknown-none/debug/deps/libsparreal_rt-0e9d947fb9779496.rlib\n          \n          rust-lld: error: undefined symbol: _stack_top\n          >>> referenced by sparreal_rt.afaf0a88b0c0751c-cgu.0\n          >>>               sparreal_rt-0e9d947fb9779496.sparreal_rt.afaf0a88b0c0751c-cgu.0.rcgu.o:(.text.boot.start+0xC88) in archive /home/runner/check/batch_45/qclic/sparreal-os/target/aarch64-unknown-none/debug/deps/libsparreal_rt-0e9d947fb9779496.rlib\n          \n          rust-lld: error: undefined symbol: _sbss\n          >>> referenced by mem.rs:11 (crates/sparreal-rt/src/mem.rs:11)\n          >>>               sparreal_rt-0e9d947fb9779496.sparreal_rt.afaf0a88b0c0751c-cgu.0.rcgu.o:(sparreal_rt::mem::clear_bss::h5f11d222ae8c7d59) in archive /home/runner/check/batch_45/qclic/sparreal-os/target/aarch64-unknown-none/debug/deps/libsparreal_rt-0e9d947fb9779496.rlib\n          >>> referenced by mem.rs:11 (crates/sparreal-rt/src/mem.rs:11)\n          >>>               sparreal_rt-0e9d947fb9779496.sparreal_rt.afaf0a88b0c0751c-cgu.0.rcgu.o:(sparreal_rt::mem::clear_bss::h5f11d222ae8c7d59) in archive /home/runner/check/batch_45/qclic/sparreal-os/target/aarch64-unknown-none/debug/deps/libsparreal_rt-0e9d947fb9779496.rlib\n          >>> referenced by mem.rs:11 (crates/sparreal-rt/src/mem.rs:11)\n          >>>               sparreal_rt-0e9d947fb9779496.sparreal_rt.afaf0a88b0c0751c-cgu.0.rcgu.o:(sparreal_rt::mem::clear_bss::h5f11d222ae8c7d59) in archive /home/runner/check/batch_45/qclic/sparreal-os/target/aarch64-unknown-none/debug/deps/libsparreal_rt-0e9d947fb9779496.rlib\n          >>> referenced 3 more times\n          \n          rust-lld: error: undefined symbol: _ebss\n          >>> referenced by mem.rs:11 (crates/sparreal-rt/src/mem.rs:11)\n          >>>               sparreal_rt-0e9d947fb9779496.sparreal_rt.afaf0a88b0c0751c-cgu.0.rcgu.o:(sparreal_rt::mem::clear_bss::h5f11d222ae8c7d59) in archive /home/runner/check/batch_45/qclic/sparreal-os/target/aarch64-unknown-none/debug/deps/libsparreal_rt-0e9d947fb9779496.rlib\n          >>> referenced by mem.rs:11 (crates/sparreal-rt/src/mem.rs:11)\n          >>>               sparreal_rt-0e9d947fb9779496.sparreal_rt.afaf0a88b0c0751c-cgu.0.rcgu.o:(sparreal_rt::mem::clear_bss::h5f11d222ae8c7d59) in archive /home/runner/check/batch_45/qclic/sparreal-os/target/aarch64-unknown-none/debug/deps/libsparreal_rt-0e9d947fb9779496.rlib\n          >>> referenced by mem.rs:11 (crates/sparreal-rt/src/mem.rs:11)\n          >>>               sparreal_rt-0e9d947fb9779496.sparreal_rt.afaf0a88b0c0751c-cgu.0.rcgu.o:(sparreal_rt::mem::clear_bss::h5f11d222ae8c7d59) in archive /home/runner/check/batch_45/qclic/sparreal-os/target/aarch64-unknown-none/debug/deps/libsparreal_rt-0e9d947fb9779496.rlib\n          >>> referenced 3 more times\n          \n          rust-lld: error: undefined symbol: _stext\n          >>> referenced by mem.rs:28 (crates/sparreal-rt/src/mem.rs:28)\n          >>>               sparreal_rt-0e9d947fb9779496.sparreal_rt.afaf0a88b0c0751c-cgu.0.rcgu.o:(sparreal_rt::mem::kernel_regions::h7b403d348f0056df) in archive /home/runner/check/batch_45/qclic/sparreal-os/target/aarch64-unknown-none/debug/deps/libsparreal_rt-0e9d947fb9779496.rlib\n          >>> referenced by mem.rs:28 (crates/sparreal-rt/src/mem.rs:28)\n          >>>               sparreal_rt-0e9d947fb9779496.sparreal_rt.afaf0a88b0c0751c-cgu.0.rcgu.o:(sparreal_rt::mem::kernel_regions::h7b403d348f0056df) in archive /home/runner/check/batch_45/qclic/sparreal-os/target/aarch64-unknown-none/debug/deps/libsparreal_rt-0e9d947fb9779496.rlib\n          \n          rust-lld: error: undefined symbol: _srodata\n          >>> referenced by mem.rs:28 (crates/sparreal-rt/src/mem.rs:28)\n          >>>               sparreal_rt-0e9d947fb9779496.sparreal_rt.afaf0a88b0c0751c-cgu.0.rcgu.o:(sparreal_rt::mem::kernel_regions::h7b403d348f0056df) in archive /home/runner/check/batch_45/qclic/sparreal-os/target/aarch64-unknown-none/debug/deps/libsparreal_rt-0e9d947fb9779496.rlib\n          >>> referenced by mem.rs:28 (crates/sparreal-rt/src/mem.rs:28)\n          >>>               sparreal_rt-0e9d947fb9779496.sparreal_rt.afaf0a88b0c0751c-cgu.0.rcgu.o:(sparreal_rt::mem::kernel_regions::h7b403d348f0056df) in archive /home/runner/check/batch_45/qclic/sparreal-os/target/aarch64-unknown-none/debug/deps/libsparreal_rt-0e9d947fb9779496.rlib\n          \n          rust-lld: error: undefined symbol: _erodata\n          >>> referenced by mem.rs:28 (crates/sparreal-rt/src/mem.rs:28)\n          >>>               sparreal_rt-0e9d947fb9779496.sparreal_rt.afaf0a88b0c0751c-cgu.0.rcgu.o:(sparreal_rt::mem::kernel_regions::h7b403d348f0056df) in archive /home/runner/check/batch_45/qclic/sparreal-os/target/aarch64-unknown-none/debug/deps/libsparreal_rt-0e9d947fb9779496.rlib\n          >>> referenced by mem.rs:28 (crates/sparreal-rt/src/mem.rs:28)\n          >>>               sparreal_rt-0e9d947fb9779496.sparreal_rt.afaf0a88b0c0751c-cgu.0.rcgu.o:(sparreal_rt::mem::kernel_regions::h7b403d348f0056df) in archive /home/runner/check/batch_45/qclic/sparreal-os/target/aarch64-unknown-none/debug/deps/libsparreal_rt-0e9d947fb9779496.rlib\n          \n          rust-lld: error: undefined symbol: _sdata\n          >>> referenced by mem.rs:28 (crates/sparreal-rt/src/mem.rs:28)\n          >>>               sparreal_rt-0e9d947fb9779496.sparreal_rt.afaf0a88b0c0751c-cgu.0.rcgu.o:(sparreal_rt::mem::kernel_regions::h7b403d348f0056df) in archive /home/runner/check/batch_45/qclic/sparreal-os/target/aarch64-unknown-none/debug/deps/libsparreal_rt-0e9d947fb9779496.rlib\n          >>> referenced by mem.rs:28 (crates/sparreal-rt/src/mem.rs:28)\n          >>>               sparreal_rt-0e9d947fb9779496.sparreal_rt.afaf0a88b0c0751c-cgu.0.rcgu.o:(sparreal_rt::mem::kernel_regions::h7b403d348f0056df) in archive /home/runner/check/batch_45/qclic/sparreal-os/target/aarch64-unknown-none/debug/deps/libsparreal_rt-0e9d947fb9779496.rlib\n          \n          rust-lld: error: undefined symbol: _sdriver\n          >>> referenced by mem.rs:54 (crates/sparreal-rt/src/mem.rs:54)\n          >>>               sparreal_rt-0e9d947fb9779496.sparreal_rt.afaf0a88b0c0751c-cgu.0.rcgu.o:(sparreal_rt::mem::driver_registers::hfbe132b8218a72ac) in archive /home/runner/check/batch_45/qclic/sparreal-os/target/aarch64-unknown-none/debug/deps/libsparreal_rt-0e9d947fb9779496.rlib\n          >>> referenced by mem.rs:54 (crates/sparreal-rt/src/mem.rs:54)\n          >>>               sparreal_rt-0e9d947fb9779496.sparreal_rt.afaf0a88b0c0751c-cgu.0.rcgu.o:(sparreal_rt::mem::driver_registers::hfbe132b8218a72ac) in archive /home/runner/check/batch_45/qclic/sparreal-os/target/aarch64-unknown-none/debug/deps/libsparreal_rt-0e9d947fb9779496.rlib\n          >>> referenced by mem.rs:54 (crates/sparreal-rt/src/mem.rs:54)\n          >>>               sparreal_rt-0e9d947fb9779496.sparreal_rt.afaf0a88b0c0751c-cgu.0.rcgu.o:(sparreal_rt::mem::driver_registers::hfbe132b8218a72ac) in archive /home/runner/check/batch_45/qclic/sparreal-os/target/aarch64-unknown-none/debug/deps/libsparreal_rt-0e9d947fb9779496.rlib\n          >>> referenced 1 more times\n          \n          rust-lld: error: undefined symbol: _edriver\n          >>> referenced by mem.rs:54 (crates/sparreal-rt/src/mem.rs:54)\n          >>>               sparreal_rt-0e9d947fb9779496.sparreal_rt.afaf0a88b0c0751c-cgu.0.rcgu.o:(sparreal_rt::mem::driver_registers::hfbe132b8218a72ac) in archive /home/runner/check/batch_45/qclic/sparreal-os/target/aarch64-unknown-none/debug/deps/libsparreal_rt-0e9d947fb9779496.rlib\n          >>> referenced by mem.rs:54 (crates/sparreal-rt/src/mem.rs:54)\n          >>>               sparreal_rt-0e9d947fb9779496.sparreal_rt.afaf0a88b0c0751c-cgu.0.rcgu.o:(sparreal_rt::mem::driver_registers::hfbe132b8218a72ac) in archive /home/runner/check/batch_45/qclic/sparreal-os/target/aarch64-unknown-none/debug/deps/libsparreal_rt-0e9d947fb9779496.rlib\n          >>> referenced by mem.rs:54 (crates/sparreal-rt/src/mem.rs:54)\n          >>>               sparreal_rt-0e9d947fb9779496.sparreal_rt.afaf0a88b0c0751c-cgu.0.rcgu.o:(sparreal_rt::mem::driver_registers::hfbe132b8218a72ac) in archive /home/runner/check/batch_45/qclic/sparreal-os/target/aarch64-unknown-none/debug/deps/libsparreal_rt-0e9d947fb9779496.rlib\n          >>> referenced 1 more times\n          \n\nerror: could not compile `helloworld` (bin \"helloworld\") due to 1 previous error\n",
              "// pkg_name=helloworld, checker=Lockbud\n// toolchain=nightly, target=x86_64-unknown-linux-gnu\n// features=\n// pkg_dir=/home/runner/check/batch_45/qclic/sparreal-os/app/helloworld\n// cmd=cargo +nightly-2024-12-01 lockbud -k all -- --target x86_64-unknown-linux-gnu \n// timestamp=2025-02-21 22:06:46.512534807 +08:00:00\n[2025-02-21T14:06:43Z WARN  lockbud::callbacks] [\n      {\n        \"AtomicityViolation\": {\n          \"bug_kind\": \"AtomicityViolation\",\n          \"possibility\": \"Possibly\",\n          \"diagnosis\": {\n            \"fn_name\": \"set_logger_racy\",\n            \"atomic_reader\": \"/home/runner/.cargo/registry/src/index.crates.io-6f17d22bba15001f/log-0.4.25/src/lib.rs:1453:11: 1453:40 (#0)\",\n            \"atomic_writer\": \"/home/runner/.cargo/registry/src/index.crates.io-6f17d22bba15001f/log-0.4.25/src/lib.rs:1456:13: 1456:56 (#0)\",\n            \"dep_kind\": \"Control\"\n          },\n          \"explanation\": \"atomic::store is data/control dependent on atomic::load\"\n        }\n      }\n    ]\n[2025-02-21T14:06:43Z WARN  lockbud::callbacks] crate log contains bugs: { probably: 0, possibly: 0 }, conflictlock: { probably: 0, possibly: 0 }, condvar_deadlock: { probably: 0, possibly: 0 }, atomicity_violation: { possibly: 1 }, invalid_free: { possibly: 0 }, use_after_free: { possibly: 0 }\n   Compiling sparreal-rt v0.8.1 (/home/runner/check/batch_45/qclic/sparreal-os/crates/sparreal-rt)\nerror[E0583]: file not found for module `arch`\n  --> crates/sparreal-rt/src/lib.rs:12:1\n   |\n12 | pub mod arch;\n   | ^^^^^^^^^^^^^\n   |\n   = help: to create the module `arch`, create file \"crates/sparreal-rt/src/arch.rs\" or \"crates/sparreal-rt/src/arch/mod.rs\"\n   = note: if there is a `mod arch` elsewhere in the crate already, import it with `use crate::...` instead\n\nFor more information about this error, try `rustc --explain E0583`.\nerror: could not compile `sparreal-rt` (lib) due to 1 previous error\n"
            ]
          }
        },
        {
          "file": "[outdated direct dependencies]",
          "features": "",
          "count": 2,
          "kinds": {
            "Outdated": [
              "pkg=helloworld, checker=Outdated\ntoolchain=nightly, target=aarch64-unknown-none\nfeatures=\npkg_dir=/home/runner/check/batch_45/qclic/sparreal-os/app/helloworld\ncmd=cargo +nightly-2025-01-26-x86_64-unknown-linux-gnu outdated -R --exit-code=2\ntimestamp=2025-02-21 22:07:14.206532637 +08:00:00\n\nName  Project  Compat  Latest  Kind    Platform\n----  -------  ------  ------  ----    --------\nlog   0.4.25   0.4.26  0.4.26  Normal  ---\n",
              "pkg=helloworld, checker=Outdated\ntoolchain=nightly, target=x86_64-unknown-linux-gnu\nfeatures=\npkg_dir=/home/runner/check/batch_45/qclic/sparreal-os/app/helloworld\ncmd=cargo +nightly-2025-01-26-x86_64-unknown-linux-gnu outdated -R --exit-code=2\ntimestamp=2025-02-21 22:07:14.697780916 +08:00:00\n\nName  Project  Compat  Latest  Kind    Platform\n----  -------  ------  ------  ----    --------\nlog   0.4.25   0.4.26  0.4.26  Normal  ---\n"
            ]
          }
        },
        {
          "file": "crates/sparreal-rt/src/lib.rs",
          "features": "",
          "count": 2,
          "kinds": {
            "Clippy(Error)": [
              "error[E0583]: file not found for module `arch`\n  --> crates/sparreal-rt/src/lib.rs:12:1\n   |\n12 | pub mod arch;\n   | ^^^^^^^^^^^^^\n   |\n   = help: to create the module `arch`, create file \"crates/sparreal-rt/src/arch.rs\" or \"crates/sparreal-rt/src/arch/mod.rs\"\n   = note: if there is a `mod arch` elsewhere in the crate already, import it with `use crate::...` instead\n\n"
            ],
            "Mirai": [
              "error[E0583]: file not found for module `arch`\n  --> crates/sparreal-rt/src/lib.rs:12:1\n   |\n12 | pub mod arch;\n   | ^^^^^^^^^^^^^\n   |\n   = help: to create the module `arch`, create file \"crates/sparreal-rt/src/arch.rs\" or \"crates/sparreal-rt/src/arch/mod.rs\"\n   = note: if there is a `mod arch` elsewhere in the crate already, import it with `use crate::...` instead\n\n"
            ]
          }
        },
        {
          "file": "(virtual) clippy",
          "features": "",
          "count": 1,
          "kinds": {
            "Cargo": [
              "// pkg_name=helloworld, checker=Clippy\n// toolchain=nightly, target=x86_64-unknown-linux-gnu\n// features=\n// pkg_dir=/home/runner/check/batch_45/qclic/sparreal-os/app/helloworld\n// cmd=cargo clippy --target x86_64-unknown-linux-gnu  --no-deps\n// timestamp=2025-02-21 22:04:45.119724551 +08:00:00\n   Compiling sparreal-rt v0.8.1 (/home/runner/check/batch_45/qclic/sparreal-os/crates/sparreal-rt)\nerror: could not compile `sparreal-rt` (lib) due to 1 previous error\n"
            ]
          }
        },
        {
          "file": "(virtual) mirai",
          "features": "",
          "count": 1,
          "kinds": {
            "Cargo": [
              "// pkg_name=helloworld, checker=Mirai\n// toolchain=nightly, target=x86_64-unknown-linux-gnu\n// features=\n// pkg_dir=/home/runner/check/batch_45/qclic/sparreal-os/app/helloworld\n// cmd=cargo +nightly-2025-01-04 mirai --target x86_64-unknown-linux-gnu \n// timestamp=2025-02-21 22:05:30.927178258 +08:00:00\n   Compiling sparreal-rt v0.8.1 (/home/runner/check/batch_45/qclic/sparreal-os/crates/sparreal-rt)\nerror: could not compile `sparreal-rt` (lib) due to 1 previous error\n"
            ]
          }
        }
      ]
    },
    {
      "user": "qclic",
      "repo": "sparreal-os",
      "pkg": "simple_test",
      "count": 8,
      "raw_reports": [
        {
          "file": "(virtual) semver-checks",
          "features": "",
          "count": 2,
          "kinds": {
            "Cargo": [
              "// pkg_name=simple_test, checker=SemverChecks\n// toolchain=nightly, target=aarch64-unknown-none\n// features=\n// pkg_dir=/home/runner/check/batch_45/qclic/sparreal-os/app/simple_test\n// cmd=cargo +nightly-2025-01-26-x86_64-unknown-linux-gnu semver-checks --target aarch64-unknown-none \n// timestamp=2025-02-21 22:05:05.928201133 +08:00:00\n    Building simple_test v0.8.1 (current)\nerror: running cargo-doc on crate 'simple_test' failed with output:\n-----\n   Compiling proc-macro2 v1.0.93\n   Compiling unicode-ident v1.0.17\n   Compiling quote v1.0.38\n   Compiling syn v2.0.98\n   Compiling bare-test-macros v0.2.0 (/home/runner/check/batch_45/qclic/sparreal-os/crates/bare-test-macros)\n   Compiling simple_test v0.8.1 (/home/runner/check/batch_45/qclic/sparreal-os/app/simple_test)\n Documenting simple_test v0.8.1 (/home/runner/check/batch_45/qclic/sparreal-os/app/simple_test)\nerror[E0463]: can't find crate for `core`\n  |\n  = note: the `aarch64-unknown-none` target may not be installed\n  = help: consider downloading the target with `rustup target add aarch64-unknown-none`\n  = help: consider building the standard library from source with `cargo build -Zbuild-std`\n\nFor more information about this error, try `rustc --explain E0463`.\nerror: could not document `simple_test`\n\n-----\n\nerror: failed to build rustdoc for crate simple_test v0.8.1\nnote: this is usually due to a compilation error in the crate,\n      and is unlikely to be a bug in cargo-semver-checks\nnote: the following command can be used to reproduce the compilation error:\n      cargo new --lib example &&\n          cd example &&\n          echo '[workspace]' >> Cargo.toml &&\n          cargo add --path /home/runner/check/batch_45/qclic/sparreal-os/app/simple_test &&\n          cargo check\n\nerror: aborting due to failure to build rustdoc for crate simple_test v0.8.1\n",
              "// pkg_name=simple_test, checker=SemverChecks\n// toolchain=nightly, target=x86_64-unknown-linux-gnu\n// features=\n// pkg_dir=/home/runner/check/batch_45/qclic/sparreal-os/app/simple_test\n// cmd=cargo +nightly-2025-01-26-x86_64-unknown-linux-gnu semver-checks --target x86_64-unknown-linux-gnu \n// timestamp=2025-02-21 22:05:09.752613499 +08:00:00\n    Building simple_test v0.8.1 (current)\n       Built [   0.199s] (current)\n     Parsing simple_test v0.8.1 (current)\nerror: unsupported rustdoc format v39 for file: /home/runner/check/batch_45/qclic/sparreal-os/target/semver-checks/local-simple_test-0_8_1-01666ec060466c14/target/x86_64-unknown-linux-gnu/doc/simple_test.json\n"
            ]
          }
        },
        {
          "file": "[outdated direct dependencies]",
          "features": "",
          "count": 2,
          "kinds": {
            "Outdated": [
              "pkg=simple_test, checker=Outdated\ntoolchain=nightly, target=aarch64-unknown-none\nfeatures=\npkg_dir=/home/runner/check/batch_45/qclic/sparreal-os/app/simple_test\ncmd=cargo +nightly-2025-01-26-x86_64-unknown-linux-gnu outdated -R --exit-code=2\ntimestamp=2025-02-21 22:07:16.198261351 +08:00:00\n\nName  Project  Compat  Latest  Kind         Platform\n----  -------  ------  ------  ----         --------\nlog   0.4.25   0.4.26  0.4.26  Development  ---\n",
              "pkg=simple_test, checker=Outdated\ntoolchain=nightly, target=x86_64-unknown-linux-gnu\nfeatures=\npkg_dir=/home/runner/check/batch_45/qclic/sparreal-os/app/simple_test\ncmd=cargo +nightly-2025-01-26-x86_64-unknown-linux-gnu outdated -R --exit-code=2\ntimestamp=2025-02-21 22:07:16.687551441 +08:00:00\n\nName  Project  Compat  Latest  Kind         Platform\n----  -------  ------  ------  ----         --------\nlog   0.4.25   0.4.26  0.4.26  Development  ---\n"
            ]
          }
        },
        {
          "file": "[semver checks]",
          "features": "",
          "count": 2,
          "kinds": {
            "Semver Violation": [
              "pkg=simple_test, checker=SemverChecks\ntoolchain=nightly, target=aarch64-unknown-none\nfeatures=\npkg_dir=/home/runner/check/batch_45/qclic/sparreal-os/app/simple_test\ncmd=cargo +nightly-2025-01-26-x86_64-unknown-linux-gnu semver-checks --target aarch64-unknown-none \ntimestamp=2025-02-21 22:05:09.750848705 +08:00:00\n\n\nstdout:\n\nstderr:\n    Building simple_test v0.8.1 (current)\nerror: running cargo-doc on crate 'simple_test' failed with output:\n-----\n   Compiling proc-macro2 v1.0.93\n   Compiling unicode-ident v1.0.17\n   Compiling quote v1.0.38\n   Compiling syn v2.0.98\n   Compiling bare-test-macros v0.2.0 (/home/runner/check/batch_45/qclic/sparreal-os/crates/bare-test-macros)\n   Compiling simple_test v0.8.1 (/home/runner/check/batch_45/qclic/sparreal-os/app/simple_test)\n Documenting simple_test v0.8.1 (/home/runner/check/batch_45/qclic/sparreal-os/app/simple_test)\nerror[E0463]: can't find crate for `core`\n  |\n  = note: the `aarch64-unknown-none` target may not be installed\n  = help: consider downloading the target with `rustup target add aarch64-unknown-none`\n  = help: consider building the standard library from source with `cargo build -Zbuild-std`\n\nFor more information about this error, try `rustc --explain E0463`.\nerror: could not document `simple_test`\n\n-----\n\nerror: failed to build rustdoc for crate simple_test v0.8.1\nnote: this is usually due to a compilation error in the crate,\n      and is unlikely to be a bug in cargo-semver-checks\nnote: the following command can be used to reproduce the compilation error:\n      cargo new --lib example &&\n          cd example &&\n          echo '[workspace]' >> Cargo.toml &&\n          cargo add --path /home/runner/check/batch_45/qclic/sparreal-os/app/simple_test &&\n          cargo check\n\nerror: aborting due to failure to build rustdoc for crate simple_test v0.8.1\n",
              "pkg=simple_test, checker=SemverChecks\ntoolchain=nightly, target=x86_64-unknown-linux-gnu\nfeatures=\npkg_dir=/home/runner/check/batch_45/qclic/sparreal-os/app/simple_test\ncmd=cargo +nightly-2025-01-26-x86_64-unknown-linux-gnu semver-checks --target x86_64-unknown-linux-gnu \ntimestamp=2025-02-21 22:05:10.195701781 +08:00:00\n\n\nstdout:\n\nstderr:\n    Building simple_test v0.8.1 (current)\n       Built [   0.199s] (current)\n     Parsing simple_test v0.8.1 (current)\nerror: unsupported rustdoc format v39 for file: /home/runner/check/batch_45/qclic/sparreal-os/target/semver-checks/local-simple_test-0_8_1-01666ec060466c14/target/x86_64-unknown-linux-gnu/doc/simple_test.json\n"
            ]
          }
        },
        {
          "file": "(virtual) mirai",
          "features": "",
          "count": 1,
          "kinds": {
            "Cargo": [
              "// pkg_name=simple_test, checker=Mirai\n// toolchain=nightly, target=x86_64-unknown-linux-gnu\n// features=\n// pkg_dir=/home/runner/check/batch_45/qclic/sparreal-os/app/simple_test\n// cmd=cargo +nightly-2025-01-04 mirai --target x86_64-unknown-linux-gnu \n// timestamp=2025-02-21 22:05:39.020691861 +08:00:00\n   Compiling simple_test v0.8.1 (/home/runner/check/batch_45/qclic/sparreal-os/app/simple_test)\n    Finished `dev` profile [unoptimized + debuginfo] target(s) in 0.17s\n   Compiling scopeguard v1.2.0\n   Compiling rdif-base v0.1.2\n   Compiling num-traits v0.2.19\n   Compiling thiserror v2.0.11\n   Compiling lock_api v0.4.12\n   Compiling bytemuck v1.21.0\n   Compiling futures-core v0.3.31\n   Compiling arrayvec v0.7.6\n   Compiling futures-sink v0.3.31\n   Compiling spin v0.9.8\n   Compiling log v0.4.25\n   Compiling rgb v0.8.50\n   Compiling rdif-intc v0.1.1\n   Compiling rdif-timer v0.1.1\n   Compiling pin-project-lite v0.2.16\n   Compiling futures-task v0.3.31\n   Compiling pin-utils v0.1.0\n   Compiling fdt-parser v0.4.10\n   Compiling utf8-width v0.1.7\n   Compiling futures-util v0.3.31\n   Compiling ansi_rgb v0.2.0\n   Compiling rust_decimal v1.36.0\n   Compiling rdrive v0.1.4\n   Compiling page-table-generic v0.5.3\n   Compiling byte-unit v5.1.6\n   Compiling anyhow v1.0.95\n   Compiling lazy_static v1.5.0\n   Compiling buddy_system_allocator v0.11.0\n   Compiling futures-channel v0.3.31\n   Compiling dma-api v0.2.0\n   Compiling pasts v0.14.3\n   Compiling memory_addr v0.3.1\n   Compiling futures-io v0.3.31\n   Compiling bare-test v0.4.0 (/home/runner/check/batch_45/qclic/sparreal-os/crates/bare-test)\n   Compiling simple_test v0.8.1 (/home/runner/check/batch_45/qclic/sparreal-os/app/simple_test)\n   Compiling sparreal-kernel v0.8.1 (/home/runner/check/batch_45/qclic/sparreal-os/crates/sparreal-kernel)\n   Compiling futures v0.3.31\n   Compiling sparreal-rt v0.8.1 (/home/runner/check/batch_45/qclic/sparreal-os/crates/sparreal-rt)\nerror: could not compile `sparreal-rt` (lib) due to 1 previous error\nwarning: build failed, waiting for other jobs to finish...\n"
            ]
          }
        },
        {
          "file": "crates/sparreal-rt/src/lib.rs",
          "features": "",
          "count": 1,
          "kinds": {
            "Mirai": [
              "error[E0583]: file not found for module `arch`\n  --> crates/sparreal-rt/src/lib.rs:12:1\n   |\n12 | pub mod arch;\n   | ^^^^^^^^^^^^^\n   |\n   = help: to create the module `arch`, create file \"crates/sparreal-rt/src/arch.rs\" or \"crates/sparreal-rt/src/arch/mod.rs\"\n   = note: if there is a `mod arch` elsewhere in the crate already, import it with `use crate::...` instead\n\n"
            ]
          }
        }
      ]
    },
    {
      "user": "qclic",
      "repo": "sparreal-os",
      "pkg": "page-table-arm",
      "count": 6,
      "raw_reports": [
        {
          "file": "(virtual) semver-checks",
          "features": "",
          "count": 2,
          "kinds": {
            "Cargo": [
              "// pkg_name=page-table-arm, checker=SemverChecks\n// toolchain=nightly, target=aarch64-unknown-none\n// features=\n// pkg_dir=/home/runner/check/batch_45/qclic/sparreal-os/crates/page-table-arm\n// cmd=cargo +nightly-2025-01-26-x86_64-unknown-linux-gnu semver-checks --target aarch64-unknown-none \n// timestamp=2025-02-21 22:05:03.698933604 +08:00:00\n    Building page-table-arm v0.1.0 (current)\nerror: running cargo-doc on crate 'page-table-arm' failed with output:\n-----\n    Checking tock-registers v0.9.0\n    Checking log v0.4.26\n    Checking bitflags v2.8.0\nerror[E0463]: can't find crate for `core`\n  |\n  = note: the `aarch64-unknown-none` target may not be installed\n  = help: consider downloading the target with `rustup target add aarch64-unknown-none`\n  = help: consider building the standard library from source with `cargo build -Zbuild-std`\n\nFor more information about this error, try `rustc --explain E0463`.\nerror: could not compile `bitflags` (lib) due to 1 previous error\nwarning: build failed, waiting for other jobs to finish...\nerror: could not compile `tock-registers` (lib) due to 1 previous error\nerror: could not compile `log` (lib) due to 1 previous error\n\n-----\n\nerror: failed to build rustdoc for crate page-table-arm v0.1.0\nnote: this is usually due to a compilation error in the crate,\n      and is unlikely to be a bug in cargo-semver-checks\nnote: the following command can be used to reproduce the compilation error:\n      cargo new --lib example &&\n          cd example &&\n          echo '[workspace]' >> Cargo.toml &&\n          cargo add --path /home/runner/check/batch_45/qclic/sparreal-os/crates/page-table-arm &&\n          cargo check\n\nerror: aborting due to failure to build rustdoc for crate page-table-arm v0.1.0\n",
              "// pkg_name=page-table-arm, checker=SemverChecks\n// toolchain=nightly, target=x86_64-unknown-linux-gnu\n// features=\n// pkg_dir=/home/runner/check/batch_45/qclic/sparreal-os/crates/page-table-arm\n// cmd=cargo +nightly-2025-01-26-x86_64-unknown-linux-gnu semver-checks --target x86_64-unknown-linux-gnu \n// timestamp=2025-02-21 22:05:04.079857171 +08:00:00\n    Building page-table-arm v0.1.0 (current)\n       Built [   1.615s] (current)\n     Parsing page-table-arm v0.1.0 (current)\nerror: unsupported rustdoc format v39 for file: /home/runner/check/batch_45/qclic/sparreal-os/target/semver-checks/local-page_table_arm-0_1_0-01666ec060466c14/target/x86_64-unknown-linux-gnu/doc/page_table_arm.json\n"
            ]
          }
        },
        {
          "file": "[outdated direct dependencies]",
          "features": "",
          "count": 2,
          "kinds": {
            "Outdated": [
              "pkg=page-table-arm, checker=Outdated\ntoolchain=nightly, target=aarch64-unknown-none\nfeatures=\npkg_dir=/home/runner/check/batch_45/qclic/sparreal-os/crates/page-table-arm\ncmd=cargo +nightly-2025-01-26-x86_64-unknown-linux-gnu outdated -R --exit-code=2\ntimestamp=2025-02-21 22:07:15.211842648 +08:00:00\n\nName  Project  Compat  Latest  Kind    Platform\n----  -------  ------  ------  ----    --------\nlog   0.4.25   0.4.26  0.4.26  Normal  ---\n",
              "pkg=page-table-arm, checker=Outdated\ntoolchain=nightly, target=x86_64-unknown-linux-gnu\nfeatures=\npkg_dir=/home/runner/check/batch_45/qclic/sparreal-os/crates/page-table-arm\ncmd=cargo +nightly-2025-01-26-x86_64-unknown-linux-gnu outdated -R --exit-code=2\ntimestamp=2025-02-21 22:07:15.70472178 +08:00:00\n\nName  Project  Compat  Latest  Kind    Platform\n----  -------  ------  ------  ----    --------\nlog   0.4.25   0.4.26  0.4.26  Normal  ---\n"
            ]
          }
        },
        {
          "file": "[semver checks]",
          "features": "",
          "count": 2,
          "kinds": {
            "Semver Violation": [
              "pkg=page-table-arm, checker=SemverChecks\ntoolchain=nightly, target=aarch64-unknown-none\nfeatures=\npkg_dir=/home/runner/check/batch_45/qclic/sparreal-os/crates/page-table-arm\ncmd=cargo +nightly-2025-01-26-x86_64-unknown-linux-gnu semver-checks --target aarch64-unknown-none \ntimestamp=2025-02-21 22:05:04.077728695 +08:00:00\n\n\nstdout:\n\nstderr:\n    Building page-table-arm v0.1.0 (current)\nerror: running cargo-doc on crate 'page-table-arm' failed with output:\n-----\n    Checking tock-registers v0.9.0\n    Checking log v0.4.26\n    Checking bitflags v2.8.0\nerror[E0463]: can't find crate for `core`\n  |\n  = note: the `aarch64-unknown-none` target may not be installed\n  = help: consider downloading the target with `rustup target add aarch64-unknown-none`\n  = help: consider building the standard library from source with `cargo build -Zbuild-std`\n\nFor more information about this error, try `rustc --explain E0463`.\nerror: could not compile `bitflags` (lib) due to 1 previous error\nwarning: build failed, waiting for other jobs to finish...\nerror: could not compile `tock-registers` (lib) due to 1 previous error\nerror: could not compile `log` (lib) due to 1 previous error\n\n-----\n\nerror: failed to build rustdoc for crate page-table-arm v0.1.0\nnote: this is usually due to a compilation error in the crate,\n      and is unlikely to be a bug in cargo-semver-checks\nnote: the following command can be used to reproduce the compilation error:\n      cargo new --lib example &&\n          cd example &&\n          echo '[workspace]' >> Cargo.toml &&\n          cargo add --path /home/runner/check/batch_45/qclic/sparreal-os/crates/page-table-arm &&\n          cargo check\n\nerror: aborting due to failure to build rustdoc for crate page-table-arm v0.1.0\n",
              "pkg=page-table-arm, checker=SemverChecks\ntoolchain=nightly, target=x86_64-unknown-linux-gnu\nfeatures=\npkg_dir=/home/runner/check/batch_45/qclic/sparreal-os/crates/page-table-arm\ncmd=cargo +nightly-2025-01-26-x86_64-unknown-linux-gnu semver-checks --target x86_64-unknown-linux-gnu \ntimestamp=2025-02-21 22:05:05.926405452 +08:00:00\n\n\nstdout:\n\nstderr:\n    Building page-table-arm v0.1.0 (current)\n       Built [   1.615s] (current)\n     Parsing page-table-arm v0.1.0 (current)\nerror: unsupported rustdoc format v39 for file: /home/runner/check/batch_45/qclic/sparreal-os/target/semver-checks/local-page_table_arm-0_1_0-01666ec060466c14/target/x86_64-unknown-linux-gnu/doc/page_table_arm.json\n"
            ]
          }
        }
      ]
    }
  ],
  "kinds_order": [
    "Cargo",
    "Clippy(Error)",
    "Clippy(Warn)",
    "Semver Violation",
    "Audit",
    "Mirai",
    "Rapx",
    "Rudra",
    "Lockbud(Probably)",
    "Lockbud(Possibly)",
    "Outdated",
    "Geiger",
    "Unformatted"
  ]
}