{
  "repo": {
    "user": "qclic",
    "repo": "sparreal-os"
  },
  "data": [
    {
      "user": "qclic",
      "repo": "sparreal-os",
      "pkg": "bare-test",
      "count": 8,
      "raw_reports": [
        {
          "file": "crates/sparreal-rt/src/lib.rs",
          "features": "",
          "count": 2,
          "kinds": {
            "Clippy(Error)": [
              "error[E0583]: file not found for module `arch`\n  --> crates/sparreal-rt/src/lib.rs:12:1\n   |\n12 | pub mod arch;\n   | ^^^^^^^^^^^^^\n   |\n   = help: to create the module `arch`, create file \"crates/sparreal-rt/src/arch.rs\" or \"crates/sparreal-rt/src/arch/mod.rs\"\n   = note: if there is a `mod arch` elsewhere in the crate already, import it with `use crate::...` instead\n\n"
            ],
            "Mirai": [
              "error[E0583]: file not found for module `arch`\n  --> crates/sparreal-rt/src/lib.rs:12:1\n   |\n12 | pub mod arch;\n   | ^^^^^^^^^^^^^\n   |\n   = help: to create the module `arch`, create file \"crates/sparreal-rt/src/arch.rs\" or \"crates/sparreal-rt/src/arch/mod.rs\"\n   = note: if there is a `mod arch` elsewhere in the crate already, import it with `use crate::...` instead\n\n"
            ]
          }
        },
        {
          "file": "(virtual) clippy",
          "features": "",
          "count": 1,
          "kinds": {
            "Cargo": [
              "// pkg_name=bare-test, checker=Clippy\n// toolchain=nightly, target=x86_64-unknown-linux-gnu\n// features=\n// pkg_dir=/home/runner/check/batch_45/qclic/sparreal-os/crates/bare-test\n// cmd=cargo clippy --target x86_64-unknown-linux-gnu  --no-deps\n// timestamp=2025-02-21 22:04:40.741937446 +08:00:00\n    Checking scopeguard v1.2.0\n   Compiling lock_api v0.4.12\n   Compiling thiserror v2.0.11\n   Compiling num-traits v0.2.19\n    Checking rdif-base v0.1.2\n   Compiling rust_decimal v1.36.0\n    Checking log v0.4.25\n    Checking arrayvec v0.7.6\n    Checking futures-sink v0.3.31\n    Checking spin v0.9.8\n    Checking futures-core v0.3.31\n    Checking bytemuck v1.21.0\n   Compiling anyhow v1.0.95\n    Checking rdif-intc v0.1.1\n    Checking rdif-timer v0.1.1\n    Checking utf8-width v0.1.7\n    Checking bitflags v2.8.0\n    Checking rgb v0.8.50\n    Checking fdt-parser v0.4.10\n    Checking futures-task v0.3.31\n    Checking pin-utils v0.1.0\n    Checking pin-project-lite v0.2.16\n    Checking rdrive v0.1.4\n    Checking futures-util v0.3.31\n    Checking ansi_rgb v0.2.0\n    Checking page-table-generic v0.5.3\n    Checking lazy_static v1.5.0\n    Checking buddy_system_allocator v0.11.0\n    Checking futures-channel v0.3.31\n    Checking pasts v0.14.3\n    Checking memory_addr v0.3.1\n    Checking futures-io v0.3.31\n    Checking dma-api v0.2.0\n   Compiling sparreal-rt v0.8.1 (/home/runner/check/batch_45/qclic/sparreal-os/crates/sparreal-rt)\n   Compiling bare-test v0.4.0 (/home/runner/check/batch_45/qclic/sparreal-os/crates/bare-test)\n    Checking byte-unit v5.1.6\n    Checking sparreal-kernel v0.8.1 (/home/runner/check/batch_45/qclic/sparreal-os/crates/sparreal-kernel)\n    Checking futures v0.3.31\nerror: could not compile `sparreal-rt` (lib) due to 1 previous error\n"
            ]
          }
        },
        {
          "file": "(virtual) lockbud",
          "features": "",
          "count": 1,
          "kinds": {
            "Cargo": [
              "// pkg_name=bare-test, checker=Lockbud\n// toolchain=nightly, target=x86_64-unknown-linux-gnu\n// features=\n// pkg_dir=/home/runner/check/batch_45/qclic/sparreal-os/crates/bare-test\n// cmd=cargo +nightly-2024-12-01 lockbud -k all -- --target x86_64-unknown-linux-gnu \n// timestamp=2025-02-21 22:06:42.845518583 +08:00:00\n   Compiling scopeguard v1.2.0\n   Compiling lock_api v0.4.12\n   Compiling thiserror v2.0.11\n   Compiling num-traits v0.2.19\n   Compiling rdif-base v0.1.2\n   Compiling rust_decimal v1.36.0\n   Compiling futures-core v0.3.31\n   Compiling bytemuck v1.21.0\n   Compiling arrayvec v0.7.6\n   Compiling spin v0.9.8\n   Compiling futures-sink v0.3.31\n   Compiling log v0.4.25\n   Compiling anyhow v1.0.95\n   Compiling rgb v0.8.50\n   Compiling rdif-intc v0.1.1\n[2025-02-21T14:06:43Z WARN  lockbud::callbacks] [\n      {\n        \"AtomicityViolation\": {\n          \"bug_kind\": \"AtomicityViolation\",\n          \"possibility\": \"Possibly\",\n          \"diagnosis\": {\n            \"fn_name\": \"set_logger_racy\",\n            \"atomic_reader\": \"/home/runner/.cargo/registry/src/index.crates.io-6f17d22bba15001f/log-0.4.25/src/lib.rs:1453:11: 1453:40 (#0)\",\n            \"atomic_writer\": \"/home/runner/.cargo/registry/src/index.crates.io-6f17d22bba15001f/log-0.4.25/src/lib.rs:1456:13: 1456:56 (#0)\",\n            \"dep_kind\": \"Control\"\n          },\n          \"explanation\": \"atomic::store is data/control dependent on atomic::load\"\n        }\n      }\n    ]\n[2025-02-21T14:06:43Z WARN  lockbud::callbacks] crate log contains bugs: { probably: 0, possibly: 0 }, conflictlock: { probably: 0, possibly: 0 }, condvar_deadlock: { probably: 0, possibly: 0 }, atomicity_violation: { possibly: 1 }, invalid_free: { possibly: 0 }, use_after_free: { possibly: 0 }\n   Compiling rdif-timer v0.1.1\n   Compiling utf8-width v0.1.7\n   Compiling fdt-parser v0.4.10\n   Compiling bitflags v2.8.0\n   Compiling pin-project-lite v0.2.16\n   Compiling pin-utils v0.1.0\n   Compiling futures-task v0.3.31\n   Compiling rdrive v0.1.4\n   Compiling futures-util v0.3.31\n   Compiling ansi_rgb v0.2.0\n   Compiling page-table-generic v0.5.3\n   Compiling byte-unit v5.1.6\n   Compiling buddy_system_allocator v0.11.0\n   Compiling lazy_static v1.5.0\n   Compiling futures-channel v0.3.31\n   Compiling dma-api v0.2.0\n   Compiling futures-io v0.3.31\n   Compiling memory_addr v0.3.1\n   Compiling pasts v0.14.3\n   Compiling sparreal-rt v0.8.1 (/home/runner/check/batch_45/qclic/sparreal-os/crates/sparreal-rt)\n   Compiling bare-test v0.4.0 (/home/runner/check/batch_45/qclic/sparreal-os/crates/bare-test)\n   Compiling sparreal-kernel v0.8.1 (/home/runner/check/batch_45/qclic/sparreal-os/crates/sparreal-kernel)\n   Compiling futures v0.3.31\nerror[E0583]: file not found for module `arch`\n  --> crates/sparreal-rt/src/lib.rs:12:1\n   |\n12 | pub mod arch;\n   | ^^^^^^^^^^^^^\n   |\n   = help: to create the module `arch`, create file \"crates/sparreal-rt/src/arch.rs\" or \"crates/sparreal-rt/src/arch/mod.rs\"\n   = note: if there is a `mod arch` elsewhere in the crate already, import it with `use crate::...` instead\n\nFor more information about this error, try `rustc --explain E0583`.\nerror: could not compile `sparreal-rt` (lib) due to 1 previous error\nwarning: build failed, waiting for other jobs to finish...\n"
            ]
          }
        },
        {
          "file": "(virtual) mirai",
          "features": "",
          "count": 1,
          "kinds": {
            "Cargo": [
              "// pkg_name=bare-test, checker=Mirai\n// toolchain=nightly, target=x86_64-unknown-linux-gnu\n// features=\n// pkg_dir=/home/runner/check/batch_45/qclic/sparreal-os/crates/bare-test\n// cmd=cargo +nightly-2025-01-04 mirai --target x86_64-unknown-linux-gnu \n// timestamp=2025-02-21 22:05:24.436107223 +08:00:00\n   Compiling proc-macro2 v1.0.93\n   Compiling unicode-ident v1.0.16\n   Compiling autocfg v1.4.0\n    Checking scopeguard v1.2.0\n   Compiling strsim v0.11.1\n   Compiling ident_case v1.0.1\n   Compiling fnv v1.0.7\n   Compiling thiserror v2.0.11\n   Compiling rust_decimal v1.36.0\n    Checking rdif-base v0.1.2\n   Compiling anyhow v1.0.95\n   Compiling lock_api v0.4.12\n   Compiling quote v1.0.38\n   Compiling num-traits v0.2.19\n   Compiling syn v2.0.98\n    Checking spin v0.9.8\n    Checking log v0.4.25\n    Checking arrayvec v0.7.6\n    Checking futures-core v0.3.31\n    Checking bytemuck v1.21.0\n    Checking futures-sink v0.3.31\n    Checking rdif-timer v0.1.1\n    Checking rdif-intc v0.1.1\n    Checking rgb v0.8.50\n    Checking pin-utils v0.1.0\n    Checking bitflags v2.8.0\n    Checking fdt-parser v0.4.10\n    Checking utf8-width v0.1.7\n    Checking pin-project-lite v0.2.16\n    Checking futures-task v0.3.31\n    Checking ansi_rgb v0.2.0\n    Checking futures-util v0.3.31\n    Checking futures-channel v0.3.31\n    Checking lazy_static v1.5.0\n    Checking buddy_system_allocator v0.11.0\n    Checking byte-unit v5.1.6\n    Checking futures-io v0.3.31\n    Checking dma-api v0.2.0\n    Checking pasts v0.14.3\n    Checking memory_addr v0.3.1\n   Compiling sparreal-rt v0.8.1 (/home/runner/check/batch_45/qclic/sparreal-os/crates/sparreal-rt)\n   Compiling bare-test v0.4.0 (/home/runner/check/batch_45/qclic/sparreal-os/crates/bare-test)\n    Checking futures v0.3.31\n   Compiling darling_core v0.20.10\n   Compiling abi-singleton v0.3.0\n   Compiling rdrive-macro-utils v0.1.1\n   Compiling thiserror-impl v2.0.11\n   Compiling bare-test-macros v0.2.0 (/home/runner/check/batch_45/qclic/sparreal-os/crates/bare-test-macros)\n   Compiling darling_macro v0.20.10\n    Checking rdrive v0.1.4\n    Checking page-table-generic v0.5.3\n   Compiling darling v0.20.10\n   Compiling sparreal-macros v0.8.1 (/home/runner/check/batch_45/qclic/sparreal-os/crates/sparreal-macros)\n    Checking sparreal-kernel v0.8.1 (/home/runner/check/batch_45/qclic/sparreal-os/crates/sparreal-kernel)\nerror: could not compile `sparreal-rt` (lib) due to 1 previous error\n"
            ]
          }
        },
        {
          "file": "(virtual) semver-checks",
          "features": "",
          "count": 1,
          "kinds": {
            "Cargo": [
              "// pkg_name=bare-test, checker=SemverChecks\n// toolchain=nightly, target=x86_64-unknown-linux-gnu\n// features=\n// pkg_dir=/home/runner/check/batch_45/qclic/sparreal-os/crates/bare-test\n// cmd=cargo +nightly-2025-01-26-x86_64-unknown-linux-gnu semver-checks --target x86_64-unknown-linux-gnu \n// timestamp=2025-02-21 22:04:57.389513097 +08:00:00\n    Building bare-test v0.4.0 (current)\nerror: running cargo-doc on crate 'bare-test' failed with output:\n-----\n   Compiling proc-macro2 v1.0.93\n    Checking scopeguard v1.2.0\n   Compiling lock_api v0.4.12\n   Compiling num-traits v0.2.19\n   Compiling ident_case v1.0.1\n   Compiling thiserror v2.0.11\n   Compiling strsim v0.11.1\n   Compiling fnv v1.0.7\n    Checking spin v0.9.8\n   Compiling quote v1.0.38\n   Compiling rust_decimal v1.36.0\n    Checking rdif-base v0.1.4\n   Compiling syn v2.0.98\n    Checking arrayvec v0.7.6\n    Checking log v0.4.26\n    Checking futures-sink v0.3.31\n    Checking bytemuck v1.21.0\n   Compiling anyhow v1.0.96\n    Checking futures-core v0.3.31\n    Checking rgb v0.8.50\n    Checking rdif-timer v0.1.3\n    Checking rdif-intc v0.1.3\n    Checking pin-utils v0.1.0\n    Checking bitflags v2.8.0\n    Checking pin-project-lite v0.2.16\n    Checking fdt-parser v0.4.10\n    Checking futures-task v0.3.31\n    Checking utf8-width v0.1.7\n    Checking futures-util v0.3.31\n    Checking byte-unit v5.1.6\n    Checking ansi_rgb v0.2.0\n    Checking futures-channel v0.3.31\n    Checking lazy_static v1.5.0\n    Checking buddy_system_allocator v0.11.0\n    Checking pasts v0.14.3\n   Compiling sparreal-rt v0.8.1 (/home/runner/check/batch_45/qclic/sparreal-os/crates/sparreal-rt)\n    Checking dma-api v0.2.2\n    Checking futures-io v0.3.31\n    Checking memory_addr v0.3.1\n   Compiling bare-test v0.4.0 (/home/runner/check/batch_45/qclic/sparreal-os/crates/bare-test)\n    Checking futures v0.3.31\n   Compiling darling_core v0.20.10\n   Compiling abi-singleton v0.3.0\n   Compiling rdrive-macro-utils v0.1.1\n   Compiling thiserror-impl v2.0.11\n   Compiling bare-test-macros v0.2.0 (/home/runner/check/batch_45/qclic/sparreal-os/crates/bare-test-macros)\n   Compiling darling_macro v0.20.10\n   Compiling darling v0.20.10\n   Compiling sparreal-macros v0.8.1 (/home/runner/check/batch_45/qclic/sparreal-os/crates/sparreal-macros)\n    Checking rdrive v0.1.6\n    Checking page-table-generic v0.5.3\n    Checking sparreal-kernel v0.8.1 (/home/runner/check/batch_45/qclic/sparreal-os/crates/sparreal-kernel)\nerror[E0583]: file not found for module `arch`\n  --> /home/runner/check/batch_45/qclic/sparreal-os/crates/sparreal-rt/src/lib.rs:12:1\n   |\n12 | pub mod arch;\n   | ^^^^^^^^^^^^^\n   |\n   = help: to create the module `arch`, create file \"/home/runner/check/batch_45/qclic/sparreal-os/crates/sparreal-rt/src/arch.rs\" or \"/home/runner/check/batch_45/qclic/sparreal-os/crates/sparreal-rt/src/arch/mod.rs\"\n   = note: if there is a `mod arch` elsewhere in the crate already, import it with `use crate::...` instead\n\nFor more information about this error, try `rustc --explain E0583`.\nerror: could not compile `sparreal-rt` (lib) due to 1 previous error\n\n-----\n\nerror: failed to build rustdoc for crate bare-test v0.4.0\nnote: this is usually due to a compilation error in the crate,\n      and is unlikely to be a bug in cargo-semver-checks\nnote: the following command can be used to reproduce the compilation error:\n      cargo new --lib example &&\n          cd example &&\n          echo '[workspace]' >> Cargo.toml &&\n          cargo add --path /home/runner/check/batch_45/qclic/sparreal-os/crates/bare-test --features default,rt,sparreal-rt &&\n          cargo check\n\nerror: aborting due to failure to build rustdoc for crate bare-test v0.4.0\n"
            ]
          }
        },
        {
          "file": "[outdated direct dependencies]",
          "features": "",
          "count": 1,
          "kinds": {
            "Outdated": [
              "pkg=bare-test, checker=Outdated\ntoolchain=nightly, target=x86_64-unknown-linux-gnu\nfeatures=\npkg_dir=/home/runner/check/batch_45/qclic/sparreal-os/crates/bare-test\ncmd=cargo +nightly-2025-01-26-x86_64-unknown-linux-gnu outdated -R --exit-code=2\ntimestamp=2025-02-21 22:07:12.718201656 +08:00:00\n\nName  Project  Compat  Latest  Kind    Platform\n----  -------  ------  ------  ----    --------\nlog   0.4.25   0.4.26  0.4.26  Normal  ---\n"
            ]
          }
        },
        {
          "file": "[semver checks]",
          "features": "",
          "count": 1,
          "kinds": {
            "Semver Violation": [
              "pkg=bare-test, checker=SemverChecks\ntoolchain=nightly, target=x86_64-unknown-linux-gnu\nfeatures=\npkg_dir=/home/runner/check/batch_45/qclic/sparreal-os/crates/bare-test\ncmd=cargo +nightly-2025-01-26-x86_64-unknown-linux-gnu semver-checks --target x86_64-unknown-linux-gnu \ntimestamp=2025-02-21 22:05:03.6955735 +08:00:00\n\n\nstdout:\n\nstderr:\n    Building bare-test v0.4.0 (current)\nerror: running cargo-doc on crate 'bare-test' failed with output:\n-----\n   Compiling proc-macro2 v1.0.93\n    Checking scopeguard v1.2.0\n   Compiling lock_api v0.4.12\n   Compiling num-traits v0.2.19\n   Compiling ident_case v1.0.1\n   Compiling thiserror v2.0.11\n   Compiling strsim v0.11.1\n   Compiling fnv v1.0.7\n    Checking spin v0.9.8\n   Compiling quote v1.0.38\n   Compiling rust_decimal v1.36.0\n    Checking rdif-base v0.1.4\n   Compiling syn v2.0.98\n    Checking arrayvec v0.7.6\n    Checking log v0.4.26\n    Checking futures-sink v0.3.31\n    Checking bytemuck v1.21.0\n   Compiling anyhow v1.0.96\n    Checking futures-core v0.3.31\n    Checking rgb v0.8.50\n    Checking rdif-timer v0.1.3\n    Checking rdif-intc v0.1.3\n    Checking pin-utils v0.1.0\n    Checking bitflags v2.8.0\n    Checking pin-project-lite v0.2.16\n    Checking fdt-parser v0.4.10\n    Checking futures-task v0.3.31\n    Checking utf8-width v0.1.7\n    Checking futures-util v0.3.31\n    Checking byte-unit v5.1.6\n    Checking ansi_rgb v0.2.0\n    Checking futures-channel v0.3.31\n    Checking lazy_static v1.5.0\n    Checking buddy_system_allocator v0.11.0\n    Checking pasts v0.14.3\n   Compiling sparreal-rt v0.8.1 (/home/runner/check/batch_45/qclic/sparreal-os/crates/sparreal-rt)\n    Checking dma-api v0.2.2\n    Checking futures-io v0.3.31\n    Checking memory_addr v0.3.1\n   Compiling bare-test v0.4.0 (/home/runner/check/batch_45/qclic/sparreal-os/crates/bare-test)\n    Checking futures v0.3.31\n   Compiling darling_core v0.20.10\n   Compiling abi-singleton v0.3.0\n   Compiling rdrive-macro-utils v0.1.1\n   Compiling thiserror-impl v2.0.11\n   Compiling bare-test-macros v0.2.0 (/home/runner/check/batch_45/qclic/sparreal-os/crates/bare-test-macros)\n   Compiling darling_macro v0.20.10\n   Compiling darling v0.20.10\n   Compiling sparreal-macros v0.8.1 (/home/runner/check/batch_45/qclic/sparreal-os/crates/sparreal-macros)\n    Checking rdrive v0.1.6\n    Checking page-table-generic v0.5.3\n    Checking sparreal-kernel v0.8.1 (/home/runner/check/batch_45/qclic/sparreal-os/crates/sparreal-kernel)\nerror[E0583]: file not found for module `arch`\n  --> /home/runner/check/batch_45/qclic/sparreal-os/crates/sparreal-rt/src/lib.rs:12:1\n   |\n12 | pub mod arch;\n   | ^^^^^^^^^^^^^\n   |\n   = help: to create the module `arch`, create file \"/home/runner/check/batch_45/qclic/sparreal-os/crates/sparreal-rt/src/arch.rs\" or \"/home/runner/check/batch_45/qclic/sparreal-os/crates/sparreal-rt/src/arch/mod.rs\"\n   = note: if there is a `mod arch` elsewhere in the crate already, import it with `use crate::...` instead\n\nFor more information about this error, try `rustc --explain E0583`.\nerror: could not compile `sparreal-rt` (lib) due to 1 previous error\n\n-----\n\nerror: failed to build rustdoc for crate bare-test v0.4.0\nnote: this is usually due to a compilation error in the crate,\n      and is unlikely to be a bug in cargo-semver-checks\nnote: the following command can be used to reproduce the compilation error:\n      cargo new --lib example &&\n          cd example &&\n          echo '[workspace]' >> Cargo.toml &&\n          cargo add --path /home/runner/check/batch_45/qclic/sparreal-os/crates/bare-test --features default,rt,sparreal-rt &&\n          cargo check\n\nerror: aborting due to failure to build rustdoc for crate bare-test v0.4.0\n"
            ]
          }
        }
      ]
    },
    {
      "user": "qclic",
      "repo": "sparreal-os",
      "pkg": "sparreal-rt",
      "count": 8,
      "raw_reports": [
        {
          "file": "crates/sparreal-rt/src/lib.rs",
          "features": "",
          "count": 2,
          "kinds": {
            "Mirai": [
              "error[E0583]: file not found for module `arch`\n  --> crates/sparreal-rt/src/lib.rs:12:1\n   |\n12 | pub mod arch;\n   | ^^^^^^^^^^^^^\n   |\n   = help: to create the module `arch`, create file \"crates/sparreal-rt/src/arch.rs\" or \"crates/sparreal-rt/src/arch/mod.rs\"\n   = note: if there is a `mod arch` elsewhere in the crate already, import it with `use crate::...` instead\n\n"
            ],
            "Clippy(Error)": [
              "error[E0583]: file not found for module `arch`\n  --> crates/sparreal-rt/src/lib.rs:12:1\n   |\n12 | pub mod arch;\n   | ^^^^^^^^^^^^^\n   |\n   = help: to create the module `arch`, create file \"crates/sparreal-rt/src/arch.rs\" or \"crates/sparreal-rt/src/arch/mod.rs\"\n   = note: if there is a `mod arch` elsewhere in the crate already, import it with `use crate::...` instead\n\n"
            ]
          }
        },
        {
          "file": "(virtual) clippy",
          "features": "",
          "count": 1,
          "kinds": {
            "Cargo": [
              "// pkg_name=sparreal-rt, checker=Clippy\n// toolchain=nightly, target=x86_64-unknown-linux-gnu\n// features=\n// pkg_dir=/home/runner/check/batch_45/qclic/sparreal-os/crates/sparreal-rt\n// cmd=cargo clippy --target x86_64-unknown-linux-gnu  --no-deps\n// timestamp=2025-02-21 22:04:50.77942885 +08:00:00\n    Checking sparreal-rt v0.8.1 (/home/runner/check/batch_45/qclic/sparreal-os/crates/sparreal-rt)\nerror: could not compile `sparreal-rt` (lib) due to 1 previous error\n"
            ]
          }
        },
        {
          "file": "(virtual) lockbud",
          "features": "",
          "count": 1,
          "kinds": {
            "Cargo": [
              "// pkg_name=sparreal-rt, checker=Lockbud\n// toolchain=nightly, target=x86_64-unknown-linux-gnu\n// features=\n// pkg_dir=/home/runner/check/batch_45/qclic/sparreal-os/crates/sparreal-rt\n// cmd=cargo +nightly-2024-12-01 lockbud -k all -- --target x86_64-unknown-linux-gnu \n// timestamp=2025-02-21 22:06:52.471760335 +08:00:00\n[2025-02-21T14:06:43Z WARN  lockbud::callbacks] [\n      {\n        \"AtomicityViolation\": {\n          \"bug_kind\": \"AtomicityViolation\",\n          \"possibility\": \"Possibly\",\n          \"diagnosis\": {\n            \"fn_name\": \"set_logger_racy\",\n            \"atomic_reader\": \"/home/runner/.cargo/registry/src/index.crates.io-6f17d22bba15001f/log-0.4.25/src/lib.rs:1453:11: 1453:40 (#0)\",\n            \"atomic_writer\": \"/home/runner/.cargo/registry/src/index.crates.io-6f17d22bba15001f/log-0.4.25/src/lib.rs:1456:13: 1456:56 (#0)\",\n            \"dep_kind\": \"Control\"\n          },\n          \"explanation\": \"atomic::store is data/control dependent on atomic::load\"\n        }\n      }\n    ]\n[2025-02-21T14:06:43Z WARN  lockbud::callbacks] crate log contains bugs: { probably: 0, possibly: 0 }, conflictlock: { probably: 0, possibly: 0 }, condvar_deadlock: { probably: 0, possibly: 0 }, atomicity_violation: { possibly: 1 }, invalid_free: { possibly: 0 }, use_after_free: { possibly: 0 }\n   Compiling sparreal-rt v0.8.1 (/home/runner/check/batch_45/qclic/sparreal-os/crates/sparreal-rt)\nerror[E0583]: file not found for module `arch`\n  --> crates/sparreal-rt/src/lib.rs:12:1\n   |\n12 | pub mod arch;\n   | ^^^^^^^^^^^^^\n   |\n   = help: to create the module `arch`, create file \"crates/sparreal-rt/src/arch.rs\" or \"crates/sparreal-rt/src/arch/mod.rs\"\n   = note: if there is a `mod arch` elsewhere in the crate already, import it with `use crate::...` instead\n\nFor more information about this error, try `rustc --explain E0583`.\nerror: could not compile `sparreal-rt` (lib) due to 1 previous error\n"
            ]
          }
        },
        {
          "file": "(virtual) mirai",
          "features": "",
          "count": 1,
          "kinds": {
            "Cargo": [
              "// pkg_name=sparreal-rt, checker=Mirai\n// toolchain=nightly, target=x86_64-unknown-linux-gnu\n// features=\n// pkg_dir=/home/runner/check/batch_45/qclic/sparreal-os/crates/sparreal-rt\n// cmd=cargo +nightly-2025-01-04 mirai --target x86_64-unknown-linux-gnu \n// timestamp=2025-02-21 22:06:17.725004068 +08:00:00\n    Checking sparreal-rt v0.8.1 (/home/runner/check/batch_45/qclic/sparreal-os/crates/sparreal-rt)\nerror: could not compile `sparreal-rt` (lib) due to 1 previous error\n"
            ]
          }
        },
        {
          "file": "(virtual) semver-checks",
          "features": "",
          "count": 1,
          "kinds": {
            "Cargo": [
              "// pkg_name=sparreal-rt, checker=SemverChecks\n// toolchain=nightly, target=x86_64-unknown-linux-gnu\n// features=\n// pkg_dir=/home/runner/check/batch_45/qclic/sparreal-os/crates/sparreal-rt\n// cmd=cargo +nightly-2025-01-26-x86_64-unknown-linux-gnu semver-checks --target x86_64-unknown-linux-gnu \n// timestamp=2025-02-21 22:05:17.738271936 +08:00:00\n    Building sparreal-rt v0.8.1 (current)\nerror: running cargo-doc on crate 'sparreal-rt' failed with output:\n-----\n   Compiling proc-macro2 v1.0.93\n    Checking scopeguard v1.2.0\n   Compiling lock_api v0.4.12\n   Compiling num-traits v0.2.19\n   Compiling strsim v0.11.1\n   Compiling fnv v1.0.7\n   Compiling thiserror v2.0.11\n   Compiling ident_case v1.0.1\n    Checking spin v0.9.8\n   Compiling quote v1.0.38\n    Checking rdif-base v0.1.4\n   Compiling rust_decimal v1.36.0\n   Compiling syn v2.0.98\n    Checking futures-core v0.3.31\n    Checking arrayvec v0.7.6\n    Checking log v0.4.26\n   Compiling anyhow v1.0.96\n    Checking futures-sink v0.3.31\n    Checking bytemuck v1.21.0\n    Checking rgb v0.8.50\n    Checking rdif-timer v0.1.3\n    Checking rdif-intc v0.1.3\n    Checking pin-project-lite v0.2.16\n    Checking futures-task v0.3.31\n    Checking utf8-width v0.1.7\n    Checking fdt-parser v0.4.10\n    Checking bitflags v2.8.0\n    Checking pin-utils v0.1.0\n    Checking futures-util v0.3.31\n    Checking byte-unit v5.1.6\n    Checking ansi_rgb v0.2.0\n    Checking futures-channel v0.3.31\n    Checking lazy_static v1.5.0\n    Checking buddy_system_allocator v0.11.0\n   Compiling sparreal-rt v0.8.1 (/home/runner/check/batch_45/qclic/sparreal-os/crates/sparreal-rt)\n    Checking futures-io v0.3.31\n    Checking pasts v0.14.3\n    Checking memory_addr v0.3.1\n    Checking dma-api v0.2.2\n    Checking futures v0.3.31\n   Compiling darling_core v0.20.10\n   Compiling rdrive-macro-utils v0.1.1\n   Compiling abi-singleton v0.3.0\n   Compiling thiserror-impl v2.0.11\n   Compiling darling_macro v0.20.10\n    Checking page-table-generic v0.5.3\n    Checking rdrive v0.1.6\n   Compiling darling v0.20.10\n   Compiling sparreal-macros v0.8.1 (/home/runner/check/batch_45/qclic/sparreal-os/crates/sparreal-macros)\n    Checking sparreal-kernel v0.8.1 (/home/runner/check/batch_45/qclic/sparreal-os/crates/sparreal-kernel)\n Documenting sparreal-rt v0.8.1 (/home/runner/check/batch_45/qclic/sparreal-os/crates/sparreal-rt)\nerror[E0583]: file not found for module `arch`\n  --> /home/runner/check/batch_45/qclic/sparreal-os/crates/sparreal-rt/src/lib.rs:12:1\n   |\n12 | pub mod arch;\n   | ^^^^^^^^^^^^^\n   |\n   = help: to create the module `arch`, create file \"/home/runner/check/batch_45/qclic/sparreal-os/crates/sparreal-rt/src/arch.rs\" or \"/home/runner/check/batch_45/qclic/sparreal-os/crates/sparreal-rt/src/arch/mod.rs\"\n   = note: if there is a `mod arch` elsewhere in the crate already, import it with `use crate::...` instead\n\nFor more information about this error, try `rustc --explain E0583`.\nerror: could not document `sparreal-rt`\n\n-----\n\nerror: failed to build rustdoc for crate sparreal-rt v0.8.1\nnote: this is usually due to a compilation error in the crate,\n      and is unlikely to be a bug in cargo-semver-checks\nnote: the following command can be used to reproduce the compilation error:\n      cargo new --lib example &&\n          cd example &&\n          echo '[workspace]' >> Cargo.toml &&\n          cargo add --path /home/runner/check/batch_45/qclic/sparreal-os/crates/sparreal-rt --features default,early-print &&\n          cargo check\n\nerror: aborting due to failure to build rustdoc for crate sparreal-rt v0.8.1\n"
            ]
          }
        },
        {
          "file": "[outdated direct dependencies]",
          "features": "",
          "count": 1,
          "kinds": {
            "Outdated": [
              "pkg=sparreal-rt, checker=Outdated\ntoolchain=nightly, target=x86_64-unknown-linux-gnu\nfeatures=\npkg_dir=/home/runner/check/batch_45/qclic/sparreal-os/crates/sparreal-rt\ncmd=cargo +nightly-2025-01-26-x86_64-unknown-linux-gnu outdated -R --exit-code=2\ntimestamp=2025-02-21 22:07:19.182820755 +08:00:00\n\nName     Project  Compat  Latest  Kind    Platform\n----     -------  ------  ------  ----    --------\ndma-api  0.2.0    0.2.2   0.2.2   Normal  ---\nlog      0.4.25   0.4.26  0.4.26  Normal  ---\n"
            ]
          }
        },
        {
          "file": "[semver checks]",
          "features": "",
          "count": 1,
          "kinds": {
            "Semver Violation": [
              "pkg=sparreal-rt, checker=SemverChecks\ntoolchain=nightly, target=x86_64-unknown-linux-gnu\nfeatures=\npkg_dir=/home/runner/check/batch_45/qclic/sparreal-os/crates/sparreal-rt\ncmd=cargo +nightly-2025-01-26-x86_64-unknown-linux-gnu semver-checks --target x86_64-unknown-linux-gnu \ntimestamp=2025-02-21 22:05:24.04440413 +08:00:00\n\n\nstdout:\n\nstderr:\n    Building sparreal-rt v0.8.1 (current)\nerror: running cargo-doc on crate 'sparreal-rt' failed with output:\n-----\n   Compiling proc-macro2 v1.0.93\n    Checking scopeguard v1.2.0\n   Compiling lock_api v0.4.12\n   Compiling num-traits v0.2.19\n   Compiling strsim v0.11.1\n   Compiling fnv v1.0.7\n   Compiling thiserror v2.0.11\n   Compiling ident_case v1.0.1\n    Checking spin v0.9.8\n   Compiling quote v1.0.38\n    Checking rdif-base v0.1.4\n   Compiling rust_decimal v1.36.0\n   Compiling syn v2.0.98\n    Checking futures-core v0.3.31\n    Checking arrayvec v0.7.6\n    Checking log v0.4.26\n   Compiling anyhow v1.0.96\n    Checking futures-sink v0.3.31\n    Checking bytemuck v1.21.0\n    Checking rgb v0.8.50\n    Checking rdif-timer v0.1.3\n    Checking rdif-intc v0.1.3\n    Checking pin-project-lite v0.2.16\n    Checking futures-task v0.3.31\n    Checking utf8-width v0.1.7\n    Checking fdt-parser v0.4.10\n    Checking bitflags v2.8.0\n    Checking pin-utils v0.1.0\n    Checking futures-util v0.3.31\n    Checking byte-unit v5.1.6\n    Checking ansi_rgb v0.2.0\n    Checking futures-channel v0.3.31\n    Checking lazy_static v1.5.0\n    Checking buddy_system_allocator v0.11.0\n   Compiling sparreal-rt v0.8.1 (/home/runner/check/batch_45/qclic/sparreal-os/crates/sparreal-rt)\n    Checking futures-io v0.3.31\n    Checking pasts v0.14.3\n    Checking memory_addr v0.3.1\n    Checking dma-api v0.2.2\n    Checking futures v0.3.31\n   Compiling darling_core v0.20.10\n   Compiling rdrive-macro-utils v0.1.1\n   Compiling abi-singleton v0.3.0\n   Compiling thiserror-impl v2.0.11\n   Compiling darling_macro v0.20.10\n    Checking page-table-generic v0.5.3\n    Checking rdrive v0.1.6\n   Compiling darling v0.20.10\n   Compiling sparreal-macros v0.8.1 (/home/runner/check/batch_45/qclic/sparreal-os/crates/sparreal-macros)\n    Checking sparreal-kernel v0.8.1 (/home/runner/check/batch_45/qclic/sparreal-os/crates/sparreal-kernel)\n Documenting sparreal-rt v0.8.1 (/home/runner/check/batch_45/qclic/sparreal-os/crates/sparreal-rt)\nerror[E0583]: file not found for module `arch`\n  --> /home/runner/check/batch_45/qclic/sparreal-os/crates/sparreal-rt/src/lib.rs:12:1\n   |\n12 | pub mod arch;\n   | ^^^^^^^^^^^^^\n   |\n   = help: to create the module `arch`, create file \"/home/runner/check/batch_45/qclic/sparreal-os/crates/sparreal-rt/src/arch.rs\" or \"/home/runner/check/batch_45/qclic/sparreal-os/crates/sparreal-rt/src/arch/mod.rs\"\n   = note: if there is a `mod arch` elsewhere in the crate already, import it with `use crate::...` instead\n\nFor more information about this error, try `rustc --explain E0583`.\nerror: could not document `sparreal-rt`\n\n-----\n\nerror: failed to build rustdoc for crate sparreal-rt v0.8.1\nnote: this is usually due to a compilation error in the crate,\n      and is unlikely to be a bug in cargo-semver-checks\nnote: the following command can be used to reproduce the compilation error:\n      cargo new --lib example &&\n          cd example &&\n          echo '[workspace]' >> Cargo.toml &&\n          cargo add --path /home/runner/check/batch_45/qclic/sparreal-os/crates/sparreal-rt --features default,early-print &&\n          cargo check\n\nerror: aborting due to failure to build rustdoc for crate sparreal-rt v0.8.1\n"
            ]
          }
        }
      ]
    },
    {
      "user": "qclic",
      "repo": "sparreal-os",
      "pkg": "helloworld",
      "count": 6,
      "raw_reports": [
        {
          "file": "crates/sparreal-rt/src/lib.rs",
          "features": "",
          "count": 2,
          "kinds": {
            "Clippy(Error)": [
              "error[E0583]: file not found for module `arch`\n  --> crates/sparreal-rt/src/lib.rs:12:1\n   |\n12 | pub mod arch;\n   | ^^^^^^^^^^^^^\n   |\n   = help: to create the module `arch`, create file \"crates/sparreal-rt/src/arch.rs\" or \"crates/sparreal-rt/src/arch/mod.rs\"\n   = note: if there is a `mod arch` elsewhere in the crate already, import it with `use crate::...` instead\n\n"
            ],
            "Mirai": [
              "error[E0583]: file not found for module `arch`\n  --> crates/sparreal-rt/src/lib.rs:12:1\n   |\n12 | pub mod arch;\n   | ^^^^^^^^^^^^^\n   |\n   = help: to create the module `arch`, create file \"crates/sparreal-rt/src/arch.rs\" or \"crates/sparreal-rt/src/arch/mod.rs\"\n   = note: if there is a `mod arch` elsewhere in the crate already, import it with `use crate::...` instead\n\n"
            ]
          }
        },
        {
          "file": "(virtual) clippy",
          "features": "",
          "count": 1,
          "kinds": {
            "Cargo": [
              "// pkg_name=helloworld, checker=Clippy\n// toolchain=nightly, target=x86_64-unknown-linux-gnu\n// features=\n// pkg_dir=/home/runner/check/batch_45/qclic/sparreal-os/app/helloworld\n// cmd=cargo clippy --target x86_64-unknown-linux-gnu  --no-deps\n// timestamp=2025-02-21 22:04:45.119724551 +08:00:00\n   Compiling sparreal-rt v0.8.1 (/home/runner/check/batch_45/qclic/sparreal-os/crates/sparreal-rt)\nerror: could not compile `sparreal-rt` (lib) due to 1 previous error\n"
            ]
          }
        },
        {
          "file": "(virtual) lockbud",
          "features": "",
          "count": 1,
          "kinds": {
            "Cargo": [
              "// pkg_name=helloworld, checker=Lockbud\n// toolchain=nightly, target=x86_64-unknown-linux-gnu\n// features=\n// pkg_dir=/home/runner/check/batch_45/qclic/sparreal-os/app/helloworld\n// cmd=cargo +nightly-2024-12-01 lockbud -k all -- --target x86_64-unknown-linux-gnu \n// timestamp=2025-02-21 22:06:46.512534807 +08:00:00\n[2025-02-21T14:06:43Z WARN  lockbud::callbacks] [\n      {\n        \"AtomicityViolation\": {\n          \"bug_kind\": \"AtomicityViolation\",\n          \"possibility\": \"Possibly\",\n          \"diagnosis\": {\n            \"fn_name\": \"set_logger_racy\",\n            \"atomic_reader\": \"/home/runner/.cargo/registry/src/index.crates.io-6f17d22bba15001f/log-0.4.25/src/lib.rs:1453:11: 1453:40 (#0)\",\n            \"atomic_writer\": \"/home/runner/.cargo/registry/src/index.crates.io-6f17d22bba15001f/log-0.4.25/src/lib.rs:1456:13: 1456:56 (#0)\",\n            \"dep_kind\": \"Control\"\n          },\n          \"explanation\": \"atomic::store is data/control dependent on atomic::load\"\n        }\n      }\n    ]\n[2025-02-21T14:06:43Z WARN  lockbud::callbacks] crate log contains bugs: { probably: 0, possibly: 0 }, conflictlock: { probably: 0, possibly: 0 }, condvar_deadlock: { probably: 0, possibly: 0 }, atomicity_violation: { possibly: 1 }, invalid_free: { possibly: 0 }, use_after_free: { possibly: 0 }\n   Compiling sparreal-rt v0.8.1 (/home/runner/check/batch_45/qclic/sparreal-os/crates/sparreal-rt)\nerror[E0583]: file not found for module `arch`\n  --> crates/sparreal-rt/src/lib.rs:12:1\n   |\n12 | pub mod arch;\n   | ^^^^^^^^^^^^^\n   |\n   = help: to create the module `arch`, create file \"crates/sparreal-rt/src/arch.rs\" or \"crates/sparreal-rt/src/arch/mod.rs\"\n   = note: if there is a `mod arch` elsewhere in the crate already, import it with `use crate::...` instead\n\nFor more information about this error, try `rustc --explain E0583`.\nerror: could not compile `sparreal-rt` (lib) due to 1 previous error\n"
            ]
          }
        },
        {
          "file": "(virtual) mirai",
          "features": "",
          "count": 1,
          "kinds": {
            "Cargo": [
              "// pkg_name=helloworld, checker=Mirai\n// toolchain=nightly, target=x86_64-unknown-linux-gnu\n// features=\n// pkg_dir=/home/runner/check/batch_45/qclic/sparreal-os/app/helloworld\n// cmd=cargo +nightly-2025-01-04 mirai --target x86_64-unknown-linux-gnu \n// timestamp=2025-02-21 22:05:30.927178258 +08:00:00\n   Compiling sparreal-rt v0.8.1 (/home/runner/check/batch_45/qclic/sparreal-os/crates/sparreal-rt)\nerror: could not compile `sparreal-rt` (lib) due to 1 previous error\n"
            ]
          }
        },
        {
          "file": "[outdated direct dependencies]",
          "features": "",
          "count": 1,
          "kinds": {
            "Outdated": [
              "pkg=helloworld, checker=Outdated\ntoolchain=nightly, target=x86_64-unknown-linux-gnu\nfeatures=\npkg_dir=/home/runner/check/batch_45/qclic/sparreal-os/app/helloworld\ncmd=cargo +nightly-2025-01-26-x86_64-unknown-linux-gnu outdated -R --exit-code=2\ntimestamp=2025-02-21 22:07:14.697780916 +08:00:00\n\nName  Project  Compat  Latest  Kind    Platform\n----  -------  ------  ------  ----    --------\nlog   0.4.25   0.4.26  0.4.26  Normal  ---\n"
            ]
          }
        }
      ]
    },
    {
      "user": "qclic",
      "repo": "sparreal-os",
      "pkg": "sparreal-kernel",
      "count": 6,
      "raw_reports": [
        {
          "file": "(virtual) mirai",
          "features": "",
          "count": 1,
          "kinds": {
            "Cargo": [
              "// pkg_name=sparreal-kernel, checker=Mirai\n// toolchain=nightly, target=x86_64-unknown-linux-gnu\n// features=\n// pkg_dir=/home/runner/check/batch_45/qclic/sparreal-os/crates/sparreal-kernel\n// cmd=cargo +nightly-2025-01-04 mirai --target x86_64-unknown-linux-gnu \n// timestamp=2025-02-21 22:05:41.720303877 +08:00:00\n    Checking sparreal-kernel v0.8.1 (/home/runner/check/batch_45/qclic/sparreal-os/crates/sparreal-kernel)\nerror: could not compile `sparreal-kernel` (lib)\n\nCaused by:\n  process didn't exit successfully: `/home/runner/.cargo/bin/cargo-mirai /home/runner/.rustup/toolchains/nightly-2025-01-04-x86_64-unknown-linux-gnu/bin/rustc --crate-name sparreal_kernel --edition=2024 crates/sparreal-kernel/src/lib.rs --error-format=json --json=diagnostic-rendered-ansi,artifacts,future-incompat --crate-type lib --emit=dep-info,metadata -C embed-bitcode=no -C debuginfo=2 --check-cfg 'cfg(docsrs,test)' --check-cfg 'cfg(feature, values(\"mmu\"))' -C metadata=75f38d00a4c07be4 -C extra-filename=-2c8b4ad338f90006 --out-dir /home/runner/check/batch_45/qclic/sparreal-os/target/x86_64-unknown-linux-gnu/debug/deps --target x86_64-unknown-linux-gnu -L dependency=/home/runner/check/batch_45/qclic/sparreal-os/target/x86_64-unknown-linux-gnu/debug/deps -L dependency=/home/runner/check/batch_45/qclic/sparreal-os/target/debug/deps --extern ansi_rgb=/home/runner/check/batch_45/qclic/sparreal-os/target/x86_64-unknown-linux-gnu/debug/deps/libansi_rgb-bba38514cc511623.rmeta --extern anyhow=/home/runner/check/batch_45/qclic/sparreal-os/target/x86_64-unknown-linux-gnu/debug/deps/libanyhow-eba7425ecfce850e.rmeta --extern buddy_system_allocator=/home/runner/check/batch_45/qclic/sparreal-os/target/x86_64-unknown-linux-gnu/debug/deps/libbuddy_system_allocator-ef1b48831f14f040.rmeta --extern byte_unit=/home/runner/check/batch_45/qclic/sparreal-os/target/x86_64-unknown-linux-gnu/debug/deps/libbyte_unit-98997fc41e690cc7.rmeta --extern dma_api=/home/runner/check/batch_45/qclic/sparreal-os/target/x86_64-unknown-linux-gnu/debug/deps/libdma_api-8c941b66f69f77c6.rmeta --extern fdt_parser=/home/runner/check/batch_45/qclic/sparreal-os/target/x86_64-unknown-linux-gnu/debug/deps/libfdt_parser-a54b78e6d0a0ac5b.rmeta --extern lazy_static=/home/runner/check/batch_45/qclic/sparreal-os/target/x86_64-unknown-linux-gnu/debug/deps/liblazy_static-5a0fad8729c5b949.rmeta --extern lock_api=/home/runner/check/batch_45/qclic/sparreal-os/target/x86_64-unknown-linux-gnu/debug/deps/liblock_api-c5c1452ea742d8ff.rmeta --extern log=/home/runner/check/batch_45/qclic/sparreal-os/target/x86_64-unknown-linux-gnu/debug/deps/liblog-8c2c8baf35fcf0fb.rmeta --extern memory_addr=/home/runner/check/batch_45/qclic/sparreal-os/target/x86_64-unknown-linux-gnu/debug/deps/libmemory_addr-ad52795bd3f466ce.rmeta --extern page_table_generic=/home/runner/check/batch_45/qclic/sparreal-os/target/x86_64-unknown-linux-gnu/debug/deps/libpage_table_generic-4a7f468de91067d8.rmeta --extern pasts=/home/runner/check/batch_45/qclic/sparreal-os/target/x86_64-unknown-linux-gnu/debug/deps/libpasts-aeaaa6ad223862f9.rmeta --extern rdrive=/home/runner/check/batch_45/qclic/sparreal-os/target/x86_64-unknown-linux-gnu/debug/deps/librdrive-b6d1466e5ba86a3e.rmeta --extern rgb=/home/runner/check/batch_45/qclic/sparreal-os/target/x86_64-unknown-linux-gnu/debug/deps/librgb-5acf696f10628d8b.rmeta --extern sparreal_macros=/home/runner/check/batch_45/qclic/sparreal-os/target/debug/deps/libsparreal_macros-072cd3913971caa8.so --extern spin=/home/runner/check/batch_45/qclic/sparreal-os/target/x86_64-unknown-linux-gnu/debug/deps/libspin-0ea1d3e5a5b6602b.rmeta --extern thiserror=/home/runner/check/batch_45/qclic/sparreal-os/target/x86_64-unknown-linux-gnu/debug/deps/libthiserror-438a6b8c7a33c889.rmeta --cfg mirai -Z always_encode_mir` (exit status: 1)\n"
            ]
          }
        },
        {
          "file": "(virtual) semver-checks",
          "features": "",
          "count": 1,
          "kinds": {
            "Cargo": [
              "// pkg_name=sparreal-kernel, checker=SemverChecks\n// toolchain=nightly, target=x86_64-unknown-linux-gnu\n// features=\n// pkg_dir=/home/runner/check/batch_45/qclic/sparreal-os/crates/sparreal-kernel\n// cmd=cargo +nightly-2025-01-26-x86_64-unknown-linux-gnu semver-checks --target x86_64-unknown-linux-gnu \n// timestamp=2025-02-21 22:05:10.978390168 +08:00:00\n    Building sparreal-kernel v0.8.1 (current)\n       Built [   5.711s] (current)\n     Parsing sparreal-kernel v0.8.1 (current)\nerror: unsupported rustdoc format v39 for file: /home/runner/check/batch_45/qclic/sparreal-os/target/semver-checks/local-sparreal_kernel-0_8_1-e805fc98d032ecc4/target/x86_64-unknown-linux-gnu/doc/sparreal_kernel.json\n"
            ]
          }
        },
        {
          "file": "[outdated direct dependencies]",
          "features": "",
          "count": 1,
          "kinds": {
            "Outdated": [
              "pkg=sparreal-kernel, checker=Outdated\ntoolchain=nightly, target=x86_64-unknown-linux-gnu\nfeatures=\npkg_dir=/home/runner/check/batch_45/qclic/sparreal-os/crates/sparreal-kernel\ncmd=cargo +nightly-2025-01-26-x86_64-unknown-linux-gnu outdated -R --exit-code=2\ntimestamp=2025-02-21 22:07:17.674638535 +08:00:00\n\nName     Project  Compat  Latest  Kind    Platform\n----     -------  ------  ------  ----    --------\nanyhow   1.0.95   1.0.96  1.0.96  Normal  ---\ndma-api  0.2.0    0.2.2   0.2.2   Normal  ---\nlog      0.4.25   0.4.26  0.4.26  Normal  ---\nrdrive   0.1.4    0.1.6   0.1.6   Normal  ---\n"
            ]
          }
        },
        {
          "file": "[semver checks]",
          "features": "",
          "count": 1,
          "kinds": {
            "Semver Violation": [
              "pkg=sparreal-kernel, checker=SemverChecks\ntoolchain=nightly, target=x86_64-unknown-linux-gnu\nfeatures=\npkg_dir=/home/runner/check/batch_45/qclic/sparreal-os/crates/sparreal-kernel\ncmd=cargo +nightly-2025-01-26-x86_64-unknown-linux-gnu semver-checks --target x86_64-unknown-linux-gnu \ntimestamp=2025-02-21 22:05:17.008231335 +08:00:00\n\n\nstdout:\n\nstderr:\n    Building sparreal-kernel v0.8.1 (current)\n       Built [   5.711s] (current)\n     Parsing sparreal-kernel v0.8.1 (current)\nerror: unsupported rustdoc format v39 for file: /home/runner/check/batch_45/qclic/sparreal-os/target/semver-checks/local-sparreal_kernel-0_8_1-e805fc98d032ecc4/target/x86_64-unknown-linux-gnu/doc/sparreal_kernel.json\n"
            ]
          }
        },
        {
          "file": "src/irq/mod.rs",
          "features": "",
          "count": 1,
          "kinds": {
            "Unformatted": [
              "file: /home/runner/check/batch_45/qclic/sparreal-os/crates/sparreal-kernel/src/irq/mod.rs (original lines from 63 to 70)\n-        globals.irq_chips.0.insert(\n-            id,\n-            Chip {\n-                device,\n-                mutex: Mutex::new(()),\n-                handlers: UnsafeCell::new(Default::default()),\n-            },\n-        );\n+        globals.irq_chips.0.insert(id, Chip {\n+            device,\n+            mutex: Mutex::new(()),\n+            handlers: UnsafeCell::new(Default::default()),\n+        });\n"
            ]
          }
        },
        {
          "file": "src/time/mod.rs",
          "features": "",
          "count": 1,
          "kinds": {
            "Unformatted": [
              "file: /home/runner/check/batch_45/qclic/sparreal-os/crates/sparreal-kernel/src/time/mod.rs (original lines from 32 to 32)\n-        \n+\n"
            ]
          }
        }
      ]
    },
    {
      "user": "qclic",
      "repo": "sparreal-os",
      "pkg": "simple_test",
      "count": 5,
      "raw_reports": [
        {
          "file": "(virtual) mirai",
          "features": "",
          "count": 1,
          "kinds": {
            "Cargo": [
              "// pkg_name=simple_test, checker=Mirai\n// toolchain=nightly, target=x86_64-unknown-linux-gnu\n// features=\n// pkg_dir=/home/runner/check/batch_45/qclic/sparreal-os/app/simple_test\n// cmd=cargo +nightly-2025-01-04 mirai --target x86_64-unknown-linux-gnu \n// timestamp=2025-02-21 22:05:39.020691861 +08:00:00\n   Compiling simple_test v0.8.1 (/home/runner/check/batch_45/qclic/sparreal-os/app/simple_test)\n    Finished `dev` profile [unoptimized + debuginfo] target(s) in 0.17s\n   Compiling scopeguard v1.2.0\n   Compiling rdif-base v0.1.2\n   Compiling num-traits v0.2.19\n   Compiling thiserror v2.0.11\n   Compiling lock_api v0.4.12\n   Compiling bytemuck v1.21.0\n   Compiling futures-core v0.3.31\n   Compiling arrayvec v0.7.6\n   Compiling futures-sink v0.3.31\n   Compiling spin v0.9.8\n   Compiling log v0.4.25\n   Compiling rgb v0.8.50\n   Compiling rdif-intc v0.1.1\n   Compiling rdif-timer v0.1.1\n   Compiling pin-project-lite v0.2.16\n   Compiling futures-task v0.3.31\n   Compiling pin-utils v0.1.0\n   Compiling fdt-parser v0.4.10\n   Compiling utf8-width v0.1.7\n   Compiling futures-util v0.3.31\n   Compiling ansi_rgb v0.2.0\n   Compiling rust_decimal v1.36.0\n   Compiling rdrive v0.1.4\n   Compiling page-table-generic v0.5.3\n   Compiling byte-unit v5.1.6\n   Compiling anyhow v1.0.95\n   Compiling lazy_static v1.5.0\n   Compiling buddy_system_allocator v0.11.0\n   Compiling futures-channel v0.3.31\n   Compiling dma-api v0.2.0\n   Compiling pasts v0.14.3\n   Compiling memory_addr v0.3.1\n   Compiling futures-io v0.3.31\n   Compiling bare-test v0.4.0 (/home/runner/check/batch_45/qclic/sparreal-os/crates/bare-test)\n   Compiling simple_test v0.8.1 (/home/runner/check/batch_45/qclic/sparreal-os/app/simple_test)\n   Compiling sparreal-kernel v0.8.1 (/home/runner/check/batch_45/qclic/sparreal-os/crates/sparreal-kernel)\n   Compiling futures v0.3.31\n   Compiling sparreal-rt v0.8.1 (/home/runner/check/batch_45/qclic/sparreal-os/crates/sparreal-rt)\nerror: could not compile `sparreal-rt` (lib) due to 1 previous error\nwarning: build failed, waiting for other jobs to finish...\n"
            ]
          }
        },
        {
          "file": "(virtual) semver-checks",
          "features": "",
          "count": 1,
          "kinds": {
            "Cargo": [
              "// pkg_name=simple_test, checker=SemverChecks\n// toolchain=nightly, target=x86_64-unknown-linux-gnu\n// features=\n// pkg_dir=/home/runner/check/batch_45/qclic/sparreal-os/app/simple_test\n// cmd=cargo +nightly-2025-01-26-x86_64-unknown-linux-gnu semver-checks --target x86_64-unknown-linux-gnu \n// timestamp=2025-02-21 22:05:09.752613499 +08:00:00\n    Building simple_test v0.8.1 (current)\n       Built [   0.199s] (current)\n     Parsing simple_test v0.8.1 (current)\nerror: unsupported rustdoc format v39 for file: /home/runner/check/batch_45/qclic/sparreal-os/target/semver-checks/local-simple_test-0_8_1-01666ec060466c14/target/x86_64-unknown-linux-gnu/doc/simple_test.json\n"
            ]
          }
        },
        {
          "file": "[outdated direct dependencies]",
          "features": "",
          "count": 1,
          "kinds": {
            "Outdated": [
              "pkg=simple_test, checker=Outdated\ntoolchain=nightly, target=x86_64-unknown-linux-gnu\nfeatures=\npkg_dir=/home/runner/check/batch_45/qclic/sparreal-os/app/simple_test\ncmd=cargo +nightly-2025-01-26-x86_64-unknown-linux-gnu outdated -R --exit-code=2\ntimestamp=2025-02-21 22:07:16.687551441 +08:00:00\n\nName  Project  Compat  Latest  Kind         Platform\n----  -------  ------  ------  ----         --------\nlog   0.4.25   0.4.26  0.4.26  Development  ---\n"
            ]
          }
        },
        {
          "file": "[semver checks]",
          "features": "",
          "count": 1,
          "kinds": {
            "Semver Violation": [
              "pkg=simple_test, checker=SemverChecks\ntoolchain=nightly, target=x86_64-unknown-linux-gnu\nfeatures=\npkg_dir=/home/runner/check/batch_45/qclic/sparreal-os/app/simple_test\ncmd=cargo +nightly-2025-01-26-x86_64-unknown-linux-gnu semver-checks --target x86_64-unknown-linux-gnu \ntimestamp=2025-02-21 22:05:10.195701781 +08:00:00\n\n\nstdout:\n\nstderr:\n    Building simple_test v0.8.1 (current)\n       Built [   0.199s] (current)\n     Parsing simple_test v0.8.1 (current)\nerror: unsupported rustdoc format v39 for file: /home/runner/check/batch_45/qclic/sparreal-os/target/semver-checks/local-simple_test-0_8_1-01666ec060466c14/target/x86_64-unknown-linux-gnu/doc/simple_test.json\n"
            ]
          }
        },
        {
          "file": "crates/sparreal-rt/src/lib.rs",
          "features": "",
          "count": 1,
          "kinds": {
            "Mirai": [
              "error[E0583]: file not found for module `arch`\n  --> crates/sparreal-rt/src/lib.rs:12:1\n   |\n12 | pub mod arch;\n   | ^^^^^^^^^^^^^\n   |\n   = help: to create the module `arch`, create file \"crates/sparreal-rt/src/arch.rs\" or \"crates/sparreal-rt/src/arch/mod.rs\"\n   = note: if there is a `mod arch` elsewhere in the crate already, import it with `use crate::...` instead\n\n"
            ]
          }
        }
      ]
    },
    {
      "user": "qclic",
      "repo": "sparreal-os",
      "pkg": "page-table-arm",
      "count": 3,
      "raw_reports": [
        {
          "file": "(virtual) semver-checks",
          "features": "",
          "count": 1,
          "kinds": {
            "Cargo": [
              "// pkg_name=page-table-arm, checker=SemverChecks\n// toolchain=nightly, target=x86_64-unknown-linux-gnu\n// features=\n// pkg_dir=/home/runner/check/batch_45/qclic/sparreal-os/crates/page-table-arm\n// cmd=cargo +nightly-2025-01-26-x86_64-unknown-linux-gnu semver-checks --target x86_64-unknown-linux-gnu \n// timestamp=2025-02-21 22:05:04.079857171 +08:00:00\n    Building page-table-arm v0.1.0 (current)\n       Built [   1.615s] (current)\n     Parsing page-table-arm v0.1.0 (current)\nerror: unsupported rustdoc format v39 for file: /home/runner/check/batch_45/qclic/sparreal-os/target/semver-checks/local-page_table_arm-0_1_0-01666ec060466c14/target/x86_64-unknown-linux-gnu/doc/page_table_arm.json\n"
            ]
          }
        },
        {
          "file": "[outdated direct dependencies]",
          "features": "",
          "count": 1,
          "kinds": {
            "Outdated": [
              "pkg=page-table-arm, checker=Outdated\ntoolchain=nightly, target=x86_64-unknown-linux-gnu\nfeatures=\npkg_dir=/home/runner/check/batch_45/qclic/sparreal-os/crates/page-table-arm\ncmd=cargo +nightly-2025-01-26-x86_64-unknown-linux-gnu outdated -R --exit-code=2\ntimestamp=2025-02-21 22:07:15.70472178 +08:00:00\n\nName  Project  Compat  Latest  Kind    Platform\n----  -------  ------  ------  ----    --------\nlog   0.4.25   0.4.26  0.4.26  Normal  ---\n"
            ]
          }
        },
        {
          "file": "[semver checks]",
          "features": "",
          "count": 1,
          "kinds": {
            "Semver Violation": [
              "pkg=page-table-arm, checker=SemverChecks\ntoolchain=nightly, target=x86_64-unknown-linux-gnu\nfeatures=\npkg_dir=/home/runner/check/batch_45/qclic/sparreal-os/crates/page-table-arm\ncmd=cargo +nightly-2025-01-26-x86_64-unknown-linux-gnu semver-checks --target x86_64-unknown-linux-gnu \ntimestamp=2025-02-21 22:05:05.926405452 +08:00:00\n\n\nstdout:\n\nstderr:\n    Building page-table-arm v0.1.0 (current)\n       Built [   1.615s] (current)\n     Parsing page-table-arm v0.1.0 (current)\nerror: unsupported rustdoc format v39 for file: /home/runner/check/batch_45/qclic/sparreal-os/target/semver-checks/local-page_table_arm-0_1_0-01666ec060466c14/target/x86_64-unknown-linux-gnu/doc/page_table_arm.json\n"
            ]
          }
        }
      ]
    }
  ],
  "kinds_order": [
    "Cargo",
    "Clippy(Error)",
    "Clippy(Warn)",
    "Semver Violation",
    "Audit",
    "Mirai",
    "Rapx",
    "Rudra",
    "Lockbud(Probably)",
    "Lockbud(Possibly)",
    "Outdated",
    "Geiger",
    "Unformatted"
  ]
}