{"data":[{"user":"Byte-OS","repo":"polyhal","pkg":"example","count":166,"raw_reports":[{"file":"/home/runner/.cargo/registry/src/index.crates.io-6f17d22bba15001f/log-0.4.22/src/lib.rs","count":97,"kinds":{"Clippy(Error)":["error[E0463]: can't find crate for `core`\n  |\n  = note: the `aarch64-unknown-none` target may not be installed\n  = help: consider downloading the target with `rustup target add aarch64-unknown-none`\n  = help: consider building the standard library from source with `cargo build -Zbuild-std`\n\n","error[E0463]: can't find crate for `compiler_builtins`\n\n","error[E0463]: can't find crate for `core`\n   --> /home/runner/.cargo/registry/src/index.crates.io-6f17d22bba15001f/log-0.4.22/src/lib.rs:385:1\n    |\n385 | extern crate core as std;\n    | ^^^^^^^^^^^^^^^^^^^^^^^^^ can't find crate\n    |\n    = note: the `aarch64-unknown-none` target may not be installed\n    = help: consider downloading the target with `rustup target add aarch64-unknown-none`\n    = help: consider building the standard library from source with `cargo build -Zbuild-std`\n\n","error: cannot determine resolution for the macro `cfg`\n    --> /home/runner/.cargo/registry/src/index.crates.io-6f17d22bba15001f/log-0.4.22/src/lib.rs:1539:10\n     |\n1539 |     _ if cfg!(feature = \"max_level_debug\") => LevelFilter::Debug,\n     |          ^^^\n     |\n     = note: import resolution is stuck, try simplifying macro imports\n\n","error: cannot determine resolution for the macro `cfg`\n    --> /home/runner/.cargo/registry/src/index.crates.io-6f17d22bba15001f/log-0.4.22/src/lib.rs:1538:10\n     |\n1538 |     _ if cfg!(feature = \"max_level_info\") => LevelFilter::Info,\n     |          ^^^\n     |\n     = note: import resolution is stuck, try simplifying macro imports\n\n","error: cannot determine resolution for the macro `cfg`\n    --> /home/runner/.cargo/registry/src/index.crates.io-6f17d22bba15001f/log-0.4.22/src/lib.rs:1537:10\n     |\n1537 |     _ if cfg!(feature = \"max_level_warn\") => LevelFilter::Warn,\n     |          ^^^\n     |\n     = note: import resolution is stuck, try simplifying macro imports\n\n","error: cannot determine resolution for the macro `cfg`\n    --> /home/runner/.cargo/registry/src/index.crates.io-6f17d22bba15001f/log-0.4.22/src/lib.rs:1536:10\n     |\n1536 |     _ if cfg!(feature = \"max_level_error\") => LevelFilter::Error,\n     |          ^^^\n     |\n     = note: import resolution is stuck, try simplifying macro imports\n\n","error: cannot determine resolution for the macro `cfg`\n    --> /home/runner/.cargo/registry/src/index.crates.io-6f17d22bba15001f/log-0.4.22/src/lib.rs:1535:10\n     |\n1535 |     _ if cfg!(feature = \"max_level_off\") => LevelFilter::Off,\n     |          ^^^\n     |\n     = note: import resolution is stuck, try simplifying macro imports\n\n","error: cannot determine resolution for the macro `cfg`\n    --> /home/runner/.cargo/registry/src/index.crates.io-6f17d22bba15001f/log-0.4.22/src/lib.rs:1534:14\n     |\n1534 |     false if cfg!(feature = \"release_max_level_trace\") => LevelFilter::Trace,\n     |              ^^^\n     |\n     = note: import resolution is stuck, try simplifying macro imports\n\n","error: cannot determine resolution for the macro `cfg`\n    --> /home/runner/.cargo/registry/src/index.crates.io-6f17d22bba15001f/log-0.4.22/src/lib.rs:1533:14\n     |\n1533 |     false if cfg!(feature = \"release_max_level_debug\") => LevelFilter::Debug,\n     |              ^^^\n     |\n     = note: import resolution is stuck, try simplifying macro imports\n\n","error: cannot determine resolution for the macro `cfg`\n    --> /home/runner/.cargo/registry/src/index.crates.io-6f17d22bba15001f/log-0.4.22/src/lib.rs:1532:14\n     |\n1532 |     false if cfg!(feature = \"release_max_level_info\") => LevelFilter::Info,\n     |              ^^^\n     |\n     = note: import resolution is stuck, try simplifying macro imports\n\n","error: cannot determine resolution for the macro `cfg`\n    --> /home/runner/.cargo/registry/src/index.crates.io-6f17d22bba15001f/log-0.4.22/src/lib.rs:1531:14\n     |\n1531 |     false if cfg!(feature = \"release_max_level_warn\") => LevelFilter::Warn,\n     |              ^^^\n     |\n     = note: import resolution is stuck, try simplifying macro imports\n\n","error: cannot determine resolution for the macro `cfg`\n    --> /home/runner/.cargo/registry/src/index.crates.io-6f17d22bba15001f/log-0.4.22/src/lib.rs:1530:14\n     |\n1530 |     false if cfg!(feature = \"release_max_level_error\") => LevelFilter::Error,\n     |              ^^^\n     |\n     = note: import resolution is stuck, try simplifying macro imports\n\n","error: cannot determine resolution for the macro `cfg`\n    --> /home/runner/.cargo/registry/src/index.crates.io-6f17d22bba15001f/log-0.4.22/src/lib.rs:1529:14\n     |\n1529 |     false if cfg!(feature = \"release_max_level_off\") => LevelFilter::Off,\n     |              ^^^\n     |\n     = note: import resolution is stuck, try simplifying macro imports\n\n","error: cannot determine resolution for the macro `cfg`\n    --> /home/runner/.cargo/registry/src/index.crates.io-6f17d22bba15001f/log-0.4.22/src/lib.rs:1528:49\n     |\n1528 | pub const STATIC_MAX_LEVEL: LevelFilter = match cfg!(debug_assertions) {\n     |                                                 ^^^\n     |\n     = note: import resolution is stuck, try simplifying macro imports\n\n","error: cannot find attribute `derive` in this scope\n    --> /home/runner/.cargo/registry/src/index.crates.io-6f17d22bba15001f/log-0.4.22/src/lib.rs:1482:3\n     |\n1482 | #[derive(Debug, PartialEq, Eq)]\n     |   ^^^^^^\n\n","error: cannot find attribute `derive` in this scope\n    --> /home/runner/.cargo/registry/src/index.crates.io-6f17d22bba15001f/log-0.4.22/src/lib.rs:1465:3\n     |\n1465 | #[derive(Debug)]\n     |   ^^^^^^\n\n","error: cannot find macro `unreachable` in this scope\n    --> /home/runner/.cargo/registry/src/index.crates.io-6f17d22bba15001f/log-0.4.22/src/lib.rs:1455:13\n     |\n1455 |             unreachable!(\"set_logger_racy must not be used with other initialization functions\")\n     |             ^^^^^^^^^^^\n\n","error: cannot find attribute `derive` in this scope\n    --> /home/runner/.cargo/registry/src/index.crates.io-6f17d22bba15001f/log-0.4.22/src/lib.rs:1116:3\n     |\n1116 | #[derive(Eq, PartialEq, Ord, PartialOrd, Hash, Debug)]\n     |   ^^^^^^\n\n","error: cannot find attribute `derive` in this scope\n    --> /home/runner/.cargo/registry/src/index.crates.io-6f17d22bba15001f/log-0.4.22/src/lib.rs:1074:3\n     |\n1074 | #[derive(Clone, Eq, PartialEq, Ord, PartialOrd, Hash, Debug)]\n     |   ^^^^^^\n\n","error: cannot find macro `format_args` in this scope\n   --> /home/runner/.cargo/registry/src/index.crates.io-6f17d22bba15001f/log-0.4.22/src/lib.rs:941:23\n    |\n941 |                 args: format_args!(\"\"),\n    |                       ^^^^^^^^^^^\n\n","error: cannot find attribute `derive` in this scope\n   --> /home/runner/.cargo/registry/src/index.crates.io-6f17d22bba15001f/log-0.4.22/src/lib.rs:919:3\n    |\n919 | #[derive(Debug)]\n    |   ^^^^^^\n\n","error: cannot find attribute `derive` in this scope\n   --> /home/runner/.cargo/registry/src/index.crates.io-6f17d22bba15001f/log-0.4.22/src/lib.rs:758:3\n    |\n758 | #[derive(Clone, Debug)]\n    |   ^^^^^^\n\n","error: cannot find attribute `derive` in this scope\n   --> /home/runner/.cargo/registry/src/index.crates.io-6f17d22bba15001f/log-0.4.22/src/lib.rs:697:3\n    |\n697 | #[derive(Copy, Clone, Eq, PartialEq, Ord, PartialOrd, Hash, Debug)]\n    |   ^^^^^^\n\n","error: cannot find attribute `derive` in this scope\n   --> /home/runner/.cargo/registry/src/index.crates.io-6f17d22bba15001f/log-0.4.22/src/lib.rs:597:3\n    |\n597 | #[derive(Clone, Copy, PartialEq, Eq, PartialOrd, Ord, Debug, Hash)]\n    |   ^^^^^^\n\n","error: cannot find attribute `derive` in this scope\n   --> /home/runner/.cargo/registry/src/index.crates.io-6f17d22bba15001f/log-0.4.22/src/lib.rs:477:3\n    |\n477 | #[derive(Clone, Copy, PartialEq, Eq, PartialOrd, Ord, Debug, Hash)]\n    |   ^^^^^^\n\n","error[E0405]: cannot find trait `PartialEq` in this scope\n   --> /home/runner/.cargo/registry/src/index.crates.io-6f17d22bba15001f/log-0.4.22/src/lib.rs:504:6\n    |\n504 | impl PartialEq<LevelFilter> for Level {\n    |      ^^^^^^^^^ not found in this scope\n\n","error[E0405]: cannot find trait `PartialOrd` in this scope\n   --> /home/runner/.cargo/registry/src/index.crates.io-6f17d22bba15001f/log-0.4.22/src/lib.rs:511:6\n    |\n511 | impl PartialOrd<LevelFilter> for Level {\n    |      ^^^^^^^^^^ not found in this scope\n\n","error[E0412]: cannot find type `Option` in this scope\n   --> /home/runner/.cargo/registry/src/index.crates.io-6f17d22bba15001f/log-0.4.22/src/lib.rs:513:51\n    |\n513 |     fn partial_cmp(&self, other: &LevelFilter) -> Option<cmp::Ordering> {\n    |                                                   ^^^^^^ not found in this scope\n\n","error[E0412]: cannot find type `Result` in this scope\n   --> /home/runner/.cargo/registry/src/index.crates.io-6f17d22bba15001f/log-0.4.22/src/lib.rs:520:33\n    |\n520 |     fn from_str(level: &str) -> Result<Level, Self::Err> {\n    |                                 ^^^^^^ not found in this scope\n\n","error[E0412]: cannot find type `Option` in this scope\n   --> /home/runner/.cargo/registry/src/index.crates.io-6f17d22bba15001f/log-0.4.22/src/lib.rs:539:32\n    |\n539 |     fn from_usize(u: usize) -> Option<Level> {\n    |                                ^^^^^^ not found in this scope\n\n","error[E0425]: cannot find value `None` in this scope\n   --> /home/runner/.cargo/registry/src/index.crates.io-6f17d22bba15001f/log-0.4.22/src/lib.rs:546:18\n    |\n546 |             _ => None,\n    |                  ^^^^ not found in this scope\n\n","error[E0405]: cannot find trait `Iterator` in this scope\n   --> /home/runner/.cargo/registry/src/index.crates.io-6f17d22bba15001f/log-0.4.22/src/lib.rs:583:27\n    |\n583 |     pub fn iter() -> impl Iterator<Item = Self> {\n    |                           ^^^^^^^^ not found in this scope\n\n","error[E0405]: cannot find trait `PartialEq` in this scope\n   --> /home/runner/.cargo/registry/src/index.crates.io-6f17d22bba15001f/log-0.4.22/src/lib.rs:613:6\n    |\n613 | impl PartialEq<Level> for LevelFilter {\n    |      ^^^^^^^^^ not found in this scope\n\n","error[E0405]: cannot find trait `PartialOrd` in this scope\n   --> /home/runner/.cargo/registry/src/index.crates.io-6f17d22bba15001f/log-0.4.22/src/lib.rs:620:6\n    |\n620 | impl PartialOrd<Level> for LevelFilter {\n    |      ^^^^^^^^^^ not found in this scope\n\n","error[E0412]: cannot find type `Option` in this scope\n   --> /home/runner/.cargo/registry/src/index.crates.io-6f17d22bba15001f/log-0.4.22/src/lib.rs:622:45\n    |\n622 |     fn partial_cmp(&self, other: &Level) -> Option<cmp::Ordering> {\n    |                                             ^^^^^^ not found in this scope\n\n","error[E0412]: cannot find type `Result` in this scope\n   --> /home/runner/.cargo/registry/src/index.crates.io-6f17d22bba15001f/log-0.4.22/src/lib.rs:629:33\n    |\n629 |     fn from_str(level: &str) -> Result<LevelFilter, Self::Err> {\n    |                                 ^^^^^^ not found in this scope\n\n","error[E0412]: cannot find type `Option` in this scope\n   --> /home/runner/.cargo/registry/src/index.crates.io-6f17d22bba15001f/log-0.4.22/src/lib.rs:645:32\n    |\n645 |     fn from_usize(u: usize) -> Option<LevelFilter> {\n    |                                ^^^^^^ not found in this scope\n\n","error[E0425]: cannot find value `None` in this scope\n   --> /home/runner/.cargo/registry/src/index.crates.io-6f17d22bba15001f/log-0.4.22/src/lib.rs:653:18\n    |\n653 |             _ => None,\n    |                  ^^^^ not found in this scope\n\n","error[E0412]: cannot find type `Option` in this scope\n   --> /home/runner/.cargo/registry/src/index.crates.io-6f17d22bba15001f/log-0.4.22/src/lib.rs:667:31\n    |\n667 |     pub fn to_level(&self) -> Option<Level> {\n    |                               ^^^^^^ not found in this scope\n\n","error[E0405]: cannot find trait `Iterator` in this scope\n   --> /home/runner/.cargo/registry/src/index.crates.io-6f17d22bba15001f/log-0.4.22/src/lib.rs:692:27\n    |\n692 |     pub fn iter() -> impl Iterator<Item = Self> {\n    |                           ^^^^^^^^ not found in this scope\n\n","error[E0412]: cannot find type `Option` in this scope\n   --> /home/runner/.cargo/registry/src/index.crates.io-6f17d22bba15001f/log-0.4.22/src/lib.rs:762:18\n    |\n762 |     module_path: Option<MaybeStaticStr<'a>>,\n    |                  ^^^^^^ not found in this scope\n\n","error[E0412]: cannot find type `Option` in this scope\n   --> /home/runner/.cargo/registry/src/index.crates.io-6f17d22bba15001f/log-0.4.22/src/lib.rs:763:11\n    |\n763 |     file: Option<MaybeStaticStr<'a>>,\n    |           ^^^^^^ not found in this scope\n\n","error[E0412]: cannot find type `Option` in this scope\n   --> /home/runner/.cargo/registry/src/index.crates.io-6f17d22bba15001f/log-0.4.22/src/lib.rs:764:11\n    |\n764 |     line: Option<u32>,\n    |           ^^^^^^ not found in this scope\n\n","error[E0412]: cannot find type `Option` in this scope\n   --> /home/runner/.cargo/registry/src/index.crates.io-6f17d22bba15001f/log-0.4.22/src/lib.rs:819:34\n    |\n819 |     pub fn module_path(&self) -> Option<&'a str> {\n    |                                  ^^^^^^ not found in this scope\n\n","error[E0412]: cannot find type `Option` in this scope\n   --> /home/runner/.cargo/registry/src/index.crates.io-6f17d22bba15001f/log-0.4.22/src/lib.rs:825:41\n    |\n825 |     pub fn module_path_static(&self) -> Option<&'static str> {\n    |                                         ^^^^^^ not found in this scope\n\n","error[E0531]: cannot find tuple struct or tuple variant `Some` in this scope\n   --> /home/runner/.cargo/registry/src/index.crates.io-6f17d22bba15001f/log-0.4.22/src/lib.rs:827:13\n    |\n827 |             Some(MaybeStaticStr::Static(s)) => Some(s),\n    |             ^^^^ not found in this scope\n\n","error[E0425]: cannot find value `None` in this scope\n   --> /home/runner/.cargo/registry/src/index.crates.io-6f17d22bba15001f/log-0.4.22/src/lib.rs:828:18\n    |\n828 |             _ => None,\n    |                  ^^^^ not found in this scope\n\n","error[E0412]: cannot find type `Option` in this scope\n   --> /home/runner/.cargo/registry/src/index.crates.io-6f17d22bba15001f/log-0.4.22/src/lib.rs:834:27\n    |\n834 |     pub fn file(&self) -> Option<&'a str> {\n    |                           ^^^^^^ not found in this scope\n\n","error[E0412]: cannot find type `Option` in this scope\n   --> /home/runner/.cargo/registry/src/index.crates.io-6f17d22bba15001f/log-0.4.22/src/lib.rs:840:34\n    |\n840 |     pub fn file_static(&self) -> Option<&'static str> {\n    |                                  ^^^^^^ not found in this scope\n\n","error[E0531]: cannot find tuple struct or tuple variant `Some` in this scope\n   --> /home/runner/.cargo/registry/src/index.crates.io-6f17d22bba15001f/log-0.4.22/src/lib.rs:842:13\n    |\n842 |             Some(MaybeStaticStr::Static(s)) => Some(s),\n    |             ^^^^ not found in this scope\n\n","error[E0425]: cannot find value `None` in this scope\n   --> /home/runner/.cargo/registry/src/index.crates.io-6f17d22bba15001f/log-0.4.22/src/lib.rs:843:18\n    |\n843 |             _ => None,\n    |                  ^^^^ not found in this scope\n\n","error[E0412]: cannot find type `Option` in this scope\n   --> /home/runner/.cargo/registry/src/index.crates.io-6f17d22bba15001f/log-0.4.22/src/lib.rs:849:27\n    |\n849 |     pub fn line(&self) -> Option<u32> {\n    |                           ^^^^^^ not found in this scope\n\n","error[E0425]: cannot find value `None` in this scope\n   --> /home/runner/.cargo/registry/src/index.crates.io-6f17d22bba15001f/log-0.4.22/src/lib.rs:943:30\n    |\n943 |                 module_path: None,\n    |                              ^^^^ not found in this scope\n\n","error[E0425]: cannot find value `None` in this scope\n   --> /home/runner/.cargo/registry/src/index.crates.io-6f17d22bba15001f/log-0.4.22/src/lib.rs:944:23\n    |\n944 |                 file: None,\n    |                       ^^^^ not found in this scope\n\n","error[E0425]: cannot find value `None` in this scope\n   --> /home/runner/.cargo/registry/src/index.crates.io-6f17d22bba15001f/log-0.4.22/src/lib.rs:945:23\n    |\n945 |                 line: None,\n    |                       ^^^^ not found in this scope\n\n","error[E0412]: cannot find type `Option` in this scope\n   --> /home/runner/.cargo/registry/src/index.crates.io-6f17d22bba15001f/log-0.4.22/src/lib.rs:982:41\n    |\n982 |     pub fn module_path(&mut self, path: Option<&'a str>) -> &mut RecordBuilder<'a> {\n    |                                         ^^^^^^ not found in this scope\n\n","error[E0412]: cannot find type `Option` in this scope\n   --> /home/runner/.cargo/registry/src/index.crates.io-6f17d22bba15001f/log-0.4.22/src/lib.rs:989:48\n    |\n989 |     pub fn module_path_static(&mut self, path: Option<&'static str>) -> &mut RecordBuilder<'a> {\n    |                                                ^^^^^^ not found in this scope\n\n","error[E0412]: cannot find type `Option` in this scope\n   --> /home/runner/.cargo/registry/src/index.crates.io-6f17d22bba15001f/log-0.4.22/src/lib.rs:996:34\n    |\n996 |     pub fn file(&mut self, file: Option<&'a str>) -> &mut RecordBuilder<'a> {\n    |                                  ^^^^^^ not found in this scope\n\n","error[E0412]: cannot find type `Option` in this scope\n    --> /home/runner/.cargo/registry/src/index.crates.io-6f17d22bba15001f/log-0.4.22/src/lib.rs:1003:41\n     |\n1003 |     pub fn file_static(&mut self, file: Option<&'static str>) -> &mut RecordBuilder<'a> {\n     |                                         ^^^^^^ not found in this scope\n\n","error[E0412]: cannot find type `Option` in this scope\n    --> /home/runner/.cargo/registry/src/index.crates.io-6f17d22bba15001f/log-0.4.22/src/lib.rs:1010:34\n     |\n1010 |     pub fn line(&mut self, line: Option<u32>) -> &mut RecordBuilder<'a> {\n     |                                  ^^^^^^ not found in this scope\n\n","error[E0405]: cannot find trait `Default` in this scope\n    --> /home/runner/.cargo/registry/src/index.crates.io-6f17d22bba15001f/log-0.4.22/src/lib.rs:1030:10\n     |\n1030 | impl<'a> Default for RecordBuilder<'a> {\n     |          ^^^^^^^ not found in this scope\n\n","error[E0405]: cannot find trait `Default` in this scope\n    --> /home/runner/.cargo/registry/src/index.crates.io-6f17d22bba15001f/log-0.4.22/src/lib.rs:1159:10\n     |\n1159 | impl<'a> Default for MetadataBuilder<'a> {\n     |          ^^^^^^^ not found in this scope\n\n","error[E0405]: cannot find trait `Sync` in this scope\n    --> /home/runner/.cargo/registry/src/index.crates.io-6f17d22bba15001f/log-0.4.22/src/lib.rs:1166:16\n     |\n1166 | pub trait Log: Sync + Send {\n     |                ^^^^ not found in this scope\n\n","error[E0405]: cannot find trait `Send` in this scope\n    --> /home/runner/.cargo/registry/src/index.crates.io-6f17d22bba15001f/log-0.4.22/src/lib.rs:1166:23\n     |\n1166 | pub trait Log: Sync + Send {\n     |                       ^^^^ not found in this scope\n\n","error[E0405]: cannot find trait `Sized` in this scope\n    --> /home/runner/.cargo/registry/src/index.crates.io-6f17d22bba15001f/log-0.4.22/src/lib.rs:1213:9\n     |\n1213 |     T: ?Sized + Log,\n     |         ^^^^^ not found in this scope\n\n","error[E0412]: cannot find type `Result` in this scope\n    --> /home/runner/.cargo/registry/src/index.crates.io-6f17d22bba15001f/log-0.4.22/src/lib.rs:1395:48\n     |\n1395 | pub fn set_logger(logger: &'static dyn Log) -> Result<(), SetLoggerError> {\n     |                                                ^^^^^^ not found in this scope\n\n","error[E0405]: cannot find trait `FnOnce` in this scope\n    --> /home/runner/.cargo/registry/src/index.crates.io-6f17d22bba15001f/log-0.4.22/src/lib.rs:1402:8\n     |\n1402 |     F: FnOnce() -> &'static dyn Log,\n     |        ^^^^^^ not found in this scope\n\n","error[E0412]: cannot find type `Result` in this scope\n    --> /home/runner/.cargo/registry/src/index.crates.io-6f17d22bba15001f/log-0.4.22/src/lib.rs:1400:43\n     |\n1400 | fn set_logger_inner<F>(make_logger: F) -> Result<(), SetLoggerError>\n     |                                           ^^^^^^ not found in this scope\n\n","error[E0531]: cannot find tuple struct or tuple variant `Ok` in this scope\n    --> /home/runner/.cargo/registry/src/index.crates.io-6f17d22bba15001f/log-0.4.22/src/lib.rs:1410:9\n     |\n1410 |         Ok(UNINITIALIZED) => {\n     |         ^^ not found in this scope\n\n","error[E0531]: cannot find tuple struct or tuple variant `Err` in this scope\n    --> /home/runner/.cargo/registry/src/index.crates.io-6f17d22bba15001f/log-0.4.22/src/lib.rs:1417:9\n     |\n1417 |         Err(INITIALIZING) => {\n     |         ^^^ not found in this scope\n\n","error[E0412]: cannot find type `Result` in this scope\n    --> /home/runner/.cargo/registry/src/index.crates.io-6f17d22bba15001f/log-0.4.22/src/lib.rs:1446:60\n     |\n1446 | pub unsafe fn set_logger_racy(logger: &'static dyn Log) -> Result<(), SetLoggerError> {\n     |                                                            ^^^^^^ not found in this scope\n\n","error[E0659]: `cfg` is ambiguous\n   --> /home/runner/.cargo/registry/src/index.crates.io-6f17d22bba15001f/log-0.4.22/src/lib.rs:384:3\n    |\n384 | #[cfg(all(not(feature = \"std\"), not(test)))]\n    |   ^^^ ambiguous name\n    |\n    = note: ambiguous because of a name conflict with a builtin attribute\n    = note: `cfg` could refer to a built-in attribute\nnote: `cfg` could also refer to the unresolved item imported here\n   --> /home/runner/.cargo/registry/src/index.crates.io-6f17d22bba15001f/log-0.4.22/src/lib.rs:387:5\n    |\n387 | use std::cfg;\n    |     ^^^^^^^^\n    = help: use `crate::cfg` to refer to this unresolved item unambiguously\n\n","error[E0659]: `cfg` is ambiguous\n   --> /home/runner/.cargo/registry/src/index.crates.io-6f17d22bba15001f/log-0.4.22/src/lib.rs:400:3\n    |\n400 | #[cfg(target_has_atomic = \"ptr\")]\n    |   ^^^ ambiguous name\n    |\n    = note: ambiguous because of a name conflict with a builtin attribute\n    = note: `cfg` could refer to a built-in attribute\nnote: `cfg` could also refer to the unresolved item imported here\n   --> /home/runner/.cargo/registry/src/index.crates.io-6f17d22bba15001f/log-0.4.22/src/lib.rs:387:5\n    |\n387 | use std::cfg;\n    |     ^^^^^^^^\n    = help: use `crate::cfg` to refer to this unresolved item unambiguously\n\n","error[E0659]: `cfg` is ambiguous\n    --> /home/runner/.cargo/registry/src/index.crates.io-6f17d22bba15001f/log-0.4.22/src/lib.rs:1267:3\n     |\n1267 | #[cfg(target_has_atomic = \"ptr\")]\n     |   ^^^ ambiguous name\n     |\n     = note: ambiguous because of a name conflict with a builtin attribute\n     = note: `cfg` could refer to a built-in attribute\nnote: `cfg` could also refer to the unresolved item imported here\n    --> /home/runner/.cargo/registry/src/index.crates.io-6f17d22bba15001f/log-0.4.22/src/lib.rs:387:5\n     |\n387  | use std::cfg;\n     |     ^^^^^^^^\n     = help: use `crate::cfg` to refer to this unresolved item unambiguously\n\n","error[E0659]: `cfg` is ambiguous\n    --> /home/runner/.cargo/registry/src/index.crates.io-6f17d22bba15001f/log-0.4.22/src/lib.rs:1394:3\n     |\n1394 | #[cfg(target_has_atomic = \"ptr\")]\n     |   ^^^ ambiguous name\n     |\n     = note: ambiguous because of a name conflict with a builtin attribute\n     = note: `cfg` could refer to a built-in attribute\nnote: `cfg` could also refer to the unresolved item imported here\n    --> /home/runner/.cargo/registry/src/index.crates.io-6f17d22bba15001f/log-0.4.22/src/lib.rs:387:5\n     |\n387  | use std::cfg;\n     |     ^^^^^^^^\n     = help: use `crate::cfg` to refer to this unresolved item unambiguously\n\n","error[E0659]: `cfg` is ambiguous\n    --> /home/runner/.cargo/registry/src/index.crates.io-6f17d22bba15001f/log-0.4.22/src/lib.rs:1399:3\n     |\n1399 | #[cfg(target_has_atomic = \"ptr\")]\n     |   ^^^ ambiguous name\n     |\n     = note: ambiguous because of a name conflict with a builtin attribute\n     = note: `cfg` could refer to a built-in attribute\nnote: `cfg` could also refer to the unresolved item imported here\n    --> /home/runner/.cargo/registry/src/index.crates.io-6f17d22bba15001f/log-0.4.22/src/lib.rs:387:5\n     |\n387  | use std::cfg;\n     |     ^^^^^^^^\n     = help: use `crate::cfg` to refer to this unresolved item unambiguously\n\n","error[E0425]: cannot find function, tuple struct or tuple variant `Some` in this scope\n   --> /home/runner/.cargo/registry/src/index.crates.io-6f17d22bba15001f/log-0.4.22/src/lib.rs:514:9\n    |\n514 |         Some((*self as usize).cmp(&(*other as usize)))\n    |         ^^^^ not found in this scope\n\n","error[E0425]: cannot find function, tuple struct or tuple variant `Some` in this scope\n   --> /home/runner/.cargo/registry/src/index.crates.io-6f17d22bba15001f/log-0.4.22/src/lib.rs:541:18\n    |\n541 |             1 => Some(Level::Error),\n    |                  ^^^^ not found in this scope\n\n","error[E0425]: cannot find function, tuple struct or tuple variant `Some` in this scope\n   --> /home/runner/.cargo/registry/src/index.crates.io-6f17d22bba15001f/log-0.4.22/src/lib.rs:542:18\n    |\n542 |             2 => Some(Level::Warn),\n    |                  ^^^^ not found in this scope\n\n","error[E0425]: cannot find function, tuple struct or tuple variant `Some` in this scope\n   --> /home/runner/.cargo/registry/src/index.crates.io-6f17d22bba15001f/log-0.4.22/src/lib.rs:543:18\n    |\n543 |             3 => Some(Level::Info),\n    |                  ^^^^ not found in this scope\n\n","error[E0425]: cannot find function, tuple struct or tuple variant `Some` in this scope\n   --> /home/runner/.cargo/registry/src/index.crates.io-6f17d22bba15001f/log-0.4.22/src/lib.rs:544:18\n    |\n544 |             4 => Some(Level::Debug),\n    |                  ^^^^ not found in this scope\n\n","error[E0425]: cannot find function, tuple struct or tuple variant `Some` in this scope\n   --> /home/runner/.cargo/registry/src/index.crates.io-6f17d22bba15001f/log-0.4.22/src/lib.rs:545:18\n    |\n545 |             5 => Some(Level::Trace),\n    |                  ^^^^ not found in this scope\n\n","error[E0425]: cannot find function, tuple struct or tuple variant `Some` in this scope\n   --> /home/runner/.cargo/registry/src/index.crates.io-6f17d22bba15001f/log-0.4.22/src/lib.rs:623:9\n    |\n623 |         Some((*self as usize).cmp(&(*other as usize)))\n    |         ^^^^ not found in this scope\n\n","error[E0425]: cannot find function, tuple struct or tuple variant `Some` in this scope\n   --> /home/runner/.cargo/registry/src/index.crates.io-6f17d22bba15001f/log-0.4.22/src/lib.rs:647:18\n    |\n647 |             0 => Some(LevelFilter::Off),\n    |                  ^^^^ not found in this scope\n\n","error[E0425]: cannot find function, tuple struct or tuple variant `Some` in this scope\n   --> /home/runner/.cargo/registry/src/index.crates.io-6f17d22bba15001f/log-0.4.22/src/lib.rs:648:18\n    |\n648 |             1 => Some(LevelFilter::Error),\n    |                  ^^^^ not found in this scope\n\n","error[E0425]: cannot find function, tuple struct or tuple variant `Some` in this scope\n   --> /home/runner/.cargo/registry/src/index.crates.io-6f17d22bba15001f/log-0.4.22/src/lib.rs:649:18\n    |\n649 |             2 => Some(LevelFilter::Warn),\n    |                  ^^^^ not found in this scope\n\n","error[E0425]: cannot find function, tuple struct or tuple variant `Some` in this scope\n   --> /home/runner/.cargo/registry/src/index.crates.io-6f17d22bba15001f/log-0.4.22/src/lib.rs:650:18\n    |\n650 |             3 => Some(LevelFilter::Info),\n    |                  ^^^^ not found in this scope\n\n","error[E0425]: cannot find function, tuple struct or tuple variant `Some` in this scope\n   --> /home/runner/.cargo/registry/src/index.crates.io-6f17d22bba15001f/log-0.4.22/src/lib.rs:651:18\n    |\n651 |             4 => Some(LevelFilter::Debug),\n    |                  ^^^^ not found in this scope\n\n","error[E0425]: cannot find function, tuple struct or tuple variant `Some` in this scope\n   --> /home/runner/.cargo/registry/src/index.crates.io-6f17d22bba15001f/log-0.4.22/src/lib.rs:652:18\n    |\n652 |             5 => Some(LevelFilter::Trace),\n    |                  ^^^^ not found in this scope\n\n","error[E0425]: cannot find function, tuple struct or tuple variant `Some` in this scope\n   --> /home/runner/.cargo/registry/src/index.crates.io-6f17d22bba15001f/log-0.4.22/src/lib.rs:827:48\n    |\n827 |             Some(MaybeStaticStr::Static(s)) => Some(s),\n    |                                                ^^^^ not found in this scope\n\n","error[E0425]: cannot find function, tuple struct or tuple variant `Some` in this scope\n   --> /home/runner/.cargo/registry/src/index.crates.io-6f17d22bba15001f/log-0.4.22/src/lib.rs:842:48\n    |\n842 |             Some(MaybeStaticStr::Static(s)) => Some(s),\n    |                                                ^^^^ not found in this scope\n\n","error[E0425]: cannot find function, tuple struct or tuple variant `Ok` in this scope\n    --> /home/runner/.cargo/registry/src/index.crates.io-6f17d22bba15001f/log-0.4.22/src/lib.rs:1415:13\n     |\n1415 |             Ok(())\n     |             ^^ not found in this scope\n\n","error[E0425]: cannot find function, tuple struct or tuple variant `Err` in this scope\n    --> /home/runner/.cargo/registry/src/index.crates.io-6f17d22bba15001f/log-0.4.22/src/lib.rs:1421:13\n     |\n1421 |             Err(SetLoggerError(()))\n     |             ^^^ not found in this scope\n\n","error[E0425]: cannot find function, tuple struct or tuple variant `Err` in this scope\n    --> /home/runner/.cargo/registry/src/index.crates.io-6f17d22bba15001f/log-0.4.22/src/lib.rs:1423:14\n     |\n1423 |         _ => Err(SetLoggerError(())),\n     |              ^^^ not found in this scope\n\n","error[E0425]: cannot find function, tuple struct or tuple variant `Ok` in this scope\n    --> /home/runner/.cargo/registry/src/index.crates.io-6f17d22bba15001f/log-0.4.22/src/lib.rs:1451:13\n     |\n1451 |             Ok(())\n     |             ^^ not found in this scope\n\n","error[E0425]: cannot find function, tuple struct or tuple variant `Err` in this scope\n    --> /home/runner/.cargo/registry/src/index.crates.io-6f17d22bba15001f/log-0.4.22/src/lib.rs:1457:14\n     |\n1457 |         _ => Err(SetLoggerError(())),\n     |              ^^^ not found in this scope\n\n"]}},{"file":"/home/runner/.cargo/registry/src/index.crates.io-6f17d22bba15001f/scopeguard-1.2.0/src/lib.rs","count":16,"kinds":{"Clippy(Error)":["error[E0463]: can't find crate for `core`\n  |\n  = note: the `aarch64-unknown-none` target may not be installed\n  = help: consider downloading the target with `rustup target add aarch64-unknown-none`\n  = help: consider building the standard library from source with `cargo build -Zbuild-std`\n\n","error[E0463]: can't find crate for `compiler_builtins`\n\n","error[E0463]: can't find crate for `core`\n   --> /home/runner/.cargo/registry/src/index.crates.io-6f17d22bba15001f/scopeguard-1.2.0/src/lib.rs:192:1\n    |\n192 | extern crate core as std;\n    | ^^^^^^^^^^^^^^^^^^^^^^^^^ can't find crate\n    |\n    = note: the `aarch64-unknown-none` target may not be installed\n    = help: consider downloading the target with `rustup target add aarch64-unknown-none`\n    = help: consider building the standard library from source with `cargo build -Zbuild-std`\n\n","error: cannot find macro `stringify` in this scope\n   --> /home/runner/.cargo/registry/src/index.crates.io-6f17d22bba15001f/scopeguard-1.2.0/src/lib.rs:487:24\n    |\n487 |         f.debug_struct(stringify!(ScopeGuard))\n    |                        ^^^^^^^^^\n\n","error: cannot find attribute `derive` in this scope\n   --> /home/runner/.cargo/registry/src/index.crates.io-6f17d22bba15001f/scopeguard-1.2.0/src/lib.rs:212:3\n    |\n212 | #[derive(Debug)]\n    |   ^^^^^^\n\n","error[E0405]: cannot find trait `FnOnce` in this scope\n   --> /home/runner/.cargo/registry/src/index.crates.io-6f17d22bba15001f/scopeguard-1.2.0/src/lib.rs:306:8\n    |\n306 |     F: FnOnce(T),\n    |        ^^^^^^ not found in this scope\n\n","error[E0405]: cannot find trait `FnOnce` in this scope\n   --> /home/runner/.cargo/registry/src/index.crates.io-6f17d22bba15001f/scopeguard-1.2.0/src/lib.rs:317:8\n    |\n317 |     F: FnOnce(T),\n    |        ^^^^^^ not found in this scope\n\n","error[E0405]: cannot find trait `FnOnce` in this scope\n   --> /home/runner/.cargo/registry/src/index.crates.io-6f17d22bba15001f/scopeguard-1.2.0/src/lib.rs:377:8\n    |\n377 |     F: FnOnce(T),\n    |        ^^^^^^ not found in this scope\n\n","error[E0405]: cannot find trait `Sync` in this scope\n   --> /home/runner/.cargo/registry/src/index.crates.io-6f17d22bba15001f/scopeguard-1.2.0/src/lib.rs:435:22\n    |\n435 | unsafe impl<T, F, S> Sync for ScopeGuard<T, F, S>\n    |                      ^^^^ not found in this scope\n\n","error[E0405]: cannot find trait `Sync` in this scope\n   --> /home/runner/.cargo/registry/src/index.crates.io-6f17d22bba15001f/scopeguard-1.2.0/src/lib.rs:437:8\n    |\n437 |     T: Sync,\n    |        ^^^^ not found in this scope\n\n","error[E0405]: cannot find trait `FnOnce` in this scope\n   --> /home/runner/.cargo/registry/src/index.crates.io-6f17d22bba15001f/scopeguard-1.2.0/src/lib.rs:438:8\n    |\n438 |     F: FnOnce(T),\n    |        ^^^^^^ not found in this scope\n\n","error[E0405]: cannot find trait `FnOnce` in this scope\n   --> /home/runner/.cargo/registry/src/index.crates.io-6f17d22bba15001f/scopeguard-1.2.0/src/lib.rs:445:8\n    |\n445 |     F: FnOnce(T),\n    |        ^^^^^^ not found in this scope\n\n","error[E0405]: cannot find trait `FnOnce` in this scope\n   --> /home/runner/.cargo/registry/src/index.crates.io-6f17d22bba15001f/scopeguard-1.2.0/src/lib.rs:457:8\n    |\n457 |     F: FnOnce(T),\n    |        ^^^^^^ not found in this scope\n\n","error[E0405]: cannot find trait `Drop` in this scope\n   --> /home/runner/.cargo/registry/src/index.crates.io-6f17d22bba15001f/scopeguard-1.2.0/src/lib.rs:465:15\n    |\n465 | impl<T, F, S> Drop for ScopeGuard<T, F, S>\n    |               ^^^^ not found in this scope\n\n","error[E0405]: cannot find trait `FnOnce` in this scope\n   --> /home/runner/.cargo/registry/src/index.crates.io-6f17d22bba15001f/scopeguard-1.2.0/src/lib.rs:467:8\n    |\n467 |     F: FnOnce(T),\n    |        ^^^^^^ not found in this scope\n\n","error[E0405]: cannot find trait `FnOnce` in this scope\n   --> /home/runner/.cargo/registry/src/index.crates.io-6f17d22bba15001f/scopeguard-1.2.0/src/lib.rs:483:8\n    |\n483 |     F: FnOnce(T),\n    |        ^^^^^^ not found in this scope\n\n"]}},{"file":"/home/runner/.cargo/registry/src/index.crates.io-6f17d22bba15001f/tock-registers-0.8.1/src/fields.rs","count":13,"kinds":{"Clippy(Error)":["error[E0463]: can't find crate for `core`\n  --> /home/runner/.cargo/registry/src/index.crates.io-6f17d22bba15001f/tock-registers-0.8.1/src/fields.rs:68:5\n   |\n68 | use core::marker::PhantomData;\n   |     ^^^^ can't find crate\n   |\n   = note: the `aarch64-unknown-none` target may not be installed\n   = help: consider downloading the target with `rustup target add aarch64-unknown-none`\n   = help: consider building the standard library from source with `cargo build -Zbuild-std`\n\n","error[E0463]: can't find crate for `core`\n  --> /home/runner/.cargo/registry/src/index.crates.io-6f17d22bba15001f/tock-registers-0.8.1/src/fields.rs:69:5\n   |\n69 | use core::ops::{Add, AddAssign};\n   |     ^^^^ can't find crate\n   |\n   = note: the `aarch64-unknown-none` target may not be installed\n   = help: consider downloading the target with `rustup target add aarch64-unknown-none`\n   = help: consider building the standard library from source with `cargo build -Zbuild-std`\n\n","error: cannot find attribute `derive` in this scope\n   --> /home/runner/.cargo/registry/src/index.crates.io-6f17d22bba15001f/tock-registers-0.8.1/src/fields.rs:193:3\n    |\n193 | #[derive(Copy, Clone)]\n    |   ^^^^^^\n\n","error[E0412]: cannot find type `Option` in this scope\n   --> /home/runner/.cargo/registry/src/index.crates.io-6f17d22bba15001f/tock-registers-0.8.1/src/fields.rs:140:76\n    |\n140 |     pub fn read_as_enum<E: TryFromValue<T, EnumType = E>>(self, val: T) -> Option<E> {\n    |                                                                            ^^^^^^ not found in this scope\n\n","error[E0405]: cannot find trait `Clone` in this scope\n   --> /home/runner/.cargo/registry/src/index.crates.io-6f17d22bba15001f/tock-registers-0.8.1/src/fields.rs:161:40\n    |\n161 | impl<T: UIntLike, R: RegisterLongName> Clone for Field<T, R> {\n    |                                        ^^^^^ not found in this scope\n\n","error[E0405]: cannot find trait `Copy` in this scope\n   --> /home/runner/.cargo/registry/src/index.crates.io-6f17d22bba15001f/tock-registers-0.8.1/src/fields.rs:170:40\n    |\n170 | impl<T: UIntLike, R: RegisterLongName> Copy for Field<T, R> {}\n    |                                        ^^^^ not found in this scope\n\n","error[E0405]: cannot find trait `From` in this scope\n   --> /home/runner/.cargo/registry/src/index.crates.io-6f17d22bba15001f/tock-registers-0.8.1/src/fields.rs:217:35\n    |\n217 |         impl<R: RegisterLongName> From<FieldValue<$type, R>> for $type {\n    |                                   ^^^^ not found in this scope\n...\n225 | FieldValue_impl_for!(u8);\n    | ------------------------ in this macro invocation\n    |\n    = note: this error originates in the macro `FieldValue_impl_for` (in Nightly builds, run with -Z macro-backtrace for more info)\n\n","error[E0405]: cannot find trait `From` in this scope\n   --> /home/runner/.cargo/registry/src/index.crates.io-6f17d22bba15001f/tock-registers-0.8.1/src/fields.rs:217:35\n    |\n217 |         impl<R: RegisterLongName> From<FieldValue<$type, R>> for $type {\n    |                                   ^^^^ not found in this scope\n...\n226 | FieldValue_impl_for!(u16);\n    | ------------------------- in this macro invocation\n    |\n    = note: this error originates in the macro `FieldValue_impl_for` (in Nightly builds, run with -Z macro-backtrace for more info)\n\n","error[E0405]: cannot find trait `From` in this scope\n   --> /home/runner/.cargo/registry/src/index.crates.io-6f17d22bba15001f/tock-registers-0.8.1/src/fields.rs:217:35\n    |\n217 |         impl<R: RegisterLongName> From<FieldValue<$type, R>> for $type {\n    |                                   ^^^^ not found in this scope\n...\n227 | FieldValue_impl_for!(u32);\n    | ------------------------- in this macro invocation\n    |\n    = note: this error originates in the macro `FieldValue_impl_for` (in Nightly builds, run with -Z macro-backtrace for more info)\n\n","error[E0405]: cannot find trait `From` in this scope\n   --> /home/runner/.cargo/registry/src/index.crates.io-6f17d22bba15001f/tock-registers-0.8.1/src/fields.rs:217:35\n    |\n217 |         impl<R: RegisterLongName> From<FieldValue<$type, R>> for $type {\n    |                                   ^^^^ not found in this scope\n...\n228 | FieldValue_impl_for!(u64);\n    | ------------------------- in this macro invocation\n    |\n    = note: this error originates in the macro `FieldValue_impl_for` (in Nightly builds, run with -Z macro-backtrace for more info)\n\n","error[E0405]: cannot find trait `From` in this scope\n   --> /home/runner/.cargo/registry/src/index.crates.io-6f17d22bba15001f/tock-registers-0.8.1/src/fields.rs:217:35\n    |\n217 |         impl<R: RegisterLongName> From<FieldValue<$type, R>> for $type {\n    |                                   ^^^^ not found in this scope\n...\n229 | FieldValue_impl_for!(u128);\n    | -------------------------- in this macro invocation\n    |\n    = note: this error originates in the macro `FieldValue_impl_for` (in Nightly builds, run with -Z macro-backtrace for more info)\n\n","error[E0405]: cannot find trait `From` in this scope\n   --> /home/runner/.cargo/registry/src/index.crates.io-6f17d22bba15001f/tock-registers-0.8.1/src/fields.rs:217:35\n    |\n217 |         impl<R: RegisterLongName> From<FieldValue<$type, R>> for $type {\n    |                                   ^^^^ not found in this scope\n...\n230 | FieldValue_impl_for!(usize);\n    | --------------------------- in this macro invocation\n    |\n    = note: this error originates in the macro `FieldValue_impl_for` (in Nightly builds, run with -Z macro-backtrace for more info)\n\n","error[E0412]: cannot find type `Option` in this scope\n   --> /home/runner/.cargo/registry/src/index.crates.io-6f17d22bba15001f/tock-registers-0.8.1/src/fields.rs:300:32\n    |\n300 |     fn try_from_value(v: V) -> Option<Self::EnumType>;\n    |                                ^^^^^^ not found in this scope\n\n"]}},{"file":"/home/runner/.cargo/registry/src/index.crates.io-6f17d22bba15001f/tock-registers-0.8.1/src/local_register.rs","count":11,"kinds":{"Clippy(Error)":["error[E0463]: can't find crate for `core`\n --> /home/runner/.cargo/registry/src/index.crates.io-6f17d22bba15001f/tock-registers-0.8.1/src/local_register.rs:4:5\n  |\n4 | use core::fmt;\n  |     ^^^^ can't find crate\n  |\n  = note: the `aarch64-unknown-none` target may not be installed\n  = help: consider downloading the target with `rustup target add aarch64-unknown-none`\n  = help: consider building the standard library from source with `cargo build -Zbuild-std`\n\n","error[E0463]: can't find crate for `core`\n --> /home/runner/.cargo/registry/src/index.crates.io-6f17d22bba15001f/tock-registers-0.8.1/src/local_register.rs:5:5\n  |\n5 | use core::marker::PhantomData;\n  |     ^^^^ can't find crate\n  |\n  = note: the `aarch64-unknown-none` target may not be installed\n  = help: consider downloading the target with `rustup target add aarch64-unknown-none`\n  = help: consider building the standard library from source with `cargo build -Zbuild-std`\n\n","error: cannot find attribute `derive` in this scope\n  --> /home/runner/.cargo/registry/src/index.crates.io-6f17d22bba15001f/tock-registers-0.8.1/src/local_register.rs:30:3\n   |\n30 | #[derive(Copy, Clone)]\n   |   ^^^^^^\n\n","error: cannot find macro `write` in this scope\n   --> /home/runner/.cargo/registry/src/index.crates.io-6f17d22bba15001f/tock-registers-0.8.1/src/local_register.rs:108:9\n    |\n108 |         write!(f, \"{:?}\", self.value)\n    |         ^^^^^\n\n","error[E0412]: cannot find type `Option` in this scope\n  --> /home/runner/.cargo/registry/src/index.crates.io-6f17d22bba15001f/tock-registers-0.8.1/src/local_register.rs:64:89\n   |\n64 |     pub fn read_as_enum<E: TryFromValue<T, EnumType = E>>(&self, field: Field<T, R>) -> Option<E> {\n   |                                                                                         ^^^^^^ not found in this scope\n\n","error[E0405]: cannot find trait `From` in this scope\n   --> /home/runner/.cargo/registry/src/index.crates.io-6f17d22bba15001f/tock-registers-0.8.1/src/local_register.rs:116:35\n    |\n116 |         impl<R: RegisterLongName> From<LocalRegisterCopy<$type, R>> for $type {\n    |                                   ^^^^ not found in this scope\n...\n124 | From_impl_for!(u8);\n    | ------------------ in this macro invocation\n    |\n    = note: this error originates in the macro `From_impl_for` (in Nightly builds, run with -Z macro-backtrace for more info)\n\n","error[E0405]: cannot find trait `From` in this scope\n   --> /home/runner/.cargo/registry/src/index.crates.io-6f17d22bba15001f/tock-registers-0.8.1/src/local_register.rs:116:35\n    |\n116 |         impl<R: RegisterLongName> From<LocalRegisterCopy<$type, R>> for $type {\n    |                                   ^^^^ not found in this scope\n...\n125 | From_impl_for!(u16);\n    | ------------------- in this macro invocation\n    |\n    = note: this error originates in the macro `From_impl_for` (in Nightly builds, run with -Z macro-backtrace for more info)\n\n","error[E0405]: cannot find trait `From` in this scope\n   --> /home/runner/.cargo/registry/src/index.crates.io-6f17d22bba15001f/tock-registers-0.8.1/src/local_register.rs:116:35\n    |\n116 |         impl<R: RegisterLongName> From<LocalRegisterCopy<$type, R>> for $type {\n    |                                   ^^^^ not found in this scope\n...\n126 | From_impl_for!(u32);\n    | ------------------- in this macro invocation\n    |\n    = note: this error originates in the macro `From_impl_for` (in Nightly builds, run with -Z macro-backtrace for more info)\n\n","error[E0405]: cannot find trait `From` in this scope\n   --> /home/runner/.cargo/registry/src/index.crates.io-6f17d22bba15001f/tock-registers-0.8.1/src/local_register.rs:116:35\n    |\n116 |         impl<R: RegisterLongName> From<LocalRegisterCopy<$type, R>> for $type {\n    |                                   ^^^^ not found in this scope\n...\n127 | From_impl_for!(u64);\n    | ------------------- in this macro invocation\n    |\n    = note: this error originates in the macro `From_impl_for` (in Nightly builds, run with -Z macro-backtrace for more info)\n\n","error[E0405]: cannot find trait `From` in this scope\n   --> /home/runner/.cargo/registry/src/index.crates.io-6f17d22bba15001f/tock-registers-0.8.1/src/local_register.rs:116:35\n    |\n116 |         impl<R: RegisterLongName> From<LocalRegisterCopy<$type, R>> for $type {\n    |                                   ^^^^ not found in this scope\n...\n128 | From_impl_for!(u128);\n    | -------------------- in this macro invocation\n    |\n    = note: this error originates in the macro `From_impl_for` (in Nightly builds, run with -Z macro-backtrace for more info)\n\n","error[E0405]: cannot find trait `From` in this scope\n   --> /home/runner/.cargo/registry/src/index.crates.io-6f17d22bba15001f/tock-registers-0.8.1/src/local_register.rs:116:35\n    |\n116 |         impl<R: RegisterLongName> From<LocalRegisterCopy<$type, R>> for $type {\n    |                                   ^^^^ not found in this scope\n...\n129 | From_impl_for!(usize);\n    | --------------------- in this macro invocation\n    |\n    = note: this error originates in the macro `From_impl_for` (in Nightly builds, run with -Z macro-backtrace for more info)\n\n"]}},{"file":"/home/runner/.cargo/registry/src/index.crates.io-6f17d22bba15001f/log-0.4.22/src/__private_api.rs","count":10,"kinds":{"Clippy(Error)":["error: cannot find macro `panic` in this scope\n  --> /home/runner/.cargo/registry/src/index.crates.io-6f17d22bba15001f/log-0.4.22/src/__private_api.rs:45:9\n   |\n45 |         panic!(\"key-value support is experimental and must be enabled using the `kv` feature\")\n   |         ^^^^^\n\n","error[E0412]: cannot find type `Option` in this scope\n  --> /home/runner/.cargo/registry/src/index.crates.io-6f17d22bba15001f/log-0.4.22/src/__private_api.rs:15:30\n   |\n15 |         fn into_kvs(self) -> Option<&'a [(&'a str, super::Value<'a>)]>;\n   |                              ^^^^^^ not found in this scope\n\n","error[E0412]: cannot find type `Option` in this scope\n  --> /home/runner/.cargo/registry/src/index.crates.io-6f17d22bba15001f/log-0.4.22/src/__private_api.rs:23:26\n   |\n23 |     fn into_kvs(self) -> Option<&'a [(&'a str, Value<'a>)]> {\n   |                          ^^^^^^ not found in this scope\n\n","error[E0412]: cannot find type `Option` in this scope\n  --> /home/runner/.cargo/registry/src/index.crates.io-6f17d22bba15001f/log-0.4.22/src/__private_api.rs:30:26\n   |\n30 |     fn into_kvs(self) -> Option<&'a [(&'a str, Value<'a>)]> {\n   |                          ^^^^^^ not found in this scope\n\n","error[E0425]: cannot find value `None` in this scope\n  --> /home/runner/.cargo/registry/src/index.crates.io-6f17d22bba15001f/log-0.4.22/src/__private_api.rs:31:9\n   |\n31 |         None\n   |         ^^^^ not found in this scope\n\n","error[E0412]: cannot find type `Option` in this scope\n  --> /home/runner/.cargo/registry/src/index.crates.io-6f17d22bba15001f/log-0.4.22/src/__private_api.rs:41:10\n   |\n41 |     kvs: Option<&[(&str, Value)]>,\n   |          ^^^^^^ not found in this scope\n\n","error[E0425]: cannot find function, tuple struct or tuple variant `Some` in this scope\n  --> /home/runner/.cargo/registry/src/index.crates.io-6f17d22bba15001f/log-0.4.22/src/__private_api.rs:24:9\n   |\n24 |         Some(self)\n   |         ^^^^------\n   |         |\n   |         help: try calling `Some` as a method: `self.Some()`\n\n","error[E0425]: cannot find function, tuple struct or tuple variant `Some` in this scope\n  --> /home/runner/.cargo/registry/src/index.crates.io-6f17d22bba15001f/log-0.4.22/src/__private_api.rs:54:29\n   |\n54 |         .module_path_static(Some(module_path))\n   |                             ^^^^ not found in this scope\n\n","error[E0425]: cannot find function, tuple struct or tuple variant `Some` in this scope\n  --> /home/runner/.cargo/registry/src/index.crates.io-6f17d22bba15001f/log-0.4.22/src/__private_api.rs:55:22\n   |\n55 |         .file_static(Some(loc.file()))\n   |                      ^^^^ not found in this scope\n\n","error[E0425]: cannot find function, tuple struct or tuple variant `Some` in this scope\n  --> /home/runner/.cargo/registry/src/index.crates.io-6f17d22bba15001f/log-0.4.22/src/__private_api.rs:56:15\n   |\n56 |         .line(Some(loc.line()));\n   |               ^^^^ not found in this scope\n\n"]}},{"file":"/home/runner/.cargo/registry/src/index.crates.io-6f17d22bba15001f/tock-registers-0.8.1/src/registers.rs","count":10,"kinds":{"Clippy(Error)":["error[E0463]: can't find crate for `core`\n  --> /home/runner/.cargo/registry/src/index.crates.io-6f17d22bba15001f/tock-registers-0.8.1/src/registers.rs:19:5\n   |\n19 | use core::cell::UnsafeCell;\n   |     ^^^^ can't find crate\n   |\n   = note: the `aarch64-unknown-none` target may not be installed\n   = help: consider downloading the target with `rustup target add aarch64-unknown-none`\n   = help: consider building the standard library from source with `cargo build -Zbuild-std`\n\n","error[E0463]: can't find crate for `core`\n  --> /home/runner/.cargo/registry/src/index.crates.io-6f17d22bba15001f/tock-registers-0.8.1/src/registers.rs:20:5\n   |\n20 | use core::marker::PhantomData;\n   |     ^^^^ can't find crate\n   |\n   = note: the `aarch64-unknown-none` target may not be installed\n   = help: consider downloading the target with `rustup target add aarch64-unknown-none`\n   = help: consider building the standard library from source with `cargo build -Zbuild-std`\n\n","error[E0463]: can't find crate for `core`\n  --> /home/runner/.cargo/registry/src/index.crates.io-6f17d22bba15001f/tock-registers-0.8.1/src/registers.rs:44:20\n   |\n44 |         unsafe { ::core::ptr::read_volatile(self.value.get()) }\n   |                    ^^^^ can't find crate\n   |\n   = note: the `aarch64-unknown-none` target may not be installed\n   = help: consider downloading the target with `rustup target add aarch64-unknown-none`\n   = help: consider building the standard library from source with `cargo build -Zbuild-std`\n\n","error[E0463]: can't find crate for `core`\n  --> /home/runner/.cargo/registry/src/index.crates.io-6f17d22bba15001f/tock-registers-0.8.1/src/registers.rs:53:20\n   |\n53 |         unsafe { ::core::ptr::write_volatile(self.value.get(), value) }\n   |                    ^^^^ can't find crate\n   |\n   = note: the `aarch64-unknown-none` target may not be installed\n   = help: consider downloading the target with `rustup target add aarch64-unknown-none`\n   = help: consider building the standard library from source with `cargo build -Zbuild-std`\n\n","error[E0463]: can't find crate for `core`\n  --> /home/runner/.cargo/registry/src/index.crates.io-6f17d22bba15001f/tock-registers-0.8.1/src/registers.rs:74:20\n   |\n74 |         unsafe { ::core::ptr::read_volatile(&self.value) }\n   |                    ^^^^ can't find crate\n   |\n   = note: the `aarch64-unknown-none` target may not be installed\n   = help: consider downloading the target with `rustup target add aarch64-unknown-none`\n   = help: consider building the standard library from source with `cargo build -Zbuild-std`\n\n","error[E0463]: can't find crate for `core`\n  --> /home/runner/.cargo/registry/src/index.crates.io-6f17d22bba15001f/tock-registers-0.8.1/src/registers.rs:95:20\n   |\n95 |         unsafe { ::core::ptr::write_volatile(self.value.get(), value) }\n   |                    ^^^^ can't find crate\n   |\n   = note: the `aarch64-unknown-none` target may not be installed\n   = help: consider downloading the target with `rustup target add aarch64-unknown-none`\n   = help: consider building the standard library from source with `cargo build -Zbuild-std`\n\n","error[E0463]: can't find crate for `core`\n   --> /home/runner/.cargo/registry/src/index.crates.io-6f17d22bba15001f/tock-registers-0.8.1/src/registers.rs:125:20\n    |\n125 |         unsafe { ::core::ptr::read_volatile(self.value.get()) }\n    |                    ^^^^ can't find crate\n    |\n    = note: the `aarch64-unknown-none` target may not be installed\n    = help: consider downloading the target with `rustup target add aarch64-unknown-none`\n    = help: consider building the standard library from source with `cargo build -Zbuild-std`\n\n","error[E0463]: can't find crate for `core`\n   --> /home/runner/.cargo/registry/src/index.crates.io-6f17d22bba15001f/tock-registers-0.8.1/src/registers.rs:134:20\n    |\n134 |         unsafe { ::core::ptr::write_volatile(self.value.get(), value) }\n    |                    ^^^^ can't find crate\n    |\n    = note: the `aarch64-unknown-none` target may not be installed\n    = help: consider downloading the target with `rustup target add aarch64-unknown-none`\n    = help: consider building the standard library from source with `cargo build -Zbuild-std`\n\n","error[E0463]: can't find crate for `core`\n   --> /home/runner/.cargo/registry/src/index.crates.io-6f17d22bba15001f/tock-registers-0.8.1/src/registers.rs:170:20\n    |\n170 |         unsafe { ::core::ptr::read_volatile(self.value.get()) }\n    |                    ^^^^ can't find crate\n    |\n    = note: the `aarch64-unknown-none` target may not be installed\n    = help: consider downloading the target with `rustup target add aarch64-unknown-none`\n    = help: consider building the standard library from source with `cargo build -Zbuild-std`\n\n","error[E0463]: can't find crate for `core`\n   --> /home/runner/.cargo/registry/src/index.crates.io-6f17d22bba15001f/tock-registers-0.8.1/src/registers.rs:179:20\n    |\n179 |         unsafe { ::core::ptr::write_volatile(self.value.get(), value) }\n    |                    ^^^^ can't find crate\n    |\n    = note: the `aarch64-unknown-none` target may not be installed\n    = help: consider downloading the target with `rustup target add aarch64-unknown-none`\n    = help: consider building the standard library from source with `cargo build -Zbuild-std`\n\n"]}},{"file":"/home/runner/.cargo/registry/src/index.crates.io-6f17d22bba15001f/tock-registers-0.8.1/src/lib.rs","count":6,"kinds":{"Clippy(Error)":["error[E0463]: can't find crate for `core`\n  |\n  = note: the `aarch64-unknown-none` target may not be installed\n  = help: consider downloading the target with `rustup target add aarch64-unknown-none`\n  = help: consider building the standard library from source with `cargo build -Zbuild-std`\n\n","error[E0463]: can't find crate for `compiler_builtins`\n\n","error[E0463]: can't find crate for `core`\n  --> /home/runner/.cargo/registry/src/index.crates.io-6f17d22bba15001f/tock-registers-0.8.1/src/lib.rs:71:5\n   |\n71 | use core::ops::{BitAnd, BitOr, BitOrAssign, Not, Shl, Shr};\n   |     ^^^^ can't find crate\n   |\n   = note: the `aarch64-unknown-none` target may not be installed\n   = help: consider downloading the target with `rustup target add aarch64-unknown-none`\n   = help: consider building the standard library from source with `cargo build -Zbuild-std`\n\n","error[E0405]: cannot find trait `Eq` in this scope\n  --> /home/runner/.cargo/registry/src/index.crates.io-6f17d22bba15001f/tock-registers-0.8.1/src/lib.rs:87:7\n   |\n87 |     + Eq\n   |       ^^ not found in this scope\n\n","error[E0405]: cannot find trait `Copy` in this scope\n  --> /home/runner/.cargo/registry/src/index.crates.io-6f17d22bba15001f/tock-registers-0.8.1/src/lib.rs:90:7\n   |\n90 |     + Copy\n   |       ^^^^ not found in this scope\n\n","error[E0405]: cannot find trait `Clone` in this scope\n  --> /home/runner/.cargo/registry/src/index.crates.io-6f17d22bba15001f/tock-registers-0.8.1/src/lib.rs:91:7\n   |\n91 |     + Clone\n   |       ^^^^^ not found in this scope\n\n"]}},{"file":"/home/runner/.cargo/registry/src/index.crates.io-6f17d22bba15001f/tock-registers-0.8.1/src/interfaces.rs","count":1,"kinds":{"Clippy(Error)":["error[E0412]: cannot find type `Option` in this scope\n   --> /home/runner/.cargo/registry/src/index.crates.io-6f17d22bba15001f/tock-registers-0.8.1/src/interfaces.rs:217:10\n    |\n217 |     ) -> Option<E> {\n    |          ^^^^^^ not found in this scope\n\n"]}},{"file":"(virtual) clippy","count":1,"kinds":{"Cargo":["// pkg_name=example, checker=Clippy\n// toolchain=nightly-2023-12-01, target=aarch64-unknown-none\n// pkg_dir=/home/runner/check/repos-default/Byte-OS/polyhal/example\n// cmd=cargo clippy --target aarch64-unknown-none --no-deps --message-format=json\n   Compiling lock_api v0.4.11\n    Checking tock-registers v0.8.1\n    Checking scopeguard v1.2.0\n    Checking log v0.4.22\nerror: could not compile `tock-registers` (lib) due to 42 previous errors\nwarning: build failed, waiting for other jobs to finish...\nerror: could not compile `scopeguard` (lib) due to 17 previous errors\nerror: could not compile `log` (lib) due to 108 previous errors\n"]}},{"file":"(virtual) lockbud","count":1,"kinds":{"Cargo":["// pkg_name=example, checker=Lockbud\n// toolchain=nightly-2023-12-01, target=aarch64-unknown-none\n// pkg_dir=/home/runner/check/repos-default/Byte-OS/polyhal/example\n// cmd=cargo +nightly-2024-05-21 lockbud -k all -- --target aarch64-unknown-none\n   Compiling lock_api v0.4.11\n   Compiling tock-registers v0.8.1\n   Compiling scopeguard v1.2.0\n   Compiling byteorder v1.5.0\n   Compiling log v0.4.22\n   Compiling bitflags v2.6.0\n   Compiling zerocopy v0.7.35\n   Compiling aarch64-cpu v9.4.0\n   Compiling spin v0.9.8\n   Compiling arm_pl011 v0.1.0\n   Compiling arm_gicv2 v0.1.0\n   Compiling cfg-if v1.0.0\n   Compiling fdt v0.1.5\n   Compiling buddy_system_allocator v0.9.1\n   Compiling virtio-drivers v0.7.5\n   Compiling polyhal v0.1.3 (/home/runner/check/repos-default/Byte-OS/polyhal)\nwarning: unexpected `cfg` condition name: `c906`\n   --> /home/runner/check/repos-default/Byte-OS/polyhal/src/addr.rs:219:15\n    |\n219 |         #[cfg(c906)]\n    |               ^^^^\n    |\n    = help: expected names are: `clippy`, `debug_assertions`, `doc`, `docsrs`, `doctest`, `feature`, `miri`, `overflow_checks`, `panic`, `proc_macro`, `relocation_model`, `rustfmt`, `sanitize`, `sanitizer_cfi_generalize_pointers`, `sanitizer_cfi_normalize_integers`, `target_abi`, `target_arch`, `target_endian`, `target_env`, `target_family`, `target_feature`, `target_has_atomic`, `target_has_atomic_equal_alignment`, `target_has_atomic_load_store`, `target_os`, `target_pointer_width`, `target_thread_local`, `target_vendor`, `test`, `ub_checks`, `unix`, `windows`\n    = help: consider using a Cargo feature instead\n    = help: or consider adding in `Cargo.toml` the `check-cfg` lint config for the lint:\n             [lints.rust]\n             unexpected_cfgs = { level = \"warn\", check-cfg = ['cfg(c906)'] }\n    = help: or consider adding `println!(\"cargo::rustc-check-cfg=cfg(c906)\");` to the top of the `build.rs`\n    = note: see <https://doc.rust-lang.org/nightly/rustc/check-cfg/cargo-specifics.html> for more information about checking conditional configuration\n    = note: `#[warn(unexpected_cfgs)]` on by default\n\nwarning: unexpected `cfg` condition name: `board`\n   --> /home/runner/check/repos-default/Byte-OS/polyhal/src/addr.rs:224:15\n    |\n224 |         #[cfg(board = \"2k1000\")]\n    |               ^^^^^^^^^^^^^^^^\n    |\n    = help: consider using a Cargo feature instead\n    = help: or consider adding in `Cargo.toml` the `check-cfg` lint config for the lint:\n             [lints.rust]\n             unexpected_cfgs = { level = \"warn\", check-cfg = ['cfg(board, values(\"2k1000\"))'] }\n    = help: or consider adding `println!(\"cargo::rustc-check-cfg=cfg(board, values(\\\"2k1000\\\"))\");` to the top of the `build.rs`\n    = note: see <https://doc.rust-lang.org/nightly/rustc/check-cfg/cargo-specifics.html> for more information about checking conditional configuration\n\nwarning: unexpected `cfg` condition name: `board`\n   --> /home/runner/check/repos-default/Byte-OS/polyhal/src/addr.rs:240:15\n    |\n240 |         #[cfg(board = \"2k1000\")]\n    |               ^^^^^^^^^^^^^^^^\n    |\n    = help: consider using a Cargo feature instead\n    = help: or consider adding in `Cargo.toml` the `check-cfg` lint config for the lint:\n             [lints.rust]\n             unexpected_cfgs = { level = \"warn\", check-cfg = ['cfg(board, values(\"2k1000\"))'] }\n    = help: or consider adding `println!(\"cargo::rustc-check-cfg=cfg(board, values(\\\"2k1000\\\"))\");` to the top of the `build.rs`\n    = note: see <https://doc.rust-lang.org/nightly/rustc/check-cfg/cargo-specifics.html> for more information about checking conditional configuration\n\nwarning: unexpected `cfg` condition name: `c906`\n   --> /home/runner/check/repos-default/Byte-OS/polyhal/src/addr.rs:244:15\n    |\n244 |         #[cfg(c906)]\n    |               ^^^^\n    |\n    = help: consider using a Cargo feature instead\n    = help: or consider adding in `Cargo.toml` the `check-cfg` lint config for the lint:\n             [lints.rust]\n             unexpected_cfgs = { level = \"warn\", check-cfg = ['cfg(c906)'] }\n    = help: or consider adding `println!(\"cargo::rustc-check-cfg=cfg(c906)\");` to the top of the `build.rs`\n    = note: see <https://doc.rust-lang.org/nightly/rustc/check-cfg/cargo-specifics.html> for more information about checking conditional configuration\n\nwarning: the feature `offset_of` has been stable since 1.77.0 and no longer requires an attribute to enable\n --> /home/runner/check/repos-default/Byte-OS/polyhal/src/lib.rs:8:12\n  |\n8 | #![feature(offset_of)]\n  |            ^^^^^^^^^\n  |\n  = note: `#[warn(stable_features)]` on by default\n\nwarning: field `0` is never read\n  --> /home/runner/check/repos-default/Byte-OS/polyhal/src/components/percpu/mod.rs:15:19\n   |\n15 | struct PerCPUDATA([u8; PAGE_SIZE]);\n   |        ---------- ^^^^^^^^^^^^^^^\n   |        |\n   |        field in this struct\n   |\n   = note: `#[warn(dead_code)]` on by default\nhelp: consider changing the field to be of unit type to suppress this warning while preserving the field numbering, or remove the field\n   |\n15 | struct PerCPUDATA(());\n   |                   ~~\n\nwarning: `polyhal` (lib) generated 6 warnings\n   Compiling example v0.1.0 (/home/runner/check/repos-default/Byte-OS/polyhal/example)\nwarning: unreachable statement\n  --> src/main.rs:87:5\n   |\n81 | /     loop {\n82 | |         if let Some(c) = DebugConsole::getchar() {\n83 | |             DebugConsole::putchar(c);\n84 | |         }\n85 | |     }\n   | |_____- any code following this expression is unreachable\n86 |\n87 |       log::info!(\"Run END. Shutdown successfully.\");\n   |       ^^^^^^^^^^^^^^^^^^^^^^^^^^^^^^^^^^^^^^^^^^^^^ unreachable statement\n   |\n   = note: `#[warn(unreachable_code)]` on by default\n   = note: this warning originates in the macro `$crate::log` which comes from the expansion of the macro `log::info` (in Nightly builds, run with -Z macro-backtrace for more info)\n\nwarning: unused variable: `addr`\n  --> src/pci.rs:64:18\n   |\n64 |     if let Some((addr, size)) = bar_info.memory_address_size() {\n   |                  ^^^^ help: if this is intentional, prefix it with an underscore: `_addr`\n   |\n   = note: `#[warn(unused_variables)]` on by default\n\nwarning: function `add_frame_range` is never used\n --> src/frame.rs:8:8\n  |\n8 | pub fn add_frame_range(mm_start: usize, mm_end: usize) {\n  |        ^^^^^^^^^^^^^^^\n  |\n  = note: `#[warn(dead_code)]` on by default\n\nerror: linking with `rust-lld` failed: exit status: 1\n  |\n  = note: LC_ALL=\"C\" PATH=\"/home/runner/.rustup/toolchains/nightly-2024-05-21-x86_64-unknown-linux-gnu/lib/rustlib/x86_64-unknown-linux-gnu/bin:/snap/bin:/home/runner/.local/bin:/opt/pipx_bin:/home/runner/.cargo/bin:/home/runner/.config/composer/vendor/bin:/usr/local/.ghcup/bin:/home/runner/.dotnet/tools:/usr/local/sbin:/usr/local/bin:/usr/sbin:/usr/bin:/sbin:/bin:/usr/games:/usr/local/games:/snap/bin\" VSLANG=\"1033\" \"rust-lld\" \"-flavor\" \"gnu\" \"--fix-cortex-a53-843419\" \"/tmp/rustcyPQYha/symbols.o\" \"/home/runner/check/repos-default/Byte-OS/polyhal/example/target/aarch64-unknown-none/debug/deps/example-245e9217860ae8ee.example.924f69b1ba8414d8-cgu.0.rcgu.o\" \"/home/runner/check/repos-default/Byte-OS/polyhal/example/target/aarch64-unknown-none/debug/deps/example-245e9217860ae8ee.example.924f69b1ba8414d8-cgu.1.rcgu.o\" \"/home/runner/check/repos-default/Byte-OS/polyhal/example/target/aarch64-unknown-none/debug/deps/example-245e9217860ae8ee.example.924f69b1ba8414d8-cgu.2.rcgu.o\" \"/home/runner/check/repos-default/Byte-OS/polyhal/example/target/aarch64-unknown-none/debug/deps/example-245e9217860ae8ee.4f1a9j5i9lz9gcrgyrtmfjitv.rcgu.o\" \"--as-needed\" \"-L\" \"/home/runner/check/repos-default/Byte-OS/polyhal/example/target/aarch64-unknown-none/debug/deps\" \"-L\" \"/home/runner/check/repos-default/Byte-OS/polyhal/example/target/debug/deps\" \"-L\" \"/home/runner/.rustup/toolchains/nightly-2024-05-21-x86_64-unknown-linux-gnu/lib/rustlib/aarch64-unknown-none/lib\" \"-Bstatic\" \"/home/runner/check/repos-default/Byte-OS/polyhal/example/target/aarch64-unknown-none/debug/deps/libvirtio_drivers-7205d20d3c85167f.rlib\" \"/home/runner/check/repos-default/Byte-OS/polyhal/example/target/aarch64-unknown-none/debug/deps/libzerocopy-00f6727730b34584.rlib\" \"/home/runner/check/repos-default/Byte-OS/polyhal/example/target/aarch64-unknown-none/debug/deps/libbyteorder-6251f93bd70992ab.rlib\" \"/home/runner/check/repos-default/Byte-OS/polyhal/example/target/aarch64-unknown-none/debug/deps/libpolyhal-8819133378ada774.rlib\" \"/home/runner/check/repos-default/Byte-OS/polyhal/example/target/aarch64-unknown-none/debug/deps/libarm_gicv2-9c3e5d2b8b907842.rlib\" \"/home/runner/check/repos-default/Byte-OS/polyhal/example/target/aarch64-unknown-none/debug/deps/libarm_pl011-c5b8dedabc130c76.rlib\" \"/home/runner/check/repos-default/Byte-OS/polyhal/example/target/aarch64-unknown-none/debug/deps/libaarch64_cpu-ad3948c631827945.rlib\" \"/home/runner/check/repos-default/Byte-OS/polyhal/example/target/aarch64-unknown-none/debug/deps/libtock_registers-871317267119ad1e.rlib\" \"/home/runner/check/repos-default/Byte-OS/polyhal/example/target/aarch64-unknown-none/debug/deps/libcfg_if-51d5ccf19a0009d3.rlib\" \"/home/runner/check/repos-default/Byte-OS/polyhal/example/target/aarch64-unknown-none/debug/deps/libbitflags-a5ce44a6c55cc69a.rlib\" \"/home/runner/check/repos-default/Byte-OS/polyhal/example/target/aarch64-unknown-none/debug/deps/libfdt-80c4b13ca541a733.rlib\" \"/home/runner/check/repos-default/Byte-OS/polyhal/example/target/aarch64-unknown-none/debug/deps/liblog-fdc3a78364d41b4d.rlib\" \"/home/runner/check/repos-default/Byte-OS/polyhal/example/target/aarch64-unknown-none/debug/deps/libbuddy_system_allocator-1b5fa0b34d369ebb.rlib\" \"/home/runner/.rustup/toolchains/nightly-2024-05-21-x86_64-unknown-linux-gnu/lib/rustlib/aarch64-unknown-none/lib/liballoc-dfa46a1477c2b5e1.rlib\" \"/home/runner/check/repos-default/Byte-OS/polyhal/example/target/aarch64-unknown-none/debug/deps/libspin-892e798bcf4d11e9.rlib\" \"/home/runner/check/repos-default/Byte-OS/polyhal/example/target/aarch64-unknown-none/debug/deps/liblock_api-b34245d8f1f66b77.rlib\" \"/home/runner/check/repos-default/Byte-OS/polyhal/example/target/aarch64-unknown-none/debug/deps/libscopeguard-890219094bd4fd6e.rlib\" \"/home/runner/.rustup/toolchains/nightly-2024-05-21-x86_64-unknown-linux-gnu/lib/rustlib/aarch64-unknown-none/lib/librustc_std_workspace_core-97b04805942f7790.rlib\" \"/home/runner/.rustup/toolchains/nightly-2024-05-21-x86_64-unknown-linux-gnu/lib/rustlib/aarch64-unknown-none/lib/libcore-9af6731f468db4d1.rlib\" \"/home/runner/.rustup/toolchains/nightly-2024-05-21-x86_64-unknown-linux-gnu/lib/rustlib/aarch64-unknown-none/lib/libcompiler_builtins-ba9ccc0c4e3e7a25.rlib\" \"-Bdynamic\" \"--eh-frame-hdr\" \"-z\" \"noexecstack\" \"-L\" \"/home/runner/.rustup/toolchains/nightly-2024-05-21-x86_64-unknown-linux-gnu/lib/rustlib/aarch64-unknown-none/lib\" \"-o\" \"/home/runner/check/repos-default/Byte-OS/polyhal/example/target/aarch64-unknown-none/debug/deps/example-245e9217860ae8ee\" \"--gc-sections\"\n  = note: rust-lld: error: undefined symbol: _sbss\n          >>> referenced by lib.rs:178 (src/lib.rs:178)\n          >>>               polyhal-8819133378ada774.polyhal.cdb8ce7308cbd2bc-cgu.0.rcgu.o:(polyhal::clear_bss::hf4cbf45d02a1e9d1) in archive /home/runner/check/repos-default/Byte-OS/polyhal/example/target/aarch64-unknown-none/debug/deps/libpolyhal-8819133378ada774.rlib\n          >>> referenced by lib.rs:178 (src/lib.rs:178)\n          >>>               polyhal-8819133378ada774.polyhal.cdb8ce7308cbd2bc-cgu.0.rcgu.o:(polyhal::clear_bss::hf4cbf45d02a1e9d1) in archive /home/runner/check/repos-default/Byte-OS/polyhal/example/target/aarch64-unknown-none/debug/deps/libpolyhal-8819133378ada774.rlib\n          >>> referenced by lib.rs:178 (src/lib.rs:178)\n          >>>               polyhal-8819133378ada774.polyhal.cdb8ce7308cbd2bc-cgu.0.rcgu.o:(polyhal::clear_bss::hf4cbf45d02a1e9d1) in archive /home/runner/check/repos-default/Byte-OS/polyhal/example/target/aarch64-unknown-none/debug/deps/libpolyhal-8819133378ada774.rlib\n          >>> referenced 1 more times\n          \n          rust-lld: error: undefined symbol: _ebss\n          >>> referenced by lib.rs:178 (src/lib.rs:178)\n          >>>               polyhal-8819133378ada774.polyhal.cdb8ce7308cbd2bc-cgu.0.rcgu.o:(polyhal::clear_bss::hf4cbf45d02a1e9d1) in archive /home/runner/check/repos-default/Byte-OS/polyhal/example/target/aarch64-unknown-none/debug/deps/libpolyhal-8819133378ada774.rlib\n          >>> referenced by lib.rs:178 (src/lib.rs:178)\n          >>>               polyhal-8819133378ada774.polyhal.cdb8ce7308cbd2bc-cgu.0.rcgu.o:(polyhal::clear_bss::hf4cbf45d02a1e9d1) in archive /home/runner/check/repos-default/Byte-OS/polyhal/example/target/aarch64-unknown-none/debug/deps/libpolyhal-8819133378ada774.rlib\n          >>> referenced by lib.rs:178 (src/lib.rs:178)\n          >>>               polyhal-8819133378ada774.polyhal.cdb8ce7308cbd2bc-cgu.0.rcgu.o:(polyhal::clear_bss::hf4cbf45d02a1e9d1) in archive /home/runner/check/repos-default/Byte-OS/polyhal/example/target/aarch64-unknown-none/debug/deps/libpolyhal-8819133378ada774.rlib\n          >>> referenced 1 more times\n          \n\nwarning: `example` (bin \"example\") generated 3 warnings\nerror: could not compile `example` (bin \"example\") due to 1 previous error; 3 warnings emitted\n"]}}]},{"user":"Byte-OS","repo":"polyhal","pkg":"polyhal","count":122,"raw_reports":[{"file":"/home/runner/.cargo/registry/src/index.crates.io-6f17d22bba15001f/bitflags-2.5.0/src/traits.rs","count":26,"kinds":{"Clippy(Error)":["error[E0463]: can't find crate for `core`\n --> /home/runner/.cargo/registry/src/index.crates.io-6f17d22bba15001f/bitflags-2.5.0/src/traits.rs:1:5\n  |\n1 | use core::{\n  |     ^^^^ can't find crate\n  |\n  = note: the `aarch64-unknown-none` target may not be installed\n  = help: consider downloading the target with `rustup target add aarch64-unknown-none`\n  = help: consider building the standard library from source with `cargo build -Zbuild-std`\n\n","error: cannot find attribute `derive` in this scope\n  --> /home/runner/.cargo/registry/src/index.crates.io-6f17d22bba15001f/bitflags-2.5.0/src/traits.rs:14:3\n   |\n14 | #[derive(Debug)]\n   |   ^^^^^^\n\n","error: cannot find macro `write` in this scope\n   --> /home/runner/.cargo/registry/src/index.crates.io-6f17d22bba15001f/bitflags-2.5.0/src/traits.rs:369:21\n    |\n369 |                       write!(writer, \"{:x}\", self)\n    |                       ^^^^^\n...\n385 | / impl_bits! {\n386 | |     u8, i8,\n387 | |     u16, i16,\n388 | |     u32, i32,\n...   |\n391 | |     usize, isize,\n392 | | }\n    | |_- in this macro invocation\n    |\n    = note: this error originates in the macro `impl_bits` (in Nightly builds, run with -Z macro-backtrace for more info)\n\n","error: cannot find macro `write` in this scope\n   --> /home/runner/.cargo/registry/src/index.crates.io-6f17d22bba15001f/bitflags-2.5.0/src/traits.rs:375:21\n    |\n375 |                       write!(writer, \"{:x}\", self)\n    |                       ^^^^^\n...\n385 | / impl_bits! {\n386 | |     u8, i8,\n387 | |     u16, i16,\n388 | |     u32, i32,\n...   |\n391 | |     usize, isize,\n392 | | }\n    | |_- in this macro invocation\n    |\n    = note: this error originates in the macro `impl_bits` (in Nightly builds, run with -Z macro-backtrace for more info)\n\n","error[E0405]: cannot find trait `Sized` in this scope\n   --> /home/runner/.cargo/registry/src/index.crates.io-6f17d22bba15001f/bitflags-2.5.0/src/traits.rs:132:18\n    |\n132 | pub trait Flags: Sized + 'static {\n    |                  ^^^^^ not found in this scope\n\n","error[E0412]: cannot find type `Option` in this scope\n   --> /home/runner/.cargo/registry/src/index.crates.io-6f17d22bba15001f/bitflags-2.5.0/src/traits.rs:163:39\n    |\n163 |     fn from_bits(bits: Self::Bits) -> Option<Self> {\n    |                                       ^^^^^^ not found in this scope\n\n","error[E0425]: cannot find value `None` in this scope\n   --> /home/runner/.cargo/registry/src/index.crates.io-6f17d22bba15001f/bitflags-2.5.0/src/traits.rs:169:13\n    |\n169 |             None\n    |             ^^^^ not found in this scope\n\n","error[E0412]: cannot find type `Option` in this scope\n   --> /home/runner/.cargo/registry/src/index.crates.io-6f17d22bba15001f/bitflags-2.5.0/src/traits.rs:185:33\n    |\n185 |     fn from_name(name: &str) -> Option<Self> {\n    |                                 ^^^^^^ not found in this scope\n\n","error[E0425]: cannot find value `None` in this scope\n   --> /home/runner/.cargo/registry/src/index.crates.io-6f17d22bba15001f/bitflags-2.5.0/src/traits.rs:188:20\n    |\n188 |             return None;\n    |                    ^^^^ not found in this scope\n\n","error[E0425]: cannot find value `None` in this scope\n   --> /home/runner/.cargo/registry/src/index.crates.io-6f17d22bba15001f/bitflags-2.5.0/src/traits.rs:197:9\n    |\n197 |         None\n    |         ^^^^ not found in this scope\n\n","error[E0405]: cannot find trait `Sized` in this scope\n   --> /home/runner/.cargo/registry/src/index.crates.io-6f17d22bba15001f/bitflags-2.5.0/src/traits.rs:231:15\n    |\n231 |         Self: Sized,\n    |               ^^^^^ not found in this scope\n\n","error[E0405]: cannot find trait `Sized` in this scope\n   --> /home/runner/.cargo/registry/src/index.crates.io-6f17d22bba15001f/bitflags-2.5.0/src/traits.rs:239:15\n    |\n239 |         Self: Sized,\n    |               ^^^^^ not found in this scope\n\n","error[E0405]: cannot find trait `Sized` in this scope\n   --> /home/runner/.cargo/registry/src/index.crates.io-6f17d22bba15001f/bitflags-2.5.0/src/traits.rs:247:15\n    |\n247 |         Self: Sized,\n    |               ^^^^^ not found in this scope\n\n","error[E0405]: cannot find trait `Sized` in this scope\n   --> /home/runner/.cargo/registry/src/index.crates.io-6f17d22bba15001f/bitflags-2.5.0/src/traits.rs:258:15\n    |\n258 |         Self: Sized,\n    |               ^^^^^ not found in this scope\n\n","error[E0405]: cannot find trait `Sized` in this scope\n   --> /home/runner/.cargo/registry/src/index.crates.io-6f17d22bba15001f/bitflags-2.5.0/src/traits.rs:266:15\n    |\n266 |         Self: Sized,\n    |               ^^^^^ not found in this scope\n\n","error[E0405]: cannot find trait `Sized` in this scope\n   --> /home/runner/.cargo/registry/src/index.crates.io-6f17d22bba15001f/bitflags-2.5.0/src/traits.rs:274:15\n    |\n274 |         Self: Sized,\n    |               ^^^^^ not found in this scope\n\n","error[E0405]: cannot find trait `Clone` in this scope\n   --> /home/runner/.cargo/registry/src/index.crates.io-6f17d22bba15001f/bitflags-2.5.0/src/traits.rs:321:5\n    |\n321 |     Clone\n    |     ^^^^^ not found in this scope\n\n","error[E0405]: cannot find trait `Copy` in this scope\n   --> /home/runner/.cargo/registry/src/index.crates.io-6f17d22bba15001f/bitflags-2.5.0/src/traits.rs:322:7\n    |\n322 |     + Copy\n    |       ^^^^ not found in this scope\n\n","error[E0405]: cannot find trait `PartialEq` in this scope\n   --> /home/runner/.cargo/registry/src/index.crates.io-6f17d22bba15001f/bitflags-2.5.0/src/traits.rs:323:7\n    |\n323 |     + PartialEq\n    |       ^^^^^^^^^ not found in this scope\n\n","error[E0405]: cannot find trait `Sized` in this scope\n   --> /home/runner/.cargo/registry/src/index.crates.io-6f17d22bba15001f/bitflags-2.5.0/src/traits.rs:328:7\n    |\n328 |     + Sized\n    |       ^^^^^ not found in this scope\n\n","error[E0412]: cannot find type `Result` in this scope\n   --> /home/runner/.cargo/registry/src/index.crates.io-6f17d22bba15001f/bitflags-2.5.0/src/traits.rs:356:46\n    |\n356 |                   fn parse_hex(input: &str) -> Result<Self, ParseError> {\n    |                                                ^^^^^^ not found in this scope\n...\n385 | / impl_bits! {\n386 | |     u8, i8,\n387 | |     u16, i16,\n388 | |     u32, i32,\n...   |\n391 | |     usize, isize,\n392 | | }\n    | |_- in this macro invocation\n    |\n    = note: this error originates in the macro `impl_bits` (in Nightly builds, run with -Z macro-backtrace for more info)\n\n","error[E0412]: cannot find type `Result` in this scope\n   --> /home/runner/.cargo/registry/src/index.crates.io-6f17d22bba15001f/bitflags-2.5.0/src/traits.rs:362:46\n    |\n362 |                   fn parse_hex(input: &str) -> Result<Self, ParseError> {\n    |                                                ^^^^^^ not found in this scope\n...\n385 | / impl_bits! {\n386 | |     u8, i8,\n387 | |     u16, i16,\n388 | |     u32, i32,\n...   |\n391 | |     usize, isize,\n392 | | }\n    | |_- in this macro invocation\n    |\n    = note: this error originates in the macro `impl_bits` (in Nightly builds, run with -Z macro-backtrace for more info)\n\n","error[E0405]: cannot find trait `Iterator` in this scope\n   --> /home/runner/.cargo/registry/src/index.crates.io-6f17d22bba15001f/bitflags-2.5.0/src/traits.rs:408:16\n    |\n408 |     type Iter: Iterator<Item = Self>;\n    |                ^^^^^^^^ not found in this scope\n\n","error[E0405]: cannot find trait `Iterator` in this scope\n   --> /home/runner/.cargo/registry/src/index.crates.io-6f17d22bba15001f/bitflags-2.5.0/src/traits.rs:411:21\n    |\n411 |     type IterNames: Iterator<Item = (&'static str, Self)>;\n    |                     ^^^^^^^^ not found in this scope\n\n","error[E0425]: cannot find function, tuple struct or tuple variant `Some` in this scope\n   --> /home/runner/.cargo/registry/src/index.crates.io-6f17d22bba15001f/bitflags-2.5.0/src/traits.rs:167:13\n    |\n167 |             Some(truncated)\n    |             ^^^^ not found in this scope\n\n","error[E0425]: cannot find function, tuple struct or tuple variant `Some` in this scope\n   --> /home/runner/.cargo/registry/src/index.crates.io-6f17d22bba15001f/bitflags-2.5.0/src/traits.rs:193:24\n    |\n193 |                 return Some(Self::from_bits_retain(flag.value().bits()));\n    |                        ^^^^ not found in this scope\n\n"]}},{"file":"/home/runner/.cargo/registry/src/index.crates.io-6f17d22bba15001f/bitflags-2.5.0/src/parser.rs","count":24,"kinds":{"Clippy(Error)":["error[E0463]: can't find crate for `core`\n  --> /home/runner/.cargo/registry/src/index.crates.io-6f17d22bba15001f/bitflags-2.5.0/src/parser.rs:33:5\n   |\n33 | use core::fmt::{self, Write};\n   |     ^^^^ can't find crate\n   |\n   = note: the `aarch64-unknown-none` target may not be installed\n   = help: consider downloading the target with `rustup target add aarch64-unknown-none`\n   = help: consider building the standard library from source with `cargo build -Zbuild-std`\n\n","error: cannot find attribute `derive` in this scope\n   --> /home/runner/.cargo/registry/src/index.crates.io-6f17d22bba15001f/bitflags-2.5.0/src/parser.rs:243:3\n    |\n243 | #[derive(Debug)]\n    |   ^^^^^^\n\n","error: cannot find attribute `derive` in this scope\n   --> /home/runner/.cargo/registry/src/index.crates.io-6f17d22bba15001f/bitflags-2.5.0/src/parser.rs:246:3\n    |\n246 | #[derive(Debug)]\n    |   ^^^^^^\n\n","error: cannot find macro `write` in this scope\n   --> /home/runner/.cargo/registry/src/index.crates.io-6f17d22bba15001f/bitflags-2.5.0/src/parser.rs:305:17\n    |\n305 |                 write!(f, \"unrecognized named flag\")?;\n    |                 ^^^^^\n\n","error: cannot find macro `write` in this scope\n   --> /home/runner/.cargo/registry/src/index.crates.io-6f17d22bba15001f/bitflags-2.5.0/src/parser.rs:315:17\n    |\n315 |                 write!(f, \"invalid hex flag\")?;\n    |                 ^^^^^\n\n","error: cannot find macro `write` in this scope\n   --> /home/runner/.cargo/registry/src/index.crates.io-6f17d22bba15001f/bitflags-2.5.0/src/parser.rs:323:17\n    |\n323 |                 write!(f, \"encountered empty flag\")?;\n    |                 ^^^^^\n\n","error[E0412]: cannot find type `Result` in this scope\n  --> /home/runner/.cargo/registry/src/index.crates.io-6f17d22bba15001f/bitflags-2.5.0/src/parser.rs:42:66\n   |\n42 | pub fn to_writer<B: Flags>(flags: &B, mut writer: impl Write) -> Result<(), fmt::Error>\n   |                                                                  ^^^^^^ not found in this scope\n\n","error[E0412]: cannot find type `Result` in this scope\n  --> /home/runner/.cargo/registry/src/index.crates.io-6f17d22bba15001f/bitflags-2.5.0/src/parser.rs:99:43\n   |\n99 | pub fn from_str<B: Flags>(input: &str) -> Result<B, ParseError>\n   |                                           ^^^^^^ not found in this scope\n\n","error[E0531]: cannot find tuple struct or tuple variant `Some` in this scope\n   --> /home/runner/.cargo/registry/src/index.crates.io-6f17d22bba15001f/bitflags-2.5.0/src/parser.rs:120:34\n    |\n120 |         let parsed_flag = if let Some(flag) = flag.strip_prefix(\"0x\") {\n    |                                  ^^^^ not found in this scope\n\n","error[E0412]: cannot find type `Result` in this scope\n   --> /home/runner/.cargo/registry/src/index.crates.io-6f17d22bba15001f/bitflags-2.5.0/src/parser.rs:142:71\n    |\n142 | pub fn to_writer_truncate<B: Flags>(flags: &B, writer: impl Write) -> Result<(), fmt::Error>\n    |                                                                       ^^^^^^ not found in this scope\n\n","error[E0412]: cannot find type `Result` in this scope\n   --> /home/runner/.cargo/registry/src/index.crates.io-6f17d22bba15001f/bitflags-2.5.0/src/parser.rs:155:52\n    |\n155 | pub fn from_str_truncate<B: Flags>(input: &str) -> Result<B, ParseError>\n    |                                                    ^^^^^^ not found in this scope\n\n","error[E0412]: cannot find type `Result` in this scope\n   --> /home/runner/.cargo/registry/src/index.crates.io-6f17d22bba15001f/bitflags-2.5.0/src/parser.rs:165:73\n    |\n165 | pub fn to_writer_strict<B: Flags>(flags: &B, mut writer: impl Write) -> Result<(), fmt::Error> {\n    |                                                                         ^^^^^^ not found in this scope\n\n","error[E0412]: cannot find type `Result` in this scope\n   --> /home/runner/.cargo/registry/src/index.crates.io-6f17d22bba15001f/bitflags-2.5.0/src/parser.rs:189:50\n    |\n189 | pub fn from_str_strict<B: Flags>(input: &str) -> Result<B, ParseError> {\n    |                                                  ^^^^^^ not found in this scope\n\n","error[E0405]: cannot find trait `Sized` in this scope\n   --> /home/runner/.cargo/registry/src/index.crates.io-6f17d22bba15001f/bitflags-2.5.0/src/parser.rs:239:15\n    |\n239 |         Self: Sized;\n    |               ^^^^^ not found in this scope\n\n","error[E0412]: cannot find type `Result` in this scope\n   --> /home/runner/.cargo/registry/src/index.crates.io-6f17d22bba15001f/bitflags-2.5.0/src/parser.rs:237:34\n    |\n237 |     fn parse_hex(input: &str) -> Result<Self, ParseError>\n    |                                  ^^^^^^ not found in this scope\n\n","error[E0425]: cannot find function, tuple struct or tuple variant `Ok` in this scope\n   --> /home/runner/.cargo/registry/src/index.crates.io-6f17d22bba15001f/bitflags-2.5.0/src/parser.rs:107:16\n    |\n107 |         return Ok(parsed_flags);\n    |                ^^ not found in this scope\n\n","error[E0425]: cannot find function, tuple struct or tuple variant `Err` in this scope\n   --> /home/runner/.cargo/registry/src/index.crates.io-6f17d22bba15001f/bitflags-2.5.0/src/parser.rs:115:20\n    |\n115 |             return Err(ParseError::empty_flag());\n    |                    ^^^ not found in this scope\n\n","error[E0425]: cannot find function, tuple struct or tuple variant `Ok` in this scope\n   --> /home/runner/.cargo/registry/src/index.crates.io-6f17d22bba15001f/bitflags-2.5.0/src/parser.rs:136:5\n    |\n136 |     Ok(parsed_flags)\n    |     ^^ not found in this scope\n\n","error[E0425]: cannot find function, tuple struct or tuple variant `Ok` in this scope\n   --> /home/runner/.cargo/registry/src/index.crates.io-6f17d22bba15001f/bitflags-2.5.0/src/parser.rs:159:5\n    |\n159 |     Ok(B::from_bits_truncate(from_str::<B>(input)?.bits()))\n    |     ^^ not found in this scope\n\n","error[E0425]: cannot find function, tuple struct or tuple variant `Ok` in this scope\n   --> /home/runner/.cargo/registry/src/index.crates.io-6f17d22bba15001f/bitflags-2.5.0/src/parser.rs:197:16\n    |\n197 |         return Ok(parsed_flags);\n    |                ^^ not found in this scope\n\n","error[E0425]: cannot find function, tuple struct or tuple variant `Err` in this scope\n   --> /home/runner/.cargo/registry/src/index.crates.io-6f17d22bba15001f/bitflags-2.5.0/src/parser.rs:205:20\n    |\n205 |             return Err(ParseError::empty_flag());\n    |                    ^^^ not found in this scope\n\n","error[E0425]: cannot find function, tuple struct or tuple variant `Err` in this scope\n   --> /home/runner/.cargo/registry/src/index.crates.io-6f17d22bba15001f/bitflags-2.5.0/src/parser.rs:211:20\n    |\n211 |             return Err(ParseError::invalid_hex_flag(\"unsupported hex flag value\"));\n    |                    ^^^ not found in this scope\n\n","error[E0425]: cannot find function, tuple struct or tuple variant `Ok` in this scope\n   --> /home/runner/.cargo/registry/src/index.crates.io-6f17d22bba15001f/bitflags-2.5.0/src/parser.rs:219:5\n    |\n219 |     Ok(parsed_flags)\n    |     ^^ not found in this scope\n\n","error[E0425]: cannot find function, tuple struct or tuple variant `Ok` in this scope\n   --> /home/runner/.cargo/registry/src/index.crates.io-6f17d22bba15001f/bitflags-2.5.0/src/parser.rs:327:9\n    |\n327 |         Ok(())\n    |         ^^ not found in this scope\n\n"]}},{"file":"/home/runner/.cargo/registry/src/index.crates.io-6f17d22bba15001f/scopeguard-1.2.0/src/lib.rs","count":16,"kinds":{"Clippy(Error)":["error[E0463]: can't find crate for `core`\n  |\n  = note: the `aarch64-unknown-none` target may not be installed\n  = help: consider downloading the target with `rustup target add aarch64-unknown-none`\n  = help: consider building the standard library from source with `cargo build -Zbuild-std`\n\n","error[E0463]: can't find crate for `compiler_builtins`\n\n","error[E0463]: can't find crate for `core`\n   --> /home/runner/.cargo/registry/src/index.crates.io-6f17d22bba15001f/scopeguard-1.2.0/src/lib.rs:192:1\n    |\n192 | extern crate core as std;\n    | ^^^^^^^^^^^^^^^^^^^^^^^^^ can't find crate\n    |\n    = note: the `aarch64-unknown-none` target may not be installed\n    = help: consider downloading the target with `rustup target add aarch64-unknown-none`\n    = help: consider building the standard library from source with `cargo build -Zbuild-std`\n\n","error: cannot find macro `stringify` in this scope\n   --> /home/runner/.cargo/registry/src/index.crates.io-6f17d22bba15001f/scopeguard-1.2.0/src/lib.rs:487:24\n    |\n487 |         f.debug_struct(stringify!(ScopeGuard))\n    |                        ^^^^^^^^^\n\n","error: cannot find attribute `derive` in this scope\n   --> /home/runner/.cargo/registry/src/index.crates.io-6f17d22bba15001f/scopeguard-1.2.0/src/lib.rs:212:3\n    |\n212 | #[derive(Debug)]\n    |   ^^^^^^\n\n","error[E0405]: cannot find trait `FnOnce` in this scope\n   --> /home/runner/.cargo/registry/src/index.crates.io-6f17d22bba15001f/scopeguard-1.2.0/src/lib.rs:306:8\n    |\n306 |     F: FnOnce(T),\n    |        ^^^^^^ not found in this scope\n\n","error[E0405]: cannot find trait `FnOnce` in this scope\n   --> /home/runner/.cargo/registry/src/index.crates.io-6f17d22bba15001f/scopeguard-1.2.0/src/lib.rs:317:8\n    |\n317 |     F: FnOnce(T),\n    |        ^^^^^^ not found in this scope\n\n","error[E0405]: cannot find trait `FnOnce` in this scope\n   --> /home/runner/.cargo/registry/src/index.crates.io-6f17d22bba15001f/scopeguard-1.2.0/src/lib.rs:377:8\n    |\n377 |     F: FnOnce(T),\n    |        ^^^^^^ not found in this scope\n\n","error[E0405]: cannot find trait `Sync` in this scope\n   --> /home/runner/.cargo/registry/src/index.crates.io-6f17d22bba15001f/scopeguard-1.2.0/src/lib.rs:435:22\n    |\n435 | unsafe impl<T, F, S> Sync for ScopeGuard<T, F, S>\n    |                      ^^^^ not found in this scope\n\n","error[E0405]: cannot find trait `Sync` in this scope\n   --> /home/runner/.cargo/registry/src/index.crates.io-6f17d22bba15001f/scopeguard-1.2.0/src/lib.rs:437:8\n    |\n437 |     T: Sync,\n    |        ^^^^ not found in this scope\n\n","error[E0405]: cannot find trait `FnOnce` in this scope\n   --> /home/runner/.cargo/registry/src/index.crates.io-6f17d22bba15001f/scopeguard-1.2.0/src/lib.rs:438:8\n    |\n438 |     F: FnOnce(T),\n    |        ^^^^^^ not found in this scope\n\n","error[E0405]: cannot find trait `FnOnce` in this scope\n   --> /home/runner/.cargo/registry/src/index.crates.io-6f17d22bba15001f/scopeguard-1.2.0/src/lib.rs:445:8\n    |\n445 |     F: FnOnce(T),\n    |        ^^^^^^ not found in this scope\n\n","error[E0405]: cannot find trait `FnOnce` in this scope\n   --> /home/runner/.cargo/registry/src/index.crates.io-6f17d22bba15001f/scopeguard-1.2.0/src/lib.rs:457:8\n    |\n457 |     F: FnOnce(T),\n    |        ^^^^^^ not found in this scope\n\n","error[E0405]: cannot find trait `Drop` in this scope\n   --> /home/runner/.cargo/registry/src/index.crates.io-6f17d22bba15001f/scopeguard-1.2.0/src/lib.rs:465:15\n    |\n465 | impl<T, F, S> Drop for ScopeGuard<T, F, S>\n    |               ^^^^ not found in this scope\n\n","error[E0405]: cannot find trait `FnOnce` in this scope\n   --> /home/runner/.cargo/registry/src/index.crates.io-6f17d22bba15001f/scopeguard-1.2.0/src/lib.rs:467:8\n    |\n467 |     F: FnOnce(T),\n    |        ^^^^^^ not found in this scope\n\n","error[E0405]: cannot find trait `FnOnce` in this scope\n   --> /home/runner/.cargo/registry/src/index.crates.io-6f17d22bba15001f/scopeguard-1.2.0/src/lib.rs:483:8\n    |\n483 |     F: FnOnce(T),\n    |        ^^^^^^ not found in this scope\n\n"]}},{"file":"/home/runner/.cargo/registry/src/index.crates.io-6f17d22bba15001f/tock-registers-0.8.1/src/fields.rs","count":13,"kinds":{"Clippy(Error)":["error[E0463]: can't find crate for `core`\n  --> /home/runner/.cargo/registry/src/index.crates.io-6f17d22bba15001f/tock-registers-0.8.1/src/fields.rs:68:5\n   |\n68 | use core::marker::PhantomData;\n   |     ^^^^ can't find crate\n   |\n   = note: the `aarch64-unknown-none` target may not be installed\n   = help: consider downloading the target with `rustup target add aarch64-unknown-none`\n   = help: consider building the standard library from source with `cargo build -Zbuild-std`\n\n","error[E0463]: can't find crate for `core`\n  --> /home/runner/.cargo/registry/src/index.crates.io-6f17d22bba15001f/tock-registers-0.8.1/src/fields.rs:69:5\n   |\n69 | use core::ops::{Add, AddAssign};\n   |     ^^^^ can't find crate\n   |\n   = note: the `aarch64-unknown-none` target may not be installed\n   = help: consider downloading the target with `rustup target add aarch64-unknown-none`\n   = help: consider building the standard library from source with `cargo build -Zbuild-std`\n\n","error: cannot find attribute `derive` in this scope\n   --> /home/runner/.cargo/registry/src/index.crates.io-6f17d22bba15001f/tock-registers-0.8.1/src/fields.rs:193:3\n    |\n193 | #[derive(Copy, Clone)]\n    |   ^^^^^^\n\n","error[E0412]: cannot find type `Option` in this scope\n   --> /home/runner/.cargo/registry/src/index.crates.io-6f17d22bba15001f/tock-registers-0.8.1/src/fields.rs:140:76\n    |\n140 |     pub fn read_as_enum<E: TryFromValue<T, EnumType = E>>(self, val: T) -> Option<E> {\n    |                                                                            ^^^^^^ not found in this scope\n\n","error[E0405]: cannot find trait `Clone` in this scope\n   --> /home/runner/.cargo/registry/src/index.crates.io-6f17d22bba15001f/tock-registers-0.8.1/src/fields.rs:161:40\n    |\n161 | impl<T: UIntLike, R: RegisterLongName> Clone for Field<T, R> {\n    |                                        ^^^^^ not found in this scope\n\n","error[E0405]: cannot find trait `Copy` in this scope\n   --> /home/runner/.cargo/registry/src/index.crates.io-6f17d22bba15001f/tock-registers-0.8.1/src/fields.rs:170:40\n    |\n170 | impl<T: UIntLike, R: RegisterLongName> Copy for Field<T, R> {}\n    |                                        ^^^^ not found in this scope\n\n","error[E0405]: cannot find trait `From` in this scope\n   --> /home/runner/.cargo/registry/src/index.crates.io-6f17d22bba15001f/tock-registers-0.8.1/src/fields.rs:217:35\n    |\n217 |         impl<R: RegisterLongName> From<FieldValue<$type, R>> for $type {\n    |                                   ^^^^ not found in this scope\n...\n225 | FieldValue_impl_for!(u8);\n    | ------------------------ in this macro invocation\n    |\n    = note: this error originates in the macro `FieldValue_impl_for` (in Nightly builds, run with -Z macro-backtrace for more info)\n\n","error[E0405]: cannot find trait `From` in this scope\n   --> /home/runner/.cargo/registry/src/index.crates.io-6f17d22bba15001f/tock-registers-0.8.1/src/fields.rs:217:35\n    |\n217 |         impl<R: RegisterLongName> From<FieldValue<$type, R>> for $type {\n    |                                   ^^^^ not found in this scope\n...\n226 | FieldValue_impl_for!(u16);\n    | ------------------------- in this macro invocation\n    |\n    = note: this error originates in the macro `FieldValue_impl_for` (in Nightly builds, run with -Z macro-backtrace for more info)\n\n","error[E0405]: cannot find trait `From` in this scope\n   --> /home/runner/.cargo/registry/src/index.crates.io-6f17d22bba15001f/tock-registers-0.8.1/src/fields.rs:217:35\n    |\n217 |         impl<R: RegisterLongName> From<FieldValue<$type, R>> for $type {\n    |                                   ^^^^ not found in this scope\n...\n227 | FieldValue_impl_for!(u32);\n    | ------------------------- in this macro invocation\n    |\n    = note: this error originates in the macro `FieldValue_impl_for` (in Nightly builds, run with -Z macro-backtrace for more info)\n\n","error[E0405]: cannot find trait `From` in this scope\n   --> /home/runner/.cargo/registry/src/index.crates.io-6f17d22bba15001f/tock-registers-0.8.1/src/fields.rs:217:35\n    |\n217 |         impl<R: RegisterLongName> From<FieldValue<$type, R>> for $type {\n    |                                   ^^^^ not found in this scope\n...\n228 | FieldValue_impl_for!(u64);\n    | ------------------------- in this macro invocation\n    |\n    = note: this error originates in the macro `FieldValue_impl_for` (in Nightly builds, run with -Z macro-backtrace for more info)\n\n","error[E0405]: cannot find trait `From` in this scope\n   --> /home/runner/.cargo/registry/src/index.crates.io-6f17d22bba15001f/tock-registers-0.8.1/src/fields.rs:217:35\n    |\n217 |         impl<R: RegisterLongName> From<FieldValue<$type, R>> for $type {\n    |                                   ^^^^ not found in this scope\n...\n229 | FieldValue_impl_for!(u128);\n    | -------------------------- in this macro invocation\n    |\n    = note: this error originates in the macro `FieldValue_impl_for` (in Nightly builds, run with -Z macro-backtrace for more info)\n\n","error[E0405]: cannot find trait `From` in this scope\n   --> /home/runner/.cargo/registry/src/index.crates.io-6f17d22bba15001f/tock-registers-0.8.1/src/fields.rs:217:35\n    |\n217 |         impl<R: RegisterLongName> From<FieldValue<$type, R>> for $type {\n    |                                   ^^^^ not found in this scope\n...\n230 | FieldValue_impl_for!(usize);\n    | --------------------------- in this macro invocation\n    |\n    = note: this error originates in the macro `FieldValue_impl_for` (in Nightly builds, run with -Z macro-backtrace for more info)\n\n","error[E0412]: cannot find type `Option` in this scope\n   --> /home/runner/.cargo/registry/src/index.crates.io-6f17d22bba15001f/tock-registers-0.8.1/src/fields.rs:300:32\n    |\n300 |     fn try_from_value(v: V) -> Option<Self::EnumType>;\n    |                                ^^^^^^ not found in this scope\n\n"]}},{"file":"/home/runner/.cargo/registry/src/index.crates.io-6f17d22bba15001f/bitflags-2.5.0/src/iter.rs","count":11,"kinds":{"Clippy(Error)":["error[E0405]: cannot find trait `Iterator` in this scope\n  --> /home/runner/.cargo/registry/src/index.crates.io-6f17d22bba15001f/bitflags-2.5.0/src/iter.rs:38:16\n   |\n38 | impl<B: Flags> Iterator for Iter<B> {\n   |                ^^^^^^^^ not found in this scope\n\n","error[E0412]: cannot find type `Option` in this scope\n  --> /home/runner/.cargo/registry/src/index.crates.io-6f17d22bba15001f/bitflags-2.5.0/src/iter.rs:41:27\n   |\n41 |     fn next(&mut self) -> Option<Self::Item> {\n   |                           ^^^^^^ not found in this scope\n\n","error[E0531]: cannot find tuple struct or tuple variant `Some` in this scope\n  --> /home/runner/.cargo/registry/src/index.crates.io-6f17d22bba15001f/bitflags-2.5.0/src/iter.rs:43:13\n   |\n43 |             Some((_, flag)) => Some(flag),\n   |             ^^^^ not found in this scope\n\n","error[E0405]: cannot find trait `Iterator` in this scope\n   --> /home/runner/.cargo/registry/src/index.crates.io-6f17d22bba15001f/bitflags-2.5.0/src/iter.rs:107:16\n    |\n107 | impl<B: Flags> Iterator for IterNames<B> {\n    |                ^^^^^^^^ not found in this scope\n\n","error[E0412]: cannot find type `Option` in this scope\n   --> /home/runner/.cargo/registry/src/index.crates.io-6f17d22bba15001f/bitflags-2.5.0/src/iter.rs:110:27\n    |\n110 |     fn next(&mut self) -> Option<Self::Item> {\n    |                           ^^^^^^ not found in this scope\n\n","error[E0531]: cannot find tuple struct or tuple variant `Some` in this scope\n   --> /home/runner/.cargo/registry/src/index.crates.io-6f17d22bba15001f/bitflags-2.5.0/src/iter.rs:111:19\n    |\n111 |         while let Some(flag) = self.flags.get(self.idx) {\n    |                   ^^^^ not found in this scope\n\n","error[E0425]: cannot find value `None` in this scope\n   --> /home/runner/.cargo/registry/src/index.crates.io-6f17d22bba15001f/bitflags-2.5.0/src/iter.rs:114:24\n    |\n114 |                 return None;\n    |                        ^^^^ not found in this scope\n\n","error[E0425]: cannot find value `None` in this scope\n   --> /home/runner/.cargo/registry/src/index.crates.io-6f17d22bba15001f/bitflags-2.5.0/src/iter.rs:143:9\n    |\n143 |         None\n    |         ^^^^ not found in this scope\n\n","error[E0425]: cannot find function, tuple struct or tuple variant `Some` in this scope\n  --> /home/runner/.cargo/registry/src/index.crates.io-6f17d22bba15001f/bitflags-2.5.0/src/iter.rs:43:32\n   |\n43 |             Some((_, flag)) => Some(flag),\n   |                                ^^^^ not found in this scope\n\n","error[E0425]: cannot find function, tuple struct or tuple variant `Some` in this scope\n  --> /home/runner/.cargo/registry/src/index.crates.io-6f17d22bba15001f/bitflags-2.5.0/src/iter.rs:51:21\n   |\n51 |                     Some(B::from_bits_retain(self.inner.remaining.bits()))\n   |                     ^^^^ not found in this scope\n\n","error[E0425]: cannot find function, tuple struct or tuple variant `Some` in this scope\n   --> /home/runner/.cargo/registry/src/index.crates.io-6f17d22bba15001f/bitflags-2.5.0/src/iter.rs:139:24\n    |\n139 |                 return Some((flag.name(), B::from_bits_retain(bits)));\n    |                        ^^^^ not found in this scope\n\n"]}},{"file":"/home/runner/.cargo/registry/src/index.crates.io-6f17d22bba15001f/tock-registers-0.8.1/src/local_register.rs","count":11,"kinds":{"Clippy(Error)":["error[E0463]: can't find crate for `core`\n --> /home/runner/.cargo/registry/src/index.crates.io-6f17d22bba15001f/tock-registers-0.8.1/src/local_register.rs:4:5\n  |\n4 | use core::fmt;\n  |     ^^^^ can't find crate\n  |\n  = note: the `aarch64-unknown-none` target may not be installed\n  = help: consider downloading the target with `rustup target add aarch64-unknown-none`\n  = help: consider building the standard library from source with `cargo build -Zbuild-std`\n\n","error[E0463]: can't find crate for `core`\n --> /home/runner/.cargo/registry/src/index.crates.io-6f17d22bba15001f/tock-registers-0.8.1/src/local_register.rs:5:5\n  |\n5 | use core::marker::PhantomData;\n  |     ^^^^ can't find crate\n  |\n  = note: the `aarch64-unknown-none` target may not be installed\n  = help: consider downloading the target with `rustup target add aarch64-unknown-none`\n  = help: consider building the standard library from source with `cargo build -Zbuild-std`\n\n","error: cannot find attribute `derive` in this scope\n  --> /home/runner/.cargo/registry/src/index.crates.io-6f17d22bba15001f/tock-registers-0.8.1/src/local_register.rs:30:3\n   |\n30 | #[derive(Copy, Clone)]\n   |   ^^^^^^\n\n","error: cannot find macro `write` in this scope\n   --> /home/runner/.cargo/registry/src/index.crates.io-6f17d22bba15001f/tock-registers-0.8.1/src/local_register.rs:108:9\n    |\n108 |         write!(f, \"{:?}\", self.value)\n    |         ^^^^^\n\n","error[E0412]: cannot find type `Option` in this scope\n  --> /home/runner/.cargo/registry/src/index.crates.io-6f17d22bba15001f/tock-registers-0.8.1/src/local_register.rs:64:89\n   |\n64 |     pub fn read_as_enum<E: TryFromValue<T, EnumType = E>>(&self, field: Field<T, R>) -> Option<E> {\n   |                                                                                         ^^^^^^ not found in this scope\n\n","error[E0405]: cannot find trait `From` in this scope\n   --> /home/runner/.cargo/registry/src/index.crates.io-6f17d22bba15001f/tock-registers-0.8.1/src/local_register.rs:116:35\n    |\n116 |         impl<R: RegisterLongName> From<LocalRegisterCopy<$type, R>> for $type {\n    |                                   ^^^^ not found in this scope\n...\n124 | From_impl_for!(u8);\n    | ------------------ in this macro invocation\n    |\n    = note: this error originates in the macro `From_impl_for` (in Nightly builds, run with -Z macro-backtrace for more info)\n\n","error[E0405]: cannot find trait `From` in this scope\n   --> /home/runner/.cargo/registry/src/index.crates.io-6f17d22bba15001f/tock-registers-0.8.1/src/local_register.rs:116:35\n    |\n116 |         impl<R: RegisterLongName> From<LocalRegisterCopy<$type, R>> for $type {\n    |                                   ^^^^ not found in this scope\n...\n125 | From_impl_for!(u16);\n    | ------------------- in this macro invocation\n    |\n    = note: this error originates in the macro `From_impl_for` (in Nightly builds, run with -Z macro-backtrace for more info)\n\n","error[E0405]: cannot find trait `From` in this scope\n   --> /home/runner/.cargo/registry/src/index.crates.io-6f17d22bba15001f/tock-registers-0.8.1/src/local_register.rs:116:35\n    |\n116 |         impl<R: RegisterLongName> From<LocalRegisterCopy<$type, R>> for $type {\n    |                                   ^^^^ not found in this scope\n...\n126 | From_impl_for!(u32);\n    | ------------------- in this macro invocation\n    |\n    = note: this error originates in the macro `From_impl_for` (in Nightly builds, run with -Z macro-backtrace for more info)\n\n","error[E0405]: cannot find trait `From` in this scope\n   --> /home/runner/.cargo/registry/src/index.crates.io-6f17d22bba15001f/tock-registers-0.8.1/src/local_register.rs:116:35\n    |\n116 |         impl<R: RegisterLongName> From<LocalRegisterCopy<$type, R>> for $type {\n    |                                   ^^^^ not found in this scope\n...\n127 | From_impl_for!(u64);\n    | ------------------- in this macro invocation\n    |\n    = note: this error originates in the macro `From_impl_for` (in Nightly builds, run with -Z macro-backtrace for more info)\n\n","error[E0405]: cannot find trait `From` in this scope\n   --> /home/runner/.cargo/registry/src/index.crates.io-6f17d22bba15001f/tock-registers-0.8.1/src/local_register.rs:116:35\n    |\n116 |         impl<R: RegisterLongName> From<LocalRegisterCopy<$type, R>> for $type {\n    |                                   ^^^^ not found in this scope\n...\n128 | From_impl_for!(u128);\n    | -------------------- in this macro invocation\n    |\n    = note: this error originates in the macro `From_impl_for` (in Nightly builds, run with -Z macro-backtrace for more info)\n\n","error[E0405]: cannot find trait `From` in this scope\n   --> /home/runner/.cargo/registry/src/index.crates.io-6f17d22bba15001f/tock-registers-0.8.1/src/local_register.rs:116:35\n    |\n116 |         impl<R: RegisterLongName> From<LocalRegisterCopy<$type, R>> for $type {\n    |                                   ^^^^ not found in this scope\n...\n129 | From_impl_for!(usize);\n    | --------------------- in this macro invocation\n    |\n    = note: this error originates in the macro `From_impl_for` (in Nightly builds, run with -Z macro-backtrace for more info)\n\n"]}},{"file":"/home/runner/.cargo/registry/src/index.crates.io-6f17d22bba15001f/tock-registers-0.8.1/src/registers.rs","count":10,"kinds":{"Clippy(Error)":["error[E0463]: can't find crate for `core`\n  --> /home/runner/.cargo/registry/src/index.crates.io-6f17d22bba15001f/tock-registers-0.8.1/src/registers.rs:19:5\n   |\n19 | use core::cell::UnsafeCell;\n   |     ^^^^ can't find crate\n   |\n   = note: the `aarch64-unknown-none` target may not be installed\n   = help: consider downloading the target with `rustup target add aarch64-unknown-none`\n   = help: consider building the standard library from source with `cargo build -Zbuild-std`\n\n","error[E0463]: can't find crate for `core`\n  --> /home/runner/.cargo/registry/src/index.crates.io-6f17d22bba15001f/tock-registers-0.8.1/src/registers.rs:20:5\n   |\n20 | use core::marker::PhantomData;\n   |     ^^^^ can't find crate\n   |\n   = note: the `aarch64-unknown-none` target may not be installed\n   = help: consider downloading the target with `rustup target add aarch64-unknown-none`\n   = help: consider building the standard library from source with `cargo build -Zbuild-std`\n\n","error[E0463]: can't find crate for `core`\n  --> /home/runner/.cargo/registry/src/index.crates.io-6f17d22bba15001f/tock-registers-0.8.1/src/registers.rs:44:20\n   |\n44 |         unsafe { ::core::ptr::read_volatile(self.value.get()) }\n   |                    ^^^^ can't find crate\n   |\n   = note: the `aarch64-unknown-none` target may not be installed\n   = help: consider downloading the target with `rustup target add aarch64-unknown-none`\n   = help: consider building the standard library from source with `cargo build -Zbuild-std`\n\n","error[E0463]: can't find crate for `core`\n  --> /home/runner/.cargo/registry/src/index.crates.io-6f17d22bba15001f/tock-registers-0.8.1/src/registers.rs:53:20\n   |\n53 |         unsafe { ::core::ptr::write_volatile(self.value.get(), value) }\n   |                    ^^^^ can't find crate\n   |\n   = note: the `aarch64-unknown-none` target may not be installed\n   = help: consider downloading the target with `rustup target add aarch64-unknown-none`\n   = help: consider building the standard library from source with `cargo build -Zbuild-std`\n\n","error[E0463]: can't find crate for `core`\n  --> /home/runner/.cargo/registry/src/index.crates.io-6f17d22bba15001f/tock-registers-0.8.1/src/registers.rs:74:20\n   |\n74 |         unsafe { ::core::ptr::read_volatile(&self.value) }\n   |                    ^^^^ can't find crate\n   |\n   = note: the `aarch64-unknown-none` target may not be installed\n   = help: consider downloading the target with `rustup target add aarch64-unknown-none`\n   = help: consider building the standard library from source with `cargo build -Zbuild-std`\n\n","error[E0463]: can't find crate for `core`\n  --> /home/runner/.cargo/registry/src/index.crates.io-6f17d22bba15001f/tock-registers-0.8.1/src/registers.rs:95:20\n   |\n95 |         unsafe { ::core::ptr::write_volatile(self.value.get(), value) }\n   |                    ^^^^ can't find crate\n   |\n   = note: the `aarch64-unknown-none` target may not be installed\n   = help: consider downloading the target with `rustup target add aarch64-unknown-none`\n   = help: consider building the standard library from source with `cargo build -Zbuild-std`\n\n","error[E0463]: can't find crate for `core`\n   --> /home/runner/.cargo/registry/src/index.crates.io-6f17d22bba15001f/tock-registers-0.8.1/src/registers.rs:125:20\n    |\n125 |         unsafe { ::core::ptr::read_volatile(self.value.get()) }\n    |                    ^^^^ can't find crate\n    |\n    = note: the `aarch64-unknown-none` target may not be installed\n    = help: consider downloading the target with `rustup target add aarch64-unknown-none`\n    = help: consider building the standard library from source with `cargo build -Zbuild-std`\n\n","error[E0463]: can't find crate for `core`\n   --> /home/runner/.cargo/registry/src/index.crates.io-6f17d22bba15001f/tock-registers-0.8.1/src/registers.rs:134:20\n    |\n134 |         unsafe { ::core::ptr::write_volatile(self.value.get(), value) }\n    |                    ^^^^ can't find crate\n    |\n    = note: the `aarch64-unknown-none` target may not be installed\n    = help: consider downloading the target with `rustup target add aarch64-unknown-none`\n    = help: consider building the standard library from source with `cargo build -Zbuild-std`\n\n","error[E0463]: can't find crate for `core`\n   --> /home/runner/.cargo/registry/src/index.crates.io-6f17d22bba15001f/tock-registers-0.8.1/src/registers.rs:170:20\n    |\n170 |         unsafe { ::core::ptr::read_volatile(self.value.get()) }\n    |                    ^^^^ can't find crate\n    |\n    = note: the `aarch64-unknown-none` target may not be installed\n    = help: consider downloading the target with `rustup target add aarch64-unknown-none`\n    = help: consider building the standard library from source with `cargo build -Zbuild-std`\n\n","error[E0463]: can't find crate for `core`\n   --> /home/runner/.cargo/registry/src/index.crates.io-6f17d22bba15001f/tock-registers-0.8.1/src/registers.rs:179:20\n    |\n179 |         unsafe { ::core::ptr::write_volatile(self.value.get(), value) }\n    |                    ^^^^ can't find crate\n    |\n    = note: the `aarch64-unknown-none` target may not be installed\n    = help: consider downloading the target with `rustup target add aarch64-unknown-none`\n    = help: consider building the standard library from source with `cargo build -Zbuild-std`\n\n"]}},{"file":"/home/runner/.cargo/registry/src/index.crates.io-6f17d22bba15001f/tock-registers-0.8.1/src/lib.rs","count":6,"kinds":{"Clippy(Error)":["error[E0463]: can't find crate for `core`\n  |\n  = note: the `aarch64-unknown-none` target may not be installed\n  = help: consider downloading the target with `rustup target add aarch64-unknown-none`\n  = help: consider building the standard library from source with `cargo build -Zbuild-std`\n\n","error[E0463]: can't find crate for `compiler_builtins`\n\n","error[E0463]: can't find crate for `core`\n  --> /home/runner/.cargo/registry/src/index.crates.io-6f17d22bba15001f/tock-registers-0.8.1/src/lib.rs:71:5\n   |\n71 | use core::ops::{BitAnd, BitOr, BitOrAssign, Not, Shl, Shr};\n   |     ^^^^ can't find crate\n   |\n   = note: the `aarch64-unknown-none` target may not be installed\n   = help: consider downloading the target with `rustup target add aarch64-unknown-none`\n   = help: consider building the standard library from source with `cargo build -Zbuild-std`\n\n","error[E0405]: cannot find trait `Eq` in this scope\n  --> /home/runner/.cargo/registry/src/index.crates.io-6f17d22bba15001f/tock-registers-0.8.1/src/lib.rs:87:7\n   |\n87 |     + Eq\n   |       ^^ not found in this scope\n\n","error[E0405]: cannot find trait `Copy` in this scope\n  --> /home/runner/.cargo/registry/src/index.crates.io-6f17d22bba15001f/tock-registers-0.8.1/src/lib.rs:90:7\n   |\n90 |     + Copy\n   |       ^^^^ not found in this scope\n\n","error[E0405]: cannot find trait `Clone` in this scope\n  --> /home/runner/.cargo/registry/src/index.crates.io-6f17d22bba15001f/tock-registers-0.8.1/src/lib.rs:91:7\n   |\n91 |     + Clone\n   |       ^^^^^ not found in this scope\n\n"]}},{"file":"/home/runner/.cargo/registry/src/index.crates.io-6f17d22bba15001f/bitflags-2.5.0/src/lib.rs","count":3,"kinds":{"Clippy(Error)":["error[E0463]: can't find crate for `core`\n  |\n  = note: the `aarch64-unknown-none` target may not be installed\n  = help: consider downloading the target with `rustup target add aarch64-unknown-none`\n  = help: consider building the standard library from source with `cargo build -Zbuild-std`\n\n","error[E0463]: can't find crate for `compiler_builtins`\n\n","error[E0463]: can't find crate for `core`\n   --> /home/runner/.cargo/registry/src/index.crates.io-6f17d22bba15001f/bitflags-2.5.0/src/lib.rs:259:13\n    |\n259 |     pub use core;\n    |             ^^^^ can't find crate\n    |\n    = note: the `aarch64-unknown-none` target may not be installed\n    = help: consider downloading the target with `rustup target add aarch64-unknown-none`\n    = help: consider building the standard library from source with `cargo build -Zbuild-std`\n\n"]}},{"file":"/home/runner/.cargo/registry/src/index.crates.io-6f17d22bba15001f/tock-registers-0.8.1/src/interfaces.rs","count":1,"kinds":{"Clippy(Error)":["error[E0412]: cannot find type `Option` in this scope\n   --> /home/runner/.cargo/registry/src/index.crates.io-6f17d22bba15001f/tock-registers-0.8.1/src/interfaces.rs:217:10\n    |\n217 |     ) -> Option<E> {\n    |          ^^^^^^ not found in this scope\n\n"]}},{"file":"(virtual) clippy","count":1,"kinds":{"Cargo":["// pkg_name=polyhal, checker=Clippy\n// toolchain=nightly-2023-12-01, target=aarch64-unknown-none\n// pkg_dir=/home/runner/check/repos-default/Byte-OS/polyhal\n// cmd=cargo clippy --target aarch64-unknown-none --no-deps --message-format=json\n    Checking tock-registers v0.8.1\n   Compiling lock_api v0.4.11\n    Checking scopeguard v1.2.0\n    Checking bitflags v2.5.0\nerror: could not compile `scopeguard` (lib) due to 17 previous errors\nwarning: build failed, waiting for other jobs to finish...\nerror: could not compile `tock-registers` (lib) due to 42 previous errors\nerror: could not compile `bitflags` (lib) due to 65 previous errors\n"]}}]},{"user":"arceos-org","repo":"arceos","pkg":"arceos_api","count":9,"raw_reports":[{"file":"modules/axhal/src/platform/aarch64_common/boot.rs","count":3,"kinds":{"Clippy(Error)":["error[E0425]: cannot find function `init_boot_page_table` in module `crate::platform::mem`\n   --> modules/axhal/src/platform/aarch64_common/boot.rs:101:27\n    |\n101 |     crate::platform::mem::init_boot_page_table(addr_of_mut!(BOOT_PT_L0), addr_of_mut!(BOOT_PT_L1));\n    |                           ^^^^^^^^^^^^^^^^^^^^ not found in `crate::platform::mem`\n\n","error[E0425]: cannot find value `rust_entry` in module `crate::platform`\n   --> modules/axhal/src/platform/aarch64_common/boot.rs:140:38\n    |\n140 |         entry = sym crate::platform::rust_entry,\n    |                                      ^^^^^^^^^^ not found in `crate::platform`\n\n"],"Clippy(Warn)":["warning: unused import: `PhysAddr`\n --> modules/axhal/src/platform/aarch64_common/boot.rs:3:23\n  |\n3 | use memory_addr::{pa, PhysAddr};\n  |                       ^^^^^^^^\n  |\n  = note: `#[warn(unused_imports)]` on by default\n\n"]}},{"file":"modules/axhal/src/platform/aarch64_common/psci.rs","count":2,"kinds":{"Clippy(Error)":["error[E0425]: cannot find value `PSCI_METHOD` in crate `axconfig`\n  --> modules/axhal/src/platform/aarch64_common/psci.rs:82:31\n   |\n82 |     let ret = match axconfig::PSCI_METHOD {\n   |                               ^^^^^^^^^^^ not found in `axconfig`\n\n","error[E0425]: cannot find value `PSCI_METHOD` in crate `axconfig`\n  --> modules/axhal/src/platform/aarch64_common/psci.rs:85:58\n   |\n85 |         _ => panic!(\"Unknown PSCI method: {}\", axconfig::PSCI_METHOD),\n   |                                                          ^^^^^^^^^^^ not found in `axconfig`\n\n"]}},{"file":"(virtual) clippy","count":1,"kinds":{"Cargo":["// pkg_name=arceos_api, checker=Clippy\n// toolchain=nightly-2024-05-02, target=aarch64-unknown-none\n// pkg_dir=/home/runner/check/repos-default/arceos-org/arceos/api/arceos_api\n// cmd=cargo clippy --target aarch64-unknown-none --no-deps --message-format=json\n Downloading crates ...\n  Downloaded axerrno v0.1.0\n  Downloaded handler_table v0.1.1\n  Downloaded lock_api v0.4.10\n  Downloaded percpu_macros v0.1.2\n  Downloaded page_table_entry v0.4.0\n  Downloaded memory_addr v0.3.0\n  Downloaded percpu v0.1.3\n  Downloaded unicode-ident v1.0.11\n  Downloaded syn v2.0.70\n  Downloaded rustversion v1.0.14\n  Downloaded num-traits v0.2.16\n  Downloaded memchr v2.5.0\n  Downloaded indexmap v2.0.0\n  Downloaded hashbrown v0.14.0\n  Downloaded lazyinit v0.2.1\n  Downloaded kernel_guard v0.1.1\n  Downloaded dw_apb_uart v0.1.0\n  Downloaded linkme-impl v0.3.27\n  Downloaded linkme v0.3.27\n  Downloaded int_ratio v0.1.0\n  Downloaded axio v0.1.0\n  Downloaded kspin v0.1.0\n  Downloaded crate_interface v0.1.3\n   Compiling proc-macro2 v1.0.86\n   Compiling unicode-ident v1.0.11\n   Compiling equivalent v1.0.1\n   Compiling hashbrown v0.14.0\n   Compiling serde v1.0.204\n   Compiling toml_datetime v0.6.8\n   Compiling winnow v0.6.18\n   Compiling indexmap v2.0.0\n   Compiling quote v1.0.36\n   Compiling syn v2.0.70\n    Checking tock-registers v0.8.1\n    Checking cfg-if v1.0.0\n    Checking log v0.4.21\n   Compiling percpu v0.1.3\n    Checking aarch64-cpu v9.4.0\n   Compiling toml_edit v0.22.20\n    Checking bitflags v2.6.0\n    Checking memory_addr v0.3.0\n   Compiling autocfg v1.1.0\n    Checking page_table_entry v0.4.0\n    Checking dw_apb_uart v0.1.0\n    Checking arm_gicv2 v0.1.0\n    Checking arm_pl011 v0.1.0\n   Compiling num-traits v0.2.16\n    Checking int_ratio v0.1.0\n    Checking lazyinit v0.2.1\n    Checking static_assertions v1.1.0\n    Checking handler_table v0.1.1\n   Compiling axerrno v0.1.0\n    Checking axio v0.1.0\n    Checking chrono v0.4.38\n   Compiling crate_interface v0.1.3\n   Compiling linkme-impl v0.3.27\n   Compiling percpu_macros v0.1.2\n   Compiling axconfig v0.1.0 (/home/runner/check/repos-default/arceos-org/arceos/modules/axconfig)\n    Checking kernel_guard v0.1.1\n    Checking kspin v0.1.0\n    Checking axlog v0.1.0 (/home/runner/check/repos-default/arceos-org/arceos/modules/axlog)\n   Compiling axhal v0.1.0 (/home/runner/check/repos-default/arceos-org/arceos/modules/axhal)\n    Checking linkme v0.3.27\nerror: could not compile `axhal` (lib) due to 6 previous errors; 2 warnings emitted\n"]}},{"file":"(virtual) lockbud","count":1,"kinds":{"Cargo":["// pkg_name=arceos_api, checker=Lockbud\n// toolchain=nightly-2024-05-02, target=aarch64-unknown-none\n// pkg_dir=/home/runner/check/repos-default/arceos-org/arceos/api/arceos_api\n// cmd=cargo +nightly-2024-05-21 lockbud -k all -- --target aarch64-unknown-none\n    Blocking waiting for file lock on package cache\n    Blocking waiting for file lock on package cache\n    Blocking waiting for file lock on package cache\n    Blocking waiting for file lock on package cache\n   Compiling proc-macro2 v1.0.86\n   Compiling unicode-ident v1.0.11\n   Compiling serde v1.0.204\n   Compiling equivalent v1.0.1\n   Compiling hashbrown v0.14.0\n   Compiling toml_datetime v0.6.8\n   Compiling winnow v0.6.18\n   Compiling indexmap v2.0.0\n   Compiling quote v1.0.36\n   Compiling tock-registers v0.8.1\n   Compiling cfg-if v1.0.0\n   Compiling syn v2.0.70\n   Compiling log v0.4.21\n   Compiling percpu v0.1.3\n   Compiling aarch64-cpu v9.4.0\n   Compiling toml_edit v0.22.20\n   Compiling bitflags v2.6.0\n   Compiling autocfg v1.1.0\n   Compiling memory_addr v0.3.0\n   Compiling page_table_entry v0.4.0\n   Compiling num-traits v0.2.16\n   Compiling arm_gicv2 v0.1.0\n   Compiling dw_apb_uart v0.1.0\n   Compiling arm_pl011 v0.1.0\n   Compiling static_assertions v1.1.0\n   Compiling int_ratio v0.1.0\n   Compiling lazyinit v0.2.1\n   Compiling handler_table v0.1.1\n   Compiling axerrno v0.1.0\n   Compiling axio v0.1.0\n   Compiling chrono v0.4.38\n   Compiling crate_interface v0.1.3\n   Compiling percpu_macros v0.1.2\n   Compiling axconfig v0.1.0 (/home/runner/check/repos-default/arceos-org/arceos/modules/axconfig)\n   Compiling kernel_guard v0.1.1\n   Compiling kspin v0.1.0\n   Compiling axhal v0.1.0 (/home/runner/check/repos-default/arceos-org/arceos/modules/axhal)\n   Compiling linkme-impl v0.3.27\n   Compiling axlog v0.1.0 (/home/runner/check/repos-default/arceos-org/arceos/modules/axlog)\n   Compiling linkme v0.3.27\nerror[E0425]: cannot find function `init_boot_page_table` in module `crate::platform::mem`\n   --> modules/axhal/src/platform/aarch64_common/boot.rs:101:27\n    |\n101 |     crate::platform::mem::init_boot_page_table(addr_of_mut!(BOOT_PT_L0), addr_of_mut!(BOOT_PT_L1));\n    |                           ^^^^^^^^^^^^^^^^^^^^ not found in `crate::platform::mem`\n\nerror[E0425]: cannot find value `rust_entry` in module `crate::platform`\n   --> modules/axhal/src/platform/aarch64_common/boot.rs:140:38\n    |\n140 |         entry = sym crate::platform::rust_entry,\n    |                                      ^^^^^^^^^^ not found in `crate::platform`\n\nerror[E0425]: cannot find value `PSCI_METHOD` in crate `axconfig`\n  --> modules/axhal/src/platform/aarch64_common/psci.rs:82:31\n   |\n82 |     let ret = match axconfig::PSCI_METHOD {\n   |                               ^^^^^^^^^^^ not found in `axconfig`\n\nerror[E0425]: cannot find value `PSCI_METHOD` in crate `axconfig`\n  --> modules/axhal/src/platform/aarch64_common/psci.rs:85:58\n   |\n85 |         _ => panic!(\"Unknown PSCI method: {}\", axconfig::PSCI_METHOD),\n   |                                                          ^^^^^^^^^^^ not found in `axconfig`\n\nerror[E0425]: cannot find value `UART_PADDR` in crate `axconfig`\n --> modules/axhal/src/platform/aarch64_common/pl011.rs:9:43\n  |\n9 | const UART_BASE: PhysAddr = pa!(axconfig::UART_PADDR);\n  |                                           ^^^^^^^^^^ not found in `axconfig`\n\nwarning: unused import: `PhysAddr`\n --> modules/axhal/src/platform/aarch64_common/boot.rs:3:23\n  |\n3 | use memory_addr::{pa, PhysAddr};\n  |                       ^^^^^^^^\n  |\n  = note: `#[warn(unused_imports)]` on by default\n\nwarning: unused import: `VirtAddr`\n --> modules/axhal/src/arch/aarch64/trap.rs:4:23\n  |\n4 | use memory_addr::{va, VirtAddr};\n  |                       ^^^^^^^^\n\nFor more information about this error, try `rustc --explain E0425`.\nwarning: `axhal` (lib) generated 2 warnings\nerror: could not compile `axhal` (lib) due to 5 previous errors; 2 warnings emitted\n"]}},{"file":"modules/axhal/src/arch/aarch64/trap.rs","count":1,"kinds":{"Clippy(Warn)":["warning: unused import: `VirtAddr`\n --> modules/axhal/src/arch/aarch64/trap.rs:4:23\n  |\n4 | use memory_addr::{va, VirtAddr};\n  |                       ^^^^^^^^\n\n"]}},{"file":"modules/axhal/src/platform/aarch64_common/pl011.rs","count":1,"kinds":{"Clippy(Error)":["error[E0425]: cannot find value `UART_PADDR` in crate `axconfig`\n --> modules/axhal/src/platform/aarch64_common/pl011.rs:9:43\n  |\n9 | const UART_BASE: PhysAddr = pa!(axconfig::UART_PADDR);\n  |                                           ^^^^^^^^^^ not found in `axconfig`\n\n"]}}]},{"user":"arceos-org","repo":"arceos","pkg":"arceos_posix_api","count":9,"raw_reports":[{"file":"modules/axhal/src/platform/aarch64_common/boot.rs","count":3,"kinds":{"Clippy(Error)":["error[E0425]: cannot find function `init_boot_page_table` in module `crate::platform::mem`\n   --> modules/axhal/src/platform/aarch64_common/boot.rs:101:27\n    |\n101 |     crate::platform::mem::init_boot_page_table(addr_of_mut!(BOOT_PT_L0), addr_of_mut!(BOOT_PT_L1));\n    |                           ^^^^^^^^^^^^^^^^^^^^ not found in `crate::platform::mem`\n\n","error[E0425]: cannot find value `rust_entry` in module `crate::platform`\n   --> modules/axhal/src/platform/aarch64_common/boot.rs:140:38\n    |\n140 |         entry = sym crate::platform::rust_entry,\n    |                                      ^^^^^^^^^^ not found in `crate::platform`\n\n"],"Clippy(Warn)":["warning: unused import: `PhysAddr`\n --> modules/axhal/src/platform/aarch64_common/boot.rs:3:23\n  |\n3 | use memory_addr::{pa, PhysAddr};\n  |                       ^^^^^^^^\n  |\n  = note: `#[warn(unused_imports)]` on by default\n\n"]}},{"file":"modules/axhal/src/platform/aarch64_common/psci.rs","count":2,"kinds":{"Clippy(Error)":["error[E0425]: cannot find value `PSCI_METHOD` in crate `axconfig`\n  --> modules/axhal/src/platform/aarch64_common/psci.rs:82:31\n   |\n82 |     let ret = match axconfig::PSCI_METHOD {\n   |                               ^^^^^^^^^^^ not found in `axconfig`\n\n","error[E0425]: cannot find value `PSCI_METHOD` in crate `axconfig`\n  --> modules/axhal/src/platform/aarch64_common/psci.rs:85:58\n   |\n85 |         _ => panic!(\"Unknown PSCI method: {}\", axconfig::PSCI_METHOD),\n   |                                                          ^^^^^^^^^^^ not found in `axconfig`\n\n"]}},{"file":"(virtual) clippy","count":1,"kinds":{"Cargo":["// pkg_name=arceos_posix_api, checker=Clippy\n// toolchain=nightly-2024-05-02, target=aarch64-unknown-none\n// pkg_dir=/home/runner/check/repos-default/arceos-org/arceos/api/arceos_posix_api\n// cmd=cargo clippy --target aarch64-unknown-none --no-deps --message-format=json\n    Blocking waiting for file lock on package cache\n    Blocking waiting for file lock on package cache\n    Blocking waiting for file lock on package cache\n Downloading crates ...\n  Downloaded flatten_objects v0.1.0\n  Downloaded shlex v1.1.0\n  Downloaded itertools v0.10.5\n  Downloaded prettyplease v0.2.12\n  Downloaded which v4.4.0\n  Downloaded regex-syntax v0.7.4\n  Downloaded regex v1.9.3\n  Downloaded aho-corasick v1.0.4\n  Downloaded regex-automata v0.3.6\n  Downloaded libc v0.2.147\n  Downloaded clang-sys v1.6.1\n  Downloaded libloading v0.7.4\n  Downloaded either v1.9.0\n    Blocking waiting for file lock on package cache\n   Compiling proc-macro2 v1.0.86\n   Compiling unicode-ident v1.0.11\n   Compiling serde v1.0.204\n   Compiling equivalent v1.0.1\n   Compiling hashbrown v0.14.0\n   Compiling toml_datetime v0.6.8\n   Compiling winnow v0.6.18\n   Compiling indexmap v2.0.0\n   Compiling quote v1.0.36\n   Compiling syn v2.0.70\n   Compiling autocfg v1.1.0\n   Compiling glob v0.3.1\n   Compiling toml_edit v0.22.20\n   Compiling memchr v2.5.0\n   Compiling libc v0.2.147\n   Compiling percpu v0.1.3\n   Compiling clang-sys v1.6.1\n   Compiling prettyplease v0.2.12\n   Compiling num-traits v0.2.16\n   Compiling regex-syntax v0.7.4\n   Compiling either v1.9.0\n   Compiling cfg-if v1.0.0\n   Compiling minimal-lexical v0.2.1\n   Compiling nom v7.1.3\n   Compiling axconfig v0.1.0 (/home/runner/check/repos-default/arceos-org/arceos/modules/axconfig)\n   Compiling regex-automata v0.3.6\n   Compiling libloading v0.7.4\n   Compiling axhal v0.1.0 (/home/runner/check/repos-default/arceos-org/arceos/modules/axhal)\n   Compiling lock_api v0.4.10\n   Compiling bindgen v0.69.4\n   Compiling regex v1.9.3\n   Compiling crate_interface v0.1.3\n   Compiling linkme-impl v0.3.27\n    Checking kernel_guard v0.1.1\n    Checking kspin v0.1.0\n   Compiling percpu_macros v0.1.2\n    Checking axlog v0.1.0 (/home/runner/check/repos-default/arceos-org/arceos/modules/axlog)\n   Compiling cexpr v0.6.0\n    Checking linkme v0.3.27\nerror: could not compile `axhal` (lib) due to 6 previous errors; 2 warnings emitted\nwarning: build failed, waiting for other jobs to finish...\n"]}},{"file":"(virtual) lockbud","count":1,"kinds":{"Cargo":["// pkg_name=arceos_posix_api, checker=Lockbud\n// toolchain=nightly-2024-05-02, target=aarch64-unknown-none\n// pkg_dir=/home/runner/check/repos-default/arceos-org/arceos/api/arceos_posix_api\n// cmd=cargo +nightly-2024-05-21 lockbud -k all -- --target aarch64-unknown-none\n   Compiling proc-macro2 v1.0.86\n   Compiling unicode-ident v1.0.11\n   Compiling hashbrown v0.14.0\n   Compiling serde v1.0.204\n   Compiling equivalent v1.0.1\n   Compiling toml_datetime v0.6.8\n   Compiling winnow v0.6.18\n   Compiling indexmap v2.0.0\n   Compiling quote v1.0.36\n   Compiling autocfg v1.1.0\n   Compiling syn v2.0.70\n   Compiling glob v0.3.1\n   Compiling toml_edit v0.22.20\n   Compiling percpu v0.1.3\n   Compiling libc v0.2.147\n   Compiling memchr v2.5.0\n   Compiling clang-sys v1.6.1\n   Compiling prettyplease v0.2.12\n   Compiling num-traits v0.2.16\n   Compiling minimal-lexical v0.2.1\n   Compiling regex-syntax v0.7.4\n   Compiling cfg-if v1.0.0\n   Compiling either v1.9.0\n   Compiling libloading v0.7.4\n   Compiling nom v7.1.3\n   Compiling regex-automata v0.3.6\n   Compiling axconfig v0.1.0 (/home/runner/check/repos-default/arceos-org/arceos/modules/axconfig)\n   Compiling axhal v0.1.0 (/home/runner/check/repos-default/arceos-org/arceos/modules/axhal)\n   Compiling lock_api v0.4.10\n   Compiling bindgen v0.69.4\n   Compiling cexpr v0.6.0\n   Compiling regex v1.9.3\n   Compiling crate_interface v0.1.3\n   Compiling linkme-impl v0.3.27\n   Compiling percpu_macros v0.1.2\n   Compiling kernel_guard v0.1.1\n   Compiling kspin v0.1.0\n   Compiling axlog v0.1.0 (/home/runner/check/repos-default/arceos-org/arceos/modules/axlog)\n   Compiling linkme v0.3.27\n   Compiling which v4.4.0\nerror[E0425]: cannot find function `init_boot_page_table` in module `crate::platform::mem`\n   --> modules/axhal/src/platform/aarch64_common/boot.rs:101:27\n    |\n101 |     crate::platform::mem::init_boot_page_table(addr_of_mut!(BOOT_PT_L0), addr_of_mut!(BOOT_PT_L1));\n    |                           ^^^^^^^^^^^^^^^^^^^^ not found in `crate::platform::mem`\n\nerror[E0425]: cannot find value `rust_entry` in module `crate::platform`\n   --> modules/axhal/src/platform/aarch64_common/boot.rs:140:38\n    |\n140 |         entry = sym crate::platform::rust_entry,\n    |                                      ^^^^^^^^^^ not found in `crate::platform`\n\nerror[E0425]: cannot find value `PSCI_METHOD` in crate `axconfig`\n  --> modules/axhal/src/platform/aarch64_common/psci.rs:82:31\n   |\n82 |     let ret = match axconfig::PSCI_METHOD {\n   |                               ^^^^^^^^^^^ not found in `axconfig`\n\nerror[E0425]: cannot find value `PSCI_METHOD` in crate `axconfig`\n  --> modules/axhal/src/platform/aarch64_common/psci.rs:85:58\n   |\n85 |         _ => panic!(\"Unknown PSCI method: {}\", axconfig::PSCI_METHOD),\n   |                                                          ^^^^^^^^^^^ not found in `axconfig`\n\nerror[E0425]: cannot find value `UART_PADDR` in crate `axconfig`\n --> modules/axhal/src/platform/aarch64_common/pl011.rs:9:43\n  |\n9 | const UART_BASE: PhysAddr = pa!(axconfig::UART_PADDR);\n  |                                           ^^^^^^^^^^ not found in `axconfig`\n\nwarning: unused import: `PhysAddr`\n --> modules/axhal/src/platform/aarch64_common/boot.rs:3:23\n  |\n3 | use memory_addr::{pa, PhysAddr};\n  |                       ^^^^^^^^\n  |\n  = note: `#[warn(unused_imports)]` on by default\n\nwarning: unused import: `VirtAddr`\n --> modules/axhal/src/arch/aarch64/trap.rs:4:23\n  |\n4 | use memory_addr::{va, VirtAddr};\n  |                       ^^^^^^^^\n\nFor more information about this error, try `rustc --explain E0425`.\nwarning: `axhal` (lib) generated 2 warnings\nerror: could not compile `axhal` (lib) due to 5 previous errors; 2 warnings emitted\nwarning: build failed, waiting for other jobs to finish...\n"]}},{"file":"modules/axhal/src/arch/aarch64/trap.rs","count":1,"kinds":{"Clippy(Warn)":["warning: unused import: `VirtAddr`\n --> modules/axhal/src/arch/aarch64/trap.rs:4:23\n  |\n4 | use memory_addr::{va, VirtAddr};\n  |                       ^^^^^^^^\n\n"]}},{"file":"modules/axhal/src/platform/aarch64_common/pl011.rs","count":1,"kinds":{"Clippy(Error)":["error[E0425]: cannot find value `UART_PADDR` in crate `axconfig`\n --> modules/axhal/src/platform/aarch64_common/pl011.rs:9:43\n  |\n9 | const UART_BASE: PhysAddr = pa!(axconfig::UART_PADDR);\n  |                                           ^^^^^^^^^^ not found in `axconfig`\n\n"]}}]},{"user":"arceos-org","repo":"arceos","pkg":"axdisplay","count":9,"raw_reports":[{"file":"modules/axhal/src/platform/aarch64_common/boot.rs","count":3,"kinds":{"Clippy(Error)":["error[E0425]: cannot find function `init_boot_page_table` in module `crate::platform::mem`\n   --> modules/axhal/src/platform/aarch64_common/boot.rs:101:27\n    |\n101 |     crate::platform::mem::init_boot_page_table(addr_of_mut!(BOOT_PT_L0), addr_of_mut!(BOOT_PT_L1));\n    |                           ^^^^^^^^^^^^^^^^^^^^ not found in `crate::platform::mem`\n\n","error[E0425]: cannot find value `rust_entry` in module `crate::platform`\n   --> modules/axhal/src/platform/aarch64_common/boot.rs:140:38\n    |\n140 |         entry = sym crate::platform::rust_entry,\n    |                                      ^^^^^^^^^^ not found in `crate::platform`\n\n"],"Clippy(Warn)":["warning: unused import: `PhysAddr`\n --> modules/axhal/src/platform/aarch64_common/boot.rs:3:23\n  |\n3 | use memory_addr::{pa, PhysAddr};\n  |                       ^^^^^^^^\n  |\n  = note: `#[warn(unused_imports)]` on by default\n\n"]}},{"file":"modules/axhal/src/platform/aarch64_common/psci.rs","count":2,"kinds":{"Clippy(Error)":["error[E0425]: cannot find value `PSCI_METHOD` in crate `axconfig`\n  --> modules/axhal/src/platform/aarch64_common/psci.rs:82:31\n   |\n82 |     let ret = match axconfig::PSCI_METHOD {\n   |                               ^^^^^^^^^^^ not found in `axconfig`\n\n","error[E0425]: cannot find value `PSCI_METHOD` in crate `axconfig`\n  --> modules/axhal/src/platform/aarch64_common/psci.rs:85:58\n   |\n85 |         _ => panic!(\"Unknown PSCI method: {}\", axconfig::PSCI_METHOD),\n   |                                                          ^^^^^^^^^^^ not found in `axconfig`\n\n"]}},{"file":"(virtual) clippy","count":1,"kinds":{"Cargo":["// pkg_name=axdisplay, checker=Clippy\n// toolchain=nightly-2024-05-02, target=aarch64-unknown-none\n// pkg_dir=/home/runner/check/repos-default/arceos-org/arceos/modules/axdisplay\n// cmd=cargo clippy --target aarch64-unknown-none --no-deps --message-format=json\n Downloading crates ...\n  Downloaded virtio-drivers v0.7.4\n   Compiling proc-macro2 v1.0.86\n   Compiling unicode-ident v1.0.11\n   Compiling equivalent v1.0.1\n   Compiling hashbrown v0.14.0\n   Compiling serde v1.0.204\n   Compiling winnow v0.6.18\n   Compiling toml_datetime v0.6.8\n   Compiling indexmap v2.0.0\n   Compiling quote v1.0.36\n   Compiling syn v2.0.70\n   Compiling percpu v0.1.3\n   Compiling toml_edit v0.22.20\n    Checking byteorder v1.4.3\n    Checking axdriver_base v0.1.0 (https://github.com/arceos-org/axdriver_crates.git?tag=v0.1.0#78686a7e)\n   Compiling axdriver v0.1.0 (/home/runner/check/repos-default/arceos-org/arceos/modules/axdriver)\n    Checking axdriver_display v0.1.0 (https://github.com/arceos-org/axdriver_crates.git?tag=v0.1.0#78686a7e)\n   Compiling axconfig v0.1.0 (/home/runner/check/repos-default/arceos-org/arceos/modules/axconfig)\n   Compiling crate_interface v0.1.3\n   Compiling percpu_macros v0.1.2\n   Compiling linkme-impl v0.3.27\n   Compiling axhal v0.1.0 (/home/runner/check/repos-default/arceos-org/arceos/modules/axhal)\n    Checking kernel_guard v0.1.1\n    Checking kspin v0.1.0\n   Compiling zerocopy-derive v0.7.35\n    Checking axlog v0.1.0 (/home/runner/check/repos-default/arceos-org/arceos/modules/axlog)\n    Checking linkme v0.3.27\nerror: could not compile `axhal` (lib) due to 6 previous errors; 2 warnings emitted\nwarning: build failed, waiting for other jobs to finish...\n"]}},{"file":"(virtual) lockbud","count":1,"kinds":{"Cargo":["// pkg_name=axdisplay, checker=Lockbud\n// toolchain=nightly-2024-05-02, target=aarch64-unknown-none\n// pkg_dir=/home/runner/check/repos-default/arceos-org/arceos/modules/axdisplay\n// cmd=cargo +nightly-2024-05-21 lockbud -k all -- --target aarch64-unknown-none\n   Compiling proc-macro2 v1.0.86\n   Compiling unicode-ident v1.0.11\n   Compiling hashbrown v0.14.0\n   Compiling serde v1.0.204\n   Compiling equivalent v1.0.1\n   Compiling toml_datetime v0.6.8\n   Compiling winnow v0.6.18\n   Compiling indexmap v2.0.0\n   Compiling quote v1.0.36\n   Compiling percpu v0.1.3\n   Compiling syn v2.0.70\n   Compiling byteorder v1.4.3\n   Compiling axdriver v0.1.0 (/home/runner/check/repos-default/arceos-org/arceos/modules/axdriver)\n   Compiling axdriver_base v0.1.0 (https://github.com/arceos-org/axdriver_crates.git?tag=v0.1.0#78686a7e)\n   Compiling axdriver_display v0.1.0 (https://github.com/arceos-org/axdriver_crates.git?tag=v0.1.0#78686a7e)\n   Compiling toml_edit v0.22.20\n   Compiling crate_interface v0.1.3\n   Compiling percpu_macros v0.1.2\n   Compiling linkme-impl v0.3.27\n   Compiling kernel_guard v0.1.1\n   Compiling axconfig v0.1.0 (/home/runner/check/repos-default/arceos-org/arceos/modules/axconfig)\n   Compiling kspin v0.1.0\n   Compiling axlog v0.1.0 (/home/runner/check/repos-default/arceos-org/arceos/modules/axlog)\n   Compiling zerocopy-derive v0.7.35\n   Compiling linkme v0.3.27\n   Compiling axhal v0.1.0 (/home/runner/check/repos-default/arceos-org/arceos/modules/axhal)\nerror[E0425]: cannot find function `init_boot_page_table` in module `crate::platform::mem`\n   --> modules/axhal/src/platform/aarch64_common/boot.rs:101:27\n    |\n101 |     crate::platform::mem::init_boot_page_table(addr_of_mut!(BOOT_PT_L0), addr_of_mut!(BOOT_PT_L1));\n    |                           ^^^^^^^^^^^^^^^^^^^^ not found in `crate::platform::mem`\n\nerror[E0425]: cannot find value `rust_entry` in module `crate::platform`\n   --> modules/axhal/src/platform/aarch64_common/boot.rs:140:38\n    |\n140 |         entry = sym crate::platform::rust_entry,\n    |                                      ^^^^^^^^^^ not found in `crate::platform`\n\nerror[E0425]: cannot find value `PSCI_METHOD` in crate `axconfig`\n  --> modules/axhal/src/platform/aarch64_common/psci.rs:82:31\n   |\n82 |     let ret = match axconfig::PSCI_METHOD {\n   |                               ^^^^^^^^^^^ not found in `axconfig`\n\nerror[E0425]: cannot find value `PSCI_METHOD` in crate `axconfig`\n  --> modules/axhal/src/platform/aarch64_common/psci.rs:85:58\n   |\n85 |         _ => panic!(\"Unknown PSCI method: {}\", axconfig::PSCI_METHOD),\n   |                                                          ^^^^^^^^^^^ not found in `axconfig`\n\nerror[E0425]: cannot find value `UART_PADDR` in crate `axconfig`\n --> modules/axhal/src/platform/aarch64_common/pl011.rs:9:43\n  |\n9 | const UART_BASE: PhysAddr = pa!(axconfig::UART_PADDR);\n  |                                           ^^^^^^^^^^ not found in `axconfig`\n\nwarning: unused import: `PhysAddr`\n --> modules/axhal/src/platform/aarch64_common/boot.rs:3:23\n  |\n3 | use memory_addr::{pa, PhysAddr};\n  |                       ^^^^^^^^\n  |\n  = note: `#[warn(unused_imports)]` on by default\n\nwarning: unused import: `VirtAddr`\n --> modules/axhal/src/arch/aarch64/trap.rs:4:23\n  |\n4 | use memory_addr::{va, VirtAddr};\n  |                       ^^^^^^^^\n\nFor more information about this error, try `rustc --explain E0425`.\nwarning: `axhal` (lib) generated 2 warnings\nerror: could not compile `axhal` (lib) due to 5 previous errors; 2 warnings emitted\nwarning: build failed, waiting for other jobs to finish...\n"]}},{"file":"modules/axhal/src/arch/aarch64/trap.rs","count":1,"kinds":{"Clippy(Warn)":["warning: unused import: `VirtAddr`\n --> modules/axhal/src/arch/aarch64/trap.rs:4:23\n  |\n4 | use memory_addr::{va, VirtAddr};\n  |                       ^^^^^^^^\n\n"]}},{"file":"modules/axhal/src/platform/aarch64_common/pl011.rs","count":1,"kinds":{"Clippy(Error)":["error[E0425]: cannot find value `UART_PADDR` in crate `axconfig`\n --> modules/axhal/src/platform/aarch64_common/pl011.rs:9:43\n  |\n9 | const UART_BASE: PhysAddr = pa!(axconfig::UART_PADDR);\n  |                                           ^^^^^^^^^^ not found in `axconfig`\n\n"]}}]},{"user":"arceos-org","repo":"arceos","pkg":"axdma","count":9,"raw_reports":[{"file":"modules/axhal/src/platform/aarch64_common/boot.rs","count":3,"kinds":{"Clippy(Error)":["error[E0425]: cannot find function `init_boot_page_table` in module `crate::platform::mem`\n   --> modules/axhal/src/platform/aarch64_common/boot.rs:101:27\n    |\n101 |     crate::platform::mem::init_boot_page_table(addr_of_mut!(BOOT_PT_L0), addr_of_mut!(BOOT_PT_L1));\n    |                           ^^^^^^^^^^^^^^^^^^^^ not found in `crate::platform::mem`\n\n","error[E0425]: cannot find value `rust_entry` in module `crate::platform`\n   --> modules/axhal/src/platform/aarch64_common/boot.rs:140:38\n    |\n140 |         entry = sym crate::platform::rust_entry,\n    |                                      ^^^^^^^^^^ not found in `crate::platform`\n\n"],"Clippy(Warn)":["warning: unused import: `PhysAddr`\n --> modules/axhal/src/platform/aarch64_common/boot.rs:3:23\n  |\n3 | use memory_addr::{pa, PhysAddr};\n  |                       ^^^^^^^^\n  |\n  = note: `#[warn(unused_imports)]` on by default\n\n"]}},{"file":"modules/axhal/src/platform/aarch64_common/psci.rs","count":2,"kinds":{"Clippy(Error)":["error[E0425]: cannot find value `PSCI_METHOD` in crate `axconfig`\n  --> modules/axhal/src/platform/aarch64_common/psci.rs:82:31\n   |\n82 |     let ret = match axconfig::PSCI_METHOD {\n   |                               ^^^^^^^^^^^ not found in `axconfig`\n\n","error[E0425]: cannot find value `PSCI_METHOD` in crate `axconfig`\n  --> modules/axhal/src/platform/aarch64_common/psci.rs:85:58\n   |\n85 |         _ => panic!(\"Unknown PSCI method: {}\", axconfig::PSCI_METHOD),\n   |                                                          ^^^^^^^^^^^ not found in `axconfig`\n\n"]}},{"file":"(virtual) clippy","count":1,"kinds":{"Cargo":["// pkg_name=axdma, checker=Clippy\n// toolchain=nightly-2024-05-02, target=aarch64-unknown-none\n// pkg_dir=/home/runner/check/repos-default/arceos-org/arceos/modules/axdma\n// cmd=cargo clippy --target aarch64-unknown-none --no-deps --message-format=json\n Downloading crates ...\n  Downloaded page_table_multiarch v0.4.0\n   Compiling proc-macro2 v1.0.86\n   Compiling unicode-ident v1.0.11\n   Compiling serde v1.0.204\n   Compiling hashbrown v0.14.0\n   Compiling equivalent v1.0.1\n   Compiling winnow v0.6.18\n   Compiling toml_datetime v0.6.8\n   Compiling indexmap v2.0.0\n   Compiling quote v1.0.36\n   Compiling syn v2.0.70\n   Compiling syn v1.0.109\n   Compiling toml_edit v0.22.20\n   Compiling base64 v0.13.1\n   Compiling unicode-width v0.1.10\n   Compiling axerrno v0.1.0\n   Compiling percpu v0.1.3\n    Checking page_table_multiarch v0.4.0\n   Compiling svgbobdoc v0.3.0\n    Checking rlsf v0.2.1\n    Checking allocator v0.1.0 (https://github.com/arceos-org/allocator.git?tag=v0.1.0#16496d88)\n   Compiling axconfig v0.1.0 (/home/runner/check/repos-default/arceos-org/arceos/modules/axconfig)\n   Compiling crate_interface v0.1.3\n   Compiling linkme-impl v0.3.27\n   Compiling percpu_macros v0.1.2\n   Compiling axhal v0.1.0 (/home/runner/check/repos-default/arceos-org/arceos/modules/axhal)\n    Checking kernel_guard v0.1.1\n    Checking kspin v0.1.0\n    Checking axlog v0.1.0 (/home/runner/check/repos-default/arceos-org/arceos/modules/axlog)\n    Checking axalloc v0.1.0 (/home/runner/check/repos-default/arceos-org/arceos/modules/axalloc)\n    Checking linkme v0.3.27\nerror: could not compile `axhal` (lib) due to 6 previous errors; 2 warnings emitted\n"]}},{"file":"(virtual) lockbud","count":1,"kinds":{"Cargo":["// pkg_name=axdma, checker=Lockbud\n// toolchain=nightly-2024-05-02, target=aarch64-unknown-none\n// pkg_dir=/home/runner/check/repos-default/arceos-org/arceos/modules/axdma\n// cmd=cargo +nightly-2024-05-21 lockbud -k all -- --target aarch64-unknown-none\n   Compiling proc-macro2 v1.0.86\n   Compiling unicode-ident v1.0.11\n   Compiling hashbrown v0.14.0\n   Compiling equivalent v1.0.1\n   Compiling serde v1.0.204\n   Compiling toml_datetime v0.6.8\n   Compiling winnow v0.6.18\n   Compiling indexmap v2.0.0\n   Compiling quote v1.0.36\n   Compiling syn v1.0.109\n   Compiling syn v2.0.70\n   Compiling toml_edit v0.22.20\n   Compiling unicode-width v0.1.10\n   Compiling base64 v0.13.1\n   Compiling axerrno v0.1.0\n   Compiling percpu v0.1.3\n   Compiling page_table_multiarch v0.4.0\n   Compiling svgbobdoc v0.3.0\n   Compiling rlsf v0.2.1\n   Compiling allocator v0.1.0 (https://github.com/arceos-org/allocator.git?tag=v0.1.0#16496d88)\n   Compiling crate_interface v0.1.3\n   Compiling percpu_macros v0.1.2\n   Compiling linkme-impl v0.3.27\n   Compiling axconfig v0.1.0 (/home/runner/check/repos-default/arceos-org/arceos/modules/axconfig)\n   Compiling kernel_guard v0.1.1\n   Compiling kspin v0.1.0\n   Compiling axalloc v0.1.0 (/home/runner/check/repos-default/arceos-org/arceos/modules/axalloc)\n   Compiling axhal v0.1.0 (/home/runner/check/repos-default/arceos-org/arceos/modules/axhal)\n   Compiling axlog v0.1.0 (/home/runner/check/repos-default/arceos-org/arceos/modules/axlog)\n   Compiling linkme v0.3.27\nerror[E0425]: cannot find function `init_boot_page_table` in module `crate::platform::mem`\n   --> modules/axhal/src/platform/aarch64_common/boot.rs:101:27\n    |\n101 |     crate::platform::mem::init_boot_page_table(addr_of_mut!(BOOT_PT_L0), addr_of_mut!(BOOT_PT_L1));\n    |                           ^^^^^^^^^^^^^^^^^^^^ not found in `crate::platform::mem`\n\nerror[E0425]: cannot find value `rust_entry` in module `crate::platform`\n   --> modules/axhal/src/platform/aarch64_common/boot.rs:140:38\n    |\n140 |         entry = sym crate::platform::rust_entry,\n    |                                      ^^^^^^^^^^ not found in `crate::platform`\n\nerror[E0425]: cannot find value `PSCI_METHOD` in crate `axconfig`\n  --> modules/axhal/src/platform/aarch64_common/psci.rs:82:31\n   |\n82 |     let ret = match axconfig::PSCI_METHOD {\n   |                               ^^^^^^^^^^^ not found in `axconfig`\n\nerror[E0425]: cannot find value `PSCI_METHOD` in crate `axconfig`\n  --> modules/axhal/src/platform/aarch64_common/psci.rs:85:58\n   |\n85 |         _ => panic!(\"Unknown PSCI method: {}\", axconfig::PSCI_METHOD),\n   |                                                          ^^^^^^^^^^^ not found in `axconfig`\n\nerror[E0425]: cannot find value `UART_PADDR` in crate `axconfig`\n --> modules/axhal/src/platform/aarch64_common/pl011.rs:9:43\n  |\n9 | const UART_BASE: PhysAddr = pa!(axconfig::UART_PADDR);\n  |                                           ^^^^^^^^^^ not found in `axconfig`\n\nwarning: unused import: `PhysAddr`\n --> modules/axhal/src/platform/aarch64_common/boot.rs:3:23\n  |\n3 | use memory_addr::{pa, PhysAddr};\n  |                       ^^^^^^^^\n  |\n  = note: `#[warn(unused_imports)]` on by default\n\nwarning: unused import: `VirtAddr`\n --> modules/axhal/src/arch/aarch64/trap.rs:4:23\n  |\n4 | use memory_addr::{va, VirtAddr};\n  |                       ^^^^^^^^\n\nFor more information about this error, try `rustc --explain E0425`.\nwarning: `axhal` (lib) generated 2 warnings\nerror: could not compile `axhal` (lib) due to 5 previous errors; 2 warnings emitted\n"]}},{"file":"modules/axhal/src/arch/aarch64/trap.rs","count":1,"kinds":{"Clippy(Warn)":["warning: unused import: `VirtAddr`\n --> modules/axhal/src/arch/aarch64/trap.rs:4:23\n  |\n4 | use memory_addr::{va, VirtAddr};\n  |                       ^^^^^^^^\n\n"]}},{"file":"modules/axhal/src/platform/aarch64_common/pl011.rs","count":1,"kinds":{"Clippy(Error)":["error[E0425]: cannot find value `UART_PADDR` in crate `axconfig`\n --> modules/axhal/src/platform/aarch64_common/pl011.rs:9:43\n  |\n9 | const UART_BASE: PhysAddr = pa!(axconfig::UART_PADDR);\n  |                                           ^^^^^^^^^^ not found in `axconfig`\n\n"]}}]},{"user":"arceos-org","repo":"arceos","pkg":"axdriver","count":9,"raw_reports":[{"file":"modules/axhal/src/platform/aarch64_common/boot.rs","count":3,"kinds":{"Clippy(Error)":["error[E0425]: cannot find function `init_boot_page_table` in module `crate::platform::mem`\n   --> modules/axhal/src/platform/aarch64_common/boot.rs:101:27\n    |\n101 |     crate::platform::mem::init_boot_page_table(addr_of_mut!(BOOT_PT_L0), addr_of_mut!(BOOT_PT_L1));\n    |                           ^^^^^^^^^^^^^^^^^^^^ not found in `crate::platform::mem`\n\n","error[E0425]: cannot find value `rust_entry` in module `crate::platform`\n   --> modules/axhal/src/platform/aarch64_common/boot.rs:140:38\n    |\n140 |         entry = sym crate::platform::rust_entry,\n    |                                      ^^^^^^^^^^ not found in `crate::platform`\n\n"],"Clippy(Warn)":["warning: unused import: `PhysAddr`\n --> modules/axhal/src/platform/aarch64_common/boot.rs:3:23\n  |\n3 | use memory_addr::{pa, PhysAddr};\n  |                       ^^^^^^^^\n  |\n  = note: `#[warn(unused_imports)]` on by default\n\n"]}},{"file":"modules/axhal/src/platform/aarch64_common/psci.rs","count":2,"kinds":{"Clippy(Error)":["error[E0425]: cannot find value `PSCI_METHOD` in crate `axconfig`\n  --> modules/axhal/src/platform/aarch64_common/psci.rs:82:31\n   |\n82 |     let ret = match axconfig::PSCI_METHOD {\n   |                               ^^^^^^^^^^^ not found in `axconfig`\n\n","error[E0425]: cannot find value `PSCI_METHOD` in crate `axconfig`\n  --> modules/axhal/src/platform/aarch64_common/psci.rs:85:58\n   |\n85 |         _ => panic!(\"Unknown PSCI method: {}\", axconfig::PSCI_METHOD),\n   |                                                          ^^^^^^^^^^^ not found in `axconfig`\n\n"]}},{"file":"(virtual) clippy","count":1,"kinds":{"Cargo":["// pkg_name=axdriver, checker=Clippy\n// toolchain=nightly-2024-05-02, target=aarch64-unknown-none\n// pkg_dir=/home/runner/check/repos-default/arceos-org/arceos/modules/axdriver\n// cmd=cargo clippy --target aarch64-unknown-none --no-deps --message-format=json\n   Compiling proc-macro2 v1.0.86\n   Compiling unicode-ident v1.0.11\n   Compiling serde v1.0.204\n   Compiling hashbrown v0.14.0\n   Compiling equivalent v1.0.1\n   Compiling winnow v0.6.18\n   Compiling indexmap v2.0.0\n   Compiling toml_datetime v0.6.8\n   Compiling quote v1.0.36\n   Compiling syn v2.0.70\n   Compiling percpu v0.1.3\n   Compiling axdriver v0.1.0 (/home/runner/check/repos-default/arceos-org/arceos/modules/axdriver)\n   Compiling toml_edit v0.22.20\n   Compiling axconfig v0.1.0 (/home/runner/check/repos-default/arceos-org/arceos/modules/axconfig)\n   Compiling axhal v0.1.0 (/home/runner/check/repos-default/arceos-org/arceos/modules/axhal)\n   Compiling crate_interface v0.1.3\n   Compiling zerocopy-derive v0.7.35\n   Compiling linkme-impl v0.3.27\n   Compiling percpu_macros v0.1.2\n    Checking kernel_guard v0.1.1\n    Checking kspin v0.1.0\n    Checking axlog v0.1.0 (/home/runner/check/repos-default/arceos-org/arceos/modules/axlog)\n    Checking linkme v0.3.27\nerror: could not compile `axhal` (lib) due to 6 previous errors; 2 warnings emitted\nwarning: build failed, waiting for other jobs to finish...\n"]}},{"file":"(virtual) lockbud","count":1,"kinds":{"Cargo":["// pkg_name=axdriver, checker=Lockbud\n// toolchain=nightly-2024-05-02, target=aarch64-unknown-none\n// pkg_dir=/home/runner/check/repos-default/arceos-org/arceos/modules/axdriver\n// cmd=cargo +nightly-2024-05-21 lockbud -k all -- --target aarch64-unknown-none\n   Compiling proc-macro2 v1.0.86\n   Compiling unicode-ident v1.0.11\n   Compiling serde v1.0.204\n   Compiling hashbrown v0.14.0\n   Compiling equivalent v1.0.1\n   Compiling toml_datetime v0.6.8\n   Compiling winnow v0.6.18\n   Compiling indexmap v2.0.0\n   Compiling quote v1.0.36\n   Compiling percpu v0.1.3\n   Compiling syn v2.0.70\n   Compiling axdriver v0.1.0 (/home/runner/check/repos-default/arceos-org/arceos/modules/axdriver)\n   Compiling toml_edit v0.22.20\n   Compiling crate_interface v0.1.3\n   Compiling zerocopy-derive v0.7.35\n   Compiling linkme-impl v0.3.27\n   Compiling kernel_guard v0.1.1\n   Compiling kspin v0.1.0\n   Compiling percpu_macros v0.1.2\n   Compiling axconfig v0.1.0 (/home/runner/check/repos-default/arceos-org/arceos/modules/axconfig)\n   Compiling axhal v0.1.0 (/home/runner/check/repos-default/arceos-org/arceos/modules/axhal)\n   Compiling axlog v0.1.0 (/home/runner/check/repos-default/arceos-org/arceos/modules/axlog)\n   Compiling zerocopy v0.7.35\n   Compiling linkme v0.3.27\nerror[E0425]: cannot find function `init_boot_page_table` in module `crate::platform::mem`\n   --> modules/axhal/src/platform/aarch64_common/boot.rs:101:27\n    |\n101 |     crate::platform::mem::init_boot_page_table(addr_of_mut!(BOOT_PT_L0), addr_of_mut!(BOOT_PT_L1));\n    |                           ^^^^^^^^^^^^^^^^^^^^ not found in `crate::platform::mem`\n\nerror[E0425]: cannot find value `rust_entry` in module `crate::platform`\n   --> modules/axhal/src/platform/aarch64_common/boot.rs:140:38\n    |\n140 |         entry = sym crate::platform::rust_entry,\n    |                                      ^^^^^^^^^^ not found in `crate::platform`\n\nerror[E0425]: cannot find value `PSCI_METHOD` in crate `axconfig`\n  --> modules/axhal/src/platform/aarch64_common/psci.rs:82:31\n   |\n82 |     let ret = match axconfig::PSCI_METHOD {\n   |                               ^^^^^^^^^^^ not found in `axconfig`\n\nerror[E0425]: cannot find value `PSCI_METHOD` in crate `axconfig`\n  --> modules/axhal/src/platform/aarch64_common/psci.rs:85:58\n   |\n85 |         _ => panic!(\"Unknown PSCI method: {}\", axconfig::PSCI_METHOD),\n   |                                                          ^^^^^^^^^^^ not found in `axconfig`\n\nerror[E0425]: cannot find value `UART_PADDR` in crate `axconfig`\n --> modules/axhal/src/platform/aarch64_common/pl011.rs:9:43\n  |\n9 | const UART_BASE: PhysAddr = pa!(axconfig::UART_PADDR);\n  |                                           ^^^^^^^^^^ not found in `axconfig`\n\nwarning: unused import: `PhysAddr`\n --> modules/axhal/src/platform/aarch64_common/boot.rs:3:23\n  |\n3 | use memory_addr::{pa, PhysAddr};\n  |                       ^^^^^^^^\n  |\n  = note: `#[warn(unused_imports)]` on by default\n\nwarning: unused import: `VirtAddr`\n --> modules/axhal/src/arch/aarch64/trap.rs:4:23\n  |\n4 | use memory_addr::{va, VirtAddr};\n  |                       ^^^^^^^^\n\nFor more information about this error, try `rustc --explain E0425`.\nwarning: `axhal` (lib) generated 2 warnings\nerror: could not compile `axhal` (lib) due to 5 previous errors; 2 warnings emitted\nwarning: build failed, waiting for other jobs to finish...\n"]}},{"file":"modules/axhal/src/arch/aarch64/trap.rs","count":1,"kinds":{"Clippy(Warn)":["warning: unused import: `VirtAddr`\n --> modules/axhal/src/arch/aarch64/trap.rs:4:23\n  |\n4 | use memory_addr::{va, VirtAddr};\n  |                       ^^^^^^^^\n\n"]}},{"file":"modules/axhal/src/platform/aarch64_common/pl011.rs","count":1,"kinds":{"Clippy(Error)":["error[E0425]: cannot find value `UART_PADDR` in crate `axconfig`\n --> modules/axhal/src/platform/aarch64_common/pl011.rs:9:43\n  |\n9 | const UART_BASE: PhysAddr = pa!(axconfig::UART_PADDR);\n  |                                           ^^^^^^^^^^ not found in `axconfig`\n\n"]}}]},{"user":"arceos-org","repo":"arceos","pkg":"axfeat","count":9,"raw_reports":[{"file":"modules/axhal/src/platform/aarch64_common/boot.rs","count":3,"kinds":{"Clippy(Error)":["error[E0425]: cannot find function `init_boot_page_table` in module `crate::platform::mem`\n   --> modules/axhal/src/platform/aarch64_common/boot.rs:101:27\n    |\n101 |     crate::platform::mem::init_boot_page_table(addr_of_mut!(BOOT_PT_L0), addr_of_mut!(BOOT_PT_L1));\n    |                           ^^^^^^^^^^^^^^^^^^^^ not found in `crate::platform::mem`\n\n","error[E0425]: cannot find value `rust_entry` in module `crate::platform`\n   --> modules/axhal/src/platform/aarch64_common/boot.rs:140:38\n    |\n140 |         entry = sym crate::platform::rust_entry,\n    |                                      ^^^^^^^^^^ not found in `crate::platform`\n\n"],"Clippy(Warn)":["warning: unused import: `PhysAddr`\n --> modules/axhal/src/platform/aarch64_common/boot.rs:3:23\n  |\n3 | use memory_addr::{pa, PhysAddr};\n  |                       ^^^^^^^^\n  |\n  = note: `#[warn(unused_imports)]` on by default\n\n"]}},{"file":"modules/axhal/src/platform/aarch64_common/psci.rs","count":2,"kinds":{"Clippy(Error)":["error[E0425]: cannot find value `PSCI_METHOD` in crate `axconfig`\n  --> modules/axhal/src/platform/aarch64_common/psci.rs:82:31\n   |\n82 |     let ret = match axconfig::PSCI_METHOD {\n   |                               ^^^^^^^^^^^ not found in `axconfig`\n\n","error[E0425]: cannot find value `PSCI_METHOD` in crate `axconfig`\n  --> modules/axhal/src/platform/aarch64_common/psci.rs:85:58\n   |\n85 |         _ => panic!(\"Unknown PSCI method: {}\", axconfig::PSCI_METHOD),\n   |                                                          ^^^^^^^^^^^ not found in `axconfig`\n\n"]}},{"file":"(virtual) clippy","count":1,"kinds":{"Cargo":["// pkg_name=axfeat, checker=Clippy\n// toolchain=nightly-2024-05-02, target=aarch64-unknown-none\n// pkg_dir=/home/runner/check/repos-default/arceos-org/arceos/api/axfeat\n// cmd=cargo clippy --target aarch64-unknown-none --no-deps --message-format=json\n   Compiling proc-macro2 v1.0.86\n   Compiling unicode-ident v1.0.11\n   Compiling hashbrown v0.14.0\n   Compiling equivalent v1.0.1\n   Compiling serde v1.0.204\n   Compiling winnow v0.6.18\n   Compiling toml_datetime v0.6.8\n   Compiling indexmap v2.0.0\n   Compiling quote v1.0.36\n   Compiling syn v2.0.70\n   Compiling autocfg v1.1.0\n   Compiling toml_edit v0.22.20\n   Compiling num-traits v0.2.16\n   Compiling percpu v0.1.3\n    Checking chrono v0.4.38\n   Compiling axconfig v0.1.0 (/home/runner/check/repos-default/arceos-org/arceos/modules/axconfig)\n   Compiling crate_interface v0.1.3\n   Compiling linkme-impl v0.3.27\n   Compiling percpu_macros v0.1.2\n   Compiling axhal v0.1.0 (/home/runner/check/repos-default/arceos-org/arceos/modules/axhal)\n    Checking kernel_guard v0.1.1\n    Checking kspin v0.1.0\n    Checking axlog v0.1.0 (/home/runner/check/repos-default/arceos-org/arceos/modules/axlog)\n    Checking linkme v0.3.27\nerror: could not compile `axhal` (lib) due to 6 previous errors; 2 warnings emitted\n"]}},{"file":"(virtual) lockbud","count":1,"kinds":{"Cargo":["// pkg_name=axfeat, checker=Lockbud\n// toolchain=nightly-2024-05-02, target=aarch64-unknown-none\n// pkg_dir=/home/runner/check/repos-default/arceos-org/arceos/api/axfeat\n// cmd=cargo +nightly-2024-05-21 lockbud -k all -- --target aarch64-unknown-none\n   Compiling proc-macro2 v1.0.86\n   Compiling unicode-ident v1.0.11\n   Compiling equivalent v1.0.1\n   Compiling serde v1.0.204\n   Compiling hashbrown v0.14.0\n   Compiling toml_datetime v0.6.8\n   Compiling winnow v0.6.18\n   Compiling indexmap v2.0.0\n   Compiling quote v1.0.36\n   Compiling autocfg v1.1.0\n   Compiling syn v2.0.70\n   Compiling num-traits v0.2.16\n   Compiling percpu v0.1.3\n   Compiling toml_edit v0.22.20\n   Compiling chrono v0.4.38\n   Compiling axconfig v0.1.0 (/home/runner/check/repos-default/arceos-org/arceos/modules/axconfig)\n   Compiling crate_interface v0.1.3\n   Compiling percpu_macros v0.1.2\n   Compiling linkme-impl v0.3.27\n   Compiling axhal v0.1.0 (/home/runner/check/repos-default/arceos-org/arceos/modules/axhal)\n   Compiling kernel_guard v0.1.1\n   Compiling kspin v0.1.0\n   Compiling axlog v0.1.0 (/home/runner/check/repos-default/arceos-org/arceos/modules/axlog)\n   Compiling linkme v0.3.27\nerror[E0425]: cannot find function `init_boot_page_table` in module `crate::platform::mem`\n   --> modules/axhal/src/platform/aarch64_common/boot.rs:101:27\n    |\n101 |     crate::platform::mem::init_boot_page_table(addr_of_mut!(BOOT_PT_L0), addr_of_mut!(BOOT_PT_L1));\n    |                           ^^^^^^^^^^^^^^^^^^^^ not found in `crate::platform::mem`\n\nerror[E0425]: cannot find value `rust_entry` in module `crate::platform`\n   --> modules/axhal/src/platform/aarch64_common/boot.rs:140:38\n    |\n140 |         entry = sym crate::platform::rust_entry,\n    |                                      ^^^^^^^^^^ not found in `crate::platform`\n\nerror[E0425]: cannot find value `PSCI_METHOD` in crate `axconfig`\n  --> modules/axhal/src/platform/aarch64_common/psci.rs:82:31\n   |\n82 |     let ret = match axconfig::PSCI_METHOD {\n   |                               ^^^^^^^^^^^ not found in `axconfig`\n\nerror[E0425]: cannot find value `PSCI_METHOD` in crate `axconfig`\n  --> modules/axhal/src/platform/aarch64_common/psci.rs:85:58\n   |\n85 |         _ => panic!(\"Unknown PSCI method: {}\", axconfig::PSCI_METHOD),\n   |                                                          ^^^^^^^^^^^ not found in `axconfig`\n\nerror[E0425]: cannot find value `UART_PADDR` in crate `axconfig`\n --> modules/axhal/src/platform/aarch64_common/pl011.rs:9:43\n  |\n9 | const UART_BASE: PhysAddr = pa!(axconfig::UART_PADDR);\n  |                                           ^^^^^^^^^^ not found in `axconfig`\n\nwarning: unused import: `PhysAddr`\n --> modules/axhal/src/platform/aarch64_common/boot.rs:3:23\n  |\n3 | use memory_addr::{pa, PhysAddr};\n  |                       ^^^^^^^^\n  |\n  = note: `#[warn(unused_imports)]` on by default\n\nwarning: unused import: `VirtAddr`\n --> modules/axhal/src/arch/aarch64/trap.rs:4:23\n  |\n4 | use memory_addr::{va, VirtAddr};\n  |                       ^^^^^^^^\n\nFor more information about this error, try `rustc --explain E0425`.\nwarning: `axhal` (lib) generated 2 warnings\nerror: could not compile `axhal` (lib) due to 5 previous errors; 2 warnings emitted\n"]}},{"file":"modules/axhal/src/arch/aarch64/trap.rs","count":1,"kinds":{"Clippy(Warn)":["warning: unused import: `VirtAddr`\n --> modules/axhal/src/arch/aarch64/trap.rs:4:23\n  |\n4 | use memory_addr::{va, VirtAddr};\n  |                       ^^^^^^^^\n\n"]}},{"file":"modules/axhal/src/platform/aarch64_common/pl011.rs","count":1,"kinds":{"Clippy(Error)":["error[E0425]: cannot find value `UART_PADDR` in crate `axconfig`\n --> modules/axhal/src/platform/aarch64_common/pl011.rs:9:43\n  |\n9 | const UART_BASE: PhysAddr = pa!(axconfig::UART_PADDR);\n  |                                           ^^^^^^^^^^ not found in `axconfig`\n\n"]}}]},{"user":"arceos-org","repo":"arceos","pkg":"axfs","count":9,"raw_reports":[{"file":"modules/axhal/src/platform/aarch64_common/boot.rs","count":3,"kinds":{"Clippy(Error)":["error[E0425]: cannot find function `init_boot_page_table` in module `crate::platform::mem`\n   --> modules/axhal/src/platform/aarch64_common/boot.rs:101:27\n    |\n101 |     crate::platform::mem::init_boot_page_table(addr_of_mut!(BOOT_PT_L0), addr_of_mut!(BOOT_PT_L1));\n    |                           ^^^^^^^^^^^^^^^^^^^^ not found in `crate::platform::mem`\n\n","error[E0425]: cannot find value `rust_entry` in module `crate::platform`\n   --> modules/axhal/src/platform/aarch64_common/boot.rs:140:38\n    |\n140 |         entry = sym crate::platform::rust_entry,\n    |                                      ^^^^^^^^^^ not found in `crate::platform`\n\n"],"Clippy(Warn)":["warning: unused import: `PhysAddr`\n --> modules/axhal/src/platform/aarch64_common/boot.rs:3:23\n  |\n3 | use memory_addr::{pa, PhysAddr};\n  |                       ^^^^^^^^\n  |\n  = note: `#[warn(unused_imports)]` on by default\n\n"]}},{"file":"modules/axhal/src/platform/aarch64_common/psci.rs","count":2,"kinds":{"Clippy(Error)":["error[E0425]: cannot find value `PSCI_METHOD` in crate `axconfig`\n  --> modules/axhal/src/platform/aarch64_common/psci.rs:82:31\n   |\n82 |     let ret = match axconfig::PSCI_METHOD {\n   |                               ^^^^^^^^^^^ not found in `axconfig`\n\n","error[E0425]: cannot find value `PSCI_METHOD` in crate `axconfig`\n  --> modules/axhal/src/platform/aarch64_common/psci.rs:85:58\n   |\n85 |         _ => panic!(\"Unknown PSCI method: {}\", axconfig::PSCI_METHOD),\n   |                                                          ^^^^^^^^^^^ not found in `axconfig`\n\n"]}},{"file":"(virtual) clippy","count":1,"kinds":{"Cargo":["// pkg_name=axfs, checker=Clippy\n// toolchain=nightly-2024-05-02, target=aarch64-unknown-none\n// pkg_dir=/home/runner/check/repos-default/arceos-org/arceos/modules/axfs\n// cmd=cargo clippy --target aarch64-unknown-none --no-deps --message-format=json\n Downloading crates ...\n  Downloaded timer_list v0.1.0\n  Downloaded axfs_vfs v0.1.1\n  Downloaded axfs_devfs v0.1.1\n  Downloaded axfs_ramfs v0.1.1\n  Downloaded cap_access v0.1.0\n   Compiling proc-macro2 v1.0.86\n   Compiling unicode-ident v1.0.11\n   Compiling equivalent v1.0.1\n   Compiling hashbrown v0.14.0\n   Compiling serde v1.0.204\n   Compiling winnow v0.6.18\n   Compiling toml_datetime v0.6.8\n   Compiling indexmap v2.0.0\n   Compiling quote v1.0.36\n   Compiling syn v2.0.70\n   Compiling percpu v0.1.3\n   Compiling axerrno v0.1.0\n   Compiling toml_edit v0.22.20\n   Compiling autocfg v1.1.0\n   Compiling lock_api v0.4.10\n    Checking scopeguard v1.2.0\n    Checking spin v0.9.8\n    Checking axfs_vfs v0.1.1\n   Compiling axdriver v0.1.0 (/home/runner/check/repos-default/arceos-org/arceos/modules/axdriver)\n    Checking axdriver_block v0.1.0 (https://github.com/arceos-org/axdriver_crates.git?tag=v0.1.0#78686a7e)\n    Checking axfs_devfs v0.1.1\n    Checking axfs_ramfs v0.1.1\n    Checking axio v0.1.0\n    Checking fatfs v0.4.0 (https://github.com/rafalh/rust-fatfs?rev=85f06e0#85f06e08)\n    Checking cap_access v0.1.0\n   Compiling axconfig v0.1.0 (/home/runner/check/repos-default/arceos-org/arceos/modules/axconfig)\n   Compiling crate_interface v0.1.3\n   Compiling percpu_macros v0.1.2\n   Compiling linkme-impl v0.3.27\n   Compiling axhal v0.1.0 (/home/runner/check/repos-default/arceos-org/arceos/modules/axhal)\n   Compiling zerocopy-derive v0.7.35\n    Checking kernel_guard v0.1.1\n    Checking kspin v0.1.0\n    Checking axlog v0.1.0 (/home/runner/check/repos-default/arceos-org/arceos/modules/axlog)\n    Checking linkme v0.3.27\nerror: could not compile `axhal` (lib) due to 6 previous errors; 2 warnings emitted\nwarning: build failed, waiting for other jobs to finish...\n"]}},{"file":"(virtual) lockbud","count":1,"kinds":{"Cargo":["// pkg_name=axfs, checker=Lockbud\n// toolchain=nightly-2024-05-02, target=aarch64-unknown-none\n// pkg_dir=/home/runner/check/repos-default/arceos-org/arceos/modules/axfs\n// cmd=cargo +nightly-2024-05-21 lockbud -k all -- --target aarch64-unknown-none\n   Compiling proc-macro2 v1.0.86\n   Compiling unicode-ident v1.0.11\n   Compiling equivalent v1.0.1\n   Compiling serde v1.0.204\n   Compiling hashbrown v0.14.0\n   Compiling winnow v0.6.18\n   Compiling toml_datetime v0.6.8\n   Compiling indexmap v2.0.0\n   Compiling quote v1.0.36\n   Compiling autocfg v1.1.0\n   Compiling syn v2.0.70\n   Compiling axerrno v0.1.0\n   Compiling toml_edit v0.22.20\n   Compiling percpu v0.1.3\n   Compiling lock_api v0.4.10\n   Compiling scopeguard v1.2.0\n   Compiling spin v0.9.8\n   Compiling axfs_vfs v0.1.1\n   Compiling axdriver v0.1.0 (/home/runner/check/repos-default/arceos-org/arceos/modules/axdriver)\n   Compiling axdriver_block v0.1.0 (https://github.com/arceos-org/axdriver_crates.git?tag=v0.1.0#78686a7e)\n   Compiling axfs_ramfs v0.1.1\n   Compiling axfs_devfs v0.1.1\n   Compiling axio v0.1.0\n   Compiling fatfs v0.4.0 (https://github.com/rafalh/rust-fatfs?rev=85f06e0#85f06e08)\n   Compiling cap_access v0.1.0\n   Compiling axconfig v0.1.0 (/home/runner/check/repos-default/arceos-org/arceos/modules/axconfig)\n   Compiling crate_interface v0.1.3\n   Compiling percpu_macros v0.1.2\n   Compiling linkme-impl v0.3.27\n   Compiling axhal v0.1.0 (/home/runner/check/repos-default/arceos-org/arceos/modules/axhal)\n   Compiling kernel_guard v0.1.1\n   Compiling kspin v0.1.0\n   Compiling axlog v0.1.0 (/home/runner/check/repos-default/arceos-org/arceos/modules/axlog)\n   Compiling zerocopy-derive v0.7.35\n   Compiling linkme v0.3.27\nerror[E0425]: cannot find function `init_boot_page_table` in module `crate::platform::mem`\n   --> modules/axhal/src/platform/aarch64_common/boot.rs:101:27\n    |\n101 |     crate::platform::mem::init_boot_page_table(addr_of_mut!(BOOT_PT_L0), addr_of_mut!(BOOT_PT_L1));\n    |                           ^^^^^^^^^^^^^^^^^^^^ not found in `crate::platform::mem`\n\nerror[E0425]: cannot find value `rust_entry` in module `crate::platform`\n   --> modules/axhal/src/platform/aarch64_common/boot.rs:140:38\n    |\n140 |         entry = sym crate::platform::rust_entry,\n    |                                      ^^^^^^^^^^ not found in `crate::platform`\n\nerror[E0425]: cannot find value `PSCI_METHOD` in crate `axconfig`\n  --> modules/axhal/src/platform/aarch64_common/psci.rs:82:31\n   |\n82 |     let ret = match axconfig::PSCI_METHOD {\n   |                               ^^^^^^^^^^^ not found in `axconfig`\n\nerror[E0425]: cannot find value `PSCI_METHOD` in crate `axconfig`\n  --> modules/axhal/src/platform/aarch64_common/psci.rs:85:58\n   |\n85 |         _ => panic!(\"Unknown PSCI method: {}\", axconfig::PSCI_METHOD),\n   |                                                          ^^^^^^^^^^^ not found in `axconfig`\n\nerror[E0425]: cannot find value `UART_PADDR` in crate `axconfig`\n --> modules/axhal/src/platform/aarch64_common/pl011.rs:9:43\n  |\n9 | const UART_BASE: PhysAddr = pa!(axconfig::UART_PADDR);\n  |                                           ^^^^^^^^^^ not found in `axconfig`\n\nwarning: unused import: `PhysAddr`\n --> modules/axhal/src/platform/aarch64_common/boot.rs:3:23\n  |\n3 | use memory_addr::{pa, PhysAddr};\n  |                       ^^^^^^^^\n  |\n  = note: `#[warn(unused_imports)]` on by default\n\nwarning: unused import: `VirtAddr`\n --> modules/axhal/src/arch/aarch64/trap.rs:4:23\n  |\n4 | use memory_addr::{va, VirtAddr};\n  |                       ^^^^^^^^\n\nFor more information about this error, try `rustc --explain E0425`.\nwarning: `axhal` (lib) generated 2 warnings\nerror: could not compile `axhal` (lib) due to 5 previous errors; 2 warnings emitted\nwarning: build failed, waiting for other jobs to finish...\n"]}},{"file":"modules/axhal/src/arch/aarch64/trap.rs","count":1,"kinds":{"Clippy(Warn)":["warning: unused import: `VirtAddr`\n --> modules/axhal/src/arch/aarch64/trap.rs:4:23\n  |\n4 | use memory_addr::{va, VirtAddr};\n  |                       ^^^^^^^^\n\n"]}},{"file":"modules/axhal/src/platform/aarch64_common/pl011.rs","count":1,"kinds":{"Clippy(Error)":["error[E0425]: cannot find value `UART_PADDR` in crate `axconfig`\n --> modules/axhal/src/platform/aarch64_common/pl011.rs:9:43\n  |\n9 | const UART_BASE: PhysAddr = pa!(axconfig::UART_PADDR);\n  |                                           ^^^^^^^^^^ not found in `axconfig`\n\n"]}}]},{"user":"arceos-org","repo":"arceos","pkg":"axhal","count":9,"raw_reports":[{"file":"modules/axhal/src/platform/aarch64_common/boot.rs","count":3,"kinds":{"Clippy(Error)":["error[E0425]: cannot find function `init_boot_page_table` in module `crate::platform::mem`\n   --> modules/axhal/src/platform/aarch64_common/boot.rs:101:27\n    |\n101 |     crate::platform::mem::init_boot_page_table(addr_of_mut!(BOOT_PT_L0), addr_of_mut!(BOOT_PT_L1));\n    |                           ^^^^^^^^^^^^^^^^^^^^ not found in `crate::platform::mem`\n\n","error[E0425]: cannot find value `rust_entry` in module `crate::platform`\n   --> modules/axhal/src/platform/aarch64_common/boot.rs:140:38\n    |\n140 |         entry = sym crate::platform::rust_entry,\n    |                                      ^^^^^^^^^^ not found in `crate::platform`\n\n"],"Clippy(Warn)":["warning: unused import: `PhysAddr`\n --> modules/axhal/src/platform/aarch64_common/boot.rs:3:23\n  |\n3 | use memory_addr::{pa, PhysAddr};\n  |                       ^^^^^^^^\n  |\n  = note: `#[warn(unused_imports)]` on by default\n\n"]}},{"file":"modules/axhal/src/platform/aarch64_common/psci.rs","count":2,"kinds":{"Clippy(Error)":["error[E0425]: cannot find value `PSCI_METHOD` in crate `axconfig`\n  --> modules/axhal/src/platform/aarch64_common/psci.rs:82:31\n   |\n82 |     let ret = match axconfig::PSCI_METHOD {\n   |                               ^^^^^^^^^^^ not found in `axconfig`\n\n","error[E0425]: cannot find value `PSCI_METHOD` in crate `axconfig`\n  --> modules/axhal/src/platform/aarch64_common/psci.rs:85:58\n   |\n85 |         _ => panic!(\"Unknown PSCI method: {}\", axconfig::PSCI_METHOD),\n   |                                                          ^^^^^^^^^^^ not found in `axconfig`\n\n"]}},{"file":"(virtual) clippy","count":1,"kinds":{"Cargo":["// pkg_name=axhal, checker=Clippy\n// toolchain=nightly-2024-05-02, target=aarch64-unknown-none\n// pkg_dir=/home/runner/check/repos-default/arceos-org/arceos/modules/axhal\n// cmd=cargo clippy --target aarch64-unknown-none --no-deps --message-format=json\n   Compiling proc-macro2 v1.0.86\n   Compiling unicode-ident v1.0.11\n   Compiling serde v1.0.204\n   Compiling equivalent v1.0.1\n   Compiling hashbrown v0.14.0\n   Compiling toml_datetime v0.6.8\n   Compiling winnow v0.6.18\n   Compiling indexmap v2.0.0\n   Compiling quote v1.0.36\n   Compiling syn v2.0.70\n   Compiling percpu v0.1.3\n   Compiling toml_edit v0.22.20\n   Compiling axconfig v0.1.0 (/home/runner/check/repos-default/arceos-org/arceos/modules/axconfig)\n   Compiling axhal v0.1.0 (/home/runner/check/repos-default/arceos-org/arceos/modules/axhal)\n   Compiling crate_interface v0.1.3\n   Compiling percpu_macros v0.1.2\n   Compiling linkme-impl v0.3.27\n    Checking kernel_guard v0.1.1\n    Checking kspin v0.1.0\n    Checking axlog v0.1.0 (/home/runner/check/repos-default/arceos-org/arceos/modules/axlog)\n    Checking linkme v0.3.27\nerror: could not compile `axhal` (lib) due to 6 previous errors; 2 warnings emitted\n"]}},{"file":"(virtual) lockbud","count":1,"kinds":{"Cargo":["// pkg_name=axhal, checker=Lockbud\n// toolchain=nightly-2024-05-02, target=aarch64-unknown-none\n// pkg_dir=/home/runner/check/repos-default/arceos-org/arceos/modules/axhal\n// cmd=cargo +nightly-2024-05-21 lockbud -k all -- --target aarch64-unknown-none\n   Compiling proc-macro2 v1.0.86\n   Compiling unicode-ident v1.0.11\n   Compiling hashbrown v0.14.0\n   Compiling equivalent v1.0.1\n   Compiling serde v1.0.204\n   Compiling toml_datetime v0.6.8\n   Compiling winnow v0.6.18\n   Compiling indexmap v2.0.0\n   Compiling quote v1.0.36\n   Compiling percpu v0.1.3\n   Compiling syn v2.0.70\n   Compiling toml_edit v0.22.20\n   Compiling crate_interface v0.1.3\n   Compiling percpu_macros v0.1.2\n   Compiling linkme-impl v0.3.27\n   Compiling axconfig v0.1.0 (/home/runner/check/repos-default/arceos-org/arceos/modules/axconfig)\n   Compiling axhal v0.1.0 (/home/runner/check/repos-default/arceos-org/arceos/modules/axhal)\n   Compiling kernel_guard v0.1.1\n   Compiling kspin v0.1.0\n   Compiling axlog v0.1.0 (/home/runner/check/repos-default/arceos-org/arceos/modules/axlog)\n   Compiling linkme v0.3.27\nerror[E0425]: cannot find function `init_boot_page_table` in module `crate::platform::mem`\n   --> modules/axhal/src/platform/aarch64_common/boot.rs:101:27\n    |\n101 |     crate::platform::mem::init_boot_page_table(addr_of_mut!(BOOT_PT_L0), addr_of_mut!(BOOT_PT_L1));\n    |                           ^^^^^^^^^^^^^^^^^^^^ not found in `crate::platform::mem`\n\nerror[E0425]: cannot find value `rust_entry` in module `crate::platform`\n   --> modules/axhal/src/platform/aarch64_common/boot.rs:140:38\n    |\n140 |         entry = sym crate::platform::rust_entry,\n    |                                      ^^^^^^^^^^ not found in `crate::platform`\n\nerror[E0425]: cannot find value `PSCI_METHOD` in crate `axconfig`\n  --> modules/axhal/src/platform/aarch64_common/psci.rs:82:31\n   |\n82 |     let ret = match axconfig::PSCI_METHOD {\n   |                               ^^^^^^^^^^^ not found in `axconfig`\n\nerror[E0425]: cannot find value `PSCI_METHOD` in crate `axconfig`\n  --> modules/axhal/src/platform/aarch64_common/psci.rs:85:58\n   |\n85 |         _ => panic!(\"Unknown PSCI method: {}\", axconfig::PSCI_METHOD),\n   |                                                          ^^^^^^^^^^^ not found in `axconfig`\n\nerror[E0425]: cannot find value `UART_PADDR` in crate `axconfig`\n --> modules/axhal/src/platform/aarch64_common/pl011.rs:9:43\n  |\n9 | const UART_BASE: PhysAddr = pa!(axconfig::UART_PADDR);\n  |                                           ^^^^^^^^^^ not found in `axconfig`\n\nwarning: unused import: `PhysAddr`\n --> modules/axhal/src/platform/aarch64_common/boot.rs:3:23\n  |\n3 | use memory_addr::{pa, PhysAddr};\n  |                       ^^^^^^^^\n  |\n  = note: `#[warn(unused_imports)]` on by default\n\nwarning: unused import: `VirtAddr`\n --> modules/axhal/src/arch/aarch64/trap.rs:4:23\n  |\n4 | use memory_addr::{va, VirtAddr};\n  |                       ^^^^^^^^\n\nFor more information about this error, try `rustc --explain E0425`.\nwarning: `axhal` (lib) generated 2 warnings\nerror: could not compile `axhal` (lib) due to 5 previous errors; 2 warnings emitted\n"]}},{"file":"modules/axhal/src/arch/aarch64/trap.rs","count":1,"kinds":{"Clippy(Warn)":["warning: unused import: `VirtAddr`\n --> modules/axhal/src/arch/aarch64/trap.rs:4:23\n  |\n4 | use memory_addr::{va, VirtAddr};\n  |                       ^^^^^^^^\n\n"]}},{"file":"modules/axhal/src/platform/aarch64_common/pl011.rs","count":1,"kinds":{"Clippy(Error)":["error[E0425]: cannot find value `UART_PADDR` in crate `axconfig`\n --> modules/axhal/src/platform/aarch64_common/pl011.rs:9:43\n  |\n9 | const UART_BASE: PhysAddr = pa!(axconfig::UART_PADDR);\n  |                                           ^^^^^^^^^^ not found in `axconfig`\n\n"]}}]},{"user":"arceos-org","repo":"arceos","pkg":"axlibc","count":9,"raw_reports":[{"file":"modules/axhal/src/platform/aarch64_common/boot.rs","count":3,"kinds":{"Clippy(Warn)":["warning: unused import: `PhysAddr`\n --> modules/axhal/src/platform/aarch64_common/boot.rs:3:23\n  |\n3 | use memory_addr::{pa, PhysAddr};\n  |                       ^^^^^^^^\n  |\n  = note: `#[warn(unused_imports)]` on by default\n\n"],"Clippy(Error)":["error[E0425]: cannot find function `init_boot_page_table` in module `crate::platform::mem`\n   --> modules/axhal/src/platform/aarch64_common/boot.rs:101:27\n    |\n101 |     crate::platform::mem::init_boot_page_table(addr_of_mut!(BOOT_PT_L0), addr_of_mut!(BOOT_PT_L1));\n    |                           ^^^^^^^^^^^^^^^^^^^^ not found in `crate::platform::mem`\n\n","error[E0425]: cannot find value `rust_entry` in module `crate::platform`\n   --> modules/axhal/src/platform/aarch64_common/boot.rs:140:38\n    |\n140 |         entry = sym crate::platform::rust_entry,\n    |                                      ^^^^^^^^^^ not found in `crate::platform`\n\n"]}},{"file":"modules/axhal/src/platform/aarch64_common/psci.rs","count":2,"kinds":{"Clippy(Error)":["error[E0425]: cannot find value `PSCI_METHOD` in crate `axconfig`\n  --> modules/axhal/src/platform/aarch64_common/psci.rs:82:31\n   |\n82 |     let ret = match axconfig::PSCI_METHOD {\n   |                               ^^^^^^^^^^^ not found in `axconfig`\n\n","error[E0425]: cannot find value `PSCI_METHOD` in crate `axconfig`\n  --> modules/axhal/src/platform/aarch64_common/psci.rs:85:58\n   |\n85 |         _ => panic!(\"Unknown PSCI method: {}\", axconfig::PSCI_METHOD),\n   |                                                          ^^^^^^^^^^^ not found in `axconfig`\n\n"]}},{"file":"(virtual) clippy","count":1,"kinds":{"Cargo":["// pkg_name=axlibc, checker=Clippy\n// toolchain=nightly-2024-05-02, target=aarch64-unknown-none\n// pkg_dir=/home/runner/check/repos-default/arceos-org/arceos/ulib/axlibc\n// cmd=cargo clippy --target aarch64-unknown-none --no-deps --message-format=json\n   Compiling proc-macro2 v1.0.86\n   Compiling unicode-ident v1.0.11\n   Compiling serde v1.0.204\n   Compiling hashbrown v0.14.0\n   Compiling equivalent v1.0.1\n   Compiling toml_datetime v0.6.8\n   Compiling winnow v0.6.18\n   Compiling indexmap v2.0.0\n   Compiling quote v1.0.36\n   Compiling syn v2.0.70\n   Compiling autocfg v1.1.0\n   Compiling glob v0.3.1\n   Compiling toml_edit v0.22.20\n   Compiling libc v0.2.147\n   Compiling memchr v2.5.0\n   Compiling clang-sys v1.6.1\n   Compiling prettyplease v0.2.12\n   Compiling cfg-if v1.0.0\n   Compiling minimal-lexical v0.2.1\n   Compiling regex-syntax v0.7.4\n   Compiling either v1.9.0\n   Compiling percpu v0.1.3\n   Compiling nom v7.1.3\n   Compiling regex-automata v0.3.6\n   Compiling axconfig v0.1.0 (/home/runner/check/repos-default/arceos-org/arceos/modules/axconfig)\n   Compiling libloading v0.7.4\n   Compiling bindgen v0.69.4\n   Compiling axhal v0.1.0 (/home/runner/check/repos-default/arceos-org/arceos/modules/axhal)\n   Compiling cexpr v0.6.0\n   Compiling crate_interface v0.1.3\n   Compiling percpu_macros v0.1.2\n    Checking kernel_guard v0.1.1\n    Checking kspin v0.1.0\n   Compiling linkme-impl v0.3.27\n    Checking axlog v0.1.0 (/home/runner/check/repos-default/arceos-org/arceos/modules/axlog)\n   Compiling regex v1.9.3\n   Compiling which v4.4.0\n   Compiling itertools v0.10.5\n    Checking linkme v0.3.27\n   Compiling num-traits v0.2.16\n   Compiling lazy_static v1.5.0\n   Compiling log v0.4.21\n   Compiling shlex v1.1.0\n   Compiling lazycell v1.3.0\n   Compiling rustc-hash v1.1.0\n   Compiling bitflags v2.6.0\nerror: could not compile `axhal` (lib) due to 6 previous errors; 2 warnings emitted\nwarning: build failed, waiting for other jobs to finish...\n"]}},{"file":"(virtual) lockbud","count":1,"kinds":{"Cargo":["// pkg_name=axlibc, checker=Lockbud\n// toolchain=nightly-2024-05-02, target=aarch64-unknown-none\n// pkg_dir=/home/runner/check/repos-default/arceos-org/arceos/ulib/axlibc\n// cmd=cargo +nightly-2024-05-21 lockbud -k all -- --target aarch64-unknown-none\n   Compiling proc-macro2 v1.0.86\n   Compiling unicode-ident v1.0.11\n   Compiling hashbrown v0.14.0\n   Compiling serde v1.0.204\n   Compiling equivalent v1.0.1\n   Compiling winnow v0.6.18\n   Compiling toml_datetime v0.6.8\n   Compiling indexmap v2.0.0\n   Compiling quote v1.0.36\n   Compiling autocfg v1.1.0\n   Compiling syn v2.0.70\n   Compiling memchr v2.5.0\n   Compiling toml_edit v0.22.20\n   Compiling glob v0.3.1\n   Compiling libc v0.2.147\n   Compiling clang-sys v1.6.1\n   Compiling prettyplease v0.2.12\n   Compiling minimal-lexical v0.2.1\n   Compiling percpu v0.1.3\n   Compiling cfg-if v1.0.0\n   Compiling either v1.9.0\n   Compiling regex-syntax v0.7.4\n   Compiling libloading v0.7.4\n   Compiling nom v7.1.3\n   Compiling regex-automata v0.3.6\n   Compiling axconfig v0.1.0 (/home/runner/check/repos-default/arceos-org/arceos/modules/axconfig)\n   Compiling axhal v0.1.0 (/home/runner/check/repos-default/arceos-org/arceos/modules/axhal)\n   Compiling bindgen v0.69.4\n   Compiling cexpr v0.6.0\n   Compiling regex v1.9.3\n   Compiling itertools v0.10.5\n   Compiling crate_interface v0.1.3\n   Compiling kernel_guard v0.1.1\n   Compiling kspin v0.1.0\n   Compiling linkme-impl v0.3.27\n   Compiling percpu_macros v0.1.2\n   Compiling axlog v0.1.0 (/home/runner/check/repos-default/arceos-org/arceos/modules/axlog)\n   Compiling which v4.4.0\n   Compiling num-traits v0.2.16\n   Compiling rustc-hash v1.1.0\n   Compiling shlex v1.1.0\n   Compiling lazy_static v1.5.0\n   Compiling bitflags v2.6.0\n   Compiling log v0.4.21\n   Compiling linkme v0.3.27\n   Compiling lazycell v1.3.0\n   Compiling lock_api v0.4.10\nerror[E0425]: cannot find function `init_boot_page_table` in module `crate::platform::mem`\n   --> modules/axhal/src/platform/aarch64_common/boot.rs:101:27\n    |\n101 |     crate::platform::mem::init_boot_page_table(addr_of_mut!(BOOT_PT_L0), addr_of_mut!(BOOT_PT_L1));\n    |                           ^^^^^^^^^^^^^^^^^^^^ not found in `crate::platform::mem`\n\nerror[E0425]: cannot find value `rust_entry` in module `crate::platform`\n   --> modules/axhal/src/platform/aarch64_common/boot.rs:140:38\n    |\n140 |         entry = sym crate::platform::rust_entry,\n    |                                      ^^^^^^^^^^ not found in `crate::platform`\n\nerror[E0425]: cannot find value `PSCI_METHOD` in crate `axconfig`\n  --> modules/axhal/src/platform/aarch64_common/psci.rs:82:31\n   |\n82 |     let ret = match axconfig::PSCI_METHOD {\n   |                               ^^^^^^^^^^^ not found in `axconfig`\n\nerror[E0425]: cannot find value `PSCI_METHOD` in crate `axconfig`\n  --> modules/axhal/src/platform/aarch64_common/psci.rs:85:58\n   |\n85 |         _ => panic!(\"Unknown PSCI method: {}\", axconfig::PSCI_METHOD),\n   |                                                          ^^^^^^^^^^^ not found in `axconfig`\n\nerror[E0425]: cannot find value `UART_PADDR` in crate `axconfig`\n --> modules/axhal/src/platform/aarch64_common/pl011.rs:9:43\n  |\n9 | const UART_BASE: PhysAddr = pa!(axconfig::UART_PADDR);\n  |                                           ^^^^^^^^^^ not found in `axconfig`\n\nwarning: unused import: `PhysAddr`\n --> modules/axhal/src/platform/aarch64_common/boot.rs:3:23\n  |\n3 | use memory_addr::{pa, PhysAddr};\n  |                       ^^^^^^^^\n  |\n  = note: `#[warn(unused_imports)]` on by default\n\nwarning: unused import: `VirtAddr`\n --> modules/axhal/src/arch/aarch64/trap.rs:4:23\n  |\n4 | use memory_addr::{va, VirtAddr};\n  |                       ^^^^^^^^\n\nFor more information about this error, try `rustc --explain E0425`.\nwarning: `axhal` (lib) generated 2 warnings\nerror: could not compile `axhal` (lib) due to 5 previous errors; 2 warnings emitted\nwarning: build failed, waiting for other jobs to finish...\n"]}},{"file":"modules/axhal/src/arch/aarch64/trap.rs","count":1,"kinds":{"Clippy(Warn)":["warning: unused import: `VirtAddr`\n --> modules/axhal/src/arch/aarch64/trap.rs:4:23\n  |\n4 | use memory_addr::{va, VirtAddr};\n  |                       ^^^^^^^^\n\n"]}},{"file":"modules/axhal/src/platform/aarch64_common/pl011.rs","count":1,"kinds":{"Clippy(Error)":["error[E0425]: cannot find value `UART_PADDR` in crate `axconfig`\n --> modules/axhal/src/platform/aarch64_common/pl011.rs:9:43\n  |\n9 | const UART_BASE: PhysAddr = pa!(axconfig::UART_PADDR);\n  |                                           ^^^^^^^^^^ not found in `axconfig`\n\n"]}}]},{"user":"arceos-org","repo":"arceos","pkg":"axmm","count":9,"raw_reports":[{"file":"modules/axhal/src/platform/aarch64_common/boot.rs","count":3,"kinds":{"Clippy(Error)":["error[E0425]: cannot find function `init_boot_page_table` in module `crate::platform::mem`\n   --> modules/axhal/src/platform/aarch64_common/boot.rs:101:27\n    |\n101 |     crate::platform::mem::init_boot_page_table(addr_of_mut!(BOOT_PT_L0), addr_of_mut!(BOOT_PT_L1));\n    |                           ^^^^^^^^^^^^^^^^^^^^ not found in `crate::platform::mem`\n\n","error[E0425]: cannot find value `rust_entry` in module `crate::platform`\n   --> modules/axhal/src/platform/aarch64_common/boot.rs:140:38\n    |\n140 |         entry = sym crate::platform::rust_entry,\n    |                                      ^^^^^^^^^^ not found in `crate::platform`\n\n"],"Clippy(Warn)":["warning: unused import: `PhysAddr`\n --> modules/axhal/src/platform/aarch64_common/boot.rs:3:23\n  |\n3 | use memory_addr::{pa, PhysAddr};\n  |                       ^^^^^^^^\n  |\n  = note: `#[warn(unused_imports)]` on by default\n\n"]}},{"file":"modules/axhal/src/platform/aarch64_common/psci.rs","count":2,"kinds":{"Clippy(Error)":["error[E0425]: cannot find value `PSCI_METHOD` in crate `axconfig`\n  --> modules/axhal/src/platform/aarch64_common/psci.rs:82:31\n   |\n82 |     let ret = match axconfig::PSCI_METHOD {\n   |                               ^^^^^^^^^^^ not found in `axconfig`\n\n","error[E0425]: cannot find value `PSCI_METHOD` in crate `axconfig`\n  --> modules/axhal/src/platform/aarch64_common/psci.rs:85:58\n   |\n85 |         _ => panic!(\"Unknown PSCI method: {}\", axconfig::PSCI_METHOD),\n   |                                                          ^^^^^^^^^^^ not found in `axconfig`\n\n"]}},{"file":"(virtual) clippy","count":1,"kinds":{"Cargo":["// pkg_name=axmm, checker=Clippy\n// toolchain=nightly-2024-05-02, target=aarch64-unknown-none\n// pkg_dir=/home/runner/check/repos-default/arceos-org/arceos/modules/axmm\n// cmd=cargo clippy --target aarch64-unknown-none --no-deps --message-format=json\n   Compiling proc-macro2 v1.0.86\n   Compiling unicode-ident v1.0.11\n   Compiling serde v1.0.204\n   Compiling hashbrown v0.14.0\n   Compiling equivalent v1.0.1\n   Compiling winnow v0.6.18\n   Compiling toml_datetime v0.6.8\n   Compiling indexmap v2.0.0\n   Compiling quote v1.0.36\n   Compiling syn v2.0.70\n   Compiling syn v1.0.109\n   Compiling toml_edit v0.22.20\n   Compiling unicode-width v0.1.10\n   Compiling base64 v0.13.1\n   Compiling axerrno v0.1.0\n   Compiling percpu v0.1.3\n   Compiling svgbobdoc v0.3.0\n   Compiling axconfig v0.1.0 (/home/runner/check/repos-default/arceos-org/arceos/modules/axconfig)\n    Checking rlsf v0.2.1\n    Checking allocator v0.1.0 (https://github.com/arceos-org/allocator.git?tag=v0.1.0#16496d88)\n   Compiling axhal v0.1.0 (/home/runner/check/repos-default/arceos-org/arceos/modules/axhal)\n   Compiling crate_interface v0.1.3\n   Compiling percpu_macros v0.1.2\n   Compiling linkme-impl v0.3.27\n    Checking kernel_guard v0.1.1\n    Checking kspin v0.1.0\n    Checking axlog v0.1.0 (/home/runner/check/repos-default/arceos-org/arceos/modules/axlog)\n    Checking axalloc v0.1.0 (/home/runner/check/repos-default/arceos-org/arceos/modules/axalloc)\n    Checking linkme v0.3.27\nerror: could not compile `axhal` (lib) due to 6 previous errors; 2 warnings emitted\n"]}},{"file":"(virtual) lockbud","count":1,"kinds":{"Cargo":["// pkg_name=axmm, checker=Lockbud\n// toolchain=nightly-2024-05-02, target=aarch64-unknown-none\n// pkg_dir=/home/runner/check/repos-default/arceos-org/arceos/modules/axmm\n// cmd=cargo +nightly-2024-05-21 lockbud -k all -- --target aarch64-unknown-none\n   Compiling proc-macro2 v1.0.86\n   Compiling unicode-ident v1.0.11\n   Compiling serde v1.0.204\n   Compiling equivalent v1.0.1\n   Compiling hashbrown v0.14.0\n   Compiling winnow v0.6.18\n   Compiling toml_datetime v0.6.8\n   Compiling indexmap v2.0.0\n   Compiling quote v1.0.36\n   Compiling syn v1.0.109\n   Compiling syn v2.0.70\n   Compiling toml_edit v0.22.20\n   Compiling unicode-width v0.1.10\n   Compiling base64 v0.13.1\n   Compiling axerrno v0.1.0\n   Compiling percpu v0.1.3\n   Compiling svgbobdoc v0.3.0\n   Compiling rlsf v0.2.1\n   Compiling allocator v0.1.0 (https://github.com/arceos-org/allocator.git?tag=v0.1.0#16496d88)\n   Compiling axconfig v0.1.0 (/home/runner/check/repos-default/arceos-org/arceos/modules/axconfig)\n   Compiling axhal v0.1.0 (/home/runner/check/repos-default/arceos-org/arceos/modules/axhal)\n   Compiling crate_interface v0.1.3\n   Compiling linkme-impl v0.3.27\n   Compiling percpu_macros v0.1.2\n   Compiling kernel_guard v0.1.1\n   Compiling kspin v0.1.0\n   Compiling axalloc v0.1.0 (/home/runner/check/repos-default/arceos-org/arceos/modules/axalloc)\n   Compiling axlog v0.1.0 (/home/runner/check/repos-default/arceos-org/arceos/modules/axlog)\n   Compiling linkme v0.3.27\nerror[E0425]: cannot find function `init_boot_page_table` in module `crate::platform::mem`\n   --> modules/axhal/src/platform/aarch64_common/boot.rs:101:27\n    |\n101 |     crate::platform::mem::init_boot_page_table(addr_of_mut!(BOOT_PT_L0), addr_of_mut!(BOOT_PT_L1));\n    |                           ^^^^^^^^^^^^^^^^^^^^ not found in `crate::platform::mem`\n\nerror[E0425]: cannot find value `rust_entry` in module `crate::platform`\n   --> modules/axhal/src/platform/aarch64_common/boot.rs:140:38\n    |\n140 |         entry = sym crate::platform::rust_entry,\n    |                                      ^^^^^^^^^^ not found in `crate::platform`\n\nerror[E0425]: cannot find value `PSCI_METHOD` in crate `axconfig`\n  --> modules/axhal/src/platform/aarch64_common/psci.rs:82:31\n   |\n82 |     let ret = match axconfig::PSCI_METHOD {\n   |                               ^^^^^^^^^^^ not found in `axconfig`\n\nerror[E0425]: cannot find value `PSCI_METHOD` in crate `axconfig`\n  --> modules/axhal/src/platform/aarch64_common/psci.rs:85:58\n   |\n85 |         _ => panic!(\"Unknown PSCI method: {}\", axconfig::PSCI_METHOD),\n   |                                                          ^^^^^^^^^^^ not found in `axconfig`\n\nerror[E0425]: cannot find value `UART_PADDR` in crate `axconfig`\n --> modules/axhal/src/platform/aarch64_common/pl011.rs:9:43\n  |\n9 | const UART_BASE: PhysAddr = pa!(axconfig::UART_PADDR);\n  |                                           ^^^^^^^^^^ not found in `axconfig`\n\nwarning: unused import: `PhysAddr`\n --> modules/axhal/src/platform/aarch64_common/boot.rs:3:23\n  |\n3 | use memory_addr::{pa, PhysAddr};\n  |                       ^^^^^^^^\n  |\n  = note: `#[warn(unused_imports)]` on by default\n\nwarning: unused import: `VirtAddr`\n --> modules/axhal/src/arch/aarch64/trap.rs:4:23\n  |\n4 | use memory_addr::{va, VirtAddr};\n  |                       ^^^^^^^^\n\nFor more information about this error, try `rustc --explain E0425`.\nwarning: `axhal` (lib) generated 2 warnings\nerror: could not compile `axhal` (lib) due to 5 previous errors; 2 warnings emitted\n"]}},{"file":"modules/axhal/src/arch/aarch64/trap.rs","count":1,"kinds":{"Clippy(Warn)":["warning: unused import: `VirtAddr`\n --> modules/axhal/src/arch/aarch64/trap.rs:4:23\n  |\n4 | use memory_addr::{va, VirtAddr};\n  |                       ^^^^^^^^\n\n"]}},{"file":"modules/axhal/src/platform/aarch64_common/pl011.rs","count":1,"kinds":{"Clippy(Error)":["error[E0425]: cannot find value `UART_PADDR` in crate `axconfig`\n --> modules/axhal/src/platform/aarch64_common/pl011.rs:9:43\n  |\n9 | const UART_BASE: PhysAddr = pa!(axconfig::UART_PADDR);\n  |                                           ^^^^^^^^^^ not found in `axconfig`\n\n"]}}]},{"user":"arceos-org","repo":"arceos","pkg":"axnet","count":9,"raw_reports":[{"file":"modules/axhal/src/platform/aarch64_common/boot.rs","count":3,"kinds":{"Clippy(Warn)":["warning: unused import: `PhysAddr`\n --> modules/axhal/src/platform/aarch64_common/boot.rs:3:23\n  |\n3 | use memory_addr::{pa, PhysAddr};\n  |                       ^^^^^^^^\n  |\n  = note: `#[warn(unused_imports)]` on by default\n\n"],"Clippy(Error)":["error[E0425]: cannot find function `init_boot_page_table` in module `crate::platform::mem`\n   --> modules/axhal/src/platform/aarch64_common/boot.rs:101:27\n    |\n101 |     crate::platform::mem::init_boot_page_table(addr_of_mut!(BOOT_PT_L0), addr_of_mut!(BOOT_PT_L1));\n    |                           ^^^^^^^^^^^^^^^^^^^^ not found in `crate::platform::mem`\n\n","error[E0425]: cannot find value `rust_entry` in module `crate::platform`\n   --> modules/axhal/src/platform/aarch64_common/boot.rs:140:38\n    |\n140 |         entry = sym crate::platform::rust_entry,\n    |                                      ^^^^^^^^^^ not found in `crate::platform`\n\n"]}},{"file":"modules/axhal/src/platform/aarch64_common/psci.rs","count":2,"kinds":{"Clippy(Error)":["error[E0425]: cannot find value `PSCI_METHOD` in crate `axconfig`\n  --> modules/axhal/src/platform/aarch64_common/psci.rs:82:31\n   |\n82 |     let ret = match axconfig::PSCI_METHOD {\n   |                               ^^^^^^^^^^^ not found in `axconfig`\n\n","error[E0425]: cannot find value `PSCI_METHOD` in crate `axconfig`\n  --> modules/axhal/src/platform/aarch64_common/psci.rs:85:58\n   |\n85 |         _ => panic!(\"Unknown PSCI method: {}\", axconfig::PSCI_METHOD),\n   |                                                          ^^^^^^^^^^^ not found in `axconfig`\n\n"]}},{"file":"(virtual) clippy","count":1,"kinds":{"Cargo":["// pkg_name=axnet, checker=Clippy\n// toolchain=nightly-2024-05-02, target=aarch64-unknown-none\n// pkg_dir=/home/runner/check/repos-default/arceos-org/arceos/modules/axnet\n// cmd=cargo clippy --target aarch64-unknown-none --no-deps --message-format=json\n Downloading crates ...\n  Downloaded semver v1.0.18\n  Downloaded rustc_version v0.4.0\n  Downloaded hash32 v0.2.1\n  Downloaded thiserror v1.0.47\n  Downloaded thiserror-impl v1.0.47\n  Downloaded heapless v0.7.16\n  Downloaded defmt-parser v0.3.3\n  Downloaded defmt v0.3.5\n  Downloaded defmt-macros v0.3.6\n   Compiling proc-macro2 v1.0.86\n   Compiling unicode-ident v1.0.11\n   Compiling serde v1.0.204\n   Compiling hashbrown v0.14.0\n   Compiling equivalent v1.0.1\n   Compiling toml_datetime v0.6.8\n   Compiling winnow v0.6.18\n   Compiling indexmap v2.0.0\n   Compiling quote v1.0.36\n   Compiling syn v2.0.70\n   Compiling semver v1.0.18\n   Compiling autocfg v1.1.0\n   Compiling toml_edit v0.22.20\n   Compiling percpu v0.1.3\n   Compiling lock_api v0.4.10\n   Compiling rustc_version v0.4.0\n   Compiling heapless v0.7.16\n   Compiling axerrno v0.1.0\n    Checking spin v0.9.8\n    Checking hash32 v0.2.1\n   Compiling smoltcp v0.10.0 (https://github.com/rcore-os/smoltcp.git?rev=2ade274#2ade2747)\n    Checking stable_deref_trait v1.2.0\n   Compiling axdriver v0.1.0 (/home/runner/check/repos-default/arceos-org/arceos/modules/axdriver)\n    Checking axdriver_net v0.1.0 (https://github.com/arceos-org/axdriver_crates.git?tag=v0.1.0#78686a7e)\n    Checking managed v0.8.0\n    Checking bitflags v1.3.2\n    Checking axio v0.1.0\n   Compiling crate_interface v0.1.3\n   Compiling linkme-impl v0.3.27\n   Compiling percpu_macros v0.1.2\n   Compiling axconfig v0.1.0 (/home/runner/check/repos-default/arceos-org/arceos/modules/axconfig)\n   Compiling axhal v0.1.0 (/home/runner/check/repos-default/arceos-org/arceos/modules/axhal)\n    Checking kernel_guard v0.1.1\n    Checking kspin v0.1.0\n    Checking axlog v0.1.0 (/home/runner/check/repos-default/arceos-org/arceos/modules/axlog)\n   Compiling zerocopy-derive v0.7.35\n    Checking linkme v0.3.27\nerror: could not compile `axhal` (lib) due to 6 previous errors; 2 warnings emitted\nwarning: build failed, waiting for other jobs to finish...\n"]}},{"file":"(virtual) lockbud","count":1,"kinds":{"Cargo":["// pkg_name=axnet, checker=Lockbud\n// toolchain=nightly-2024-05-02, target=aarch64-unknown-none\n// pkg_dir=/home/runner/check/repos-default/arceos-org/arceos/modules/axnet\n// cmd=cargo +nightly-2024-05-21 lockbud -k all -- --target aarch64-unknown-none\n   Compiling proc-macro2 v1.0.86\n   Compiling unicode-ident v1.0.11\n   Compiling serde v1.0.204\n   Compiling equivalent v1.0.1\n   Compiling hashbrown v0.14.0\n   Compiling toml_datetime v0.6.8\n   Compiling winnow v0.6.18\n   Compiling indexmap v2.0.0\n   Compiling quote v1.0.36\n   Compiling semver v1.0.18\n   Compiling syn v2.0.70\n   Compiling percpu v0.1.3\n   Compiling autocfg v1.1.0\n   Compiling toml_edit v0.22.20\n   Compiling lock_api v0.4.10\n   Compiling rustc_version v0.4.0\n   Compiling heapless v0.7.16\n   Compiling axerrno v0.1.0\n   Compiling spin v0.9.8\n   Compiling hash32 v0.2.1\n   Compiling stable_deref_trait v1.2.0\n   Compiling axdriver v0.1.0 (/home/runner/check/repos-default/arceos-org/arceos/modules/axdriver)\n   Compiling smoltcp v0.10.0 (https://github.com/rcore-os/smoltcp.git?rev=2ade274#2ade2747)\n   Compiling axdriver_net v0.1.0 (https://github.com/arceos-org/axdriver_crates.git?tag=v0.1.0#78686a7e)\n   Compiling managed v0.8.0\n   Compiling bitflags v1.3.2\n   Compiling axio v0.1.0\n   Compiling axconfig v0.1.0 (/home/runner/check/repos-default/arceos-org/arceos/modules/axconfig)\n   Compiling axhal v0.1.0 (/home/runner/check/repos-default/arceos-org/arceos/modules/axhal)\n   Compiling crate_interface v0.1.3\n   Compiling percpu_macros v0.1.2\n   Compiling linkme-impl v0.3.27\n   Compiling kernel_guard v0.1.1\n   Compiling kspin v0.1.0\n   Compiling axlog v0.1.0 (/home/runner/check/repos-default/arceos-org/arceos/modules/axlog)\n   Compiling zerocopy-derive v0.7.35\n   Compiling linkme v0.3.27\nerror[E0425]: cannot find function `init_boot_page_table` in module `crate::platform::mem`\n   --> modules/axhal/src/platform/aarch64_common/boot.rs:101:27\n    |\n101 |     crate::platform::mem::init_boot_page_table(addr_of_mut!(BOOT_PT_L0), addr_of_mut!(BOOT_PT_L1));\n    |                           ^^^^^^^^^^^^^^^^^^^^ not found in `crate::platform::mem`\n\nerror[E0425]: cannot find value `rust_entry` in module `crate::platform`\n   --> modules/axhal/src/platform/aarch64_common/boot.rs:140:38\n    |\n140 |         entry = sym crate::platform::rust_entry,\n    |                                      ^^^^^^^^^^ not found in `crate::platform`\n\nerror[E0425]: cannot find value `PSCI_METHOD` in crate `axconfig`\n  --> modules/axhal/src/platform/aarch64_common/psci.rs:82:31\n   |\n82 |     let ret = match axconfig::PSCI_METHOD {\n   |                               ^^^^^^^^^^^ not found in `axconfig`\n\nerror[E0425]: cannot find value `PSCI_METHOD` in crate `axconfig`\n  --> modules/axhal/src/platform/aarch64_common/psci.rs:85:58\n   |\n85 |         _ => panic!(\"Unknown PSCI method: {}\", axconfig::PSCI_METHOD),\n   |                                                          ^^^^^^^^^^^ not found in `axconfig`\n\nerror[E0425]: cannot find value `UART_PADDR` in crate `axconfig`\n --> modules/axhal/src/platform/aarch64_common/pl011.rs:9:43\n  |\n9 | const UART_BASE: PhysAddr = pa!(axconfig::UART_PADDR);\n  |                                           ^^^^^^^^^^ not found in `axconfig`\n\nwarning: unused import: `PhysAddr`\n --> modules/axhal/src/platform/aarch64_common/boot.rs:3:23\n  |\n3 | use memory_addr::{pa, PhysAddr};\n  |                       ^^^^^^^^\n  |\n  = note: `#[warn(unused_imports)]` on by default\n\nwarning: unused import: `VirtAddr`\n --> modules/axhal/src/arch/aarch64/trap.rs:4:23\n  |\n4 | use memory_addr::{va, VirtAddr};\n  |                       ^^^^^^^^\n\nFor more information about this error, try `rustc --explain E0425`.\nwarning: `axhal` (lib) generated 2 warnings\nerror: could not compile `axhal` (lib) due to 5 previous errors; 2 warnings emitted\nwarning: build failed, waiting for other jobs to finish...\n"]}},{"file":"modules/axhal/src/arch/aarch64/trap.rs","count":1,"kinds":{"Clippy(Warn)":["warning: unused import: `VirtAddr`\n --> modules/axhal/src/arch/aarch64/trap.rs:4:23\n  |\n4 | use memory_addr::{va, VirtAddr};\n  |                       ^^^^^^^^\n\n"]}},{"file":"modules/axhal/src/platform/aarch64_common/pl011.rs","count":1,"kinds":{"Clippy(Error)":["error[E0425]: cannot find value `UART_PADDR` in crate `axconfig`\n --> modules/axhal/src/platform/aarch64_common/pl011.rs:9:43\n  |\n9 | const UART_BASE: PhysAddr = pa!(axconfig::UART_PADDR);\n  |                                           ^^^^^^^^^^ not found in `axconfig`\n\n"]}}]},{"user":"arceos-org","repo":"arceos","pkg":"axruntime","count":9,"raw_reports":[{"file":"modules/axhal/src/platform/aarch64_common/boot.rs","count":3,"kinds":{"Clippy(Error)":["error[E0425]: cannot find function `init_boot_page_table` in module `crate::platform::mem`\n   --> modules/axhal/src/platform/aarch64_common/boot.rs:101:27\n    |\n101 |     crate::platform::mem::init_boot_page_table(addr_of_mut!(BOOT_PT_L0), addr_of_mut!(BOOT_PT_L1));\n    |                           ^^^^^^^^^^^^^^^^^^^^ not found in `crate::platform::mem`\n\n","error[E0425]: cannot find value `rust_entry` in module `crate::platform`\n   --> modules/axhal/src/platform/aarch64_common/boot.rs:140:38\n    |\n140 |         entry = sym crate::platform::rust_entry,\n    |                                      ^^^^^^^^^^ not found in `crate::platform`\n\n"],"Clippy(Warn)":["warning: unused import: `PhysAddr`\n --> modules/axhal/src/platform/aarch64_common/boot.rs:3:23\n  |\n3 | use memory_addr::{pa, PhysAddr};\n  |                       ^^^^^^^^\n  |\n  = note: `#[warn(unused_imports)]` on by default\n\n"]}},{"file":"modules/axhal/src/platform/aarch64_common/psci.rs","count":2,"kinds":{"Clippy(Error)":["error[E0425]: cannot find value `PSCI_METHOD` in crate `axconfig`\n  --> modules/axhal/src/platform/aarch64_common/psci.rs:82:31\n   |\n82 |     let ret = match axconfig::PSCI_METHOD {\n   |                               ^^^^^^^^^^^ not found in `axconfig`\n\n","error[E0425]: cannot find value `PSCI_METHOD` in crate `axconfig`\n  --> modules/axhal/src/platform/aarch64_common/psci.rs:85:58\n   |\n85 |         _ => panic!(\"Unknown PSCI method: {}\", axconfig::PSCI_METHOD),\n   |                                                          ^^^^^^^^^^^ not found in `axconfig`\n\n"]}},{"file":"(virtual) clippy","count":1,"kinds":{"Cargo":["// pkg_name=axruntime, checker=Clippy\n// toolchain=nightly-2024-05-02, target=aarch64-unknown-none\n// pkg_dir=/home/runner/check/repos-default/arceos-org/arceos/modules/axruntime\n// cmd=cargo clippy --target aarch64-unknown-none --no-deps --message-format=json\n   Compiling proc-macro2 v1.0.86\n   Compiling unicode-ident v1.0.11\n   Compiling serde v1.0.204\n   Compiling equivalent v1.0.1\n   Compiling hashbrown v0.14.0\n   Compiling winnow v0.6.18\n   Compiling toml_datetime v0.6.8\n   Compiling indexmap v2.0.0\n   Compiling quote v1.0.36\n   Compiling syn v2.0.70\n   Compiling autocfg v1.1.0\n   Compiling toml_edit v0.22.20\n   Compiling num-traits v0.2.16\n   Compiling percpu v0.1.3\n    Checking chrono v0.4.38\n   Compiling axconfig v0.1.0 (/home/runner/check/repos-default/arceos-org/arceos/modules/axconfig)\n   Compiling crate_interface v0.1.3\n   Compiling linkme-impl v0.3.27\n   Compiling percpu_macros v0.1.2\n   Compiling axhal v0.1.0 (/home/runner/check/repos-default/arceos-org/arceos/modules/axhal)\n    Checking kernel_guard v0.1.1\n    Checking kspin v0.1.0\n    Checking axlog v0.1.0 (/home/runner/check/repos-default/arceos-org/arceos/modules/axlog)\n    Checking linkme v0.3.27\nerror: could not compile `axhal` (lib) due to 6 previous errors; 2 warnings emitted\n"]}},{"file":"(virtual) lockbud","count":1,"kinds":{"Cargo":["// pkg_name=axruntime, checker=Lockbud\n// toolchain=nightly-2024-05-02, target=aarch64-unknown-none\n// pkg_dir=/home/runner/check/repos-default/arceos-org/arceos/modules/axruntime\n// cmd=cargo +nightly-2024-05-21 lockbud -k all -- --target aarch64-unknown-none\n   Compiling proc-macro2 v1.0.86\n   Compiling unicode-ident v1.0.11\n   Compiling serde v1.0.204\n   Compiling hashbrown v0.14.0\n   Compiling equivalent v1.0.1\n   Compiling toml_datetime v0.6.8\n   Compiling winnow v0.6.18\n   Compiling indexmap v2.0.0\n   Compiling quote v1.0.36\n   Compiling autocfg v1.1.0\n   Compiling syn v2.0.70\n   Compiling num-traits v0.2.16\n   Compiling percpu v0.1.3\n   Compiling toml_edit v0.22.20\n   Compiling chrono v0.4.38\n   Compiling axconfig v0.1.0 (/home/runner/check/repos-default/arceos-org/arceos/modules/axconfig)\n   Compiling axhal v0.1.0 (/home/runner/check/repos-default/arceos-org/arceos/modules/axhal)\n   Compiling crate_interface v0.1.3\n   Compiling linkme-impl v0.3.27\n   Compiling percpu_macros v0.1.2\n   Compiling kernel_guard v0.1.1\n   Compiling kspin v0.1.0\n   Compiling axlog v0.1.0 (/home/runner/check/repos-default/arceos-org/arceos/modules/axlog)\n   Compiling linkme v0.3.27\nerror[E0425]: cannot find function `init_boot_page_table` in module `crate::platform::mem`\n   --> modules/axhal/src/platform/aarch64_common/boot.rs:101:27\n    |\n101 |     crate::platform::mem::init_boot_page_table(addr_of_mut!(BOOT_PT_L0), addr_of_mut!(BOOT_PT_L1));\n    |                           ^^^^^^^^^^^^^^^^^^^^ not found in `crate::platform::mem`\n\nerror[E0425]: cannot find value `rust_entry` in module `crate::platform`\n   --> modules/axhal/src/platform/aarch64_common/boot.rs:140:38\n    |\n140 |         entry = sym crate::platform::rust_entry,\n    |                                      ^^^^^^^^^^ not found in `crate::platform`\n\nerror[E0425]: cannot find value `PSCI_METHOD` in crate `axconfig`\n  --> modules/axhal/src/platform/aarch64_common/psci.rs:82:31\n   |\n82 |     let ret = match axconfig::PSCI_METHOD {\n   |                               ^^^^^^^^^^^ not found in `axconfig`\n\nerror[E0425]: cannot find value `PSCI_METHOD` in crate `axconfig`\n  --> modules/axhal/src/platform/aarch64_common/psci.rs:85:58\n   |\n85 |         _ => panic!(\"Unknown PSCI method: {}\", axconfig::PSCI_METHOD),\n   |                                                          ^^^^^^^^^^^ not found in `axconfig`\n\nerror[E0425]: cannot find value `UART_PADDR` in crate `axconfig`\n --> modules/axhal/src/platform/aarch64_common/pl011.rs:9:43\n  |\n9 | const UART_BASE: PhysAddr = pa!(axconfig::UART_PADDR);\n  |                                           ^^^^^^^^^^ not found in `axconfig`\n\nwarning: unused import: `PhysAddr`\n --> modules/axhal/src/platform/aarch64_common/boot.rs:3:23\n  |\n3 | use memory_addr::{pa, PhysAddr};\n  |                       ^^^^^^^^\n  |\n  = note: `#[warn(unused_imports)]` on by default\n\nwarning: unused import: `VirtAddr`\n --> modules/axhal/src/arch/aarch64/trap.rs:4:23\n  |\n4 | use memory_addr::{va, VirtAddr};\n  |                       ^^^^^^^^\n\nFor more information about this error, try `rustc --explain E0425`.\nwarning: `axhal` (lib) generated 2 warnings\nerror: could not compile `axhal` (lib) due to 5 previous errors; 2 warnings emitted\n"]}},{"file":"modules/axhal/src/arch/aarch64/trap.rs","count":1,"kinds":{"Clippy(Warn)":["warning: unused import: `VirtAddr`\n --> modules/axhal/src/arch/aarch64/trap.rs:4:23\n  |\n4 | use memory_addr::{va, VirtAddr};\n  |                       ^^^^^^^^\n\n"]}},{"file":"modules/axhal/src/platform/aarch64_common/pl011.rs","count":1,"kinds":{"Clippy(Error)":["error[E0425]: cannot find value `UART_PADDR` in crate `axconfig`\n --> modules/axhal/src/platform/aarch64_common/pl011.rs:9:43\n  |\n9 | const UART_BASE: PhysAddr = pa!(axconfig::UART_PADDR);\n  |                                           ^^^^^^^^^^ not found in `axconfig`\n\n"]}}]},{"user":"arceos-org","repo":"arceos","pkg":"axstd","count":9,"raw_reports":[{"file":"modules/axhal/src/platform/aarch64_common/boot.rs","count":3,"kinds":{"Clippy(Warn)":["warning: unused import: `PhysAddr`\n --> modules/axhal/src/platform/aarch64_common/boot.rs:3:23\n  |\n3 | use memory_addr::{pa, PhysAddr};\n  |                       ^^^^^^^^\n  |\n  = note: `#[warn(unused_imports)]` on by default\n\n"],"Clippy(Error)":["error[E0425]: cannot find function `init_boot_page_table` in module `crate::platform::mem`\n   --> modules/axhal/src/platform/aarch64_common/boot.rs:101:27\n    |\n101 |     crate::platform::mem::init_boot_page_table(addr_of_mut!(BOOT_PT_L0), addr_of_mut!(BOOT_PT_L1));\n    |                           ^^^^^^^^^^^^^^^^^^^^ not found in `crate::platform::mem`\n\n","error[E0425]: cannot find value `rust_entry` in module `crate::platform`\n   --> modules/axhal/src/platform/aarch64_common/boot.rs:140:38\n    |\n140 |         entry = sym crate::platform::rust_entry,\n    |                                      ^^^^^^^^^^ not found in `crate::platform`\n\n"]}},{"file":"modules/axhal/src/platform/aarch64_common/psci.rs","count":2,"kinds":{"Clippy(Error)":["error[E0425]: cannot find value `PSCI_METHOD` in crate `axconfig`\n  --> modules/axhal/src/platform/aarch64_common/psci.rs:82:31\n   |\n82 |     let ret = match axconfig::PSCI_METHOD {\n   |                               ^^^^^^^^^^^ not found in `axconfig`\n\n","error[E0425]: cannot find value `PSCI_METHOD` in crate `axconfig`\n  --> modules/axhal/src/platform/aarch64_common/psci.rs:85:58\n   |\n85 |         _ => panic!(\"Unknown PSCI method: {}\", axconfig::PSCI_METHOD),\n   |                                                          ^^^^^^^^^^^ not found in `axconfig`\n\n"]}},{"file":"(virtual) clippy","count":1,"kinds":{"Cargo":["// pkg_name=axstd, checker=Clippy\n// toolchain=nightly-2024-05-02, target=aarch64-unknown-none\n// pkg_dir=/home/runner/check/repos-default/arceos-org/arceos/ulib/axstd\n// cmd=cargo clippy --target aarch64-unknown-none --no-deps --message-format=json\n   Compiling proc-macro2 v1.0.86\n   Compiling unicode-ident v1.0.11\n   Compiling equivalent v1.0.1\n   Compiling serde v1.0.204\n   Compiling hashbrown v0.14.0\n   Compiling winnow v0.6.18\n   Compiling toml_datetime v0.6.8\n   Compiling indexmap v2.0.0\n   Compiling quote v1.0.36\n   Compiling syn v2.0.70\n   Compiling percpu v0.1.3\n   Compiling autocfg v1.1.0\n   Compiling toml_edit v0.22.20\n   Compiling num-traits v0.2.16\n   Compiling axerrno v0.1.0\n    Checking chrono v0.4.38\n    Checking axio v0.1.0\n   Compiling axconfig v0.1.0 (/home/runner/check/repos-default/arceos-org/arceos/modules/axconfig)\n   Compiling crate_interface v0.1.3\n   Compiling linkme-impl v0.3.27\n   Compiling percpu_macros v0.1.2\n   Compiling axhal v0.1.0 (/home/runner/check/repos-default/arceos-org/arceos/modules/axhal)\n    Checking kernel_guard v0.1.1\n    Checking kspin v0.1.0\n    Checking axlog v0.1.0 (/home/runner/check/repos-default/arceos-org/arceos/modules/axlog)\n    Checking linkme v0.3.27\nerror: could not compile `axhal` (lib) due to 6 previous errors; 2 warnings emitted\n"]}},{"file":"(virtual) lockbud","count":1,"kinds":{"Cargo":["// pkg_name=axstd, checker=Lockbud\n// toolchain=nightly-2024-05-02, target=aarch64-unknown-none\n// pkg_dir=/home/runner/check/repos-default/arceos-org/arceos/ulib/axstd\n// cmd=cargo +nightly-2024-05-21 lockbud -k all -- --target aarch64-unknown-none\n   Compiling proc-macro2 v1.0.86\n   Compiling unicode-ident v1.0.11\n   Compiling hashbrown v0.14.0\n   Compiling equivalent v1.0.1\n   Compiling serde v1.0.204\n   Compiling winnow v0.6.18\n   Compiling toml_datetime v0.6.8\n   Compiling indexmap v2.0.0\n   Compiling quote v1.0.36\n   Compiling percpu v0.1.3\n   Compiling syn v2.0.70\n   Compiling autocfg v1.1.0\n   Compiling toml_edit v0.22.20\n   Compiling num-traits v0.2.16\n   Compiling axerrno v0.1.0\n   Compiling chrono v0.4.38\n   Compiling axio v0.1.0\n   Compiling axconfig v0.1.0 (/home/runner/check/repos-default/arceos-org/arceos/modules/axconfig)\n   Compiling axhal v0.1.0 (/home/runner/check/repos-default/arceos-org/arceos/modules/axhal)\n   Compiling crate_interface v0.1.3\n   Compiling percpu_macros v0.1.2\n   Compiling linkme-impl v0.3.27\n   Compiling kernel_guard v0.1.1\n   Compiling kspin v0.1.0\n   Compiling axlog v0.1.0 (/home/runner/check/repos-default/arceos-org/arceos/modules/axlog)\n   Compiling linkme v0.3.27\nerror[E0425]: cannot find function `init_boot_page_table` in module `crate::platform::mem`\n   --> modules/axhal/src/platform/aarch64_common/boot.rs:101:27\n    |\n101 |     crate::platform::mem::init_boot_page_table(addr_of_mut!(BOOT_PT_L0), addr_of_mut!(BOOT_PT_L1));\n    |                           ^^^^^^^^^^^^^^^^^^^^ not found in `crate::platform::mem`\n\nerror[E0425]: cannot find value `rust_entry` in module `crate::platform`\n   --> modules/axhal/src/platform/aarch64_common/boot.rs:140:38\n    |\n140 |         entry = sym crate::platform::rust_entry,\n    |                                      ^^^^^^^^^^ not found in `crate::platform`\n\nerror[E0425]: cannot find value `PSCI_METHOD` in crate `axconfig`\n  --> modules/axhal/src/platform/aarch64_common/psci.rs:82:31\n   |\n82 |     let ret = match axconfig::PSCI_METHOD {\n   |                               ^^^^^^^^^^^ not found in `axconfig`\n\nerror[E0425]: cannot find value `PSCI_METHOD` in crate `axconfig`\n  --> modules/axhal/src/platform/aarch64_common/psci.rs:85:58\n   |\n85 |         _ => panic!(\"Unknown PSCI method: {}\", axconfig::PSCI_METHOD),\n   |                                                          ^^^^^^^^^^^ not found in `axconfig`\n\nerror[E0425]: cannot find value `UART_PADDR` in crate `axconfig`\n --> modules/axhal/src/platform/aarch64_common/pl011.rs:9:43\n  |\n9 | const UART_BASE: PhysAddr = pa!(axconfig::UART_PADDR);\n  |                                           ^^^^^^^^^^ not found in `axconfig`\n\nwarning: unused import: `PhysAddr`\n --> modules/axhal/src/platform/aarch64_common/boot.rs:3:23\n  |\n3 | use memory_addr::{pa, PhysAddr};\n  |                       ^^^^^^^^\n  |\n  = note: `#[warn(unused_imports)]` on by default\n\nwarning: unused import: `VirtAddr`\n --> modules/axhal/src/arch/aarch64/trap.rs:4:23\n  |\n4 | use memory_addr::{va, VirtAddr};\n  |                       ^^^^^^^^\n\nFor more information about this error, try `rustc --explain E0425`.\nwarning: `axhal` (lib) generated 2 warnings\nerror: could not compile `axhal` (lib) due to 5 previous errors; 2 warnings emitted\n"]}},{"file":"modules/axhal/src/arch/aarch64/trap.rs","count":1,"kinds":{"Clippy(Warn)":["warning: unused import: `VirtAddr`\n --> modules/axhal/src/arch/aarch64/trap.rs:4:23\n  |\n4 | use memory_addr::{va, VirtAddr};\n  |                       ^^^^^^^^\n\n"]}},{"file":"modules/axhal/src/platform/aarch64_common/pl011.rs","count":1,"kinds":{"Clippy(Error)":["error[E0425]: cannot find value `UART_PADDR` in crate `axconfig`\n --> modules/axhal/src/platform/aarch64_common/pl011.rs:9:43\n  |\n9 | const UART_BASE: PhysAddr = pa!(axconfig::UART_PADDR);\n  |                                           ^^^^^^^^^^ not found in `axconfig`\n\n"]}}]},{"user":"arceos-org","repo":"arceos","pkg":"axsync","count":9,"raw_reports":[{"file":"modules/axhal/src/platform/aarch64_common/boot.rs","count":3,"kinds":{"Clippy(Warn)":["warning: unused import: `PhysAddr`\n --> modules/axhal/src/platform/aarch64_common/boot.rs:3:23\n  |\n3 | use memory_addr::{pa, PhysAddr};\n  |                       ^^^^^^^^\n  |\n  = note: `#[warn(unused_imports)]` on by default\n\n"],"Clippy(Error)":["error[E0425]: cannot find function `init_boot_page_table` in module `crate::platform::mem`\n   --> modules/axhal/src/platform/aarch64_common/boot.rs:101:27\n    |\n101 |     crate::platform::mem::init_boot_page_table(addr_of_mut!(BOOT_PT_L0), addr_of_mut!(BOOT_PT_L1));\n    |                           ^^^^^^^^^^^^^^^^^^^^ not found in `crate::platform::mem`\n\n","error[E0425]: cannot find value `rust_entry` in module `crate::platform`\n   --> modules/axhal/src/platform/aarch64_common/boot.rs:140:38\n    |\n140 |         entry = sym crate::platform::rust_entry,\n    |                                      ^^^^^^^^^^ not found in `crate::platform`\n\n"]}},{"file":"modules/axhal/src/platform/aarch64_common/psci.rs","count":2,"kinds":{"Clippy(Error)":["error[E0425]: cannot find value `PSCI_METHOD` in crate `axconfig`\n  --> modules/axhal/src/platform/aarch64_common/psci.rs:82:31\n   |\n82 |     let ret = match axconfig::PSCI_METHOD {\n   |                               ^^^^^^^^^^^ not found in `axconfig`\n\n","error[E0425]: cannot find value `PSCI_METHOD` in crate `axconfig`\n  --> modules/axhal/src/platform/aarch64_common/psci.rs:85:58\n   |\n85 |         _ => panic!(\"Unknown PSCI method: {}\", axconfig::PSCI_METHOD),\n   |                                                          ^^^^^^^^^^^ not found in `axconfig`\n\n"]}},{"file":"(virtual) clippy","count":1,"kinds":{"Cargo":["// pkg_name=axsync, checker=Clippy\n// toolchain=nightly-2024-05-02, target=aarch64-unknown-none\n// pkg_dir=/home/runner/check/repos-default/arceos-org/arceos/modules/axsync\n// cmd=cargo clippy --target aarch64-unknown-none --no-deps --message-format=json\n   Compiling proc-macro2 v1.0.86\n   Compiling unicode-ident v1.0.11\n   Compiling serde v1.0.204\n   Compiling equivalent v1.0.1\n   Compiling hashbrown v0.14.0\n   Compiling winnow v0.6.18\n   Compiling toml_datetime v0.6.8\n   Compiling indexmap v2.0.0\n   Compiling quote v1.0.36\n   Compiling syn v2.0.70\n   Compiling percpu v0.1.3\n   Compiling toml_edit v0.22.20\n   Compiling axconfig v0.1.0 (/home/runner/check/repos-default/arceos-org/arceos/modules/axconfig)\n   Compiling crate_interface v0.1.3\n   Compiling linkme-impl v0.3.27\n   Compiling percpu_macros v0.1.2\n   Compiling axhal v0.1.0 (/home/runner/check/repos-default/arceos-org/arceos/modules/axhal)\n    Checking kernel_guard v0.1.1\n    Checking kspin v0.1.0\n    Checking axlog v0.1.0 (/home/runner/check/repos-default/arceos-org/arceos/modules/axlog)\n    Checking linkme v0.3.27\nerror: could not compile `axhal` (lib) due to 6 previous errors; 2 warnings emitted\n"]}},{"file":"(virtual) lockbud","count":1,"kinds":{"Cargo":["// pkg_name=axsync, checker=Lockbud\n// toolchain=nightly-2024-05-02, target=aarch64-unknown-none\n// pkg_dir=/home/runner/check/repos-default/arceos-org/arceos/modules/axsync\n// cmd=cargo +nightly-2024-05-21 lockbud -k all -- --target aarch64-unknown-none\n   Compiling proc-macro2 v1.0.86\n   Compiling unicode-ident v1.0.11\n   Compiling serde v1.0.204\n   Compiling equivalent v1.0.1\n   Compiling hashbrown v0.14.0\n   Compiling winnow v0.6.18\n   Compiling toml_datetime v0.6.8\n   Compiling indexmap v2.0.0\n   Compiling quote v1.0.36\n   Compiling percpu v0.1.3\n   Compiling syn v2.0.70\n   Compiling toml_edit v0.22.20\n   Compiling crate_interface v0.1.3\n   Compiling linkme-impl v0.3.27\n   Compiling percpu_macros v0.1.2\n   Compiling kernel_guard v0.1.1\n   Compiling kspin v0.1.0\n   Compiling axlog v0.1.0 (/home/runner/check/repos-default/arceos-org/arceos/modules/axlog)\n   Compiling linkme v0.3.27\n   Compiling axconfig v0.1.0 (/home/runner/check/repos-default/arceos-org/arceos/modules/axconfig)\n   Compiling axhal v0.1.0 (/home/runner/check/repos-default/arceos-org/arceos/modules/axhal)\nerror[E0425]: cannot find function `init_boot_page_table` in module `crate::platform::mem`\n   --> modules/axhal/src/platform/aarch64_common/boot.rs:101:27\n    |\n101 |     crate::platform::mem::init_boot_page_table(addr_of_mut!(BOOT_PT_L0), addr_of_mut!(BOOT_PT_L1));\n    |                           ^^^^^^^^^^^^^^^^^^^^ not found in `crate::platform::mem`\n\nerror[E0425]: cannot find value `rust_entry` in module `crate::platform`\n   --> modules/axhal/src/platform/aarch64_common/boot.rs:140:38\n    |\n140 |         entry = sym crate::platform::rust_entry,\n    |                                      ^^^^^^^^^^ not found in `crate::platform`\n\nerror[E0425]: cannot find value `PSCI_METHOD` in crate `axconfig`\n  --> modules/axhal/src/platform/aarch64_common/psci.rs:82:31\n   |\n82 |     let ret = match axconfig::PSCI_METHOD {\n   |                               ^^^^^^^^^^^ not found in `axconfig`\n\nerror[E0425]: cannot find value `PSCI_METHOD` in crate `axconfig`\n  --> modules/axhal/src/platform/aarch64_common/psci.rs:85:58\n   |\n85 |         _ => panic!(\"Unknown PSCI method: {}\", axconfig::PSCI_METHOD),\n   |                                                          ^^^^^^^^^^^ not found in `axconfig`\n\nerror[E0425]: cannot find value `UART_PADDR` in crate `axconfig`\n --> modules/axhal/src/platform/aarch64_common/pl011.rs:9:43\n  |\n9 | const UART_BASE: PhysAddr = pa!(axconfig::UART_PADDR);\n  |                                           ^^^^^^^^^^ not found in `axconfig`\n\nwarning: unused import: `PhysAddr`\n --> modules/axhal/src/platform/aarch64_common/boot.rs:3:23\n  |\n3 | use memory_addr::{pa, PhysAddr};\n  |                       ^^^^^^^^\n  |\n  = note: `#[warn(unused_imports)]` on by default\n\nwarning: unused import: `VirtAddr`\n --> modules/axhal/src/arch/aarch64/trap.rs:4:23\n  |\n4 | use memory_addr::{va, VirtAddr};\n  |                       ^^^^^^^^\n\nFor more information about this error, try `rustc --explain E0425`.\nwarning: `axhal` (lib) generated 2 warnings\nerror: could not compile `axhal` (lib) due to 5 previous errors; 2 warnings emitted\n"]}},{"file":"modules/axhal/src/arch/aarch64/trap.rs","count":1,"kinds":{"Clippy(Warn)":["warning: unused import: `VirtAddr`\n --> modules/axhal/src/arch/aarch64/trap.rs:4:23\n  |\n4 | use memory_addr::{va, VirtAddr};\n  |                       ^^^^^^^^\n\n"]}},{"file":"modules/axhal/src/platform/aarch64_common/pl011.rs","count":1,"kinds":{"Clippy(Error)":["error[E0425]: cannot find value `UART_PADDR` in crate `axconfig`\n --> modules/axhal/src/platform/aarch64_common/pl011.rs:9:43\n  |\n9 | const UART_BASE: PhysAddr = pa!(axconfig::UART_PADDR);\n  |                                           ^^^^^^^^^^ not found in `axconfig`\n\n"]}}]},{"user":"arceos-org","repo":"arceos","pkg":"axtask","count":9,"raw_reports":[{"file":"modules/axhal/src/platform/aarch64_common/boot.rs","count":3,"kinds":{"Clippy(Error)":["error[E0425]: cannot find function `init_boot_page_table` in module `crate::platform::mem`\n   --> modules/axhal/src/platform/aarch64_common/boot.rs:101:27\n    |\n101 |     crate::platform::mem::init_boot_page_table(addr_of_mut!(BOOT_PT_L0), addr_of_mut!(BOOT_PT_L1));\n    |                           ^^^^^^^^^^^^^^^^^^^^ not found in `crate::platform::mem`\n\n","error[E0425]: cannot find value `rust_entry` in module `crate::platform`\n   --> modules/axhal/src/platform/aarch64_common/boot.rs:140:38\n    |\n140 |         entry = sym crate::platform::rust_entry,\n    |                                      ^^^^^^^^^^ not found in `crate::platform`\n\n"],"Clippy(Warn)":["warning: unused import: `PhysAddr`\n --> modules/axhal/src/platform/aarch64_common/boot.rs:3:23\n  |\n3 | use memory_addr::{pa, PhysAddr};\n  |                       ^^^^^^^^\n  |\n  = note: `#[warn(unused_imports)]` on by default\n\n"]}},{"file":"modules/axhal/src/platform/aarch64_common/psci.rs","count":2,"kinds":{"Clippy(Error)":["error[E0425]: cannot find value `PSCI_METHOD` in crate `axconfig`\n  --> modules/axhal/src/platform/aarch64_common/psci.rs:82:31\n   |\n82 |     let ret = match axconfig::PSCI_METHOD {\n   |                               ^^^^^^^^^^^ not found in `axconfig`\n\n","error[E0425]: cannot find value `PSCI_METHOD` in crate `axconfig`\n  --> modules/axhal/src/platform/aarch64_common/psci.rs:85:58\n   |\n85 |         _ => panic!(\"Unknown PSCI method: {}\", axconfig::PSCI_METHOD),\n   |                                                          ^^^^^^^^^^^ not found in `axconfig`\n\n"]}},{"file":"(virtual) clippy","count":1,"kinds":{"Cargo":["// pkg_name=axtask, checker=Clippy\n// toolchain=nightly-2024-05-02, target=aarch64-unknown-none\n// pkg_dir=/home/runner/check/repos-default/arceos-org/arceos/modules/axtask\n// cmd=cargo clippy --target aarch64-unknown-none --no-deps --message-format=json\n   Compiling proc-macro2 v1.0.86\n   Compiling unicode-ident v1.0.11\n   Compiling serde v1.0.204\n   Compiling hashbrown v0.14.0\n   Compiling equivalent v1.0.1\n   Compiling toml_datetime v0.6.8\n   Compiling winnow v0.6.18\n   Compiling indexmap v2.0.0\n   Compiling quote v1.0.36\n   Compiling syn v2.0.70\n   Compiling percpu v0.1.3\n   Compiling toml_edit v0.22.20\n   Compiling axconfig v0.1.0 (/home/runner/check/repos-default/arceos-org/arceos/modules/axconfig)\n   Compiling crate_interface v0.1.3\n   Compiling percpu_macros v0.1.2\n   Compiling linkme-impl v0.3.27\n   Compiling axhal v0.1.0 (/home/runner/check/repos-default/arceos-org/arceos/modules/axhal)\n    Checking kernel_guard v0.1.1\n    Checking kspin v0.1.0\n    Checking axlog v0.1.0 (/home/runner/check/repos-default/arceos-org/arceos/modules/axlog)\n    Checking linkme v0.3.27\nerror: could not compile `axhal` (lib) due to 6 previous errors; 2 warnings emitted\n"]}},{"file":"(virtual) lockbud","count":1,"kinds":{"Cargo":["// pkg_name=axtask, checker=Lockbud\n// toolchain=nightly-2024-05-02, target=aarch64-unknown-none\n// pkg_dir=/home/runner/check/repos-default/arceos-org/arceos/modules/axtask\n// cmd=cargo +nightly-2024-05-21 lockbud -k all -- --target aarch64-unknown-none\n   Compiling proc-macro2 v1.0.86\n   Compiling unicode-ident v1.0.11\n   Compiling hashbrown v0.14.0\n   Compiling equivalent v1.0.1\n   Compiling serde v1.0.204\n   Compiling toml_datetime v0.6.8\n   Compiling winnow v0.6.18\n   Compiling indexmap v2.0.0\n   Compiling quote v1.0.36\n   Compiling percpu v0.1.3\n   Compiling syn v2.0.70\n   Compiling toml_edit v0.22.20\n   Compiling axconfig v0.1.0 (/home/runner/check/repos-default/arceos-org/arceos/modules/axconfig)\n   Compiling axhal v0.1.0 (/home/runner/check/repos-default/arceos-org/arceos/modules/axhal)\n   Compiling crate_interface v0.1.3\n   Compiling percpu_macros v0.1.2\n   Compiling linkme-impl v0.3.27\n   Compiling kernel_guard v0.1.1\n   Compiling kspin v0.1.0\n   Compiling axlog v0.1.0 (/home/runner/check/repos-default/arceos-org/arceos/modules/axlog)\n   Compiling linkme v0.3.27\nerror[E0425]: cannot find function `init_boot_page_table` in module `crate::platform::mem`\n   --> modules/axhal/src/platform/aarch64_common/boot.rs:101:27\n    |\n101 |     crate::platform::mem::init_boot_page_table(addr_of_mut!(BOOT_PT_L0), addr_of_mut!(BOOT_PT_L1));\n    |                           ^^^^^^^^^^^^^^^^^^^^ not found in `crate::platform::mem`\n\nerror[E0425]: cannot find value `rust_entry` in module `crate::platform`\n   --> modules/axhal/src/platform/aarch64_common/boot.rs:140:38\n    |\n140 |         entry = sym crate::platform::rust_entry,\n    |                                      ^^^^^^^^^^ not found in `crate::platform`\n\nerror[E0425]: cannot find value `PSCI_METHOD` in crate `axconfig`\n  --> modules/axhal/src/platform/aarch64_common/psci.rs:82:31\n   |\n82 |     let ret = match axconfig::PSCI_METHOD {\n   |                               ^^^^^^^^^^^ not found in `axconfig`\n\nerror[E0425]: cannot find value `PSCI_METHOD` in crate `axconfig`\n  --> modules/axhal/src/platform/aarch64_common/psci.rs:85:58\n   |\n85 |         _ => panic!(\"Unknown PSCI method: {}\", axconfig::PSCI_METHOD),\n   |                                                          ^^^^^^^^^^^ not found in `axconfig`\n\nerror[E0425]: cannot find value `UART_PADDR` in crate `axconfig`\n --> modules/axhal/src/platform/aarch64_common/pl011.rs:9:43\n  |\n9 | const UART_BASE: PhysAddr = pa!(axconfig::UART_PADDR);\n  |                                           ^^^^^^^^^^ not found in `axconfig`\n\nwarning: unused import: `PhysAddr`\n --> modules/axhal/src/platform/aarch64_common/boot.rs:3:23\n  |\n3 | use memory_addr::{pa, PhysAddr};\n  |                       ^^^^^^^^\n  |\n  = note: `#[warn(unused_imports)]` on by default\n\nwarning: unused import: `VirtAddr`\n --> modules/axhal/src/arch/aarch64/trap.rs:4:23\n  |\n4 | use memory_addr::{va, VirtAddr};\n  |                       ^^^^^^^^\n\nFor more information about this error, try `rustc --explain E0425`.\nwarning: `axhal` (lib) generated 2 warnings\nerror: could not compile `axhal` (lib) due to 5 previous errors; 2 warnings emitted\n"]}},{"file":"modules/axhal/src/arch/aarch64/trap.rs","count":1,"kinds":{"Clippy(Warn)":["warning: unused import: `VirtAddr`\n --> modules/axhal/src/arch/aarch64/trap.rs:4:23\n  |\n4 | use memory_addr::{va, VirtAddr};\n  |                       ^^^^^^^^\n\n"]}},{"file":"modules/axhal/src/platform/aarch64_common/pl011.rs","count":1,"kinds":{"Clippy(Error)":["error[E0425]: cannot find value `UART_PADDR` in crate `axconfig`\n --> modules/axhal/src/platform/aarch64_common/pl011.rs:9:43\n  |\n9 | const UART_BASE: PhysAddr = pa!(axconfig::UART_PADDR);\n  |                                           ^^^^^^^^^^ not found in `axconfig`\n\n"]}}]},{"user":"arceos-org","repo":"arceos","pkg":"mingo","count":6,"raw_reports":[{"file":"src/main.rs","count":3,"kinds":{"Clippy(Error)":["error[E0433]: failed to resolve: could not find `driver` in `bsp`\n   --> src/main.rs:133:26\n    |\n133 |     if let Err(x) = bsp::driver::init() {\n    |                          ^^^^^^ could not find `driver` in `bsp`\n\n","error[E0433]: failed to resolve: could not find `memory` in `bsp`\n   --> src/main.rs:180:37\n    |\n180 |     let kernel_addr: *mut u8 = bsp::memory::board_default_load_addr() as *mut u8;\n    |                                     ^^^^^^ could not find `memory` in `bsp`\n\n","error[E0425]: cannot find function `board_name` in module `bsp`\n   --> src/main.rs:157:29\n    |\n157 |     println!(\"{:^37}\", bsp::board_name());\n    |                             ^^^^^^^^^^ not found in `bsp`\n\n"]}},{"file":"(virtual) clippy","count":1,"kinds":{"Cargo":["// pkg_name=mingo, checker=Clippy\n// toolchain=nightly-2024-05-02, target=aarch64-unknown-none\n// pkg_dir=/home/runner/check/repos-default/arceos-org/arceos/tools/raspi4/chainloader\n// cmd=cargo clippy --target aarch64-unknown-none --no-deps --message-format=json\n Downloading crates ...\n  Downloaded aarch64-cpu v9.0.0\n    Checking tock-registers v0.8.1\n   Compiling mingo v0.6.0 (/home/runner/check/repos-default/arceos-org/arceos/tools/raspi4/chainloader)\n    Checking aarch64-cpu v9.0.0\nerror: could not compile `mingo` (bin \"kernel\") due to 4 previous errors; 1 warning emitted\n"]}},{"file":"(virtual) lockbud","count":1,"kinds":{"Cargo":["// pkg_name=mingo, checker=Lockbud\n// toolchain=nightly-2024-05-02, target=aarch64-unknown-none\n// pkg_dir=/home/runner/check/repos-default/arceos-org/arceos/tools/raspi4/chainloader\n// cmd=cargo +nightly-2024-05-21 lockbud -k all -- --target aarch64-unknown-none\n   Compiling mingo v0.6.0 (/home/runner/check/repos-default/arceos-org/arceos/tools/raspi4/chainloader)\n   Compiling tock-registers v0.8.1\n   Compiling aarch64-cpu v9.0.0\nerror[E0433]: failed to resolve: could not find `driver` in `bsp`\n   --> src/main.rs:133:26\n    |\n133 |     if let Err(x) = bsp::driver::init() {\n    |                          ^^^^^^ could not find `driver` in `bsp`\n\nerror[E0433]: failed to resolve: could not find `memory` in `bsp`\n   --> src/main.rs:180:37\n    |\n180 |     let kernel_addr: *mut u8 = bsp::memory::board_default_load_addr() as *mut u8;\n    |                                     ^^^^^^ could not find `memory` in `bsp`\n\nerror[E0425]: cannot find function `board_name` in module `bsp`\n   --> src/main.rs:157:29\n    |\n157 |     println!(\"{:^37}\", bsp::board_name());\n    |                             ^^^^^^^^^^ not found in `bsp`\n\nwarning: unused import: `nop`\n  --> src/cpu.rs:16:20\n   |\n16 | pub use arch_cpu::{nop, wait_forever};\n   |                    ^^^\n   |\n   = note: `#[warn(unused_imports)]` on by default\n\nSome errors have detailed explanations: E0425, E0433.\nFor more information about an error, try `rustc --explain E0425`.\nwarning: `mingo` (bin \"kernel\") generated 1 warning\nerror: could not compile `mingo` (bin \"kernel\") due to 3 previous errors; 1 warning emitted\n"]}},{"file":"src/cpu.rs","count":1,"kinds":{"Clippy(Warn)":["warning: unused import: `nop`\n  --> src/cpu.rs:16:20\n   |\n16 | pub use arch_cpu::{nop, wait_forever};\n   |                    ^^^\n   |\n   = note: `#[warn(unused_imports)]` on by default\n\n"]}}]},{"user":"kern-crates","repo":"linux_syscall_api","pkg":"linux_syscall_api","count":3,"raw_reports":[{"file":"/home/runner/.cargo/git/checkouts/page_table-65b096dd9223c7bd/d6ba329/src/lib.rs","count":1,"kinds":{"Clippy(Error)":["error[E0049]: associated function `vaddr_is_valid` has 1 const parameter but its trait declaration has 0 const parameters\n  --> /home/runner/.cargo/git/checkouts/page_table-65b096dd9223c7bd/d6ba329/src/lib.rs:59:1\n   |\n59 | #[const_trait]\n   | ^^^^^^^^^^^^^^ found 1 const parameter\n...\n79 |     fn vaddr_is_valid(vaddr: usize) -> bool {\n   |                      - expected 0 const parameters\n\n"]}},{"file":"(virtual) clippy","count":1,"kinds":{"Cargo":["// pkg_name=linux_syscall_api, checker=Clippy\n// toolchain=nightly-2024-09-09-x86_64-unknown-linux-gnu, target=aarch64-unknown-none\n// pkg_dir=/home/runner/check/repos-default/kern-crates/linux_syscall_api\n// cmd=cargo clippy --target aarch64-unknown-none --no-deps --message-format=json\n Downloading crates ...\n  Downloaded either v1.11.0\n    Checking log v0.4.19\n    Checking tock-registers v0.8.1\n    Checking cfg-if v1.0.0\n    Checking bitflags v2.5.0\n   Compiling axerrno v0.1.0 (https://github.com/Starry-OS/axerrno.git#12d36f6c)\n    Checking memory_addr v0.1.0 (https://github.com/Starry-OS/memory_addr.git#a5be547a)\n   Compiling lock_api v0.4.12\n    Checking aarch64-cpu v9.4.0\n    Checking scopeguard v1.2.0\n    Checking numeric-enum-macro v0.2.0 (https://github.com/mexus/numeric-enum-macro#20aef288)\n    Checking static_assertions v1.1.0\n    Checking bit_field v0.10.2\n    Checking const-default v1.0.0\n    Checking spin v0.5.2\n    Checking lazy_static v1.4.0\n    Checking bitmap-allocator v0.1.0 (https://github.com/rcore-os/bitmap-allocator.git?rev=88e871a#88e871a5)\n    Checking rlsf v0.2.1\n    Checking axfs_vfs v0.1.0 (https://github.com/Starry-OS/axfs_vfs.git#4ae66642)\n    Checking spin v0.9.8\n    Checking byteorder v1.5.0\n   Compiling percpu v0.1.0 (https://github.com/Starry-OS/percpu.git#939e6eb9)\n   Compiling axconfig v0.1.0 (https://github.com/Starry-OS/axconfig.git#a19854cc)\n    Checking fdt v0.1.5\n    Checking allocator v0.1.0 (https://github.com/Starry-OS/allocator.git#6923b09d)\n   Compiling axhal v0.1.0 (https://github.com/Starry-OS/axhal.git#bb7589fe)\n    Checking axfs_ramfs v0.1.0 (https://github.com/Starry-OS/axfs_ramfs.git#4adca0d0)\n    Checking dw_apb_uart v0.1.0 (https://github.com/Starry-OS/dw_apb_uart.git#e17045e7)\n    Checking of v0.1.0 (https://github.com/Starry-OS/of.git#8c5083c1)\n    Checking arm_pl011 v0.1.0 (https://github.com/Starry-OS/arm_pl011.git#44088f39)\n    Checking lazy_init v0.1.0 (https://github.com/Starry-OS/lazy_init.git#0aee1e3b)\n    Checking ratio v0.1.0 (https://github.com/Starry-OS/ratio.git#e3381d7b)\n    Checking either v1.11.0\n    Checking handler_table v0.1.0 (https://github.com/Starry-OS/handler_table.git#d6495e7d)\n    Checking driver_common v0.1.0 (https://github.com/Starry-OS/driver_common.git#4cdcdd9b)\n    Checking zerocopy v0.7.34\n    Checking linked_list v0.1.0 (https://github.com/Starry-OS/linked_list.git#3238ef86)\n    Checking driver_block v0.1.0 (https://github.com/Starry-OS/driver_block.git#261bd624)\n    Checking timer_list v0.1.0 (https://github.com/Starry-OS/timer_list.git#0ba32228)\n    Checking scheduler v0.1.0 (https://github.com/Starry-OS/scheduler.git#1142d117)\n    Checking bitflags v1.3.2\n    Checking rand_core v0.6.4\n    Checking nb v1.1.0\n    Checking nb v0.1.3\n   Compiling axdriver v0.1.0 (https://github.com/Starry-OS/axdriver.git#a21caaac)\n    Checking rand v0.8.5\n    Checking driver_net v0.1.0 (https://github.com/Starry-OS/driver_net.git#3a6861cf)\n    Checking zero v0.1.3\n    Checking void v1.0.2\n    Checking embedded-hal v0.2.7\n   Compiling riscv v0.10.1\n    Checking xmas-elf v0.9.1\n    Checking virtio-drivers v0.7.2\n    Checking axfs_devfs v0.1.0 (https://github.com/Starry-OS/axfs_devfs.git#00c26de4)\n    Checking fatfs v0.4.0 (https://github.com/rafalh/rust-fatfs?rev=a3a834e#a3a834ef)\n    Checking capability v0.1.0 (https://github.com/Starry-OS/capability.git#d00386a2)\n    Checking axio v0.1.0 (https://github.com/Starry-OS/axio.git#4f70d39a)\n    Checking critical-section v1.1.2\n    Checking taskctx v0.1.0 (https://github.com/Starry-OS/taskctx.git#7296a141)\n    Checking page_table_entry v0.1.0 (https://github.com/Starry-OS/page_table_entry.git#3d6bdc92)\n    Checking kernel_guard v0.1.0 (https://github.com/Starry-OS/kernel_guard.git#72e00672)\n    Checking spinlock v0.1.0 (https://github.com/Starry-OS/spinlock.git#81ef766c)\n    Checking page_table v0.1.0 (https://github.com/Starry-OS/page_table.git#d6ba329d)\n    Checking axalloc v0.1.0 (https://github.com/Starry-OS/axalloc.git#6665f35e)\nerror: could not compile `page_table` (lib) due to 2 previous errors\nwarning: build failed, waiting for other jobs to finish...\n"]}},{"file":"Not supported to display yet.","count":1,"kinds":{"Lockbud(Possibly)":["[2024-09-10T15:29:34Z WARN  lockbud::callbacks] [\n      {\n        \"UseAfterFree\": {\n          \"bug_kind\": \"UseAfterFree\",\n          \"possibility\": \"Possibly\",\n          \"diagnosis\": \"Raw ptr is used at src/syscall_fs/imp/ctl.rs:216:18: 216:90 (#0) after dropped at src/syscall_fs/imp/ctl.rs:219:5: 219:6 (#0)\",\n          \"explanation\": \"Raw ptr is used or escapes the current function after the pointed value is dropped\"\n        }\n      }\n    ]\n[2024-09-10T15:29:34Z WARN  lockbud::callbacks] crate linux_syscall_api contains bugs: { probably: 0, possibly: 0 }, conflictlock: { probably: 0, possibly: 0 }, condvar_deadlock: { probably: 0, possibly: 0 }, atomicity_violation: { possibly: 0 }, invalid_free: { possibly: 0 }, use_after_free: { possibly: 1 }"]}}]},{"user":"arceos-org","repo":"arceos","pkg":"axalloc","count":1,"raw_reports":[{"file":"modules/axalloc/src/lib.rs","count":1,"kinds":{"Clippy(Warn)":["warning: you should consider adding a `Default` implementation for `GlobalAllocator`\n  --> modules/axalloc/src/lib.rs:57:5\n   |\n57 | /     pub const fn new() -> Self {\n58 | |         Self {\n59 | |             balloc: SpinNoIrq::new(DefaultByteAllocator::new()),\n60 | |             palloc: SpinNoIrq::new(BitmapPageAllocator::new()),\n61 | |         }\n62 | |     }\n   | |_____^\n   |\n   = help: for further information visit https://rust-lang.github.io/rust-clippy/master/index.html#new_without_default\n   = note: `#[warn(clippy::new_without_default)]` on by default\nhelp: try adding this\n   |\n55 + impl Default for GlobalAllocator {\n56 +     fn default() -> Self {\n57 +         Self::new()\n58 +     }\n59 + }\n   |\n\n"]}}]}],"kinds_order":["Cargo","Clippy(Error)","Clippy(Warn)","Lockbud(Probably)","Lockbud(Possibly)","Unformatted"]}