{
  "data": [
    {
      "user": "guoweikang",
      "repo": "osl",
      "pkg": "osl",
      "count": 19,
      "raw_reports": [
        {
          "file": "src/arceos/driver/i2c/msg.rs",
          "features": "--features arceos",
          "count": 11,
          "kinds": {
            "Mirai": [
              "warning: [MIRAI] assertion failed: flags.contains(I2cMsgFlags::I2cMasterRead)\n  --> src/arceos/driver/i2c/msg.rs:46:10\n   |\n46 |          assert!(flags.contains(I2cMsgFlags::I2cMasterRead));\n   |          ^^^^^^^^^^^^^^^^^^^^^^^^^^^^^^^^^^^^^^^^^^^^^^^^^^^\n\n",
              "warning: [MIRAI] assertion failed: self.flags.contains(I2cMsgFlags::I2cMasterRecvLen)\n  --> src/arceos/driver/i2c/msg.rs:67:9\n   |\n67 |         assert!(self.flags.contains(I2cMsgFlags::I2cMasterRecvLen));\n   |         ^^^^^^^^^^^^^^^^^^^^^^^^^^^^^^^^^^^^^^^^^^^^^^^^^^^^^^^^^^^\n\n",
              "warning: [MIRAI] assertion failed: self.flags.contains(I2cMsgFlags::I2cMasterRead)\n  --> src/arceos/driver/i2c/msg.rs:68:9\n   |\n68 |         assert!(self.flags.contains(I2cMsgFlags::I2cMasterRead));\n   |         ^^^^^^^^^^^^^^^^^^^^^^^^^^^^^^^^^^^^^^^^^^^^^^^^^^^^^^^^\n\n",
              "warning: [MIRAI] assertion failed: self.flags.contains(I2cMsgFlags::I2cMasterRead)\n  --> src/arceos/driver/i2c/msg.rs:74:9\n   |\n74 |         assert!(self.flags.contains(I2cMsgFlags::I2cMasterRead));\n   |         ^^^^^^^^^^^^^^^^^^^^^^^^^^^^^^^^^^^^^^^^^^^^^^^^^^^^^^^^\n\n",
              "warning: [MIRAI] possible attempt to add with overflow\n  --> src/arceos/driver/i2c/msg.rs:75:9\n   |\n75 |         self.recieve_cmd_cnt +=1;\n   |         ^^^^^^^^^^^^^^^^^^^^^^^^\n\n",
              "warning: [MIRAI] possible attempt to subtract with overflow\n  --> src/arceos/driver/i2c/msg.rs:82:46\n   |\n82 |             self.recieve_cmd_cnt as usize == self.recieve_threshold -1\n   |                                              ^^^^^^^^^^^^^^^^^^^^^^^^^\n\n",
              "warning: [MIRAI] assertion failed: self.flags.contains(I2cMsgFlags::I2cMasterRead)\n   --> src/arceos/driver/i2c/msg.rs:101:9\n    |\n101 |         assert!(self.flags.contains(I2cMsgFlags::I2cMasterRead));\n    |         ^^^^^^^^^^^^^^^^^^^^^^^^^^^^^^^^^^^^^^^^^^^^^^^^^^^^^^^^\n\n",
              "warning: [MIRAI] assertion failed: self.flags.contains(I2cMsgFlags::I2cMasterRead)\n   --> src/arceos/driver/i2c/msg.rs:108:9\n    |\n108 |         assert!(self.flags.contains(I2cMsgFlags::I2cMasterRead));\n    |         ^^^^^^^^^^^^^^^^^^^^^^^^^^^^^^^^^^^^^^^^^^^^^^^^^^^^^^^^\n\n",
              "warning: [MIRAI] assertion failed: !self.flags.contains(I2cMsgFlags::I2cMasterRead)\n   --> src/arceos/driver/i2c/msg.rs:119:9\n    |\n119 |         assert!(!self.flags.contains(I2cMsgFlags::I2cMasterRead));\n    |         ^^^^^^^^^^^^^^^^^^^^^^^^^^^^^^^^^^^^^^^^^^^^^^^^^^^^^^^^^\n\n",
              "warning: [MIRAI] assertion failed: self.flags.contains(I2cMsgFlags::I2cMasterRecvLen)\n   --> src/arceos/driver/i2c/msg.rs:129:9\n    |\n129 |         assert!(self.flags.contains(I2cMsgFlags::I2cMasterRecvLen));\n    |         ^^^^^^^^^^^^^^^^^^^^^^^^^^^^^^^^^^^^^^^^^^^^^^^^^^^^^^^^^^^\n\n"
            ],
            "Clippy(Warn)": [
              "warning: length comparison to zero\n  --> src/arceos/driver/i2c/msg.rs:94:13\n   |\n94 |             self.buf.len() == 0\n   |             ^^^^^^^^^^^^^^^^^^^ help: using `is_empty` is clearer and more explicit: `self.buf.is_empty()`\n   |\n   = help: for further information visit https://rust-lang.github.io/rust-clippy/master/index.html#len_zero\n   = note: `#[warn(clippy::len_zero)]` on by default\n\n"
            ]
          }
        },
        {
          "file": "src/sync.rs",
          "features": "--features arceos",
          "count": 2,
          "kinds": {
            "Clippy(Warn)": [
              "warning: doc list item without indentation\n --> src/sync.rs:6:5\n  |\n6 | //!  must supply a stuct called OslCompletion and implement GeneralComplete\n  |     ^\n  |\n  = help: if this is supposed to be its own paragraph, add a blank line\n  = help: for further information visit https://rust-lang.github.io/rust-clippy/master/index.html#doc_lazy_continuation\n  = note: `#[warn(clippy::doc_lazy_continuation)]` on by default\nhelp: indent this line\n  |\n6 | //!   must supply a stuct called OslCompletion and implement GeneralComplete\n  |      +\n\n",
              "warning: doc list item without indentation\n --> src/sync.rs:9:5\n  |\n9 | //!  must supply a stuct called SpinLock and implement lock\n  |     ^\n  |\n  = help: if this is supposed to be its own paragraph, add a blank line\n  = help: for further information visit https://rust-lang.github.io/rust-clippy/master/index.html#doc_lazy_continuation\nhelp: indent this line\n  |\n9 | //!   must supply a stuct called SpinLock and implement lock\n  |      +\n\n"
            ]
          }
        },
        {
          "file": "(virtual) clippy",
          "features": "",
          "count": 1,
          "kinds": {
            "Cargo": [
              "// pkg_name=osl, checker=Clippy\n// toolchain=nightly-2025-01-26-x86_64-unknown-linux-gnu, target=x86_64-unknown-linux-gnu\n// features=\n// pkg_dir=/home/runner/check/batch_1/guoweikang/osl\n// cmd=cargo clippy --target x86_64-unknown-linux-gnu  --no-deps\n// timestamp=2025-01-26 22:40:00.458862163 +08:00:00\n   Compiling proc-macro2 v1.0.93\n   Compiling unicode-ident v1.0.15\n   Compiling ident_case v1.0.1\n   Compiling strsim v0.11.1\n   Compiling fnv v1.0.7\n    Checking cfg-if v1.0.0\n    Checking bitflags v2.8.0\n   Compiling quote v1.0.38\n   Compiling syn v2.0.96\n   Compiling darling_core v0.20.10\n   Compiling darling_macro v0.20.10\n   Compiling darling v0.20.10\n   Compiling derive_builder_core v0.20.2\n   Compiling derive_builder_macro v0.20.2\n    Checking derive_builder v0.20.2\n    Checking osl v0.1.0 (/home/runner/check/batch_1/guoweikang/osl)\nerror: could not compile `osl` (lib) due to 6 previous errors\n"
            ]
          }
        },
        {
          "file": "(virtual) lockbud",
          "features": "",
          "count": 1,
          "kinds": {
            "Cargo": [
              "// pkg_name=osl, checker=Lockbud\n// toolchain=nightly-2025-01-26-x86_64-unknown-linux-gnu, target=x86_64-unknown-linux-gnu\n// features=\n// pkg_dir=/home/runner/check/batch_1/guoweikang/osl\n// cmd=cargo +nightly-2024-12-01 lockbud -k all -- --target x86_64-unknown-linux-gnu \n// timestamp=2025-01-26 22:40:26.238180004 +08:00:00\n    Updating git repository `https://github.com/Starry-OS/axerrno.git`\n    Updating git repository `https://github.com/Starry-OS/axhal.git`\n    Updating git repository `https://github.com/Starry-OS/axlog.git`\n    Updating git repository `https://github.com/Starry-OS/axsync.git`\n    Updating git repository `https://github.com/Starry-OS/axtask.git`\n    Updating git repository `https://github.com/Starry-OS/axconfig.git`\n    Updating git repository `https://github.com/Starry-OS/crate_interface.git`\n    Updating git repository `https://github.com/Starry-OS/handler_table.git`\n    Updating git repository `https://github.com/Starry-OS/kernel_guard.git`\n    Updating git repository `https://github.com/Starry-OS/lazy_init.git`\n    Updating git repository `https://github.com/Starry-OS/memory_addr.git`\n    Updating git repository `https://github.com/Starry-OS/of.git`\n    Updating git repository `https://github.com/Starry-OS/page_table_entry.git`\n    Updating git repository `https://github.com/Starry-OS/percpu.git`\n    Updating git repository `https://github.com/Starry-OS/ratio.git`\n    Updating git repository `https://github.com/Starry-OS/spinlock.git`\n    Updating git repository `https://github.com/Starry-OS/taskctx.git`\n    Updating git repository `https://github.com/Starry-OS/arm_gic.git`\n    Updating git repository `https://github.com/Starry-OS/arm_pl011.git`\n    Updating git repository `https://github.com/Starry-OS/dw_apb_uart.git`\n    Updating git repository `https://github.com/kern-crates/axbacktrace.git`\n    Updating git repository `https://github.com/Starry-OS/axsignal.git`\n    Updating git repository `https://github.com/Starry-OS/linked_list.git`\n    Updating git repository `https://github.com/mexus/numeric-enum-macro`\n    Updating git repository `https://github.com/Starry-OS/percpu_macros.git`\n    Updating git repository `https://github.com/Starry-OS/scheduler.git`\n    Updating git repository `https://github.com/Starry-OS/timer_list.git`\n    Updating crates.io index\n Downloading crates ...\n  Downloaded quote v1.0.38\n  Downloaded derive_builder_macro v0.20.2\n  Downloaded unicode-ident v1.0.15\n  Downloaded ident_case v1.0.1\n  Downloaded fnv v1.0.7\n  Downloaded cfg-if v1.0.0\n  Downloaded strsim v0.11.1\n  Downloaded derive_builder_core v0.20.2\n  Downloaded darling v0.20.10\n  Downloaded proc-macro2 v1.0.93\n  Downloaded derive_builder v0.20.2\n  Downloaded darling_core v0.20.10\n  Downloaded darling_macro v0.20.10\n  Downloaded bitflags v2.8.0\n  Downloaded syn v2.0.96\n   Compiling proc-macro2 v1.0.93\n   Compiling unicode-ident v1.0.15\n   Compiling ident_case v1.0.1\n   Compiling fnv v1.0.7\n   Compiling strsim v0.11.1\n   Compiling cfg-if v1.0.0\n   Compiling bitflags v2.8.0\n   Compiling quote v1.0.38\n   Compiling syn v2.0.96\n   Compiling darling_core v0.20.10\n   Compiling darling_macro v0.20.10\n   Compiling darling v0.20.10\n   Compiling derive_builder_core v0.20.2\n   Compiling derive_builder_macro v0.20.2\n   Compiling derive_builder v0.20.2\n   Compiling osl v0.1.0 (/home/runner/check/batch_1/guoweikang/osl)\nerror[E0412]: cannot find type `Error` in this scope\n  --> src/error.rs:58:46\n   |\n58 | pub type Result<T> = core::result::Result<T, Error>;\n   |                                              ^^^^^ not found in this scope\n   |\nhelp: consider importing one of these items\n   |\n35 + use core::error::Error;\n   |\n35 + use core::fmt::Error;\n   |\n\nerror[E0412]: cannot find type `Error` in this scope\n  --> src/error.rs:62:14\n   |\n62 |     Err::<T, Error>(Error::from(errno))\n   |              ^^^^^ not found in this scope\n   |\nhelp: consider importing one of these items\n   |\n35 + use core::error::Error;\n   |\n35 + use core::fmt::Error;\n   |\n\nerror[E0433]: failed to resolve: use of undeclared type `Error`\n  --> src/error.rs:62:21\n   |\n62 |     Err::<T, Error>(Error::from(errno))\n   |                     ^^^^^ use of undeclared type `Error`\n   |\nhelp: consider importing one of these items\n   |\n35 + use core::error::Error;\n   |\n35 + use core::fmt::Error;\n   |\n\nerror[E0412]: cannot find type `Arc` in this scope\n  --> src/sync.rs:33:24\n   |\n33 |     fn new() -> Result<Arc<Self>>;\n   |                        ^^^ not found in this scope\n\nerror[E0412]: cannot find type `Return` in this scope\n  --> src/driver/irq.rs:40:42\n   |\n40 | pub fn to_irq_return(val: ReturnEnum) -> Return {\n   |                                          ^^^^^^ not found in this scope\n\nerror[E0433]: failed to resolve: use of undeclared type `Return`\n  --> src/driver/irq.rs:41:5\n   |\n41 |     Return::from(val)\n   |     ^^^^^^ use of undeclared type `Return`\n\nSome errors have detailed explanations: E0412, E0433.\nFor more information about an error, try `rustc --explain E0412`.\nerror: could not compile `osl` (lib) due to 6 previous errors\n"
            ]
          }
        },
        {
          "file": "(virtual) mirai",
          "features": "",
          "count": 1,
          "kinds": {
            "Cargo": [
              "// pkg_name=osl, checker=Mirai\n// toolchain=nightly-2025-01-26-x86_64-unknown-linux-gnu, target=x86_64-unknown-linux-gnu\n// features=\n// pkg_dir=/home/runner/check/batch_1/guoweikang/osl\n// cmd=cargo +nightly-2025-01-04 mirai --target x86_64-unknown-linux-gnu \n// timestamp=2025-01-26 22:40:20.07577703 +08:00:00\n   Compiling proc-macro2 v1.0.93\n   Compiling unicode-ident v1.0.15\n   Compiling ident_case v1.0.1\n   Compiling strsim v0.11.1\n   Compiling fnv v1.0.7\n    Checking bitflags v2.8.0\n    Checking cfg-if v1.0.0\n   Compiling quote v1.0.38\n   Compiling syn v2.0.96\n   Compiling darling_core v0.20.10\n   Compiling darling_macro v0.20.10\n   Compiling darling v0.20.10\n   Compiling derive_builder_core v0.20.2\n   Compiling derive_builder_macro v0.20.2\n    Checking derive_builder v0.20.2\n    Checking osl v0.1.0 (/home/runner/check/batch_1/guoweikang/osl)\nerror: could not compile `osl` (lib) due to 6 previous errors\n"
            ]
          }
        },
        {
          "file": "(virtual) semver-checks",
          "features": "",
          "count": 1,
          "kinds": {
            "Cargo": [
              "// pkg_name=osl, checker=SemverChecks\n// toolchain=nightly-2025-01-26-x86_64-unknown-linux-gnu, target=x86_64-unknown-linux-gnu\n// features=\n// pkg_dir=/home/runner/check/batch_1/guoweikang/osl\n// cmd=cargo +nightly-2025-01-26-x86_64-unknown-linux-gnu semver-checks --target x86_64-unknown-linux-gnu \n// timestamp=2025-01-26 22:40:06.813526052 +08:00:00\n    Building osl v0.1.0 (current)\nerror: running cargo-doc on crate 'osl' failed with output:\n-----\n   Compiling proc-macro2 v1.0.93\n   Compiling unicode-ident v1.0.15\n   Compiling serde v1.0.217\n   Compiling equivalent v1.0.1\n   Compiling hashbrown v0.15.2\n   Compiling winnow v0.6.24\n   Compiling toml_datetime v0.6.8\n   Compiling indexmap v2.7.1\n   Compiling quote v1.0.38\n    Checking bit_field v0.10.2\n   Compiling syn v2.0.96\n    Checking bitflags v1.3.2\n    Checking raw-cpuid v10.7.0\n   Compiling toml_edit v0.22.22\n   Compiling autocfg v1.4.0\n   Compiling x86 v0.52.0\n   Compiling lock_api v0.4.12\n   Compiling rustversion v1.0.19\n    Checking log v0.4.25\n    Checking cfg-if v1.0.0\n    Checking memory_addr v0.1.0 (https://github.com/Starry-OS/memory_addr.git#a5be547a)\n    Checking scopeguard v1.2.0\n   Compiling taskctx v0.1.0 (https://github.com/Starry-OS/taskctx.git#bee485a8)\n    Checking bitflags v2.8.0\n    Checking numeric-enum-macro v0.2.0 (https://github.com/mexus/numeric-enum-macro#20aef288)\n    Checking volatile v0.4.6\n    Checking static_assertions v1.1.0\n    Checking spin v0.9.8\n   Compiling paste v1.0.15\n    Checking tock-registers v0.8.1\n   Compiling fnv v1.0.7\n   Compiling strsim v0.11.1\n   Compiling percpu v0.1.0 (https://github.com/Starry-OS/percpu.git#85e6d8a7)\n   Compiling ident_case v1.0.1\n   Compiling darling_core v0.20.10\n    Checking aarch64-cpu v9.4.0\n   Compiling axconfig v0.1.0 (https://github.com/Starry-OS/axconfig.git#2a880338)\n    Checking kernel_guard v0.1.0 (https://github.com/Starry-OS/kernel_guard.git#c087bf99)\n    Checking spinlock v0.1.0 (https://github.com/Starry-OS/spinlock.git#0149e52d)\n   Compiling axhal v0.1.0 (https://github.com/Starry-OS/axhal.git#8bed6725)\n    Checking lazy_static v1.5.0\n    Checking x86_64 v0.15.2\n    Checking x86_64 v0.14.13\n   Compiling crate_interface v0.1.1 (https://github.com/Starry-OS/crate_interface.git#d27dd960)\n   Compiling percpu_macros v0.1.0 (https://github.com/Starry-OS/percpu_macros.git#b785b814)\n    Checking fdt v0.1.5\n    Checking bit v0.1.1\n    Checking of v0.1.0 (https://github.com/Starry-OS/of.git#45a65508)\n    Checking axlog v0.1.0 (https://github.com/Starry-OS/axlog.git#5b28a4c6)\n    Checking page_table_entry v0.1.0 (https://github.com/Starry-OS/page_table_entry.git#8a871b43)\n    Checking raw-cpuid v11.3.0\n   Compiling darling_macro v0.20.10\n    Checking x2apic v0.4.3\n    Checking handler_table v0.1.0 (https://github.com/Starry-OS/handler_table.git#d6495e7d)\n    Checking lazy_init v0.1.0 (https://github.com/Starry-OS/lazy_init.git#d0e87c05)\n    Checking ratio v0.1.0 (https://github.com/Starry-OS/ratio.git#0c8da4c3)\n    Checking linked_list v0.1.0 (https://github.com/Starry-OS/linked_list.git#283dddc4)\n    Checking scheduler v0.1.0 (https://github.com/Starry-OS/scheduler.git#036a0299)\n    Checking axbacktrace v0.1.0 (https://github.com/kern-crates/axbacktrace.git#c0371ca8)\n    Checking timer_list v0.1.0 (https://github.com/Starry-OS/timer_list.git#1dc25aad)\n   Compiling darling v0.20.10\n   Compiling axerrno v0.1.0 (https://github.com/Starry-OS/axerrno.git#3e2372cd)\n   Compiling derive_builder_core v0.20.2\n   Compiling derive_builder_macro v0.20.2\n    Checking axsignal v0.1.0 (https://github.com/Starry-OS/axsignal.git#1cc27325)\n    Checking axtask v0.1.0 (https://github.com/Starry-OS/axtask.git#d41e0730)\n    Checking derive_builder v0.20.2\n    Checking axsync v0.1.0 (https://github.com/Starry-OS/axsync.git#70651a7c)\n Documenting osl v0.1.0 (/home/runner/check/batch_1/guoweikang/osl)\nerror[E0428]: the name `log_print` is defined multiple times\n  --> /home/runner/check/batch_1/guoweikang/osl/src/arceos/log.rs:6:1\n   |\n6  |  / macro_rules! log_print (\n7  |  |     ($crate::log::LogLevel::Error, $($arg:tt)*) => (\n8  |  |         $crate::log::error!($($arg)*)\n9  |  |     );\n...   |\n18 |  |     );\n19 |  | );\n   |  |__^ `log_print` redefined here\n   |\n  ::: /home/runner/check/batch_1/guoweikang/osl/src/linux/log.rs:6:1\n   |\n6  | /  macro_rules! log_print (\n7  | |      // The non-continuation cases (most of them, e.g. `INFO`).\n8  | |      ($crate::log::LogLevel::Error, $($arg:tt)*) => (\n9  | |          $crate::log::pr_err!($($arg)*)\n...  |\n19 | |      );\n20 | |  );\n   | |___- previous definition of the macro `log_print` here\n   |\n   = note: `log_print` must be defined only once in the macro namespace of this module\n\nerror: macro expansion ends with an incomplete expression: expected `;`\n  --> /home/runner/check/batch_1/guoweikang/osl/src/sync.rs:20:55\n   |\n20 |         pub use kernel::{new_spinlock, sync::SpinLock}\n   |                                                       ^ expected `;`\n   |\n   = note: glob-like brace syntax must be last on the path\n\nerror[E0433]: failed to resolve: use of unresolved module or unlinked crate `kernel`\n --> /home/runner/check/batch_1/guoweikang/osl/src/linux/error.rs:1:5\n  |\n1 | use kernel::prelude::*;\n  |     ^^^^^^ use of unresolved module or unlinked crate `kernel`\n  |\n  = help: if you wanted to use a crate named `kernel`, use `cargo add kernel` to add it to your `Cargo.toml`\n\nerror[E0433]: failed to resolve: use of unresolved module or unlinked crate `kernel`\n --> /home/runner/check/batch_1/guoweikang/osl/src/linux/sleep.rs:1:5\n  |\n1 | use kernel::delay::usleep_range;\n  |     ^^^^^^ use of unresolved module or unlinked crate `kernel`\n  |\n  = help: if you wanted to use a crate named `kernel`, use `cargo add kernel` to add it to your `Cargo.toml`\n\nerror[E0433]: failed to resolve: use of unresolved module or unlinked crate `kernel`\n --> /home/runner/check/batch_1/guoweikang/osl/src/linux/time.rs:1:5\n  |\n1 | use kernel::timekeeping::*;\n  |     ^^^^^^ use of unresolved module or unlinked crate `kernel`\n  |\n  = help: if you wanted to use a crate named `kernel`, use `cargo add kernel` to add it to your `Cargo.toml`\n\nerror[E0433]: failed to resolve: use of unresolved module or unlinked crate `kernel`\n --> /home/runner/check/batch_1/guoweikang/osl/src/linux/driver/irq.rs:4:9\n  |\n4 | pub use kernel::irq::Return;\n  |         ^^^^^^ use of unresolved module or unlinked crate `kernel`\n  |\n  = help: if you wanted to use a crate named `kernel`, use `cargo add kernel` to add it to your `Cargo.toml`\n\nerror[E0433]: failed to resolve: use of unresolved module or unlinked crate `kernel`\n --> /home/runner/check/batch_1/guoweikang/osl/src/vec.rs:8:9\n  |\n8 | pub use kernel::prelude::Vec;\n  |         ^^^^^^ use of unresolved module or unlinked crate `kernel`\n  |\n  = help: if you wanted to use a crate named `kernel`, use `cargo add kernel` to add it to your `Cargo.toml`\n\nerror[E0433]: failed to resolve: use of unresolved module or unlinked crate `kernel`\n --> /home/runner/check/batch_1/guoweikang/osl/src/linux/complete.rs:3:5\n  |\n3 | use kernel::{completion::Completion, new_completion, prelude::*, sync::Arc};\n  |     ^^^^^^ use of unresolved module or unlinked crate `kernel`\n  |\n  = help: if you wanted to use a crate named `kernel`, use `cargo add kernel` to add it to your `Cargo.toml`\n\nerror[E0432]: unresolved import `kernel`\n --> /home/runner/check/batch_1/guoweikang/osl/src/linux/log.rs:1:9\n  |\n1 | pub use kernel::{pr_debug, pr_err, pr_info, pr_warn};\n  |         ^^^^^^ use of unresolved module or unlinked crate `kernel`\n  |\n  = help: if you wanted to use a crate named `kernel`, use `cargo add kernel` to add it to your `Cargo.toml`\n\nerror[E0433]: failed to resolve: use of unresolved module or unlinked crate `kernel`\n --> /home/runner/check/batch_1/guoweikang/osl/src/linux/error.rs:3:9\n  |\n3 | pub use kernel::prelude::Error;\n  |         ^^^^^^ use of unresolved module or unlinked crate `kernel`\n  |\n  = help: if you wanted to use a crate named `kernel`, use `cargo add kernel` to add it to your `Cargo.toml`\n\nerror[E0432]: unresolved import `kernel`\n --> /home/runner/check/batch_1/guoweikang/osl/src/linux/complete.rs:3:5\n  |\n3 | use kernel::{completion::Completion, new_completion, prelude::*, sync::Arc};\n  |     ^^^^^^ use of unresolved module or unlinked crate `kernel`\n  |\n  = help: if you wanted to use a crate named `kernel`, use `cargo add kernel` to add it to your `Cargo.toml`\n\nerror: cannot find attribute `pin_data` in this scope\n --> /home/runner/check/batch_1/guoweikang/osl/src/linux/complete.rs:6:3\n  |\n6 | #[pin_data]\n  |   ^^^^^^^^\n\nerror: cannot find attribute `pin` in this scope\n --> /home/runner/check/batch_1/guoweikang/osl/src/linux/complete.rs:8:7\n  |\n8 |     #[pin]\n  |       ^^^\n\nerror: cannot find macro `pin_init` in this scope\n  --> /home/runner/check/batch_1/guoweikang/osl/src/linux/complete.rs:14:23\n   |\n14 |         Arc::pin_init(pin_init!(Self {\n   |                       ^^^^^^^^\n\nerror[E0412]: cannot find type `Arc` in this scope\n  --> /home/runner/check/batch_1/guoweikang/osl/src/sync.rs:33:24\n   |\n33 |     fn new() -> Result<Arc<Self>>;\n   |                        ^^^ not found in this scope\n   |\nhelp: consider importing this struct\n   |\n14 + use alloc::sync::Arc;\n   |\n\nSome errors have detailed explanations: E0412, E0428, E0432, E0433.\nFor more information about an error, try `rustc --explain E0412`.\nerror: could not document `osl`\n\n-----\n\nerror: failed to build rustdoc for crate osl v0.1.0\nnote: this is usually due to a compilation error in the crate,\n      and is unlikely to be a bug in cargo-semver-checks\nnote: the following command can be used to reproduce the compilation error:\n      cargo new --lib example &&\n          cd example &&\n          echo '[workspace]' >> Cargo.toml &&\n          cargo add --path /home/runner/check/batch_1/guoweikang/osl --features arceos,axerrno,axhal,axlog,axsync,axtask,linux &&\n          cargo check\n\nerror: aborting due to failure to build rustdoc for crate osl v0.1.0\n"
            ]
          }
        },
        {
          "file": "[semver checks]",
          "features": "--features arceos",
          "count": 1,
          "kinds": {
            "Semver Violation": [
              "pkg=osl, checker=SemverChecks\ntoolchain=nightly-2025-01-26-x86_64-unknown-linux-gnu, target=x86_64-unknown-linux-gnu\nfeatures=--features arceos\npkg_dir=/home/runner/check/batch_1/guoweikang/osl\ncmd=cargo +nightly-2025-01-26-x86_64-unknown-linux-gnu semver-checks --target x86_64-unknown-linux-gnu --features arceos\ntimestamp=2025-01-26 22:28:13.406397945 +08:00:00\n\n\nstdout:\n\nstderr:\n    Building osl v0.1.0 (current)\nerror: running cargo-doc on crate 'osl' failed with output:\n-----\n   Compiling proc-macro2 v1.0.93\n   Compiling serde v1.0.217\n   Compiling hashbrown v0.15.2\n   Compiling equivalent v1.0.1\n   Compiling unicode-ident v1.0.15\n   Compiling toml_datetime v0.6.8\n   Compiling winnow v0.6.24\n   Compiling indexmap v2.7.1\n   Compiling quote v1.0.38\n    Checking bit_field v0.10.2\n    Checking bitflags v1.3.2\n   Compiling syn v2.0.96\n    Checking raw-cpuid v10.7.0\n   Compiling toml_edit v0.22.22\n   Compiling autocfg v1.4.0\n   Compiling x86 v0.52.0\n   Compiling lock_api v0.4.12\n    Checking log v0.4.25\n    Checking cfg-if v1.0.0\n   Compiling rustversion v1.0.19\n   Compiling taskctx v0.1.0 (https://github.com/Starry-OS/taskctx.git#bee485a8)\n    Checking scopeguard v1.2.0\n    Checking bitflags v2.8.0\n    Checking memory_addr v0.1.0 (https://github.com/Starry-OS/memory_addr.git#a5be547a)\n    Checking static_assertions v1.1.0\n    Checking volatile v0.4.6\n    Checking numeric-enum-macro v0.2.0 (https://github.com/mexus/numeric-enum-macro#20aef288)\n    Checking spin v0.9.8\n   Compiling paste v1.0.15\n   Compiling percpu v0.1.0 (https://github.com/Starry-OS/percpu.git#85e6d8a7)\n   Compiling fnv v1.0.7\n    Checking tock-registers v0.8.1\n   Compiling ident_case v1.0.1\n   Compiling strsim v0.11.1\n    Checking aarch64-cpu v9.4.0\n   Compiling darling_core v0.20.10\n   Compiling axconfig v0.1.0 (https://github.com/Starry-OS/axconfig.git#2a880338)\n    Checking kernel_guard v0.1.0 (https://github.com/Starry-OS/kernel_guard.git#c087bf99)\n    Checking spinlock v0.1.0 (https://github.com/Starry-OS/spinlock.git#0149e52d)\n   Compiling axhal v0.1.0 (https://github.com/Starry-OS/axhal.git#8bed6725)\n    Checking x86_64 v0.14.13\n    Checking x86_64 v0.15.2\n   Compiling percpu_macros v0.1.0 (https://github.com/Starry-OS/percpu_macros.git#b785b814)\n   Compiling crate_interface v0.1.1 (https://github.com/Starry-OS/crate_interface.git#d27dd960)\n    Checking lazy_static v1.5.0\n    Checking fdt v0.1.5\n    Checking bit v0.1.1\n    Checking x2apic v0.4.3\n    Checking page_table_entry v0.1.0 (https://github.com/Starry-OS/page_table_entry.git#8a871b43)\n    Checking axlog v0.1.0 (https://github.com/Starry-OS/axlog.git#5b28a4c6)\n    Checking of v0.1.0 (https://github.com/Starry-OS/of.git#45a65508)\n    Checking raw-cpuid v11.3.0\n    Checking ratio v0.1.0 (https://github.com/Starry-OS/ratio.git#0c8da4c3)\n    Checking lazy_init v0.1.0 (https://github.com/Starry-OS/lazy_init.git#d0e87c05)\n    Checking handler_table v0.1.0 (https://github.com/Starry-OS/handler_table.git#d6495e7d)\n    Checking linked_list v0.1.0 (https://github.com/Starry-OS/linked_list.git#283dddc4)\n    Checking axbacktrace v0.1.0 (https://github.com/kern-crates/axbacktrace.git#c0371ca8)\n    Checking timer_list v0.1.0 (https://github.com/Starry-OS/timer_list.git#1dc25aad)\n    Checking scheduler v0.1.0 (https://github.com/Starry-OS/scheduler.git#036a0299)\n   Compiling axerrno v0.1.0 (https://github.com/Starry-OS/axerrno.git#3e2372cd)\n   Compiling darling_macro v0.20.10\n   Compiling darling v0.20.10\n   Compiling derive_builder_core v0.20.2\n   Compiling derive_builder_macro v0.20.2\n    Checking axsignal v0.1.0 (https://github.com/Starry-OS/axsignal.git#1cc27325)\n    Checking axtask v0.1.0 (https://github.com/Starry-OS/axtask.git#d41e0730)\n    Checking axsync v0.1.0 (https://github.com/Starry-OS/axsync.git#70651a7c)\n    Checking derive_builder v0.20.2\n Documenting osl v0.1.0 (/home/runner/check/batch_1/guoweikang/osl)\nerror[E0428]: the name `log_print` is defined multiple times\n  --> /home/runner/check/batch_1/guoweikang/osl/src/arceos/log.rs:6:1\n   |\n6  |  / macro_rules! log_print (\n7  |  |     ($crate::log::LogLevel::Error, $($arg:tt)*) => (\n8  |  |         $crate::log::error!($($arg)*)\n9  |  |     );\n...   |\n18 |  |     );\n19 |  | );\n   |  |__^ `log_print` redefined here\n   |\n  ::: /home/runner/check/batch_1/guoweikang/osl/src/linux/log.rs:6:1\n   |\n6  | /  macro_rules! log_print (\n7  | |      // The non-continuation cases (most of them, e.g. `INFO`).\n8  | |      ($crate::log::LogLevel::Error, $($arg:tt)*) => (\n9  | |          $crate::log::pr_err!($($arg)*)\n...  |\n19 | |      );\n20 | |  );\n   | |___- previous definition of the macro `log_print` here\n   |\n   = note: `log_print` must be defined only once in the macro namespace of this module\n\nerror: macro expansion ends with an incomplete expression: expected `;`\n  --> /home/runner/check/batch_1/guoweikang/osl/src/sync.rs:20:55\n   |\n20 |         pub use kernel::{new_spinlock, sync::SpinLock}\n   |                                                       ^ expected `;`\n   |\n   = note: glob-like brace syntax must be last on the path\n\nerror[E0433]: failed to resolve: use of unresolved module or unlinked crate `kernel`\n --> /home/runner/check/batch_1/guoweikang/osl/src/linux/error.rs:1:5\n  |\n1 | use kernel::prelude::*;\n  |     ^^^^^^ use of unresolved module or unlinked crate `kernel`\n  |\n  = help: if you wanted to use a crate named `kernel`, use `cargo add kernel` to add it to your `Cargo.toml`\n\nerror[E0433]: failed to resolve: use of unresolved module or unlinked crate `kernel`\n --> /home/runner/check/batch_1/guoweikang/osl/src/linux/sleep.rs:1:5\n  |\n1 | use kernel::delay::usleep_range;\n  |     ^^^^^^ use of unresolved module or unlinked crate `kernel`\n  |\n  = help: if you wanted to use a crate named `kernel`, use `cargo add kernel` to add it to your `Cargo.toml`\n\nerror[E0433]: failed to resolve: use of unresolved module or unlinked crate `kernel`\n --> /home/runner/check/batch_1/guoweikang/osl/src/linux/time.rs:1:5\n  |\n1 | use kernel::timekeeping::*;\n  |     ^^^^^^ use of unresolved module or unlinked crate `kernel`\n  |\n  = help: if you wanted to use a crate named `kernel`, use `cargo add kernel` to add it to your `Cargo.toml`\n\nerror[E0433]: failed to resolve: use of unresolved module or unlinked crate `kernel`\n --> /home/runner/check/batch_1/guoweikang/osl/src/linux/driver/irq.rs:4:9\n  |\n4 | pub use kernel::irq::Return;\n  |         ^^^^^^ use of unresolved module or unlinked crate `kernel`\n  |\n  = help: if you wanted to use a crate named `kernel`, use `cargo add kernel` to add it to your `Cargo.toml`\n\nerror[E0433]: failed to resolve: use of unresolved module or unlinked crate `kernel`\n --> /home/runner/check/batch_1/guoweikang/osl/src/vec.rs:8:9\n  |\n8 | pub use kernel::prelude::Vec;\n  |         ^^^^^^ use of unresolved module or unlinked crate `kernel`\n  |\n  = help: if you wanted to use a crate named `kernel`, use `cargo add kernel` to add it to your `Cargo.toml`\n\nerror[E0433]: failed to resolve: use of unresolved module or unlinked crate `kernel`\n --> /home/runner/check/batch_1/guoweikang/osl/src/linux/complete.rs:3:5\n  |\n3 | use kernel::{completion::Completion, new_completion, prelude::*, sync::Arc};\n  |     ^^^^^^ use of unresolved module or unlinked crate `kernel`\n  |\n  = help: if you wanted to use a crate named `kernel`, use `cargo add kernel` to add it to your `Cargo.toml`\n\nerror[E0432]: unresolved import `kernel`\n --> /home/runner/check/batch_1/guoweikang/osl/src/linux/log.rs:1:9\n  |\n1 | pub use kernel::{pr_debug, pr_err, pr_info, pr_warn};\n  |         ^^^^^^ use of unresolved module or unlinked crate `kernel`\n  |\n  = help: if you wanted to use a crate named `kernel`, use `cargo add kernel` to add it to your `Cargo.toml`\n\nerror[E0433]: failed to resolve: use of unresolved module or unlinked crate `kernel`\n --> /home/runner/check/batch_1/guoweikang/osl/src/linux/error.rs:3:9\n  |\n3 | pub use kernel::prelude::Error;\n  |         ^^^^^^ use of unresolved module or unlinked crate `kernel`\n  |\n  = help: if you wanted to use a crate named `kernel`, use `cargo add kernel` to add it to your `Cargo.toml`\n\nerror[E0432]: unresolved import `kernel`\n --> /home/runner/check/batch_1/guoweikang/osl/src/linux/complete.rs:3:5\n  |\n3 | use kernel::{completion::Completion, new_completion, prelude::*, sync::Arc};\n  |     ^^^^^^ use of unresolved module or unlinked crate `kernel`\n  |\n  = help: if you wanted to use a crate named `kernel`, use `cargo add kernel` to add it to your `Cargo.toml`\n\nerror: cannot find attribute `pin_data` in this scope\n --> /home/runner/check/batch_1/guoweikang/osl/src/linux/complete.rs:6:3\n  |\n6 | #[pin_data]\n  |   ^^^^^^^^\n\nerror: cannot find attribute `pin` in this scope\n --> /home/runner/check/batch_1/guoweikang/osl/src/linux/complete.rs:8:7\n  |\n8 |     #[pin]\n  |       ^^^\n\nerror: cannot find macro `pin_init` in this scope\n  --> /home/runner/check/batch_1/guoweikang/osl/src/linux/complete.rs:14:23\n   |\n14 |         Arc::pin_init(pin_init!(Self {\n   |                       ^^^^^^^^\n\nerror[E0412]: cannot find type `Arc` in this scope\n  --> /home/runner/check/batch_1/guoweikang/osl/src/sync.rs:33:24\n   |\n33 |     fn new() -> Result<Arc<Self>>;\n   |                        ^^^ not found in this scope\n   |\nhelp: consider importing this struct\n   |\n14 + use alloc::sync::Arc;\n   |\n\nSome errors have detailed explanations: E0412, E0428, E0432, E0433.\nFor more information about an error, try `rustc --explain E0412`.\nerror: could not document `osl`\n\n-----\n\nerror: failed to build rustdoc for crate osl v0.1.0\nnote: this is usually due to a compilation error in the crate,\n      and is unlikely to be a bug in cargo-semver-checks\nnote: the following command can be used to reproduce the compilation error:\n      cargo new --lib example &&\n          cd example &&\n          echo '[workspace]' >> Cargo.toml &&\n          cargo add --path /home/runner/check/batch_1/guoweikang/osl --features arceos,axerrno,axhal,axlog,axsync,axtask,linux &&\n          cargo check\n\nerror: aborting due to failure to build rustdoc for crate osl v0.1.0\n"
            ]
          }
        },
        {
          "file": "src/math.rs",
          "features": "--features arceos",
          "count": 1,
          "kinds": {
            "Clippy(Warn)": [
              "warning: returning the result of a `let` binding from a block\n  --> src/math.rs:51:5\n   |\n50 |     let quotient = n / base as u64;\n   |     ------------------------------- unnecessary `let` binding\n51 |     quotient\n   |     ^^^^^^^^\n   |\n   = help: for further information visit https://rust-lang.github.io/rust-clippy/master/index.html#let_and_return\n   = note: `#[warn(clippy::let_and_return)]` on by default\nhelp: return the expression directly\n   |\n50 ~     \n51 ~     n / base as u64\n   |\n\n"
            ]
          }
        }
      ]
    },
    {
      "user": "qclic",
      "repo": "sparreal-os",
      "pkg": "bare-test",
      "count": 9,
      "raw_reports": [
        {
          "file": "(virtual) semver-checks",
          "features": "",
          "count": 2,
          "kinds": {
            "Cargo": [
              "// pkg_name=bare-test, checker=SemverChecks\n// toolchain=nightly, target=aarch64-unknown-none\n// features=\n// pkg_dir=/home/runner/check/batch_44/qclic/sparreal-os/crates/bare-test\n// cmd=cargo +nightly-2025-01-26-x86_64-unknown-linux-gnu semver-checks --target aarch64-unknown-none \n// timestamp=2025-02-13 4:30:57.051370186 +08:00:00\n    Building bare-test v0.3.2 (current)\nerror: running cargo-doc on crate 'bare-test' failed with output:\n-----\n   Compiling proc-macro2 v1.0.93\n   Compiling unicode-ident v1.0.16\n   Compiling autocfg v1.4.0\n    Checking pin-utils v0.1.0\nerror[E0463]: can't find crate for `core`\n  |\n  = note: the `aarch64-unknown-none` target may not be installed\n  = help: consider downloading the target with `rustup target add aarch64-unknown-none`\n  = help: consider building the standard library from source with `cargo build -Zbuild-std`\n\nFor more information about this error, try `rustc --explain E0463`.\nerror: could not compile `pin-utils` (lib) due to 1 previous error\nwarning: build failed, waiting for other jobs to finish...\n\n-----\n\nerror: failed to build rustdoc for crate bare-test v0.3.2\nnote: this is usually due to a compilation error in the crate,\n      and is unlikely to be a bug in cargo-semver-checks\nnote: the following command can be used to reproduce the compilation error:\n      cargo new --lib example &&\n          cd example &&\n          echo '[workspace]' >> Cargo.toml &&\n          cargo add --path /home/runner/check/batch_44/qclic/sparreal-os/crates/bare-test --features default,rt,sparreal-rt &&\n          cargo check\n\nerror: aborting due to failure to build rustdoc for crate bare-test v0.3.2\n",
              "// pkg_name=bare-test, checker=SemverChecks\n// toolchain=nightly, target=x86_64-unknown-linux-gnu\n// features=\n// pkg_dir=/home/runner/check/batch_44/qclic/sparreal-os/crates/bare-test\n// cmd=cargo +nightly-2025-01-26-x86_64-unknown-linux-gnu semver-checks --target x86_64-unknown-linux-gnu \n// timestamp=2025-02-13 4:30:57.954833153 +08:00:00\n    Building bare-test v0.3.2 (current)\nerror: running cargo-doc on crate 'bare-test' failed with output:\n-----\n   Compiling proc-macro2 v1.0.93\n   Compiling ident_case v1.0.1\n   Compiling lock_api v0.4.12\n   Compiling num-traits v0.2.19\n    Checking futures-sink v0.3.31\n    Checking scopeguard v1.2.0\n    Checking futures-core v0.3.31\n   Compiling fnv v1.0.7\n   Compiling strsim v0.11.1\n    Checking futures-task v0.3.31\n    Checking pin-utils v0.1.0\n    Checking pin-project-lite v0.2.16\n   Compiling rust_decimal v1.36.0\n   Compiling thiserror v2.0.11\n   Compiling quote v1.0.38\n    Checking futures-util v0.3.31\n    Checking spin v0.9.8\n   Compiling syn v2.0.98\n    Checking futures-channel v0.3.31\n    Checking arrayvec v0.7.6\n    Checking futures-io v0.3.31\n    Checking bytemuck v1.21.0\n    Checking log v0.4.25\n   Compiling anyhow v1.0.95\n    Checking rgb v0.8.50\n    Checking bitflags v2.8.0\n    Checking fdt-parser v0.4.9\n    Checking utf8-width v0.1.7\n    Checking byte-unit v5.1.6\n    Checking ansi_rgb v0.2.0\n    Checking buddy_system_allocator v0.11.0\n    Checking lazy_static v1.5.0\n    Checking dma-api v0.2.0\n    Checking pasts v0.14.3\n   Compiling sparreal-rt v0.7.0 (/home/runner/check/batch_44/qclic/sparreal-os/crates/sparreal-rt)\n    Checking memory_addr v0.3.1\n   Compiling bare-test v0.3.2 (/home/runner/check/batch_44/qclic/sparreal-os/crates/bare-test)\n    Checking futures v0.3.31\n    Checking driver-interface v0.4.3\n   Compiling darling_core v0.20.10\n   Compiling abi-singleton v0.3.0\n   Compiling thiserror-impl v2.0.11\n   Compiling bare-test-macros v0.2.0 (/home/runner/check/batch_44/qclic/sparreal-os/crates/bare-test-macros)\n   Compiling darling_macro v0.20.10\n    Checking page-table-generic v0.5.3\n   Compiling darling v0.20.10\n   Compiling sparreal-macros v0.7.0 (/home/runner/check/batch_44/qclic/sparreal-os/crates/sparreal-macros)\n    Checking sparreal-kernel v0.7.0 (/home/runner/check/batch_44/qclic/sparreal-os/crates/sparreal-kernel)\nerror[E0583]: file not found for module `arch`\n  --> /home/runner/check/batch_44/qclic/sparreal-os/crates/sparreal-rt/src/lib.rs:12:1\n   |\n12 | pub mod arch;\n   | ^^^^^^^^^^^^^\n   |\n   = help: to create the module `arch`, create file \"/home/runner/check/batch_44/qclic/sparreal-os/crates/sparreal-rt/src/arch.rs\" or \"/home/runner/check/batch_44/qclic/sparreal-os/crates/sparreal-rt/src/arch/mod.rs\"\n   = note: if there is a `mod arch` elsewhere in the crate already, import it with `use crate::...` instead\n\nFor more information about this error, try `rustc --explain E0583`.\nerror: could not compile `sparreal-rt` (lib) due to 1 previous error\n\n-----\n\nerror: failed to build rustdoc for crate bare-test v0.3.2\nnote: this is usually due to a compilation error in the crate,\n      and is unlikely to be a bug in cargo-semver-checks\nnote: the following command can be used to reproduce the compilation error:\n      cargo new --lib example &&\n          cd example &&\n          echo '[workspace]' >> Cargo.toml &&\n          cargo add --path /home/runner/check/batch_44/qclic/sparreal-os/crates/bare-test --features default,rt,sparreal-rt &&\n          cargo check\n\nerror: aborting due to failure to build rustdoc for crate bare-test v0.3.2\n"
            ]
          }
        },
        {
          "file": "[semver checks]",
          "features": "",
          "count": 2,
          "kinds": {
            "Semver Violation": [
              "pkg=bare-test, checker=SemverChecks\ntoolchain=nightly, target=aarch64-unknown-none\nfeatures=\npkg_dir=/home/runner/check/batch_44/qclic/sparreal-os/crates/bare-test\ncmd=cargo +nightly-2025-01-26-x86_64-unknown-linux-gnu semver-checks --target aarch64-unknown-none \ntimestamp=2025-02-13 4:30:57.953072172 +08:00:00\n\n\nstdout:\n\nstderr:\n    Building bare-test v0.3.2 (current)\nerror: running cargo-doc on crate 'bare-test' failed with output:\n-----\n   Compiling proc-macro2 v1.0.93\n   Compiling unicode-ident v1.0.16\n   Compiling autocfg v1.4.0\n    Checking pin-utils v0.1.0\nerror[E0463]: can't find crate for `core`\n  |\n  = note: the `aarch64-unknown-none` target may not be installed\n  = help: consider downloading the target with `rustup target add aarch64-unknown-none`\n  = help: consider building the standard library from source with `cargo build -Zbuild-std`\n\nFor more information about this error, try `rustc --explain E0463`.\nerror: could not compile `pin-utils` (lib) due to 1 previous error\nwarning: build failed, waiting for other jobs to finish...\n\n-----\n\nerror: failed to build rustdoc for crate bare-test v0.3.2\nnote: this is usually due to a compilation error in the crate,\n      and is unlikely to be a bug in cargo-semver-checks\nnote: the following command can be used to reproduce the compilation error:\n      cargo new --lib example &&\n          cd example &&\n          echo '[workspace]' >> Cargo.toml &&\n          cargo add --path /home/runner/check/batch_44/qclic/sparreal-os/crates/bare-test --features default,rt,sparreal-rt &&\n          cargo check\n\nerror: aborting due to failure to build rustdoc for crate bare-test v0.3.2\n",
              "pkg=bare-test, checker=SemverChecks\ntoolchain=nightly, target=x86_64-unknown-linux-gnu\nfeatures=\npkg_dir=/home/runner/check/batch_44/qclic/sparreal-os/crates/bare-test\ncmd=cargo +nightly-2025-01-26-x86_64-unknown-linux-gnu semver-checks --target x86_64-unknown-linux-gnu \ntimestamp=2025-02-13 4:31:04.644457983 +08:00:00\n\n\nstdout:\n\nstderr:\n    Building bare-test v0.3.2 (current)\nerror: running cargo-doc on crate 'bare-test' failed with output:\n-----\n   Compiling proc-macro2 v1.0.93\n   Compiling ident_case v1.0.1\n   Compiling lock_api v0.4.12\n   Compiling num-traits v0.2.19\n    Checking futures-sink v0.3.31\n    Checking scopeguard v1.2.0\n    Checking futures-core v0.3.31\n   Compiling fnv v1.0.7\n   Compiling strsim v0.11.1\n    Checking futures-task v0.3.31\n    Checking pin-utils v0.1.0\n    Checking pin-project-lite v0.2.16\n   Compiling rust_decimal v1.36.0\n   Compiling thiserror v2.0.11\n   Compiling quote v1.0.38\n    Checking futures-util v0.3.31\n    Checking spin v0.9.8\n   Compiling syn v2.0.98\n    Checking futures-channel v0.3.31\n    Checking arrayvec v0.7.6\n    Checking futures-io v0.3.31\n    Checking bytemuck v1.21.0\n    Checking log v0.4.25\n   Compiling anyhow v1.0.95\n    Checking rgb v0.8.50\n    Checking bitflags v2.8.0\n    Checking fdt-parser v0.4.9\n    Checking utf8-width v0.1.7\n    Checking byte-unit v5.1.6\n    Checking ansi_rgb v0.2.0\n    Checking buddy_system_allocator v0.11.0\n    Checking lazy_static v1.5.0\n    Checking dma-api v0.2.0\n    Checking pasts v0.14.3\n   Compiling sparreal-rt v0.7.0 (/home/runner/check/batch_44/qclic/sparreal-os/crates/sparreal-rt)\n    Checking memory_addr v0.3.1\n   Compiling bare-test v0.3.2 (/home/runner/check/batch_44/qclic/sparreal-os/crates/bare-test)\n    Checking futures v0.3.31\n    Checking driver-interface v0.4.3\n   Compiling darling_core v0.20.10\n   Compiling abi-singleton v0.3.0\n   Compiling thiserror-impl v2.0.11\n   Compiling bare-test-macros v0.2.0 (/home/runner/check/batch_44/qclic/sparreal-os/crates/bare-test-macros)\n   Compiling darling_macro v0.20.10\n    Checking page-table-generic v0.5.3\n   Compiling darling v0.20.10\n   Compiling sparreal-macros v0.7.0 (/home/runner/check/batch_44/qclic/sparreal-os/crates/sparreal-macros)\n    Checking sparreal-kernel v0.7.0 (/home/runner/check/batch_44/qclic/sparreal-os/crates/sparreal-kernel)\nerror[E0583]: file not found for module `arch`\n  --> /home/runner/check/batch_44/qclic/sparreal-os/crates/sparreal-rt/src/lib.rs:12:1\n   |\n12 | pub mod arch;\n   | ^^^^^^^^^^^^^\n   |\n   = help: to create the module `arch`, create file \"/home/runner/check/batch_44/qclic/sparreal-os/crates/sparreal-rt/src/arch.rs\" or \"/home/runner/check/batch_44/qclic/sparreal-os/crates/sparreal-rt/src/arch/mod.rs\"\n   = note: if there is a `mod arch` elsewhere in the crate already, import it with `use crate::...` instead\n\nFor more information about this error, try `rustc --explain E0583`.\nerror: could not compile `sparreal-rt` (lib) due to 1 previous error\n\n-----\n\nerror: failed to build rustdoc for crate bare-test v0.3.2\nnote: this is usually due to a compilation error in the crate,\n      and is unlikely to be a bug in cargo-semver-checks\nnote: the following command can be used to reproduce the compilation error:\n      cargo new --lib example &&\n          cd example &&\n          echo '[workspace]' >> Cargo.toml &&\n          cargo add --path /home/runner/check/batch_44/qclic/sparreal-os/crates/bare-test --features default,rt,sparreal-rt &&\n          cargo check\n\nerror: aborting due to failure to build rustdoc for crate bare-test v0.3.2\n"
            ]
          }
        },
        {
          "file": "crates/sparreal-rt/src/lib.rs",
          "features": "",
          "count": 2,
          "kinds": {
            "Clippy(Error)": [
              "error[E0583]: file not found for module `arch`\n  --> crates/sparreal-rt/src/lib.rs:12:1\n   |\n12 | pub mod arch;\n   | ^^^^^^^^^^^^^\n   |\n   = help: to create the module `arch`, create file \"crates/sparreal-rt/src/arch.rs\" or \"crates/sparreal-rt/src/arch/mod.rs\"\n   = note: if there is a `mod arch` elsewhere in the crate already, import it with `use crate::...` instead\n\n"
            ],
            "Mirai": [
              "error[E0583]: file not found for module `arch`\n  --> crates/sparreal-rt/src/lib.rs:12:1\n   |\n12 | pub mod arch;\n   | ^^^^^^^^^^^^^\n   |\n   = help: to create the module `arch`, create file \"crates/sparreal-rt/src/arch.rs\" or \"crates/sparreal-rt/src/arch/mod.rs\"\n   = note: if there is a `mod arch` elsewhere in the crate already, import it with `use crate::...` instead\n\n"
            ]
          }
        },
        {
          "file": "(virtual) clippy",
          "features": "",
          "count": 1,
          "kinds": {
            "Cargo": [
              "// pkg_name=bare-test, checker=Clippy\n// toolchain=nightly, target=x86_64-unknown-linux-gnu\n// features=\n// pkg_dir=/home/runner/check/batch_44/qclic/sparreal-os/crates/bare-test\n// cmd=cargo clippy --target x86_64-unknown-linux-gnu  --no-deps\n// timestamp=2025-02-13 4:30:46.081395488 +08:00:00\n    Checking scopeguard v1.2.0\n   Compiling lock_api v0.4.12\n    Checking futures-core v0.3.31\n    Checking futures-sink v0.3.31\n   Compiling num-traits v0.2.19\n    Checking futures-task v0.3.31\n    Checking pin-utils v0.1.0\n    Checking pin-project-lite v0.2.16\n   Compiling rust_decimal v1.36.0\n    Checking futures-util v0.3.31\n    Checking futures-channel v0.3.31\n   Compiling thiserror v2.0.11\n    Checking spin v0.9.8\n    Checking arrayvec v0.7.6\n    Checking log v0.4.25\n    Checking futures-io v0.3.31\n    Checking bytemuck v1.21.0\n   Compiling anyhow v1.0.95\n    Checking fdt-parser v0.4.9\n    Checking rgb v0.8.50\n    Checking utf8-width v0.1.7\n    Checking bitflags v2.8.0\n    Checking page-table-generic v0.5.3\n    Checking ansi_rgb v0.2.0\n    Checking buddy_system_allocator v0.11.0\n    Checking lazy_static v1.5.0\n    Checking memory_addr v0.3.1\n    Checking dma-api v0.2.0\n    Checking byte-unit v5.1.6\n    Checking pasts v0.14.3\n   Compiling sparreal-rt v0.7.0 (/home/runner/check/batch_44/qclic/sparreal-os/crates/sparreal-rt)\n   Compiling bare-test v0.3.2 (/home/runner/check/batch_44/qclic/sparreal-os/crates/bare-test)\n    Checking futures v0.3.31\n    Checking driver-interface v0.4.3\n    Checking sparreal-kernel v0.7.0 (/home/runner/check/batch_44/qclic/sparreal-os/crates/sparreal-kernel)\nerror: could not compile `sparreal-rt` (lib) due to 1 previous error\n"
            ]
          }
        },
        {
          "file": "(virtual) lockbud",
          "features": "",
          "count": 1,
          "kinds": {
            "Cargo": [
              "// pkg_name=bare-test, checker=Lockbud\n// toolchain=nightly, target=x86_64-unknown-linux-gnu\n// features=\n// pkg_dir=/home/runner/check/batch_44/qclic/sparreal-os/crates/bare-test\n// cmd=cargo +nightly-2024-12-01 lockbud -k all -- --target x86_64-unknown-linux-gnu \n// timestamp=2025-02-13 4:32:35.111437353 +08:00:00\n   Compiling lock_api v0.4.12\n   Compiling futures-sink v0.3.31\n   Compiling scopeguard v1.2.0\n   Compiling futures-core v0.3.31\n   Compiling num-traits v0.2.19\n   Compiling pin-utils v0.1.0\n   Compiling futures-task v0.3.31\n   Compiling pin-project-lite v0.2.16\n   Compiling futures-channel v0.3.31\n   Compiling futures-util v0.3.31\n   Compiling thiserror v2.0.11\n   Compiling spin v0.9.8\n   Compiling rust_decimal v1.36.0\n   Compiling arrayvec v0.7.6\n   Compiling bytemuck v1.21.0\n   Compiling futures-io v0.3.31\n   Compiling log v0.4.25\n   Compiling anyhow v1.0.95\n[2025-02-12T20:32:35Z WARN  lockbud::callbacks] [\n      {\n        \"AtomicityViolation\": {\n          \"bug_kind\": \"AtomicityViolation\",\n          \"possibility\": \"Possibly\",\n          \"diagnosis\": {\n            \"fn_name\": \"set_logger_racy\",\n            \"atomic_reader\": \"/home/runner/.cargo/registry/src/index.crates.io-6f17d22bba15001f/log-0.4.25/src/lib.rs:1453:11: 1453:40 (#0)\",\n            \"atomic_writer\": \"/home/runner/.cargo/registry/src/index.crates.io-6f17d22bba15001f/log-0.4.25/src/lib.rs:1456:13: 1456:56 (#0)\",\n            \"dep_kind\": \"Control\"\n          },\n          \"explanation\": \"atomic::store is data/control dependent on atomic::load\"\n        }\n      }\n    ]\n[2025-02-12T20:32:35Z WARN  lockbud::callbacks] crate log contains bugs: { probably: 0, possibly: 0 }, conflictlock: { probably: 0, possibly: 0 }, condvar_deadlock: { probably: 0, possibly: 0 }, atomicity_violation: { possibly: 1 }, invalid_free: { possibly: 0 }, use_after_free: { possibly: 0 }\n   Compiling rgb v0.8.50\n   Compiling fdt-parser v0.4.9\n   Compiling utf8-width v0.1.7\n   Compiling bitflags v2.8.0\n   Compiling page-table-generic v0.5.3\n   Compiling ansi_rgb v0.2.0\n   Compiling byte-unit v5.1.6\n   Compiling buddy_system_allocator v0.11.0\n   Compiling lazy_static v1.5.0\n   Compiling dma-api v0.2.0\n   Compiling memory_addr v0.3.1\n   Compiling pasts v0.14.3\n   Compiling sparreal-rt v0.7.0 (/home/runner/check/batch_44/qclic/sparreal-os/crates/sparreal-rt)\n   Compiling bare-test v0.3.2 (/home/runner/check/batch_44/qclic/sparreal-os/crates/bare-test)\n   Compiling futures v0.3.31\n   Compiling driver-interface v0.4.3\n   Compiling sparreal-kernel v0.7.0 (/home/runner/check/batch_44/qclic/sparreal-os/crates/sparreal-kernel)\nerror[E0583]: file not found for module `arch`\n  --> crates/sparreal-rt/src/lib.rs:12:1\n   |\n12 | pub mod arch;\n   | ^^^^^^^^^^^^^\n   |\n   = help: to create the module `arch`, create file \"crates/sparreal-rt/src/arch.rs\" or \"crates/sparreal-rt/src/arch/mod.rs\"\n   = note: if there is a `mod arch` elsewhere in the crate already, import it with `use crate::...` instead\n\nFor more information about this error, try `rustc --explain E0583`.\nerror: could not compile `sparreal-rt` (lib) due to 1 previous error\nwarning: build failed, waiting for other jobs to finish...\n"
            ]
          }
        },
        {
          "file": "(virtual) mirai",
          "features": "",
          "count": 1,
          "kinds": {
            "Cargo": [
              "// pkg_name=bare-test, checker=Mirai\n// toolchain=nightly, target=x86_64-unknown-linux-gnu\n// features=\n// pkg_dir=/home/runner/check/batch_44/qclic/sparreal-os/crates/bare-test\n// cmd=cargo +nightly-2025-01-04 mirai --target x86_64-unknown-linux-gnu \n// timestamp=2025-02-13 4:31:28.768266798 +08:00:00\n   Compiling proc-macro2 v1.0.93\n   Compiling unicode-ident v1.0.16\n   Compiling autocfg v1.4.0\n   Compiling fnv v1.0.7\n   Compiling ident_case v1.0.1\n    Checking scopeguard v1.2.0\n   Compiling strsim v0.11.1\n    Checking futures-sink v0.3.31\n    Checking futures-core v0.3.31\n    Checking pin-project-lite v0.2.16\n    Checking pin-utils v0.1.0\n    Checking futures-task v0.3.31\n   Compiling rust_decimal v1.36.0\n   Compiling thiserror v2.0.11\n   Compiling lock_api v0.4.12\n   Compiling num-traits v0.2.19\n   Compiling quote v1.0.38\n    Checking spin v0.9.8\n   Compiling syn v2.0.98\n    Checking futures-util v0.3.31\n    Checking futures-channel v0.3.31\n    Checking log v0.4.25\n    Checking arrayvec v0.7.6\n    Checking futures-io v0.3.31\n   Compiling anyhow v1.0.95\n    Checking bytemuck v1.21.0\n    Checking rgb v0.8.50\n    Checking fdt-parser v0.4.9\n    Checking bitflags v2.8.0\n    Checking utf8-width v0.1.7\n    Checking byte-unit v5.1.6\n    Checking ansi_rgb v0.2.0\n    Checking buddy_system_allocator v0.11.0\n    Checking lazy_static v1.5.0\n    Checking pasts v0.14.3\n    Checking memory_addr v0.3.1\n   Compiling sparreal-rt v0.7.0 (/home/runner/check/batch_44/qclic/sparreal-os/crates/sparreal-rt)\n    Checking dma-api v0.2.0\n   Compiling bare-test v0.3.2 (/home/runner/check/batch_44/qclic/sparreal-os/crates/bare-test)\n    Checking futures v0.3.31\n    Checking driver-interface v0.4.3\n   Compiling darling_core v0.20.10\n   Compiling abi-singleton v0.3.0\n   Compiling thiserror-impl v2.0.11\n   Compiling bare-test-macros v0.2.0 (/home/runner/check/batch_44/qclic/sparreal-os/crates/bare-test-macros)\n   Compiling darling_macro v0.20.10\n    Checking page-table-generic v0.5.3\n   Compiling darling v0.20.10\n   Compiling sparreal-macros v0.7.0 (/home/runner/check/batch_44/qclic/sparreal-os/crates/sparreal-macros)\n    Checking sparreal-kernel v0.7.0 (/home/runner/check/batch_44/qclic/sparreal-os/crates/sparreal-kernel)\nerror: could not compile `sparreal-rt` (lib) due to 1 previous error\n"
            ]
          }
        }
      ]
    },
    {
      "user": "qclic",
      "repo": "sparreal-os",
      "pkg": "sparreal-rt",
      "count": 9,
      "raw_reports": [
        {
          "file": "(virtual) semver-checks",
          "features": "",
          "count": 2,
          "kinds": {
            "Cargo": [
              "// pkg_name=sparreal-rt, checker=SemverChecks\n// toolchain=nightly, target=aarch64-unknown-none\n// features=\n// pkg_dir=/home/runner/check/batch_44/qclic/sparreal-os/crates/sparreal-rt\n// cmd=cargo +nightly-2025-01-26-x86_64-unknown-linux-gnu semver-checks --target aarch64-unknown-none \n// timestamp=2025-02-13 4:31:21.101204324 +08:00:00\n    Building sparreal-rt v0.7.0 (current)\nerror: running cargo-doc on crate 'sparreal-rt' failed with output:\n-----\n   Compiling proc-macro2 v1.0.93\n   Compiling autocfg v1.4.0\n   Compiling unicode-ident v1.0.16\n    Checking pin-utils v0.1.0\nerror[E0463]: can't find crate for `core`\n  |\n  = note: the `aarch64-unknown-none` target may not be installed\n  = help: consider downloading the target with `rustup target add aarch64-unknown-none`\n  = help: consider building the standard library from source with `cargo build -Zbuild-std`\n\nFor more information about this error, try `rustc --explain E0463`.\nerror: could not compile `pin-utils` (lib) due to 1 previous error\nwarning: build failed, waiting for other jobs to finish...\n\n-----\n\nerror: failed to build rustdoc for crate sparreal-rt v0.7.0\nnote: this is usually due to a compilation error in the crate,\n      and is unlikely to be a bug in cargo-semver-checks\nnote: the following command can be used to reproduce the compilation error:\n      cargo new --lib example &&\n          cd example &&\n          echo '[workspace]' >> Cargo.toml &&\n          cargo add --path /home/runner/check/batch_44/qclic/sparreal-os/crates/sparreal-rt --features default,early-print &&\n          cargo check\n\nerror: aborting due to failure to build rustdoc for crate sparreal-rt v0.7.0\n",
              "// pkg_name=sparreal-rt, checker=SemverChecks\n// toolchain=nightly, target=x86_64-unknown-linux-gnu\n// features=\n// pkg_dir=/home/runner/check/batch_44/qclic/sparreal-os/crates/sparreal-rt\n// cmd=cargo +nightly-2025-01-26-x86_64-unknown-linux-gnu semver-checks --target x86_64-unknown-linux-gnu \n// timestamp=2025-02-13 4:31:22.001307226 +08:00:00\n    Building sparreal-rt v0.7.0 (current)\nerror: running cargo-doc on crate 'sparreal-rt' failed with output:\n-----\n   Compiling proc-macro2 v1.0.93\n    Checking scopeguard v1.2.0\n   Compiling lock_api v0.4.12\n   Compiling num-traits v0.2.19\n   Compiling strsim v0.11.1\n    Checking futures-sink v0.3.31\n   Compiling fnv v1.0.7\n    Checking futures-core v0.3.31\n   Compiling ident_case v1.0.1\n    Checking futures-task v0.3.31\n   Compiling thiserror v2.0.11\n    Checking pin-utils v0.1.0\n   Compiling quote v1.0.38\n   Compiling rust_decimal v1.36.0\n   Compiling syn v2.0.98\n    Checking pin-project-lite v0.2.16\n    Checking futures-util v0.3.31\n    Checking spin v0.9.8\n    Checking futures-channel v0.3.31\n   Compiling anyhow v1.0.95\n    Checking arrayvec v0.7.6\n    Checking log v0.4.25\n    Checking bytemuck v1.21.0\n    Checking futures-io v0.3.31\n    Checking rgb v0.8.50\n    Checking fdt-parser v0.4.9\n    Checking utf8-width v0.1.7\n    Checking bitflags v2.8.0\n    Checking byte-unit v5.1.6\n    Checking ansi_rgb v0.2.0\n    Checking lazy_static v1.5.0\n    Checking buddy_system_allocator v0.11.0\n    Checking dma-api v0.2.0\n   Compiling sparreal-rt v0.7.0 (/home/runner/check/batch_44/qclic/sparreal-os/crates/sparreal-rt)\n    Checking memory_addr v0.3.1\n    Checking pasts v0.14.3\n    Checking futures v0.3.31\n    Checking driver-interface v0.4.3\n   Compiling darling_core v0.20.10\n   Compiling abi-singleton v0.3.0\n   Compiling thiserror-impl v2.0.11\n   Compiling darling_macro v0.20.10\n   Compiling darling v0.20.10\n   Compiling sparreal-macros v0.7.0 (/home/runner/check/batch_44/qclic/sparreal-os/crates/sparreal-macros)\n    Checking page-table-generic v0.5.3\n    Checking sparreal-kernel v0.7.0 (/home/runner/check/batch_44/qclic/sparreal-os/crates/sparreal-kernel)\n Documenting sparreal-rt v0.7.0 (/home/runner/check/batch_44/qclic/sparreal-os/crates/sparreal-rt)\nerror[E0583]: file not found for module `arch`\n  --> /home/runner/check/batch_44/qclic/sparreal-os/crates/sparreal-rt/src/lib.rs:12:1\n   |\n12 | pub mod arch;\n   | ^^^^^^^^^^^^^\n   |\n   = help: to create the module `arch`, create file \"/home/runner/check/batch_44/qclic/sparreal-os/crates/sparreal-rt/src/arch.rs\" or \"/home/runner/check/batch_44/qclic/sparreal-os/crates/sparreal-rt/src/arch/mod.rs\"\n   = note: if there is a `mod arch` elsewhere in the crate already, import it with `use crate::...` instead\n\nFor more information about this error, try `rustc --explain E0583`.\nerror: could not document `sparreal-rt`\n\n-----\n\nerror: failed to build rustdoc for crate sparreal-rt v0.7.0\nnote: this is usually due to a compilation error in the crate,\n      and is unlikely to be a bug in cargo-semver-checks\nnote: the following command can be used to reproduce the compilation error:\n      cargo new --lib example &&\n          cd example &&\n          echo '[workspace]' >> Cargo.toml &&\n          cargo add --path /home/runner/check/batch_44/qclic/sparreal-os/crates/sparreal-rt --features default,early-print &&\n          cargo check\n\nerror: aborting due to failure to build rustdoc for crate sparreal-rt v0.7.0\n"
            ]
          }
        },
        {
          "file": "[semver checks]",
          "features": "",
          "count": 2,
          "kinds": {
            "Semver Violation": [
              "pkg=sparreal-rt, checker=SemverChecks\ntoolchain=nightly, target=aarch64-unknown-none\nfeatures=\npkg_dir=/home/runner/check/batch_44/qclic/sparreal-os/crates/sparreal-rt\ncmd=cargo +nightly-2025-01-26-x86_64-unknown-linux-gnu semver-checks --target aarch64-unknown-none \ntimestamp=2025-02-13 4:31:21.999594877 +08:00:00\n\n\nstdout:\n\nstderr:\n    Building sparreal-rt v0.7.0 (current)\nerror: running cargo-doc on crate 'sparreal-rt' failed with output:\n-----\n   Compiling proc-macro2 v1.0.93\n   Compiling autocfg v1.4.0\n   Compiling unicode-ident v1.0.16\n    Checking pin-utils v0.1.0\nerror[E0463]: can't find crate for `core`\n  |\n  = note: the `aarch64-unknown-none` target may not be installed\n  = help: consider downloading the target with `rustup target add aarch64-unknown-none`\n  = help: consider building the standard library from source with `cargo build -Zbuild-std`\n\nFor more information about this error, try `rustc --explain E0463`.\nerror: could not compile `pin-utils` (lib) due to 1 previous error\nwarning: build failed, waiting for other jobs to finish...\n\n-----\n\nerror: failed to build rustdoc for crate sparreal-rt v0.7.0\nnote: this is usually due to a compilation error in the crate,\n      and is unlikely to be a bug in cargo-semver-checks\nnote: the following command can be used to reproduce the compilation error:\n      cargo new --lib example &&\n          cd example &&\n          echo '[workspace]' >> Cargo.toml &&\n          cargo add --path /home/runner/check/batch_44/qclic/sparreal-os/crates/sparreal-rt --features default,early-print &&\n          cargo check\n\nerror: aborting due to failure to build rustdoc for crate sparreal-rt v0.7.0\n",
              "pkg=sparreal-rt, checker=SemverChecks\ntoolchain=nightly, target=x86_64-unknown-linux-gnu\nfeatures=\npkg_dir=/home/runner/check/batch_44/qclic/sparreal-os/crates/sparreal-rt\ncmd=cargo +nightly-2025-01-26-x86_64-unknown-linux-gnu semver-checks --target x86_64-unknown-linux-gnu \ntimestamp=2025-02-13 4:31:28.448999779 +08:00:00\n\n\nstdout:\n\nstderr:\n    Building sparreal-rt v0.7.0 (current)\nerror: running cargo-doc on crate 'sparreal-rt' failed with output:\n-----\n   Compiling proc-macro2 v1.0.93\n    Checking scopeguard v1.2.0\n   Compiling lock_api v0.4.12\n   Compiling num-traits v0.2.19\n   Compiling strsim v0.11.1\n    Checking futures-sink v0.3.31\n   Compiling fnv v1.0.7\n    Checking futures-core v0.3.31\n   Compiling ident_case v1.0.1\n    Checking futures-task v0.3.31\n   Compiling thiserror v2.0.11\n    Checking pin-utils v0.1.0\n   Compiling quote v1.0.38\n   Compiling rust_decimal v1.36.0\n   Compiling syn v2.0.98\n    Checking pin-project-lite v0.2.16\n    Checking futures-util v0.3.31\n    Checking spin v0.9.8\n    Checking futures-channel v0.3.31\n   Compiling anyhow v1.0.95\n    Checking arrayvec v0.7.6\n    Checking log v0.4.25\n    Checking bytemuck v1.21.0\n    Checking futures-io v0.3.31\n    Checking rgb v0.8.50\n    Checking fdt-parser v0.4.9\n    Checking utf8-width v0.1.7\n    Checking bitflags v2.8.0\n    Checking byte-unit v5.1.6\n    Checking ansi_rgb v0.2.0\n    Checking lazy_static v1.5.0\n    Checking buddy_system_allocator v0.11.0\n    Checking dma-api v0.2.0\n   Compiling sparreal-rt v0.7.0 (/home/runner/check/batch_44/qclic/sparreal-os/crates/sparreal-rt)\n    Checking memory_addr v0.3.1\n    Checking pasts v0.14.3\n    Checking futures v0.3.31\n    Checking driver-interface v0.4.3\n   Compiling darling_core v0.20.10\n   Compiling abi-singleton v0.3.0\n   Compiling thiserror-impl v2.0.11\n   Compiling darling_macro v0.20.10\n   Compiling darling v0.20.10\n   Compiling sparreal-macros v0.7.0 (/home/runner/check/batch_44/qclic/sparreal-os/crates/sparreal-macros)\n    Checking page-table-generic v0.5.3\n    Checking sparreal-kernel v0.7.0 (/home/runner/check/batch_44/qclic/sparreal-os/crates/sparreal-kernel)\n Documenting sparreal-rt v0.7.0 (/home/runner/check/batch_44/qclic/sparreal-os/crates/sparreal-rt)\nerror[E0583]: file not found for module `arch`\n  --> /home/runner/check/batch_44/qclic/sparreal-os/crates/sparreal-rt/src/lib.rs:12:1\n   |\n12 | pub mod arch;\n   | ^^^^^^^^^^^^^\n   |\n   = help: to create the module `arch`, create file \"/home/runner/check/batch_44/qclic/sparreal-os/crates/sparreal-rt/src/arch.rs\" or \"/home/runner/check/batch_44/qclic/sparreal-os/crates/sparreal-rt/src/arch/mod.rs\"\n   = note: if there is a `mod arch` elsewhere in the crate already, import it with `use crate::...` instead\n\nFor more information about this error, try `rustc --explain E0583`.\nerror: could not document `sparreal-rt`\n\n-----\n\nerror: failed to build rustdoc for crate sparreal-rt v0.7.0\nnote: this is usually due to a compilation error in the crate,\n      and is unlikely to be a bug in cargo-semver-checks\nnote: the following command can be used to reproduce the compilation error:\n      cargo new --lib example &&\n          cd example &&\n          echo '[workspace]' >> Cargo.toml &&\n          cargo add --path /home/runner/check/batch_44/qclic/sparreal-os/crates/sparreal-rt --features default,early-print &&\n          cargo check\n\nerror: aborting due to failure to build rustdoc for crate sparreal-rt v0.7.0\n"
            ]
          }
        },
        {
          "file": "crates/sparreal-rt/src/lib.rs",
          "features": "",
          "count": 2,
          "kinds": {
            "Mirai": [
              "error[E0583]: file not found for module `arch`\n  --> crates/sparreal-rt/src/lib.rs:12:1\n   |\n12 | pub mod arch;\n   | ^^^^^^^^^^^^^\n   |\n   = help: to create the module `arch`, create file \"crates/sparreal-rt/src/arch.rs\" or \"crates/sparreal-rt/src/arch/mod.rs\"\n   = note: if there is a `mod arch` elsewhere in the crate already, import it with `use crate::...` instead\n\n"
            ],
            "Clippy(Error)": [
              "error[E0583]: file not found for module `arch`\n  --> crates/sparreal-rt/src/lib.rs:12:1\n   |\n12 | pub mod arch;\n   | ^^^^^^^^^^^^^\n   |\n   = help: to create the module `arch`, create file \"crates/sparreal-rt/src/arch.rs\" or \"crates/sparreal-rt/src/arch/mod.rs\"\n   = note: if there is a `mod arch` elsewhere in the crate already, import it with `use crate::...` instead\n\n"
            ]
          }
        },
        {
          "file": "(virtual) clippy",
          "features": "",
          "count": 1,
          "kinds": {
            "Cargo": [
              "// pkg_name=sparreal-rt, checker=Clippy\n// toolchain=nightly, target=x86_64-unknown-linux-gnu\n// features=\n// pkg_dir=/home/runner/check/batch_44/qclic/sparreal-os/crates/sparreal-rt\n// cmd=cargo clippy --target x86_64-unknown-linux-gnu  --no-deps\n// timestamp=2025-02-13 4:30:56.884618252 +08:00:00\n    Checking sparreal-rt v0.7.0 (/home/runner/check/batch_44/qclic/sparreal-os/crates/sparreal-rt)\nerror: could not compile `sparreal-rt` (lib) due to 1 previous error\n"
            ]
          }
        },
        {
          "file": "(virtual) lockbud",
          "features": "",
          "count": 1,
          "kinds": {
            "Cargo": [
              "// pkg_name=sparreal-rt, checker=Lockbud\n// toolchain=nightly, target=x86_64-unknown-linux-gnu\n// features=\n// pkg_dir=/home/runner/check/batch_44/qclic/sparreal-os/crates/sparreal-rt\n// cmd=cargo +nightly-2024-12-01 lockbud -k all -- --target x86_64-unknown-linux-gnu \n// timestamp=2025-02-13 4:32:45.720285781 +08:00:00\n[2025-02-12T20:32:35Z WARN  lockbud::callbacks] [\n      {\n        \"AtomicityViolation\": {\n          \"bug_kind\": \"AtomicityViolation\",\n          \"possibility\": \"Possibly\",\n          \"diagnosis\": {\n            \"fn_name\": \"set_logger_racy\",\n            \"atomic_reader\": \"/home/runner/.cargo/registry/src/index.crates.io-6f17d22bba15001f/log-0.4.25/src/lib.rs:1453:11: 1453:40 (#0)\",\n            \"atomic_writer\": \"/home/runner/.cargo/registry/src/index.crates.io-6f17d22bba15001f/log-0.4.25/src/lib.rs:1456:13: 1456:56 (#0)\",\n            \"dep_kind\": \"Control\"\n          },\n          \"explanation\": \"atomic::store is data/control dependent on atomic::load\"\n        }\n      }\n    ]\n[2025-02-12T20:32:35Z WARN  lockbud::callbacks] crate log contains bugs: { probably: 0, possibly: 0 }, conflictlock: { probably: 0, possibly: 0 }, condvar_deadlock: { probably: 0, possibly: 0 }, atomicity_violation: { possibly: 1 }, invalid_free: { possibly: 0 }, use_after_free: { possibly: 0 }\n   Compiling sparreal-rt v0.7.0 (/home/runner/check/batch_44/qclic/sparreal-os/crates/sparreal-rt)\nerror[E0583]: file not found for module `arch`\n  --> crates/sparreal-rt/src/lib.rs:12:1\n   |\n12 | pub mod arch;\n   | ^^^^^^^^^^^^^\n   |\n   = help: to create the module `arch`, create file \"crates/sparreal-rt/src/arch.rs\" or \"crates/sparreal-rt/src/arch/mod.rs\"\n   = note: if there is a `mod arch` elsewhere in the crate already, import it with `use crate::...` instead\n\nFor more information about this error, try `rustc --explain E0583`.\nerror: could not compile `sparreal-rt` (lib) due to 1 previous error\n"
            ]
          }
        },
        {
          "file": "(virtual) mirai",
          "features": "",
          "count": 1,
          "kinds": {
            "Cargo": [
              "// pkg_name=sparreal-rt, checker=Mirai\n// toolchain=nightly, target=x86_64-unknown-linux-gnu\n// features=\n// pkg_dir=/home/runner/check/batch_44/qclic/sparreal-os/crates/sparreal-rt\n// cmd=cargo +nightly-2025-01-04 mirai --target x86_64-unknown-linux-gnu \n// timestamp=2025-02-13 4:32:23.596141435 +08:00:00\n    Checking sparreal-rt v0.7.0 (/home/runner/check/batch_44/qclic/sparreal-os/crates/sparreal-rt)\nerror: could not compile `sparreal-rt` (lib) due to 1 previous error\n"
            ]
          }
        }
      ]
    },
    {
      "user": "qclic",
      "repo": "sparreal-os",
      "pkg": "page-table-arm",
      "count": 7,
      "raw_reports": [
        {
          "file": "crates/page-table-arm/src/pte64.rs",
          "features": "",
          "count": 3,
          "kinds": {
            "Clippy(Warn)": [
              "warning: unused import: `aarch64_cpu::registers`\n --> crates/page-table-arm/src/pte64.rs:2:5\n  |\n2 | use aarch64_cpu::registers::*;\n  |     ^^^^^^^^^^^^^^^^^^^^^^\n  |\n  = note: `#[warn(unused_imports)]` on by default\n\n"
            ],
            "Mirai": [
              "warning: unused import: `aarch64_cpu::registers`\n --> crates/page-table-arm/src/pte64.rs:2:5\n  |\n2 | use aarch64_cpu::registers::*;\n  |     ^^^^^^^^^^^^^^^^^^^^^^\n  |\n  = note: `#[warn(unused_imports)]` on by default\n\n",
              "warning: unused import: `aarch64_cpu::registers`\n --> crates/page-table-arm/src/pte64.rs:2:5\n  |\n2 | use aarch64_cpu::registers::*;\n  |     ^^^^^^^^^^^^^^^^^^^^^^\n  |\n  = note: `#[warn(unused_imports)]` on by default\n\n"
            ]
          }
        },
        {
          "file": "(virtual) semver-checks",
          "features": "",
          "count": 2,
          "kinds": {
            "Cargo": [
              "// pkg_name=page-table-arm, checker=SemverChecks\n// toolchain=nightly, target=aarch64-unknown-none\n// features=\n// pkg_dir=/home/runner/check/batch_44/qclic/sparreal-os/crates/page-table-arm\n// cmd=cargo +nightly-2025-01-26-x86_64-unknown-linux-gnu semver-checks --target aarch64-unknown-none \n// timestamp=2025-02-13 4:31:06.892529289 +08:00:00\n    Building page-table-arm v0.1.0 (current)\nerror: running cargo-doc on crate 'page-table-arm' failed with output:\n-----\n    Checking tock-registers v0.9.0\n    Checking log v0.4.25\n    Checking bitflags v2.8.0\nerror[E0463]: can't find crate for `core`\n  |\n  = note: the `aarch64-unknown-none` target may not be installed\n  = help: consider downloading the target with `rustup target add aarch64-unknown-none`\n  = help: consider building the standard library from source with `cargo build -Zbuild-std`\n\nFor more information about this error, try `rustc --explain E0463`.\nerror: could not compile `bitflags` (lib) due to 1 previous error\nwarning: build failed, waiting for other jobs to finish...\nerror: could not compile `tock-registers` (lib) due to 1 previous error\nerror: could not compile `log` (lib) due to 1 previous error\n\n-----\n\nerror: failed to build rustdoc for crate page-table-arm v0.1.0\nnote: this is usually due to a compilation error in the crate,\n      and is unlikely to be a bug in cargo-semver-checks\nnote: the following command can be used to reproduce the compilation error:\n      cargo new --lib example &&\n          cd example &&\n          echo '[workspace]' >> Cargo.toml &&\n          cargo add --path /home/runner/check/batch_44/qclic/sparreal-os/crates/page-table-arm &&\n          cargo check\n\nerror: aborting due to failure to build rustdoc for crate page-table-arm v0.1.0\n",
              "// pkg_name=page-table-arm, checker=SemverChecks\n// toolchain=nightly, target=x86_64-unknown-linux-gnu\n// features=\n// pkg_dir=/home/runner/check/batch_44/qclic/sparreal-os/crates/page-table-arm\n// cmd=cargo +nightly-2025-01-26-x86_64-unknown-linux-gnu semver-checks --target x86_64-unknown-linux-gnu \n// timestamp=2025-02-13 4:31:07.311930675 +08:00:00\n    Building page-table-arm v0.1.0 (current)\n       Built [   1.730s] (current)\n     Parsing page-table-arm v0.1.0 (current)\nerror: unsupported rustdoc format v39 for file: /home/runner/check/batch_44/qclic/sparreal-os/target/semver-checks/local-page_table_arm-0_1_0-01666ec060466c14/target/x86_64-unknown-linux-gnu/doc/page_table_arm.json\n"
            ]
          }
        },
        {
          "file": "[semver checks]",
          "features": "",
          "count": 2,
          "kinds": {
            "Semver Violation": [
              "pkg=page-table-arm, checker=SemverChecks\ntoolchain=nightly, target=aarch64-unknown-none\nfeatures=\npkg_dir=/home/runner/check/batch_44/qclic/sparreal-os/crates/page-table-arm\ncmd=cargo +nightly-2025-01-26-x86_64-unknown-linux-gnu semver-checks --target aarch64-unknown-none \ntimestamp=2025-02-13 4:31:07.310063368 +08:00:00\n\n\nstdout:\n\nstderr:\n    Building page-table-arm v0.1.0 (current)\nerror: running cargo-doc on crate 'page-table-arm' failed with output:\n-----\n    Checking tock-registers v0.9.0\n    Checking log v0.4.25\n    Checking bitflags v2.8.0\nerror[E0463]: can't find crate for `core`\n  |\n  = note: the `aarch64-unknown-none` target may not be installed\n  = help: consider downloading the target with `rustup target add aarch64-unknown-none`\n  = help: consider building the standard library from source with `cargo build -Zbuild-std`\n\nFor more information about this error, try `rustc --explain E0463`.\nerror: could not compile `bitflags` (lib) due to 1 previous error\nwarning: build failed, waiting for other jobs to finish...\nerror: could not compile `tock-registers` (lib) due to 1 previous error\nerror: could not compile `log` (lib) due to 1 previous error\n\n-----\n\nerror: failed to build rustdoc for crate page-table-arm v0.1.0\nnote: this is usually due to a compilation error in the crate,\n      and is unlikely to be a bug in cargo-semver-checks\nnote: the following command can be used to reproduce the compilation error:\n      cargo new --lib example &&\n          cd example &&\n          echo '[workspace]' >> Cargo.toml &&\n          cargo add --path /home/runner/check/batch_44/qclic/sparreal-os/crates/page-table-arm &&\n          cargo check\n\nerror: aborting due to failure to build rustdoc for crate page-table-arm v0.1.0\n",
              "pkg=page-table-arm, checker=SemverChecks\ntoolchain=nightly, target=x86_64-unknown-linux-gnu\nfeatures=\npkg_dir=/home/runner/check/batch_44/qclic/sparreal-os/crates/page-table-arm\ncmd=cargo +nightly-2025-01-26-x86_64-unknown-linux-gnu semver-checks --target x86_64-unknown-linux-gnu \ntimestamp=2025-02-13 4:31:09.3114942 +08:00:00\n\n\nstdout:\n\nstderr:\n    Building page-table-arm v0.1.0 (current)\n       Built [   1.730s] (current)\n     Parsing page-table-arm v0.1.0 (current)\nerror: unsupported rustdoc format v39 for file: /home/runner/check/batch_44/qclic/sparreal-os/target/semver-checks/local-page_table_arm-0_1_0-01666ec060466c14/target/x86_64-unknown-linux-gnu/doc/page_table_arm.json\n"
            ]
          }
        }
      ]
    },
    {
      "user": "qclic",
      "repo": "sparreal-os",
      "pkg": "sparreal-kernel",
      "count": 7,
      "raw_reports": [
        {
          "file": "(virtual) semver-checks",
          "features": "",
          "count": 2,
          "kinds": {
            "Cargo": [
              "// pkg_name=sparreal-kernel, checker=SemverChecks\n// toolchain=nightly, target=aarch64-unknown-none\n// features=\n// pkg_dir=/home/runner/check/batch_44/qclic/sparreal-os/crates/sparreal-kernel\n// cmd=cargo +nightly-2025-01-26-x86_64-unknown-linux-gnu semver-checks --target aarch64-unknown-none \n// timestamp=2025-02-13 4:31:13.798069514 +08:00:00\n    Building sparreal-kernel v0.7.0 (current)\nerror: running cargo-doc on crate 'sparreal-kernel' failed with output:\n-----\n   Compiling proc-macro2 v1.0.93\n   Compiling autocfg v1.4.0\n   Compiling unicode-ident v1.0.16\n    Checking scopeguard v1.2.0\nerror[E0463]: can't find crate for `core`\n  |\n  = note: the `aarch64-unknown-none` target may not be installed\n  = help: consider downloading the target with `rustup target add aarch64-unknown-none`\n  = help: consider building the standard library from source with `cargo build -Zbuild-std`\n\nFor more information about this error, try `rustc --explain E0463`.\nerror: could not compile `scopeguard` (lib) due to 1 previous error\nwarning: build failed, waiting for other jobs to finish...\n\n-----\n\nerror: failed to build rustdoc for crate sparreal-kernel v0.7.0\nnote: this is usually due to a compilation error in the crate,\n      and is unlikely to be a bug in cargo-semver-checks\nnote: the following command can be used to reproduce the compilation error:\n      cargo new --lib example &&\n          cd example &&\n          echo '[workspace]' >> Cargo.toml &&\n          cargo add --path /home/runner/check/batch_44/qclic/sparreal-os/crates/sparreal-kernel --features mmu &&\n          cargo check\n\nerror: aborting due to failure to build rustdoc for crate sparreal-kernel v0.7.0\n",
              "// pkg_name=sparreal-kernel, checker=SemverChecks\n// toolchain=nightly, target=x86_64-unknown-linux-gnu\n// features=\n// pkg_dir=/home/runner/check/batch_44/qclic/sparreal-os/crates/sparreal-kernel\n// cmd=cargo +nightly-2025-01-26-x86_64-unknown-linux-gnu semver-checks --target x86_64-unknown-linux-gnu \n// timestamp=2025-02-13 4:31:14.552429199 +08:00:00\n    Building sparreal-kernel v0.7.0 (current)\n       Built [   6.169s] (current)\n     Parsing sparreal-kernel v0.7.0 (current)\nerror: unsupported rustdoc format v39 for file: /home/runner/check/batch_44/qclic/sparreal-os/target/semver-checks/local-sparreal_kernel-0_7_0-e805fc98d032ecc4/target/x86_64-unknown-linux-gnu/doc/sparreal_kernel.json\n"
            ]
          }
        },
        {
          "file": "[semver checks]",
          "features": "",
          "count": 2,
          "kinds": {
            "Semver Violation": [
              "pkg=sparreal-kernel, checker=SemverChecks\ntoolchain=nightly, target=aarch64-unknown-none\nfeatures=\npkg_dir=/home/runner/check/batch_44/qclic/sparreal-os/crates/sparreal-kernel\ncmd=cargo +nightly-2025-01-26-x86_64-unknown-linux-gnu semver-checks --target aarch64-unknown-none \ntimestamp=2025-02-13 4:31:14.550580133 +08:00:00\n\n\nstdout:\n\nstderr:\n    Building sparreal-kernel v0.7.0 (current)\nerror: running cargo-doc on crate 'sparreal-kernel' failed with output:\n-----\n   Compiling proc-macro2 v1.0.93\n   Compiling autocfg v1.4.0\n   Compiling unicode-ident v1.0.16\n    Checking scopeguard v1.2.0\nerror[E0463]: can't find crate for `core`\n  |\n  = note: the `aarch64-unknown-none` target may not be installed\n  = help: consider downloading the target with `rustup target add aarch64-unknown-none`\n  = help: consider building the standard library from source with `cargo build -Zbuild-std`\n\nFor more information about this error, try `rustc --explain E0463`.\nerror: could not compile `scopeguard` (lib) due to 1 previous error\nwarning: build failed, waiting for other jobs to finish...\n\n-----\n\nerror: failed to build rustdoc for crate sparreal-kernel v0.7.0\nnote: this is usually due to a compilation error in the crate,\n      and is unlikely to be a bug in cargo-semver-checks\nnote: the following command can be used to reproduce the compilation error:\n      cargo new --lib example &&\n          cd example &&\n          echo '[workspace]' >> Cargo.toml &&\n          cargo add --path /home/runner/check/batch_44/qclic/sparreal-os/crates/sparreal-kernel --features mmu &&\n          cargo check\n\nerror: aborting due to failure to build rustdoc for crate sparreal-kernel v0.7.0\n",
              "pkg=sparreal-kernel, checker=SemverChecks\ntoolchain=nightly, target=x86_64-unknown-linux-gnu\nfeatures=\npkg_dir=/home/runner/check/batch_44/qclic/sparreal-os/crates/sparreal-kernel\ncmd=cargo +nightly-2025-01-26-x86_64-unknown-linux-gnu semver-checks --target x86_64-unknown-linux-gnu \ntimestamp=2025-02-13 4:31:21.099619723 +08:00:00\n\n\nstdout:\n\nstderr:\n    Building sparreal-kernel v0.7.0 (current)\n       Built [   6.169s] (current)\n     Parsing sparreal-kernel v0.7.0 (current)\nerror: unsupported rustdoc format v39 for file: /home/runner/check/batch_44/qclic/sparreal-os/target/semver-checks/local-sparreal_kernel-0_7_0-e805fc98d032ecc4/target/x86_64-unknown-linux-gnu/doc/sparreal_kernel.json\n"
            ]
          }
        },
        {
          "file": "src/irq/mod.rs",
          "features": "",
          "count": 2,
          "kinds": {
            "Unformatted": [
              "file: /home/runner/check/batch_44/qclic/sparreal-os/crates/sparreal-kernel/src/irq/mod.rs (original lines from 64 to 71)\n-        g.irq_chips.0.insert(\n-            id,\n-            Chip {\n-                device,\n-                mutex: Mutex::new(()),\n-                handlers: UnsafeCell::new(Default::default()),\n-            },\n-        );\n+        g.irq_chips.0.insert(id, Chip {\n+            device,\n+            mutex: Mutex::new(()),\n+            handlers: UnsafeCell::new(Default::default()),\n+        });\n",
              "file: /home/runner/check/batch_44/qclic/sparreal-os/crates/sparreal-kernel/src/irq/mod.rs (original lines from 64 to 71)\n-        g.irq_chips.0.insert(\n-            id,\n-            Chip {\n-                device,\n-                mutex: Mutex::new(()),\n-                handlers: UnsafeCell::new(Default::default()),\n-            },\n-        );\n+        g.irq_chips.0.insert(id, Chip {\n+            device,\n+            mutex: Mutex::new(()),\n+            handlers: UnsafeCell::new(Default::default()),\n+        });\n"
            ]
          }
        },
        {
          "file": "(virtual) mirai",
          "features": "",
          "count": 1,
          "kinds": {
            "Cargo": [
              "// pkg_name=sparreal-kernel, checker=Mirai\n// toolchain=nightly, target=x86_64-unknown-linux-gnu\n// features=\n// pkg_dir=/home/runner/check/batch_44/qclic/sparreal-os/crates/sparreal-kernel\n// cmd=cargo +nightly-2025-01-04 mirai --target x86_64-unknown-linux-gnu \n// timestamp=2025-02-13 4:31:47.430215513 +08:00:00\n    Checking sparreal-kernel v0.7.0 (/home/runner/check/batch_44/qclic/sparreal-os/crates/sparreal-kernel)\nerror: could not compile `sparreal-kernel` (lib)\n\nCaused by:\n  process didn't exit successfully: `/home/runner/.cargo/bin/cargo-mirai /home/runner/.rustup/toolchains/nightly-2025-01-04-x86_64-unknown-linux-gnu/bin/rustc --crate-name sparreal_kernel --edition=2024 crates/sparreal-kernel/src/lib.rs --error-format=json --json=diagnostic-rendered-ansi,artifacts,future-incompat --crate-type lib --emit=dep-info,metadata -C embed-bitcode=no -C debuginfo=2 --check-cfg 'cfg(docsrs,test)' --check-cfg 'cfg(feature, values(\"mmu\"))' -C metadata=8be3469d155fffba -C extra-filename=-b30b62d5412552fd --out-dir /home/runner/check/batch_44/qclic/sparreal-os/target/x86_64-unknown-linux-gnu/debug/deps --target x86_64-unknown-linux-gnu -L dependency=/home/runner/check/batch_44/qclic/sparreal-os/target/x86_64-unknown-linux-gnu/debug/deps -L dependency=/home/runner/check/batch_44/qclic/sparreal-os/target/debug/deps --extern ansi_rgb=/home/runner/check/batch_44/qclic/sparreal-os/target/x86_64-unknown-linux-gnu/debug/deps/libansi_rgb-bba38514cc511623.rmeta --extern anyhow=/home/runner/check/batch_44/qclic/sparreal-os/target/x86_64-unknown-linux-gnu/debug/deps/libanyhow-eba7425ecfce850e.rmeta --extern buddy_system_allocator=/home/runner/check/batch_44/qclic/sparreal-os/target/x86_64-unknown-linux-gnu/debug/deps/libbuddy_system_allocator-ef1b48831f14f040.rmeta --extern byte_unit=/home/runner/check/batch_44/qclic/sparreal-os/target/x86_64-unknown-linux-gnu/debug/deps/libbyte_unit-98997fc41e690cc7.rmeta --extern dma_api=/home/runner/check/batch_44/qclic/sparreal-os/target/x86_64-unknown-linux-gnu/debug/deps/libdma_api-8c941b66f69f77c6.rmeta --extern driver_interface=/home/runner/check/batch_44/qclic/sparreal-os/target/x86_64-unknown-linux-gnu/debug/deps/libdriver_interface-ba375c59a0e7c3ec.rmeta --extern fdt_parser=/home/runner/check/batch_44/qclic/sparreal-os/target/x86_64-unknown-linux-gnu/debug/deps/libfdt_parser-dc46b2fa8f8a81fc.rmeta --extern lazy_static=/home/runner/check/batch_44/qclic/sparreal-os/target/x86_64-unknown-linux-gnu/debug/deps/liblazy_static-5a0fad8729c5b949.rmeta --extern lock_api=/home/runner/check/batch_44/qclic/sparreal-os/target/x86_64-unknown-linux-gnu/debug/deps/liblock_api-c5c1452ea742d8ff.rmeta --extern log=/home/runner/check/batch_44/qclic/sparreal-os/target/x86_64-unknown-linux-gnu/debug/deps/liblog-8c2c8baf35fcf0fb.rmeta --extern memory_addr=/home/runner/check/batch_44/qclic/sparreal-os/target/x86_64-unknown-linux-gnu/debug/deps/libmemory_addr-ad52795bd3f466ce.rmeta --extern page_table_generic=/home/runner/check/batch_44/qclic/sparreal-os/target/x86_64-unknown-linux-gnu/debug/deps/libpage_table_generic-4a7f468de91067d8.rmeta --extern pasts=/home/runner/check/batch_44/qclic/sparreal-os/target/x86_64-unknown-linux-gnu/debug/deps/libpasts-aeaaa6ad223862f9.rmeta --extern rgb=/home/runner/check/batch_44/qclic/sparreal-os/target/x86_64-unknown-linux-gnu/debug/deps/librgb-5acf696f10628d8b.rmeta --extern sparreal_macros=/home/runner/check/batch_44/qclic/sparreal-os/target/debug/deps/libsparreal_macros-4c4eb0f20c794b22.so --extern spin=/home/runner/check/batch_44/qclic/sparreal-os/target/x86_64-unknown-linux-gnu/debug/deps/libspin-0ea1d3e5a5b6602b.rmeta --extern thiserror=/home/runner/check/batch_44/qclic/sparreal-os/target/x86_64-unknown-linux-gnu/debug/deps/libthiserror-438a6b8c7a33c889.rmeta --cfg mirai -Z always_encode_mir` (exit status: 1)\n"
            ]
          }
        }
      ]
    },
    {
      "user": "qclic",
      "repo": "sparreal-os",
      "pkg": "helloworld",
      "count": 6,
      "raw_reports": [
        {
          "file": "(virtual) lockbud",
          "features": "",
          "count": 2,
          "kinds": {
            "Cargo": [
              "// pkg_name=helloworld, checker=Lockbud\n// toolchain=nightly, target=aarch64-unknown-none\n// features=\n// pkg_dir=/home/runner/check/batch_44/qclic/sparreal-os/app/helloworld\n// cmd=cargo +nightly-2024-12-01 lockbud -k all -- --target aarch64-unknown-none \n// timestamp=2025-02-13 4:32:38.837228953 +08:00:00\n[2025-02-12T20:32:24Z WARN  lockbud::callbacks] [\n      {\n        \"AtomicityViolation\": {\n          \"bug_kind\": \"AtomicityViolation\",\n          \"possibility\": \"Possibly\",\n          \"diagnosis\": {\n            \"fn_name\": \"set_logger_racy\",\n            \"atomic_reader\": \"/home/runner/.cargo/registry/src/index.crates.io-6f17d22bba15001f/log-0.4.25/src/lib.rs:1453:11: 1453:40 (#0)\",\n            \"atomic_writer\": \"/home/runner/.cargo/registry/src/index.crates.io-6f17d22bba15001f/log-0.4.25/src/lib.rs:1456:13: 1456:56 (#0)\",\n            \"dep_kind\": \"Control\"\n          },\n          \"explanation\": \"atomic::store is data/control dependent on atomic::load\"\n        }\n      }\n    ]\n[2025-02-12T20:32:24Z WARN  lockbud::callbacks] crate log contains bugs: { probably: 0, possibly: 0 }, conflictlock: { probably: 0, possibly: 0 }, condvar_deadlock: { probably: 0, possibly: 0 }, atomicity_violation: { possibly: 1 }, invalid_free: { possibly: 0 }, use_after_free: { possibly: 0 }\n[2025-02-12T20:32:27Z WARN  lockbud::callbacks] [\n      {\n        \"UseAfterFree\": {\n          \"bug_kind\": \"UseAfterFree\",\n          \"possibility\": \"Possibly\",\n          \"diagnosis\": \"Raw ptr is used at /home/runner/.cargo/registry/src/index.crates.io-6f17d22bba15001f/once_cell-1.20.3/src/imp_std.rs:218:18: 218:55 (#0) after dropped at /home/runner/.cargo/registry/src/index.crates.io-6f17d22bba15001f/once_cell-1.20.3/src/imp_std.rs:238:5: 238:6 (#0)\",\n          \"explanation\": \"Raw ptr is used or escapes the current function after the pointed value is dropped\"\n        }\n      },\n      {\n        \"UseAfterFree\": {\n          \"bug_kind\": \"UseAfterFree\",\n          \"possibility\": \"Possibly\",\n          \"diagnosis\": \"Raw ptr is used at /home/runner/.cargo/registry/src/index.crates.io-6f17d22bba15001f/once_cell-1.20.3/src/imp_std.rs:222:13: 222:53 (#0) after dropped at /home/runner/.cargo/registry/src/index.crates.io-6f17d22bba15001f/once_cell-1.20.3/src/imp_std.rs:238:5: 238:6 (#0)\",\n          \"explanation\": \"Raw ptr is used or escapes the current function after the pointed value is dropped\"\n        }\n      }\n    ]\n[2025-02-12T20:32:27Z WARN  lockbud::callbacks] crate once_cell contains bugs: { probably: 0, possibly: 0 }, conflictlock: { probably: 0, possibly: 0 }, condvar_deadlock: { probably: 0, possibly: 0 }, atomicity_violation: { possibly: 0 }, invalid_free: { possibly: 0 }, use_after_free: { possibly: 2 }\n   Compiling sparreal-rt v0.7.0 (/home/runner/check/batch_44/qclic/sparreal-os/crates/sparreal-rt)\n   Compiling helloworld v0.1.0 (/home/runner/check/batch_44/qclic/sparreal-os/app/helloworld)\nerror: linking with `rust-lld` failed: exit status: 1\n  |\n  = note: LC_ALL=\"C\" PATH=\"/home/runner/.rustup/toolchains/nightly-2024-12-01-x86_64-unknown-linux-gnu/lib/rustlib/x86_64-unknown-linux-gnu/bin:/snap/bin:/home/runner/.local/bin:/opt/pipx_bin:/home/runner/.cargo/bin:/home/runner/.config/composer/vendor/bin:/usr/local/.ghcup/bin:/home/runner/.dotnet/tools:/usr/local/sbin:/usr/local/bin:/usr/sbin:/usr/bin:/sbin:/bin:/usr/games:/usr/local/games:/snap/bin\" VSLANG=\"1033\" \"rust-lld\" \"-flavor\" \"gnu\" \"--fix-cortex-a53-843419\" \"/tmp/rustc1NF4U3/symbols.o\" \"/home/runner/check/batch_44/qclic/sparreal-os/target/aarch64-unknown-none/debug/deps/helloworld-27af41021f859e9e.helloworld.18f318e10f610862-cgu.0.rcgu.o\" \"/home/runner/check/batch_44/qclic/sparreal-os/target/aarch64-unknown-none/debug/deps/helloworld-27af41021f859e9e.cs1siaki1ao1pb6a4dym9boiu.rcgu.o\" \"--as-needed\" \"-Bstatic\" \"/home/runner/check/batch_44/qclic/sparreal-os/target/aarch64-unknown-none/debug/deps/libsparreal_rt-287013011bc388a0.rlib\" \"/home/runner/check/batch_44/qclic/sparreal-os/target/aarch64-unknown-none/debug/deps/libpage_table_arm-dd429d18e1f86851.rlib\" \"/home/runner/check/batch_44/qclic/sparreal-os/target/aarch64-unknown-none/debug/deps/libarm_gic_driver-42ab80d474cd034c.rlib\" \"/home/runner/check/batch_44/qclic/sparreal-os/target/aarch64-unknown-none/debug/deps/libaarch64_cpu-a45cc68f09b43f66.rlib\" \"/home/runner/check/batch_44/qclic/sparreal-os/target/aarch64-unknown-none/debug/deps/libtock_registers-556adaad34ab1202.rlib\" \"/home/runner/check/batch_44/qclic/sparreal-os/target/aarch64-unknown-none/debug/deps/libsparreal_kernel-525872ccb42dec28.rlib\" \"/home/runner/check/batch_44/qclic/sparreal-os/target/aarch64-unknown-none/debug/deps/libbyte_unit-6e1d92d9131875a7.rlib\" \"/home/runner/check/batch_44/qclic/sparreal-os/target/aarch64-unknown-none/debug/deps/libutf8_width-7b5c6c6d081e64e0.rlib\" \"/home/runner/check/batch_44/qclic/sparreal-os/target/aarch64-unknown-none/debug/deps/librust_decimal-24398f71299a5ed0.rlib\" \"/home/runner/check/batch_44/qclic/sparreal-os/target/aarch64-unknown-none/debug/deps/libarrayvec-2945cc6f3b29f1a8.rlib\" \"/home/runner/check/batch_44/qclic/sparreal-os/target/aarch64-unknown-none/debug/deps/libnum_traits-b6f1b4f9845773ff.rlib\" \"/home/runner/check/batch_44/qclic/sparreal-os/target/aarch64-unknown-none/debug/deps/libpage_table_generic-85d77131149e2df6.rlib\" \"/home/runner/check/batch_44/qclic/sparreal-os/target/aarch64-unknown-none/debug/deps/libbitflags-a458d2ae94bdc5f0.rlib\" \"/home/runner/check/batch_44/qclic/sparreal-os/target/aarch64-unknown-none/debug/deps/libdma_api-3616dd00f6d23d73.rlib\" \"/home/runner/check/batch_44/qclic/sparreal-os/target/aarch64-unknown-none/debug/deps/libbuddy_system_allocator-3b1766c3be9ff268.rlib\" \"/home/runner/check/batch_44/qclic/sparreal-os/target/aarch64-unknown-none/debug/deps/libthiserror-340e8eb0a7929e96.rlib\" \"/home/runner/check/batch_44/qclic/sparreal-os/target/aarch64-unknown-none/debug/deps/libspin-d99e7467a0ff3e67.rlib\" \"/home/runner/check/batch_44/qclic/sparreal-os/target/aarch64-unknown-none/debug/deps/liblock_api-574798f4ec16a08c.rlib\" \"/home/runner/check/batch_44/qclic/sparreal-os/target/aarch64-unknown-none/debug/deps/libscopeguard-3f386e3fe2881fd1.rlib\" \"/home/runner/check/batch_44/qclic/sparreal-os/target/aarch64-unknown-none/debug/deps/libdriver_interface-0ed1bcb0e08c06cf.rlib\" \"/home/runner/check/batch_44/qclic/sparreal-os/target/aarch64-unknown-none/debug/deps/libfdt_parser-61bf0bbad6e7fdb0.rlib\" \"/home/runner/check/batch_44/qclic/sparreal-os/target/aarch64-unknown-none/debug/deps/libansi_rgb-a62d7bc352ea9492.rlib\" \"/home/runner/check/batch_44/qclic/sparreal-os/target/aarch64-unknown-none/debug/deps/librgb-f8779f6baea1659d.rlib\" \"/home/runner/check/batch_44/qclic/sparreal-os/target/aarch64-unknown-none/debug/deps/libbytemuck-439b8d7e0a2075f9.rlib\" \"/home/runner/check/batch_44/qclic/sparreal-os/target/aarch64-unknown-none/debug/deps/liblog-66a2993c6ba9820e.rlib\" \"/home/runner/.rustup/toolchains/nightly-2024-12-01-x86_64-unknown-linux-gnu/lib/rustlib/aarch64-unknown-none/lib/liballoc-71cc8839518d40dc.rlib\" \"/home/runner/.rustup/toolchains/nightly-2024-12-01-x86_64-unknown-linux-gnu/lib/rustlib/aarch64-unknown-none/lib/librustc_std_workspace_core-84c97a6fc6b01f0c.rlib\" \"/home/runner/.rustup/toolchains/nightly-2024-12-01-x86_64-unknown-linux-gnu/lib/rustlib/aarch64-unknown-none/lib/libcore-1c34871c0ac06d09.rlib\" \"/home/runner/.rustup/toolchains/nightly-2024-12-01-x86_64-unknown-linux-gnu/lib/rustlib/aarch64-unknown-none/lib/libcompiler_builtins-6135238bf3e4d955.rlib\" \"-Bdynamic\" \"--eh-frame-hdr\" \"-z\" \"noexecstack\" \"-L\" \"/home/runner/check/batch_44/qclic/sparreal-os/target/aarch64-unknown-none/debug/build/sparreal-rt-4c522ea9d95621a6/out\" \"-o\" \"/home/runner/check/batch_44/qclic/sparreal-os/target/aarch64-unknown-none/debug/deps/helloworld-27af41021f859e9e\" \"--gc-sections\"\n  = note: rust-lld: error: undefined symbol: _kernel_size\n          >>> referenced by sparreal_rt.35315176f344bc09-cgu.0\n          >>>               sparreal_rt-287013011bc388a0.sparreal_rt.35315176f344bc09-cgu.0.rcgu.o:(.text.head+0x10) in archive /home/runner/check/batch_44/qclic/sparreal-os/target/aarch64-unknown-none/debug/deps/libsparreal_rt-287013011bc388a0.rlib\n          \n          rust-lld: error: undefined symbol: _stack_top\n          >>> referenced by sparreal_rt.35315176f344bc09-cgu.0\n          >>>               sparreal_rt-287013011bc388a0.sparreal_rt.35315176f344bc09-cgu.0.rcgu.o:(.text.boot.start+0xC88) in archive /home/runner/check/batch_44/qclic/sparreal-os/target/aarch64-unknown-none/debug/deps/libsparreal_rt-287013011bc388a0.rlib\n          \n          rust-lld: error: undefined symbol: _sbss\n          >>> referenced by mem.rs:11 (crates/sparreal-rt/src/mem.rs:11)\n          >>>               sparreal_rt-287013011bc388a0.sparreal_rt.35315176f344bc09-cgu.0.rcgu.o:(sparreal_rt::mem::clear_bss::h76c9f0e03b014834) in archive /home/runner/check/batch_44/qclic/sparreal-os/target/aarch64-unknown-none/debug/deps/libsparreal_rt-287013011bc388a0.rlib\n          >>> referenced by mem.rs:11 (crates/sparreal-rt/src/mem.rs:11)\n          >>>               sparreal_rt-287013011bc388a0.sparreal_rt.35315176f344bc09-cgu.0.rcgu.o:(sparreal_rt::mem::clear_bss::h76c9f0e03b014834) in archive /home/runner/check/batch_44/qclic/sparreal-os/target/aarch64-unknown-none/debug/deps/libsparreal_rt-287013011bc388a0.rlib\n          >>> referenced by mem.rs:11 (crates/sparreal-rt/src/mem.rs:11)\n          >>>               sparreal_rt-287013011bc388a0.sparreal_rt.35315176f344bc09-cgu.0.rcgu.o:(sparreal_rt::mem::clear_bss::h76c9f0e03b014834) in archive /home/runner/check/batch_44/qclic/sparreal-os/target/aarch64-unknown-none/debug/deps/libsparreal_rt-287013011bc388a0.rlib\n          >>> referenced 3 more times\n          \n          rust-lld: error: undefined symbol: _ebss\n          >>> referenced by mem.rs:11 (crates/sparreal-rt/src/mem.rs:11)\n          >>>               sparreal_rt-287013011bc388a0.sparreal_rt.35315176f344bc09-cgu.0.rcgu.o:(sparreal_rt::mem::clear_bss::h76c9f0e03b014834) in archive /home/runner/check/batch_44/qclic/sparreal-os/target/aarch64-unknown-none/debug/deps/libsparreal_rt-287013011bc388a0.rlib\n          >>> referenced by mem.rs:11 (crates/sparreal-rt/src/mem.rs:11)\n          >>>               sparreal_rt-287013011bc388a0.sparreal_rt.35315176f344bc09-cgu.0.rcgu.o:(sparreal_rt::mem::clear_bss::h76c9f0e03b014834) in archive /home/runner/check/batch_44/qclic/sparreal-os/target/aarch64-unknown-none/debug/deps/libsparreal_rt-287013011bc388a0.rlib\n          >>> referenced by mem.rs:11 (crates/sparreal-rt/src/mem.rs:11)\n          >>>               sparreal_rt-287013011bc388a0.sparreal_rt.35315176f344bc09-cgu.0.rcgu.o:(sparreal_rt::mem::clear_bss::h76c9f0e03b014834) in archive /home/runner/check/batch_44/qclic/sparreal-os/target/aarch64-unknown-none/debug/deps/libsparreal_rt-287013011bc388a0.rlib\n          >>> referenced 3 more times\n          \n          rust-lld: error: undefined symbol: _stext\n          >>> referenced by mem.rs:28 (crates/sparreal-rt/src/mem.rs:28)\n          >>>               sparreal_rt-287013011bc388a0.sparreal_rt.35315176f344bc09-cgu.0.rcgu.o:(sparreal_rt::mem::kernel_regions::ha4f73f4b982ba386) in archive /home/runner/check/batch_44/qclic/sparreal-os/target/aarch64-unknown-none/debug/deps/libsparreal_rt-287013011bc388a0.rlib\n          >>> referenced by mem.rs:28 (crates/sparreal-rt/src/mem.rs:28)\n          >>>               sparreal_rt-287013011bc388a0.sparreal_rt.35315176f344bc09-cgu.0.rcgu.o:(sparreal_rt::mem::kernel_regions::ha4f73f4b982ba386) in archive /home/runner/check/batch_44/qclic/sparreal-os/target/aarch64-unknown-none/debug/deps/libsparreal_rt-287013011bc388a0.rlib\n          \n          rust-lld: error: undefined symbol: _srodata\n          >>> referenced by mem.rs:28 (crates/sparreal-rt/src/mem.rs:28)\n          >>>               sparreal_rt-287013011bc388a0.sparreal_rt.35315176f344bc09-cgu.0.rcgu.o:(sparreal_rt::mem::kernel_regions::ha4f73f4b982ba386) in archive /home/runner/check/batch_44/qclic/sparreal-os/target/aarch64-unknown-none/debug/deps/libsparreal_rt-287013011bc388a0.rlib\n          >>> referenced by mem.rs:28 (crates/sparreal-rt/src/mem.rs:28)\n          >>>               sparreal_rt-287013011bc388a0.sparreal_rt.35315176f344bc09-cgu.0.rcgu.o:(sparreal_rt::mem::kernel_regions::ha4f73f4b982ba386) in archive /home/runner/check/batch_44/qclic/sparreal-os/target/aarch64-unknown-none/debug/deps/libsparreal_rt-287013011bc388a0.rlib\n          \n          rust-lld: error: undefined symbol: _erodata\n          >>> referenced by mem.rs:28 (crates/sparreal-rt/src/mem.rs:28)\n          >>>               sparreal_rt-287013011bc388a0.sparreal_rt.35315176f344bc09-cgu.0.rcgu.o:(sparreal_rt::mem::kernel_regions::ha4f73f4b982ba386) in archive /home/runner/check/batch_44/qclic/sparreal-os/target/aarch64-unknown-none/debug/deps/libsparreal_rt-287013011bc388a0.rlib\n          >>> referenced by mem.rs:28 (crates/sparreal-rt/src/mem.rs:28)\n          >>>               sparreal_rt-287013011bc388a0.sparreal_rt.35315176f344bc09-cgu.0.rcgu.o:(sparreal_rt::mem::kernel_regions::ha4f73f4b982ba386) in archive /home/runner/check/batch_44/qclic/sparreal-os/target/aarch64-unknown-none/debug/deps/libsparreal_rt-287013011bc388a0.rlib\n          \n          rust-lld: error: undefined symbol: _sdata\n          >>> referenced by mem.rs:28 (crates/sparreal-rt/src/mem.rs:28)\n          >>>               sparreal_rt-287013011bc388a0.sparreal_rt.35315176f344bc09-cgu.0.rcgu.o:(sparreal_rt::mem::kernel_regions::ha4f73f4b982ba386) in archive /home/runner/check/batch_44/qclic/sparreal-os/target/aarch64-unknown-none/debug/deps/libsparreal_rt-287013011bc388a0.rlib\n          >>> referenced by mem.rs:28 (crates/sparreal-rt/src/mem.rs:28)\n          >>>               sparreal_rt-287013011bc388a0.sparreal_rt.35315176f344bc09-cgu.0.rcgu.o:(sparreal_rt::mem::kernel_regions::ha4f73f4b982ba386) in archive /home/runner/check/batch_44/qclic/sparreal-os/target/aarch64-unknown-none/debug/deps/libsparreal_rt-287013011bc388a0.rlib\n          \n          rust-lld: error: undefined symbol: _sdriver\n          >>> referenced by mem.rs:54 (crates/sparreal-rt/src/mem.rs:54)\n          >>>               sparreal_rt-287013011bc388a0.sparreal_rt.35315176f344bc09-cgu.0.rcgu.o:(sparreal_rt::mem::driver_registers::hc14b0ca2518cae20) in archive /home/runner/check/batch_44/qclic/sparreal-os/target/aarch64-unknown-none/debug/deps/libsparreal_rt-287013011bc388a0.rlib\n          >>> referenced by mem.rs:54 (crates/sparreal-rt/src/mem.rs:54)\n          >>>               sparreal_rt-287013011bc388a0.sparreal_rt.35315176f344bc09-cgu.0.rcgu.o:(sparreal_rt::mem::driver_registers::hc14b0ca2518cae20) in archive /home/runner/check/batch_44/qclic/sparreal-os/target/aarch64-unknown-none/debug/deps/libsparreal_rt-287013011bc388a0.rlib\n          >>> referenced by mem.rs:54 (crates/sparreal-rt/src/mem.rs:54)\n          >>>               sparreal_rt-287013011bc388a0.sparreal_rt.35315176f344bc09-cgu.0.rcgu.o:(sparreal_rt::mem::driver_registers::hc14b0ca2518cae20) in archive /home/runner/check/batch_44/qclic/sparreal-os/target/aarch64-unknown-none/debug/deps/libsparreal_rt-287013011bc388a0.rlib\n          >>> referenced 1 more times\n          \n          rust-lld: error: undefined symbol: _edriver\n          >>> referenced by mem.rs:54 (crates/sparreal-rt/src/mem.rs:54)\n          >>>               sparreal_rt-287013011bc388a0.sparreal_rt.35315176f344bc09-cgu.0.rcgu.o:(sparreal_rt::mem::driver_registers::hc14b0ca2518cae20) in archive /home/runner/check/batch_44/qclic/sparreal-os/target/aarch64-unknown-none/debug/deps/libsparreal_rt-287013011bc388a0.rlib\n          >>> referenced by mem.rs:54 (crates/sparreal-rt/src/mem.rs:54)\n          >>>               sparreal_rt-287013011bc388a0.sparreal_rt.35315176f344bc09-cgu.0.rcgu.o:(sparreal_rt::mem::driver_registers::hc14b0ca2518cae20) in archive /home/runner/check/batch_44/qclic/sparreal-os/target/aarch64-unknown-none/debug/deps/libsparreal_rt-287013011bc388a0.rlib\n          >>> referenced by mem.rs:54 (crates/sparreal-rt/src/mem.rs:54)\n          >>>               sparreal_rt-287013011bc388a0.sparreal_rt.35315176f344bc09-cgu.0.rcgu.o:(sparreal_rt::mem::driver_registers::hc14b0ca2518cae20) in archive /home/runner/check/batch_44/qclic/sparreal-os/target/aarch64-unknown-none/debug/deps/libsparreal_rt-287013011bc388a0.rlib\n          >>> referenced 1 more times\n          \n\nerror: could not compile `helloworld` (bin \"helloworld\") due to 1 previous error\n",
              "// pkg_name=helloworld, checker=Lockbud\n// toolchain=nightly, target=x86_64-unknown-linux-gnu\n// features=\n// pkg_dir=/home/runner/check/batch_44/qclic/sparreal-os/app/helloworld\n// cmd=cargo +nightly-2024-12-01 lockbud -k all -- --target x86_64-unknown-linux-gnu \n// timestamp=2025-02-13 4:32:39.376683487 +08:00:00\n[2025-02-12T20:32:35Z WARN  lockbud::callbacks] [\n      {\n        \"AtomicityViolation\": {\n          \"bug_kind\": \"AtomicityViolation\",\n          \"possibility\": \"Possibly\",\n          \"diagnosis\": {\n            \"fn_name\": \"set_logger_racy\",\n            \"atomic_reader\": \"/home/runner/.cargo/registry/src/index.crates.io-6f17d22bba15001f/log-0.4.25/src/lib.rs:1453:11: 1453:40 (#0)\",\n            \"atomic_writer\": \"/home/runner/.cargo/registry/src/index.crates.io-6f17d22bba15001f/log-0.4.25/src/lib.rs:1456:13: 1456:56 (#0)\",\n            \"dep_kind\": \"Control\"\n          },\n          \"explanation\": \"atomic::store is data/control dependent on atomic::load\"\n        }\n      }\n    ]\n[2025-02-12T20:32:35Z WARN  lockbud::callbacks] crate log contains bugs: { probably: 0, possibly: 0 }, conflictlock: { probably: 0, possibly: 0 }, condvar_deadlock: { probably: 0, possibly: 0 }, atomicity_violation: { possibly: 1 }, invalid_free: { possibly: 0 }, use_after_free: { possibly: 0 }\n   Compiling sparreal-rt v0.7.0 (/home/runner/check/batch_44/qclic/sparreal-os/crates/sparreal-rt)\nerror[E0583]: file not found for module `arch`\n  --> crates/sparreal-rt/src/lib.rs:12:1\n   |\n12 | pub mod arch;\n   | ^^^^^^^^^^^^^\n   |\n   = help: to create the module `arch`, create file \"crates/sparreal-rt/src/arch.rs\" or \"crates/sparreal-rt/src/arch/mod.rs\"\n   = note: if there is a `mod arch` elsewhere in the crate already, import it with `use crate::...` instead\n\nFor more information about this error, try `rustc --explain E0583`.\nerror: could not compile `sparreal-rt` (lib) due to 1 previous error\n"
            ]
          }
        },
        {
          "file": "crates/sparreal-rt/src/lib.rs",
          "features": "",
          "count": 2,
          "kinds": {
            "Mirai": [
              "error[E0583]: file not found for module `arch`\n  --> crates/sparreal-rt/src/lib.rs:12:1\n   |\n12 | pub mod arch;\n   | ^^^^^^^^^^^^^\n   |\n   = help: to create the module `arch`, create file \"crates/sparreal-rt/src/arch.rs\" or \"crates/sparreal-rt/src/arch/mod.rs\"\n   = note: if there is a `mod arch` elsewhere in the crate already, import it with `use crate::...` instead\n\n"
            ],
            "Clippy(Error)": [
              "error[E0583]: file not found for module `arch`\n  --> crates/sparreal-rt/src/lib.rs:12:1\n   |\n12 | pub mod arch;\n   | ^^^^^^^^^^^^^\n   |\n   = help: to create the module `arch`, create file \"crates/sparreal-rt/src/arch.rs\" or \"crates/sparreal-rt/src/arch/mod.rs\"\n   = note: if there is a `mod arch` elsewhere in the crate already, import it with `use crate::...` instead\n\n"
            ]
          }
        },
        {
          "file": "(virtual) clippy",
          "features": "",
          "count": 1,
          "kinds": {
            "Cargo": [
              "// pkg_name=helloworld, checker=Clippy\n// toolchain=nightly, target=x86_64-unknown-linux-gnu\n// features=\n// pkg_dir=/home/runner/check/batch_44/qclic/sparreal-os/app/helloworld\n// cmd=cargo clippy --target x86_64-unknown-linux-gnu  --no-deps\n// timestamp=2025-02-13 4:30:50.995856428 +08:00:00\n   Compiling sparreal-rt v0.7.0 (/home/runner/check/batch_44/qclic/sparreal-os/crates/sparreal-rt)\nerror: could not compile `sparreal-rt` (lib) due to 1 previous error\n"
            ]
          }
        },
        {
          "file": "(virtual) mirai",
          "features": "",
          "count": 1,
          "kinds": {
            "Cargo": [
              "// pkg_name=helloworld, checker=Mirai\n// toolchain=nightly, target=x86_64-unknown-linux-gnu\n// features=\n// pkg_dir=/home/runner/check/batch_44/qclic/sparreal-os/app/helloworld\n// cmd=cargo +nightly-2025-01-04 mirai --target x86_64-unknown-linux-gnu \n// timestamp=2025-02-13 4:31:37.408044508 +08:00:00\n   Compiling sparreal-rt v0.7.0 (/home/runner/check/batch_44/qclic/sparreal-os/crates/sparreal-rt)\nerror: could not compile `sparreal-rt` (lib) due to 1 previous error\n"
            ]
          }
        }
      ]
    },
    {
      "user": "qclic",
      "repo": "sparreal-os",
      "pkg": "simple_test",
      "count": 6,
      "raw_reports": [
        {
          "file": "(virtual) semver-checks",
          "features": "",
          "count": 2,
          "kinds": {
            "Cargo": [
              "// pkg_name=simple_test, checker=SemverChecks\n// toolchain=nightly, target=aarch64-unknown-none\n// features=\n// pkg_dir=/home/runner/check/batch_44/qclic/sparreal-os/app/simple_test\n// cmd=cargo +nightly-2025-01-26-x86_64-unknown-linux-gnu semver-checks --target aarch64-unknown-none \n// timestamp=2025-02-13 4:31:09.313710577 +08:00:00\n    Building simple_test v0.7.0 (current)\nerror: running cargo-doc on crate 'simple_test' failed with output:\n-----\n   Compiling proc-macro2 v1.0.93\n   Compiling unicode-ident v1.0.16\n   Compiling quote v1.0.38\n   Compiling syn v2.0.98\n   Compiling bare-test-macros v0.2.0 (/home/runner/check/batch_44/qclic/sparreal-os/crates/bare-test-macros)\n   Compiling simple_test v0.7.0 (/home/runner/check/batch_44/qclic/sparreal-os/app/simple_test)\n Documenting simple_test v0.7.0 (/home/runner/check/batch_44/qclic/sparreal-os/app/simple_test)\nerror[E0463]: can't find crate for `core`\n  |\n  = note: the `aarch64-unknown-none` target may not be installed\n  = help: consider downloading the target with `rustup target add aarch64-unknown-none`\n  = help: consider building the standard library from source with `cargo build -Zbuild-std`\n\nFor more information about this error, try `rustc --explain E0463`.\nerror: could not document `simple_test`\n\n-----\n\nerror: failed to build rustdoc for crate simple_test v0.7.0\nnote: this is usually due to a compilation error in the crate,\n      and is unlikely to be a bug in cargo-semver-checks\nnote: the following command can be used to reproduce the compilation error:\n      cargo new --lib example &&\n          cd example &&\n          echo '[workspace]' >> Cargo.toml &&\n          cargo add --path /home/runner/check/batch_44/qclic/sparreal-os/app/simple_test &&\n          cargo check\n\nerror: aborting due to failure to build rustdoc for crate simple_test v0.7.0\n",
              "// pkg_name=simple_test, checker=SemverChecks\n// toolchain=nightly, target=x86_64-unknown-linux-gnu\n// features=\n// pkg_dir=/home/runner/check/batch_44/qclic/sparreal-os/app/simple_test\n// cmd=cargo +nightly-2025-01-26-x86_64-unknown-linux-gnu semver-checks --target x86_64-unknown-linux-gnu \n// timestamp=2025-02-13 4:31:13.246277463 +08:00:00\n    Building simple_test v0.7.0 (current)\n       Built [   0.200s] (current)\n     Parsing simple_test v0.7.0 (current)\nerror: unsupported rustdoc format v39 for file: /home/runner/check/batch_44/qclic/sparreal-os/target/semver-checks/local-simple_test-0_7_0-01666ec060466c14/target/x86_64-unknown-linux-gnu/doc/simple_test.json\n"
            ]
          }
        },
        {
          "file": "[semver checks]",
          "features": "",
          "count": 2,
          "kinds": {
            "Semver Violation": [
              "pkg=simple_test, checker=SemverChecks\ntoolchain=nightly, target=aarch64-unknown-none\nfeatures=\npkg_dir=/home/runner/check/batch_44/qclic/sparreal-os/app/simple_test\ncmd=cargo +nightly-2025-01-26-x86_64-unknown-linux-gnu semver-checks --target aarch64-unknown-none \ntimestamp=2025-02-13 4:31:13.244336896 +08:00:00\n\n\nstdout:\n\nstderr:\n    Building simple_test v0.7.0 (current)\nerror: running cargo-doc on crate 'simple_test' failed with output:\n-----\n   Compiling proc-macro2 v1.0.93\n   Compiling unicode-ident v1.0.16\n   Compiling quote v1.0.38\n   Compiling syn v2.0.98\n   Compiling bare-test-macros v0.2.0 (/home/runner/check/batch_44/qclic/sparreal-os/crates/bare-test-macros)\n   Compiling simple_test v0.7.0 (/home/runner/check/batch_44/qclic/sparreal-os/app/simple_test)\n Documenting simple_test v0.7.0 (/home/runner/check/batch_44/qclic/sparreal-os/app/simple_test)\nerror[E0463]: can't find crate for `core`\n  |\n  = note: the `aarch64-unknown-none` target may not be installed\n  = help: consider downloading the target with `rustup target add aarch64-unknown-none`\n  = help: consider building the standard library from source with `cargo build -Zbuild-std`\n\nFor more information about this error, try `rustc --explain E0463`.\nerror: could not document `simple_test`\n\n-----\n\nerror: failed to build rustdoc for crate simple_test v0.7.0\nnote: this is usually due to a compilation error in the crate,\n      and is unlikely to be a bug in cargo-semver-checks\nnote: the following command can be used to reproduce the compilation error:\n      cargo new --lib example &&\n          cd example &&\n          echo '[workspace]' >> Cargo.toml &&\n          cargo add --path /home/runner/check/batch_44/qclic/sparreal-os/app/simple_test &&\n          cargo check\n\nerror: aborting due to failure to build rustdoc for crate simple_test v0.7.0\n",
              "pkg=simple_test, checker=SemverChecks\ntoolchain=nightly, target=x86_64-unknown-linux-gnu\nfeatures=\npkg_dir=/home/runner/check/batch_44/qclic/sparreal-os/app/simple_test\ncmd=cargo +nightly-2025-01-26-x86_64-unknown-linux-gnu semver-checks --target x86_64-unknown-linux-gnu \ntimestamp=2025-02-13 4:31:13.796200494 +08:00:00\n\n\nstdout:\n\nstderr:\n    Building simple_test v0.7.0 (current)\n       Built [   0.200s] (current)\n     Parsing simple_test v0.7.0 (current)\nerror: unsupported rustdoc format v39 for file: /home/runner/check/batch_44/qclic/sparreal-os/target/semver-checks/local-simple_test-0_7_0-01666ec060466c14/target/x86_64-unknown-linux-gnu/doc/simple_test.json\n"
            ]
          }
        },
        {
          "file": "(virtual) mirai",
          "features": "",
          "count": 1,
          "kinds": {
            "Cargo": [
              "// pkg_name=simple_test, checker=Mirai\n// toolchain=nightly, target=x86_64-unknown-linux-gnu\n// features=\n// pkg_dir=/home/runner/check/batch_44/qclic/sparreal-os/app/simple_test\n// cmd=cargo +nightly-2025-01-04 mirai --target x86_64-unknown-linux-gnu \n// timestamp=2025-02-13 4:31:44.56897819 +08:00:00\n   Compiling simple_test v0.7.0 (/home/runner/check/batch_44/qclic/sparreal-os/app/simple_test)\n    Finished `dev` profile [unoptimized + debuginfo] target(s) in 0.18s\n   Compiling scopeguard v1.2.0\n   Compiling futures-sink v0.3.31\n   Compiling futures-core v0.3.31\n   Compiling futures-task v0.3.31\n   Compiling lock_api v0.4.12\n   Compiling pin-project-lite v0.2.16\n   Compiling pin-utils v0.1.0\n   Compiling futures-channel v0.3.31\n   Compiling num-traits v0.2.19\n   Compiling futures-util v0.3.31\n   Compiling bytemuck v1.21.0\n   Compiling spin v0.9.8\n   Compiling log v0.4.25\n   Compiling arrayvec v0.7.6\n   Compiling futures-io v0.3.31\n   Compiling rgb v0.8.50\n   Compiling thiserror v2.0.11\n   Compiling utf8-width v0.1.7\n   Compiling fdt-parser v0.4.9\n   Compiling rust_decimal v1.36.0\n   Compiling ansi_rgb v0.2.0\n   Compiling page-table-generic v0.5.3\n   Compiling anyhow v1.0.95\n   Compiling lazy_static v1.5.0\n   Compiling buddy_system_allocator v0.11.0\n   Compiling byte-unit v5.1.6\n   Compiling pasts v0.14.3\n   Compiling memory_addr v0.3.1\n   Compiling dma-api v0.2.0\n   Compiling bare-test v0.3.2 (/home/runner/check/batch_44/qclic/sparreal-os/crates/bare-test)\n   Compiling simple_test v0.7.0 (/home/runner/check/batch_44/qclic/sparreal-os/app/simple_test)\n   Compiling futures v0.3.31\n   Compiling driver-interface v0.4.3\n   Compiling sparreal-kernel v0.7.0 (/home/runner/check/batch_44/qclic/sparreal-os/crates/sparreal-kernel)\n   Compiling sparreal-rt v0.7.0 (/home/runner/check/batch_44/qclic/sparreal-os/crates/sparreal-rt)\nerror: could not compile `sparreal-rt` (lib) due to 1 previous error\nwarning: build failed, waiting for other jobs to finish...\n"
            ]
          }
        },
        {
          "file": "crates/sparreal-rt/src/lib.rs",
          "features": "",
          "count": 1,
          "kinds": {
            "Mirai": [
              "error[E0583]: file not found for module `arch`\n  --> crates/sparreal-rt/src/lib.rs:12:1\n   |\n12 | pub mod arch;\n   | ^^^^^^^^^^^^^\n   |\n   = help: to create the module `arch`, create file \"crates/sparreal-rt/src/arch.rs\" or \"crates/sparreal-rt/src/arch/mod.rs\"\n   = note: if there is a `mod arch` elsewhere in the crate already, import it with `use crate::...` instead\n\n"
            ]
          }
        }
      ]
    },
    {
      "user": "qclic",
      "repo": "sparreal-os",
      "pkg": "driver-interface",
      "count": 4,
      "raw_reports": [
        {
          "file": "(virtual) semver-checks",
          "features": "",
          "count": 2,
          "kinds": {
            "Cargo": [
              "// pkg_name=driver-interface, checker=SemverChecks\n// toolchain=nightly, target=aarch64-unknown-none\n// features=\n// pkg_dir=/home/runner/check/batch_44/qclic/sparreal-os/crates/driver-interface\n// cmd=cargo +nightly-2025-01-26-x86_64-unknown-linux-gnu semver-checks --target aarch64-unknown-none \n// timestamp=2025-02-13 4:31:04.646248477 +08:00:00\n    Building driver-interface v0.4.3 (current)\nerror: running cargo-doc on crate 'driver-interface' failed with output:\n-----\n    Checking futures-sink v0.3.31\n    Checking futures-core v0.3.31\n    Checking pin-project-lite v0.2.16\n    Checking futures-task v0.3.31\nerror[E0463]: can't find crate for `core`\n  |\n  = note: the `aarch64-unknown-none` target may not be installed\n  = help: consider downloading the target with `rustup target add aarch64-unknown-none`\n  = help: consider building the standard library from source with `cargo build -Zbuild-std`\n\nFor more information about this error, try `rustc --explain E0463`.\nerror: could not compile `futures-sink` (lib) due to 1 previous error\nwarning: build failed, waiting for other jobs to finish...\nerror: could not compile `futures-core` (lib) due to 1 previous error\nerror: could not compile `futures-task` (lib) due to 1 previous error\nerror: could not compile `pin-project-lite` (lib) due to 1 previous error\n\n-----\n\nerror: failed to build rustdoc for crate driver-interface v0.4.3\nnote: this is usually due to a compilation error in the crate,\n      and is unlikely to be a bug in cargo-semver-checks\nnote: the following command can be used to reproduce the compilation error:\n      cargo new --lib example &&\n          cd example &&\n          echo '[workspace]' >> Cargo.toml &&\n          cargo add --path /home/runner/check/batch_44/qclic/sparreal-os/crates/driver-interface &&\n          cargo check\n\nerror: aborting due to failure to build rustdoc for crate driver-interface v0.4.3\n",
              "// pkg_name=driver-interface, checker=SemverChecks\n// toolchain=nightly, target=x86_64-unknown-linux-gnu\n// features=\n// pkg_dir=/home/runner/check/batch_44/qclic/sparreal-os/crates/driver-interface\n// cmd=cargo +nightly-2025-01-26-x86_64-unknown-linux-gnu semver-checks --target x86_64-unknown-linux-gnu \n// timestamp=2025-02-13 4:31:05.100441052 +08:00:00\n    Building driver-interface v0.4.3 (current)\n       Built [   1.492s] (current)\n     Parsing driver-interface v0.4.3 (current)\nerror: unsupported rustdoc format v39 for file: /home/runner/check/batch_44/qclic/sparreal-os/target/semver-checks/local-driver_interface-0_4_3-01666ec060466c14/target/x86_64-unknown-linux-gnu/doc/driver_interface.json\n"
            ]
          }
        },
        {
          "file": "[semver checks]",
          "features": "",
          "count": 2,
          "kinds": {
            "Semver Violation": [
              "pkg=driver-interface, checker=SemverChecks\ntoolchain=nightly, target=aarch64-unknown-none\nfeatures=\npkg_dir=/home/runner/check/batch_44/qclic/sparreal-os/crates/driver-interface\ncmd=cargo +nightly-2025-01-26-x86_64-unknown-linux-gnu semver-checks --target aarch64-unknown-none \ntimestamp=2025-02-13 4:31:05.098477226 +08:00:00\n\n\nstdout:\n\nstderr:\n    Building driver-interface v0.4.3 (current)\nerror: running cargo-doc on crate 'driver-interface' failed with output:\n-----\n    Checking futures-sink v0.3.31\n    Checking futures-core v0.3.31\n    Checking pin-project-lite v0.2.16\n    Checking futures-task v0.3.31\nerror[E0463]: can't find crate for `core`\n  |\n  = note: the `aarch64-unknown-none` target may not be installed\n  = help: consider downloading the target with `rustup target add aarch64-unknown-none`\n  = help: consider building the standard library from source with `cargo build -Zbuild-std`\n\nFor more information about this error, try `rustc --explain E0463`.\nerror: could not compile `futures-sink` (lib) due to 1 previous error\nwarning: build failed, waiting for other jobs to finish...\nerror: could not compile `futures-core` (lib) due to 1 previous error\nerror: could not compile `futures-task` (lib) due to 1 previous error\nerror: could not compile `pin-project-lite` (lib) due to 1 previous error\n\n-----\n\nerror: failed to build rustdoc for crate driver-interface v0.4.3\nnote: this is usually due to a compilation error in the crate,\n      and is unlikely to be a bug in cargo-semver-checks\nnote: the following command can be used to reproduce the compilation error:\n      cargo new --lib example &&\n          cd example &&\n          echo '[workspace]' >> Cargo.toml &&\n          cargo add --path /home/runner/check/batch_44/qclic/sparreal-os/crates/driver-interface &&\n          cargo check\n\nerror: aborting due to failure to build rustdoc for crate driver-interface v0.4.3\n",
              "pkg=driver-interface, checker=SemverChecks\ntoolchain=nightly, target=x86_64-unknown-linux-gnu\nfeatures=\npkg_dir=/home/runner/check/batch_44/qclic/sparreal-os/crates/driver-interface\ncmd=cargo +nightly-2025-01-26-x86_64-unknown-linux-gnu semver-checks --target x86_64-unknown-linux-gnu \ntimestamp=2025-02-13 4:31:06.890798546 +08:00:00\n\n\nstdout:\n\nstderr:\n    Building driver-interface v0.4.3 (current)\n       Built [   1.492s] (current)\n     Parsing driver-interface v0.4.3 (current)\nerror: unsupported rustdoc format v39 for file: /home/runner/check/batch_44/qclic/sparreal-os/target/semver-checks/local-driver_interface-0_4_3-01666ec060466c14/target/x86_64-unknown-linux-gnu/doc/driver_interface.json\n"
            ]
          }
        }
      ]
    }
  ],
  "kinds_order": [
    "Cargo",
    "Clippy(Error)",
    "Clippy(Warn)",
    "Semver Violation",
    "Audit",
    "Mirai",
    "Rapx",
    "Rudra",
    "Lockbud(Probably)",
    "Lockbud(Possibly)",
    "Outdated",
    "Geiger",
    "Unformatted"
  ]
}