{"data":[{"user":"kern-crates","repo":"ByteOS","pkg":"kernel","count":143,"raw_reports":[{"file":"kernel/src/syscall/consts.rs","count":55,"kinds":{"Clippy(Warn)":["warning: name `EPERM` contains a capitalized acronym\n  --> kernel/src/syscall/consts.rs:21:5\n   |\n21 |     EPERM = 1,\n   |     ^^^^^ help: consider making the acronym lowercase, except the initial letter: `Eperm`\n   |\n   = help: for further information visit https://rust-lang.github.io/rust-clippy/master/index.html#upper_case_acronyms\n\n","warning: name `ENOENT` contains a capitalized acronym\n  --> kernel/src/syscall/consts.rs:23:5\n   |\n23 |     ENOENT = 2,\n   |     ^^^^^^ help: consider making the acronym lowercase, except the initial letter: `Enoent`\n   |\n   = help: for further information visit https://rust-lang.github.io/rust-clippy/master/index.html#upper_case_acronyms\n\n","warning: name `ESRCH` contains a capitalized acronym\n  --> kernel/src/syscall/consts.rs:25:5\n   |\n25 |     ESRCH = 3,\n   |     ^^^^^ help: consider making the acronym lowercase, except the initial letter: `Esrch`\n   |\n   = help: for further information visit https://rust-lang.github.io/rust-clippy/master/index.html#upper_case_acronyms\n\n","warning: name `EINTR` contains a capitalized acronym\n  --> kernel/src/syscall/consts.rs:27:5\n   |\n27 |     EINTR = 4,\n   |     ^^^^^ help: consider making the acronym lowercase, except the initial letter: `Eintr`\n   |\n   = help: for further information visit https://rust-lang.github.io/rust-clippy/master/index.html#upper_case_acronyms\n\n","warning: name `EIO` contains a capitalized acronym\n  --> kernel/src/syscall/consts.rs:29:5\n   |\n29 |     EIO = 5,\n   |     ^^^ help: consider making the acronym lowercase, except the initial letter (notice the capitalization): `Eio`\n   |\n   = help: for further information visit https://rust-lang.github.io/rust-clippy/master/index.html#upper_case_acronyms\n\n","warning: name `ENXIO` contains a capitalized acronym\n  --> kernel/src/syscall/consts.rs:31:5\n   |\n31 |     ENXIO = 6,\n   |     ^^^^^ help: consider making the acronym lowercase, except the initial letter: `Enxio`\n   |\n   = help: for further information visit https://rust-lang.github.io/rust-clippy/master/index.html#upper_case_acronyms\n\n","warning: name `ENOEXEC` contains a capitalized acronym\n  --> kernel/src/syscall/consts.rs:35:5\n   |\n35 |     ENOEXEC = 8,\n   |     ^^^^^^^ help: consider making the acronym lowercase, except the initial letter: `Enoexec`\n   |\n   = help: for further information visit https://rust-lang.github.io/rust-clippy/master/index.html#upper_case_acronyms\n\n","warning: name `EBADF` contains a capitalized acronym\n  --> kernel/src/syscall/consts.rs:37:5\n   |\n37 |     EBADF = 9,\n   |     ^^^^^ help: consider making the acronym lowercase, except the initial letter: `Ebadf`\n   |\n   = help: for further information visit https://rust-lang.github.io/rust-clippy/master/index.html#upper_case_acronyms\n\n","warning: name `ECHILD` contains a capitalized acronym\n  --> kernel/src/syscall/consts.rs:39:5\n   |\n39 |     ECHILD = 10,\n   |     ^^^^^^ help: consider making the acronym lowercase, except the initial letter: `Echild`\n   |\n   = help: for further information visit https://rust-lang.github.io/rust-clippy/master/index.html#upper_case_acronyms\n\n","warning: name `EAGAIN` contains a capitalized acronym\n  --> kernel/src/syscall/consts.rs:41:5\n   |\n41 |     EAGAIN = 11,\n   |     ^^^^^^ help: consider making the acronym lowercase, except the initial letter: `Eagain`\n   |\n   = help: for further information visit https://rust-lang.github.io/rust-clippy/master/index.html#upper_case_acronyms\n\n","warning: name `ENOMEM` contains a capitalized acronym\n  --> kernel/src/syscall/consts.rs:43:5\n   |\n43 |     ENOMEM = 12,\n   |     ^^^^^^ help: consider making the acronym lowercase, except the initial letter: `Enomem`\n   |\n   = help: for further information visit https://rust-lang.github.io/rust-clippy/master/index.html#upper_case_acronyms\n\n","warning: name `EACCES` contains a capitalized acronym\n  --> kernel/src/syscall/consts.rs:45:5\n   |\n45 |     EACCES = 13,\n   |     ^^^^^^ help: consider making the acronym lowercase, except the initial letter: `Eacces`\n   |\n   = help: for further information visit https://rust-lang.github.io/rust-clippy/master/index.html#upper_case_acronyms\n\n","warning: name `EFAULT` contains a capitalized acronym\n  --> kernel/src/syscall/consts.rs:47:5\n   |\n47 |     EFAULT = 14,\n   |     ^^^^^^ help: consider making the acronym lowercase, except the initial letter: `Efault`\n   |\n   = help: for further information visit https://rust-lang.github.io/rust-clippy/master/index.html#upper_case_acronyms\n\n","warning: name `ENOTBLK` contains a capitalized acronym\n  --> kernel/src/syscall/consts.rs:49:5\n   |\n49 |     ENOTBLK = 15,\n   |     ^^^^^^^ help: consider making the acronym lowercase, except the initial letter: `Enotblk`\n   |\n   = help: for further information visit https://rust-lang.github.io/rust-clippy/master/index.html#upper_case_acronyms\n\n","warning: name `EBUSY` contains a capitalized acronym\n  --> kernel/src/syscall/consts.rs:51:5\n   |\n51 |     EBUSY = 16,\n   |     ^^^^^ help: consider making the acronym lowercase, except the initial letter: `Ebusy`\n   |\n   = help: for further information visit https://rust-lang.github.io/rust-clippy/master/index.html#upper_case_acronyms\n\n","warning: name `EEXIST` contains a capitalized acronym\n  --> kernel/src/syscall/consts.rs:53:5\n   |\n53 |     EEXIST = 17,\n   |     ^^^^^^ help: consider making the acronym lowercase, except the initial letter: `Eexist`\n   |\n   = help: for further information visit https://rust-lang.github.io/rust-clippy/master/index.html#upper_case_acronyms\n\n","warning: name `EXDEV` contains a capitalized acronym\n  --> kernel/src/syscall/consts.rs:55:5\n   |\n55 |     EXDEV = 18,\n   |     ^^^^^ help: consider making the acronym lowercase, except the initial letter: `Exdev`\n   |\n   = help: for further information visit https://rust-lang.github.io/rust-clippy/master/index.html#upper_case_acronyms\n\n","warning: name `ENODEV` contains a capitalized acronym\n  --> kernel/src/syscall/consts.rs:57:5\n   |\n57 |     ENODEV = 19,\n   |     ^^^^^^ help: consider making the acronym lowercase, except the initial letter: `Enodev`\n   |\n   = help: for further information visit https://rust-lang.github.io/rust-clippy/master/index.html#upper_case_acronyms\n\n","warning: name `ENOTDIR` contains a capitalized acronym\n  --> kernel/src/syscall/consts.rs:59:5\n   |\n59 |     ENOTDIR = 20,\n   |     ^^^^^^^ help: consider making the acronym lowercase, except the initial letter: `Enotdir`\n   |\n   = help: for further information visit https://rust-lang.github.io/rust-clippy/master/index.html#upper_case_acronyms\n\n","warning: name `EISDIR` contains a capitalized acronym\n  --> kernel/src/syscall/consts.rs:61:5\n   |\n61 |     EISDIR = 21,\n   |     ^^^^^^ help: consider making the acronym lowercase, except the initial letter: `Eisdir`\n   |\n   = help: for further information visit https://rust-lang.github.io/rust-clippy/master/index.html#upper_case_acronyms\n\n","warning: name `EINVAL` contains a capitalized acronym\n  --> kernel/src/syscall/consts.rs:63:5\n   |\n63 |     EINVAL = 22,\n   |     ^^^^^^ help: consider making the acronym lowercase, except the initial letter: `Einval`\n   |\n   = help: for further information visit https://rust-lang.github.io/rust-clippy/master/index.html#upper_case_acronyms\n\n","warning: name `ENFILE` contains a capitalized acronym\n  --> kernel/src/syscall/consts.rs:65:5\n   |\n65 |     ENFILE = 23,\n   |     ^^^^^^ help: consider making the acronym lowercase, except the initial letter: `Enfile`\n   |\n   = help: for further information visit https://rust-lang.github.io/rust-clippy/master/index.html#upper_case_acronyms\n\n","warning: name `EMFILE` contains a capitalized acronym\n  --> kernel/src/syscall/consts.rs:67:5\n   |\n67 |     EMFILE = 24,\n   |     ^^^^^^ help: consider making the acronym lowercase, except the initial letter: `Emfile`\n   |\n   = help: for further information visit https://rust-lang.github.io/rust-clippy/master/index.html#upper_case_acronyms\n\n","warning: name `ENOTTY` contains a capitalized acronym\n  --> kernel/src/syscall/consts.rs:69:5\n   |\n69 |     ENOTTY = 25,\n   |     ^^^^^^ help: consider making the acronym lowercase, except the initial letter: `Enotty`\n   |\n   = help: for further information visit https://rust-lang.github.io/rust-clippy/master/index.html#upper_case_acronyms\n\n","warning: name `ETXTBSY` contains a capitalized acronym\n  --> kernel/src/syscall/consts.rs:71:5\n   |\n71 |     ETXTBSY = 26,\n   |     ^^^^^^^ help: consider making the acronym lowercase, except the initial letter: `Etxtbsy`\n   |\n   = help: for further information visit https://rust-lang.github.io/rust-clippy/master/index.html#upper_case_acronyms\n\n","warning: name `EFBIG` contains a capitalized acronym\n  --> kernel/src/syscall/consts.rs:73:5\n   |\n73 |     EFBIG = 27,\n   |     ^^^^^ help: consider making the acronym lowercase, except the initial letter: `Efbig`\n   |\n   = help: for further information visit https://rust-lang.github.io/rust-clippy/master/index.html#upper_case_acronyms\n\n","warning: name `ENOSPC` contains a capitalized acronym\n  --> kernel/src/syscall/consts.rs:75:5\n   |\n75 |     ENOSPC = 28,\n   |     ^^^^^^ help: consider making the acronym lowercase, except the initial letter: `Enospc`\n   |\n   = help: for further information visit https://rust-lang.github.io/rust-clippy/master/index.html#upper_case_acronyms\n\n","warning: name `ESPIPE` contains a capitalized acronym\n  --> kernel/src/syscall/consts.rs:77:5\n   |\n77 |     ESPIPE = 29,\n   |     ^^^^^^ help: consider making the acronym lowercase, except the initial letter: `Espipe`\n   |\n   = help: for further information visit https://rust-lang.github.io/rust-clippy/master/index.html#upper_case_acronyms\n\n","warning: name `EROFS` contains a capitalized acronym\n  --> kernel/src/syscall/consts.rs:79:5\n   |\n79 |     EROFS = 30,\n   |     ^^^^^ help: consider making the acronym lowercase, except the initial letter: `Erofs`\n   |\n   = help: for further information visit https://rust-lang.github.io/rust-clippy/master/index.html#upper_case_acronyms\n\n","warning: name `EMLINK` contains a capitalized acronym\n  --> kernel/src/syscall/consts.rs:81:5\n   |\n81 |     EMLINK = 31,\n   |     ^^^^^^ help: consider making the acronym lowercase, except the initial letter: `Emlink`\n   |\n   = help: for further information visit https://rust-lang.github.io/rust-clippy/master/index.html#upper_case_acronyms\n\n","warning: name `EPIPE` contains a capitalized acronym\n  --> kernel/src/syscall/consts.rs:83:5\n   |\n83 |     EPIPE = 32,\n   |     ^^^^^ help: consider making the acronym lowercase, except the initial letter: `Epipe`\n   |\n   = help: for further information visit https://rust-lang.github.io/rust-clippy/master/index.html#upper_case_acronyms\n\n","warning: name `EDOM` contains a capitalized acronym\n  --> kernel/src/syscall/consts.rs:85:5\n   |\n85 |     EDOM = 33,\n   |     ^^^^ help: consider making the acronym lowercase, except the initial letter: `Edom`\n   |\n   = help: for further information visit https://rust-lang.github.io/rust-clippy/master/index.html#upper_case_acronyms\n\n","warning: name `ERANGE` contains a capitalized acronym\n  --> kernel/src/syscall/consts.rs:87:5\n   |\n87 |     ERANGE = 34,\n   |     ^^^^^^ help: consider making the acronym lowercase, except the initial letter: `Erange`\n   |\n   = help: for further information visit https://rust-lang.github.io/rust-clippy/master/index.html#upper_case_acronyms\n\n","warning: name `EDEADLK` contains a capitalized acronym\n  --> kernel/src/syscall/consts.rs:89:5\n   |\n89 |     EDEADLK = 35,\n   |     ^^^^^^^ help: consider making the acronym lowercase, except the initial letter: `Edeadlk`\n   |\n   = help: for further information visit https://rust-lang.github.io/rust-clippy/master/index.html#upper_case_acronyms\n\n","warning: name `ENAMETOOLONG` contains a capitalized acronym\n  --> kernel/src/syscall/consts.rs:91:5\n   |\n91 |     ENAMETOOLONG = 36,\n   |     ^^^^^^^^^^^^ help: consider making the acronym lowercase, except the initial letter: `Enametoolong`\n   |\n   = help: for further information visit https://rust-lang.github.io/rust-clippy/master/index.html#upper_case_acronyms\n\n","warning: name `ENOLCK` contains a capitalized acronym\n  --> kernel/src/syscall/consts.rs:93:5\n   |\n93 |     ENOLCK = 37,\n   |     ^^^^^^ help: consider making the acronym lowercase, except the initial letter: `Enolck`\n   |\n   = help: for further information visit https://rust-lang.github.io/rust-clippy/master/index.html#upper_case_acronyms\n\n","warning: name `ENOSYS` contains a capitalized acronym\n  --> kernel/src/syscall/consts.rs:95:5\n   |\n95 |     ENOSYS = 38,\n   |     ^^^^^^ help: consider making the acronym lowercase, except the initial letter: `Enosys`\n   |\n   = help: for further information visit https://rust-lang.github.io/rust-clippy/master/index.html#upper_case_acronyms\n\n","warning: name `ENOTEMPTY` contains a capitalized acronym\n  --> kernel/src/syscall/consts.rs:97:5\n   |\n97 |     ENOTEMPTY = 39,\n   |     ^^^^^^^^^ help: consider making the acronym lowercase, except the initial letter: `Enotempty`\n   |\n   = help: for further information visit https://rust-lang.github.io/rust-clippy/master/index.html#upper_case_acronyms\n\n","warning: name `EAFNOSUPPORT` contains a capitalized acronym\n  --> kernel/src/syscall/consts.rs:99:5\n   |\n99 |     EAFNOSUPPORT = 97,\n   |     ^^^^^^^^^^^^ help: consider making the acronym lowercase, except the initial letter: `Eafnosupport`\n   |\n   = help: for further information visit https://rust-lang.github.io/rust-clippy/master/index.html#upper_case_acronyms\n\n","warning: name `ENOTCONN` contains a capitalized acronym\n   --> kernel/src/syscall/consts.rs:101:5\n    |\n101 |     ENOTCONN = 107,\n    |     ^^^^^^^^ help: consider making the acronym lowercase, except the initial letter: `Enotconn`\n    |\n    = help: for further information visit https://rust-lang.github.io/rust-clippy/master/index.html#upper_case_acronyms\n\n","warning: name `ETIMEDOUT` contains a capitalized acronym\n   --> kernel/src/syscall/consts.rs:103:5\n    |\n103 |     ETIMEDOUT = 100,\n    |     ^^^^^^^^^ help: consider making the acronym lowercase, except the initial letter: `Etimedout`\n    |\n    = help: for further information visit https://rust-lang.github.io/rust-clippy/master/index.html#upper_case_acronyms\n\n","warning: name `ECONNREFUSED` contains a capitalized acronym\n   --> kernel/src/syscall/consts.rs:105:5\n    |\n105 |     ECONNREFUSED = 111,\n    |     ^^^^^^^^^^^^ help: consider making the acronym lowercase, except the initial letter: `Econnrefused`\n    |\n    = help: for further information visit https://rust-lang.github.io/rust-clippy/master/index.html#upper_case_acronyms\n\n","warning: name `EALREADY` contains a capitalized acronym\n   --> kernel/src/syscall/consts.rs:107:5\n    |\n107 |     EALREADY = 114,\n    |     ^^^^^^^^ help: consider making the acronym lowercase, except the initial letter: `Ealready`\n    |\n    = help: for further information visit https://rust-lang.github.io/rust-clippy/master/index.html#upper_case_acronyms\n\n","warning: casting integer literal to `isize` is unnecessary\n   --> kernel/src/syscall/consts.rs:422:27\n    |\n422 | pub const AT_CWD: usize = -100 as isize as usize;\n    |                           ^^^^^^^^^^^^^ help: try: `-100_isize`\n    |\n    = help: for further information visit https://rust-lang.github.io/rust-clippy/master/index.html#unnecessary_cast\n    = note: `#[warn(clippy::unnecessary_cast)]` on by default\n\n","warning: an implementation of `From` is preferred since it gives you `Into<_>` for free where the reverse isn't true\n   --> kernel/src/syscall/consts.rs:509:1\n    |\n509 | impl Into<MappingFlags> for MmapProt {\n    | ^^^^^^^^^^^^^^^^^^^^^^^^^^^^^^^^^^^^\n    |\n    = help: `impl From<Local> for Foreign` is allowed by the orphan rules, for more information see\n            https://doc.rust-lang.org/reference/items/implementations.html#trait-implementation-coherence\n    = help: for further information visit https://rust-lang.github.io/rust-clippy/master/index.html#from_over_into\n    = note: `#[warn(clippy::from_over_into)]` on by default\nhelp: replace the `Into` implementation with `From<syscall::consts::MmapProt>`\n    |\n509 ~ impl From<MmapProt> for MappingFlags {\n510 ~     fn from(val: MmapProt) -> Self {\n511 |         let mut res = MappingFlags::empty();\n512 ~         if val.contains(MmapProt::PROT_READ) {\n513 |             res |= MappingFlags::R;\n514 |         }\n515 ~         if val.contains(MmapProt::PROT_WRITE) {\n516 |             res |= MappingFlags::W;\n517 |         }\n518 ~         if val.contains(MmapProt::PROT_EXEC) {\n    |\n\n","warning: name `DUPFD` contains a capitalized acronym\n   --> kernel/src/syscall/consts.rs:607:5\n    |\n607 |     DUPFD = 0,\n    |     ^^^^^ help: consider making the acronym lowercase, except the initial letter: `Dupfd`\n    |\n    = help: for further information visit https://rust-lang.github.io/rust-clippy/master/index.html#upper_case_acronyms\n\n","warning: name `GETFD` contains a capitalized acronym\n   --> kernel/src/syscall/consts.rs:609:5\n    |\n609 |     GETFD = 1,\n    |     ^^^^^ help: consider making the acronym lowercase, except the initial letter: `Getfd`\n    |\n    = help: for further information visit https://rust-lang.github.io/rust-clippy/master/index.html#upper_case_acronyms\n\n","warning: name `SETFD` contains a capitalized acronym\n   --> kernel/src/syscall/consts.rs:611:5\n    |\n611 |     SETFD = 2,\n    |     ^^^^^ help: consider making the acronym lowercase, except the initial letter: `Setfd`\n    |\n    = help: for further information visit https://rust-lang.github.io/rust-clippy/master/index.html#upper_case_acronyms\n\n","warning: name `GETFL` contains a capitalized acronym\n   --> kernel/src/syscall/consts.rs:613:5\n    |\n613 |     GETFL = 3,\n    |     ^^^^^ help: consider making the acronym lowercase, except the initial letter: `Getfl`\n    |\n    = help: for further information visit https://rust-lang.github.io/rust-clippy/master/index.html#upper_case_acronyms\n\n","warning: name `SETFL` contains a capitalized acronym\n   --> kernel/src/syscall/consts.rs:615:5\n    |\n615 |     SETFL = 4,\n    |     ^^^^^ help: consider making the acronym lowercase, except the initial letter: `Setfl`\n    |\n    = help: for further information visit https://rust-lang.github.io/rust-clippy/master/index.html#upper_case_acronyms\n\n","warning: name `GETLK` contains a capitalized acronym\n   --> kernel/src/syscall/consts.rs:617:5\n    |\n617 |     GETLK = 5,\n    |     ^^^^^ help: consider making the acronym lowercase, except the initial letter: `Getlk`\n    |\n    = help: for further information visit https://rust-lang.github.io/rust-clippy/master/index.html#upper_case_acronyms\n\n","warning: name `SETLK` contains a capitalized acronym\n   --> kernel/src/syscall/consts.rs:619:5\n    |\n619 |     SETLK = 6,\n    |     ^^^^^ help: consider making the acronym lowercase, except the initial letter: `Setlk`\n    |\n    = help: for further information visit https://rust-lang.github.io/rust-clippy/master/index.html#upper_case_acronyms\n\n","warning: name `SETLKW` contains a capitalized acronym\n   --> kernel/src/syscall/consts.rs:621:5\n    |\n621 |     SETLKW = 7,\n    |     ^^^^^^ help: consider making the acronym lowercase, except the initial letter: `Setlkw`\n    |\n    = help: for further information visit https://rust-lang.github.io/rust-clippy/master/index.html#upper_case_acronyms\n\n","warning: name `DUPFDCLOEXEC` contains a capitalized acronym\n   --> kernel/src/syscall/consts.rs:623:5\n    |\n623 |     DUPFDCLOEXEC = 0x406,\n    |     ^^^^^^^^^^^^ help: consider making the acronym lowercase, except the initial letter: `Dupfdcloexec`\n    |\n    = help: for further information visit https://rust-lang.github.io/rust-clippy/master/index.html#upper_case_acronyms\n\n","warning: an implementation of `From` is preferred since it gives you `Into<_>` for free where the reverse isn't true\n   --> kernel/src/syscall/consts.rs:872:1\n    |\n872 | impl<T> Into<usize> for UserRef<T> {\n    | ^^^^^^^^^^^^^^^^^^^^^^^^^^^^^^^^^^\n    |\n    = help: `impl From<Local> for Foreign` is allowed by the orphan rules, for more information see\n            https://doc.rust-lang.org/reference/items/implementations.html#trait-implementation-coherence\n    = help: for further information visit https://rust-lang.github.io/rust-clippy/master/index.html#from_over_into\nhelp: replace the `Into` implementation with `From<syscall::consts::UserRef<T>>`\n    |\n872 ~ impl<T> From<UserRef<T>> for usize {\n873 ~     fn from(val: UserRef<T>) -> Self {\n874 ~         val.addr.addr()\n    |\n\n"]}},{"file":"kernel/src/syscall/task.rs","count":18,"kinds":{"Clippy(Warn)":["warning: this `else { if .. }` block can be collapsed\n   --> kernel/src/syscall/task.rs:726:24\n    |\n726 |                   } else {\n    |  ________________________^\n727 | |                     if let Some(index) = target_signal.real_time_index() {\n728 | |                         child_tcb.signal_queue[index] += 1;\n729 | |                     }\n730 | |                 }\n    | |_________________^\n    |\n    = help: for further information visit https://rust-lang.github.io/rust-clippy/master/index.html#collapsible_else_if\n    = note: `#[warn(clippy::collapsible_else_if)]` on by default\nhelp: collapse nested if block\n    |\n726 ~                 } else if let Some(index) = target_signal.real_time_index() {\n727 +                     child_tcb.signal_queue[index] += 1;\n728 +                 }\n    |\n\n","warning: digits grouped inconsistently by underscores\n   --> kernel/src/syscall/task.rs:757:36\n    |\n757 |             sec: stime.to_usec() / 1000_000,\n    |                                    ^^^^^^^^ help: consider: `1_000_000`\n    |\n    = help: for further information visit https://rust-lang.github.io/rust-clippy/master/index.html#inconsistent_digit_grouping\n    = note: `#[warn(clippy::inconsistent_digit_grouping)]` on by default\n\n","warning: digits grouped inconsistently by underscores\n   --> kernel/src/syscall/task.rs:758:37\n    |\n758 |             usec: stime.to_usec() % 1000_000,\n    |                                     ^^^^^^^^ help: consider: `1_000_000`\n    |\n    = help: for further information visit https://rust-lang.github.io/rust-clippy/master/index.html#inconsistent_digit_grouping\n\n","warning: digits grouped inconsistently by underscores\n   --> kernel/src/syscall/task.rs:761:36\n    |\n761 |             sec: utime.to_usec() / 1000_000,\n    |                                    ^^^^^^^^ help: consider: `1_000_000`\n    |\n    = help: for further information visit https://rust-lang.github.io/rust-clippy/master/index.html#inconsistent_digit_grouping\n\n","warning: digits grouped inconsistently by underscores\n   --> kernel/src/syscall/task.rs:762:37\n    |\n762 |             usec: utime.to_usec() % 1000_000,\n    |                                     ^^^^^^^^ help: consider: `1_000_000`\n    |\n    = help: for further information visit https://rust-lang.github.io/rust-clippy/master/index.html#inconsistent_digit_grouping\n\n","warning: this expression creates a reference which is immediately dereferenced by the compiler\n  --> kernel/src/syscall/task.rs:68:45\n   |\n68 |     if let Ok(elf) = xmas_elf::ElfFile::new(&buffer) {\n   |                                             ^^^^^^^ help: change this to: `buffer`\n   |\n   = help: for further information visit https://rust-lang.github.io/rust-clippy/master/index.html#needless_borrow\n\n","warning: redundant closure\n   --> kernel/src/syscall/task.rs:126:26\n    |\n126 |                     .map(|x| Arc::new(x))\n    |                          ^^^^^^^^^^^^^^^ help: replace the closure with the function itself: `Arc::new`\n    |\n    = help: for further information visit https://rust-lang.github.io/rust-clippy/master/index.html#redundant_closure\n    = note: `#[warn(clippy::redundant_closure)]` on by default\n\n","warning: useless conversion to the same type: `alloc::string::String`\n   --> kernel/src/syscall/task.rs:192:16\n    |\n192 |     let path = String::from(path);\n    |                ^^^^^^^^^^^^^^^^^^ help: consider removing `String::from()`: `path`\n    |\n    = help: for further information visit https://rust-lang.github.io/rust-clippy/master/index.html#useless_conversion\n    = note: `#[warn(clippy::useless_conversion)]` on by default\n\n","warning: this expression creates a reference which is immediately dereferenced by the compiler\n   --> kernel/src/syscall/task.rs:243:59\n    |\n243 |         let elf = if let Ok(elf) = xmas_elf::ElfFile::new(&buffer) {\n    |                                                           ^^^^^^^ help: change this to: `buffer`\n    |\n    = help: for further information visit https://rust-lang.github.io/rust-clippy/master/index.html#needless_borrow\n\n","warning: parameter is only used in recursion\n   --> kernel/src/syscall/task.rs:189:5\n    |\n189 |     envp: Vec<String>,\n    |     ^^^^ help: if this is intentional, prefix it with an underscore: `_envp`\n    |\nnote: parameter used here\n   --> kernel/src/syscall/task.rs:248:79\n    |\n248 |             return exec_with_process(task, String::from(\"busybox\"), new_args, envp).await;\n    |                                                                               ^^^^\n...\n271 |                 return exec_with_process(task, new_args[0].clone(), new_args, envp).await;\n    |                                                                               ^^^^\n    = help: for further information visit https://rust-lang.github.io/rust-clippy/master/index.html#only_used_in_recursion\n    = note: `#[warn(clippy::only_used_in_recursion)]` on by default\n\n","warning: this `.into_iter()` call is equivalent to `.iter_mut()` and will not consume the `slice`\n   --> kernel/src/syscall/task.rs:405:14\n    |\n405 |             .into_iter()\n    |              ^^^^^^^^^ help: call directly: `iter_mut`\n    |\n    = help: for further information visit https://rust-lang.github.io/rust-clippy/master/index.html#into_iter_on_ref\n    = note: `#[warn(clippy::into_iter_on_ref)]` on by default\n\n","warning: this `.into_iter()` call is equivalent to `.iter_mut()` and will not consume the `slice`\n   --> kernel/src/syscall/task.rs:411:14\n    |\n411 |             .into_iter()\n    |              ^^^^^^^^^ help: call directly: `iter_mut`\n    |\n    = help: for further information visit https://rust-lang.github.io/rust-clippy/master/index.html#into_iter_on_ref\n\n","warning: use of `.then_some(..).unwrap_or(..)` can be written more clearly with `if .. else ..`\n   --> kernel/src/syscall/task.rs:460:31\n    |\n460 |           let clear_child_tid = flags\n    |  _______________________________^\n461 | |             .contains(CloneFlags::CLONE_CHILD_CLEARTID)\n462 | |             .then_some(ctid)\n463 | |             .unwrap_or(UserRef::from(0));\n    | |________________________________________^\n    |\n    = help: for further information visit https://rust-lang.github.io/rust-clippy/master/index.html#obfuscated_if_else\n    = note: `#[warn(clippy::obfuscated_if_else)]` on by default\nhelp: try\n    |\n460 ~         let clear_child_tid = if flags\n461 ~             .contains(CloneFlags::CLONE_CHILD_CLEARTID) { ctid } else { UserRef::from(0) };\n    |\n\n","warning: you are using an explicit closure for cloning elements\n   --> kernel/src/syscall/task.rs:513:21\n    |\n513 | /                     inner\n514 | |                         .children\n515 | |                         .iter()\n516 | |                         .find(|x| x.task_id == pid as usize)\n517 | |                         .map(|x| x.clone())\n    | |___________________________________________^\n    |\n    = help: for further information visit https://rust-lang.github.io/rust-clippy/master/index.html#map_clone\n    = note: `#[warn(clippy::map_clone)]` on by default\nhelp: consider calling the dedicated `cloned` method\n    |\n513 ~                     inner\n514 +                         .children\n515 +                         .iter()\n516 +                         .find(|x| x.task_id == pid as usize).cloned()\n    |\n\n","warning: called `.iter().count()` on a `Vec`\n   --> kernel/src/syscall/task.rs:524:17\n    |\n524 |                 self.task.pcb.lock().children.iter().count()\n    |                 ^^^^^^^^^^^^^^^^^^^^^^^^^^^^^^^^^^^^^^^^^^^^ help: try: `self.task.pcb.lock().children.len()`\n    |\n    = help: for further information visit https://rust-lang.github.io/rust-clippy/master/index.html#iter_count\n    = note: `#[warn(clippy::iter_count)]` on by default\n\n","warning: called `map_or(None, ..)` on an `Option` value. This can be done more directly by calling `and_then(..)` instead\n   --> kernel/src/syscall/task.rs:554:24\n    |\n554 |             let exit = child_task.clone().map_or(None, |x| x.exit_code());\n    |                        ^^^^^^^^^^^^^^^^^^^^^^^^^^^^^^^^^^^^^^^^^^^^^^^^^^ help: try using `and_then` instead: `child_task.clone().and_then(|x| x.exit_code())`\n    |\n    = help: for further information visit https://rust-lang.github.io/rust-clippy/master/index.html#option_map_or_none\n    = note: `#[warn(clippy::option_map_or_none)]` on by default\n\n","warning: unneeded `return` statement\n   --> kernel/src/syscall/task.rs:698:17\n    |\n698 |                 return Err(LinuxError::EPERM);\n    |                 ^^^^^^^^^^^^^^^^^^^^^^^^^^^^^\n    |\n    = help: for further information visit https://rust-lang.github.io/rust-clippy/master/index.html#needless_return\n    = note: `#[warn(clippy::needless_return)]` on by default\nhelp: remove `return`\n    |\n698 -                 return Err(LinuxError::EPERM);\n698 +                 Err(LinuxError::EPERM)\n    |\n\n","warning: you are using an explicit closure for cloning elements\n   --> kernel/src/syscall/task.rs:706:13\n    |\n706 | /             x.threads\n707 | |                 .iter()\n708 | |                 .find(|x| match x.upgrade() {\n709 | |                     Some(thread) => thread.task_id == tid,\n710 | |                     None => false,\n711 | |                 })\n712 | |                 .map(|x| x.clone())\n    | |___________________________________^\n    |\n    = help: for further information visit https://rust-lang.github.io/rust-clippy/master/index.html#map_clone\nhelp: consider calling the dedicated `cloned` method\n    |\n706 ~             x.threads\n707 +                 .iter()\n708 +                 .find(|x| match x.upgrade() {\n709 +                     Some(thread) => thread.task_id == tid,\n710 +                     None => false,\n711 +                 }).cloned()\n    |\n\n"]}},{"file":"kernel/src/tasks/initproc.rs","count":12,"kinds":{"Clippy(Warn)":["warning: constants have by default a `'static` lifetime\n   --> kernel/src/tasks/initproc.rs:213:27\n    |\n213 | pub const USER_WORK_DIR: &'static str = \"/\";\n    |                          -^^^^^^^---- help: consider removing `'static`: `&str`\n    |\n    = help: for further information visit https://rust-lang.github.io/rust-clippy/master/index.html#redundant_static_lifetimes\n    = note: `#[warn(clippy::redundant_static_lifetimes)]` on by default\n\n","warning: useless conversion to the same type: `hashbrown::hash_map::Values<'_, usize, alloc::sync::Weak<dyn executor::AsyncTask>>`\n  --> kernel/src/tasks/initproc.rs:59:5\n   |\n59 |     TASK_MAP.lock().values().into_iter().for_each(|task| {\n   |     ^^^^^^^^^^^^^^^^^^^^^^^^^^^^^^^^^^^^ help: consider removing `.into_iter()`: `TASK_MAP.lock().values()`\n   |\n   = help: for further information visit https://rust-lang.github.io/rust-clippy/master/index.html#useless_conversion\n\n","warning: unneeded `return` statement\n   --> kernel/src/tasks/initproc.rs:118:5\n    |\n118 |     return true;\n    |     ^^^^^^^^^^^\n    |\n    = help: for further information visit https://rust-lang.github.io/rust-clippy/master/index.html#needless_return\nhelp: remove `return`\n    |\n118 -     return true;\n118 +     true\n    |\n\n","warning: single-character string constant used as pattern\n   --> kernel/src/tasks/initproc.rs:122:41\n    |\n122 |     let mut args: Vec<&str> = cmd.split(\" \").filter(|x| *x != \"\").collect();\n    |                                         ^^^ help: try using a `char` instead: `' '`\n    |\n    = help: for further information visit https://rust-lang.github.io/rust-clippy/master/index.html#single_char_pattern\n\n","warning: comparison to empty slice\n   --> kernel/src/tasks/initproc.rs:122:57\n    |\n122 |     let mut args: Vec<&str> = cmd.split(\" \").filter(|x| *x != \"\").collect();\n    |                                                         ^^^^^^^^ help: using `!is_empty` is clearer and more explicit: `!x.is_empty()`\n    |\n    = help: for further information visit https://rust-lang.github.io/rust-clippy/master/index.html#comparison_to_empty\n    = note: `#[warn(clippy::comparison_to_empty)]` on by default\n\n","warning: single-character string constant used as pattern\n   --> kernel/src/tasks/initproc.rs:125:47\n    |\n125 |     let filename = match filename.starts_with(\"/\") {\n    |                                               ^^^ help: try using a `char` instead: `'/'`\n    |\n    = help: for further information visit https://rust-lang.github.io/rust-clippy/master/index.html#single_char_pattern\n\n","warning: casting to the same type is unnecessary (`u8` -> `u8`)\n   --> kernel/src/tasks/initproc.rs:184:19\n    |\n184 |             match c as u8 {\n    |                   ^^^^^^^ help: try: `c`\n    |\n    = help: for further information visit https://rust-lang.github.io/rust-clippy/master/index.html#unnecessary_cast\n\n","warning: unnecessary use of `to_string`\n   --> kernel/src/tasks/initproc.rs:187:40\n    |\n187 |                     let sign = command(&String::from_utf8_lossy(&buffer).to_string()).await;\n    |                                        ^^^^^^^^^^^^^^^^^^^^^^^^^^^^^^^^^^^^^^^^^^^^^ help: use: `String::from_utf8_lossy(&buffer).as_ref()`\n    |\n    = help: for further information visit https://rust-lang.github.io/rust-clippy/master/index.html#unnecessary_to_owned\n    = note: `#[warn(clippy::unnecessary_to_owned)]` on by default\n\n","warning: length comparison to zero\n   --> kernel/src/tasks/initproc.rs:195:24\n    |\n195 |                     if buffer.len() > 0 {\n    |                        ^^^^^^^^^^^^^^^^ help: using `!is_empty` is clearer and more explicit: `!buffer.is_empty()`\n    |\n    = help: for further information visit https://rust-lang.github.io/rust-clippy/master/index.html#len_zero\n\n","warning: casting to the same type is unnecessary (`u8` -> `u8`)\n   --> kernel/src/tasks/initproc.rs:204:33\n    |\n204 |                     buffer.push(c as u8);\n    |                                 ^^^^^^^ help: try: `c`\n    |\n    = help: for further information visit https://rust-lang.github.io/rust-clippy/master/index.html#unnecessary_cast\n\n","warning: casting to the same type is unnecessary (`u8` -> `u8`)\n   --> kernel/src/tasks/initproc.rs:205:43\n    |\n205 |                     DebugConsole::putchar(c as u8);\n    |                                           ^^^^^^^ help: try: `c`\n    |\n    = help: for further information visit https://rust-lang.github.io/rust-clippy/master/index.html#unnecessary_cast\n\n","warning: called `is_none()` after searching an `Iterator` with `find`\n   --> kernel/src/tasks/initproc.rs:400:8\n    |\n400 |       if TASK_MAP\n    |  ________^\n401 | |         .lock()\n402 | |         .values()\n403 | |         .find(|x| {\n...   |\n407 | |         })\n408 | |         .is_none()\n    | |__________________^\n    |\n    = help: this is more succinctly expressed by calling `any()` with negation\n    = help: for further information visit https://rust-lang.github.io/rust-clippy/master/index.html#search_is_some\n\n"]}},{"file":"kernel/src/syscall/fd.rs","count":7,"kinds":{"Clippy(Warn)":["warning: digits of hex, binary or octal literal not in groups of equal size\n   --> kernel/src/syscall/fd.rs:936:31\n    |\n936 |             stime + timeout * 0x1000_000\n    |                               ^^^^^^^^^^ help: consider: `0x0100_0000`\n    |\n    = help: for further information visit https://rust-lang.github.io/rust-clippy/master/index.html#unusual_byte_groupings\n    = note: `#[warn(clippy::unusual_byte_groupings)]` on by default\n\n","warning: length comparison to zero\n  --> kernel/src/syscall/fd.rs:26:8\n   |\n26 |     if path.len() > 0 && path.starts_with(\"/\") {\n   |        ^^^^^^^^^^^^^^ help: using `!is_empty` is clearer and more explicit: `!path.is_empty()`\n   |\n   = help: for further information visit https://rust-lang.github.io/rust-clippy/master/index.html#len_zero\n\n","warning: single-character string constant used as pattern\n  --> kernel/src/syscall/fd.rs:26:43\n   |\n26 |     if path.len() > 0 && path.starts_with(\"/\") {\n   |                                           ^^^ help: try using a `char` instead: `'/'`\n   |\n   = help: for further information visit https://rust-lang.github.io/rust-clippy/master/index.html#single_char_pattern\n   = note: `#[warn(clippy::single_char_pattern)]` on by default\n\n","warning: this expression creates a reference which is immediately dereferenced by the compiler\n   --> kernel/src/syscall/fd.rs:298:50\n    |\n298 |         dentry_open(dir.dentry.clone().unwrap(), &path, OpenFlags::NONE)\n    |                                                  ^^^^^ help: change this to: `path`\n    |\n    = help: for further information visit https://rust-lang.github.io/rust-clippy/master/index.html#needless_borrow\n\n","warning: the loop variable `i` is only used to index `ts`\n   --> kernel/src/syscall/fd.rs:529:26\n    |\n529 |                 for i in 0..2 {\n    |                          ^^^^\n    |\n    = help: for further information visit https://rust-lang.github.io/rust-clippy/master/index.html#needless_range_loop\n    = note: `#[warn(clippy::needless_range_loop)]` on by default\nhelp: consider using an iterator\n    |\n529 |                 for <item> in ts.iter().take(2) {\n    |                     ~~~~~~    ~~~~~~~~~~~~~~~~~\n\n","warning: the loop variable `i` is only used to index `poll_fds`\n   --> kernel/src/syscall/fd.rs:667:22\n    |\n667 |             for i in 0..nfds {\n    |                      ^^^^^^^\n    |\n    = help: for further information visit https://rust-lang.github.io/rust-clippy/master/index.html#needless_range_loop\nhelp: consider using an iterator\n    |\n667 |             for <item> in poll_fds.iter_mut().take(nfds) {\n    |                 ~~~~~~    ~~~~~~~~~~~~~~~~~~~~~~~~~~~~~~\n\n","warning: the method `writeat` doesn't need a mutable reference\n   --> kernel/src/syscall/fd.rs:995:46\n    |\n995 |                 .writeat(*off_out.get_ref(), &mut buffer[..rsize])\n    |                                              ^^^^^^^^^^^^^^^^^^^^\n    |\n    = help: for further information visit https://rust-lang.github.io/rust-clippy/master/index.html#unnecessary_mut_passed\n    = note: `#[warn(clippy::unnecessary_mut_passed)]` on by default\n\n"]}},{"file":"kernel/src/tasks/async_ops.rs","count":6,"kinds":{"Clippy(Warn)":["warning: called `is_some()` after searching an `Iterator` with `find`\n  --> kernel/src/tasks/async_ops.rs:67:10\n   |\n67 |           .find(|x| x.contains(&task_id))\n   |  __________^\n68 | |         .is_some()\n   | |__________________^ help: use `any()` instead: `any(|x| x.contains(&task_id))`\n   |\n   = help: for further information visit https://rust-lang.github.io/rust-clippy/master/index.html#search_is_some\n   = note: `#[warn(clippy::search_is_some)]` on by default\n\n","warning: called `map(f)` on an `Option` value where `f` is a closure that returns the unit type `()`\n  --> kernel/src/tasks/async_ops.rs:81:21\n   |\n81 | /                     self.0\n82 | |                         .lock()\n83 | |                         .values_mut()\n84 | |                         .find(|x| x.contains(&self.1))\n85 | |                         .map(|x| x.retain(|x| *x != self.1));\n   | |____________________________________________________________^\n   |\n   = help: for further information visit https://rust-lang.github.io/rust-clippy/master/index.html#option_map_unit_fn\nhelp: try\n   |\n81 ~                     if let Some(x) = self.0\n82 +                         .lock()\n83 +                         .values_mut()\n84 +                         .find(|x| x.contains(&self.1)) { x.retain(|x| *x != self.1) }\n   |\n\n","warning: casting to the same type is unnecessary (`usize` -> `usize`)\n   --> kernel/src/tasks/async_ops.rs:121:41\n    |\n121 |             .map(|x| x.drain(..cmp::min(wake_count as usize, que_size)));\n    |                                         ^^^^^^^^^^^^^^^^^^^ help: try: `wake_count`\n    |\n    = help: for further information visit https://rust-lang.github.io/rust-clippy/master/index.html#unnecessary_cast\n\n","warning: casting to the same type is unnecessary (`usize` -> `usize`)\n   --> kernel/src/tasks/async_ops.rs:138:28\n    |\n138 |         .map(|x| x.drain(..wake_count as usize).count())\n    |                            ^^^^^^^^^^^^^^^^^^^ help: try: `wake_count`\n    |\n    = help: for further information visit https://rust-lang.github.io/rust-clippy/master/index.html#unnecessary_cast\n\n","warning: casting to the same type is unnecessary (`usize` -> `usize`)\n   --> kernel/src/tasks/async_ops.rs:143:28\n    |\n143 |         .map(|x| x.drain(..reque_count as usize).collect());\n    |                            ^^^^^^^^^^^^^^^^^^^^ help: try: `reque_count`\n    |\n    = help: for further information visit https://rust-lang.github.io/rust-clippy/master/index.html#unnecessary_cast\n\n","warning: usage of `contains_key` followed by `insert` on a `BTreeMap`\n   --> kernel/src/tasks/async_ops.rs:146:9\n    |\n146 | /         if !futex_table.contains_key(&uaddr2) {\n147 | |             futex_table.insert(uaddr2, vec![]);\n148 | |         }\n    | |_________^ help: try: `futex_table.entry(uaddr2).or_insert_with(|| vec![]);`\n    |\n    = help: for further information visit https://rust-lang.github.io/rust-clippy/master/index.html#map_entry\n    = note: `#[warn(clippy::map_entry)]` on by default\n\n"]}},{"file":"kernel/src/tasks/filetable.rs","count":6,"kinds":{"Clippy(Warn)":["warning: this lifetime isn't used in the impl\n  --> kernel/src/tasks/filetable.rs:78:6\n   |\n78 | impl<'a> FileItem {\n   |      ^^\n   |\n   = help: for further information visit https://rust-lang.github.io/rust-clippy/master/index.html#extra_unused_lifetimes\n   = note: `#[warn(clippy::extra_unused_lifetimes)]` on by default\n\n","warning: manual implementation of an assign operation\n   --> kernel/src/tasks/filetable.rs:210:13\n    |\n210 |             ptr = ptr + current_len;\n    |             ^^^^^^^^^^^^^^^^^^^^^^^ help: replace it with: `ptr += current_len`\n    |\n    = help: for further information visit https://rust-lang.github.io/rust-clippy/master/index.html#assign_op_pattern\n    = note: `#[warn(clippy::assign_op_pattern)]` on by default\n\n","warning: length comparison to zero\n   --> kernel/src/tasks/filetable.rs:333:12\n    |\n333 |         if buffer.len() == 0 {\n    |            ^^^^^^^^^^^^^^^^^ help: using `is_empty` is clearer and more explicit: `buffer.is_empty()`\n    |\n    = help: for further information visit https://rust-lang.github.io/rust-clippy/master/index.html#len_zero\n\n","warning: length comparison to zero\n   --> kernel/src/tasks/filetable.rs:349:12\n    |\n349 |         if buffer.len() == 0 {\n    |            ^^^^^^^^^^^^^^^^^ help: using `is_empty` is clearer and more explicit: `buffer.is_empty()`\n    |\n    = help: for further information visit https://rust-lang.github.io/rust-clippy/master/index.html#len_zero\n\n","warning: length comparison to zero\n   --> kernel/src/tasks/filetable.rs:374:12\n    |\n374 |         if buffer.len() == 0 {\n    |            ^^^^^^^^^^^^^^^^^ help: using `is_empty` is clearer and more explicit: `buffer.is_empty()`\n    |\n    = help: for further information visit https://rust-lang.github.io/rust-clippy/master/index.html#len_zero\n\n","warning: this expression creates a reference which is immediately dereferenced by the compiler\n   --> kernel/src/tasks/filetable.rs:378:47\n    |\n378 |         WaitBlockingWrite(self.inner.clone(), &buffer, offset)\n    |                                               ^^^^^^^ help: change this to: `buffer`\n    |\n    = help: for further information visit https://rust-lang.github.io/rust-clippy/master/index.html#needless_borrow\n\n"]}},{"file":"kernel/src/socket.rs","count":5,"kinds":{"Clippy(Warn)":["warning: name `STEAM` contains a capitalized acronym\n  --> kernel/src/socket.rs:15:5\n   |\n15 |     STEAM,\n   |     ^^^^^ help: consider making the acronym lowercase, except the initial letter: `Steam`\n   |\n   = help: for further information visit https://rust-lang.github.io/rust-clippy/master/index.html#upper_case_acronyms\n\n","warning: name `DGRAME` contains a capitalized acronym\n  --> kernel/src/socket.rs:16:5\n   |\n16 |     DGRAME,\n   |     ^^^^^^ help: consider making the acronym lowercase, except the initial letter: `Dgrame`\n   |\n   = help: for further information visit https://rust-lang.github.io/rust-clippy/master/index.html#upper_case_acronyms\n\n","warning: name `RAW` contains a capitalized acronym\n  --> kernel/src/socket.rs:17:5\n   |\n17 |     RAW,\n   |     ^^^ help: consider making the acronym lowercase, except the initial letter: `Raw`\n   |\n   = help: for further information visit https://rust-lang.github.io/rust-clippy/master/index.html#upper_case_acronyms\n\n","warning: length comparison to zero\n   --> kernel/src/socket.rs:163:12\n    |\n163 |         if data.len() == 0 {\n    |            ^^^^^^^^^^^^^^^ help: using `is_empty` is clearer and more explicit: `data.is_empty()`\n    |\n    = help: for further information visit https://rust-lang.github.io/rust-clippy/master/index.html#len_zero\n    = note: `#[warn(clippy::len_zero)]` on by default\n\n","warning: this expression creates a reference which is immediately dereferenced by the compiler\n   --> kernel/src/socket.rs:186:33\n    |\n186 |         match self.inner.sendto(&buffer, None) {\n    |                                 ^^^^^^^ help: change this to: `buffer`\n    |\n    = help: for further information visit https://rust-lang.github.io/rust-clippy/master/index.html#needless_borrow\n    = note: `#[warn(clippy::needless_borrow)]` on by default\n\n"]}},{"file":"kernel/src/epoll/mod.rs","count":4,"kinds":{"Clippy(Warn)":["warning: called `map(f)` on an `Option` value where `f` is a closure that returns the unit type `()`\n  --> kernel/src/epoll/mod.rs:65:17\n   |\n65 | //                 self.data.lock().get_mut(&fd).map(|x| {\n66 | ||                     *x = ev;\n67 | ||                 });\n   | ||__________________^- help: try: `if let Some(x) = self.data.lock().get_mut(&fd) { *x = ev; }`\n   |  |__________________|\n   | \n   |\n   = help: for further information visit https://rust-lang.github.io/rust-clippy/master/index.html#option_map_unit_fn\n   = note: `#[warn(clippy::option_map_unit_fn)]` on by default\n\n","warning: name `ADD` contains a capitalized acronym\n  --> kernel/src/epoll/mod.rs:79:5\n   |\n79 |     ADD = 1,\n   |     ^^^ help: consider making the acronym lowercase, except the initial letter: `Add`\n   |\n   = help: for further information visit https://rust-lang.github.io/rust-clippy/master/index.html#upper_case_acronyms\n   = note: `#[warn(clippy::upper_case_acronyms)]` on by default\n\n","warning: name `DEL` contains a capitalized acronym\n  --> kernel/src/epoll/mod.rs:80:5\n   |\n80 |     DEL = 2,\n   |     ^^^ help: consider making the acronym lowercase, except the initial letter: `Del`\n   |\n   = help: for further information visit https://rust-lang.github.io/rust-clippy/master/index.html#upper_case_acronyms\n\n","warning: name `MOD` contains a capitalized acronym\n  --> kernel/src/epoll/mod.rs:81:5\n   |\n81 |     MOD = 3,\n   |     ^^^ help: consider making the acronym lowercase, except the initial letter: `Mod`\n   |\n   = help: for further information visit https://rust-lang.github.io/rust-clippy/master/index.html#upper_case_acronyms\n\n"]}},{"file":"kernel/src/tasks/memset.rs","count":4,"kinds":{"Clippy(Warn)":["warning: this lifetime isn't used in the impl\n  --> kernel/src/tasks/memset.rs:32:6\n   |\n32 | impl<'a> MemSet {\n   |      ^^\n   |\n   = help: for further information visit https://rust-lang.github.io/rust-clippy/master/index.html#extra_unused_lifetimes\n\n","warning: called `is_some()` after searching an `Iterator` with `find`\n  --> kernel/src/tasks/memset.rs:38:23\n   |\n38 |         self.0.iter().find(|x| x.overlapping(start, end)).is_some()\n   |                       ^^^^^^^^^^^^^^^^^^^^^^^^^^^^^^^^^^^^^^^^^^^^^ help: use `any()` instead: `any(|x| x.overlapping(start, end))`\n   |\n   = help: for further information visit https://rust-lang.github.io/rust-clippy/master/index.html#search_is_some\n\n","warning: returning the result of a `let` binding from a block\n   --> kernel/src/tasks/memset.rs:111:9\n    |\n109 | /         let res =\n110 | |             !((start <= self.start && end <= self.start) || (start >= self_end && end >= self_end));\n    | |____________________________________________________________________________________________________- unnecessary `let` binding\n111 |           res\n    |           ^^^\n    |\n    = help: for further information visit https://rust-lang.github.io/rust-clippy/master/index.html#let_and_return\n    = note: `#[warn(clippy::let_and_return)]` on by default\nhelp: return the expression directly\n    |\n109 ~         \n110 ~         !((start <= self.start && end <= self.start) || (start >= self_end && end >= self_end))\n    |\n\n","warning: you seem to be trying to use `match` for an equality check. Consider using `if`\n   --> kernel/src/tasks/memset.rs:213:9\n    |\n213 | /         match &self.mtype {\n214 | |             MemType::ShareFile => {\n215 | |                 let start = self.start;\n216 | |                 let len = self.len;\n...   |\n232 | |             _ => {}\n233 | |         }\n    | |_________^\n    |\n    = help: for further information visit https://rust-lang.github.io/rust-clippy/master/index.html#single_match\n    = note: `#[warn(clippy::single_match)]` on by default\nhelp: try\n    |\n213 ~         if self.mtype == MemType::ShareFile {\n214 +             let start = self.start;\n215 +             let len = self.len;\n216 +             let mapfile = self.file.clone().unwrap();\n217 +             for tracker in &self.mtrackers {\n218 +                 if Arc::strong_count(&tracker.tracker) > 1 {\n219 +                     continue;\n220 +                 }\n221 + \n222 +                 let offset = tracker.vpn.to_addr() - start;\n223 +                 let wlen = min(len - offset, PAGE_SIZE);\n224 + \n225 +                 let bytes = &mut tracker.tracker.0.get_buffer()[..wlen];\n226 +                 mapfile\n227 +                     .writeat(offset, bytes)\n228 +                     .expect(\"can't write data to file at drop\");\n229 +             }\n230 +         }\n    |\n\n"]}},{"file":"kernel/src/tasks/task.rs","count":4,"kinds":{"Clippy(Warn)":["warning: this function has too many arguments (8/7)\n   --> kernel/src/tasks/task.rs:142:5\n    |\n142 | /     pub fn map_frames(\n143 | |         &self,\n144 | |         vpn: VirtPage,\n145 | |         mtype: MemType,\n...   |\n150 | |         len: usize,\n151 | |     ) -> Option<PhysPage> {\n    | |_________________________^\n    |\n    = help: for further information visit https://rust-lang.github.io/rust-clippy/master/index.html#too_many_arguments\n\n","warning: using `clone` on type `TrapFrame` which implements the `Copy` trait\n   --> kernel/src/tasks/task.rs:320:29\n    |\n320 |         new_tcb_writer.cx = self.tcb.read().cx.clone();\n    |                             ^^^^^^^^^^^^^^^^^^^^^^^^^^ help: try removing the `clone` call: `self.tcb.read().cx`\n    |\n    = help: for further information visit https://rust-lang.github.io/rust-clippy/master/index.html#clone_on_copy\n\n","warning: using `clone` on type `TrapFrame` which implements the `Copy` trait\n   --> kernel/src/tasks/task.rs:360:17\n    |\n360 |             cx: parent_tcb.cx.clone(),\n    |                 ^^^^^^^^^^^^^^^^^^^^^ help: try removing the `clone` call: `parent_tcb.cx`\n    |\n    = help: for further information visit https://rust-lang.github.io/rust-clippy/master/index.html#clone_on_copy\n\n","warning: using `clone` on type `SigProcMask` which implements the `Copy` trait\n   --> kernel/src/tasks/task.rs:361:22\n    |\n361 |             sigmask: parent_tcb.sigmask.clone(),\n    |                      ^^^^^^^^^^^^^^^^^^^^^^^^^^ help: try removing the `clone` call: `parent_tcb.sigmask`\n    |\n    = help: for further information visit https://rust-lang.github.io/rust-clippy/master/index.html#clone_on_copy\n\n"]}},{"file":"kernel/build.rs","count":3,"kinds":{"Clippy(Warn)":["warning: comparison to empty slice\n  --> kernel/build.rs:17:12\n   |\n17 |         if module == \"\" {\n   |            ^^^^^^^^^^^^ help: using `is_empty` is clearer and more explicit: `module.is_empty()`\n   |\n   = help: for further information visit https://rust-lang.github.io/rust-clippy/master/index.html#comparison_to_empty\n   = note: `#[warn(clippy::comparison_to_empty)]` on by default\n\n","warning: single-character string constant used as pattern\n  --> kernel/build.rs:20:84\n   |\n20 |         module_file_content.push_str(&format!(\"extern crate {};\\n\", module.replace(\"-\", \"_\")))\n   |                                                                                    ^^^ help: try using a `char` instead: `'-'`\n   |\n   = help: for further information visit https://rust-lang.github.io/rust-clippy/master/index.html#single_char_pattern\n   = note: `#[warn(clippy::single_char_pattern)]` on by default\n\n","warning: single-character string constant used as pattern\n  --> kernel/build.rs:29:16\n   |\n29 |         .split(\",\")\n   |                ^^^ help: try using a `char` instead: `','`\n   |\n   = help: for further information visit https://rust-lang.github.io/rust-clippy/master/index.html#single_char_pattern\n\n"]}},{"file":"kernel/src/user/signal.rs","count":3,"kinds":{"Clippy(Warn)":["warning: using `clone` on type `SigAction` which implements the `Copy` trait\n  --> kernel/src/user/signal.rs:28:25\n   |\n28 |         let sigaction = self.task.pcb.lock().sigaction[signal.num()].clone();\n   |                         ^^^^^^^^^^^^^^^^^^^^^^^^^^^^^^^^^^^^^^^^^^^^^^^^^^^^ help: try removing the `clone` call: `self.task.pcb.lock().sigaction[signal.num()]`\n   |\n   = help: for further information visit https://rust-lang.github.io/rust-clippy/master/index.html#clone_on_copy\n\n","warning: using `clone` on type `TrapFrame` which implements the `Copy` trait\n  --> kernel/src/user/signal.rs:57:24\n   |\n57 |         let store_cx = cx_ref.clone();\n   |                        ^^^^^^^^^^^^^^ help: try dereferencing it: `*cx_ref`\n   |\n   = help: for further information visit https://rust-lang.github.io/rust-clippy/master/index.html#clone_on_copy\n\n","warning: this expression creates a reference which is immediately dereferenced by the compiler\n  --> kernel/src/user/signal.rs:65:22\n   |\n65 |         cx.store_ctx(&cx_ref);\n   |                      ^^^^^^^ help: change this to: `cx_ref`\n   |\n   = help: for further information visit https://rust-lang.github.io/rust-clippy/master/index.html#needless_borrow\n\n"]}},{"file":"kernel/src/user/socket_pair.rs","count":3,"kinds":{"Clippy(Warn)":["warning: this `if` statement can be collapsed\n  --> kernel/src/user/socket_pair.rs:42:9\n   |\n42 | /         if events.contains(PollEvent::POLLOUT) {\n43 | |             if self.inner.lock().len() <= 0x50000 {\n44 | |                 res |= PollEvent::POLLOUT;\n45 | |             }\n46 | |         }\n   | |_________^\n   |\n   = help: for further information visit https://rust-lang.github.io/rust-clippy/master/index.html#collapsible_if\n   = note: `#[warn(clippy::collapsible_if)]` on by default\nhelp: collapse nested if block\n   |\n42 ~         if events.contains(PollEvent::POLLOUT) && self.inner.lock().len() <= 0x50000 {\n43 +             res |= PollEvent::POLLOUT;\n44 +         }\n   |\n\n","warning: this `if` statement can be collapsed\n  --> kernel/src/user/socket_pair.rs:47:9\n   |\n47 | /         if events.contains(PollEvent::POLLIN) {\n48 | |             if self.inner.lock().len() > 0 {\n49 | |                 res |= PollEvent::POLLIN;\n50 | |             }\n51 | |         }\n   | |_________^\n   |\n   = help: for further information visit https://rust-lang.github.io/rust-clippy/master/index.html#collapsible_if\nhelp: collapse nested if block\n   |\n47 ~         if events.contains(PollEvent::POLLIN) && self.inner.lock().len() > 0 {\n48 +             res |= PollEvent::POLLIN;\n49 +         }\n   |\n\n","warning: useless conversion to the same type: `core::iter::Enumerate<alloc::collections::vec_deque::Drain<'_, u8>>`\n  --> kernel/src/user/socket_pair.rs:26:9\n   |\n26 | /         queue\n27 | |             .drain(..rlen)\n28 | |             .enumerate()\n29 | |             .into_iter()\n   | |________________________^\n   |\n   = help: for further information visit https://rust-lang.github.io/rust-clippy/master/index.html#useless_conversion\nhelp: consider removing `.into_iter()`\n   |\n26 ~         queue\n27 +             .drain(..rlen)\n28 +             .enumerate()\n   |\n\n"]}},{"file":"kernel/src/syscall/mod.rs","count":2,"kinds":{"Clippy(Warn)":["warning: unneeded sub `cfg` when there is only one condition\n   --> kernel/src/syscall/mod.rs:381:19\n    |\n381 |             #[cfg(any(target_arch = \"x86_64\"))]\n    |                   ^^^^^^^^^^^^^^^^^^^^^^^^^^^ help: try: `target_arch = \"x86_64\"`\n    |\n    = help: for further information visit https://rust-lang.github.io/rust-clippy/master/index.html#non_minimal_cfg\n    = note: `#[warn(clippy::non_minimal_cfg)]` on by default\n\n","warning: useless conversion to the same type: `usize`\n   --> kernel/src/syscall/mod.rs:255:21\n    |\n255 |                     args[5].into(),\n    |                     ^^^^^^^^^^^^^^ help: consider removing `.into()`: `args[5]`\n    |\n    = help: for further information visit https://rust-lang.github.io/rust-clippy/master/index.html#useless_conversion\n\n"]}},{"file":"kernel/src/syscall/socket.rs","count":2,"kinds":{"Clippy(Warn)":["warning: this loop could be written as a `while let` loop\n   --> kernel/src/syscall/socket.rs:237:9\n    |\n237 | /         loop {\n238 | |             match socket.inner.clone().connect(remote) {\n239 | |                 Err(NetServerError::Blocking) => {}\n240 | |                 _ => break,\n241 | |             }\n242 | |             yield_now().await;\n243 | |         }\n    | |_________^ help: try: `while let Err(NetServerError::Blocking) = socket.inner.clone().connect(remote) { .. }`\n    |\n    = help: for further information visit https://rust-lang.github.io/rust-clippy/master/index.html#while_let_loop\n    = note: `#[warn(clippy::while_let_loop)]` on by default\n\n","warning: using `clone` on type `Ipv4Addr` which implements the `Copy` trait\n   --> kernel/src/syscall/socket.rs:488:27\n    |\n488 |                 sa.addr = new_socket.get_remote().unwrap().ip().clone();\n    |                           ^^^^^^^^^^^^^^^^^^^^^^^^^^^^^^^^^^^^^^^^^^^^^ help: try dereferencing it: `*new_socket.get_remote().unwrap().ip()`\n    |\n    = help: for further information visit https://rust-lang.github.io/rust-clippy/master/index.html#clone_on_copy\n    = note: `#[warn(clippy::clone_on_copy)]` on by default\n\n"]}},{"file":"kernel/src/tasks/mod.rs","count":2,"kinds":{"Clippy(Warn)":["warning: manual `RangeInclusive::contains` implementation\n  --> kernel/src/tasks/mod.rs:57:20\n   |\n57 |                 if c >= 0x20 && c <= 0x7e {\n   |                    ^^^^^^^^^^^^^^^^^^^^^^ help: use: `(0x20..=0x7e).contains(&c)`\n   |\n   = help: for further information visit https://rust-lang.github.io/rust-clippy/master/index.html#manual_range_contains\n   = note: `#[warn(clippy::manual_range_contains)]` on by default\n\n","warning: name `TMS` contains a capitalized acronym\n   --> kernel/src/tasks/mod.rs:125:12\n    |\n125 | pub struct TMS {\n    |            ^^^ help: consider making the acronym lowercase, except the initial letter: `Tms`\n    |\n    = help: for further information visit https://rust-lang.github.io/rust-clippy/master/index.html#upper_case_acronyms\n\n"]}},{"file":"/home/runner/check/batch_2/kern-crates/ByteOS/Cargo.lock","count":1,"kinds":{"Audit":["    Fetching advisory database from `https://github.com/RustSec/advisory-db.git`\n      Loaded 663 security advisories (from /home/runner/.cargo/advisory-db)\n    Updating crates.io index\n    Scanning Cargo.lock for vulnerabilities (96 crate dependencies)\nCrate:     ahash\nVersion:   0.8.3\nWarning:   yanked\nDependency tree:\nahash 0.8.3\n hashbrown 0.14.0\n     kernel 0.1.0\n     executor 0.1.0\n         kernel 0.1.0\n\nwarning: 1 allowed warning found\n\n{\n  \"database\": {\n    \"advisory-count\": 663,\n    \"last-commit\": \"acb7ce45817b13dd34cb32540ff18be4e1f3ba09\",\n    \"last-updated\": \"2024-10-09T00:13:59+01:00\"\n  },\n  \"lockfile\": {\n    \"dependency-count\": 96\n  },\n  \"settings\": {\n    \"target_arch\": [],\n    \"target_os\": [],\n    \"severity\": null,\n    \"ignore\": [],\n    \"informational_warnings\": [\n      \"unmaintained\",\n      \"unsound\",\n      \"notice\"\n    ]\n  },\n  \"vulnerabilities\": {\n    \"found\": false,\n    \"count\": 0,\n    \"list\": []\n  },\n  \"warnings\": {\n    \"yanked\": [\n      {\n        \"kind\": \"yanked\",\n        \"package\": {\n          \"name\": \"ahash\",\n          \"version\": \"0.8.3\",\n          \"source\": \"registry+https://github.com/rust-lang/crates.io-index\",\n          \"checksum\": \"2c99f64d1e06488f620f932677e24bc6e2897582980441ae90a671415bd7ec2f\",\n          \"dependencies\": [\n            {\n              \"name\": \"cfg-if\",\n              \"version\": \"1.0.0\",\n              \"source\": \"registry+https://github.com/rust-lang/crates.io-index\"\n            },\n            {\n              \"name\": \"once_cell\",\n              \"version\": \"1.19.0\",\n              \"source\": \"registry+https://github.com/rust-lang/crates.io-index\"\n            },\n            {\n              \"name\": \"version_check\",\n              \"version\": \"0.9.4\",\n              \"source\": \"registry+https://github.com/rust-lang/crates.io-index\"\n            }\n          ],\n          \"replace\": null\n        },\n        \"advisory\": null,\n        \"affected\": null,\n        \"versions\": null\n      }\n    ]\n  }\n}"]}},{"file":"(virtual) lockbud","count":1,"kinds":{"Cargo":["// pkg_name=kernel, checker=Lockbud\n// toolchain=nightly-2023-12-01, target=loongarch64-unknown-none\n// pkg_dir=/home/runner/check/batch_2/kern-crates/ByteOS/kernel\n// cmd=cargo +nightly-2024-05-21 lockbud -k all -- --target loongarch64-unknown-none\n   Compiling cfg-if v1.0.0\n   Compiling lock_api v0.4.9\n   Compiling scopeguard v1.1.0\n   Compiling log v0.4.17\n   Compiling bitflags v2.4.2\n   Compiling bit_field v0.10.2\n[2024-10-12T15:56:41Z WARN  lockbud::callbacks] [\n      {\n        \"AtomicityViolation\": {\n          \"bug_kind\": \"AtomicityViolation\",\n          \"possibility\": \"Possibly\",\n          \"diagnosis\": {\n            \"fn_name\": \"set_logger_racy\",\n            \"atomic_reader\": \"/home/runner/.cargo/registry/src/index.crates.io-6f17d22bba15001f/log-0.4.17/src/lib.rs:1522:11: 1522:39 (#0)\",\n            \"atomic_writer\": \"/home/runner/.cargo/registry/src/index.crates.io-6f17d22bba15001f/log-0.4.17/src/lib.rs:1525:13: 1525:55 (#0)\",\n            \"dep_kind\": \"Control\"\n          },\n          \"explanation\": \"atomic::store is data/control dependent on atomic::load\"\n        }\n      }\n    ]\n[2024-10-12T15:56:41Z WARN  lockbud::callbacks] crate log contains bugs: { probably: 0, possibly: 0 }, conflictlock: { probably: 0, possibly: 0 }, condvar_deadlock: { probably: 0, possibly: 0 }, atomicity_violation: { possibly: 1 }, invalid_free: { possibly: 0 }, use_after_free: { possibly: 0 }\n   Compiling bitflags v1.3.2\n   Compiling percpu v0.1.0 (https://github.com/Byte-OS/percpu.git#a71e60e3)\n   Compiling percpu_macros v0.1.0 (https://github.com/Byte-OS/percpu.git#a71e60e3)\n   Compiling loongArch64 v0.2.2\n   Compiling polyhal-macro v0.1.0 (https://github.com/Byte-OS/polyhal.git#78137eed)\n   Compiling spin v0.9.8\n   Compiling sync v0.1.0 (https://github.com/Byte-OS/sync.git#8c5f094d)\n   Compiling fdt v0.1.5\n   Compiling zerocopy-derive v0.7.32\n   Compiling byteorder v1.4.3\n   Compiling polyhal v0.1.0 (https://github.com/Byte-OS/polyhal.git#78137eed)\n   Compiling linkme-impl v0.3.22\n   Compiling timestamp v0.1.0 (https://github.com/Byte-OS/timestamp.git#0394ccfa)\n   Compiling downcast-rs v1.2.0\n   Compiling vfscore v0.1.0 (https://github.com/Byte-OS/vfscore.git#63092dfa)\n   Compiling frame_allocator v0.1.0 (https://github.com/Byte-OS/bit_frame_allocator.git#e401675a)\n   Compiling num-traits v0.2.16\n   Compiling ahash v0.8.3\n   Compiling num_enum_derive v0.6.1\n   Compiling zerocopy v0.7.32\n   Compiling linkme v0.3.22\n   Compiling once_cell v1.19.0\n   Compiling futures-core v0.3.28\nerror[E0635]: unknown feature `stdsimd`\n  --> /home/runner/.cargo/registry/src/index.crates.io-6f17d22bba15001f/ahash-0.8.3/src/lib.rs:99:42\n   |\n99 | #![cfg_attr(feature = \"stdsimd\", feature(stdsimd))]\n   |                                          ^^^^^^^\n\nFor more information about this error, try `rustc --explain E0635`.\nerror: could not compile `ahash` (lib) due to 1 previous error\nwarning: build failed, waiting for other jobs to finish...\n"]}},{"file":"Not supported to display yet.","count":1,"kinds":{"Lockbud(Possibly)":["[2024-10-12T15:56:41Z WARN  lockbud::callbacks] [\n      {\n        \"AtomicityViolation\": {\n          \"bug_kind\": \"AtomicityViolation\",\n          \"possibility\": \"Possibly\",\n          \"diagnosis\": {\n            \"fn_name\": \"set_logger_racy\",\n            \"atomic_reader\": \"/home/runner/.cargo/registry/src/index.crates.io-6f17d22bba15001f/log-0.4.17/src/lib.rs:1522:11: 1522:39 (#0)\",\n            \"atomic_writer\": \"/home/runner/.cargo/registry/src/index.crates.io-6f17d22bba15001f/log-0.4.17/src/lib.rs:1525:13: 1525:55 (#0)\",\n            \"dep_kind\": \"Control\"\n          },\n          \"explanation\": \"atomic::store is data/control dependent on atomic::load\"\n        }\n      }\n    ]\n[2024-10-12T15:56:41Z WARN  lockbud::callbacks] crate log contains bugs: { probably: 0, possibly: 0 }, conflictlock: { probably: 0, possibly: 0 }, condvar_deadlock: { probably: 0, possibly: 0 }, atomicity_violation: { possibly: 1 }, invalid_free: { possibly: 0 }, use_after_free: { possibly: 0 }"]}},{"file":"kernel/src/main.rs","count":1,"kinds":{"Clippy(Warn)":["warning: matching on `Some` with `ok()` is redundant\n  --> kernel/src/main.rs:77:13\n   |\n77 |             if let Some(task) = current_task().downcast_arc::<UserTask>().ok() {\n   |             ^^^^^^^^^^^^^^^^^^^^^^^^^^^^^^^^^^^^^^^^^^^^^^^^^^^^^^^^^^^^^^^^^^\n   |\n   = help: for further information visit https://rust-lang.github.io/rust-clippy/master/index.html#match_result_ok\n   = note: `#[warn(clippy::match_result_ok)]` on by default\nhelp: consider matching on `Ok(task)` and removing the call to `ok` instead\n   |\n77 |             if let Ok(task) = current_task().downcast_arc::<UserTask>() {\n   |             ~~~~~~~~~~~~~~~~~~~~~~~~~~~~~~~~~~~~~~~~~~~~~~~~~~~~~~~~~~~\n\n"]}},{"file":"kernel/src/syscall/shm.rs","count":1,"kinds":{"Clippy(Warn)":["warning: this is a decimal constant\n  --> kernel/src/syscall/shm.rs:31:21\n   |\n31 |         if shmflg & 01000 > 0 {\n   |                     ^^^^^\n   |\n   = help: for further information visit https://rust-lang.github.io/rust-clippy/master/index.html#zero_prefixed_literal\n   = note: `#[warn(clippy::zero_prefixed_literal)]` on by default\nhelp: if you mean to use a decimal constant, remove the `0` to avoid confusion\n   |\n31 |         if shmflg & 1000 > 0 {\n   |                     ~~~~\nhelp: if you mean to use an octal constant, use `0o`\n   |\n31 |         if shmflg & 0o1000 > 0 {\n   |                     ~~~~~~\n\n"]}},{"file":"kernel/src/tasks/elf.rs","count":1,"kinds":{"Clippy(Warn)":["warning: this function has too many arguments (10/7)\n   --> kernel/src/tasks/elf.rs:108:1\n    |\n108 | / pub fn init_task_stack(\n109 | |     user_task: Arc<UserTask>,\n110 | |     args: Vec<String>,\n111 | |     base: usize,\n...   |\n118 | |     tls: usize,\n119 | | ) {\n    | |_^\n    |\n    = help: for further information visit https://rust-lang.github.io/rust-clippy/master/index.html#too_many_arguments\n    = note: `#[warn(clippy::too_many_arguments)]` on by default\n\n"]}},{"file":"kernel/src/tasks/shm.rs","count":1,"kinds":{"Clippy(Warn)":["warning: equality checks against true are unnecessary\n  --> kernel/src/tasks/shm.rs:30:49\n   |\n30 |         if Arc::strong_count(&self.mem) == 1 && *self.mem.deleted.lock() == true {\n   |                                                 ^^^^^^^^^^^^^^^^^^^^^^^^^^^^^^^^ help: try simplifying it as shown: `*self.mem.deleted.lock()`\n   |\n   = help: for further information visit https://rust-lang.github.io/rust-clippy/master/index.html#bool_comparison\n   = note: `#[warn(clippy::bool_comparison)]` on by default\n\n"]}}]},{"user":"kern-crates","repo":"rCoreloongArch","pkg":"kernel","count":27,"raw_reports":[{"file":"src/trap/mod.rs","count":7,"kinds":{"Unformatted":["file: /home/runner/check/batch_9/kern-crates/rCoreloongArch/kernel/src/trap/mod.rs (original lines from 2 to 2)\n-use crate::config::{TICKS_PER_SEC};\n+use crate::config::TICKS_PER_SEC;\n","file: /home/runner/check/batch_9/kern-crates/rCoreloongArch/kernel/src/trap/mod.rs (original lines from 8 to 8)\n+use crate::println;\n","file: /home/runner/check/batch_9/kern-crates/rCoreloongArch/kernel/src/trap/mod.rs (original lines from 11 to 11)\n-use crate::{println};\n","file: /home/runner/check/batch_9/kern-crates/rCoreloongArch/kernel/src/trap/mod.rs (original lines from 16 to 16)\n-use loongarch64::register::*;\n","file: /home/runner/check/batch_9/kern-crates/rCoreloongArch/kernel/src/trap/mod.rs (original lines from 19 to 19)\n+use loongarch64::register::*;\n","file: /home/runner/check/batch_9/kern-crates/rCoreloongArch/kernel/src/trap/mod.rs (original lines from 102 to 102)\n-    ecfg::set_lie(LineBasedInterrupt::TIMER|LineBasedInterrupt::HWI0);\n+    ecfg::set_lie(LineBasedInterrupt::TIMER | LineBasedInterrupt::HWI0);\n","file: /home/runner/check/batch_9/kern-crates/rCoreloongArch/kernel/src/trap/mod.rs (original lines from 162 to 162)\n-        Trap::Interrupt( Interrupt::Timer) => {\n+        Trap::Interrupt(Interrupt::Timer) => {\n"]}},{"file":"src/loongarch/driver/mod.rs","count":3,"kinds":{"Unformatted":["file: /home/runner/check/batch_9/kern-crates/rCoreloongArch/kernel/src/loongarch/driver/mod.rs (original lines from 5 to 5)\n-mod vbe;\n","file: /home/runner/check/batch_9/kern-crates/rCoreloongArch/kernel/src/loongarch/driver/mod.rs (original lines from 7 to 7)\n+mod vbe;\n","file: /home/runner/check/batch_9/kern-crates/rCoreloongArch/kernel/src/loongarch/driver/mod.rs (original lines from 19 to 19)\n-\n"]}},{"file":"src/main.rs","count":3,"kinds":{"Unformatted":["file: /home/runner/check/batch_9/kern-crates/rCoreloongArch/kernel/src/main.rs (original lines from 34 to 34)\n+use crate::loongarch::{\n+    ahci_init, extioi_init, i8042_init, ls7a_intc_init, rtc_init, rtc_time_read, vbe_test,\n+};\n","file: /home/runner/check/batch_9/kern-crates/rCoreloongArch/kernel/src/main.rs (original lines from 35 to 35)\n-use crate::loongarch::{ahci_init, extioi_init, i8042_init, ls7a_intc_init, rtc_init, rtc_time_read, vbe_test};\n","file: /home/runner/check/batch_9/kern-crates/rCoreloongArch/kernel/src/main.rs (original lines from 48 to 52)\n-pub fn main(\n-    argc: usize,\n-    argv: *const *const u8,\n-    boot_params_interface: *const (),\n-) {\n+pub fn main(argc: usize, argv: *const *const u8, boot_params_interface: *const ()) {\n"]}},{"file":"src/trap/context.rs","count":3,"kinds":{"Unformatted":["file: /home/runner/check/batch_9/kern-crates/rCoreloongArch/kernel/src/trap/context.rs (original lines from 3 to 3)\n-use loongarch64::register::{CpuMode, prmd};\n+use loongarch64::register::{prmd, CpuMode};\n","file: /home/runner/check/batch_9/kern-crates/rCoreloongArch/kernel/src/trap/context.rs (original lines from 24 to 24)\n-\n","file: /home/runner/check/batch_9/kern-crates/rCoreloongArch/kernel/src/trap/context.rs (original lines from 34 to 34)\n-            prmd:prmd::read().raw(),\n+            prmd: prmd::read().raw(),\n"]}},{"file":"src/loongarch/rtc.rs","count":2,"kinds":{"Unformatted":["file: /home/runner/check/batch_9/kern-crates/rCoreloongArch/kernel/src/loongarch/rtc.rs (original lines from 1 to 1)\n+use crate::loongarch::driver::rtc::RtcTime;\n","file: /home/runner/check/batch_9/kern-crates/rCoreloongArch/kernel/src/loongarch/rtc.rs (original lines from 4 to 4)\n-use crate::loongarch::driver::rtc::RtcTime;\n"]}},{"file":"src/syscall/process.rs","count":2,"kinds":{"Unformatted":["file: /home/runner/check/batch_9/kern-crates/rCoreloongArch/kernel/src/syscall/process.rs (original lines from 1 to 1)\n+use crate::fs::{open_file, OpenFlags};\n","file: /home/runner/check/batch_9/kern-crates/rCoreloongArch/kernel/src/syscall/process.rs (original lines from 8 to 8)\n-use crate::fs::{open_file, OpenFlags};\n"]}},{"file":"src/timer.rs","count":2,"kinds":{"Unformatted":["file: /home/runner/check/batch_9/kern-crates/rCoreloongArch/kernel/src/timer.rs (original lines from 9 to 9)\n-\n","file: /home/runner/check/batch_9/kern-crates/rCoreloongArch/kernel/src/timer.rs (original lines from 39 to 39)\n-static TIMERS:Lazy<Mutex<BinaryHeap<TimerCondVar>>> = Lazy::new(||Mutex::new(BinaryHeap::<TimerCondVar>::new()));\n+static TIMERS: Lazy<Mutex<BinaryHeap<TimerCondVar>>> =\n+    Lazy::new(|| Mutex::new(BinaryHeap::<TimerCondVar>::new()));\n"]}},{"file":"(virtual) lockbud","count":1,"kinds":{"Cargo":["// pkg_name=kernel, checker=Lockbud\n// toolchain=nightly-2024-01-19, target=loongarch64-unknown-none\n// pkg_dir=/home/runner/check/batch_9/kern-crates/rCoreloongArch/kernel\n// cmd=cargo +nightly-2024-05-21 lockbud -k all -- --target loongarch64-unknown-none\n   Compiling num-traits v0.2.19\n   Compiling az v1.2.1\n   Compiling version_check v0.9.5\n   Compiling memchr v2.3.4\n[2024-10-12T15:52:30Z WARN  lockbud::callbacks] [\n      {\n        \"AtomicityViolation\": {\n          \"bug_kind\": \"AtomicityViolation\",\n          \"possibility\": \"Possibly\",\n          \"diagnosis\": {\n            \"fn_name\": \"set_logger_racy\",\n            \"atomic_reader\": \"/home/runner/.cargo/registry/src/index.crates.io-6f17d22bba15001f/log-0.4.22/src/lib.rs:1447:11: 1447:40 (#0)\",\n            \"atomic_writer\": \"/home/runner/.cargo/registry/src/index.crates.io-6f17d22bba15001f/log-0.4.22/src/lib.rs:1450:13: 1450:56 (#0)\",\n            \"dep_kind\": \"Control\"\n          },\n          \"explanation\": \"atomic::store is data/control dependent on atomic::load\"\n        }\n      }\n    ]\n[2024-10-12T15:52:30Z WARN  lockbud::callbacks] crate log contains bugs: { probably: 0, possibly: 0 }, conflictlock: { probably: 0, possibly: 0 }, condvar_deadlock: { probably: 0, possibly: 0 }, atomicity_violation: { possibly: 1 }, invalid_free: { possibly: 0 }, use_after_free: { possibly: 0 }\n   Compiling micromath v1.1.1\n   Compiling nom v6.2.2\n   Compiling zero v0.1.3\n   Compiling xmas-elf v0.8.0\n   Compiling float-cmp v0.8.0\n   Compiling rustc-demangle v0.1.24\n   Compiling rlibc v1.0.0\n   Compiling virtio-input-decoder v0.1.4\n   Compiling embedded-graphics-core v0.3.3\n   Compiling spin v0.7.1\n   Compiling kernel v0.1.0 (/home/runner/check/batch_9/kern-crates/rCoreloongArch/kernel)\n   Compiling embedded-graphics v0.7.1\n   Compiling oorandom v11.1.4\nwarning: the type `[&mut [net::ethernet::intel::ixgbe::IXGBESendDesc]; 4]` does not permit being left uninitialized\n   --> isomorphic_drivers/src/net/ethernet/intel/ixgbe.rs:500:22\n    |\n500 |             unsafe { MaybeUninit::uninit().assume_init() };\n    |                      ^^^^^^^^^^^^^^^^^^^^^^^^^^^^^^^^^^^\n    |                      |\n    |                      this code causes undefined behavior when executed\n    |                      help: use `MaybeUninit<T>` instead, and only call `assume_init` after initialization is done\n    |\n    = note: references must be non-null\n    = note: `#[warn(invalid_value)]` on by default\n\nwarning: `isomorphic_drivers` (lib) generated 1 warning\n   Compiling buddy_system_allocator v0.6.0\n   Compiling stack_trace v0.1.0 (/home/runner/check/batch_9/kern-crates/rCoreloongArch/stack_trace)\n   Compiling loongArch64 v0.2.4 (https://github.com/Godones/loongArch64#92d93554)\n   Compiling pci v0.0.1 (/home/runner/check/batch_9/kern-crates/rCoreloongArch/pci)\n   Compiling tinybmp v0.3.3\n   Compiling vbe v0.1.0 (/home/runner/check/batch_9/kern-crates/rCoreloongArch/vbe)\n[2024-10-12T15:52:36Z WARN  lockbud::callbacks] [\n      {\n        \"UseAfterFree\": {\n          \"bug_kind\": \"UseAfterFree\",\n          \"possibility\": \"Possibly\",\n          \"diagnosis\": \"Raw ptr is used at kernel/src/task/processor.rs:74:17: 74:61 (#0) after dropped at kernel/src/task/processor.rs:77:5: 77:6 (#0)\",\n          \"explanation\": \"Raw ptr is used or escapes the current function after the pointed value is dropped\"\n        }\n      }\n    ]\n[2024-10-12T15:52:36Z WARN  lockbud::callbacks] crate kernel contains bugs: { probably: 0, possibly: 0 }, conflictlock: { probably: 0, possibly: 0 }, condvar_deadlock: { probably: 0, possibly: 0 }, atomicity_violation: { possibly: 0 }, invalid_free: { possibly: 0 }, use_after_free: { possibly: 1 }\nerror: linking with `rust-lld` failed: exit status: 1\n  |\n  = note: LC_ALL=\"C\" PATH=\"/home/runner/.rustup/toolchains/nightly-2024-05-21-x86_64-unknown-linux-gnu/lib/rustlib/x86_64-unknown-linux-gnu/bin:/snap/bin:/home/runner/.local/bin:/opt/pipx_bin:/home/runner/.cargo/bin:/home/runner/.config/composer/vendor/bin:/usr/local/.ghcup/bin:/home/runner/.dotnet/tools:/usr/local/sbin:/usr/local/bin:/usr/sbin:/usr/bin:/sbin:/bin:/usr/games:/usr/local/games:/snap/bin\" VSLANG=\"1033\" \"rust-lld\" \"-flavor\" \"gnu\" \"/tmp/rustcCWqJSV/symbols.o\" \"/home/runner/check/batch_9/kern-crates/rCoreloongArch/target/loongarch64-unknown-none/debug/deps/kernel-dd105f4f2f815b00.kernel.a18685c7f93d5f0d-cgu.00.rcgu.o\" \"/home/runner/check/batch_9/kern-crates/rCoreloongArch/target/loongarch64-unknown-none/debug/deps/kernel-dd105f4f2f815b00.kernel.a18685c7f93d5f0d-cgu.01.rcgu.o\" \"/home/runner/check/batch_9/kern-crates/rCoreloongArch/target/loongarch64-unknown-none/debug/deps/kernel-dd105f4f2f815b00.kernel.a18685c7f93d5f0d-cgu.02.rcgu.o\" \"/home/runner/check/batch_9/kern-crates/rCoreloongArch/target/loongarch64-unknown-none/debug/deps/kernel-dd105f4f2f815b00.kernel.a18685c7f93d5f0d-cgu.03.rcgu.o\" \"/home/runner/check/batch_9/kern-crates/rCoreloongArch/target/loongarch64-unknown-none/debug/deps/kernel-dd105f4f2f815b00.kernel.a18685c7f93d5f0d-cgu.04.rcgu.o\" \"/home/runner/check/batch_9/kern-crates/rCoreloongArch/target/loongarch64-unknown-none/debug/deps/kernel-dd105f4f2f815b00.kernel.a18685c7f93d5f0d-cgu.05.rcgu.o\" \"/home/runner/check/batch_9/kern-crates/rCoreloongArch/target/loongarch64-unknown-none/debug/deps/kernel-dd105f4f2f815b00.kernel.a18685c7f93d5f0d-cgu.06.rcgu.o\" \"/home/runner/check/batch_9/kern-crates/rCoreloongArch/target/loongarch64-unknown-none/debug/deps/kernel-dd105f4f2f815b00.kernel.a18685c7f93d5f0d-cgu.07.rcgu.o\" \"/home/runner/check/batch_9/kern-crates/rCoreloongArch/target/loongarch64-unknown-none/debug/deps/kernel-dd105f4f2f815b00.kernel.a18685c7f93d5f0d-cgu.08.rcgu.o\" \"/home/runner/check/batch_9/kern-crates/rCoreloongArch/target/loongarch64-unknown-none/debug/deps/kernel-dd105f4f2f815b00.kernel.a18685c7f93d5f0d-cgu.09.rcgu.o\" \"/home/runner/check/batch_9/kern-crates/rCoreloongArch/target/loongarch64-unknown-none/debug/deps/kernel-dd105f4f2f815b00.kernel.a18685c7f93d5f0d-cgu.10.rcgu.o\" \"/home/runner/check/batch_9/kern-crates/rCoreloongArch/target/loongarch64-unknown-none/debug/deps/kernel-dd105f4f2f815b00.kernel.a18685c7f93d5f0d-cgu.11.rcgu.o\" \"/home/runner/check/batch_9/kern-crates/rCoreloongArch/target/loongarch64-unknown-none/debug/deps/kernel-dd105f4f2f815b00.kernel.a18685c7f93d5f0d-cgu.12.rcgu.o\" \"/home/runner/check/batch_9/kern-crates/rCoreloongArch/target/loongarch64-unknown-none/debug/deps/kernel-dd105f4f2f815b00.kernel.a18685c7f93d5f0d-cgu.13.rcgu.o\" \"/home/runner/check/batch_9/kern-crates/rCoreloongArch/target/loongarch64-unknown-none/debug/deps/kernel-dd105f4f2f815b00.kernel.a18685c7f93d5f0d-cgu.14.rcgu.o\" \"/home/runner/check/batch_9/kern-crates/rCoreloongArch/target/loongarch64-unknown-none/debug/deps/kernel-dd105f4f2f815b00.kernel.a18685c7f93d5f0d-cgu.15.rcgu.o\" \"/home/runner/check/batch_9/kern-crates/rCoreloongArch/target/loongarch64-unknown-none/debug/deps/kernel-dd105f4f2f815b00.15d7k3kc6chwdpfmyaww2mlev.rcgu.o\" \"--as-needed\" \"-L\" \"/home/runner/check/batch_9/kern-crates/rCoreloongArch/target/loongarch64-unknown-none/debug/deps\" \"-L\" \"/home/runner/check/batch_9/kern-crates/rCoreloongArch/target/debug/deps\" \"-L\" \"/home/runner/.rustup/toolchains/nightly-2024-05-21-x86_64-unknown-linux-gnu/lib/rustlib/loongarch64-unknown-none/lib\" \"-Bstatic\" \"/home/runner/check/batch_9/kern-crates/rCoreloongArch/target/loongarch64-unknown-none/debug/deps/libxmas_elf-63d5bebcaae270ae.rlib\" \"/home/runner/check/batch_9/kern-crates/rCoreloongArch/target/loongarch64-unknown-none/debug/deps/libzero-a650e3d38ab1dfa1.rlib\" \"/home/runner/check/batch_9/kern-crates/rCoreloongArch/target/loongarch64-unknown-none/debug/deps/libvbe-1b47c766f51122fa.rlib\" \"/home/runner/check/batch_9/kern-crates/rCoreloongArch/target/loongarch64-unknown-none/debug/deps/librlibc-2f9d07bb86264f4f.rlib\" \"/home/runner/check/batch_9/kern-crates/rCoreloongArch/target/loongarch64-unknown-none/debug/deps/libvirtio_input_decoder-d3bdebe1155c59cc.rlib\" \"/home/runner/check/batch_9/kern-crates/rCoreloongArch/target/loongarch64-unknown-none/debug/deps/libtinybmp-d42bda11f4b63903.rlib\" \"/home/runner/check/batch_9/kern-crates/rCoreloongArch/target/loongarch64-unknown-none/debug/deps/libnom-cf860d528c04f72e.rlib\" \"/home/runner/check/batch_9/kern-crates/rCoreloongArch/target/loongarch64-unknown-none/debug/deps/libmemchr-e7db8dee58c1f633.rlib\" \"/home/runner/check/batch_9/kern-crates/rCoreloongArch/target/loongarch64-unknown-none/debug/deps/libembedded_graphics-a8418c8759415ec3.rlib\" \"/home/runner/check/batch_9/kern-crates/rCoreloongArch/target/loongarch64-unknown-none/debug/deps/libbyteorder-a6608e82b803455e.rlib\" \"/home/runner/check/batch_9/kern-crates/rCoreloongArch/target/loongarch64-unknown-none/debug/deps/libfloat_cmp-1bfaacea0e6facec.rlib\" \"/home/runner/check/batch_9/kern-crates/rCoreloongArch/target/loongarch64-unknown-none/debug/deps/libnum_traits-6cabe9c39686f225.rlib\" \"/home/runner/check/batch_9/kern-crates/rCoreloongArch/target/loongarch64-unknown-none/debug/deps/libmicromath-29ee32f80d77d83d.rlib\" \"/home/runner/check/batch_9/kern-crates/rCoreloongArch/target/loongarch64-unknown-none/debug/deps/libembedded_graphics_core-3ee2a9bb7e9916f4.rlib\" \"/home/runner/check/batch_9/kern-crates/rCoreloongArch/target/loongarch64-unknown-none/debug/deps/libaz-1c35f957a3228200.rlib\" \"/home/runner/check/batch_9/kern-crates/rCoreloongArch/target/loongarch64-unknown-none/debug/deps/libbuddy_system_allocator-597c605a4788d3ec.rlib\" \"/home/runner/check/batch_9/kern-crates/rCoreloongArch/target/loongarch64-unknown-none/debug/deps/libspin-5e5897edd95f8cd9.rlib\" \"/home/runner/check/batch_9/kern-crates/rCoreloongArch/target/loongarch64-unknown-none/debug/deps/libpci-75b26ba80a80d5a4.rlib\" \"/home/runner/check/batch_9/kern-crates/rCoreloongArch/target/loongarch64-unknown-none/debug/deps/libisomorphic_drivers-520defc162a5b227.rlib\" \"/home/runner/check/batch_9/kern-crates/rCoreloongArch/target/loongarch64-unknown-none/debug/deps/libvolatile-7258434e5cab8583.rlib\" \"/home/runner/check/batch_9/kern-crates/rCoreloongArch/target/loongarch64-unknown-none/debug/deps/libloongArch64-24ea1e9ed584712d.rlib\" \"/home/runner/check/batch_9/kern-crates/rCoreloongArch/target/loongarch64-unknown-none/debug/deps/libbit_field-f205bae68304904b.rlib\" \"/home/runner/check/batch_9/kern-crates/rCoreloongArch/target/loongarch64-unknown-none/debug/deps/liblog-531edc9e0960d321.rlib\" \"/home/runner/check/batch_9/kern-crates/rCoreloongArch/target/loongarch64-unknown-none/debug/deps/libeasy_fs-a68369da3b5a7555.rlib\" \"/home/runner/check/batch_9/kern-crates/rCoreloongArch/target/loongarch64-unknown-none/debug/deps/liblazy_static-fa2d015c4a2caeb8.rlib\" \"/home/runner/check/batch_9/kern-crates/rCoreloongArch/target/loongarch64-unknown-none/debug/deps/libspin-5803b40e03f5864a.rlib\" \"/home/runner/check/batch_9/kern-crates/rCoreloongArch/target/loongarch64-unknown-none/debug/deps/liblock_api-c639af806b86007b.rlib\" \"/home/runner/check/batch_9/kern-crates/rCoreloongArch/target/loongarch64-unknown-none/debug/deps/libscopeguard-e4c379832e03342e.rlib\" \"/home/runner/check/batch_9/kern-crates/rCoreloongArch/target/loongarch64-unknown-none/debug/deps/libbitflags-7d4c229935312c2e.rlib\" \"/home/runner/.rustup/toolchains/nightly-2024-05-21-x86_64-unknown-linux-gnu/lib/rustlib/loongarch64-unknown-none/lib/liballoc-cf622d6ac0c1207e.rlib\" \"/home/runner/.rustup/toolchains/nightly-2024-05-21-x86_64-unknown-linux-gnu/lib/rustlib/loongarch64-unknown-none/lib/librustc_std_workspace_core-3b1e26e39e9a51e8.rlib\" \"/home/runner/.rustup/toolchains/nightly-2024-05-21-x86_64-unknown-linux-gnu/lib/rustlib/loongarch64-unknown-none/lib/libcore-d6c82fdbb3df4fe1.rlib\" \"/home/runner/.rustup/toolchains/nightly-2024-05-21-x86_64-unknown-linux-gnu/lib/rustlib/loongarch64-unknown-none/lib/libcompiler_builtins-1c0eeb3885babbe8.rlib\" \"-Bdynamic\" \"--eh-frame-hdr\" \"-z\" \"noexecstack\" \"-L\" \"/home/runner/.rustup/toolchains/nightly-2024-05-21-x86_64-unknown-linux-gnu/lib/rustlib/loongarch64-unknown-none/lib\" \"-o\" \"/home/runner/check/batch_9/kern-crates/rCoreloongArch/target/loongarch64-unknown-none/debug/deps/kernel-dd105f4f2f815b00\" \"--gc-sections\" \"-T/home/runner/check/batch_9/kern-crates/rCoreloongArch/target/loongarch64-unknown-none/debug/build/kernel-15c0a9e63986d70b/out/link.lds\"\n  = note: rust-lld: error: /home/runner/.rustup/toolchains/nightly-2024-05-21-x86_64-unknown-linux-gnu/lib/rustlib/loongarch64-unknown-none/lib/libcompiler_builtins-1c0eeb3885babbe8.rlib(45c91108d938afe8-absvdi2.o) is incompatible with /tmp/rustcCWqJSV/symbols.o\n          rust-lld: error: /home/runner/.rustup/toolchains/nightly-2024-05-21-x86_64-unknown-linux-gnu/lib/rustlib/loongarch64-unknown-none/lib/libcompiler_builtins-1c0eeb3885babbe8.rlib(45c91108d938afe8-absvsi2.o) is incompatible with /tmp/rustcCWqJSV/symbols.o\n          rust-lld: error: /home/runner/.rustup/toolchains/nightly-2024-05-21-x86_64-unknown-linux-gnu/lib/rustlib/loongarch64-unknown-none/lib/libcompiler_builtins-1c0eeb3885babbe8.rlib(45c91108d938afe8-absvti2.o) is incompatible with /tmp/rustcCWqJSV/symbols.o\n          rust-lld: error: /home/runner/.rustup/toolchains/nightly-2024-05-21-x86_64-unknown-linux-gnu/lib/rustlib/loongarch64-unknown-none/lib/libcompiler_builtins-1c0eeb3885babbe8.rlib(45c91108d938afe8-addtf3.o) is incompatible with /tmp/rustcCWqJSV/symbols.o\n          rust-lld: error: /home/runner/.rustup/toolchains/nightly-2024-05-21-x86_64-unknown-linux-gnu/lib/rustlib/loongarch64-unknown-none/lib/libcompiler_builtins-1c0eeb3885babbe8.rlib(45c91108d938afe8-addvdi3.o) is incompatible with /tmp/rustcCWqJSV/symbols.o\n          rust-lld: error: /home/runner/.rustup/toolchains/nightly-2024-05-21-x86_64-unknown-linux-gnu/lib/rustlib/loongarch64-unknown-none/lib/libcompiler_builtins-1c0eeb3885babbe8.rlib(45c91108d938afe8-addvsi3.o) is incompatible with /tmp/rustcCWqJSV/symbols.o\n          rust-lld: error: /home/runner/.rustup/toolchains/nightly-2024-05-21-x86_64-unknown-linux-gnu/lib/rustlib/loongarch64-unknown-none/lib/libcompiler_builtins-1c0eeb3885babbe8.rlib(45c91108d938afe8-addvti3.o) is incompatible with /tmp/rustcCWqJSV/symbols.o\n          rust-lld: error: /home/runner/.rustup/toolchains/nightly-2024-05-21-x86_64-unknown-linux-gnu/lib/rustlib/loongarch64-unknown-none/lib/libcompiler_builtins-1c0eeb3885babbe8.rlib(45c91108d938afe8-clzdi2.o) is incompatible with /tmp/rustcCWqJSV/symbols.o\n          rust-lld: error: /home/runner/.rustup/toolchains/nightly-2024-05-21-x86_64-unknown-linux-gnu/lib/rustlib/loongarch64-unknown-none/lib/libcompiler_builtins-1c0eeb3885babbe8.rlib(45c91108d938afe8-clzsi2.o) is incompatible with /tmp/rustcCWqJSV/symbols.o\n          rust-lld: error: /home/runner/.rustup/toolchains/nightly-2024-05-21-x86_64-unknown-linux-gnu/lib/rustlib/loongarch64-unknown-none/lib/libcompiler_builtins-1c0eeb3885babbe8.rlib(45c91108d938afe8-clzti2.o) is incompatible with /tmp/rustcCWqJSV/symbols.o\n          rust-lld: error: /home/runner/.rustup/toolchains/nightly-2024-05-21-x86_64-unknown-linux-gnu/lib/rustlib/loongarch64-unknown-none/lib/libcompiler_builtins-1c0eeb3885babbe8.rlib(45c91108d938afe8-cmpdi2.o) is incompatible with /tmp/rustcCWqJSV/symbols.o\n          rust-lld: error: /home/runner/.rustup/toolchains/nightly-2024-05-21-x86_64-unknown-linux-gnu/lib/rustlib/loongarch64-unknown-none/lib/libcompiler_builtins-1c0eeb3885babbe8.rlib(45c91108d938afe8-cmpti2.o) is incompatible with /tmp/rustcCWqJSV/symbols.o\n          rust-lld: error: /home/runner/.rustup/toolchains/nightly-2024-05-21-x86_64-unknown-linux-gnu/lib/rustlib/loongarch64-unknown-none/lib/libcompiler_builtins-1c0eeb3885babbe8.rlib(45c91108d938afe8-ctzdi2.o) is incompatible with /tmp/rustcCWqJSV/symbols.o\n          rust-lld: error: /home/runner/.rustup/toolchains/nightly-2024-05-21-x86_64-unknown-linux-gnu/lib/rustlib/loongarch64-unknown-none/lib/libcompiler_builtins-1c0eeb3885babbe8.rlib(45c91108d938afe8-ctzsi2.o) is incompatible with /tmp/rustcCWqJSV/symbols.o\n          rust-lld: error: /home/runner/.rustup/toolchains/nightly-2024-05-21-x86_64-unknown-linux-gnu/lib/rustlib/loongarch64-unknown-none/lib/libcompiler_builtins-1c0eeb3885babbe8.rlib(45c91108d938afe8-ctzti2.o) is incompatible with /tmp/rustcCWqJSV/symbols.o\n          rust-lld: error: /home/runner/.rustup/toolchains/nightly-2024-05-21-x86_64-unknown-linux-gnu/lib/rustlib/loongarch64-unknown-none/lib/libcompiler_builtins-1c0eeb3885babbe8.rlib(45c91108d938afe8-divdc3.o) is incompatible with /tmp/rustcCWqJSV/symbols.o\n          rust-lld: error: /home/runner/.rustup/toolchains/nightly-2024-05-21-x86_64-unknown-linux-gnu/lib/rustlib/loongarch64-unknown-none/lib/libcompiler_builtins-1c0eeb3885babbe8.rlib(45c91108d938afe8-divsc3.o) is incompatible with /tmp/rustcCWqJSV/symbols.o\n          rust-lld: error: /home/runner/.rustup/toolchains/nightly-2024-05-21-x86_64-unknown-linux-gnu/lib/rustlib/loongarch64-unknown-none/lib/libcompiler_builtins-1c0eeb3885babbe8.rlib(45c91108d938afe8-divtf3.o) is incompatible with /tmp/rustcCWqJSV/symbols.o\n          rust-lld: error: /home/runner/.rustup/toolchains/nightly-2024-05-21-x86_64-unknown-linux-gnu/lib/rustlib/loongarch64-unknown-none/lib/libcompiler_builtins-1c0eeb3885babbe8.rlib(45c91108d938afe8-extenddftf2.o) is incompatible with /tmp/rustcCWqJSV/symbols.o\n          rust-lld: error: /home/runner/.rustup/toolchains/nightly-2024-05-21-x86_64-unknown-linux-gnu/lib/rustlib/loongarch64-unknown-none/lib/libcompiler_builtins-1c0eeb3885babbe8.rlib(45c91108d938afe8-extendhfsf2.o) is incompatible with /tmp/rustcCWqJSV/symbols.o\n          rust-lld: error: too many errors emitted, stopping now (use --error-limit=0 to see all errors)\n          \n\nerror: could not compile `kernel` (bin \"kernel\") due to 1 previous error\n"]}},{"file":"Not supported to display yet.","count":1,"kinds":{"Lockbud(Possibly)":["[2024-10-12T15:52:30Z WARN  lockbud::callbacks] [\n      {\n        \"AtomicityViolation\": {\n          \"bug_kind\": \"AtomicityViolation\",\n          \"possibility\": \"Possibly\",\n          \"diagnosis\": {\n            \"fn_name\": \"set_logger_racy\",\n            \"atomic_reader\": \"/home/runner/.cargo/registry/src/index.crates.io-6f17d22bba15001f/log-0.4.22/src/lib.rs:1447:11: 1447:40 (#0)\",\n            \"atomic_writer\": \"/home/runner/.cargo/registry/src/index.crates.io-6f17d22bba15001f/log-0.4.22/src/lib.rs:1450:13: 1450:56 (#0)\",\n            \"dep_kind\": \"Control\"\n          },\n          \"explanation\": \"atomic::store is data/control dependent on atomic::load\"\n        }\n      }\n    ]\n[2024-10-12T15:52:30Z WARN  lockbud::callbacks] crate log contains bugs: { probably: 0, possibly: 0 }, conflictlock: { probably: 0, possibly: 0 }, condvar_deadlock: { probably: 0, possibly: 0 }, atomicity_violation: { possibly: 1 }, invalid_free: { possibly: 0 }, use_after_free: { possibly: 0 }\n[2024-10-12T15:52:36Z WARN  lockbud::callbacks] [\n      {\n        \"UseAfterFree\": {\n          \"bug_kind\": \"UseAfterFree\",\n          \"possibility\": \"Possibly\",\n          \"diagnosis\": \"Raw ptr is used at kernel/src/task/processor.rs:74:17: 74:61 (#0) after dropped at kernel/src/task/processor.rs:77:5: 77:6 (#0)\",\n          \"explanation\": \"Raw ptr is used or escapes the current function after the pointed value is dropped\"\n        }\n      }\n    ]\n[2024-10-12T15:52:36Z WARN  lockbud::callbacks] crate kernel contains bugs: { probably: 0, possibly: 0 }, conflictlock: { probably: 0, possibly: 0 }, condvar_deadlock: { probably: 0, possibly: 0 }, atomicity_violation: { possibly: 0 }, invalid_free: { possibly: 0 }, use_after_free: { possibly: 1 }"]}},{"file":"src/config.rs","count":1,"kinds":{"Unformatted":["file: /home/runner/check/batch_9/kern-crates/rCoreloongArch/kernel/src/config.rs (original lines from 12 to 12)\n-// pub const KERNEL_STACK_SIZE: usize = PAGE_SIZE; //\n+                                              // pub const KERNEL_STACK_SIZE: usize = PAGE_SIZE; //\n"]}},{"file":"src/loongarch/driver/rtc.rs","count":1,"kinds":{"Unformatted":["file: /home/runner/check/batch_9/kern-crates/rCoreloongArch/kernel/src/loongarch/driver/rtc.rs (original lines from 32 to 32)\n+\n"]}},{"file":"src/print.rs","count":1,"kinds":{"Unformatted":["file: /home/runner/check/batch_9/kern-crates/rCoreloongArch/kernel/src/print.rs (original lines from 31 to 31)\n-pub static CONSOLE: Lazy< Mutex<Console>> = Lazy::new(||Mutex::new(Console::new(UART)));\n+pub static CONSOLE: Lazy<Mutex<Console>> = Lazy::new(|| Mutex::new(Console::new(UART)));\n"]}}]},{"user":"Byte-OS","repo":"polyhal","pkg":"polyhal","count":12,"raw_reports":[{"file":"src/components/pagetable/mod.rs","count":3,"kinds":{"Clippy(Warn)":["warning: name `PTE` contains a capitalized acronym\n  --> src/components/pagetable/mod.rs:18:19\n   |\n18 | pub(crate) struct PTE(pub usize);\n   |                   ^^^ help: consider making the acronym lowercase, except the initial letter: `Pte`\n   |\n   = help: for further information visit https://rust-lang.github.io/rust-clippy/master/index.html#upper_case_acronyms\n   = note: `#[warn(clippy::upper_case_acronyms)]` on by default\n\n","warning: `assert!(true)` will be optimized out by the compiler\n  --> src/components/pagetable/mod.rs:52:9\n   |\n52 |         assert!(Self::PAGE_LEVEL >= 3, \"Just level >= 3 supported currently\");\n   |         ^^^^^^^^^^^^^^^^^^^^^^^^^^^^^^^^^^^^^^^^^^^^^^^^^^^^^^^^^^^^^^^^^^^^^\n   |\n   = help: remove it\n   = help: for further information visit https://rust-lang.github.io/rust-clippy/master/index.html#assertions_on_constants\n   = note: `#[warn(clippy::assertions_on_constants)]` on by default\n\n","warning: `assert!(true)` will be optimized out by the compiler\n   --> src/components/pagetable/mod.rs:105:9\n    |\n105 |         assert!(Self::PAGE_LEVEL >= 3, \"Just level >= 3 supported currently\");\n    |         ^^^^^^^^^^^^^^^^^^^^^^^^^^^^^^^^^^^^^^^^^^^^^^^^^^^^^^^^^^^^^^^^^^^^^\n    |\n    = help: remove it\n    = help: for further information visit https://rust-lang.github.io/rust-clippy/master/index.html#assertions_on_constants\n\n"]}},{"file":"src/components/kcontext/loongarch64.rs","count":2,"kinds":{"Clippy(Warn)":["warning: unsafe function's docs miss `# Safety` section\n   --> src/components/kcontext/loongarch64.rs:134:1\n    |\n134 | pub unsafe extern \"C\" fn context_switch(from: *mut KContext, to: *const KContext) {\n    | ^^^^^^^^^^^^^^^^^^^^^^^^^^^^^^^^^^^^^^^^^^^^^^^^^^^^^^^^^^^^^^^^^^^^^^^^^^^^^^^^^\n    |\n    = help: for further information visit https://rust-lang.github.io/rust-clippy/master/index.html#missing_safety_doc\n    = note: `#[warn(clippy::missing_safety_doc)]` on by default\n\n","warning: unsafe function's docs miss `# Safety` section\n   --> src/components/kcontext/loongarch64.rs:150:1\n    |\n150 | / pub unsafe extern \"C\" fn context_switch_pt(\n151 | |     from: *mut KContext,\n152 | |     to: *const KContext,\n153 | |     pt_token: PageTable,\n154 | | ) {\n    | |_^\n    |\n    = help: for further information visit https://rust-lang.github.io/rust-clippy/master/index.html#missing_safety_doc\n\n"]}},{"file":"Not supported to display yet.","count":1,"kinds":{"Lockbud(Possibly)":["[2024-10-12T15:32:04Z WARN  lockbud::callbacks] [\n      {\n        \"AtomicityViolation\": {\n          \"bug_kind\": \"AtomicityViolation\",\n          \"possibility\": \"Possibly\",\n          \"diagnosis\": {\n            \"fn_name\": \"set_logger_racy\",\n            \"atomic_reader\": \"/home/runner/.cargo/registry/src/index.crates.io-6f17d22bba15001f/log-0.4.21/src/lib.rs:1408:11: 1408:39 (#0)\",\n            \"atomic_writer\": \"/home/runner/.cargo/registry/src/index.crates.io-6f17d22bba15001f/log-0.4.21/src/lib.rs:1411:13: 1411:55 (#0)\",\n            \"dep_kind\": \"Control\"\n          },\n          \"explanation\": \"atomic::store is data/control dependent on atomic::load\"\n        }\n      }\n    ]\n[2024-10-12T15:32:04Z WARN  lockbud::callbacks] crate log contains bugs: { probably: 0, possibly: 0 }, conflictlock: { probably: 0, possibly: 0 }, condvar_deadlock: { probably: 0, possibly: 0 }, atomicity_violation: { possibly: 1 }, invalid_free: { possibly: 0 }, use_after_free: { possibly: 0 }"]}},{"file":"src/components/boot/loongarch64.rs","count":1,"kinds":{"Clippy(Warn)":["warning: unused import: `DebugConsole`\n --> src/components/boot/loongarch64.rs:6:48\n  |\n6 |         debug_console::{display_info, println, DebugConsole},\n  |                                                ^^^^^^^^^^^^\n  |\n  = note: `#[warn(unused_imports)]` on by default\n\n"]}},{"file":"src/components/boot/mod.rs","count":1,"kinds":{"Unformatted":["file: /home/runner/check/batch_1/Byte-OS/polyhal/src/components/boot/mod.rs (original lines from 43 to 43)\n-/// \n+///\n"]}},{"file":"src/components/common.rs","count":1,"kinds":{"Unformatted":["file: /home/runner/check/batch_1/Byte-OS/polyhal/src/components/common.rs (original lines from 73 to 74)\n-/// \n-/// Display information when booting \n+///\n+/// Display information when booting\n"]}},{"file":"src/components/multicore/loongarch64.rs","count":1,"kinds":{"Clippy(Warn)":["warning: casting function pointer `crate::components::boot::_start_secondary` to `u64`\n --> src/components/multicore/loongarch64.rs:5:19\n  |\n5 |     csr_mail_send(crate::components::boot::_start_secondary as _, hart_id, 0);\n  |                   ^^^^^^^^^^^^^^^^^^^^^^^^^^^^^^^^^^^^^^^^^^^^^^ help: try: `crate::components::boot::_start_secondary as usize`\n  |\n  = help: for further information visit https://rust-lang.github.io/rust-clippy/master/index.html#fn_to_numeric_cast\n  = note: `#[warn(clippy::fn_to_numeric_cast)]` on by default\n\n"]}},{"file":"src/components/timer/loongarch64.rs","count":1,"kinds":{"Clippy(Warn)":["warning: redundant closure\n --> src/components/timer/loongarch64.rs:8:38\n  |\n8 | static FREQ: Lazy<usize> = Lazy::new(|| get_timer_freq());\n  |                                      ^^^^^^^^^^^^^^^^^^^ help: replace the closure with the function itself: `get_timer_freq`\n  |\n  = help: for further information visit https://rust-lang.github.io/rust-clippy/master/index.html#redundant_closure\n  = note: `#[warn(clippy::redundant_closure)]` on by default\n\n"]}},{"file":"src/utils/mutex_no_irq.rs","count":1,"kinds":{"Clippy(Warn)":["warning: unsafe function's docs miss `# Safety` section\n  --> src/utils/mutex_no_irq.rs:59:5\n   |\n59 |     pub unsafe fn force_unlock(&self) {\n   |     ^^^^^^^^^^^^^^^^^^^^^^^^^^^^^^^^^\n   |\n   = help: for further information visit https://rust-lang.github.io/rust-clippy/master/index.html#missing_safety_doc\n\n"]}}]},{"user":"Byte-OS","repo":"polyhal","pkg":"example","count":6,"raw_reports":[{"file":"/home/runner/.cargo/registry/src/index.crates.io-6f17d22bba15001f/log-0.4.22/src/macros.rs","count":1,"kinds":{"Clippy(Warn)":["warning: unreachable statement\n   --> src/main.rs:123:5\n    |\n117 | /     loop {\n118 | |         if let Some(c) = DebugConsole::getchar() {\n119 | |             DebugConsole::putchar(c);\n120 | |         }\n121 | |     }\n    | |_____- any code following this expression is unreachable\n122 |\n123 |       log::info!(\"Run END. Shutdown successfully.\");\n    |       ^^^^^^^^^^^^^^^^^^^^^^^^^^^^^^^^^^^^^^^^^^^^^ unreachable statement\n    |\n    = note: `#[warn(unreachable_code)]` on by default\n    = note: this warning originates in the macro `$crate::log` which comes from the expansion of the macro `log::info` (in Nightly builds, run with -Z macro-backtrace for more info)\n\n"]}},{"file":"(virtual) lockbud","count":1,"kinds":{"Cargo":["// pkg_name=example, checker=Lockbud\n// toolchain=nightly-2023-12-01, target=loongarch64-unknown-none\n// pkg_dir=/home/runner/check/batch_1/Byte-OS/polyhal/example\n// cmd=cargo +nightly-2024-05-21 lockbud -k all -- --target loongarch64-unknown-none\n   Compiling scopeguard v1.2.0\n   Compiling bitflags v1.3.2\n   Compiling lock_api v0.4.11\n   Compiling log v0.4.22\n   Compiling bitflags v2.6.0\n   Compiling bit_field v0.10.2\n[2024-10-12T15:31:27Z WARN  lockbud::callbacks] [\n      {\n        \"AtomicityViolation\": {\n          \"bug_kind\": \"AtomicityViolation\",\n          \"possibility\": \"Possibly\",\n          \"diagnosis\": {\n            \"fn_name\": \"set_logger_racy\",\n            \"atomic_reader\": \"/home/runner/.cargo/registry/src/index.crates.io-6f17d22bba15001f/log-0.4.22/src/lib.rs:1447:11: 1447:40 (#0)\",\n            \"atomic_writer\": \"/home/runner/.cargo/registry/src/index.crates.io-6f17d22bba15001f/log-0.4.22/src/lib.rs:1450:13: 1450:56 (#0)\",\n            \"dep_kind\": \"Control\"\n          },\n          \"explanation\": \"atomic::store is data/control dependent on atomic::load\"\n        }\n      }\n    ]\n[2024-10-12T15:31:27Z WARN  lockbud::callbacks] crate log contains bugs: { probably: 0, possibly: 0 }, conflictlock: { probably: 0, possibly: 0 }, condvar_deadlock: { probably: 0, possibly: 0 }, atomicity_violation: { possibly: 1 }, invalid_free: { possibly: 0 }, use_after_free: { possibly: 0 }\n   Compiling byteorder v1.5.0\n   Compiling loongArch64 v0.2.4\n   Compiling cfg-if v1.0.0\n   Compiling fdt v0.1.5\n   Compiling spin v0.9.8\n   Compiling zerocopy v0.7.35\n   Compiling buddy_system_allocator v0.9.1\n   Compiling polyhal v0.1.3 (/home/runner/check/batch_1/Byte-OS/polyhal)\nwarning: unexpected `cfg` condition name: `c906`\n   --> /home/runner/check/batch_1/Byte-OS/polyhal/src/addr.rs:219:15\n    |\n219 |         #[cfg(c906)]\n    |               ^^^^\n    |\n    = help: expected names are: `clippy`, `debug_assertions`, `doc`, `docsrs`, `doctest`, `feature`, `miri`, `overflow_checks`, `panic`, `proc_macro`, `relocation_model`, `rustfmt`, `sanitize`, `sanitizer_cfi_generalize_pointers`, `sanitizer_cfi_normalize_integers`, `target_abi`, `target_arch`, `target_endian`, `target_env`, `target_family`, `target_feature`, `target_has_atomic`, `target_has_atomic_equal_alignment`, `target_has_atomic_load_store`, `target_os`, `target_pointer_width`, `target_thread_local`, `target_vendor`, `test`, `ub_checks`, `unix`, `windows`\n    = help: consider using a Cargo feature instead\n    = help: or consider adding in `Cargo.toml` the `check-cfg` lint config for the lint:\n             [lints.rust]\n             unexpected_cfgs = { level = \"warn\", check-cfg = ['cfg(c906)'] }\n    = help: or consider adding `println!(\"cargo::rustc-check-cfg=cfg(c906)\");` to the top of the `build.rs`\n    = note: see <https://doc.rust-lang.org/nightly/rustc/check-cfg/cargo-specifics.html> for more information about checking conditional configuration\n    = note: `#[warn(unexpected_cfgs)]` on by default\n\nwarning: unexpected `cfg` condition name: `board`\n   --> /home/runner/check/batch_1/Byte-OS/polyhal/src/addr.rs:224:15\n    |\n224 |         #[cfg(board = \"2k1000\")]\n    |               ^^^^^^^^^^^^^^^^\n    |\n    = help: consider using a Cargo feature instead\n    = help: or consider adding in `Cargo.toml` the `check-cfg` lint config for the lint:\n             [lints.rust]\n             unexpected_cfgs = { level = \"warn\", check-cfg = ['cfg(board, values(\"2k1000\"))'] }\n    = help: or consider adding `println!(\"cargo::rustc-check-cfg=cfg(board, values(\\\"2k1000\\\"))\");` to the top of the `build.rs`\n    = note: see <https://doc.rust-lang.org/nightly/rustc/check-cfg/cargo-specifics.html> for more information about checking conditional configuration\n\nwarning: unexpected `cfg` condition name: `board`\n   --> /home/runner/check/batch_1/Byte-OS/polyhal/src/addr.rs:240:15\n    |\n240 |         #[cfg(board = \"2k1000\")]\n    |               ^^^^^^^^^^^^^^^^\n    |\n    = help: consider using a Cargo feature instead\n    = help: or consider adding in `Cargo.toml` the `check-cfg` lint config for the lint:\n             [lints.rust]\n             unexpected_cfgs = { level = \"warn\", check-cfg = ['cfg(board, values(\"2k1000\"))'] }\n    = help: or consider adding `println!(\"cargo::rustc-check-cfg=cfg(board, values(\\\"2k1000\\\"))\");` to the top of the `build.rs`\n    = note: see <https://doc.rust-lang.org/nightly/rustc/check-cfg/cargo-specifics.html> for more information about checking conditional configuration\n\nwarning: unexpected `cfg` condition name: `c906`\n   --> /home/runner/check/batch_1/Byte-OS/polyhal/src/addr.rs:244:15\n    |\n244 |         #[cfg(c906)]\n    |               ^^^^\n    |\n    = help: consider using a Cargo feature instead\n    = help: or consider adding in `Cargo.toml` the `check-cfg` lint config for the lint:\n             [lints.rust]\n             unexpected_cfgs = { level = \"warn\", check-cfg = ['cfg(c906)'] }\n    = help: or consider adding `println!(\"cargo::rustc-check-cfg=cfg(c906)\");` to the top of the `build.rs`\n    = note: see <https://doc.rust-lang.org/nightly/rustc/check-cfg/cargo-specifics.html> for more information about checking conditional configuration\n\nwarning: unexpected `cfg` condition name: `board`\n --> /home/runner/check/batch_1/Byte-OS/polyhal/src/components/debug_console/loongarch64.rs:5:11\n  |\n5 | #[cfg(not(board = \"2k1000\"))]\n  |           ^^^^^^^^^^^^^^^^\n  |\n  = help: consider using a Cargo feature instead\n  = help: or consider adding in `Cargo.toml` the `check-cfg` lint config for the lint:\n           [lints.rust]\n           unexpected_cfgs = { level = \"warn\", check-cfg = ['cfg(board, values(\"2k1000\"))'] }\n  = help: or consider adding `println!(\"cargo::rustc-check-cfg=cfg(board, values(\\\"2k1000\\\"))\");` to the top of the `build.rs`\n  = note: see <https://doc.rust-lang.org/nightly/rustc/check-cfg/cargo-specifics.html> for more information about checking conditional configuration\n\nwarning: unexpected `cfg` condition name: `board`\n --> /home/runner/check/batch_1/Byte-OS/polyhal/src/components/debug_console/loongarch64.rs:7:7\n  |\n7 | #[cfg(board = \"2k1000\")]\n  |       ^^^^^^^^^^^^^^^^\n  |\n  = help: consider using a Cargo feature instead\n  = help: or consider adding in `Cargo.toml` the `check-cfg` lint config for the lint:\n           [lints.rust]\n           unexpected_cfgs = { level = \"warn\", check-cfg = ['cfg(board, values(\"2k1000\"))'] }\n  = help: or consider adding `println!(\"cargo::rustc-check-cfg=cfg(board, values(\\\"2k1000\\\"))\");` to the top of the `build.rs`\n  = note: see <https://doc.rust-lang.org/nightly/rustc/check-cfg/cargo-specifics.html> for more information about checking conditional configuration\n\nwarning: the feature `offset_of` has been stable since 1.77.0 and no longer requires an attribute to enable\n --> /home/runner/check/batch_1/Byte-OS/polyhal/src/lib.rs:8:12\n  |\n8 | #![feature(offset_of)]\n  |            ^^^^^^^^^\n  |\n  = note: `#[warn(stable_features)]` on by default\n\nwarning: field `0` is never read\n  --> /home/runner/check/batch_1/Byte-OS/polyhal/src/components/irq/mod.rs:35:22\n   |\n35 | pub struct IRQVector(pub(crate) usize);\n   |            --------- ^^^^^^^^^^^^^^^^\n   |            |\n   |            field in this struct\n   |\n   = note: `IRQVector` has derived impls for the traits `Clone` and `Debug`, but these are intentionally ignored during dead code analysis\n   = note: `#[warn(dead_code)]` on by default\nhelp: consider changing the field to be of unit type to suppress this warning while preserving the field numbering, or remove the field\n   |\n35 | pub struct IRQVector(());\n   |                      ~~\n\nwarning: field `0` is never read\n  --> /home/runner/check/batch_1/Byte-OS/polyhal/src/components/percpu/mod.rs:15:19\n   |\n15 | struct PerCPUDATA([u8; PAGE_SIZE]);\n   |        ---------- ^^^^^^^^^^^^^^^\n   |        |\n   |        field in this struct\n   |\nhelp: consider changing the field to be of unit type to suppress this warning while preserving the field numbering, or remove the field\n   |\n15 | struct PerCPUDATA(());\n   |                   ~~\n\n   Compiling virtio-drivers v0.7.5\nwarning: `polyhal` (lib) generated 9 warnings\n   Compiling example v0.1.0 (/home/runner/check/batch_1/Byte-OS/polyhal/example)\nwarning: unreachable statement\n   --> src/main.rs:123:5\n    |\n117 | /     loop {\n118 | |         if let Some(c) = DebugConsole::getchar() {\n119 | |             DebugConsole::putchar(c);\n120 | |         }\n121 | |     }\n    | |_____- any code following this expression is unreachable\n122 |\n123 |       log::info!(\"Run END. Shutdown successfully.\");\n    |       ^^^^^^^^^^^^^^^^^^^^^^^^^^^^^^^^^^^^^^^^^^^^^ unreachable statement\n    |\n    = note: `#[warn(unreachable_code)]` on by default\n    = note: this warning originates in the macro `$crate::log` which comes from the expansion of the macro `log::info` (in Nightly builds, run with -Z macro-backtrace for more info)\n\nerror: linking with `rust-lld` failed: exit status: 1\n  |\n  = note: LC_ALL=\"C\" PATH=\"/home/runner/.rustup/toolchains/nightly-2024-05-21-x86_64-unknown-linux-gnu/lib/rustlib/x86_64-unknown-linux-gnu/bin:/snap/bin:/home/runner/.local/bin:/opt/pipx_bin:/home/runner/.cargo/bin:/home/runner/.config/composer/vendor/bin:/usr/local/.ghcup/bin:/home/runner/.dotnet/tools:/usr/local/sbin:/usr/local/bin:/usr/sbin:/usr/bin:/sbin:/bin:/usr/games:/usr/local/games:/snap/bin\" VSLANG=\"1033\" \"rust-lld\" \"-flavor\" \"gnu\" \"/tmp/rustcbBUscF/symbols.o\" \"/home/runner/check/batch_1/Byte-OS/polyhal/example/target/loongarch64-unknown-none/debug/deps/example-121b3f177e864c39.example.8dc5fc612147e823-cgu.0.rcgu.o\" \"/home/runner/check/batch_1/Byte-OS/polyhal/example/target/loongarch64-unknown-none/debug/deps/example-121b3f177e864c39.example.8dc5fc612147e823-cgu.1.rcgu.o\" \"/home/runner/check/batch_1/Byte-OS/polyhal/example/target/loongarch64-unknown-none/debug/deps/example-121b3f177e864c39.example.8dc5fc612147e823-cgu.2.rcgu.o\" \"/home/runner/check/batch_1/Byte-OS/polyhal/example/target/loongarch64-unknown-none/debug/deps/example-121b3f177e864c39.example.8dc5fc612147e823-cgu.3.rcgu.o\" \"/home/runner/check/batch_1/Byte-OS/polyhal/example/target/loongarch64-unknown-none/debug/deps/example-121b3f177e864c39.0j66n1yuqvma5gajh2eqaju2e.rcgu.o\" \"--as-needed\" \"-L\" \"/home/runner/check/batch_1/Byte-OS/polyhal/example/target/loongarch64-unknown-none/debug/deps\" \"-L\" \"/home/runner/check/batch_1/Byte-OS/polyhal/example/target/debug/deps\" \"-L\" \"/home/runner/.rustup/toolchains/nightly-2024-05-21-x86_64-unknown-linux-gnu/lib/rustlib/loongarch64-unknown-none/lib\" \"-Bstatic\" \"/home/runner/check/batch_1/Byte-OS/polyhal/example/target/loongarch64-unknown-none/debug/deps/libvirtio_drivers-c71b4244ead45a74.rlib\" \"/home/runner/check/batch_1/Byte-OS/polyhal/example/target/loongarch64-unknown-none/debug/deps/libzerocopy-b65a73bda5dd105a.rlib\" \"/home/runner/check/batch_1/Byte-OS/polyhal/example/target/loongarch64-unknown-none/debug/deps/libbyteorder-a6608e82b803455e.rlib\" \"/home/runner/check/batch_1/Byte-OS/polyhal/example/target/loongarch64-unknown-none/debug/deps/libpolyhal-0ae174ba426b0f7c.rlib\" \"/home/runner/check/batch_1/Byte-OS/polyhal/example/target/loongarch64-unknown-none/debug/deps/libloongArch64-5e6a7ff73e9045d6.rlib\" \"/home/runner/check/batch_1/Byte-OS/polyhal/example/target/loongarch64-unknown-none/debug/deps/libbitflags-7d4c229935312c2e.rlib\" \"/home/runner/check/batch_1/Byte-OS/polyhal/example/target/loongarch64-unknown-none/debug/deps/libbit_field-f205bae68304904b.rlib\" \"/home/runner/check/batch_1/Byte-OS/polyhal/example/target/loongarch64-unknown-none/debug/deps/libcfg_if-e5b2c08080a8d0bd.rlib\" \"/home/runner/check/batch_1/Byte-OS/polyhal/example/target/loongarch64-unknown-none/debug/deps/libbitflags-a49aa3b7c7494a35.rlib\" \"/home/runner/check/batch_1/Byte-OS/polyhal/example/target/loongarch64-unknown-none/debug/deps/libfdt-45db0bc4944b4493.rlib\" \"/home/runner/check/batch_1/Byte-OS/polyhal/example/target/loongarch64-unknown-none/debug/deps/liblog-531edc9e0960d321.rlib\" \"/home/runner/check/batch_1/Byte-OS/polyhal/example/target/loongarch64-unknown-none/debug/deps/libbuddy_system_allocator-0f74cc2c33704f4a.rlib\" \"/home/runner/.rustup/toolchains/nightly-2024-05-21-x86_64-unknown-linux-gnu/lib/rustlib/loongarch64-unknown-none/lib/liballoc-cf622d6ac0c1207e.rlib\" \"/home/runner/check/batch_1/Byte-OS/polyhal/example/target/loongarch64-unknown-none/debug/deps/libspin-e73be5f20d839958.rlib\" \"/home/runner/check/batch_1/Byte-OS/polyhal/example/target/loongarch64-unknown-none/debug/deps/liblock_api-cb5b9691a0c0d257.rlib\" \"/home/runner/check/batch_1/Byte-OS/polyhal/example/target/loongarch64-unknown-none/debug/deps/libscopeguard-e4c379832e03342e.rlib\" \"/home/runner/.rustup/toolchains/nightly-2024-05-21-x86_64-unknown-linux-gnu/lib/rustlib/loongarch64-unknown-none/lib/librustc_std_workspace_core-3b1e26e39e9a51e8.rlib\" \"/home/runner/.rustup/toolchains/nightly-2024-05-21-x86_64-unknown-linux-gnu/lib/rustlib/loongarch64-unknown-none/lib/libcore-d6c82fdbb3df4fe1.rlib\" \"/home/runner/.rustup/toolchains/nightly-2024-05-21-x86_64-unknown-linux-gnu/lib/rustlib/loongarch64-unknown-none/lib/libcompiler_builtins-1c0eeb3885babbe8.rlib\" \"-Bdynamic\" \"--eh-frame-hdr\" \"-z\" \"noexecstack\" \"-L\" \"/home/runner/.rustup/toolchains/nightly-2024-05-21-x86_64-unknown-linux-gnu/lib/rustlib/loongarch64-unknown-none/lib\" \"-o\" \"/home/runner/check/batch_1/Byte-OS/polyhal/example/target/loongarch64-unknown-none/debug/deps/example-121b3f177e864c39\" \"--gc-sections\" \"-Tlinker/linker-loongarch64.ld\"\n  = note: rust-lld: error: /home/runner/.rustup/toolchains/nightly-2024-05-21-x86_64-unknown-linux-gnu/lib/rustlib/loongarch64-unknown-none/lib/libcompiler_builtins-1c0eeb3885babbe8.rlib(45c91108d938afe8-absvdi2.o) is incompatible with /tmp/rustcbBUscF/symbols.o\n          rust-lld: error: /home/runner/.rustup/toolchains/nightly-2024-05-21-x86_64-unknown-linux-gnu/lib/rustlib/loongarch64-unknown-none/lib/libcompiler_builtins-1c0eeb3885babbe8.rlib(45c91108d938afe8-absvsi2.o) is incompatible with /tmp/rustcbBUscF/symbols.o\n          rust-lld: error: /home/runner/.rustup/toolchains/nightly-2024-05-21-x86_64-unknown-linux-gnu/lib/rustlib/loongarch64-unknown-none/lib/libcompiler_builtins-1c0eeb3885babbe8.rlib(45c91108d938afe8-absvti2.o) is incompatible with /tmp/rustcbBUscF/symbols.o\n          rust-lld: error: /home/runner/.rustup/toolchains/nightly-2024-05-21-x86_64-unknown-linux-gnu/lib/rustlib/loongarch64-unknown-none/lib/libcompiler_builtins-1c0eeb3885babbe8.rlib(45c91108d938afe8-addtf3.o) is incompatible with /tmp/rustcbBUscF/symbols.o\n          rust-lld: error: /home/runner/.rustup/toolchains/nightly-2024-05-21-x86_64-unknown-linux-gnu/lib/rustlib/loongarch64-unknown-none/lib/libcompiler_builtins-1c0eeb3885babbe8.rlib(45c91108d938afe8-addvdi3.o) is incompatible with /tmp/rustcbBUscF/symbols.o\n          rust-lld: error: /home/runner/.rustup/toolchains/nightly-2024-05-21-x86_64-unknown-linux-gnu/lib/rustlib/loongarch64-unknown-none/lib/libcompiler_builtins-1c0eeb3885babbe8.rlib(45c91108d938afe8-addvsi3.o) is incompatible with /tmp/rustcbBUscF/symbols.o\n          rust-lld: error: /home/runner/.rustup/toolchains/nightly-2024-05-21-x86_64-unknown-linux-gnu/lib/rustlib/loongarch64-unknown-none/lib/libcompiler_builtins-1c0eeb3885babbe8.rlib(45c91108d938afe8-addvti3.o) is incompatible with /tmp/rustcbBUscF/symbols.o\n          rust-lld: error: /home/runner/.rustup/toolchains/nightly-2024-05-21-x86_64-unknown-linux-gnu/lib/rustlib/loongarch64-unknown-none/lib/libcompiler_builtins-1c0eeb3885babbe8.rlib(45c91108d938afe8-clzdi2.o) is incompatible with /tmp/rustcbBUscF/symbols.o\n          rust-lld: error: /home/runner/.rustup/toolchains/nightly-2024-05-21-x86_64-unknown-linux-gnu/lib/rustlib/loongarch64-unknown-none/lib/libcompiler_builtins-1c0eeb3885babbe8.rlib(45c91108d938afe8-clzsi2.o) is incompatible with /tmp/rustcbBUscF/symbols.o\n          rust-lld: error: /home/runner/.rustup/toolchains/nightly-2024-05-21-x86_64-unknown-linux-gnu/lib/rustlib/loongarch64-unknown-none/lib/libcompiler_builtins-1c0eeb3885babbe8.rlib(45c91108d938afe8-clzti2.o) is incompatible with /tmp/rustcbBUscF/symbols.o\n          rust-lld: error: /home/runner/.rustup/toolchains/nightly-2024-05-21-x86_64-unknown-linux-gnu/lib/rustlib/loongarch64-unknown-none/lib/libcompiler_builtins-1c0eeb3885babbe8.rlib(45c91108d938afe8-cmpdi2.o) is incompatible with /tmp/rustcbBUscF/symbols.o\n          rust-lld: error: /home/runner/.rustup/toolchains/nightly-2024-05-21-x86_64-unknown-linux-gnu/lib/rustlib/loongarch64-unknown-none/lib/libcompiler_builtins-1c0eeb3885babbe8.rlib(45c91108d938afe8-cmpti2.o) is incompatible with /tmp/rustcbBUscF/symbols.o\n          rust-lld: error: /home/runner/.rustup/toolchains/nightly-2024-05-21-x86_64-unknown-linux-gnu/lib/rustlib/loongarch64-unknown-none/lib/libcompiler_builtins-1c0eeb3885babbe8.rlib(45c91108d938afe8-ctzdi2.o) is incompatible with /tmp/rustcbBUscF/symbols.o\n          rust-lld: error: /home/runner/.rustup/toolchains/nightly-2024-05-21-x86_64-unknown-linux-gnu/lib/rustlib/loongarch64-unknown-none/lib/libcompiler_builtins-1c0eeb3885babbe8.rlib(45c91108d938afe8-ctzsi2.o) is incompatible with /tmp/rustcbBUscF/symbols.o\n          rust-lld: error: /home/runner/.rustup/toolchains/nightly-2024-05-21-x86_64-unknown-linux-gnu/lib/rustlib/loongarch64-unknown-none/lib/libcompiler_builtins-1c0eeb3885babbe8.rlib(45c91108d938afe8-ctzti2.o) is incompatible with /tmp/rustcbBUscF/symbols.o\n          rust-lld: error: /home/runner/.rustup/toolchains/nightly-2024-05-21-x86_64-unknown-linux-gnu/lib/rustlib/loongarch64-unknown-none/lib/libcompiler_builtins-1c0eeb3885babbe8.rlib(45c91108d938afe8-divdc3.o) is incompatible with /tmp/rustcbBUscF/symbols.o\n          rust-lld: error: /home/runner/.rustup/toolchains/nightly-2024-05-21-x86_64-unknown-linux-gnu/lib/rustlib/loongarch64-unknown-none/lib/libcompiler_builtins-1c0eeb3885babbe8.rlib(45c91108d938afe8-divsc3.o) is incompatible with /tmp/rustcbBUscF/symbols.o\n          rust-lld: error: /home/runner/.rustup/toolchains/nightly-2024-05-21-x86_64-unknown-linux-gnu/lib/rustlib/loongarch64-unknown-none/lib/libcompiler_builtins-1c0eeb3885babbe8.rlib(45c91108d938afe8-divtf3.o) is incompatible with /tmp/rustcbBUscF/symbols.o\n          rust-lld: error: /home/runner/.rustup/toolchains/nightly-2024-05-21-x86_64-unknown-linux-gnu/lib/rustlib/loongarch64-unknown-none/lib/libcompiler_builtins-1c0eeb3885babbe8.rlib(45c91108d938afe8-extenddftf2.o) is incompatible with /tmp/rustcbBUscF/symbols.o\n          rust-lld: error: /home/runner/.rustup/toolchains/nightly-2024-05-21-x86_64-unknown-linux-gnu/lib/rustlib/loongarch64-unknown-none/lib/libcompiler_builtins-1c0eeb3885babbe8.rlib(45c91108d938afe8-extendhfsf2.o) is incompatible with /tmp/rustcbBUscF/symbols.o\n          rust-lld: error: too many errors emitted, stopping now (use --error-limit=0 to see all errors)\n          \n\nwarning: `example` (bin \"example\") generated 1 warning\nerror: could not compile `example` (bin \"example\") due to 1 previous error; 1 warning emitted\n"]}},{"file":"Not supported to display yet.","count":1,"kinds":{"Lockbud(Possibly)":["[2024-10-12T15:31:27Z WARN  lockbud::callbacks] [\n      {\n        \"AtomicityViolation\": {\n          \"bug_kind\": \"AtomicityViolation\",\n          \"possibility\": \"Possibly\",\n          \"diagnosis\": {\n            \"fn_name\": \"set_logger_racy\",\n            \"atomic_reader\": \"/home/runner/.cargo/registry/src/index.crates.io-6f17d22bba15001f/log-0.4.22/src/lib.rs:1447:11: 1447:40 (#0)\",\n            \"atomic_writer\": \"/home/runner/.cargo/registry/src/index.crates.io-6f17d22bba15001f/log-0.4.22/src/lib.rs:1450:13: 1450:56 (#0)\",\n            \"dep_kind\": \"Control\"\n          },\n          \"explanation\": \"atomic::store is data/control dependent on atomic::load\"\n        }\n      }\n    ]\n[2024-10-12T15:31:27Z WARN  lockbud::callbacks] crate log contains bugs: { probably: 0, possibly: 0 }, conflictlock: { probably: 0, possibly: 0 }, condvar_deadlock: { probably: 0, possibly: 0 }, atomicity_violation: { possibly: 1 }, invalid_free: { possibly: 0 }, use_after_free: { possibly: 0 }"]}},{"file":"src/frame.rs","count":1,"kinds":{"Clippy(Warn)":["warning: redundant closure\n --> src/frame.rs:6:15\n  |\n6 |     Lazy::new(|| LockedFrameAllocator::new());\n  |               ^^^^^^^^^^^^^^^^^^^^^^^^^^^^^^ help: replace the closure with the function itself: `LockedFrameAllocator::new`\n  |\n  = help: for further information visit https://rust-lang.github.io/rust-clippy/master/index.html#redundant_closure\n  = note: `#[warn(clippy::redundant_closure)]` on by default\n\n"]}},{"file":"src/main.rs","count":1,"kinds":{"Clippy(Warn)":["warning: empty `loop {}` wastes CPU cycles\n  --> src/main.rs:70:9\n   |\n70 |         loop {}\n   |         ^^^^^^^\n   |\n   = help: you should either use `panic!()` or add a call pausing or sleeping the thread to the loop body\n   = help: for further information visit https://rust-lang.github.io/rust-clippy/master/index.html#empty_loop\n   = note: `#[warn(clippy::empty_loop)]` on by default\n\n"]}},{"file":"src/pci.rs","count":1,"kinds":{"Clippy(Warn)":["warning: unneeded `return` statement\n  --> src/pci.rs:14:94\n   |\n14 |               enumerate_pci((pci_addr.starting_address as usize | VIRT_ADDR_START) as *mut u8);\n   |  ______________________________________________________________________________________________^\n15 | |             return;\n   | |__________________^\n   |\n   = help: for further information visit https://rust-lang.github.io/rust-clippy/master/index.html#needless_return\n   = note: `#[warn(clippy::needless_return)]` on by default\nhelp: remove `return`\n   |\n14 -             enumerate_pci((pci_addr.starting_address as usize | VIRT_ADDR_START) as *mut u8);\n15 -             return;\n14 +             enumerate_pci((pci_addr.starting_address as usize | VIRT_ADDR_START) as *mut u8);\n   |\n\n"]}}]},{"user":"kern-crates","repo":"rCoreloongArch","pkg":"easy-fs-fuse","count":2,"raw_reports":[{"file":"/home/runner/check/batch_9/kern-crates/rCoreloongArch/Cargo.lock","count":1,"kinds":{"Audit":["    Fetching advisory database from `https://github.com/RustSec/advisory-db.git`\n      Loaded 663 security advisories (from /home/runner/.cargo/advisory-db)\n    Updating crates.io index\n    Scanning Cargo.lock for vulnerabilities (75 crate dependencies)\nCrate:     atty\nVersion:   0.2.14\nWarning:   unmaintained\nTitle:     `atty` is unmaintained\nDate:      2024-09-25\nID:        RUSTSEC-2024-0375\nURL:       https://rustsec.org/advisories/RUSTSEC-2024-0375\nDependency tree:\natty 0.2.14\n clap 3.2.25\n     easy-fs-fuse 0.1.0\n\nCrate:     atty\nVersion:   0.2.14\nWarning:   unsound\nTitle:     Potential unaligned read\nDate:      2021-07-04\nID:        RUSTSEC-2021-0145\nURL:       https://rustsec.org/advisories/RUSTSEC-2021-0145\n\nwarning: 2 allowed warnings found\n\n{\n  \"database\": {\n    \"advisory-count\": 663,\n    \"last-commit\": \"acb7ce45817b13dd34cb32540ff18be4e1f3ba09\",\n    \"last-updated\": \"2024-10-09T00:13:59+01:00\"\n  },\n  \"lockfile\": {\n    \"dependency-count\": 75\n  },\n  \"settings\": {\n    \"target_arch\": [],\n    \"target_os\": [],\n    \"severity\": null,\n    \"ignore\": [],\n    \"informational_warnings\": [\n      \"unmaintained\",\n      \"unsound\",\n      \"notice\"\n    ]\n  },\n  \"vulnerabilities\": {\n    \"found\": false,\n    \"count\": 0,\n    \"list\": []\n  },\n  \"warnings\": {\n    \"unmaintained\": [\n      {\n        \"kind\": \"unmaintained\",\n        \"package\": {\n          \"name\": \"atty\",\n          \"version\": \"0.2.14\",\n          \"source\": \"registry+https://github.com/rust-lang/crates.io-index\",\n          \"checksum\": \"d9b39be18770d11421cdb1b9947a45dd3f37e93092cbf377614828a319d5fee8\",\n          \"dependencies\": [\n            {\n              \"name\": \"hermit-abi\",\n              \"version\": \"0.1.19\",\n              \"source\": \"registry+https://github.com/rust-lang/crates.io-index\"\n            },\n            {\n              \"name\": \"libc\",\n              \"version\": \"0.2.159\",\n              \"source\": \"registry+https://github.com/rust-lang/crates.io-index\"\n            },\n            {\n              \"name\": \"winapi\",\n              \"version\": \"0.3.9\",\n              \"source\": \"registry+https://github.com/rust-lang/crates.io-index\"\n            }\n          ],\n          \"replace\": null\n        },\n        \"advisory\": {\n          \"id\": \"RUSTSEC-2024-0375\",\n          \"package\": \"atty\",\n          \"title\": \"`atty` is unmaintained\",\n          \"description\": \"The maintainer of `atty` has [published](https://github.com/softprops/atty/commit/5bfdbe9e48c6ca6a4909e8d5b04f5e843a257e93) an official notice that the crate is no longer\\nunder development, and that users should instead rely on the functionality in the standard library's [`IsTerminal`](https://doc.rust-lang.org/std/io/trait.IsTerminal.html) trait.\\n\\n## Alternative(s)\\n\\n- [std::io::IsTerminal](https://doc.rust-lang.org/stable/std/io/trait.IsTerminal.html) - Stable since Rust 1.70.0 and the recommended replacement per the `atty` maintainer.\\n- [is-terminal](https://crates.io/crates/is-terminal) - Standalone crate supporting Rust older than 1.70.0\",\n          \"date\": \"2024-09-25\",\n          \"aliases\": [],\n          \"related\": [],\n          \"collection\": \"crates\",\n          \"categories\": [],\n          \"keywords\": [],\n          \"cvss\": null,\n          \"informational\": \"unmaintained\",\n          \"references\": [],\n          \"source\": null,\n          \"url\": \"https://github.com/softprops/atty/issues/57\",\n          \"withdrawn\": null,\n          \"license\": \"CC0-1.0\"\n        },\n        \"affected\": null,\n        \"versions\": {\n          \"patched\": [],\n          \"unaffected\": []\n        }\n      }\n    ],\n    \"unsound\": [\n      {\n        \"kind\": \"unsound\",\n        \"package\": {\n          \"name\": \"atty\",\n          \"version\": \"0.2.14\",\n          \"source\": \"registry+https://github.com/rust-lang/crates.io-index\",\n          \"checksum\": \"d9b39be18770d11421cdb1b9947a45dd3f37e93092cbf377614828a319d5fee8\",\n          \"dependencies\": [\n            {\n              \"name\": \"hermit-abi\",\n              \"version\": \"0.1.19\",\n              \"source\": \"registry+https://github.com/rust-lang/crates.io-index\"\n            },\n            {\n              \"name\": \"libc\",\n              \"version\": \"0.2.159\",\n              \"source\": \"registry+https://github.com/rust-lang/crates.io-index\"\n            },\n            {\n              \"name\": \"winapi\",\n              \"version\": \"0.3.9\",\n              \"source\": \"registry+https://github.com/rust-lang/crates.io-index\"\n            }\n          ],\n          \"replace\": null\n        },\n        \"advisory\": {\n          \"id\": \"RUSTSEC-2021-0145\",\n          \"package\": \"atty\",\n          \"title\": \"Potential unaligned read\",\n          \"description\": \"On windows, `atty` dereferences a potentially unaligned pointer.\\n\\nIn practice however, the pointer won't be unaligned unless a custom global allocator is used.\\n\\nIn particular, the `System` allocator on windows uses `HeapAlloc`, which guarantees a large enough alignment.\\n\\n# atty is Unmaintained\\n\\nA Pull Request with a fix has been provided over a year ago but the maintainer seems to be unreachable.\\n\\nLast release of `atty` was almost 3 years ago.\\n\\n## Possible Alternative(s)\\n\\nThe below list has not been vetted in any way and may or may not contain alternatives;\\n\\n - [std::io::IsTerminal](https://doc.rust-lang.org/stable/std/io/trait.IsTerminal.html) - Stable since Rust 1.70.0\\n - [is-terminal](https://crates.io/crates/is-terminal) - Standalone crate supporting Rust older than 1.70.0\",\n          \"date\": \"2021-07-04\",\n          \"aliases\": [\n            \"GHSA-g98v-hv3f-hcfr\"\n          ],\n          \"related\": [],\n          \"collection\": \"crates\",\n          \"categories\": [],\n          \"keywords\": [\n            \"unaligned-read\"\n          ],\n          \"cvss\": null,\n          \"informational\": \"unsound\",\n          \"references\": [\n            \"https://github.com/softprops/atty/pull/51\",\n            \"https://github.com/softprops/atty/issues/57\"\n          ],\n          \"source\": null,\n          \"url\": \"https://github.com/softprops/atty/issues/50\",\n          \"withdrawn\": null,\n          \"license\": \"CC0-1.0\"\n        },\n        \"affected\": {\n          \"arch\": [],\n          \"os\": [\n            \"windows\"\n          ],\n          \"functions\": {}\n        },\n        \"versions\": {\n          \"patched\": [],\n          \"unaffected\": []\n        }\n      }\n    ]\n  }\n}"]}},{"file":"(virtual) lockbud","count":1,"kinds":{"Cargo":["// pkg_name=easy-fs-fuse, checker=Lockbud\n// toolchain=nightly-2024-01-19, target=loongarch64-unknown-none\n// pkg_dir=/home/runner/check/batch_9/kern-crates/rCoreloongArch/easy-fs-fuse\n// cmd=cargo +nightly-2024-05-21 lockbud -k all -- --target loongarch64-unknown-none\n   Compiling cfg-if v1.0.0\n   Compiling byteorder v1.5.0\n   Compiling indexmap v1.9.3\n   Compiling hashbrown v0.12.3\n   Compiling os_str_bytes v6.6.1\nerror[E0463]: can't find crate for `std`\n  |\n  = note: the `loongarch64-unknown-none` target may not support the standard library\n  = note: `std` is required by `os_str_bytes` because it does not declare `#![no_std]`\n  = help: consider building the standard library from source with `cargo build -Zbuild-std`\n\n   Compiling getrandom v0.2.15\nerror[E0463]: can't find crate for `std`\n --> /home/runner/.cargo/registry/src/index.crates.io-6f17d22bba15001f/getrandom-0.2.15/src/error_impls.rs:1:1\n  |\n1 | extern crate std;\n  | ^^^^^^^^^^^^^^^^^ can't find crate\n  |\n  = note: the `loongarch64-unknown-none` target may not support the standard library\n  = help: consider building the standard library from source with `cargo build -Zbuild-std`\n\nerror: target is not supported, for more information see: https://docs.rs/getrandom/#unsupported-targets\n   --> /home/runner/.cargo/registry/src/index.crates.io-6f17d22bba15001f/getrandom-0.2.15/src/lib.rs:347:9\n    |\n347 | /         compile_error!(\"target is not supported, for more information see: \\\n348 | |                         https://docs.rs/getrandom/#unsupported-targets\");\n    | |________________________________________________________________________^\n\nerror[E0433]: failed to resolve: use of undeclared crate or module `imp`\n   --> /home/runner/.cargo/registry/src/index.crates.io-6f17d22bba15001f/getrandom-0.2.15/src/lib.rs:398:9\n    |\n398 |         imp::getrandom_inner(dest)?;\n    |         ^^^ use of undeclared crate or module `imp`\n\nSome errors have detailed explanations: E0433, E0463.\nFor more information about an error, try `rustc --explain E0433`.\nerror: could not compile `getrandom` (lib) due to 3 previous errors\nwarning: build failed, waiting for other jobs to finish...\nerror[E0463]: can't find crate for `std`\n   --> /home/runner/.cargo/registry/src/index.crates.io-6f17d22bba15001f/os_str_bytes-6.6.1/src/lib.rs:225:5\n    |\n225 | use std::borrow::Cow;\n    |     ^^^ can't find crate\n    |\n    = note: the `loongarch64-unknown-none` target may not support the standard library\n    = help: consider building the standard library from source with `cargo build -Zbuild-std`\n\nerror[E0463]: can't find crate for `std`\n   --> /home/runner/.cargo/registry/src/index.crates.io-6f17d22bba15001f/os_str_bytes-6.6.1/src/lib.rs:226:5\n    |\n226 | use std::error::Error;\n    |     ^^^ can't find crate\n    |\n    = note: the `loongarch64-unknown-none` target may not support the standard library\n    = help: consider building the standard library from source with `cargo build -Zbuild-std`\n\nerror[E0463]: can't find crate for `std`\n   --> /home/runner/.cargo/registry/src/index.crates.io-6f17d22bba15001f/os_str_bytes-6.6.1/src/lib.rs:227:5\n    |\n227 | use std::ffi::OsStr;\n    |     ^^^ can't find crate\n    |\n    = note: the `loongarch64-unknown-none` target may not support the standard library\n    = help: consider building the standard library from source with `cargo build -Zbuild-std`\n\nerror[E0463]: can't find crate for `std`\n   --> /home/runner/.cargo/registry/src/index.crates.io-6f17d22bba15001f/os_str_bytes-6.6.1/src/lib.rs:228:5\n    |\n228 | use std::ffi::OsString;\n    |     ^^^ can't find crate\n    |\n    = note: the `loongarch64-unknown-none` target may not support the standard library\n    = help: consider building the standard library from source with `cargo build -Zbuild-std`\n\nerror[E0463]: can't find crate for `std`\n   --> /home/runner/.cargo/registry/src/index.crates.io-6f17d22bba15001f/os_str_bytes-6.6.1/src/lib.rs:229:5\n    |\n229 | use std::fmt;\n    |     ^^^ can't find crate\n    |\n    = note: the `loongarch64-unknown-none` target may not support the standard library\n    = help: consider building the standard library from source with `cargo build -Zbuild-std`\n\nerror[E0463]: can't find crate for `std`\n   --> /home/runner/.cargo/registry/src/index.crates.io-6f17d22bba15001f/os_str_bytes-6.6.1/src/lib.rs:230:5\n    |\n230 | use std::fmt::Display;\n    |     ^^^ can't find crate\n    |\n    = note: the `loongarch64-unknown-none` target may not support the standard library\n    = help: consider building the standard library from source with `cargo build -Zbuild-std`\n\nerror[E0463]: can't find crate for `std`\n   --> /home/runner/.cargo/registry/src/index.crates.io-6f17d22bba15001f/os_str_bytes-6.6.1/src/lib.rs:231:5\n    |\n231 | use std::fmt::Formatter;\n    |     ^^^ can't find crate\n    |\n    = note: the `loongarch64-unknown-none` target may not support the standard library\n    = help: consider building the standard library from source with `cargo build -Zbuild-std`\n\nerror[E0463]: can't find crate for `std`\n   --> /home/runner/.cargo/registry/src/index.crates.io-6f17d22bba15001f/os_str_bytes-6.6.1/src/lib.rs:232:5\n    |\n232 | use std::path::Path;\n    |     ^^^ can't find crate\n    |\n    = note: the `loongarch64-unknown-none` target may not support the standard library\n    = help: consider building the standard library from source with `cargo build -Zbuild-std`\n\nerror[E0463]: can't find crate for `std`\n   --> /home/runner/.cargo/registry/src/index.crates.io-6f17d22bba15001f/os_str_bytes-6.6.1/src/lib.rs:233:5\n    |\n233 | use std::path::PathBuf;\n    |     ^^^ can't find crate\n    |\n    = note: the `loongarch64-unknown-none` target may not support the standard library\n    = help: consider building the standard library from source with `cargo build -Zbuild-std`\n\nerror[E0463]: can't find crate for `std`\n   --> /home/runner/.cargo/registry/src/index.crates.io-6f17d22bba15001f/os_str_bytes-6.6.1/src/lib.rs:234:5\n    |\n234 | use std::result;\n    |     ^^^ can't find crate\n    |\n    = note: the `loongarch64-unknown-none` target may not support the standard library\n    = help: consider building the standard library from source with `cargo build -Zbuild-std`\n\nerror[E0463]: can't find crate for `std`\n --> /home/runner/.cargo/registry/src/index.crates.io-6f17d22bba15001f/os_str_bytes-6.6.1/src/common/mod.rs:1:5\n  |\n1 | use std::borrow::Cow;\n  |     ^^^ can't find crate\n  |\n  = note: the `loongarch64-unknown-none` target may not support the standard library\n  = help: consider building the standard library from source with `cargo build -Zbuild-std`\n\nerror[E0463]: can't find crate for `std`\n --> /home/runner/.cargo/registry/src/index.crates.io-6f17d22bba15001f/os_str_bytes-6.6.1/src/common/mod.rs:2:5\n  |\n2 | use std::convert::Infallible;\n  |     ^^^ can't find crate\n  |\n  = note: the `loongarch64-unknown-none` target may not support the standard library\n  = help: consider building the standard library from source with `cargo build -Zbuild-std`\n\nerror[E0463]: can't find crate for `std`\n --> /home/runner/.cargo/registry/src/index.crates.io-6f17d22bba15001f/os_str_bytes-6.6.1/src/common/mod.rs:3:5\n  |\n3 | use std::ffi::OsStr;\n  |     ^^^ can't find crate\n  |\n  = note: the `loongarch64-unknown-none` target may not support the standard library\n  = help: consider building the standard library from source with `cargo build -Zbuild-std`\n\nerror[E0463]: can't find crate for `std`\n --> /home/runner/.cargo/registry/src/index.crates.io-6f17d22bba15001f/os_str_bytes-6.6.1/src/common/mod.rs:4:5\n  |\n4 | use std::ffi::OsString;\n  |     ^^^ can't find crate\n  |\n  = note: the `loongarch64-unknown-none` target may not support the standard library\n  = help: consider building the standard library from source with `cargo build -Zbuild-std`\n\nerror[E0463]: can't find crate for `std`\n --> /home/runner/.cargo/registry/src/index.crates.io-6f17d22bba15001f/os_str_bytes-6.6.1/src/common/mod.rs:5:5\n  |\n5 | use std::result;\n  |     ^^^ can't find crate\n  |\n  = note: the `loongarch64-unknown-none` target may not support the standard library\n  = help: consider building the standard library from source with `cargo build -Zbuild-std`\n\nerror[E0433]: failed to resolve: use of undeclared crate or module `os`\n  --> /home/runner/.cargo/registry/src/index.crates.io-6f17d22bba15001f/os_str_bytes-6.6.1/src/common/mod.rs:20:5\n   |\n20 | use os::ffi::OsStrExt;\n   |     ^^ use of undeclared crate or module `os`\n\nerror[E0433]: failed to resolve: use of undeclared crate or module `os`\n  --> /home/runner/.cargo/registry/src/index.crates.io-6f17d22bba15001f/os_str_bytes-6.6.1/src/common/mod.rs:21:5\n   |\n21 | use os::ffi::OsStringExt;\n   |     ^^ use of undeclared crate or module `os`\n\nerror[E0463]: can't find crate for `std`\n    --> /home/runner/.cargo/registry/src/index.crates.io-6f17d22bba15001f/os_str_bytes-6.6.1/src/lib.rs:1165:9\n     |\n1165 |     use std::ffi::OsStr;\n     |         ^^^ can't find crate\n     |\n     = note: the `loongarch64-unknown-none` target may not support the standard library\n     = help: consider building the standard library from source with `cargo build -Zbuild-std`\n\nerror[E0463]: can't find crate for `std`\n    --> /home/runner/.cargo/registry/src/index.crates.io-6f17d22bba15001f/os_str_bytes-6.6.1/src/lib.rs:1166:9\n     |\n1166 |     use std::ffi::OsString;\n     |         ^^^ can't find crate\n     |\n     = note: the `loongarch64-unknown-none` target may not support the standard library\n     = help: consider building the standard library from source with `cargo build -Zbuild-std`\n\nerror[E0463]: can't find crate for `std`\n    --> /home/runner/.cargo/registry/src/index.crates.io-6f17d22bba15001f/os_str_bytes-6.6.1/src/lib.rs:1167:9\n     |\n1167 |     use std::path::Path;\n     |         ^^^ can't find crate\n     |\n     = note: the `loongarch64-unknown-none` target may not support the standard library\n     = help: consider building the standard library from source with `cargo build -Zbuild-std`\n\nerror[E0463]: can't find crate for `std`\n    --> /home/runner/.cargo/registry/src/index.crates.io-6f17d22bba15001f/os_str_bytes-6.6.1/src/lib.rs:1168:9\n     |\n1168 |     use std::path::PathBuf;\n     |         ^^^ can't find crate\n     |\n     = note: the `loongarch64-unknown-none` target may not support the standard library\n     = help: consider building the standard library from source with `cargo build -Zbuild-std`\n\nerror[E0463]: can't find crate for `std`\n --> /home/runner/.cargo/registry/src/index.crates.io-6f17d22bba15001f/os_str_bytes-6.6.1/src/common/raw.rs:1:5\n  |\n1 | use std::fmt;\n  |     ^^^ can't find crate\n  |\n  = note: the `loongarch64-unknown-none` target may not support the standard library\n  = help: consider building the standard library from source with `cargo build -Zbuild-std`\n\nerror[E0463]: can't find crate for `std`\n --> /home/runner/.cargo/registry/src/index.crates.io-6f17d22bba15001f/os_str_bytes-6.6.1/src/common/raw.rs:2:5\n  |\n2 | use std::fmt::Formatter;\n  |     ^^^ can't find crate\n  |\n  = note: the `loongarch64-unknown-none` target may not support the standard library\n  = help: consider building the standard library from source with `cargo build -Zbuild-std`\n\nerror[E0463]: can't find crate for `std`\n --> /home/runner/.cargo/registry/src/index.crates.io-6f17d22bba15001f/os_str_bytes-6.6.1/src/iter.rs:5:5\n  |\n5 | use std::fmt;\n  |     ^^^ can't find crate\n  |\n  = note: the `loongarch64-unknown-none` target may not support the standard library\n  = help: consider building the standard library from source with `cargo build -Zbuild-std`\n\nerror[E0463]: can't find crate for `std`\n --> /home/runner/.cargo/registry/src/index.crates.io-6f17d22bba15001f/os_str_bytes-6.6.1/src/iter.rs:6:5\n  |\n6 | use std::fmt::Debug;\n  |     ^^^ can't find crate\n  |\n  = note: the `loongarch64-unknown-none` target may not support the standard library\n  = help: consider building the standard library from source with `cargo build -Zbuild-std`\n\nerror[E0463]: can't find crate for `std`\n --> /home/runner/.cargo/registry/src/index.crates.io-6f17d22bba15001f/os_str_bytes-6.6.1/src/iter.rs:7:5\n  |\n7 | use std::fmt::Formatter;\n  |     ^^^ can't find crate\n  |\n  = note: the `loongarch64-unknown-none` target may not support the standard library\n  = help: consider building the standard library from source with `cargo build -Zbuild-std`\n\nerror[E0463]: can't find crate for `std`\n --> /home/runner/.cargo/registry/src/index.crates.io-6f17d22bba15001f/os_str_bytes-6.6.1/src/iter.rs:8:5\n  |\n8 | use std::iter::FusedIterator;\n  |     ^^^ can't find crate\n  |\n  = note: the `loongarch64-unknown-none` target may not support the standard library\n  = help: consider building the standard library from source with `cargo build -Zbuild-std`\n\nerror[E0463]: can't find crate for `std`\n --> /home/runner/.cargo/registry/src/index.crates.io-6f17d22bba15001f/os_str_bytes-6.6.1/src/iter.rs:9:5\n  |\n9 | use std::mem;\n  |     ^^^ can't find crate\n  |\n  = note: the `loongarch64-unknown-none` target may not support the standard library\n  = help: consider building the standard library from source with `cargo build -Zbuild-std`\n\nerror[E0463]: can't find crate for `std`\n --> /home/runner/.cargo/registry/src/index.crates.io-6f17d22bba15001f/os_str_bytes-6.6.1/src/pattern.rs:1:5\n  |\n1 | use std::fmt::Debug;\n  |     ^^^ can't find crate\n  |\n  = note: the `loongarch64-unknown-none` target may not support the standard library\n  = help: consider building the standard library from source with `cargo build -Zbuild-std`\n\nerror[E0463]: can't find crate for `std`\n --> /home/runner/.cargo/registry/src/index.crates.io-6f17d22bba15001f/os_str_bytes-6.6.1/src/raw_str.rs:3:5\n  |\n3 | use std::borrow::Borrow;\n  |     ^^^ can't find crate\n  |\n  = note: the `loongarch64-unknown-none` target may not support the standard library\n  = help: consider building the standard library from source with `cargo build -Zbuild-std`\n\nerror[E0463]: can't find crate for `std`\n --> /home/runner/.cargo/registry/src/index.crates.io-6f17d22bba15001f/os_str_bytes-6.6.1/src/raw_str.rs:4:5\n  |\n4 | use std::borrow::Cow;\n  |     ^^^ can't find crate\n  |\n  = note: the `loongarch64-unknown-none` target may not support the standard library\n  = help: consider building the standard library from source with `cargo build -Zbuild-std`\n\nerror[E0463]: can't find crate for `std`\n --> /home/runner/.cargo/registry/src/index.crates.io-6f17d22bba15001f/os_str_bytes-6.6.1/src/raw_str.rs:5:5\n  |\n5 | use std::borrow::ToOwned;\n  |     ^^^ can't find crate\n  |\n  = note: the `loongarch64-unknown-none` target may not support the standard library\n  = help: consider building the standard library from source with `cargo build -Zbuild-std`\n\nerror[E0463]: can't find crate for `std`\n --> /home/runner/.cargo/registry/src/index.crates.io-6f17d22bba15001f/os_str_bytes-6.6.1/src/raw_str.rs:6:5\n  |\n6 | use std::ffi::OsStr;\n  |     ^^^ can't find crate\n  |\n  = note: the `loongarch64-unknown-none` target may not support the standard library\n  = help: consider building the standard library from source with `cargo build -Zbuild-std`\n\nerror[E0463]: can't find crate for `std`\n --> /home/runner/.cargo/registry/src/index.crates.io-6f17d22bba15001f/os_str_bytes-6.6.1/src/raw_str.rs:7:5\n  |\n7 | use std::ffi::OsString;\n  |     ^^^ can't find crate\n  |\n  = note: the `loongarch64-unknown-none` target may not support the standard library\n  = help: consider building the standard library from source with `cargo build -Zbuild-std`\n\nerror[E0463]: can't find crate for `std`\n --> /home/runner/.cargo/registry/src/index.crates.io-6f17d22bba15001f/os_str_bytes-6.6.1/src/raw_str.rs:8:5\n  |\n8 | use std::fmt;\n  |     ^^^ can't find crate\n  |\n  = note: the `loongarch64-unknown-none` target may not support the standard library\n  = help: consider building the standard library from source with `cargo build -Zbuild-std`\n\nerror[E0463]: can't find crate for `std`\n --> /home/runner/.cargo/registry/src/index.crates.io-6f17d22bba15001f/os_str_bytes-6.6.1/src/raw_str.rs:9:5\n  |\n9 | use std::fmt::Debug;\n  |     ^^^ can't find crate\n  |\n  = note: the `loongarch64-unknown-none` target may not support the standard library\n  = help: consider building the standard library from source with `cargo build -Zbuild-std`\n\nerror[E0463]: can't find crate for `std`\n  --> /home/runner/.cargo/registry/src/index.crates.io-6f17d22bba15001f/os_str_bytes-6.6.1/src/raw_str.rs:10:5\n   |\n10 | use std::fmt::Display;\n   |     ^^^ can't find crate\n   |\n   = note: the `loongarch64-unknown-none` target may not support the standard library\n   = help: consider building the standard library from source with `cargo build -Zbuild-std`\n\nerror[E0463]: can't find crate for `std`\n  --> /home/runner/.cargo/registry/src/index.crates.io-6f17d22bba15001f/os_str_bytes-6.6.1/src/raw_str.rs:11:5\n   |\n11 | use std::fmt::Formatter;\n   |     ^^^ can't find crate\n   |\n   = note: the `loongarch64-unknown-none` target may not support the standard library\n   = help: consider building the standard library from source with `cargo build -Zbuild-std`\n\nerror[E0463]: can't find crate for `std`\n  --> /home/runner/.cargo/registry/src/index.crates.io-6f17d22bba15001f/os_str_bytes-6.6.1/src/raw_str.rs:12:5\n   |\n12 | use std::mem;\n   |     ^^^ can't find crate\n   |\n   = note: the `loongarch64-unknown-none` target may not support the standard library\n   = help: consider building the standard library from source with `cargo build -Zbuild-std`\n\nerror[E0463]: can't find crate for `std`\n  --> /home/runner/.cargo/registry/src/index.crates.io-6f17d22bba15001f/os_str_bytes-6.6.1/src/raw_str.rs:13:5\n   |\n13 | use std::ops::Deref;\n   |     ^^^ can't find crate\n   |\n   = note: the `loongarch64-unknown-none` target may not support the standard library\n   = help: consider building the standard library from source with `cargo build -Zbuild-std`\n\nerror[E0463]: can't find crate for `std`\n  --> /home/runner/.cargo/registry/src/index.crates.io-6f17d22bba15001f/os_str_bytes-6.6.1/src/raw_str.rs:14:5\n   |\n14 | use std::ops::Index;\n   |     ^^^ can't find crate\n   |\n   = note: the `loongarch64-unknown-none` target may not support the standard library\n   = help: consider building the standard library from source with `cargo build -Zbuild-std`\n\nerror[E0463]: can't find crate for `std`\n  --> /home/runner/.cargo/registry/src/index.crates.io-6f17d22bba15001f/os_str_bytes-6.6.1/src/raw_str.rs:15:5\n   |\n15 | use std::ops::Range;\n   |     ^^^ can't find crate\n   |\n   = note: the `loongarch64-unknown-none` target may not support the standard library\n   = help: consider building the standard library from source with `cargo build -Zbuild-std`\n\nerror[E0463]: can't find crate for `std`\n  --> /home/runner/.cargo/registry/src/index.crates.io-6f17d22bba15001f/os_str_bytes-6.6.1/src/raw_str.rs:16:5\n   |\n16 | use std::ops::RangeFrom;\n   |     ^^^ can't find crate\n   |\n   = note: the `loongarch64-unknown-none` target may not support the standard library\n   = help: consider building the standard library from source with `cargo build -Zbuild-std`\n\nerror[E0463]: can't find crate for `std`\n  --> /home/runner/.cargo/registry/src/index.crates.io-6f17d22bba15001f/os_str_bytes-6.6.1/src/raw_str.rs:17:5\n   |\n17 | use std::ops::RangeFull;\n   |     ^^^ can't find crate\n   |\n   = note: the `loongarch64-unknown-none` target may not support the standard library\n   = help: consider building the standard library from source with `cargo build -Zbuild-std`\n\nerror[E0463]: can't find crate for `std`\n  --> /home/runner/.cargo/registry/src/index.crates.io-6f17d22bba15001f/os_str_bytes-6.6.1/src/raw_str.rs:18:5\n   |\n18 | use std::ops::RangeInclusive;\n   |     ^^^ can't find crate\n   |\n   = note: the `loongarch64-unknown-none` target may not support the standard library\n   = help: consider building the standard library from source with `cargo build -Zbuild-std`\n\nerror[E0463]: can't find crate for `std`\n  --> /home/runner/.cargo/registry/src/index.crates.io-6f17d22bba15001f/os_str_bytes-6.6.1/src/raw_str.rs:19:5\n   |\n19 | use std::ops::RangeTo;\n   |     ^^^ can't find crate\n   |\n   = note: the `loongarch64-unknown-none` target may not support the standard library\n   = help: consider building the standard library from source with `cargo build -Zbuild-std`\n\nerror[E0463]: can't find crate for `std`\n  --> /home/runner/.cargo/registry/src/index.crates.io-6f17d22bba15001f/os_str_bytes-6.6.1/src/raw_str.rs:20:5\n   |\n20 | use std::ops::RangeToInclusive;\n   |     ^^^ can't find crate\n   |\n   = note: the `loongarch64-unknown-none` target may not support the standard library\n   = help: consider building the standard library from source with `cargo build -Zbuild-std`\n\nerror[E0463]: can't find crate for `std`\n  --> /home/runner/.cargo/registry/src/index.crates.io-6f17d22bba15001f/os_str_bytes-6.6.1/src/raw_str.rs:21:5\n   |\n21 | use std::result;\n   |     ^^^ can't find crate\n   |\n   = note: the `loongarch64-unknown-none` target may not support the standard library\n   = help: consider building the standard library from source with `cargo build -Zbuild-std`\n\nerror[E0463]: can't find crate for `std`\n  --> /home/runner/.cargo/registry/src/index.crates.io-6f17d22bba15001f/os_str_bytes-6.6.1/src/raw_str.rs:22:5\n   |\n22 | use std::str;\n   |     ^^^ can't find crate\n   |\n   = note: the `loongarch64-unknown-none` target may not support the standard library\n   = help: consider building the standard library from source with `cargo build -Zbuild-std`\n\nerror[E0463]: can't find crate for `std`\n    --> /home/runner/.cargo/registry/src/index.crates.io-6f17d22bba15001f/os_str_bytes-6.6.1/src/lib.rs:1171:13\n     |\n1171 |         use std::borrow::Cow;\n     |             ^^^ can't find crate\n     |\n     = note: the `loongarch64-unknown-none` target may not support the standard library\n     = help: consider building the standard library from source with `cargo build -Zbuild-std`\n\nerror: cannot find macro `unreachable` in this scope\n  --> /home/runner/.cargo/registry/src/index.crates.io-6f17d22bba15001f/os_str_bytes-6.6.1/src/common/raw.rs:27:9\n   |\n27 |         unreachable!();\n   |         ^^^^^^^^^^^\n   |\nhelp: consider importing this macro\n   |\n1  + use core::unreachable;\n   |\n\nerror: cannot find macro `write` in this scope\n  --> /home/runner/.cargo/registry/src/index.crates.io-6f17d22bba15001f/os_str_bytes-6.6.1/src/common/raw.rs:50:9\n   |\n50 |         write!(f, \"\\\\x{:02X}\", byte)?;\n   |         ^^^^^\n   |\nhelp: consider importing this macro\n   |\n1  + use core::write;\n   |\n\nerror: cannot find macro `assert` in this scope\n  --> /home/runner/.cargo/registry/src/index.crates.io-6f17d22bba15001f/os_str_bytes-6.6.1/src/iter.rs:35:9\n   |\n35 |         assert!(\n   |         ^^^^^^\n   |\nhelp: consider importing this macro\n   |\n5  + use core::assert;\n   |\n\nerror: cannot find attribute `derive` in this scope\n --> /home/runner/.cargo/registry/src/index.crates.io-6f17d22bba15001f/os_str_bytes-6.6.1/src/pattern.rs:9:3\n  |\n9 | #[derive(Clone, Debug)]\n  |   ^^^^^^\n  |\nhelp: consider importing this attribute macro\n  |\n1 + use core::prelude::rust_2024::derive;\n  |\n\nerror: cannot find macro `unreachable` in this scope\n  --> /home/runner/.cargo/registry/src/index.crates.io-6f17d22bba15001f/os_str_bytes-6.6.1/src/raw_str.rs:84:13\n   |\n84 |             unreachable!();\n   |             ^^^^^^^^^^^\n   |\nhelp: consider importing this macro\n   |\n3  + use core::unreachable;\n   |\n\nerror: cannot find attribute `derive` in this scope\n   --> /home/runner/.cargo/registry/src/index.crates.io-6f17d22bba15001f/os_str_bytes-6.6.1/src/raw_str.rs:127:3\n    |\n127 | #[derive(Eq, Hash, Ord, PartialEq, PartialOrd)]\n    |   ^^^^^^\n    |\nhelp: consider importing this attribute macro\n    |\n3   + use core::prelude::rust_2024::derive;\n    |\n\nerror: cannot find macro `cfg` in this scope\n   --> /home/runner/.cargo/registry/src/index.crates.io-6f17d22bba15001f/os_str_bytes-6.6.1/src/raw_str.rs:526:20\n    |\n526 |                 if cfg!(debug_assertions) {\n    |                    ^^^\n    |\n    = note: `cfg` is in scope, but it is an attribute: `#[cfg]`\nhelp: consider importing this macro\n    |\n3   + use core::cfg;\n    |\n\nerror: cannot find macro `unreachable` in this scope\n   --> /home/runner/.cargo/registry/src/index.crates.io-6f17d22bba15001f/os_str_bytes-6.6.1/src/raw_str.rs:592:21\n    |\n592 |                     unreachable!();\n    |                     ^^^^^^^^^^^\n    |\nhelp: consider importing this macro\n    |\n3   + use core::unreachable;\n    |\n\nerror: cannot find macro `debug_assert` in this scope\n   --> /home/runner/.cargo/registry/src/index.crates.io-6f17d22bba15001f/os_str_bytes-6.6.1/src/raw_str.rs:836:9\n    |\n836 |         debug_assert!(index < self.0.len());\n    |         ^^^^^^^^^^^^\n    |\nhelp: consider importing this macro\n    |\n3   + use core::debug_assert;\n    |\n\nerror: cannot find macro `debug_assert` in this scope\n   --> /home/runner/.cargo/registry/src/index.crates.io-6f17d22bba15001f/os_str_bytes-6.6.1/src/raw_str.rs:883:9\n    |\n883 |         debug_assert!(!self.is_boundary(index));\n    |         ^^^^^^^^^^^^\n    |\nhelp: consider importing this macro\n    |\n3   + use core::debug_assert;\n    |\n\nerror: cannot find macro `panic` in this scope\n   --> /home/runner/.cargo/registry/src/index.crates.io-6f17d22bba15001f/os_str_bytes-6.6.1/src/raw_str.rs:899:13\n    |\n899 |             panic!(\n    |             ^^^^^\n    |\nhelp: consider importing this macro\n    |\n3   + use core::panic;\n    |\n\nerror: cannot find attribute `derive` in this scope\n    --> /home/runner/.cargo/registry/src/index.crates.io-6f17d22bba15001f/os_str_bytes-6.6.1/src/raw_str.rs:1492:3\n     |\n1492 | #[derive(Clone, Default, Eq, Hash, Ord, PartialEq, PartialOrd)]\n     |   ^^^^^^\n     |\nhelp: consider importing this attribute macro\n     |\n3    + use core::prelude::rust_2024::derive;\n     |\n\nerror: cannot find macro `cfg` in this scope\n    --> /home/runner/.cargo/registry/src/index.crates.io-6f17d22bba15001f/os_str_bytes-6.6.1/src/raw_str.rs:1713:20\n     |\n1713 |                 if cfg!(debug_assertions) {\n     |                    ^^^\n     |\n     = note: `cfg` is in scope, but it is an attribute: `#[cfg]`\nhelp: consider importing this macro\n     |\n3    + use core::cfg;\n     |\n\nerror: cannot find macro `stringify` in this scope\n    --> /home/runner/.cargo/registry/src/index.crates.io-6f17d22bba15001f/os_str_bytes-6.6.1/src/raw_str.rs:2057:31\n     |\n2057 |                 f.debug_tuple(stringify!($type))\n     |                               ^^^^^^^^^\n...\n2064 | r#impl!(RawOsStr);\n     | ----------------- in this macro invocation\n     |\n     = note: this error originates in the macro `impl` (in Nightly builds, run with -Z macro-backtrace for more info)\nhelp: consider importing this macro\n     |\n3    + use core::stringify;\n     |\n\nerror: cannot find macro `stringify` in this scope\n    --> /home/runner/.cargo/registry/src/index.crates.io-6f17d22bba15001f/os_str_bytes-6.6.1/src/raw_str.rs:2057:31\n     |\n2057 |                 f.debug_tuple(stringify!($type))\n     |                               ^^^^^^^^^\n...\n2065 | r#impl!(RawOsString);\n     | -------------------- in this macro invocation\n     |\n     = note: this error originates in the macro `impl` (in Nightly builds, run with -Z macro-backtrace for more info)\nhelp: consider importing this macro\n     |\n3    + use core::stringify;\n     |\n\nerror: cannot find attribute `derive` in this scope\n   --> /home/runner/.cargo/registry/src/index.crates.io-6f17d22bba15001f/os_str_bytes-6.6.1/src/lib.rs:402:7\n    |\n402 |     #[derive(Clone, Debug, Eq, PartialEq)]\n    |       ^^^^^^\n    |\nhelp: consider importing this attribute macro\n    |\n225 + use core::prelude::rust_2024::derive;\n    |\n\nerror[E0425]: cannot find function, tuple struct or tuple variant `Ok` in this scope\n  --> /home/runner/.cargo/registry/src/index.crates.io-6f17d22bba15001f/os_str_bytes-6.6.1/src/common/raw.rs:20:9\n   |\n20 |         Ok(())\n   |         ^^ not found in this scope\n   |\nhelp: consider importing this tuple variant\n   |\n1  + use core::result::Result::Ok;\n   |\n\nerror[E0425]: cannot find function, tuple struct or tuple variant `Ok` in this scope\n  --> /home/runner/.cargo/registry/src/index.crates.io-6f17d22bba15001f/os_str_bytes-6.6.1/src/common/raw.rs:52:5\n   |\n52 |     Ok(())\n   |     ^^ not found in this scope\n   |\nhelp: consider importing this tuple variant\n   |\n1  + use core::result::Result::Ok;\n   |\n\nerror[E0425]: cannot find function, tuple struct or tuple variant `Ok` in this scope\n  --> /home/runner/.cargo/registry/src/index.crates.io-6f17d22bba15001f/os_str_bytes-6.6.1/src/common/mod.rs:32:5\n   |\n32 |     Ok(Cow::Borrowed(OsStrExt::from_bytes(string)))\n   |     ^^ not found in this scope\n   |\nhelp: consider importing this tuple variant\n   |\n1  + use core::result::Result::Ok;\n   |\n\nerror[E0412]: cannot find type `Vec` in this scope\n  --> /home/runner/.cargo/registry/src/index.crates.io-6f17d22bba15001f/os_str_bytes-6.6.1/src/common/mod.rs:39:42\n   |\n39 | pub(super) fn os_string_from_vec(string: Vec<u8>) -> Result<OsString> {\n   |                                          ^^^ not found in this scope\n\nerror[E0425]: cannot find function, tuple struct or tuple variant `Ok` in this scope\n  --> /home/runner/.cargo/registry/src/index.crates.io-6f17d22bba15001f/os_str_bytes-6.6.1/src/common/mod.rs:40:5\n   |\n40 |     Ok(OsStringExt::from_vec(string))\n   |     ^^ not found in this scope\n   |\nhelp: consider importing this tuple variant\n   |\n1  + use core::result::Result::Ok;\n   |\n\nerror[E0412]: cannot find type `Vec` in this scope\n  --> /home/runner/.cargo/registry/src/index.crates.io-6f17d22bba15001f/os_str_bytes-6.6.1/src/common/mod.rs:43:58\n   |\n43 | pub(super) fn os_string_into_vec(os_string: OsString) -> Vec<u8> {\n   |                                                          ^^^ not found in this scope\n\nerror[E0412]: cannot find type `Option` in this scope\n  --> /home/runner/.cargo/registry/src/index.crates.io-6f17d22bba15001f/os_str_bytes-6.6.1/src/iter.rs:24:13\n   |\n24 |     string: Option<&'a RawOsStr>,\n   |             ^^^^^^ not found in this scope\n   |\nhelp: consider importing this enum\n   |\n5  + use core::option::Option;\n   |\n\nerror[E0425]: cannot find function, tuple struct or tuple variant `Some` in this scope\n  --> /home/runner/.cargo/registry/src/index.crates.io-6f17d22bba15001f/os_str_bytes-6.6.1/src/iter.rs:40:21\n   |\n40 |             string: Some(string),\n   |                     ^^^^ not found in this scope\n   |\nhelp: consider importing this tuple variant\n   |\n5  + use core::option::Option::Some;\n   |\n\nerror[E0405]: cannot find trait `Clone` in this scope\n  --> /home/runner/.cargo/registry/src/index.crates.io-6f17d22bba15001f/os_str_bytes-6.6.1/src/iter.rs:62:9\n   |\n62 | impl<P> Clone for RawSplit<'_, P>\n   |         ^^^^^ not found in this scope\n   |\nhelp: consider importing this trait\n   |\n5  + use core::clone::Clone;\n   |\n\nerror[E0405]: cannot find trait `DoubleEndedIterator` in this scope\n  --> /home/runner/.cargo/registry/src/index.crates.io-6f17d22bba15001f/os_str_bytes-6.6.1/src/iter.rs:88:9\n   |\n88 | impl<P> DoubleEndedIterator for RawSplit<'_, P>\n   |         ^^^^^^^^^^^^^^^^^^^ not found in this scope\n   |\nhelp: consider importing this trait\n   |\n5  + use core::iter::DoubleEndedIterator;\n   |\n\nerror[E0412]: cannot find type `Option` in this scope\n  --> /home/runner/.cargo/registry/src/index.crates.io-6f17d22bba15001f/os_str_bytes-6.6.1/src/iter.rs:92:32\n   |\n92 |     fn next_back(&mut self) -> Option<Self::Item> {\n   |                                ^^^^^^ not found in this scope\n   |\nhelp: consider importing this enum\n   |\n5  + use core::option::Option;\n   |\n\nerror[E0425]: cannot find function, tuple struct or tuple variant `Some` in this scope\n  --> /home/runner/.cargo/registry/src/index.crates.io-6f17d22bba15001f/os_str_bytes-6.6.1/src/iter.rs:55:32\n   |\n55 |                 $self.string = Some(string);\n   |                                ^^^^ not found in this scope\n...\n93 |         impl_next!(self, rsplit_once_raw, true)\n   |         --------------------------------------- in this macro invocation\n   |\n   = note: this error originates in the macro `impl_next` (in Nightly builds, run with -Z macro-backtrace for more info)\nhelp: consider importing this tuple variant\n   |\n5  + use core::option::Option::Some;\n   |\n\nerror[E0405]: cannot find trait `Iterator` in this scope\n  --> /home/runner/.cargo/registry/src/index.crates.io-6f17d22bba15001f/os_str_bytes-6.6.1/src/iter.rs:99:13\n   |\n99 | impl<'a, P> Iterator for RawSplit<'a, P>\n   |             ^^^^^^^^ not found in this scope\n   |\nhelp: consider importing this trait\n   |\n5  + use core::iter::Iterator;\n   |\n\nerror[E0412]: cannot find type `Option` in this scope\n   --> /home/runner/.cargo/registry/src/index.crates.io-6f17d22bba15001f/os_str_bytes-6.6.1/src/iter.rs:106:26\n    |\n106 |     fn last(mut self) -> Option<Self::Item> {\n    |                          ^^^^^^ not found in this scope\n    |\nhelp: consider importing this enum\n    |\n5   + use core::option::Option;\n    |\n\nerror[E0412]: cannot find type `Option` in this scope\n   --> /home/runner/.cargo/registry/src/index.crates.io-6f17d22bba15001f/os_str_bytes-6.6.1/src/iter.rs:110:27\n    |\n110 |     fn next(&mut self) -> Option<Self::Item> {\n    |                           ^^^^^^ not found in this scope\n    |\nhelp: consider importing this enum\n    |\n5   + use core::option::Option;\n    |\n\nerror[E0425]: cannot find function, tuple struct or tuple variant `Some` in this scope\n   --> /home/runner/.cargo/registry/src/index.crates.io-6f17d22bba15001f/os_str_bytes-6.6.1/src/iter.rs:55:32\n    |\n55  |                 $self.string = Some(string);\n    |                                ^^^^ not found in this scope\n...\n111 |         impl_next!(self, split_once_raw, false)\n    |         --------------------------------------- in this macro invocation\n    |\n    = note: this error originates in the macro `impl_next` (in Nightly builds, run with -Z macro-backtrace for more info)\nhelp: consider importing this tuple variant\n    |\n5   + use core::option::Option::Some;\n    |\n\nerror[E0405]: cannot find trait `Clone` in this scope\n  --> /home/runner/.cargo/registry/src/index.crates.io-6f17d22bba15001f/os_str_bytes-6.6.1/src/pattern.rs:38:21\n   |\n38 |     type __Encoded: Clone + Debug + Encoded;\n   |                     ^^^^^ not found in this scope\n   |\nhelp: consider importing this trait\n   |\n1  + use core::clone::Clone;\n   |\n\nerror[E0412]: cannot find type `String` in this scope\n  --> /home/runner/.cargo/registry/src/index.crates.io-6f17d22bba15001f/os_str_bytes-6.6.1/src/pattern.rs:65:26\n   |\n65 | impl<'a> Pattern for &'a String {\n   |                          ^^^^^^ not found in this scope\n\nerror[E0412]: cannot find type `Option` in this scope\n  --> /home/runner/.cargo/registry/src/index.crates.io-6f17d22bba15001f/os_str_bytes-6.6.1/src/raw_str.rs:46:39\n   |\n46 | fn find(string: &[u8], pat: &[u8]) -> Option<usize> {\n   |                                       ^^^^^^ not found in this scope\n   |\nhelp: consider importing this enum\n   |\n3  + use core::option::Option;\n   |\n\nerror[E0412]: cannot find type `Option` in this scope\n  --> /home/runner/.cargo/registry/src/index.crates.io-6f17d22bba15001f/os_str_bytes-6.6.1/src/raw_str.rs:52:40\n   |\n52 | fn rfind(string: &[u8], pat: &[u8]) -> Option<usize> {\n   |                                        ^^^^^^ not found in this scope\n   |\nhelp: consider importing this enum\n   |\n3  + use core::option::Option;\n   |\n\nerror[E0405]: cannot find trait `Sized` in this scope\n  --> /home/runner/.cargo/registry/src/index.crates.io-6f17d22bba15001f/os_str_bytes-6.6.1/src/raw_str.rs:62:13\n   |\n62 |         R: ?Sized + TransmuteBox,\n   |             ^^^^^ not found in this scope\n   |\nhelp: consider importing this trait\n   |\n3  + use core::marker::Sized;\n   |\n\nerror[E0412]: cannot find type `Box` in this scope\n  --> /home/runner/.cargo/registry/src/index.crates.io-6f17d22bba15001f/os_str_bytes-6.6.1/src/raw_str.rs:60:31\n   |\n60 |     fn transmute_box<R>(self: Box<Self>) -> Box<R>\n   |                               ^^^ not found in this scope\n\nerror[E0412]: cannot find type `Box` in this scope\n  --> /home/runner/.cargo/registry/src/index.crates.io-6f17d22bba15001f/os_str_bytes-6.6.1/src/raw_str.rs:60:45\n   |\n60 |     fn transmute_box<R>(self: Box<Self>) -> Box<R>\n   |                                             ^^^ not found in this scope\n\nerror[E0412]: cannot find type `Option` in this scope\n   --> /home/runner/.cargo/registry/src/index.crates.io-6f17d22bba15001f/os_str_bytes-6.6.1/src/raw_str.rs:703:38\n    |\n703 |     pub fn find<P>(&self, pat: P) -> Option<usize>\n    |                                      ^^^^^^ not found in this scope\n    |\nhelp: consider importing this enum\n    |\n3   + use core::option::Option;\n    |\n\nerror[E0412]: cannot find type `Option` in this scope\n   --> /home/runner/.cargo/registry/src/index.crates.io-6f17d22bba15001f/os_str_bytes-6.6.1/src/raw_str.rs:778:39\n    |\n778 |     pub fn rfind<P>(&self, pat: P) -> Option<usize>\n    |                                       ^^^^^^ not found in this scope\n    |\nhelp: consider importing this enum\n    |\n3   + use core::option::Option;\n    |\n\nerror[E0405]: cannot find trait `FnOnce` in this scope\n   --> /home/runner/.cargo/registry/src/index.crates.io-6f17d22bba15001f/os_str_bytes-6.6.1/src/raw_str.rs:794:12\n    |\n794 |         F: FnOnce(&[u8], &[u8]) -> Option<usize>,\n    |            ^^^^^^ not found in this scope\n    |\nhelp: consider importing this trait\n    |\n3   + use core::ops::FnOnce;\n    |\n\nerror[E0412]: cannot find type `Option` in this scope\n   --> /home/runner/.cargo/registry/src/index.crates.io-6f17d22bba15001f/os_str_bytes-6.6.1/src/raw_str.rs:794:36\n    |\n794 |         F: FnOnce(&[u8], &[u8]) -> Option<usize>,\n    |                                    ^^^^^^ not found in this scope\n    |\nhelp: consider importing this enum\n    |\n3   + use core::option::Option;\n    |\n\nerror[E0412]: cannot find type `Option` in this scope\n   --> /home/runner/.cargo/registry/src/index.crates.io-6f17d22bba15001f/os_str_bytes-6.6.1/src/raw_str.rs:792:10\n    |\n792 |     ) -> Option<(&Self, &Self)>\n    |          ^^^^^^ not found in this scope\n    |\nhelp: consider importing this enum\n    |\n3   + use core::option::Option;\n    |\n\nerror[E0425]: cannot find function, tuple struct or tuple variant `Some` in this scope\n   --> /home/runner/.cargo/registry/src/index.crates.io-6f17d22bba15001f/os_str_bytes-6.6.1/src/raw_str.rs:802:9\n    |\n802 |         Some((Self::from_inner(prefix), Self::from_inner(suffix)))\n    |         ^^^^ not found in this scope\n    |\nhelp: consider importing this tuple variant\n    |\n3   + use core::option::Option::Some;\n    |\n\nerror[E0412]: cannot find type `Option` in this scope\n   --> /home/runner/.cargo/registry/src/index.crates.io-6f17d22bba15001f/os_str_bytes-6.6.1/src/raw_str.rs:805:57\n    |\n805 |     pub(super) fn rsplit_once_raw<P>(&self, pat: &P) -> Option<(&Self, &Self)>\n    |                                                         ^^^^^^ not found in this scope\n    |\nhelp: consider importing this enum\n    |\n3   + use core::option::Option;\n    |\n\nerror[E0412]: cannot find type `Option` in this scope\n   --> /home/runner/.cargo/registry/src/index.crates.io-6f17d22bba15001f/os_str_bytes-6.6.1/src/raw_str.rs:828:45\n    |\n828 |     pub fn rsplit_once<P>(&self, pat: P) -> Option<(&Self, &Self)>\n    |                                             ^^^^^^ not found in this scope\n    |\nhelp: consider importing this enum\n    |\n3   + use core::option::Option;\n    |\n\nerror[E0412]: cannot find type `Option` in this scope\n   --> /home/runner/.cargo/registry/src/index.crates.io-6f17d22bba15001f/os_str_bytes-6.6.1/src/raw_str.rs:967:56\n    |\n967 |     pub(super) fn split_once_raw<P>(&self, pat: &P) -> Option<(&Self, &Self)>\n    |                                                        ^^^^^^ not found in this scope\n    |\nhelp: consider importing this enum\n    |\n3   + use core::option::Option;\n    |\n\nerror[E0412]: cannot find type `Option` in this scope\n   --> /home/runner/.cargo/registry/src/index.crates.io-6f17d22bba15001f/os_str_bytes-6.6.1/src/raw_str.rs:990:44\n    |\n990 |     pub fn split_once<P>(&self, pat: P) -> Option<(&Self, &Self)>\n    |                                            ^^^^^^ not found in this scope\n    |\nhelp: consider importing this enum\n    |\n3   + use core::option::Option;\n    |\n\nerror[E0412]: cannot find type `Option` in this scope\n    --> /home/runner/.cargo/registry/src/index.crates.io-6f17d22bba15001f/os_str_bytes-6.6.1/src/raw_str.rs:1057:46\n     |\n1057 |     pub fn strip_prefix<P>(&self, pat: P) -> Option<&Self>\n     |                                              ^^^^^^ not found in this scope\n     |\nhelp: consider importing this enum\n     |\n3    + use core::option::Option;\n     |\n\nerror[E0412]: cannot find type `Option` in this scope\n    --> /home/runner/.cargo/registry/src/index.crates.io-6f17d22bba15001f/os_str_bytes-6.6.1/src/raw_str.rs:1083:46\n     |\n1083 |     pub fn strip_suffix<P>(&self, pat: P) -> Option<&Self>\n     |                                              ^^^^^^ not found in this scope\n     |\nhelp: consider importing this enum\n     |\n3    + use core::option::Option;\n     |\n\nerror[E0412]: cannot find type `Option` in this scope\n    --> /home/runner/.cargo/registry/src/index.crates.io-6f17d22bba15001f/os_str_bytes-6.6.1/src/raw_str.rs:1171:29\n     |\n1171 |     pub fn to_str(&self) -> Option<&str> {\n     |                             ^^^^^^ not found in this scope\n     |\nhelp: consider importing this enum\n     |\n3    + use core::option::Option;\n     |\n\nerror[E0405]: cannot find trait `Fn` in this scope\n    --> /home/runner/.cargo/registry/src/index.crates.io-6f17d22bba15001f/os_str_bytes-6.6.1/src/raw_str.rs:1206:20\n     |\n1206 |         F: for<'a> Fn(&'a [u8], &[u8]) -> Option<&'a [u8]>,\n     |                    ^^ not found in this scope\n     |\nhelp: consider importing this trait\n     |\n3    + use core::ops::Fn;\n     |\n\nerror[E0412]: cannot find type `Option` in this scope\n    --> /home/runner/.cargo/registry/src/index.crates.io-6f17d22bba15001f/os_str_bytes-6.6.1/src/raw_str.rs:1206:43\n     |\n1206 |         F: for<'a> Fn(&'a [u8], &[u8]) -> Option<&'a [u8]>,\n     |                                           ^^^^^^ not found in this scope\n     |\nhelp: consider importing this enum\n     |\n3    + use core::option::Option;\n     |\n\nerror[E0531]: cannot find tuple struct or tuple variant `Some` in this scope\n    --> /home/runner/.cargo/registry/src/index.crates.io-6f17d22bba15001f/os_str_bytes-6.6.1/src/raw_str.rs:1215:19\n     |\n1215 |         while let Some(substring) = strip_fn(string, pat) {\n     |                   ^^^^ not found in this scope\n     |\nhelp: consider importing this tuple variant\n     |\n3    + use core::option::Option::Some;\n     |\n\nerror[E0405]: cannot find trait `AsRef` in this scope\n    --> /home/runner/.cargo/registry/src/index.crates.io-6f17d22bba15001f/os_str_bytes-6.6.1/src/raw_str.rs:1297:6\n     |\n1297 | impl AsRef<Self> for RawOsStr {\n     |      ^^^^^ not found in this scope\n     |\nhelp: consider importing this trait\n     |\n3    + use core::convert::AsRef;\n     |\n\nerror[E0405]: cannot find trait `AsRef` in this scope\n    --> /home/runner/.cargo/registry/src/index.crates.io-6f17d22bba15001f/os_str_bytes-6.6.1/src/raw_str.rs:1332:6\n     |\n1332 | impl AsRef<RawOsStr> for str {\n     |      ^^^^^ not found in this scope\n     |\nhelp: consider importing this trait\n     |\n3    + use core::convert::AsRef;\n     |\n\nerror[E0405]: cannot find trait `AsRef` in this scope\n    --> /home/runner/.cargo/registry/src/index.crates.io-6f17d22bba15001f/os_str_bytes-6.6.1/src/raw_str.rs:1339:6\n     |\n1339 | impl AsRef<RawOsStr> for String {\n     |      ^^^^^ not found in this scope\n     |\nhelp: consider importing this trait\n     |\n3    + use core::convert::AsRef;\n     |\n\nerror[E0412]: cannot find type `String` in this scope\n    --> /home/runner/.cargo/registry/src/index.crates.io-6f17d22bba15001f/os_str_bytes-6.6.1/src/raw_str.rs:1339:26\n     |\n1339 | impl AsRef<RawOsStr> for String {\n     |                          ^^^^^^ not found in this scope\n\nerror[E0405]: cannot find trait `Default` in this scope\n    --> /home/runner/.cargo/registry/src/index.crates.io-6f17d22bba15001f/os_str_bytes-6.6.1/src/raw_str.rs:1346:6\n     |\n1346 | impl Default for &RawOsStr {\n     |      ^^^^^^^ not found in this scope\n     |\nhelp: consider importing this trait\n     |\n3    + use core::default::Default;\n     |\n\nerror[E0405]: cannot find trait `From` in this scope\n    --> /home/runner/.cargo/registry/src/index.crates.io-6f17d22bba15001f/os_str_bytes-6.6.1/src/raw_str.rs:1353:10\n     |\n1353 | impl<'a> From<&'a RawOsStr> for Cow<'a, RawOsStr> {\n     |          ^^^^ not found in this scope\n     |\nhelp: consider importing this trait\n     |\n3    + use core::convert::From;\n     |\n\nerror[E0405]: cannot find trait `From` in this scope\n    --> /home/runner/.cargo/registry/src/index.crates.io-6f17d22bba15001f/os_str_bytes-6.6.1/src/raw_str.rs:1360:6\n     |\n1360 | impl From<Box<str>> for Box<RawOsStr> {\n     |      ^^^^ not found in this scope\n     |\nhelp: consider importing this trait\n     |\n3    + use core::convert::From;\n     |\n\nerror[E0412]: cannot find type `Box` in this scope\n    --> /home/runner/.cargo/registry/src/index.crates.io-6f17d22bba15001f/os_str_bytes-6.6.1/src/raw_str.rs:1360:11\n     |\n1360 | impl From<Box<str>> for Box<RawOsStr> {\n     |           ^^^ not found in this scope\n\nerror[E0412]: cannot find type `Box` in this scope\n    --> /home/runner/.cargo/registry/src/index.crates.io-6f17d22bba15001f/os_str_bytes-6.6.1/src/raw_str.rs:1360:25\n     |\n1360 | impl From<Box<str>> for Box<RawOsStr> {\n     |                         ^^^ not found in this scope\n\nerror[E0412]: cannot find type `Box` in this scope\n    --> /home/runner/.cargo/registry/src/index.crates.io-6f17d22bba15001f/os_str_bytes-6.6.1/src/raw_str.rs:1362:20\n     |\n1362 |     fn from(value: Box<str>) -> Self {\n     |                    ^^^ not found in this scope\n\nerror[E0412]: cannot find type `Vec` in this scope\n    --> /home/runner/.cargo/registry/src/index.crates.io-6f17d22bba15001f/os_str_bytes-6.6.1/src/raw_str.rs:1494:24\n     |\n1494 | pub struct RawOsString(Vec<u8>);\n     |                        ^^^ not found in this scope\n\nerror[E0412]: cannot find type `String` in this scope\n    --> /home/runner/.cargo/registry/src/index.crates.io-6f17d22bba15001f/os_str_bytes-6.6.1/src/raw_str.rs:1546:32\n     |\n1546 |     pub fn from_string(string: String) -> Self {\n     |                                ^^^^^^ not found in this scope\n\nerror[E0412]: cannot find type `Vec` in this scope\n    --> /home/runner/.cargo/registry/src/index.crates.io-6f17d22bba15001f/os_str_bytes-6.6.1/src/raw_str.rs:1578:37\n     |\n1578 |     fn from_raw_vec_checked(string: Vec<u8>) -> imp::Result<Self> {\n     |                                     ^^^ not found in this scope\n\nerror[E0412]: cannot find type `Vec` in this scope\n    --> /home/runner/.cargo/registry/src/index.crates.io-6f17d22bba15001f/os_str_bytes-6.6.1/src/raw_str.rs:1616:44\n     |\n1616 |         pub fn assert_from_raw_vec(string: Vec<u8>) -> Self {\n     |                                            ^^^ not found in this scope\n\nerror[E0412]: cannot find type `Vec` in this scope\n    --> /home/runner/.cargo/registry/src/index.crates.io-6f17d22bba15001f/os_str_bytes-6.6.1/src/raw_str.rs:1708:54\n     |\n1708 |         pub unsafe fn from_raw_vec_unchecked(string: Vec<u8>) -> Self {\n     |                                                      ^^^ not found in this scope\n\nerror[E0412]: cannot find type `Box` in this scope\n    --> /home/runner/.cargo/registry/src/index.crates.io-6f17d22bba15001f/os_str_bytes-6.6.1/src/raw_str.rs:1757:30\n     |\n1757 |     pub fn into_box(self) -> Box<RawOsStr> {\n     |                              ^^^ not found in this scope\n\nerror[E0412]: cannot find type `Vec` in this scope\n    --> /home/runner/.cargo/registry/src/index.crates.io-6f17d22bba15001f/os_str_bytes-6.6.1/src/raw_str.rs:1838:38\n     |\n1838 |         pub fn into_raw_vec(self) -> Vec<u8> {\n     |                                      ^^^ not found in this scope\n\nerror[E0412]: cannot find type `String` in this scope\n    --> /home/runner/.cargo/registry/src/index.crates.io-6f17d22bba15001f/os_str_bytes-6.6.1/src/raw_str.rs:1858:48\n     |\n1858 |     pub fn into_string(self) -> result::Result<String, Self> {\n     |                                                ^^^^^^ not found in this scope\n     |\nhelp: you might be missing a type parameter\n     |\n1496 | impl<String> RawOsString {\n     |     ++++++++\n\nerror[E0405]: cannot find trait `AsRef` in this scope\n    --> /home/runner/.cargo/registry/src/index.crates.io-6f17d22bba15001f/os_str_bytes-6.6.1/src/raw_str.rs:1941:6\n     |\n1941 | impl AsRef<RawOsStr> for RawOsString {\n     |      ^^^^^ not found in this scope\n     |\nhelp: consider importing this trait\n     |\n3    + use core::convert::AsRef;\n     |\n\nerror[E0405]: cannot find trait `From` in this scope\n    --> /home/runner/.cargo/registry/src/index.crates.io-6f17d22bba15001f/os_str_bytes-6.6.1/src/raw_str.rs:1964:6\n     |\n1964 | impl From<RawOsString> for Box<RawOsStr> {\n     |      ^^^^ not found in this scope\n     |\nhelp: consider importing this trait\n     |\n3    + use core::convert::From;\n     |\n\nerror[E0412]: cannot find type `Box` in this scope\n    --> /home/runner/.cargo/registry/src/index.crates.io-6f17d22bba15001f/os_str_bytes-6.6.1/src/raw_str.rs:1964:28\n     |\n1964 | impl From<RawOsString> for Box<RawOsStr> {\n     |                            ^^^ not found in this scope\n\nerror[E0405]: cannot find trait `From` in this scope\n    --> /home/runner/.cargo/registry/src/index.crates.io-6f17d22bba15001f/os_str_bytes-6.6.1/src/raw_str.rs:1971:6\n     |\n1971 | impl From<Box<RawOsStr>> for RawOsString {\n     |      ^^^^ not found in this scope\n     |\nhelp: consider importing this trait\n     |\n3    + use core::convert::From;\n     |\n\nerror[E0412]: cannot find type `Box` in this scope\n    --> /home/runner/.cargo/registry/src/index.crates.io-6f17d22bba15001f/os_str_bytes-6.6.1/src/raw_str.rs:1971:11\n     |\n1971 | impl From<Box<RawOsStr>> for RawOsString {\n     |           ^^^ not found in this scope\n\nerror[E0412]: cannot find type `Box` in this scope\n    --> /home/runner/.cargo/registry/src/index.crates.io-6f17d22bba15001f/os_str_bytes-6.6.1/src/raw_str.rs:1973:20\n     |\n1973 |     fn from(value: Box<RawOsStr>) -> Self {\n     |                    ^^^ not found in this scope\n\nerror[E0405]: cannot find trait `From` in this scope\n    --> /home/runner/.cargo/registry/src/index.crates.io-6f17d22bba15001f/os_str_bytes-6.6.1/src/raw_str.rs:1978:6\n     |\n1978 | impl From<RawOsString> for Cow<'_, RawOsStr> {\n     |      ^^^^ not found in this scope\n     |\nhelp: consider importing this trait\n     |\n3    + use core::convert::From;\n     |\n\nerror[E0405]: cannot find trait `From` in this scope\n    --> /home/runner/.cargo/registry/src/index.crates.io-6f17d22bba15001f/os_str_bytes-6.6.1/src/raw_str.rs:2003:6\n     |\n2003 | impl From<String> for RawOsString {\n     |      ^^^^ not found in this scope\n     |\nhelp: consider importing this trait\n     |\n3    + use core::convert::From;\n     |\n\nerror[E0412]: cannot find type `String` in this scope\n    --> /home/runner/.cargo/registry/src/index.crates.io-6f17d22bba15001f/os_str_bytes-6.6.1/src/raw_str.rs:2003:11\n     |\n2003 | impl From<String> for RawOsString {\n     |           ^^^^^^ not found in this scope\n     |\nhelp: you might be missing a type parameter\n     |\n2003 | impl<String> From<String> for RawOsString {\n     |     ++++++++\n\nerror[E0412]: cannot find type `String` in this scope\n    --> /home/runner/.cargo/registry/src/index.crates.io-6f17d22bba15001f/os_str_bytes-6.6.1/src/raw_str.rs:2005:20\n     |\n2005 |     fn from(value: String) -> Self {\n     |                    ^^^^^^ not found in this scope\n\nerror[E0531]: cannot find tuple struct or tuple variant `Ok` in this scope\n    --> /home/runner/.cargo/registry/src/index.crates.io-6f17d22bba15001f/os_str_bytes-6.6.1/src/raw_str.rs:2022:17\n     |\n2022 |                 Ok(valid) => {\n     |                 ^^ not found in this scope\n     |\nhelp: consider importing this tuple variant\n     |\n3    + use core::result::Result::Ok;\n     |\n\nerror[E0531]: cannot find tuple struct or tuple variant `Err` in this scope\n    --> /home/runner/.cargo/registry/src/index.crates.io-6f17d22bba15001f/os_str_bytes-6.6.1/src/raw_str.rs:2026:17\n     |\n2026 |                 Err(error) => {\n     |                 ^^^ not found in this scope\n     |\nhelp: consider importing this tuple variant\n     |\n3    + use core::result::Result::Err;\n     |\n\nerror[E0405]: cannot find trait `PartialEq` in this scope\n    --> /home/runner/.cargo/registry/src/index.crates.io-6f17d22bba15001f/os_str_bytes-6.6.1/src/raw_str.rs:2105:14\n     |\n2105 |         impl PartialEq<$other_type> for $type {\n     |              ^^^^^^^^^ not found in this scope\n...\n2123 | r#impl!(RawOsStr, RawOsString);\n     | ------------------------------ in this macro invocation\n     |\n     = note: this error originates in the macro `impl` (in Nightly builds, run with -Z macro-backtrace for more info)\nhelp: consider importing this trait\n     |\n3    + use core::cmp::PartialEq;\n     |\n\nerror[E0405]: cannot find trait `PartialEq` in this scope\n    --> /home/runner/.cargo/registry/src/index.crates.io-6f17d22bba15001f/os_str_bytes-6.6.1/src/raw_str.rs:2115:14\n     |\n2115 |         impl PartialEq<$type> for $other_type {\n     |              ^^^^^^^^^ not found in this scope\n...\n2123 | r#impl!(RawOsStr, RawOsString);\n     | ------------------------------ in this macro invocation\n     |\n     = note: this error originates in the macro `impl` (in Nightly builds, run with -Z macro-backtrace for more info)\nhelp: consider importing this trait\n     |\n3    + use core::cmp::PartialEq;\n     |\n\nerror[E0405]: cannot find trait `PartialEq` in this scope\n    --> /home/runner/.cargo/registry/src/index.crates.io-6f17d22bba15001f/os_str_bytes-6.6.1/src/raw_str.rs:2105:14\n     |\n2105 |         impl PartialEq<$other_type> for $type {\n     |              ^^^^^^^^^ not found in this scope\n...\n2124 | r#impl!(RawOsStr, str);\n     | ---------------------- in this macro invocation\n     |\n     = note: this error originates in the macro `impl` (in Nightly builds, run with -Z macro-backtrace for more info)\nhelp: consider importing this trait\n     |\n3    + use core::cmp::PartialEq;\n     |\n\nerror[E0405]: cannot find trait `PartialEq` in this scope\n    --> /home/runner/.cargo/registry/src/index.crates.io-6f17d22bba15001f/os_str_bytes-6.6.1/src/raw_str.rs:2115:14\n     |\n2115 |         impl PartialEq<$type> for $other_type {\n     |              ^^^^^^^^^ not found in this scope\n...\n2124 | r#impl!(RawOsStr, str);\n     | ---------------------- in this macro invocation\n     |\n     = note: this error originates in the macro `impl` (in Nightly builds, run with -Z macro-backtrace for more info)\nhelp: consider importing this trait\n     |\n3    + use core::cmp::PartialEq;\n     |\n\nerror[E0405]: cannot find trait `PartialEq` in this scope\n    --> /home/runner/.cargo/registry/src/index.crates.io-6f17d22bba15001f/os_str_bytes-6.6.1/src/raw_str.rs:2105:14\n     |\n2105 |         impl PartialEq<$other_type> for $type {\n     |              ^^^^^^^^^ not found in this scope\n...\n2125 | r#impl!(RawOsStr, String);\n     | ------------------------- in this macro invocation\n     |\n     = note: this error originates in the macro `impl` (in Nightly builds, run with -Z macro-backtrace for more info)\nhelp: consider importing this trait\n     |\n3    + use core::cmp::PartialEq;\n     |\n\nerror[E0412]: cannot find type `String` in this scope\n    --> /home/runner/.cargo/registry/src/index.crates.io-6f17d22bba15001f/os_str_bytes-6.6.1/src/raw_str.rs:2125:19\n     |\n2125 | r#impl!(RawOsStr, String);\n     |                   ^^^^^^ not found in this scope\n\nerror[E0405]: cannot find trait `PartialEq` in this scope\n    --> /home/runner/.cargo/registry/src/index.crates.io-6f17d22bba15001f/os_str_bytes-6.6.1/src/raw_str.rs:2115:14\n     |\n2115 |         impl PartialEq<$type> for $other_type {\n     |              ^^^^^^^^^ not found in this scope\n...\n2125 | r#impl!(RawOsStr, String);\n     | ------------------------- in this macro invocation\n     |\n     = note: this error originates in the macro `impl` (in Nightly builds, run with -Z macro-backtrace for more info)\nhelp: consider importing this trait\n     |\n3    + use core::cmp::PartialEq;\n     |\n\nerror[E0405]: cannot find trait `PartialEq` in this scope\n    --> /home/runner/.cargo/registry/src/index.crates.io-6f17d22bba15001f/os_str_bytes-6.6.1/src/raw_str.rs:2105:14\n     |\n2105 |         impl PartialEq<$other_type> for $type {\n     |              ^^^^^^^^^ not found in this scope\n...\n2126 | r#impl!(&RawOsStr, RawOsString);\n     | ------------------------------- in this macro invocation\n     |\n     = note: this error originates in the macro `impl` (in Nightly builds, run with -Z macro-backtrace for more info)\nhelp: consider importing this trait\n     |\n3    + use core::cmp::PartialEq;\n     |\n\nerror[E0405]: cannot find trait `PartialEq` in this scope\n    --> /home/runner/.cargo/registry/src/index.crates.io-6f17d22bba15001f/os_str_bytes-6.6.1/src/raw_str.rs:2115:14\n     |\n2115 |         impl PartialEq<$type> for $other_type {\n     |              ^^^^^^^^^ not found in this scope\n...\n2126 | r#impl!(&RawOsStr, RawOsString);\n     | ------------------------------- in this macro invocation\n     |\n     = note: this error originates in the macro `impl` (in Nightly builds, run with -Z macro-backtrace for more info)\nhelp: consider importing this trait\n     |\n3    + use core::cmp::PartialEq;\n     |\n\nerror[E0405]: cannot find trait `PartialEq` in this scope\n    --> /home/runner/.cargo/registry/src/index.crates.io-6f17d22bba15001f/os_str_bytes-6.6.1/src/raw_str.rs:2105:14\n     |\n2105 |         impl PartialEq<$other_type> for $type {\n     |              ^^^^^^^^^ not found in this scope\n...\n2127 | r#impl!(&RawOsStr, String);\n     | -------------------------- in this macro invocation\n     |\n     = note: this error originates in the macro `impl` (in Nightly builds, run with -Z macro-backtrace for more info)\nhelp: consider importing this trait\n     |\n3    + use core::cmp::PartialEq;\n     |\n\nerror[E0412]: cannot find type `String` in this scope\n    --> /home/runner/.cargo/registry/src/index.crates.io-6f17d22bba15001f/os_str_bytes-6.6.1/src/raw_str.rs:2127:20\n     |\n2127 | r#impl!(&RawOsStr, String);\n     |                    ^^^^^^ not found in this scope\n\nerror[E0405]: cannot find trait `PartialEq` in this scope\n    --> /home/runner/.cargo/registry/src/index.crates.io-6f17d22bba15001f/os_str_bytes-6.6.1/src/raw_str.rs:2115:14\n     |\n2115 |         impl PartialEq<$type> for $other_type {\n     |              ^^^^^^^^^ not found in this scope\n...\n2127 | r#impl!(&RawOsStr, String);\n     | -------------------------- in this macro invocation\n     |\n     = note: this error originates in the macro `impl` (in Nightly builds, run with -Z macro-backtrace for more info)\nhelp: consider importing this trait\n     |\n3    + use core::cmp::PartialEq;\n     |\n\nerror[E0405]: cannot find trait `PartialEq` in this scope\n    --> /home/runner/.cargo/registry/src/index.crates.io-6f17d22bba15001f/os_str_bytes-6.6.1/src/raw_str.rs:2105:14\n     |\n2105 |         impl PartialEq<$other_type> for $type {\n     |              ^^^^^^^^^ not found in this scope\n...\n2128 | r#impl!(RawOsString, str);\n     | ------------------------- in this macro invocation\n     |\n     = note: this error originates in the macro `impl` (in Nightly builds, run with -Z macro-backtrace for more info)\nhelp: consider importing this trait\n     |\n3    + use core::cmp::PartialEq;\n     |\n\nerror[E0405]: cannot find trait `PartialEq` in this scope\n    --> /home/runner/.cargo/registry/src/index.crates.io-6f17d22bba15001f/os_str_bytes-6.6.1/src/raw_str.rs:2115:14\n     |\n2115 |         impl PartialEq<$type> for $other_type {\n     |              ^^^^^^^^^ not found in this scope\n...\n2128 | r#impl!(RawOsString, str);\n     | ------------------------- in this macro invocation\n     |\n     = note: this error originates in the macro `impl` (in Nightly builds, run with -Z macro-backtrace for more info)\nhelp: consider importing this trait\n     |\n3    + use core::cmp::PartialEq;\n     |\n\nerror[E0405]: cannot find trait `PartialEq` in this scope\n    --> /home/runner/.cargo/registry/src/index.crates.io-6f17d22bba15001f/os_str_bytes-6.6.1/src/raw_str.rs:2105:14\n     |\n2105 |         impl PartialEq<$other_type> for $type {\n     |              ^^^^^^^^^ not found in this scope\n...\n2129 | r#impl!(RawOsString, &str);\n     | -------------------------- in this macro invocation\n     |\n     = note: this error originates in the macro `impl` (in Nightly builds, run with -Z macro-backtrace for more info)\nhelp: consider importing this trait\n     |\n3    + use core::cmp::PartialEq;\n     |\n\nerror[E0405]: cannot find trait `PartialEq` in this scope\n    --> /home/runner/.cargo/registry/src/index.crates.io-6f17d22bba15001f/os_str_bytes-6.6.1/src/raw_str.rs:2115:14\n     |\n2115 |         impl PartialEq<$type> for $other_type {\n     |              ^^^^^^^^^ not found in this scope\n...\n2129 | r#impl!(RawOsString, &str);\n     | -------------------------- in this macro invocation\n     |\n     = note: this error originates in the macro `impl` (in Nightly builds, run with -Z macro-backtrace for more info)\nhelp: consider importing this trait\n     |\n3    + use core::cmp::PartialEq;\n     |\n\nerror[E0405]: cannot find trait `PartialEq` in this scope\n    --> /home/runner/.cargo/registry/src/index.crates.io-6f17d22bba15001f/os_str_bytes-6.6.1/src/raw_str.rs:2105:14\n     |\n2105 |         impl PartialEq<$other_type> for $type {\n     |              ^^^^^^^^^ not found in this scope\n...\n2130 | r#impl!(RawOsString, String);\n     | ---------------------------- in this macro invocation\n     |\n     = note: this error originates in the macro `impl` (in Nightly builds, run with -Z macro-backtrace for more info)\nhelp: consider importing this trait\n     |\n3    + use core::cmp::PartialEq;\n     |\n\nerror[E0412]: cannot find type `String` in this scope\n    --> /home/runner/.cargo/registry/src/index.crates.io-6f17d22bba15001f/os_str_bytes-6.6.1/src/raw_str.rs:2130:22\n     |\n2130 | r#impl!(RawOsString, String);\n     |                      ^^^^^^ not found in this scope\n\nerror[E0405]: cannot find trait `PartialEq` in this scope\n    --> /home/runner/.cargo/registry/src/index.crates.io-6f17d22bba15001f/os_str_bytes-6.6.1/src/raw_str.rs:2115:14\n     |\n2115 |         impl PartialEq<$type> for $other_type {\n     |              ^^^^^^^^^ not found in this scope\n...\n2130 | r#impl!(RawOsString, String);\n     | ---------------------------- in this macro invocation\n     |\n     = note: this error originates in the macro `impl` (in Nightly builds, run with -Z macro-backtrace for more info)\nhelp: consider importing this trait\n     |\n3    + use core::cmp::PartialEq;\n     |\n\nerror[E0405]: cannot find trait `Into` in this scope\n   --> /home/runner/.cargo/registry/src/index.crates.io-6f17d22bba15001f/os_str_bytes-6.6.1/src/lib.rs:423:8\n    |\n423 |     S: Into<Cow<'a, [u8]>>,\n    |        ^^^^ not found in this scope\n    |\nhelp: consider importing this trait\n    |\n225 + use core::convert::Into;\n    |\n\nerror[E0405]: cannot find trait `ToOwned` in this scope\n   --> /home/runner/.cargo/registry/src/index.crates.io-6f17d22bba15001f/os_str_bytes-6.6.1/src/lib.rs:446:45\n    |\n446 |     pub trait OsStrBytes: private::Sealed + ToOwned {\n    |                                             ^^^^^^^ not found in this scope\n\nerror[E0405]: cannot find trait `Into` in this scope\n   --> /home/runner/.cargo/registry/src/index.crates.io-6f17d22bba15001f/os_str_bytes-6.6.1/src/lib.rs:475:16\n    |\n475 |             S: Into<Cow<'a, [u8]>>;\n    |                ^^^^ not found in this scope\n    |\nhelp: consider importing this trait\n    |\n225 + use core::convert::Into;\n    |\n\nerror[E0405]: cannot find trait `Into` in this scope\n   --> /home/runner/.cargo/registry/src/index.crates.io-6f17d22bba15001f/os_str_bytes-6.6.1/src/lib.rs:513:20\n    |\n513 |                 S: Into<Cow<'a, [u8]>>;\n    |                    ^^^^ not found in this scope\n    |\nhelp: consider importing this trait\n    |\n225 + use core::convert::Into;\n    |\n\nerror[E0405]: cannot find trait `Into` in this scope\n   --> /home/runner/.cargo/registry/src/index.crates.io-6f17d22bba15001f/os_str_bytes-6.6.1/src/lib.rs:542:16\n    |\n542 |             S: Into<Cow<'a, [u8]>>,\n    |                ^^^^ not found in this scope\n    |\nhelp: consider importing this trait\n    |\n225 + use core::convert::Into;\n    |\n\nerror[E0405]: cannot find trait `Into` in this scope\n   --> /home/runner/.cargo/registry/src/index.crates.io-6f17d22bba15001f/os_str_bytes-6.6.1/src/lib.rs:550:16\n    |\n550 |             S: Into<Cow<'a, [u8]>>,\n    |                ^^^^ not found in this scope\n    |\nhelp: consider importing this trait\n    |\n225 + use core::convert::Into;\n    |\n\nerror[E0405]: cannot find trait `Into` in this scope\n   --> /home/runner/.cargo/registry/src/index.crates.io-6f17d22bba15001f/os_str_bytes-6.6.1/src/lib.rs:566:16\n    |\n566 |             S: Into<Cow<'a, [u8]>>,\n    |                ^^^^ not found in this scope\n    |\nhelp: consider importing this trait\n    |\n225 + use core::convert::Into;\n    |\n\nerror[E0405]: cannot find trait `Into` in this scope\n   --> /home/runner/.cargo/registry/src/index.crates.io-6f17d22bba15001f/os_str_bytes-6.6.1/src/lib.rs:574:16\n    |\n574 |             S: Into<Cow<'a, [u8]>>,\n    |                ^^^^ not found in this scope\n    |\nhelp: consider importing this trait\n    |\n225 + use core::convert::Into;\n    |\n\nerror[E0405]: cannot find trait `Sized` in this scope\n    --> /home/runner/.cargo/registry/src/index.crates.io-6f17d22bba15001f/os_str_bytes-6.6.1/src/lib.rs:1037:48\n     |\n1037 |     pub trait OsStringBytes: private::Sealed + Sized {\n     |                                                ^^^^^ not found in this scope\n     |\nhelp: consider importing this trait\n     |\n225  + use core::marker::Sized;\n     |\n\nerror[E0412]: cannot find type `Vec` in this scope\n    --> /home/runner/.cargo/registry/src/index.crates.io-6f17d22bba15001f/os_str_bytes-6.6.1/src/lib.rs:1064:40\n     |\n1064 |         fn assert_from_raw_vec(string: Vec<u8>) -> Self;\n     |                                        ^^^ not found in this scope\n\nerror[E0412]: cannot find type `Vec` in this scope\n    --> /home/runner/.cargo/registry/src/index.crates.io-6f17d22bba15001f/os_str_bytes-6.6.1/src/lib.rs:1103:37\n     |\n1103 |             fn from_raw_vec(string: Vec<u8>) -> Result<Self>;\n     |                                     ^^^ not found in this scope\n\nerror[E0412]: cannot find type `Vec` in this scope\n    --> /home/runner/.cargo/registry/src/index.crates.io-6f17d22bba15001f/os_str_bytes-6.6.1/src/lib.rs:1124:34\n     |\n1124 |         fn into_raw_vec(self) -> Vec<u8>;\n     |                                  ^^^ not found in this scope\n\nerror[E0412]: cannot find type `Vec` in this scope\n    --> /home/runner/.cargo/registry/src/index.crates.io-6f17d22bba15001f/os_str_bytes-6.6.1/src/lib.rs:1130:40\n     |\n1130 |         fn assert_from_raw_vec(string: Vec<u8>) -> Self {\n     |                                        ^^^ not found in this scope\n\nerror[E0412]: cannot find type `Vec` in this scope\n    --> /home/runner/.cargo/registry/src/index.crates.io-6f17d22bba15001f/os_str_bytes-6.6.1/src/lib.rs:1135:33\n     |\n1135 |         fn from_raw_vec(string: Vec<u8>) -> Result<Self> {\n     |                                 ^^^ not found in this scope\n\nerror[E0412]: cannot find type `Vec` in this scope\n    --> /home/runner/.cargo/registry/src/index.crates.io-6f17d22bba15001f/os_str_bytes-6.6.1/src/lib.rs:1140:34\n     |\n1140 |         fn into_raw_vec(self) -> Vec<u8> {\n     |                                  ^^^ not found in this scope\n\nerror[E0412]: cannot find type `Vec` in this scope\n    --> /home/runner/.cargo/registry/src/index.crates.io-6f17d22bba15001f/os_str_bytes-6.6.1/src/lib.rs:1148:40\n     |\n1148 |         fn assert_from_raw_vec(string: Vec<u8>) -> Self {\n     |                                        ^^^ not found in this scope\n\nerror[E0412]: cannot find type `Vec` in this scope\n    --> /home/runner/.cargo/registry/src/index.crates.io-6f17d22bba15001f/os_str_bytes-6.6.1/src/lib.rs:1153:33\n     |\n1153 |         fn from_raw_vec(string: Vec<u8>) -> Result<Self> {\n     |                                 ^^^ not found in this scope\n\nerror[E0433]: failed to resolve: use of undeclared type `Into`\n    --> /home/runner/.cargo/registry/src/index.crates.io-6f17d22bba15001f/os_str_bytes-6.6.1/src/lib.rs:1154:48\n     |\n1154 |             OsString::from_raw_vec(string).map(Into::into)\n     |                                                ^^^^ use of undeclared type `Into`\n     |\nhelp: consider importing this trait\n     |\n225  + use core::convert::Into;\n     |\n\nerror[E0412]: cannot find type `Vec` in this scope\n    --> /home/runner/.cargo/registry/src/index.crates.io-6f17d22bba15001f/os_str_bytes-6.6.1/src/lib.rs:1158:34\n     |\n1158 |         fn into_raw_vec(self) -> Vec<u8> {\n     |                                  ^^^ not found in this scope\n\nerror[E0412]: cannot find type `String` in this scope\n    --> /home/runner/.cargo/registry/src/index.crates.io-6f17d22bba15001f/os_str_bytes-6.6.1/src/lib.rs:1184:22\n     |\n1184 |     impl Sealed for &String {}\n     |                      ^^^^^^ not found in this scope\n\nerror: requires `sized` lang_item\n  --> /home/runner/.cargo/registry/src/index.crates.io-6f17d22bba15001f/os_str_bytes-6.6.1/src/common/mod.rs:31:41\n   |\n31 | pub(super) fn os_str_from_bytes(string: &[u8]) -> Result<Cow<'_, OsStr>> {\n   |                                         ^^^^^\n\nerror: requires `sized` lang_item\n  --> /home/runner/.cargo/registry/src/index.crates.io-6f17d22bba15001f/os_str_bytes-6.6.1/src/common/raw.rs:19:37\n   |\n19 |     pub(crate) fn validate_bytes(_: &[u8]) -> Result<()> {\n   |                                     ^^^^^\n\nerror: requires `sized` lang_item\n  --> /home/runner/.cargo/registry/src/index.crates.io-6f17d22bba15001f/os_str_bytes-6.6.1/src/common/raw.rs:26:40\n   |\n26 |     pub(crate) fn decode_code_point(_: &[u8]) -> u32 {\n   |                                        ^^^^^\n\nerror: requires `sized` lang_item\n  --> /home/runner/.cargo/registry/src/index.crates.io-6f17d22bba15001f/os_str_bytes-6.6.1/src/common/raw.rs:31:33\n   |\n31 | pub(crate) fn ends_with(string: &[u8], suffix: &[u8]) -> bool {\n   |                                 ^^^^^\n\nerror: requires `sized` lang_item\n  --> /home/runner/.cargo/registry/src/index.crates.io-6f17d22bba15001f/os_str_bytes-6.6.1/src/common/raw.rs:35:35\n   |\n35 | pub(crate) fn starts_with(string: &[u8], prefix: &[u8]) -> bool {\n   |                                   ^^^^^\n\nerror: requires `sized` lang_item\n  --> /home/runner/.cargo/registry/src/index.crates.io-6f17d22bba15001f/os_str_bytes-6.6.1/src/common/raw.rs:41:35\n   |\n41 | fn as_inner(string: &RawOsStr) -> &[u8] {\n   |                                   ^^^^^\n\nerror: requires `sized` lang_item\n\nerror: requires `sized` lang_item\n  --> /home/runner/.cargo/registry/src/index.crates.io-6f17d22bba15001f/os_str_bytes-6.6.1/src/pattern.rs:16:5\n   |\n16 |     fn __get(&self) -> &[u8] {\n   |     ^^^^^^^^^^^^^^^^^^^^^^^^\n\nerror: requires `sized` lang_item\n  --> /home/runner/.cargo/registry/src/index.crates.io-6f17d22bba15001f/os_str_bytes-6.6.1/src/pattern.rs:22:5\n   |\n22 |     fn __get(&self) -> &[u8] {\n   |     ^^^^^^^^^^^^^^^^^^^^^^^^\n\nerror: requires `sized` lang_item\n  --> /home/runner/.cargo/registry/src/index.crates.io-6f17d22bba15001f/os_str_bytes-6.6.1/src/raw_str.rs:46:17\n   |\n46 | fn find(string: &[u8], pat: &[u8]) -> Option<usize> {\n   |                 ^^^^^\n\nerror: requires `sized` lang_item\n  --> /home/runner/.cargo/registry/src/index.crates.io-6f17d22bba15001f/os_str_bytes-6.6.1/src/raw_str.rs:52:18\n   |\n52 | fn rfind(string: &[u8], pat: &[u8]) -> Option<usize> {\n   |                  ^^^^^\n\nerror: requires `sized` lang_item\n  --> /home/runner/.cargo/registry/src/index.crates.io-6f17d22bba15001f/os_str_bytes-6.6.1/src/raw_str.rs:73:30\n   |\n73 | unsafe impl TransmuteBox for [u8] {}\n   |                              ^^^^\n\nerror[E0581]: return type references an anonymous lifetime, which is not constrained by the fn input types\n  --> /home/runner/.cargo/registry/src/index.crates.io-6f17d22bba15001f/os_str_bytes-6.6.1/src/raw_str.rs:76:43\n   |\n76 | fn leak_cow(string: Cow<'_, RawOsStr>) -> &'_ RawOsStr {\n   |                                           ^^^^^^^^^^^^\n   |\n   = note: lifetimes appearing in an associated or opaque type are not considered constrained\n   = note: consider introducing a named lifetime parameter\n\nerror: requires `sized` lang_item\n   --> /home/runner/.cargo/registry/src/index.crates.io-6f17d22bba15001f/os_str_bytes-6.6.1/src/raw_str.rs:130:21\n    |\n130 | pub struct RawOsStr([u8]);\n    |                     ^^^^\n\nerror: requires `sized` lang_item\n    --> /home/runner/.cargo/registry/src/index.crates.io-6f17d22bba15001f/os_str_bytes-6.6.1/src/raw_str.rs:2010:24\n     |\n2010 | struct DebugBuffer<'a>(&'a [u8]);\n     |                        ^^^^^^^^\n\nerror[E0433]: failed to resolve: use of undeclared type `Box`\n  --> /home/runner/.cargo/registry/src/index.crates.io-6f17d22bba15001f/os_str_bytes-6.6.1/src/raw_str.rs:64:21\n   |\n64 |         let value = Box::into_raw(self);\n   |                     ^^^ use of undeclared type `Box`\n\nerror[E0433]: failed to resolve: use of undeclared type `Box`\n  --> /home/runner/.cargo/registry/src/index.crates.io-6f17d22bba15001f/os_str_bytes-6.6.1/src/raw_str.rs:67:18\n   |\n67 |         unsafe { Box::from_raw(mem::transmute_copy(&value)) }\n   |                  ^^^ use of undeclared type `Box`\n\nerror[E0433]: failed to resolve: use of undeclared type `String`\n    --> /home/runner/.cargo/registry/src/index.crates.io-6f17d22bba15001f/os_str_bytes-6.6.1/src/raw_str.rs:1201:9\n     |\n1201 |         String::from_utf8_lossy(&self.0)\n     |         ^^^^^^ use of undeclared type `String`\n\nerror[E0433]: failed to resolve: use of undeclared type `String`\n    --> /home/runner/.cargo/registry/src/index.crates.io-6f17d22bba15001f/os_str_bytes-6.6.1/src/raw_str.rs:1859:9\n     |\n1859 |         String::from_utf8(self.0).map_err(|x| Self(x.into_bytes()))\n     |         ^^^^^^ use of undeclared type `String`\n\nSome errors have detailed explanations: E0405, E0412, E0425, E0433, E0463, E0531, E0581.\nFor more information about an error, try `rustc --explain E0405`.\nerror: could not compile `os_str_bytes` (lib) due to 194 previous errors\n"]}}]},{"user":"kern-crates","repo":"rCoreloongArch","pkg":"vbe","count":2,"raw_reports":[{"file":"(virtual) lockbud","count":1,"kinds":{"Cargo":["// pkg_name=vbe, checker=Lockbud\n// toolchain=nightly-2024-01-19, target=loongarch64-unknown-none\n// pkg_dir=/home/runner/check/batch_9/kern-crates/rCoreloongArch/vbe\n// cmd=cargo +nightly-2024-05-21 lockbud -k all -- --target loongarch64-unknown-none\n[2024-10-12T15:52:30Z WARN  lockbud::callbacks] [\n      {\n        \"AtomicityViolation\": {\n          \"bug_kind\": \"AtomicityViolation\",\n          \"possibility\": \"Possibly\",\n          \"diagnosis\": {\n            \"fn_name\": \"set_logger_racy\",\n            \"atomic_reader\": \"/home/runner/.cargo/registry/src/index.crates.io-6f17d22bba15001f/log-0.4.22/src/lib.rs:1447:11: 1447:40 (#0)\",\n            \"atomic_writer\": \"/home/runner/.cargo/registry/src/index.crates.io-6f17d22bba15001f/log-0.4.22/src/lib.rs:1450:13: 1450:56 (#0)\",\n            \"dep_kind\": \"Control\"\n          },\n          \"explanation\": \"atomic::store is data/control dependent on atomic::load\"\n        }\n      }\n    ]\n[2024-10-12T15:52:30Z WARN  lockbud::callbacks] crate log contains bugs: { probably: 0, possibly: 0 }, conflictlock: { probably: 0, possibly: 0 }, condvar_deadlock: { probably: 0, possibly: 0 }, atomicity_violation: { possibly: 1 }, invalid_free: { possibly: 0 }, use_after_free: { possibly: 0 }\n   Compiling lazy_static v1.5.0\nerror[E0463]: can't find crate for `std`\n --> /home/runner/.cargo/registry/src/index.crates.io-6f17d22bba15001f/lazy_static-1.5.0/src/inline_lazy.rs:9:1\n  |\n9 | extern crate std;\n  | ^^^^^^^^^^^^^^^^^ can't find crate\n  |\n  = note: the `loongarch64-unknown-none` target may not support the standard library\n  = help: consider building the standard library from source with `cargo build -Zbuild-std`\n\nFor more information about this error, try `rustc --explain E0463`.\nerror: could not compile `lazy_static` (lib) due to 1 previous error\n"]}},{"file":"Not supported to display yet.","count":1,"kinds":{"Lockbud(Possibly)":["[2024-10-12T15:52:30Z WARN  lockbud::callbacks] [\n      {\n        \"AtomicityViolation\": {\n          \"bug_kind\": \"AtomicityViolation\",\n          \"possibility\": \"Possibly\",\n          \"diagnosis\": {\n            \"fn_name\": \"set_logger_racy\",\n            \"atomic_reader\": \"/home/runner/.cargo/registry/src/index.crates.io-6f17d22bba15001f/log-0.4.22/src/lib.rs:1447:11: 1447:40 (#0)\",\n            \"atomic_writer\": \"/home/runner/.cargo/registry/src/index.crates.io-6f17d22bba15001f/log-0.4.22/src/lib.rs:1450:13: 1450:56 (#0)\",\n            \"dep_kind\": \"Control\"\n          },\n          \"explanation\": \"atomic::store is data/control dependent on atomic::load\"\n        }\n      }\n    ]\n[2024-10-12T15:52:30Z WARN  lockbud::callbacks] crate log contains bugs: { probably: 0, possibly: 0 }, conflictlock: { probably: 0, possibly: 0 }, condvar_deadlock: { probably: 0, possibly: 0 }, atomicity_violation: { possibly: 1 }, invalid_free: { possibly: 0 }, use_after_free: { possibly: 0 }"]}}]},{"user":"kern-crates","repo":"rCoreloongArch","pkg":"isomorphic_drivers","count":1,"raw_reports":[{"file":"Not supported to display yet.","count":1,"kinds":{"Lockbud(Possibly)":["[2024-10-12T15:52:30Z WARN  lockbud::callbacks] [\n      {\n        \"AtomicityViolation\": {\n          \"bug_kind\": \"AtomicityViolation\",\n          \"possibility\": \"Possibly\",\n          \"diagnosis\": {\n            \"fn_name\": \"set_logger_racy\",\n            \"atomic_reader\": \"/home/runner/.cargo/registry/src/index.crates.io-6f17d22bba15001f/log-0.4.22/src/lib.rs:1447:11: 1447:40 (#0)\",\n            \"atomic_writer\": \"/home/runner/.cargo/registry/src/index.crates.io-6f17d22bba15001f/log-0.4.22/src/lib.rs:1450:13: 1450:56 (#0)\",\n            \"dep_kind\": \"Control\"\n          },\n          \"explanation\": \"atomic::store is data/control dependent on atomic::load\"\n        }\n      }\n    ]\n[2024-10-12T15:52:30Z WARN  lockbud::callbacks] crate log contains bugs: { probably: 0, possibly: 0 }, conflictlock: { probably: 0, possibly: 0 }, condvar_deadlock: { probably: 0, possibly: 0 }, atomicity_violation: { possibly: 1 }, invalid_free: { possibly: 0 }, use_after_free: { possibly: 0 }"]}}]},{"user":"kern-crates","repo":"rCoreloongArch","pkg":"stack_trace","count":1,"raw_reports":[{"file":"Not supported to display yet.","count":1,"kinds":{"Lockbud(Possibly)":["[2024-10-12T15:52:30Z WARN  lockbud::callbacks] [\n      {\n        \"AtomicityViolation\": {\n          \"bug_kind\": \"AtomicityViolation\",\n          \"possibility\": \"Possibly\",\n          \"diagnosis\": {\n            \"fn_name\": \"set_logger_racy\",\n            \"atomic_reader\": \"/home/runner/.cargo/registry/src/index.crates.io-6f17d22bba15001f/log-0.4.22/src/lib.rs:1447:11: 1447:40 (#0)\",\n            \"atomic_writer\": \"/home/runner/.cargo/registry/src/index.crates.io-6f17d22bba15001f/log-0.4.22/src/lib.rs:1450:13: 1450:56 (#0)\",\n            \"dep_kind\": \"Control\"\n          },\n          \"explanation\": \"atomic::store is data/control dependent on atomic::load\"\n        }\n      }\n    ]\n[2024-10-12T15:52:30Z WARN  lockbud::callbacks] crate log contains bugs: { probably: 0, possibly: 0 }, conflictlock: { probably: 0, possibly: 0 }, condvar_deadlock: { probably: 0, possibly: 0 }, atomicity_violation: { possibly: 1 }, invalid_free: { possibly: 0 }, use_after_free: { possibly: 0 }"]}}]},{"user":"kern-crates","repo":"rCoreloongArch","pkg":"user_lib","count":1,"raw_reports":[{"file":"(virtual) lockbud","count":1,"kinds":{"Cargo":["// pkg_name=user_lib, checker=Lockbud\n// toolchain=nightly-2024-01-19, target=loongarch64-unknown-none\n// pkg_dir=/home/runner/check/batch_9/kern-crates/rCoreloongArch/user\n// cmd=cargo +nightly-2024-05-21 lockbud -k all -- --target loongarch64-unknown-none\n   Compiling user_lib v0.1.0 (/home/runner/check/batch_9/kern-crates/rCoreloongArch/user)\nerror: linking with `rust-lld` failed: exit status: 1\n  |\n  = note: LC_ALL=\"C\" PATH=\"/home/runner/.rustup/toolchains/nightly-2024-05-21-x86_64-unknown-linux-gnu/lib/rustlib/x86_64-unknown-linux-gnu/bin:/snap/bin:/home/runner/.local/bin:/opt/pipx_bin:/home/runner/.cargo/bin:/home/runner/.config/composer/vendor/bin:/usr/local/.ghcup/bin:/home/runner/.dotnet/tools:/usr/local/sbin:/usr/local/bin:/usr/sbin:/usr/bin:/sbin:/bin:/usr/games:/usr/local/games:/snap/bin\" VSLANG=\"1033\" \"rust-lld\" \"-flavor\" \"gnu\" \"/tmp/rustcxoXwsi/symbols.o\" \"/home/runner/check/batch_9/kern-crates/rCoreloongArch/target/loongarch64-unknown-none/debug/deps/ls-3a00220656f6edf4.ls.5c7c86cc473e5a6e-cgu.0.rcgu.o\" \"/home/runner/check/batch_9/kern-crates/rCoreloongArch/target/loongarch64-unknown-none/debug/deps/ls-3a00220656f6edf4.c8ya2d2tqgbsa4i7p0d021ves.rcgu.o\" \"--as-needed\" \"-L\" \"/home/runner/check/batch_9/kern-crates/rCoreloongArch/target/loongarch64-unknown-none/debug/deps\" \"-L\" \"/home/runner/check/batch_9/kern-crates/rCoreloongArch/target/debug/deps\" \"-L\" \"/home/runner/.rustup/toolchains/nightly-2024-05-21-x86_64-unknown-linux-gnu/lib/rustlib/loongarch64-unknown-none/lib\" \"-Bstatic\" \"/home/runner/check/batch_9/kern-crates/rCoreloongArch/target/loongarch64-unknown-none/debug/deps/libuser_lib-e6fbd949fef83b88.rlib\" \"/home/runner/check/batch_9/kern-crates/rCoreloongArch/target/loongarch64-unknown-none/debug/deps/libbuddy_system_allocator-597c605a4788d3ec.rlib\" \"/home/runner/check/batch_9/kern-crates/rCoreloongArch/target/loongarch64-unknown-none/debug/deps/libspin-5e5897edd95f8cd9.rlib\" \"/home/runner/check/batch_9/kern-crates/rCoreloongArch/target/loongarch64-unknown-none/debug/deps/libbitflags-7d4c229935312c2e.rlib\" \"/home/runner/.rustup/toolchains/nightly-2024-05-21-x86_64-unknown-linux-gnu/lib/rustlib/loongarch64-unknown-none/lib/liballoc-cf622d6ac0c1207e.rlib\" \"/home/runner/.rustup/toolchains/nightly-2024-05-21-x86_64-unknown-linux-gnu/lib/rustlib/loongarch64-unknown-none/lib/librustc_std_workspace_core-3b1e26e39e9a51e8.rlib\" \"/home/runner/.rustup/toolchains/nightly-2024-05-21-x86_64-unknown-linux-gnu/lib/rustlib/loongarch64-unknown-none/lib/libcore-d6c82fdbb3df4fe1.rlib\" \"/home/runner/.rustup/toolchains/nightly-2024-05-21-x86_64-unknown-linux-gnu/lib/rustlib/loongarch64-unknown-none/lib/libcompiler_builtins-1c0eeb3885babbe8.rlib\" \"-Bdynamic\" \"--eh-frame-hdr\" \"-z\" \"noexecstack\" \"-L\" \"/home/runner/.rustup/toolchains/nightly-2024-05-21-x86_64-unknown-linux-gnu/lib/rustlib/loongarch64-unknown-none/lib\" \"-o\" \"/home/runner/check/batch_9/kern-crates/rCoreloongArch/target/loongarch64-unknown-none/debug/deps/ls-3a00220656f6edf4\" \"--gc-sections\" \"-T/home/runner/check/batch_9/kern-crates/rCoreloongArch/target/loongarch64-unknown-none/debug/build/user_lib-91d6933d7bc487b9/out/link.lds\"\n  = note: rust-lld: error: /home/runner/.rustup/toolchains/nightly-2024-05-21-x86_64-unknown-linux-gnu/lib/rustlib/loongarch64-unknown-none/lib/libcompiler_builtins-1c0eeb3885babbe8.rlib(45c91108d938afe8-absvdi2.o) is incompatible with /tmp/rustcxoXwsi/symbols.o\n          rust-lld: error: /home/runner/.rustup/toolchains/nightly-2024-05-21-x86_64-unknown-linux-gnu/lib/rustlib/loongarch64-unknown-none/lib/libcompiler_builtins-1c0eeb3885babbe8.rlib(45c91108d938afe8-absvsi2.o) is incompatible with /tmp/rustcxoXwsi/symbols.o\n          rust-lld: error: /home/runner/.rustup/toolchains/nightly-2024-05-21-x86_64-unknown-linux-gnu/lib/rustlib/loongarch64-unknown-none/lib/libcompiler_builtins-1c0eeb3885babbe8.rlib(45c91108d938afe8-absvti2.o) is incompatible with /tmp/rustcxoXwsi/symbols.o\n          rust-lld: error: /home/runner/.rustup/toolchains/nightly-2024-05-21-x86_64-unknown-linux-gnu/lib/rustlib/loongarch64-unknown-none/lib/libcompiler_builtins-1c0eeb3885babbe8.rlib(45c91108d938afe8-addtf3.o) is incompatible with /tmp/rustcxoXwsi/symbols.o\n          rust-lld: error: /home/runner/.rustup/toolchains/nightly-2024-05-21-x86_64-unknown-linux-gnu/lib/rustlib/loongarch64-unknown-none/lib/libcompiler_builtins-1c0eeb3885babbe8.rlib(45c91108d938afe8-addvdi3.o) is incompatible with /tmp/rustcxoXwsi/symbols.o\n          rust-lld: error: /home/runner/.rustup/toolchains/nightly-2024-05-21-x86_64-unknown-linux-gnu/lib/rustlib/loongarch64-unknown-none/lib/libcompiler_builtins-1c0eeb3885babbe8.rlib(45c91108d938afe8-addvsi3.o) is incompatible with /tmp/rustcxoXwsi/symbols.o\n          rust-lld: error: /home/runner/.rustup/toolchains/nightly-2024-05-21-x86_64-unknown-linux-gnu/lib/rustlib/loongarch64-unknown-none/lib/libcompiler_builtins-1c0eeb3885babbe8.rlib(45c91108d938afe8-addvti3.o) is incompatible with /tmp/rustcxoXwsi/symbols.o\n          rust-lld: error: /home/runner/.rustup/toolchains/nightly-2024-05-21-x86_64-unknown-linux-gnu/lib/rustlib/loongarch64-unknown-none/lib/libcompiler_builtins-1c0eeb3885babbe8.rlib(45c91108d938afe8-clzdi2.o) is incompatible with /tmp/rustcxoXwsi/symbols.o\n          rust-lld: error: /home/runner/.rustup/toolchains/nightly-2024-05-21-x86_64-unknown-linux-gnu/lib/rustlib/loongarch64-unknown-none/lib/libcompiler_builtins-1c0eeb3885babbe8.rlib(45c91108d938afe8-clzsi2.o) is incompatible with /tmp/rustcxoXwsi/symbols.o\n          rust-lld: error: /home/runner/.rustup/toolchains/nightly-2024-05-21-x86_64-unknown-linux-gnu/lib/rustlib/loongarch64-unknown-none/lib/libcompiler_builtins-1c0eeb3885babbe8.rlib(45c91108d938afe8-clzti2.o) is incompatible with /tmp/rustcxoXwsi/symbols.o\n          rust-lld: error: /home/runner/.rustup/toolchains/nightly-2024-05-21-x86_64-unknown-linux-gnu/lib/rustlib/loongarch64-unknown-none/lib/libcompiler_builtins-1c0eeb3885babbe8.rlib(45c91108d938afe8-cmpdi2.o) is incompatible with /tmp/rustcxoXwsi/symbols.o\n          rust-lld: error: /home/runner/.rustup/toolchains/nightly-2024-05-21-x86_64-unknown-linux-gnu/lib/rustlib/loongarch64-unknown-none/lib/libcompiler_builtins-1c0eeb3885babbe8.rlib(45c91108d938afe8-cmpti2.o) is incompatible with /tmp/rustcxoXwsi/symbols.o\n          rust-lld: error: /home/runner/.rustup/toolchains/nightly-2024-05-21-x86_64-unknown-linux-gnu/lib/rustlib/loongarch64-unknown-none/lib/libcompiler_builtins-1c0eeb3885babbe8.rlib(45c91108d938afe8-ctzdi2.o) is incompatible with /tmp/rustcxoXwsi/symbols.o\n          rust-lld: error: /home/runner/.rustup/toolchains/nightly-2024-05-21-x86_64-unknown-linux-gnu/lib/rustlib/loongarch64-unknown-none/lib/libcompiler_builtins-1c0eeb3885babbe8.rlib(45c91108d938afe8-ctzsi2.o) is incompatible with /tmp/rustcxoXwsi/symbols.o\n          rust-lld: error: /home/runner/.rustup/toolchains/nightly-2024-05-21-x86_64-unknown-linux-gnu/lib/rustlib/loongarch64-unknown-none/lib/libcompiler_builtins-1c0eeb3885babbe8.rlib(45c91108d938afe8-ctzti2.o) is incompatible with /tmp/rustcxoXwsi/symbols.o\n          rust-lld: error: /home/runner/.rustup/toolchains/nightly-2024-05-21-x86_64-unknown-linux-gnu/lib/rustlib/loongarch64-unknown-none/lib/libcompiler_builtins-1c0eeb3885babbe8.rlib(45c91108d938afe8-divdc3.o) is incompatible with /tmp/rustcxoXwsi/symbols.o\n          rust-lld: error: /home/runner/.rustup/toolchains/nightly-2024-05-21-x86_64-unknown-linux-gnu/lib/rustlib/loongarch64-unknown-none/lib/libcompiler_builtins-1c0eeb3885babbe8.rlib(45c91108d938afe8-divsc3.o) is incompatible with /tmp/rustcxoXwsi/symbols.o\n          rust-lld: error: /home/runner/.rustup/toolchains/nightly-2024-05-21-x86_64-unknown-linux-gnu/lib/rustlib/loongarch64-unknown-none/lib/libcompiler_builtins-1c0eeb3885babbe8.rlib(45c91108d938afe8-divtf3.o) is incompatible with /tmp/rustcxoXwsi/symbols.o\n          rust-lld: error: /home/runner/.rustup/toolchains/nightly-2024-05-21-x86_64-unknown-linux-gnu/lib/rustlib/loongarch64-unknown-none/lib/libcompiler_builtins-1c0eeb3885babbe8.rlib(45c91108d938afe8-extenddftf2.o) is incompatible with /tmp/rustcxoXwsi/symbols.o\n          rust-lld: error: /home/runner/.rustup/toolchains/nightly-2024-05-21-x86_64-unknown-linux-gnu/lib/rustlib/loongarch64-unknown-none/lib/libcompiler_builtins-1c0eeb3885babbe8.rlib(45c91108d938afe8-extendhfsf2.o) is incompatible with /tmp/rustcxoXwsi/symbols.o\n          rust-lld: error: too many errors emitted, stopping now (use --error-limit=0 to see all errors)\n          \n\nerror: could not compile `user_lib` (bin \"ls\") due to 1 previous error\nwarning: build failed, waiting for other jobs to finish...\nerror: linking with `rust-lld` failed: exit status: 1\n  |\n  = note: LC_ALL=\"C\" PATH=\"/home/runner/.rustup/toolchains/nightly-2024-05-21-x86_64-unknown-linux-gnu/lib/rustlib/x86_64-unknown-linux-gnu/bin:/snap/bin:/home/runner/.local/bin:/opt/pipx_bin:/home/runner/.cargo/bin:/home/runner/.config/composer/vendor/bin:/usr/local/.ghcup/bin:/home/runner/.dotnet/tools:/usr/local/sbin:/usr/local/bin:/usr/sbin:/usr/bin:/sbin:/bin:/usr/games:/usr/local/games:/snap/bin\" VSLANG=\"1033\" \"rust-lld\" \"-flavor\" \"gnu\" \"/tmp/rustcj6WO9j/symbols.o\" \"/home/runner/check/batch_9/kern-crates/rCoreloongArch/target/loongarch64-unknown-none/debug/deps/huge_write-6cb84c2a96767ee3.huge_write.377d06bfc2bfd0e9-cgu.0.rcgu.o\" \"/home/runner/check/batch_9/kern-crates/rCoreloongArch/target/loongarch64-unknown-none/debug/deps/huge_write-6cb84c2a96767ee3.2tpyawot6yqx7lp9c1dyb4dkf.rcgu.o\" \"--as-needed\" \"-L\" \"/home/runner/check/batch_9/kern-crates/rCoreloongArch/target/loongarch64-unknown-none/debug/deps\" \"-L\" \"/home/runner/check/batch_9/kern-crates/rCoreloongArch/target/debug/deps\" \"-L\" \"/home/runner/.rustup/toolchains/nightly-2024-05-21-x86_64-unknown-linux-gnu/lib/rustlib/loongarch64-unknown-none/lib\" \"-Bstatic\" \"/home/runner/check/batch_9/kern-crates/rCoreloongArch/target/loongarch64-unknown-none/debug/deps/libuser_lib-e6fbd949fef83b88.rlib\" \"/home/runner/check/batch_9/kern-crates/rCoreloongArch/target/loongarch64-unknown-none/debug/deps/libbuddy_system_allocator-597c605a4788d3ec.rlib\" \"/home/runner/check/batch_9/kern-crates/rCoreloongArch/target/loongarch64-unknown-none/debug/deps/libspin-5e5897edd95f8cd9.rlib\" \"/home/runner/check/batch_9/kern-crates/rCoreloongArch/target/loongarch64-unknown-none/debug/deps/libbitflags-7d4c229935312c2e.rlib\" \"/home/runner/.rustup/toolchains/nightly-2024-05-21-x86_64-unknown-linux-gnu/lib/rustlib/loongarch64-unknown-none/lib/liballoc-cf622d6ac0c1207e.rlib\" \"/home/runner/.rustup/toolchains/nightly-2024-05-21-x86_64-unknown-linux-gnu/lib/rustlib/loongarch64-unknown-none/lib/librustc_std_workspace_core-3b1e26e39e9a51e8.rlib\" \"/home/runner/.rustup/toolchains/nightly-2024-05-21-x86_64-unknown-linux-gnu/lib/rustlib/loongarch64-unknown-none/lib/libcore-d6c82fdbb3df4fe1.rlib\" \"/home/runner/.rustup/toolchains/nightly-2024-05-21-x86_64-unknown-linux-gnu/lib/rustlib/loongarch64-unknown-none/lib/libcompiler_builtins-1c0eeb3885babbe8.rlib\" \"-Bdynamic\" \"--eh-frame-hdr\" \"-z\" \"noexecstack\" \"-L\" \"/home/runner/.rustup/toolchains/nightly-2024-05-21-x86_64-unknown-linux-gnu/lib/rustlib/loongarch64-unknown-none/lib\" \"-o\" \"/home/runner/check/batch_9/kern-crates/rCoreloongArch/target/loongarch64-unknown-none/debug/deps/huge_write-6cb84c2a96767ee3\" \"--gc-sections\" \"-T/home/runner/check/batch_9/kern-crates/rCoreloongArch/target/loongarch64-unknown-none/debug/build/user_lib-91d6933d7bc487b9/out/link.lds\"\n  = note: rust-lld: error: /home/runner/.rustup/toolchains/nightly-2024-05-21-x86_64-unknown-linux-gnu/lib/rustlib/loongarch64-unknown-none/lib/libcompiler_builtins-1c0eeb3885babbe8.rlib(45c91108d938afe8-absvdi2.o) is incompatible with /tmp/rustcj6WO9j/symbols.o\n          rust-lld: error: /home/runner/.rustup/toolchains/nightly-2024-05-21-x86_64-unknown-linux-gnu/lib/rustlib/loongarch64-unknown-none/lib/libcompiler_builtins-1c0eeb3885babbe8.rlib(45c91108d938afe8-absvsi2.o) is incompatible with /tmp/rustcj6WO9j/symbols.o\n          rust-lld: error: /home/runner/.rustup/toolchains/nightly-2024-05-21-x86_64-unknown-linux-gnu/lib/rustlib/loongarch64-unknown-none/lib/libcompiler_builtins-1c0eeb3885babbe8.rlib(45c91108d938afe8-absvti2.o) is incompatible with /tmp/rustcj6WO9j/symbols.o\n          rust-lld: error: /home/runner/.rustup/toolchains/nightly-2024-05-21-x86_64-unknown-linux-gnu/lib/rustlib/loongarch64-unknown-none/lib/libcompiler_builtins-1c0eeb3885babbe8.rlib(45c91108d938afe8-addtf3.o) is incompatible with /tmp/rustcj6WO9j/symbols.o\n          rust-lld: error: /home/runner/.rustup/toolchains/nightly-2024-05-21-x86_64-unknown-linux-gnu/lib/rustlib/loongarch64-unknown-none/lib/libcompiler_builtins-1c0eeb3885babbe8.rlib(45c91108d938afe8-addvdi3.o) is incompatible with /tmp/rustcj6WO9j/symbols.o\n          rust-lld: error: /home/runner/.rustup/toolchains/nightly-2024-05-21-x86_64-unknown-linux-gnu/lib/rustlib/loongarch64-unknown-none/lib/libcompiler_builtins-1c0eeb3885babbe8.rlib(45c91108d938afe8-addvsi3.o) is incompatible with /tmp/rustcj6WO9j/symbols.o\n          rust-lld: error: /home/runner/.rustup/toolchains/nightly-2024-05-21-x86_64-unknown-linux-gnu/lib/rustlib/loongarch64-unknown-none/lib/libcompiler_builtins-1c0eeb3885babbe8.rlib(45c91108d938afe8-addvti3.o) is incompatible with /tmp/rustcj6WO9j/symbols.o\n          rust-lld: error: /home/runner/.rustup/toolchains/nightly-2024-05-21-x86_64-unknown-linux-gnu/lib/rustlib/loongarch64-unknown-none/lib/libcompiler_builtins-1c0eeb3885babbe8.rlib(45c91108d938afe8-clzdi2.o) is incompatible with /tmp/rustcj6WO9j/symbols.o\n          rust-lld: error: /home/runner/.rustup/toolchains/nightly-2024-05-21-x86_64-unknown-linux-gnu/lib/rustlib/loongarch64-unknown-none/lib/libcompiler_builtins-1c0eeb3885babbe8.rlib(45c91108d938afe8-clzsi2.o) is incompatible with /tmp/rustcj6WO9j/symbols.o\n          rust-lld: error: /home/runner/.rustup/toolchains/nightly-2024-05-21-x86_64-unknown-linux-gnu/lib/rustlib/loongarch64-unknown-none/lib/libcompiler_builtins-1c0eeb3885babbe8.rlib(45c91108d938afe8-clzti2.o) is incompatible with /tmp/rustcj6WO9j/symbols.o\n          rust-lld: error: /home/runner/.rustup/toolchains/nightly-2024-05-21-x86_64-unknown-linux-gnu/lib/rustlib/loongarch64-unknown-none/lib/libcompiler_builtins-1c0eeb3885babbe8.rlib(45c91108d938afe8-cmpdi2.o) is incompatible with /tmp/rustcj6WO9j/symbols.o\n          rust-lld: error: /home/runner/.rustup/toolchains/nightly-2024-05-21-x86_64-unknown-linux-gnu/lib/rustlib/loongarch64-unknown-none/lib/libcompiler_builtins-1c0eeb3885babbe8.rlib(45c91108d938afe8-cmpti2.o) is incompatible with /tmp/rustcj6WO9j/symbols.o\n          rust-lld: error: /home/runner/.rustup/toolchains/nightly-2024-05-21-x86_64-unknown-linux-gnu/lib/rustlib/loongarch64-unknown-none/lib/libcompiler_builtins-1c0eeb3885babbe8.rlib(45c91108d938afe8-ctzdi2.o) is incompatible with /tmp/rustcj6WO9j/symbols.o\n          rust-lld: error: /home/runner/.rustup/toolchains/nightly-2024-05-21-x86_64-unknown-linux-gnu/lib/rustlib/loongarch64-unknown-none/lib/libcompiler_builtins-1c0eeb3885babbe8.rlib(45c91108d938afe8-ctzsi2.o) is incompatible with /tmp/rustcj6WO9j/symbols.o\n          rust-lld: error: /home/runner/.rustup/toolchains/nightly-2024-05-21-x86_64-unknown-linux-gnu/lib/rustlib/loongarch64-unknown-none/lib/libcompiler_builtins-1c0eeb3885babbe8.rlib(45c91108d938afe8-ctzti2.o) is incompatible with /tmp/rustcj6WO9j/symbols.o\n          rust-lld: error: /home/runner/.rustup/toolchains/nightly-2024-05-21-x86_64-unknown-linux-gnu/lib/rustlib/loongarch64-unknown-none/lib/libcompiler_builtins-1c0eeb3885babbe8.rlib(45c91108d938afe8-divdc3.o) is incompatible with /tmp/rustcj6WO9j/symbols.o\n          rust-lld: error: /home/runner/.rustup/toolchains/nightly-2024-05-21-x86_64-unknown-linux-gnu/lib/rustlib/loongarch64-unknown-none/lib/libcompiler_builtins-1c0eeb3885babbe8.rlib(45c91108d938afe8-divsc3.o) is incompatible with /tmp/rustcj6WO9j/symbols.o\n          rust-lld: error: /home/runner/.rustup/toolchains/nightly-2024-05-21-x86_64-unknown-linux-gnu/lib/rustlib/loongarch64-unknown-none/lib/libcompiler_builtins-1c0eeb3885babbe8.rlib(45c91108d938afe8-divtf3.o) is incompatible with /tmp/rustcj6WO9j/symbols.o\n          rust-lld: error: /home/runner/.rustup/toolchains/nightly-2024-05-21-x86_64-unknown-linux-gnu/lib/rustlib/loongarch64-unknown-none/lib/libcompiler_builtins-1c0eeb3885babbe8.rlib(45c91108d938afe8-extenddftf2.o) is incompatible with /tmp/rustcj6WO9j/symbols.o\n          rust-lld: error: /home/runner/.rustup/toolchains/nightly-2024-05-21-x86_64-unknown-linux-gnu/lib/rustlib/loongarch64-unknown-none/lib/libcompiler_builtins-1c0eeb3885babbe8.rlib(45c91108d938afe8-extendhfsf2.o) is incompatible with /tmp/rustcj6WO9j/symbols.o\n          rust-lld: error: too many errors emitted, stopping now (use --error-limit=0 to see all errors)\n          \n\nerror: could not compile `user_lib` (bin \"huge_write\") due to 1 previous error\nerror: linking with `rust-lld` failed: exit status: 1\n  |\n  = note: LC_ALL=\"C\" PATH=\"/home/runner/.rustup/toolchains/nightly-2024-05-21-x86_64-unknown-linux-gnu/lib/rustlib/x86_64-unknown-linux-gnu/bin:/snap/bin:/home/runner/.local/bin:/opt/pipx_bin:/home/runner/.cargo/bin:/home/runner/.config/composer/vendor/bin:/usr/local/.ghcup/bin:/home/runner/.dotnet/tools:/usr/local/sbin:/usr/local/bin:/usr/sbin:/usr/bin:/sbin:/bin:/usr/games:/usr/local/games:/snap/bin\" VSLANG=\"1033\" \"rust-lld\" \"-flavor\" \"gnu\" \"/tmp/rustcQpdAIS/symbols.o\" \"/home/runner/check/batch_9/kern-crates/rCoreloongArch/target/loongarch64-unknown-none/debug/deps/race_adder-6766b1679509fef9.race_adder.b9bd03041a37ea82-cgu.0.rcgu.o\" \"/home/runner/check/batch_9/kern-crates/rCoreloongArch/target/loongarch64-unknown-none/debug/deps/race_adder-6766b1679509fef9.5x8jlez95woq2pf6r33aou1cu.rcgu.o\" \"--as-needed\" \"-L\" \"/home/runner/check/batch_9/kern-crates/rCoreloongArch/target/loongarch64-unknown-none/debug/deps\" \"-L\" \"/home/runner/check/batch_9/kern-crates/rCoreloongArch/target/debug/deps\" \"-L\" \"/home/runner/.rustup/toolchains/nightly-2024-05-21-x86_64-unknown-linux-gnu/lib/rustlib/loongarch64-unknown-none/lib\" \"-Bstatic\" \"/home/runner/check/batch_9/kern-crates/rCoreloongArch/target/loongarch64-unknown-none/debug/deps/libuser_lib-e6fbd949fef83b88.rlib\" \"/home/runner/check/batch_9/kern-crates/rCoreloongArch/target/loongarch64-unknown-none/debug/deps/libbuddy_system_allocator-597c605a4788d3ec.rlib\" \"/home/runner/check/batch_9/kern-crates/rCoreloongArch/target/loongarch64-unknown-none/debug/deps/libspin-5e5897edd95f8cd9.rlib\" \"/home/runner/check/batch_9/kern-crates/rCoreloongArch/target/loongarch64-unknown-none/debug/deps/libbitflags-7d4c229935312c2e.rlib\" \"/home/runner/.rustup/toolchains/nightly-2024-05-21-x86_64-unknown-linux-gnu/lib/rustlib/loongarch64-unknown-none/lib/liballoc-cf622d6ac0c1207e.rlib\" \"/home/runner/.rustup/toolchains/nightly-2024-05-21-x86_64-unknown-linux-gnu/lib/rustlib/loongarch64-unknown-none/lib/librustc_std_workspace_core-3b1e26e39e9a51e8.rlib\" \"/home/runner/.rustup/toolchains/nightly-2024-05-21-x86_64-unknown-linux-gnu/lib/rustlib/loongarch64-unknown-none/lib/libcore-d6c82fdbb3df4fe1.rlib\" \"/home/runner/.rustup/toolchains/nightly-2024-05-21-x86_64-unknown-linux-gnu/lib/rustlib/loongarch64-unknown-none/lib/libcompiler_builtins-1c0eeb3885babbe8.rlib\" \"-Bdynamic\" \"--eh-frame-hdr\" \"-z\" \"noexecstack\" \"-L\" \"/home/runner/.rustup/toolchains/nightly-2024-05-21-x86_64-unknown-linux-gnu/lib/rustlib/loongarch64-unknown-none/lib\" \"-o\" \"/home/runner/check/batch_9/kern-crates/rCoreloongArch/target/loongarch64-unknown-none/debug/deps/race_adder-6766b1679509fef9\" \"--gc-sections\" \"-T/home/runner/check/batch_9/kern-crates/rCoreloongArch/target/loongarch64-unknown-none/debug/build/user_lib-91d6933d7bc487b9/out/link.lds\"\n  = note: rust-lld: error: /home/runner/.rustup/toolchains/nightly-2024-05-21-x86_64-unknown-linux-gnu/lib/rustlib/loongarch64-unknown-none/lib/libcompiler_builtins-1c0eeb3885babbe8.rlib(45c91108d938afe8-absvdi2.o) is incompatible with /tmp/rustcQpdAIS/symbols.o\n          rust-lld: error: /home/runner/.rustup/toolchains/nightly-2024-05-21-x86_64-unknown-linux-gnu/lib/rustlib/loongarch64-unknown-none/lib/libcompiler_builtins-1c0eeb3885babbe8.rlib(45c91108d938afe8-absvsi2.o) is incompatible with /tmp/rustcQpdAIS/symbols.o\n          rust-lld: error: /home/runner/.rustup/toolchains/nightly-2024-05-21-x86_64-unknown-linux-gnu/lib/rustlib/loongarch64-unknown-none/lib/libcompiler_builtins-1c0eeb3885babbe8.rlib(45c91108d938afe8-absvti2.o) is incompatible with /tmp/rustcQpdAIS/symbols.o\n          rust-lld: error: /home/runner/.rustup/toolchains/nightly-2024-05-21-x86_64-unknown-linux-gnu/lib/rustlib/loongarch64-unknown-none/lib/libcompiler_builtins-1c0eeb3885babbe8.rlib(45c91108d938afe8-addtf3.o) is incompatible with /tmp/rustcQpdAIS/symbols.o\n          rust-lld: error: /home/runner/.rustup/toolchains/nightly-2024-05-21-x86_64-unknown-linux-gnu/lib/rustlib/loongarch64-unknown-none/lib/libcompiler_builtins-1c0eeb3885babbe8.rlib(45c91108d938afe8-addvdi3.o) is incompatible with /tmp/rustcQpdAIS/symbols.o\n          rust-lld: error: /home/runner/.rustup/toolchains/nightly-2024-05-21-x86_64-unknown-linux-gnu/lib/rustlib/loongarch64-unknown-none/lib/libcompiler_builtins-1c0eeb3885babbe8.rlib(45c91108d938afe8-addvsi3.o) is incompatible with /tmp/rustcQpdAIS/symbols.o\n          rust-lld: error: /home/runner/.rustup/toolchains/nightly-2024-05-21-x86_64-unknown-linux-gnu/lib/rustlib/loongarch64-unknown-none/lib/libcompiler_builtins-1c0eeb3885babbe8.rlib(45c91108d938afe8-addvti3.o) is incompatible with /tmp/rustcQpdAIS/symbols.o\n          rust-lld: error: /home/runner/.rustup/toolchains/nightly-2024-05-21-x86_64-unknown-linux-gnu/lib/rustlib/loongarch64-unknown-none/lib/libcompiler_builtins-1c0eeb3885babbe8.rlib(45c91108d938afe8-clzdi2.o) is incompatible with /tmp/rustcQpdAIS/symbols.o\n          rust-lld: error: /home/runner/.rustup/toolchains/nightly-2024-05-21-x86_64-unknown-linux-gnu/lib/rustlib/loongarch64-unknown-none/lib/libcompiler_builtins-1c0eeb3885babbe8.rlib(45c91108d938afe8-clzsi2.o) is incompatible with /tmp/rustcQpdAIS/symbols.o\n          rust-lld: error: /home/runner/.rustup/toolchains/nightly-2024-05-21-x86_64-unknown-linux-gnu/lib/rustlib/loongarch64-unknown-none/lib/libcompiler_builtins-1c0eeb3885babbe8.rlib(45c91108d938afe8-clzti2.o) is incompatible with /tmp/rustcQpdAIS/symbols.o\n          rust-lld: error: /home/runner/.rustup/toolchains/nightly-2024-05-21-x86_64-unknown-linux-gnu/lib/rustlib/loongarch64-unknown-none/lib/libcompiler_builtins-1c0eeb3885babbe8.rlib(45c91108d938afe8-cmpdi2.o) is incompatible with /tmp/rustcQpdAIS/symbols.o\n          rust-lld: error: /home/runner/.rustup/toolchains/nightly-2024-05-21-x86_64-unknown-linux-gnu/lib/rustlib/loongarch64-unknown-none/lib/libcompiler_builtins-1c0eeb3885babbe8.rlib(45c91108d938afe8-cmpti2.o) is incompatible with /tmp/rustcQpdAIS/symbols.o\n          rust-lld: error: /home/runner/.rustup/toolchains/nightly-2024-05-21-x86_64-unknown-linux-gnu/lib/rustlib/loongarch64-unknown-none/lib/libcompiler_builtins-1c0eeb3885babbe8.rlib(45c91108d938afe8-ctzdi2.o) is incompatible with /tmp/rustcQpdAIS/symbols.o\n          rust-lld: error: /home/runner/.rustup/toolchains/nightly-2024-05-21-x86_64-unknown-linux-gnu/lib/rustlib/loongarch64-unknown-none/lib/libcompiler_builtins-1c0eeb3885babbe8.rlib(45c91108d938afe8-ctzsi2.o) is incompatible with /tmp/rustcQpdAIS/symbols.o\n          rust-lld: error: /home/runner/.rustup/toolchains/nightly-2024-05-21-x86_64-unknown-linux-gnu/lib/rustlib/loongarch64-unknown-none/lib/libcompiler_builtins-1c0eeb3885babbe8.rlib(45c91108d938afe8-ctzti2.o) is incompatible with /tmp/rustcQpdAIS/symbols.o\n          rust-lld: error: /home/runner/.rustup/toolchains/nightly-2024-05-21-x86_64-unknown-linux-gnu/lib/rustlib/loongarch64-unknown-none/lib/libcompiler_builtins-1c0eeb3885babbe8.rlib(45c91108d938afe8-divdc3.o) is incompatible with /tmp/rustcQpdAIS/symbols.o\n          rust-lld: error: /home/runner/.rustup/toolchains/nightly-2024-05-21-x86_64-unknown-linux-gnu/lib/rustlib/loongarch64-unknown-none/lib/libcompiler_builtins-1c0eeb3885babbe8.rlib(45c91108d938afe8-divsc3.o) is incompatible with /tmp/rustcQpdAIS/symbols.o\n          rust-lld: error: /home/runner/.rustup/toolchains/nightly-2024-05-21-x86_64-unknown-linux-gnu/lib/rustlib/loongarch64-unknown-none/lib/libcompiler_builtins-1c0eeb3885babbe8.rlib(45c91108d938afe8-divtf3.o) is incompatible with /tmp/rustcQpdAIS/symbols.o\n          rust-lld: error: /home/runner/.rustup/toolchains/nightly-2024-05-21-x86_64-unknown-linux-gnu/lib/rustlib/loongarch64-unknown-none/lib/libcompiler_builtins-1c0eeb3885babbe8.rlib(45c91108d938afe8-extenddftf2.o) is incompatible with /tmp/rustcQpdAIS/symbols.o\n          rust-lld: error: /home/runner/.rustup/toolchains/nightly-2024-05-21-x86_64-unknown-linux-gnu/lib/rustlib/loongarch64-unknown-none/lib/libcompiler_builtins-1c0eeb3885babbe8.rlib(45c91108d938afe8-extendhfsf2.o) is incompatible with /tmp/rustcQpdAIS/symbols.o\n          rust-lld: error: too many errors emitted, stopping now (use --error-limit=0 to see all errors)\n          \n\nerror: linking with `rust-lld` failed: exit status: 1\n  |\n  = note: LC_ALL=\"C\" PATH=\"/home/runner/.rustup/toolchains/nightly-2024-05-21-x86_64-unknown-linux-gnu/lib/rustlib/x86_64-unknown-linux-gnu/bin:/snap/bin:/home/runner/.local/bin:/opt/pipx_bin:/home/runner/.cargo/bin:/home/runner/.config/composer/vendor/bin:/usr/local/.ghcup/bin:/home/runner/.dotnet/tools:/usr/local/sbin:/usr/local/bin:/usr/sbin:/usr/bin:/sbin:/bin:/usr/games:/usr/local/games:/snap/bin\" VSLANG=\"1033\" \"rust-lld\" \"-flavor\" \"gnu\" \"/tmp/rustcvmcw8R/symbols.o\" \"/home/runner/check/batch_9/kern-crates/rCoreloongArch/target/loongarch64-unknown-none/debug/deps/race_adder_mutex_spin-dcf3e51e12d31cd6.race_adder_mutex_spin.c4a0931c66b489e3-cgu.0.rcgu.o\" \"/home/runner/check/batch_9/kern-crates/rCoreloongArch/target/loongarch64-unknown-none/debug/deps/race_adder_mutex_spin-dcf3e51e12d31cd6.e4thx263840y93xbo37i076f1.rcgu.o\" \"--as-needed\" \"-L\" \"/home/runner/check/batch_9/kern-crates/rCoreloongArch/target/loongarch64-unknown-none/debug/deps\" \"-L\" \"/home/runner/check/batch_9/kern-crates/rCoreloongArch/target/debug/deps\" \"-L\" \"/home/runner/.rustup/toolchains/nightly-2024-05-21-x86_64-unknown-linux-gnu/lib/rustlib/loongarch64-unknown-none/lib\" \"-Bstatic\" \"/home/runner/check/batch_9/kern-crates/rCoreloongArch/target/loongarch64-unknown-none/debug/deps/libuser_lib-e6fbd949fef83b88.rlib\" \"/home/runner/check/batch_9/kern-crates/rCoreloongArch/target/loongarch64-unknown-none/debug/deps/libbuddy_system_allocator-597c605a4788d3ec.rlib\" \"/home/runner/check/batch_9/kern-crates/rCoreloongArch/target/loongarch64-unknown-none/debug/deps/libspin-5e5897edd95f8cd9.rlib\" \"/home/runner/check/batch_9/kern-crates/rCoreloongArch/target/loongarch64-unknown-none/debug/deps/libbitflags-7d4c229935312c2e.rlib\" \"/home/runner/.rustup/toolchains/nightly-2024-05-21-x86_64-unknown-linux-gnu/lib/rustlib/loongarch64-unknown-none/lib/liballoc-cf622d6ac0c1207e.rlib\" \"/home/runner/.rustup/toolchains/nightly-2024-05-21-x86_64-unknown-linux-gnu/lib/rustlib/loongarch64-unknown-none/lib/librustc_std_workspace_core-3b1e26e39e9a51e8.rlib\" \"/home/runner/.rustup/toolchains/nightly-2024-05-21-x86_64-unknown-linux-gnu/lib/rustlib/loongarch64-unknown-none/lib/libcore-d6c82fdbb3df4fe1.rlib\" \"/home/runner/.rustup/toolchains/nightly-2024-05-21-x86_64-unknown-linux-gnu/lib/rustlib/loongarch64-unknown-none/lib/libcompiler_builtins-1c0eeb3885babbe8.rlib\" \"-Bdynamic\" \"--eh-frame-hdr\" \"-z\" \"noexecstack\" \"-L\" \"/home/runner/.rustup/toolchains/nightly-2024-05-21-x86_64-unknown-linux-gnu/lib/rustlib/loongarch64-unknown-none/lib\" \"-o\" \"/home/runner/check/batch_9/kern-crates/rCoreloongArch/target/loongarch64-unknown-none/debug/deps/race_adder_mutex_spin-dcf3e51e12d31cd6\" \"--gc-sections\" \"-T/home/runner/check/batch_9/kern-crates/rCoreloongArch/target/loongarch64-unknown-none/debug/build/user_lib-91d6933d7bc487b9/out/link.lds\"\n  = note: rust-lld: error: /home/runner/.rustup/toolchains/nightly-2024-05-21-x86_64-unknown-linux-gnu/lib/rustlib/loongarch64-unknown-none/lib/libcompiler_builtins-1c0eeb3885babbe8.rlib(45c91108d938afe8-absvdi2.o) is incompatible with /tmp/rustcvmcw8R/symbols.o\n          rust-lld: error: /home/runner/.rustup/toolchains/nightly-2024-05-21-x86_64-unknown-linux-gnu/lib/rustlib/loongarch64-unknown-none/lib/libcompiler_builtins-1c0eeb3885babbe8.rlib(45c91108d938afe8-absvsi2.o) is incompatible with /tmp/rustcvmcw8R/symbols.o\n          rust-lld: error: /home/runner/.rustup/toolchains/nightly-2024-05-21-x86_64-unknown-linux-gnu/lib/rustlib/loongarch64-unknown-none/lib/libcompiler_builtins-1c0eeb3885babbe8.rlib(45c91108d938afe8-absvti2.o) is incompatible with /tmp/rustcvmcw8R/symbols.o\n          rust-lld: error: /home/runner/.rustup/toolchains/nightly-2024-05-21-x86_64-unknown-linux-gnu/lib/rustlib/loongarch64-unknown-none/lib/libcompiler_builtins-1c0eeb3885babbe8.rlib(45c91108d938afe8-addtf3.o) is incompatible with /tmp/rustcvmcw8R/symbols.o\n          rust-lld: error: /home/runner/.rustup/toolchains/nightly-2024-05-21-x86_64-unknown-linux-gnu/lib/rustlib/loongarch64-unknown-none/lib/libcompiler_builtins-1c0eeb3885babbe8.rlib(45c91108d938afe8-addvdi3.o) is incompatible with /tmp/rustcvmcw8R/symbols.o\n          rust-lld: error: /home/runner/.rustup/toolchains/nightly-2024-05-21-x86_64-unknown-linux-gnu/lib/rustlib/loongarch64-unknown-none/lib/libcompiler_builtins-1c0eeb3885babbe8.rlib(45c91108d938afe8-addvsi3.o) is incompatible with /tmp/rustcvmcw8R/symbols.o\n          rust-lld: error: /home/runner/.rustup/toolchains/nightly-2024-05-21-x86_64-unknown-linux-gnu/lib/rustlib/loongarch64-unknown-none/lib/libcompiler_builtins-1c0eeb3885babbe8.rlib(45c91108d938afe8-addvti3.o) is incompatible with /tmp/rustcvmcw8R/symbols.o\n          rust-lld: error: /home/runner/.rustup/toolchains/nightly-2024-05-21-x86_64-unknown-linux-gnu/lib/rustlib/loongarch64-unknown-none/lib/libcompiler_builtins-1c0eeb3885babbe8.rlib(45c91108d938afe8-clzdi2.o) is incompatible with /tmp/rustcvmcw8R/symbols.o\n          rust-lld: error: /home/runner/.rustup/toolchains/nightly-2024-05-21-x86_64-unknown-linux-gnu/lib/rustlib/loongarch64-unknown-none/lib/libcompiler_builtins-1c0eeb3885babbe8.rlib(45c91108d938afe8-clzsi2.o) is incompatible with /tmp/rustcvmcw8R/symbols.o\n          rust-lld: error: /home/runner/.rustup/toolchains/nightly-2024-05-21-x86_64-unknown-linux-gnu/lib/rustlib/loongarch64-unknown-none/lib/libcompiler_builtins-1c0eeb3885babbe8.rlib(45c91108d938afe8-clzti2.o) is incompatible with /tmp/rustcvmcw8R/symbols.o\n          rust-lld: error: /home/runner/.rustup/toolchains/nightly-2024-05-21-x86_64-unknown-linux-gnu/lib/rustlib/loongarch64-unknown-none/lib/libcompiler_builtins-1c0eeb3885babbe8.rlib(45c91108d938afe8-cmpdi2.o) is incompatible with /tmp/rustcvmcw8R/symbols.o\n          rust-lld: error: /home/runner/.rustup/toolchains/nightly-2024-05-21-x86_64-unknown-linux-gnu/lib/rustlib/loongarch64-unknown-none/lib/libcompiler_builtins-1c0eeb3885babbe8.rlib(45c91108d938afe8-cmpti2.o) is incompatible with /tmp/rustcvmcw8R/symbols.o\n          rust-lld: error: /home/runner/.rustup/toolchains/nightly-2024-05-21-x86_64-unknown-linux-gnu/lib/rustlib/loongarch64-unknown-none/lib/libcompiler_builtins-1c0eeb3885babbe8.rlib(45c91108d938afe8-ctzdi2.o) is incompatible with /tmp/rustcvmcw8R/symbols.o\n          rust-lld: error: /home/runner/.rustup/toolchains/nightly-2024-05-21-x86_64-unknown-linux-gnu/lib/rustlib/loongarch64-unknown-none/lib/libcompiler_builtins-1c0eeb3885babbe8.rlib(45c91108d938afe8-ctzsi2.o) is incompatible with /tmp/rustcvmcw8R/symbols.o\n          rust-lld: error: /home/runner/.rustup/toolchains/nightly-2024-05-21-x86_64-unknown-linux-gnu/lib/rustlib/loongarch64-unknown-none/lib/libcompiler_builtins-1c0eeb3885babbe8.rlib(45c91108d938afe8-ctzti2.o) is incompatible with /tmp/rustcvmcw8R/symbols.o\n          rust-lld: error: /home/runner/.rustup/toolchains/nightly-2024-05-21-x86_64-unknown-linux-gnu/lib/rustlib/loongarch64-unknown-none/lib/libcompiler_builtins-1c0eeb3885babbe8.rlib(45c91108d938afe8-divdc3.o) is incompatible with /tmp/rustcvmcw8R/symbols.o\n          rust-lld: error: /home/runner/.rustup/toolchains/nightly-2024-05-21-x86_64-unknown-linux-gnu/lib/rustlib/loongarch64-unknown-none/lib/libcompiler_builtins-1c0eeb3885babbe8.rlib(45c91108d938afe8-divsc3.o) is incompatible with /tmp/rustcvmcw8R/symbols.o\n          rust-lld: error: /home/runner/.rustup/toolchains/nightly-2024-05-21-x86_64-unknown-linux-gnu/lib/rustlib/loongarch64-unknown-none/lib/libcompiler_builtins-1c0eeb3885babbe8.rlib(45c91108d938afe8-divtf3.o) is incompatible with /tmp/rustcvmcw8R/symbols.o\n          rust-lld: error: /home/runner/.rustup/toolchains/nightly-2024-05-21-x86_64-unknown-linux-gnu/lib/rustlib/loongarch64-unknown-none/lib/libcompiler_builtins-1c0eeb3885babbe8.rlib(45c91108d938afe8-extenddftf2.o) is incompatible with /tmp/rustcvmcw8R/symbols.o\n          rust-lld: error: /home/runner/.rustup/toolchains/nightly-2024-05-21-x86_64-unknown-linux-gnu/lib/rustlib/loongarch64-unknown-none/lib/libcompiler_builtins-1c0eeb3885babbe8.rlib(45c91108d938afe8-extendhfsf2.o) is incompatible with /tmp/rustcvmcw8R/symbols.o\n          rust-lld: error: too many errors emitted, stopping now (use --error-limit=0 to see all errors)\n          \n\nerror: could not compile `user_lib` (bin \"race_adder\") due to 1 previous error\nerror: could not compile `user_lib` (bin \"race_adder_mutex_spin\") due to 1 previous error\n"]}}]}],"kinds_order":["Cargo","Clippy(Error)","Clippy(Warn)","Audit","Mirai","Lockbud(Probably)","Lockbud(Possibly)","Unformatted"]}