{
  "data": [
    {
      "user": "rel4team",
      "repo": "sel4_task",
      "pkg": "sel4_task",
      "count": 119,
      "raw_reports": [
        {
          "file": "src/scheduler.rs",
          "features": "",
          "count": 55,
          "kinds": {
            "Unformatted": [
              "file: /home/runner/check/batch_7/rel4team/sel4_task/src/scheduler.rs (original lines from 1 to 1)\n+#[cfg(feature = \"ENABLE_SMP\")]\n+use crate::deps::{doMaskReschedule, kernel_stack_alloc, ksIdleThreadTCB};\n",
              "file: /home/runner/check/batch_7/rel4team/sel4_task/src/scheduler.rs (original lines from 3 to 5)\n-use sel4_common::{BIT, MASK};\n-use sel4_common::registers::{FaultIP, NextIP, sp, SSTATUS, SSTATUS_SPIE, SSTATUS_SPP};\n-use sel4_common::sel4_config::{CONFIG_KERNEL_STACK_BITS, CONFIG_MAX_NUM_NODES, CONFIG_NUM_DOMAINS, CONFIG_NUM_PRIORITIES, CONFIG_TIME_SLICE, L2_BITMAP_SIZE, NUM_READY_QUEUES, seL4_TCBBits, TCB_OFFSET, wordBits, wordRadix};\n+use sel4_common::registers::{sp, FaultIP, NextIP, SSTATUS, SSTATUS_SPIE, SSTATUS_SPP};\n+use sel4_common::sel4_config::{\n+    seL4_TCBBits, wordBits, wordRadix, CONFIG_KERNEL_STACK_BITS, CONFIG_MAX_NUM_NODES,\n+    CONFIG_NUM_DOMAINS, CONFIG_NUM_PRIORITIES, CONFIG_TIME_SLICE, L2_BITMAP_SIZE, NUM_READY_QUEUES,\n+    TCB_OFFSET,\n+};\n",
              "file: /home/runner/check/batch_7/rel4team/sel4_task/src/scheduler.rs (original lines from 7 to 8)\n-#[cfg(feature = \"ENABLE_SMP\")]\n-use crate::deps::{doMaskReschedule, ksIdleThreadTCB, kernel_stack_alloc};\n+use sel4_common::{BIT, MASK};\n",
              "file: /home/runner/check/batch_7/rel4team/sel4_task/src/scheduler.rs (original lines from 10 to 11)\n-#[cfg(feature = \"ENABLE_SMP\")]\n-use sel4_common::utils::cpu_id;\n",
              "file: /home/runner/check/batch_7/rel4team/sel4_task/src/scheduler.rs (original lines from 15 to 15)\n+#[cfg(feature = \"ENABLE_SMP\")]\n+use sel4_common::utils::cpu_id;\n",
              "file: /home/runner/check/batch_7/rel4team/sel4_task/src/scheduler.rs (original lines from 16 to 16)\n-\n",
              "file: /home/runner/check/batch_7/rel4team/sel4_task/src/scheduler.rs (original lines from 29 to 29)\n-\n",
              "file: /home/runner/check/batch_7/rel4team/sel4_task/src/scheduler.rs (original lines from 36 to 36)\n-    ksReadyQueues: [tcb_queue_t {head: 0, tail: 0}; CONFIG_NUM_DOMAINS * CONFIG_NUM_PRIORITIES],\n+    ksReadyQueues: [tcb_queue_t { head: 0, tail: 0 }; CONFIG_NUM_DOMAINS * CONFIG_NUM_PRIORITIES],\n",
              "file: /home/runner/check/batch_7/rel4team/sel4_task/src/scheduler.rs (original lines from 45 to 45)\n-\n",
              "file: /home/runner/check/batch_7/rel4team/sel4_task/src/scheduler.rs (original lines from 57 to 57)\n-\n",
              "file: /home/runner/check/batch_7/rel4team/sel4_task/src/scheduler.rs (original lines from 77 to 80)\n-pub static mut ksReadyQueues: [tcb_queue_t; NUM_READY_QUEUES] = [tcb_queue_t {\n-    head: 0,\n-    tail: 0,\n-}; NUM_READY_QUEUES];\n+pub static mut ksReadyQueues: [tcb_queue_t; NUM_READY_QUEUES] =\n+    [tcb_queue_t { head: 0, tail: 0 }; NUM_READY_QUEUES];\n",
              "file: /home/runner/check/batch_7/rel4team/sel4_task/src/scheduler.rs (original lines from 101 to 101)\n-\n",
              "file: /home/runner/check/batch_7/rel4team/sel4_task/src/scheduler.rs (original lines from 105 to 105)\n-        #[cfg(feature = \"ENABLE_SMP\")] {\n+        #[cfg(feature = \"ENABLE_SMP\")]\n+        {\n",
              "file: /home/runner/check/batch_7/rel4team/sel4_task/src/scheduler.rs (original lines from 108 to 108)\n-        #[cfg(not(feature = \"ENABLE_SMP\"))] {\n+        #[cfg(not(feature = \"ENABLE_SMP\"))]\n+        {\n",
              "file: /home/runner/check/batch_7/rel4team/sel4_task/src/scheduler.rs (original lines from 117 to 117)\n-        #[cfg(feature = \"ENABLE_SMP\")] {\n+        #[cfg(feature = \"ENABLE_SMP\")]\n+        {\n",
              "file: /home/runner/check/batch_7/rel4team/sel4_task/src/scheduler.rs (original lines from 120 to 120)\n-        #[cfg(not(feature = \"ENABLE_SMP\"))] {\n+        #[cfg(not(feature = \"ENABLE_SMP\"))]\n+        {\n",
              "file: /home/runner/check/batch_7/rel4team/sel4_task/src/scheduler.rs (original lines from 132 to 132)\n-        #[cfg(feature = \"ENABLE_SMP\")] {\n+        #[cfg(feature = \"ENABLE_SMP\")]\n+        {\n",
              "file: /home/runner/check/batch_7/rel4team/sel4_task/src/scheduler.rs (original lines from 135 to 135)\n-        #[cfg(not(feature = \"ENABLE_SMP\"))] {\n+        #[cfg(not(feature = \"ENABLE_SMP\"))]\n+        {\n",
              "file: /home/runner/check/batch_7/rel4team/sel4_task/src/scheduler.rs (original lines from 144 to 144)\n-        #[cfg(feature = \"ENABLE_SMP\")] {\n+        #[cfg(feature = \"ENABLE_SMP\")]\n+        {\n",
              "file: /home/runner/check/batch_7/rel4team/sel4_task/src/scheduler.rs (original lines from 147 to 147)\n-        #[cfg(not(feature = \"ENABLE_SMP\"))] {\n+        #[cfg(not(feature = \"ENABLE_SMP\"))]\n+        {\n",
              "file: /home/runner/check/batch_7/rel4team/sel4_task/src/scheduler.rs (original lines from 156 to 156)\n-        #[cfg(feature = \"ENABLE_SMP\")] {\n+        #[cfg(feature = \"ENABLE_SMP\")]\n+        {\n",
              "file: /home/runner/check/batch_7/rel4team/sel4_task/src/scheduler.rs (original lines from 159 to 159)\n-        #[cfg(not(feature = \"ENABLE_SMP\"))] {\n+        #[cfg(not(feature = \"ENABLE_SMP\"))]\n+        {\n",
              "file: /home/runner/check/batch_7/rel4team/sel4_task/src/scheduler.rs (original lines from 168 to 168)\n-        #[cfg(feature = \"ENABLE_SMP\")] {\n+        #[cfg(feature = \"ENABLE_SMP\")]\n+        {\n",
              "file: /home/runner/check/batch_7/rel4team/sel4_task/src/scheduler.rs (original lines from 171 to 171)\n-        #[cfg(not(feature = \"ENABLE_SMP\"))] {\n+        #[cfg(not(feature = \"ENABLE_SMP\"))]\n+        {\n",
              "file: /home/runner/check/batch_7/rel4team/sel4_task/src/scheduler.rs (original lines from 177 to 177)\n-\n",
              "file: /home/runner/check/batch_7/rel4team/sel4_task/src/scheduler.rs (original lines from 181 to 181)\n-        #[cfg(feature = \"ENABLE_SMP\")] {\n+        #[cfg(feature = \"ENABLE_SMP\")]\n+        {\n",
              "file: /home/runner/check/batch_7/rel4team/sel4_task/src/scheduler.rs (original lines from 184 to 184)\n-        #[cfg(not(feature = \"ENABLE_SMP\"))] {\n+        #[cfg(not(feature = \"ENABLE_SMP\"))]\n+        {\n",
              "file: /home/runner/check/batch_7/rel4team/sel4_task/src/scheduler.rs (original lines from 190 to 190)\n-\n",
              "file: /home/runner/check/batch_7/rel4team/sel4_task/src/scheduler.rs (original lines from 233 to 233)\n-        let l1index = wordBits - 1 - ksSMP[cpu_id()].ksReadyQueuesL1Bitmap[dom].leading_zeros() as usize;\n+        let l1index =\n+            wordBits - 1 - ksSMP[cpu_id()].ksReadyQueuesL1Bitmap[dom].leading_zeros() as usize;\n",
              "file: /home/runner/check/batch_7/rel4team/sel4_task/src/scheduler.rs (original lines from 235 to 236)\n-        let l2index =\n-            wordBits - 1 - (ksSMP[cpu_id()].ksReadyQueuesL2Bitmap[dom])[l1index_inverted].leading_zeros() as usize;\n+        let l2index = wordBits\n+            - 1\n+            - (ksSMP[cpu_id()].ksReadyQueuesL2Bitmap[dom])[l1index_inverted].leading_zeros()\n+                as usize;\n",
              "file: /home/runner/check/batch_7/rel4team/sel4_task/src/scheduler.rs (original lines from 243 to 243)\n-    #[cfg(feature = \"ENABLE_SMP\")] {\n+    #[cfg(feature = \"ENABLE_SMP\")]\n+    {\n",
              "file: /home/runner/check/batch_7/rel4team/sel4_task/src/scheduler.rs (original lines from 246 to 246)\n-    #[cfg(not(feature = \"ENABLE_SMP\"))] {\n+    #[cfg(not(feature = \"ENABLE_SMP\"))]\n+    {\n",
              "file: /home/runner/check/batch_7/rel4team/sel4_task/src/scheduler.rs (original lines from 256 to 258)\n-        #[cfg(feature = \"ENABLE_SMP\")] {\n-            ksSMP[_cpu].ksReadyQueuesL1Bitmap[dom]|= BIT!(l1index);\n-            ksSMP[_cpu].ksReadyQueuesL2Bitmap[dom][l1index_inverted] |= BIT!(prio & MASK!(wordRadix));\n+        #[cfg(feature = \"ENABLE_SMP\")]\n+        {\n+            ksSMP[_cpu].ksReadyQueuesL1Bitmap[dom] |= BIT!(l1index);\n+            ksSMP[_cpu].ksReadyQueuesL2Bitmap[dom][l1index_inverted] |=\n+                BIT!(prio & MASK!(wordRadix));\n",
              "file: /home/runner/check/batch_7/rel4team/sel4_task/src/scheduler.rs (original lines from 260 to 260)\n-        #[cfg(not(feature = \"ENABLE_SMP\"))] {\n+        #[cfg(not(feature = \"ENABLE_SMP\"))]\n+        {\n",
              "file: /home/runner/check/batch_7/rel4team/sel4_task/src/scheduler.rs (original lines from 272 to 273)\n-        #[cfg(feature = \"ENABLE_SMP\")] {\n-            ksSMP[_cpu].ksReadyQueuesL2Bitmap[dom][l1index_inverted] &= !BIT!(prio & MASK!(wordRadix));\n+        #[cfg(feature = \"ENABLE_SMP\")]\n+        {\n+            ksSMP[_cpu].ksReadyQueuesL2Bitmap[dom][l1index_inverted] &=\n+                !BIT!(prio & MASK!(wordRadix));\n",
              "file: /home/runner/check/batch_7/rel4team/sel4_task/src/scheduler.rs (original lines from 278 to 278)\n-        #[cfg(not(feature = \"ENABLE_SMP\"))] {\n+        #[cfg(not(feature = \"ENABLE_SMP\"))]\n+        {\n",
              "file: /home/runner/check/batch_7/rel4team/sel4_task/src/scheduler.rs (original lines from 301 to 301)\n-\n",
              "file: /home/runner/check/batch_7/rel4team/sel4_task/src/scheduler.rs (original lines from 319 to 319)\n-            #[cfg(feature = \"ENABLE_SMP\")] {\n+            #[cfg(feature = \"ENABLE_SMP\")]\n+            {\n",
              "file: /home/runner/check/batch_7/rel4team/sel4_task/src/scheduler.rs (original lines from 322 to 322)\n-            #[cfg(not(feature = \"ENABLE_SMP\"))] {\n+            #[cfg(not(feature = \"ENABLE_SMP\"))]\n+            {\n",
              "file: /home/runner/check/batch_7/rel4team/sel4_task/src/scheduler.rs (original lines from 329 to 329)\n-                #[cfg(feature = \"ENABLE_SMP\")] {\n+                #[cfg(feature = \"ENABLE_SMP\")]\n+                {\n",
              "file: /home/runner/check/batch_7/rel4team/sel4_task/src/scheduler.rs (original lines from 332 to 332)\n-                #[cfg(not(feature = \"ENABLE_SMP\"))] {\n+                #[cfg(not(feature = \"ENABLE_SMP\"))]\n+                {\n",
              "file: /home/runner/check/batch_7/rel4team/sel4_task/src/scheduler.rs (original lines from 335 to 335)\n-\n",
              "file: /home/runner/check/batch_7/rel4team/sel4_task/src/scheduler.rs (original lines from 380 to 382)\n-            } else if was_runnable\n-                && candidate.tcbPriority == get_currenct_thread().tcbPriority\n-            {\n+            } else if was_runnable && candidate.tcbPriority == get_currenct_thread().tcbPriority {\n",
              "file: /home/runner/check/batch_7/rel4team/sel4_task/src/scheduler.rs (original lines from 393 to 393)\n-        #[cfg(feature = \"ENABLE_SMP\")] {\n+        #[cfg(feature = \"ENABLE_SMP\")]\n+        {\n",
              "file: /home/runner/check/batch_7/rel4team/sel4_task/src/scheduler.rs (original lines from 397 to 397)\n-\n",
              "file: /home/runner/check/batch_7/rel4team/sel4_task/src/scheduler.rs (original lines from 462 to 462)\n-\n",
              "file: /home/runner/check/batch_7/rel4team/sel4_task/src/scheduler.rs (original lines from 465 to 465)\n-\n",
              "file: /home/runner/check/batch_7/rel4team/sel4_task/src/scheduler.rs (original lines from 479 to 481)\n-        ThreadState::ThreadStateIdleThreadState => return {\n-\n-        },\n+        ThreadState::ThreadStateIdleThreadState => return {},\n",
              "file: /home/runner/check/batch_7/rel4team/sel4_task/src/scheduler.rs (original lines from 489 to 489)\n-\n",
              "file: /home/runner/check/batch_7/rel4team/sel4_task/src/scheduler.rs (original lines from 496 to 496)\n-    use crate::deps::{ksIdleThreadTCB, kernel_stack_alloc};\n+    use crate::deps::{kernel_stack_alloc, ksIdleThreadTCB};\n",
              "file: /home/runner/check/batch_7/rel4team/sel4_task/src/scheduler.rs (original lines from 505 to 505)\n-        tcb.set_register(sp, kernel_stack_alloc as usize + BIT!(CONFIG_KERNEL_STACK_BITS));\n+        tcb.set_register(\n+            sp,\n+            kernel_stack_alloc as usize + BIT!(CONFIG_KERNEL_STACK_BITS),\n+        );\n",
              "file: /home/runner/check/batch_7/rel4team/sel4_task/src/scheduler.rs (original lines from 515 to 515)\n-            let pptr = (ksIdleThreadTCB as usize + i * BIT!(seL4_TCBBits))as *mut usize;\n+            let pptr = (ksIdleThreadTCB as usize + i * BIT!(seL4_TCBBits)) as *mut usize;\n",
              "file: /home/runner/check/batch_7/rel4team/sel4_task/src/scheduler.rs (original lines from 521 to 521)\n-            tcb.set_register(sp, kernel_stack_alloc as usize + (i + 1) * BIT!(CONFIG_KERNEL_STACK_BITS));\n+            tcb.set_register(\n+                sp,\n+                kernel_stack_alloc as usize + (i + 1) * BIT!(CONFIG_KERNEL_STACK_BITS),\n+            );\n",
              "file: /home/runner/check/batch_7/rel4team/sel4_task/src/scheduler.rs (original lines from 527 to 528)\n-\n-\n",
              "file: /home/runner/check/batch_7/rel4team/sel4_task/src/scheduler.rs (original lines from 538 to 538)\n+\n"
            ]
          }
        },
        {
          "file": "src/tcb.rs",
          "features": "",
          "count": 44,
          "kinds": {
            "Unformatted": [
              "file: /home/runner/check/batch_7/rel4team/sel4_task/src/tcb.rs (original lines from 4 to 4)\n-use sel4_common::{BIT, MASK};\n",
              "file: /home/runner/check/batch_7/rel4team/sel4_task/src/tcb.rs (original lines from 6 to 9)\n-use sel4_common::registers::{fault_messages, FaultIP, msgInfoRegister, msgRegister, n_contextRegisters, n_exceptionMessage, n_msgRegisters, n_syscallMessage, NextIP, SSTATUS};\n-use sel4_common::utils::{pageBitsForSize, convert_to_mut_type_ref};\n-use sel4_cspace::interface::{cte_t, resolve_address_bits, CapTag, cap_t, mdb_node_t, cte_insert};\n-use sel4_vspace::{set_vm_root, pptr_t, VMReadWrite, VMReadOnly};\n+use sel4_common::registers::{\n+    fault_messages, msgInfoRegister, msgRegister, n_contextRegisters, n_exceptionMessage,\n+    n_msgRegisters, n_syscallMessage, FaultIP, NextIP, SSTATUS,\n+};\n+use sel4_common::utils::{convert_to_mut_type_ref, pageBitsForSize};\n+use sel4_common::{BIT, MASK};\n+use sel4_cspace::interface::{cap_t, cte_insert, cte_t, mdb_node_t, resolve_address_bits, CapTag};\n+use sel4_vspace::{pptr_t, set_vm_root, VMReadOnly, VMReadWrite};\n",
              "file: /home/runner/check/batch_7/rel4team/sel4_task/src/tcb.rs (original lines from 11 to 12)\n-use sel4_common::sel4_config::*;\n-use sel4_common::structures::{seL4_IPCBuffer, exception_t};\n",
              "file: /home/runner/check/batch_7/rel4team/sel4_task/src/tcb.rs (original lines from 14 to 14)\n+use sel4_common::sel4_config::*;\n+use sel4_common::structures::{exception_t, seL4_IPCBuffer};\n",
              "file: /home/runner/check/batch_7/rel4team/sel4_task/src/tcb.rs (original lines from 15 to 16)\n-\n-use super::scheduler::{addToBitmap, get_currenct_thread, possible_switch_to, ready_queues_index, removeFromBitmap, rescheduleRequired, schedule_tcb, set_current_thread};\n+use super::scheduler::{\n+    addToBitmap, get_currenct_thread, possible_switch_to, ready_queues_index, removeFromBitmap,\n+    rescheduleRequired, schedule_tcb, set_current_thread,\n+};\n",
              "file: /home/runner/check/batch_7/rel4team/sel4_task/src/tcb.rs (original lines from 21 to 21)\n-\n",
              "file: /home/runner/check/batch_7/rel4team/sel4_task/src/tcb.rs (original lines from 32 to 32)\n-        Self {registers }\n+        Self { registers }\n",
              "file: /home/runner/check/batch_7/rel4team/sel4_task/src/tcb.rs (original lines from 88 to 89)\n-            ThreadState::ThreadStateInactive | ThreadState::ThreadStateBlockedOnNotification | ThreadState::ThreadStateBlockedOnReceive\n-            | ThreadState::ThreadStateBlockedOnReply | ThreadState::ThreadStateBlockedOnSend => true,\n+            ThreadState::ThreadStateInactive\n+            | ThreadState::ThreadStateBlockedOnNotification\n+            | ThreadState::ThreadStateBlockedOnReceive\n+            | ThreadState::ThreadStateBlockedOnReply\n+            | ThreadState::ThreadStateBlockedOnSend => true,\n",
              "file: /home/runner/check/batch_7/rel4team/sel4_task/src/tcb.rs (original lines from 91 to 91)\n-            _ => false\n+            _ => false,\n",
              "file: /home/runner/check/batch_7/rel4team/sel4_task/src/tcb.rs (original lines from 98 to 99)\n-            ThreadState::ThreadStateRunning | ThreadState::ThreadStateRestart   => true,\n-            _                                                                   => false,\n+            ThreadState::ThreadStateRunning | ThreadState::ThreadStateRestart => true,\n+            _ => false,\n",
              "file: /home/runner/check/batch_7/rel4team/sel4_task/src/tcb.rs (original lines from 183 to 183)\n-    pub fn get_sched_queue(&mut self, index: usize) ->  &'static mut tcb_queue_t {\n+    pub fn get_sched_queue(&mut self, index: usize) -> &'static mut tcb_queue_t {\n",
              "file: /home/runner/check/batch_7/rel4team/sel4_task/src/tcb.rs (original lines from 185 to 185)\n-            #[cfg(feature = \"ENABLE_SMP\")] {\n+            #[cfg(feature = \"ENABLE_SMP\")]\n+            {\n",
              "file: /home/runner/check/batch_7/rel4team/sel4_task/src/tcb.rs (original lines from 189 to 189)\n-            #[cfg(not(feature = \"ENABLE_SMP\"))] {\n+            #[cfg(not(feature = \"ENABLE_SMP\"))]\n+            {\n",
              "file: /home/runner/check/batch_7/rel4team/sel4_task/src/tcb.rs (original lines from 198 to 198)\n-        #[cfg(feature = \"ENABLE_SMP\")] {\n+        #[cfg(feature = \"ENABLE_SMP\")]\n+        {\n",
              "file: /home/runner/check/batch_7/rel4team/sel4_task/src/tcb.rs (original lines from 201 to 201)\n-        #[cfg(not(feature = \"ENABLE_SMP\"))] {\n+        #[cfg(not(feature = \"ENABLE_SMP\"))]\n+        {\n",
              "file: /home/runner/check/batch_7/rel4team/sel4_task/src/tcb.rs (original lines from 213 to 213)\n-                convert_to_mut_type_ref::<tcb_t>(self.tcbSchedPrev).tcbSchedNext = self.tcbSchedNext;\n+                convert_to_mut_type_ref::<tcb_t>(self.tcbSchedPrev).tcbSchedNext =\n+                    self.tcbSchedNext;\n",
              "file: /home/runner/check/batch_7/rel4team/sel4_task/src/tcb.rs (original lines from 221 to 221)\n-                convert_to_mut_type_ref::<tcb_t>(self.tcbSchedNext).tcbSchedPrev = self.tcbSchedPrev;\n+                convert_to_mut_type_ref::<tcb_t>(self.tcbSchedNext).tcbSchedPrev =\n+                    self.tcbSchedPrev;\n",
              "file: /home/runner/check/batch_7/rel4team/sel4_task/src/tcb.rs (original lines from 260 to 261)\n-        use super::scheduler::{ksSMP, ksCurDomain};\n-        use sel4_common::utils::{cpu_id, convert_to_type_ref};\n+        use super::scheduler::{ksCurDomain, ksSMP};\n+        use sel4_common::utils::{convert_to_type_ref, cpu_id};\n",
              "file: /home/runner/check/batch_7/rel4team/sel4_task/src/tcb.rs (original lines from 264 to 265)\n-                let target_current = convert_to_type_ref::<tcb_t>(ksSMP[self.tcbAffinity].ksCurThread);\n-                if ksSMP[self.tcbAffinity].ksIdleThread == ksSMP[self.tcbAffinity].ksCurThread || self.tcbPriority > target_current.tcbPriority {\n+                let target_current =\n+                    convert_to_type_ref::<tcb_t>(ksSMP[self.tcbAffinity].ksCurThread);\n+                if ksSMP[self.tcbAffinity].ksIdleThread == ksSMP[self.tcbAffinity].ksCurThread\n+                    || self.tcbPriority > target_current.tcbPriority\n+                {\n",
              "file: /home/runner/check/batch_7/rel4team/sel4_task/src/tcb.rs (original lines from 272 to 272)\n-\n",
              "file: /home/runner/check/batch_7/rel4team/sel4_task/src/tcb.rs (original lines from 298 to 298)\n-        lookupSlot_raw_ret_t { status: res_ret.status, slot: res_ret.slot }\n+        lookupSlot_raw_ret_t {\n+            status: res_ret.status,\n+            slot: res_ret.slot,\n+        }\n",
              "file: /home/runner/check/batch_7/rel4team/sel4_task/src/tcb.rs (original lines from 344 to 345)\n-        cte_insert(&cap_t::new_reply_cap(can_grant as usize, 0, sender.get_ptr()),\n-                   reply_slot, caller_slot);\n+        cte_insert(\n+            &cap_t::new_reply_cap(can_grant as usize, 0, sender.get_ptr()),\n+            reply_slot,\n+            caller_slot,\n+        );\n",
              "file: /home/runner/check/batch_7/rel4team/sel4_task/src/tcb.rs (original lines from 369 to 369)\n-            return Some(convert_to_mut_type_ref::<seL4_IPCBuffer>(base_ptr + (w_buffer_ptr & MASK!(page_bits))));\n+            return Some(convert_to_mut_type_ref::<seL4_IPCBuffer>(\n+                base_ptr + (w_buffer_ptr & MASK!(page_bits)),\n+            ));\n",
              "file: /home/runner/check/batch_7/rel4team/sel4_task/src/tcb.rs (original lines from 374 to 374)\n-    pub fn lookup_extra_caps(&self, res: &mut [pptr_t; seL4_MsgMaxExtraCaps]) -> Result<(), seL4_Fault_t>{\n+    pub fn lookup_extra_caps(\n+        &self,\n+        res: &mut [pptr_t; seL4_MsgMaxExtraCaps],\n+    ) -> Result<(), seL4_Fault_t> {\n",
              "file: /home/runner/check/batch_7/rel4team/sel4_task/src/tcb.rs (original lines from 382 to 382)\n-                if unlikely(lu_ret.status != exception_t::EXCEPTION_NONE)  {\n+                if unlikely(lu_ret.status != exception_t::EXCEPTION_NONE) {\n",
              "file: /home/runner/check/batch_7/rel4team/sel4_task/src/tcb.rs (original lines from 395 to 395)\n-    pub fn lookup_extra_caps_with_buf(&self, res: &mut [pptr_t; seL4_MsgMaxExtraCaps], buf: Option<&seL4_IPCBuffer>) -> Result<(), seL4_Fault_t>{\n+    pub fn lookup_extra_caps_with_buf(\n+        &self,\n+        res: &mut [pptr_t; seL4_MsgMaxExtraCaps],\n+        buf: Option<&seL4_IPCBuffer>,\n+    ) -> Result<(), seL4_Fault_t> {\n",
              "file: /home/runner/check/batch_7/rel4team/sel4_task/src/tcb.rs (original lines from 403 to 403)\n-                if unlikely(lu_ret.status != exception_t::EXCEPTION_NONE)  {\n+                if unlikely(lu_ret.status != exception_t::EXCEPTION_NONE) {\n",
              "file: /home/runner/check/batch_7/rel4team/sel4_task/src/tcb.rs (original lines from 416 to 416)\n-    pub fn lookup_mut_ipc_buffer(&mut self, is_receiver: bool) -> Option<&'static mut seL4_IPCBuffer> {\n+    pub fn lookup_mut_ipc_buffer(\n+        &mut self,\n+        is_receiver: bool,\n+    ) -> Option<&'static mut seL4_IPCBuffer> {\n",
              "file: /home/runner/check/batch_7/rel4team/sel4_task/src/tcb.rs (original lines from 427 to 427)\n-            return Some(convert_to_mut_type_ref::<seL4_IPCBuffer>(base_ptr + (w_buffer_ptr & MASK!(page_bits))));\n+            return Some(convert_to_mut_type_ref::<seL4_IPCBuffer>(\n+                base_ptr + (w_buffer_ptr & MASK!(page_bits)),\n+            ));\n",
              "file: /home/runner/check/batch_7/rel4team/sel4_task/src/tcb.rs (original lines from 447 to 447)\n-\n",
              "file: /home/runner/check/batch_7/rel4team/sel4_task/src/tcb.rs (original lines from 463 to 463)\n-            },\n+            }\n",
              "file: /home/runner/check/batch_7/rel4team/sel4_task/src/tcb.rs (original lines from 467 to 467)\n-            },\n+            }\n",
              "file: /home/runner/check/batch_7/rel4team/sel4_task/src/tcb.rs (original lines from 478 to 478)\n-            let cptr= buffer.receiveCNode;\n+            let cptr = buffer.receiveCNode;\n",
              "file: /home/runner/check/batch_7/rel4team/sel4_task/src/tcb.rs (original lines from 485 to 485)\n-            if unlikely(lus_ret.status != exception_t::EXCEPTION_NONE || lus_ret.bitsRemaining != 0) {\n+            if unlikely(lus_ret.status != exception_t::EXCEPTION_NONE || lus_ret.bitsRemaining != 0)\n+            {\n",
              "file: /home/runner/check/batch_7/rel4team/sel4_task/src/tcb.rs (original lines from 488 to 488)\n-            return Some(convert_to_mut_type_ref::<cte_t>(lus_ret.slot as usize))\n+            return Some(convert_to_mut_type_ref::<cte_t>(lus_ret.slot as usize));\n",
              "file: /home/runner/check/batch_7/rel4team/sel4_task/src/tcb.rs (original lines from 490 to 490)\n-        return None\n+        return None;\n",
              "file: /home/runner/check/batch_7/rel4team/sel4_task/src/tcb.rs (original lines from 500 to 500)\n-        if let (Some(send_buffer), Some(recv_buffer)) = (self.lookup_ipc_buffer(false), receiver.lookup_mut_ipc_buffer(true)) {\n+        if let (Some(send_buffer), Some(recv_buffer)) = (\n+            self.lookup_ipc_buffer(false),\n+            receiver.lookup_mut_ipc_buffer(true),\n+        ) {\n",
              "file: /home/runner/check/batch_7/rel4team/sel4_task/src/tcb.rs (original lines from 569 to 571)\n-                receiver.set_mr(seL4_CapFault_InRecvPhase, self.tcbFault.cap_fault_get_in_receive_phase());\n-                receiver.set_lookup_fault_mrs(seL4_CapFault_LookupFailureType, &self.tcbLookupFailure)\n-            },\n+                receiver.set_mr(\n+                    seL4_CapFault_InRecvPhase,\n+                    self.tcbFault.cap_fault_get_in_receive_phase(),\n+                );\n+                receiver\n+                    .set_lookup_fault_mrs(seL4_CapFault_LookupFailureType, &self.tcbLookupFailure)\n+            }\n",
              "file: /home/runner/check/batch_7/rel4team/sel4_task/src/tcb.rs (original lines from 574 to 575)\n-                receiver.set_mr(n_syscallMessage, self.tcbFault.unknown_syscall_get_syscall_number())\n-            },\n+                receiver.set_mr(\n+                    n_syscallMessage,\n+                    self.tcbFault.unknown_syscall_get_syscall_number(),\n+                )\n+            }\n",
              "file: /home/runner/check/batch_7/rel4team/sel4_task/src/tcb.rs (original lines from 578 to 580)\n-                receiver.set_mr(n_exceptionMessage, self.tcbFault.user_exeception_get_number());\n-                receiver.set_mr(n_exceptionMessage + 1, self.tcbFault.user_exeception_get_code())\n-            },\n+                receiver.set_mr(\n+                    n_exceptionMessage,\n+                    self.tcbFault.user_exeception_get_number(),\n+                );\n+                receiver.set_mr(\n+                    n_exceptionMessage + 1,\n+                    self.tcbFault.user_exeception_get_code(),\n+                )\n+            }\n",
              "file: /home/runner/check/batch_7/rel4team/sel4_task/src/tcb.rs (original lines from 584 to 584)\n-                receiver.set_mr(seL4_VMFault_PrefetchFault, self.tcbFault.vm_fault_get_instruction_fault());\n+                receiver.set_mr(\n+                    seL4_VMFault_PrefetchFault,\n+                    self.tcbFault.vm_fault_get_instruction_fault(),\n+                );\n",
              "file: /home/runner/check/batch_7/rel4team/sel4_task/src/tcb.rs (original lines from 586 to 586)\n-            },\n+            }\n",
              "file: /home/runner/check/batch_7/rel4team/sel4_task/src/tcb.rs (original lines from 592 to 592)\n-\n",
              "file: /home/runner/check/batch_7/rel4team/sel4_task/src/tcb.rs (original lines from 600 to 600)\n+\n"
            ]
          }
        },
        {
          "file": "src/lib.rs",
          "features": "",
          "count": 5,
          "kinds": {
            "Unformatted": [
              "file: /home/runner/check/batch_7/rel4team/sel4_task/src/lib.rs (original lines from 7 to 11)\n-mod thread_state;\n-mod tcb_queue;\n-pub mod tcb;\n-mod structures;\n-mod scheduler;\n",
              "file: /home/runner/check/batch_7/rel4team/sel4_task/src/lib.rs (original lines from 13 to 13)\n+mod scheduler;\n+mod structures;\n+pub mod tcb;\n+mod tcb_queue;\n+mod thread_state;\n",
              "file: /home/runner/check/batch_7/rel4team/sel4_task/src/lib.rs (original lines from 14 to 14)\n-pub use tcb::*;\n",
              "file: /home/runner/check/batch_7/rel4team/sel4_task/src/lib.rs (original lines from 16 to 17)\n-pub use thread_state::*;\n-pub use tcb_queue::*;\n",
              "file: /home/runner/check/batch_7/rel4team/sel4_task/src/lib.rs (original lines from 19 to 19)\n+pub use tcb::*;\n+pub use tcb_queue::*;\n+pub use thread_state::*;\n+\n"
            ]
          }
        },
        {
          "file": "src/deps.rs",
          "features": "",
          "count": 2,
          "kinds": {
            "Unformatted": [
              "file: /home/runner/check/batch_7/rel4team/sel4_task/src/deps.rs (original lines from 1 to 1)\n-\n",
              "file: /home/runner/check/batch_7/rel4team/sel4_task/src/deps.rs (original lines from 7 to 7)\n+\n"
            ]
          }
        },
        {
          "file": "src/tcb_queue.rs",
          "features": "",
          "count": 2,
          "kinds": {
            "Unformatted": [
              "file: /home/runner/check/batch_7/rel4team/sel4_task/src/tcb_queue.rs (original lines from 5 to 5)\n-\n",
              "file: /home/runner/check/batch_7/rel4team/sel4_task/src/tcb_queue.rs (original lines from 42 to 42)\n-        return self.head == 0\n+        return self.head == 0;\n"
            ]
          }
        },
        {
          "file": "src/thread_state.rs",
          "features": "",
          "count": 2,
          "kinds": {
            "Unformatted": [
              "file: /home/runner/check/batch_7/rel4team/sel4_task/src/thread_state.rs (original lines from 32 to 34)\n-        unsafe {\n-            core::mem::transmute::<u8, ThreadState>(self.get_ts_type() as u8)\n-        }\n+        unsafe { core::mem::transmute::<u8, ThreadState>(self.get_ts_type() as u8) }\n",
              "file: /home/runner/check/batch_7/rel4team/sel4_task/src/thread_state.rs (original lines from 37 to 37)\n+\n"
            ]
          }
        },
        {
          "file": "(virtual) clippy",
          "features": "",
          "count": 1,
          "kinds": {
            "Cargo": [
              "// pkg_name=sel4_task, checker=Clippy\n// toolchain=nightly-2025-06-26-x86_64-unknown-linux-gnu, target=riscv64gc-unknown-none-elf\n// features=\n// pkg_dir=/home/runner/check/batch_7/rel4team/sel4_task\n// cmd=cargo clippy --target riscv64gc-unknown-none-elf  --no-deps\n// timestamp=2025-06-28 12:07:58.422071493 +08:00:00\n   Compiling memchr v2.7.5\n   Compiling proc-macro2 v1.0.95\n   Compiling unicode-ident v1.0.18\n   Compiling regex-syntax v0.8.5\n   Compiling thiserror v2.0.12\n   Compiling ucd-trie v0.1.7\n   Compiling aho-corasick v1.1.3\n   Compiling quote v1.0.40\n   Compiling syn v2.0.104\n   Compiling lazy_static v1.5.0\n   Compiling semver-parser v0.7.0\n   Compiling semver v0.9.0\n   Compiling rustix v0.38.44\n   Compiling regex-automata v0.4.9\n   Compiling rustc_version v0.2.3\n   Compiling linux-raw-sys v0.4.15\n   Compiling bitflags v2.9.1\n   Compiling bare-metal v0.2.5\n   Compiling autocfg v1.5.0\n   Compiling regex v1.11.1\n   Compiling thiserror-impl v2.0.12\n   Compiling riscv-target v0.1.2\n   Compiling either v1.15.0\n   Compiling home v0.5.11\n   Compiling syn v1.0.109\n   Compiling which v4.4.2\n   Compiling lock_api v0.4.13\n   Compiling sel4-rustfmt-helper v0.1.0 (https://github.com/rel4team/rust_sel4_pbf_parser/?branch=mi_dev#34240530)\n    Checking log v0.4.27\n    Checking bit_field v0.10.2\n   Compiling glob v0.3.2\n   Compiling pest v2.8.1\n   Compiling sel4-bitfield-types v0.1.0 (https://github.com/rel4team/rust_sel4_pbf_parser/?branch=mi_dev#34240530)\n    Checking bitflags v1.3.2\n    Checking serial-frame v0.1.0 (https://github.com/rel4team/serial-frame.git?branch=mi_dev#84501a76)\n    Checking scopeguard v1.2.0\n   Compiling riscv v0.6.0 (https://github.com/rcore-os/riscv#11d43cf7)\n    Checking tock-registers v0.9.0\n    Checking serial-impl-pl011 v0.1.0 (https://github.com/rel4team/serial-impl-pl011.git?branch=mi_dev#83e073e1)\n    Checking spin v0.9.8\n    Checking serial-impl-sbi v0.1.0 (https://github.com/rel4team/serial-impl-sbi.git?branch=mi_dev#4face963)\n   Compiling riscv v0.6.0 (https://gitee.com/rcore-os/riscv#11d43cf7)\n    Checking tock-registers v0.8.1\n    Checking cfg-if v1.0.1\n    Checking driver-collect v0.1.0 (https://github.com/rel4team/driver-collect.git?branch=mi_dev#3667ef6a)\n    Checking aarch64-cpu v9.4.0\n   Compiling pest_meta v2.8.1\n    Checking sel4_common v0.1.0 (https://github.com/rel4team/sel4_common.git#70d9ea26)\n   Compiling pest_generator v2.8.1\n   Compiling pest_derive v2.8.1\n   Compiling sel4-bitfield-parser v0.1.0 (https://github.com/rel4team/rust_sel4_pbf_parser/?branch=mi_dev#34240530)\n   Compiling rust_sel4_pbf_parser v0.1.0 (https://github.com/rel4team/rust_sel4_pbf_parser/?branch=mi_dev#34240530)\n   Compiling sel4_common v0.1.0 (https://github.com/rel4team/sel4_common.git?branch=mi_dev#bfc7c3c7)\nerror: failed to run custom build command for `sel4_common v0.1.0 (https://github.com/rel4team/sel4_common.git?branch=mi_dev#bfc7c3c7)`\n\nCaused by:\n  process didn't exit successfully: `/home/runner/check/batch_7/rel4team/sel4_task/target/debug/build/sel4_common-b6132cf9ccf31cd4/build-script-build` (exit status: 1)\n  --- stdout\n  dir /home/runner/check/batch_7/rel4team/sel4_task/target/riscv64gc-unknown-none-elf/debug/build/sel4_common-82a5a5e73d993a98/out/pbf not exist, and no need to del\n  Directory created successfully: /home/runner/check/batch_7/rel4team/sel4_task/target/riscv64gc-unknown-none-elf/debug/build/sel4_common-82a5a5e73d993a98/out/pbf\n\n  --- stderr\n  Failed to copy file: No such file or directory (os error 2)\n"
            ]
          }
        },
        {
          "file": "(virtual) lockbud",
          "features": "",
          "count": 1,
          "kinds": {
            "Cargo": [
              "// pkg_name=sel4_task, checker=Lockbud\n// toolchain=nightly-2025-06-26-x86_64-unknown-linux-gnu, target=riscv64gc-unknown-none-elf\n// features=\n// pkg_dir=/home/runner/check/batch_7/rel4team/sel4_task\n// cmd=cargo +nightly-2025-02-01 lockbud -k all -- --target riscv64gc-unknown-none-elf \n// timestamp=2025-06-28 12:08:20.668737919 +08:00:00\n   Compiling memchr v2.7.5\n   Compiling proc-macro2 v1.0.95\n   Compiling unicode-ident v1.0.18\n   Compiling regex-syntax v0.8.5\n   Compiling thiserror v2.0.12\n   Compiling semver-parser v0.7.0\n   Compiling aho-corasick v1.1.3\n   Compiling quote v1.0.40\n   Compiling syn v2.0.104\n   Compiling lazy_static v1.5.0\n   Compiling ucd-trie v0.1.7\n   Compiling semver v0.9.0\n   Compiling rustix v0.38.44\n   Compiling rustc_version v0.2.3\n   Compiling regex-automata v0.4.9\n   Compiling bitflags v2.9.1\n   Compiling linux-raw-sys v0.4.15\n   Compiling bare-metal v0.2.5\n   Compiling home v0.5.11\n   Compiling either v1.15.0\n   Compiling syn v1.0.109\n   Compiling autocfg v1.5.0\n   Compiling lock_api v0.4.13\n   Compiling thiserror-impl v2.0.12\n   Compiling regex v1.11.1\n   Compiling riscv-target v0.1.2\n[2025-06-28T04:08:26Z WARN  lockbud::callbacks] [\n      {\n        \"AtomicityViolation\": {\n          \"bug_kind\": \"AtomicityViolation\",\n          \"possibility\": \"Possibly\",\n          \"diagnosis\": {\n            \"fn_name\": \"regex_automata::util::pool::inner::Pool::<T, F>::get\",\n            \"atomic_reader\": \"/home/runner/.cargo/registry/src/index.crates.io-1949cf8c6b5b557f/regex-automata-0.4.9/src/util/pool.rs:525:25: 525:59 (#0)\",\n            \"atomic_writer\": \"/home/runner/.cargo/registry/src/index.crates.io-1949cf8c6b5b557f/regex-automata-0.4.9/src/util/pool.rs:530:17: 530:69 (#0)\",\n            \"dep_kind\": \"Control\"\n          },\n          \"explanation\": \"atomic::store is data/control dependent on atomic::load\"\n        }\n      }\n    ]\n[2025-06-28T04:08:26Z WARN  lockbud::callbacks] crate riscv_target contains bugs: { probably: 0, possibly: 0 }, conflictlock: { probably: 0, possibly: 0 }, condvar_deadlock: { probably: 0, possibly: 0 }, atomicity_violation: { possibly: 1 }, invalid_free: { possibly: 0 }, use_after_free: { possibly: 0 }\n   Compiling which v4.4.2\n   Compiling pest v2.8.1\n   Compiling sel4-rustfmt-helper v0.1.0 (https://github.com/rel4team/rust_sel4_pbf_parser/?branch=mi_dev#34240530)\n   Compiling scopeguard v1.2.0\n   Compiling bitflags v1.3.2\n   Compiling serial-frame v0.1.0 (https://github.com/rel4team/serial-frame.git?branch=mi_dev#84501a76)\n   Compiling glob v0.3.2\n   Compiling bit_field v0.10.2\n   Compiling sel4-bitfield-types v0.1.0 (https://github.com/rel4team/rust_sel4_pbf_parser/?branch=mi_dev#34240530)\n   Compiling log v0.4.27\n   Compiling riscv v0.6.0 (https://github.com/rcore-os/riscv#11d43cf7)\n[2025-06-28T04:08:28Z WARN  lockbud::callbacks] [\n      {\n        \"AtomicityViolation\": {\n          \"bug_kind\": \"AtomicityViolation\",\n          \"possibility\": \"Possibly\",\n          \"diagnosis\": {\n            \"fn_name\": \"set_logger_racy\",\n            \"atomic_reader\": \"/home/runner/.cargo/registry/src/index.crates.io-1949cf8c6b5b557f/log-0.4.27/src/lib.rs:1455:11: 1455:40 (#0)\",\n            \"atomic_writer\": \"/home/runner/.cargo/registry/src/index.crates.io-1949cf8c6b5b557f/log-0.4.27/src/lib.rs:1458:13: 1458:56 (#0)\",\n            \"dep_kind\": \"Control\"\n          },\n          \"explanation\": \"atomic::store is data/control dependent on atomic::load\"\n        }\n      }\n    ]\n[2025-06-28T04:08:28Z WARN  lockbud::callbacks] crate log contains bugs: { probably: 0, possibly: 0 }, conflictlock: { probably: 0, possibly: 0 }, condvar_deadlock: { probably: 0, possibly: 0 }, atomicity_violation: { possibly: 1 }, invalid_free: { possibly: 0 }, use_after_free: { possibly: 0 }\n   Compiling tock-registers v0.9.0\n   Compiling spin v0.9.8\n   Compiling serial-impl-pl011 v0.1.0 (https://github.com/rel4team/serial-impl-pl011.git?branch=mi_dev#83e073e1)\n   Compiling riscv v0.6.0 (https://gitee.com/rcore-os/riscv#11d43cf7)\n   Compiling serial-impl-sbi v0.1.0 (https://github.com/rel4team/serial-impl-sbi.git?branch=mi_dev#4face963)\n   Compiling tock-registers v0.8.1\n   Compiling cfg-if v1.0.1\n   Compiling driver-collect v0.1.0 (https://github.com/rel4team/driver-collect.git?branch=mi_dev#3667ef6a)\n   Compiling pest_meta v2.8.1\n   Compiling aarch64-cpu v9.4.0\n   Compiling pest_generator v2.8.1\n   Compiling sel4_common v0.1.0 (https://github.com/rel4team/sel4_common.git#70d9ea26)\n   Compiling pest_derive v2.8.1\n   Compiling sel4-bitfield-parser v0.1.0 (https://github.com/rel4team/rust_sel4_pbf_parser/?branch=mi_dev#34240530)\n[2025-06-28T04:08:32Z WARN  lockbud::callbacks] [\n      {\n        \"AtomicityViolation\": {\n          \"bug_kind\": \"AtomicityViolation\",\n          \"possibility\": \"Possibly\",\n          \"diagnosis\": {\n            \"fn_name\": \"regex_automata::util::pool::inner::Pool::<T, F>::get\",\n            \"atomic_reader\": \"/home/runner/.cargo/registry/src/index.crates.io-1949cf8c6b5b557f/regex-automata-0.4.9/src/util/pool.rs:525:25: 525:59 (#0)\",\n            \"atomic_writer\": \"/home/runner/.cargo/registry/src/index.crates.io-1949cf8c6b5b557f/regex-automata-0.4.9/src/util/pool.rs:530:17: 530:69 (#0)\",\n            \"dep_kind\": \"Control\"\n          },\n          \"explanation\": \"atomic::store is data/control dependent on atomic::load\"\n        }\n      }\n    ]\n[2025-06-28T04:08:32Z WARN  lockbud::callbacks] crate sel4_bitfield_parser contains bugs: { probably: 0, possibly: 0 }, conflictlock: { probably: 0, possibly: 0 }, condvar_deadlock: { probably: 0, possibly: 0 }, atomicity_violation: { possibly: 1 }, invalid_free: { possibly: 0 }, use_after_free: { possibly: 0 }\n   Compiling rust_sel4_pbf_parser v0.1.0 (https://github.com/rel4team/rust_sel4_pbf_parser/?branch=mi_dev#34240530)\n   Compiling sel4_common v0.1.0 (https://github.com/rel4team/sel4_common.git?branch=mi_dev#bfc7c3c7)\nerror: failed to run custom build command for `sel4_common v0.1.0 (https://github.com/rel4team/sel4_common.git?branch=mi_dev#bfc7c3c7)`\n\nCaused by:\n  process didn't exit successfully: `/home/runner/check/batch_7/rel4team/sel4_task/target/debug/build/sel4_common-842a1e9d1de0b4c2/build-script-build` (exit status: 1)\n  --- stdout\n  dir /home/runner/check/batch_7/rel4team/sel4_task/target/riscv64gc-unknown-none-elf/debug/build/sel4_common-4d14804cb1f8092d/out/pbf not exist, and no need to del\n  Directory created successfully: /home/runner/check/batch_7/rel4team/sel4_task/target/riscv64gc-unknown-none-elf/debug/build/sel4_common-4d14804cb1f8092d/out/pbf\n\n  --- stderr\n  Failed to copy file: No such file or directory (os error 2)\n"
            ]
          }
        },
        {
          "file": "(virtual) rapx",
          "features": "",
          "count": 1,
          "kinds": {
            "Cargo": [
              "// pkg_name=sel4_task, checker=Rapx\n// toolchain=nightly-2025-06-26-x86_64-unknown-linux-gnu, target=riscv64gc-unknown-none-elf\n// features=\n// pkg_dir=/home/runner/check/batch_7/rel4team/sel4_task\n// cmd=cargo +nightly-2024-10-12 rapx -F -M -- --target riscv64gc-unknown-none-elf \n// timestamp=2025-06-28 12:08:33.101452653 +08:00:00\n   Compiling memchr v2.7.5\n   Compiling proc-macro2 v1.0.95\n   Compiling regex-syntax v0.8.5\n   Compiling unicode-ident v1.0.18\n   Compiling thiserror v2.0.12\n   Compiling aho-corasick v1.1.3\n   Compiling ucd-trie v0.1.7\n   Compiling quote v1.0.40\n   Compiling semver-parser v0.7.0\n   Compiling syn v2.0.104\n   Compiling lazy_static v1.5.0\n   Compiling regex-automata v0.4.9\n   Compiling semver v0.9.0\n   Compiling rustix v0.38.44\n   Compiling rustc_version v0.2.3\n   Compiling regex v1.11.1\n   Compiling bitflags v2.9.1\n   Compiling linux-raw-sys v0.4.15\n   Compiling riscv-target v0.1.2\n   Compiling bare-metal v0.2.5\n   Compiling syn v1.0.109\n   Compiling thiserror-impl v2.0.12\n   Compiling autocfg v1.5.0\n   Compiling home v0.5.11\n   Compiling either v1.15.0\n   Compiling which v4.4.2\n   Compiling lock_api v0.4.13\n   Compiling sel4-rustfmt-helper v0.1.0 (https://github.com/rel4team/rust_sel4_pbf_parser/?branch=mi_dev#34240530)\n    Checking bit_field v0.10.2\n   Compiling pest v2.8.1\n    Checking bitflags v1.3.2\n    Checking serial-frame v0.1.0 (https://github.com/rel4team/serial-frame.git?branch=mi_dev#84501a76)\n   Compiling glob v0.3.2\n   Compiling sel4-bitfield-types v0.1.0 (https://github.com/rel4team/rust_sel4_pbf_parser/?branch=mi_dev#34240530)\n    Checking log v0.4.27\n    Checking scopeguard v1.2.0\n   Compiling riscv v0.6.0 (https://github.com/rcore-os/riscv#11d43cf7)\n    Checking tock-registers v0.9.0\n    Checking serial-impl-pl011 v0.1.0 (https://github.com/rel4team/serial-impl-pl011.git?branch=mi_dev#83e073e1)\n    Checking spin v0.9.8\n    Checking serial-impl-sbi v0.1.0 (https://github.com/rel4team/serial-impl-sbi.git?branch=mi_dev#4face963)\n   Compiling riscv v0.6.0 (https://gitee.com/rcore-os/riscv#11d43cf7)\n    Checking tock-registers v0.8.1\n   Compiling pest_meta v2.8.1\n    Checking cfg-if v1.0.1\n    Checking aarch64-cpu v9.4.0\n    Checking driver-collect v0.1.0 (https://github.com/rel4team/driver-collect.git?branch=mi_dev#3667ef6a)\n   Compiling pest_generator v2.8.1\n    Checking sel4_common v0.1.0 (https://github.com/rel4team/sel4_common.git#70d9ea26)\n   Compiling pest_derive v2.8.1\n   Compiling sel4-bitfield-parser v0.1.0 (https://github.com/rel4team/rust_sel4_pbf_parser/?branch=mi_dev#34240530)\n   Compiling rust_sel4_pbf_parser v0.1.0 (https://github.com/rel4team/rust_sel4_pbf_parser/?branch=mi_dev#34240530)\n   Compiling sel4_common v0.1.0 (https://github.com/rel4team/sel4_common.git?branch=mi_dev#bfc7c3c7)\nerror: failed to run custom build command for `sel4_common v0.1.0 (https://github.com/rel4team/sel4_common.git?branch=mi_dev#bfc7c3c7)`\n\nCaused by:\n  process didn't exit successfully: `/home/runner/check/batch_7/rel4team/sel4_task/target/debug/build/sel4_common-88b2bac4ff206ff6/build-script-build` (exit status: 1)\n  --- stdout\n  dir /home/runner/check/batch_7/rel4team/sel4_task/target/riscv64gc-unknown-none-elf/debug/build/sel4_common-86636cbd85b1e3be/out/pbf not exist, and no need to del\n  Directory created successfully: /home/runner/check/batch_7/rel4team/sel4_task/target/riscv64gc-unknown-none-elf/debug/build/sel4_common-86636cbd85b1e3be/out/pbf\n\n  --- stderr\n  Failed to copy file: No such file or directory (os error 2)\n04:08:45|RAP|ERROR|: Finished with non-zero exit code.\n"
            ]
          }
        },
        {
          "file": "(virtual) semver-checks",
          "features": "",
          "count": 1,
          "kinds": {
            "Cargo": [
              "// pkg_name=sel4_task, checker=SemverChecks\n// toolchain=nightly-2025-06-26-x86_64-unknown-linux-gnu, target=riscv64gc-unknown-none-elf\n// features=\n// pkg_dir=/home/runner/check/batch_7/rel4team/sel4_task\n// cmd=cargo +nightly-2025-06-26-x86_64-unknown-linux-gnu semver-checks --target riscv64gc-unknown-none-elf \n// timestamp=2025-06-28 12:08:08.364453715 +08:00:00\n    Building sel4_task v0.1.0 (current)\nerror: running cargo-doc on crate 'sel4_task' failed with output:\n-----\n   Compiling memchr v2.7.5\n   Compiling proc-macro2 v1.0.95\n   Compiling regex-syntax v0.8.5\n   Compiling unicode-ident v1.0.18\n   Compiling thiserror v2.0.12\n   Compiling ucd-trie v0.1.7\n   Compiling aho-corasick v1.1.3\n   Compiling quote v1.0.40\n   Compiling syn v2.0.104\n   Compiling lazy_static v1.5.0\n   Compiling semver-parser v0.7.0\n   Compiling semver v0.9.0\n   Compiling rustix v0.38.44\n   Compiling regex-automata v0.4.9\n   Compiling rustc_version v0.2.3\n   Compiling bitflags v2.9.1\n   Compiling linux-raw-sys v0.4.15\n   Compiling bare-metal v0.2.5\n   Compiling either v1.15.0\n   Compiling syn v1.0.109\n   Compiling home v0.5.11\n   Compiling regex v1.11.1\n   Compiling thiserror-impl v2.0.12\n   Compiling riscv-target v0.1.2\n   Compiling autocfg v1.5.0\n   Compiling lock_api v0.4.13\n   Compiling which v4.4.2\n   Compiling pest v2.8.1\n   Compiling sel4-rustfmt-helper v0.1.0 (https://github.com/rel4team/rust_sel4_pbf_parser/?branch=mi_dev#34240530)\n    Checking bit_field v0.10.2\n   Compiling sel4-bitfield-types v0.1.0 (https://github.com/rel4team/rust_sel4_pbf_parser/?branch=mi_dev#34240530)\n    Checking bitflags v1.3.2\n   Compiling glob v0.3.2\n    Checking scopeguard v1.2.0\n    Checking log v0.4.27\n    Checking serial-frame v0.1.0 (https://github.com/rel4team/serial-frame.git?branch=mi_dev#84501a76)\n   Compiling riscv v0.6.0 (https://github.com/rcore-os/riscv#11d43cf7)\n    Checking tock-registers v0.9.0\n    Checking serial-impl-pl011 v0.1.0 (https://github.com/rel4team/serial-impl-pl011.git?branch=mi_dev#83e073e1)\n    Checking spin v0.9.8\n    Checking serial-impl-sbi v0.1.0 (https://github.com/rel4team/serial-impl-sbi.git?branch=mi_dev#4face963)\n   Compiling riscv v0.6.0 (https://gitee.com/rcore-os/riscv#11d43cf7)\n    Checking cfg-if v1.0.1\n    Checking tock-registers v0.8.1\n    Checking aarch64-cpu v9.4.0\n    Checking driver-collect v0.1.0 (https://github.com/rel4team/driver-collect.git?branch=mi_dev#3667ef6a)\n   Compiling pest_meta v2.8.1\n   Compiling pest_generator v2.8.1\n    Checking sel4_common v0.1.0 (https://github.com/rel4team/sel4_common.git#70d9ea26)\n   Compiling pest_derive v2.8.1\n   Compiling sel4-bitfield-parser v0.1.0 (https://github.com/rel4team/rust_sel4_pbf_parser/?branch=mi_dev#34240530)\n   Compiling rust_sel4_pbf_parser v0.1.0 (https://github.com/rel4team/rust_sel4_pbf_parser/?branch=mi_dev#34240530)\n   Compiling sel4_common v0.1.0 (https://github.com/rel4team/sel4_common.git?branch=mi_dev#bfc7c3c7)\nerror: failed to run custom build command for `sel4_common v0.1.0 (https://github.com/rel4team/sel4_common.git?branch=mi_dev#bfc7c3c7)`\n\nCaused by:\n  process didn't exit successfully: `/home/runner/check/batch_7/rel4team/sel4_task/target/semver-checks/local-sel4_task-0_1_0-riscv64gc_unknown_none_elf-a03767e473d570c9/target/debug/build/sel4_common-b6132cf9ccf31cd4/build-script-build` (exit status: 1)\n  --- stdout\n  dir /home/runner/check/batch_7/rel4team/sel4_task/target/semver-checks/local-sel4_task-0_1_0-riscv64gc_unknown_none_elf-a03767e473d570c9/target/riscv64gc-unknown-none-elf/debug/build/sel4_common-54f8ca345015085f/out/pbf not exist, and no need to del\n  Directory created successfully: /home/runner/check/batch_7/rel4team/sel4_task/target/semver-checks/local-sel4_task-0_1_0-riscv64gc_unknown_none_elf-a03767e473d570c9/target/riscv64gc-unknown-none-elf/debug/build/sel4_common-54f8ca345015085f/out/pbf\n\n  --- stderr\n  Failed to copy file: No such file or directory (os error 2)\n\n-----\n\nerror: failed to build rustdoc for crate sel4_task v0.1.0\nnote: this is usually due to a compilation error in the crate,\n      and is unlikely to be a bug in cargo-semver-checks\nnote: the following command can be used to reproduce the compilation error:\n      cargo new --lib example &&\n          cd example &&\n          echo '[workspace]' >> Cargo.toml &&\n          cargo add --path /home/runner/check/batch_7/rel4team/sel4_task --features ENABLE_SMP &&\n          cargo check\n\nerror: aborting due to failure to build rustdoc for crate sel4_task v0.1.0\n"
            ]
          }
        },
        {
          "file": "(virtual) udeps",
          "features": "",
          "count": 1,
          "kinds": {
            "Cargo": [
              "// pkg_name=sel4_task, checker=Udeps\n// toolchain=nightly-2025-06-26-x86_64-unknown-linux-gnu, target=riscv64gc-unknown-none-elf\n// features=\n// pkg_dir=/home/runner/check/batch_7/rel4team/sel4_task\n// cmd=cargo +nightly-2025-06-26-x86_64-unknown-linux-gnu udeps --target riscv64gc-unknown-none-elf \n// timestamp=2025-06-28 12:08:50.927933982 +08:00:00\n   Compiling memchr v2.7.5\n   Compiling proc-macro2 v1.0.95\n   Compiling regex-syntax v0.8.5\n   Compiling unicode-ident v1.0.18\n   Compiling thiserror v2.0.12\n   Compiling lazy_static v1.5.0\n   Compiling semver-parser v0.7.0\n   Compiling aho-corasick v1.1.3\n   Compiling quote v1.0.40\n   Compiling syn v2.0.104\n   Compiling ucd-trie v0.1.7\n   Compiling semver v0.9.0\n   Compiling rustix v0.38.44\n   Compiling regex-automata v0.4.9\n   Compiling rustc_version v0.2.3\n   Compiling linux-raw-sys v0.4.15\n   Compiling bitflags v2.9.1\n   Compiling bare-metal v0.2.5\n   Compiling home v0.5.11\n   Compiling either v1.15.0\n   Compiling regex v1.11.1\n   Compiling thiserror-impl v2.0.12\n   Compiling riscv-target v0.1.2\n   Compiling autocfg v1.5.0\n   Compiling syn v1.0.109\n   Compiling which v4.4.2\n   Compiling lock_api v0.4.13\n   Compiling sel4-rustfmt-helper v0.1.0 (https://github.com/rel4team/rust_sel4_pbf_parser/?branch=mi_dev#34240530)\n    Checking scopeguard v1.2.0\n    Checking serial-frame v0.1.0 (https://github.com/rel4team/serial-frame.git?branch=mi_dev#84501a76)\n    Checking bitflags v1.3.2\n    Checking log v0.4.27\n    Checking bit_field v0.10.2\n   Compiling sel4-bitfield-types v0.1.0 (https://github.com/rel4team/rust_sel4_pbf_parser/?branch=mi_dev#34240530)\n   Compiling pest v2.8.1\n   Compiling glob v0.3.2\n   Compiling riscv v0.6.0 (https://github.com/rcore-os/riscv#11d43cf7)\n    Checking tock-registers v0.9.0\n    Checking spin v0.9.8\n    Checking serial-impl-pl011 v0.1.0 (https://github.com/rel4team/serial-impl-pl011.git?branch=mi_dev#83e073e1)\n   Compiling riscv v0.6.0 (https://gitee.com/rcore-os/riscv#11d43cf7)\n    Checking serial-impl-sbi v0.1.0 (https://github.com/rel4team/serial-impl-sbi.git?branch=mi_dev#4face963)\n    Checking tock-registers v0.8.1\n    Checking cfg-if v1.0.1\n    Checking driver-collect v0.1.0 (https://github.com/rel4team/driver-collect.git?branch=mi_dev#3667ef6a)\n    Checking aarch64-cpu v9.4.0\n   Compiling pest_meta v2.8.1\n    Checking sel4_common v0.1.0 (https://github.com/rel4team/sel4_common.git#70d9ea26)\n   Compiling pest_generator v2.8.1\n   Compiling pest_derive v2.8.1\n   Compiling sel4-bitfield-parser v0.1.0 (https://github.com/rel4team/rust_sel4_pbf_parser/?branch=mi_dev#34240530)\n   Compiling rust_sel4_pbf_parser v0.1.0 (https://github.com/rel4team/rust_sel4_pbf_parser/?branch=mi_dev#34240530)\n   Compiling sel4_common v0.1.0 (https://github.com/rel4team/sel4_common.git?branch=mi_dev#bfc7c3c7)\nerror: failed to run custom build command for `sel4_common v0.1.0 (https://github.com/rel4team/sel4_common.git?branch=mi_dev#bfc7c3c7)`\n\nCaused by:\n  process didn't exit successfully: `/home/runner/check/batch_7/rel4team/sel4_task/target/debug/build/sel4_common-842a1e9d1de0b4c2/build-script-build` (exit status: 1)\n  --- stdout\n  dir /home/runner/check/batch_7/rel4team/sel4_task/target/riscv64gc-unknown-none-elf/debug/build/sel4_common-4d14804cb1f8092d/out/pbf not exist, and no need to del\n  Directory created successfully: /home/runner/check/batch_7/rel4team/sel4_task/target/riscv64gc-unknown-none-elf/debug/build/sel4_common-4d14804cb1f8092d/out/pbf\n\n  --- stderr\n  Failed to copy file: No such file or directory (os error 2)\n"
            ]
          }
        },
        {
          "file": "[Lockbud] deadlock detection",
          "features": "",
          "count": 1,
          "kinds": {
            "Lockbud(Possibly)": [
              "[2025-06-28T04:08:26Z WARN  lockbud::callbacks] [\n      {\n        \"AtomicityViolation\": {\n          \"bug_kind\": \"AtomicityViolation\",\n          \"possibility\": \"Possibly\",\n          \"diagnosis\": {\n            \"fn_name\": \"regex_automata::util::pool::inner::Pool::<T, F>::get\",\n            \"atomic_reader\": \"/home/runner/.cargo/registry/src/index.crates.io-1949cf8c6b5b557f/regex-automata-0.4.9/src/util/pool.rs:525:25: 525:59 (#0)\",\n            \"atomic_writer\": \"/home/runner/.cargo/registry/src/index.crates.io-1949cf8c6b5b557f/regex-automata-0.4.9/src/util/pool.rs:530:17: 530:69 (#0)\",\n            \"dep_kind\": \"Control\"\n          },\n          \"explanation\": \"atomic::store is data/control dependent on atomic::load\"\n        }\n      }\n    ]\n[2025-06-28T04:08:26Z WARN  lockbud::callbacks] crate riscv_target contains bugs: { probably: 0, possibly: 0 }, conflictlock: { probably: 0, possibly: 0 }, condvar_deadlock: { probably: 0, possibly: 0 }, atomicity_violation: { possibly: 1 }, invalid_free: { possibly: 0 }, use_after_free: { possibly: 0 }\n[2025-06-28T04:08:28Z WARN  lockbud::callbacks] [\n      {\n        \"AtomicityViolation\": {\n          \"bug_kind\": \"AtomicityViolation\",\n          \"possibility\": \"Possibly\",\n          \"diagnosis\": {\n            \"fn_name\": \"set_logger_racy\",\n            \"atomic_reader\": \"/home/runner/.cargo/registry/src/index.crates.io-1949cf8c6b5b557f/log-0.4.27/src/lib.rs:1455:11: 1455:40 (#0)\",\n            \"atomic_writer\": \"/home/runner/.cargo/registry/src/index.crates.io-1949cf8c6b5b557f/log-0.4.27/src/lib.rs:1458:13: 1458:56 (#0)\",\n            \"dep_kind\": \"Control\"\n          },\n          \"explanation\": \"atomic::store is data/control dependent on atomic::load\"\n        }\n      }\n    ]\n[2025-06-28T04:08:28Z WARN  lockbud::callbacks] crate log contains bugs: { probably: 0, possibly: 0 }, conflictlock: { probably: 0, possibly: 0 }, condvar_deadlock: { probably: 0, possibly: 0 }, atomicity_violation: { possibly: 1 }, invalid_free: { possibly: 0 }, use_after_free: { possibly: 0 }\n[2025-06-28T04:08:32Z WARN  lockbud::callbacks] [\n      {\n        \"AtomicityViolation\": {\n          \"bug_kind\": \"AtomicityViolation\",\n          \"possibility\": \"Possibly\",\n          \"diagnosis\": {\n            \"fn_name\": \"regex_automata::util::pool::inner::Pool::<T, F>::get\",\n            \"atomic_reader\": \"/home/runner/.cargo/registry/src/index.crates.io-1949cf8c6b5b557f/regex-automata-0.4.9/src/util/pool.rs:525:25: 525:59 (#0)\",\n            \"atomic_writer\": \"/home/runner/.cargo/registry/src/index.crates.io-1949cf8c6b5b557f/regex-automata-0.4.9/src/util/pool.rs:530:17: 530:69 (#0)\",\n            \"dep_kind\": \"Control\"\n          },\n          \"explanation\": \"atomic::store is data/control dependent on atomic::load\"\n        }\n      }\n    ]\n[2025-06-28T04:08:32Z WARN  lockbud::callbacks] crate sel4_bitfield_parser contains bugs: { probably: 0, possibly: 0 }, conflictlock: { probably: 0, possibly: 0 }, condvar_deadlock: { probably: 0, possibly: 0 }, atomicity_violation: { possibly: 1 }, invalid_free: { possibly: 0 }, use_after_free: { possibly: 0 }"
            ]
          }
        },
        {
          "file": "[Udeps] Unused dependencies",
          "features": "",
          "count": 1,
          "kinds": {
            "Unused Deps": [
              "pkg=sel4_task, checker=Udeps\ntoolchain=nightly-2025-06-26-x86_64-unknown-linux-gnu, target=riscv64gc-unknown-none-elf\nfeatures=\npkg_dir=/home/runner/check/batch_7/rel4team/sel4_task\ncmd=cargo +nightly-2025-06-26-x86_64-unknown-linux-gnu udeps --target riscv64gc-unknown-none-elf \ntimestamp=2025-06-28 12:09:00.872992806 +08:00:00\n\n\nstdout:\n\nstderr:\n   Compiling memchr v2.7.5\n   Compiling proc-macro2 v1.0.95\n   Compiling regex-syntax v0.8.5\n   Compiling unicode-ident v1.0.18\n   Compiling thiserror v2.0.12\n   Compiling lazy_static v1.5.0\n   Compiling semver-parser v0.7.0\n   Compiling aho-corasick v1.1.3\n   Compiling quote v1.0.40\n   Compiling syn v2.0.104\n   Compiling ucd-trie v0.1.7\n   Compiling semver v0.9.0\n   Compiling rustix v0.38.44\n   Compiling regex-automata v0.4.9\n   Compiling rustc_version v0.2.3\n   Compiling linux-raw-sys v0.4.15\n   Compiling bitflags v2.9.1\n   Compiling bare-metal v0.2.5\n   Compiling home v0.5.11\n   Compiling either v1.15.0\n   Compiling regex v1.11.1\n   Compiling thiserror-impl v2.0.12\n   Compiling riscv-target v0.1.2\n   Compiling autocfg v1.5.0\n   Compiling syn v1.0.109\n   Compiling which v4.4.2\n   Compiling lock_api v0.4.13\n   Compiling sel4-rustfmt-helper v0.1.0 (https://github.com/rel4team/rust_sel4_pbf_parser/?branch=mi_dev#34240530)\n    Checking scopeguard v1.2.0\n    Checking serial-frame v0.1.0 (https://github.com/rel4team/serial-frame.git?branch=mi_dev#84501a76)\n    Checking bitflags v1.3.2\n    Checking log v0.4.27\n    Checking bit_field v0.10.2\n   Compiling sel4-bitfield-types v0.1.0 (https://github.com/rel4team/rust_sel4_pbf_parser/?branch=mi_dev#34240530)\n   Compiling pest v2.8.1\n   Compiling glob v0.3.2\n   Compiling riscv v0.6.0 (https://github.com/rcore-os/riscv#11d43cf7)\n    Checking tock-registers v0.9.0\n    Checking spin v0.9.8\n    Checking serial-impl-pl011 v0.1.0 (https://github.com/rel4team/serial-impl-pl011.git?branch=mi_dev#83e073e1)\n   Compiling riscv v0.6.0 (https://gitee.com/rcore-os/riscv#11d43cf7)\n    Checking serial-impl-sbi v0.1.0 (https://github.com/rel4team/serial-impl-sbi.git?branch=mi_dev#4face963)\n    Checking tock-registers v0.8.1\n    Checking cfg-if v1.0.1\n    Checking driver-collect v0.1.0 (https://github.com/rel4team/driver-collect.git?branch=mi_dev#3667ef6a)\n    Checking aarch64-cpu v9.4.0\n   Compiling pest_meta v2.8.1\n    Checking sel4_common v0.1.0 (https://github.com/rel4team/sel4_common.git#70d9ea26)\n   Compiling pest_generator v2.8.1\n   Compiling pest_derive v2.8.1\n   Compiling sel4-bitfield-parser v0.1.0 (https://github.com/rel4team/rust_sel4_pbf_parser/?branch=mi_dev#34240530)\n   Compiling rust_sel4_pbf_parser v0.1.0 (https://github.com/rel4team/rust_sel4_pbf_parser/?branch=mi_dev#34240530)\n   Compiling sel4_common v0.1.0 (https://github.com/rel4team/sel4_common.git?branch=mi_dev#bfc7c3c7)\nerror: failed to run custom build command for `sel4_common v0.1.0 (https://github.com/rel4team/sel4_common.git?branch=mi_dev#bfc7c3c7)`\n\nCaused by:\n  process didn't exit successfully: `/home/runner/check/batch_7/rel4team/sel4_task/target/debug/build/sel4_common-842a1e9d1de0b4c2/build-script-build` (exit status: 1)\n  --- stdout\n  dir /home/runner/check/batch_7/rel4team/sel4_task/target/riscv64gc-unknown-none-elf/debug/build/sel4_common-4d14804cb1f8092d/out/pbf not exist, and no need to del\n  Directory created successfully: /home/runner/check/batch_7/rel4team/sel4_task/target/riscv64gc-unknown-none-elf/debug/build/sel4_common-4d14804cb1f8092d/out/pbf\n\n  --- stderr\n  Failed to copy file: No such file or directory (os error 2)\n"
            ]
          }
        },
        {
          "file": "[semver checks violation]",
          "features": "",
          "count": 1,
          "kinds": {
            "Semver Violation": [
              "pkg=sel4_task, checker=SemverChecks\ntoolchain=nightly-2025-06-26-x86_64-unknown-linux-gnu, target=riscv64gc-unknown-none-elf\nfeatures=\npkg_dir=/home/runner/check/batch_7/rel4team/sel4_task\ncmd=cargo +nightly-2025-06-26-x86_64-unknown-linux-gnu semver-checks --target riscv64gc-unknown-none-elf \ntimestamp=2025-06-28 12:08:20.663663254 +08:00:00\n\n\nstdout:\n\nstderr:\n    Building sel4_task v0.1.0 (current)\nerror: running cargo-doc on crate 'sel4_task' failed with output:\n-----\n   Compiling memchr v2.7.5\n   Compiling proc-macro2 v1.0.95\n   Compiling regex-syntax v0.8.5\n   Compiling unicode-ident v1.0.18\n   Compiling thiserror v2.0.12\n   Compiling ucd-trie v0.1.7\n   Compiling aho-corasick v1.1.3\n   Compiling quote v1.0.40\n   Compiling syn v2.0.104\n   Compiling lazy_static v1.5.0\n   Compiling semver-parser v0.7.0\n   Compiling semver v0.9.0\n   Compiling rustix v0.38.44\n   Compiling regex-automata v0.4.9\n   Compiling rustc_version v0.2.3\n   Compiling bitflags v2.9.1\n   Compiling linux-raw-sys v0.4.15\n   Compiling bare-metal v0.2.5\n   Compiling either v1.15.0\n   Compiling syn v1.0.109\n   Compiling home v0.5.11\n   Compiling regex v1.11.1\n   Compiling thiserror-impl v2.0.12\n   Compiling riscv-target v0.1.2\n   Compiling autocfg v1.5.0\n   Compiling lock_api v0.4.13\n   Compiling which v4.4.2\n   Compiling pest v2.8.1\n   Compiling sel4-rustfmt-helper v0.1.0 (https://github.com/rel4team/rust_sel4_pbf_parser/?branch=mi_dev#34240530)\n    Checking bit_field v0.10.2\n   Compiling sel4-bitfield-types v0.1.0 (https://github.com/rel4team/rust_sel4_pbf_parser/?branch=mi_dev#34240530)\n    Checking bitflags v1.3.2\n   Compiling glob v0.3.2\n    Checking scopeguard v1.2.0\n    Checking log v0.4.27\n    Checking serial-frame v0.1.0 (https://github.com/rel4team/serial-frame.git?branch=mi_dev#84501a76)\n   Compiling riscv v0.6.0 (https://github.com/rcore-os/riscv#11d43cf7)\n    Checking tock-registers v0.9.0\n    Checking serial-impl-pl011 v0.1.0 (https://github.com/rel4team/serial-impl-pl011.git?branch=mi_dev#83e073e1)\n    Checking spin v0.9.8\n    Checking serial-impl-sbi v0.1.0 (https://github.com/rel4team/serial-impl-sbi.git?branch=mi_dev#4face963)\n   Compiling riscv v0.6.0 (https://gitee.com/rcore-os/riscv#11d43cf7)\n    Checking cfg-if v1.0.1\n    Checking tock-registers v0.8.1\n    Checking aarch64-cpu v9.4.0\n    Checking driver-collect v0.1.0 (https://github.com/rel4team/driver-collect.git?branch=mi_dev#3667ef6a)\n   Compiling pest_meta v2.8.1\n   Compiling pest_generator v2.8.1\n    Checking sel4_common v0.1.0 (https://github.com/rel4team/sel4_common.git#70d9ea26)\n   Compiling pest_derive v2.8.1\n   Compiling sel4-bitfield-parser v0.1.0 (https://github.com/rel4team/rust_sel4_pbf_parser/?branch=mi_dev#34240530)\n   Compiling rust_sel4_pbf_parser v0.1.0 (https://github.com/rel4team/rust_sel4_pbf_parser/?branch=mi_dev#34240530)\n   Compiling sel4_common v0.1.0 (https://github.com/rel4team/sel4_common.git?branch=mi_dev#bfc7c3c7)\nerror: failed to run custom build command for `sel4_common v0.1.0 (https://github.com/rel4team/sel4_common.git?branch=mi_dev#bfc7c3c7)`\n\nCaused by:\n  process didn't exit successfully: `/home/runner/check/batch_7/rel4team/sel4_task/target/semver-checks/local-sel4_task-0_1_0-riscv64gc_unknown_none_elf-a03767e473d570c9/target/debug/build/sel4_common-b6132cf9ccf31cd4/build-script-build` (exit status: 1)\n  --- stdout\n  dir /home/runner/check/batch_7/rel4team/sel4_task/target/semver-checks/local-sel4_task-0_1_0-riscv64gc_unknown_none_elf-a03767e473d570c9/target/riscv64gc-unknown-none-elf/debug/build/sel4_common-54f8ca345015085f/out/pbf not exist, and no need to del\n  Directory created successfully: /home/runner/check/batch_7/rel4team/sel4_task/target/semver-checks/local-sel4_task-0_1_0-riscv64gc_unknown_none_elf-a03767e473d570c9/target/riscv64gc-unknown-none-elf/debug/build/sel4_common-54f8ca345015085f/out/pbf\n\n  --- stderr\n  Failed to copy file: No such file or directory (os error 2)\n\n-----\n\nerror: failed to build rustdoc for crate sel4_task v0.1.0\nnote: this is usually due to a compilation error in the crate,\n      and is unlikely to be a bug in cargo-semver-checks\nnote: the following command can be used to reproduce the compilation error:\n      cargo new --lib example &&\n          cd example &&\n          echo '[workspace]' >> Cargo.toml &&\n          cargo add --path /home/runner/check/batch_7/rel4team/sel4_task --features ENABLE_SMP &&\n          cargo check\n\nerror: aborting due to failure to build rustdoc for crate sel4_task v0.1.0\n"
            ]
          }
        },
        {
          "file": "src/structures.rs",
          "features": "",
          "count": 1,
          "kinds": {
            "Unformatted": [
              "file: /home/runner/check/batch_7/rel4team/sel4_task/src/structures.rs (original lines from 36 to 36)\n+\n"
            ]
          }
        }
      ]
    },
    {
      "user": "rel4team",
      "repo": "sel4_vspace",
      "pkg": "sel4_vspace",
      "count": 96,
      "raw_reports": [
        {
          "file": "src/interface.rs",
          "features": "",
          "count": 26,
          "kinds": {
            "Unformatted": [
              "file: /home/runner/check/batch_7/rel4team/sel4_vspace/src/interface.rs (original lines from 2 to 2)\n-use sel4_cspace::interface::{cap_t, CapTag};\n+use super::pte::pte_t;\n+use super::utils::{\n+    kpptr_to_paddr, RISCV_GET_LVL_PGSIZE, RISCV_GET_LVL_PGSIZE_BITS, RISCV_GET_PT_INDEX,\n+};\n",
              "file: /home/runner/check/batch_7/rel4team/sel4_vspace/src/interface.rs (original lines from 4 to 4)\n-use sel4_common::{BIT, ROUND_DOWN};\n",
              "file: /home/runner/check/batch_7/rel4team/sel4_vspace/src/interface.rs (original lines from 6 to 6)\n-use sel4_common::sel4_config::{KERNEL_ELF_BASE, KERNEL_ELF_PADDR_BASE, PADDR_BASE, PPTR_BASE, PPTR_BASE_OFFSET, PPTR_TOP, PT_INDEX_BITS, seL4_PageBits};\n+use sel4_common::sel4_config::{\n+    seL4_PageBits, KERNEL_ELF_BASE, KERNEL_ELF_PADDR_BASE, PADDR_BASE, PPTR_BASE, PPTR_BASE_OFFSET,\n+    PPTR_TOP, PT_INDEX_BITS,\n+};\n",
              "file: /home/runner/check/batch_7/rel4team/sel4_vspace/src/interface.rs (original lines from 9 to 10)\n-use super::pte::pte_t;\n-use super::utils::{RISCV_GET_PT_INDEX, RISCV_GET_LVL_PGSIZE, RISCV_GET_LVL_PGSIZE_BITS, kpptr_to_paddr};\n+use sel4_common::{BIT, ROUND_DOWN};\n+use sel4_cspace::interface::{cap_t, CapTag};\n",
              "file: /home/runner/check/batch_7/rel4team/sel4_vspace/src/interface.rs (original lines from 12 to 12)\n-use super::{satp::{setVSpaceRoot, sfence}, asid::{find_vspace_for_asid, asid_t}, utils::pptr_to_paddr, structures::{vptr_t, pptr_t}};\n+use super::{\n+    asid::{asid_t, find_vspace_for_asid},\n+    satp::{setVSpaceRoot, sfence},\n+    structures::{pptr_t, vptr_t},\n+    utils::pptr_to_paddr,\n+};\n",
              "file: /home/runner/check/batch_7/rel4team/sel4_vspace/src/interface.rs (original lines from 26 to 27)\n-/// `reL4`,`PSpace``KERNEL ELF` \n-/// \n+/// `reL4`,`PSpace``KERNEL ELF`\n+///\n",
              "file: /home/runner/check/batch_7/rel4team/sel4_vspace/src/interface.rs (original lines from 29 to 29)\n-/// \n+///\n",
              "file: /home/runner/check/batch_7/rel4team/sel4_vspace/src/interface.rs (original lines from 31 to 31)\n-/// \n+///\n",
              "file: /home/runner/check/batch_7/rel4team/sel4_vspace/src/interface.rs (original lines from 71 to 71)\n-/// \n+///\n",
              "file: /home/runner/check/batch_7/rel4team/sel4_vspace/src/interface.rs (original lines from 117 to 117)\n-/// \n+///\n",
              "file: /home/runner/check/batch_7/rel4team/sel4_vspace/src/interface.rs (original lines from 128 to 128)\n-/// Copy the whole kernel page table into a new page table. \n+/// Copy the whole kernel page table into a new page table.\n",
              "file: /home/runner/check/batch_7/rel4team/sel4_vspace/src/interface.rs (original lines from 143 to 143)\n-/// \n+///\n",
              "file: /home/runner/check/batch_7/rel4team/sel4_vspace/src/interface.rs (original lines from 157 to 157)\n-        find_ret.status != exception_t::EXCEPTION_NONE || find_ret.vspace_root.is_none() || find_ret.vspace_root.unwrap() != lvl1pt,\n+        find_ret.status != exception_t::EXCEPTION_NONE\n+            || find_ret.vspace_root.is_none()\n+            || find_ret.vspace_root.unwrap() != lvl1pt,\n",
              "file: /home/runner/check/batch_7/rel4team/sel4_vspace/src/interface.rs (original lines from 171 to 171)\n-/// \n+///\n",
              "file: /home/runner/check/batch_7/rel4team/sel4_vspace/src/interface.rs (original lines from 173 to 173)\n-/// \n+///\n",
              "file: /home/runner/check/batch_7/rel4team/sel4_vspace/src/interface.rs (original lines from 175 to 175)\n-/// \n+///\n",
              "file: /home/runner/check/batch_7/rel4team/sel4_vspace/src/interface.rs (original lines from 178 to 178)\n-pub fn unmapPage(page_size: usize, asid: asid_t, vptr: vptr_t, pptr: pptr_t) -> Result<(), lookup_fault_t> {\n+pub fn unmapPage(\n+    page_size: usize,\n+    asid: asid_t,\n+    vptr: vptr_t,\n+    pptr: pptr_t,\n+) -> Result<(), lookup_fault_t> {\n",
              "file: /home/runner/check/batch_7/rel4team/sel4_vspace/src/interface.rs (original lines from 184 to 184)\n-    let lu_ret = unsafe {(*find_ret.vspace_root.unwrap()).lookup_pt_slot(vptr)};\n+    let lu_ret = unsafe { (*find_ret.vspace_root.unwrap()).lookup_pt_slot(vptr) };\n",
              "file: /home/runner/check/batch_7/rel4team/sel4_vspace/src/interface.rs (original lines from 190 to 190)\n-    let slot = unsafe {&(*lu_ret.ptSlot)};\n+    let slot = unsafe { &(*lu_ret.ptSlot) };\n",
              "file: /home/runner/check/batch_7/rel4team/sel4_vspace/src/interface.rs (original lines from 192 to 192)\n-    if slot.get_vaild() == 0 || slot.is_pte_table() || slot.get_ppn() << seL4_PageBits != pptr_to_paddr(pptr) {\n+    if slot.get_vaild() == 0\n+        || slot.is_pte_table()\n+        || slot.get_ppn() << seL4_PageBits != pptr_to_paddr(pptr)\n+    {\n",
              "file: /home/runner/check/batch_7/rel4team/sel4_vspace/src/interface.rs (original lines from 203 to 203)\n+\n"
            ],
            "Clippy(Warn)": [
              "warning: creating a shared reference to mutable static\n  --> src/interface.rs:95:32\n   |\n95 |                 kpptr_to_paddr(kernel_image_level2_pt.as_ptr() as usize),\n   |                                ^^^^^^^^^^^^^^^^^^^^^^^^^^^^^^^ shared reference to mutable static\n   |\n   = note: for more information, see <https://doc.rust-lang.org/nightly/edition-guide/rust-2024/static-mut-references.html>\n   = note: shared references to mutable statics are dangerous; it's undefined behavior if the static is mutated or if a mutable reference is created for it while the shared reference lives\n   = note: `#[warn(static_mut_refs)]` on by default\n\n",
              "warning: creating a shared reference to mutable static\n  --> src/interface.rs:99:28\n   |\n99 |             kpptr_to_paddr(kernel_image_level2_pt.as_ptr() as usize),\n   |                            ^^^^^^^^^^^^^^^^^^^^^^^^^^^^^^^ shared reference to mutable static\n   |\n   = note: for more information, see <https://doc.rust-lang.org/nightly/edition-guide/rust-2024/static-mut-references.html>\n   = note: shared references to mutable statics are dangerous; it's undefined behavior if the static is mutated or if a mutable reference is created for it while the shared reference lives\n\n",
              "warning: creating a shared reference to mutable static\n   --> src/interface.rs:122:38\n    |\n122 |         setVSpaceRoot(kpptr_to_paddr(kernel_root_pageTable.as_ptr() as usize), 0);\n    |                                      ^^^^^^^^^^^^^^^^^^^^^^^^^^^^^^ shared reference to mutable static\n    |\n    = note: for more information, see <https://doc.rust-lang.org/nightly/edition-guide/rust-2024/static-mut-references.html>\n    = note: shared references to mutable statics are dangerous; it's undefined behavior if the static is mutated or if a mutable reference is created for it while the shared reference lives\n\n",
              "warning: creating a shared reference to mutable static\n   --> src/interface.rs:148:42\n    |\n148 |             setVSpaceRoot(kpptr_to_paddr(kernel_root_pageTable.as_ptr() as usize), 0);\n    |                                          ^^^^^^^^^^^^^^^^^^^^^^^^^^^^^^ shared reference to mutable static\n    |\n    = note: for more information, see <https://doc.rust-lang.org/nightly/edition-guide/rust-2024/static-mut-references.html>\n    = note: shared references to mutable statics are dangerous; it's undefined behavior if the static is mutated or if a mutable reference is created for it while the shared reference lives\n\n",
              "warning: creating a shared reference to mutable static\n   --> src/interface.rs:163:42\n    |\n163 |             setVSpaceRoot(kpptr_to_paddr(kernel_root_pageTable.as_ptr() as usize), 0);\n    |                                          ^^^^^^^^^^^^^^^^^^^^^^^^^^^^^^ shared reference to mutable static\n    |\n    = note: for more information, see <https://doc.rust-lang.org/nightly/edition-guide/rust-2024/static-mut-references.html>\n    = note: shared references to mutable statics are dangerous; it's undefined behavior if the static is mutated or if a mutable reference is created for it while the shared reference lives\n\n"
            ]
          }
        },
        {
          "file": "src/asid.rs",
          "features": "",
          "count": 19,
          "kinds": {
            "Clippy(Warn)": [
              "warning: unneeded `return` statement\n  --> src/asid.rs:60:9\n   |\n60 |         return convert_to_option_mut_type_ref::<asid_pool_t>(riscvKSASIDTable[index] as usize)\n   |         ^^^^^^^^^^^^^^^^^^^^^^^^^^^^^^^^^^^^^^^^^^^^^^^^^^^^^^^^^^^^^^^^^^^^^^^^^^^^^^^^^^^^^^\n   |\n   = help: for further information visit https://rust-lang.github.io/rust-clippy/master/index.html#needless_return\nhelp: remove `return`\n   |\n60 -         return convert_to_option_mut_type_ref::<asid_pool_t>(riscvKSASIDTable[index] as usize)\n60 +         convert_to_option_mut_type_ref::<asid_pool_t>(riscvKSASIDTable[index] as usize)\n   |\n\n",
              "warning: unneeded `return` statement\n   --> src/asid.rs:106:5\n    |\n106 |     return ret;\n    |     ^^^^^^^^^^\n    |\n    = help: for further information visit https://rust-lang.github.io/rust-clippy/master/index.html#needless_return\nhelp: remove `return`\n    |\n106 -     return ret;\n106 +     ret\n    |\n\n",
              "warning: `0 as *mut _` detected\n   --> src/asid.rs:128:58\n    |\n128 |             riscvKSASIDTable[asid_base >> asidLowBits] = 0 as *mut asid_pool_t;\n    |                                                          ^^^^^^^^^^^^^^^^^^^^^ help: try: `core::ptr::null_mut::<asid_pool_t>()`\n    |\n    = help: for further information visit https://rust-lang.github.io/rust-clippy/master/index.html#zero_ptr\n    = note: `#[warn(clippy::zero_ptr)]` on by default\n\n",
              "warning: `0 as *mut _` detected\n   --> src/asid.rs:144:59\n    |\n144 |             (*poolPtr).array[asid & MASK!(asidLowBits)] = 0 as *mut pte_t;\n    |                                                           ^^^^^^^^^^^^^^^ help: try: `core::ptr::null_mut::<pte_t>()`\n    |\n    = help: for further information visit https://rust-lang.github.io/rust-clippy/master/index.html#zero_ptr\n\n",
              "warning: this expression creates a reference which is immediately dereferenced by the compiler\n   --> src/asid.rs:145:25\n    |\n145 |             set_vm_root(&default_vspace_cap)\n    |                         ^^^^^^^^^^^^^^^^^^^ help: change this to: `default_vspace_cap`\n    |\n    = help: for further information visit https://rust-lang.github.io/rust-clippy/master/index.html#needless_borrow\n    = note: `#[warn(clippy::needless_borrow)]` on by default\n\n"
            ],
            "Unformatted": [
              "file: /home/runner/check/batch_7/rel4team/sel4_vspace/src/asid.rs (original lines from 4 to 5)\n-use sel4_common::{structures::exception_t, sel4_config::*, utils::convert_to_option_mut_type_ref, fault::*, BIT, MASK};\n-use sel4_cspace::interface::cap_t;\n+use super::{interface::set_vm_root, pte::pte_t};\n",
              "file: /home/runner/check/batch_7/rel4team/sel4_vspace/src/asid.rs (original lines from 7 to 7)\n-use super::{pte::pte_t, interface::set_vm_root};\n+use sel4_common::{\n+    fault::*, sel4_config::*, structures::exception_t, utils::convert_to_option_mut_type_ref, BIT,\n+    MASK,\n+};\n+use sel4_cspace::interface::cap_t;\n",
              "file: /home/runner/check/batch_7/rel4team/sel4_vspace/src/asid.rs (original lines from 27 to 27)\n-    \n+\n",
              "file: /home/runner/check/batch_7/rel4team/sel4_vspace/src/asid.rs (original lines from 52 to 52)\n-/// \n+///\n",
              "file: /home/runner/check/batch_7/rel4team/sel4_vspace/src/asid.rs (original lines from 60 to 60)\n-        return convert_to_option_mut_type_ref::<asid_pool_t>(riscvKSASIDTable[index] as usize)\n+        return convert_to_option_mut_type_ref::<asid_pool_t>(riscvKSASIDTable[index] as usize);\n",
              "file: /home/runner/check/batch_7/rel4team/sel4_vspace/src/asid.rs (original lines from 65 to 65)\n-/// \n+///\n",
              "file: /home/runner/check/batch_7/rel4team/sel4_vspace/src/asid.rs (original lines from 75 to 75)\n-/// \n+///\n",
              "file: /home/runner/check/batch_7/rel4team/sel4_vspace/src/asid.rs (original lines from 85 to 87)\n-    let poolPtr =  unsafe {\n-        riscvKSASIDTable[asid >> asidLowBits]\n-    };\n+    let poolPtr = unsafe { riscvKSASIDTable[asid >> asidLowBits] };\n",
              "file: /home/runner/check/batch_7/rel4team/sel4_vspace/src/asid.rs (original lines from 94 to 96)\n-    let vspace_root = unsafe {\n-        (*poolPtr).array[asid & MASK!(asidLowBits)]\n-    };\n+    let vspace_root = unsafe { (*poolPtr).array[asid & MASK!(asidLowBits)] };\n",
              "file: /home/runner/check/batch_7/rel4team/sel4_vspace/src/asid.rs (original lines from 123 to 123)\n-/// \n+///\n",
              "file: /home/runner/check/batch_7/rel4team/sel4_vspace/src/asid.rs (original lines from 125 to 125)\n-pub fn delete_asid_pool(asid_base: asid_t, pool: *mut asid_pool_t, default_vspace_cap: &cap_t) -> Result<(), lookup_fault_t> {\n+pub fn delete_asid_pool(\n+    asid_base: asid_t,\n+    pool: *mut asid_pool_t,\n+    default_vspace_cap: &cap_t,\n+) -> Result<(), lookup_fault_t> {\n",
              "file: /home/runner/check/batch_7/rel4team/sel4_vspace/src/asid.rs (original lines from 137 to 137)\n-/// \n+///\n",
              "file: /home/runner/check/batch_7/rel4team/sel4_vspace/src/asid.rs (original lines from 139 to 139)\n-pub fn delete_asid(asid: asid_t, vspace: *mut pte_t, default_vspace_cap: &cap_t) -> Result<(), lookup_fault_t> {\n+pub fn delete_asid(\n+    asid: asid_t,\n+    vspace: *mut pte_t,\n+    default_vspace_cap: &cap_t,\n+) -> Result<(), lookup_fault_t> {\n",
              "file: /home/runner/check/batch_7/rel4team/sel4_vspace/src/asid.rs (original lines from 151 to 151)\n-\n"
            ]
          }
        },
        {
          "file": "src/pte.rs",
          "features": "",
          "count": 14,
          "kinds": {
            "Unformatted": [
              "file: /home/runner/check/batch_7/rel4team/sel4_vspace/src/pte.rs (original lines from 3 to 4)\n-use sel4_common::MASK;\n-use sel4_common::sel4_config::{CONFIG_PT_LEVELS, PT_INDEX_BITS, seL4_PageBits, seL4_PageTableBits};\n+use sel4_common::sel4_config::{\n+    seL4_PageBits, seL4_PageTableBits, CONFIG_PT_LEVELS, PT_INDEX_BITS,\n+};\n",
              "file: /home/runner/check/batch_7/rel4team/sel4_vspace/src/pte.rs (original lines from 7 to 7)\n+use sel4_common::MASK;\n",
              "file: /home/runner/check/batch_7/rel4team/sel4_vspace/src/pte.rs (original lines from 8 to 10)\n-\n-use super::{structures::vptr_t, satp::sfence};\n-use super::utils::{paddr_to_pptr, RISCV_GET_PT_INDEX};\n",
              "file: /home/runner/check/batch_7/rel4team/sel4_vspace/src/pte.rs (original lines from 12 to 12)\n-use super::vm_rights::{RISCVGetWriteFromVMRights, RISCVGetReadFromVMRights};\n+use super::utils::{paddr_to_pptr, RISCV_GET_PT_INDEX};\n+use super::vm_rights::{RISCVGetReadFromVMRights, RISCVGetWriteFromVMRights};\n+use super::{satp::sfence, structures::vptr_t};\n",
              "file: /home/runner/check/batch_7/rel4team/sel4_vspace/src/pte.rs (original lines from 38 to 40)\n-    pub fn new(ppn: usize, sw: usize, dirty: usize, accessed: usize, global: usize, user: usize, execute: usize, write: usize,\n-               read: usize, valid: usize) -> Self {\n-\n+    pub fn new(\n+        ppn: usize,\n+        sw: usize,\n+        dirty: usize,\n+        accessed: usize,\n+        global: usize,\n+        user: usize,\n+        execute: usize,\n+        write: usize,\n+        read: usize,\n+        valid: usize,\n+    ) -> Self {\n",
              "file: /home/runner/check/batch_7/rel4team/sel4_vspace/src/pte.rs (original lines from 87 to 88)\n-            ppn, 0, is_leaf as usize, is_leaf as usize, 1,\n-            0, exec as usize, write as usize,read as usize, 1\n+            ppn,\n+            0,\n+            is_leaf as usize,\n+            is_leaf as usize,\n+            1,\n+            0,\n+            exec as usize,\n+            write as usize,\n+            read as usize,\n+            1,\n",
              "file: /home/runner/check/batch_7/rel4team/sel4_vspace/src/pte.rs (original lines from 132 to 132)\n-        self.get_vaild() != 0 && !(self.get_read() != 0 ||self.get_write() != 0 || self.get_execute() != 0)\n+        self.get_vaild() != 0\n+            && !(self.get_read() != 0 || self.get_write() != 0 || self.get_execute() != 0)\n",
              "file: /home/runner/check/batch_7/rel4team/sel4_vspace/src/pte.rs (original lines from 156 to 156)\n-        while unsafe {(*ret.ptSlot).is_pte_table()} && level > 0 {\n+        while unsafe { (*ret.ptSlot).is_pte_table() } && level > 0 {\n",
              "file: /home/runner/check/batch_7/rel4team/sel4_vspace/src/pte.rs (original lines from 159 to 159)\n-            pt = unsafe {(*ret.ptSlot).get_pte_from_ppn_mut() as *mut pte_t};\n+            pt = unsafe { (*ret.ptSlot).get_pte_from_ppn_mut() as *mut pte_t };\n"
            ],
            "Clippy(Warn)": [
              "warning: this function has too many arguments (10/7)\n  --> src/pte.rs:38:5\n   |\n38 | /     pub fn new(ppn: usize, sw: usize, dirty: usize, accessed: usize, global: usize, user: usize, execute: usize, write: usize,\n39 | |                read: usize, valid: usize) -> Self {\n   | |_________________________________________________^\n   |\n   = help: for further information visit https://rust-lang.github.io/rust-clippy/master/index.html#too_many_arguments\n   = note: `#[warn(clippy::too_many_arguments)]` on by default\n\n",
              "warning: this operation has no effect\n  --> src/pte.rs:42:21\n   |\n42 |               words: [0\n   |  _____________________^\n43 | |                 | (ppn & 0xfffffffffffusize) << 10\n   | |__________________________________________________^ help: consider reducing it to: `((ppn & 0xfffffffffffusize) << 10)`\n   |\n   = help: for further information visit https://rust-lang.github.io/rust-clippy/master/index.html#identity_op\n\n",
              "warning: this operation has no effect\n  --> src/pte.rs:52:19\n   |\n52 |                 | (valid & 0x1usize) << 0],\n   |                   ^^^^^^^^^^^^^^^^^^^^^^^ help: consider reducing it to: `((valid & 0x1usize))`\n   |\n   = help: for further information visit https://rust-lang.github.io/rust-clippy/master/index.html#identity_op\n\n",
              "warning: casting to the same type is unnecessary (`usize` -> `usize`)\n  --> src/pte.rs:81:19\n   |\n81 |         let ppn = (phys_addr >> 12) as usize;\n   |                   ^^^^^^^^^^^^^^^^^^^^^^^^^^ help: try: `(phys_addr >> 12)`\n   |\n   = help: for further information visit https://rust-lang.github.io/rust-clippy/master/index.html#unnecessary_cast\n   = note: `#[warn(clippy::unnecessary_cast)]` on by default\n\n",
              "warning: this operation has no effect\n   --> src/pte.rs:167:9\n    |\n167 |         (self.words[0] & 0x1) >> 0\n    |         ^^^^^^^^^^^^^^^^^^^^^^^^^^ help: consider reducing it to: `(self.words[0] & 0x1)`\n    |\n    = help: for further information visit https://rust-lang.github.io/rust-clippy/master/index.html#identity_op\n\n"
            ]
          }
        },
        {
          "file": "src/satp.rs",
          "features": "",
          "count": 9,
          "kinds": {
            "Unformatted": [
              "file: /home/runner/check/batch_7/rel4team/sel4_vspace/src/satp.rs (original lines from 1 to 1)\n+use super::structures::paddr_t;\n",
              "file: /home/runner/check/batch_7/rel4team/sel4_vspace/src/satp.rs (original lines from 3 to 3)\n-use super::structures::paddr_t;\n",
              "file: /home/runner/check/batch_7/rel4team/sel4_vspace/src/satp.rs (original lines from 45 to 46)\n-/// \n-/// Risc-v's sfence.vma \n+///\n+/// Risc-v's sfence.vma\n",
              "file: /home/runner/check/batch_7/rel4team/sel4_vspace/src/satp.rs (original lines from 56 to 56)\n-/// \n+///\n",
              "file: /home/runner/check/batch_7/rel4team/sel4_vspace/src/satp.rs (original lines from 68 to 68)\n+\n"
            ],
            "Clippy(Warn)": [
              "warning: unused import: `sel4_common::sbi::remote_sfence_vma`\n --> src/satp.rs:2:5\n  |\n2 | use sel4_common::sbi::remote_sfence_vma;\n  |     ^^^^^^^^^^^^^^^^^^^^^^^^^^^^^^^^^^^\n  |\n  = note: `#[warn(unused_imports)]` on by default\n\n",
              "warning: `#[inline]` is ignored on externally exported functions\n  --> src/satp.rs:58:1\n   |\n58 | #[inline]\n   | ^^^^^^^^^\n   |\n   = help: externally exported functions are functions with `#[no_mangle]`, `#[export_name]`, or `#[linkage]`\n   = note: `#[warn(unused_attributes)]` on by default\n\n",
              "warning: this operation has no effect\n  --> src/satp.rs:15:20\n   |\n15 |               words: 0\n   |  ____________________^\n16 | |                 | (mode & 0xfusize) << 60\n   | |_________________________________________^ help: consider reducing it to: `((mode & 0xfusize) << 60)`\n   |\n   = help: for further information visit https://rust-lang.github.io/rust-clippy/master/index.html#identity_op\n\n",
              "warning: this operation has no effect\n  --> src/satp.rs:18:19\n   |\n18 |                 | (ppn & 0xfffffffffffusize) << 0,\n   |                   ^^^^^^^^^^^^^^^^^^^^^^^^^^^^^^^ help: consider reducing it to: `((ppn & 0xfffffffffffusize))`\n   |\n   = help: for further information visit https://rust-lang.github.io/rust-clippy/master/index.html#identity_op\n\n"
            ]
          }
        },
        {
          "file": "src/structures.rs",
          "features": "",
          "count": 8,
          "kinds": {
            "Clippy(Warn)": [
              "warning: this operation has no effect\n  --> src/structures.rs:43:26\n   |\n43 |         self.words[0] |= (v64 << 0) & 0x1usize;\n   |                          ^^^^^^^^^^ help: consider reducing it to: `v64`\n   |\n   = help: for further information visit https://rust-lang.github.io/rust-clippy/master/index.html#identity_op\n   = note: `#[warn(clippy::identity_op)]` on by default\n\n"
            ],
            "Unformatted": [
              "file: /home/runner/check/batch_7/rel4team/sel4_vspace/src/structures.rs (original lines from 2 to 2)\n-/// \n+///\n",
              "file: /home/runner/check/batch_7/rel4team/sel4_vspace/src/structures.rs (original lines from 6 to 6)\n-/// \n+///\n",
              "file: /home/runner/check/batch_7/rel4team/sel4_vspace/src/structures.rs (original lines from 10 to 10)\n-/// \n+///\n",
              "file: /home/runner/check/batch_7/rel4team/sel4_vspace/src/structures.rs (original lines from 15 to 15)\n-/// \n+///\n",
              "file: /home/runner/check/batch_7/rel4team/sel4_vspace/src/structures.rs (original lines from 23 to 23)\n-\n",
              "file: /home/runner/check/batch_7/rel4team/sel4_vspace/src/structures.rs (original lines from 32 to 34)\n-        Self {\n-            words: [w]\n-        }\n+        Self { words: [w] }\n",
              "file: /home/runner/check/batch_7/rel4team/sel4_vspace/src/structures.rs (original lines from 46 to 46)\n+\n"
            ]
          }
        },
        {
          "file": "src/lib.rs",
          "features": "",
          "count": 7,
          "kinds": {
            "Unformatted": [
              "file: /home/runner/check/batch_7/rel4team/sel4_vspace/src/lib.rs (original lines from 6 to 10)\n-mod structures;\n-mod vm_rights;\n-mod satp;\n-mod utils;\n-mod pte;\n",
              "file: /home/runner/check/batch_7/rel4team/sel4_vspace/src/lib.rs (original lines from 13 to 13)\n+mod pte;\n+mod satp;\n+mod structures;\n+mod utils;\n+mod vm_rights;\n",
              "file: /home/runner/check/batch_7/rel4team/sel4_vspace/src/lib.rs (original lines from 14 to 16)\n-pub use structures::*;\n-pub use interface::{activate_kernel_vspace, rust_map_kernel_window, copyGlobalMappings, set_vm_root, unmapPage};\n-pub use vm_rights::{VMReadWrite, VMReadOnly, maskVMRights};\n",
              "file: /home/runner/check/batch_7/rel4team/sel4_vspace/src/lib.rs (original lines from 18 to 19)\n-    asid_t, asid_pool_t, riscvKSASIDTable, delete_asid_pool, delete_asid,\n-    find_vspace_for_asid, get_asid_pool_by_index, set_asid_pool_by_index\n+    asid_pool_t, asid_t, delete_asid, delete_asid_pool, find_vspace_for_asid,\n+    get_asid_pool_by_index, riscvKSASIDTable, set_asid_pool_by_index,\n",
              "file: /home/runner/check/batch_7/rel4team/sel4_vspace/src/lib.rs (original lines from 21 to 21)\n-pub use utils::{pptr_to_paddr, paddr_to_pptr, kpptr_to_paddr, RISCV_GET_LVL_PGSIZE_BITS, RISCV_GET_LVL_PGSIZE, checkVPAlignment};\n+pub use interface::{\n+    activate_kernel_vspace, copyGlobalMappings, rust_map_kernel_window, set_vm_root, unmapPage,\n+};\n",
              "file: /home/runner/check/batch_7/rel4team/sel4_vspace/src/lib.rs (original lines from 23 to 23)\n-pub use satp::{sfence, setVSpaceRoot};\n+pub use satp::{setVSpaceRoot, sfence};\n+pub use structures::*;\n+pub use utils::{\n+    checkVPAlignment, kpptr_to_paddr, paddr_to_pptr, pptr_to_paddr, RISCV_GET_LVL_PGSIZE,\n+    RISCV_GET_LVL_PGSIZE_BITS,\n+};\n+pub use vm_rights::{maskVMRights, VMReadOnly, VMReadWrite};\n+\n"
            ],
            "Clippy(Warn)": [
              "warning: the feature `core_intrinsics` is internal to the compiler or standard library\n --> src/lib.rs:1:12\n  |\n1 | #![feature(core_intrinsics)]\n  |            ^^^^^^^^^^^^^^^\n  |\n  = note: using it is strongly discouraged\n  = note: `#[warn(internal_features)]` on by default\n\n"
            ]
          }
        },
        {
          "file": "src/vm_rights.rs",
          "features": "",
          "count": 5,
          "kinds": {
            "Unformatted": [
              "file: /home/runner/check/batch_7/rel4team/sel4_vspace/src/vm_rights.rs (original lines from 19 to 19)\n-/// \n+///\n",
              "file: /home/runner/check/batch_7/rel4team/sel4_vspace/src/vm_rights.rs (original lines from 31 to 31)\n-        }\n+        };\n",
              "file: /home/runner/check/batch_7/rel4team/sel4_vspace/src/vm_rights.rs (original lines from 35 to 35)\n+\n"
            ],
            "Clippy(Warn)": [
              "warning: unneeded `return` statement\n --> src/vm_rights.rs:9:5\n  |\n9 |     return vm_rights == VMReadWrite;\n  |     ^^^^^^^^^^^^^^^^^^^^^^^^^^^^^^^\n  |\n  = help: for further information visit https://rust-lang.github.io/rust-clippy/master/index.html#needless_return\n  = note: `#[warn(clippy::needless_return)]` on by default\nhelp: remove `return`\n  |\n9 -     return vm_rights == VMReadWrite;\n9 +     vm_rights == VMReadWrite\n  |\n\n",
              "warning: unneeded `return` statement\n  --> src/vm_rights.rs:14:5\n   |\n14 |     return vm_rights != VMKernelOnly;\n   |     ^^^^^^^^^^^^^^^^^^^^^^^^^^^^^^^^\n   |\n   = help: for further information visit https://rust-lang.github.io/rust-clippy/master/index.html#needless_return\nhelp: remove `return`\n   |\n14 -     return vm_rights != VMKernelOnly;\n14 +     vm_rights != VMKernelOnly\n   |\n\n"
            ]
          }
        },
        {
          "file": "src/utils.rs",
          "features": "",
          "count": 4,
          "kinds": {
            "Clippy(Warn)": [
              "warning: `#[inline]` is ignored on externally exported functions\n  --> src/utils.rs:68:1\n   |\n68 | #[inline]\n   | ^^^^^^^^^\n   |\n   = help: externally exported functions are functions with `#[no_mangle]`, `#[export_name]`, or `#[linkage]`\n\n"
            ],
            "Unformatted": [
              "file: /home/runner/check/batch_7/rel4team/sel4_vspace/src/utils.rs (original lines from 25 to 25)\n-/// \n+///\n",
              "file: /home/runner/check/batch_7/rel4team/sel4_vspace/src/utils.rs (original lines from 36 to 36)\n-/// \n+///\n",
              "file: /home/runner/check/batch_7/rel4team/sel4_vspace/src/utils.rs (original lines from 73 to 73)\n+\n"
            ]
          }
        },
        {
          "file": "(virtual) atomvchecker",
          "features": "",
          "count": 1,
          "kinds": {
            "Cargo": [
              "// pkg_name=sel4_vspace, checker=Atomvchecker\n// toolchain=nightly-2025-06-26-x86_64-unknown-linux-gnu, target=riscv64gc-unknown-none-elf\n// features=\n// pkg_dir=/home/runner/check/batch_7/rel4team/sel4_vspace\n// cmd=cargo +nightly-2023-03-09 atomvchecker -k atomicity_violation -- --target riscv64gc-unknown-none-elf \n// timestamp=2025-06-28 12:09:26.929107202 +08:00:00\n    Updating git repository `https://github.com/rel4team/sel4_cspace.git`\nerror: failed to get `sel4_cspace` as a dependency of package `sel4_vspace v0.1.0 (/home/runner/check/batch_7/rel4team/sel4_vspace)`\n\nCaused by:\n  failed to load source for dependency `sel4_cspace`\n\nCaused by:\n  Unable to update https://github.com/rel4team/sel4_cspace.git#710723bd\n\nCaused by:\n  object not found - no match for id (710723bd017ecce35b624f135a8102fd0d7f7294); class=Odb (9); code=NotFound (-3)\n"
            ]
          }
        },
        {
          "file": "(virtual) semver-checks",
          "features": "",
          "count": 1,
          "kinds": {
            "Cargo": [
              "// pkg_name=sel4_vspace, checker=SemverChecks\n// toolchain=nightly-2025-06-26-x86_64-unknown-linux-gnu, target=riscv64gc-unknown-none-elf\n// features=\n// pkg_dir=/home/runner/check/batch_7/rel4team/sel4_vspace\n// cmd=cargo +nightly-2025-06-26-x86_64-unknown-linux-gnu semver-checks --target riscv64gc-unknown-none-elf \n// timestamp=2025-06-28 12:09:08.434490031 +08:00:00\n    Building sel4_vspace v0.1.0 (current)\nerror: running cargo-doc on crate 'sel4_vspace' failed with output:\n-----\n   Compiling memchr v2.7.5\n   Compiling proc-macro2 v1.0.95\n   Compiling unicode-ident v1.0.18\n   Compiling regex-syntax v0.8.5\n   Compiling thiserror v2.0.12\n   Compiling ucd-trie v0.1.7\n   Compiling aho-corasick v1.1.3\n   Compiling quote v1.0.40\n   Compiling syn v2.0.104\n   Compiling semver-parser v0.7.0\n   Compiling lazy_static v1.5.0\n   Compiling semver v0.9.0\n   Compiling rustix v0.38.44\n   Compiling regex-automata v0.4.9\n   Compiling rustc_version v0.2.3\n   Compiling linux-raw-sys v0.4.15\n   Compiling bitflags v2.9.1\n   Compiling bare-metal v0.2.5\n   Compiling autocfg v1.5.0\n   Compiling regex v1.11.1\n   Compiling thiserror-impl v2.0.12\n   Compiling riscv-target v0.1.2\n   Compiling home v0.5.11\n   Compiling either v1.15.0\n   Compiling syn v1.0.109\n   Compiling which v4.4.2\n   Compiling lock_api v0.4.13\n   Compiling sel4-rustfmt-helper v0.1.0 (https://github.com/rel4team/rust_sel4_pbf_parser/?branch=mi_dev#34240530)\n   Compiling glob v0.3.2\n   Compiling pest v2.8.1\n    Checking serial-frame v0.1.0 (https://github.com/rel4team/serial-frame.git?branch=mi_dev#84501a76)\n    Checking scopeguard v1.2.0\n   Compiling sel4-bitfield-types v0.1.0 (https://github.com/rel4team/rust_sel4_pbf_parser/?branch=mi_dev#34240530)\n    Checking bit_field v0.10.2\n    Checking bitflags v1.3.2\n    Checking log v0.4.27\n   Compiling riscv v0.6.0 (https://github.com/rcore-os/riscv#11d43cf7)\n    Checking tock-registers v0.9.0\n    Checking serial-impl-pl011 v0.1.0 (https://github.com/rel4team/serial-impl-pl011.git?branch=mi_dev#83e073e1)\n    Checking spin v0.9.8\n    Checking serial-impl-sbi v0.1.0 (https://github.com/rel4team/serial-impl-sbi.git?branch=mi_dev#4face963)\n   Compiling riscv v0.6.0 (https://gitee.com/rcore-os/riscv#11d43cf7)\n    Checking cfg-if v1.0.1\n    Checking tock-registers v0.8.1\n    Checking aarch64-cpu v9.4.0\n    Checking driver-collect v0.1.0 (https://github.com/rel4team/driver-collect.git?branch=mi_dev#3667ef6a)\n   Compiling pest_meta v2.8.1\n    Checking sel4_common v0.1.0 (https://github.com/rel4team/sel4_common.git#70d9ea26)\n   Compiling pest_generator v2.8.1\n   Compiling pest_derive v2.8.1\n   Compiling sel4-bitfield-parser v0.1.0 (https://github.com/rel4team/rust_sel4_pbf_parser/?branch=mi_dev#34240530)\n   Compiling rust_sel4_pbf_parser v0.1.0 (https://github.com/rel4team/rust_sel4_pbf_parser/?branch=mi_dev#34240530)\n   Compiling sel4_common v0.1.0 (https://github.com/rel4team/sel4_common.git?branch=mi_dev#bfc7c3c7)\nerror: failed to run custom build command for `sel4_common v0.1.0 (https://github.com/rel4team/sel4_common.git?branch=mi_dev#bfc7c3c7)`\n\nCaused by:\n  process didn't exit successfully: `/home/runner/check/batch_7/rel4team/sel4_vspace/target/semver-checks/local-sel4_vspace-0_1_0-riscv64gc_unknown_none_elf-a03767e473d570c9/target/debug/build/sel4_common-b6132cf9ccf31cd4/build-script-build` (exit status: 1)\n  --- stdout\n  dir /home/runner/check/batch_7/rel4team/sel4_vspace/target/semver-checks/local-sel4_vspace-0_1_0-riscv64gc_unknown_none_elf-a03767e473d570c9/target/riscv64gc-unknown-none-elf/debug/build/sel4_common-54f8ca345015085f/out/pbf not exist, and no need to del\n  Directory created successfully: /home/runner/check/batch_7/rel4team/sel4_vspace/target/semver-checks/local-sel4_vspace-0_1_0-riscv64gc_unknown_none_elf-a03767e473d570c9/target/riscv64gc-unknown-none-elf/debug/build/sel4_common-54f8ca345015085f/out/pbf\n\n  --- stderr\n  Failed to copy file: No such file or directory (os error 2)\n\n-----\n\nerror: failed to build rustdoc for crate sel4_vspace v0.1.0\nnote: this is usually due to a compilation error in the crate,\n      and is unlikely to be a bug in cargo-semver-checks\nnote: the following command can be used to reproduce the compilation error:\n      cargo new --lib example &&\n          cd example &&\n          echo '[workspace]' >> Cargo.toml &&\n          cargo add --path /home/runner/check/batch_7/rel4team/sel4_vspace --features ENABLE_SMP &&\n          cargo check\n\nerror: aborting due to failure to build rustdoc for crate sel4_vspace v0.1.0\n"
            ]
          }
        },
        {
          "file": "[Lockbud] deadlock detection",
          "features": "",
          "count": 1,
          "kinds": {
            "Lockbud(Possibly)": [
              "[2025-06-28T04:09:22Z WARN  lockbud::callbacks] [\n      {\n        \"AtomicityViolation\": {\n          \"bug_kind\": \"AtomicityViolation\",\n          \"possibility\": \"Possibly\",\n          \"diagnosis\": {\n            \"fn_name\": \"set_logger_racy\",\n            \"atomic_reader\": \"/home/runner/.cargo/registry/src/index.crates.io-1949cf8c6b5b557f/log-0.4.21/src/lib.rs:1408:11: 1408:39 (#0)\",\n            \"atomic_writer\": \"/home/runner/.cargo/registry/src/index.crates.io-1949cf8c6b5b557f/log-0.4.21/src/lib.rs:1411:13: 1411:55 (#0)\",\n            \"dep_kind\": \"Control\"\n          },\n          \"explanation\": \"atomic::store is data/control dependent on atomic::load\"\n        }\n      }\n    ]\n[2025-06-28T04:09:22Z WARN  lockbud::callbacks] crate log contains bugs: { probably: 0, possibly: 0 }, conflictlock: { probably: 0, possibly: 0 }, condvar_deadlock: { probably: 0, possibly: 0 }, atomicity_violation: { possibly: 1 }, invalid_free: { possibly: 0 }, use_after_free: { possibly: 0 }\n[2025-06-28T04:09:25Z WARN  lockbud::callbacks] [\n      {\n        \"AtomicityViolation\": {\n          \"bug_kind\": \"AtomicityViolation\",\n          \"possibility\": \"Possibly\",\n          \"diagnosis\": {\n            \"fn_name\": \"regex_automata::util::pool::inner::Pool::<T, F>::get\",\n            \"atomic_reader\": \"/home/runner/.cargo/registry/src/index.crates.io-1949cf8c6b5b557f/regex-automata-0.4.7/src/util/pool.rs:525:25: 525:59 (#0)\",\n            \"atomic_writer\": \"/home/runner/.cargo/registry/src/index.crates.io-1949cf8c6b5b557f/regex-automata-0.4.7/src/util/pool.rs:530:17: 530:69 (#0)\",\n            \"dep_kind\": \"Control\"\n          },\n          \"explanation\": \"atomic::store is data/control dependent on atomic::load\"\n        }\n      }\n    ]\n[2025-06-28T04:09:25Z WARN  lockbud::callbacks] crate riscv_target contains bugs: { probably: 0, possibly: 0 }, conflictlock: { probably: 0, possibly: 0 }, condvar_deadlock: { probably: 0, possibly: 0 }, atomicity_violation: { possibly: 1 }, invalid_free: { possibly: 0 }, use_after_free: { possibly: 0 }"
            ]
          }
        },
        {
          "file": "[semver checks violation]",
          "features": "",
          "count": 1,
          "kinds": {
            "Semver Violation": [
              "pkg=sel4_vspace, checker=SemverChecks\ntoolchain=nightly-2025-06-26-x86_64-unknown-linux-gnu, target=riscv64gc-unknown-none-elf\nfeatures=\npkg_dir=/home/runner/check/batch_7/rel4team/sel4_vspace\ncmd=cargo +nightly-2025-06-26-x86_64-unknown-linux-gnu semver-checks --target riscv64gc-unknown-none-elf \ntimestamp=2025-06-28 12:09:21.121209868 +08:00:00\n\n\nstdout:\n\nstderr:\n    Building sel4_vspace v0.1.0 (current)\nerror: running cargo-doc on crate 'sel4_vspace' failed with output:\n-----\n   Compiling memchr v2.7.5\n   Compiling proc-macro2 v1.0.95\n   Compiling unicode-ident v1.0.18\n   Compiling regex-syntax v0.8.5\n   Compiling thiserror v2.0.12\n   Compiling ucd-trie v0.1.7\n   Compiling aho-corasick v1.1.3\n   Compiling quote v1.0.40\n   Compiling syn v2.0.104\n   Compiling semver-parser v0.7.0\n   Compiling lazy_static v1.5.0\n   Compiling semver v0.9.0\n   Compiling rustix v0.38.44\n   Compiling regex-automata v0.4.9\n   Compiling rustc_version v0.2.3\n   Compiling linux-raw-sys v0.4.15\n   Compiling bitflags v2.9.1\n   Compiling bare-metal v0.2.5\n   Compiling autocfg v1.5.0\n   Compiling regex v1.11.1\n   Compiling thiserror-impl v2.0.12\n   Compiling riscv-target v0.1.2\n   Compiling home v0.5.11\n   Compiling either v1.15.0\n   Compiling syn v1.0.109\n   Compiling which v4.4.2\n   Compiling lock_api v0.4.13\n   Compiling sel4-rustfmt-helper v0.1.0 (https://github.com/rel4team/rust_sel4_pbf_parser/?branch=mi_dev#34240530)\n   Compiling glob v0.3.2\n   Compiling pest v2.8.1\n    Checking serial-frame v0.1.0 (https://github.com/rel4team/serial-frame.git?branch=mi_dev#84501a76)\n    Checking scopeguard v1.2.0\n   Compiling sel4-bitfield-types v0.1.0 (https://github.com/rel4team/rust_sel4_pbf_parser/?branch=mi_dev#34240530)\n    Checking bit_field v0.10.2\n    Checking bitflags v1.3.2\n    Checking log v0.4.27\n   Compiling riscv v0.6.0 (https://github.com/rcore-os/riscv#11d43cf7)\n    Checking tock-registers v0.9.0\n    Checking serial-impl-pl011 v0.1.0 (https://github.com/rel4team/serial-impl-pl011.git?branch=mi_dev#83e073e1)\n    Checking spin v0.9.8\n    Checking serial-impl-sbi v0.1.0 (https://github.com/rel4team/serial-impl-sbi.git?branch=mi_dev#4face963)\n   Compiling riscv v0.6.0 (https://gitee.com/rcore-os/riscv#11d43cf7)\n    Checking cfg-if v1.0.1\n    Checking tock-registers v0.8.1\n    Checking aarch64-cpu v9.4.0\n    Checking driver-collect v0.1.0 (https://github.com/rel4team/driver-collect.git?branch=mi_dev#3667ef6a)\n   Compiling pest_meta v2.8.1\n    Checking sel4_common v0.1.0 (https://github.com/rel4team/sel4_common.git#70d9ea26)\n   Compiling pest_generator v2.8.1\n   Compiling pest_derive v2.8.1\n   Compiling sel4-bitfield-parser v0.1.0 (https://github.com/rel4team/rust_sel4_pbf_parser/?branch=mi_dev#34240530)\n   Compiling rust_sel4_pbf_parser v0.1.0 (https://github.com/rel4team/rust_sel4_pbf_parser/?branch=mi_dev#34240530)\n   Compiling sel4_common v0.1.0 (https://github.com/rel4team/sel4_common.git?branch=mi_dev#bfc7c3c7)\nerror: failed to run custom build command for `sel4_common v0.1.0 (https://github.com/rel4team/sel4_common.git?branch=mi_dev#bfc7c3c7)`\n\nCaused by:\n  process didn't exit successfully: `/home/runner/check/batch_7/rel4team/sel4_vspace/target/semver-checks/local-sel4_vspace-0_1_0-riscv64gc_unknown_none_elf-a03767e473d570c9/target/debug/build/sel4_common-b6132cf9ccf31cd4/build-script-build` (exit status: 1)\n  --- stdout\n  dir /home/runner/check/batch_7/rel4team/sel4_vspace/target/semver-checks/local-sel4_vspace-0_1_0-riscv64gc_unknown_none_elf-a03767e473d570c9/target/riscv64gc-unknown-none-elf/debug/build/sel4_common-54f8ca345015085f/out/pbf not exist, and no need to del\n  Directory created successfully: /home/runner/check/batch_7/rel4team/sel4_vspace/target/semver-checks/local-sel4_vspace-0_1_0-riscv64gc_unknown_none_elf-a03767e473d570c9/target/riscv64gc-unknown-none-elf/debug/build/sel4_common-54f8ca345015085f/out/pbf\n\n  --- stderr\n  Failed to copy file: No such file or directory (os error 2)\n\n-----\n\nerror: failed to build rustdoc for crate sel4_vspace v0.1.0\nnote: this is usually due to a compilation error in the crate,\n      and is unlikely to be a bug in cargo-semver-checks\nnote: the following command can be used to reproduce the compilation error:\n      cargo new --lib example &&\n          cd example &&\n          echo '[workspace]' >> Cargo.toml &&\n          cargo add --path /home/runner/check/batch_7/rel4team/sel4_vspace --features ENABLE_SMP &&\n          cargo check\n\nerror: aborting due to failure to build rustdoc for crate sel4_vspace v0.1.0\n"
            ]
          }
        }
      ]
    },
    {
      "user": "rel4team",
      "repo": "sel4_common",
      "pkg": "sel4_common",
      "count": 85,
      "raw_reports": [
        {
          "file": "src/registers.rs",
          "features": "",
          "count": 29,
          "kinds": {
            "Clippy(Warn)": [
              "warning: constant `gp` is never used\n --> src/registers.rs:3:7\n  |\n3 | const gp: usize = 2;\n  |       ^^\n\n",
              "warning: constant `tp` is never used\n --> src/registers.rs:4:7\n  |\n4 | const tp: usize = 3;\n  |       ^^\n\n",
              "warning: constant `t0` is never used\n --> src/registers.rs:6:7\n  |\n6 | const t0: usize = 4;\n  |       ^^\n\n",
              "warning: constant `t1` is never used\n --> src/registers.rs:7:7\n  |\n7 | const t1: usize = 5;\n  |       ^^\n\n",
              "warning: constant `t2` is never used\n --> src/registers.rs:8:7\n  |\n8 | const t2: usize = 6;\n  |       ^^\n\n",
              "warning: constant `s0` is never used\n --> src/registers.rs:9:7\n  |\n9 | const s0: usize = 7;\n  |       ^^\n\n",
              "warning: constant `s1` is never used\n  --> src/registers.rs:10:7\n   |\n10 | const s1: usize = 8;\n   |       ^^\n\n",
              "warning: constant `a0` is never used\n  --> src/registers.rs:11:7\n   |\n11 | const a0: usize = 9;\n   |       ^^\n\n",
              "warning: constant `a1` is never used\n  --> src/registers.rs:15:7\n   |\n15 | const a1: usize = 10;\n   |       ^^\n\n",
              "warning: constant `a2` is never used\n  --> src/registers.rs:16:7\n   |\n16 | const a2: usize = 11;\n   |       ^^\n\n",
              "warning: constant `a3` is never used\n  --> src/registers.rs:17:7\n   |\n17 | const a3: usize = 12;\n   |       ^^\n\n",
              "warning: constant `a4` is never used\n  --> src/registers.rs:18:7\n   |\n18 | const a4: usize = 13;\n   |       ^^\n\n",
              "warning: constant `a5` is never used\n  --> src/registers.rs:19:7\n   |\n19 | const a5: usize = 14;\n   |       ^^\n\n",
              "warning: constant `a6` is never used\n  --> src/registers.rs:20:7\n   |\n20 | const a6: usize = 15;\n   |       ^^\n\n",
              "warning: constant `a7` is never used\n  --> src/registers.rs:21:7\n   |\n21 | const a7: usize = 16;\n   |       ^^\n\n",
              "warning: constant `s2` is never used\n  --> src/registers.rs:22:7\n   |\n22 | const s2: usize = 17;\n   |       ^^\n\n",
              "warning: constant `s3` is never used\n  --> src/registers.rs:23:7\n   |\n23 | const s3: usize = 18;\n   |       ^^\n\n",
              "warning: constant `s4` is never used\n  --> src/registers.rs:24:7\n   |\n24 | const s4: usize = 19;\n   |       ^^\n\n",
              "warning: constant `s5` is never used\n  --> src/registers.rs:25:7\n   |\n25 | const s5: usize = 20;\n   |       ^^\n\n",
              "warning: constant `s6` is never used\n  --> src/registers.rs:26:7\n   |\n26 | const s6: usize = 21;\n   |       ^^\n\n",
              "warning: constant `s7` is never used\n  --> src/registers.rs:27:7\n   |\n27 | const s7: usize = 22;\n   |       ^^\n\n",
              "warning: constant `s8` is never used\n  --> src/registers.rs:28:7\n   |\n28 | const s8: usize = 23;\n   |       ^^\n\n",
              "warning: constant `s9` is never used\n  --> src/registers.rs:29:7\n   |\n29 | const s9: usize = 24;\n   |       ^^\n\n",
              "warning: constant `s10` is never used\n  --> src/registers.rs:30:7\n   |\n30 | const s10: usize = 25;\n   |       ^^^\n\n",
              "warning: constant `s11` is never used\n  --> src/registers.rs:31:7\n   |\n31 | const s11: usize = 26;\n   |       ^^^\n\n",
              "warning: constant `t3` is never used\n  --> src/registers.rs:32:7\n   |\n32 | const t3: usize = 27;\n   |       ^^\n\n",
              "warning: constant `t4` is never used\n  --> src/registers.rs:33:7\n   |\n33 | const t4: usize = 28;\n   |       ^^\n\n",
              "warning: constant `t5` is never used\n  --> src/registers.rs:34:7\n   |\n34 | const t5: usize = 29;\n   |       ^^\n\n",
              "warning: constant `t6` is never used\n  --> src/registers.rs:35:7\n   |\n35 | const t6: usize = 30;\n   |       ^^\n\n"
            ]
          }
        },
        {
          "file": "src/utils.rs",
          "features": "",
          "count": 8,
          "kinds": {
            "Unformatted": [
              "file: /home/runner/check/batch_7/rel4team/sel4_common/src/utils.rs (original lines from 83 to 83)\n-\n",
              "file: /home/runner/check/batch_7/rel4team/sel4_common/src/utils.rs (original lines from 101 to 103)\n-    unsafe {\n-        & *(addr as *mut T)\n-    }\n+    unsafe { &*(addr as *mut T) }\n",
              "file: /home/runner/check/batch_7/rel4team/sel4_common/src/utils.rs (original lines from 109 to 111)\n-    unsafe {\n-        &mut *(addr as *mut T)\n-    }\n+    unsafe { &mut *(addr as *mut T) }\n",
              "file: /home/runner/check/batch_7/rel4team/sel4_common/src/utils.rs (original lines from 116 to 118)\n-    unsafe {\n-        &mut *(addr as *mut T)\n-    }\n+    unsafe { &mut *(addr as *mut T) }\n",
              "file: /home/runner/check/batch_7/rel4team/sel4_common/src/utils.rs (original lines from 139 to 139)\n-    #[cfg(feature = \"ENABLE_SMP\")] {\n+    #[cfg(feature = \"ENABLE_SMP\")]\n+    {\n",
              "file: /home/runner/check/batch_7/rel4team/sel4_common/src/utils.rs (original lines from 143 to 143)\n-    #[cfg(not(feature = \"ENABLE_SMP\"))] {\n+    #[cfg(not(feature = \"ENABLE_SMP\"))]\n+    {\n",
              "file: /home/runner/check/batch_7/rel4team/sel4_common/src/utils.rs (original lines from 158 to 158)\n+\n"
            ],
            "Clippy(Warn)": [
              "warning: `#[inline]` is ignored on externally exported functions\n   --> src/utils.rs:149:1\n    |\n149 | #[inline]\n    | ^^^^^^^^^\n    |\n    = help: externally exported functions are functions with `#[no_mangle]`, `#[export_name]`, or `#[linkage]`\n    = note: `#[warn(unused_attributes)]` on by default\n\n"
            ]
          }
        },
        {
          "file": "src/object.rs",
          "features": "",
          "count": 6,
          "kinds": {
            "Clippy(Warn)": [
              "warning: match expression looks like `matches!` macro\n  --> src/object.rs:55:9\n   |\n55 | /         match self {\n56 | |             Self::GigaPageObject | Self::NormalPageObject | Self::MegaPageObject => true,\n57 | |             _ => false\n58 | |         }\n   | |_________^ help: try: `matches!(self, Self::GigaPageObject | Self::NormalPageObject | Self::MegaPageObject)`\n   |\n   = help: for further information visit https://rust-lang.github.io/rust-clippy/master/index.html#match_like_matches_macro\n   = note: `#[warn(clippy::match_like_matches_macro)]` on by default\n\n"
            ],
            "Unformatted": [
              "file: /home/runner/check/batch_7/rel4team/sel4_common/src/object.rs (original lines from 18 to 18)\n-\n",
              "file: /home/runner/check/batch_7/rel4team/sel4_common/src/object.rs (original lines from 49 to 51)\n-        unsafe {\n-            Some(core::mem::transmute::<u8, ObjectType>(value as u8))\n-        }\n+        unsafe { Some(core::mem::transmute::<u8, ObjectType>(value as u8)) }\n",
              "file: /home/runner/check/batch_7/rel4team/sel4_common/src/object.rs (original lines from 57 to 57)\n-            _ => false\n+            _ => false,\n",
              "file: /home/runner/check/batch_7/rel4team/sel4_common/src/object.rs (original lines from 60 to 60)\n-\n",
              "file: /home/runner/check/batch_7/rel4team/sel4_common/src/object.rs (original lines from 62 to 62)\n+\n"
            ]
          }
        },
        {
          "file": "src/sel4_config.rs",
          "features": "",
          "count": 6,
          "kinds": {
            "Unformatted": [
              "file: /home/runner/check/batch_7/rel4team/sel4_common/src/sel4_config.rs (original lines from 31 to 31)\n-\n",
              "file: /home/runner/check/batch_7/rel4team/sel4_common/src/sel4_config.rs (original lines from 51 to 51)\n-\n",
              "file: /home/runner/check/batch_7/rel4team/sel4_common/src/sel4_config.rs (original lines from 91 to 91)\n-\n",
              "file: /home/runner/check/batch_7/rel4team/sel4_common/src/sel4_config.rs (original lines from 101 to 101)\n-\n",
              "file: /home/runner/check/batch_7/rel4team/sel4_common/src/sel4_config.rs (original lines from 105 to 105)\n-\n"
            ],
            "Clippy(Warn)": [
              "warning: manually reimplementing `div_ceil`\n  --> src/sel4_config.rs:55:35\n   |\n55 | pub const L2_BITMAP_SIZE: usize = (CONFIG_NUM_PRIORITIES + wordBits - 1) / wordBits;\n   |                                   ^^^^^^^^^^^^^^^^^^^^^^^^^^^^^^^^^^^^^^^^^^^^^^^^^ help: consider using `.div_ceil()`: `CONFIG_NUM_PRIORITIES.div_ceil(wordBits)`\n   |\n   = help: for further information visit https://rust-lang.github.io/rust-clippy/master/index.html#manual_div_ceil\n   = note: `#[warn(clippy::manual_div_ceil)]` on by default\n\n"
            ]
          }
        },
        {
          "file": "src/fault.rs",
          "features": "",
          "count": 5,
          "kinds": {
            "Unformatted": [
              "file: /home/runner/check/batch_7/rel4team/sel4_common/src/fault.rs (original lines from 36 to 38)\n-        unsafe {\n-            core::mem::transmute::<u8, FaultType>(self.get_type() as u8)\n-        }\n+        unsafe { core::mem::transmute::<u8, FaultType>(self.get_type() as u8) }\n",
              "file: /home/runner/check/batch_7/rel4team/sel4_common/src/fault.rs (original lines from 42 to 42)\n-\n",
              "file: /home/runner/check/batch_7/rel4team/sel4_common/src/fault.rs (original lines from 65 to 67)\n-\n-\n-\n",
              "file: /home/runner/check/batch_7/rel4team/sel4_common/src/fault.rs (original lines from 82 to 82)\n-\n",
              "file: /home/runner/check/batch_7/rel4team/sel4_common/src/fault.rs (original lines from 103 to 105)\n-        unsafe {\n-            core::mem::transmute::<u8, LookupFaultType>(self.get_type() as u8)\n-        }\n+        unsafe { core::mem::transmute::<u8, LookupFaultType>(self.get_type() as u8) }\n"
            ]
          }
        },
        {
          "file": "src/smp.rs",
          "features": "",
          "count": 5,
          "kinds": {
            "Unformatted": [
              "file: /home/runner/check/batch_7/rel4team/sel4_common/src/smp.rs (original lines from 1 to 2)\n-use core::arch::asm;\n-use crate::BIT;\n+use super::sel4_config::{CONFIG_KERNEL_STACK_BITS, CONFIG_MAX_NUM_NODES};\n",
              "file: /home/runner/check/batch_7/rel4team/sel4_common/src/smp.rs (original lines from 4 to 4)\n-use super::sel4_config::{CONFIG_MAX_NUM_NODES, CONFIG_KERNEL_STACK_BITS};\n+use crate::BIT;\n+use core::arch::asm;\n",
              "file: /home/runner/check/batch_7/rel4team/sel4_common/src/smp.rs (original lines from 6 to 6)\n-\n",
              "file: /home/runner/check/batch_7/rel4team/sel4_common/src/smp.rs (original lines from 9 to 11)\n-    unsafe {\n-        &*(coreMap as usize as *const [usize; CONFIG_MAX_NUM_NODES])\n-    }\n+    unsafe { &*(coreMap as usize as *const [usize; CONFIG_MAX_NUM_NODES]) }\n",
              "file: /home/runner/check/batch_7/rel4team/sel4_common/src/smp.rs (original lines from 27 to 27)\n-\n"
            ]
          }
        },
        {
          "file": "src/deps.rs",
          "features": "",
          "count": 4,
          "kinds": {
            "Clippy(Warn)": [
              "warning: function `kernel_stack_alloc` is never used\n --> src/deps.rs:3:12\n  |\n3 |     pub fn kernel_stack_alloc();\n  |            ^^^^^^^^^^^^^^^^^^\n  |\n  = note: `#[warn(dead_code)]` on by default\n\n"
            ],
            "Unformatted": [
              "file: /home/runner/check/batch_7/rel4team/sel4_common/src/deps.rs (original lines from 1 to 1)\n-\n",
              "file: /home/runner/check/batch_7/rel4team/sel4_common/src/deps.rs (original lines from 5 to 6)\n-\n-\n",
              "file: /home/runner/check/batch_7/rel4team/sel4_common/src/deps.rs (original lines from 12 to 12)\n+\n"
            ]
          }
        },
        {
          "file": "src/lib.rs",
          "features": "",
          "count": 4,
          "kinds": {
            "Unformatted": [
              "file: /home/runner/check/batch_7/rel4team/sel4_common/src/lib.rs (original lines from 6 to 12)\n-#[cfg(feature = \"ENABLE_SMP\")]\n-pub mod smp;\n-mod deps;\n-pub mod sel4_config;\n-pub mod structures;\n-pub mod utils;\n-pub mod sbi;\n",
              "file: /home/runner/check/batch_7/rel4team/sel4_common/src/lib.rs (original lines from 14 to 14)\n+mod deps;\n+pub mod fault;\n",
              "file: /home/runner/check/batch_7/rel4team/sel4_common/src/lib.rs (original lines from 17 to 17)\n-pub mod fault;\n",
              "file: /home/runner/check/batch_7/rel4team/sel4_common/src/lib.rs (original lines from 19 to 19)\n+pub mod sbi;\n+pub mod sel4_config;\n+#[cfg(feature = \"ENABLE_SMP\")]\n+pub mod smp;\n+pub mod structures;\n+pub mod utils;\n+\n"
            ]
          }
        },
        {
          "file": "src/logging.rs",
          "features": "",
          "count": 3,
          "kinds": {
            "Unformatted": [
              "file: /home/runner/check/batch_7/rel4team/sel4_common/src/logging.rs (original lines from 9 to 9)\n-use crate::println;\n",
              "file: /home/runner/check/batch_7/rel4team/sel4_common/src/logging.rs (original lines from 11 to 11)\n+use crate::println;\n",
              "file: /home/runner/check/batch_7/rel4team/sel4_common/src/logging.rs (original lines from 58 to 58)\n+\n"
            ]
          }
        },
        {
          "file": "src/message_info.rs",
          "features": "",
          "count": 3,
          "kinds": {
            "Unformatted": [
              "file: /home/runner/check/batch_7/rel4team/sel4_common/src/message_info.rs (original lines from 6 to 6)\n-    InvalidInvocation                       = 0,\n+    InvalidInvocation = 0,\n",
              "file: /home/runner/check/batch_7/rel4team/sel4_common/src/message_info.rs (original lines from 63 to 65)\n-        Self {\n-            words: [w]\n-        }\n+        Self { words: [w] }\n",
              "file: /home/runner/check/batch_7/rel4team/sel4_common/src/message_info.rs (original lines from 84 to 86)\n-        unsafe {\n-            core::mem::transmute::<u8, MessageLabel>(self.get_usize_label() as u8)\n-        }\n+        unsafe { core::mem::transmute::<u8, MessageLabel>(self.get_usize_label() as u8) }\n"
            ]
          }
        },
        {
          "file": "src/sbi.rs",
          "features": "",
          "count": 3,
          "kinds": {
            "Unformatted": [
              "file: /home/runner/check/batch_7/rel4team/sel4_common/src/sbi.rs (original lines from 12 to 12)\n-const SYSCALL_WRITE:usize =64;\n+const SYSCALL_WRITE: usize = 64;\n",
              "file: /home/runner/check/batch_7/rel4team/sel4_common/src/sbi.rs (original lines from 29 to 30)\n-\n-\n",
              "file: /home/runner/check/batch_7/rel4team/sel4_common/src/sbi.rs (original lines from 54 to 54)\n-\n"
            ]
          }
        },
        {
          "file": "src/structures.rs",
          "features": "",
          "count": 3,
          "kinds": {
            "Clippy(Error)": [
              "error: C-like enum variant discriminant is not portable to 32-bit targets\n  --> src/structures.rs:11:5\n   |\n11 |     padding = isize::MAX - 1,\n   |     ^^^^^^^^^^^^^^^^^^^^^^^^\n   |\n   = help: for further information visit https://rust-lang.github.io/rust-clippy/master/index.html#enum_clike_unportable_variant\n   = note: `#[deny(clippy::enum_clike_unportable_variant)]` on by default\n\n"
            ],
            "Unformatted": [
              "file: /home/runner/check/batch_7/rel4team/sel4_common/src/structures.rs (original lines from 14 to 14)\n-\n",
              "file: /home/runner/check/batch_7/rel4team/sel4_common/src/structures.rs (original lines from 32 to 32)\n+\n"
            ]
          }
        },
        {
          "file": "(virtual) clippy",
          "features": "",
          "count": 1,
          "kinds": {
            "Cargo": [
              "// pkg_name=sel4_common, checker=Clippy\n// toolchain=nightly-2025-06-26-x86_64-unknown-linux-gnu, target=riscv64gc-unknown-none-elf\n// features=\n// pkg_dir=/home/runner/check/batch_7/rel4team/sel4_common\n// cmd=cargo clippy --target riscv64gc-unknown-none-elf  --no-deps\n// timestamp=2025-06-28 12:05:00.855379868 +08:00:00\n   Compiling memchr v2.7.5\n   Compiling semver-parser v0.7.0\n   Compiling regex-syntax v0.8.5\n   Compiling lazy_static v1.5.0\n   Compiling autocfg v1.5.0\n   Compiling semver v0.9.0\n   Compiling aho-corasick v1.1.3\n   Compiling rustc_version v0.2.3\n   Compiling bare-metal v0.2.5\n   Compiling lock_api v0.4.13\n    Checking scopeguard v1.2.0\n    Checking bit_field v0.10.2\n    Checking log v0.4.27\n    Checking bitflags v1.3.2\n    Checking spin v0.9.8\n   Compiling regex-automata v0.4.9\n   Compiling regex v1.11.1\n   Compiling riscv-target v0.1.2\n   Compiling riscv v0.6.0 (https://gitee.com/rcore-os/riscv#11d43cf7)\n    Checking sel4_common v0.1.0 (/home/runner/check/batch_7/rel4team/sel4_common)\nerror: could not compile `sel4_common` (lib) due to 1 previous error; 33 warnings emitted\n"
            ]
          }
        },
        {
          "file": "(virtual) semver-checks",
          "features": "",
          "count": 1,
          "kinds": {
            "Cargo": [
              "// pkg_name=sel4_common, checker=SemverChecks\n// toolchain=nightly-2025-06-26-x86_64-unknown-linux-gnu, target=riscv64gc-unknown-none-elf\n// features=\n// pkg_dir=/home/runner/check/batch_7/rel4team/sel4_common\n// cmd=cargo +nightly-2025-06-26-x86_64-unknown-linux-gnu semver-checks --target riscv64gc-unknown-none-elf \n// timestamp=2025-06-28 12:05:05.445243902 +08:00:00\n    Building sel4_common v0.1.0 (current)\n       Built [   4.581s] (current)\n     Parsing sel4_common v0.1.0 (current)\n      Parsed [   0.003s] (current)\nerror: sel4_common not found in registry (crates.io). For workarounds check https://github.com/obi1kenobi/cargo-semver-checks#does-the-crate-im-checking-have-to-be-published-on-cratesio\n"
            ]
          }
        },
        {
          "file": "[Lockbud] deadlock detection",
          "features": "",
          "count": 1,
          "kinds": {
            "Lockbud(Possibly)": [
              "[2025-06-28T04:05:13Z WARN  lockbud::callbacks] [\n      {\n        \"AtomicityViolation\": {\n          \"bug_kind\": \"AtomicityViolation\",\n          \"possibility\": \"Possibly\",\n          \"diagnosis\": {\n            \"fn_name\": \"set_logger_racy\",\n            \"atomic_reader\": \"/home/runner/.cargo/registry/src/index.crates.io-1949cf8c6b5b557f/log-0.4.27/src/lib.rs:1455:11: 1455:40 (#0)\",\n            \"atomic_writer\": \"/home/runner/.cargo/registry/src/index.crates.io-1949cf8c6b5b557f/log-0.4.27/src/lib.rs:1458:13: 1458:56 (#0)\",\n            \"dep_kind\": \"Control\"\n          },\n          \"explanation\": \"atomic::store is data/control dependent on atomic::load\"\n        }\n      }\n    ]\n[2025-06-28T04:05:13Z WARN  lockbud::callbacks] crate log contains bugs: { probably: 0, possibly: 0 }, conflictlock: { probably: 0, possibly: 0 }, condvar_deadlock: { probably: 0, possibly: 0 }, atomicity_violation: { possibly: 1 }, invalid_free: { possibly: 0 }, use_after_free: { possibly: 0 }\n[2025-06-28T04:05:16Z WARN  lockbud::callbacks] [\n      {\n        \"AtomicityViolation\": {\n          \"bug_kind\": \"AtomicityViolation\",\n          \"possibility\": \"Possibly\",\n          \"diagnosis\": {\n            \"fn_name\": \"regex_automata::util::pool::inner::Pool::<T, F>::get\",\n            \"atomic_reader\": \"/home/runner/.cargo/registry/src/index.crates.io-1949cf8c6b5b557f/regex-automata-0.4.9/src/util/pool.rs:525:25: 525:59 (#0)\",\n            \"atomic_writer\": \"/home/runner/.cargo/registry/src/index.crates.io-1949cf8c6b5b557f/regex-automata-0.4.9/src/util/pool.rs:530:17: 530:69 (#0)\",\n            \"dep_kind\": \"Control\"\n          },\n          \"explanation\": \"atomic::store is data/control dependent on atomic::load\"\n        }\n      }\n    ]\n[2025-06-28T04:05:16Z WARN  lockbud::callbacks] crate riscv_target contains bugs: { probably: 0, possibly: 0 }, conflictlock: { probably: 0, possibly: 0 }, condvar_deadlock: { probably: 0, possibly: 0 }, atomicity_violation: { possibly: 1 }, invalid_free: { possibly: 0 }, use_after_free: { possibly: 0 }"
            ]
          }
        },
        {
          "file": "[outdated direct dependencies]",
          "features": "",
          "count": 1,
          "kinds": {
            "Outdated": [
              "pkg=sel4_common, checker=Outdated\ntoolchain=nightly-2025-06-26-x86_64-unknown-linux-gnu, target=riscv64gc-unknown-none-elf\nfeatures=\npkg_dir=/home/runner/check/batch_7/rel4team/sel4_common\ncmd=cargo +nightly-2025-06-26-x86_64-unknown-linux-gnu outdated -R --exit-code=2\ntimestamp=2025-06-28 12:05:42.392301067 +08:00:00\n\nName  Project  Compat  Latest  Kind    Platform\n----  -------  ------  ------  ----    --------\nspin  0.9.8    ---     0.10.0  Normal  ---\n"
            ]
          }
        },
        {
          "file": "[semver checks violation]",
          "features": "",
          "count": 1,
          "kinds": {
            "Semver Violation": [
              "pkg=sel4_common, checker=SemverChecks\ntoolchain=nightly-2025-06-26-x86_64-unknown-linux-gnu, target=riscv64gc-unknown-none-elf\nfeatures=\npkg_dir=/home/runner/check/batch_7/rel4team/sel4_common\ncmd=cargo +nightly-2025-06-26-x86_64-unknown-linux-gnu semver-checks --target riscv64gc-unknown-none-elf \ntimestamp=2025-06-28 12:05:12.272255136 +08:00:00\n\n\nstdout:\n\nstderr:\n    Building sel4_common v0.1.0 (current)\n       Built [   4.581s] (current)\n     Parsing sel4_common v0.1.0 (current)\n      Parsed [   0.003s] (current)\nerror: sel4_common not found in registry (crates.io). For workarounds check https://github.com/obi1kenobi/cargo-semver-checks#does-the-crate-im-checking-have-to-be-published-on-cratesio\n"
            ]
          }
        },
        {
          "file": "src/console.rs",
          "features": "",
          "count": 1,
          "kinds": {
            "Unformatted": [
              "file: /home/runner/check/batch_7/rel4team/sel4_common/src/console.rs (original lines from 36 to 36)\n+\n"
            ]
          }
        }
      ]
    },
    {
      "user": "rel4team",
      "repo": "sel4_ipc",
      "pkg": "sel4_ipc",
      "count": 52,
      "raw_reports": [
        {
          "file": "src/transfer.rs",
          "features": "",
          "count": 23,
          "kinds": {
            "Unformatted": [
              "file: /home/runner/check/batch_7/rel4team/sel4_ipc/src/transfer.rs (original lines from 6 to 7)\n-use sel4_common::structures::*;\n-use sel4_common::sel4_config::*;\n",
              "file: /home/runner/check/batch_7/rel4team/sel4_ipc/src/transfer.rs (original lines from 10 to 10)\n-use sel4_common::registers::{badgeRegister, FaultIP, msgInfoRegister, n_exceptionMessage, n_syscallMessage};\n+use sel4_common::registers::{\n+    badgeRegister, msgInfoRegister, n_exceptionMessage, n_syscallMessage, FaultIP,\n+};\n+use sel4_common::sel4_config::*;\n+use sel4_common::structures::*;\n",
              "file: /home/runner/check/batch_7/rel4team/sel4_ipc/src/transfer.rs (original lines from 19 to 19)\n-    fn set_transfer_caps(&mut self, endpoint: Option<&endpoint_t>, info: &mut seL4_MessageInfo_t, current_extra_caps: &[pptr_t; seL4_MsgMaxExtraCaps]);\n+    fn set_transfer_caps(\n+        &mut self,\n+        endpoint: Option<&endpoint_t>,\n+        info: &mut seL4_MessageInfo_t,\n+        current_extra_caps: &[pptr_t; seL4_MsgMaxExtraCaps],\n+    );\n",
              "file: /home/runner/check/batch_7/rel4team/sel4_ipc/src/transfer.rs (original lines from 21 to 21)\n-    fn set_transfer_caps_with_buf(&mut self, endpoint: Option<&endpoint_t>, info: &mut seL4_MessageInfo_t, current_extra_caps: &[pptr_t; seL4_MsgMaxExtraCaps], ipc_buffer: Option<&mut seL4_IPCBuffer>);\n+    fn set_transfer_caps_with_buf(\n+        &mut self,\n+        endpoint: Option<&endpoint_t>,\n+        info: &mut seL4_MessageInfo_t,\n+        current_extra_caps: &[pptr_t; seL4_MsgMaxExtraCaps],\n+        ipc_buffer: Option<&mut seL4_IPCBuffer>,\n+    );\n",
              "file: /home/runner/check/batch_7/rel4team/sel4_ipc/src/transfer.rs (original lines from 25 to 25)\n-    fn do_normal_transfer(&self, receiver: &mut tcb_t, endpoint: Option<&endpoint_t>, badge: usize, can_grant: bool);\n+    fn do_normal_transfer(\n+        &self,\n+        receiver: &mut tcb_t,\n+        endpoint: Option<&endpoint_t>,\n+        badge: usize,\n+        can_grant: bool,\n+    );\n",
              "file: /home/runner/check/batch_7/rel4team/sel4_ipc/src/transfer.rs (original lines from 31 to 31)\n-    fn do_ipc_transfer(&self, receiver: &mut tcb_t, endpoint: Option<&endpoint_t>, badge: usize, grant: bool);\n+    fn do_ipc_transfer(\n+        &self,\n+        receiver: &mut tcb_t,\n+        endpoint: Option<&endpoint_t>,\n+        badge: usize,\n+        grant: bool,\n+    );\n",
              "file: /home/runner/check/batch_7/rel4team/sel4_ipc/src/transfer.rs (original lines from 62 to 62)\n-    fn set_transfer_caps(&mut self, endpoint: Option<&endpoint_t>, info: &mut seL4_MessageInfo_t, current_extra_caps: &[pptr_t; seL4_MsgMaxExtraCaps]) {\n+    fn set_transfer_caps(\n+        &mut self,\n+        endpoint: Option<&endpoint_t>,\n+        info: &mut seL4_MessageInfo_t,\n+        current_extra_caps: &[pptr_t; seL4_MsgMaxExtraCaps],\n+    ) {\n",
              "file: /home/runner/check/batch_7/rel4team/sel4_ipc/src/transfer.rs (original lines from 75 to 75)\n-            if cap.get_cap_type() == CapTag::CapEndpointCap && endpoint.is_some() && cap.get_ep_ptr() == endpoint.unwrap().get_ptr() {\n+            if cap.get_cap_type() == CapTag::CapEndpointCap\n+                && endpoint.is_some()\n+                && cap.get_ep_ptr() == endpoint.unwrap().get_ptr()\n+            {\n",
              "file: /home/runner/check/batch_7/rel4team/sel4_ipc/src/transfer.rs (original lines from 84 to 84)\n-                    if dc_ret.status != exception_t::EXCEPTION_NONE || dc_ret.cap.get_cap_type() == CapTag::CapNullCap {\n+                    if dc_ret.status != exception_t::EXCEPTION_NONE\n+                        || dc_ret.cap.get_cap_type() == CapTag::CapNullCap\n+                    {\n",
              "file: /home/runner/check/batch_7/rel4team/sel4_ipc/src/transfer.rs (original lines from 95 to 95)\n-    fn set_transfer_caps_with_buf(&mut self, endpoint: Option<&endpoint_t>, info: &mut seL4_MessageInfo_t, current_extra_caps: &[pptr_t; seL4_MsgMaxExtraCaps], ipc_buffer: Option<&mut seL4_IPCBuffer>) {\n+    fn set_transfer_caps_with_buf(\n+        &mut self,\n+        endpoint: Option<&endpoint_t>,\n+        info: &mut seL4_MessageInfo_t,\n+        current_extra_caps: &[pptr_t; seL4_MsgMaxExtraCaps],\n+        ipc_buffer: Option<&mut seL4_IPCBuffer>,\n+    ) {\n",
              "file: /home/runner/check/batch_7/rel4team/sel4_ipc/src/transfer.rs (original lines from 108 to 108)\n-            if cap.get_cap_type() == CapTag::CapEndpointCap && endpoint.is_some() && cap.get_ep_ptr() == endpoint.unwrap().get_ptr() {\n+            if cap.get_cap_type() == CapTag::CapEndpointCap\n+                && endpoint.is_some()\n+                && cap.get_ep_ptr() == endpoint.unwrap().get_ptr()\n+            {\n",
              "file: /home/runner/check/batch_7/rel4team/sel4_ipc/src/transfer.rs (original lines from 117 to 117)\n-                    if dc_ret.status != exception_t::EXCEPTION_NONE || dc_ret.cap.get_cap_type() == CapTag::CapNullCap {\n+                    if dc_ret.status != exception_t::EXCEPTION_NONE\n+                        || dc_ret.cap.get_cap_type() == CapTag::CapNullCap\n+                    {\n",
              "file: /home/runner/check/batch_7/rel4team/sel4_ipc/src/transfer.rs (original lines from 133 to 135)\n-                receiver.set_mr(seL4_CapFault_InRecvPhase, self.tcbFault.cap_fault_get_in_receive_phase());\n-                receiver.set_lookup_fault_mrs(seL4_CapFault_LookupFailureType, &self.tcbLookupFailure)\n-            },\n+                receiver.set_mr(\n+                    seL4_CapFault_InRecvPhase,\n+                    self.tcbFault.cap_fault_get_in_receive_phase(),\n+                );\n+                receiver\n+                    .set_lookup_fault_mrs(seL4_CapFault_LookupFailureType, &self.tcbLookupFailure)\n+            }\n",
              "file: /home/runner/check/batch_7/rel4team/sel4_ipc/src/transfer.rs (original lines from 138 to 139)\n-                receiver.set_mr(n_syscallMessage, self.tcbFault.unknown_syscall_get_syscall_number())\n-            },\n+                receiver.set_mr(\n+                    n_syscallMessage,\n+                    self.tcbFault.unknown_syscall_get_syscall_number(),\n+                )\n+            }\n",
              "file: /home/runner/check/batch_7/rel4team/sel4_ipc/src/transfer.rs (original lines from 142 to 144)\n-                receiver.set_mr(n_exceptionMessage, self.tcbFault.user_exeception_get_number());\n-                receiver.set_mr(n_exceptionMessage + 1, self.tcbFault.user_exeception_get_code())\n-            },\n+                receiver.set_mr(\n+                    n_exceptionMessage,\n+                    self.tcbFault.user_exeception_get_number(),\n+                );\n+                receiver.set_mr(\n+                    n_exceptionMessage + 1,\n+                    self.tcbFault.user_exeception_get_code(),\n+                )\n+            }\n",
              "file: /home/runner/check/batch_7/rel4team/sel4_ipc/src/transfer.rs (original lines from 148 to 148)\n-                receiver.set_mr(seL4_VMFault_PrefetchFault, self.tcbFault.vm_fault_get_instruction_fault());\n+                receiver.set_mr(\n+                    seL4_VMFault_PrefetchFault,\n+                    self.tcbFault.vm_fault_get_instruction_fault(),\n+                );\n",
              "file: /home/runner/check/batch_7/rel4team/sel4_ipc/src/transfer.rs (original lines from 150 to 150)\n-            },\n+            }\n",
              "file: /home/runner/check/batch_7/rel4team/sel4_ipc/src/transfer.rs (original lines from 160 to 160)\n-    fn do_normal_transfer(&self, receiver: &mut tcb_t, endpoint: Option<&endpoint_t>, badge: usize, can_grant: bool) {\n+    fn do_normal_transfer(\n+        &self,\n+        receiver: &mut tcb_t,\n+        endpoint: Option<&endpoint_t>,\n+        badge: usize,\n+        can_grant: bool,\n+    ) {\n",
              "file: /home/runner/check/batch_7/rel4team/sel4_ipc/src/transfer.rs (original lines from 179 to 179)\n-                self.copy_fault_mrs_for_reply(receiver, MessageID_Syscall, core::cmp::min(length, n_syscallMessage));\n+                self.copy_fault_mrs_for_reply(\n+                    receiver,\n+                    MessageID_Syscall,\n+                    core::cmp::min(length, n_syscallMessage),\n+                );\n",
              "file: /home/runner/check/batch_7/rel4team/sel4_ipc/src/transfer.rs (original lines from 183 to 183)\n-                self.copy_fault_mrs_for_reply(receiver, MessageID_Exception, core::cmp::min(length, n_exceptionMessage));\n+                self.copy_fault_mrs_for_reply(\n+                    receiver,\n+                    MessageID_Exception,\n+                    core::cmp::min(length, n_exceptionMessage),\n+                );\n",
              "file: /home/runner/check/batch_7/rel4team/sel4_ipc/src/transfer.rs (original lines from 186 to 186)\n-            _ => true\n+            _ => true,\n",
              "file: /home/runner/check/batch_7/rel4team/sel4_ipc/src/transfer.rs (original lines from 191 to 191)\n-        if let Some(ntfn) = convert_to_option_mut_type_ref::<notification_t>(self.tcbBoundNotification) {\n+        if let Some(ntfn) =\n+            convert_to_option_mut_type_ref::<notification_t>(self.tcbBoundNotification)\n+        {\n",
              "file: /home/runner/check/batch_7/rel4team/sel4_ipc/src/transfer.rs (original lines from 201 to 201)\n-    fn do_ipc_transfer(&self, receiver: &mut tcb_t, endpoint: Option<&endpoint_t>, badge: usize, grant: bool) {\n+    fn do_ipc_transfer(\n+        &self,\n+        receiver: &mut tcb_t,\n+        endpoint: Option<&endpoint_t>,\n+        badge: usize,\n+        grant: bool,\n+    ) {\n"
            ]
          }
        },
        {
          "file": "src/endpoint.rs",
          "features": "",
          "count": 11,
          "kinds": {
            "Unformatted": [
              "file: /home/runner/check/batch_7/rel4team/sel4_ipc/src/endpoint.rs (original lines from 1 to 1)\n+use crate::transfer::Transfer;\n",
              "file: /home/runner/check/batch_7/rel4team/sel4_ipc/src/endpoint.rs (original lines from 4 to 4)\n-use sel4_task::{possible_switch_to, rescheduleRequired, schedule_tcb, set_thread_state, tcb_queue_t, tcb_t, ThreadState};\n+use sel4_task::{\n+    possible_switch_to, rescheduleRequired, schedule_tcb, set_thread_state, tcb_queue_t, tcb_t,\n+    ThreadState,\n+};\n",
              "file: /home/runner/check/batch_7/rel4team/sel4_ipc/src/endpoint.rs (original lines from 6 to 6)\n-use crate::transfer::Transfer;\n",
              "file: /home/runner/check/batch_7/rel4team/sel4_ipc/src/endpoint.rs (original lines from 8 to 8)\n-\n",
              "file: /home/runner/check/batch_7/rel4team/sel4_ipc/src/endpoint.rs (original lines from 38 to 40)\n-        unsafe {\n-            core::mem::transmute::<u8, EPState>(self.get_usize_state() as u8)\n-        }\n+        unsafe { core::mem::transmute::<u8, EPState>(self.get_usize_state() as u8) }\n",
              "file: /home/runner/check/batch_7/rel4team/sel4_ipc/src/endpoint.rs (original lines from 45 to 45)\n-        tcb_queue_t { head: self.get_queue_head(), tail: self.get_queue_tail() }\n+        tcb_queue_t {\n+            head: self.get_queue_head(),\n+            tail: self.get_queue_tail(),\n+        }\n",
              "file: /home/runner/check/batch_7/rel4team/sel4_ipc/src/endpoint.rs (original lines from 111 to 112)\n-    pub fn send_ipc(&mut self, src_thread: &mut tcb_t, blocking: bool,\n-                    do_call: bool, can_grant: bool, badge: usize, can_grant_reply: bool) {\n+    pub fn send_ipc(\n+        &mut self,\n+        src_thread: &mut tcb_t,\n+        blocking: bool,\n+        do_call: bool,\n+        can_grant: bool,\n+        badge: usize,\n+        can_grant_reply: bool,\n+    ) {\n",
              "file: /home/runner/check/batch_7/rel4team/sel4_ipc/src/endpoint.rs (original lines from 116 to 116)\n-                    src_thread.tcbState.set_ts_type(ThreadState::ThreadStateBlockedOnSend as usize);\n+                    src_thread\n+                        .tcbState\n+                        .set_ts_type(ThreadState::ThreadStateBlockedOnSend as usize);\n",
              "file: /home/runner/check/batch_7/rel4team/sel4_ipc/src/endpoint.rs (original lines from 118 to 118)\n-                    src_thread.tcbState.set_blocking_ipc_can_grant(can_grant as usize);\n+                    src_thread\n+                        .tcbState\n+                        .set_blocking_ipc_can_grant(can_grant as usize);\n",
              "file: /home/runner/check/batch_7/rel4team/sel4_ipc/src/endpoint.rs (original lines from 120 to 121)\n-                    src_thread.tcbState.set_blocking_ipc_can_grant_reply(can_grant_reply as usize);\n-                    src_thread.tcbState.set_blocking_ipc_is_call(do_call as usize);\n+                    src_thread\n+                        .tcbState\n+                        .set_blocking_ipc_can_grant_reply(can_grant_reply as usize);\n+                    src_thread\n+                        .tcbState\n+                        .set_blocking_ipc_is_call(do_call as usize);\n",
              "file: /home/runner/check/batch_7/rel4team/sel4_ipc/src/endpoint.rs (original lines from 201 to 201)\n-\n"
            ]
          }
        },
        {
          "file": "src/notification.rs",
          "features": "",
          "count": 9,
          "kinds": {
            "Unformatted": [
              "file: /home/runner/check/batch_7/rel4team/sel4_ipc/src/notification.rs (original lines from 1 to 1)\n+use crate::transfer::Transfer;\n",
              "file: /home/runner/check/batch_7/rel4team/sel4_ipc/src/notification.rs (original lines from 4 to 5)\n-use sel4_task::{possible_switch_to, rescheduleRequired, set_thread_state, tcb_queue_t, tcb_t, ThreadState};\n-use crate::transfer::Transfer;\n+use sel4_task::{\n+    possible_switch_to, rescheduleRequired, set_thread_state, tcb_queue_t, tcb_t, ThreadState,\n+};\n",
              "file: /home/runner/check/batch_7/rel4team/sel4_ipc/src/notification.rs (original lines from 7 to 7)\n-\n",
              "file: /home/runner/check/batch_7/rel4team/sel4_ipc/src/notification.rs (original lines from 30 to 32)\n-        unsafe {\n-            core::mem::transmute::<u8, NtfnState>(self.get_usize_state() as u8)\n-        }\n+        unsafe { core::mem::transmute::<u8, NtfnState>(self.get_usize_state() as u8) }\n",
              "file: /home/runner/check/batch_7/rel4team/sel4_ipc/src/notification.rs (original lines from 37 to 37)\n-        tcb_queue_t { head: self.get_queue_head(), tail: self.get_queue_tail() }\n+        tcb_queue_t {\n+            head: self.get_queue_head(),\n+            tail: self.get_queue_tail(),\n+        }\n",
              "file: /home/runner/check/batch_7/rel4team/sel4_ipc/src/notification.rs (original lines from 65 to 65)\n-        if self.get_state() ==  NtfnState::Waiting {\n+        if self.get_state() == NtfnState::Waiting {\n",
              "file: /home/runner/check/batch_7/rel4team/sel4_ipc/src/notification.rs (original lines from 70 to 70)\n-            while let Some(thread) =  op_thread {\n+            while let Some(thread) = op_thread {\n",
              "file: /home/runner/check/batch_7/rel4team/sel4_ipc/src/notification.rs (original lines from 108 to 108)\n-                    if tcb.get_state() == ThreadState::ThreadStateBlockedOnReceive{\n+                    if tcb.get_state() == ThreadState::ThreadStateBlockedOnReceive {\n",
              "file: /home/runner/check/batch_7/rel4team/sel4_ipc/src/notification.rs (original lines from 165 to 165)\n+\n"
            ]
          }
        },
        {
          "file": "(virtual) clippy",
          "features": "",
          "count": 1,
          "kinds": {
            "Cargo": [
              "// pkg_name=sel4_ipc, checker=Clippy\n// toolchain=nightly-2025-06-26-x86_64-unknown-linux-gnu, target=riscv64gc-unknown-none-elf\n// features=\n// pkg_dir=/home/runner/check/batch_7/rel4team/sel4_ipc\n// cmd=cargo clippy --target riscv64gc-unknown-none-elf  --no-deps\n// timestamp=2025-06-28 12:06:48.120302837 +08:00:00\n   Compiling memchr v2.7.5\n   Compiling proc-macro2 v1.0.95\n   Compiling unicode-ident v1.0.18\n   Compiling regex-syntax v0.8.5\n   Compiling thiserror v2.0.12\n   Compiling semver-parser v0.7.0\n   Compiling aho-corasick v1.1.3\n   Compiling quote v1.0.40\n   Compiling syn v2.0.104\n   Compiling ucd-trie v0.1.7\n   Compiling lazy_static v1.5.0\n   Compiling semver v0.9.0\n   Compiling rustix v0.38.44\n   Compiling regex-automata v0.4.9\n   Compiling rustc_version v0.2.3\n   Compiling linux-raw-sys v0.4.15\n   Compiling bitflags v2.9.1\n   Compiling bare-metal v0.2.5\n   Compiling autocfg v1.5.0\n   Compiling regex v1.11.1\n   Compiling thiserror-impl v2.0.12\n   Compiling riscv-target v0.1.2\n   Compiling home v0.5.11\n   Compiling either v1.15.0\n   Compiling syn v1.0.109\n   Compiling which v4.4.2\n   Compiling lock_api v0.4.13\n   Compiling sel4-rustfmt-helper v0.1.0 (https://github.com/rel4team/rust_sel4_pbf_parser/?branch=mi_dev#34240530)\n   Compiling sel4-bitfield-types v0.1.0 (https://github.com/rel4team/rust_sel4_pbf_parser/?branch=mi_dev#34240530)\n    Checking bitflags v1.3.2\n    Checking log v0.4.27\n    Checking scopeguard v1.2.0\n    Checking serial-frame v0.1.0 (https://github.com/rel4team/serial-frame.git?branch=mi_dev#84501a76)\n   Compiling pest v2.8.1\n    Checking bit_field v0.10.2\n   Compiling glob v0.3.2\n   Compiling riscv v0.6.0 (https://github.com/rcore-os/riscv#11d43cf7)\n    Checking tock-registers v0.9.0\n    Checking spin v0.9.8\n    Checking serial-impl-pl011 v0.1.0 (https://github.com/rel4team/serial-impl-pl011.git?branch=mi_dev#83e073e1)\n   Compiling riscv v0.6.0 (https://gitee.com/rcore-os/riscv#11d43cf7)\n    Checking serial-impl-sbi v0.1.0 (https://github.com/rel4team/serial-impl-sbi.git?branch=mi_dev#4face963)\n    Checking cfg-if v1.0.1\n    Checking tock-registers v0.8.1\n    Checking aarch64-cpu v9.4.0\n    Checking driver-collect v0.1.0 (https://github.com/rel4team/driver-collect.git?branch=mi_dev#3667ef6a)\n   Compiling pest_meta v2.8.1\n    Checking sel4_common v0.1.0 (https://github.com/rel4team/sel4_common.git#70d9ea26)\n   Compiling pest_generator v2.8.1\n   Compiling pest_derive v2.8.1\n   Compiling sel4-bitfield-parser v0.1.0 (https://github.com/rel4team/rust_sel4_pbf_parser/?branch=mi_dev#34240530)\n   Compiling rust_sel4_pbf_parser v0.1.0 (https://github.com/rel4team/rust_sel4_pbf_parser/?branch=mi_dev#34240530)\n   Compiling sel4_common v0.1.0 (https://github.com/rel4team/sel4_common.git?branch=mi_dev#bfc7c3c7)\nerror: failed to run custom build command for `sel4_common v0.1.0 (https://github.com/rel4team/sel4_common.git?branch=mi_dev#bfc7c3c7)`\n\nCaused by:\n  process didn't exit successfully: `/home/runner/check/batch_7/rel4team/sel4_ipc/target/debug/build/sel4_common-b6132cf9ccf31cd4/build-script-build` (exit status: 1)\n  --- stdout\n  dir /home/runner/check/batch_7/rel4team/sel4_ipc/target/riscv64gc-unknown-none-elf/debug/build/sel4_common-82a5a5e73d993a98/out/pbf not exist, and no need to del\n  Directory created successfully: /home/runner/check/batch_7/rel4team/sel4_ipc/target/riscv64gc-unknown-none-elf/debug/build/sel4_common-82a5a5e73d993a98/out/pbf\n\n  --- stderr\n  Failed to copy file: No such file or directory (os error 2)\n"
            ]
          }
        },
        {
          "file": "(virtual) lockbud",
          "features": "",
          "count": 1,
          "kinds": {
            "Cargo": [
              "// pkg_name=sel4_ipc, checker=Lockbud\n// toolchain=nightly-2025-06-26-x86_64-unknown-linux-gnu, target=riscv64gc-unknown-none-elf\n// features=\n// pkg_dir=/home/runner/check/batch_7/rel4team/sel4_ipc\n// cmd=cargo +nightly-2025-02-01 lockbud -k all -- --target riscv64gc-unknown-none-elf \n// timestamp=2025-06-28 12:07:10.413362078 +08:00:00\n   Compiling memchr v2.7.5\n   Compiling proc-macro2 v1.0.95\n   Compiling unicode-ident v1.0.18\n   Compiling regex-syntax v0.8.5\n   Compiling thiserror v2.0.12\n   Compiling semver-parser v0.7.0\n   Compiling aho-corasick v1.1.3\n   Compiling quote v1.0.40\n   Compiling syn v2.0.104\n   Compiling lazy_static v1.5.0\n   Compiling ucd-trie v0.1.7\n   Compiling semver v0.9.0\n   Compiling rustix v0.38.44\n   Compiling rustc_version v0.2.3\n   Compiling regex-automata v0.4.9\n   Compiling linux-raw-sys v0.4.15\n   Compiling bitflags v2.9.1\n   Compiling bare-metal v0.2.5\n   Compiling either v1.15.0\n   Compiling autocfg v1.5.0\n   Compiling syn v1.0.109\n   Compiling thiserror-impl v2.0.12\n   Compiling regex v1.11.1\n   Compiling riscv-target v0.1.2\n[2025-06-28T04:07:16Z WARN  lockbud::callbacks] [\n      {\n        \"AtomicityViolation\": {\n          \"bug_kind\": \"AtomicityViolation\",\n          \"possibility\": \"Possibly\",\n          \"diagnosis\": {\n            \"fn_name\": \"regex_automata::util::pool::inner::Pool::<T, F>::get\",\n            \"atomic_reader\": \"/home/runner/.cargo/registry/src/index.crates.io-1949cf8c6b5b557f/regex-automata-0.4.9/src/util/pool.rs:525:25: 525:59 (#0)\",\n            \"atomic_writer\": \"/home/runner/.cargo/registry/src/index.crates.io-1949cf8c6b5b557f/regex-automata-0.4.9/src/util/pool.rs:530:17: 530:69 (#0)\",\n            \"dep_kind\": \"Control\"\n          },\n          \"explanation\": \"atomic::store is data/control dependent on atomic::load\"\n        }\n      }\n    ]\n[2025-06-28T04:07:16Z WARN  lockbud::callbacks] crate riscv_target contains bugs: { probably: 0, possibly: 0 }, conflictlock: { probably: 0, possibly: 0 }, condvar_deadlock: { probably: 0, possibly: 0 }, atomicity_violation: { possibly: 1 }, invalid_free: { possibly: 0 }, use_after_free: { possibly: 0 }\n   Compiling home v0.5.11\n   Compiling which v4.4.2\n   Compiling lock_api v0.4.13\n   Compiling sel4-rustfmt-helper v0.1.0 (https://github.com/rel4team/rust_sel4_pbf_parser/?branch=mi_dev#34240530)\n   Compiling log v0.4.27\n[2025-06-28T04:07:17Z WARN  lockbud::callbacks] [\n      {\n        \"AtomicityViolation\": {\n          \"bug_kind\": \"AtomicityViolation\",\n          \"possibility\": \"Possibly\",\n          \"diagnosis\": {\n            \"fn_name\": \"set_logger_racy\",\n            \"atomic_reader\": \"/home/runner/.cargo/registry/src/index.crates.io-1949cf8c6b5b557f/log-0.4.27/src/lib.rs:1455:11: 1455:40 (#0)\",\n            \"atomic_writer\": \"/home/runner/.cargo/registry/src/index.crates.io-1949cf8c6b5b557f/log-0.4.27/src/lib.rs:1458:13: 1458:56 (#0)\",\n            \"dep_kind\": \"Control\"\n          },\n          \"explanation\": \"atomic::store is data/control dependent on atomic::load\"\n        }\n      }\n    ]\n[2025-06-28T04:07:17Z WARN  lockbud::callbacks] crate log contains bugs: { probably: 0, possibly: 0 }, conflictlock: { probably: 0, possibly: 0 }, condvar_deadlock: { probably: 0, possibly: 0 }, atomicity_violation: { possibly: 1 }, invalid_free: { possibly: 0 }, use_after_free: { possibly: 0 }\n   Compiling scopeguard v1.2.0\n   Compiling glob v0.3.2\n   Compiling pest v2.8.1\n   Compiling serial-frame v0.1.0 (https://github.com/rel4team/serial-frame.git?branch=mi_dev#84501a76)\n   Compiling sel4-bitfield-types v0.1.0 (https://github.com/rel4team/rust_sel4_pbf_parser/?branch=mi_dev#34240530)\n   Compiling bit_field v0.10.2\n   Compiling bitflags v1.3.2\n   Compiling riscv v0.6.0 (https://github.com/rcore-os/riscv#11d43cf7)\n   Compiling tock-registers v0.9.0\n   Compiling spin v0.9.8\n   Compiling serial-impl-pl011 v0.1.0 (https://github.com/rel4team/serial-impl-pl011.git?branch=mi_dev#83e073e1)\n   Compiling riscv v0.6.0 (https://gitee.com/rcore-os/riscv#11d43cf7)\n   Compiling serial-impl-sbi v0.1.0 (https://github.com/rel4team/serial-impl-sbi.git?branch=mi_dev#4face963)\n   Compiling tock-registers v0.8.1\n   Compiling cfg-if v1.0.1\n   Compiling driver-collect v0.1.0 (https://github.com/rel4team/driver-collect.git?branch=mi_dev#3667ef6a)\n   Compiling aarch64-cpu v9.4.0\n   Compiling pest_meta v2.8.1\n   Compiling sel4_common v0.1.0 (https://github.com/rel4team/sel4_common.git#70d9ea26)\n   Compiling pest_generator v2.8.1\n   Compiling pest_derive v2.8.1\n   Compiling sel4-bitfield-parser v0.1.0 (https://github.com/rel4team/rust_sel4_pbf_parser/?branch=mi_dev#34240530)\n[2025-06-28T04:07:21Z WARN  lockbud::callbacks] [\n      {\n        \"AtomicityViolation\": {\n          \"bug_kind\": \"AtomicityViolation\",\n          \"possibility\": \"Possibly\",\n          \"diagnosis\": {\n            \"fn_name\": \"regex_automata::util::pool::inner::Pool::<T, F>::get\",\n            \"atomic_reader\": \"/home/runner/.cargo/registry/src/index.crates.io-1949cf8c6b5b557f/regex-automata-0.4.9/src/util/pool.rs:525:25: 525:59 (#0)\",\n            \"atomic_writer\": \"/home/runner/.cargo/registry/src/index.crates.io-1949cf8c6b5b557f/regex-automata-0.4.9/src/util/pool.rs:530:17: 530:69 (#0)\",\n            \"dep_kind\": \"Control\"\n          },\n          \"explanation\": \"atomic::store is data/control dependent on atomic::load\"\n        }\n      }\n    ]\n[2025-06-28T04:07:21Z WARN  lockbud::callbacks] crate sel4_bitfield_parser contains bugs: { probably: 0, possibly: 0 }, conflictlock: { probably: 0, possibly: 0 }, condvar_deadlock: { probably: 0, possibly: 0 }, atomicity_violation: { possibly: 1 }, invalid_free: { possibly: 0 }, use_after_free: { possibly: 0 }\n   Compiling rust_sel4_pbf_parser v0.1.0 (https://github.com/rel4team/rust_sel4_pbf_parser/?branch=mi_dev#34240530)\n   Compiling sel4_common v0.1.0 (https://github.com/rel4team/sel4_common.git?branch=mi_dev#bfc7c3c7)\nerror: failed to run custom build command for `sel4_common v0.1.0 (https://github.com/rel4team/sel4_common.git?branch=mi_dev#bfc7c3c7)`\n\nCaused by:\n  process didn't exit successfully: `/home/runner/check/batch_7/rel4team/sel4_ipc/target/debug/build/sel4_common-842a1e9d1de0b4c2/build-script-build` (exit status: 1)\n  --- stdout\n  dir /home/runner/check/batch_7/rel4team/sel4_ipc/target/riscv64gc-unknown-none-elf/debug/build/sel4_common-4d14804cb1f8092d/out/pbf not exist, and no need to del\n  Directory created successfully: /home/runner/check/batch_7/rel4team/sel4_ipc/target/riscv64gc-unknown-none-elf/debug/build/sel4_common-4d14804cb1f8092d/out/pbf\n\n  --- stderr\n  Failed to copy file: No such file or directory (os error 2)\n"
            ]
          }
        },
        {
          "file": "(virtual) rapx",
          "features": "",
          "count": 1,
          "kinds": {
            "Cargo": [
              "// pkg_name=sel4_ipc, checker=Rapx\n// toolchain=nightly-2025-06-26-x86_64-unknown-linux-gnu, target=riscv64gc-unknown-none-elf\n// features=\n// pkg_dir=/home/runner/check/batch_7/rel4team/sel4_ipc\n// cmd=cargo +nightly-2024-10-12 rapx -F -M -- --target riscv64gc-unknown-none-elf \n// timestamp=2025-06-28 12:07:22.89300584 +08:00:00\n    Updating git repository `https://github.com/rel4team/sel4_common.git`\n    Updating git repository `https://github.com/rel4team/sel4_cspace.git`\n    Updating git repository `https://github.com/rel4team/sel4_task.git`\n    Updating git repository `https://github.com/rel4team/sel4_vspace.git`\n    Updating git repository `https://github.com/rel4team/rust_sel4_pbf_parser/`\n    Updating crates.io index\n Downloading crates ...\n  Downloaded generic-array v0.14.7\n  Downloaded pest_meta v2.8.1\n  Downloaded which v4.4.2\n  Downloaded sha2 v0.10.9\n  Downloaded ucd-trie v0.1.7\n  Downloaded pest_derive v2.8.1\n  Downloaded typenum v1.18.0\n  Downloaded pest v2.8.1\n  Downloaded home v0.5.11\n  Downloaded digest v0.10.7\n  Downloaded cpufeatures v0.2.17\n  Downloaded pest_generator v2.8.1\n  Downloaded glob v0.3.2\n  Downloaded crypto-common v0.1.6\n  Downloaded block-buffer v0.10.4\n  Downloaded rustix v0.38.44\n  Downloaded linux-raw-sys v0.4.15\n   Compiling memchr v2.7.5\n   Compiling proc-macro2 v1.0.95\n   Compiling regex-syntax v0.8.5\n   Compiling unicode-ident v1.0.18\n   Compiling thiserror v2.0.12\n   Compiling aho-corasick v1.1.3\n   Compiling lazy_static v1.5.0\n   Compiling quote v1.0.40\n   Compiling syn v2.0.104\n   Compiling ucd-trie v0.1.7\n   Compiling semver-parser v0.7.0\n   Compiling regex-automata v0.4.9\n   Compiling semver v0.9.0\n   Compiling rustix v0.38.44\n   Compiling rustc_version v0.2.3\n   Compiling bitflags v2.9.1\n   Compiling linux-raw-sys v0.4.15\n   Compiling regex v1.11.1\n   Compiling riscv-target v0.1.2\n   Compiling thiserror-impl v2.0.12\n   Compiling bare-metal v0.2.5\n   Compiling autocfg v1.5.0\n   Compiling either v1.15.0\n   Compiling home v0.5.11\n   Compiling syn v1.0.109\n   Compiling which v4.4.2\n   Compiling lock_api v0.4.13\n   Compiling sel4-rustfmt-helper v0.1.0 (https://github.com/rel4team/rust_sel4_pbf_parser/?branch=mi_dev#34240530)\n   Compiling pest v2.8.1\n   Compiling sel4-bitfield-types v0.1.0 (https://github.com/rel4team/rust_sel4_pbf_parser/?branch=mi_dev#34240530)\n    Checking serial-frame v0.1.0 (https://github.com/rel4team/serial-frame.git?branch=mi_dev#84501a76)\n    Checking scopeguard v1.2.0\n   Compiling glob v0.3.2\n    Checking bitflags v1.3.2\n    Checking log v0.4.27\n    Checking bit_field v0.10.2\n   Compiling riscv v0.6.0 (https://github.com/rcore-os/riscv#11d43cf7)\n    Checking tock-registers v0.9.0\n    Checking serial-impl-pl011 v0.1.0 (https://github.com/rel4team/serial-impl-pl011.git?branch=mi_dev#83e073e1)\n    Checking spin v0.9.8\n    Checking serial-impl-sbi v0.1.0 (https://github.com/rel4team/serial-impl-sbi.git?branch=mi_dev#4face963)\n   Compiling pest_meta v2.8.1\n   Compiling riscv v0.6.0 (https://gitee.com/rcore-os/riscv#11d43cf7)\n    Checking cfg-if v1.0.1\n    Checking tock-registers v0.8.1\n    Checking driver-collect v0.1.0 (https://github.com/rel4team/driver-collect.git?branch=mi_dev#3667ef6a)\n    Checking aarch64-cpu v9.4.0\n   Compiling pest_generator v2.8.1\n   Compiling pest_derive v2.8.1\n    Checking sel4_common v0.1.0 (https://github.com/rel4team/sel4_common.git#70d9ea26)\n   Compiling sel4-bitfield-parser v0.1.0 (https://github.com/rel4team/rust_sel4_pbf_parser/?branch=mi_dev#34240530)\n   Compiling rust_sel4_pbf_parser v0.1.0 (https://github.com/rel4team/rust_sel4_pbf_parser/?branch=mi_dev#34240530)\n   Compiling sel4_common v0.1.0 (https://github.com/rel4team/sel4_common.git?branch=mi_dev#bfc7c3c7)\nerror: failed to run custom build command for `sel4_common v0.1.0 (https://github.com/rel4team/sel4_common.git?branch=mi_dev#bfc7c3c7)`\n\nCaused by:\n  process didn't exit successfully: `/home/runner/check/batch_7/rel4team/sel4_ipc/target/debug/build/sel4_common-88b2bac4ff206ff6/build-script-build` (exit status: 1)\n  --- stdout\n  dir /home/runner/check/batch_7/rel4team/sel4_ipc/target/riscv64gc-unknown-none-elf/debug/build/sel4_common-86636cbd85b1e3be/out/pbf not exist, and no need to del\n  Directory created successfully: /home/runner/check/batch_7/rel4team/sel4_ipc/target/riscv64gc-unknown-none-elf/debug/build/sel4_common-86636cbd85b1e3be/out/pbf\n\n  --- stderr\n  Failed to copy file: No such file or directory (os error 2)\n04:07:36|RAP|ERROR|: Finished with non-zero exit code.\n"
            ]
          }
        },
        {
          "file": "(virtual) semver-checks",
          "features": "",
          "count": 1,
          "kinds": {
            "Cargo": [
              "// pkg_name=sel4_ipc, checker=SemverChecks\n// toolchain=nightly-2025-06-26-x86_64-unknown-linux-gnu, target=riscv64gc-unknown-none-elf\n// features=\n// pkg_dir=/home/runner/check/batch_7/rel4team/sel4_ipc\n// cmd=cargo +nightly-2025-06-26-x86_64-unknown-linux-gnu semver-checks --target riscv64gc-unknown-none-elf \n// timestamp=2025-06-28 12:06:58.094764947 +08:00:00\n    Building sel4_ipc v0.1.0 (current)\nerror: running cargo-doc on crate 'sel4_ipc' failed with output:\n-----\n   Compiling memchr v2.7.5\n   Compiling proc-macro2 v1.0.95\n   Compiling regex-syntax v0.8.5\n   Compiling unicode-ident v1.0.18\n   Compiling thiserror v2.0.12\n   Compiling ucd-trie v0.1.7\n   Compiling aho-corasick v1.1.3\n   Compiling quote v1.0.40\n   Compiling syn v2.0.104\n   Compiling semver-parser v0.7.0\n   Compiling lazy_static v1.5.0\n   Compiling semver v0.9.0\n   Compiling rustix v0.38.44\n   Compiling regex-automata v0.4.9\n   Compiling rustc_version v0.2.3\n   Compiling linux-raw-sys v0.4.15\n   Compiling bitflags v2.9.1\n   Compiling bare-metal v0.2.5\n   Compiling either v1.15.0\n   Compiling autocfg v1.5.0\n   Compiling regex v1.11.1\n   Compiling thiserror-impl v2.0.12\n   Compiling riscv-target v0.1.2\n   Compiling home v0.5.11\n   Compiling syn v1.0.109\n   Compiling which v4.4.2\n   Compiling lock_api v0.4.13\n   Compiling sel4-rustfmt-helper v0.1.0 (https://github.com/rel4team/rust_sel4_pbf_parser/?branch=mi_dev#34240530)\n    Checking serial-frame v0.1.0 (https://github.com/rel4team/serial-frame.git?branch=mi_dev#84501a76)\n   Compiling glob v0.3.2\n    Checking bitflags v1.3.2\n   Compiling pest v2.8.1\n    Checking bit_field v0.10.2\n    Checking scopeguard v1.2.0\n   Compiling sel4-bitfield-types v0.1.0 (https://github.com/rel4team/rust_sel4_pbf_parser/?branch=mi_dev#34240530)\n    Checking log v0.4.27\n   Compiling riscv v0.6.0 (https://github.com/rcore-os/riscv#11d43cf7)\n    Checking tock-registers v0.9.0\n    Checking serial-impl-pl011 v0.1.0 (https://github.com/rel4team/serial-impl-pl011.git?branch=mi_dev#83e073e1)\n    Checking spin v0.9.8\n   Compiling riscv v0.6.0 (https://gitee.com/rcore-os/riscv#11d43cf7)\n    Checking serial-impl-sbi v0.1.0 (https://github.com/rel4team/serial-impl-sbi.git?branch=mi_dev#4face963)\n    Checking cfg-if v1.0.1\n    Checking tock-registers v0.8.1\n    Checking aarch64-cpu v9.4.0\n    Checking driver-collect v0.1.0 (https://github.com/rel4team/driver-collect.git?branch=mi_dev#3667ef6a)\n   Compiling pest_meta v2.8.1\n    Checking sel4_common v0.1.0 (https://github.com/rel4team/sel4_common.git#70d9ea26)\n   Compiling pest_generator v2.8.1\n   Compiling pest_derive v2.8.1\n   Compiling sel4-bitfield-parser v0.1.0 (https://github.com/rel4team/rust_sel4_pbf_parser/?branch=mi_dev#34240530)\n   Compiling rust_sel4_pbf_parser v0.1.0 (https://github.com/rel4team/rust_sel4_pbf_parser/?branch=mi_dev#34240530)\n   Compiling sel4_common v0.1.0 (https://github.com/rel4team/sel4_common.git?branch=mi_dev#bfc7c3c7)\nerror: failed to run custom build command for `sel4_common v0.1.0 (https://github.com/rel4team/sel4_common.git?branch=mi_dev#bfc7c3c7)`\n\nCaused by:\n  process didn't exit successfully: `/home/runner/check/batch_7/rel4team/sel4_ipc/target/semver-checks/local-sel4_ipc-0_1_0-riscv64gc_unknown_none_elf-01666ec060466c14/target/debug/build/sel4_common-b6132cf9ccf31cd4/build-script-build` (exit status: 1)\n  --- stdout\n  dir /home/runner/check/batch_7/rel4team/sel4_ipc/target/semver-checks/local-sel4_ipc-0_1_0-riscv64gc_unknown_none_elf-01666ec060466c14/target/riscv64gc-unknown-none-elf/debug/build/sel4_common-54f8ca345015085f/out/pbf not exist, and no need to del\n  Directory created successfully: /home/runner/check/batch_7/rel4team/sel4_ipc/target/semver-checks/local-sel4_ipc-0_1_0-riscv64gc_unknown_none_elf-01666ec060466c14/target/riscv64gc-unknown-none-elf/debug/build/sel4_common-54f8ca345015085f/out/pbf\n\n  --- stderr\n  Failed to copy file: No such file or directory (os error 2)\n\n-----\n\nerror: failed to build rustdoc for crate sel4_ipc v0.1.0\nnote: this is usually due to a compilation error in the crate,\n      and is unlikely to be a bug in cargo-semver-checks\nnote: the following command can be used to reproduce the compilation error:\n      cargo new --lib example &&\n          cd example &&\n          echo '[workspace]' >> Cargo.toml &&\n          cargo add --path /home/runner/check/batch_7/rel4team/sel4_ipc &&\n          cargo check\n\nerror: aborting due to failure to build rustdoc for crate sel4_ipc v0.1.0\n"
            ]
          }
        },
        {
          "file": "(virtual) udeps",
          "features": "",
          "count": 1,
          "kinds": {
            "Cargo": [
              "// pkg_name=sel4_ipc, checker=Udeps\n// toolchain=nightly-2025-06-26-x86_64-unknown-linux-gnu, target=riscv64gc-unknown-none-elf\n// features=\n// pkg_dir=/home/runner/check/batch_7/rel4team/sel4_ipc\n// cmd=cargo +nightly-2025-06-26-x86_64-unknown-linux-gnu udeps --target riscv64gc-unknown-none-elf \n// timestamp=2025-06-28 12:07:43.826486596 +08:00:00\n   Compiling memchr v2.7.5\n   Compiling proc-macro2 v1.0.95\n   Compiling unicode-ident v1.0.18\n   Compiling regex-syntax v0.8.5\n   Compiling thiserror v2.0.12\n   Compiling semver-parser v0.7.0\n   Compiling aho-corasick v1.1.3\n   Compiling quote v1.0.40\n   Compiling syn v2.0.104\n   Compiling ucd-trie v0.1.7\n   Compiling lazy_static v1.5.0\n   Compiling semver v0.9.0\n   Compiling rustix v0.38.44\n   Compiling regex-automata v0.4.9\n   Compiling rustc_version v0.2.3\n   Compiling bitflags v2.9.1\n   Compiling linux-raw-sys v0.4.15\n   Compiling bare-metal v0.2.5\n   Compiling autocfg v1.5.0\n   Compiling regex v1.11.1\n   Compiling thiserror-impl v2.0.12\n   Compiling riscv-target v0.1.2\n   Compiling syn v1.0.109\n   Compiling either v1.15.0\n   Compiling home v0.5.11\n   Compiling lock_api v0.4.13\n   Compiling which v4.4.2\n   Compiling sel4-rustfmt-helper v0.1.0 (https://github.com/rel4team/rust_sel4_pbf_parser/?branch=mi_dev#34240530)\n    Checking serial-frame v0.1.0 (https://github.com/rel4team/serial-frame.git?branch=mi_dev#84501a76)\n    Checking log v0.4.27\n   Compiling sel4-bitfield-types v0.1.0 (https://github.com/rel4team/rust_sel4_pbf_parser/?branch=mi_dev#34240530)\n   Compiling glob v0.3.2\n    Checking bitflags v1.3.2\n   Compiling pest v2.8.1\n    Checking bit_field v0.10.2\n    Checking scopeguard v1.2.0\n   Compiling riscv v0.6.0 (https://github.com/rcore-os/riscv#11d43cf7)\n    Checking tock-registers v0.9.0\n    Checking serial-impl-pl011 v0.1.0 (https://github.com/rel4team/serial-impl-pl011.git?branch=mi_dev#83e073e1)\n    Checking spin v0.9.8\n   Compiling riscv v0.6.0 (https://gitee.com/rcore-os/riscv#11d43cf7)\n    Checking serial-impl-sbi v0.1.0 (https://github.com/rel4team/serial-impl-sbi.git?branch=mi_dev#4face963)\n    Checking cfg-if v1.0.1\n    Checking tock-registers v0.8.1\n    Checking aarch64-cpu v9.4.0\n    Checking driver-collect v0.1.0 (https://github.com/rel4team/driver-collect.git?branch=mi_dev#3667ef6a)\n   Compiling pest_meta v2.8.1\n    Checking sel4_common v0.1.0 (https://github.com/rel4team/sel4_common.git#70d9ea26)\n   Compiling pest_generator v2.8.1\n   Compiling pest_derive v2.8.1\n   Compiling sel4-bitfield-parser v0.1.0 (https://github.com/rel4team/rust_sel4_pbf_parser/?branch=mi_dev#34240530)\n   Compiling rust_sel4_pbf_parser v0.1.0 (https://github.com/rel4team/rust_sel4_pbf_parser/?branch=mi_dev#34240530)\n   Compiling sel4_common v0.1.0 (https://github.com/rel4team/sel4_common.git?branch=mi_dev#bfc7c3c7)\nerror: failed to run custom build command for `sel4_common v0.1.0 (https://github.com/rel4team/sel4_common.git?branch=mi_dev#bfc7c3c7)`\n\nCaused by:\n  process didn't exit successfully: `/home/runner/check/batch_7/rel4team/sel4_ipc/target/debug/build/sel4_common-842a1e9d1de0b4c2/build-script-build` (exit status: 1)\n  --- stdout\n  dir /home/runner/check/batch_7/rel4team/sel4_ipc/target/riscv64gc-unknown-none-elf/debug/build/sel4_common-4d14804cb1f8092d/out/pbf not exist, and no need to del\n  Directory created successfully: /home/runner/check/batch_7/rel4team/sel4_ipc/target/riscv64gc-unknown-none-elf/debug/build/sel4_common-4d14804cb1f8092d/out/pbf\n\n  --- stderr\n  Failed to copy file: No such file or directory (os error 2)\n"
            ]
          }
        },
        {
          "file": "[Lockbud] deadlock detection",
          "features": "",
          "count": 1,
          "kinds": {
            "Lockbud(Possibly)": [
              "[2025-06-28T04:07:16Z WARN  lockbud::callbacks] [\n      {\n        \"AtomicityViolation\": {\n          \"bug_kind\": \"AtomicityViolation\",\n          \"possibility\": \"Possibly\",\n          \"diagnosis\": {\n            \"fn_name\": \"regex_automata::util::pool::inner::Pool::<T, F>::get\",\n            \"atomic_reader\": \"/home/runner/.cargo/registry/src/index.crates.io-1949cf8c6b5b557f/regex-automata-0.4.9/src/util/pool.rs:525:25: 525:59 (#0)\",\n            \"atomic_writer\": \"/home/runner/.cargo/registry/src/index.crates.io-1949cf8c6b5b557f/regex-automata-0.4.9/src/util/pool.rs:530:17: 530:69 (#0)\",\n            \"dep_kind\": \"Control\"\n          },\n          \"explanation\": \"atomic::store is data/control dependent on atomic::load\"\n        }\n      }\n    ]\n[2025-06-28T04:07:16Z WARN  lockbud::callbacks] crate riscv_target contains bugs: { probably: 0, possibly: 0 }, conflictlock: { probably: 0, possibly: 0 }, condvar_deadlock: { probably: 0, possibly: 0 }, atomicity_violation: { possibly: 1 }, invalid_free: { possibly: 0 }, use_after_free: { possibly: 0 }\n[2025-06-28T04:07:17Z WARN  lockbud::callbacks] [\n      {\n        \"AtomicityViolation\": {\n          \"bug_kind\": \"AtomicityViolation\",\n          \"possibility\": \"Possibly\",\n          \"diagnosis\": {\n            \"fn_name\": \"set_logger_racy\",\n            \"atomic_reader\": \"/home/runner/.cargo/registry/src/index.crates.io-1949cf8c6b5b557f/log-0.4.27/src/lib.rs:1455:11: 1455:40 (#0)\",\n            \"atomic_writer\": \"/home/runner/.cargo/registry/src/index.crates.io-1949cf8c6b5b557f/log-0.4.27/src/lib.rs:1458:13: 1458:56 (#0)\",\n            \"dep_kind\": \"Control\"\n          },\n          \"explanation\": \"atomic::store is data/control dependent on atomic::load\"\n        }\n      }\n    ]\n[2025-06-28T04:07:17Z WARN  lockbud::callbacks] crate log contains bugs: { probably: 0, possibly: 0 }, conflictlock: { probably: 0, possibly: 0 }, condvar_deadlock: { probably: 0, possibly: 0 }, atomicity_violation: { possibly: 1 }, invalid_free: { possibly: 0 }, use_after_free: { possibly: 0 }\n[2025-06-28T04:07:21Z WARN  lockbud::callbacks] [\n      {\n        \"AtomicityViolation\": {\n          \"bug_kind\": \"AtomicityViolation\",\n          \"possibility\": \"Possibly\",\n          \"diagnosis\": {\n            \"fn_name\": \"regex_automata::util::pool::inner::Pool::<T, F>::get\",\n            \"atomic_reader\": \"/home/runner/.cargo/registry/src/index.crates.io-1949cf8c6b5b557f/regex-automata-0.4.9/src/util/pool.rs:525:25: 525:59 (#0)\",\n            \"atomic_writer\": \"/home/runner/.cargo/registry/src/index.crates.io-1949cf8c6b5b557f/regex-automata-0.4.9/src/util/pool.rs:530:17: 530:69 (#0)\",\n            \"dep_kind\": \"Control\"\n          },\n          \"explanation\": \"atomic::store is data/control dependent on atomic::load\"\n        }\n      }\n    ]\n[2025-06-28T04:07:21Z WARN  lockbud::callbacks] crate sel4_bitfield_parser contains bugs: { probably: 0, possibly: 0 }, conflictlock: { probably: 0, possibly: 0 }, condvar_deadlock: { probably: 0, possibly: 0 }, atomicity_violation: { possibly: 1 }, invalid_free: { possibly: 0 }, use_after_free: { possibly: 0 }"
            ]
          }
        },
        {
          "file": "[Udeps] Unused dependencies",
          "features": "",
          "count": 1,
          "kinds": {
            "Unused Deps": [
              "pkg=sel4_ipc, checker=Udeps\ntoolchain=nightly-2025-06-26-x86_64-unknown-linux-gnu, target=riscv64gc-unknown-none-elf\nfeatures=\npkg_dir=/home/runner/check/batch_7/rel4team/sel4_ipc\ncmd=cargo +nightly-2025-06-26-x86_64-unknown-linux-gnu udeps --target riscv64gc-unknown-none-elf \ntimestamp=2025-06-28 12:07:53.793811362 +08:00:00\n\n\nstdout:\n\nstderr:\n   Compiling memchr v2.7.5\n   Compiling proc-macro2 v1.0.95\n   Compiling unicode-ident v1.0.18\n   Compiling regex-syntax v0.8.5\n   Compiling thiserror v2.0.12\n   Compiling semver-parser v0.7.0\n   Compiling aho-corasick v1.1.3\n   Compiling quote v1.0.40\n   Compiling syn v2.0.104\n   Compiling ucd-trie v0.1.7\n   Compiling lazy_static v1.5.0\n   Compiling semver v0.9.0\n   Compiling rustix v0.38.44\n   Compiling regex-automata v0.4.9\n   Compiling rustc_version v0.2.3\n   Compiling bitflags v2.9.1\n   Compiling linux-raw-sys v0.4.15\n   Compiling bare-metal v0.2.5\n   Compiling autocfg v1.5.0\n   Compiling regex v1.11.1\n   Compiling thiserror-impl v2.0.12\n   Compiling riscv-target v0.1.2\n   Compiling syn v1.0.109\n   Compiling either v1.15.0\n   Compiling home v0.5.11\n   Compiling lock_api v0.4.13\n   Compiling which v4.4.2\n   Compiling sel4-rustfmt-helper v0.1.0 (https://github.com/rel4team/rust_sel4_pbf_parser/?branch=mi_dev#34240530)\n    Checking serial-frame v0.1.0 (https://github.com/rel4team/serial-frame.git?branch=mi_dev#84501a76)\n    Checking log v0.4.27\n   Compiling sel4-bitfield-types v0.1.0 (https://github.com/rel4team/rust_sel4_pbf_parser/?branch=mi_dev#34240530)\n   Compiling glob v0.3.2\n    Checking bitflags v1.3.2\n   Compiling pest v2.8.1\n    Checking bit_field v0.10.2\n    Checking scopeguard v1.2.0\n   Compiling riscv v0.6.0 (https://github.com/rcore-os/riscv#11d43cf7)\n    Checking tock-registers v0.9.0\n    Checking serial-impl-pl011 v0.1.0 (https://github.com/rel4team/serial-impl-pl011.git?branch=mi_dev#83e073e1)\n    Checking spin v0.9.8\n   Compiling riscv v0.6.0 (https://gitee.com/rcore-os/riscv#11d43cf7)\n    Checking serial-impl-sbi v0.1.0 (https://github.com/rel4team/serial-impl-sbi.git?branch=mi_dev#4face963)\n    Checking cfg-if v1.0.1\n    Checking tock-registers v0.8.1\n    Checking aarch64-cpu v9.4.0\n    Checking driver-collect v0.1.0 (https://github.com/rel4team/driver-collect.git?branch=mi_dev#3667ef6a)\n   Compiling pest_meta v2.8.1\n    Checking sel4_common v0.1.0 (https://github.com/rel4team/sel4_common.git#70d9ea26)\n   Compiling pest_generator v2.8.1\n   Compiling pest_derive v2.8.1\n   Compiling sel4-bitfield-parser v0.1.0 (https://github.com/rel4team/rust_sel4_pbf_parser/?branch=mi_dev#34240530)\n   Compiling rust_sel4_pbf_parser v0.1.0 (https://github.com/rel4team/rust_sel4_pbf_parser/?branch=mi_dev#34240530)\n   Compiling sel4_common v0.1.0 (https://github.com/rel4team/sel4_common.git?branch=mi_dev#bfc7c3c7)\nerror: failed to run custom build command for `sel4_common v0.1.0 (https://github.com/rel4team/sel4_common.git?branch=mi_dev#bfc7c3c7)`\n\nCaused by:\n  process didn't exit successfully: `/home/runner/check/batch_7/rel4team/sel4_ipc/target/debug/build/sel4_common-842a1e9d1de0b4c2/build-script-build` (exit status: 1)\n  --- stdout\n  dir /home/runner/check/batch_7/rel4team/sel4_ipc/target/riscv64gc-unknown-none-elf/debug/build/sel4_common-4d14804cb1f8092d/out/pbf not exist, and no need to del\n  Directory created successfully: /home/runner/check/batch_7/rel4team/sel4_ipc/target/riscv64gc-unknown-none-elf/debug/build/sel4_common-4d14804cb1f8092d/out/pbf\n\n  --- stderr\n  Failed to copy file: No such file or directory (os error 2)\n"
            ]
          }
        },
        {
          "file": "[semver checks violation]",
          "features": "",
          "count": 1,
          "kinds": {
            "Semver Violation": [
              "pkg=sel4_ipc, checker=SemverChecks\ntoolchain=nightly-2025-06-26-x86_64-unknown-linux-gnu, target=riscv64gc-unknown-none-elf\nfeatures=\npkg_dir=/home/runner/check/batch_7/rel4team/sel4_ipc\ncmd=cargo +nightly-2025-06-26-x86_64-unknown-linux-gnu semver-checks --target riscv64gc-unknown-none-elf \ntimestamp=2025-06-28 12:07:10.411344594 +08:00:00\n\n\nstdout:\n\nstderr:\n    Building sel4_ipc v0.1.0 (current)\nerror: running cargo-doc on crate 'sel4_ipc' failed with output:\n-----\n   Compiling memchr v2.7.5\n   Compiling proc-macro2 v1.0.95\n   Compiling regex-syntax v0.8.5\n   Compiling unicode-ident v1.0.18\n   Compiling thiserror v2.0.12\n   Compiling ucd-trie v0.1.7\n   Compiling aho-corasick v1.1.3\n   Compiling quote v1.0.40\n   Compiling syn v2.0.104\n   Compiling semver-parser v0.7.0\n   Compiling lazy_static v1.5.0\n   Compiling semver v0.9.0\n   Compiling rustix v0.38.44\n   Compiling regex-automata v0.4.9\n   Compiling rustc_version v0.2.3\n   Compiling linux-raw-sys v0.4.15\n   Compiling bitflags v2.9.1\n   Compiling bare-metal v0.2.5\n   Compiling either v1.15.0\n   Compiling autocfg v1.5.0\n   Compiling regex v1.11.1\n   Compiling thiserror-impl v2.0.12\n   Compiling riscv-target v0.1.2\n   Compiling home v0.5.11\n   Compiling syn v1.0.109\n   Compiling which v4.4.2\n   Compiling lock_api v0.4.13\n   Compiling sel4-rustfmt-helper v0.1.0 (https://github.com/rel4team/rust_sel4_pbf_parser/?branch=mi_dev#34240530)\n    Checking serial-frame v0.1.0 (https://github.com/rel4team/serial-frame.git?branch=mi_dev#84501a76)\n   Compiling glob v0.3.2\n    Checking bitflags v1.3.2\n   Compiling pest v2.8.1\n    Checking bit_field v0.10.2\n    Checking scopeguard v1.2.0\n   Compiling sel4-bitfield-types v0.1.0 (https://github.com/rel4team/rust_sel4_pbf_parser/?branch=mi_dev#34240530)\n    Checking log v0.4.27\n   Compiling riscv v0.6.0 (https://github.com/rcore-os/riscv#11d43cf7)\n    Checking tock-registers v0.9.0\n    Checking serial-impl-pl011 v0.1.0 (https://github.com/rel4team/serial-impl-pl011.git?branch=mi_dev#83e073e1)\n    Checking spin v0.9.8\n   Compiling riscv v0.6.0 (https://gitee.com/rcore-os/riscv#11d43cf7)\n    Checking serial-impl-sbi v0.1.0 (https://github.com/rel4team/serial-impl-sbi.git?branch=mi_dev#4face963)\n    Checking cfg-if v1.0.1\n    Checking tock-registers v0.8.1\n    Checking aarch64-cpu v9.4.0\n    Checking driver-collect v0.1.0 (https://github.com/rel4team/driver-collect.git?branch=mi_dev#3667ef6a)\n   Compiling pest_meta v2.8.1\n    Checking sel4_common v0.1.0 (https://github.com/rel4team/sel4_common.git#70d9ea26)\n   Compiling pest_generator v2.8.1\n   Compiling pest_derive v2.8.1\n   Compiling sel4-bitfield-parser v0.1.0 (https://github.com/rel4team/rust_sel4_pbf_parser/?branch=mi_dev#34240530)\n   Compiling rust_sel4_pbf_parser v0.1.0 (https://github.com/rel4team/rust_sel4_pbf_parser/?branch=mi_dev#34240530)\n   Compiling sel4_common v0.1.0 (https://github.com/rel4team/sel4_common.git?branch=mi_dev#bfc7c3c7)\nerror: failed to run custom build command for `sel4_common v0.1.0 (https://github.com/rel4team/sel4_common.git?branch=mi_dev#bfc7c3c7)`\n\nCaused by:\n  process didn't exit successfully: `/home/runner/check/batch_7/rel4team/sel4_ipc/target/semver-checks/local-sel4_ipc-0_1_0-riscv64gc_unknown_none_elf-01666ec060466c14/target/debug/build/sel4_common-b6132cf9ccf31cd4/build-script-build` (exit status: 1)\n  --- stdout\n  dir /home/runner/check/batch_7/rel4team/sel4_ipc/target/semver-checks/local-sel4_ipc-0_1_0-riscv64gc_unknown_none_elf-01666ec060466c14/target/riscv64gc-unknown-none-elf/debug/build/sel4_common-54f8ca345015085f/out/pbf not exist, and no need to del\n  Directory created successfully: /home/runner/check/batch_7/rel4team/sel4_ipc/target/semver-checks/local-sel4_ipc-0_1_0-riscv64gc_unknown_none_elf-01666ec060466c14/target/riscv64gc-unknown-none-elf/debug/build/sel4_common-54f8ca345015085f/out/pbf\n\n  --- stderr\n  Failed to copy file: No such file or directory (os error 2)\n\n-----\n\nerror: failed to build rustdoc for crate sel4_ipc v0.1.0\nnote: this is usually due to a compilation error in the crate,\n      and is unlikely to be a bug in cargo-semver-checks\nnote: the following command can be used to reproduce the compilation error:\n      cargo new --lib example &&\n          cd example &&\n          echo '[workspace]' >> Cargo.toml &&\n          cargo add --path /home/runner/check/batch_7/rel4team/sel4_ipc &&\n          cargo check\n\nerror: aborting due to failure to build rustdoc for crate sel4_ipc v0.1.0\n"
            ]
          }
        },
        {
          "file": "src/lib.rs",
          "features": "",
          "count": 1,
          "kinds": {
            "Unformatted": [
              "file: /home/runner/check/batch_7/rel4team/sel4_ipc/src/lib.rs (original lines from 14 to 14)\n+\n"
            ]
          }
        }
      ]
    },
    {
      "user": "rel4team",
      "repo": "sel4_cspace",
      "pkg": "sel4_cspace",
      "count": 20,
      "raw_reports": [
        {
          "file": "src/arch/riscv64/mod.rs",
          "features": "",
          "count": 2,
          "kinds": {
            "Clippy(Error)": [
              "error[E0432]: unresolved imports `sel4_common::shared_types_bf_gen`, `sel4_common::structures_gen`\n --> src/arch/riscv64/mod.rs:3:5\n  |\n3 |     shared_types_bf_gen::seL4_CapRights,\n  |     ^^^^^^^^^^^^^^^^^^^ could not find `shared_types_bf_gen` in `sel4_common`\n4 |     structures::exception_t,\n5 |     structures_gen::{cap, cap_null_cap, cap_tag},\n  |     ^^^^^^^^^^^^^^ could not find `structures_gen` in `sel4_common`\n\n",
              "error[E0432]: unresolved imports `sel4_common::shared_types_bf_gen`, `sel4_common::structures_gen`\n --> src/arch/riscv64/mod.rs:3:5\n  |\n3 |     shared_types_bf_gen::seL4_CapRights,\n  |     ^^^^^^^^^^^^^^^^^^^ could not find `shared_types_bf_gen` in `sel4_common`\n4 |     structures::exception_t,\n5 |     structures_gen::{cap, cap_null_cap, cap_tag},\n  |     ^^^^^^^^^^^^^^ could not find `structures_gen` in `sel4_common`\n\n"
            ]
          }
        },
        {
          "file": "src/capability/zombie.rs",
          "features": "",
          "count": 2,
          "kinds": {
            "Clippy(Warn)": [
              "warning: `#[inline]` is ignored on externally exported functions\n  --> src/capability/zombie.rs:65:1\n   |\n65 | #[inline]\n   | ^^^^^^^^^\n   |\n   = help: externally exported functions are functions with `#[no_mangle]`, `#[export_name]`, or `#[linkage]`\n   = note: `#[warn(unused_attributes)]` on by default\n\n"
            ],
            "Clippy(Error)": [
              "error[E0432]: unresolved import `sel4_common::structures_gen`\n --> src/capability/zombie.rs:5:18\n  |\n5 | use sel4_common::structures_gen::{cap, cap_tag, cap_zombie_cap};\n  |                  ^^^^^^^^^^^^^^ could not find `structures_gen` in `sel4_common`\n\n"
            ]
          }
        },
        {
          "file": "src/cte.rs",
          "features": "",
          "count": 2,
          "kinds": {
            "Clippy(Error)": [
              "error[E0432]: unresolved imports `sel4_common::sel4_bitfield_types`, `sel4_common::structures_gen`\n  --> src/cte.rs:15:5\n   |\n15 |     sel4_bitfield_types::Bitfield,\n   |     ^^^^^^^^^^^^^^^^^^^ could not find `sel4_bitfield_types` in `sel4_common`\n16 |     structures_gen::{cap, cap_cnode_cap, cap_null_cap, cap_tag, mdb_node},\n   |     ^^^^^^^^^^^^^^ could not find `structures_gen` in `sel4_common`\n\n",
              "error[E0432]: unresolved imports `sel4_common::sel4_bitfield_types`, `sel4_common::structures_gen`\n  --> src/cte.rs:15:5\n   |\n15 |     sel4_bitfield_types::Bitfield,\n   |     ^^^^^^^^^^^^^^^^^^^ could not find `sel4_bitfield_types` in `sel4_common`\n16 |     structures_gen::{cap, cap_cnode_cap, cap_null_cap, cap_tag, mdb_node},\n   |     ^^^^^^^^^^^^^^ could not find `structures_gen` in `sel4_common`\n\n"
            ]
          }
        },
        {
          "file": "(virtual) atomvchecker",
          "features": "",
          "count": 1,
          "kinds": {
            "Cargo": [
              "// pkg_name=sel4_cspace, checker=Atomvchecker\n// toolchain=nightly-2025-06-26-x86_64-unknown-linux-gnu, target=riscv64gc-unknown-none-elf\n// features=\n// pkg_dir=/home/runner/check/batch_7/rel4team/sel4_cspace\n// cmd=cargo +nightly-2023-03-09 atomvchecker -k atomicity_violation -- --target riscv64gc-unknown-none-elf \n// timestamp=2025-06-28 12:06:24.368188226 +08:00:00\n    Updating git repository `https://github.com/rcore-os/riscv`\n    Updating git repository `https://github.com/rel4team/sel4_common.git`\n    Updating git repository `https://github.com/rel4team/driver-collect.git`\n    Updating git repository `https://github.com/rel4team/serial-frame.git`\n    Updating git repository `https://github.com/rel4team/serial-impl-pl011.git`\n    Updating git repository `https://github.com/rel4team/serial-impl-sbi.git`\n Downloading crates ...\n  Downloaded tock-registers v0.9.0\n  Downloaded regex v1.10.6\n  Downloaded regex-syntax v0.8.4\n  Downloaded regex-automata v0.4.7\n   Compiling memchr v2.7.4\n   Compiling regex-syntax v0.8.4\n   Compiling semver-parser v0.7.0\n   Compiling lazy_static v1.5.0\n   Compiling autocfg v1.3.0\n   Compiling semver v0.9.0\n   Compiling aho-corasick v1.1.3\n   Compiling rustc_version v0.2.3\n   Compiling lock_api v0.4.12\n   Compiling bare-metal v0.2.5\n   Compiling serial-frame v0.1.0 (https://github.com/rel4team/serial-frame.git?branch=mi_dev#84501a76)\nerror[E0463]: can't find crate for `core`\n  |\n  = note: the `riscv64gc-unknown-none-elf` target may not be installed\n  = help: consider downloading the target with `rustup target add riscv64gc-unknown-none-elf`\n  = help: consider building the standard library from source with `cargo build -Zbuild-std`\n\nerror[E0463]: can't find crate for `compiler_builtins`\n\nerror[E0463]: can't find crate for `core`\n --> /home/runner/.cargo/git/checkouts/serial-frame-23e6d1500efc36eb/84501a7/src/lib.rs:5:5\n  |\n5 | use core::ptr::NonNull;\n  |     ^^^^ can't find crate\n  |\n  = note: the `riscv64gc-unknown-none-elf` target may not be installed\n  = help: consider downloading the target with `rustup target add riscv64gc-unknown-none-elf`\n  = help: consider building the standard library from source with `cargo build -Zbuild-std`\n\nerror[E0412]: cannot find type `Option` in this scope\n  --> /home/runner/.cargo/git/checkouts/serial-frame-23e6d1500efc36eb/84501a7/src/lib.rs:18:26\n   |\n18 |     fn getchar(&self) -> Option<u8>;\n   |                          ^^^^^^ not found in this scope\n\nerror: requires `receiver` lang_item\n  --> /home/runner/.cargo/git/checkouts/serial-frame-23e6d1500efc36eb/84501a7/src/lib.rs:14:13\n   |\n14 |     fn init(&self);\n   |             ^^^^^\n\nerror: requires `receiver` lang_item\n  --> /home/runner/.cargo/git/checkouts/serial-frame-23e6d1500efc36eb/84501a7/src/lib.rs:16:16\n   |\n16 |     fn putchar(&self, c: u8);\n   |                ^^^^^\n\nerror: requires `receiver` lang_item\n  --> /home/runner/.cargo/git/checkouts/serial-frame-23e6d1500efc36eb/84501a7/src/lib.rs:18:16\n   |\n18 |     fn getchar(&self) -> Option<u8>;\n   |                ^^^^^\n\nSome errors have detailed explanations: E0412, E0463.\nFor more information about an error, try `rustc --explain E0412`.\nerror: could not compile `serial-frame` (lib) due to 7 previous errors\nwarning: build failed, waiting for other jobs to finish...\n"
            ]
          }
        },
        {
          "file": "(virtual) clippy",
          "features": "",
          "count": 1,
          "kinds": {
            "Cargo": [
              "// pkg_name=sel4_cspace, checker=Clippy\n// toolchain=nightly-2025-06-26-x86_64-unknown-linux-gnu, target=riscv64gc-unknown-none-elf\n// features=\n// pkg_dir=/home/runner/check/batch_7/rel4team/sel4_cspace\n// cmd=cargo clippy --target riscv64gc-unknown-none-elf  --no-deps\n// timestamp=2025-06-28 12:06:02.023999159 +08:00:00\n   Compiling memchr v2.7.4\n   Compiling regex-syntax v0.8.4\n   Compiling semver-parser v0.7.0\n   Compiling lazy_static v1.5.0\n   Compiling autocfg v1.3.0\n   Compiling semver v0.9.0\n   Compiling rustc_version v0.2.3\n   Compiling aho-corasick v1.1.3\n   Compiling bare-metal v0.2.5\n   Compiling lock_api v0.4.12\n    Checking serial-frame v0.1.0 (https://github.com/rel4team/serial-frame.git?branch=mi_dev#84501a76)\n    Checking scopeguard v1.2.0\n    Checking tock-registers v0.9.0\n    Checking serial-impl-pl011 v0.1.0 (https://github.com/rel4team/serial-impl-pl011.git?branch=mi_dev#83e073e1)\n    Checking serial-impl-sbi v0.1.0 (https://github.com/rel4team/serial-impl-sbi.git?branch=mi_dev#4face963)\n    Checking cfg-if v1.0.0\n    Checking log v0.4.22\n    Checking bitflags v1.3.2\n    Checking bit_field v0.10.2\n    Checking spin v0.9.8\n    Checking driver-collect v0.1.0 (https://github.com/rel4team/driver-collect.git?branch=mi_dev#3667ef6a)\n   Compiling regex-automata v0.4.7\n   Compiling regex v1.10.6\n   Compiling riscv-target v0.1.2\n   Compiling riscv v0.6.0 (https://github.com/rcore-os/riscv#11d43cf7)\n    Checking sel4_common v0.1.0 (https://github.com/rel4team/sel4_common.git?branch=mi_dev#21a53113)\n    Checking sel4_cspace v0.1.0 (/home/runner/check/batch_7/rel4team/sel4_cspace)\nerror: could not compile `sel4_cspace` (lib) due to 6 previous errors; 2 warnings emitted\n"
            ]
          }
        },
        {
          "file": "(virtual) lockbud",
          "features": "",
          "count": 1,
          "kinds": {
            "Cargo": [
              "// pkg_name=sel4_cspace, checker=Lockbud\n// toolchain=nightly-2025-06-26-x86_64-unknown-linux-gnu, target=riscv64gc-unknown-none-elf\n// features=\n// pkg_dir=/home/runner/check/batch_7/rel4team/sel4_cspace\n// cmd=cargo +nightly-2025-02-01 lockbud -k all -- --target riscv64gc-unknown-none-elf \n// timestamp=2025-06-28 12:06:18.675822039 +08:00:00\n   Compiling memchr v2.7.4\n   Compiling regex-syntax v0.8.4\n   Compiling semver-parser v0.7.0\n   Compiling autocfg v1.3.0\n   Compiling semver v0.9.0\n   Compiling lazy_static v1.5.0\n   Compiling rustc_version v0.2.3\n   Compiling aho-corasick v1.1.3\n   Compiling bare-metal v0.2.5\n   Compiling lock_api v0.4.12\n   Compiling serial-frame v0.1.0 (https://github.com/rel4team/serial-frame.git?branch=mi_dev#84501a76)\n   Compiling tock-registers v0.9.0\n   Compiling scopeguard v1.2.0\n   Compiling serial-impl-pl011 v0.1.0 (https://github.com/rel4team/serial-impl-pl011.git?branch=mi_dev#83e073e1)\n   Compiling serial-impl-sbi v0.1.0 (https://github.com/rel4team/serial-impl-sbi.git?branch=mi_dev#4face963)\n   Compiling log v0.4.22\n   Compiling bit_field v0.10.2\n[2025-06-28T04:06:20Z WARN  lockbud::callbacks] [\n      {\n        \"AtomicityViolation\": {\n          \"bug_kind\": \"AtomicityViolation\",\n          \"possibility\": \"Possibly\",\n          \"diagnosis\": {\n            \"fn_name\": \"set_logger_racy\",\n            \"atomic_reader\": \"/home/runner/.cargo/registry/src/index.crates.io-1949cf8c6b5b557f/log-0.4.22/src/lib.rs:1447:11: 1447:40 (#0)\",\n            \"atomic_writer\": \"/home/runner/.cargo/registry/src/index.crates.io-1949cf8c6b5b557f/log-0.4.22/src/lib.rs:1450:13: 1450:56 (#0)\",\n            \"dep_kind\": \"Control\"\n          },\n          \"explanation\": \"atomic::store is data/control dependent on atomic::load\"\n        }\n      }\n    ]\n[2025-06-28T04:06:20Z WARN  lockbud::callbacks] crate log contains bugs: { probably: 0, possibly: 0 }, conflictlock: { probably: 0, possibly: 0 }, condvar_deadlock: { probably: 0, possibly: 0 }, atomicity_violation: { possibly: 1 }, invalid_free: { possibly: 0 }, use_after_free: { possibly: 0 }\n   Compiling cfg-if v1.0.0\n   Compiling bitflags v1.3.2\n   Compiling driver-collect v0.1.0 (https://github.com/rel4team/driver-collect.git?branch=mi_dev#3667ef6a)\n   Compiling spin v0.9.8\n   Compiling regex-automata v0.4.7\n   Compiling regex v1.10.6\n   Compiling riscv-target v0.1.2\n[2025-06-28T04:06:23Z WARN  lockbud::callbacks] [\n      {\n        \"AtomicityViolation\": {\n          \"bug_kind\": \"AtomicityViolation\",\n          \"possibility\": \"Possibly\",\n          \"diagnosis\": {\n            \"fn_name\": \"regex_automata::util::pool::inner::Pool::<T, F>::get\",\n            \"atomic_reader\": \"/home/runner/.cargo/registry/src/index.crates.io-1949cf8c6b5b557f/regex-automata-0.4.7/src/util/pool.rs:525:25: 525:59 (#0)\",\n            \"atomic_writer\": \"/home/runner/.cargo/registry/src/index.crates.io-1949cf8c6b5b557f/regex-automata-0.4.7/src/util/pool.rs:530:17: 530:69 (#0)\",\n            \"dep_kind\": \"Control\"\n          },\n          \"explanation\": \"atomic::store is data/control dependent on atomic::load\"\n        }\n      }\n    ]\n[2025-06-28T04:06:23Z WARN  lockbud::callbacks] crate riscv_target contains bugs: { probably: 0, possibly: 0 }, conflictlock: { probably: 0, possibly: 0 }, condvar_deadlock: { probably: 0, possibly: 0 }, atomicity_violation: { possibly: 1 }, invalid_free: { possibly: 0 }, use_after_free: { possibly: 0 }\n   Compiling riscv v0.6.0 (https://github.com/rcore-os/riscv#11d43cf7)\n   Compiling sel4_common v0.1.0 (https://github.com/rel4team/sel4_common.git?branch=mi_dev#21a53113)\n   Compiling sel4_cspace v0.1.0 (/home/runner/check/batch_7/rel4team/sel4_cspace)\nerror[E0432]: unresolved import `sel4_common::structures_gen`\n --> src/capability/zombie.rs:5:18\n  |\n5 | use sel4_common::structures_gen::{cap, cap_tag, cap_zombie_cap};\n  |                  ^^^^^^^^^^^^^^ could not find `structures_gen` in `sel4_common`\n\nerror[E0432]: unresolved import `sel4_common::structures_gen`\n  --> src/capability/mod.rs:16:18\n   |\n16 | use sel4_common::structures_gen::{cap, cap_null_cap, cap_tag};\n   |                  ^^^^^^^^^^^^^^ could not find `structures_gen` in `sel4_common`\n\nerror[E0432]: unresolved imports `sel4_common::sel4_bitfield_types`, `sel4_common::structures_gen`\n  --> src/cte.rs:15:5\n   |\n15 |     sel4_bitfield_types::Bitfield,\n   |     ^^^^^^^^^^^^^^^^^^^ could not find `sel4_bitfield_types` in `sel4_common`\n16 |     structures_gen::{cap, cap_cnode_cap, cap_null_cap, cap_tag, mdb_node},\n   |     ^^^^^^^^^^^^^^ could not find `structures_gen` in `sel4_common`\n\nerror[E0432]: unresolved import `sel4_common::structures_gen`\n --> src/structures.rs:4:5\n  |\n4 |     structures_gen::{cap, cap_null_cap},\n  |     ^^^^^^^^^^^^^^ could not find `structures_gen` in `sel4_common`\n\nerror[E0432]: unresolved import `sel4_common::structures_gen`\n --> src/deps.rs:2:44\n  |\n2 | use sel4_common::{structures::exception_t, structures_gen::cap};\n  |                                            ^^^^^^^^^^^^^^ could not find `structures_gen` in `sel4_common`\n\nerror[E0432]: unresolved imports `sel4_common::shared_types_bf_gen`, `sel4_common::structures_gen`\n --> src/arch/riscv64/mod.rs:3:5\n  |\n3 |     shared_types_bf_gen::seL4_CapRights,\n  |     ^^^^^^^^^^^^^^^^^^^ could not find `shared_types_bf_gen` in `sel4_common`\n4 |     structures::exception_t,\n5 |     structures_gen::{cap, cap_null_cap, cap_tag},\n  |     ^^^^^^^^^^^^^^ could not find `structures_gen` in `sel4_common`\n\nwarning: the feature `asm_const` has been stable since 1.82.0 and no longer requires an attribute to enable\n --> src/lib.rs:4:12\n  |\n4 | #![feature(asm_const)]\n  |            ^^^^^^^^^\n  |\n  = note: `#[warn(stable_features)]` on by default\n\nFor more information about this error, try `rustc --explain E0432`.\nwarning: `sel4_cspace` (lib) generated 1 warning\nerror: could not compile `sel4_cspace` (lib) due to 6 previous errors; 1 warning emitted\n"
            ]
          }
        },
        {
          "file": "(virtual) rapx",
          "features": "",
          "count": 1,
          "kinds": {
            "Cargo": [
              "// pkg_name=sel4_cspace, checker=Rapx\n// toolchain=nightly-2025-06-26-x86_64-unknown-linux-gnu, target=riscv64gc-unknown-none-elf\n// features=\n// pkg_dir=/home/runner/check/batch_7/rel4team/sel4_cspace\n// cmd=cargo +nightly-2024-10-12 rapx -F -M -- --target riscv64gc-unknown-none-elf \n// timestamp=2025-06-28 12:06:30.031170428 +08:00:00\n   Compiling memchr v2.7.4\n   Compiling semver-parser v0.7.0\n   Compiling regex-syntax v0.8.4\n   Compiling autocfg v1.3.0\n   Compiling semver v0.9.0\n   Compiling lazy_static v1.5.0\n   Compiling aho-corasick v1.1.3\n   Compiling rustc_version v0.2.3\n   Compiling lock_api v0.4.12\n   Compiling bare-metal v0.2.5\n    Checking serial-frame v0.1.0 (https://github.com/rel4team/serial-frame.git?branch=mi_dev#84501a76)\n    Checking tock-registers v0.9.0\n    Checking scopeguard v1.2.0\n    Checking serial-impl-pl011 v0.1.0 (https://github.com/rel4team/serial-impl-pl011.git?branch=mi_dev#83e073e1)\n    Checking serial-impl-sbi v0.1.0 (https://github.com/rel4team/serial-impl-sbi.git?branch=mi_dev#4face963)\n    Checking log v0.4.22\n    Checking bit_field v0.10.2\n   Compiling regex-automata v0.4.7\n    Checking bitflags v1.3.2\n    Checking cfg-if v1.0.0\n    Checking driver-collect v0.1.0 (https://github.com/rel4team/driver-collect.git?branch=mi_dev#3667ef6a)\n    Checking spin v0.9.8\n   Compiling regex v1.10.6\n   Compiling riscv-target v0.1.2\n   Compiling riscv v0.6.0 (https://github.com/rcore-os/riscv#11d43cf7)\n    Checking sel4_common v0.1.0 (https://github.com/rel4team/sel4_common.git?branch=mi_dev#21a53113)\n    Checking sel4_cspace v0.1.0 (/home/runner/check/batch_7/rel4team/sel4_cspace)\nerror[E0432]: unresolved import `sel4_common::structures_gen`\n --> src/capability/zombie.rs:5:18\n  |\n5 | use sel4_common::structures_gen::{cap, cap_tag, cap_zombie_cap};\n  |                  ^^^^^^^^^^^^^^ could not find `structures_gen` in `sel4_common`\n\nerror[E0432]: unresolved import `sel4_common::structures_gen`\n  --> src/capability/mod.rs:16:18\n   |\n16 | use sel4_common::structures_gen::{cap, cap_null_cap, cap_tag};\n   |                  ^^^^^^^^^^^^^^ could not find `structures_gen` in `sel4_common`\n\nerror[E0432]: unresolved imports `sel4_common::sel4_bitfield_types`, `sel4_common::structures_gen`\n  --> src/cte.rs:15:5\n   |\n15 |     sel4_bitfield_types::Bitfield,\n   |     ^^^^^^^^^^^^^^^^^^^ could not find `sel4_bitfield_types` in `sel4_common`\n16 |     structures_gen::{cap, cap_cnode_cap, cap_null_cap, cap_tag, mdb_node},\n   |     ^^^^^^^^^^^^^^ could not find `structures_gen` in `sel4_common`\n\nerror[E0432]: unresolved import `sel4_common::structures_gen`\n --> src/structures.rs:4:5\n  |\n4 |     structures_gen::{cap, cap_null_cap},\n  |     ^^^^^^^^^^^^^^ could not find `structures_gen` in `sel4_common`\n\nerror[E0432]: unresolved import `sel4_common::structures_gen`\n --> src/deps.rs:2:44\n  |\n2 | use sel4_common::{structures::exception_t, structures_gen::cap};\n  |                                            ^^^^^^^^^^^^^^ could not find `structures_gen` in `sel4_common`\n\nerror[E0432]: unresolved imports `sel4_common::shared_types_bf_gen`, `sel4_common::structures_gen`\n --> src/arch/riscv64/mod.rs:3:5\n  |\n3 |     shared_types_bf_gen::seL4_CapRights,\n  |     ^^^^^^^^^^^^^^^^^^^ could not find `shared_types_bf_gen` in `sel4_common`\n4 |     structures::exception_t,\n5 |     structures_gen::{cap, cap_null_cap, cap_tag},\n  |     ^^^^^^^^^^^^^^ could not find `structures_gen` in `sel4_common`\n\nwarning: the feature `asm_const` has been stable since 1.82.0 and no longer requires an attribute to enable\n --> src/lib.rs:4:12\n  |\n4 | #![feature(asm_const)]\n  |            ^^^^^^^^^\n  |\n  = note: `#[warn(stable_features)]` on by default\n\nerror[E0271]: type mismatch resolving `<cte_t as Pointee>::Metadata == ()`\n  --> src/structures.rs:54:41\n   |\n54 |             slot: core::ptr::null_mut::<cte_t>(),\n   |                                         ^^^^^ expected `()`, found associated type\n   |\n   = note:    expected unit type `()`\n           found associated type `<cte::cte_t as core::ptr::Pointee>::Metadata`\n   = help: consider constraining the associated type `<cte::cte_t as core::ptr::Pointee>::Metadata` to `()`\n   = note: for more information, visit https://doc.rust-lang.org/book/ch19-03-advanced-traits.html\n   = note: required for `cte::cte_t` to implement `core::ptr::Thin`\nnote: required by a bound in `core::ptr::null_mut`\n  --> /rustc/1bc403daadbebb553ccc211a0a8eebb73989665f/library/core/src/ptr/mod.rs:628:1\n\nwarning: unused import: `cap_func`\n --> src/cte.rs:8:5\n  |\n8 |     cap_func,\n  |     ^^^^^^^^\n  |\n  = note: `#[warn(unused_imports)]` on by default\n\nwarning: unused import: `zombie_func`\n --> src/cte.rs:9:31\n  |\n9 |     zombie::{capCyclicZombie, zombie_func},\n  |                               ^^^^^^^^^^^\n\nwarning: unused import: `zombie::zombie_func`\n  --> src/arch/riscv64/mod.rs:12:33\n   |\n12 |     capability::{cap_arch_func, zombie::zombie_func},\n   |                                 ^^^^^^^^^^^^^^^^^^^\n\nSome errors have detailed explanations: E0271, E0432.\nFor more information about an error, try `rustc --explain E0271`.\nwarning: `sel4_cspace` (lib) generated 4 warnings\nerror: could not compile `sel4_cspace` (lib) due to 7 previous errors; 4 warnings emitted\n04:06:35|RAP|ERROR|: Finished with non-zero exit code.\n"
            ]
          }
        },
        {
          "file": "(virtual) semver-checks",
          "features": "",
          "count": 1,
          "kinds": {
            "Cargo": [
              "// pkg_name=sel4_cspace, checker=SemverChecks\n// toolchain=nightly-2025-06-26-x86_64-unknown-linux-gnu, target=riscv64gc-unknown-none-elf\n// features=\n// pkg_dir=/home/runner/check/batch_7/rel4team/sel4_cspace\n// cmd=cargo +nightly-2025-06-26-x86_64-unknown-linux-gnu semver-checks --target riscv64gc-unknown-none-elf \n// timestamp=2025-06-28 12:06:06.630066988 +08:00:00\n    Building sel4_cspace v0.1.0 (current)\nerror: running cargo-doc on crate 'sel4_cspace' failed with output:\n-----\n   Compiling proc-macro2 v1.0.95\n   Compiling memchr v2.7.5\n   Compiling unicode-ident v1.0.18\n   Compiling thiserror v2.0.12\n   Compiling regex-syntax v0.8.5\n   Compiling ucd-trie v0.1.7\n   Compiling aho-corasick v1.1.3\n   Compiling quote v1.0.40\n   Compiling syn v2.0.104\n   Compiling rustix v0.38.44\n   Compiling bitflags v2.9.1\n   Compiling linux-raw-sys v0.4.15\n   Compiling regex-automata v0.4.9\n   Compiling semver-parser v0.7.0\n   Compiling semver v0.9.0\n   Compiling home v0.5.11\n   Compiling syn v1.0.109\n   Compiling either v1.15.0\n   Compiling rustc_version v0.2.3\n   Compiling regex v1.11.1\n   Compiling thiserror-impl v2.0.12\n   Compiling lazy_static v1.5.0\n   Compiling autocfg v1.5.0\n   Compiling which v4.4.2\n   Compiling sel4-rustfmt-helper v0.1.0 (https://github.com/rel4team/rust_sel4_pbf_parser/?branch=mi_dev#34240530)\n   Compiling lock_api v0.4.13\n   Compiling riscv-target v0.1.2\n   Compiling bare-metal v0.2.5\n   Compiling glob v0.3.2\n   Compiling pest v2.8.1\n    Checking serial-frame v0.1.0 (https://github.com/rel4team/serial-frame.git?branch=mi_dev#84501a76)\n   Compiling sel4-bitfield-types v0.1.0 (https://github.com/rel4team/rust_sel4_pbf_parser/?branch=mi_dev#34240530)\n   Compiling riscv v0.6.0 (https://github.com/rcore-os/riscv#11d43cf7)\n    Checking scopeguard v1.2.0\n    Checking tock-registers v0.9.0\n    Checking serial-impl-pl011 v0.1.0 (https://github.com/rel4team/serial-impl-pl011.git?branch=mi_dev#83e073e1)\n    Checking serial-impl-sbi v0.1.0 (https://github.com/rel4team/serial-impl-sbi.git?branch=mi_dev#4face963)\n    Checking log v0.4.27\n    Checking tock-registers v0.8.1\n    Checking bit_field v0.10.2\n    Checking bitflags v1.3.2\n    Checking cfg-if v1.0.1\n    Checking driver-collect v0.1.0 (https://github.com/rel4team/driver-collect.git?branch=mi_dev#3667ef6a)\n    Checking aarch64-cpu v9.4.0\n   Compiling pest_meta v2.8.1\n    Checking spin v0.9.8\n   Compiling pest_generator v2.8.1\n   Compiling pest_derive v2.8.1\n   Compiling sel4-bitfield-parser v0.1.0 (https://github.com/rel4team/rust_sel4_pbf_parser/?branch=mi_dev#34240530)\n   Compiling rust_sel4_pbf_parser v0.1.0 (https://github.com/rel4team/rust_sel4_pbf_parser/?branch=mi_dev#34240530)\n   Compiling sel4_common v0.1.0 (https://github.com/rel4team/sel4_common.git?branch=mi_dev#bfc7c3c7)\nerror: failed to run custom build command for `sel4_common v0.1.0 (https://github.com/rel4team/sel4_common.git?branch=mi_dev#bfc7c3c7)`\n\nCaused by:\n  process didn't exit successfully: `/home/runner/check/batch_7/rel4team/sel4_cspace/target/semver-checks/local-sel4_cspace-0_1_0-riscv64gc_unknown_none_elf-1fb5676434a6a880/target/debug/build/sel4_common-b6132cf9ccf31cd4/build-script-build` (exit status: 1)\n  --- stdout\n  dir /home/runner/check/batch_7/rel4team/sel4_cspace/target/semver-checks/local-sel4_cspace-0_1_0-riscv64gc_unknown_none_elf-1fb5676434a6a880/target/riscv64gc-unknown-none-elf/debug/build/sel4_common-54f8ca345015085f/out/pbf not exist, and no need to del\n  Directory created successfully: /home/runner/check/batch_7/rel4team/sel4_cspace/target/semver-checks/local-sel4_cspace-0_1_0-riscv64gc_unknown_none_elf-1fb5676434a6a880/target/riscv64gc-unknown-none-elf/debug/build/sel4_common-54f8ca345015085f/out/pbf\n\n  --- stderr\n  Failed to copy file: No such file or directory (os error 2)\n\n-----\n\nerror: failed to build rustdoc for crate sel4_cspace v0.1.0\nnote: this is usually due to a compilation error in the crate,\n      and is unlikely to be a bug in cargo-semver-checks\nnote: the following command can be used to reproduce the compilation error:\n      cargo new --lib example &&\n          cd example &&\n          echo '[workspace]' >> Cargo.toml &&\n          cargo add --path /home/runner/check/batch_7/rel4team/sel4_cspace --features KERNEL_MCS &&\n          cargo check\n\nerror: aborting due to failure to build rustdoc for crate sel4_cspace v0.1.0\n"
            ]
          }
        },
        {
          "file": "(virtual) udeps",
          "features": "",
          "count": 1,
          "kinds": {
            "Cargo": [
              "// pkg_name=sel4_cspace, checker=Udeps\n// toolchain=nightly-2025-06-26-x86_64-unknown-linux-gnu, target=riscv64gc-unknown-none-elf\n// features=\n// pkg_dir=/home/runner/check/batch_7/rel4team/sel4_cspace\n// cmd=cargo +nightly-2025-06-26-x86_64-unknown-linux-gnu udeps --target riscv64gc-unknown-none-elf \n// timestamp=2025-06-28 12:06:37.054094164 +08:00:00\n   Compiling memchr v2.7.4\n   Compiling semver-parser v0.7.0\n   Compiling regex-syntax v0.8.4\n   Compiling autocfg v1.3.0\n   Compiling semver v0.9.0\n   Compiling lazy_static v1.5.0\n   Compiling rustc_version v0.2.3\n   Compiling aho-corasick v1.1.3\n   Compiling bare-metal v0.2.5\n   Compiling lock_api v0.4.12\n    Checking serial-frame v0.1.0 (https://github.com/rel4team/serial-frame.git?branch=mi_dev#84501a76)\n    Checking scopeguard v1.2.0\n    Checking tock-registers v0.9.0\n    Checking serial-impl-pl011 v0.1.0 (https://github.com/rel4team/serial-impl-pl011.git?branch=mi_dev#83e073e1)\n    Checking serial-impl-sbi v0.1.0 (https://github.com/rel4team/serial-impl-sbi.git?branch=mi_dev#4face963)\n    Checking bit_field v0.10.2\n    Checking bitflags v1.3.2\n    Checking log v0.4.22\n    Checking cfg-if v1.0.0\n    Checking driver-collect v0.1.0 (https://github.com/rel4team/driver-collect.git?branch=mi_dev#3667ef6a)\n    Checking spin v0.9.8\n   Compiling regex-automata v0.4.7\n   Compiling regex v1.10.6\n   Compiling riscv-target v0.1.2\n   Compiling riscv v0.6.0 (https://github.com/rcore-os/riscv#11d43cf7)\n    Checking sel4_common v0.1.0 (https://github.com/rel4team/sel4_common.git?branch=mi_dev#21a53113)\n    Checking sel4_cspace v0.1.0 (/home/runner/check/batch_7/rel4team/sel4_cspace)\nerror[E0432]: unresolved import `sel4_common::structures_gen`\n --> src/capability/zombie.rs:5:18\n  |\n5 | use sel4_common::structures_gen::{cap, cap_tag, cap_zombie_cap};\n  |                  ^^^^^^^^^^^^^^ could not find `structures_gen` in `sel4_common`\n\nerror[E0432]: unresolved import `sel4_common::structures_gen`\n  --> src/capability/mod.rs:16:18\n   |\n16 | use sel4_common::structures_gen::{cap, cap_null_cap, cap_tag};\n   |                  ^^^^^^^^^^^^^^ could not find `structures_gen` in `sel4_common`\n\nerror[E0432]: unresolved imports `sel4_common::sel4_bitfield_types`, `sel4_common::structures_gen`\n  --> src/cte.rs:15:5\n   |\n15 |     sel4_bitfield_types::Bitfield,\n   |     ^^^^^^^^^^^^^^^^^^^ could not find `sel4_bitfield_types` in `sel4_common`\n16 |     structures_gen::{cap, cap_cnode_cap, cap_null_cap, cap_tag, mdb_node},\n   |     ^^^^^^^^^^^^^^ could not find `structures_gen` in `sel4_common`\n\nerror[E0432]: unresolved import `sel4_common::structures_gen`\n --> src/structures.rs:4:5\n  |\n4 |     structures_gen::{cap, cap_null_cap},\n  |     ^^^^^^^^^^^^^^ could not find `structures_gen` in `sel4_common`\n\nerror[E0432]: unresolved import `sel4_common::structures_gen`\n --> src/deps.rs:2:44\n  |\n2 | use sel4_common::{structures::exception_t, structures_gen::cap};\n  |                                            ^^^^^^^^^^^^^^ could not find `structures_gen` in `sel4_common`\n\nerror[E0432]: unresolved imports `sel4_common::shared_types_bf_gen`, `sel4_common::structures_gen`\n --> src/arch/riscv64/mod.rs:3:5\n  |\n3 |     shared_types_bf_gen::seL4_CapRights,\n  |     ^^^^^^^^^^^^^^^^^^^ could not find `shared_types_bf_gen` in `sel4_common`\n4 |     structures::exception_t,\n5 |     structures_gen::{cap, cap_null_cap, cap_tag},\n  |     ^^^^^^^^^^^^^^ could not find `structures_gen` in `sel4_common`\n\nwarning: `#[inline]` is ignored on externally exported functions\n  --> src/capability/zombie.rs:65:1\n   |\n65 | #[inline]\n   | ^^^^^^^^^\n   |\n   = help: externally exported functions are functions with `#[no_mangle]`, `#[export_name]`, or `#[linkage]`\n   = note: `#[warn(unused_attributes)]` on by default\n\nwarning: the feature `asm_const` has been stable since 1.82.0 and no longer requires an attribute to enable\n --> src/lib.rs:4:12\n  |\n4 | #![feature(asm_const)]\n  |            ^^^^^^^^^\n  |\n  = note: `#[warn(stable_features)]` on by default\n\nFor more information about this error, try `rustc --explain E0432`.\nwarning: `sel4_cspace` (lib) generated 2 warnings\nerror: could not compile `sel4_cspace` (lib) due to 6 previous errors; 2 warnings emitted\n"
            ]
          }
        },
        {
          "file": "[Lockbud] deadlock detection",
          "features": "",
          "count": 1,
          "kinds": {
            "Lockbud(Possibly)": [
              "[2025-06-28T04:06:20Z WARN  lockbud::callbacks] [\n      {\n        \"AtomicityViolation\": {\n          \"bug_kind\": \"AtomicityViolation\",\n          \"possibility\": \"Possibly\",\n          \"diagnosis\": {\n            \"fn_name\": \"set_logger_racy\",\n            \"atomic_reader\": \"/home/runner/.cargo/registry/src/index.crates.io-1949cf8c6b5b557f/log-0.4.22/src/lib.rs:1447:11: 1447:40 (#0)\",\n            \"atomic_writer\": \"/home/runner/.cargo/registry/src/index.crates.io-1949cf8c6b5b557f/log-0.4.22/src/lib.rs:1450:13: 1450:56 (#0)\",\n            \"dep_kind\": \"Control\"\n          },\n          \"explanation\": \"atomic::store is data/control dependent on atomic::load\"\n        }\n      }\n    ]\n[2025-06-28T04:06:20Z WARN  lockbud::callbacks] crate log contains bugs: { probably: 0, possibly: 0 }, conflictlock: { probably: 0, possibly: 0 }, condvar_deadlock: { probably: 0, possibly: 0 }, atomicity_violation: { possibly: 1 }, invalid_free: { possibly: 0 }, use_after_free: { possibly: 0 }\n[2025-06-28T04:06:23Z WARN  lockbud::callbacks] [\n      {\n        \"AtomicityViolation\": {\n          \"bug_kind\": \"AtomicityViolation\",\n          \"possibility\": \"Possibly\",\n          \"diagnosis\": {\n            \"fn_name\": \"regex_automata::util::pool::inner::Pool::<T, F>::get\",\n            \"atomic_reader\": \"/home/runner/.cargo/registry/src/index.crates.io-1949cf8c6b5b557f/regex-automata-0.4.7/src/util/pool.rs:525:25: 525:59 (#0)\",\n            \"atomic_writer\": \"/home/runner/.cargo/registry/src/index.crates.io-1949cf8c6b5b557f/regex-automata-0.4.7/src/util/pool.rs:530:17: 530:69 (#0)\",\n            \"dep_kind\": \"Control\"\n          },\n          \"explanation\": \"atomic::store is data/control dependent on atomic::load\"\n        }\n      }\n    ]\n[2025-06-28T04:06:23Z WARN  lockbud::callbacks] crate riscv_target contains bugs: { probably: 0, possibly: 0 }, conflictlock: { probably: 0, possibly: 0 }, condvar_deadlock: { probably: 0, possibly: 0 }, atomicity_violation: { possibly: 1 }, invalid_free: { possibly: 0 }, use_after_free: { possibly: 0 }"
            ]
          }
        },
        {
          "file": "[Udeps] Unused dependencies",
          "features": "",
          "count": 1,
          "kinds": {
            "Unused Deps": [
              "pkg=sel4_cspace, checker=Udeps\ntoolchain=nightly-2025-06-26-x86_64-unknown-linux-gnu, target=riscv64gc-unknown-none-elf\nfeatures=\npkg_dir=/home/runner/check/batch_7/rel4team/sel4_cspace\ncmd=cargo +nightly-2025-06-26-x86_64-unknown-linux-gnu udeps --target riscv64gc-unknown-none-elf \ntimestamp=2025-06-28 12:06:41.689530333 +08:00:00\n\n\nstdout:\n\nstderr:\n   Compiling memchr v2.7.4\n   Compiling semver-parser v0.7.0\n   Compiling regex-syntax v0.8.4\n   Compiling autocfg v1.3.0\n   Compiling semver v0.9.0\n   Compiling lazy_static v1.5.0\n   Compiling rustc_version v0.2.3\n   Compiling aho-corasick v1.1.3\n   Compiling bare-metal v0.2.5\n   Compiling lock_api v0.4.12\n    Checking serial-frame v0.1.0 (https://github.com/rel4team/serial-frame.git?branch=mi_dev#84501a76)\n    Checking scopeguard v1.2.0\n    Checking tock-registers v0.9.0\n    Checking serial-impl-pl011 v0.1.0 (https://github.com/rel4team/serial-impl-pl011.git?branch=mi_dev#83e073e1)\n    Checking serial-impl-sbi v0.1.0 (https://github.com/rel4team/serial-impl-sbi.git?branch=mi_dev#4face963)\n    Checking bit_field v0.10.2\n    Checking bitflags v1.3.2\n    Checking log v0.4.22\n    Checking cfg-if v1.0.0\n    Checking driver-collect v0.1.0 (https://github.com/rel4team/driver-collect.git?branch=mi_dev#3667ef6a)\n    Checking spin v0.9.8\n   Compiling regex-automata v0.4.7\n   Compiling regex v1.10.6\n   Compiling riscv-target v0.1.2\n   Compiling riscv v0.6.0 (https://github.com/rcore-os/riscv#11d43cf7)\n    Checking sel4_common v0.1.0 (https://github.com/rel4team/sel4_common.git?branch=mi_dev#21a53113)\n    Checking sel4_cspace v0.1.0 (/home/runner/check/batch_7/rel4team/sel4_cspace)\nerror[E0432]: unresolved import `sel4_common::structures_gen`\n --> src/capability/zombie.rs:5:18\n  |\n5 | use sel4_common::structures_gen::{cap, cap_tag, cap_zombie_cap};\n  |                  ^^^^^^^^^^^^^^ could not find `structures_gen` in `sel4_common`\n\nerror[E0432]: unresolved import `sel4_common::structures_gen`\n  --> src/capability/mod.rs:16:18\n   |\n16 | use sel4_common::structures_gen::{cap, cap_null_cap, cap_tag};\n   |                  ^^^^^^^^^^^^^^ could not find `structures_gen` in `sel4_common`\n\nerror[E0432]: unresolved imports `sel4_common::sel4_bitfield_types`, `sel4_common::structures_gen`\n  --> src/cte.rs:15:5\n   |\n15 |     sel4_bitfield_types::Bitfield,\n   |     ^^^^^^^^^^^^^^^^^^^ could not find `sel4_bitfield_types` in `sel4_common`\n16 |     structures_gen::{cap, cap_cnode_cap, cap_null_cap, cap_tag, mdb_node},\n   |     ^^^^^^^^^^^^^^ could not find `structures_gen` in `sel4_common`\n\nerror[E0432]: unresolved import `sel4_common::structures_gen`\n --> src/structures.rs:4:5\n  |\n4 |     structures_gen::{cap, cap_null_cap},\n  |     ^^^^^^^^^^^^^^ could not find `structures_gen` in `sel4_common`\n\nerror[E0432]: unresolved import `sel4_common::structures_gen`\n --> src/deps.rs:2:44\n  |\n2 | use sel4_common::{structures::exception_t, structures_gen::cap};\n  |                                            ^^^^^^^^^^^^^^ could not find `structures_gen` in `sel4_common`\n\nerror[E0432]: unresolved imports `sel4_common::shared_types_bf_gen`, `sel4_common::structures_gen`\n --> src/arch/riscv64/mod.rs:3:5\n  |\n3 |     shared_types_bf_gen::seL4_CapRights,\n  |     ^^^^^^^^^^^^^^^^^^^ could not find `shared_types_bf_gen` in `sel4_common`\n4 |     structures::exception_t,\n5 |     structures_gen::{cap, cap_null_cap, cap_tag},\n  |     ^^^^^^^^^^^^^^ could not find `structures_gen` in `sel4_common`\n\nwarning: `#[inline]` is ignored on externally exported functions\n  --> src/capability/zombie.rs:65:1\n   |\n65 | #[inline]\n   | ^^^^^^^^^\n   |\n   = help: externally exported functions are functions with `#[no_mangle]`, `#[export_name]`, or `#[linkage]`\n   = note: `#[warn(unused_attributes)]` on by default\n\nwarning: the feature `asm_const` has been stable since 1.82.0 and no longer requires an attribute to enable\n --> src/lib.rs:4:12\n  |\n4 | #![feature(asm_const)]\n  |            ^^^^^^^^^\n  |\n  = note: `#[warn(stable_features)]` on by default\n\nFor more information about this error, try `rustc --explain E0432`.\nwarning: `sel4_cspace` (lib) generated 2 warnings\nerror: could not compile `sel4_cspace` (lib) due to 6 previous errors; 2 warnings emitted\n"
            ]
          }
        },
        {
          "file": "[outdated direct dependencies]",
          "features": "",
          "count": 1,
          "kinds": {
            "Outdated": [
              "pkg=sel4_cspace, checker=Outdated\ntoolchain=nightly-2025-06-26-x86_64-unknown-linux-gnu, target=riscv64gc-unknown-none-elf\nfeatures=\npkg_dir=/home/runner/check/batch_7/rel4team/sel4_cspace\ncmd=cargo +nightly-2025-06-26-x86_64-unknown-linux-gnu outdated -R --exit-code=2\ntimestamp=2025-06-28 12:06:37.05299728 +08:00:00\n\nName  Project  Compat  Latest  Kind    Platform\n----  -------  ------  ------  ----    --------\nlog   0.4.22   0.4.27  0.4.27  Normal  ---\n"
            ]
          }
        },
        {
          "file": "[semver checks violation]",
          "features": "",
          "count": 1,
          "kinds": {
            "Semver Violation": [
              "pkg=sel4_cspace, checker=SemverChecks\ntoolchain=nightly-2025-06-26-x86_64-unknown-linux-gnu, target=riscv64gc-unknown-none-elf\nfeatures=\npkg_dir=/home/runner/check/batch_7/rel4team/sel4_cspace\ncmd=cargo +nightly-2025-06-26-x86_64-unknown-linux-gnu semver-checks --target riscv64gc-unknown-none-elf \ntimestamp=2025-06-28 12:06:18.671253176 +08:00:00\n\n\nstdout:\n\nstderr:\n    Building sel4_cspace v0.1.0 (current)\nerror: running cargo-doc on crate 'sel4_cspace' failed with output:\n-----\n   Compiling proc-macro2 v1.0.95\n   Compiling memchr v2.7.5\n   Compiling unicode-ident v1.0.18\n   Compiling thiserror v2.0.12\n   Compiling regex-syntax v0.8.5\n   Compiling ucd-trie v0.1.7\n   Compiling aho-corasick v1.1.3\n   Compiling quote v1.0.40\n   Compiling syn v2.0.104\n   Compiling rustix v0.38.44\n   Compiling bitflags v2.9.1\n   Compiling linux-raw-sys v0.4.15\n   Compiling regex-automata v0.4.9\n   Compiling semver-parser v0.7.0\n   Compiling semver v0.9.0\n   Compiling home v0.5.11\n   Compiling syn v1.0.109\n   Compiling either v1.15.0\n   Compiling rustc_version v0.2.3\n   Compiling regex v1.11.1\n   Compiling thiserror-impl v2.0.12\n   Compiling lazy_static v1.5.0\n   Compiling autocfg v1.5.0\n   Compiling which v4.4.2\n   Compiling sel4-rustfmt-helper v0.1.0 (https://github.com/rel4team/rust_sel4_pbf_parser/?branch=mi_dev#34240530)\n   Compiling lock_api v0.4.13\n   Compiling riscv-target v0.1.2\n   Compiling bare-metal v0.2.5\n   Compiling glob v0.3.2\n   Compiling pest v2.8.1\n    Checking serial-frame v0.1.0 (https://github.com/rel4team/serial-frame.git?branch=mi_dev#84501a76)\n   Compiling sel4-bitfield-types v0.1.0 (https://github.com/rel4team/rust_sel4_pbf_parser/?branch=mi_dev#34240530)\n   Compiling riscv v0.6.0 (https://github.com/rcore-os/riscv#11d43cf7)\n    Checking scopeguard v1.2.0\n    Checking tock-registers v0.9.0\n    Checking serial-impl-pl011 v0.1.0 (https://github.com/rel4team/serial-impl-pl011.git?branch=mi_dev#83e073e1)\n    Checking serial-impl-sbi v0.1.0 (https://github.com/rel4team/serial-impl-sbi.git?branch=mi_dev#4face963)\n    Checking log v0.4.27\n    Checking tock-registers v0.8.1\n    Checking bit_field v0.10.2\n    Checking bitflags v1.3.2\n    Checking cfg-if v1.0.1\n    Checking driver-collect v0.1.0 (https://github.com/rel4team/driver-collect.git?branch=mi_dev#3667ef6a)\n    Checking aarch64-cpu v9.4.0\n   Compiling pest_meta v2.8.1\n    Checking spin v0.9.8\n   Compiling pest_generator v2.8.1\n   Compiling pest_derive v2.8.1\n   Compiling sel4-bitfield-parser v0.1.0 (https://github.com/rel4team/rust_sel4_pbf_parser/?branch=mi_dev#34240530)\n   Compiling rust_sel4_pbf_parser v0.1.0 (https://github.com/rel4team/rust_sel4_pbf_parser/?branch=mi_dev#34240530)\n   Compiling sel4_common v0.1.0 (https://github.com/rel4team/sel4_common.git?branch=mi_dev#bfc7c3c7)\nerror: failed to run custom build command for `sel4_common v0.1.0 (https://github.com/rel4team/sel4_common.git?branch=mi_dev#bfc7c3c7)`\n\nCaused by:\n  process didn't exit successfully: `/home/runner/check/batch_7/rel4team/sel4_cspace/target/semver-checks/local-sel4_cspace-0_1_0-riscv64gc_unknown_none_elf-1fb5676434a6a880/target/debug/build/sel4_common-b6132cf9ccf31cd4/build-script-build` (exit status: 1)\n  --- stdout\n  dir /home/runner/check/batch_7/rel4team/sel4_cspace/target/semver-checks/local-sel4_cspace-0_1_0-riscv64gc_unknown_none_elf-1fb5676434a6a880/target/riscv64gc-unknown-none-elf/debug/build/sel4_common-54f8ca345015085f/out/pbf not exist, and no need to del\n  Directory created successfully: /home/runner/check/batch_7/rel4team/sel4_cspace/target/semver-checks/local-sel4_cspace-0_1_0-riscv64gc_unknown_none_elf-1fb5676434a6a880/target/riscv64gc-unknown-none-elf/debug/build/sel4_common-54f8ca345015085f/out/pbf\n\n  --- stderr\n  Failed to copy file: No such file or directory (os error 2)\n\n-----\n\nerror: failed to build rustdoc for crate sel4_cspace v0.1.0\nnote: this is usually due to a compilation error in the crate,\n      and is unlikely to be a bug in cargo-semver-checks\nnote: the following command can be used to reproduce the compilation error:\n      cargo new --lib example &&\n          cd example &&\n          echo '[workspace]' >> Cargo.toml &&\n          cargo add --path /home/runner/check/batch_7/rel4team/sel4_cspace --features KERNEL_MCS &&\n          cargo check\n\nerror: aborting due to failure to build rustdoc for crate sel4_cspace v0.1.0\n"
            ]
          }
        },
        {
          "file": "src/capability/mod.rs",
          "features": "",
          "count": 1,
          "kinds": {
            "Clippy(Error)": [
              "error[E0432]: unresolved import `sel4_common::structures_gen`\n  --> src/capability/mod.rs:16:18\n   |\n16 | use sel4_common::structures_gen::{cap, cap_null_cap, cap_tag};\n   |                  ^^^^^^^^^^^^^^ could not find `structures_gen` in `sel4_common`\n\n"
            ]
          }
        },
        {
          "file": "src/deps.rs",
          "features": "",
          "count": 1,
          "kinds": {
            "Clippy(Error)": [
              "error[E0432]: unresolved import `sel4_common::structures_gen`\n --> src/deps.rs:2:44\n  |\n2 | use sel4_common::{structures::exception_t, structures_gen::cap};\n  |                                            ^^^^^^^^^^^^^^ could not find `structures_gen` in `sel4_common`\n\n"
            ]
          }
        },
        {
          "file": "src/lib.rs",
          "features": "",
          "count": 1,
          "kinds": {
            "Clippy(Warn)": [
              "warning: the feature `asm_const` has been stable since 1.82.0 and no longer requires an attribute to enable\n --> src/lib.rs:4:12\n  |\n4 | #![feature(asm_const)]\n  |            ^^^^^^^^^\n  |\n  = note: `#[warn(stable_features)]` on by default\n\n"
            ]
          }
        },
        {
          "file": "src/structures.rs",
          "features": "",
          "count": 1,
          "kinds": {
            "Clippy(Error)": [
              "error[E0432]: unresolved import `sel4_common::structures_gen`\n --> src/structures.rs:4:5\n  |\n4 |     structures_gen::{cap, cap_null_cap},\n  |     ^^^^^^^^^^^^^^ could not find `structures_gen` in `sel4_common`\n\n"
            ]
          }
        }
      ]
    },
    {
      "user": "qclic",
      "repo": "fdt-parser",
      "pkg": "fdt-parser",
      "count": 7,
      "raw_reports": [
        {
          "file": "fdt-parser/src/define.rs",
          "features": "",
          "count": 4,
          "kinds": {
            "Clippy(Warn)": [
              "warning: struct `RawReg` is never constructed\n  --> fdt-parser/src/define.rs:87:12\n   |\n87 | pub struct RawReg<'a> {\n   |            ^^^^^^\n   |\n   = note: `#[warn(dead_code)]` on by default\n\n",
              "warning: variables can be used directly in the `format!` string\n   --> fdt-parser/src/define.rs:235:25\n    |\n235 |             f.write_fmt(format_args!(\"{:#x}>\", s))\n    |                         ^^^^^^^^^^^^^^^^^^^^^^^^^\n    |\n    = help: for further information visit https://rust-lang.github.io/rust-clippy/master/index.html#uninlined_format_args\n    = note: `#[warn(clippy::uninlined_format_args)]` on by default\nhelp: change this to\n    |\n235 -             f.write_fmt(format_args!(\"{:#x}>\", s))\n235 +             f.write_fmt(format_args!(\"{s:#x}>\"))\n    |\n\n",
              "warning: variables can be used directly in the `format!` string\n   --> fdt-parser/src/define.rs:265:25\n    |\n265 |             f.write_fmt(format_args!(\"{:#x} \", addr))?;\n    |                         ^^^^^^^^^^^^^^^^^^^^^^^^^^^^\n    |\n    = help: for further information visit https://rust-lang.github.io/rust-clippy/master/index.html#uninlined_format_args\nhelp: change this to\n    |\n265 -             f.write_fmt(format_args!(\"{:#x} \", addr))?;\n265 +             f.write_fmt(format_args!(\"{addr:#x} \"))?;\n    |\n\n",
              "warning: variables can be used directly in the `format!` string\n   --> fdt-parser/src/define.rs:269:25\n    |\n269 |             f.write_fmt(format_args!(\"{:#x} \", addr))?;\n    |                         ^^^^^^^^^^^^^^^^^^^^^^^^^^^^\n    |\n    = help: for further information visit https://rust-lang.github.io/rust-clippy/master/index.html#uninlined_format_args\nhelp: change this to\n    |\n269 -             f.write_fmt(format_args!(\"{:#x} \", addr))?;\n269 +             f.write_fmt(format_args!(\"{addr:#x} \"))?;\n    |\n\n"
            ]
          }
        },
        {
          "file": "fdt-parser/src/pci.rs",
          "features": "",
          "count": 3,
          "kinds": {
            "Clippy(Warn)": [
              "warning: lifetime flowing from input to output with different syntax can be confusing\n  --> fdt-parser/src/pci.rs:25:19\n   |\n25 |     pub fn ranges(&self) -> FdtResult<impl Iterator<Item = PciRange> + 'a> {\n   |                   ^^^^^     ---------------------------------------------- the lifetime gets resolved as `'_`\n   |                   |\n   |                   this lifetime flows to the output\n   |\n   = note: `#[warn(mismatched_lifetime_syntaxes)]` on by default\nhelp: one option is to remove the lifetime for references and use the anonymous lifetime for paths\n   |\n25 |     pub fn ranges(&self) -> FdtResult<'_, impl Iterator<Item = PciRange> + 'a> {\n   |                                       +++\n\n",
              "warning: lifetime flowing from input to output with different syntax can be confusing\n  --> fdt-parser/src/pci.rs:37:9\n   |\n37 |         &self,\n   |         ^^^^^ this lifetime flows to the output\n...\n42 |     ) -> FdtResult<PciChildIrq<'a>> {\n   |          -------------------------- the lifetime gets resolved as `'_`\n   |\nhelp: one option is to remove the lifetime for references and use the anonymous lifetime for paths\n   |\n42 |     ) -> FdtResult<'_, PciChildIrq<'a>> {\n   |                    +++\n\n",
              "warning: lifetime flowing from input to output with different syntax can be confusing\n   --> fdt-parser/src/pci.rs:101:27\n    |\n101 |     fn interrupt_map_mask(&self) -> FdtResult<[u32; 4]> {\n    |                           ^^^^^     ------------------- the lifetime gets resolved as `'_`\n    |                           |\n    |                           this lifetime flows to the output\n    |\nhelp: one option is to remove the lifetime for references and use the anonymous lifetime for paths\n    |\n101 |     fn interrupt_map_mask(&self) -> FdtResult<'_, [u32; 4]> {\n    |                                               +++\n\n"
            ]
          }
        }
      ]
    }
  ],
  "kinds_order": [
    "Cargo",
    "Clippy(Error)",
    "Clippy(Warn)",
    "Semver Violation",
    "Audit",
    "Mirai",
    "Rapx",
    "Rudra",
    "Lockbud(Probably)",
    "Lockbud(Possibly)",
    "Atomvchecker",
    "Outdated",
    "Geiger",
    "Unused Deps",
    "Unformatted"
  ]
}