{"data":[{"user":"arceos-hypervisor","repo":"axdevice","pkg":"axdevice","count":4,"raw_reports":[{"file":"(virtual) semver-checks","count":1,"kinds":{"Cargo":["// pkg_name=axdevice, checker=SemverChecks\n// toolchain=nightly-2024-05-02, target=x86_64-unknown-linux-gnu\n// pkg_dir=/home/runner/check/batch_1/arceos-hypervisor/axdevice\n// cmd=cargo +nightly-2024-12-25-x86_64-unknown-linux-gnu semver-checks --target x86_64-unknown-linux-gnu\n// timestamp=2024-12-26 23:25:44.912499441 +08:00:00    Building axdevice v0.1.0 (current)\nerror: running cargo-doc on crate 'axdevice' failed with output:\n-----\n   Compiling proc-macro2 v1.0.92\n   Compiling unicode-ident v1.0.14\n   Compiling libc v0.2.169\n   Compiling crunchy v0.2.2\n   Compiling tiny-keccak v2.0.2\n   Compiling cfg-if v1.0.0\n   Compiling serde v1.0.216\n   Compiling rustversion v1.0.18\n   Compiling once_cell v1.20.2\n   Compiling version_check v0.9.5\n   Compiling quote v1.0.38\n   Compiling syn v2.0.91\n   Compiling getrandom v0.2.15\n   Compiling ahash v0.8.11\n    Checking bit_field v0.10.2\n   Compiling const-random-macro v0.1.16\n    Checking bitflags v2.6.0\n    Checking volatile v0.4.6\n    Checking zerocopy v0.7.35\n    Checking const-random v0.1.18\n   Compiling axerrno v0.1.0\n    Checking bitflags v1.3.2\n    Checking memory_addr v0.3.1\n   Compiling x86 v0.52.0\n    Checking log v0.4.22\n    Checking x86_64 v0.15.1\n    Checking raw-cpuid v10.7.0\n    Checking equivalent v1.0.1\n    Checking allocator-api2 v0.2.21\nerror[E0053]: method `steps_between` has an incompatible type for trait\n   --> /home/runner/.cargo/registry/src/index.crates.io-1949cf8c6b5b557f/x86_64-0.15.1/src/addr.rs:362:51\n    |\n362 |     fn steps_between(start: &Self, end: &Self) -> Option<usize> {\n    |                                                   ^^^^^^^^^^^^^ expected `(usize, Option<usize>)`, found `Option<usize>`\n    |\n    = note: expected signature `fn(&addr::VirtAddr, &addr::VirtAddr) -> (usize, Option<usize>)`\n               found signature `fn(&addr::VirtAddr, &addr::VirtAddr) -> Option<usize>`\nhelp: change the output type to match the trait\n    |\n362 |     fn steps_between(start: &Self, end: &Self) -> (usize, Option<usize>) {\n    |                                                   ~~~~~~~~~~~~~~~~~~~~~~\n\nerror[E0053]: method `steps_between` has an incompatible type for trait\n   --> /home/runner/.cargo/registry/src/index.crates.io-1949cf8c6b5b557f/x86_64-0.15.1/src/structures/paging/page.rs:294:51\n    |\n294 |     fn steps_between(start: &Self, end: &Self) -> Option<usize> {\n    |                                                   ^^^^^^^^^^^^^ expected `(usize, Option<usize>)`, found `Option<usize>`\n    |\n    = note: expected signature `fn(&Page<_>, &Page<_>) -> (usize, Option<usize>)`\n               found signature `fn(&Page<_>, &Page<_>) -> Option<usize>`\nhelp: change the output type to match the trait\n    |\n294 |     fn steps_between(start: &Self, end: &Self) -> (usize, Option<usize>) {\n    |                                                   ~~~~~~~~~~~~~~~~~~~~~~\n\nerror[E0053]: method `steps_between` has an incompatible type for trait\n   --> /home/runner/.cargo/registry/src/index.crates.io-1949cf8c6b5b557f/x86_64-0.15.1/src/structures/paging/page_table.rs:349:51\n    |\n349 |     fn steps_between(start: &Self, end: &Self) -> Option<usize> {\n    |                                                   ^^^^^^^^^^^^^ expected `(usize, Option<usize>)`, found `Option<usize>`\n    |\n    = note: expected signature `fn(&PageTableIndex, &PageTableIndex) -> (usize, Option<usize>)`\n               found signature `fn(&PageTableIndex, &PageTableIndex) -> Option<usize>`\nhelp: change the output type to match the trait\n    |\n349 |     fn steps_between(start: &Self, end: &Self) -> (usize, Option<usize>) {\n    |                                                   ~~~~~~~~~~~~~~~~~~~~~~\n\n    Checking hashbrown v0.15.2\nFor more information about this error, try `rustc --explain E0053`.\nerror: could not compile `x86_64` (lib) due to 3 previous errors\nwarning: build failed, waiting for other jobs to finish...\n\n-----\n\nerror: failed to build rustdoc for crate axdevice v0.1.0\nnote: this is usually due to a compilation error in the crate,\n      and is unlikely to be a bug in cargo-semver-checks\nnote: the following command can be used to reproduce the compilation error:\n      cargo new --lib example &&\n          cd example &&\n          echo '[workspace]' >> Cargo.toml &&\n          cargo add --path /home/runner/check/batch_1/arceos-hypervisor/axdevice &&\n          cargo check\n\nerror: aborting due to failure to build rustdoc for crate axdevice v0.1.0\n"]}},{"file":"[lockbud] Not supported to display yet.","count":1,"kinds":{"Lockbud(Possibly)":["[2024-12-23T20:29:52Z WARN  lockbud::callbacks] [\n      {\n        \"AtomicityViolation\": {\n          \"bug_kind\": \"AtomicityViolation\",\n          \"possibility\": \"Possibly\",\n          \"diagnosis\": {\n            \"fn_name\": \"lazy::LazyUsize::unsync_init\",\n            \"atomic_reader\": \"/home/runner/.cargo/registry/src/index.crates.io-6f17d22bba15001f/getrandom-0.2.15/src/lazy.rs:36:23: 36:43 (#0)\",\n            \"atomic_writer\": \"/home/runner/.cargo/registry/src/index.crates.io-6f17d22bba15001f/getrandom-0.2.15/src/lazy.rs:39:13: 39:39 (#0)\",\n            \"dep_kind\": \"Both\"\n          },\n          \"explanation\": \"atomic::store is data/control dependent on atomic::load\"\n        }\n      }\n    ]\n[2024-12-23T20:29:52Z WARN  lockbud::callbacks] crate getrandom contains bugs: { probably: 0, possibly: 0 }, conflictlock: { probably: 0, possibly: 0 }, condvar_deadlock: { probably: 0, possibly: 0 }, atomicity_violation: { possibly: 1 }, invalid_free: { possibly: 0 }, use_after_free: { possibly: 0 }\n[2024-12-23T20:29:53Z WARN  lockbud::callbacks] [\n      {\n        \"AtomicityViolation\": {\n          \"bug_kind\": \"AtomicityViolation\",\n          \"possibility\": \"Possibly\",\n          \"diagnosis\": {\n            \"fn_name\": \"set_logger_racy\",\n            \"atomic_reader\": \"/home/runner/.cargo/registry/src/index.crates.io-6f17d22bba15001f/log-0.4.22/src/lib.rs:1447:11: 1447:40 (#0)\",\n            \"atomic_writer\": \"/home/runner/.cargo/registry/src/index.crates.io-6f17d22bba15001f/log-0.4.22/src/lib.rs:1450:13: 1450:56 (#0)\",\n            \"dep_kind\": \"Control\"\n          },\n          \"explanation\": \"atomic::store is data/control dependent on atomic::load\"\n        }\n      }\n    ]\n[2024-12-23T20:29:53Z WARN  lockbud::callbacks] crate log contains bugs: { probably: 0, possibly: 0 }, conflictlock: { probably: 0, possibly: 0 }, condvar_deadlock: { probably: 0, possibly: 0 }, atomicity_violation: { possibly: 1 }, invalid_free: { possibly: 0 }, use_after_free: { possibly: 0 }"]}},{"file":"[semver checks]","count":1,"kinds":{"Semver Violation":["pkg=axdevice, checker=SemverChecks\ntoolchain=nightly-2024-05-02, target=x86_64-unknown-linux-gnu\npkg_dir=/home/runner/check/batch_1/arceos-hypervisor/axdevice\ncmd=cargo +nightly-2024-12-25-x86_64-unknown-linux-gnu semver-checks --target x86_64-unknown-linux-gnu\n\n\nstdout:\n\nstderr:\n    Building axdevice v0.1.0 (current)\nerror: running cargo-doc on crate 'axdevice' failed with output:\n-----\n   Compiling proc-macro2 v1.0.92\n   Compiling unicode-ident v1.0.14\n   Compiling libc v0.2.169\n   Compiling crunchy v0.2.2\n   Compiling tiny-keccak v2.0.2\n   Compiling cfg-if v1.0.0\n   Compiling serde v1.0.216\n   Compiling rustversion v1.0.18\n   Compiling once_cell v1.20.2\n   Compiling version_check v0.9.5\n   Compiling quote v1.0.38\n   Compiling syn v2.0.91\n   Compiling getrandom v0.2.15\n   Compiling ahash v0.8.11\n    Checking bit_field v0.10.2\n   Compiling const-random-macro v0.1.16\n    Checking bitflags v2.6.0\n    Checking volatile v0.4.6\n    Checking zerocopy v0.7.35\n    Checking const-random v0.1.18\n   Compiling axerrno v0.1.0\n    Checking bitflags v1.3.2\n    Checking memory_addr v0.3.1\n   Compiling x86 v0.52.0\n    Checking log v0.4.22\n    Checking x86_64 v0.15.1\n    Checking raw-cpuid v10.7.0\n    Checking equivalent v1.0.1\n    Checking allocator-api2 v0.2.21\nerror[E0053]: method `steps_between` has an incompatible type for trait\n   --> /home/runner/.cargo/registry/src/index.crates.io-1949cf8c6b5b557f/x86_64-0.15.1/src/addr.rs:362:51\n    |\n362 |     fn steps_between(start: &Self, end: &Self) -> Option<usize> {\n    |                                                   ^^^^^^^^^^^^^ expected `(usize, Option<usize>)`, found `Option<usize>`\n    |\n    = note: expected signature `fn(&addr::VirtAddr, &addr::VirtAddr) -> (usize, Option<usize>)`\n               found signature `fn(&addr::VirtAddr, &addr::VirtAddr) -> Option<usize>`\nhelp: change the output type to match the trait\n    |\n362 |     fn steps_between(start: &Self, end: &Self) -> (usize, Option<usize>) {\n    |                                                   ~~~~~~~~~~~~~~~~~~~~~~\n\nerror[E0053]: method `steps_between` has an incompatible type for trait\n   --> /home/runner/.cargo/registry/src/index.crates.io-1949cf8c6b5b557f/x86_64-0.15.1/src/structures/paging/page.rs:294:51\n    |\n294 |     fn steps_between(start: &Self, end: &Self) -> Option<usize> {\n    |                                                   ^^^^^^^^^^^^^ expected `(usize, Option<usize>)`, found `Option<usize>`\n    |\n    = note: expected signature `fn(&Page<_>, &Page<_>) -> (usize, Option<usize>)`\n               found signature `fn(&Page<_>, &Page<_>) -> Option<usize>`\nhelp: change the output type to match the trait\n    |\n294 |     fn steps_between(start: &Self, end: &Self) -> (usize, Option<usize>) {\n    |                                                   ~~~~~~~~~~~~~~~~~~~~~~\n\nerror[E0053]: method `steps_between` has an incompatible type for trait\n   --> /home/runner/.cargo/registry/src/index.crates.io-1949cf8c6b5b557f/x86_64-0.15.1/src/structures/paging/page_table.rs:349:51\n    |\n349 |     fn steps_between(start: &Self, end: &Self) -> Option<usize> {\n    |                                                   ^^^^^^^^^^^^^ expected `(usize, Option<usize>)`, found `Option<usize>`\n    |\n    = note: expected signature `fn(&PageTableIndex, &PageTableIndex) -> (usize, Option<usize>)`\n               found signature `fn(&PageTableIndex, &PageTableIndex) -> Option<usize>`\nhelp: change the output type to match the trait\n    |\n349 |     fn steps_between(start: &Self, end: &Self) -> (usize, Option<usize>) {\n    |                                                   ~~~~~~~~~~~~~~~~~~~~~~\n\n    Checking hashbrown v0.15.2\nFor more information about this error, try `rustc --explain E0053`.\nerror: could not compile `x86_64` (lib) due to 3 previous errors\nwarning: build failed, waiting for other jobs to finish...\n\n-----\n\nerror: failed to build rustdoc for crate axdevice v0.1.0\nnote: this is usually due to a compilation error in the crate,\n      and is unlikely to be a bug in cargo-semver-checks\nnote: the following command can be used to reproduce the compilation error:\n      cargo new --lib example &&\n          cd example &&\n          echo '[workspace]' >> Cargo.toml &&\n          cargo add --path /home/runner/check/batch_1/arceos-hypervisor/axdevice &&\n          cargo check\n\nerror: aborting due to failure to build rustdoc for crate axdevice v0.1.0\n"]}},{"file":"src/device.rs","count":1,"kinds":{"Clippy(Warn)":["warning: writing `&Vec` instead of `&[_]` involves a new object where a slice will do\n  --> src/device.rs:31:45\n   |\n31 |     fn init(_this: &mut Self, _emu_configs: &Vec<EmulatedDeviceConfig>) {\n   |                                             ^^^^^^^^^^^^^^^^^^^^^^^^^^ help: change this to: `&[EmulatedDeviceConfig]`\n   |\n   = help: for further information visit https://rust-lang.github.io/rust-clippy/master/index.html#ptr_arg\n   = note: `#[warn(clippy::ptr_arg)]` on by default\n\n"]}}]},{"user":"arceos-org","repo":"page_table_multiarch","pkg":"page_table_entry","count":3,"raw_reports":[{"file":"(virtual) semver-checks","count":1,"kinds":{"Cargo":["// pkg_name=page_table_entry, checker=SemverChecks\n// toolchain=nightly-2024-12-25-x86_64-unknown-linux-gnu, target=x86_64-unknown-linux-gnu\n// pkg_dir=/home/runner/check/batch_1/arceos-org/page_table_multiarch/page_table_entry\n// cmd=cargo +nightly-2024-12-25-x86_64-unknown-linux-gnu semver-checks --target x86_64-unknown-linux-gnu\n// timestamp=2024-12-26 23:26:17.797245795 +08:00:00    Building page_table_entry v0.5.0 (current)\nerror: running cargo-doc on crate 'page_table_entry' failed with output:\n-----\n   Compiling rustversion v1.0.18\n    Checking bit_field v0.10.2\n    Checking volatile v0.4.6\n    Checking bitflags v2.6.0\n    Checking memory_addr v0.3.1\n    Checking x86_64 v0.15.2\n Documenting page_table_entry v0.5.0 (/home/runner/check/batch_1/arceos-org/page_table_multiarch/page_table_entry)\nerror[E0433]: failed to resolve: use of undeclared crate or module `aarch64_cpu`\n --> /home/runner/check/batch_1/arceos-org/page_table_multiarch/page_table_entry/src/arch/aarch64.rs:3:5\n  |\n3 | use aarch64_cpu::registers::MAIR_EL1;\n  |     ^^^^^^^^^^^ use of undeclared crate or module `aarch64_cpu`\n\nFor more information about this error, try `rustc --explain E0433`.\nerror: could not document `page_table_entry`\n\n-----\n\nerror: failed to build rustdoc for crate page_table_entry v0.5.0\nnote: this is usually due to a compilation error in the crate,\n      and is unlikely to be a bug in cargo-semver-checks\nnote: the following command can be used to reproduce the compilation error:\n      cargo new --lib example &&\n          cd example &&\n          echo '[workspace]' >> Cargo.toml &&\n          cargo add --path /home/runner/check/batch_1/arceos-org/page_table_multiarch/page_table_entry --features arm-el2 &&\n          cargo check\n\nerror: aborting due to failure to build rustdoc for crate page_table_entry v0.5.0\n"]}},{"file":"[outdated direct dependencies]","count":1,"kinds":{"Outdated":["pkg=page_table_entry, checker=Outdated\ntoolchain=nightly-2024-12-25-x86_64-unknown-linux-gnu, target=x86_64-unknown-linux-gnu\npkg_dir=/home/runner/check/batch_1/arceos-org/page_table_multiarch/page_table_entry\ncmd=cargo +nightly-2024-12-25-x86_64-unknown-linux-gnu outdated -R --exit-code=2\n\nName         Project  Compat  Latest  Kind    Platform\n----         -------  ------  ------  ----    --------\naarch64-cpu  9.4.0    ---     10.0.0  Normal  cfg(any(target_arch = \"aarch64\", doc))\n"]}},{"file":"[semver checks]","count":1,"kinds":{"Semver Violation":["pkg=page_table_entry, checker=SemverChecks\ntoolchain=nightly-2024-12-25-x86_64-unknown-linux-gnu, target=x86_64-unknown-linux-gnu\npkg_dir=/home/runner/check/batch_1/arceos-org/page_table_multiarch/page_table_entry\ncmd=cargo +nightly-2024-12-25-x86_64-unknown-linux-gnu semver-checks --target x86_64-unknown-linux-gnu\n\n\nstdout:\n\nstderr:\n    Building page_table_entry v0.5.0 (current)\nerror: running cargo-doc on crate 'page_table_entry' failed with output:\n-----\n   Compiling rustversion v1.0.18\n    Checking bit_field v0.10.2\n    Checking volatile v0.4.6\n    Checking bitflags v2.6.0\n    Checking memory_addr v0.3.1\n    Checking x86_64 v0.15.2\n Documenting page_table_entry v0.5.0 (/home/runner/check/batch_1/arceos-org/page_table_multiarch/page_table_entry)\nerror[E0433]: failed to resolve: use of undeclared crate or module `aarch64_cpu`\n --> /home/runner/check/batch_1/arceos-org/page_table_multiarch/page_table_entry/src/arch/aarch64.rs:3:5\n  |\n3 | use aarch64_cpu::registers::MAIR_EL1;\n  |     ^^^^^^^^^^^ use of undeclared crate or module `aarch64_cpu`\n\nFor more information about this error, try `rustc --explain E0433`.\nerror: could not document `page_table_entry`\n\n-----\n\nerror: failed to build rustdoc for crate page_table_entry v0.5.0\nnote: this is usually due to a compilation error in the crate,\n      and is unlikely to be a bug in cargo-semver-checks\nnote: the following command can be used to reproduce the compilation error:\n      cargo new --lib example &&\n          cd example &&\n          echo '[workspace]' >> Cargo.toml &&\n          cargo add --path /home/runner/check/batch_1/arceos-org/page_table_multiarch/page_table_entry --features arm-el2 &&\n          cargo check\n\nerror: aborting due to failure to build rustdoc for crate page_table_entry v0.5.0\n"]}}]},{"user":"arceos-org","repo":"page_table_multiarch","pkg":"page_table_multiarch","count":3,"raw_reports":[{"file":"(virtual) semver-checks","count":1,"kinds":{"Cargo":["// pkg_name=page_table_multiarch, checker=SemverChecks\n// toolchain=nightly-2024-12-25-x86_64-unknown-linux-gnu, target=x86_64-unknown-linux-gnu\n// pkg_dir=/home/runner/check/batch_1/arceos-org/page_table_multiarch/page_table_multiarch\n// cmd=cargo +nightly-2024-12-25-x86_64-unknown-linux-gnu semver-checks --target x86_64-unknown-linux-gnu\n// timestamp=2024-12-26 23:26:20.050076605 +08:00:00    Building page_table_multiarch v0.5.0 (current)\nerror: running cargo-doc on crate 'page_table_multiarch' failed with output:\n-----\n   Compiling rustversion v1.0.18\n    Checking bit_field v0.10.2\n    Checking bitflags v1.3.2\n    Checking bitflags v2.6.0\n   Compiling x86 v0.52.0\n    Checking volatile v0.4.6\n    Checking raw-cpuid v10.7.0\n    Checking memory_addr v0.3.1\n    Checking log v0.4.22\n    Checking x86_64 v0.15.2\n    Checking page_table_entry v0.5.0 (/home/runner/check/batch_1/arceos-org/page_table_multiarch/page_table_entry)\n Documenting page_table_multiarch v0.5.0 (/home/runner/check/batch_1/arceos-org/page_table_multiarch/page_table_multiarch)\nerror[E0432]: unresolved import `page_table_entry::riscv`\n --> /home/runner/check/batch_1/arceos-org/page_table_multiarch/page_table_multiarch/src/arch/riscv.rs:4:23\n  |\n4 | use page_table_entry::riscv::Rv64PTE;\n  |                       ^^^^^ could not find `riscv` in `page_table_entry`\n\nerror[E0432]: unresolved import `page_table_entry::aarch64`\n --> /home/runner/check/batch_1/arceos-org/page_table_multiarch/page_table_multiarch/src/arch/aarch64.rs:4:23\n  |\n4 | use page_table_entry::aarch64::A64PTE;\n  |                       ^^^^^^^ could not find `aarch64` in `page_table_entry`\n\nFor more information about this error, try `rustc --explain E0432`.\nerror: could not document `page_table_multiarch`\n\n-----\n\nerror: failed to build rustdoc for crate page_table_multiarch v0.5.0\nnote: this is usually due to a compilation error in the crate,\n      and is unlikely to be a bug in cargo-semver-checks\nnote: the following command can be used to reproduce the compilation error:\n      cargo new --lib example &&\n          cd example &&\n          echo '[workspace]' >> Cargo.toml &&\n          cargo add --path /home/runner/check/batch_1/arceos-org/page_table_multiarch/page_table_multiarch &&\n          cargo check\n\nerror: aborting due to failure to build rustdoc for crate page_table_multiarch v0.5.0\n"]}},{"file":"[outdated direct dependencies]","count":1,"kinds":{"Outdated":["pkg=page_table_multiarch, checker=Outdated\ntoolchain=nightly-2024-12-25-x86_64-unknown-linux-gnu, target=x86_64-unknown-linux-gnu\npkg_dir=/home/runner/check/batch_1/arceos-org/page_table_multiarch/page_table_multiarch\ncmd=cargo +nightly-2024-12-25-x86_64-unknown-linux-gnu outdated -R --exit-code=2\n\nName   Project  Compat  Latest  Kind    Platform\n----   -------  ------  ------  ----    --------\nriscv  0.11.1   ---     0.12.1  Normal  cfg(any(target_arch = \"riscv32\", target_arch = \"riscv64\", doc))\n"]}},{"file":"[semver checks]","count":1,"kinds":{"Semver Violation":["pkg=page_table_multiarch, checker=SemverChecks\ntoolchain=nightly-2024-12-25-x86_64-unknown-linux-gnu, target=x86_64-unknown-linux-gnu\npkg_dir=/home/runner/check/batch_1/arceos-org/page_table_multiarch/page_table_multiarch\ncmd=cargo +nightly-2024-12-25-x86_64-unknown-linux-gnu semver-checks --target x86_64-unknown-linux-gnu\n\n\nstdout:\n\nstderr:\n    Building page_table_multiarch v0.5.0 (current)\nerror: running cargo-doc on crate 'page_table_multiarch' failed with output:\n-----\n   Compiling rustversion v1.0.18\n    Checking bit_field v0.10.2\n    Checking bitflags v1.3.2\n    Checking bitflags v2.6.0\n   Compiling x86 v0.52.0\n    Checking volatile v0.4.6\n    Checking raw-cpuid v10.7.0\n    Checking memory_addr v0.3.1\n    Checking log v0.4.22\n    Checking x86_64 v0.15.2\n    Checking page_table_entry v0.5.0 (/home/runner/check/batch_1/arceos-org/page_table_multiarch/page_table_entry)\n Documenting page_table_multiarch v0.5.0 (/home/runner/check/batch_1/arceos-org/page_table_multiarch/page_table_multiarch)\nerror[E0432]: unresolved import `page_table_entry::riscv`\n --> /home/runner/check/batch_1/arceos-org/page_table_multiarch/page_table_multiarch/src/arch/riscv.rs:4:23\n  |\n4 | use page_table_entry::riscv::Rv64PTE;\n  |                       ^^^^^ could not find `riscv` in `page_table_entry`\n\nerror[E0432]: unresolved import `page_table_entry::aarch64`\n --> /home/runner/check/batch_1/arceos-org/page_table_multiarch/page_table_multiarch/src/arch/aarch64.rs:4:23\n  |\n4 | use page_table_entry::aarch64::A64PTE;\n  |                       ^^^^^^^ could not find `aarch64` in `page_table_entry`\n\nFor more information about this error, try `rustc --explain E0432`.\nerror: could not document `page_table_multiarch`\n\n-----\n\nerror: failed to build rustdoc for crate page_table_multiarch v0.5.0\nnote: this is usually due to a compilation error in the crate,\n      and is unlikely to be a bug in cargo-semver-checks\nnote: the following command can be used to reproduce the compilation error:\n      cargo new --lib example &&\n          cd example &&\n          echo '[workspace]' >> Cargo.toml &&\n          cargo add --path /home/runner/check/batch_1/arceos-org/page_table_multiarch/page_table_multiarch &&\n          cargo check\n\nerror: aborting due to failure to build rustdoc for crate page_table_multiarch v0.5.0\n"]}}]},{"user":"ZR233","repo":"arm-gic-driver","pkg":"arm-gic-driver","count":2,"raw_reports":[{"file":"(virtual) lockbud","count":1,"kinds":{"Cargo":["// pkg_name=arm-gic-driver, checker=Lockbud\n// toolchain=nightly-2024-12-25-x86_64-unknown-linux-gnu, target=x86_64-unknown-linux-gnu\n// pkg_dir=/home/runner/check/batch_1/ZR233/arm-gic-driver\n// cmd=cargo +nightly-2024-10-05 lockbud -k all -- --target x86_64-unknown-linux-gnu\n// timestamp=2024-12-26 23:25:03.690263803 +08:00:00[2024-12-26T15:24:59Z WARN  lockbud::callbacks] [\n      {\n        \"UseAfterFree\": {\n          \"bug_kind\": \"UseAfterFree\",\n          \"possibility\": \"Possibly\",\n          \"diagnosis\": \"Raw ptr is used at /home/runner/.cargo/registry/src/index.crates.io-6f17d22bba15001f/once_cell-1.20.2/src/imp_std.rs:218:18: 218:55 (#0) after dropped at /home/runner/.cargo/registry/src/index.crates.io-6f17d22bba15001f/once_cell-1.20.2/src/imp_std.rs:238:5: 238:6 (#0)\",\n          \"explanation\": \"Raw ptr is used or escapes the current function after the pointed value is dropped\"\n        }\n      },\n      {\n        \"UseAfterFree\": {\n          \"bug_kind\": \"UseAfterFree\",\n          \"possibility\": \"Possibly\",\n          \"diagnosis\": \"Raw ptr is used at /home/runner/.cargo/registry/src/index.crates.io-6f17d22bba15001f/once_cell-1.20.2/src/imp_std.rs:222:13: 222:53 (#0) after dropped at /home/runner/.cargo/registry/src/index.crates.io-6f17d22bba15001f/once_cell-1.20.2/src/imp_std.rs:238:5: 238:6 (#0)\",\n          \"explanation\": \"Raw ptr is used or escapes the current function after the pointed value is dropped\"\n        }\n      }\n    ]\n[2024-12-26T15:24:59Z WARN  lockbud::callbacks] crate once_cell contains bugs: { probably: 0, possibly: 0 }, conflictlock: { probably: 0, possibly: 0 }, condvar_deadlock: { probably: 0, possibly: 0 }, atomicity_violation: { possibly: 0 }, invalid_free: { possibly: 0 }, use_after_free: { possibly: 2 }\n   Compiling tock-registers v0.9.0\n   Compiling log v0.4.22\n   Compiling bitflags v2.6.0\n   Compiling aarch64-cpu v10.0.0\n[2024-12-26T15:25:03Z WARN  lockbud::callbacks] [\n      {\n        \"AtomicityViolation\": {\n          \"bug_kind\": \"AtomicityViolation\",\n          \"possibility\": \"Possibly\",\n          \"diagnosis\": {\n            \"fn_name\": \"set_logger_racy\",\n            \"atomic_reader\": \"/home/runner/.cargo/registry/src/index.crates.io-6f17d22bba15001f/log-0.4.22/src/lib.rs:1447:11: 1447:40 (#0)\",\n            \"atomic_writer\": \"/home/runner/.cargo/registry/src/index.crates.io-6f17d22bba15001f/log-0.4.22/src/lib.rs:1450:13: 1450:56 (#0)\",\n            \"dep_kind\": \"Control\"\n          },\n          \"explanation\": \"atomic::store is data/control dependent on atomic::load\"\n        }\n      }\n    ]\n[2024-12-26T15:25:03Z WARN  lockbud::callbacks] crate log contains bugs: { probably: 0, possibly: 0 }, conflictlock: { probably: 0, possibly: 0 }, condvar_deadlock: { probably: 0, possibly: 0 }, atomicity_violation: { possibly: 1 }, invalid_free: { possibly: 0 }, use_after_free: { possibly: 0 }\n   Compiling arm-gic-driver v0.3.1 (/home/runner/check/batch_1/ZR233/arm-gic-driver)\nerror: unknown token in expression\n   --> src/version/v3.rs:368:5\n    |\n368 |     MOV   w0, #1\n    |     ^\n    |\nnote: instantiated into assembly here\n   --> <inline asm>:3:15\n    |\n3   |     MOV   w0, #1\n    |               ^\n\nerror: invalid instruction mnemonic 'msr'\n   --> src/version/v3.rs:369:5\n    |\n369 |     MSR   ICC_IGRPEN1_EL1, x0\n    |     ^\n    |\nnote: instantiated into assembly here\n   --> <inline asm>:4:5\n    |\n4   |     MSR   ICC_IGRPEN1_EL1, x0\n    |     ^^^\n\nerror: invalid instruction mnemonic 'isb'\n   --> src/version/v3.rs:370:5\n    |\n370 |     ISB\"\n    |     ^\n    |\nnote: instantiated into assembly here\n   --> <inline asm>:5:5\n    |\n5   |     ISB\n    |     ^^^\n\nerror: invalid instruction mnemonic 'mrs'\n   --> src/version/v3.rs:350:30\n    |\n350 |             core::arch::asm!(concat!(\"mrs {}, \", $name), out(reg) x);\n    |                              ^\n    |\nnote: instantiated into assembly here\n   --> <inline asm>:2:2\n    |\n2   |     mrs rax, icc_iar1_el1\n    |     ^^^\n\nerror: invalid instruction mnemonic 'msr'\n   --> src/version/v3.rs:360:30\n    |\n360 |             core::arch::asm!(concat!(\"msr \", $name, \", {0:x}\"), in(reg) x);\n    |                              ^\n    |\nnote: instantiated into assembly here\n   --> <inline asm>:2:2\n    |\n2   |     msr icc_eoir1_el1, ax\n    |     ^^^\n\nerror: invalid instruction mnemonic 'mrs'\n   --> src/version/v3.rs:350:30\n    |\n350 |             core::arch::asm!(concat!(\"mrs {}, \", $name), out(reg) x);\n    |                              ^\n    |\nnote: instantiated into assembly here\n   --> <inline asm>:2:2\n    |\n2   |     mrs rax, ICC_SRE_EL1\n    |     ^^^\n\nerror: invalid instruction mnemonic 'msr'\n   --> src/version/v3.rs:360:30\n    |\n360 |             core::arch::asm!(concat!(\"msr \", $name, \", {0:x}\"), in(reg) x);\n    |                              ^\n    |\nnote: instantiated into assembly here\n   --> <inline asm>:2:2\n    |\n2   |     msr ICC_SRE_EL1, ax\n    |     ^^^\n\nerror: invalid instruction mnemonic 'msr'\n   --> src/version/v3.rs:360:30\n    |\n360 |             core::arch::asm!(concat!(\"msr \", $name, \", {0:x}\"), in(reg) x);\n    |                              ^\n    |\nnote: instantiated into assembly here\n   --> <inline asm>:2:2\n    |\n2   |     msr ICC_PMR_EL1, ax\n    |     ^^^\n\nerror: invalid instruction mnemonic 'msr'\n   --> src/version/v3.rs:360:30\n    |\n360 |             core::arch::asm!(concat!(\"msr \", $name, \", {0:x}\"), in(reg) x);\n    |                              ^\n    |\nnote: instantiated into assembly here\n   --> <inline asm>:2:2\n    |\n2   |     msr ICC_CTLR_EL1, ax\n    |     ^^^\n\nerror: could not compile `arm-gic-driver` (lib) due to 9 previous errors\n"]}},{"file":"[lockbud] Not supported to display yet.","count":1,"kinds":{"Lockbud(Possibly)":["[2024-12-26T15:24:59Z WARN  lockbud::callbacks] [\n      {\n        \"UseAfterFree\": {\n          \"bug_kind\": \"UseAfterFree\",\n          \"possibility\": \"Possibly\",\n          \"diagnosis\": \"Raw ptr is used at /home/runner/.cargo/registry/src/index.crates.io-6f17d22bba15001f/once_cell-1.20.2/src/imp_std.rs:218:18: 218:55 (#0) after dropped at /home/runner/.cargo/registry/src/index.crates.io-6f17d22bba15001f/once_cell-1.20.2/src/imp_std.rs:238:5: 238:6 (#0)\",\n          \"explanation\": \"Raw ptr is used or escapes the current function after the pointed value is dropped\"\n        }\n      },\n      {\n        \"UseAfterFree\": {\n          \"bug_kind\": \"UseAfterFree\",\n          \"possibility\": \"Possibly\",\n          \"diagnosis\": \"Raw ptr is used at /home/runner/.cargo/registry/src/index.crates.io-6f17d22bba15001f/once_cell-1.20.2/src/imp_std.rs:222:13: 222:53 (#0) after dropped at /home/runner/.cargo/registry/src/index.crates.io-6f17d22bba15001f/once_cell-1.20.2/src/imp_std.rs:238:5: 238:6 (#0)\",\n          \"explanation\": \"Raw ptr is used or escapes the current function after the pointed value is dropped\"\n        }\n      }\n    ]\n[2024-12-26T15:24:59Z WARN  lockbud::callbacks] crate once_cell contains bugs: { probably: 0, possibly: 0 }, conflictlock: { probably: 0, possibly: 0 }, condvar_deadlock: { probably: 0, possibly: 0 }, atomicity_violation: { possibly: 0 }, invalid_free: { possibly: 0 }, use_after_free: { possibly: 2 }\n[2024-12-26T15:25:03Z WARN  lockbud::callbacks] [\n      {\n        \"AtomicityViolation\": {\n          \"bug_kind\": \"AtomicityViolation\",\n          \"possibility\": \"Possibly\",\n          \"diagnosis\": {\n            \"fn_name\": \"set_logger_racy\",\n            \"atomic_reader\": \"/home/runner/.cargo/registry/src/index.crates.io-6f17d22bba15001f/log-0.4.22/src/lib.rs:1447:11: 1447:40 (#0)\",\n            \"atomic_writer\": \"/home/runner/.cargo/registry/src/index.crates.io-6f17d22bba15001f/log-0.4.22/src/lib.rs:1450:13: 1450:56 (#0)\",\n            \"dep_kind\": \"Control\"\n          },\n          \"explanation\": \"atomic::store is data/control dependent on atomic::load\"\n        }\n      }\n    ]\n[2024-12-26T15:25:03Z WARN  lockbud::callbacks] crate log contains bugs: { probably: 0, possibly: 0 }, conflictlock: { probably: 0, possibly: 0 }, condvar_deadlock: { probably: 0, possibly: 0 }, atomicity_violation: { possibly: 1 }, invalid_free: { possibly: 0 }, use_after_free: { possibly: 0 }"]}}]}],"kinds_order":["Cargo","Clippy(Error)","Clippy(Warn)","Semver Violation","Audit","Mirai","Rap","Rudra","Lockbud(Probably)","Lockbud(Possibly)","Outdated","Geiger","Unformatted"]}