{"data":[{"user":"qclic","repo":"fdt-parser","pkg":"dtb-tool","count":21,"raw_reports":[{"file":"/home/runner/.cargo/registry/src/index.crates.io-1949cf8c6b5b557f/anstyle-query-1.1.2/src/lib.rs","count":12,"kinds":{"Clippy(Error)":["error[E0463]: can't find crate for `std`\n  |\n  = note: the `x86_64-unknown-none` target may not support the standard library\n  = note: `std` is required by `anstyle_query` because it does not declare `#![no_std]`\n  = help: consider building the standard library from source with `cargo build -Zbuild-std`\n\n","error[E0463]: can't find crate for `std`\n  --> /home/runner/.cargo/registry/src/index.crates.io-1949cf8c6b5b557f/anstyle-query-1.1.2/src/lib.rs:24:17\n   |\n24 |     let value = std::env::var_os(\"CLICOLOR\")?;\n   |                 ^^^ can't find crate\n   |\n   = note: the `x86_64-unknown-none` target may not support the standard library\n   = help: consider building the standard library from source with `cargo build -Zbuild-std`\n\n","error[E0463]: can't find crate for `std`\n  --> /home/runner/.cargo/registry/src/index.crates.io-1949cf8c6b5b557f/anstyle-query-1.1.2/src/lib.rs:35:15\n   |\n35 |     non_empty(std::env::var_os(\"CLICOLOR_FORCE\").as_deref())\n   |               ^^^ can't find crate\n   |\n   = note: the `x86_64-unknown-none` target may not support the standard library\n   = help: consider building the standard library from source with `cargo build -Zbuild-std`\n\n","error[E0463]: can't find crate for `std`\n  --> /home/runner/.cargo/registry/src/index.crates.io-1949cf8c6b5b557f/anstyle-query-1.1.2/src/lib.rs:50:15\n   |\n50 |     non_empty(std::env::var_os(\"NO_COLOR\").as_deref())\n   |               ^^^ can't find crate\n   |\n   = note: the `x86_64-unknown-none` target may not support the standard library\n   = help: consider building the standard library from source with `cargo build -Zbuild-std`\n\n","error[E0463]: can't find crate for `std`\n  --> /home/runner/.cargo/registry/src/index.crates.io-1949cf8c6b5b557f/anstyle-query-1.1.2/src/lib.rs:58:15\n   |\n58 |         match std::env::var_os(\"TERM\") {\n   |               ^^^ can't find crate\n   |\n   = note: the `x86_64-unknown-none` target may not support the standard library\n   = help: consider building the standard library from source with `cargo build -Zbuild-std`\n\n","error[E0463]: can't find crate for `std`\n   --> /home/runner/.cargo/registry/src/index.crates.io-1949cf8c6b5b557f/anstyle-query-1.1.2/src/lib.rs:116:17\n    |\n116 |     let value = std::env::var_os(\"COLORTERM\");\n    |                 ^^^ can't find crate\n    |\n    = note: the `x86_64-unknown-none` target may not support the standard library\n    = help: consider building the standard library from source with `cargo build -Zbuild-std`\n\n","error[E0463]: can't find crate for `std`\n   --> /home/runner/.cargo/registry/src/index.crates.io-1949cf8c6b5b557f/anstyle-query-1.1.2/src/lib.rs:134:5\n    |\n134 |     std::env::var_os(\"CI\").is_some()\n    |     ^^^ can't find crate\n    |\n    = note: the `x86_64-unknown-none` target may not support the standard library\n    = help: consider building the standard library from source with `cargo build -Zbuild-std`\n\n","error[E0463]: can't find crate for `std`\n   --> /home/runner/.cargo/registry/src/index.crates.io-1949cf8c6b5b557f/anstyle-query-1.1.2/src/lib.rs:137:27\n    |\n137 | fn non_empty(var: Option<&std::ffi::OsStr>) -> bool {\n    |                           ^^^ can't find crate\n    |\n    = note: the `x86_64-unknown-none` target may not support the standard library\n    = help: consider building the standard library from source with `cargo build -Zbuild-std`\n\n","error[E0412]: cannot find type `Option` in this scope\n  --> /home/runner/.cargo/registry/src/index.crates.io-1949cf8c6b5b557f/anstyle-query-1.1.2/src/lib.rs:23:22\n   |\n23 | pub fn clicolor() -> Option<bool> {\n   |                      ^^^^^^ not found in this scope\n   |\nhelp: consider importing this enum\n   |\n8  + use core::option::Option;\n   |\n\n","error[E0425]: cannot find function, tuple struct or tuple variant `Some` in this scope\n  --> /home/runner/.cargo/registry/src/index.crates.io-1949cf8c6b5b557f/anstyle-query-1.1.2/src/lib.rs:25:5\n   |\n25 |     Some(value != \"0\")\n   |     ^^^^ not found in this scope\n   |\nhelp: consider importing this tuple variant\n   |\n8  + use core::option::Option::Some;\n   |\n\n","error[E0531]: cannot find tuple struct or tuple variant `Some` in this scope\n  --> /home/runner/.cargo/registry/src/index.crates.io-1949cf8c6b5b557f/anstyle-query-1.1.2/src/lib.rs:62:13\n   |\n62 |             Some(k) => {\n   |             ^^^^ not found in this scope\n   |\nhelp: consider importing this tuple variant\n   |\n8  + use core::option::Option::Some;\n   |\n\n","error[E0412]: cannot find type `Option` in this scope\n   --> /home/runner/.cargo/registry/src/index.crates.io-1949cf8c6b5b557f/anstyle-query-1.1.2/src/lib.rs:137:19\n    |\n137 | fn non_empty(var: Option<&std::ffi::OsStr>) -> bool {\n    |                   ^^^^^^ not found in this scope\n    |\nhelp: consider importing this enum\n    |\n8   + use core::option::Option;\n    |\n\n"]}},{"file":"/home/runner/.cargo/registry/src/index.crates.io-1949cf8c6b5b557f/anstyle-query-1.1.2/src/windows.rs","count":3,"kinds":{"Clippy(Error)":["error[E0412]: cannot find type `Option` in this scope\n  --> /home/runner/.cargo/registry/src/index.crates.io-1949cf8c6b5b557f/anstyle-query-1.1.2/src/windows.rs:63:43\n   |\n63 |     pub(crate) fn enable_ansi_colors() -> Option<bool> {\n   |                                           ^^^^^^ not found in this scope\n   |\nhelp: consider importing this enum\n   |\n62 +     use core::option::Option;\n   |\n\n","error[E0425]: cannot find value `None` in this scope\n  --> /home/runner/.cargo/registry/src/index.crates.io-1949cf8c6b5b557f/anstyle-query-1.1.2/src/windows.rs:64:9\n   |\n64 |         None\n   |         ^^^^ not found in this scope\n   |\nhelp: consider importing this unit variant\n   |\n62 +     use core::option::Option::None;\n   |\n\n","error[E0412]: cannot find type `Option` in this scope\n  --> /home/runner/.cargo/registry/src/index.crates.io-1949cf8c6b5b557f/anstyle-query-1.1.2/src/windows.rs:71:32\n   |\n71 | pub fn enable_ansi_colors() -> Option<bool> {\n   |                                ^^^^^^ not found in this scope\n   |\nhelp: consider importing this enum\n   |\n3  + use core::option::Option;\n   |\n\n"]}},{"file":"/home/runner/.cargo/registry/src/index.crates.io-1949cf8c6b5b557f/memchr-2.7.4/src/lib.rs","count":1,"kinds":{"Clippy(Error)":["error[E0463]: can't find crate for `std`\n   --> /home/runner/.cargo/registry/src/index.crates.io-1949cf8c6b5b557f/memchr-2.7.4/src/lib.rs:198:1\n    |\n198 | extern crate std;\n    | ^^^^^^^^^^^^^^^^^ can't find crate\n    |\n    = note: the `x86_64-unknown-none` target may not support the standard library\n    = help: consider building the standard library from source with `cargo build -Zbuild-std`\n\n"]}},{"file":"/home/runner/.cargo/registry/src/index.crates.io-1949cf8c6b5b557f/regex-syntax-0.8.5/src/lib.rs","count":1,"kinds":{"Clippy(Error)":["error[E0463]: can't find crate for `std`\n   --> /home/runner/.cargo/registry/src/index.crates.io-1949cf8c6b5b557f/regex-syntax-0.8.5/src/lib.rs:174:1\n    |\n174 | extern crate std;\n    | ^^^^^^^^^^^^^^^^^ can't find crate\n    |\n    = note: the `x86_64-unknown-none` target may not support the standard library\n    = help: consider building the standard library from source with `cargo build -Zbuild-std`\n\n"]}},{"file":"(virtual) clippy","count":1,"kinds":{"Cargo":["// pkg_name=dtb-tool, checker=Clippy\n// toolchain=nightly-2024-12-25-x86_64-unknown-linux-gnu, target=x86_64-unknown-none\n// pkg_dir=/home/runner/check/batch_1/qclic/fdt-parser/dtb-tool\n// cmd=cargo clippy --target x86_64-unknown-none --no-deps --message-format=json\n// timestamp=2024-12-27 20:34:15.1995475 +08:00:00\n    Checking memchr v2.7.4\n    Checking utf8parse v0.2.2\n    Checking regex-syntax v0.8.5\n    Checking anstyle-query v1.1.2\n    Checking anstyle-parse v0.2.6\nerror: could not compile `anstyle-query` (lib) due to 16 previous errors\nwarning: build failed, waiting for other jobs to finish...\nerror: could not compile `regex-syntax` (lib) due to 1 previous error\nerror: could not compile `memchr` (lib) due to 1 previous error\n"]}},{"file":"(virtual) lockbud","count":1,"kinds":{"Cargo":["// pkg_name=dtb-tool, checker=Lockbud\n// toolchain=nightly-2024-12-25-x86_64-unknown-linux-gnu, target=x86_64-unknown-none\n// pkg_dir=/home/runner/check/batch_1/qclic/fdt-parser/dtb-tool\n// cmd=cargo +nightly-2024-10-05 lockbud -k all -- --target x86_64-unknown-none\n// timestamp=2024-12-27 20:34:29.098202879 +08:00:00\n   Compiling utf8parse v0.2.2\n   Compiling memchr v2.7.4\n   Compiling colorchoice v1.0.3\n   Compiling is_terminal_polyfill v1.70.1\nerror[E0463]: can't find crate for `std`\n  |\n  = note: the `x86_64-unknown-none` target may not support the standard library\n  = note: `std` is required by `is_terminal_polyfill` because it does not declare `#![no_std]`\n  = help: consider building the standard library from source with `cargo build -Zbuild-std`\n\nerror[E0463]: can't find crate for `std`\n  --> /home/runner/.cargo/registry/src/index.crates.io-6f17d22bba15001f/is_terminal_polyfill-1.70.1/src/lib.rs:44:5\n   |\n44 |     std::fs::File,\n   |     ^^^ can't find crate\n   |\n   = note: the `x86_64-unknown-none` target may not support the standard library\n   = help: consider building the standard library from source with `cargo build -Zbuild-std`\n\nerror[E0463]: can't find crate for `std`\n  --> /home/runner/.cargo/registry/src/index.crates.io-6f17d22bba15001f/is_terminal_polyfill-1.70.1/src/lib.rs:37:17\n   |\n37 |                 std::io::IsTerminal::is_terminal(self)\n   |                 ^^^ can't find crate\n   |\n   = note: the `x86_64-unknown-none` target may not support the standard library\n   = help: consider building the standard library from source with `cargo build -Zbuild-std`\n\nerror[E0463]: can't find crate for `std`\n  --> /home/runner/.cargo/registry/src/index.crates.io-6f17d22bba15001f/is_terminal_polyfill-1.70.1/src/lib.rs:45:5\n   |\n45 |     std::io::Stdin,\n   |     ^^^ can't find crate\n   |\n   = note: the `x86_64-unknown-none` target may not support the standard library\n   = help: consider building the standard library from source with `cargo build -Zbuild-std`\n\nerror[E0463]: can't find crate for `std`\n  --> /home/runner/.cargo/registry/src/index.crates.io-6f17d22bba15001f/is_terminal_polyfill-1.70.1/src/lib.rs:46:5\n   |\n46 |     std::io::StdinLock<'_>,\n   |     ^^^ can't find crate\n   |\n   = note: the `x86_64-unknown-none` target may not support the standard library\n   = help: consider building the standard library from source with `cargo build -Zbuild-std`\n\nerror[E0463]: can't find crate for `std`\n  --> /home/runner/.cargo/registry/src/index.crates.io-6f17d22bba15001f/is_terminal_polyfill-1.70.1/src/lib.rs:47:5\n   |\n47 |     std::io::Stdout,\n   |     ^^^ can't find crate\n   |\n   = note: the `x86_64-unknown-none` target may not support the standard library\n   = help: consider building the standard library from source with `cargo build -Zbuild-std`\n\nerror[E0463]: can't find crate for `std`\n  --> /home/runner/.cargo/registry/src/index.crates.io-6f17d22bba15001f/is_terminal_polyfill-1.70.1/src/lib.rs:48:5\n   |\n48 |     std::io::StdoutLock<'_>,\n   |     ^^^ can't find crate\n   |\n   = note: the `x86_64-unknown-none` target may not support the standard library\n   = help: consider building the standard library from source with `cargo build -Zbuild-std`\n\nerror[E0463]: can't find crate for `std`\n  --> /home/runner/.cargo/registry/src/index.crates.io-6f17d22bba15001f/is_terminal_polyfill-1.70.1/src/lib.rs:49:5\n   |\n49 |     std::io::Stderr,\n   |     ^^^ can't find crate\n   |\n   = note: the `x86_64-unknown-none` target may not support the standard library\n   = help: consider building the standard library from source with `cargo build -Zbuild-std`\n\nerror[E0463]: can't find crate for `std`\n  --> /home/runner/.cargo/registry/src/index.crates.io-6f17d22bba15001f/is_terminal_polyfill-1.70.1/src/lib.rs:50:5\n   |\n50 |     std::io::StderrLock<'_>\n   |     ^^^ can't find crate\n   |\n   = note: the `x86_64-unknown-none` target may not support the standard library\n   = help: consider building the standard library from source with `cargo build -Zbuild-std`\n\nerror: requires `sized` lang_item\n\nFor more information about this error, try `rustc --explain E0463`.\nerror: could not compile `is_terminal_polyfill` (lib) due to 10 previous errors\nwarning: build failed, waiting for other jobs to finish...\nerror[E0463]: can't find crate for `std`\n   --> /home/runner/.cargo/registry/src/index.crates.io-6f17d22bba15001f/memchr-2.7.4/src/lib.rs:198:1\n    |\n198 | extern crate std;\n    | ^^^^^^^^^^^^^^^^^ can't find crate\n    |\n    = note: the `x86_64-unknown-none` target may not support the standard library\n    = help: consider building the standard library from source with `cargo build -Zbuild-std`\n\nerror: could not compile `memchr` (lib) due to 1 previous error\n"]}},{"file":"(virtual) rap","count":1,"kinds":{"Cargo":["// pkg_name=dtb-tool, checker=Rap\n// toolchain=nightly-2024-12-25-x86_64-unknown-linux-gnu, target=x86_64-unknown-none\n// pkg_dir=/home/runner/check/batch_1/qclic/fdt-parser/dtb-tool\n// cmd=cargo +nightly-2024-10-12 rap -F -M -- --target x86_64-unknown-none\n// timestamp=2024-12-27 20:34:37.353505832 +08:00:00\n   Compiling proc-macro2 v1.0.92\n    Checking memchr v2.7.4\n    Checking utf8parse v0.2.2\n   Compiling unicode-ident v1.0.14\nerror[E0463]: can't find crate for `core`\n  |\n  = note: the `x86_64-unknown-none` target may not be installed\n  = help: consider downloading the target with `rustup target add x86_64-unknown-none`\n  = help: consider building the standard library from source with `cargo build -Zbuild-std`\n\nFor more information about this error, try `rustc --explain E0463`.\nerror: could not compile `utf8parse` (lib) due to 1 previous error\nwarning: build failed, waiting for other jobs to finish...\nerror: could not compile `memchr` (lib) due to 1 previous error\n12:34:37|RAP|ERROR|: Finished with non-zero exit code.\n"]}},{"file":"unkonwn-but-maybe-important","count":1,"kinds":{"Clippy(Error)":["error: requires `sized` lang_item\n\n"]}}]},{"user":"qclic","repo":"fdt-parser","pkg":"fdt-parser","count":3,"raw_reports":[{"file":"(virtual) rap","count":1,"kinds":{"Cargo":["// pkg_name=fdt-parser, checker=Rap\n// toolchain=nightly-2024-12-25-x86_64-unknown-linux-gnu, target=x86_64-unknown-none\n// pkg_dir=/home/runner/check/batch_1/qclic/fdt-parser/fdt-parser\n// cmd=cargo +nightly-2024-10-12 rap -F -M -- --target x86_64-unknown-none\n// timestamp=2024-12-27 20:34:40.753223277 +08:00:00\n    Checking fdt-parser v0.4.2 (/home/runner/check/batch_1/qclic/fdt-parser/fdt-parser)\nerror[E0463]: can't find crate for `core`\n  |\n  = note: the `x86_64-unknown-none` target may not be installed\n  = help: consider downloading the target with `rustup target add x86_64-unknown-none`\n  = help: consider building the standard library from source with `cargo build -Zbuild-std`\n\nFor more information about this error, try `rustc --explain E0463`.\nerror: could not compile `fdt-parser` (lib) due to 1 previous error\n12:34:41|RAP|ERROR|: Finished with non-zero exit code.\n"]}},{"file":"(virtual) semver-checks","count":1,"kinds":{"Cargo":["// pkg_name=fdt-parser, checker=SemverChecks\n// toolchain=nightly-2024-12-25-x86_64-unknown-linux-gnu, target=x86_64-unknown-none\n// pkg_dir=/home/runner/check/batch_1/qclic/fdt-parser/fdt-parser\n// cmd=cargo +nightly-2024-12-25-x86_64-unknown-linux-gnu semver-checks --target x86_64-unknown-none\n// timestamp=2024-12-27 20:34:18.349369789 +08:00:00\n    Building fdt-parser v0.4.2 (current)\nerror: running cargo-doc on crate 'fdt-parser' failed with output:\n-----\nerror: output of --print=file-names missing when learning about target-specific information from rustc\ncommand was: `/home/runner/.rustup/toolchains/nightly-2024-12-25-x86_64-unknown-linux-gnu/bin/rustc - --crate-name ___ --print=file-names --cap-lints=allow --target x86_64-unknown-none --crate-type bin --crate-type rlib --crate-type dylib --crate-type cdylib --crate-type staticlib --crate-type proc-macro --print=sysroot --print=split-debuginfo --print=crate-name --print=cfg`\n\n--- stdout\n___\nlib___.rlib\nlib___.a\n/home/runner/.rustup/toolchains/nightly-2024-12-25-x86_64-unknown-linux-gnu\noff\n___\ndebug_assertions\nfmt_debug=\"full\"\noverflow_checks\npanic=\"abort\"\nproc_macro\nrelocation_model=\"pic\"\ntarget_abi=\"\"\ntarget_arch=\"x86_64\"\ntarget_endian=\"little\"\ntarget_env=\"\"\ntarget_feature=\"fxsr\"\ntarget_feature=\"x87\"\ntarget_has_atomic\ntarget_has_atomic=\"16\"\ntarget_has_atomic=\"32\"\ntarget_has_atomic=\"64\"\ntarget_has_atomic=\"8\"\ntarget_has_atomic=\"ptr\"\ntarget_has_atomic_equal_alignment=\"16\"\ntarget_has_atomic_equal_alignment=\"32\"\ntarget_has_atomic_equal_alignment=\"64\"\ntarget_has_atomic_equal_alignment=\"8\"\ntarget_has_atomic_equal_alignment=\"ptr\"\ntarget_has_atomic_load_store\ntarget_has_atomic_load_store=\"16\"\ntarget_has_atomic_load_store=\"32\"\ntarget_has_atomic_load_store=\"64\"\ntarget_has_atomic_load_store=\"8\"\ntarget_has_atomic_load_store=\"ptr\"\ntarget_os=\"none\"\ntarget_pointer_width=\"64\"\ntarget_vendor=\"unknown\"\nub_checks\n\n\n-----\n\nerror: failed to build rustdoc for crate fdt-parser v0.4.2\nnote: this is usually due to a compilation error in the crate,\n      and is unlikely to be a bug in cargo-semver-checks\nnote: the following command can be used to reproduce the compilation error:\n      cargo new --lib example &&\n          cd example &&\n          echo '[workspace]' >> Cargo.toml &&\n          cargo add --path /home/runner/check/batch_1/qclic/fdt-parser/fdt-parser &&\n          cargo check\n\nerror: aborting due to failure to build rustdoc for crate fdt-parser v0.4.2\n"]}},{"file":"[semver checks]","count":1,"kinds":{"Semver Violation":["pkg=fdt-parser, checker=SemverChecks\ntoolchain=nightly-2024-12-25-x86_64-unknown-linux-gnu, target=x86_64-unknown-none\npkg_dir=/home/runner/check/batch_1/qclic/fdt-parser/fdt-parser\ncmd=cargo +nightly-2024-12-25-x86_64-unknown-linux-gnu semver-checks --target x86_64-unknown-none\n\n\nstdout:\n\nstderr:\n    Building fdt-parser v0.4.2 (current)\nerror: running cargo-doc on crate 'fdt-parser' failed with output:\n-----\nerror: output of --print=file-names missing when learning about target-specific information from rustc\ncommand was: `/home/runner/.rustup/toolchains/nightly-2024-12-25-x86_64-unknown-linux-gnu/bin/rustc - --crate-name ___ --print=file-names --cap-lints=allow --target x86_64-unknown-none --crate-type bin --crate-type rlib --crate-type dylib --crate-type cdylib --crate-type staticlib --crate-type proc-macro --print=sysroot --print=split-debuginfo --print=crate-name --print=cfg`\n\n--- stdout\n___\nlib___.rlib\nlib___.a\n/home/runner/.rustup/toolchains/nightly-2024-12-25-x86_64-unknown-linux-gnu\noff\n___\ndebug_assertions\nfmt_debug=\"full\"\noverflow_checks\npanic=\"abort\"\nproc_macro\nrelocation_model=\"pic\"\ntarget_abi=\"\"\ntarget_arch=\"x86_64\"\ntarget_endian=\"little\"\ntarget_env=\"\"\ntarget_feature=\"fxsr\"\ntarget_feature=\"x87\"\ntarget_has_atomic\ntarget_has_atomic=\"16\"\ntarget_has_atomic=\"32\"\ntarget_has_atomic=\"64\"\ntarget_has_atomic=\"8\"\ntarget_has_atomic=\"ptr\"\ntarget_has_atomic_equal_alignment=\"16\"\ntarget_has_atomic_equal_alignment=\"32\"\ntarget_has_atomic_equal_alignment=\"64\"\ntarget_has_atomic_equal_alignment=\"8\"\ntarget_has_atomic_equal_alignment=\"ptr\"\ntarget_has_atomic_load_store\ntarget_has_atomic_load_store=\"16\"\ntarget_has_atomic_load_store=\"32\"\ntarget_has_atomic_load_store=\"64\"\ntarget_has_atomic_load_store=\"8\"\ntarget_has_atomic_load_store=\"ptr\"\ntarget_os=\"none\"\ntarget_pointer_width=\"64\"\ntarget_vendor=\"unknown\"\nub_checks\n\n\n-----\n\nerror: failed to build rustdoc for crate fdt-parser v0.4.2\nnote: this is usually due to a compilation error in the crate,\n      and is unlikely to be a bug in cargo-semver-checks\nnote: the following command can be used to reproduce the compilation error:\n      cargo new --lib example &&\n          cd example &&\n          echo '[workspace]' >> Cargo.toml &&\n          cargo add --path /home/runner/check/batch_1/qclic/fdt-parser/fdt-parser &&\n          cargo check\n\nerror: aborting due to failure to build rustdoc for crate fdt-parser v0.4.2\n"]}}]}],"kinds_order":["Cargo","Clippy(Error)","Clippy(Warn)","Semver Violation","Audit","Mirai","Rap","Rudra","Lockbud(Probably)","Lockbud(Possibly)","Outdated","Geiger","Unformatted"]}