{"data":[{"user":"kern-crates","repo":"zCore","pkg":"zcore","count":22,"raw_reports":[{"file":"/home/runner/.cargo/registry/src/github.com-1ecc6299db9ec823/bit_field-0.10.2/src/lib.rs","count":15,"kinds":{"Clippy(Error)":["error[E0463]: can't find crate for `core`\n  |\n  = note: the `x86_64-unknown-uefi` target may not be installed\n  = help: consider downloading the target with `rustup target add x86_64-unknown-uefi`\n  = help: consider building the standard library from source with `cargo build -Zbuild-std`\n\n","error[E0463]: can't find crate for `compiler_builtins`\n\n","error: cannot find macro `assert` in this scope\n   --> /home/runner/.cargo/registry/src/github.com-1ecc6299db9ec823/bit_field-0.10.2/src/lib.rs:217:17\n    |\n217 |                 assert!(bit < Self::BIT_LENGTH);\n    |                 ^^^^^^\n...\n277 | bitfield_numeric_impl! { u8 u16 u32 u64 u128 usize i8 i16 i32 i64 i128 isize }\n    | ------------------------------------------------------------------------------ in this macro invocation\n    |\n    = note: this error originates in the macro `bitfield_numeric_impl` (in Nightly builds, run with -Z macro-backtrace for more info)\n\n","error: cannot find macro `assert` in this scope\n   --> /home/runner/.cargo/registry/src/github.com-1ecc6299db9ec823/bit_field-0.10.2/src/lib.rs:227:17\n    |\n227 |                 assert!(range.start < Self::BIT_LENGTH);\n    |                 ^^^^^^\n...\n277 | bitfield_numeric_impl! { u8 u16 u32 u64 u128 usize i8 i16 i32 i64 i128 isize }\n    | ------------------------------------------------------------------------------ in this macro invocation\n    |\n    = note: this error originates in the macro `bitfield_numeric_impl` (in Nightly builds, run with -Z macro-backtrace for more info)\n\n","error: cannot find macro `assert` in this scope\n   --> /home/runner/.cargo/registry/src/github.com-1ecc6299db9ec823/bit_field-0.10.2/src/lib.rs:228:17\n    |\n228 |                 assert!(range.end <= Self::BIT_LENGTH);\n    |                 ^^^^^^\n...\n277 | bitfield_numeric_impl! { u8 u16 u32 u64 u128 usize i8 i16 i32 i64 i128 isize }\n    | ------------------------------------------------------------------------------ in this macro invocation\n    |\n    = note: this error originates in the macro `bitfield_numeric_impl` (in Nightly builds, run with -Z macro-backtrace for more info)\n\n","error: cannot find macro `assert` in this scope\n   --> /home/runner/.cargo/registry/src/github.com-1ecc6299db9ec823/bit_field-0.10.2/src/lib.rs:229:17\n    |\n229 |                 assert!(range.start < range.end);\n    |                 ^^^^^^\n...\n277 | bitfield_numeric_impl! { u8 u16 u32 u64 u128 usize i8 i16 i32 i64 i128 isize }\n    | ------------------------------------------------------------------------------ in this macro invocation\n    |\n    = note: this error originates in the macro `bitfield_numeric_impl` (in Nightly builds, run with -Z macro-backtrace for more info)\n\n","error: cannot find macro `assert` in this scope\n   --> /home/runner/.cargo/registry/src/github.com-1ecc6299db9ec823/bit_field-0.10.2/src/lib.rs:241:17\n    |\n241 |                 assert!(bit < Self::BIT_LENGTH);\n    |                 ^^^^^^\n...\n277 | bitfield_numeric_impl! { u8 u16 u32 u64 u128 usize i8 i16 i32 i64 i128 isize }\n    | ------------------------------------------------------------------------------ in this macro invocation\n    |\n    = note: this error originates in the macro `bitfield_numeric_impl` (in Nightly builds, run with -Z macro-backtrace for more info)\n\n","error: cannot find macro `assert` in this scope\n   --> /home/runner/.cargo/registry/src/github.com-1ecc6299db9ec823/bit_field-0.10.2/src/lib.rs:257:17\n    |\n257 |                 assert!(range.start < Self::BIT_LENGTH);\n    |                 ^^^^^^\n...\n277 | bitfield_numeric_impl! { u8 u16 u32 u64 u128 usize i8 i16 i32 i64 i128 isize }\n    | ------------------------------------------------------------------------------ in this macro invocation\n    |\n    = note: this error originates in the macro `bitfield_numeric_impl` (in Nightly builds, run with -Z macro-backtrace for more info)\n\n","error: cannot find macro `assert` in this scope\n   --> /home/runner/.cargo/registry/src/github.com-1ecc6299db9ec823/bit_field-0.10.2/src/lib.rs:258:17\n    |\n258 |                 assert!(range.end <= Self::BIT_LENGTH);\n    |                 ^^^^^^\n...\n277 | bitfield_numeric_impl! { u8 u16 u32 u64 u128 usize i8 i16 i32 i64 i128 isize }\n    | ------------------------------------------------------------------------------ in this macro invocation\n    |\n    = note: this error originates in the macro `bitfield_numeric_impl` (in Nightly builds, run with -Z macro-backtrace for more info)\n\n","error: cannot find macro `assert` in this scope\n   --> /home/runner/.cargo/registry/src/github.com-1ecc6299db9ec823/bit_field-0.10.2/src/lib.rs:259:17\n    |\n259 |                 assert!(range.start < range.end);\n    |                 ^^^^^^\n...\n277 | bitfield_numeric_impl! { u8 u16 u32 u64 u128 usize i8 i16 i32 i64 i128 isize }\n    | ------------------------------------------------------------------------------ in this macro invocation\n    |\n    = note: this error originates in the macro `bitfield_numeric_impl` (in Nightly builds, run with -Z macro-backtrace for more info)\n\n","error: cannot find macro `assert` in this scope\n   --> /home/runner/.cargo/registry/src/github.com-1ecc6299db9ec823/bit_field-0.10.2/src/lib.rs:260:17\n    |\n260 |                 assert!(value << (Self::BIT_LENGTH - (range.end - range.start)) >>\n    |                 ^^^^^^\n...\n277 | bitfield_numeric_impl! { u8 u16 u32 u64 u128 usize i8 i16 i32 i64 i128 isize }\n    | ------------------------------------------------------------------------------ in this macro invocation\n    |\n    = note: this error originates in the macro `bitfield_numeric_impl` (in Nightly builds, run with -Z macro-backtrace for more info)\n\n","error: cannot find macro `assert` in this scope\n   --> /home/runner/.cargo/registry/src/github.com-1ecc6299db9ec823/bit_field-0.10.2/src/lib.rs:298:9\n    |\n298 |         assert!(range.len() <= T::BIT_LENGTH);\n    |         ^^^^^^\n\n","error: cannot find macro `assert` in this scope\n   --> /home/runner/.cargo/registry/src/github.com-1ecc6299db9ec823/bit_field-0.10.2/src/lib.rs:306:9\n    |\n306 |         assert!(slice_end - slice_start <= 1);\n    |         ^^^^^^\n\n","error: cannot find macro `assert` in this scope\n   --> /home/runner/.cargo/registry/src/github.com-1ecc6299db9ec823/bit_field-0.10.2/src/lib.rs:335:9\n    |\n335 |         assert!(range.len() <= T::BIT_LENGTH);\n    |         ^^^^^^\n\n","error: cannot find macro `assert` in this scope\n   --> /home/runner/.cargo/registry/src/github.com-1ecc6299db9ec823/bit_field-0.10.2/src/lib.rs:342:9\n    |\n342 |         assert!(slice_end - slice_start <= 1);\n    |         ^^^^^^\n\n"]}},{"file":"/home/runner/.cargo/registry/src/github.com-1ecc6299db9ec823/bitflags-1.3.2/src/lib.rs","count":3,"kinds":{"Clippy(Error)":["error[E0463]: can't find crate for `core`\n  |\n  = note: the `x86_64-unknown-uefi` target may not be installed\n  = help: consider downloading the target with `rustup target add x86_64-unknown-uefi`\n  = help: consider building the standard library from source with `cargo build -Zbuild-std`\n\n","error[E0463]: can't find crate for `compiler_builtins`\n\n","error[E0463]: can't find crate for `core`\n   --> /home/runner/.cargo/registry/src/github.com-1ecc6299db9ec823/bitflags-1.3.2/src/lib.rs:282:1\n    |\n282 | pub extern crate core as _core;\n    | ^^^^^^^^^^^^^^^^^^^^^^^^^^^^^^^ can't find crate\n    |\n    = note: the `x86_64-unknown-uefi` target may not be installed\n    = help: consider downloading the target with `rustup target add x86_64-unknown-uefi`\n    = help: consider building the standard library from source with `cargo build -Zbuild-std`\n\n"]}},{"file":"(virtual) clippy","count":1,"kinds":{"Cargo":["// pkg_name=zcore, checker=Clippy\n// toolchain=nightly-2022-10-27, target=x86_64-unknown-uefi\n// pkg_dir=/home/runner/check/batch_12/kern-crates/zCore\n// cmd=cargo clippy --target x86_64-unknown-uefi --no-deps --message-format=json\n Downloading crates ...\n  Downloaded bit_field v0.10.2\n  Downloaded futures-io v0.3.30\n  Downloaded futures-sink v0.3.30\n  Downloaded pin-utils v0.1.0\n  Downloaded numeric-enum-macro v0.2.0\n  Downloaded hashbrown v0.9.1\n  Downloaded woke v0.0.2\n  Downloaded autocfg v1.3.0\n  Downloaded quote v1.0.36\n  Downloaded managed v0.8.0\n  Downloaded unicode-ident v1.0.12\n  Downloaded futures-util v0.3.30\n  Downloaded customizable-buddy v0.0.3\n  Downloaded rsdp v2.0.1\n  Downloaded bitflags v2.6.0\n  Downloaded spin v0.9.8\n  Downloaded xmas-elf v0.7.0\n  Downloaded futures-channel v0.3.30\n  Downloaded git-version-macro v0.3.9\n  Downloaded bit-iter v1.2.0\n  Downloaded bit v0.1.1\n  Downloaded git-version v0.3.9\n  Downloaded zero v0.1.3\n  Downloaded volatile v0.4.6\n  Downloaded rustversion v1.0.17\n  Downloaded trapframe v0.9.0\n  Downloaded x2apic v0.4.3\n  Downloaded scopeguard v1.2.0\n  Downloaded paste v1.0.15\n  Downloaded futures-task v0.3.30\n  Downloaded volatile v0.3.0\n  Downloaded cfg-if v1.0.0\n  Downloaded downcast-rs v1.2.1\n  Downloaded bitflags v1.3.2\n  Downloaded futures-macro v0.3.30\n  Downloaded futures-core v0.3.30\n  Downloaded byteorder v1.5.0\n  Downloaded acpi v4.1.1\n  Downloaded lock_api v0.4.12\n  Downloaded pin-project-lite v0.2.14\n  Downloaded lazy_static v1.5.0\n  Downloaded ahash v0.4.8\n  Downloaded futures v0.3.30\n  Downloaded proc-macro2 v1.0.86\n  Downloaded x86_64 v0.14.12\n  Downloaded raw-cpuid v10.7.0\n  Downloaded syn v2.0.68\n  Downloaded x86 v0.46.0\n    Checking bitflags v1.3.2\n    Checking bit_field v0.10.2\n   Compiling proc-macro2 v1.0.86\n   Compiling autocfg v1.3.0\nerror: could not compile `bitflags` due to 4 previous errors\nwarning: build failed, waiting for other jobs to finish...\nerror: could not compile `bit_field` due to 16 previous errors\n"]}},{"file":"(virtual) lockbud","count":1,"kinds":{"Cargo":["// pkg_name=zcore, checker=Lockbud\n// toolchain=nightly-2022-10-27, target=x86_64-unknown-uefi\n// pkg_dir=/home/runner/check/batch_8/kern-crates/zCore\n// cmd=cargo +nightly-2024-10-05 lockbud -k all -- --target x86_64-unknown-uefi\n   Compiling bitflags v1.3.2\n   Compiling bit_field v0.10.2\n   Compiling log v0.4.21\n   Compiling lock_api v0.4.12\nerror[E0463]: can't find crate for `core`\n  |\n  = note: the `x86_64-unknown-uefi` target may not be installed\n  = help: consider downloading the target with `rustup target add x86_64-unknown-uefi`\n  = help: consider building the standard library from source with `cargo build -Zbuild-std`\n\nFor more information about this error, try `rustc --explain E0463`.\nerror: could not compile `bit_field` (lib) due to 1 previous error\nwarning: build failed, waiting for other jobs to finish...\nerror: could not compile `bitflags` (lib) due to 1 previous error\nerror: could not compile `log` (lib) due to 1 previous error\n"]}},{"file":"Cargo.lock","count":1,"kinds":{"Audit":["    Fetching advisory database from `https://github.com/RustSec/advisory-db.git`\n      Loaded 664 security advisories (from /home/runner/.cargo/advisory-db)\n    Updating crates.io index\n    Scanning Cargo.lock for vulnerabilities (224 crate dependencies)\nCrate:     critical-section\nVersion:   1.1.2\nWarning:   yanked\nDependency tree:\ncritical-section 1.1.2\n└── riscv 0.10.1\n    ├── zcore-drivers 0.1.0\n    │   ├── linux-object 0.1.0\n    │   │   ├── zcore-loader 0.1.0\n    │   │   │   └── zcore 0.1.0\n    │   │   ├── zcore 0.1.0\n    │   │   └── linux-syscall 0.1.0\n    │   │       └── zcore-loader 0.1.0\n    │   └── kernel-hal 0.1.0\n    │       ├── zircon-syscall 0.1.0\n    │       │   └── zcore-loader 0.1.0\n    │       ├── zircon-object 0.1.0\n    │       │   ├── zircon-syscall 0.1.0\n    │       │   ├── zcore-loader 0.1.0\n    │       │   ├── zcore 0.1.0\n    │       │   ├── linux-syscall 0.1.0\n    │       │   └── linux-object 0.1.0\n    │       ├── zcore-loader 0.1.0\n    │       ├── zcore 0.1.0\n    │       ├── linux-syscall 0.1.0\n    │       └── linux-object 0.1.0\n    ├── zcore 0.1.0\n    └── kernel-hal 0.1.0\n\nCrate:     futures-util\nVersion:   0.3.30\nWarning:   yanked\nDependency tree:\nfutures-util 0.3.30\n└── futures 0.3.30\n    ├── zircon-syscall 0.1.0\n    │   └── zcore-loader 0.1.0\n    │       └── zcore 0.1.0\n    ├── zircon-object 0.1.0\n    │   ├── zircon-syscall 0.1.0\n    │   ├── zcore-loader 0.1.0\n    │   ├── zcore 0.1.0\n    │   ├── linux-syscall 0.1.0\n    │   │   └── zcore-loader 0.1.0\n    │   └── linux-object 0.1.0\n    │       ├── zcore-loader 0.1.0\n    │       ├── zcore 0.1.0\n    │       └── linux-syscall 0.1.0\n    └── linux-syscall 0.1.0\n\nwarning: 2 allowed warnings found\n\n{\n  \"database\": {\n    \"advisory-count\": 664,\n    \"last-commit\": \"f3460e5ed91658ab94fa41908cfa44991f9f4f02\",\n    \"last-updated\": \"2024-11-01T08:31:51-04:00\"\n  },\n  \"lockfile\": {\n    \"dependency-count\": 224\n  },\n  \"settings\": {\n    \"target_arch\": [],\n    \"target_os\": [],\n    \"severity\": null,\n    \"ignore\": [],\n    \"informational_warnings\": [\n      \"unmaintained\",\n      \"unsound\",\n      \"notice\"\n    ]\n  },\n  \"vulnerabilities\": {\n    \"found\": false,\n    \"count\": 0,\n    \"list\": []\n  },\n  \"warnings\": {\n    \"yanked\": [\n      {\n        \"kind\": \"yanked\",\n        \"package\": {\n          \"name\": \"critical-section\",\n          \"version\": \"1.1.2\",\n          \"source\": \"registry+https://github.com/rust-lang/crates.io-index\",\n          \"checksum\": \"7059fff8937831a9ae6f0fe4d658ffabf58f2ca96aa9dec1c889f936f705f216\",\n          \"replace\": null\n        },\n        \"advisory\": null,\n        \"affected\": null,\n        \"versions\": null\n      },\n      {\n        \"kind\": \"yanked\",\n        \"package\": {\n          \"name\": \"futures-util\",\n          \"version\": \"0.3.30\",\n          \"source\": \"registry+https://github.com/rust-lang/crates.io-index\",\n          \"checksum\": \"3d6401deb83407ab3da39eba7e33987a73c3df0c82b4bb5813ee871c19c41d48\",\n          \"dependencies\": [\n            {\n              \"name\": \"futures-core\",\n              \"version\": \"0.3.30\",\n              \"source\": \"registry+https://github.com/rust-lang/crates.io-index\"\n            },\n            {\n              \"name\": \"futures-macro\",\n              \"version\": \"0.3.30\",\n              \"source\": \"registry+https://github.com/rust-lang/crates.io-index\"\n            },\n            {\n              \"name\": \"futures-sink\",\n              \"version\": \"0.3.30\",\n              \"source\": \"registry+https://github.com/rust-lang/crates.io-index\"\n            },\n            {\n              \"name\": \"futures-task\",\n              \"version\": \"0.3.30\",\n              \"source\": \"registry+https://github.com/rust-lang/crates.io-index\"\n            },\n            {\n              \"name\": \"pin-project-lite\",\n              \"version\": \"0.2.14\",\n              \"source\": \"registry+https://github.com/rust-lang/crates.io-index\"\n            },\n            {\n              \"name\": \"pin-utils\",\n              \"version\": \"0.1.0\",\n              \"source\": \"registry+https://github.com/rust-lang/crates.io-index\"\n            }\n          ],\n          \"replace\": null\n        },\n        \"advisory\": null,\n        \"affected\": null,\n        \"versions\": null\n      }\n    ]\n  }\n}"]}},{"file":"[outdated direct dependencies]","count":1,"kinds":{"Outdated":["pkg=zcore, checker=Outdated\ntoolchain=nightly-2022-10-27, target=x86_64-unknown-uefi\npkg_dir=/home/runner/check/batch_9/kern-crates/zCore\ncmd=cargo +nightly-2024-10-12-x86_64-unknown-linux-gnu outdated -R --exit-code=2\n\nName                    Project  Compat  Latest  Kind    Platform\n----                    -------  ------  ------  ----    --------\nasync-std               1.12.0   1.13.0  1.13.0  Normal  cfg(not(target_os = \"none\"))\nbuddy_system_allocator  0.8.0    ---     0.11.0  Normal  cfg(all(target_os = \"none\", target_arch = \"x86_64\"))\nlog                     0.4.21   0.4.22  0.4.22  Normal  ---\nriscv                   0.10.1   ---     0.12.1  Normal  cfg(any(target_arch = \"riscv32\", target_arch = \"riscv64\"))\nsbi-rt                  0.0.2    ---     0.0.3   Normal  cfg(any(target_arch = \"riscv32\", target_arch = \"riscv64\"))\n"]}}]},{"user":"kern-crates","repo":"zCore","pkg":"zircon-user","count":6,"raw_reports":[{"file":"src/bin/hello.rs","count":2,"kinds":{"Clippy(Error)":["error[E0463]: can't find crate for `std`\n  |\n  = note: the `x86_64-unknown-uefi` target may not be installed\n  = help: consider downloading the target with `rustup target add x86_64-unknown-uefi`\n  = help: consider building the standard library from source with `cargo build -Zbuild-std`\n\n","error: cannot find macro `println` in this scope\n --> src/bin/hello.rs:2:5\n  |\n2 |     println!(\"Hello, zCore!\");\n  |     ^^^^^^^\n\n"]}},{"file":"(virtual) clippy","count":1,"kinds":{"Cargo":["// pkg_name=zircon-user, checker=Clippy\n// toolchain=nightly-2022-01-20, target=x86_64-unknown-uefi\n// pkg_dir=/home/runner/check/batch_12/kern-crates/zCore/zcore-zircon-user\n// cmd=cargo clippy --target x86_64-unknown-uefi --no-deps --message-format=json\n    Checking zircon-user v0.1.0 (/home/runner/check/batch_12/kern-crates/zCore/zcore-zircon-user)\nerror: could not compile `zircon-user` due to 4 previous errors\n"]}},{"file":"(virtual) lockbud","count":1,"kinds":{"Cargo":["// pkg_name=zircon-user, checker=Lockbud\n// toolchain=nightly-2022-01-20, target=x86_64-unknown-uefi\n// pkg_dir=/home/runner/check/batch_8/kern-crates/zCore/zcore-zircon-user\n// cmd=cargo +nightly-2024-10-05 lockbud -k all -- --target x86_64-unknown-uefi\nwarning: `/home/runner/check/batch_8/kern-crates/zCore/zcore-zircon-user/.cargo/config` is deprecated in favor of `config.toml`\nnote: if you need to support cargo 1.38 or earlier, you can symlink `config` to `config.toml`\nwarning: `/home/runner/check/batch_8/kern-crates/zCore/zcore-zircon-user/.cargo/config` is deprecated in favor of `config.toml`\nnote: if you need to support cargo 1.38 or earlier, you can symlink `config` to `config.toml`\n   Compiling zircon-user v0.1.0 (/home/runner/check/batch_8/kern-crates/zCore/zcore-zircon-user)\nerror[E0463]: can't find crate for `std`\n  |\n  = note: the `x86_64-unknown-uefi` target may not be installed\n  = help: consider downloading the target with `rustup target add x86_64-unknown-uefi`\n  = help: consider building the standard library from source with `cargo build -Zbuild-std`\n\nFor more information about this error, try `rustc --explain E0463`.\nerror: could not compile `zircon-user` (bin \"hello\") due to 1 previous error\n"]}},{"file":"(virtual) outdated","count":1,"kinds":{"Cargo":["// pkg_name=zircon-user, checker=Outdated\n// toolchain=nightly-2022-01-20, target=x86_64-unknown-uefi\n// pkg_dir=/home/runner/check/batch_9/kern-crates/zCore/zcore-zircon-user\n// cmd=cargo +nightly-2024-10-12-x86_64-unknown-linux-gnu outdated -R --exit-code=2\nwarning: `/home/runner/check/batch_9/kern-crates/zCore/zcore-zircon-user/.cargo/config` is deprecated in favor of `config.toml`\nnote: if you need to support cargo 1.38 or earlier, you can symlink `config` to `config.toml`\nerror: failed to run `rustc` to learn about target-specific information\n\nCaused by:\n  process didn't exit successfully: `/home/runner/.rustup/toolchains/nightly-2024-10-12-x86_64-unknown-linux-gnu/bin/rustc - --crate-name ___ --print=file-names -L ../prebuilt/zircon/x64 --target x86_64-fuchsia --crate-type bin --crate-type rlib --crate-type dylib --crate-type cdylib --crate-type staticlib --crate-type proc-macro --print=sysroot --print=split-debuginfo --print=crate-name --print=cfg` (exit status: 1)\n  --- stderr\n  error: Error loading target specification: Could not find specification for target \"x86_64-fuchsia\". Run `rustc --print target-list` for a list of built-in targets\n\n"]}},{"file":"unkonwn-but-maybe-important","count":1,"kinds":{"Clippy(Error)":["error: requires `sized` lang_item\n\n"]}}]},{"user":"kern-crates","repo":"zCore","pkg":"rboot","count":4,"raw_reports":[{"file":"(virtual) lockbud","count":1,"kinds":{"Cargo":["// pkg_name=rboot, checker=Lockbud\n// toolchain=nightly-2022-10-27, target=x86_64-unknown-uefi\n// pkg_dir=/home/runner/check/batch_8/kern-crates/zCore/rboot\n// cmd=cargo +nightly-2024-10-05 lockbud -k all -- --target x86_64-unknown-uefi\nwarning: `/home/runner/check/batch_8/kern-crates/zCore/rboot/.cargo/config` is deprecated in favor of `config.toml`\nnote: if you need to support cargo 1.38 or earlier, you can symlink `config` to `config.toml`\nwarning: `/home/runner/check/batch_8/kern-crates/zCore/rboot/.cargo/config` is deprecated in favor of `config.toml`\nnote: if you need to support cargo 1.38 or earlier, you can symlink `config` to `config.toml`\nerror: \"/home/runner/.rustup/toolchains/nightly-2024-10-05-x86_64-unknown-linux-gnu/lib/rustlib/src/rust/library/Cargo.lock\" does not exist, unable to build with the standard library, try:\n        rustup component add rust-src --toolchain nightly-2024-10-05-x86_64-unknown-linux-gnu\n"]}},{"file":"(virtual) outdated","count":1,"kinds":{"Cargo":["// pkg_name=rboot, checker=Outdated\n// toolchain=nightly-2022-10-27, target=x86_64-unknown-uefi\n// pkg_dir=/home/runner/check/batch_9/kern-crates/zCore/rboot\n// cmd=cargo +nightly-2024-10-12-x86_64-unknown-linux-gnu outdated -R --exit-code=2\nwarning: `/home/runner/check/batch_9/kern-crates/zCore/rboot/.cargo/config` is deprecated in favor of `config.toml`\nnote: if you need to support cargo 1.38 or earlier, you can symlink `config` to `config.toml`\nerror: failed to parse lock file at: /home/runner/check/batch_9/kern-crates/zCore/rboot/Cargo.lock\n\nCaused by:\n  lock file version 4 requires `-Znext-lockfile-bump`\n"]}},{"file":"(virtual) semver-checks","count":1,"kinds":{"Cargo":["// pkg_name=rboot, checker=SemverChecks\n// toolchain=nightly-2022-10-27, target=x86_64-unknown-uefi\n// pkg_dir=/home/runner/check/batch_9/kern-crates/zCore/rboot\n// cmd=cargo +nightly-2024-10-12-x86_64-unknown-linux-gnu semver-checks --target x86_64-unknown-uefi\nwarning: `/home/runner/check/batch_9/kern-crates/zCore/rboot/.cargo/config` is deprecated in favor of `config.toml`\nnote: if you need to support cargo 1.38 or earlier, you can symlink `config` to `config.toml`\n     Parsing rboot v0.1.6 (current)\nerror: running cargo-doc on crate rboot failed with output:\n-----\nwarning: `/home/runner/check/batch_9/kern-crates/zCore/rboot/.cargo/config` is deprecated in favor of `config.toml`\nnote: if you need to support cargo 1.38 or earlier, you can symlink `config` to `config.toml`\nerror: output of --print=file-names missing when learning about target-specific information from rustc\ncommand was: `/home/runner/.rustup/toolchains/nightly-2024-10-12-x86_64-unknown-linux-gnu/bin/rustc - --crate-name ___ --print=file-names --cap-lints=allow --target x86_64-unknown-uefi --crate-type bin --crate-type rlib --crate-type dylib --crate-type cdylib --crate-type staticlib --crate-type proc-macro --print=sysroot --print=split-debuginfo --print=crate-name --print=cfg`\n\n--- stdout\n___.efi\nlib___.rlib\nlib___.a\n/home/runner/.rustup/toolchains/nightly-2024-10-12-x86_64-unknown-linux-gnu\npacked\n___\ndebug_assertions\nfmt_debug=\"full\"\noverflow_checks\npanic=\"abort\"\nproc_macro\nrelocation_model=\"pic\"\ntarget_abi=\"\"\ntarget_arch=\"x86_64\"\ntarget_endian=\"little\"\ntarget_env=\"\"\ntarget_feature=\"fxsr\"\ntarget_has_atomic\ntarget_has_atomic=\"16\"\ntarget_has_atomic=\"32\"\ntarget_has_atomic=\"64\"\ntarget_has_atomic=\"8\"\ntarget_has_atomic=\"ptr\"\ntarget_has_atomic_equal_alignment=\"16\"\ntarget_has_atomic_equal_alignment=\"32\"\ntarget_has_atomic_equal_alignment=\"64\"\ntarget_has_atomic_equal_alignment=\"8\"\ntarget_has_atomic_equal_alignment=\"ptr\"\ntarget_has_atomic_load_store\ntarget_has_atomic_load_store=\"16\"\ntarget_has_atomic_load_store=\"32\"\ntarget_has_atomic_load_store=\"64\"\ntarget_has_atomic_load_store=\"8\"\ntarget_has_atomic_load_store=\"ptr\"\ntarget_os=\"uefi\"\ntarget_pointer_width=\"64\"\ntarget_vendor=\"unknown\"\nub_checks\n\n\n-----\n\nerror: failed to build rustdoc for crate rboot v0.1.6\nnote: this is usually due to a compilation error in the crate,\n      and is unlikely to be a bug in cargo-semver-checks\nnote: the following command can be used to reproduce the compilation error:\n      cargo new --lib example &&\n          cd example &&\n          echo '[workspace]' >> Cargo.toml &&\n          cargo add --path /home/runner/check/batch_9/kern-crates/zCore/rboot --no-default-features --features default,rboot,uefi-services &&\n          cargo check\n\nerror: aborting due to failure to build rustdoc for crate rboot v0.1.6\n"]}},{"file":"[semver checks]","count":1,"kinds":{"Semver Violation":["pkg=rboot, checker=SemverChecks\ntoolchain=nightly-2022-10-27, target=x86_64-unknown-uefi\npkg_dir=/home/runner/check/batch_9/kern-crates/zCore/rboot\ncmd=cargo +nightly-2024-10-12-x86_64-unknown-linux-gnu semver-checks --target x86_64-unknown-uefi\n\n\nstdout:\n\nstderr:\nwarning: `/home/runner/check/batch_9/kern-crates/zCore/rboot/.cargo/config` is deprecated in favor of `config.toml`\nnote: if you need to support cargo 1.38 or earlier, you can symlink `config` to `config.toml`\n     Parsing rboot v0.1.6 (current)\nerror: running cargo-doc on crate rboot failed with output:\n-----\nwarning: `/home/runner/check/batch_9/kern-crates/zCore/rboot/.cargo/config` is deprecated in favor of `config.toml`\nnote: if you need to support cargo 1.38 or earlier, you can symlink `config` to `config.toml`\nerror: output of --print=file-names missing when learning about target-specific information from rustc\ncommand was: `/home/runner/.rustup/toolchains/nightly-2024-10-12-x86_64-unknown-linux-gnu/bin/rustc - --crate-name ___ --print=file-names --cap-lints=allow --target x86_64-unknown-uefi --crate-type bin --crate-type rlib --crate-type dylib --crate-type cdylib --crate-type staticlib --crate-type proc-macro --print=sysroot --print=split-debuginfo --print=crate-name --print=cfg`\n\n--- stdout\n___.efi\nlib___.rlib\nlib___.a\n/home/runner/.rustup/toolchains/nightly-2024-10-12-x86_64-unknown-linux-gnu\npacked\n___\ndebug_assertions\nfmt_debug=\"full\"\noverflow_checks\npanic=\"abort\"\nproc_macro\nrelocation_model=\"pic\"\ntarget_abi=\"\"\ntarget_arch=\"x86_64\"\ntarget_endian=\"little\"\ntarget_env=\"\"\ntarget_feature=\"fxsr\"\ntarget_has_atomic\ntarget_has_atomic=\"16\"\ntarget_has_atomic=\"32\"\ntarget_has_atomic=\"64\"\ntarget_has_atomic=\"8\"\ntarget_has_atomic=\"ptr\"\ntarget_has_atomic_equal_alignment=\"16\"\ntarget_has_atomic_equal_alignment=\"32\"\ntarget_has_atomic_equal_alignment=\"64\"\ntarget_has_atomic_equal_alignment=\"8\"\ntarget_has_atomic_equal_alignment=\"ptr\"\ntarget_has_atomic_load_store\ntarget_has_atomic_load_store=\"16\"\ntarget_has_atomic_load_store=\"32\"\ntarget_has_atomic_load_store=\"64\"\ntarget_has_atomic_load_store=\"8\"\ntarget_has_atomic_load_store=\"ptr\"\ntarget_os=\"uefi\"\ntarget_pointer_width=\"64\"\ntarget_vendor=\"unknown\"\nub_checks\n\n\n-----\n\nerror: failed to build rustdoc for crate rboot v0.1.6\nnote: this is usually due to a compilation error in the crate,\n      and is unlikely to be a bug in cargo-semver-checks\nnote: the following command can be used to reproduce the compilation error:\n      cargo new --lib example &&\n          cd example &&\n          echo '[workspace]' >> Cargo.toml &&\n          cargo add --path /home/runner/check/batch_9/kern-crates/zCore/rboot --no-default-features --features default,rboot,uefi-services &&\n          cargo check\n\nerror: aborting due to failure to build rustdoc for crate rboot v0.1.6\n"]}}]},{"user":"kern-crates","repo":"zCore","pkg":"uart","count":1,"raw_reports":[{"file":"(virtual) lockbud","count":1,"kinds":{"Cargo":["// pkg_name=uart, checker=Lockbud\n// toolchain=nightly-2022-10-27, target=x86_64-unknown-uefi\n// pkg_dir=/home/runner/check/batch_8/kern-crates/zCore/zcore-tests/testcases/src/uart\n// cmd=cargo +nightly-2024-10-05 lockbud -k all -- --target x86_64-unknown-uefi\n   Compiling libc v0.2.164\n   Compiling cfg-if v1.0.0\n   Compiling bitflags v2.6.0\n   Compiling nix v0.29.0\nerror[E0463]: can't find crate for `core`\n  |\n  = note: the `x86_64-unknown-uefi` target may not be installed\n  = help: consider downloading the target with `rustup target add x86_64-unknown-uefi`\n  = help: consider building the standard library from source with `cargo build -Zbuild-std`\n\nFor more information about this error, try `rustc --explain E0463`.\nerror: could not compile `cfg-if` (lib) due to 1 previous error\nwarning: build failed, waiting for other jobs to finish...\nerror: could not compile `bitflags` (lib) due to 1 previous error\nerror: could not compile `libc` (lib) due to 1 previous error\n"]}}]}],"kinds_order":["Cargo","Clippy(Error)","Clippy(Warn)","Semver Violation","Audit","Mirai","Rap","Rudra","Lockbud(Probably)","Lockbud(Possibly)","Outdated","Geiger","Unformatted"]}