{"repo":{"user":"elliott10","repo":"e1000-driver"},"data":[{"user":"elliott10","repo":"e1000-driver","pkg":"e1000-driver","count":183,"raw_reports":[{"file":"/home/runner/.cargo/registry/src/github.com-1ecc6299db9ec823/log-0.4.22/src/lib.rs","count":97,"kinds":{"Clippy(Error)":["error[E0463]: can't find crate for `core`\n  |\n  = note: the `riscv64gc-unknown-none-elf` target may not be installed\n  = help: consider downloading the target with `rustup target add riscv64gc-unknown-none-elf`\n  = help: consider building the standard library from source with `cargo build -Zbuild-std`\n\n","error[E0463]: can't find crate for `compiler_builtins`\n\n","error[E0463]: can't find crate for `core`\n   --> /home/runner/.cargo/registry/src/github.com-1ecc6299db9ec823/log-0.4.22/src/lib.rs:385:1\n    |\n385 | extern crate core as std;\n    | ^^^^^^^^^^^^^^^^^^^^^^^^^ can't find crate\n    |\n    = note: the `riscv64gc-unknown-none-elf` target may not be installed\n    = help: consider downloading the target with `rustup target add riscv64gc-unknown-none-elf`\n    = help: consider building the standard library from source with `cargo build -Zbuild-std`\n\n","error: cannot determine resolution for the macro `cfg`\n    --> /home/runner/.cargo/registry/src/github.com-1ecc6299db9ec823/log-0.4.22/src/lib.rs:1539:10\n     |\n1539 |     _ if cfg!(feature = \"max_level_debug\") => LevelFilter::Debug,\n     |          ^^^\n     |\n     = note: import resolution is stuck, try simplifying macro imports\n\n","error: cannot determine resolution for the macro `cfg`\n    --> /home/runner/.cargo/registry/src/github.com-1ecc6299db9ec823/log-0.4.22/src/lib.rs:1538:10\n     |\n1538 |     _ if cfg!(feature = \"max_level_info\") => LevelFilter::Info,\n     |          ^^^\n     |\n     = note: import resolution is stuck, try simplifying macro imports\n\n","error: cannot determine resolution for the macro `cfg`\n    --> /home/runner/.cargo/registry/src/github.com-1ecc6299db9ec823/log-0.4.22/src/lib.rs:1537:10\n     |\n1537 |     _ if cfg!(feature = \"max_level_warn\") => LevelFilter::Warn,\n     |          ^^^\n     |\n     = note: import resolution is stuck, try simplifying macro imports\n\n","error: cannot determine resolution for the macro `cfg`\n    --> /home/runner/.cargo/registry/src/github.com-1ecc6299db9ec823/log-0.4.22/src/lib.rs:1536:10\n     |\n1536 |     _ if cfg!(feature = \"max_level_error\") => LevelFilter::Error,\n     |          ^^^\n     |\n     = note: import resolution is stuck, try simplifying macro imports\n\n","error: cannot determine resolution for the macro `cfg`\n    --> /home/runner/.cargo/registry/src/github.com-1ecc6299db9ec823/log-0.4.22/src/lib.rs:1535:10\n     |\n1535 |     _ if cfg!(feature = \"max_level_off\") => LevelFilter::Off,\n     |          ^^^\n     |\n     = note: import resolution is stuck, try simplifying macro imports\n\n","error: cannot determine resolution for the macro `cfg`\n    --> /home/runner/.cargo/registry/src/github.com-1ecc6299db9ec823/log-0.4.22/src/lib.rs:1534:14\n     |\n1534 |     false if cfg!(feature = \"release_max_level_trace\") => LevelFilter::Trace,\n     |              ^^^\n     |\n     = note: import resolution is stuck, try simplifying macro imports\n\n","error: cannot determine resolution for the macro `cfg`\n    --> /home/runner/.cargo/registry/src/github.com-1ecc6299db9ec823/log-0.4.22/src/lib.rs:1533:14\n     |\n1533 |     false if cfg!(feature = \"release_max_level_debug\") => LevelFilter::Debug,\n     |              ^^^\n     |\n     = note: import resolution is stuck, try simplifying macro imports\n\n","error: cannot determine resolution for the macro `cfg`\n    --> /home/runner/.cargo/registry/src/github.com-1ecc6299db9ec823/log-0.4.22/src/lib.rs:1532:14\n     |\n1532 |     false if cfg!(feature = \"release_max_level_info\") => LevelFilter::Info,\n     |              ^^^\n     |\n     = note: import resolution is stuck, try simplifying macro imports\n\n","error: cannot determine resolution for the macro `cfg`\n    --> /home/runner/.cargo/registry/src/github.com-1ecc6299db9ec823/log-0.4.22/src/lib.rs:1531:14\n     |\n1531 |     false if cfg!(feature = \"release_max_level_warn\") => LevelFilter::Warn,\n     |              ^^^\n     |\n     = note: import resolution is stuck, try simplifying macro imports\n\n","error: cannot determine resolution for the macro `cfg`\n    --> /home/runner/.cargo/registry/src/github.com-1ecc6299db9ec823/log-0.4.22/src/lib.rs:1530:14\n     |\n1530 |     false if cfg!(feature = \"release_max_level_error\") => LevelFilter::Error,\n     |              ^^^\n     |\n     = note: import resolution is stuck, try simplifying macro imports\n\n","error: cannot determine resolution for the macro `cfg`\n    --> /home/runner/.cargo/registry/src/github.com-1ecc6299db9ec823/log-0.4.22/src/lib.rs:1529:14\n     |\n1529 |     false if cfg!(feature = \"release_max_level_off\") => LevelFilter::Off,\n     |              ^^^\n     |\n     = note: import resolution is stuck, try simplifying macro imports\n\n","error: cannot determine resolution for the macro `cfg`\n    --> /home/runner/.cargo/registry/src/github.com-1ecc6299db9ec823/log-0.4.22/src/lib.rs:1528:49\n     |\n1528 | pub const STATIC_MAX_LEVEL: LevelFilter = match cfg!(debug_assertions) {\n     |                                                 ^^^\n     |\n     = note: import resolution is stuck, try simplifying macro imports\n\n","error: cannot find attribute `derive` in this scope\n    --> /home/runner/.cargo/registry/src/github.com-1ecc6299db9ec823/log-0.4.22/src/lib.rs:1482:3\n     |\n1482 | #[derive(Debug, PartialEq, Eq)]\n     |   ^^^^^^\n\n","error: cannot find attribute `derive` in this scope\n    --> /home/runner/.cargo/registry/src/github.com-1ecc6299db9ec823/log-0.4.22/src/lib.rs:1465:3\n     |\n1465 | #[derive(Debug)]\n     |   ^^^^^^\n\n","error: cannot find macro `unreachable` in this scope\n    --> /home/runner/.cargo/registry/src/github.com-1ecc6299db9ec823/log-0.4.22/src/lib.rs:1455:13\n     |\n1455 |             unreachable!(\"set_logger_racy must not be used with other initialization functions\")\n     |             ^^^^^^^^^^^\n\n","error: cannot find attribute `derive` in this scope\n    --> /home/runner/.cargo/registry/src/github.com-1ecc6299db9ec823/log-0.4.22/src/lib.rs:1116:3\n     |\n1116 | #[derive(Eq, PartialEq, Ord, PartialOrd, Hash, Debug)]\n     |   ^^^^^^\n\n","error: cannot find attribute `derive` in this scope\n    --> /home/runner/.cargo/registry/src/github.com-1ecc6299db9ec823/log-0.4.22/src/lib.rs:1074:3\n     |\n1074 | #[derive(Clone, Eq, PartialEq, Ord, PartialOrd, Hash, Debug)]\n     |   ^^^^^^\n\n","error: cannot find macro `format_args` in this scope\n   --> /home/runner/.cargo/registry/src/github.com-1ecc6299db9ec823/log-0.4.22/src/lib.rs:941:23\n    |\n941 |                 args: format_args!(\"\"),\n    |                       ^^^^^^^^^^^\n\n","error: cannot find attribute `derive` in this scope\n   --> /home/runner/.cargo/registry/src/github.com-1ecc6299db9ec823/log-0.4.22/src/lib.rs:919:3\n    |\n919 | #[derive(Debug)]\n    |   ^^^^^^\n\n","error: cannot find attribute `derive` in this scope\n   --> /home/runner/.cargo/registry/src/github.com-1ecc6299db9ec823/log-0.4.22/src/lib.rs:758:3\n    |\n758 | #[derive(Clone, Debug)]\n    |   ^^^^^^\n\n","error: cannot find attribute `derive` in this scope\n   --> /home/runner/.cargo/registry/src/github.com-1ecc6299db9ec823/log-0.4.22/src/lib.rs:697:3\n    |\n697 | #[derive(Copy, Clone, Eq, PartialEq, Ord, PartialOrd, Hash, Debug)]\n    |   ^^^^^^\n\n","error: cannot find attribute `derive` in this scope\n   --> /home/runner/.cargo/registry/src/github.com-1ecc6299db9ec823/log-0.4.22/src/lib.rs:597:3\n    |\n597 | #[derive(Clone, Copy, PartialEq, Eq, PartialOrd, Ord, Debug, Hash)]\n    |   ^^^^^^\n\n","error: cannot find attribute `derive` in this scope\n   --> /home/runner/.cargo/registry/src/github.com-1ecc6299db9ec823/log-0.4.22/src/lib.rs:477:3\n    |\n477 | #[derive(Clone, Copy, PartialEq, Eq, PartialOrd, Ord, Debug, Hash)]\n    |   ^^^^^^\n\n","error[E0405]: cannot find trait `PartialEq` in this scope\n   --> /home/runner/.cargo/registry/src/github.com-1ecc6299db9ec823/log-0.4.22/src/lib.rs:504:6\n    |\n504 | impl PartialEq<LevelFilter> for Level {\n    |      ^^^^^^^^^ not found in this scope\n\n","error[E0405]: cannot find trait `PartialOrd` in this scope\n   --> /home/runner/.cargo/registry/src/github.com-1ecc6299db9ec823/log-0.4.22/src/lib.rs:511:6\n    |\n511 | impl PartialOrd<LevelFilter> for Level {\n    |      ^^^^^^^^^^ not found in this scope\n\n","error[E0412]: cannot find type `Option` in this scope\n   --> /home/runner/.cargo/registry/src/github.com-1ecc6299db9ec823/log-0.4.22/src/lib.rs:513:51\n    |\n513 |     fn partial_cmp(&self, other: &LevelFilter) -> Option<cmp::Ordering> {\n    |                                                   ^^^^^^ not found in this scope\n\n","error[E0412]: cannot find type `Result` in this scope\n   --> /home/runner/.cargo/registry/src/github.com-1ecc6299db9ec823/log-0.4.22/src/lib.rs:520:33\n    |\n520 |     fn from_str(level: &str) -> Result<Level, Self::Err> {\n    |                                 ^^^^^^ not found in this scope\n\n","error[E0412]: cannot find type `Option` in this scope\n   --> /home/runner/.cargo/registry/src/github.com-1ecc6299db9ec823/log-0.4.22/src/lib.rs:539:32\n    |\n539 |     fn from_usize(u: usize) -> Option<Level> {\n    |                                ^^^^^^ not found in this scope\n\n","error[E0425]: cannot find value `None` in this scope\n   --> /home/runner/.cargo/registry/src/github.com-1ecc6299db9ec823/log-0.4.22/src/lib.rs:546:18\n    |\n546 |             _ => None,\n    |                  ^^^^ not found in this scope\n\n","error[E0405]: cannot find trait `Iterator` in this scope\n   --> /home/runner/.cargo/registry/src/github.com-1ecc6299db9ec823/log-0.4.22/src/lib.rs:583:27\n    |\n583 |     pub fn iter() -> impl Iterator<Item = Self> {\n    |                           ^^^^^^^^ not found in this scope\n\n","error[E0405]: cannot find trait `PartialEq` in this scope\n   --> /home/runner/.cargo/registry/src/github.com-1ecc6299db9ec823/log-0.4.22/src/lib.rs:613:6\n    |\n613 | impl PartialEq<Level> for LevelFilter {\n    |      ^^^^^^^^^ not found in this scope\n\n","error[E0405]: cannot find trait `PartialOrd` in this scope\n   --> /home/runner/.cargo/registry/src/github.com-1ecc6299db9ec823/log-0.4.22/src/lib.rs:620:6\n    |\n620 | impl PartialOrd<Level> for LevelFilter {\n    |      ^^^^^^^^^^ not found in this scope\n\n","error[E0412]: cannot find type `Option` in this scope\n   --> /home/runner/.cargo/registry/src/github.com-1ecc6299db9ec823/log-0.4.22/src/lib.rs:622:45\n    |\n622 |     fn partial_cmp(&self, other: &Level) -> Option<cmp::Ordering> {\n    |                                             ^^^^^^ not found in this scope\n\n","error[E0412]: cannot find type `Result` in this scope\n   --> /home/runner/.cargo/registry/src/github.com-1ecc6299db9ec823/log-0.4.22/src/lib.rs:629:33\n    |\n629 |     fn from_str(level: &str) -> Result<LevelFilter, Self::Err> {\n    |                                 ^^^^^^ not found in this scope\n\n","error[E0412]: cannot find type `Option` in this scope\n   --> /home/runner/.cargo/registry/src/github.com-1ecc6299db9ec823/log-0.4.22/src/lib.rs:645:32\n    |\n645 |     fn from_usize(u: usize) -> Option<LevelFilter> {\n    |                                ^^^^^^ not found in this scope\n\n","error[E0425]: cannot find value `None` in this scope\n   --> /home/runner/.cargo/registry/src/github.com-1ecc6299db9ec823/log-0.4.22/src/lib.rs:653:18\n    |\n653 |             _ => None,\n    |                  ^^^^ not found in this scope\n\n","error[E0412]: cannot find type `Option` in this scope\n   --> /home/runner/.cargo/registry/src/github.com-1ecc6299db9ec823/log-0.4.22/src/lib.rs:667:31\n    |\n667 |     pub fn to_level(&self) -> Option<Level> {\n    |                               ^^^^^^ not found in this scope\n\n","error[E0405]: cannot find trait `Iterator` in this scope\n   --> /home/runner/.cargo/registry/src/github.com-1ecc6299db9ec823/log-0.4.22/src/lib.rs:692:27\n    |\n692 |     pub fn iter() -> impl Iterator<Item = Self> {\n    |                           ^^^^^^^^ not found in this scope\n\n","error[E0412]: cannot find type `Option` in this scope\n   --> /home/runner/.cargo/registry/src/github.com-1ecc6299db9ec823/log-0.4.22/src/lib.rs:762:18\n    |\n762 |     module_path: Option<MaybeStaticStr<'a>>,\n    |                  ^^^^^^ not found in this scope\n\n","error[E0412]: cannot find type `Option` in this scope\n   --> /home/runner/.cargo/registry/src/github.com-1ecc6299db9ec823/log-0.4.22/src/lib.rs:763:11\n    |\n763 |     file: Option<MaybeStaticStr<'a>>,\n    |           ^^^^^^ not found in this scope\n\n","error[E0412]: cannot find type `Option` in this scope\n   --> /home/runner/.cargo/registry/src/github.com-1ecc6299db9ec823/log-0.4.22/src/lib.rs:764:11\n    |\n764 |     line: Option<u32>,\n    |           ^^^^^^ not found in this scope\n\n","error[E0412]: cannot find type `Option` in this scope\n   --> /home/runner/.cargo/registry/src/github.com-1ecc6299db9ec823/log-0.4.22/src/lib.rs:819:34\n    |\n819 |     pub fn module_path(&self) -> Option<&'a str> {\n    |                                  ^^^^^^ not found in this scope\n\n","error[E0412]: cannot find type `Option` in this scope\n   --> /home/runner/.cargo/registry/src/github.com-1ecc6299db9ec823/log-0.4.22/src/lib.rs:825:41\n    |\n825 |     pub fn module_path_static(&self) -> Option<&'static str> {\n    |                                         ^^^^^^ not found in this scope\n\n","error[E0531]: cannot find tuple struct or tuple variant `Some` in this scope\n   --> /home/runner/.cargo/registry/src/github.com-1ecc6299db9ec823/log-0.4.22/src/lib.rs:827:13\n    |\n827 |             Some(MaybeStaticStr::Static(s)) => Some(s),\n    |             ^^^^ not found in this scope\n\n","error[E0425]: cannot find value `None` in this scope\n   --> /home/runner/.cargo/registry/src/github.com-1ecc6299db9ec823/log-0.4.22/src/lib.rs:828:18\n    |\n828 |             _ => None,\n    |                  ^^^^ not found in this scope\n\n","error[E0412]: cannot find type `Option` in this scope\n   --> /home/runner/.cargo/registry/src/github.com-1ecc6299db9ec823/log-0.4.22/src/lib.rs:834:27\n    |\n834 |     pub fn file(&self) -> Option<&'a str> {\n    |                           ^^^^^^ not found in this scope\n\n","error[E0412]: cannot find type `Option` in this scope\n   --> /home/runner/.cargo/registry/src/github.com-1ecc6299db9ec823/log-0.4.22/src/lib.rs:840:34\n    |\n840 |     pub fn file_static(&self) -> Option<&'static str> {\n    |                                  ^^^^^^ not found in this scope\n\n","error[E0531]: cannot find tuple struct or tuple variant `Some` in this scope\n   --> /home/runner/.cargo/registry/src/github.com-1ecc6299db9ec823/log-0.4.22/src/lib.rs:842:13\n    |\n842 |             Some(MaybeStaticStr::Static(s)) => Some(s),\n    |             ^^^^ not found in this scope\n\n","error[E0425]: cannot find value `None` in this scope\n   --> /home/runner/.cargo/registry/src/github.com-1ecc6299db9ec823/log-0.4.22/src/lib.rs:843:18\n    |\n843 |             _ => None,\n    |                  ^^^^ not found in this scope\n\n","error[E0412]: cannot find type `Option` in this scope\n   --> /home/runner/.cargo/registry/src/github.com-1ecc6299db9ec823/log-0.4.22/src/lib.rs:849:27\n    |\n849 |     pub fn line(&self) -> Option<u32> {\n    |                           ^^^^^^ not found in this scope\n\n","error[E0425]: cannot find value `None` in this scope\n   --> /home/runner/.cargo/registry/src/github.com-1ecc6299db9ec823/log-0.4.22/src/lib.rs:943:30\n    |\n943 |                 module_path: None,\n    |                              ^^^^ not found in this scope\n\n","error[E0425]: cannot find value `None` in this scope\n   --> /home/runner/.cargo/registry/src/github.com-1ecc6299db9ec823/log-0.4.22/src/lib.rs:944:23\n    |\n944 |                 file: None,\n    |                       ^^^^ not found in this scope\n\n","error[E0425]: cannot find value `None` in this scope\n   --> /home/runner/.cargo/registry/src/github.com-1ecc6299db9ec823/log-0.4.22/src/lib.rs:945:23\n    |\n945 |                 line: None,\n    |                       ^^^^ not found in this scope\n\n","error[E0412]: cannot find type `Option` in this scope\n   --> /home/runner/.cargo/registry/src/github.com-1ecc6299db9ec823/log-0.4.22/src/lib.rs:982:41\n    |\n982 |     pub fn module_path(&mut self, path: Option<&'a str>) -> &mut RecordBuilder<'a> {\n    |                                         ^^^^^^ not found in this scope\n\n","error[E0412]: cannot find type `Option` in this scope\n   --> /home/runner/.cargo/registry/src/github.com-1ecc6299db9ec823/log-0.4.22/src/lib.rs:989:48\n    |\n989 |     pub fn module_path_static(&mut self, path: Option<&'static str>) -> &mut RecordBuilder<'a> {\n    |                                                ^^^^^^ not found in this scope\n\n","error[E0412]: cannot find type `Option` in this scope\n   --> /home/runner/.cargo/registry/src/github.com-1ecc6299db9ec823/log-0.4.22/src/lib.rs:996:34\n    |\n996 |     pub fn file(&mut self, file: Option<&'a str>) -> &mut RecordBuilder<'a> {\n    |                                  ^^^^^^ not found in this scope\n\n","error[E0412]: cannot find type `Option` in this scope\n    --> /home/runner/.cargo/registry/src/github.com-1ecc6299db9ec823/log-0.4.22/src/lib.rs:1003:41\n     |\n1003 |     pub fn file_static(&mut self, file: Option<&'static str>) -> &mut RecordBuilder<'a> {\n     |                                         ^^^^^^ not found in this scope\n\n","error[E0412]: cannot find type `Option` in this scope\n    --> /home/runner/.cargo/registry/src/github.com-1ecc6299db9ec823/log-0.4.22/src/lib.rs:1010:34\n     |\n1010 |     pub fn line(&mut self, line: Option<u32>) -> &mut RecordBuilder<'a> {\n     |                                  ^^^^^^ not found in this scope\n\n","error[E0405]: cannot find trait `Default` in this scope\n    --> /home/runner/.cargo/registry/src/github.com-1ecc6299db9ec823/log-0.4.22/src/lib.rs:1030:10\n     |\n1030 | impl<'a> Default for RecordBuilder<'a> {\n     |          ^^^^^^^ not found in this scope\n\n","error[E0405]: cannot find trait `Default` in this scope\n    --> /home/runner/.cargo/registry/src/github.com-1ecc6299db9ec823/log-0.4.22/src/lib.rs:1159:10\n     |\n1159 | impl<'a> Default for MetadataBuilder<'a> {\n     |          ^^^^^^^ not found in this scope\n\n","error[E0405]: cannot find trait `Sync` in this scope\n    --> /home/runner/.cargo/registry/src/github.com-1ecc6299db9ec823/log-0.4.22/src/lib.rs:1166:16\n     |\n1166 | pub trait Log: Sync + Send {\n     |                ^^^^ not found in this scope\n\n","error[E0405]: cannot find trait `Send` in this scope\n    --> /home/runner/.cargo/registry/src/github.com-1ecc6299db9ec823/log-0.4.22/src/lib.rs:1166:23\n     |\n1166 | pub trait Log: Sync + Send {\n     |                       ^^^^ not found in this scope\n\n","error[E0405]: cannot find trait `Sized` in this scope\n    --> /home/runner/.cargo/registry/src/github.com-1ecc6299db9ec823/log-0.4.22/src/lib.rs:1213:9\n     |\n1213 |     T: ?Sized + Log,\n     |         ^^^^^ not found in this scope\n\n","error[E0412]: cannot find type `Result` in this scope\n    --> /home/runner/.cargo/registry/src/github.com-1ecc6299db9ec823/log-0.4.22/src/lib.rs:1395:48\n     |\n1395 | pub fn set_logger(logger: &'static dyn Log) -> Result<(), SetLoggerError> {\n     |                                                ^^^^^^ not found in this scope\n\n","error[E0405]: cannot find trait `FnOnce` in this scope\n    --> /home/runner/.cargo/registry/src/github.com-1ecc6299db9ec823/log-0.4.22/src/lib.rs:1402:8\n     |\n1402 |     F: FnOnce() -> &'static dyn Log,\n     |        ^^^^^^ not found in this scope\n\n","error[E0412]: cannot find type `Result` in this scope\n    --> /home/runner/.cargo/registry/src/github.com-1ecc6299db9ec823/log-0.4.22/src/lib.rs:1400:43\n     |\n1400 | fn set_logger_inner<F>(make_logger: F) -> Result<(), SetLoggerError>\n     |                                           ^^^^^^ not found in this scope\n\n","error[E0531]: cannot find tuple struct or tuple variant `Ok` in this scope\n    --> /home/runner/.cargo/registry/src/github.com-1ecc6299db9ec823/log-0.4.22/src/lib.rs:1410:9\n     |\n1410 |         Ok(UNINITIALIZED) => {\n     |         ^^ not found in this scope\n\n","error[E0531]: cannot find tuple struct or tuple variant `Err` in this scope\n    --> /home/runner/.cargo/registry/src/github.com-1ecc6299db9ec823/log-0.4.22/src/lib.rs:1417:9\n     |\n1417 |         Err(INITIALIZING) => {\n     |         ^^^ not found in this scope\n\n","error[E0412]: cannot find type `Result` in this scope\n    --> /home/runner/.cargo/registry/src/github.com-1ecc6299db9ec823/log-0.4.22/src/lib.rs:1446:60\n     |\n1446 | pub unsafe fn set_logger_racy(logger: &'static dyn Log) -> Result<(), SetLoggerError> {\n     |                                                            ^^^^^^ not found in this scope\n\n","error[E0659]: `cfg` is ambiguous\n   --> /home/runner/.cargo/registry/src/github.com-1ecc6299db9ec823/log-0.4.22/src/lib.rs:384:3\n    |\n384 | #[cfg(all(not(feature = \"std\"), not(test)))]\n    |   ^^^ ambiguous name\n    |\n    = note: ambiguous because of a name conflict with a builtin attribute\n    = note: `cfg` could refer to a built-in attribute\nnote: `cfg` could also refer to the unresolved item imported here\n   --> /home/runner/.cargo/registry/src/github.com-1ecc6299db9ec823/log-0.4.22/src/lib.rs:387:5\n    |\n387 | use std::cfg;\n    |     ^^^^^^^^\n    = help: use `crate::cfg` to refer to this unresolved item unambiguously\n\n","error[E0659]: `cfg` is ambiguous\n   --> /home/runner/.cargo/registry/src/github.com-1ecc6299db9ec823/log-0.4.22/src/lib.rs:400:3\n    |\n400 | #[cfg(target_has_atomic = \"ptr\")]\n    |   ^^^ ambiguous name\n    |\n    = note: ambiguous because of a name conflict with a builtin attribute\n    = note: `cfg` could refer to a built-in attribute\nnote: `cfg` could also refer to the unresolved item imported here\n   --> /home/runner/.cargo/registry/src/github.com-1ecc6299db9ec823/log-0.4.22/src/lib.rs:387:5\n    |\n387 | use std::cfg;\n    |     ^^^^^^^^\n    = help: use `crate::cfg` to refer to this unresolved item unambiguously\n\n","error[E0659]: `cfg` is ambiguous\n    --> /home/runner/.cargo/registry/src/github.com-1ecc6299db9ec823/log-0.4.22/src/lib.rs:1267:3\n     |\n1267 | #[cfg(target_has_atomic = \"ptr\")]\n     |   ^^^ ambiguous name\n     |\n     = note: ambiguous because of a name conflict with a builtin attribute\n     = note: `cfg` could refer to a built-in attribute\nnote: `cfg` could also refer to the unresolved item imported here\n    --> /home/runner/.cargo/registry/src/github.com-1ecc6299db9ec823/log-0.4.22/src/lib.rs:387:5\n     |\n387  | use std::cfg;\n     |     ^^^^^^^^\n     = help: use `crate::cfg` to refer to this unresolved item unambiguously\n\n","error[E0659]: `cfg` is ambiguous\n    --> /home/runner/.cargo/registry/src/github.com-1ecc6299db9ec823/log-0.4.22/src/lib.rs:1394:3\n     |\n1394 | #[cfg(target_has_atomic = \"ptr\")]\n     |   ^^^ ambiguous name\n     |\n     = note: ambiguous because of a name conflict with a builtin attribute\n     = note: `cfg` could refer to a built-in attribute\nnote: `cfg` could also refer to the unresolved item imported here\n    --> /home/runner/.cargo/registry/src/github.com-1ecc6299db9ec823/log-0.4.22/src/lib.rs:387:5\n     |\n387  | use std::cfg;\n     |     ^^^^^^^^\n     = help: use `crate::cfg` to refer to this unresolved item unambiguously\n\n","error[E0659]: `cfg` is ambiguous\n    --> /home/runner/.cargo/registry/src/github.com-1ecc6299db9ec823/log-0.4.22/src/lib.rs:1399:3\n     |\n1399 | #[cfg(target_has_atomic = \"ptr\")]\n     |   ^^^ ambiguous name\n     |\n     = note: ambiguous because of a name conflict with a builtin attribute\n     = note: `cfg` could refer to a built-in attribute\nnote: `cfg` could also refer to the unresolved item imported here\n    --> /home/runner/.cargo/registry/src/github.com-1ecc6299db9ec823/log-0.4.22/src/lib.rs:387:5\n     |\n387  | use std::cfg;\n     |     ^^^^^^^^\n     = help: use `crate::cfg` to refer to this unresolved item unambiguously\n\n","error[E0425]: cannot find function, tuple struct or tuple variant `Some` in this scope\n   --> /home/runner/.cargo/registry/src/github.com-1ecc6299db9ec823/log-0.4.22/src/lib.rs:514:9\n    |\n514 |         Some((*self as usize).cmp(&(*other as usize)))\n    |         ^^^^ not found in this scope\n\n","error[E0425]: cannot find function, tuple struct or tuple variant `Some` in this scope\n   --> /home/runner/.cargo/registry/src/github.com-1ecc6299db9ec823/log-0.4.22/src/lib.rs:541:18\n    |\n541 |             1 => Some(Level::Error),\n    |                  ^^^^ not found in this scope\n\n","error[E0425]: cannot find function, tuple struct or tuple variant `Some` in this scope\n   --> /home/runner/.cargo/registry/src/github.com-1ecc6299db9ec823/log-0.4.22/src/lib.rs:542:18\n    |\n542 |             2 => Some(Level::Warn),\n    |                  ^^^^ not found in this scope\n\n","error[E0425]: cannot find function, tuple struct or tuple variant `Some` in this scope\n   --> /home/runner/.cargo/registry/src/github.com-1ecc6299db9ec823/log-0.4.22/src/lib.rs:543:18\n    |\n543 |             3 => Some(Level::Info),\n    |                  ^^^^ not found in this scope\n\n","error[E0425]: cannot find function, tuple struct or tuple variant `Some` in this scope\n   --> /home/runner/.cargo/registry/src/github.com-1ecc6299db9ec823/log-0.4.22/src/lib.rs:544:18\n    |\n544 |             4 => Some(Level::Debug),\n    |                  ^^^^ not found in this scope\n\n","error[E0425]: cannot find function, tuple struct or tuple variant `Some` in this scope\n   --> /home/runner/.cargo/registry/src/github.com-1ecc6299db9ec823/log-0.4.22/src/lib.rs:545:18\n    |\n545 |             5 => Some(Level::Trace),\n    |                  ^^^^ not found in this scope\n\n","error[E0425]: cannot find function, tuple struct or tuple variant `Some` in this scope\n   --> /home/runner/.cargo/registry/src/github.com-1ecc6299db9ec823/log-0.4.22/src/lib.rs:623:9\n    |\n623 |         Some((*self as usize).cmp(&(*other as usize)))\n    |         ^^^^ not found in this scope\n\n","error[E0425]: cannot find function, tuple struct or tuple variant `Some` in this scope\n   --> /home/runner/.cargo/registry/src/github.com-1ecc6299db9ec823/log-0.4.22/src/lib.rs:647:18\n    |\n647 |             0 => Some(LevelFilter::Off),\n    |                  ^^^^ not found in this scope\n\n","error[E0425]: cannot find function, tuple struct or tuple variant `Some` in this scope\n   --> /home/runner/.cargo/registry/src/github.com-1ecc6299db9ec823/log-0.4.22/src/lib.rs:648:18\n    |\n648 |             1 => Some(LevelFilter::Error),\n    |                  ^^^^ not found in this scope\n\n","error[E0425]: cannot find function, tuple struct or tuple variant `Some` in this scope\n   --> /home/runner/.cargo/registry/src/github.com-1ecc6299db9ec823/log-0.4.22/src/lib.rs:649:18\n    |\n649 |             2 => Some(LevelFilter::Warn),\n    |                  ^^^^ not found in this scope\n\n","error[E0425]: cannot find function, tuple struct or tuple variant `Some` in this scope\n   --> /home/runner/.cargo/registry/src/github.com-1ecc6299db9ec823/log-0.4.22/src/lib.rs:650:18\n    |\n650 |             3 => Some(LevelFilter::Info),\n    |                  ^^^^ not found in this scope\n\n","error[E0425]: cannot find function, tuple struct or tuple variant `Some` in this scope\n   --> /home/runner/.cargo/registry/src/github.com-1ecc6299db9ec823/log-0.4.22/src/lib.rs:651:18\n    |\n651 |             4 => Some(LevelFilter::Debug),\n    |                  ^^^^ not found in this scope\n\n","error[E0425]: cannot find function, tuple struct or tuple variant `Some` in this scope\n   --> /home/runner/.cargo/registry/src/github.com-1ecc6299db9ec823/log-0.4.22/src/lib.rs:652:18\n    |\n652 |             5 => Some(LevelFilter::Trace),\n    |                  ^^^^ not found in this scope\n\n","error[E0425]: cannot find function, tuple struct or tuple variant `Some` in this scope\n   --> /home/runner/.cargo/registry/src/github.com-1ecc6299db9ec823/log-0.4.22/src/lib.rs:827:48\n    |\n827 |             Some(MaybeStaticStr::Static(s)) => Some(s),\n    |                                                ^^^^ not found in this scope\n\n","error[E0425]: cannot find function, tuple struct or tuple variant `Some` in this scope\n   --> /home/runner/.cargo/registry/src/github.com-1ecc6299db9ec823/log-0.4.22/src/lib.rs:842:48\n    |\n842 |             Some(MaybeStaticStr::Static(s)) => Some(s),\n    |                                                ^^^^ not found in this scope\n\n","error[E0425]: cannot find function, tuple struct or tuple variant `Ok` in this scope\n    --> /home/runner/.cargo/registry/src/github.com-1ecc6299db9ec823/log-0.4.22/src/lib.rs:1415:13\n     |\n1415 |             Ok(())\n     |             ^^ not found in this scope\n\n","error[E0425]: cannot find function, tuple struct or tuple variant `Err` in this scope\n    --> /home/runner/.cargo/registry/src/github.com-1ecc6299db9ec823/log-0.4.22/src/lib.rs:1421:13\n     |\n1421 |             Err(SetLoggerError(()))\n     |             ^^^ not found in this scope\n\n","error[E0425]: cannot find function, tuple struct or tuple variant `Err` in this scope\n    --> /home/runner/.cargo/registry/src/github.com-1ecc6299db9ec823/log-0.4.22/src/lib.rs:1423:14\n     |\n1423 |         _ => Err(SetLoggerError(())),\n     |              ^^^ not found in this scope\n\n","error[E0425]: cannot find function, tuple struct or tuple variant `Ok` in this scope\n    --> /home/runner/.cargo/registry/src/github.com-1ecc6299db9ec823/log-0.4.22/src/lib.rs:1451:13\n     |\n1451 |             Ok(())\n     |             ^^ not found in this scope\n\n","error[E0425]: cannot find function, tuple struct or tuple variant `Err` in this scope\n    --> /home/runner/.cargo/registry/src/github.com-1ecc6299db9ec823/log-0.4.22/src/lib.rs:1457:14\n     |\n1457 |         _ => Err(SetLoggerError(())),\n     |              ^^^ not found in this scope\n\n"]}},{"file":"examples/src/boot/sbi.rs","count":22,"kinds":{"Unformatted":["file: /home/runner/check/repos-default/elliott10/e1000-driver/examples/src/boot/sbi.rs (original lines from 3 to 4)\n-pub fn console_putchar(ch: usize){\n-\tsbi_call(SBI_CONSOLE_PUTCHAR, ch, 0, 0);\n+pub fn console_putchar(ch: usize) {\n+    sbi_call(SBI_CONSOLE_PUTCHAR, ch, 0, 0);\n","file: /home/runner/check/repos-default/elliott10/e1000-driver/examples/src/boot/sbi.rs (original lines from 8 to 8)\n-\treturn sbi_call(SBI_CONSOLE_GETCHAR, 0, 0, 0);\n+    return sbi_call(SBI_CONSOLE_GETCHAR, 0, 0, 0);\n","file: /home/runner/check/repos-default/elliott10/e1000-driver/examples/src/boot/sbi.rs (original lines from 11 to 23)\n-pub fn console_putchar_u8(ch: u8){\n-\tlet ret: isize;\n-\t//let arg0: char = ch as char;\n-\tlet arg0: u8 = ch;\n-\tlet arg1: usize = 0;\n-\tlet arg2: usize = 0;\n-\tlet which: usize = 1; //SBI_ECALL_CONSOLE_PUTCHAR\n-\tunsafe{\n-\t\tasm!(\"ecall\",\n-\t\t     lateout(\"x10\") ret,\n-\t\t     in(\"x10\") arg0, in(\"x11\") arg1, in(\"x12\") arg2, in(\"x17\") which\n-             );\n-\t}\n+pub fn console_putchar_u8(ch: u8) {\n+    let ret: isize;\n+    //let arg0: char = ch as char;\n+    let arg0: u8 = ch;\n+    let arg1: usize = 0;\n+    let arg2: usize = 0;\n+    let which: usize = 1; //SBI_ECALL_CONSOLE_PUTCHAR\n+    unsafe {\n+        asm!(\"ecall\",\n+        lateout(\"x10\") ret,\n+        in(\"x10\") arg0, in(\"x11\") arg1, in(\"x12\") arg2, in(\"x17\") which\n+        );\n+    }\n","file: /home/runner/check/repos-default/elliott10/e1000-driver/examples/src/boot/sbi.rs (original lines from 26 to 28)\n-fn sbi_call(which: usize, arg0: usize, arg1: usize, arg2: usize) -> isize{\n-\tlet ret: isize;\n-\tunsafe{\n+fn sbi_call(which: usize, arg0: usize, arg1: usize, arg2: usize) -> isize {\n+    let ret: isize;\n+    unsafe {\n","file: /home/runner/check/repos-default/elliott10/e1000-driver/examples/src/boot/sbi.rs (original lines from 30 to 34)\n-             lateout(\"x10\") ret,\n-             in(\"x10\") arg0, in(\"x11\") arg1, in(\"x12\") arg2, in(\"x17\") which\n-            );\n-\t}\n-\tret\n+         lateout(\"x10\") ret,\n+         in(\"x10\") arg0, in(\"x11\") arg1, in(\"x12\") arg2, in(\"x17\") which\n+        );\n+    }\n+    ret\n","file: /home/runner/check/repos-default/elliott10/e1000-driver/examples/src/boot/sbi.rs (original lines from 37 to 39)\n-pub fn set_timer(stime_value: u64){\n-\t#[cfg(target_pointer_width = \"32\")]\n-\tsbi_call(SBI_SET_TIMER, stime_value as usize, (stime_value >> 32), 0);\n+pub fn set_timer(stime_value: u64) {\n+    #[cfg(target_pointer_width = \"32\")]\n+    sbi_call(SBI_SET_TIMER, stime_value as usize, (stime_value >> 32), 0);\n","file: /home/runner/check/repos-default/elliott10/e1000-driver/examples/src/boot/sbi.rs (original lines from 41 to 42)\n-\t#[cfg(target_pointer_width = \"64\")]\n-\tsbi_call(SBI_SET_TIMER, stime_value as usize, 0, 0);\n+    #[cfg(target_pointer_width = \"64\")]\n+    sbi_call(SBI_SET_TIMER, stime_value as usize, 0, 0);\n","file: /home/runner/check/repos-default/elliott10/e1000-driver/examples/src/boot/sbi.rs (original lines from 44 to 45)\n-pub fn clear_ipi(){\n-\tsbi_call(SBI_CLEAR_IPI, 0, 0, 0);\n+pub fn clear_ipi() {\n+    sbi_call(SBI_CLEAR_IPI, 0, 0, 0);\n","file: /home/runner/check/repos-default/elliott10/e1000-driver/examples/src/boot/sbi.rs (original lines from 48 to 49)\n-pub fn send_ipi(sipi_value: usize){\n-\tsbi_call(SBI_SEND_IPI, sipi_value, 0, 0);\n+pub fn send_ipi(sipi_value: usize) {\n+    sbi_call(SBI_SEND_IPI, sipi_value, 0, 0);\n","file: /home/runner/check/repos-default/elliott10/e1000-driver/examples/src/boot/sbi.rs (original lines from 52 to 53)\n-pub fn set_s_insn(entry: usize){\n-\tsbi_call(SBI_SET_SINSN, entry, 0, 0);\n+pub fn set_s_insn(entry: usize) {\n+    sbi_call(SBI_SET_SINSN, entry, 0, 0);\n","file: /home/runner/check/repos-default/elliott10/e1000-driver/examples/src/boot/sbi.rs (original lines from 56 to 57)\n-pub fn shutdown(){\n-\tsbi_call(SBI_SHUTDOWN, 0, 0, 0);\n+pub fn shutdown() {\n+    sbi_call(SBI_SHUTDOWN, 0, 0, 0);\n","file: /home/runner/check/repos-default/elliott10/e1000-driver/examples/src/boot/sbi.rs (original lines from 3 to 4)\n-pub fn console_putchar(ch: usize){\n-\tsbi_call(SBI_CONSOLE_PUTCHAR, ch, 0, 0);\n+pub fn console_putchar(ch: usize) {\n+    sbi_call(SBI_CONSOLE_PUTCHAR, ch, 0, 0);\n","file: /home/runner/check/repos-default/elliott10/e1000-driver/examples/src/boot/sbi.rs (original lines from 8 to 8)\n-\treturn sbi_call(SBI_CONSOLE_GETCHAR, 0, 0, 0);\n+    return sbi_call(SBI_CONSOLE_GETCHAR, 0, 0, 0);\n","file: /home/runner/check/repos-default/elliott10/e1000-driver/examples/src/boot/sbi.rs (original lines from 11 to 23)\n-pub fn console_putchar_u8(ch: u8){\n-\tlet ret: isize;\n-\t//let arg0: char = ch as char;\n-\tlet arg0: u8 = ch;\n-\tlet arg1: usize = 0;\n-\tlet arg2: usize = 0;\n-\tlet which: usize = 1; //SBI_ECALL_CONSOLE_PUTCHAR\n-\tunsafe{\n-\t\tasm!(\"ecall\",\n-\t\t     lateout(\"x10\") ret,\n-\t\t     in(\"x10\") arg0, in(\"x11\") arg1, in(\"x12\") arg2, in(\"x17\") which\n-             );\n-\t}\n+pub fn console_putchar_u8(ch: u8) {\n+    let ret: isize;\n+    //let arg0: char = ch as char;\n+    let arg0: u8 = ch;\n+    let arg1: usize = 0;\n+    let arg2: usize = 0;\n+    let which: usize = 1; //SBI_ECALL_CONSOLE_PUTCHAR\n+    unsafe {\n+        asm!(\"ecall\",\n+        lateout(\"x10\") ret,\n+        in(\"x10\") arg0, in(\"x11\") arg1, in(\"x12\") arg2, in(\"x17\") which\n+        );\n+    }\n","file: /home/runner/check/repos-default/elliott10/e1000-driver/examples/src/boot/sbi.rs (original lines from 26 to 28)\n-fn sbi_call(which: usize, arg0: usize, arg1: usize, arg2: usize) -> isize{\n-\tlet ret: isize;\n-\tunsafe{\n+fn sbi_call(which: usize, arg0: usize, arg1: usize, arg2: usize) -> isize {\n+    let ret: isize;\n+    unsafe {\n","file: /home/runner/check/repos-default/elliott10/e1000-driver/examples/src/boot/sbi.rs (original lines from 30 to 34)\n-             lateout(\"x10\") ret,\n-             in(\"x10\") arg0, in(\"x11\") arg1, in(\"x12\") arg2, in(\"x17\") which\n-            );\n-\t}\n-\tret\n+         lateout(\"x10\") ret,\n+         in(\"x10\") arg0, in(\"x11\") arg1, in(\"x12\") arg2, in(\"x17\") which\n+        );\n+    }\n+    ret\n","file: /home/runner/check/repos-default/elliott10/e1000-driver/examples/src/boot/sbi.rs (original lines from 37 to 39)\n-pub fn set_timer(stime_value: u64){\n-\t#[cfg(target_pointer_width = \"32\")]\n-\tsbi_call(SBI_SET_TIMER, stime_value as usize, (stime_value >> 32), 0);\n+pub fn set_timer(stime_value: u64) {\n+    #[cfg(target_pointer_width = \"32\")]\n+    sbi_call(SBI_SET_TIMER, stime_value as usize, (stime_value >> 32), 0);\n","file: /home/runner/check/repos-default/elliott10/e1000-driver/examples/src/boot/sbi.rs (original lines from 41 to 42)\n-\t#[cfg(target_pointer_width = \"64\")]\n-\tsbi_call(SBI_SET_TIMER, stime_value as usize, 0, 0);\n+    #[cfg(target_pointer_width = \"64\")]\n+    sbi_call(SBI_SET_TIMER, stime_value as usize, 0, 0);\n","file: /home/runner/check/repos-default/elliott10/e1000-driver/examples/src/boot/sbi.rs (original lines from 44 to 45)\n-pub fn clear_ipi(){\n-\tsbi_call(SBI_CLEAR_IPI, 0, 0, 0);\n+pub fn clear_ipi() {\n+    sbi_call(SBI_CLEAR_IPI, 0, 0, 0);\n","file: /home/runner/check/repos-default/elliott10/e1000-driver/examples/src/boot/sbi.rs (original lines from 48 to 49)\n-pub fn send_ipi(sipi_value: usize){\n-\tsbi_call(SBI_SEND_IPI, sipi_value, 0, 0);\n+pub fn send_ipi(sipi_value: usize) {\n+    sbi_call(SBI_SEND_IPI, sipi_value, 0, 0);\n","file: /home/runner/check/repos-default/elliott10/e1000-driver/examples/src/boot/sbi.rs (original lines from 52 to 53)\n-pub fn set_s_insn(entry: usize){\n-\tsbi_call(SBI_SET_SINSN, entry, 0, 0);\n+pub fn set_s_insn(entry: usize) {\n+    sbi_call(SBI_SET_SINSN, entry, 0, 0);\n","file: /home/runner/check/repos-default/elliott10/e1000-driver/examples/src/boot/sbi.rs (original lines from 56 to 57)\n-pub fn shutdown(){\n-\tsbi_call(SBI_SHUTDOWN, 0, 0, 0);\n+pub fn shutdown() {\n+    sbi_call(SBI_SHUTDOWN, 0, 0, 0);\n"]}},{"file":"/home/runner/.cargo/registry/src/github.com-1ecc6299db9ec823/volatile-0.3.0/src/lib.rs","count":14,"kinds":{"Clippy(Error)":["error[E0463]: can't find crate for `core`\n  |\n  = note: the `riscv64gc-unknown-none-elf` target may not be installed\n  = help: consider downloading the target with `rustup target add riscv64gc-unknown-none-elf`\n  = help: consider building the standard library from source with `cargo build -Zbuild-std`\n\n","error[E0463]: can't find crate for `compiler_builtins`\n\n","error: cannot find attribute `derive` in this scope\n   --> /home/runner/.cargo/registry/src/github.com-1ecc6299db9ec823/volatile-0.3.0/src/lib.rs:211:3\n    |\n211 | #[derive(Default)]\n    |   ^^^^^^\n\n","error: cannot find attribute `derive` in this scope\n   --> /home/runner/.cargo/registry/src/github.com-1ecc6299db9ec823/volatile-0.3.0/src/lib.rs:154:3\n    |\n154 | #[derive(Debug, Clone, Default)]\n    |   ^^^^^^\n\n","error: cannot find attribute `derive` in this scope\n  --> /home/runner/.cargo/registry/src/github.com-1ecc6299db9ec823/volatile-0.3.0/src/lib.rs:37:3\n   |\n37 | #[derive(Debug, Default)]\n   |   ^^^^^^\n\n","error[E0405]: cannot find trait `Copy` in this scope\n  --> /home/runner/.cargo/registry/src/github.com-1ecc6299db9ec823/volatile-0.3.0/src/lib.rs:39:24\n   |\n39 | pub struct Volatile<T: Copy>(T);\n   |                        ^^^^ not found in this scope\n\n","error[E0405]: cannot find trait `Copy` in this scope\n  --> /home/runner/.cargo/registry/src/github.com-1ecc6299db9ec823/volatile-0.3.0/src/lib.rs:41:9\n   |\n41 | impl<T: Copy> Volatile<T> {\n   |         ^^^^ not found in this scope\n\n","error[E0405]: cannot find trait `FnOnce` in this scope\n   --> /home/runner/.cargo/registry/src/github.com-1ecc6299db9ec823/volatile-0.3.0/src/lib.rs:137:12\n    |\n137 |         F: FnOnce(&mut T),\n    |            ^^^^^^ not found in this scope\n\n","error[E0405]: cannot find trait `Clone` in this scope\n   --> /home/runner/.cargo/registry/src/github.com-1ecc6299db9ec823/volatile-0.3.0/src/lib.rs:145:15\n    |\n145 | impl<T: Copy> Clone for Volatile<T> {\n    |               ^^^^^ not found in this scope\n\n","error[E0405]: cannot find trait `Copy` in this scope\n   --> /home/runner/.cargo/registry/src/github.com-1ecc6299db9ec823/volatile-0.3.0/src/lib.rs:145:9\n    |\n145 | impl<T: Copy> Clone for Volatile<T> {\n    |         ^^^^ not found in this scope\n\n","error[E0405]: cannot find trait `Copy` in this scope\n   --> /home/runner/.cargo/registry/src/github.com-1ecc6299db9ec823/volatile-0.3.0/src/lib.rs:155:24\n    |\n155 | pub struct ReadOnly<T: Copy>(Volatile<T>);\n    |                        ^^^^ not found in this scope\n\n","error[E0405]: cannot find trait `Copy` in this scope\n   --> /home/runner/.cargo/registry/src/github.com-1ecc6299db9ec823/volatile-0.3.0/src/lib.rs:157:9\n    |\n157 | impl<T: Copy> ReadOnly<T> {\n    |         ^^^^ not found in this scope\n\n","error[E0405]: cannot find trait `Copy` in this scope\n   --> /home/runner/.cargo/registry/src/github.com-1ecc6299db9ec823/volatile-0.3.0/src/lib.rs:212:25\n    |\n212 | pub struct WriteOnly<T: Copy>(Volatile<T>);\n    |                         ^^^^ not found in this scope\n\n","error[E0405]: cannot find trait `Copy` in this scope\n   --> /home/runner/.cargo/registry/src/github.com-1ecc6299db9ec823/volatile-0.3.0/src/lib.rs:214:9\n    |\n214 | impl<T: Copy> WriteOnly<T> {\n    |         ^^^^ not found in this scope\n\n"]}},{"file":"/home/runner/.cargo/registry/src/github.com-1ecc6299db9ec823/log-0.4.22/src/__private_api.rs","count":10,"kinds":{"Clippy(Error)":["error: cannot find macro `panic` in this scope\n  --> /home/runner/.cargo/registry/src/github.com-1ecc6299db9ec823/log-0.4.22/src/__private_api.rs:45:9\n   |\n45 |         panic!(\"key-value support is experimental and must be enabled using the `kv` feature\")\n   |         ^^^^^\n\n","error[E0412]: cannot find type `Option` in this scope\n  --> /home/runner/.cargo/registry/src/github.com-1ecc6299db9ec823/log-0.4.22/src/__private_api.rs:15:30\n   |\n15 |         fn into_kvs(self) -> Option<&'a [(&'a str, super::Value<'a>)]>;\n   |                              ^^^^^^ not found in this scope\n\n","error[E0412]: cannot find type `Option` in this scope\n  --> /home/runner/.cargo/registry/src/github.com-1ecc6299db9ec823/log-0.4.22/src/__private_api.rs:23:26\n   |\n23 |     fn into_kvs(self) -> Option<&'a [(&'a str, Value<'a>)]> {\n   |                          ^^^^^^ not found in this scope\n\n","error[E0412]: cannot find type `Option` in this scope\n  --> /home/runner/.cargo/registry/src/github.com-1ecc6299db9ec823/log-0.4.22/src/__private_api.rs:30:26\n   |\n30 |     fn into_kvs(self) -> Option<&'a [(&'a str, Value<'a>)]> {\n   |                          ^^^^^^ not found in this scope\n\n","error[E0425]: cannot find value `None` in this scope\n  --> /home/runner/.cargo/registry/src/github.com-1ecc6299db9ec823/log-0.4.22/src/__private_api.rs:31:9\n   |\n31 |         None\n   |         ^^^^ not found in this scope\n\n","error[E0412]: cannot find type `Option` in this scope\n  --> /home/runner/.cargo/registry/src/github.com-1ecc6299db9ec823/log-0.4.22/src/__private_api.rs:41:10\n   |\n41 |     kvs: Option<&[(&str, Value)]>,\n   |          ^^^^^^ not found in this scope\n\n","error[E0425]: cannot find function, tuple struct or tuple variant `Some` in this scope\n  --> /home/runner/.cargo/registry/src/github.com-1ecc6299db9ec823/log-0.4.22/src/__private_api.rs:24:9\n   |\n24 |         Some(self)\n   |         ^^^^------\n   |         |\n   |         help: try calling `Some` as a method: `self.Some()`\n\n","error[E0425]: cannot find function, tuple struct or tuple variant `Some` in this scope\n  --> /home/runner/.cargo/registry/src/github.com-1ecc6299db9ec823/log-0.4.22/src/__private_api.rs:54:29\n   |\n54 |         .module_path_static(Some(module_path))\n   |                             ^^^^ not found in this scope\n\n","error[E0425]: cannot find function, tuple struct or tuple variant `Some` in this scope\n  --> /home/runner/.cargo/registry/src/github.com-1ecc6299db9ec823/log-0.4.22/src/__private_api.rs:55:22\n   |\n55 |         .file_static(Some(loc.file()))\n   |                      ^^^^ not found in this scope\n\n","error[E0425]: cannot find function, tuple struct or tuple variant `Some` in this scope\n  --> /home/runner/.cargo/registry/src/github.com-1ecc6299db9ec823/log-0.4.22/src/__private_api.rs:56:15\n   |\n56 |         .line(Some(loc.line()));\n   |               ^^^^ not found in this scope\n\n"]}},{"file":"src/lib.rs","count":8,"kinds":{"Unformatted":["file: /home/runner/check/repos-default/elliott10/e1000-driver/src/lib.rs (original lines from 9 to 9)\n-mod utils;\n","file: /home/runner/check/repos-default/elliott10/e1000-driver/src/lib.rs (original lines from 12 to 12)\n+mod utils;\n","file: /home/runner/check/repos-default/elliott10/e1000-driver/src/lib.rs (original lines from 17 to 17)\n-\n","file: /home/runner/check/repos-default/elliott10/e1000-driver/src/lib.rs (original lines from 23 to 25)\n-    fn it_works() {\n-\n-    }\n+    fn it_works() {}\n","file: /home/runner/check/repos-default/elliott10/e1000-driver/src/lib.rs (original lines from 9 to 9)\n-mod utils;\n","file: /home/runner/check/repos-default/elliott10/e1000-driver/src/lib.rs (original lines from 12 to 12)\n+mod utils;\n","file: /home/runner/check/repos-default/elliott10/e1000-driver/src/lib.rs (original lines from 17 to 17)\n-\n","file: /home/runner/check/repos-default/elliott10/e1000-driver/src/lib.rs (original lines from 23 to 25)\n-    fn it_works() {\n-\n-    }\n+    fn it_works() {}\n"]}},{"file":"src/e1000/e1000.rs","count":7,"kinds":{"Clippy(Warn)":["warning: the loop variable `i` is only used to index `tx_ring`\n   --> src/e1000/e1000.rs:117:18\n    |\n117 |         for i in 0..TX_RING_SIZE {\n    |                  ^^^^^^^^^^^^^^^\n    |\n    = help: for further information visit https://rust-lang.github.io/rust-clippy/master/index.html#needless_range_loop\n    = note: `#[warn(clippy::needless_range_loop)]` on by default\nhelp: consider using an iterator\n    |\n117 |         for <item> in tx_ring.iter_mut().take(TX_RING_SIZE) {\n    |             ~~~~~~    ~~~~~~~~~~~~~~~~~~~~~~~~~~~~~~~~~~~~~\n\n","warning: the loop variable `i` is only used to index `rx_ring`\n   --> src/e1000/e1000.rs:132:18\n    |\n132 |         for i in 0..RX_RING_SIZE {\n    |                  ^^^^^^^^^^^^^^^\n    |\n    = help: for further information visit https://rust-lang.github.io/rust-clippy/master/index.html#needless_range_loop\nhelp: consider using an iterator\n    |\n132 |         for <item> in rx_ring.iter_mut().take(RX_RING_SIZE) {\n    |             ~~~~~~    ~~~~~~~~~~~~~~~~~~~~~~~~~~~~~~~~~~~~~\n\n","warning: length comparison to zero\n   --> src/e1000/e1000.rs:359:12\n    |\n359 |         if recv_packets.len() > 0 {\n    |            ^^^^^^^^^^^^^^^^^^^^^^ help: using `!is_empty` is clearer and more explicit: `!recv_packets.is_empty()`\n    |\n    = help: for further information visit https://rust-lang.github.io/rust-clippy/master/index.html#len_zero\n    = note: `#[warn(clippy::len_zero)]` on by default\n\n","warning: constant `alloc_tx_ring_pages` should have an upper case name\n  --> src/e1000/e1000.rs:14:7\n   |\n14 | const alloc_tx_ring_pages: usize =\n   |       ^^^^^^^^^^^^^^^^^^^ help: convert the identifier to upper case: `ALLOC_TX_RING_PAGES`\n   |\n   = note: `#[warn(non_upper_case_globals)]` on by default\n\n","warning: constant `alloc_rx_ring_pages` should have an upper case name\n  --> src/e1000/e1000.rs:16:7\n   |\n16 | const alloc_rx_ring_pages: usize =\n   |       ^^^^^^^^^^^^^^^^^^^ help: convert the identifier to upper case: `ALLOC_RX_RING_PAGES`\n\n","warning: constant `alloc_tx_buffer_pages` should have an upper case name\n  --> src/e1000/e1000.rs:19:7\n   |\n19 | const alloc_tx_buffer_pages: usize = ((TX_RING_SIZE * MBUF_SIZE) + (PAGE_SIZE - 1)) / PAGE_SIZE;\n   |       ^^^^^^^^^^^^^^^^^^^^^ help: convert the identifier to upper case: `ALLOC_TX_BUFFER_PAGES`\n\n","warning: constant `alloc_rx_buffer_pages` should have an upper case name\n  --> src/e1000/e1000.rs:20:7\n   |\n20 | const alloc_rx_buffer_pages: usize = ((RX_RING_SIZE * MBUF_SIZE) + (PAGE_SIZE - 1)) / PAGE_SIZE;\n   |       ^^^^^^^^^^^^^^^^^^^^^ help: convert the identifier to upper case: `ALLOC_RX_BUFFER_PAGES`\n\n"]}},{"file":"src/pci.rs","count":7,"kinds":{"Clippy(Warn)":["warning: this operation has no effect\n  --> src/pci.rs:45:24\n   |\n45 |             pci_config[4 + 0].write(E1000_REGS);\n   |                        ^^^^^ help: consider reducing it to: `4`\n   |\n   = help: for further information visit https://rust-lang.github.io/rust-clippy/master/index.html#identity_op\n   = note: `#[warn(clippy::identity_op)]` on by default\n\n"],"Unformatted":["file: /home/runner/check/repos-default/elliott10/e1000-driver/src/pci.rs (original lines from 3 to 3)\n-use volatile::Volatile;\n","file: /home/runner/check/repos-default/elliott10/e1000-driver/src/pci.rs (original lines from 5 to 5)\n+use volatile::Volatile;\n","file: /home/runner/check/repos-default/elliott10/e1000-driver/src/pci.rs (original lines from 22 to 22)\n-        let deve_id = unsafe{ (*pci_base).read() };\n+        let deve_id = unsafe { (*pci_base).read() };\n","file: /home/runner/check/repos-default/elliott10/e1000-driver/src/pci.rs (original lines from 3 to 3)\n-use volatile::Volatile;\n","file: /home/runner/check/repos-default/elliott10/e1000-driver/src/pci.rs (original lines from 5 to 5)\n+use volatile::Volatile;\n","file: /home/runner/check/repos-default/elliott10/e1000-driver/src/pci.rs (original lines from 22 to 22)\n-        let deve_id = unsafe{ (*pci_base).read() };\n+        let deve_id = unsafe { (*pci_base).read() };\n"]}},{"file":"examples/src/boot/lang_items.rs","count":6,"kinds":{"Unformatted":["file: /home/runner/check/repos-default/elliott10/e1000-driver/examples/src/boot/lang_items.rs (original lines from 4 to 7)\n-fn panic(info: &PanicInfo) -> !{\n-\tprintln!(\"{}\", info);\n-\tcrate::boot::sbi::shutdown();\n-\tunreachable!()\n+fn panic(info: &PanicInfo) -> ! {\n+    println!(\"{}\", info);\n+    crate::boot::sbi::shutdown();\n+    unreachable!()\n","file: /home/runner/check/repos-default/elliott10/e1000-driver/examples/src/boot/lang_items.rs (original lines from 11 to 12)\n-pub extern \"C\" fn abort() -> !{\n-\tpanic!(\"abort!\");\n+pub extern \"C\" fn abort() -> ! {\n+    panic!(\"abort!\");\n","file: /home/runner/check/repos-default/elliott10/e1000-driver/examples/src/boot/lang_items.rs (original lines from 14 to 14)\n-\n","file: /home/runner/check/repos-default/elliott10/e1000-driver/examples/src/boot/lang_items.rs (original lines from 4 to 7)\n-fn panic(info: &PanicInfo) -> !{\n-\tprintln!(\"{}\", info);\n-\tcrate::boot::sbi::shutdown();\n-\tunreachable!()\n+fn panic(info: &PanicInfo) -> ! {\n+    println!(\"{}\", info);\n+    crate::boot::sbi::shutdown();\n+    unreachable!()\n","file: /home/runner/check/repos-default/elliott10/e1000-driver/examples/src/boot/lang_items.rs (original lines from 11 to 12)\n-pub extern \"C\" fn abort() -> !{\n-\tpanic!(\"abort!\");\n+pub extern \"C\" fn abort() -> ! {\n+    panic!(\"abort!\");\n","file: /home/runner/check/repos-default/elliott10/e1000-driver/examples/src/boot/lang_items.rs (original lines from 14 to 14)\n-\n"]}},{"file":"examples/src/pci_impl.rs","count":4,"kinds":{"Unformatted":["file: /home/runner/check/repos-default/elliott10/e1000-driver/examples/src/pci_impl.rs (original lines from 2 to 2)\n-use pci::{PortOps, CSpaceAccessMethod};\n+use pci::{CSpaceAccessMethod, PortOps};\n","file: /home/runner/check/repos-default/elliott10/e1000-driver/examples/src/pci_impl.rs (original lines from 9 to 9)\n-pub const PCI_COMMAND_INTX_DISABLE:u16 = 0x400;\n+pub const PCI_COMMAND_INTX_DISABLE: u16 = 0x400;\n","file: /home/runner/check/repos-default/elliott10/e1000-driver/examples/src/pci_impl.rs (original lines from 2 to 2)\n-use pci::{PortOps, CSpaceAccessMethod};\n+use pci::{CSpaceAccessMethod, PortOps};\n","file: /home/runner/check/repos-default/elliott10/e1000-driver/examples/src/pci_impl.rs (original lines from 9 to 9)\n-pub const PCI_COMMAND_INTX_DISABLE:u16 = 0x400;\n+pub const PCI_COMMAND_INTX_DISABLE: u16 = 0x400;\n"]}},{"file":"(virtual) clippy","count":2,"kinds":{"Cargo":["// pkg_name=e1000-driver, checker=Clippy\n// toolchain=nightly-2023-02-23, target=riscv64imac-unknown-none-elf\n// pkg_dir=/home/runner/check/repos-default/elliott10/e1000-driver\n// cmd=cargo clippy --target riscv64imac-unknown-none-elf --no-deps --message-format=json\n    Updating crates.io index\n    Checking log v0.4.22\n    Checking volatile v0.3.0\n    Checking e1000-driver v0.2.0 (/home/runner/check/repos-default/elliott10/e1000-driver)\nerror: could not compile `e1000-driver` due to 2 previous errors; 9 warnings emitted\n","// pkg_name=e1000-driver, checker=Clippy\n// toolchain=nightly-2023-02-23, target=riscv64gc-unknown-none-elf\n// pkg_dir=/home/runner/check/repos-default/elliott10/e1000-driver\n// cmd=cargo clippy --target riscv64gc-unknown-none-elf --no-deps --message-format=json\n    Checking log v0.4.22\n    Checking volatile v0.3.0\nerror: could not compile `volatile` due to 15 previous errors\nwarning: build failed, waiting for other jobs to finish...\nerror: could not compile `log` due to 108 previous errors\n"]}},{"file":"examples/src/boot/mod.rs","count":2,"kinds":{"Unformatted":["file: /home/runner/check/repos-default/elliott10/e1000-driver/examples/src/boot/mod.rs (original lines from 17 to 17)\n-\n","file: /home/runner/check/repos-default/elliott10/e1000-driver/examples/src/boot/mod.rs (original lines from 17 to 17)\n-\n"]}},{"file":"examples/src/e1000.rs","count":2,"kinds":{"Unformatted":["file: /home/runner/check/repos-default/elliott10/e1000-driver/examples/src/e1000.rs (original lines from 126 to 126)\n+\n","file: /home/runner/check/repos-default/elliott10/e1000-driver/examples/src/e1000.rs (original lines from 126 to 126)\n+\n"]}},{"file":"src/e1000/e1000_const.rs","count":1,"kinds":{"Clippy(Error)":["error: this operation will always return zero. This is likely not the intended outcome\n --> src/e1000/e1000_const.rs:5:37\n  |\n5 | pub(crate) const E1000_CTL: usize = 0x00000 / 4; /* Device Control Register - RW */\n  |                                     ^^^^^^^^^^^\n  |\n  = help: for further information visit https://rust-lang.github.io/rust-clippy/master/index.html#erasing_op\n  = note: `#[deny(clippy::erasing_op)]` on by default\n\n"]}},{"file":"src/e1000/mod.rs","count":1,"kinds":{"Clippy(Warn)":["warning: module has the same name as its containing module\n --> src/e1000/mod.rs:1:1\n  |\n1 | mod e1000;\n  | ^^^^^^^^^^\n  |\n  = help: for further information visit https://rust-lang.github.io/rust-clippy/master/index.html#module_inception\n  = note: `#[warn(clippy::module_inception)]` on by default\n\n"]}}]},{"user":"elliott10","repo":"e1000-driver","pkg":"e1000-driver-test","count":31,"raw_reports":[{"file":"src/boot/sbi.rs","count":13,"kinds":{"Clippy(Warn)":["warning: value assigned to `ret` is never read\n  --> src/boot/sbi.rs:20:23\n   |\n20 |              lateout(\"x10\") ret,\n   |                             ^^^\n   |\n   = help: maybe it is overwritten before being read?\n   = note: `#[warn(unused_assignments)]` on by default\n\n","warning: unneeded `return` statement\n --> src/boot/sbi.rs:8:2\n  |\n8 |     return sbi_call(SBI_CONSOLE_GETCHAR, 0, 0, 0);\n  |     ^^^^^^^^^^^^^^^^^^^^^^^^^^^^^^^^^^^^^^^^^^^^^\n  |\n  = help: for further information visit https://rust-lang.github.io/rust-clippy/master/index.html#needless_return\n  = note: `#[warn(clippy::needless_return)]` on by default\nhelp: remove `return`\n  |\n8 -     return sbi_call(SBI_CONSOLE_GETCHAR, 0, 0, 0);\n8 +     sbi_call(SBI_CONSOLE_GETCHAR, 0, 0, 0)\n  |\n\n"],"Unformatted":["file: /home/runner/check/repos-default/elliott10/e1000-driver/examples/src/boot/sbi.rs (original lines from 3 to 4)\n-pub fn console_putchar(ch: usize){\n-\tsbi_call(SBI_CONSOLE_PUTCHAR, ch, 0, 0);\n+pub fn console_putchar(ch: usize) {\n+    sbi_call(SBI_CONSOLE_PUTCHAR, ch, 0, 0);\n","file: /home/runner/check/repos-default/elliott10/e1000-driver/examples/src/boot/sbi.rs (original lines from 8 to 8)\n-\treturn sbi_call(SBI_CONSOLE_GETCHAR, 0, 0, 0);\n+    return sbi_call(SBI_CONSOLE_GETCHAR, 0, 0, 0);\n","file: /home/runner/check/repos-default/elliott10/e1000-driver/examples/src/boot/sbi.rs (original lines from 11 to 23)\n-pub fn console_putchar_u8(ch: u8){\n-\tlet ret: isize;\n-\t//let arg0: char = ch as char;\n-\tlet arg0: u8 = ch;\n-\tlet arg1: usize = 0;\n-\tlet arg2: usize = 0;\n-\tlet which: usize = 1; //SBI_ECALL_CONSOLE_PUTCHAR\n-\tunsafe{\n-\t\tasm!(\"ecall\",\n-\t\t     lateout(\"x10\") ret,\n-\t\t     in(\"x10\") arg0, in(\"x11\") arg1, in(\"x12\") arg2, in(\"x17\") which\n-             );\n-\t}\n+pub fn console_putchar_u8(ch: u8) {\n+    let ret: isize;\n+    //let arg0: char = ch as char;\n+    let arg0: u8 = ch;\n+    let arg1: usize = 0;\n+    let arg2: usize = 0;\n+    let which: usize = 1; //SBI_ECALL_CONSOLE_PUTCHAR\n+    unsafe {\n+        asm!(\"ecall\",\n+        lateout(\"x10\") ret,\n+        in(\"x10\") arg0, in(\"x11\") arg1, in(\"x12\") arg2, in(\"x17\") which\n+        );\n+    }\n","file: /home/runner/check/repos-default/elliott10/e1000-driver/examples/src/boot/sbi.rs (original lines from 26 to 28)\n-fn sbi_call(which: usize, arg0: usize, arg1: usize, arg2: usize) -> isize{\n-\tlet ret: isize;\n-\tunsafe{\n+fn sbi_call(which: usize, arg0: usize, arg1: usize, arg2: usize) -> isize {\n+    let ret: isize;\n+    unsafe {\n","file: /home/runner/check/repos-default/elliott10/e1000-driver/examples/src/boot/sbi.rs (original lines from 30 to 34)\n-             lateout(\"x10\") ret,\n-             in(\"x10\") arg0, in(\"x11\") arg1, in(\"x12\") arg2, in(\"x17\") which\n-            );\n-\t}\n-\tret\n+         lateout(\"x10\") ret,\n+         in(\"x10\") arg0, in(\"x11\") arg1, in(\"x12\") arg2, in(\"x17\") which\n+        );\n+    }\n+    ret\n","file: /home/runner/check/repos-default/elliott10/e1000-driver/examples/src/boot/sbi.rs (original lines from 37 to 39)\n-pub fn set_timer(stime_value: u64){\n-\t#[cfg(target_pointer_width = \"32\")]\n-\tsbi_call(SBI_SET_TIMER, stime_value as usize, (stime_value >> 32), 0);\n+pub fn set_timer(stime_value: u64) {\n+    #[cfg(target_pointer_width = \"32\")]\n+    sbi_call(SBI_SET_TIMER, stime_value as usize, (stime_value >> 32), 0);\n","file: /home/runner/check/repos-default/elliott10/e1000-driver/examples/src/boot/sbi.rs (original lines from 41 to 42)\n-\t#[cfg(target_pointer_width = \"64\")]\n-\tsbi_call(SBI_SET_TIMER, stime_value as usize, 0, 0);\n+    #[cfg(target_pointer_width = \"64\")]\n+    sbi_call(SBI_SET_TIMER, stime_value as usize, 0, 0);\n","file: /home/runner/check/repos-default/elliott10/e1000-driver/examples/src/boot/sbi.rs (original lines from 44 to 45)\n-pub fn clear_ipi(){\n-\tsbi_call(SBI_CLEAR_IPI, 0, 0, 0);\n+pub fn clear_ipi() {\n+    sbi_call(SBI_CLEAR_IPI, 0, 0, 0);\n","file: /home/runner/check/repos-default/elliott10/e1000-driver/examples/src/boot/sbi.rs (original lines from 48 to 49)\n-pub fn send_ipi(sipi_value: usize){\n-\tsbi_call(SBI_SEND_IPI, sipi_value, 0, 0);\n+pub fn send_ipi(sipi_value: usize) {\n+    sbi_call(SBI_SEND_IPI, sipi_value, 0, 0);\n","file: /home/runner/check/repos-default/elliott10/e1000-driver/examples/src/boot/sbi.rs (original lines from 52 to 53)\n-pub fn set_s_insn(entry: usize){\n-\tsbi_call(SBI_SET_SINSN, entry, 0, 0);\n+pub fn set_s_insn(entry: usize) {\n+    sbi_call(SBI_SET_SINSN, entry, 0, 0);\n","file: /home/runner/check/repos-default/elliott10/e1000-driver/examples/src/boot/sbi.rs (original lines from 56 to 57)\n-pub fn shutdown(){\n-\tsbi_call(SBI_SHUTDOWN, 0, 0, 0);\n+pub fn shutdown() {\n+    sbi_call(SBI_SHUTDOWN, 0, 0, 0);\n"]}},{"file":"/home/runner/check/repos-default/elliott10/e1000-driver/src/e1000/e1000.rs","count":4,"kinds":{"Clippy(Warn)":["warning: constant `alloc_tx_ring_pages` should have an upper case name\n  --> /home/runner/check/repos-default/elliott10/e1000-driver/src/e1000/e1000.rs:14:7\n   |\n14 | const alloc_tx_ring_pages: usize =\n   |       ^^^^^^^^^^^^^^^^^^^ help: convert the identifier to upper case: `ALLOC_TX_RING_PAGES`\n   |\n   = note: `#[warn(non_upper_case_globals)]` on by default\n\n","warning: constant `alloc_rx_ring_pages` should have an upper case name\n  --> /home/runner/check/repos-default/elliott10/e1000-driver/src/e1000/e1000.rs:16:7\n   |\n16 | const alloc_rx_ring_pages: usize =\n   |       ^^^^^^^^^^^^^^^^^^^ help: convert the identifier to upper case: `ALLOC_RX_RING_PAGES`\n\n","warning: constant `alloc_tx_buffer_pages` should have an upper case name\n  --> /home/runner/check/repos-default/elliott10/e1000-driver/src/e1000/e1000.rs:19:7\n   |\n19 | const alloc_tx_buffer_pages: usize = ((TX_RING_SIZE * MBUF_SIZE) + (PAGE_SIZE - 1)) / PAGE_SIZE;\n   |       ^^^^^^^^^^^^^^^^^^^^^ help: convert the identifier to upper case: `ALLOC_TX_BUFFER_PAGES`\n\n","warning: constant `alloc_rx_buffer_pages` should have an upper case name\n  --> /home/runner/check/repos-default/elliott10/e1000-driver/src/e1000/e1000.rs:20:7\n   |\n20 | const alloc_rx_buffer_pages: usize = ((RX_RING_SIZE * MBUF_SIZE) + (PAGE_SIZE - 1)) / PAGE_SIZE;\n   |       ^^^^^^^^^^^^^^^^^^^^^ help: convert the identifier to upper case: `ALLOC_RX_BUFFER_PAGES`\n\n"]}},{"file":"src/e1000.rs","count":4,"kinds":{"Clippy(Warn)":["warning: unused import: `vec`\n --> src/e1000.rs:1:25\n  |\n1 | use alloc::{boxed::Box, vec};\n  |                         ^^^\n  |\n  = note: `#[warn(unused_imports)]` on by default\n\n","warning: value assigned to `cycle` is never read\n   --> src/e1000.rs:101:13\n    |\n101 |     let mut cycle: u64 = 0;\n    |             ^^^^^\n    |\n    = help: maybe it is overwritten before being read?\n\n","warning: the loop variable `i` is used to index `buf`\n  --> src/e1000.rs:81:14\n   |\n81 |     for i in 0..len {\n   |              ^^^^^^\n   |\n   = help: for further information visit https://rust-lang.github.io/rust-clippy/master/index.html#needless_range_loop\n   = note: `#[warn(clippy::needless_range_loop)]` on by default\nhelp: consider using an iterator and enumerate()\n   |\n81 |     for (i, <item>) in buf.iter().enumerate().take(len) {\n   |         ~~~~~~~~~~~    ~~~~~~~~~~~~~~~~~~~~~~~~~~~~~~~~\n\n"],"Unformatted":["file: /home/runner/check/repos-default/elliott10/e1000-driver/examples/src/e1000.rs (original lines from 126 to 126)\n+\n"]}},{"file":"src/main.rs","count":4,"kinds":{"Clippy(Warn)":["warning: unused imports: `boxed::Box`, `vec`\n  --> src/main.rs:17:13\n   |\n17 | use alloc::{boxed::Box, format, vec, vec::Vec};\n   |             ^^^^^^^^^^          ^^^\n\n","warning: unused imports: `boxed::Box`, `vec`\n  --> src/main.rs:17:13\n   |\n17 | use alloc::{boxed::Box, format, vec, vec::Vec};\n   |             ^^^^^^^^^^          ^^^\n\n","warning: variable does not need to be mutable\n   --> src/main.rs:151:21\n    |\n151 |                 let mut e1000_device =\n    |                     ----^^^^^^^^^^^^\n    |                     |\n    |                     help: remove this `mut`\n    |\n    = note: `#[warn(unused_mut)]` on by default\n\n","warning: unused `core::result::Result` that must be used\n  --> src/main.rs:31:5\n   |\n31 |     logger::init(\"DEBUG\");\n   |     ^^^^^^^^^^^^^^^^^^^^^\n   |\n   = note: this `Result` may be an `Err` variant, which should be handled\n   = note: `#[warn(unused_must_use)]` on by default\nhelp: use `let _ = ...` to ignore the resulting value\n   |\n31 |     let _ = logger::init(\"DEBUG\");\n   |     +++++++\n\n"]}},{"file":"src/boot/lang_items.rs","count":3,"kinds":{"Unformatted":["file: /home/runner/check/repos-default/elliott10/e1000-driver/examples/src/boot/lang_items.rs (original lines from 4 to 7)\n-fn panic(info: &PanicInfo) -> !{\n-\tprintln!(\"{}\", info);\n-\tcrate::boot::sbi::shutdown();\n-\tunreachable!()\n+fn panic(info: &PanicInfo) -> ! {\n+    println!(\"{}\", info);\n+    crate::boot::sbi::shutdown();\n+    unreachable!()\n","file: /home/runner/check/repos-default/elliott10/e1000-driver/examples/src/boot/lang_items.rs (original lines from 11 to 12)\n-pub extern \"C\" fn abort() -> !{\n-\tpanic!(\"abort!\");\n+pub extern \"C\" fn abort() -> ! {\n+    panic!(\"abort!\");\n","file: /home/runner/check/repos-default/elliott10/e1000-driver/examples/src/boot/lang_items.rs (original lines from 14 to 14)\n-\n"]}},{"file":"src/pci_impl.rs","count":2,"kinds":{"Unformatted":["file: /home/runner/check/repos-default/elliott10/e1000-driver/examples/src/pci_impl.rs (original lines from 2 to 2)\n-use pci::{PortOps, CSpaceAccessMethod};\n+use pci::{CSpaceAccessMethod, PortOps};\n","file: /home/runner/check/repos-default/elliott10/e1000-driver/examples/src/pci_impl.rs (original lines from 9 to 9)\n-pub const PCI_COMMAND_INTX_DISABLE:u16 = 0x400;\n+pub const PCI_COMMAND_INTX_DISABLE: u16 = 0x400;\n"]}},{"file":"src/boot/mod.rs","count":1,"kinds":{"Unformatted":["file: /home/runner/check/repos-default/elliott10/e1000-driver/examples/src/boot/mod.rs (original lines from 17 to 17)\n-\n"]}}]}],"kinds_order":["Cargo","Clippy(Error)","Clippy(Warn)","Lockbud(Probably)","Lockbud(Possibly)","Unformatted"]}