{"repo":{"user":"kern-crates","repo":"zcore-zircon-object"},"data":[{"user":"kern-crates","repo":"zcore-zircon-object","pkg":"zircon-object","count":9,"raw_reports":[{"file":"/home/runner/.cargo/git/checkouts/region-allocator-6fbd753802224a3a/122c7a7/src/lib.rs","count":2,"kinds":{"Clippy(Error)":["error[E0635]: unknown feature `btree_drain_filter`\n --> /home/runner/.cargo/git/checkouts/region-allocator-6fbd753802224a3a/122c7a7/src/lib.rs:2:12\n  |\n2 | #![feature(btree_drain_filter)]\n  |            ^^^^^^^^^^^^^^^^^^\n\n","error[E0599]: no method named `drain_filter` found for struct `BTreeSet` in the current scope\n   --> /home/runner/.cargo/git/checkouts/region-allocator-6fbd753802224a3a/122c7a7/src/lib.rs:120:14\n    |\n119 | /         self.regions\n120 | |             .drain_filter(|r| {\n    | |             -^^^^^^^^^^^^ method not found in `BTreeSet<Region>`\n    | |_____________|\n    |\n\n"]}},{"file":"(virtual) clippy","count":1,"kinds":{"Cargo":["// pkg_name=zircon-object, checker=Clippy\n// toolchain=nightly-2024-12-24-x86_64-unknown-linux-gnu, target=x86_64-unknown-linux-gnu\n// pkg_dir=/home/runner/check/batch_9/kern-crates/zcore-zircon-object\n// cmd=cargo clippy --target x86_64-unknown-linux-gnu --no-deps --message-format=json\n    Checking bitflags v1.3.2\n   Compiling proc-macro2 v1.0.92\n    Checking bit_field v0.10.2\n   Compiling autocfg v1.4.0\n    Checking value-bag v1.10.0\n   Compiling unicode-ident v1.0.14\n   Compiling rustversion v1.0.18\n    Checking log v0.4.22\n    Checking scopeguard v1.2.0\n    Checking raw-cpuid v10.7.0\n   Compiling lock_api v0.4.12\n   Compiling quote v1.0.37\n   Compiling syn v2.0.91\n    Checking bitflags v2.6.0\n    Checking volatile v0.4.6\n    Checking spin v0.9.8\n    Checking x86_64 v0.14.13\n   Compiling paste v1.0.15\n    Checking volatile v0.3.0\n    Checking rsdp v2.0.1\n   Compiling trapframe v0.9.0\n    Checking futures-core v0.3.31\n    Checking futures-sink v0.3.31\n    Checking managed v0.8.0\n    Checking bit v0.1.1\n   Compiling x86 v0.46.0\n    Checking cfg-if v1.0.0\n    Checking byteorder v1.5.0\n    Checking acpi v4.1.1\n    Checking smoltcp v0.8.0 (https://github.com/smoltcp-rs/smoltcp?rev=35e833e3#35e833e3)\n    Checking isomorphic_drivers v0.1.0 (https://github.com/rcore-os/isomorphic_drivers?rev=f7cd97a8#f7cd97a8)\n    Checking x2apic v0.4.3\n    Checking lock v0.1.0 (https://github.com/DeathWish5/kernel-sync?rev=8486b8#8486b817)\n    Checking virtio-drivers v0.1.0 (https://github.com/rcore-os/virtio-drivers?rev=2aaf7d6#2aaf7d60)\n    Checking lazy_static v1.5.0\n    Checking pci v0.0.1 (https://github.com/elliott10/pci-rs?rev=8f33774b#8f33774b)\n    Checking bitmap-allocator v0.1.0 (https://github.com/rcore-os/bitmap-allocator.git?rev=88e871a5#88e871a5)\n    Checking pin-project-lite v0.2.15\n    Checking pin-utils v0.1.0\n    Checking device_tree v1.0.3 (https://github.com/rcore-os/device_tree-rs?rev=2f2e55f#2f2e55fb)\n    Checking futures-task v0.3.31\n    Checking numeric-enum-macro v0.2.0\n    Checking futures-channel v0.3.31\n    Checking futures-io v0.3.31\n    Checking ahash v0.4.8\n    Checking hashbrown v0.9.1\n    Checking zcore-drivers v0.1.0 (https://github.com/kern-crates/zcore-drivers.git?rev=91c574e0#91c574e0)\n    Checking downcast-rs v1.2.1\n    Checking region-alloc v0.1.0 (https://github.com/rzswh/region-allocator?rev=122c7a71#122c7a71)\nerror: could not compile `region-alloc` (lib) due to 2 previous errors\nwarning: build failed, waiting for other jobs to finish...\n"]}},{"file":"(virtual) lockbud","count":1,"kinds":{"Cargo":["// pkg_name=zircon-object, checker=Lockbud\n// toolchain=nightly-2024-12-24-x86_64-unknown-linux-gnu, target=x86_64-unknown-linux-gnu\n// pkg_dir=/home/runner/check/batch_9/kern-crates/zcore-zircon-object\n// cmd=cargo +nightly-2024-10-05 lockbud -k all -- --target x86_64-unknown-linux-gnu\n   Compiling bitflags v1.3.2\n   Compiling proc-macro2 v1.0.92\n   Compiling bit_field v0.10.2\n   Compiling autocfg v1.4.0\n   Compiling unicode-ident v1.0.14\n   Compiling value-bag v1.10.0\n   Compiling rustversion v1.0.18\n   Compiling log v0.4.22\n   Compiling scopeguard v1.2.0\n   Compiling lock_api v0.4.12\n[2024-12-25T05:36:50Z WARN  lockbud::callbacks] [\n      {\n        \"AtomicityViolation\": {\n          \"bug_kind\": \"AtomicityViolation\",\n          \"possibility\": \"Possibly\",\n          \"diagnosis\": {\n            \"fn_name\": \"set_logger_racy\",\n            \"atomic_reader\": \"/home/runner/.cargo/registry/src/index.crates.io-6f17d22bba15001f/log-0.4.22/src/lib.rs:1447:11: 1447:40 (#0)\",\n            \"atomic_writer\": \"/home/runner/.cargo/registry/src/index.crates.io-6f17d22bba15001f/log-0.4.22/src/lib.rs:1450:13: 1450:56 (#0)\",\n            \"dep_kind\": \"Control\"\n          },\n          \"explanation\": \"atomic::store is data/control dependent on atomic::load\"\n        }\n      }\n    ]\n[2024-12-25T05:36:50Z WARN  lockbud::callbacks] crate log contains bugs: { probably: 0, possibly: 0 }, conflictlock: { probably: 0, possibly: 0 }, condvar_deadlock: { probably: 0, possibly: 0 }, atomicity_violation: { possibly: 1 }, invalid_free: { possibly: 0 }, use_after_free: { possibly: 0 }\n   Compiling quote v1.0.37\n   Compiling syn v2.0.91\n   Compiling raw-cpuid v10.7.0\n   Compiling bitflags v2.6.0\n   Compiling volatile v0.4.6\n   Compiling spin v0.9.8\n   Compiling x86_64 v0.14.13\n   Compiling paste v1.0.15\n   Compiling volatile v0.3.0\nerror[E0053]: method `steps_between` has an incompatible type for trait\n   --> /home/runner/.cargo/registry/src/index.crates.io-6f17d22bba15001f/x86_64-0.14.13/src/addr.rs:387:51\n    |\n387 |     fn steps_between(start: &Self, end: &Self) -> (usize, Option<usize>) {\n    |                                                   ^^^^^^^^^^^^^^^^^^^^^^ expected `core::option::Option<usize>`, found `(usize, Option<usize>)`\n    |\n    = note: expected signature `fn(&addr::VirtAddr, &addr::VirtAddr) -> core::option::Option<usize>`\n               found signature `fn(&addr::VirtAddr, &addr::VirtAddr) -> (usize, core::option::Option<usize>)`\nhelp: change the output type to match the trait\n    |\n387 |     fn steps_between(start: &Self, end: &Self) -> core::option::Option<usize> {\n    |                                                   ~~~~~~~~~~~~~~~~~~~~~~~~~~~\n\nerror[E0053]: method `steps_between` has an incompatible type for trait\n   --> /home/runner/.cargo/registry/src/index.crates.io-6f17d22bba15001f/x86_64-0.14.13/src/structures/paging/page.rs:284:51\n    |\n284 |     fn steps_between(start: &Self, end: &Self) -> (usize, Option<usize>) {\n    |                                                   ^^^^^^^^^^^^^^^^^^^^^^ expected `core::option::Option<usize>`, found `(usize, Option<usize>)`\n    |\n    = note: expected signature `fn(&structures::paging::page::Page<_>, &structures::paging::page::Page<_>) -> core::option::Option<usize>`\n               found signature `fn(&structures::paging::page::Page<_>, &structures::paging::page::Page<_>) -> (usize, core::option::Option<usize>)`\nhelp: change the output type to match the trait\n    |\n284 |     fn steps_between(start: &Self, end: &Self) -> core::option::Option<usize> {\n    |                                                   ~~~~~~~~~~~~~~~~~~~~~~~~~~~\n\n   Compiling rsdp v2.0.1\n   Compiling x86 v0.46.0\n   Compiling futures-sink v0.3.31\n   Compiling trapframe v0.9.0\nFor more information about this error, try `rustc --explain E0053`.\n   Compiling cfg-if v1.0.0\nerror: could not compile `x86_64` (lib) due to 2 previous errors\nwarning: build failed, waiting for other jobs to finish...\n"]}},{"file":"(virtual) rap","count":1,"kinds":{"Cargo":["// pkg_name=zircon-object, checker=Rap\n// toolchain=nightly-2024-12-24-x86_64-unknown-linux-gnu, target=x86_64-unknown-linux-gnu\n// pkg_dir=/home/runner/check/batch_9/kern-crates/zcore-zircon-object\n// cmd=cargo +nightly-2024-10-12 rap -F -M\n    Checking bitflags v1.3.2\n   Compiling proc-macro2 v1.0.92\n    Checking bit_field v0.10.2\n   Compiling unicode-ident v1.0.14\n    Checking value-bag v1.10.0\n   Compiling autocfg v1.4.0\n   Compiling rustversion v1.0.18\n    Checking log v0.4.22\n    Checking scopeguard v1.2.0\n   Compiling lock_api v0.4.12\n    Checking raw-cpuid v10.7.0\n   Compiling quote v1.0.37\n    Checking volatile v0.4.6\n    Checking bitflags v2.6.0\n    Checking spin v0.9.8\n   Compiling syn v2.0.91\n    Checking x86_64 v0.14.13\n   Compiling paste v1.0.15\n    Checking volatile v0.3.0\n    Checking rsdp v2.0.1\n    Checking byteorder v1.5.0\nerror[E0053]: method `steps_between` has an incompatible type for trait\n   --> /home/runner/.cargo/registry/src/index.crates.io-6f17d22bba15001f/x86_64-0.14.13/src/addr.rs:387:51\n    |\n387 |     fn steps_between(start: &Self, end: &Self) -> (usize, Option<usize>) {\n    |                                                   ^^^^^^^^^^^^^^^^^^^^^^ expected `Option<usize>`, found `(usize, Option<usize>)`\n    |\n    = note: expected signature `fn(&addr::VirtAddr, &addr::VirtAddr) -> Option<usize>`\n               found signature `fn(&addr::VirtAddr, &addr::VirtAddr) -> (usize, Option<usize>)`\nhelp: change the output type to match the trait\n    |\n387 |     fn steps_between(start: &Self, end: &Self) -> Option<usize> {\n    |                                                   ~~~~~~~~~~~~~\n\nerror[E0053]: method `steps_between` has an incompatible type for trait\n   --> /home/runner/.cargo/registry/src/index.crates.io-6f17d22bba15001f/x86_64-0.14.13/src/structures/paging/page.rs:284:51\n    |\n284 |     fn steps_between(start: &Self, end: &Self) -> (usize, Option<usize>) {\n    |                                                   ^^^^^^^^^^^^^^^^^^^^^^ expected `Option<usize>`, found `(usize, Option<usize>)`\n    |\n    = note: expected signature `fn(&Page<_>, &Page<_>) -> Option<usize>`\n               found signature `fn(&Page<_>, &Page<_>) -> (usize, Option<usize>)`\nhelp: change the output type to match the trait\n    |\n284 |     fn steps_between(start: &Self, end: &Self) -> Option<usize> {\n    |                                                   ~~~~~~~~~~~~~\n\n   Compiling trapframe v0.9.0\n   Compiling x86 v0.46.0\n    Checking futures-sink v0.3.31\n    Checking futures-core v0.3.31\n    Checking bit v0.1.1\n    Checking cfg-if v1.0.0\n    Checking managed v0.8.0\nFor more information about this error, try `rustc --explain E0053`.\n    Checking acpi v4.1.1\nerror: could not compile `x86_64` (lib) due to 2 previous errors\nwarning: build failed, waiting for other jobs to finish...\n05:36:58|RAP|ERROR|: Finished with non-zero exit code.\n"]}},{"file":"(virtual) semver-checks","count":1,"kinds":{"Cargo":["// pkg_name=zircon-object, checker=SemverChecks\n// toolchain=nightly-2024-12-24-x86_64-unknown-linux-gnu, target=x86_64-unknown-linux-gnu\n// pkg_dir=/home/runner/check/batch_9/kern-crates/zcore-zircon-object\n// cmd=cargo +nightly-2024-12-24-x86_64-unknown-linux-gnu semver-checks --target x86_64-unknown-linux-gnu\n    Building zircon-object v0.1.0 (current)\nerror: running cargo-doc on crate 'zircon-object' failed with output:\n-----\n   Compiling autocfg v1.4.0\n    Checking pin-project-lite v0.2.15\n   Compiling crossbeam-utils v0.8.21\n    Checking bitflags v1.3.2\n    Checking futures-core v0.3.31\n    Checking parking v2.2.1\n    Checking bitflags v2.6.0\n    Checking value-bag v1.10.0\n    Checking fastrand v2.3.0\n    Checking log v0.4.22\n    Checking bit_field v0.10.2\n    Checking futures-io v0.3.31\n   Compiling proc-macro2 v1.0.92\n    Checking cfg-if v1.0.0\n   Compiling rustix v0.38.42\n   Compiling lock_api v0.4.12\n    Checking concurrent-queue v2.5.0\n   Compiling unicode-ident v1.0.14\n    Checking event-listener v5.3.1\n   Compiling slab v0.4.9\n    Checking scopeguard v1.2.0\n    Checking event-listener-strategy v0.5.3\n    Checking linux-raw-sys v0.4.14\n   Compiling rustversion v1.0.18\n   Compiling quote v1.0.37\n    Checking futures-lite v2.5.0\n   Compiling cfg-if v0.1.10\n   Compiling version-compare v0.0.10\n   Compiling libc v0.2.169\n    Checking tracing-core v0.1.33\n   Compiling sdl2-sys v0.34.5\n    Checking tracing v0.1.41\n   Compiling syn v2.0.91\n    Checking spin v0.9.8\n    Checking raw-cpuid v10.7.0\n    Checking volatile v0.4.6\n    Checking async-task v4.7.1\n    Checking atomic-waker v1.1.2\n    Checking piper v0.2.4\n    Checking x86_64 v0.14.13\n    Checking async-lock v3.4.0\n    Checking async-channel v2.3.1\n    Checking pin-utils v0.1.0\n   Compiling paste v1.0.15\n    Checking once_cell v1.20.2\n    Checking blocking v1.6.1\n    Checking async-executor v1.13.1\n   Compiling memoffset v0.6.5\n    Checking event-listener v2.5.3\n    Checking volatile v0.3.0\n   Compiling sdl2 v0.34.5\n    Checking async-channel v1.9.0\n    Checking polling v3.7.4\n    Checking async-io v2.4.0\n    Checking lazy_static v1.5.0\n    Checking kv-log-macro v1.0.7\n    Checking rsdp v2.0.1\n    Checking async-global-executor v2.4.1\n   Compiling trapframe v0.9.0\n    Checking bit v0.1.1\n   Compiling x86 v0.46.0\n    Checking managed v0.8.0\n    Checking byteorder v1.5.0\n    Checking memchr v2.7.4\n    Checking futures-sink v0.3.31\n    Checking x2apic v0.4.3\n    Checking smoltcp v0.8.0 (https://github.com/smoltcp-rs/smoltcp?rev=35e833e3#35e833e3)\n    Checking acpi v4.1.1\n    Checking async-std v1.13.0\n   Compiling futures-macro v0.3.31\n   Compiling git-version-macro v0.3.9\n    Checking isomorphic_drivers v0.1.0 (https://github.com/rcore-os/isomorphic_drivers?rev=f7cd97a8#f7cd97a8)\n    Checking virtio-drivers v0.1.0 (https://github.com/rcore-os/virtio-drivers?rev=2aaf7d6#2aaf7d60)\n    Checking lock v0.1.0 (https://github.com/DeathWish5/kernel-sync?rev=8486b8#8486b817)\n    Checking pci v0.0.1 (https://github.com/elliott10/pci-rs?rev=8f33774b#8f33774b)\n    Checking bitmap-allocator v0.1.0 (https://github.com/rcore-os/bitmap-allocator.git?rev=88e871a5#88e871a5)\n    Checking futures-task v0.3.31\n    Checking device_tree v1.0.3 (https://github.com/rcore-os/device_tree-rs?rev=2f2e55f#2f2e55fb)\n    Checking numeric-enum-macro v0.2.0\n    Checking git-version v0.3.9\n    Checking nix v0.23.2\n    Checking zcore-drivers v0.1.0 (https://github.com/kern-crates/zcore-drivers.git?rev=91c574e0#91c574e0)\n    Checking futures-util v0.3.31\n    Checking futures-channel v0.3.31\n    Checking tempfile v3.14.0\n    Checking zero v0.1.3\n    Checking ahash v0.4.8\n    Checking hashbrown v0.9.1\n    Checking xmas-elf v0.7.0\n    Checking downcast-rs v1.2.1\n    Checking region-alloc v0.1.0 (https://github.com/rzswh/region-allocator?rev=122c7a71#122c7a71)\nerror[E0635]: unknown feature `btree_drain_filter`\n --> /home/runner/.cargo/git/checkouts/region-allocator-6fbd753802224a3a/122c7a7/src/lib.rs:2:12\n  |\n2 | #![feature(btree_drain_filter)]\n  |            ^^^^^^^^^^^^^^^^^^\n\nerror[E0599]: no method named `drain_filter` found for struct `BTreeSet` in the current scope\n   --> /home/runner/.cargo/git/checkouts/region-allocator-6fbd753802224a3a/122c7a7/src/lib.rs:120:14\n    |\n119 | /         self.regions\n120 | |             .drain_filter(|r| {\n    | |             -^^^^^^^^^^^^ method not found in `BTreeSet<Region>`\n    | |_____________|\n    |\n\nSome errors have detailed explanations: E0599, E0635.\nFor more information about an error, try `rustc --explain E0599`.\nerror: could not compile `region-alloc` (lib) due to 2 previous errors\nwarning: build failed, waiting for other jobs to finish...\n\n-----\n\nerror: failed to build rustdoc for crate zircon-object v0.1.0\nnote: this is usually due to a compilation error in the crate,\n      and is unlikely to be a bug in cargo-semver-checks\nnote: the following command can be used to reproduce the compilation error:\n      cargo new --lib example &&\n          cd example &&\n          echo '[workspace]' >> Cargo.toml &&\n          cargo add --path /home/runner/check/batch_9/kern-crates/zcore-zircon-object --features aspace-separate,elf,libos,xmas-elf &&\n          cargo check\n\nerror: aborting due to failure to build rustdoc for crate zircon-object v0.1.0\n"]}},{"file":"[lockbud] Not supported to display yet.","count":1,"kinds":{"Lockbud(Possibly)":["[2024-12-25T05:36:50Z WARN  lockbud::callbacks] [\n      {\n        \"AtomicityViolation\": {\n          \"bug_kind\": \"AtomicityViolation\",\n          \"possibility\": \"Possibly\",\n          \"diagnosis\": {\n            \"fn_name\": \"set_logger_racy\",\n            \"atomic_reader\": \"/home/runner/.cargo/registry/src/index.crates.io-6f17d22bba15001f/log-0.4.22/src/lib.rs:1447:11: 1447:40 (#0)\",\n            \"atomic_writer\": \"/home/runner/.cargo/registry/src/index.crates.io-6f17d22bba15001f/log-0.4.22/src/lib.rs:1450:13: 1450:56 (#0)\",\n            \"dep_kind\": \"Control\"\n          },\n          \"explanation\": \"atomic::store is data/control dependent on atomic::load\"\n        }\n      }\n    ]\n[2024-12-25T05:36:50Z WARN  lockbud::callbacks] crate log contains bugs: { probably: 0, possibly: 0 }, conflictlock: { probably: 0, possibly: 0 }, condvar_deadlock: { probably: 0, possibly: 0 }, atomicity_violation: { possibly: 1 }, invalid_free: { possibly: 0 }, use_after_free: { possibly: 0 }"]}},{"file":"[outdated direct dependencies]","count":1,"kinds":{"Outdated":["pkg=zircon-object, checker=Outdated\ntoolchain=nightly-2024-12-24-x86_64-unknown-linux-gnu, target=x86_64-unknown-linux-gnu\npkg_dir=/home/runner/check/batch_9/kern-crates/zcore-zircon-object\ncmd=cargo +nightly-2024-12-24-x86_64-unknown-linux-gnu outdated -R --exit-code=2\n\nName       Project  Compat  Latest  Kind    Platform\n----       -------  ------  ------  ----    --------\nbitflags   1.3.2    ---     2.6.0   Normal  ---\nhashbrown  0.9.1    ---     0.15.2  Normal  ---\nxmas-elf   0.7.0    ---     0.9.1   Normal  ---\n"]}},{"file":"[semver checks]","count":1,"kinds":{"Semver Violation":["pkg=zircon-object, checker=SemverChecks\ntoolchain=nightly-2024-12-24-x86_64-unknown-linux-gnu, target=x86_64-unknown-linux-gnu\npkg_dir=/home/runner/check/batch_9/kern-crates/zcore-zircon-object\ncmd=cargo +nightly-2024-12-24-x86_64-unknown-linux-gnu semver-checks --target x86_64-unknown-linux-gnu\n\n\nstdout:\n\nstderr:\n    Building zircon-object v0.1.0 (current)\nerror: running cargo-doc on crate 'zircon-object' failed with output:\n-----\n   Compiling autocfg v1.4.0\n    Checking pin-project-lite v0.2.15\n   Compiling crossbeam-utils v0.8.21\n    Checking bitflags v1.3.2\n    Checking futures-core v0.3.31\n    Checking parking v2.2.1\n    Checking bitflags v2.6.0\n    Checking value-bag v1.10.0\n    Checking fastrand v2.3.0\n    Checking log v0.4.22\n    Checking bit_field v0.10.2\n    Checking futures-io v0.3.31\n   Compiling proc-macro2 v1.0.92\n    Checking cfg-if v1.0.0\n   Compiling rustix v0.38.42\n   Compiling lock_api v0.4.12\n    Checking concurrent-queue v2.5.0\n   Compiling unicode-ident v1.0.14\n    Checking event-listener v5.3.1\n   Compiling slab v0.4.9\n    Checking scopeguard v1.2.0\n    Checking event-listener-strategy v0.5.3\n    Checking linux-raw-sys v0.4.14\n   Compiling rustversion v1.0.18\n   Compiling quote v1.0.37\n    Checking futures-lite v2.5.0\n   Compiling cfg-if v0.1.10\n   Compiling version-compare v0.0.10\n   Compiling libc v0.2.169\n    Checking tracing-core v0.1.33\n   Compiling sdl2-sys v0.34.5\n    Checking tracing v0.1.41\n   Compiling syn v2.0.91\n    Checking spin v0.9.8\n    Checking raw-cpuid v10.7.0\n    Checking volatile v0.4.6\n    Checking async-task v4.7.1\n    Checking atomic-waker v1.1.2\n    Checking piper v0.2.4\n    Checking x86_64 v0.14.13\n    Checking async-lock v3.4.0\n    Checking async-channel v2.3.1\n    Checking pin-utils v0.1.0\n   Compiling paste v1.0.15\n    Checking once_cell v1.20.2\n    Checking blocking v1.6.1\n    Checking async-executor v1.13.1\n   Compiling memoffset v0.6.5\n    Checking event-listener v2.5.3\n    Checking volatile v0.3.0\n   Compiling sdl2 v0.34.5\n    Checking async-channel v1.9.0\n    Checking polling v3.7.4\n    Checking async-io v2.4.0\n    Checking lazy_static v1.5.0\n    Checking kv-log-macro v1.0.7\n    Checking rsdp v2.0.1\n    Checking async-global-executor v2.4.1\n   Compiling trapframe v0.9.0\n    Checking bit v0.1.1\n   Compiling x86 v0.46.0\n    Checking managed v0.8.0\n    Checking byteorder v1.5.0\n    Checking memchr v2.7.4\n    Checking futures-sink v0.3.31\n    Checking x2apic v0.4.3\n    Checking smoltcp v0.8.0 (https://github.com/smoltcp-rs/smoltcp?rev=35e833e3#35e833e3)\n    Checking acpi v4.1.1\n    Checking async-std v1.13.0\n   Compiling futures-macro v0.3.31\n   Compiling git-version-macro v0.3.9\n    Checking isomorphic_drivers v0.1.0 (https://github.com/rcore-os/isomorphic_drivers?rev=f7cd97a8#f7cd97a8)\n    Checking virtio-drivers v0.1.0 (https://github.com/rcore-os/virtio-drivers?rev=2aaf7d6#2aaf7d60)\n    Checking lock v0.1.0 (https://github.com/DeathWish5/kernel-sync?rev=8486b8#8486b817)\n    Checking pci v0.0.1 (https://github.com/elliott10/pci-rs?rev=8f33774b#8f33774b)\n    Checking bitmap-allocator v0.1.0 (https://github.com/rcore-os/bitmap-allocator.git?rev=88e871a5#88e871a5)\n    Checking futures-task v0.3.31\n    Checking device_tree v1.0.3 (https://github.com/rcore-os/device_tree-rs?rev=2f2e55f#2f2e55fb)\n    Checking numeric-enum-macro v0.2.0\n    Checking git-version v0.3.9\n    Checking nix v0.23.2\n    Checking zcore-drivers v0.1.0 (https://github.com/kern-crates/zcore-drivers.git?rev=91c574e0#91c574e0)\n    Checking futures-util v0.3.31\n    Checking futures-channel v0.3.31\n    Checking tempfile v3.14.0\n    Checking zero v0.1.3\n    Checking ahash v0.4.8\n    Checking hashbrown v0.9.1\n    Checking xmas-elf v0.7.0\n    Checking downcast-rs v1.2.1\n    Checking region-alloc v0.1.0 (https://github.com/rzswh/region-allocator?rev=122c7a71#122c7a71)\nerror[E0635]: unknown feature `btree_drain_filter`\n --> /home/runner/.cargo/git/checkouts/region-allocator-6fbd753802224a3a/122c7a7/src/lib.rs:2:12\n  |\n2 | #![feature(btree_drain_filter)]\n  |            ^^^^^^^^^^^^^^^^^^\n\nerror[E0599]: no method named `drain_filter` found for struct `BTreeSet` in the current scope\n   --> /home/runner/.cargo/git/checkouts/region-allocator-6fbd753802224a3a/122c7a7/src/lib.rs:120:14\n    |\n119 | /         self.regions\n120 | |             .drain_filter(|r| {\n    | |             -^^^^^^^^^^^^ method not found in `BTreeSet<Region>`\n    | |_____________|\n    |\n\nSome errors have detailed explanations: E0599, E0635.\nFor more information about an error, try `rustc --explain E0599`.\nerror: could not compile `region-alloc` (lib) due to 2 previous errors\nwarning: build failed, waiting for other jobs to finish...\n\n-----\n\nerror: failed to build rustdoc for crate zircon-object v0.1.0\nnote: this is usually due to a compilation error in the crate,\n      and is unlikely to be a bug in cargo-semver-checks\nnote: the following command can be used to reproduce the compilation error:\n      cargo new --lib example &&\n          cd example &&\n          echo '[workspace]' >> Cargo.toml &&\n          cargo add --path /home/runner/check/batch_9/kern-crates/zcore-zircon-object --features aspace-separate,elf,libos,xmas-elf &&\n          cargo check\n\nerror: aborting due to failure to build rustdoc for crate zircon-object v0.1.0\n"]}}]}],"kinds_order":["Cargo","Clippy(Error)","Clippy(Warn)","Semver Violation","Audit","Mirai","Rap","Rudra","Lockbud(Probably)","Lockbud(Possibly)","Outdated","Geiger","Unformatted"]}