{"repo":{"user":"Starry-OS","repo":"Starry-New"},"data":[{"user":"Starry-OS","repo":"Starry-New","pkg":"linux_syscall_api","count":26,"raw_reports":[{"file":"api/linux_syscall_api/src/syscall_task/mod.rs","count":10,"kinds":{"Clippy(Warn)":["warning: unreachable pattern\n  --> api/linux_syscall_api/src/syscall_task/mod.rs:73:9\n   |\n72 |         SCHED_GET_PRORITY_MAX => syscall_sched_getscheduler_max(args),\n   |         --------------------- matches any value\n73 |         SCHED_GET_PRORITY_MIN => syscall_sched_getscheduler_min(args),\n   |         ^^^^^^^^^^^^^^^^^^^^^ unreachable pattern\n\n","warning: unreachable pattern\n  --> api/linux_syscall_api/src/syscall_task/mod.rs:74:9\n   |\n72 |         SCHED_GET_PRORITY_MAX => syscall_sched_getscheduler_max(args),\n   |         --------------------- matches any value\n73 |         SCHED_GET_PRORITY_MIN => syscall_sched_getscheduler_min(args),\n74 |         GET_MEMPOLICY => Ok(0),\n   |         ^^^^^^^^^^^^^ unreachable pattern\n\n","warning: unreachable pattern\n  --> api/linux_syscall_api/src/syscall_task/mod.rs:75:9\n   |\n72 |         SCHED_GET_PRORITY_MAX => syscall_sched_getscheduler_max(args),\n   |         --------------------- matches any value\n...\n75 |         CLOCK_GETRES => syscall_clock_getres(args),\n   |         ^^^^^^^^^^^^ unreachable pattern\n\n","warning: unreachable pattern\n  --> api/linux_syscall_api/src/syscall_task/mod.rs:76:9\n   |\n72 |         SCHED_GET_PRORITY_MAX => syscall_sched_getscheduler_max(args),\n   |         --------------------- matches any value\n...\n76 |         CLOCK_NANOSLEEP => syscall_clock_nanosleep(args),\n   |         ^^^^^^^^^^^^^^^ unreachable pattern\n\n","warning: unreachable pattern\n  --> api/linux_syscall_api/src/syscall_task/mod.rs:77:9\n   |\n72 |         SCHED_GET_PRORITY_MAX => syscall_sched_getscheduler_max(args),\n   |         --------------------- matches any value\n...\n77 |         PRCTL => syscall_prctl(args),\n   |         ^^^^^ unreachable pattern\n\n","warning: unreachable pattern\n  --> api/linux_syscall_api/src/syscall_task/mod.rs:78:9\n   |\n72 |         SCHED_GET_PRORITY_MAX => syscall_sched_getscheduler_max(args),\n   |         --------------------- matches any value\n...\n78 |         PIDFD_SEND_SIGNAL => syscall_pidfd_send_signal(args),\n   |         ^^^^^^^^^^^^^^^^^ unreachable pattern\n\n","warning: unused variable: `SCHED_GET_PRORITY_MAX`\n  --> api/linux_syscall_api/src/syscall_task/mod.rs:72:9\n   |\n72 |         SCHED_GET_PRORITY_MAX => syscall_sched_getscheduler_max(args),\n   |         ^^^^^^^^^^^^^^^^^^^^^ help: if this is intentional, prefix it with an underscore: `_SCHED_GET_PRORITY_MAX`\n\n","warning: unused variable: `SCHED_GET_PRORITY_MIN`\n  --> api/linux_syscall_api/src/syscall_task/mod.rs:73:9\n   |\n73 |         SCHED_GET_PRORITY_MIN => syscall_sched_getscheduler_min(args),\n   |         ^^^^^^^^^^^^^^^^^^^^^ help: if this is intentional, prefix it with an underscore: `_SCHED_GET_PRORITY_MIN`\n\n","warning: variable `SCHED_GET_PRORITY_MAX` should have a snake case name\n  --> api/linux_syscall_api/src/syscall_task/mod.rs:72:9\n   |\n72 |         SCHED_GET_PRORITY_MAX => syscall_sched_getscheduler_max(args),\n   |         ^^^^^^^^^^^^^^^^^^^^^ help: convert the identifier to snake case: `sched_get_prority_max`\n\n","warning: variable `SCHED_GET_PRORITY_MIN` should have a snake case name\n  --> api/linux_syscall_api/src/syscall_task/mod.rs:73:9\n   |\n73 |         SCHED_GET_PRORITY_MIN => syscall_sched_getscheduler_min(args),\n   |         ^^^^^^^^^^^^^^^^^^^^^ help: convert the identifier to snake case: `sched_get_prority_min`\n\n"]}},{"file":"api/linux_syscall_api/src/syscall_net/mod.rs","count":7,"kinds":{"Clippy(Warn)":["warning: unreachable pattern\n  --> api/linux_syscall_api/src/syscall_net/mod.rs:28:9\n   |\n27 |         SENDMMSG => Ok(0),\n   |         -------- matches any value\n28 |         SETSOCKOPT => syscall_set_sock_opt(args),\n   |         ^^^^^^^^^^ unreachable pattern\n   |\n   = note: `#[warn(unreachable_patterns)]` on by default\n\n","warning: unreachable pattern\n  --> api/linux_syscall_api/src/syscall_net/mod.rs:30:9\n   |\n27 |         SENDMMSG => Ok(0),\n   |         -------- matches any value\n...\n30 |         GETSOCKOPT => syscall_get_sock_opt(args),\n   |         ^^^^^^^^^^ unreachable pattern\n\n","warning: unreachable pattern\n  --> api/linux_syscall_api/src/syscall_net/mod.rs:31:9\n   |\n27 |         SENDMMSG => Ok(0),\n   |         -------- matches any value\n...\n31 |         SOCKETPAIR => syscall_socketpair(args),\n   |         ^^^^^^^^^^ unreachable pattern\n\n","warning: unreachable pattern\n  --> api/linux_syscall_api/src/syscall_net/mod.rs:32:9\n   |\n27 |         SENDMMSG => Ok(0),\n   |         -------- matches any value\n...\n32 |         ACCEPT4 => syscall_accept4(args),\n   |         ^^^^^^^ unreachable pattern\n\n","warning: unreachable pattern\n  --> api/linux_syscall_api/src/syscall_net/mod.rs:33:9\n   |\n27 |         SENDMMSG => Ok(0),\n   |         -------- matches any value\n...\n33 |         SHUTDOWN => syscall_shutdown(args),\n   |         ^^^^^^^^ unreachable pattern\n\n","warning: unused variable: `SENDMMSG`\n  --> api/linux_syscall_api/src/syscall_net/mod.rs:27:9\n   |\n27 |         SENDMMSG => Ok(0),\n   |         ^^^^^^^^ help: if this is intentional, prefix it with an underscore: `_SENDMMSG`\n   |\n   = note: `#[warn(unused_variables)]` on by default\n\n","warning: variable `SENDMMSG` should have a snake case name\n  --> api/linux_syscall_api/src/syscall_net/mod.rs:27:9\n   |\n27 |         SENDMMSG => Ok(0),\n   |         ^^^^^^^^ help: convert the identifier to snake case: `sendmmsg`\n   |\n   = note: `#[warn(non_snake_case)]` on by default\n\n"]}},{"file":"api/linux_syscall_api/src/syscall_fs/imp/ctl.rs","count":2,"kinds":{"Clippy(Warn)":["warning: assigning the result of `Clone::clone()` may be inefficient\n   --> api/linux_syscall_api/src/syscall_fs/imp/ctl.rs:377:13\n    |\n377 |             fd_table[new_fd] = fd_table[fd].clone();\n    |             ^^^^^^^^^^^^^^^^^^^^^^^^^^^^^^^^^^^^^^^ help: use `clone_from()`: `fd_table[new_fd].clone_from(&fd_table[fd])`\n    |\n    = help: for further information visit https://rust-lang.github.io/rust-clippy/master/index.html#assigning_clones\n    = note: `#[warn(clippy::assigning_clones)]` on by default\n\n","warning: assigning the result of `Clone::clone()` may be inefficient\n   --> api/linux_syscall_api/src/syscall_fs/imp/ctl.rs:413:17\n    |\n413 |                 fd_table[new_fd] = fd_table[fd].clone();\n    |                 ^^^^^^^^^^^^^^^^^^^^^^^^^^^^^^^^^^^^^^^ help: use `clone_from()`: `fd_table[new_fd].clone_from(&fd_table[fd])`\n    |\n    = help: for further information visit https://rust-lang.github.io/rust-clippy/master/index.html#assigning_clones\n\n"]}},{"file":"api/linux_syscall_api/src/syscall_fs/imp/io.rs","count":2,"kinds":{"Clippy(Warn)":["warning: assigning the result of `Clone::clone()` may be inefficient\n   --> api/linux_syscall_api/src/syscall_fs/imp/io.rs:288:5\n    |\n288 |     fd_table[new_fd] = fd_table[fd].clone();\n    |     ^^^^^^^^^^^^^^^^^^^^^^^^^^^^^^^^^^^^^^^ help: use `clone_from()`: `fd_table[new_fd].clone_from(&fd_table[fd])`\n    |\n    = help: for further information visit https://rust-lang.github.io/rust-clippy/master/index.html#assigning_clones\n\n","warning: assigning the result of `Clone::clone()` may be inefficient\n   --> api/linux_syscall_api/src/syscall_fs/imp/io.rs:365:5\n    |\n365 |     fd_table[new_fd] = fd_table[fd].clone();\n    |     ^^^^^^^^^^^^^^^^^^^^^^^^^^^^^^^^^^^^^^^ help: use `clone_from()`: `fd_table[new_fd].clone_from(&fd_table[fd])`\n    |\n    = help: for further information visit https://rust-lang.github.io/rust-clippy/master/index.html#assigning_clones\n\n"]}},{"file":"(virtual) rap","count":1,"kinds":{"Cargo":["// pkg_name=linux_syscall_api, checker=Rap\n// toolchain=nightly-2024-05-02, target=aarch64-unknown-none\n// pkg_dir=/home/runner/check/batch_1/Starry-OS/Starry-New/api/linux_syscall_api\n// cmd=cargo +nightly-2024-10-12 rap -F -M -- --target aarch64-unknown-none\n// timestamp=2024-12-27 5:42:34.598686314 +08:00:00\n    Checking log v0.4.21\n   Compiling proc-macro2 v1.0.92\n   Compiling unicode-ident v1.0.14\n   Compiling equivalent v1.0.1\nerror[E0463]: can't find crate for `core`\n  |\n  = note: the `aarch64-unknown-none` target may not be installed\n  = help: consider downloading the target with `rustup target add aarch64-unknown-none`\n  = help: consider building the standard library from source with `cargo build -Zbuild-std`\n\nFor more information about this error, try `rustc --explain E0463`.\nerror: could not compile `log` (lib) due to 1 previous error\nwarning: build failed, waiting for other jobs to finish...\n21:42:35|RAP|ERROR|: Finished with non-zero exit code.\n"]}},{"file":"(virtual) semver-checks","count":1,"kinds":{"Cargo":["// pkg_name=linux_syscall_api, checker=SemverChecks\n// toolchain=nightly-2024-05-02, target=aarch64-unknown-none\n// pkg_dir=/home/runner/check/batch_1/Starry-OS/Starry-New/api/linux_syscall_api\n// cmd=cargo +nightly-2024-12-26-x86_64-unknown-linux-gnu semver-checks --target aarch64-unknown-none\n// timestamp=2024-12-28 11:05:53.213862603 +08:00:00\n    Building linux_syscall_api v0.1.0 (current)\nerror: running cargo-doc on crate 'linux_syscall_api' failed with output:\n-----\nerror: output of --print=file-names missing when learning about target-specific information from rustc\ncommand was: `/home/runner/.rustup/toolchains/nightly-2024-12-26-x86_64-unknown-linux-gnu/bin/rustc - --crate-name ___ --print=file-names --cap-lints=allow --target aarch64-unknown-none --crate-type bin --crate-type rlib --crate-type dylib --crate-type cdylib --crate-type staticlib --crate-type proc-macro --print=sysroot --print=split-debuginfo --print=crate-name --print=cfg`\n\n--- stdout\n___\nlib___.rlib\nlib___.a\n/home/runner/.rustup/toolchains/nightly-2024-12-26-x86_64-unknown-linux-gnu\noff\n___\ndebug_assertions\nfmt_debug=\"full\"\noverflow_checks\npanic=\"abort\"\nproc_macro\nrelocation_model=\"static\"\ntarget_abi=\"\"\ntarget_arch=\"aarch64\"\ntarget_endian=\"little\"\ntarget_env=\"\"\ntarget_feature=\"neon\"\ntarget_has_atomic\ntarget_has_atomic=\"128\"\ntarget_has_atomic=\"16\"\ntarget_has_atomic=\"32\"\ntarget_has_atomic=\"64\"\ntarget_has_atomic=\"8\"\ntarget_has_atomic=\"ptr\"\ntarget_has_atomic_equal_alignment=\"128\"\ntarget_has_atomic_equal_alignment=\"16\"\ntarget_has_atomic_equal_alignment=\"32\"\ntarget_has_atomic_equal_alignment=\"64\"\ntarget_has_atomic_equal_alignment=\"8\"\ntarget_has_atomic_equal_alignment=\"ptr\"\ntarget_has_atomic_load_store\ntarget_has_atomic_load_store=\"128\"\ntarget_has_atomic_load_store=\"16\"\ntarget_has_atomic_load_store=\"32\"\ntarget_has_atomic_load_store=\"64\"\ntarget_has_atomic_load_store=\"8\"\ntarget_has_atomic_load_store=\"ptr\"\ntarget_os=\"none\"\ntarget_pointer_width=\"64\"\ntarget_vendor=\"unknown\"\nub_checks\n\n\n-----\n\nerror: failed to build rustdoc for crate linux_syscall_api v0.1.0\nnote: this is usually due to a compilation error in the crate,\n      and is unlikely to be a bug in cargo-semver-checks\nnote: the following command can be used to reproduce the compilation error:\n      cargo new --lib example &&\n          cd example &&\n          echo '[workspace]' >> Cargo.toml &&\n          cargo add --path /home/runner/check/batch_1/Starry-OS/Starry-New/api/linux_syscall_api --features default,fs,ip,irq,monolithic,multitask,net,paging &&\n          cargo check\n\nerror: aborting due to failure to build rustdoc for crate linux_syscall_api v0.1.0\n"]}},{"file":"[lockbud] Not supported to display yet.","count":1,"kinds":{"Lockbud(Possibly)":["[2024-12-04T20:52:31Z WARN  lockbud::callbacks] [\n      {\n        \"AtomicityViolation\": {\n          \"bug_kind\": \"AtomicityViolation\",\n          \"possibility\": \"Possibly\",\n          \"diagnosis\": {\n            \"fn_name\": \"set_logger_racy\",\n            \"atomic_reader\": \"/home/runner/.cargo/registry/src/index.crates.io-6f17d22bba15001f/log-0.4.21/src/lib.rs:1408:11: 1408:39 (#0)\",\n            \"atomic_writer\": \"/home/runner/.cargo/registry/src/index.crates.io-6f17d22bba15001f/log-0.4.21/src/lib.rs:1411:13: 1411:55 (#0)\",\n            \"dep_kind\": \"Control\"\n          },\n          \"explanation\": \"atomic::store is data/control dependent on atomic::load\"\n        }\n      }\n    ]\n[2024-12-04T20:52:31Z WARN  lockbud::callbacks] crate log contains bugs: { probably: 0, possibly: 0 }, conflictlock: { probably: 0, possibly: 0 }, condvar_deadlock: { probably: 0, possibly: 0 }, atomicity_violation: { possibly: 1 }, invalid_free: { possibly: 0 }, use_after_free: { possibly: 0 }\n[2024-12-04T20:54:26Z WARN  lockbud::callbacks] [\n      {\n        \"UseAfterFree\": {\n          \"bug_kind\": \"UseAfterFree\",\n          \"possibility\": \"Possibly\",\n          \"diagnosis\": \"Raw ptr is used at modules/axtask/src/schedule.rs:211:64: 211:80 (#0) after dropped at modules/axtask/src/schedule.rs:139:17: 139:26 (#0)\",\n          \"explanation\": \"Raw ptr is used or escapes the current function after the pointed value is dropped\"\n        }\n      }\n    ]\n[2024-12-04T20:54:26Z WARN  lockbud::callbacks] crate axtask contains bugs: { probably: 0, possibly: 0 }, conflictlock: { probably: 0, possibly: 0 }, condvar_deadlock: { probably: 0, possibly: 0 }, atomicity_violation: { possibly: 0 }, invalid_free: { possibly: 0 }, use_after_free: { possibly: 1 }\n[2024-12-04T20:54:56Z WARN  lockbud::callbacks] [\n      {\n        \"UseAfterFree\": {\n          \"bug_kind\": \"UseAfterFree\",\n          \"possibility\": \"Possibly\",\n          \"diagnosis\": \"Raw ptr is used at api/linux_syscall_api/src/syscall_fs/imp/ctl.rs:211:18: 211:90 (#0) after dropped at api/linux_syscall_api/src/syscall_fs/imp/ctl.rs:214:5: 214:6 (#0)\",\n          \"explanation\": \"Raw ptr is used or escapes the current function after the pointed value is dropped\"\n        }\n      }\n    ]\n[2024-12-04T20:54:56Z WARN  lockbud::callbacks] crate linux_syscall_api contains bugs: { probably: 0, possibly: 0 }, conflictlock: { probably: 0, possibly: 0 }, condvar_deadlock: { probably: 0, possibly: 0 }, atomicity_violation: { possibly: 0 }, invalid_free: { possibly: 0 }, use_after_free: { possibly: 1 }"]}},{"file":"[outdated direct dependencies]","count":1,"kinds":{"Outdated":["pkg=linux_syscall_api, checker=Outdated\ntoolchain=nightly-2024-05-02, target=aarch64-unknown-none\npkg_dir=/home/runner/check/batch_1/Starry-OS/Starry-New/api/linux_syscall_api\ncmd=cargo +nightly-2024-12-26-x86_64-unknown-linux-gnu outdated -R --exit-code=2\n\nName      Project  Compat  Latest  Kind    Platform\n----      -------  ------  ------  ----    --------\nnum_enum  0.5.11   ---     0.7.3   Normal  ---\n"]}},{"file":"[semver checks]","count":1,"kinds":{"Semver Violation":["pkg=linux_syscall_api, checker=SemverChecks\ntoolchain=nightly-2024-05-02, target=aarch64-unknown-none\npkg_dir=/home/runner/check/batch_1/Starry-OS/Starry-New/api/linux_syscall_api\ncmd=cargo +nightly-2024-12-26-x86_64-unknown-linux-gnu semver-checks --target aarch64-unknown-none\n\n\nstdout:\n\nstderr:\n    Building linux_syscall_api v0.1.0 (current)\nerror: running cargo-doc on crate 'linux_syscall_api' failed with output:\n-----\nerror: output of --print=file-names missing when learning about target-specific information from rustc\ncommand was: `/home/runner/.rustup/toolchains/nightly-2024-12-26-x86_64-unknown-linux-gnu/bin/rustc - --crate-name ___ --print=file-names --cap-lints=allow --target aarch64-unknown-none --crate-type bin --crate-type rlib --crate-type dylib --crate-type cdylib --crate-type staticlib --crate-type proc-macro --print=sysroot --print=split-debuginfo --print=crate-name --print=cfg`\n\n--- stdout\n___\nlib___.rlib\nlib___.a\n/home/runner/.rustup/toolchains/nightly-2024-12-26-x86_64-unknown-linux-gnu\noff\n___\ndebug_assertions\nfmt_debug=\"full\"\noverflow_checks\npanic=\"abort\"\nproc_macro\nrelocation_model=\"static\"\ntarget_abi=\"\"\ntarget_arch=\"aarch64\"\ntarget_endian=\"little\"\ntarget_env=\"\"\ntarget_feature=\"neon\"\ntarget_has_atomic\ntarget_has_atomic=\"128\"\ntarget_has_atomic=\"16\"\ntarget_has_atomic=\"32\"\ntarget_has_atomic=\"64\"\ntarget_has_atomic=\"8\"\ntarget_has_atomic=\"ptr\"\ntarget_has_atomic_equal_alignment=\"128\"\ntarget_has_atomic_equal_alignment=\"16\"\ntarget_has_atomic_equal_alignment=\"32\"\ntarget_has_atomic_equal_alignment=\"64\"\ntarget_has_atomic_equal_alignment=\"8\"\ntarget_has_atomic_equal_alignment=\"ptr\"\ntarget_has_atomic_load_store\ntarget_has_atomic_load_store=\"128\"\ntarget_has_atomic_load_store=\"16\"\ntarget_has_atomic_load_store=\"32\"\ntarget_has_atomic_load_store=\"64\"\ntarget_has_atomic_load_store=\"8\"\ntarget_has_atomic_load_store=\"ptr\"\ntarget_os=\"none\"\ntarget_pointer_width=\"64\"\ntarget_vendor=\"unknown\"\nub_checks\n\n\n-----\n\nerror: failed to build rustdoc for crate linux_syscall_api v0.1.0\nnote: this is usually due to a compilation error in the crate,\n      and is unlikely to be a bug in cargo-semver-checks\nnote: the following command can be used to reproduce the compilation error:\n      cargo new --lib example &&\n          cd example &&\n          echo '[workspace]' >> Cargo.toml &&\n          cargo add --path /home/runner/check/batch_1/Starry-OS/Starry-New/api/linux_syscall_api --features default,fs,ip,irq,monolithic,multitask,net,paging &&\n          cargo check\n\nerror: aborting due to failure to build rustdoc for crate linux_syscall_api v0.1.0\n"]}}]},{"user":"Starry-OS","repo":"Starry-New","pkg":"axstarry","count":21,"raw_reports":[{"file":"api/linux_syscall_api/src/syscall_task/mod.rs","count":10,"kinds":{"Clippy(Warn)":["warning: unreachable pattern\n  --> api/linux_syscall_api/src/syscall_task/mod.rs:73:9\n   |\n72 |         SCHED_GET_PRORITY_MAX => syscall_sched_getscheduler_max(args),\n   |         --------------------- matches any value\n73 |         SCHED_GET_PRORITY_MIN => syscall_sched_getscheduler_min(args),\n   |         ^^^^^^^^^^^^^^^^^^^^^ unreachable pattern\n\n","warning: unreachable pattern\n  --> api/linux_syscall_api/src/syscall_task/mod.rs:74:9\n   |\n72 |         SCHED_GET_PRORITY_MAX => syscall_sched_getscheduler_max(args),\n   |         --------------------- matches any value\n73 |         SCHED_GET_PRORITY_MIN => syscall_sched_getscheduler_min(args),\n74 |         GET_MEMPOLICY => Ok(0),\n   |         ^^^^^^^^^^^^^ unreachable pattern\n\n","warning: unreachable pattern\n  --> api/linux_syscall_api/src/syscall_task/mod.rs:75:9\n   |\n72 |         SCHED_GET_PRORITY_MAX => syscall_sched_getscheduler_max(args),\n   |         --------------------- matches any value\n...\n75 |         CLOCK_GETRES => syscall_clock_getres(args),\n   |         ^^^^^^^^^^^^ unreachable pattern\n\n","warning: unreachable pattern\n  --> api/linux_syscall_api/src/syscall_task/mod.rs:76:9\n   |\n72 |         SCHED_GET_PRORITY_MAX => syscall_sched_getscheduler_max(args),\n   |         --------------------- matches any value\n...\n76 |         CLOCK_NANOSLEEP => syscall_clock_nanosleep(args),\n   |         ^^^^^^^^^^^^^^^ unreachable pattern\n\n","warning: unreachable pattern\n  --> api/linux_syscall_api/src/syscall_task/mod.rs:77:9\n   |\n72 |         SCHED_GET_PRORITY_MAX => syscall_sched_getscheduler_max(args),\n   |         --------------------- matches any value\n...\n77 |         PRCTL => syscall_prctl(args),\n   |         ^^^^^ unreachable pattern\n\n","warning: unreachable pattern\n  --> api/linux_syscall_api/src/syscall_task/mod.rs:78:9\n   |\n72 |         SCHED_GET_PRORITY_MAX => syscall_sched_getscheduler_max(args),\n   |         --------------------- matches any value\n...\n78 |         PIDFD_SEND_SIGNAL => syscall_pidfd_send_signal(args),\n   |         ^^^^^^^^^^^^^^^^^ unreachable pattern\n\n","warning: unused variable: `SCHED_GET_PRORITY_MAX`\n  --> api/linux_syscall_api/src/syscall_task/mod.rs:72:9\n   |\n72 |         SCHED_GET_PRORITY_MAX => syscall_sched_getscheduler_max(args),\n   |         ^^^^^^^^^^^^^^^^^^^^^ help: if this is intentional, prefix it with an underscore: `_SCHED_GET_PRORITY_MAX`\n\n","warning: unused variable: `SCHED_GET_PRORITY_MIN`\n  --> api/linux_syscall_api/src/syscall_task/mod.rs:73:9\n   |\n73 |         SCHED_GET_PRORITY_MIN => syscall_sched_getscheduler_min(args),\n   |         ^^^^^^^^^^^^^^^^^^^^^ help: if this is intentional, prefix it with an underscore: `_SCHED_GET_PRORITY_MIN`\n\n","warning: variable `SCHED_GET_PRORITY_MAX` should have a snake case name\n  --> api/linux_syscall_api/src/syscall_task/mod.rs:72:9\n   |\n72 |         SCHED_GET_PRORITY_MAX => syscall_sched_getscheduler_max(args),\n   |         ^^^^^^^^^^^^^^^^^^^^^ help: convert the identifier to snake case: `sched_get_prority_max`\n\n","warning: variable `SCHED_GET_PRORITY_MIN` should have a snake case name\n  --> api/linux_syscall_api/src/syscall_task/mod.rs:73:9\n   |\n73 |         SCHED_GET_PRORITY_MIN => syscall_sched_getscheduler_min(args),\n   |         ^^^^^^^^^^^^^^^^^^^^^ help: convert the identifier to snake case: `sched_get_prority_min`\n\n"]}},{"file":"api/linux_syscall_api/src/syscall_net/mod.rs","count":7,"kinds":{"Clippy(Warn)":["warning: unreachable pattern\n  --> api/linux_syscall_api/src/syscall_net/mod.rs:28:9\n   |\n27 |         SENDMMSG => Ok(0),\n   |         -------- matches any value\n28 |         SETSOCKOPT => syscall_set_sock_opt(args),\n   |         ^^^^^^^^^^ unreachable pattern\n   |\n   = note: `#[warn(unreachable_patterns)]` on by default\n\n","warning: unreachable pattern\n  --> api/linux_syscall_api/src/syscall_net/mod.rs:30:9\n   |\n27 |         SENDMMSG => Ok(0),\n   |         -------- matches any value\n...\n30 |         GETSOCKOPT => syscall_get_sock_opt(args),\n   |         ^^^^^^^^^^ unreachable pattern\n\n","warning: unreachable pattern\n  --> api/linux_syscall_api/src/syscall_net/mod.rs:31:9\n   |\n27 |         SENDMMSG => Ok(0),\n   |         -------- matches any value\n...\n31 |         SOCKETPAIR => syscall_socketpair(args),\n   |         ^^^^^^^^^^ unreachable pattern\n\n","warning: unreachable pattern\n  --> api/linux_syscall_api/src/syscall_net/mod.rs:32:9\n   |\n27 |         SENDMMSG => Ok(0),\n   |         -------- matches any value\n...\n32 |         ACCEPT4 => syscall_accept4(args),\n   |         ^^^^^^^ unreachable pattern\n\n","warning: unreachable pattern\n  --> api/linux_syscall_api/src/syscall_net/mod.rs:33:9\n   |\n27 |         SENDMMSG => Ok(0),\n   |         -------- matches any value\n...\n33 |         SHUTDOWN => syscall_shutdown(args),\n   |         ^^^^^^^^ unreachable pattern\n\n","warning: unused variable: `SENDMMSG`\n  --> api/linux_syscall_api/src/syscall_net/mod.rs:27:9\n   |\n27 |         SENDMMSG => Ok(0),\n   |         ^^^^^^^^ help: if this is intentional, prefix it with an underscore: `_SENDMMSG`\n   |\n   = note: `#[warn(unused_variables)]` on by default\n\n","warning: variable `SENDMMSG` should have a snake case name\n  --> api/linux_syscall_api/src/syscall_net/mod.rs:27:9\n   |\n27 |         SENDMMSG => Ok(0),\n   |         ^^^^^^^^ help: convert the identifier to snake case: `sendmmsg`\n   |\n   = note: `#[warn(non_snake_case)]` on by default\n\n"]}},{"file":"(virtual) rap","count":1,"kinds":{"Cargo":["// pkg_name=axstarry, checker=Rap\n// toolchain=nightly-2024-05-02, target=aarch64-unknown-none\n// pkg_dir=/home/runner/check/batch_1/Starry-OS/Starry-New/ulib/axstarry\n// cmd=cargo +nightly-2024-10-12 rap -F -M -- --target aarch64-unknown-none\n// timestamp=2024-12-27 5:41:44.249769582 +08:00:00\n    Checking log v0.4.21\n   Compiling proc-macro2 v1.0.92\n   Compiling equivalent v1.0.1\n   Compiling unicode-ident v1.0.14\nerror[E0463]: can't find crate for `core`\n  |\n  = note: the `aarch64-unknown-none` target may not be installed\n  = help: consider downloading the target with `rustup target add aarch64-unknown-none`\n  = help: consider building the standard library from source with `cargo build -Zbuild-std`\n\nFor more information about this error, try `rustc --explain E0463`.\n   Compiling hashbrown v0.15.2\nerror: could not compile `log` (lib) due to 1 previous error\nwarning: build failed, waiting for other jobs to finish...\n21:41:45|RAP|ERROR|: Finished with non-zero exit code.\n"]}},{"file":"(virtual) semver-checks","count":1,"kinds":{"Cargo":["// pkg_name=axstarry, checker=SemverChecks\n// toolchain=nightly-2024-05-02, target=aarch64-unknown-none\n// pkg_dir=/home/runner/check/batch_1/Starry-OS/Starry-New/ulib/axstarry\n// cmd=cargo +nightly-2024-12-26-x86_64-unknown-linux-gnu semver-checks --target aarch64-unknown-none\n// timestamp=2024-12-28 11:04:57.11136866 +08:00:00\n    Building axstarry v0.1.0 (current)\nerror: running cargo-doc on crate 'axstarry' failed with output:\n-----\nerror: output of --print=file-names missing when learning about target-specific information from rustc\ncommand was: `/home/runner/.rustup/toolchains/nightly-2024-12-26-x86_64-unknown-linux-gnu/bin/rustc - --crate-name ___ --print=file-names --cap-lints=allow --target aarch64-unknown-none --crate-type bin --crate-type rlib --crate-type dylib --crate-type cdylib --crate-type staticlib --crate-type proc-macro --print=sysroot --print=split-debuginfo --print=crate-name --print=cfg`\n\n--- stdout\n___\nlib___.rlib\nlib___.a\n/home/runner/.rustup/toolchains/nightly-2024-12-26-x86_64-unknown-linux-gnu\noff\n___\ndebug_assertions\nfmt_debug=\"full\"\noverflow_checks\npanic=\"abort\"\nproc_macro\nrelocation_model=\"static\"\ntarget_abi=\"\"\ntarget_arch=\"aarch64\"\ntarget_endian=\"little\"\ntarget_env=\"\"\ntarget_feature=\"neon\"\ntarget_has_atomic\ntarget_has_atomic=\"128\"\ntarget_has_atomic=\"16\"\ntarget_has_atomic=\"32\"\ntarget_has_atomic=\"64\"\ntarget_has_atomic=\"8\"\ntarget_has_atomic=\"ptr\"\ntarget_has_atomic_equal_alignment=\"128\"\ntarget_has_atomic_equal_alignment=\"16\"\ntarget_has_atomic_equal_alignment=\"32\"\ntarget_has_atomic_equal_alignment=\"64\"\ntarget_has_atomic_equal_alignment=\"8\"\ntarget_has_atomic_equal_alignment=\"ptr\"\ntarget_has_atomic_load_store\ntarget_has_atomic_load_store=\"128\"\ntarget_has_atomic_load_store=\"16\"\ntarget_has_atomic_load_store=\"32\"\ntarget_has_atomic_load_store=\"64\"\ntarget_has_atomic_load_store=\"8\"\ntarget_has_atomic_load_store=\"ptr\"\ntarget_os=\"none\"\ntarget_pointer_width=\"64\"\ntarget_vendor=\"unknown\"\nub_checks\n\n\n-----\n\nerror: failed to build rustdoc for crate axstarry v0.1.0\nnote: this is usually due to a compilation error in the crate,\n      and is unlikely to be a bug in cargo-semver-checks\nnote: the following command can be used to reproduce the compilation error:\n      cargo new --lib example &&\n          cd example &&\n          echo '[workspace]' >> Cargo.toml &&\n          cargo add --path /home/runner/check/batch_1/Starry-OS/Starry-New/ulib/axstarry --features alloc,another_ext4,bus-pci,default,devfs,display,e1000_net,ext4_rs,fatfs,fp_simd,fs,img,irq,ixgbe_net,log-level-debug,log-level-error,log-level-info,log-level-off,log-level-trace,log-level-warn,lwext4_rust,monolithic,multitask,myfs,net,paging,sched_cfs,sched_fifo,sched_rr,smp,tls &&\n          cargo check\n\nerror: aborting due to failure to build rustdoc for crate axstarry v0.1.0\n"]}},{"file":"[lockbud] Not supported to display yet.","count":1,"kinds":{"Lockbud(Possibly)":["[2024-12-04T20:52:31Z WARN  lockbud::callbacks] [\n      {\n        \"AtomicityViolation\": {\n          \"bug_kind\": \"AtomicityViolation\",\n          \"possibility\": \"Possibly\",\n          \"diagnosis\": {\n            \"fn_name\": \"set_logger_racy\",\n            \"atomic_reader\": \"/home/runner/.cargo/registry/src/index.crates.io-6f17d22bba15001f/log-0.4.21/src/lib.rs:1408:11: 1408:39 (#0)\",\n            \"atomic_writer\": \"/home/runner/.cargo/registry/src/index.crates.io-6f17d22bba15001f/log-0.4.21/src/lib.rs:1411:13: 1411:55 (#0)\",\n            \"dep_kind\": \"Control\"\n          },\n          \"explanation\": \"atomic::store is data/control dependent on atomic::load\"\n        }\n      }\n    ]\n[2024-12-04T20:52:31Z WARN  lockbud::callbacks] crate log contains bugs: { probably: 0, possibly: 0 }, conflictlock: { probably: 0, possibly: 0 }, condvar_deadlock: { probably: 0, possibly: 0 }, atomicity_violation: { possibly: 1 }, invalid_free: { possibly: 0 }, use_after_free: { possibly: 0 }\n[2024-12-04T20:54:26Z WARN  lockbud::callbacks] [\n      {\n        \"UseAfterFree\": {\n          \"bug_kind\": \"UseAfterFree\",\n          \"possibility\": \"Possibly\",\n          \"diagnosis\": \"Raw ptr is used at modules/axtask/src/schedule.rs:211:64: 211:80 (#0) after dropped at modules/axtask/src/schedule.rs:139:17: 139:26 (#0)\",\n          \"explanation\": \"Raw ptr is used or escapes the current function after the pointed value is dropped\"\n        }\n      }\n    ]\n[2024-12-04T20:54:26Z WARN  lockbud::callbacks] crate axtask contains bugs: { probably: 0, possibly: 0 }, conflictlock: { probably: 0, possibly: 0 }, condvar_deadlock: { probably: 0, possibly: 0 }, atomicity_violation: { possibly: 0 }, invalid_free: { possibly: 0 }, use_after_free: { possibly: 1 }\n[2024-12-04T20:54:29Z WARN  lockbud::callbacks] [\n      {\n        \"UseAfterFree\": {\n          \"bug_kind\": \"UseAfterFree\",\n          \"possibility\": \"Possibly\",\n          \"diagnosis\": \"Raw ptr is used at api/linux_syscall_api/src/syscall_fs/imp/ctl.rs:211:18: 211:90 (#0) after dropped at api/linux_syscall_api/src/syscall_fs/imp/ctl.rs:214:5: 214:6 (#0)\",\n          \"explanation\": \"Raw ptr is used or escapes the current function after the pointed value is dropped\"\n        }\n      }\n    ]\n[2024-12-04T20:54:29Z WARN  lockbud::callbacks] crate linux_syscall_api contains bugs: { probably: 0, possibly: 0 }, conflictlock: { probably: 0, possibly: 0 }, condvar_deadlock: { probably: 0, possibly: 0 }, atomicity_violation: { possibly: 0 }, invalid_free: { possibly: 0 }, use_after_free: { possibly: 1 }"]}},{"file":"[semver checks]","count":1,"kinds":{"Semver Violation":["pkg=axstarry, checker=SemverChecks\ntoolchain=nightly-2024-05-02, target=aarch64-unknown-none\npkg_dir=/home/runner/check/batch_1/Starry-OS/Starry-New/ulib/axstarry\ncmd=cargo +nightly-2024-12-26-x86_64-unknown-linux-gnu semver-checks --target aarch64-unknown-none\n\n\nstdout:\n\nstderr:\n    Building axstarry v0.1.0 (current)\nerror: running cargo-doc on crate 'axstarry' failed with output:\n-----\nerror: output of --print=file-names missing when learning about target-specific information from rustc\ncommand was: `/home/runner/.rustup/toolchains/nightly-2024-12-26-x86_64-unknown-linux-gnu/bin/rustc - --crate-name ___ --print=file-names --cap-lints=allow --target aarch64-unknown-none --crate-type bin --crate-type rlib --crate-type dylib --crate-type cdylib --crate-type staticlib --crate-type proc-macro --print=sysroot --print=split-debuginfo --print=crate-name --print=cfg`\n\n--- stdout\n___\nlib___.rlib\nlib___.a\n/home/runner/.rustup/toolchains/nightly-2024-12-26-x86_64-unknown-linux-gnu\noff\n___\ndebug_assertions\nfmt_debug=\"full\"\noverflow_checks\npanic=\"abort\"\nproc_macro\nrelocation_model=\"static\"\ntarget_abi=\"\"\ntarget_arch=\"aarch64\"\ntarget_endian=\"little\"\ntarget_env=\"\"\ntarget_feature=\"neon\"\ntarget_has_atomic\ntarget_has_atomic=\"128\"\ntarget_has_atomic=\"16\"\ntarget_has_atomic=\"32\"\ntarget_has_atomic=\"64\"\ntarget_has_atomic=\"8\"\ntarget_has_atomic=\"ptr\"\ntarget_has_atomic_equal_alignment=\"128\"\ntarget_has_atomic_equal_alignment=\"16\"\ntarget_has_atomic_equal_alignment=\"32\"\ntarget_has_atomic_equal_alignment=\"64\"\ntarget_has_atomic_equal_alignment=\"8\"\ntarget_has_atomic_equal_alignment=\"ptr\"\ntarget_has_atomic_load_store\ntarget_has_atomic_load_store=\"128\"\ntarget_has_atomic_load_store=\"16\"\ntarget_has_atomic_load_store=\"32\"\ntarget_has_atomic_load_store=\"64\"\ntarget_has_atomic_load_store=\"8\"\ntarget_has_atomic_load_store=\"ptr\"\ntarget_os=\"none\"\ntarget_pointer_width=\"64\"\ntarget_vendor=\"unknown\"\nub_checks\n\n\n-----\n\nerror: failed to build rustdoc for crate axstarry v0.1.0\nnote: this is usually due to a compilation error in the crate,\n      and is unlikely to be a bug in cargo-semver-checks\nnote: the following command can be used to reproduce the compilation error:\n      cargo new --lib example &&\n          cd example &&\n          echo '[workspace]' >> Cargo.toml &&\n          cargo add --path /home/runner/check/batch_1/Starry-OS/Starry-New/ulib/axstarry --features alloc,another_ext4,bus-pci,default,devfs,display,e1000_net,ext4_rs,fatfs,fp_simd,fs,img,irq,ixgbe_net,log-level-debug,log-level-error,log-level-info,log-level-off,log-level-trace,log-level-warn,lwext4_rust,monolithic,multitask,myfs,net,paging,sched_cfs,sched_fifo,sched_rr,smp,tls &&\n          cargo check\n\nerror: aborting due to failure to build rustdoc for crate axstarry v0.1.0\n"]}}]},{"user":"Starry-OS","repo":"Starry-New","pkg":"monolithic_userboot","count":19,"raw_reports":[{"file":"api/linux_syscall_api/src/syscall_task/mod.rs","count":10,"kinds":{"Clippy(Warn)":["warning: unreachable pattern\n  --> api/linux_syscall_api/src/syscall_task/mod.rs:73:9\n   |\n72 |         SCHED_GET_PRORITY_MAX => syscall_sched_getscheduler_max(args),\n   |         --------------------- matches any value\n73 |         SCHED_GET_PRORITY_MIN => syscall_sched_getscheduler_min(args),\n   |         ^^^^^^^^^^^^^^^^^^^^^ unreachable pattern\n\n","warning: unreachable pattern\n  --> api/linux_syscall_api/src/syscall_task/mod.rs:74:9\n   |\n72 |         SCHED_GET_PRORITY_MAX => syscall_sched_getscheduler_max(args),\n   |         --------------------- matches any value\n73 |         SCHED_GET_PRORITY_MIN => syscall_sched_getscheduler_min(args),\n74 |         GET_MEMPOLICY => Ok(0),\n   |         ^^^^^^^^^^^^^ unreachable pattern\n\n","warning: unreachable pattern\n  --> api/linux_syscall_api/src/syscall_task/mod.rs:75:9\n   |\n72 |         SCHED_GET_PRORITY_MAX => syscall_sched_getscheduler_max(args),\n   |         --------------------- matches any value\n...\n75 |         CLOCK_GETRES => syscall_clock_getres(args),\n   |         ^^^^^^^^^^^^ unreachable pattern\n\n","warning: unreachable pattern\n  --> api/linux_syscall_api/src/syscall_task/mod.rs:76:9\n   |\n72 |         SCHED_GET_PRORITY_MAX => syscall_sched_getscheduler_max(args),\n   |         --------------------- matches any value\n...\n76 |         CLOCK_NANOSLEEP => syscall_clock_nanosleep(args),\n   |         ^^^^^^^^^^^^^^^ unreachable pattern\n\n","warning: unreachable pattern\n  --> api/linux_syscall_api/src/syscall_task/mod.rs:77:9\n   |\n72 |         SCHED_GET_PRORITY_MAX => syscall_sched_getscheduler_max(args),\n   |         --------------------- matches any value\n...\n77 |         PRCTL => syscall_prctl(args),\n   |         ^^^^^ unreachable pattern\n\n","warning: unreachable pattern\n  --> api/linux_syscall_api/src/syscall_task/mod.rs:78:9\n   |\n72 |         SCHED_GET_PRORITY_MAX => syscall_sched_getscheduler_max(args),\n   |         --------------------- matches any value\n...\n78 |         PIDFD_SEND_SIGNAL => syscall_pidfd_send_signal(args),\n   |         ^^^^^^^^^^^^^^^^^ unreachable pattern\n\n","warning: unused variable: `SCHED_GET_PRORITY_MAX`\n  --> api/linux_syscall_api/src/syscall_task/mod.rs:72:9\n   |\n72 |         SCHED_GET_PRORITY_MAX => syscall_sched_getscheduler_max(args),\n   |         ^^^^^^^^^^^^^^^^^^^^^ help: if this is intentional, prefix it with an underscore: `_SCHED_GET_PRORITY_MAX`\n\n","warning: unused variable: `SCHED_GET_PRORITY_MIN`\n  --> api/linux_syscall_api/src/syscall_task/mod.rs:73:9\n   |\n73 |         SCHED_GET_PRORITY_MIN => syscall_sched_getscheduler_min(args),\n   |         ^^^^^^^^^^^^^^^^^^^^^ help: if this is intentional, prefix it with an underscore: `_SCHED_GET_PRORITY_MIN`\n\n","warning: variable `SCHED_GET_PRORITY_MAX` should have a snake case name\n  --> api/linux_syscall_api/src/syscall_task/mod.rs:72:9\n   |\n72 |         SCHED_GET_PRORITY_MAX => syscall_sched_getscheduler_max(args),\n   |         ^^^^^^^^^^^^^^^^^^^^^ help: convert the identifier to snake case: `sched_get_prority_max`\n\n","warning: variable `SCHED_GET_PRORITY_MIN` should have a snake case name\n  --> api/linux_syscall_api/src/syscall_task/mod.rs:73:9\n   |\n73 |         SCHED_GET_PRORITY_MIN => syscall_sched_getscheduler_min(args),\n   |         ^^^^^^^^^^^^^^^^^^^^^ help: convert the identifier to snake case: `sched_get_prority_min`\n\n"]}},{"file":"api/linux_syscall_api/src/syscall_net/mod.rs","count":7,"kinds":{"Clippy(Warn)":["warning: unreachable pattern\n  --> api/linux_syscall_api/src/syscall_net/mod.rs:28:9\n   |\n27 |         SENDMMSG => Ok(0),\n   |         -------- matches any value\n28 |         SETSOCKOPT => syscall_set_sock_opt(args),\n   |         ^^^^^^^^^^ unreachable pattern\n   |\n   = note: `#[warn(unreachable_patterns)]` on by default\n\n","warning: unreachable pattern\n  --> api/linux_syscall_api/src/syscall_net/mod.rs:30:9\n   |\n27 |         SENDMMSG => Ok(0),\n   |         -------- matches any value\n...\n30 |         GETSOCKOPT => syscall_get_sock_opt(args),\n   |         ^^^^^^^^^^ unreachable pattern\n\n","warning: unreachable pattern\n  --> api/linux_syscall_api/src/syscall_net/mod.rs:31:9\n   |\n27 |         SENDMMSG => Ok(0),\n   |         -------- matches any value\n...\n31 |         SOCKETPAIR => syscall_socketpair(args),\n   |         ^^^^^^^^^^ unreachable pattern\n\n","warning: unreachable pattern\n  --> api/linux_syscall_api/src/syscall_net/mod.rs:32:9\n   |\n27 |         SENDMMSG => Ok(0),\n   |         -------- matches any value\n...\n32 |         ACCEPT4 => syscall_accept4(args),\n   |         ^^^^^^^ unreachable pattern\n\n","warning: unreachable pattern\n  --> api/linux_syscall_api/src/syscall_net/mod.rs:33:9\n   |\n27 |         SENDMMSG => Ok(0),\n   |         -------- matches any value\n...\n33 |         SHUTDOWN => syscall_shutdown(args),\n   |         ^^^^^^^^ unreachable pattern\n\n","warning: unused variable: `SENDMMSG`\n  --> api/linux_syscall_api/src/syscall_net/mod.rs:27:9\n   |\n27 |         SENDMMSG => Ok(0),\n   |         ^^^^^^^^ help: if this is intentional, prefix it with an underscore: `_SENDMMSG`\n   |\n   = note: `#[warn(unused_variables)]` on by default\n\n","warning: variable `SENDMMSG` should have a snake case name\n  --> api/linux_syscall_api/src/syscall_net/mod.rs:27:9\n   |\n27 |         SENDMMSG => Ok(0),\n   |         ^^^^^^^^ help: convert the identifier to snake case: `sendmmsg`\n   |\n   = note: `#[warn(non_snake_case)]` on by default\n\n"]}},{"file":"(virtual) rap","count":1,"kinds":{"Cargo":["// pkg_name=monolithic_userboot, checker=Rap\n// toolchain=nightly-2024-05-02, target=aarch64-unknown-none\n// pkg_dir=/home/runner/check/batch_1/Starry-OS/Starry-New/apps/monolithic_userboot\n// cmd=cargo +nightly-2024-10-12 rap -F -M -- --target aarch64-unknown-none\n// timestamp=2024-12-27 5:42:38.299052601 +08:00:00\n    Checking log v0.4.21\n   Compiling proc-macro2 v1.0.92\n   Compiling hashbrown v0.15.2\n   Compiling equivalent v1.0.1\nerror[E0463]: can't find crate for `core`\n  |\n  = note: the `aarch64-unknown-none` target may not be installed\n  = help: consider downloading the target with `rustup target add aarch64-unknown-none`\n  = help: consider building the standard library from source with `cargo build -Zbuild-std`\n\nFor more information about this error, try `rustc --explain E0463`.\nerror: could not compile `log` (lib) due to 1 previous error\nwarning: build failed, waiting for other jobs to finish...\n21:42:39|RAP|ERROR|: Finished with non-zero exit code.\n"]}},{"file":"[lockbud] Not supported to display yet.","count":1,"kinds":{"Lockbud(Possibly)":["[2024-12-04T20:52:31Z WARN  lockbud::callbacks] [\n      {\n        \"AtomicityViolation\": {\n          \"bug_kind\": \"AtomicityViolation\",\n          \"possibility\": \"Possibly\",\n          \"diagnosis\": {\n            \"fn_name\": \"set_logger_racy\",\n            \"atomic_reader\": \"/home/runner/.cargo/registry/src/index.crates.io-6f17d22bba15001f/log-0.4.21/src/lib.rs:1408:11: 1408:39 (#0)\",\n            \"atomic_writer\": \"/home/runner/.cargo/registry/src/index.crates.io-6f17d22bba15001f/log-0.4.21/src/lib.rs:1411:13: 1411:55 (#0)\",\n            \"dep_kind\": \"Control\"\n          },\n          \"explanation\": \"atomic::store is data/control dependent on atomic::load\"\n        }\n      }\n    ]\n[2024-12-04T20:52:31Z WARN  lockbud::callbacks] crate log contains bugs: { probably: 0, possibly: 0 }, conflictlock: { probably: 0, possibly: 0 }, condvar_deadlock: { probably: 0, possibly: 0 }, atomicity_violation: { possibly: 1 }, invalid_free: { possibly: 0 }, use_after_free: { possibly: 0 }\n[2024-12-04T20:54:26Z WARN  lockbud::callbacks] [\n      {\n        \"UseAfterFree\": {\n          \"bug_kind\": \"UseAfterFree\",\n          \"possibility\": \"Possibly\",\n          \"diagnosis\": \"Raw ptr is used at modules/axtask/src/schedule.rs:211:64: 211:80 (#0) after dropped at modules/axtask/src/schedule.rs:139:17: 139:26 (#0)\",\n          \"explanation\": \"Raw ptr is used or escapes the current function after the pointed value is dropped\"\n        }\n      }\n    ]\n[2024-12-04T20:54:26Z WARN  lockbud::callbacks] crate axtask contains bugs: { probably: 0, possibly: 0 }, conflictlock: { probably: 0, possibly: 0 }, condvar_deadlock: { probably: 0, possibly: 0 }, atomicity_violation: { possibly: 0 }, invalid_free: { possibly: 0 }, use_after_free: { possibly: 1 }\n[2024-12-04T20:54:29Z WARN  lockbud::callbacks] [\n      {\n        \"UseAfterFree\": {\n          \"bug_kind\": \"UseAfterFree\",\n          \"possibility\": \"Possibly\",\n          \"diagnosis\": \"Raw ptr is used at api/linux_syscall_api/src/syscall_fs/imp/ctl.rs:211:18: 211:90 (#0) after dropped at api/linux_syscall_api/src/syscall_fs/imp/ctl.rs:214:5: 214:6 (#0)\",\n          \"explanation\": \"Raw ptr is used or escapes the current function after the pointed value is dropped\"\n        }\n      }\n    ]\n[2024-12-04T20:54:29Z WARN  lockbud::callbacks] crate linux_syscall_api contains bugs: { probably: 0, possibly: 0 }, conflictlock: { probably: 0, possibly: 0 }, condvar_deadlock: { probably: 0, possibly: 0 }, atomicity_violation: { possibly: 0 }, invalid_free: { possibly: 0 }, use_after_free: { possibly: 1 }"]}}]},{"user":"Starry-OS","repo":"Starry-New","pkg":"axnet","count":10,"raw_reports":[{"file":"modules/axnet/src/smoltcp_impl/addr.rs","count":2,"kinds":{"Clippy(Warn)":["warning: transmute used without annotations\n  --> modules/axnet/src/smoltcp_impl/addr.rs:13:65\n   |\n13 |         IpAddress::Ipv4(ipv4) => IpAddr::V4(unsafe { core::mem::transmute(ipv4.0) }),\n   |                                                                 ^^^^^^^^^ help: consider adding missing annotations: `transmute::<[u8; 4], core::net::Ipv4Addr>`\n   |\n   = help: for further information visit https://rust-lang.github.io/rust-clippy/master/index.html#missing_transmute_annotations\n   = note: `#[warn(clippy::missing_transmute_annotations)]` on by default\n\n","warning: transmute used without annotations\n  --> modules/axnet/src/smoltcp_impl/addr.rs:14:65\n   |\n14 |         IpAddress::Ipv6(ipv6) => IpAddr::V6(unsafe { core::mem::transmute(ipv6.0) }),\n   |                                                                 ^^^^^^^^^ help: consider adding missing annotations: `transmute::<[u8; 16], core::net::Ipv6Addr>`\n   |\n   = help: for further information visit https://rust-lang.github.io/rust-clippy/master/index.html#missing_transmute_annotations\n\n"]}},{"file":"(virtual) rap","count":1,"kinds":{"Cargo":["// pkg_name=axnet, checker=Rap\n// toolchain=nightly-2024-05-02, target=aarch64-unknown-none\n// pkg_dir=/home/runner/check/batch_1/Starry-OS/Starry-New/modules/axnet\n// cmd=cargo +nightly-2024-10-12 rap -F -M -- --target aarch64-unknown-none\n// timestamp=2024-12-27 5:41:05.995076603 +08:00:00\n   Compiling hashbrown v0.15.2\n   Compiling serde v1.0.215\n   Compiling equivalent v1.0.1\n   Compiling winnow v0.6.20\n   Compiling toml_datetime v0.6.8\n   Compiling proc-macro2 v1.0.92\n   Compiling indexmap v2.7.0\n   Compiling unicode-ident v1.0.14\n    Checking log v0.4.21\nerror[E0463]: can't find crate for `core`\n  |\n  = note: the `aarch64-unknown-none` target may not be installed\n  = help: consider downloading the target with `rustup target add aarch64-unknown-none`\n  = help: consider building the standard library from source with `cargo build -Zbuild-std`\n\nFor more information about this error, try `rustc --explain E0463`.\nerror: could not compile `log` (lib) due to 1 previous error\nwarning: build failed, waiting for other jobs to finish...\n21:41:08|RAP|ERROR|: Finished with non-zero exit code.\n"]}},{"file":"(virtual) semver-checks","count":1,"kinds":{"Cargo":["// pkg_name=axnet, checker=SemverChecks\n// toolchain=nightly-2024-05-02, target=aarch64-unknown-none\n// pkg_dir=/home/runner/check/batch_1/Starry-OS/Starry-New/modules/axnet\n// cmd=cargo +nightly-2024-12-26-x86_64-unknown-linux-gnu semver-checks --target aarch64-unknown-none\n// timestamp=2024-12-28 11:04:20.793925433 +08:00:00\n    Building axnet v0.1.0 (current)\nerror: running cargo-doc on crate 'axnet' failed with output:\n-----\nerror: output of --print=file-names missing when learning about target-specific information from rustc\ncommand was: `/home/runner/.rustup/toolchains/nightly-2024-12-26-x86_64-unknown-linux-gnu/bin/rustc - --crate-name ___ --print=file-names --cap-lints=allow --target aarch64-unknown-none --crate-type bin --crate-type rlib --crate-type dylib --crate-type cdylib --crate-type staticlib --crate-type proc-macro --print=sysroot --print=split-debuginfo --print=crate-name --print=cfg`\n\n--- stdout\n___\nlib___.rlib\nlib___.a\n/home/runner/.rustup/toolchains/nightly-2024-12-26-x86_64-unknown-linux-gnu\noff\n___\ndebug_assertions\nfmt_debug=\"full\"\noverflow_checks\npanic=\"abort\"\nproc_macro\nrelocation_model=\"static\"\ntarget_abi=\"\"\ntarget_arch=\"aarch64\"\ntarget_endian=\"little\"\ntarget_env=\"\"\ntarget_feature=\"neon\"\ntarget_has_atomic\ntarget_has_atomic=\"128\"\ntarget_has_atomic=\"16\"\ntarget_has_atomic=\"32\"\ntarget_has_atomic=\"64\"\ntarget_has_atomic=\"8\"\ntarget_has_atomic=\"ptr\"\ntarget_has_atomic_equal_alignment=\"128\"\ntarget_has_atomic_equal_alignment=\"16\"\ntarget_has_atomic_equal_alignment=\"32\"\ntarget_has_atomic_equal_alignment=\"64\"\ntarget_has_atomic_equal_alignment=\"8\"\ntarget_has_atomic_equal_alignment=\"ptr\"\ntarget_has_atomic_load_store\ntarget_has_atomic_load_store=\"128\"\ntarget_has_atomic_load_store=\"16\"\ntarget_has_atomic_load_store=\"32\"\ntarget_has_atomic_load_store=\"64\"\ntarget_has_atomic_load_store=\"8\"\ntarget_has_atomic_load_store=\"ptr\"\ntarget_os=\"none\"\ntarget_pointer_width=\"64\"\ntarget_vendor=\"unknown\"\nub_checks\n\n\n-----\n\nerror: failed to build rustdoc for crate axnet v0.1.0\nnote: this is usually due to a compilation error in the crate,\n      and is unlikely to be a bug in cargo-semver-checks\nnote: the following command can be used to reproduce the compilation error:\n      cargo new --lib example &&\n          cd example &&\n          echo '[workspace]' >> Cargo.toml &&\n          cargo add --path /home/runner/check/batch_1/Starry-OS/Starry-New/modules/axnet --features default,ip,monolithic,smoltcp &&\n          cargo check\n\nerror: aborting due to failure to build rustdoc for crate axnet v0.1.0\n"]}},{"file":"[lockbud] Not supported to display yet.","count":1,"kinds":{"Lockbud(Possibly)":["[2024-12-04T20:52:31Z WARN  lockbud::callbacks] [\n      {\n        \"AtomicityViolation\": {\n          \"bug_kind\": \"AtomicityViolation\",\n          \"possibility\": \"Possibly\",\n          \"diagnosis\": {\n            \"fn_name\": \"set_logger_racy\",\n            \"atomic_reader\": \"/home/runner/.cargo/registry/src/index.crates.io-6f17d22bba15001f/log-0.4.21/src/lib.rs:1408:11: 1408:39 (#0)\",\n            \"atomic_writer\": \"/home/runner/.cargo/registry/src/index.crates.io-6f17d22bba15001f/log-0.4.21/src/lib.rs:1411:13: 1411:55 (#0)\",\n            \"dep_kind\": \"Control\"\n          },\n          \"explanation\": \"atomic::store is data/control dependent on atomic::load\"\n        }\n      }\n    ]\n[2024-12-04T20:52:31Z WARN  lockbud::callbacks] crate log contains bugs: { probably: 0, possibly: 0 }, conflictlock: { probably: 0, possibly: 0 }, condvar_deadlock: { probably: 0, possibly: 0 }, atomicity_violation: { possibly: 1 }, invalid_free: { possibly: 0 }, use_after_free: { possibly: 0 }"]}},{"file":"[outdated direct dependencies]","count":1,"kinds":{"Outdated":["pkg=axnet, checker=Outdated\ntoolchain=nightly-2024-05-02, target=aarch64-unknown-none\npkg_dir=/home/runner/check/batch_1/Starry-OS/Starry-New/modules/axnet\ncmd=cargo +nightly-2024-12-26-x86_64-unknown-linux-gnu outdated -R --exit-code=2\n\nName  Project  Compat  Latest  Kind    Platform\n----  -------  ------  ------  ----    --------\nlog   0.4.21   0.4.22  0.4.22  Normal  ---\n"]}},{"file":"[semver checks]","count":1,"kinds":{"Semver Violation":["pkg=axnet, checker=SemverChecks\ntoolchain=nightly-2024-05-02, target=aarch64-unknown-none\npkg_dir=/home/runner/check/batch_1/Starry-OS/Starry-New/modules/axnet\ncmd=cargo +nightly-2024-12-26-x86_64-unknown-linux-gnu semver-checks --target aarch64-unknown-none\n\n\nstdout:\n\nstderr:\n    Building axnet v0.1.0 (current)\nerror: running cargo-doc on crate 'axnet' failed with output:\n-----\nerror: output of --print=file-names missing when learning about target-specific information from rustc\ncommand was: `/home/runner/.rustup/toolchains/nightly-2024-12-26-x86_64-unknown-linux-gnu/bin/rustc - --crate-name ___ --print=file-names --cap-lints=allow --target aarch64-unknown-none --crate-type bin --crate-type rlib --crate-type dylib --crate-type cdylib --crate-type staticlib --crate-type proc-macro --print=sysroot --print=split-debuginfo --print=crate-name --print=cfg`\n\n--- stdout\n___\nlib___.rlib\nlib___.a\n/home/runner/.rustup/toolchains/nightly-2024-12-26-x86_64-unknown-linux-gnu\noff\n___\ndebug_assertions\nfmt_debug=\"full\"\noverflow_checks\npanic=\"abort\"\nproc_macro\nrelocation_model=\"static\"\ntarget_abi=\"\"\ntarget_arch=\"aarch64\"\ntarget_endian=\"little\"\ntarget_env=\"\"\ntarget_feature=\"neon\"\ntarget_has_atomic\ntarget_has_atomic=\"128\"\ntarget_has_atomic=\"16\"\ntarget_has_atomic=\"32\"\ntarget_has_atomic=\"64\"\ntarget_has_atomic=\"8\"\ntarget_has_atomic=\"ptr\"\ntarget_has_atomic_equal_alignment=\"128\"\ntarget_has_atomic_equal_alignment=\"16\"\ntarget_has_atomic_equal_alignment=\"32\"\ntarget_has_atomic_equal_alignment=\"64\"\ntarget_has_atomic_equal_alignment=\"8\"\ntarget_has_atomic_equal_alignment=\"ptr\"\ntarget_has_atomic_load_store\ntarget_has_atomic_load_store=\"128\"\ntarget_has_atomic_load_store=\"16\"\ntarget_has_atomic_load_store=\"32\"\ntarget_has_atomic_load_store=\"64\"\ntarget_has_atomic_load_store=\"8\"\ntarget_has_atomic_load_store=\"ptr\"\ntarget_os=\"none\"\ntarget_pointer_width=\"64\"\ntarget_vendor=\"unknown\"\nub_checks\n\n\n-----\n\nerror: failed to build rustdoc for crate axnet v0.1.0\nnote: this is usually due to a compilation error in the crate,\n      and is unlikely to be a bug in cargo-semver-checks\nnote: the following command can be used to reproduce the compilation error:\n      cargo new --lib example &&\n          cd example &&\n          echo '[workspace]' >> Cargo.toml &&\n          cargo add --path /home/runner/check/batch_1/Starry-OS/Starry-New/modules/axnet --features default,ip,monolithic,smoltcp &&\n          cargo check\n\nerror: aborting due to failure to build rustdoc for crate axnet v0.1.0\n"]}},{"file":"modules/axnet/src/smoltcp_impl/listen_table.rs","count":1,"kinds":{"Clippy(Warn)":["warning: unnecessary closure used with `bool::then`\n  --> modules/axnet/src/smoltcp_impl/listen_table.rs:95:44\n   |\n95 |                 .find_map(|(idx, &handle)| is_connected(handle).then(|| idx))\n   |                                            ^^^^^^^^^^^^^^^^^^^^^------------\n   |                                                                 |\n   |                                                                 help: use `then_some(..)` instead: `then_some(idx)`\n   |\n   = help: for further information visit https://rust-lang.github.io/rust-clippy/master/index.html#unnecessary_lazy_evaluations\n   = note: `#[warn(clippy::unnecessary_lazy_evaluations)]` on by default\n\n"]}},{"file":"modules/axnet/src/smoltcp_impl/tcp.rs","count":1,"kinds":{"Clippy(Warn)":["warning: you should consider adding a `Default` implementation for `TcpSocket`\n  --> modules/axnet/src/smoltcp_impl/tcp.rs:53:5\n   |\n53 | /     pub const fn new() -> Self {\n54 | |         Self {\n55 | |             state: AtomicU8::new(STATE_CLOSED),\n56 | |             handle: UnsafeCell::new(None),\n...  |\n61 | |         }\n62 | |     }\n   | |_____^\n   |\n   = help: for further information visit https://rust-lang.github.io/rust-clippy/master/index.html#new_without_default\n   = note: `#[warn(clippy::new_without_default)]` on by default\nhelp: try adding this\n   |\n51 + impl Default for TcpSocket {\n52 +     fn default() -> Self {\n53 +         Self::new()\n54 +     }\n55 + }\n   |\n\n"]}},{"file":"src/smoltcp_impl/mod.rs","count":1,"kinds":{"Unformatted":["file: /home/runner/check/batch_1/Starry-OS/Starry-New/modules/axnet/src/smoltcp_impl/mod.rs (original lines from 228 to 229)\n-    type RxToken<'a> = AxNetRxToken<'a> where Self: 'a;\n-    type TxToken<'a> = AxNetTxToken<'a> where Self: 'a;\n+    type RxToken<'a>\n+        = AxNetRxToken<'a>\n+    where\n+        Self: 'a;\n+    type TxToken<'a>\n+        = AxNetTxToken<'a>\n+    where\n+        Self: 'a;\n"]}}]},{"user":"Starry-OS","repo":"Starry-New","pkg":"axfs","count":9,"raw_reports":[{"file":"modules/axfs/src/fs/fatfs.rs","count":2,"kinds":{"Clippy(Warn)":["warning: this block may be rewritten with the `?` operator\n  --> modules/axfs/src/fs/fatfs.rs:88:13\n   |\n88 | /             if ans.is_err() {\n89 | |                 return ans;\n90 | |             }\n   | |_____________^ help: replace it with: `ans?;`\n   |\n   = help: for further information visit https://rust-lang.github.io/rust-clippy/master/index.html#question_mark\n   = note: `#[warn(clippy::question_mark)]` on by default\n\n","warning: this block may be rewritten with the `?` operator\n   --> modules/axfs/src/fs/fatfs.rs:115:13\n    |\n115 | /             if ans.is_err() {\n116 | |                 return ans;\n117 | |             }\n    | |_____________^ help: replace it with: `ans?;`\n    |\n    = help: for further information visit https://rust-lang.github.io/rust-clippy/master/index.html#question_mark\n\n"]}},{"file":"(virtual) rap","count":1,"kinds":{"Cargo":["// pkg_name=axfs, checker=Rap\n// toolchain=nightly-2024-05-02, target=aarch64-unknown-none\n// pkg_dir=/home/runner/check/batch_1/Starry-OS/Starry-New/modules/axfs\n// cmd=cargo +nightly-2024-10-12 rap -F -M -- --target aarch64-unknown-none\n// timestamp=2024-12-27 5:40:17.943092134 +08:00:00\n   Compiling hashbrown v0.15.2\n   Compiling serde v1.0.215\n   Compiling equivalent v1.0.1\n   Compiling winnow v0.6.20\n   Compiling toml_datetime v0.6.8\n    Checking log v0.4.21\nerror[E0463]: can't find crate for `core`\n  |\n  = note: the `aarch64-unknown-none` target may not be installed\n  = help: consider downloading the target with `rustup target add aarch64-unknown-none`\n  = help: consider building the standard library from source with `cargo build -Zbuild-std`\n\nFor more information about this error, try `rustc --explain E0463`.\nerror: could not compile `log` (lib) due to 1 previous error\nwarning: build failed, waiting for other jobs to finish...\n21:40:20|RAP|ERROR|: Finished with non-zero exit code.\n"]}},{"file":"(virtual) semver-checks","count":1,"kinds":{"Cargo":["// pkg_name=axfs, checker=SemverChecks\n// toolchain=nightly-2024-05-02, target=aarch64-unknown-none\n// pkg_dir=/home/runner/check/batch_1/Starry-OS/Starry-New/modules/axfs\n// cmd=cargo +nightly-2024-12-26-x86_64-unknown-linux-gnu semver-checks --target aarch64-unknown-none\n// timestamp=2024-12-28 11:03:26.889608309 +08:00:00\n    Building axfs v0.1.0 (current)\nerror: running cargo-doc on crate 'axfs' failed with output:\n-----\nerror: output of --print=file-names missing when learning about target-specific information from rustc\ncommand was: `/home/runner/.rustup/toolchains/nightly-2024-12-26-x86_64-unknown-linux-gnu/bin/rustc - --crate-name ___ --print=file-names --cap-lints=allow --target aarch64-unknown-none --crate-type bin --crate-type rlib --crate-type dylib --crate-type cdylib --crate-type staticlib --crate-type proc-macro --print=sysroot --print=split-debuginfo --print=crate-name --print=cfg`\n\n--- stdout\n___\nlib___.rlib\nlib___.a\n/home/runner/.rustup/toolchains/nightly-2024-12-26-x86_64-unknown-linux-gnu\noff\n___\ndebug_assertions\nfmt_debug=\"full\"\noverflow_checks\npanic=\"abort\"\nproc_macro\nrelocation_model=\"static\"\ntarget_abi=\"\"\ntarget_arch=\"aarch64\"\ntarget_endian=\"little\"\ntarget_env=\"\"\ntarget_feature=\"neon\"\ntarget_has_atomic\ntarget_has_atomic=\"128\"\ntarget_has_atomic=\"16\"\ntarget_has_atomic=\"32\"\ntarget_has_atomic=\"64\"\ntarget_has_atomic=\"8\"\ntarget_has_atomic=\"ptr\"\ntarget_has_atomic_equal_alignment=\"128\"\ntarget_has_atomic_equal_alignment=\"16\"\ntarget_has_atomic_equal_alignment=\"32\"\ntarget_has_atomic_equal_alignment=\"64\"\ntarget_has_atomic_equal_alignment=\"8\"\ntarget_has_atomic_equal_alignment=\"ptr\"\ntarget_has_atomic_load_store\ntarget_has_atomic_load_store=\"128\"\ntarget_has_atomic_load_store=\"16\"\ntarget_has_atomic_load_store=\"32\"\ntarget_has_atomic_load_store=\"64\"\ntarget_has_atomic_load_store=\"8\"\ntarget_has_atomic_load_store=\"ptr\"\ntarget_os=\"none\"\ntarget_pointer_width=\"64\"\ntarget_vendor=\"unknown\"\nub_checks\n\n\n-----\n\nerror: failed to build rustdoc for crate axfs v0.1.0\nnote: this is usually due to a compilation error in the crate,\n      and is unlikely to be a bug in cargo-semver-checks\nnote: the following command can be used to reproduce the compilation error:\n      cargo new --lib example &&\n          cd example &&\n          echo '[workspace]' >> Cargo.toml &&\n          cargo add --path /home/runner/check/batch_1/Starry-OS/Starry-New/modules/axfs --features another_ext4,default,devfs,ext4_rs,fatfs,lwext4_rust,monolithic,myfs,procfs,ramfs,sysfs,use-ramdisk &&\n          cargo check\n\nerror: aborting due to failure to build rustdoc for crate axfs v0.1.0\n"]}},{"file":"[lockbud] Not supported to display yet.","count":1,"kinds":{"Lockbud(Possibly)":["[2024-12-04T20:52:31Z WARN  lockbud::callbacks] [\n      {\n        \"AtomicityViolation\": {\n          \"bug_kind\": \"AtomicityViolation\",\n          \"possibility\": \"Possibly\",\n          \"diagnosis\": {\n            \"fn_name\": \"set_logger_racy\",\n            \"atomic_reader\": \"/home/runner/.cargo/registry/src/index.crates.io-6f17d22bba15001f/log-0.4.21/src/lib.rs:1408:11: 1408:39 (#0)\",\n            \"atomic_writer\": \"/home/runner/.cargo/registry/src/index.crates.io-6f17d22bba15001f/log-0.4.21/src/lib.rs:1411:13: 1411:55 (#0)\",\n            \"dep_kind\": \"Control\"\n          },\n          \"explanation\": \"atomic::store is data/control dependent on atomic::load\"\n        }\n      }\n    ]\n[2024-12-04T20:52:31Z WARN  lockbud::callbacks] crate log contains bugs: { probably: 0, possibly: 0 }, conflictlock: { probably: 0, possibly: 0 }, condvar_deadlock: { probably: 0, possibly: 0 }, atomicity_violation: { possibly: 1 }, invalid_free: { possibly: 0 }, use_after_free: { possibly: 0 }"]}},{"file":"[outdated direct dependencies]","count":1,"kinds":{"Outdated":["pkg=axfs, checker=Outdated\ntoolchain=nightly-2024-05-02, target=aarch64-unknown-none\npkg_dir=/home/runner/check/batch_1/Starry-OS/Starry-New/modules/axfs\ncmd=cargo +nightly-2024-12-26-x86_64-unknown-linux-gnu outdated -R --exit-code=2\n\nName  Project  Compat  Latest  Kind    Platform\n----  -------  ------  ------  ----    --------\nlog   0.4.21   0.4.22  0.4.22  Normal  ---\n"]}},{"file":"[semver checks]","count":1,"kinds":{"Semver Violation":["pkg=axfs, checker=SemverChecks\ntoolchain=nightly-2024-05-02, target=aarch64-unknown-none\npkg_dir=/home/runner/check/batch_1/Starry-OS/Starry-New/modules/axfs\ncmd=cargo +nightly-2024-12-26-x86_64-unknown-linux-gnu semver-checks --target aarch64-unknown-none\n\n\nstdout:\n\nstderr:\n    Building axfs v0.1.0 (current)\nerror: running cargo-doc on crate 'axfs' failed with output:\n-----\nerror: output of --print=file-names missing when learning about target-specific information from rustc\ncommand was: `/home/runner/.rustup/toolchains/nightly-2024-12-26-x86_64-unknown-linux-gnu/bin/rustc - --crate-name ___ --print=file-names --cap-lints=allow --target aarch64-unknown-none --crate-type bin --crate-type rlib --crate-type dylib --crate-type cdylib --crate-type staticlib --crate-type proc-macro --print=sysroot --print=split-debuginfo --print=crate-name --print=cfg`\n\n--- stdout\n___\nlib___.rlib\nlib___.a\n/home/runner/.rustup/toolchains/nightly-2024-12-26-x86_64-unknown-linux-gnu\noff\n___\ndebug_assertions\nfmt_debug=\"full\"\noverflow_checks\npanic=\"abort\"\nproc_macro\nrelocation_model=\"static\"\ntarget_abi=\"\"\ntarget_arch=\"aarch64\"\ntarget_endian=\"little\"\ntarget_env=\"\"\ntarget_feature=\"neon\"\ntarget_has_atomic\ntarget_has_atomic=\"128\"\ntarget_has_atomic=\"16\"\ntarget_has_atomic=\"32\"\ntarget_has_atomic=\"64\"\ntarget_has_atomic=\"8\"\ntarget_has_atomic=\"ptr\"\ntarget_has_atomic_equal_alignment=\"128\"\ntarget_has_atomic_equal_alignment=\"16\"\ntarget_has_atomic_equal_alignment=\"32\"\ntarget_has_atomic_equal_alignment=\"64\"\ntarget_has_atomic_equal_alignment=\"8\"\ntarget_has_atomic_equal_alignment=\"ptr\"\ntarget_has_atomic_load_store\ntarget_has_atomic_load_store=\"128\"\ntarget_has_atomic_load_store=\"16\"\ntarget_has_atomic_load_store=\"32\"\ntarget_has_atomic_load_store=\"64\"\ntarget_has_atomic_load_store=\"8\"\ntarget_has_atomic_load_store=\"ptr\"\ntarget_os=\"none\"\ntarget_pointer_width=\"64\"\ntarget_vendor=\"unknown\"\nub_checks\n\n\n-----\n\nerror: failed to build rustdoc for crate axfs v0.1.0\nnote: this is usually due to a compilation error in the crate,\n      and is unlikely to be a bug in cargo-semver-checks\nnote: the following command can be used to reproduce the compilation error:\n      cargo new --lib example &&\n          cd example &&\n          echo '[workspace]' >> Cargo.toml &&\n          cargo add --path /home/runner/check/batch_1/Starry-OS/Starry-New/modules/axfs --features another_ext4,default,devfs,ext4_rs,fatfs,lwext4_rust,monolithic,myfs,procfs,ramfs,sysfs,use-ramdisk &&\n          cargo check\n\nerror: aborting due to failure to build rustdoc for crate axfs v0.1.0\n"]}},{"file":"modules/axfs/src/api/file.rs","count":1,"kinds":{"Clippy(Warn)":["warning: you should consider adding a `Default` implementation for `OpenOptions`\n  --> modules/axfs/src/api/file.rs:29:5\n   |\n29 | /     pub const fn new() -> Self {\n30 | |         OpenOptions(fops::OpenOptions::new())\n31 | |     }\n   | |_____^\n   |\n   = help: for further information visit https://rust-lang.github.io/rust-clippy/master/index.html#new_without_default\n   = note: `#[warn(clippy::new_without_default)]` on by default\nhelp: try adding this\n   |\n27 + impl Default for OpenOptions {\n28 +     fn default() -> Self {\n29 +         Self::new()\n30 +     }\n31 + }\n   |\n\n"]}},{"file":"modules/axfs/src/fops.rs","count":1,"kinds":{"Clippy(Warn)":["warning: you should consider adding a `Default` implementation for `OpenOptions`\n  --> modules/axfs/src/fops.rs:55:5\n   |\n55 | /     pub const fn new() -> Self {\n56 | |         Self {\n57 | |             // generic\n58 | |             read: false,\n...  |\n67 | |         }\n68 | |     }\n   | |_____^\n   |\n   = help: for further information visit https://rust-lang.github.io/rust-clippy/master/index.html#new_without_default\nhelp: try adding this\n   |\n53 + impl Default for OpenOptions {\n54 +     fn default() -> Self {\n55 +         Self::new()\n56 +     }\n57 + }\n   |\n\n"]}}]},{"user":"Starry-OS","repo":"Starry-New","pkg":"axprocess","count":9,"raw_reports":[{"file":"modules/axtask/src/task.rs","count":2,"kinds":{"Clippy(Warn)":["warning: unused import: `Ordering`\n  --> modules/axtask/src/task.rs:18:38\n   |\n18 | use core::sync::atomic::{AtomicBool, Ordering};\n   |                                      ^^^^^^^^\n   |\n   = note: `#[warn(unused_imports)]` on by default\n\n","warning: field `irq_state` is never read\n  --> modules/axtask/src/task.rs:46:5\n   |\n43 | pub struct ScheduleTask {\n   |            ------------ field in this struct\n...\n46 |     irq_state: AtomicBool,\n   |     ^^^^^^^^^\n\n"]}},{"file":"(virtual) rap","count":1,"kinds":{"Cargo":["// pkg_name=axprocess, checker=Rap\n// toolchain=nightly-2024-05-02, target=aarch64-unknown-none\n// pkg_dir=/home/runner/check/batch_1/Starry-OS/Starry-New/modules/axprocess\n// cmd=cargo +nightly-2024-10-12 rap -F -M -- --target aarch64-unknown-none\n// timestamp=2024-12-27 5:41:17.482920966 +08:00:00\n    Checking log v0.4.21\n   Compiling equivalent v1.0.1\n   Compiling proc-macro2 v1.0.92\n   Compiling hashbrown v0.15.2\nerror[E0463]: can't find crate for `core`\n  |\n  = note: the `aarch64-unknown-none` target may not be installed\n  = help: consider downloading the target with `rustup target add aarch64-unknown-none`\n  = help: consider building the standard library from source with `cargo build -Zbuild-std`\n\nFor more information about this error, try `rustc --explain E0463`.\nerror: could not compile `log` (lib) due to 1 previous error\nwarning: build failed, waiting for other jobs to finish...\n21:41:18|RAP|ERROR|: Finished with non-zero exit code.\n"]}},{"file":"(virtual) semver-checks","count":1,"kinds":{"Cargo":["// pkg_name=axprocess, checker=SemverChecks\n// toolchain=nightly-2024-05-02, target=aarch64-unknown-none\n// pkg_dir=/home/runner/check/batch_1/Starry-OS/Starry-New/modules/axprocess\n// cmd=cargo +nightly-2024-12-26-x86_64-unknown-linux-gnu semver-checks --target aarch64-unknown-none\n// timestamp=2024-12-28 11:04:31.915348898 +08:00:00\n    Building axprocess v0.1.0 (current)\nerror: running cargo-doc on crate 'axprocess' failed with output:\n-----\nerror: output of --print=file-names missing when learning about target-specific information from rustc\ncommand was: `/home/runner/.rustup/toolchains/nightly-2024-12-26-x86_64-unknown-linux-gnu/bin/rustc - --crate-name ___ --print=file-names --cap-lints=allow --target aarch64-unknown-none --crate-type bin --crate-type rlib --crate-type dylib --crate-type cdylib --crate-type staticlib --crate-type proc-macro --print=sysroot --print=split-debuginfo --print=crate-name --print=cfg`\n\n--- stdout\n___\nlib___.rlib\nlib___.a\n/home/runner/.rustup/toolchains/nightly-2024-12-26-x86_64-unknown-linux-gnu\noff\n___\ndebug_assertions\nfmt_debug=\"full\"\noverflow_checks\npanic=\"abort\"\nproc_macro\nrelocation_model=\"static\"\ntarget_abi=\"\"\ntarget_arch=\"aarch64\"\ntarget_endian=\"little\"\ntarget_env=\"\"\ntarget_feature=\"neon\"\ntarget_has_atomic\ntarget_has_atomic=\"128\"\ntarget_has_atomic=\"16\"\ntarget_has_atomic=\"32\"\ntarget_has_atomic=\"64\"\ntarget_has_atomic=\"8\"\ntarget_has_atomic=\"ptr\"\ntarget_has_atomic_equal_alignment=\"128\"\ntarget_has_atomic_equal_alignment=\"16\"\ntarget_has_atomic_equal_alignment=\"32\"\ntarget_has_atomic_equal_alignment=\"64\"\ntarget_has_atomic_equal_alignment=\"8\"\ntarget_has_atomic_equal_alignment=\"ptr\"\ntarget_has_atomic_load_store\ntarget_has_atomic_load_store=\"128\"\ntarget_has_atomic_load_store=\"16\"\ntarget_has_atomic_load_store=\"32\"\ntarget_has_atomic_load_store=\"64\"\ntarget_has_atomic_load_store=\"8\"\ntarget_has_atomic_load_store=\"ptr\"\ntarget_os=\"none\"\ntarget_pointer_width=\"64\"\ntarget_vendor=\"unknown\"\nub_checks\n\n\n-----\n\nerror: failed to build rustdoc for crate axprocess v0.1.0\nnote: this is usually due to a compilation error in the crate,\n      and is unlikely to be a bug in cargo-semver-checks\nnote: the following command can be used to reproduce the compilation error:\n      cargo new --lib example &&\n          cd example &&\n          echo '[workspace]' >> Cargo.toml &&\n          cargo add --path /home/runner/check/batch_1/Starry-OS/Starry-New/modules/axprocess --features axfs,default,fs,monolithic &&\n          cargo check\n\nerror: aborting due to failure to build rustdoc for crate axprocess v0.1.0\n"]}},{"file":"[lockbud] Not supported to display yet.","count":1,"kinds":{"Lockbud(Possibly)":["[2024-12-04T20:52:31Z WARN  lockbud::callbacks] [\n      {\n        \"AtomicityViolation\": {\n          \"bug_kind\": \"AtomicityViolation\",\n          \"possibility\": \"Possibly\",\n          \"diagnosis\": {\n            \"fn_name\": \"set_logger_racy\",\n            \"atomic_reader\": \"/home/runner/.cargo/registry/src/index.crates.io-6f17d22bba15001f/log-0.4.21/src/lib.rs:1408:11: 1408:39 (#0)\",\n            \"atomic_writer\": \"/home/runner/.cargo/registry/src/index.crates.io-6f17d22bba15001f/log-0.4.21/src/lib.rs:1411:13: 1411:55 (#0)\",\n            \"dep_kind\": \"Control\"\n          },\n          \"explanation\": \"atomic::store is data/control dependent on atomic::load\"\n        }\n      }\n    ]\n[2024-12-04T20:52:31Z WARN  lockbud::callbacks] crate log contains bugs: { probably: 0, possibly: 0 }, conflictlock: { probably: 0, possibly: 0 }, condvar_deadlock: { probably: 0, possibly: 0 }, atomicity_violation: { possibly: 1 }, invalid_free: { possibly: 0 }, use_after_free: { possibly: 0 }\n[2024-12-04T20:53:55Z WARN  lockbud::callbacks] [\n      {\n        \"UseAfterFree\": {\n          \"bug_kind\": \"UseAfterFree\",\n          \"possibility\": \"Possibly\",\n          \"diagnosis\": \"Raw ptr is used at modules/axtask/src/schedule.rs:211:64: 211:80 (#0) after dropped at modules/axtask/src/schedule.rs:139:17: 139:26 (#0)\",\n          \"explanation\": \"Raw ptr is used or escapes the current function after the pointed value is dropped\"\n        }\n      }\n    ]\n[2024-12-04T20:53:55Z WARN  lockbud::callbacks] crate axtask contains bugs: { probably: 0, possibly: 0 }, conflictlock: { probably: 0, possibly: 0 }, condvar_deadlock: { probably: 0, possibly: 0 }, atomicity_violation: { possibly: 0 }, invalid_free: { possibly: 0 }, use_after_free: { possibly: 1 }"]}},{"file":"[outdated direct dependencies]","count":1,"kinds":{"Outdated":["pkg=axprocess, checker=Outdated\ntoolchain=nightly-2024-05-02, target=aarch64-unknown-none\npkg_dir=/home/runner/check/batch_1/Starry-OS/Starry-New/modules/axprocess\ncmd=cargo +nightly-2024-12-26-x86_64-unknown-linux-gnu outdated -R --exit-code=2\n\nName   Project  Compat  Latest  Kind    Platform\n----   -------  ------  ------  ----    --------\nriscv  0.10.1   ---     0.12.1  Normal  ---\n"]}},{"file":"[semver checks]","count":1,"kinds":{"Semver Violation":["pkg=axprocess, checker=SemverChecks\ntoolchain=nightly-2024-05-02, target=aarch64-unknown-none\npkg_dir=/home/runner/check/batch_1/Starry-OS/Starry-New/modules/axprocess\ncmd=cargo +nightly-2024-12-26-x86_64-unknown-linux-gnu semver-checks --target aarch64-unknown-none\n\n\nstdout:\n\nstderr:\n    Building axprocess v0.1.0 (current)\nerror: running cargo-doc on crate 'axprocess' failed with output:\n-----\nerror: output of --print=file-names missing when learning about target-specific information from rustc\ncommand was: `/home/runner/.rustup/toolchains/nightly-2024-12-26-x86_64-unknown-linux-gnu/bin/rustc - --crate-name ___ --print=file-names --cap-lints=allow --target aarch64-unknown-none --crate-type bin --crate-type rlib --crate-type dylib --crate-type cdylib --crate-type staticlib --crate-type proc-macro --print=sysroot --print=split-debuginfo --print=crate-name --print=cfg`\n\n--- stdout\n___\nlib___.rlib\nlib___.a\n/home/runner/.rustup/toolchains/nightly-2024-12-26-x86_64-unknown-linux-gnu\noff\n___\ndebug_assertions\nfmt_debug=\"full\"\noverflow_checks\npanic=\"abort\"\nproc_macro\nrelocation_model=\"static\"\ntarget_abi=\"\"\ntarget_arch=\"aarch64\"\ntarget_endian=\"little\"\ntarget_env=\"\"\ntarget_feature=\"neon\"\ntarget_has_atomic\ntarget_has_atomic=\"128\"\ntarget_has_atomic=\"16\"\ntarget_has_atomic=\"32\"\ntarget_has_atomic=\"64\"\ntarget_has_atomic=\"8\"\ntarget_has_atomic=\"ptr\"\ntarget_has_atomic_equal_alignment=\"128\"\ntarget_has_atomic_equal_alignment=\"16\"\ntarget_has_atomic_equal_alignment=\"32\"\ntarget_has_atomic_equal_alignment=\"64\"\ntarget_has_atomic_equal_alignment=\"8\"\ntarget_has_atomic_equal_alignment=\"ptr\"\ntarget_has_atomic_load_store\ntarget_has_atomic_load_store=\"128\"\ntarget_has_atomic_load_store=\"16\"\ntarget_has_atomic_load_store=\"32\"\ntarget_has_atomic_load_store=\"64\"\ntarget_has_atomic_load_store=\"8\"\ntarget_has_atomic_load_store=\"ptr\"\ntarget_os=\"none\"\ntarget_pointer_width=\"64\"\ntarget_vendor=\"unknown\"\nub_checks\n\n\n-----\n\nerror: failed to build rustdoc for crate axprocess v0.1.0\nnote: this is usually due to a compilation error in the crate,\n      and is unlikely to be a bug in cargo-semver-checks\nnote: the following command can be used to reproduce the compilation error:\n      cargo new --lib example &&\n          cd example &&\n          echo '[workspace]' >> Cargo.toml &&\n          cargo add --path /home/runner/check/batch_1/Starry-OS/Starry-New/modules/axprocess --features axfs,default,fs,monolithic &&\n          cargo check\n\nerror: aborting due to failure to build rustdoc for crate axprocess v0.1.0\n"]}},{"file":"modules/axprocess/src/process.rs","count":1,"kinds":{"Clippy(Warn)":["warning: this function has too many arguments (8/7)\n   --> modules/axprocess/src/process.rs:195:5\n    |\n195 | /     pub fn new(\n196 | |         pid: u64,\n197 | |         stack_size: u64,\n198 | |         parent: u64,\n...   |\n203 | |         fd_table: FdTable,\n204 | |     ) -> Self {\n    | |_____________^\n    |\n    = help: for further information visit https://rust-lang.github.io/rust-clippy/master/index.html#too_many_arguments\n    = note: `#[warn(clippy::too_many_arguments)]` on by default\n\n"]}},{"file":"modules/axtask/src/processor.rs","count":1,"kinds":{"Clippy(Warn)":["warning: method `task_tick` is never used\n   --> modules/axtask/src/processor.rs:126:19\n    |\n43  | impl Processor {\n    | -------------- method in this implementation\n...\n126 |     pub(crate) fn task_tick(&self, task: &AxTaskRef) -> bool {\n    |                   ^^^^^^^^^\n    |\n    = note: `#[warn(dead_code)]` on by default\n\n"]}}]},{"user":"Starry-OS","repo":"Starry-New","pkg":"axfutex","count":8,"raw_reports":[{"file":"modules/axtask/src/task.rs","count":2,"kinds":{"Clippy(Warn)":["warning: unused import: `Ordering`\n  --> modules/axtask/src/task.rs:18:38\n   |\n18 | use core::sync::atomic::{AtomicBool, Ordering};\n   |                                      ^^^^^^^^\n   |\n   = note: `#[warn(unused_imports)]` on by default\n\n","warning: field `irq_state` is never read\n  --> modules/axtask/src/task.rs:46:5\n   |\n43 | pub struct ScheduleTask {\n   |            ------------ field in this struct\n...\n46 |     irq_state: AtomicBool,\n   |     ^^^^^^^^^\n\n"]}},{"file":"(virtual) rap","count":1,"kinds":{"Cargo":["// pkg_name=axfutex, checker=Rap\n// toolchain=nightly-2024-05-02, target=aarch64-unknown-none\n// pkg_dir=/home/runner/check/batch_1/Starry-OS/Starry-New/modules/axfutex\n// cmd=cargo +nightly-2024-10-12 rap -F -M -- --target aarch64-unknown-none\n// timestamp=2024-12-27 5:40:22.391961886 +08:00:00\n Downloading crates ...\n  Downloaded hashbrown v0.11.2\n  Downloaded ahash v0.7.8\n   Compiling serde v1.0.215\n    Checking log v0.4.21\n   Compiling proc-macro2 v1.0.92\n   Compiling hashbrown v0.15.2\nerror[E0463]: can't find crate for `core`\n  |\n  = note: the `aarch64-unknown-none` target may not be installed\n  = help: consider downloading the target with `rustup target add aarch64-unknown-none`\n  = help: consider building the standard library from source with `cargo build -Zbuild-std`\n\nFor more information about this error, try `rustc --explain E0463`.\nerror: could not compile `log` (lib) due to 1 previous error\nwarning: build failed, waiting for other jobs to finish...\n21:40:23|RAP|ERROR|: Finished with non-zero exit code.\n"]}},{"file":"(virtual) semver-checks","count":1,"kinds":{"Cargo":["// pkg_name=axfutex, checker=SemverChecks\n// toolchain=nightly-2024-05-02, target=aarch64-unknown-none\n// pkg_dir=/home/runner/check/batch_1/Starry-OS/Starry-New/modules/axfutex\n// cmd=cargo +nightly-2024-12-26-x86_64-unknown-linux-gnu semver-checks --target aarch64-unknown-none\n// timestamp=2024-12-28 11:03:33.980065637 +08:00:00\n    Building axfutex v0.1.0 (current)\nerror: running cargo-doc on crate 'axfutex' failed with output:\n-----\nerror: output of --print=file-names missing when learning about target-specific information from rustc\ncommand was: `/home/runner/.rustup/toolchains/nightly-2024-12-26-x86_64-unknown-linux-gnu/bin/rustc - --crate-name ___ --print=file-names --cap-lints=allow --target aarch64-unknown-none --crate-type bin --crate-type rlib --crate-type dylib --crate-type cdylib --crate-type staticlib --crate-type proc-macro --print=sysroot --print=split-debuginfo --print=crate-name --print=cfg`\n\n--- stdout\n___\nlib___.rlib\nlib___.a\n/home/runner/.rustup/toolchains/nightly-2024-12-26-x86_64-unknown-linux-gnu\noff\n___\ndebug_assertions\nfmt_debug=\"full\"\noverflow_checks\npanic=\"abort\"\nproc_macro\nrelocation_model=\"static\"\ntarget_abi=\"\"\ntarget_arch=\"aarch64\"\ntarget_endian=\"little\"\ntarget_env=\"\"\ntarget_feature=\"neon\"\ntarget_has_atomic\ntarget_has_atomic=\"128\"\ntarget_has_atomic=\"16\"\ntarget_has_atomic=\"32\"\ntarget_has_atomic=\"64\"\ntarget_has_atomic=\"8\"\ntarget_has_atomic=\"ptr\"\ntarget_has_atomic_equal_alignment=\"128\"\ntarget_has_atomic_equal_alignment=\"16\"\ntarget_has_atomic_equal_alignment=\"32\"\ntarget_has_atomic_equal_alignment=\"64\"\ntarget_has_atomic_equal_alignment=\"8\"\ntarget_has_atomic_equal_alignment=\"ptr\"\ntarget_has_atomic_load_store\ntarget_has_atomic_load_store=\"128\"\ntarget_has_atomic_load_store=\"16\"\ntarget_has_atomic_load_store=\"32\"\ntarget_has_atomic_load_store=\"64\"\ntarget_has_atomic_load_store=\"8\"\ntarget_has_atomic_load_store=\"ptr\"\ntarget_os=\"none\"\ntarget_pointer_width=\"64\"\ntarget_vendor=\"unknown\"\nub_checks\n\n\n-----\n\nerror: failed to build rustdoc for crate axfutex v0.1.0\nnote: this is usually due to a compilation error in the crate,\n      and is unlikely to be a bug in cargo-semver-checks\nnote: the following command can be used to reproduce the compilation error:\n      cargo new --lib example &&\n          cd example &&\n          echo '[workspace]' >> Cargo.toml &&\n          cargo add --path /home/runner/check/batch_1/Starry-OS/Starry-New/modules/axfutex --features axfs,default,fs,monolithic &&\n          cargo check\n\nerror: aborting due to failure to build rustdoc for crate axfutex v0.1.0\n"]}},{"file":"[lockbud] Not supported to display yet.","count":1,"kinds":{"Lockbud(Possibly)":["[2024-12-04T20:52:31Z WARN  lockbud::callbacks] [\n      {\n        \"AtomicityViolation\": {\n          \"bug_kind\": \"AtomicityViolation\",\n          \"possibility\": \"Possibly\",\n          \"diagnosis\": {\n            \"fn_name\": \"set_logger_racy\",\n            \"atomic_reader\": \"/home/runner/.cargo/registry/src/index.crates.io-6f17d22bba15001f/log-0.4.21/src/lib.rs:1408:11: 1408:39 (#0)\",\n            \"atomic_writer\": \"/home/runner/.cargo/registry/src/index.crates.io-6f17d22bba15001f/log-0.4.21/src/lib.rs:1411:13: 1411:55 (#0)\",\n            \"dep_kind\": \"Control\"\n          },\n          \"explanation\": \"atomic::store is data/control dependent on atomic::load\"\n        }\n      }\n    ]\n[2024-12-04T20:52:31Z WARN  lockbud::callbacks] crate log contains bugs: { probably: 0, possibly: 0 }, conflictlock: { probably: 0, possibly: 0 }, condvar_deadlock: { probably: 0, possibly: 0 }, atomicity_violation: { possibly: 1 }, invalid_free: { possibly: 0 }, use_after_free: { possibly: 0 }\n[2024-12-04T20:53:55Z WARN  lockbud::callbacks] [\n      {\n        \"UseAfterFree\": {\n          \"bug_kind\": \"UseAfterFree\",\n          \"possibility\": \"Possibly\",\n          \"diagnosis\": \"Raw ptr is used at modules/axtask/src/schedule.rs:211:64: 211:80 (#0) after dropped at modules/axtask/src/schedule.rs:139:17: 139:26 (#0)\",\n          \"explanation\": \"Raw ptr is used or escapes the current function after the pointed value is dropped\"\n        }\n      }\n    ]\n[2024-12-04T20:53:55Z WARN  lockbud::callbacks] crate axtask contains bugs: { probably: 0, possibly: 0 }, conflictlock: { probably: 0, possibly: 0 }, condvar_deadlock: { probably: 0, possibly: 0 }, atomicity_violation: { possibly: 0 }, invalid_free: { possibly: 0 }, use_after_free: { possibly: 1 }"]}},{"file":"[outdated direct dependencies]","count":1,"kinds":{"Outdated":["pkg=axfutex, checker=Outdated\ntoolchain=nightly-2024-05-02, target=aarch64-unknown-none\npkg_dir=/home/runner/check/batch_1/Starry-OS/Starry-New/modules/axfutex\ncmd=cargo +nightly-2024-12-26-x86_64-unknown-linux-gnu outdated -R --exit-code=2\n\nName       Project  Compat  Latest  Kind    Platform\n----       -------  ------  ------  ----    --------\nhashbrown  0.11.2   ---     0.15.2  Normal  ---\nlog        0.4.21   0.4.22  0.4.22  Normal  ---\n"]}},{"file":"[semver checks]","count":1,"kinds":{"Semver Violation":["pkg=axfutex, checker=SemverChecks\ntoolchain=nightly-2024-05-02, target=aarch64-unknown-none\npkg_dir=/home/runner/check/batch_1/Starry-OS/Starry-New/modules/axfutex\ncmd=cargo +nightly-2024-12-26-x86_64-unknown-linux-gnu semver-checks --target aarch64-unknown-none\n\n\nstdout:\n\nstderr:\n    Building axfutex v0.1.0 (current)\nerror: running cargo-doc on crate 'axfutex' failed with output:\n-----\nerror: output of --print=file-names missing when learning about target-specific information from rustc\ncommand was: `/home/runner/.rustup/toolchains/nightly-2024-12-26-x86_64-unknown-linux-gnu/bin/rustc - --crate-name ___ --print=file-names --cap-lints=allow --target aarch64-unknown-none --crate-type bin --crate-type rlib --crate-type dylib --crate-type cdylib --crate-type staticlib --crate-type proc-macro --print=sysroot --print=split-debuginfo --print=crate-name --print=cfg`\n\n--- stdout\n___\nlib___.rlib\nlib___.a\n/home/runner/.rustup/toolchains/nightly-2024-12-26-x86_64-unknown-linux-gnu\noff\n___\ndebug_assertions\nfmt_debug=\"full\"\noverflow_checks\npanic=\"abort\"\nproc_macro\nrelocation_model=\"static\"\ntarget_abi=\"\"\ntarget_arch=\"aarch64\"\ntarget_endian=\"little\"\ntarget_env=\"\"\ntarget_feature=\"neon\"\ntarget_has_atomic\ntarget_has_atomic=\"128\"\ntarget_has_atomic=\"16\"\ntarget_has_atomic=\"32\"\ntarget_has_atomic=\"64\"\ntarget_has_atomic=\"8\"\ntarget_has_atomic=\"ptr\"\ntarget_has_atomic_equal_alignment=\"128\"\ntarget_has_atomic_equal_alignment=\"16\"\ntarget_has_atomic_equal_alignment=\"32\"\ntarget_has_atomic_equal_alignment=\"64\"\ntarget_has_atomic_equal_alignment=\"8\"\ntarget_has_atomic_equal_alignment=\"ptr\"\ntarget_has_atomic_load_store\ntarget_has_atomic_load_store=\"128\"\ntarget_has_atomic_load_store=\"16\"\ntarget_has_atomic_load_store=\"32\"\ntarget_has_atomic_load_store=\"64\"\ntarget_has_atomic_load_store=\"8\"\ntarget_has_atomic_load_store=\"ptr\"\ntarget_os=\"none\"\ntarget_pointer_width=\"64\"\ntarget_vendor=\"unknown\"\nub_checks\n\n\n-----\n\nerror: failed to build rustdoc for crate axfutex v0.1.0\nnote: this is usually due to a compilation error in the crate,\n      and is unlikely to be a bug in cargo-semver-checks\nnote: the following command can be used to reproduce the compilation error:\n      cargo new --lib example &&\n          cd example &&\n          echo '[workspace]' >> Cargo.toml &&\n          cargo add --path /home/runner/check/batch_1/Starry-OS/Starry-New/modules/axfutex --features axfs,default,fs,monolithic &&\n          cargo check\n\nerror: aborting due to failure to build rustdoc for crate axfutex v0.1.0\n"]}},{"file":"modules/axtask/src/processor.rs","count":1,"kinds":{"Clippy(Warn)":["warning: method `task_tick` is never used\n   --> modules/axtask/src/processor.rs:126:19\n    |\n43  | impl Processor {\n    | -------------- method in this implementation\n...\n126 |     pub(crate) fn task_tick(&self, task: &AxTaskRef) -> bool {\n    |                   ^^^^^^^^^\n    |\n    = note: `#[warn(dead_code)]` on by default\n\n"]}}]},{"user":"Starry-OS","repo":"Starry-New","pkg":"arceos_posix_api","count":5,"raw_reports":[{"file":"(virtual) rap","count":1,"kinds":{"Cargo":["// pkg_name=arceos_posix_api, checker=Rap\n// toolchain=nightly-2024-05-02, target=aarch64-unknown-none\n// pkg_dir=/home/runner/check/batch_1/Starry-OS/Starry-New/api/arceos_posix_api\n// cmd=cargo +nightly-2024-10-12 rap -F -M -- --target aarch64-unknown-none\n// timestamp=2024-12-27 5:38:50.80464608 +08:00:00\n Downloading crates ...\n  Downloaded home v0.5.9\n  Downloaded libloading v0.8.6\n  Downloaded rustc-hash v1.1.0\n  Downloaded which v4.4.2\n  Downloaded bitmaps v3.2.1\n  Downloaded cexpr v0.6.0\n  Downloaded shlex v1.3.0\n  Downloaded clang-sys v1.8.1\n  Downloaded prettyplease v0.2.25\n  Downloaded nom v7.1.3\n  Downloaded minimal-lexical v0.2.1\n  Downloaded errno v0.3.10\n  Downloaded itertools v0.12.1\n  Downloaded lazycell v1.3.0\n  Downloaded glob v0.3.1\n  Downloaded bindgen v0.69.5\n  Downloaded rustix v0.38.41\n  Downloaded linux-raw-sys v0.4.14\n   Compiling serde v1.0.215\n   Compiling hashbrown v0.15.2\n   Compiling equivalent v1.0.1\n   Compiling toml_datetime v0.6.8\n   Compiling winnow v0.6.20\n   Compiling proc-macro2 v1.0.92\n   Compiling indexmap v2.7.0\n   Compiling unicode-ident v1.0.14\n    Checking tock-registers v0.8.1\nerror[E0463]: can't find crate for `core`\n  |\n  = note: the `aarch64-unknown-none` target may not be installed\n  = help: consider downloading the target with `rustup target add aarch64-unknown-none`\n  = help: consider building the standard library from source with `cargo build -Zbuild-std`\n\nFor more information about this error, try `rustc --explain E0463`.\nerror: could not compile `tock-registers` (lib) due to 1 previous error\nwarning: build failed, waiting for other jobs to finish...\n21:38:54|RAP|ERROR|: Finished with non-zero exit code.\n"]}},{"file":"(virtual) semver-checks","count":1,"kinds":{"Cargo":["// pkg_name=arceos_posix_api, checker=SemverChecks\n// toolchain=nightly-2024-05-02, target=aarch64-unknown-none\n// pkg_dir=/home/runner/check/batch_1/Starry-OS/Starry-New/api/arceos_posix_api\n// cmd=cargo +nightly-2024-12-26-x86_64-unknown-linux-gnu semver-checks --target aarch64-unknown-none\n// timestamp=2024-12-28 11:02:28.101198289 +08:00:00\n    Building arceos_posix_api v0.1.0 (current)\nerror: running cargo-doc on crate 'arceos_posix_api' failed with output:\n-----\nerror: output of --print=file-names missing when learning about target-specific information from rustc\ncommand was: `/home/runner/.rustup/toolchains/nightly-2024-12-26-x86_64-unknown-linux-gnu/bin/rustc - --crate-name ___ --print=file-names --cap-lints=allow --target aarch64-unknown-none --crate-type bin --crate-type rlib --crate-type dylib --crate-type cdylib --crate-type staticlib --crate-type proc-macro --print=sysroot --print=split-debuginfo --print=crate-name --print=cfg`\n\n--- stdout\n___\nlib___.rlib\nlib___.a\n/home/runner/.rustup/toolchains/nightly-2024-12-26-x86_64-unknown-linux-gnu\noff\n___\ndebug_assertions\nfmt_debug=\"full\"\noverflow_checks\npanic=\"abort\"\nproc_macro\nrelocation_model=\"static\"\ntarget_abi=\"\"\ntarget_arch=\"aarch64\"\ntarget_endian=\"little\"\ntarget_env=\"\"\ntarget_feature=\"neon\"\ntarget_has_atomic\ntarget_has_atomic=\"128\"\ntarget_has_atomic=\"16\"\ntarget_has_atomic=\"32\"\ntarget_has_atomic=\"64\"\ntarget_has_atomic=\"8\"\ntarget_has_atomic=\"ptr\"\ntarget_has_atomic_equal_alignment=\"128\"\ntarget_has_atomic_equal_alignment=\"16\"\ntarget_has_atomic_equal_alignment=\"32\"\ntarget_has_atomic_equal_alignment=\"64\"\ntarget_has_atomic_equal_alignment=\"8\"\ntarget_has_atomic_equal_alignment=\"ptr\"\ntarget_has_atomic_load_store\ntarget_has_atomic_load_store=\"128\"\ntarget_has_atomic_load_store=\"16\"\ntarget_has_atomic_load_store=\"32\"\ntarget_has_atomic_load_store=\"64\"\ntarget_has_atomic_load_store=\"8\"\ntarget_has_atomic_load_store=\"ptr\"\ntarget_os=\"none\"\ntarget_pointer_width=\"64\"\ntarget_vendor=\"unknown\"\nub_checks\n\n\n-----\n\nerror: failed to build rustdoc for crate arceos_posix_api v0.1.0\nnote: this is usually due to a compilation error in the crate,\n      and is unlikely to be a bug in cargo-semver-checks\nnote: the following command can be used to reproduce the compilation error:\n      cargo new --lib example &&\n          cd example &&\n          echo '[workspace]' >> Cargo.toml &&\n          cargo add --path /home/runner/check/batch_1/Starry-OS/Starry-New/api/arceos_posix_api --features alloc,axtask,default,epoll,fd,fs,irq,multitask,net,pipe,select,smp &&\n          cargo check\n\nerror: aborting due to failure to build rustdoc for crate arceos_posix_api v0.1.0\n"]}},{"file":"[lockbud] Not supported to display yet.","count":1,"kinds":{"Lockbud(Possibly)":["[2024-12-04T20:52:31Z WARN  lockbud::callbacks] [\n      {\n        \"AtomicityViolation\": {\n          \"bug_kind\": \"AtomicityViolation\",\n          \"possibility\": \"Possibly\",\n          \"diagnosis\": {\n            \"fn_name\": \"set_logger_racy\",\n            \"atomic_reader\": \"/home/runner/.cargo/registry/src/index.crates.io-6f17d22bba15001f/log-0.4.21/src/lib.rs:1408:11: 1408:39 (#0)\",\n            \"atomic_writer\": \"/home/runner/.cargo/registry/src/index.crates.io-6f17d22bba15001f/log-0.4.21/src/lib.rs:1411:13: 1411:55 (#0)\",\n            \"dep_kind\": \"Control\"\n          },\n          \"explanation\": \"atomic::store is data/control dependent on atomic::load\"\n        }\n      }\n    ]\n[2024-12-04T20:52:31Z WARN  lockbud::callbacks] crate log contains bugs: { probably: 0, possibly: 0 }, conflictlock: { probably: 0, possibly: 0 }, condvar_deadlock: { probably: 0, possibly: 0 }, atomicity_violation: { possibly: 1 }, invalid_free: { possibly: 0 }, use_after_free: { possibly: 0 }\n[2024-12-04T20:53:27Z WARN  lockbud::callbacks] [\n      {\n        \"AtomicityViolation\": {\n          \"bug_kind\": \"AtomicityViolation\",\n          \"possibility\": \"Possibly\",\n          \"diagnosis\": {\n            \"fn_name\": \"set_logger_racy\",\n            \"atomic_reader\": \"/home/runner/.cargo/registry/src/index.crates.io-6f17d22bba15001f/log-0.4.21/src/lib.rs:1408:11: 1408:39 (#0)\",\n            \"atomic_writer\": \"/home/runner/.cargo/registry/src/index.crates.io-6f17d22bba15001f/log-0.4.21/src/lib.rs:1411:13: 1411:55 (#0)\",\n            \"dep_kind\": \"Control\"\n          },\n          \"explanation\": \"atomic::store is data/control dependent on atomic::load\"\n        }\n      }\n    ]\n[2024-12-04T20:53:27Z WARN  lockbud::callbacks] crate log contains bugs: { probably: 0, possibly: 0 }, conflictlock: { probably: 0, possibly: 0 }, condvar_deadlock: { probably: 0, possibly: 0 }, atomicity_violation: { possibly: 1 }, invalid_free: { possibly: 0 }, use_after_free: { possibly: 0 }\n[2024-12-04T20:53:31Z WARN  lockbud::callbacks] [\n      {\n        \"AtomicityViolation\": {\n          \"bug_kind\": \"AtomicityViolation\",\n          \"possibility\": \"Possibly\",\n          \"diagnosis\": {\n            \"fn_name\": \"regex_automata::util::pool::inner::Pool::<T, F>::get\",\n            \"atomic_reader\": \"/home/runner/.cargo/registry/src/index.crates.io-6f17d22bba15001f/regex-automata-0.4.9/src/util/pool.rs:525:25: 525:59 (#0)\",\n            \"atomic_writer\": \"/home/runner/.cargo/registry/src/index.crates.io-6f17d22bba15001f/regex-automata-0.4.9/src/util/pool.rs:530:17: 530:69 (#0)\",\n            \"dep_kind\": \"Control\"\n          },\n          \"explanation\": \"atomic::store is data/control dependent on atomic::load\"\n        }\n      }\n    ]\n[2024-12-04T20:53:31Z WARN  lockbud::callbacks] crate bindgen contains bugs: { probably: 0, possibly: 0 }, conflictlock: { probably: 0, possibly: 0 }, condvar_deadlock: { probably: 0, possibly: 0 }, atomicity_violation: { possibly: 1 }, invalid_free: { possibly: 0 }, use_after_free: { possibly: 0 }"]}},{"file":"[outdated direct dependencies]","count":1,"kinds":{"Outdated":["pkg=arceos_posix_api, checker=Outdated\ntoolchain=nightly-2024-05-02, target=aarch64-unknown-none\npkg_dir=/home/runner/check/batch_1/Starry-OS/Starry-New/api/arceos_posix_api\ncmd=cargo +nightly-2024-12-26-x86_64-unknown-linux-gnu outdated -R --exit-code=2\n\nName     Project  Compat  Latest  Kind   Platform\n----     -------  ------  ------  ----   --------\nbindgen  0.69.5   ---     0.71.1  Build  ---\n"]}},{"file":"[semver checks]","count":1,"kinds":{"Semver Violation":["pkg=arceos_posix_api, checker=SemverChecks\ntoolchain=nightly-2024-05-02, target=aarch64-unknown-none\npkg_dir=/home/runner/check/batch_1/Starry-OS/Starry-New/api/arceos_posix_api\ncmd=cargo +nightly-2024-12-26-x86_64-unknown-linux-gnu semver-checks --target aarch64-unknown-none\n\n\nstdout:\n\nstderr:\n    Building arceos_posix_api v0.1.0 (current)\nerror: running cargo-doc on crate 'arceos_posix_api' failed with output:\n-----\nerror: output of --print=file-names missing when learning about target-specific information from rustc\ncommand was: `/home/runner/.rustup/toolchains/nightly-2024-12-26-x86_64-unknown-linux-gnu/bin/rustc - --crate-name ___ --print=file-names --cap-lints=allow --target aarch64-unknown-none --crate-type bin --crate-type rlib --crate-type dylib --crate-type cdylib --crate-type staticlib --crate-type proc-macro --print=sysroot --print=split-debuginfo --print=crate-name --print=cfg`\n\n--- stdout\n___\nlib___.rlib\nlib___.a\n/home/runner/.rustup/toolchains/nightly-2024-12-26-x86_64-unknown-linux-gnu\noff\n___\ndebug_assertions\nfmt_debug=\"full\"\noverflow_checks\npanic=\"abort\"\nproc_macro\nrelocation_model=\"static\"\ntarget_abi=\"\"\ntarget_arch=\"aarch64\"\ntarget_endian=\"little\"\ntarget_env=\"\"\ntarget_feature=\"neon\"\ntarget_has_atomic\ntarget_has_atomic=\"128\"\ntarget_has_atomic=\"16\"\ntarget_has_atomic=\"32\"\ntarget_has_atomic=\"64\"\ntarget_has_atomic=\"8\"\ntarget_has_atomic=\"ptr\"\ntarget_has_atomic_equal_alignment=\"128\"\ntarget_has_atomic_equal_alignment=\"16\"\ntarget_has_atomic_equal_alignment=\"32\"\ntarget_has_atomic_equal_alignment=\"64\"\ntarget_has_atomic_equal_alignment=\"8\"\ntarget_has_atomic_equal_alignment=\"ptr\"\ntarget_has_atomic_load_store\ntarget_has_atomic_load_store=\"128\"\ntarget_has_atomic_load_store=\"16\"\ntarget_has_atomic_load_store=\"32\"\ntarget_has_atomic_load_store=\"64\"\ntarget_has_atomic_load_store=\"8\"\ntarget_has_atomic_load_store=\"ptr\"\ntarget_os=\"none\"\ntarget_pointer_width=\"64\"\ntarget_vendor=\"unknown\"\nub_checks\n\n\n-----\n\nerror: failed to build rustdoc for crate arceos_posix_api v0.1.0\nnote: this is usually due to a compilation error in the crate,\n      and is unlikely to be a bug in cargo-semver-checks\nnote: the following command can be used to reproduce the compilation error:\n      cargo new --lib example &&\n          cd example &&\n          echo '[workspace]' >> Cargo.toml &&\n          cargo add --path /home/runner/check/batch_1/Starry-OS/Starry-New/api/arceos_posix_api --features alloc,axtask,default,epoll,fd,fs,irq,multitask,net,pipe,select,smp &&\n          cargo check\n\nerror: aborting due to failure to build rustdoc for crate arceos_posix_api v0.1.0\n"]}}]},{"user":"Starry-OS","repo":"Starry-New","pkg":"arch_boot","count":5,"raw_reports":[{"file":"(virtual) rap","count":1,"kinds":{"Cargo":["// pkg_name=arch_boot, checker=Rap\n// toolchain=nightly-2024-05-02, target=aarch64-unknown-none\n// pkg_dir=/home/runner/check/batch_1/Starry-OS/Starry-New/modules/arch_boot\n// cmd=cargo +nightly-2024-10-12 rap -F -M -- --target aarch64-unknown-none\n// timestamp=2024-12-27 5:39:03.257247374 +08:00:00\n   Compiling hashbrown v0.15.2\n   Compiling equivalent v1.0.1\n   Compiling serde v1.0.215\n   Compiling winnow v0.6.20\n   Compiling toml_datetime v0.6.8\n    Checking tock-registers v0.8.1\nerror[E0463]: can't find crate for `core`\n  |\n  = note: the `aarch64-unknown-none` target may not be installed\n  = help: consider downloading the target with `rustup target add aarch64-unknown-none`\n  = help: consider building the standard library from source with `cargo build -Zbuild-std`\n\nFor more information about this error, try `rustc --explain E0463`.\nerror: could not compile `tock-registers` (lib) due to 1 previous error\nwarning: build failed, waiting for other jobs to finish...\n21:39:05|RAP|ERROR|: Finished with non-zero exit code.\n"]}},{"file":"(virtual) semver-checks","count":1,"kinds":{"Cargo":["// pkg_name=arch_boot, checker=SemverChecks\n// toolchain=nightly-2024-05-02, target=aarch64-unknown-none\n// pkg_dir=/home/runner/check/batch_1/Starry-OS/Starry-New/modules/arch_boot\n// cmd=cargo +nightly-2024-12-26-x86_64-unknown-linux-gnu semver-checks --target aarch64-unknown-none\n// timestamp=2024-12-28 11:02:39.31997182 +08:00:00\n    Building arch_boot v0.1.0 (current)\nerror: running cargo-doc on crate 'arch_boot' failed with output:\n-----\nerror: output of --print=file-names missing when learning about target-specific information from rustc\ncommand was: `/home/runner/.rustup/toolchains/nightly-2024-12-26-x86_64-unknown-linux-gnu/bin/rustc - --crate-name ___ --print=file-names --cap-lints=allow --target aarch64-unknown-none --crate-type bin --crate-type rlib --crate-type dylib --crate-type cdylib --crate-type staticlib --crate-type proc-macro --print=sysroot --print=split-debuginfo --print=crate-name --print=cfg`\n\n--- stdout\n___\nlib___.rlib\nlib___.a\n/home/runner/.rustup/toolchains/nightly-2024-12-26-x86_64-unknown-linux-gnu\noff\n___\ndebug_assertions\nfmt_debug=\"full\"\noverflow_checks\npanic=\"abort\"\nproc_macro\nrelocation_model=\"static\"\ntarget_abi=\"\"\ntarget_arch=\"aarch64\"\ntarget_endian=\"little\"\ntarget_env=\"\"\ntarget_feature=\"neon\"\ntarget_has_atomic\ntarget_has_atomic=\"128\"\ntarget_has_atomic=\"16\"\ntarget_has_atomic=\"32\"\ntarget_has_atomic=\"64\"\ntarget_has_atomic=\"8\"\ntarget_has_atomic=\"ptr\"\ntarget_has_atomic_equal_alignment=\"128\"\ntarget_has_atomic_equal_alignment=\"16\"\ntarget_has_atomic_equal_alignment=\"32\"\ntarget_has_atomic_equal_alignment=\"64\"\ntarget_has_atomic_equal_alignment=\"8\"\ntarget_has_atomic_equal_alignment=\"ptr\"\ntarget_has_atomic_load_store\ntarget_has_atomic_load_store=\"128\"\ntarget_has_atomic_load_store=\"16\"\ntarget_has_atomic_load_store=\"32\"\ntarget_has_atomic_load_store=\"64\"\ntarget_has_atomic_load_store=\"8\"\ntarget_has_atomic_load_store=\"ptr\"\ntarget_os=\"none\"\ntarget_pointer_width=\"64\"\ntarget_vendor=\"unknown\"\nub_checks\n\n\n-----\n\nerror: failed to build rustdoc for crate arch_boot v0.1.0\nnote: this is usually due to a compilation error in the crate,\n      and is unlikely to be a bug in cargo-semver-checks\nnote: the following command can be used to reproduce the compilation error:\n      cargo new --lib example &&\n          cd example &&\n          echo '[workspace]' >> Cargo.toml &&\n          cargo add --path /home/runner/check/batch_1/Starry-OS/Starry-New/modules/arch_boot --features axalloc,default,fp_simd,irq,monolithic,preempt,smp &&\n          cargo check\n\nerror: aborting due to failure to build rustdoc for crate arch_boot v0.1.0\n"]}},{"file":"[lockbud] Not supported to display yet.","count":1,"kinds":{"Lockbud(Possibly)":["[2024-12-04T20:52:31Z WARN  lockbud::callbacks] [\n      {\n        \"AtomicityViolation\": {\n          \"bug_kind\": \"AtomicityViolation\",\n          \"possibility\": \"Possibly\",\n          \"diagnosis\": {\n            \"fn_name\": \"set_logger_racy\",\n            \"atomic_reader\": \"/home/runner/.cargo/registry/src/index.crates.io-6f17d22bba15001f/log-0.4.21/src/lib.rs:1408:11: 1408:39 (#0)\",\n            \"atomic_writer\": \"/home/runner/.cargo/registry/src/index.crates.io-6f17d22bba15001f/log-0.4.21/src/lib.rs:1411:13: 1411:55 (#0)\",\n            \"dep_kind\": \"Control\"\n          },\n          \"explanation\": \"atomic::store is data/control dependent on atomic::load\"\n        }\n      }\n    ]\n[2024-12-04T20:52:31Z WARN  lockbud::callbacks] crate log contains bugs: { probably: 0, possibly: 0 }, conflictlock: { probably: 0, possibly: 0 }, condvar_deadlock: { probably: 0, possibly: 0 }, atomicity_violation: { possibly: 1 }, invalid_free: { possibly: 0 }, use_after_free: { possibly: 0 }"]}},{"file":"[outdated direct dependencies]","count":1,"kinds":{"Outdated":["pkg=arch_boot, checker=Outdated\ntoolchain=nightly-2024-05-02, target=aarch64-unknown-none\npkg_dir=/home/runner/check/batch_1/Starry-OS/Starry-New/modules/arch_boot\ncmd=cargo +nightly-2024-12-26-x86_64-unknown-linux-gnu outdated -R --exit-code=2\n\nName            Project  Compat  Latest  Kind    Platform\n----            -------  ------  ------  ----    --------\naarch64-cpu     9.4.0    ---     10.0.0  Normal  cfg(target_arch = \"aarch64\")\nlog             0.4.21   0.4.22  0.4.22  Normal  ---\nriscv           0.10.1   ---     0.12.1  Normal  cfg(any(target_arch = \"riscv32\", target_arch = \"riscv64\"))\nsbi-rt          0.0.2    ---     0.0.3   Normal  cfg(any(target_arch = \"riscv32\", target_arch = \"riscv64\"))\ntock-registers  0.8.1    ---     0.9.0   Normal  cfg(target_arch = \"aarch64\")\nx86_64          0.15.1   0.15.2  0.15.2  Normal  cfg(target_arch = \"x86_64\")\n"]}},{"file":"[semver checks]","count":1,"kinds":{"Semver Violation":["pkg=arch_boot, checker=SemverChecks\ntoolchain=nightly-2024-05-02, target=aarch64-unknown-none\npkg_dir=/home/runner/check/batch_1/Starry-OS/Starry-New/modules/arch_boot\ncmd=cargo +nightly-2024-12-26-x86_64-unknown-linux-gnu semver-checks --target aarch64-unknown-none\n\n\nstdout:\n\nstderr:\n    Building arch_boot v0.1.0 (current)\nerror: running cargo-doc on crate 'arch_boot' failed with output:\n-----\nerror: output of --print=file-names missing when learning about target-specific information from rustc\ncommand was: `/home/runner/.rustup/toolchains/nightly-2024-12-26-x86_64-unknown-linux-gnu/bin/rustc - --crate-name ___ --print=file-names --cap-lints=allow --target aarch64-unknown-none --crate-type bin --crate-type rlib --crate-type dylib --crate-type cdylib --crate-type staticlib --crate-type proc-macro --print=sysroot --print=split-debuginfo --print=crate-name --print=cfg`\n\n--- stdout\n___\nlib___.rlib\nlib___.a\n/home/runner/.rustup/toolchains/nightly-2024-12-26-x86_64-unknown-linux-gnu\noff\n___\ndebug_assertions\nfmt_debug=\"full\"\noverflow_checks\npanic=\"abort\"\nproc_macro\nrelocation_model=\"static\"\ntarget_abi=\"\"\ntarget_arch=\"aarch64\"\ntarget_endian=\"little\"\ntarget_env=\"\"\ntarget_feature=\"neon\"\ntarget_has_atomic\ntarget_has_atomic=\"128\"\ntarget_has_atomic=\"16\"\ntarget_has_atomic=\"32\"\ntarget_has_atomic=\"64\"\ntarget_has_atomic=\"8\"\ntarget_has_atomic=\"ptr\"\ntarget_has_atomic_equal_alignment=\"128\"\ntarget_has_atomic_equal_alignment=\"16\"\ntarget_has_atomic_equal_alignment=\"32\"\ntarget_has_atomic_equal_alignment=\"64\"\ntarget_has_atomic_equal_alignment=\"8\"\ntarget_has_atomic_equal_alignment=\"ptr\"\ntarget_has_atomic_load_store\ntarget_has_atomic_load_store=\"128\"\ntarget_has_atomic_load_store=\"16\"\ntarget_has_atomic_load_store=\"32\"\ntarget_has_atomic_load_store=\"64\"\ntarget_has_atomic_load_store=\"8\"\ntarget_has_atomic_load_store=\"ptr\"\ntarget_os=\"none\"\ntarget_pointer_width=\"64\"\ntarget_vendor=\"unknown\"\nub_checks\n\n\n-----\n\nerror: failed to build rustdoc for crate arch_boot v0.1.0\nnote: this is usually due to a compilation error in the crate,\n      and is unlikely to be a bug in cargo-semver-checks\nnote: the following command can be used to reproduce the compilation error:\n      cargo new --lib example &&\n          cd example &&\n          echo '[workspace]' >> Cargo.toml &&\n          cargo add --path /home/runner/check/batch_1/Starry-OS/Starry-New/modules/arch_boot --features axalloc,default,fp_simd,irq,monolithic,preempt,smp &&\n          cargo check\n\nerror: aborting due to failure to build rustdoc for crate arch_boot v0.1.0\n"]}}]},{"user":"Starry-OS","repo":"Starry-New","pkg":"axalloc","count":5,"raw_reports":[{"file":"(virtual) rap","count":1,"kinds":{"Cargo":["// pkg_name=axalloc, checker=Rap\n// toolchain=nightly-2024-05-02, target=aarch64-unknown-none\n// pkg_dir=/home/runner/check/batch_1/Starry-OS/Starry-New/modules/axalloc\n// cmd=cargo +nightly-2024-10-12 rap -F -M -- --target aarch64-unknown-none\n// timestamp=2024-12-27 5:39:14.038627223 +08:00:00\n   Compiling equivalent v1.0.1\n   Compiling hashbrown v0.15.2\n   Compiling serde v1.0.215\n   Compiling proc-macro2 v1.0.92\n   Compiling toml_datetime v0.6.8\n   Compiling winnow v0.6.20\n   Compiling unicode-ident v1.0.14\n   Compiling indexmap v2.7.0\n   Compiling syn v1.0.109\n    Checking cfg-if v1.0.0\n   Compiling quote v1.0.37\nerror[E0463]: can't find crate for `core`\n  |\n  = note: the `aarch64-unknown-none` target may not be installed\n  = help: consider downloading the target with `rustup target add aarch64-unknown-none`\n  = help: consider building the standard library from source with `cargo build -Zbuild-std`\n\nFor more information about this error, try `rustc --explain E0463`.\nerror: could not compile `cfg-if` (lib) due to 1 previous error\nwarning: build failed, waiting for other jobs to finish...\n21:39:17|RAP|ERROR|: Finished with non-zero exit code.\n"]}},{"file":"(virtual) semver-checks","count":1,"kinds":{"Cargo":["// pkg_name=axalloc, checker=SemverChecks\n// toolchain=nightly-2024-05-02, target=aarch64-unknown-none\n// pkg_dir=/home/runner/check/batch_1/Starry-OS/Starry-New/modules/axalloc\n// cmd=cargo +nightly-2024-12-26-x86_64-unknown-linux-gnu semver-checks --target aarch64-unknown-none\n// timestamp=2024-12-28 11:02:47.814401766 +08:00:00\n    Building axalloc v0.1.0 (current)\nerror: running cargo-doc on crate 'axalloc' failed with output:\n-----\nerror: output of --print=file-names missing when learning about target-specific information from rustc\ncommand was: `/home/runner/.rustup/toolchains/nightly-2024-12-26-x86_64-unknown-linux-gnu/bin/rustc - --crate-name ___ --print=file-names --cap-lints=allow --target aarch64-unknown-none --crate-type bin --crate-type rlib --crate-type dylib --crate-type cdylib --crate-type staticlib --crate-type proc-macro --print=sysroot --print=split-debuginfo --print=crate-name --print=cfg`\n\n--- stdout\n___\nlib___.rlib\nlib___.a\n/home/runner/.rustup/toolchains/nightly-2024-12-26-x86_64-unknown-linux-gnu\noff\n___\ndebug_assertions\nfmt_debug=\"full\"\noverflow_checks\npanic=\"abort\"\nproc_macro\nrelocation_model=\"static\"\ntarget_abi=\"\"\ntarget_arch=\"aarch64\"\ntarget_endian=\"little\"\ntarget_env=\"\"\ntarget_feature=\"neon\"\ntarget_has_atomic\ntarget_has_atomic=\"128\"\ntarget_has_atomic=\"16\"\ntarget_has_atomic=\"32\"\ntarget_has_atomic=\"64\"\ntarget_has_atomic=\"8\"\ntarget_has_atomic=\"ptr\"\ntarget_has_atomic_equal_alignment=\"128\"\ntarget_has_atomic_equal_alignment=\"16\"\ntarget_has_atomic_equal_alignment=\"32\"\ntarget_has_atomic_equal_alignment=\"64\"\ntarget_has_atomic_equal_alignment=\"8\"\ntarget_has_atomic_equal_alignment=\"ptr\"\ntarget_has_atomic_load_store\ntarget_has_atomic_load_store=\"128\"\ntarget_has_atomic_load_store=\"16\"\ntarget_has_atomic_load_store=\"32\"\ntarget_has_atomic_load_store=\"64\"\ntarget_has_atomic_load_store=\"8\"\ntarget_has_atomic_load_store=\"ptr\"\ntarget_os=\"none\"\ntarget_pointer_width=\"64\"\ntarget_vendor=\"unknown\"\nub_checks\n\n\n-----\n\nerror: failed to build rustdoc for crate axalloc v0.1.0\nnote: this is usually due to a compilation error in the crate,\n      and is unlikely to be a bug in cargo-semver-checks\nnote: the following command can be used to reproduce the compilation error:\n      cargo new --lib example &&\n          cd example &&\n          echo '[workspace]' >> Cargo.toml &&\n          cargo add --path /home/runner/check/batch_1/Starry-OS/Starry-New/modules/axalloc --features buddy,default,slab,tlsf &&\n          cargo check\n\nerror: aborting due to failure to build rustdoc for crate axalloc v0.1.0\n"]}},{"file":"[lockbud] Not supported to display yet.","count":1,"kinds":{"Lockbud(Possibly)":["[2024-12-04T20:52:31Z WARN  lockbud::callbacks] [\n      {\n        \"AtomicityViolation\": {\n          \"bug_kind\": \"AtomicityViolation\",\n          \"possibility\": \"Possibly\",\n          \"diagnosis\": {\n            \"fn_name\": \"set_logger_racy\",\n            \"atomic_reader\": \"/home/runner/.cargo/registry/src/index.crates.io-6f17d22bba15001f/log-0.4.21/src/lib.rs:1408:11: 1408:39 (#0)\",\n            \"atomic_writer\": \"/home/runner/.cargo/registry/src/index.crates.io-6f17d22bba15001f/log-0.4.21/src/lib.rs:1411:13: 1411:55 (#0)\",\n            \"dep_kind\": \"Control\"\n          },\n          \"explanation\": \"atomic::store is data/control dependent on atomic::load\"\n        }\n      }\n    ]\n[2024-12-04T20:52:31Z WARN  lockbud::callbacks] crate log contains bugs: { probably: 0, possibly: 0 }, conflictlock: { probably: 0, possibly: 0 }, condvar_deadlock: { probably: 0, possibly: 0 }, atomicity_violation: { possibly: 1 }, invalid_free: { possibly: 0 }, use_after_free: { possibly: 0 }"]}},{"file":"[outdated direct dependencies]","count":1,"kinds":{"Outdated":["pkg=axalloc, checker=Outdated\ntoolchain=nightly-2024-05-02, target=aarch64-unknown-none\npkg_dir=/home/runner/check/batch_1/Starry-OS/Starry-New/modules/axalloc\ncmd=cargo +nightly-2024-12-26-x86_64-unknown-linux-gnu outdated -R --exit-code=2\n\nName  Project  Compat  Latest  Kind    Platform\n----  -------  ------  ------  ----    --------\nlog   0.4.21   0.4.22  0.4.22  Normal  ---\n"]}},{"file":"[semver checks]","count":1,"kinds":{"Semver Violation":["pkg=axalloc, checker=SemverChecks\ntoolchain=nightly-2024-05-02, target=aarch64-unknown-none\npkg_dir=/home/runner/check/batch_1/Starry-OS/Starry-New/modules/axalloc\ncmd=cargo +nightly-2024-12-26-x86_64-unknown-linux-gnu semver-checks --target aarch64-unknown-none\n\n\nstdout:\n\nstderr:\n    Building axalloc v0.1.0 (current)\nerror: running cargo-doc on crate 'axalloc' failed with output:\n-----\nerror: output of --print=file-names missing when learning about target-specific information from rustc\ncommand was: `/home/runner/.rustup/toolchains/nightly-2024-12-26-x86_64-unknown-linux-gnu/bin/rustc - --crate-name ___ --print=file-names --cap-lints=allow --target aarch64-unknown-none --crate-type bin --crate-type rlib --crate-type dylib --crate-type cdylib --crate-type staticlib --crate-type proc-macro --print=sysroot --print=split-debuginfo --print=crate-name --print=cfg`\n\n--- stdout\n___\nlib___.rlib\nlib___.a\n/home/runner/.rustup/toolchains/nightly-2024-12-26-x86_64-unknown-linux-gnu\noff\n___\ndebug_assertions\nfmt_debug=\"full\"\noverflow_checks\npanic=\"abort\"\nproc_macro\nrelocation_model=\"static\"\ntarget_abi=\"\"\ntarget_arch=\"aarch64\"\ntarget_endian=\"little\"\ntarget_env=\"\"\ntarget_feature=\"neon\"\ntarget_has_atomic\ntarget_has_atomic=\"128\"\ntarget_has_atomic=\"16\"\ntarget_has_atomic=\"32\"\ntarget_has_atomic=\"64\"\ntarget_has_atomic=\"8\"\ntarget_has_atomic=\"ptr\"\ntarget_has_atomic_equal_alignment=\"128\"\ntarget_has_atomic_equal_alignment=\"16\"\ntarget_has_atomic_equal_alignment=\"32\"\ntarget_has_atomic_equal_alignment=\"64\"\ntarget_has_atomic_equal_alignment=\"8\"\ntarget_has_atomic_equal_alignment=\"ptr\"\ntarget_has_atomic_load_store\ntarget_has_atomic_load_store=\"128\"\ntarget_has_atomic_load_store=\"16\"\ntarget_has_atomic_load_store=\"32\"\ntarget_has_atomic_load_store=\"64\"\ntarget_has_atomic_load_store=\"8\"\ntarget_has_atomic_load_store=\"ptr\"\ntarget_os=\"none\"\ntarget_pointer_width=\"64\"\ntarget_vendor=\"unknown\"\nub_checks\n\n\n-----\n\nerror: failed to build rustdoc for crate axalloc v0.1.0\nnote: this is usually due to a compilation error in the crate,\n      and is unlikely to be a bug in cargo-semver-checks\nnote: the following command can be used to reproduce the compilation error:\n      cargo new --lib example &&\n          cd example &&\n          echo '[workspace]' >> Cargo.toml &&\n          cargo add --path /home/runner/check/batch_1/Starry-OS/Starry-New/modules/axalloc --features buddy,default,slab,tlsf &&\n          cargo check\n\nerror: aborting due to failure to build rustdoc for crate axalloc v0.1.0\n"]}}]},{"user":"Starry-OS","repo":"Starry-New","pkg":"axdisplay","count":5,"raw_reports":[{"file":"(virtual) rap","count":1,"kinds":{"Cargo":["// pkg_name=axdisplay, checker=Rap\n// toolchain=nightly-2024-05-02, target=aarch64-unknown-none\n// pkg_dir=/home/runner/check/batch_1/Starry-OS/Starry-New/modules/axdisplay\n// cmd=cargo +nightly-2024-10-12 rap -F -M -- --target aarch64-unknown-none\n// timestamp=2024-12-27 5:39:44.535395368 +08:00:00\n   Compiling hashbrown v0.15.2\n   Compiling serde v1.0.215\n   Compiling equivalent v1.0.1\n   Compiling toml_datetime v0.6.8\n   Compiling winnow v0.6.20\n   Compiling proc-macro2 v1.0.92\n   Compiling indexmap v2.7.0\n   Compiling unicode-ident v1.0.14\n    Checking tock-registers v0.8.1\nerror[E0463]: can't find crate for `core`\n  |\n  = note: the `aarch64-unknown-none` target may not be installed\n  = help: consider downloading the target with `rustup target add aarch64-unknown-none`\n  = help: consider building the standard library from source with `cargo build -Zbuild-std`\n\nFor more information about this error, try `rustc --explain E0463`.\nerror: could not compile `tock-registers` (lib) due to 1 previous error\nwarning: build failed, waiting for other jobs to finish...\n21:39:47|RAP|ERROR|: Finished with non-zero exit code.\n"]}},{"file":"(virtual) semver-checks","count":1,"kinds":{"Cargo":["// pkg_name=axdisplay, checker=SemverChecks\n// toolchain=nightly-2024-05-02, target=aarch64-unknown-none\n// pkg_dir=/home/runner/check/batch_1/Starry-OS/Starry-New/modules/axdisplay\n// cmd=cargo +nightly-2024-12-26-x86_64-unknown-linux-gnu semver-checks --target aarch64-unknown-none\n// timestamp=2024-12-28 11:02:54.178916169 +08:00:00\n    Building axdisplay v0.1.0 (current)\nerror: running cargo-doc on crate 'axdisplay' failed with output:\n-----\nerror: output of --print=file-names missing when learning about target-specific information from rustc\ncommand was: `/home/runner/.rustup/toolchains/nightly-2024-12-26-x86_64-unknown-linux-gnu/bin/rustc - --crate-name ___ --print=file-names --cap-lints=allow --target aarch64-unknown-none --crate-type bin --crate-type rlib --crate-type dylib --crate-type cdylib --crate-type staticlib --crate-type proc-macro --print=sysroot --print=split-debuginfo --print=crate-name --print=cfg`\n\n--- stdout\n___\nlib___.rlib\nlib___.a\n/home/runner/.rustup/toolchains/nightly-2024-12-26-x86_64-unknown-linux-gnu\noff\n___\ndebug_assertions\nfmt_debug=\"full\"\noverflow_checks\npanic=\"abort\"\nproc_macro\nrelocation_model=\"static\"\ntarget_abi=\"\"\ntarget_arch=\"aarch64\"\ntarget_endian=\"little\"\ntarget_env=\"\"\ntarget_feature=\"neon\"\ntarget_has_atomic\ntarget_has_atomic=\"128\"\ntarget_has_atomic=\"16\"\ntarget_has_atomic=\"32\"\ntarget_has_atomic=\"64\"\ntarget_has_atomic=\"8\"\ntarget_has_atomic=\"ptr\"\ntarget_has_atomic_equal_alignment=\"128\"\ntarget_has_atomic_equal_alignment=\"16\"\ntarget_has_atomic_equal_alignment=\"32\"\ntarget_has_atomic_equal_alignment=\"64\"\ntarget_has_atomic_equal_alignment=\"8\"\ntarget_has_atomic_equal_alignment=\"ptr\"\ntarget_has_atomic_load_store\ntarget_has_atomic_load_store=\"128\"\ntarget_has_atomic_load_store=\"16\"\ntarget_has_atomic_load_store=\"32\"\ntarget_has_atomic_load_store=\"64\"\ntarget_has_atomic_load_store=\"8\"\ntarget_has_atomic_load_store=\"ptr\"\ntarget_os=\"none\"\ntarget_pointer_width=\"64\"\ntarget_vendor=\"unknown\"\nub_checks\n\n\n-----\n\nerror: failed to build rustdoc for crate axdisplay v0.1.0\nnote: this is usually due to a compilation error in the crate,\n      and is unlikely to be a bug in cargo-semver-checks\nnote: the following command can be used to reproduce the compilation error:\n      cargo new --lib example &&\n          cd example &&\n          echo '[workspace]' >> Cargo.toml &&\n          cargo add --path /home/runner/check/batch_1/Starry-OS/Starry-New/modules/axdisplay &&\n          cargo check\n\nerror: aborting due to failure to build rustdoc for crate axdisplay v0.1.0\n"]}},{"file":"[lockbud] Not supported to display yet.","count":1,"kinds":{"Lockbud(Possibly)":["[2024-12-04T20:52:31Z WARN  lockbud::callbacks] [\n      {\n        \"AtomicityViolation\": {\n          \"bug_kind\": \"AtomicityViolation\",\n          \"possibility\": \"Possibly\",\n          \"diagnosis\": {\n            \"fn_name\": \"set_logger_racy\",\n            \"atomic_reader\": \"/home/runner/.cargo/registry/src/index.crates.io-6f17d22bba15001f/log-0.4.21/src/lib.rs:1408:11: 1408:39 (#0)\",\n            \"atomic_writer\": \"/home/runner/.cargo/registry/src/index.crates.io-6f17d22bba15001f/log-0.4.21/src/lib.rs:1411:13: 1411:55 (#0)\",\n            \"dep_kind\": \"Control\"\n          },\n          \"explanation\": \"atomic::store is data/control dependent on atomic::load\"\n        }\n      }\n    ]\n[2024-12-04T20:52:31Z WARN  lockbud::callbacks] crate log contains bugs: { probably: 0, possibly: 0 }, conflictlock: { probably: 0, possibly: 0 }, condvar_deadlock: { probably: 0, possibly: 0 }, atomicity_violation: { possibly: 1 }, invalid_free: { possibly: 0 }, use_after_free: { possibly: 0 }"]}},{"file":"[outdated direct dependencies]","count":1,"kinds":{"Outdated":["pkg=axdisplay, checker=Outdated\ntoolchain=nightly-2024-05-02, target=aarch64-unknown-none\npkg_dir=/home/runner/check/batch_1/Starry-OS/Starry-New/modules/axdisplay\ncmd=cargo +nightly-2024-12-26-x86_64-unknown-linux-gnu outdated -R --exit-code=2\n\nName  Project  Compat  Latest  Kind    Platform\n----  -------  ------  ------  ----    --------\nlog   0.4.21   0.4.22  0.4.22  Normal  ---\n"]}},{"file":"[semver checks]","count":1,"kinds":{"Semver Violation":["pkg=axdisplay, checker=SemverChecks\ntoolchain=nightly-2024-05-02, target=aarch64-unknown-none\npkg_dir=/home/runner/check/batch_1/Starry-OS/Starry-New/modules/axdisplay\ncmd=cargo +nightly-2024-12-26-x86_64-unknown-linux-gnu semver-checks --target aarch64-unknown-none\n\n\nstdout:\n\nstderr:\n    Building axdisplay v0.1.0 (current)\nerror: running cargo-doc on crate 'axdisplay' failed with output:\n-----\nerror: output of --print=file-names missing when learning about target-specific information from rustc\ncommand was: `/home/runner/.rustup/toolchains/nightly-2024-12-26-x86_64-unknown-linux-gnu/bin/rustc - --crate-name ___ --print=file-names --cap-lints=allow --target aarch64-unknown-none --crate-type bin --crate-type rlib --crate-type dylib --crate-type cdylib --crate-type staticlib --crate-type proc-macro --print=sysroot --print=split-debuginfo --print=crate-name --print=cfg`\n\n--- stdout\n___\nlib___.rlib\nlib___.a\n/home/runner/.rustup/toolchains/nightly-2024-12-26-x86_64-unknown-linux-gnu\noff\n___\ndebug_assertions\nfmt_debug=\"full\"\noverflow_checks\npanic=\"abort\"\nproc_macro\nrelocation_model=\"static\"\ntarget_abi=\"\"\ntarget_arch=\"aarch64\"\ntarget_endian=\"little\"\ntarget_env=\"\"\ntarget_feature=\"neon\"\ntarget_has_atomic\ntarget_has_atomic=\"128\"\ntarget_has_atomic=\"16\"\ntarget_has_atomic=\"32\"\ntarget_has_atomic=\"64\"\ntarget_has_atomic=\"8\"\ntarget_has_atomic=\"ptr\"\ntarget_has_atomic_equal_alignment=\"128\"\ntarget_has_atomic_equal_alignment=\"16\"\ntarget_has_atomic_equal_alignment=\"32\"\ntarget_has_atomic_equal_alignment=\"64\"\ntarget_has_atomic_equal_alignment=\"8\"\ntarget_has_atomic_equal_alignment=\"ptr\"\ntarget_has_atomic_load_store\ntarget_has_atomic_load_store=\"128\"\ntarget_has_atomic_load_store=\"16\"\ntarget_has_atomic_load_store=\"32\"\ntarget_has_atomic_load_store=\"64\"\ntarget_has_atomic_load_store=\"8\"\ntarget_has_atomic_load_store=\"ptr\"\ntarget_os=\"none\"\ntarget_pointer_width=\"64\"\ntarget_vendor=\"unknown\"\nub_checks\n\n\n-----\n\nerror: failed to build rustdoc for crate axdisplay v0.1.0\nnote: this is usually due to a compilation error in the crate,\n      and is unlikely to be a bug in cargo-semver-checks\nnote: the following command can be used to reproduce the compilation error:\n      cargo new --lib example &&\n          cd example &&\n          echo '[workspace]' >> Cargo.toml &&\n          cargo add --path /home/runner/check/batch_1/Starry-OS/Starry-New/modules/axdisplay &&\n          cargo check\n\nerror: aborting due to failure to build rustdoc for crate axdisplay v0.1.0\n"]}}]},{"user":"Starry-OS","repo":"Starry-New","pkg":"axdriver","count":5,"raw_reports":[{"file":"(virtual) rap","count":1,"kinds":{"Cargo":["// pkg_name=axdriver, checker=Rap\n// toolchain=nightly-2024-05-02, target=aarch64-unknown-none\n// pkg_dir=/home/runner/check/batch_1/Starry-OS/Starry-New/modules/axdriver\n// cmd=cargo +nightly-2024-10-12 rap -F -M -- --target aarch64-unknown-none\n// timestamp=2024-12-27 5:39:56.535537763 +08:00:00\n   Compiling hashbrown v0.15.2\n   Compiling serde v1.0.215\n   Compiling equivalent v1.0.1\n   Compiling winnow v0.6.20\n   Compiling toml_datetime v0.6.8\n   Compiling proc-macro2 v1.0.92\n   Compiling indexmap v2.7.0\n   Compiling unicode-ident v1.0.14\n    Checking tock-registers v0.8.1\nerror[E0463]: can't find crate for `core`\n  |\n  = note: the `aarch64-unknown-none` target may not be installed\n  = help: consider downloading the target with `rustup target add aarch64-unknown-none`\n  = help: consider building the standard library from source with `cargo build -Zbuild-std`\n\nFor more information about this error, try `rustc --explain E0463`.\nerror: could not compile `tock-registers` (lib) due to 1 previous error\nwarning: build failed, waiting for other jobs to finish...\n21:39:59|RAP|ERROR|: Finished with non-zero exit code.\n"]}},{"file":"(virtual) semver-checks","count":1,"kinds":{"Cargo":["// pkg_name=axdriver, checker=SemverChecks\n// toolchain=nightly-2024-05-02, target=aarch64-unknown-none\n// pkg_dir=/home/runner/check/batch_1/Starry-OS/Starry-New/modules/axdriver\n// cmd=cargo +nightly-2024-12-26-x86_64-unknown-linux-gnu semver-checks --target aarch64-unknown-none\n// timestamp=2024-12-28 11:03:04.017516566 +08:00:00\n    Building axdriver v0.1.0 (current)\nerror: running cargo-doc on crate 'axdriver' failed with output:\n-----\nerror: output of --print=file-names missing when learning about target-specific information from rustc\ncommand was: `/home/runner/.rustup/toolchains/nightly-2024-12-26-x86_64-unknown-linux-gnu/bin/rustc - --crate-name ___ --print=file-names --cap-lints=allow --target aarch64-unknown-none --crate-type bin --crate-type rlib --crate-type dylib --crate-type cdylib --crate-type staticlib --crate-type proc-macro --print=sysroot --print=split-debuginfo --print=crate-name --print=cfg`\n\n--- stdout\n___\nlib___.rlib\nlib___.a\n/home/runner/.rustup/toolchains/nightly-2024-12-26-x86_64-unknown-linux-gnu\noff\n___\ndebug_assertions\nfmt_debug=\"full\"\noverflow_checks\npanic=\"abort\"\nproc_macro\nrelocation_model=\"static\"\ntarget_abi=\"\"\ntarget_arch=\"aarch64\"\ntarget_endian=\"little\"\ntarget_env=\"\"\ntarget_feature=\"neon\"\ntarget_has_atomic\ntarget_has_atomic=\"128\"\ntarget_has_atomic=\"16\"\ntarget_has_atomic=\"32\"\ntarget_has_atomic=\"64\"\ntarget_has_atomic=\"8\"\ntarget_has_atomic=\"ptr\"\ntarget_has_atomic_equal_alignment=\"128\"\ntarget_has_atomic_equal_alignment=\"16\"\ntarget_has_atomic_equal_alignment=\"32\"\ntarget_has_atomic_equal_alignment=\"64\"\ntarget_has_atomic_equal_alignment=\"8\"\ntarget_has_atomic_equal_alignment=\"ptr\"\ntarget_has_atomic_load_store\ntarget_has_atomic_load_store=\"128\"\ntarget_has_atomic_load_store=\"16\"\ntarget_has_atomic_load_store=\"32\"\ntarget_has_atomic_load_store=\"64\"\ntarget_has_atomic_load_store=\"8\"\ntarget_has_atomic_load_store=\"ptr\"\ntarget_os=\"none\"\ntarget_pointer_width=\"64\"\ntarget_vendor=\"unknown\"\nub_checks\n\n\n-----\n\nerror: failed to build rustdoc for crate axdriver v0.1.0\nnote: this is usually due to a compilation error in the crate,\n      and is unlikely to be a bug in cargo-semver-checks\nnote: the following command can be used to reproduce the compilation error:\n      cargo new --lib example &&\n          cd example &&\n          echo '[workspace]' >> Cargo.toml &&\n          cargo add --path /home/runner/check/batch_1/Starry-OS/Starry-New/modules/axdriver --features bcm2835-sdhci,block,bus-mmio,bus-pci,default,display,driver_block,driver_display,driver_net,driver_virtio,dyn,e1000,img,ixgbe,net,ramdisk,virtio,virtio-blk,virtio-gpu,virtio-net &&\n          cargo check\n\nerror: aborting due to failure to build rustdoc for crate axdriver v0.1.0\n"]}},{"file":"[lockbud] Not supported to display yet.","count":1,"kinds":{"Lockbud(Possibly)":["[2024-12-04T20:52:31Z WARN  lockbud::callbacks] [\n      {\n        \"AtomicityViolation\": {\n          \"bug_kind\": \"AtomicityViolation\",\n          \"possibility\": \"Possibly\",\n          \"diagnosis\": {\n            \"fn_name\": \"set_logger_racy\",\n            \"atomic_reader\": \"/home/runner/.cargo/registry/src/index.crates.io-6f17d22bba15001f/log-0.4.21/src/lib.rs:1408:11: 1408:39 (#0)\",\n            \"atomic_writer\": \"/home/runner/.cargo/registry/src/index.crates.io-6f17d22bba15001f/log-0.4.21/src/lib.rs:1411:13: 1411:55 (#0)\",\n            \"dep_kind\": \"Control\"\n          },\n          \"explanation\": \"atomic::store is data/control dependent on atomic::load\"\n        }\n      }\n    ]\n[2024-12-04T20:52:31Z WARN  lockbud::callbacks] crate log contains bugs: { probably: 0, possibly: 0 }, conflictlock: { probably: 0, possibly: 0 }, condvar_deadlock: { probably: 0, possibly: 0 }, atomicity_violation: { possibly: 1 }, invalid_free: { possibly: 0 }, use_after_free: { possibly: 0 }"]}},{"file":"[outdated direct dependencies]","count":1,"kinds":{"Outdated":["pkg=axdriver, checker=Outdated\ntoolchain=nightly-2024-05-02, target=aarch64-unknown-none\npkg_dir=/home/runner/check/batch_1/Starry-OS/Starry-New/modules/axdriver\ncmd=cargo +nightly-2024-12-26-x86_64-unknown-linux-gnu outdated -R --exit-code=2\n\nName  Project  Compat  Latest  Kind    Platform\n----  -------  ------  ------  ----    --------\nlog   0.4.21   0.4.22  0.4.22  Normal  ---\n"]}},{"file":"[semver checks]","count":1,"kinds":{"Semver Violation":["pkg=axdriver, checker=SemverChecks\ntoolchain=nightly-2024-05-02, target=aarch64-unknown-none\npkg_dir=/home/runner/check/batch_1/Starry-OS/Starry-New/modules/axdriver\ncmd=cargo +nightly-2024-12-26-x86_64-unknown-linux-gnu semver-checks --target aarch64-unknown-none\n\n\nstdout:\n\nstderr:\n    Building axdriver v0.1.0 (current)\nerror: running cargo-doc on crate 'axdriver' failed with output:\n-----\nerror: output of --print=file-names missing when learning about target-specific information from rustc\ncommand was: `/home/runner/.rustup/toolchains/nightly-2024-12-26-x86_64-unknown-linux-gnu/bin/rustc - --crate-name ___ --print=file-names --cap-lints=allow --target aarch64-unknown-none --crate-type bin --crate-type rlib --crate-type dylib --crate-type cdylib --crate-type staticlib --crate-type proc-macro --print=sysroot --print=split-debuginfo --print=crate-name --print=cfg`\n\n--- stdout\n___\nlib___.rlib\nlib___.a\n/home/runner/.rustup/toolchains/nightly-2024-12-26-x86_64-unknown-linux-gnu\noff\n___\ndebug_assertions\nfmt_debug=\"full\"\noverflow_checks\npanic=\"abort\"\nproc_macro\nrelocation_model=\"static\"\ntarget_abi=\"\"\ntarget_arch=\"aarch64\"\ntarget_endian=\"little\"\ntarget_env=\"\"\ntarget_feature=\"neon\"\ntarget_has_atomic\ntarget_has_atomic=\"128\"\ntarget_has_atomic=\"16\"\ntarget_has_atomic=\"32\"\ntarget_has_atomic=\"64\"\ntarget_has_atomic=\"8\"\ntarget_has_atomic=\"ptr\"\ntarget_has_atomic_equal_alignment=\"128\"\ntarget_has_atomic_equal_alignment=\"16\"\ntarget_has_atomic_equal_alignment=\"32\"\ntarget_has_atomic_equal_alignment=\"64\"\ntarget_has_atomic_equal_alignment=\"8\"\ntarget_has_atomic_equal_alignment=\"ptr\"\ntarget_has_atomic_load_store\ntarget_has_atomic_load_store=\"128\"\ntarget_has_atomic_load_store=\"16\"\ntarget_has_atomic_load_store=\"32\"\ntarget_has_atomic_load_store=\"64\"\ntarget_has_atomic_load_store=\"8\"\ntarget_has_atomic_load_store=\"ptr\"\ntarget_os=\"none\"\ntarget_pointer_width=\"64\"\ntarget_vendor=\"unknown\"\nub_checks\n\n\n-----\n\nerror: failed to build rustdoc for crate axdriver v0.1.0\nnote: this is usually due to a compilation error in the crate,\n      and is unlikely to be a bug in cargo-semver-checks\nnote: the following command can be used to reproduce the compilation error:\n      cargo new --lib example &&\n          cd example &&\n          echo '[workspace]' >> Cargo.toml &&\n          cargo add --path /home/runner/check/batch_1/Starry-OS/Starry-New/modules/axdriver --features bcm2835-sdhci,block,bus-mmio,bus-pci,default,display,driver_block,driver_display,driver_net,driver_virtio,dyn,e1000,img,ixgbe,net,ramdisk,virtio,virtio-blk,virtio-gpu,virtio-net &&\n          cargo check\n\nerror: aborting due to failure to build rustdoc for crate axdriver v0.1.0\n"]}}]},{"user":"Starry-OS","repo":"Starry-New","pkg":"axhal","count":5,"raw_reports":[{"file":"(virtual) rap","count":1,"kinds":{"Cargo":["// pkg_name=axhal, checker=Rap\n// toolchain=nightly-2024-05-02, target=aarch64-unknown-none\n// pkg_dir=/home/runner/check/batch_1/Starry-OS/Starry-New/modules/axhal\n// cmd=cargo +nightly-2024-10-12 rap -F -M -- --target aarch64-unknown-none\n// timestamp=2024-12-27 5:40:26.375708664 +08:00:00\n   Compiling serde v1.0.215\n   Compiling hashbrown v0.15.2\n   Compiling equivalent v1.0.1\n   Compiling toml_datetime v0.6.8\n   Compiling winnow v0.6.20\n    Checking tock-registers v0.8.1\nerror[E0463]: can't find crate for `core`\n  |\n  = note: the `aarch64-unknown-none` target may not be installed\n  = help: consider downloading the target with `rustup target add aarch64-unknown-none`\n  = help: consider building the standard library from source with `cargo build -Zbuild-std`\n\nFor more information about this error, try `rustc --explain E0463`.\nerror: could not compile `tock-registers` (lib) due to 1 previous error\nwarning: build failed, waiting for other jobs to finish...\n21:40:28|RAP|ERROR|: Finished with non-zero exit code.\n"]}},{"file":"(virtual) semver-checks","count":1,"kinds":{"Cargo":["// pkg_name=axhal, checker=SemverChecks\n// toolchain=nightly-2024-05-02, target=aarch64-unknown-none\n// pkg_dir=/home/runner/check/batch_1/Starry-OS/Starry-New/modules/axhal\n// cmd=cargo +nightly-2024-12-26-x86_64-unknown-linux-gnu semver-checks --target aarch64-unknown-none\n// timestamp=2024-12-28 11:03:44.590153128 +08:00:00\n    Building axhal v0.1.0 (current)\nerror: running cargo-doc on crate 'axhal' failed with output:\n-----\nerror: output of --print=file-names missing when learning about target-specific information from rustc\ncommand was: `/home/runner/.rustup/toolchains/nightly-2024-12-26-x86_64-unknown-linux-gnu/bin/rustc - --crate-name ___ --print=file-names --cap-lints=allow --target aarch64-unknown-none --crate-type bin --crate-type rlib --crate-type dylib --crate-type cdylib --crate-type staticlib --crate-type proc-macro --print=sysroot --print=split-debuginfo --print=crate-name --print=cfg`\n\n--- stdout\n___\nlib___.rlib\nlib___.a\n/home/runner/.rustup/toolchains/nightly-2024-12-26-x86_64-unknown-linux-gnu\noff\n___\ndebug_assertions\nfmt_debug=\"full\"\noverflow_checks\npanic=\"abort\"\nproc_macro\nrelocation_model=\"static\"\ntarget_abi=\"\"\ntarget_arch=\"aarch64\"\ntarget_endian=\"little\"\ntarget_env=\"\"\ntarget_feature=\"neon\"\ntarget_has_atomic\ntarget_has_atomic=\"128\"\ntarget_has_atomic=\"16\"\ntarget_has_atomic=\"32\"\ntarget_has_atomic=\"64\"\ntarget_has_atomic=\"8\"\ntarget_has_atomic=\"ptr\"\ntarget_has_atomic_equal_alignment=\"128\"\ntarget_has_atomic_equal_alignment=\"16\"\ntarget_has_atomic_equal_alignment=\"32\"\ntarget_has_atomic_equal_alignment=\"64\"\ntarget_has_atomic_equal_alignment=\"8\"\ntarget_has_atomic_equal_alignment=\"ptr\"\ntarget_has_atomic_load_store\ntarget_has_atomic_load_store=\"128\"\ntarget_has_atomic_load_store=\"16\"\ntarget_has_atomic_load_store=\"32\"\ntarget_has_atomic_load_store=\"64\"\ntarget_has_atomic_load_store=\"8\"\ntarget_has_atomic_load_store=\"ptr\"\ntarget_os=\"none\"\ntarget_pointer_width=\"64\"\ntarget_vendor=\"unknown\"\nub_checks\n\n\n-----\n\nerror: failed to build rustdoc for crate axhal v0.1.0\nnote: this is usually due to a compilation error in the crate,\n      and is unlikely to be a bug in cargo-semver-checks\nnote: the following command can be used to reproduce the compilation error:\n      cargo new --lib example &&\n          cd example &&\n          echo '[workspace]' >> Cargo.toml &&\n          cargo add --path /home/runner/check/batch_1/Starry-OS/Starry-New/modules/axhal --features alloc,axalloc,default,fp_simd,irq,monolithic,page_table,paging,smp,tls &&\n          cargo check\n\nerror: aborting due to failure to build rustdoc for crate axhal v0.1.0\n"]}},{"file":"[lockbud] Not supported to display yet.","count":1,"kinds":{"Lockbud(Possibly)":["[2024-12-04T20:52:31Z WARN  lockbud::callbacks] [\n      {\n        \"AtomicityViolation\": {\n          \"bug_kind\": \"AtomicityViolation\",\n          \"possibility\": \"Possibly\",\n          \"diagnosis\": {\n            \"fn_name\": \"set_logger_racy\",\n            \"atomic_reader\": \"/home/runner/.cargo/registry/src/index.crates.io-6f17d22bba15001f/log-0.4.21/src/lib.rs:1408:11: 1408:39 (#0)\",\n            \"atomic_writer\": \"/home/runner/.cargo/registry/src/index.crates.io-6f17d22bba15001f/log-0.4.21/src/lib.rs:1411:13: 1411:55 (#0)\",\n            \"dep_kind\": \"Control\"\n          },\n          \"explanation\": \"atomic::store is data/control dependent on atomic::load\"\n        }\n      }\n    ]\n[2024-12-04T20:52:31Z WARN  lockbud::callbacks] crate log contains bugs: { probably: 0, possibly: 0 }, conflictlock: { probably: 0, possibly: 0 }, condvar_deadlock: { probably: 0, possibly: 0 }, atomicity_violation: { possibly: 1 }, invalid_free: { possibly: 0 }, use_after_free: { possibly: 0 }"]}},{"file":"[outdated direct dependencies]","count":1,"kinds":{"Outdated":["pkg=axhal, checker=Outdated\ntoolchain=nightly-2024-05-02, target=aarch64-unknown-none\npkg_dir=/home/runner/check/batch_1/Starry-OS/Starry-New/modules/axhal\ncmd=cargo +nightly-2024-12-26-x86_64-unknown-linux-gnu outdated -R --exit-code=2\n\nName            Project  Compat  Latest  Kind    Platform\n----            -------  ------  ------  ----    --------\naarch64-cpu     9.4.0    ---     10.0.0  Normal  cfg(target_arch = \"aarch64\")\nlog             0.4.21   0.4.22  0.4.22  Normal  ---\nriscv           0.11.1   ---     0.12.1  Normal  cfg(any(target_arch = \"riscv32\", target_arch = \"riscv64\"))\ntock-registers  0.8.1    ---     0.9.0   Normal  cfg(target_arch = \"aarch64\")\nx86_64          0.15.1   0.15.2  0.15.2  Normal  cfg(target_arch = \"x86_64\")\n"]}},{"file":"[semver checks]","count":1,"kinds":{"Semver Violation":["pkg=axhal, checker=SemverChecks\ntoolchain=nightly-2024-05-02, target=aarch64-unknown-none\npkg_dir=/home/runner/check/batch_1/Starry-OS/Starry-New/modules/axhal\ncmd=cargo +nightly-2024-12-26-x86_64-unknown-linux-gnu semver-checks --target aarch64-unknown-none\n\n\nstdout:\n\nstderr:\n    Building axhal v0.1.0 (current)\nerror: running cargo-doc on crate 'axhal' failed with output:\n-----\nerror: output of --print=file-names missing when learning about target-specific information from rustc\ncommand was: `/home/runner/.rustup/toolchains/nightly-2024-12-26-x86_64-unknown-linux-gnu/bin/rustc - --crate-name ___ --print=file-names --cap-lints=allow --target aarch64-unknown-none --crate-type bin --crate-type rlib --crate-type dylib --crate-type cdylib --crate-type staticlib --crate-type proc-macro --print=sysroot --print=split-debuginfo --print=crate-name --print=cfg`\n\n--- stdout\n___\nlib___.rlib\nlib___.a\n/home/runner/.rustup/toolchains/nightly-2024-12-26-x86_64-unknown-linux-gnu\noff\n___\ndebug_assertions\nfmt_debug=\"full\"\noverflow_checks\npanic=\"abort\"\nproc_macro\nrelocation_model=\"static\"\ntarget_abi=\"\"\ntarget_arch=\"aarch64\"\ntarget_endian=\"little\"\ntarget_env=\"\"\ntarget_feature=\"neon\"\ntarget_has_atomic\ntarget_has_atomic=\"128\"\ntarget_has_atomic=\"16\"\ntarget_has_atomic=\"32\"\ntarget_has_atomic=\"64\"\ntarget_has_atomic=\"8\"\ntarget_has_atomic=\"ptr\"\ntarget_has_atomic_equal_alignment=\"128\"\ntarget_has_atomic_equal_alignment=\"16\"\ntarget_has_atomic_equal_alignment=\"32\"\ntarget_has_atomic_equal_alignment=\"64\"\ntarget_has_atomic_equal_alignment=\"8\"\ntarget_has_atomic_equal_alignment=\"ptr\"\ntarget_has_atomic_load_store\ntarget_has_atomic_load_store=\"128\"\ntarget_has_atomic_load_store=\"16\"\ntarget_has_atomic_load_store=\"32\"\ntarget_has_atomic_load_store=\"64\"\ntarget_has_atomic_load_store=\"8\"\ntarget_has_atomic_load_store=\"ptr\"\ntarget_os=\"none\"\ntarget_pointer_width=\"64\"\ntarget_vendor=\"unknown\"\nub_checks\n\n\n-----\n\nerror: failed to build rustdoc for crate axhal v0.1.0\nnote: this is usually due to a compilation error in the crate,\n      and is unlikely to be a bug in cargo-semver-checks\nnote: the following command can be used to reproduce the compilation error:\n      cargo new --lib example &&\n          cd example &&\n          echo '[workspace]' >> Cargo.toml &&\n          cargo add --path /home/runner/check/batch_1/Starry-OS/Starry-New/modules/axhal --features alloc,axalloc,default,fp_simd,irq,monolithic,page_table,paging,smp,tls &&\n          cargo check\n\nerror: aborting due to failure to build rustdoc for crate axhal v0.1.0\n"]}}]},{"user":"Starry-OS","repo":"Starry-New","pkg":"axlibc","count":5,"raw_reports":[{"file":"(virtual) rap","count":1,"kinds":{"Cargo":["// pkg_name=axlibc, checker=Rap\n// toolchain=nightly-2024-05-02, target=aarch64-unknown-none\n// pkg_dir=/home/runner/check/batch_1/Starry-OS/Starry-New/ulib/axlibc\n// cmd=cargo +nightly-2024-10-12 rap -F -M -- --target aarch64-unknown-none\n// timestamp=2024-12-27 5:40:38.03905048 +08:00:00\n   Compiling equivalent v1.0.1\n   Compiling serde v1.0.215\n   Compiling hashbrown v0.15.2\n   Compiling toml_datetime v0.6.8\n   Compiling winnow v0.6.20\n   Compiling proc-macro2 v1.0.92\n   Compiling indexmap v2.7.0\n   Compiling unicode-ident v1.0.14\n    Checking tock-registers v0.8.1\nerror[E0463]: can't find crate for `core`\n  |\n  = note: the `aarch64-unknown-none` target may not be installed\n  = help: consider downloading the target with `rustup target add aarch64-unknown-none`\n  = help: consider building the standard library from source with `cargo build -Zbuild-std`\n\nFor more information about this error, try `rustc --explain E0463`.\nerror: could not compile `tock-registers` (lib) due to 1 previous error\nwarning: build failed, waiting for other jobs to finish...\n21:40:41|RAP|ERROR|: Finished with non-zero exit code.\n"]}},{"file":"(virtual) semver-checks","count":1,"kinds":{"Cargo":["// pkg_name=axlibc, checker=SemverChecks\n// toolchain=nightly-2024-05-02, target=aarch64-unknown-none\n// pkg_dir=/home/runner/check/batch_1/Starry-OS/Starry-New/ulib/axlibc\n// cmd=cargo +nightly-2024-12-26-x86_64-unknown-linux-gnu semver-checks --target aarch64-unknown-none\n// timestamp=2024-12-28 11:03:55.16317725 +08:00:00\n    Building axlibc v0.1.0 (current)\nerror: running cargo-doc on crate 'axlibc' failed with output:\n-----\nerror: output of --print=file-names missing when learning about target-specific information from rustc\ncommand was: `/home/runner/.rustup/toolchains/nightly-2024-12-26-x86_64-unknown-linux-gnu/bin/rustc - --crate-name ___ --print=file-names --cap-lints=allow --target aarch64-unknown-none --crate-type bin --crate-type rlib --crate-type dylib --crate-type cdylib --crate-type staticlib --crate-type proc-macro --print=sysroot --print=split-debuginfo --print=crate-name --print=cfg`\n\n--- stdout\n___\nlib___.rlib\nlib___.a\n/home/runner/.rustup/toolchains/nightly-2024-12-26-x86_64-unknown-linux-gnu\noff\n___\ndebug_assertions\nfmt_debug=\"full\"\noverflow_checks\npanic=\"abort\"\nproc_macro\nrelocation_model=\"static\"\ntarget_abi=\"\"\ntarget_arch=\"aarch64\"\ntarget_endian=\"little\"\ntarget_env=\"\"\ntarget_feature=\"neon\"\ntarget_has_atomic\ntarget_has_atomic=\"128\"\ntarget_has_atomic=\"16\"\ntarget_has_atomic=\"32\"\ntarget_has_atomic=\"64\"\ntarget_has_atomic=\"8\"\ntarget_has_atomic=\"ptr\"\ntarget_has_atomic_equal_alignment=\"128\"\ntarget_has_atomic_equal_alignment=\"16\"\ntarget_has_atomic_equal_alignment=\"32\"\ntarget_has_atomic_equal_alignment=\"64\"\ntarget_has_atomic_equal_alignment=\"8\"\ntarget_has_atomic_equal_alignment=\"ptr\"\ntarget_has_atomic_load_store\ntarget_has_atomic_load_store=\"128\"\ntarget_has_atomic_load_store=\"16\"\ntarget_has_atomic_load_store=\"32\"\ntarget_has_atomic_load_store=\"64\"\ntarget_has_atomic_load_store=\"8\"\ntarget_has_atomic_load_store=\"ptr\"\ntarget_os=\"none\"\ntarget_pointer_width=\"64\"\ntarget_vendor=\"unknown\"\nub_checks\n\n\n-----\n\nerror: failed to build rustdoc for crate axlibc v0.1.0\nnote: this is usually due to a compilation error in the crate,\n      and is unlikely to be a bug in cargo-semver-checks\nnote: the following command can be used to reproduce the compilation error:\n      cargo new --lib example &&\n          cd example &&\n          echo '[workspace]' >> Cargo.toml &&\n          cargo add --path /home/runner/check/batch_1/Starry-OS/Starry-New/ulib/axlibc --features alloc,default,epoll,fd,fp_simd,fs,irq,multitask,net,pipe,sched_cfs,sched_rr,select,smp,tls &&\n          cargo check\n\nerror: aborting due to failure to build rustdoc for crate axlibc v0.1.0\n"]}},{"file":"[lockbud] Not supported to display yet.","count":1,"kinds":{"Lockbud(Possibly)":["[2024-12-04T20:52:31Z WARN  lockbud::callbacks] [\n      {\n        \"AtomicityViolation\": {\n          \"bug_kind\": \"AtomicityViolation\",\n          \"possibility\": \"Possibly\",\n          \"diagnosis\": {\n            \"fn_name\": \"set_logger_racy\",\n            \"atomic_reader\": \"/home/runner/.cargo/registry/src/index.crates.io-6f17d22bba15001f/log-0.4.21/src/lib.rs:1408:11: 1408:39 (#0)\",\n            \"atomic_writer\": \"/home/runner/.cargo/registry/src/index.crates.io-6f17d22bba15001f/log-0.4.21/src/lib.rs:1411:13: 1411:55 (#0)\",\n            \"dep_kind\": \"Control\"\n          },\n          \"explanation\": \"atomic::store is data/control dependent on atomic::load\"\n        }\n      }\n    ]\n[2024-12-04T20:52:31Z WARN  lockbud::callbacks] crate log contains bugs: { probably: 0, possibly: 0 }, conflictlock: { probably: 0, possibly: 0 }, condvar_deadlock: { probably: 0, possibly: 0 }, atomicity_violation: { possibly: 1 }, invalid_free: { possibly: 0 }, use_after_free: { possibly: 0 }\n[2024-12-04T20:53:27Z WARN  lockbud::callbacks] [\n      {\n        \"AtomicityViolation\": {\n          \"bug_kind\": \"AtomicityViolation\",\n          \"possibility\": \"Possibly\",\n          \"diagnosis\": {\n            \"fn_name\": \"set_logger_racy\",\n            \"atomic_reader\": \"/home/runner/.cargo/registry/src/index.crates.io-6f17d22bba15001f/log-0.4.21/src/lib.rs:1408:11: 1408:39 (#0)\",\n            \"atomic_writer\": \"/home/runner/.cargo/registry/src/index.crates.io-6f17d22bba15001f/log-0.4.21/src/lib.rs:1411:13: 1411:55 (#0)\",\n            \"dep_kind\": \"Control\"\n          },\n          \"explanation\": \"atomic::store is data/control dependent on atomic::load\"\n        }\n      }\n    ]\n[2024-12-04T20:53:27Z WARN  lockbud::callbacks] crate log contains bugs: { probably: 0, possibly: 0 }, conflictlock: { probably: 0, possibly: 0 }, condvar_deadlock: { probably: 0, possibly: 0 }, atomicity_violation: { possibly: 1 }, invalid_free: { possibly: 0 }, use_after_free: { possibly: 0 }\n[2024-12-04T20:53:31Z WARN  lockbud::callbacks] [\n      {\n        \"AtomicityViolation\": {\n          \"bug_kind\": \"AtomicityViolation\",\n          \"possibility\": \"Possibly\",\n          \"diagnosis\": {\n            \"fn_name\": \"regex_automata::util::pool::inner::Pool::<T, F>::get\",\n            \"atomic_reader\": \"/home/runner/.cargo/registry/src/index.crates.io-6f17d22bba15001f/regex-automata-0.4.9/src/util/pool.rs:525:25: 525:59 (#0)\",\n            \"atomic_writer\": \"/home/runner/.cargo/registry/src/index.crates.io-6f17d22bba15001f/regex-automata-0.4.9/src/util/pool.rs:530:17: 530:69 (#0)\",\n            \"dep_kind\": \"Control\"\n          },\n          \"explanation\": \"atomic::store is data/control dependent on atomic::load\"\n        }\n      }\n    ]\n[2024-12-04T20:53:31Z WARN  lockbud::callbacks] crate bindgen contains bugs: { probably: 0, possibly: 0 }, conflictlock: { probably: 0, possibly: 0 }, condvar_deadlock: { probably: 0, possibly: 0 }, atomicity_violation: { possibly: 1 }, invalid_free: { possibly: 0 }, use_after_free: { possibly: 0 }"]}},{"file":"[outdated direct dependencies]","count":1,"kinds":{"Outdated":["pkg=axlibc, checker=Outdated\ntoolchain=nightly-2024-05-02, target=aarch64-unknown-none\npkg_dir=/home/runner/check/batch_1/Starry-OS/Starry-New/ulib/axlibc\ncmd=cargo +nightly-2024-12-26-x86_64-unknown-linux-gnu outdated -R --exit-code=2\n\nName     Project  Compat  Latest  Kind   Platform\n----     -------  ------  ------  ----   --------\nbindgen  0.69.5   ---     0.71.1  Build  ---\n"]}},{"file":"[semver checks]","count":1,"kinds":{"Semver Violation":["pkg=axlibc, checker=SemverChecks\ntoolchain=nightly-2024-05-02, target=aarch64-unknown-none\npkg_dir=/home/runner/check/batch_1/Starry-OS/Starry-New/ulib/axlibc\ncmd=cargo +nightly-2024-12-26-x86_64-unknown-linux-gnu semver-checks --target aarch64-unknown-none\n\n\nstdout:\n\nstderr:\n    Building axlibc v0.1.0 (current)\nerror: running cargo-doc on crate 'axlibc' failed with output:\n-----\nerror: output of --print=file-names missing when learning about target-specific information from rustc\ncommand was: `/home/runner/.rustup/toolchains/nightly-2024-12-26-x86_64-unknown-linux-gnu/bin/rustc - --crate-name ___ --print=file-names --cap-lints=allow --target aarch64-unknown-none --crate-type bin --crate-type rlib --crate-type dylib --crate-type cdylib --crate-type staticlib --crate-type proc-macro --print=sysroot --print=split-debuginfo --print=crate-name --print=cfg`\n\n--- stdout\n___\nlib___.rlib\nlib___.a\n/home/runner/.rustup/toolchains/nightly-2024-12-26-x86_64-unknown-linux-gnu\noff\n___\ndebug_assertions\nfmt_debug=\"full\"\noverflow_checks\npanic=\"abort\"\nproc_macro\nrelocation_model=\"static\"\ntarget_abi=\"\"\ntarget_arch=\"aarch64\"\ntarget_endian=\"little\"\ntarget_env=\"\"\ntarget_feature=\"neon\"\ntarget_has_atomic\ntarget_has_atomic=\"128\"\ntarget_has_atomic=\"16\"\ntarget_has_atomic=\"32\"\ntarget_has_atomic=\"64\"\ntarget_has_atomic=\"8\"\ntarget_has_atomic=\"ptr\"\ntarget_has_atomic_equal_alignment=\"128\"\ntarget_has_atomic_equal_alignment=\"16\"\ntarget_has_atomic_equal_alignment=\"32\"\ntarget_has_atomic_equal_alignment=\"64\"\ntarget_has_atomic_equal_alignment=\"8\"\ntarget_has_atomic_equal_alignment=\"ptr\"\ntarget_has_atomic_load_store\ntarget_has_atomic_load_store=\"128\"\ntarget_has_atomic_load_store=\"16\"\ntarget_has_atomic_load_store=\"32\"\ntarget_has_atomic_load_store=\"64\"\ntarget_has_atomic_load_store=\"8\"\ntarget_has_atomic_load_store=\"ptr\"\ntarget_os=\"none\"\ntarget_pointer_width=\"64\"\ntarget_vendor=\"unknown\"\nub_checks\n\n\n-----\n\nerror: failed to build rustdoc for crate axlibc v0.1.0\nnote: this is usually due to a compilation error in the crate,\n      and is unlikely to be a bug in cargo-semver-checks\nnote: the following command can be used to reproduce the compilation error:\n      cargo new --lib example &&\n          cd example &&\n          echo '[workspace]' >> Cargo.toml &&\n          cargo add --path /home/runner/check/batch_1/Starry-OS/Starry-New/ulib/axlibc --features alloc,default,epoll,fd,fp_simd,fs,irq,multitask,net,pipe,sched_cfs,sched_rr,select,smp,tls &&\n          cargo check\n\nerror: aborting due to failure to build rustdoc for crate axlibc v0.1.0\n"]}}]},{"user":"Starry-OS","repo":"Starry-New","pkg":"axlog","count":5,"raw_reports":[{"file":"(virtual) rap","count":1,"kinds":{"Cargo":["// pkg_name=axlog, checker=Rap\n// toolchain=nightly-2024-05-02, target=aarch64-unknown-none\n// pkg_dir=/home/runner/check/batch_1/Starry-OS/Starry-New/modules/axlog\n// cmd=cargo +nightly-2024-10-12 rap -F -M -- --target aarch64-unknown-none\n// timestamp=2024-12-27 5:40:50.258357807 +08:00:00\n Downloading crates ...\n  Downloaded iana-time-zone v0.1.61\n  Downloaded chrono v0.4.38\n   Compiling hashbrown v0.15.2\n   Compiling serde v1.0.215\n   Compiling equivalent v1.0.1\n   Compiling winnow v0.6.20\n   Compiling toml_datetime v0.6.8\n   Compiling proc-macro2 v1.0.92\n   Compiling indexmap v2.7.0\n   Compiling taskctx v0.1.0 (https://github.com/Starry-OS/taskctx.git#3c3ad2fb)\n   Compiling unicode-ident v1.0.14\n    Checking tock-registers v0.8.1\nerror[E0463]: can't find crate for `core`\n  |\n  = note: the `aarch64-unknown-none` target may not be installed\n  = help: consider downloading the target with `rustup target add aarch64-unknown-none`\n  = help: consider building the standard library from source with `cargo build -Zbuild-std`\n\nFor more information about this error, try `rustc --explain E0463`.\nerror: could not compile `tock-registers` (lib) due to 1 previous error\nwarning: build failed, waiting for other jobs to finish...\n21:40:53|RAP|ERROR|: Finished with non-zero exit code.\n"]}},{"file":"(virtual) semver-checks","count":1,"kinds":{"Cargo":["// pkg_name=axlog, checker=SemverChecks\n// toolchain=nightly-2024-05-02, target=aarch64-unknown-none\n// pkg_dir=/home/runner/check/batch_1/Starry-OS/Starry-New/modules/axlog\n// cmd=cargo +nightly-2024-12-26-x86_64-unknown-linux-gnu semver-checks --target aarch64-unknown-none\n// timestamp=2024-12-28 11:04:05.415985499 +08:00:00\n    Building axlog v0.1.0 (current)\nerror: running cargo-doc on crate 'axlog' failed with output:\n-----\nerror: output of --print=file-names missing when learning about target-specific information from rustc\ncommand was: `/home/runner/.rustup/toolchains/nightly-2024-12-26-x86_64-unknown-linux-gnu/bin/rustc - --crate-name ___ --print=file-names --cap-lints=allow --target aarch64-unknown-none --crate-type bin --crate-type rlib --crate-type dylib --crate-type cdylib --crate-type staticlib --crate-type proc-macro --print=sysroot --print=split-debuginfo --print=crate-name --print=cfg`\n\n--- stdout\n___\nlib___.rlib\nlib___.a\n/home/runner/.rustup/toolchains/nightly-2024-12-26-x86_64-unknown-linux-gnu\noff\n___\ndebug_assertions\nfmt_debug=\"full\"\noverflow_checks\npanic=\"abort\"\nproc_macro\nrelocation_model=\"static\"\ntarget_abi=\"\"\ntarget_arch=\"aarch64\"\ntarget_endian=\"little\"\ntarget_env=\"\"\ntarget_feature=\"neon\"\ntarget_has_atomic\ntarget_has_atomic=\"128\"\ntarget_has_atomic=\"16\"\ntarget_has_atomic=\"32\"\ntarget_has_atomic=\"64\"\ntarget_has_atomic=\"8\"\ntarget_has_atomic=\"ptr\"\ntarget_has_atomic_equal_alignment=\"128\"\ntarget_has_atomic_equal_alignment=\"16\"\ntarget_has_atomic_equal_alignment=\"32\"\ntarget_has_atomic_equal_alignment=\"64\"\ntarget_has_atomic_equal_alignment=\"8\"\ntarget_has_atomic_equal_alignment=\"ptr\"\ntarget_has_atomic_load_store\ntarget_has_atomic_load_store=\"128\"\ntarget_has_atomic_load_store=\"16\"\ntarget_has_atomic_load_store=\"32\"\ntarget_has_atomic_load_store=\"64\"\ntarget_has_atomic_load_store=\"8\"\ntarget_has_atomic_load_store=\"ptr\"\ntarget_os=\"none\"\ntarget_pointer_width=\"64\"\ntarget_vendor=\"unknown\"\nub_checks\n\n\n-----\n\nerror: failed to build rustdoc for crate axlog v0.1.0\nnote: this is usually due to a compilation error in the crate,\n      and is unlikely to be a bug in cargo-semver-checks\nnote: the following command can be used to reproduce the compilation error:\n      cargo new --lib example &&\n          cd example &&\n          echo '[workspace]' >> Cargo.toml &&\n          cargo add --path /home/runner/check/batch_1/Starry-OS/Starry-New/modules/axlog --features default,log-level-debug,log-level-error,log-level-info,log-level-off,log-level-trace,log-level-warn,std &&\n          cargo check\n\nerror: aborting due to failure to build rustdoc for crate axlog v0.1.0\n"]}},{"file":"[lockbud] Not supported to display yet.","count":1,"kinds":{"Lockbud(Possibly)":["[2024-12-04T20:52:31Z WARN  lockbud::callbacks] [\n      {\n        \"AtomicityViolation\": {\n          \"bug_kind\": \"AtomicityViolation\",\n          \"possibility\": \"Possibly\",\n          \"diagnosis\": {\n            \"fn_name\": \"set_logger_racy\",\n            \"atomic_reader\": \"/home/runner/.cargo/registry/src/index.crates.io-6f17d22bba15001f/log-0.4.21/src/lib.rs:1408:11: 1408:39 (#0)\",\n            \"atomic_writer\": \"/home/runner/.cargo/registry/src/index.crates.io-6f17d22bba15001f/log-0.4.21/src/lib.rs:1411:13: 1411:55 (#0)\",\n            \"dep_kind\": \"Control\"\n          },\n          \"explanation\": \"atomic::store is data/control dependent on atomic::load\"\n        }\n      }\n    ]\n[2024-12-04T20:52:31Z WARN  lockbud::callbacks] crate log contains bugs: { probably: 0, possibly: 0 }, conflictlock: { probably: 0, possibly: 0 }, condvar_deadlock: { probably: 0, possibly: 0 }, atomicity_violation: { possibly: 1 }, invalid_free: { possibly: 0 }, use_after_free: { possibly: 0 }"]}},{"file":"[outdated direct dependencies]","count":1,"kinds":{"Outdated":["pkg=axlog, checker=Outdated\ntoolchain=nightly-2024-05-02, target=aarch64-unknown-none\npkg_dir=/home/runner/check/batch_1/Starry-OS/Starry-New/modules/axlog\ncmd=cargo +nightly-2024-12-26-x86_64-unknown-linux-gnu outdated -R --exit-code=2\n\nName    Project  Compat  Latest  Kind    Platform\n----    -------  ------  ------  ----    --------\nchrono  0.4.38   0.4.39  0.4.39  Normal  ---\nlog     0.4.21   0.4.22  0.4.22  Normal  ---\n"]}},{"file":"[semver checks]","count":1,"kinds":{"Semver Violation":["pkg=axlog, checker=SemverChecks\ntoolchain=nightly-2024-05-02, target=aarch64-unknown-none\npkg_dir=/home/runner/check/batch_1/Starry-OS/Starry-New/modules/axlog\ncmd=cargo +nightly-2024-12-26-x86_64-unknown-linux-gnu semver-checks --target aarch64-unknown-none\n\n\nstdout:\n\nstderr:\n    Building axlog v0.1.0 (current)\nerror: running cargo-doc on crate 'axlog' failed with output:\n-----\nerror: output of --print=file-names missing when learning about target-specific information from rustc\ncommand was: `/home/runner/.rustup/toolchains/nightly-2024-12-26-x86_64-unknown-linux-gnu/bin/rustc - --crate-name ___ --print=file-names --cap-lints=allow --target aarch64-unknown-none --crate-type bin --crate-type rlib --crate-type dylib --crate-type cdylib --crate-type staticlib --crate-type proc-macro --print=sysroot --print=split-debuginfo --print=crate-name --print=cfg`\n\n--- stdout\n___\nlib___.rlib\nlib___.a\n/home/runner/.rustup/toolchains/nightly-2024-12-26-x86_64-unknown-linux-gnu\noff\n___\ndebug_assertions\nfmt_debug=\"full\"\noverflow_checks\npanic=\"abort\"\nproc_macro\nrelocation_model=\"static\"\ntarget_abi=\"\"\ntarget_arch=\"aarch64\"\ntarget_endian=\"little\"\ntarget_env=\"\"\ntarget_feature=\"neon\"\ntarget_has_atomic\ntarget_has_atomic=\"128\"\ntarget_has_atomic=\"16\"\ntarget_has_atomic=\"32\"\ntarget_has_atomic=\"64\"\ntarget_has_atomic=\"8\"\ntarget_has_atomic=\"ptr\"\ntarget_has_atomic_equal_alignment=\"128\"\ntarget_has_atomic_equal_alignment=\"16\"\ntarget_has_atomic_equal_alignment=\"32\"\ntarget_has_atomic_equal_alignment=\"64\"\ntarget_has_atomic_equal_alignment=\"8\"\ntarget_has_atomic_equal_alignment=\"ptr\"\ntarget_has_atomic_load_store\ntarget_has_atomic_load_store=\"128\"\ntarget_has_atomic_load_store=\"16\"\ntarget_has_atomic_load_store=\"32\"\ntarget_has_atomic_load_store=\"64\"\ntarget_has_atomic_load_store=\"8\"\ntarget_has_atomic_load_store=\"ptr\"\ntarget_os=\"none\"\ntarget_pointer_width=\"64\"\ntarget_vendor=\"unknown\"\nub_checks\n\n\n-----\n\nerror: failed to build rustdoc for crate axlog v0.1.0\nnote: this is usually due to a compilation error in the crate,\n      and is unlikely to be a bug in cargo-semver-checks\nnote: the following command can be used to reproduce the compilation error:\n      cargo new --lib example &&\n          cd example &&\n          echo '[workspace]' >> Cargo.toml &&\n          cargo add --path /home/runner/check/batch_1/Starry-OS/Starry-New/modules/axlog --features default,log-level-debug,log-level-error,log-level-info,log-level-off,log-level-trace,log-level-warn,std &&\n          cargo check\n\nerror: aborting due to failure to build rustdoc for crate axlog v0.1.0\n"]}}]},{"user":"Starry-OS","repo":"Starry-New","pkg":"axmem","count":5,"raw_reports":[{"file":"(virtual) rap","count":1,"kinds":{"Cargo":["// pkg_name=axmem, checker=Rap\n// toolchain=nightly-2024-05-02, target=aarch64-unknown-none\n// pkg_dir=/home/runner/check/batch_1/Starry-OS/Starry-New/modules/axmem\n// cmd=cargo +nightly-2024-10-12 rap -F -M -- --target aarch64-unknown-none\n// timestamp=2024-12-27 5:41:02.320760946 +08:00:00\n    Checking log v0.4.21\n   Compiling equivalent v1.0.1\n   Compiling proc-macro2 v1.0.92\n   Compiling hashbrown v0.15.2\nerror[E0463]: can't find crate for `core`\n  |\n  = note: the `aarch64-unknown-none` target may not be installed\n  = help: consider downloading the target with `rustup target add aarch64-unknown-none`\n  = help: consider building the standard library from source with `cargo build -Zbuild-std`\n\nFor more information about this error, try `rustc --explain E0463`.\nerror: could not compile `log` (lib) due to 1 previous error\nwarning: build failed, waiting for other jobs to finish...\n21:41:03|RAP|ERROR|: Finished with non-zero exit code.\n"]}},{"file":"(virtual) semver-checks","count":1,"kinds":{"Cargo":["// pkg_name=axmem, checker=SemverChecks\n// toolchain=nightly-2024-05-02, target=aarch64-unknown-none\n// pkg_dir=/home/runner/check/batch_1/Starry-OS/Starry-New/modules/axmem\n// cmd=cargo +nightly-2024-12-26-x86_64-unknown-linux-gnu semver-checks --target aarch64-unknown-none\n// timestamp=2024-12-28 11:04:10.908947869 +08:00:00\n    Building axmem v0.1.0 (current)\nerror: running cargo-doc on crate 'axmem' failed with output:\n-----\nerror: output of --print=file-names missing when learning about target-specific information from rustc\ncommand was: `/home/runner/.rustup/toolchains/nightly-2024-12-26-x86_64-unknown-linux-gnu/bin/rustc - --crate-name ___ --print=file-names --cap-lints=allow --target aarch64-unknown-none --crate-type bin --crate-type rlib --crate-type dylib --crate-type cdylib --crate-type staticlib --crate-type proc-macro --print=sysroot --print=split-debuginfo --print=crate-name --print=cfg`\n\n--- stdout\n___\nlib___.rlib\nlib___.a\n/home/runner/.rustup/toolchains/nightly-2024-12-26-x86_64-unknown-linux-gnu\noff\n___\ndebug_assertions\nfmt_debug=\"full\"\noverflow_checks\npanic=\"abort\"\nproc_macro\nrelocation_model=\"static\"\ntarget_abi=\"\"\ntarget_arch=\"aarch64\"\ntarget_endian=\"little\"\ntarget_env=\"\"\ntarget_feature=\"neon\"\ntarget_has_atomic\ntarget_has_atomic=\"128\"\ntarget_has_atomic=\"16\"\ntarget_has_atomic=\"32\"\ntarget_has_atomic=\"64\"\ntarget_has_atomic=\"8\"\ntarget_has_atomic=\"ptr\"\ntarget_has_atomic_equal_alignment=\"128\"\ntarget_has_atomic_equal_alignment=\"16\"\ntarget_has_atomic_equal_alignment=\"32\"\ntarget_has_atomic_equal_alignment=\"64\"\ntarget_has_atomic_equal_alignment=\"8\"\ntarget_has_atomic_equal_alignment=\"ptr\"\ntarget_has_atomic_load_store\ntarget_has_atomic_load_store=\"128\"\ntarget_has_atomic_load_store=\"16\"\ntarget_has_atomic_load_store=\"32\"\ntarget_has_atomic_load_store=\"64\"\ntarget_has_atomic_load_store=\"8\"\ntarget_has_atomic_load_store=\"ptr\"\ntarget_os=\"none\"\ntarget_pointer_width=\"64\"\ntarget_vendor=\"unknown\"\nub_checks\n\n\n-----\n\nerror: failed to build rustdoc for crate axmem v0.1.0\nnote: this is usually due to a compilation error in the crate,\n      and is unlikely to be a bug in cargo-semver-checks\nnote: the following command can be used to reproduce the compilation error:\n      cargo new --lib example &&\n          cd example &&\n          echo '[workspace]' >> Cargo.toml &&\n          cargo add --path /home/runner/check/batch_1/Starry-OS/Starry-New/modules/axmem --features default,monolithic &&\n          cargo check\n\nerror: aborting due to failure to build rustdoc for crate axmem v0.1.0\n"]}},{"file":"[lockbud] Not supported to display yet.","count":1,"kinds":{"Lockbud(Possibly)":["[2024-12-04T20:52:31Z WARN  lockbud::callbacks] [\n      {\n        \"AtomicityViolation\": {\n          \"bug_kind\": \"AtomicityViolation\",\n          \"possibility\": \"Possibly\",\n          \"diagnosis\": {\n            \"fn_name\": \"set_logger_racy\",\n            \"atomic_reader\": \"/home/runner/.cargo/registry/src/index.crates.io-6f17d22bba15001f/log-0.4.21/src/lib.rs:1408:11: 1408:39 (#0)\",\n            \"atomic_writer\": \"/home/runner/.cargo/registry/src/index.crates.io-6f17d22bba15001f/log-0.4.21/src/lib.rs:1411:13: 1411:55 (#0)\",\n            \"dep_kind\": \"Control\"\n          },\n          \"explanation\": \"atomic::store is data/control dependent on atomic::load\"\n        }\n      }\n    ]\n[2024-12-04T20:52:31Z WARN  lockbud::callbacks] crate log contains bugs: { probably: 0, possibly: 0 }, conflictlock: { probably: 0, possibly: 0 }, condvar_deadlock: { probably: 0, possibly: 0 }, atomicity_violation: { possibly: 1 }, invalid_free: { possibly: 0 }, use_after_free: { possibly: 0 }"]}},{"file":"[outdated direct dependencies]","count":1,"kinds":{"Outdated":["pkg=axmem, checker=Outdated\ntoolchain=nightly-2024-05-02, target=aarch64-unknown-none\npkg_dir=/home/runner/check/batch_1/Starry-OS/Starry-New/modules/axmem\ncmd=cargo +nightly-2024-12-26-x86_64-unknown-linux-gnu outdated -R --exit-code=2\n\nName   Project  Compat  Latest  Kind    Platform\n----   -------  ------  ------  ----    --------\nlog    0.4.21   0.4.22  0.4.22  Normal  ---\nriscv  0.10.1   ---     0.12.1  Normal  ---\n"]}},{"file":"[semver checks]","count":1,"kinds":{"Semver Violation":["pkg=axmem, checker=SemverChecks\ntoolchain=nightly-2024-05-02, target=aarch64-unknown-none\npkg_dir=/home/runner/check/batch_1/Starry-OS/Starry-New/modules/axmem\ncmd=cargo +nightly-2024-12-26-x86_64-unknown-linux-gnu semver-checks --target aarch64-unknown-none\n\n\nstdout:\n\nstderr:\n    Building axmem v0.1.0 (current)\nerror: running cargo-doc on crate 'axmem' failed with output:\n-----\nerror: output of --print=file-names missing when learning about target-specific information from rustc\ncommand was: `/home/runner/.rustup/toolchains/nightly-2024-12-26-x86_64-unknown-linux-gnu/bin/rustc - --crate-name ___ --print=file-names --cap-lints=allow --target aarch64-unknown-none --crate-type bin --crate-type rlib --crate-type dylib --crate-type cdylib --crate-type staticlib --crate-type proc-macro --print=sysroot --print=split-debuginfo --print=crate-name --print=cfg`\n\n--- stdout\n___\nlib___.rlib\nlib___.a\n/home/runner/.rustup/toolchains/nightly-2024-12-26-x86_64-unknown-linux-gnu\noff\n___\ndebug_assertions\nfmt_debug=\"full\"\noverflow_checks\npanic=\"abort\"\nproc_macro\nrelocation_model=\"static\"\ntarget_abi=\"\"\ntarget_arch=\"aarch64\"\ntarget_endian=\"little\"\ntarget_env=\"\"\ntarget_feature=\"neon\"\ntarget_has_atomic\ntarget_has_atomic=\"128\"\ntarget_has_atomic=\"16\"\ntarget_has_atomic=\"32\"\ntarget_has_atomic=\"64\"\ntarget_has_atomic=\"8\"\ntarget_has_atomic=\"ptr\"\ntarget_has_atomic_equal_alignment=\"128\"\ntarget_has_atomic_equal_alignment=\"16\"\ntarget_has_atomic_equal_alignment=\"32\"\ntarget_has_atomic_equal_alignment=\"64\"\ntarget_has_atomic_equal_alignment=\"8\"\ntarget_has_atomic_equal_alignment=\"ptr\"\ntarget_has_atomic_load_store\ntarget_has_atomic_load_store=\"128\"\ntarget_has_atomic_load_store=\"16\"\ntarget_has_atomic_load_store=\"32\"\ntarget_has_atomic_load_store=\"64\"\ntarget_has_atomic_load_store=\"8\"\ntarget_has_atomic_load_store=\"ptr\"\ntarget_os=\"none\"\ntarget_pointer_width=\"64\"\ntarget_vendor=\"unknown\"\nub_checks\n\n\n-----\n\nerror: failed to build rustdoc for crate axmem v0.1.0\nnote: this is usually due to a compilation error in the crate,\n      and is unlikely to be a bug in cargo-semver-checks\nnote: the following command can be used to reproduce the compilation error:\n      cargo new --lib example &&\n          cd example &&\n          echo '[workspace]' >> Cargo.toml &&\n          cargo add --path /home/runner/check/batch_1/Starry-OS/Starry-New/modules/axmem --features default,monolithic &&\n          cargo check\n\nerror: aborting due to failure to build rustdoc for crate axmem v0.1.0\n"]}}]},{"user":"Starry-OS","repo":"Starry-New","pkg":"axtask","count":5,"raw_reports":[{"file":"(virtual) rap","count":1,"kinds":{"Cargo":["// pkg_name=axtask, checker=Rap\n// toolchain=nightly-2024-05-02, target=aarch64-unknown-none\n// pkg_dir=/home/runner/check/batch_1/Starry-OS/Starry-New/modules/axtask\n// cmd=cargo +nightly-2024-10-12 rap -F -M -- --target aarch64-unknown-none\n// timestamp=2024-12-27 5:42:08.694011318 +08:00:00\n   Compiling equivalent v1.0.1\n   Compiling hashbrown v0.15.2\n   Compiling serde v1.0.215\n   Compiling winnow v0.6.20\n   Compiling toml_datetime v0.6.8\n    Checking tock-registers v0.8.1\nerror[E0463]: can't find crate for `core`\n  |\n  = note: the `aarch64-unknown-none` target may not be installed\n  = help: consider downloading the target with `rustup target add aarch64-unknown-none`\n  = help: consider building the standard library from source with `cargo build -Zbuild-std`\n\nFor more information about this error, try `rustc --explain E0463`.\nerror: could not compile `tock-registers` (lib) due to 1 previous error\nwarning: build failed, waiting for other jobs to finish...\n21:42:11|RAP|ERROR|: Finished with non-zero exit code.\n"]}},{"file":"(virtual) semver-checks","count":1,"kinds":{"Cargo":["// pkg_name=axtask, checker=SemverChecks\n// toolchain=nightly-2024-05-02, target=aarch64-unknown-none\n// pkg_dir=/home/runner/check/batch_1/Starry-OS/Starry-New/modules/axtask\n// cmd=cargo +nightly-2024-12-26-x86_64-unknown-linux-gnu semver-checks --target aarch64-unknown-none\n// timestamp=2024-12-28 11:05:28.324909374 +08:00:00\n    Building axtask v0.1.0 (current)\nerror: running cargo-doc on crate 'axtask' failed with output:\n-----\nerror: output of --print=file-names missing when learning about target-specific information from rustc\ncommand was: `/home/runner/.rustup/toolchains/nightly-2024-12-26-x86_64-unknown-linux-gnu/bin/rustc - --crate-name ___ --print=file-names --cap-lints=allow --target aarch64-unknown-none --crate-type bin --crate-type rlib --crate-type dylib --crate-type cdylib --crate-type staticlib --crate-type proc-macro --print=sysroot --print=split-debuginfo --print=crate-name --print=cfg`\n\n--- stdout\n___\nlib___.rlib\nlib___.a\n/home/runner/.rustup/toolchains/nightly-2024-12-26-x86_64-unknown-linux-gnu\noff\n___\ndebug_assertions\nfmt_debug=\"full\"\noverflow_checks\npanic=\"abort\"\nproc_macro\nrelocation_model=\"static\"\ntarget_abi=\"\"\ntarget_arch=\"aarch64\"\ntarget_endian=\"little\"\ntarget_env=\"\"\ntarget_feature=\"neon\"\ntarget_has_atomic\ntarget_has_atomic=\"128\"\ntarget_has_atomic=\"16\"\ntarget_has_atomic=\"32\"\ntarget_has_atomic=\"64\"\ntarget_has_atomic=\"8\"\ntarget_has_atomic=\"ptr\"\ntarget_has_atomic_equal_alignment=\"128\"\ntarget_has_atomic_equal_alignment=\"16\"\ntarget_has_atomic_equal_alignment=\"32\"\ntarget_has_atomic_equal_alignment=\"64\"\ntarget_has_atomic_equal_alignment=\"8\"\ntarget_has_atomic_equal_alignment=\"ptr\"\ntarget_has_atomic_load_store\ntarget_has_atomic_load_store=\"128\"\ntarget_has_atomic_load_store=\"16\"\ntarget_has_atomic_load_store=\"32\"\ntarget_has_atomic_load_store=\"64\"\ntarget_has_atomic_load_store=\"8\"\ntarget_has_atomic_load_store=\"ptr\"\ntarget_os=\"none\"\ntarget_pointer_width=\"64\"\ntarget_vendor=\"unknown\"\nub_checks\n\n\n-----\n\nerror: failed to build rustdoc for crate axtask v0.1.0\nnote: this is usually due to a compilation error in the crate,\n      and is unlikely to be a bug in cargo-semver-checks\nnote: the following command can be used to reproduce the compilation error:\n      cargo new --lib example &&\n          cd example &&\n          echo '[workspace]' >> Cargo.toml &&\n          cargo add --path /home/runner/check/batch_1/Starry-OS/Starry-New/modules/axtask --features default,irq,kernel_guard,monolithic,multitask,preempt,sched_cfs,sched_fifo,sched_rr,test,tls &&\n          cargo check\n\nerror: aborting due to failure to build rustdoc for crate axtask v0.1.0\n"]}},{"file":"[lockbud] Not supported to display yet.","count":1,"kinds":{"Lockbud(Possibly)":["[2024-12-04T20:52:31Z WARN  lockbud::callbacks] [\n      {\n        \"AtomicityViolation\": {\n          \"bug_kind\": \"AtomicityViolation\",\n          \"possibility\": \"Possibly\",\n          \"diagnosis\": {\n            \"fn_name\": \"set_logger_racy\",\n            \"atomic_reader\": \"/home/runner/.cargo/registry/src/index.crates.io-6f17d22bba15001f/log-0.4.21/src/lib.rs:1408:11: 1408:39 (#0)\",\n            \"atomic_writer\": \"/home/runner/.cargo/registry/src/index.crates.io-6f17d22bba15001f/log-0.4.21/src/lib.rs:1411:13: 1411:55 (#0)\",\n            \"dep_kind\": \"Control\"\n          },\n          \"explanation\": \"atomic::store is data/control dependent on atomic::load\"\n        }\n      }\n    ]\n[2024-12-04T20:52:31Z WARN  lockbud::callbacks] crate log contains bugs: { probably: 0, possibly: 0 }, conflictlock: { probably: 0, possibly: 0 }, condvar_deadlock: { probably: 0, possibly: 0 }, atomicity_violation: { possibly: 1 }, invalid_free: { possibly: 0 }, use_after_free: { possibly: 0 }"]}},{"file":"[outdated direct dependencies]","count":1,"kinds":{"Outdated":["pkg=axtask, checker=Outdated\ntoolchain=nightly-2024-05-02, target=aarch64-unknown-none\npkg_dir=/home/runner/check/batch_1/Starry-OS/Starry-New/modules/axtask\ncmd=cargo +nightly-2024-12-26-x86_64-unknown-linux-gnu outdated -R --exit-code=2\n\nName  Project  Compat  Latest  Kind    Platform\n----  -------  ------  ------  ----    --------\nlog   0.4.21   0.4.22  0.4.22  Normal  ---\n"]}},{"file":"[semver checks]","count":1,"kinds":{"Semver Violation":["pkg=axtask, checker=SemverChecks\ntoolchain=nightly-2024-05-02, target=aarch64-unknown-none\npkg_dir=/home/runner/check/batch_1/Starry-OS/Starry-New/modules/axtask\ncmd=cargo +nightly-2024-12-26-x86_64-unknown-linux-gnu semver-checks --target aarch64-unknown-none\n\n\nstdout:\n\nstderr:\n    Building axtask v0.1.0 (current)\nerror: running cargo-doc on crate 'axtask' failed with output:\n-----\nerror: output of --print=file-names missing when learning about target-specific information from rustc\ncommand was: `/home/runner/.rustup/toolchains/nightly-2024-12-26-x86_64-unknown-linux-gnu/bin/rustc - --crate-name ___ --print=file-names --cap-lints=allow --target aarch64-unknown-none --crate-type bin --crate-type rlib --crate-type dylib --crate-type cdylib --crate-type staticlib --crate-type proc-macro --print=sysroot --print=split-debuginfo --print=crate-name --print=cfg`\n\n--- stdout\n___\nlib___.rlib\nlib___.a\n/home/runner/.rustup/toolchains/nightly-2024-12-26-x86_64-unknown-linux-gnu\noff\n___\ndebug_assertions\nfmt_debug=\"full\"\noverflow_checks\npanic=\"abort\"\nproc_macro\nrelocation_model=\"static\"\ntarget_abi=\"\"\ntarget_arch=\"aarch64\"\ntarget_endian=\"little\"\ntarget_env=\"\"\ntarget_feature=\"neon\"\ntarget_has_atomic\ntarget_has_atomic=\"128\"\ntarget_has_atomic=\"16\"\ntarget_has_atomic=\"32\"\ntarget_has_atomic=\"64\"\ntarget_has_atomic=\"8\"\ntarget_has_atomic=\"ptr\"\ntarget_has_atomic_equal_alignment=\"128\"\ntarget_has_atomic_equal_alignment=\"16\"\ntarget_has_atomic_equal_alignment=\"32\"\ntarget_has_atomic_equal_alignment=\"64\"\ntarget_has_atomic_equal_alignment=\"8\"\ntarget_has_atomic_equal_alignment=\"ptr\"\ntarget_has_atomic_load_store\ntarget_has_atomic_load_store=\"128\"\ntarget_has_atomic_load_store=\"16\"\ntarget_has_atomic_load_store=\"32\"\ntarget_has_atomic_load_store=\"64\"\ntarget_has_atomic_load_store=\"8\"\ntarget_has_atomic_load_store=\"ptr\"\ntarget_os=\"none\"\ntarget_pointer_width=\"64\"\ntarget_vendor=\"unknown\"\nub_checks\n\n\n-----\n\nerror: failed to build rustdoc for crate axtask v0.1.0\nnote: this is usually due to a compilation error in the crate,\n      and is unlikely to be a bug in cargo-semver-checks\nnote: the following command can be used to reproduce the compilation error:\n      cargo new --lib example &&\n          cd example &&\n          echo '[workspace]' >> Cargo.toml &&\n          cargo add --path /home/runner/check/batch_1/Starry-OS/Starry-New/modules/axtask --features default,irq,kernel_guard,monolithic,multitask,preempt,sched_cfs,sched_fifo,sched_rr,test,tls &&\n          cargo check\n\nerror: aborting due to failure to build rustdoc for crate axtask v0.1.0\n"]}}]},{"user":"Starry-OS","repo":"Starry-New","pkg":"axtrap","count":5,"raw_reports":[{"file":"(virtual) rap","count":1,"kinds":{"Cargo":["// pkg_name=axtrap, checker=Rap\n// toolchain=nightly-2024-05-02, target=aarch64-unknown-none\n// pkg_dir=/home/runner/check/batch_1/Starry-OS/Starry-New/modules/axtrap\n// cmd=cargo +nightly-2024-10-12 rap -F -M -- --target aarch64-unknown-none\n// timestamp=2024-12-27 5:42:19.31853462 +08:00:00\n   Compiling serde v1.0.215\n   Compiling equivalent v1.0.1\n   Compiling hashbrown v0.15.2\n   Compiling winnow v0.6.20\n   Compiling toml_datetime v0.6.8\n    Checking tock-registers v0.8.1\nerror[E0463]: can't find crate for `core`\n  |\n  = note: the `aarch64-unknown-none` target may not be installed\n  = help: consider downloading the target with `rustup target add aarch64-unknown-none`\n  = help: consider building the standard library from source with `cargo build -Zbuild-std`\n\nFor more information about this error, try `rustc --explain E0463`.\nerror: could not compile `tock-registers` (lib) due to 1 previous error\nwarning: build failed, waiting for other jobs to finish...\n21:42:21|RAP|ERROR|: Finished with non-zero exit code.\n"]}},{"file":"(virtual) semver-checks","count":1,"kinds":{"Cargo":["// pkg_name=axtrap, checker=SemverChecks\n// toolchain=nightly-2024-05-02, target=aarch64-unknown-none\n// pkg_dir=/home/runner/check/batch_1/Starry-OS/Starry-New/modules/axtrap\n// cmd=cargo +nightly-2024-12-26-x86_64-unknown-linux-gnu semver-checks --target aarch64-unknown-none\n// timestamp=2024-12-28 11:05:36.616024267 +08:00:00\n    Building axtrap v0.1.0 (current)\nerror: running cargo-doc on crate 'axtrap' failed with output:\n-----\nerror: output of --print=file-names missing when learning about target-specific information from rustc\ncommand was: `/home/runner/.rustup/toolchains/nightly-2024-12-26-x86_64-unknown-linux-gnu/bin/rustc - --crate-name ___ --print=file-names --cap-lints=allow --target aarch64-unknown-none --crate-type bin --crate-type rlib --crate-type dylib --crate-type cdylib --crate-type staticlib --crate-type proc-macro --print=sysroot --print=split-debuginfo --print=crate-name --print=cfg`\n\n--- stdout\n___\nlib___.rlib\nlib___.a\n/home/runner/.rustup/toolchains/nightly-2024-12-26-x86_64-unknown-linux-gnu\noff\n___\ndebug_assertions\nfmt_debug=\"full\"\noverflow_checks\npanic=\"abort\"\nproc_macro\nrelocation_model=\"static\"\ntarget_abi=\"\"\ntarget_arch=\"aarch64\"\ntarget_endian=\"little\"\ntarget_env=\"\"\ntarget_feature=\"neon\"\ntarget_has_atomic\ntarget_has_atomic=\"128\"\ntarget_has_atomic=\"16\"\ntarget_has_atomic=\"32\"\ntarget_has_atomic=\"64\"\ntarget_has_atomic=\"8\"\ntarget_has_atomic=\"ptr\"\ntarget_has_atomic_equal_alignment=\"128\"\ntarget_has_atomic_equal_alignment=\"16\"\ntarget_has_atomic_equal_alignment=\"32\"\ntarget_has_atomic_equal_alignment=\"64\"\ntarget_has_atomic_equal_alignment=\"8\"\ntarget_has_atomic_equal_alignment=\"ptr\"\ntarget_has_atomic_load_store\ntarget_has_atomic_load_store=\"128\"\ntarget_has_atomic_load_store=\"16\"\ntarget_has_atomic_load_store=\"32\"\ntarget_has_atomic_load_store=\"64\"\ntarget_has_atomic_load_store=\"8\"\ntarget_has_atomic_load_store=\"ptr\"\ntarget_os=\"none\"\ntarget_pointer_width=\"64\"\ntarget_vendor=\"unknown\"\nub_checks\n\n\n-----\n\nerror: failed to build rustdoc for crate axtrap v0.1.0\nnote: this is usually due to a compilation error in the crate,\n      and is unlikely to be a bug in cargo-semver-checks\nnote: the following command can be used to reproduce the compilation error:\n      cargo new --lib example &&\n          cd example &&\n          echo '[workspace]' >> Cargo.toml &&\n          cargo add --path /home/runner/check/batch_1/Starry-OS/Starry-New/modules/axtrap --features axtask,default,irq,monolithic,preempt &&\n          cargo check\n\nerror: aborting due to failure to build rustdoc for crate axtrap v0.1.0\n"]}},{"file":"[lockbud] Not supported to display yet.","count":1,"kinds":{"Lockbud(Possibly)":["[2024-12-04T20:52:31Z WARN  lockbud::callbacks] [\n      {\n        \"AtomicityViolation\": {\n          \"bug_kind\": \"AtomicityViolation\",\n          \"possibility\": \"Possibly\",\n          \"diagnosis\": {\n            \"fn_name\": \"set_logger_racy\",\n            \"atomic_reader\": \"/home/runner/.cargo/registry/src/index.crates.io-6f17d22bba15001f/log-0.4.21/src/lib.rs:1408:11: 1408:39 (#0)\",\n            \"atomic_writer\": \"/home/runner/.cargo/registry/src/index.crates.io-6f17d22bba15001f/log-0.4.21/src/lib.rs:1411:13: 1411:55 (#0)\",\n            \"dep_kind\": \"Control\"\n          },\n          \"explanation\": \"atomic::store is data/control dependent on atomic::load\"\n        }\n      }\n    ]\n[2024-12-04T20:52:31Z WARN  lockbud::callbacks] crate log contains bugs: { probably: 0, possibly: 0 }, conflictlock: { probably: 0, possibly: 0 }, condvar_deadlock: { probably: 0, possibly: 0 }, atomicity_violation: { possibly: 1 }, invalid_free: { possibly: 0 }, use_after_free: { possibly: 0 }"]}},{"file":"[outdated direct dependencies]","count":1,"kinds":{"Outdated":["pkg=axtrap, checker=Outdated\ntoolchain=nightly-2024-05-02, target=aarch64-unknown-none\npkg_dir=/home/runner/check/batch_1/Starry-OS/Starry-New/modules/axtrap\ncmd=cargo +nightly-2024-12-26-x86_64-unknown-linux-gnu outdated -R --exit-code=2\n\nName            Project  Compat  Latest  Kind    Platform\n----            -------  ------  ------  ----    --------\naarch64-cpu     9.4.0    ---     10.0.0  Normal  cfg(target_arch = \"aarch64\")\nlog             0.4.21   0.4.22  0.4.22  Normal  ---\nriscv           0.10.1   ---     0.12.1  Normal  cfg(any(target_arch = \"riscv32\", target_arch = \"riscv64\"))\ntock-registers  0.8.1    ---     0.9.0   Normal  cfg(target_arch = \"aarch64\")\nx86_64          0.15.1   0.15.2  0.15.2  Normal  cfg(target_arch = \"x86_64\")\n"]}},{"file":"[semver checks]","count":1,"kinds":{"Semver Violation":["pkg=axtrap, checker=SemverChecks\ntoolchain=nightly-2024-05-02, target=aarch64-unknown-none\npkg_dir=/home/runner/check/batch_1/Starry-OS/Starry-New/modules/axtrap\ncmd=cargo +nightly-2024-12-26-x86_64-unknown-linux-gnu semver-checks --target aarch64-unknown-none\n\n\nstdout:\n\nstderr:\n    Building axtrap v0.1.0 (current)\nerror: running cargo-doc on crate 'axtrap' failed with output:\n-----\nerror: output of --print=file-names missing when learning about target-specific information from rustc\ncommand was: `/home/runner/.rustup/toolchains/nightly-2024-12-26-x86_64-unknown-linux-gnu/bin/rustc - --crate-name ___ --print=file-names --cap-lints=allow --target aarch64-unknown-none --crate-type bin --crate-type rlib --crate-type dylib --crate-type cdylib --crate-type staticlib --crate-type proc-macro --print=sysroot --print=split-debuginfo --print=crate-name --print=cfg`\n\n--- stdout\n___\nlib___.rlib\nlib___.a\n/home/runner/.rustup/toolchains/nightly-2024-12-26-x86_64-unknown-linux-gnu\noff\n___\ndebug_assertions\nfmt_debug=\"full\"\noverflow_checks\npanic=\"abort\"\nproc_macro\nrelocation_model=\"static\"\ntarget_abi=\"\"\ntarget_arch=\"aarch64\"\ntarget_endian=\"little\"\ntarget_env=\"\"\ntarget_feature=\"neon\"\ntarget_has_atomic\ntarget_has_atomic=\"128\"\ntarget_has_atomic=\"16\"\ntarget_has_atomic=\"32\"\ntarget_has_atomic=\"64\"\ntarget_has_atomic=\"8\"\ntarget_has_atomic=\"ptr\"\ntarget_has_atomic_equal_alignment=\"128\"\ntarget_has_atomic_equal_alignment=\"16\"\ntarget_has_atomic_equal_alignment=\"32\"\ntarget_has_atomic_equal_alignment=\"64\"\ntarget_has_atomic_equal_alignment=\"8\"\ntarget_has_atomic_equal_alignment=\"ptr\"\ntarget_has_atomic_load_store\ntarget_has_atomic_load_store=\"128\"\ntarget_has_atomic_load_store=\"16\"\ntarget_has_atomic_load_store=\"32\"\ntarget_has_atomic_load_store=\"64\"\ntarget_has_atomic_load_store=\"8\"\ntarget_has_atomic_load_store=\"ptr\"\ntarget_os=\"none\"\ntarget_pointer_width=\"64\"\ntarget_vendor=\"unknown\"\nub_checks\n\n\n-----\n\nerror: failed to build rustdoc for crate axtrap v0.1.0\nnote: this is usually due to a compilation error in the crate,\n      and is unlikely to be a bug in cargo-semver-checks\nnote: the following command can be used to reproduce the compilation error:\n      cargo new --lib example &&\n          cd example &&\n          echo '[workspace]' >> Cargo.toml &&\n          cargo add --path /home/runner/check/batch_1/Starry-OS/Starry-New/modules/axtrap --features axtask,default,irq,monolithic,preempt &&\n          cargo check\n\nerror: aborting due to failure to build rustdoc for crate axtrap v0.1.0\n"]}}]},{"user":"Starry-OS","repo":"Starry-New","pkg":"arceos_api","count":4,"raw_reports":[{"file":"(virtual) rap","count":1,"kinds":{"Cargo":["// pkg_name=arceos_api, checker=Rap\n// toolchain=nightly-2024-05-02, target=aarch64-unknown-none\n// pkg_dir=/home/runner/check/batch_1/Starry-OS/Starry-New/api/arceos_api\n// cmd=cargo +nightly-2024-10-12 rap -F -M -- --target aarch64-unknown-none\n// timestamp=2024-12-27 5:38:40.391470442 +08:00:00\n   Compiling equivalent v1.0.1\n   Compiling serde v1.0.215\n   Compiling hashbrown v0.15.2\n   Compiling toml_datetime v0.6.8\n   Compiling winnow v0.6.20\n    Checking tock-registers v0.8.1\nerror[E0463]: can't find crate for `core`\n  |\n  = note: the `aarch64-unknown-none` target may not be installed\n  = help: consider downloading the target with `rustup target add aarch64-unknown-none`\n  = help: consider building the standard library from source with `cargo build -Zbuild-std`\n\nFor more information about this error, try `rustc --explain E0463`.\nerror: could not compile `tock-registers` (lib) due to 1 previous error\nwarning: build failed, waiting for other jobs to finish...\n21:38:42|RAP|ERROR|: Finished with non-zero exit code.\n"]}},{"file":"(virtual) semver-checks","count":1,"kinds":{"Cargo":["// pkg_name=arceos_api, checker=SemverChecks\n// toolchain=nightly-2024-05-02, target=aarch64-unknown-none\n// pkg_dir=/home/runner/check/batch_1/Starry-OS/Starry-New/api/arceos_api\n// cmd=cargo +nightly-2024-12-26-x86_64-unknown-linux-gnu semver-checks --target aarch64-unknown-none\n// timestamp=2024-12-28 11:02:10.576942008 +08:00:00\n    Building arceos_api v0.1.0 (current)\nerror: running cargo-doc on crate 'arceos_api' failed with output:\n-----\nerror: output of --print=file-names missing when learning about target-specific information from rustc\ncommand was: `/home/runner/.rustup/toolchains/nightly-2024-12-26-x86_64-unknown-linux-gnu/bin/rustc - --crate-name ___ --print=file-names --cap-lints=allow --target aarch64-unknown-none --crate-type bin --crate-type rlib --crate-type dylib --crate-type cdylib --crate-type staticlib --crate-type proc-macro --print=sysroot --print=split-debuginfo --print=crate-name --print=cfg`\n\n--- stdout\n___\nlib___.rlib\nlib___.a\n/home/runner/.rustup/toolchains/nightly-2024-12-26-x86_64-unknown-linux-gnu\noff\n___\ndebug_assertions\nfmt_debug=\"full\"\noverflow_checks\npanic=\"abort\"\nproc_macro\nrelocation_model=\"static\"\ntarget_abi=\"\"\ntarget_arch=\"aarch64\"\ntarget_endian=\"little\"\ntarget_env=\"\"\ntarget_feature=\"neon\"\ntarget_has_atomic\ntarget_has_atomic=\"128\"\ntarget_has_atomic=\"16\"\ntarget_has_atomic=\"32\"\ntarget_has_atomic=\"64\"\ntarget_has_atomic=\"8\"\ntarget_has_atomic=\"ptr\"\ntarget_has_atomic_equal_alignment=\"128\"\ntarget_has_atomic_equal_alignment=\"16\"\ntarget_has_atomic_equal_alignment=\"32\"\ntarget_has_atomic_equal_alignment=\"64\"\ntarget_has_atomic_equal_alignment=\"8\"\ntarget_has_atomic_equal_alignment=\"ptr\"\ntarget_has_atomic_load_store\ntarget_has_atomic_load_store=\"128\"\ntarget_has_atomic_load_store=\"16\"\ntarget_has_atomic_load_store=\"32\"\ntarget_has_atomic_load_store=\"64\"\ntarget_has_atomic_load_store=\"8\"\ntarget_has_atomic_load_store=\"ptr\"\ntarget_os=\"none\"\ntarget_pointer_width=\"64\"\ntarget_vendor=\"unknown\"\nub_checks\n\n\n-----\n\nerror: failed to build rustdoc for crate arceos_api v0.1.0\nnote: this is usually due to a compilation error in the crate,\n      and is unlikely to be a bug in cargo-semver-checks\nnote: the following command can be used to reproduce the compilation error:\n      cargo new --lib example &&\n          cd example &&\n          echo '[workspace]' >> Cargo.toml &&\n          cargo add --path /home/runner/check/batch_1/Starry-OS/Starry-New/api/arceos_api --features alloc,axtask,default,display,dummy-if-not-enabled,fs,irq,multitask,myfs,net &&\n          cargo check\n\nerror: aborting due to failure to build rustdoc for crate arceos_api v0.1.0\n"]}},{"file":"[lockbud] Not supported to display yet.","count":1,"kinds":{"Lockbud(Possibly)":["[2024-12-04T20:52:31Z WARN  lockbud::callbacks] [\n      {\n        \"AtomicityViolation\": {\n          \"bug_kind\": \"AtomicityViolation\",\n          \"possibility\": \"Possibly\",\n          \"diagnosis\": {\n            \"fn_name\": \"set_logger_racy\",\n            \"atomic_reader\": \"/home/runner/.cargo/registry/src/index.crates.io-6f17d22bba15001f/log-0.4.21/src/lib.rs:1408:11: 1408:39 (#0)\",\n            \"atomic_writer\": \"/home/runner/.cargo/registry/src/index.crates.io-6f17d22bba15001f/log-0.4.21/src/lib.rs:1411:13: 1411:55 (#0)\",\n            \"dep_kind\": \"Control\"\n          },\n          \"explanation\": \"atomic::store is data/control dependent on atomic::load\"\n        }\n      }\n    ]\n[2024-12-04T20:52:31Z WARN  lockbud::callbacks] crate log contains bugs: { probably: 0, possibly: 0 }, conflictlock: { probably: 0, possibly: 0 }, condvar_deadlock: { probably: 0, possibly: 0 }, atomicity_violation: { possibly: 1 }, invalid_free: { possibly: 0 }, use_after_free: { possibly: 0 }"]}},{"file":"[semver checks]","count":1,"kinds":{"Semver Violation":["pkg=arceos_api, checker=SemverChecks\ntoolchain=nightly-2024-05-02, target=aarch64-unknown-none\npkg_dir=/home/runner/check/batch_1/Starry-OS/Starry-New/api/arceos_api\ncmd=cargo +nightly-2024-12-26-x86_64-unknown-linux-gnu semver-checks --target aarch64-unknown-none\n\n\nstdout:\n\nstderr:\n    Building arceos_api v0.1.0 (current)\nerror: running cargo-doc on crate 'arceos_api' failed with output:\n-----\nerror: output of --print=file-names missing when learning about target-specific information from rustc\ncommand was: `/home/runner/.rustup/toolchains/nightly-2024-12-26-x86_64-unknown-linux-gnu/bin/rustc - --crate-name ___ --print=file-names --cap-lints=allow --target aarch64-unknown-none --crate-type bin --crate-type rlib --crate-type dylib --crate-type cdylib --crate-type staticlib --crate-type proc-macro --print=sysroot --print=split-debuginfo --print=crate-name --print=cfg`\n\n--- stdout\n___\nlib___.rlib\nlib___.a\n/home/runner/.rustup/toolchains/nightly-2024-12-26-x86_64-unknown-linux-gnu\noff\n___\ndebug_assertions\nfmt_debug=\"full\"\noverflow_checks\npanic=\"abort\"\nproc_macro\nrelocation_model=\"static\"\ntarget_abi=\"\"\ntarget_arch=\"aarch64\"\ntarget_endian=\"little\"\ntarget_env=\"\"\ntarget_feature=\"neon\"\ntarget_has_atomic\ntarget_has_atomic=\"128\"\ntarget_has_atomic=\"16\"\ntarget_has_atomic=\"32\"\ntarget_has_atomic=\"64\"\ntarget_has_atomic=\"8\"\ntarget_has_atomic=\"ptr\"\ntarget_has_atomic_equal_alignment=\"128\"\ntarget_has_atomic_equal_alignment=\"16\"\ntarget_has_atomic_equal_alignment=\"32\"\ntarget_has_atomic_equal_alignment=\"64\"\ntarget_has_atomic_equal_alignment=\"8\"\ntarget_has_atomic_equal_alignment=\"ptr\"\ntarget_has_atomic_load_store\ntarget_has_atomic_load_store=\"128\"\ntarget_has_atomic_load_store=\"16\"\ntarget_has_atomic_load_store=\"32\"\ntarget_has_atomic_load_store=\"64\"\ntarget_has_atomic_load_store=\"8\"\ntarget_has_atomic_load_store=\"ptr\"\ntarget_os=\"none\"\ntarget_pointer_width=\"64\"\ntarget_vendor=\"unknown\"\nub_checks\n\n\n-----\n\nerror: failed to build rustdoc for crate arceos_api v0.1.0\nnote: this is usually due to a compilation error in the crate,\n      and is unlikely to be a bug in cargo-semver-checks\nnote: the following command can be used to reproduce the compilation error:\n      cargo new --lib example &&\n          cd example &&\n          echo '[workspace]' >> Cargo.toml &&\n          cargo add --path /home/runner/check/batch_1/Starry-OS/Starry-New/api/arceos_api --features alloc,axtask,default,display,dummy-if-not-enabled,fs,irq,multitask,myfs,net &&\n          cargo check\n\nerror: aborting due to failure to build rustdoc for crate arceos_api v0.1.0\n"]}}]},{"user":"Starry-OS","repo":"Starry-New","pkg":"axconfig","count":4,"raw_reports":[{"file":"(virtual) rap","count":1,"kinds":{"Cargo":["// pkg_name=axconfig, checker=Rap\n// toolchain=nightly-2024-05-02, target=aarch64-unknown-none\n// pkg_dir=/home/runner/check/batch_1/Starry-OS/Starry-New/modules/axconfig\n// cmd=cargo +nightly-2024-10-12 rap -F -M -- --target aarch64-unknown-none\n// timestamp=2024-12-27 5:39:26.131825313 +08:00:00\n   Compiling hashbrown v0.15.2\n   Compiling serde v1.0.215\n   Compiling equivalent v1.0.1\n   Compiling toml_datetime v0.6.8\n   Compiling winnow v0.6.20\n   Compiling indexmap v2.7.0\n   Compiling toml_edit v0.22.22\n   Compiling axconfig v0.1.0 (/home/runner/check/batch_1/Starry-OS/Starry-New/modules/axconfig)\nerror[E0463]: can't find crate for `core`\n  |\n  = note: the `aarch64-unknown-none` target may not be installed\n  = help: consider downloading the target with `rustup target add aarch64-unknown-none`\n  = help: consider building the standard library from source with `cargo build -Zbuild-std`\n\nFor more information about this error, try `rustc --explain E0463`.\nerror: could not compile `axconfig` (lib) due to 1 previous error\n21:39:29|RAP|ERROR|: Finished with non-zero exit code.\n"]}},{"file":"(virtual) semver-checks","count":1,"kinds":{"Cargo":["// pkg_name=axconfig, checker=SemverChecks\n// toolchain=nightly-2024-05-02, target=aarch64-unknown-none\n// pkg_dir=/home/runner/check/batch_1/Starry-OS/Starry-New/modules/axconfig\n// cmd=cargo +nightly-2024-12-26-x86_64-unknown-linux-gnu semver-checks --target aarch64-unknown-none\n// timestamp=2024-12-28 11:02:52.149831024 +08:00:00\n    Building axconfig v0.1.0 (current)\nerror: running cargo-doc on crate 'axconfig' failed with output:\n-----\nerror: output of --print=file-names missing when learning about target-specific information from rustc\ncommand was: `/home/runner/.rustup/toolchains/nightly-2024-12-26-x86_64-unknown-linux-gnu/bin/rustc - --crate-name ___ --print=file-names --cap-lints=allow --target aarch64-unknown-none --crate-type bin --crate-type rlib --crate-type dylib --crate-type cdylib --crate-type staticlib --crate-type proc-macro --print=sysroot --print=split-debuginfo --print=crate-name --print=cfg`\n\n--- stdout\n___\nlib___.rlib\nlib___.a\n/home/runner/.rustup/toolchains/nightly-2024-12-26-x86_64-unknown-linux-gnu\noff\n___\ndebug_assertions\nfmt_debug=\"full\"\noverflow_checks\npanic=\"abort\"\nproc_macro\nrelocation_model=\"static\"\ntarget_abi=\"\"\ntarget_arch=\"aarch64\"\ntarget_endian=\"little\"\ntarget_env=\"\"\ntarget_feature=\"neon\"\ntarget_has_atomic\ntarget_has_atomic=\"128\"\ntarget_has_atomic=\"16\"\ntarget_has_atomic=\"32\"\ntarget_has_atomic=\"64\"\ntarget_has_atomic=\"8\"\ntarget_has_atomic=\"ptr\"\ntarget_has_atomic_equal_alignment=\"128\"\ntarget_has_atomic_equal_alignment=\"16\"\ntarget_has_atomic_equal_alignment=\"32\"\ntarget_has_atomic_equal_alignment=\"64\"\ntarget_has_atomic_equal_alignment=\"8\"\ntarget_has_atomic_equal_alignment=\"ptr\"\ntarget_has_atomic_load_store\ntarget_has_atomic_load_store=\"128\"\ntarget_has_atomic_load_store=\"16\"\ntarget_has_atomic_load_store=\"32\"\ntarget_has_atomic_load_store=\"64\"\ntarget_has_atomic_load_store=\"8\"\ntarget_has_atomic_load_store=\"ptr\"\ntarget_os=\"none\"\ntarget_pointer_width=\"64\"\ntarget_vendor=\"unknown\"\nub_checks\n\n\n-----\n\nerror: failed to build rustdoc for crate axconfig v0.1.0\nnote: this is usually due to a compilation error in the crate,\n      and is unlikely to be a bug in cargo-semver-checks\nnote: the following command can be used to reproduce the compilation error:\n      cargo new --lib example &&\n          cd example &&\n          echo '[workspace]' >> Cargo.toml &&\n          cargo add --path /home/runner/check/batch_1/Starry-OS/Starry-New/modules/axconfig &&\n          cargo check\n\nerror: aborting due to failure to build rustdoc for crate axconfig v0.1.0\n"]}},{"file":"[outdated direct dependencies]","count":1,"kinds":{"Outdated":["pkg=axconfig, checker=Outdated\ntoolchain=nightly-2024-05-02, target=aarch64-unknown-none\npkg_dir=/home/runner/check/batch_1/Starry-OS/Starry-New/modules/axconfig\ncmd=cargo +nightly-2024-12-26-x86_64-unknown-linux-gnu outdated -R --exit-code=2\n\nName   Project  Compat   Latest   Kind   Platform\n----   -------  ------   ------   ----   --------\nserde  1.0.215  1.0.217  1.0.217  Build  ---\n"]}},{"file":"[semver checks]","count":1,"kinds":{"Semver Violation":["pkg=axconfig, checker=SemverChecks\ntoolchain=nightly-2024-05-02, target=aarch64-unknown-none\npkg_dir=/home/runner/check/batch_1/Starry-OS/Starry-New/modules/axconfig\ncmd=cargo +nightly-2024-12-26-x86_64-unknown-linux-gnu semver-checks --target aarch64-unknown-none\n\n\nstdout:\n\nstderr:\n    Building axconfig v0.1.0 (current)\nerror: running cargo-doc on crate 'axconfig' failed with output:\n-----\nerror: output of --print=file-names missing when learning about target-specific information from rustc\ncommand was: `/home/runner/.rustup/toolchains/nightly-2024-12-26-x86_64-unknown-linux-gnu/bin/rustc - --crate-name ___ --print=file-names --cap-lints=allow --target aarch64-unknown-none --crate-type bin --crate-type rlib --crate-type dylib --crate-type cdylib --crate-type staticlib --crate-type proc-macro --print=sysroot --print=split-debuginfo --print=crate-name --print=cfg`\n\n--- stdout\n___\nlib___.rlib\nlib___.a\n/home/runner/.rustup/toolchains/nightly-2024-12-26-x86_64-unknown-linux-gnu\noff\n___\ndebug_assertions\nfmt_debug=\"full\"\noverflow_checks\npanic=\"abort\"\nproc_macro\nrelocation_model=\"static\"\ntarget_abi=\"\"\ntarget_arch=\"aarch64\"\ntarget_endian=\"little\"\ntarget_env=\"\"\ntarget_feature=\"neon\"\ntarget_has_atomic\ntarget_has_atomic=\"128\"\ntarget_has_atomic=\"16\"\ntarget_has_atomic=\"32\"\ntarget_has_atomic=\"64\"\ntarget_has_atomic=\"8\"\ntarget_has_atomic=\"ptr\"\ntarget_has_atomic_equal_alignment=\"128\"\ntarget_has_atomic_equal_alignment=\"16\"\ntarget_has_atomic_equal_alignment=\"32\"\ntarget_has_atomic_equal_alignment=\"64\"\ntarget_has_atomic_equal_alignment=\"8\"\ntarget_has_atomic_equal_alignment=\"ptr\"\ntarget_has_atomic_load_store\ntarget_has_atomic_load_store=\"128\"\ntarget_has_atomic_load_store=\"16\"\ntarget_has_atomic_load_store=\"32\"\ntarget_has_atomic_load_store=\"64\"\ntarget_has_atomic_load_store=\"8\"\ntarget_has_atomic_load_store=\"ptr\"\ntarget_os=\"none\"\ntarget_pointer_width=\"64\"\ntarget_vendor=\"unknown\"\nub_checks\n\n\n-----\n\nerror: failed to build rustdoc for crate axconfig v0.1.0\nnote: this is usually due to a compilation error in the crate,\n      and is unlikely to be a bug in cargo-semver-checks\nnote: the following command can be used to reproduce the compilation error:\n      cargo new --lib example &&\n          cd example &&\n          echo '[workspace]' >> Cargo.toml &&\n          cargo add --path /home/runner/check/batch_1/Starry-OS/Starry-New/modules/axconfig &&\n          cargo check\n\nerror: aborting due to failure to build rustdoc for crate axconfig v0.1.0\n"]}}]},{"user":"Starry-OS","repo":"Starry-New","pkg":"axfeat","count":4,"raw_reports":[{"file":"(virtual) rap","count":1,"kinds":{"Cargo":["// pkg_name=axfeat, checker=Rap\n// toolchain=nightly-2024-05-02, target=aarch64-unknown-none\n// pkg_dir=/home/runner/check/batch_1/Starry-OS/Starry-New/api/axfeat\n// cmd=cargo +nightly-2024-10-12 rap -F -M -- --target aarch64-unknown-none\n// timestamp=2024-12-27 5:40:08.212763266 +08:00:00\n   Compiling equivalent v1.0.1\n   Compiling serde v1.0.215\n   Compiling hashbrown v0.15.2\n   Compiling winnow v0.6.20\n   Compiling toml_datetime v0.6.8\n    Checking tock-registers v0.8.1\nerror[E0463]: can't find crate for `core`\n  |\n  = note: the `aarch64-unknown-none` target may not be installed\n  = help: consider downloading the target with `rustup target add aarch64-unknown-none`\n  = help: consider building the standard library from source with `cargo build -Zbuild-std`\n\nFor more information about this error, try `rustc --explain E0463`.\nerror: could not compile `tock-registers` (lib) due to 1 previous error\nwarning: build failed, waiting for other jobs to finish...\n21:40:10|RAP|ERROR|: Finished with non-zero exit code.\n"]}},{"file":"(virtual) semver-checks","count":1,"kinds":{"Cargo":["// pkg_name=axfeat, checker=SemverChecks\n// toolchain=nightly-2024-05-02, target=aarch64-unknown-none\n// pkg_dir=/home/runner/check/batch_1/Starry-OS/Starry-New/api/axfeat\n// cmd=cargo +nightly-2024-12-26-x86_64-unknown-linux-gnu semver-checks --target aarch64-unknown-none\n// timestamp=2024-12-28 11:03:10.220272783 +08:00:00\n    Building axfeat v0.1.0 (current)\nerror: running cargo-doc on crate 'axfeat' failed with output:\n-----\nerror: output of --print=file-names missing when learning about target-specific information from rustc\ncommand was: `/home/runner/.rustup/toolchains/nightly-2024-12-26-x86_64-unknown-linux-gnu/bin/rustc - --crate-name ___ --print=file-names --cap-lints=allow --target aarch64-unknown-none --crate-type bin --crate-type rlib --crate-type dylib --crate-type cdylib --crate-type staticlib --crate-type proc-macro --print=sysroot --print=split-debuginfo --print=crate-name --print=cfg`\n\n--- stdout\n___\nlib___.rlib\nlib___.a\n/home/runner/.rustup/toolchains/nightly-2024-12-26-x86_64-unknown-linux-gnu\noff\n___\ndebug_assertions\nfmt_debug=\"full\"\noverflow_checks\npanic=\"abort\"\nproc_macro\nrelocation_model=\"static\"\ntarget_abi=\"\"\ntarget_arch=\"aarch64\"\ntarget_endian=\"little\"\ntarget_env=\"\"\ntarget_feature=\"neon\"\ntarget_has_atomic\ntarget_has_atomic=\"128\"\ntarget_has_atomic=\"16\"\ntarget_has_atomic=\"32\"\ntarget_has_atomic=\"64\"\ntarget_has_atomic=\"8\"\ntarget_has_atomic=\"ptr\"\ntarget_has_atomic_equal_alignment=\"128\"\ntarget_has_atomic_equal_alignment=\"16\"\ntarget_has_atomic_equal_alignment=\"32\"\ntarget_has_atomic_equal_alignment=\"64\"\ntarget_has_atomic_equal_alignment=\"8\"\ntarget_has_atomic_equal_alignment=\"ptr\"\ntarget_has_atomic_load_store\ntarget_has_atomic_load_store=\"128\"\ntarget_has_atomic_load_store=\"16\"\ntarget_has_atomic_load_store=\"32\"\ntarget_has_atomic_load_store=\"64\"\ntarget_has_atomic_load_store=\"8\"\ntarget_has_atomic_load_store=\"ptr\"\ntarget_os=\"none\"\ntarget_pointer_width=\"64\"\ntarget_vendor=\"unknown\"\nub_checks\n\n\n-----\n\nerror: failed to build rustdoc for crate axfeat v0.1.0\nnote: this is usually due to a compilation error in the crate,\n      and is unlikely to be a bug in cargo-semver-checks\nnote: the following command can be used to reproduce the compilation error:\n      cargo new --lib example &&\n          cd example &&\n          echo '[workspace]' >> Cargo.toml &&\n          cargo add --path /home/runner/check/batch_1/Starry-OS/Starry-New/api/axfeat --features alloc,alloc-buddy,alloc-slab,alloc-tlsf,another_ext4,axalloc,axdriver,axsync,axtask,bus-mmio,bus-pci,default,display,driver-bcm2835-sdhci,driver-e1000,driver-ixgbe,driver-ramdisk,ext4_rs,fatfs,fp_simd,fs,img,irq,log-level-debug,log-level-error,log-level-info,log-level-off,log-level-trace,log-level-warn,lwext4_rust,monolithic,multitask,myfs,net,paging,sched_cfs,sched_fifo,sched_rr,smp,spinlock,taskctx,tls &&\n          cargo check\n\nerror: aborting due to failure to build rustdoc for crate axfeat v0.1.0\n"]}},{"file":"[lockbud] Not supported to display yet.","count":1,"kinds":{"Lockbud(Possibly)":["[2024-12-04T20:52:31Z WARN  lockbud::callbacks] [\n      {\n        \"AtomicityViolation\": {\n          \"bug_kind\": \"AtomicityViolation\",\n          \"possibility\": \"Possibly\",\n          \"diagnosis\": {\n            \"fn_name\": \"set_logger_racy\",\n            \"atomic_reader\": \"/home/runner/.cargo/registry/src/index.crates.io-6f17d22bba15001f/log-0.4.21/src/lib.rs:1408:11: 1408:39 (#0)\",\n            \"atomic_writer\": \"/home/runner/.cargo/registry/src/index.crates.io-6f17d22bba15001f/log-0.4.21/src/lib.rs:1411:13: 1411:55 (#0)\",\n            \"dep_kind\": \"Control\"\n          },\n          \"explanation\": \"atomic::store is data/control dependent on atomic::load\"\n        }\n      }\n    ]\n[2024-12-04T20:52:31Z WARN  lockbud::callbacks] crate log contains bugs: { probably: 0, possibly: 0 }, conflictlock: { probably: 0, possibly: 0 }, condvar_deadlock: { probably: 0, possibly: 0 }, atomicity_violation: { possibly: 1 }, invalid_free: { possibly: 0 }, use_after_free: { possibly: 0 }"]}},{"file":"[semver checks]","count":1,"kinds":{"Semver Violation":["pkg=axfeat, checker=SemverChecks\ntoolchain=nightly-2024-05-02, target=aarch64-unknown-none\npkg_dir=/home/runner/check/batch_1/Starry-OS/Starry-New/api/axfeat\ncmd=cargo +nightly-2024-12-26-x86_64-unknown-linux-gnu semver-checks --target aarch64-unknown-none\n\n\nstdout:\n\nstderr:\n    Building axfeat v0.1.0 (current)\nerror: running cargo-doc on crate 'axfeat' failed with output:\n-----\nerror: output of --print=file-names missing when learning about target-specific information from rustc\ncommand was: `/home/runner/.rustup/toolchains/nightly-2024-12-26-x86_64-unknown-linux-gnu/bin/rustc - --crate-name ___ --print=file-names --cap-lints=allow --target aarch64-unknown-none --crate-type bin --crate-type rlib --crate-type dylib --crate-type cdylib --crate-type staticlib --crate-type proc-macro --print=sysroot --print=split-debuginfo --print=crate-name --print=cfg`\n\n--- stdout\n___\nlib___.rlib\nlib___.a\n/home/runner/.rustup/toolchains/nightly-2024-12-26-x86_64-unknown-linux-gnu\noff\n___\ndebug_assertions\nfmt_debug=\"full\"\noverflow_checks\npanic=\"abort\"\nproc_macro\nrelocation_model=\"static\"\ntarget_abi=\"\"\ntarget_arch=\"aarch64\"\ntarget_endian=\"little\"\ntarget_env=\"\"\ntarget_feature=\"neon\"\ntarget_has_atomic\ntarget_has_atomic=\"128\"\ntarget_has_atomic=\"16\"\ntarget_has_atomic=\"32\"\ntarget_has_atomic=\"64\"\ntarget_has_atomic=\"8\"\ntarget_has_atomic=\"ptr\"\ntarget_has_atomic_equal_alignment=\"128\"\ntarget_has_atomic_equal_alignment=\"16\"\ntarget_has_atomic_equal_alignment=\"32\"\ntarget_has_atomic_equal_alignment=\"64\"\ntarget_has_atomic_equal_alignment=\"8\"\ntarget_has_atomic_equal_alignment=\"ptr\"\ntarget_has_atomic_load_store\ntarget_has_atomic_load_store=\"128\"\ntarget_has_atomic_load_store=\"16\"\ntarget_has_atomic_load_store=\"32\"\ntarget_has_atomic_load_store=\"64\"\ntarget_has_atomic_load_store=\"8\"\ntarget_has_atomic_load_store=\"ptr\"\ntarget_os=\"none\"\ntarget_pointer_width=\"64\"\ntarget_vendor=\"unknown\"\nub_checks\n\n\n-----\n\nerror: failed to build rustdoc for crate axfeat v0.1.0\nnote: this is usually due to a compilation error in the crate,\n      and is unlikely to be a bug in cargo-semver-checks\nnote: the following command can be used to reproduce the compilation error:\n      cargo new --lib example &&\n          cd example &&\n          echo '[workspace]' >> Cargo.toml &&\n          cargo add --path /home/runner/check/batch_1/Starry-OS/Starry-New/api/axfeat --features alloc,alloc-buddy,alloc-slab,alloc-tlsf,another_ext4,axalloc,axdriver,axsync,axtask,bus-mmio,bus-pci,default,display,driver-bcm2835-sdhci,driver-e1000,driver-ixgbe,driver-ramdisk,ext4_rs,fatfs,fp_simd,fs,img,irq,log-level-debug,log-level-error,log-level-info,log-level-off,log-level-trace,log-level-warn,lwext4_rust,monolithic,multitask,myfs,net,paging,sched_cfs,sched_fifo,sched_rr,smp,spinlock,taskctx,tls &&\n          cargo check\n\nerror: aborting due to failure to build rustdoc for crate axfeat v0.1.0\n"]}}]},{"user":"Starry-OS","repo":"Starry-New","pkg":"axruntime","count":4,"raw_reports":[{"file":"(virtual) rap","count":1,"kinds":{"Cargo":["// pkg_name=axruntime, checker=Rap\n// toolchain=nightly-2024-05-02, target=aarch64-unknown-none\n// pkg_dir=/home/runner/check/batch_1/Starry-OS/Starry-New/modules/axruntime\n// cmd=cargo +nightly-2024-10-12 rap -F -M -- --target aarch64-unknown-none\n// timestamp=2024-12-27 5:41:21.010936717 +08:00:00\n   Compiling hashbrown v0.15.2\n   Compiling serde v1.0.215\n   Compiling equivalent v1.0.1\n   Compiling winnow v0.6.20\n   Compiling toml_datetime v0.6.8\n    Checking tock-registers v0.8.1\nerror[E0463]: can't find crate for `core`\n  |\n  = note: the `aarch64-unknown-none` target may not be installed\n  = help: consider downloading the target with `rustup target add aarch64-unknown-none`\n  = help: consider building the standard library from source with `cargo build -Zbuild-std`\n\nFor more information about this error, try `rustc --explain E0463`.\nerror: could not compile `tock-registers` (lib) due to 1 previous error\nwarning: build failed, waiting for other jobs to finish...\n21:41:23|RAP|ERROR|: Finished with non-zero exit code.\n"]}},{"file":"(virtual) semver-checks","count":1,"kinds":{"Cargo":["// pkg_name=axruntime, checker=SemverChecks\n// toolchain=nightly-2024-05-02, target=aarch64-unknown-none\n// pkg_dir=/home/runner/check/batch_1/Starry-OS/Starry-New/modules/axruntime\n// cmd=cargo +nightly-2024-12-26-x86_64-unknown-linux-gnu semver-checks --target aarch64-unknown-none\n// timestamp=2024-12-28 11:04:42.688532488 +08:00:00\n    Building axruntime v0.1.0 (current)\nerror: running cargo-doc on crate 'axruntime' failed with output:\n-----\nerror: output of --print=file-names missing when learning about target-specific information from rustc\ncommand was: `/home/runner/.rustup/toolchains/nightly-2024-12-26-x86_64-unknown-linux-gnu/bin/rustc - --crate-name ___ --print=file-names --cap-lints=allow --target aarch64-unknown-none --crate-type bin --crate-type rlib --crate-type dylib --crate-type cdylib --crate-type staticlib --crate-type proc-macro --print=sysroot --print=split-debuginfo --print=crate-name --print=cfg`\n\n--- stdout\n___\nlib___.rlib\nlib___.a\n/home/runner/.rustup/toolchains/nightly-2024-12-26-x86_64-unknown-linux-gnu\noff\n___\ndebug_assertions\nfmt_debug=\"full\"\noverflow_checks\npanic=\"abort\"\nproc_macro\nrelocation_model=\"static\"\ntarget_abi=\"\"\ntarget_arch=\"aarch64\"\ntarget_endian=\"little\"\ntarget_env=\"\"\ntarget_feature=\"neon\"\ntarget_has_atomic\ntarget_has_atomic=\"128\"\ntarget_has_atomic=\"16\"\ntarget_has_atomic=\"32\"\ntarget_has_atomic=\"64\"\ntarget_has_atomic=\"8\"\ntarget_has_atomic=\"ptr\"\ntarget_has_atomic_equal_alignment=\"128\"\ntarget_has_atomic_equal_alignment=\"16\"\ntarget_has_atomic_equal_alignment=\"32\"\ntarget_has_atomic_equal_alignment=\"64\"\ntarget_has_atomic_equal_alignment=\"8\"\ntarget_has_atomic_equal_alignment=\"ptr\"\ntarget_has_atomic_load_store\ntarget_has_atomic_load_store=\"128\"\ntarget_has_atomic_load_store=\"16\"\ntarget_has_atomic_load_store=\"32\"\ntarget_has_atomic_load_store=\"64\"\ntarget_has_atomic_load_store=\"8\"\ntarget_has_atomic_load_store=\"ptr\"\ntarget_os=\"none\"\ntarget_pointer_width=\"64\"\ntarget_vendor=\"unknown\"\nub_checks\n\n\n-----\n\nerror: failed to build rustdoc for crate axruntime v0.1.0\nnote: this is usually due to a compilation error in the crate,\n      and is unlikely to be a bug in cargo-semver-checks\nnote: the following command can be used to reproduce the compilation error:\n      cargo new --lib example &&\n          cd example &&\n          echo '[workspace]' >> Cargo.toml &&\n          cargo add --path /home/runner/check/batch_1/Starry-OS/Starry-New/modules/axruntime --features alloc,axalloc,axdisplay,axdriver,axfs,axmem,axnet,axprocess,default,display,fs,img,irq,kernel_guard,lazy_init,monolithic,multitask,net,paging,percpu,smp,tls &&\n          cargo check\n\nerror: aborting due to failure to build rustdoc for crate axruntime v0.1.0\n"]}},{"file":"[lockbud] Not supported to display yet.","count":1,"kinds":{"Lockbud(Possibly)":["[2024-12-04T20:52:31Z WARN  lockbud::callbacks] [\n      {\n        \"AtomicityViolation\": {\n          \"bug_kind\": \"AtomicityViolation\",\n          \"possibility\": \"Possibly\",\n          \"diagnosis\": {\n            \"fn_name\": \"set_logger_racy\",\n            \"atomic_reader\": \"/home/runner/.cargo/registry/src/index.crates.io-6f17d22bba15001f/log-0.4.21/src/lib.rs:1408:11: 1408:39 (#0)\",\n            \"atomic_writer\": \"/home/runner/.cargo/registry/src/index.crates.io-6f17d22bba15001f/log-0.4.21/src/lib.rs:1411:13: 1411:55 (#0)\",\n            \"dep_kind\": \"Control\"\n          },\n          \"explanation\": \"atomic::store is data/control dependent on atomic::load\"\n        }\n      }\n    ]\n[2024-12-04T20:52:31Z WARN  lockbud::callbacks] crate log contains bugs: { probably: 0, possibly: 0 }, conflictlock: { probably: 0, possibly: 0 }, condvar_deadlock: { probably: 0, possibly: 0 }, atomicity_violation: { possibly: 1 }, invalid_free: { possibly: 0 }, use_after_free: { possibly: 0 }"]}},{"file":"[semver checks]","count":1,"kinds":{"Semver Violation":["pkg=axruntime, checker=SemverChecks\ntoolchain=nightly-2024-05-02, target=aarch64-unknown-none\npkg_dir=/home/runner/check/batch_1/Starry-OS/Starry-New/modules/axruntime\ncmd=cargo +nightly-2024-12-26-x86_64-unknown-linux-gnu semver-checks --target aarch64-unknown-none\n\n\nstdout:\n\nstderr:\n    Building axruntime v0.1.0 (current)\nerror: running cargo-doc on crate 'axruntime' failed with output:\n-----\nerror: output of --print=file-names missing when learning about target-specific information from rustc\ncommand was: `/home/runner/.rustup/toolchains/nightly-2024-12-26-x86_64-unknown-linux-gnu/bin/rustc - --crate-name ___ --print=file-names --cap-lints=allow --target aarch64-unknown-none --crate-type bin --crate-type rlib --crate-type dylib --crate-type cdylib --crate-type staticlib --crate-type proc-macro --print=sysroot --print=split-debuginfo --print=crate-name --print=cfg`\n\n--- stdout\n___\nlib___.rlib\nlib___.a\n/home/runner/.rustup/toolchains/nightly-2024-12-26-x86_64-unknown-linux-gnu\noff\n___\ndebug_assertions\nfmt_debug=\"full\"\noverflow_checks\npanic=\"abort\"\nproc_macro\nrelocation_model=\"static\"\ntarget_abi=\"\"\ntarget_arch=\"aarch64\"\ntarget_endian=\"little\"\ntarget_env=\"\"\ntarget_feature=\"neon\"\ntarget_has_atomic\ntarget_has_atomic=\"128\"\ntarget_has_atomic=\"16\"\ntarget_has_atomic=\"32\"\ntarget_has_atomic=\"64\"\ntarget_has_atomic=\"8\"\ntarget_has_atomic=\"ptr\"\ntarget_has_atomic_equal_alignment=\"128\"\ntarget_has_atomic_equal_alignment=\"16\"\ntarget_has_atomic_equal_alignment=\"32\"\ntarget_has_atomic_equal_alignment=\"64\"\ntarget_has_atomic_equal_alignment=\"8\"\ntarget_has_atomic_equal_alignment=\"ptr\"\ntarget_has_atomic_load_store\ntarget_has_atomic_load_store=\"128\"\ntarget_has_atomic_load_store=\"16\"\ntarget_has_atomic_load_store=\"32\"\ntarget_has_atomic_load_store=\"64\"\ntarget_has_atomic_load_store=\"8\"\ntarget_has_atomic_load_store=\"ptr\"\ntarget_os=\"none\"\ntarget_pointer_width=\"64\"\ntarget_vendor=\"unknown\"\nub_checks\n\n\n-----\n\nerror: failed to build rustdoc for crate axruntime v0.1.0\nnote: this is usually due to a compilation error in the crate,\n      and is unlikely to be a bug in cargo-semver-checks\nnote: the following command can be used to reproduce the compilation error:\n      cargo new --lib example &&\n          cd example &&\n          echo '[workspace]' >> Cargo.toml &&\n          cargo add --path /home/runner/check/batch_1/Starry-OS/Starry-New/modules/axruntime --features alloc,axalloc,axdisplay,axdriver,axfs,axmem,axnet,axprocess,default,display,fs,img,irq,kernel_guard,lazy_init,monolithic,multitask,net,paging,percpu,smp,tls &&\n          cargo check\n\nerror: aborting due to failure to build rustdoc for crate axruntime v0.1.0\n"]}}]},{"user":"Starry-OS","repo":"Starry-New","pkg":"axsignal","count":4,"raw_reports":[{"file":"(virtual) rap","count":1,"kinds":{"Cargo":["// pkg_name=axsignal, checker=Rap\n// toolchain=nightly-2024-05-02, target=aarch64-unknown-none\n// pkg_dir=/home/runner/check/batch_1/Starry-OS/Starry-New/modules/axsignal\n// cmd=cargo +nightly-2024-10-12 rap -F -M -- --target aarch64-unknown-none\n// timestamp=2024-12-27 5:41:31.736252764 +08:00:00\n   Compiling hashbrown v0.15.2\n   Compiling serde v1.0.215\n   Compiling equivalent v1.0.1\n   Compiling winnow v0.6.20\n   Compiling toml_datetime v0.6.8\n    Checking tock-registers v0.8.1\nerror[E0463]: can't find crate for `core`\n  |\n  = note: the `aarch64-unknown-none` target may not be installed\n  = help: consider downloading the target with `rustup target add aarch64-unknown-none`\n  = help: consider building the standard library from source with `cargo build -Zbuild-std`\n\nFor more information about this error, try `rustc --explain E0463`.\nerror: could not compile `tock-registers` (lib) due to 1 previous error\nwarning: build failed, waiting for other jobs to finish...\n21:41:34|RAP|ERROR|: Finished with non-zero exit code.\n"]}},{"file":"(virtual) semver-checks","count":1,"kinds":{"Cargo":["// pkg_name=axsignal, checker=SemverChecks\n// toolchain=nightly-2024-05-02, target=aarch64-unknown-none\n// pkg_dir=/home/runner/check/batch_1/Starry-OS/Starry-New/modules/axsignal\n// cmd=cargo +nightly-2024-12-26-x86_64-unknown-linux-gnu semver-checks --target aarch64-unknown-none\n// timestamp=2024-12-28 11:04:51.094992601 +08:00:00\n    Building axsignal v0.1.0 (current)\nerror: running cargo-doc on crate 'axsignal' failed with output:\n-----\nerror: output of --print=file-names missing when learning about target-specific information from rustc\ncommand was: `/home/runner/.rustup/toolchains/nightly-2024-12-26-x86_64-unknown-linux-gnu/bin/rustc - --crate-name ___ --print=file-names --cap-lints=allow --target aarch64-unknown-none --crate-type bin --crate-type rlib --crate-type dylib --crate-type cdylib --crate-type staticlib --crate-type proc-macro --print=sysroot --print=split-debuginfo --print=crate-name --print=cfg`\n\n--- stdout\n___\nlib___.rlib\nlib___.a\n/home/runner/.rustup/toolchains/nightly-2024-12-26-x86_64-unknown-linux-gnu\noff\n___\ndebug_assertions\nfmt_debug=\"full\"\noverflow_checks\npanic=\"abort\"\nproc_macro\nrelocation_model=\"static\"\ntarget_abi=\"\"\ntarget_arch=\"aarch64\"\ntarget_endian=\"little\"\ntarget_env=\"\"\ntarget_feature=\"neon\"\ntarget_has_atomic\ntarget_has_atomic=\"128\"\ntarget_has_atomic=\"16\"\ntarget_has_atomic=\"32\"\ntarget_has_atomic=\"64\"\ntarget_has_atomic=\"8\"\ntarget_has_atomic=\"ptr\"\ntarget_has_atomic_equal_alignment=\"128\"\ntarget_has_atomic_equal_alignment=\"16\"\ntarget_has_atomic_equal_alignment=\"32\"\ntarget_has_atomic_equal_alignment=\"64\"\ntarget_has_atomic_equal_alignment=\"8\"\ntarget_has_atomic_equal_alignment=\"ptr\"\ntarget_has_atomic_load_store\ntarget_has_atomic_load_store=\"128\"\ntarget_has_atomic_load_store=\"16\"\ntarget_has_atomic_load_store=\"32\"\ntarget_has_atomic_load_store=\"64\"\ntarget_has_atomic_load_store=\"8\"\ntarget_has_atomic_load_store=\"ptr\"\ntarget_os=\"none\"\ntarget_pointer_width=\"64\"\ntarget_vendor=\"unknown\"\nub_checks\n\n\n-----\n\nerror: failed to build rustdoc for crate axsignal v0.1.0\nnote: this is usually due to a compilation error in the crate,\n      and is unlikely to be a bug in cargo-semver-checks\nnote: the following command can be used to reproduce the compilation error:\n      cargo new --lib example &&\n          cd example &&\n          echo '[workspace]' >> Cargo.toml &&\n          cargo add --path /home/runner/check/batch_1/Starry-OS/Starry-New/modules/axsignal --features default &&\n          cargo check\n\nerror: aborting due to failure to build rustdoc for crate axsignal v0.1.0\n"]}},{"file":"[lockbud] Not supported to display yet.","count":1,"kinds":{"Lockbud(Possibly)":["[2024-12-04T20:52:31Z WARN  lockbud::callbacks] [\n      {\n        \"AtomicityViolation\": {\n          \"bug_kind\": \"AtomicityViolation\",\n          \"possibility\": \"Possibly\",\n          \"diagnosis\": {\n            \"fn_name\": \"set_logger_racy\",\n            \"atomic_reader\": \"/home/runner/.cargo/registry/src/index.crates.io-6f17d22bba15001f/log-0.4.21/src/lib.rs:1408:11: 1408:39 (#0)\",\n            \"atomic_writer\": \"/home/runner/.cargo/registry/src/index.crates.io-6f17d22bba15001f/log-0.4.21/src/lib.rs:1411:13: 1411:55 (#0)\",\n            \"dep_kind\": \"Control\"\n          },\n          \"explanation\": \"atomic::store is data/control dependent on atomic::load\"\n        }\n      }\n    ]\n[2024-12-04T20:52:31Z WARN  lockbud::callbacks] crate log contains bugs: { probably: 0, possibly: 0 }, conflictlock: { probably: 0, possibly: 0 }, condvar_deadlock: { probably: 0, possibly: 0 }, atomicity_violation: { possibly: 1 }, invalid_free: { possibly: 0 }, use_after_free: { possibly: 0 }"]}},{"file":"[semver checks]","count":1,"kinds":{"Semver Violation":["pkg=axsignal, checker=SemverChecks\ntoolchain=nightly-2024-05-02, target=aarch64-unknown-none\npkg_dir=/home/runner/check/batch_1/Starry-OS/Starry-New/modules/axsignal\ncmd=cargo +nightly-2024-12-26-x86_64-unknown-linux-gnu semver-checks --target aarch64-unknown-none\n\n\nstdout:\n\nstderr:\n    Building axsignal v0.1.0 (current)\nerror: running cargo-doc on crate 'axsignal' failed with output:\n-----\nerror: output of --print=file-names missing when learning about target-specific information from rustc\ncommand was: `/home/runner/.rustup/toolchains/nightly-2024-12-26-x86_64-unknown-linux-gnu/bin/rustc - --crate-name ___ --print=file-names --cap-lints=allow --target aarch64-unknown-none --crate-type bin --crate-type rlib --crate-type dylib --crate-type cdylib --crate-type staticlib --crate-type proc-macro --print=sysroot --print=split-debuginfo --print=crate-name --print=cfg`\n\n--- stdout\n___\nlib___.rlib\nlib___.a\n/home/runner/.rustup/toolchains/nightly-2024-12-26-x86_64-unknown-linux-gnu\noff\n___\ndebug_assertions\nfmt_debug=\"full\"\noverflow_checks\npanic=\"abort\"\nproc_macro\nrelocation_model=\"static\"\ntarget_abi=\"\"\ntarget_arch=\"aarch64\"\ntarget_endian=\"little\"\ntarget_env=\"\"\ntarget_feature=\"neon\"\ntarget_has_atomic\ntarget_has_atomic=\"128\"\ntarget_has_atomic=\"16\"\ntarget_has_atomic=\"32\"\ntarget_has_atomic=\"64\"\ntarget_has_atomic=\"8\"\ntarget_has_atomic=\"ptr\"\ntarget_has_atomic_equal_alignment=\"128\"\ntarget_has_atomic_equal_alignment=\"16\"\ntarget_has_atomic_equal_alignment=\"32\"\ntarget_has_atomic_equal_alignment=\"64\"\ntarget_has_atomic_equal_alignment=\"8\"\ntarget_has_atomic_equal_alignment=\"ptr\"\ntarget_has_atomic_load_store\ntarget_has_atomic_load_store=\"128\"\ntarget_has_atomic_load_store=\"16\"\ntarget_has_atomic_load_store=\"32\"\ntarget_has_atomic_load_store=\"64\"\ntarget_has_atomic_load_store=\"8\"\ntarget_has_atomic_load_store=\"ptr\"\ntarget_os=\"none\"\ntarget_pointer_width=\"64\"\ntarget_vendor=\"unknown\"\nub_checks\n\n\n-----\n\nerror: failed to build rustdoc for crate axsignal v0.1.0\nnote: this is usually due to a compilation error in the crate,\n      and is unlikely to be a bug in cargo-semver-checks\nnote: the following command can be used to reproduce the compilation error:\n      cargo new --lib example &&\n          cd example &&\n          echo '[workspace]' >> Cargo.toml &&\n          cargo add --path /home/runner/check/batch_1/Starry-OS/Starry-New/modules/axsignal --features default &&\n          cargo check\n\nerror: aborting due to failure to build rustdoc for crate axsignal v0.1.0\n"]}}]},{"user":"Starry-OS","repo":"Starry-New","pkg":"axstd","count":4,"raw_reports":[{"file":"(virtual) rap","count":1,"kinds":{"Cargo":["// pkg_name=axstd, checker=Rap\n// toolchain=nightly-2024-05-02, target=aarch64-unknown-none\n// pkg_dir=/home/runner/check/batch_1/Starry-OS/Starry-New/ulib/axstd\n// cmd=cargo +nightly-2024-10-12 rap -F -M -- --target aarch64-unknown-none\n// timestamp=2024-12-27 5:41:49.643353056 +08:00:00\n   Compiling hashbrown v0.15.2\n   Compiling equivalent v1.0.1\n   Compiling serde v1.0.215\n   Compiling winnow v0.6.20\n   Compiling toml_datetime v0.6.8\n    Checking tock-registers v0.8.1\nerror[E0463]: can't find crate for `core`\n  |\n  = note: the `aarch64-unknown-none` target may not be installed\n  = help: consider downloading the target with `rustup target add aarch64-unknown-none`\n  = help: consider building the standard library from source with `cargo build -Zbuild-std`\n\nFor more information about this error, try `rustc --explain E0463`.\nerror: could not compile `tock-registers` (lib) due to 1 previous error\nwarning: build failed, waiting for other jobs to finish...\n21:41:52|RAP|ERROR|: Finished with non-zero exit code.\n"]}},{"file":"(virtual) semver-checks","count":1,"kinds":{"Cargo":["// pkg_name=axstd, checker=SemverChecks\n// toolchain=nightly-2024-05-02, target=aarch64-unknown-none\n// pkg_dir=/home/runner/check/batch_1/Starry-OS/Starry-New/ulib/axstd\n// cmd=cargo +nightly-2024-12-26-x86_64-unknown-linux-gnu semver-checks --target aarch64-unknown-none\n// timestamp=2024-12-28 11:05:09.596244681 +08:00:00\n    Building axstd v0.1.0 (current)\nerror: running cargo-doc on crate 'axstd' failed with output:\n-----\nerror: output of --print=file-names missing when learning about target-specific information from rustc\ncommand was: `/home/runner/.rustup/toolchains/nightly-2024-12-26-x86_64-unknown-linux-gnu/bin/rustc - --crate-name ___ --print=file-names --cap-lints=allow --target aarch64-unknown-none --crate-type bin --crate-type rlib --crate-type dylib --crate-type cdylib --crate-type staticlib --crate-type proc-macro --print=sysroot --print=split-debuginfo --print=crate-name --print=cfg`\n\n--- stdout\n___\nlib___.rlib\nlib___.a\n/home/runner/.rustup/toolchains/nightly-2024-12-26-x86_64-unknown-linux-gnu\noff\n___\ndebug_assertions\nfmt_debug=\"full\"\noverflow_checks\npanic=\"abort\"\nproc_macro\nrelocation_model=\"static\"\ntarget_abi=\"\"\ntarget_arch=\"aarch64\"\ntarget_endian=\"little\"\ntarget_env=\"\"\ntarget_feature=\"neon\"\ntarget_has_atomic\ntarget_has_atomic=\"128\"\ntarget_has_atomic=\"16\"\ntarget_has_atomic=\"32\"\ntarget_has_atomic=\"64\"\ntarget_has_atomic=\"8\"\ntarget_has_atomic=\"ptr\"\ntarget_has_atomic_equal_alignment=\"128\"\ntarget_has_atomic_equal_alignment=\"16\"\ntarget_has_atomic_equal_alignment=\"32\"\ntarget_has_atomic_equal_alignment=\"64\"\ntarget_has_atomic_equal_alignment=\"8\"\ntarget_has_atomic_equal_alignment=\"ptr\"\ntarget_has_atomic_load_store\ntarget_has_atomic_load_store=\"128\"\ntarget_has_atomic_load_store=\"16\"\ntarget_has_atomic_load_store=\"32\"\ntarget_has_atomic_load_store=\"64\"\ntarget_has_atomic_load_store=\"8\"\ntarget_has_atomic_load_store=\"ptr\"\ntarget_os=\"none\"\ntarget_pointer_width=\"64\"\ntarget_vendor=\"unknown\"\nub_checks\n\n\n-----\n\nerror: failed to build rustdoc for crate axstd v0.1.0\nnote: this is usually due to a compilation error in the crate,\n      and is unlikely to be a bug in cargo-semver-checks\nnote: the following command can be used to reproduce the compilation error:\n      cargo new --lib example &&\n          cd example &&\n          echo '[workspace]' >> Cargo.toml &&\n          cargo add --path /home/runner/check/batch_1/Starry-OS/Starry-New/ulib/axstd --features alloc,alloc-buddy,alloc-slab,alloc-tlsf,bus-mmio,bus-pci,default,display,dns,driver-bcm2835-sdhci,driver-ixgbe,driver-ramdisk,fatfs,fp_simd,fs,irq,log-level-debug,log-level-error,log-level-info,log-level-off,log-level-trace,log-level-warn,lwext4_rust,multitask,myfs,net,paging,sched_cfs,sched_fifo,sched_rr,smp,tls &&\n          cargo check\n\nerror: aborting due to failure to build rustdoc for crate axstd v0.1.0\n"]}},{"file":"[lockbud] Not supported to display yet.","count":1,"kinds":{"Lockbud(Possibly)":["[2024-12-04T20:52:31Z WARN  lockbud::callbacks] [\n      {\n        \"AtomicityViolation\": {\n          \"bug_kind\": \"AtomicityViolation\",\n          \"possibility\": \"Possibly\",\n          \"diagnosis\": {\n            \"fn_name\": \"set_logger_racy\",\n            \"atomic_reader\": \"/home/runner/.cargo/registry/src/index.crates.io-6f17d22bba15001f/log-0.4.21/src/lib.rs:1408:11: 1408:39 (#0)\",\n            \"atomic_writer\": \"/home/runner/.cargo/registry/src/index.crates.io-6f17d22bba15001f/log-0.4.21/src/lib.rs:1411:13: 1411:55 (#0)\",\n            \"dep_kind\": \"Control\"\n          },\n          \"explanation\": \"atomic::store is data/control dependent on atomic::load\"\n        }\n      }\n    ]\n[2024-12-04T20:52:31Z WARN  lockbud::callbacks] crate log contains bugs: { probably: 0, possibly: 0 }, conflictlock: { probably: 0, possibly: 0 }, condvar_deadlock: { probably: 0, possibly: 0 }, atomicity_violation: { possibly: 1 }, invalid_free: { possibly: 0 }, use_after_free: { possibly: 0 }"]}},{"file":"[semver checks]","count":1,"kinds":{"Semver Violation":["pkg=axstd, checker=SemverChecks\ntoolchain=nightly-2024-05-02, target=aarch64-unknown-none\npkg_dir=/home/runner/check/batch_1/Starry-OS/Starry-New/ulib/axstd\ncmd=cargo +nightly-2024-12-26-x86_64-unknown-linux-gnu semver-checks --target aarch64-unknown-none\n\n\nstdout:\n\nstderr:\n    Building axstd v0.1.0 (current)\nerror: running cargo-doc on crate 'axstd' failed with output:\n-----\nerror: output of --print=file-names missing when learning about target-specific information from rustc\ncommand was: `/home/runner/.rustup/toolchains/nightly-2024-12-26-x86_64-unknown-linux-gnu/bin/rustc - --crate-name ___ --print=file-names --cap-lints=allow --target aarch64-unknown-none --crate-type bin --crate-type rlib --crate-type dylib --crate-type cdylib --crate-type staticlib --crate-type proc-macro --print=sysroot --print=split-debuginfo --print=crate-name --print=cfg`\n\n--- stdout\n___\nlib___.rlib\nlib___.a\n/home/runner/.rustup/toolchains/nightly-2024-12-26-x86_64-unknown-linux-gnu\noff\n___\ndebug_assertions\nfmt_debug=\"full\"\noverflow_checks\npanic=\"abort\"\nproc_macro\nrelocation_model=\"static\"\ntarget_abi=\"\"\ntarget_arch=\"aarch64\"\ntarget_endian=\"little\"\ntarget_env=\"\"\ntarget_feature=\"neon\"\ntarget_has_atomic\ntarget_has_atomic=\"128\"\ntarget_has_atomic=\"16\"\ntarget_has_atomic=\"32\"\ntarget_has_atomic=\"64\"\ntarget_has_atomic=\"8\"\ntarget_has_atomic=\"ptr\"\ntarget_has_atomic_equal_alignment=\"128\"\ntarget_has_atomic_equal_alignment=\"16\"\ntarget_has_atomic_equal_alignment=\"32\"\ntarget_has_atomic_equal_alignment=\"64\"\ntarget_has_atomic_equal_alignment=\"8\"\ntarget_has_atomic_equal_alignment=\"ptr\"\ntarget_has_atomic_load_store\ntarget_has_atomic_load_store=\"128\"\ntarget_has_atomic_load_store=\"16\"\ntarget_has_atomic_load_store=\"32\"\ntarget_has_atomic_load_store=\"64\"\ntarget_has_atomic_load_store=\"8\"\ntarget_has_atomic_load_store=\"ptr\"\ntarget_os=\"none\"\ntarget_pointer_width=\"64\"\ntarget_vendor=\"unknown\"\nub_checks\n\n\n-----\n\nerror: failed to build rustdoc for crate axstd v0.1.0\nnote: this is usually due to a compilation error in the crate,\n      and is unlikely to be a bug in cargo-semver-checks\nnote: the following command can be used to reproduce the compilation error:\n      cargo new --lib example &&\n          cd example &&\n          echo '[workspace]' >> Cargo.toml &&\n          cargo add --path /home/runner/check/batch_1/Starry-OS/Starry-New/ulib/axstd --features alloc,alloc-buddy,alloc-slab,alloc-tlsf,bus-mmio,bus-pci,default,display,dns,driver-bcm2835-sdhci,driver-ixgbe,driver-ramdisk,fatfs,fp_simd,fs,irq,log-level-debug,log-level-error,log-level-info,log-level-off,log-level-trace,log-level-warn,lwext4_rust,multitask,myfs,net,paging,sched_cfs,sched_fifo,sched_rr,smp,tls &&\n          cargo check\n\nerror: aborting due to failure to build rustdoc for crate axstd v0.1.0\n"]}}]},{"user":"Starry-OS","repo":"Starry-New","pkg":"axsync","count":4,"raw_reports":[{"file":"(virtual) rap","count":1,"kinds":{"Cargo":["// pkg_name=axsync, checker=Rap\n// toolchain=nightly-2024-05-02, target=aarch64-unknown-none\n// pkg_dir=/home/runner/check/batch_1/Starry-OS/Starry-New/modules/axsync\n// cmd=cargo +nightly-2024-10-12 rap -F -M -- --target aarch64-unknown-none\n// timestamp=2024-12-27 5:41:57.642944607 +08:00:00\n   Compiling hashbrown v0.15.2\n   Compiling serde v1.0.215\n   Compiling equivalent v1.0.1\n   Compiling winnow v0.6.20\n   Compiling toml_datetime v0.6.8\n    Checking tock-registers v0.8.1\nerror[E0463]: can't find crate for `core`\n  |\n  = note: the `aarch64-unknown-none` target may not be installed\n  = help: consider downloading the target with `rustup target add aarch64-unknown-none`\n  = help: consider building the standard library from source with `cargo build -Zbuild-std`\n\nFor more information about this error, try `rustc --explain E0463`.\nerror: could not compile `tock-registers` (lib) due to 1 previous error\nwarning: build failed, waiting for other jobs to finish...\n21:42:00|RAP|ERROR|: Finished with non-zero exit code.\n"]}},{"file":"(virtual) semver-checks","count":1,"kinds":{"Cargo":["// pkg_name=axsync, checker=SemverChecks\n// toolchain=nightly-2024-05-02, target=aarch64-unknown-none\n// pkg_dir=/home/runner/check/batch_1/Starry-OS/Starry-New/modules/axsync\n// cmd=cargo +nightly-2024-12-26-x86_64-unknown-linux-gnu semver-checks --target aarch64-unknown-none\n// timestamp=2024-12-28 11:05:21.117989053 +08:00:00\n    Building axsync v0.1.0 (current)\nerror: running cargo-doc on crate 'axsync' failed with output:\n-----\nerror: output of --print=file-names missing when learning about target-specific information from rustc\ncommand was: `/home/runner/.rustup/toolchains/nightly-2024-12-26-x86_64-unknown-linux-gnu/bin/rustc - --crate-name ___ --print=file-names --cap-lints=allow --target aarch64-unknown-none --crate-type bin --crate-type rlib --crate-type dylib --crate-type cdylib --crate-type staticlib --crate-type proc-macro --print=sysroot --print=split-debuginfo --print=crate-name --print=cfg`\n\n--- stdout\n___\nlib___.rlib\nlib___.a\n/home/runner/.rustup/toolchains/nightly-2024-12-26-x86_64-unknown-linux-gnu\noff\n___\ndebug_assertions\nfmt_debug=\"full\"\noverflow_checks\npanic=\"abort\"\nproc_macro\nrelocation_model=\"static\"\ntarget_abi=\"\"\ntarget_arch=\"aarch64\"\ntarget_endian=\"little\"\ntarget_env=\"\"\ntarget_feature=\"neon\"\ntarget_has_atomic\ntarget_has_atomic=\"128\"\ntarget_has_atomic=\"16\"\ntarget_has_atomic=\"32\"\ntarget_has_atomic=\"64\"\ntarget_has_atomic=\"8\"\ntarget_has_atomic=\"ptr\"\ntarget_has_atomic_equal_alignment=\"128\"\ntarget_has_atomic_equal_alignment=\"16\"\ntarget_has_atomic_equal_alignment=\"32\"\ntarget_has_atomic_equal_alignment=\"64\"\ntarget_has_atomic_equal_alignment=\"8\"\ntarget_has_atomic_equal_alignment=\"ptr\"\ntarget_has_atomic_load_store\ntarget_has_atomic_load_store=\"128\"\ntarget_has_atomic_load_store=\"16\"\ntarget_has_atomic_load_store=\"32\"\ntarget_has_atomic_load_store=\"64\"\ntarget_has_atomic_load_store=\"8\"\ntarget_has_atomic_load_store=\"ptr\"\ntarget_os=\"none\"\ntarget_pointer_width=\"64\"\ntarget_vendor=\"unknown\"\nub_checks\n\n\n-----\n\nerror: failed to build rustdoc for crate axsync v0.1.0\nnote: this is usually due to a compilation error in the crate,\n      and is unlikely to be a bug in cargo-semver-checks\nnote: the following command can be used to reproduce the compilation error:\n      cargo new --lib example &&\n          cd example &&\n          echo '[workspace]' >> Cargo.toml &&\n          cargo add --path /home/runner/check/batch_1/Starry-OS/Starry-New/modules/axsync --features default,irq,multitask &&\n          cargo check\n\nerror: aborting due to failure to build rustdoc for crate axsync v0.1.0\n"]}},{"file":"[lockbud] Not supported to display yet.","count":1,"kinds":{"Lockbud(Possibly)":["[2024-12-04T20:52:31Z WARN  lockbud::callbacks] [\n      {\n        \"AtomicityViolation\": {\n          \"bug_kind\": \"AtomicityViolation\",\n          \"possibility\": \"Possibly\",\n          \"diagnosis\": {\n            \"fn_name\": \"set_logger_racy\",\n            \"atomic_reader\": \"/home/runner/.cargo/registry/src/index.crates.io-6f17d22bba15001f/log-0.4.21/src/lib.rs:1408:11: 1408:39 (#0)\",\n            \"atomic_writer\": \"/home/runner/.cargo/registry/src/index.crates.io-6f17d22bba15001f/log-0.4.21/src/lib.rs:1411:13: 1411:55 (#0)\",\n            \"dep_kind\": \"Control\"\n          },\n          \"explanation\": \"atomic::store is data/control dependent on atomic::load\"\n        }\n      }\n    ]\n[2024-12-04T20:52:31Z WARN  lockbud::callbacks] crate log contains bugs: { probably: 0, possibly: 0 }, conflictlock: { probably: 0, possibly: 0 }, condvar_deadlock: { probably: 0, possibly: 0 }, atomicity_violation: { possibly: 1 }, invalid_free: { possibly: 0 }, use_after_free: { possibly: 0 }"]}},{"file":"[semver checks]","count":1,"kinds":{"Semver Violation":["pkg=axsync, checker=SemverChecks\ntoolchain=nightly-2024-05-02, target=aarch64-unknown-none\npkg_dir=/home/runner/check/batch_1/Starry-OS/Starry-New/modules/axsync\ncmd=cargo +nightly-2024-12-26-x86_64-unknown-linux-gnu semver-checks --target aarch64-unknown-none\n\n\nstdout:\n\nstderr:\n    Building axsync v0.1.0 (current)\nerror: running cargo-doc on crate 'axsync' failed with output:\n-----\nerror: output of --print=file-names missing when learning about target-specific information from rustc\ncommand was: `/home/runner/.rustup/toolchains/nightly-2024-12-26-x86_64-unknown-linux-gnu/bin/rustc - --crate-name ___ --print=file-names --cap-lints=allow --target aarch64-unknown-none --crate-type bin --crate-type rlib --crate-type dylib --crate-type cdylib --crate-type staticlib --crate-type proc-macro --print=sysroot --print=split-debuginfo --print=crate-name --print=cfg`\n\n--- stdout\n___\nlib___.rlib\nlib___.a\n/home/runner/.rustup/toolchains/nightly-2024-12-26-x86_64-unknown-linux-gnu\noff\n___\ndebug_assertions\nfmt_debug=\"full\"\noverflow_checks\npanic=\"abort\"\nproc_macro\nrelocation_model=\"static\"\ntarget_abi=\"\"\ntarget_arch=\"aarch64\"\ntarget_endian=\"little\"\ntarget_env=\"\"\ntarget_feature=\"neon\"\ntarget_has_atomic\ntarget_has_atomic=\"128\"\ntarget_has_atomic=\"16\"\ntarget_has_atomic=\"32\"\ntarget_has_atomic=\"64\"\ntarget_has_atomic=\"8\"\ntarget_has_atomic=\"ptr\"\ntarget_has_atomic_equal_alignment=\"128\"\ntarget_has_atomic_equal_alignment=\"16\"\ntarget_has_atomic_equal_alignment=\"32\"\ntarget_has_atomic_equal_alignment=\"64\"\ntarget_has_atomic_equal_alignment=\"8\"\ntarget_has_atomic_equal_alignment=\"ptr\"\ntarget_has_atomic_load_store\ntarget_has_atomic_load_store=\"128\"\ntarget_has_atomic_load_store=\"16\"\ntarget_has_atomic_load_store=\"32\"\ntarget_has_atomic_load_store=\"64\"\ntarget_has_atomic_load_store=\"8\"\ntarget_has_atomic_load_store=\"ptr\"\ntarget_os=\"none\"\ntarget_pointer_width=\"64\"\ntarget_vendor=\"unknown\"\nub_checks\n\n\n-----\n\nerror: failed to build rustdoc for crate axsync v0.1.0\nnote: this is usually due to a compilation error in the crate,\n      and is unlikely to be a bug in cargo-semver-checks\nnote: the following command can be used to reproduce the compilation error:\n      cargo new --lib example &&\n          cd example &&\n          echo '[workspace]' >> Cargo.toml &&\n          cargo add --path /home/runner/check/batch_1/Starry-OS/Starry-New/modules/axsync --features default,irq,multitask &&\n          cargo check\n\nerror: aborting due to failure to build rustdoc for crate axsync v0.1.0\n"]}}]},{"user":"Starry-OS","repo":"Starry-New","pkg":"arceos-bwbench","count":2,"raw_reports":[{"file":"(virtual) rap","count":1,"kinds":{"Cargo":["// pkg_name=arceos-bwbench, checker=Rap\n// toolchain=nightly-2024-05-02, target=aarch64-unknown-none\n// pkg_dir=/home/runner/check/batch_1/Starry-OS/Starry-New/apps/net/bwbench\n// cmd=cargo +nightly-2024-10-12 rap -F -M -- --target aarch64-unknown-none\n// timestamp=2024-12-27 5:37:45.488371061 +08:00:00\n    Updating git repository `https://github.com/Starry-OS/of.git`\n    Updating git repository `https://github.com/Starry-OS/allocator.git`\n    Updating git repository `https://github.com/Starry-OS/axerrno.git`\n    Updating git repository `https://github.com/Starry-OS/memory_addr.git`\n    Updating git repository `https://github.com/Starry-OS/spinlock.git`\n    Updating git repository `https://github.com/Starry-OS/axfs_ramfs.git`\n    Updating git repository `https://github.com/Starry-OS/crate_interface.git`\n    Updating git repository `https://github.com/Starry-OS/handler_table.git`\n    Updating git repository `https://github.com/Starry-OS/kernel_guard.git`\n    Updating git repository `https://github.com/Starry-OS/lazy_init.git`\n    Updating git repository `https://github.com/Starry-OS/page_table.git`\n    Updating git repository `https://github.com/Starry-OS/page_table_entry.git`\n    Updating git repository `https://github.com/Starry-OS/percpu.git`\n    Updating git repository `https://github.com/Starry-OS/ratio.git`\n    Updating git repository `https://github.com/Starry-OS/taskctx.git`\n    Updating git repository `https://github.com/Starry-OS/arm_gic.git`\n    Updating git repository `https://github.com/Starry-OS/arm_pl011.git`\n    Updating git repository `https://github.com/Starry-OS/dw_apb_uart.git`\n    Updating git repository `https://github.com/Starry-OS/driver_display.git`\n    Updating git repository `https://github.com/Starry-OS/driver_block.git`\n    Updating git repository `https://github.com/Starry-OS/driver_common.git`\n    Updating git repository `https://github.com/Starry-OS/driver_net.git`\n    Updating git repository `https://github.com/Starry-OS/driver_pci.git`\n    Updating git repository `https://github.com/Starry-OS/driver_virtio.git`\n    Updating git repository `https://github.com/kern-crates/axbacktrace.git`\n    Updating git repository `https://github.com/Starry-OS/linked_list.git`\n    Updating git repository `https://github.com/mexus/numeric-enum-macro`\n    Updating git repository `https://github.com/Starry-OS/scheduler.git`\n    Updating git repository `https://github.com/Starry-OS/timer_list.git`\n    Updating git repository `https://github.com/Starry-OS/ljx_ext4.git`\n    Updating git repository `https://github.com/Starry-OS/axfs_devfs.git`\n    Updating git repository `https://github.com/Starry-OS/axfs_vfs.git`\n    Updating git repository `https://github.com/Starry-OS/axio.git`\n    Updating git repository `https://github.com/Starry-OS/capability.git`\n    Updating git repository `https://github.com/rafalh/rust-fatfs`\n    Updating git repository `https://github.com/elliott10/lwext4_rust.git`\n    Updating git submodule `https://github.com/gkostka/lwext4.git`\n    Updating git repository `https://github.com/Starry-OS/elf_parser.git`\n    Updating git repository `https://github.com/rcore-os/smoltcp.git`\n    Updating git repository `https://github.com/Starry-OS/axlog.git`\n    Updating git repository `https://github.com/Starry-OS/flatten_objects.git`\n    Updating git repository `https://github.com/rcore-os/bitmap-allocator.git`\n    Updating git repository `https://github.com/arceos-org/slab_allocator.git`\n    Updating git repository `https://github.com/Starry-OS/percpu_macros.git`\n    Updating git repository `https://github.com/Starry-OS/axconfig.git`\n    Updating git repository `https://github.com/lhw2002426/bcm2835-sdhci.git`\n    Updating git repository `https://github.com/elliott10/e1000-driver.git`\n    Updating git repository `https://github.com/KuangjuX/ixgbe-driver.git`\n    Updating git repository `https://github.com/rcore-os/smoltcp.git`\n Downloading crates ...\n  Downloaded base64 v0.13.1\n  Downloaded toml_datetime v0.6.8\n  Downloaded const-default v1.0.0\n  Downloaded thiserror-impl v2.0.3\n  Downloaded thiserror v2.0.3\n  Downloaded svgbobdoc v0.3.0\n  Downloaded quote v1.0.37\n  Downloaded virtio-drivers v0.7.4\n  Downloaded proc-macro-error2 v2.0.1\n  Downloaded defmt v0.3.10\n  Downloaded toml_edit v0.22.22\n  Downloaded raw-cpuid v11.2.0\n  Downloaded winnow v0.6.20\n  Downloaded serde v1.0.215\n  Downloaded rustversion v1.0.18\n  Downloaded syn v2.0.90\n  Downloaded proc-macro-error-attr2 v2.0.0\n  Downloaded libc v0.2.167\n  Downloaded defmt-macros v0.4.0\n  Downloaded rlsf v0.2.1\n  Downloaded defmt-parser v0.4.1\n   Compiling hashbrown v0.15.2\n   Compiling serde v1.0.215\n   Compiling equivalent v1.0.1\n   Compiling winnow v0.6.20\n   Compiling toml_datetime v0.6.8\n   Compiling proc-macro2 v1.0.92\n   Compiling indexmap v2.7.0\n   Compiling unicode-ident v1.0.14\n    Checking log v0.4.21\nerror[E0463]: can't find crate for `core`\n  |\n  = note: the `aarch64-unknown-none` target may not be installed\n  = help: consider downloading the target with `rustup target add aarch64-unknown-none`\n  = help: consider building the standard library from source with `cargo build -Zbuild-std`\n\nFor more information about this error, try `rustc --explain E0463`.\nerror: could not compile `log` (lib) due to 1 previous error\nwarning: build failed, waiting for other jobs to finish...\n21:38:12|RAP|ERROR|: Finished with non-zero exit code.\n"]}},{"file":"[lockbud] Not supported to display yet.","count":1,"kinds":{"Lockbud(Possibly)":["[2024-12-04T20:52:31Z WARN  lockbud::callbacks] [\n      {\n        \"AtomicityViolation\": {\n          \"bug_kind\": \"AtomicityViolation\",\n          \"possibility\": \"Possibly\",\n          \"diagnosis\": {\n            \"fn_name\": \"set_logger_racy\",\n            \"atomic_reader\": \"/home/runner/.cargo/registry/src/index.crates.io-6f17d22bba15001f/log-0.4.21/src/lib.rs:1408:11: 1408:39 (#0)\",\n            \"atomic_writer\": \"/home/runner/.cargo/registry/src/index.crates.io-6f17d22bba15001f/log-0.4.21/src/lib.rs:1411:13: 1411:55 (#0)\",\n            \"dep_kind\": \"Control\"\n          },\n          \"explanation\": \"atomic::store is data/control dependent on atomic::load\"\n        }\n      }\n    ]\n[2024-12-04T20:52:31Z WARN  lockbud::callbacks] crate log contains bugs: { probably: 0, possibly: 0 }, conflictlock: { probably: 0, possibly: 0 }, condvar_deadlock: { probably: 0, possibly: 0 }, atomicity_violation: { possibly: 1 }, invalid_free: { possibly: 0 }, use_after_free: { possibly: 0 }"]}}]}],"kinds_order":["Cargo","Clippy(Error)","Clippy(Warn)","Semver Violation","Audit","Mirai","Rap","Rudra","Lockbud(Probably)","Lockbud(Possibly)","Outdated","Geiger","Unformatted"]}