{"repo":{"user":"Starry-OS","repo":"Starry-New"},"data":[{"user":"Starry-OS","repo":"Starry-New","pkg":"linux_syscall_api","count":25,"raw_reports":[{"file":"api/linux_syscall_api/src/syscall_task/mod.rs","count":10,"kinds":{"Clippy(Warn)":["warning: unreachable pattern\n  --> api/linux_syscall_api/src/syscall_task/mod.rs:73:9\n   |\n72 |         SCHED_GET_PRORITY_MAX => syscall_sched_getscheduler_max(args),\n   |         --------------------- matches any value\n73 |         SCHED_GET_PRORITY_MIN => syscall_sched_getscheduler_min(args),\n   |         ^^^^^^^^^^^^^^^^^^^^^ unreachable pattern\n\n","warning: unreachable pattern\n  --> api/linux_syscall_api/src/syscall_task/mod.rs:74:9\n   |\n72 |         SCHED_GET_PRORITY_MAX => syscall_sched_getscheduler_max(args),\n   |         --------------------- matches any value\n73 |         SCHED_GET_PRORITY_MIN => syscall_sched_getscheduler_min(args),\n74 |         GET_MEMPOLICY => Ok(0),\n   |         ^^^^^^^^^^^^^ unreachable pattern\n\n","warning: unreachable pattern\n  --> api/linux_syscall_api/src/syscall_task/mod.rs:75:9\n   |\n72 |         SCHED_GET_PRORITY_MAX => syscall_sched_getscheduler_max(args),\n   |         --------------------- matches any value\n...\n75 |         CLOCK_GETRES => syscall_clock_getres(args),\n   |         ^^^^^^^^^^^^ unreachable pattern\n\n","warning: unreachable pattern\n  --> api/linux_syscall_api/src/syscall_task/mod.rs:76:9\n   |\n72 |         SCHED_GET_PRORITY_MAX => syscall_sched_getscheduler_max(args),\n   |         --------------------- matches any value\n...\n76 |         CLOCK_NANOSLEEP => syscall_clock_nanosleep(args),\n   |         ^^^^^^^^^^^^^^^ unreachable pattern\n\n","warning: unreachable pattern\n  --> api/linux_syscall_api/src/syscall_task/mod.rs:77:9\n   |\n72 |         SCHED_GET_PRORITY_MAX => syscall_sched_getscheduler_max(args),\n   |         --------------------- matches any value\n...\n77 |         PRCTL => syscall_prctl(args),\n   |         ^^^^^ unreachable pattern\n\n","warning: unreachable pattern\n  --> api/linux_syscall_api/src/syscall_task/mod.rs:78:9\n   |\n72 |         SCHED_GET_PRORITY_MAX => syscall_sched_getscheduler_max(args),\n   |         --------------------- matches any value\n...\n78 |         PIDFD_SEND_SIGNAL => syscall_pidfd_send_signal(args),\n   |         ^^^^^^^^^^^^^^^^^ unreachable pattern\n\n","warning: unused variable: `SCHED_GET_PRORITY_MAX`\n  --> api/linux_syscall_api/src/syscall_task/mod.rs:72:9\n   |\n72 |         SCHED_GET_PRORITY_MAX => syscall_sched_getscheduler_max(args),\n   |         ^^^^^^^^^^^^^^^^^^^^^ help: if this is intentional, prefix it with an underscore: `_SCHED_GET_PRORITY_MAX`\n\n","warning: unused variable: `SCHED_GET_PRORITY_MIN`\n  --> api/linux_syscall_api/src/syscall_task/mod.rs:73:9\n   |\n73 |         SCHED_GET_PRORITY_MIN => syscall_sched_getscheduler_min(args),\n   |         ^^^^^^^^^^^^^^^^^^^^^ help: if this is intentional, prefix it with an underscore: `_SCHED_GET_PRORITY_MIN`\n\n","warning: variable `SCHED_GET_PRORITY_MAX` should have a snake case name\n  --> api/linux_syscall_api/src/syscall_task/mod.rs:72:9\n   |\n72 |         SCHED_GET_PRORITY_MAX => syscall_sched_getscheduler_max(args),\n   |         ^^^^^^^^^^^^^^^^^^^^^ help: convert the identifier to snake case: `sched_get_prority_max`\n\n","warning: variable `SCHED_GET_PRORITY_MIN` should have a snake case name\n  --> api/linux_syscall_api/src/syscall_task/mod.rs:73:9\n   |\n73 |         SCHED_GET_PRORITY_MIN => syscall_sched_getscheduler_min(args),\n   |         ^^^^^^^^^^^^^^^^^^^^^ help: convert the identifier to snake case: `sched_get_prority_min`\n\n"]}},{"file":"api/linux_syscall_api/src/syscall_net/mod.rs","count":7,"kinds":{"Clippy(Warn)":["warning: unreachable pattern\n  --> api/linux_syscall_api/src/syscall_net/mod.rs:28:9\n   |\n27 |         SENDMMSG => Ok(0),\n   |         -------- matches any value\n28 |         SETSOCKOPT => syscall_set_sock_opt(args),\n   |         ^^^^^^^^^^ unreachable pattern\n   |\n   = note: `#[warn(unreachable_patterns)]` on by default\n\n","warning: unreachable pattern\n  --> api/linux_syscall_api/src/syscall_net/mod.rs:30:9\n   |\n27 |         SENDMMSG => Ok(0),\n   |         -------- matches any value\n...\n30 |         GETSOCKOPT => syscall_get_sock_opt(args),\n   |         ^^^^^^^^^^ unreachable pattern\n\n","warning: unreachable pattern\n  --> api/linux_syscall_api/src/syscall_net/mod.rs:31:9\n   |\n27 |         SENDMMSG => Ok(0),\n   |         -------- matches any value\n...\n31 |         SOCKETPAIR => syscall_socketpair(args),\n   |         ^^^^^^^^^^ unreachable pattern\n\n","warning: unreachable pattern\n  --> api/linux_syscall_api/src/syscall_net/mod.rs:32:9\n   |\n27 |         SENDMMSG => Ok(0),\n   |         -------- matches any value\n...\n32 |         ACCEPT4 => syscall_accept4(args),\n   |         ^^^^^^^ unreachable pattern\n\n","warning: unreachable pattern\n  --> api/linux_syscall_api/src/syscall_net/mod.rs:33:9\n   |\n27 |         SENDMMSG => Ok(0),\n   |         -------- matches any value\n...\n33 |         SHUTDOWN => syscall_shutdown(args),\n   |         ^^^^^^^^ unreachable pattern\n\n","warning: unused variable: `SENDMMSG`\n  --> api/linux_syscall_api/src/syscall_net/mod.rs:27:9\n   |\n27 |         SENDMMSG => Ok(0),\n   |         ^^^^^^^^ help: if this is intentional, prefix it with an underscore: `_SENDMMSG`\n   |\n   = note: `#[warn(unused_variables)]` on by default\n\n","warning: variable `SENDMMSG` should have a snake case name\n  --> api/linux_syscall_api/src/syscall_net/mod.rs:27:9\n   |\n27 |         SENDMMSG => Ok(0),\n   |         ^^^^^^^^ help: convert the identifier to snake case: `sendmmsg`\n   |\n   = note: `#[warn(non_snake_case)]` on by default\n\n"]}},{"file":"api/linux_syscall_api/src/syscall_fs/imp/ctl.rs","count":2,"kinds":{"Clippy(Warn)":["warning: assigning the result of `Clone::clone()` may be inefficient\n   --> api/linux_syscall_api/src/syscall_fs/imp/ctl.rs:377:13\n    |\n377 |             fd_table[new_fd] = fd_table[fd].clone();\n    |             ^^^^^^^^^^^^^^^^^^^^^^^^^^^^^^^^^^^^^^^ help: use `clone_from()`: `fd_table[new_fd].clone_from(&fd_table[fd])`\n    |\n    = help: for further information visit https://rust-lang.github.io/rust-clippy/master/index.html#assigning_clones\n    = note: `#[warn(clippy::assigning_clones)]` on by default\n\n","warning: assigning the result of `Clone::clone()` may be inefficient\n   --> api/linux_syscall_api/src/syscall_fs/imp/ctl.rs:413:17\n    |\n413 |                 fd_table[new_fd] = fd_table[fd].clone();\n    |                 ^^^^^^^^^^^^^^^^^^^^^^^^^^^^^^^^^^^^^^^ help: use `clone_from()`: `fd_table[new_fd].clone_from(&fd_table[fd])`\n    |\n    = help: for further information visit https://rust-lang.github.io/rust-clippy/master/index.html#assigning_clones\n\n"]}},{"file":"api/linux_syscall_api/src/syscall_fs/imp/io.rs","count":2,"kinds":{"Clippy(Warn)":["warning: assigning the result of `Clone::clone()` may be inefficient\n   --> api/linux_syscall_api/src/syscall_fs/imp/io.rs:288:5\n    |\n288 |     fd_table[new_fd] = fd_table[fd].clone();\n    |     ^^^^^^^^^^^^^^^^^^^^^^^^^^^^^^^^^^^^^^^ help: use `clone_from()`: `fd_table[new_fd].clone_from(&fd_table[fd])`\n    |\n    = help: for further information visit https://rust-lang.github.io/rust-clippy/master/index.html#assigning_clones\n\n","warning: assigning the result of `Clone::clone()` may be inefficient\n   --> api/linux_syscall_api/src/syscall_fs/imp/io.rs:365:5\n    |\n365 |     fd_table[new_fd] = fd_table[fd].clone();\n    |     ^^^^^^^^^^^^^^^^^^^^^^^^^^^^^^^^^^^^^^^ help: use `clone_from()`: `fd_table[new_fd].clone_from(&fd_table[fd])`\n    |\n    = help: for further information visit https://rust-lang.github.io/rust-clippy/master/index.html#assigning_clones\n\n"]}},{"file":"(virtual) semver-checks","count":1,"kinds":{"Cargo":["// pkg_name=linux_syscall_api, checker=SemverChecks\n// toolchain=nightly-2024-05-02, target=aarch64-unknown-none-softfloat\n// pkg_dir=/home/runner/check/batch_2/Starry-OS/Starry-New/api/linux_syscall_api\n// cmd=cargo +nightly-2024-10-12-x86_64-unknown-linux-gnu semver-checks --target aarch64-unknown-none-softfloat\n     Parsing linux_syscall_api v0.1.0 (current)\nerror: running cargo-doc on crate linux_syscall_api failed with output:\n-----\nerror: output of --print=file-names missing when learning about target-specific information from rustc\ncommand was: `/home/runner/.rustup/toolchains/nightly-2024-10-12-x86_64-unknown-linux-gnu/bin/rustc - --crate-name ___ --print=file-names --cap-lints=allow --target aarch64-unknown-none-softfloat --crate-type bin --crate-type rlib --crate-type dylib --crate-type cdylib --crate-type staticlib --crate-type proc-macro --print=sysroot --print=split-debuginfo --print=crate-name --print=cfg`\n\n--- stdout\n___\nlib___.rlib\nlib___.a\n/home/runner/.rustup/toolchains/nightly-2024-10-12-x86_64-unknown-linux-gnu\noff\n___\ndebug_assertions\nfmt_debug=\"full\"\noverflow_checks\npanic=\"abort\"\nproc_macro\nrelocation_model=\"static\"\ntarget_abi=\"softfloat\"\ntarget_arch=\"aarch64\"\ntarget_endian=\"little\"\ntarget_env=\"\"\ntarget_has_atomic\ntarget_has_atomic=\"128\"\ntarget_has_atomic=\"16\"\ntarget_has_atomic=\"32\"\ntarget_has_atomic=\"64\"\ntarget_has_atomic=\"8\"\ntarget_has_atomic=\"ptr\"\ntarget_has_atomic_equal_alignment=\"128\"\ntarget_has_atomic_equal_alignment=\"16\"\ntarget_has_atomic_equal_alignment=\"32\"\ntarget_has_atomic_equal_alignment=\"64\"\ntarget_has_atomic_equal_alignment=\"8\"\ntarget_has_atomic_equal_alignment=\"ptr\"\ntarget_has_atomic_load_store\ntarget_has_atomic_load_store=\"128\"\ntarget_has_atomic_load_store=\"16\"\ntarget_has_atomic_load_store=\"32\"\ntarget_has_atomic_load_store=\"64\"\ntarget_has_atomic_load_store=\"8\"\ntarget_has_atomic_load_store=\"ptr\"\ntarget_os=\"none\"\ntarget_pointer_width=\"64\"\ntarget_vendor=\"unknown\"\nub_checks\n\n\n-----\n\nerror: failed to build rustdoc for crate linux_syscall_api v0.1.0\nnote: this is usually due to a compilation error in the crate,\n      and is unlikely to be a bug in cargo-semver-checks\nnote: the following command can be used to reproduce the compilation error:\n      cargo new --lib example &&\n          cd example &&\n          echo '[workspace]' >> Cargo.toml &&\n          cargo add --path /home/runner/check/batch_2/Starry-OS/Starry-New/api/linux_syscall_api --no-default-features --features default,fs,ip,irq,monolithic,multitask,net,paging &&\n          cargo check\n\nerror: aborting due to failure to build rustdoc for crate linux_syscall_api v0.1.0\n"]}},{"file":"[lockbud] Not supported to display yet.","count":1,"kinds":{"Lockbud(Possibly)":["[2024-12-02T20:38:54Z WARN  lockbud::callbacks] [\n      {\n        \"AtomicityViolation\": {\n          \"bug_kind\": \"AtomicityViolation\",\n          \"possibility\": \"Possibly\",\n          \"diagnosis\": {\n            \"fn_name\": \"set_logger_racy\",\n            \"atomic_reader\": \"/home/runner/.cargo/registry/src/index.crates.io-6f17d22bba15001f/log-0.4.21/src/lib.rs:1408:11: 1408:39 (#0)\",\n            \"atomic_writer\": \"/home/runner/.cargo/registry/src/index.crates.io-6f17d22bba15001f/log-0.4.21/src/lib.rs:1411:13: 1411:55 (#0)\",\n            \"dep_kind\": \"Control\"\n          },\n          \"explanation\": \"atomic::store is data/control dependent on atomic::load\"\n        }\n      }\n    ]\n[2024-12-02T20:38:54Z WARN  lockbud::callbacks] crate log contains bugs: { probably: 0, possibly: 0 }, conflictlock: { probably: 0, possibly: 0 }, condvar_deadlock: { probably: 0, possibly: 0 }, atomicity_violation: { possibly: 1 }, invalid_free: { possibly: 0 }, use_after_free: { possibly: 0 }\n[2024-12-02T20:40:36Z WARN  lockbud::callbacks] [\n      {\n        \"UseAfterFree\": {\n          \"bug_kind\": \"UseAfterFree\",\n          \"possibility\": \"Possibly\",\n          \"diagnosis\": \"Raw ptr is used at modules/axtask/src/schedule.rs:211:64: 211:80 (#0) after dropped at modules/axtask/src/schedule.rs:139:17: 139:26 (#0)\",\n          \"explanation\": \"Raw ptr is used or escapes the current function after the pointed value is dropped\"\n        }\n      }\n    ]\n[2024-12-02T20:40:36Z WARN  lockbud::callbacks] crate axtask contains bugs: { probably: 0, possibly: 0 }, conflictlock: { probably: 0, possibly: 0 }, condvar_deadlock: { probably: 0, possibly: 0 }, atomicity_violation: { possibly: 0 }, invalid_free: { possibly: 0 }, use_after_free: { possibly: 1 }\n[2024-12-02T20:41:04Z WARN  lockbud::callbacks] [\n      {\n        \"UseAfterFree\": {\n          \"bug_kind\": \"UseAfterFree\",\n          \"possibility\": \"Possibly\",\n          \"diagnosis\": \"Raw ptr is used at api/linux_syscall_api/src/syscall_fs/imp/ctl.rs:211:18: 211:90 (#0) after dropped at api/linux_syscall_api/src/syscall_fs/imp/ctl.rs:214:5: 214:6 (#0)\",\n          \"explanation\": \"Raw ptr is used or escapes the current function after the pointed value is dropped\"\n        }\n      }\n    ]\n[2024-12-02T20:41:04Z WARN  lockbud::callbacks] crate linux_syscall_api contains bugs: { probably: 0, possibly: 0 }, conflictlock: { probably: 0, possibly: 0 }, condvar_deadlock: { probably: 0, possibly: 0 }, atomicity_violation: { possibly: 0 }, invalid_free: { possibly: 0 }, use_after_free: { possibly: 1 }"]}},{"file":"[outdated direct dependencies]","count":1,"kinds":{"Outdated":["pkg=linux_syscall_api, checker=Outdated\ntoolchain=nightly-2024-05-02, target=aarch64-unknown-none-softfloat\npkg_dir=/home/runner/check/batch_2/Starry-OS/Starry-New/api/linux_syscall_api\ncmd=cargo +nightly-2024-10-12-x86_64-unknown-linux-gnu outdated -R --exit-code=2\n\nName      Project  Compat  Latest  Kind    Platform\n----      -------  ------  ------  ----    --------\nnum_enum  0.5.11   ---     0.7.3   Normal  ---\n"]}},{"file":"[semver checks]","count":1,"kinds":{"Semver Violation":["pkg=linux_syscall_api, checker=SemverChecks\ntoolchain=nightly-2024-05-02, target=aarch64-unknown-none-softfloat\npkg_dir=/home/runner/check/batch_2/Starry-OS/Starry-New/api/linux_syscall_api\ncmd=cargo +nightly-2024-10-12-x86_64-unknown-linux-gnu semver-checks --target aarch64-unknown-none-softfloat\n\n\nstdout:\n\nstderr:\n     Parsing linux_syscall_api v0.1.0 (current)\nerror: running cargo-doc on crate linux_syscall_api failed with output:\n-----\nerror: output of --print=file-names missing when learning about target-specific information from rustc\ncommand was: `/home/runner/.rustup/toolchains/nightly-2024-10-12-x86_64-unknown-linux-gnu/bin/rustc - --crate-name ___ --print=file-names --cap-lints=allow --target aarch64-unknown-none-softfloat --crate-type bin --crate-type rlib --crate-type dylib --crate-type cdylib --crate-type staticlib --crate-type proc-macro --print=sysroot --print=split-debuginfo --print=crate-name --print=cfg`\n\n--- stdout\n___\nlib___.rlib\nlib___.a\n/home/runner/.rustup/toolchains/nightly-2024-10-12-x86_64-unknown-linux-gnu\noff\n___\ndebug_assertions\nfmt_debug=\"full\"\noverflow_checks\npanic=\"abort\"\nproc_macro\nrelocation_model=\"static\"\ntarget_abi=\"softfloat\"\ntarget_arch=\"aarch64\"\ntarget_endian=\"little\"\ntarget_env=\"\"\ntarget_has_atomic\ntarget_has_atomic=\"128\"\ntarget_has_atomic=\"16\"\ntarget_has_atomic=\"32\"\ntarget_has_atomic=\"64\"\ntarget_has_atomic=\"8\"\ntarget_has_atomic=\"ptr\"\ntarget_has_atomic_equal_alignment=\"128\"\ntarget_has_atomic_equal_alignment=\"16\"\ntarget_has_atomic_equal_alignment=\"32\"\ntarget_has_atomic_equal_alignment=\"64\"\ntarget_has_atomic_equal_alignment=\"8\"\ntarget_has_atomic_equal_alignment=\"ptr\"\ntarget_has_atomic_load_store\ntarget_has_atomic_load_store=\"128\"\ntarget_has_atomic_load_store=\"16\"\ntarget_has_atomic_load_store=\"32\"\ntarget_has_atomic_load_store=\"64\"\ntarget_has_atomic_load_store=\"8\"\ntarget_has_atomic_load_store=\"ptr\"\ntarget_os=\"none\"\ntarget_pointer_width=\"64\"\ntarget_vendor=\"unknown\"\nub_checks\n\n\n-----\n\nerror: failed to build rustdoc for crate linux_syscall_api v0.1.0\nnote: this is usually due to a compilation error in the crate,\n      and is unlikely to be a bug in cargo-semver-checks\nnote: the following command can be used to reproduce the compilation error:\n      cargo new --lib example &&\n          cd example &&\n          echo '[workspace]' >> Cargo.toml &&\n          cargo add --path /home/runner/check/batch_2/Starry-OS/Starry-New/api/linux_syscall_api --no-default-features --features default,fs,ip,irq,monolithic,multitask,net,paging &&\n          cargo check\n\nerror: aborting due to failure to build rustdoc for crate linux_syscall_api v0.1.0\n"]}}]},{"user":"Starry-OS","repo":"Starry-New","pkg":"axstarry","count":20,"raw_reports":[{"file":"api/linux_syscall_api/src/syscall_task/mod.rs","count":10,"kinds":{"Clippy(Warn)":["warning: unreachable pattern\n  --> api/linux_syscall_api/src/syscall_task/mod.rs:73:9\n   |\n72 |         SCHED_GET_PRORITY_MAX => syscall_sched_getscheduler_max(args),\n   |         --------------------- matches any value\n73 |         SCHED_GET_PRORITY_MIN => syscall_sched_getscheduler_min(args),\n   |         ^^^^^^^^^^^^^^^^^^^^^ unreachable pattern\n\n","warning: unreachable pattern\n  --> api/linux_syscall_api/src/syscall_task/mod.rs:74:9\n   |\n72 |         SCHED_GET_PRORITY_MAX => syscall_sched_getscheduler_max(args),\n   |         --------------------- matches any value\n73 |         SCHED_GET_PRORITY_MIN => syscall_sched_getscheduler_min(args),\n74 |         GET_MEMPOLICY => Ok(0),\n   |         ^^^^^^^^^^^^^ unreachable pattern\n\n","warning: unreachable pattern\n  --> api/linux_syscall_api/src/syscall_task/mod.rs:75:9\n   |\n72 |         SCHED_GET_PRORITY_MAX => syscall_sched_getscheduler_max(args),\n   |         --------------------- matches any value\n...\n75 |         CLOCK_GETRES => syscall_clock_getres(args),\n   |         ^^^^^^^^^^^^ unreachable pattern\n\n","warning: unreachable pattern\n  --> api/linux_syscall_api/src/syscall_task/mod.rs:76:9\n   |\n72 |         SCHED_GET_PRORITY_MAX => syscall_sched_getscheduler_max(args),\n   |         --------------------- matches any value\n...\n76 |         CLOCK_NANOSLEEP => syscall_clock_nanosleep(args),\n   |         ^^^^^^^^^^^^^^^ unreachable pattern\n\n","warning: unreachable pattern\n  --> api/linux_syscall_api/src/syscall_task/mod.rs:77:9\n   |\n72 |         SCHED_GET_PRORITY_MAX => syscall_sched_getscheduler_max(args),\n   |         --------------------- matches any value\n...\n77 |         PRCTL => syscall_prctl(args),\n   |         ^^^^^ unreachable pattern\n\n","warning: unreachable pattern\n  --> api/linux_syscall_api/src/syscall_task/mod.rs:78:9\n   |\n72 |         SCHED_GET_PRORITY_MAX => syscall_sched_getscheduler_max(args),\n   |         --------------------- matches any value\n...\n78 |         PIDFD_SEND_SIGNAL => syscall_pidfd_send_signal(args),\n   |         ^^^^^^^^^^^^^^^^^ unreachable pattern\n\n","warning: unused variable: `SCHED_GET_PRORITY_MAX`\n  --> api/linux_syscall_api/src/syscall_task/mod.rs:72:9\n   |\n72 |         SCHED_GET_PRORITY_MAX => syscall_sched_getscheduler_max(args),\n   |         ^^^^^^^^^^^^^^^^^^^^^ help: if this is intentional, prefix it with an underscore: `_SCHED_GET_PRORITY_MAX`\n\n","warning: unused variable: `SCHED_GET_PRORITY_MIN`\n  --> api/linux_syscall_api/src/syscall_task/mod.rs:73:9\n   |\n73 |         SCHED_GET_PRORITY_MIN => syscall_sched_getscheduler_min(args),\n   |         ^^^^^^^^^^^^^^^^^^^^^ help: if this is intentional, prefix it with an underscore: `_SCHED_GET_PRORITY_MIN`\n\n","warning: variable `SCHED_GET_PRORITY_MAX` should have a snake case name\n  --> api/linux_syscall_api/src/syscall_task/mod.rs:72:9\n   |\n72 |         SCHED_GET_PRORITY_MAX => syscall_sched_getscheduler_max(args),\n   |         ^^^^^^^^^^^^^^^^^^^^^ help: convert the identifier to snake case: `sched_get_prority_max`\n\n","warning: variable `SCHED_GET_PRORITY_MIN` should have a snake case name\n  --> api/linux_syscall_api/src/syscall_task/mod.rs:73:9\n   |\n73 |         SCHED_GET_PRORITY_MIN => syscall_sched_getscheduler_min(args),\n   |         ^^^^^^^^^^^^^^^^^^^^^ help: convert the identifier to snake case: `sched_get_prority_min`\n\n"]}},{"file":"api/linux_syscall_api/src/syscall_net/mod.rs","count":7,"kinds":{"Clippy(Warn)":["warning: unreachable pattern\n  --> api/linux_syscall_api/src/syscall_net/mod.rs:28:9\n   |\n27 |         SENDMMSG => Ok(0),\n   |         -------- matches any value\n28 |         SETSOCKOPT => syscall_set_sock_opt(args),\n   |         ^^^^^^^^^^ unreachable pattern\n   |\n   = note: `#[warn(unreachable_patterns)]` on by default\n\n","warning: unreachable pattern\n  --> api/linux_syscall_api/src/syscall_net/mod.rs:30:9\n   |\n27 |         SENDMMSG => Ok(0),\n   |         -------- matches any value\n...\n30 |         GETSOCKOPT => syscall_get_sock_opt(args),\n   |         ^^^^^^^^^^ unreachable pattern\n\n","warning: unreachable pattern\n  --> api/linux_syscall_api/src/syscall_net/mod.rs:31:9\n   |\n27 |         SENDMMSG => Ok(0),\n   |         -------- matches any value\n...\n31 |         SOCKETPAIR => syscall_socketpair(args),\n   |         ^^^^^^^^^^ unreachable pattern\n\n","warning: unreachable pattern\n  --> api/linux_syscall_api/src/syscall_net/mod.rs:32:9\n   |\n27 |         SENDMMSG => Ok(0),\n   |         -------- matches any value\n...\n32 |         ACCEPT4 => syscall_accept4(args),\n   |         ^^^^^^^ unreachable pattern\n\n","warning: unreachable pattern\n  --> api/linux_syscall_api/src/syscall_net/mod.rs:33:9\n   |\n27 |         SENDMMSG => Ok(0),\n   |         -------- matches any value\n...\n33 |         SHUTDOWN => syscall_shutdown(args),\n   |         ^^^^^^^^ unreachable pattern\n\n","warning: unused variable: `SENDMMSG`\n  --> api/linux_syscall_api/src/syscall_net/mod.rs:27:9\n   |\n27 |         SENDMMSG => Ok(0),\n   |         ^^^^^^^^ help: if this is intentional, prefix it with an underscore: `_SENDMMSG`\n   |\n   = note: `#[warn(unused_variables)]` on by default\n\n","warning: variable `SENDMMSG` should have a snake case name\n  --> api/linux_syscall_api/src/syscall_net/mod.rs:27:9\n   |\n27 |         SENDMMSG => Ok(0),\n   |         ^^^^^^^^ help: convert the identifier to snake case: `sendmmsg`\n   |\n   = note: `#[warn(non_snake_case)]` on by default\n\n"]}},{"file":"(virtual) semver-checks","count":1,"kinds":{"Cargo":["// pkg_name=axstarry, checker=SemverChecks\n// toolchain=nightly-2024-05-02, target=aarch64-unknown-none-softfloat\n// pkg_dir=/home/runner/check/batch_2/Starry-OS/Starry-New/ulib/axstarry\n// cmd=cargo +nightly-2024-10-12-x86_64-unknown-linux-gnu semver-checks --target aarch64-unknown-none-softfloat\n     Parsing axstarry v0.1.0 (current)\nerror: running cargo-doc on crate axstarry failed with output:\n-----\nerror: output of --print=file-names missing when learning about target-specific information from rustc\ncommand was: `/home/runner/.rustup/toolchains/nightly-2024-10-12-x86_64-unknown-linux-gnu/bin/rustc - --crate-name ___ --print=file-names --cap-lints=allow --target aarch64-unknown-none-softfloat --crate-type bin --crate-type rlib --crate-type dylib --crate-type cdylib --crate-type staticlib --crate-type proc-macro --print=sysroot --print=split-debuginfo --print=crate-name --print=cfg`\n\n--- stdout\n___\nlib___.rlib\nlib___.a\n/home/runner/.rustup/toolchains/nightly-2024-10-12-x86_64-unknown-linux-gnu\noff\n___\ndebug_assertions\nfmt_debug=\"full\"\noverflow_checks\npanic=\"abort\"\nproc_macro\nrelocation_model=\"static\"\ntarget_abi=\"softfloat\"\ntarget_arch=\"aarch64\"\ntarget_endian=\"little\"\ntarget_env=\"\"\ntarget_has_atomic\ntarget_has_atomic=\"128\"\ntarget_has_atomic=\"16\"\ntarget_has_atomic=\"32\"\ntarget_has_atomic=\"64\"\ntarget_has_atomic=\"8\"\ntarget_has_atomic=\"ptr\"\ntarget_has_atomic_equal_alignment=\"128\"\ntarget_has_atomic_equal_alignment=\"16\"\ntarget_has_atomic_equal_alignment=\"32\"\ntarget_has_atomic_equal_alignment=\"64\"\ntarget_has_atomic_equal_alignment=\"8\"\ntarget_has_atomic_equal_alignment=\"ptr\"\ntarget_has_atomic_load_store\ntarget_has_atomic_load_store=\"128\"\ntarget_has_atomic_load_store=\"16\"\ntarget_has_atomic_load_store=\"32\"\ntarget_has_atomic_load_store=\"64\"\ntarget_has_atomic_load_store=\"8\"\ntarget_has_atomic_load_store=\"ptr\"\ntarget_os=\"none\"\ntarget_pointer_width=\"64\"\ntarget_vendor=\"unknown\"\nub_checks\n\n\n-----\n\nerror: failed to build rustdoc for crate axstarry v0.1.0\nnote: this is usually due to a compilation error in the crate,\n      and is unlikely to be a bug in cargo-semver-checks\nnote: the following command can be used to reproduce the compilation error:\n      cargo new --lib example &&\n          cd example &&\n          echo '[workspace]' >> Cargo.toml &&\n          cargo add --path /home/runner/check/batch_2/Starry-OS/Starry-New/ulib/axstarry --no-default-features --features alloc,another_ext4,bus-pci,default,devfs,display,e1000_net,ext4_rs,fatfs,fp_simd,fs,img,irq,ixgbe_net,log-level-debug,log-level-error,log-level-info,log-level-off,log-level-trace,log-level-warn,lwext4_rust,monolithic,multitask,myfs,net,paging,sched_cfs,sched_fifo,sched_rr,smp,tls &&\n          cargo check\n\nerror: aborting due to failure to build rustdoc for crate axstarry v0.1.0\n"]}},{"file":"[lockbud] Not supported to display yet.","count":1,"kinds":{"Lockbud(Possibly)":["[2024-12-02T20:38:54Z WARN  lockbud::callbacks] [\n      {\n        \"AtomicityViolation\": {\n          \"bug_kind\": \"AtomicityViolation\",\n          \"possibility\": \"Possibly\",\n          \"diagnosis\": {\n            \"fn_name\": \"set_logger_racy\",\n            \"atomic_reader\": \"/home/runner/.cargo/registry/src/index.crates.io-6f17d22bba15001f/log-0.4.21/src/lib.rs:1408:11: 1408:39 (#0)\",\n            \"atomic_writer\": \"/home/runner/.cargo/registry/src/index.crates.io-6f17d22bba15001f/log-0.4.21/src/lib.rs:1411:13: 1411:55 (#0)\",\n            \"dep_kind\": \"Control\"\n          },\n          \"explanation\": \"atomic::store is data/control dependent on atomic::load\"\n        }\n      }\n    ]\n[2024-12-02T20:38:54Z WARN  lockbud::callbacks] crate log contains bugs: { probably: 0, possibly: 0 }, conflictlock: { probably: 0, possibly: 0 }, condvar_deadlock: { probably: 0, possibly: 0 }, atomicity_violation: { possibly: 1 }, invalid_free: { possibly: 0 }, use_after_free: { possibly: 0 }\n[2024-12-02T20:40:36Z WARN  lockbud::callbacks] [\n      {\n        \"UseAfterFree\": {\n          \"bug_kind\": \"UseAfterFree\",\n          \"possibility\": \"Possibly\",\n          \"diagnosis\": \"Raw ptr is used at modules/axtask/src/schedule.rs:211:64: 211:80 (#0) after dropped at modules/axtask/src/schedule.rs:139:17: 139:26 (#0)\",\n          \"explanation\": \"Raw ptr is used or escapes the current function after the pointed value is dropped\"\n        }\n      }\n    ]\n[2024-12-02T20:40:36Z WARN  lockbud::callbacks] crate axtask contains bugs: { probably: 0, possibly: 0 }, conflictlock: { probably: 0, possibly: 0 }, condvar_deadlock: { probably: 0, possibly: 0 }, atomicity_violation: { possibly: 0 }, invalid_free: { possibly: 0 }, use_after_free: { possibly: 1 }\n[2024-12-02T20:40:39Z WARN  lockbud::callbacks] [\n      {\n        \"UseAfterFree\": {\n          \"bug_kind\": \"UseAfterFree\",\n          \"possibility\": \"Possibly\",\n          \"diagnosis\": \"Raw ptr is used at api/linux_syscall_api/src/syscall_fs/imp/ctl.rs:211:18: 211:90 (#0) after dropped at api/linux_syscall_api/src/syscall_fs/imp/ctl.rs:214:5: 214:6 (#0)\",\n          \"explanation\": \"Raw ptr is used or escapes the current function after the pointed value is dropped\"\n        }\n      }\n    ]\n[2024-12-02T20:40:39Z WARN  lockbud::callbacks] crate linux_syscall_api contains bugs: { probably: 0, possibly: 0 }, conflictlock: { probably: 0, possibly: 0 }, condvar_deadlock: { probably: 0, possibly: 0 }, atomicity_violation: { possibly: 0 }, invalid_free: { possibly: 0 }, use_after_free: { possibly: 1 }"]}},{"file":"[semver checks]","count":1,"kinds":{"Semver Violation":["pkg=axstarry, checker=SemverChecks\ntoolchain=nightly-2024-05-02, target=aarch64-unknown-none-softfloat\npkg_dir=/home/runner/check/batch_2/Starry-OS/Starry-New/ulib/axstarry\ncmd=cargo +nightly-2024-10-12-x86_64-unknown-linux-gnu semver-checks --target aarch64-unknown-none-softfloat\n\n\nstdout:\n\nstderr:\n     Parsing axstarry v0.1.0 (current)\nerror: running cargo-doc on crate axstarry failed with output:\n-----\nerror: output of --print=file-names missing when learning about target-specific information from rustc\ncommand was: `/home/runner/.rustup/toolchains/nightly-2024-10-12-x86_64-unknown-linux-gnu/bin/rustc - --crate-name ___ --print=file-names --cap-lints=allow --target aarch64-unknown-none-softfloat --crate-type bin --crate-type rlib --crate-type dylib --crate-type cdylib --crate-type staticlib --crate-type proc-macro --print=sysroot --print=split-debuginfo --print=crate-name --print=cfg`\n\n--- stdout\n___\nlib___.rlib\nlib___.a\n/home/runner/.rustup/toolchains/nightly-2024-10-12-x86_64-unknown-linux-gnu\noff\n___\ndebug_assertions\nfmt_debug=\"full\"\noverflow_checks\npanic=\"abort\"\nproc_macro\nrelocation_model=\"static\"\ntarget_abi=\"softfloat\"\ntarget_arch=\"aarch64\"\ntarget_endian=\"little\"\ntarget_env=\"\"\ntarget_has_atomic\ntarget_has_atomic=\"128\"\ntarget_has_atomic=\"16\"\ntarget_has_atomic=\"32\"\ntarget_has_atomic=\"64\"\ntarget_has_atomic=\"8\"\ntarget_has_atomic=\"ptr\"\ntarget_has_atomic_equal_alignment=\"128\"\ntarget_has_atomic_equal_alignment=\"16\"\ntarget_has_atomic_equal_alignment=\"32\"\ntarget_has_atomic_equal_alignment=\"64\"\ntarget_has_atomic_equal_alignment=\"8\"\ntarget_has_atomic_equal_alignment=\"ptr\"\ntarget_has_atomic_load_store\ntarget_has_atomic_load_store=\"128\"\ntarget_has_atomic_load_store=\"16\"\ntarget_has_atomic_load_store=\"32\"\ntarget_has_atomic_load_store=\"64\"\ntarget_has_atomic_load_store=\"8\"\ntarget_has_atomic_load_store=\"ptr\"\ntarget_os=\"none\"\ntarget_pointer_width=\"64\"\ntarget_vendor=\"unknown\"\nub_checks\n\n\n-----\n\nerror: failed to build rustdoc for crate axstarry v0.1.0\nnote: this is usually due to a compilation error in the crate,\n      and is unlikely to be a bug in cargo-semver-checks\nnote: the following command can be used to reproduce the compilation error:\n      cargo new --lib example &&\n          cd example &&\n          echo '[workspace]' >> Cargo.toml &&\n          cargo add --path /home/runner/check/batch_2/Starry-OS/Starry-New/ulib/axstarry --no-default-features --features alloc,another_ext4,bus-pci,default,devfs,display,e1000_net,ext4_rs,fatfs,fp_simd,fs,img,irq,ixgbe_net,log-level-debug,log-level-error,log-level-info,log-level-off,log-level-trace,log-level-warn,lwext4_rust,monolithic,multitask,myfs,net,paging,sched_cfs,sched_fifo,sched_rr,smp,tls &&\n          cargo check\n\nerror: aborting due to failure to build rustdoc for crate axstarry v0.1.0\n"]}}]},{"user":"Starry-OS","repo":"Starry-New","pkg":"monolithic_userboot","count":18,"raw_reports":[{"file":"api/linux_syscall_api/src/syscall_task/mod.rs","count":10,"kinds":{"Clippy(Warn)":["warning: unreachable pattern\n  --> api/linux_syscall_api/src/syscall_task/mod.rs:73:9\n   |\n72 |         SCHED_GET_PRORITY_MAX => syscall_sched_getscheduler_max(args),\n   |         --------------------- matches any value\n73 |         SCHED_GET_PRORITY_MIN => syscall_sched_getscheduler_min(args),\n   |         ^^^^^^^^^^^^^^^^^^^^^ unreachable pattern\n\n","warning: unreachable pattern\n  --> api/linux_syscall_api/src/syscall_task/mod.rs:74:9\n   |\n72 |         SCHED_GET_PRORITY_MAX => syscall_sched_getscheduler_max(args),\n   |         --------------------- matches any value\n73 |         SCHED_GET_PRORITY_MIN => syscall_sched_getscheduler_min(args),\n74 |         GET_MEMPOLICY => Ok(0),\n   |         ^^^^^^^^^^^^^ unreachable pattern\n\n","warning: unreachable pattern\n  --> api/linux_syscall_api/src/syscall_task/mod.rs:75:9\n   |\n72 |         SCHED_GET_PRORITY_MAX => syscall_sched_getscheduler_max(args),\n   |         --------------------- matches any value\n...\n75 |         CLOCK_GETRES => syscall_clock_getres(args),\n   |         ^^^^^^^^^^^^ unreachable pattern\n\n","warning: unreachable pattern\n  --> api/linux_syscall_api/src/syscall_task/mod.rs:76:9\n   |\n72 |         SCHED_GET_PRORITY_MAX => syscall_sched_getscheduler_max(args),\n   |         --------------------- matches any value\n...\n76 |         CLOCK_NANOSLEEP => syscall_clock_nanosleep(args),\n   |         ^^^^^^^^^^^^^^^ unreachable pattern\n\n","warning: unreachable pattern\n  --> api/linux_syscall_api/src/syscall_task/mod.rs:77:9\n   |\n72 |         SCHED_GET_PRORITY_MAX => syscall_sched_getscheduler_max(args),\n   |         --------------------- matches any value\n...\n77 |         PRCTL => syscall_prctl(args),\n   |         ^^^^^ unreachable pattern\n\n","warning: unreachable pattern\n  --> api/linux_syscall_api/src/syscall_task/mod.rs:78:9\n   |\n72 |         SCHED_GET_PRORITY_MAX => syscall_sched_getscheduler_max(args),\n   |         --------------------- matches any value\n...\n78 |         PIDFD_SEND_SIGNAL => syscall_pidfd_send_signal(args),\n   |         ^^^^^^^^^^^^^^^^^ unreachable pattern\n\n","warning: unused variable: `SCHED_GET_PRORITY_MAX`\n  --> api/linux_syscall_api/src/syscall_task/mod.rs:72:9\n   |\n72 |         SCHED_GET_PRORITY_MAX => syscall_sched_getscheduler_max(args),\n   |         ^^^^^^^^^^^^^^^^^^^^^ help: if this is intentional, prefix it with an underscore: `_SCHED_GET_PRORITY_MAX`\n\n","warning: unused variable: `SCHED_GET_PRORITY_MIN`\n  --> api/linux_syscall_api/src/syscall_task/mod.rs:73:9\n   |\n73 |         SCHED_GET_PRORITY_MIN => syscall_sched_getscheduler_min(args),\n   |         ^^^^^^^^^^^^^^^^^^^^^ help: if this is intentional, prefix it with an underscore: `_SCHED_GET_PRORITY_MIN`\n\n","warning: variable `SCHED_GET_PRORITY_MAX` should have a snake case name\n  --> api/linux_syscall_api/src/syscall_task/mod.rs:72:9\n   |\n72 |         SCHED_GET_PRORITY_MAX => syscall_sched_getscheduler_max(args),\n   |         ^^^^^^^^^^^^^^^^^^^^^ help: convert the identifier to snake case: `sched_get_prority_max`\n\n","warning: variable `SCHED_GET_PRORITY_MIN` should have a snake case name\n  --> api/linux_syscall_api/src/syscall_task/mod.rs:73:9\n   |\n73 |         SCHED_GET_PRORITY_MIN => syscall_sched_getscheduler_min(args),\n   |         ^^^^^^^^^^^^^^^^^^^^^ help: convert the identifier to snake case: `sched_get_prority_min`\n\n"]}},{"file":"api/linux_syscall_api/src/syscall_net/mod.rs","count":7,"kinds":{"Clippy(Warn)":["warning: unreachable pattern\n  --> api/linux_syscall_api/src/syscall_net/mod.rs:28:9\n   |\n27 |         SENDMMSG => Ok(0),\n   |         -------- matches any value\n28 |         SETSOCKOPT => syscall_set_sock_opt(args),\n   |         ^^^^^^^^^^ unreachable pattern\n   |\n   = note: `#[warn(unreachable_patterns)]` on by default\n\n","warning: unreachable pattern\n  --> api/linux_syscall_api/src/syscall_net/mod.rs:30:9\n   |\n27 |         SENDMMSG => Ok(0),\n   |         -------- matches any value\n...\n30 |         GETSOCKOPT => syscall_get_sock_opt(args),\n   |         ^^^^^^^^^^ unreachable pattern\n\n","warning: unreachable pattern\n  --> api/linux_syscall_api/src/syscall_net/mod.rs:31:9\n   |\n27 |         SENDMMSG => Ok(0),\n   |         -------- matches any value\n...\n31 |         SOCKETPAIR => syscall_socketpair(args),\n   |         ^^^^^^^^^^ unreachable pattern\n\n","warning: unreachable pattern\n  --> api/linux_syscall_api/src/syscall_net/mod.rs:32:9\n   |\n27 |         SENDMMSG => Ok(0),\n   |         -------- matches any value\n...\n32 |         ACCEPT4 => syscall_accept4(args),\n   |         ^^^^^^^ unreachable pattern\n\n","warning: unreachable pattern\n  --> api/linux_syscall_api/src/syscall_net/mod.rs:33:9\n   |\n27 |         SENDMMSG => Ok(0),\n   |         -------- matches any value\n...\n33 |         SHUTDOWN => syscall_shutdown(args),\n   |         ^^^^^^^^ unreachable pattern\n\n","warning: unused variable: `SENDMMSG`\n  --> api/linux_syscall_api/src/syscall_net/mod.rs:27:9\n   |\n27 |         SENDMMSG => Ok(0),\n   |         ^^^^^^^^ help: if this is intentional, prefix it with an underscore: `_SENDMMSG`\n   |\n   = note: `#[warn(unused_variables)]` on by default\n\n","warning: variable `SENDMMSG` should have a snake case name\n  --> api/linux_syscall_api/src/syscall_net/mod.rs:27:9\n   |\n27 |         SENDMMSG => Ok(0),\n   |         ^^^^^^^^ help: convert the identifier to snake case: `sendmmsg`\n   |\n   = note: `#[warn(non_snake_case)]` on by default\n\n"]}},{"file":"[lockbud] Not supported to display yet.","count":1,"kinds":{"Lockbud(Possibly)":["[2024-12-02T20:38:54Z WARN  lockbud::callbacks] [\n      {\n        \"AtomicityViolation\": {\n          \"bug_kind\": \"AtomicityViolation\",\n          \"possibility\": \"Possibly\",\n          \"diagnosis\": {\n            \"fn_name\": \"set_logger_racy\",\n            \"atomic_reader\": \"/home/runner/.cargo/registry/src/index.crates.io-6f17d22bba15001f/log-0.4.21/src/lib.rs:1408:11: 1408:39 (#0)\",\n            \"atomic_writer\": \"/home/runner/.cargo/registry/src/index.crates.io-6f17d22bba15001f/log-0.4.21/src/lib.rs:1411:13: 1411:55 (#0)\",\n            \"dep_kind\": \"Control\"\n          },\n          \"explanation\": \"atomic::store is data/control dependent on atomic::load\"\n        }\n      }\n    ]\n[2024-12-02T20:38:54Z WARN  lockbud::callbacks] crate log contains bugs: { probably: 0, possibly: 0 }, conflictlock: { probably: 0, possibly: 0 }, condvar_deadlock: { probably: 0, possibly: 0 }, atomicity_violation: { possibly: 1 }, invalid_free: { possibly: 0 }, use_after_free: { possibly: 0 }\n[2024-12-02T20:40:36Z WARN  lockbud::callbacks] [\n      {\n        \"UseAfterFree\": {\n          \"bug_kind\": \"UseAfterFree\",\n          \"possibility\": \"Possibly\",\n          \"diagnosis\": \"Raw ptr is used at modules/axtask/src/schedule.rs:211:64: 211:80 (#0) after dropped at modules/axtask/src/schedule.rs:139:17: 139:26 (#0)\",\n          \"explanation\": \"Raw ptr is used or escapes the current function after the pointed value is dropped\"\n        }\n      }\n    ]\n[2024-12-02T20:40:36Z WARN  lockbud::callbacks] crate axtask contains bugs: { probably: 0, possibly: 0 }, conflictlock: { probably: 0, possibly: 0 }, condvar_deadlock: { probably: 0, possibly: 0 }, atomicity_violation: { possibly: 0 }, invalid_free: { possibly: 0 }, use_after_free: { possibly: 1 }\n[2024-12-02T20:40:39Z WARN  lockbud::callbacks] [\n      {\n        \"UseAfterFree\": {\n          \"bug_kind\": \"UseAfterFree\",\n          \"possibility\": \"Possibly\",\n          \"diagnosis\": \"Raw ptr is used at api/linux_syscall_api/src/syscall_fs/imp/ctl.rs:211:18: 211:90 (#0) after dropped at api/linux_syscall_api/src/syscall_fs/imp/ctl.rs:214:5: 214:6 (#0)\",\n          \"explanation\": \"Raw ptr is used or escapes the current function after the pointed value is dropped\"\n        }\n      }\n    ]\n[2024-12-02T20:40:39Z WARN  lockbud::callbacks] crate linux_syscall_api contains bugs: { probably: 0, possibly: 0 }, conflictlock: { probably: 0, possibly: 0 }, condvar_deadlock: { probably: 0, possibly: 0 }, atomicity_violation: { possibly: 0 }, invalid_free: { possibly: 0 }, use_after_free: { possibly: 1 }"]}}]},{"user":"Starry-OS","repo":"Starry-New","pkg":"axnet","count":9,"raw_reports":[{"file":"modules/axnet/src/smoltcp_impl/addr.rs","count":2,"kinds":{"Clippy(Warn)":["warning: transmute used without annotations\n  --> modules/axnet/src/smoltcp_impl/addr.rs:13:65\n   |\n13 |         IpAddress::Ipv4(ipv4) => IpAddr::V4(unsafe { core::mem::transmute(ipv4.0) }),\n   |                                                                 ^^^^^^^^^ help: consider adding missing annotations: `transmute::<[u8; 4], core::net::Ipv4Addr>`\n   |\n   = help: for further information visit https://rust-lang.github.io/rust-clippy/master/index.html#missing_transmute_annotations\n   = note: `#[warn(clippy::missing_transmute_annotations)]` on by default\n\n","warning: transmute used without annotations\n  --> modules/axnet/src/smoltcp_impl/addr.rs:14:65\n   |\n14 |         IpAddress::Ipv6(ipv6) => IpAddr::V6(unsafe { core::mem::transmute(ipv6.0) }),\n   |                                                                 ^^^^^^^^^ help: consider adding missing annotations: `transmute::<[u8; 16], core::net::Ipv6Addr>`\n   |\n   = help: for further information visit https://rust-lang.github.io/rust-clippy/master/index.html#missing_transmute_annotations\n\n"]}},{"file":"(virtual) semver-checks","count":1,"kinds":{"Cargo":["// pkg_name=axnet, checker=SemverChecks\n// toolchain=nightly-2024-05-02, target=aarch64-unknown-none-softfloat\n// pkg_dir=/home/runner/check/batch_2/Starry-OS/Starry-New/modules/axnet\n// cmd=cargo +nightly-2024-10-12-x86_64-unknown-linux-gnu semver-checks --target aarch64-unknown-none-softfloat\n     Parsing axnet v0.1.0 (current)\nerror: running cargo-doc on crate axnet failed with output:\n-----\nerror: output of --print=file-names missing when learning about target-specific information from rustc\ncommand was: `/home/runner/.rustup/toolchains/nightly-2024-10-12-x86_64-unknown-linux-gnu/bin/rustc - --crate-name ___ --print=file-names --cap-lints=allow --target aarch64-unknown-none-softfloat --crate-type bin --crate-type rlib --crate-type dylib --crate-type cdylib --crate-type staticlib --crate-type proc-macro --print=sysroot --print=split-debuginfo --print=crate-name --print=cfg`\n\n--- stdout\n___\nlib___.rlib\nlib___.a\n/home/runner/.rustup/toolchains/nightly-2024-10-12-x86_64-unknown-linux-gnu\noff\n___\ndebug_assertions\nfmt_debug=\"full\"\noverflow_checks\npanic=\"abort\"\nproc_macro\nrelocation_model=\"static\"\ntarget_abi=\"softfloat\"\ntarget_arch=\"aarch64\"\ntarget_endian=\"little\"\ntarget_env=\"\"\ntarget_has_atomic\ntarget_has_atomic=\"128\"\ntarget_has_atomic=\"16\"\ntarget_has_atomic=\"32\"\ntarget_has_atomic=\"64\"\ntarget_has_atomic=\"8\"\ntarget_has_atomic=\"ptr\"\ntarget_has_atomic_equal_alignment=\"128\"\ntarget_has_atomic_equal_alignment=\"16\"\ntarget_has_atomic_equal_alignment=\"32\"\ntarget_has_atomic_equal_alignment=\"64\"\ntarget_has_atomic_equal_alignment=\"8\"\ntarget_has_atomic_equal_alignment=\"ptr\"\ntarget_has_atomic_load_store\ntarget_has_atomic_load_store=\"128\"\ntarget_has_atomic_load_store=\"16\"\ntarget_has_atomic_load_store=\"32\"\ntarget_has_atomic_load_store=\"64\"\ntarget_has_atomic_load_store=\"8\"\ntarget_has_atomic_load_store=\"ptr\"\ntarget_os=\"none\"\ntarget_pointer_width=\"64\"\ntarget_vendor=\"unknown\"\nub_checks\n\n\n-----\n\nerror: failed to build rustdoc for crate axnet v0.1.0\nnote: this is usually due to a compilation error in the crate,\n      and is unlikely to be a bug in cargo-semver-checks\nnote: the following command can be used to reproduce the compilation error:\n      cargo new --lib example &&\n          cd example &&\n          echo '[workspace]' >> Cargo.toml &&\n          cargo add --path /home/runner/check/batch_2/Starry-OS/Starry-New/modules/axnet --no-default-features --features default,ip,monolithic,smoltcp &&\n          cargo check\n\nerror: aborting due to failure to build rustdoc for crate axnet v0.1.0\n"]}},{"file":"[lockbud] Not supported to display yet.","count":1,"kinds":{"Lockbud(Possibly)":["[2024-12-02T20:38:54Z WARN  lockbud::callbacks] [\n      {\n        \"AtomicityViolation\": {\n          \"bug_kind\": \"AtomicityViolation\",\n          \"possibility\": \"Possibly\",\n          \"diagnosis\": {\n            \"fn_name\": \"set_logger_racy\",\n            \"atomic_reader\": \"/home/runner/.cargo/registry/src/index.crates.io-6f17d22bba15001f/log-0.4.21/src/lib.rs:1408:11: 1408:39 (#0)\",\n            \"atomic_writer\": \"/home/runner/.cargo/registry/src/index.crates.io-6f17d22bba15001f/log-0.4.21/src/lib.rs:1411:13: 1411:55 (#0)\",\n            \"dep_kind\": \"Control\"\n          },\n          \"explanation\": \"atomic::store is data/control dependent on atomic::load\"\n        }\n      }\n    ]\n[2024-12-02T20:38:54Z WARN  lockbud::callbacks] crate log contains bugs: { probably: 0, possibly: 0 }, conflictlock: { probably: 0, possibly: 0 }, condvar_deadlock: { probably: 0, possibly: 0 }, atomicity_violation: { possibly: 1 }, invalid_free: { possibly: 0 }, use_after_free: { possibly: 0 }\n[2024-12-02T20:40:22Z WARN  lockbud::callbacks] [\n      {\n        \"ConflictLock\": {\n          \"bug_kind\": \"ConflictLock\",\n          \"possibility\": \"Possibly\",\n          \"diagnosis\": [\n            {\n              \"first_lock_type\": \"SpinWrite(core::option::Option<smoltcp::wire::IpEndpoint>)\",\n              \"first_lock_span\": \"modules/axnet/src/smoltcp_impl/udp.rs:189:13: 189:31 (#0)\",\n              \"second_lock_type\": \"SpinWrite(core::option::Option<smoltcp::wire::IpEndpoint>)\",\n              \"second_lock_span\": \"modules/axnet/src/smoltcp_impl/udp.rs:105:13: 105:32 (#0)\",\n              \"callchains\": [\n                [\n                  [\n                    \"modules/axnet/src/smoltcp_impl/udp.rs:192:13: 192:64 (#0)\"\n                  ]\n                ]\n              ]\n            },\n            {\n              \"first_lock_type\": \"SpinWrite(core::option::Option<smoltcp::wire::IpEndpoint>)\",\n              \"first_lock_span\": \"modules/axnet/src/smoltcp_impl/udp.rs:189:13: 189:31 (#0)\",\n              \"second_lock_type\": \"SpinWrite(core::option::Option<smoltcp::wire::IpEndpoint>)\",\n              \"second_lock_span\": \"modules/axnet/src/smoltcp_impl/udp.rs:105:13: 105:32 (#0)\",\n              \"callchains\": [\n                [\n                  [\n                    \"modules/axnet/src/smoltcp_impl/udp.rs:192:13: 192:64 (#0)\"\n                  ]\n                ]\n              ]\n            }\n          ],\n          \"explanation\": \"Locks mutually wait for each other to form a cycle\"\n        }\n      }\n    ]\n[2024-12-02T20:40:22Z WARN  lockbud::callbacks] crate axnet contains bugs: { probably: 0, possibly: 0 }, conflictlock: { probably: 0, possibly: 1 }, condvar_deadlock: { probably: 0, possibly: 0 }, atomicity_violation: { possibly: 0 }, invalid_free: { possibly: 0 }, use_after_free: { possibly: 0 }"]}},{"file":"[outdated direct dependencies]","count":1,"kinds":{"Outdated":["pkg=axnet, checker=Outdated\ntoolchain=nightly-2024-05-02, target=aarch64-unknown-none-softfloat\npkg_dir=/home/runner/check/batch_2/Starry-OS/Starry-New/modules/axnet\ncmd=cargo +nightly-2024-10-12-x86_64-unknown-linux-gnu outdated -R --exit-code=2\n\nName  Project  Compat  Latest  Kind    Platform\n----  -------  ------  ------  ----    --------\nlog   0.4.21   0.4.22  0.4.22  Normal  ---\n"]}},{"file":"[semver checks]","count":1,"kinds":{"Semver Violation":["pkg=axnet, checker=SemverChecks\ntoolchain=nightly-2024-05-02, target=aarch64-unknown-none-softfloat\npkg_dir=/home/runner/check/batch_2/Starry-OS/Starry-New/modules/axnet\ncmd=cargo +nightly-2024-10-12-x86_64-unknown-linux-gnu semver-checks --target aarch64-unknown-none-softfloat\n\n\nstdout:\n\nstderr:\n     Parsing axnet v0.1.0 (current)\nerror: running cargo-doc on crate axnet failed with output:\n-----\nerror: output of --print=file-names missing when learning about target-specific information from rustc\ncommand was: `/home/runner/.rustup/toolchains/nightly-2024-10-12-x86_64-unknown-linux-gnu/bin/rustc - --crate-name ___ --print=file-names --cap-lints=allow --target aarch64-unknown-none-softfloat --crate-type bin --crate-type rlib --crate-type dylib --crate-type cdylib --crate-type staticlib --crate-type proc-macro --print=sysroot --print=split-debuginfo --print=crate-name --print=cfg`\n\n--- stdout\n___\nlib___.rlib\nlib___.a\n/home/runner/.rustup/toolchains/nightly-2024-10-12-x86_64-unknown-linux-gnu\noff\n___\ndebug_assertions\nfmt_debug=\"full\"\noverflow_checks\npanic=\"abort\"\nproc_macro\nrelocation_model=\"static\"\ntarget_abi=\"softfloat\"\ntarget_arch=\"aarch64\"\ntarget_endian=\"little\"\ntarget_env=\"\"\ntarget_has_atomic\ntarget_has_atomic=\"128\"\ntarget_has_atomic=\"16\"\ntarget_has_atomic=\"32\"\ntarget_has_atomic=\"64\"\ntarget_has_atomic=\"8\"\ntarget_has_atomic=\"ptr\"\ntarget_has_atomic_equal_alignment=\"128\"\ntarget_has_atomic_equal_alignment=\"16\"\ntarget_has_atomic_equal_alignment=\"32\"\ntarget_has_atomic_equal_alignment=\"64\"\ntarget_has_atomic_equal_alignment=\"8\"\ntarget_has_atomic_equal_alignment=\"ptr\"\ntarget_has_atomic_load_store\ntarget_has_atomic_load_store=\"128\"\ntarget_has_atomic_load_store=\"16\"\ntarget_has_atomic_load_store=\"32\"\ntarget_has_atomic_load_store=\"64\"\ntarget_has_atomic_load_store=\"8\"\ntarget_has_atomic_load_store=\"ptr\"\ntarget_os=\"none\"\ntarget_pointer_width=\"64\"\ntarget_vendor=\"unknown\"\nub_checks\n\n\n-----\n\nerror: failed to build rustdoc for crate axnet v0.1.0\nnote: this is usually due to a compilation error in the crate,\n      and is unlikely to be a bug in cargo-semver-checks\nnote: the following command can be used to reproduce the compilation error:\n      cargo new --lib example &&\n          cd example &&\n          echo '[workspace]' >> Cargo.toml &&\n          cargo add --path /home/runner/check/batch_2/Starry-OS/Starry-New/modules/axnet --no-default-features --features default,ip,monolithic,smoltcp &&\n          cargo check\n\nerror: aborting due to failure to build rustdoc for crate axnet v0.1.0\n"]}},{"file":"modules/axnet/src/smoltcp_impl/listen_table.rs","count":1,"kinds":{"Clippy(Warn)":["warning: unnecessary closure used with `bool::then`\n  --> modules/axnet/src/smoltcp_impl/listen_table.rs:95:44\n   |\n95 |                 .find_map(|(idx, &handle)| is_connected(handle).then(|| idx))\n   |                                            ^^^^^^^^^^^^^^^^^^^^^------------\n   |                                                                 |\n   |                                                                 help: use `then_some(..)` instead: `then_some(idx)`\n   |\n   = help: for further information visit https://rust-lang.github.io/rust-clippy/master/index.html#unnecessary_lazy_evaluations\n   = note: `#[warn(clippy::unnecessary_lazy_evaluations)]` on by default\n\n"]}},{"file":"modules/axnet/src/smoltcp_impl/tcp.rs","count":1,"kinds":{"Clippy(Warn)":["warning: you should consider adding a `Default` implementation for `TcpSocket`\n  --> modules/axnet/src/smoltcp_impl/tcp.rs:53:5\n   |\n53 | /     pub const fn new() -> Self {\n54 | |         Self {\n55 | |             state: AtomicU8::new(STATE_CLOSED),\n56 | |             handle: UnsafeCell::new(None),\n...  |\n61 | |         }\n62 | |     }\n   | |_____^\n   |\n   = help: for further information visit https://rust-lang.github.io/rust-clippy/master/index.html#new_without_default\n   = note: `#[warn(clippy::new_without_default)]` on by default\nhelp: try adding this\n   |\n51 + impl Default for TcpSocket {\n52 +     fn default() -> Self {\n53 +         Self::new()\n54 +     }\n55 + }\n   |\n\n"]}},{"file":"src/smoltcp_impl/mod.rs","count":1,"kinds":{"Unformatted":["file: /home/runner/check/batch_2/Starry-OS/Starry-New/modules/axnet/src/smoltcp_impl/mod.rs (original lines from 228 to 229)\n-    type RxToken<'a> = AxNetRxToken<'a> where Self: 'a;\n-    type TxToken<'a> = AxNetTxToken<'a> where Self: 'a;\n+    type RxToken<'a>\n+        = AxNetRxToken<'a>\n+    where\n+        Self: 'a;\n+    type TxToken<'a>\n+        = AxNetTxToken<'a>\n+    where\n+        Self: 'a;\n"]}}]},{"user":"Starry-OS","repo":"Starry-New","pkg":"axfs","count":8,"raw_reports":[{"file":"modules/axfs/src/fs/fatfs.rs","count":2,"kinds":{"Clippy(Warn)":["warning: this block may be rewritten with the `?` operator\n  --> modules/axfs/src/fs/fatfs.rs:88:13\n   |\n88 | /             if ans.is_err() {\n89 | |                 return ans;\n90 | |             }\n   | |_____________^ help: replace it with: `ans?;`\n   |\n   = help: for further information visit https://rust-lang.github.io/rust-clippy/master/index.html#question_mark\n   = note: `#[warn(clippy::question_mark)]` on by default\n\n","warning: this block may be rewritten with the `?` operator\n   --> modules/axfs/src/fs/fatfs.rs:115:13\n    |\n115 | /             if ans.is_err() {\n116 | |                 return ans;\n117 | |             }\n    | |_____________^ help: replace it with: `ans?;`\n    |\n    = help: for further information visit https://rust-lang.github.io/rust-clippy/master/index.html#question_mark\n\n"]}},{"file":"(virtual) semver-checks","count":1,"kinds":{"Cargo":["// pkg_name=axfs, checker=SemverChecks\n// toolchain=nightly-2024-05-02, target=aarch64-unknown-none-softfloat\n// pkg_dir=/home/runner/check/batch_2/Starry-OS/Starry-New/modules/axfs\n// cmd=cargo +nightly-2024-10-12-x86_64-unknown-linux-gnu semver-checks --target aarch64-unknown-none-softfloat\n     Parsing axfs v0.1.0 (current)\nerror: running cargo-doc on crate axfs failed with output:\n-----\nerror: output of --print=file-names missing when learning about target-specific information from rustc\ncommand was: `/home/runner/.rustup/toolchains/nightly-2024-10-12-x86_64-unknown-linux-gnu/bin/rustc - --crate-name ___ --print=file-names --cap-lints=allow --target aarch64-unknown-none-softfloat --crate-type bin --crate-type rlib --crate-type dylib --crate-type cdylib --crate-type staticlib --crate-type proc-macro --print=sysroot --print=split-debuginfo --print=crate-name --print=cfg`\n\n--- stdout\n___\nlib___.rlib\nlib___.a\n/home/runner/.rustup/toolchains/nightly-2024-10-12-x86_64-unknown-linux-gnu\noff\n___\ndebug_assertions\nfmt_debug=\"full\"\noverflow_checks\npanic=\"abort\"\nproc_macro\nrelocation_model=\"static\"\ntarget_abi=\"softfloat\"\ntarget_arch=\"aarch64\"\ntarget_endian=\"little\"\ntarget_env=\"\"\ntarget_has_atomic\ntarget_has_atomic=\"128\"\ntarget_has_atomic=\"16\"\ntarget_has_atomic=\"32\"\ntarget_has_atomic=\"64\"\ntarget_has_atomic=\"8\"\ntarget_has_atomic=\"ptr\"\ntarget_has_atomic_equal_alignment=\"128\"\ntarget_has_atomic_equal_alignment=\"16\"\ntarget_has_atomic_equal_alignment=\"32\"\ntarget_has_atomic_equal_alignment=\"64\"\ntarget_has_atomic_equal_alignment=\"8\"\ntarget_has_atomic_equal_alignment=\"ptr\"\ntarget_has_atomic_load_store\ntarget_has_atomic_load_store=\"128\"\ntarget_has_atomic_load_store=\"16\"\ntarget_has_atomic_load_store=\"32\"\ntarget_has_atomic_load_store=\"64\"\ntarget_has_atomic_load_store=\"8\"\ntarget_has_atomic_load_store=\"ptr\"\ntarget_os=\"none\"\ntarget_pointer_width=\"64\"\ntarget_vendor=\"unknown\"\nub_checks\n\n\n-----\n\nerror: failed to build rustdoc for crate axfs v0.1.0\nnote: this is usually due to a compilation error in the crate,\n      and is unlikely to be a bug in cargo-semver-checks\nnote: the following command can be used to reproduce the compilation error:\n      cargo new --lib example &&\n          cd example &&\n          echo '[workspace]' >> Cargo.toml &&\n          cargo add --path /home/runner/check/batch_2/Starry-OS/Starry-New/modules/axfs --no-default-features --features another_ext4,default,devfs,ext4_rs,fatfs,lwext4_rust,monolithic,myfs,procfs,ramfs,sysfs,use-ramdisk &&\n          cargo check\n\nerror: aborting due to failure to build rustdoc for crate axfs v0.1.0\n"]}},{"file":"[lockbud] Not supported to display yet.","count":1,"kinds":{"Lockbud(Possibly)":["[2024-12-02T20:38:54Z WARN  lockbud::callbacks] [\n      {\n        \"AtomicityViolation\": {\n          \"bug_kind\": \"AtomicityViolation\",\n          \"possibility\": \"Possibly\",\n          \"diagnosis\": {\n            \"fn_name\": \"set_logger_racy\",\n            \"atomic_reader\": \"/home/runner/.cargo/registry/src/index.crates.io-6f17d22bba15001f/log-0.4.21/src/lib.rs:1408:11: 1408:39 (#0)\",\n            \"atomic_writer\": \"/home/runner/.cargo/registry/src/index.crates.io-6f17d22bba15001f/log-0.4.21/src/lib.rs:1411:13: 1411:55 (#0)\",\n            \"dep_kind\": \"Control\"\n          },\n          \"explanation\": \"atomic::store is data/control dependent on atomic::load\"\n        }\n      }\n    ]\n[2024-12-02T20:38:54Z WARN  lockbud::callbacks] crate log contains bugs: { probably: 0, possibly: 0 }, conflictlock: { probably: 0, possibly: 0 }, condvar_deadlock: { probably: 0, possibly: 0 }, atomicity_violation: { possibly: 1 }, invalid_free: { possibly: 0 }, use_after_free: { possibly: 0 }"]}},{"file":"[outdated direct dependencies]","count":1,"kinds":{"Outdated":["pkg=axfs, checker=Outdated\ntoolchain=nightly-2024-05-02, target=aarch64-unknown-none-softfloat\npkg_dir=/home/runner/check/batch_2/Starry-OS/Starry-New/modules/axfs\ncmd=cargo +nightly-2024-10-12-x86_64-unknown-linux-gnu outdated -R --exit-code=2\n\nName  Project  Compat  Latest  Kind    Platform\n----  -------  ------  ------  ----    --------\nlog   0.4.21   0.4.22  0.4.22  Normal  ---\n"]}},{"file":"[semver checks]","count":1,"kinds":{"Semver Violation":["pkg=axfs, checker=SemverChecks\ntoolchain=nightly-2024-05-02, target=aarch64-unknown-none-softfloat\npkg_dir=/home/runner/check/batch_2/Starry-OS/Starry-New/modules/axfs\ncmd=cargo +nightly-2024-10-12-x86_64-unknown-linux-gnu semver-checks --target aarch64-unknown-none-softfloat\n\n\nstdout:\n\nstderr:\n     Parsing axfs v0.1.0 (current)\nerror: running cargo-doc on crate axfs failed with output:\n-----\nerror: output of --print=file-names missing when learning about target-specific information from rustc\ncommand was: `/home/runner/.rustup/toolchains/nightly-2024-10-12-x86_64-unknown-linux-gnu/bin/rustc - --crate-name ___ --print=file-names --cap-lints=allow --target aarch64-unknown-none-softfloat --crate-type bin --crate-type rlib --crate-type dylib --crate-type cdylib --crate-type staticlib --crate-type proc-macro --print=sysroot --print=split-debuginfo --print=crate-name --print=cfg`\n\n--- stdout\n___\nlib___.rlib\nlib___.a\n/home/runner/.rustup/toolchains/nightly-2024-10-12-x86_64-unknown-linux-gnu\noff\n___\ndebug_assertions\nfmt_debug=\"full\"\noverflow_checks\npanic=\"abort\"\nproc_macro\nrelocation_model=\"static\"\ntarget_abi=\"softfloat\"\ntarget_arch=\"aarch64\"\ntarget_endian=\"little\"\ntarget_env=\"\"\ntarget_has_atomic\ntarget_has_atomic=\"128\"\ntarget_has_atomic=\"16\"\ntarget_has_atomic=\"32\"\ntarget_has_atomic=\"64\"\ntarget_has_atomic=\"8\"\ntarget_has_atomic=\"ptr\"\ntarget_has_atomic_equal_alignment=\"128\"\ntarget_has_atomic_equal_alignment=\"16\"\ntarget_has_atomic_equal_alignment=\"32\"\ntarget_has_atomic_equal_alignment=\"64\"\ntarget_has_atomic_equal_alignment=\"8\"\ntarget_has_atomic_equal_alignment=\"ptr\"\ntarget_has_atomic_load_store\ntarget_has_atomic_load_store=\"128\"\ntarget_has_atomic_load_store=\"16\"\ntarget_has_atomic_load_store=\"32\"\ntarget_has_atomic_load_store=\"64\"\ntarget_has_atomic_load_store=\"8\"\ntarget_has_atomic_load_store=\"ptr\"\ntarget_os=\"none\"\ntarget_pointer_width=\"64\"\ntarget_vendor=\"unknown\"\nub_checks\n\n\n-----\n\nerror: failed to build rustdoc for crate axfs v0.1.0\nnote: this is usually due to a compilation error in the crate,\n      and is unlikely to be a bug in cargo-semver-checks\nnote: the following command can be used to reproduce the compilation error:\n      cargo new --lib example &&\n          cd example &&\n          echo '[workspace]' >> Cargo.toml &&\n          cargo add --path /home/runner/check/batch_2/Starry-OS/Starry-New/modules/axfs --no-default-features --features another_ext4,default,devfs,ext4_rs,fatfs,lwext4_rust,monolithic,myfs,procfs,ramfs,sysfs,use-ramdisk &&\n          cargo check\n\nerror: aborting due to failure to build rustdoc for crate axfs v0.1.0\n"]}},{"file":"modules/axfs/src/api/file.rs","count":1,"kinds":{"Clippy(Warn)":["warning: you should consider adding a `Default` implementation for `OpenOptions`\n  --> modules/axfs/src/api/file.rs:29:5\n   |\n29 | /     pub const fn new() -> Self {\n30 | |         OpenOptions(fops::OpenOptions::new())\n31 | |     }\n   | |_____^\n   |\n   = help: for further information visit https://rust-lang.github.io/rust-clippy/master/index.html#new_without_default\n   = note: `#[warn(clippy::new_without_default)]` on by default\nhelp: try adding this\n   |\n27 + impl Default for OpenOptions {\n28 +     fn default() -> Self {\n29 +         Self::new()\n30 +     }\n31 + }\n   |\n\n"]}},{"file":"modules/axfs/src/fops.rs","count":1,"kinds":{"Clippy(Warn)":["warning: you should consider adding a `Default` implementation for `OpenOptions`\n  --> modules/axfs/src/fops.rs:55:5\n   |\n55 | /     pub const fn new() -> Self {\n56 | |         Self {\n57 | |             // generic\n58 | |             read: false,\n...  |\n67 | |         }\n68 | |     }\n   | |_____^\n   |\n   = help: for further information visit https://rust-lang.github.io/rust-clippy/master/index.html#new_without_default\nhelp: try adding this\n   |\n53 + impl Default for OpenOptions {\n54 +     fn default() -> Self {\n55 +         Self::new()\n56 +     }\n57 + }\n   |\n\n"]}}]},{"user":"Starry-OS","repo":"Starry-New","pkg":"axprocess","count":8,"raw_reports":[{"file":"modules/axtask/src/task.rs","count":2,"kinds":{"Clippy(Warn)":["warning: unused import: `Ordering`\n  --> modules/axtask/src/task.rs:18:38\n   |\n18 | use core::sync::atomic::{AtomicBool, Ordering};\n   |                                      ^^^^^^^^\n   |\n   = note: `#[warn(unused_imports)]` on by default\n\n","warning: field `irq_state` is never read\n  --> modules/axtask/src/task.rs:46:5\n   |\n43 | pub struct ScheduleTask {\n   |            ------------ field in this struct\n...\n46 |     irq_state: AtomicBool,\n   |     ^^^^^^^^^\n\n"]}},{"file":"(virtual) semver-checks","count":1,"kinds":{"Cargo":["// pkg_name=axprocess, checker=SemverChecks\n// toolchain=nightly-2024-05-02, target=aarch64-unknown-none-softfloat\n// pkg_dir=/home/runner/check/batch_2/Starry-OS/Starry-New/modules/axprocess\n// cmd=cargo +nightly-2024-10-12-x86_64-unknown-linux-gnu semver-checks --target aarch64-unknown-none-softfloat\n     Parsing axprocess v0.1.0 (current)\nerror: running cargo-doc on crate axprocess failed with output:\n-----\nerror: output of --print=file-names missing when learning about target-specific information from rustc\ncommand was: `/home/runner/.rustup/toolchains/nightly-2024-10-12-x86_64-unknown-linux-gnu/bin/rustc - --crate-name ___ --print=file-names --cap-lints=allow --target aarch64-unknown-none-softfloat --crate-type bin --crate-type rlib --crate-type dylib --crate-type cdylib --crate-type staticlib --crate-type proc-macro --print=sysroot --print=split-debuginfo --print=crate-name --print=cfg`\n\n--- stdout\n___\nlib___.rlib\nlib___.a\n/home/runner/.rustup/toolchains/nightly-2024-10-12-x86_64-unknown-linux-gnu\noff\n___\ndebug_assertions\nfmt_debug=\"full\"\noverflow_checks\npanic=\"abort\"\nproc_macro\nrelocation_model=\"static\"\ntarget_abi=\"softfloat\"\ntarget_arch=\"aarch64\"\ntarget_endian=\"little\"\ntarget_env=\"\"\ntarget_has_atomic\ntarget_has_atomic=\"128\"\ntarget_has_atomic=\"16\"\ntarget_has_atomic=\"32\"\ntarget_has_atomic=\"64\"\ntarget_has_atomic=\"8\"\ntarget_has_atomic=\"ptr\"\ntarget_has_atomic_equal_alignment=\"128\"\ntarget_has_atomic_equal_alignment=\"16\"\ntarget_has_atomic_equal_alignment=\"32\"\ntarget_has_atomic_equal_alignment=\"64\"\ntarget_has_atomic_equal_alignment=\"8\"\ntarget_has_atomic_equal_alignment=\"ptr\"\ntarget_has_atomic_load_store\ntarget_has_atomic_load_store=\"128\"\ntarget_has_atomic_load_store=\"16\"\ntarget_has_atomic_load_store=\"32\"\ntarget_has_atomic_load_store=\"64\"\ntarget_has_atomic_load_store=\"8\"\ntarget_has_atomic_load_store=\"ptr\"\ntarget_os=\"none\"\ntarget_pointer_width=\"64\"\ntarget_vendor=\"unknown\"\nub_checks\n\n\n-----\n\nerror: failed to build rustdoc for crate axprocess v0.1.0\nnote: this is usually due to a compilation error in the crate,\n      and is unlikely to be a bug in cargo-semver-checks\nnote: the following command can be used to reproduce the compilation error:\n      cargo new --lib example &&\n          cd example &&\n          echo '[workspace]' >> Cargo.toml &&\n          cargo add --path /home/runner/check/batch_2/Starry-OS/Starry-New/modules/axprocess --no-default-features --features axfs,default,fs,monolithic &&\n          cargo check\n\nerror: aborting due to failure to build rustdoc for crate axprocess v0.1.0\n"]}},{"file":"[lockbud] Not supported to display yet.","count":1,"kinds":{"Lockbud(Possibly)":["[2024-12-02T20:38:54Z WARN  lockbud::callbacks] [\n      {\n        \"AtomicityViolation\": {\n          \"bug_kind\": \"AtomicityViolation\",\n          \"possibility\": \"Possibly\",\n          \"diagnosis\": {\n            \"fn_name\": \"set_logger_racy\",\n            \"atomic_reader\": \"/home/runner/.cargo/registry/src/index.crates.io-6f17d22bba15001f/log-0.4.21/src/lib.rs:1408:11: 1408:39 (#0)\",\n            \"atomic_writer\": \"/home/runner/.cargo/registry/src/index.crates.io-6f17d22bba15001f/log-0.4.21/src/lib.rs:1411:13: 1411:55 (#0)\",\n            \"dep_kind\": \"Control\"\n          },\n          \"explanation\": \"atomic::store is data/control dependent on atomic::load\"\n        }\n      }\n    ]\n[2024-12-02T20:38:54Z WARN  lockbud::callbacks] crate log contains bugs: { probably: 0, possibly: 0 }, conflictlock: { probably: 0, possibly: 0 }, condvar_deadlock: { probably: 0, possibly: 0 }, atomicity_violation: { possibly: 1 }, invalid_free: { possibly: 0 }, use_after_free: { possibly: 0 }\n[2024-12-02T20:40:04Z WARN  lockbud::callbacks] [\n      {\n        \"UseAfterFree\": {\n          \"bug_kind\": \"UseAfterFree\",\n          \"possibility\": \"Possibly\",\n          \"diagnosis\": \"Raw ptr is used at modules/axtask/src/schedule.rs:211:64: 211:80 (#0) after dropped at modules/axtask/src/schedule.rs:139:17: 139:26 (#0)\",\n          \"explanation\": \"Raw ptr is used or escapes the current function after the pointed value is dropped\"\n        }\n      }\n    ]\n[2024-12-02T20:40:04Z WARN  lockbud::callbacks] crate axtask contains bugs: { probably: 0, possibly: 0 }, conflictlock: { probably: 0, possibly: 0 }, condvar_deadlock: { probably: 0, possibly: 0 }, atomicity_violation: { possibly: 0 }, invalid_free: { possibly: 0 }, use_after_free: { possibly: 1 }"]}},{"file":"[outdated direct dependencies]","count":1,"kinds":{"Outdated":["pkg=axprocess, checker=Outdated\ntoolchain=nightly-2024-05-02, target=aarch64-unknown-none-softfloat\npkg_dir=/home/runner/check/batch_2/Starry-OS/Starry-New/modules/axprocess\ncmd=cargo +nightly-2024-10-12-x86_64-unknown-linux-gnu outdated -R --exit-code=2\n\nName   Project  Compat  Latest  Kind    Platform\n----   -------  ------  ------  ----    --------\nriscv  0.10.1   ---     0.12.1  Normal  ---\n"]}},{"file":"[semver checks]","count":1,"kinds":{"Semver Violation":["pkg=axprocess, checker=SemverChecks\ntoolchain=nightly-2024-05-02, target=aarch64-unknown-none-softfloat\npkg_dir=/home/runner/check/batch_2/Starry-OS/Starry-New/modules/axprocess\ncmd=cargo +nightly-2024-10-12-x86_64-unknown-linux-gnu semver-checks --target aarch64-unknown-none-softfloat\n\n\nstdout:\n\nstderr:\n     Parsing axprocess v0.1.0 (current)\nerror: running cargo-doc on crate axprocess failed with output:\n-----\nerror: output of --print=file-names missing when learning about target-specific information from rustc\ncommand was: `/home/runner/.rustup/toolchains/nightly-2024-10-12-x86_64-unknown-linux-gnu/bin/rustc - --crate-name ___ --print=file-names --cap-lints=allow --target aarch64-unknown-none-softfloat --crate-type bin --crate-type rlib --crate-type dylib --crate-type cdylib --crate-type staticlib --crate-type proc-macro --print=sysroot --print=split-debuginfo --print=crate-name --print=cfg`\n\n--- stdout\n___\nlib___.rlib\nlib___.a\n/home/runner/.rustup/toolchains/nightly-2024-10-12-x86_64-unknown-linux-gnu\noff\n___\ndebug_assertions\nfmt_debug=\"full\"\noverflow_checks\npanic=\"abort\"\nproc_macro\nrelocation_model=\"static\"\ntarget_abi=\"softfloat\"\ntarget_arch=\"aarch64\"\ntarget_endian=\"little\"\ntarget_env=\"\"\ntarget_has_atomic\ntarget_has_atomic=\"128\"\ntarget_has_atomic=\"16\"\ntarget_has_atomic=\"32\"\ntarget_has_atomic=\"64\"\ntarget_has_atomic=\"8\"\ntarget_has_atomic=\"ptr\"\ntarget_has_atomic_equal_alignment=\"128\"\ntarget_has_atomic_equal_alignment=\"16\"\ntarget_has_atomic_equal_alignment=\"32\"\ntarget_has_atomic_equal_alignment=\"64\"\ntarget_has_atomic_equal_alignment=\"8\"\ntarget_has_atomic_equal_alignment=\"ptr\"\ntarget_has_atomic_load_store\ntarget_has_atomic_load_store=\"128\"\ntarget_has_atomic_load_store=\"16\"\ntarget_has_atomic_load_store=\"32\"\ntarget_has_atomic_load_store=\"64\"\ntarget_has_atomic_load_store=\"8\"\ntarget_has_atomic_load_store=\"ptr\"\ntarget_os=\"none\"\ntarget_pointer_width=\"64\"\ntarget_vendor=\"unknown\"\nub_checks\n\n\n-----\n\nerror: failed to build rustdoc for crate axprocess v0.1.0\nnote: this is usually due to a compilation error in the crate,\n      and is unlikely to be a bug in cargo-semver-checks\nnote: the following command can be used to reproduce the compilation error:\n      cargo new --lib example &&\n          cd example &&\n          echo '[workspace]' >> Cargo.toml &&\n          cargo add --path /home/runner/check/batch_2/Starry-OS/Starry-New/modules/axprocess --no-default-features --features axfs,default,fs,monolithic &&\n          cargo check\n\nerror: aborting due to failure to build rustdoc for crate axprocess v0.1.0\n"]}},{"file":"modules/axprocess/src/process.rs","count":1,"kinds":{"Clippy(Warn)":["warning: this function has too many arguments (8/7)\n   --> modules/axprocess/src/process.rs:195:5\n    |\n195 | /     pub fn new(\n196 | |         pid: u64,\n197 | |         stack_size: u64,\n198 | |         parent: u64,\n...   |\n203 | |         fd_table: FdTable,\n204 | |     ) -> Self {\n    | |_____________^\n    |\n    = help: for further information visit https://rust-lang.github.io/rust-clippy/master/index.html#too_many_arguments\n    = note: `#[warn(clippy::too_many_arguments)]` on by default\n\n"]}},{"file":"modules/axtask/src/processor.rs","count":1,"kinds":{"Clippy(Warn)":["warning: method `task_tick` is never used\n   --> modules/axtask/src/processor.rs:126:19\n    |\n43  | impl Processor {\n    | -------------- method in this implementation\n...\n126 |     pub(crate) fn task_tick(&self, task: &AxTaskRef) -> bool {\n    |                   ^^^^^^^^^\n    |\n    = note: `#[warn(dead_code)]` on by default\n\n"]}}]},{"user":"Starry-OS","repo":"Starry-New","pkg":"axfutex","count":7,"raw_reports":[{"file":"modules/axtask/src/task.rs","count":2,"kinds":{"Clippy(Warn)":["warning: unused import: `Ordering`\n  --> modules/axtask/src/task.rs:18:38\n   |\n18 | use core::sync::atomic::{AtomicBool, Ordering};\n   |                                      ^^^^^^^^\n   |\n   = note: `#[warn(unused_imports)]` on by default\n\n","warning: field `irq_state` is never read\n  --> modules/axtask/src/task.rs:46:5\n   |\n43 | pub struct ScheduleTask {\n   |            ------------ field in this struct\n...\n46 |     irq_state: AtomicBool,\n   |     ^^^^^^^^^\n\n"]}},{"file":"(virtual) semver-checks","count":1,"kinds":{"Cargo":["// pkg_name=axfutex, checker=SemverChecks\n// toolchain=nightly-2024-05-02, target=aarch64-unknown-none-softfloat\n// pkg_dir=/home/runner/check/batch_2/Starry-OS/Starry-New/modules/axfutex\n// cmd=cargo +nightly-2024-10-12-x86_64-unknown-linux-gnu semver-checks --target aarch64-unknown-none-softfloat\n     Parsing axfutex v0.1.0 (current)\nerror: running cargo-doc on crate axfutex failed with output:\n-----\nerror: output of --print=file-names missing when learning about target-specific information from rustc\ncommand was: `/home/runner/.rustup/toolchains/nightly-2024-10-12-x86_64-unknown-linux-gnu/bin/rustc - --crate-name ___ --print=file-names --cap-lints=allow --target aarch64-unknown-none-softfloat --crate-type bin --crate-type rlib --crate-type dylib --crate-type cdylib --crate-type staticlib --crate-type proc-macro --print=sysroot --print=split-debuginfo --print=crate-name --print=cfg`\n\n--- stdout\n___\nlib___.rlib\nlib___.a\n/home/runner/.rustup/toolchains/nightly-2024-10-12-x86_64-unknown-linux-gnu\noff\n___\ndebug_assertions\nfmt_debug=\"full\"\noverflow_checks\npanic=\"abort\"\nproc_macro\nrelocation_model=\"static\"\ntarget_abi=\"softfloat\"\ntarget_arch=\"aarch64\"\ntarget_endian=\"little\"\ntarget_env=\"\"\ntarget_has_atomic\ntarget_has_atomic=\"128\"\ntarget_has_atomic=\"16\"\ntarget_has_atomic=\"32\"\ntarget_has_atomic=\"64\"\ntarget_has_atomic=\"8\"\ntarget_has_atomic=\"ptr\"\ntarget_has_atomic_equal_alignment=\"128\"\ntarget_has_atomic_equal_alignment=\"16\"\ntarget_has_atomic_equal_alignment=\"32\"\ntarget_has_atomic_equal_alignment=\"64\"\ntarget_has_atomic_equal_alignment=\"8\"\ntarget_has_atomic_equal_alignment=\"ptr\"\ntarget_has_atomic_load_store\ntarget_has_atomic_load_store=\"128\"\ntarget_has_atomic_load_store=\"16\"\ntarget_has_atomic_load_store=\"32\"\ntarget_has_atomic_load_store=\"64\"\ntarget_has_atomic_load_store=\"8\"\ntarget_has_atomic_load_store=\"ptr\"\ntarget_os=\"none\"\ntarget_pointer_width=\"64\"\ntarget_vendor=\"unknown\"\nub_checks\n\n\n-----\n\nerror: failed to build rustdoc for crate axfutex v0.1.0\nnote: this is usually due to a compilation error in the crate,\n      and is unlikely to be a bug in cargo-semver-checks\nnote: the following command can be used to reproduce the compilation error:\n      cargo new --lib example &&\n          cd example &&\n          echo '[workspace]' >> Cargo.toml &&\n          cargo add --path /home/runner/check/batch_2/Starry-OS/Starry-New/modules/axfutex --no-default-features --features axfs,default,fs,monolithic &&\n          cargo check\n\nerror: aborting due to failure to build rustdoc for crate axfutex v0.1.0\n"]}},{"file":"[lockbud] Not supported to display yet.","count":1,"kinds":{"Lockbud(Possibly)":["[2024-12-02T20:38:54Z WARN  lockbud::callbacks] [\n      {\n        \"AtomicityViolation\": {\n          \"bug_kind\": \"AtomicityViolation\",\n          \"possibility\": \"Possibly\",\n          \"diagnosis\": {\n            \"fn_name\": \"set_logger_racy\",\n            \"atomic_reader\": \"/home/runner/.cargo/registry/src/index.crates.io-6f17d22bba15001f/log-0.4.21/src/lib.rs:1408:11: 1408:39 (#0)\",\n            \"atomic_writer\": \"/home/runner/.cargo/registry/src/index.crates.io-6f17d22bba15001f/log-0.4.21/src/lib.rs:1411:13: 1411:55 (#0)\",\n            \"dep_kind\": \"Control\"\n          },\n          \"explanation\": \"atomic::store is data/control dependent on atomic::load\"\n        }\n      }\n    ]\n[2024-12-02T20:38:54Z WARN  lockbud::callbacks] crate log contains bugs: { probably: 0, possibly: 0 }, conflictlock: { probably: 0, possibly: 0 }, condvar_deadlock: { probably: 0, possibly: 0 }, atomicity_violation: { possibly: 1 }, invalid_free: { possibly: 0 }, use_after_free: { possibly: 0 }\n[2024-12-02T20:40:04Z WARN  lockbud::callbacks] [\n      {\n        \"UseAfterFree\": {\n          \"bug_kind\": \"UseAfterFree\",\n          \"possibility\": \"Possibly\",\n          \"diagnosis\": \"Raw ptr is used at modules/axtask/src/schedule.rs:211:64: 211:80 (#0) after dropped at modules/axtask/src/schedule.rs:139:17: 139:26 (#0)\",\n          \"explanation\": \"Raw ptr is used or escapes the current function after the pointed value is dropped\"\n        }\n      }\n    ]\n[2024-12-02T20:40:04Z WARN  lockbud::callbacks] crate axtask contains bugs: { probably: 0, possibly: 0 }, conflictlock: { probably: 0, possibly: 0 }, condvar_deadlock: { probably: 0, possibly: 0 }, atomicity_violation: { possibly: 0 }, invalid_free: { possibly: 0 }, use_after_free: { possibly: 1 }"]}},{"file":"[outdated direct dependencies]","count":1,"kinds":{"Outdated":["pkg=axfutex, checker=Outdated\ntoolchain=nightly-2024-05-02, target=aarch64-unknown-none-softfloat\npkg_dir=/home/runner/check/batch_2/Starry-OS/Starry-New/modules/axfutex\ncmd=cargo +nightly-2024-10-12-x86_64-unknown-linux-gnu outdated -R --exit-code=2\n\nName       Project  Compat  Latest  Kind    Platform\n----       -------  ------  ------  ----    --------\nhashbrown  0.11.2   ---     0.15.2  Normal  ---\nlog        0.4.21   0.4.22  0.4.22  Normal  ---\n"]}},{"file":"[semver checks]","count":1,"kinds":{"Semver Violation":["pkg=axfutex, checker=SemverChecks\ntoolchain=nightly-2024-05-02, target=aarch64-unknown-none-softfloat\npkg_dir=/home/runner/check/batch_2/Starry-OS/Starry-New/modules/axfutex\ncmd=cargo +nightly-2024-10-12-x86_64-unknown-linux-gnu semver-checks --target aarch64-unknown-none-softfloat\n\n\nstdout:\n\nstderr:\n     Parsing axfutex v0.1.0 (current)\nerror: running cargo-doc on crate axfutex failed with output:\n-----\nerror: output of --print=file-names missing when learning about target-specific information from rustc\ncommand was: `/home/runner/.rustup/toolchains/nightly-2024-10-12-x86_64-unknown-linux-gnu/bin/rustc - --crate-name ___ --print=file-names --cap-lints=allow --target aarch64-unknown-none-softfloat --crate-type bin --crate-type rlib --crate-type dylib --crate-type cdylib --crate-type staticlib --crate-type proc-macro --print=sysroot --print=split-debuginfo --print=crate-name --print=cfg`\n\n--- stdout\n___\nlib___.rlib\nlib___.a\n/home/runner/.rustup/toolchains/nightly-2024-10-12-x86_64-unknown-linux-gnu\noff\n___\ndebug_assertions\nfmt_debug=\"full\"\noverflow_checks\npanic=\"abort\"\nproc_macro\nrelocation_model=\"static\"\ntarget_abi=\"softfloat\"\ntarget_arch=\"aarch64\"\ntarget_endian=\"little\"\ntarget_env=\"\"\ntarget_has_atomic\ntarget_has_atomic=\"128\"\ntarget_has_atomic=\"16\"\ntarget_has_atomic=\"32\"\ntarget_has_atomic=\"64\"\ntarget_has_atomic=\"8\"\ntarget_has_atomic=\"ptr\"\ntarget_has_atomic_equal_alignment=\"128\"\ntarget_has_atomic_equal_alignment=\"16\"\ntarget_has_atomic_equal_alignment=\"32\"\ntarget_has_atomic_equal_alignment=\"64\"\ntarget_has_atomic_equal_alignment=\"8\"\ntarget_has_atomic_equal_alignment=\"ptr\"\ntarget_has_atomic_load_store\ntarget_has_atomic_load_store=\"128\"\ntarget_has_atomic_load_store=\"16\"\ntarget_has_atomic_load_store=\"32\"\ntarget_has_atomic_load_store=\"64\"\ntarget_has_atomic_load_store=\"8\"\ntarget_has_atomic_load_store=\"ptr\"\ntarget_os=\"none\"\ntarget_pointer_width=\"64\"\ntarget_vendor=\"unknown\"\nub_checks\n\n\n-----\n\nerror: failed to build rustdoc for crate axfutex v0.1.0\nnote: this is usually due to a compilation error in the crate,\n      and is unlikely to be a bug in cargo-semver-checks\nnote: the following command can be used to reproduce the compilation error:\n      cargo new --lib example &&\n          cd example &&\n          echo '[workspace]' >> Cargo.toml &&\n          cargo add --path /home/runner/check/batch_2/Starry-OS/Starry-New/modules/axfutex --no-default-features --features axfs,default,fs,monolithic &&\n          cargo check\n\nerror: aborting due to failure to build rustdoc for crate axfutex v0.1.0\n"]}},{"file":"modules/axtask/src/processor.rs","count":1,"kinds":{"Clippy(Warn)":["warning: method `task_tick` is never used\n   --> modules/axtask/src/processor.rs:126:19\n    |\n43  | impl Processor {\n    | -------------- method in this implementation\n...\n126 |     pub(crate) fn task_tick(&self, task: &AxTaskRef) -> bool {\n    |                   ^^^^^^^^^\n    |\n    = note: `#[warn(dead_code)]` on by default\n\n"]}}]},{"user":"Starry-OS","repo":"Starry-New","pkg":"mingo","count":7,"raw_reports":[{"file":"src/main.rs","count":3,"kinds":{"Clippy(Error)":["error[E0433]: failed to resolve: could not find `driver` in `bsp`\n   --> src/main.rs:133:26\n    |\n133 |     if let Err(x) = bsp::driver::init() {\n    |                          ^^^^^^ could not find `driver` in `bsp`\n\n","error[E0433]: failed to resolve: could not find `memory` in `bsp`\n   --> src/main.rs:180:37\n    |\n180 |     let kernel_addr: *mut u8 = bsp::memory::board_default_load_addr() as *mut u8;\n    |                                     ^^^^^^ could not find `memory` in `bsp`\n\n","error[E0425]: cannot find function `board_name` in module `bsp`\n   --> src/main.rs:157:29\n    |\n157 |     println!(\"{:^37}\", bsp::board_name());\n    |                             ^^^^^^^^^^ not found in `bsp`\n\n"]}},{"file":"(virtual) clippy","count":1,"kinds":{"Cargo":["// pkg_name=mingo, checker=Clippy\n// toolchain=nightly-2024-05-02, target=aarch64-unknown-none-softfloat\n// pkg_dir=/home/runner/check/batch_2/Starry-OS/Starry-New/tools/raspi4/chainloader\n// cmd=cargo clippy --target aarch64-unknown-none-softfloat --no-deps --message-format=json\n    Checking tock-registers v0.8.1\n   Compiling mingo v0.6.0 (/home/runner/check/batch_2/Starry-OS/Starry-New/tools/raspi4/chainloader)\n    Checking aarch64-cpu v9.0.0\nerror: could not compile `mingo` (bin \"kernel\") due to 4 previous errors; 1 warning emitted\n"]}},{"file":"(virtual) lockbud","count":1,"kinds":{"Cargo":["// pkg_name=mingo, checker=Lockbud\n// toolchain=nightly-2024-05-02, target=aarch64-unknown-none-softfloat\n// pkg_dir=/home/runner/check/batch_2/Starry-OS/Starry-New/tools/raspi4/chainloader\n// cmd=cargo +nightly-2024-10-05 lockbud -k all -- --target aarch64-unknown-none-softfloat\n   Compiling tock-registers v0.8.1\n   Compiling mingo v0.6.0 (/home/runner/check/batch_2/Starry-OS/Starry-New/tools/raspi4/chainloader)\n   Compiling aarch64-cpu v9.0.0\nerror[E0433]: failed to resolve: could not find `driver` in `bsp`\n   --> src/main.rs:133:26\n    |\n133 |     if let Err(x) = bsp::driver::init() {\n    |                          ^^^^^^ could not find `driver` in `bsp`\n\nerror[E0433]: failed to resolve: could not find `memory` in `bsp`\n   --> src/main.rs:180:37\n    |\n180 |     let kernel_addr: *mut u8 = bsp::memory::board_default_load_addr() as *mut u8;\n    |                                     ^^^^^^ could not find `memory` in `bsp`\n\nerror[E0425]: cannot find function `board_name` in module `bsp`\n   --> src/main.rs:157:29\n    |\n157 |     println!(\"{:^37}\", bsp::board_name());\n    |                             ^^^^^^^^^^ not found in `bsp`\n\nwarning: unused import: `nop`\n  --> src/cpu.rs:16:20\n   |\n16 | pub use arch_cpu::{nop, wait_forever};\n   |                    ^^^\n   |\n   = note: `#[warn(unused_imports)]` on by default\n\nwarning: the feature `asm_const` has been stable since 1.82.0 and no longer requires an attribute to enable\n   --> src/main.rs:110:12\n    |\n110 | #![feature(asm_const)]\n    |            ^^^^^^^^^\n    |\n    = note: `#[warn(stable_features)]` on by default\n\nwarning: the feature `panic_info_message` has been stable since 1.81.0 and no longer requires an attribute to enable\n   --> src/main.rs:112:12\n    |\n112 | #![feature(panic_info_message)]\n    |            ^^^^^^^^^^^^^^^^^^\n\nerror[E0599]: no method named `unwrap_or` found for struct `core::panic::PanicMessage` in the current scope\n  --> src/panic_wait.rs:60:24\n   |\n60 |         info.message().unwrap_or(&format_args!(\"\")),\n   |                        ^^^^^^^^^ method not found in `PanicMessage<'_>`\n\nSome errors have detailed explanations: E0425, E0433, E0599.\nFor more information about an error, try `rustc --explain E0425`.\nwarning: `mingo` (bin \"kernel\") generated 3 warnings\nerror: could not compile `mingo` (bin \"kernel\") due to 4 previous errors; 3 warnings emitted\n"]}},{"file":"[outdated direct dependencies]","count":1,"kinds":{"Outdated":["pkg=mingo, checker=Outdated\ntoolchain=nightly-2024-05-02, target=aarch64-unknown-none-softfloat\npkg_dir=/home/runner/check/batch_2/Starry-OS/Starry-New/tools/raspi4/chainloader\ncmd=cargo +nightly-2024-10-12-x86_64-unknown-linux-gnu outdated -R --exit-code=2\n\nName            Project  Compat  Latest  Kind    Platform\n----            -------  ------  ------  ----    --------\naarch64-cpu     9.0.0    9.4.0   10.0.0  Normal  cfg(target_arch = \"aarch64\")\ntock-registers  0.8.1    ---     0.9.0   Normal  ---\n"]}},{"file":"src/cpu.rs","count":1,"kinds":{"Clippy(Warn)":["warning: unused import: `nop`\n  --> src/cpu.rs:16:20\n   |\n16 | pub use arch_cpu::{nop, wait_forever};\n   |                    ^^^\n   |\n   = note: `#[warn(unused_imports)]` on by default\n\n"]}}]},{"user":"Starry-OS","repo":"Starry-New","pkg":"arceos_posix_api","count":4,"raw_reports":[{"file":"(virtual) semver-checks","count":1,"kinds":{"Cargo":["// pkg_name=arceos_posix_api, checker=SemverChecks\n// toolchain=nightly-2024-05-02, target=aarch64-unknown-none-softfloat\n// pkg_dir=/home/runner/check/batch_2/Starry-OS/Starry-New/api/arceos_posix_api\n// cmd=cargo +nightly-2024-10-12-x86_64-unknown-linux-gnu semver-checks --target aarch64-unknown-none-softfloat\n     Parsing arceos_posix_api v0.1.0 (current)\nerror: running cargo-doc on crate arceos_posix_api failed with output:\n-----\nerror: output of --print=file-names missing when learning about target-specific information from rustc\ncommand was: `/home/runner/.rustup/toolchains/nightly-2024-10-12-x86_64-unknown-linux-gnu/bin/rustc - --crate-name ___ --print=file-names --cap-lints=allow --target aarch64-unknown-none-softfloat --crate-type bin --crate-type rlib --crate-type dylib --crate-type cdylib --crate-type staticlib --crate-type proc-macro --print=sysroot --print=split-debuginfo --print=crate-name --print=cfg`\n\n--- stdout\n___\nlib___.rlib\nlib___.a\n/home/runner/.rustup/toolchains/nightly-2024-10-12-x86_64-unknown-linux-gnu\noff\n___\ndebug_assertions\nfmt_debug=\"full\"\noverflow_checks\npanic=\"abort\"\nproc_macro\nrelocation_model=\"static\"\ntarget_abi=\"softfloat\"\ntarget_arch=\"aarch64\"\ntarget_endian=\"little\"\ntarget_env=\"\"\ntarget_has_atomic\ntarget_has_atomic=\"128\"\ntarget_has_atomic=\"16\"\ntarget_has_atomic=\"32\"\ntarget_has_atomic=\"64\"\ntarget_has_atomic=\"8\"\ntarget_has_atomic=\"ptr\"\ntarget_has_atomic_equal_alignment=\"128\"\ntarget_has_atomic_equal_alignment=\"16\"\ntarget_has_atomic_equal_alignment=\"32\"\ntarget_has_atomic_equal_alignment=\"64\"\ntarget_has_atomic_equal_alignment=\"8\"\ntarget_has_atomic_equal_alignment=\"ptr\"\ntarget_has_atomic_load_store\ntarget_has_atomic_load_store=\"128\"\ntarget_has_atomic_load_store=\"16\"\ntarget_has_atomic_load_store=\"32\"\ntarget_has_atomic_load_store=\"64\"\ntarget_has_atomic_load_store=\"8\"\ntarget_has_atomic_load_store=\"ptr\"\ntarget_os=\"none\"\ntarget_pointer_width=\"64\"\ntarget_vendor=\"unknown\"\nub_checks\n\n\n-----\n\nerror: failed to build rustdoc for crate arceos_posix_api v0.1.0\nnote: this is usually due to a compilation error in the crate,\n      and is unlikely to be a bug in cargo-semver-checks\nnote: the following command can be used to reproduce the compilation error:\n      cargo new --lib example &&\n          cd example &&\n          echo '[workspace]' >> Cargo.toml &&\n          cargo add --path /home/runner/check/batch_2/Starry-OS/Starry-New/api/arceos_posix_api --no-default-features --features alloc,axtask,default,epoll,fd,fs,irq,multitask,net,pipe,select,smp &&\n          cargo check\n\nerror: aborting due to failure to build rustdoc for crate arceos_posix_api v0.1.0\n"]}},{"file":"[lockbud] Not supported to display yet.","count":1,"kinds":{"Lockbud(Possibly)":["[2024-12-02T20:38:54Z WARN  lockbud::callbacks] [\n      {\n        \"AtomicityViolation\": {\n          \"bug_kind\": \"AtomicityViolation\",\n          \"possibility\": \"Possibly\",\n          \"diagnosis\": {\n            \"fn_name\": \"set_logger_racy\",\n            \"atomic_reader\": \"/home/runner/.cargo/registry/src/index.crates.io-6f17d22bba15001f/log-0.4.21/src/lib.rs:1408:11: 1408:39 (#0)\",\n            \"atomic_writer\": \"/home/runner/.cargo/registry/src/index.crates.io-6f17d22bba15001f/log-0.4.21/src/lib.rs:1411:13: 1411:55 (#0)\",\n            \"dep_kind\": \"Control\"\n          },\n          \"explanation\": \"atomic::store is data/control dependent on atomic::load\"\n        }\n      }\n    ]\n[2024-12-02T20:38:54Z WARN  lockbud::callbacks] crate log contains bugs: { probably: 0, possibly: 0 }, conflictlock: { probably: 0, possibly: 0 }, condvar_deadlock: { probably: 0, possibly: 0 }, atomicity_violation: { possibly: 1 }, invalid_free: { possibly: 0 }, use_after_free: { possibly: 0 }\n[2024-12-02T20:39:35Z WARN  lockbud::callbacks] [\n      {\n        \"AtomicityViolation\": {\n          \"bug_kind\": \"AtomicityViolation\",\n          \"possibility\": \"Possibly\",\n          \"diagnosis\": {\n            \"fn_name\": \"set_logger_racy\",\n            \"atomic_reader\": \"/home/runner/.cargo/registry/src/index.crates.io-6f17d22bba15001f/log-0.4.21/src/lib.rs:1408:11: 1408:39 (#0)\",\n            \"atomic_writer\": \"/home/runner/.cargo/registry/src/index.crates.io-6f17d22bba15001f/log-0.4.21/src/lib.rs:1411:13: 1411:55 (#0)\",\n            \"dep_kind\": \"Control\"\n          },\n          \"explanation\": \"atomic::store is data/control dependent on atomic::load\"\n        }\n      }\n    ]\n[2024-12-02T20:39:35Z WARN  lockbud::callbacks] crate log contains bugs: { probably: 0, possibly: 0 }, conflictlock: { probably: 0, possibly: 0 }, condvar_deadlock: { probably: 0, possibly: 0 }, atomicity_violation: { possibly: 1 }, invalid_free: { possibly: 0 }, use_after_free: { possibly: 0 }\n[2024-12-02T20:39:39Z WARN  lockbud::callbacks] [\n      {\n        \"AtomicityViolation\": {\n          \"bug_kind\": \"AtomicityViolation\",\n          \"possibility\": \"Possibly\",\n          \"diagnosis\": {\n            \"fn_name\": \"regex_automata::util::pool::inner::Pool::<T, F>::get\",\n            \"atomic_reader\": \"/home/runner/.cargo/registry/src/index.crates.io-6f17d22bba15001f/regex-automata-0.4.9/src/util/pool.rs:525:25: 525:59 (#0)\",\n            \"atomic_writer\": \"/home/runner/.cargo/registry/src/index.crates.io-6f17d22bba15001f/regex-automata-0.4.9/src/util/pool.rs:530:17: 530:69 (#0)\",\n            \"dep_kind\": \"Control\"\n          },\n          \"explanation\": \"atomic::store is data/control dependent on atomic::load\"\n        }\n      }\n    ]\n[2024-12-02T20:39:39Z WARN  lockbud::callbacks] crate bindgen contains bugs: { probably: 0, possibly: 0 }, conflictlock: { probably: 0, possibly: 0 }, condvar_deadlock: { probably: 0, possibly: 0 }, atomicity_violation: { possibly: 1 }, invalid_free: { possibly: 0 }, use_after_free: { possibly: 0 }"]}},{"file":"[outdated direct dependencies]","count":1,"kinds":{"Outdated":["pkg=arceos_posix_api, checker=Outdated\ntoolchain=nightly-2024-05-02, target=aarch64-unknown-none-softfloat\npkg_dir=/home/runner/check/batch_2/Starry-OS/Starry-New/api/arceos_posix_api\ncmd=cargo +nightly-2024-10-12-x86_64-unknown-linux-gnu outdated -R --exit-code=2\n\nName     Project  Compat  Latest  Kind   Platform\n----     -------  ------  ------  ----   --------\nbindgen  0.69.5   ---     0.70.1  Build  ---\n"]}},{"file":"[semver checks]","count":1,"kinds":{"Semver Violation":["pkg=arceos_posix_api, checker=SemverChecks\ntoolchain=nightly-2024-05-02, target=aarch64-unknown-none-softfloat\npkg_dir=/home/runner/check/batch_2/Starry-OS/Starry-New/api/arceos_posix_api\ncmd=cargo +nightly-2024-10-12-x86_64-unknown-linux-gnu semver-checks --target aarch64-unknown-none-softfloat\n\n\nstdout:\n\nstderr:\n     Parsing arceos_posix_api v0.1.0 (current)\nerror: running cargo-doc on crate arceos_posix_api failed with output:\n-----\nerror: output of --print=file-names missing when learning about target-specific information from rustc\ncommand was: `/home/runner/.rustup/toolchains/nightly-2024-10-12-x86_64-unknown-linux-gnu/bin/rustc - --crate-name ___ --print=file-names --cap-lints=allow --target aarch64-unknown-none-softfloat --crate-type bin --crate-type rlib --crate-type dylib --crate-type cdylib --crate-type staticlib --crate-type proc-macro --print=sysroot --print=split-debuginfo --print=crate-name --print=cfg`\n\n--- stdout\n___\nlib___.rlib\nlib___.a\n/home/runner/.rustup/toolchains/nightly-2024-10-12-x86_64-unknown-linux-gnu\noff\n___\ndebug_assertions\nfmt_debug=\"full\"\noverflow_checks\npanic=\"abort\"\nproc_macro\nrelocation_model=\"static\"\ntarget_abi=\"softfloat\"\ntarget_arch=\"aarch64\"\ntarget_endian=\"little\"\ntarget_env=\"\"\ntarget_has_atomic\ntarget_has_atomic=\"128\"\ntarget_has_atomic=\"16\"\ntarget_has_atomic=\"32\"\ntarget_has_atomic=\"64\"\ntarget_has_atomic=\"8\"\ntarget_has_atomic=\"ptr\"\ntarget_has_atomic_equal_alignment=\"128\"\ntarget_has_atomic_equal_alignment=\"16\"\ntarget_has_atomic_equal_alignment=\"32\"\ntarget_has_atomic_equal_alignment=\"64\"\ntarget_has_atomic_equal_alignment=\"8\"\ntarget_has_atomic_equal_alignment=\"ptr\"\ntarget_has_atomic_load_store\ntarget_has_atomic_load_store=\"128\"\ntarget_has_atomic_load_store=\"16\"\ntarget_has_atomic_load_store=\"32\"\ntarget_has_atomic_load_store=\"64\"\ntarget_has_atomic_load_store=\"8\"\ntarget_has_atomic_load_store=\"ptr\"\ntarget_os=\"none\"\ntarget_pointer_width=\"64\"\ntarget_vendor=\"unknown\"\nub_checks\n\n\n-----\n\nerror: failed to build rustdoc for crate arceos_posix_api v0.1.0\nnote: this is usually due to a compilation error in the crate,\n      and is unlikely to be a bug in cargo-semver-checks\nnote: the following command can be used to reproduce the compilation error:\n      cargo new --lib example &&\n          cd example &&\n          echo '[workspace]' >> Cargo.toml &&\n          cargo add --path /home/runner/check/batch_2/Starry-OS/Starry-New/api/arceos_posix_api --no-default-features --features alloc,axtask,default,epoll,fd,fs,irq,multitask,net,pipe,select,smp &&\n          cargo check\n\nerror: aborting due to failure to build rustdoc for crate arceos_posix_api v0.1.0\n"]}}]},{"user":"Starry-OS","repo":"Starry-New","pkg":"arch_boot","count":4,"raw_reports":[{"file":"(virtual) semver-checks","count":1,"kinds":{"Cargo":["// pkg_name=arch_boot, checker=SemverChecks\n// toolchain=nightly-2024-05-02, target=aarch64-unknown-none-softfloat\n// pkg_dir=/home/runner/check/batch_2/Starry-OS/Starry-New/modules/arch_boot\n// cmd=cargo +nightly-2024-10-12-x86_64-unknown-linux-gnu semver-checks --target aarch64-unknown-none-softfloat\n     Parsing arch_boot v0.1.0 (current)\nerror: running cargo-doc on crate arch_boot failed with output:\n-----\nerror: output of --print=file-names missing when learning about target-specific information from rustc\ncommand was: `/home/runner/.rustup/toolchains/nightly-2024-10-12-x86_64-unknown-linux-gnu/bin/rustc - --crate-name ___ --print=file-names --cap-lints=allow --target aarch64-unknown-none-softfloat --crate-type bin --crate-type rlib --crate-type dylib --crate-type cdylib --crate-type staticlib --crate-type proc-macro --print=sysroot --print=split-debuginfo --print=crate-name --print=cfg`\n\n--- stdout\n___\nlib___.rlib\nlib___.a\n/home/runner/.rustup/toolchains/nightly-2024-10-12-x86_64-unknown-linux-gnu\noff\n___\ndebug_assertions\nfmt_debug=\"full\"\noverflow_checks\npanic=\"abort\"\nproc_macro\nrelocation_model=\"static\"\ntarget_abi=\"softfloat\"\ntarget_arch=\"aarch64\"\ntarget_endian=\"little\"\ntarget_env=\"\"\ntarget_has_atomic\ntarget_has_atomic=\"128\"\ntarget_has_atomic=\"16\"\ntarget_has_atomic=\"32\"\ntarget_has_atomic=\"64\"\ntarget_has_atomic=\"8\"\ntarget_has_atomic=\"ptr\"\ntarget_has_atomic_equal_alignment=\"128\"\ntarget_has_atomic_equal_alignment=\"16\"\ntarget_has_atomic_equal_alignment=\"32\"\ntarget_has_atomic_equal_alignment=\"64\"\ntarget_has_atomic_equal_alignment=\"8\"\ntarget_has_atomic_equal_alignment=\"ptr\"\ntarget_has_atomic_load_store\ntarget_has_atomic_load_store=\"128\"\ntarget_has_atomic_load_store=\"16\"\ntarget_has_atomic_load_store=\"32\"\ntarget_has_atomic_load_store=\"64\"\ntarget_has_atomic_load_store=\"8\"\ntarget_has_atomic_load_store=\"ptr\"\ntarget_os=\"none\"\ntarget_pointer_width=\"64\"\ntarget_vendor=\"unknown\"\nub_checks\n\n\n-----\n\nerror: failed to build rustdoc for crate arch_boot v0.1.0\nnote: this is usually due to a compilation error in the crate,\n      and is unlikely to be a bug in cargo-semver-checks\nnote: the following command can be used to reproduce the compilation error:\n      cargo new --lib example &&\n          cd example &&\n          echo '[workspace]' >> Cargo.toml &&\n          cargo add --path /home/runner/check/batch_2/Starry-OS/Starry-New/modules/arch_boot --no-default-features --features axalloc,default,fp_simd,irq,monolithic,preempt,smp &&\n          cargo check\n\nerror: aborting due to failure to build rustdoc for crate arch_boot v0.1.0\n"]}},{"file":"[lockbud] Not supported to display yet.","count":1,"kinds":{"Lockbud(Possibly)":["[2024-12-02T20:38:54Z WARN  lockbud::callbacks] [\n      {\n        \"AtomicityViolation\": {\n          \"bug_kind\": \"AtomicityViolation\",\n          \"possibility\": \"Possibly\",\n          \"diagnosis\": {\n            \"fn_name\": \"set_logger_racy\",\n            \"atomic_reader\": \"/home/runner/.cargo/registry/src/index.crates.io-6f17d22bba15001f/log-0.4.21/src/lib.rs:1408:11: 1408:39 (#0)\",\n            \"atomic_writer\": \"/home/runner/.cargo/registry/src/index.crates.io-6f17d22bba15001f/log-0.4.21/src/lib.rs:1411:13: 1411:55 (#0)\",\n            \"dep_kind\": \"Control\"\n          },\n          \"explanation\": \"atomic::store is data/control dependent on atomic::load\"\n        }\n      }\n    ]\n[2024-12-02T20:38:54Z WARN  lockbud::callbacks] crate log contains bugs: { probably: 0, possibly: 0 }, conflictlock: { probably: 0, possibly: 0 }, condvar_deadlock: { probably: 0, possibly: 0 }, atomicity_violation: { possibly: 1 }, invalid_free: { possibly: 0 }, use_after_free: { possibly: 0 }"]}},{"file":"[outdated direct dependencies]","count":1,"kinds":{"Outdated":["pkg=arch_boot, checker=Outdated\ntoolchain=nightly-2024-05-02, target=aarch64-unknown-none-softfloat\npkg_dir=/home/runner/check/batch_2/Starry-OS/Starry-New/modules/arch_boot\ncmd=cargo +nightly-2024-10-12-x86_64-unknown-linux-gnu outdated -R --exit-code=2\n\nName            Project  Compat  Latest  Kind    Platform\n----            -------  ------  ------  ----    --------\naarch64-cpu     9.4.0    ---     10.0.0  Normal  cfg(target_arch = \"aarch64\")\nlog             0.4.21   0.4.22  0.4.22  Normal  ---\nriscv           0.10.1   ---     0.12.1  Normal  cfg(any(target_arch = \"riscv32\", target_arch = \"riscv64\"))\nsbi-rt          0.0.2    ---     0.0.3   Normal  cfg(any(target_arch = \"riscv32\", target_arch = \"riscv64\"))\ntock-registers  0.8.1    ---     0.9.0   Normal  cfg(target_arch = \"aarch64\")\nx86_64          0.15.1   0.15.2  0.15.2  Normal  cfg(target_arch = \"x86_64\")\n"]}},{"file":"[semver checks]","count":1,"kinds":{"Semver Violation":["pkg=arch_boot, checker=SemverChecks\ntoolchain=nightly-2024-05-02, target=aarch64-unknown-none-softfloat\npkg_dir=/home/runner/check/batch_2/Starry-OS/Starry-New/modules/arch_boot\ncmd=cargo +nightly-2024-10-12-x86_64-unknown-linux-gnu semver-checks --target aarch64-unknown-none-softfloat\n\n\nstdout:\n\nstderr:\n     Parsing arch_boot v0.1.0 (current)\nerror: running cargo-doc on crate arch_boot failed with output:\n-----\nerror: output of --print=file-names missing when learning about target-specific information from rustc\ncommand was: `/home/runner/.rustup/toolchains/nightly-2024-10-12-x86_64-unknown-linux-gnu/bin/rustc - --crate-name ___ --print=file-names --cap-lints=allow --target aarch64-unknown-none-softfloat --crate-type bin --crate-type rlib --crate-type dylib --crate-type cdylib --crate-type staticlib --crate-type proc-macro --print=sysroot --print=split-debuginfo --print=crate-name --print=cfg`\n\n--- stdout\n___\nlib___.rlib\nlib___.a\n/home/runner/.rustup/toolchains/nightly-2024-10-12-x86_64-unknown-linux-gnu\noff\n___\ndebug_assertions\nfmt_debug=\"full\"\noverflow_checks\npanic=\"abort\"\nproc_macro\nrelocation_model=\"static\"\ntarget_abi=\"softfloat\"\ntarget_arch=\"aarch64\"\ntarget_endian=\"little\"\ntarget_env=\"\"\ntarget_has_atomic\ntarget_has_atomic=\"128\"\ntarget_has_atomic=\"16\"\ntarget_has_atomic=\"32\"\ntarget_has_atomic=\"64\"\ntarget_has_atomic=\"8\"\ntarget_has_atomic=\"ptr\"\ntarget_has_atomic_equal_alignment=\"128\"\ntarget_has_atomic_equal_alignment=\"16\"\ntarget_has_atomic_equal_alignment=\"32\"\ntarget_has_atomic_equal_alignment=\"64\"\ntarget_has_atomic_equal_alignment=\"8\"\ntarget_has_atomic_equal_alignment=\"ptr\"\ntarget_has_atomic_load_store\ntarget_has_atomic_load_store=\"128\"\ntarget_has_atomic_load_store=\"16\"\ntarget_has_atomic_load_store=\"32\"\ntarget_has_atomic_load_store=\"64\"\ntarget_has_atomic_load_store=\"8\"\ntarget_has_atomic_load_store=\"ptr\"\ntarget_os=\"none\"\ntarget_pointer_width=\"64\"\ntarget_vendor=\"unknown\"\nub_checks\n\n\n-----\n\nerror: failed to build rustdoc for crate arch_boot v0.1.0\nnote: this is usually due to a compilation error in the crate,\n      and is unlikely to be a bug in cargo-semver-checks\nnote: the following command can be used to reproduce the compilation error:\n      cargo new --lib example &&\n          cd example &&\n          echo '[workspace]' >> Cargo.toml &&\n          cargo add --path /home/runner/check/batch_2/Starry-OS/Starry-New/modules/arch_boot --no-default-features --features axalloc,default,fp_simd,irq,monolithic,preempt,smp &&\n          cargo check\n\nerror: aborting due to failure to build rustdoc for crate arch_boot v0.1.0\n"]}}]},{"user":"Starry-OS","repo":"Starry-New","pkg":"axalloc","count":4,"raw_reports":[{"file":"(virtual) semver-checks","count":1,"kinds":{"Cargo":["// pkg_name=axalloc, checker=SemverChecks\n// toolchain=nightly-2024-05-02, target=aarch64-unknown-none-softfloat\n// pkg_dir=/home/runner/check/batch_2/Starry-OS/Starry-New/modules/axalloc\n// cmd=cargo +nightly-2024-10-12-x86_64-unknown-linux-gnu semver-checks --target aarch64-unknown-none-softfloat\n     Parsing axalloc v0.1.0 (current)\nerror: running cargo-doc on crate axalloc failed with output:\n-----\nerror: output of --print=file-names missing when learning about target-specific information from rustc\ncommand was: `/home/runner/.rustup/toolchains/nightly-2024-10-12-x86_64-unknown-linux-gnu/bin/rustc - --crate-name ___ --print=file-names --cap-lints=allow --target aarch64-unknown-none-softfloat --crate-type bin --crate-type rlib --crate-type dylib --crate-type cdylib --crate-type staticlib --crate-type proc-macro --print=sysroot --print=split-debuginfo --print=crate-name --print=cfg`\n\n--- stdout\n___\nlib___.rlib\nlib___.a\n/home/runner/.rustup/toolchains/nightly-2024-10-12-x86_64-unknown-linux-gnu\noff\n___\ndebug_assertions\nfmt_debug=\"full\"\noverflow_checks\npanic=\"abort\"\nproc_macro\nrelocation_model=\"static\"\ntarget_abi=\"softfloat\"\ntarget_arch=\"aarch64\"\ntarget_endian=\"little\"\ntarget_env=\"\"\ntarget_has_atomic\ntarget_has_atomic=\"128\"\ntarget_has_atomic=\"16\"\ntarget_has_atomic=\"32\"\ntarget_has_atomic=\"64\"\ntarget_has_atomic=\"8\"\ntarget_has_atomic=\"ptr\"\ntarget_has_atomic_equal_alignment=\"128\"\ntarget_has_atomic_equal_alignment=\"16\"\ntarget_has_atomic_equal_alignment=\"32\"\ntarget_has_atomic_equal_alignment=\"64\"\ntarget_has_atomic_equal_alignment=\"8\"\ntarget_has_atomic_equal_alignment=\"ptr\"\ntarget_has_atomic_load_store\ntarget_has_atomic_load_store=\"128\"\ntarget_has_atomic_load_store=\"16\"\ntarget_has_atomic_load_store=\"32\"\ntarget_has_atomic_load_store=\"64\"\ntarget_has_atomic_load_store=\"8\"\ntarget_has_atomic_load_store=\"ptr\"\ntarget_os=\"none\"\ntarget_pointer_width=\"64\"\ntarget_vendor=\"unknown\"\nub_checks\n\n\n-----\n\nerror: failed to build rustdoc for crate axalloc v0.1.0\nnote: this is usually due to a compilation error in the crate,\n      and is unlikely to be a bug in cargo-semver-checks\nnote: the following command can be used to reproduce the compilation error:\n      cargo new --lib example &&\n          cd example &&\n          echo '[workspace]' >> Cargo.toml &&\n          cargo add --path /home/runner/check/batch_2/Starry-OS/Starry-New/modules/axalloc --no-default-features --features buddy,default,slab,tlsf &&\n          cargo check\n\nerror: aborting due to failure to build rustdoc for crate axalloc v0.1.0\n"]}},{"file":"[lockbud] Not supported to display yet.","count":1,"kinds":{"Lockbud(Possibly)":["[2024-12-02T20:38:54Z WARN  lockbud::callbacks] [\n      {\n        \"AtomicityViolation\": {\n          \"bug_kind\": \"AtomicityViolation\",\n          \"possibility\": \"Possibly\",\n          \"diagnosis\": {\n            \"fn_name\": \"set_logger_racy\",\n            \"atomic_reader\": \"/home/runner/.cargo/registry/src/index.crates.io-6f17d22bba15001f/log-0.4.21/src/lib.rs:1408:11: 1408:39 (#0)\",\n            \"atomic_writer\": \"/home/runner/.cargo/registry/src/index.crates.io-6f17d22bba15001f/log-0.4.21/src/lib.rs:1411:13: 1411:55 (#0)\",\n            \"dep_kind\": \"Control\"\n          },\n          \"explanation\": \"atomic::store is data/control dependent on atomic::load\"\n        }\n      }\n    ]\n[2024-12-02T20:38:54Z WARN  lockbud::callbacks] crate log contains bugs: { probably: 0, possibly: 0 }, conflictlock: { probably: 0, possibly: 0 }, condvar_deadlock: { probably: 0, possibly: 0 }, atomicity_violation: { possibly: 1 }, invalid_free: { possibly: 0 }, use_after_free: { possibly: 0 }"]}},{"file":"[outdated direct dependencies]","count":1,"kinds":{"Outdated":["pkg=axalloc, checker=Outdated\ntoolchain=nightly-2024-05-02, target=aarch64-unknown-none-softfloat\npkg_dir=/home/runner/check/batch_2/Starry-OS/Starry-New/modules/axalloc\ncmd=cargo +nightly-2024-10-12-x86_64-unknown-linux-gnu outdated -R --exit-code=2\n\nName  Project  Compat  Latest  Kind    Platform\n----  -------  ------  ------  ----    --------\nlog   0.4.21   0.4.22  0.4.22  Normal  ---\n"]}},{"file":"[semver checks]","count":1,"kinds":{"Semver Violation":["pkg=axalloc, checker=SemverChecks\ntoolchain=nightly-2024-05-02, target=aarch64-unknown-none-softfloat\npkg_dir=/home/runner/check/batch_2/Starry-OS/Starry-New/modules/axalloc\ncmd=cargo +nightly-2024-10-12-x86_64-unknown-linux-gnu semver-checks --target aarch64-unknown-none-softfloat\n\n\nstdout:\n\nstderr:\n     Parsing axalloc v0.1.0 (current)\nerror: running cargo-doc on crate axalloc failed with output:\n-----\nerror: output of --print=file-names missing when learning about target-specific information from rustc\ncommand was: `/home/runner/.rustup/toolchains/nightly-2024-10-12-x86_64-unknown-linux-gnu/bin/rustc - --crate-name ___ --print=file-names --cap-lints=allow --target aarch64-unknown-none-softfloat --crate-type bin --crate-type rlib --crate-type dylib --crate-type cdylib --crate-type staticlib --crate-type proc-macro --print=sysroot --print=split-debuginfo --print=crate-name --print=cfg`\n\n--- stdout\n___\nlib___.rlib\nlib___.a\n/home/runner/.rustup/toolchains/nightly-2024-10-12-x86_64-unknown-linux-gnu\noff\n___\ndebug_assertions\nfmt_debug=\"full\"\noverflow_checks\npanic=\"abort\"\nproc_macro\nrelocation_model=\"static\"\ntarget_abi=\"softfloat\"\ntarget_arch=\"aarch64\"\ntarget_endian=\"little\"\ntarget_env=\"\"\ntarget_has_atomic\ntarget_has_atomic=\"128\"\ntarget_has_atomic=\"16\"\ntarget_has_atomic=\"32\"\ntarget_has_atomic=\"64\"\ntarget_has_atomic=\"8\"\ntarget_has_atomic=\"ptr\"\ntarget_has_atomic_equal_alignment=\"128\"\ntarget_has_atomic_equal_alignment=\"16\"\ntarget_has_atomic_equal_alignment=\"32\"\ntarget_has_atomic_equal_alignment=\"64\"\ntarget_has_atomic_equal_alignment=\"8\"\ntarget_has_atomic_equal_alignment=\"ptr\"\ntarget_has_atomic_load_store\ntarget_has_atomic_load_store=\"128\"\ntarget_has_atomic_load_store=\"16\"\ntarget_has_atomic_load_store=\"32\"\ntarget_has_atomic_load_store=\"64\"\ntarget_has_atomic_load_store=\"8\"\ntarget_has_atomic_load_store=\"ptr\"\ntarget_os=\"none\"\ntarget_pointer_width=\"64\"\ntarget_vendor=\"unknown\"\nub_checks\n\n\n-----\n\nerror: failed to build rustdoc for crate axalloc v0.1.0\nnote: this is usually due to a compilation error in the crate,\n      and is unlikely to be a bug in cargo-semver-checks\nnote: the following command can be used to reproduce the compilation error:\n      cargo new --lib example &&\n          cd example &&\n          echo '[workspace]' >> Cargo.toml &&\n          cargo add --path /home/runner/check/batch_2/Starry-OS/Starry-New/modules/axalloc --no-default-features --features buddy,default,slab,tlsf &&\n          cargo check\n\nerror: aborting due to failure to build rustdoc for crate axalloc v0.1.0\n"]}}]},{"user":"Starry-OS","repo":"Starry-New","pkg":"axdisplay","count":4,"raw_reports":[{"file":"(virtual) semver-checks","count":1,"kinds":{"Cargo":["// pkg_name=axdisplay, checker=SemverChecks\n// toolchain=nightly-2024-05-02, target=aarch64-unknown-none-softfloat\n// pkg_dir=/home/runner/check/batch_2/Starry-OS/Starry-New/modules/axdisplay\n// cmd=cargo +nightly-2024-10-12-x86_64-unknown-linux-gnu semver-checks --target aarch64-unknown-none-softfloat\n     Parsing axdisplay v0.1.0 (current)\nerror: running cargo-doc on crate axdisplay failed with output:\n-----\nerror: output of --print=file-names missing when learning about target-specific information from rustc\ncommand was: `/home/runner/.rustup/toolchains/nightly-2024-10-12-x86_64-unknown-linux-gnu/bin/rustc - --crate-name ___ --print=file-names --cap-lints=allow --target aarch64-unknown-none-softfloat --crate-type bin --crate-type rlib --crate-type dylib --crate-type cdylib --crate-type staticlib --crate-type proc-macro --print=sysroot --print=split-debuginfo --print=crate-name --print=cfg`\n\n--- stdout\n___\nlib___.rlib\nlib___.a\n/home/runner/.rustup/toolchains/nightly-2024-10-12-x86_64-unknown-linux-gnu\noff\n___\ndebug_assertions\nfmt_debug=\"full\"\noverflow_checks\npanic=\"abort\"\nproc_macro\nrelocation_model=\"static\"\ntarget_abi=\"softfloat\"\ntarget_arch=\"aarch64\"\ntarget_endian=\"little\"\ntarget_env=\"\"\ntarget_has_atomic\ntarget_has_atomic=\"128\"\ntarget_has_atomic=\"16\"\ntarget_has_atomic=\"32\"\ntarget_has_atomic=\"64\"\ntarget_has_atomic=\"8\"\ntarget_has_atomic=\"ptr\"\ntarget_has_atomic_equal_alignment=\"128\"\ntarget_has_atomic_equal_alignment=\"16\"\ntarget_has_atomic_equal_alignment=\"32\"\ntarget_has_atomic_equal_alignment=\"64\"\ntarget_has_atomic_equal_alignment=\"8\"\ntarget_has_atomic_equal_alignment=\"ptr\"\ntarget_has_atomic_load_store\ntarget_has_atomic_load_store=\"128\"\ntarget_has_atomic_load_store=\"16\"\ntarget_has_atomic_load_store=\"32\"\ntarget_has_atomic_load_store=\"64\"\ntarget_has_atomic_load_store=\"8\"\ntarget_has_atomic_load_store=\"ptr\"\ntarget_os=\"none\"\ntarget_pointer_width=\"64\"\ntarget_vendor=\"unknown\"\nub_checks\n\n\n-----\n\nerror: failed to build rustdoc for crate axdisplay v0.1.0\nnote: this is usually due to a compilation error in the crate,\n      and is unlikely to be a bug in cargo-semver-checks\nnote: the following command can be used to reproduce the compilation error:\n      cargo new --lib example &&\n          cd example &&\n          echo '[workspace]' >> Cargo.toml &&\n          cargo add --path /home/runner/check/batch_2/Starry-OS/Starry-New/modules/axdisplay --no-default-features &&\n          cargo check\n\nerror: aborting due to failure to build rustdoc for crate axdisplay v0.1.0\n"]}},{"file":"[lockbud] Not supported to display yet.","count":1,"kinds":{"Lockbud(Possibly)":["[2024-12-02T20:38:54Z WARN  lockbud::callbacks] [\n      {\n        \"AtomicityViolation\": {\n          \"bug_kind\": \"AtomicityViolation\",\n          \"possibility\": \"Possibly\",\n          \"diagnosis\": {\n            \"fn_name\": \"set_logger_racy\",\n            \"atomic_reader\": \"/home/runner/.cargo/registry/src/index.crates.io-6f17d22bba15001f/log-0.4.21/src/lib.rs:1408:11: 1408:39 (#0)\",\n            \"atomic_writer\": \"/home/runner/.cargo/registry/src/index.crates.io-6f17d22bba15001f/log-0.4.21/src/lib.rs:1411:13: 1411:55 (#0)\",\n            \"dep_kind\": \"Control\"\n          },\n          \"explanation\": \"atomic::store is data/control dependent on atomic::load\"\n        }\n      }\n    ]\n[2024-12-02T20:38:54Z WARN  lockbud::callbacks] crate log contains bugs: { probably: 0, possibly: 0 }, conflictlock: { probably: 0, possibly: 0 }, condvar_deadlock: { probably: 0, possibly: 0 }, atomicity_violation: { possibly: 1 }, invalid_free: { possibly: 0 }, use_after_free: { possibly: 0 }"]}},{"file":"[outdated direct dependencies]","count":1,"kinds":{"Outdated":["pkg=axdisplay, checker=Outdated\ntoolchain=nightly-2024-05-02, target=aarch64-unknown-none-softfloat\npkg_dir=/home/runner/check/batch_2/Starry-OS/Starry-New/modules/axdisplay\ncmd=cargo +nightly-2024-10-12-x86_64-unknown-linux-gnu outdated -R --exit-code=2\n\nName  Project  Compat  Latest  Kind    Platform\n----  -------  ------  ------  ----    --------\nlog   0.4.21   0.4.22  0.4.22  Normal  ---\n"]}},{"file":"[semver checks]","count":1,"kinds":{"Semver Violation":["pkg=axdisplay, checker=SemverChecks\ntoolchain=nightly-2024-05-02, target=aarch64-unknown-none-softfloat\npkg_dir=/home/runner/check/batch_2/Starry-OS/Starry-New/modules/axdisplay\ncmd=cargo +nightly-2024-10-12-x86_64-unknown-linux-gnu semver-checks --target aarch64-unknown-none-softfloat\n\n\nstdout:\n\nstderr:\n     Parsing axdisplay v0.1.0 (current)\nerror: running cargo-doc on crate axdisplay failed with output:\n-----\nerror: output of --print=file-names missing when learning about target-specific information from rustc\ncommand was: `/home/runner/.rustup/toolchains/nightly-2024-10-12-x86_64-unknown-linux-gnu/bin/rustc - --crate-name ___ --print=file-names --cap-lints=allow --target aarch64-unknown-none-softfloat --crate-type bin --crate-type rlib --crate-type dylib --crate-type cdylib --crate-type staticlib --crate-type proc-macro --print=sysroot --print=split-debuginfo --print=crate-name --print=cfg`\n\n--- stdout\n___\nlib___.rlib\nlib___.a\n/home/runner/.rustup/toolchains/nightly-2024-10-12-x86_64-unknown-linux-gnu\noff\n___\ndebug_assertions\nfmt_debug=\"full\"\noverflow_checks\npanic=\"abort\"\nproc_macro\nrelocation_model=\"static\"\ntarget_abi=\"softfloat\"\ntarget_arch=\"aarch64\"\ntarget_endian=\"little\"\ntarget_env=\"\"\ntarget_has_atomic\ntarget_has_atomic=\"128\"\ntarget_has_atomic=\"16\"\ntarget_has_atomic=\"32\"\ntarget_has_atomic=\"64\"\ntarget_has_atomic=\"8\"\ntarget_has_atomic=\"ptr\"\ntarget_has_atomic_equal_alignment=\"128\"\ntarget_has_atomic_equal_alignment=\"16\"\ntarget_has_atomic_equal_alignment=\"32\"\ntarget_has_atomic_equal_alignment=\"64\"\ntarget_has_atomic_equal_alignment=\"8\"\ntarget_has_atomic_equal_alignment=\"ptr\"\ntarget_has_atomic_load_store\ntarget_has_atomic_load_store=\"128\"\ntarget_has_atomic_load_store=\"16\"\ntarget_has_atomic_load_store=\"32\"\ntarget_has_atomic_load_store=\"64\"\ntarget_has_atomic_load_store=\"8\"\ntarget_has_atomic_load_store=\"ptr\"\ntarget_os=\"none\"\ntarget_pointer_width=\"64\"\ntarget_vendor=\"unknown\"\nub_checks\n\n\n-----\n\nerror: failed to build rustdoc for crate axdisplay v0.1.0\nnote: this is usually due to a compilation error in the crate,\n      and is unlikely to be a bug in cargo-semver-checks\nnote: the following command can be used to reproduce the compilation error:\n      cargo new --lib example &&\n          cd example &&\n          echo '[workspace]' >> Cargo.toml &&\n          cargo add --path /home/runner/check/batch_2/Starry-OS/Starry-New/modules/axdisplay --no-default-features &&\n          cargo check\n\nerror: aborting due to failure to build rustdoc for crate axdisplay v0.1.0\n"]}}]},{"user":"Starry-OS","repo":"Starry-New","pkg":"axdriver","count":4,"raw_reports":[{"file":"(virtual) semver-checks","count":1,"kinds":{"Cargo":["// pkg_name=axdriver, checker=SemverChecks\n// toolchain=nightly-2024-05-02, target=aarch64-unknown-none-softfloat\n// pkg_dir=/home/runner/check/batch_2/Starry-OS/Starry-New/modules/axdriver\n// cmd=cargo +nightly-2024-10-12-x86_64-unknown-linux-gnu semver-checks --target aarch64-unknown-none-softfloat\n     Parsing axdriver v0.1.0 (current)\nerror: running cargo-doc on crate axdriver failed with output:\n-----\nerror: output of --print=file-names missing when learning about target-specific information from rustc\ncommand was: `/home/runner/.rustup/toolchains/nightly-2024-10-12-x86_64-unknown-linux-gnu/bin/rustc - --crate-name ___ --print=file-names --cap-lints=allow --target aarch64-unknown-none-softfloat --crate-type bin --crate-type rlib --crate-type dylib --crate-type cdylib --crate-type staticlib --crate-type proc-macro --print=sysroot --print=split-debuginfo --print=crate-name --print=cfg`\n\n--- stdout\n___\nlib___.rlib\nlib___.a\n/home/runner/.rustup/toolchains/nightly-2024-10-12-x86_64-unknown-linux-gnu\noff\n___\ndebug_assertions\nfmt_debug=\"full\"\noverflow_checks\npanic=\"abort\"\nproc_macro\nrelocation_model=\"static\"\ntarget_abi=\"softfloat\"\ntarget_arch=\"aarch64\"\ntarget_endian=\"little\"\ntarget_env=\"\"\ntarget_has_atomic\ntarget_has_atomic=\"128\"\ntarget_has_atomic=\"16\"\ntarget_has_atomic=\"32\"\ntarget_has_atomic=\"64\"\ntarget_has_atomic=\"8\"\ntarget_has_atomic=\"ptr\"\ntarget_has_atomic_equal_alignment=\"128\"\ntarget_has_atomic_equal_alignment=\"16\"\ntarget_has_atomic_equal_alignment=\"32\"\ntarget_has_atomic_equal_alignment=\"64\"\ntarget_has_atomic_equal_alignment=\"8\"\ntarget_has_atomic_equal_alignment=\"ptr\"\ntarget_has_atomic_load_store\ntarget_has_atomic_load_store=\"128\"\ntarget_has_atomic_load_store=\"16\"\ntarget_has_atomic_load_store=\"32\"\ntarget_has_atomic_load_store=\"64\"\ntarget_has_atomic_load_store=\"8\"\ntarget_has_atomic_load_store=\"ptr\"\ntarget_os=\"none\"\ntarget_pointer_width=\"64\"\ntarget_vendor=\"unknown\"\nub_checks\n\n\n-----\n\nerror: failed to build rustdoc for crate axdriver v0.1.0\nnote: this is usually due to a compilation error in the crate,\n      and is unlikely to be a bug in cargo-semver-checks\nnote: the following command can be used to reproduce the compilation error:\n      cargo new --lib example &&\n          cd example &&\n          echo '[workspace]' >> Cargo.toml &&\n          cargo add --path /home/runner/check/batch_2/Starry-OS/Starry-New/modules/axdriver --no-default-features --features bcm2835-sdhci,block,bus-mmio,bus-pci,default,display,driver_block,driver_display,driver_net,driver_virtio,dyn,e1000,img,ixgbe,net,ramdisk,virtio,virtio-blk,virtio-gpu,virtio-net &&\n          cargo check\n\nerror: aborting due to failure to build rustdoc for crate axdriver v0.1.0\n"]}},{"file":"[lockbud] Not supported to display yet.","count":1,"kinds":{"Lockbud(Possibly)":["[2024-12-02T20:38:54Z WARN  lockbud::callbacks] [\n      {\n        \"AtomicityViolation\": {\n          \"bug_kind\": \"AtomicityViolation\",\n          \"possibility\": \"Possibly\",\n          \"diagnosis\": {\n            \"fn_name\": \"set_logger_racy\",\n            \"atomic_reader\": \"/home/runner/.cargo/registry/src/index.crates.io-6f17d22bba15001f/log-0.4.21/src/lib.rs:1408:11: 1408:39 (#0)\",\n            \"atomic_writer\": \"/home/runner/.cargo/registry/src/index.crates.io-6f17d22bba15001f/log-0.4.21/src/lib.rs:1411:13: 1411:55 (#0)\",\n            \"dep_kind\": \"Control\"\n          },\n          \"explanation\": \"atomic::store is data/control dependent on atomic::load\"\n        }\n      }\n    ]\n[2024-12-02T20:38:54Z WARN  lockbud::callbacks] crate log contains bugs: { probably: 0, possibly: 0 }, conflictlock: { probably: 0, possibly: 0 }, condvar_deadlock: { probably: 0, possibly: 0 }, atomicity_violation: { possibly: 1 }, invalid_free: { possibly: 0 }, use_after_free: { possibly: 0 }"]}},{"file":"[outdated direct dependencies]","count":1,"kinds":{"Outdated":["pkg=axdriver, checker=Outdated\ntoolchain=nightly-2024-05-02, target=aarch64-unknown-none-softfloat\npkg_dir=/home/runner/check/batch_2/Starry-OS/Starry-New/modules/axdriver\ncmd=cargo +nightly-2024-10-12-x86_64-unknown-linux-gnu outdated -R --exit-code=2\n\nName  Project  Compat  Latest  Kind    Platform\n----  -------  ------  ------  ----    --------\nlog   0.4.21   0.4.22  0.4.22  Normal  ---\n"]}},{"file":"[semver checks]","count":1,"kinds":{"Semver Violation":["pkg=axdriver, checker=SemverChecks\ntoolchain=nightly-2024-05-02, target=aarch64-unknown-none-softfloat\npkg_dir=/home/runner/check/batch_2/Starry-OS/Starry-New/modules/axdriver\ncmd=cargo +nightly-2024-10-12-x86_64-unknown-linux-gnu semver-checks --target aarch64-unknown-none-softfloat\n\n\nstdout:\n\nstderr:\n     Parsing axdriver v0.1.0 (current)\nerror: running cargo-doc on crate axdriver failed with output:\n-----\nerror: output of --print=file-names missing when learning about target-specific information from rustc\ncommand was: `/home/runner/.rustup/toolchains/nightly-2024-10-12-x86_64-unknown-linux-gnu/bin/rustc - --crate-name ___ --print=file-names --cap-lints=allow --target aarch64-unknown-none-softfloat --crate-type bin --crate-type rlib --crate-type dylib --crate-type cdylib --crate-type staticlib --crate-type proc-macro --print=sysroot --print=split-debuginfo --print=crate-name --print=cfg`\n\n--- stdout\n___\nlib___.rlib\nlib___.a\n/home/runner/.rustup/toolchains/nightly-2024-10-12-x86_64-unknown-linux-gnu\noff\n___\ndebug_assertions\nfmt_debug=\"full\"\noverflow_checks\npanic=\"abort\"\nproc_macro\nrelocation_model=\"static\"\ntarget_abi=\"softfloat\"\ntarget_arch=\"aarch64\"\ntarget_endian=\"little\"\ntarget_env=\"\"\ntarget_has_atomic\ntarget_has_atomic=\"128\"\ntarget_has_atomic=\"16\"\ntarget_has_atomic=\"32\"\ntarget_has_atomic=\"64\"\ntarget_has_atomic=\"8\"\ntarget_has_atomic=\"ptr\"\ntarget_has_atomic_equal_alignment=\"128\"\ntarget_has_atomic_equal_alignment=\"16\"\ntarget_has_atomic_equal_alignment=\"32\"\ntarget_has_atomic_equal_alignment=\"64\"\ntarget_has_atomic_equal_alignment=\"8\"\ntarget_has_atomic_equal_alignment=\"ptr\"\ntarget_has_atomic_load_store\ntarget_has_atomic_load_store=\"128\"\ntarget_has_atomic_load_store=\"16\"\ntarget_has_atomic_load_store=\"32\"\ntarget_has_atomic_load_store=\"64\"\ntarget_has_atomic_load_store=\"8\"\ntarget_has_atomic_load_store=\"ptr\"\ntarget_os=\"none\"\ntarget_pointer_width=\"64\"\ntarget_vendor=\"unknown\"\nub_checks\n\n\n-----\n\nerror: failed to build rustdoc for crate axdriver v0.1.0\nnote: this is usually due to a compilation error in the crate,\n      and is unlikely to be a bug in cargo-semver-checks\nnote: the following command can be used to reproduce the compilation error:\n      cargo new --lib example &&\n          cd example &&\n          echo '[workspace]' >> Cargo.toml &&\n          cargo add --path /home/runner/check/batch_2/Starry-OS/Starry-New/modules/axdriver --no-default-features --features bcm2835-sdhci,block,bus-mmio,bus-pci,default,display,driver_block,driver_display,driver_net,driver_virtio,dyn,e1000,img,ixgbe,net,ramdisk,virtio,virtio-blk,virtio-gpu,virtio-net &&\n          cargo check\n\nerror: aborting due to failure to build rustdoc for crate axdriver v0.1.0\n"]}}]},{"user":"Starry-OS","repo":"Starry-New","pkg":"axhal","count":4,"raw_reports":[{"file":"(virtual) semver-checks","count":1,"kinds":{"Cargo":["// pkg_name=axhal, checker=SemverChecks\n// toolchain=nightly-2024-05-02, target=aarch64-unknown-none-softfloat\n// pkg_dir=/home/runner/check/batch_2/Starry-OS/Starry-New/modules/axhal\n// cmd=cargo +nightly-2024-10-12-x86_64-unknown-linux-gnu semver-checks --target aarch64-unknown-none-softfloat\n     Parsing axhal v0.1.0 (current)\nerror: running cargo-doc on crate axhal failed with output:\n-----\nerror: output of --print=file-names missing when learning about target-specific information from rustc\ncommand was: `/home/runner/.rustup/toolchains/nightly-2024-10-12-x86_64-unknown-linux-gnu/bin/rustc - --crate-name ___ --print=file-names --cap-lints=allow --target aarch64-unknown-none-softfloat --crate-type bin --crate-type rlib --crate-type dylib --crate-type cdylib --crate-type staticlib --crate-type proc-macro --print=sysroot --print=split-debuginfo --print=crate-name --print=cfg`\n\n--- stdout\n___\nlib___.rlib\nlib___.a\n/home/runner/.rustup/toolchains/nightly-2024-10-12-x86_64-unknown-linux-gnu\noff\n___\ndebug_assertions\nfmt_debug=\"full\"\noverflow_checks\npanic=\"abort\"\nproc_macro\nrelocation_model=\"static\"\ntarget_abi=\"softfloat\"\ntarget_arch=\"aarch64\"\ntarget_endian=\"little\"\ntarget_env=\"\"\ntarget_has_atomic\ntarget_has_atomic=\"128\"\ntarget_has_atomic=\"16\"\ntarget_has_atomic=\"32\"\ntarget_has_atomic=\"64\"\ntarget_has_atomic=\"8\"\ntarget_has_atomic=\"ptr\"\ntarget_has_atomic_equal_alignment=\"128\"\ntarget_has_atomic_equal_alignment=\"16\"\ntarget_has_atomic_equal_alignment=\"32\"\ntarget_has_atomic_equal_alignment=\"64\"\ntarget_has_atomic_equal_alignment=\"8\"\ntarget_has_atomic_equal_alignment=\"ptr\"\ntarget_has_atomic_load_store\ntarget_has_atomic_load_store=\"128\"\ntarget_has_atomic_load_store=\"16\"\ntarget_has_atomic_load_store=\"32\"\ntarget_has_atomic_load_store=\"64\"\ntarget_has_atomic_load_store=\"8\"\ntarget_has_atomic_load_store=\"ptr\"\ntarget_os=\"none\"\ntarget_pointer_width=\"64\"\ntarget_vendor=\"unknown\"\nub_checks\n\n\n-----\n\nerror: failed to build rustdoc for crate axhal v0.1.0\nnote: this is usually due to a compilation error in the crate,\n      and is unlikely to be a bug in cargo-semver-checks\nnote: the following command can be used to reproduce the compilation error:\n      cargo new --lib example &&\n          cd example &&\n          echo '[workspace]' >> Cargo.toml &&\n          cargo add --path /home/runner/check/batch_2/Starry-OS/Starry-New/modules/axhal --no-default-features --features alloc,axalloc,default,fp_simd,irq,monolithic,page_table,paging,smp,tls &&\n          cargo check\n\nerror: aborting due to failure to build rustdoc for crate axhal v0.1.0\n"]}},{"file":"[lockbud] Not supported to display yet.","count":1,"kinds":{"Lockbud(Possibly)":["[2024-12-02T20:38:54Z WARN  lockbud::callbacks] [\n      {\n        \"AtomicityViolation\": {\n          \"bug_kind\": \"AtomicityViolation\",\n          \"possibility\": \"Possibly\",\n          \"diagnosis\": {\n            \"fn_name\": \"set_logger_racy\",\n            \"atomic_reader\": \"/home/runner/.cargo/registry/src/index.crates.io-6f17d22bba15001f/log-0.4.21/src/lib.rs:1408:11: 1408:39 (#0)\",\n            \"atomic_writer\": \"/home/runner/.cargo/registry/src/index.crates.io-6f17d22bba15001f/log-0.4.21/src/lib.rs:1411:13: 1411:55 (#0)\",\n            \"dep_kind\": \"Control\"\n          },\n          \"explanation\": \"atomic::store is data/control dependent on atomic::load\"\n        }\n      }\n    ]\n[2024-12-02T20:38:54Z WARN  lockbud::callbacks] crate log contains bugs: { probably: 0, possibly: 0 }, conflictlock: { probably: 0, possibly: 0 }, condvar_deadlock: { probably: 0, possibly: 0 }, atomicity_violation: { possibly: 1 }, invalid_free: { possibly: 0 }, use_after_free: { possibly: 0 }"]}},{"file":"[outdated direct dependencies]","count":1,"kinds":{"Outdated":["pkg=axhal, checker=Outdated\ntoolchain=nightly-2024-05-02, target=aarch64-unknown-none-softfloat\npkg_dir=/home/runner/check/batch_2/Starry-OS/Starry-New/modules/axhal\ncmd=cargo +nightly-2024-10-12-x86_64-unknown-linux-gnu outdated -R --exit-code=2\n\nName            Project  Compat  Latest  Kind    Platform\n----            -------  ------  ------  ----    --------\naarch64-cpu     9.4.0    ---     10.0.0  Normal  cfg(target_arch = \"aarch64\")\nlog             0.4.21   0.4.22  0.4.22  Normal  ---\nriscv           0.11.1   ---     0.12.1  Normal  cfg(any(target_arch = \"riscv32\", target_arch = \"riscv64\"))\ntock-registers  0.8.1    ---     0.9.0   Normal  cfg(target_arch = \"aarch64\")\nx86_64          0.15.1   0.15.2  0.15.2  Normal  cfg(target_arch = \"x86_64\")\n"]}},{"file":"[semver checks]","count":1,"kinds":{"Semver Violation":["pkg=axhal, checker=SemverChecks\ntoolchain=nightly-2024-05-02, target=aarch64-unknown-none-softfloat\npkg_dir=/home/runner/check/batch_2/Starry-OS/Starry-New/modules/axhal\ncmd=cargo +nightly-2024-10-12-x86_64-unknown-linux-gnu semver-checks --target aarch64-unknown-none-softfloat\n\n\nstdout:\n\nstderr:\n     Parsing axhal v0.1.0 (current)\nerror: running cargo-doc on crate axhal failed with output:\n-----\nerror: output of --print=file-names missing when learning about target-specific information from rustc\ncommand was: `/home/runner/.rustup/toolchains/nightly-2024-10-12-x86_64-unknown-linux-gnu/bin/rustc - --crate-name ___ --print=file-names --cap-lints=allow --target aarch64-unknown-none-softfloat --crate-type bin --crate-type rlib --crate-type dylib --crate-type cdylib --crate-type staticlib --crate-type proc-macro --print=sysroot --print=split-debuginfo --print=crate-name --print=cfg`\n\n--- stdout\n___\nlib___.rlib\nlib___.a\n/home/runner/.rustup/toolchains/nightly-2024-10-12-x86_64-unknown-linux-gnu\noff\n___\ndebug_assertions\nfmt_debug=\"full\"\noverflow_checks\npanic=\"abort\"\nproc_macro\nrelocation_model=\"static\"\ntarget_abi=\"softfloat\"\ntarget_arch=\"aarch64\"\ntarget_endian=\"little\"\ntarget_env=\"\"\ntarget_has_atomic\ntarget_has_atomic=\"128\"\ntarget_has_atomic=\"16\"\ntarget_has_atomic=\"32\"\ntarget_has_atomic=\"64\"\ntarget_has_atomic=\"8\"\ntarget_has_atomic=\"ptr\"\ntarget_has_atomic_equal_alignment=\"128\"\ntarget_has_atomic_equal_alignment=\"16\"\ntarget_has_atomic_equal_alignment=\"32\"\ntarget_has_atomic_equal_alignment=\"64\"\ntarget_has_atomic_equal_alignment=\"8\"\ntarget_has_atomic_equal_alignment=\"ptr\"\ntarget_has_atomic_load_store\ntarget_has_atomic_load_store=\"128\"\ntarget_has_atomic_load_store=\"16\"\ntarget_has_atomic_load_store=\"32\"\ntarget_has_atomic_load_store=\"64\"\ntarget_has_atomic_load_store=\"8\"\ntarget_has_atomic_load_store=\"ptr\"\ntarget_os=\"none\"\ntarget_pointer_width=\"64\"\ntarget_vendor=\"unknown\"\nub_checks\n\n\n-----\n\nerror: failed to build rustdoc for crate axhal v0.1.0\nnote: this is usually due to a compilation error in the crate,\n      and is unlikely to be a bug in cargo-semver-checks\nnote: the following command can be used to reproduce the compilation error:\n      cargo new --lib example &&\n          cd example &&\n          echo '[workspace]' >> Cargo.toml &&\n          cargo add --path /home/runner/check/batch_2/Starry-OS/Starry-New/modules/axhal --no-default-features --features alloc,axalloc,default,fp_simd,irq,monolithic,page_table,paging,smp,tls &&\n          cargo check\n\nerror: aborting due to failure to build rustdoc for crate axhal v0.1.0\n"]}}]},{"user":"Starry-OS","repo":"Starry-New","pkg":"axlibc","count":4,"raw_reports":[{"file":"(virtual) semver-checks","count":1,"kinds":{"Cargo":["// pkg_name=axlibc, checker=SemverChecks\n// toolchain=nightly-2024-05-02, target=aarch64-unknown-none-softfloat\n// pkg_dir=/home/runner/check/batch_2/Starry-OS/Starry-New/ulib/axlibc\n// cmd=cargo +nightly-2024-10-12-x86_64-unknown-linux-gnu semver-checks --target aarch64-unknown-none-softfloat\n     Parsing axlibc v0.1.0 (current)\nerror: running cargo-doc on crate axlibc failed with output:\n-----\nerror: output of --print=file-names missing when learning about target-specific information from rustc\ncommand was: `/home/runner/.rustup/toolchains/nightly-2024-10-12-x86_64-unknown-linux-gnu/bin/rustc - --crate-name ___ --print=file-names --cap-lints=allow --target aarch64-unknown-none-softfloat --crate-type bin --crate-type rlib --crate-type dylib --crate-type cdylib --crate-type staticlib --crate-type proc-macro --print=sysroot --print=split-debuginfo --print=crate-name --print=cfg`\n\n--- stdout\n___\nlib___.rlib\nlib___.a\n/home/runner/.rustup/toolchains/nightly-2024-10-12-x86_64-unknown-linux-gnu\noff\n___\ndebug_assertions\nfmt_debug=\"full\"\noverflow_checks\npanic=\"abort\"\nproc_macro\nrelocation_model=\"static\"\ntarget_abi=\"softfloat\"\ntarget_arch=\"aarch64\"\ntarget_endian=\"little\"\ntarget_env=\"\"\ntarget_has_atomic\ntarget_has_atomic=\"128\"\ntarget_has_atomic=\"16\"\ntarget_has_atomic=\"32\"\ntarget_has_atomic=\"64\"\ntarget_has_atomic=\"8\"\ntarget_has_atomic=\"ptr\"\ntarget_has_atomic_equal_alignment=\"128\"\ntarget_has_atomic_equal_alignment=\"16\"\ntarget_has_atomic_equal_alignment=\"32\"\ntarget_has_atomic_equal_alignment=\"64\"\ntarget_has_atomic_equal_alignment=\"8\"\ntarget_has_atomic_equal_alignment=\"ptr\"\ntarget_has_atomic_load_store\ntarget_has_atomic_load_store=\"128\"\ntarget_has_atomic_load_store=\"16\"\ntarget_has_atomic_load_store=\"32\"\ntarget_has_atomic_load_store=\"64\"\ntarget_has_atomic_load_store=\"8\"\ntarget_has_atomic_load_store=\"ptr\"\ntarget_os=\"none\"\ntarget_pointer_width=\"64\"\ntarget_vendor=\"unknown\"\nub_checks\n\n\n-----\n\nerror: failed to build rustdoc for crate axlibc v0.1.0\nnote: this is usually due to a compilation error in the crate,\n      and is unlikely to be a bug in cargo-semver-checks\nnote: the following command can be used to reproduce the compilation error:\n      cargo new --lib example &&\n          cd example &&\n          echo '[workspace]' >> Cargo.toml &&\n          cargo add --path /home/runner/check/batch_2/Starry-OS/Starry-New/ulib/axlibc --no-default-features --features alloc,default,epoll,fd,fp_simd,fs,irq,multitask,net,pipe,sched_cfs,sched_rr,select,smp,tls &&\n          cargo check\n\nerror: aborting due to failure to build rustdoc for crate axlibc v0.1.0\n"]}},{"file":"[lockbud] Not supported to display yet.","count":1,"kinds":{"Lockbud(Possibly)":["[2024-12-02T20:38:54Z WARN  lockbud::callbacks] [\n      {\n        \"AtomicityViolation\": {\n          \"bug_kind\": \"AtomicityViolation\",\n          \"possibility\": \"Possibly\",\n          \"diagnosis\": {\n            \"fn_name\": \"set_logger_racy\",\n            \"atomic_reader\": \"/home/runner/.cargo/registry/src/index.crates.io-6f17d22bba15001f/log-0.4.21/src/lib.rs:1408:11: 1408:39 (#0)\",\n            \"atomic_writer\": \"/home/runner/.cargo/registry/src/index.crates.io-6f17d22bba15001f/log-0.4.21/src/lib.rs:1411:13: 1411:55 (#0)\",\n            \"dep_kind\": \"Control\"\n          },\n          \"explanation\": \"atomic::store is data/control dependent on atomic::load\"\n        }\n      }\n    ]\n[2024-12-02T20:38:54Z WARN  lockbud::callbacks] crate log contains bugs: { probably: 0, possibly: 0 }, conflictlock: { probably: 0, possibly: 0 }, condvar_deadlock: { probably: 0, possibly: 0 }, atomicity_violation: { possibly: 1 }, invalid_free: { possibly: 0 }, use_after_free: { possibly: 0 }\n[2024-12-02T20:39:35Z WARN  lockbud::callbacks] [\n      {\n        \"AtomicityViolation\": {\n          \"bug_kind\": \"AtomicityViolation\",\n          \"possibility\": \"Possibly\",\n          \"diagnosis\": {\n            \"fn_name\": \"set_logger_racy\",\n            \"atomic_reader\": \"/home/runner/.cargo/registry/src/index.crates.io-6f17d22bba15001f/log-0.4.21/src/lib.rs:1408:11: 1408:39 (#0)\",\n            \"atomic_writer\": \"/home/runner/.cargo/registry/src/index.crates.io-6f17d22bba15001f/log-0.4.21/src/lib.rs:1411:13: 1411:55 (#0)\",\n            \"dep_kind\": \"Control\"\n          },\n          \"explanation\": \"atomic::store is data/control dependent on atomic::load\"\n        }\n      }\n    ]\n[2024-12-02T20:39:35Z WARN  lockbud::callbacks] crate log contains bugs: { probably: 0, possibly: 0 }, conflictlock: { probably: 0, possibly: 0 }, condvar_deadlock: { probably: 0, possibly: 0 }, atomicity_violation: { possibly: 1 }, invalid_free: { possibly: 0 }, use_after_free: { possibly: 0 }\n[2024-12-02T20:39:39Z WARN  lockbud::callbacks] [\n      {\n        \"AtomicityViolation\": {\n          \"bug_kind\": \"AtomicityViolation\",\n          \"possibility\": \"Possibly\",\n          \"diagnosis\": {\n            \"fn_name\": \"regex_automata::util::pool::inner::Pool::<T, F>::get\",\n            \"atomic_reader\": \"/home/runner/.cargo/registry/src/index.crates.io-6f17d22bba15001f/regex-automata-0.4.9/src/util/pool.rs:525:25: 525:59 (#0)\",\n            \"atomic_writer\": \"/home/runner/.cargo/registry/src/index.crates.io-6f17d22bba15001f/regex-automata-0.4.9/src/util/pool.rs:530:17: 530:69 (#0)\",\n            \"dep_kind\": \"Control\"\n          },\n          \"explanation\": \"atomic::store is data/control dependent on atomic::load\"\n        }\n      }\n    ]\n[2024-12-02T20:39:39Z WARN  lockbud::callbacks] crate bindgen contains bugs: { probably: 0, possibly: 0 }, conflictlock: { probably: 0, possibly: 0 }, condvar_deadlock: { probably: 0, possibly: 0 }, atomicity_violation: { possibly: 1 }, invalid_free: { possibly: 0 }, use_after_free: { possibly: 0 }"]}},{"file":"[outdated direct dependencies]","count":1,"kinds":{"Outdated":["pkg=axlibc, checker=Outdated\ntoolchain=nightly-2024-05-02, target=aarch64-unknown-none-softfloat\npkg_dir=/home/runner/check/batch_2/Starry-OS/Starry-New/ulib/axlibc\ncmd=cargo +nightly-2024-10-12-x86_64-unknown-linux-gnu outdated -R --exit-code=2\n\nName     Project  Compat  Latest  Kind   Platform\n----     -------  ------  ------  ----   --------\nbindgen  0.69.5   ---     0.70.1  Build  ---\n"]}},{"file":"[semver checks]","count":1,"kinds":{"Semver Violation":["pkg=axlibc, checker=SemverChecks\ntoolchain=nightly-2024-05-02, target=aarch64-unknown-none-softfloat\npkg_dir=/home/runner/check/batch_2/Starry-OS/Starry-New/ulib/axlibc\ncmd=cargo +nightly-2024-10-12-x86_64-unknown-linux-gnu semver-checks --target aarch64-unknown-none-softfloat\n\n\nstdout:\n\nstderr:\n     Parsing axlibc v0.1.0 (current)\nerror: running cargo-doc on crate axlibc failed with output:\n-----\nerror: output of --print=file-names missing when learning about target-specific information from rustc\ncommand was: `/home/runner/.rustup/toolchains/nightly-2024-10-12-x86_64-unknown-linux-gnu/bin/rustc - --crate-name ___ --print=file-names --cap-lints=allow --target aarch64-unknown-none-softfloat --crate-type bin --crate-type rlib --crate-type dylib --crate-type cdylib --crate-type staticlib --crate-type proc-macro --print=sysroot --print=split-debuginfo --print=crate-name --print=cfg`\n\n--- stdout\n___\nlib___.rlib\nlib___.a\n/home/runner/.rustup/toolchains/nightly-2024-10-12-x86_64-unknown-linux-gnu\noff\n___\ndebug_assertions\nfmt_debug=\"full\"\noverflow_checks\npanic=\"abort\"\nproc_macro\nrelocation_model=\"static\"\ntarget_abi=\"softfloat\"\ntarget_arch=\"aarch64\"\ntarget_endian=\"little\"\ntarget_env=\"\"\ntarget_has_atomic\ntarget_has_atomic=\"128\"\ntarget_has_atomic=\"16\"\ntarget_has_atomic=\"32\"\ntarget_has_atomic=\"64\"\ntarget_has_atomic=\"8\"\ntarget_has_atomic=\"ptr\"\ntarget_has_atomic_equal_alignment=\"128\"\ntarget_has_atomic_equal_alignment=\"16\"\ntarget_has_atomic_equal_alignment=\"32\"\ntarget_has_atomic_equal_alignment=\"64\"\ntarget_has_atomic_equal_alignment=\"8\"\ntarget_has_atomic_equal_alignment=\"ptr\"\ntarget_has_atomic_load_store\ntarget_has_atomic_load_store=\"128\"\ntarget_has_atomic_load_store=\"16\"\ntarget_has_atomic_load_store=\"32\"\ntarget_has_atomic_load_store=\"64\"\ntarget_has_atomic_load_store=\"8\"\ntarget_has_atomic_load_store=\"ptr\"\ntarget_os=\"none\"\ntarget_pointer_width=\"64\"\ntarget_vendor=\"unknown\"\nub_checks\n\n\n-----\n\nerror: failed to build rustdoc for crate axlibc v0.1.0\nnote: this is usually due to a compilation error in the crate,\n      and is unlikely to be a bug in cargo-semver-checks\nnote: the following command can be used to reproduce the compilation error:\n      cargo new --lib example &&\n          cd example &&\n          echo '[workspace]' >> Cargo.toml &&\n          cargo add --path /home/runner/check/batch_2/Starry-OS/Starry-New/ulib/axlibc --no-default-features --features alloc,default,epoll,fd,fp_simd,fs,irq,multitask,net,pipe,sched_cfs,sched_rr,select,smp,tls &&\n          cargo check\n\nerror: aborting due to failure to build rustdoc for crate axlibc v0.1.0\n"]}}]},{"user":"Starry-OS","repo":"Starry-New","pkg":"axlog","count":4,"raw_reports":[{"file":"(virtual) semver-checks","count":1,"kinds":{"Cargo":["// pkg_name=axlog, checker=SemverChecks\n// toolchain=nightly-2024-05-02, target=aarch64-unknown-none-softfloat\n// pkg_dir=/home/runner/check/batch_2/Starry-OS/Starry-New/modules/axlog\n// cmd=cargo +nightly-2024-10-12-x86_64-unknown-linux-gnu semver-checks --target aarch64-unknown-none-softfloat\n     Parsing axlog v0.1.0 (current)\nerror: running cargo-doc on crate axlog failed with output:\n-----\nerror: output of --print=file-names missing when learning about target-specific information from rustc\ncommand was: `/home/runner/.rustup/toolchains/nightly-2024-10-12-x86_64-unknown-linux-gnu/bin/rustc - --crate-name ___ --print=file-names --cap-lints=allow --target aarch64-unknown-none-softfloat --crate-type bin --crate-type rlib --crate-type dylib --crate-type cdylib --crate-type staticlib --crate-type proc-macro --print=sysroot --print=split-debuginfo --print=crate-name --print=cfg`\n\n--- stdout\n___\nlib___.rlib\nlib___.a\n/home/runner/.rustup/toolchains/nightly-2024-10-12-x86_64-unknown-linux-gnu\noff\n___\ndebug_assertions\nfmt_debug=\"full\"\noverflow_checks\npanic=\"abort\"\nproc_macro\nrelocation_model=\"static\"\ntarget_abi=\"softfloat\"\ntarget_arch=\"aarch64\"\ntarget_endian=\"little\"\ntarget_env=\"\"\ntarget_has_atomic\ntarget_has_atomic=\"128\"\ntarget_has_atomic=\"16\"\ntarget_has_atomic=\"32\"\ntarget_has_atomic=\"64\"\ntarget_has_atomic=\"8\"\ntarget_has_atomic=\"ptr\"\ntarget_has_atomic_equal_alignment=\"128\"\ntarget_has_atomic_equal_alignment=\"16\"\ntarget_has_atomic_equal_alignment=\"32\"\ntarget_has_atomic_equal_alignment=\"64\"\ntarget_has_atomic_equal_alignment=\"8\"\ntarget_has_atomic_equal_alignment=\"ptr\"\ntarget_has_atomic_load_store\ntarget_has_atomic_load_store=\"128\"\ntarget_has_atomic_load_store=\"16\"\ntarget_has_atomic_load_store=\"32\"\ntarget_has_atomic_load_store=\"64\"\ntarget_has_atomic_load_store=\"8\"\ntarget_has_atomic_load_store=\"ptr\"\ntarget_os=\"none\"\ntarget_pointer_width=\"64\"\ntarget_vendor=\"unknown\"\nub_checks\n\n\n-----\n\nerror: failed to build rustdoc for crate axlog v0.1.0\nnote: this is usually due to a compilation error in the crate,\n      and is unlikely to be a bug in cargo-semver-checks\nnote: the following command can be used to reproduce the compilation error:\n      cargo new --lib example &&\n          cd example &&\n          echo '[workspace]' >> Cargo.toml &&\n          cargo add --path /home/runner/check/batch_2/Starry-OS/Starry-New/modules/axlog --no-default-features --features default,log-level-debug,log-level-error,log-level-info,log-level-off,log-level-trace,log-level-warn,std &&\n          cargo check\n\nerror: aborting due to failure to build rustdoc for crate axlog v0.1.0\n"]}},{"file":"[lockbud] Not supported to display yet.","count":1,"kinds":{"Lockbud(Possibly)":["[2024-12-02T20:38:54Z WARN  lockbud::callbacks] [\n      {\n        \"AtomicityViolation\": {\n          \"bug_kind\": \"AtomicityViolation\",\n          \"possibility\": \"Possibly\",\n          \"diagnosis\": {\n            \"fn_name\": \"set_logger_racy\",\n            \"atomic_reader\": \"/home/runner/.cargo/registry/src/index.crates.io-6f17d22bba15001f/log-0.4.21/src/lib.rs:1408:11: 1408:39 (#0)\",\n            \"atomic_writer\": \"/home/runner/.cargo/registry/src/index.crates.io-6f17d22bba15001f/log-0.4.21/src/lib.rs:1411:13: 1411:55 (#0)\",\n            \"dep_kind\": \"Control\"\n          },\n          \"explanation\": \"atomic::store is data/control dependent on atomic::load\"\n        }\n      }\n    ]\n[2024-12-02T20:38:54Z WARN  lockbud::callbacks] crate log contains bugs: { probably: 0, possibly: 0 }, conflictlock: { probably: 0, possibly: 0 }, condvar_deadlock: { probably: 0, possibly: 0 }, atomicity_violation: { possibly: 1 }, invalid_free: { possibly: 0 }, use_after_free: { possibly: 0 }"]}},{"file":"[outdated direct dependencies]","count":1,"kinds":{"Outdated":["pkg=axlog, checker=Outdated\ntoolchain=nightly-2024-05-02, target=aarch64-unknown-none-softfloat\npkg_dir=/home/runner/check/batch_2/Starry-OS/Starry-New/modules/axlog\ncmd=cargo +nightly-2024-10-12-x86_64-unknown-linux-gnu outdated -R --exit-code=2\n\nName  Project  Compat  Latest  Kind    Platform\n----  -------  ------  ------  ----    --------\nlog   0.4.21   0.4.22  0.4.22  Normal  ---\n"]}},{"file":"[semver checks]","count":1,"kinds":{"Semver Violation":["pkg=axlog, checker=SemverChecks\ntoolchain=nightly-2024-05-02, target=aarch64-unknown-none-softfloat\npkg_dir=/home/runner/check/batch_2/Starry-OS/Starry-New/modules/axlog\ncmd=cargo +nightly-2024-10-12-x86_64-unknown-linux-gnu semver-checks --target aarch64-unknown-none-softfloat\n\n\nstdout:\n\nstderr:\n     Parsing axlog v0.1.0 (current)\nerror: running cargo-doc on crate axlog failed with output:\n-----\nerror: output of --print=file-names missing when learning about target-specific information from rustc\ncommand was: `/home/runner/.rustup/toolchains/nightly-2024-10-12-x86_64-unknown-linux-gnu/bin/rustc - --crate-name ___ --print=file-names --cap-lints=allow --target aarch64-unknown-none-softfloat --crate-type bin --crate-type rlib --crate-type dylib --crate-type cdylib --crate-type staticlib --crate-type proc-macro --print=sysroot --print=split-debuginfo --print=crate-name --print=cfg`\n\n--- stdout\n___\nlib___.rlib\nlib___.a\n/home/runner/.rustup/toolchains/nightly-2024-10-12-x86_64-unknown-linux-gnu\noff\n___\ndebug_assertions\nfmt_debug=\"full\"\noverflow_checks\npanic=\"abort\"\nproc_macro\nrelocation_model=\"static\"\ntarget_abi=\"softfloat\"\ntarget_arch=\"aarch64\"\ntarget_endian=\"little\"\ntarget_env=\"\"\ntarget_has_atomic\ntarget_has_atomic=\"128\"\ntarget_has_atomic=\"16\"\ntarget_has_atomic=\"32\"\ntarget_has_atomic=\"64\"\ntarget_has_atomic=\"8\"\ntarget_has_atomic=\"ptr\"\ntarget_has_atomic_equal_alignment=\"128\"\ntarget_has_atomic_equal_alignment=\"16\"\ntarget_has_atomic_equal_alignment=\"32\"\ntarget_has_atomic_equal_alignment=\"64\"\ntarget_has_atomic_equal_alignment=\"8\"\ntarget_has_atomic_equal_alignment=\"ptr\"\ntarget_has_atomic_load_store\ntarget_has_atomic_load_store=\"128\"\ntarget_has_atomic_load_store=\"16\"\ntarget_has_atomic_load_store=\"32\"\ntarget_has_atomic_load_store=\"64\"\ntarget_has_atomic_load_store=\"8\"\ntarget_has_atomic_load_store=\"ptr\"\ntarget_os=\"none\"\ntarget_pointer_width=\"64\"\ntarget_vendor=\"unknown\"\nub_checks\n\n\n-----\n\nerror: failed to build rustdoc for crate axlog v0.1.0\nnote: this is usually due to a compilation error in the crate,\n      and is unlikely to be a bug in cargo-semver-checks\nnote: the following command can be used to reproduce the compilation error:\n      cargo new --lib example &&\n          cd example &&\n          echo '[workspace]' >> Cargo.toml &&\n          cargo add --path /home/runner/check/batch_2/Starry-OS/Starry-New/modules/axlog --no-default-features --features default,log-level-debug,log-level-error,log-level-info,log-level-off,log-level-trace,log-level-warn,std &&\n          cargo check\n\nerror: aborting due to failure to build rustdoc for crate axlog v0.1.0\n"]}}]},{"user":"Starry-OS","repo":"Starry-New","pkg":"axmem","count":4,"raw_reports":[{"file":"(virtual) semver-checks","count":1,"kinds":{"Cargo":["// pkg_name=axmem, checker=SemverChecks\n// toolchain=nightly-2024-05-02, target=aarch64-unknown-none-softfloat\n// pkg_dir=/home/runner/check/batch_2/Starry-OS/Starry-New/modules/axmem\n// cmd=cargo +nightly-2024-10-12-x86_64-unknown-linux-gnu semver-checks --target aarch64-unknown-none-softfloat\n     Parsing axmem v0.1.0 (current)\nerror: running cargo-doc on crate axmem failed with output:\n-----\nerror: output of --print=file-names missing when learning about target-specific information from rustc\ncommand was: `/home/runner/.rustup/toolchains/nightly-2024-10-12-x86_64-unknown-linux-gnu/bin/rustc - --crate-name ___ --print=file-names --cap-lints=allow --target aarch64-unknown-none-softfloat --crate-type bin --crate-type rlib --crate-type dylib --crate-type cdylib --crate-type staticlib --crate-type proc-macro --print=sysroot --print=split-debuginfo --print=crate-name --print=cfg`\n\n--- stdout\n___\nlib___.rlib\nlib___.a\n/home/runner/.rustup/toolchains/nightly-2024-10-12-x86_64-unknown-linux-gnu\noff\n___\ndebug_assertions\nfmt_debug=\"full\"\noverflow_checks\npanic=\"abort\"\nproc_macro\nrelocation_model=\"static\"\ntarget_abi=\"softfloat\"\ntarget_arch=\"aarch64\"\ntarget_endian=\"little\"\ntarget_env=\"\"\ntarget_has_atomic\ntarget_has_atomic=\"128\"\ntarget_has_atomic=\"16\"\ntarget_has_atomic=\"32\"\ntarget_has_atomic=\"64\"\ntarget_has_atomic=\"8\"\ntarget_has_atomic=\"ptr\"\ntarget_has_atomic_equal_alignment=\"128\"\ntarget_has_atomic_equal_alignment=\"16\"\ntarget_has_atomic_equal_alignment=\"32\"\ntarget_has_atomic_equal_alignment=\"64\"\ntarget_has_atomic_equal_alignment=\"8\"\ntarget_has_atomic_equal_alignment=\"ptr\"\ntarget_has_atomic_load_store\ntarget_has_atomic_load_store=\"128\"\ntarget_has_atomic_load_store=\"16\"\ntarget_has_atomic_load_store=\"32\"\ntarget_has_atomic_load_store=\"64\"\ntarget_has_atomic_load_store=\"8\"\ntarget_has_atomic_load_store=\"ptr\"\ntarget_os=\"none\"\ntarget_pointer_width=\"64\"\ntarget_vendor=\"unknown\"\nub_checks\n\n\n-----\n\nerror: failed to build rustdoc for crate axmem v0.1.0\nnote: this is usually due to a compilation error in the crate,\n      and is unlikely to be a bug in cargo-semver-checks\nnote: the following command can be used to reproduce the compilation error:\n      cargo new --lib example &&\n          cd example &&\n          echo '[workspace]' >> Cargo.toml &&\n          cargo add --path /home/runner/check/batch_2/Starry-OS/Starry-New/modules/axmem --no-default-features --features default,monolithic &&\n          cargo check\n\nerror: aborting due to failure to build rustdoc for crate axmem v0.1.0\n"]}},{"file":"[lockbud] Not supported to display yet.","count":1,"kinds":{"Lockbud(Possibly)":["[2024-12-02T20:38:54Z WARN  lockbud::callbacks] [\n      {\n        \"AtomicityViolation\": {\n          \"bug_kind\": \"AtomicityViolation\",\n          \"possibility\": \"Possibly\",\n          \"diagnosis\": {\n            \"fn_name\": \"set_logger_racy\",\n            \"atomic_reader\": \"/home/runner/.cargo/registry/src/index.crates.io-6f17d22bba15001f/log-0.4.21/src/lib.rs:1408:11: 1408:39 (#0)\",\n            \"atomic_writer\": \"/home/runner/.cargo/registry/src/index.crates.io-6f17d22bba15001f/log-0.4.21/src/lib.rs:1411:13: 1411:55 (#0)\",\n            \"dep_kind\": \"Control\"\n          },\n          \"explanation\": \"atomic::store is data/control dependent on atomic::load\"\n        }\n      }\n    ]\n[2024-12-02T20:38:54Z WARN  lockbud::callbacks] crate log contains bugs: { probably: 0, possibly: 0 }, conflictlock: { probably: 0, possibly: 0 }, condvar_deadlock: { probably: 0, possibly: 0 }, atomicity_violation: { possibly: 1 }, invalid_free: { possibly: 0 }, use_after_free: { possibly: 0 }"]}},{"file":"[outdated direct dependencies]","count":1,"kinds":{"Outdated":["pkg=axmem, checker=Outdated\ntoolchain=nightly-2024-05-02, target=aarch64-unknown-none-softfloat\npkg_dir=/home/runner/check/batch_2/Starry-OS/Starry-New/modules/axmem\ncmd=cargo +nightly-2024-10-12-x86_64-unknown-linux-gnu outdated -R --exit-code=2\n\nName   Project  Compat  Latest  Kind    Platform\n----   -------  ------  ------  ----    --------\nlog    0.4.21   0.4.22  0.4.22  Normal  ---\nriscv  0.10.1   ---     0.12.1  Normal  ---\n"]}},{"file":"[semver checks]","count":1,"kinds":{"Semver Violation":["pkg=axmem, checker=SemverChecks\ntoolchain=nightly-2024-05-02, target=aarch64-unknown-none-softfloat\npkg_dir=/home/runner/check/batch_2/Starry-OS/Starry-New/modules/axmem\ncmd=cargo +nightly-2024-10-12-x86_64-unknown-linux-gnu semver-checks --target aarch64-unknown-none-softfloat\n\n\nstdout:\n\nstderr:\n     Parsing axmem v0.1.0 (current)\nerror: running cargo-doc on crate axmem failed with output:\n-----\nerror: output of --print=file-names missing when learning about target-specific information from rustc\ncommand was: `/home/runner/.rustup/toolchains/nightly-2024-10-12-x86_64-unknown-linux-gnu/bin/rustc - --crate-name ___ --print=file-names --cap-lints=allow --target aarch64-unknown-none-softfloat --crate-type bin --crate-type rlib --crate-type dylib --crate-type cdylib --crate-type staticlib --crate-type proc-macro --print=sysroot --print=split-debuginfo --print=crate-name --print=cfg`\n\n--- stdout\n___\nlib___.rlib\nlib___.a\n/home/runner/.rustup/toolchains/nightly-2024-10-12-x86_64-unknown-linux-gnu\noff\n___\ndebug_assertions\nfmt_debug=\"full\"\noverflow_checks\npanic=\"abort\"\nproc_macro\nrelocation_model=\"static\"\ntarget_abi=\"softfloat\"\ntarget_arch=\"aarch64\"\ntarget_endian=\"little\"\ntarget_env=\"\"\ntarget_has_atomic\ntarget_has_atomic=\"128\"\ntarget_has_atomic=\"16\"\ntarget_has_atomic=\"32\"\ntarget_has_atomic=\"64\"\ntarget_has_atomic=\"8\"\ntarget_has_atomic=\"ptr\"\ntarget_has_atomic_equal_alignment=\"128\"\ntarget_has_atomic_equal_alignment=\"16\"\ntarget_has_atomic_equal_alignment=\"32\"\ntarget_has_atomic_equal_alignment=\"64\"\ntarget_has_atomic_equal_alignment=\"8\"\ntarget_has_atomic_equal_alignment=\"ptr\"\ntarget_has_atomic_load_store\ntarget_has_atomic_load_store=\"128\"\ntarget_has_atomic_load_store=\"16\"\ntarget_has_atomic_load_store=\"32\"\ntarget_has_atomic_load_store=\"64\"\ntarget_has_atomic_load_store=\"8\"\ntarget_has_atomic_load_store=\"ptr\"\ntarget_os=\"none\"\ntarget_pointer_width=\"64\"\ntarget_vendor=\"unknown\"\nub_checks\n\n\n-----\n\nerror: failed to build rustdoc for crate axmem v0.1.0\nnote: this is usually due to a compilation error in the crate,\n      and is unlikely to be a bug in cargo-semver-checks\nnote: the following command can be used to reproduce the compilation error:\n      cargo new --lib example &&\n          cd example &&\n          echo '[workspace]' >> Cargo.toml &&\n          cargo add --path /home/runner/check/batch_2/Starry-OS/Starry-New/modules/axmem --no-default-features --features default,monolithic &&\n          cargo check\n\nerror: aborting due to failure to build rustdoc for crate axmem v0.1.0\n"]}}]},{"user":"Starry-OS","repo":"Starry-New","pkg":"axtask","count":4,"raw_reports":[{"file":"(virtual) semver-checks","count":1,"kinds":{"Cargo":["// pkg_name=axtask, checker=SemverChecks\n// toolchain=nightly-2024-05-02, target=aarch64-unknown-none-softfloat\n// pkg_dir=/home/runner/check/batch_2/Starry-OS/Starry-New/modules/axtask\n// cmd=cargo +nightly-2024-10-12-x86_64-unknown-linux-gnu semver-checks --target aarch64-unknown-none-softfloat\n     Parsing axtask v0.1.0 (current)\nerror: running cargo-doc on crate axtask failed with output:\n-----\nerror: output of --print=file-names missing when learning about target-specific information from rustc\ncommand was: `/home/runner/.rustup/toolchains/nightly-2024-10-12-x86_64-unknown-linux-gnu/bin/rustc - --crate-name ___ --print=file-names --cap-lints=allow --target aarch64-unknown-none-softfloat --crate-type bin --crate-type rlib --crate-type dylib --crate-type cdylib --crate-type staticlib --crate-type proc-macro --print=sysroot --print=split-debuginfo --print=crate-name --print=cfg`\n\n--- stdout\n___\nlib___.rlib\nlib___.a\n/home/runner/.rustup/toolchains/nightly-2024-10-12-x86_64-unknown-linux-gnu\noff\n___\ndebug_assertions\nfmt_debug=\"full\"\noverflow_checks\npanic=\"abort\"\nproc_macro\nrelocation_model=\"static\"\ntarget_abi=\"softfloat\"\ntarget_arch=\"aarch64\"\ntarget_endian=\"little\"\ntarget_env=\"\"\ntarget_has_atomic\ntarget_has_atomic=\"128\"\ntarget_has_atomic=\"16\"\ntarget_has_atomic=\"32\"\ntarget_has_atomic=\"64\"\ntarget_has_atomic=\"8\"\ntarget_has_atomic=\"ptr\"\ntarget_has_atomic_equal_alignment=\"128\"\ntarget_has_atomic_equal_alignment=\"16\"\ntarget_has_atomic_equal_alignment=\"32\"\ntarget_has_atomic_equal_alignment=\"64\"\ntarget_has_atomic_equal_alignment=\"8\"\ntarget_has_atomic_equal_alignment=\"ptr\"\ntarget_has_atomic_load_store\ntarget_has_atomic_load_store=\"128\"\ntarget_has_atomic_load_store=\"16\"\ntarget_has_atomic_load_store=\"32\"\ntarget_has_atomic_load_store=\"64\"\ntarget_has_atomic_load_store=\"8\"\ntarget_has_atomic_load_store=\"ptr\"\ntarget_os=\"none\"\ntarget_pointer_width=\"64\"\ntarget_vendor=\"unknown\"\nub_checks\n\n\n-----\n\nerror: failed to build rustdoc for crate axtask v0.1.0\nnote: this is usually due to a compilation error in the crate,\n      and is unlikely to be a bug in cargo-semver-checks\nnote: the following command can be used to reproduce the compilation error:\n      cargo new --lib example &&\n          cd example &&\n          echo '[workspace]' >> Cargo.toml &&\n          cargo add --path /home/runner/check/batch_2/Starry-OS/Starry-New/modules/axtask --no-default-features --features default,irq,kernel_guard,monolithic,multitask,preempt,sched_cfs,sched_fifo,sched_rr,test,tls &&\n          cargo check\n\nerror: aborting due to failure to build rustdoc for crate axtask v0.1.0\n"]}},{"file":"[lockbud] Not supported to display yet.","count":1,"kinds":{"Lockbud(Possibly)":["[2024-12-02T20:38:54Z WARN  lockbud::callbacks] [\n      {\n        \"AtomicityViolation\": {\n          \"bug_kind\": \"AtomicityViolation\",\n          \"possibility\": \"Possibly\",\n          \"diagnosis\": {\n            \"fn_name\": \"set_logger_racy\",\n            \"atomic_reader\": \"/home/runner/.cargo/registry/src/index.crates.io-6f17d22bba15001f/log-0.4.21/src/lib.rs:1408:11: 1408:39 (#0)\",\n            \"atomic_writer\": \"/home/runner/.cargo/registry/src/index.crates.io-6f17d22bba15001f/log-0.4.21/src/lib.rs:1411:13: 1411:55 (#0)\",\n            \"dep_kind\": \"Control\"\n          },\n          \"explanation\": \"atomic::store is data/control dependent on atomic::load\"\n        }\n      }\n    ]\n[2024-12-02T20:38:54Z WARN  lockbud::callbacks] crate log contains bugs: { probably: 0, possibly: 0 }, conflictlock: { probably: 0, possibly: 0 }, condvar_deadlock: { probably: 0, possibly: 0 }, atomicity_violation: { possibly: 1 }, invalid_free: { possibly: 0 }, use_after_free: { possibly: 0 }"]}},{"file":"[outdated direct dependencies]","count":1,"kinds":{"Outdated":["pkg=axtask, checker=Outdated\ntoolchain=nightly-2024-05-02, target=aarch64-unknown-none-softfloat\npkg_dir=/home/runner/check/batch_2/Starry-OS/Starry-New/modules/axtask\ncmd=cargo +nightly-2024-10-12-x86_64-unknown-linux-gnu outdated -R --exit-code=2\n\nName  Project  Compat  Latest  Kind    Platform\n----  -------  ------  ------  ----    --------\nlog   0.4.21   0.4.22  0.4.22  Normal  ---\n"]}},{"file":"[semver checks]","count":1,"kinds":{"Semver Violation":["pkg=axtask, checker=SemverChecks\ntoolchain=nightly-2024-05-02, target=aarch64-unknown-none-softfloat\npkg_dir=/home/runner/check/batch_2/Starry-OS/Starry-New/modules/axtask\ncmd=cargo +nightly-2024-10-12-x86_64-unknown-linux-gnu semver-checks --target aarch64-unknown-none-softfloat\n\n\nstdout:\n\nstderr:\n     Parsing axtask v0.1.0 (current)\nerror: running cargo-doc on crate axtask failed with output:\n-----\nerror: output of --print=file-names missing when learning about target-specific information from rustc\ncommand was: `/home/runner/.rustup/toolchains/nightly-2024-10-12-x86_64-unknown-linux-gnu/bin/rustc - --crate-name ___ --print=file-names --cap-lints=allow --target aarch64-unknown-none-softfloat --crate-type bin --crate-type rlib --crate-type dylib --crate-type cdylib --crate-type staticlib --crate-type proc-macro --print=sysroot --print=split-debuginfo --print=crate-name --print=cfg`\n\n--- stdout\n___\nlib___.rlib\nlib___.a\n/home/runner/.rustup/toolchains/nightly-2024-10-12-x86_64-unknown-linux-gnu\noff\n___\ndebug_assertions\nfmt_debug=\"full\"\noverflow_checks\npanic=\"abort\"\nproc_macro\nrelocation_model=\"static\"\ntarget_abi=\"softfloat\"\ntarget_arch=\"aarch64\"\ntarget_endian=\"little\"\ntarget_env=\"\"\ntarget_has_atomic\ntarget_has_atomic=\"128\"\ntarget_has_atomic=\"16\"\ntarget_has_atomic=\"32\"\ntarget_has_atomic=\"64\"\ntarget_has_atomic=\"8\"\ntarget_has_atomic=\"ptr\"\ntarget_has_atomic_equal_alignment=\"128\"\ntarget_has_atomic_equal_alignment=\"16\"\ntarget_has_atomic_equal_alignment=\"32\"\ntarget_has_atomic_equal_alignment=\"64\"\ntarget_has_atomic_equal_alignment=\"8\"\ntarget_has_atomic_equal_alignment=\"ptr\"\ntarget_has_atomic_load_store\ntarget_has_atomic_load_store=\"128\"\ntarget_has_atomic_load_store=\"16\"\ntarget_has_atomic_load_store=\"32\"\ntarget_has_atomic_load_store=\"64\"\ntarget_has_atomic_load_store=\"8\"\ntarget_has_atomic_load_store=\"ptr\"\ntarget_os=\"none\"\ntarget_pointer_width=\"64\"\ntarget_vendor=\"unknown\"\nub_checks\n\n\n-----\n\nerror: failed to build rustdoc for crate axtask v0.1.0\nnote: this is usually due to a compilation error in the crate,\n      and is unlikely to be a bug in cargo-semver-checks\nnote: the following command can be used to reproduce the compilation error:\n      cargo new --lib example &&\n          cd example &&\n          echo '[workspace]' >> Cargo.toml &&\n          cargo add --path /home/runner/check/batch_2/Starry-OS/Starry-New/modules/axtask --no-default-features --features default,irq,kernel_guard,monolithic,multitask,preempt,sched_cfs,sched_fifo,sched_rr,test,tls &&\n          cargo check\n\nerror: aborting due to failure to build rustdoc for crate axtask v0.1.0\n"]}}]},{"user":"Starry-OS","repo":"Starry-New","pkg":"axtrap","count":4,"raw_reports":[{"file":"(virtual) semver-checks","count":1,"kinds":{"Cargo":["// pkg_name=axtrap, checker=SemverChecks\n// toolchain=nightly-2024-05-02, target=aarch64-unknown-none-softfloat\n// pkg_dir=/home/runner/check/batch_2/Starry-OS/Starry-New/modules/axtrap\n// cmd=cargo +nightly-2024-10-12-x86_64-unknown-linux-gnu semver-checks --target aarch64-unknown-none-softfloat\n     Parsing axtrap v0.1.0 (current)\nerror: running cargo-doc on crate axtrap failed with output:\n-----\nerror: output of --print=file-names missing when learning about target-specific information from rustc\ncommand was: `/home/runner/.rustup/toolchains/nightly-2024-10-12-x86_64-unknown-linux-gnu/bin/rustc - --crate-name ___ --print=file-names --cap-lints=allow --target aarch64-unknown-none-softfloat --crate-type bin --crate-type rlib --crate-type dylib --crate-type cdylib --crate-type staticlib --crate-type proc-macro --print=sysroot --print=split-debuginfo --print=crate-name --print=cfg`\n\n--- stdout\n___\nlib___.rlib\nlib___.a\n/home/runner/.rustup/toolchains/nightly-2024-10-12-x86_64-unknown-linux-gnu\noff\n___\ndebug_assertions\nfmt_debug=\"full\"\noverflow_checks\npanic=\"abort\"\nproc_macro\nrelocation_model=\"static\"\ntarget_abi=\"softfloat\"\ntarget_arch=\"aarch64\"\ntarget_endian=\"little\"\ntarget_env=\"\"\ntarget_has_atomic\ntarget_has_atomic=\"128\"\ntarget_has_atomic=\"16\"\ntarget_has_atomic=\"32\"\ntarget_has_atomic=\"64\"\ntarget_has_atomic=\"8\"\ntarget_has_atomic=\"ptr\"\ntarget_has_atomic_equal_alignment=\"128\"\ntarget_has_atomic_equal_alignment=\"16\"\ntarget_has_atomic_equal_alignment=\"32\"\ntarget_has_atomic_equal_alignment=\"64\"\ntarget_has_atomic_equal_alignment=\"8\"\ntarget_has_atomic_equal_alignment=\"ptr\"\ntarget_has_atomic_load_store\ntarget_has_atomic_load_store=\"128\"\ntarget_has_atomic_load_store=\"16\"\ntarget_has_atomic_load_store=\"32\"\ntarget_has_atomic_load_store=\"64\"\ntarget_has_atomic_load_store=\"8\"\ntarget_has_atomic_load_store=\"ptr\"\ntarget_os=\"none\"\ntarget_pointer_width=\"64\"\ntarget_vendor=\"unknown\"\nub_checks\n\n\n-----\n\nerror: failed to build rustdoc for crate axtrap v0.1.0\nnote: this is usually due to a compilation error in the crate,\n      and is unlikely to be a bug in cargo-semver-checks\nnote: the following command can be used to reproduce the compilation error:\n      cargo new --lib example &&\n          cd example &&\n          echo '[workspace]' >> Cargo.toml &&\n          cargo add --path /home/runner/check/batch_2/Starry-OS/Starry-New/modules/axtrap --no-default-features --features axtask,default,irq,monolithic,preempt &&\n          cargo check\n\nerror: aborting due to failure to build rustdoc for crate axtrap v0.1.0\n"]}},{"file":"[lockbud] Not supported to display yet.","count":1,"kinds":{"Lockbud(Possibly)":["[2024-12-02T20:38:54Z WARN  lockbud::callbacks] [\n      {\n        \"AtomicityViolation\": {\n          \"bug_kind\": \"AtomicityViolation\",\n          \"possibility\": \"Possibly\",\n          \"diagnosis\": {\n            \"fn_name\": \"set_logger_racy\",\n            \"atomic_reader\": \"/home/runner/.cargo/registry/src/index.crates.io-6f17d22bba15001f/log-0.4.21/src/lib.rs:1408:11: 1408:39 (#0)\",\n            \"atomic_writer\": \"/home/runner/.cargo/registry/src/index.crates.io-6f17d22bba15001f/log-0.4.21/src/lib.rs:1411:13: 1411:55 (#0)\",\n            \"dep_kind\": \"Control\"\n          },\n          \"explanation\": \"atomic::store is data/control dependent on atomic::load\"\n        }\n      }\n    ]\n[2024-12-02T20:38:54Z WARN  lockbud::callbacks] crate log contains bugs: { probably: 0, possibly: 0 }, conflictlock: { probably: 0, possibly: 0 }, condvar_deadlock: { probably: 0, possibly: 0 }, atomicity_violation: { possibly: 1 }, invalid_free: { possibly: 0 }, use_after_free: { possibly: 0 }"]}},{"file":"[outdated direct dependencies]","count":1,"kinds":{"Outdated":["pkg=axtrap, checker=Outdated\ntoolchain=nightly-2024-05-02, target=aarch64-unknown-none-softfloat\npkg_dir=/home/runner/check/batch_2/Starry-OS/Starry-New/modules/axtrap\ncmd=cargo +nightly-2024-10-12-x86_64-unknown-linux-gnu outdated -R --exit-code=2\n\nName            Project  Compat  Latest  Kind    Platform\n----            -------  ------  ------  ----    --------\naarch64-cpu     9.4.0    ---     10.0.0  Normal  cfg(target_arch = \"aarch64\")\nlog             0.4.21   0.4.22  0.4.22  Normal  ---\nriscv           0.10.1   ---     0.12.1  Normal  cfg(any(target_arch = \"riscv32\", target_arch = \"riscv64\"))\ntock-registers  0.8.1    ---     0.9.0   Normal  cfg(target_arch = \"aarch64\")\nx86_64          0.15.1   0.15.2  0.15.2  Normal  cfg(target_arch = \"x86_64\")\n"]}},{"file":"[semver checks]","count":1,"kinds":{"Semver Violation":["pkg=axtrap, checker=SemverChecks\ntoolchain=nightly-2024-05-02, target=aarch64-unknown-none-softfloat\npkg_dir=/home/runner/check/batch_2/Starry-OS/Starry-New/modules/axtrap\ncmd=cargo +nightly-2024-10-12-x86_64-unknown-linux-gnu semver-checks --target aarch64-unknown-none-softfloat\n\n\nstdout:\n\nstderr:\n     Parsing axtrap v0.1.0 (current)\nerror: running cargo-doc on crate axtrap failed with output:\n-----\nerror: output of --print=file-names missing when learning about target-specific information from rustc\ncommand was: `/home/runner/.rustup/toolchains/nightly-2024-10-12-x86_64-unknown-linux-gnu/bin/rustc - --crate-name ___ --print=file-names --cap-lints=allow --target aarch64-unknown-none-softfloat --crate-type bin --crate-type rlib --crate-type dylib --crate-type cdylib --crate-type staticlib --crate-type proc-macro --print=sysroot --print=split-debuginfo --print=crate-name --print=cfg`\n\n--- stdout\n___\nlib___.rlib\nlib___.a\n/home/runner/.rustup/toolchains/nightly-2024-10-12-x86_64-unknown-linux-gnu\noff\n___\ndebug_assertions\nfmt_debug=\"full\"\noverflow_checks\npanic=\"abort\"\nproc_macro\nrelocation_model=\"static\"\ntarget_abi=\"softfloat\"\ntarget_arch=\"aarch64\"\ntarget_endian=\"little\"\ntarget_env=\"\"\ntarget_has_atomic\ntarget_has_atomic=\"128\"\ntarget_has_atomic=\"16\"\ntarget_has_atomic=\"32\"\ntarget_has_atomic=\"64\"\ntarget_has_atomic=\"8\"\ntarget_has_atomic=\"ptr\"\ntarget_has_atomic_equal_alignment=\"128\"\ntarget_has_atomic_equal_alignment=\"16\"\ntarget_has_atomic_equal_alignment=\"32\"\ntarget_has_atomic_equal_alignment=\"64\"\ntarget_has_atomic_equal_alignment=\"8\"\ntarget_has_atomic_equal_alignment=\"ptr\"\ntarget_has_atomic_load_store\ntarget_has_atomic_load_store=\"128\"\ntarget_has_atomic_load_store=\"16\"\ntarget_has_atomic_load_store=\"32\"\ntarget_has_atomic_load_store=\"64\"\ntarget_has_atomic_load_store=\"8\"\ntarget_has_atomic_load_store=\"ptr\"\ntarget_os=\"none\"\ntarget_pointer_width=\"64\"\ntarget_vendor=\"unknown\"\nub_checks\n\n\n-----\n\nerror: failed to build rustdoc for crate axtrap v0.1.0\nnote: this is usually due to a compilation error in the crate,\n      and is unlikely to be a bug in cargo-semver-checks\nnote: the following command can be used to reproduce the compilation error:\n      cargo new --lib example &&\n          cd example &&\n          echo '[workspace]' >> Cargo.toml &&\n          cargo add --path /home/runner/check/batch_2/Starry-OS/Starry-New/modules/axtrap --no-default-features --features axtask,default,irq,monolithic,preempt &&\n          cargo check\n\nerror: aborting due to failure to build rustdoc for crate axtrap v0.1.0\n"]}}]},{"user":"Starry-OS","repo":"Starry-New","pkg":"arceos_api","count":3,"raw_reports":[{"file":"(virtual) semver-checks","count":1,"kinds":{"Cargo":["// pkg_name=arceos_api, checker=SemverChecks\n// toolchain=nightly-2024-05-02, target=aarch64-unknown-none-softfloat\n// pkg_dir=/home/runner/check/batch_2/Starry-OS/Starry-New/api/arceos_api\n// cmd=cargo +nightly-2024-10-12-x86_64-unknown-linux-gnu semver-checks --target aarch64-unknown-none-softfloat\n     Parsing arceos_api v0.1.0 (current)\nerror: running cargo-doc on crate arceos_api failed with output:\n-----\nerror: output of --print=file-names missing when learning about target-specific information from rustc\ncommand was: `/home/runner/.rustup/toolchains/nightly-2024-10-12-x86_64-unknown-linux-gnu/bin/rustc - --crate-name ___ --print=file-names --cap-lints=allow --target aarch64-unknown-none-softfloat --crate-type bin --crate-type rlib --crate-type dylib --crate-type cdylib --crate-type staticlib --crate-type proc-macro --print=sysroot --print=split-debuginfo --print=crate-name --print=cfg`\n\n--- stdout\n___\nlib___.rlib\nlib___.a\n/home/runner/.rustup/toolchains/nightly-2024-10-12-x86_64-unknown-linux-gnu\noff\n___\ndebug_assertions\nfmt_debug=\"full\"\noverflow_checks\npanic=\"abort\"\nproc_macro\nrelocation_model=\"static\"\ntarget_abi=\"softfloat\"\ntarget_arch=\"aarch64\"\ntarget_endian=\"little\"\ntarget_env=\"\"\ntarget_has_atomic\ntarget_has_atomic=\"128\"\ntarget_has_atomic=\"16\"\ntarget_has_atomic=\"32\"\ntarget_has_atomic=\"64\"\ntarget_has_atomic=\"8\"\ntarget_has_atomic=\"ptr\"\ntarget_has_atomic_equal_alignment=\"128\"\ntarget_has_atomic_equal_alignment=\"16\"\ntarget_has_atomic_equal_alignment=\"32\"\ntarget_has_atomic_equal_alignment=\"64\"\ntarget_has_atomic_equal_alignment=\"8\"\ntarget_has_atomic_equal_alignment=\"ptr\"\ntarget_has_atomic_load_store\ntarget_has_atomic_load_store=\"128\"\ntarget_has_atomic_load_store=\"16\"\ntarget_has_atomic_load_store=\"32\"\ntarget_has_atomic_load_store=\"64\"\ntarget_has_atomic_load_store=\"8\"\ntarget_has_atomic_load_store=\"ptr\"\ntarget_os=\"none\"\ntarget_pointer_width=\"64\"\ntarget_vendor=\"unknown\"\nub_checks\n\n\n-----\n\nerror: failed to build rustdoc for crate arceos_api v0.1.0\nnote: this is usually due to a compilation error in the crate,\n      and is unlikely to be a bug in cargo-semver-checks\nnote: the following command can be used to reproduce the compilation error:\n      cargo new --lib example &&\n          cd example &&\n          echo '[workspace]' >> Cargo.toml &&\n          cargo add --path /home/runner/check/batch_2/Starry-OS/Starry-New/api/arceos_api --no-default-features --features alloc,axtask,default,display,dummy-if-not-enabled,fs,irq,multitask,myfs,net &&\n          cargo check\n\nerror: aborting due to failure to build rustdoc for crate arceos_api v0.1.0\n"]}},{"file":"[lockbud] Not supported to display yet.","count":1,"kinds":{"Lockbud(Possibly)":["[2024-12-02T20:38:54Z WARN  lockbud::callbacks] [\n      {\n        \"AtomicityViolation\": {\n          \"bug_kind\": \"AtomicityViolation\",\n          \"possibility\": \"Possibly\",\n          \"diagnosis\": {\n            \"fn_name\": \"set_logger_racy\",\n            \"atomic_reader\": \"/home/runner/.cargo/registry/src/index.crates.io-6f17d22bba15001f/log-0.4.21/src/lib.rs:1408:11: 1408:39 (#0)\",\n            \"atomic_writer\": \"/home/runner/.cargo/registry/src/index.crates.io-6f17d22bba15001f/log-0.4.21/src/lib.rs:1411:13: 1411:55 (#0)\",\n            \"dep_kind\": \"Control\"\n          },\n          \"explanation\": \"atomic::store is data/control dependent on atomic::load\"\n        }\n      }\n    ]\n[2024-12-02T20:38:54Z WARN  lockbud::callbacks] crate log contains bugs: { probably: 0, possibly: 0 }, conflictlock: { probably: 0, possibly: 0 }, condvar_deadlock: { probably: 0, possibly: 0 }, atomicity_violation: { possibly: 1 }, invalid_free: { possibly: 0 }, use_after_free: { possibly: 0 }"]}},{"file":"[semver checks]","count":1,"kinds":{"Semver Violation":["pkg=arceos_api, checker=SemverChecks\ntoolchain=nightly-2024-05-02, target=aarch64-unknown-none-softfloat\npkg_dir=/home/runner/check/batch_2/Starry-OS/Starry-New/api/arceos_api\ncmd=cargo +nightly-2024-10-12-x86_64-unknown-linux-gnu semver-checks --target aarch64-unknown-none-softfloat\n\n\nstdout:\n\nstderr:\n     Parsing arceos_api v0.1.0 (current)\nerror: running cargo-doc on crate arceos_api failed with output:\n-----\nerror: output of --print=file-names missing when learning about target-specific information from rustc\ncommand was: `/home/runner/.rustup/toolchains/nightly-2024-10-12-x86_64-unknown-linux-gnu/bin/rustc - --crate-name ___ --print=file-names --cap-lints=allow --target aarch64-unknown-none-softfloat --crate-type bin --crate-type rlib --crate-type dylib --crate-type cdylib --crate-type staticlib --crate-type proc-macro --print=sysroot --print=split-debuginfo --print=crate-name --print=cfg`\n\n--- stdout\n___\nlib___.rlib\nlib___.a\n/home/runner/.rustup/toolchains/nightly-2024-10-12-x86_64-unknown-linux-gnu\noff\n___\ndebug_assertions\nfmt_debug=\"full\"\noverflow_checks\npanic=\"abort\"\nproc_macro\nrelocation_model=\"static\"\ntarget_abi=\"softfloat\"\ntarget_arch=\"aarch64\"\ntarget_endian=\"little\"\ntarget_env=\"\"\ntarget_has_atomic\ntarget_has_atomic=\"128\"\ntarget_has_atomic=\"16\"\ntarget_has_atomic=\"32\"\ntarget_has_atomic=\"64\"\ntarget_has_atomic=\"8\"\ntarget_has_atomic=\"ptr\"\ntarget_has_atomic_equal_alignment=\"128\"\ntarget_has_atomic_equal_alignment=\"16\"\ntarget_has_atomic_equal_alignment=\"32\"\ntarget_has_atomic_equal_alignment=\"64\"\ntarget_has_atomic_equal_alignment=\"8\"\ntarget_has_atomic_equal_alignment=\"ptr\"\ntarget_has_atomic_load_store\ntarget_has_atomic_load_store=\"128\"\ntarget_has_atomic_load_store=\"16\"\ntarget_has_atomic_load_store=\"32\"\ntarget_has_atomic_load_store=\"64\"\ntarget_has_atomic_load_store=\"8\"\ntarget_has_atomic_load_store=\"ptr\"\ntarget_os=\"none\"\ntarget_pointer_width=\"64\"\ntarget_vendor=\"unknown\"\nub_checks\n\n\n-----\n\nerror: failed to build rustdoc for crate arceos_api v0.1.0\nnote: this is usually due to a compilation error in the crate,\n      and is unlikely to be a bug in cargo-semver-checks\nnote: the following command can be used to reproduce the compilation error:\n      cargo new --lib example &&\n          cd example &&\n          echo '[workspace]' >> Cargo.toml &&\n          cargo add --path /home/runner/check/batch_2/Starry-OS/Starry-New/api/arceos_api --no-default-features --features alloc,axtask,default,display,dummy-if-not-enabled,fs,irq,multitask,myfs,net &&\n          cargo check\n\nerror: aborting due to failure to build rustdoc for crate arceos_api v0.1.0\n"]}}]},{"user":"Starry-OS","repo":"Starry-New","pkg":"axfeat","count":3,"raw_reports":[{"file":"(virtual) semver-checks","count":1,"kinds":{"Cargo":["// pkg_name=axfeat, checker=SemverChecks\n// toolchain=nightly-2024-05-02, target=aarch64-unknown-none-softfloat\n// pkg_dir=/home/runner/check/batch_2/Starry-OS/Starry-New/api/axfeat\n// cmd=cargo +nightly-2024-10-12-x86_64-unknown-linux-gnu semver-checks --target aarch64-unknown-none-softfloat\n     Parsing axfeat v0.1.0 (current)\nerror: running cargo-doc on crate axfeat failed with output:\n-----\nerror: output of --print=file-names missing when learning about target-specific information from rustc\ncommand was: `/home/runner/.rustup/toolchains/nightly-2024-10-12-x86_64-unknown-linux-gnu/bin/rustc - --crate-name ___ --print=file-names --cap-lints=allow --target aarch64-unknown-none-softfloat --crate-type bin --crate-type rlib --crate-type dylib --crate-type cdylib --crate-type staticlib --crate-type proc-macro --print=sysroot --print=split-debuginfo --print=crate-name --print=cfg`\n\n--- stdout\n___\nlib___.rlib\nlib___.a\n/home/runner/.rustup/toolchains/nightly-2024-10-12-x86_64-unknown-linux-gnu\noff\n___\ndebug_assertions\nfmt_debug=\"full\"\noverflow_checks\npanic=\"abort\"\nproc_macro\nrelocation_model=\"static\"\ntarget_abi=\"softfloat\"\ntarget_arch=\"aarch64\"\ntarget_endian=\"little\"\ntarget_env=\"\"\ntarget_has_atomic\ntarget_has_atomic=\"128\"\ntarget_has_atomic=\"16\"\ntarget_has_atomic=\"32\"\ntarget_has_atomic=\"64\"\ntarget_has_atomic=\"8\"\ntarget_has_atomic=\"ptr\"\ntarget_has_atomic_equal_alignment=\"128\"\ntarget_has_atomic_equal_alignment=\"16\"\ntarget_has_atomic_equal_alignment=\"32\"\ntarget_has_atomic_equal_alignment=\"64\"\ntarget_has_atomic_equal_alignment=\"8\"\ntarget_has_atomic_equal_alignment=\"ptr\"\ntarget_has_atomic_load_store\ntarget_has_atomic_load_store=\"128\"\ntarget_has_atomic_load_store=\"16\"\ntarget_has_atomic_load_store=\"32\"\ntarget_has_atomic_load_store=\"64\"\ntarget_has_atomic_load_store=\"8\"\ntarget_has_atomic_load_store=\"ptr\"\ntarget_os=\"none\"\ntarget_pointer_width=\"64\"\ntarget_vendor=\"unknown\"\nub_checks\n\n\n-----\n\nerror: failed to build rustdoc for crate axfeat v0.1.0\nnote: this is usually due to a compilation error in the crate,\n      and is unlikely to be a bug in cargo-semver-checks\nnote: the following command can be used to reproduce the compilation error:\n      cargo new --lib example &&\n          cd example &&\n          echo '[workspace]' >> Cargo.toml &&\n          cargo add --path /home/runner/check/batch_2/Starry-OS/Starry-New/api/axfeat --no-default-features --features alloc,alloc-buddy,alloc-slab,alloc-tlsf,another_ext4,axalloc,axdriver,axsync,axtask,bus-mmio,bus-pci,default,display,driver-bcm2835-sdhci,driver-e1000,driver-ixgbe,driver-ramdisk,ext4_rs,fatfs,fp_simd,fs,img,irq,log-level-debug,log-level-error,log-level-info,log-level-off,log-level-trace,log-level-warn,lwext4_rust,monolithic,multitask,myfs,net,paging,sched_cfs,sched_fifo,sched_rr,smp,spinlock,taskctx,tls &&\n          cargo check\n\nerror: aborting due to failure to build rustdoc for crate axfeat v0.1.0\n"]}},{"file":"[lockbud] Not supported to display yet.","count":1,"kinds":{"Lockbud(Possibly)":["[2024-12-02T20:38:54Z WARN  lockbud::callbacks] [\n      {\n        \"AtomicityViolation\": {\n          \"bug_kind\": \"AtomicityViolation\",\n          \"possibility\": \"Possibly\",\n          \"diagnosis\": {\n            \"fn_name\": \"set_logger_racy\",\n            \"atomic_reader\": \"/home/runner/.cargo/registry/src/index.crates.io-6f17d22bba15001f/log-0.4.21/src/lib.rs:1408:11: 1408:39 (#0)\",\n            \"atomic_writer\": \"/home/runner/.cargo/registry/src/index.crates.io-6f17d22bba15001f/log-0.4.21/src/lib.rs:1411:13: 1411:55 (#0)\",\n            \"dep_kind\": \"Control\"\n          },\n          \"explanation\": \"atomic::store is data/control dependent on atomic::load\"\n        }\n      }\n    ]\n[2024-12-02T20:38:54Z WARN  lockbud::callbacks] crate log contains bugs: { probably: 0, possibly: 0 }, conflictlock: { probably: 0, possibly: 0 }, condvar_deadlock: { probably: 0, possibly: 0 }, atomicity_violation: { possibly: 1 }, invalid_free: { possibly: 0 }, use_after_free: { possibly: 0 }"]}},{"file":"[semver checks]","count":1,"kinds":{"Semver Violation":["pkg=axfeat, checker=SemverChecks\ntoolchain=nightly-2024-05-02, target=aarch64-unknown-none-softfloat\npkg_dir=/home/runner/check/batch_2/Starry-OS/Starry-New/api/axfeat\ncmd=cargo +nightly-2024-10-12-x86_64-unknown-linux-gnu semver-checks --target aarch64-unknown-none-softfloat\n\n\nstdout:\n\nstderr:\n     Parsing axfeat v0.1.0 (current)\nerror: running cargo-doc on crate axfeat failed with output:\n-----\nerror: output of --print=file-names missing when learning about target-specific information from rustc\ncommand was: `/home/runner/.rustup/toolchains/nightly-2024-10-12-x86_64-unknown-linux-gnu/bin/rustc - --crate-name ___ --print=file-names --cap-lints=allow --target aarch64-unknown-none-softfloat --crate-type bin --crate-type rlib --crate-type dylib --crate-type cdylib --crate-type staticlib --crate-type proc-macro --print=sysroot --print=split-debuginfo --print=crate-name --print=cfg`\n\n--- stdout\n___\nlib___.rlib\nlib___.a\n/home/runner/.rustup/toolchains/nightly-2024-10-12-x86_64-unknown-linux-gnu\noff\n___\ndebug_assertions\nfmt_debug=\"full\"\noverflow_checks\npanic=\"abort\"\nproc_macro\nrelocation_model=\"static\"\ntarget_abi=\"softfloat\"\ntarget_arch=\"aarch64\"\ntarget_endian=\"little\"\ntarget_env=\"\"\ntarget_has_atomic\ntarget_has_atomic=\"128\"\ntarget_has_atomic=\"16\"\ntarget_has_atomic=\"32\"\ntarget_has_atomic=\"64\"\ntarget_has_atomic=\"8\"\ntarget_has_atomic=\"ptr\"\ntarget_has_atomic_equal_alignment=\"128\"\ntarget_has_atomic_equal_alignment=\"16\"\ntarget_has_atomic_equal_alignment=\"32\"\ntarget_has_atomic_equal_alignment=\"64\"\ntarget_has_atomic_equal_alignment=\"8\"\ntarget_has_atomic_equal_alignment=\"ptr\"\ntarget_has_atomic_load_store\ntarget_has_atomic_load_store=\"128\"\ntarget_has_atomic_load_store=\"16\"\ntarget_has_atomic_load_store=\"32\"\ntarget_has_atomic_load_store=\"64\"\ntarget_has_atomic_load_store=\"8\"\ntarget_has_atomic_load_store=\"ptr\"\ntarget_os=\"none\"\ntarget_pointer_width=\"64\"\ntarget_vendor=\"unknown\"\nub_checks\n\n\n-----\n\nerror: failed to build rustdoc for crate axfeat v0.1.0\nnote: this is usually due to a compilation error in the crate,\n      and is unlikely to be a bug in cargo-semver-checks\nnote: the following command can be used to reproduce the compilation error:\n      cargo new --lib example &&\n          cd example &&\n          echo '[workspace]' >> Cargo.toml &&\n          cargo add --path /home/runner/check/batch_2/Starry-OS/Starry-New/api/axfeat --no-default-features --features alloc,alloc-buddy,alloc-slab,alloc-tlsf,another_ext4,axalloc,axdriver,axsync,axtask,bus-mmio,bus-pci,default,display,driver-bcm2835-sdhci,driver-e1000,driver-ixgbe,driver-ramdisk,ext4_rs,fatfs,fp_simd,fs,img,irq,log-level-debug,log-level-error,log-level-info,log-level-off,log-level-trace,log-level-warn,lwext4_rust,monolithic,multitask,myfs,net,paging,sched_cfs,sched_fifo,sched_rr,smp,spinlock,taskctx,tls &&\n          cargo check\n\nerror: aborting due to failure to build rustdoc for crate axfeat v0.1.0\n"]}}]},{"user":"Starry-OS","repo":"Starry-New","pkg":"axruntime","count":3,"raw_reports":[{"file":"(virtual) semver-checks","count":1,"kinds":{"Cargo":["// pkg_name=axruntime, checker=SemverChecks\n// toolchain=nightly-2024-05-02, target=aarch64-unknown-none-softfloat\n// pkg_dir=/home/runner/check/batch_2/Starry-OS/Starry-New/modules/axruntime\n// cmd=cargo +nightly-2024-10-12-x86_64-unknown-linux-gnu semver-checks --target aarch64-unknown-none-softfloat\n     Parsing axruntime v0.1.0 (current)\nerror: running cargo-doc on crate axruntime failed with output:\n-----\nerror: output of --print=file-names missing when learning about target-specific information from rustc\ncommand was: `/home/runner/.rustup/toolchains/nightly-2024-10-12-x86_64-unknown-linux-gnu/bin/rustc - --crate-name ___ --print=file-names --cap-lints=allow --target aarch64-unknown-none-softfloat --crate-type bin --crate-type rlib --crate-type dylib --crate-type cdylib --crate-type staticlib --crate-type proc-macro --print=sysroot --print=split-debuginfo --print=crate-name --print=cfg`\n\n--- stdout\n___\nlib___.rlib\nlib___.a\n/home/runner/.rustup/toolchains/nightly-2024-10-12-x86_64-unknown-linux-gnu\noff\n___\ndebug_assertions\nfmt_debug=\"full\"\noverflow_checks\npanic=\"abort\"\nproc_macro\nrelocation_model=\"static\"\ntarget_abi=\"softfloat\"\ntarget_arch=\"aarch64\"\ntarget_endian=\"little\"\ntarget_env=\"\"\ntarget_has_atomic\ntarget_has_atomic=\"128\"\ntarget_has_atomic=\"16\"\ntarget_has_atomic=\"32\"\ntarget_has_atomic=\"64\"\ntarget_has_atomic=\"8\"\ntarget_has_atomic=\"ptr\"\ntarget_has_atomic_equal_alignment=\"128\"\ntarget_has_atomic_equal_alignment=\"16\"\ntarget_has_atomic_equal_alignment=\"32\"\ntarget_has_atomic_equal_alignment=\"64\"\ntarget_has_atomic_equal_alignment=\"8\"\ntarget_has_atomic_equal_alignment=\"ptr\"\ntarget_has_atomic_load_store\ntarget_has_atomic_load_store=\"128\"\ntarget_has_atomic_load_store=\"16\"\ntarget_has_atomic_load_store=\"32\"\ntarget_has_atomic_load_store=\"64\"\ntarget_has_atomic_load_store=\"8\"\ntarget_has_atomic_load_store=\"ptr\"\ntarget_os=\"none\"\ntarget_pointer_width=\"64\"\ntarget_vendor=\"unknown\"\nub_checks\n\n\n-----\n\nerror: failed to build rustdoc for crate axruntime v0.1.0\nnote: this is usually due to a compilation error in the crate,\n      and is unlikely to be a bug in cargo-semver-checks\nnote: the following command can be used to reproduce the compilation error:\n      cargo new --lib example &&\n          cd example &&\n          echo '[workspace]' >> Cargo.toml &&\n          cargo add --path /home/runner/check/batch_2/Starry-OS/Starry-New/modules/axruntime --no-default-features --features alloc,axalloc,axdisplay,axdriver,axfs,axmem,axnet,axprocess,default,display,fs,img,irq,kernel_guard,lazy_init,monolithic,multitask,net,paging,percpu,smp,tls &&\n          cargo check\n\nerror: aborting due to failure to build rustdoc for crate axruntime v0.1.0\n"]}},{"file":"[lockbud] Not supported to display yet.","count":1,"kinds":{"Lockbud(Possibly)":["[2024-12-02T20:38:54Z WARN  lockbud::callbacks] [\n      {\n        \"AtomicityViolation\": {\n          \"bug_kind\": \"AtomicityViolation\",\n          \"possibility\": \"Possibly\",\n          \"diagnosis\": {\n            \"fn_name\": \"set_logger_racy\",\n            \"atomic_reader\": \"/home/runner/.cargo/registry/src/index.crates.io-6f17d22bba15001f/log-0.4.21/src/lib.rs:1408:11: 1408:39 (#0)\",\n            \"atomic_writer\": \"/home/runner/.cargo/registry/src/index.crates.io-6f17d22bba15001f/log-0.4.21/src/lib.rs:1411:13: 1411:55 (#0)\",\n            \"dep_kind\": \"Control\"\n          },\n          \"explanation\": \"atomic::store is data/control dependent on atomic::load\"\n        }\n      }\n    ]\n[2024-12-02T20:38:54Z WARN  lockbud::callbacks] crate log contains bugs: { probably: 0, possibly: 0 }, conflictlock: { probably: 0, possibly: 0 }, condvar_deadlock: { probably: 0, possibly: 0 }, atomicity_violation: { possibly: 1 }, invalid_free: { possibly: 0 }, use_after_free: { possibly: 0 }"]}},{"file":"[semver checks]","count":1,"kinds":{"Semver Violation":["pkg=axruntime, checker=SemverChecks\ntoolchain=nightly-2024-05-02, target=aarch64-unknown-none-softfloat\npkg_dir=/home/runner/check/batch_2/Starry-OS/Starry-New/modules/axruntime\ncmd=cargo +nightly-2024-10-12-x86_64-unknown-linux-gnu semver-checks --target aarch64-unknown-none-softfloat\n\n\nstdout:\n\nstderr:\n     Parsing axruntime v0.1.0 (current)\nerror: running cargo-doc on crate axruntime failed with output:\n-----\nerror: output of --print=file-names missing when learning about target-specific information from rustc\ncommand was: `/home/runner/.rustup/toolchains/nightly-2024-10-12-x86_64-unknown-linux-gnu/bin/rustc - --crate-name ___ --print=file-names --cap-lints=allow --target aarch64-unknown-none-softfloat --crate-type bin --crate-type rlib --crate-type dylib --crate-type cdylib --crate-type staticlib --crate-type proc-macro --print=sysroot --print=split-debuginfo --print=crate-name --print=cfg`\n\n--- stdout\n___\nlib___.rlib\nlib___.a\n/home/runner/.rustup/toolchains/nightly-2024-10-12-x86_64-unknown-linux-gnu\noff\n___\ndebug_assertions\nfmt_debug=\"full\"\noverflow_checks\npanic=\"abort\"\nproc_macro\nrelocation_model=\"static\"\ntarget_abi=\"softfloat\"\ntarget_arch=\"aarch64\"\ntarget_endian=\"little\"\ntarget_env=\"\"\ntarget_has_atomic\ntarget_has_atomic=\"128\"\ntarget_has_atomic=\"16\"\ntarget_has_atomic=\"32\"\ntarget_has_atomic=\"64\"\ntarget_has_atomic=\"8\"\ntarget_has_atomic=\"ptr\"\ntarget_has_atomic_equal_alignment=\"128\"\ntarget_has_atomic_equal_alignment=\"16\"\ntarget_has_atomic_equal_alignment=\"32\"\ntarget_has_atomic_equal_alignment=\"64\"\ntarget_has_atomic_equal_alignment=\"8\"\ntarget_has_atomic_equal_alignment=\"ptr\"\ntarget_has_atomic_load_store\ntarget_has_atomic_load_store=\"128\"\ntarget_has_atomic_load_store=\"16\"\ntarget_has_atomic_load_store=\"32\"\ntarget_has_atomic_load_store=\"64\"\ntarget_has_atomic_load_store=\"8\"\ntarget_has_atomic_load_store=\"ptr\"\ntarget_os=\"none\"\ntarget_pointer_width=\"64\"\ntarget_vendor=\"unknown\"\nub_checks\n\n\n-----\n\nerror: failed to build rustdoc for crate axruntime v0.1.0\nnote: this is usually due to a compilation error in the crate,\n      and is unlikely to be a bug in cargo-semver-checks\nnote: the following command can be used to reproduce the compilation error:\n      cargo new --lib example &&\n          cd example &&\n          echo '[workspace]' >> Cargo.toml &&\n          cargo add --path /home/runner/check/batch_2/Starry-OS/Starry-New/modules/axruntime --no-default-features --features alloc,axalloc,axdisplay,axdriver,axfs,axmem,axnet,axprocess,default,display,fs,img,irq,kernel_guard,lazy_init,monolithic,multitask,net,paging,percpu,smp,tls &&\n          cargo check\n\nerror: aborting due to failure to build rustdoc for crate axruntime v0.1.0\n"]}}]},{"user":"Starry-OS","repo":"Starry-New","pkg":"axsignal","count":3,"raw_reports":[{"file":"(virtual) semver-checks","count":1,"kinds":{"Cargo":["// pkg_name=axsignal, checker=SemverChecks\n// toolchain=nightly-2024-05-02, target=aarch64-unknown-none-softfloat\n// pkg_dir=/home/runner/check/batch_2/Starry-OS/Starry-New/modules/axsignal\n// cmd=cargo +nightly-2024-10-12-x86_64-unknown-linux-gnu semver-checks --target aarch64-unknown-none-softfloat\n     Parsing axsignal v0.1.0 (current)\nerror: running cargo-doc on crate axsignal failed with output:\n-----\nerror: output of --print=file-names missing when learning about target-specific information from rustc\ncommand was: `/home/runner/.rustup/toolchains/nightly-2024-10-12-x86_64-unknown-linux-gnu/bin/rustc - --crate-name ___ --print=file-names --cap-lints=allow --target aarch64-unknown-none-softfloat --crate-type bin --crate-type rlib --crate-type dylib --crate-type cdylib --crate-type staticlib --crate-type proc-macro --print=sysroot --print=split-debuginfo --print=crate-name --print=cfg`\n\n--- stdout\n___\nlib___.rlib\nlib___.a\n/home/runner/.rustup/toolchains/nightly-2024-10-12-x86_64-unknown-linux-gnu\noff\n___\ndebug_assertions\nfmt_debug=\"full\"\noverflow_checks\npanic=\"abort\"\nproc_macro\nrelocation_model=\"static\"\ntarget_abi=\"softfloat\"\ntarget_arch=\"aarch64\"\ntarget_endian=\"little\"\ntarget_env=\"\"\ntarget_has_atomic\ntarget_has_atomic=\"128\"\ntarget_has_atomic=\"16\"\ntarget_has_atomic=\"32\"\ntarget_has_atomic=\"64\"\ntarget_has_atomic=\"8\"\ntarget_has_atomic=\"ptr\"\ntarget_has_atomic_equal_alignment=\"128\"\ntarget_has_atomic_equal_alignment=\"16\"\ntarget_has_atomic_equal_alignment=\"32\"\ntarget_has_atomic_equal_alignment=\"64\"\ntarget_has_atomic_equal_alignment=\"8\"\ntarget_has_atomic_equal_alignment=\"ptr\"\ntarget_has_atomic_load_store\ntarget_has_atomic_load_store=\"128\"\ntarget_has_atomic_load_store=\"16\"\ntarget_has_atomic_load_store=\"32\"\ntarget_has_atomic_load_store=\"64\"\ntarget_has_atomic_load_store=\"8\"\ntarget_has_atomic_load_store=\"ptr\"\ntarget_os=\"none\"\ntarget_pointer_width=\"64\"\ntarget_vendor=\"unknown\"\nub_checks\n\n\n-----\n\nerror: failed to build rustdoc for crate axsignal v0.1.0\nnote: this is usually due to a compilation error in the crate,\n      and is unlikely to be a bug in cargo-semver-checks\nnote: the following command can be used to reproduce the compilation error:\n      cargo new --lib example &&\n          cd example &&\n          echo '[workspace]' >> Cargo.toml &&\n          cargo add --path /home/runner/check/batch_2/Starry-OS/Starry-New/modules/axsignal --no-default-features --features default &&\n          cargo check\n\nerror: aborting due to failure to build rustdoc for crate axsignal v0.1.0\n"]}},{"file":"[lockbud] Not supported to display yet.","count":1,"kinds":{"Lockbud(Possibly)":["[2024-12-02T20:38:54Z WARN  lockbud::callbacks] [\n      {\n        \"AtomicityViolation\": {\n          \"bug_kind\": \"AtomicityViolation\",\n          \"possibility\": \"Possibly\",\n          \"diagnosis\": {\n            \"fn_name\": \"set_logger_racy\",\n            \"atomic_reader\": \"/home/runner/.cargo/registry/src/index.crates.io-6f17d22bba15001f/log-0.4.21/src/lib.rs:1408:11: 1408:39 (#0)\",\n            \"atomic_writer\": \"/home/runner/.cargo/registry/src/index.crates.io-6f17d22bba15001f/log-0.4.21/src/lib.rs:1411:13: 1411:55 (#0)\",\n            \"dep_kind\": \"Control\"\n          },\n          \"explanation\": \"atomic::store is data/control dependent on atomic::load\"\n        }\n      }\n    ]\n[2024-12-02T20:38:54Z WARN  lockbud::callbacks] crate log contains bugs: { probably: 0, possibly: 0 }, conflictlock: { probably: 0, possibly: 0 }, condvar_deadlock: { probably: 0, possibly: 0 }, atomicity_violation: { possibly: 1 }, invalid_free: { possibly: 0 }, use_after_free: { possibly: 0 }"]}},{"file":"[semver checks]","count":1,"kinds":{"Semver Violation":["pkg=axsignal, checker=SemverChecks\ntoolchain=nightly-2024-05-02, target=aarch64-unknown-none-softfloat\npkg_dir=/home/runner/check/batch_2/Starry-OS/Starry-New/modules/axsignal\ncmd=cargo +nightly-2024-10-12-x86_64-unknown-linux-gnu semver-checks --target aarch64-unknown-none-softfloat\n\n\nstdout:\n\nstderr:\n     Parsing axsignal v0.1.0 (current)\nerror: running cargo-doc on crate axsignal failed with output:\n-----\nerror: output of --print=file-names missing when learning about target-specific information from rustc\ncommand was: `/home/runner/.rustup/toolchains/nightly-2024-10-12-x86_64-unknown-linux-gnu/bin/rustc - --crate-name ___ --print=file-names --cap-lints=allow --target aarch64-unknown-none-softfloat --crate-type bin --crate-type rlib --crate-type dylib --crate-type cdylib --crate-type staticlib --crate-type proc-macro --print=sysroot --print=split-debuginfo --print=crate-name --print=cfg`\n\n--- stdout\n___\nlib___.rlib\nlib___.a\n/home/runner/.rustup/toolchains/nightly-2024-10-12-x86_64-unknown-linux-gnu\noff\n___\ndebug_assertions\nfmt_debug=\"full\"\noverflow_checks\npanic=\"abort\"\nproc_macro\nrelocation_model=\"static\"\ntarget_abi=\"softfloat\"\ntarget_arch=\"aarch64\"\ntarget_endian=\"little\"\ntarget_env=\"\"\ntarget_has_atomic\ntarget_has_atomic=\"128\"\ntarget_has_atomic=\"16\"\ntarget_has_atomic=\"32\"\ntarget_has_atomic=\"64\"\ntarget_has_atomic=\"8\"\ntarget_has_atomic=\"ptr\"\ntarget_has_atomic_equal_alignment=\"128\"\ntarget_has_atomic_equal_alignment=\"16\"\ntarget_has_atomic_equal_alignment=\"32\"\ntarget_has_atomic_equal_alignment=\"64\"\ntarget_has_atomic_equal_alignment=\"8\"\ntarget_has_atomic_equal_alignment=\"ptr\"\ntarget_has_atomic_load_store\ntarget_has_atomic_load_store=\"128\"\ntarget_has_atomic_load_store=\"16\"\ntarget_has_atomic_load_store=\"32\"\ntarget_has_atomic_load_store=\"64\"\ntarget_has_atomic_load_store=\"8\"\ntarget_has_atomic_load_store=\"ptr\"\ntarget_os=\"none\"\ntarget_pointer_width=\"64\"\ntarget_vendor=\"unknown\"\nub_checks\n\n\n-----\n\nerror: failed to build rustdoc for crate axsignal v0.1.0\nnote: this is usually due to a compilation error in the crate,\n      and is unlikely to be a bug in cargo-semver-checks\nnote: the following command can be used to reproduce the compilation error:\n      cargo new --lib example &&\n          cd example &&\n          echo '[workspace]' >> Cargo.toml &&\n          cargo add --path /home/runner/check/batch_2/Starry-OS/Starry-New/modules/axsignal --no-default-features --features default &&\n          cargo check\n\nerror: aborting due to failure to build rustdoc for crate axsignal v0.1.0\n"]}}]},{"user":"Starry-OS","repo":"Starry-New","pkg":"axstd","count":3,"raw_reports":[{"file":"(virtual) semver-checks","count":1,"kinds":{"Cargo":["// pkg_name=axstd, checker=SemverChecks\n// toolchain=nightly-2024-05-02, target=aarch64-unknown-none-softfloat\n// pkg_dir=/home/runner/check/batch_2/Starry-OS/Starry-New/ulib/axstd\n// cmd=cargo +nightly-2024-10-12-x86_64-unknown-linux-gnu semver-checks --target aarch64-unknown-none-softfloat\n     Parsing axstd v0.1.0 (current)\nerror: running cargo-doc on crate axstd failed with output:\n-----\nerror: output of --print=file-names missing when learning about target-specific information from rustc\ncommand was: `/home/runner/.rustup/toolchains/nightly-2024-10-12-x86_64-unknown-linux-gnu/bin/rustc - --crate-name ___ --print=file-names --cap-lints=allow --target aarch64-unknown-none-softfloat --crate-type bin --crate-type rlib --crate-type dylib --crate-type cdylib --crate-type staticlib --crate-type proc-macro --print=sysroot --print=split-debuginfo --print=crate-name --print=cfg`\n\n--- stdout\n___\nlib___.rlib\nlib___.a\n/home/runner/.rustup/toolchains/nightly-2024-10-12-x86_64-unknown-linux-gnu\noff\n___\ndebug_assertions\nfmt_debug=\"full\"\noverflow_checks\npanic=\"abort\"\nproc_macro\nrelocation_model=\"static\"\ntarget_abi=\"softfloat\"\ntarget_arch=\"aarch64\"\ntarget_endian=\"little\"\ntarget_env=\"\"\ntarget_has_atomic\ntarget_has_atomic=\"128\"\ntarget_has_atomic=\"16\"\ntarget_has_atomic=\"32\"\ntarget_has_atomic=\"64\"\ntarget_has_atomic=\"8\"\ntarget_has_atomic=\"ptr\"\ntarget_has_atomic_equal_alignment=\"128\"\ntarget_has_atomic_equal_alignment=\"16\"\ntarget_has_atomic_equal_alignment=\"32\"\ntarget_has_atomic_equal_alignment=\"64\"\ntarget_has_atomic_equal_alignment=\"8\"\ntarget_has_atomic_equal_alignment=\"ptr\"\ntarget_has_atomic_load_store\ntarget_has_atomic_load_store=\"128\"\ntarget_has_atomic_load_store=\"16\"\ntarget_has_atomic_load_store=\"32\"\ntarget_has_atomic_load_store=\"64\"\ntarget_has_atomic_load_store=\"8\"\ntarget_has_atomic_load_store=\"ptr\"\ntarget_os=\"none\"\ntarget_pointer_width=\"64\"\ntarget_vendor=\"unknown\"\nub_checks\n\n\n-----\n\nerror: failed to build rustdoc for crate axstd v0.1.0\nnote: this is usually due to a compilation error in the crate,\n      and is unlikely to be a bug in cargo-semver-checks\nnote: the following command can be used to reproduce the compilation error:\n      cargo new --lib example &&\n          cd example &&\n          echo '[workspace]' >> Cargo.toml &&\n          cargo add --path /home/runner/check/batch_2/Starry-OS/Starry-New/ulib/axstd --no-default-features --features alloc,alloc-buddy,alloc-slab,alloc-tlsf,bus-mmio,bus-pci,default,display,dns,driver-bcm2835-sdhci,driver-ixgbe,driver-ramdisk,fatfs,fp_simd,fs,irq,log-level-debug,log-level-error,log-level-info,log-level-off,log-level-trace,log-level-warn,lwext4_rust,multitask,myfs,net,paging,sched_cfs,sched_fifo,sched_rr,smp,tls &&\n          cargo check\n\nerror: aborting due to failure to build rustdoc for crate axstd v0.1.0\n"]}},{"file":"[lockbud] Not supported to display yet.","count":1,"kinds":{"Lockbud(Possibly)":["[2024-12-02T20:38:54Z WARN  lockbud::callbacks] [\n      {\n        \"AtomicityViolation\": {\n          \"bug_kind\": \"AtomicityViolation\",\n          \"possibility\": \"Possibly\",\n          \"diagnosis\": {\n            \"fn_name\": \"set_logger_racy\",\n            \"atomic_reader\": \"/home/runner/.cargo/registry/src/index.crates.io-6f17d22bba15001f/log-0.4.21/src/lib.rs:1408:11: 1408:39 (#0)\",\n            \"atomic_writer\": \"/home/runner/.cargo/registry/src/index.crates.io-6f17d22bba15001f/log-0.4.21/src/lib.rs:1411:13: 1411:55 (#0)\",\n            \"dep_kind\": \"Control\"\n          },\n          \"explanation\": \"atomic::store is data/control dependent on atomic::load\"\n        }\n      }\n    ]\n[2024-12-02T20:38:54Z WARN  lockbud::callbacks] crate log contains bugs: { probably: 0, possibly: 0 }, conflictlock: { probably: 0, possibly: 0 }, condvar_deadlock: { probably: 0, possibly: 0 }, atomicity_violation: { possibly: 1 }, invalid_free: { possibly: 0 }, use_after_free: { possibly: 0 }"]}},{"file":"[semver checks]","count":1,"kinds":{"Semver Violation":["pkg=axstd, checker=SemverChecks\ntoolchain=nightly-2024-05-02, target=aarch64-unknown-none-softfloat\npkg_dir=/home/runner/check/batch_2/Starry-OS/Starry-New/ulib/axstd\ncmd=cargo +nightly-2024-10-12-x86_64-unknown-linux-gnu semver-checks --target aarch64-unknown-none-softfloat\n\n\nstdout:\n\nstderr:\n     Parsing axstd v0.1.0 (current)\nerror: running cargo-doc on crate axstd failed with output:\n-----\nerror: output of --print=file-names missing when learning about target-specific information from rustc\ncommand was: `/home/runner/.rustup/toolchains/nightly-2024-10-12-x86_64-unknown-linux-gnu/bin/rustc - --crate-name ___ --print=file-names --cap-lints=allow --target aarch64-unknown-none-softfloat --crate-type bin --crate-type rlib --crate-type dylib --crate-type cdylib --crate-type staticlib --crate-type proc-macro --print=sysroot --print=split-debuginfo --print=crate-name --print=cfg`\n\n--- stdout\n___\nlib___.rlib\nlib___.a\n/home/runner/.rustup/toolchains/nightly-2024-10-12-x86_64-unknown-linux-gnu\noff\n___\ndebug_assertions\nfmt_debug=\"full\"\noverflow_checks\npanic=\"abort\"\nproc_macro\nrelocation_model=\"static\"\ntarget_abi=\"softfloat\"\ntarget_arch=\"aarch64\"\ntarget_endian=\"little\"\ntarget_env=\"\"\ntarget_has_atomic\ntarget_has_atomic=\"128\"\ntarget_has_atomic=\"16\"\ntarget_has_atomic=\"32\"\ntarget_has_atomic=\"64\"\ntarget_has_atomic=\"8\"\ntarget_has_atomic=\"ptr\"\ntarget_has_atomic_equal_alignment=\"128\"\ntarget_has_atomic_equal_alignment=\"16\"\ntarget_has_atomic_equal_alignment=\"32\"\ntarget_has_atomic_equal_alignment=\"64\"\ntarget_has_atomic_equal_alignment=\"8\"\ntarget_has_atomic_equal_alignment=\"ptr\"\ntarget_has_atomic_load_store\ntarget_has_atomic_load_store=\"128\"\ntarget_has_atomic_load_store=\"16\"\ntarget_has_atomic_load_store=\"32\"\ntarget_has_atomic_load_store=\"64\"\ntarget_has_atomic_load_store=\"8\"\ntarget_has_atomic_load_store=\"ptr\"\ntarget_os=\"none\"\ntarget_pointer_width=\"64\"\ntarget_vendor=\"unknown\"\nub_checks\n\n\n-----\n\nerror: failed to build rustdoc for crate axstd v0.1.0\nnote: this is usually due to a compilation error in the crate,\n      and is unlikely to be a bug in cargo-semver-checks\nnote: the following command can be used to reproduce the compilation error:\n      cargo new --lib example &&\n          cd example &&\n          echo '[workspace]' >> Cargo.toml &&\n          cargo add --path /home/runner/check/batch_2/Starry-OS/Starry-New/ulib/axstd --no-default-features --features alloc,alloc-buddy,alloc-slab,alloc-tlsf,bus-mmio,bus-pci,default,display,dns,driver-bcm2835-sdhci,driver-ixgbe,driver-ramdisk,fatfs,fp_simd,fs,irq,log-level-debug,log-level-error,log-level-info,log-level-off,log-level-trace,log-level-warn,lwext4_rust,multitask,myfs,net,paging,sched_cfs,sched_fifo,sched_rr,smp,tls &&\n          cargo check\n\nerror: aborting due to failure to build rustdoc for crate axstd v0.1.0\n"]}}]},{"user":"Starry-OS","repo":"Starry-New","pkg":"axsync","count":3,"raw_reports":[{"file":"(virtual) semver-checks","count":1,"kinds":{"Cargo":["// pkg_name=axsync, checker=SemverChecks\n// toolchain=nightly-2024-05-02, target=aarch64-unknown-none-softfloat\n// pkg_dir=/home/runner/check/batch_2/Starry-OS/Starry-New/modules/axsync\n// cmd=cargo +nightly-2024-10-12-x86_64-unknown-linux-gnu semver-checks --target aarch64-unknown-none-softfloat\n     Parsing axsync v0.1.0 (current)\nerror: running cargo-doc on crate axsync failed with output:\n-----\nerror: output of --print=file-names missing when learning about target-specific information from rustc\ncommand was: `/home/runner/.rustup/toolchains/nightly-2024-10-12-x86_64-unknown-linux-gnu/bin/rustc - --crate-name ___ --print=file-names --cap-lints=allow --target aarch64-unknown-none-softfloat --crate-type bin --crate-type rlib --crate-type dylib --crate-type cdylib --crate-type staticlib --crate-type proc-macro --print=sysroot --print=split-debuginfo --print=crate-name --print=cfg`\n\n--- stdout\n___\nlib___.rlib\nlib___.a\n/home/runner/.rustup/toolchains/nightly-2024-10-12-x86_64-unknown-linux-gnu\noff\n___\ndebug_assertions\nfmt_debug=\"full\"\noverflow_checks\npanic=\"abort\"\nproc_macro\nrelocation_model=\"static\"\ntarget_abi=\"softfloat\"\ntarget_arch=\"aarch64\"\ntarget_endian=\"little\"\ntarget_env=\"\"\ntarget_has_atomic\ntarget_has_atomic=\"128\"\ntarget_has_atomic=\"16\"\ntarget_has_atomic=\"32\"\ntarget_has_atomic=\"64\"\ntarget_has_atomic=\"8\"\ntarget_has_atomic=\"ptr\"\ntarget_has_atomic_equal_alignment=\"128\"\ntarget_has_atomic_equal_alignment=\"16\"\ntarget_has_atomic_equal_alignment=\"32\"\ntarget_has_atomic_equal_alignment=\"64\"\ntarget_has_atomic_equal_alignment=\"8\"\ntarget_has_atomic_equal_alignment=\"ptr\"\ntarget_has_atomic_load_store\ntarget_has_atomic_load_store=\"128\"\ntarget_has_atomic_load_store=\"16\"\ntarget_has_atomic_load_store=\"32\"\ntarget_has_atomic_load_store=\"64\"\ntarget_has_atomic_load_store=\"8\"\ntarget_has_atomic_load_store=\"ptr\"\ntarget_os=\"none\"\ntarget_pointer_width=\"64\"\ntarget_vendor=\"unknown\"\nub_checks\n\n\n-----\n\nerror: failed to build rustdoc for crate axsync v0.1.0\nnote: this is usually due to a compilation error in the crate,\n      and is unlikely to be a bug in cargo-semver-checks\nnote: the following command can be used to reproduce the compilation error:\n      cargo new --lib example &&\n          cd example &&\n          echo '[workspace]' >> Cargo.toml &&\n          cargo add --path /home/runner/check/batch_2/Starry-OS/Starry-New/modules/axsync --no-default-features --features default,irq,multitask &&\n          cargo check\n\nerror: aborting due to failure to build rustdoc for crate axsync v0.1.0\n"]}},{"file":"[lockbud] Not supported to display yet.","count":1,"kinds":{"Lockbud(Possibly)":["[2024-12-02T20:38:54Z WARN  lockbud::callbacks] [\n      {\n        \"AtomicityViolation\": {\n          \"bug_kind\": \"AtomicityViolation\",\n          \"possibility\": \"Possibly\",\n          \"diagnosis\": {\n            \"fn_name\": \"set_logger_racy\",\n            \"atomic_reader\": \"/home/runner/.cargo/registry/src/index.crates.io-6f17d22bba15001f/log-0.4.21/src/lib.rs:1408:11: 1408:39 (#0)\",\n            \"atomic_writer\": \"/home/runner/.cargo/registry/src/index.crates.io-6f17d22bba15001f/log-0.4.21/src/lib.rs:1411:13: 1411:55 (#0)\",\n            \"dep_kind\": \"Control\"\n          },\n          \"explanation\": \"atomic::store is data/control dependent on atomic::load\"\n        }\n      }\n    ]\n[2024-12-02T20:38:54Z WARN  lockbud::callbacks] crate log contains bugs: { probably: 0, possibly: 0 }, conflictlock: { probably: 0, possibly: 0 }, condvar_deadlock: { probably: 0, possibly: 0 }, atomicity_violation: { possibly: 1 }, invalid_free: { possibly: 0 }, use_after_free: { possibly: 0 }"]}},{"file":"[semver checks]","count":1,"kinds":{"Semver Violation":["pkg=axsync, checker=SemverChecks\ntoolchain=nightly-2024-05-02, target=aarch64-unknown-none-softfloat\npkg_dir=/home/runner/check/batch_2/Starry-OS/Starry-New/modules/axsync\ncmd=cargo +nightly-2024-10-12-x86_64-unknown-linux-gnu semver-checks --target aarch64-unknown-none-softfloat\n\n\nstdout:\n\nstderr:\n     Parsing axsync v0.1.0 (current)\nerror: running cargo-doc on crate axsync failed with output:\n-----\nerror: output of --print=file-names missing when learning about target-specific information from rustc\ncommand was: `/home/runner/.rustup/toolchains/nightly-2024-10-12-x86_64-unknown-linux-gnu/bin/rustc - --crate-name ___ --print=file-names --cap-lints=allow --target aarch64-unknown-none-softfloat --crate-type bin --crate-type rlib --crate-type dylib --crate-type cdylib --crate-type staticlib --crate-type proc-macro --print=sysroot --print=split-debuginfo --print=crate-name --print=cfg`\n\n--- stdout\n___\nlib___.rlib\nlib___.a\n/home/runner/.rustup/toolchains/nightly-2024-10-12-x86_64-unknown-linux-gnu\noff\n___\ndebug_assertions\nfmt_debug=\"full\"\noverflow_checks\npanic=\"abort\"\nproc_macro\nrelocation_model=\"static\"\ntarget_abi=\"softfloat\"\ntarget_arch=\"aarch64\"\ntarget_endian=\"little\"\ntarget_env=\"\"\ntarget_has_atomic\ntarget_has_atomic=\"128\"\ntarget_has_atomic=\"16\"\ntarget_has_atomic=\"32\"\ntarget_has_atomic=\"64\"\ntarget_has_atomic=\"8\"\ntarget_has_atomic=\"ptr\"\ntarget_has_atomic_equal_alignment=\"128\"\ntarget_has_atomic_equal_alignment=\"16\"\ntarget_has_atomic_equal_alignment=\"32\"\ntarget_has_atomic_equal_alignment=\"64\"\ntarget_has_atomic_equal_alignment=\"8\"\ntarget_has_atomic_equal_alignment=\"ptr\"\ntarget_has_atomic_load_store\ntarget_has_atomic_load_store=\"128\"\ntarget_has_atomic_load_store=\"16\"\ntarget_has_atomic_load_store=\"32\"\ntarget_has_atomic_load_store=\"64\"\ntarget_has_atomic_load_store=\"8\"\ntarget_has_atomic_load_store=\"ptr\"\ntarget_os=\"none\"\ntarget_pointer_width=\"64\"\ntarget_vendor=\"unknown\"\nub_checks\n\n\n-----\n\nerror: failed to build rustdoc for crate axsync v0.1.0\nnote: this is usually due to a compilation error in the crate,\n      and is unlikely to be a bug in cargo-semver-checks\nnote: the following command can be used to reproduce the compilation error:\n      cargo new --lib example &&\n          cd example &&\n          echo '[workspace]' >> Cargo.toml &&\n          cargo add --path /home/runner/check/batch_2/Starry-OS/Starry-New/modules/axsync --no-default-features --features default,irq,multitask &&\n          cargo check\n\nerror: aborting due to failure to build rustdoc for crate axsync v0.1.0\n"]}}]},{"user":"Starry-OS","repo":"Starry-New","pkg":"axconfig","count":2,"raw_reports":[{"file":"(virtual) semver-checks","count":1,"kinds":{"Cargo":["// pkg_name=axconfig, checker=SemverChecks\n// toolchain=nightly-2024-05-02, target=aarch64-unknown-none-softfloat\n// pkg_dir=/home/runner/check/batch_2/Starry-OS/Starry-New/modules/axconfig\n// cmd=cargo +nightly-2024-10-12-x86_64-unknown-linux-gnu semver-checks --target aarch64-unknown-none-softfloat\n     Parsing axconfig v0.1.0 (current)\nerror: running cargo-doc on crate axconfig failed with output:\n-----\nerror: output of --print=file-names missing when learning about target-specific information from rustc\ncommand was: `/home/runner/.rustup/toolchains/nightly-2024-10-12-x86_64-unknown-linux-gnu/bin/rustc - --crate-name ___ --print=file-names --cap-lints=allow --target aarch64-unknown-none-softfloat --crate-type bin --crate-type rlib --crate-type dylib --crate-type cdylib --crate-type staticlib --crate-type proc-macro --print=sysroot --print=split-debuginfo --print=crate-name --print=cfg`\n\n--- stdout\n___\nlib___.rlib\nlib___.a\n/home/runner/.rustup/toolchains/nightly-2024-10-12-x86_64-unknown-linux-gnu\noff\n___\ndebug_assertions\nfmt_debug=\"full\"\noverflow_checks\npanic=\"abort\"\nproc_macro\nrelocation_model=\"static\"\ntarget_abi=\"softfloat\"\ntarget_arch=\"aarch64\"\ntarget_endian=\"little\"\ntarget_env=\"\"\ntarget_has_atomic\ntarget_has_atomic=\"128\"\ntarget_has_atomic=\"16\"\ntarget_has_atomic=\"32\"\ntarget_has_atomic=\"64\"\ntarget_has_atomic=\"8\"\ntarget_has_atomic=\"ptr\"\ntarget_has_atomic_equal_alignment=\"128\"\ntarget_has_atomic_equal_alignment=\"16\"\ntarget_has_atomic_equal_alignment=\"32\"\ntarget_has_atomic_equal_alignment=\"64\"\ntarget_has_atomic_equal_alignment=\"8\"\ntarget_has_atomic_equal_alignment=\"ptr\"\ntarget_has_atomic_load_store\ntarget_has_atomic_load_store=\"128\"\ntarget_has_atomic_load_store=\"16\"\ntarget_has_atomic_load_store=\"32\"\ntarget_has_atomic_load_store=\"64\"\ntarget_has_atomic_load_store=\"8\"\ntarget_has_atomic_load_store=\"ptr\"\ntarget_os=\"none\"\ntarget_pointer_width=\"64\"\ntarget_vendor=\"unknown\"\nub_checks\n\n\n-----\n\nerror: failed to build rustdoc for crate axconfig v0.1.0\nnote: this is usually due to a compilation error in the crate,\n      and is unlikely to be a bug in cargo-semver-checks\nnote: the following command can be used to reproduce the compilation error:\n      cargo new --lib example &&\n          cd example &&\n          echo '[workspace]' >> Cargo.toml &&\n          cargo add --path /home/runner/check/batch_2/Starry-OS/Starry-New/modules/axconfig --no-default-features &&\n          cargo check\n\nerror: aborting due to failure to build rustdoc for crate axconfig v0.1.0\n"]}},{"file":"[semver checks]","count":1,"kinds":{"Semver Violation":["pkg=axconfig, checker=SemverChecks\ntoolchain=nightly-2024-05-02, target=aarch64-unknown-none-softfloat\npkg_dir=/home/runner/check/batch_2/Starry-OS/Starry-New/modules/axconfig\ncmd=cargo +nightly-2024-10-12-x86_64-unknown-linux-gnu semver-checks --target aarch64-unknown-none-softfloat\n\n\nstdout:\n\nstderr:\n     Parsing axconfig v0.1.0 (current)\nerror: running cargo-doc on crate axconfig failed with output:\n-----\nerror: output of --print=file-names missing when learning about target-specific information from rustc\ncommand was: `/home/runner/.rustup/toolchains/nightly-2024-10-12-x86_64-unknown-linux-gnu/bin/rustc - --crate-name ___ --print=file-names --cap-lints=allow --target aarch64-unknown-none-softfloat --crate-type bin --crate-type rlib --crate-type dylib --crate-type cdylib --crate-type staticlib --crate-type proc-macro --print=sysroot --print=split-debuginfo --print=crate-name --print=cfg`\n\n--- stdout\n___\nlib___.rlib\nlib___.a\n/home/runner/.rustup/toolchains/nightly-2024-10-12-x86_64-unknown-linux-gnu\noff\n___\ndebug_assertions\nfmt_debug=\"full\"\noverflow_checks\npanic=\"abort\"\nproc_macro\nrelocation_model=\"static\"\ntarget_abi=\"softfloat\"\ntarget_arch=\"aarch64\"\ntarget_endian=\"little\"\ntarget_env=\"\"\ntarget_has_atomic\ntarget_has_atomic=\"128\"\ntarget_has_atomic=\"16\"\ntarget_has_atomic=\"32\"\ntarget_has_atomic=\"64\"\ntarget_has_atomic=\"8\"\ntarget_has_atomic=\"ptr\"\ntarget_has_atomic_equal_alignment=\"128\"\ntarget_has_atomic_equal_alignment=\"16\"\ntarget_has_atomic_equal_alignment=\"32\"\ntarget_has_atomic_equal_alignment=\"64\"\ntarget_has_atomic_equal_alignment=\"8\"\ntarget_has_atomic_equal_alignment=\"ptr\"\ntarget_has_atomic_load_store\ntarget_has_atomic_load_store=\"128\"\ntarget_has_atomic_load_store=\"16\"\ntarget_has_atomic_load_store=\"32\"\ntarget_has_atomic_load_store=\"64\"\ntarget_has_atomic_load_store=\"8\"\ntarget_has_atomic_load_store=\"ptr\"\ntarget_os=\"none\"\ntarget_pointer_width=\"64\"\ntarget_vendor=\"unknown\"\nub_checks\n\n\n-----\n\nerror: failed to build rustdoc for crate axconfig v0.1.0\nnote: this is usually due to a compilation error in the crate,\n      and is unlikely to be a bug in cargo-semver-checks\nnote: the following command can be used to reproduce the compilation error:\n      cargo new --lib example &&\n          cd example &&\n          echo '[workspace]' >> Cargo.toml &&\n          cargo add --path /home/runner/check/batch_2/Starry-OS/Starry-New/modules/axconfig --no-default-features &&\n          cargo check\n\nerror: aborting due to failure to build rustdoc for crate axconfig v0.1.0\n"]}}]},{"user":"Starry-OS","repo":"Starry-New","pkg":"arceos-bwbench","count":1,"raw_reports":[{"file":"[lockbud] Not supported to display yet.","count":1,"kinds":{"Lockbud(Possibly)":["[2024-12-02T20:38:54Z WARN  lockbud::callbacks] [\n      {\n        \"AtomicityViolation\": {\n          \"bug_kind\": \"AtomicityViolation\",\n          \"possibility\": \"Possibly\",\n          \"diagnosis\": {\n            \"fn_name\": \"set_logger_racy\",\n            \"atomic_reader\": \"/home/runner/.cargo/registry/src/index.crates.io-6f17d22bba15001f/log-0.4.21/src/lib.rs:1408:11: 1408:39 (#0)\",\n            \"atomic_writer\": \"/home/runner/.cargo/registry/src/index.crates.io-6f17d22bba15001f/log-0.4.21/src/lib.rs:1411:13: 1411:55 (#0)\",\n            \"dep_kind\": \"Control\"\n          },\n          \"explanation\": \"atomic::store is data/control dependent on atomic::load\"\n        }\n      }\n    ]\n[2024-12-02T20:38:54Z WARN  lockbud::callbacks] crate log contains bugs: { probably: 0, possibly: 0 }, conflictlock: { probably: 0, possibly: 0 }, condvar_deadlock: { probably: 0, possibly: 0 }, atomicity_violation: { possibly: 1 }, invalid_free: { possibly: 0 }, use_after_free: { possibly: 0 }\n[2024-12-02T20:38:59Z WARN  lockbud::callbacks] [\n      {\n        \"ConflictLock\": {\n          \"bug_kind\": \"ConflictLock\",\n          \"possibility\": \"Possibly\",\n          \"diagnosis\": [\n            {\n              \"first_lock_type\": \"SpinWrite(core::option::Option<smoltcp::wire::IpEndpoint>)\",\n              \"first_lock_span\": \"modules/axnet/src/smoltcp_impl/udp.rs:189:13: 189:31 (#0)\",\n              \"second_lock_type\": \"SpinWrite(core::option::Option<smoltcp::wire::IpEndpoint>)\",\n              \"second_lock_span\": \"modules/axnet/src/smoltcp_impl/udp.rs:105:13: 105:32 (#0)\",\n              \"callchains\": [\n                [\n                  [\n                    \"modules/axnet/src/smoltcp_impl/udp.rs:192:13: 192:64 (#0)\"\n                  ]\n                ]\n              ]\n            },\n            {\n              \"first_lock_type\": \"SpinWrite(core::option::Option<smoltcp::wire::IpEndpoint>)\",\n              \"first_lock_span\": \"modules/axnet/src/smoltcp_impl/udp.rs:189:13: 189:31 (#0)\",\n              \"second_lock_type\": \"SpinWrite(core::option::Option<smoltcp::wire::IpEndpoint>)\",\n              \"second_lock_span\": \"modules/axnet/src/smoltcp_impl/udp.rs:105:13: 105:32 (#0)\",\n              \"callchains\": [\n                [\n                  [\n                    \"modules/axnet/src/smoltcp_impl/udp.rs:192:13: 192:64 (#0)\"\n                  ]\n                ]\n              ]\n            }\n          ],\n          \"explanation\": \"Locks mutually wait for each other to form a cycle\"\n        }\n      }\n    ]\n[2024-12-02T20:38:59Z WARN  lockbud::callbacks] crate axnet contains bugs: { probably: 0, possibly: 0 }, conflictlock: { probably: 0, possibly: 1 }, condvar_deadlock: { probably: 0, possibly: 0 }, atomicity_violation: { possibly: 0 }, invalid_free: { possibly: 0 }, use_after_free: { possibly: 0 }"]}}]}],"kinds_order":["Cargo","Clippy(Error)","Clippy(Warn)","Semver Violation","Audit","Mirai","Rap","Rudra","Lockbud(Probably)","Lockbud(Possibly)","Outdated","Geiger","Unformatted"]}