{
  "repo": {
    "user": "shilei-massclouds",
    "repo": "driver_virtio"
  },
  "data": [
    {
      "user": "shilei-massclouds",
      "repo": "driver_virtio",
      "pkg": "rt_driver_virtio",
      "count": 18,
      "raw_reports": [
        {
          "file": "src/main.rs",
          "features": "",
          "count": 12,
          "kinds": {
            "Unformatted": [
              "file: /home/runner/check/batch_58/shilei-massclouds/driver_virtio/rt_driver_virtio/src/main.rs (original lines from 10 to 10)\n-use driver_common::{BaseDriverOps, DeviceType};\n",
              "file: /home/runner/check/batch_58/shilei-massclouds/driver_virtio/rt_driver_virtio/src/main.rs (original lines from 12 to 12)\n+use driver_common::{BaseDriverOps, DeviceType};\n",
              "file: /home/runner/check/batch_58/shilei-massclouds/driver_virtio/rt_driver_virtio/src/main.rs (original lines from 13 to 14)\n-const DISK_SIZE: usize = 0x1000_0000;    // 256M\n-const BLOCK_SIZE: usize = 0x200;        // 512\n+const DISK_SIZE: usize = 0x1000_0000; // 256M\n+const BLOCK_SIZE: usize = 0x200; // 512\n",
              "file: /home/runner/check/batch_58/shilei-massclouds/driver_virtio/rt_driver_virtio/src/main.rs (original lines from 47 to 47)\n-    assert_eq!(disk.num_blocks() as usize, DISK_SIZE/BLOCK_SIZE);\n+    assert_eq!(disk.num_blocks() as usize, DISK_SIZE / BLOCK_SIZE);\n",
              "file: /home/runner/check/batch_58/shilei-massclouds/driver_virtio/rt_driver_virtio/src/main.rs (original lines from 10 to 10)\n-use driver_common::{BaseDriverOps, DeviceType};\n",
              "file: /home/runner/check/batch_58/shilei-massclouds/driver_virtio/rt_driver_virtio/src/main.rs (original lines from 12 to 12)\n+use driver_common::{BaseDriverOps, DeviceType};\n",
              "file: /home/runner/check/batch_58/shilei-massclouds/driver_virtio/rt_driver_virtio/src/main.rs (original lines from 13 to 14)\n-const DISK_SIZE: usize = 0x1000_0000;    // 256M\n-const BLOCK_SIZE: usize = 0x200;        // 512\n+const DISK_SIZE: usize = 0x1000_0000; // 256M\n+const BLOCK_SIZE: usize = 0x200; // 512\n",
              "file: /home/runner/check/batch_58/shilei-massclouds/driver_virtio/rt_driver_virtio/src/main.rs (original lines from 47 to 47)\n-    assert_eq!(disk.num_blocks() as usize, DISK_SIZE/BLOCK_SIZE);\n+    assert_eq!(disk.num_blocks() as usize, DISK_SIZE / BLOCK_SIZE);\n",
              "file: /home/runner/check/batch_58/shilei-massclouds/driver_virtio/rt_driver_virtio/src/main.rs (original lines from 10 to 10)\n-use driver_common::{BaseDriverOps, DeviceType};\n",
              "file: /home/runner/check/batch_58/shilei-massclouds/driver_virtio/rt_driver_virtio/src/main.rs (original lines from 12 to 12)\n+use driver_common::{BaseDriverOps, DeviceType};\n",
              "file: /home/runner/check/batch_58/shilei-massclouds/driver_virtio/rt_driver_virtio/src/main.rs (original lines from 13 to 14)\n-const DISK_SIZE: usize = 0x1000_0000;    // 256M\n-const BLOCK_SIZE: usize = 0x200;        // 512\n+const DISK_SIZE: usize = 0x1000_0000; // 256M\n+const BLOCK_SIZE: usize = 0x200; // 512\n",
              "file: /home/runner/check/batch_58/shilei-massclouds/driver_virtio/rt_driver_virtio/src/main.rs (original lines from 47 to 47)\n-    assert_eq!(disk.num_blocks() as usize, DISK_SIZE/BLOCK_SIZE);\n+    assert_eq!(disk.num_blocks() as usize, DISK_SIZE / BLOCK_SIZE);\n"
            ]
          }
        },
        {
          "file": "(virtual) lockbud",
          "features": "",
          "count": 3,
          "kinds": {
            "Cargo": [
              "// pkg_name=rt_driver_virtio, checker=Lockbud\n// toolchain=nightly-2024-01-18, target=x86_64-unknown-none\n// features=\n// pkg_dir=/home/runner/check/batch_8/shilei-massclouds/driver_virtio/rt_driver_virtio\n// cmd=cargo +nightly-2025-02-01 lockbud -k all -- --target x86_64-unknown-none \n// timestamp=2025-03-07 21:15:13.832453362 +08:00:00\n   Compiling bit_field v0.10.2\n   Compiling cfg-if v1.0.0\n[2025-03-07T13:15:04Z WARN  lockbud::callbacks] [\n      {\n        \"AtomicityViolation\": {\n          \"bug_kind\": \"AtomicityViolation\",\n          \"possibility\": \"Possibly\",\n          \"diagnosis\": {\n            \"fn_name\": \"set_logger_racy\",\n            \"atomic_reader\": \"/home/runner/.cargo/registry/src/index.crates.io-1949cf8c6b5b557f/log-0.4.26/src/lib.rs:1455:11: 1455:40 (#0)\",\n            \"atomic_writer\": \"/home/runner/.cargo/registry/src/index.crates.io-1949cf8c6b5b557f/log-0.4.26/src/lib.rs:1458:13: 1458:56 (#0)\",\n            \"dep_kind\": \"Control\"\n          },\n          \"explanation\": \"atomic::store is data/control dependent on atomic::load\"\n        }\n      }\n    ]\n[2025-03-07T13:15:04Z WARN  lockbud::callbacks] crate log contains bugs: { probably: 0, possibly: 0 }, conflictlock: { probably: 0, possibly: 0 }, condvar_deadlock: { probably: 0, possibly: 0 }, atomicity_violation: { possibly: 1 }, invalid_free: { possibly: 0 }, use_after_free: { possibly: 0 }\n   Compiling rustversion v1.0.20\n   Compiling bitflags v2.9.0\n   Compiling axconfig v0.1.0 (ssh://git@github.com/shilei-massclouds/axconfig.git#51b81e4a)\n   Compiling volatile v0.4.6\n   Compiling raw-cpuid v10.7.0\n   Compiling x86 v0.52.0\n   Compiling paste v1.0.15\n   Compiling kernel_guard_base v0.1.0 (ssh://git@github.com/shilei-massclouds/kernel_guard_base#4e672f3e)\n   Compiling early_console v0.1.0 (ssh://git@github.com/shilei-massclouds/early_console.git#8bc0d219)\n   Compiling spinbase v0.1.0 (ssh://git@github.com/shilei-massclouds/spinbase#a3496db8)\n   Compiling bit v0.1.1\n   Compiling percpu2 v0.1.0 (ssh://git@github.com/shilei-massclouds/percpu2#2fa7f00e)\n   Compiling axerrno v0.1.0 (ssh://git@github.com/shilei-massclouds/axerrno#892169aa)\n   Compiling raw-cpuid v11.5.0\n   Compiling x86_64 v0.14.13\n   Compiling axhal v0.1.0 (ssh://git@github.com/shilei-massclouds/axhal.git#db90ff50)\n   Compiling ratio v0.1.0 (ssh://git@github.com/shilei-massclouds/ratio#bc2f2303)\n   Compiling static_assertions v1.1.0\n   Compiling memory_addr v0.1.0 (ssh://git@github.com/shilei-massclouds/memory_addr#8d24a00e)\n   Compiling lazy_init v0.1.0 (ssh://git@github.com/shilei-massclouds/lazy_init#3cee00cf)\n   Compiling const-default v1.0.0\n   Compiling rlsf v0.2.1\n   Compiling zerocopy v0.6.6\n   Compiling bitmap-allocator v0.1.0 (https://github.com/rcore-os/bitmap-allocator.git?rev=88e871a#88e871a5)\nerror[E0432]: unresolved imports `platform::getchar`, `platform::putchar`\n  --> /home/runner/.cargo/git/checkouts/early_console-27aa013ee5514833/8bc0d21/early_console/src/lib.rs:12:20\n   |\n12 | pub use platform::{getchar, putchar};\n   |                    ^^^^^^^  ^^^^^^^ no `putchar` in `platform`\n   |                    |\n   |                    no `getchar` in `platform`\n\nerror[E0433]: failed to resolve: unresolved import\n  --> /home/runner/.cargo/git/checkouts/early_console-27aa013ee5514833/8bc0d21/early_console/src/platform/dummy/mod.rs:31:69\n   |\n31 |     pub(crate) fn platform_regions() -> impl Iterator<Item = crate::mem::MemRegion> {\n   |                                                                     ^^^\n   |                                                                     |\n   |                                                                     unresolved import\n   |                                                                     help: a similar path exists: `core::mem`\n\nerror[E0425]: cannot find function `console_init` in module `platform`\n  --> /home/runner/.cargo/git/checkouts/early_console-27aa013ee5514833/8bc0d21/early_console/src/lib.rs:17:15\n   |\n17 |     platform::console_init();\n   |               ^^^^^^^^^^^^ not found in `platform`\n\nerror[E0425]: cannot find function `putchar` in module `platform`\n  --> /home/runner/.cargo/git/checkouts/early_console-27aa013ee5514833/8bc0d21/early_console/src/lib.rs:23:19\n   |\n23 |         platform::putchar(*c);\n   |                   ^^^^^^^ not found in `platform`\n   |\nhelp: consider importing this function\n   |\n12 + use crate::platform::console::putchar;\n   |\nhelp: if you import `putchar`, refer to it directly\n   |\n23 -         platform::putchar(*c);\n23 +         putchar(*c);\n   |\n\nerror[E0425]: cannot find function `getchar` in module `platform`\n  --> /home/runner/.cargo/git/checkouts/early_console-27aa013ee5514833/8bc0d21/early_console/src/lib.rs:31:36\n   |\n31 |         if let Some(c) = platform::getchar() {\n   |                                    ^^^^^^^ not found in `platform`\n   |\nhelp: consider importing this function\n   |\n12 + use crate::platform::console::getchar;\n   |\nhelp: if you import `getchar`, refer to it directly\n   |\n31 -         if let Some(c) = platform::getchar() {\n31 +         if let Some(c) = getchar() {\n   |\n\nSome errors have detailed explanations: E0425, E0432, E0433.\nFor more information about an error, try `rustc --explain E0425`.\nerror: could not compile `early_console` (lib) due to 5 previous errors\nwarning: build failed, waiting for other jobs to finish...\n",
              "// pkg_name=rt_driver_virtio, checker=Lockbud\n// toolchain=nightly-2024-01-18, target=aarch64-unknown-none-softfloat\n// features=\n// pkg_dir=/home/runner/check/batch_8/shilei-massclouds/driver_virtio/rt_driver_virtio\n// cmd=cargo +nightly-2025-02-01 lockbud -k all -- --target aarch64-unknown-none-softfloat \n// timestamp=2025-03-07 21:15:05.797881273 +08:00:00\n   Compiling serde v1.0.218\n   Compiling equivalent v1.0.2\n   Compiling hashbrown v0.15.2\n   Compiling winnow v0.5.40\n   Compiling toml_datetime v0.6.8\n   Compiling cfg-if v1.0.0\n   Compiling syn v2.0.99\n   Compiling indexmap v2.7.1\n[2025-03-07T13:14:59Z WARN  lockbud::callbacks] [\n      {\n        \"AtomicityViolation\": {\n          \"bug_kind\": \"AtomicityViolation\",\n          \"possibility\": \"Possibly\",\n          \"diagnosis\": {\n            \"fn_name\": \"set_logger_racy\",\n            \"atomic_reader\": \"/home/runner/.cargo/registry/src/index.crates.io-1949cf8c6b5b557f/log-0.4.26/src/lib.rs:1455:11: 1455:40 (#0)\",\n            \"atomic_writer\": \"/home/runner/.cargo/registry/src/index.crates.io-1949cf8c6b5b557f/log-0.4.26/src/lib.rs:1458:13: 1458:56 (#0)\",\n            \"dep_kind\": \"Control\"\n          },\n          \"explanation\": \"atomic::store is data/control dependent on atomic::load\"\n        }\n      }\n    ]\n[2025-03-07T13:14:59Z WARN  lockbud::callbacks] crate log contains bugs: { probably: 0, possibly: 0 }, conflictlock: { probably: 0, possibly: 0 }, condvar_deadlock: { probably: 0, possibly: 0 }, atomicity_violation: { possibly: 1 }, invalid_free: { possibly: 0 }, use_after_free: { possibly: 0 }\n   Compiling bitflags v2.9.0\n   Compiling syn v1.0.109\n   Compiling kernel_guard_base v0.1.0 (ssh://git@github.com/shilei-massclouds/kernel_guard_base#4e672f3e)\n   Compiling axerrno v0.1.0 (ssh://git@github.com/shilei-massclouds/axerrno#892169aa)\n   Compiling toml_edit v0.19.15\n   Compiling tock-registers v0.8.1\n   Compiling percpu2 v0.1.0 (ssh://git@github.com/shilei-massclouds/percpu2#2fa7f00e)\n   Compiling aarch64-cpu v9.4.0\n   Compiling spinbase v0.1.0 (ssh://git@github.com/shilei-massclouds/spinbase#a3496db8)\n   Compiling base64 v0.13.1\n   Compiling unicode-width v0.1.14\n   Compiling bit_field v0.10.2\n   Compiling lazy_init v0.1.0 (ssh://git@github.com/shilei-massclouds/lazy_init#3cee00cf)\n   Compiling ratio v0.1.0 (ssh://git@github.com/shilei-massclouds/ratio#bc2f2303)\n   Compiling memory_addr v0.1.0 (ssh://git@github.com/shilei-massclouds/memory_addr#8d24a00e)\n   Compiling static_assertions v1.1.0\n   Compiling const-default v1.0.0\n   Compiling bitmap-allocator v0.1.0 (https://github.com/rcore-os/bitmap-allocator.git?rev=88e871a#88e871a5)\n   Compiling axconfig v0.1.0 (ssh://git@github.com/shilei-massclouds/axconfig.git#51b81e4a)\n   Compiling percpu_macros2 v0.1.0 (ssh://git@github.com/shilei-massclouds/percpu2#2fa7f00e)\n   Compiling zerocopy-derive v0.6.6\n   Compiling early_console v0.1.0 (ssh://git@github.com/shilei-massclouds/early_console.git#8bc0d219)\n   Compiling axhal v0.1.0 (ssh://git@github.com/shilei-massclouds/axhal.git#db90ff50)\nerror[E0583]: file not found for module `aarch64_common`\n --> /home/runner/.cargo/git/checkouts/early_console-27aa013ee5514833/8bc0d21/early_console/src/platform/mod.rs:5:9\n  |\n5 |         mod aarch64_common;\n  |         ^^^^^^^^^^^^^^^^^^^\n  |\n  = help: to create the module `aarch64_common`, create file \"/home/runner/.cargo/git/checkouts/early_console-27aa013ee5514833/8bc0d21/early_console/src/platform/aarch64_common.rs\" or \"/home/runner/.cargo/git/checkouts/early_console-27aa013ee5514833/8bc0d21/early_console/src/platform/aarch64_common/mod.rs\"\n  = note: if there is a `mod aarch64_common` elsewhere in the crate already, import it with `use crate::...` instead\n\nerror[E0432]: unresolved imports `platform::getchar`, `platform::putchar`\n  --> /home/runner/.cargo/git/checkouts/early_console-27aa013ee5514833/8bc0d21/early_console/src/lib.rs:12:20\n   |\n12 | pub use platform::{getchar, putchar};\n   |                    ^^^^^^^  ^^^^^^^ no `putchar` in `platform`\n   |                    |\n   |                    no `getchar` in `platform`\n\nerror[E0433]: failed to resolve: unresolved import\n  --> /home/runner/.cargo/git/checkouts/early_console-27aa013ee5514833/8bc0d21/early_console/src/platform/dummy/mod.rs:31:69\n   |\n31 |     pub(crate) fn platform_regions() -> impl Iterator<Item = crate::mem::MemRegion> {\n   |                                                                     ^^^\n   |                                                                     |\n   |                                                                     unresolved import\n   |                                                                     help: a similar path exists: `core::mem`\n\nerror[E0425]: cannot find function `putchar` in module `platform`\n  --> /home/runner/.cargo/git/checkouts/early_console-27aa013ee5514833/8bc0d21/early_console/src/lib.rs:23:19\n   |\n23 |         platform::putchar(*c);\n   |                   ^^^^^^^ not found in `platform`\n   |\nhelp: consider importing this function\n   |\n12 + use crate::platform::console::putchar;\n   |\nhelp: if you import `putchar`, refer to it directly\n   |\n23 -         platform::putchar(*c);\n23 +         putchar(*c);\n   |\n\nerror[E0425]: cannot find function `getchar` in module `platform`\n  --> /home/runner/.cargo/git/checkouts/early_console-27aa013ee5514833/8bc0d21/early_console/src/lib.rs:31:36\n   |\n31 |         if let Some(c) = platform::getchar() {\n   |                                    ^^^^^^^ not found in `platform`\n   |\nhelp: consider importing this function\n   |\n12 + use crate::platform::console::getchar;\n   |\nhelp: if you import `getchar`, refer to it directly\n   |\n31 -         if let Some(c) = platform::getchar() {\n31 +         if let Some(c) = getchar() {\n   |\n\nSome errors have detailed explanations: E0425, E0432, E0433, E0583.\nFor more information about an error, try `rustc --explain E0425`.\nerror: could not compile `early_console` (lib) due to 5 previous errors\nwarning: build failed, waiting for other jobs to finish...\n",
              "// pkg_name=rt_driver_virtio, checker=Lockbud\n// toolchain=nightly-2024-01-18, target=riscv64gc-unknown-none-elf\n// features=\n// pkg_dir=/home/runner/check/batch_8/shilei-massclouds/driver_virtio/rt_driver_virtio\n// cmd=cargo +nightly-2025-02-01 lockbud -k all -- --target riscv64gc-unknown-none-elf \n// timestamp=2025-03-07 21:15:12.995327166 +08:00:00\n   Compiling cfg-if v1.0.0\n[2025-03-07T13:15:03Z WARN  lockbud::callbacks] [\n      {\n        \"AtomicityViolation\": {\n          \"bug_kind\": \"AtomicityViolation\",\n          \"possibility\": \"Possibly\",\n          \"diagnosis\": {\n            \"fn_name\": \"set_logger_racy\",\n            \"atomic_reader\": \"/home/runner/.cargo/registry/src/index.crates.io-1949cf8c6b5b557f/log-0.4.26/src/lib.rs:1455:11: 1455:40 (#0)\",\n            \"atomic_writer\": \"/home/runner/.cargo/registry/src/index.crates.io-1949cf8c6b5b557f/log-0.4.26/src/lib.rs:1458:13: 1458:56 (#0)\",\n            \"dep_kind\": \"Control\"\n          },\n          \"explanation\": \"atomic::store is data/control dependent on atomic::load\"\n        }\n      }\n    ]\n[2025-03-07T13:15:03Z WARN  lockbud::callbacks] crate log contains bugs: { probably: 0, possibly: 0 }, conflictlock: { probably: 0, possibly: 0 }, condvar_deadlock: { probably: 0, possibly: 0 }, atomicity_violation: { possibly: 1 }, invalid_free: { possibly: 0 }, use_after_free: { possibly: 0 }\n   Compiling bit_field v0.10.2\n   Compiling nb v1.1.0\n   Compiling axconfig v0.1.0 (ssh://git@github.com/shilei-massclouds/axconfig.git#51b81e4a)\n   Compiling void v1.0.2\n   Compiling static_assertions v1.1.0\n   Compiling nb v0.1.3\n   Compiling riscv v0.10.1\n   Compiling sbi-spec v0.0.4\n   Compiling embedded-hal v0.2.7\n   Compiling critical-section v1.2.0\n   Compiling sbi-rt v0.0.2\n   Compiling early_console v0.1.0 (ssh://git@github.com/shilei-massclouds/early_console.git#8bc0d219)\n   Compiling kernel_guard_base v0.1.0 (ssh://git@github.com/shilei-massclouds/kernel_guard_base#4e672f3e)\n   Compiling bitflags v2.9.0\n   Compiling axerrno v0.1.0 (ssh://git@github.com/shilei-massclouds/axerrno#892169aa)\n   Compiling spinbase v0.1.0 (ssh://git@github.com/shilei-massclouds/spinbase#a3496db8)\n   Compiling percpu2 v0.1.0 (ssh://git@github.com/shilei-massclouds/percpu2#2fa7f00e)\n   Compiling svgbobdoc v0.3.0\n   Compiling axhal v0.1.0 (ssh://git@github.com/shilei-massclouds/axhal.git#db90ff50)\n   Compiling const-default v1.0.0\n   Compiling lazy_init v0.1.0 (ssh://git@github.com/shilei-massclouds/lazy_init#3cee00cf)\n   Compiling memory_addr v0.1.0 (ssh://git@github.com/shilei-massclouds/memory_addr#8d24a00e)\n   Compiling ratio v0.1.0 (ssh://git@github.com/shilei-massclouds/ratio#bc2f2303)\n   Compiling zerocopy v0.6.6\n   Compiling bitmap-allocator v0.1.0 (https://github.com/rcore-os/bitmap-allocator.git?rev=88e871a#88e871a5)\nerror[E0432]: unresolved imports `platform::getchar`, `platform::putchar`\n  --> /home/runner/.cargo/git/checkouts/early_console-27aa013ee5514833/8bc0d21/early_console/src/lib.rs:12:20\n   |\n12 | pub use platform::{getchar, putchar};\n   |                    ^^^^^^^  ^^^^^^^ no `putchar` in `platform`\n   |                    |\n   |                    no `getchar` in `platform`\n\nerror[E0433]: failed to resolve: unresolved import\n  --> /home/runner/.cargo/git/checkouts/early_console-27aa013ee5514833/8bc0d21/early_console/src/platform/dummy/mod.rs:31:69\n   |\n31 |     pub(crate) fn platform_regions() -> impl Iterator<Item = crate::mem::MemRegion> {\n   |                                                                     ^^^\n   |                                                                     |\n   |                                                                     unresolved import\n   |                                                                     help: a similar path exists: `core::mem`\n\nerror[E0425]: cannot find function `putchar` in module `platform`\n  --> /home/runner/.cargo/git/checkouts/early_console-27aa013ee5514833/8bc0d21/early_console/src/lib.rs:23:19\n   |\n23 |         platform::putchar(*c);\n   |                   ^^^^^^^ not found in `platform`\n   |\nhelp: consider importing this function\n   |\n12 + use crate::platform::console::putchar;\n   |\nhelp: if you import `putchar`, refer to it directly\n   |\n23 -         platform::putchar(*c);\n23 +         putchar(*c);\n   |\n\nerror[E0425]: cannot find function `getchar` in module `platform`\n  --> /home/runner/.cargo/git/checkouts/early_console-27aa013ee5514833/8bc0d21/early_console/src/lib.rs:31:36\n   |\n31 |         if let Some(c) = platform::getchar() {\n   |                                    ^^^^^^^ not found in `platform`\n   |\nhelp: consider importing this function\n   |\n12 + use crate::platform::console::getchar;\n   |\nhelp: if you import `getchar`, refer to it directly\n   |\n31 -         if let Some(c) = platform::getchar() {\n31 +         if let Some(c) = getchar() {\n   |\n\nSome errors have detailed explanations: E0425, E0432, E0433.\nFor more information about an error, try `rustc --explain E0425`.\nerror: could not compile `early_console` (lib) due to 4 previous errors\nwarning: build failed, waiting for other jobs to finish...\n"
            ]
          }
        },
        {
          "file": "(virtual) rapx",
          "features": "",
          "count": 3,
          "kinds": {
            "Cargo": [
              "// pkg_name=rt_driver_virtio, checker=Rapx\n// toolchain=nightly-2024-01-18, target=aarch64-unknown-none-softfloat\n// features=\n// pkg_dir=/home/runner/check/batch_58/shilei-massclouds/driver_virtio/rt_driver_virtio\n// cmd=cargo +nightly-2024-10-12 rapx -F -M -- --target aarch64-unknown-none-softfloat \n// timestamp=2025-02-16 21:47:13.004514494 +08:00:00\n   Compiling serde v1.0.217\n   Compiling hashbrown v0.15.2\n   Compiling equivalent v1.0.2\n   Compiling winnow v0.5.40\n   Compiling toml_datetime v0.6.8\n   Compiling proc-macro2 v1.0.93\n   Compiling indexmap v2.7.1\n   Compiling unicode-ident v1.0.16\n    Checking cfg-if v1.0.0\n    Checking log v0.4.25\n   Compiling quote v1.0.38\n   Compiling toml_edit v0.19.15\n   Compiling syn v2.0.98\n   Compiling syn v1.0.109\n    Checking bitflags v2.8.0\n    Checking kernel_guard_base v0.1.0 (ssh://git@github.com/shilei-massclouds/kernel_guard_base#4e672f3e)\n    Checking tock-registers v0.8.1\n   Compiling percpu2 v0.1.0 (ssh://git@github.com/shilei-massclouds/percpu2#2fa7f00e)\n   Compiling axerrno v0.1.0 (ssh://git@github.com/shilei-massclouds/axerrno#892169aa)\n    Checking aarch64-cpu v9.4.0\n    Checking spinbase v0.1.0 (ssh://git@github.com/shilei-massclouds/spinbase#a3496db8)\n   Compiling unicode-width v0.1.14\n   Compiling base64 v0.13.1\n   Compiling axconfig v0.1.0 (ssh://git@github.com/shilei-massclouds/axconfig.git#51b81e4a)\n    Checking byteorder v1.5.0\n    Checking const-default v1.0.0\n   Compiling early_console v0.1.0 (ssh://git@github.com/shilei-massclouds/early_console.git#8bc0d219)\n   Compiling axhal v0.1.0 (ssh://git@github.com/shilei-massclouds/axhal.git#db90ff50)\n    Checking static_assertions v1.1.0\n   Compiling svgbobdoc v0.3.0\nerror[E0583]: file not found for module `aarch64_common`\n --> /home/runner/.cargo/git/checkouts/early_console-7e3c35ca140a48a7/8bc0d21/early_console/src/platform/mod.rs:5:9\n  |\n5 |         mod aarch64_common;\n  |         ^^^^^^^^^^^^^^^^^^^\n  |\n  = help: to create the module `aarch64_common`, create file \"/home/runner/.cargo/git/checkouts/early_console-7e3c35ca140a48a7/8bc0d21/early_console/src/platform/aarch64_common.rs\" or \"/home/runner/.cargo/git/checkouts/early_console-7e3c35ca140a48a7/8bc0d21/early_console/src/platform/aarch64_common/mod.rs\"\n  = note: if there is a `mod aarch64_common` elsewhere in the crate already, import it with `use crate::...` instead\n\n    Checking bit_field v0.10.2\nerror[E0432]: unresolved imports `platform::getchar`, `platform::putchar`\n  --> /home/runner/.cargo/git/checkouts/early_console-7e3c35ca140a48a7/8bc0d21/early_console/src/lib.rs:12:20\n   |\n12 | pub use platform::{getchar, putchar};\n   |                    ^^^^^^^  ^^^^^^^ no `putchar` in `platform`\n   |                    |\n   |                    no `getchar` in `platform`\n\nerror[E0433]: failed to resolve: unresolved import\n  --> /home/runner/.cargo/git/checkouts/early_console-7e3c35ca140a48a7/8bc0d21/early_console/src/platform/dummy/mod.rs:31:69\n   |\n31 |     pub(crate) fn platform_regions() -> impl Iterator<Item = crate::mem::MemRegion> {\n   |                                                                     ^^^\n   |                                                                     |\n   |                                                                     unresolved import\n   |                                                                     help: a similar path exists: `core::mem`\n\nerror[E0425]: cannot find function `putchar` in module `platform`\n  --> /home/runner/.cargo/git/checkouts/early_console-7e3c35ca140a48a7/8bc0d21/early_console/src/lib.rs:23:19\n   |\n23 |         platform::putchar(*c);\n   |                   ^^^^^^^ not found in `platform`\n   |\nhelp: consider importing this function\n   |\n12 + use crate::platform::console::putchar;\n   |\nhelp: if you import `putchar`, refer to it directly\n   |\n23 -         platform::putchar(*c);\n23 +         putchar(*c);\n   |\n\nerror[E0425]: cannot find function `getchar` in module `platform`\n  --> /home/runner/.cargo/git/checkouts/early_console-7e3c35ca140a48a7/8bc0d21/early_console/src/lib.rs:31:36\n   |\n31 |         if let Some(c) = platform::getchar() {\n   |                                    ^^^^^^^ not found in `platform`\n   |\nhelp: consider importing this function\n   |\n12 + use crate::platform::console::getchar;\n   |\nhelp: if you import `getchar`, refer to it directly\n   |\n31 -         if let Some(c) = platform::getchar() {\n31 +         if let Some(c) = getchar() {\n   |\n\nSome errors have detailed explanations: E0425, E0432, E0433, E0583.\nFor more information about an error, try `rustc --explain E0425`.\nerror: could not compile `early_console` (lib) due to 5 previous errors\nwarning: build failed, waiting for other jobs to finish...\n13:47:20|RAP|ERROR|: Finished with non-zero exit code.\n",
              "// pkg_name=rt_driver_virtio, checker=Rapx\n// toolchain=nightly-2024-01-18, target=riscv64gc-unknown-none-elf\n// features=\n// pkg_dir=/home/runner/check/batch_58/shilei-massclouds/driver_virtio/rt_driver_virtio\n// cmd=cargo +nightly-2024-10-12 rapx -F -M -- --target riscv64gc-unknown-none-elf \n// timestamp=2025-02-16 21:47:20.759401821 +08:00:00\n   Compiling serde v1.0.217\n   Compiling equivalent v1.0.2\n   Compiling hashbrown v0.15.2\n   Compiling toml_datetime v0.6.8\n   Compiling winnow v0.5.40\n   Compiling proc-macro2 v1.0.93\n   Compiling indexmap v2.7.1\n   Compiling unicode-ident v1.0.16\n   Compiling quote v1.0.38\n    Checking cfg-if v1.0.0\n   Compiling syn v2.0.98\n    Checking log v0.4.25\n   Compiling toml_edit v0.19.15\n    Checking nb v1.1.0\n    Checking bit_field v0.10.2\n    Checking nb v0.1.3\n    Checking void v1.0.2\n   Compiling riscv v0.10.1\n    Checking static_assertions v1.1.0\n    Checking sbi-spec v0.0.4\n    Checking embedded-hal v0.2.7\n    Checking critical-section v1.2.0\n    Checking sbi-rt v0.0.2\n   Compiling syn v1.0.109\n    Checking kernel_guard_base v0.1.0 (ssh://git@github.com/shilei-massclouds/kernel_guard_base#4e672f3e)\n   Compiling axerrno v0.1.0 (ssh://git@github.com/shilei-massclouds/axerrno#892169aa)\n    Checking bitflags v2.8.0\n   Compiling percpu2 v0.1.0 (ssh://git@github.com/shilei-massclouds/percpu2#2fa7f00e)\n    Checking spinbase v0.1.0 (ssh://git@github.com/shilei-massclouds/spinbase#a3496db8)\n   Compiling base64 v0.13.1\n   Compiling unicode-width v0.1.14\n    Checking ratio v0.1.0 (ssh://git@github.com/shilei-massclouds/ratio#bc2f2303)\n    Checking byteorder v1.5.0\n    Checking const-default v1.0.0\n    Checking lazy_init v0.1.0 (ssh://git@github.com/shilei-massclouds/lazy_init#3cee00cf)\n    Checking memory_addr v0.1.0 (ssh://git@github.com/shilei-massclouds/memory_addr#8d24a00e)\n    Checking bitmap-allocator v0.1.0 (https://github.com/rcore-os/bitmap-allocator.git?rev=88e871a#88e871a5)\n    Checking bitflags v1.3.2\n    Checking driver_common v0.1.0 (ssh://git@github.com/shilei-massclouds/driver_common.git#2e86ed35)\n    Checking tock-registers v0.8.1\n    Checking aarch64-cpu v9.4.0\n   Compiling axconfig v0.1.0 (ssh://git@github.com/shilei-massclouds/axconfig.git#51b81e4a)\n   Compiling early_console v0.1.0 (ssh://git@github.com/shilei-massclouds/early_console.git#8bc0d219)\nerror[E0432]: unresolved imports `platform::getchar`, `platform::putchar`\n  --> /home/runner/.cargo/git/checkouts/early_console-7e3c35ca140a48a7/8bc0d21/early_console/src/lib.rs:12:20\n   |\n12 | pub use platform::{getchar, putchar};\n   |                    ^^^^^^^  ^^^^^^^ no `putchar` in `platform`\n   |                    |\n   |                    no `getchar` in `platform`\n\nerror[E0433]: failed to resolve: unresolved import\n  --> /home/runner/.cargo/git/checkouts/early_console-7e3c35ca140a48a7/8bc0d21/early_console/src/platform/dummy/mod.rs:31:69\n   |\n31 |     pub(crate) fn platform_regions() -> impl Iterator<Item = crate::mem::MemRegion> {\n   |                                                                     ^^^\n   |                                                                     |\n   |                                                                     unresolved import\n   |                                                                     help: a similar path exists: `core::mem`\n\nerror[E0425]: cannot find function `putchar` in module `platform`\n  --> /home/runner/.cargo/git/checkouts/early_console-7e3c35ca140a48a7/8bc0d21/early_console/src/lib.rs:23:19\n   |\n23 |         platform::putchar(*c);\n   |                   ^^^^^^^ not found in `platform`\n   |\nhelp: consider importing this function\n   |\n12 + use crate::platform::console::putchar;\n   |\nhelp: if you import `putchar`, refer to it directly\n   |\n23 -         platform::putchar(*c);\n23 +         putchar(*c);\n   |\n\nerror[E0425]: cannot find function `getchar` in module `platform`\n  --> /home/runner/.cargo/git/checkouts/early_console-7e3c35ca140a48a7/8bc0d21/early_console/src/lib.rs:31:36\n   |\n31 |         if let Some(c) = platform::getchar() {\n   |                                    ^^^^^^^ not found in `platform`\n   |\nhelp: consider importing this function\n   |\n12 + use crate::platform::console::getchar;\n   |\nhelp: if you import `getchar`, refer to it directly\n   |\n31 -         if let Some(c) = platform::getchar() {\n31 +         if let Some(c) = getchar() {\n   |\n\nSome errors have detailed explanations: E0425, E0432, E0433.\nFor more information about an error, try `rustc --explain E0425`.\nerror: could not compile `early_console` (lib) due to 4 previous errors\nwarning: build failed, waiting for other jobs to finish...\n13:47:29|RAP|ERROR|: Finished with non-zero exit code.\n",
              "// pkg_name=rt_driver_virtio, checker=Rapx\n// toolchain=nightly-2024-01-18, target=x86_64-unknown-none\n// features=\n// pkg_dir=/home/runner/check/batch_58/shilei-massclouds/driver_virtio/rt_driver_virtio\n// cmd=cargo +nightly-2024-10-12 rapx -F -M -- --target x86_64-unknown-none \n// timestamp=2025-02-16 21:47:29.135972588 +08:00:00\n   Compiling hashbrown v0.15.2\n   Compiling equivalent v1.0.2\n   Compiling serde v1.0.217\n   Compiling winnow v0.5.40\n   Compiling toml_datetime v0.6.8\n   Compiling proc-macro2 v1.0.93\n   Compiling indexmap v2.7.1\n   Compiling unicode-ident v1.0.16\n    Checking bit_field v0.10.2\n   Compiling quote v1.0.38\n   Compiling toml_edit v0.19.15\n    Checking cfg-if v1.0.0\n    Checking bitflags v1.3.2\n   Compiling syn v2.0.98\n   Compiling rustversion v1.0.19\n    Checking log v0.4.25\n    Checking bitflags v2.8.0\n    Checking volatile v0.4.6\n    Checking raw-cpuid v10.7.0\n    Checking x86_64 v0.14.13\nerror[E0053]: method `steps_between` has an incompatible type for trait\n   --> /home/runner/.cargo/registry/src/index.crates.io-6f17d22bba15001f/x86_64-0.14.13/src/addr.rs:387:51\n    |\n387 |     fn steps_between(start: &Self, end: &Self) -> (usize, Option<usize>) {\n    |                                                   ^^^^^^^^^^^^^^^^^^^^^^ expected `Option<usize>`, found `(usize, Option<usize>)`\n    |\n    = note: expected signature `fn(&addr::VirtAddr, &addr::VirtAddr) -> Option<usize>`\n               found signature `fn(&addr::VirtAddr, &addr::VirtAddr) -> (usize, Option<usize>)`\nhelp: change the output type to match the trait\n    |\n387 |     fn steps_between(start: &Self, end: &Self) -> Option<usize> {\n    |                                                   ~~~~~~~~~~~~~\n\nerror[E0053]: method `steps_between` has an incompatible type for trait\n   --> /home/runner/.cargo/registry/src/index.crates.io-6f17d22bba15001f/x86_64-0.14.13/src/structures/paging/page.rs:284:51\n    |\n284 |     fn steps_between(start: &Self, end: &Self) -> (usize, Option<usize>) {\n    |                                                   ^^^^^^^^^^^^^^^^^^^^^^ expected `Option<usize>`, found `(usize, Option<usize>)`\n    |\n    = note: expected signature `fn(&Page<_>, &Page<_>) -> Option<usize>`\n               found signature `fn(&Page<_>, &Page<_>) -> (usize, Option<usize>)`\nhelp: change the output type to match the trait\n    |\n284 |     fn steps_between(start: &Self, end: &Self) -> Option<usize> {\n    |                                                   ~~~~~~~~~~~~~\n\n   Compiling paste v1.0.15\nFor more information about this error, try `rustc --explain E0053`.\n   Compiling x86 v0.52.0\nerror: could not compile `x86_64` (lib) due to 2 previous errors\nwarning: build failed, waiting for other jobs to finish...\n13:47:35|RAP|ERROR|: Finished with non-zero exit code.\n"
            ]
          }
        }
      ]
    },
    {
      "user": "shilei-massclouds",
      "repo": "driver_virtio",
      "pkg": "driver_virtio",
      "count": 9,
      "raw_reports": [
        {
          "file": "(virtual) rapx",
          "features": "",
          "count": 3,
          "kinds": {
            "Cargo": [
              "// pkg_name=driver_virtio, checker=Rapx\n// toolchain=nightly-2024-01-18, target=aarch64-unknown-none-softfloat\n// features=\n// pkg_dir=/home/runner/check/batch_58/shilei-massclouds/driver_virtio/driver_virtio\n// cmd=cargo +nightly-2024-10-12 rapx -F -M -- --target aarch64-unknown-none-softfloat \n// timestamp=2025-02-16 21:47:10.703584613 +08:00:00\n   Compiling proc-macro2 v1.0.93\n   Compiling unicode-ident v1.0.16\n    Checking byteorder v1.5.0\n    Checking driver_common v0.1.0 (ssh://git@github.com/shilei-massclouds/driver_common.git#2e86ed35)\n    Checking bitflags v1.3.2\n    Checking log v0.4.25\n    Checking driver_block v0.1.0 (ssh://git@github.com/shilei-massclouds/driver_block.git#7ef4e9c6)\nerror[E0049]: method `device_type` has 1 const parameter but its trait declaration has 0 const parameters\n  --> /home/runner/.cargo/git/checkouts/driver_common-fa2dbf8873b7fe39/2e86ed3/driver_common/src/lib.rs:58:11\n   |\n58 | pub trait BaseDriverOps: Send + Sync {\n   |           ^^^^^^^^^^^^^ found 1 const parameter\n...\n63 |     fn device_type(&self) -> DeviceType;\n   |     ------------------------------------ expected 0 const parameters\n\nerror[E0049]: method `device_name` has 1 const parameter but its trait declaration has 0 const parameters\n  --> /home/runner/.cargo/git/checkouts/driver_common-fa2dbf8873b7fe39/2e86ed3/driver_common/src/lib.rs:58:11\n   |\n58 | pub trait BaseDriverOps: Send + Sync {\n   |           ^^^^^^^^^^^^^ found 1 const parameter\n59 |     /// The name of the device.\n60 |     fn device_name(&self) -> &str;\n   |     ------------------------------ expected 0 const parameters\n\nFor more information about this error, try `rustc --explain E0049`.\nerror: could not compile `driver_block` (lib) due to 2 previous errors\nwarning: build failed, waiting for other jobs to finish...\n13:47:11|RAP|ERROR|: Finished with non-zero exit code.\n",
              "// pkg_name=driver_virtio, checker=Rapx\n// toolchain=nightly-2024-01-18, target=riscv64gc-unknown-none-elf\n// features=\n// pkg_dir=/home/runner/check/batch_58/shilei-massclouds/driver_virtio/driver_virtio\n// cmd=cargo +nightly-2024-10-12 rapx -F -M -- --target riscv64gc-unknown-none-elf \n// timestamp=2025-02-16 21:47:11.483451794 +08:00:00\n   Compiling proc-macro2 v1.0.93\n   Compiling unicode-ident v1.0.16\n    Checking byteorder v1.5.0\n    Checking log v0.4.25\n    Checking bitflags v1.3.2\n    Checking driver_common v0.1.0 (ssh://git@github.com/shilei-massclouds/driver_common.git#2e86ed35)\n    Checking driver_block v0.1.0 (ssh://git@github.com/shilei-massclouds/driver_block.git#7ef4e9c6)\nerror[E0049]: method `device_type` has 1 const parameter but its trait declaration has 0 const parameters\n  --> /home/runner/.cargo/git/checkouts/driver_common-fa2dbf8873b7fe39/2e86ed3/driver_common/src/lib.rs:58:11\n   |\n58 | pub trait BaseDriverOps: Send + Sync {\n   |           ^^^^^^^^^^^^^ found 1 const parameter\n...\n63 |     fn device_type(&self) -> DeviceType;\n   |     ------------------------------------ expected 0 const parameters\n\nerror[E0049]: method `device_name` has 1 const parameter but its trait declaration has 0 const parameters\n  --> /home/runner/.cargo/git/checkouts/driver_common-fa2dbf8873b7fe39/2e86ed3/driver_common/src/lib.rs:58:11\n   |\n58 | pub trait BaseDriverOps: Send + Sync {\n   |           ^^^^^^^^^^^^^ found 1 const parameter\n59 |     /// The name of the device.\n60 |     fn device_name(&self) -> &str;\n   |     ------------------------------ expected 0 const parameters\n\nFor more information about this error, try `rustc --explain E0049`.\nerror: could not compile `driver_block` (lib) due to 2 previous errors\nwarning: build failed, waiting for other jobs to finish...\n13:47:12|RAP|ERROR|: Finished with non-zero exit code.\n",
              "// pkg_name=driver_virtio, checker=Rapx\n// toolchain=nightly-2024-01-18, target=x86_64-unknown-none\n// features=\n// pkg_dir=/home/runner/check/batch_58/shilei-massclouds/driver_virtio/driver_virtio\n// cmd=cargo +nightly-2024-10-12 rapx -F -M -- --target x86_64-unknown-none \n// timestamp=2025-02-16 21:47:12.311984389 +08:00:00\n   Compiling proc-macro2 v1.0.93\n   Compiling unicode-ident v1.0.16\n    Checking byteorder v1.5.0\n    Checking bitflags v1.3.2\n    Checking driver_common v0.1.0 (ssh://git@github.com/shilei-massclouds/driver_common.git#2e86ed35)\n    Checking log v0.4.25\n    Checking driver_block v0.1.0 (ssh://git@github.com/shilei-massclouds/driver_block.git#7ef4e9c6)\nerror[E0049]: method `device_type` has 1 const parameter but its trait declaration has 0 const parameters\n  --> /home/runner/.cargo/git/checkouts/driver_common-fa2dbf8873b7fe39/2e86ed3/driver_common/src/lib.rs:58:11\n   |\n58 | pub trait BaseDriverOps: Send + Sync {\n   |           ^^^^^^^^^^^^^ found 1 const parameter\n...\n63 |     fn device_type(&self) -> DeviceType;\n   |     ------------------------------------ expected 0 const parameters\n\nerror[E0049]: method `device_name` has 1 const parameter but its trait declaration has 0 const parameters\n  --> /home/runner/.cargo/git/checkouts/driver_common-fa2dbf8873b7fe39/2e86ed3/driver_common/src/lib.rs:58:11\n   |\n58 | pub trait BaseDriverOps: Send + Sync {\n   |           ^^^^^^^^^^^^^ found 1 const parameter\n59 |     /// The name of the device.\n60 |     fn device_name(&self) -> &str;\n   |     ------------------------------ expected 0 const parameters\n\nFor more information about this error, try `rustc --explain E0049`.\nerror: could not compile `driver_block` (lib) due to 2 previous errors\nwarning: build failed, waiting for other jobs to finish...\n13:47:12|RAP|ERROR|: Finished with non-zero exit code.\n"
            ]
          }
        },
        {
          "file": "(virtual) semver-checks",
          "features": "",
          "count": 3,
          "kinds": {
            "Cargo": [
              "// pkg_name=driver_virtio, checker=SemverChecks\n// toolchain=nightly-2024-01-18, target=aarch64-unknown-none-softfloat\n// features=\n// pkg_dir=/home/runner/check/batch_59/shilei-massclouds/driver_virtio/driver_virtio\n// cmd=cargo +nightly-2025-01-26-x86_64-unknown-linux-gnu semver-checks --target aarch64-unknown-none-softfloat \n// timestamp=2025-03-07 17:10:59.609562537 +08:00:00\n    Building driver_virtio v0.1.0 (current)\nerror: running cargo-doc on crate 'driver_virtio' failed with output:\n-----\n   Compiling proc-macro2 v1.0.94\n   Compiling unicode-ident v1.0.18\n    Checking byteorder v1.5.0\n    Checking log v0.4.26\nerror[E0463]: can't find crate for `core`\n  |\n  = note: the `aarch64-unknown-none-softfloat` target may not be installed\n  = help: consider downloading the target with `rustup target add aarch64-unknown-none-softfloat`\n  = help: consider building the standard library from source with `cargo build -Zbuild-std`\n\nFor more information about this error, try `rustc --explain E0463`.\nerror: could not compile `byteorder` (lib) due to 1 previous error\nwarning: build failed, waiting for other jobs to finish...\nerror: could not compile `log` (lib) due to 1 previous error\n\n-----\n\nerror: failed to build rustdoc for crate driver_virtio v0.1.0\nnote: this is usually due to a compilation error in the crate,\n      and is unlikely to be a bug in cargo-semver-checks\nnote: the following command can be used to reproduce the compilation error:\n      cargo new --lib example &&\n          cd example &&\n          echo '[workspace]' >> Cargo.toml &&\n          cargo add --path /home/runner/check/batch_59/shilei-massclouds/driver_virtio/driver_virtio --features block,default &&\n          cargo check\n\nerror: aborting due to failure to build rustdoc for crate driver_virtio v0.1.0\n",
              "// pkg_name=driver_virtio, checker=SemverChecks\n// toolchain=nightly-2024-01-18, target=x86_64-unknown-none\n// features=\n// pkg_dir=/home/runner/check/batch_59/shilei-massclouds/driver_virtio/driver_virtio\n// cmd=cargo +nightly-2025-01-26-x86_64-unknown-linux-gnu semver-checks --target x86_64-unknown-none \n// timestamp=2025-03-07 17:11:07.335966956 +08:00:00\n    Building driver_virtio v0.1.0 (current)\n       Built [   0.961s] (current)\n     Parsing driver_virtio v0.1.0 (current)\n      Parsed [   0.001s] (current)\nerror: driver_virtio not found in registry (crates.io). For workarounds check https://github.com/obi1kenobi/cargo-semver-checks#does-the-crate-im-checking-have-to-be-published-on-cratesio\n",
              "// pkg_name=driver_virtio, checker=SemverChecks\n// toolchain=nightly-2024-01-18, target=riscv64gc-unknown-none-elf\n// features=\n// pkg_dir=/home/runner/check/batch_59/shilei-massclouds/driver_virtio/driver_virtio\n// cmd=cargo +nightly-2025-01-26-x86_64-unknown-linux-gnu semver-checks --target riscv64gc-unknown-none-elf \n// timestamp=2025-03-07 17:11:02.062556224 +08:00:00\n    Building driver_virtio v0.1.0 (current)\n       Built [   3.035s] (current)\n     Parsing driver_virtio v0.1.0 (current)\n      Parsed [   0.001s] (current)\nerror: driver_virtio not found in registry (crates.io). For workarounds check https://github.com/obi1kenobi/cargo-semver-checks#does-the-crate-im-checking-have-to-be-published-on-cratesio\n"
            ]
          }
        },
        {
          "file": "[semver checks]",
          "features": "",
          "count": 3,
          "kinds": {
            "Semver Violation": [
              "pkg=driver_virtio, checker=SemverChecks\ntoolchain=nightly-2024-01-18, target=x86_64-unknown-none\nfeatures=\npkg_dir=/home/runner/check/batch_59/shilei-massclouds/driver_virtio/driver_virtio\ncmd=cargo +nightly-2025-01-26-x86_64-unknown-linux-gnu semver-checks --target x86_64-unknown-none \ntimestamp=2025-03-07 17:11:10.379514006 +08:00:00\n\n\nstdout:\n\nstderr:\n    Building driver_virtio v0.1.0 (current)\n       Built [   0.961s] (current)\n     Parsing driver_virtio v0.1.0 (current)\n      Parsed [   0.001s] (current)\nerror: driver_virtio not found in registry (crates.io). For workarounds check https://github.com/obi1kenobi/cargo-semver-checks#does-the-crate-im-checking-have-to-be-published-on-cratesio\n",
              "pkg=driver_virtio, checker=SemverChecks\ntoolchain=nightly-2024-01-18, target=aarch64-unknown-none-softfloat\nfeatures=\npkg_dir=/home/runner/check/batch_59/shilei-massclouds/driver_virtio/driver_virtio\ncmd=cargo +nightly-2025-01-26-x86_64-unknown-linux-gnu semver-checks --target aarch64-unknown-none-softfloat \ntimestamp=2025-03-07 17:11:02.060924329 +08:00:00\n\n\nstdout:\n\nstderr:\n    Building driver_virtio v0.1.0 (current)\nerror: running cargo-doc on crate 'driver_virtio' failed with output:\n-----\n   Compiling proc-macro2 v1.0.94\n   Compiling unicode-ident v1.0.18\n    Checking byteorder v1.5.0\n    Checking log v0.4.26\nerror[E0463]: can't find crate for `core`\n  |\n  = note: the `aarch64-unknown-none-softfloat` target may not be installed\n  = help: consider downloading the target with `rustup target add aarch64-unknown-none-softfloat`\n  = help: consider building the standard library from source with `cargo build -Zbuild-std`\n\nFor more information about this error, try `rustc --explain E0463`.\nerror: could not compile `byteorder` (lib) due to 1 previous error\nwarning: build failed, waiting for other jobs to finish...\nerror: could not compile `log` (lib) due to 1 previous error\n\n-----\n\nerror: failed to build rustdoc for crate driver_virtio v0.1.0\nnote: this is usually due to a compilation error in the crate,\n      and is unlikely to be a bug in cargo-semver-checks\nnote: the following command can be used to reproduce the compilation error:\n      cargo new --lib example &&\n          cd example &&\n          echo '[workspace]' >> Cargo.toml &&\n          cargo add --path /home/runner/check/batch_59/shilei-massclouds/driver_virtio/driver_virtio --features block,default &&\n          cargo check\n\nerror: aborting due to failure to build rustdoc for crate driver_virtio v0.1.0\n",
              "pkg=driver_virtio, checker=SemverChecks\ntoolchain=nightly-2024-01-18, target=riscv64gc-unknown-none-elf\nfeatures=\npkg_dir=/home/runner/check/batch_59/shilei-massclouds/driver_virtio/driver_virtio\ncmd=cargo +nightly-2025-01-26-x86_64-unknown-linux-gnu semver-checks --target riscv64gc-unknown-none-elf \ntimestamp=2025-03-07 17:11:07.334314733 +08:00:00\n\n\nstdout:\n\nstderr:\n    Building driver_virtio v0.1.0 (current)\n       Built [   3.035s] (current)\n     Parsing driver_virtio v0.1.0 (current)\n      Parsed [   0.001s] (current)\nerror: driver_virtio not found in registry (crates.io). For workarounds check https://github.com/obi1kenobi/cargo-semver-checks#does-the-crate-im-checking-have-to-be-published-on-cratesio\n"
            ]
          }
        }
      ]
    }
  ],
  "kinds_order": [
    "Cargo",
    "Clippy(Error)",
    "Clippy(Warn)",
    "Semver Violation",
    "Audit",
    "Mirai",
    "Rapx",
    "Rudra",
    "Lockbud(Probably)",
    "Lockbud(Possibly)",
    "Outdated",
    "Geiger",
    "Unformatted"
  ]
}