{"repo":{"user":"arceos-hypervisor","repo":"axdevice"},"data":[{"user":"arceos-hypervisor","repo":"axdevice","pkg":"axdevice","count":4,"raw_reports":[{"file":"(virtual) semver-checks","count":1,"kinds":{"Cargo":["// pkg_name=axdevice, checker=SemverChecks\n// toolchain=nightly-2024-05-02, target=x86_64-unknown-linux-gnu\n// pkg_dir=/home/runner/check/batch_3/arceos-hypervisor/axdevice\n// cmd=cargo +nightly-2024-12-26-x86_64-unknown-linux-gnu semver-checks --target x86_64-unknown-linux-gnu\n// timestamp=2024-12-29 8:10:53.327889772 +08:00:00\n    Building axdevice v0.1.0 (current)\nerror: running cargo-doc on crate 'axdevice' failed with output:\n-----\n   Compiling proc-macro2 v1.0.92\n   Compiling unicode-ident v1.0.14\n   Compiling libc v0.2.169\n   Compiling crunchy v0.2.2\n   Compiling tiny-keccak v2.0.2\n   Compiling serde v1.0.217\n   Compiling cfg-if v1.0.0\n   Compiling rustversion v1.0.19\n   Compiling once_cell v1.20.2\n   Compiling version_check v0.9.5\n   Compiling quote v1.0.38\n   Compiling syn v2.0.93\n   Compiling ahash v0.8.11\n   Compiling getrandom v0.2.15\n    Checking bit_field v0.10.2\n   Compiling const-random-macro v0.1.16\n    Checking zerocopy v0.7.35\n    Checking log v0.4.22\n    Checking const-random v0.1.18\n    Checking volatile v0.4.6\n    Checking bitflags v2.6.0\n   Compiling x86 v0.52.0\n    Checking bitflags v1.3.2\n   Compiling axerrno v0.1.0\n    Checking memory_addr v0.3.1\n    Checking x86_64 v0.15.1\n    Checking raw-cpuid v10.7.0\nerror[E0053]: method `steps_between` has an incompatible type for trait\n   --> /home/runner/.cargo/registry/src/index.crates.io-1949cf8c6b5b557f/x86_64-0.15.1/src/addr.rs:362:51\n    |\n362 |     fn steps_between(start: &Self, end: &Self) -> Option<usize> {\n    |                                                   ^^^^^^^^^^^^^ expected `(usize, Option<usize>)`, found `Option<usize>`\n    |\n    = note: expected signature `fn(&addr::VirtAddr, &addr::VirtAddr) -> (usize, Option<usize>)`\n               found signature `fn(&addr::VirtAddr, &addr::VirtAddr) -> Option<usize>`\nhelp: change the output type to match the trait\n    |\n362 |     fn steps_between(start: &Self, end: &Self) -> (usize, Option<usize>) {\n    |                                                   ~~~~~~~~~~~~~~~~~~~~~~\n\n    Checking hashbrown v0.15.2\nerror[E0053]: method `steps_between` has an incompatible type for trait\n   --> /home/runner/.cargo/registry/src/index.crates.io-1949cf8c6b5b557f/x86_64-0.15.1/src/structures/paging/page.rs:294:51\n    |\n294 |     fn steps_between(start: &Self, end: &Self) -> Option<usize> {\n    |                                                   ^^^^^^^^^^^^^ expected `(usize, Option<usize>)`, found `Option<usize>`\n    |\n    = note: expected signature `fn(&Page<_>, &Page<_>) -> (usize, Option<usize>)`\n               found signature `fn(&Page<_>, &Page<_>) -> Option<usize>`\nhelp: change the output type to match the trait\n    |\n294 |     fn steps_between(start: &Self, end: &Self) -> (usize, Option<usize>) {\n    |                                                   ~~~~~~~~~~~~~~~~~~~~~~\n\nerror[E0053]: method `steps_between` has an incompatible type for trait\n   --> /home/runner/.cargo/registry/src/index.crates.io-1949cf8c6b5b557f/x86_64-0.15.1/src/structures/paging/page_table.rs:349:51\n    |\n349 |     fn steps_between(start: &Self, end: &Self) -> Option<usize> {\n    |                                                   ^^^^^^^^^^^^^ expected `(usize, Option<usize>)`, found `Option<usize>`\n    |\n    = note: expected signature `fn(&PageTableIndex, &PageTableIndex) -> (usize, Option<usize>)`\n               found signature `fn(&PageTableIndex, &PageTableIndex) -> Option<usize>`\nhelp: change the output type to match the trait\n    |\n349 |     fn steps_between(start: &Self, end: &Self) -> (usize, Option<usize>) {\n    |                                                   ~~~~~~~~~~~~~~~~~~~~~~\n\n    Checking equivalent v1.0.1\n    Checking allocator-api2 v0.2.21\nFor more information about this error, try `rustc --explain E0053`.\nerror: could not compile `x86_64` (lib) due to 3 previous errors\nwarning: build failed, waiting for other jobs to finish...\n\n-----\n\nerror: failed to build rustdoc for crate axdevice v0.1.0\nnote: this is usually due to a compilation error in the crate,\n      and is unlikely to be a bug in cargo-semver-checks\nnote: the following command can be used to reproduce the compilation error:\n      cargo new --lib example &&\n          cd example &&\n          echo '[workspace]' >> Cargo.toml &&\n          cargo add --path /home/runner/check/batch_3/arceos-hypervisor/axdevice &&\n          cargo check\n\nerror: aborting due to failure to build rustdoc for crate axdevice v0.1.0\n"]}},{"file":"[lockbud] Not supported to display yet.","count":1,"kinds":{"Lockbud(Possibly)":["[2024-12-29T00:10:59Z WARN  lockbud::callbacks] [\n      {\n        \"AtomicityViolation\": {\n          \"bug_kind\": \"AtomicityViolation\",\n          \"possibility\": \"Possibly\",\n          \"diagnosis\": {\n            \"fn_name\": \"lazy::LazyUsize::unsync_init\",\n            \"atomic_reader\": \"/home/runner/.cargo/registry/src/index.crates.io-6f17d22bba15001f/getrandom-0.2.15/src/lazy.rs:36:23: 36:43 (#0)\",\n            \"atomic_writer\": \"/home/runner/.cargo/registry/src/index.crates.io-6f17d22bba15001f/getrandom-0.2.15/src/lazy.rs:39:13: 39:39 (#0)\",\n            \"dep_kind\": \"Both\"\n          },\n          \"explanation\": \"atomic::store is data/control dependent on atomic::load\"\n        }\n      }\n    ]\n[2024-12-29T00:10:59Z WARN  lockbud::callbacks] crate getrandom contains bugs: { probably: 0, possibly: 0 }, conflictlock: { probably: 0, possibly: 0 }, condvar_deadlock: { probably: 0, possibly: 0 }, atomicity_violation: { possibly: 1 }, invalid_free: { possibly: 0 }, use_after_free: { possibly: 0 }\n[2024-12-29T00:11:23Z WARN  lockbud::callbacks] [\n      {\n        \"AtomicityViolation\": {\n          \"bug_kind\": \"AtomicityViolation\",\n          \"possibility\": \"Possibly\",\n          \"diagnosis\": {\n            \"fn_name\": \"set_logger_racy\",\n            \"atomic_reader\": \"/home/runner/.cargo/registry/src/index.crates.io-6f17d22bba15001f/log-0.4.22/src/lib.rs:1447:11: 1447:40 (#0)\",\n            \"atomic_writer\": \"/home/runner/.cargo/registry/src/index.crates.io-6f17d22bba15001f/log-0.4.22/src/lib.rs:1450:13: 1450:56 (#0)\",\n            \"dep_kind\": \"Control\"\n          },\n          \"explanation\": \"atomic::store is data/control dependent on atomic::load\"\n        }\n      }\n    ]\n[2024-12-29T00:11:23Z WARN  lockbud::callbacks] crate log contains bugs: { probably: 0, possibly: 0 }, conflictlock: { probably: 0, possibly: 0 }, condvar_deadlock: { probably: 0, possibly: 0 }, atomicity_violation: { possibly: 1 }, invalid_free: { possibly: 0 }, use_after_free: { possibly: 0 }"]}},{"file":"[semver checks]","count":1,"kinds":{"Semver Violation":["pkg=axdevice, checker=SemverChecks\ntoolchain=nightly-2024-05-02, target=x86_64-unknown-linux-gnu\npkg_dir=/home/runner/check/batch_3/arceos-hypervisor/axdevice\ncmd=cargo +nightly-2024-12-26-x86_64-unknown-linux-gnu semver-checks --target x86_64-unknown-linux-gnu\n\n\nstdout:\n\nstderr:\n    Building axdevice v0.1.0 (current)\nerror: running cargo-doc on crate 'axdevice' failed with output:\n-----\n   Compiling proc-macro2 v1.0.92\n   Compiling unicode-ident v1.0.14\n   Compiling libc v0.2.169\n   Compiling crunchy v0.2.2\n   Compiling tiny-keccak v2.0.2\n   Compiling serde v1.0.217\n   Compiling cfg-if v1.0.0\n   Compiling rustversion v1.0.19\n   Compiling once_cell v1.20.2\n   Compiling version_check v0.9.5\n   Compiling quote v1.0.38\n   Compiling syn v2.0.93\n   Compiling ahash v0.8.11\n   Compiling getrandom v0.2.15\n    Checking bit_field v0.10.2\n   Compiling const-random-macro v0.1.16\n    Checking zerocopy v0.7.35\n    Checking log v0.4.22\n    Checking const-random v0.1.18\n    Checking volatile v0.4.6\n    Checking bitflags v2.6.0\n   Compiling x86 v0.52.0\n    Checking bitflags v1.3.2\n   Compiling axerrno v0.1.0\n    Checking memory_addr v0.3.1\n    Checking x86_64 v0.15.1\n    Checking raw-cpuid v10.7.0\nerror[E0053]: method `steps_between` has an incompatible type for trait\n   --> /home/runner/.cargo/registry/src/index.crates.io-1949cf8c6b5b557f/x86_64-0.15.1/src/addr.rs:362:51\n    |\n362 |     fn steps_between(start: &Self, end: &Self) -> Option<usize> {\n    |                                                   ^^^^^^^^^^^^^ expected `(usize, Option<usize>)`, found `Option<usize>`\n    |\n    = note: expected signature `fn(&addr::VirtAddr, &addr::VirtAddr) -> (usize, Option<usize>)`\n               found signature `fn(&addr::VirtAddr, &addr::VirtAddr) -> Option<usize>`\nhelp: change the output type to match the trait\n    |\n362 |     fn steps_between(start: &Self, end: &Self) -> (usize, Option<usize>) {\n    |                                                   ~~~~~~~~~~~~~~~~~~~~~~\n\n    Checking hashbrown v0.15.2\nerror[E0053]: method `steps_between` has an incompatible type for trait\n   --> /home/runner/.cargo/registry/src/index.crates.io-1949cf8c6b5b557f/x86_64-0.15.1/src/structures/paging/page.rs:294:51\n    |\n294 |     fn steps_between(start: &Self, end: &Self) -> Option<usize> {\n    |                                                   ^^^^^^^^^^^^^ expected `(usize, Option<usize>)`, found `Option<usize>`\n    |\n    = note: expected signature `fn(&Page<_>, &Page<_>) -> (usize, Option<usize>)`\n               found signature `fn(&Page<_>, &Page<_>) -> Option<usize>`\nhelp: change the output type to match the trait\n    |\n294 |     fn steps_between(start: &Self, end: &Self) -> (usize, Option<usize>) {\n    |                                                   ~~~~~~~~~~~~~~~~~~~~~~\n\nerror[E0053]: method `steps_between` has an incompatible type for trait\n   --> /home/runner/.cargo/registry/src/index.crates.io-1949cf8c6b5b557f/x86_64-0.15.1/src/structures/paging/page_table.rs:349:51\n    |\n349 |     fn steps_between(start: &Self, end: &Self) -> Option<usize> {\n    |                                                   ^^^^^^^^^^^^^ expected `(usize, Option<usize>)`, found `Option<usize>`\n    |\n    = note: expected signature `fn(&PageTableIndex, &PageTableIndex) -> (usize, Option<usize>)`\n               found signature `fn(&PageTableIndex, &PageTableIndex) -> Option<usize>`\nhelp: change the output type to match the trait\n    |\n349 |     fn steps_between(start: &Self, end: &Self) -> (usize, Option<usize>) {\n    |                                                   ~~~~~~~~~~~~~~~~~~~~~~\n\n    Checking equivalent v1.0.1\n    Checking allocator-api2 v0.2.21\nFor more information about this error, try `rustc --explain E0053`.\nerror: could not compile `x86_64` (lib) due to 3 previous errors\nwarning: build failed, waiting for other jobs to finish...\n\n-----\n\nerror: failed to build rustdoc for crate axdevice v0.1.0\nnote: this is usually due to a compilation error in the crate,\n      and is unlikely to be a bug in cargo-semver-checks\nnote: the following command can be used to reproduce the compilation error:\n      cargo new --lib example &&\n          cd example &&\n          echo '[workspace]' >> Cargo.toml &&\n          cargo add --path /home/runner/check/batch_3/arceos-hypervisor/axdevice &&\n          cargo check\n\nerror: aborting due to failure to build rustdoc for crate axdevice v0.1.0\n"]}},{"file":"src/device.rs","count":1,"kinds":{"Clippy(Warn)":["warning: writing `&Vec` instead of `&[_]` involves a new object where a slice will do\n  --> src/device.rs:31:45\n   |\n31 |     fn init(_this: &mut Self, _emu_configs: &Vec<EmulatedDeviceConfig>) {\n   |                                             ^^^^^^^^^^^^^^^^^^^^^^^^^^ help: change this to: `&[EmulatedDeviceConfig]`\n   |\n   = help: for further information visit https://rust-lang.github.io/rust-clippy/master/index.html#ptr_arg\n   = note: `#[warn(clippy::ptr_arg)]` on by default\n\n"]}}]}],"kinds_order":["Cargo","Clippy(Error)","Clippy(Warn)","Semver Violation","Audit","Mirai","Rap","Rudra","Lockbud(Probably)","Lockbud(Possibly)","Outdated","Geiger","Unformatted"]}